<?xml version="1.0" encoding="UTF-8" ?>
<testsuite errors="0" failures="0" hostname="travis-job-22996f26-67bf-4298-aaf0-bfee007aa5d6" name="ptolemy.domains.de.test.junit.JUnitTclTest" skipped="0" tests="101" time="131.367" timestamp="2019-04-13T04:01:31">
  <properties>
    <property name="npm.executable" value="npm" />
    <property name="file.encoding.pkg" value="sun.io" />
    <property name="env.TRAVIS_ROOT" value="/" />
    <property name="ptII.mk.exists" value="true" />
    <property name="env.TRAVIS_APP_HOST" value="build.travis-ci.org" />
    <property name="env.rvm_bin_path" value="/home/travis/.rvm/bin" />
    <property name="java.home" value="/usr/lib/jvm/java-8-oracle/jre" />
    <property name="env.TRAVIS_JOB_NUMBER" value="1087.9" />
    <property name="env.TRAVIS_HOME" value="/home/travis" />
    <property name="env.DISPLAY" value=":99.0" />
    <property name="java.net.preferIPv4Stack" value="true" />
    <property name="env.TRAVIS_INIT" value="upstart" />
    <property name="env.SSH_TTY" value="/dev/pts/0" />
    <property name="env.RUN_TESTS" value="true" />
    <property name="timeout.short" value="1000000" />
    <property name="env.TRAVIS_JOB_NAME" value="" />
    <property name="env.TRAVIS_STACK_NODE_ATTRIBUTES" value="/.node-attributes.yml" />
    <property name="junit.formatter" value="xml" />
    <property name="java.endorsed.dirs" value="/usr/lib/jvm/java-8-oracle/jre/lib/endorsed" />
    <property name="env.TRAVIS_SUDO" value="true" />
    <property name="env.LOGNAME" value="travis" />
    <property name="jsdoc.home" value="node_modules/@terraswarm/jsdoc" />
    <property name="debuglevel" value="source,lines,vars" />
    <property name="checkstyle.formatter" value="xml" />
    <property name="bin.vergil.makeable" value="true" />
    <property name="env._system_version" value="14.04" />
    <property name="sun.os.patch.level" value="unknown" />
    <property name="java.vendor.url" value="http://java.oracle.com/" />
    <property name="env.TRAVIS_BUILD_WEB_URL" value="https://travis-ci.org/icyphy/ptII/builds/519539402" />
    <property name="java.version" value="1.8.0_151" />
    <property name="env.TZ" value="UTC" />
    <property name="env.PT_NO_NET" value="true" />
    <property name="env.TRAVIS_PULL_REQUEST_SHA" value="" />
    <property name="env.TRAVIS_SECURE_ENV_VARS" value="true" />
    <property name="env._system_type" value="Linux" />
    <property name="java.vendor.url.bug" value="http://bugreport.sun.com/bugreport/" />
    <property name="env.SSH_CLIENT" value="10.10.4.17 59012 22" />
    <property name="npmjs-org-is-up" value="true" />
    <property name="env.GEM_HOME" value="/home/travis/.rvm/gems/ruby-2.4.1" />
    <property name="env.HAS_ANTARES_THREE_LITTLE_FRONZIES_BADGE" value="true" />
    <property name="env.PS4" value="+" />
    <property name="ant.project.invoked-targets" value="build,test.core2.xml" />
    <property name="env.TRAVIS_PULL_REQUEST_BRANCH" value="" />
    <property name="env.TRAVIS_REPO_SLUG" value="icyphy/ptII" />
    <property name="env.TRAVIS_APT_PROXY" value="http://build-cache.travisci.net" />
    <property name="node.in.path" value="true" />
    <property name="java.maxmemory" value="1400m" />
    <property name="env.RUBY_VERSION" value="ruby-2.4.1" />
    <property name="user.name" value="travis" />
    <property name="env.LANG" value="en_US.UTF-8" />
    <property name="sun.io.unicode.encoding" value="UnicodeLittle" />
    <property name="sun.jnu.encoding" value="UTF-8" />
    <property name="java.runtime.name" value="Java(TM) SE Runtime Environment" />
    <property name="usefile" value="false" />
    <property name="return.code" value="0" />
    <property name="junit.single.formatter" value="plain" />
    <property name="env.DYLD_LIBRARY_PATH" value="/home/travis/pthla/certi-tools/lib:" />
    <property name="env.DEBIAN_FRONTEND" value="noninteractive" />
    <property name="env.SSH_CONNECTION" value="10.10.4.17 59012 10.20.0.153 22" />
    <property name="env.MYSQL_UNIX_PORT" value="/var/run/mysqld/mysqld.sock" />
    <property name="env.TRAVIS_ALLOW_FAILURE" value="false" />
    <property name="env.LC_ALL" value="en_US.UTF-8" />
    <property name="env.TRAVIS_JOB_WEB_URL" value="https://travis-ci.org/icyphy/ptII/jobs/519539411" />
    <property name="java.specification.name" value="Java Platform API Specification" />
    <property name="node.works" value="true" />
    <property name="user.timezone" value="" />
    <property name="path.separator" value=":" />
    <property name="env.TRAVIS_ENABLE_INFRA_DETECTION" value="true" />
    <property name="env.PYTHON_CFLAGS" value="-g -fstack-protector --param=ssp-buffer-size=4 -Wformat -Werror=format-security" />
    <property name="timeout.long" value="4000000" />
    <property name="env.CERTI_HOME" value="/home/travis/pthla/certi-tools" />
    <property name="file.encoding" value="UTF-8" />
    <property name="ant.file.ptII" value="/home/travis/build/icyphy/ptII/build.xml" />
    <property name="javadoc.packagenames" value="com.*,diva.*,lbnl.*,org.hlacerti.*,org.json.*,org.ptolemy.*,org.terraswarm.*,ptolemy.*,ptserver.*" />
    <property name="env.TRAVIS_PULL_REQUEST_SLUG" value="" />
    <property name="ant.project.default-target" value="build" />
    <property name="env.GIT_ASKPASS" value="echo" />
    <property name="env.HOME" value="/home/travis" />
    <property name="sun.java.command" value="org.apache.tools.ant.taskdefs.optional.junit.JUnitTestRunner ptolemy.domains.de.test.junit.JUnitTclTest skipNonTests=false filtertrace=true haltOnError=false haltOnFailure=false formatter=org.apache.tools.ant.taskdefs.optional.junit.OutErrSummaryJUnitResultFormatter showoutput=true outputtoformatters=true logfailedtests=true threadid=0 logtestlistenerevents=false formatter=org.apache.tools.ant.taskdefs.optional.junit.XMLJUnitResultFormatter,/home/travis/build/icyphy/ptII/reports/junit/TEST-ptolemy.domains.de.test.junit.JUnitTclTest.xml crashfile=/home/travis/build/icyphy/ptII/junitvmwatcher5402957644734922521.properties propsfile=/home/travis/build/icyphy/ptII/junit5372975471653720603.properties" />
    <property name="env.MANPATH" value="/home/travis/.nvm/versions/node/v7.10.1/share/man:/home/travis/.kiex/elixirs/elixir-1.4.5/man:/home/travis/.rvm/rubies/ruby-2.4.1/share/man:/usr/local/man:/usr/local/cmake-3.9.2/man:/usr/local/clang-5.0.0/share/man:/usr/local/share/man:/usr/share/man:/home/travis/.rvm/man" />
    <property name="env.COMPOSER_NO_INTERACTION" value="1" />
    <property name="env.JDK_SWITCHER_DEFAULT" value="oraclejdk8" />
    <property name="env.TRAVIS_TIMER_ID" value="0a6481fc" />
    <property name="ant.file" value="/home/travis/build/icyphy/ptII/build.xml" />
    <property name="env.TRAVIS_COMMIT_RANGE" value="405002c6a29ccb964573ebfc03c49394c90a3a58...3d6a7c638f166608a27885e62bff14e707681c86" />
    <property name="env._system_name" value="Ubuntu" />
    <property name="timeout" value="2400000" />
    <property name="ptII.classpath.optional.property" value="/home/travis/build/icyphy/ptII/lib/bsh-2.0b4.jar:/home/travis/build/icyphy/ptII/lib/ptCal.jar:/home/travis/build/icyphy/ptII/lib/java_cup.jar:/home/travis/build/icyphy/ptII/lib/saxon8.jar:/home/travis/build/icyphy/ptII/lib/saxon8-dom.jar:/home/travis/build/icyphy/ptII/lib/chic.jar:/home/travis/build/icyphy/ptII/lib/ptcolt.jar:/usr/lib/jvm/java-8-oracle/lib/tools.jar:/home/travis/build/icyphy/ptII/vendors/misc/itext/iText.jar:/home/travis/build/icyphy/ptII/lib/g4ltl.jar:/home/travis/build/icyphy/ptII/lib/StructuralCoder.jar:/home/travis/build/icyphy/ptII/vendors/jai-1_1_2_01/lib/jai_core.jar:/home/travis/build/icyphy/ptII/vendors/jai-1_1_2_01/lib/jai_codec.jar:/home/travis/build/icyphy/ptII/lib/jcerti.jar:/home/travis/build/icyphy/ptII/lib/javax.mail.jar:/home/travis/build/icyphy/ptII/vendors/JMF-2.1.1e/lib/jmf.jar:/home/travis/build/icyphy/ptII/lib/jna-4.0.0-variadic.jar:/home/travis/build/icyphy/ptII/vendors/misc/joystick/Joystick.jar:/home/travis/build/icyphy/ptII/lib/ptjacl.jar:/home/travis/build/icyphy/ptII/lib/jsoup-1.8.2.jar:/home/travis/build/icyphy/ptII/lib/junit-4.8.2.jar:/home/travis/build/icyphy/ptII/lib/JUnitParams-0.4.0.jar:/home/travis/build/icyphy/ptII/ptolemy/actor/lib/excel/jxl.jar:/home/travis/build/icyphy/ptII/lib/jython.jar:/home/travis/build/icyphy/ptII/lib/kieler.jar:/home/travis/build/icyphy/ptII/vendors/opencv/share/OpenCV/java/opencv-341.jar:/home/travis/build/icyphy/ptII/lib/oscP5.jar:/home/travis/build/icyphy/ptII/lib/nrjavaserial-3.11.0.devel.jar:/home/travis/build/icyphy/ptII/vendors/j3d/lib/j3dcore.jar:/home/travis/build/icyphy/ptII/vendors/j3d/lib/j3dutils.jar:/home/travis/build/icyphy/ptII/vendors/j3d/lib/vecmath.jar:/home/travis/build/icyphy/ptII/ptolemy/distributed/jini/jar/jini-core.jar:/home/travis/build/icyphy/ptII/ptolemy/distributed/jini/jar/jini-ext.jar:/home/travis/build/icyphy/ptII/ptolemy/distributed/jini/jar/sun-util.jar:/home/travis/build/icyphy/ptII/lib/protobuf-java-2.4.1.jar:/home/travis/build/icyphy/ptII/lib/org.eclipse.paho.client.mqttv3.jar:/home/travis/build/icyphy/ptII/lib/mapss.jar:/home/travis/build/icyphy/ptII/ptolemy/actor/ptalon/antlr/antlr.jar:/home/travis/build/icyphy/ptII/lib/JRI.jar:/home/travis/build/icyphy/ptII/lib/commons-lang-2.6.jar:/home/travis/build/icyphy/ptII/lib/commons-logging-1.1.1.jar:/home/travis/build/icyphy/ptII/lib/sootclasses.jar:/home/travis/build/icyphy/ptII/ptolemy/actor/lib/database/mysql-connector-java-5.1.6-bin.jar:/home/travis/build/icyphy/ptII/vendors/misc/sphinx4/sphinx4-data-5prealpha.jar:/home/travis/build/icyphy/ptII/vendors/misc/sphinx4/sphinx4-core-5prealpha.jar:/home/travis/build/icyphy/ptII/lib/PDFRenderer.jar:/home/travis/build/icyphy/ptII/lib/svgSalamander.jar:/home/travis/build/icyphy/ptII/lib/rsyntaxtextarea-2.6.0-SNAPSHOT.jar:/home/travis/build/icyphy/ptII/lib/hazelcast-3.8.2.jar:/home/travis/build/icyphy/ptII/lib/jackson-annotations-2.9.0.jar:/home/travis/build/icyphy/ptII/lib/jackson-core-2.9.3.jar:/home/travis/build/icyphy/ptII/lib/jackson-databind-2.9.3.jar:/home/travis/build/icyphy/ptII/lib/netty-buffer-4.1.19.Final.jar:/home/travis/build/icyphy/ptII/lib/netty-codec-4.1.19.Final.jar:/home/travis/build/icyphy/ptII/lib/netty-codec-dns-4.1.19.Final.jar:/home/travis/build/icyphy/ptII/lib/netty-codec-http-4.1.19.Final.jar:/home/travis/build/icyphy/ptII/lib/netty-codec-http2-4.1.19.Final.jar:/home/travis/build/icyphy/ptII/lib/netty-common-4.1.19.Final.jar:/home/travis/build/icyphy/ptII/lib/netty-handler-4.1.19.Final.jar:/home/travis/build/icyphy/ptII/lib/netty-resolver-4.1.19.Final.jar:/home/travis/build/icyphy/ptII/lib/netty-resolver-dns-4.1.19.Final.jar:/home/travis/build/icyphy/ptII/lib/netty-transport-4.1.19.Final.jar:/home/travis/build/icyphy/ptII/lib/vertx-codegen-3.5.1.jar:/home/travis/build/icyphy/ptII/lib/vertx-core-3.5.2-SNAPSHOT.jar:/home/travis/build/icyphy/ptII/lib/vertx-hazelcast-3.5.1.jar:/home/travis/build/icyphy/ptII/lib/vertx-lang-js-3.5.1.jar:/home/travis/build/icyphy/ptII/lib/vertx-service-proxy-3.5.1.jar:/home/travis/build/icyphy/ptII/lib/vertx-web-3.5.1.jar:/home/travis/build/icyphy/ptII/lib/slf4j-api-1.7.13.jar:/home/travis/build/icyphy/ptII/lib/slf4j-simple-1.7.13.jar:/home/travis/build/icyphy/ptII/lib/webcam-capture-0.3.12.jar:/home/travis/build/icyphy/ptII/lib/bridj-0.7.0.jar:/home/travis/build/icyphy/ptII/lib/xbjlib-1.1.0.nrjavaserial.jar" />
    <property name="test.batch" value="**/junit/*.java" />
    <property name="env._" value="/usr/bin/timeout" />
    <property name="java.io.tmpdir" value="/tmp" />
    <property name="env.TRAVIS_INTERNAL_RUBY_REGEX" value="^ruby-(2\.[0-4]\.[0-9]|1\.9\.3)" />
    <property name="user.language" value="en" />
    <property name="env.HISTCONTROL" value="ignoredups:ignorespace" />
    <property name="env.GOROOT" value="/home/travis/.gimme/versions/go1.7.4.linux.amd64" />
    <property name="line.separator" value="&#xa;" />
    <property name="target" value="1.8" />
    <property name="env.TRAVIS_BUILD_DIR" value="/home/travis/build/icyphy/ptII" />
    <property name="env.ANT_OPTS" value="-Xmx2048m" />
    <property name="ant.file.type" value="file" />
    <property name="ptolemy.ptII.batchMode" value="true" />
    <property name="env.HISTSIZE" value="1000" />
    <property name="env.MERB_ENV" value="test" />
    <property name="java.vm.info" value="mixed mode" />
    <property name="source" value="1.8" />
    <property name="java.vm.specification.name" value="Java Virtual Machine Specification" />
    <property name="env.TRAVIS_TEST_RESULT" value="0" />
    <property name="jsdoc.command" value="node_modules/@terraswarm/jsdoc/jsdoc.js" />
    <property name="npm.works" value="true" />
    <property name="cobertura.dir" value="/home/travis/build/icyphy/ptII/vendors/cobertura-2.0.3" />
    <property name="env.rvm_path" value="/home/travis/.rvm" />
    <property name="env.GEM_PATH" value="/home/travis/.rvm/gems/ruby-2.4.1:/home/travis/.rvm/gems/ruby-2.4.1@global" />
    <property name="env.LC_CTYPE" value="en_US.UTF-8" />
    <property name="java.awt.printerjob" value="sun.print.PSPrinterJob" />
    <property name="env.TRAVIS_CMD" value="$PTII/bin/ptIITravisBuild.sh $SECONDS" />
    <property name="env.TRAVIS_STACK_NAME" value="garnet" />
    <property name="env.TRAVIS_TIMER_START_TIME" value="1555127570009149210" />
    <property name="ant.version" value="Apache Ant(TM) version 1.10.1 compiled on February 2 2017" />
    <property name="ptII.reports" value="/home/travis/build/icyphy/ptII/reports" />
    <property name="env.TRAVIS_STACK_TIMESTAMP" value="2017-12-05 19:33:09 UTC" />
    <property name="ant.file.type.ptII" value="file" />
    <property name="env.RBENV_SHELL" value="bash" />
    <property name="os.name" value="Linux" />
    <property name="java.specification.vendor" value="Oracle Corporation" />
    <property name="env.rvm_version" value="1.29.3 (latest)" />
    <property name="env.TRAVIS_INFRA" value="gce" />
    <property name="env.TERM" value="xterm" />
    <property name="java.vm.name" value="Java HotSpot(TM) 64-Bit Server VM" />
    <property name="env.TRAVIS_BUILD_NUMBER" value="1087" />
    <property name="env.CI" value="true" />
    <property name="java.library.path" value="/home/travis/pthla/certi-tools/lib:/usr/lib/jni:/usr/local/share/OpenCV/java/:/usr/share/OpenCV/java::/usr/java/packages/lib/amd64:/usr/lib64:/lib64:/lib:/usr/lib" />
    <property name="env.rvm_prefix" value="/home/travis" />
    <property name="env.PATH" value="/home/travis/pthla/certi-tools/share/scripts:/home/travis/.rvm/gems/ruby-2.4.1/bin:/home/travis/.rvm/gems/ruby-2.4.1@global/bin:/home/travis/.rvm/rubies/ruby-2.4.1/bin:/home/travis/.rvm/bin:/home/travis/.nvm/versions/node/v7.10.1/bin:./node_modules/.bin:/home/travis/build/icyphy/ptII/bin:/home/travis/pthla/certi-tools/bin:/home/travis/bin:/home/travis/.local/bin:/opt/pyenv/shims:/home/travis/.phpenv/shims:/home/travis/perl5/perlbrew/bin:/home/travis/.kiex/elixirs/elixir-1.4.5/bin:/home/travis/.kiex/bin:/home/travis/gopath/bin:/home/travis/.gimme/versions/go1.7.4.linux.amd64/bin:/usr/local/phantomjs/bin:/usr/local/phantomjs:/usr/local/neo4j-3.2.7/bin:/usr/local/maven-3.5.2/bin:/usr/local/cmake-3.9.2/bin:/usr/local/clang-5.0.0/bin:/usr/local/sbin:/usr/local/bin:/usr/sbin:/usr/bin:/sbin:/bin:/home/travis/.phpenv/bin:/opt/pyenv/bin:/home/travis/.yarn/bin" />
    <property name="env.TRAVIS_OS_NAME" value="linux" />
    <property name="ant.java.version" value="1.8" />
    <property name="basedir" value="/home/travis/build/icyphy/ptII" />
    <property name="java.class.version" value="52.0" />
    <property name="env.SHLVL" value="3" />
    <property name="env.LD_LIBRARY_PATH" value="/home/travis/pthla/certi-tools/lib:/usr/lib/jni:/usr/local/share/OpenCV/java/:/usr/share/OpenCV/java:" />
    <property name="env.RACK_ENV" value="test" />
    <property name="ant.home" value="/home/travis/build/icyphy/ptII/ant" />
    <property name="env.PERLBREW_BASHRC_VERSION" value="0.80" />
    <property name="env.NVM_DIR" value="/home/travis/.nvm" />
    <property name="env.TRAVIS_BUILD_ID" value="519539402" />
    <property name="env.CERTI_FOM_PATH" value="/home/travis/pthla/certi-tools/share/federations" />
    <property name="env.PYENV_ROOT" value="/opt/pyenv" />
    <property name="env.TRAVIS_UID" value="2000" />
    <property name="env.rvm_pretty_print_flag" value="auto" />
    <property name="env.NVM_BIN" value="/home/travis/.nvm/versions/node/v7.10.1/bin" />
    <property name="env.TRAVIS_COMMIT" value="3d6a7c638f166608a27885e62bff14e707681c86" />
    <property name="env._system_arch" value="x86_64" />
    <property name="node.executable" value="node" />
    <property name="sun.boot.library.path" value="/usr/lib/jvm/java-8-oracle/jre/lib/amd64" />
    <property name="sun.management.compiler" value="HotSpot 64-Bit Tiered Compilers" />
    <property name="env.GOPATH" value="/home/travis/gopath" />
    <property name="java.awt.graphicsenv" value="sun.awt.X11GraphicsEnvironment" />
    <property name="ptolemy.ptII.dir" value="/home/travis/build/icyphy/ptII" />
    <property name="env.USER" value="travis" />
    <property name="env.HISTFILESIZE" value="2000" />
    <property name="timeout.longest" value="19000000" />
    <property name="env.TRAVIS_STACK_FEATURES" value="basic cassandra chromium couchdb disabled-ipv6 docker docker-compose elasticsearch firefox go-toolchain google-chrome jdk memcached mongodb mysql neo4j nodejs_interpreter perl_interpreter perlbrew phantomjs postgresql python_interpreter rabbitmq redis riak ruby_interpreter sqlite xserver" />
    <property name="env.TRAVIS_PULL_REQUEST" value="false" />
    <property name="env.PYENV_SHELL" value="bash" />
    <property name="ant.project.name" value="ptII" />
    <property name="java.vm.specification.version" value="1.8" />
    <property name="env.ANSI_RESET" value="\033[0m" />
    <property name="env.TRAVIS_DIST" value="trusty" />
    <property name="env.CERTI_VERSION" value="4.0.0" />
    <property name="env.NLSPATH" value="/usr/dt/lib/nls/msg/%L/%N.cat" />
    <property name="awt.toolkit" value="sun.awt.X11.XToolkit" />
    <property name="env.CERTI_HOST" value="localhost" />
    <property name="env.MY_RUBY_HOME" value="/home/travis/.rvm/rubies/ruby-2.4.1" />
    <property name="sun.cpu.isalist" value="" />
    <property name="env.TRAVIS_TMPDIR" value="/tmp/tmp.3h41kzBCyF" />
    <property name="java.ext.dirs" value="/usr/lib/jvm/java-8-oracle/jre/lib/ext:/usr/java/packages/lib/ext" />
    <property name="os.version" value="4.4.0-101-generic" />
    <property name="user.home" value="/home/travis" />
    <property name="env.MIX_ARCHIVES" value="/home/travis/.kiex/mix/elixir-1.4.5" />
    <property name="java.vm.vendor" value="Oracle Corporation" />
    <property name="env.TRAVIS_TAG" value="nightly" />
    <property name="env.ANSI_YELLOW" value="\033[33;1m" />
    <property name="env.TRAVIS_FILTERED" value="redirect_io" />
    <property name="env.ANSI_GREEN" value="\033[32;1m" />
    <property name="env.JAVA_HOME" value="/usr/lib/jvm/java-8-oracle" />
    <property name="env.PTII" value="/home/travis/build/icyphy/ptII" />
    <property name="javadoc.excludepackagenames" value="adm.cvs2svn.*,build.*,config.*,doc.coding.templates.*,jni.test.jni.meaningOfLife.*,jni.test.jni.testDeux.*,jni.test.jni.testTrois.*,org.terraswarm.accessor.accessors.web.node_modules.*,org.terraswarm.accessor.accessors.web.hosts.cordova.demo.*,org.terraswarm.accessor.accessors.web.hosts.cordova.plugins.*,org.terraswarm.accessor.accessors-svn.*,pt-modules.*,ptolemy.apps.agilent.*,ptolemy.apps.anytimecontrol.*,ptolemy.apps.apes.*,ptolemy.apps.charon.*,ptolemy.apps.crazyboard.*,ptolemy.apps.eclipse.*,ptolemy.apps.etherealSting.*,ptolemy.apps.fullscreen.*,ptolemy.apps.giotto.*,ptolemy.apps.ia.*,ptolemy.apps.interfaces.*,ptolemy.apps.jmf.*,ptolemy.apps.kurt.*,ptolemy.apps.kvm.*,ptolemy.apps.lego.*,ptolemy.apps.lejos.*,ptolemy.apps.midp.*,ptolemy.apps.mobileCoding.*,ptolemy.apps.pendulum.*,ptolemy.apps.rijndael.*,ptolemy.apps.robot.*,ptolemy.apps.security.*,ptolemy.apps.sobel.*,ptolemy.apps.soot.*,ptolemy.apps.throttle.*,ptolemy.apps.tini.*,ptolemy.apps.transmission.*,ptolemy.apps.vergil.*,ptolemy.apps.waba.*,ptolemy.apps.websensor.*,ptolemy.apps.webstart.*,ptolemy.apps.xsl.*,ptolemy.apps.zaurus.*,ptolemy.codegen.c.actor.lib.oldJavaFiles.*,ptolemy.codegen.dsp.lib.*,ptolemy.codegen.kernel.newInterfaces.*,ptolemy.codegen.lib.*,ptolemy.copernicus.kernel.fragment.*,ptolemy.copernicus.shallow.cg.*,ptolemy.domains.giotto.demo.Hierarchy.Hierarchy.*,ptolemy.domains.giotto.demo.Multimode.Multimode.*,ptolemy.domains.giotto.demo.Simple.Simple.*,ptolemy.domains.gr.lib.experimental.*,ptolemy.domains.gro.*,ptolemy.domains.pdf.*,ptolemy.domains.ptinyos.demo.Surge.output.*,ptolemy.moml.test.NoPackageActor.java*,ptolemy.plot.adm.*,ptolemy.plot.servlet.*,reports.*,signed.*,src.*,target.*,vendors.*,ptolemy.apps.eclipse.awt.*,ptolemy.backtrack.*,ptolemy.backtrack.ast.*,ptolemy.cg.adapter.generic.program.procedural.c.mbed*,ptolemy.homer.*,org.ptolemy.scala.*,diva.util.java2d.svg.*,ptolemy.domains.ptinyos.*,ptolemy.actor.lib.fmi.fmipp.*,,org.terraswarm.accessor.accessors.web.node_modules.*,org.terraswarm.accessor.accessors-svn,ptolemy.apps.*,ptolemy.actor.ptalon.demo.ptinyos.SendAndReceiveCnt.output,ptolemy.actor.ptalon.demo.ptinyos.SenseToLeds.output,ptolemy.domains.ptinyos.demo.CntToLedsAndRfm.output,ptolemy.domains.ptinyos.demo.RfmToLeds.output,ptolemy.domains.ptinyos.demo.SendAndReceiveCnt.output,ptolemy.domains.ptinyos.demo.SenseToLeds.output,ptolemy.actor.lib.jjs.modules.udpSocket.*" />
    <property name="env.TRAVIS_COMMIT_MESSAGE" value="Conform org/hlacerti/models/1Subscriber1PublisherCheckInstanceNameMatching model to HlaManager refactoring." />
    <property name="keystore" value="ptKeystore" />
    <property name="env.XDG_SESSION_ID" value="2" />
    <property name="junit.output.dir" value="/home/travis/build/icyphy/ptII/reports/junit" />
    <property name="npm.return.code" value="0" />
    <property name="user.dir" value="/home/travis/build/icyphy/ptII/ptolemy/domains/de/test" />
    <property name="env.TRAVIS_NODE_VERSION" value="7" />
    <property name="env.XFILESEARCHPATH" value="/usr/dt/app-defaults/%L/Dt" />
    <property name="env.TRAVIS_EVENT_TYPE" value="cron" />
    <property name="env.MAIL" value="/var/mail/travis" />
    <property name="env.PWD" value="/home/travis/build/icyphy/ptII" />
    <property name="env.PERLBREW_ROOT" value="/home/travis/perl5/perlbrew" />
    <property name="timeout.npm" value="45000" />
    <property name="env.PT_TRAVIS_TEST_CORE2_XML" value="true" />
    <property name="env.TRAVIS_ARCH" value="amd64" />
    <property name="env.PAGER" value="cat" />
    <property name="sun.cpu.endian" value="little" />
    <property name="env.TRAVIS_BUILD_STAGE_NAME" value="Test" />
    <property name="env.PERLBREW_HOME" value="/home/travis/.perlbrew" />
    <property name="env.RAILS_ENV" value="test" />
    <property name="java.vm.version" value="25.151-b12" />
    <property name="java.class.path" value="/home/travis/build/icyphy/ptII:/home/travis/build/icyphy/ptII/lib/bsh-2.0b4.jar:/home/travis/build/icyphy/ptII/lib/ptCal.jar:/home/travis/build/icyphy/ptII/lib/java_cup.jar:/home/travis/build/icyphy/ptII/lib/saxon8.jar:/home/travis/build/icyphy/ptII/lib/saxon8-dom.jar:/home/travis/build/icyphy/ptII/lib/chic.jar:/home/travis/build/icyphy/ptII/lib/ptcolt.jar:/usr/lib/jvm/java-8-oracle/lib/tools.jar:/home/travis/build/icyphy/ptII/vendors/misc/itext/iText.jar:/home/travis/build/icyphy/ptII/lib/g4ltl.jar:/home/travis/build/icyphy/ptII/lib/StructuralCoder.jar:/home/travis/build/icyphy/ptII/vendors/jai-1_1_2_01/lib/jai_core.jar:/home/travis/build/icyphy/ptII/vendors/jai-1_1_2_01/lib/jai_codec.jar:/home/travis/build/icyphy/ptII/lib/jcerti.jar:/home/travis/build/icyphy/ptII/lib/javax.mail.jar:/home/travis/build/icyphy/ptII/vendors/JMF-2.1.1e/lib/jmf.jar:/home/travis/build/icyphy/ptII/lib/jna-4.0.0-variadic.jar:/home/travis/build/icyphy/ptII/vendors/misc/joystick/Joystick.jar:/home/travis/build/icyphy/ptII/lib/ptjacl.jar:/home/travis/build/icyphy/ptII/lib/jsoup-1.8.2.jar:/home/travis/build/icyphy/ptII/lib/junit-4.8.2.jar:/home/travis/build/icyphy/ptII/lib/JUnitParams-0.4.0.jar:/home/travis/build/icyphy/ptII/ptolemy/actor/lib/excel/jxl.jar:/home/travis/build/icyphy/ptII/lib/jython.jar:/home/travis/build/icyphy/ptII/lib/kieler.jar:/home/travis/build/icyphy/ptII/vendors/opencv/share/OpenCV/java/opencv-341.jar:/home/travis/build/icyphy/ptII/lib/oscP5.jar:/home/travis/build/icyphy/ptII/lib/nrjavaserial-3.11.0.devel.jar:/home/travis/build/icyphy/ptII/vendors/j3d/lib/j3dcore.jar:/home/travis/build/icyphy/ptII/vendors/j3d/lib/j3dutils.jar:/home/travis/build/icyphy/ptII/vendors/j3d/lib/vecmath.jar:/home/travis/build/icyphy/ptII/ptolemy/distributed/jini/jar/jini-core.jar:/home/travis/build/icyphy/ptII/ptolemy/distributed/jini/jar/jini-ext.jar:/home/travis/build/icyphy/ptII/ptolemy/distributed/jini/jar/sun-util.jar:/home/travis/build/icyphy/ptII/lib/protobuf-java-2.4.1.jar:/home/travis/build/icyphy/ptII/lib/org.eclipse.paho.client.mqttv3.jar:/home/travis/build/icyphy/ptII/lib/mapss.jar:/home/travis/build/icyphy/ptII/ptolemy/actor/ptalon/antlr/antlr.jar:/home/travis/build/icyphy/ptII/lib/JRI.jar:/home/travis/build/icyphy/ptII/lib/commons-lang-2.6.jar:/home/travis/build/icyphy/ptII/lib/commons-logging-1.1.1.jar:/home/travis/build/icyphy/ptII/lib/sootclasses.jar:/home/travis/build/icyphy/ptII/ptolemy/actor/lib/database/mysql-connector-java-5.1.6-bin.jar:/home/travis/build/icyphy/ptII/vendors/misc/sphinx4/sphinx4-data-5prealpha.jar:/home/travis/build/icyphy/ptII/vendors/misc/sphinx4/sphinx4-core-5prealpha.jar:/home/travis/build/icyphy/ptII/lib/PDFRenderer.jar:/home/travis/build/icyphy/ptII/lib/svgSalamander.jar:/home/travis/build/icyphy/ptII/lib/rsyntaxtextarea-2.6.0-SNAPSHOT.jar:/home/travis/build/icyphy/ptII/lib/hazelcast-3.8.2.jar:/home/travis/build/icyphy/ptII/lib/jackson-annotations-2.9.0.jar:/home/travis/build/icyphy/ptII/lib/jackson-core-2.9.3.jar:/home/travis/build/icyphy/ptII/lib/jackson-databind-2.9.3.jar:/home/travis/build/icyphy/ptII/lib/netty-buffer-4.1.19.Final.jar:/home/travis/build/icyphy/ptII/lib/netty-codec-4.1.19.Final.jar:/home/travis/build/icyphy/ptII/lib/netty-codec-dns-4.1.19.Final.jar:/home/travis/build/icyphy/ptII/lib/netty-codec-http-4.1.19.Final.jar:/home/travis/build/icyphy/ptII/lib/netty-codec-http2-4.1.19.Final.jar:/home/travis/build/icyphy/ptII/lib/netty-common-4.1.19.Final.jar:/home/travis/build/icyphy/ptII/lib/netty-handler-4.1.19.Final.jar:/home/travis/build/icyphy/ptII/lib/netty-resolver-4.1.19.Final.jar:/home/travis/build/icyphy/ptII/lib/netty-resolver-dns-4.1.19.Final.jar:/home/travis/build/icyphy/ptII/lib/netty-transport-4.1.19.Final.jar:/home/travis/build/icyphy/ptII/lib/vertx-codegen-3.5.1.jar:/home/travis/build/icyphy/ptII/lib/vertx-core-3.5.2-SNAPSHOT.jar:/home/travis/build/icyphy/ptII/lib/vertx-hazelcast-3.5.1.jar:/home/travis/build/icyphy/ptII/lib/vertx-lang-js-3.5.1.jar:/home/travis/build/icyphy/ptII/lib/vertx-service-proxy-3.5.1.jar:/home/travis/build/icyphy/ptII/lib/vertx-web-3.5.1.jar:/home/travis/build/icyphy/ptII/lib/slf4j-api-1.7.13.jar:/home/travis/build/icyphy/ptII/lib/slf4j-simple-1.7.13.jar:/home/travis/build/icyphy/ptII/lib/webcam-capture-0.3.12.jar:/home/travis/build/icyphy/ptII/lib/bridj-0.7.0.jar:/home/travis/build/icyphy/ptII/lib/xbjlib-1.1.0.nrjavaserial.jar:/home/travis/build/icyphy/ptII/ptolemy/moml/test:/home/travis/build/icyphy/ptII/ant/lib/ant-launcher.jar:/home/travis/build/icyphy/ptII/ant/lib/ant.jar:/home/travis/build/icyphy/ptII/ant/lib/ant-junit.jar:/home/travis/build/icyphy/ptII/ant/lib/ant-junit4.jar" />
    <property name="ant.library.dir" value="/home/travis/build/icyphy/ptII/ant/lib" />
    <property name="os.arch" value="amd64" />
    <property name="env.TRAVIS_LANGUAGE" value="node_js" />
    <property name="env.CONTINUOUS_INTEGRATION" value="true" />
    <property name="env.TRAVIS_STACK_LANGUAGES" value="__garnet__ c c++ clojure cplusplus cpp default go groovy java node_js php pure_java python ruby scala" />
    <property name="test.name" value="ptolemy.actor.lib.test.junit.JUnitTclTest" />
    <property name="sun.java.launcher" value="SUN_STANDARD" />
    <property name="env.PYTHON_CONFIGURE_OPTS" value="--enable-unicode=ucs4 --with-wide-unicode --enable-shared --enable-ipv6 --enable-loadable-sqlite-extensions --with-computed-gotos" />
    <property name="ant.core.lib" value="/home/travis/build/icyphy/ptII/ant/lib/ant.jar" />
    <property name="java.vm.specification.vendor" value="Oracle Corporation" />
    <property name="env.BCVTB_HOME" value="/home/travis/build/icyphy/ptII/lbnl" />
    <property name="file.separator" value="/" />
    <property name="spotbugs.home" value="/home/travis/build/icyphy/ptII/vendors/spotbugs-3.1.1" />
    <property name="java.runtime.version" value="1.8.0_151-b12" />
    <property name="sun.boot.class.path" value="/usr/lib/jvm/java-8-oracle/jre/lib/resources.jar:/usr/lib/jvm/java-8-oracle/jre/lib/rt.jar:/usr/lib/jvm/java-8-oracle/jre/lib/sunrsasign.jar:/usr/lib/jvm/java-8-oracle/jre/lib/jsse.jar:/usr/lib/jvm/java-8-oracle/jre/lib/jce.jar:/usr/lib/jvm/java-8-oracle/jre/lib/charsets.jar:/usr/lib/jvm/java-8-oracle/jre/lib/jfr.jar:/usr/lib/jvm/java-8-oracle/jre/classes" />
    <property name="env.ANSI_CLEAR" value="\033[0K" />
    <property name="env.HAS_JOSH_K_SEAL_OF_APPROVAL" value="true" />
    <property name="env.XDG_RUNTIME_DIR" value="/run/user/2000" />
    <property name="env.TRAVIS_OSX_IMAGE" value="" />
    <property name="env.TRAVIS_BRANCH" value="master" />
    <property name="env.TRAVIS_JOB_ID" value="519539411" />
    <property name="user.country" value="US" />
    <property name="env.CERTI_HOME_TRAVIS" value="/home/travis/pthla/certi-tools" />
    <property name="env.SHELL" value="/bin/bash" />
    <property name="java.maxmemory.large" value="5000m" />
    <property name="model" value="" />
    <property name="env.CASHER_DIR" value="/home/travis/.casher" />
    <property name="env.NVM_CD_FLAGS" value="" />
    <property name="jshint.executable" value="/home/travis/node_modules/jshint/bin/jshint" />
    <property name="java.vendor" value="Oracle Corporation" />
    <property name="env.JRUBY_OPTS" value=" --client -J-XX:+TieredCompilation -J-XX:TieredStopAtLevel=1 -J-Xss2m -Xcompile.invokedynamic=false" />
    <property name="env.TRAVIS_PRE_CHEF_BOOTSTRAP_TIME" value="2017-12-05T19:32:55" />
    <property name="env.TRAVIS_STACK_JOB_BOARD_REGISTER" value="/.job-board-register.yml" />
    <property name="env.ELIXIR_VERSION" value="1.4.5" />
    <property name="env.ANSI_RED" value="\033[31;1m" />
    <property name="java.specification.version" value="1.8" />
    <property name="env.TRAVIS" value="true" />
    <property name="env.IRBRC" value="/home/travis/.rvm/rubies/ruby-2.4.1/.irbrc" />
    <property name="sun.arch.data.model" value="64" />
  </properties>
  <testcase classname="ptolemy.util.test.junit.TclTests" name="[0] /home/travis/build/icyphy/ptII/ptolemy/domains/de/test/DependencyLoop.tcl (RunTclFile)" time="0.762" />
  <testcase classname="ptolemy.util.test.junit.TclTests" name="[1] /home/travis/build/icyphy/ptII/ptolemy/domains/de/test/RunDETestsAsQSS.tcl (RunTclFile)" time="89.891" />
  <testcase classname="ptolemy.util.test.junit.AutoKnownFailedTests" name="[0] /home/travis/build/icyphy/ptII/ptolemy/domains/de/test/auto/knownFailedTests/DESDFClockTest.xml (RunModel)" time="2.044" />
  <testcase classname="ptolemy.util.test.junit.AutoKnownFailedTests" name="[1] /home/travis/build/icyphy/ptII/ptolemy/domains/de/test/auto/knownFailedTests/DirectFeedback.xml (RunModel)" time="0.012" />
  <testcase classname="ptolemy.util.test.junit.AutoKnownFailedTests" name="[2] /home/travis/build/icyphy/ptII/ptolemy/domains/de/test/auto/knownFailedTests/FSMSource.xml (RunModel)" time="0.023" />
  <testcase classname="ptolemy.util.test.junit.AutoKnownFailedTests" name="[3] /home/travis/build/icyphy/ptII/ptolemy/domains/de/test/auto/knownFailedTests/HierarchicalModel.xml (RunModel)" time="0.04" />
  <testcase classname="ptolemy.util.test.junit.AutoKnownFailedTests" name="[4] /home/travis/build/icyphy/ptII/ptolemy/domains/de/test/auto/knownFailedTests/dependencyLoop.xml (RunModel)" time="0.035" />
  <testcase classname="ptolemy.util.test.junit.AutoKnownFailedTests" name="[5] /home/travis/build/icyphy/ptII/ptolemy/domains/de/test/auto/knownFailedTests/dependencyLoop2.xml (RunModel)" time="0.053" />
  <testcase classname="ptolemy.util.test.junit.AutoNameArchTests" name="[0] ThereAreNoAutoArchTests (RunModel)" time="0.001" />
  <testcase classname="ptolemy.util.test.junit.AutoTests" name="[0] /home/travis/build/icyphy/ptII/ptolemy/domains/de/test/auto/ActorDepthCalculation_actorWithoutPorts.xml (RunModel)" time="0.024" />
  <testcase classname="ptolemy.util.test.junit.AutoTests" name="[1] /home/travis/build/icyphy/ptII/ptolemy/domains/de/test/auto/AssemblyLine.xml (RunModel)" time="0.024" />
  <testcase classname="ptolemy.util.test.junit.AutoTests" name="[2] /home/travis/build/icyphy/ptII/ptolemy/domains/de/test/auto/CQBug1.xml (RunModel)" time="0.016" />
  <testcase classname="ptolemy.util.test.junit.AutoTests" name="[3] /home/travis/build/icyphy/ptII/ptolemy/domains/de/test/auto/CancelFireAt.xml (RunModel)" time="0.018" />
  <testcase classname="ptolemy.util.test.junit.AutoTests" name="[4] /home/travis/build/icyphy/ptII/ptolemy/domains/de/test/auto/CausalityAndComposabilityAnalysis.xml (RunModel)" time="0.014" />
  <testcase classname="ptolemy.util.test.junit.AutoTests" name="[5] /home/travis/build/icyphy/ptII/ptolemy/domains/de/test/auto/CausalityInterface1.xml (RunModel)" time="0.015" />
  <testcase classname="ptolemy.util.test.junit.AutoTests" name="[6] /home/travis/build/icyphy/ptII/ptolemy/domains/de/test/auto/CausalityInterface15.xml (RunModel)" time="0.015" />
  <testcase classname="ptolemy.util.test.junit.AutoTests" name="[7] /home/travis/build/icyphy/ptII/ptolemy/domains/de/test/auto/CausalityInterface2.xml (RunModel)" time="0.013" />
  <testcase classname="ptolemy.util.test.junit.AutoTests" name="[8] /home/travis/build/icyphy/ptII/ptolemy/domains/de/test/auto/CausalityInterface3.xml (RunModel)" time="0.016" />
  <testcase classname="ptolemy.util.test.junit.AutoTests" name="[9] /home/travis/build/icyphy/ptII/ptolemy/domains/de/test/auto/ClockDrift.xml (RunModel)" time="0.035" />
  <testcase classname="ptolemy.util.test.junit.AutoTests" name="[10] /home/travis/build/icyphy/ptII/ptolemy/domains/de/test/auto/ClockDriftAndValueChange.xml (RunModel)" time="0.05" />
  <testcase classname="ptolemy.util.test.junit.AutoTests" name="[11] /home/travis/build/icyphy/ptII/ptolemy/domains/de/test/auto/ClockDriftChange.xml (RunModel)" time="0.045" />
  <testcase classname="ptolemy.util.test.junit.AutoTests" name="[12] /home/travis/build/icyphy/ptII/ptolemy/domains/de/test/auto/ComposableCausalityAnalysis.xml (RunModel)" time="0.017" />
  <testcase classname="ptolemy.util.test.junit.AutoTests" name="[13] /home/travis/build/icyphy/ptII/ptolemy/domains/de/test/auto/DEFixedPointLimitation.xml (RunModel)" time="0.011" />
  <testcase classname="ptolemy.util.test.junit.AutoTests" name="[14] /home/travis/build/icyphy/ptII/ptolemy/domains/de/test/auto/DEScheduleTest.xml (RunModel)" time="0.032" />
  <testcase classname="ptolemy.util.test.junit.AutoTests" name="[15] /home/travis/build/icyphy/ptII/ptolemy/domains/de/test/auto/DEinDEwithStartTimes.xml (RunModel)" time="0.031" />
  <testcase classname="ptolemy.util.test.junit.AutoTests" name="[16] /home/travis/build/icyphy/ptII/ptolemy/domains/de/test/auto/DEinDEwithStartTimes2.xml (RunModel)" time="0.017" />
  <testcase classname="ptolemy.util.test.junit.AutoTests" name="[17] /home/travis/build/icyphy/ptII/ptolemy/domains/de/test/auto/DateDemo.xml (RunModel)" time="0.032" />
  <testcase classname="ptolemy.util.test.junit.AutoTests" name="[18] /home/travis/build/icyphy/ptII/ptolemy/domains/de/test/auto/DateToEvent.xml (RunModel)" time="2.037" />
  <testcase classname="ptolemy.util.test.junit.AutoTests" name="[19] /home/travis/build/icyphy/ptII/ptolemy/domains/de/test/auto/DepthTest1.xml (RunModel)" time="0.008" />
  <testcase classname="ptolemy.util.test.junit.AutoTests" name="[20] /home/travis/build/icyphy/ptII/ptolemy/domains/de/test/auto/DepthTest2.xml (RunModel)" time="0.017" />
  <testcase classname="ptolemy.util.test.junit.AutoTests" name="[21] /home/travis/build/icyphy/ptII/ptolemy/domains/de/test/auto/DepthTest3.xml (RunModel)" time="0.008" />
  <testcase classname="ptolemy.util.test.junit.AutoTests" name="[22] /home/travis/build/icyphy/ptII/ptolemy/domains/de/test/auto/DepthTest4.xml (RunModel)" time="0.012" />
  <testcase classname="ptolemy.util.test.junit.AutoTests" name="[23] /home/travis/build/icyphy/ptII/ptolemy/domains/de/test/auto/DepthTest5.xml (RunModel)" time="0.015" />
  <testcase classname="ptolemy.util.test.junit.AutoTests" name="[24] /home/travis/build/icyphy/ptII/ptolemy/domains/de/test/auto/DepthTest6.xml (RunModel)" time="0.013" />
  <testcase classname="ptolemy.util.test.junit.AutoTests" name="[25] /home/travis/build/icyphy/ptII/ptolemy/domains/de/test/auto/DepthTest7.xml (RunModel)" time="0.013" />
  <testcase classname="ptolemy.util.test.junit.AutoTests" name="[26] /home/travis/build/icyphy/ptII/ptolemy/domains/de/test/auto/EventToDate.xml (RunModel)" time="3.034" />
  <testcase classname="ptolemy.util.test.junit.AutoTests" name="[27] /home/travis/build/icyphy/ptII/ptolemy/domains/de/test/auto/FSM1.xml (RunModel)" time="0.03" />
  <testcase classname="ptolemy.util.test.junit.AutoTests" name="[28] /home/travis/build/icyphy/ptII/ptolemy/domains/de/test/auto/FSM7.xml (RunModel)" time="0.03" />
  <testcase classname="ptolemy.util.test.junit.AutoTests" name="[29] /home/travis/build/icyphy/ptII/ptolemy/domains/de/test/auto/Inspection.xml (RunModel)" time="0.038" />
  <testcase classname="ptolemy.util.test.junit.AutoTests" name="[30] /home/travis/build/icyphy/ptII/ptolemy/domains/de/test/auto/Iteration.xml (RunModel)" time="0.023" />
  <testcase classname="ptolemy.util.test.junit.AutoTests" name="[31] /home/travis/build/icyphy/ptII/ptolemy/domains/de/test/auto/LineFault.xml (RunModel)" time="0.537" />
  <testcase classname="ptolemy.util.test.junit.AutoTests" name="[32] /home/travis/build/icyphy/ptII/ptolemy/domains/de/test/auto/MergeModel1Add.xml (RunModel)" time="0.047" />
  <testcase classname="ptolemy.util.test.junit.AutoTests" name="[33] /home/travis/build/icyphy/ptII/ptolemy/domains/de/test/auto/MergeModel2Add.xml (RunModel)" time="0.037" />
  <testcase classname="ptolemy.util.test.junit.AutoTests" name="[34] /home/travis/build/icyphy/ptII/ptolemy/domains/de/test/auto/MergeModel3Add.xml (RunModel)" time="0.041" />
  <testcase classname="ptolemy.util.test.junit.AutoTests" name="[35] /home/travis/build/icyphy/ptII/ptolemy/domains/de/test/auto/MergeWithoutDiscard.xml (RunModel)" time="0.01" />
  <testcase classname="ptolemy.util.test.junit.AutoTests" name="[36] /home/travis/build/icyphy/ptII/ptolemy/domains/de/test/auto/Modal1.xml (RunModel)" time="0.031" />
  <testcase classname="ptolemy.util.test.junit.AutoTests" name="[37] /home/travis/build/icyphy/ptII/ptolemy/domains/de/test/auto/Modal2.xml (RunModel)" time="0.026" />
  <testcase classname="ptolemy.util.test.junit.AutoTests" name="[38] /home/travis/build/icyphy/ptII/ptolemy/domains/de/test/auto/Modal3.xml (RunModel)" time="0.031" />
  <testcase classname="ptolemy.util.test.junit.AutoTests" name="[39] /home/travis/build/icyphy/ptII/ptolemy/domains/de/test/auto/Modal4.xml (RunModel)" time="0.03" />
  <testcase classname="ptolemy.util.test.junit.AutoTests" name="[40] /home/travis/build/icyphy/ptII/ptolemy/domains/de/test/auto/Modal5.xml (RunModel)" time="0.027" />
  <testcase classname="ptolemy.util.test.junit.AutoTests" name="[41] /home/travis/build/icyphy/ptII/ptolemy/domains/de/test/auto/Modal6.xml (RunModel)" time="0.026" />
  <testcase classname="ptolemy.util.test.junit.AutoTests" name="[42] /home/travis/build/icyphy/ptII/ptolemy/domains/de/test/auto/Modal7.xml (RunModel)" time="0.029" />
  <testcase classname="ptolemy.util.test.junit.AutoTests" name="[43] /home/travis/build/icyphy/ptII/ptolemy/domains/de/test/auto/ModalModel.xml (RunModel)" time="0.142" />
  <testcase classname="ptolemy.util.test.junit.AutoTests" name="[44] /home/travis/build/icyphy/ptII/ptolemy/domains/de/test/auto/ModalSource.xml (RunModel)" time="0.022" />
  <testcase classname="ptolemy.util.test.junit.AutoTests" name="[45] /home/travis/build/icyphy/ptII/ptolemy/domains/de/test/auto/NonInterruptibleTimerZeroDelay.xml (RunModel)" time="0.01" />
  <testcase classname="ptolemy.util.test.junit.AutoTests" name="[46] /home/travis/build/icyphy/ptII/ptolemy/domains/de/test/auto/OpenQueueingNetwork.xml (RunModel)" time="2.323" />
  <testcase classname="ptolemy.util.test.junit.AutoTests" name="[47] /home/travis/build/icyphy/ptII/ptolemy/domains/de/test/auto/OpenQueuingNetwork.xml (RunModel)" time="0.278" />
  <testcase classname="ptolemy.util.test.junit.AutoTests" name="[48] /home/travis/build/icyphy/ptII/ptolemy/domains/de/test/auto/PeriodicSampler.xml (RunModel)" time="0.015" />
  <testcase classname="ptolemy.util.test.junit.AutoTests" name="[49] /home/travis/build/icyphy/ptII/ptolemy/domains/de/test/auto/PersistentIO.xml (RunModel)" time="0.019" />
  <testcase classname="ptolemy.util.test.junit.AutoTests" name="[50] /home/travis/build/icyphy/ptII/ptolemy/domains/de/test/auto/PortParameterResetOnInitialize.xml (RunModel)" time="0.011" />
  <testcase classname="ptolemy.util.test.junit.AutoTests" name="[51] /home/travis/build/icyphy/ptII/ptolemy/domains/de/test/auto/PortParameterUpdates.xml (RunModel)" time="0.014" />
  <testcase classname="ptolemy.util.test.junit.AutoTests" name="[52] /home/travis/build/icyphy/ptII/ptolemy/domains/de/test/auto/QueueAndServer.xml (RunModel)" time="0.025" />
  <testcase classname="ptolemy.util.test.junit.AutoTests" name="[53] /home/travis/build/icyphy/ptII/ptolemy/domains/de/test/auto/Records.xml (RunModel)" time="0.017" />
  <testcase classname="ptolemy.util.test.junit.AutoTests" name="[54] /home/travis/build/icyphy/ptII/ptolemy/domains/de/test/auto/ResetTransitionWithStartTime1.xml (RunModel)" time="0.026" />
  <testcase classname="ptolemy.util.test.junit.AutoTests" name="[55] /home/travis/build/icyphy/ptII/ptolemy/domains/de/test/auto/ResetTransitionWithStartTime2.xml (RunModel)" time="0.018" />
  <testcase classname="ptolemy.util.test.junit.AutoTests" name="[56] /home/travis/build/icyphy/ptII/ptolemy/domains/de/test/auto/ResetTransitionWithStartTime3.xml (RunModel)" time="0.019" />
  <testcase classname="ptolemy.util.test.junit.AutoTests" name="[57] /home/travis/build/icyphy/ptII/ptolemy/domains/de/test/auto/ResetTransitionWithStartTime4.xml (RunModel)" time="0.02" />
  <testcase classname="ptolemy.util.test.junit.AutoTests" name="[58] /home/travis/build/icyphy/ptII/ptolemy/domains/de/test/auto/ResettableTimer1.xml (RunModel)" time="0.011" />
  <testcase classname="ptolemy.util.test.junit.AutoTests" name="[59] /home/travis/build/icyphy/ptII/ptolemy/domains/de/test/auto/ResettableTimer2.xml (RunModel)" time="0.01" />
  <testcase classname="ptolemy.util.test.junit.AutoTests" name="[60] /home/travis/build/icyphy/ptII/ptolemy/domains/de/test/auto/ResettableTimer3.xml (RunModel)" time="0.009" />
  <testcase classname="ptolemy.util.test.junit.AutoTests" name="[61] /home/travis/build/icyphy/ptII/ptolemy/domains/de/test/auto/ResettableTimer4.xml (RunModel)" time="0.012" />
  <testcase classname="ptolemy.util.test.junit.AutoTests" name="[62] /home/travis/build/icyphy/ptII/ptolemy/domains/de/test/auto/ResettableTimer5.xml (RunModel)" time="0.011" />
  <testcase classname="ptolemy.util.test.junit.AutoTests" name="[63] /home/travis/build/icyphy/ptII/ptolemy/domains/de/test/auto/ResettableTimer6.xml (RunModel)" time="0.022" />
  <testcase classname="ptolemy.util.test.junit.AutoTests" name="[64] /home/travis/build/icyphy/ptII/ptolemy/domains/de/test/auto/ServerZeroDelay.xml (RunModel)" time="0.01" />
  <testcase classname="ptolemy.util.test.junit.AutoTests" name="[65] /home/travis/build/icyphy/ptII/ptolemy/domains/de/test/auto/SmartSender.xml (RunModel)" time="3.009" />
  <testcase classname="ptolemy.util.test.junit.AutoTests" name="[66] /home/travis/build/icyphy/ptII/ptolemy/domains/de/test/auto/ThreadedComposite.xml (RunModel)" time="0.126" />
  <testcase classname="ptolemy.util.test.junit.AutoTests" name="[67] /home/travis/build/icyphy/ptII/ptolemy/domains/de/test/auto/Time.xml (RunModel)" time="0.428" />
  <testcase classname="ptolemy.util.test.junit.AutoTests" name="[68] /home/travis/build/icyphy/ptII/ptolemy/domains/de/test/auto/TimeDelayZeroDelay.xml (RunModel)" time="0.01" />
  <testcase classname="ptolemy.util.test.junit.AutoTests" name="[69] /home/travis/build/icyphy/ptII/ptolemy/domains/de/test/auto/TimerZeroDelay.xml (RunModel)" time="0.01" />
  <testcase classname="ptolemy.util.test.junit.AutoTests" name="[70] /home/travis/build/icyphy/ptII/ptolemy/domains/de/test/auto/TimingParadox.xml (RunModel)" time="0.366" />
  <testcase classname="ptolemy.util.test.junit.AutoTests" name="[71] /home/travis/build/icyphy/ptII/ptolemy/domains/de/test/auto/TransferInputs.xml (RunModel)" time="0.021" />
  <testcase classname="ptolemy.util.test.junit.AutoTests" name="[72] /home/travis/build/icyphy/ptII/ptolemy/domains/de/test/auto/TransferOutputs2.xml (RunModel)" time="0.018" />
  <testcase classname="ptolemy.util.test.junit.AutoTests" name="[73] /home/travis/build/icyphy/ptII/ptolemy/domains/de/test/auto/Trilateration.xml (RunModel)" time="11.954" />
  <testcase classname="ptolemy.util.test.junit.AutoTests" name="[74] /home/travis/build/icyphy/ptII/ptolemy/domains/de/test/auto/TwoSigmaDelta.xml (RunModel)" time="2.418" />
  <testcase classname="ptolemy.util.test.junit.AutoTests" name="[75] /home/travis/build/icyphy/ptII/ptolemy/domains/de/test/auto/VariableDelay.xml (RunModel)" time="0.011" />
  <testcase classname="ptolemy.util.test.junit.AutoTests" name="[76] /home/travis/build/icyphy/ptII/ptolemy/domains/de/test/auto/VariableDelay2.xml (RunModel)" time="0.01" />
  <testcase classname="ptolemy.util.test.junit.AutoTests" name="[77] /home/travis/build/icyphy/ptII/ptolemy/domains/de/test/auto/VariableDelayZeroDelay.xml (RunModel)" time="0.01" />
  <testcase classname="ptolemy.util.test.junit.AutoTests" name="[78] /home/travis/build/icyphy/ptII/ptolemy/domains/de/test/auto/VariableDelayZeroDelay2.xml (RunModel)" time="0.009" />
  <testcase classname="ptolemy.util.test.junit.AutoTests" name="[79] /home/travis/build/icyphy/ptII/ptolemy/domains/de/test/auto/deInCt.xml (RunModel)" time="0.018" />
  <testcase classname="ptolemy.util.test.junit.AutoTests" name="[80] /home/travis/build/icyphy/ptII/ptolemy/domains/de/test/auto/deInCt2.xml (RunModel)" time="0.019" />
  <testcase classname="ptolemy.util.test.junit.AutoTests" name="[81] /home/travis/build/icyphy/ptII/ptolemy/domains/de/test/auto/dynamicCausalityInterface1.xml (RunModel)" time="0.019" />
  <testcase classname="ptolemy.util.test.junit.AutoTests" name="[82] /home/travis/build/icyphy/ptII/ptolemy/domains/de/test/auto/fsm_de_test.xml (RunModel)" time="0.025" />
  <testcase classname="ptolemy.util.test.junit.AutoTests" name="[83] /home/travis/build/icyphy/ptII/ptolemy/domains/de/test/auto/functionDependencyReconstruction.xml (RunModel)" time="0.031" />
  <testcase classname="ptolemy.util.test.junit.AutoTests" name="[84] /home/travis/build/icyphy/ptII/ptolemy/domains/de/test/auto/multirate.xml (RunModel)" time="0.017" />
  <testcase classname="ptolemy.util.test.junit.AutoTests" name="[85] /home/travis/build/icyphy/ptII/ptolemy/domains/de/test/auto/multirate2.xml (RunModel)" time="0.018" />
  <testcase classname="ptolemy.util.test.junit.AutoTests" name="[86] /home/travis/build/icyphy/ptII/ptolemy/domains/de/test/auto/realtime.xml (RunModel)" time="10.01" />
  <testcase classname="ptolemy.util.test.junit.AutoTests" name="[87] /home/travis/build/icyphy/ptII/ptolemy/domains/de/test/auto/relationGroup.xml (RunModel)" time="0.008" />
  <testcase classname="ptolemy.util.test.junit.AutoTests" name="[88] /home/travis/build/icyphy/ptII/ptolemy/domains/de/test/auto/relationGroup2.xml (RunModel)" time="0.005" />
  <testcase classname="ptolemy.util.test.junit.AutoTests" name="[89] /home/travis/build/icyphy/ptII/ptolemy/domains/de/test/auto/sortWithOpaquePorts.xml (RunModel)" time="0.013" />
  <testcase classname="ptolemy.util.test.junit.AutoTests" name="[90] /home/travis/build/icyphy/ptII/ptolemy/domains/de/test/auto/transferInputsandOutputs.xml (RunModel)" time="0.014" />
  <testcase classname="ptolemy.util.test.junit.AutoTests" name="[91] /home/travis/build/icyphy/ptII/ptolemy/domains/de/test/auto/triggerType.xml (RunModel)" time="0.006" />
  <system-out><![CDATA[/home/travis/build/icyphy/ptII/ptolemy/domains/de/test/DependencyLoop.tcl
testDefs.tcl: setting time out to 9000 seconds at Sat Apr 13 04:01:31 UTC 2019
17 ms. Memory: 116224K Free: 97636K (84%)
20 ms. Memory: 146944K Free: 141166K (96%)
/home/travis/build/icyphy/ptII/ptolemy/domains/de/test/RunDETestsAsQSS.tcl
Run the DE tests using ptolemy.domains.qss.test.QSSDirectorTest, which extends QSSDirector and prints a message in the constructors.
------------------ testing $PTII/ptolemy/domains/de/test/auto/knownFailedTests/dependencyLoop.xml (Known Failure) 
15 ms. Memory: 146944K Free: 136921K (93%)


==== $PTIIhome/travis/build/icyphy/ptII/ptolemy/domains/de/test/../../../../: Auto Automatic test in file $PTII/ptolemy/domains/de/test/auto/knownFailedTests/dependencyLoop.xml
==== Contents of test case:

	    # FIXME: we should use $relativeFilename here, but it
	    # might have backslashes under Windows, which causes no end
	    # of trouble.
	    createAndExecute $file
	    list {}
	
.... Test generated KNOWN error:
    while executing
ptolemy.kernel.util.IllegalActionException: Found a zero delay loop containing .dependencyLoop.original
  in .dependencyLoop and .dependencyLoop.original
	at ptolemy.actor.util.CausalityInterfaceForComposites._computeOutputPortDepth(CausalityInterfaceForComposites.java:759)
	at ptolemy.actor.util.CausalityInterfaceForComposites._computeInputDepth(CausalityInterfaceForComposites.java:696)
	at ptolemy.actor.util.CausalityInterfaceForComposites._computeOutputPortDepth(CausalityInterfaceForComposites.java:765)
	at ptolemy.actor.util.CausalityInterfaceForComposites._computeInputDepth(CausalityInterfaceForComposites.java:696)
	at ptolemy.actor.util.CausalityInterfaceForComposites._computeOutputPortDepth(CausalityInterfaceForComposites.java:765)
	at ptolemy.actor.util.CausalityInterfaceForComposites._computeInputDepth(CausalityInterfaceForComposites.java:696)
	at ptolemy.actor.util.CausalityInterfaceForComposites._computeActorDepth(CausalityInterfaceForComposites.java:532)
	at ptolemy.actor.util.CausalityInterfaceForComposites.checkForCycles(CausalityInterfaceForComposites.java:96)
	at ptolemy.domains.de.kernel.DEDirector.preinitialize(DEDirector.java:1338)
	at ptolemy.actor.CompositeActor.preinitialize(CompositeActor.java:1828)
	at ptolemy.actor.Manager.preinitializeAndResolveTypes(Manager.java:1040)
	at ptolemy.actor.Manager.initialize(Manager.java:710)
	at ptolemy.actor.Manager.execute(Manager.java:356)
	at ptolemy.actor.Manager.run(Manager.java:1263)
	at ptolemy.actor.Manager$PtolemyRunThread.run(Manager.java:1915)

    while executing
ptolemy.kernel.util.IllegalActionException: Found a zero delay loop containing .dependencyLoop.original
  in .dependencyLoop and .dependencyLoop.original
    while executing
"java::new ptolemy.moml.MoMLSimpleApplication $file
"
    (procedure "createAndExecute" line 2)
    invoked from within
"createAndExecute $file"
    ("uplevel" body line 5)
    invoked from within
"uplevel $contents_of_test"
------------------ testing $PTII/ptolemy/domains/de/test/auto/knownFailedTests/DESDFClockTest.xml (Known Failure) 
2087 ms. Memory: 146944K Free: 121364K (83%)


==== $PTIIhome/travis/build/icyphy/ptII/ptolemy/domains/de/test/../../../../: Auto Automatic test in file $PTII/ptolemy/domains/de/test/auto/knownFailedTests/DESDFClockTest.xml
==== Contents of test case:

	    # FIXME: we should use $relativeFilename here, but it
	    # might have backslashes under Windows, which causes no end
	    # of trouble.
	    createAndExecute $file
	    list {}
	
.... Test generated KNOWN error:
    while executing
ptolemy.kernel.util.IllegalActionException: Actor is not ready to fire.  Perhaps UpSample.prefire() returned false? Try debugging the actor by selecting "Listen to Actor".  Also, for SDF check moml for tokenConsumptionRate on input.
  in .DESDFClockTest.Play Bell.Copy1:SDF Director and .DESDFClockTest.Play Bell.UpSample
	at ptolemy.actor.sched.StaticSchedulingDirector.fire(StaticSchedulingDirector.java:227)
	at ptolemy.domains.sdf.kernel.SDFDirector.fire(SDFDirector.java:500)
	at ptolemy.actor.CompositeActor.fire(CompositeActor.java:455)
	at ptolemy.domains.de.kernel.DEDirector._fire(DEDirector.java:1949)
	at ptolemy.domains.de.kernel.DEDirector.fire(DEDirector.java:502)
	at ptolemy.actor.CompositeActor.fire(CompositeActor.java:455)
	at ptolemy.actor.Manager.iterate(Manager.java:851)
	at ptolemy.actor.Manager.execute(Manager.java:369)
	at ptolemy.actor.Manager.run(Manager.java:1263)
	at ptolemy.actor.Manager$PtolemyRunThread.run(Manager.java:1915)

    while executing
ptolemy.kernel.util.IllegalActionException: Actor is not ready to fire.  Perhaps UpSample.prefire() returned false? Try debugging the actor by selecting "Listen to Actor".  Also, for SDF check moml for tokenConsumptionRate on input.
  in .DESDFClockTest.Play Bell.Copy1:SDF Director and .DESDFClockTest.Play Bell.UpSample
    while executing
"java::new ptolemy.moml.MoMLSimpleApplication $file
"
    (procedure "createAndExecute" line 2)
    invoked from within
"createAndExecute $file"
    ("uplevel" body line 5)
    invoked from within
"uplevel $contents_of_test"
------------------ testing $PTII/ptolemy/domains/de/test/auto/knownFailedTests/FSMSource.xml (Known Failure) 
38 ms. Memory: 146944K Free: 112540K (77%)
!!!! Auto was marked as failing, but now passes
------------------ testing $PTII/ptolemy/domains/de/test/auto/knownFailedTests/dependencyLoop2.xml (Known Failure) 
9 ms. Memory: 146944K Free: 110657K (75%)


==== $PTIIhome/travis/build/icyphy/ptII/ptolemy/domains/de/test/../../../../: Auto Automatic test in file $PTII/ptolemy/domains/de/test/auto/knownFailedTests/dependencyLoop2.xml
==== Contents of test case:

	    # FIXME: we should use $relativeFilename here, but it
	    # might have backslashes under Windows, which causes no end
	    # of trouble.
	    createAndExecute $file
	    list {}
	
.... Test generated KNOWN error:
    while executing
ptolemy.kernel.util.IllegalActionException: Found a zero delay loop containing .dependencyLoop2.original
  in .dependencyLoop2 and .dependencyLoop2.original
	at ptolemy.actor.util.CausalityInterfaceForComposites._computeOutputPortDepth(CausalityInterfaceForComposites.java:759)
	at ptolemy.actor.util.CausalityInterfaceForComposites._computeInputDepth(CausalityInterfaceForComposites.java:696)
	at ptolemy.actor.util.CausalityInterfaceForComposites._computeOutputPortDepth(CausalityInterfaceForComposites.java:765)
	at ptolemy.actor.util.CausalityInterfaceForComposites._computeInputDepth(CausalityInterfaceForComposites.java:696)
	at ptolemy.actor.util.CausalityInterfaceForComposites._computeOutputPortDepth(CausalityInterfaceForComposites.java:765)
	at ptolemy.actor.util.CausalityInterfaceForComposites._computeInputDepth(CausalityInterfaceForComposites.java:696)
	at ptolemy.actor.util.CausalityInterfaceForComposites._computeActorDepth(CausalityInterfaceForComposites.java:532)
	at ptolemy.actor.util.CausalityInterfaceForComposites.checkForCycles(CausalityInterfaceForComposites.java:96)
	at ptolemy.domains.de.kernel.DEDirector.preinitialize(DEDirector.java:1338)
	at ptolemy.actor.CompositeActor.preinitialize(CompositeActor.java:1828)
	at ptolemy.actor.Manager.preinitializeAndResolveTypes(Manager.java:1040)
	at ptolemy.actor.Manager.initialize(Manager.java:710)
	at ptolemy.actor.Manager.execute(Manager.java:356)
	at ptolemy.actor.Manager.run(Manager.java:1263)
	at ptolemy.actor.Manager$PtolemyRunThread.run(Manager.java:1915)

    while executing
ptolemy.kernel.util.IllegalActionException: Found a zero delay loop containing .dependencyLoop2.original
  in .dependencyLoop2 and .dependencyLoop2.original
    while executing
"java::new ptolemy.moml.MoMLSimpleApplication $file
"
    (procedure "createAndExecute" line 2)
    invoked from within
"createAndExecute $file"
    ("uplevel" body line 5)
    invoked from within
"uplevel $contents_of_test"
------------------ testing $PTII/ptolemy/domains/de/test/auto/knownFailedTests/HierarchicalModel.xml (Known Failure) 
6 ms. Memory: 146944K Free: 90515K (62%)


==== $PTIIhome/travis/build/icyphy/ptII/ptolemy/domains/de/test/../../../../: Auto Automatic test in file $PTII/ptolemy/domains/de/test/auto/knownFailedTests/HierarchicalModel.xml
==== Contents of test case:

	    # FIXME: we should use $relativeFilename here, but it
	    # might have backslashes under Windows, which causes no end
	    # of trouble.
	    createAndExecute $file
	    list {}
	
.... Test generated KNOWN error:
    while executing
ptolemy.kernel.util.IllegalActionException: Found a zero delay loop containing .HierarchicalModel.A
  in .HierarchicalModel and .HierarchicalModel.A
	at ptolemy.actor.util.CausalityInterfaceForComposites._computeOutputPortDepth(CausalityInterfaceForComposites.java:759)
	at ptolemy.actor.util.CausalityInterfaceForComposites._computeInputDepth(CausalityInterfaceForComposites.java:696)
	at ptolemy.actor.util.CausalityInterfaceForComposites._computeOutputPortDepth(CausalityInterfaceForComposites.java:765)
	at ptolemy.actor.util.CausalityInterfaceForComposites._computeInputDepth(CausalityInterfaceForComposites.java:696)
	at ptolemy.actor.util.CausalityInterfaceForComposites._computeOutputPortDepth(CausalityInterfaceForComposites.java:765)
	at ptolemy.actor.util.CausalityInterfaceForComposites._computeInputDepth(CausalityInterfaceForComposites.java:696)
	at ptolemy.actor.util.CausalityInterfaceForComposites._computeActorDepth(CausalityInterfaceForComposites.java:532)
	at ptolemy.actor.util.CausalityInterfaceForComposites.checkForCycles(CausalityInterfaceForComposites.java:96)
	at ptolemy.domains.de.kernel.DEDirector.preinitialize(DEDirector.java:1338)
	at ptolemy.actor.CompositeActor.preinitialize(CompositeActor.java:1828)
	at ptolemy.actor.Manager.preinitializeAndResolveTypes(Manager.java:1040)
	at ptolemy.actor.Manager.initialize(Manager.java:710)
	at ptolemy.actor.Manager.execute(Manager.java:356)
	at ptolemy.actor.Manager.run(Manager.java:1263)
	at ptolemy.actor.Manager$PtolemyRunThread.run(Manager.java:1915)

    while executing
ptolemy.kernel.util.IllegalActionException: Found a zero delay loop containing .HierarchicalModel.A
  in .HierarchicalModel and .HierarchicalModel.A
    while executing
"java::new ptolemy.moml.MoMLSimpleApplication $file
"
    (procedure "createAndExecute" line 2)
    invoked from within
"createAndExecute $file"
    ("uplevel" body line 5)
    invoked from within
"uplevel $contents_of_test"
------------------ testing $PTII/ptolemy/domains/de/test/auto/knownFailedTests/DirectFeedback.xml (Known Failure) 
23 ms. Memory: 146944K Free: 86406K (59%)


==== $PTIIhome/travis/build/icyphy/ptII/ptolemy/domains/de/test/../../../../: Auto Automatic test in file $PTII/ptolemy/domains/de/test/auto/knownFailedTests/DirectFeedback.xml
==== Contents of test case:

	    # FIXME: we should use $relativeFilename here, but it
	    # might have backslashes under Windows, which causes no end
	    # of trouble.
	    createAndExecute $file
	    list {}
	
.... Test generated KNOWN error:
    while executing
ptolemy.kernel.util.IllegalActionException: Test fails in iteration 1.
Value was: 1.0. Should have been: 2.0
  in .DirectFeedback.Test
	at ptolemy.actor.lib.Test.fire(Test.java:268)
	at ptolemy.domains.de.kernel.DEDirector._fire(DEDirector.java:1949)
	at ptolemy.domains.de.kernel.DEDirector.fire(DEDirector.java:502)
	at ptolemy.actor.CompositeActor.fire(CompositeActor.java:455)
	at ptolemy.actor.Manager.iterate(Manager.java:851)
	at ptolemy.actor.Manager.execute(Manager.java:369)
	at ptolemy.actor.Manager.run(Manager.java:1263)
	at ptolemy.actor.Manager$PtolemyRunThread.run(Manager.java:1915)

    while executing
ptolemy.kernel.util.IllegalActionException: Test fails in iteration 1.
Value was: 1.0. Should have been: 2.0
  in .DirectFeedback.Test
    while executing
"java::new ptolemy.moml.MoMLSimpleApplication $file
"
    (procedure "createAndExecute" line 2)
    invoked from within
"createAndExecute $file"
    ("uplevel" body line 5)
    invoked from within
"uplevel $contents_of_test"
------------------ testing $PTII/ptolemy/domains/de/test/auto/ActorDepthCalculation_actorWithoutPorts.xml
auto.tcl: Setting watchdog for 200 seconds at Sat Apr 13 04:01:34 UTC 2019
8 ms. Memory: 146944K Free: 138727K (94%)
ptolemy.util.test.WatchDog.cancel(): canceling Sat Apr 13 04:01:35 UTC 2019
auto.tcl: Setting watchdog for 200 seconds at Sat Apr 13 04:01:35 UTC 2019
9 ms. Memory: 146944K Free: 137707K (94%)
ptolemy.util.test.WatchDog.cancel(): canceling Sat Apr 13 04:01:35 UTC 2019
------------------ testing $PTII/ptolemy/domains/de/test/auto/AssemblyLine.xml
auto.tcl: Setting watchdog for 200 seconds at Sat Apr 13 04:01:35 UTC 2019
22 ms. Memory: 208384K Free: 183397K (88%)
ptolemy.util.test.WatchDog.cancel(): canceling Sat Apr 13 04:01:35 UTC 2019
auto.tcl: Setting watchdog for 200 seconds at Sat Apr 13 04:01:35 UTC 2019
7 ms. Memory: 208384K Free: 183397K (88%)
ptolemy.util.test.WatchDog.cancel(): canceling Sat Apr 13 04:01:35 UTC 2019
------------------ testing $PTII/ptolemy/domains/de/test/auto/CQBug1.xml
auto.tcl: Setting watchdog for 200 seconds at Sat Apr 13 04:01:35 UTC 2019
3 ms. Memory: 208384K Free: 197903K (95%)
ptolemy.util.test.WatchDog.cancel(): canceling Sat Apr 13 04:01:35 UTC 2019
auto.tcl: Setting watchdog for 200 seconds at Sat Apr 13 04:01:35 UTC 2019
2 ms. Memory: 208384K Free: 197903K (95%)
ptolemy.util.test.WatchDog.cancel(): canceling Sat Apr 13 04:01:35 UTC 2019
------------------ testing $PTII/ptolemy/domains/de/test/auto/CancelFireAt.xml
auto.tcl: Setting watchdog for 200 seconds at Sat Apr 13 04:01:35 UTC 2019
4 ms. Memory: 208384K Free: 201564K (97%)
ptolemy.util.test.WatchDog.cancel(): canceling Sat Apr 13 04:01:35 UTC 2019
auto.tcl: Setting watchdog for 200 seconds at Sat Apr 13 04:01:35 UTC 2019
4 ms. Memory: 208384K Free: 199523K (96%)
ptolemy.util.test.WatchDog.cancel(): canceling Sat Apr 13 04:01:35 UTC 2019
------------------ testing $PTII/ptolemy/domains/de/test/auto/CausalityAndComposabilityAnalysis.xml
auto.tcl: Setting watchdog for 200 seconds at Sat Apr 13 04:01:35 UTC 2019
15 ms. Memory: 208384K Free: 199121K (96%)
ptolemy.util.test.WatchDog.cancel(): canceling Sat Apr 13 04:01:35 UTC 2019
auto.tcl: Setting watchdog for 200 seconds at Sat Apr 13 04:01:35 UTC 2019
5 ms. Memory: 208384K Free: 197081K (95%)
ptolemy.util.test.WatchDog.cancel(): canceling Sat Apr 13 04:01:35 UTC 2019
------------------ testing $PTII/ptolemy/domains/de/test/auto/CausalityInterface1.xml
auto.tcl: Setting watchdog for 200 seconds at Sat Apr 13 04:01:35 UTC 2019
20 ms. Memory: 208384K Free: 196500K (94%)
ptolemy.util.test.WatchDog.cancel(): canceling Sat Apr 13 04:01:36 UTC 2019
auto.tcl: Setting watchdog for 200 seconds at Sat Apr 13 04:01:36 UTC 2019
4 ms. Memory: 208384K Free: 196500K (94%)
ptolemy.util.test.WatchDog.cancel(): canceling Sat Apr 13 04:01:36 UTC 2019
------------------ testing $PTII/ptolemy/domains/de/test/auto/CausalityInterface15.xml
auto.tcl: Setting watchdog for 200 seconds at Sat Apr 13 04:01:36 UTC 2019
12 ms. Memory: 208384K Free: 196458K (94%)
ptolemy.util.test.WatchDog.cancel(): canceling Sat Apr 13 04:01:36 UTC 2019
auto.tcl: Setting watchdog for 200 seconds at Sat Apr 13 04:01:36 UTC 2019
7 ms. Memory: 208384K Free: 196458K (94%)
ptolemy.util.test.WatchDog.cancel(): canceling Sat Apr 13 04:01:36 UTC 2019
------------------ testing $PTII/ptolemy/domains/de/test/auto/CausalityInterface2.xml
auto.tcl: Setting watchdog for 200 seconds at Sat Apr 13 04:01:36 UTC 2019
3 ms. Memory: 208384K Free: 196372K (94%)
ptolemy.util.test.WatchDog.cancel(): canceling Sat Apr 13 04:01:36 UTC 2019
auto.tcl: Setting watchdog for 200 seconds at Sat Apr 13 04:01:36 UTC 2019
3 ms. Memory: 208384K Free: 196372K (94%)
ptolemy.util.test.WatchDog.cancel(): canceling Sat Apr 13 04:01:36 UTC 2019
------------------ testing $PTII/ptolemy/domains/de/test/auto/CausalityInterface3.xml
auto.tcl: Setting watchdog for 200 seconds at Sat Apr 13 04:01:36 UTC 2019
8 ms. Memory: 208384K Free: 196384K (94%)
ptolemy.util.test.WatchDog.cancel(): canceling Sat Apr 13 04:01:36 UTC 2019
auto.tcl: Setting watchdog for 200 seconds at Sat Apr 13 04:01:36 UTC 2019
3 ms. Memory: 208384K Free: 196384K (94%)
ptolemy.util.test.WatchDog.cancel(): canceling Sat Apr 13 04:01:36 UTC 2019
------------------ testing $PTII/ptolemy/domains/de/test/auto/ClockDrift.xml
auto.tcl: Setting watchdog for 200 seconds at Sat Apr 13 04:01:36 UTC 2019
90 ms. Memory: 208384K Free: 187793K (90%)
ptolemy.util.test.WatchDog.cancel(): canceling Sat Apr 13 04:01:36 UTC 2019
auto.tcl: Setting watchdog for 200 seconds at Sat Apr 13 04:01:36 UTC 2019
37 ms. Memory: 208384K Free: 185752K (89%)
ptolemy.util.test.WatchDog.cancel(): canceling Sat Apr 13 04:01:36 UTC 2019
------------------ testing $PTII/ptolemy/domains/de/test/auto/ClockDriftAndValueChange.xml
auto.tcl: Setting watchdog for 200 seconds at Sat Apr 13 04:01:36 UTC 2019
62 ms. Memory: 208384K Free: 187623K (90%)
ptolemy.util.test.WatchDog.cancel(): canceling Sat Apr 13 04:01:36 UTC 2019
auto.tcl: Setting watchdog for 200 seconds at Sat Apr 13 04:01:36 UTC 2019
47 ms. Memory: 208384K Free: 185582K (89%)
ptolemy.util.test.WatchDog.cancel(): canceling Sat Apr 13 04:01:36 UTC 2019
------------------ testing $PTII/ptolemy/domains/de/test/auto/ClockDriftChange.xml
auto.tcl: Setting watchdog for 200 seconds at Sat Apr 13 04:01:36 UTC 2019
39 ms. Memory: 208384K Free: 190637K (91%)
ptolemy.util.test.WatchDog.cancel(): canceling Sat Apr 13 04:01:37 UTC 2019
auto.tcl: Setting watchdog for 200 seconds at Sat Apr 13 04:01:37 UTC 2019
28 ms. Memory: 208384K Free: 188596K (91%)
ptolemy.util.test.WatchDog.cancel(): canceling Sat Apr 13 04:01:37 UTC 2019
------------------ testing $PTII/ptolemy/domains/de/test/auto/ComposableCausalityAnalysis.xml
auto.tcl: Setting watchdog for 200 seconds at Sat Apr 13 04:01:37 UTC 2019
3 ms. Memory: 208384K Free: 195740K (94%)
ptolemy.util.test.WatchDog.cancel(): canceling Sat Apr 13 04:01:37 UTC 2019
auto.tcl: Setting watchdog for 200 seconds at Sat Apr 13 04:01:37 UTC 2019
2 ms. Memory: 208384K Free: 193699K (93%)
ptolemy.util.test.WatchDog.cancel(): canceling Sat Apr 13 04:01:37 UTC 2019
------------------ testing $PTII/ptolemy/domains/de/test/auto/DEFixedPointLimitation.xml
auto.tcl: Setting watchdog for 200 seconds at Sat Apr 13 04:01:37 UTC 2019
2 ms. Memory: 208384K Free: 197861K (95%)
ptolemy.util.test.WatchDog.cancel(): canceling Sat Apr 13 04:01:37 UTC 2019
auto.tcl: Setting watchdog for 200 seconds at Sat Apr 13 04:01:37 UTC 2019
1 ms. Memory: 208384K Free: 195820K (94%)
ptolemy.util.test.WatchDog.cancel(): canceling Sat Apr 13 04:01:37 UTC 2019
------------------ testing $PTII/ptolemy/domains/de/test/auto/DEScheduleTest.xml
auto.tcl: Setting watchdog for 200 seconds at Sat Apr 13 04:01:37 UTC 2019
4 ms. Memory: 208384K Free: 198416K (95%)
ptolemy.util.test.WatchDog.cancel(): canceling Sat Apr 13 04:01:37 UTC 2019
auto.tcl: Setting watchdog for 200 seconds at Sat Apr 13 04:01:37 UTC 2019
8 ms. Memory: 208384K Free: 195856K (94%)
ptolemy.util.test.WatchDog.cancel(): canceling Sat Apr 13 04:01:37 UTC 2019
------------------ testing $PTII/ptolemy/domains/de/test/auto/DEinDEwithStartTimes.xml
auto.tcl: Setting watchdog for 200 seconds at Sat Apr 13 04:01:37 UTC 2019
4 ms. Memory: 208384K Free: 195825K (94%)
ptolemy.util.test.WatchDog.cancel(): canceling Sat Apr 13 04:01:37 UTC 2019
auto.tcl: Setting watchdog for 200 seconds at Sat Apr 13 04:01:37 UTC 2019
4 ms. Memory: 208384K Free: 195825K (94%)
ptolemy.util.test.WatchDog.cancel(): canceling Sat Apr 13 04:01:37 UTC 2019
------------------ testing $PTII/ptolemy/domains/de/test/auto/DEinDEwithStartTimes2.xml
auto.tcl: Setting watchdog for 200 seconds at Sat Apr 13 04:01:37 UTC 2019
5 ms. Memory: 208384K Free: 195805K (94%)
ptolemy.util.test.WatchDog.cancel(): canceling Sat Apr 13 04:01:37 UTC 2019
auto.tcl: Setting watchdog for 200 seconds at Sat Apr 13 04:01:37 UTC 2019
8 ms. Memory: 208384K Free: 193764K (93%)
ptolemy.util.test.WatchDog.cancel(): canceling Sat Apr 13 04:01:37 UTC 2019
------------------ testing $PTII/ptolemy/domains/de/test/auto/DateDemo.xml
auto.tcl: Setting watchdog for 200 seconds at Sat Apr 13 04:01:37 UTC 2019
9 ms. Memory: 208384K Free: 188412K (90%)
ptolemy.util.test.WatchDog.cancel(): canceling Sat Apr 13 04:01:37 UTC 2019
auto.tcl: Setting watchdog for 200 seconds at Sat Apr 13 04:01:37 UTC 2019
7 ms. Memory: 208384K Free: 186371K (89%)
ptolemy.util.test.WatchDog.cancel(): canceling Sat Apr 13 04:01:37 UTC 2019
------------------ testing $PTII/ptolemy/domains/de/test/auto/DateToEvent.xml
auto.tcl: Setting watchdog for 200 seconds at Sat Apr 13 04:01:37 UTC 2019
2022 ms. Memory: 208384K Free: 183296K (88%)
ptolemy.util.test.WatchDog.cancel(): canceling Sat Apr 13 04:01:39 UTC 2019
auto.tcl: Setting watchdog for 200 seconds at Sat Apr 13 04:01:39 UTC 2019
2006 ms. Memory: 208384K Free: 180839K (87%)
ptolemy.util.test.WatchDog.cancel(): canceling Sat Apr 13 04:01:41 UTC 2019
------------------ testing $PTII/ptolemy/domains/de/test/auto/DepthTest1.xml
auto.tcl: Setting watchdog for 200 seconds at Sat Apr 13 04:01:41 UTC 2019
3 ms. Memory: 208384K Free: 197423K (95%)
ptolemy.util.test.WatchDog.cancel(): canceling Sat Apr 13 04:01:41 UTC 2019
auto.tcl: Setting watchdog for 200 seconds at Sat Apr 13 04:01:41 UTC 2019
2 ms. Memory: 208384K Free: 197423K (95%)
ptolemy.util.test.WatchDog.cancel(): canceling Sat Apr 13 04:01:41 UTC 2019
------------------ testing $PTII/ptolemy/domains/de/test/auto/DepthTest2.xml
auto.tcl: Setting watchdog for 200 seconds at Sat Apr 13 04:01:41 UTC 2019
9 ms. Memory: 208384K Free: 193775K (93%)
ptolemy.util.test.WatchDog.cancel(): canceling Sat Apr 13 04:01:42 UTC 2019
auto.tcl: Setting watchdog for 200 seconds at Sat Apr 13 04:01:42 UTC 2019
4 ms. Memory: 208384K Free: 193775K (93%)
ptolemy.util.test.WatchDog.cancel(): canceling Sat Apr 13 04:01:42 UTC 2019
------------------ testing $PTII/ptolemy/domains/de/test/auto/DepthTest3.xml
auto.tcl: Setting watchdog for 200 seconds at Sat Apr 13 04:01:42 UTC 2019
7 ms. Memory: 208384K Free: 197758K (95%)
ptolemy.util.test.WatchDog.cancel(): canceling Sat Apr 13 04:01:42 UTC 2019
auto.tcl: Setting watchdog for 200 seconds at Sat Apr 13 04:01:42 UTC 2019
2 ms. Memory: 208384K Free: 197758K (95%)
ptolemy.util.test.WatchDog.cancel(): canceling Sat Apr 13 04:01:42 UTC 2019
------------------ testing $PTII/ptolemy/domains/de/test/auto/DepthTest4.xml
auto.tcl: Setting watchdog for 200 seconds at Sat Apr 13 04:01:42 UTC 2019
5 ms. Memory: 208384K Free: 195805K (94%)
ptolemy.util.test.WatchDog.cancel(): canceling Sat Apr 13 04:01:42 UTC 2019
auto.tcl: Setting watchdog for 200 seconds at Sat Apr 13 04:01:42 UTC 2019
2 ms. Memory: 208384K Free: 195805K (94%)
ptolemy.util.test.WatchDog.cancel(): canceling Sat Apr 13 04:01:42 UTC 2019
------------------ testing $PTII/ptolemy/domains/de/test/auto/DepthTest5.xml
auto.tcl: Setting watchdog for 200 seconds at Sat Apr 13 04:01:42 UTC 2019
6 ms. Memory: 208384K Free: 196271K (94%)
ptolemy.util.test.WatchDog.cancel(): canceling Sat Apr 13 04:01:42 UTC 2019
auto.tcl: Setting watchdog for 200 seconds at Sat Apr 13 04:01:42 UTC 2019
2 ms. Memory: 208384K Free: 196271K (94%)
ptolemy.util.test.WatchDog.cancel(): canceling Sat Apr 13 04:01:42 UTC 2019
------------------ testing $PTII/ptolemy/domains/de/test/auto/DepthTest6.xml
auto.tcl: Setting watchdog for 200 seconds at Sat Apr 13 04:01:42 UTC 2019
10 ms. Memory: 208384K Free: 195727K (94%)
ptolemy.util.test.WatchDog.cancel(): canceling Sat Apr 13 04:01:42 UTC 2019
auto.tcl: Setting watchdog for 200 seconds at Sat Apr 13 04:01:42 UTC 2019
2 ms. Memory: 208384K Free: 195727K (94%)
ptolemy.util.test.WatchDog.cancel(): canceling Sat Apr 13 04:01:42 UTC 2019
------------------ testing $PTII/ptolemy/domains/de/test/auto/DepthTest7.xml
auto.tcl: Setting watchdog for 200 seconds at Sat Apr 13 04:01:42 UTC 2019
6 ms. Memory: 208384K Free: 195708K (94%)
ptolemy.util.test.WatchDog.cancel(): canceling Sat Apr 13 04:01:42 UTC 2019
auto.tcl: Setting watchdog for 200 seconds at Sat Apr 13 04:01:42 UTC 2019
1 ms. Memory: 208384K Free: 195708K (94%)
ptolemy.util.test.WatchDog.cancel(): canceling Sat Apr 13 04:01:42 UTC 2019
------------------ testing $PTII/ptolemy/domains/de/test/auto/EventToDate.xml
auto.tcl: Setting watchdog for 200 seconds at Sat Apr 13 04:01:42 UTC 2019
3015 ms. Memory: 208384K Free: 185519K (89%)
ptolemy.util.test.WatchDog.cancel(): canceling Sat Apr 13 04:01:45 UTC 2019
auto.tcl: Setting watchdog for 200 seconds at Sat Apr 13 04:01:45 UTC 2019
3005 ms. Memory: 208384K Free: 185519K (89%)
ptolemy.util.test.WatchDog.cancel(): canceling Sat Apr 13 04:01:48 UTC 2019
------------------ testing $PTII/ptolemy/domains/de/test/auto/FSM1.xml
auto.tcl: Setting watchdog for 200 seconds at Sat Apr 13 04:01:48 UTC 2019
44 ms. Memory: 208384K Free: 188879K (91%)
ptolemy.util.test.WatchDog.cancel(): canceling Sat Apr 13 04:01:48 UTC 2019
auto.tcl: Setting watchdog for 200 seconds at Sat Apr 13 04:01:48 UTC 2019
25 ms. Memory: 208384K Free: 184797K (89%)
ptolemy.util.test.WatchDog.cancel(): canceling Sat Apr 13 04:01:48 UTC 2019
------------------ testing $PTII/ptolemy/domains/de/test/auto/FSM7.xml
auto.tcl: Setting watchdog for 200 seconds at Sat Apr 13 04:01:48 UTC 2019
29 ms. Memory: 208384K Free: 189601K (91%)
ptolemy.util.test.WatchDog.cancel(): canceling Sat Apr 13 04:01:48 UTC 2019
auto.tcl: Setting watchdog for 200 seconds at Sat Apr 13 04:01:48 UTC 2019
20 ms. Memory: 208384K Free: 185000K (89%)
ptolemy.util.test.WatchDog.cancel(): canceling Sat Apr 13 04:01:48 UTC 2019
------------------ testing $PTII/ptolemy/domains/de/test/auto/Inspection.xml
auto.tcl: Setting watchdog for 200 seconds at Sat Apr 13 04:01:48 UTC 2019
25 ms. Memory: 208384K Free: 188248K (90%)
ptolemy.util.test.WatchDog.cancel(): canceling Sat Apr 13 04:01:48 UTC 2019
auto.tcl: Setting watchdog for 200 seconds at Sat Apr 13 04:01:48 UTC 2019
34 ms. Memory: 208384K Free: 186207K (89%)
ptolemy.util.test.WatchDog.cancel(): canceling Sat Apr 13 04:01:49 UTC 2019
------------------ testing $PTII/ptolemy/domains/de/test/auto/Iteration.xml
auto.tcl: Setting watchdog for 200 seconds at Sat Apr 13 04:01:49 UTC 2019
9 ms. Memory: 208384K Free: 195515K (94%)
ptolemy.util.test.WatchDog.cancel(): canceling Sat Apr 13 04:01:49 UTC 2019
auto.tcl: Setting watchdog for 200 seconds at Sat Apr 13 04:01:49 UTC 2019
6 ms. Memory: 208384K Free: 193474K (93%)
ptolemy.util.test.WatchDog.cancel(): canceling Sat Apr 13 04:01:49 UTC 2019
------------------ testing $PTII/ptolemy/domains/de/test/auto/LineFault.xml
auto.tcl: Setting watchdog for 200 seconds at Sat Apr 13 04:01:49 UTC 2019
720 ms. Memory: 208384K Free: 199267K (96%)
ptolemy.util.test.WatchDog.cancel(): canceling Sat Apr 13 04:01:50 UTC 2019
auto.tcl: Setting watchdog for 200 seconds at Sat Apr 13 04:01:50 UTC 2019
656 ms. Memory: 208384K Free: 139411K (67%)
ptolemy.util.test.WatchDog.cancel(): canceling Sat Apr 13 04:01:50 UTC 2019
------------------ testing $PTII/ptolemy/domains/de/test/auto/MergeModel1Add.xml
auto.tcl: Setting watchdog for 200 seconds at Sat Apr 13 04:01:50 UTC 2019
19 ms. Memory: 331264K Free: 301694K (91%)
ptolemy.util.test.WatchDog.cancel(): canceling Sat Apr 13 04:01:50 UTC 2019
auto.tcl: Setting watchdog for 200 seconds at Sat Apr 13 04:01:50 UTC 2019
17 ms. Memory: 331264K Free: 297824K (90%)
ptolemy.util.test.WatchDog.cancel(): canceling Sat Apr 13 04:01:50 UTC 2019
------------------ testing $PTII/ptolemy/domains/de/test/auto/MergeModel2Add.xml
auto.tcl: Setting watchdog for 200 seconds at Sat Apr 13 04:01:51 UTC 2019
14 ms. Memory: 331264K Free: 303853K (92%)
ptolemy.util.test.WatchDog.cancel(): canceling Sat Apr 13 04:01:51 UTC 2019
auto.tcl: Setting watchdog for 200 seconds at Sat Apr 13 04:01:51 UTC 2019
16 ms. Memory: 331264K Free: 303853K (92%)
ptolemy.util.test.WatchDog.cancel(): canceling Sat Apr 13 04:01:51 UTC 2019
------------------ testing $PTII/ptolemy/domains/de/test/auto/MergeModel3Add.xml
auto.tcl: Setting watchdog for 200 seconds at Sat Apr 13 04:01:51 UTC 2019
12 ms. Memory: 331264K Free: 303862K (92%)
ptolemy.util.test.WatchDog.cancel(): canceling Sat Apr 13 04:01:51 UTC 2019
auto.tcl: Setting watchdog for 200 seconds at Sat Apr 13 04:01:51 UTC 2019
9 ms. Memory: 331264K Free: 303862K (92%)
ptolemy.util.test.WatchDog.cancel(): canceling Sat Apr 13 04:01:51 UTC 2019
------------------ testing $PTII/ptolemy/domains/de/test/auto/MergeWithoutDiscard.xml
auto.tcl: Setting watchdog for 200 seconds at Sat Apr 13 04:01:51 UTC 2019
6 ms. Memory: 331264K Free: 319341K (96%)
ptolemy.util.test.WatchDog.cancel(): canceling Sat Apr 13 04:01:51 UTC 2019
auto.tcl: Setting watchdog for 200 seconds at Sat Apr 13 04:01:51 UTC 2019
1 ms. Memory: 331264K Free: 315470K (95%)
ptolemy.util.test.WatchDog.cancel(): canceling Sat Apr 13 04:01:51 UTC 2019
------------------ testing $PTII/ptolemy/domains/de/test/auto/Modal1.xml
auto.tcl: Setting watchdog for 200 seconds at Sat Apr 13 04:01:51 UTC 2019
29 ms. Memory: 331264K Free: 309055K (93%)
ptolemy.util.test.WatchDog.cancel(): canceling Sat Apr 13 04:01:51 UTC 2019
auto.tcl: Setting watchdog for 200 seconds at Sat Apr 13 04:01:51 UTC 2019
21 ms. Memory: 331264K Free: 305185K (92%)
ptolemy.util.test.WatchDog.cancel(): canceling Sat Apr 13 04:01:51 UTC 2019
------------------ testing $PTII/ptolemy/domains/de/test/auto/Modal2.xml
auto.tcl: Setting watchdog for 200 seconds at Sat Apr 13 04:01:51 UTC 2019
12 ms. Memory: 331264K Free: 308928K (93%)
ptolemy.util.test.WatchDog.cancel(): canceling Sat Apr 13 04:01:51 UTC 2019
auto.tcl: Setting watchdog for 200 seconds at Sat Apr 13 04:01:51 UTC 2019
12 ms. Memory: 331264K Free: 305057K (92%)
ptolemy.util.test.WatchDog.cancel(): canceling Sat Apr 13 04:01:51 UTC 2019
------------------ testing $PTII/ptolemy/domains/de/test/auto/Modal3.xml
auto.tcl: Setting watchdog for 200 seconds at Sat Apr 13 04:01:51 UTC 2019
17 ms. Memory: 331264K Free: 308926K (93%)
ptolemy.util.test.WatchDog.cancel(): canceling Sat Apr 13 04:01:51 UTC 2019
auto.tcl: Setting watchdog for 200 seconds at Sat Apr 13 04:01:51 UTC 2019
13 ms. Memory: 331264K Free: 305056K (92%)
ptolemy.util.test.WatchDog.cancel(): canceling Sat Apr 13 04:01:51 UTC 2019
------------------ testing $PTII/ptolemy/domains/de/test/auto/Modal4.xml
auto.tcl: Setting watchdog for 200 seconds at Sat Apr 13 04:01:51 UTC 2019
27 ms. Memory: 331264K Free: 308924K (93%)
ptolemy.util.test.WatchDog.cancel(): canceling Sat Apr 13 04:01:51 UTC 2019
auto.tcl: Setting watchdog for 200 seconds at Sat Apr 13 04:01:51 UTC 2019
19 ms. Memory: 331264K Free: 305053K (92%)
ptolemy.util.test.WatchDog.cancel(): canceling Sat Apr 13 04:01:51 UTC 2019
------------------ testing $PTII/ptolemy/domains/de/test/auto/Modal5.xml
auto.tcl: Setting watchdog for 200 seconds at Sat Apr 13 04:01:51 UTC 2019
27 ms. Memory: 331264K Free: 308910K (93%)
ptolemy.util.test.WatchDog.cancel(): canceling Sat Apr 13 04:01:51 UTC 2019
auto.tcl: Setting watchdog for 200 seconds at Sat Apr 13 04:01:51 UTC 2019
17 ms. Memory: 331264K Free: 305040K (92%)
ptolemy.util.test.WatchDog.cancel(): canceling Sat Apr 13 04:01:51 UTC 2019
------------------ testing $PTII/ptolemy/domains/de/test/auto/Modal6.xml
auto.tcl: Setting watchdog for 200 seconds at Sat Apr 13 04:01:51 UTC 2019
15 ms. Memory: 331264K Free: 308908K (93%)
ptolemy.util.test.WatchDog.cancel(): canceling Sat Apr 13 04:01:52 UTC 2019
auto.tcl: Setting watchdog for 200 seconds at Sat Apr 13 04:01:52 UTC 2019
16 ms. Memory: 331264K Free: 305037K (92%)
ptolemy.util.test.WatchDog.cancel(): canceling Sat Apr 13 04:01:52 UTC 2019
------------------ testing $PTII/ptolemy/domains/de/test/auto/Modal7.xml
auto.tcl: Setting watchdog for 200 seconds at Sat Apr 13 04:01:52 UTC 2019
20 ms. Memory: 331264K Free: 308876K (93%)
ptolemy.util.test.WatchDog.cancel(): canceling Sat Apr 13 04:01:52 UTC 2019
auto.tcl: Setting watchdog for 200 seconds at Sat Apr 13 04:01:52 UTC 2019
13 ms. Memory: 331264K Free: 305006K (92%)
ptolemy.util.test.WatchDog.cancel(): canceling Sat Apr 13 04:01:52 UTC 2019
------------------ testing $PTII/ptolemy/domains/de/test/auto/ModalModel.xml
auto.tcl: Setting watchdog for 200 seconds at Sat Apr 13 04:01:52 UTC 2019
222 ms. Memory: 331264K Free: 249525K (75%)
ptolemy.util.test.WatchDog.cancel(): canceling Sat Apr 13 04:01:52 UTC 2019
auto.tcl: Setting watchdog for 200 seconds at Sat Apr 13 04:01:52 UTC 2019
205 ms. Memory: 331264K Free: 191468K (58%)
ptolemy.util.test.WatchDog.cancel(): canceling Sat Apr 13 04:01:52 UTC 2019
------------------ testing $PTII/ptolemy/domains/de/test/auto/ModalSource.xml
auto.tcl: Setting watchdog for 200 seconds at Sat Apr 13 04:01:52 UTC 2019
12 ms. Memory: 331264K Free: 315635K (95%)
ptolemy.util.test.WatchDog.cancel(): canceling Sat Apr 13 04:01:52 UTC 2019
auto.tcl: Setting watchdog for 200 seconds at Sat Apr 13 04:01:52 UTC 2019
6 ms. Memory: 331264K Free: 312179K (94%)
ptolemy.util.test.WatchDog.cancel(): canceling Sat Apr 13 04:01:52 UTC 2019
------------------ testing $PTII/ptolemy/domains/de/test/auto/NonInterruptibleTimerZeroDelay.xml
auto.tcl: Setting watchdog for 200 seconds at Sat Apr 13 04:01:52 UTC 2019
5 ms. Memory: 331264K Free: 320029K (97%)
ptolemy.util.test.WatchDog.cancel(): canceling Sat Apr 13 04:01:52 UTC 2019
auto.tcl: Setting watchdog for 200 seconds at Sat Apr 13 04:01:52 UTC 2019
3 ms. Memory: 331264K Free: 316573K (96%)
ptolemy.util.test.WatchDog.cancel(): canceling Sat Apr 13 04:01:52 UTC 2019
------------------ testing $PTII/ptolemy/domains/de/test/auto/OpenQueueingNetwork.xml
auto.tcl: Setting watchdog for 200 seconds at Sat Apr 13 04:01:52 UTC 2019
2777 ms. Memory: 317952K Free: 163158K (51%)
ptolemy.util.test.WatchDog.cancel(): canceling Sat Apr 13 04:01:55 UTC 2019
auto.tcl: Setting watchdog for 200 seconds at Sat Apr 13 04:01:55 UTC 2019
2474 ms. Memory: 287232K Free: 238700K (83%)
ptolemy.util.test.WatchDog.cancel(): canceling Sat Apr 13 04:01:58 UTC 2019
------------------ testing $PTII/ptolemy/domains/de/test/auto/OpenQueuingNetwork.xml
auto.tcl: Setting watchdog for 200 seconds at Sat Apr 13 04:01:58 UTC 2019
225 ms. Memory: 287232K Free: 189627K (66%)
ptolemy.util.test.WatchDog.cancel(): canceling Sat Apr 13 04:01:58 UTC 2019
auto.tcl: Setting watchdog for 200 seconds at Sat Apr 13 04:01:58 UTC 2019
235 ms. Memory: 287232K Free: 129153K (45%)
ptolemy.util.test.WatchDog.cancel(): canceling Sat Apr 13 04:01:59 UTC 2019
------------------ testing $PTII/ptolemy/domains/de/test/auto/PeriodicSampler.xml
auto.tcl: Setting watchdog for 200 seconds at Sat Apr 13 04:01:59 UTC 2019
4 ms. Memory: 289792K Free: 276851K (96%)
ptolemy.util.test.WatchDog.cancel(): canceling Sat Apr 13 04:01:59 UTC 2019
auto.tcl: Setting watchdog for 200 seconds at Sat Apr 13 04:01:59 UTC 2019
2 ms. Memory: 289792K Free: 273963K (95%)
ptolemy.util.test.WatchDog.cancel(): canceling Sat Apr 13 04:01:59 UTC 2019
------------------ testing $PTII/ptolemy/domains/de/test/auto/PersistentIO.xml
auto.tcl: Setting watchdog for 200 seconds at Sat Apr 13 04:01:59 UTC 2019
17 ms. Memory: 287232K Free: 269099K (94%)
ptolemy.util.test.WatchDog.cancel(): canceling Sat Apr 13 04:01:59 UTC 2019
auto.tcl: Setting watchdog for 200 seconds at Sat Apr 13 04:01:59 UTC 2019
5 ms. Memory: 287232K Free: 266195K (93%)
ptolemy.util.test.WatchDog.cancel(): canceling Sat Apr 13 04:01:59 UTC 2019
------------------ testing $PTII/ptolemy/domains/de/test/auto/PortParameterResetOnInitialize.xml
auto.tcl: Setting watchdog for 200 seconds at Sat Apr 13 04:01:59 UTC 2019
2 ms. Memory: 289280K Free: 273912K (95%)
ptolemy.util.test.WatchDog.cancel(): canceling Sat Apr 13 04:01:59 UTC 2019
auto.tcl: Setting watchdog for 200 seconds at Sat Apr 13 04:01:59 UTC 2019
2 ms. Memory: 289280K Free: 273912K (95%)
ptolemy.util.test.WatchDog.cancel(): canceling Sat Apr 13 04:01:59 UTC 2019
------------------ testing $PTII/ptolemy/domains/de/test/auto/PortParameterUpdates.xml
auto.tcl: Setting watchdog for 200 seconds at Sat Apr 13 04:01:59 UTC 2019
3 ms. Memory: 287232K Free: 271880K (95%)
ptolemy.util.test.WatchDog.cancel(): canceling Sat Apr 13 04:01:59 UTC 2019
auto.tcl: Setting watchdog for 200 seconds at Sat Apr 13 04:01:59 UTC 2019
4 ms. Memory: 287232K Free: 268984K (94%)
ptolemy.util.test.WatchDog.cancel(): canceling Sat Apr 13 04:01:59 UTC 2019
------------------ testing $PTII/ptolemy/domains/de/test/auto/QueueAndServer.xml
auto.tcl: Setting watchdog for 200 seconds at Sat Apr 13 04:01:59 UTC 2019
16 ms. Memory: 289280K Free: 273077K (94%)
ptolemy.util.test.WatchDog.cancel(): canceling Sat Apr 13 04:01:59 UTC 2019
auto.tcl: Setting watchdog for 200 seconds at Sat Apr 13 04:01:59 UTC 2019
6 ms. Memory: 289280K Free: 273077K (94%)
ptolemy.util.test.WatchDog.cancel(): canceling Sat Apr 13 04:01:59 UTC 2019
------------------ testing $PTII/ptolemy/domains/de/test/auto/Records.xml
auto.tcl: Setting watchdog for 200 seconds at Sat Apr 13 04:01:59 UTC 2019
5 ms. Memory: 287232K Free: 273844K (95%)
ptolemy.util.test.WatchDog.cancel(): canceling Sat Apr 13 04:01:59 UTC 2019
auto.tcl: Setting watchdog for 200 seconds at Sat Apr 13 04:01:59 UTC 2019
2 ms. Memory: 287232K Free: 273844K (95%)
ptolemy.util.test.WatchDog.cancel(): canceling Sat Apr 13 04:01:59 UTC 2019
------------------ testing $PTII/ptolemy/domains/de/test/auto/ResetTransitionWithStartTime1.xml
auto.tcl: Setting watchdog for 200 seconds at Sat Apr 13 04:01:59 UTC 2019
12 ms. Memory: 288768K Free: 272602K (94%)
ptolemy.util.test.WatchDog.cancel(): canceling Sat Apr 13 04:01:59 UTC 2019
auto.tcl: Setting watchdog for 200 seconds at Sat Apr 13 04:01:59 UTC 2019
10 ms. Memory: 288768K Free: 272501K (94%)
ptolemy.util.test.WatchDog.cancel(): canceling Sat Apr 13 04:01:59 UTC 2019
------------------ testing $PTII/ptolemy/domains/de/test/auto/ResetTransitionWithStartTime2.xml
auto.tcl: Setting watchdog for 200 seconds at Sat Apr 13 04:01:59 UTC 2019
8 ms. Memory: 287232K Free: 271065K (94%)
ptolemy.util.test.WatchDog.cancel(): canceling Sat Apr 13 04:01:59 UTC 2019
auto.tcl: Setting watchdog for 200 seconds at Sat Apr 13 04:01:59 UTC 2019
6 ms. Memory: 287232K Free: 271065K (94%)
ptolemy.util.test.WatchDog.cancel(): canceling Sat Apr 13 04:01:59 UTC 2019
------------------ testing $PTII/ptolemy/domains/de/test/auto/ResetTransitionWithStartTime3.xml
auto.tcl: Setting watchdog for 200 seconds at Sat Apr 13 04:01:59 UTC 2019
7 ms. Memory: 288768K Free: 272360K (94%)
ptolemy.util.test.WatchDog.cancel(): canceling Sat Apr 13 04:01:59 UTC 2019
auto.tcl: Setting watchdog for 200 seconds at Sat Apr 13 04:01:59 UTC 2019
6 ms. Memory: 288768K Free: 272360K (94%)
ptolemy.util.test.WatchDog.cancel(): canceling Sat Apr 13 04:01:59 UTC 2019
------------------ testing $PTII/ptolemy/domains/de/test/auto/ResetTransitionWithStartTime4.xml
auto.tcl: Setting watchdog for 200 seconds at Sat Apr 13 04:01:59 UTC 2019
3 ms. Memory: 287232K Free: 270830K (94%)
ptolemy.util.test.WatchDog.cancel(): canceling Sat Apr 13 04:01:59 UTC 2019
auto.tcl: Setting watchdog for 200 seconds at Sat Apr 13 04:01:59 UTC 2019
4 ms. Memory: 287232K Free: 270830K (94%)
ptolemy.util.test.WatchDog.cancel(): canceling Sat Apr 13 04:01:59 UTC 2019
------------------ testing $PTII/ptolemy/domains/de/test/auto/ResettableTimer1.xml
auto.tcl: Setting watchdog for 200 seconds at Sat Apr 13 04:01:59 UTC 2019
2 ms. Memory: 288768K Free: 275266K (95%)
ptolemy.util.test.WatchDog.cancel(): canceling Sat Apr 13 04:01:59 UTC 2019
auto.tcl: Setting watchdog for 200 seconds at Sat Apr 13 04:01:59 UTC 2019
2 ms. Memory: 288768K Free: 275266K (95%)
ptolemy.util.test.WatchDog.cancel(): canceling Sat Apr 13 04:01:59 UTC 2019
------------------ testing $PTII/ptolemy/domains/de/test/auto/ResettableTimer2.xml
auto.tcl: Setting watchdog for 200 seconds at Sat Apr 13 04:01:59 UTC 2019
3 ms. Memory: 287232K Free: 273873K (95%)
ptolemy.util.test.WatchDog.cancel(): canceling Sat Apr 13 04:01:59 UTC 2019
auto.tcl: Setting watchdog for 200 seconds at Sat Apr 13 04:01:59 UTC 2019
2 ms. Memory: 287232K Free: 273873K (95%)
ptolemy.util.test.WatchDog.cancel(): canceling Sat Apr 13 04:01:59 UTC 2019
------------------ testing $PTII/ptolemy/domains/de/test/auto/ResettableTimer3.xml
auto.tcl: Setting watchdog for 200 seconds at Sat Apr 13 04:02:00 UTC 2019
2 ms. Memory: 288256K Free: 274804K (95%)
ptolemy.util.test.WatchDog.cancel(): canceling Sat Apr 13 04:02:00 UTC 2019
auto.tcl: Setting watchdog for 200 seconds at Sat Apr 13 04:02:00 UTC 2019
1 ms. Memory: 288256K Free: 274804K (95%)
ptolemy.util.test.WatchDog.cancel(): canceling Sat Apr 13 04:02:00 UTC 2019
------------------ testing $PTII/ptolemy/domains/de/test/auto/ResettableTimer4.xml
auto.tcl: Setting watchdog for 200 seconds at Sat Apr 13 04:02:00 UTC 2019
2 ms. Memory: 287232K Free: 273901K (95%)
ptolemy.util.test.WatchDog.cancel(): canceling Sat Apr 13 04:02:00 UTC 2019
auto.tcl: Setting watchdog for 200 seconds at Sat Apr 13 04:02:00 UTC 2019
1 ms. Memory: 287232K Free: 273901K (95%)
ptolemy.util.test.WatchDog.cancel(): canceling Sat Apr 13 04:02:00 UTC 2019
------------------ testing $PTII/ptolemy/domains/de/test/auto/ResettableTimer5.xml
auto.tcl: Setting watchdog for 200 seconds at Sat Apr 13 04:02:00 UTC 2019
4 ms. Memory: 288256K Free: 272857K (95%)
ptolemy.util.test.WatchDog.cancel(): canceling Sat Apr 13 04:02:00 UTC 2019
auto.tcl: Setting watchdog for 200 seconds at Sat Apr 13 04:02:00 UTC 2019
2 ms. Memory: 288256K Free: 272857K (95%)
ptolemy.util.test.WatchDog.cancel(): canceling Sat Apr 13 04:02:00 UTC 2019
------------------ testing $PTII/ptolemy/domains/de/test/auto/ResettableTimer6.xml
auto.tcl: Setting watchdog for 200 seconds at Sat Apr 13 04:02:00 UTC 2019
1 ms. Memory: 287232K Free: 271673K (95%)
ptolemy.util.test.WatchDog.cancel(): canceling Sat Apr 13 04:02:00 UTC 2019
auto.tcl: Setting watchdog for 200 seconds at Sat Apr 13 04:02:00 UTC 2019
1 ms. Memory: 287232K Free: 271673K (95%)
ptolemy.util.test.WatchDog.cancel(): canceling Sat Apr 13 04:02:00 UTC 2019
------------------ testing $PTII/ptolemy/domains/de/test/auto/ServerZeroDelay.xml
auto.tcl: Setting watchdog for 200 seconds at Sat Apr 13 04:02:00 UTC 2019
4 ms. Memory: 288256K Free: 274848K (95%)
ptolemy.util.test.WatchDog.cancel(): canceling Sat Apr 13 04:02:00 UTC 2019
auto.tcl: Setting watchdog for 200 seconds at Sat Apr 13 04:02:00 UTC 2019
2 ms. Memory: 288256K Free: 274848K (95%)
ptolemy.util.test.WatchDog.cancel(): canceling Sat Apr 13 04:02:00 UTC 2019
------------------ testing $PTII/ptolemy/domains/de/test/auto/SmartSender.xml
auto.tcl: Setting watchdog for 200 seconds at Sat Apr 13 04:02:00 UTC 2019
3001 ms. Memory: 287232K Free: 271760K (95%)
ptolemy.util.test.WatchDog.cancel(): canceling Sat Apr 13 04:02:03 UTC 2019
auto.tcl: Setting watchdog for 200 seconds at Sat Apr 13 04:02:03 UTC 2019
3001 ms. Memory: 287232K Free: 271760K (95%)
ptolemy.util.test.WatchDog.cancel(): canceling Sat Apr 13 04:02:06 UTC 2019
------------------ testing $PTII/ptolemy/domains/de/test/auto/ThreadedComposite.xml
auto.tcl: Setting watchdog for 200 seconds at Sat Apr 13 04:02:06 UTC 2019
223 ms. Memory: 288256K Free: 254570K (88%)
ptolemy.util.test.WatchDog.cancel(): canceling Sat Apr 13 04:02:06 UTC 2019
auto.tcl: Setting watchdog for 200 seconds at Sat Apr 13 04:02:06 UTC 2019
182 ms. Memory: 288256K Free: 233556K (81%)
ptolemy.util.test.WatchDog.cancel(): canceling Sat Apr 13 04:02:06 UTC 2019
------------------ testing $PTII/ptolemy/domains/de/test/auto/Time.xml
auto.tcl: Setting watchdog for 200 seconds at Sat Apr 13 04:02:06 UTC 2019
487 ms. Memory: 287232K Free: 221985K (77%)
ptolemy.util.test.WatchDog.cancel(): canceling Sat Apr 13 04:02:07 UTC 2019
auto.tcl: Setting watchdog for 200 seconds at Sat Apr 13 04:02:07 UTC 2019
439 ms. Memory: 287232K Free: 170000K (59%)
ptolemy.util.test.WatchDog.cancel(): canceling Sat Apr 13 04:02:07 UTC 2019
------------------ testing $PTII/ptolemy/domains/de/test/auto/TimeDelayZeroDelay.xml
auto.tcl: Setting watchdog for 200 seconds at Sat Apr 13 04:02:07 UTC 2019
2 ms. Memory: 287744K Free: 274797K (96%)
ptolemy.util.test.WatchDog.cancel(): canceling Sat Apr 13 04:02:07 UTC 2019
auto.tcl: Setting watchdog for 200 seconds at Sat Apr 13 04:02:07 UTC 2019
2 ms. Memory: 287744K Free: 274797K (96%)
ptolemy.util.test.WatchDog.cancel(): canceling Sat Apr 13 04:02:07 UTC 2019
------------------ testing $PTII/ptolemy/domains/de/test/auto/TimerZeroDelay.xml
auto.tcl: Setting watchdog for 200 seconds at Sat Apr 13 04:02:07 UTC 2019
2 ms. Memory: 287232K Free: 274386K (96%)
ptolemy.util.test.WatchDog.cancel(): canceling Sat Apr 13 04:02:07 UTC 2019
auto.tcl: Setting watchdog for 200 seconds at Sat Apr 13 04:02:07 UTC 2019
2 ms. Memory: 287232K Free: 274386K (96%)
ptolemy.util.test.WatchDog.cancel(): canceling Sat Apr 13 04:02:07 UTC 2019
------------------ testing $PTII/ptolemy/domains/de/test/auto/TimingParadox.xml
auto.tcl: Setting watchdog for 200 seconds at Sat Apr 13 04:02:08 UTC 2019
289 ms. Memory: 287744K Free: 208702K (73%)
ptolemy.util.test.WatchDog.cancel(): canceling Sat Apr 13 04:02:08 UTC 2019
auto.tcl: Setting watchdog for 200 seconds at Sat Apr 13 04:02:08 UTC 2019
287 ms. Memory: 287744K Free: 175070K (61%)
ptolemy.util.test.WatchDog.cancel(): canceling Sat Apr 13 04:02:08 UTC 2019
------------------ testing $PTII/ptolemy/domains/de/test/auto/TransferInputs.xml
auto.tcl: Setting watchdog for 200 seconds at Sat Apr 13 04:02:08 UTC 2019
2 ms. Memory: 287744K Free: 273859K (95%)
ptolemy.util.test.WatchDog.cancel(): canceling Sat Apr 13 04:02:08 UTC 2019
auto.tcl: Setting watchdog for 200 seconds at Sat Apr 13 04:02:08 UTC 2019
2 ms. Memory: 287744K Free: 273859K (95%)
ptolemy.util.test.WatchDog.cancel(): canceling Sat Apr 13 04:02:08 UTC 2019
------------------ testing $PTII/ptolemy/domains/de/test/auto/TransferOutputs2.xml
auto.tcl: Setting watchdog for 200 seconds at Sat Apr 13 04:02:08 UTC 2019
3 ms. Memory: 287232K Free: 269803K (94%)
ptolemy.util.test.WatchDog.cancel(): canceling Sat Apr 13 04:02:08 UTC 2019
auto.tcl: Setting watchdog for 200 seconds at Sat Apr 13 04:02:08 UTC 2019
3 ms. Memory: 287232K Free: 267215K (93%)
ptolemy.util.test.WatchDog.cancel(): canceling Sat Apr 13 04:02:08 UTC 2019
------------------ testing $PTII/ptolemy/domains/de/test/auto/Trilateration.xml
auto.tcl: Setting watchdog for 200 seconds at Sat Apr 13 04:02:08 UTC 2019
14296 ms. Memory: 473088K Free: 286929K (61%)
ptolemy.util.test.WatchDog.cancel(): canceling Sat Apr 13 04:02:24 UTC 2019
auto.tcl: Setting watchdog for 200 seconds at Sat Apr 13 04:02:24 UTC 2019
11361 ms. Memory: 352256K Free: 233612K (66%)
ptolemy.util.test.WatchDog.cancel(): canceling Sat Apr 13 04:02:35 UTC 2019
------------------ testing $PTII/ptolemy/domains/de/test/auto/TwoSigmaDelta.xml
auto.tcl: Setting watchdog for 200 seconds at Sat Apr 13 04:02:35 UTC 2019
2743 ms. Memory: 339968K Free: 307051K (90%)
ptolemy.util.test.WatchDog.cancel(): canceling Sat Apr 13 04:02:38 UTC 2019
auto.tcl: Setting watchdog for 200 seconds at Sat Apr 13 04:02:38 UTC 2019
2033 ms. Memory: 339968K Free: 77774K (23%)
ptolemy.util.test.WatchDog.cancel(): canceling Sat Apr 13 04:02:40 UTC 2019
------------------ testing $PTII/ptolemy/domains/de/test/auto/VariableDelay.xml
auto.tcl: Setting watchdog for 200 seconds at Sat Apr 13 04:02:40 UTC 2019
2 ms. Memory: 337408K Free: 324894K (96%)
ptolemy.util.test.WatchDog.cancel(): canceling Sat Apr 13 04:02:40 UTC 2019
auto.tcl: Setting watchdog for 200 seconds at Sat Apr 13 04:02:40 UTC 2019
1 ms. Memory: 337408K Free: 321011K (95%)
ptolemy.util.test.WatchDog.cancel(): canceling Sat Apr 13 04:02:40 UTC 2019
------------------ testing $PTII/ptolemy/domains/de/test/auto/VariableDelay2.xml
auto.tcl: Setting watchdog for 200 seconds at Sat Apr 13 04:02:40 UTC 2019
1 ms. Memory: 339456K Free: 327353K (96%)
ptolemy.util.test.WatchDog.cancel(): canceling Sat Apr 13 04:02:40 UTC 2019
auto.tcl: Setting watchdog for 200 seconds at Sat Apr 13 04:02:40 UTC 2019
1 ms. Memory: 339456K Free: 323469K (95%)
ptolemy.util.test.WatchDog.cancel(): canceling Sat Apr 13 04:02:40 UTC 2019
------------------ testing $PTII/ptolemy/domains/de/test/auto/VariableDelayZeroDelay.xml
auto.tcl: Setting watchdog for 200 seconds at Sat Apr 13 04:02:41 UTC 2019
6 ms. Memory: 337408K Free: 322743K (96%)
ptolemy.util.test.WatchDog.cancel(): canceling Sat Apr 13 04:02:41 UTC 2019
auto.tcl: Setting watchdog for 200 seconds at Sat Apr 13 04:02:41 UTC 2019
2 ms. Memory: 337408K Free: 322743K (96%)
ptolemy.util.test.WatchDog.cancel(): canceling Sat Apr 13 04:02:41 UTC 2019
------------------ testing $PTII/ptolemy/domains/de/test/auto/VariableDelayZeroDelay2.xml
auto.tcl: Setting watchdog for 200 seconds at Sat Apr 13 04:02:41 UTC 2019
2 ms. Memory: 339456K Free: 324789K (96%)
ptolemy.util.test.WatchDog.cancel(): canceling Sat Apr 13 04:02:41 UTC 2019
auto.tcl: Setting watchdog for 200 seconds at Sat Apr 13 04:02:41 UTC 2019
2 ms. Memory: 339456K Free: 320898K (95%)
ptolemy.util.test.WatchDog.cancel(): canceling Sat Apr 13 04:02:41 UTC 2019
------------------ testing $PTII/ptolemy/domains/de/test/auto/deInCt.xml
auto.tcl: Setting watchdog for 200 seconds at Sat Apr 13 04:02:41 UTC 2019
0
1
1
1
0
0
1
1
1
0
0
0
1
1
1
0
0
0
0
1
1
1
1
0
0
0
1
1
1
0
0
0
1
1
1
1
0
0
0
1
1
0
0
1
1
1
1
1
9 ms. Memory: 337408K Free: 322734K (96%)
ptolemy.util.test.WatchDog.cancel(): canceling Sat Apr 13 04:02:41 UTC 2019
auto.tcl: Setting watchdog for 200 seconds at Sat Apr 13 04:02:41 UTC 2019
0
1
1
1
0
0
0
0
1
1
1
0
0
0
1
1
1
0
0
0
0
0
1
1
1
0
0
0
1
1
1
1
0
0
0
0
8 ms. Memory: 337408K Free: 318850K (94%)
ptolemy.util.test.WatchDog.cancel(): canceling Sat Apr 13 04:02:41 UTC 2019
------------------ testing $PTII/ptolemy/domains/de/test/auto/deInCt2.xml
auto.tcl: Setting watchdog for 200 seconds at Sat Apr 13 04:02:41 UTC 2019
0
1
1
1
0
0
1
1
1
0
0
1
1
1
0
0
1
1
1
0
0
1
1
1
0
0
1
1
1
0
0
1
1
1
0
0
1
1
1
0
0
0
10 ms. Memory: 338944K Free: 324274K (96%)
ptolemy.util.test.WatchDog.cancel(): canceling Sat Apr 13 04:02:41 UTC 2019
auto.tcl: Setting watchdog for 200 seconds at Sat Apr 13 04:02:41 UTC 2019
0
1
1
1
0
0
1
1
1
0
0
1
1
1
0
0
1
1
1
0
0
1
1
1
0
0
1
1
1
0
0
1
1
1
0
0
1
1
1
0
0
0
6 ms. Memory: 338944K Free: 320374K (95%)
ptolemy.util.test.WatchDog.cancel(): canceling Sat Apr 13 04:02:41 UTC 2019
------------------ testing $PTII/ptolemy/domains/de/test/auto/dynamicCausalityInterface1.xml
auto.tcl: Setting watchdog for 200 seconds at Sat Apr 13 04:02:41 UTC 2019
1 ms. Memory: 337408K Free: 314950K (93%)
ptolemy.util.test.WatchDog.cancel(): canceling Sat Apr 13 04:02:41 UTC 2019
auto.tcl: Setting watchdog for 200 seconds at Sat Apr 13 04:02:41 UTC 2019
1 ms. Memory: 337408K Free: 314950K (93%)
ptolemy.util.test.WatchDog.cancel(): canceling Sat Apr 13 04:02:41 UTC 2019
------------------ testing $PTII/ptolemy/domains/de/test/auto/fsm_de_test.xml
auto.tcl: Setting watchdog for 200 seconds at Sat Apr 13 04:02:41 UTC 2019
12 ms. Memory: 338944K Free: 320264K (94%)
ptolemy.util.test.WatchDog.cancel(): canceling Sat Apr 13 04:02:41 UTC 2019
auto.tcl: Setting watchdog for 200 seconds at Sat Apr 13 04:02:41 UTC 2019
5 ms. Memory: 338944K Free: 316380K (93%)
ptolemy.util.test.WatchDog.cancel(): canceling Sat Apr 13 04:02:41 UTC 2019
------------------ testing $PTII/ptolemy/domains/de/test/auto/functionDependencyReconstruction.xml
auto.tcl: Setting watchdog for 200 seconds at Sat Apr 13 04:02:41 UTC 2019
2 ms. Memory: 337408K Free: 310935K (92%)
ptolemy.util.test.WatchDog.cancel(): canceling Sat Apr 13 04:02:41 UTC 2019
auto.tcl: Setting watchdog for 200 seconds at Sat Apr 13 04:02:41 UTC 2019
3 ms. Memory: 337408K Free: 307051K (91%)
ptolemy.util.test.WatchDog.cancel(): canceling Sat Apr 13 04:02:41 UTC 2019
------------------ testing $PTII/ptolemy/domains/de/test/auto/multirate.xml
auto.tcl: Setting watchdog for 200 seconds at Sat Apr 13 04:02:41 UTC 2019
3 ms. Memory: 338432K Free: 319626K (94%)
ptolemy.util.test.WatchDog.cancel(): canceling Sat Apr 13 04:02:41 UTC 2019
auto.tcl: Setting watchdog for 200 seconds at Sat Apr 13 04:02:41 UTC 2019
4 ms. Memory: 338432K Free: 319626K (94%)
ptolemy.util.test.WatchDog.cancel(): canceling Sat Apr 13 04:02:41 UTC 2019
------------------ testing $PTII/ptolemy/domains/de/test/auto/multirate2.xml
auto.tcl: Setting watchdog for 200 seconds at Sat Apr 13 04:02:41 UTC 2019
2 ms. Memory: 337408K Free: 318782K (94%)
ptolemy.util.test.WatchDog.cancel(): canceling Sat Apr 13 04:02:41 UTC 2019
auto.tcl: Setting watchdog for 200 seconds at Sat Apr 13 04:02:41 UTC 2019
3 ms. Memory: 337408K Free: 318782K (94%)
ptolemy.util.test.WatchDog.cancel(): canceling Sat Apr 13 04:02:41 UTC 2019
------------------ testing $PTII/ptolemy/domains/de/test/auto/realtime.xml
auto.tcl: Setting watchdog for 200 seconds at Sat Apr 13 04:02:41 UTC 2019
10001 ms. Memory: 338432K Free: 323700K (96%)
ptolemy.util.test.WatchDog.cancel(): canceling Sat Apr 13 04:02:51 UTC 2019
auto.tcl: Setting watchdog for 200 seconds at Sat Apr 13 04:02:51 UTC 2019
10002 ms. Memory: 338432K Free: 319800K (94%)
ptolemy.util.test.WatchDog.cancel(): canceling Sat Apr 13 04:03:01 UTC 2019
------------------ testing $PTII/ptolemy/domains/de/test/auto/relationGroup.xml
auto.tcl: Setting watchdog for 200 seconds at Sat Apr 13 04:03:01 UTC 2019
9 ms. Memory: 337408K Free: 322706K (96%)
ptolemy.util.test.WatchDog.cancel(): canceling Sat Apr 13 04:03:01 UTC 2019
auto.tcl: Setting watchdog for 200 seconds at Sat Apr 13 04:03:01 UTC 2019
2 ms. Memory: 337408K Free: 322706K (96%)
ptolemy.util.test.WatchDog.cancel(): canceling Sat Apr 13 04:03:01 UTC 2019
------------------ testing $PTII/ptolemy/domains/de/test/auto/relationGroup2.xml
auto.tcl: Setting watchdog for 200 seconds at Sat Apr 13 04:03:01 UTC 2019
2 ms. Memory: 338432K Free: 323756K (96%)
ptolemy.util.test.WatchDog.cancel(): canceling Sat Apr 13 04:03:01 UTC 2019
auto.tcl: Setting watchdog for 200 seconds at Sat Apr 13 04:03:01 UTC 2019
2 ms. Memory: 338432K Free: 323756K (96%)
ptolemy.util.test.WatchDog.cancel(): canceling Sat Apr 13 04:03:01 UTC 2019
------------------ testing $PTII/ptolemy/domains/de/test/auto/sortWithOpaquePorts.xml
auto.tcl: Setting watchdog for 200 seconds at Sat Apr 13 04:03:01 UTC 2019
2 ms. Memory: 337408K Free: 322733K (96%)
ptolemy.util.test.WatchDog.cancel(): canceling Sat Apr 13 04:03:01 UTC 2019
auto.tcl: Setting watchdog for 200 seconds at Sat Apr 13 04:03:01 UTC 2019
2 ms. Memory: 337408K Free: 318833K (94%)
ptolemy.util.test.WatchDog.cancel(): canceling Sat Apr 13 04:03:01 UTC 2019
------------------ testing $PTII/ptolemy/domains/de/test/auto/transferInputsandOutputs.xml
auto.tcl: Setting watchdog for 200 seconds at Sat Apr 13 04:03:02 UTC 2019
3 ms. Memory: 337920K Free: 319340K (95%)
ptolemy.util.test.WatchDog.cancel(): canceling Sat Apr 13 04:03:02 UTC 2019
auto.tcl: Setting watchdog for 200 seconds at Sat Apr 13 04:03:02 UTC 2019
3 ms. Memory: 337920K Free: 319340K (95%)
ptolemy.util.test.WatchDog.cancel(): canceling Sat Apr 13 04:03:02 UTC 2019
------------------ testing $PTII/ptolemy/domains/de/test/auto/triggerType.xml
auto.tcl: Setting watchdog for 200 seconds at Sat Apr 13 04:03:02 UTC 2019
2 ms. Memory: 337408K Free: 322670K (96%)
ptolemy.util.test.WatchDog.cancel(): canceling Sat Apr 13 04:03:02 UTC 2019
auto.tcl: Setting watchdog for 200 seconds at Sat Apr 13 04:03:02 UTC 2019
2 ms. Memory: 337408K Free: 318778K (94%)
ptolemy.util.test.WatchDog.cancel(): canceling Sat Apr 13 04:03:02 UTC 2019
04/13/19 04:03:02
Failed: 0  Total Tests: 192  ((Passed: 187, Newly Passed: 1)  Known Failed: 5) /home/travis/build/icyphy/ptII/ptolemy/domains/de/test
04/13/19 04:03:02
Failed: 0  Total Tests: 192  ((Passed: 187, Newly Passed: 1)  Known Failed: 5) /home/travis/build/icyphy/ptII/ptolemy/domains/de/test
----------------- testing (KnownFailure) /home/travis/build/icyphy/ptII/ptolemy/domains/de/test/auto/knownFailedTests/DESDFClockTest.xml
2015 ms. Memory: 337920K Free: 312976K (93%)
Known Failure: java.lang.reflect.InvocationTargetException
----------------- testing (KnownFailure) /home/travis/build/icyphy/ptII/ptolemy/domains/de/test/auto/knownFailedTests/DirectFeedback.xml
1 ms. Memory: 337920K Free: 292496K (87%)
Known Failure: java.lang.reflect.InvocationTargetException
----------------- testing (KnownFailure) /home/travis/build/icyphy/ptII/ptolemy/domains/de/test/auto/knownFailedTests/FSMSource.xml
8 ms. Memory: 337920K Free: 272015K (80%)
----------------- testing (KnownFailure) /home/travis/build/icyphy/ptII/ptolemy/domains/de/test/auto/knownFailedTests/HierarchicalModel.xml
2 ms. Memory: 337920K Free: 246391K (73%)
Known Failure: java.lang.reflect.InvocationTargetException
----------------- testing (KnownFailure) /home/travis/build/icyphy/ptII/ptolemy/domains/de/test/auto/knownFailedTests/dependencyLoop.xml
2 ms. Memory: 337920K Free: 215663K (64%)
Known Failure: java.lang.reflect.InvocationTargetException
----------------- testing (KnownFailure) /home/travis/build/icyphy/ptII/ptolemy/domains/de/test/auto/knownFailedTests/dependencyLoop2.xml
7 ms. Memory: 337920K Free: 184934K (55%)
Known Failure: java.lang.reflect.InvocationTargetException
No auto/linux-amd64/*.xml tests in /home/travis/build/icyphy/ptII/ptolemy/domains/de/test
AutoTests.java: About to close Vertx.
AutoTests.java: Vertx closed.

===========================================================================================
----------------- testing Sat Apr 13 04:03:04 UTC 2019 /home/travis/build/icyphy/ptII/ptolemy/domains/de/test/auto/ActorDepthCalculation_actorWithoutPorts.xml
----------------- Instantiating /home/travis/build/icyphy/ptII/ptolemy/domains/de/test/auto/ActorDepthCalculation_actorWithoutPorts.xml
3 ms. Memory: 337920K Free: 159334K (47%)
----------------- Invoking toplevel() on ptolemy.moml.MoMLSimpleApplication@66157474
----------------- Done invoking toplevel() on ptolemy.moml.MoMLSimpleApplication@66157474
reloadAllAccessors: .ActorDepthCalculation_actorWithoutPorts

===========================================================================================
----------------- testing Sat Apr 13 04:03:04 UTC 2019 /home/travis/build/icyphy/ptII/ptolemy/domains/de/test/auto/AssemblyLine.xml
----------------- Instantiating /home/travis/build/icyphy/ptII/ptolemy/domains/de/test/auto/AssemblyLine.xml
3 ms. Memory: 337920K Free: 143966K (43%)
----------------- Invoking toplevel() on ptolemy.moml.MoMLSimpleApplication@6d500058
----------------- Done invoking toplevel() on ptolemy.moml.MoMLSimpleApplication@6d500058
reloadAllAccessors: .AssemblyLine

===========================================================================================
----------------- testing Sat Apr 13 04:03:04 UTC 2019 /home/travis/build/icyphy/ptII/ptolemy/domains/de/test/auto/CQBug1.xml
----------------- Instantiating /home/travis/build/icyphy/ptII/ptolemy/domains/de/test/auto/CQBug1.xml
1 ms. Memory: 337920K Free: 133726K (40%)
----------------- Invoking toplevel() on ptolemy.moml.MoMLSimpleApplication@67ec3517
----------------- Done invoking toplevel() on ptolemy.moml.MoMLSimpleApplication@67ec3517
reloadAllAccessors: .CQBug1

===========================================================================================
----------------- testing Sat Apr 13 04:03:04 UTC 2019 /home/travis/build/icyphy/ptII/ptolemy/domains/de/test/auto/CancelFireAt.xml
----------------- Instantiating /home/travis/build/icyphy/ptII/ptolemy/domains/de/test/auto/CancelFireAt.xml
2 ms. Memory: 337920K Free: 123486K (37%)
----------------- Invoking toplevel() on ptolemy.moml.MoMLSimpleApplication@1c56426f
----------------- Done invoking toplevel() on ptolemy.moml.MoMLSimpleApplication@1c56426f
reloadAllAccessors: .CancelFireAt

===========================================================================================
----------------- testing Sat Apr 13 04:03:04 UTC 2019 /home/travis/build/icyphy/ptII/ptolemy/domains/de/test/auto/CausalityAndComposabilityAnalysis.xml
----------------- Instantiating /home/travis/build/icyphy/ptII/ptolemy/domains/de/test/auto/CausalityAndComposabilityAnalysis.xml
2 ms. Memory: 337920K Free: 113246K (34%)
----------------- Invoking toplevel() on ptolemy.moml.MoMLSimpleApplication@5ad775d0
----------------- Done invoking toplevel() on ptolemy.moml.MoMLSimpleApplication@5ad775d0
reloadAllAccessors: .CausalityAndComposabilityAnalysis

===========================================================================================
----------------- testing Sat Apr 13 04:03:04 UTC 2019 /home/travis/build/icyphy/ptII/ptolemy/domains/de/test/auto/CausalityInterface1.xml
----------------- Instantiating /home/travis/build/icyphy/ptII/ptolemy/domains/de/test/auto/CausalityInterface1.xml
5 ms. Memory: 337920K Free: 103006K (30%)
----------------- Invoking toplevel() on ptolemy.moml.MoMLSimpleApplication@136a1232
----------------- Done invoking toplevel() on ptolemy.moml.MoMLSimpleApplication@136a1232
reloadAllAccessors: .CausalityInterface1

===========================================================================================
----------------- testing Sat Apr 13 04:03:04 UTC 2019 /home/travis/build/icyphy/ptII/ptolemy/domains/de/test/auto/CausalityInterface15.xml
----------------- Instantiating /home/travis/build/icyphy/ptII/ptolemy/domains/de/test/auto/CausalityInterface15.xml
2 ms. Memory: 337920K Free: 88882K (26%)
----------------- Invoking toplevel() on ptolemy.moml.MoMLSimpleApplication@24fbf65e
----------------- Done invoking toplevel() on ptolemy.moml.MoMLSimpleApplication@24fbf65e
reloadAllAccessors: .CausalityInterface15

===========================================================================================
----------------- testing Sat Apr 13 04:03:04 UTC 2019 /home/travis/build/icyphy/ptII/ptolemy/domains/de/test/auto/CausalityInterface2.xml
----------------- Instantiating /home/travis/build/icyphy/ptII/ptolemy/domains/de/test/auto/CausalityInterface2.xml
1 ms. Memory: 337920K Free: 78642K (23%)
----------------- Invoking toplevel() on ptolemy.moml.MoMLSimpleApplication@7dfde89e
----------------- Done invoking toplevel() on ptolemy.moml.MoMLSimpleApplication@7dfde89e
reloadAllAccessors: .CausalityInterface2

===========================================================================================
----------------- testing Sat Apr 13 04:03:04 UTC 2019 /home/travis/build/icyphy/ptII/ptolemy/domains/de/test/auto/CausalityInterface3.xml
----------------- Instantiating /home/travis/build/icyphy/ptII/ptolemy/domains/de/test/auto/CausalityInterface3.xml
1 ms. Memory: 326144K Free: 315049K (97%)
----------------- Invoking toplevel() on ptolemy.moml.MoMLSimpleApplication@169521a4
----------------- Done invoking toplevel() on ptolemy.moml.MoMLSimpleApplication@169521a4
reloadAllAccessors: .CausalityInterface3

===========================================================================================
----------------- testing Sat Apr 13 04:03:04 UTC 2019 /home/travis/build/icyphy/ptII/ptolemy/domains/de/test/auto/ClockDrift.xml
----------------- Instantiating /home/travis/build/icyphy/ptII/ptolemy/domains/de/test/auto/ClockDrift.xml
12 ms. Memory: 326144K Free: 295430K (91%)
----------------- Invoking toplevel() on ptolemy.moml.MoMLSimpleApplication@5ecbaaf1
----------------- Done invoking toplevel() on ptolemy.moml.MoMLSimpleApplication@5ecbaaf1
reloadAllAccessors: .ClockDrift

===========================================================================================
----------------- testing Sat Apr 13 04:03:04 UTC 2019 /home/travis/build/icyphy/ptII/ptolemy/domains/de/test/auto/ClockDriftAndValueChange.xml
----------------- Instantiating /home/travis/build/icyphy/ptII/ptolemy/domains/de/test/auto/ClockDriftAndValueChange.xml
29 ms. Memory: 326144K Free: 280727K (86%)
----------------- Invoking toplevel() on ptolemy.moml.MoMLSimpleApplication@4823dcd4
----------------- Done invoking toplevel() on ptolemy.moml.MoMLSimpleApplication@4823dcd4
reloadAllAccessors: .ClockDriftAndValueChange

===========================================================================================
----------------- testing Sat Apr 13 04:03:04 UTC 2019 /home/travis/build/icyphy/ptII/ptolemy/domains/de/test/auto/ClockDriftChange.xml
----------------- Instantiating /home/travis/build/icyphy/ptII/ptolemy/domains/de/test/auto/ClockDriftChange.xml
10 ms. Memory: 326144K Free: 268474K (82%)
----------------- Invoking toplevel() on ptolemy.moml.MoMLSimpleApplication@19b65e6d
----------------- Done invoking toplevel() on ptolemy.moml.MoMLSimpleApplication@19b65e6d
reloadAllAccessors: .ClockDriftChange

===========================================================================================
----------------- testing Sat Apr 13 04:03:04 UTC 2019 /home/travis/build/icyphy/ptII/ptolemy/domains/de/test/auto/ComposableCausalityAnalysis.xml
----------------- Instantiating /home/travis/build/icyphy/ptII/ptolemy/domains/de/test/auto/ComposableCausalityAnalysis.xml
1 ms. Memory: 326144K Free: 261116K (80%)
----------------- Invoking toplevel() on ptolemy.moml.MoMLSimpleApplication@3767413a
----------------- Done invoking toplevel() on ptolemy.moml.MoMLSimpleApplication@3767413a
reloadAllAccessors: .ComposableCausalityAnalysis

===========================================================================================
----------------- testing Sat Apr 13 04:03:04 UTC 2019 /home/travis/build/icyphy/ptII/ptolemy/domains/de/test/auto/DEFixedPointLimitation.xml
----------------- Instantiating /home/travis/build/icyphy/ptII/ptolemy/domains/de/test/auto/DEFixedPointLimitation.xml
1 ms. Memory: 326144K Free: 253757K (78%)
----------------- Invoking toplevel() on ptolemy.moml.MoMLSimpleApplication@1cf569d0
----------------- Done invoking toplevel() on ptolemy.moml.MoMLSimpleApplication@1cf569d0
reloadAllAccessors: .DEFixedPointLimitation

===========================================================================================
----------------- testing Sat Apr 13 04:03:04 UTC 2019 /home/travis/build/icyphy/ptII/ptolemy/domains/de/test/auto/DEScheduleTest.xml
----------------- Instantiating /home/travis/build/icyphy/ptII/ptolemy/domains/de/test/auto/DEScheduleTest.xml
2 ms. Memory: 326144K Free: 243967K (75%)
----------------- Invoking toplevel() on ptolemy.moml.MoMLSimpleApplication@162d2624
----------------- Done invoking toplevel() on ptolemy.moml.MoMLSimpleApplication@162d2624
reloadAllAccessors: .DEScheduleTest

===========================================================================================
----------------- testing Sat Apr 13 04:03:04 UTC 2019 /home/travis/build/icyphy/ptII/ptolemy/domains/de/test/auto/DEinDEwithStartTimes.xml
----------------- Instantiating /home/travis/build/icyphy/ptII/ptolemy/domains/de/test/auto/DEinDEwithStartTimes.xml
6 ms. Memory: 326144K Free: 236609K (73%)
----------------- Invoking toplevel() on ptolemy.moml.MoMLSimpleApplication@4848de99
----------------- Done invoking toplevel() on ptolemy.moml.MoMLSimpleApplication@4848de99
reloadAllAccessors: .DEinDEwithStartTimes

===========================================================================================
----------------- testing Sat Apr 13 04:03:04 UTC 2019 /home/travis/build/icyphy/ptII/ptolemy/domains/de/test/auto/DEinDEwithStartTimes2.xml
----------------- Instantiating /home/travis/build/icyphy/ptII/ptolemy/domains/de/test/auto/DEinDEwithStartTimes2.xml
3 ms. Memory: 326144K Free: 226819K (70%)
----------------- Invoking toplevel() on ptolemy.moml.MoMLSimpleApplication@184068d6
----------------- Done invoking toplevel() on ptolemy.moml.MoMLSimpleApplication@184068d6
reloadAllAccessors: .DEinDEwithStartTimes2

===========================================================================================
----------------- testing Sat Apr 13 04:03:04 UTC 2019 /home/travis/build/icyphy/ptII/ptolemy/domains/de/test/auto/DateDemo.xml
----------------- Instantiating /home/travis/build/icyphy/ptII/ptolemy/domains/de/test/auto/DateDemo.xml
6 ms. Memory: 326144K Free: 212103K (65%)
----------------- Invoking toplevel() on ptolemy.moml.MoMLSimpleApplication@f2fc341
----------------- Done invoking toplevel() on ptolemy.moml.MoMLSimpleApplication@f2fc341
reloadAllAccessors: .DateDemo

===========================================================================================
----------------- testing Sat Apr 13 04:03:04 UTC 2019 /home/travis/build/icyphy/ptII/ptolemy/domains/de/test/auto/DateToEvent.xml
----------------- Instantiating /home/travis/build/icyphy/ptII/ptolemy/domains/de/test/auto/DateToEvent.xml
2003 ms. Memory: 326144K Free: 192476K (59%)
----------------- Invoking toplevel() on ptolemy.moml.MoMLSimpleApplication@7d3a3aac
----------------- Done invoking toplevel() on ptolemy.moml.MoMLSimpleApplication@7d3a3aac
reloadAllAccessors: .DateToEvent

===========================================================================================
----------------- testing Sat Apr 13 04:03:06 UTC 2019 /home/travis/build/icyphy/ptII/ptolemy/domains/de/test/auto/DepthTest1.xml
----------------- Instantiating /home/travis/build/icyphy/ptII/ptolemy/domains/de/test/auto/DepthTest1.xml
1 ms. Memory: 326144K Free: 185141K (57%)
----------------- Invoking toplevel() on ptolemy.moml.MoMLSimpleApplication@38fccdef
----------------- Done invoking toplevel() on ptolemy.moml.MoMLSimpleApplication@38fccdef
reloadAllAccessors: .DepthTest1

===========================================================================================
----------------- testing Sat Apr 13 04:03:06 UTC 2019 /home/travis/build/icyphy/ptII/ptolemy/domains/de/test/auto/DepthTest2.xml
----------------- Instantiating /home/travis/build/icyphy/ptII/ptolemy/domains/de/test/auto/DepthTest2.xml
2 ms. Memory: 326144K Free: 175351K (54%)
----------------- Invoking toplevel() on ptolemy.moml.MoMLSimpleApplication@634de747
----------------- Done invoking toplevel() on ptolemy.moml.MoMLSimpleApplication@634de747
reloadAllAccessors: .DepthTest2

===========================================================================================
----------------- testing Sat Apr 13 04:03:06 UTC 2019 /home/travis/build/icyphy/ptII/ptolemy/domains/de/test/auto/DepthTest3.xml
----------------- Instantiating /home/travis/build/icyphy/ptII/ptolemy/domains/de/test/auto/DepthTest3.xml
1 ms. Memory: 326144K Free: 170456K (52%)
----------------- Invoking toplevel() on ptolemy.moml.MoMLSimpleApplication@85f934d
----------------- Done invoking toplevel() on ptolemy.moml.MoMLSimpleApplication@85f934d
reloadAllAccessors: .DepthTest3

===========================================================================================
----------------- testing Sat Apr 13 04:03:06 UTC 2019 /home/travis/build/icyphy/ptII/ptolemy/domains/de/test/auto/DepthTest4.xml
----------------- Instantiating /home/travis/build/icyphy/ptII/ptolemy/domains/de/test/auto/DepthTest4.xml
2 ms. Memory: 326144K Free: 163106K (50%)
----------------- Invoking toplevel() on ptolemy.moml.MoMLSimpleApplication@36e65b6f
----------------- Done invoking toplevel() on ptolemy.moml.MoMLSimpleApplication@36e65b6f
reloadAllAccessors: .DepthTest4

===========================================================================================
----------------- testing Sat Apr 13 04:03:06 UTC 2019 /home/travis/build/icyphy/ptII/ptolemy/domains/de/test/auto/DepthTest5.xml
----------------- Instantiating /home/travis/build/icyphy/ptII/ptolemy/domains/de/test/auto/DepthTest5.xml
1 ms. Memory: 326144K Free: 155748K (48%)
----------------- Invoking toplevel() on ptolemy.moml.MoMLSimpleApplication@68531870
----------------- Done invoking toplevel() on ptolemy.moml.MoMLSimpleApplication@68531870
reloadAllAccessors: .DepthTest5

===========================================================================================
----------------- testing Sat Apr 13 04:03:06 UTC 2019 /home/travis/build/icyphy/ptII/ptolemy/domains/de/test/auto/DepthTest6.xml
----------------- Instantiating /home/travis/build/icyphy/ptII/ptolemy/domains/de/test/auto/DepthTest6.xml
2 ms. Memory: 326144K Free: 145951K (45%)
----------------- Invoking toplevel() on ptolemy.moml.MoMLSimpleApplication@3838e0ea
----------------- Done invoking toplevel() on ptolemy.moml.MoMLSimpleApplication@3838e0ea
reloadAllAccessors: .DepthTest6

===========================================================================================
----------------- testing Sat Apr 13 04:03:06 UTC 2019 /home/travis/build/icyphy/ptII/ptolemy/domains/de/test/auto/DepthTest7.xml
----------------- Instantiating /home/travis/build/icyphy/ptII/ptolemy/domains/de/test/auto/DepthTest7.xml
3 ms. Memory: 326144K Free: 138592K (42%)
----------------- Invoking toplevel() on ptolemy.moml.MoMLSimpleApplication@610a3149
----------------- Done invoking toplevel() on ptolemy.moml.MoMLSimpleApplication@610a3149
reloadAllAccessors: .DepthTest7

===========================================================================================
----------------- testing Sat Apr 13 04:03:06 UTC 2019 /home/travis/build/icyphy/ptII/ptolemy/domains/de/test/auto/EventToDate.xml
----------------- Instantiating /home/travis/build/icyphy/ptII/ptolemy/domains/de/test/auto/EventToDate.xml
3004 ms. Memory: 326144K Free: 121437K (37%)
----------------- Invoking toplevel() on ptolemy.moml.MoMLSimpleApplication@43837569
----------------- Done invoking toplevel() on ptolemy.moml.MoMLSimpleApplication@43837569
reloadAllAccessors: .EventToDate

===========================================================================================
----------------- testing Sat Apr 13 04:03:10 UTC 2019 /home/travis/build/icyphy/ptII/ptolemy/domains/de/test/auto/FSM1.xml
----------------- Instantiating /home/travis/build/icyphy/ptII/ptolemy/domains/de/test/auto/FSM1.xml
9 ms. Memory: 326144K Free: 106720K (33%)
----------------- Invoking toplevel() on ptolemy.moml.MoMLSimpleApplication@6eb1f6d1
----------------- Done invoking toplevel() on ptolemy.moml.MoMLSimpleApplication@6eb1f6d1
reloadAllAccessors: .FSM1

===========================================================================================
----------------- testing Sat Apr 13 04:03:10 UTC 2019 /home/travis/build/icyphy/ptII/ptolemy/domains/de/test/auto/FSM7.xml
----------------- Instantiating /home/travis/build/icyphy/ptII/ptolemy/domains/de/test/auto/FSM7.xml
9 ms. Memory: 326144K Free: 92004K (28%)
----------------- Invoking toplevel() on ptolemy.moml.MoMLSimpleApplication@604499bf
----------------- Done invoking toplevel() on ptolemy.moml.MoMLSimpleApplication@604499bf
reloadAllAccessors: .FSM7

===========================================================================================
----------------- testing Sat Apr 13 04:03:10 UTC 2019 /home/travis/build/icyphy/ptII/ptolemy/domains/de/test/auto/Inspection.xml
----------------- Instantiating /home/travis/build/icyphy/ptII/ptolemy/domains/de/test/auto/Inspection.xml
11 ms. Memory: 326144K Free: 77303K (24%)
----------------- Invoking toplevel() on ptolemy.moml.MoMLSimpleApplication@538a2780
----------------- Done invoking toplevel() on ptolemy.moml.MoMLSimpleApplication@538a2780
reloadAllAccessors: .Inspection

===========================================================================================
----------------- testing Sat Apr 13 04:03:10 UTC 2019 /home/travis/build/icyphy/ptII/ptolemy/domains/de/test/auto/Iteration.xml
----------------- Instantiating /home/travis/build/icyphy/ptII/ptolemy/domains/de/test/auto/Iteration.xml
4 ms. Memory: 315904K Free: 300333K (95%)
----------------- Invoking toplevel() on ptolemy.moml.MoMLSimpleApplication@51ab88e7
----------------- Done invoking toplevel() on ptolemy.moml.MoMLSimpleApplication@51ab88e7
reloadAllAccessors: .Iteration

===========================================================================================
----------------- testing Sat Apr 13 04:03:10 UTC 2019 /home/travis/build/icyphy/ptII/ptolemy/domains/de/test/auto/LineFault.xml
----------------- Instantiating /home/travis/build/icyphy/ptII/ptolemy/domains/de/test/auto/LineFault.xml
412 ms. Memory: 315904K Free: 183803K (58%)
----------------- Invoking toplevel() on ptolemy.moml.MoMLSimpleApplication@1f9c216e
----------------- Done invoking toplevel() on ptolemy.moml.MoMLSimpleApplication@1f9c216e
reloadAllAccessors: .LineFault

===========================================================================================
----------------- testing Sat Apr 13 04:03:10 UTC 2019 /home/travis/build/icyphy/ptII/ptolemy/domains/de/test/auto/MergeModel1Add.xml
----------------- Instantiating /home/travis/build/icyphy/ptII/ptolemy/domains/de/test/auto/MergeModel1Add.xml
6 ms. Memory: 315904K Free: 162696K (52%)
----------------- Invoking toplevel() on ptolemy.moml.MoMLSimpleApplication@24ac038b
----------------- Done invoking toplevel() on ptolemy.moml.MoMLSimpleApplication@24ac038b
reloadAllAccessors: .MergeModel1Add

===========================================================================================
----------------- testing Sat Apr 13 04:03:10 UTC 2019 /home/travis/build/icyphy/ptII/ptolemy/domains/de/test/auto/MergeModel2Add.xml
----------------- Instantiating /home/travis/build/icyphy/ptII/ptolemy/domains/de/test/auto/MergeModel2Add.xml
5 ms. Memory: 315904K Free: 141564K (45%)
----------------- Invoking toplevel() on ptolemy.moml.MoMLSimpleApplication@79952e76
----------------- Done invoking toplevel() on ptolemy.moml.MoMLSimpleApplication@79952e76
reloadAllAccessors: .MergeModel2Add

===========================================================================================
----------------- testing Sat Apr 13 04:03:10 UTC 2019 /home/travis/build/icyphy/ptII/ptolemy/domains/de/test/auto/MergeModel3Add.xml
----------------- Instantiating /home/travis/build/icyphy/ptII/ptolemy/domains/de/test/auto/MergeModel3Add.xml
5 ms. Memory: 315904K Free: 121201K (38%)
----------------- Invoking toplevel() on ptolemy.moml.MoMLSimpleApplication@3eed979d
----------------- Done invoking toplevel() on ptolemy.moml.MoMLSimpleApplication@3eed979d
reloadAllAccessors: .MergeModel3Add

===========================================================================================
----------------- testing Sat Apr 13 04:03:10 UTC 2019 /home/travis/build/icyphy/ptII/ptolemy/domains/de/test/auto/MergeWithoutDiscard.xml
----------------- Instantiating /home/travis/build/icyphy/ptII/ptolemy/domains/de/test/auto/MergeWithoutDiscard.xml
1 ms. Memory: 315904K Free: 114165K (36%)
----------------- Invoking toplevel() on ptolemy.moml.MoMLSimpleApplication@767f43f5
----------------- Done invoking toplevel() on ptolemy.moml.MoMLSimpleApplication@767f43f5
reloadAllAccessors: .MergeWithoutDiscard

===========================================================================================
----------------- testing Sat Apr 13 04:03:10 UTC 2019 /home/travis/build/icyphy/ptII/ptolemy/domains/de/test/auto/Modal1.xml
----------------- Instantiating /home/travis/build/icyphy/ptII/ptolemy/domains/de/test/auto/Modal1.xml
7 ms. Memory: 315904K Free: 97738K (31%)
----------------- Invoking toplevel() on ptolemy.moml.MoMLSimpleApplication@16f29410
----------------- Done invoking toplevel() on ptolemy.moml.MoMLSimpleApplication@16f29410
reloadAllAccessors: .Modal1

===========================================================================================
----------------- testing Sat Apr 13 04:03:10 UTC 2019 /home/travis/build/icyphy/ptII/ptolemy/domains/de/test/auto/Modal2.xml
----------------- Instantiating /home/travis/build/icyphy/ptII/ptolemy/domains/de/test/auto/Modal2.xml
8 ms. Memory: 315904K Free: 82095K (26%)
----------------- Invoking toplevel() on ptolemy.moml.MoMLSimpleApplication@2dbd0e21
----------------- Done invoking toplevel() on ptolemy.moml.MoMLSimpleApplication@2dbd0e21
reloadAllAccessors: .Modal2

===========================================================================================
----------------- testing Sat Apr 13 04:03:10 UTC 2019 /home/travis/build/icyphy/ptII/ptolemy/domains/de/test/auto/Modal3.xml
----------------- Instantiating /home/travis/build/icyphy/ptII/ptolemy/domains/de/test/auto/Modal3.xml
6 ms. Memory: 305152K Free: 290577K (95%)
----------------- Invoking toplevel() on ptolemy.moml.MoMLSimpleApplication@27aceef1
----------------- Done invoking toplevel() on ptolemy.moml.MoMLSimpleApplication@27aceef1
reloadAllAccessors: .Modal3

===========================================================================================
----------------- testing Sat Apr 13 04:03:10 UTC 2019 /home/travis/build/icyphy/ptII/ptolemy/domains/de/test/auto/Modal4.xml
----------------- Instantiating /home/travis/build/icyphy/ptII/ptolemy/domains/de/test/auto/Modal4.xml
8 ms. Memory: 305152K Free: 273855K (90%)
----------------- Invoking toplevel() on ptolemy.moml.MoMLSimpleApplication@6721dca0
----------------- Done invoking toplevel() on ptolemy.moml.MoMLSimpleApplication@6721dca0
reloadAllAccessors: .Modal4

===========================================================================================
----------------- testing Sat Apr 13 04:03:10 UTC 2019 /home/travis/build/icyphy/ptII/ptolemy/domains/de/test/auto/Modal5.xml
----------------- Instantiating /home/travis/build/icyphy/ptII/ptolemy/domains/de/test/auto/Modal5.xml
8 ms. Memory: 305152K Free: 258153K (85%)
----------------- Invoking toplevel() on ptolemy.moml.MoMLSimpleApplication@2005cb90
----------------- Done invoking toplevel() on ptolemy.moml.MoMLSimpleApplication@2005cb90
reloadAllAccessors: .Modal5

===========================================================================================
----------------- testing Sat Apr 13 04:03:10 UTC 2019 /home/travis/build/icyphy/ptII/ptolemy/domains/de/test/auto/Modal6.xml
----------------- Instantiating /home/travis/build/icyphy/ptII/ptolemy/domains/de/test/auto/Modal6.xml
8 ms. Memory: 305152K Free: 241447K (79%)
----------------- Invoking toplevel() on ptolemy.moml.MoMLSimpleApplication@2d871f3b
----------------- Done invoking toplevel() on ptolemy.moml.MoMLSimpleApplication@2d871f3b
reloadAllAccessors: .Modal6

===========================================================================================
----------------- testing Sat Apr 13 04:03:11 UTC 2019 /home/travis/build/icyphy/ptII/ptolemy/domains/de/test/auto/Modal7.xml
----------------- Instantiating /home/travis/build/icyphy/ptII/ptolemy/domains/de/test/auto/Modal7.xml
7 ms. Memory: 305152K Free: 225744K (74%)
----------------- Invoking toplevel() on ptolemy.moml.MoMLSimpleApplication@5b9d9415
----------------- Done invoking toplevel() on ptolemy.moml.MoMLSimpleApplication@5b9d9415
reloadAllAccessors: .Modal7

===========================================================================================
----------------- testing Sat Apr 13 04:03:11 UTC 2019 /home/travis/build/icyphy/ptII/ptolemy/domains/de/test/auto/ModalModel.xml
----------------- Instantiating /home/travis/build/icyphy/ptII/ptolemy/domains/de/test/auto/ModalModel.xml
102 ms. Memory: 305152K Free: 152876K (50%)
----------------- Invoking toplevel() on ptolemy.moml.MoMLSimpleApplication@4712e9b8
----------------- Done invoking toplevel() on ptolemy.moml.MoMLSimpleApplication@4712e9b8
reloadAllAccessors: .ModalModel

===========================================================================================
----------------- testing Sat Apr 13 04:03:11 UTC 2019 /home/travis/build/icyphy/ptII/ptolemy/domains/de/test/auto/ModalSource.xml
----------------- Instantiating /home/travis/build/icyphy/ptII/ptolemy/domains/de/test/auto/ModalSource.xml
4 ms. Memory: 305152K Free: 143926K (47%)
----------------- Invoking toplevel() on ptolemy.moml.MoMLSimpleApplication@315a4008
----------------- Done invoking toplevel() on ptolemy.moml.MoMLSimpleApplication@315a4008
reloadAllAccessors: .ModalSource

===========================================================================================
----------------- testing Sat Apr 13 04:03:11 UTC 2019 /home/travis/build/icyphy/ptII/ptolemy/domains/de/test/auto/NonInterruptibleTimerZeroDelay.xml
----------------- Instantiating /home/travis/build/icyphy/ptII/ptolemy/domains/de/test/auto/NonInterruptibleTimerZeroDelay.xml
2 ms. Memory: 305152K Free: 136186K (45%)
----------------- Invoking toplevel() on ptolemy.moml.MoMLSimpleApplication@283a2ef3
----------------- Done invoking toplevel() on ptolemy.moml.MoMLSimpleApplication@283a2ef3
reloadAllAccessors: .NonInterruptibleTimerZeroDelay

===========================================================================================
----------------- testing Sat Apr 13 04:03:11 UTC 2019 /home/travis/build/icyphy/ptII/ptolemy/domains/de/test/auto/OpenQueueingNetwork.xml
----------------- Instantiating /home/travis/build/icyphy/ptII/ptolemy/domains/de/test/auto/OpenQueueingNetwork.xml
2238 ms. Memory: 279552K Free: 166938K (60%)
----------------- Invoking toplevel() on ptolemy.moml.MoMLSimpleApplication@15a25489
----------------- Done invoking toplevel() on ptolemy.moml.MoMLSimpleApplication@15a25489
reloadAllAccessors: .OpenQueueingNetwork

===========================================================================================
----------------- testing Sat Apr 13 04:03:13 UTC 2019 /home/travis/build/icyphy/ptII/ptolemy/domains/de/test/auto/OpenQueuingNetwork.xml
----------------- Instantiating /home/travis/build/icyphy/ptII/ptolemy/domains/de/test/auto/OpenQueuingNetwork.xml
230 ms. Memory: 279552K Free: 76695K (27%)
----------------- Invoking toplevel() on ptolemy.moml.MoMLSimpleApplication@72019cb5
----------------- Done invoking toplevel() on ptolemy.moml.MoMLSimpleApplication@72019cb5
reloadAllAccessors: .OpenQueuingNetwork

===========================================================================================
----------------- testing Sat Apr 13 04:03:13 UTC 2019 /home/travis/build/icyphy/ptII/ptolemy/domains/de/test/auto/PeriodicSampler.xml
----------------- Instantiating /home/travis/build/icyphy/ptII/ptolemy/domains/de/test/auto/PeriodicSampler.xml
10 ms. Memory: 269312K Free: 256964K (95%)
----------------- Invoking toplevel() on ptolemy.moml.MoMLSimpleApplication@c87dae9
----------------- Done invoking toplevel() on ptolemy.moml.MoMLSimpleApplication@c87dae9
reloadAllAccessors: .PeriodicSampler

===========================================================================================
----------------- testing Sat Apr 13 04:03:13 UTC 2019 /home/travis/build/icyphy/ptII/ptolemy/domains/de/test/auto/PersistentIO.xml
----------------- Instantiating /home/travis/build/icyphy/ptII/ptolemy/domains/de/test/auto/PersistentIO.xml
4 ms. Memory: 269312K Free: 243960K (91%)
----------------- Invoking toplevel() on ptolemy.moml.MoMLSimpleApplication@6d26f8d8
----------------- Done invoking toplevel() on ptolemy.moml.MoMLSimpleApplication@6d26f8d8
reloadAllAccessors: .PersistentIO

===========================================================================================
----------------- testing Sat Apr 13 04:03:13 UTC 2019 /home/travis/build/icyphy/ptII/ptolemy/domains/de/test/auto/PortParameterResetOnInitialize.xml
----------------- Instantiating /home/travis/build/icyphy/ptII/ptolemy/domains/de/test/auto/PortParameterResetOnInitialize.xml
1 ms. Memory: 269312K Free: 237929K (88%)
----------------- Invoking toplevel() on ptolemy.moml.MoMLSimpleApplication@2c5d1a45
----------------- Done invoking toplevel() on ptolemy.moml.MoMLSimpleApplication@2c5d1a45
reloadAllAccessors: .PortParameterResetOnInitialize

===========================================================================================
----------------- testing Sat Apr 13 04:03:13 UTC 2019 /home/travis/build/icyphy/ptII/ptolemy/domains/de/test/auto/PortParameterUpdates.xml
----------------- Instantiating /home/travis/build/icyphy/ptII/ptolemy/domains/de/test/auto/PortParameterUpdates.xml
3 ms. Memory: 269312K Free: 229650K (85%)
----------------- Invoking toplevel() on ptolemy.moml.MoMLSimpleApplication@7dee421c
----------------- Done invoking toplevel() on ptolemy.moml.MoMLSimpleApplication@7dee421c
reloadAllAccessors: .PortParameterUpdates

===========================================================================================
----------------- testing Sat Apr 13 04:03:13 UTC 2019 /home/travis/build/icyphy/ptII/ptolemy/domains/de/test/auto/QueueAndServer.xml
----------------- Instantiating /home/travis/build/icyphy/ptII/ptolemy/domains/de/test/auto/QueueAndServer.xml
5 ms. Memory: 269312K Free: 219844K (82%)
----------------- Invoking toplevel() on ptolemy.moml.MoMLSimpleApplication@49e378d6
----------------- Done invoking toplevel() on ptolemy.moml.MoMLSimpleApplication@49e378d6
reloadAllAccessors: .QueueAndServer

===========================================================================================
----------------- testing Sat Apr 13 04:03:13 UTC 2019 /home/travis/build/icyphy/ptII/ptolemy/domains/de/test/auto/Records.xml
----------------- Instantiating /home/travis/build/icyphy/ptII/ptolemy/domains/de/test/auto/Records.xml
4 ms. Memory: 269312K Free: 211918K (79%)
----------------- Invoking toplevel() on ptolemy.moml.MoMLSimpleApplication@4f70eceb
----------------- Done invoking toplevel() on ptolemy.moml.MoMLSimpleApplication@4f70eceb
reloadAllAccessors: .Records

===========================================================================================
----------------- testing Sat Apr 13 04:03:13 UTC 2019 /home/travis/build/icyphy/ptII/ptolemy/domains/de/test/auto/ResetTransitionWithStartTime1.xml
----------------- Instantiating /home/travis/build/icyphy/ptII/ptolemy/domains/de/test/auto/ResetTransitionWithStartTime1.xml
10 ms. Memory: 269312K Free: 199857K (74%)
----------------- Invoking toplevel() on ptolemy.moml.MoMLSimpleApplication@1af5394b
----------------- Done invoking toplevel() on ptolemy.moml.MoMLSimpleApplication@1af5394b
reloadAllAccessors: .ResetTransitionWithStartTime1

===========================================================================================
----------------- testing Sat Apr 13 04:03:13 UTC 2019 /home/travis/build/icyphy/ptII/ptolemy/domains/de/test/auto/ResetTransitionWithStartTime2.xml
----------------- Instantiating /home/travis/build/icyphy/ptII/ptolemy/domains/de/test/auto/ResetTransitionWithStartTime2.xml
3 ms. Memory: 269312K Free: 188157K (70%)
----------------- Invoking toplevel() on ptolemy.moml.MoMLSimpleApplication@4d13276d
----------------- Done invoking toplevel() on ptolemy.moml.MoMLSimpleApplication@4d13276d
reloadAllAccessors: .ResetTransitionWithStartTime2

===========================================================================================
----------------- testing Sat Apr 13 04:03:13 UTC 2019 /home/travis/build/icyphy/ptII/ptolemy/domains/de/test/auto/ResetTransitionWithStartTime3.xml
----------------- Instantiating /home/travis/build/icyphy/ptII/ptolemy/domains/de/test/auto/ResetTransitionWithStartTime3.xml
4 ms. Memory: 269312K Free: 176465K (66%)
----------------- Invoking toplevel() on ptolemy.moml.MoMLSimpleApplication@2492cefb
----------------- Done invoking toplevel() on ptolemy.moml.MoMLSimpleApplication@2492cefb
reloadAllAccessors: .ResetTransitionWithStartTime3

===========================================================================================
----------------- testing Sat Apr 13 04:03:14 UTC 2019 /home/travis/build/icyphy/ptII/ptolemy/domains/de/test/auto/ResetTransitionWithStartTime4.xml
----------------- Instantiating /home/travis/build/icyphy/ptII/ptolemy/domains/de/test/auto/ResetTransitionWithStartTime4.xml
4 ms. Memory: 269312K Free: 166299K (62%)
----------------- Invoking toplevel() on ptolemy.moml.MoMLSimpleApplication@518b5ca6
----------------- Done invoking toplevel() on ptolemy.moml.MoMLSimpleApplication@518b5ca6
reloadAllAccessors: .ResetTransitionWithStartTime4

===========================================================================================
----------------- testing Sat Apr 13 04:03:14 UTC 2019 /home/travis/build/icyphy/ptII/ptolemy/domains/de/test/auto/ResettableTimer1.xml
----------------- Instantiating /home/travis/build/icyphy/ptII/ptolemy/domains/de/test/auto/ResettableTimer1.xml
1 ms. Memory: 269312K Free: 160268K (60%)
----------------- Invoking toplevel() on ptolemy.moml.MoMLSimpleApplication@90327b3
----------------- Done invoking toplevel() on ptolemy.moml.MoMLSimpleApplication@90327b3
reloadAllAccessors: .ResettableTimer1

===========================================================================================
----------------- testing Sat Apr 13 04:03:14 UTC 2019 /home/travis/build/icyphy/ptII/ptolemy/domains/de/test/auto/ResettableTimer2.xml
----------------- Instantiating /home/travis/build/icyphy/ptII/ptolemy/domains/de/test/auto/ResettableTimer2.xml
2 ms. Memory: 269312K Free: 154238K (57%)
----------------- Invoking toplevel() on ptolemy.moml.MoMLSimpleApplication@43dfcfc7
----------------- Done invoking toplevel() on ptolemy.moml.MoMLSimpleApplication@43dfcfc7
reloadAllAccessors: .ResettableTimer2

===========================================================================================
----------------- testing Sat Apr 13 04:03:14 UTC 2019 /home/travis/build/icyphy/ptII/ptolemy/domains/de/test/auto/ResettableTimer3.xml
----------------- Instantiating /home/travis/build/icyphy/ptII/ptolemy/domains/de/test/auto/ResettableTimer3.xml
1 ms. Memory: 269312K Free: 147830K (55%)
----------------- Invoking toplevel() on ptolemy.moml.MoMLSimpleApplication@5528911b
----------------- Done invoking toplevel() on ptolemy.moml.MoMLSimpleApplication@5528911b
reloadAllAccessors: .ResettableTimer3

===========================================================================================
----------------- testing Sat Apr 13 04:03:14 UTC 2019 /home/travis/build/icyphy/ptII/ptolemy/domains/de/test/auto/ResettableTimer4.xml
----------------- Instantiating /home/travis/build/icyphy/ptII/ptolemy/domains/de/test/auto/ResettableTimer4.xml
1 ms. Memory: 269312K Free: 141799K (53%)
----------------- Invoking toplevel() on ptolemy.moml.MoMLSimpleApplication@26a8bf7c
----------------- Done invoking toplevel() on ptolemy.moml.MoMLSimpleApplication@26a8bf7c
reloadAllAccessors: .ResettableTimer4

===========================================================================================
----------------- testing Sat Apr 13 04:03:14 UTC 2019 /home/travis/build/icyphy/ptII/ptolemy/domains/de/test/auto/ResettableTimer5.xml
----------------- Instantiating /home/travis/build/icyphy/ptII/ptolemy/domains/de/test/auto/ResettableTimer5.xml
1 ms. Memory: 269312K Free: 135400K (50%)
----------------- Invoking toplevel() on ptolemy.moml.MoMLSimpleApplication@26a901c6
----------------- Done invoking toplevel() on ptolemy.moml.MoMLSimpleApplication@26a901c6
reloadAllAccessors: .ResettableTimer5

===========================================================================================
----------------- testing Sat Apr 13 04:03:14 UTC 2019 /home/travis/build/icyphy/ptII/ptolemy/domains/de/test/auto/ResettableTimer6.xml
----------------- Instantiating /home/travis/build/icyphy/ptII/ptolemy/domains/de/test/auto/ResettableTimer6.xml
4 ms. Memory: 269312K Free: 127474K (47%)
----------------- Invoking toplevel() on ptolemy.moml.MoMLSimpleApplication@2fbe3e29
----------------- Done invoking toplevel() on ptolemy.moml.MoMLSimpleApplication@2fbe3e29
reloadAllAccessors: .ResettableTimer6

===========================================================================================
----------------- testing Sat Apr 13 04:03:14 UTC 2019 /home/travis/build/icyphy/ptII/ptolemy/domains/de/test/auto/ServerZeroDelay.xml
----------------- Instantiating /home/travis/build/icyphy/ptII/ptolemy/domains/de/test/auto/ServerZeroDelay.xml
2 ms. Memory: 269312K Free: 121443K (45%)
----------------- Invoking toplevel() on ptolemy.moml.MoMLSimpleApplication@36bf20c0
----------------- Done invoking toplevel() on ptolemy.moml.MoMLSimpleApplication@36bf20c0
reloadAllAccessors: .ServerZeroDelay

===========================================================================================
----------------- testing Sat Apr 13 04:03:14 UTC 2019 /home/travis/build/icyphy/ptII/ptolemy/domains/de/test/auto/SmartSender.xml
----------------- Instantiating /home/travis/build/icyphy/ptII/ptolemy/domains/de/test/auto/SmartSender.xml
3001 ms. Memory: 269312K Free: 115044K (43%)
----------------- Invoking toplevel() on ptolemy.moml.MoMLSimpleApplication@1248822
----------------- Done invoking toplevel() on ptolemy.moml.MoMLSimpleApplication@1248822
reloadAllAccessors: .SmartSender

===========================================================================================
----------------- testing Sat Apr 13 04:03:17 UTC 2019 /home/travis/build/icyphy/ptII/ptolemy/domains/de/test/auto/ThreadedComposite.xml
----------------- Instantiating /home/travis/build/icyphy/ptII/ptolemy/domains/de/test/auto/ThreadedComposite.xml
101 ms. Memory: 269312K Free: 90204K (33%)
----------------- Invoking toplevel() on ptolemy.moml.MoMLSimpleApplication@6bf3f79d
----------------- Done invoking toplevel() on ptolemy.moml.MoMLSimpleApplication@6bf3f79d
reloadAllAccessors: .ThreadedComposite

===========================================================================================
----------------- testing Sat Apr 13 04:03:17 UTC 2019 /home/travis/build/icyphy/ptII/ptolemy/domains/de/test/auto/Time.xml
----------------- Instantiating /home/travis/build/icyphy/ptII/ptolemy/domains/de/test/auto/Time.xml
419 ms. Memory: 263168K Free: 214616K (82%)
----------------- Invoking toplevel() on ptolemy.moml.MoMLSimpleApplication@375e712f
----------------- Done invoking toplevel() on ptolemy.moml.MoMLSimpleApplication@375e712f
reloadAllAccessors: .Time

===========================================================================================
----------------- testing Sat Apr 13 04:03:17 UTC 2019 /home/travis/build/icyphy/ptII/ptolemy/domains/de/test/auto/TimeDelayZeroDelay.xml
----------------- Instantiating /home/travis/build/icyphy/ptII/ptolemy/domains/de/test/auto/TimeDelayZeroDelay.xml
2 ms. Memory: 263168K Free: 208249K (79%)
----------------- Invoking toplevel() on ptolemy.moml.MoMLSimpleApplication@658394aa
----------------- Done invoking toplevel() on ptolemy.moml.MoMLSimpleApplication@658394aa
reloadAllAccessors: .TimeDelayZeroDelay

===========================================================================================
----------------- testing Sat Apr 13 04:03:17 UTC 2019 /home/travis/build/icyphy/ptII/ptolemy/domains/de/test/auto/TimerZeroDelay.xml
----------------- Instantiating /home/travis/build/icyphy/ptII/ptolemy/domains/de/test/auto/TimerZeroDelay.xml
3 ms. Memory: 263168K Free: 202803K (77%)
----------------- Invoking toplevel() on ptolemy.moml.MoMLSimpleApplication@4822cabe
----------------- Done invoking toplevel() on ptolemy.moml.MoMLSimpleApplication@4822cabe
reloadAllAccessors: .TimerZeroDelay

===========================================================================================
----------------- testing Sat Apr 13 04:03:17 UTC 2019 /home/travis/build/icyphy/ptII/ptolemy/domains/de/test/auto/TimingParadox.xml
----------------- Instantiating /home/travis/build/icyphy/ptII/ptolemy/domains/de/test/auto/TimingParadox.xml
296 ms. Memory: 263168K Free: 134691K (51%)
----------------- Invoking toplevel() on ptolemy.moml.MoMLSimpleApplication@25ba338d
----------------- Done invoking toplevel() on ptolemy.moml.MoMLSimpleApplication@25ba338d
reloadAllAccessors: .TimingParadox

===========================================================================================
----------------- testing Sat Apr 13 04:03:18 UTC 2019 /home/travis/build/icyphy/ptII/ptolemy/domains/de/test/auto/TransferInputs.xml
----------------- Instantiating /home/travis/build/icyphy/ptII/ptolemy/domains/de/test/auto/TransferInputs.xml
2 ms. Memory: 263168K Free: 129549K (49%)
----------------- Invoking toplevel() on ptolemy.moml.MoMLSimpleApplication@42cd3f7f
----------------- Done invoking toplevel() on ptolemy.moml.MoMLSimpleApplication@42cd3f7f
reloadAllAccessors: .TransferInputs

===========================================================================================
----------------- testing Sat Apr 13 04:03:18 UTC 2019 /home/travis/build/icyphy/ptII/ptolemy/domains/de/test/auto/TransferOutputs2.xml
----------------- Instantiating /home/travis/build/icyphy/ptII/ptolemy/domains/de/test/auto/TransferOutputs2.xml
5 ms. Memory: 263168K Free: 119273K (45%)
----------------- Invoking toplevel() on ptolemy.moml.MoMLSimpleApplication@3994eedc
----------------- Done invoking toplevel() on ptolemy.moml.MoMLSimpleApplication@3994eedc
reloadAllAccessors: .TransferOutputs2

===========================================================================================
----------------- testing Sat Apr 13 04:03:18 UTC 2019 /home/travis/build/icyphy/ptII/ptolemy/domains/de/test/auto/Trilateration.xml
----------------- Instantiating /home/travis/build/icyphy/ptII/ptolemy/domains/de/test/auto/Trilateration.xml
11198 ms. Memory: 567808K Free: 194046K (34%)
----------------- Invoking toplevel() on ptolemy.moml.MoMLSimpleApplication@ba8a65f
----------------- Done invoking toplevel() on ptolemy.moml.MoMLSimpleApplication@ba8a65f
reloadAllAccessors: .Trilateration

===========================================================================================
----------------- testing Sat Apr 13 04:03:30 UTC 2019 /home/travis/build/icyphy/ptII/ptolemy/domains/de/test/auto/TwoSigmaDelta.xml
----------------- Instantiating /home/travis/build/icyphy/ptII/ptolemy/domains/de/test/auto/TwoSigmaDelta.xml
2369 ms. Memory: 539648K Free: 359297K (67%)
----------------- Invoking toplevel() on ptolemy.moml.MoMLSimpleApplication@1874620d
----------------- Done invoking toplevel() on ptolemy.moml.MoMLSimpleApplication@1874620d
reloadAllAccessors: .TwoSigmaDelta

===========================================================================================
----------------- testing Sat Apr 13 04:03:32 UTC 2019 /home/travis/build/icyphy/ptII/ptolemy/domains/de/test/auto/VariableDelay.xml
----------------- Instantiating /home/travis/build/icyphy/ptII/ptolemy/domains/de/test/auto/VariableDelay.xml
2 ms. Memory: 539648K Free: 344751K (64%)
----------------- Invoking toplevel() on ptolemy.moml.MoMLSimpleApplication@70271f3a
----------------- Done invoking toplevel() on ptolemy.moml.MoMLSimpleApplication@70271f3a
reloadAllAccessors: .VariableDelay

===========================================================================================
----------------- testing Sat Apr 13 04:03:32 UTC 2019 /home/travis/build/icyphy/ptII/ptolemy/domains/de/test/auto/VariableDelay2.xml
----------------- Instantiating /home/travis/build/icyphy/ptII/ptolemy/domains/de/test/auto/VariableDelay2.xml
1 ms. Memory: 539648K Free: 335236K (62%)
----------------- Invoking toplevel() on ptolemy.moml.MoMLSimpleApplication@6e188831
----------------- Done invoking toplevel() on ptolemy.moml.MoMLSimpleApplication@6e188831
reloadAllAccessors: .VariableDelay2

===========================================================================================
----------------- testing Sat Apr 13 04:03:32 UTC 2019 /home/travis/build/icyphy/ptII/ptolemy/domains/de/test/auto/VariableDelayZeroDelay.xml
----------------- Instantiating /home/travis/build/icyphy/ptII/ptolemy/domains/de/test/auto/VariableDelayZeroDelay.xml
2 ms. Memory: 539648K Free: 325358K (60%)
----------------- Invoking toplevel() on ptolemy.moml.MoMLSimpleApplication@34f1b3d9
----------------- Done invoking toplevel() on ptolemy.moml.MoMLSimpleApplication@34f1b3d9
reloadAllAccessors: .VariableDelayZeroDelay

===========================================================================================
----------------- testing Sat Apr 13 04:03:32 UTC 2019 /home/travis/build/icyphy/ptII/ptolemy/domains/de/test/auto/VariableDelayZeroDelay2.xml
----------------- Instantiating /home/travis/build/icyphy/ptII/ptolemy/domains/de/test/auto/VariableDelayZeroDelay2.xml
2 ms. Memory: 539648K Free: 315843K (59%)
----------------- Invoking toplevel() on ptolemy.moml.MoMLSimpleApplication@5741051d
----------------- Done invoking toplevel() on ptolemy.moml.MoMLSimpleApplication@5741051d
reloadAllAccessors: .VariableDelayZeroDelay2

===========================================================================================
----------------- testing Sat Apr 13 04:03:32 UTC 2019 /home/travis/build/icyphy/ptII/ptolemy/domains/de/test/auto/deInCt.xml
----------------- Instantiating /home/travis/build/icyphy/ptII/ptolemy/domains/de/test/auto/deInCt.xml
0
1
1
1
0
0
1
1
1
0
0
0
1
1
1
0
0
0
0
1
1
1
0
0
0
0
1
1
1
1
0
0
0
1
1
1
0
0
0
1
1
1
0
0
0
1
1
1
0
0
0
0
9 ms. Memory: 539648K Free: 305966K (57%)
----------------- Invoking toplevel() on ptolemy.moml.MoMLSimpleApplication@4484fbc2
----------------- Done invoking toplevel() on ptolemy.moml.MoMLSimpleApplication@4484fbc2
reloadAllAccessors: .deInCt

===========================================================================================
----------------- testing Sat Apr 13 04:03:32 UTC 2019 /home/travis/build/icyphy/ptII/ptolemy/domains/de/test/auto/deInCt2.xml
----------------- Instantiating /home/travis/build/icyphy/ptII/ptolemy/domains/de/test/auto/deInCt2.xml
0
1
1
1
0
0
1
1
1
0
0
1
1
1
0
0
1
1
1
0
0
1
1
1
0
0
1
1
1
0
0
1
1
1
0
0
1
1
1
0
0
0
8 ms. Memory: 539648K Free: 296440K (55%)
----------------- Invoking toplevel() on ptolemy.moml.MoMLSimpleApplication@71e809a7
----------------- Done invoking toplevel() on ptolemy.moml.MoMLSimpleApplication@71e809a7
reloadAllAccessors: .deInCt2

===========================================================================================
----------------- testing Sat Apr 13 04:03:32 UTC 2019 /home/travis/build/icyphy/ptII/ptolemy/domains/de/test/auto/dynamicCausalityInterface1.xml
----------------- Instantiating /home/travis/build/icyphy/ptII/ptolemy/domains/de/test/auto/dynamicCausalityInterface1.xml
1 ms. Memory: 539648K Free: 281985K (52%)
----------------- Invoking toplevel() on ptolemy.moml.MoMLSimpleApplication@584ce674
----------------- Done invoking toplevel() on ptolemy.moml.MoMLSimpleApplication@584ce674
reloadAllAccessors: .dynamicCausalityInterface1

===========================================================================================
----------------- testing Sat Apr 13 04:03:32 UTC 2019 /home/travis/build/icyphy/ptII/ptolemy/domains/de/test/auto/fsm_de_test.xml
----------------- Instantiating /home/travis/build/icyphy/ptII/ptolemy/domains/de/test/auto/fsm_de_test.xml
5 ms. Memory: 539648K Free: 267515K (50%)
----------------- Invoking toplevel() on ptolemy.moml.MoMLSimpleApplication@64602b9
----------------- Done invoking toplevel() on ptolemy.moml.MoMLSimpleApplication@64602b9
reloadAllAccessors: .fsm_de_test

===========================================================================================
----------------- testing Sat Apr 13 04:03:32 UTC 2019 /home/travis/build/icyphy/ptII/ptolemy/domains/de/test/auto/functionDependencyReconstruction.xml
----------------- Instantiating /home/travis/build/icyphy/ptII/ptolemy/domains/de/test/auto/functionDependencyReconstruction.xml
3 ms. Memory: 539648K Free: 244236K (45%)
----------------- Invoking toplevel() on ptolemy.moml.MoMLSimpleApplication@247a7ff8
----------------- Done invoking toplevel() on ptolemy.moml.MoMLSimpleApplication@247a7ff8
reloadAllAccessors: .functionDependencyReconstruction

===========================================================================================
----------------- testing Sat Apr 13 04:03:32 UTC 2019 /home/travis/build/icyphy/ptII/ptolemy/domains/de/test/auto/multirate.xml
----------------- Instantiating /home/travis/build/icyphy/ptII/ptolemy/domains/de/test/auto/multirate.xml
5 ms. Memory: 539648K Free: 229781K (43%)
----------------- Invoking toplevel() on ptolemy.moml.MoMLSimpleApplication@500c587e
----------------- Done invoking toplevel() on ptolemy.moml.MoMLSimpleApplication@500c587e
reloadAllAccessors: .multirate

===========================================================================================
----------------- testing Sat Apr 13 04:03:32 UTC 2019 /home/travis/build/icyphy/ptII/ptolemy/domains/de/test/auto/multirate2.xml
----------------- Instantiating /home/travis/build/icyphy/ptII/ptolemy/domains/de/test/auto/multirate2.xml
3 ms. Memory: 539648K Free: 215672K (40%)
----------------- Invoking toplevel() on ptolemy.moml.MoMLSimpleApplication@28daad6c
----------------- Done invoking toplevel() on ptolemy.moml.MoMLSimpleApplication@28daad6c
reloadAllAccessors: .multirate2

===========================================================================================
----------------- testing Sat Apr 13 04:03:32 UTC 2019 /home/travis/build/icyphy/ptII/ptolemy/domains/de/test/auto/realtime.xml
----------------- Instantiating /home/travis/build/icyphy/ptII/ptolemy/domains/de/test/auto/realtime.xml
10001 ms. Memory: 539648K Free: 205795K (38%)
----------------- Invoking toplevel() on ptolemy.moml.MoMLSimpleApplication@11c806d
----------------- Done invoking toplevel() on ptolemy.moml.MoMLSimpleApplication@11c806d
reloadAllAccessors: .realtime

===========================================================================================
----------------- testing Sat Apr 13 04:03:42 UTC 2019 /home/travis/build/icyphy/ptII/ptolemy/domains/de/test/auto/relationGroup.xml
----------------- Instantiating /home/travis/build/icyphy/ptII/ptolemy/domains/de/test/auto/relationGroup.xml
3 ms. Memory: 539648K Free: 196279K (36%)
----------------- Invoking toplevel() on ptolemy.moml.MoMLSimpleApplication@118d9181
----------------- Done invoking toplevel() on ptolemy.moml.MoMLSimpleApplication@118d9181
reloadAllAccessors: .relationGroup

===========================================================================================
----------------- testing Sat Apr 13 04:03:42 UTC 2019 /home/travis/build/icyphy/ptII/ptolemy/domains/de/test/auto/relationGroup2.xml
----------------- Instantiating /home/travis/build/icyphy/ptII/ptolemy/domains/de/test/auto/relationGroup2.xml
1 ms. Memory: 539648K Free: 186402K (35%)
----------------- Invoking toplevel() on ptolemy.moml.MoMLSimpleApplication@2b18dc0d
----------------- Done invoking toplevel() on ptolemy.moml.MoMLSimpleApplication@2b18dc0d
reloadAllAccessors: .relationGroup2

===========================================================================================
----------------- testing Sat Apr 13 04:03:42 UTC 2019 /home/travis/build/icyphy/ptII/ptolemy/domains/de/test/auto/sortWithOpaquePorts.xml
----------------- Instantiating /home/travis/build/icyphy/ptII/ptolemy/domains/de/test/auto/sortWithOpaquePorts.xml
1 ms. Memory: 539648K Free: 176886K (33%)
----------------- Invoking toplevel() on ptolemy.moml.MoMLSimpleApplication@75ebb80a
----------------- Done invoking toplevel() on ptolemy.moml.MoMLSimpleApplication@75ebb80a
reloadAllAccessors: .sortWithOpaquePorts

===========================================================================================
----------------- testing Sat Apr 13 04:03:42 UTC 2019 /home/travis/build/icyphy/ptII/ptolemy/domains/de/test/auto/transferInputsandOutputs.xml
----------------- Instantiating /home/travis/build/icyphy/ptII/ptolemy/domains/de/test/auto/transferInputsandOutputs.xml
1 ms. Memory: 539648K Free: 162432K (30%)
----------------- Invoking toplevel() on ptolemy.moml.MoMLSimpleApplication@3a07fc4f
----------------- Done invoking toplevel() on ptolemy.moml.MoMLSimpleApplication@3a07fc4f
reloadAllAccessors: .transferInputsandOutputs

===========================================================================================
----------------- testing Sat Apr 13 04:03:42 UTC 2019 /home/travis/build/icyphy/ptII/ptolemy/domains/de/test/auto/triggerType.xml
----------------- Instantiating /home/travis/build/icyphy/ptII/ptolemy/domains/de/test/auto/triggerType.xml
1 ms. Memory: 539648K Free: 152916K (28%)
----------------- Invoking toplevel() on ptolemy.moml.MoMLSimpleApplication@3fc48b5
----------------- Done invoking toplevel() on ptolemy.moml.MoMLSimpleApplication@3fc48b5
reloadAllAccessors: .triggerType
AutoTests.java: About to close Vertx.
AutoTests.java: Vertx closed.
]]></system-out>
  <system-err><![CDATA[java.lang.RuntimeException: Execution failed
	at ptolemy.moml.MoMLSimpleApplication$UnloadThread.run(MoMLSimpleApplication.java:402)
Caused by: ptolemy.kernel.util.IllegalActionException: Found a zero delay loop containing .dependencyLoop.original
  in .dependencyLoop and .dependencyLoop.original
	at ptolemy.actor.util.CausalityInterfaceForComposites._computeOutputPortDepth(CausalityInterfaceForComposites.java:759)
	at ptolemy.actor.util.CausalityInterfaceForComposites._computeInputDepth(CausalityInterfaceForComposites.java:696)
	at ptolemy.actor.util.CausalityInterfaceForComposites._computeOutputPortDepth(CausalityInterfaceForComposites.java:765)
	at ptolemy.actor.util.CausalityInterfaceForComposites._computeInputDepth(CausalityInterfaceForComposites.java:696)
	at ptolemy.actor.util.CausalityInterfaceForComposites._computeOutputPortDepth(CausalityInterfaceForComposites.java:765)
	at ptolemy.actor.util.CausalityInterfaceForComposites._computeInputDepth(CausalityInterfaceForComposites.java:696)
	at ptolemy.actor.util.CausalityInterfaceForComposites._computeActorDepth(CausalityInterfaceForComposites.java:532)
	at ptolemy.actor.util.CausalityInterfaceForComposites.checkForCycles(CausalityInterfaceForComposites.java:96)
	at ptolemy.domains.de.kernel.DEDirector.preinitialize(DEDirector.java:1338)
	at ptolemy.actor.CompositeActor.preinitialize(CompositeActor.java:1828)
	at ptolemy.actor.Manager.preinitializeAndResolveTypes(Manager.java:1040)
	at ptolemy.actor.Manager.initialize(Manager.java:710)
	at ptolemy.actor.Manager.execute(Manager.java:356)
	at ptolemy.actor.Manager.run(Manager.java:1263)
	at ptolemy.actor.Manager$PtolemyRunThread.run(Manager.java:1915)
java.lang.RuntimeException: Execution failed
	at ptolemy.moml.MoMLSimpleApplication$UnloadThread.run(MoMLSimpleApplication.java:402)
Caused by: ptolemy.kernel.util.IllegalActionException: Found a zero delay loop containing .dependencyLoop2.original
  in .dependencyLoop2 and .dependencyLoop2.original
	at ptolemy.actor.util.CausalityInterfaceForComposites._computeOutputPortDepth(CausalityInterfaceForComposites.java:759)
	at ptolemy.actor.util.CausalityInterfaceForComposites._computeInputDepth(CausalityInterfaceForComposites.java:696)
	at ptolemy.actor.util.CausalityInterfaceForComposites._computeOutputPortDepth(CausalityInterfaceForComposites.java:765)
	at ptolemy.actor.util.CausalityInterfaceForComposites._computeInputDepth(CausalityInterfaceForComposites.java:696)
	at ptolemy.actor.util.CausalityInterfaceForComposites._computeOutputPortDepth(CausalityInterfaceForComposites.java:765)
	at ptolemy.actor.util.CausalityInterfaceForComposites._computeInputDepth(CausalityInterfaceForComposites.java:696)
	at ptolemy.actor.util.CausalityInterfaceForComposites._computeActorDepth(CausalityInterfaceForComposites.java:532)
	at ptolemy.actor.util.CausalityInterfaceForComposites.checkForCycles(CausalityInterfaceForComposites.java:96)
	at ptolemy.domains.de.kernel.DEDirector.preinitialize(DEDirector.java:1338)
	at ptolemy.actor.CompositeActor.preinitialize(CompositeActor.java:1828)
	at ptolemy.actor.Manager.preinitializeAndResolveTypes(Manager.java:1040)
	at ptolemy.actor.Manager.initialize(Manager.java:710)
	at ptolemy.actor.Manager.execute(Manager.java:356)
	at ptolemy.actor.Manager.run(Manager.java:1263)
	at ptolemy.actor.Manager$PtolemyRunThread.run(Manager.java:1915)
java.lang.RuntimeException: Execution failed
	at ptolemy.moml.MoMLSimpleApplication$UnloadThread.run(MoMLSimpleApplication.java:402)
Caused by: ptolemy.kernel.util.IllegalActionException: Found a zero delay loop containing .dependencyLoop.original
  in .dependencyLoop and .dependencyLoop.original
	at ptolemy.actor.util.CausalityInterfaceForComposites._computeOutputPortDepth(CausalityInterfaceForComposites.java:759)
	at ptolemy.actor.util.CausalityInterfaceForComposites._computeInputDepth(CausalityInterfaceForComposites.java:696)
	at ptolemy.actor.util.CausalityInterfaceForComposites._computeOutputPortDepth(CausalityInterfaceForComposites.java:765)
	at ptolemy.actor.util.CausalityInterfaceForComposites._computeInputDepth(CausalityInterfaceForComposites.java:696)
	at ptolemy.actor.util.CausalityInterfaceForComposites._computeOutputPortDepth(CausalityInterfaceForComposites.java:765)
	at ptolemy.actor.util.CausalityInterfaceForComposites._computeInputDepth(CausalityInterfaceForComposites.java:696)
	at ptolemy.actor.util.CausalityInterfaceForComposites._computeActorDepth(CausalityInterfaceForComposites.java:532)
	at ptolemy.actor.util.CausalityInterfaceForComposites.checkForCycles(CausalityInterfaceForComposites.java:96)
	at ptolemy.domains.de.kernel.DEDirector.preinitialize(DEDirector.java:1338)
	at ptolemy.actor.CompositeActor.preinitialize(CompositeActor.java:1828)
	at ptolemy.actor.Manager.preinitializeAndResolveTypes(Manager.java:1040)
	at ptolemy.actor.Manager.initialize(Manager.java:710)
	at ptolemy.actor.Manager.execute(Manager.java:356)
	at ptolemy.actor.Manager.run(Manager.java:1263)
	at ptolemy.actor.Manager$PtolemyRunThread.run(Manager.java:1915)
java.lang.RuntimeException: Execution failed
	at ptolemy.moml.MoMLSimpleApplication$UnloadThread.run(MoMLSimpleApplication.java:402)
Caused by: ptolemy.kernel.util.IllegalActionException: Actor is not ready to fire.  Perhaps UpSample.prefire() returned false? Try debugging the actor by selecting "Listen to Actor".  Also, for SDF check moml for tokenConsumptionRate on input.
  in .DESDFClockTest.Play Bell.Copy1:SDF Director and .DESDFClockTest.Play Bell.UpSample
	at ptolemy.actor.sched.StaticSchedulingDirector.fire(StaticSchedulingDirector.java:227)
	at ptolemy.domains.sdf.kernel.SDFDirector.fire(SDFDirector.java:500)
	at ptolemy.actor.CompositeActor.fire(CompositeActor.java:455)
	at ptolemy.domains.de.kernel.DEDirector._fire(DEDirector.java:1949)
	at ptolemy.domains.de.kernel.DEDirector.fire(DEDirector.java:502)
	at ptolemy.actor.CompositeActor.fire(CompositeActor.java:455)
	at ptolemy.actor.Manager.iterate(Manager.java:851)
	at ptolemy.actor.Manager.execute(Manager.java:369)
	at ptolemy.actor.Manager.run(Manager.java:1263)
	at ptolemy.actor.Manager$PtolemyRunThread.run(Manager.java:1915)
java.lang.RuntimeException: Execution failed
	at ptolemy.moml.MoMLSimpleApplication$UnloadThread.run(MoMLSimpleApplication.java:402)
Caused by: ptolemy.kernel.util.IllegalActionException: Found a zero delay loop containing .dependencyLoop2.original
  in .dependencyLoop2 and .dependencyLoop2.original
	at ptolemy.actor.util.CausalityInterfaceForComposites._computeOutputPortDepth(CausalityInterfaceForComposites.java:759)
	at ptolemy.actor.util.CausalityInterfaceForComposites._computeInputDepth(CausalityInterfaceForComposites.java:696)
	at ptolemy.actor.util.CausalityInterfaceForComposites._computeOutputPortDepth(CausalityInterfaceForComposites.java:765)
	at ptolemy.actor.util.CausalityInterfaceForComposites._computeInputDepth(CausalityInterfaceForComposites.java:696)
	at ptolemy.actor.util.CausalityInterfaceForComposites._computeOutputPortDepth(CausalityInterfaceForComposites.java:765)
	at ptolemy.actor.util.CausalityInterfaceForComposites._computeInputDepth(CausalityInterfaceForComposites.java:696)
	at ptolemy.actor.util.CausalityInterfaceForComposites._computeActorDepth(CausalityInterfaceForComposites.java:532)
	at ptolemy.actor.util.CausalityInterfaceForComposites.checkForCycles(CausalityInterfaceForComposites.java:96)
	at ptolemy.domains.de.kernel.DEDirector.preinitialize(DEDirector.java:1338)
	at ptolemy.actor.CompositeActor.preinitialize(CompositeActor.java:1828)
	at ptolemy.actor.Manager.preinitializeAndResolveTypes(Manager.java:1040)
	at ptolemy.actor.Manager.initialize(Manager.java:710)
	at ptolemy.actor.Manager.execute(Manager.java:356)
	at ptolemy.actor.Manager.run(Manager.java:1263)
	at ptolemy.actor.Manager$PtolemyRunThread.run(Manager.java:1915)
java.lang.RuntimeException: Execution failed
	at ptolemy.moml.MoMLSimpleApplication$UnloadThread.run(MoMLSimpleApplication.java:402)
Caused by: ptolemy.kernel.util.IllegalActionException: Found a zero delay loop containing .HierarchicalModel.A
  in .HierarchicalModel and .HierarchicalModel.A
	at ptolemy.actor.util.CausalityInterfaceForComposites._computeOutputPortDepth(CausalityInterfaceForComposites.java:759)
	at ptolemy.actor.util.CausalityInterfaceForComposites._computeInputDepth(CausalityInterfaceForComposites.java:696)
	at ptolemy.actor.util.CausalityInterfaceForComposites._computeOutputPortDepth(CausalityInterfaceForComposites.java:765)
	at ptolemy.actor.util.CausalityInterfaceForComposites._computeInputDepth(CausalityInterfaceForComposites.java:696)
	at ptolemy.actor.util.CausalityInterfaceForComposites._computeOutputPortDepth(CausalityInterfaceForComposites.java:765)
	at ptolemy.actor.util.CausalityInterfaceForComposites._computeInputDepth(CausalityInterfaceForComposites.java:696)
	at ptolemy.actor.util.CausalityInterfaceForComposites._computeActorDepth(CausalityInterfaceForComposites.java:532)
	at ptolemy.actor.util.CausalityInterfaceForComposites.checkForCycles(CausalityInterfaceForComposites.java:96)
	at ptolemy.domains.de.kernel.DEDirector.preinitialize(DEDirector.java:1338)
	at ptolemy.actor.CompositeActor.preinitialize(CompositeActor.java:1828)
	at ptolemy.actor.Manager.preinitializeAndResolveTypes(Manager.java:1040)
	at ptolemy.actor.Manager.initialize(Manager.java:710)
	at ptolemy.actor.Manager.execute(Manager.java:356)
	at ptolemy.actor.Manager.run(Manager.java:1263)
	at ptolemy.actor.Manager$PtolemyRunThread.run(Manager.java:1915)
java.lang.RuntimeException: Execution failed
	at ptolemy.moml.MoMLSimpleApplication$UnloadThread.run(MoMLSimpleApplication.java:402)
Caused by: ptolemy.kernel.util.IllegalActionException: Test fails in iteration 1.
Value was: 1.0. Should have been: 2.0
  in .DirectFeedback.Test
	at ptolemy.actor.lib.Test.fire(Test.java:268)
	at ptolemy.domains.de.kernel.DEDirector._fire(DEDirector.java:1949)
	at ptolemy.domains.de.kernel.DEDirector.fire(DEDirector.java:502)
	at ptolemy.actor.CompositeActor.fire(CompositeActor.java:455)
	at ptolemy.actor.Manager.iterate(Manager.java:851)
	at ptolemy.actor.Manager.execute(Manager.java:369)
	at ptolemy.actor.Manager.run(Manager.java:1263)
	at ptolemy.actor.Manager$PtolemyRunThread.run(Manager.java:1915)
java.lang.RuntimeException: Execution failed
	at ptolemy.moml.MoMLSimpleApplication$UnloadThread.run(MoMLSimpleApplication.java:402)
Caused by: ptolemy.kernel.util.IllegalActionException: Actor is not ready to fire.  Perhaps UpSample.prefire() returned false? Try debugging the actor by selecting "Listen to Actor".  Also, for SDF check moml for tokenConsumptionRate on input.
  in .DESDFClockTest.Play Bell.Copy1:SDF Director and .DESDFClockTest.Play Bell.UpSample
	at ptolemy.actor.sched.StaticSchedulingDirector.fire(StaticSchedulingDirector.java:227)
	at ptolemy.domains.sdf.kernel.SDFDirector.fire(SDFDirector.java:500)
	at ptolemy.actor.CompositeActor.fire(CompositeActor.java:455)
	at ptolemy.domains.de.kernel.DEDirector._fire(DEDirector.java:1949)
	at ptolemy.domains.de.kernel.DEDirector.fire(DEDirector.java:502)
	at ptolemy.actor.CompositeActor.fire(CompositeActor.java:455)
	at ptolemy.actor.Manager.iterate(Manager.java:851)
	at ptolemy.actor.Manager.execute(Manager.java:369)
	at ptolemy.actor.Manager.run(Manager.java:1263)
	at ptolemy.actor.Manager$PtolemyRunThread.run(Manager.java:1915)
java.lang.reflect.InvocationTargetException
	at sun.reflect.NativeConstructorAccessorImpl.newInstance0(Native Method)
	at sun.reflect.NativeConstructorAccessorImpl.newInstance(NativeConstructorAccessorImpl.java:62)
	at sun.reflect.DelegatingConstructorAccessorImpl.newInstance(DelegatingConstructorAccessorImpl.java:45)
	at java.lang.reflect.Constructor.newInstance(Constructor.java:423)
	at ptolemy.util.test.junit.AutoKnownFailedTests.RunModel(AutoKnownFailedTests.java:105)
	at sun.reflect.NativeMethodAccessorImpl.invoke0(Native Method)
	at sun.reflect.NativeMethodAccessorImpl.invoke(NativeMethodAccessorImpl.java:62)
	at sun.reflect.DelegatingMethodAccessorImpl.invoke(DelegatingMethodAccessorImpl.java:43)
	at java.lang.reflect.Method.invoke(Method.java:498)
	at org.junit.runners.model.FrameworkMethod$1.runReflectiveCall(FrameworkMethod.java:44)
	at org.junit.internal.runners.model.ReflectiveCallable.run(ReflectiveCallable.java:15)
	at org.junit.runners.model.FrameworkMethod.invokeExplosively(FrameworkMethod.java:41)
	at junitparams.internal.InvokeParameterisedMethod.evaluate(InvokeParameterisedMethod.java:102)
	at org.junit.internal.runners.statements.FailOnTimeout$1.run(FailOnTimeout.java:28)
Caused by: ptolemy.kernel.util.IllegalActionException: Actor is not ready to fire.  Perhaps UpSample.prefire() returned false? Try debugging the actor by selecting "Listen to Actor".  Also, for SDF check moml for tokenConsumptionRate on input.
  in .DESDFClockTest.Play Bell.Copy1:SDF Director and .DESDFClockTest.Play Bell.UpSample
	at ptolemy.actor.sched.StaticSchedulingDirector.fire(StaticSchedulingDirector.java:227)
	at ptolemy.domains.sdf.kernel.SDFDirector.fire(SDFDirector.java:500)
	at ptolemy.actor.CompositeActor.fire(CompositeActor.java:455)
	at ptolemy.domains.de.kernel.DEDirector._fire(DEDirector.java:1949)
	at ptolemy.domains.de.kernel.DEDirector.fire(DEDirector.java:502)
	at ptolemy.actor.CompositeActor.fire(CompositeActor.java:455)
	at ptolemy.actor.Manager.iterate(Manager.java:851)
	at ptolemy.actor.Manager.execute(Manager.java:369)
	at ptolemy.actor.Manager.run(Manager.java:1263)
	at ptolemy.actor.Manager$PtolemyRunThread.run(Manager.java:1915)
java.lang.RuntimeException: Execution failed
	at ptolemy.moml.MoMLSimpleApplication$UnloadThread.run(MoMLSimpleApplication.java:402)
Caused by: ptolemy.kernel.util.IllegalActionException: Test fails in iteration 1.
Value was: 1.0. Should have been: 2.0
  in .DirectFeedback.Test
	at ptolemy.actor.lib.Test.fire(Test.java:268)
	at ptolemy.domains.de.kernel.DEDirector._fire(DEDirector.java:1949)
	at ptolemy.domains.de.kernel.DEDirector.fire(DEDirector.java:502)
	at ptolemy.actor.CompositeActor.fire(CompositeActor.java:455)
	at ptolemy.actor.Manager.iterate(Manager.java:851)
	at ptolemy.actor.Manager.execute(Manager.java:369)
	at ptolemy.actor.Manager.run(Manager.java:1263)
	at ptolemy.actor.Manager$PtolemyRunThread.run(Manager.java:1915)
java.lang.reflect.InvocationTargetException
	at sun.reflect.NativeConstructorAccessorImpl.newInstance0(Native Method)
	at sun.reflect.NativeConstructorAccessorImpl.newInstance(NativeConstructorAccessorImpl.java:62)
	at sun.reflect.DelegatingConstructorAccessorImpl.newInstance(DelegatingConstructorAccessorImpl.java:45)
	at java.lang.reflect.Constructor.newInstance(Constructor.java:423)
	at ptolemy.util.test.junit.AutoKnownFailedTests.RunModel(AutoKnownFailedTests.java:105)
	at sun.reflect.NativeMethodAccessorImpl.invoke0(Native Method)
	at sun.reflect.NativeMethodAccessorImpl.invoke(NativeMethodAccessorImpl.java:62)
	at sun.reflect.DelegatingMethodAccessorImpl.invoke(DelegatingMethodAccessorImpl.java:43)
	at java.lang.reflect.Method.invoke(Method.java:498)
	at org.junit.runners.model.FrameworkMethod$1.runReflectiveCall(FrameworkMethod.java:44)
	at org.junit.internal.runners.model.ReflectiveCallable.run(ReflectiveCallable.java:15)
	at org.junit.runners.model.FrameworkMethod.invokeExplosively(FrameworkMethod.java:41)
	at junitparams.internal.InvokeParameterisedMethod.evaluate(InvokeParameterisedMethod.java:102)
	at org.junit.internal.runners.statements.FailOnTimeout$1.run(FailOnTimeout.java:28)
Caused by: ptolemy.kernel.util.IllegalActionException: Test fails in iteration 1.
Value was: 1.0. Should have been: 2.0
  in .DirectFeedback.Test
	at ptolemy.actor.lib.Test.fire(Test.java:268)
	at ptolemy.domains.de.kernel.DEDirector._fire(DEDirector.java:1949)
	at ptolemy.domains.de.kernel.DEDirector.fire(DEDirector.java:502)
	at ptolemy.actor.CompositeActor.fire(CompositeActor.java:455)
	at ptolemy.actor.Manager.iterate(Manager.java:851)
	at ptolemy.actor.Manager.execute(Manager.java:369)
	at ptolemy.actor.Manager.run(Manager.java:1263)
	at ptolemy.actor.Manager$PtolemyRunThread.run(Manager.java:1915)
java.lang.RuntimeException: Execution failed
	at ptolemy.moml.MoMLSimpleApplication$UnloadThread.run(MoMLSimpleApplication.java:402)
Caused by: ptolemy.kernel.util.IllegalActionException: Found a zero delay loop containing .HierarchicalModel.A
  in .HierarchicalModel and .HierarchicalModel.A
	at ptolemy.actor.util.CausalityInterfaceForComposites._computeOutputPortDepth(CausalityInterfaceForComposites.java:759)
	at ptolemy.actor.util.CausalityInterfaceForComposites._computeInputDepth(CausalityInterfaceForComposites.java:696)
	at ptolemy.actor.util.CausalityInterfaceForComposites._computeOutputPortDepth(CausalityInterfaceForComposites.java:765)
	at ptolemy.actor.util.CausalityInterfaceForComposites._computeInputDepth(CausalityInterfaceForComposites.java:696)
	at ptolemy.actor.util.CausalityInterfaceForComposites._computeOutputPortDepth(CausalityInterfaceForComposites.java:765)
	at ptolemy.actor.util.CausalityInterfaceForComposites._computeInputDepth(CausalityInterfaceForComposites.java:696)
	at ptolemy.actor.util.CausalityInterfaceForComposites._computeActorDepth(CausalityInterfaceForComposites.java:532)
	at ptolemy.actor.util.CausalityInterfaceForComposites.checkForCycles(CausalityInterfaceForComposites.java:96)
	at ptolemy.domains.de.kernel.DEDirector.preinitialize(DEDirector.java:1338)
	at ptolemy.actor.CompositeActor.preinitialize(CompositeActor.java:1828)
	at ptolemy.actor.Manager.preinitializeAndResolveTypes(Manager.java:1040)
	at ptolemy.actor.Manager.initialize(Manager.java:710)
	at ptolemy.actor.Manager.execute(Manager.java:356)
	at ptolemy.actor.Manager.run(Manager.java:1263)
	at ptolemy.actor.Manager$PtolemyRunThread.run(Manager.java:1915)
java.lang.reflect.InvocationTargetException
	at sun.reflect.NativeConstructorAccessorImpl.newInstance0(Native Method)
	at sun.reflect.NativeConstructorAccessorImpl.newInstance(NativeConstructorAccessorImpl.java:62)
	at sun.reflect.DelegatingConstructorAccessorImpl.newInstance(DelegatingConstructorAccessorImpl.java:45)
	at java.lang.reflect.Constructor.newInstance(Constructor.java:423)
	at ptolemy.util.test.junit.AutoKnownFailedTests.RunModel(AutoKnownFailedTests.java:105)
	at sun.reflect.NativeMethodAccessorImpl.invoke0(Native Method)
	at sun.reflect.NativeMethodAccessorImpl.invoke(NativeMethodAccessorImpl.java:62)
	at sun.reflect.DelegatingMethodAccessorImpl.invoke(DelegatingMethodAccessorImpl.java:43)
	at java.lang.reflect.Method.invoke(Method.java:498)
	at org.junit.runners.model.FrameworkMethod$1.runReflectiveCall(FrameworkMethod.java:44)
	at org.junit.internal.runners.model.ReflectiveCallable.run(ReflectiveCallable.java:15)
	at org.junit.runners.model.FrameworkMethod.invokeExplosively(FrameworkMethod.java:41)
	at junitparams.internal.InvokeParameterisedMethod.evaluate(InvokeParameterisedMethod.java:102)
	at org.junit.internal.runners.statements.FailOnTimeout$1.run(FailOnTimeout.java:28)
Caused by: ptolemy.kernel.util.IllegalActionException: Found a zero delay loop containing .HierarchicalModel.A
  in .HierarchicalModel and .HierarchicalModel.A
	at ptolemy.actor.util.CausalityInterfaceForComposites._computeOutputPortDepth(CausalityInterfaceForComposites.java:759)
	at ptolemy.actor.util.CausalityInterfaceForComposites._computeInputDepth(CausalityInterfaceForComposites.java:696)
	at ptolemy.actor.util.CausalityInterfaceForComposites._computeOutputPortDepth(CausalityInterfaceForComposites.java:765)
	at ptolemy.actor.util.CausalityInterfaceForComposites._computeInputDepth(CausalityInterfaceForComposites.java:696)
	at ptolemy.actor.util.CausalityInterfaceForComposites._computeOutputPortDepth(CausalityInterfaceForComposites.java:765)
	at ptolemy.actor.util.CausalityInterfaceForComposites._computeInputDepth(CausalityInterfaceForComposites.java:696)
	at ptolemy.actor.util.CausalityInterfaceForComposites._computeActorDepth(CausalityInterfaceForComposites.java:532)
	at ptolemy.actor.util.CausalityInterfaceForComposites.checkForCycles(CausalityInterfaceForComposites.java:96)
	at ptolemy.domains.de.kernel.DEDirector.preinitialize(DEDirector.java:1338)
	at ptolemy.actor.CompositeActor.preinitialize(CompositeActor.java:1828)
	at ptolemy.actor.Manager.preinitializeAndResolveTypes(Manager.java:1040)
	at ptolemy.actor.Manager.initialize(Manager.java:710)
	at ptolemy.actor.Manager.execute(Manager.java:356)
	at ptolemy.actor.Manager.run(Manager.java:1263)
	at ptolemy.actor.Manager$PtolemyRunThread.run(Manager.java:1915)
java.lang.RuntimeException: Execution failed
	at ptolemy.moml.MoMLSimpleApplication$UnloadThread.run(MoMLSimpleApplication.java:402)
Caused by: ptolemy.kernel.util.IllegalActionException: Found a zero delay loop containing .dependencyLoop.original
  in .dependencyLoop and .dependencyLoop.original
	at ptolemy.actor.util.CausalityInterfaceForComposites._computeOutputPortDepth(CausalityInterfaceForComposites.java:759)
	at ptolemy.actor.util.CausalityInterfaceForComposites._computeInputDepth(CausalityInterfaceForComposites.java:696)
	at ptolemy.actor.util.CausalityInterfaceForComposites._computeOutputPortDepth(CausalityInterfaceForComposites.java:765)
	at ptolemy.actor.util.CausalityInterfaceForComposites._computeInputDepth(CausalityInterfaceForComposites.java:696)
	at ptolemy.actor.util.CausalityInterfaceForComposites._computeOutputPortDepth(CausalityInterfaceForComposites.java:765)
	at ptolemy.actor.util.CausalityInterfaceForComposites._computeInputDepth(CausalityInterfaceForComposites.java:696)
	at ptolemy.actor.util.CausalityInterfaceForComposites._computeActorDepth(CausalityInterfaceForComposites.java:532)
	at ptolemy.actor.util.CausalityInterfaceForComposites.checkForCycles(CausalityInterfaceForComposites.java:96)
	at ptolemy.domains.de.kernel.DEDirector.preinitialize(DEDirector.java:1338)
	at ptolemy.actor.CompositeActor.preinitialize(CompositeActor.java:1828)
	at ptolemy.actor.Manager.preinitializeAndResolveTypes(Manager.java:1040)
	at ptolemy.actor.Manager.initialize(Manager.java:710)
	at ptolemy.actor.Manager.execute(Manager.java:356)
	at ptolemy.actor.Manager.run(Manager.java:1263)
	at ptolemy.actor.Manager$PtolemyRunThread.run(Manager.java:1915)
java.lang.reflect.InvocationTargetException
	at sun.reflect.NativeConstructorAccessorImpl.newInstance0(Native Method)
	at sun.reflect.NativeConstructorAccessorImpl.newInstance(NativeConstructorAccessorImpl.java:62)
	at sun.reflect.DelegatingConstructorAccessorImpl.newInstance(DelegatingConstructorAccessorImpl.java:45)
	at java.lang.reflect.Constructor.newInstance(Constructor.java:423)
	at ptolemy.util.test.junit.AutoKnownFailedTests.RunModel(AutoKnownFailedTests.java:105)
	at sun.reflect.NativeMethodAccessorImpl.invoke0(Native Method)
	at sun.reflect.NativeMethodAccessorImpl.invoke(NativeMethodAccessorImpl.java:62)
	at sun.reflect.DelegatingMethodAccessorImpl.invoke(DelegatingMethodAccessorImpl.java:43)
	at java.lang.reflect.Method.invoke(Method.java:498)
	at org.junit.runners.model.FrameworkMethod$1.runReflectiveCall(FrameworkMethod.java:44)
	at org.junit.internal.runners.model.ReflectiveCallable.run(ReflectiveCallable.java:15)
	at org.junit.runners.model.FrameworkMethod.invokeExplosively(FrameworkMethod.java:41)
	at junitparams.internal.InvokeParameterisedMethod.evaluate(InvokeParameterisedMethod.java:102)
	at org.junit.internal.runners.statements.FailOnTimeout$1.run(FailOnTimeout.java:28)
Caused by: ptolemy.kernel.util.IllegalActionException: Found a zero delay loop containing .dependencyLoop.original
  in .dependencyLoop and .dependencyLoop.original
	at ptolemy.actor.util.CausalityInterfaceForComposites._computeOutputPortDepth(CausalityInterfaceForComposites.java:759)
	at ptolemy.actor.util.CausalityInterfaceForComposites._computeInputDepth(CausalityInterfaceForComposites.java:696)
	at ptolemy.actor.util.CausalityInterfaceForComposites._computeOutputPortDepth(CausalityInterfaceForComposites.java:765)
	at ptolemy.actor.util.CausalityInterfaceForComposites._computeInputDepth(CausalityInterfaceForComposites.java:696)
	at ptolemy.actor.util.CausalityInterfaceForComposites._computeOutputPortDepth(CausalityInterfaceForComposites.java:765)
	at ptolemy.actor.util.CausalityInterfaceForComposites._computeInputDepth(CausalityInterfaceForComposites.java:696)
	at ptolemy.actor.util.CausalityInterfaceForComposites._computeActorDepth(CausalityInterfaceForComposites.java:532)
	at ptolemy.actor.util.CausalityInterfaceForComposites.checkForCycles(CausalityInterfaceForComposites.java:96)
	at ptolemy.domains.de.kernel.DEDirector.preinitialize(DEDirector.java:1338)
	at ptolemy.actor.CompositeActor.preinitialize(CompositeActor.java:1828)
	at ptolemy.actor.Manager.preinitializeAndResolveTypes(Manager.java:1040)
	at ptolemy.actor.Manager.initialize(Manager.java:710)
	at ptolemy.actor.Manager.execute(Manager.java:356)
	at ptolemy.actor.Manager.run(Manager.java:1263)
	at ptolemy.actor.Manager$PtolemyRunThread.run(Manager.java:1915)
java.lang.RuntimeException: Execution failed
	at ptolemy.moml.MoMLSimpleApplication$UnloadThread.run(MoMLSimpleApplication.java:402)
Caused by: ptolemy.kernel.util.IllegalActionException: Found a zero delay loop containing .dependencyLoop2.original
  in .dependencyLoop2 and .dependencyLoop2.original
	at ptolemy.actor.util.CausalityInterfaceForComposites._computeOutputPortDepth(CausalityInterfaceForComposites.java:759)
	at ptolemy.actor.util.CausalityInterfaceForComposites._computeInputDepth(CausalityInterfaceForComposites.java:696)
	at ptolemy.actor.util.CausalityInterfaceForComposites._computeOutputPortDepth(CausalityInterfaceForComposites.java:765)
	at ptolemy.actor.util.CausalityInterfaceForComposites._computeInputDepth(CausalityInterfaceForComposites.java:696)
	at ptolemy.actor.util.CausalityInterfaceForComposites._computeOutputPortDepth(CausalityInterfaceForComposites.java:765)
	at ptolemy.actor.util.CausalityInterfaceForComposites._computeInputDepth(CausalityInterfaceForComposites.java:696)
	at ptolemy.actor.util.CausalityInterfaceForComposites._computeActorDepth(CausalityInterfaceForComposites.java:532)
	at ptolemy.actor.util.CausalityInterfaceForComposites.checkForCycles(CausalityInterfaceForComposites.java:96)
	at ptolemy.domains.de.kernel.DEDirector.preinitialize(DEDirector.java:1338)
	at ptolemy.actor.CompositeActor.preinitialize(CompositeActor.java:1828)
	at ptolemy.actor.Manager.preinitializeAndResolveTypes(Manager.java:1040)
	at ptolemy.actor.Manager.initialize(Manager.java:710)
	at ptolemy.actor.Manager.execute(Manager.java:356)
	at ptolemy.actor.Manager.run(Manager.java:1263)
	at ptolemy.actor.Manager$PtolemyRunThread.run(Manager.java:1915)
java.lang.reflect.InvocationTargetException
	at sun.reflect.NativeConstructorAccessorImpl.newInstance0(Native Method)
	at sun.reflect.NativeConstructorAccessorImpl.newInstance(NativeConstructorAccessorImpl.java:62)
	at sun.reflect.DelegatingConstructorAccessorImpl.newInstance(DelegatingConstructorAccessorImpl.java:45)
	at java.lang.reflect.Constructor.newInstance(Constructor.java:423)
	at ptolemy.util.test.junit.AutoKnownFailedTests.RunModel(AutoKnownFailedTests.java:105)
	at sun.reflect.NativeMethodAccessorImpl.invoke0(Native Method)
	at sun.reflect.NativeMethodAccessorImpl.invoke(NativeMethodAccessorImpl.java:62)
	at sun.reflect.DelegatingMethodAccessorImpl.invoke(DelegatingMethodAccessorImpl.java:43)
	at java.lang.reflect.Method.invoke(Method.java:498)
	at org.junit.runners.model.FrameworkMethod$1.runReflectiveCall(FrameworkMethod.java:44)
	at org.junit.internal.runners.model.ReflectiveCallable.run(ReflectiveCallable.java:15)
	at org.junit.runners.model.FrameworkMethod.invokeExplosively(FrameworkMethod.java:41)
	at junitparams.internal.InvokeParameterisedMethod.evaluate(InvokeParameterisedMethod.java:102)
	at org.junit.internal.runners.statements.FailOnTimeout$1.run(FailOnTimeout.java:28)
Caused by: ptolemy.kernel.util.IllegalActionException: Found a zero delay loop containing .dependencyLoop2.original
  in .dependencyLoop2 and .dependencyLoop2.original
	at ptolemy.actor.util.CausalityInterfaceForComposites._computeOutputPortDepth(CausalityInterfaceForComposites.java:759)
	at ptolemy.actor.util.CausalityInterfaceForComposites._computeInputDepth(CausalityInterfaceForComposites.java:696)
	at ptolemy.actor.util.CausalityInterfaceForComposites._computeOutputPortDepth(CausalityInterfaceForComposites.java:765)
	at ptolemy.actor.util.CausalityInterfaceForComposites._computeInputDepth(CausalityInterfaceForComposites.java:696)
	at ptolemy.actor.util.CausalityInterfaceForComposites._computeOutputPortDepth(CausalityInterfaceForComposites.java:765)
	at ptolemy.actor.util.CausalityInterfaceForComposites._computeInputDepth(CausalityInterfaceForComposites.java:696)
	at ptolemy.actor.util.CausalityInterfaceForComposites._computeActorDepth(CausalityInterfaceForComposites.java:532)
	at ptolemy.actor.util.CausalityInterfaceForComposites.checkForCycles(CausalityInterfaceForComposites.java:96)
	at ptolemy.domains.de.kernel.DEDirector.preinitialize(DEDirector.java:1338)
	at ptolemy.actor.CompositeActor.preinitialize(CompositeActor.java:1828)
	at ptolemy.actor.Manager.preinitializeAndResolveTypes(Manager.java:1040)
	at ptolemy.actor.Manager.initialize(Manager.java:710)
	at ptolemy.actor.Manager.execute(Manager.java:356)
	at ptolemy.actor.Manager.run(Manager.java:1263)
	at ptolemy.actor.Manager$PtolemyRunThread.run(Manager.java:1915)
]]></system-err>
</testsuite>
