<?xml version="1.0" encoding="UTF-8" ?>
<testsuite errors="0" failures="0" hostname="travis-job-74f72892-4d9a-4057-b0ab-da64d98ea6a2" name="ptolemy.actor.lib.test.junit.JUnitTclTest" skipped="0" tests="517" time="60.978" timestamp="2018-10-27T02:32:08">
  <properties>
    <property name="npm.executable" value="npm" />
    <property name="file.encoding.pkg" value="sun.io" />
    <property name="env.TRAVIS_ROOT" value="/" />
    <property name="ptII.mk.exists" value="true" />
    <property name="env.TRAVIS_APP_HOST" value="build.travis-ci.org" />
    <property name="env.rvm_bin_path" value="/home/travis/.rvm/bin" />
    <property name="java.home" value="/usr/lib/jvm/java-8-oracle/jre" />
    <property name="env.TRAVIS_JOB_NUMBER" value="798.8" />
    <property name="env.TRAVIS_HOME" value="/home/travis" />
    <property name="env.DISPLAY" value=":99.0" />
    <property name="java.net.preferIPv4Stack" value="true" />
    <property name="env.TRAVIS_INIT" value="upstart" />
    <property name="env.SSH_TTY" value="/dev/pts/0" />
    <property name="env.RUN_TESTS" value="false" />
    <property name="timeout.short" value="1000000" />
    <property name="env.TRAVIS_STACK_NODE_ATTRIBUTES" value="/.node-attributes.yml" />
    <property name="junit.formatter" value="xml" />
    <property name="java.endorsed.dirs" value="/usr/lib/jvm/java-8-oracle/jre/lib/endorsed" />
    <property name="env.TRAVIS_SUDO" value="true" />
    <property name="env.LOGNAME" value="travis" />
    <property name="env.PT_TRAVIS_TEST_CORE1_XML" value="true" />
    <property name="jsdoc.home" value="node_modules/@terraswarm/jsdoc" />
    <property name="debuglevel" value="source,lines,vars" />
    <property name="checkstyle.formatter" value="xml" />
    <property name="bin.vergil.makeable" value="true" />
    <property name="env._system_version" value="14.04" />
    <property name="sun.os.patch.level" value="unknown" />
    <property name="java.vendor.url" value="http://java.oracle.com/" />
    <property name="env.TRAVIS_BUILD_WEB_URL" value="https://travis-ci.org/icyphy/ptII/builds/446965551" />
    <property name="java.version" value="1.8.0_151" />
    <property name="env.TZ" value="UTC" />
    <property name="env.PT_NO_NET" value="true" />
    <property name="env.TRAVIS_PULL_REQUEST_SHA" value="" />
    <property name="env.TRAVIS_SECURE_ENV_VARS" value="true" />
    <property name="env._system_type" value="Linux" />
    <property name="java.vendor.url.bug" value="http://bugreport.sun.com/bugreport/" />
    <property name="env.SSH_CLIENT" value="10.10.19.235 38288 22" />
    <property name="npmjs-org-is-up" value="true" />
    <property name="env.GEM_HOME" value="/home/travis/.rvm/gems/ruby-2.4.1" />
    <property name="env.HAS_ANTARES_THREE_LITTLE_FRONZIES_BADGE" value="true" />
    <property name="env.PS4" value="+" />
    <property name="ant.project.invoked-targets" value="build,test.core1.xml" />
    <property name="env.TRAVIS_PULL_REQUEST_BRANCH" value="" />
    <property name="env.TRAVIS_REPO_SLUG" value="icyphy/ptII" />
    <property name="node.in.path" value="true" />
    <property name="java.maxmemory" value="1400m" />
    <property name="env.RUBY_VERSION" value="ruby-2.4.1" />
    <property name="user.name" value="travis" />
    <property name="env.LANG" value="en_US.UTF-8" />
    <property name="sun.io.unicode.encoding" value="UnicodeLittle" />
    <property name="sun.jnu.encoding" value="UTF-8" />
    <property name="java.runtime.name" value="Java(TM) SE Runtime Environment" />
    <property name="usefile" value="false" />
    <property name="return.code" value="0" />
    <property name="junit.single.formatter" value="plain" />
    <property name="env.DYLD_LIBRARY_PATH" value="/home/travis/pthla/certi-tools/lib:" />
    <property name="env.DEBIAN_FRONTEND" value="noninteractive" />
    <property name="env.SSH_CONNECTION" value="10.10.19.235 38288 10.20.0.246 22" />
    <property name="env.MYSQL_UNIX_PORT" value="/var/run/mysqld/mysqld.sock" />
    <property name="env.TRAVIS_ALLOW_FAILURE" value="false" />
    <property name="env.LC_ALL" value="en_US.UTF-8" />
    <property name="env.TRAVIS_JOB_WEB_URL" value="https://travis-ci.org/icyphy/ptII/jobs/446965561" />
    <property name="java.specification.name" value="Java Platform API Specification" />
    <property name="node.works" value="true" />
    <property name="user.timezone" value="" />
    <property name="path.separator" value=":" />
    <property name="env.TRAVIS_ENABLE_INFRA_DETECTION" value="true" />
    <property name="env.PYTHON_CFLAGS" value="-g -fstack-protector --param=ssp-buffer-size=4 -Wformat -Werror=format-security" />
    <property name="timeout.long" value="4000000" />
    <property name="env.CERTI_HOME" value="/home/travis/pthla/certi-tools" />
    <property name="file.encoding" value="UTF-8" />
    <property name="ant.file.ptII" value="/home/travis/build/icyphy/ptII/build.xml" />
    <property name="javadoc.packagenames" value="com.*,diva.*,lbnl.*,org.hlacerti.*,org.json.*,org.ptolemy.*,org.terraswarm.*,ptolemy.*,ptserver.*" />
    <property name="env.TRAVIS_PULL_REQUEST_SLUG" value="" />
    <property name="ant.project.default-target" value="build" />
    <property name="env.GIT_ASKPASS" value="echo" />
    <property name="env.HOME" value="/home/travis" />
    <property name="sun.java.command" value="org.apache.tools.ant.taskdefs.optional.junit.JUnitTestRunner ptolemy.actor.lib.test.junit.JUnitTclTest skipNonTests=false filtertrace=true haltOnError=false haltOnFailure=false formatter=org.apache.tools.ant.taskdefs.optional.junit.OutErrSummaryJUnitResultFormatter showoutput=true outputtoformatters=true logfailedtests=true threadid=0 logtestlistenerevents=false formatter=org.apache.tools.ant.taskdefs.optional.junit.XMLJUnitResultFormatter,/home/travis/build/icyphy/ptII/reports/junit/TEST-ptolemy.actor.lib.test.junit.JUnitTclTest.xml crashfile=/home/travis/build/icyphy/ptII/junitvmwatcher2987019888527776275.properties propsfile=/home/travis/build/icyphy/ptII/junit5000321674469096603.properties" />
    <property name="env.MANPATH" value="/home/travis/.nvm/versions/node/v7.10.1/share/man:/home/travis/.kiex/elixirs/elixir-1.4.5/man:/home/travis/.rvm/rubies/ruby-2.4.1/share/man:/usr/local/man:/usr/local/cmake-3.9.2/man:/usr/local/clang-5.0.0/share/man:/usr/local/share/man:/usr/share/man:/home/travis/.rvm/man" />
    <property name="env.COMPOSER_NO_INTERACTION" value="1" />
    <property name="env.JDK_SWITCHER_DEFAULT" value="oraclejdk8" />
    <property name="env.TRAVIS_TIMER_ID" value="0ab2aa64" />
    <property name="ant.file" value="/home/travis/build/icyphy/ptII/build.xml" />
    <property name="env.TRAVIS_COMMIT_RANGE" value="53cdf3a040f7acb4a27c6671e4b61cff19d6e7fe...266362fdd7fec1c11f86a883b758bf967cd42763" />
    <property name="env._system_name" value="Ubuntu" />
    <property name="timeout" value="2400000" />
    <property name="ptII.classpath.optional.property" value="/home/travis/build/icyphy/ptII/lib/bsh-2.0b4.jar:/home/travis/build/icyphy/ptII/lib/ptCal.jar:/home/travis/build/icyphy/ptII/lib/java_cup.jar:/home/travis/build/icyphy/ptII/lib/saxon8.jar:/home/travis/build/icyphy/ptII/lib/saxon8-dom.jar:/home/travis/build/icyphy/ptII/lib/chic.jar:/home/travis/build/icyphy/ptII/lib/ptcolt.jar:/usr/lib/jvm/java-8-oracle/lib/tools.jar:/usr/lib/eclipse/plugins/org.eclipse.jdt.core_3.8.2.dist.jar:/usr/lib/eclipse/plugins/org.eclipse.core.runtime_3.8.0.dist.jar:/usr/lib/eclipse/plugins/org.eclipse.osgi_3.8.1.dist.jar:/usr/lib/eclipse/plugins/org.eclipse.core.resources_3.8.1.dist.jar:/usr/lib/eclipse/plugins/org.eclipse.equinox.common_3.6.100.dist.jar:/usr/lib/eclipse/plugins/org.eclipse.core.jobs_3.5.200.dist.jar:/usr/lib/eclipse/plugins/org.eclipse.core.contenttype_3.4.200.dist.jar:/usr/lib/eclipse/plugins/org.eclipse.equinox.preferences_3.5.0.dist.jar:/usr/lib/eclipse/plugins/org.eclipse.text_3.5.200.dist.jar:/usr/lib/eclipse/plugins/org.eclipse.ui.workbench_3.8.1.dist.jar:/usr/lib/eclipse/plugins/org.eclipse.jface_3.8.0.dist.jar:/usr/lib/eclipse/plugins/org.eclipse.swt_3.8.2.jar:/usr/lib/eclipse/plugins/org.eclipse.jface.text_3.8.1.dist.jar:/usr/lib/eclipse/plugins/org.eclipse.ui.workbench.texteditor_3.8.0.dist.jar:/usr/lib/eclipse/plugins/org.eclipse.ui.editors_3.8.0.dist.jar:/usr/lib/eclipse/plugins/org.eclipse.core.commands_3.6.1.dist.jar:/usr/lib/eclipse/plugins/org.eclipse.equinox.registry_3.5.200.dist.jar:/usr/lib/eclipse/plugins/org.eclipse.ui.console_3.5.100.dist.jar:/usr/lib/eclipse/plugins/org.eclipse.ui.forms_3.5.200.dist.jar:/usr/lib/eclipse/plugins/org.eclipse.ui.ide_3.8.1.dist.jar:/home/travis/build/icyphy/ptII/vendors/oracle/dbxml.jar:/home/travis/build/icyphy/ptII/vendors/oracle/db.jar:/home/travis/build/icyphy/ptII/vendors/misc/itext/iText.jar:/home/travis/build/icyphy/ptII/lib/g4ltl.jar:/home/travis/build/icyphy/ptII/lib/StructuralCoder.jar:/home/travis/build/icyphy/ptII/lib/org-openide-util.jar:/home/travis/build/icyphy/ptII/lib/org-openide-util-lookup.jar:/home/travis/build/icyphy/ptII/lib/org-netbeans-api-visual.jar:/home/travis/build/icyphy/ptII/vendors/jai-1_1_2_01/lib/jai_core.jar:/home/travis/build/icyphy/ptII/vendors/jai-1_1_2_01/lib/jai_codec.jar:/home/travis/build/icyphy/ptII/lib/jcerti.jar:/home/travis/build/icyphy/ptII/lib/smack.jar:/home/travis/build/icyphy/ptII/lib/smackx.jar:/home/travis/build/icyphy/ptII/lib/jetty-all-8.1.5-v20120716.jar:/home/travis/build/icyphy/ptII/lib/javax.servlet-api-3.0.1.jar:/home/travis/build/icyphy/ptII/lib/javax.mail.jar:/home/travis/build/icyphy/ptII/vendors/JMF-2.1.1e/lib/jmf.jar:/home/travis/build/icyphy/ptII/lib/jna-4.0.0-variadic.jar:/home/travis/build/icyphy/ptII/vendors/misc/joystick/Joystick.jar:/home/travis/build/icyphy/ptII/lib/ptjacl.jar:/home/travis/build/icyphy/ptII/lib/jsoup-1.8.2.jar:/home/travis/build/icyphy/ptII/lib/junit-4.8.2.jar:/home/travis/build/icyphy/ptII/lib/JUnitParams-0.4.0.jar:/home/travis/build/icyphy/ptII/ptolemy/actor/lib/excel/jxl.jar:/home/travis/build/icyphy/ptII/lib/jython.jar:/home/travis/build/icyphy/ptII/lib/kieler.jar:/home/travis/build/icyphy/ptII/vendors/opencv/share/OpenCV/java/opencv-341.jar:/home/travis/build/icyphy/ptII/lib/oscP5.jar:/home/travis/build/icyphy/ptII/lib/nrjavaserial-3.11.0.devel.jar:/home/travis/build/icyphy/ptII/vendors/j3d/lib/j3dcore.jar:/home/travis/build/icyphy/ptII/vendors/j3d/lib/j3dutils.jar:/home/travis/build/icyphy/ptII/vendors/j3d/lib/vecmath.jar:/home/travis/build/icyphy/ptII/ptolemy/distributed/jini/jar/jini-core.jar:/home/travis/build/icyphy/ptII/ptolemy/distributed/jini/jar/jini-ext.jar:/home/travis/build/icyphy/ptII/ptolemy/distributed/jini/jar/sun-util.jar:/home/travis/build/icyphy/ptII/lib/protobuf-java-2.4.1.jar:/home/travis/build/icyphy/ptII/lib/org.eclipse.paho.client.mqttv3.jar:/home/travis/build/icyphy/ptII/ptserver/lib/hessian-4.0.7.jar:/home/travis/build/icyphy/ptII/ptserver/lib/wmqtt.jar:/home/travis/build/icyphy/ptII/lib/mapss.jar:/home/travis/build/icyphy/ptII/ptolemy/actor/ptalon/antlr/antlr.jar:/home/travis/build/icyphy/ptII/lib/JRI.jar:/home/travis/build/icyphy/ptII/lib/commons-lang-2.6.jar:/home/travis/build/icyphy/ptII/lib/commons-logging-1.1.1.jar:/home/travis/build/icyphy/ptII/lib/sootclasses.jar:/home/travis/build/icyphy/ptII/ptolemy/actor/lib/database/mysql-connector-java-5.1.6-bin.jar:/home/travis/build/icyphy/ptII/vendors/misc/sphinx4/sphinx4-data-5prealpha.jar:/home/travis/build/icyphy/ptII/vendors/misc/sphinx4/sphinx4-core-5prealpha.jar:/home/travis/build/icyphy/ptII/lib/PDFRenderer.jar:/home/travis/build/icyphy/ptII/lib/svgSalamander.jar:/home/travis/build/icyphy/ptII/lib/rsyntaxtextarea-2.6.0-SNAPSHOT.jar:/home/travis/build/icyphy/ptII/lib/hazelcast-3.8.2.jar:/home/travis/build/icyphy/ptII/lib/jackson-annotations-2.9.0.jar:/home/travis/build/icyphy/ptII/lib/jackson-core-2.9.3.jar:/home/travis/build/icyphy/ptII/lib/jackson-databind-2.9.3.jar:/home/travis/build/icyphy/ptII/lib/netty-buffer-4.1.19.Final.jar:/home/travis/build/icyphy/ptII/lib/netty-codec-4.1.19.Final.jar:/home/travis/build/icyphy/ptII/lib/netty-codec-dns-4.1.19.Final.jar:/home/travis/build/icyphy/ptII/lib/netty-codec-http-4.1.19.Final.jar:/home/travis/build/icyphy/ptII/lib/netty-codec-http2-4.1.19.Final.jar:/home/travis/build/icyphy/ptII/lib/netty-common-4.1.19.Final.jar:/home/travis/build/icyphy/ptII/lib/netty-handler-4.1.19.Final.jar:/home/travis/build/icyphy/ptII/lib/netty-resolver-4.1.19.Final.jar:/home/travis/build/icyphy/ptII/lib/netty-resolver-dns-4.1.19.Final.jar:/home/travis/build/icyphy/ptII/lib/netty-transport-4.1.19.Final.jar:/home/travis/build/icyphy/ptII/lib/vertx-codegen-3.5.1.jar:/home/travis/build/icyphy/ptII/lib/vertx-core-3.5.2-SNAPSHOT.jar:/home/travis/build/icyphy/ptII/lib/vertx-hazelcast-3.5.1.jar:/home/travis/build/icyphy/ptII/lib/vertx-lang-js-3.5.1.jar:/home/travis/build/icyphy/ptII/lib/vertx-service-proxy-3.5.1.jar:/home/travis/build/icyphy/ptII/lib/vertx-web-3.5.1.jar:/home/travis/build/icyphy/ptII/lib/slf4j-api-1.7.13.jar:/home/travis/build/icyphy/ptII/lib/slf4j-simple-1.7.13.jar:/home/travis/build/icyphy/ptII/lib/webcam-capture-0.3.12.jar:/home/travis/build/icyphy/ptII/lib/bridj-0.7.0.jar:/home/travis/build/icyphy/ptII/lib/xbjlib-1.1.0.nrjavaserial.jar" />
    <property name="test.batch" value="**/junit/*.java" />
    <property name="env._" value="/usr/bin/timeout" />
    <property name="java.io.tmpdir" value="/tmp" />
    <property name="env.TRAVIS_INTERNAL_RUBY_REGEX" value="^ruby-(2\.[0-2]\.[0-9]|1\.9\.3)" />
    <property name="user.language" value="en" />
    <property name="env.HISTCONTROL" value="ignoredups:ignorespace" />
    <property name="env.GOROOT" value="/home/travis/.gimme/versions/go1.7.4.linux.amd64" />
    <property name="line.separator" value="&#xa;" />
    <property name="target" value="1.8" />
    <property name="env.TRAVIS_BUILD_DIR" value="/home/travis/build/icyphy/ptII" />
    <property name="env.ANT_OPTS" value="-Xmx2048m" />
    <property name="ant.file.type" value="file" />
    <property name="ptolemy.ptII.batchMode" value="true" />
    <property name="env.HISTSIZE" value="1000" />
    <property name="env.MERB_ENV" value="test" />
    <property name="java.vm.info" value="mixed mode" />
    <property name="source" value="1.8" />
    <property name="java.vm.specification.name" value="Java Virtual Machine Specification" />
    <property name="env.TRAVIS_TEST_RESULT" value="0" />
    <property name="jsdoc.command" value="node_modules/@terraswarm/jsdoc/jsdoc.js" />
    <property name="npm.works" value="true" />
    <property name="cobertura.dir" value="/home/travis/build/icyphy/ptII/vendors/cobertura-2.0.3" />
    <property name="env.rvm_path" value="/home/travis/.rvm" />
    <property name="env.GEM_PATH" value="/home/travis/.rvm/gems/ruby-2.4.1:/home/travis/.rvm/gems/ruby-2.4.1@global" />
    <property name="env.LC_CTYPE" value="en_US.UTF-8" />
    <property name="java.awt.printerjob" value="sun.print.PSPrinterJob" />
    <property name="env.TRAVIS_CMD" value="$PTII/bin/ptIITravisBuild.sh $SECONDS" />
    <property name="env.TRAVIS_STACK_NAME" value="garnet" />
    <property name="env.TRAVIS_TIMER_START_TIME" value="1540607155529838084" />
    <property name="ant.version" value="Apache Ant(TM) version 1.10.1 compiled on February 2 2017" />
    <property name="ptII.reports" value="/home/travis/build/icyphy/ptII/reports" />
    <property name="env.TRAVIS_STACK_TIMESTAMP" value="2017-12-05 19:33:09 UTC" />
    <property name="ant.file.type.ptII" value="file" />
    <property name="env.RBENV_SHELL" value="bash" />
    <property name="os.name" value="Linux" />
    <property name="java.specification.vendor" value="Oracle Corporation" />
    <property name="env.rvm_version" value="1.29.3 (latest)" />
    <property name="env.TRAVIS_INFRA" value="gce" />
    <property name="env.TERM" value="xterm" />
    <property name="java.vm.name" value="Java HotSpot(TM) 64-Bit Server VM" />
    <property name="env.TRAVIS_BUILD_NUMBER" value="798" />
    <property name="env.CI" value="true" />
    <property name="java.library.path" value="/home/travis/pthla/certi-tools/lib:/usr/lib/jni:/usr/local/share/OpenCV/java/:/usr/share/OpenCV/java::/usr/java/packages/lib/amd64:/usr/lib64:/lib64:/lib:/usr/lib" />
    <property name="env.rvm_prefix" value="/home/travis" />
    <property name="env.PATH" value="/home/travis/pthla/certi-tools/share/scripts:/home/travis/.rvm/gems/ruby-2.4.1/bin:/home/travis/.rvm/gems/ruby-2.4.1@global/bin:/home/travis/.rvm/rubies/ruby-2.4.1/bin:/home/travis/.rvm/bin:/home/travis/.nvm/versions/node/v7.10.1/bin:./node_modules/.bin:/home/travis/build/icyphy/ptII/bin:/home/travis/pthla/certi-tools/bin:/home/travis/bin:/home/travis/.local/bin:/opt/pyenv/shims:/home/travis/.phpenv/shims:/home/travis/perl5/perlbrew/bin:/home/travis/.kiex/elixirs/elixir-1.4.5/bin:/home/travis/.kiex/bin:/home/travis/gopath/bin:/home/travis/.gimme/versions/go1.7.4.linux.amd64/bin:/usr/local/phantomjs/bin:/usr/local/phantomjs:/usr/local/neo4j-3.2.7/bin:/usr/local/maven-3.5.2/bin:/usr/local/cmake-3.9.2/bin:/usr/local/clang-5.0.0/bin:/usr/local/sbin:/usr/local/bin:/usr/sbin:/usr/bin:/sbin:/bin:/home/travis/.phpenv/bin:/opt/pyenv/bin:/home/travis/.yarn/bin" />
    <property name="env.TRAVIS_OS_NAME" value="linux" />
    <property name="ant.java.version" value="1.8" />
    <property name="basedir" value="/home/travis/build/icyphy/ptII" />
    <property name="java.class.version" value="52.0" />
    <property name="env.SHLVL" value="3" />
    <property name="env.LD_LIBRARY_PATH" value="/home/travis/pthla/certi-tools/lib:/usr/lib/jni:/usr/local/share/OpenCV/java/:/usr/share/OpenCV/java:" />
    <property name="env.RACK_ENV" value="test" />
    <property name="ant.home" value="/home/travis/build/icyphy/ptII/ant" />
    <property name="env.NVM_DIR" value="/home/travis/.nvm" />
    <property name="env.PERLBREW_BASHRC_VERSION" value="0.80" />
    <property name="env.CERTI_FOM_PATH" value="/home/travis/pthla/certi-tools/share/federations" />
    <property name="env.TRAVIS_BUILD_ID" value="446965551" />
    <property name="env.PYENV_ROOT" value="/opt/pyenv" />
    <property name="env.TRAVIS_UID" value="2000" />
    <property name="env.rvm_pretty_print_flag" value="auto" />
    <property name="env.NVM_BIN" value="/home/travis/.nvm/versions/node/v7.10.1/bin" />
    <property name="env.TRAVIS_COMMIT" value="266362fdd7fec1c11f86a883b758bf967cd42763" />
    <property name="env._system_arch" value="x86_64" />
    <property name="node.executable" value="node" />
    <property name="sun.boot.library.path" value="/usr/lib/jvm/java-8-oracle/jre/lib/amd64" />
    <property name="sun.management.compiler" value="HotSpot 64-Bit Tiered Compilers" />
    <property name="env.GOPATH" value="/home/travis/gopath" />
    <property name="java.awt.graphicsenv" value="sun.awt.X11GraphicsEnvironment" />
    <property name="ptolemy.ptII.dir" value="/home/travis/build/icyphy/ptII" />
    <property name="env.USER" value="travis" />
    <property name="env.HISTFILESIZE" value="2000" />
    <property name="timeout.longest" value="19000000" />
    <property name="env.TRAVIS_STACK_FEATURES" value="basic cassandra chromium couchdb disabled-ipv6 docker docker-compose elasticsearch firefox go-toolchain google-chrome jdk memcached mongodb mysql neo4j nodejs_interpreter perl_interpreter perlbrew phantomjs postgresql python_interpreter rabbitmq redis riak ruby_interpreter sqlite xserver" />
    <property name="env.TRAVIS_PULL_REQUEST" value="false" />
    <property name="env.PYENV_SHELL" value="bash" />
    <property name="ant.project.name" value="ptII" />
    <property name="java.vm.specification.version" value="1.8" />
    <property name="env.ANSI_RESET" value="\033[0m" />
    <property name="env.TRAVIS_DIST" value="trusty" />
    <property name="env.CERTI_VERSION" value="4.0.0" />
    <property name="env.NLSPATH" value="/usr/dt/lib/nls/msg/%L/%N.cat" />
    <property name="env.CERTI_HOST" value="localhost" />
    <property name="awt.toolkit" value="sun.awt.X11.XToolkit" />
    <property name="env.MY_RUBY_HOME" value="/home/travis/.rvm/rubies/ruby-2.4.1" />
    <property name="sun.cpu.isalist" value="" />
    <property name="env.TRAVIS_TMPDIR" value="/tmp/tmp.MtLjEgKZrQ" />
    <property name="java.ext.dirs" value="/usr/lib/jvm/java-8-oracle/jre/lib/ext:/usr/java/packages/lib/ext" />
    <property name="os.version" value="4.4.0-101-generic" />
    <property name="user.home" value="/home/travis" />
    <property name="env.MIX_ARCHIVES" value="/home/travis/.kiex/mix/elixir-1.4.5" />
    <property name="java.vm.vendor" value="Oracle Corporation" />
    <property name="env.TRAVIS_TAG" value="nightly" />
    <property name="env.ANSI_YELLOW" value="\033[33;1m" />
    <property name="env.TRAVIS_FILTERED" value="redirect_io" />
    <property name="env.ANSI_GREEN" value="\033[32;1m" />
    <property name="javadoc.excludepackagenames" value="adm.cvs2svn.*,build.*,config.*,doc.coding.templates.*,jni.test.jni.meaningOfLife.*,jni.test.jni.testDeux.*,jni.test.jni.testTrois.*,org.terraswarm.accessor.accessors.web.node_modules.*,org.terraswarm.accessor.accessors.web.hosts.cordova.demo.*,org.terraswarm.accessor.accessors.web.hosts.cordova.plugins.*,org.terraswarm.accessor.accessors-svn.*,pt-modules.*,ptolemy.apps.agilent.*,ptolemy.apps.anytimecontrol.*,ptolemy.apps.apes.*,ptolemy.apps.charon.*,ptolemy.apps.crazyboard.*,ptolemy.apps.eclipse.*,ptolemy.apps.etherealSting.*,ptolemy.apps.fullscreen.*,ptolemy.apps.giotto.*,ptolemy.apps.ia.*,ptolemy.apps.interfaces.*,ptolemy.apps.jmf.*,ptolemy.apps.kurt.*,ptolemy.apps.kvm.*,ptolemy.apps.lego.*,ptolemy.apps.lejos.*,ptolemy.apps.midp.*,ptolemy.apps.mobileCoding.*,ptolemy.apps.pendulum.*,ptolemy.apps.rijndael.*,ptolemy.apps.robot.*,ptolemy.apps.security.*,ptolemy.apps.sobel.*,ptolemy.apps.soot.*,ptolemy.apps.throttle.*,ptolemy.apps.tini.*,ptolemy.apps.transmission.*,ptolemy.apps.vergil.*,ptolemy.apps.waba.*,ptolemy.apps.websensor.*,ptolemy.apps.webstart.*,ptolemy.apps.xsl.*,ptolemy.apps.zaurus.*,ptolemy.backtrack.eclipse.plugin.*,ptolemy.backtrack.test.*,ptolemy.codegen.c.actor.lib.oldJavaFiles.*,ptolemy.codegen.dsp.lib.*,ptolemy.codegen.kernel.newInterfaces.*,ptolemy.codegen.lib.*,ptolemy.copernicus.kernel.fragment.*,ptolemy.copernicus.shallow.cg.*,ptolemy.domains.giotto.demo.Hierarchy.Hierarchy.*,ptolemy.domains.giotto.demo.Multimode.Multimode.*,ptolemy.domains.giotto.demo.Simple.Simple.*,ptolemy.domains.gr.lib.experimental.*,ptolemy.domains.gro.*,ptolemy.domains.pdf.*,ptolemy.domains.ptinyos.demo.Surge.output.*,ptolemy.moml.test.NoPackageActor.java*,ptolemy.plot.adm.*,ptolemy.plot.servlet.*,reports.*,signed.*,src.*,target.*,vendors.*,ptolemy.cg.adapter.generic.program.procedural.c.mbed*,ptolemy.actor.lib.fmi.fmus.omc*,ptolemy.domains.openmodelica*,ptdb.kernel.bl.save.test.*,ptdb.kernel.bl.load.test.*,ptdb.kernel.bl.search.test.*,ptdb.kernel.bl.migration.test.*,ptdb.kernel.database.test.*,ptdb.test.*,ptdb.gui.test.*,org.ptolemy.scala.*,diva.util.java2d.svg.*,ptolemy.domains.ptinyos.*,ptolemy.actor.lib.fmi.fmipp.*,,org.terraswarm.accessor.accessors.web.node_modules.*,org.terraswarm.accessor.accessors-svn,ptolemy.apps.*,ptolemy.actor.ptalon.demo.ptinyos.SendAndReceiveCnt.output,ptolemy.actor.ptalon.demo.ptinyos.SenseToLeds.output,ptolemy.domains.ptinyos.demo.CntToLedsAndRfm.output,ptolemy.domains.ptinyos.demo.RfmToLeds.output,ptolemy.domains.ptinyos.demo.SendAndReceiveCnt.output,ptolemy.domains.ptinyos.demo.SenseToLeds.output,ptolemy.actor.lib.jjs.modules.udpSocket.*" />
    <property name="env.JAVA_HOME" value="/usr/lib/jvm/java-8-oracle" />
    <property name="env.PTII" value="/home/travis/build/icyphy/ptII" />
    <property name="env.XDG_SESSION_ID" value="2" />
    <property name="keystore" value="ptKeystore" />
    <property name="env.TRAVIS_COMMIT_MESSAGE" value="Fixed test of parameter.currentValue to not be fooled by zero value" />
    <property name="junit.output.dir" value="/home/travis/build/icyphy/ptII/reports/junit" />
    <property name="npm.return.code" value="0" />
    <property name="user.dir" value="/home/travis/build/icyphy/ptII/ptolemy/actor/lib/test" />
    <property name="env.TRAVIS_NODE_VERSION" value="7" />
    <property name="env.XFILESEARCHPATH" value="/usr/dt/app-defaults/%L/Dt" />
    <property name="env.MAIL" value="/var/mail/travis" />
    <property name="env.TRAVIS_EVENT_TYPE" value="cron" />
    <property name="env.PERLBREW_ROOT" value="/home/travis/perl5/perlbrew" />
    <property name="env.PWD" value="/home/travis/build/icyphy/ptII" />
    <property name="timeout.npm" value="45000" />
    <property name="env.TRAVIS_ARCH" value="amd64" />
    <property name="env.PAGER" value="cat" />
    <property name="sun.cpu.endian" value="little" />
    <property name="env.TRAVIS_BUILD_STAGE_NAME" value="Test" />
    <property name="env.PERLBREW_HOME" value="/home/travis/.perlbrew" />
    <property name="env.RAILS_ENV" value="test" />
    <property name="java.vm.version" value="25.151-b12" />
    <property name="java.class.path" value="/home/travis/.ptolemyII:/home/travis/.ptolemyII/*:/home/travis/build/icyphy/ptII:/home/travis/build/icyphy/ptII/lib/bsh-2.0b4.jar:/home/travis/build/icyphy/ptII/lib/ptCal.jar:/home/travis/build/icyphy/ptII/lib/java_cup.jar:/home/travis/build/icyphy/ptII/lib/saxon8.jar:/home/travis/build/icyphy/ptII/lib/saxon8-dom.jar:/home/travis/build/icyphy/ptII/lib/chic.jar:/home/travis/build/icyphy/ptII/lib/ptcolt.jar:/usr/lib/jvm/java-8-oracle/lib/tools.jar:/usr/lib/eclipse/plugins/org.eclipse.jdt.core_3.8.2.dist.jar:/usr/lib/eclipse/plugins/org.eclipse.core.runtime_3.8.0.dist.jar:/usr/lib/eclipse/plugins/org.eclipse.osgi_3.8.1.dist.jar:/usr/lib/eclipse/plugins/org.eclipse.core.resources_3.8.1.dist.jar:/usr/lib/eclipse/plugins/org.eclipse.equinox.common_3.6.100.dist.jar:/usr/lib/eclipse/plugins/org.eclipse.core.jobs_3.5.200.dist.jar:/usr/lib/eclipse/plugins/org.eclipse.core.contenttype_3.4.200.dist.jar:/usr/lib/eclipse/plugins/org.eclipse.equinox.preferences_3.5.0.dist.jar:/usr/lib/eclipse/plugins/org.eclipse.text_3.5.200.dist.jar:/usr/lib/eclipse/plugins/org.eclipse.ui.workbench_3.8.1.dist.jar:/usr/lib/eclipse/plugins/org.eclipse.jface_3.8.0.dist.jar:/usr/lib/eclipse/plugins/org.eclipse.swt_3.8.2.jar:/usr/lib/eclipse/plugins/org.eclipse.jface.text_3.8.1.dist.jar:/usr/lib/eclipse/plugins/org.eclipse.ui.workbench.texteditor_3.8.0.dist.jar:/usr/lib/eclipse/plugins/org.eclipse.ui.editors_3.8.0.dist.jar:/usr/lib/eclipse/plugins/org.eclipse.core.commands_3.6.1.dist.jar:/usr/lib/eclipse/plugins/org.eclipse.equinox.registry_3.5.200.dist.jar:/usr/lib/eclipse/plugins/org.eclipse.ui.console_3.5.100.dist.jar:/usr/lib/eclipse/plugins/org.eclipse.ui.forms_3.5.200.dist.jar:/usr/lib/eclipse/plugins/org.eclipse.ui.ide_3.8.1.dist.jar:/home/travis/build/icyphy/ptII/vendors/oracle/dbxml.jar:/home/travis/build/icyphy/ptII/vendors/oracle/db.jar:/home/travis/build/icyphy/ptII/vendors/misc/itext/iText.jar:/home/travis/build/icyphy/ptII/lib/g4ltl.jar:/home/travis/build/icyphy/ptII/lib/StructuralCoder.jar:/home/travis/build/icyphy/ptII/lib/org-openide-util.jar:/home/travis/build/icyphy/ptII/lib/org-openide-util-lookup.jar:/home/travis/build/icyphy/ptII/lib/org-netbeans-api-visual.jar:/home/travis/build/icyphy/ptII/vendors/jai-1_1_2_01/lib/jai_core.jar:/home/travis/build/icyphy/ptII/vendors/jai-1_1_2_01/lib/jai_codec.jar:/home/travis/build/icyphy/ptII/lib/jcerti.jar:/home/travis/build/icyphy/ptII/lib/smack.jar:/home/travis/build/icyphy/ptII/lib/smackx.jar:/home/travis/build/icyphy/ptII/lib/jetty-all-8.1.5-v20120716.jar:/home/travis/build/icyphy/ptII/lib/javax.servlet-api-3.0.1.jar:/home/travis/build/icyphy/ptII/lib/javax.mail.jar:/home/travis/build/icyphy/ptII/vendors/JMF-2.1.1e/lib/jmf.jar:/home/travis/build/icyphy/ptII/lib/jna-4.0.0-variadic.jar:/home/travis/build/icyphy/ptII/vendors/misc/joystick/Joystick.jar:/home/travis/build/icyphy/ptII/lib/ptjacl.jar:/home/travis/build/icyphy/ptII/lib/jsoup-1.8.2.jar:/home/travis/build/icyphy/ptII/lib/junit-4.8.2.jar:/home/travis/build/icyphy/ptII/lib/JUnitParams-0.4.0.jar:/home/travis/build/icyphy/ptII/ptolemy/actor/lib/excel/jxl.jar:/home/travis/build/icyphy/ptII/lib/jython.jar:/home/travis/build/icyphy/ptII/lib/kieler.jar:/home/travis/build/icyphy/ptII/vendors/opencv/share/OpenCV/java/opencv-341.jar:/home/travis/build/icyphy/ptII/lib/oscP5.jar:/home/travis/build/icyphy/ptII/lib/nrjavaserial-3.11.0.devel.jar:/home/travis/build/icyphy/ptII/vendors/j3d/lib/j3dcore.jar:/home/travis/build/icyphy/ptII/vendors/j3d/lib/j3dutils.jar:/home/travis/build/icyphy/ptII/vendors/j3d/lib/vecmath.jar:/home/travis/build/icyphy/ptII/ptolemy/distributed/jini/jar/jini-core.jar:/home/travis/build/icyphy/ptII/ptolemy/distributed/jini/jar/jini-ext.jar:/home/travis/build/icyphy/ptII/ptolemy/distributed/jini/jar/sun-util.jar:/home/travis/build/icyphy/ptII/lib/protobuf-java-2.4.1.jar:/home/travis/build/icyphy/ptII/lib/org.eclipse.paho.client.mqttv3.jar:/home/travis/build/icyphy/ptII/ptserver/lib/hessian-4.0.7.jar:/home/travis/build/icyphy/ptII/ptserver/lib/wmqtt.jar:/home/travis/build/icyphy/ptII/lib/mapss.jar:/home/travis/build/icyphy/ptII/ptolemy/actor/ptalon/antlr/antlr.jar:/home/travis/build/icyphy/ptII/lib/JRI.jar:/home/travis/build/icyphy/ptII/lib/commons-lang-2.6.jar:/home/travis/build/icyphy/ptII/lib/commons-logging-1.1.1.jar:/home/travis/build/icyphy/ptII/lib/sootclasses.jar:/home/travis/build/icyphy/ptII/ptolemy/actor/lib/database/mysql-connector-java-5.1.6-bin.jar:/home/travis/build/icyphy/ptII/vendors/misc/sphinx4/sphinx4-data-5prealpha.jar:/home/travis/build/icyphy/ptII/vendors/misc/sphinx4/sphinx4-core-5prealpha.jar:/home/travis/build/icyphy/ptII/lib/PDFRenderer.jar:/home/travis/build/icyphy/ptII/lib/svgSalamander.jar:/home/travis/build/icyphy/ptII/lib/rsyntaxtextarea-2.6.0-SNAPSHOT.jar:/home/travis/build/icyphy/ptII/lib/hazelcast-3.8.2.jar:/home/travis/build/icyphy/ptII/lib/jackson-annotations-2.9.0.jar:/home/travis/build/icyphy/ptII/lib/jackson-core-2.9.3.jar:/home/travis/build/icyphy/ptII/lib/jackson-databind-2.9.3.jar:/home/travis/build/icyphy/ptII/lib/netty-buffer-4.1.19.Final.jar:/home/travis/build/icyphy/ptII/lib/netty-codec-4.1.19.Final.jar:/home/travis/build/icyphy/ptII/lib/netty-codec-dns-4.1.19.Final.jar:/home/travis/build/icyphy/ptII/lib/netty-codec-http-4.1.19.Final.jar:/home/travis/build/icyphy/ptII/lib/netty-codec-http2-4.1.19.Final.jar:/home/travis/build/icyphy/ptII/lib/netty-common-4.1.19.Final.jar:/home/travis/build/icyphy/ptII/lib/netty-handler-4.1.19.Final.jar:/home/travis/build/icyphy/ptII/lib/netty-resolver-4.1.19.Final.jar:/home/travis/build/icyphy/ptII/lib/netty-resolver-dns-4.1.19.Final.jar:/home/travis/build/icyphy/ptII/lib/netty-transport-4.1.19.Final.jar:/home/travis/build/icyphy/ptII/lib/vertx-codegen-3.5.1.jar:/home/travis/build/icyphy/ptII/lib/vertx-core-3.5.2-SNAPSHOT.jar:/home/travis/build/icyphy/ptII/lib/vertx-hazelcast-3.5.1.jar:/home/travis/build/icyphy/ptII/lib/vertx-lang-js-3.5.1.jar:/home/travis/build/icyphy/ptII/lib/vertx-service-proxy-3.5.1.jar:/home/travis/build/icyphy/ptII/lib/vertx-web-3.5.1.jar:/home/travis/build/icyphy/ptII/lib/slf4j-api-1.7.13.jar:/home/travis/build/icyphy/ptII/lib/slf4j-simple-1.7.13.jar:/home/travis/build/icyphy/ptII/lib/webcam-capture-0.3.12.jar:/home/travis/build/icyphy/ptII/lib/bridj-0.7.0.jar:/home/travis/build/icyphy/ptII/lib/xbjlib-1.1.0.nrjavaserial.jar:/home/travis/build/icyphy/ptII/ptolemy/moml/test:/home/travis/build/icyphy/ptII/ant/lib/ant-launcher.jar:/home/travis/build/icyphy/ptII/ant/lib/ant.jar:/home/travis/build/icyphy/ptII/ant/lib/ant-junit.jar:/home/travis/build/icyphy/ptII/ant/lib/ant-junit4.jar" />
    <property name="ant.library.dir" value="/home/travis/build/icyphy/ptII/ant/lib" />
    <property name="os.arch" value="amd64" />
    <property name="env.TRAVIS_LANGUAGE" value="node_js" />
    <property name="env.CONTINUOUS_INTEGRATION" value="true" />
    <property name="env.TRAVIS_STACK_LANGUAGES" value="__garnet__ c c++ clojure cplusplus cpp default go groovy java node_js php pure_java python ruby scala" />
    <property name="test.name" value="ptolemy.actor.lib.test.junit.JUnitTclTest" />
    <property name="sun.java.launcher" value="SUN_STANDARD" />
    <property name="env.PYTHON_CONFIGURE_OPTS" value="--enable-unicode=ucs4 --with-wide-unicode --enable-shared --enable-ipv6 --enable-loadable-sqlite-extensions --with-computed-gotos" />
    <property name="ant.core.lib" value="/home/travis/build/icyphy/ptII/ant/lib/ant.jar" />
    <property name="java.vm.specification.vendor" value="Oracle Corporation" />
    <property name="env.BCVTB_HOME" value="/home/travis/build/icyphy/ptII/lbnl" />
    <property name="file.separator" value="/" />
    <property name="spotbugs.home" value="/home/travis/build/icyphy/ptII/vendors/spotbugs-3.1.1" />
    <property name="java.runtime.version" value="1.8.0_151-b12" />
    <property name="sun.boot.class.path" value="/usr/lib/jvm/java-8-oracle/jre/lib/resources.jar:/usr/lib/jvm/java-8-oracle/jre/lib/rt.jar:/usr/lib/jvm/java-8-oracle/jre/lib/sunrsasign.jar:/usr/lib/jvm/java-8-oracle/jre/lib/jsse.jar:/usr/lib/jvm/java-8-oracle/jre/lib/jce.jar:/usr/lib/jvm/java-8-oracle/jre/lib/charsets.jar:/usr/lib/jvm/java-8-oracle/jre/lib/jfr.jar:/usr/lib/jvm/java-8-oracle/jre/classes" />
    <property name="env.ANSI_CLEAR" value="\033[0K" />
    <property name="env.HAS_JOSH_K_SEAL_OF_APPROVAL" value="true" />
    <property name="env.TRAVIS_OSX_IMAGE" value="" />
    <property name="env.XDG_RUNTIME_DIR" value="/run/user/2000" />
    <property name="env.TRAVIS_BRANCH" value="master" />
    <property name="env.TRAVIS_JOB_ID" value="446965561" />
    <property name="env.CERTI_HOME_TRAVIS" value="/home/travis/pthla/certi-tools" />
    <property name="user.country" value="US" />
    <property name="env.SHELL" value="/bin/bash" />
    <property name="model" value="" />
    <property name="java.maxmemory.large" value="5000m" />
    <property name="env.CASHER_DIR" value="/home/travis/.casher" />
    <property name="env.NVM_CD_FLAGS" value="" />
    <property name="jshint.executable" value="/home/travis/node_modules/jshint/bin/jshint" />
    <property name="env.JRUBY_OPTS" value=" --client -J-XX:+TieredCompilation -J-XX:TieredStopAtLevel=1 -J-Xss2m -Xcompile.invokedynamic=false" />
    <property name="java.vendor" value="Oracle Corporation" />
    <property name="env.TRAVIS_PRE_CHEF_BOOTSTRAP_TIME" value="2017-12-05T19:32:55" />
    <property name="env.ELIXIR_VERSION" value="1.4.5" />
    <property name="env.TRAVIS_STACK_JOB_BOARD_REGISTER" value="/.job-board-register.yml" />
    <property name="env.ANSI_RED" value="\033[31;1m" />
    <property name="java.specification.version" value="1.8" />
    <property name="env.TRAVIS" value="true" />
    <property name="env.IRBRC" value="/home/travis/.rvm/rubies/ruby-2.4.1/.irbrc" />
    <property name="sun.arch.data.model" value="64" />
  </properties>
  <testcase classname="ptolemy.util.test.junit.TclTests" name="[0] /home/travis/build/icyphy/ptII/ptolemy/actor/lib/test/AbsoluteValue.tcl (RunTclFile)" time="0.504" />
  <testcase classname="ptolemy.util.test.junit.TclTests" name="[1] /home/travis/build/icyphy/ptII/ptolemy/actor/lib/test/AddSubtract.tcl (RunTclFile)" time="0.111" />
  <testcase classname="ptolemy.util.test.junit.TclTests" name="[2] /home/travis/build/icyphy/ptII/ptolemy/actor/lib/test/Average.tcl (RunTclFile)" time="0.034" />
  <testcase classname="ptolemy.util.test.junit.TclTests" name="[3] /home/travis/build/icyphy/ptII/ptolemy/actor/lib/test/Bernoulli.tcl (RunTclFile)" time="0.021" />
  <testcase classname="ptolemy.util.test.junit.TclTests" name="[4] /home/travis/build/icyphy/ptII/ptolemy/actor/lib/test/Clock.tcl (RunTclFile)" time="0.081" />
  <testcase classname="ptolemy.util.test.junit.TclTests" name="[5] /home/travis/build/icyphy/ptII/ptolemy/actor/lib/test/Commutator.tcl (RunTclFile)" time="0.157" />
  <testcase classname="ptolemy.util.test.junit.TclTests" name="[6] /home/travis/build/icyphy/ptII/ptolemy/actor/lib/test/Const.tcl (RunTclFile)" time="0.124" />
  <testcase classname="ptolemy.util.test.junit.TclTests" name="[7] /home/travis/build/icyphy/ptII/ptolemy/actor/lib/test/CurrentTime.tcl (RunTclFile)" time="0.042" />
  <testcase classname="ptolemy.util.test.junit.TclTests" name="[8] /home/travis/build/icyphy/ptII/ptolemy/actor/lib/test/DB.tcl (RunTclFile)" time="0.045" />
  <testcase classname="ptolemy.util.test.junit.TclTests" name="[9] /home/travis/build/icyphy/ptII/ptolemy/actor/lib/test/DiscreteRandomSource.tcl (RunTclFile)" time="0.06" />
  <testcase classname="ptolemy.util.test.junit.TclTests" name="[10] /home/travis/build/icyphy/ptII/ptolemy/actor/lib/test/Distributor.tcl (RunTclFile)" time="0.084" />
  <testcase classname="ptolemy.util.test.junit.TclTests" name="[11] /home/travis/build/icyphy/ptII/ptolemy/actor/lib/test/Exit.tcl (RunTclFile)" time="0.075" />
  <testcase classname="ptolemy.util.test.junit.TclTests" name="[12] /home/travis/build/icyphy/ptII/ptolemy/actor/lib/test/Expression.tcl (RunTclFile)" time="0.085" />
  <testcase classname="ptolemy.util.test.junit.TclTests" name="[13] /home/travis/build/icyphy/ptII/ptolemy/actor/lib/test/Gaussian.tcl (RunTclFile)" time="0.556" />
  <testcase classname="ptolemy.util.test.junit.TclTests" name="[14] /home/travis/build/icyphy/ptII/ptolemy/actor/lib/test/IIR.tcl (RunTclFile)" time="0.029" />
  <testcase classname="ptolemy.util.test.junit.TclTests" name="[15] /home/travis/build/icyphy/ptII/ptolemy/actor/lib/test/Interpolator.tcl (RunTclFile)" time="0.121" />
  <testcase classname="ptolemy.util.test.junit.TclTests" name="[16] /home/travis/build/icyphy/ptII/ptolemy/actor/lib/test/MathFunction.tcl (RunTclFile)" time="0.062" />
  <testcase classname="ptolemy.util.test.junit.TclTests" name="[17] /home/travis/build/icyphy/ptII/ptolemy/actor/lib/test/Maximum.tcl (RunTclFile)" time="0.043" />
  <testcase classname="ptolemy.util.test.junit.TclTests" name="[18] /home/travis/build/icyphy/ptII/ptolemy/actor/lib/test/Minimum.tcl (RunTclFile)" time="0.029" />
  <testcase classname="ptolemy.util.test.junit.TclTests" name="[19] /home/travis/build/icyphy/ptII/ptolemy/actor/lib/test/MultiplyDivide.tcl (RunTclFile)" time="0.026" />
  <testcase classname="ptolemy.util.test.junit.TclTests" name="[20] /home/travis/build/icyphy/ptII/ptolemy/actor/lib/test/OrderedMerge.tcl (RunTclFile)" time="0.133" />
  <testcase classname="ptolemy.util.test.junit.TclTests" name="[21] /home/travis/build/icyphy/ptII/ptolemy/actor/lib/test/Publisher.tcl (RunTclFile)" time="0.78" />
  <testcase classname="ptolemy.util.test.junit.TclTests" name="[22] /home/travis/build/icyphy/ptII/ptolemy/actor/lib/test/Pulse.tcl (RunTclFile)" time="0.047" />
  <testcase classname="ptolemy.util.test.junit.TclTests" name="[23] /home/travis/build/icyphy/ptII/ptolemy/actor/lib/test/Ramp.tcl (RunTclFile)" time="2.09" />
  <testcase classname="ptolemy.util.test.junit.TclTests" name="[24] /home/travis/build/icyphy/ptII/ptolemy/actor/lib/test/RampContinuous.tcl (RunTclFile)" time="0.02" />
  <testcase classname="ptolemy.util.test.junit.TclTests" name="[25] /home/travis/build/icyphy/ptII/ptolemy/actor/lib/test/RecordAssembler.tcl (RunTclFile)" time="0.022" />
  <testcase classname="ptolemy.util.test.junit.TclTests" name="[26] /home/travis/build/icyphy/ptII/ptolemy/actor/lib/test/RecordDisassembler.tcl (RunTclFile)" time="0.03" />
  <testcase classname="ptolemy.util.test.junit.TclTests" name="[27] /home/travis/build/icyphy/ptII/ptolemy/actor/lib/test/Scale.tcl (RunTclFile)" time="0.033" />
  <testcase classname="ptolemy.util.test.junit.TclTests" name="[28] /home/travis/build/icyphy/ptII/ptolemy/actor/lib/test/SequentialClock.tcl (RunTclFile)" time="0.026" />
  <testcase classname="ptolemy.util.test.junit.TclTests" name="[29] /home/travis/build/icyphy/ptII/ptolemy/actor/lib/test/SetVariable.tcl (RunTclFile)" time="0.016" />
  <testcase classname="ptolemy.util.test.junit.TclTests" name="[30] /home/travis/build/icyphy/ptII/ptolemy/actor/lib/test/Sinewave.tcl (RunTclFile)" time="0.071" />
  <testcase classname="ptolemy.util.test.junit.TclTests" name="[31] /home/travis/build/icyphy/ptII/ptolemy/actor/lib/test/SubscriptionAggregator.tcl (RunTclFile)" time="2.003" />
  <testcase classname="ptolemy.util.test.junit.TclTests" name="[32] /home/travis/build/icyphy/ptII/ptolemy/actor/lib/test/Test.tcl (RunTclFile)" time="0.096" />
  <testcase classname="ptolemy.util.test.junit.TclTests" name="[33] /home/travis/build/icyphy/ptII/ptolemy/actor/lib/test/TestExceptionHandler.tcl (RunTclFile)" time="0.011" />
  <testcase classname="ptolemy.util.test.junit.TclTests" name="[34] /home/travis/build/icyphy/ptII/ptolemy/actor/lib/test/UnionDisassembler.tcl (RunTclFile)" time="0.066" />
  <testcase classname="ptolemy.util.test.junit.TclTests" name="[35] /home/travis/build/icyphy/ptII/ptolemy/actor/lib/test/VariableClock.tcl (RunTclFile)" time="0.027" />
  <testcase classname="ptolemy.util.test.junit.AutoKnownFailedTests" name="[0] /home/travis/build/icyphy/ptII/ptolemy/actor/lib/test/auto/knownFailedTests/PublisherPortToplevelSubscriber.xml (RunModel)" time="0.013" />
  <testcase classname="ptolemy.util.test.junit.AutoKnownFailedTests" name="[1] /home/travis/build/icyphy/ptII/ptolemy/actor/lib/test/auto/knownFailedTests/PublisherSubscriberPortToplevel.xml (RunModel)" time="0.024" />
  <testcase classname="ptolemy.util.test.junit.AutoKnownFailedTests" name="[2] /home/travis/build/icyphy/ptII/ptolemy/actor/lib/test/auto/knownFailedTests/PublisherSubscriptionAggregatorPort.xml (RunModel)" time="0.017" />
  <testcase classname="ptolemy.util.test.junit.AutoKnownFailedTests" name="[3] /home/travis/build/icyphy/ptII/ptolemy/actor/lib/test/auto/knownFailedTests/sizedarray3.xml (RunModel)" time="0.023" />
  <testcase classname="ptolemy.util.test.junit.AutoNameArchTests" name="[0] ThereAreNoAutoArchTests (RunModel)" time="0.004" />
  <testcase classname="ptolemy.util.test.junit.AutoTests" name="[0] /home/travis/build/icyphy/ptII/ptolemy/actor/lib/test/auto/AbsoluteValue.xml (RunModel)" time="0.136" />
  <testcase classname="ptolemy.util.test.junit.AutoTests" name="[1] /home/travis/build/icyphy/ptII/ptolemy/actor/lib/test/auto/AbsoluteValue2.xml (RunModel)" time="0.071" />
  <testcase classname="ptolemy.util.test.junit.AutoTests" name="[2] /home/travis/build/icyphy/ptII/ptolemy/actor/lib/test/auto/Accumulator.xml (RunModel)" time="0.072" />
  <testcase classname="ptolemy.util.test.junit.AutoTests" name="[3] /home/travis/build/icyphy/ptII/ptolemy/actor/lib/test/auto/Accumulator2.xml (RunModel)" time="0.045" />
  <testcase classname="ptolemy.util.test.junit.AutoTests" name="[4] /home/travis/build/icyphy/ptII/ptolemy/actor/lib/test/auto/Accumulator3.xml (RunModel)" time="0.053" />
  <testcase classname="ptolemy.util.test.junit.AutoTests" name="[5] /home/travis/build/icyphy/ptII/ptolemy/actor/lib/test/auto/ArrayAppend.xml (RunModel)" time="0.124" />
  <testcase classname="ptolemy.util.test.junit.AutoTests" name="[6] /home/travis/build/icyphy/ptII/ptolemy/actor/lib/test/auto/ArrayAppend2.xml (RunModel)" time="0.701" />
  <testcase classname="ptolemy.util.test.junit.AutoTests" name="[7] /home/travis/build/icyphy/ptII/ptolemy/actor/lib/test/auto/ArrayAppend3.xml (RunModel)" time="0.03" />
  <testcase classname="ptolemy.util.test.junit.AutoTests" name="[8] /home/travis/build/icyphy/ptII/ptolemy/actor/lib/test/auto/ArrayAppend4.xml (RunModel)" time="0.034" />
  <testcase classname="ptolemy.util.test.junit.AutoTests" name="[9] /home/travis/build/icyphy/ptII/ptolemy/actor/lib/test/auto/ArrayAppend5.xml (RunModel)" time="0.03" />
  <testcase classname="ptolemy.util.test.junit.AutoTests" name="[10] /home/travis/build/icyphy/ptII/ptolemy/actor/lib/test/auto/ArrayAppend6.xml (RunModel)" time="0.03" />
  <testcase classname="ptolemy.util.test.junit.AutoTests" name="[11] /home/travis/build/icyphy/ptII/ptolemy/actor/lib/test/auto/ArrayAppendPerformanceTest.xml (RunModel)" time="0.043" />
  <testcase classname="ptolemy.util.test.junit.AutoTests" name="[12] /home/travis/build/icyphy/ptII/ptolemy/actor/lib/test/auto/ArrayAppendWithEmptyInput.xml (RunModel)" time="0.066" />
  <testcase classname="ptolemy.util.test.junit.AutoTests" name="[13] /home/travis/build/icyphy/ptII/ptolemy/actor/lib/test/auto/ArrayAverage.xml (RunModel)" time="0.069" />
  <testcase classname="ptolemy.util.test.junit.AutoTests" name="[14] /home/travis/build/icyphy/ptII/ptolemy/actor/lib/test/auto/ArrayContains.xml (RunModel)" time="0.031" />
  <testcase classname="ptolemy.util.test.junit.AutoTests" name="[15] /home/travis/build/icyphy/ptII/ptolemy/actor/lib/test/auto/ArrayElement.xml (RunModel)" time="0.033" />
  <testcase classname="ptolemy.util.test.junit.AutoTests" name="[16] /home/travis/build/icyphy/ptII/ptolemy/actor/lib/test/auto/ArrayElementAsMatrix.xml (RunModel)" time="0.053" />
  <testcase classname="ptolemy.util.test.junit.AutoTests" name="[17] /home/travis/build/icyphy/ptII/ptolemy/actor/lib/test/auto/ArrayElementI.xml (RunModel)" time="0.034" />
  <testcase classname="ptolemy.util.test.junit.AutoTests" name="[18] /home/travis/build/icyphy/ptII/ptolemy/actor/lib/test/auto/ArrayExtract.xml (RunModel)" time="0.04" />
  <testcase classname="ptolemy.util.test.junit.AutoTests" name="[19] /home/travis/build/icyphy/ptII/ptolemy/actor/lib/test/auto/ArrayExtract2.xml (RunModel)" time="0.02" />
  <testcase classname="ptolemy.util.test.junit.AutoTests" name="[20] /home/travis/build/icyphy/ptII/ptolemy/actor/lib/test/auto/ArrayLength.xml (RunModel)" time="0.025" />
  <testcase classname="ptolemy.util.test.junit.AutoTests" name="[21] /home/travis/build/icyphy/ptII/ptolemy/actor/lib/test/auto/ArrayLevelCrossing.xml (RunModel)" time="0.032" />
  <testcase classname="ptolemy.util.test.junit.AutoTests" name="[22] /home/travis/build/icyphy/ptII/ptolemy/actor/lib/test/auto/ArrayLevelCrossing2.xml (RunModel)" time="0.027" />
  <testcase classname="ptolemy.util.test.junit.AutoTests" name="[23] /home/travis/build/icyphy/ptII/ptolemy/actor/lib/test/auto/ArrayPeakSearch.xml (RunModel)" time="0.049" />
  <testcase classname="ptolemy.util.test.junit.AutoTests" name="[24] /home/travis/build/icyphy/ptII/ptolemy/actor/lib/test/auto/ArrayPeakSearch2.xml (RunModel)" time="0.043" />
  <testcase classname="ptolemy.util.test.junit.AutoTests" name="[25] /home/travis/build/icyphy/ptII/ptolemy/actor/lib/test/auto/ArrayPeakSearch3.xml (RunModel)" time="0.039" />
  <testcase classname="ptolemy.util.test.junit.AutoTests" name="[26] /home/travis/build/icyphy/ptII/ptolemy/actor/lib/test/auto/ArrayRemoveElement.xml (RunModel)" time="0.03" />
  <testcase classname="ptolemy.util.test.junit.AutoTests" name="[27] /home/travis/build/icyphy/ptII/ptolemy/actor/lib/test/auto/ArraySort.xml (RunModel)" time="0.036" />
  <testcase classname="ptolemy.util.test.junit.AutoTests" name="[28] /home/travis/build/icyphy/ptII/ptolemy/actor/lib/test/auto/ArraySum.xml (RunModel)" time="0.021" />
  <testcase classname="ptolemy.util.test.junit.AutoTests" name="[29] /home/travis/build/icyphy/ptII/ptolemy/actor/lib/test/auto/ArrayToElements.xml (RunModel)" time="0.023" />
  <testcase classname="ptolemy.util.test.junit.AutoTests" name="[30] /home/travis/build/icyphy/ptII/ptolemy/actor/lib/test/auto/ArrayToMatrix.xml (RunModel)" time="0.053" />
  <testcase classname="ptolemy.util.test.junit.AutoTests" name="[31] /home/travis/build/icyphy/ptII/ptolemy/actor/lib/test/auto/ArrayUpdate1.xml (RunModel)" time="0.017" />
  <testcase classname="ptolemy.util.test.junit.AutoTests" name="[32] /home/travis/build/icyphy/ptII/ptolemy/actor/lib/test/auto/ArrayUpdate2.xml (RunModel)" time="0.019" />
  <testcase classname="ptolemy.util.test.junit.AutoTests" name="[33] /home/travis/build/icyphy/ptII/ptolemy/actor/lib/test/auto/ArrayUpdate3.xml (RunModel)" time="0.015" />
  <testcase classname="ptolemy.util.test.junit.AutoTests" name="[34] /home/travis/build/icyphy/ptII/ptolemy/actor/lib/test/auto/Assert1.xml (RunModel)" time="0.063" />
  <testcase classname="ptolemy.util.test.junit.AutoTests" name="[35] /home/travis/build/icyphy/ptII/ptolemy/actor/lib/test/auto/Assert2.xml (RunModel)" time="0.014" />
  <testcase classname="ptolemy.util.test.junit.AutoTests" name="[36] /home/travis/build/icyphy/ptII/ptolemy/actor/lib/test/auto/BooleanMultiplexor.xml (RunModel)" time="0.018" />
  <testcase classname="ptolemy.util.test.junit.AutoTests" name="[37] /home/travis/build/icyphy/ptII/ptolemy/actor/lib/test/auto/BooleanMultiplexor2.xml (RunModel)" time="0.029" />
  <testcase classname="ptolemy.util.test.junit.AutoTests" name="[38] /home/travis/build/icyphy/ptII/ptolemy/actor/lib/test/auto/BooleanMultiplexor3.xml (RunModel)" time="0.021" />
  <testcase classname="ptolemy.util.test.junit.AutoTests" name="[39] /home/travis/build/icyphy/ptII/ptolemy/actor/lib/test/auto/BooleanSelect.xml (RunModel)" time="0.031" />
  <testcase classname="ptolemy.util.test.junit.AutoTests" name="[40] /home/travis/build/icyphy/ptII/ptolemy/actor/lib/test/auto/BooleanSelect2.xml (RunModel)" time="0.014" />
  <testcase classname="ptolemy.util.test.junit.AutoTests" name="[41] /home/travis/build/icyphy/ptII/ptolemy/actor/lib/test/auto/BooleanSwitch.xml (RunModel)" time="0.018" />
  <testcase classname="ptolemy.util.test.junit.AutoTests" name="[42] /home/travis/build/icyphy/ptII/ptolemy/actor/lib/test/auto/BooleanSwitch2.xml (RunModel)" time="0.013" />
  <testcase classname="ptolemy.util.test.junit.AutoTests" name="[43] /home/travis/build/icyphy/ptII/ptolemy/actor/lib/test/auto/BooleanSwitchCloningBugWithClassRelationGroup.xml (RunModel)" time="0.029" />
  <testcase classname="ptolemy.util.test.junit.AutoTests" name="[44] /home/travis/build/icyphy/ptII/ptolemy/actor/lib/test/auto/BusActors.xml (RunModel)" time="0.037" />
  <testcase classname="ptolemy.util.test.junit.AutoTests" name="[45] /home/travis/build/icyphy/ptII/ptolemy/actor/lib/test/auto/ClassWrapper.xml (RunModel)" time="0.01" />
  <testcase classname="ptolemy.util.test.junit.AutoTests" name="[46] /home/travis/build/icyphy/ptII/ptolemy/actor/lib/test/auto/Clock.xml (RunModel)" time="0.021" />
  <testcase classname="ptolemy.util.test.junit.AutoTests" name="[47] /home/travis/build/icyphy/ptII/ptolemy/actor/lib/test/auto/Clock10.xml (RunModel)" time="0.018" />
  <testcase classname="ptolemy.util.test.junit.AutoTests" name="[48] /home/travis/build/icyphy/ptII/ptolemy/actor/lib/test/auto/Clock11.xml (RunModel)" time="0.017" />
  <testcase classname="ptolemy.util.test.junit.AutoTests" name="[49] /home/travis/build/icyphy/ptII/ptolemy/actor/lib/test/auto/Clock12.xml (RunModel)" time="0.017" />
  <testcase classname="ptolemy.util.test.junit.AutoTests" name="[50] /home/travis/build/icyphy/ptII/ptolemy/actor/lib/test/auto/Clock13.xml (RunModel)" time="0.023" />
  <testcase classname="ptolemy.util.test.junit.AutoTests" name="[51] /home/travis/build/icyphy/ptII/ptolemy/actor/lib/test/auto/Clock14.xml (RunModel)" time="0.022" />
  <testcase classname="ptolemy.util.test.junit.AutoTests" name="[52] /home/travis/build/icyphy/ptII/ptolemy/actor/lib/test/auto/Clock15.xml (RunModel)" time="0.015" />
  <testcase classname="ptolemy.util.test.junit.AutoTests" name="[53] /home/travis/build/icyphy/ptII/ptolemy/actor/lib/test/auto/Clock16.xml (RunModel)" time="0.088" />
  <testcase classname="ptolemy.util.test.junit.AutoTests" name="[54] /home/travis/build/icyphy/ptII/ptolemy/actor/lib/test/auto/Clock17.xml (RunModel)" time="0.052" />
  <testcase classname="ptolemy.util.test.junit.AutoTests" name="[55] /home/travis/build/icyphy/ptII/ptolemy/actor/lib/test/auto/Clock18.xml (RunModel)" time="0.038" />
  <testcase classname="ptolemy.util.test.junit.AutoTests" name="[56] /home/travis/build/icyphy/ptII/ptolemy/actor/lib/test/auto/Clock19.xml (RunModel)" time="0.044" />
  <testcase classname="ptolemy.util.test.junit.AutoTests" name="[57] /home/travis/build/icyphy/ptII/ptolemy/actor/lib/test/auto/Clock2.xml (RunModel)" time="0.014" />
  <testcase classname="ptolemy.util.test.junit.AutoTests" name="[58] /home/travis/build/icyphy/ptII/ptolemy/actor/lib/test/auto/Clock20.xml (RunModel)" time="0.018" />
  <testcase classname="ptolemy.util.test.junit.AutoTests" name="[59] /home/travis/build/icyphy/ptII/ptolemy/actor/lib/test/auto/Clock21.xml (RunModel)" time="0.016" />
  <testcase classname="ptolemy.util.test.junit.AutoTests" name="[60] /home/travis/build/icyphy/ptII/ptolemy/actor/lib/test/auto/Clock22.xml (RunModel)" time="0.017" />
  <testcase classname="ptolemy.util.test.junit.AutoTests" name="[61] /home/travis/build/icyphy/ptII/ptolemy/actor/lib/test/auto/Clock23.xml (RunModel)" time="0.017" />
  <testcase classname="ptolemy.util.test.junit.AutoTests" name="[62] /home/travis/build/icyphy/ptII/ptolemy/actor/lib/test/auto/Clock24.xml (RunModel)" time="0.017" />
  <testcase classname="ptolemy.util.test.junit.AutoTests" name="[63] /home/travis/build/icyphy/ptII/ptolemy/actor/lib/test/auto/Clock4.xml (RunModel)" time="0.017" />
  <testcase classname="ptolemy.util.test.junit.AutoTests" name="[64] /home/travis/build/icyphy/ptII/ptolemy/actor/lib/test/auto/Clock5.xml (RunModel)" time="0.01" />
  <testcase classname="ptolemy.util.test.junit.AutoTests" name="[65] /home/travis/build/icyphy/ptII/ptolemy/actor/lib/test/auto/Clock6.xml (RunModel)" time="0.011" />
  <testcase classname="ptolemy.util.test.junit.AutoTests" name="[66] /home/travis/build/icyphy/ptII/ptolemy/actor/lib/test/auto/Clock7.xml (RunModel)" time="0.011" />
  <testcase classname="ptolemy.util.test.junit.AutoTests" name="[67] /home/travis/build/icyphy/ptII/ptolemy/actor/lib/test/auto/Clock8.xml (RunModel)" time="0.017" />
  <testcase classname="ptolemy.util.test.junit.AutoTests" name="[68] /home/travis/build/icyphy/ptII/ptolemy/actor/lib/test/auto/Clock9.xml (RunModel)" time="0.016" />
  <testcase classname="ptolemy.util.test.junit.AutoTests" name="[69] /home/travis/build/icyphy/ptII/ptolemy/actor/lib/test/auto/CommDistDiscard.xml (RunModel)" time="0.03" />
  <testcase classname="ptolemy.util.test.junit.AutoTests" name="[70] /home/travis/build/icyphy/ptII/ptolemy/actor/lib/test/auto/Commutator.xml (RunModel)" time="0.015" />
  <testcase classname="ptolemy.util.test.junit.AutoTests" name="[71] /home/travis/build/icyphy/ptII/ptolemy/actor/lib/test/auto/Commutator2.xml (RunModel)" time="0.013" />
  <testcase classname="ptolemy.util.test.junit.AutoTests" name="[72] /home/travis/build/icyphy/ptII/ptolemy/actor/lib/test/auto/Commutator3.xml (RunModel)" time="0.016" />
  <testcase classname="ptolemy.util.test.junit.AutoTests" name="[73] /home/travis/build/icyphy/ptII/ptolemy/actor/lib/test/auto/Compare.xml (RunModel)" time="0.02" />
  <testcase classname="ptolemy.util.test.junit.AutoTests" name="[74] /home/travis/build/icyphy/ptII/ptolemy/actor/lib/test/auto/CompareDE.xml (RunModel)" time="0.02" />
  <testcase classname="ptolemy.util.test.junit.AutoTests" name="[75] /home/travis/build/icyphy/ptII/ptolemy/actor/lib/test/auto/ComplexDivide.xml (RunModel)" time="0.015" />
  <testcase classname="ptolemy.util.test.junit.AutoTests" name="[76] /home/travis/build/icyphy/ptII/ptolemy/actor/lib/test/auto/ComputeHistogram.xml (RunModel)" time="0.072" />
  <testcase classname="ptolemy.util.test.junit.AutoTests" name="[77] /home/travis/build/icyphy/ptII/ptolemy/actor/lib/test/auto/ConfigurationSelect.xml (RunModel)" time="0.023" />
  <testcase classname="ptolemy.util.test.junit.AutoTests" name="[78] /home/travis/build/icyphy/ptII/ptolemy/actor/lib/test/auto/ConfigurationSelect2.xml (RunModel)" time="0.017" />
  <testcase classname="ptolemy.util.test.junit.AutoTests" name="[79] /home/travis/build/icyphy/ptII/ptolemy/actor/lib/test/auto/ConfigurationSwitch.xml (RunModel)" time="0.025" />
  <testcase classname="ptolemy.util.test.junit.AutoTests" name="[80] /home/travis/build/icyphy/ptII/ptolemy/actor/lib/test/auto/ConfigurationSwitch2.xml (RunModel)" time="0.022" />
  <testcase classname="ptolemy.util.test.junit.AutoTests" name="[81] /home/travis/build/icyphy/ptII/ptolemy/actor/lib/test/auto/ConfigurationSwitchCloningBugWithClassRelationGroup.xml (RunModel)" time="0.027" />
  <testcase classname="ptolemy.util.test.junit.AutoTests" name="[82] /home/travis/build/icyphy/ptII/ptolemy/actor/lib/test/auto/ConfigurationSwitchSelectSDF.xml (RunModel)" time="0.017" />
  <testcase classname="ptolemy.util.test.junit.AutoTests" name="[83] /home/travis/build/icyphy/ptII/ptolemy/actor/lib/test/auto/ConfigurationSwitchSelectSDF2.xml (RunModel)" time="0.014" />
  <testcase classname="ptolemy.util.test.junit.AutoTests" name="[84] /home/travis/build/icyphy/ptII/ptolemy/actor/lib/test/auto/Const.xml (RunModel)" time="0.007" />
  <testcase classname="ptolemy.util.test.junit.AutoTests" name="[85] /home/travis/build/icyphy/ptII/ptolemy/actor/lib/test/auto/Const2.xml (RunModel)" time="0.011" />
  <testcase classname="ptolemy.util.test.junit.AutoTests" name="[86] /home/travis/build/icyphy/ptII/ptolemy/actor/lib/test/auto/Const3.xml (RunModel)" time="0.01" />
  <testcase classname="ptolemy.util.test.junit.AutoTests" name="[87] /home/travis/build/icyphy/ptII/ptolemy/actor/lib/test/auto/ConstantPublisherPort1.xml (RunModel)" time="0.02" />
  <testcase classname="ptolemy.util.test.junit.AutoTests" name="[88] /home/travis/build/icyphy/ptII/ptolemy/actor/lib/test/auto/ConstantPublisherPort2.xml (RunModel)" time="0.02" />
  <testcase classname="ptolemy.util.test.junit.AutoTests" name="[89] /home/travis/build/icyphy/ptII/ptolemy/actor/lib/test/auto/ConstantPublisherPort3.xml (RunModel)" time="0.022" />
  <testcase classname="ptolemy.util.test.junit.AutoTests" name="[90] /home/travis/build/icyphy/ptII/ptolemy/actor/lib/test/auto/ConstantPublisherPort4.xml (RunModel)" time="0.054" />
  <testcase classname="ptolemy.util.test.junit.AutoTests" name="[91] /home/travis/build/icyphy/ptII/ptolemy/actor/lib/test/auto/ConstantPublisherPort5.xml (RunModel)" time="0.03" />
  <testcase classname="ptolemy.util.test.junit.AutoTests" name="[92] /home/travis/build/icyphy/ptII/ptolemy/actor/lib/test/auto/ConstantPublisherPort6.xml (RunModel)" time="0.034" />
  <testcase classname="ptolemy.util.test.junit.AutoTests" name="[93] /home/travis/build/icyphy/ptII/ptolemy/actor/lib/test/auto/ConstantPublisherPort7.xml (RunModel)" time="0.034" />
  <testcase classname="ptolemy.util.test.junit.AutoTests" name="[94] /home/travis/build/icyphy/ptII/ptolemy/actor/lib/test/auto/ConstraintMonitor1.xml (RunModel)" time="0.03" />
  <testcase classname="ptolemy.util.test.junit.AutoTests" name="[95] /home/travis/build/icyphy/ptII/ptolemy/actor/lib/test/auto/ConstraintMonitor2.xml (RunModel)" time="0.011" />
  <testcase classname="ptolemy.util.test.junit.AutoTests" name="[96] /home/travis/build/icyphy/ptII/ptolemy/actor/lib/test/auto/ConstraintMonitor3.xml (RunModel)" time="0.013" />
  <testcase classname="ptolemy.util.test.junit.AutoTests" name="[97] /home/travis/build/icyphy/ptII/ptolemy/actor/lib/test/auto/ConstraintMonitor4.xml (RunModel)" time="0.015" />
  <testcase classname="ptolemy.util.test.junit.AutoTests" name="[98] /home/travis/build/icyphy/ptII/ptolemy/actor/lib/test/auto/ConstraintMonitor5.xml (RunModel)" time="0.012" />
  <testcase classname="ptolemy.util.test.junit.AutoTests" name="[99] /home/travis/build/icyphy/ptII/ptolemy/actor/lib/test/auto/ConstraintMonitor6.xml (RunModel)" time="0.023" />
  <testcase classname="ptolemy.util.test.junit.AutoTests" name="[100] /home/travis/build/icyphy/ptII/ptolemy/actor/lib/test/auto/ConstraintMonitor7.xml (RunModel)" time="0.017" />
  <testcase classname="ptolemy.util.test.junit.AutoTests" name="[101] /home/travis/build/icyphy/ptII/ptolemy/actor/lib/test/auto/ConstraintMonitor8.xml (RunModel)" time="0.015" />
  <testcase classname="ptolemy.util.test.junit.AutoTests" name="[102] /home/travis/build/icyphy/ptII/ptolemy/actor/lib/test/auto/Counter.xml (RunModel)" time="0.011" />
  <testcase classname="ptolemy.util.test.junit.AutoTests" name="[103] /home/travis/build/icyphy/ptII/ptolemy/actor/lib/test/auto/CurrentTimeSDF.xml (RunModel)" time="0.008" />
  <testcase classname="ptolemy.util.test.junit.AutoTests" name="[104] /home/travis/build/icyphy/ptII/ptolemy/actor/lib/test/auto/DB.xml (RunModel)" time="0.019" />
  <testcase classname="ptolemy.util.test.junit.AutoTests" name="[105] /home/travis/build/icyphy/ptII/ptolemy/actor/lib/test/auto/DBDE.xml (RunModel)" time="0.013" />
  <testcase classname="ptolemy.util.test.junit.AutoTests" name="[106] /home/travis/build/icyphy/ptII/ptolemy/actor/lib/test/auto/DateConstructor.xml (RunModel)" time="0.042" />
  <testcase classname="ptolemy.util.test.junit.AutoTests" name="[107] /home/travis/build/icyphy/ptII/ptolemy/actor/lib/test/auto/DelayTime.xml (RunModel)" time="0.012" />
  <testcase classname="ptolemy.util.test.junit.AutoTests" name="[108] /home/travis/build/icyphy/ptII/ptolemy/actor/lib/test/auto/Dictionary1.xml (RunModel)" time="0.016" />
  <testcase classname="ptolemy.util.test.junit.AutoTests" name="[109] /home/travis/build/icyphy/ptII/ptolemy/actor/lib/test/auto/Dictionary2.xml (RunModel)" time="0.012" />
  <testcase classname="ptolemy.util.test.junit.AutoTests" name="[110] /home/travis/build/icyphy/ptII/ptolemy/actor/lib/test/auto/Dictionary3.xml (RunModel)" time="0.015" />
  <testcase classname="ptolemy.util.test.junit.AutoTests" name="[111] /home/travis/build/icyphy/ptII/ptolemy/actor/lib/test/auto/Dictionary4.xml (RunModel)" time="0.016" />
  <testcase classname="ptolemy.util.test.junit.AutoTests" name="[112] /home/travis/build/icyphy/ptII/ptolemy/actor/lib/test/auto/Differential.xml (RunModel)" time="0.01" />
  <testcase classname="ptolemy.util.test.junit.AutoTests" name="[113] /home/travis/build/icyphy/ptII/ptolemy/actor/lib/test/auto/Director.xml (RunModel)" time="0.009" />
  <testcase classname="ptolemy.util.test.junit.AutoTests" name="[114] /home/travis/build/icyphy/ptII/ptolemy/actor/lib/test/auto/DiscreteClock.xml (RunModel)" time="0.009" />
  <testcase classname="ptolemy.util.test.junit.AutoTests" name="[115] /home/travis/build/icyphy/ptII/ptolemy/actor/lib/test/auto/DiscreteClock10.xml (RunModel)" time="0.012" />
  <testcase classname="ptolemy.util.test.junit.AutoTests" name="[116] /home/travis/build/icyphy/ptII/ptolemy/actor/lib/test/auto/DiscreteClock11.xml (RunModel)" time="0.012" />
  <testcase classname="ptolemy.util.test.junit.AutoTests" name="[117] /home/travis/build/icyphy/ptII/ptolemy/actor/lib/test/auto/DiscreteClock12.xml (RunModel)" time="0.012" />
  <testcase classname="ptolemy.util.test.junit.AutoTests" name="[118] /home/travis/build/icyphy/ptII/ptolemy/actor/lib/test/auto/DiscreteClock13.xml (RunModel)" time="0.016" />
  <testcase classname="ptolemy.util.test.junit.AutoTests" name="[119] /home/travis/build/icyphy/ptII/ptolemy/actor/lib/test/auto/DiscreteClock14.xml (RunModel)" time="0.016" />
  <testcase classname="ptolemy.util.test.junit.AutoTests" name="[120] /home/travis/build/icyphy/ptII/ptolemy/actor/lib/test/auto/DiscreteClock15.xml (RunModel)" time="0.016" />
  <testcase classname="ptolemy.util.test.junit.AutoTests" name="[121] /home/travis/build/icyphy/ptII/ptolemy/actor/lib/test/auto/DiscreteClock16.xml (RunModel)" time="0.037" />
  <testcase classname="ptolemy.util.test.junit.AutoTests" name="[122] /home/travis/build/icyphy/ptII/ptolemy/actor/lib/test/auto/DiscreteClock17.xml (RunModel)" time="0.037" />
  <testcase classname="ptolemy.util.test.junit.AutoTests" name="[123] /home/travis/build/icyphy/ptII/ptolemy/actor/lib/test/auto/DiscreteClock18.xml (RunModel)" time="0.034" />
  <testcase classname="ptolemy.util.test.junit.AutoTests" name="[124] /home/travis/build/icyphy/ptII/ptolemy/actor/lib/test/auto/DiscreteClock19.xml (RunModel)" time="0.036" />
  <testcase classname="ptolemy.util.test.junit.AutoTests" name="[125] /home/travis/build/icyphy/ptII/ptolemy/actor/lib/test/auto/DiscreteClock2.xml (RunModel)" time="0.016" />
  <testcase classname="ptolemy.util.test.junit.AutoTests" name="[126] /home/travis/build/icyphy/ptII/ptolemy/actor/lib/test/auto/DiscreteClock20.xml (RunModel)" time="0.021" />
  <testcase classname="ptolemy.util.test.junit.AutoTests" name="[127] /home/travis/build/icyphy/ptII/ptolemy/actor/lib/test/auto/DiscreteClock21.xml (RunModel)" time="0.019" />
  <testcase classname="ptolemy.util.test.junit.AutoTests" name="[128] /home/travis/build/icyphy/ptII/ptolemy/actor/lib/test/auto/DiscreteClock22.xml (RunModel)" time="0.018" />
  <testcase classname="ptolemy.util.test.junit.AutoTests" name="[129] /home/travis/build/icyphy/ptII/ptolemy/actor/lib/test/auto/DiscreteClock23.xml (RunModel)" time="0.022" />
  <testcase classname="ptolemy.util.test.junit.AutoTests" name="[130] /home/travis/build/icyphy/ptII/ptolemy/actor/lib/test/auto/DiscreteClock24.xml (RunModel)" time="0.554" />
  <testcase classname="ptolemy.util.test.junit.AutoTests" name="[131] /home/travis/build/icyphy/ptII/ptolemy/actor/lib/test/auto/DiscreteClock4.xml (RunModel)" time="0.01" />
  <testcase classname="ptolemy.util.test.junit.AutoTests" name="[132] /home/travis/build/icyphy/ptII/ptolemy/actor/lib/test/auto/DiscreteClock5.xml (RunModel)" time="0.01" />
  <testcase classname="ptolemy.util.test.junit.AutoTests" name="[133] /home/travis/build/icyphy/ptII/ptolemy/actor/lib/test/auto/DiscreteClock6.xml (RunModel)" time="0.011" />
  <testcase classname="ptolemy.util.test.junit.AutoTests" name="[134] /home/travis/build/icyphy/ptII/ptolemy/actor/lib/test/auto/DiscreteClock7.xml (RunModel)" time="0.009" />
  <testcase classname="ptolemy.util.test.junit.AutoTests" name="[135] /home/travis/build/icyphy/ptII/ptolemy/actor/lib/test/auto/DiscreteClock8.xml (RunModel)" time="0.013" />
  <testcase classname="ptolemy.util.test.junit.AutoTests" name="[136] /home/travis/build/icyphy/ptII/ptolemy/actor/lib/test/auto/DiscreteClock9.xml (RunModel)" time="0.01" />
  <testcase classname="ptolemy.util.test.junit.AutoTests" name="[137] /home/travis/build/icyphy/ptII/ptolemy/actor/lib/test/auto/DisplayArray.xml (RunModel)" time="0.017" />
  <testcase classname="ptolemy.util.test.junit.AutoTests" name="[138] /home/travis/build/icyphy/ptII/ptolemy/actor/lib/test/auto/Distributor.xml (RunModel)" time="0.012" />
  <testcase classname="ptolemy.util.test.junit.AutoTests" name="[139] /home/travis/build/icyphy/ptII/ptolemy/actor/lib/test/auto/Distributor2.xml (RunModel)" time="0.012" />
  <testcase classname="ptolemy.util.test.junit.AutoTests" name="[140] /home/travis/build/icyphy/ptII/ptolemy/actor/lib/test/auto/DownSample.xml (RunModel)" time="0.009" />
  <testcase classname="ptolemy.util.test.junit.AutoTests" name="[141] /home/travis/build/icyphy/ptII/ptolemy/actor/lib/test/auto/ElectronicUnitBase1.xml (RunModel)" time="0.067" />
  <testcase classname="ptolemy.util.test.junit.AutoTests" name="[142] /home/travis/build/icyphy/ptII/ptolemy/actor/lib/test/auto/ElementsToArray.xml (RunModel)" time="0.011" />
  <testcase classname="ptolemy.util.test.junit.AutoTests" name="[143] /home/travis/build/icyphy/ptII/ptolemy/actor/lib/test/auto/Equals.xml (RunModel)" time="0.02" />
  <testcase classname="ptolemy.util.test.junit.AutoTests" name="[144] /home/travis/build/icyphy/ptII/ptolemy/actor/lib/test/auto/Exec.xml (RunModel)" time="0.017" />
  <testcase classname="ptolemy.util.test.junit.AutoTests" name="[145] /home/travis/build/icyphy/ptII/ptolemy/actor/lib/test/auto/ExecEnvironment.xml (RunModel)" time="0.047" />
  <testcase classname="ptolemy.util.test.junit.AutoTests" name="[146] /home/travis/build/icyphy/ptII/ptolemy/actor/lib/test/auto/ExecNonZeroReturnOutput.xml (RunModel)" time="0.137" />
  <testcase classname="ptolemy.util.test.junit.AutoTests" name="[147] /home/travis/build/icyphy/ptII/ptolemy/actor/lib/test/auto/ExecRunDemos.xml (RunModel)" time="9.527" />
  <testcase classname="ptolemy.util.test.junit.AutoTests" name="[148] /home/travis/build/icyphy/ptII/ptolemy/actor/lib/test/auto/ExecStop.xml (RunModel)" time="5.025" />
  <testcase classname="ptolemy.util.test.junit.AutoTests" name="[149] /home/travis/build/icyphy/ptII/ptolemy/actor/lib/test/auto/ExecutionTimeSDF.xml (RunModel)" time="6.036" />
  <testcase classname="ptolemy.util.test.junit.AutoTests" name="[150] /home/travis/build/icyphy/ptII/ptolemy/actor/lib/test/auto/Expression1.xml (RunModel)" time="0.009" />
  <testcase classname="ptolemy.util.test.junit.AutoTests" name="[151] /home/travis/build/icyphy/ptII/ptolemy/actor/lib/test/auto/Expression10.xml (RunModel)" time="0.015" />
  <testcase classname="ptolemy.util.test.junit.AutoTests" name="[152] /home/travis/build/icyphy/ptII/ptolemy/actor/lib/test/auto/Expression11.xml (RunModel)" time="0.011" />
  <testcase classname="ptolemy.util.test.junit.AutoTests" name="[153] /home/travis/build/icyphy/ptII/ptolemy/actor/lib/test/auto/Expression12.xml (RunModel)" time="0.014" />
  <testcase classname="ptolemy.util.test.junit.AutoTests" name="[154] /home/travis/build/icyphy/ptII/ptolemy/actor/lib/test/auto/Expression13.xml (RunModel)" time="0.015" />
  <testcase classname="ptolemy.util.test.junit.AutoTests" name="[155] /home/travis/build/icyphy/ptII/ptolemy/actor/lib/test/auto/Expression14.xml (RunModel)" time="0.018" />
  <testcase classname="ptolemy.util.test.junit.AutoTests" name="[156] /home/travis/build/icyphy/ptII/ptolemy/actor/lib/test/auto/Expression15.xml (RunModel)" time="0.01" />
  <testcase classname="ptolemy.util.test.junit.AutoTests" name="[157] /home/travis/build/icyphy/ptII/ptolemy/actor/lib/test/auto/Expression16.xml (RunModel)" time="0.012" />
  <testcase classname="ptolemy.util.test.junit.AutoTests" name="[158] /home/travis/build/icyphy/ptII/ptolemy/actor/lib/test/auto/Expression17.xml (RunModel)" time="0.017" />
  <testcase classname="ptolemy.util.test.junit.AutoTests" name="[159] /home/travis/build/icyphy/ptII/ptolemy/actor/lib/test/auto/Expression18.xml (RunModel)" time="0.014" />
  <testcase classname="ptolemy.util.test.junit.AutoTests" name="[160] /home/travis/build/icyphy/ptII/ptolemy/actor/lib/test/auto/Expression2.xml (RunModel)" time="0.014" />
  <testcase classname="ptolemy.util.test.junit.AutoTests" name="[161] /home/travis/build/icyphy/ptII/ptolemy/actor/lib/test/auto/Expression3.xml (RunModel)" time="0.011" />
  <testcase classname="ptolemy.util.test.junit.AutoTests" name="[162] /home/travis/build/icyphy/ptII/ptolemy/actor/lib/test/auto/Expression4.xml (RunModel)" time="0.02" />
  <testcase classname="ptolemy.util.test.junit.AutoTests" name="[163] /home/travis/build/icyphy/ptII/ptolemy/actor/lib/test/auto/Expression5.xml (RunModel)" time="0.013" />
  <testcase classname="ptolemy.util.test.junit.AutoTests" name="[164] /home/travis/build/icyphy/ptII/ptolemy/actor/lib/test/auto/Expression6.xml (RunModel)" time="0.013" />
  <testcase classname="ptolemy.util.test.junit.AutoTests" name="[165] /home/travis/build/icyphy/ptII/ptolemy/actor/lib/test/auto/Expression7.xml (RunModel)" time="0.019" />
  <testcase classname="ptolemy.util.test.junit.AutoTests" name="[166] /home/travis/build/icyphy/ptII/ptolemy/actor/lib/test/auto/Expression8.xml (RunModel)" time="0.012" />
  <testcase classname="ptolemy.util.test.junit.AutoTests" name="[167] /home/travis/build/icyphy/ptII/ptolemy/actor/lib/test/auto/Expression9.xml (RunModel)" time="0.01" />
  <testcase classname="ptolemy.util.test.junit.AutoTests" name="[168] /home/travis/build/icyphy/ptII/ptolemy/actor/lib/test/auto/ExpressionConcatenateArrayType.xml (RunModel)" time="0.024" />
  <testcase classname="ptolemy.util.test.junit.AutoTests" name="[169] /home/travis/build/icyphy/ptII/ptolemy/actor/lib/test/auto/ExpressionConcatenateArrayType2.xml (RunModel)" time="0.023" />
  <testcase classname="ptolemy.util.test.junit.AutoTests" name="[170] /home/travis/build/icyphy/ptII/ptolemy/actor/lib/test/auto/ExpressionFix.xml (RunModel)" time="0.04" />
  <testcase classname="ptolemy.util.test.junit.AutoTests" name="[171] /home/travis/build/icyphy/ptII/ptolemy/actor/lib/test/auto/ExpressionFix2.xml (RunModel)" time="0.018" />
  <testcase classname="ptolemy.util.test.junit.AutoTests" name="[172] /home/travis/build/icyphy/ptII/ptolemy/actor/lib/test/auto/ExpressionFix3.xml (RunModel)" time="0.01" />
  <testcase classname="ptolemy.util.test.junit.AutoTests" name="[173] /home/travis/build/icyphy/ptII/ptolemy/actor/lib/test/auto/FileWriter1.xml (RunModel)" time="0.009" />
  <testcase classname="ptolemy.util.test.junit.AutoTests" name="[174] /home/travis/build/icyphy/ptII/ptolemy/actor/lib/test/auto/FileWriter2.xml (RunModel)" time="0.009" />
  <testcase classname="ptolemy.util.test.junit.AutoTests" name="[175] /home/travis/build/icyphy/ptII/ptolemy/actor/lib/test/auto/FileWriter3.xml (RunModel)" time="0.015" />
  <testcase classname="ptolemy.util.test.junit.AutoTests" name="[176] /home/travis/build/icyphy/ptII/ptolemy/actor/lib/test/auto/Gaussian.xml (RunModel)" time="0.01" />
  <testcase classname="ptolemy.util.test.junit.AutoTests" name="[177] /home/travis/build/icyphy/ptII/ptolemy/actor/lib/test/auto/Gaussian1.xml (RunModel)" time="0.013" />
  <testcase classname="ptolemy.util.test.junit.AutoTests" name="[178] /home/travis/build/icyphy/ptII/ptolemy/actor/lib/test/auto/Gaussian2.xml (RunModel)" time="0.017" />
  <testcase classname="ptolemy.util.test.junit.AutoTests" name="[179] /home/travis/build/icyphy/ptII/ptolemy/actor/lib/test/auto/GradientAdaptiveLattice.xml (RunModel)" time="0.014" />
  <testcase classname="ptolemy.util.test.junit.AutoTests" name="[180] /home/travis/build/icyphy/ptII/ptolemy/actor/lib/test/auto/IIR.xml (RunModel)" time="0.009" />
  <testcase classname="ptolemy.util.test.junit.AutoTests" name="[181] /home/travis/build/icyphy/ptII/ptolemy/actor/lib/test/auto/InputOutputTransparentPorts.xml (RunModel)" time="0.017" />
  <testcase classname="ptolemy.util.test.junit.AutoTests" name="[182] /home/travis/build/icyphy/ptII/ptolemy/actor/lib/test/auto/Interpolator.xml (RunModel)" time="0.011" />
  <testcase classname="ptolemy.util.test.junit.AutoTests" name="[183] /home/travis/build/icyphy/ptII/ptolemy/actor/lib/test/auto/InterpolatorFiringLimitDE.xml (RunModel)" time="0.012" />
  <testcase classname="ptolemy.util.test.junit.AutoTests" name="[184] /home/travis/build/icyphy/ptII/ptolemy/actor/lib/test/auto/Lattice.xml (RunModel)" time="0.011" />
  <testcase classname="ptolemy.util.test.junit.AutoTests" name="[185] /home/travis/build/icyphy/ptII/ptolemy/actor/lib/test/auto/LazyAOCTestLazy.xml (RunModel)" time="0.02" />
  <testcase classname="ptolemy.util.test.junit.AutoTests" name="[186] /home/travis/build/icyphy/ptII/ptolemy/actor/lib/test/auto/LazyAOCTestNonLazy.xml (RunModel)" time="0.043" />
  <testcase classname="ptolemy.util.test.junit.AutoTests" name="[187] /home/travis/build/icyphy/ptII/ptolemy/actor/lib/test/auto/LazyInnerClass.xml (RunModel)" time="0.047" />
  <testcase classname="ptolemy.util.test.junit.AutoTests" name="[188] /home/travis/build/icyphy/ptII/ptolemy/actor/lib/test/auto/LazyPubSub.xml (RunModel)" time="0.053" />
  <testcase classname="ptolemy.util.test.junit.AutoTests" name="[189] /home/travis/build/icyphy/ptII/ptolemy/actor/lib/test/auto/LazyPubSub2.xml (RunModel)" time="0.027" />
  <testcase classname="ptolemy.util.test.junit.AutoTests" name="[190] /home/travis/build/icyphy/ptII/ptolemy/actor/lib/test/auto/LazyPubSub3.xml (RunModel)" time="0.026" />
  <testcase classname="ptolemy.util.test.junit.AutoTests" name="[191] /home/travis/build/icyphy/ptII/ptolemy/actor/lib/test/auto/LazySubClassModel.xml (RunModel)" time="0.022" />
  <testcase classname="ptolemy.util.test.junit.AutoTests" name="[192] /home/travis/build/icyphy/ptII/ptolemy/actor/lib/test/auto/LevelCrossTest1.xml (RunModel)" time="0.009" />
  <testcase classname="ptolemy.util.test.junit.AutoTests" name="[193] /home/travis/build/icyphy/ptII/ptolemy/actor/lib/test/auto/LevelCrossTest10.xml (RunModel)" time="0.017" />
  <testcase classname="ptolemy.util.test.junit.AutoTests" name="[194] /home/travis/build/icyphy/ptII/ptolemy/actor/lib/test/auto/LevelCrossTest11.xml (RunModel)" time="0.012" />
  <testcase classname="ptolemy.util.test.junit.AutoTests" name="[195] /home/travis/build/icyphy/ptII/ptolemy/actor/lib/test/auto/LevelCrossTest12.xml (RunModel)" time="0.019" />
  <testcase classname="ptolemy.util.test.junit.AutoTests" name="[196] /home/travis/build/icyphy/ptII/ptolemy/actor/lib/test/auto/LevelCrossTest13.xml (RunModel)" time="0.013" />
  <testcase classname="ptolemy.util.test.junit.AutoTests" name="[197] /home/travis/build/icyphy/ptII/ptolemy/actor/lib/test/auto/LevelCrossTest2.xml (RunModel)" time="0.01" />
  <testcase classname="ptolemy.util.test.junit.AutoTests" name="[198] /home/travis/build/icyphy/ptII/ptolemy/actor/lib/test/auto/LevelCrossTest3.xml (RunModel)" time="0.012" />
  <testcase classname="ptolemy.util.test.junit.AutoTests" name="[199] /home/travis/build/icyphy/ptII/ptolemy/actor/lib/test/auto/LevelCrossTest4.xml (RunModel)" time="0.012" />
  <testcase classname="ptolemy.util.test.junit.AutoTests" name="[200] /home/travis/build/icyphy/ptII/ptolemy/actor/lib/test/auto/LevelCrossTest5.xml (RunModel)" time="0.016" />
  <testcase classname="ptolemy.util.test.junit.AutoTests" name="[201] /home/travis/build/icyphy/ptII/ptolemy/actor/lib/test/auto/LevelCrossTest6.xml (RunModel)" time="0.02" />
  <testcase classname="ptolemy.util.test.junit.AutoTests" name="[202] /home/travis/build/icyphy/ptII/ptolemy/actor/lib/test/auto/LevelCrossTest7.xml (RunModel)" time="0.015" />
  <testcase classname="ptolemy.util.test.junit.AutoTests" name="[203] /home/travis/build/icyphy/ptII/ptolemy/actor/lib/test/auto/LevelCrossTest8.xml (RunModel)" time="0.014" />
  <testcase classname="ptolemy.util.test.junit.AutoTests" name="[204] /home/travis/build/icyphy/ptII/ptolemy/actor/lib/test/auto/LevelCrossTest9.xml (RunModel)" time="0.015" />
  <testcase classname="ptolemy.util.test.junit.AutoTests" name="[205] /home/travis/build/icyphy/ptII/ptolemy/actor/lib/test/auto/LevinsonDurbin.xml (RunModel)" time="0.01" />
  <testcase classname="ptolemy.util.test.junit.AutoTests" name="[206] /home/travis/build/icyphy/ptII/ptolemy/actor/lib/test/auto/LevinsonDurbin2.xml (RunModel)" time="0.009" />
  <testcase classname="ptolemy.util.test.junit.AutoTests" name="[207] /home/travis/build/icyphy/ptII/ptolemy/actor/lib/test/auto/LevinsonDurbin3.xml (RunModel)" time="0.01" />
  <testcase classname="ptolemy.util.test.junit.AutoTests" name="[208] /home/travis/build/icyphy/ptII/ptolemy/actor/lib/test/auto/Limiter.xml (RunModel)" time="0.031" />
  <testcase classname="ptolemy.util.test.junit.AutoTests" name="[209] /home/travis/build/icyphy/ptII/ptolemy/actor/lib/test/auto/LinearDifferenceEquationSystem.xml (RunModel)" time="0.023" />
  <testcase classname="ptolemy.util.test.junit.AutoTests" name="[210] /home/travis/build/icyphy/ptII/ptolemy/actor/lib/test/auto/LookupTable.xml (RunModel)" time="0.022" />
  <testcase classname="ptolemy.util.test.junit.AutoTests" name="[211] /home/travis/build/icyphy/ptII/ptolemy/actor/lib/test/auto/MathFunction.xml (RunModel)" time="0.027" />
  <testcase classname="ptolemy.util.test.junit.AutoTests" name="[212] /home/travis/build/icyphy/ptII/ptolemy/actor/lib/test/auto/MathFunction2.xml (RunModel)" time="0.01" />
  <testcase classname="ptolemy.util.test.junit.AutoTests" name="[213] /home/travis/build/icyphy/ptII/ptolemy/actor/lib/test/auto/MathFunction3.xml (RunModel)" time="0.02" />
  <testcase classname="ptolemy.util.test.junit.AutoTests" name="[214] /home/travis/build/icyphy/ptII/ptolemy/actor/lib/test/auto/MatrixCropBoolean.xml (RunModel)" time="0.016" />
  <testcase classname="ptolemy.util.test.junit.AutoTests" name="[215] /home/travis/build/icyphy/ptII/ptolemy/actor/lib/test/auto/MatrixCropComplex.xml (RunModel)" time="0.009" />
  <testcase classname="ptolemy.util.test.junit.AutoTests" name="[216] /home/travis/build/icyphy/ptII/ptolemy/actor/lib/test/auto/MatrixCropDouble.xml (RunModel)" time="0.009" />
  <testcase classname="ptolemy.util.test.junit.AutoTests" name="[217] /home/travis/build/icyphy/ptII/ptolemy/actor/lib/test/auto/MatrixCropFix.xml (RunModel)" time="0.011" />
  <testcase classname="ptolemy.util.test.junit.AutoTests" name="[218] /home/travis/build/icyphy/ptII/ptolemy/actor/lib/test/auto/MatrixCropInt.xml (RunModel)" time="0.01" />
  <testcase classname="ptolemy.util.test.junit.AutoTests" name="[219] /home/travis/build/icyphy/ptII/ptolemy/actor/lib/test/auto/MatrixCropLong.xml (RunModel)" time="0.01" />
  <testcase classname="ptolemy.util.test.junit.AutoTests" name="[220] /home/travis/build/icyphy/ptII/ptolemy/actor/lib/test/auto/MatrixToArray.xml (RunModel)" time="0.068" />
  <testcase classname="ptolemy.util.test.junit.AutoTests" name="[221] /home/travis/build/icyphy/ptII/ptolemy/actor/lib/test/auto/MaxIndex.xml (RunModel)" time="0.012" />
  <testcase classname="ptolemy.util.test.junit.AutoTests" name="[222] /home/travis/build/icyphy/ptII/ptolemy/actor/lib/test/auto/Maximum.xml (RunModel)" time="0.016" />
  <testcase classname="ptolemy.util.test.junit.AutoTests" name="[223] /home/travis/build/icyphy/ptII/ptolemy/actor/lib/test/auto/MaximumComplex.xml (RunModel)" time="0.015" />
  <testcase classname="ptolemy.util.test.junit.AutoTests" name="[224] /home/travis/build/icyphy/ptII/ptolemy/actor/lib/test/auto/MethodCallTest.xml (RunModel)" time="0.023" />
  <testcase classname="ptolemy.util.test.junit.AutoTests" name="[225] /home/travis/build/icyphy/ptII/ptolemy/actor/lib/test/auto/Minimum.xml (RunModel)" time="0.016" />
  <testcase classname="ptolemy.util.test.junit.AutoTests" name="[226] /home/travis/build/icyphy/ptII/ptolemy/actor/lib/test/auto/MinimumComplex.xml (RunModel)" time="0.017" />
  <testcase classname="ptolemy.util.test.junit.AutoTests" name="[227] /home/travis/build/icyphy/ptII/ptolemy/actor/lib/test/auto/MinimumMultiports.xml (RunModel)" time="0.023" />
  <testcase classname="ptolemy.util.test.junit.AutoTests" name="[228] /home/travis/build/icyphy/ptII/ptolemy/actor/lib/test/auto/ModifyDate.xml (RunModel)" time="0.042" />
  <testcase classname="ptolemy.util.test.junit.AutoTests" name="[229] /home/travis/build/icyphy/ptII/ptolemy/actor/lib/test/auto/ModifyDate2.xml (RunModel)" time="0.034" />
  <testcase classname="ptolemy.util.test.junit.AutoTests" name="[230] /home/travis/build/icyphy/ptII/ptolemy/actor/lib/test/auto/MovingAverage.xml (RunModel)" time="0.014" />
  <testcase classname="ptolemy.util.test.junit.AutoTests" name="[231] /home/travis/build/icyphy/ptII/ptolemy/actor/lib/test/auto/MovingMaximum.xml (RunModel)" time="0.011" />
  <testcase classname="ptolemy.util.test.junit.AutoTests" name="[232] /home/travis/build/icyphy/ptII/ptolemy/actor/lib/test/auto/MultipleLinksToSameRelation.xml (RunModel)" time="0.007" />
  <testcase classname="ptolemy.util.test.junit.AutoTests" name="[233] /home/travis/build/icyphy/ptII/ptolemy/actor/lib/test/auto/MultipleLinksToSameRelationDE.xml (RunModel)" time="0.009" />
  <testcase classname="ptolemy.util.test.junit.AutoTests" name="[234] /home/travis/build/icyphy/ptII/ptolemy/actor/lib/test/auto/Multiplexor.xml (RunModel)" time="0.012" />
  <testcase classname="ptolemy.util.test.junit.AutoTests" name="[235] /home/travis/build/icyphy/ptII/ptolemy/actor/lib/test/auto/Multiplexor1.xml (RunModel)" time="0.015" />
  <testcase classname="ptolemy.util.test.junit.AutoTests" name="[236] /home/travis/build/icyphy/ptII/ptolemy/actor/lib/test/auto/Multiplexor2.xml (RunModel)" time="0.015" />
  <testcase classname="ptolemy.util.test.junit.AutoTests" name="[237] /home/travis/build/icyphy/ptII/ptolemy/actor/lib/test/auto/Multiplexor3.xml (RunModel)" time="0.008" />
  <testcase classname="ptolemy.util.test.junit.AutoTests" name="[238] /home/travis/build/icyphy/ptII/ptolemy/actor/lib/test/auto/MultiplexorDE.xml (RunModel)" time="0.023" />
  <testcase classname="ptolemy.util.test.junit.AutoTests" name="[239] /home/travis/build/icyphy/ptII/ptolemy/actor/lib/test/auto/MultiportBroadcastTest.xml (RunModel)" time="0.09" />
  <testcase classname="ptolemy.util.test.junit.AutoTests" name="[240] /home/travis/build/icyphy/ptII/ptolemy/actor/lib/test/auto/MultiportOutHangDuringGetWidth.xml (RunModel)" time="0.037" />
  <testcase classname="ptolemy.util.test.junit.AutoTests" name="[241] /home/travis/build/icyphy/ptII/ptolemy/actor/lib/test/auto/NilToken.xml (RunModel)" time="0.016" />
  <testcase classname="ptolemy.util.test.junit.AutoTests" name="[242] /home/travis/build/icyphy/ptII/ptolemy/actor/lib/test/auto/NilTokenNonStrictTest.xml (RunModel)" time="0.014" />
  <testcase classname="ptolemy.util.test.junit.AutoTests" name="[243] /home/travis/build/icyphy/ptII/ptolemy/actor/lib/test/auto/NilTokenRecord.xml (RunModel)" time="0.023" />
  <testcase classname="ptolemy.util.test.junit.AutoTests" name="[244] /home/travis/build/icyphy/ptII/ptolemy/actor/lib/test/auto/NilTokenTypeTest.xml (RunModel)" time="0.038" />
  <testcase classname="ptolemy.util.test.junit.AutoTests" name="[245] /home/travis/build/icyphy/ptII/ptolemy/actor/lib/test/auto/ObjectToken1.xml (RunModel)" time="0.015" />
  <testcase classname="ptolemy.util.test.junit.AutoTests" name="[246] /home/travis/build/icyphy/ptII/ptolemy/actor/lib/test/auto/OrderedMerge.xml (RunModel)" time="0.017" />
  <testcase classname="ptolemy.util.test.junit.AutoTests" name="[247] /home/travis/build/icyphy/ptII/ptolemy/actor/lib/test/auto/OrderedRecordDisassembler.xml (RunModel)" time="0.015" />
  <testcase classname="ptolemy.util.test.junit.AutoTests" name="[248] /home/travis/build/icyphy/ptII/ptolemy/actor/lib/test/auto/OrderedRecordDisassembler2.xml (RunModel)" time="0.028" />
  <testcase classname="ptolemy.util.test.junit.AutoTests" name="[249] /home/travis/build/icyphy/ptII/ptolemy/actor/lib/test/auto/OrderedRecordUpdater.xml (RunModel)" time="0.018" />
  <testcase classname="ptolemy.util.test.junit.AutoTests" name="[250] /home/travis/build/icyphy/ptII/ptolemy/actor/lib/test/auto/OrderedRecordUpdater2.xml (RunModel)" time="0.023" />
  <testcase classname="ptolemy.util.test.junit.AutoTests" name="[251] /home/travis/build/icyphy/ptII/ptolemy/actor/lib/test/auto/PhaseUnwrap.xml (RunModel)" time="0.012" />
  <testcase classname="ptolemy.util.test.junit.AutoTests" name="[252] /home/travis/build/icyphy/ptII/ptolemy/actor/lib/test/auto/PoissonClock.xml (RunModel)" time="0.015" />
  <testcase classname="ptolemy.util.test.junit.AutoTests" name="[253] /home/travis/build/icyphy/ptII/ptolemy/actor/lib/test/auto/PoissonClock2.xml (RunModel)" time="0.011" />
  <testcase classname="ptolemy.util.test.junit.AutoTests" name="[254] /home/travis/build/icyphy/ptII/ptolemy/actor/lib/test/auto/PoissonClock3.xml (RunModel)" time="0.014" />
  <testcase classname="ptolemy.util.test.junit.AutoTests" name="[255] /home/travis/build/icyphy/ptII/ptolemy/actor/lib/test/auto/PubSubWithInitialTokens.xml (RunModel)" time="0.015" />
  <testcase classname="ptolemy.util.test.junit.AutoTests" name="[256] /home/travis/build/icyphy/ptII/ptolemy/actor/lib/test/auto/PubSubWithInitialTokens2.xml (RunModel)" time="0.011" />
  <testcase classname="ptolemy.util.test.junit.AutoTests" name="[257] /home/travis/build/icyphy/ptII/ptolemy/actor/lib/test/auto/PublisherClassNoParameter.xml (RunModel)" time="0.026" />
  <testcase classname="ptolemy.util.test.junit.AutoTests" name="[258] /home/travis/build/icyphy/ptII/ptolemy/actor/lib/test/auto/PublisherClassParameter.xml (RunModel)" time="0.025" />
  <testcase classname="ptolemy.util.test.junit.AutoTests" name="[259] /home/travis/build/icyphy/ptII/ptolemy/actor/lib/test/auto/PublisherNonStrictTest.xml (RunModel)" time="0.018" />
  <testcase classname="ptolemy.util.test.junit.AutoTests" name="[260] /home/travis/build/icyphy/ptII/ptolemy/actor/lib/test/auto/PublisherPort1.xml (RunModel)" time="0.011" />
  <testcase classname="ptolemy.util.test.junit.AutoTests" name="[261] /home/travis/build/icyphy/ptII/ptolemy/actor/lib/test/auto/PublisherPort2.xml (RunModel)" time="0.009" />
  <testcase classname="ptolemy.util.test.junit.AutoTests" name="[262] /home/travis/build/icyphy/ptII/ptolemy/actor/lib/test/auto/PublisherPort3.xml (RunModel)" time="0.02" />
  <testcase classname="ptolemy.util.test.junit.AutoTests" name="[263] /home/travis/build/icyphy/ptII/ptolemy/actor/lib/test/auto/PublisherPort4.xml (RunModel)" time="0.022" />
  <testcase classname="ptolemy.util.test.junit.AutoTests" name="[264] /home/travis/build/icyphy/ptII/ptolemy/actor/lib/test/auto/PublisherPort5.xml (RunModel)" time="0.015" />
  <testcase classname="ptolemy.util.test.junit.AutoTests" name="[265] /home/travis/build/icyphy/ptII/ptolemy/actor/lib/test/auto/PublisherPort5LookAlike.xml (RunModel)" time="0.019" />
  <testcase classname="ptolemy.util.test.junit.AutoTests" name="[266] /home/travis/build/icyphy/ptII/ptolemy/actor/lib/test/auto/PublisherPort6.xml (RunModel)" time="0.013" />
  <testcase classname="ptolemy.util.test.junit.AutoTests" name="[267] /home/travis/build/icyphy/ptII/ptolemy/actor/lib/test/auto/PublisherPort7.xml (RunModel)" time="0.016" />
  <testcase classname="ptolemy.util.test.junit.AutoTests" name="[268] /home/travis/build/icyphy/ptII/ptolemy/actor/lib/test/auto/PublisherPort8.xml (RunModel)" time="0.017" />
  <testcase classname="ptolemy.util.test.junit.AutoTests" name="[269] /home/travis/build/icyphy/ptII/ptolemy/actor/lib/test/auto/PublisherPortSubscriberChannelVariablesAOC2.xml (RunModel)" time="0.035" />
  <testcase classname="ptolemy.util.test.junit.AutoTests" name="[270] /home/travis/build/icyphy/ptII/ptolemy/actor/lib/test/auto/PublisherPortSubscriberOpaqueWidthInference.xml (RunModel)" time="0.014" />
  <testcase classname="ptolemy.util.test.junit.AutoTests" name="[271] /home/travis/build/icyphy/ptII/ptolemy/actor/lib/test/auto/PublisherPortSubscriberPortAdjacent.xml (RunModel)" time="0.022" />
  <testcase classname="ptolemy.util.test.junit.AutoTests" name="[272] /home/travis/build/icyphy/ptII/ptolemy/actor/lib/test/auto/PublisherPortSubscriberPortExpression.xml (RunModel)" time="0.016" />
  <testcase classname="ptolemy.util.test.junit.AutoTests" name="[273] /home/travis/build/icyphy/ptII/ptolemy/actor/lib/test/auto/PublisherPortSubscriberPortOpaqueD3Reverse.xml (RunModel)" time="0.018" />
  <testcase classname="ptolemy.util.test.junit.AutoTests" name="[274] /home/travis/build/icyphy/ptII/ptolemy/actor/lib/test/auto/PublisherPortSubscriberPortOpaqueWidthInference.xml (RunModel)" time="0.014" />
  <testcase classname="ptolemy.util.test.junit.AutoTests" name="[275] /home/travis/build/icyphy/ptII/ptolemy/actor/lib/test/auto/PublisherPortToplevelSubscriberPortAOC.xml (RunModel)" time="0.01" />
  <testcase classname="ptolemy.util.test.junit.AutoTests" name="[276] /home/travis/build/icyphy/ptII/ptolemy/actor/lib/test/auto/PublisherSubscriber.xml (RunModel)" time="0.015" />
  <testcase classname="ptolemy.util.test.junit.AutoTests" name="[277] /home/travis/build/icyphy/ptII/ptolemy/actor/lib/test/auto/PublisherSubscriber10.xml (RunModel)" time="0.028" />
  <testcase classname="ptolemy.util.test.junit.AutoTests" name="[278] /home/travis/build/icyphy/ptII/ptolemy/actor/lib/test/auto/PublisherSubscriber10InitialOutputs.xml (RunModel)" time="0.018" />
  <testcase classname="ptolemy.util.test.junit.AutoTests" name="[279] /home/travis/build/icyphy/ptII/ptolemy/actor/lib/test/auto/PublisherSubscriber11.xml (RunModel)" time="0.025" />
  <testcase classname="ptolemy.util.test.junit.AutoTests" name="[280] /home/travis/build/icyphy/ptII/ptolemy/actor/lib/test/auto/PublisherSubscriber12.xml (RunModel)" time="0.014" />
  <testcase classname="ptolemy.util.test.junit.AutoTests" name="[281] /home/travis/build/icyphy/ptII/ptolemy/actor/lib/test/auto/PublisherSubscriber13.xml (RunModel)" time="0.018" />
  <testcase classname="ptolemy.util.test.junit.AutoTests" name="[282] /home/travis/build/icyphy/ptII/ptolemy/actor/lib/test/auto/PublisherSubscriber14.xml (RunModel)" time="0.027" />
  <testcase classname="ptolemy.util.test.junit.AutoTests" name="[283] /home/travis/build/icyphy/ptII/ptolemy/actor/lib/test/auto/PublisherSubscriber2.xml (RunModel)" time="0.012" />
  <testcase classname="ptolemy.util.test.junit.AutoTests" name="[284] /home/travis/build/icyphy/ptII/ptolemy/actor/lib/test/auto/PublisherSubscriber3.xml (RunModel)" time="0.009" />
  <testcase classname="ptolemy.util.test.junit.AutoTests" name="[285] /home/travis/build/icyphy/ptII/ptolemy/actor/lib/test/auto/PublisherSubscriber4.xml (RunModel)" time="0.008" />
  <testcase classname="ptolemy.util.test.junit.AutoTests" name="[286] /home/travis/build/icyphy/ptII/ptolemy/actor/lib/test/auto/PublisherSubscriber5.xml (RunModel)" time="0.011" />
  <testcase classname="ptolemy.util.test.junit.AutoTests" name="[287] /home/travis/build/icyphy/ptII/ptolemy/actor/lib/test/auto/PublisherSubscriber6.xml (RunModel)" time="0.014" />
  <testcase classname="ptolemy.util.test.junit.AutoTests" name="[288] /home/travis/build/icyphy/ptII/ptolemy/actor/lib/test/auto/PublisherSubscriber7.xml (RunModel)" time="0.021" />
  <testcase classname="ptolemy.util.test.junit.AutoTests" name="[289] /home/travis/build/icyphy/ptII/ptolemy/actor/lib/test/auto/PublisherSubscriber8.xml (RunModel)" time="0.031" />
  <testcase classname="ptolemy.util.test.junit.AutoTests" name="[290] /home/travis/build/icyphy/ptII/ptolemy/actor/lib/test/auto/PublisherSubscriber9.xml (RunModel)" time="0.014" />
  <testcase classname="ptolemy.util.test.junit.AutoTests" name="[291] /home/travis/build/icyphy/ptII/ptolemy/actor/lib/test/auto/PublisherSubscriberAdjacent.xml (RunModel)" time="0.017" />
  <testcase classname="ptolemy.util.test.junit.AutoTests" name="[292] /home/travis/build/icyphy/ptII/ptolemy/actor/lib/test/auto/PublisherSubscriberChannelVariablesAOC2.xml (RunModel)" time="0.027" />
  <testcase classname="ptolemy.util.test.junit.AutoTests" name="[293] /home/travis/build/icyphy/ptII/ptolemy/actor/lib/test/auto/PublisherSubscriberD3.xml (RunModel)" time="0.013" />
  <testcase classname="ptolemy.util.test.junit.AutoTests" name="[294] /home/travis/build/icyphy/ptII/ptolemy/actor/lib/test/auto/PublisherSubscriberD3Reverse.xml (RunModel)" time="0.011" />
  <testcase classname="ptolemy.util.test.junit.AutoTests" name="[295] /home/travis/build/icyphy/ptII/ptolemy/actor/lib/test/auto/PublisherSubscriberExpression.xml (RunModel)" time="0.017" />
  <testcase classname="ptolemy.util.test.junit.AutoTests" name="[296] /home/travis/build/icyphy/ptII/ptolemy/actor/lib/test/auto/PublisherSubscriberOpaque.xml (RunModel)" time="0.034" />
  <testcase classname="ptolemy.util.test.junit.AutoTests" name="[297] /home/travis/build/icyphy/ptII/ptolemy/actor/lib/test/auto/PublisherSubscriberOpaqueD3.xml (RunModel)" time="0.022" />
  <testcase classname="ptolemy.util.test.junit.AutoTests" name="[298] /home/travis/build/icyphy/ptII/ptolemy/actor/lib/test/auto/PublisherSubscriberOpaqueD3Reverse.xml (RunModel)" time="0.035" />
  <testcase classname="ptolemy.util.test.junit.AutoTests" name="[299] /home/travis/build/icyphy/ptII/ptolemy/actor/lib/test/auto/PublisherSubscriberOpaqueWidthInference.xml (RunModel)" time="0.028" />
  <testcase classname="ptolemy.util.test.junit.AutoTests" name="[300] /home/travis/build/icyphy/ptII/ptolemy/actor/lib/test/auto/PublisherTestSubscriber.xml (RunModel)" time="0.015" />
  <testcase classname="ptolemy.util.test.junit.AutoTests" name="[301] /home/travis/build/icyphy/ptII/ptolemy/actor/lib/test/auto/PublisherToplevelSubscriberPortAOC.xml (RunModel)" time="0.011" />
  <testcase classname="ptolemy.util.test.junit.AutoTests" name="[302] /home/travis/build/icyphy/ptII/ptolemy/actor/lib/test/auto/PulseFiringLimitDE.xml (RunModel)" time="0.018" />
  <testcase classname="ptolemy.util.test.junit.AutoTests" name="[303] /home/travis/build/icyphy/ptII/ptolemy/actor/lib/test/auto/Ramp1.xml (RunModel)" time="0.007" />
  <testcase classname="ptolemy.util.test.junit.AutoTests" name="[304] /home/travis/build/icyphy/ptII/ptolemy/actor/lib/test/auto/RampFiringLimitDE.xml (RunModel)" time="0.01" />
  <testcase classname="ptolemy.util.test.junit.AutoTests" name="[305] /home/travis/build/icyphy/ptII/ptolemy/actor/lib/test/auto/RampFiringLimitSDF.xml (RunModel)" time="0.012" />
  <testcase classname="ptolemy.util.test.junit.AutoTests" name="[306] /home/travis/build/icyphy/ptII/ptolemy/actor/lib/test/auto/RandomInteger.xml (RunModel)" time="0.008" />
  <testcase classname="ptolemy.util.test.junit.AutoTests" name="[307] /home/travis/build/icyphy/ptII/ptolemy/actor/lib/test/auto/ReadFile1.xml (RunModel)" time="0.008" />
  <testcase classname="ptolemy.util.test.junit.AutoTests" name="[308] /home/travis/build/icyphy/ptII/ptolemy/actor/lib/test/auto/ReadFile2.xml (RunModel)" time="0.012" />
  <testcase classname="ptolemy.util.test.junit.AutoTests" name="[309] /home/travis/build/icyphy/ptII/ptolemy/actor/lib/test/auto/Reader.xml (RunModel)" time="0.009" />
  <testcase classname="ptolemy.util.test.junit.AutoTests" name="[310] /home/travis/build/icyphy/ptII/ptolemy/actor/lib/test/auto/RecordAssemblerDisplayNameTest.xml (RunModel)" time="2.89" />
  <testcase classname="ptolemy.util.test.junit.AutoTests" name="[311] /home/travis/build/icyphy/ptII/ptolemy/actor/lib/test/auto/RecordAssemblerTypeError.xml (RunModel)" time="0.037" />
  <testcase classname="ptolemy.util.test.junit.AutoTests" name="[312] /home/travis/build/icyphy/ptII/ptolemy/actor/lib/test/auto/RecordDisassember.xml (RunModel)" time="0.013" />
  <testcase classname="ptolemy.util.test.junit.AutoTests" name="[313] /home/travis/build/icyphy/ptII/ptolemy/actor/lib/test/auto/RecordDisassemberDisplayNameTest.xml (RunModel)" time="0.021" />
  <testcase classname="ptolemy.util.test.junit.AutoTests" name="[314] /home/travis/build/icyphy/ptII/ptolemy/actor/lib/test/auto/RecordDisassembler.xml (RunModel)" time="0.011" />
  <testcase classname="ptolemy.util.test.junit.AutoTests" name="[315] /home/travis/build/icyphy/ptII/ptolemy/actor/lib/test/auto/RecordDisassembler2.xml (RunModel)" time="0.011" />
  <testcase classname="ptolemy.util.test.junit.AutoTests" name="[316] /home/travis/build/icyphy/ptII/ptolemy/actor/lib/test/auto/RecordUpdater.xml (RunModel)" time="0.009" />
  <testcase classname="ptolemy.util.test.junit.AutoTests" name="[317] /home/travis/build/icyphy/ptII/ptolemy/actor/lib/test/auto/RecordUpdater2.xml (RunModel)" time="0.012" />
  <testcase classname="ptolemy.util.test.junit.AutoTests" name="[318] /home/travis/build/icyphy/ptII/ptolemy/actor/lib/test/auto/RecursiveLattice.xml (RunModel)" time="0.009" />
  <testcase classname="ptolemy.util.test.junit.AutoTests" name="[319] /home/travis/build/icyphy/ptII/ptolemy/actor/lib/test/auto/Router.xml (RunModel)" time="3.024" />
  <testcase classname="ptolemy.util.test.junit.AutoTests" name="[320] /home/travis/build/icyphy/ptII/ptolemy/actor/lib/test/auto/Router2.xml (RunModel)" time="3.028" />
  <testcase classname="ptolemy.util.test.junit.AutoTests" name="[321] /home/travis/build/icyphy/ptII/ptolemy/actor/lib/test/auto/RunningMaximum.xml (RunModel)" time="0.014" />
  <testcase classname="ptolemy.util.test.junit.AutoTests" name="[322] /home/travis/build/icyphy/ptII/ptolemy/actor/lib/test/auto/RunningMinimum.xml (RunModel)" time="0.013" />
  <testcase classname="ptolemy.util.test.junit.AutoTests" name="[323] /home/travis/build/icyphy/ptII/ptolemy/actor/lib/test/auto/Scale.xml (RunModel)" time="0.008" />
  <testcase classname="ptolemy.util.test.junit.AutoTests" name="[324] /home/travis/build/icyphy/ptII/ptolemy/actor/lib/test/auto/Scale2.xml (RunModel)" time="0.009" />
  <testcase classname="ptolemy.util.test.junit.AutoTests" name="[325] /home/travis/build/icyphy/ptII/ptolemy/actor/lib/test/auto/Scale3.xml (RunModel)" time="0.019" />
  <testcase classname="ptolemy.util.test.junit.AutoTests" name="[326] /home/travis/build/icyphy/ptII/ptolemy/actor/lib/test/auto/ScaleArray.xml (RunModel)" time="0.008" />
  <testcase classname="ptolemy.util.test.junit.AutoTests" name="[327] /home/travis/build/icyphy/ptII/ptolemy/actor/lib/test/auto/ScaleArray2.xml (RunModel)" time="0.009" />
  <testcase classname="ptolemy.util.test.junit.AutoTests" name="[328] /home/travis/build/icyphy/ptII/ptolemy/actor/lib/test/auto/ScaleMatrix.xml (RunModel)" time="0.105" />
  <testcase classname="ptolemy.util.test.junit.AutoTests" name="[329] /home/travis/build/icyphy/ptII/ptolemy/actor/lib/test/auto/Select.xml (RunModel)" time="0.016" />
  <testcase classname="ptolemy.util.test.junit.AutoTests" name="[330] /home/travis/build/icyphy/ptII/ptolemy/actor/lib/test/auto/Select2.xml (RunModel)" time="0.009" />
  <testcase classname="ptolemy.util.test.junit.AutoTests" name="[331] /home/travis/build/icyphy/ptII/ptolemy/actor/lib/test/auto/SequenceToArray2.xml (RunModel)" time="0.118" />
  <testcase classname="ptolemy.util.test.junit.AutoTests" name="[332] /home/travis/build/icyphy/ptII/ptolemy/actor/lib/test/auto/SequentialClock.xml (RunModel)" time="0.01" />
  <testcase classname="ptolemy.util.test.junit.AutoTests" name="[333] /home/travis/build/icyphy/ptII/ptolemy/actor/lib/test/auto/SetVariable.xml (RunModel)" time="0.034" />
  <testcase classname="ptolemy.util.test.junit.AutoTests" name="[334] /home/travis/build/icyphy/ptII/ptolemy/actor/lib/test/auto/SetVariable2.xml (RunModel)" time="0.014" />
  <testcase classname="ptolemy.util.test.junit.AutoTests" name="[335] /home/travis/build/icyphy/ptII/ptolemy/actor/lib/test/auto/SetVariable3.xml (RunModel)" time="0.019" />
  <testcase classname="ptolemy.util.test.junit.AutoTests" name="[336] /home/travis/build/icyphy/ptII/ptolemy/actor/lib/test/auto/SetVariable4.xml (RunModel)" time="0.027" />
  <testcase classname="ptolemy.util.test.junit.AutoTests" name="[337] /home/travis/build/icyphy/ptII/ptolemy/actor/lib/test/auto/SetVariable5.xml (RunModel)" time="0.025" />
  <testcase classname="ptolemy.util.test.junit.AutoTests" name="[338] /home/travis/build/icyphy/ptII/ptolemy/actor/lib/test/auto/Sinewave.xml (RunModel)" time="0.035" />
  <testcase classname="ptolemy.util.test.junit.AutoTests" name="[339] /home/travis/build/icyphy/ptII/ptolemy/actor/lib/test/auto/Sinewave2.xml (RunModel)" time="0.019" />
  <testcase classname="ptolemy.util.test.junit.AutoTests" name="[340] /home/travis/build/icyphy/ptII/ptolemy/actor/lib/test/auto/Sinewave3.xml (RunModel)" time="0.018" />
  <testcase classname="ptolemy.util.test.junit.AutoTests" name="[341] /home/travis/build/icyphy/ptII/ptolemy/actor/lib/test/auto/SingleEvent.xml (RunModel)" time="0.007" />
  <testcase classname="ptolemy.util.test.junit.AutoTests" name="[342] /home/travis/build/icyphy/ptII/ptolemy/actor/lib/test/auto/Sleep.xml (RunModel)" time="6.014" />
  <testcase classname="ptolemy.util.test.junit.AutoTests" name="[343] /home/travis/build/icyphy/ptII/ptolemy/actor/lib/test/auto/SleepMultipleFire.xml (RunModel)" time="1.017" />
  <testcase classname="ptolemy.util.test.junit.AutoTests" name="[344] /home/travis/build/icyphy/ptII/ptolemy/actor/lib/test/auto/StopDE.xml (RunModel)" time="0.013" />
  <testcase classname="ptolemy.util.test.junit.AutoTests" name="[345] /home/travis/build/icyphy/ptII/ptolemy/actor/lib/test/auto/StopSDF.xml (RunModel)" time="0.013" />
  <testcase classname="ptolemy.util.test.junit.AutoTests" name="[346] /home/travis/build/icyphy/ptII/ptolemy/actor/lib/test/auto/StringConstant.xml (RunModel)" time="0.009" />
  <testcase classname="ptolemy.util.test.junit.AutoTests" name="[347] /home/travis/build/icyphy/ptII/ptolemy/actor/lib/test/auto/SubscriberPortInitialValues1.xml (RunModel)" time="0.017" />
  <testcase classname="ptolemy.util.test.junit.AutoTests" name="[348] /home/travis/build/icyphy/ptII/ptolemy/actor/lib/test/auto/SubscriberPortInitialValues13.xml (RunModel)" time="0.021" />
  <testcase classname="ptolemy.util.test.junit.AutoTests" name="[349] /home/travis/build/icyphy/ptII/ptolemy/actor/lib/test/auto/SubscriberPortInitialValues14.xml (RunModel)" time="0.014" />
  <testcase classname="ptolemy.util.test.junit.AutoTests" name="[350] /home/travis/build/icyphy/ptII/ptolemy/actor/lib/test/auto/SubscriberPortInitialValues2.xml (RunModel)" time="0.015" />
  <testcase classname="ptolemy.util.test.junit.AutoTests" name="[351] /home/travis/build/icyphy/ptII/ptolemy/actor/lib/test/auto/SubscriberPortInitialValues3.xml (RunModel)" time="0.02" />
  <testcase classname="ptolemy.util.test.junit.AutoTests" name="[352] /home/travis/build/icyphy/ptII/ptolemy/actor/lib/test/auto/SubscriptionAggregator.xml (RunModel)" time="0.012" />
  <testcase classname="ptolemy.util.test.junit.AutoTests" name="[353] /home/travis/build/icyphy/ptII/ptolemy/actor/lib/test/auto/SubscriptionAggregator2.xml (RunModel)" time="0.011" />
  <testcase classname="ptolemy.util.test.junit.AutoTests" name="[354] /home/travis/build/icyphy/ptII/ptolemy/actor/lib/test/auto/SubscriptionAggregator3.xml (RunModel)" time="0.015" />
  <testcase classname="ptolemy.util.test.junit.AutoTests" name="[355] /home/travis/build/icyphy/ptII/ptolemy/actor/lib/test/auto/SubscriptionAggregatorMultiply.xml (RunModel)" time="0.019" />
  <testcase classname="ptolemy.util.test.junit.AutoTests" name="[356] /home/travis/build/icyphy/ptII/ptolemy/actor/lib/test/auto/SubscriptionAggregatorPortMultiply1.xml (RunModel)" time="0.015" />
  <testcase classname="ptolemy.util.test.junit.AutoTests" name="[357] /home/travis/build/icyphy/ptII/ptolemy/actor/lib/test/auto/Switch.xml (RunModel)" time="0.017" />
  <testcase classname="ptolemy.util.test.junit.AutoTests" name="[358] /home/travis/build/icyphy/ptII/ptolemy/actor/lib/test/auto/Switch2.xml (RunModel)" time="0.014" />
  <testcase classname="ptolemy.util.test.junit.AutoTests" name="[359] /home/travis/build/icyphy/ptII/ptolemy/actor/lib/test/auto/SwitchDE.xml (RunModel)" time="0.02" />
  <testcase classname="ptolemy.util.test.junit.AutoTests" name="[360] /home/travis/build/icyphy/ptII/ptolemy/actor/lib/test/auto/SynchronizerDE.xml (RunModel)" time="0.03" />
  <testcase classname="ptolemy.util.test.junit.AutoTests" name="[361] /home/travis/build/icyphy/ptII/ptolemy/actor/lib/test/auto/Test.xml (RunModel)" time="0.02" />
  <testcase classname="ptolemy.util.test.junit.AutoTests" name="[362] /home/travis/build/icyphy/ptII/ptolemy/actor/lib/test/auto/TestExceptionAttribute1.xml (RunModel)" time="0.006" />
  <testcase classname="ptolemy.util.test.junit.AutoTests" name="[363] /home/travis/build/icyphy/ptII/ptolemy/actor/lib/test/auto/TestExceptionAttribute2.xml (RunModel)" time="0.006" />
  <testcase classname="ptolemy.util.test.junit.AutoTests" name="[364] /home/travis/build/icyphy/ptII/ptolemy/actor/lib/test/auto/TestExceptionAttribute3.xml (RunModel)" time="0.006" />
  <testcase classname="ptolemy.util.test.junit.AutoTests" name="[365] /home/travis/build/icyphy/ptII/ptolemy/actor/lib/test/auto/TestExceptionAttribute4.xml (RunModel)" time="0.006" />
  <testcase classname="ptolemy.util.test.junit.AutoTests" name="[366] /home/travis/build/icyphy/ptII/ptolemy/actor/lib/test/auto/TestExceptionHandler1.xml (RunModel)" time="0.006" />
  <testcase classname="ptolemy.util.test.junit.AutoTests" name="[367] /home/travis/build/icyphy/ptII/ptolemy/actor/lib/test/auto/TestExceptionHandler2.xml (RunModel)" time="0.006" />
  <testcase classname="ptolemy.util.test.junit.AutoTests" name="[368] /home/travis/build/icyphy/ptII/ptolemy/actor/lib/test/auto/TestExceptionHandler3.xml (RunModel)" time="0.006" />
  <testcase classname="ptolemy.util.test.junit.AutoTests" name="[369] /home/travis/build/icyphy/ptII/ptolemy/actor/lib/test/auto/TestExceptionHandler4.xml (RunModel)" time="0.007" />
  <testcase classname="ptolemy.util.test.junit.AutoTests" name="[370] /home/travis/build/icyphy/ptII/ptolemy/actor/lib/test/auto/TestRequireCorrectOrder.xml (RunModel)" time="0.009" />
  <testcase classname="ptolemy.util.test.junit.AutoTests" name="[371] /home/travis/build/icyphy/ptII/ptolemy/actor/lib/test/auto/TestSimple.xml (RunModel)" time="0.007" />
  <testcase classname="ptolemy.util.test.junit.AutoTests" name="[372] /home/travis/build/icyphy/ptII/ptolemy/actor/lib/test/auto/ThrowModelError.xml (RunModel)" time="0.01" />
  <testcase classname="ptolemy.util.test.junit.AutoTests" name="[373] /home/travis/build/icyphy/ptII/ptolemy/actor/lib/test/auto/TimeDelayMicrosteps.xml (RunModel)" time="0.013" />
  <testcase classname="ptolemy.util.test.junit.AutoTests" name="[374] /home/travis/build/icyphy/ptII/ptolemy/actor/lib/test/auto/TimeDelayMicrosteps2.xml (RunModel)" time="0.015" />
  <testcase classname="ptolemy.util.test.junit.AutoTests" name="[375] /home/travis/build/icyphy/ptII/ptolemy/actor/lib/test/auto/TimeDelayMicrosteps3.xml (RunModel)" time="0.011" />
  <testcase classname="ptolemy.util.test.junit.AutoTests" name="[376] /home/travis/build/icyphy/ptII/ptolemy/actor/lib/test/auto/TimeDelayVariableMicrosteps.xml (RunModel)" time="0.012" />
  <testcase classname="ptolemy.util.test.junit.AutoTests" name="[377] /home/travis/build/icyphy/ptII/ptolemy/actor/lib/test/auto/TimeGap.xml (RunModel)" time="0.011" />
  <testcase classname="ptolemy.util.test.junit.AutoTests" name="[378] /home/travis/build/icyphy/ptII/ptolemy/actor/lib/test/auto/TimeGap2.xml (RunModel)" time="0.01" />
  <testcase classname="ptolemy.util.test.junit.AutoTests" name="[379] /home/travis/build/icyphy/ptII/ptolemy/actor/lib/test/auto/TimedSinewave.xml (RunModel)" time="0.038" />
  <testcase classname="ptolemy.util.test.junit.AutoTests" name="[380] /home/travis/build/icyphy/ptII/ptolemy/actor/lib/test/auto/TimedSinewavePhase.xml (RunModel)" time="0.021" />
  <testcase classname="ptolemy.util.test.junit.AutoTests" name="[381] /home/travis/build/icyphy/ptII/ptolemy/actor/lib/test/auto/Timer.xml (RunModel)" time="0.013" />
  <testcase classname="ptolemy.util.test.junit.AutoTests" name="[382] /home/travis/build/icyphy/ptII/ptolemy/actor/lib/test/auto/TriangularDistTestModel.xml (RunModel)" time="0.015" />
  <testcase classname="ptolemy.util.test.junit.AutoTests" name="[383] /home/travis/build/icyphy/ptII/ptolemy/actor/lib/test/auto/TrigFunction.xml (RunModel)" time="0.009" />
  <testcase classname="ptolemy.util.test.junit.AutoTests" name="[384] /home/travis/build/icyphy/ptII/ptolemy/actor/lib/test/auto/TrigFunctionDE.xml (RunModel)" time="0.013" />
  <testcase classname="ptolemy.util.test.junit.AutoTests" name="[385] /home/travis/build/icyphy/ptII/ptolemy/actor/lib/test/auto/TrigFunctionInverse.xml (RunModel)" time="0.01" />
  <testcase classname="ptolemy.util.test.junit.AutoTests" name="[386] /home/travis/build/icyphy/ptII/ptolemy/actor/lib/test/auto/TrigFunctionTan.xml (RunModel)" time="0.007" />
  <testcase classname="ptolemy.util.test.junit.AutoTests" name="[387] /home/travis/build/icyphy/ptII/ptolemy/actor/lib/test/auto/TriggeredClock.xml (RunModel)" time="0.009" />
  <testcase classname="ptolemy.util.test.junit.AutoTests" name="[388] /home/travis/build/icyphy/ptII/ptolemy/actor/lib/test/auto/URLDirectoryReader.xml (RunModel)" time="0.099" />
  <testcase classname="ptolemy.util.test.junit.AutoTests" name="[389] /home/travis/build/icyphy/ptII/ptolemy/actor/lib/test/auto/URLDirectoryReader3.xml (RunModel)" time="1.333" />
  <testcase classname="ptolemy.util.test.junit.AutoTests" name="[390] /home/travis/build/icyphy/ptII/ptolemy/actor/lib/test/auto/UnaryMathFunction.xml (RunModel)" time="0.022" />
  <testcase classname="ptolemy.util.test.junit.AutoTests" name="[391] /home/travis/build/icyphy/ptII/ptolemy/actor/lib/test/auto/Uniform.xml (RunModel)" time="0.038" />
  <testcase classname="ptolemy.util.test.junit.AutoTests" name="[392] /home/travis/build/icyphy/ptII/ptolemy/actor/lib/test/auto/UnionDisassemblerTest.xml (RunModel)" time="0.049" />
  <testcase classname="ptolemy.util.test.junit.AutoTests" name="[393] /home/travis/build/icyphy/ptII/ptolemy/actor/lib/test/auto/UtilityFunctions.xml (RunModel)" time="0.031" />
  <testcase classname="ptolemy.util.test.junit.AutoTests" name="[394] /home/travis/build/icyphy/ptII/ptolemy/actor/lib/test/auto/VariableSleep.xml (RunModel)" time="0.537" />
  <testcase classname="ptolemy.util.test.junit.AutoTests" name="[395] /home/travis/build/icyphy/ptII/ptolemy/actor/lib/test/auto/VectorAssemblerDisassemblerCT.xml (RunModel)" time="0.128" />
  <testcase classname="ptolemy.util.test.junit.AutoTests" name="[396] /home/travis/build/icyphy/ptII/ptolemy/actor/lib/test/auto/VectorAssemblerDisassemblerDE.xml (RunModel)" time="0.014" />
  <testcase classname="ptolemy.util.test.junit.AutoTests" name="[397] /home/travis/build/icyphy/ptII/ptolemy/actor/lib/test/auto/VectorAssemblerDisassemblerSDF.xml (RunModel)" time="0.013" />
  <testcase classname="ptolemy.util.test.junit.AutoTests" name="[398] /home/travis/build/icyphy/ptII/ptolemy/actor/lib/test/auto/WallClockTime.xml (RunModel)" time="1.014" />
  <testcase classname="ptolemy.util.test.junit.AutoTests" name="[399] /home/travis/build/icyphy/ptII/ptolemy/actor/lib/test/auto/WidthTestWithSubscriberPublisher.xml (RunModel)" time="0.044" />
  <testcase classname="ptolemy.util.test.junit.AutoTests" name="[400] /home/travis/build/icyphy/ptII/ptolemy/actor/lib/test/auto/WidthTestWithSubscriberPublisher2.xml (RunModel)" time="0.014" />
  <testcase classname="ptolemy.util.test.junit.AutoTests" name="[401] /home/travis/build/icyphy/ptII/ptolemy/actor/lib/test/auto/WidthTestWithSubscriberPublisher3.xml (RunModel)" time="0.011" />
  <testcase classname="ptolemy.util.test.junit.AutoTests" name="[402] /home/travis/build/icyphy/ptII/ptolemy/actor/lib/test/auto/Writer.xml (RunModel)" time="0.016" />
  <testcase classname="ptolemy.util.test.junit.AutoTests" name="[403] /home/travis/build/icyphy/ptII/ptolemy/actor/lib/test/auto/array.xml (RunModel)" time="0.009" />
  <testcase classname="ptolemy.util.test.junit.AutoTests" name="[404] /home/travis/build/icyphy/ptII/ptolemy/actor/lib/test/auto/array2.xml (RunModel)" time="0.015" />
  <testcase classname="ptolemy.util.test.junit.AutoTests" name="[405] /home/travis/build/icyphy/ptII/ptolemy/actor/lib/test/auto/arrayType.xml (RunModel)" time="0.012" />
  <testcase classname="ptolemy.util.test.junit.AutoTests" name="[406] /home/travis/build/icyphy/ptII/ptolemy/actor/lib/test/auto/arrayType10.xml (RunModel)" time="0.009" />
  <testcase classname="ptolemy.util.test.junit.AutoTests" name="[407] /home/travis/build/icyphy/ptII/ptolemy/actor/lib/test/auto/arrayType11.xml (RunModel)" time="0.008" />
  <testcase classname="ptolemy.util.test.junit.AutoTests" name="[408] /home/travis/build/icyphy/ptII/ptolemy/actor/lib/test/auto/arrayType12.xml (RunModel)" time="0.009" />
  <testcase classname="ptolemy.util.test.junit.AutoTests" name="[409] /home/travis/build/icyphy/ptII/ptolemy/actor/lib/test/auto/arrayType13.xml (RunModel)" time="0.009" />
  <testcase classname="ptolemy.util.test.junit.AutoTests" name="[410] /home/travis/build/icyphy/ptII/ptolemy/actor/lib/test/auto/arrayType14.xml (RunModel)" time="0.01" />
  <testcase classname="ptolemy.util.test.junit.AutoTests" name="[411] /home/travis/build/icyphy/ptII/ptolemy/actor/lib/test/auto/arrayType15.xml (RunModel)" time="0.009" />
  <testcase classname="ptolemy.util.test.junit.AutoTests" name="[412] /home/travis/build/icyphy/ptII/ptolemy/actor/lib/test/auto/arrayType16.xml (RunModel)" time="0.009" />
  <testcase classname="ptolemy.util.test.junit.AutoTests" name="[413] /home/travis/build/icyphy/ptII/ptolemy/actor/lib/test/auto/arrayType17.xml (RunModel)" time="0.009" />
  <testcase classname="ptolemy.util.test.junit.AutoTests" name="[414] /home/travis/build/icyphy/ptII/ptolemy/actor/lib/test/auto/arrayType18.xml (RunModel)" time="0.011" />
  <testcase classname="ptolemy.util.test.junit.AutoTests" name="[415] /home/travis/build/icyphy/ptII/ptolemy/actor/lib/test/auto/arrayType19.xml (RunModel)" time="0.01" />
  <testcase classname="ptolemy.util.test.junit.AutoTests" name="[416] /home/travis/build/icyphy/ptII/ptolemy/actor/lib/test/auto/arrayType2.xml (RunModel)" time="0.011" />
  <testcase classname="ptolemy.util.test.junit.AutoTests" name="[417] /home/travis/build/icyphy/ptII/ptolemy/actor/lib/test/auto/arrayType20.xml (RunModel)" time="0.01" />
  <testcase classname="ptolemy.util.test.junit.AutoTests" name="[418] /home/travis/build/icyphy/ptII/ptolemy/actor/lib/test/auto/arrayType21.xml (RunModel)" time="0.01" />
  <testcase classname="ptolemy.util.test.junit.AutoTests" name="[419] /home/travis/build/icyphy/ptII/ptolemy/actor/lib/test/auto/arrayType22.xml (RunModel)" time="0.009" />
  <testcase classname="ptolemy.util.test.junit.AutoTests" name="[420] /home/travis/build/icyphy/ptII/ptolemy/actor/lib/test/auto/arrayType23.xml (RunModel)" time="0.007" />
  <testcase classname="ptolemy.util.test.junit.AutoTests" name="[421] /home/travis/build/icyphy/ptII/ptolemy/actor/lib/test/auto/arrayType24.xml (RunModel)" time="0.009" />
  <testcase classname="ptolemy.util.test.junit.AutoTests" name="[422] /home/travis/build/icyphy/ptII/ptolemy/actor/lib/test/auto/arrayType25.xml (RunModel)" time="0.008" />
  <testcase classname="ptolemy.util.test.junit.AutoTests" name="[423] /home/travis/build/icyphy/ptII/ptolemy/actor/lib/test/auto/arrayType26.xml (RunModel)" time="0.008" />
  <testcase classname="ptolemy.util.test.junit.AutoTests" name="[424] /home/travis/build/icyphy/ptII/ptolemy/actor/lib/test/auto/arrayType27.xml (RunModel)" time="0.008" />
  <testcase classname="ptolemy.util.test.junit.AutoTests" name="[425] /home/travis/build/icyphy/ptII/ptolemy/actor/lib/test/auto/arrayType28.xml (RunModel)" time="0.008" />
  <testcase classname="ptolemy.util.test.junit.AutoTests" name="[426] /home/travis/build/icyphy/ptII/ptolemy/actor/lib/test/auto/arrayType3.xml (RunModel)" time="0.008" />
  <testcase classname="ptolemy.util.test.junit.AutoTests" name="[427] /home/travis/build/icyphy/ptII/ptolemy/actor/lib/test/auto/arrayType4.xml (RunModel)" time="0.009" />
  <testcase classname="ptolemy.util.test.junit.AutoTests" name="[428] /home/travis/build/icyphy/ptII/ptolemy/actor/lib/test/auto/arrayType5.xml (RunModel)" time="0.009" />
  <testcase classname="ptolemy.util.test.junit.AutoTests" name="[429] /home/travis/build/icyphy/ptII/ptolemy/actor/lib/test/auto/arrayType6.xml (RunModel)" time="0.008" />
  <testcase classname="ptolemy.util.test.junit.AutoTests" name="[430] /home/travis/build/icyphy/ptII/ptolemy/actor/lib/test/auto/arrayType7.xml (RunModel)" time="0.008" />
  <testcase classname="ptolemy.util.test.junit.AutoTests" name="[431] /home/travis/build/icyphy/ptII/ptolemy/actor/lib/test/auto/arrayType8.xml (RunModel)" time="0.008" />
  <testcase classname="ptolemy.util.test.junit.AutoTests" name="[432] /home/travis/build/icyphy/ptII/ptolemy/actor/lib/test/auto/arrayType9.xml (RunModel)" time="0.008" />
  <testcase classname="ptolemy.util.test.junit.AutoTests" name="[433] /home/travis/build/icyphy/ptII/ptolemy/actor/lib/test/auto/cast.xml (RunModel)" time="0.011" />
  <testcase classname="ptolemy.util.test.junit.AutoTests" name="[434] /home/travis/build/icyphy/ptII/ptolemy/actor/lib/test/auto/compositeMultiPort.xml (RunModel)" time="0.015" />
  <testcase classname="ptolemy.util.test.junit.AutoTests" name="[435] /home/travis/build/icyphy/ptII/ptolemy/actor/lib/test/auto/expressionCastInference.xml (RunModel)" time="0.007" />
  <testcase classname="ptolemy.util.test.junit.AutoTests" name="[436] /home/travis/build/icyphy/ptII/ptolemy/actor/lib/test/auto/expressionCastInference2.xml (RunModel)" time="0.007" />
  <testcase classname="ptolemy.util.test.junit.AutoTests" name="[437] /home/travis/build/icyphy/ptII/ptolemy/actor/lib/test/auto/expressionInference.xml (RunModel)" time="0.007" />
  <testcase classname="ptolemy.util.test.junit.AutoTests" name="[438] /home/travis/build/icyphy/ptII/ptolemy/actor/lib/test/auto/expression_bug.xml (RunModel)" time="0.007" />
  <testcase classname="ptolemy.util.test.junit.AutoTests" name="[439] /home/travis/build/icyphy/ptII/ptolemy/actor/lib/test/auto/factorial.xml (RunModel)" time="0.045" />
  <testcase classname="ptolemy.util.test.junit.AutoTests" name="[440] /home/travis/build/icyphy/ptII/ptolemy/actor/lib/test/auto/filterTest1.xml (RunModel)" time="0.012" />
  <testcase classname="ptolemy.util.test.junit.AutoTests" name="[441] /home/travis/build/icyphy/ptII/ptolemy/actor/lib/test/auto/funcApplyInConst.xml (RunModel)" time="0.005" />
  <testcase classname="ptolemy.util.test.junit.AutoTests" name="[442] /home/travis/build/icyphy/ptII/ptolemy/actor/lib/test/auto/funcApplyInExpr.xml (RunModel)" time="0.007" />
  <testcase classname="ptolemy.util.test.junit.AutoTests" name="[443] /home/travis/build/icyphy/ptII/ptolemy/actor/lib/test/auto/function.xml (RunModel)" time="0.01" />
  <testcase classname="ptolemy.util.test.junit.AutoTests" name="[444] /home/travis/build/icyphy/ptII/ptolemy/actor/lib/test/auto/function2.xml (RunModel)" time="0.01" />
  <testcase classname="ptolemy.util.test.junit.AutoTests" name="[445] /home/travis/build/icyphy/ptII/ptolemy/actor/lib/test/auto/function3.xml (RunModel)" time="0.007" />
  <testcase classname="ptolemy.util.test.junit.AutoTests" name="[446] /home/travis/build/icyphy/ptII/ptolemy/actor/lib/test/auto/functionClosureTest1.xml (RunModel)" time="0.012" />
  <testcase classname="ptolemy.util.test.junit.AutoTests" name="[447] /home/travis/build/icyphy/ptII/ptolemy/actor/lib/test/auto/functionClosureTest2.xml (RunModel)" time="0.006" />
  <testcase classname="ptolemy.util.test.junit.AutoTests" name="[448] /home/travis/build/icyphy/ptII/ptolemy/actor/lib/test/auto/functionClosureTest3.xml (RunModel)" time="0.009" />
  <testcase classname="ptolemy.util.test.junit.AutoTests" name="[449] /home/travis/build/icyphy/ptII/ptolemy/actor/lib/test/auto/functionClosureTest4.xml (RunModel)" time="0.015" />
  <testcase classname="ptolemy.util.test.junit.AutoTests" name="[450] /home/travis/build/icyphy/ptII/ptolemy/actor/lib/test/auto/functionClosureTest5.xml (RunModel)" time="0.012" />
  <testcase classname="ptolemy.util.test.junit.AutoTests" name="[451] /home/travis/build/icyphy/ptII/ptolemy/actor/lib/test/auto/functionClosureTest6.xml (RunModel)" time="0.01" />
  <testcase classname="ptolemy.util.test.junit.AutoTests" name="[452] /home/travis/build/icyphy/ptII/ptolemy/actor/lib/test/auto/functionsOnArcs.xml (RunModel)" time="0.011" />
  <testcase classname="ptolemy.util.test.junit.AutoTests" name="[453] /home/travis/build/icyphy/ptII/ptolemy/actor/lib/test/auto/functionsOnArcsHOF.xml (RunModel)" time="0.012" />
  <testcase classname="ptolemy.util.test.junit.AutoTests" name="[454] /home/travis/build/icyphy/ptII/ptolemy/actor/lib/test/auto/logic.xml (RunModel)" time="0.017" />
  <testcase classname="ptolemy.util.test.junit.AutoTests" name="[455] /home/travis/build/icyphy/ptII/ptolemy/actor/lib/test/auto/matrixType.xml (RunModel)" time="0.009" />
  <testcase classname="ptolemy.util.test.junit.AutoTests" name="[456] /home/travis/build/icyphy/ptII/ptolemy/actor/lib/test/auto/matrixType10.xml (RunModel)" time="0.009" />
  <testcase classname="ptolemy.util.test.junit.AutoTests" name="[457] /home/travis/build/icyphy/ptII/ptolemy/actor/lib/test/auto/matrixType11.xml (RunModel)" time="0.012" />
  <testcase classname="ptolemy.util.test.junit.AutoTests" name="[458] /home/travis/build/icyphy/ptII/ptolemy/actor/lib/test/auto/matrixType12.xml (RunModel)" time="0.012" />
  <testcase classname="ptolemy.util.test.junit.AutoTests" name="[459] /home/travis/build/icyphy/ptII/ptolemy/actor/lib/test/auto/matrixType13.xml (RunModel)" time="0.008" />
  <testcase classname="ptolemy.util.test.junit.AutoTests" name="[460] /home/travis/build/icyphy/ptII/ptolemy/actor/lib/test/auto/matrixType14.xml (RunModel)" time="0.019" />
  <testcase classname="ptolemy.util.test.junit.AutoTests" name="[461] /home/travis/build/icyphy/ptII/ptolemy/actor/lib/test/auto/matrixType2.xml (RunModel)" time="0.01" />
  <testcase classname="ptolemy.util.test.junit.AutoTests" name="[462] /home/travis/build/icyphy/ptII/ptolemy/actor/lib/test/auto/matrixType3.xml (RunModel)" time="0.008" />
  <testcase classname="ptolemy.util.test.junit.AutoTests" name="[463] /home/travis/build/icyphy/ptII/ptolemy/actor/lib/test/auto/matrixType4.xml (RunModel)" time="0.008" />
  <testcase classname="ptolemy.util.test.junit.AutoTests" name="[464] /home/travis/build/icyphy/ptII/ptolemy/actor/lib/test/auto/matrixType5.xml (RunModel)" time="0.008" />
  <testcase classname="ptolemy.util.test.junit.AutoTests" name="[465] /home/travis/build/icyphy/ptII/ptolemy/actor/lib/test/auto/matrixType6.xml (RunModel)" time="0.008" />
  <testcase classname="ptolemy.util.test.junit.AutoTests" name="[466] /home/travis/build/icyphy/ptII/ptolemy/actor/lib/test/auto/matrixType7.xml (RunModel)" time="0.008" />
  <testcase classname="ptolemy.util.test.junit.AutoTests" name="[467] /home/travis/build/icyphy/ptII/ptolemy/actor/lib/test/auto/matrixType8.xml (RunModel)" time="0.009" />
  <testcase classname="ptolemy.util.test.junit.AutoTests" name="[468] /home/travis/build/icyphy/ptII/ptolemy/actor/lib/test/auto/matrixType9.xml (RunModel)" time="0.007" />
  <testcase classname="ptolemy.util.test.junit.AutoTests" name="[469] /home/travis/build/icyphy/ptII/ptolemy/actor/lib/test/auto/paraFunctest.xml (RunModel)" time="0.007" />
  <testcase classname="ptolemy.util.test.junit.AutoTests" name="[470] /home/travis/build/icyphy/ptII/ptolemy/actor/lib/test/auto/paraFunctest2.xml (RunModel)" time="0.006" />
  <testcase classname="ptolemy.util.test.junit.AutoTests" name="[471] /home/travis/build/icyphy/ptII/ptolemy/actor/lib/test/auto/parameterPassing.xml (RunModel)" time="0.014" />
  <testcase classname="ptolemy.util.test.junit.AutoTests" name="[472] /home/travis/build/icyphy/ptII/ptolemy/actor/lib/test/auto/record.xml (RunModel)" time="0.01" />
  <testcase classname="ptolemy.util.test.junit.AutoTests" name="[473] /home/travis/build/icyphy/ptII/ptolemy/actor/lib/test/auto/sizedarray1.xml (RunModel)" time="0.009" />
  <testcase classname="ptolemy.util.test.junit.AutoTests" name="[474] /home/travis/build/icyphy/ptII/ptolemy/actor/lib/test/auto/sizedarray2.xml (RunModel)" time="0.01" />
  <testcase classname="ptolemy.util.test.junit.AutoTests" name="[475] /home/travis/build/icyphy/ptII/ptolemy/actor/lib/test/auto/twoPublishers.xml (RunModel)" time="0.039" />
  <system-out><![CDATA[/home/travis/build/icyphy/ptII/ptolemy/actor/lib/test/AbsoluteValue.tcl
testDefs.tcl: setting time out to 9000 seconds at Sat Oct 27 02:32:09 UTC 2018
79 ms. Memory: 116224K Free: 106771K (92%)
8 ms. Memory: 116224K Free: 105557K (91%)
8 ms. Memory: 116224K Free: 104962K (90%)
4 ms. Memory: 116224K Free: 103772K (89%)
/home/travis/build/icyphy/ptII/ptolemy/actor/lib/test/AddSubtract.tcl
16 ms. Memory: 116224K Free: 101971K (88%)
13 ms. Memory: 116224K Free: 100757K (87%)
4 ms. Memory: 116224K Free: 100162K (86%)
13 ms. Memory: 116224K Free: 99559K (86%)
13 ms. Memory: 116224K Free: 98940K (85%)
4 ms. Memory: 116224K Free: 98305K (85%)
/home/travis/build/icyphy/ptII/ptolemy/actor/lib/test/Average.tcl
6 ms. Memory: 116224K Free: 96487K (83%)
6 ms. Memory: 116224K Free: 95281K (82%)
/home/travis/build/icyphy/ptII/ptolemy/actor/lib/test/Bernoulli.tcl
3 ms. Memory: 116224K Free: 93456K (80%)
2 ms. Memory: 116224K Free: 92853K (80%)
/home/travis/build/icyphy/ptII/ptolemy/actor/lib/test/Clock.tcl
preinitializing
resolving types
initializing
executing number 1
wrapping up
idle
23 ms. Memory: 116224K Free: 90433K (78%)
Completed execution with 5 iterations
preinitializing
resolving types
initializing
executing number 1
wrapping up
idle
5 ms. Memory: 116224K Free: 89830K (77%)
Completed execution with 5 iterations
preinitializing
resolving types
initializing
executing number 1
wrapping up
idle
4 ms. Memory: 116224K Free: 89227K (77%)
Completed execution with 5 iterations
/home/travis/build/icyphy/ptII/ptolemy/actor/lib/test/Commutator.tcl
11 ms. Memory: 116224K Free: 87410K (75%)
22 ms. Memory: 116224K Free: 86204K (74%)
14 ms. Memory: 116224K Free: 81991K (71%)
/home/travis/build/icyphy/ptII/ptolemy/actor/lib/test/Const.tcl
4 ms. Memory: 146944K Free: 139104K (95%)
2 ms. Memory: 146944K Free: 137900K (94%)
2 ms. Memory: 146944K Free: 137900K (94%)
2 ms. Memory: 146944K Free: 136297K (93%)
6 ms. Memory: 146944K Free: 136297K (93%)
25 ms. Memory: 146944K Free: 133885K (91%)
13 ms. Memory: 146944K Free: 132673K (90%)
7 ms. Memory: 146944K Free: 132673K (90%)
/home/travis/build/icyphy/ptII/ptolemy/actor/lib/test/CurrentTime.tcl
preinitializing
resolving types
initializing
executing number 1
wrapping up
idle
19 ms. Memory: 146944K Free: 130250K (89%)
Completed execution with 11 iterations
/home/travis/build/icyphy/ptII/ptolemy/actor/lib/test/DB.tcl
8 ms. Memory: 146944K Free: 129047K (88%)
1 ms. Memory: 146944K Free: 127839K (87%)
11 ms. Memory: 146944K Free: 127839K (87%)
/home/travis/build/icyphy/ptII/ptolemy/actor/lib/test/DiscreteRandomSource.tcl
preinitializing
resolving types
initializing
executing number 1
wrapping up
idle
8 ms. Memory: 146944K Free: 125431K (85%)
Completed execution with 4 iterations
preinitializing
resolving types
initializing
executing number 1
wrapping up
idle
11 ms. Memory: 146944K Free: 125431K (85%)
Completed execution with 4 iterations
preinitializing
resolving types
initializing
executing number 1
wrapping up
idle
3 ms. Memory: 146944K Free: 125431K (85%)
Completed execution with 4 iterations
preinitializing
resolving types
initializing
executing number 1
wrapping up
idle
11 ms. Memory: 146944K Free: 124212K (85%)
Completed execution with 4 iterations
preinitializing
resolving types
initializing
executing number 1
wrapping up
idle
4 ms. Memory: 146944K Free: 124212K (85%)
Completed execution with 4 iterations
/home/travis/build/icyphy/ptII/ptolemy/actor/lib/test/Distributor.tcl
9 ms. Memory: 146944K Free: 122992K (84%)
10 ms. Memory: 146944K Free: 121789K (83%)
StreamChangeRequest.changeExecuted(): <deleteEntity name="rec2"/> succeeded
StreamChangeRequest.changeExecuted(): <deleteRelation name="r2"/> succeeded
StreamChangeRequest.changeExecuted(): Record firings per iteration succeeded
4 ms. Memory: 146944K Free: 119350K (81%)
/home/travis/build/icyphy/ptII/ptolemy/actor/lib/test/Exit.tcl
Exit.tcl: this will print a message about Manager.exitAfterWrapup, which can be ignored.
12 ms. Memory: 146944K Free: 116329K (79%)
/home/travis/build/icyphy/ptII/ptolemy/actor/lib/test/Expression.tcl
13 ms. Memory: 146944K Free: 112677K (77%)
5 ms. Memory: 146944K Free: 112677K (77%)
3 ms. Memory: 146944K Free: 111466K (76%)
preinitializing
resolving types
initializing
executing number 1
wrapping up
idle
5 ms. Memory: 146944K Free: 110247K (75%)
Completed execution with 6 iterations
4 ms. Memory: 146944K Free: 109027K (74%)
3 ms. Memory: 146944K Free: 109027K (74%)
5 ms. Memory: 146944K Free: 107824K (73%)
4 ms. Memory: 146944K Free: 105401K (72%)
3 ms. Memory: 146944K Free: 104198K (71%)
/home/travis/build/icyphy/ptII/ptolemy/actor/lib/test/Gaussian.tcl
8 ms. Memory: 146944K Free: 102986K (70%)
sleeping 1 seconds: ........................................................................................................................................................................................................................................................................................................................................................................................................................................................................................................................................................................................................................................................................................................................................................................................................................................................................................................................................................................................................................................................................................................................................................................................................................................................................................................................................................................................................................................................................................................................................................................................................................................................................................................................................................................................................................................................................................................................................................................................................................................................................................................................................................................................................................................................................................................................................................................................................................................................................................................................................................................................................................................................................................................................................................................................................................................................................................................................................................................................................................................................................................................................................................................................................................................................................................................................................................................................................................................................................................................................................................................................................................................................................................................................................................................................................................................................................................................................................................................................................................................................................................................................................................................................................................................................................................................................................................................................................................................................................................................................................................................................................................................................................................................................................................................................................................................................................................................................................................................................................................................................................................................................................................................................................................................................................................................................................................................................................................................................................................................................................................................................................................................................................................................................................................................................................................................................................................................................................................................................................................................................................................................................................................................................................................................................................................................................................................................................................................................................................................................................................................................................................................................................................................................................................................................................................................................................................................................................................................................................................................................................................................................................................................................................................................................................................................................................................................................................................................................................................................................................................................................................................................................................................................................................................................................................................................................................................................................................................................................................................................................................................................................................................................................................................................................................................................................................................................................................................................................................................................................................................................................................................................................................................................................................................................................................................................................................................................................................................................................................................................................................................................................................................................................................................................................................................................................................................................................................................................................................................................................................................................................................................................................................................................................................................................................................................................................................................................................................................................................................................................................................................................................................................................................................................................................................................................................................................................................................................................................................................................................................................................................................................................................................................................................................................................................................................................................................................................................................................................................................................................................................................................................................................................................................................................................................................................................................................................................................................................................................................................................................................................................................................................................................................................................................................................................................................................................................................................................................................................................................................................................................................................................................................................................................................................................................................................................................................................................................................................................................................................................................................................................................................................................................................................................................................................................................................................................................................................................................................................................................................................................................................................................................................................................................................................................................................................................................................................................................................................................................................................................................................................................................................................................................................................................................................................................................................................................................................................................................................................................................................................................................................................................................................................................................................................................................................................................................................................................................................................................................................................................................................................................................................................................................................................................................................................................................................................................................................................................................................................................................................................................................................................................................................................................................................................................................................................................................................................................................................................................................................................................................................................................................................................................................................................................................................................................................................................................................................................................................................................................................................................................................................................................................................................................................................................................................................................................................................................................................................................................................................................................................................................................................................................................................................................................................................................................................................................................................................................................................................................................................................................................................................................................................................................................................................................................................................................................................................................................................................................................................................................................................................................................................................................................................................................................................................................................................................................................................................................................................................................................................................................................................................................................................................................................................................................................................................................................................................................................................................................................................................................................................................................................................................................................................................................................................................................................................................................................................................................................................................................................................................................................................................................................................................................................................................................................................................................................................................................................................................................................................................................................................................................................................................................................................................................................................................................................................................................................................................................................................................................................................................................................................................................................................................................................................................................................................................................................................................................................................................................................................................................................................................................................................................................................................................................................................................................................................................................................................................................................................................................................................................................................................................................................................................................................................................................................................................................................................................................................................................................................................................................................................................................................................................................................................................................................................................................................................................................................................................................................................................................................................................................................................................................................................................................................................................................................................................................................................................................................................................................................................................................................................................................................................................................................................................................................................................................................................................................................................................................................................................................................................................................................................................................................................................................................................................................................................................................................................................................................................................................................................................................................................................................................................................................................................................................................................................................................................................................................................................................................................................................................................................................................................................................................................................................................................................................................................................................................................................................................................................................................................................................................................................................................................................................................................................................................................................................................................................................................................................................................................................................................................................................................................................................................................................................................................................................................................................................................................................................................................................................................................................................................................................................................................................................................................................................................................................................................................................................................................................................................................................................................................................................................................................................................................................................................................................................................................................................................................................................................................................................................................................................................................................................................................................................................................................................................................................................................................................................................................................................................................................................................................................................................................................................................................................................................................................................................................................................................................................................................................................................................................................................................................................................................................................................................................................................................................................................................................................................................................................................................................................................................................................................................................................................................................................................................................................................................................................................................................................................................................................................................................................................................................................................................................................................................................................................................................................................................................................................................................................................................................................................................................................................................................................................................................................................................................................................................................................................................................................................................................................................................................................................................................................................................................................................................................................................................................................................................................................................................................................................................................................................................................................................................................................................................................................................................................................................................................................................................................................................................................................................................................................................................................................................................................................................................................................................................................................................................................................................................................................................................................................................................................................................................................................................................................................................................................................................................................................................................................................................................................................................................................................................................................................................................................................................................................................................................................................................................................................................................................................................................................................................................................................................................................................................................................................................................................................................................................................................................................................................................................7 ms. Memory: 208384K Free: 152595K (73%)
7 ms. Memory: 208384K Free: 152076K (73%)
2 ms. Memory: 208384K Free: 152076K (73%)
2 ms. Memory: 208384K Free: 152076K (73%)
2 ms. Memory: 208384K Free: 149661K (72%)
/home/travis/build/icyphy/ptII/ptolemy/actor/lib/test/IIR.tcl
/home/travis/build/icyphy/ptII/ptolemy/actor/lib/test/Interpolator.tcl
5 ms. Memory: 208384K Free: 147247K (71%)
3 ms. Memory: 208384K Free: 147247K (71%)
7 ms. Memory: 208384K Free: 144832K (70%)
1 ms. Memory: 208384K Free: 144832K (70%)
9 ms. Memory: 208384K Free: 144832K (70%)
3 ms. Memory: 208384K Free: 142417K (68%)
2 ms. Memory: 208384K Free: 142417K (68%)
3 ms. Memory: 208384K Free: 142417K (68%)
5 ms. Memory: 208384K Free: 140003K (67%)
7 ms. Memory: 208384K Free: 140003K (67%)
/home/travis/build/icyphy/ptII/ptolemy/actor/lib/test/MathFunction.tcl
6 ms. Memory: 208384K Free: 137588K (66%)
2 ms. Memory: 208384K Free: 135174K (65%)
2 ms. Memory: 208384K Free: 135174K (65%)
4 ms. Memory: 208384K Free: 135174K (65%)
3 ms. Memory: 208384K Free: 132759K (64%)
6 ms. Memory: 208384K Free: 130345K (63%)
/home/travis/build/icyphy/ptII/ptolemy/actor/lib/test/Maximum.tcl
6 ms. Memory: 208384K Free: 130345K (63%)
9 ms. Memory: 208384K Free: 127930K (61%)
2 ms. Memory: 208384K Free: 127930K (61%)
2 ms. Memory: 208384K Free: 127930K (61%)
/home/travis/build/icyphy/ptII/ptolemy/actor/lib/test/Minimum.tcl
4 ms. Memory: 208384K Free: 125515K (60%)
2 ms. Memory: 208384K Free: 125515K (60%)
2 ms. Memory: 208384K Free: 123101K (59%)
3 ms. Memory: 208384K Free: 123101K (59%)
/home/travis/build/icyphy/ptII/ptolemy/actor/lib/test/MultiplyDivide.tcl
5 ms. Memory: 208384K Free: 120686K (58%)
3 ms. Memory: 208384K Free: 120686K (58%)
2 ms. Memory: 208384K Free: 120686K (58%)
3 ms. Memory: 208384K Free: 118272K (57%)
1 ms. Memory: 208384K Free: 118272K (57%)
/home/travis/build/icyphy/ptII/ptolemy/actor/lib/test/OrderedMerge.tcl
Connections changed on port: inputA
Connections changed on port: inputB
Connections changed on port: output
Connections changed on port: output
Connections changed on port: output
Connections changed on port: input
.top. Preinitializing ...
Invoking preinitialize():  .top.OrderedMerge
Called preinitialize()
Invoking preinitialize():  .top.Ramp
Called preinitialize()
Invoking preinitialize():  .top.Ramp2
Called preinitialize()
Invoking preinitialize():  .top.Test
Called preinitialize()
Connections changed on port: inputA
Connections changed on port: output
Connections changed on port: inputB
Connections changed on port: output
Connections changed on port: output
Connections changed on port: input
.top. Finished preinitialize().
Called initialize().
Invoking initialize():  .top.OrderedMerge
Initializing actor: .top.OrderedMerge
Adding a thread: .top.OrderedMerge
Invoking initialize():  .top.Ramp
Initializing actor: .top.Ramp
Adding a thread: .top.Ramp
Invoking initialize():  .top.Ramp2
Initializing actor: .top.Ramp2
Adding a thread: .top.Ramp2
Invoking initialize():  .top.Test
Initializing actor: .top.Test
Adding a thread: .top.Test
-- Starting thread.
Called initialize()
Called prefire()
Called fire()
-- Starting thread.
Called initialize()
Called prefire()
Called fire()
Called postfire()
Called prefire()
Called fire()
-- Starting thread.
Called initialize()
Called prefire()
Called fire()
Called postfire()
Called prefire()
Called fire()
Called fire().
Checking for deadlock:
There are 3 Blocked actors, 0 Stopped actors, and 4 active threads.
Waiting for actors to stop.
-- Starting thread.
Called initialize()
Called prefire()
Called fire()
Checking for deadlock:
There are 2 Blocked actors, 0 Stopped actors, and 4 active threads.
Waiting for actors to stop.
Called postfire()
Called prefire()
Called fire()
Checking for deadlock:
There are 3 Blocked actors, 0 Stopped actors, and 4 active threads.
Waiting for actors to stop.
Read input token from inputA with value 0.0
Next port to read input from is inputB
Called postfire()
Called prefire()
Called fire()
Checking for deadlock:
There are 2 Blocked actors, 0 Stopped actors, and 4 active threads.
Waiting for actors to stop.
Called postfire()
Called prefire()
Called fire()
Checking for deadlock:
There are 3 Blocked actors, 0 Stopped actors, and 4 active threads.
Waiting for actors to stop.
Read input token from inputB with value 0.0
Sent output token with value 0.0
Checking for deadlock:
There are 2 Blocked actors, 0 Stopped actors, and 4 active threads.
Waiting for actors to stop.
-- Read input: 0.0, which is expected to match: 0.0
Called prefire()
Called fire()
Checking for deadlock:
There are 3 Blocked actors, 0 Stopped actors, and 4 active threads.
Waiting for actors to stop.
Next port to read input from is inputA
Called postfire()
Called prefire()
Called fire()
Read input token from inputA with value 1.0
Sent output token with value 0.0
Next port to read input from is inputB
Called postfire()
Called prefire()
Called fire()
Read input token from inputB with value 1.5
Checking for deadlock:
There are 1 Blocked actors, 0 Stopped actors, and 4 active threads.
Waiting for actors to stop.
Called postfire()
Called prefire()
Called fire()
-- Read input: 0.0, which is expected to match: 0.0
Called prefire()
Called fire()
Checking for deadlock:
There are 2 Blocked actors, 0 Stopped actors, and 4 active threads.
Waiting for actors to stop.
Called postfire()
Called prefire()
Called fire()
Checking for deadlock:
There are 3 Blocked actors, 0 Stopped actors, and 4 active threads.
Waiting for actors to stop.
-- Read input: 1.0, which is expected to match: 1.0
Called prefire()
Called fire()
Checking for deadlock:
There are 3 Blocked actors, 0 Stopped actors, and 4 active threads.
Waiting for actors to stop.
Sent output token with value 1.0
Next port to read input from is inputA
Called postfire()
Called prefire()
Called fire()
Read input token from inputA with value 2.0
Sent output token with value 1.5
Next port to read input from is inputB
Called postfire()
Called prefire()
Called fire()
Read input token from inputB with value 3.0
Called postfire()
Called prefire()
Called fire()
Checking for deadlock:
There are 2 Blocked actors, 0 Stopped actors, and 4 active threads.
Waiting for actors to stop.
-- Read input: 1.5, which is expected to match: 1.5
Called prefire()
Called fire()
Called postfire()
Called prefire()
Called fire()
Checking for deadlock:
There are 3 Blocked actors, 0 Stopped actors, and 4 active threads.
Waiting for actors to stop.
Checking for deadlock:
There are 2 Blocked actors, 0 Stopped actors, and 4 active threads.
Waiting for actors to stop.
-- Read input: 2.0, which is expected to match: 2.0
Called prefire()
Called fire()
Checking for deadlock:
There are 3 Blocked actors, 0 Stopped actors, and 4 active threads.
Waiting for actors to stop.
Sent output token with value 2.0
Next port to read input from is inputA
Called postfire()
Called prefire()
Called fire()
Checking for deadlock:
There are 2 Blocked actors, 0 Stopped actors, and 4 active threads.
Waiting for actors to stop.
Called postfire()
Called prefire()
Called fire()
Checking for deadlock:
There are 3 Blocked actors, 0 Stopped actors, and 4 active threads.
Waiting for actors to stop.
Read input token from inputA with value 3.0
Checking for deadlock:
There are 2 Blocked actors, 0 Stopped actors, and 4 active threads.
Waiting for actors to stop.
-- Read input: 3.0, which is expected to match: 3.0
Called prefire()
Called fire()
Checking for deadlock:
There are 3 Blocked actors, 0 Stopped actors, and 4 active threads.
Waiting for actors to stop.
Sent output token with value 3.0
Next port to read input from is inputB
Called postfire()
Called prefire()
Called fire()
Called postfire()
Called prefire()
Called fire()
Checking for deadlock:
There are 3 Blocked actors, 0 Stopped actors, and 4 active threads.
Waiting for actors to stop.
Read input token from inputB with value 4.5
-- Read input: 3.0, which is expected to match: 3.0
Called prefire()
Called fire()
Checking for deadlock:
There are 3 Blocked actors, 0 Stopped actors, and 4 active threads.
Waiting for actors to stop.
Sent output token with value 3.0
Next port to read input from is inputA
Called postfire()
Called prefire()
Called fire()
Checking for deadlock:
There are 2 Blocked actors, 0 Stopped actors, and 4 active threads.
Waiting for actors to stop.
Called postfire()
Called prefire()
Called fire()
Checking for deadlock:
There are 3 Blocked actors, 0 Stopped actors, and 4 active threads.
Waiting for actors to stop.
Read input token from inputA with value 4.0
Checking for deadlock:
There are 2 Blocked actors, 0 Stopped actors, and 4 active threads.
Waiting for actors to stop.
-- Read input: 4.0, which is expected to match: 4.0
Called prefire()
Called fire()
Past the end of training data. Read and discard all inputs.
Checking for deadlock:
There are 3 Blocked actors, 0 Stopped actors, and 4 active threads.
Waiting for actors to stop.
Sent output token with value 4.0
Next port to read input from is inputA
Called postfire()
Called prefire()
Called fire()
Checking for deadlock:
There are 2 Blocked actors, 0 Stopped actors, and 4 active threads.
Waiting for actors to stop.
Called postfire()
Called prefire()
Called fire()
Checking for deadlock:
There are 3 Blocked actors, 0 Stopped actors, and 4 active threads.
Waiting for actors to stop.
Read input token from inputA with value 5.0
Checking for deadlock:
There are 2 Blocked actors, 0 Stopped actors, and 4 active threads.
Waiting for actors to stop.
Called prefire()
Called fire()
Past the end of training data. Read and discard all inputs.
Checking for deadlock:
There are 3 Blocked actors, 0 Stopped actors, and 4 active threads.
Waiting for actors to stop.
Sent output token with value 4.5
Next port to read input from is inputB
Called postfire()
Called prefire()
Called fire()
Called postfire()
Called prefire()
Called fire()
Checking for deadlock:
There are 3 Blocked actors, 0 Stopped actors, and 4 active threads.
Waiting for actors to stop.
Read input token from inputB with value 6.0
Called prefire()
Called fire()
Past the end of training data. Read and discard all inputs.
Checking for deadlock:
There are 3 Blocked actors, 0 Stopped actors, and 4 active threads.
Waiting for actors to stop.
Sent output token with value 5.0
Next port to read input from is inputA
Called postfire()
Called prefire()
Called fire()
Checking for deadlock:
There are 2 Blocked actors, 0 Stopped actors, and 4 active threads.
Waiting for actors to stop.
Called postfire()
Called prefire()
Called fire()
Checking for deadlock:
There are 3 Blocked actors, 0 Stopped actors, and 4 active threads.
Waiting for actors to stop.
Read input token from inputA with value 6.0
Checking for deadlock:
There are 2 Blocked actors, 0 Stopped actors, and 4 active threads.
Waiting for actors to stop.
Called prefire()
Called fire()
Past the end of training data. Read and discard all inputs.
Checking for deadlock:
There are 3 Blocked actors, 0 Stopped actors, and 4 active threads.
Waiting for actors to stop.
Sent output token with value 6.0
Next port to read input from is inputB
Called postfire()
Called prefire()
Called fire()
Called postfire()
Called prefire()
Called fire()
Checking for deadlock:
There are 3 Blocked actors, 0 Stopped actors, and 4 active threads.
Waiting for actors to stop.
Read input token from inputB with value 7.5
Called prefire()
Called fire()
Past the end of training data. Read and discard all inputs.
Checking for deadlock:
There are 3 Blocked actors, 0 Stopped actors, and 4 active threads.
Waiting for actors to stop.
Sent output token with value 6.0
Next port to read input from is inputA
Called postfire()
Called prefire()
Called fire()
Checking for deadlock:
There are 2 Blocked actors, 0 Stopped actors, and 4 active threads.
Waiting for actors to stop.
Called postfire()
Called prefire()
Called fire()
Checking for deadlock:
There are 3 Blocked actors, 0 Stopped actors, and 4 active threads.
Waiting for actors to stop.
Read input token from inputA with value 7.0
Checking for deadlock:
There are 2 Blocked actors, 0 Stopped actors, and 4 active threads.
Waiting for actors to stop.
Called prefire()
Called fire()
Past the end of training data. Read and discard all inputs.
Checking for deadlock:
There are 3 Blocked actors, 0 Stopped actors, and 4 active threads.
Waiting for actors to stop.
Sent output token with value 7.0
Next port to read input from is inputA
Called postfire()
Called prefire()
Called fire()
Checking for deadlock:
There are 2 Blocked actors, 0 Stopped actors, and 4 active threads.
Waiting for actors to stop.
-- Thread wrapup() called.
Called wrapup()
Thread .top.Ramp is exiting.
Checking for deadlock:
There are 2 Blocked actors, 0 Stopped actors, and 3 active threads.
Waiting for actors to stop.
-- Thread stopped.
Read input token from inputA with value 8.0
Checking for deadlock:
There are 1 Blocked actors, 0 Stopped actors, and 3 active threads.
Waiting for actors to stop.
Called prefire()
Called fire()
Past the end of training data. Read and discard all inputs.
Checking for deadlock:
There are 2 Blocked actors, 0 Stopped actors, and 3 active threads.
Waiting for actors to stop.
Sent output token with value 7.5
Next port to read input from is inputB
Called postfire()
Called prefire()
Called fire()
Called postfire()
Called prefire()
Called fire()
Checking for deadlock:
There are 2 Blocked actors, 0 Stopped actors, and 3 active threads.
Waiting for actors to stop.
Read input token from inputB with value 9.0
Called prefire()
Called fire()
Past the end of training data. Read and discard all inputs.
Checking for deadlock:
There are 2 Blocked actors, 0 Stopped actors, and 3 active threads.
Waiting for actors to stop.
Sent output token with value 8.0
Next port to read input from is inputA
Called postfire()
Called prefire()
Called fire()
Read input token from inputA with value 9.0
Checking for deadlock:
There are 1 Blocked actors, 0 Stopped actors, and 3 active threads.
Waiting for actors to stop.
Called prefire()
Called fire()
Past the end of training data. Read and discard all inputs.
Checking for deadlock:
There are 2 Blocked actors, 0 Stopped actors, and 3 active threads.
Waiting for actors to stop.
Sent output token with value 9.0
Next port to read input from is inputB
Called postfire()
Called prefire()
Called fire()
Called postfire()
Called prefire()
Called fire()
Checking for deadlock:
There are 2 Blocked actors, 0 Stopped actors, and 3 active threads.
Waiting for actors to stop.
Read input token from inputB with value 10.5
Called prefire()
Called fire()
Past the end of training data. Read and discard all inputs.
Checking for deadlock:
There are 2 Blocked actors, 0 Stopped actors, and 3 active threads.
Waiting for actors to stop.
Sent output token with value 9.0
Next port to read input from is inputA
Called postfire()
Called prefire()
Called fire()
Checking for deadlock:
There are 3 Blocked actors, 0 Stopped actors, and 3 active threads.
Actors have stopped.
Checking for deadlock:
There are 3 Blocked actors, 0 Stopped actors, and 3 active threads.
Deadlock detected.
Resolving Deadlock
Checking for deadlock:
There are 3 Blocked actors, 0 Stopped actors, and 3 active threads.
Artificial Deadlock - increasing queue capacity.
increasing the capacity of receiver ptolemy.actor.TypedIOPort {.top.OrderedMerge.inputB} to 2
Director: Called postfire().
Called postfire().
_stopRequested = false
_stopFireRequested = false
Returning from postfire(): true
Called fire().
Checking for deadlock:
There are 2 Blocked actors, 0 Stopped actors, and 3 active threads.
Waiting for actors to stop.
-- Thread wrapup() called.
Called wrapup()
Thread .top.Ramp2 is exiting.
-- Thread stopped.
Checking for deadlock:
There are 2 Blocked actors, 0 Stopped actors, and 2 active threads.
Actors have stopped.
Checking for deadlock:
There are 2 Blocked actors, 0 Stopped actors, and 2 active threads.
Deadlock detected.
Resolving Deadlock
Checking for deadlock:
There are 2 Blocked actors, 0 Stopped actors, and 2 active threads.
Deadlock detected: no processes blocked on write, but some are blocked on read.
Called postfire().
_stopRequested = false
_stopFireRequested = false
Returning from postfire(): false
Finished deactivating branches.
Called wrapup().
-- Thread wrapup() called.
Called wrapup()
Thread .top.OrderedMerge is exiting.
-- Thread stopped.
-- Blocked Receiver call threw TerminateProcessException.
-- Thread wrapup() called.
Called wrapup()
Thread .top.Test is exiting.
-- Thread stopped.
-- Blocked Receiver call threw TerminateProcessException.
57 ms. Memory: 208384K Free: 110942K (53%)
.top. Preinitializing ...
Invoking preinitialize():  .top.OrderedMerge
Called preinitialize()
Invoking preinitialize():  .top.Ramp
Called preinitialize()
Invoking preinitialize():  .top.Ramp2
Called preinitialize()
Invoking preinitialize():  .top.Test
Called preinitialize()
.top. Finished preinitialize().
Called initialize().
Invoking initialize():  .top.OrderedMerge
Initializing actor: .top.OrderedMerge
Adding a thread: .top.OrderedMerge
Invoking initialize():  .top.Ramp
Initializing actor: .top.Ramp
Adding a thread: .top.Ramp
Invoking initialize():  .top.Ramp2
Initializing actor: .top.Ramp2
Adding a thread: .top.Ramp2
Invoking initialize():  .top.Test
Initializing actor: .top.Test
Adding a thread: .top.Test
-- Starting thread.
Called initialize()
Called prefire()
Called fire()
-- Starting thread.
Called initialize()
Called prefire()
Called fire()
Called postfire()
Called prefire()
Called fire()
-- Starting thread.
Called initialize()
Called prefire()
Called fire()
Called postfire()
Called prefire()
Called fire()
Called fire().
Checking for deadlock:
There are 3 Blocked actors, 0 Stopped actors, and 4 active threads.
Waiting for actors to stop.
-- Starting thread.
Called initialize()
Called prefire()
Called fire()
Checking for deadlock:
There are 2 Blocked actors, 0 Stopped actors, and 4 active threads.
Waiting for actors to stop.
Called postfire()
Called prefire()
Called fire()
Checking for deadlock:
There are 3 Blocked actors, 0 Stopped actors, and 4 active threads.
Waiting for actors to stop.
Read input token from inputA with value 0.0
Next port to read input from is inputB
Called postfire()
Called prefire()
Called fire()
Checking for deadlock:
There are 2 Blocked actors, 0 Stopped actors, and 4 active threads.
Waiting for actors to stop.
Called postfire()
Called prefire()
Called fire()
Checking for deadlock:
There are 3 Blocked actors, 0 Stopped actors, and 4 active threads.
Waiting for actors to stop.
Read input token from inputB with value 0.0
Checking for deadlock:
There are 2 Blocked actors, 0 Stopped actors, and 4 active threads.
Waiting for actors to stop.
-- Read input: 0.0, which is expected to match: 0.0
Called prefire()
Called fire()
Checking for deadlock:
There are 3 Blocked actors, 0 Stopped actors, and 4 active threads.
Waiting for actors to stop.
Sent output token with value 0.0
Next port to read input from is inputA
Called postfire()
Called prefire()
Called fire()
Checking for deadlock:
There are 2 Blocked actors, 0 Stopped actors, and 4 active threads.
Waiting for actors to stop.
Called postfire()
Called prefire()
Called fire()
Checking for deadlock:
There are 3 Blocked actors, 0 Stopped actors, and 4 active threads.
Waiting for actors to stop.
Read input token from inputA with value 1.0
Checking for deadlock:
There are 2 Blocked actors, 0 Stopped actors, and 4 active threads.
Waiting for actors to stop.
-- Read input: 0.0, which is expected to match: 0.0
Called prefire()
Called fire()
Checking for deadlock:
There are 3 Blocked actors, 0 Stopped actors, and 4 active threads.
Waiting for actors to stop.
Sent output token with value 0.0
Next port to read input from is inputB
Called postfire()
Called prefire()
Called fire()
Checking for deadlock:
There are 2 Blocked actors, 0 Stopped actors, and 4 active threads.
Waiting for actors to stop.
Called postfire()
Called prefire()
Called fire()
Checking for deadlock:
There are 3 Blocked actors, 0 Stopped actors, and 4 active threads.
Waiting for actors to stop.
Read input token from inputB with value 1.5
Checking for deadlock:
There are 2 Blocked actors, 0 Stopped actors, and 4 active threads.
Waiting for actors to stop.
-- Read input: 1.0, which is expected to match: 1.0
Called prefire()
Called fire()
Checking for deadlock:
There are 3 Blocked actors, 0 Stopped actors, and 4 active threads.
Waiting for actors to stop.
Sent output token with value 1.0
Next port to read input from is inputA
Called postfire()
Called prefire()
Called fire()
Checking for deadlock:
There are 2 Blocked actors, 0 Stopped actors, and 4 active threads.
Waiting for actors to stop.
Called postfire()
Called prefire()
Called fire()
Checking for deadlock:
There are 3 Blocked actors, 0 Stopped actors, and 4 active threads.
Waiting for actors to stop.
Read input token from inputA with value 2.0
Checking for deadlock:
There are 2 Blocked actors, 0 Stopped actors, and 4 active threads.
Waiting for actors to stop.
-- Read input: 1.5, which is expected to match: 1.5
Called prefire()
Called fire()
Checking for deadlock:
There are 3 Blocked actors, 0 Stopped actors, and 4 active threads.
Waiting for actors to stop.
Sent output token with value 1.5
Next port to read input from is inputB
Called postfire()
Called prefire()
Called fire()
Checking for deadlock:
There are 2 Blocked actors, 0 Stopped actors, and 4 active threads.
Waiting for actors to stop.
Called postfire()
Called prefire()
Called fire()
Checking for deadlock:
There are 3 Blocked actors, 0 Stopped actors, and 4 active threads.
Waiting for actors to stop.
Read input token from inputB with value 3.0
Checking for deadlock:
There are 2 Blocked actors, 0 Stopped actors, and 4 active threads.
Waiting for actors to stop.
-- Read input: 2.0, which is expected to match: 2.0
Called prefire()
Called fire()
Checking for deadlock:
There are 3 Blocked actors, 0 Stopped actors, and 4 active threads.
Waiting for actors to stop.
Sent output token with value 2.0
Next port to read input from is inputA
Called postfire()
Called prefire()
Called fire()
Checking for deadlock:
There are 2 Blocked actors, 0 Stopped actors, and 4 active threads.
Waiting for actors to stop.
Called postfire()
Called prefire()
Called fire()
Checking for deadlock:
There are 3 Blocked actors, 0 Stopped actors, and 4 active threads.
Waiting for actors to stop.
Read input token from inputA with value 3.0
Checking for deadlock:
There are 2 Blocked actors, 0 Stopped actors, and 4 active threads.
Waiting for actors to stop.
-- Read input: 3.0, which is expected to match: 3.0
Called prefire()
Called fire()
Checking for deadlock:
There are 3 Blocked actors, 0 Stopped actors, and 4 active threads.
Waiting for actors to stop.
Sent output token with value 3.0
Next port to read input from is inputB
Called postfire()
Called prefire()
Called fire()
Checking for deadlock:
There are 2 Blocked actors, 0 Stopped actors, and 4 active threads.
Waiting for actors to stop.
Called postfire()
Called prefire()
Called fire()
Checking for deadlock:
There are 3 Blocked actors, 0 Stopped actors, and 4 active threads.
Waiting for actors to stop.
Read input token from inputB with value 4.5
Checking for deadlock:
There are 2 Blocked actors, 0 Stopped actors, and 4 active threads.
Waiting for actors to stop.
-- Read input: 3.0, which is expected to match: 3.0
Called prefire()
Called fire()
Checking for deadlock:
There are 3 Blocked actors, 0 Stopped actors, and 4 active threads.
Waiting for actors to stop.
Sent output token with value 3.0
Next port to read input from is inputA
Called postfire()
Called prefire()
Called fire()
Checking for deadlock:
There are 2 Blocked actors, 0 Stopped actors, and 4 active threads.
Waiting for actors to stop.
Called postfire()
Called prefire()
Called fire()
Checking for deadlock:
There are 3 Blocked actors, 0 Stopped actors, and 4 active threads.
Waiting for actors to stop.
Read input token from inputA with value 4.0
Checking for deadlock:
There are 2 Blocked actors, 0 Stopped actors, and 4 active threads.
Waiting for actors to stop.
-- Read input: 4.0, which is expected to match: 4.0
Called prefire()
Called fire()
Past the end of training data. Read and discard all inputs.
Checking for deadlock:
There are 3 Blocked actors, 0 Stopped actors, and 4 active threads.
Waiting for actors to stop.
Sent output token with value 4.0
Next port to read input from is inputA
Called postfire()
Called prefire()
Called fire()
Checking for deadlock:
There are 2 Blocked actors, 0 Stopped actors, and 4 active threads.
Waiting for actors to stop.
Called postfire()
Called prefire()
Called fire()
Checking for deadlock:
There are 3 Blocked actors, 0 Stopped actors, and 4 active threads.
Waiting for actors to stop.
Read input token from inputA with value 5.0
Checking for deadlock:
There are 2 Blocked actors, 0 Stopped actors, and 4 active threads.
Waiting for actors to stop.
Called prefire()
Called fire()
Past the end of training data. Read and discard all inputs.
Checking for deadlock:
There are 3 Blocked actors, 0 Stopped actors, and 4 active threads.
Waiting for actors to stop.
Sent output token with value 4.5
Next port to read input from is inputB
Called postfire()
Called prefire()
Called fire()
Checking for deadlock:
There are 2 Blocked actors, 0 Stopped actors, and 4 active threads.
Waiting for actors to stop.
Called postfire()
Called prefire()
Called fire()
Checking for deadlock:
There are 3 Blocked actors, 0 Stopped actors, and 4 active threads.
Waiting for actors to stop.
Read input token from inputB with value 6.0
Checking for deadlock:
There are 2 Blocked actors, 0 Stopped actors, and 4 active threads.
Waiting for actors to stop.
Called prefire()
Called fire()
Past the end of training data. Read and discard all inputs.
Checking for deadlock:
There are 3 Blocked actors, 0 Stopped actors, and 4 active threads.
Waiting for actors to stop.
Sent output token with value 5.0
Next port to read input from is inputA
Called postfire()
Called prefire()
Called fire()
Checking for deadlock:
There are 2 Blocked actors, 0 Stopped actors, and 4 active threads.
Waiting for actors to stop.
Called postfire()
Called prefire()
Called fire()
Checking for deadlock:
There are 3 Blocked actors, 0 Stopped actors, and 4 active threads.
Waiting for actors to stop.
Read input token from inputA with value 6.0
Checking for deadlock:
There are 2 Blocked actors, 0 Stopped actors, and 4 active threads.
Waiting for actors to stop.
Called prefire()
Called fire()
Past the end of training data. Read and discard all inputs.
Checking for deadlock:
There are 3 Blocked actors, 0 Stopped actors, and 4 active threads.
Waiting for actors to stop.
Sent output token with value 6.0
Next port to read input from is inputB
Called postfire()
Called prefire()
Called fire()
Checking for deadlock:
There are 2 Blocked actors, 0 Stopped actors, and 4 active threads.
Waiting for actors to stop.
Called postfire()
Called prefire()
Called fire()
Checking for deadlock:
There are 3 Blocked actors, 0 Stopped actors, and 4 active threads.
Waiting for actors to stop.
Read input token from inputB with value 7.5
Checking for deadlock:
There are 2 Blocked actors, 0 Stopped actors, and 4 active threads.
Waiting for actors to stop.
Called prefire()
Called fire()
Past the end of training data. Read and discard all inputs.
Checking for deadlock:
There are 3 Blocked actors, 0 Stopped actors, and 4 active threads.
Waiting for actors to stop.
Sent output token with value 6.0
Next port to read input from is inputA
Called postfire()
Called prefire()
Called fire()
Checking for deadlock:
There are 2 Blocked actors, 0 Stopped actors, and 4 active threads.
Waiting for actors to stop.
Called postfire()
Called prefire()
Called fire()
Checking for deadlock:
There are 3 Blocked actors, 0 Stopped actors, and 4 active threads.
Waiting for actors to stop.
Read input token from inputA with value 7.0
Checking for deadlock:
There are 2 Blocked actors, 0 Stopped actors, and 4 active threads.
Waiting for actors to stop.
Called prefire()
Called fire()
Past the end of training data. Read and discard all inputs.
Checking for deadlock:
There are 3 Blocked actors, 0 Stopped actors, and 4 active threads.
Waiting for actors to stop.
Sent output token with value 7.0
Next port to read input from is inputA
Called postfire()
Called prefire()
Called fire()
Checking for deadlock:
There are 2 Blocked actors, 0 Stopped actors, and 4 active threads.
Waiting for actors to stop.
-- Thread wrapup() called.
Called wrapup()
Thread .top.Ramp is exiting.
Checking for deadlock:
There are 2 Blocked actors, 0 Stopped actors, and 3 active threads.
Waiting for actors to stop.
-- Thread stopped.
Read input token from inputA with value 8.0
Checking for deadlock:
There are 1 Blocked actors, 0 Stopped actors, and 3 active threads.
Waiting for actors to stop.
Called prefire()
Called fire()
Past the end of training data. Read and discard all inputs.
Checking for deadlock:
There are 2 Blocked actors, 0 Stopped actors, and 3 active threads.
Waiting for actors to stop.
Sent output token with value 7.5
Next port to read input from is inputB
Called postfire()
Called prefire()
Called fire()
Checking for deadlock:
There are 1 Blocked actors, 0 Stopped actors, and 3 active threads.
Waiting for actors to stop.
Called postfire()
Called prefire()
Called fire()
Checking for deadlock:
There are 2 Blocked actors, 0 Stopped actors, and 3 active threads.
Waiting for actors to stop.
Read input token from inputB with value 9.0
Checking for deadlock:
There are 1 Blocked actors, 0 Stopped actors, and 3 active threads.
Waiting for actors to stop.
Called prefire()
Called fire()
Past the end of training data. Read and discard all inputs.
Checking for deadlock:
There are 2 Blocked actors, 0 Stopped actors, and 3 active threads.
Waiting for actors to stop.
Sent output token with value 8.0
Next port to read input from is inputA
Called postfire()
Called prefire()
Called fire()
Read input token from inputA with value 9.0
Checking for deadlock:
There are 1 Blocked actors, 0 Stopped actors, and 3 active threads.
Waiting for actors to stop.
Called prefire()
Called fire()
Past the end of training data. Read and discard all inputs.
Checking for deadlock:
There are 2 Blocked actors, 0 Stopped actors, and 3 active threads.
Waiting for actors to stop.
Sent output token with value 9.0
Next port to read input from is inputB
Called postfire()
Called prefire()
Called fire()
Checking for deadlock:
There are 1 Blocked actors, 0 Stopped actors, and 3 active threads.
Waiting for actors to stop.
Called postfire()
Called prefire()
Called fire()
Checking for deadlock:
There are 2 Blocked actors, 0 Stopped actors, and 3 active threads.
Waiting for actors to stop.
Read input token from inputB with value 10.5
Checking for deadlock:
There are 1 Blocked actors, 0 Stopped actors, and 3 active threads.
Waiting for actors to stop.
Called prefire()
Called fire()
Past the end of training data. Read and discard all inputs.
Checking for deadlock:
There are 2 Blocked actors, 0 Stopped actors, and 3 active threads.
Waiting for actors to stop.
Sent output token with value 9.0
Next port to read input from is inputA
Called postfire()
Called prefire()
Called fire()
Checking for deadlock:
There are 3 Blocked actors, 0 Stopped actors, and 3 active threads.
Actors have stopped.
Checking for deadlock:
There are 3 Blocked actors, 0 Stopped actors, and 3 active threads.
Deadlock detected.
Resolving Deadlock
Checking for deadlock:
There are 3 Blocked actors, 0 Stopped actors, and 3 active threads.
Artificial Deadlock - increasing queue capacity.
increasing the capacity of receiver ptolemy.actor.TypedIOPort {.top.OrderedMerge.inputB} to 2
Director: Called postfire().
Called postfire().
_stopRequested = false
_stopFireRequested = false
Returning from postfire(): true
Called fire().
Checking for deadlock:
There are 2 Blocked actors, 0 Stopped actors, and 3 active threads.
Waiting for actors to stop.
-- Thread wrapup() called.
Called wrapup()
Thread .top.Ramp2 is exiting.
-- Thread stopped.
Checking for deadlock:
There are 2 Blocked actors, 0 Stopped actors, and 2 active threads.
Actors have stopped.
Checking for deadlock:
There are 2 Blocked actors, 0 Stopped actors, and 2 active threads.
Deadlock detected.
Resolving Deadlock
Checking for deadlock:
There are 2 Blocked actors, 0 Stopped actors, and 2 active threads.
Deadlock detected: no processes blocked on write, but some are blocked on read.
Called postfire().
_stopRequested = false
_stopFireRequested = false
Returning from postfire(): false
Finished deactivating branches.
Called wrapup().
-- Thread wrapup() called.
Called wrapup()
Thread .top.OrderedMerge is exiting.
-- Thread stopped.
-- Blocked Receiver call threw TerminateProcessException.
-- Thread wrapup() called.
Called wrapup()
Thread .top.Test is exiting.
-- Thread stopped.
-- Blocked Receiver call threw TerminateProcessException.
44 ms. Memory: 208384K Free: 106026K (51%)
/home/travis/build/icyphy/ptII/ptolemy/actor/lib/test/Publisher.tcl
15 ms. Memory: 208384K Free: 98783K (47%)
4 ms. Memory: 208384K Free: 93954K (45%)
2 ms. Memory: 208384K Free: 89124K (43%)
4 ms. Memory: 208384K Free: 89124K (43%)
8 ms. Memory: 208384K Free: 89124K (43%)
11 ms. Memory: 208384K Free: 86710K (42%)
3 ms. Memory: 208384K Free: 86710K (42%)
3 ms. Memory: 208384K Free: 86710K (42%)
6 ms. Memory: 208384K Free: 197201K (95%)
6 ms. Memory: 208384K Free: 194490K (93%)
4 ms. Memory: 208384K Free: 192116K (92%)
2 ms. Memory: 208384K Free: 189743K (91%)
7 ms. Memory: 208384K Free: 182622K (88%)
10 ms. Memory: 208384K Free: 173128K (83%)
6 ms. Memory: 208384K Free: 161260K (77%)
/home/travis/build/icyphy/ptII/ptolemy/actor/lib/test/Pulse.tcl
5 ms. Memory: 208384K Free: 118536K (57%)
8 ms. Memory: 208384K Free: 118536K (57%)
1 ms. Memory: 208384K Free: 116162K (56%)
2 ms. Memory: 208384K Free: 116162K (56%)
1 ms. Memory: 208384K Free: 116162K (56%)
1 ms. Memory: 208384K Free: 113788K (55%)
2 ms. Memory: 208384K Free: 113788K (55%)
1 ms. Memory: 208384K Free: 113788K (55%)
1 ms. Memory: 208384K Free: 111415K (53%)
/home/travis/build/icyphy/ptII/ptolemy/actor/lib/test/Ramp.tcl
5 ms. Memory: 208384K Free: 111415K (53%)
1 ms. Memory: 208384K Free: 109041K (52%)
2 ms. Memory: 208384K Free: 109041K (52%)
1 ms. Memory: 208384K Free: 109041K (52%)
3 ms. Memory: 208384K Free: 106652K (51%)
4 ms. Memory: 208384K Free: 106652K (51%)
4 ms. Memory: 208384K Free: 106652K (51%)
5 actors
5000 microseconds per iteration to create
4 ms. Memory: 208384K Free: 101904K (49%)
1 ms. Memory: 208384K Free: 101904K (49%)
2 ms. Memory: 208384K Free: 101904K (49%)
2 ms. Memory: 208384K Free: 101904K (49%)
50 actors
26000 microseconds per iteration to create
34 ms. Memory: 208384K Free: 85241K (41%)
5 ms. Memory: 208384K Free: 85241K (41%)
14 ms. Memory: 208384K Free: 82868K (40%)
10 ms. Memory: 208384K Free: 82868K (40%)
500 actors
1504000 microseconds per iteration to create
263 ms. Memory: 331776K Free: 160346K (48%)
61 ms. Memory: 331776K Free: 150781K (45%)
56 ms. Memory: 331776K Free: 146003K (44%)
53 ms. Memory: 331776K Free: 141224K (43%)
/home/travis/build/icyphy/ptII/ptolemy/actor/lib/test/RampContinuous.tcl
6 ms. Memory: 331776K Free: 141224K (43%)
/home/travis/build/icyphy/ptII/ptolemy/actor/lib/test/RecordAssembler.tcl
5 ms. Memory: 331776K Free: 141224K (43%)
7 ms. Memory: 331776K Free: 136430K (41%)
/home/travis/build/icyphy/ptII/ptolemy/actor/lib/test/RecordDisassembler.tcl
5 ms. Memory: 331776K Free: 136430K (41%)
5 ms. Memory: 331776K Free: 136430K (41%)
6 ms. Memory: 331776K Free: 136430K (41%)
/home/travis/build/icyphy/ptII/ptolemy/actor/lib/test/Scale.tcl
2 ms. Memory: 331776K Free: 131651K (40%)
2 ms. Memory: 331776K Free: 131651K (40%)
1 ms. Memory: 331776K Free: 131651K (40%)
4 ms. Memory: 331776K Free: 131651K (40%)
3 ms. Memory: 331776K Free: 131651K (40%)
/home/travis/build/icyphy/ptII/ptolemy/actor/lib/test/SequentialClock.tcl
preinitializing
resolving types
initializing
executing number 1
wrapping up
idle
3 ms. Memory: 331776K Free: 126872K (38%)
Completed execution with 5 iterations
preinitializing
resolving types
initializing
executing number 1
wrapping up
idle
1 ms. Memory: 331776K Free: 126872K (38%)
Completed execution with 5 iterations
preinitializing
resolving types
initializing
executing number 1
wrapping up
idle
2 ms. Memory: 331776K Free: 126872K (38%)
Completed execution with 5 iterations
/home/travis/build/icyphy/ptII/ptolemy/actor/lib/test/SetVariable.tcl
4 ms. Memory: 331776K Free: 126872K (38%)
/home/travis/build/icyphy/ptII/ptolemy/actor/lib/test/Sinewave.tcl
/home/travis/build/icyphy/ptII/ptolemy/actor/lib/test/SubscriptionAggregator.tcl
17 ms. Memory: 331776K Free: 112520K (34%)
8 ms. Memory: 331776K Free: 112520K (34%)
1 ms. Memory: 331776K Free: 112520K (34%)
1 ms. Memory: 331776K Free: 107583K (32%)
1 ms. Memory: 331776K Free: 107583K (32%)
4 ms. Memory: 331776K Free: 102789K (31%)
...............................................................831 ms. Memory: 577536K Free: 305711K (53%)
/home/travis/build/icyphy/ptII/ptolemy/actor/lib/test/Test.tcl
 The next command will produce a warning about training mode,
   which may be ignored.
4 ms. Memory: 577536K Free: 305711K (53%)
2 ms. Memory: 577536K Free: 305711K (53%)
1 ms. Memory: 577536K Free: 305711K (53%)
1 ms. Memory: 577536K Free: 305711K (53%)
2 ms. Memory: 577536K Free: 296076K (51%)
2 ms. Memory: 577536K Free: 296076K (51%)
4 ms. Memory: 577536K Free: 296076K (51%)
 The next command will produce a warning about training mode,
   which may be ignored.
9 ms. Memory: 577536K Free: 296076K (51%)
 The next command will produce a warning about training mode,
   which may be ignored.
3 ms. Memory: 577536K Free: 296076K (51%)
1 ms. Memory: 577536K Free: 296076K (51%)
0 ms. Memory: 577536K Free: 296076K (51%)
4 ms. Memory: 577536K Free: 296076K (51%)
2 ms. Memory: 577536K Free: 296076K (51%)
5 ms. Memory: 577536K Free: 286457K (50%)
/home/travis/build/icyphy/ptII/ptolemy/actor/lib/test/TestExceptionHandler.tcl
 The next command will produce a warning about training mode,
   which may be ignored.
2 ms. Memory: 577536K Free: 286457K (50%)
1 ms. Memory: 577536K Free: 286457K (50%)
1 ms. Memory: 577536K Free: 286457K (50%)
/home/travis/build/icyphy/ptII/ptolemy/actor/lib/test/UnionDisassembler.tcl
25 ms. Memory: 577536K Free: 276837K (48%)
/home/travis/build/icyphy/ptII/ptolemy/actor/lib/test/VariableClock.tcl
preinitializing
resolving types
initializing
executing number 1
wrapping up
idle
9 ms. Memory: 577536K Free: 276837K (48%)
Completed execution with 11 iterations
preinitializing
resolving types
initializing
executing number 1
wrapping up
idle
3 ms. Memory: 577536K Free: 276837K (48%)
Completed execution with 10 iterations
10/27/18 02:32:16
Failed: 0  Total Tests: 234  ((Passed: 234, Newly Passed: 0)  Known Failed: 0) /home/travis/build/icyphy/ptII/ptolemy/actor/lib/test
----------------- testing (KnownFailure) /home/travis/build/icyphy/ptII/ptolemy/actor/lib/test/auto/knownFailedTests/PublisherPortToplevelSubscriber.xml
1 ms. Memory: 577536K Free: 267109K (46%)
Known Failure: java.lang.reflect.InvocationTargetException
----------------- testing (KnownFailure) /home/travis/build/icyphy/ptII/ptolemy/actor/lib/test/auto/knownFailedTests/PublisherSubscriberPortToplevel.xml
1 ms. Memory: 577536K Free: 247653K (43%)
Known Failure: java.lang.reflect.InvocationTargetException
----------------- testing (KnownFailure) /home/travis/build/icyphy/ptII/ptolemy/actor/lib/test/auto/knownFailedTests/PublisherSubscriptionAggregatorPort.xml
3 ms. Memory: 577536K Free: 228197K (40%)
Known Failure: java.lang.reflect.InvocationTargetException
----------------- testing (KnownFailure) /home/travis/build/icyphy/ptII/ptolemy/actor/lib/test/auto/knownFailedTests/sizedarray3.xml
6 ms. Memory: 577536K Free: 208741K (36%)
Known Failure: java.lang.reflect.InvocationTargetException
No auto/linux-amd64/*.xml tests in /home/travis/build/icyphy/ptII/ptolemy/actor/lib/test
AutoTests.java: About to close Vertx.
AutoTests.java: Vertx closed.

===========================================================================================
----------------- testing Sat Oct 27 02:32:17 UTC 2018 /home/travis/build/icyphy/ptII/ptolemy/actor/lib/test/auto/AbsoluteValue.xml
----------------- Instantiating /home/travis/build/icyphy/ptII/ptolemy/actor/lib/test/auto/AbsoluteValue.xml
12 ms. Memory: 577536K Free: 121514K (21%)
----------------- Invoking toplevel() on ptolemy.moml.MoMLSimpleApplication@3acea7cc
----------------- Done invoking toplevel() on ptolemy.moml.MoMLSimpleApplication@3acea7cc
reloadAllAccessors: .AbsoluteValue

===========================================================================================
----------------- testing Sat Oct 27 02:32:17 UTC 2018 /home/travis/build/icyphy/ptII/ptolemy/actor/lib/test/auto/AbsoluteValue2.xml
----------------- Instantiating /home/travis/build/icyphy/ptII/ptolemy/actor/lib/test/auto/AbsoluteValue2.xml
7 ms. Memory: 577536K Free: 106906K (19%)
----------------- Invoking toplevel() on ptolemy.moml.MoMLSimpleApplication@7fcaf989
----------------- Done invoking toplevel() on ptolemy.moml.MoMLSimpleApplication@7fcaf989
reloadAllAccessors: .AbsoluteValue2

===========================================================================================
----------------- testing Sat Oct 27 02:32:17 UTC 2018 /home/travis/build/icyphy/ptII/ptolemy/actor/lib/test/auto/Accumulator.xml
----------------- Instantiating /home/travis/build/icyphy/ptII/ptolemy/actor/lib/test/auto/Accumulator.xml
11 ms. Memory: 577536K Free: 97178K (17%)
----------------- Invoking toplevel() on ptolemy.moml.MoMLSimpleApplication@7be98799
----------------- Done invoking toplevel() on ptolemy.moml.MoMLSimpleApplication@7be98799
reloadAllAccessors: .Accumulator

===========================================================================================
----------------- testing Sat Oct 27 02:32:17 UTC 2018 /home/travis/build/icyphy/ptII/ptolemy/actor/lib/test/auto/Accumulator2.xml
----------------- Instantiating /home/travis/build/icyphy/ptII/ptolemy/actor/lib/test/auto/Accumulator2.xml
12 ms. Memory: 577536K Free: 77831K (13%)
----------------- Invoking toplevel() on ptolemy.moml.MoMLSimpleApplication@5669deb1
----------------- Done invoking toplevel() on ptolemy.moml.MoMLSimpleApplication@5669deb1
reloadAllAccessors: .Accumulator2

===========================================================================================
----------------- testing Sat Oct 27 02:32:17 UTC 2018 /home/travis/build/icyphy/ptII/ptolemy/actor/lib/test/auto/Accumulator3.xml
----------------- Instantiating /home/travis/build/icyphy/ptII/ptolemy/actor/lib/test/auto/Accumulator3.xml
5 ms. Memory: 577536K Free: 70016K (12%)
----------------- Invoking toplevel() on ptolemy.moml.MoMLSimpleApplication@64cbf1f7
----------------- Done invoking toplevel() on ptolemy.moml.MoMLSimpleApplication@64cbf1f7
reloadAllAccessors: .Accumulator3

===========================================================================================
----------------- testing Sat Oct 27 02:32:17 UTC 2018 /home/travis/build/icyphy/ptII/ptolemy/actor/lib/test/auto/ArrayAppend.xml
----------------- Instantiating /home/travis/build/icyphy/ptII/ptolemy/actor/lib/test/auto/ArrayAppend.xml
10 ms. Memory: 580608K Free: 526494K (91%)
----------------- Invoking toplevel() on ptolemy.moml.MoMLSimpleApplication@6bdb7729
----------------- Done invoking toplevel() on ptolemy.moml.MoMLSimpleApplication@6bdb7729
reloadAllAccessors: .ArrayAppend

===========================================================================================
----------------- testing Sat Oct 27 02:32:17 UTC 2018 /home/travis/build/icyphy/ptII/ptolemy/actor/lib/test/auto/ArrayAppend2.xml
----------------- Instantiating /home/travis/build/icyphy/ptII/ptolemy/actor/lib/test/auto/ArrayAppend2.xml
674 ms. Memory: 580608K Free: 440262K (76%)
----------------- Invoking toplevel() on ptolemy.moml.MoMLSimpleApplication@e1bb60b
----------------- Done invoking toplevel() on ptolemy.moml.MoMLSimpleApplication@e1bb60b
reloadAllAccessors: .ArrayAppend2

===========================================================================================
----------------- testing Sat Oct 27 02:32:18 UTC 2018 /home/travis/build/icyphy/ptII/ptolemy/actor/lib/test/auto/ArrayAppend3.xml
----------------- Instantiating /home/travis/build/icyphy/ptII/ptolemy/actor/lib/test/auto/ArrayAppend3.xml
5 ms. Memory: 580608K Free: 430534K (74%)
----------------- Invoking toplevel() on ptolemy.moml.MoMLSimpleApplication@5b37039d
----------------- Done invoking toplevel() on ptolemy.moml.MoMLSimpleApplication@5b37039d
reloadAllAccessors: .ArrayAppend3

===========================================================================================
----------------- testing Sat Oct 27 02:32:18 UTC 2018 /home/travis/build/icyphy/ptII/ptolemy/actor/lib/test/auto/ArrayAppend4.xml
----------------- Instantiating /home/travis/build/icyphy/ptII/ptolemy/actor/lib/test/auto/ArrayAppend4.xml
2 ms. Memory: 580608K Free: 420806K (72%)
----------------- Invoking toplevel() on ptolemy.moml.MoMLSimpleApplication@4f716f84
----------------- Done invoking toplevel() on ptolemy.moml.MoMLSimpleApplication@4f716f84
reloadAllAccessors: .ArrayAppend4

===========================================================================================
----------------- testing Sat Oct 27 02:32:18 UTC 2018 /home/travis/build/icyphy/ptII/ptolemy/actor/lib/test/auto/ArrayAppend5.xml
----------------- Instantiating /home/travis/build/icyphy/ptII/ptolemy/actor/lib/test/auto/ArrayAppend5.xml
3 ms. Memory: 580608K Free: 402669K (69%)
----------------- Invoking toplevel() on ptolemy.moml.MoMLSimpleApplication@57a8924a
----------------- Done invoking toplevel() on ptolemy.moml.MoMLSimpleApplication@57a8924a
reloadAllAccessors: .ArrayAppend5

===========================================================================================
----------------- testing Sat Oct 27 02:32:18 UTC 2018 /home/travis/build/icyphy/ptII/ptolemy/actor/lib/test/auto/ArrayAppend6.xml
----------------- Instantiating /home/travis/build/icyphy/ptII/ptolemy/actor/lib/test/auto/ArrayAppend6.xml
3 ms. Memory: 580608K Free: 392941K (68%)
----------------- Invoking toplevel() on ptolemy.moml.MoMLSimpleApplication@54909be2
----------------- Done invoking toplevel() on ptolemy.moml.MoMLSimpleApplication@54909be2
reloadAllAccessors: .ArrayAppend6

===========================================================================================
----------------- testing Sat Oct 27 02:32:18 UTC 2018 /home/travis/build/icyphy/ptII/ptolemy/actor/lib/test/auto/ArrayAppendPerformanceTest.xml
----------------- Instantiating /home/travis/build/icyphy/ptII/ptolemy/actor/lib/test/auto/ArrayAppendPerformanceTest.xml
16 ms. Memory: 580608K Free: 378333K (65%)
----------------- Invoking toplevel() on ptolemy.moml.MoMLSimpleApplication@683362b7
----------------- Done invoking toplevel() on ptolemy.moml.MoMLSimpleApplication@683362b7
reloadAllAccessors: .ArrayAppendPerformanceTest

===========================================================================================
----------------- testing Sat Oct 27 02:32:18 UTC 2018 /home/travis/build/icyphy/ptII/ptolemy/actor/lib/test/auto/ArrayAppendWithEmptyInput.xml
----------------- Instantiating /home/travis/build/icyphy/ptII/ptolemy/actor/lib/test/auto/ArrayAppendWithEmptyInput.xml
22 ms. Memory: 580608K Free: 363725K (63%)
----------------- Invoking toplevel() on ptolemy.moml.MoMLSimpleApplication@26518194
----------------- Done invoking toplevel() on ptolemy.moml.MoMLSimpleApplication@26518194
reloadAllAccessors: .ArrayAppendWithEmptyInput

===========================================================================================
----------------- testing Sat Oct 27 02:32:18 UTC 2018 /home/travis/build/icyphy/ptII/ptolemy/actor/lib/test/auto/ArrayAverage.xml
----------------- Instantiating /home/travis/build/icyphy/ptII/ptolemy/actor/lib/test/auto/ArrayAverage.xml
8 ms. Memory: 580608K Free: 340708K (59%)
----------------- Invoking toplevel() on ptolemy.moml.MoMLSimpleApplication@2b0d9305
----------------- Done invoking toplevel() on ptolemy.moml.MoMLSimpleApplication@2b0d9305
reloadAllAccessors: .ArrayAverage

===========================================================================================
----------------- testing Sat Oct 27 02:32:18 UTC 2018 /home/travis/build/icyphy/ptII/ptolemy/actor/lib/test/auto/ArrayContains.xml
----------------- Instantiating /home/travis/build/icyphy/ptII/ptolemy/actor/lib/test/auto/ArrayContains.xml
10 ms. Memory: 580608K Free: 330980K (57%)
----------------- Invoking toplevel() on ptolemy.moml.MoMLSimpleApplication@a37ef61
----------------- Done invoking toplevel() on ptolemy.moml.MoMLSimpleApplication@a37ef61
reloadAllAccessors: .ArrayContains

===========================================================================================
----------------- testing Sat Oct 27 02:32:18 UTC 2018 /home/travis/build/icyphy/ptII/ptolemy/actor/lib/test/auto/ArrayElement.xml
----------------- Instantiating /home/travis/build/icyphy/ptII/ptolemy/actor/lib/test/auto/ArrayElement.xml
8 ms. Memory: 580608K Free: 321252K (55%)
----------------- Invoking toplevel() on ptolemy.moml.MoMLSimpleApplication@7cd29c4
----------------- Done invoking toplevel() on ptolemy.moml.MoMLSimpleApplication@7cd29c4
reloadAllAccessors: .ArrayElement

===========================================================================================
----------------- testing Sat Oct 27 02:32:18 UTC 2018 /home/travis/build/icyphy/ptII/ptolemy/actor/lib/test/auto/ArrayElementAsMatrix.xml
----------------- Instantiating /home/travis/build/icyphy/ptII/ptolemy/actor/lib/test/auto/ArrayElementAsMatrix.xml
16 ms. Memory: 580608K Free: 306644K (53%)
----------------- Invoking toplevel() on ptolemy.moml.MoMLSimpleApplication@dfd0c5d
----------------- Done invoking toplevel() on ptolemy.moml.MoMLSimpleApplication@dfd0c5d
reloadAllAccessors: .ArrayElementAsMatrix

===========================================================================================
----------------- testing Sat Oct 27 02:32:19 UTC 2018 /home/travis/build/icyphy/ptII/ptolemy/actor/lib/test/auto/ArrayElementI.xml
----------------- Instantiating /home/travis/build/icyphy/ptII/ptolemy/actor/lib/test/auto/ArrayElementI.xml
3 ms. Memory: 580608K Free: 288508K (50%)
----------------- Invoking toplevel() on ptolemy.moml.MoMLSimpleApplication@48dc6c22
----------------- Done invoking toplevel() on ptolemy.moml.MoMLSimpleApplication@48dc6c22
reloadAllAccessors: .ArrayElementI

===========================================================================================
----------------- testing Sat Oct 27 02:32:19 UTC 2018 /home/travis/build/icyphy/ptII/ptolemy/actor/lib/test/auto/ArrayExtract.xml
----------------- Instantiating /home/travis/build/icyphy/ptII/ptolemy/actor/lib/test/auto/ArrayExtract.xml
5 ms. Memory: 580608K Free: 278780K (48%)
----------------- Invoking toplevel() on ptolemy.moml.MoMLSimpleApplication@5f3d886f
----------------- Done invoking toplevel() on ptolemy.moml.MoMLSimpleApplication@5f3d886f
reloadAllAccessors: .ArrayExtract

===========================================================================================
----------------- testing Sat Oct 27 02:32:19 UTC 2018 /home/travis/build/icyphy/ptII/ptolemy/actor/lib/test/auto/ArrayExtract2.xml
----------------- Instantiating /home/travis/build/icyphy/ptII/ptolemy/actor/lib/test/auto/ArrayExtract2.xml
2 ms. Memory: 580608K Free: 269052K (46%)
----------------- Invoking toplevel() on ptolemy.moml.MoMLSimpleApplication@61459c71
----------------- Done invoking toplevel() on ptolemy.moml.MoMLSimpleApplication@61459c71
reloadAllAccessors: .ArrayExtract2

===========================================================================================
----------------- testing Sat Oct 27 02:32:19 UTC 2018 /home/travis/build/icyphy/ptII/ptolemy/actor/lib/test/auto/ArrayLength.xml
----------------- Instantiating /home/travis/build/icyphy/ptII/ptolemy/actor/lib/test/auto/ArrayLength.xml
2 ms. Memory: 580608K Free: 259324K (45%)
----------------- Invoking toplevel() on ptolemy.moml.MoMLSimpleApplication@5eff53cf
----------------- Done invoking toplevel() on ptolemy.moml.MoMLSimpleApplication@5eff53cf
reloadAllAccessors: .ArrayLength

===========================================================================================
----------------- testing Sat Oct 27 02:32:19 UTC 2018 /home/travis/build/icyphy/ptII/ptolemy/actor/lib/test/auto/ArrayLevelCrossing.xml
----------------- Instantiating /home/travis/build/icyphy/ptII/ptolemy/actor/lib/test/auto/ArrayLevelCrossing.xml
3 ms. Memory: 580608K Free: 236307K (41%)
----------------- Invoking toplevel() on ptolemy.moml.MoMLSimpleApplication@1d88e1ee
----------------- Done invoking toplevel() on ptolemy.moml.MoMLSimpleApplication@1d88e1ee
reloadAllAccessors: .ArrayLevelCrossing

===========================================================================================
----------------- testing Sat Oct 27 02:32:19 UTC 2018 /home/travis/build/icyphy/ptII/ptolemy/actor/lib/test/auto/ArrayLevelCrossing2.xml
----------------- Instantiating /home/travis/build/icyphy/ptII/ptolemy/actor/lib/test/auto/ArrayLevelCrossing2.xml
4 ms. Memory: 580608K Free: 221699K (38%)
----------------- Invoking toplevel() on ptolemy.moml.MoMLSimpleApplication@2850329e
----------------- Done invoking toplevel() on ptolemy.moml.MoMLSimpleApplication@2850329e
reloadAllAccessors: .ArrayLevelCrossing2

===========================================================================================
----------------- testing Sat Oct 27 02:32:19 UTC 2018 /home/travis/build/icyphy/ptII/ptolemy/actor/lib/test/auto/ArrayPeakSearch.xml
----------------- Instantiating /home/travis/build/icyphy/ptII/ptolemy/actor/lib/test/auto/ArrayPeakSearch.xml
6 ms. Memory: 580608K Free: 207091K (36%)
----------------- Invoking toplevel() on ptolemy.moml.MoMLSimpleApplication@6730011a
----------------- Done invoking toplevel() on ptolemy.moml.MoMLSimpleApplication@6730011a
reloadAllAccessors: .ArrayPeakSearch

===========================================================================================
----------------- testing Sat Oct 27 02:32:19 UTC 2018 /home/travis/build/icyphy/ptII/ptolemy/actor/lib/test/auto/ArrayPeakSearch2.xml
----------------- Instantiating /home/travis/build/icyphy/ptII/ptolemy/actor/lib/test/auto/ArrayPeakSearch2.xml
8 ms. Memory: 580608K Free: 192483K (33%)
----------------- Invoking toplevel() on ptolemy.moml.MoMLSimpleApplication@2418dc6f
----------------- Done invoking toplevel() on ptolemy.moml.MoMLSimpleApplication@2418dc6f
reloadAllAccessors: .ArrayPeakSearch2

===========================================================================================
----------------- testing Sat Oct 27 02:32:19 UTC 2018 /home/travis/build/icyphy/ptII/ptolemy/actor/lib/test/auto/ArrayPeakSearch3.xml
----------------- Instantiating /home/travis/build/icyphy/ptII/ptolemy/actor/lib/test/auto/ArrayPeakSearch3.xml
6 ms. Memory: 580608K Free: 169466K (29%)
----------------- Invoking toplevel() on ptolemy.moml.MoMLSimpleApplication@4cfb410f
----------------- Done invoking toplevel() on ptolemy.moml.MoMLSimpleApplication@4cfb410f
reloadAllAccessors: .ArrayPeakSearch3

===========================================================================================
----------------- testing Sat Oct 27 02:32:19 UTC 2018 /home/travis/build/icyphy/ptII/ptolemy/actor/lib/test/auto/ArrayRemoveElement.xml
----------------- Instantiating /home/travis/build/icyphy/ptII/ptolemy/actor/lib/test/auto/ArrayRemoveElement.xml
3 ms. Memory: 580608K Free: 154858K (27%)
----------------- Invoking toplevel() on ptolemy.moml.MoMLSimpleApplication@5f2a4a29
----------------- Done invoking toplevel() on ptolemy.moml.MoMLSimpleApplication@5f2a4a29
reloadAllAccessors: .ArrayRemoveElement

===========================================================================================
----------------- testing Sat Oct 27 02:32:19 UTC 2018 /home/travis/build/icyphy/ptII/ptolemy/actor/lib/test/auto/ArraySort.xml
----------------- Instantiating /home/travis/build/icyphy/ptII/ptolemy/actor/lib/test/auto/ArraySort.xml
4 ms. Memory: 580608K Free: 140250K (24%)
----------------- Invoking toplevel() on ptolemy.moml.MoMLSimpleApplication@29555aff
----------------- Done invoking toplevel() on ptolemy.moml.MoMLSimpleApplication@29555aff
reloadAllAccessors: .ArraySort

===========================================================================================
----------------- testing Sat Oct 27 02:32:19 UTC 2018 /home/travis/build/icyphy/ptII/ptolemy/actor/lib/test/auto/ArraySum.xml
----------------- Instantiating /home/travis/build/icyphy/ptII/ptolemy/actor/lib/test/auto/ArraySum.xml
3 ms. Memory: 580608K Free: 122114K (21%)
----------------- Invoking toplevel() on ptolemy.moml.MoMLSimpleApplication@4bac0191
----------------- Done invoking toplevel() on ptolemy.moml.MoMLSimpleApplication@4bac0191
reloadAllAccessors: .ArraySum

===========================================================================================
----------------- testing Sat Oct 27 02:32:19 UTC 2018 /home/travis/build/icyphy/ptII/ptolemy/actor/lib/test/auto/ArrayToElements.xml
----------------- Instantiating /home/travis/build/icyphy/ptII/ptolemy/actor/lib/test/auto/ArrayToElements.xml
4 ms. Memory: 580608K Free: 112386K (19%)
----------------- Invoking toplevel() on ptolemy.moml.MoMLSimpleApplication@c6cecca
----------------- Done invoking toplevel() on ptolemy.moml.MoMLSimpleApplication@c6cecca
reloadAllAccessors: .ArrayToElements

===========================================================================================
----------------- testing Sat Oct 27 02:32:19 UTC 2018 /home/travis/build/icyphy/ptII/ptolemy/actor/lib/test/auto/ArrayToMatrix.xml
----------------- Instantiating /home/travis/build/icyphy/ptII/ptolemy/actor/lib/test/auto/ArrayToMatrix.xml
11 ms. Memory: 580608K Free: 92913K (16%)
----------------- Invoking toplevel() on ptolemy.moml.MoMLSimpleApplication@5756148b
----------------- Done invoking toplevel() on ptolemy.moml.MoMLSimpleApplication@5756148b
reloadAllAccessors: .ArrayToMatrix

===========================================================================================
----------------- testing Sat Oct 27 02:32:19 UTC 2018 /home/travis/build/icyphy/ptII/ptolemy/actor/lib/test/auto/ArrayUpdate1.xml
----------------- Instantiating /home/travis/build/icyphy/ptII/ptolemy/actor/lib/test/auto/ArrayUpdate1.xml
3 ms. Memory: 580608K Free: 83185K (14%)
----------------- Invoking toplevel() on ptolemy.moml.MoMLSimpleApplication@340c4bb
----------------- Done invoking toplevel() on ptolemy.moml.MoMLSimpleApplication@340c4bb
reloadAllAccessors: .ArrayUpdate1

===========================================================================================
----------------- testing Sat Oct 27 02:32:19 UTC 2018 /home/travis/build/icyphy/ptII/ptolemy/actor/lib/test/auto/ArrayUpdate2.xml
----------------- Instantiating /home/travis/build/icyphy/ptII/ptolemy/actor/lib/test/auto/ArrayUpdate2.xml
3 ms. Memory: 580608K Free: 65049K (11%)
----------------- Invoking toplevel() on ptolemy.moml.MoMLSimpleApplication@110df58
----------------- Done invoking toplevel() on ptolemy.moml.MoMLSimpleApplication@110df58
reloadAllAccessors: .ArrayUpdate2

===========================================================================================
----------------- testing Sat Oct 27 02:32:19 UTC 2018 /home/travis/build/icyphy/ptII/ptolemy/actor/lib/test/auto/ArrayUpdate3.xml
----------------- Instantiating /home/travis/build/icyphy/ptII/ptolemy/actor/lib/test/auto/ArrayUpdate3.xml
1 ms. Memory: 580608K Free: 55321K (10%)
----------------- Invoking toplevel() on ptolemy.moml.MoMLSimpleApplication@43a50dab
----------------- Done invoking toplevel() on ptolemy.moml.MoMLSimpleApplication@43a50dab
reloadAllAccessors: .ArrayUpdate3

===========================================================================================
----------------- testing Sat Oct 27 02:32:19 UTC 2018 /home/travis/build/icyphy/ptII/ptolemy/actor/lib/test/auto/Assert1.xml
----------------- Instantiating /home/travis/build/icyphy/ptII/ptolemy/actor/lib/test/auto/Assert1.xml
4 ms. Memory: 879104K Free: 829897K (94%)
----------------- Invoking toplevel() on ptolemy.moml.MoMLSimpleApplication@799168e
----------------- Done invoking toplevel() on ptolemy.moml.MoMLSimpleApplication@799168e
reloadAllAccessors: .Assert1

===========================================================================================
----------------- testing Sat Oct 27 02:32:19 UTC 2018 /home/travis/build/icyphy/ptII/ptolemy/actor/lib/test/auto/Assert2.xml
----------------- Instantiating /home/travis/build/icyphy/ptII/ptolemy/actor/lib/test/auto/Assert2.xml
4 ms. Memory: 879104K Free: 802264K (91%)
----------------- Invoking toplevel() on ptolemy.moml.MoMLSimpleApplication@2ed9f47d
----------------- Done invoking toplevel() on ptolemy.moml.MoMLSimpleApplication@2ed9f47d
reloadAllAccessors: .Assert2

===========================================================================================
----------------- testing Sat Oct 27 02:32:19 UTC 2018 /home/travis/build/icyphy/ptII/ptolemy/actor/lib/test/auto/BooleanMultiplexor.xml
----------------- Instantiating /home/travis/build/icyphy/ptII/ptolemy/actor/lib/test/auto/BooleanMultiplexor.xml
2 ms. Memory: 879104K Free: 791887K (90%)
----------------- Invoking toplevel() on ptolemy.moml.MoMLSimpleApplication@41841ec1
----------------- Done invoking toplevel() on ptolemy.moml.MoMLSimpleApplication@41841ec1
reloadAllAccessors: .BooleanMultiplexor

===========================================================================================
----------------- testing Sat Oct 27 02:32:19 UTC 2018 /home/travis/build/icyphy/ptII/ptolemy/actor/lib/test/auto/BooleanMultiplexor2.xml
----------------- Instantiating /home/travis/build/icyphy/ptII/ptolemy/actor/lib/test/auto/BooleanMultiplexor2.xml
10 ms. Memory: 879104K Free: 781262K (89%)
----------------- Invoking toplevel() on ptolemy.moml.MoMLSimpleApplication@7ee5a73a
----------------- Done invoking toplevel() on ptolemy.moml.MoMLSimpleApplication@7ee5a73a
reloadAllAccessors: .BooleanMultiplexor2

===========================================================================================
----------------- testing Sat Oct 27 02:32:19 UTC 2018 /home/travis/build/icyphy/ptII/ptolemy/actor/lib/test/auto/BooleanMultiplexor3.xml
----------------- Instantiating /home/travis/build/icyphy/ptII/ptolemy/actor/lib/test/auto/BooleanMultiplexor3.xml
7 ms. Memory: 879104K Free: 770885K (88%)
----------------- Invoking toplevel() on ptolemy.moml.MoMLSimpleApplication@3da74a9e
----------------- Done invoking toplevel() on ptolemy.moml.MoMLSimpleApplication@3da74a9e
reloadAllAccessors: .BooleanMultiplexor3

===========================================================================================
----------------- testing Sat Oct 27 02:32:19 UTC 2018 /home/travis/build/icyphy/ptII/ptolemy/actor/lib/test/auto/BooleanSelect.xml
----------------- Instantiating /home/travis/build/icyphy/ptII/ptolemy/actor/lib/test/auto/BooleanSelect.xml
7 ms. Memory: 879104K Free: 751034K (85%)
----------------- Invoking toplevel() on ptolemy.moml.MoMLSimpleApplication@2f05b318
----------------- Done invoking toplevel() on ptolemy.moml.MoMLSimpleApplication@2f05b318
reloadAllAccessors: .BooleanSelect

===========================================================================================
----------------- testing Sat Oct 27 02:32:19 UTC 2018 /home/travis/build/icyphy/ptII/ptolemy/actor/lib/test/auto/BooleanSelect2.xml
----------------- Instantiating /home/travis/build/icyphy/ptII/ptolemy/actor/lib/test/auto/BooleanSelect2.xml
1 ms. Memory: 879104K Free: 740658K (84%)
----------------- Invoking toplevel() on ptolemy.moml.MoMLSimpleApplication@3e3a4ce9
----------------- Done invoking toplevel() on ptolemy.moml.MoMLSimpleApplication@3e3a4ce9
reloadAllAccessors: .BooleanSelect2

===========================================================================================
----------------- testing Sat Oct 27 02:32:19 UTC 2018 /home/travis/build/icyphy/ptII/ptolemy/actor/lib/test/auto/BooleanSwitch.xml
----------------- Instantiating /home/travis/build/icyphy/ptII/ptolemy/actor/lib/test/auto/BooleanSwitch.xml
3 ms. Memory: 879104K Free: 730281K (83%)
----------------- Invoking toplevel() on ptolemy.moml.MoMLSimpleApplication@4e85130c
----------------- Done invoking toplevel() on ptolemy.moml.MoMLSimpleApplication@4e85130c
reloadAllAccessors: .BooleanSwitch

===========================================================================================
----------------- testing Sat Oct 27 02:32:19 UTC 2018 /home/travis/build/icyphy/ptII/ptolemy/actor/lib/test/auto/BooleanSwitch2.xml
----------------- Instantiating /home/travis/build/icyphy/ptII/ptolemy/actor/lib/test/auto/BooleanSwitch2.xml
2 ms. Memory: 879104K Free: 719904K (82%)
----------------- Invoking toplevel() on ptolemy.moml.MoMLSimpleApplication@3ea5e550
----------------- Done invoking toplevel() on ptolemy.moml.MoMLSimpleApplication@3ea5e550
reloadAllAccessors: .BooleanSwitch2

===========================================================================================
----------------- testing Sat Oct 27 02:32:19 UTC 2018 /home/travis/build/icyphy/ptII/ptolemy/actor/lib/test/auto/BooleanSwitchCloningBugWithClassRelationGroup.xml
----------------- Instantiating /home/travis/build/icyphy/ptII/ptolemy/actor/lib/test/auto/BooleanSwitchCloningBugWithClassRelationGroup.xml
4 ms. Memory: 879104K Free: 700053K (80%)
----------------- Invoking toplevel() on ptolemy.moml.MoMLSimpleApplication@1606766
----------------- Done invoking toplevel() on ptolemy.moml.MoMLSimpleApplication@1606766
reloadAllAccessors: .BooleanSwitchCloningBugWithClassRelationGroup

===========================================================================================
----------------- testing Sat Oct 27 02:32:19 UTC 2018 /home/travis/build/icyphy/ptII/ptolemy/actor/lib/test/auto/BusActors.xml
----------------- Instantiating /home/travis/build/icyphy/ptII/ptolemy/actor/lib/test/auto/BusActors.xml
6 ms. Memory: 879104K Free: 684480K (78%)
----------------- Invoking toplevel() on ptolemy.moml.MoMLSimpleApplication@1f315ba9
----------------- Done invoking toplevel() on ptolemy.moml.MoMLSimpleApplication@1f315ba9
reloadAllAccessors: .BusActors

===========================================================================================
----------------- testing Sat Oct 27 02:32:20 UTC 2018 /home/travis/build/icyphy/ptII/ptolemy/actor/lib/test/auto/ClassWrapper.xml
----------------- Instantiating /home/travis/build/icyphy/ptII/ptolemy/actor/lib/test/auto/ClassWrapper.xml
2 ms. Memory: 879104K Free: 674104K (77%)
----------------- Invoking toplevel() on ptolemy.moml.MoMLSimpleApplication@7f06a78
----------------- Done invoking toplevel() on ptolemy.moml.MoMLSimpleApplication@7f06a78
reloadAllAccessors: .ClassWrapper

===========================================================================================
----------------- testing Sat Oct 27 02:32:20 UTC 2018 /home/travis/build/icyphy/ptII/ptolemy/actor/lib/test/auto/Clock.xml
----------------- Instantiating /home/travis/build/icyphy/ptII/ptolemy/actor/lib/test/auto/Clock.xml
3 ms. Memory: 879104K Free: 663727K (76%)
----------------- Invoking toplevel() on ptolemy.moml.MoMLSimpleApplication@1c74c0d0
----------------- Done invoking toplevel() on ptolemy.moml.MoMLSimpleApplication@1c74c0d0
reloadAllAccessors: .Clock

===========================================================================================
----------------- testing Sat Oct 27 02:32:20 UTC 2018 /home/travis/build/icyphy/ptII/ptolemy/actor/lib/test/auto/Clock10.xml
----------------- Instantiating /home/travis/build/icyphy/ptII/ptolemy/actor/lib/test/auto/Clock10.xml
5 ms. Memory: 879104K Free: 643876K (73%)
----------------- Invoking toplevel() on ptolemy.moml.MoMLSimpleApplication@69d06774
----------------- Done invoking toplevel() on ptolemy.moml.MoMLSimpleApplication@69d06774
reloadAllAccessors: .Clock10

===========================================================================================
----------------- testing Sat Oct 27 02:32:20 UTC 2018 /home/travis/build/icyphy/ptII/ptolemy/actor/lib/test/auto/Clock11.xml
----------------- Instantiating /home/travis/build/icyphy/ptII/ptolemy/actor/lib/test/auto/Clock11.xml
5 ms. Memory: 879104K Free: 633500K (72%)
----------------- Invoking toplevel() on ptolemy.moml.MoMLSimpleApplication@2c39798a
----------------- Done invoking toplevel() on ptolemy.moml.MoMLSimpleApplication@2c39798a
reloadAllAccessors: .Clock11

===========================================================================================
----------------- testing Sat Oct 27 02:32:20 UTC 2018 /home/travis/build/icyphy/ptII/ptolemy/actor/lib/test/auto/Clock12.xml
----------------- Instantiating /home/travis/build/icyphy/ptII/ptolemy/actor/lib/test/auto/Clock12.xml
4 ms. Memory: 879104K Free: 623123K (71%)
----------------- Invoking toplevel() on ptolemy.moml.MoMLSimpleApplication@1c1ea31f
----------------- Done invoking toplevel() on ptolemy.moml.MoMLSimpleApplication@1c1ea31f
reloadAllAccessors: .Clock12

===========================================================================================
----------------- testing Sat Oct 27 02:32:20 UTC 2018 /home/travis/build/icyphy/ptII/ptolemy/actor/lib/test/auto/Clock13.xml
----------------- Instantiating /home/travis/build/icyphy/ptII/ptolemy/actor/lib/test/auto/Clock13.xml
11 ms. Memory: 879104K Free: 612747K (70%)
----------------- Invoking toplevel() on ptolemy.moml.MoMLSimpleApplication@65929f2f
----------------- Done invoking toplevel() on ptolemy.moml.MoMLSimpleApplication@65929f2f
reloadAllAccessors: .Clock13

===========================================================================================
----------------- testing Sat Oct 27 02:32:20 UTC 2018 /home/travis/build/icyphy/ptII/ptolemy/actor/lib/test/auto/Clock14.xml
----------------- Instantiating /home/travis/build/icyphy/ptII/ptolemy/actor/lib/test/auto/Clock14.xml
9 ms. Memory: 879104K Free: 602370K (69%)
----------------- Invoking toplevel() on ptolemy.moml.MoMLSimpleApplication@1911c251
----------------- Done invoking toplevel() on ptolemy.moml.MoMLSimpleApplication@1911c251
reloadAllAccessors: .Clock14

===========================================================================================
----------------- testing Sat Oct 27 02:32:20 UTC 2018 /home/travis/build/icyphy/ptII/ptolemy/actor/lib/test/auto/Clock15.xml
----------------- Instantiating /home/travis/build/icyphy/ptII/ptolemy/actor/lib/test/auto/Clock15.xml
6 ms. Memory: 879104K Free: 582519K (66%)
----------------- Invoking toplevel() on ptolemy.moml.MoMLSimpleApplication@331ef216
----------------- Done invoking toplevel() on ptolemy.moml.MoMLSimpleApplication@331ef216
reloadAllAccessors: .Clock15

===========================================================================================
----------------- testing Sat Oct 27 02:32:20 UTC 2018 /home/travis/build/icyphy/ptII/ptolemy/actor/lib/test/auto/Clock16.xml
----------------- Instantiating /home/travis/build/icyphy/ptII/ptolemy/actor/lib/test/auto/Clock16.xml
28 ms. Memory: 879104K Free: 561742K (64%)
----------------- Invoking toplevel() on ptolemy.moml.MoMLSimpleApplication@652095e2
----------------- Done invoking toplevel() on ptolemy.moml.MoMLSimpleApplication@652095e2
reloadAllAccessors: .Clock16

===========================================================================================
----------------- testing Sat Oct 27 02:32:20 UTC 2018 /home/travis/build/icyphy/ptII/ptolemy/actor/lib/test/auto/Clock17.xml
----------------- Instantiating /home/travis/build/icyphy/ptII/ptolemy/actor/lib/test/auto/Clock17.xml
11 ms. Memory: 879104K Free: 546161K (62%)
----------------- Invoking toplevel() on ptolemy.moml.MoMLSimpleApplication@282094ac
----------------- Done invoking toplevel() on ptolemy.moml.MoMLSimpleApplication@282094ac
reloadAllAccessors: .Clock17

===========================================================================================
----------------- testing Sat Oct 27 02:32:20 UTC 2018 /home/travis/build/icyphy/ptII/ptolemy/actor/lib/test/auto/Clock18.xml
----------------- Instantiating /home/travis/build/icyphy/ptII/ptolemy/actor/lib/test/auto/Clock18.xml
13 ms. Memory: 879104K Free: 530588K (60%)
----------------- Invoking toplevel() on ptolemy.moml.MoMLSimpleApplication@6e60d3f1
----------------- Done invoking toplevel() on ptolemy.moml.MoMLSimpleApplication@6e60d3f1
reloadAllAccessors: .Clock18

===========================================================================================
----------------- testing Sat Oct 27 02:32:20 UTC 2018 /home/travis/build/icyphy/ptII/ptolemy/actor/lib/test/auto/Clock19.xml
----------------- Instantiating /home/travis/build/icyphy/ptII/ptolemy/actor/lib/test/auto/Clock19.xml
13 ms. Memory: 879104K Free: 505533K (58%)
----------------- Invoking toplevel() on ptolemy.moml.MoMLSimpleApplication@36e5cda5
----------------- Done invoking toplevel() on ptolemy.moml.MoMLSimpleApplication@36e5cda5
reloadAllAccessors: .Clock19

===========================================================================================
----------------- testing Sat Oct 27 02:32:20 UTC 2018 /home/travis/build/icyphy/ptII/ptolemy/actor/lib/test/auto/Clock2.xml
----------------- Instantiating /home/travis/build/icyphy/ptII/ptolemy/actor/lib/test/auto/Clock2.xml
6 ms. Memory: 879104K Free: 495156K (56%)
----------------- Invoking toplevel() on ptolemy.moml.MoMLSimpleApplication@72561310
----------------- Done invoking toplevel() on ptolemy.moml.MoMLSimpleApplication@72561310
reloadAllAccessors: .Clock2

===========================================================================================
----------------- testing Sat Oct 27 02:32:20 UTC 2018 /home/travis/build/icyphy/ptII/ptolemy/actor/lib/test/auto/Clock20.xml
----------------- Instantiating /home/travis/build/icyphy/ptII/ptolemy/actor/lib/test/auto/Clock20.xml
8 ms. Memory: 879104K Free: 484780K (55%)
----------------- Invoking toplevel() on ptolemy.moml.MoMLSimpleApplication@2ce67ee5
----------------- Done invoking toplevel() on ptolemy.moml.MoMLSimpleApplication@2ce67ee5
reloadAllAccessors: .Clock20

===========================================================================================
----------------- testing Sat Oct 27 02:32:20 UTC 2018 /home/travis/build/icyphy/ptII/ptolemy/actor/lib/test/auto/Clock21.xml
----------------- Instantiating /home/travis/build/icyphy/ptII/ptolemy/actor/lib/test/auto/Clock21.xml
7 ms. Memory: 879104K Free: 474403K (54%)
----------------- Invoking toplevel() on ptolemy.moml.MoMLSimpleApplication@30d88864
----------------- Done invoking toplevel() on ptolemy.moml.MoMLSimpleApplication@30d88864
reloadAllAccessors: .Clock21

===========================================================================================
----------------- testing Sat Oct 27 02:32:20 UTC 2018 /home/travis/build/icyphy/ptII/ptolemy/actor/lib/test/auto/Clock22.xml
----------------- Instantiating /home/travis/build/icyphy/ptII/ptolemy/actor/lib/test/auto/Clock22.xml
6 ms. Memory: 879104K Free: 454552K (52%)
----------------- Invoking toplevel() on ptolemy.moml.MoMLSimpleApplication@7bd1e4b4
----------------- Done invoking toplevel() on ptolemy.moml.MoMLSimpleApplication@7bd1e4b4
reloadAllAccessors: .Clock22

===========================================================================================
----------------- testing Sat Oct 27 02:32:20 UTC 2018 /home/travis/build/icyphy/ptII/ptolemy/actor/lib/test/auto/Clock23.xml
----------------- Instantiating /home/travis/build/icyphy/ptII/ptolemy/actor/lib/test/auto/Clock23.xml
7 ms. Memory: 879104K Free: 444176K (51%)
----------------- Invoking toplevel() on ptolemy.moml.MoMLSimpleApplication@7416bbe9
----------------- Done invoking toplevel() on ptolemy.moml.MoMLSimpleApplication@7416bbe9
reloadAllAccessors: .Clock23

===========================================================================================
----------------- testing Sat Oct 27 02:32:20 UTC 2018 /home/travis/build/icyphy/ptII/ptolemy/actor/lib/test/auto/Clock24.xml
----------------- Instantiating /home/travis/build/icyphy/ptII/ptolemy/actor/lib/test/auto/Clock24.xml
7 ms. Memory: 879104K Free: 433799K (49%)
----------------- Invoking toplevel() on ptolemy.moml.MoMLSimpleApplication@1a368804
----------------- Done invoking toplevel() on ptolemy.moml.MoMLSimpleApplication@1a368804
reloadAllAccessors: .Clock24

===========================================================================================
----------------- testing Sat Oct 27 02:32:20 UTC 2018 /home/travis/build/icyphy/ptII/ptolemy/actor/lib/test/auto/Clock4.xml
----------------- Instantiating /home/travis/build/icyphy/ptII/ptolemy/actor/lib/test/auto/Clock4.xml
6 ms. Memory: 879104K Free: 423422K (48%)
----------------- Invoking toplevel() on ptolemy.moml.MoMLSimpleApplication@19d399b7
----------------- Done invoking toplevel() on ptolemy.moml.MoMLSimpleApplication@19d399b7
reloadAllAccessors: .Clock4

===========================================================================================
----------------- testing Sat Oct 27 02:32:20 UTC 2018 /home/travis/build/icyphy/ptII/ptolemy/actor/lib/test/auto/Clock5.xml
----------------- Instantiating /home/travis/build/icyphy/ptII/ptolemy/actor/lib/test/auto/Clock5.xml
2 ms. Memory: 879104K Free: 403572K (46%)
----------------- Invoking toplevel() on ptolemy.moml.MoMLSimpleApplication@36ead292
----------------- Done invoking toplevel() on ptolemy.moml.MoMLSimpleApplication@36ead292
reloadAllAccessors: .Clock5

===========================================================================================
----------------- testing Sat Oct 27 02:32:20 UTC 2018 /home/travis/build/icyphy/ptII/ptolemy/actor/lib/test/auto/Clock6.xml
----------------- Instantiating /home/travis/build/icyphy/ptII/ptolemy/actor/lib/test/auto/Clock6.xml
1 ms. Memory: 879104K Free: 393195K (45%)
----------------- Invoking toplevel() on ptolemy.moml.MoMLSimpleApplication@62c9a4b5
----------------- Done invoking toplevel() on ptolemy.moml.MoMLSimpleApplication@62c9a4b5
reloadAllAccessors: .Clock6

===========================================================================================
----------------- testing Sat Oct 27 02:32:20 UTC 2018 /home/travis/build/icyphy/ptII/ptolemy/actor/lib/test/auto/Clock7.xml
----------------- Instantiating /home/travis/build/icyphy/ptII/ptolemy/actor/lib/test/auto/Clock7.xml
2 ms. Memory: 879104K Free: 382818K (44%)
----------------- Invoking toplevel() on ptolemy.moml.MoMLSimpleApplication@6ac8a8c9
----------------- Done invoking toplevel() on ptolemy.moml.MoMLSimpleApplication@6ac8a8c9
reloadAllAccessors: .Clock7

===========================================================================================
----------------- testing Sat Oct 27 02:32:20 UTC 2018 /home/travis/build/icyphy/ptII/ptolemy/actor/lib/test/auto/Clock8.xml
----------------- Instantiating /home/travis/build/icyphy/ptII/ptolemy/actor/lib/test/auto/Clock8.xml
7 ms. Memory: 879104K Free: 372442K (42%)
----------------- Invoking toplevel() on ptolemy.moml.MoMLSimpleApplication@6d68a17
----------------- Done invoking toplevel() on ptolemy.moml.MoMLSimpleApplication@6d68a17
reloadAllAccessors: .Clock8

===========================================================================================
----------------- testing Sat Oct 27 02:32:20 UTC 2018 /home/travis/build/icyphy/ptII/ptolemy/actor/lib/test/auto/Clock9.xml
----------------- Instantiating /home/travis/build/icyphy/ptII/ptolemy/actor/lib/test/auto/Clock9.xml
7 ms. Memory: 879104K Free: 352591K (40%)
----------------- Invoking toplevel() on ptolemy.moml.MoMLSimpleApplication@7d7cdc13
----------------- Done invoking toplevel() on ptolemy.moml.MoMLSimpleApplication@7d7cdc13
reloadAllAccessors: .Clock9

===========================================================================================
----------------- testing Sat Oct 27 02:32:20 UTC 2018 /home/travis/build/icyphy/ptII/ptolemy/actor/lib/test/auto/CommDistDiscard.xml
----------------- Instantiating /home/travis/build/icyphy/ptII/ptolemy/actor/lib/test/auto/CommDistDiscard.xml
7 ms. Memory: 879104K Free: 342214K (39%)
----------------- Invoking toplevel() on ptolemy.moml.MoMLSimpleApplication@6a28b441
----------------- Done invoking toplevel() on ptolemy.moml.MoMLSimpleApplication@6a28b441
reloadAllAccessors: .CommDistDiscard

===========================================================================================
----------------- testing Sat Oct 27 02:32:20 UTC 2018 /home/travis/build/icyphy/ptII/ptolemy/actor/lib/test/auto/Commutator.xml
----------------- Instantiating /home/travis/build/icyphy/ptII/ptolemy/actor/lib/test/auto/Commutator.xml
1 ms. Memory: 879104K Free: 331837K (38%)
----------------- Invoking toplevel() on ptolemy.moml.MoMLSimpleApplication@4cb1ebce
----------------- Done invoking toplevel() on ptolemy.moml.MoMLSimpleApplication@4cb1ebce
reloadAllAccessors: .Commutator

===========================================================================================
----------------- testing Sat Oct 27 02:32:20 UTC 2018 /home/travis/build/icyphy/ptII/ptolemy/actor/lib/test/auto/Commutator2.xml
----------------- Instantiating /home/travis/build/icyphy/ptII/ptolemy/actor/lib/test/auto/Commutator2.xml
3 ms. Memory: 879104K Free: 321461K (37%)
----------------- Invoking toplevel() on ptolemy.moml.MoMLSimpleApplication@373e2b64
----------------- Done invoking toplevel() on ptolemy.moml.MoMLSimpleApplication@373e2b64
reloadAllAccessors: .Commutator2

===========================================================================================
----------------- testing Sat Oct 27 02:32:20 UTC 2018 /home/travis/build/icyphy/ptII/ptolemy/actor/lib/test/auto/Commutator3.xml
----------------- Instantiating /home/travis/build/icyphy/ptII/ptolemy/actor/lib/test/auto/Commutator3.xml
3 ms. Memory: 879104K Free: 311084K (35%)
----------------- Invoking toplevel() on ptolemy.moml.MoMLSimpleApplication@24bb3d4b
----------------- Done invoking toplevel() on ptolemy.moml.MoMLSimpleApplication@24bb3d4b
reloadAllAccessors: .Commutator3

===========================================================================================
----------------- testing Sat Oct 27 02:32:20 UTC 2018 /home/travis/build/icyphy/ptII/ptolemy/actor/lib/test/auto/Compare.xml
----------------- Instantiating /home/travis/build/icyphy/ptII/ptolemy/actor/lib/test/auto/Compare.xml
2 ms. Memory: 879104K Free: 291233K (33%)
----------------- Invoking toplevel() on ptolemy.moml.MoMLSimpleApplication@4b63653c
----------------- Done invoking toplevel() on ptolemy.moml.MoMLSimpleApplication@4b63653c
reloadAllAccessors: .Compare

===========================================================================================
----------------- testing Sat Oct 27 02:32:20 UTC 2018 /home/travis/build/icyphy/ptII/ptolemy/actor/lib/test/auto/CompareDE.xml
----------------- Instantiating /home/travis/build/icyphy/ptII/ptolemy/actor/lib/test/auto/CompareDE.xml
5 ms. Memory: 879104K Free: 280857K (32%)
----------------- Invoking toplevel() on ptolemy.moml.MoMLSimpleApplication@3dbfef79
----------------- Done invoking toplevel() on ptolemy.moml.MoMLSimpleApplication@3dbfef79
reloadAllAccessors: .CompareDE

===========================================================================================
----------------- testing Sat Oct 27 02:32:20 UTC 2018 /home/travis/build/icyphy/ptII/ptolemy/actor/lib/test/auto/ComplexDivide.xml
----------------- Instantiating /home/travis/build/icyphy/ptII/ptolemy/actor/lib/test/auto/ComplexDivide.xml
2 ms. Memory: 879104K Free: 270480K (31%)
----------------- Invoking toplevel() on ptolemy.moml.MoMLSimpleApplication@1991f494
----------------- Done invoking toplevel() on ptolemy.moml.MoMLSimpleApplication@1991f494
reloadAllAccessors: .ComplexDivide

===========================================================================================
----------------- testing Sat Oct 27 02:32:20 UTC 2018 /home/travis/build/icyphy/ptII/ptolemy/actor/lib/test/auto/ComputeHistogram.xml
----------------- Instantiating /home/travis/build/icyphy/ptII/ptolemy/actor/lib/test/auto/ComputeHistogram.xml
37 ms. Memory: 879104K Free: 254915K (29%)
----------------- Invoking toplevel() on ptolemy.moml.MoMLSimpleApplication@7ca2a27
----------------- Done invoking toplevel() on ptolemy.moml.MoMLSimpleApplication@7ca2a27
reloadAllAccessors: .ComputeHistogram

===========================================================================================
----------------- testing Sat Oct 27 02:32:20 UTC 2018 /home/travis/build/icyphy/ptII/ptolemy/actor/lib/test/auto/ConfigurationSelect.xml
----------------- Instantiating /home/travis/build/icyphy/ptII/ptolemy/actor/lib/test/auto/ConfigurationSelect.xml
5 ms. Memory: 879104K Free: 235064K (27%)
----------------- Invoking toplevel() on ptolemy.moml.MoMLSimpleApplication@42f58527
----------------- Done invoking toplevel() on ptolemy.moml.MoMLSimpleApplication@42f58527
reloadAllAccessors: .ConfigurationSelect

===========================================================================================
----------------- testing Sat Oct 27 02:32:20 UTC 2018 /home/travis/build/icyphy/ptII/ptolemy/actor/lib/test/auto/ConfigurationSelect2.xml
----------------- Instantiating /home/travis/build/icyphy/ptII/ptolemy/actor/lib/test/auto/ConfigurationSelect2.xml
3 ms. Memory: 879104K Free: 224688K (26%)
----------------- Invoking toplevel() on ptolemy.moml.MoMLSimpleApplication@165f8620
----------------- Done invoking toplevel() on ptolemy.moml.MoMLSimpleApplication@165f8620
reloadAllAccessors: .ConfigurationSelect2

===========================================================================================
----------------- testing Sat Oct 27 02:32:21 UTC 2018 /home/travis/build/icyphy/ptII/ptolemy/actor/lib/test/auto/ConfigurationSwitch.xml
----------------- Instantiating /home/travis/build/icyphy/ptII/ptolemy/actor/lib/test/auto/ConfigurationSwitch.xml
3 ms. Memory: 879104K Free: 214311K (24%)
----------------- Invoking toplevel() on ptolemy.moml.MoMLSimpleApplication@38cd07f6
----------------- Done invoking toplevel() on ptolemy.moml.MoMLSimpleApplication@38cd07f6
reloadAllAccessors: .ConfigurationSwitch

===========================================================================================
----------------- testing Sat Oct 27 02:32:21 UTC 2018 /home/travis/build/icyphy/ptII/ptolemy/actor/lib/test/auto/ConfigurationSwitch2.xml
----------------- Instantiating /home/travis/build/icyphy/ptII/ptolemy/actor/lib/test/auto/ConfigurationSwitch2.xml
3 ms. Memory: 879104K Free: 203935K (23%)
----------------- Invoking toplevel() on ptolemy.moml.MoMLSimpleApplication@5dab92e1
----------------- Done invoking toplevel() on ptolemy.moml.MoMLSimpleApplication@5dab92e1
reloadAllAccessors: .ConfigurationSwitch2

===========================================================================================
----------------- testing Sat Oct 27 02:32:21 UTC 2018 /home/travis/build/icyphy/ptII/ptolemy/actor/lib/test/auto/ConfigurationSwitchCloningBugWithClassRelationGroup.xml
----------------- Instantiating /home/travis/build/icyphy/ptII/ptolemy/actor/lib/test/auto/ConfigurationSwitchCloningBugWithClassRelationGroup.xml
2 ms. Memory: 879104K Free: 178880K (20%)
----------------- Invoking toplevel() on ptolemy.moml.MoMLSimpleApplication@35ee2851
----------------- Done invoking toplevel() on ptolemy.moml.MoMLSimpleApplication@35ee2851
reloadAllAccessors: .ConfigurationSwitchCloningBugWithClassRelationGroup

===========================================================================================
----------------- testing Sat Oct 27 02:32:21 UTC 2018 /home/travis/build/icyphy/ptII/ptolemy/actor/lib/test/auto/ConfigurationSwitchSelectSDF.xml
----------------- Instantiating /home/travis/build/icyphy/ptII/ptolemy/actor/lib/test/auto/ConfigurationSwitchSelectSDF.xml
3 ms. Memory: 879104K Free: 168503K (19%)
----------------- Invoking toplevel() on ptolemy.moml.MoMLSimpleApplication@79060f41
----------------- Done invoking toplevel() on ptolemy.moml.MoMLSimpleApplication@79060f41
reloadAllAccessors: .ConfigurationSwitchSelectSDF

===========================================================================================
----------------- testing Sat Oct 27 02:32:21 UTC 2018 /home/travis/build/icyphy/ptII/ptolemy/actor/lib/test/auto/ConfigurationSwitchSelectSDF2.xml
----------------- Instantiating /home/travis/build/icyphy/ptII/ptolemy/actor/lib/test/auto/ConfigurationSwitchSelectSDF2.xml
2 ms. Memory: 879104K Free: 158126K (18%)
----------------- Invoking toplevel() on ptolemy.moml.MoMLSimpleApplication@72630eae
----------------- Done invoking toplevel() on ptolemy.moml.MoMLSimpleApplication@72630eae
reloadAllAccessors: .ConfigurationSwitchSelectSDF2

===========================================================================================
----------------- testing Sat Oct 27 02:32:21 UTC 2018 /home/travis/build/icyphy/ptII/ptolemy/actor/lib/test/auto/Const.xml
----------------- Instantiating /home/travis/build/icyphy/ptII/ptolemy/actor/lib/test/auto/Const.xml
2 ms. Memory: 879104K Free: 147750K (17%)
----------------- Invoking toplevel() on ptolemy.moml.MoMLSimpleApplication@3c177367
----------------- Done invoking toplevel() on ptolemy.moml.MoMLSimpleApplication@3c177367
reloadAllAccessors: .Const

===========================================================================================
----------------- testing Sat Oct 27 02:32:21 UTC 2018 /home/travis/build/icyphy/ptII/ptolemy/actor/lib/test/auto/Const2.xml
----------------- Instantiating /home/travis/build/icyphy/ptII/ptolemy/actor/lib/test/auto/Const2.xml
2 ms. Memory: 879104K Free: 127898K (15%)
----------------- Invoking toplevel() on ptolemy.moml.MoMLSimpleApplication@5aeeeb6c
----------------- Done invoking toplevel() on ptolemy.moml.MoMLSimpleApplication@5aeeeb6c
reloadAllAccessors: .Const2

===========================================================================================
----------------- testing Sat Oct 27 02:32:21 UTC 2018 /home/travis/build/icyphy/ptII/ptolemy/actor/lib/test/auto/Const3.xml
----------------- Instantiating /home/travis/build/icyphy/ptII/ptolemy/actor/lib/test/auto/Const3.xml
2 ms. Memory: 879104K Free: 117522K (13%)
----------------- Invoking toplevel() on ptolemy.moml.MoMLSimpleApplication@2f863586
----------------- Done invoking toplevel() on ptolemy.moml.MoMLSimpleApplication@2f863586
reloadAllAccessors: .Const3

===========================================================================================
----------------- testing Sat Oct 27 02:32:21 UTC 2018 /home/travis/build/icyphy/ptII/ptolemy/actor/lib/test/auto/ConstantPublisherPort1.xml
----------------- Instantiating /home/travis/build/icyphy/ptII/ptolemy/actor/lib/test/auto/ConstantPublisherPort1.xml
5 ms. Memory: 879104K Free: 101957K (12%)
----------------- Invoking toplevel() on ptolemy.moml.MoMLSimpleApplication@43f95bda
----------------- Done invoking toplevel() on ptolemy.moml.MoMLSimpleApplication@43f95bda
reloadAllAccessors: .ConstantPublisherPort1

===========================================================================================
----------------- testing Sat Oct 27 02:32:21 UTC 2018 /home/travis/build/icyphy/ptII/ptolemy/actor/lib/test/auto/ConstantPublisherPort2.xml
----------------- Instantiating /home/travis/build/icyphy/ptII/ptolemy/actor/lib/test/auto/ConstantPublisherPort2.xml
5 ms. Memory: 879104K Free: 86376K (10%)
----------------- Invoking toplevel() on ptolemy.moml.MoMLSimpleApplication@1cc818c2
----------------- Done invoking toplevel() on ptolemy.moml.MoMLSimpleApplication@1cc818c2
reloadAllAccessors: .ConstantPublisherPort2

===========================================================================================
----------------- testing Sat Oct 27 02:32:21 UTC 2018 /home/travis/build/icyphy/ptII/ptolemy/actor/lib/test/auto/ConstantPublisherPort3.xml
----------------- Instantiating /home/travis/build/icyphy/ptII/ptolemy/actor/lib/test/auto/ConstantPublisherPort3.xml
5 ms. Memory: 879104K Free: 66525K (8%)
----------------- Invoking toplevel() on ptolemy.moml.MoMLSimpleApplication@a17ff89
----------------- Done invoking toplevel() on ptolemy.moml.MoMLSimpleApplication@a17ff89
reloadAllAccessors: .ConstantPublisherPort3

===========================================================================================
----------------- testing Sat Oct 27 02:32:21 UTC 2018 /home/travis/build/icyphy/ptII/ptolemy/actor/lib/test/auto/ConstantPublisherPort4.xml
----------------- Instantiating /home/travis/build/icyphy/ptII/ptolemy/actor/lib/test/auto/ConstantPublisherPort4.xml
40 ms. Memory: 879616K Free: 836524K (95%)
----------------- Invoking toplevel() on ptolemy.moml.MoMLSimpleApplication@7403b75a
----------------- Done invoking toplevel() on ptolemy.moml.MoMLSimpleApplication@7403b75a
reloadAllAccessors: .ConstantPublisherPort4

===========================================================================================
----------------- testing Sat Oct 27 02:32:21 UTC 2018 /home/travis/build/icyphy/ptII/ptolemy/actor/lib/test/auto/ConstantPublisherPort5.xml
----------------- Instantiating /home/travis/build/icyphy/ptII/ptolemy/actor/lib/test/auto/ConstantPublisherPort5.xml
17 ms. Memory: 879616K Free: 807242K (92%)
----------------- Invoking toplevel() on ptolemy.moml.MoMLSimpleApplication@10dfe744
----------------- Done invoking toplevel() on ptolemy.moml.MoMLSimpleApplication@10dfe744
reloadAllAccessors: .ConstantPublisherPort5

===========================================================================================
----------------- testing Sat Oct 27 02:32:21 UTC 2018 /home/travis/build/icyphy/ptII/ptolemy/actor/lib/test/auto/ConstantPublisherPort6.xml
----------------- Instantiating /home/travis/build/icyphy/ptII/ptolemy/actor/lib/test/auto/ConstantPublisherPort6.xml
18 ms. Memory: 879616K Free: 783886K (89%)
----------------- Invoking toplevel() on ptolemy.moml.MoMLSimpleApplication@3fa904e8
----------------- Done invoking toplevel() on ptolemy.moml.MoMLSimpleApplication@3fa904e8
reloadAllAccessors: .ConstantPublisherPort6

===========================================================================================
----------------- testing Sat Oct 27 02:32:21 UTC 2018 /home/travis/build/icyphy/ptII/ptolemy/actor/lib/test/auto/ConstantPublisherPort7.xml
----------------- Instantiating /home/travis/build/icyphy/ptII/ptolemy/actor/lib/test/auto/ConstantPublisherPort7.xml
17 ms. Memory: 879616K Free: 760539K (86%)
----------------- Invoking toplevel() on ptolemy.moml.MoMLSimpleApplication@23da1882
----------------- Done invoking toplevel() on ptolemy.moml.MoMLSimpleApplication@23da1882
reloadAllAccessors: .ConstantPublisherPort7

===========================================================================================
----------------- testing Sat Oct 27 02:32:21 UTC 2018 /home/travis/build/icyphy/ptII/ptolemy/actor/lib/test/auto/ConstraintMonitor1.xml
----------------- Instantiating /home/travis/build/icyphy/ptII/ptolemy/actor/lib/test/auto/ConstraintMonitor1.xml
3 ms. Memory: 879616K Free: 745702K (85%)
----------------- Invoking toplevel() on ptolemy.moml.MoMLSimpleApplication@68506622
----------------- Done invoking toplevel() on ptolemy.moml.MoMLSimpleApplication@68506622
reloadAllAccessors: .ConstraintMonitor1

===========================================================================================
----------------- testing Sat Oct 27 02:32:21 UTC 2018 /home/travis/build/icyphy/ptII/ptolemy/actor/lib/test/auto/ConstraintMonitor2.xml
----------------- Instantiating /home/travis/build/icyphy/ptII/ptolemy/actor/lib/test/auto/ConstraintMonitor2.xml
4 ms. Memory: 879616K Free: 737919K (84%)
----------------- Invoking toplevel() on ptolemy.moml.MoMLSimpleApplication@4d977abb
----------------- Done invoking toplevel() on ptolemy.moml.MoMLSimpleApplication@4d977abb
reloadAllAccessors: .ConstraintMonitor2

===========================================================================================
----------------- testing Sat Oct 27 02:32:21 UTC 2018 /home/travis/build/icyphy/ptII/ptolemy/actor/lib/test/auto/ConstraintMonitor3.xml
----------------- Instantiating /home/travis/build/icyphy/ptII/ptolemy/actor/lib/test/auto/ConstraintMonitor3.xml
6 ms. Memory: 879616K Free: 730137K (83%)
----------------- Invoking toplevel() on ptolemy.moml.MoMLSimpleApplication@3492857f
----------------- Done invoking toplevel() on ptolemy.moml.MoMLSimpleApplication@3492857f
reloadAllAccessors: .ConstraintMonitor3

===========================================================================================
----------------- testing Sat Oct 27 02:32:21 UTC 2018 /home/travis/build/icyphy/ptII/ptolemy/actor/lib/test/auto/ConstraintMonitor4.xml
----------------- Instantiating /home/travis/build/icyphy/ptII/ptolemy/actor/lib/test/auto/ConstraintMonitor4.xml
1 ms. Memory: 879616K Free: 715299K (81%)
----------------- Invoking toplevel() on ptolemy.moml.MoMLSimpleApplication@5cd762f2
----------------- Done invoking toplevel() on ptolemy.moml.MoMLSimpleApplication@5cd762f2
reloadAllAccessors: .ConstraintMonitor4

===========================================================================================
----------------- testing Sat Oct 27 02:32:21 UTC 2018 /home/travis/build/icyphy/ptII/ptolemy/actor/lib/test/auto/ConstraintMonitor5.xml
----------------- Instantiating /home/travis/build/icyphy/ptII/ptolemy/actor/lib/test/auto/ConstraintMonitor5.xml
1 ms. Memory: 879616K Free: 707517K (80%)
----------------- Invoking toplevel() on ptolemy.moml.MoMLSimpleApplication@a82feb3
----------------- Done invoking toplevel() on ptolemy.moml.MoMLSimpleApplication@a82feb3
reloadAllAccessors: .ConstraintMonitor5

===========================================================================================
----------------- testing Sat Oct 27 02:32:21 UTC 2018 /home/travis/build/icyphy/ptII/ptolemy/actor/lib/test/auto/ConstraintMonitor6.xml
----------------- Instantiating /home/travis/build/icyphy/ptII/ptolemy/actor/lib/test/auto/ConstraintMonitor6.xml
3 ms. Memory: 879616K Free: 695835K (79%)
----------------- Invoking toplevel() on ptolemy.moml.MoMLSimpleApplication@319f481a
----------------- Done invoking toplevel() on ptolemy.moml.MoMLSimpleApplication@319f481a
reloadAllAccessors: .ConstraintMonitor6

===========================================================================================
----------------- testing Sat Oct 27 02:32:21 UTC 2018 /home/travis/build/icyphy/ptII/ptolemy/actor/lib/test/auto/ConstraintMonitor7.xml
----------------- Instantiating /home/travis/build/icyphy/ptII/ptolemy/actor/lib/test/auto/ConstraintMonitor7.xml
5 ms. Memory: 879616K Free: 677099K (77%)
----------------- Invoking toplevel() on ptolemy.moml.MoMLSimpleApplication@65cc41de
----------------- Done invoking toplevel() on ptolemy.moml.MoMLSimpleApplication@65cc41de
reloadAllAccessors: .ConstraintMonitor7

===========================================================================================
----------------- testing Sat Oct 27 02:32:21 UTC 2018 /home/travis/build/icyphy/ptII/ptolemy/actor/lib/test/auto/ConstraintMonitor8.xml
----------------- Instantiating /home/travis/build/icyphy/ptII/ptolemy/actor/lib/test/auto/ConstraintMonitor8.xml
3 ms. Memory: 879616K Free: 665409K (76%)
----------------- Invoking toplevel() on ptolemy.moml.MoMLSimpleApplication@2da95c3
----------------- Done invoking toplevel() on ptolemy.moml.MoMLSimpleApplication@2da95c3
reloadAllAccessors: .ConstraintMonitor8

===========================================================================================
----------------- testing Sat Oct 27 02:32:21 UTC 2018 /home/travis/build/icyphy/ptII/ptolemy/actor/lib/test/auto/Counter.xml
----------------- Instantiating /home/travis/build/icyphy/ptII/ptolemy/actor/lib/test/auto/Counter.xml
2 ms. Memory: 879616K Free: 657626K (75%)
----------------- Invoking toplevel() on ptolemy.moml.MoMLSimpleApplication@3d1f54a6
----------------- Done invoking toplevel() on ptolemy.moml.MoMLSimpleApplication@3d1f54a6
reloadAllAccessors: .Counter

===========================================================================================
----------------- testing Sat Oct 27 02:32:21 UTC 2018 /home/travis/build/icyphy/ptII/ptolemy/actor/lib/test/auto/CurrentTimeSDF.xml
----------------- Instantiating /home/travis/build/icyphy/ptII/ptolemy/actor/lib/test/auto/CurrentTimeSDF.xml
2 ms. Memory: 879616K Free: 642789K (73%)
----------------- Invoking toplevel() on ptolemy.moml.MoMLSimpleApplication@52bd2b8
----------------- Done invoking toplevel() on ptolemy.moml.MoMLSimpleApplication@52bd2b8
reloadAllAccessors: .CurrentTimeSDF

===========================================================================================
----------------- testing Sat Oct 27 02:32:21 UTC 2018 /home/travis/build/icyphy/ptII/ptolemy/actor/lib/test/auto/DB.xml
----------------- Instantiating /home/travis/build/icyphy/ptII/ptolemy/actor/lib/test/auto/DB.xml
1 ms. Memory: 879616K Free: 635007K (72%)
----------------- Invoking toplevel() on ptolemy.moml.MoMLSimpleApplication@23fa7e27
----------------- Done invoking toplevel() on ptolemy.moml.MoMLSimpleApplication@23fa7e27
reloadAllAccessors: .DB

===========================================================================================
----------------- testing Sat Oct 27 02:32:21 UTC 2018 /home/travis/build/icyphy/ptII/ptolemy/actor/lib/test/auto/DBDE.xml
----------------- Instantiating /home/travis/build/icyphy/ptII/ptolemy/actor/lib/test/auto/DBDE.xml
2 ms. Memory: 879616K Free: 623317K (71%)
----------------- Invoking toplevel() on ptolemy.moml.MoMLSimpleApplication@1632cb66
----------------- Done invoking toplevel() on ptolemy.moml.MoMLSimpleApplication@1632cb66
reloadAllAccessors: .DBDE

===========================================================================================
----------------- testing Sat Oct 27 02:32:21 UTC 2018 /home/travis/build/icyphy/ptII/ptolemy/actor/lib/test/auto/DateConstructor.xml
----------------- Instantiating /home/travis/build/icyphy/ptII/ptolemy/actor/lib/test/auto/DateConstructor.xml
10 ms. Memory: 879616K Free: 596774K (68%)
----------------- Invoking toplevel() on ptolemy.moml.MoMLSimpleApplication@3d25274d
----------------- Done invoking toplevel() on ptolemy.moml.MoMLSimpleApplication@3d25274d
reloadAllAccessors: .DateConstructor

===========================================================================================
----------------- testing Sat Oct 27 02:32:21 UTC 2018 /home/travis/build/icyphy/ptII/ptolemy/actor/lib/test/auto/DelayTime.xml
----------------- Instantiating /home/travis/build/icyphy/ptII/ptolemy/actor/lib/test/auto/DelayTime.xml
3 ms. Memory: 879616K Free: 588991K (67%)
----------------- Invoking toplevel() on ptolemy.moml.MoMLSimpleApplication@9f94864
----------------- Done invoking toplevel() on ptolemy.moml.MoMLSimpleApplication@9f94864
reloadAllAccessors: .DelayTime

===========================================================================================
----------------- testing Sat Oct 27 02:32:21 UTC 2018 /home/travis/build/icyphy/ptII/ptolemy/actor/lib/test/auto/Dictionary1.xml
----------------- Instantiating /home/travis/build/icyphy/ptII/ptolemy/actor/lib/test/auto/Dictionary1.xml
2 ms. Memory: 879616K Free: 581209K (66%)
----------------- Invoking toplevel() on ptolemy.moml.MoMLSimpleApplication@608612fa
----------------- Done invoking toplevel() on ptolemy.moml.MoMLSimpleApplication@608612fa
reloadAllAccessors: .Dictionary1

===========================================================================================
----------------- testing Sat Oct 27 02:32:21 UTC 2018 /home/travis/build/icyphy/ptII/ptolemy/actor/lib/test/auto/Dictionary2.xml
----------------- Instantiating /home/travis/build/icyphy/ptII/ptolemy/actor/lib/test/auto/Dictionary2.xml
2 ms. Memory: 879616K Free: 566371K (64%)
----------------- Invoking toplevel() on ptolemy.moml.MoMLSimpleApplication@5e1c8126
----------------- Done invoking toplevel() on ptolemy.moml.MoMLSimpleApplication@5e1c8126
reloadAllAccessors: .Dictionary2

===========================================================================================
----------------- testing Sat Oct 27 02:32:21 UTC 2018 /home/travis/build/icyphy/ptII/ptolemy/actor/lib/test/auto/Dictionary3.xml
----------------- Instantiating /home/travis/build/icyphy/ptII/ptolemy/actor/lib/test/auto/Dictionary3.xml
2 ms. Memory: 879616K Free: 558589K (64%)
----------------- Invoking toplevel() on ptolemy.moml.MoMLSimpleApplication@46e7d405
----------------- Done invoking toplevel() on ptolemy.moml.MoMLSimpleApplication@46e7d405
reloadAllAccessors: .Dictionary3

===========================================================================================
----------------- testing Sat Oct 27 02:32:21 UTC 2018 /home/travis/build/icyphy/ptII/ptolemy/actor/lib/test/auto/Dictionary4.xml
----------------- Instantiating /home/travis/build/icyphy/ptII/ptolemy/actor/lib/test/auto/Dictionary4.xml
3 ms. Memory: 879616K Free: 546899K (62%)
----------------- Invoking toplevel() on ptolemy.moml.MoMLSimpleApplication@7169c132
----------------- Done invoking toplevel() on ptolemy.moml.MoMLSimpleApplication@7169c132
reloadAllAccessors: .Dictionary4

===========================================================================================
----------------- testing Sat Oct 27 02:32:21 UTC 2018 /home/travis/build/icyphy/ptII/ptolemy/actor/lib/test/auto/Differential.xml
----------------- Instantiating /home/travis/build/icyphy/ptII/ptolemy/actor/lib/test/auto/Differential.xml
2 ms. Memory: 879616K Free: 532062K (60%)
----------------- Invoking toplevel() on ptolemy.moml.MoMLSimpleApplication@1f2e625
----------------- Done invoking toplevel() on ptolemy.moml.MoMLSimpleApplication@1f2e625
reloadAllAccessors: .Differential

===========================================================================================
----------------- testing Sat Oct 27 02:32:21 UTC 2018 /home/travis/build/icyphy/ptII/ptolemy/actor/lib/test/auto/Director.xml
----------------- Instantiating /home/travis/build/icyphy/ptII/ptolemy/actor/lib/test/auto/Director.xml
2 ms. Memory: 879616K Free: 524280K (60%)
----------------- Invoking toplevel() on ptolemy.moml.MoMLSimpleApplication@163bb9de
----------------- Done invoking toplevel() on ptolemy.moml.MoMLSimpleApplication@163bb9de
reloadAllAccessors: .Director

===========================================================================================
----------------- testing Sat Oct 27 02:32:21 UTC 2018 /home/travis/build/icyphy/ptII/ptolemy/actor/lib/test/auto/DiscreteClock.xml
----------------- Instantiating /home/travis/build/icyphy/ptII/ptolemy/actor/lib/test/auto/DiscreteClock.xml
1 ms. Memory: 879616K Free: 516497K (59%)
----------------- Invoking toplevel() on ptolemy.moml.MoMLSimpleApplication@31f89a6a
----------------- Done invoking toplevel() on ptolemy.moml.MoMLSimpleApplication@31f89a6a
reloadAllAccessors: .DiscreteClock

===========================================================================================
----------------- testing Sat Oct 27 02:32:21 UTC 2018 /home/travis/build/icyphy/ptII/ptolemy/actor/lib/test/auto/DiscreteClock10.xml
----------------- Instantiating /home/travis/build/icyphy/ptII/ptolemy/actor/lib/test/auto/DiscreteClock10.xml
2 ms. Memory: 879616K Free: 501660K (57%)
----------------- Invoking toplevel() on ptolemy.moml.MoMLSimpleApplication@6c76aa8b
----------------- Done invoking toplevel() on ptolemy.moml.MoMLSimpleApplication@6c76aa8b
reloadAllAccessors: .DiscreteClock10

===========================================================================================
----------------- testing Sat Oct 27 02:32:21 UTC 2018 /home/travis/build/icyphy/ptII/ptolemy/actor/lib/test/auto/DiscreteClock11.xml
----------------- Instantiating /home/travis/build/icyphy/ptII/ptolemy/actor/lib/test/auto/DiscreteClock11.xml
2 ms. Memory: 879616K Free: 493877K (56%)
----------------- Invoking toplevel() on ptolemy.moml.MoMLSimpleApplication@3a7b4a4d
----------------- Done invoking toplevel() on ptolemy.moml.MoMLSimpleApplication@3a7b4a4d
reloadAllAccessors: .DiscreteClock11

===========================================================================================
----------------- testing Sat Oct 27 02:32:21 UTC 2018 /home/travis/build/icyphy/ptII/ptolemy/actor/lib/test/auto/DiscreteClock12.xml
----------------- Instantiating /home/travis/build/icyphy/ptII/ptolemy/actor/lib/test/auto/DiscreteClock12.xml
2 ms. Memory: 879616K Free: 486095K (55%)
----------------- Invoking toplevel() on ptolemy.moml.MoMLSimpleApplication@139e12a3
----------------- Done invoking toplevel() on ptolemy.moml.MoMLSimpleApplication@139e12a3
reloadAllAccessors: .DiscreteClock12

===========================================================================================
----------------- testing Sat Oct 27 02:32:21 UTC 2018 /home/travis/build/icyphy/ptII/ptolemy/actor/lib/test/auto/DiscreteClock13.xml
----------------- Instantiating /home/travis/build/icyphy/ptII/ptolemy/actor/lib/test/auto/DiscreteClock13.xml
6 ms. Memory: 879616K Free: 467350K (53%)
----------------- Invoking toplevel() on ptolemy.moml.MoMLSimpleApplication@47937642
----------------- Done invoking toplevel() on ptolemy.moml.MoMLSimpleApplication@47937642
reloadAllAccessors: .DiscreteClock13

===========================================================================================
----------------- testing Sat Oct 27 02:32:21 UTC 2018 /home/travis/build/icyphy/ptII/ptolemy/actor/lib/test/auto/DiscreteClock14.xml
----------------- Instantiating /home/travis/build/icyphy/ptII/ptolemy/actor/lib/test/auto/DiscreteClock14.xml
6 ms. Memory: 879616K Free: 459568K (52%)
----------------- Invoking toplevel() on ptolemy.moml.MoMLSimpleApplication@bd45ad5
----------------- Done invoking toplevel() on ptolemy.moml.MoMLSimpleApplication@bd45ad5
reloadAllAccessors: .DiscreteClock14

===========================================================================================
----------------- testing Sat Oct 27 02:32:22 UTC 2018 /home/travis/build/icyphy/ptII/ptolemy/actor/lib/test/auto/DiscreteClock15.xml
----------------- Instantiating /home/travis/build/icyphy/ptII/ptolemy/actor/lib/test/auto/DiscreteClock15.xml
6 ms. Memory: 879616K Free: 451785K (51%)
----------------- Invoking toplevel() on ptolemy.moml.MoMLSimpleApplication@432f5bb3
----------------- Done invoking toplevel() on ptolemy.moml.MoMLSimpleApplication@432f5bb3
reloadAllAccessors: .DiscreteClock15

===========================================================================================
----------------- testing Sat Oct 27 02:32:22 UTC 2018 /home/travis/build/icyphy/ptII/ptolemy/actor/lib/test/auto/DiscreteClock16.xml
----------------- Instantiating /home/travis/build/icyphy/ptII/ptolemy/actor/lib/test/auto/DiscreteClock16.xml
13 ms. Memory: 879616K Free: 429150K (49%)
----------------- Invoking toplevel() on ptolemy.moml.MoMLSimpleApplication@129b69a5
----------------- Done invoking toplevel() on ptolemy.moml.MoMLSimpleApplication@129b69a5
reloadAllAccessors: .DiscreteClock16

===========================================================================================
----------------- testing Sat Oct 27 02:32:22 UTC 2018 /home/travis/build/icyphy/ptII/ptolemy/actor/lib/test/auto/DiscreteClock17.xml
----------------- Instantiating /home/travis/build/icyphy/ptII/ptolemy/actor/lib/test/auto/DiscreteClock17.xml
15 ms. Memory: 879616K Free: 413584K (47%)
----------------- Invoking toplevel() on ptolemy.moml.MoMLSimpleApplication@2f7ee9c6
----------------- Done invoking toplevel() on ptolemy.moml.MoMLSimpleApplication@2f7ee9c6
reloadAllAccessors: .DiscreteClock17

===========================================================================================
----------------- testing Sat Oct 27 02:32:22 UTC 2018 /home/travis/build/icyphy/ptII/ptolemy/actor/lib/test/auto/DiscreteClock18.xml
----------------- Instantiating /home/travis/build/icyphy/ptII/ptolemy/actor/lib/test/auto/DiscreteClock18.xml
13 ms. Memory: 879616K Free: 398003K (45%)
----------------- Invoking toplevel() on ptolemy.moml.MoMLSimpleApplication@5b9ddd93
----------------- Done invoking toplevel() on ptolemy.moml.MoMLSimpleApplication@5b9ddd93
reloadAllAccessors: .DiscreteClock18

===========================================================================================
----------------- testing Sat Oct 27 02:32:22 UTC 2018 /home/travis/build/icyphy/ptII/ptolemy/actor/lib/test/auto/DiscreteClock19.xml
----------------- Instantiating /home/travis/build/icyphy/ptII/ptolemy/actor/lib/test/auto/DiscreteClock19.xml
12 ms. Memory: 879616K Free: 375367K (43%)
----------------- Invoking toplevel() on ptolemy.moml.MoMLSimpleApplication@3e635f0
----------------- Done invoking toplevel() on ptolemy.moml.MoMLSimpleApplication@3e635f0
reloadAllAccessors: .DiscreteClock19

===========================================================================================
----------------- testing Sat Oct 27 02:32:22 UTC 2018 /home/travis/build/icyphy/ptII/ptolemy/actor/lib/test/auto/DiscreteClock2.xml
----------------- Instantiating /home/travis/build/icyphy/ptII/ptolemy/actor/lib/test/auto/DiscreteClock2.xml
10 ms. Memory: 879616K Free: 367585K (42%)
----------------- Invoking toplevel() on ptolemy.moml.MoMLSimpleApplication@74cd3c93
----------------- Done invoking toplevel() on ptolemy.moml.MoMLSimpleApplication@74cd3c93
reloadAllAccessors: .DiscreteClock2

===========================================================================================
----------------- testing Sat Oct 27 02:32:22 UTC 2018 /home/travis/build/icyphy/ptII/ptolemy/actor/lib/test/auto/DiscreteClock20.xml
----------------- Instantiating /home/travis/build/icyphy/ptII/ptolemy/actor/lib/test/auto/DiscreteClock20.xml
5 ms. Memory: 879616K Free: 359802K (41%)
----------------- Invoking toplevel() on ptolemy.moml.MoMLSimpleApplication@17bd2c8c
----------------- Done invoking toplevel() on ptolemy.moml.MoMLSimpleApplication@17bd2c8c
reloadAllAccessors: .DiscreteClock20

===========================================================================================
----------------- testing Sat Oct 27 02:32:22 UTC 2018 /home/travis/build/icyphy/ptII/ptolemy/actor/lib/test/auto/DiscreteClock21.xml
----------------- Instantiating /home/travis/build/icyphy/ptII/ptolemy/actor/lib/test/auto/DiscreteClock21.xml
6 ms. Memory: 879616K Free: 344965K (39%)
----------------- Invoking toplevel() on ptolemy.moml.MoMLSimpleApplication@3161ea7b
----------------- Done invoking toplevel() on ptolemy.moml.MoMLSimpleApplication@3161ea7b
reloadAllAccessors: .DiscreteClock21

===========================================================================================
----------------- testing Sat Oct 27 02:32:22 UTC 2018 /home/travis/build/icyphy/ptII/ptolemy/actor/lib/test/auto/DiscreteClock22.xml
----------------- Instantiating /home/travis/build/icyphy/ptII/ptolemy/actor/lib/test/auto/DiscreteClock22.xml
7 ms. Memory: 879616K Free: 337182K (38%)
----------------- Invoking toplevel() on ptolemy.moml.MoMLSimpleApplication@78ffc525
----------------- Done invoking toplevel() on ptolemy.moml.MoMLSimpleApplication@78ffc525
reloadAllAccessors: .DiscreteClock22

===========================================================================================
----------------- testing Sat Oct 27 02:32:22 UTC 2018 /home/travis/build/icyphy/ptII/ptolemy/actor/lib/test/auto/DiscreteClock23.xml
----------------- Instantiating /home/travis/build/icyphy/ptII/ptolemy/actor/lib/test/auto/DiscreteClock23.xml
11 ms. Memory: 879616K Free: 329400K (37%)
----------------- Invoking toplevel() on ptolemy.moml.MoMLSimpleApplication@1e019b42
----------------- Done invoking toplevel() on ptolemy.moml.MoMLSimpleApplication@1e019b42
reloadAllAccessors: .DiscreteClock23

===========================================================================================
----------------- testing Sat Oct 27 02:32:22 UTC 2018 /home/travis/build/icyphy/ptII/ptolemy/actor/lib/test/auto/DiscreteClock24.xml
----------------- Instantiating /home/travis/build/icyphy/ptII/ptolemy/actor/lib/test/auto/DiscreteClock24.xml
4 ms. Memory: 1364992K Free: 1304877K (96%)
----------------- Invoking toplevel() on ptolemy.moml.MoMLSimpleApplication@789602a7
----------------- Done invoking toplevel() on ptolemy.moml.MoMLSimpleApplication@789602a7
reloadAllAccessors: .DiscreteClock24

===========================================================================================
----------------- testing Sat Oct 27 02:32:22 UTC 2018 /home/travis/build/icyphy/ptII/ptolemy/actor/lib/test/auto/DiscreteClock4.xml
----------------- Instantiating /home/travis/build/icyphy/ptII/ptolemy/actor/lib/test/auto/DiscreteClock4.xml
1 ms. Memory: 1364992K Free: 1279350K (94%)
----------------- Invoking toplevel() on ptolemy.moml.MoMLSimpleApplication@1b964df5
----------------- Done invoking toplevel() on ptolemy.moml.MoMLSimpleApplication@1b964df5
reloadAllAccessors: .DiscreteClock4

===========================================================================================
----------------- testing Sat Oct 27 02:32:22 UTC 2018 /home/travis/build/icyphy/ptII/ptolemy/actor/lib/test/auto/DiscreteClock5.xml
----------------- Instantiating /home/travis/build/icyphy/ptII/ptolemy/actor/lib/test/auto/DiscreteClock5.xml
2 ms. Memory: 1364992K Free: 1262747K (93%)
----------------- Invoking toplevel() on ptolemy.moml.MoMLSimpleApplication@6a46999e
----------------- Done invoking toplevel() on ptolemy.moml.MoMLSimpleApplication@6a46999e
reloadAllAccessors: .DiscreteClock5

===========================================================================================
----------------- testing Sat Oct 27 02:32:22 UTC 2018 /home/travis/build/icyphy/ptII/ptolemy/actor/lib/test/auto/DiscreteClock6.xml
----------------- Instantiating /home/travis/build/icyphy/ptII/ptolemy/actor/lib/test/auto/DiscreteClock6.xml
1 ms. Memory: 1364992K Free: 1246145K (91%)
----------------- Invoking toplevel() on ptolemy.moml.MoMLSimpleApplication@3f59cf34
----------------- Done invoking toplevel() on ptolemy.moml.MoMLSimpleApplication@3f59cf34
reloadAllAccessors: .DiscreteClock6

===========================================================================================
----------------- testing Sat Oct 27 02:32:22 UTC 2018 /home/travis/build/icyphy/ptII/ptolemy/actor/lib/test/auto/DiscreteClock7.xml
----------------- Instantiating /home/travis/build/icyphy/ptII/ptolemy/actor/lib/test/auto/DiscreteClock7.xml
1 ms. Memory: 1364992K Free: 1220618K (89%)
----------------- Invoking toplevel() on ptolemy.moml.MoMLSimpleApplication@7c0b7604
----------------- Done invoking toplevel() on ptolemy.moml.MoMLSimpleApplication@7c0b7604
reloadAllAccessors: .DiscreteClock7

===========================================================================================
----------------- testing Sat Oct 27 02:32:22 UTC 2018 /home/travis/build/icyphy/ptII/ptolemy/actor/lib/test/auto/DiscreteClock8.xml
----------------- Instantiating /home/travis/build/icyphy/ptII/ptolemy/actor/lib/test/auto/DiscreteClock8.xml
1 ms. Memory: 1364992K Free: 1204015K (88%)
----------------- Invoking toplevel() on ptolemy.moml.MoMLSimpleApplication@6a7ce240
----------------- Done invoking toplevel() on ptolemy.moml.MoMLSimpleApplication@6a7ce240
reloadAllAccessors: .DiscreteClock8

===========================================================================================
----------------- testing Sat Oct 27 02:32:22 UTC 2018 /home/travis/build/icyphy/ptII/ptolemy/actor/lib/test/auto/DiscreteClock9.xml
----------------- Instantiating /home/travis/build/icyphy/ptII/ptolemy/actor/lib/test/auto/DiscreteClock9.xml
1 ms. Memory: 1364992K Free: 1187413K (87%)
----------------- Invoking toplevel() on ptolemy.moml.MoMLSimpleApplication@1c576b4a
----------------- Done invoking toplevel() on ptolemy.moml.MoMLSimpleApplication@1c576b4a
reloadAllAccessors: .DiscreteClock9

===========================================================================================
----------------- testing Sat Oct 27 02:32:23 UTC 2018 /home/travis/build/icyphy/ptII/ptolemy/actor/lib/test/auto/DisplayArray.xml
----------------- Instantiating /home/travis/build/icyphy/ptII/ptolemy/actor/lib/test/auto/DisplayArray.xml
1 ms. Memory: 1364992K Free: 1170810K (86%)
----------------- Invoking toplevel() on ptolemy.moml.MoMLSimpleApplication@76889333
----------------- Done invoking toplevel() on ptolemy.moml.MoMLSimpleApplication@76889333
reloadAllAccessors: .DisplayArray

===========================================================================================
----------------- testing Sat Oct 27 02:32:23 UTC 2018 /home/travis/build/icyphy/ptII/ptolemy/actor/lib/test/auto/Distributor.xml
----------------- Instantiating /home/travis/build/icyphy/ptII/ptolemy/actor/lib/test/auto/Distributor.xml
2 ms. Memory: 1364992K Free: 1145283K (84%)
----------------- Invoking toplevel() on ptolemy.moml.MoMLSimpleApplication@cd7b406
----------------- Done invoking toplevel() on ptolemy.moml.MoMLSimpleApplication@cd7b406
reloadAllAccessors: .Distributor

===========================================================================================
----------------- testing Sat Oct 27 02:32:23 UTC 2018 /home/travis/build/icyphy/ptII/ptolemy/actor/lib/test/auto/Distributor2.xml
----------------- Instantiating /home/travis/build/icyphy/ptII/ptolemy/actor/lib/test/auto/Distributor2.xml
2 ms. Memory: 1364992K Free: 1128681K (83%)
----------------- Invoking toplevel() on ptolemy.moml.MoMLSimpleApplication@64880552
----------------- Done invoking toplevel() on ptolemy.moml.MoMLSimpleApplication@64880552
reloadAllAccessors: .Distributor2

===========================================================================================
----------------- testing Sat Oct 27 02:32:23 UTC 2018 /home/travis/build/icyphy/ptII/ptolemy/actor/lib/test/auto/DownSample.xml
----------------- Instantiating /home/travis/build/icyphy/ptII/ptolemy/actor/lib/test/auto/DownSample.xml
2 ms. Memory: 1364992K Free: 1112078K (81%)
----------------- Invoking toplevel() on ptolemy.moml.MoMLSimpleApplication@70c1da17
----------------- Done invoking toplevel() on ptolemy.moml.MoMLSimpleApplication@70c1da17
reloadAllAccessors: .DownSample

===========================================================================================
----------------- testing Sat Oct 27 02:32:23 UTC 2018 /home/travis/build/icyphy/ptII/ptolemy/actor/lib/test/auto/ElectronicUnitBase1.xml
----------------- Instantiating /home/travis/build/icyphy/ptII/ptolemy/actor/lib/test/auto/ElectronicUnitBase1.xml
21 ms. Memory: 1364992K Free: 1087158K (80%)
----------------- Invoking toplevel() on ptolemy.moml.MoMLSimpleApplication@25be2b9d
----------------- Done invoking toplevel() on ptolemy.moml.MoMLSimpleApplication@25be2b9d
reloadAllAccessors: .ElectronicUnitBase1

===========================================================================================
----------------- testing Sat Oct 27 02:32:23 UTC 2018 /home/travis/build/icyphy/ptII/ptolemy/actor/lib/test/auto/ElementsToArray.xml
----------------- Instantiating /home/travis/build/icyphy/ptII/ptolemy/actor/lib/test/auto/ElementsToArray.xml
3 ms. Memory: 1364992K Free: 1061632K (78%)
----------------- Invoking toplevel() on ptolemy.moml.MoMLSimpleApplication@1fb9ee3c
----------------- Done invoking toplevel() on ptolemy.moml.MoMLSimpleApplication@1fb9ee3c
reloadAllAccessors: .ElementsToArray

===========================================================================================
----------------- testing Sat Oct 27 02:32:23 UTC 2018 /home/travis/build/icyphy/ptII/ptolemy/actor/lib/test/auto/Equals.xml
----------------- Instantiating /home/travis/build/icyphy/ptII/ptolemy/actor/lib/test/auto/Equals.xml
3 ms. Memory: 1364992K Free: 1045029K (77%)
----------------- Invoking toplevel() on ptolemy.moml.MoMLSimpleApplication@3025d198
----------------- Done invoking toplevel() on ptolemy.moml.MoMLSimpleApplication@3025d198
reloadAllAccessors: .Equals

===========================================================================================
----------------- testing Sat Oct 27 02:32:23 UTC 2018 /home/travis/build/icyphy/ptII/ptolemy/actor/lib/test/auto/Exec.xml
----------------- Instantiating /home/travis/build/icyphy/ptII/ptolemy/actor/lib/test/auto/Exec.xml
7 ms. Memory: 1364992K Free: 1007673K (74%)
----------------- Invoking toplevel() on ptolemy.moml.MoMLSimpleApplication@58354491
----------------- Done invoking toplevel() on ptolemy.moml.MoMLSimpleApplication@58354491
reloadAllAccessors: .Exec

===========================================================================================
----------------- testing Sat Oct 27 02:32:23 UTC 2018 /home/travis/build/icyphy/ptII/ptolemy/actor/lib/test/auto/ExecEnvironment.xml
----------------- Instantiating /home/travis/build/icyphy/ptII/ptolemy/actor/lib/test/auto/ExecEnvironment.xml
36 ms. Memory: 1364992K Free: 974468K (71%)
----------------- Invoking toplevel() on ptolemy.moml.MoMLSimpleApplication@21cfec03
----------------- Done invoking toplevel() on ptolemy.moml.MoMLSimpleApplication@21cfec03
reloadAllAccessors: .ExecEnvironment

===========================================================================================
----------------- testing Sat Oct 27 02:32:23 UTC 2018 /home/travis/build/icyphy/ptII/ptolemy/actor/lib/test/auto/ExecNonZeroReturnOutput.xml
----------------- Instantiating /home/travis/build/icyphy/ptII/ptolemy/actor/lib/test/auto/ExecNonZeroReturnOutput.xml
121 ms. Memory: 1364992K Free: 841024K (62%)
----------------- Invoking toplevel() on ptolemy.moml.MoMLSimpleApplication@44f06ad6
----------------- Done invoking toplevel() on ptolemy.moml.MoMLSimpleApplication@44f06ad6
reloadAllAccessors: .ExecNonZeroReturnOutput

===========================================================================================
----------------- testing Sat Oct 27 02:32:23 UTC 2018 /home/travis/build/icyphy/ptII/ptolemy/actor/lib/test/auto/ExecRunDemos.xml
----------------- Instantiating /home/travis/build/icyphy/ptII/ptolemy/actor/lib/test/auto/ExecRunDemos.xml
Finished: 90 ms. Memory: 116224K Free: 100135K (86%)

Finished: 59 ms. Memory: 116224K Free: 96353K (83%)

Finished: 42 ms. Memory: 116224K Free: 96933K (83%)

Finished: 47 ms. Memory: 116224K Free: 98268K (85%)

Finished: 37 ms. Memory: 116224K Free: 99505K (86%)

9482 ms. Memory: 1364992K Free: 733091K (54%)
----------------- Invoking toplevel() on ptolemy.moml.MoMLSimpleApplication@52e59b38
----------------- Done invoking toplevel() on ptolemy.moml.MoMLSimpleApplication@52e59b38
reloadAllAccessors: .ExecRunDemos

===========================================================================================
----------------- testing Sat Oct 27 02:32:32 UTC 2018 /home/travis/build/icyphy/ptII/ptolemy/actor/lib/test/auto/ExecStop.xml
----------------- Instantiating /home/travis/build/icyphy/ptII/ptolemy/actor/lib/test/auto/ExecStop.xml
5012 ms. Memory: 1364992K Free: 517257K (38%)
----------------- Invoking toplevel() on ptolemy.moml.MoMLSimpleApplication@4bee46c5
----------------- Done invoking toplevel() on ptolemy.moml.MoMLSimpleApplication@4bee46c5
reloadAllAccessors: .ExecStop

===========================================================================================
----------------- testing Sat Oct 27 02:32:37 UTC 2018 /home/travis/build/icyphy/ptII/ptolemy/actor/lib/test/auto/ExecutionTimeSDF.xml
----------------- Instantiating /home/travis/build/icyphy/ptII/ptolemy/actor/lib/test/auto/ExecutionTimeSDF.xml
Fired ExecutionTime: 1823600000
Fired ExecutionTime: 987200000
Fired ExecutionTime: -796167296
6007 ms. Memory: 1364992K Free: 483413K (35%)
----------------- Invoking toplevel() on ptolemy.moml.MoMLSimpleApplication@49039908
----------------- Done invoking toplevel() on ptolemy.moml.MoMLSimpleApplication@49039908
reloadAllAccessors: .ExecutionTimeSDF

===========================================================================================
----------------- testing Sat Oct 27 02:32:44 UTC 2018 /home/travis/build/icyphy/ptII/ptolemy/actor/lib/test/auto/Expression1.xml
----------------- Instantiating /home/travis/build/icyphy/ptII/ptolemy/actor/lib/test/auto/Expression1.xml
1 ms. Memory: 1364992K Free: 466811K (34%)
----------------- Invoking toplevel() on ptolemy.moml.MoMLSimpleApplication@24557b38
----------------- Done invoking toplevel() on ptolemy.moml.MoMLSimpleApplication@24557b38
reloadAllAccessors: .Expression1

===========================================================================================
----------------- testing Sat Oct 27 02:32:44 UTC 2018 /home/travis/build/icyphy/ptII/ptolemy/actor/lib/test/auto/Expression10.xml
----------------- Instantiating /home/travis/build/icyphy/ptII/ptolemy/actor/lib/test/auto/Expression10.xml
4 ms. Memory: 1364992K Free: 450208K (33%)
----------------- Invoking toplevel() on ptolemy.moml.MoMLSimpleApplication@4735ea4a
----------------- Done invoking toplevel() on ptolemy.moml.MoMLSimpleApplication@4735ea4a
reloadAllAccessors: .Expression10

===========================================================================================
----------------- testing Sat Oct 27 02:32:44 UTC 2018 /home/travis/build/icyphy/ptII/ptolemy/actor/lib/test/auto/Expression11.xml
----------------- Instantiating /home/travis/build/icyphy/ptII/ptolemy/actor/lib/test/auto/Expression11.xml
2 ms. Memory: 1364992K Free: 433606K (32%)
----------------- Invoking toplevel() on ptolemy.moml.MoMLSimpleApplication@542ce2c0
----------------- Done invoking toplevel() on ptolemy.moml.MoMLSimpleApplication@542ce2c0
reloadAllAccessors: .Expression11

===========================================================================================
----------------- testing Sat Oct 27 02:32:44 UTC 2018 /home/travis/build/icyphy/ptII/ptolemy/actor/lib/test/auto/Expression12.xml
----------------- Instantiating /home/travis/build/icyphy/ptII/ptolemy/actor/lib/test/auto/Expression12.xml
3 ms. Memory: 1364992K Free: 408079K (30%)
----------------- Invoking toplevel() on ptolemy.moml.MoMLSimpleApplication@41606de2
----------------- Done invoking toplevel() on ptolemy.moml.MoMLSimpleApplication@41606de2
reloadAllAccessors: .Expression12

===========================================================================================
----------------- testing Sat Oct 27 02:32:44 UTC 2018 /home/travis/build/icyphy/ptII/ptolemy/actor/lib/test/auto/Expression13.xml
----------------- Instantiating /home/travis/build/icyphy/ptII/ptolemy/actor/lib/test/auto/Expression13.xml
3 ms. Memory: 1364992K Free: 391476K (29%)
----------------- Invoking toplevel() on ptolemy.moml.MoMLSimpleApplication@452ba03a
----------------- Done invoking toplevel() on ptolemy.moml.MoMLSimpleApplication@452ba03a
reloadAllAccessors: .Expression13

===========================================================================================
----------------- testing Sat Oct 27 02:32:44 UTC 2018 /home/travis/build/icyphy/ptII/ptolemy/actor/lib/test/auto/Expression14.xml
----------------- Instantiating /home/travis/build/icyphy/ptII/ptolemy/actor/lib/test/auto/Expression14.xml
4 ms. Memory: 1364992K Free: 374873K (27%)
----------------- Invoking toplevel() on ptolemy.moml.MoMLSimpleApplication@47de4e2a
----------------- Done invoking toplevel() on ptolemy.moml.MoMLSimpleApplication@47de4e2a
reloadAllAccessors: .Expression14

===========================================================================================
----------------- testing Sat Oct 27 02:32:44 UTC 2018 /home/travis/build/icyphy/ptII/ptolemy/actor/lib/test/auto/Expression15.xml
----------------- Instantiating /home/travis/build/icyphy/ptII/ptolemy/actor/lib/test/auto/Expression15.xml
2 ms. Memory: 1364992K Free: 358271K (26%)
----------------- Invoking toplevel() on ptolemy.moml.MoMLSimpleApplication@4ce84cfc
----------------- Done invoking toplevel() on ptolemy.moml.MoMLSimpleApplication@4ce84cfc
reloadAllAccessors: .Expression15

===========================================================================================
----------------- testing Sat Oct 27 02:32:44 UTC 2018 /home/travis/build/icyphy/ptII/ptolemy/actor/lib/test/auto/Expression16.xml
----------------- Instantiating /home/travis/build/icyphy/ptII/ptolemy/actor/lib/test/auto/Expression16.xml
3 ms. Memory: 1364992K Free: 324651K (24%)
----------------- Invoking toplevel() on ptolemy.moml.MoMLSimpleApplication@24c3db9f
----------------- Done invoking toplevel() on ptolemy.moml.MoMLSimpleApplication@24c3db9f
reloadAllAccessors: .Expression16

===========================================================================================
----------------- testing Sat Oct 27 02:32:44 UTC 2018 /home/travis/build/icyphy/ptII/ptolemy/actor/lib/test/auto/Expression17.xml
----------------- Instantiating /home/travis/build/icyphy/ptII/ptolemy/actor/lib/test/auto/Expression17.xml
2 ms. Memory: 1364992K Free: 308048K (23%)
----------------- Invoking toplevel() on ptolemy.moml.MoMLSimpleApplication@59782283
----------------- Done invoking toplevel() on ptolemy.moml.MoMLSimpleApplication@59782283
reloadAllAccessors: .Expression17

===========================================================================================
----------------- testing Sat Oct 27 02:32:44 UTC 2018 /home/travis/build/icyphy/ptII/ptolemy/actor/lib/test/auto/Expression18.xml
----------------- Instantiating /home/travis/build/icyphy/ptII/ptolemy/actor/lib/test/auto/Expression18.xml
2 ms. Memory: 1364992K Free: 291445K (21%)
----------------- Invoking toplevel() on ptolemy.moml.MoMLSimpleApplication@308e89d4
----------------- Done invoking toplevel() on ptolemy.moml.MoMLSimpleApplication@308e89d4
reloadAllAccessors: .Expression18

===========================================================================================
----------------- testing Sat Oct 27 02:32:44 UTC 2018 /home/travis/build/icyphy/ptII/ptolemy/actor/lib/test/auto/Expression2.xml
----------------- Instantiating /home/travis/build/icyphy/ptII/ptolemy/actor/lib/test/auto/Expression2.xml
4 ms. Memory: 1364992K Free: 274843K (20%)
----------------- Invoking toplevel() on ptolemy.moml.MoMLSimpleApplication@699636ed
----------------- Done invoking toplevel() on ptolemy.moml.MoMLSimpleApplication@699636ed
reloadAllAccessors: .Expression2

===========================================================================================
----------------- testing Sat Oct 27 02:32:44 UTC 2018 /home/travis/build/icyphy/ptII/ptolemy/actor/lib/test/auto/Expression3.xml
----------------- Instantiating /home/travis/build/icyphy/ptII/ptolemy/actor/lib/test/auto/Expression3.xml
3 ms. Memory: 1364992K Free: 249316K (18%)
----------------- Invoking toplevel() on ptolemy.moml.MoMLSimpleApplication@19a233d9
----------------- Done invoking toplevel() on ptolemy.moml.MoMLSimpleApplication@19a233d9
reloadAllAccessors: .Expression3

===========================================================================================
----------------- testing Sat Oct 27 02:32:44 UTC 2018 /home/travis/build/icyphy/ptII/ptolemy/actor/lib/test/auto/Expression4.xml
----------------- Instantiating /home/travis/build/icyphy/ptII/ptolemy/actor/lib/test/auto/Expression4.xml
4 ms. Memory: 1364992K Free: 232714K (17%)
----------------- Invoking toplevel() on ptolemy.moml.MoMLSimpleApplication@78f5bcbd
----------------- Done invoking toplevel() on ptolemy.moml.MoMLSimpleApplication@78f5bcbd
reloadAllAccessors: .Expression4

===========================================================================================
----------------- testing Sat Oct 27 02:32:44 UTC 2018 /home/travis/build/icyphy/ptII/ptolemy/actor/lib/test/auto/Expression5.xml
----------------- Instantiating /home/travis/build/icyphy/ptII/ptolemy/actor/lib/test/auto/Expression5.xml
2 ms. Memory: 1364992K Free: 216111K (16%)
----------------- Invoking toplevel() on ptolemy.moml.MoMLSimpleApplication@48a352e6
----------------- Done invoking toplevel() on ptolemy.moml.MoMLSimpleApplication@48a352e6
reloadAllAccessors: .Expression5

===========================================================================================
----------------- testing Sat Oct 27 02:32:44 UTC 2018 /home/travis/build/icyphy/ptII/ptolemy/actor/lib/test/auto/Expression6.xml
----------------- Instantiating /home/travis/build/icyphy/ptII/ptolemy/actor/lib/test/auto/Expression6.xml
2 ms. Memory: 1364992K Free: 199509K (15%)
----------------- Invoking toplevel() on ptolemy.moml.MoMLSimpleApplication@67351eb9
----------------- Done invoking toplevel() on ptolemy.moml.MoMLSimpleApplication@67351eb9
reloadAllAccessors: .Expression6

===========================================================================================
----------------- testing Sat Oct 27 02:32:44 UTC 2018 /home/travis/build/icyphy/ptII/ptolemy/actor/lib/test/auto/Expression7.xml
----------------- Instantiating /home/travis/build/icyphy/ptII/ptolemy/actor/lib/test/auto/Expression7.xml
2 ms. Memory: 1364992K Free: 173982K (13%)
----------------- Invoking toplevel() on ptolemy.moml.MoMLSimpleApplication@4cfe6a25
----------------- Done invoking toplevel() on ptolemy.moml.MoMLSimpleApplication@4cfe6a25
reloadAllAccessors: .Expression7

===========================================================================================
----------------- testing Sat Oct 27 02:32:44 UTC 2018 /home/travis/build/icyphy/ptII/ptolemy/actor/lib/test/auto/Expression8.xml
----------------- Instantiating /home/travis/build/icyphy/ptII/ptolemy/actor/lib/test/auto/Expression8.xml
4 ms. Memory: 1364992K Free: 157379K (12%)
----------------- Invoking toplevel() on ptolemy.moml.MoMLSimpleApplication@7923a482
----------------- Done invoking toplevel() on ptolemy.moml.MoMLSimpleApplication@7923a482
reloadAllAccessors: .Expression8

===========================================================================================
----------------- testing Sat Oct 27 02:32:44 UTC 2018 /home/travis/build/icyphy/ptII/ptolemy/actor/lib/test/auto/Expression9.xml
----------------- Instantiating /home/travis/build/icyphy/ptII/ptolemy/actor/lib/test/auto/Expression9.xml
1 ms. Memory: 1364992K Free: 140776K (10%)
----------------- Invoking toplevel() on ptolemy.moml.MoMLSimpleApplication@6a009108
----------------- Done invoking toplevel() on ptolemy.moml.MoMLSimpleApplication@6a009108
reloadAllAccessors: .Expression9

===========================================================================================
----------------- testing Sat Oct 27 02:32:44 UTC 2018 /home/travis/build/icyphy/ptII/ptolemy/actor/lib/test/auto/ExpressionConcatenateArrayType.xml
----------------- Instantiating /home/travis/build/icyphy/ptII/ptolemy/actor/lib/test/auto/ExpressionConcatenateArrayType.xml
3 ms. Memory: 1364992K Free: 124174K (9%)
----------------- Invoking toplevel() on ptolemy.moml.MoMLSimpleApplication@3e8e9a06
----------------- Done invoking toplevel() on ptolemy.moml.MoMLSimpleApplication@3e8e9a06
reloadAllAccessors: .ExpressionConcatenateArrayType

===========================================================================================
----------------- testing Sat Oct 27 02:32:44 UTC 2018 /home/travis/build/icyphy/ptII/ptolemy/actor/lib/test/auto/ExpressionConcatenateArrayType2.xml
----------------- Instantiating /home/travis/build/icyphy/ptII/ptolemy/actor/lib/test/auto/ExpressionConcatenateArrayType2.xml
3 ms. Memory: 1364992K Free: 98647K (7%)
----------------- Invoking toplevel() on ptolemy.moml.MoMLSimpleApplication@a946c90
----------------- Done invoking toplevel() on ptolemy.moml.MoMLSimpleApplication@a946c90
reloadAllAccessors: .ExpressionConcatenateArrayType2

===========================================================================================
----------------- testing Sat Oct 27 02:32:44 UTC 2018 /home/travis/build/icyphy/ptII/ptolemy/actor/lib/test/auto/ExpressionFix.xml
----------------- Instantiating /home/travis/build/icyphy/ptII/ptolemy/actor/lib/test/auto/ExpressionFix.xml
18 ms. Memory: 1364992K Free: 82498K (6%)
----------------- Invoking toplevel() on ptolemy.moml.MoMLSimpleApplication@4d76c1ca
----------------- Done invoking toplevel() on ptolemy.moml.MoMLSimpleApplication@4d76c1ca
reloadAllAccessors: .ExpressionFix

===========================================================================================
----------------- testing Sat Oct 27 02:32:44 UTC 2018 /home/travis/build/icyphy/ptII/ptolemy/actor/lib/test/auto/ExpressionFix2.xml
----------------- Instantiating /home/travis/build/icyphy/ptII/ptolemy/actor/lib/test/auto/ExpressionFix2.xml
2 ms. Memory: 1364992K Free: 1312269K (96%)
----------------- Invoking toplevel() on ptolemy.moml.MoMLSimpleApplication@8bab2a3
----------------- Done invoking toplevel() on ptolemy.moml.MoMLSimpleApplication@8bab2a3
reloadAllAccessors: .ExpressionFix2

===========================================================================================
----------------- testing Sat Oct 27 02:32:44 UTC 2018 /home/travis/build/icyphy/ptII/ptolemy/actor/lib/test/auto/ExpressionFix3.xml
----------------- Instantiating /home/travis/build/icyphy/ptII/ptolemy/actor/lib/test/auto/ExpressionFix3.xml
2 ms. Memory: 1364992K Free: 1293392K (95%)
----------------- Invoking toplevel() on ptolemy.moml.MoMLSimpleApplication@3be2f8e1
----------------- Done invoking toplevel() on ptolemy.moml.MoMLSimpleApplication@3be2f8e1
reloadAllAccessors: .ExpressionFix3

===========================================================================================
----------------- testing Sat Oct 27 02:32:44 UTC 2018 /home/travis/build/icyphy/ptII/ptolemy/actor/lib/test/auto/FileWriter1.xml
----------------- Instantiating /home/travis/build/icyphy/ptII/ptolemy/actor/lib/test/auto/FileWriter1.xml
2 ms. Memory: 1364992K Free: 1280940K (94%)
----------------- Invoking toplevel() on ptolemy.moml.MoMLSimpleApplication@600530e6
----------------- Done invoking toplevel() on ptolemy.moml.MoMLSimpleApplication@600530e6
reloadAllAccessors: .FileWriter1

===========================================================================================
----------------- testing Sat Oct 27 02:32:44 UTC 2018 /home/travis/build/icyphy/ptII/ptolemy/actor/lib/test/auto/FileWriter2.xml
----------------- Instantiating /home/travis/build/icyphy/ptII/ptolemy/actor/lib/test/auto/FileWriter2.xml
2 ms. Memory: 1364992K Free: 1262062K (92%)
----------------- Invoking toplevel() on ptolemy.moml.MoMLSimpleApplication@6f4afcc5
----------------- Done invoking toplevel() on ptolemy.moml.MoMLSimpleApplication@6f4afcc5
reloadAllAccessors: .FileWriter2

===========================================================================================
----------------- testing Sat Oct 27 02:32:44 UTC 2018 /home/travis/build/icyphy/ptII/ptolemy/actor/lib/test/auto/FileWriter3.xml
----------------- Instantiating /home/travis/build/icyphy/ptII/ptolemy/actor/lib/test/auto/FileWriter3.xml
6 ms. Memory: 1364992K Free: 1249610K (92%)
----------------- Invoking toplevel() on ptolemy.moml.MoMLSimpleApplication@1c9c66ed
----------------- Done invoking toplevel() on ptolemy.moml.MoMLSimpleApplication@1c9c66ed
reloadAllAccessors: .FileWriter3

===========================================================================================
----------------- testing Sat Oct 27 02:32:44 UTC 2018 /home/travis/build/icyphy/ptII/ptolemy/actor/lib/test/auto/Gaussian.xml
----------------- Instantiating /home/travis/build/icyphy/ptII/ptolemy/actor/lib/test/auto/Gaussian.xml
2 ms. Memory: 1364992K Free: 1237158K (91%)
----------------- Invoking toplevel() on ptolemy.moml.MoMLSimpleApplication@53a2dda0
----------------- Done invoking toplevel() on ptolemy.moml.MoMLSimpleApplication@53a2dda0
reloadAllAccessors: .Gaussian

===========================================================================================
----------------- testing Sat Oct 27 02:32:44 UTC 2018 /home/travis/build/icyphy/ptII/ptolemy/actor/lib/test/auto/Gaussian1.xml
----------------- Instantiating /home/travis/build/icyphy/ptII/ptolemy/actor/lib/test/auto/Gaussian1.xml
2 ms. Memory: 1364992K Free: 1218281K (89%)
----------------- Invoking toplevel() on ptolemy.moml.MoMLSimpleApplication@17938a90
----------------- Done invoking toplevel() on ptolemy.moml.MoMLSimpleApplication@17938a90
reloadAllAccessors: .Gaussian1

===========================================================================================
----------------- testing Sat Oct 27 02:32:44 UTC 2018 /home/travis/build/icyphy/ptII/ptolemy/actor/lib/test/auto/Gaussian2.xml
----------------- Instantiating /home/travis/build/icyphy/ptII/ptolemy/actor/lib/test/auto/Gaussian2.xml
2 ms. Memory: 1364992K Free: 1205829K (88%)
----------------- Invoking toplevel() on ptolemy.moml.MoMLSimpleApplication@63cbdf7f
----------------- Done invoking toplevel() on ptolemy.moml.MoMLSimpleApplication@63cbdf7f
reloadAllAccessors: .Gaussian2

===========================================================================================
----------------- testing Sat Oct 27 02:32:44 UTC 2018 /home/travis/build/icyphy/ptII/ptolemy/actor/lib/test/auto/GradientAdaptiveLattice.xml
----------------- Instantiating /home/travis/build/icyphy/ptII/ptolemy/actor/lib/test/auto/GradientAdaptiveLattice.xml
2 ms. Memory: 1364992K Free: 1193377K (87%)
----------------- Invoking toplevel() on ptolemy.moml.MoMLSimpleApplication@d5da5ca
----------------- Done invoking toplevel() on ptolemy.moml.MoMLSimpleApplication@d5da5ca
reloadAllAccessors: .GradientAdaptiveLattice

===========================================================================================
----------------- testing Sat Oct 27 02:32:44 UTC 2018 /home/travis/build/icyphy/ptII/ptolemy/actor/lib/test/auto/IIR.xml
----------------- Instantiating /home/travis/build/icyphy/ptII/ptolemy/actor/lib/test/auto/IIR.xml
1 ms. Memory: 1364992K Free: 1174500K (86%)
----------------- Invoking toplevel() on ptolemy.moml.MoMLSimpleApplication@6143bf8d
----------------- Done invoking toplevel() on ptolemy.moml.MoMLSimpleApplication@6143bf8d
reloadAllAccessors: .IIR

===========================================================================================
----------------- testing Sat Oct 27 02:32:44 UTC 2018 /home/travis/build/icyphy/ptII/ptolemy/actor/lib/test/auto/InputOutputTransparentPorts.xml
----------------- Instantiating /home/travis/build/icyphy/ptII/ptolemy/actor/lib/test/auto/InputOutputTransparentPorts.xml
2 ms. Memory: 1364992K Free: 1162048K (85%)
----------------- Invoking toplevel() on ptolemy.moml.MoMLSimpleApplication@4f8e6e8c
----------------- Done invoking toplevel() on ptolemy.moml.MoMLSimpleApplication@4f8e6e8c
reloadAllAccessors: .InputOutputTransparentPorts

===========================================================================================
----------------- testing Sat Oct 27 02:32:44 UTC 2018 /home/travis/build/icyphy/ptII/ptolemy/actor/lib/test/auto/Interpolator.xml
----------------- Instantiating /home/travis/build/icyphy/ptII/ptolemy/actor/lib/test/auto/Interpolator.xml
3 ms. Memory: 1364992K Free: 1149596K (84%)
----------------- Invoking toplevel() on ptolemy.moml.MoMLSimpleApplication@7633b724
----------------- Done invoking toplevel() on ptolemy.moml.MoMLSimpleApplication@7633b724
reloadAllAccessors: .Interpolator

===========================================================================================
----------------- testing Sat Oct 27 02:32:44 UTC 2018 /home/travis/build/icyphy/ptII/ptolemy/actor/lib/test/auto/InterpolatorFiringLimitDE.xml
----------------- Instantiating /home/travis/build/icyphy/ptII/ptolemy/actor/lib/test/auto/InterpolatorFiringLimitDE.xml
2 ms. Memory: 1364992K Free: 1130719K (83%)
----------------- Invoking toplevel() on ptolemy.moml.MoMLSimpleApplication@753d4801
----------------- Done invoking toplevel() on ptolemy.moml.MoMLSimpleApplication@753d4801
reloadAllAccessors: .InterpolatorFiringLimitDE

===========================================================================================
----------------- testing Sat Oct 27 02:32:44 UTC 2018 /home/travis/build/icyphy/ptII/ptolemy/actor/lib/test/auto/Lattice.xml
----------------- Instantiating /home/travis/build/icyphy/ptII/ptolemy/actor/lib/test/auto/Lattice.xml
1 ms. Memory: 1364992K Free: 1118267K (82%)
----------------- Invoking toplevel() on ptolemy.moml.MoMLSimpleApplication@6fb7e35
----------------- Done invoking toplevel() on ptolemy.moml.MoMLSimpleApplication@6fb7e35
reloadAllAccessors: .Lattice

===========================================================================================
----------------- testing Sat Oct 27 02:32:44 UTC 2018 /home/travis/build/icyphy/ptII/ptolemy/actor/lib/test/auto/LazyAOCTestLazy.xml
----------------- Instantiating /home/travis/build/icyphy/ptII/ptolemy/actor/lib/test/auto/LazyAOCTestLazy.xml
6 ms. Memory: 1364992K Free: 1105815K (81%)
----------------- Invoking toplevel() on ptolemy.moml.MoMLSimpleApplication@3f8206bd
----------------- Done invoking toplevel() on ptolemy.moml.MoMLSimpleApplication@3f8206bd
reloadAllAccessors: .LazyAOCTestLazy

===========================================================================================
----------------- testing Sat Oct 27 02:32:44 UTC 2018 /home/travis/build/icyphy/ptII/ptolemy/actor/lib/test/auto/LazyAOCTestNonLazy.xml
----------------- Instantiating /home/travis/build/icyphy/ptII/ptolemy/actor/lib/test/auto/LazyAOCTestNonLazy.xml
2 ms. Memory: 1364992K Free: 1086938K (80%)
----------------- Invoking toplevel() on ptolemy.moml.MoMLSimpleApplication@618dc6d8
----------------- Done invoking toplevel() on ptolemy.moml.MoMLSimpleApplication@618dc6d8
reloadAllAccessors: .LazyAOCTestNonLazy

===========================================================================================
----------------- testing Sat Oct 27 02:32:44 UTC 2018 /home/travis/build/icyphy/ptII/ptolemy/actor/lib/test/auto/LazyInnerClass.xml
----------------- Instantiating /home/travis/build/icyphy/ptII/ptolemy/actor/lib/test/auto/LazyInnerClass.xml
26 ms. Memory: 1364992K Free: 1074486K (79%)
----------------- Invoking toplevel() on ptolemy.moml.MoMLSimpleApplication@86356fa
----------------- Done invoking toplevel() on ptolemy.moml.MoMLSimpleApplication@86356fa
reloadAllAccessors: .LazyInnerClass

===========================================================================================
----------------- testing Sat Oct 27 02:32:44 UTC 2018 /home/travis/build/icyphy/ptII/ptolemy/actor/lib/test/auto/LazyPubSub.xml
----------------- Instantiating /home/travis/build/icyphy/ptII/ptolemy/actor/lib/test/auto/LazyPubSub.xml
12 ms. Memory: 1364992K Free: 1055608K (77%)
----------------- Invoking toplevel() on ptolemy.moml.MoMLSimpleApplication@7c66624c
----------------- Done invoking toplevel() on ptolemy.moml.MoMLSimpleApplication@7c66624c
reloadAllAccessors: .LazyPubSub

===========================================================================================
----------------- testing Sat Oct 27 02:32:44 UTC 2018 /home/travis/build/icyphy/ptII/ptolemy/actor/lib/test/auto/LazyPubSub2.xml
----------------- Instantiating /home/travis/build/icyphy/ptII/ptolemy/actor/lib/test/auto/LazyPubSub2.xml
14 ms. Memory: 1364992K Free: 1043156K (76%)
----------------- Invoking toplevel() on ptolemy.moml.MoMLSimpleApplication@4c062bbc
----------------- Done invoking toplevel() on ptolemy.moml.MoMLSimpleApplication@4c062bbc
reloadAllAccessors: .LazyPubSub2

===========================================================================================
----------------- testing Sat Oct 27 02:32:44 UTC 2018 /home/travis/build/icyphy/ptII/ptolemy/actor/lib/test/auto/LazyPubSub3.xml
----------------- Instantiating /home/travis/build/icyphy/ptII/ptolemy/actor/lib/test/auto/LazyPubSub3.xml
14 ms. Memory: 1364992K Free: 1030704K (76%)
----------------- Invoking toplevel() on ptolemy.moml.MoMLSimpleApplication@58e9daf2
----------------- Done invoking toplevel() on ptolemy.moml.MoMLSimpleApplication@58e9daf2
reloadAllAccessors: .LazyPubSub3

===========================================================================================
----------------- testing Sat Oct 27 02:32:44 UTC 2018 /home/travis/build/icyphy/ptII/ptolemy/actor/lib/test/auto/LazySubClassModel.xml
----------------- Instantiating /home/travis/build/icyphy/ptII/ptolemy/actor/lib/test/auto/LazySubClassModel.xml
2 ms. Memory: 1364992K Free: 1005593K (74%)
----------------- Invoking toplevel() on ptolemy.moml.MoMLSimpleApplication@505489bb
----------------- Done invoking toplevel() on ptolemy.moml.MoMLSimpleApplication@505489bb
reloadAllAccessors: .LazySubClassModel

===========================================================================================
----------------- testing Sat Oct 27 02:32:44 UTC 2018 /home/travis/build/icyphy/ptII/ptolemy/actor/lib/test/auto/LevelCrossTest1.xml
----------------- Instantiating /home/travis/build/icyphy/ptII/ptolemy/actor/lib/test/auto/LevelCrossTest1.xml
1 ms. Memory: 1364992K Free: 993141K (73%)
----------------- Invoking toplevel() on ptolemy.moml.MoMLSimpleApplication@3f8c7801
----------------- Done invoking toplevel() on ptolemy.moml.MoMLSimpleApplication@3f8c7801
reloadAllAccessors: .broken

===========================================================================================
----------------- testing Sat Oct 27 02:32:44 UTC 2018 /home/travis/build/icyphy/ptII/ptolemy/actor/lib/test/auto/LevelCrossTest10.xml
----------------- Instantiating /home/travis/build/icyphy/ptII/ptolemy/actor/lib/test/auto/LevelCrossTest10.xml
1 ms. Memory: 1364992K Free: 980689K (72%)
----------------- Invoking toplevel() on ptolemy.moml.MoMLSimpleApplication@55dc6700
----------------- Done invoking toplevel() on ptolemy.moml.MoMLSimpleApplication@55dc6700
reloadAllAccessors: .LevelCrossTest10

===========================================================================================
----------------- testing Sat Oct 27 02:32:45 UTC 2018 /home/travis/build/icyphy/ptII/ptolemy/actor/lib/test/auto/LevelCrossTest11.xml
----------------- Instantiating /home/travis/build/icyphy/ptII/ptolemy/actor/lib/test/auto/LevelCrossTest11.xml
1 ms. Memory: 1364992K Free: 961812K (70%)
----------------- Invoking toplevel() on ptolemy.moml.MoMLSimpleApplication@4a6ee1b0
----------------- Done invoking toplevel() on ptolemy.moml.MoMLSimpleApplication@4a6ee1b0
reloadAllAccessors: .LevelCrossTest11

===========================================================================================
----------------- testing Sat Oct 27 02:32:45 UTC 2018 /home/travis/build/icyphy/ptII/ptolemy/actor/lib/test/auto/LevelCrossTest12.xml
----------------- Instantiating /home/travis/build/icyphy/ptII/ptolemy/actor/lib/test/auto/LevelCrossTest12.xml
1 ms. Memory: 1364992K Free: 949360K (70%)
----------------- Invoking toplevel() on ptolemy.moml.MoMLSimpleApplication@188229f8
----------------- Done invoking toplevel() on ptolemy.moml.MoMLSimpleApplication@188229f8
reloadAllAccessors: .LevelCrossTest12

===========================================================================================
----------------- testing Sat Oct 27 02:32:45 UTC 2018 /home/travis/build/icyphy/ptII/ptolemy/actor/lib/test/auto/LevelCrossTest13.xml
----------------- Instantiating /home/travis/build/icyphy/ptII/ptolemy/actor/lib/test/auto/LevelCrossTest13.xml
1 ms. Memory: 1364992K Free: 930666K (68%)
----------------- Invoking toplevel() on ptolemy.moml.MoMLSimpleApplication@1b04c501
----------------- Done invoking toplevel() on ptolemy.moml.MoMLSimpleApplication@1b04c501
reloadAllAccessors: .LevelCrossTest13

===========================================================================================
----------------- testing Sat Oct 27 02:32:45 UTC 2018 /home/travis/build/icyphy/ptII/ptolemy/actor/lib/test/auto/LevelCrossTest2.xml
----------------- Instantiating /home/travis/build/icyphy/ptII/ptolemy/actor/lib/test/auto/LevelCrossTest2.xml
1 ms. Memory: 1364992K Free: 911789K (67%)
----------------- Invoking toplevel() on ptolemy.moml.MoMLSimpleApplication@228818dc
----------------- Done invoking toplevel() on ptolemy.moml.MoMLSimpleApplication@228818dc
reloadAllAccessors: .broken

===========================================================================================
----------------- testing Sat Oct 27 02:32:45 UTC 2018 /home/travis/build/icyphy/ptII/ptolemy/actor/lib/test/auto/LevelCrossTest3.xml
----------------- Instantiating /home/travis/build/icyphy/ptII/ptolemy/actor/lib/test/auto/LevelCrossTest3.xml
1 ms. Memory: 1364992K Free: 899337K (66%)
----------------- Invoking toplevel() on ptolemy.moml.MoMLSimpleApplication@7e285297
----------------- Done invoking toplevel() on ptolemy.moml.MoMLSimpleApplication@7e285297
reloadAllAccessors: .LevelCrossTest3

===========================================================================================
----------------- testing Sat Oct 27 02:32:45 UTC 2018 /home/travis/build/icyphy/ptII/ptolemy/actor/lib/test/auto/LevelCrossTest4.xml
----------------- Instantiating /home/travis/build/icyphy/ptII/ptolemy/actor/lib/test/auto/LevelCrossTest4.xml
1 ms. Memory: 1364992K Free: 886885K (65%)
----------------- Invoking toplevel() on ptolemy.moml.MoMLSimpleApplication@121b1405
----------------- Done invoking toplevel() on ptolemy.moml.MoMLSimpleApplication@121b1405
reloadAllAccessors: .broken

===========================================================================================
----------------- testing Sat Oct 27 02:32:45 UTC 2018 /home/travis/build/icyphy/ptII/ptolemy/actor/lib/test/auto/LevelCrossTest5.xml
----------------- Instantiating /home/travis/build/icyphy/ptII/ptolemy/actor/lib/test/auto/LevelCrossTest5.xml
3 ms. Memory: 1364992K Free: 868007K (64%)
----------------- Invoking toplevel() on ptolemy.moml.MoMLSimpleApplication@425a878d
----------------- Done invoking toplevel() on ptolemy.moml.MoMLSimpleApplication@425a878d
reloadAllAccessors: .LevelCrossTest5

===========================================================================================
----------------- testing Sat Oct 27 02:32:45 UTC 2018 /home/travis/build/icyphy/ptII/ptolemy/actor/lib/test/auto/LevelCrossTest6.xml
----------------- Instantiating /home/travis/build/icyphy/ptII/ptolemy/actor/lib/test/auto/LevelCrossTest6.xml
1 ms. Memory: 1364992K Free: 855555K (63%)
----------------- Invoking toplevel() on ptolemy.moml.MoMLSimpleApplication@6f163f56
----------------- Done invoking toplevel() on ptolemy.moml.MoMLSimpleApplication@6f163f56
reloadAllAccessors: .LevelCrossTest6

===========================================================================================
----------------- testing Sat Oct 27 02:32:45 UTC 2018 /home/travis/build/icyphy/ptII/ptolemy/actor/lib/test/auto/LevelCrossTest7.xml
----------------- Instantiating /home/travis/build/icyphy/ptII/ptolemy/actor/lib/test/auto/LevelCrossTest7.xml
1 ms. Memory: 1364992K Free: 843103K (62%)
----------------- Invoking toplevel() on ptolemy.moml.MoMLSimpleApplication@4a13498f
----------------- Done invoking toplevel() on ptolemy.moml.MoMLSimpleApplication@4a13498f
reloadAllAccessors: .LevelCrossTest7

===========================================================================================
----------------- testing Sat Oct 27 02:32:45 UTC 2018 /home/travis/build/icyphy/ptII/ptolemy/actor/lib/test/auto/LevelCrossTest8.xml
----------------- Instantiating /home/travis/build/icyphy/ptII/ptolemy/actor/lib/test/auto/LevelCrossTest8.xml
1 ms. Memory: 1364992K Free: 824226K (60%)
----------------- Invoking toplevel() on ptolemy.moml.MoMLSimpleApplication@6b05ee06
----------------- Done invoking toplevel() on ptolemy.moml.MoMLSimpleApplication@6b05ee06
reloadAllAccessors: .LevelCrossTest8

===========================================================================================
----------------- testing Sat Oct 27 02:32:45 UTC 2018 /home/travis/build/icyphy/ptII/ptolemy/actor/lib/test/auto/LevelCrossTest9.xml
----------------- Instantiating /home/travis/build/icyphy/ptII/ptolemy/actor/lib/test/auto/LevelCrossTest9.xml
1 ms. Memory: 1364992K Free: 811774K (59%)
----------------- Invoking toplevel() on ptolemy.moml.MoMLSimpleApplication@1d2a9a34
----------------- Done invoking toplevel() on ptolemy.moml.MoMLSimpleApplication@1d2a9a34
reloadAllAccessors: .LevelCrossTest9

===========================================================================================
----------------- testing Sat Oct 27 02:32:45 UTC 2018 /home/travis/build/icyphy/ptII/ptolemy/actor/lib/test/auto/LevinsonDurbin.xml
----------------- Instantiating /home/travis/build/icyphy/ptII/ptolemy/actor/lib/test/auto/LevinsonDurbin.xml
1 ms. Memory: 1364992K Free: 792897K (58%)
----------------- Invoking toplevel() on ptolemy.moml.MoMLSimpleApplication@4018f475
----------------- Done invoking toplevel() on ptolemy.moml.MoMLSimpleApplication@4018f475
reloadAllAccessors: .LevinsonDurbin

===========================================================================================
----------------- testing Sat Oct 27 02:32:45 UTC 2018 /home/travis/build/icyphy/ptII/ptolemy/actor/lib/test/auto/LevinsonDurbin2.xml
----------------- Instantiating /home/travis/build/icyphy/ptII/ptolemy/actor/lib/test/auto/LevinsonDurbin2.xml
1 ms. Memory: 1364992K Free: 780445K (57%)
----------------- Invoking toplevel() on ptolemy.moml.MoMLSimpleApplication@6648f3e8
----------------- Done invoking toplevel() on ptolemy.moml.MoMLSimpleApplication@6648f3e8
reloadAllAccessors: .LevinsonDurbin2

===========================================================================================
----------------- testing Sat Oct 27 02:32:45 UTC 2018 /home/travis/build/icyphy/ptII/ptolemy/actor/lib/test/auto/LevinsonDurbin3.xml
----------------- Instantiating /home/travis/build/icyphy/ptII/ptolemy/actor/lib/test/auto/LevinsonDurbin3.xml
1 ms. Memory: 1364992K Free: 767993K (56%)
----------------- Invoking toplevel() on ptolemy.moml.MoMLSimpleApplication@30f2bcb0
----------------- Done invoking toplevel() on ptolemy.moml.MoMLSimpleApplication@30f2bcb0
reloadAllAccessors: .LevinsonDurbin3

===========================================================================================
----------------- testing Sat Oct 27 02:32:45 UTC 2018 /home/travis/build/icyphy/ptII/ptolemy/actor/lib/test/auto/Limiter.xml
----------------- Instantiating /home/travis/build/icyphy/ptII/ptolemy/actor/lib/test/auto/Limiter.xml
3 ms. Memory: 1364992K Free: 742889K (54%)
----------------- Invoking toplevel() on ptolemy.moml.MoMLSimpleApplication@1672e305
----------------- Done invoking toplevel() on ptolemy.moml.MoMLSimpleApplication@1672e305
reloadAllAccessors: .Limiter

===========================================================================================
----------------- testing Sat Oct 27 02:32:45 UTC 2018 /home/travis/build/icyphy/ptII/ptolemy/actor/lib/test/auto/LinearDifferenceEquationSystem.xml
----------------- Instantiating /home/travis/build/icyphy/ptII/ptolemy/actor/lib/test/auto/LinearDifferenceEquationSystem.xml
5 ms. Memory: 1364992K Free: 730437K (54%)
----------------- Invoking toplevel() on ptolemy.moml.MoMLSimpleApplication@24a81b6e
----------------- Done invoking toplevel() on ptolemy.moml.MoMLSimpleApplication@24a81b6e
reloadAllAccessors: .LinearDifferenceEquationSystem

===========================================================================================
----------------- testing Sat Oct 27 02:32:45 UTC 2018 /home/travis/build/icyphy/ptII/ptolemy/actor/lib/test/auto/LookupTable.xml
----------------- Instantiating /home/travis/build/icyphy/ptII/ptolemy/actor/lib/test/auto/LookupTable.xml
7 ms. Memory: 1364992K Free: 717985K (53%)
----------------- Invoking toplevel() on ptolemy.moml.MoMLSimpleApplication@6bb7332f
----------------- Done invoking toplevel() on ptolemy.moml.MoMLSimpleApplication@6bb7332f
reloadAllAccessors: .LookupTable

===========================================================================================
----------------- testing Sat Oct 27 02:32:45 UTC 2018 /home/travis/build/icyphy/ptII/ptolemy/actor/lib/test/auto/MathFunction.xml
----------------- Instantiating /home/travis/build/icyphy/ptII/ptolemy/actor/lib/test/auto/MathFunction.xml
2 ms. Memory: 1364992K Free: 699108K (51%)
----------------- Invoking toplevel() on ptolemy.moml.MoMLSimpleApplication@5e66c9dc
----------------- Done invoking toplevel() on ptolemy.moml.MoMLSimpleApplication@5e66c9dc
reloadAllAccessors: .MathFunction

===========================================================================================
----------------- testing Sat Oct 27 02:32:45 UTC 2018 /home/travis/build/icyphy/ptII/ptolemy/actor/lib/test/auto/MathFunction2.xml
----------------- Instantiating /home/travis/build/icyphy/ptII/ptolemy/actor/lib/test/auto/MathFunction2.xml
2 ms. Memory: 1364992K Free: 686656K (50%)
----------------- Invoking toplevel() on ptolemy.moml.MoMLSimpleApplication@2d5203fc
----------------- Done invoking toplevel() on ptolemy.moml.MoMLSimpleApplication@2d5203fc
reloadAllAccessors: .MathFunction2

===========================================================================================
----------------- testing Sat Oct 27 02:32:45 UTC 2018 /home/travis/build/icyphy/ptII/ptolemy/actor/lib/test/auto/MathFunction3.xml
----------------- Instantiating /home/travis/build/icyphy/ptII/ptolemy/actor/lib/test/auto/MathFunction3.xml
5 ms. Memory: 1364992K Free: 674204K (49%)
----------------- Invoking toplevel() on ptolemy.moml.MoMLSimpleApplication@54a9ef76
----------------- Done invoking toplevel() on ptolemy.moml.MoMLSimpleApplication@54a9ef76
reloadAllAccessors: .MathFunction3

===========================================================================================
----------------- testing Sat Oct 27 02:32:45 UTC 2018 /home/travis/build/icyphy/ptII/ptolemy/actor/lib/test/auto/MatrixCropBoolean.xml
----------------- Instantiating /home/travis/build/icyphy/ptII/ptolemy/actor/lib/test/auto/MatrixCropBoolean.xml
2 ms. Memory: 1364992K Free: 655327K (48%)
----------------- Invoking toplevel() on ptolemy.moml.MoMLSimpleApplication@5778fd33
----------------- Done invoking toplevel() on ptolemy.moml.MoMLSimpleApplication@5778fd33
reloadAllAccessors: .MatrixCropBoolean

===========================================================================================
----------------- testing Sat Oct 27 02:32:45 UTC 2018 /home/travis/build/icyphy/ptII/ptolemy/actor/lib/test/auto/MatrixCropComplex.xml
----------------- Instantiating /home/travis/build/icyphy/ptII/ptolemy/actor/lib/test/auto/MatrixCropComplex.xml
1 ms. Memory: 1364992K Free: 642875K (47%)
----------------- Invoking toplevel() on ptolemy.moml.MoMLSimpleApplication@1a23d28
----------------- Done invoking toplevel() on ptolemy.moml.MoMLSimpleApplication@1a23d28
reloadAllAccessors: .MatrixCropComplex

===========================================================================================
----------------- testing Sat Oct 27 02:32:45 UTC 2018 /home/travis/build/icyphy/ptII/ptolemy/actor/lib/test/auto/MatrixCropDouble.xml
----------------- Instantiating /home/travis/build/icyphy/ptII/ptolemy/actor/lib/test/auto/MatrixCropDouble.xml
2 ms. Memory: 1364992K Free: 623997K (46%)
----------------- Invoking toplevel() on ptolemy.moml.MoMLSimpleApplication@76cdc9a6
----------------- Done invoking toplevel() on ptolemy.moml.MoMLSimpleApplication@76cdc9a6
reloadAllAccessors: .MatrixCropDouble

===========================================================================================
----------------- testing Sat Oct 27 02:32:45 UTC 2018 /home/travis/build/icyphy/ptII/ptolemy/actor/lib/test/auto/MatrixCropFix.xml
----------------- Instantiating /home/travis/build/icyphy/ptII/ptolemy/actor/lib/test/auto/MatrixCropFix.xml
2 ms. Memory: 1364992K Free: 611545K (45%)
----------------- Invoking toplevel() on ptolemy.moml.MoMLSimpleApplication@10a354ef
----------------- Done invoking toplevel() on ptolemy.moml.MoMLSimpleApplication@10a354ef
reloadAllAccessors: .MatrixCropFix

===========================================================================================
----------------- testing Sat Oct 27 02:32:45 UTC 2018 /home/travis/build/icyphy/ptII/ptolemy/actor/lib/test/auto/MatrixCropInt.xml
----------------- Instantiating /home/travis/build/icyphy/ptII/ptolemy/actor/lib/test/auto/MatrixCropInt.xml
1 ms. Memory: 1364992K Free: 599094K (44%)
----------------- Invoking toplevel() on ptolemy.moml.MoMLSimpleApplication@52a9f87b
----------------- Done invoking toplevel() on ptolemy.moml.MoMLSimpleApplication@52a9f87b
reloadAllAccessors: .MatrixCropInt

===========================================================================================
----------------- testing Sat Oct 27 02:32:45 UTC 2018 /home/travis/build/icyphy/ptII/ptolemy/actor/lib/test/auto/MatrixCropLong.xml
----------------- Instantiating /home/travis/build/icyphy/ptII/ptolemy/actor/lib/test/auto/MatrixCropLong.xml
1 ms. Memory: 1364992K Free: 580216K (43%)
----------------- Invoking toplevel() on ptolemy.moml.MoMLSimpleApplication@4c7a3a7c
----------------- Done invoking toplevel() on ptolemy.moml.MoMLSimpleApplication@4c7a3a7c
reloadAllAccessors: .MatrixCropLong

===========================================================================================
----------------- testing Sat Oct 27 02:32:45 UTC 2018 /home/travis/build/icyphy/ptII/ptolemy/actor/lib/test/auto/MatrixToArray.xml
----------------- Instantiating /home/travis/build/icyphy/ptII/ptolemy/actor/lib/test/auto/MatrixToArray.xml
12 ms. Memory: 1364992K Free: 555280K (41%)
----------------- Invoking toplevel() on ptolemy.moml.MoMLSimpleApplication@582e7726
----------------- Done invoking toplevel() on ptolemy.moml.MoMLSimpleApplication@582e7726
reloadAllAccessors: .MatrixToArray

===========================================================================================
----------------- testing Sat Oct 27 02:32:45 UTC 2018 /home/travis/build/icyphy/ptII/ptolemy/actor/lib/test/auto/MaxIndex.xml
----------------- Instantiating /home/travis/build/icyphy/ptII/ptolemy/actor/lib/test/auto/MaxIndex.xml
2 ms. Memory: 1364992K Free: 542829K (40%)
----------------- Invoking toplevel() on ptolemy.moml.MoMLSimpleApplication@4a9d3aab
----------------- Done invoking toplevel() on ptolemy.moml.MoMLSimpleApplication@4a9d3aab
reloadAllAccessors: .MaxIndex

===========================================================================================
----------------- testing Sat Oct 27 02:32:45 UTC 2018 /home/travis/build/icyphy/ptII/ptolemy/actor/lib/test/auto/Maximum.xml
----------------- Instantiating /home/travis/build/icyphy/ptII/ptolemy/actor/lib/test/auto/Maximum.xml
5 ms. Memory: 1364992K Free: 523951K (38%)
----------------- Invoking toplevel() on ptolemy.moml.MoMLSimpleApplication@14d594b3
----------------- Done invoking toplevel() on ptolemy.moml.MoMLSimpleApplication@14d594b3
reloadAllAccessors: .Maximum

===========================================================================================
----------------- testing Sat Oct 27 02:32:45 UTC 2018 /home/travis/build/icyphy/ptII/ptolemy/actor/lib/test/auto/MaximumComplex.xml
----------------- Instantiating /home/travis/build/icyphy/ptII/ptolemy/actor/lib/test/auto/MaximumComplex.xml
5 ms. Memory: 1364992K Free: 511499K (37%)
----------------- Invoking toplevel() on ptolemy.moml.MoMLSimpleApplication@19be9459
----------------- Done invoking toplevel() on ptolemy.moml.MoMLSimpleApplication@19be9459
reloadAllAccessors: .MaximumComplex

===========================================================================================
----------------- testing Sat Oct 27 02:32:45 UTC 2018 /home/travis/build/icyphy/ptII/ptolemy/actor/lib/test/auto/MethodCallTest.xml
----------------- Instantiating /home/travis/build/icyphy/ptII/ptolemy/actor/lib/test/auto/MethodCallTest.xml
2 ms. Memory: 1364992K Free: 499047K (37%)
----------------- Invoking toplevel() on ptolemy.moml.MoMLSimpleApplication@6b11d800
----------------- Done invoking toplevel() on ptolemy.moml.MoMLSimpleApplication@6b11d800
reloadAllAccessors: .MethodCallTest

===========================================================================================
----------------- testing Sat Oct 27 02:32:45 UTC 2018 /home/travis/build/icyphy/ptII/ptolemy/actor/lib/test/auto/Minimum.xml
----------------- Instantiating /home/travis/build/icyphy/ptII/ptolemy/actor/lib/test/auto/Minimum.xml
3 ms. Memory: 1364992K Free: 480170K (35%)
----------------- Invoking toplevel() on ptolemy.moml.MoMLSimpleApplication@c6f1762
----------------- Done invoking toplevel() on ptolemy.moml.MoMLSimpleApplication@c6f1762
reloadAllAccessors: .Minimum

===========================================================================================
----------------- testing Sat Oct 27 02:32:45 UTC 2018 /home/travis/build/icyphy/ptII/ptolemy/actor/lib/test/auto/MinimumComplex.xml
----------------- Instantiating /home/travis/build/icyphy/ptII/ptolemy/actor/lib/test/auto/MinimumComplex.xml
2 ms. Memory: 1364992K Free: 467718K (34%)
----------------- Invoking toplevel() on ptolemy.moml.MoMLSimpleApplication@2fd7b54c
----------------- Done invoking toplevel() on ptolemy.moml.MoMLSimpleApplication@2fd7b54c
reloadAllAccessors: .MinimumComplex

===========================================================================================
----------------- testing Sat Oct 27 02:32:45 UTC 2018 /home/travis/build/icyphy/ptII/ptolemy/actor/lib/test/auto/MinimumMultiports.xml
----------------- Instantiating /home/travis/build/icyphy/ptII/ptolemy/actor/lib/test/auto/MinimumMultiports.xml
4 ms. Memory: 1364992K Free: 448841K (33%)
----------------- Invoking toplevel() on ptolemy.moml.MoMLSimpleApplication@5293f121
----------------- Done invoking toplevel() on ptolemy.moml.MoMLSimpleApplication@5293f121
reloadAllAccessors: .MinimumMultiports

===========================================================================================
----------------- testing Sat Oct 27 02:32:45 UTC 2018 /home/travis/build/icyphy/ptII/ptolemy/actor/lib/test/auto/ModifyDate.xml
----------------- Instantiating /home/travis/build/icyphy/ptII/ptolemy/actor/lib/test/auto/ModifyDate.xml
7 ms. Memory: 1364992K Free: 430155K (32%)
----------------- Invoking toplevel() on ptolemy.moml.MoMLSimpleApplication@523250a2
----------------- Done invoking toplevel() on ptolemy.moml.MoMLSimpleApplication@523250a2
reloadAllAccessors: .ModifyDate

===========================================================================================
----------------- testing Sat Oct 27 02:32:45 UTC 2018 /home/travis/build/icyphy/ptII/ptolemy/actor/lib/test/auto/ModifyDate2.xml
----------------- Instantiating /home/travis/build/icyphy/ptII/ptolemy/actor/lib/test/auto/ModifyDate2.xml
6 ms. Memory: 1364992K Free: 411477K (30%)
----------------- Invoking toplevel() on ptolemy.moml.MoMLSimpleApplication@64e63012
----------------- Done invoking toplevel() on ptolemy.moml.MoMLSimpleApplication@64e63012
reloadAllAccessors: .ModifyDate2

===========================================================================================
----------------- testing Sat Oct 27 02:32:45 UTC 2018 /home/travis/build/icyphy/ptII/ptolemy/actor/lib/test/auto/MovingAverage.xml
----------------- Instantiating /home/travis/build/icyphy/ptII/ptolemy/actor/lib/test/auto/MovingAverage.xml
2 ms. Memory: 1364992K Free: 392600K (29%)
----------------- Invoking toplevel() on ptolemy.moml.MoMLSimpleApplication@32b088ed
----------------- Done invoking toplevel() on ptolemy.moml.MoMLSimpleApplication@32b088ed
reloadAllAccessors: .MovingAverage

===========================================================================================
----------------- testing Sat Oct 27 02:32:45 UTC 2018 /home/travis/build/icyphy/ptII/ptolemy/actor/lib/test/auto/MovingMaximum.xml
----------------- Instantiating /home/travis/build/icyphy/ptII/ptolemy/actor/lib/test/auto/MovingMaximum.xml
2 ms. Memory: 1364992K Free: 380148K (28%)
----------------- Invoking toplevel() on ptolemy.moml.MoMLSimpleApplication@657ff95b
----------------- Done invoking toplevel() on ptolemy.moml.MoMLSimpleApplication@657ff95b
reloadAllAccessors: .MovingMaximum

===========================================================================================
----------------- testing Sat Oct 27 02:32:45 UTC 2018 /home/travis/build/icyphy/ptII/ptolemy/actor/lib/test/auto/MultipleLinksToSameRelation.xml
----------------- Instantiating /home/travis/build/icyphy/ptII/ptolemy/actor/lib/test/auto/MultipleLinksToSameRelation.xml
2 ms. Memory: 1364992K Free: 367696K (27%)
----------------- Invoking toplevel() on ptolemy.moml.MoMLSimpleApplication@73754e1a
----------------- Done invoking toplevel() on ptolemy.moml.MoMLSimpleApplication@73754e1a
reloadAllAccessors: .MultipleLinksToSameRelation

===========================================================================================
----------------- testing Sat Oct 27 02:32:45 UTC 2018 /home/travis/build/icyphy/ptII/ptolemy/actor/lib/test/auto/MultipleLinksToSameRelationDE.xml
----------------- Instantiating /home/travis/build/icyphy/ptII/ptolemy/actor/lib/test/auto/MultipleLinksToSameRelationDE.xml
2 ms. Memory: 1364992K Free: 348819K (26%)
----------------- Invoking toplevel() on ptolemy.moml.MoMLSimpleApplication@7ad07d8
----------------- Done invoking toplevel() on ptolemy.moml.MoMLSimpleApplication@7ad07d8
reloadAllAccessors: .MultipleLinksToSameRelationDE

===========================================================================================
----------------- testing Sat Oct 27 02:32:45 UTC 2018 /home/travis/build/icyphy/ptII/ptolemy/actor/lib/test/auto/Multiplexor.xml
----------------- Instantiating /home/travis/build/icyphy/ptII/ptolemy/actor/lib/test/auto/Multiplexor.xml
3 ms. Memory: 1364992K Free: 336367K (25%)
----------------- Invoking toplevel() on ptolemy.moml.MoMLSimpleApplication@2f90f7eb
----------------- Done invoking toplevel() on ptolemy.moml.MoMLSimpleApplication@2f90f7eb
reloadAllAccessors: .Multiplexor

===========================================================================================
----------------- testing Sat Oct 27 02:32:45 UTC 2018 /home/travis/build/icyphy/ptII/ptolemy/actor/lib/test/auto/Multiplexor1.xml
----------------- Instantiating /home/travis/build/icyphy/ptII/ptolemy/actor/lib/test/auto/Multiplexor1.xml
2 ms. Memory: 1364992K Free: 323915K (24%)
----------------- Invoking toplevel() on ptolemy.moml.MoMLSimpleApplication@ef4b8e2
----------------- Done invoking toplevel() on ptolemy.moml.MoMLSimpleApplication@ef4b8e2
reloadAllAccessors: .Multiplexor1

===========================================================================================
----------------- testing Sat Oct 27 02:32:45 UTC 2018 /home/travis/build/icyphy/ptII/ptolemy/actor/lib/test/auto/Multiplexor2.xml
----------------- Instantiating /home/travis/build/icyphy/ptII/ptolemy/actor/lib/test/auto/Multiplexor2.xml
3 ms. Memory: 1364992K Free: 305038K (22%)
----------------- Invoking toplevel() on ptolemy.moml.MoMLSimpleApplication@6cdf6e01
----------------- Done invoking toplevel() on ptolemy.moml.MoMLSimpleApplication@6cdf6e01
reloadAllAccessors: .Multiplexor2

===========================================================================================
----------------- testing Sat Oct 27 02:32:45 UTC 2018 /home/travis/build/icyphy/ptII/ptolemy/actor/lib/test/auto/Multiplexor3.xml
----------------- Instantiating /home/travis/build/icyphy/ptII/ptolemy/actor/lib/test/auto/Multiplexor3.xml
1 ms. Memory: 1364992K Free: 292586K (21%)
----------------- Invoking toplevel() on ptolemy.moml.MoMLSimpleApplication@55d1517c
----------------- Done invoking toplevel() on ptolemy.moml.MoMLSimpleApplication@55d1517c
reloadAllAccessors: .Multiplexor3

===========================================================================================
----------------- testing Sat Oct 27 02:32:45 UTC 2018 /home/travis/build/icyphy/ptII/ptolemy/actor/lib/test/auto/MultiplexorDE.xml
----------------- Instantiating /home/travis/build/icyphy/ptII/ptolemy/actor/lib/test/auto/MultiplexorDE.xml
3 ms. Memory: 1364992K Free: 273708K (20%)
----------------- Invoking toplevel() on ptolemy.moml.MoMLSimpleApplication@646645eb
----------------- Done invoking toplevel() on ptolemy.moml.MoMLSimpleApplication@646645eb
reloadAllAccessors: .MultiplexorDE

===========================================================================================
----------------- testing Sat Oct 27 02:32:45 UTC 2018 /home/travis/build/icyphy/ptII/ptolemy/actor/lib/test/auto/MultiportBroadcastTest.xml
----------------- Instantiating /home/travis/build/icyphy/ptII/ptolemy/actor/lib/test/auto/MultiportBroadcastTest.xml
82 ms. Memory: 1364992K Free: 261257K (19%)
----------------- Invoking toplevel() on ptolemy.moml.MoMLSimpleApplication@16ebddd4
----------------- Done invoking toplevel() on ptolemy.moml.MoMLSimpleApplication@16ebddd4
reloadAllAccessors: .MultiportBroadcastTest

===========================================================================================
----------------- testing Sat Oct 27 02:32:46 UTC 2018 /home/travis/build/icyphy/ptII/ptolemy/actor/lib/test/auto/MultiportOutHangDuringGetWidth.xml
----------------- Instantiating /home/travis/build/icyphy/ptII/ptolemy/actor/lib/test/auto/MultiportOutHangDuringGetWidth.xml
5 ms. Memory: 1364992K Free: 242579K (18%)
----------------- Invoking toplevel() on ptolemy.moml.MoMLSimpleApplication@45e38a91
----------------- Done invoking toplevel() on ptolemy.moml.MoMLSimpleApplication@45e38a91
reloadAllAccessors: .MultiportOutHangDuringGetWidth

===========================================================================================
----------------- testing Sat Oct 27 02:32:46 UTC 2018 /home/travis/build/icyphy/ptII/ptolemy/actor/lib/test/auto/NilToken.xml
----------------- Instantiating /home/travis/build/icyphy/ptII/ptolemy/actor/lib/test/auto/NilToken.xml
1 ms. Memory: 1364992K Free: 223701K (16%)
----------------- Invoking toplevel() on ptolemy.moml.MoMLSimpleApplication@203ae445
----------------- Done invoking toplevel() on ptolemy.moml.MoMLSimpleApplication@203ae445
reloadAllAccessors: .NilToken

===========================================================================================
----------------- testing Sat Oct 27 02:32:46 UTC 2018 /home/travis/build/icyphy/ptII/ptolemy/actor/lib/test/auto/NilTokenNonStrictTest.xml
----------------- Instantiating /home/travis/build/icyphy/ptII/ptolemy/actor/lib/test/auto/NilTokenNonStrictTest.xml
3 ms. Memory: 1364992K Free: 211250K (15%)
----------------- Invoking toplevel() on ptolemy.moml.MoMLSimpleApplication@535d2c02
----------------- Done invoking toplevel() on ptolemy.moml.MoMLSimpleApplication@535d2c02
reloadAllAccessors: .NilTokenNonStrictTest

===========================================================================================
----------------- testing Sat Oct 27 02:32:46 UTC 2018 /home/travis/build/icyphy/ptII/ptolemy/actor/lib/test/auto/NilTokenRecord.xml
----------------- Instantiating /home/travis/build/icyphy/ptII/ptolemy/actor/lib/test/auto/NilTokenRecord.xml
5 ms. Memory: 1364992K Free: 198798K (15%)
----------------- Invoking toplevel() on ptolemy.moml.MoMLSimpleApplication@75828263
----------------- Done invoking toplevel() on ptolemy.moml.MoMLSimpleApplication@75828263
reloadAllAccessors: .NilTokenRecord

===========================================================================================
----------------- testing Sat Oct 27 02:32:46 UTC 2018 /home/travis/build/icyphy/ptII/ptolemy/actor/lib/test/auto/NilTokenTypeTest.xml
----------------- Instantiating /home/travis/build/icyphy/ptII/ptolemy/actor/lib/test/auto/NilTokenTypeTest.xml
9 ms. Memory: 1364992K Free: 173678K (13%)
----------------- Invoking toplevel() on ptolemy.moml.MoMLSimpleApplication@72071d6b
----------------- Done invoking toplevel() on ptolemy.moml.MoMLSimpleApplication@72071d6b
reloadAllAccessors: .NilTokenTypeTest

===========================================================================================
----------------- testing Sat Oct 27 02:32:46 UTC 2018 /home/travis/build/icyphy/ptII/ptolemy/actor/lib/test/auto/ObjectToken1.xml
----------------- Instantiating /home/travis/build/icyphy/ptII/ptolemy/actor/lib/test/auto/ObjectToken1.xml
3 ms. Memory: 1364992K Free: 161226K (12%)
----------------- Invoking toplevel() on ptolemy.moml.MoMLSimpleApplication@65a25aa0
----------------- Done invoking toplevel() on ptolemy.moml.MoMLSimpleApplication@65a25aa0
reloadAllAccessors: .ObjectToken1

===========================================================================================
----------------- testing Sat Oct 27 02:32:46 UTC 2018 /home/travis/build/icyphy/ptII/ptolemy/actor/lib/test/auto/OrderedMerge.xml
----------------- Instantiating /home/travis/build/icyphy/ptII/ptolemy/actor/lib/test/auto/OrderedMerge.xml
6 ms. Memory: 1364992K Free: 123871K (9%)
----------------- Invoking toplevel() on ptolemy.moml.MoMLSimpleApplication@68c5f45b
----------------- Done invoking toplevel() on ptolemy.moml.MoMLSimpleApplication@68c5f45b
reloadAllAccessors: .OrderedMerge

===========================================================================================
----------------- testing Sat Oct 27 02:32:46 UTC 2018 /home/travis/build/icyphy/ptII/ptolemy/actor/lib/test/auto/OrderedRecordDisassembler.xml
----------------- Instantiating /home/travis/build/icyphy/ptII/ptolemy/actor/lib/test/auto/OrderedRecordDisassembler.xml
3 ms. Memory: 1364992K Free: 104993K (8%)
----------------- Invoking toplevel() on ptolemy.moml.MoMLSimpleApplication@67215485
----------------- Done invoking toplevel() on ptolemy.moml.MoMLSimpleApplication@67215485
reloadAllAccessors: .OrderedRecordDisassembler

===========================================================================================
----------------- testing Sat Oct 27 02:32:46 UTC 2018 /home/travis/build/icyphy/ptII/ptolemy/actor/lib/test/auto/OrderedRecordDisassembler2.xml
----------------- Instantiating /home/travis/build/icyphy/ptII/ptolemy/actor/lib/test/auto/OrderedRecordDisassembler2.xml
3 ms. Memory: 1364992K Free: 92542K (7%)
----------------- Invoking toplevel() on ptolemy.moml.MoMLSimpleApplication@27a1e3ce
----------------- Done invoking toplevel() on ptolemy.moml.MoMLSimpleApplication@27a1e3ce
reloadAllAccessors: .OrderedRecordDisassembler2

===========================================================================================
----------------- testing Sat Oct 27 02:32:46 UTC 2018 /home/travis/build/icyphy/ptII/ptolemy/actor/lib/test/auto/OrderedRecordUpdater.xml
----------------- Instantiating /home/travis/build/icyphy/ptII/ptolemy/actor/lib/test/auto/OrderedRecordUpdater.xml
7 ms. Memory: 1522176K Free: 1476463K (97%)
----------------- Invoking toplevel() on ptolemy.moml.MoMLSimpleApplication@62207f4b
----------------- Done invoking toplevel() on ptolemy.moml.MoMLSimpleApplication@62207f4b
reloadAllAccessors: .RecordUpdater

===========================================================================================
----------------- testing Sat Oct 27 02:32:46 UTC 2018 /home/travis/build/icyphy/ptII/ptolemy/actor/lib/test/auto/OrderedRecordUpdater2.xml
----------------- Instantiating /home/travis/build/icyphy/ptII/ptolemy/actor/lib/test/auto/OrderedRecordUpdater2.xml
3 ms. Memory: 1522176K Free: 1452371K (95%)
----------------- Invoking toplevel() on ptolemy.moml.MoMLSimpleApplication@4c141f67
----------------- Done invoking toplevel() on ptolemy.moml.MoMLSimpleApplication@4c141f67
reloadAllAccessors: .RecordUpdater2

===========================================================================================
----------------- testing Sat Oct 27 02:32:46 UTC 2018 /home/travis/build/icyphy/ptII/ptolemy/actor/lib/test/auto/PhaseUnwrap.xml
----------------- Instantiating /home/travis/build/icyphy/ptII/ptolemy/actor/lib/test/auto/PhaseUnwrap.xml
2 ms. Memory: 1522176K Free: 1438158K (94%)
----------------- Invoking toplevel() on ptolemy.moml.MoMLSimpleApplication@705f6906
----------------- Done invoking toplevel() on ptolemy.moml.MoMLSimpleApplication@705f6906
reloadAllAccessors: .PhaseUnwrap

===========================================================================================
----------------- testing Sat Oct 27 02:32:46 UTC 2018 /home/travis/build/icyphy/ptII/ptolemy/actor/lib/test/auto/PoissonClock.xml
----------------- Instantiating /home/travis/build/icyphy/ptII/ptolemy/actor/lib/test/auto/PoissonClock.xml
2 ms. Memory: 1522176K Free: 1417700K (93%)
----------------- Invoking toplevel() on ptolemy.moml.MoMLSimpleApplication@2f105bd9
----------------- Done invoking toplevel() on ptolemy.moml.MoMLSimpleApplication@2f105bd9
reloadAllAccessors: .PoissonClock

===========================================================================================
----------------- testing Sat Oct 27 02:32:46 UTC 2018 /home/travis/build/icyphy/ptII/ptolemy/actor/lib/test/auto/PoissonClock2.xml
----------------- Instantiating /home/travis/build/icyphy/ptII/ptolemy/actor/lib/test/auto/PoissonClock2.xml
1 ms. Memory: 1522176K Free: 1403487K (92%)
----------------- Invoking toplevel() on ptolemy.moml.MoMLSimpleApplication@67c79b93
----------------- Done invoking toplevel() on ptolemy.moml.MoMLSimpleApplication@67c79b93
reloadAllAccessors: .PoissonClock2

===========================================================================================
----------------- testing Sat Oct 27 02:32:46 UTC 2018 /home/travis/build/icyphy/ptII/ptolemy/actor/lib/test/auto/PoissonClock3.xml
----------------- Instantiating /home/travis/build/icyphy/ptII/ptolemy/actor/lib/test/auto/PoissonClock3.xml
1 ms. Memory: 1522176K Free: 1389274K (91%)
----------------- Invoking toplevel() on ptolemy.moml.MoMLSimpleApplication@3faa28ae
----------------- Done invoking toplevel() on ptolemy.moml.MoMLSimpleApplication@3faa28ae
reloadAllAccessors: .PoissonClock3

===========================================================================================
----------------- testing Sat Oct 27 02:32:46 UTC 2018 /home/travis/build/icyphy/ptII/ptolemy/actor/lib/test/auto/PubSubWithInitialTokens.xml
----------------- Instantiating /home/travis/build/icyphy/ptII/ptolemy/actor/lib/test/auto/PubSubWithInitialTokens.xml
2 ms. Memory: 1522176K Free: 1368816K (90%)
----------------- Invoking toplevel() on ptolemy.moml.MoMLSimpleApplication@5b0e2e99
----------------- Done invoking toplevel() on ptolemy.moml.MoMLSimpleApplication@5b0e2e99
reloadAllAccessors: .PubSubWithInitialTokens

===========================================================================================
----------------- testing Sat Oct 27 02:32:46 UTC 2018 /home/travis/build/icyphy/ptII/ptolemy/actor/lib/test/auto/PubSubWithInitialTokens2.xml
----------------- Instantiating /home/travis/build/icyphy/ptII/ptolemy/actor/lib/test/auto/PubSubWithInitialTokens2.xml
2 ms. Memory: 1522176K Free: 1354603K (89%)
----------------- Invoking toplevel() on ptolemy.moml.MoMLSimpleApplication@2173e8e9
----------------- Done invoking toplevel() on ptolemy.moml.MoMLSimpleApplication@2173e8e9
reloadAllAccessors: .PubSubWithInitialTokens2

===========================================================================================
----------------- testing Sat Oct 27 02:32:46 UTC 2018 /home/travis/build/icyphy/ptII/ptolemy/actor/lib/test/auto/PublisherClassNoParameter.xml
----------------- Instantiating /home/travis/build/icyphy/ptII/ptolemy/actor/lib/test/auto/PublisherClassNoParameter.xml
2 ms. Memory: 1522176K Free: 1327023K (87%)
----------------- Invoking toplevel() on ptolemy.moml.MoMLSimpleApplication@6da7a151
----------------- Done invoking toplevel() on ptolemy.moml.MoMLSimpleApplication@6da7a151
reloadAllAccessors: .PublisherClassNoParameter

===========================================================================================
----------------- testing Sat Oct 27 02:32:46 UTC 2018 /home/travis/build/icyphy/ptII/ptolemy/actor/lib/test/auto/PublisherClassParameter.xml
----------------- Instantiating /home/travis/build/icyphy/ptII/ptolemy/actor/lib/test/auto/PublisherClassParameter.xml
3 ms. Memory: 1522176K Free: 1305703K (86%)
----------------- Invoking toplevel() on ptolemy.moml.MoMLSimpleApplication@65536d1e
----------------- Done invoking toplevel() on ptolemy.moml.MoMLSimpleApplication@65536d1e
reloadAllAccessors: .PublisherClassParameter

===========================================================================================
----------------- testing Sat Oct 27 02:32:46 UTC 2018 /home/travis/build/icyphy/ptII/ptolemy/actor/lib/test/auto/PublisherNonStrictTest.xml
----------------- Instantiating /home/travis/build/icyphy/ptII/ptolemy/actor/lib/test/auto/PublisherNonStrictTest.xml
5 ms. Memory: 1522176K Free: 1291490K (85%)
----------------- Invoking toplevel() on ptolemy.moml.MoMLSimpleApplication@49ae4652
----------------- Done invoking toplevel() on ptolemy.moml.MoMLSimpleApplication@49ae4652
reloadAllAccessors: .PublisherNonStrictTest

===========================================================================================
----------------- testing Sat Oct 27 02:32:46 UTC 2018 /home/travis/build/icyphy/ptII/ptolemy/actor/lib/test/auto/PublisherPort1.xml
----------------- Instantiating /home/travis/build/icyphy/ptII/ptolemy/actor/lib/test/auto/PublisherPort1.xml
3 ms. Memory: 1522176K Free: 1271032K (84%)
----------------- Invoking toplevel() on ptolemy.moml.MoMLSimpleApplication@7a903830
----------------- Done invoking toplevel() on ptolemy.moml.MoMLSimpleApplication@7a903830
reloadAllAccessors: .PublisherPort1

===========================================================================================
----------------- testing Sat Oct 27 02:32:46 UTC 2018 /home/travis/build/icyphy/ptII/ptolemy/actor/lib/test/auto/PublisherPort2.xml
----------------- Instantiating /home/travis/build/icyphy/ptII/ptolemy/actor/lib/test/auto/PublisherPort2.xml
2 ms. Memory: 1522176K Free: 1256819K (83%)
----------------- Invoking toplevel() on ptolemy.moml.MoMLSimpleApplication@25f1f59b
----------------- Done invoking toplevel() on ptolemy.moml.MoMLSimpleApplication@25f1f59b
reloadAllAccessors: .PublisherPort2

===========================================================================================
----------------- testing Sat Oct 27 02:32:46 UTC 2018 /home/travis/build/icyphy/ptII/ptolemy/actor/lib/test/auto/PublisherPort3.xml
----------------- Instantiating /home/travis/build/icyphy/ptII/ptolemy/actor/lib/test/auto/PublisherPort3.xml
9 ms. Memory: 1522176K Free: 1242606K (82%)
----------------- Invoking toplevel() on ptolemy.moml.MoMLSimpleApplication@57946bda
----------------- Done invoking toplevel() on ptolemy.moml.MoMLSimpleApplication@57946bda
reloadAllAccessors: .PublisherPort3

===========================================================================================
----------------- testing Sat Oct 27 02:32:46 UTC 2018 /home/travis/build/icyphy/ptII/ptolemy/actor/lib/test/auto/PublisherPort4.xml
----------------- Instantiating /home/travis/build/icyphy/ptII/ptolemy/actor/lib/test/auto/PublisherPort4.xml
2 ms. Memory: 1522176K Free: 1222148K (80%)
----------------- Invoking toplevel() on ptolemy.moml.MoMLSimpleApplication@57a284b5
----------------- Done invoking toplevel() on ptolemy.moml.MoMLSimpleApplication@57a284b5
reloadAllAccessors: .PublisherPort4

===========================================================================================
----------------- testing Sat Oct 27 02:32:46 UTC 2018 /home/travis/build/icyphy/ptII/ptolemy/actor/lib/test/auto/PublisherPort5.xml
----------------- Instantiating /home/travis/build/icyphy/ptII/ptolemy/actor/lib/test/auto/PublisherPort5.xml
3 ms. Memory: 1522176K Free: 1207935K (79%)
----------------- Invoking toplevel() on ptolemy.moml.MoMLSimpleApplication@563833f5
----------------- Done invoking toplevel() on ptolemy.moml.MoMLSimpleApplication@563833f5
reloadAllAccessors: .PublisherPort5

===========================================================================================
----------------- testing Sat Oct 27 02:32:46 UTC 2018 /home/travis/build/icyphy/ptII/ptolemy/actor/lib/test/auto/PublisherPort5LookAlike.xml
----------------- Instantiating /home/travis/build/icyphy/ptII/ptolemy/actor/lib/test/auto/PublisherPort5LookAlike.xml
6 ms. Memory: 1522176K Free: 1187477K (78%)
----------------- Invoking toplevel() on ptolemy.moml.MoMLSimpleApplication@4c8e2987
----------------- Done invoking toplevel() on ptolemy.moml.MoMLSimpleApplication@4c8e2987
reloadAllAccessors: .PublisherPort5LookAlike

===========================================================================================
----------------- testing Sat Oct 27 02:32:46 UTC 2018 /home/travis/build/icyphy/ptII/ptolemy/actor/lib/test/auto/PublisherPort6.xml
----------------- Instantiating /home/travis/build/icyphy/ptII/ptolemy/actor/lib/test/auto/PublisherPort6.xml
2 ms. Memory: 1522176K Free: 1173264K (77%)
----------------- Invoking toplevel() on ptolemy.moml.MoMLSimpleApplication@57ed5a61
----------------- Done invoking toplevel() on ptolemy.moml.MoMLSimpleApplication@57ed5a61
reloadAllAccessors: .PublisherPort6

===========================================================================================
----------------- testing Sat Oct 27 02:32:46 UTC 2018 /home/travis/build/icyphy/ptII/ptolemy/actor/lib/test/auto/PublisherPort7.xml
----------------- Instantiating /home/travis/build/icyphy/ptII/ptolemy/actor/lib/test/auto/PublisherPort7.xml
3 ms. Memory: 1522176K Free: 1159051K (76%)
----------------- Invoking toplevel() on ptolemy.moml.MoMLSimpleApplication@503d14a4
----------------- Done invoking toplevel() on ptolemy.moml.MoMLSimpleApplication@503d14a4
reloadAllAccessors: .PublisherPort7

===========================================================================================
----------------- testing Sat Oct 27 02:32:46 UTC 2018 /home/travis/build/icyphy/ptII/ptolemy/actor/lib/test/auto/PublisherPort8.xml
----------------- Instantiating /home/travis/build/icyphy/ptII/ptolemy/actor/lib/test/auto/PublisherPort8.xml
5 ms. Memory: 1522176K Free: 1138593K (75%)
----------------- Invoking toplevel() on ptolemy.moml.MoMLSimpleApplication@48a237f2
----------------- Done invoking toplevel() on ptolemy.moml.MoMLSimpleApplication@48a237f2
reloadAllAccessors: .PublisherPort8

===========================================================================================
----------------- testing Sat Oct 27 02:32:46 UTC 2018 /home/travis/build/icyphy/ptII/ptolemy/actor/lib/test/auto/PublisherPortSubscriberChannelVariablesAOC2.xml
----------------- Instantiating /home/travis/build/icyphy/ptII/ptolemy/actor/lib/test/auto/PublisherPortSubscriberChannelVariablesAOC2.xml
5 ms. Memory: 1522176K Free: 1110151K (73%)
----------------- Invoking toplevel() on ptolemy.moml.MoMLSimpleApplication@6509cef8
----------------- Done invoking toplevel() on ptolemy.moml.MoMLSimpleApplication@6509cef8
reloadAllAccessors: .PublisherPortSubscriberChannelVariablesAOC2

===========================================================================================
----------------- testing Sat Oct 27 02:32:46 UTC 2018 /home/travis/build/icyphy/ptII/ptolemy/actor/lib/test/auto/PublisherPortSubscriberOpaqueWidthInference.xml
----------------- Instantiating /home/travis/build/icyphy/ptII/ptolemy/actor/lib/test/auto/PublisherPortSubscriberOpaqueWidthInference.xml
3 ms. Memory: 1522176K Free: 1089694K (72%)
----------------- Invoking toplevel() on ptolemy.moml.MoMLSimpleApplication@7a06110f
----------------- Done invoking toplevel() on ptolemy.moml.MoMLSimpleApplication@7a06110f
reloadAllAccessors: .PublisherPortSubscriberOpaqueWidthInference

===========================================================================================
----------------- testing Sat Oct 27 02:32:46 UTC 2018 /home/travis/build/icyphy/ptII/ptolemy/actor/lib/test/auto/PublisherPortSubscriberPortAdjacent.xml
----------------- Instantiating /home/travis/build/icyphy/ptII/ptolemy/actor/lib/test/auto/PublisherPortSubscriberPortAdjacent.xml
3 ms. Memory: 1522176K Free: 1075480K (71%)
----------------- Invoking toplevel() on ptolemy.moml.MoMLSimpleApplication@36e432af
----------------- Done invoking toplevel() on ptolemy.moml.MoMLSimpleApplication@36e432af
reloadAllAccessors: .PublisherPortSubscriberPortAdjacent

===========================================================================================
----------------- testing Sat Oct 27 02:32:46 UTC 2018 /home/travis/build/icyphy/ptII/ptolemy/actor/lib/test/auto/PublisherPortSubscriberPortExpression.xml
----------------- Instantiating /home/travis/build/icyphy/ptII/ptolemy/actor/lib/test/auto/PublisherPortSubscriberPortExpression.xml
4 ms. Memory: 1522176K Free: 1061267K (70%)
----------------- Invoking toplevel() on ptolemy.moml.MoMLSimpleApplication@7bd6a7f5
----------------- Done invoking toplevel() on ptolemy.moml.MoMLSimpleApplication@7bd6a7f5
reloadAllAccessors: .PublisherPortSubscriberPortExpression

===========================================================================================
----------------- testing Sat Oct 27 02:32:46 UTC 2018 /home/travis/build/icyphy/ptII/ptolemy/actor/lib/test/auto/PublisherPortSubscriberPortOpaqueD3Reverse.xml
----------------- Instantiating /home/travis/build/icyphy/ptII/ptolemy/actor/lib/test/auto/PublisherPortSubscriberPortOpaqueD3Reverse.xml
6 ms. Memory: 1522176K Free: 1040810K (68%)
----------------- Invoking toplevel() on ptolemy.moml.MoMLSimpleApplication@6156fc97
----------------- Done invoking toplevel() on ptolemy.moml.MoMLSimpleApplication@6156fc97
reloadAllAccessors: .PublisherPortSubscriberPortOpaqueD3Reverse

===========================================================================================
----------------- testing Sat Oct 27 02:32:46 UTC 2018 /home/travis/build/icyphy/ptII/ptolemy/actor/lib/test/auto/PublisherPortSubscriberPortOpaqueWidthInference.xml
----------------- Instantiating /home/travis/build/icyphy/ptII/ptolemy/actor/lib/test/auto/PublisherPortSubscriberPortOpaqueWidthInference.xml
3 ms. Memory: 1522176K Free: 1026596K (67%)
----------------- Invoking toplevel() on ptolemy.moml.MoMLSimpleApplication@187bb1e5
----------------- Done invoking toplevel() on ptolemy.moml.MoMLSimpleApplication@187bb1e5
reloadAllAccessors: .PublisherPortSubscriberPortOpaqueWidthInference

===========================================================================================
----------------- testing Sat Oct 27 02:32:46 UTC 2018 /home/travis/build/icyphy/ptII/ptolemy/actor/lib/test/auto/PublisherPortToplevelSubscriberPortAOC.xml
----------------- Instantiating /home/travis/build/icyphy/ptII/ptolemy/actor/lib/test/auto/PublisherPortToplevelSubscriberPortAOC.xml
.PublisherPortToplevelSubscriberPortAOC.TestExceptionAttribute: initialize() was not invoked, but wrapup() was.  This is unusual, but not always a problem.  For example, exporting JNLP will do this.
0 ms. Memory: 1522176K Free: 1012383K (67%)
----------------- Invoking toplevel() on ptolemy.moml.MoMLSimpleApplication@62bb5a6f
----------------- Done invoking toplevel() on ptolemy.moml.MoMLSimpleApplication@62bb5a6f
reloadAllAccessors: .PublisherPortToplevelSubscriberPortAOC

===========================================================================================
----------------- testing Sat Oct 27 02:32:46 UTC 2018 /home/travis/build/icyphy/ptII/ptolemy/actor/lib/test/auto/PublisherSubscriber.xml
----------------- Instantiating /home/travis/build/icyphy/ptII/ptolemy/actor/lib/test/auto/PublisherSubscriber.xml
3 ms. Memory: 1522176K Free: 991926K (65%)
----------------- Invoking toplevel() on ptolemy.moml.MoMLSimpleApplication@652763f9
----------------- Done invoking toplevel() on ptolemy.moml.MoMLSimpleApplication@652763f9
reloadAllAccessors: .PublisherSubscriber

===========================================================================================
----------------- testing Sat Oct 27 02:32:46 UTC 2018 /home/travis/build/icyphy/ptII/ptolemy/actor/lib/test/auto/PublisherSubscriber10.xml
----------------- Instantiating /home/travis/build/icyphy/ptII/ptolemy/actor/lib/test/auto/PublisherSubscriber10.xml
4 ms. Memory: 1522176K Free: 977712K (64%)
----------------- Invoking toplevel() on ptolemy.moml.MoMLSimpleApplication@3f8c3a00
----------------- Done invoking toplevel() on ptolemy.moml.MoMLSimpleApplication@3f8c3a00
reloadAllAccessors: .PublisherSubscriber10

===========================================================================================
----------------- testing Sat Oct 27 02:32:46 UTC 2018 /home/travis/build/icyphy/ptII/ptolemy/actor/lib/test/auto/PublisherSubscriber10InitialOutputs.xml
----------------- Instantiating /home/travis/build/icyphy/ptII/ptolemy/actor/lib/test/auto/PublisherSubscriber10InitialOutputs.xml
4 ms. Memory: 1522176K Free: 957255K (63%)
----------------- Invoking toplevel() on ptolemy.moml.MoMLSimpleApplication@31c83164
----------------- Done invoking toplevel() on ptolemy.moml.MoMLSimpleApplication@31c83164
reloadAllAccessors: .PublisherSubscriber10InitialOutputs

===========================================================================================
----------------- testing Sat Oct 27 02:32:47 UTC 2018 /home/travis/build/icyphy/ptII/ptolemy/actor/lib/test/auto/PublisherSubscriber11.xml
----------------- Instantiating /home/travis/build/icyphy/ptII/ptolemy/actor/lib/test/auto/PublisherSubscriber11.xml
3 ms. Memory: 1522176K Free: 943041K (62%)
----------------- Invoking toplevel() on ptolemy.moml.MoMLSimpleApplication@2a090914
----------------- Done invoking toplevel() on ptolemy.moml.MoMLSimpleApplication@2a090914
reloadAllAccessors: .PublisherSubscriber11

===========================================================================================
----------------- testing Sat Oct 27 02:32:47 UTC 2018 /home/travis/build/icyphy/ptII/ptolemy/actor/lib/test/auto/PublisherSubscriber12.xml
----------------- Instantiating /home/travis/build/icyphy/ptII/ptolemy/actor/lib/test/auto/PublisherSubscriber12.xml
6 ms. Memory: 1522176K Free: 928828K (61%)
----------------- Invoking toplevel() on ptolemy.moml.MoMLSimpleApplication@68546662
----------------- Done invoking toplevel() on ptolemy.moml.MoMLSimpleApplication@68546662
reloadAllAccessors: .PublisherSubscriber12

===========================================================================================
----------------- testing Sat Oct 27 02:32:47 UTC 2018 /home/travis/build/icyphy/ptII/ptolemy/actor/lib/test/auto/PublisherSubscriber13.xml
----------------- Instantiating /home/travis/build/icyphy/ptII/ptolemy/actor/lib/test/auto/PublisherSubscriber13.xml
2 ms. Memory: 1522176K Free: 908370K (60%)
----------------- Invoking toplevel() on ptolemy.moml.MoMLSimpleApplication@5bc2f6f7
----------------- Done invoking toplevel() on ptolemy.moml.MoMLSimpleApplication@5bc2f6f7
reloadAllAccessors: .PublisherSubscriber13

===========================================================================================
----------------- testing Sat Oct 27 02:32:47 UTC 2018 /home/travis/build/icyphy/ptII/ptolemy/actor/lib/test/auto/PublisherSubscriber14.xml
----------------- Instantiating /home/travis/build/icyphy/ptII/ptolemy/actor/lib/test/auto/PublisherSubscriber14.xml
2 ms. Memory: 1522176K Free: 894157K (59%)
----------------- Invoking toplevel() on ptolemy.moml.MoMLSimpleApplication@19e5ac2
----------------- Done invoking toplevel() on ptolemy.moml.MoMLSimpleApplication@19e5ac2
reloadAllAccessors: .PublisherSubscriber14

===========================================================================================
----------------- testing Sat Oct 27 02:32:47 UTC 2018 /home/travis/build/icyphy/ptII/ptolemy/actor/lib/test/auto/PublisherSubscriber2.xml
----------------- Instantiating /home/travis/build/icyphy/ptII/ptolemy/actor/lib/test/auto/PublisherSubscriber2.xml
3 ms. Memory: 1522176K Free: 873699K (57%)
----------------- Invoking toplevel() on ptolemy.moml.MoMLSimpleApplication@7098c916
----------------- Done invoking toplevel() on ptolemy.moml.MoMLSimpleApplication@7098c916
reloadAllAccessors: .PublisherSubscriber2

===========================================================================================
----------------- testing Sat Oct 27 02:32:47 UTC 2018 /home/travis/build/icyphy/ptII/ptolemy/actor/lib/test/auto/PublisherSubscriber3.xml
----------------- Instantiating /home/travis/build/icyphy/ptII/ptolemy/actor/lib/test/auto/PublisherSubscriber3.xml
2 ms. Memory: 1522176K Free: 859486K (56%)
----------------- Invoking toplevel() on ptolemy.moml.MoMLSimpleApplication@b136a0e
----------------- Done invoking toplevel() on ptolemy.moml.MoMLSimpleApplication@b136a0e
reloadAllAccessors: .PublisherSubscriber3

===========================================================================================
----------------- testing Sat Oct 27 02:32:47 UTC 2018 /home/travis/build/icyphy/ptII/ptolemy/actor/lib/test/auto/PublisherSubscriber4.xml
----------------- Instantiating /home/travis/build/icyphy/ptII/ptolemy/actor/lib/test/auto/PublisherSubscriber4.xml
2 ms. Memory: 1522176K Free: 845273K (56%)
----------------- Invoking toplevel() on ptolemy.moml.MoMLSimpleApplication@239a5258
----------------- Done invoking toplevel() on ptolemy.moml.MoMLSimpleApplication@239a5258
reloadAllAccessors: .PublisherSubscriber4

===========================================================================================
----------------- testing Sat Oct 27 02:32:47 UTC 2018 /home/travis/build/icyphy/ptII/ptolemy/actor/lib/test/auto/PublisherSubscriber5.xml
----------------- Instantiating /home/travis/build/icyphy/ptII/ptolemy/actor/lib/test/auto/PublisherSubscriber5.xml
2 ms. Memory: 1522176K Free: 824815K (54%)
----------------- Invoking toplevel() on ptolemy.moml.MoMLSimpleApplication@76b38e5b
----------------- Done invoking toplevel() on ptolemy.moml.MoMLSimpleApplication@76b38e5b
reloadAllAccessors: .PublisherSubscriber5

===========================================================================================
----------------- testing Sat Oct 27 02:32:47 UTC 2018 /home/travis/build/icyphy/ptII/ptolemy/actor/lib/test/auto/PublisherSubscriber6.xml
----------------- Instantiating /home/travis/build/icyphy/ptII/ptolemy/actor/lib/test/auto/PublisherSubscriber6.xml
3 ms. Memory: 1522176K Free: 810602K (53%)
----------------- Invoking toplevel() on ptolemy.moml.MoMLSimpleApplication@774f3794
----------------- Done invoking toplevel() on ptolemy.moml.MoMLSimpleApplication@774f3794
reloadAllAccessors: .PublisherSubscriber6

===========================================================================================
----------------- testing Sat Oct 27 02:32:47 UTC 2018 /home/travis/build/icyphy/ptII/ptolemy/actor/lib/test/auto/PublisherSubscriber7.xml
----------------- Instantiating /home/travis/build/icyphy/ptII/ptolemy/actor/lib/test/auto/PublisherSubscriber7.xml
6 ms. Memory: 1522176K Free: 790145K (52%)
----------------- Invoking toplevel() on ptolemy.moml.MoMLSimpleApplication@6b1930cd
----------------- Done invoking toplevel() on ptolemy.moml.MoMLSimpleApplication@6b1930cd
reloadAllAccessors: .PublisherSubscriber7

===========================================================================================
----------------- testing Sat Oct 27 02:32:47 UTC 2018 /home/travis/build/icyphy/ptII/ptolemy/actor/lib/test/auto/PublisherSubscriber8.xml
----------------- Instantiating /home/travis/build/icyphy/ptII/ptolemy/actor/lib/test/auto/PublisherSubscriber8.xml
19 ms. Memory: 1522176K Free: 704866K (46%)
----------------- Invoking toplevel() on ptolemy.moml.MoMLSimpleApplication@7cf0893d
----------------- Done invoking toplevel() on ptolemy.moml.MoMLSimpleApplication@7cf0893d
reloadAllAccessors: .PublisherSubscriber8

===========================================================================================
----------------- testing Sat Oct 27 02:32:47 UTC 2018 /home/travis/build/icyphy/ptII/ptolemy/actor/lib/test/auto/PublisherSubscriber9.xml
----------------- Instantiating /home/travis/build/icyphy/ptII/ptolemy/actor/lib/test/auto/PublisherSubscriber9.xml
2 ms. Memory: 1522176K Free: 690652K (45%)
----------------- Invoking toplevel() on ptolemy.moml.MoMLSimpleApplication@3ab1b249
----------------- Done invoking toplevel() on ptolemy.moml.MoMLSimpleApplication@3ab1b249
reloadAllAccessors: .PublisherSubscriber9

===========================================================================================
----------------- testing Sat Oct 27 02:32:47 UTC 2018 /home/travis/build/icyphy/ptII/ptolemy/actor/lib/test/auto/PublisherSubscriberAdjacent.xml
----------------- Instantiating /home/travis/build/icyphy/ptII/ptolemy/actor/lib/test/auto/PublisherSubscriberAdjacent.xml
3 ms. Memory: 1522176K Free: 670195K (44%)
----------------- Invoking toplevel() on ptolemy.moml.MoMLSimpleApplication@3ffa4543
----------------- Done invoking toplevel() on ptolemy.moml.MoMLSimpleApplication@3ffa4543
reloadAllAccessors: .PublisherSubscriberAdjacent

===========================================================================================
----------------- testing Sat Oct 27 02:32:47 UTC 2018 /home/travis/build/icyphy/ptII/ptolemy/actor/lib/test/auto/PublisherSubscriberChannelVariablesAOC2.xml
----------------- Instantiating /home/travis/build/icyphy/ptII/ptolemy/actor/lib/test/auto/PublisherSubscriberChannelVariablesAOC2.xml
3 ms. Memory: 1522176K Free: 648859K (43%)
----------------- Invoking toplevel() on ptolemy.moml.MoMLSimpleApplication@4ea6b046
----------------- Done invoking toplevel() on ptolemy.moml.MoMLSimpleApplication@4ea6b046
reloadAllAccessors: .PublisherSubscriberChannelVariablesAOC2

===========================================================================================
----------------- testing Sat Oct 27 02:32:47 UTC 2018 /home/travis/build/icyphy/ptII/ptolemy/actor/lib/test/auto/PublisherSubscriberD3.xml
----------------- Instantiating /home/travis/build/icyphy/ptII/ptolemy/actor/lib/test/auto/PublisherSubscriberD3.xml
1 ms. Memory: 1522176K Free: 634646K (42%)
----------------- Invoking toplevel() on ptolemy.moml.MoMLSimpleApplication@2bce43ec
----------------- Done invoking toplevel() on ptolemy.moml.MoMLSimpleApplication@2bce43ec
reloadAllAccessors: .PublisherSubscriberD3

===========================================================================================
----------------- testing Sat Oct 27 02:32:47 UTC 2018 /home/travis/build/icyphy/ptII/ptolemy/actor/lib/test/auto/PublisherSubscriberD3Reverse.xml
----------------- Instantiating /home/travis/build/icyphy/ptII/ptolemy/actor/lib/test/auto/PublisherSubscriberD3Reverse.xml
1 ms. Memory: 1522176K Free: 614188K (40%)
----------------- Invoking toplevel() on ptolemy.moml.MoMLSimpleApplication@726147c9
----------------- Done invoking toplevel() on ptolemy.moml.MoMLSimpleApplication@726147c9
reloadAllAccessors: .PublisherSubscriberD3Reverse

===========================================================================================
----------------- testing Sat Oct 27 02:32:47 UTC 2018 /home/travis/build/icyphy/ptII/ptolemy/actor/lib/test/auto/PublisherSubscriberExpression.xml
----------------- Instantiating /home/travis/build/icyphy/ptII/ptolemy/actor/lib/test/auto/PublisherSubscriberExpression.xml
3 ms. Memory: 1522176K Free: 599975K (39%)
----------------- Invoking toplevel() on ptolemy.moml.MoMLSimpleApplication@4b9ca512
----------------- Done invoking toplevel() on ptolemy.moml.MoMLSimpleApplication@4b9ca512
reloadAllAccessors: .PublisherSubscriberExpression

===========================================================================================
----------------- testing Sat Oct 27 02:32:47 UTC 2018 /home/travis/build/icyphy/ptII/ptolemy/actor/lib/test/auto/PublisherSubscriberOpaque.xml
----------------- Instantiating /home/travis/build/icyphy/ptII/ptolemy/actor/lib/test/auto/PublisherSubscriberOpaque.xml
8 ms. Memory: 1522176K Free: 579517K (38%)
----------------- Invoking toplevel() on ptolemy.moml.MoMLSimpleApplication@3758557e
----------------- Done invoking toplevel() on ptolemy.moml.MoMLSimpleApplication@3758557e
reloadAllAccessors: .PublisherSubscriberOpaque

===========================================================================================
----------------- testing Sat Oct 27 02:32:47 UTC 2018 /home/travis/build/icyphy/ptII/ptolemy/actor/lib/test/auto/PublisherSubscriberOpaqueD3.xml
----------------- Instantiating /home/travis/build/icyphy/ptII/ptolemy/actor/lib/test/auto/PublisherSubscriberOpaqueD3.xml
4 ms. Memory: 1522176K Free: 558198K (37%)
----------------- Invoking toplevel() on ptolemy.moml.MoMLSimpleApplication@2fd3c5f3
----------------- Done invoking toplevel() on ptolemy.moml.MoMLSimpleApplication@2fd3c5f3
reloadAllAccessors: .PublisherSubscriberOpaqueD3

===========================================================================================
----------------- testing Sat Oct 27 02:32:47 UTC 2018 /home/travis/build/icyphy/ptII/ptolemy/actor/lib/test/auto/PublisherSubscriberOpaqueD3Reverse.xml
----------------- Instantiating /home/travis/build/icyphy/ptII/ptolemy/actor/lib/test/auto/PublisherSubscriberOpaqueD3Reverse.xml
9 ms. Memory: 1522176K Free: 543985K (36%)
----------------- Invoking toplevel() on ptolemy.moml.MoMLSimpleApplication@a8f8333
----------------- Done invoking toplevel() on ptolemy.moml.MoMLSimpleApplication@a8f8333
reloadAllAccessors: .PublisherSubscriberOpaqueD3Reverse

===========================================================================================
----------------- testing Sat Oct 27 02:32:47 UTC 2018 /home/travis/build/icyphy/ptII/ptolemy/actor/lib/test/auto/PublisherSubscriberOpaqueWidthInference.xml
----------------- Instantiating /home/travis/build/icyphy/ptII/ptolemy/actor/lib/test/auto/PublisherSubscriberOpaqueWidthInference.xml
6 ms. Memory: 1522176K Free: 523527K (34%)
----------------- Invoking toplevel() on ptolemy.moml.MoMLSimpleApplication@71f32dbd
----------------- Done invoking toplevel() on ptolemy.moml.MoMLSimpleApplication@71f32dbd
reloadAllAccessors: .PublisherSubscriberOpaqueWidthInference

===========================================================================================
----------------- testing Sat Oct 27 02:32:47 UTC 2018 /home/travis/build/icyphy/ptII/ptolemy/actor/lib/test/auto/PublisherTestSubscriber.xml
----------------- Instantiating /home/travis/build/icyphy/ptII/ptolemy/actor/lib/test/auto/PublisherTestSubscriber.xml
2 ms. Memory: 1522176K Free: 509314K (33%)
----------------- Invoking toplevel() on ptolemy.moml.MoMLSimpleApplication@1a7110bc
----------------- Done invoking toplevel() on ptolemy.moml.MoMLSimpleApplication@1a7110bc
reloadAllAccessors: .PublisherTestSubscriber

===========================================================================================
----------------- testing Sat Oct 27 02:32:47 UTC 2018 /home/travis/build/icyphy/ptII/ptolemy/actor/lib/test/auto/PublisherToplevelSubscriberPortAOC.xml
----------------- Instantiating /home/travis/build/icyphy/ptII/ptolemy/actor/lib/test/auto/PublisherToplevelSubscriberPortAOC.xml
2 ms. Memory: 1522176K Free: 488856K (32%)
----------------- Invoking toplevel() on ptolemy.moml.MoMLSimpleApplication@73ee702b
----------------- Done invoking toplevel() on ptolemy.moml.MoMLSimpleApplication@73ee702b
reloadAllAccessors: .PublisherToplevelSubscriberPortAOC

===========================================================================================
----------------- testing Sat Oct 27 02:32:47 UTC 2018 /home/travis/build/icyphy/ptII/ptolemy/actor/lib/test/auto/PulseFiringLimitDE.xml
----------------- Instantiating /home/travis/build/icyphy/ptII/ptolemy/actor/lib/test/auto/PulseFiringLimitDE.xml
2 ms. Memory: 1522176K Free: 474643K (31%)
----------------- Invoking toplevel() on ptolemy.moml.MoMLSimpleApplication@27cd3334
----------------- Done invoking toplevel() on ptolemy.moml.MoMLSimpleApplication@27cd3334
reloadAllAccessors: .PulseFiringLimitDE

===========================================================================================
----------------- testing Sat Oct 27 02:32:47 UTC 2018 /home/travis/build/icyphy/ptII/ptolemy/actor/lib/test/auto/Ramp1.xml
----------------- Instantiating /home/travis/build/icyphy/ptII/ptolemy/actor/lib/test/auto/Ramp1.xml
1 ms. Memory: 1522176K Free: 460430K (30%)
----------------- Invoking toplevel() on ptolemy.moml.MoMLSimpleApplication@41a3ba42
----------------- Done invoking toplevel() on ptolemy.moml.MoMLSimpleApplication@41a3ba42
reloadAllAccessors: .Ramp1

===========================================================================================
----------------- testing Sat Oct 27 02:32:47 UTC 2018 /home/travis/build/icyphy/ptII/ptolemy/actor/lib/test/auto/RampFiringLimitDE.xml
----------------- Instantiating /home/travis/build/icyphy/ptII/ptolemy/actor/lib/test/auto/RampFiringLimitDE.xml
2 ms. Memory: 1522176K Free: 439972K (29%)
----------------- Invoking toplevel() on ptolemy.moml.MoMLSimpleApplication@37970db9
----------------- Done invoking toplevel() on ptolemy.moml.MoMLSimpleApplication@37970db9
reloadAllAccessors: .RampFiringLimitDE

===========================================================================================
----------------- testing Sat Oct 27 02:32:47 UTC 2018 /home/travis/build/icyphy/ptII/ptolemy/actor/lib/test/auto/RampFiringLimitSDF.xml
----------------- Instantiating /home/travis/build/icyphy/ptII/ptolemy/actor/lib/test/auto/RampFiringLimitSDF.xml
2 ms. Memory: 1522176K Free: 425759K (28%)
----------------- Invoking toplevel() on ptolemy.moml.MoMLSimpleApplication@1fee8be5
----------------- Done invoking toplevel() on ptolemy.moml.MoMLSimpleApplication@1fee8be5
reloadAllAccessors: .RampFiringLimitSDF

===========================================================================================
----------------- testing Sat Oct 27 02:32:47 UTC 2018 /home/travis/build/icyphy/ptII/ptolemy/actor/lib/test/auto/RandomInteger.xml
----------------- Instantiating /home/travis/build/icyphy/ptII/ptolemy/actor/lib/test/auto/RandomInteger.xml
1 ms. Memory: 1522176K Free: 405301K (27%)
----------------- Invoking toplevel() on ptolemy.moml.MoMLSimpleApplication@2ee3b08e
----------------- Done invoking toplevel() on ptolemy.moml.MoMLSimpleApplication@2ee3b08e
reloadAllAccessors: .RandomInteger

===========================================================================================
----------------- testing Sat Oct 27 02:32:47 UTC 2018 /home/travis/build/icyphy/ptII/ptolemy/actor/lib/test/auto/ReadFile1.xml
----------------- Instantiating /home/travis/build/icyphy/ptII/ptolemy/actor/lib/test/auto/ReadFile1.xml
1 ms. Memory: 1522176K Free: 391088K (26%)
----------------- Invoking toplevel() on ptolemy.moml.MoMLSimpleApplication@7051b214
----------------- Done invoking toplevel() on ptolemy.moml.MoMLSimpleApplication@7051b214
reloadAllAccessors: .ReadFile1

===========================================================================================
----------------- testing Sat Oct 27 02:32:47 UTC 2018 /home/travis/build/icyphy/ptII/ptolemy/actor/lib/test/auto/ReadFile2.xml
----------------- Instantiating /home/travis/build/icyphy/ptII/ptolemy/actor/lib/test/auto/ReadFile2.xml
2 ms. Memory: 1522176K Free: 376875K (25%)
----------------- Invoking toplevel() on ptolemy.moml.MoMLSimpleApplication@8847bc4
----------------- Done invoking toplevel() on ptolemy.moml.MoMLSimpleApplication@8847bc4
reloadAllAccessors: .ReadFile2

===========================================================================================
----------------- testing Sat Oct 27 02:32:47 UTC 2018 /home/travis/build/icyphy/ptII/ptolemy/actor/lib/test/auto/Reader.xml
----------------- Instantiating /home/travis/build/icyphy/ptII/ptolemy/actor/lib/test/auto/Reader.xml
actor.lib.Reader is obsolete, use actor.lib.io.ExpressionReader instead
1 ms. Memory: 1522176K Free: 356417K (23%)
----------------- Invoking toplevel() on ptolemy.moml.MoMLSimpleApplication@34fd9920
----------------- Done invoking toplevel() on ptolemy.moml.MoMLSimpleApplication@34fd9920
reloadAllAccessors: .Reader

===========================================================================================
----------------- testing Sat Oct 27 02:32:47 UTC 2018 /home/travis/build/icyphy/ptII/ptolemy/actor/lib/test/auto/RecordAssemblerDisplayNameTest.xml
----------------- Instantiating /home/travis/build/icyphy/ptII/ptolemy/actor/lib/test/auto/RecordAssemblerDisplayNameTest.xml
2880 ms. Memory: 1555968K Free: 543106K (35%)
----------------- Invoking toplevel() on ptolemy.moml.MoMLSimpleApplication@f5368f0
----------------- Done invoking toplevel() on ptolemy.moml.MoMLSimpleApplication@f5368f0
reloadAllAccessors: .RecordAssemblerDisplayNameTest

===========================================================================================
----------------- testing Sat Oct 27 02:32:50 UTC 2018 /home/travis/build/icyphy/ptII/ptolemy/actor/lib/test/auto/RecordAssemblerTypeError.xml
----------------- Instantiating /home/travis/build/icyphy/ptII/ptolemy/actor/lib/test/auto/RecordAssemblerTypeError.xml
8 ms. Memory: 1555968K Free: 512789K (33%)
----------------- Invoking toplevel() on ptolemy.moml.MoMLSimpleApplication@28bf7b22
----------------- Done invoking toplevel() on ptolemy.moml.MoMLSimpleApplication@28bf7b22
reloadAllAccessors: .RecordAssemblerTypeError

===========================================================================================
----------------- testing Sat Oct 27 02:32:50 UTC 2018 /home/travis/build/icyphy/ptII/ptolemy/actor/lib/test/auto/RecordDisassember.xml
----------------- Instantiating /home/travis/build/icyphy/ptII/ptolemy/actor/lib/test/auto/RecordDisassember.xml
6 ms. Memory: 1555968K Free: 498422K (32%)
----------------- Invoking toplevel() on ptolemy.moml.MoMLSimpleApplication@12c01915
----------------- Done invoking toplevel() on ptolemy.moml.MoMLSimpleApplication@12c01915
reloadAllAccessors: .RecordDisassember

===========================================================================================
----------------- testing Sat Oct 27 02:32:50 UTC 2018 /home/travis/build/icyphy/ptII/ptolemy/actor/lib/test/auto/RecordDisassemberDisplayNameTest.xml
----------------- Instantiating /home/travis/build/icyphy/ptII/ptolemy/actor/lib/test/auto/RecordDisassemberDisplayNameTest.xml
4 ms. Memory: 1555968K Free: 478933K (31%)
----------------- Invoking toplevel() on ptolemy.moml.MoMLSimpleApplication@74d19359
----------------- Done invoking toplevel() on ptolemy.moml.MoMLSimpleApplication@74d19359
reloadAllAccessors: .RecordDisassemberDisplayNameTest

===========================================================================================
----------------- testing Sat Oct 27 02:32:50 UTC 2018 /home/travis/build/icyphy/ptII/ptolemy/actor/lib/test/auto/RecordDisassembler.xml
----------------- Instantiating /home/travis/build/icyphy/ptII/ptolemy/actor/lib/test/auto/RecordDisassembler.xml
3 ms. Memory: 1555968K Free: 464566K (30%)
----------------- Invoking toplevel() on ptolemy.moml.MoMLSimpleApplication@145ed565
----------------- Done invoking toplevel() on ptolemy.moml.MoMLSimpleApplication@145ed565
reloadAllAccessors: .RecordDisassembler

===========================================================================================
----------------- testing Sat Oct 27 02:32:50 UTC 2018 /home/travis/build/icyphy/ptII/ptolemy/actor/lib/test/auto/RecordDisassembler2.xml
----------------- Instantiating /home/travis/build/icyphy/ptII/ptolemy/actor/lib/test/auto/RecordDisassembler2.xml
4 ms. Memory: 1555968K Free: 445077K (29%)
----------------- Invoking toplevel() on ptolemy.moml.MoMLSimpleApplication@703f2817
----------------- Done invoking toplevel() on ptolemy.moml.MoMLSimpleApplication@703f2817
reloadAllAccessors: .RecordDisassembler2

===========================================================================================
----------------- testing Sat Oct 27 02:32:50 UTC 2018 /home/travis/build/icyphy/ptII/ptolemy/actor/lib/test/auto/RecordUpdater.xml
----------------- Instantiating /home/travis/build/icyphy/ptII/ptolemy/actor/lib/test/auto/RecordUpdater.xml
2 ms. Memory: 1555968K Free: 430710K (28%)
----------------- Invoking toplevel() on ptolemy.moml.MoMLSimpleApplication@5f71975e
----------------- Done invoking toplevel() on ptolemy.moml.MoMLSimpleApplication@5f71975e
reloadAllAccessors: .RecordUpdater

===========================================================================================
----------------- testing Sat Oct 27 02:32:50 UTC 2018 /home/travis/build/icyphy/ptII/ptolemy/actor/lib/test/auto/RecordUpdater2.xml
----------------- Instantiating /home/travis/build/icyphy/ptII/ptolemy/actor/lib/test/auto/RecordUpdater2.xml
2 ms. Memory: 1555968K Free: 411221K (26%)
----------------- Invoking toplevel() on ptolemy.moml.MoMLSimpleApplication@1f01c02e
----------------- Done invoking toplevel() on ptolemy.moml.MoMLSimpleApplication@1f01c02e
reloadAllAccessors: .RecordUpdater2

===========================================================================================
----------------- testing Sat Oct 27 02:32:50 UTC 2018 /home/travis/build/icyphy/ptII/ptolemy/actor/lib/test/auto/RecursiveLattice.xml
----------------- Instantiating /home/travis/build/icyphy/ptII/ptolemy/actor/lib/test/auto/RecursiveLattice.xml
1 ms. Memory: 1555968K Free: 396855K (26%)
----------------- Invoking toplevel() on ptolemy.moml.MoMLSimpleApplication@38bf558e
----------------- Done invoking toplevel() on ptolemy.moml.MoMLSimpleApplication@38bf558e
reloadAllAccessors: .RecursiveLattice

===========================================================================================
----------------- testing Sat Oct 27 02:32:50 UTC 2018 /home/travis/build/icyphy/ptII/ptolemy/actor/lib/test/auto/Router.xml
----------------- Instantiating /home/travis/build/icyphy/ptII/ptolemy/actor/lib/test/auto/Router.xml
3003 ms. Memory: 1555968K Free: 377366K (24%)
----------------- Invoking toplevel() on ptolemy.moml.MoMLSimpleApplication@3d422cd8
----------------- Done invoking toplevel() on ptolemy.moml.MoMLSimpleApplication@3d422cd8
reloadAllAccessors: .Router

===========================================================================================
----------------- testing Sat Oct 27 02:32:53 UTC 2018 /home/travis/build/icyphy/ptII/ptolemy/actor/lib/test/auto/Router2.xml
----------------- Instantiating /home/travis/build/icyphy/ptII/ptolemy/actor/lib/test/auto/Router2.xml
3005 ms. Memory: 1555968K Free: 362999K (23%)
----------------- Invoking toplevel() on ptolemy.moml.MoMLSimpleApplication@29871253
----------------- Done invoking toplevel() on ptolemy.moml.MoMLSimpleApplication@29871253
reloadAllAccessors: .Router2

===========================================================================================
----------------- testing Sat Oct 27 02:32:56 UTC 2018 /home/travis/build/icyphy/ptII/ptolemy/actor/lib/test/auto/RunningMaximum.xml
----------------- Instantiating /home/travis/build/icyphy/ptII/ptolemy/actor/lib/test/auto/RunningMaximum.xml
1 ms. Memory: 1555968K Free: 343510K (22%)
----------------- Invoking toplevel() on ptolemy.moml.MoMLSimpleApplication@70a7c338
----------------- Done invoking toplevel() on ptolemy.moml.MoMLSimpleApplication@70a7c338
reloadAllAccessors: .RunningMaximum

===========================================================================================
----------------- testing Sat Oct 27 02:32:56 UTC 2018 /home/travis/build/icyphy/ptII/ptolemy/actor/lib/test/auto/RunningMinimum.xml
----------------- Instantiating /home/travis/build/icyphy/ptII/ptolemy/actor/lib/test/auto/RunningMinimum.xml
3 ms. Memory: 1555968K Free: 329143K (21%)
----------------- Invoking toplevel() on ptolemy.moml.MoMLSimpleApplication@174442a
----------------- Done invoking toplevel() on ptolemy.moml.MoMLSimpleApplication@174442a
reloadAllAccessors: .RunningMinimum

===========================================================================================
----------------- testing Sat Oct 27 02:32:56 UTC 2018 /home/travis/build/icyphy/ptII/ptolemy/actor/lib/test/auto/Scale.xml
----------------- Instantiating /home/travis/build/icyphy/ptII/ptolemy/actor/lib/test/auto/Scale.xml
1 ms. Memory: 1555968K Free: 309654K (20%)
----------------- Invoking toplevel() on ptolemy.moml.MoMLSimpleApplication@6eeb161f
----------------- Done invoking toplevel() on ptolemy.moml.MoMLSimpleApplication@6eeb161f
reloadAllAccessors: .Scale

===========================================================================================
----------------- testing Sat Oct 27 02:32:56 UTC 2018 /home/travis/build/icyphy/ptII/ptolemy/actor/lib/test/auto/Scale2.xml
----------------- Instantiating /home/travis/build/icyphy/ptII/ptolemy/actor/lib/test/auto/Scale2.xml
1 ms. Memory: 1555968K Free: 295287K (19%)
----------------- Invoking toplevel() on ptolemy.moml.MoMLSimpleApplication@69c64a99
----------------- Done invoking toplevel() on ptolemy.moml.MoMLSimpleApplication@69c64a99
reloadAllAccessors: .Scale2

===========================================================================================
----------------- testing Sat Oct 27 02:32:56 UTC 2018 /home/travis/build/icyphy/ptII/ptolemy/actor/lib/test/auto/Scale3.xml
----------------- Instantiating /home/travis/build/icyphy/ptII/ptolemy/actor/lib/test/auto/Scale3.xml
7 ms. Memory: 1555968K Free: 275798K (18%)
----------------- Invoking toplevel() on ptolemy.moml.MoMLSimpleApplication@207bf5a
----------------- Done invoking toplevel() on ptolemy.moml.MoMLSimpleApplication@207bf5a
reloadAllAccessors: .Scale3

===========================================================================================
----------------- testing Sat Oct 27 02:32:56 UTC 2018 /home/travis/build/icyphy/ptII/ptolemy/actor/lib/test/auto/ScaleArray.xml
----------------- Instantiating /home/travis/build/icyphy/ptII/ptolemy/actor/lib/test/auto/ScaleArray.xml
2 ms. Memory: 1555968K Free: 261432K (17%)
----------------- Invoking toplevel() on ptolemy.moml.MoMLSimpleApplication@7a70ccbb
----------------- Done invoking toplevel() on ptolemy.moml.MoMLSimpleApplication@7a70ccbb
reloadAllAccessors: .ScaleArray

===========================================================================================
----------------- testing Sat Oct 27 02:32:56 UTC 2018 /home/travis/build/icyphy/ptII/ptolemy/actor/lib/test/auto/ScaleArray2.xml
----------------- Instantiating /home/travis/build/icyphy/ptII/ptolemy/actor/lib/test/auto/ScaleArray2.xml
1 ms. Memory: 1555968K Free: 241943K (16%)
----------------- Invoking toplevel() on ptolemy.moml.MoMLSimpleApplication@60bf9f7f
----------------- Done invoking toplevel() on ptolemy.moml.MoMLSimpleApplication@60bf9f7f
reloadAllAccessors: .ScaleArray2

===========================================================================================
----------------- testing Sat Oct 27 02:32:56 UTC 2018 /home/travis/build/icyphy/ptII/ptolemy/actor/lib/test/auto/ScaleMatrix.xml
----------------- Instantiating /home/travis/build/icyphy/ptII/ptolemy/actor/lib/test/auto/ScaleMatrix.xml
98 ms. Memory: 1555968K Free: 220392K (14%)
----------------- Invoking toplevel() on ptolemy.moml.MoMLSimpleApplication@630d0aa6
----------------- Done invoking toplevel() on ptolemy.moml.MoMLSimpleApplication@630d0aa6
reloadAllAccessors: .ScaleMatrix

===========================================================================================
----------------- testing Sat Oct 27 02:32:57 UTC 2018 /home/travis/build/icyphy/ptII/ptolemy/actor/lib/test/auto/Select.xml
----------------- Instantiating /home/travis/build/icyphy/ptII/ptolemy/actor/lib/test/auto/Select.xml
3 ms. Memory: 1555968K Free: 206026K (13%)
----------------- Invoking toplevel() on ptolemy.moml.MoMLSimpleApplication@314e6afc
----------------- Done invoking toplevel() on ptolemy.moml.MoMLSimpleApplication@314e6afc
reloadAllAccessors: .Select

===========================================================================================
----------------- testing Sat Oct 27 02:32:57 UTC 2018 /home/travis/build/icyphy/ptII/ptolemy/actor/lib/test/auto/Select2.xml
----------------- Instantiating /home/travis/build/icyphy/ptII/ptolemy/actor/lib/test/auto/Select2.xml
1 ms. Memory: 1555968K Free: 186537K (12%)
----------------- Invoking toplevel() on ptolemy.moml.MoMLSimpleApplication@33582857
----------------- Done invoking toplevel() on ptolemy.moml.MoMLSimpleApplication@33582857
reloadAllAccessors: .Select2

===========================================================================================
----------------- testing Sat Oct 27 02:32:57 UTC 2018 /home/travis/build/icyphy/ptII/ptolemy/actor/lib/test/auto/SequenceToArray2.xml
----------------- Instantiating /home/travis/build/icyphy/ptII/ptolemy/actor/lib/test/auto/SequenceToArray2.xml
83 ms. Memory: 1555968K Free: 100320K (6%)
----------------- Invoking toplevel() on ptolemy.moml.MoMLSimpleApplication@29c1ad83
----------------- Done invoking toplevel() on ptolemy.moml.MoMLSimpleApplication@29c1ad83
reloadAllAccessors: .SequenceToArray2

===========================================================================================
----------------- testing Sat Oct 27 02:32:57 UTC 2018 /home/travis/build/icyphy/ptII/ptolemy/actor/lib/test/auto/SequentialClock.xml
----------------- Instantiating /home/travis/build/icyphy/ptII/ptolemy/actor/lib/test/auto/SequentialClock.xml
2 ms. Memory: 1555968K Free: 80831K (5%)
----------------- Invoking toplevel() on ptolemy.moml.MoMLSimpleApplication@154af864
----------------- Done invoking toplevel() on ptolemy.moml.MoMLSimpleApplication@154af864
reloadAllAccessors: .SequentialClock

===========================================================================================
----------------- testing Sat Oct 27 02:32:57 UTC 2018 /home/travis/build/icyphy/ptII/ptolemy/actor/lib/test/auto/SetVariable.xml
----------------- Instantiating /home/travis/build/icyphy/ptII/ptolemy/actor/lib/test/auto/SetVariable.xml
4 ms. Memory: 1681408K Free: 1627677K (97%)
----------------- Invoking toplevel() on ptolemy.moml.MoMLSimpleApplication@1133187b
----------------- Done invoking toplevel() on ptolemy.moml.MoMLSimpleApplication@1133187b
reloadAllAccessors: .SetVariable

===========================================================================================
----------------- testing Sat Oct 27 02:32:57 UTC 2018 /home/travis/build/icyphy/ptII/ptolemy/actor/lib/test/auto/SetVariable2.xml
----------------- Instantiating /home/travis/build/icyphy/ptII/ptolemy/actor/lib/test/auto/SetVariable2.xml
7 ms. Memory: 1681408K Free: 1602540K (95%)
----------------- Invoking toplevel() on ptolemy.moml.MoMLSimpleApplication@1a800a74
----------------- Done invoking toplevel() on ptolemy.moml.MoMLSimpleApplication@1a800a74
reloadAllAccessors: .SetVariable2

===========================================================================================
----------------- testing Sat Oct 27 02:32:57 UTC 2018 /home/travis/build/icyphy/ptII/ptolemy/actor/lib/test/auto/SetVariable3.xml
----------------- Instantiating /home/travis/build/icyphy/ptII/ptolemy/actor/lib/test/auto/SetVariable3.xml
8 ms. Memory: 1681408K Free: 1577402K (94%)
----------------- Invoking toplevel() on ptolemy.moml.MoMLSimpleApplication@3e8006a
----------------- Done invoking toplevel() on ptolemy.moml.MoMLSimpleApplication@3e8006a
reloadAllAccessors: .SetVariable3

===========================================================================================
----------------- testing Sat Oct 27 02:32:57 UTC 2018 /home/travis/build/icyphy/ptII/ptolemy/actor/lib/test/auto/SetVariable4.xml
----------------- Instantiating /home/travis/build/icyphy/ptII/ptolemy/actor/lib/test/auto/SetVariable4.xml
13 ms. Memory: 1681408K Free: 1482661K (88%)
----------------- Invoking toplevel() on ptolemy.moml.MoMLSimpleApplication@7723abe
----------------- Done invoking toplevel() on ptolemy.moml.MoMLSimpleApplication@7723abe
reloadAllAccessors: .SetVariable4

===========================================================================================
----------------- testing Sat Oct 27 02:32:57 UTC 2018 /home/travis/build/icyphy/ptII/ptolemy/actor/lib/test/auto/SetVariable5.xml
----------------- Instantiating /home/travis/build/icyphy/ptII/ptolemy/actor/lib/test/auto/SetVariable5.xml
8 ms. Memory: 1681408K Free: 1457524K (87%)
----------------- Invoking toplevel() on ptolemy.moml.MoMLSimpleApplication@7cee737f
----------------- Done invoking toplevel() on ptolemy.moml.MoMLSimpleApplication@7cee737f
reloadAllAccessors: .SetVariable5

===========================================================================================
----------------- testing Sat Oct 27 02:32:57 UTC 2018 /home/travis/build/icyphy/ptII/ptolemy/actor/lib/test/auto/Sinewave.xml
----------------- Instantiating /home/travis/build/icyphy/ptII/ptolemy/actor/lib/test/auto/Sinewave.xml
6 ms. Memory: 1681408K Free: 1436432K (85%)
----------------- Invoking toplevel() on ptolemy.moml.MoMLSimpleApplication@6578df6a
----------------- Done invoking toplevel() on ptolemy.moml.MoMLSimpleApplication@6578df6a
reloadAllAccessors: .Sinewave

===========================================================================================
----------------- testing Sat Oct 27 02:32:57 UTC 2018 /home/travis/build/icyphy/ptII/ptolemy/actor/lib/test/auto/Sinewave2.xml
----------------- Instantiating /home/travis/build/icyphy/ptII/ptolemy/actor/lib/test/auto/Sinewave2.xml
9 ms. Memory: 1681408K Free: 1411295K (84%)
----------------- Invoking toplevel() on ptolemy.moml.MoMLSimpleApplication@5d645aa3
----------------- Done invoking toplevel() on ptolemy.moml.MoMLSimpleApplication@5d645aa3
reloadAllAccessors: .Sinewave2

===========================================================================================
----------------- testing Sat Oct 27 02:32:57 UTC 2018 /home/travis/build/icyphy/ptII/ptolemy/actor/lib/test/auto/Sinewave3.xml
----------------- Instantiating /home/travis/build/icyphy/ptII/ptolemy/actor/lib/test/auto/Sinewave3.xml
6 ms. Memory: 1681408K Free: 1386157K (82%)
----------------- Invoking toplevel() on ptolemy.moml.MoMLSimpleApplication@391db057
----------------- Done invoking toplevel() on ptolemy.moml.MoMLSimpleApplication@391db057
reloadAllAccessors: .Sinewave3

===========================================================================================
----------------- testing Sat Oct 27 02:32:57 UTC 2018 /home/travis/build/icyphy/ptII/ptolemy/actor/lib/test/auto/SingleEvent.xml
----------------- Instantiating /home/travis/build/icyphy/ptII/ptolemy/actor/lib/test/auto/SingleEvent.xml
1 ms. Memory: 1681408K Free: 1365104K (81%)
----------------- Invoking toplevel() on ptolemy.moml.MoMLSimpleApplication@1354766f
----------------- Done invoking toplevel() on ptolemy.moml.MoMLSimpleApplication@1354766f
reloadAllAccessors: .SingleEvent

===========================================================================================
----------------- testing Sat Oct 27 02:32:57 UTC 2018 /home/travis/build/icyphy/ptII/ptolemy/actor/lib/test/auto/Sleep.xml
----------------- Instantiating /home/travis/build/icyphy/ptII/ptolemy/actor/lib/test/auto/Sleep.xml
6004 ms. Memory: 1681408K Free: 1339966K (80%)
----------------- Invoking toplevel() on ptolemy.moml.MoMLSimpleApplication@18e98263
----------------- Done invoking toplevel() on ptolemy.moml.MoMLSimpleApplication@18e98263
reloadAllAccessors: .Sleep

===========================================================================================
----------------- testing Sat Oct 27 02:33:03 UTC 2018 /home/travis/build/icyphy/ptII/ptolemy/actor/lib/test/auto/SleepMultipleFire.xml
----------------- Instantiating /home/travis/build/icyphy/ptII/ptolemy/actor/lib/test/auto/SleepMultipleFire.xml
1006 ms. Memory: 1681408K Free: 1318913K (78%)
----------------- Invoking toplevel() on ptolemy.moml.MoMLSimpleApplication@675bb222
----------------- Done invoking toplevel() on ptolemy.moml.MoMLSimpleApplication@675bb222
reloadAllAccessors: .SleepMultipleFire

===========================================================================================
----------------- testing Sat Oct 27 02:33:04 UTC 2018 /home/travis/build/icyphy/ptII/ptolemy/actor/lib/test/auto/StopDE.xml
----------------- Instantiating /home/travis/build/icyphy/ptII/ptolemy/actor/lib/test/auto/StopDE.xml
2 ms. Memory: 1681408K Free: 1293775K (77%)
----------------- Invoking toplevel() on ptolemy.moml.MoMLSimpleApplication@61b2a070
----------------- Done invoking toplevel() on ptolemy.moml.MoMLSimpleApplication@61b2a070
reloadAllAccessors: .StopDE

===========================================================================================
----------------- testing Sat Oct 27 02:33:04 UTC 2018 /home/travis/build/icyphy/ptII/ptolemy/actor/lib/test/auto/StopSDF.xml
----------------- Instantiating /home/travis/build/icyphy/ptII/ptolemy/actor/lib/test/auto/StopSDF.xml
2 ms. Memory: 1681408K Free: 1268638K (75%)
----------------- Invoking toplevel() on ptolemy.moml.MoMLSimpleApplication@2a3a2613
----------------- Done invoking toplevel() on ptolemy.moml.MoMLSimpleApplication@2a3a2613
reloadAllAccessors: .StopSDF

===========================================================================================
----------------- testing Sat Oct 27 02:33:04 UTC 2018 /home/travis/build/icyphy/ptII/ptolemy/actor/lib/test/auto/StringConstant.xml
----------------- Instantiating /home/travis/build/icyphy/ptII/ptolemy/actor/lib/test/auto/StringConstant.xml
1 ms. Memory: 1681408K Free: 1247584K (74%)
----------------- Invoking toplevel() on ptolemy.moml.MoMLSimpleApplication@cd8779f
----------------- Done invoking toplevel() on ptolemy.moml.MoMLSimpleApplication@cd8779f
reloadAllAccessors: .StringConstant

===========================================================================================
----------------- testing Sat Oct 27 02:33:04 UTC 2018 /home/travis/build/icyphy/ptII/ptolemy/actor/lib/test/auto/SubscriberPortInitialValues1.xml
----------------- Instantiating /home/travis/build/icyphy/ptII/ptolemy/actor/lib/test/auto/SubscriberPortInitialValues1.xml
4 ms. Memory: 1681408K Free: 1222447K (73%)
----------------- Invoking toplevel() on ptolemy.moml.MoMLSimpleApplication@2ecc45cc
----------------- Done invoking toplevel() on ptolemy.moml.MoMLSimpleApplication@2ecc45cc
reloadAllAccessors: .SubscriberPortInitialValues1

===========================================================================================
----------------- testing Sat Oct 27 02:33:04 UTC 2018 /home/travis/build/icyphy/ptII/ptolemy/actor/lib/test/auto/SubscriberPortInitialValues13.xml
----------------- Instantiating /home/travis/build/icyphy/ptII/ptolemy/actor/lib/test/auto/SubscriberPortInitialValues13.xml
4 ms. Memory: 1681408K Free: 1201393K (71%)
----------------- Invoking toplevel() on ptolemy.moml.MoMLSimpleApplication@4877f70
----------------- Done invoking toplevel() on ptolemy.moml.MoMLSimpleApplication@4877f70
reloadAllAccessors: .SubscriberPortInitialValues13

===========================================================================================
----------------- testing Sat Oct 27 02:33:04 UTC 2018 /home/travis/build/icyphy/ptII/ptolemy/actor/lib/test/auto/SubscriberPortInitialValues14.xml
----------------- Instantiating /home/travis/build/icyphy/ptII/ptolemy/actor/lib/test/auto/SubscriberPortInitialValues14.xml
3 ms. Memory: 1681408K Free: 1176256K (70%)
----------------- Invoking toplevel() on ptolemy.moml.MoMLSimpleApplication@60017f39
----------------- Done invoking toplevel() on ptolemy.moml.MoMLSimpleApplication@60017f39
reloadAllAccessors: .SubscriberPortInitialValues14

===========================================================================================
----------------- testing Sat Oct 27 02:33:04 UTC 2018 /home/travis/build/icyphy/ptII/ptolemy/actor/lib/test/auto/SubscriberPortInitialValues2.xml
----------------- Instantiating /home/travis/build/icyphy/ptII/ptolemy/actor/lib/test/auto/SubscriberPortInitialValues2.xml
3 ms. Memory: 1681408K Free: 1151118K (68%)
----------------- Invoking toplevel() on ptolemy.moml.MoMLSimpleApplication@6d4cbf08
----------------- Done invoking toplevel() on ptolemy.moml.MoMLSimpleApplication@6d4cbf08
reloadAllAccessors: .SubscriberPortInitialValues2

===========================================================================================
----------------- testing Sat Oct 27 02:33:04 UTC 2018 /home/travis/build/icyphy/ptII/ptolemy/actor/lib/test/auto/SubscriberPortInitialValues3.xml
----------------- Instantiating /home/travis/build/icyphy/ptII/ptolemy/actor/lib/test/auto/SubscriberPortInitialValues3.xml
3 ms. Memory: 1681408K Free: 1130065K (67%)
----------------- Invoking toplevel() on ptolemy.moml.MoMLSimpleApplication@13ced29c
----------------- Done invoking toplevel() on ptolemy.moml.MoMLSimpleApplication@13ced29c
reloadAllAccessors: .SubscriberPortInitialValues3

===========================================================================================
----------------- testing Sat Oct 27 02:33:04 UTC 2018 /home/travis/build/icyphy/ptII/ptolemy/actor/lib/test/auto/SubscriptionAggregator.xml
----------------- Instantiating /home/travis/build/icyphy/ptII/ptolemy/actor/lib/test/auto/SubscriptionAggregator.xml
2 ms. Memory: 1681408K Free: 1104927K (66%)
----------------- Invoking toplevel() on ptolemy.moml.MoMLSimpleApplication@e76c1c7
----------------- Done invoking toplevel() on ptolemy.moml.MoMLSimpleApplication@e76c1c7
reloadAllAccessors: .SubscriptionAggregator

===========================================================================================
----------------- testing Sat Oct 27 02:33:04 UTC 2018 /home/travis/build/icyphy/ptII/ptolemy/actor/lib/test/auto/SubscriptionAggregator2.xml
----------------- Instantiating /home/travis/build/icyphy/ptII/ptolemy/actor/lib/test/auto/SubscriptionAggregator2.xml
2 ms. Memory: 1681408K Free: 1083874K (64%)
----------------- Invoking toplevel() on ptolemy.moml.MoMLSimpleApplication@6ee98ae4
----------------- Done invoking toplevel() on ptolemy.moml.MoMLSimpleApplication@6ee98ae4
reloadAllAccessors: .SubscriptionAggregator2

===========================================================================================
----------------- testing Sat Oct 27 02:33:04 UTC 2018 /home/travis/build/icyphy/ptII/ptolemy/actor/lib/test/auto/SubscriptionAggregator3.xml
----------------- Instantiating /home/travis/build/icyphy/ptII/ptolemy/actor/lib/test/auto/SubscriptionAggregator3.xml
3 ms. Memory: 1681408K Free: 1058736K (63%)
----------------- Invoking toplevel() on ptolemy.moml.MoMLSimpleApplication@53007f91
----------------- Done invoking toplevel() on ptolemy.moml.MoMLSimpleApplication@53007f91
reloadAllAccessors: .SubscriptionAggregator3

===========================================================================================
----------------- testing Sat Oct 27 02:33:04 UTC 2018 /home/travis/build/icyphy/ptII/ptolemy/actor/lib/test/auto/SubscriptionAggregatorMultiply.xml
----------------- Instantiating /home/travis/build/icyphy/ptII/ptolemy/actor/lib/test/auto/SubscriptionAggregatorMultiply.xml
5 ms. Memory: 1681408K Free: 1033599K (61%)
----------------- Invoking toplevel() on ptolemy.moml.MoMLSimpleApplication@392723df
----------------- Done invoking toplevel() on ptolemy.moml.MoMLSimpleApplication@392723df
reloadAllAccessors: .SubscriptionAggregatorMultiply

===========================================================================================
----------------- testing Sat Oct 27 02:33:04 UTC 2018 /home/travis/build/icyphy/ptII/ptolemy/actor/lib/test/auto/SubscriptionAggregatorPortMultiply1.xml
----------------- Instantiating /home/travis/build/icyphy/ptII/ptolemy/actor/lib/test/auto/SubscriptionAggregatorPortMultiply1.xml
3 ms. Memory: 1681408K Free: 1012545K (60%)
----------------- Invoking toplevel() on ptolemy.moml.MoMLSimpleApplication@5de7d114
----------------- Done invoking toplevel() on ptolemy.moml.MoMLSimpleApplication@5de7d114
reloadAllAccessors: .SubscriptionAggregatorPortMultiply1

===========================================================================================
----------------- testing Sat Oct 27 02:33:04 UTC 2018 /home/travis/build/icyphy/ptII/ptolemy/actor/lib/test/auto/Switch.xml
----------------- Instantiating /home/travis/build/icyphy/ptII/ptolemy/actor/lib/test/auto/Switch.xml
7 ms. Memory: 1681408K Free: 924248K (55%)
----------------- Invoking toplevel() on ptolemy.moml.MoMLSimpleApplication@4b6d991a
----------------- Done invoking toplevel() on ptolemy.moml.MoMLSimpleApplication@4b6d991a
reloadAllAccessors: .Switch

===========================================================================================
----------------- testing Sat Oct 27 02:33:04 UTC 2018 /home/travis/build/icyphy/ptII/ptolemy/actor/lib/test/auto/Switch2.xml
----------------- Instantiating /home/travis/build/icyphy/ptII/ptolemy/actor/lib/test/auto/Switch2.xml
2 ms. Memory: 1681408K Free: 899110K (53%)
----------------- Invoking toplevel() on ptolemy.moml.MoMLSimpleApplication@2d782b06
----------------- Done invoking toplevel() on ptolemy.moml.MoMLSimpleApplication@2d782b06
reloadAllAccessors: .Switch2

===========================================================================================
----------------- testing Sat Oct 27 02:33:04 UTC 2018 /home/travis/build/icyphy/ptII/ptolemy/actor/lib/test/auto/SwitchDE.xml
----------------- Instantiating /home/travis/build/icyphy/ptII/ptolemy/actor/lib/test/auto/SwitchDE.xml
8 ms. Memory: 1681408K Free: 878057K (52%)
----------------- Invoking toplevel() on ptolemy.moml.MoMLSimpleApplication@1af19507
----------------- Done invoking toplevel() on ptolemy.moml.MoMLSimpleApplication@1af19507
reloadAllAccessors: .SwitchDE

===========================================================================================
----------------- testing Sat Oct 27 02:33:04 UTC 2018 /home/travis/build/icyphy/ptII/ptolemy/actor/lib/test/auto/SynchronizerDE.xml
----------------- Instantiating /home/travis/build/icyphy/ptII/ptolemy/actor/lib/test/auto/SynchronizerDE.xml
6 ms. Memory: 1681408K Free: 852919K (51%)
----------------- Invoking toplevel() on ptolemy.moml.MoMLSimpleApplication@22e04859
----------------- Done invoking toplevel() on ptolemy.moml.MoMLSimpleApplication@22e04859
reloadAllAccessors: .SynchronizerDE

===========================================================================================
----------------- testing Sat Oct 27 02:33:04 UTC 2018 /home/travis/build/icyphy/ptII/ptolemy/actor/lib/test/auto/Test.xml
----------------- Instantiating /home/travis/build/icyphy/ptII/ptolemy/actor/lib/test/auto/Test.xml
8 ms. Memory: 1681408K Free: 831866K (49%)
----------------- Invoking toplevel() on ptolemy.moml.MoMLSimpleApplication@7e29532b
----------------- Done invoking toplevel() on ptolemy.moml.MoMLSimpleApplication@7e29532b
reloadAllAccessors: .Test

===========================================================================================
----------------- testing Sat Oct 27 02:33:04 UTC 2018 /home/travis/build/icyphy/ptII/ptolemy/actor/lib/test/auto/TestExceptionAttribute1.xml
----------------- Instantiating /home/travis/build/icyphy/ptII/ptolemy/actor/lib/test/auto/TestExceptionAttribute1.xml
1 ms. Memory: 1681408K Free: 806728K (48%)
----------------- Invoking toplevel() on ptolemy.moml.MoMLSimpleApplication@6da5c764
----------------- Done invoking toplevel() on ptolemy.moml.MoMLSimpleApplication@6da5c764
reloadAllAccessors: .TestExceptionAttribute1

===========================================================================================
----------------- testing Sat Oct 27 02:33:04 UTC 2018 /home/travis/build/icyphy/ptII/ptolemy/actor/lib/test/auto/TestExceptionAttribute2.xml
----------------- Instantiating /home/travis/build/icyphy/ptII/ptolemy/actor/lib/test/auto/TestExceptionAttribute2.xml
1 ms. Memory: 1681408K Free: 781591K (46%)
----------------- Invoking toplevel() on ptolemy.moml.MoMLSimpleApplication@6c5c393a
----------------- Done invoking toplevel() on ptolemy.moml.MoMLSimpleApplication@6c5c393a
reloadAllAccessors: .TestExceptionAttribute2

===========================================================================================
----------------- testing Sat Oct 27 02:33:04 UTC 2018 /home/travis/build/icyphy/ptII/ptolemy/actor/lib/test/auto/TestExceptionAttribute3.xml
----------------- Instantiating /home/travis/build/icyphy/ptII/ptolemy/actor/lib/test/auto/TestExceptionAttribute3.xml
.TestExceptionAttribute3.TestExceptionAttribute: initialize() was not invoked, but wrapup() was.  This is unusual, but not always a problem.  For example, exporting JNLP will do this.
1 ms. Memory: 1681408K Free: 760537K (45%)
----------------- Invoking toplevel() on ptolemy.moml.MoMLSimpleApplication@304f25b2
----------------- Done invoking toplevel() on ptolemy.moml.MoMLSimpleApplication@304f25b2
reloadAllAccessors: .TestExceptionAttribute3

===========================================================================================
----------------- testing Sat Oct 27 02:33:04 UTC 2018 /home/travis/build/icyphy/ptII/ptolemy/actor/lib/test/auto/TestExceptionAttribute4.xml
----------------- Instantiating /home/travis/build/icyphy/ptII/ptolemy/actor/lib/test/auto/TestExceptionAttribute4.xml
.TestExceptionAttribute4.TestExceptionAttribute: initialize() was not invoked, but wrapup() was.  This is unusual, but not always a problem.  For example, exporting JNLP will do this.
.TestExceptionAttribute4.TestExceptionAttribute2: initialize() was not invoked, but wrapup() was.  This is unusual, but not always a problem.  For example, exporting JNLP will do this.
1 ms. Memory: 1681408K Free: 735400K (44%)
----------------- Invoking toplevel() on ptolemy.moml.MoMLSimpleApplication@51ef7fff
----------------- Done invoking toplevel() on ptolemy.moml.MoMLSimpleApplication@51ef7fff
reloadAllAccessors: .TestExceptionAttribute4

===========================================================================================
----------------- testing Sat Oct 27 02:33:04 UTC 2018 /home/travis/build/icyphy/ptII/ptolemy/actor/lib/test/auto/TestExceptionHandler1.xml
----------------- Instantiating /home/travis/build/icyphy/ptII/ptolemy/actor/lib/test/auto/TestExceptionHandler1.xml
1 ms. Memory: 1681408K Free: 714346K (42%)
----------------- Invoking toplevel() on ptolemy.moml.MoMLSimpleApplication@3eb8cad3
----------------- Done invoking toplevel() on ptolemy.moml.MoMLSimpleApplication@3eb8cad3
reloadAllAccessors: .TestExceptionHandler1

===========================================================================================
----------------- testing Sat Oct 27 02:33:04 UTC 2018 /home/travis/build/icyphy/ptII/ptolemy/actor/lib/test/auto/TestExceptionHandler2.xml
----------------- Instantiating /home/travis/build/icyphy/ptII/ptolemy/actor/lib/test/auto/TestExceptionHandler2.xml
1 ms. Memory: 1681408K Free: 689209K (41%)
----------------- Invoking toplevel() on ptolemy.moml.MoMLSimpleApplication@4b6f9901
----------------- Done invoking toplevel() on ptolemy.moml.MoMLSimpleApplication@4b6f9901
reloadAllAccessors: .TestExceptionHandler2

===========================================================================================
----------------- testing Sat Oct 27 02:33:04 UTC 2018 /home/travis/build/icyphy/ptII/ptolemy/actor/lib/test/auto/TestExceptionHandler3.xml
----------------- Instantiating /home/travis/build/icyphy/ptII/ptolemy/actor/lib/test/auto/TestExceptionHandler3.xml
1 ms. Memory: 1681408K Free: 664071K (39%)
----------------- Invoking toplevel() on ptolemy.moml.MoMLSimpleApplication@5832ca54
----------------- Done invoking toplevel() on ptolemy.moml.MoMLSimpleApplication@5832ca54
reloadAllAccessors: .TestExceptionHandler3

===========================================================================================
----------------- testing Sat Oct 27 02:33:04 UTC 2018 /home/travis/build/icyphy/ptII/ptolemy/actor/lib/test/auto/TestExceptionHandler4.xml
----------------- Instantiating /home/travis/build/icyphy/ptII/ptolemy/actor/lib/test/auto/TestExceptionHandler4.xml
0 ms. Memory: 1681408K Free: 643018K (38%)
----------------- Invoking toplevel() on ptolemy.moml.MoMLSimpleApplication@352fed98
----------------- Done invoking toplevel() on ptolemy.moml.MoMLSimpleApplication@352fed98
reloadAllAccessors: .TestExceptionHandler4

===========================================================================================
----------------- testing Sat Oct 27 02:33:04 UTC 2018 /home/travis/build/icyphy/ptII/ptolemy/actor/lib/test/auto/TestRequireCorrectOrder.xml
----------------- Instantiating /home/travis/build/icyphy/ptII/ptolemy/actor/lib/test/auto/TestRequireCorrectOrder.xml
2 ms. Memory: 1681408K Free: 617880K (37%)
----------------- Invoking toplevel() on ptolemy.moml.MoMLSimpleApplication@506cc167
----------------- Done invoking toplevel() on ptolemy.moml.MoMLSimpleApplication@506cc167
reloadAllAccessors: .TestRequireCorrectOrder

===========================================================================================
----------------- testing Sat Oct 27 02:33:04 UTC 2018 /home/travis/build/icyphy/ptII/ptolemy/actor/lib/test/auto/TestSimple.xml
----------------- Instantiating /home/travis/build/icyphy/ptII/ptolemy/actor/lib/test/auto/TestSimple.xml
2 ms. Memory: 1681408K Free: 596827K (35%)
----------------- Invoking toplevel() on ptolemy.moml.MoMLSimpleApplication@19b77a88
----------------- Done invoking toplevel() on ptolemy.moml.MoMLSimpleApplication@19b77a88
reloadAllAccessors: .TestSimple

===========================================================================================
----------------- testing Sat Oct 27 02:33:05 UTC 2018 /home/travis/build/icyphy/ptII/ptolemy/actor/lib/test/auto/ThrowModelError.xml
----------------- Instantiating /home/travis/build/icyphy/ptII/ptolemy/actor/lib/test/auto/ThrowModelError.xml
1 ms. Memory: 1681408K Free: 571689K (34%)
----------------- Invoking toplevel() on ptolemy.moml.MoMLSimpleApplication@5ec86072
----------------- Done invoking toplevel() on ptolemy.moml.MoMLSimpleApplication@5ec86072
reloadAllAccessors: .ThrowModelError

===========================================================================================
----------------- testing Sat Oct 27 02:33:05 UTC 2018 /home/travis/build/icyphy/ptII/ptolemy/actor/lib/test/auto/TimeDelayMicrosteps.xml
----------------- Instantiating /home/travis/build/icyphy/ptII/ptolemy/actor/lib/test/auto/TimeDelayMicrosteps.xml
2 ms. Memory: 1681408K Free: 546552K (33%)
----------------- Invoking toplevel() on ptolemy.moml.MoMLSimpleApplication@28f909c1
----------------- Done invoking toplevel() on ptolemy.moml.MoMLSimpleApplication@28f909c1
reloadAllAccessors: .TimeDelayMicrosteps

===========================================================================================
----------------- testing Sat Oct 27 02:33:05 UTC 2018 /home/travis/build/icyphy/ptII/ptolemy/actor/lib/test/auto/TimeDelayMicrosteps2.xml
----------------- Instantiating /home/travis/build/icyphy/ptII/ptolemy/actor/lib/test/auto/TimeDelayMicrosteps2.xml
3 ms. Memory: 1681408K Free: 525498K (31%)
----------------- Invoking toplevel() on ptolemy.moml.MoMLSimpleApplication@4e1075c2
----------------- Done invoking toplevel() on ptolemy.moml.MoMLSimpleApplication@4e1075c2
reloadAllAccessors: .TimeDelayMicrosteps2

===========================================================================================
----------------- testing Sat Oct 27 02:33:05 UTC 2018 /home/travis/build/icyphy/ptII/ptolemy/actor/lib/test/auto/TimeDelayMicrosteps3.xml
----------------- Instantiating /home/travis/build/icyphy/ptII/ptolemy/actor/lib/test/auto/TimeDelayMicrosteps3.xml
2 ms. Memory: 1681408K Free: 500361K (30%)
----------------- Invoking toplevel() on ptolemy.moml.MoMLSimpleApplication@36296255
----------------- Done invoking toplevel() on ptolemy.moml.MoMLSimpleApplication@36296255
reloadAllAccessors: .TimeDelayMicrosteps3

===========================================================================================
----------------- testing Sat Oct 27 02:33:05 UTC 2018 /home/travis/build/icyphy/ptII/ptolemy/actor/lib/test/auto/TimeDelayVariableMicrosteps.xml
----------------- Instantiating /home/travis/build/icyphy/ptII/ptolemy/actor/lib/test/auto/TimeDelayVariableMicrosteps.xml
2 ms. Memory: 1681408K Free: 479307K (29%)
----------------- Invoking toplevel() on ptolemy.moml.MoMLSimpleApplication@18d29a13
----------------- Done invoking toplevel() on ptolemy.moml.MoMLSimpleApplication@18d29a13
reloadAllAccessors: .TimeDelayVariableMicrosteps

===========================================================================================
----------------- testing Sat Oct 27 02:33:05 UTC 2018 /home/travis/build/icyphy/ptII/ptolemy/actor/lib/test/auto/TimeGap.xml
----------------- Instantiating /home/travis/build/icyphy/ptII/ptolemy/actor/lib/test/auto/TimeGap.xml
2 ms. Memory: 1681408K Free: 454170K (27%)
----------------- Invoking toplevel() on ptolemy.moml.MoMLSimpleApplication@2154d1b4
----------------- Done invoking toplevel() on ptolemy.moml.MoMLSimpleApplication@2154d1b4
reloadAllAccessors: .TimeGap

===========================================================================================
----------------- testing Sat Oct 27 02:33:05 UTC 2018 /home/travis/build/icyphy/ptII/ptolemy/actor/lib/test/auto/TimeGap2.xml
----------------- Instantiating /home/travis/build/icyphy/ptII/ptolemy/actor/lib/test/auto/TimeGap2.xml
1 ms. Memory: 1681408K Free: 429032K (26%)
----------------- Invoking toplevel() on ptolemy.moml.MoMLSimpleApplication@1f226b19
----------------- Done invoking toplevel() on ptolemy.moml.MoMLSimpleApplication@1f226b19
reloadAllAccessors: .TimeGap2

===========================================================================================
----------------- testing Sat Oct 27 02:33:05 UTC 2018 /home/travis/build/icyphy/ptII/ptolemy/actor/lib/test/auto/TimedSinewave.xml
----------------- Instantiating /home/travis/build/icyphy/ptII/ptolemy/actor/lib/test/auto/TimedSinewave.xml
12 ms. Memory: 1681408K Free: 397436K (24%)
----------------- Invoking toplevel() on ptolemy.moml.MoMLSimpleApplication@3e392e07
----------------- Done invoking toplevel() on ptolemy.moml.MoMLSimpleApplication@3e392e07
reloadAllAccessors: .TimedSinewave

===========================================================================================
----------------- testing Sat Oct 27 02:33:05 UTC 2018 /home/travis/build/icyphy/ptII/ptolemy/actor/lib/test/auto/TimedSinewavePhase.xml
----------------- Instantiating /home/travis/build/icyphy/ptII/ptolemy/actor/lib/test/auto/TimedSinewavePhase.xml
8 ms. Memory: 1681408K Free: 372298K (22%)
----------------- Invoking toplevel() on ptolemy.moml.MoMLSimpleApplication@50742716
----------------- Done invoking toplevel() on ptolemy.moml.MoMLSimpleApplication@50742716
reloadAllAccessors: .TimedSinewavePhase

===========================================================================================
----------------- testing Sat Oct 27 02:33:05 UTC 2018 /home/travis/build/icyphy/ptII/ptolemy/actor/lib/test/auto/Timer.xml
----------------- Instantiating /home/travis/build/icyphy/ptII/ptolemy/actor/lib/test/auto/Timer.xml
2 ms. Memory: 1681408K Free: 347161K (21%)
----------------- Invoking toplevel() on ptolemy.moml.MoMLSimpleApplication@7157c662
----------------- Done invoking toplevel() on ptolemy.moml.MoMLSimpleApplication@7157c662
reloadAllAccessors: .Timer

===========================================================================================
----------------- testing Sat Oct 27 02:33:05 UTC 2018 /home/travis/build/icyphy/ptII/ptolemy/actor/lib/test/auto/TriangularDistTestModel.xml
----------------- Instantiating /home/travis/build/icyphy/ptII/ptolemy/actor/lib/test/auto/TriangularDistTestModel.xml
2 ms. Memory: 1681408K Free: 326107K (19%)
----------------- Invoking toplevel() on ptolemy.moml.MoMLSimpleApplication@73df7d0
----------------- Done invoking toplevel() on ptolemy.moml.MoMLSimpleApplication@73df7d0
reloadAllAccessors: .TriangularDistTestModel

===========================================================================================
----------------- testing Sat Oct 27 02:33:05 UTC 2018 /home/travis/build/icyphy/ptII/ptolemy/actor/lib/test/auto/TrigFunction.xml
----------------- Instantiating /home/travis/build/icyphy/ptII/ptolemy/actor/lib/test/auto/TrigFunction.xml
1 ms. Memory: 1681408K Free: 300970K (18%)
----------------- Invoking toplevel() on ptolemy.moml.MoMLSimpleApplication@6aeab5bb
----------------- Done invoking toplevel() on ptolemy.moml.MoMLSimpleApplication@6aeab5bb
reloadAllAccessors: .TrigFunction

===========================================================================================
----------------- testing Sat Oct 27 02:33:05 UTC 2018 /home/travis/build/icyphy/ptII/ptolemy/actor/lib/test/auto/TrigFunctionDE.xml
----------------- Instantiating /home/travis/build/icyphy/ptII/ptolemy/actor/lib/test/auto/TrigFunctionDE.xml
1 ms. Memory: 1681408K Free: 279916K (17%)
----------------- Invoking toplevel() on ptolemy.moml.MoMLSimpleApplication@157162ee
----------------- Done invoking toplevel() on ptolemy.moml.MoMLSimpleApplication@157162ee
reloadAllAccessors: .TrigFunctionDE

===========================================================================================
----------------- testing Sat Oct 27 02:33:05 UTC 2018 /home/travis/build/icyphy/ptII/ptolemy/actor/lib/test/auto/TrigFunctionInverse.xml
----------------- Instantiating /home/travis/build/icyphy/ptII/ptolemy/actor/lib/test/auto/TrigFunctionInverse.xml
2 ms. Memory: 1681408K Free: 254779K (15%)
----------------- Invoking toplevel() on ptolemy.moml.MoMLSimpleApplication@7de6f12d
----------------- Done invoking toplevel() on ptolemy.moml.MoMLSimpleApplication@7de6f12d
reloadAllAccessors: .TrigFunctionInverse

===========================================================================================
----------------- testing Sat Oct 27 02:33:05 UTC 2018 /home/travis/build/icyphy/ptII/ptolemy/actor/lib/test/auto/TrigFunctionTan.xml
----------------- Instantiating /home/travis/build/icyphy/ptII/ptolemy/actor/lib/test/auto/TrigFunctionTan.xml
1 ms. Memory: 1681408K Free: 229641K (14%)
----------------- Invoking toplevel() on ptolemy.moml.MoMLSimpleApplication@1a2a8293
----------------- Done invoking toplevel() on ptolemy.moml.MoMLSimpleApplication@1a2a8293
reloadAllAccessors: .TrigFunctionTan

===========================================================================================
----------------- testing Sat Oct 27 02:33:05 UTC 2018 /home/travis/build/icyphy/ptII/ptolemy/actor/lib/test/auto/TriggeredClock.xml
----------------- Instantiating /home/travis/build/icyphy/ptII/ptolemy/actor/lib/test/auto/TriggeredClock.xml
1 ms. Memory: 1681408K Free: 208588K (12%)
----------------- Invoking toplevel() on ptolemy.moml.MoMLSimpleApplication@2535f7bc
----------------- Done invoking toplevel() on ptolemy.moml.MoMLSimpleApplication@2535f7bc
reloadAllAccessors: .TriggeredClock

===========================================================================================
----------------- testing Sat Oct 27 02:33:05 UTC 2018 /home/travis/build/icyphy/ptII/ptolemy/actor/lib/test/auto/URLDirectoryReader.xml
----------------- Instantiating /home/travis/build/icyphy/ptII/ptolemy/actor/lib/test/auto/URLDirectoryReader.xml
42 ms. Memory: 1681408K Free: 183450K (11%)
----------------- Invoking toplevel() on ptolemy.moml.MoMLSimpleApplication@6be8bb6
----------------- Done invoking toplevel() on ptolemy.moml.MoMLSimpleApplication@6be8bb6
reloadAllAccessors: .URLDirectoryReader

===========================================================================================
----------------- testing Sat Oct 27 02:33:05 UTC 2018 /home/travis/build/icyphy/ptII/ptolemy/actor/lib/test/auto/URLDirectoryReader3.xml
----------------- Instantiating /home/travis/build/icyphy/ptII/ptolemy/actor/lib/test/auto/URLDirectoryReader3.xml
1126 ms. Memory: 1681408K Free: 120225K (7%)
----------------- Invoking toplevel() on ptolemy.moml.MoMLSimpleApplication@2ac89654
----------------- Done invoking toplevel() on ptolemy.moml.MoMLSimpleApplication@2ac89654
reloadAllAccessors: .URLDirectoryReader3

===========================================================================================
----------------- testing Sat Oct 27 02:33:06 UTC 2018 /home/travis/build/icyphy/ptII/ptolemy/actor/lib/test/auto/UnaryMathFunction.xml
----------------- Instantiating /home/travis/build/icyphy/ptII/ptolemy/actor/lib/test/auto/UnaryMathFunction.xml
2 ms. Memory: 1681408K Free: 95088K (6%)
----------------- Invoking toplevel() on ptolemy.moml.MoMLSimpleApplication@21e3d1b5
----------------- Done invoking toplevel() on ptolemy.moml.MoMLSimpleApplication@21e3d1b5
reloadAllAccessors: .UnaryMathFunction

===========================================================================================
----------------- testing Sat Oct 27 02:33:06 UTC 2018 /home/travis/build/icyphy/ptII/ptolemy/actor/lib/test/auto/Uniform.xml
----------------- Instantiating /home/travis/build/icyphy/ptII/ptolemy/actor/lib/test/auto/Uniform.xml
2 ms. Memory: 1681408K Free: 69950K (4%)
----------------- Invoking toplevel() on ptolemy.moml.MoMLSimpleApplication@76f9451
----------------- Done invoking toplevel() on ptolemy.moml.MoMLSimpleApplication@76f9451
reloadAllAccessors: .Uniform

===========================================================================================
----------------- testing Sat Oct 27 02:33:06 UTC 2018 /home/travis/build/icyphy/ptII/ptolemy/actor/lib/test/auto/UnionDisassemblerTest.xml
----------------- Instantiating /home/travis/build/icyphy/ptII/ptolemy/actor/lib/test/auto/UnionDisassemblerTest.xml
31 ms. Memory: 1697280K Free: 1642940K (97%)
----------------- Invoking toplevel() on ptolemy.moml.MoMLSimpleApplication@8fae707
----------------- Done invoking toplevel() on ptolemy.moml.MoMLSimpleApplication@8fae707
reloadAllAccessors: .UnionDisassemblerTest

===========================================================================================
----------------- testing Sat Oct 27 02:33:06 UTC 2018 /home/travis/build/icyphy/ptII/ptolemy/actor/lib/test/auto/UtilityFunctions.xml
----------------- Instantiating /home/travis/build/icyphy/ptII/ptolemy/actor/lib/test/auto/UtilityFunctions.xml
5 ms. Memory: 1697280K Free: 1611529K (95%)
----------------- Invoking toplevel() on ptolemy.moml.MoMLSimpleApplication@130f1a80
----------------- Done invoking toplevel() on ptolemy.moml.MoMLSimpleApplication@130f1a80
reloadAllAccessors: .UtilityFunctions

===========================================================================================
----------------- testing Sat Oct 27 02:33:06 UTC 2018 /home/travis/build/icyphy/ptII/ptolemy/actor/lib/test/auto/VariableSleep.xml
----------------- Instantiating /home/travis/build/icyphy/ptII/ptolemy/actor/lib/test/auto/VariableSleep.xml
511 ms. Memory: 1697280K Free: 1592052K (94%)
----------------- Invoking toplevel() on ptolemy.moml.MoMLSimpleApplication@70a7ee32
----------------- Done invoking toplevel() on ptolemy.moml.MoMLSimpleApplication@70a7ee32
reloadAllAccessors: .VariableSleep

===========================================================================================
----------------- testing Sat Oct 27 02:33:07 UTC 2018 /home/travis/build/icyphy/ptII/ptolemy/actor/lib/test/auto/VectorAssemblerDisassemblerCT.xml
----------------- Instantiating /home/travis/build/icyphy/ptII/ptolemy/actor/lib/test/auto/VectorAssemblerDisassemblerCT.xml
76 ms. Memory: 1697280K Free: 1556760K (92%)
----------------- Invoking toplevel() on ptolemy.moml.MoMLSimpleApplication@4d50dc1c
----------------- Done invoking toplevel() on ptolemy.moml.MoMLSimpleApplication@4d50dc1c
reloadAllAccessors: .VectorAssemblerDisassemblerCT

===========================================================================================
----------------- testing Sat Oct 27 02:33:07 UTC 2018 /home/travis/build/icyphy/ptII/ptolemy/actor/lib/test/auto/VectorAssemblerDisassemblerDE.xml
----------------- Instantiating /home/travis/build/icyphy/ptII/ptolemy/actor/lib/test/auto/VectorAssemblerDisassemblerDE.xml
2 ms. Memory: 1697280K Free: 1540970K (91%)
----------------- Invoking toplevel() on ptolemy.moml.MoMLSimpleApplication@a5de76e
----------------- Done invoking toplevel() on ptolemy.moml.MoMLSimpleApplication@a5de76e
reloadAllAccessors: .VectorAssemblerDisassemblerDE

===========================================================================================
----------------- testing Sat Oct 27 02:33:07 UTC 2018 /home/travis/build/icyphy/ptII/ptolemy/actor/lib/test/auto/VectorAssemblerDisassemblerSDF.xml
----------------- Instantiating /home/travis/build/icyphy/ptII/ptolemy/actor/lib/test/auto/VectorAssemblerDisassemblerSDF.xml
2 ms. Memory: 1697280K Free: 1521494K (90%)
----------------- Invoking toplevel() on ptolemy.moml.MoMLSimpleApplication@3f83ad80
----------------- Done invoking toplevel() on ptolemy.moml.MoMLSimpleApplication@3f83ad80
reloadAllAccessors: .VectorAssemblerDisassemblerSDF

===========================================================================================
----------------- testing Sat Oct 27 02:33:07 UTC 2018 /home/travis/build/icyphy/ptII/ptolemy/actor/lib/test/auto/WallClockTime.xml
----------------- Instantiating /home/travis/build/icyphy/ptII/ptolemy/actor/lib/test/auto/WallClockTime.xml
1004 ms. Memory: 1697280K Free: 1502017K (88%)
----------------- Invoking toplevel() on ptolemy.moml.MoMLSimpleApplication@62f4b912
----------------- Done invoking toplevel() on ptolemy.moml.MoMLSimpleApplication@62f4b912
reloadAllAccessors: .WallClockTime

===========================================================================================
----------------- testing Sat Oct 27 02:33:08 UTC 2018 /home/travis/build/icyphy/ptII/ptolemy/actor/lib/test/auto/WidthTestWithSubscriberPublisher.xml
----------------- Instantiating /home/travis/build/icyphy/ptII/ptolemy/actor/lib/test/auto/WidthTestWithSubscriberPublisher.xml
6 ms. Memory: 1697280K Free: 1470405K (87%)
----------------- Invoking toplevel() on ptolemy.moml.MoMLSimpleApplication@190388f3
----------------- Done invoking toplevel() on ptolemy.moml.MoMLSimpleApplication@190388f3
reloadAllAccessors: .WidthTestWithSubscriberPublisher

===========================================================================================
----------------- testing Sat Oct 27 02:33:08 UTC 2018 /home/travis/build/icyphy/ptII/ptolemy/actor/lib/test/auto/WidthTestWithSubscriberPublisher2.xml
----------------- Instantiating /home/travis/build/icyphy/ptII/ptolemy/actor/lib/test/auto/WidthTestWithSubscriberPublisher2.xml
2 ms. Memory: 1697280K Free: 1450929K (85%)
----------------- Invoking toplevel() on ptolemy.moml.MoMLSimpleApplication@4e318156
----------------- Done invoking toplevel() on ptolemy.moml.MoMLSimpleApplication@4e318156
reloadAllAccessors: .WidthTestWithSubscriberPublisher2

===========================================================================================
----------------- testing Sat Oct 27 02:33:08 UTC 2018 /home/travis/build/icyphy/ptII/ptolemy/actor/lib/test/auto/WidthTestWithSubscriberPublisher3.xml
----------------- Instantiating /home/travis/build/icyphy/ptII/ptolemy/actor/lib/test/auto/WidthTestWithSubscriberPublisher3.xml
2 ms. Memory: 1697280K Free: 1431452K (84%)
----------------- Invoking toplevel() on ptolemy.moml.MoMLSimpleApplication@2cc9587
----------------- Done invoking toplevel() on ptolemy.moml.MoMLSimpleApplication@2cc9587
reloadAllAccessors: .WidthTestWithSubscriberPublisher3

===========================================================================================
----------------- testing Sat Oct 27 02:33:08 UTC 2018 /home/travis/build/icyphy/ptII/ptolemy/actor/lib/test/auto/Writer.xml
----------------- Instantiating /home/travis/build/icyphy/ptII/ptolemy/actor/lib/test/auto/Writer.xml
0
1
2
3
4
1 ms. Memory: 1697280K Free: 1415662K (83%)
----------------- Invoking toplevel() on ptolemy.moml.MoMLSimpleApplication@7a5d14cc
----------------- Done invoking toplevel() on ptolemy.moml.MoMLSimpleApplication@7a5d14cc
reloadAllAccessors: .Writer

===========================================================================================
----------------- testing Sat Oct 27 02:33:08 UTC 2018 /home/travis/build/icyphy/ptII/ptolemy/actor/lib/test/auto/array.xml
----------------- Instantiating /home/travis/build/icyphy/ptII/ptolemy/actor/lib/test/auto/array.xml
2 ms. Memory: 1697280K Free: 1396186K (82%)
----------------- Invoking toplevel() on ptolemy.moml.MoMLSimpleApplication@11a8c5f8
----------------- Done invoking toplevel() on ptolemy.moml.MoMLSimpleApplication@11a8c5f8
reloadAllAccessors: .array

===========================================================================================
----------------- testing Sat Oct 27 02:33:08 UTC 2018 /home/travis/build/icyphy/ptII/ptolemy/actor/lib/test/auto/array2.xml
----------------- Instantiating /home/travis/build/icyphy/ptII/ptolemy/actor/lib/test/auto/array2.xml
6 ms. Memory: 1697280K Free: 1376709K (81%)
----------------- Invoking toplevel() on ptolemy.moml.MoMLSimpleApplication@2f690a36
----------------- Done invoking toplevel() on ptolemy.moml.MoMLSimpleApplication@2f690a36
reloadAllAccessors: .array2

===========================================================================================
----------------- testing Sat Oct 27 02:33:08 UTC 2018 /home/travis/build/icyphy/ptII/ptolemy/actor/lib/test/auto/arrayType.xml
----------------- Instantiating /home/travis/build/icyphy/ptII/ptolemy/actor/lib/test/auto/arrayType.xml
3 ms. Memory: 1697280K Free: 1360919K (80%)
----------------- Invoking toplevel() on ptolemy.moml.MoMLSimpleApplication@792ee066
----------------- Done invoking toplevel() on ptolemy.moml.MoMLSimpleApplication@792ee066
reloadAllAccessors: .arrayType

===========================================================================================
----------------- testing Sat Oct 27 02:33:08 UTC 2018 /home/travis/build/icyphy/ptII/ptolemy/actor/lib/test/auto/arrayType10.xml
----------------- Instantiating /home/travis/build/icyphy/ptII/ptolemy/actor/lib/test/auto/arrayType10.xml
1 ms. Memory: 1697280K Free: 1341442K (79%)
----------------- Invoking toplevel() on ptolemy.moml.MoMLSimpleApplication@399bbb4d
----------------- Done invoking toplevel() on ptolemy.moml.MoMLSimpleApplication@399bbb4d
reloadAllAccessors: .arrayType10

===========================================================================================
----------------- testing Sat Oct 27 02:33:08 UTC 2018 /home/travis/build/icyphy/ptII/ptolemy/actor/lib/test/auto/arrayType11.xml
----------------- Instantiating /home/travis/build/icyphy/ptII/ptolemy/actor/lib/test/auto/arrayType11.xml
1 ms. Memory: 1697280K Free: 1321966K (78%)
----------------- Invoking toplevel() on ptolemy.moml.MoMLSimpleApplication@1b41fe31
----------------- Done invoking toplevel() on ptolemy.moml.MoMLSimpleApplication@1b41fe31
reloadAllAccessors: .arrayType11

===========================================================================================
----------------- testing Sat Oct 27 02:33:08 UTC 2018 /home/travis/build/icyphy/ptII/ptolemy/actor/lib/test/auto/arrayType12.xml
----------------- Instantiating /home/travis/build/icyphy/ptII/ptolemy/actor/lib/test/auto/arrayType12.xml
1 ms. Memory: 1697280K Free: 1306176K (77%)
----------------- Invoking toplevel() on ptolemy.moml.MoMLSimpleApplication@68bd8730
----------------- Done invoking toplevel() on ptolemy.moml.MoMLSimpleApplication@68bd8730
reloadAllAccessors: .arrayType12

===========================================================================================
----------------- testing Sat Oct 27 02:33:08 UTC 2018 /home/travis/build/icyphy/ptII/ptolemy/actor/lib/test/auto/arrayType13.xml
----------------- Instantiating /home/travis/build/icyphy/ptII/ptolemy/actor/lib/test/auto/arrayType13.xml
2 ms. Memory: 1697280K Free: 1286699K (76%)
----------------- Invoking toplevel() on ptolemy.moml.MoMLSimpleApplication@5d34e511
----------------- Done invoking toplevel() on ptolemy.moml.MoMLSimpleApplication@5d34e511
reloadAllAccessors: .arrayType13

===========================================================================================
----------------- testing Sat Oct 27 02:33:08 UTC 2018 /home/travis/build/icyphy/ptII/ptolemy/actor/lib/test/auto/arrayType14.xml
----------------- Instantiating /home/travis/build/icyphy/ptII/ptolemy/actor/lib/test/auto/arrayType14.xml
2 ms. Memory: 1697280K Free: 1267223K (75%)
----------------- Invoking toplevel() on ptolemy.moml.MoMLSimpleApplication@4f17b73c
----------------- Done invoking toplevel() on ptolemy.moml.MoMLSimpleApplication@4f17b73c
reloadAllAccessors: .arrayType14

===========================================================================================
----------------- testing Sat Oct 27 02:33:08 UTC 2018 /home/travis/build/icyphy/ptII/ptolemy/actor/lib/test/auto/arrayType15.xml
----------------- Instantiating /home/travis/build/icyphy/ptII/ptolemy/actor/lib/test/auto/arrayType15.xml
1 ms. Memory: 1697280K Free: 1247746K (74%)
----------------- Invoking toplevel() on ptolemy.moml.MoMLSimpleApplication@79da5674
----------------- Done invoking toplevel() on ptolemy.moml.MoMLSimpleApplication@79da5674
reloadAllAccessors: .arrayType15

===========================================================================================
----------------- testing Sat Oct 27 02:33:08 UTC 2018 /home/travis/build/icyphy/ptII/ptolemy/actor/lib/test/auto/arrayType16.xml
----------------- Instantiating /home/travis/build/icyphy/ptII/ptolemy/actor/lib/test/auto/arrayType16.xml
2 ms. Memory: 1697280K Free: 1231956K (73%)
----------------- Invoking toplevel() on ptolemy.moml.MoMLSimpleApplication@4f7048a0
----------------- Done invoking toplevel() on ptolemy.moml.MoMLSimpleApplication@4f7048a0
reloadAllAccessors: .arrayType16

===========================================================================================
----------------- testing Sat Oct 27 02:33:08 UTC 2018 /home/travis/build/icyphy/ptII/ptolemy/actor/lib/test/auto/arrayType17.xml
----------------- Instantiating /home/travis/build/icyphy/ptII/ptolemy/actor/lib/test/auto/arrayType17.xml
2 ms. Memory: 1697280K Free: 1212480K (71%)
----------------- Invoking toplevel() on ptolemy.moml.MoMLSimpleApplication@29ae82bc
----------------- Done invoking toplevel() on ptolemy.moml.MoMLSimpleApplication@29ae82bc
reloadAllAccessors: .arrayType17

===========================================================================================
----------------- testing Sat Oct 27 02:33:08 UTC 2018 /home/travis/build/icyphy/ptII/ptolemy/actor/lib/test/auto/arrayType18.xml
----------------- Instantiating /home/travis/build/icyphy/ptII/ptolemy/actor/lib/test/auto/arrayType18.xml
1 ms. Memory: 1697280K Free: 1193004K (70%)
----------------- Invoking toplevel() on ptolemy.moml.MoMLSimpleApplication@31f09844
----------------- Done invoking toplevel() on ptolemy.moml.MoMLSimpleApplication@31f09844
reloadAllAccessors: .arrayType18

===========================================================================================
----------------- testing Sat Oct 27 02:33:08 UTC 2018 /home/travis/build/icyphy/ptII/ptolemy/actor/lib/test/auto/arrayType19.xml
----------------- Instantiating /home/travis/build/icyphy/ptII/ptolemy/actor/lib/test/auto/arrayType19.xml
1 ms. Memory: 1697280K Free: 1177213K (69%)
----------------- Invoking toplevel() on ptolemy.moml.MoMLSimpleApplication@28a35aca
----------------- Done invoking toplevel() on ptolemy.moml.MoMLSimpleApplication@28a35aca
reloadAllAccessors: .arrayType19

===========================================================================================
----------------- testing Sat Oct 27 02:33:08 UTC 2018 /home/travis/build/icyphy/ptII/ptolemy/actor/lib/test/auto/arrayType2.xml
----------------- Instantiating /home/travis/build/icyphy/ptII/ptolemy/actor/lib/test/auto/arrayType2.xml
2 ms. Memory: 1697280K Free: 1157737K (68%)
----------------- Invoking toplevel() on ptolemy.moml.MoMLSimpleApplication@27b4186a
----------------- Done invoking toplevel() on ptolemy.moml.MoMLSimpleApplication@27b4186a
reloadAllAccessors: .arrayType2

===========================================================================================
----------------- testing Sat Oct 27 02:33:08 UTC 2018 /home/travis/build/icyphy/ptII/ptolemy/actor/lib/test/auto/arrayType20.xml
----------------- Instantiating /home/travis/build/icyphy/ptII/ptolemy/actor/lib/test/auto/arrayType20.xml
1 ms. Memory: 1697280K Free: 1138260K (67%)
----------------- Invoking toplevel() on ptolemy.moml.MoMLSimpleApplication@7a3c3766
----------------- Done invoking toplevel() on ptolemy.moml.MoMLSimpleApplication@7a3c3766
reloadAllAccessors: .arrayType20

===========================================================================================
----------------- testing Sat Oct 27 02:33:08 UTC 2018 /home/travis/build/icyphy/ptII/ptolemy/actor/lib/test/auto/arrayType21.xml
----------------- Instantiating /home/travis/build/icyphy/ptII/ptolemy/actor/lib/test/auto/arrayType21.xml
3 ms. Memory: 1697280K Free: 1122470K (66%)
----------------- Invoking toplevel() on ptolemy.moml.MoMLSimpleApplication@28cffe34
----------------- Done invoking toplevel() on ptolemy.moml.MoMLSimpleApplication@28cffe34
reloadAllAccessors: .arrayType21

===========================================================================================
----------------- testing Sat Oct 27 02:33:08 UTC 2018 /home/travis/build/icyphy/ptII/ptolemy/actor/lib/test/auto/arrayType22.xml
----------------- Instantiating /home/travis/build/icyphy/ptII/ptolemy/actor/lib/test/auto/arrayType22.xml
1 ms. Memory: 1697280K Free: 1102994K (65%)
----------------- Invoking toplevel() on ptolemy.moml.MoMLSimpleApplication@7e699921
----------------- Done invoking toplevel() on ptolemy.moml.MoMLSimpleApplication@7e699921
reloadAllAccessors: .arrayType22

===========================================================================================
----------------- testing Sat Oct 27 02:33:09 UTC 2018 /home/travis/build/icyphy/ptII/ptolemy/actor/lib/test/auto/arrayType23.xml
----------------- Instantiating /home/travis/build/icyphy/ptII/ptolemy/actor/lib/test/auto/arrayType23.xml
1 ms. Memory: 1697280K Free: 1083517K (64%)
----------------- Invoking toplevel() on ptolemy.moml.MoMLSimpleApplication@5752327d
----------------- Done invoking toplevel() on ptolemy.moml.MoMLSimpleApplication@5752327d
reloadAllAccessors: .arrayType23

===========================================================================================
----------------- testing Sat Oct 27 02:33:09 UTC 2018 /home/travis/build/icyphy/ptII/ptolemy/actor/lib/test/auto/arrayType24.xml
----------------- Instantiating /home/travis/build/icyphy/ptII/ptolemy/actor/lib/test/auto/arrayType24.xml
1 ms. Memory: 1697280K Free: 1067727K (63%)
----------------- Invoking toplevel() on ptolemy.moml.MoMLSimpleApplication@37e05d29
----------------- Done invoking toplevel() on ptolemy.moml.MoMLSimpleApplication@37e05d29
reloadAllAccessors: .arrayType24

===========================================================================================
----------------- testing Sat Oct 27 02:33:09 UTC 2018 /home/travis/build/icyphy/ptII/ptolemy/actor/lib/test/auto/arrayType25.xml
----------------- Instantiating /home/travis/build/icyphy/ptII/ptolemy/actor/lib/test/auto/arrayType25.xml
2 ms. Memory: 1697280K Free: 1048251K (62%)
----------------- Invoking toplevel() on ptolemy.moml.MoMLSimpleApplication@f741cc
----------------- Done invoking toplevel() on ptolemy.moml.MoMLSimpleApplication@f741cc
reloadAllAccessors: .arrayType25

===========================================================================================
----------------- testing Sat Oct 27 02:33:09 UTC 2018 /home/travis/build/icyphy/ptII/ptolemy/actor/lib/test/auto/arrayType26.xml
----------------- Instantiating /home/travis/build/icyphy/ptII/ptolemy/actor/lib/test/auto/arrayType26.xml
1 ms. Memory: 1697280K Free: 1028775K (61%)
----------------- Invoking toplevel() on ptolemy.moml.MoMLSimpleApplication@4dcc4647
----------------- Done invoking toplevel() on ptolemy.moml.MoMLSimpleApplication@4dcc4647
reloadAllAccessors: .arrayType26

===========================================================================================
----------------- testing Sat Oct 27 02:33:09 UTC 2018 /home/travis/build/icyphy/ptII/ptolemy/actor/lib/test/auto/arrayType27.xml
----------------- Instantiating /home/travis/build/icyphy/ptII/ptolemy/actor/lib/test/auto/arrayType27.xml
1 ms. Memory: 1697280K Free: 1009298K (59%)
----------------- Invoking toplevel() on ptolemy.moml.MoMLSimpleApplication@69732f6c
----------------- Done invoking toplevel() on ptolemy.moml.MoMLSimpleApplication@69732f6c
reloadAllAccessors: .arrayType27

===========================================================================================
----------------- testing Sat Oct 27 02:33:09 UTC 2018 /home/travis/build/icyphy/ptII/ptolemy/actor/lib/test/auto/arrayType28.xml
----------------- Instantiating /home/travis/build/icyphy/ptII/ptolemy/actor/lib/test/auto/arrayType28.xml
1 ms. Memory: 1697280K Free: 993508K (59%)
----------------- Invoking toplevel() on ptolemy.moml.MoMLSimpleApplication@791cc4c5
----------------- Done invoking toplevel() on ptolemy.moml.MoMLSimpleApplication@791cc4c5
reloadAllAccessors: .arrayType28

===========================================================================================
----------------- testing Sat Oct 27 02:33:09 UTC 2018 /home/travis/build/icyphy/ptII/ptolemy/actor/lib/test/auto/arrayType3.xml
----------------- Instantiating /home/travis/build/icyphy/ptII/ptolemy/actor/lib/test/auto/arrayType3.xml
1 ms. Memory: 1697280K Free: 974031K (57%)
----------------- Invoking toplevel() on ptolemy.moml.MoMLSimpleApplication@70c720e3
----------------- Done invoking toplevel() on ptolemy.moml.MoMLSimpleApplication@70c720e3
reloadAllAccessors: .arrayType3

===========================================================================================
----------------- testing Sat Oct 27 02:33:09 UTC 2018 /home/travis/build/icyphy/ptII/ptolemy/actor/lib/test/auto/arrayType4.xml
----------------- Instantiating /home/travis/build/icyphy/ptII/ptolemy/actor/lib/test/auto/arrayType4.xml
1 ms. Memory: 1697280K Free: 954555K (56%)
----------------- Invoking toplevel() on ptolemy.moml.MoMLSimpleApplication@140ad947
----------------- Done invoking toplevel() on ptolemy.moml.MoMLSimpleApplication@140ad947
reloadAllAccessors: .arrayType4

===========================================================================================
----------------- testing Sat Oct 27 02:33:09 UTC 2018 /home/travis/build/icyphy/ptII/ptolemy/actor/lib/test/auto/arrayType5.xml
----------------- Instantiating /home/travis/build/icyphy/ptII/ptolemy/actor/lib/test/auto/arrayType5.xml
2 ms. Memory: 1697280K Free: 938765K (55%)
----------------- Invoking toplevel() on ptolemy.moml.MoMLSimpleApplication@6481082
----------------- Done invoking toplevel() on ptolemy.moml.MoMLSimpleApplication@6481082
reloadAllAccessors: .arrayType5

===========================================================================================
----------------- testing Sat Oct 27 02:33:09 UTC 2018 /home/travis/build/icyphy/ptII/ptolemy/actor/lib/test/auto/arrayType6.xml
----------------- Instantiating /home/travis/build/icyphy/ptII/ptolemy/actor/lib/test/auto/arrayType6.xml
1 ms. Memory: 1697280K Free: 919289K (54%)
----------------- Invoking toplevel() on ptolemy.moml.MoMLSimpleApplication@3bb08c8a
----------------- Done invoking toplevel() on ptolemy.moml.MoMLSimpleApplication@3bb08c8a
reloadAllAccessors: .arrayType6

===========================================================================================
----------------- testing Sat Oct 27 02:33:09 UTC 2018 /home/travis/build/icyphy/ptII/ptolemy/actor/lib/test/auto/arrayType7.xml
----------------- Instantiating /home/travis/build/icyphy/ptII/ptolemy/actor/lib/test/auto/arrayType7.xml
1 ms. Memory: 1697280K Free: 899812K (53%)
----------------- Invoking toplevel() on ptolemy.moml.MoMLSimpleApplication@3217d4dd
----------------- Done invoking toplevel() on ptolemy.moml.MoMLSimpleApplication@3217d4dd
reloadAllAccessors: .arrayType7

===========================================================================================
----------------- testing Sat Oct 27 02:33:09 UTC 2018 /home/travis/build/icyphy/ptII/ptolemy/actor/lib/test/auto/arrayType8.xml
----------------- Instantiating /home/travis/build/icyphy/ptII/ptolemy/actor/lib/test/auto/arrayType8.xml
1 ms. Memory: 1697280K Free: 884022K (52%)
----------------- Invoking toplevel() on ptolemy.moml.MoMLSimpleApplication@3ceee37e
----------------- Done invoking toplevel() on ptolemy.moml.MoMLSimpleApplication@3ceee37e
reloadAllAccessors: .arrayType8

===========================================================================================
----------------- testing Sat Oct 27 02:33:09 UTC 2018 /home/travis/build/icyphy/ptII/ptolemy/actor/lib/test/auto/arrayType9.xml
----------------- Instantiating /home/travis/build/icyphy/ptII/ptolemy/actor/lib/test/auto/arrayType9.xml
1 ms. Memory: 1697280K Free: 864546K (51%)
----------------- Invoking toplevel() on ptolemy.moml.MoMLSimpleApplication@7019bd5f
----------------- Done invoking toplevel() on ptolemy.moml.MoMLSimpleApplication@7019bd5f
reloadAllAccessors: .arrayType9

===========================================================================================
----------------- testing Sat Oct 27 02:33:09 UTC 2018 /home/travis/build/icyphy/ptII/ptolemy/actor/lib/test/auto/cast.xml
----------------- Instantiating /home/travis/build/icyphy/ptII/ptolemy/actor/lib/test/auto/cast.xml
5 ms. Memory: 1697280K Free: 845069K (50%)
----------------- Invoking toplevel() on ptolemy.moml.MoMLSimpleApplication@6fb5b1c3
----------------- Done invoking toplevel() on ptolemy.moml.MoMLSimpleApplication@6fb5b1c3
reloadAllAccessors: .cast

===========================================================================================
----------------- testing Sat Oct 27 02:33:09 UTC 2018 /home/travis/build/icyphy/ptII/ptolemy/actor/lib/test/auto/compositeMultiPort.xml
----------------- Instantiating /home/travis/build/icyphy/ptII/ptolemy/actor/lib/test/auto/compositeMultiPort.xml
3 ms. Memory: 1697280K Free: 829279K (49%)
----------------- Invoking toplevel() on ptolemy.moml.MoMLSimpleApplication@1a17ad5d
----------------- Done invoking toplevel() on ptolemy.moml.MoMLSimpleApplication@1a17ad5d
reloadAllAccessors: .compositeMultiPort

===========================================================================================
----------------- testing Sat Oct 27 02:33:09 UTC 2018 /home/travis/build/icyphy/ptII/ptolemy/actor/lib/test/auto/expressionCastInference.xml
----------------- Instantiating /home/travis/build/icyphy/ptII/ptolemy/actor/lib/test/auto/expressionCastInference.xml
2 ms. Memory: 1697280K Free: 809802K (48%)
----------------- Invoking toplevel() on ptolemy.moml.MoMLSimpleApplication@34cedc33
----------------- Done invoking toplevel() on ptolemy.moml.MoMLSimpleApplication@34cedc33
reloadAllAccessors: .expressionCastInference

===========================================================================================
----------------- testing Sat Oct 27 02:33:09 UTC 2018 /home/travis/build/icyphy/ptII/ptolemy/actor/lib/test/auto/expressionCastInference2.xml
----------------- Instantiating /home/travis/build/icyphy/ptII/ptolemy/actor/lib/test/auto/expressionCastInference2.xml
1 ms. Memory: 1697280K Free: 790326K (47%)
----------------- Invoking toplevel() on ptolemy.moml.MoMLSimpleApplication@5a16ad93
----------------- Done invoking toplevel() on ptolemy.moml.MoMLSimpleApplication@5a16ad93
reloadAllAccessors: .expressionCastInference2

===========================================================================================
----------------- testing Sat Oct 27 02:33:09 UTC 2018 /home/travis/build/icyphy/ptII/ptolemy/actor/lib/test/auto/expressionInference.xml
----------------- Instantiating /home/travis/build/icyphy/ptII/ptolemy/actor/lib/test/auto/expressionInference.xml
1 ms. Memory: 1697280K Free: 770849K (45%)
----------------- Invoking toplevel() on ptolemy.moml.MoMLSimpleApplication@230223e0
----------------- Done invoking toplevel() on ptolemy.moml.MoMLSimpleApplication@230223e0
reloadAllAccessors: .expressionInference

===========================================================================================
----------------- testing Sat Oct 27 02:33:09 UTC 2018 /home/travis/build/icyphy/ptII/ptolemy/actor/lib/test/auto/expression_bug.xml
----------------- Instantiating /home/travis/build/icyphy/ptII/ptolemy/actor/lib/test/auto/expression_bug.xml
1 ms. Memory: 1697280K Free: 755059K (44%)
----------------- Invoking toplevel() on ptolemy.moml.MoMLSimpleApplication@146e8914
----------------- Done invoking toplevel() on ptolemy.moml.MoMLSimpleApplication@146e8914
reloadAllAccessors: .expression_bug

===========================================================================================
----------------- testing Sat Oct 27 02:33:09 UTC 2018 /home/travis/build/icyphy/ptII/ptolemy/actor/lib/test/auto/factorial.xml
----------------- Instantiating /home/travis/build/icyphy/ptII/ptolemy/actor/lib/test/auto/factorial.xml
33 ms. Memory: 1697280K Free: 735583K (43%)
----------------- Invoking toplevel() on ptolemy.moml.MoMLSimpleApplication@49394b0f
----------------- Done invoking toplevel() on ptolemy.moml.MoMLSimpleApplication@49394b0f
reloadAllAccessors: .factorial

===========================================================================================
----------------- testing Sat Oct 27 02:33:09 UTC 2018 /home/travis/build/icyphy/ptII/ptolemy/actor/lib/test/auto/filterTest1.xml
----------------- Instantiating /home/travis/build/icyphy/ptII/ptolemy/actor/lib/test/auto/filterTest1.xml
3 ms. Memory: 1697280K Free: 716106K (42%)
----------------- Invoking toplevel() on ptolemy.moml.MoMLSimpleApplication@75a971f7
----------------- Done invoking toplevel() on ptolemy.moml.MoMLSimpleApplication@75a971f7
reloadAllAccessors: .filterTest1

===========================================================================================
----------------- testing Sat Oct 27 02:33:09 UTC 2018 /home/travis/build/icyphy/ptII/ptolemy/actor/lib/test/auto/funcApplyInConst.xml
----------------- Instantiating /home/travis/build/icyphy/ptII/ptolemy/actor/lib/test/auto/funcApplyInConst.xml
1 ms. Memory: 1697280K Free: 700316K (41%)
----------------- Invoking toplevel() on ptolemy.moml.MoMLSimpleApplication@47a9ce9
----------------- Done invoking toplevel() on ptolemy.moml.MoMLSimpleApplication@47a9ce9
reloadAllAccessors: .funcApplyInConst

===========================================================================================
----------------- testing Sat Oct 27 02:33:09 UTC 2018 /home/travis/build/icyphy/ptII/ptolemy/actor/lib/test/auto/funcApplyInExpr.xml
----------------- Instantiating /home/travis/build/icyphy/ptII/ptolemy/actor/lib/test/auto/funcApplyInExpr.xml
2 ms. Memory: 1697280K Free: 680840K (40%)
----------------- Invoking toplevel() on ptolemy.moml.MoMLSimpleApplication@746b537
----------------- Done invoking toplevel() on ptolemy.moml.MoMLSimpleApplication@746b537
reloadAllAccessors: .funcApplyInExpr

===========================================================================================
----------------- testing Sat Oct 27 02:33:09 UTC 2018 /home/travis/build/icyphy/ptII/ptolemy/actor/lib/test/auto/function.xml
----------------- Instantiating /home/travis/build/icyphy/ptII/ptolemy/actor/lib/test/auto/function.xml
2 ms. Memory: 1697280K Free: 661364K (39%)
----------------- Invoking toplevel() on ptolemy.moml.MoMLSimpleApplication@3f34a039
----------------- Done invoking toplevel() on ptolemy.moml.MoMLSimpleApplication@3f34a039
reloadAllAccessors: .function

===========================================================================================
----------------- testing Sat Oct 27 02:33:09 UTC 2018 /home/travis/build/icyphy/ptII/ptolemy/actor/lib/test/auto/function2.xml
----------------- Instantiating /home/travis/build/icyphy/ptII/ptolemy/actor/lib/test/auto/function2.xml
2 ms. Memory: 1697280K Free: 645574K (38%)
----------------- Invoking toplevel() on ptolemy.moml.MoMLSimpleApplication@292a500a
----------------- Done invoking toplevel() on ptolemy.moml.MoMLSimpleApplication@292a500a
reloadAllAccessors: .function2

===========================================================================================
----------------- testing Sat Oct 27 02:33:09 UTC 2018 /home/travis/build/icyphy/ptII/ptolemy/actor/lib/test/auto/function3.xml
----------------- Instantiating /home/travis/build/icyphy/ptII/ptolemy/actor/lib/test/auto/function3.xml
1 ms. Memory: 1697280K Free: 626097K (37%)
----------------- Invoking toplevel() on ptolemy.moml.MoMLSimpleApplication@709e0b94
----------------- Done invoking toplevel() on ptolemy.moml.MoMLSimpleApplication@709e0b94
reloadAllAccessors: .function3

===========================================================================================
----------------- testing Sat Oct 27 02:33:09 UTC 2018 /home/travis/build/icyphy/ptII/ptolemy/actor/lib/test/auto/functionClosureTest1.xml
----------------- Instantiating /home/travis/build/icyphy/ptII/ptolemy/actor/lib/test/auto/functionClosureTest1.xml
2 ms. Memory: 1697280K Free: 606621K (36%)
----------------- Invoking toplevel() on ptolemy.moml.MoMLSimpleApplication@5c0bd727
----------------- Done invoking toplevel() on ptolemy.moml.MoMLSimpleApplication@5c0bd727
reloadAllAccessors: .functionClosureTest1

===========================================================================================
----------------- testing Sat Oct 27 02:33:09 UTC 2018 /home/travis/build/icyphy/ptII/ptolemy/actor/lib/test/auto/functionClosureTest2.xml
----------------- Instantiating /home/travis/build/icyphy/ptII/ptolemy/actor/lib/test/auto/functionClosureTest2.xml
1 ms. Memory: 1697280K Free: 587144K (35%)
----------------- Invoking toplevel() on ptolemy.moml.MoMLSimpleApplication@7fe4b13c
----------------- Done invoking toplevel() on ptolemy.moml.MoMLSimpleApplication@7fe4b13c
reloadAllAccessors: .functionClosureTest2

===========================================================================================
----------------- testing Sat Oct 27 02:33:09 UTC 2018 /home/travis/build/icyphy/ptII/ptolemy/actor/lib/test/auto/functionClosureTest3.xml
----------------- Instantiating /home/travis/build/icyphy/ptII/ptolemy/actor/lib/test/auto/functionClosureTest3.xml
1 ms. Memory: 1697280K Free: 571354K (34%)
----------------- Invoking toplevel() on ptolemy.moml.MoMLSimpleApplication@40b1cbb3
----------------- Done invoking toplevel() on ptolemy.moml.MoMLSimpleApplication@40b1cbb3
reloadAllAccessors: .functionClosureTest3

===========================================================================================
----------------- testing Sat Oct 27 02:33:09 UTC 2018 /home/travis/build/icyphy/ptII/ptolemy/actor/lib/test/auto/functionClosureTest4.xml
----------------- Instantiating /home/travis/build/icyphy/ptII/ptolemy/actor/lib/test/auto/functionClosureTest4.xml
3 ms. Memory: 1697280K Free: 551878K (33%)
----------------- Invoking toplevel() on ptolemy.moml.MoMLSimpleApplication@675a836d
----------------- Done invoking toplevel() on ptolemy.moml.MoMLSimpleApplication@675a836d
reloadAllAccessors: .functionClosureTest4

===========================================================================================
----------------- testing Sat Oct 27 02:33:09 UTC 2018 /home/travis/build/icyphy/ptII/ptolemy/actor/lib/test/auto/functionClosureTest5.xml
----------------- Instantiating /home/travis/build/icyphy/ptII/ptolemy/actor/lib/test/auto/functionClosureTest5.xml
3 ms. Memory: 1697280K Free: 532401K (31%)
----------------- Invoking toplevel() on ptolemy.moml.MoMLSimpleApplication@2d00e400
----------------- Done invoking toplevel() on ptolemy.moml.MoMLSimpleApplication@2d00e400
reloadAllAccessors: .functionClosureTest5

===========================================================================================
----------------- testing Sat Oct 27 02:33:09 UTC 2018 /home/travis/build/icyphy/ptII/ptolemy/actor/lib/test/auto/functionClosureTest6.xml
----------------- Instantiating /home/travis/build/icyphy/ptII/ptolemy/actor/lib/test/auto/functionClosureTest6.xml
4 ms. Memory: 1697280K Free: 516611K (30%)
----------------- Invoking toplevel() on ptolemy.moml.MoMLSimpleApplication@273e8bc5
----------------- Done invoking toplevel() on ptolemy.moml.MoMLSimpleApplication@273e8bc5
reloadAllAccessors: .functionClosureTest6

===========================================================================================
----------------- testing Sat Oct 27 02:33:09 UTC 2018 /home/travis/build/icyphy/ptII/ptolemy/actor/lib/test/auto/functionsOnArcs.xml
----------------- Instantiating /home/travis/build/icyphy/ptII/ptolemy/actor/lib/test/auto/functionsOnArcs.xml
4 ms. Memory: 1697280K Free: 497135K (29%)
----------------- Invoking toplevel() on ptolemy.moml.MoMLSimpleApplication@309c476f
----------------- Done invoking toplevel() on ptolemy.moml.MoMLSimpleApplication@309c476f
reloadAllAccessors: .functionsOnArcs

===========================================================================================
----------------- testing Sat Oct 27 02:33:09 UTC 2018 /home/travis/build/icyphy/ptII/ptolemy/actor/lib/test/auto/functionsOnArcsHOF.xml
----------------- Instantiating /home/travis/build/icyphy/ptII/ptolemy/actor/lib/test/auto/functionsOnArcsHOF.xml
3 ms. Memory: 1697280K Free: 477658K (28%)
----------------- Invoking toplevel() on ptolemy.moml.MoMLSimpleApplication@602e9265
----------------- Done invoking toplevel() on ptolemy.moml.MoMLSimpleApplication@602e9265
reloadAllAccessors: .functionsOnArcsHOF

===========================================================================================
----------------- testing Sat Oct 27 02:33:09 UTC 2018 /home/travis/build/icyphy/ptII/ptolemy/actor/lib/test/auto/logic.xml
----------------- Instantiating /home/travis/build/icyphy/ptII/ptolemy/actor/lib/test/auto/logic.xml
2 ms. Memory: 1697280K Free: 461868K (27%)
----------------- Invoking toplevel() on ptolemy.moml.MoMLSimpleApplication@5f8d8ed3
----------------- Done invoking toplevel() on ptolemy.moml.MoMLSimpleApplication@5f8d8ed3
reloadAllAccessors: .logic

===========================================================================================
----------------- testing Sat Oct 27 02:33:09 UTC 2018 /home/travis/build/icyphy/ptII/ptolemy/actor/lib/test/auto/matrixType.xml
----------------- Instantiating /home/travis/build/icyphy/ptII/ptolemy/actor/lib/test/auto/matrixType.xml
1 ms. Memory: 1697280K Free: 442392K (26%)
----------------- Invoking toplevel() on ptolemy.moml.MoMLSimpleApplication@31e69933
----------------- Done invoking toplevel() on ptolemy.moml.MoMLSimpleApplication@31e69933
reloadAllAccessors: .matrixType

===========================================================================================
----------------- testing Sat Oct 27 02:33:09 UTC 2018 /home/travis/build/icyphy/ptII/ptolemy/actor/lib/test/auto/matrixType10.xml
----------------- Instantiating /home/travis/build/icyphy/ptII/ptolemy/actor/lib/test/auto/matrixType10.xml
1 ms. Memory: 1697280K Free: 422915K (25%)
----------------- Invoking toplevel() on ptolemy.moml.MoMLSimpleApplication@4dae93c0
----------------- Done invoking toplevel() on ptolemy.moml.MoMLSimpleApplication@4dae93c0
reloadAllAccessors: .matrixType10

===========================================================================================
----------------- testing Sat Oct 27 02:33:09 UTC 2018 /home/travis/build/icyphy/ptII/ptolemy/actor/lib/test/auto/matrixType11.xml
----------------- Instantiating /home/travis/build/icyphy/ptII/ptolemy/actor/lib/test/auto/matrixType11.xml
1 ms. Memory: 1697280K Free: 403439K (24%)
----------------- Invoking toplevel() on ptolemy.moml.MoMLSimpleApplication@20bd2fa5
----------------- Done invoking toplevel() on ptolemy.moml.MoMLSimpleApplication@20bd2fa5
reloadAllAccessors: .matrixType11

===========================================================================================
----------------- testing Sat Oct 27 02:33:09 UTC 2018 /home/travis/build/icyphy/ptII/ptolemy/actor/lib/test/auto/matrixType12.xml
----------------- Instantiating /home/travis/build/icyphy/ptII/ptolemy/actor/lib/test/auto/matrixType12.xml
1 ms. Memory: 1697280K Free: 387649K (23%)
----------------- Invoking toplevel() on ptolemy.moml.MoMLSimpleApplication@53b10175
----------------- Done invoking toplevel() on ptolemy.moml.MoMLSimpleApplication@53b10175
reloadAllAccessors: .matrixType12

===========================================================================================
----------------- testing Sat Oct 27 02:33:09 UTC 2018 /home/travis/build/icyphy/ptII/ptolemy/actor/lib/test/auto/matrixType13.xml
----------------- Instantiating /home/travis/build/icyphy/ptII/ptolemy/actor/lib/test/auto/matrixType13.xml
1 ms. Memory: 1697280K Free: 368173K (22%)
----------------- Invoking toplevel() on ptolemy.moml.MoMLSimpleApplication@4cf26ed8
----------------- Done invoking toplevel() on ptolemy.moml.MoMLSimpleApplication@4cf26ed8
reloadAllAccessors: .matrixType13

===========================================================================================
----------------- testing Sat Oct 27 02:33:09 UTC 2018 /home/travis/build/icyphy/ptII/ptolemy/actor/lib/test/auto/matrixType14.xml
----------------- Instantiating /home/travis/build/icyphy/ptII/ptolemy/actor/lib/test/auto/matrixType14.xml
2 ms. Memory: 1697280K Free: 348696K (21%)
----------------- Invoking toplevel() on ptolemy.moml.MoMLSimpleApplication@676c4010
----------------- Done invoking toplevel() on ptolemy.moml.MoMLSimpleApplication@676c4010
reloadAllAccessors: .matrixType14

===========================================================================================
----------------- testing Sat Oct 27 02:33:09 UTC 2018 /home/travis/build/icyphy/ptII/ptolemy/actor/lib/test/auto/matrixType2.xml
----------------- Instantiating /home/travis/build/icyphy/ptII/ptolemy/actor/lib/test/auto/matrixType2.xml
1 ms. Memory: 1697280K Free: 332906K (20%)
----------------- Invoking toplevel() on ptolemy.moml.MoMLSimpleApplication@77b3b00d
----------------- Done invoking toplevel() on ptolemy.moml.MoMLSimpleApplication@77b3b00d
reloadAllAccessors: .matrixType2

===========================================================================================
----------------- testing Sat Oct 27 02:33:09 UTC 2018 /home/travis/build/icyphy/ptII/ptolemy/actor/lib/test/auto/matrixType3.xml
----------------- Instantiating /home/travis/build/icyphy/ptII/ptolemy/actor/lib/test/auto/matrixType3.xml
1 ms. Memory: 1697280K Free: 313430K (18%)
----------------- Invoking toplevel() on ptolemy.moml.MoMLSimpleApplication@4819ae6f
----------------- Done invoking toplevel() on ptolemy.moml.MoMLSimpleApplication@4819ae6f
reloadAllAccessors: .matrixType3

===========================================================================================
----------------- testing Sat Oct 27 02:33:09 UTC 2018 /home/travis/build/icyphy/ptII/ptolemy/actor/lib/test/auto/matrixType4.xml
----------------- Instantiating /home/travis/build/icyphy/ptII/ptolemy/actor/lib/test/auto/matrixType4.xml
1 ms. Memory: 1697280K Free: 293953K (17%)
----------------- Invoking toplevel() on ptolemy.moml.MoMLSimpleApplication@382d56c8
----------------- Done invoking toplevel() on ptolemy.moml.MoMLSimpleApplication@382d56c8
reloadAllAccessors: .matrixType4

===========================================================================================
----------------- testing Sat Oct 27 02:33:09 UTC 2018 /home/travis/build/icyphy/ptII/ptolemy/actor/lib/test/auto/matrixType5.xml
----------------- Instantiating /home/travis/build/icyphy/ptII/ptolemy/actor/lib/test/auto/matrixType5.xml
1 ms. Memory: 1697280K Free: 274477K (16%)
----------------- Invoking toplevel() on ptolemy.moml.MoMLSimpleApplication@3d50b3c1
----------------- Done invoking toplevel() on ptolemy.moml.MoMLSimpleApplication@3d50b3c1
reloadAllAccessors: .matrixType5

===========================================================================================
----------------- testing Sat Oct 27 02:33:09 UTC 2018 /home/travis/build/icyphy/ptII/ptolemy/actor/lib/test/auto/matrixType6.xml
----------------- Instantiating /home/travis/build/icyphy/ptII/ptolemy/actor/lib/test/auto/matrixType6.xml
2 ms. Memory: 1697280K Free: 258687K (15%)
----------------- Invoking toplevel() on ptolemy.moml.MoMLSimpleApplication@3e5c9c40
----------------- Done invoking toplevel() on ptolemy.moml.MoMLSimpleApplication@3e5c9c40
reloadAllAccessors: .matrixType6

===========================================================================================
----------------- testing Sat Oct 27 02:33:09 UTC 2018 /home/travis/build/icyphy/ptII/ptolemy/actor/lib/test/auto/matrixType7.xml
----------------- Instantiating /home/travis/build/icyphy/ptII/ptolemy/actor/lib/test/auto/matrixType7.xml
1 ms. Memory: 1697280K Free: 239211K (14%)
----------------- Invoking toplevel() on ptolemy.moml.MoMLSimpleApplication@51f99288
----------------- Done invoking toplevel() on ptolemy.moml.MoMLSimpleApplication@51f99288
reloadAllAccessors: .matrixType7

===========================================================================================
----------------- testing Sat Oct 27 02:33:09 UTC 2018 /home/travis/build/icyphy/ptII/ptolemy/actor/lib/test/auto/matrixType8.xml
----------------- Instantiating /home/travis/build/icyphy/ptII/ptolemy/actor/lib/test/auto/matrixType8.xml
2 ms. Memory: 1697280K Free: 219734K (13%)
----------------- Invoking toplevel() on ptolemy.moml.MoMLSimpleApplication@6899c9b3
----------------- Done invoking toplevel() on ptolemy.moml.MoMLSimpleApplication@6899c9b3
reloadAllAccessors: .matrixType8

===========================================================================================
----------------- testing Sat Oct 27 02:33:09 UTC 2018 /home/travis/build/icyphy/ptII/ptolemy/actor/lib/test/auto/matrixType9.xml
----------------- Instantiating /home/travis/build/icyphy/ptII/ptolemy/actor/lib/test/auto/matrixType9.xml
1 ms. Memory: 1697280K Free: 203944K (12%)
----------------- Invoking toplevel() on ptolemy.moml.MoMLSimpleApplication@38017886
----------------- Done invoking toplevel() on ptolemy.moml.MoMLSimpleApplication@38017886
reloadAllAccessors: .matrixType9

===========================================================================================
----------------- testing Sat Oct 27 02:33:09 UTC 2018 /home/travis/build/icyphy/ptII/ptolemy/actor/lib/test/auto/paraFunctest.xml
----------------- Instantiating /home/travis/build/icyphy/ptII/ptolemy/actor/lib/test/auto/paraFunctest.xml
1 ms. Memory: 1697280K Free: 184467K (11%)
----------------- Invoking toplevel() on ptolemy.moml.MoMLSimpleApplication@7245c38a
----------------- Done invoking toplevel() on ptolemy.moml.MoMLSimpleApplication@7245c38a
reloadAllAccessors: .paraFunctest

===========================================================================================
----------------- testing Sat Oct 27 02:33:09 UTC 2018 /home/travis/build/icyphy/ptII/ptolemy/actor/lib/test/auto/paraFunctest2.xml
----------------- Instantiating /home/travis/build/icyphy/ptII/ptolemy/actor/lib/test/auto/paraFunctest2.xml
1 ms. Memory: 1697280K Free: 164991K (10%)
----------------- Invoking toplevel() on ptolemy.moml.MoMLSimpleApplication@5cf80439
----------------- Done invoking toplevel() on ptolemy.moml.MoMLSimpleApplication@5cf80439
reloadAllAccessors: .paraFunctest2

===========================================================================================
----------------- testing Sat Oct 27 02:33:09 UTC 2018 /home/travis/build/icyphy/ptII/ptolemy/actor/lib/test/auto/parameterPassing.xml
----------------- Instantiating /home/travis/build/icyphy/ptII/ptolemy/actor/lib/test/auto/parameterPassing.xml
1 ms. Memory: 1697280K Free: 145514K (9%)
----------------- Invoking toplevel() on ptolemy.moml.MoMLSimpleApplication@7d8f96bf
----------------- Done invoking toplevel() on ptolemy.moml.MoMLSimpleApplication@7d8f96bf
reloadAllAccessors: .parameterPassing

===========================================================================================
----------------- testing Sat Oct 27 02:33:09 UTC 2018 /home/travis/build/icyphy/ptII/ptolemy/actor/lib/test/auto/record.xml
----------------- Instantiating /home/travis/build/icyphy/ptII/ptolemy/actor/lib/test/auto/record.xml
3 ms. Memory: 1697280K Free: 129724K (8%)
----------------- Invoking toplevel() on ptolemy.moml.MoMLSimpleApplication@41deeb0a
----------------- Done invoking toplevel() on ptolemy.moml.MoMLSimpleApplication@41deeb0a
reloadAllAccessors: .record

===========================================================================================
----------------- testing Sat Oct 27 02:33:09 UTC 2018 /home/travis/build/icyphy/ptII/ptolemy/actor/lib/test/auto/sizedarray1.xml
----------------- Instantiating /home/travis/build/icyphy/ptII/ptolemy/actor/lib/test/auto/sizedarray1.xml
1 ms. Memory: 1697280K Free: 110247K (6%)
----------------- Invoking toplevel() on ptolemy.moml.MoMLSimpleApplication@59e120a3
----------------- Done invoking toplevel() on ptolemy.moml.MoMLSimpleApplication@59e120a3
reloadAllAccessors: .sizedarray1

===========================================================================================
----------------- testing Sat Oct 27 02:33:09 UTC 2018 /home/travis/build/icyphy/ptII/ptolemy/actor/lib/test/auto/sizedarray2.xml
----------------- Instantiating /home/travis/build/icyphy/ptII/ptolemy/actor/lib/test/auto/sizedarray2.xml
3 ms. Memory: 1697280K Free: 90771K (5%)
----------------- Invoking toplevel() on ptolemy.moml.MoMLSimpleApplication@f346534
----------------- Done invoking toplevel() on ptolemy.moml.MoMLSimpleApplication@f346534
reloadAllAccessors: .sizedarray2

===========================================================================================
----------------- testing Sat Oct 27 02:33:09 UTC 2018 /home/travis/build/icyphy/ptII/ptolemy/actor/lib/test/auto/twoPublishers.xml
----------------- Instantiating /home/travis/build/icyphy/ptII/ptolemy/actor/lib/test/auto/twoPublishers.xml
19 ms. Memory: 1780224K Free: 1733123K (97%)
----------------- Invoking toplevel() on ptolemy.moml.MoMLSimpleApplication@57cc59b1
----------------- Done invoking toplevel() on ptolemy.moml.MoMLSimpleApplication@57cc59b1
reloadAllAccessors: .twoPublishers
AutoTests.java: About to close Vertx.
AutoTests.java: Vertx closed.
]]></system-out>
  <system-err><![CDATA[java.lang.RuntimeException: Execution failed
	at ptolemy.moml.MoMLSimpleApplication$UnloadThread.run(MoMLSimpleApplication.java:402)
Caused by: java.lang.RuntimeException: Normally, we would exit here because Manager.exitAfterWrapup() was called.  However, because the ptolemy.ptII.exitAfterWrapup property is set, we throw this exception instead.
	at ptolemy.util.StringUtilities.exit(StringUtilities.java:363)
	at ptolemy.actor.Manager.wrapup(Manager.java:1531)
	at ptolemy.actor.Manager.execute(Manager.java:407)
	at ptolemy.actor.Manager.run(Manager.java:1263)
	at ptolemy.actor.Manager$PtolemyRunThread.run(Manager.java:1915)
Warning: '.top.test' is in training mode, set the trainingMode parameter to false before checking in
Warning: '.top.test' is in training mode, set the trainingMode parameter to false before checking in
Warning: '.top.test' is in training mode, set the trainingMode parameter to false before checking in
Warning: '.BooleanSwitch_RegressionTest_WrongTrainingValues.Test' is in training mode, set the trainingMode parameter to false before checking in
Warning: '.BooleanSwitch_RegressionTest_WrongTrainingValues.Test2' is in training mode, set the trainingMode parameter to false before checking in
Warning: '.BooleanSwitch_RegressionTest_WrongTrainingValues.Test2' The test produced 0 tokens.
Warning: '.top.testExceptionHandler' is in training mode, set the trainingMode parameter to false before checking in
java.lang.RuntimeException: Execution failed
	at ptolemy.moml.MoMLSimpleApplication$UnloadThread.run(MoMLSimpleApplication.java:402)
Caused by: ptolemy.kernel.util.IllegalActionException: PublisherPorts cannot be used at the top level, use a Publisher actor instead.
  in .PublisherPortToplevelSubscriber.PublisherPort
	at ptolemy.actor.PublisherPort.preinitialize(PublisherPort.java:403)
	at ptolemy.actor.CompositeActor.preinitialize(CompositeActor.java:1769)
	at ptolemy.actor.Manager.preinitializeAndResolveTypes(Manager.java:1040)
	at ptolemy.actor.Manager.initialize(Manager.java:710)
	at ptolemy.actor.Manager.execute(Manager.java:356)
	at ptolemy.actor.Manager.run(Manager.java:1263)
	at ptolemy.actor.Manager$PtolemyRunThread.run(Manager.java:1915)
java.lang.reflect.InvocationTargetException
	at sun.reflect.NativeConstructorAccessorImpl.newInstance0(Native Method)
	at sun.reflect.NativeConstructorAccessorImpl.newInstance(NativeConstructorAccessorImpl.java:62)
	at sun.reflect.DelegatingConstructorAccessorImpl.newInstance(DelegatingConstructorAccessorImpl.java:45)
	at java.lang.reflect.Constructor.newInstance(Constructor.java:423)
	at ptolemy.util.test.junit.AutoKnownFailedTests.RunModel(AutoKnownFailedTests.java:105)
	at sun.reflect.NativeMethodAccessorImpl.invoke0(Native Method)
	at sun.reflect.NativeMethodAccessorImpl.invoke(NativeMethodAccessorImpl.java:62)
	at sun.reflect.DelegatingMethodAccessorImpl.invoke(DelegatingMethodAccessorImpl.java:43)
	at java.lang.reflect.Method.invoke(Method.java:498)
	at org.junit.runners.model.FrameworkMethod$1.runReflectiveCall(FrameworkMethod.java:44)
	at org.junit.internal.runners.model.ReflectiveCallable.run(ReflectiveCallable.java:15)
	at org.junit.runners.model.FrameworkMethod.invokeExplosively(FrameworkMethod.java:41)
	at junitparams.internal.InvokeParameterisedMethod.evaluate(InvokeParameterisedMethod.java:102)
	at org.junit.internal.runners.statements.FailOnTimeout$1.run(FailOnTimeout.java:28)
Caused by: ptolemy.kernel.util.IllegalActionException: PublisherPorts cannot be used at the top level, use a Publisher actor instead.
  in .PublisherPortToplevelSubscriber.PublisherPort
	at ptolemy.actor.PublisherPort.preinitialize(PublisherPort.java:403)
	at ptolemy.actor.CompositeActor.preinitialize(CompositeActor.java:1769)
	at ptolemy.actor.Manager.preinitializeAndResolveTypes(Manager.java:1040)
	at ptolemy.actor.Manager.initialize(Manager.java:710)
	at ptolemy.actor.Manager.execute(Manager.java:356)
	at ptolemy.actor.Manager.run(Manager.java:1263)
	at ptolemy.actor.Manager$PtolemyRunThread.run(Manager.java:1915)
java.lang.RuntimeException: Execution failed
	at ptolemy.moml.MoMLSimpleApplication$UnloadThread.run(MoMLSimpleApplication.java:402)
Caused by: ptolemy.kernel.util.IllegalActionException: SubscriberPorts cannot be used at the top level, use a Subscriber actor instead.
  in .PublisherSubscriberPortToplevel.SubscriberPort
	at ptolemy.actor.SubscriberPort.preinitialize(SubscriberPort.java:328)
	at ptolemy.actor.CompositeActor.preinitialize(CompositeActor.java:1769)
	at ptolemy.actor.Manager.preinitializeAndResolveTypes(Manager.java:1040)
	at ptolemy.actor.Manager.initialize(Manager.java:710)
	at ptolemy.actor.Manager.execute(Manager.java:356)
	at ptolemy.actor.Manager.run(Manager.java:1263)
	at ptolemy.actor.Manager$PtolemyRunThread.run(Manager.java:1915)
java.lang.reflect.InvocationTargetException
	at sun.reflect.NativeConstructorAccessorImpl.newInstance0(Native Method)
	at sun.reflect.NativeConstructorAccessorImpl.newInstance(NativeConstructorAccessorImpl.java:62)
	at sun.reflect.DelegatingConstructorAccessorImpl.newInstance(DelegatingConstructorAccessorImpl.java:45)
	at java.lang.reflect.Constructor.newInstance(Constructor.java:423)
	at ptolemy.util.test.junit.AutoKnownFailedTests.RunModel(AutoKnownFailedTests.java:105)
	at sun.reflect.NativeMethodAccessorImpl.invoke0(Native Method)
	at sun.reflect.NativeMethodAccessorImpl.invoke(NativeMethodAccessorImpl.java:62)
	at sun.reflect.DelegatingMethodAccessorImpl.invoke(DelegatingMethodAccessorImpl.java:43)
	at java.lang.reflect.Method.invoke(Method.java:498)
	at org.junit.runners.model.FrameworkMethod$1.runReflectiveCall(FrameworkMethod.java:44)
	at org.junit.internal.runners.model.ReflectiveCallable.run(ReflectiveCallable.java:15)
	at org.junit.runners.model.FrameworkMethod.invokeExplosively(FrameworkMethod.java:41)
	at junitparams.internal.InvokeParameterisedMethod.evaluate(InvokeParameterisedMethod.java:102)
	at org.junit.internal.runners.statements.FailOnTimeout$1.run(FailOnTimeout.java:28)
Caused by: ptolemy.kernel.util.IllegalActionException: SubscriberPorts cannot be used at the top level, use a Subscriber actor instead.
  in .PublisherSubscriberPortToplevel.SubscriberPort
	at ptolemy.actor.SubscriberPort.preinitialize(SubscriberPort.java:328)
	at ptolemy.actor.CompositeActor.preinitialize(CompositeActor.java:1769)
	at ptolemy.actor.Manager.preinitializeAndResolveTypes(Manager.java:1040)
	at ptolemy.actor.Manager.initialize(Manager.java:710)
	at ptolemy.actor.Manager.execute(Manager.java:356)
	at ptolemy.actor.Manager.run(Manager.java:1263)
	at ptolemy.actor.Manager$PtolemyRunThread.run(Manager.java:1915)
java.lang.RuntimeException: Execution failed
	at ptolemy.moml.MoMLSimpleApplication$UnloadThread.run(MoMLSimpleApplication.java:402)
Caused by: ptolemy.kernel.util.IllegalActionException: SubscriptionAggregatorPorts cannot be used at the top level, use a SubscriptionAggregator actor instead.
  in .PublisherSubscriptionAggregatorPort.SubscriptionAggregatorPort
	at ptolemy.actor.SubscriptionAggregatorPort.preinitialize(SubscriptionAggregatorPort.java:353)
	at ptolemy.actor.CompositeActor.preinitialize(CompositeActor.java:1769)
	at ptolemy.actor.Manager.preinitializeAndResolveTypes(Manager.java:1040)
	at ptolemy.actor.Manager.initialize(Manager.java:710)
	at ptolemy.actor.Manager.execute(Manager.java:356)
	at ptolemy.actor.Manager.run(Manager.java:1263)
	at ptolemy.actor.Manager$PtolemyRunThread.run(Manager.java:1915)
java.lang.reflect.InvocationTargetException
	at sun.reflect.NativeConstructorAccessorImpl.newInstance0(Native Method)
	at sun.reflect.NativeConstructorAccessorImpl.newInstance(NativeConstructorAccessorImpl.java:62)
	at sun.reflect.DelegatingConstructorAccessorImpl.newInstance(DelegatingConstructorAccessorImpl.java:45)
	at java.lang.reflect.Constructor.newInstance(Constructor.java:423)
	at ptolemy.util.test.junit.AutoKnownFailedTests.RunModel(AutoKnownFailedTests.java:105)
	at sun.reflect.NativeMethodAccessorImpl.invoke0(Native Method)
	at sun.reflect.NativeMethodAccessorImpl.invoke(NativeMethodAccessorImpl.java:62)
	at sun.reflect.DelegatingMethodAccessorImpl.invoke(DelegatingMethodAccessorImpl.java:43)
	at java.lang.reflect.Method.invoke(Method.java:498)
	at org.junit.runners.model.FrameworkMethod$1.runReflectiveCall(FrameworkMethod.java:44)
	at org.junit.internal.runners.model.ReflectiveCallable.run(ReflectiveCallable.java:15)
	at org.junit.runners.model.FrameworkMethod.invokeExplosively(FrameworkMethod.java:41)
	at junitparams.internal.InvokeParameterisedMethod.evaluate(InvokeParameterisedMethod.java:102)
	at org.junit.internal.runners.statements.FailOnTimeout$1.run(FailOnTimeout.java:28)
Caused by: ptolemy.kernel.util.IllegalActionException: SubscriptionAggregatorPorts cannot be used at the top level, use a SubscriptionAggregator actor instead.
  in .PublisherSubscriptionAggregatorPort.SubscriptionAggregatorPort
	at ptolemy.actor.SubscriptionAggregatorPort.preinitialize(SubscriptionAggregatorPort.java:353)
	at ptolemy.actor.CompositeActor.preinitialize(CompositeActor.java:1769)
	at ptolemy.actor.Manager.preinitializeAndResolveTypes(Manager.java:1040)
	at ptolemy.actor.Manager.initialize(Manager.java:710)
	at ptolemy.actor.Manager.execute(Manager.java:356)
	at ptolemy.actor.Manager.run(Manager.java:1263)
	at ptolemy.actor.Manager$PtolemyRunThread.run(Manager.java:1915)
java.lang.RuntimeException: Execution failed
	at ptolemy.moml.MoMLSimpleApplication$UnloadThread.run(MoMLSimpleApplication.java:402)
Caused by: ptolemy.kernel.util.IllegalActionException: TypeTest actor has no training data.
  in .sizedarray3.TypeTest
	at ptolemy.actor.lib.TypeTest.initialize(TypeTest.java:250)
	at ptolemy.actor.Director.initialize(Director.java:938)
	at ptolemy.actor.Director.initialize(Director.java:907)
	at ptolemy.actor.sched.StaticSchedulingDirector.initialize(StaticSchedulingDirector.java:159)
	at ptolemy.domains.sdf.kernel.SDFDirector.initialize(SDFDirector.java:544)
	at ptolemy.actor.CompositeActor.initialize(CompositeActor.java:935)
	at ptolemy.actor.Manager.initialize(Manager.java:724)
	at ptolemy.actor.Manager.execute(Manager.java:356)
	at ptolemy.actor.Manager.run(Manager.java:1263)
	at ptolemy.actor.Manager$PtolemyRunThread.run(Manager.java:1915)
java.lang.reflect.InvocationTargetException
	at sun.reflect.NativeConstructorAccessorImpl.newInstance0(Native Method)
	at sun.reflect.NativeConstructorAccessorImpl.newInstance(NativeConstructorAccessorImpl.java:62)
	at sun.reflect.DelegatingConstructorAccessorImpl.newInstance(DelegatingConstructorAccessorImpl.java:45)
	at java.lang.reflect.Constructor.newInstance(Constructor.java:423)
	at ptolemy.util.test.junit.AutoKnownFailedTests.RunModel(AutoKnownFailedTests.java:105)
	at sun.reflect.NativeMethodAccessorImpl.invoke0(Native Method)
	at sun.reflect.NativeMethodAccessorImpl.invoke(NativeMethodAccessorImpl.java:62)
	at sun.reflect.DelegatingMethodAccessorImpl.invoke(DelegatingMethodAccessorImpl.java:43)
	at java.lang.reflect.Method.invoke(Method.java:498)
	at org.junit.runners.model.FrameworkMethod$1.runReflectiveCall(FrameworkMethod.java:44)
	at org.junit.internal.runners.model.ReflectiveCallable.run(ReflectiveCallable.java:15)
	at org.junit.runners.model.FrameworkMethod.invokeExplosively(FrameworkMethod.java:41)
	at junitparams.internal.InvokeParameterisedMethod.evaluate(InvokeParameterisedMethod.java:102)
	at org.junit.internal.runners.statements.FailOnTimeout$1.run(FailOnTimeout.java:28)
Caused by: ptolemy.kernel.util.IllegalActionException: TypeTest actor has no training data.
  in .sizedarray3.TypeTest
	at ptolemy.actor.lib.TypeTest.initialize(TypeTest.java:250)
	at ptolemy.actor.Director.initialize(Director.java:938)
	at ptolemy.actor.Director.initialize(Director.java:907)
	at ptolemy.actor.sched.StaticSchedulingDirector.initialize(StaticSchedulingDirector.java:159)
	at ptolemy.domains.sdf.kernel.SDFDirector.initialize(SDFDirector.java:544)
	at ptolemy.actor.CompositeActor.initialize(CompositeActor.java:935)
	at ptolemy.actor.Manager.initialize(Manager.java:724)
	at ptolemy.actor.Manager.execute(Manager.java:356)
	at ptolemy.actor.Manager.run(Manager.java:1263)
	at ptolemy.actor.Manager$PtolemyRunThread.run(Manager.java:1915)
]]></system-err>
</testsuite>
