<?xml version="1.0" encoding="UTF-8" ?>
<testsuite errors="0" failures="0" hostname="travis-job-99dd9717-ee07-46ba-a890-5eb848467cb7" name="ptolemy.domains.de.test.junit.JUnitTclTest" skipped="0" tests="101" time="124.898" timestamp="2018-07-23T01:45:11">
  <properties>
    <property name="npm.executable" value="npm" />
    <property name="file.encoding.pkg" value="sun.io" />
    <property name="ptII.mk.exists" value="true" />
    <property name="env.rvm_bin_path" value="/home/travis/.rvm/bin" />
    <property name="java.home" value="/usr/lib/jvm/java-8-oracle/jre" />
    <property name="env.TRAVIS_JOB_NUMBER" value="663.9" />
    <property name="env.DISPLAY" value=":99.0" />
    <property name="java.net.preferIPv4Stack" value="true" />
    <property name="env.TRAVIS_INIT" value="upstart" />
    <property name="env.SSH_TTY" value="/dev/pts/0" />
    <property name="env.RUN_TESTS" value="false" />
    <property name="timeout.short" value="1000000" />
    <property name="env.TRAVIS_STACK_NODE_ATTRIBUTES" value="/.node-attributes.yml" />
    <property name="junit.formatter" value="xml" />
    <property name="java.endorsed.dirs" value="/usr/lib/jvm/java-8-oracle/jre/lib/endorsed" />
    <property name="env.TRAVIS_SUDO" value="true" />
    <property name="env.LOGNAME" value="travis" />
    <property name="jsdoc.home" value="node_modules/@terraswarm/jsdoc" />
    <property name="debuglevel" value="source,lines,vars" />
    <property name="checkstyle.formatter" value="xml" />
    <property name="bin.vergil.makeable" value="true" />
    <property name="env._system_version" value="14.04" />
    <property name="sun.os.patch.level" value="unknown" />
    <property name="java.vendor.url" value="http://java.oracle.com/" />
    <property name="java.version" value="1.8.0_151" />
    <property name="env.TZ" value="UTC" />
    <property name="env.PT_NO_NET" value="true" />
    <property name="env.TRAVIS_PULL_REQUEST_SHA" value="" />
    <property name="env.TRAVIS_SECURE_ENV_VARS" value="true" />
    <property name="env._system_type" value="Linux" />
    <property name="java.vendor.url.bug" value="http://bugreport.sun.com/bugreport/" />
    <property name="env.SSH_CLIENT" value="10.10.16.9 39256 22" />
    <property name="npmjs-org-is-up" value="true" />
    <property name="env.GEM_HOME" value="/home/travis/.rvm/gems/ruby-2.4.1" />
    <property name="env.HAS_ANTARES_THREE_LITTLE_FRONZIES_BADGE" value="true" />
    <property name="env.PS4" value="+" />
    <property name="ant.project.invoked-targets" value="build,test.core2.xml" />
    <property name="env.TRAVIS_PULL_REQUEST_BRANCH" value="" />
    <property name="env.TRAVIS_REPO_SLUG" value="icyphy/ptII" />
    <property name="node.in.path" value="true" />
    <property name="java.maxmemory" value="1400m" />
    <property name="env.RUBY_VERSION" value="ruby-2.4.1" />
    <property name="user.name" value="travis" />
    <property name="env.LANG" value="en_US.UTF-8" />
    <property name="sun.io.unicode.encoding" value="UnicodeLittle" />
    <property name="sun.jnu.encoding" value="UTF-8" />
    <property name="java.runtime.name" value="Java(TM) SE Runtime Environment" />
    <property name="usefile" value="false" />
    <property name="return.code" value="0" />
    <property name="junit.single.formatter" value="plain" />
    <property name="env.DYLD_LIBRARY_PATH" value="/home/travis/pthla/certi-tools/lib:" />
    <property name="env.DEBIAN_FRONTEND" value="noninteractive" />
    <property name="env.SSH_CONNECTION" value="10.10.16.9 39256 10.20.0.32 22" />
    <property name="env.MYSQL_UNIX_PORT" value="/var/run/mysqld/mysqld.sock" />
    <property name="env.TRAVIS_ALLOW_FAILURE" value="false" />
    <property name="env.LC_ALL" value="en_US.UTF-8" />
    <property name="java.specification.name" value="Java Platform API Specification" />
    <property name="node.works" value="true" />
    <property name="user.timezone" value="" />
    <property name="path.separator" value=":" />
    <property name="env.PYTHON_CFLAGS" value="-g -fstack-protector --param=ssp-buffer-size=4 -Wformat -Werror=format-security" />
    <property name="timeout.long" value="4000000" />
    <property name="env.CERTI_HOME" value="/home/travis/pthla/certi-tools" />
    <property name="file.encoding" value="UTF-8" />
    <property name="ant.file.ptII" value="/home/travis/build/icyphy/ptII/build.xml" />
    <property name="javadoc.packagenames" value="com.*,diva.*,lbnl.*,org.hlacerti.*,org.json.*,org.ptolemy.*,org.terraswarm.*,ptolemy.*,ptserver.*" />
    <property name="env.TRAVIS_PULL_REQUEST_SLUG" value="" />
    <property name="ant.project.default-target" value="build" />
    <property name="env.GIT_ASKPASS" value="echo" />
    <property name="env.HOME" value="/home/travis" />
    <property name="sun.java.command" value="org.apache.tools.ant.taskdefs.optional.junit.JUnitTestRunner ptolemy.domains.de.test.junit.JUnitTclTest skipNonTests=false filtertrace=true haltOnError=false haltOnFailure=false formatter=org.apache.tools.ant.taskdefs.optional.junit.OutErrSummaryJUnitResultFormatter showoutput=true outputtoformatters=true logfailedtests=true threadid=0 logtestlistenerevents=false formatter=org.apache.tools.ant.taskdefs.optional.junit.XMLJUnitResultFormatter,/home/travis/build/icyphy/ptII/reports/junit/TEST-ptolemy.domains.de.test.junit.JUnitTclTest.xml crashfile=/home/travis/build/icyphy/ptII/junitvmwatcher1971862057254620210.properties propsfile=/home/travis/build/icyphy/ptII/junit6974699797111115871.properties" />
    <property name="env.MANPATH" value="/home/travis/.nvm/versions/node/v7.10.1/share/man:/home/travis/.kiex/elixirs/elixir-1.4.5/man:/home/travis/.rvm/rubies/ruby-2.4.1/share/man:/usr/local/man:/usr/local/cmake-3.9.2/man:/usr/local/clang-5.0.0/share/man:/usr/local/share/man:/usr/share/man:/home/travis/.rvm/man" />
    <property name="env.COMPOSER_NO_INTERACTION" value="1" />
    <property name="env.JDK_SWITCHER_DEFAULT" value="oraclejdk8" />
    <property name="ant.file" value="/home/travis/build/icyphy/ptII/build.xml" />
    <property name="env.TRAVIS_COMMIT_RANGE" value="5ba62ff625dde9b561beb5fe06cba0f87ec34e0b...72693d341b4458fb5f029cda4b11b7d68a44a335" />
    <property name="env._system_name" value="Ubuntu" />
    <property name="timeout" value="2400000" />
    <property name="ptII.classpath.optional.property" value="/home/travis/build/icyphy/ptII/lib/bsh-2.0b4.jar:/home/travis/build/icyphy/ptII/lib/ptCal.jar:/home/travis/build/icyphy/ptII/lib/java_cup.jar:/home/travis/build/icyphy/ptII/lib/saxon8.jar:/home/travis/build/icyphy/ptII/lib/saxon8-dom.jar:/home/travis/build/icyphy/ptII/lib/chic.jar:/home/travis/build/icyphy/ptII/lib/ptcolt.jar:/usr/lib/jvm/java-8-oracle/lib/tools.jar:/usr/lib/eclipse/plugins/org.eclipse.jdt.core_3.8.2.dist.jar:/usr/lib/eclipse/plugins/org.eclipse.core.runtime_3.8.0.dist.jar:/usr/lib/eclipse/plugins/org.eclipse.osgi_3.8.1.dist.jar:/usr/lib/eclipse/plugins/org.eclipse.core.resources_3.8.1.dist.jar:/usr/lib/eclipse/plugins/org.eclipse.equinox.common_3.6.100.dist.jar:/usr/lib/eclipse/plugins/org.eclipse.core.jobs_3.5.200.dist.jar:/usr/lib/eclipse/plugins/org.eclipse.core.contenttype_3.4.200.dist.jar:/usr/lib/eclipse/plugins/org.eclipse.equinox.preferences_3.5.0.dist.jar:/usr/lib/eclipse/plugins/org.eclipse.text_3.5.200.dist.jar:/usr/lib/eclipse/plugins/org.eclipse.ui.workbench_3.8.1.dist.jar:/usr/lib/eclipse/plugins/org.eclipse.jface_3.8.0.dist.jar:/usr/lib/eclipse/plugins/org.eclipse.swt_3.8.2.jar:/usr/lib/eclipse/plugins/org.eclipse.jface.text_3.8.1.dist.jar:/usr/lib/eclipse/plugins/org.eclipse.ui.workbench.texteditor_3.8.0.dist.jar:/usr/lib/eclipse/plugins/org.eclipse.ui.editors_3.8.0.dist.jar:/usr/lib/eclipse/plugins/org.eclipse.core.commands_3.6.1.dist.jar:/usr/lib/eclipse/plugins/org.eclipse.equinox.registry_3.5.200.dist.jar:/usr/lib/eclipse/plugins/org.eclipse.ui.console_3.5.100.dist.jar:/usr/lib/eclipse/plugins/org.eclipse.ui.forms_3.5.200.dist.jar:/usr/lib/eclipse/plugins/org.eclipse.ui.ide_3.8.1.dist.jar:/home/travis/build/icyphy/ptII/vendors/oracle/dbxml.jar:/home/travis/build/icyphy/ptII/vendors/oracle/db.jar:/home/travis/build/icyphy/ptII/vendors/misc/itext/iText.jar:/home/travis/build/icyphy/ptII/lib/g4ltl.jar:/home/travis/build/icyphy/ptII/lib/StructuralCoder.jar:/home/travis/build/icyphy/ptII/lib/org-openide-util.jar:/home/travis/build/icyphy/ptII/lib/org-openide-util-lookup.jar:/home/travis/build/icyphy/ptII/lib/org-netbeans-api-visual.jar:/home/travis/build/icyphy/ptII/vendors/jai-1_1_2_01/lib/jai_core.jar:/home/travis/build/icyphy/ptII/vendors/jai-1_1_2_01/lib/jai_codec.jar:/home/travis/build/icyphy/ptII/lib/jcerti.jar:/home/travis/build/icyphy/ptII/lib/smack.jar:/home/travis/build/icyphy/ptII/lib/smackx.jar:/home/travis/build/icyphy/ptII/lib/jetty-all-8.1.5-v20120716.jar:/home/travis/build/icyphy/ptII/lib/javax.servlet-api-3.0.1.jar:/home/travis/build/icyphy/ptII/lib/javax.mail.jar:/home/travis/build/icyphy/ptII/vendors/JMF-2.1.1e/lib/jmf.jar:/home/travis/build/icyphy/ptII/lib/jna-4.0.0-variadic.jar:/home/travis/build/icyphy/ptII/vendors/misc/joystick/Joystick.jar:/home/travis/build/icyphy/ptII/lib/ptjacl.jar:/home/travis/build/icyphy/ptII/lib/jsoup-1.8.2.jar:/home/travis/build/icyphy/ptII/lib/junit-4.8.2.jar:/home/travis/build/icyphy/ptII/lib/JUnitParams-0.4.0.jar:/home/travis/build/icyphy/ptII/ptolemy/actor/lib/excel/jxl.jar:/home/travis/build/icyphy/ptII/lib/jython.jar:/home/travis/build/icyphy/ptII/lib/kieler.jar:/home/travis/build/icyphy/ptII/vendors/opencv/share/OpenCV/java/opencv-341.jar:/home/travis/build/icyphy/ptII/lib/oscP5.jar:/home/travis/build/icyphy/ptII/lib/nrjavaserial-3.11.0.devel.jar:/home/travis/build/icyphy/ptII/vendors/j3d/lib/j3dcore.jar:/home/travis/build/icyphy/ptII/vendors/j3d/lib/j3dutils.jar:/home/travis/build/icyphy/ptII/vendors/j3d/lib/vecmath.jar:/home/travis/build/icyphy/ptII/ptolemy/distributed/jini/jar/jini-core.jar:/home/travis/build/icyphy/ptII/ptolemy/distributed/jini/jar/jini-ext.jar:/home/travis/build/icyphy/ptII/ptolemy/distributed/jini/jar/sun-util.jar:/home/travis/build/icyphy/ptII/lib/protobuf-java-2.4.1.jar:/home/travis/build/icyphy/ptII/lib/org.eclipse.paho.client.mqttv3.jar:/home/travis/build/icyphy/ptII/ptserver/lib/hessian-4.0.7.jar:/home/travis/build/icyphy/ptII/ptserver/lib/wmqtt.jar:/home/travis/build/icyphy/ptII/lib/mapss.jar:/home/travis/build/icyphy/ptII/ptolemy/actor/ptalon/antlr/antlr.jar:/home/travis/build/icyphy/ptII/lib/JRI.jar:/home/travis/build/icyphy/ptII/lib/commons-lang-2.6.jar:/home/travis/build/icyphy/ptII/lib/commons-logging-1.1.1.jar:/home/travis/build/icyphy/ptII/lib/sootclasses.jar:/home/travis/build/icyphy/ptII/ptolemy/actor/lib/database/mysql-connector-java-5.1.6-bin.jar:/home/travis/build/icyphy/ptII/vendors/misc/sphinx4/sphinx4-data-5prealpha.jar:/home/travis/build/icyphy/ptII/vendors/misc/sphinx4/sphinx4-core-5prealpha.jar:/home/travis/build/icyphy/ptII/lib/PDFRenderer.jar:/home/travis/build/icyphy/ptII/lib/svgSalamander.jar:/home/travis/build/icyphy/ptII/lib/rsyntaxtextarea-2.6.0-SNAPSHOT.jar:/home/travis/build/icyphy/ptII/lib/hazelcast-3.8.2.jar:/home/travis/build/icyphy/ptII/lib/jackson-annotations-2.9.0.jar:/home/travis/build/icyphy/ptII/lib/jackson-core-2.9.3.jar:/home/travis/build/icyphy/ptII/lib/jackson-databind-2.9.3.jar:/home/travis/build/icyphy/ptII/lib/netty-buffer-4.1.19.Final.jar:/home/travis/build/icyphy/ptII/lib/netty-codec-4.1.19.Final.jar:/home/travis/build/icyphy/ptII/lib/netty-codec-dns-4.1.19.Final.jar:/home/travis/build/icyphy/ptII/lib/netty-codec-http-4.1.19.Final.jar:/home/travis/build/icyphy/ptII/lib/netty-codec-http2-4.1.19.Final.jar:/home/travis/build/icyphy/ptII/lib/netty-common-4.1.19.Final.jar:/home/travis/build/icyphy/ptII/lib/netty-handler-4.1.19.Final.jar:/home/travis/build/icyphy/ptII/lib/netty-resolver-4.1.19.Final.jar:/home/travis/build/icyphy/ptII/lib/netty-resolver-dns-4.1.19.Final.jar:/home/travis/build/icyphy/ptII/lib/netty-transport-4.1.19.Final.jar:/home/travis/build/icyphy/ptII/lib/vertx-codegen-3.5.1.jar:/home/travis/build/icyphy/ptII/lib/vertx-core-3.5.2-SNAPSHOT.jar:/home/travis/build/icyphy/ptII/lib/vertx-hazelcast-3.5.1.jar:/home/travis/build/icyphy/ptII/lib/vertx-lang-js-3.5.1.jar:/home/travis/build/icyphy/ptII/lib/vertx-service-proxy-3.5.1.jar:/home/travis/build/icyphy/ptII/lib/vertx-web-3.5.1.jar:/home/travis/build/icyphy/ptII/lib/slf4j-api-1.7.13.jar:/home/travis/build/icyphy/ptII/lib/slf4j-simple-1.7.13.jar:/home/travis/build/icyphy/ptII/lib/webcam-capture-0.3.12.jar:/home/travis/build/icyphy/ptII/lib/bridj-0.7.0.jar:/home/travis/build/icyphy/ptII/lib/xbjlib-1.1.0.nrjavaserial.jar" />
    <property name="test.batch" value="**/junit/*.java" />
    <property name="env._" value="/usr/bin/timeout" />
    <property name="java.io.tmpdir" value="/tmp" />
    <property name="user.language" value="en" />
    <property name="env.HISTCONTROL" value="ignoredups:ignorespace" />
    <property name="env.GOROOT" value="/home/travis/.gimme/versions/go1.7.4.linux.amd64" />
    <property name="line.separator" value="&#xa;" />
    <property name="target" value="1.8" />
    <property name="env.TRAVIS_BUILD_DIR" value="/home/travis/build/icyphy/ptII" />
    <property name="env.ANT_OPTS" value="-Xmx2048m" />
    <property name="ant.file.type" value="file" />
    <property name="ptolemy.ptII.batchMode" value="true" />
    <property name="env.HISTSIZE" value="1000" />
    <property name="env.MERB_ENV" value="test" />
    <property name="java.vm.info" value="mixed mode" />
    <property name="source" value="1.8" />
    <property name="java.vm.specification.name" value="Java Virtual Machine Specification" />
    <property name="env.TRAVIS_TEST_RESULT" value="0" />
    <property name="jsdoc.command" value="node_modules/@terraswarm/jsdoc/jsdoc.js" />
    <property name="npm.works" value="true" />
    <property name="cobertura.dir" value="/home/travis/build/icyphy/ptII/vendors/cobertura-2.0.3" />
    <property name="env.rvm_path" value="/home/travis/.rvm" />
    <property name="env.GEM_PATH" value="/home/travis/.rvm/gems/ruby-2.4.1:/home/travis/.rvm/gems/ruby-2.4.1@global" />
    <property name="env.LC_CTYPE" value="en_US.UTF-8" />
    <property name="java.awt.printerjob" value="sun.print.PSPrinterJob" />
    <property name="env.TRAVIS_STACK_NAME" value="garnet" />
    <property name="ant.version" value="Apache Ant(TM) version 1.10.1 compiled on February 2 2017" />
    <property name="ptII.reports" value="/home/travis/build/icyphy/ptII/reports" />
    <property name="env.TRAVIS_STACK_TIMESTAMP" value="2017-12-05 19:33:09 UTC" />
    <property name="ant.file.type.ptII" value="file" />
    <property name="env.RBENV_SHELL" value="bash" />
    <property name="os.name" value="Linux" />
    <property name="java.specification.vendor" value="Oracle Corporation" />
    <property name="env.rvm_version" value="1.29.3 (latest)" />
    <property name="env.TERM" value="xterm" />
    <property name="java.vm.name" value="Java HotSpot(TM) 64-Bit Server VM" />
    <property name="env.TRAVIS_BUILD_NUMBER" value="663" />
    <property name="env.CI" value="true" />
    <property name="java.library.path" value="/home/travis/pthla/certi-tools/lib:/usr/lib/jni:/usr/local/share/OpenCV/java/:/usr/share/OpenCV/java::/usr/java/packages/lib/amd64:/usr/lib64:/lib64:/lib:/usr/lib" />
    <property name="env.rvm_prefix" value="/home/travis" />
    <property name="env.PATH" value="/home/travis/pthla/certi-tools/share/scripts:/home/travis/.rvm/gems/ruby-2.4.1/bin:/home/travis/.rvm/gems/ruby-2.4.1@global/bin:/home/travis/.rvm/rubies/ruby-2.4.1/bin:/home/travis/.rvm/bin:/home/travis/.nvm/versions/node/v7.10.1/bin:./node_modules/.bin:/home/travis/build/icyphy/ptII/bin:/home/travis/pthla/certi-tools/bin:/home/travis/bin:/home/travis/.local/bin:/opt/pyenv/shims:/home/travis/.phpenv/shims:/home/travis/perl5/perlbrew/bin:/home/travis/.kiex/elixirs/elixir-1.4.5/bin:/home/travis/.kiex/bin:/home/travis/gopath/bin:/home/travis/.gimme/versions/go1.7.4.linux.amd64/bin:/usr/local/phantomjs/bin:/usr/local/phantomjs:/usr/local/neo4j-3.2.7/bin:/usr/local/maven-3.5.2/bin:/usr/local/cmake-3.9.2/bin:/usr/local/clang-5.0.0/bin:/usr/local/sbin:/usr/local/bin:/usr/sbin:/usr/bin:/sbin:/bin:/home/travis/.phpenv/bin:/opt/pyenv/bin:/home/travis/.yarn/bin" />
    <property name="env.TRAVIS_OS_NAME" value="linux" />
    <property name="ant.java.version" value="1.8" />
    <property name="basedir" value="/home/travis/build/icyphy/ptII" />
    <property name="java.class.version" value="52.0" />
    <property name="env.SHLVL" value="3" />
    <property name="env.LD_LIBRARY_PATH" value="/home/travis/pthla/certi-tools/lib:/usr/lib/jni:/usr/local/share/OpenCV/java/:/usr/share/OpenCV/java:" />
    <property name="env.RACK_ENV" value="test" />
    <property name="ant.home" value="/home/travis/build/icyphy/ptII/ant" />
    <property name="env.NVM_DIR" value="/home/travis/.nvm" />
    <property name="env.PERLBREW_BASHRC_VERSION" value="0.80" />
    <property name="env.CERTI_FOM_PATH" value="/home/travis/pthla/certi-tools/share/federations" />
    <property name="env.TRAVIS_BUILD_ID" value="406958841" />
    <property name="env.PYENV_ROOT" value="/opt/pyenv" />
    <property name="env.TRAVIS_UID" value="2000" />
    <property name="env.rvm_pretty_print_flag" value="auto" />
    <property name="env.NVM_BIN" value="/home/travis/.nvm/versions/node/v7.10.1/bin" />
    <property name="env.TRAVIS_COMMIT" value="72693d341b4458fb5f029cda4b11b7d68a44a335" />
    <property name="env._system_arch" value="x86_64" />
    <property name="node.executable" value="node" />
    <property name="sun.boot.library.path" value="/usr/lib/jvm/java-8-oracle/jre/lib/amd64" />
    <property name="sun.management.compiler" value="HotSpot 64-Bit Tiered Compilers" />
    <property name="env.GOPATH" value="/home/travis/gopath" />
    <property name="java.awt.graphicsenv" value="sun.awt.X11GraphicsEnvironment" />
    <property name="ptolemy.ptII.dir" value="/home/travis/build/icyphy/ptII" />
    <property name="env.USER" value="travis" />
    <property name="env.HISTFILESIZE" value="2000" />
    <property name="timeout.longest" value="19000000" />
    <property name="env.TRAVIS_STACK_FEATURES" value="basic cassandra chromium couchdb disabled-ipv6 docker docker-compose elasticsearch firefox go-toolchain google-chrome jdk memcached mongodb mysql neo4j nodejs_interpreter perl_interpreter perlbrew phantomjs postgresql python_interpreter rabbitmq redis riak ruby_interpreter sqlite xserver" />
    <property name="env.TRAVIS_PULL_REQUEST" value="false" />
    <property name="env.PYENV_SHELL" value="bash" />
    <property name="ant.project.name" value="ptII" />
    <property name="java.vm.specification.version" value="1.8" />
    <property name="env.TRAVIS_DIST" value="trusty" />
    <property name="env.CERTI_VERSION" value="4.0.0" />
    <property name="env.NLSPATH" value="/usr/dt/lib/nls/msg/%L/%N.cat" />
    <property name="awt.toolkit" value="sun.awt.X11.XToolkit" />
    <property name="env.CERTI_HOST" value="localhost" />
    <property name="env.MY_RUBY_HOME" value="/home/travis/.rvm/rubies/ruby-2.4.1" />
    <property name="sun.cpu.isalist" value="" />
    <property name="java.ext.dirs" value="/usr/lib/jvm/java-8-oracle/jre/lib/ext:/usr/java/packages/lib/ext" />
    <property name="os.version" value="4.4.0-101-generic" />
    <property name="user.home" value="/home/travis" />
    <property name="env.MIX_ARCHIVES" value="/home/travis/.kiex/mix/elixir-1.4.5" />
    <property name="java.vm.vendor" value="Oracle Corporation" />
    <property name="env.TRAVIS_TAG" value="nightly" />
    <property name="env.TRAVIS_FILTERED" value="redirect_io" />
    <property name="env.JAVA_HOME" value="/usr/lib/jvm/java-8-oracle" />
    <property name="env.PTII" value="/home/travis/build/icyphy/ptII" />
    <property name="javadoc.excludepackagenames" value="adm.cvs2svn.*,build.*,config.*,doc.coding.templates.*,jni.test.jni.meaningOfLife.*,jni.test.jni.testDeux.*,jni.test.jni.testTrois.*,org.terraswarm.accessor.accessors.web.node_modules.*,org.terraswarm.accessor.accessors.web.hosts.cordova.demo.*,org.terraswarm.accessor.accessors.web.hosts.cordova.plugins.*,org.terraswarm.accessor.accessors-svn.*,pt-modules.*,ptolemy.apps.agilent.*,ptolemy.apps.anytimecontrol.*,ptolemy.apps.apes.*,ptolemy.apps.charon.*,ptolemy.apps.crazyboard.*,ptolemy.apps.eclipse.*,ptolemy.apps.etherealSting.*,ptolemy.apps.fullscreen.*,ptolemy.apps.giotto.*,ptolemy.apps.ia.*,ptolemy.apps.interfaces.*,ptolemy.apps.jmf.*,ptolemy.apps.kurt.*,ptolemy.apps.kvm.*,ptolemy.apps.lego.*,ptolemy.apps.lejos.*,ptolemy.apps.midp.*,ptolemy.apps.mobileCoding.*,ptolemy.apps.pendulum.*,ptolemy.apps.rijndael.*,ptolemy.apps.robot.*,ptolemy.apps.security.*,ptolemy.apps.sobel.*,ptolemy.apps.soot.*,ptolemy.apps.throttle.*,ptolemy.apps.tini.*,ptolemy.apps.transmission.*,ptolemy.apps.vergil.*,ptolemy.apps.waba.*,ptolemy.apps.websensor.*,ptolemy.apps.webstart.*,ptolemy.apps.xsl.*,ptolemy.apps.zaurus.*,ptolemy.backtrack.eclipse.plugin.*,ptolemy.backtrack.test.*,ptolemy.codegen.c.actor.lib.oldJavaFiles.*,ptolemy.codegen.dsp.lib.*,ptolemy.codegen.kernel.newInterfaces.*,ptolemy.codegen.lib.*,ptolemy.copernicus.kernel.fragment.*,ptolemy.copernicus.shallow.cg.*,ptolemy.domains.giotto.demo.Hierarchy.Hierarchy.*,ptolemy.domains.giotto.demo.Multimode.Multimode.*,ptolemy.domains.giotto.demo.Simple.Simple.*,ptolemy.domains.gr.lib.experimental.*,ptolemy.domains.gro.*,ptolemy.domains.pdf.*,ptolemy.domains.ptinyos.demo.Surge.output.*,ptolemy.moml.test.NoPackageActor.java*,ptolemy.plot.adm.*,ptolemy.plot.servlet.*,reports.*,signed.*,src.*,target.*,vendors.*,ptolemy.cg.adapter.generic.program.procedural.c.mbed*,ptolemy.actor.lib.fmi.fmus.omc*,ptolemy.domains.openmodelica*,ptdb.kernel.bl.save.test.*,ptdb.kernel.bl.load.test.*,ptdb.kernel.bl.search.test.*,ptdb.kernel.bl.migration.test.*,ptdb.kernel.database.test.*,ptdb.test.*,ptdb.gui.test.*,org.ptolemy.scala.*,diva.util.java2d.svg.*,ptolemy.domains.ptinyos.*,ptolemy.actor.lib.fmi.fmipp.*,,org.terraswarm.accessor.accessors.web.node_modules.*,org.terraswarm.accessor.accessors-svn,ptolemy.apps.*,ptolemy.actor.ptalon.demo.ptinyos.SendAndReceiveCnt.output,ptolemy.actor.ptalon.demo.ptinyos.SenseToLeds.output,ptolemy.domains.ptinyos.demo.CntToLedsAndRfm.output,ptolemy.domains.ptinyos.demo.RfmToLeds.output,ptolemy.domains.ptinyos.demo.SendAndReceiveCnt.output,ptolemy.domains.ptinyos.demo.SenseToLeds.output,ptolemy.actor.lib.jjs.modules.udpSocket.*" />
    <property name="env.TRAVIS_COMMIT_MESSAGE" value="Added accessor name to monitoring data structure. Added ability to deeply monitor." />
    <property name="keystore" value="ptKeystore" />
    <property name="env.XDG_SESSION_ID" value="2" />
    <property name="junit.output.dir" value="/home/travis/build/icyphy/ptII/reports/junit" />
    <property name="npm.return.code" value="0" />
    <property name="user.dir" value="/home/travis/build/icyphy/ptII/ptolemy/domains/de/test" />
    <property name="env.TRAVIS_NODE_VERSION" value="7" />
    <property name="env.XFILESEARCHPATH" value="/usr/dt/app-defaults/%L/Dt" />
    <property name="env.TRAVIS_EVENT_TYPE" value="cron" />
    <property name="env.MAIL" value="/var/mail/travis" />
    <property name="env.PERLBREW_ROOT" value="/home/travis/perl5/perlbrew" />
    <property name="env.PWD" value="/home/travis/build/icyphy/ptII" />
    <property name="timeout.npm" value="45000" />
    <property name="env.PT_TRAVIS_TEST_CORE2_XML" value="true" />
    <property name="env.PAGER" value="cat" />
    <property name="sun.cpu.endian" value="little" />
    <property name="env.TRAVIS_BUILD_STAGE_NAME" value="Test" />
    <property name="env.PERLBREW_HOME" value="/home/travis/.perlbrew" />
    <property name="env.RAILS_ENV" value="test" />
    <property name="java.vm.version" value="25.151-b12" />
    <property name="java.class.path" value="/home/travis/build/icyphy/ptII:/home/travis/build/icyphy/ptII/lib/bsh-2.0b4.jar:/home/travis/build/icyphy/ptII/lib/ptCal.jar:/home/travis/build/icyphy/ptII/lib/java_cup.jar:/home/travis/build/icyphy/ptII/lib/saxon8.jar:/home/travis/build/icyphy/ptII/lib/saxon8-dom.jar:/home/travis/build/icyphy/ptII/lib/chic.jar:/home/travis/build/icyphy/ptII/lib/ptcolt.jar:/usr/lib/jvm/java-8-oracle/lib/tools.jar:/usr/lib/eclipse/plugins/org.eclipse.jdt.core_3.8.2.dist.jar:/usr/lib/eclipse/plugins/org.eclipse.core.runtime_3.8.0.dist.jar:/usr/lib/eclipse/plugins/org.eclipse.osgi_3.8.1.dist.jar:/usr/lib/eclipse/plugins/org.eclipse.core.resources_3.8.1.dist.jar:/usr/lib/eclipse/plugins/org.eclipse.equinox.common_3.6.100.dist.jar:/usr/lib/eclipse/plugins/org.eclipse.core.jobs_3.5.200.dist.jar:/usr/lib/eclipse/plugins/org.eclipse.core.contenttype_3.4.200.dist.jar:/usr/lib/eclipse/plugins/org.eclipse.equinox.preferences_3.5.0.dist.jar:/usr/lib/eclipse/plugins/org.eclipse.text_3.5.200.dist.jar:/usr/lib/eclipse/plugins/org.eclipse.ui.workbench_3.8.1.dist.jar:/usr/lib/eclipse/plugins/org.eclipse.jface_3.8.0.dist.jar:/usr/lib/eclipse/plugins/org.eclipse.swt_3.8.2.jar:/usr/lib/eclipse/plugins/org.eclipse.jface.text_3.8.1.dist.jar:/usr/lib/eclipse/plugins/org.eclipse.ui.workbench.texteditor_3.8.0.dist.jar:/usr/lib/eclipse/plugins/org.eclipse.ui.editors_3.8.0.dist.jar:/usr/lib/eclipse/plugins/org.eclipse.core.commands_3.6.1.dist.jar:/usr/lib/eclipse/plugins/org.eclipse.equinox.registry_3.5.200.dist.jar:/usr/lib/eclipse/plugins/org.eclipse.ui.console_3.5.100.dist.jar:/usr/lib/eclipse/plugins/org.eclipse.ui.forms_3.5.200.dist.jar:/usr/lib/eclipse/plugins/org.eclipse.ui.ide_3.8.1.dist.jar:/home/travis/build/icyphy/ptII/vendors/oracle/dbxml.jar:/home/travis/build/icyphy/ptII/vendors/oracle/db.jar:/home/travis/build/icyphy/ptII/vendors/misc/itext/iText.jar:/home/travis/build/icyphy/ptII/lib/g4ltl.jar:/home/travis/build/icyphy/ptII/lib/StructuralCoder.jar:/home/travis/build/icyphy/ptII/lib/org-openide-util.jar:/home/travis/build/icyphy/ptII/lib/org-openide-util-lookup.jar:/home/travis/build/icyphy/ptII/lib/org-netbeans-api-visual.jar:/home/travis/build/icyphy/ptII/vendors/jai-1_1_2_01/lib/jai_core.jar:/home/travis/build/icyphy/ptII/vendors/jai-1_1_2_01/lib/jai_codec.jar:/home/travis/build/icyphy/ptII/lib/jcerti.jar:/home/travis/build/icyphy/ptII/lib/smack.jar:/home/travis/build/icyphy/ptII/lib/smackx.jar:/home/travis/build/icyphy/ptII/lib/jetty-all-8.1.5-v20120716.jar:/home/travis/build/icyphy/ptII/lib/javax.servlet-api-3.0.1.jar:/home/travis/build/icyphy/ptII/lib/javax.mail.jar:/home/travis/build/icyphy/ptII/vendors/JMF-2.1.1e/lib/jmf.jar:/home/travis/build/icyphy/ptII/lib/jna-4.0.0-variadic.jar:/home/travis/build/icyphy/ptII/vendors/misc/joystick/Joystick.jar:/home/travis/build/icyphy/ptII/lib/ptjacl.jar:/home/travis/build/icyphy/ptII/lib/jsoup-1.8.2.jar:/home/travis/build/icyphy/ptII/lib/junit-4.8.2.jar:/home/travis/build/icyphy/ptII/lib/JUnitParams-0.4.0.jar:/home/travis/build/icyphy/ptII/ptolemy/actor/lib/excel/jxl.jar:/home/travis/build/icyphy/ptII/lib/jython.jar:/home/travis/build/icyphy/ptII/lib/kieler.jar:/home/travis/build/icyphy/ptII/vendors/opencv/share/OpenCV/java/opencv-341.jar:/home/travis/build/icyphy/ptII/lib/oscP5.jar:/home/travis/build/icyphy/ptII/lib/nrjavaserial-3.11.0.devel.jar:/home/travis/build/icyphy/ptII/vendors/j3d/lib/j3dcore.jar:/home/travis/build/icyphy/ptII/vendors/j3d/lib/j3dutils.jar:/home/travis/build/icyphy/ptII/vendors/j3d/lib/vecmath.jar:/home/travis/build/icyphy/ptII/ptolemy/distributed/jini/jar/jini-core.jar:/home/travis/build/icyphy/ptII/ptolemy/distributed/jini/jar/jini-ext.jar:/home/travis/build/icyphy/ptII/ptolemy/distributed/jini/jar/sun-util.jar:/home/travis/build/icyphy/ptII/lib/protobuf-java-2.4.1.jar:/home/travis/build/icyphy/ptII/lib/org.eclipse.paho.client.mqttv3.jar:/home/travis/build/icyphy/ptII/ptserver/lib/hessian-4.0.7.jar:/home/travis/build/icyphy/ptII/ptserver/lib/wmqtt.jar:/home/travis/build/icyphy/ptII/lib/mapss.jar:/home/travis/build/icyphy/ptII/ptolemy/actor/ptalon/antlr/antlr.jar:/home/travis/build/icyphy/ptII/lib/JRI.jar:/home/travis/build/icyphy/ptII/lib/commons-lang-2.6.jar:/home/travis/build/icyphy/ptII/lib/commons-logging-1.1.1.jar:/home/travis/build/icyphy/ptII/lib/sootclasses.jar:/home/travis/build/icyphy/ptII/ptolemy/actor/lib/database/mysql-connector-java-5.1.6-bin.jar:/home/travis/build/icyphy/ptII/vendors/misc/sphinx4/sphinx4-data-5prealpha.jar:/home/travis/build/icyphy/ptII/vendors/misc/sphinx4/sphinx4-core-5prealpha.jar:/home/travis/build/icyphy/ptII/lib/PDFRenderer.jar:/home/travis/build/icyphy/ptII/lib/svgSalamander.jar:/home/travis/build/icyphy/ptII/lib/rsyntaxtextarea-2.6.0-SNAPSHOT.jar:/home/travis/build/icyphy/ptII/lib/hazelcast-3.8.2.jar:/home/travis/build/icyphy/ptII/lib/jackson-annotations-2.9.0.jar:/home/travis/build/icyphy/ptII/lib/jackson-core-2.9.3.jar:/home/travis/build/icyphy/ptII/lib/jackson-databind-2.9.3.jar:/home/travis/build/icyphy/ptII/lib/netty-buffer-4.1.19.Final.jar:/home/travis/build/icyphy/ptII/lib/netty-codec-4.1.19.Final.jar:/home/travis/build/icyphy/ptII/lib/netty-codec-dns-4.1.19.Final.jar:/home/travis/build/icyphy/ptII/lib/netty-codec-http-4.1.19.Final.jar:/home/travis/build/icyphy/ptII/lib/netty-codec-http2-4.1.19.Final.jar:/home/travis/build/icyphy/ptII/lib/netty-common-4.1.19.Final.jar:/home/travis/build/icyphy/ptII/lib/netty-handler-4.1.19.Final.jar:/home/travis/build/icyphy/ptII/lib/netty-resolver-4.1.19.Final.jar:/home/travis/build/icyphy/ptII/lib/netty-resolver-dns-4.1.19.Final.jar:/home/travis/build/icyphy/ptII/lib/netty-transport-4.1.19.Final.jar:/home/travis/build/icyphy/ptII/lib/vertx-codegen-3.5.1.jar:/home/travis/build/icyphy/ptII/lib/vertx-core-3.5.2-SNAPSHOT.jar:/home/travis/build/icyphy/ptII/lib/vertx-hazelcast-3.5.1.jar:/home/travis/build/icyphy/ptII/lib/vertx-lang-js-3.5.1.jar:/home/travis/build/icyphy/ptII/lib/vertx-service-proxy-3.5.1.jar:/home/travis/build/icyphy/ptII/lib/vertx-web-3.5.1.jar:/home/travis/build/icyphy/ptII/lib/slf4j-api-1.7.13.jar:/home/travis/build/icyphy/ptII/lib/slf4j-simple-1.7.13.jar:/home/travis/build/icyphy/ptII/lib/webcam-capture-0.3.12.jar:/home/travis/build/icyphy/ptII/lib/bridj-0.7.0.jar:/home/travis/build/icyphy/ptII/lib/xbjlib-1.1.0.nrjavaserial.jar:/home/travis/build/icyphy/ptII/ptolemy/moml/test:/home/travis/build/icyphy/ptII/ant/lib/ant-launcher.jar:/home/travis/build/icyphy/ptII/ant/lib/ant.jar:/home/travis/build/icyphy/ptII/ant/lib/ant-junit.jar:/home/travis/build/icyphy/ptII/ant/lib/ant-junit4.jar" />
    <property name="ant.library.dir" value="/home/travis/build/icyphy/ptII/ant/lib" />
    <property name="os.arch" value="amd64" />
    <property name="env.TRAVIS_LANGUAGE" value="node_js" />
    <property name="env.CONTINUOUS_INTEGRATION" value="true" />
    <property name="env.TRAVIS_STACK_LANGUAGES" value="__garnet__ c c++ clojure cplusplus cpp default go groovy java node_js php pure_java python ruby scala" />
    <property name="test.name" value="ptolemy.actor.lib.test.junit.JUnitTclTest" />
    <property name="sun.java.launcher" value="SUN_STANDARD" />
    <property name="env.PYTHON_CONFIGURE_OPTS" value="--enable-unicode=ucs4 --with-wide-unicode --enable-shared --enable-ipv6 --enable-loadable-sqlite-extensions --with-computed-gotos" />
    <property name="ant.core.lib" value="/home/travis/build/icyphy/ptII/ant/lib/ant.jar" />
    <property name="java.vm.specification.vendor" value="Oracle Corporation" />
    <property name="env.BCVTB_HOME" value="/home/travis/build/icyphy/ptII/lbnl" />
    <property name="file.separator" value="/" />
    <property name="java.runtime.version" value="1.8.0_151-b12" />
    <property name="spotbugs.home" value="/home/travis/build/icyphy/ptII/vendors/spotbugs-3.1.1" />
    <property name="sun.boot.class.path" value="/usr/lib/jvm/java-8-oracle/jre/lib/resources.jar:/usr/lib/jvm/java-8-oracle/jre/lib/rt.jar:/usr/lib/jvm/java-8-oracle/jre/lib/sunrsasign.jar:/usr/lib/jvm/java-8-oracle/jre/lib/jsse.jar:/usr/lib/jvm/java-8-oracle/jre/lib/jce.jar:/usr/lib/jvm/java-8-oracle/jre/lib/charsets.jar:/usr/lib/jvm/java-8-oracle/jre/lib/jfr.jar:/usr/lib/jvm/java-8-oracle/jre/classes" />
    <property name="env.HAS_JOSH_K_SEAL_OF_APPROVAL" value="true" />
    <property name="env.XDG_RUNTIME_DIR" value="/run/user/2000" />
    <property name="env.TRAVIS_OSX_IMAGE" value="" />
    <property name="env.TRAVIS_BRANCH" value="master" />
    <property name="env.TRAVIS_JOB_ID" value="406958850" />
    <property name="user.country" value="US" />
    <property name="env.CERTI_HOME_TRAVIS" value="/home/travis/pthla/certi-tools" />
    <property name="env.SHELL" value="/bin/bash" />
    <property name="java.maxmemory.large" value="5000m" />
    <property name="model" value="" />
    <property name="env.CASHER_DIR" value="/home/travis/.casher" />
    <property name="env.NVM_CD_FLAGS" value="" />
    <property name="jshint.executable" value="/home/travis/node_modules/jshint/bin/jshint" />
    <property name="java.vendor" value="Oracle Corporation" />
    <property name="env.JRUBY_OPTS" value=" --client -J-XX:+TieredCompilation -J-XX:TieredStopAtLevel=1 -J-Xss2m -Xcompile.invokedynamic=false" />
    <property name="env.TRAVIS_PRE_CHEF_BOOTSTRAP_TIME" value="2017-12-05T19:32:55" />
    <property name="env.ELIXIR_VERSION" value="1.4.5" />
    <property name="env.TRAVIS_STACK_JOB_BOARD_REGISTER" value="/.job-board-register.yml" />
    <property name="java.specification.version" value="1.8" />
    <property name="env.TRAVIS" value="true" />
    <property name="env.IRBRC" value="/home/travis/.rvm/rubies/ruby-2.4.1/.irbrc" />
    <property name="sun.arch.data.model" value="64" />
  </properties>
  <testcase classname="ptolemy.util.test.junit.TclTests" name="[0] /home/travis/build/icyphy/ptII/ptolemy/domains/de/test/DependencyLoop.tcl (RunTclFile)" time="0.762" />
  <testcase classname="ptolemy.util.test.junit.TclTests" name="[1] /home/travis/build/icyphy/ptII/ptolemy/domains/de/test/RunDETestsAsQSS.tcl (RunTclFile)" time="85.308" />
  <testcase classname="ptolemy.util.test.junit.AutoKnownFailedTests" name="[0] /home/travis/build/icyphy/ptII/ptolemy/domains/de/test/auto/knownFailedTests/DESDFClockTest.xml (RunModel)" time="2.038" />
  <testcase classname="ptolemy.util.test.junit.AutoKnownFailedTests" name="[1] /home/travis/build/icyphy/ptII/ptolemy/domains/de/test/auto/knownFailedTests/DirectFeedback.xml (RunModel)" time="0.016" />
  <testcase classname="ptolemy.util.test.junit.AutoKnownFailedTests" name="[2] /home/travis/build/icyphy/ptII/ptolemy/domains/de/test/auto/knownFailedTests/FSMSource.xml (RunModel)" time="0.028" />
  <testcase classname="ptolemy.util.test.junit.AutoKnownFailedTests" name="[3] /home/travis/build/icyphy/ptII/ptolemy/domains/de/test/auto/knownFailedTests/HierarchicalModel.xml (RunModel)" time="0.046" />
  <testcase classname="ptolemy.util.test.junit.AutoKnownFailedTests" name="[4] /home/travis/build/icyphy/ptII/ptolemy/domains/de/test/auto/knownFailedTests/dependencyLoop.xml (RunModel)" time="0.04" />
  <testcase classname="ptolemy.util.test.junit.AutoKnownFailedTests" name="[5] /home/travis/build/icyphy/ptII/ptolemy/domains/de/test/auto/knownFailedTests/dependencyLoop2.xml (RunModel)" time="0.036" />
  <testcase classname="ptolemy.util.test.junit.AutoNameArchTests" name="[0] ThereAreNoAutoArchTests (RunModel)" time="0.004" />
  <testcase classname="ptolemy.util.test.junit.AutoTests" name="[0] /home/travis/build/icyphy/ptII/ptolemy/domains/de/test/auto/ActorDepthCalculation_actorWithoutPorts.xml (RunModel)" time="0.016" />
  <testcase classname="ptolemy.util.test.junit.AutoTests" name="[1] /home/travis/build/icyphy/ptII/ptolemy/domains/de/test/auto/AssemblyLine.xml (RunModel)" time="0.018" />
  <testcase classname="ptolemy.util.test.junit.AutoTests" name="[2] /home/travis/build/icyphy/ptII/ptolemy/domains/de/test/auto/CQBug1.xml (RunModel)" time="0.013" />
  <testcase classname="ptolemy.util.test.junit.AutoTests" name="[3] /home/travis/build/icyphy/ptII/ptolemy/domains/de/test/auto/CancelFireAt.xml (RunModel)" time="0.011" />
  <testcase classname="ptolemy.util.test.junit.AutoTests" name="[4] /home/travis/build/icyphy/ptII/ptolemy/domains/de/test/auto/CausalityAndComposabilityAnalysis.xml (RunModel)" time="0.012" />
  <testcase classname="ptolemy.util.test.junit.AutoTests" name="[5] /home/travis/build/icyphy/ptII/ptolemy/domains/de/test/auto/CausalityInterface1.xml (RunModel)" time="0.015" />
  <testcase classname="ptolemy.util.test.junit.AutoTests" name="[6] /home/travis/build/icyphy/ptII/ptolemy/domains/de/test/auto/CausalityInterface15.xml (RunModel)" time="0.016" />
  <testcase classname="ptolemy.util.test.junit.AutoTests" name="[7] /home/travis/build/icyphy/ptII/ptolemy/domains/de/test/auto/CausalityInterface2.xml (RunModel)" time="0.014" />
  <testcase classname="ptolemy.util.test.junit.AutoTests" name="[8] /home/travis/build/icyphy/ptII/ptolemy/domains/de/test/auto/CausalityInterface3.xml (RunModel)" time="0.011" />
  <testcase classname="ptolemy.util.test.junit.AutoTests" name="[9] /home/travis/build/icyphy/ptII/ptolemy/domains/de/test/auto/ClockDrift.xml (RunModel)" time="0.046" />
  <testcase classname="ptolemy.util.test.junit.AutoTests" name="[10] /home/travis/build/icyphy/ptII/ptolemy/domains/de/test/auto/ClockDriftAndValueChange.xml (RunModel)" time="0.031" />
  <testcase classname="ptolemy.util.test.junit.AutoTests" name="[11] /home/travis/build/icyphy/ptII/ptolemy/domains/de/test/auto/ClockDriftChange.xml (RunModel)" time="0.03" />
  <testcase classname="ptolemy.util.test.junit.AutoTests" name="[12] /home/travis/build/icyphy/ptII/ptolemy/domains/de/test/auto/ComposableCausalityAnalysis.xml (RunModel)" time="0.021" />
  <testcase classname="ptolemy.util.test.junit.AutoTests" name="[13] /home/travis/build/icyphy/ptII/ptolemy/domains/de/test/auto/DEFixedPointLimitation.xml (RunModel)" time="0.01" />
  <testcase classname="ptolemy.util.test.junit.AutoTests" name="[14] /home/travis/build/icyphy/ptII/ptolemy/domains/de/test/auto/DEScheduleTest.xml (RunModel)" time="0.011" />
  <testcase classname="ptolemy.util.test.junit.AutoTests" name="[15] /home/travis/build/icyphy/ptII/ptolemy/domains/de/test/auto/DEinDEwithStartTimes.xml (RunModel)" time="0.015" />
  <testcase classname="ptolemy.util.test.junit.AutoTests" name="[16] /home/travis/build/icyphy/ptII/ptolemy/domains/de/test/auto/DEinDEwithStartTimes2.xml (RunModel)" time="0.014" />
  <testcase classname="ptolemy.util.test.junit.AutoTests" name="[17] /home/travis/build/icyphy/ptII/ptolemy/domains/de/test/auto/DateDemo.xml (RunModel)" time="0.027" />
  <testcase classname="ptolemy.util.test.junit.AutoTests" name="[18] /home/travis/build/icyphy/ptII/ptolemy/domains/de/test/auto/DateToEvent.xml (RunModel)" time="2.036" />
  <testcase classname="ptolemy.util.test.junit.AutoTests" name="[19] /home/travis/build/icyphy/ptII/ptolemy/domains/de/test/auto/DepthTest1.xml (RunModel)" time="0.008" />
  <testcase classname="ptolemy.util.test.junit.AutoTests" name="[20] /home/travis/build/icyphy/ptII/ptolemy/domains/de/test/auto/DepthTest2.xml (RunModel)" time="0.019" />
  <testcase classname="ptolemy.util.test.junit.AutoTests" name="[21] /home/travis/build/icyphy/ptII/ptolemy/domains/de/test/auto/DepthTest3.xml (RunModel)" time="0.01" />
  <testcase classname="ptolemy.util.test.junit.AutoTests" name="[22] /home/travis/build/icyphy/ptII/ptolemy/domains/de/test/auto/DepthTest4.xml (RunModel)" time="0.015" />
  <testcase classname="ptolemy.util.test.junit.AutoTests" name="[23] /home/travis/build/icyphy/ptII/ptolemy/domains/de/test/auto/DepthTest5.xml (RunModel)" time="0.027" />
  <testcase classname="ptolemy.util.test.junit.AutoTests" name="[24] /home/travis/build/icyphy/ptII/ptolemy/domains/de/test/auto/DepthTest6.xml (RunModel)" time="0.019" />
  <testcase classname="ptolemy.util.test.junit.AutoTests" name="[25] /home/travis/build/icyphy/ptII/ptolemy/domains/de/test/auto/DepthTest7.xml (RunModel)" time="0.018" />
  <testcase classname="ptolemy.util.test.junit.AutoTests" name="[26] /home/travis/build/icyphy/ptII/ptolemy/domains/de/test/auto/EventToDate.xml (RunModel)" time="3.036" />
  <testcase classname="ptolemy.util.test.junit.AutoTests" name="[27] /home/travis/build/icyphy/ptII/ptolemy/domains/de/test/auto/FSM1.xml (RunModel)" time="0.036" />
  <testcase classname="ptolemy.util.test.junit.AutoTests" name="[28] /home/travis/build/icyphy/ptII/ptolemy/domains/de/test/auto/FSM7.xml (RunModel)" time="0.026" />
  <testcase classname="ptolemy.util.test.junit.AutoTests" name="[29] /home/travis/build/icyphy/ptII/ptolemy/domains/de/test/auto/Inspection.xml (RunModel)" time="0.034" />
  <testcase classname="ptolemy.util.test.junit.AutoTests" name="[30] /home/travis/build/icyphy/ptII/ptolemy/domains/de/test/auto/Iteration.xml (RunModel)" time="0.017" />
  <testcase classname="ptolemy.util.test.junit.AutoTests" name="[31] /home/travis/build/icyphy/ptII/ptolemy/domains/de/test/auto/LineFault.xml (RunModel)" time="0.56" />
  <testcase classname="ptolemy.util.test.junit.AutoTests" name="[32] /home/travis/build/icyphy/ptII/ptolemy/domains/de/test/auto/MergeModel1Add.xml (RunModel)" time="0.041" />
  <testcase classname="ptolemy.util.test.junit.AutoTests" name="[33] /home/travis/build/icyphy/ptII/ptolemy/domains/de/test/auto/MergeModel2Add.xml (RunModel)" time="0.034" />
  <testcase classname="ptolemy.util.test.junit.AutoTests" name="[34] /home/travis/build/icyphy/ptII/ptolemy/domains/de/test/auto/MergeModel3Add.xml (RunModel)" time="0.037" />
  <testcase classname="ptolemy.util.test.junit.AutoTests" name="[35] /home/travis/build/icyphy/ptII/ptolemy/domains/de/test/auto/MergeWithoutDiscard.xml (RunModel)" time="0.01" />
  <testcase classname="ptolemy.util.test.junit.AutoTests" name="[36] /home/travis/build/icyphy/ptII/ptolemy/domains/de/test/auto/Modal1.xml (RunModel)" time="0.024" />
  <testcase classname="ptolemy.util.test.junit.AutoTests" name="[37] /home/travis/build/icyphy/ptII/ptolemy/domains/de/test/auto/Modal2.xml (RunModel)" time="0.03" />
  <testcase classname="ptolemy.util.test.junit.AutoTests" name="[38] /home/travis/build/icyphy/ptII/ptolemy/domains/de/test/auto/Modal3.xml (RunModel)" time="0.026" />
  <testcase classname="ptolemy.util.test.junit.AutoTests" name="[39] /home/travis/build/icyphy/ptII/ptolemy/domains/de/test/auto/Modal4.xml (RunModel)" time="0.032" />
  <testcase classname="ptolemy.util.test.junit.AutoTests" name="[40] /home/travis/build/icyphy/ptII/ptolemy/domains/de/test/auto/Modal5.xml (RunModel)" time="0.028" />
  <testcase classname="ptolemy.util.test.junit.AutoTests" name="[41] /home/travis/build/icyphy/ptII/ptolemy/domains/de/test/auto/Modal6.xml (RunModel)" time="0.027" />
  <testcase classname="ptolemy.util.test.junit.AutoTests" name="[42] /home/travis/build/icyphy/ptII/ptolemy/domains/de/test/auto/Modal7.xml (RunModel)" time="0.031" />
  <testcase classname="ptolemy.util.test.junit.AutoTests" name="[43] /home/travis/build/icyphy/ptII/ptolemy/domains/de/test/auto/ModalModel.xml (RunModel)" time="0.159" />
  <testcase classname="ptolemy.util.test.junit.AutoTests" name="[44] /home/travis/build/icyphy/ptII/ptolemy/domains/de/test/auto/ModalSource.xml (RunModel)" time="0.017" />
  <testcase classname="ptolemy.util.test.junit.AutoTests" name="[45] /home/travis/build/icyphy/ptII/ptolemy/domains/de/test/auto/NonInterruptibleTimerZeroDelay.xml (RunModel)" time="0.01" />
  <testcase classname="ptolemy.util.test.junit.AutoTests" name="[46] /home/travis/build/icyphy/ptII/ptolemy/domains/de/test/auto/OpenQueueingNetwork.xml (RunModel)" time="2.063" />
  <testcase classname="ptolemy.util.test.junit.AutoTests" name="[47] /home/travis/build/icyphy/ptII/ptolemy/domains/de/test/auto/OpenQueuingNetwork.xml (RunModel)" time="0.248" />
  <testcase classname="ptolemy.util.test.junit.AutoTests" name="[48] /home/travis/build/icyphy/ptII/ptolemy/domains/de/test/auto/PeriodicSampler.xml (RunModel)" time="0.007" />
  <testcase classname="ptolemy.util.test.junit.AutoTests" name="[49] /home/travis/build/icyphy/ptII/ptolemy/domains/de/test/auto/PersistentIO.xml (RunModel)" time="0.016" />
  <testcase classname="ptolemy.util.test.junit.AutoTests" name="[50] /home/travis/build/icyphy/ptII/ptolemy/domains/de/test/auto/PortParameterResetOnInitialize.xml (RunModel)" time="0.011" />
  <testcase classname="ptolemy.util.test.junit.AutoTests" name="[51] /home/travis/build/icyphy/ptII/ptolemy/domains/de/test/auto/PortParameterUpdates.xml (RunModel)" time="0.013" />
  <testcase classname="ptolemy.util.test.junit.AutoTests" name="[52] /home/travis/build/icyphy/ptII/ptolemy/domains/de/test/auto/QueueAndServer.xml (RunModel)" time="0.018" />
  <testcase classname="ptolemy.util.test.junit.AutoTests" name="[53] /home/travis/build/icyphy/ptII/ptolemy/domains/de/test/auto/Records.xml (RunModel)" time="0.012" />
  <testcase classname="ptolemy.util.test.junit.AutoTests" name="[54] /home/travis/build/icyphy/ptII/ptolemy/domains/de/test/auto/ResetTransitionWithStartTime1.xml (RunModel)" time="0.019" />
  <testcase classname="ptolemy.util.test.junit.AutoTests" name="[55] /home/travis/build/icyphy/ptII/ptolemy/domains/de/test/auto/ResetTransitionWithStartTime2.xml (RunModel)" time="0.016" />
  <testcase classname="ptolemy.util.test.junit.AutoTests" name="[56] /home/travis/build/icyphy/ptII/ptolemy/domains/de/test/auto/ResetTransitionWithStartTime3.xml (RunModel)" time="0.017" />
  <testcase classname="ptolemy.util.test.junit.AutoTests" name="[57] /home/travis/build/icyphy/ptII/ptolemy/domains/de/test/auto/ResetTransitionWithStartTime4.xml (RunModel)" time="0.019" />
  <testcase classname="ptolemy.util.test.junit.AutoTests" name="[58] /home/travis/build/icyphy/ptII/ptolemy/domains/de/test/auto/ResettableTimer1.xml (RunModel)" time="0.01" />
  <testcase classname="ptolemy.util.test.junit.AutoTests" name="[59] /home/travis/build/icyphy/ptII/ptolemy/domains/de/test/auto/ResettableTimer2.xml (RunModel)" time="0.009" />
  <testcase classname="ptolemy.util.test.junit.AutoTests" name="[60] /home/travis/build/icyphy/ptII/ptolemy/domains/de/test/auto/ResettableTimer3.xml (RunModel)" time="0.008" />
  <testcase classname="ptolemy.util.test.junit.AutoTests" name="[61] /home/travis/build/icyphy/ptII/ptolemy/domains/de/test/auto/ResettableTimer4.xml (RunModel)" time="0.013" />
  <testcase classname="ptolemy.util.test.junit.AutoTests" name="[62] /home/travis/build/icyphy/ptII/ptolemy/domains/de/test/auto/ResettableTimer5.xml (RunModel)" time="0.01" />
  <testcase classname="ptolemy.util.test.junit.AutoTests" name="[63] /home/travis/build/icyphy/ptII/ptolemy/domains/de/test/auto/ResettableTimer6.xml (RunModel)" time="0.019" />
  <testcase classname="ptolemy.util.test.junit.AutoTests" name="[64] /home/travis/build/icyphy/ptII/ptolemy/domains/de/test/auto/ServerZeroDelay.xml (RunModel)" time="0.013" />
  <testcase classname="ptolemy.util.test.junit.AutoTests" name="[65] /home/travis/build/icyphy/ptII/ptolemy/domains/de/test/auto/SmartSender.xml (RunModel)" time="3.008" />
  <testcase classname="ptolemy.util.test.junit.AutoTests" name="[66] /home/travis/build/icyphy/ptII/ptolemy/domains/de/test/auto/ThreadedComposite.xml (RunModel)" time="0.117" />
  <testcase classname="ptolemy.util.test.junit.AutoTests" name="[67] /home/travis/build/icyphy/ptII/ptolemy/domains/de/test/auto/Time.xml (RunModel)" time="0.409" />
  <testcase classname="ptolemy.util.test.junit.AutoTests" name="[68] /home/travis/build/icyphy/ptII/ptolemy/domains/de/test/auto/TimeDelayZeroDelay.xml (RunModel)" time="0.015" />
  <testcase classname="ptolemy.util.test.junit.AutoTests" name="[69] /home/travis/build/icyphy/ptII/ptolemy/domains/de/test/auto/TimerZeroDelay.xml (RunModel)" time="0.009" />
  <testcase classname="ptolemy.util.test.junit.AutoTests" name="[70] /home/travis/build/icyphy/ptII/ptolemy/domains/de/test/auto/TimingParadox.xml (RunModel)" time="0.338" />
  <testcase classname="ptolemy.util.test.junit.AutoTests" name="[71] /home/travis/build/icyphy/ptII/ptolemy/domains/de/test/auto/TransferInputs.xml (RunModel)" time="0.016" />
  <testcase classname="ptolemy.util.test.junit.AutoTests" name="[72] /home/travis/build/icyphy/ptII/ptolemy/domains/de/test/auto/TransferOutputs2.xml (RunModel)" time="0.016" />
  <testcase classname="ptolemy.util.test.junit.AutoTests" name="[73] /home/travis/build/icyphy/ptII/ptolemy/domains/de/test/auto/Trilateration.xml (RunModel)" time="10.924" />
  <testcase classname="ptolemy.util.test.junit.AutoTests" name="[74] /home/travis/build/icyphy/ptII/ptolemy/domains/de/test/auto/TwoSigmaDelta.xml (RunModel)" time="2.02" />
  <testcase classname="ptolemy.util.test.junit.AutoTests" name="[75] /home/travis/build/icyphy/ptII/ptolemy/domains/de/test/auto/VariableDelay.xml (RunModel)" time="0.015" />
  <testcase classname="ptolemy.util.test.junit.AutoTests" name="[76] /home/travis/build/icyphy/ptII/ptolemy/domains/de/test/auto/VariableDelay2.xml (RunModel)" time="0.009" />
  <testcase classname="ptolemy.util.test.junit.AutoTests" name="[77] /home/travis/build/icyphy/ptII/ptolemy/domains/de/test/auto/VariableDelayZeroDelay.xml (RunModel)" time="0.029" />
  <testcase classname="ptolemy.util.test.junit.AutoTests" name="[78] /home/travis/build/icyphy/ptII/ptolemy/domains/de/test/auto/VariableDelayZeroDelay2.xml (RunModel)" time="0.017" />
  <testcase classname="ptolemy.util.test.junit.AutoTests" name="[79] /home/travis/build/icyphy/ptII/ptolemy/domains/de/test/auto/deInCt.xml (RunModel)" time="0.012" />
  <testcase classname="ptolemy.util.test.junit.AutoTests" name="[80] /home/travis/build/icyphy/ptII/ptolemy/domains/de/test/auto/deInCt2.xml (RunModel)" time="0.016" />
  <testcase classname="ptolemy.util.test.junit.AutoTests" name="[81] /home/travis/build/icyphy/ptII/ptolemy/domains/de/test/auto/dynamicCausalityInterface1.xml (RunModel)" time="0.016" />
  <testcase classname="ptolemy.util.test.junit.AutoTests" name="[82] /home/travis/build/icyphy/ptII/ptolemy/domains/de/test/auto/fsm_de_test.xml (RunModel)" time="0.019" />
  <testcase classname="ptolemy.util.test.junit.AutoTests" name="[83] /home/travis/build/icyphy/ptII/ptolemy/domains/de/test/auto/functionDependencyReconstruction.xml (RunModel)" time="0.03" />
  <testcase classname="ptolemy.util.test.junit.AutoTests" name="[84] /home/travis/build/icyphy/ptII/ptolemy/domains/de/test/auto/multirate.xml (RunModel)" time="0.014" />
  <testcase classname="ptolemy.util.test.junit.AutoTests" name="[85] /home/travis/build/icyphy/ptII/ptolemy/domains/de/test/auto/multirate2.xml (RunModel)" time="0.013" />
  <testcase classname="ptolemy.util.test.junit.AutoTests" name="[86] /home/travis/build/icyphy/ptII/ptolemy/domains/de/test/auto/realtime.xml (RunModel)" time="10.01" />
  <testcase classname="ptolemy.util.test.junit.AutoTests" name="[87] /home/travis/build/icyphy/ptII/ptolemy/domains/de/test/auto/relationGroup.xml (RunModel)" time="0.008" />
  <testcase classname="ptolemy.util.test.junit.AutoTests" name="[88] /home/travis/build/icyphy/ptII/ptolemy/domains/de/test/auto/relationGroup2.xml (RunModel)" time="0.005" />
  <testcase classname="ptolemy.util.test.junit.AutoTests" name="[89] /home/travis/build/icyphy/ptII/ptolemy/domains/de/test/auto/sortWithOpaquePorts.xml (RunModel)" time="0.006" />
  <testcase classname="ptolemy.util.test.junit.AutoTests" name="[90] /home/travis/build/icyphy/ptII/ptolemy/domains/de/test/auto/transferInputsandOutputs.xml (RunModel)" time="0.012" />
  <testcase classname="ptolemy.util.test.junit.AutoTests" name="[91] /home/travis/build/icyphy/ptII/ptolemy/domains/de/test/auto/triggerType.xml (RunModel)" time="0.006" />
  <system-out><![CDATA[/home/travis/build/icyphy/ptII/ptolemy/domains/de/test/DependencyLoop.tcl
testDefs.tcl: setting time out to 9000 seconds at Mon Jul 23 01:45:11 UTC 2018
15 ms. Memory: 116224K Free: 93446K (80%)
8 ms. Memory: 146944K Free: 135465K (92%)
/home/travis/build/icyphy/ptII/ptolemy/domains/de/test/RunDETestsAsQSS.tcl
Run the DE tests using ptolemy.domains.qss.test.QSSDirectorTest, which extends QSSDirector and prints a message in the constructors.
------------------ testing $PTII/ptolemy/domains/de/test/auto/knownFailedTests/dependencyLoop.xml (Known Failure) 
20 ms. Memory: 146944K Free: 132352K (90%)


==== $PTIIhome/travis/build/icyphy/ptII/ptolemy/domains/de/test/../../../../: Auto Automatic test in file $PTII/ptolemy/domains/de/test/auto/knownFailedTests/dependencyLoop.xml
==== Contents of test case:

	    # FIXME: we should use $relativeFilename here, but it
	    # might have backslashes under Windows, which causes no end
	    # of trouble.
	    createAndExecute $file
	    list {}
	
.... Test generated KNOWN error:
    while executing
ptolemy.kernel.util.IllegalActionException: Found a zero delay loop containing .dependencyLoop.original
  in .dependencyLoop and .dependencyLoop.original
	at ptolemy.actor.util.CausalityInterfaceForComposites._computeOutputPortDepth(CausalityInterfaceForComposites.java:759)
	at ptolemy.actor.util.CausalityInterfaceForComposites._computeInputDepth(CausalityInterfaceForComposites.java:696)
	at ptolemy.actor.util.CausalityInterfaceForComposites._computeOutputPortDepth(CausalityInterfaceForComposites.java:765)
	at ptolemy.actor.util.CausalityInterfaceForComposites._computeInputDepth(CausalityInterfaceForComposites.java:696)
	at ptolemy.actor.util.CausalityInterfaceForComposites._computeOutputPortDepth(CausalityInterfaceForComposites.java:765)
	at ptolemy.actor.util.CausalityInterfaceForComposites._computeInputDepth(CausalityInterfaceForComposites.java:696)
	at ptolemy.actor.util.CausalityInterfaceForComposites._computeActorDepth(CausalityInterfaceForComposites.java:532)
	at ptolemy.actor.util.CausalityInterfaceForComposites.checkForCycles(CausalityInterfaceForComposites.java:96)
	at ptolemy.domains.de.kernel.DEDirector.preinitialize(DEDirector.java:1338)
	at ptolemy.actor.CompositeActor.preinitialize(CompositeActor.java:1828)
	at ptolemy.actor.Manager.preinitializeAndResolveTypes(Manager.java:1040)
	at ptolemy.actor.Manager.initialize(Manager.java:710)
	at ptolemy.actor.Manager.execute(Manager.java:356)
	at ptolemy.actor.Manager.run(Manager.java:1263)
	at ptolemy.actor.Manager$PtolemyRunThread.run(Manager.java:1915)

    while executing
ptolemy.kernel.util.IllegalActionException: Found a zero delay loop containing .dependencyLoop.original
  in .dependencyLoop and .dependencyLoop.original
    while executing
"java::new ptolemy.moml.MoMLSimpleApplication $file
"
    (procedure "createAndExecute" line 2)
    invoked from within
"createAndExecute $file"
    ("uplevel" body line 5)
    invoked from within
"uplevel $contents_of_test"
------------------ testing $PTII/ptolemy/domains/de/test/auto/knownFailedTests/DESDFClockTest.xml (Known Failure) 
2082 ms. Memory: 146944K Free: 116622K (79%)


==== $PTIIhome/travis/build/icyphy/ptII/ptolemy/domains/de/test/../../../../: Auto Automatic test in file $PTII/ptolemy/domains/de/test/auto/knownFailedTests/DESDFClockTest.xml
==== Contents of test case:

	    # FIXME: we should use $relativeFilename here, but it
	    # might have backslashes under Windows, which causes no end
	    # of trouble.
	    createAndExecute $file
	    list {}
	
.... Test generated KNOWN error:
    while executing
ptolemy.kernel.util.IllegalActionException: Actor is not ready to fire.  Perhaps UpSample.prefire() returned false? Try debugging the actor by selecting "Listen to Actor".  Also, for SDF check moml for tokenConsumptionRate on input.
  in .DESDFClockTest.Play Bell.Copy1:SDF Director and .DESDFClockTest.Play Bell.UpSample
	at ptolemy.actor.sched.StaticSchedulingDirector.fire(StaticSchedulingDirector.java:227)
	at ptolemy.domains.sdf.kernel.SDFDirector.fire(SDFDirector.java:500)
	at ptolemy.actor.CompositeActor.fire(CompositeActor.java:455)
	at ptolemy.domains.de.kernel.DEDirector._fire(DEDirector.java:1949)
	at ptolemy.domains.de.kernel.DEDirector.fire(DEDirector.java:502)
	at ptolemy.actor.CompositeActor.fire(CompositeActor.java:455)
	at ptolemy.actor.Manager.iterate(Manager.java:851)
	at ptolemy.actor.Manager.execute(Manager.java:369)
	at ptolemy.actor.Manager.run(Manager.java:1263)
	at ptolemy.actor.Manager$PtolemyRunThread.run(Manager.java:1915)

    while executing
ptolemy.kernel.util.IllegalActionException: Actor is not ready to fire.  Perhaps UpSample.prefire() returned false? Try debugging the actor by selecting "Listen to Actor".  Also, for SDF check moml for tokenConsumptionRate on input.
  in .DESDFClockTest.Play Bell.Copy1:SDF Director and .DESDFClockTest.Play Bell.UpSample
    while executing
"java::new ptolemy.moml.MoMLSimpleApplication $file
"
    (procedure "createAndExecute" line 2)
    invoked from within
"createAndExecute $file"
    ("uplevel" body line 5)
    invoked from within
"uplevel $contents_of_test"
------------------ testing $PTII/ptolemy/domains/de/test/auto/knownFailedTests/FSMSource.xml (Known Failure) 
20 ms. Memory: 146944K Free: 107692K (73%)
!!!! Auto was marked as failing, but now passes
------------------ testing $PTII/ptolemy/domains/de/test/auto/knownFailedTests/dependencyLoop2.xml (Known Failure) 
6 ms. Memory: 146944K Free: 105809K (72%)


==== $PTIIhome/travis/build/icyphy/ptII/ptolemy/domains/de/test/../../../../: Auto Automatic test in file $PTII/ptolemy/domains/de/test/auto/knownFailedTests/dependencyLoop2.xml
==== Contents of test case:

	    # FIXME: we should use $relativeFilename here, but it
	    # might have backslashes under Windows, which causes no end
	    # of trouble.
	    createAndExecute $file
	    list {}
	
.... Test generated KNOWN error:
    while executing
ptolemy.kernel.util.IllegalActionException: Found a zero delay loop containing .dependencyLoop2.original
  in .dependencyLoop2 and .dependencyLoop2.original
	at ptolemy.actor.util.CausalityInterfaceForComposites._computeOutputPortDepth(CausalityInterfaceForComposites.java:759)
	at ptolemy.actor.util.CausalityInterfaceForComposites._computeInputDepth(CausalityInterfaceForComposites.java:696)
	at ptolemy.actor.util.CausalityInterfaceForComposites._computeOutputPortDepth(CausalityInterfaceForComposites.java:765)
	at ptolemy.actor.util.CausalityInterfaceForComposites._computeInputDepth(CausalityInterfaceForComposites.java:696)
	at ptolemy.actor.util.CausalityInterfaceForComposites._computeOutputPortDepth(CausalityInterfaceForComposites.java:765)
	at ptolemy.actor.util.CausalityInterfaceForComposites._computeInputDepth(CausalityInterfaceForComposites.java:696)
	at ptolemy.actor.util.CausalityInterfaceForComposites._computeActorDepth(CausalityInterfaceForComposites.java:532)
	at ptolemy.actor.util.CausalityInterfaceForComposites.checkForCycles(CausalityInterfaceForComposites.java:96)
	at ptolemy.domains.de.kernel.DEDirector.preinitialize(DEDirector.java:1338)
	at ptolemy.actor.CompositeActor.preinitialize(CompositeActor.java:1828)
	at ptolemy.actor.Manager.preinitializeAndResolveTypes(Manager.java:1040)
	at ptolemy.actor.Manager.initialize(Manager.java:710)
	at ptolemy.actor.Manager.execute(Manager.java:356)
	at ptolemy.actor.Manager.run(Manager.java:1263)
	at ptolemy.actor.Manager$PtolemyRunThread.run(Manager.java:1915)

    while executing
ptolemy.kernel.util.IllegalActionException: Found a zero delay loop containing .dependencyLoop2.original
  in .dependencyLoop2 and .dependencyLoop2.original
    while executing
"java::new ptolemy.moml.MoMLSimpleApplication $file
"
    (procedure "createAndExecute" line 2)
    invoked from within
"createAndExecute $file"
    ("uplevel" body line 5)
    invoked from within
"uplevel $contents_of_test"
------------------ testing $PTII/ptolemy/domains/de/test/auto/knownFailedTests/HierarchicalModel.xml (Known Failure) 
4 ms. Memory: 146944K Free: 84247K (57%)


==== $PTIIhome/travis/build/icyphy/ptII/ptolemy/domains/de/test/../../../../: Auto Automatic test in file $PTII/ptolemy/domains/de/test/auto/knownFailedTests/HierarchicalModel.xml
==== Contents of test case:

	    # FIXME: we should use $relativeFilename here, but it
	    # might have backslashes under Windows, which causes no end
	    # of trouble.
	    createAndExecute $file
	    list {}
	
.... Test generated KNOWN error:
    while executing
ptolemy.kernel.util.IllegalActionException: Found a zero delay loop containing .HierarchicalModel.A
  in .HierarchicalModel and .HierarchicalModel.A
	at ptolemy.actor.util.CausalityInterfaceForComposites._computeOutputPortDepth(CausalityInterfaceForComposites.java:759)
	at ptolemy.actor.util.CausalityInterfaceForComposites._computeInputDepth(CausalityInterfaceForComposites.java:696)
	at ptolemy.actor.util.CausalityInterfaceForComposites._computeOutputPortDepth(CausalityInterfaceForComposites.java:765)
	at ptolemy.actor.util.CausalityInterfaceForComposites._computeInputDepth(CausalityInterfaceForComposites.java:696)
	at ptolemy.actor.util.CausalityInterfaceForComposites._computeOutputPortDepth(CausalityInterfaceForComposites.java:765)
	at ptolemy.actor.util.CausalityInterfaceForComposites._computeInputDepth(CausalityInterfaceForComposites.java:696)
	at ptolemy.actor.util.CausalityInterfaceForComposites._computeActorDepth(CausalityInterfaceForComposites.java:532)
	at ptolemy.actor.util.CausalityInterfaceForComposites.checkForCycles(CausalityInterfaceForComposites.java:96)
	at ptolemy.domains.de.kernel.DEDirector.preinitialize(DEDirector.java:1338)
	at ptolemy.actor.CompositeActor.preinitialize(CompositeActor.java:1828)
	at ptolemy.actor.Manager.preinitializeAndResolveTypes(Manager.java:1040)
	at ptolemy.actor.Manager.initialize(Manager.java:710)
	at ptolemy.actor.Manager.execute(Manager.java:356)
	at ptolemy.actor.Manager.run(Manager.java:1263)
	at ptolemy.actor.Manager$PtolemyRunThread.run(Manager.java:1915)

    while executing
ptolemy.kernel.util.IllegalActionException: Found a zero delay loop containing .HierarchicalModel.A
  in .HierarchicalModel and .HierarchicalModel.A
    while executing
"java::new ptolemy.moml.MoMLSimpleApplication $file
"
    (procedure "createAndExecute" line 2)
    invoked from within
"createAndExecute $file"
    ("uplevel" body line 5)
    invoked from within
"uplevel $contents_of_test"
------------------ testing $PTII/ptolemy/domains/de/test/auto/knownFailedTests/DirectFeedback.xml (Known Failure) 
3 ms. Memory: 146944K Free: 141106K (96%)


==== $PTIIhome/travis/build/icyphy/ptII/ptolemy/domains/de/test/../../../../: Auto Automatic test in file $PTII/ptolemy/domains/de/test/auto/knownFailedTests/DirectFeedback.xml
==== Contents of test case:

	    # FIXME: we should use $relativeFilename here, but it
	    # might have backslashes under Windows, which causes no end
	    # of trouble.
	    createAndExecute $file
	    list {}
	
.... Test generated KNOWN error:
    while executing
ptolemy.kernel.util.IllegalActionException: Test fails in iteration 1.
Value was: 1.0. Should have been: 2.0
  in .DirectFeedback.Test
	at ptolemy.actor.lib.Test.fire(Test.java:268)
	at ptolemy.domains.de.kernel.DEDirector._fire(DEDirector.java:1949)
	at ptolemy.domains.de.kernel.DEDirector.fire(DEDirector.java:502)
	at ptolemy.actor.CompositeActor.fire(CompositeActor.java:455)
	at ptolemy.actor.Manager.iterate(Manager.java:851)
	at ptolemy.actor.Manager.execute(Manager.java:369)
	at ptolemy.actor.Manager.run(Manager.java:1263)
	at ptolemy.actor.Manager$PtolemyRunThread.run(Manager.java:1915)

    while executing
ptolemy.kernel.util.IllegalActionException: Test fails in iteration 1.
Value was: 1.0. Should have been: 2.0
  in .DirectFeedback.Test
    while executing
"java::new ptolemy.moml.MoMLSimpleApplication $file
"
    (procedure "createAndExecute" line 2)
    invoked from within
"createAndExecute $file"
    ("uplevel" body line 5)
    invoked from within
"uplevel $contents_of_test"
------------------ testing $PTII/ptolemy/domains/de/test/auto/ActorDepthCalculation_actorWithoutPorts.xml
auto.tcl: Setting watchdog for 200 seconds at Mon Jul 23 01:45:14 UTC 2018
4 ms. Memory: 146944K Free: 132400K (90%)
ptolemy.util.test.WatchDog.cancel(): canceling Mon Jul 23 01:45:14 UTC 2018
auto.tcl: Setting watchdog for 200 seconds at Mon Jul 23 01:45:14 UTC 2018
4 ms. Memory: 146944K Free: 131359K (89%)
ptolemy.util.test.WatchDog.cancel(): canceling Mon Jul 23 01:45:14 UTC 2018
------------------ testing $PTII/ptolemy/domains/de/test/auto/AssemblyLine.xml
auto.tcl: Setting watchdog for 200 seconds at Mon Jul 23 01:45:15 UTC 2018
19 ms. Memory: 208384K Free: 182824K (88%)
ptolemy.util.test.WatchDog.cancel(): canceling Mon Jul 23 01:45:15 UTC 2018
auto.tcl: Setting watchdog for 200 seconds at Mon Jul 23 01:45:15 UTC 2018
11 ms. Memory: 208384K Free: 182824K (88%)
ptolemy.util.test.WatchDog.cancel(): canceling Mon Jul 23 01:45:15 UTC 2018
------------------ testing $PTII/ptolemy/domains/de/test/auto/CQBug1.xml
auto.tcl: Setting watchdog for 200 seconds at Mon Jul 23 01:45:15 UTC 2018
10 ms. Memory: 208384K Free: 197704K (95%)
ptolemy.util.test.WatchDog.cancel(): canceling Mon Jul 23 01:45:15 UTC 2018
auto.tcl: Setting watchdog for 200 seconds at Mon Jul 23 01:45:15 UTC 2018
2 ms. Memory: 208384K Free: 197704K (95%)
ptolemy.util.test.WatchDog.cancel(): canceling Mon Jul 23 01:45:15 UTC 2018
------------------ testing $PTII/ptolemy/domains/de/test/auto/CancelFireAt.xml
auto.tcl: Setting watchdog for 200 seconds at Mon Jul 23 01:45:15 UTC 2018
3 ms. Memory: 208384K Free: 201422K (97%)
ptolemy.util.test.WatchDog.cancel(): canceling Mon Jul 23 01:45:15 UTC 2018
auto.tcl: Setting watchdog for 200 seconds at Mon Jul 23 01:45:15 UTC 2018
2 ms. Memory: 208384K Free: 199318K (96%)
ptolemy.util.test.WatchDog.cancel(): canceling Mon Jul 23 01:45:15 UTC 2018
------------------ testing $PTII/ptolemy/domains/de/test/auto/CausalityAndComposabilityAnalysis.xml
auto.tcl: Setting watchdog for 200 seconds at Mon Jul 23 01:45:15 UTC 2018
15 ms. Memory: 208384K Free: 196474K (94%)
ptolemy.util.test.WatchDog.cancel(): canceling Mon Jul 23 01:45:15 UTC 2018
auto.tcl: Setting watchdog for 200 seconds at Mon Jul 23 01:45:15 UTC 2018
5 ms. Memory: 208384K Free: 196474K (94%)
ptolemy.util.test.WatchDog.cancel(): canceling Mon Jul 23 01:45:15 UTC 2018
------------------ testing $PTII/ptolemy/domains/de/test/auto/CausalityInterface1.xml
auto.tcl: Setting watchdog for 200 seconds at Mon Jul 23 01:45:15 UTC 2018
13 ms. Memory: 208384K Free: 196410K (94%)
ptolemy.util.test.WatchDog.cancel(): canceling Mon Jul 23 01:45:15 UTC 2018
auto.tcl: Setting watchdog for 200 seconds at Mon Jul 23 01:45:15 UTC 2018
3 ms. Memory: 208384K Free: 196410K (94%)
ptolemy.util.test.WatchDog.cancel(): canceling Mon Jul 23 01:45:15 UTC 2018
------------------ testing $PTII/ptolemy/domains/de/test/auto/CausalityInterface15.xml
auto.tcl: Setting watchdog for 200 seconds at Mon Jul 23 01:45:15 UTC 2018
9 ms. Memory: 208384K Free: 196401K (94%)
ptolemy.util.test.WatchDog.cancel(): canceling Mon Jul 23 01:45:16 UTC 2018
auto.tcl: Setting watchdog for 200 seconds at Mon Jul 23 01:45:16 UTC 2018
8 ms. Memory: 208384K Free: 196401K (94%)
ptolemy.util.test.WatchDog.cancel(): canceling Mon Jul 23 01:45:16 UTC 2018
------------------ testing $PTII/ptolemy/domains/de/test/auto/CausalityInterface2.xml
auto.tcl: Setting watchdog for 200 seconds at Mon Jul 23 01:45:16 UTC 2018
8 ms. Memory: 208384K Free: 196384K (94%)
ptolemy.util.test.WatchDog.cancel(): canceling Mon Jul 23 01:45:16 UTC 2018
auto.tcl: Setting watchdog for 200 seconds at Mon Jul 23 01:45:16 UTC 2018
4 ms. Memory: 208384K Free: 196384K (94%)
ptolemy.util.test.WatchDog.cancel(): canceling Mon Jul 23 01:45:16 UTC 2018
------------------ testing $PTII/ptolemy/domains/de/test/auto/CausalityInterface3.xml
auto.tcl: Setting watchdog for 200 seconds at Mon Jul 23 01:45:16 UTC 2018
6 ms. Memory: 208384K Free: 196397K (94%)
ptolemy.util.test.WatchDog.cancel(): canceling Mon Jul 23 01:45:16 UTC 2018
auto.tcl: Setting watchdog for 200 seconds at Mon Jul 23 01:45:16 UTC 2018
3 ms. Memory: 208384K Free: 196397K (94%)
ptolemy.util.test.WatchDog.cancel(): canceling Mon Jul 23 01:45:16 UTC 2018
------------------ testing $PTII/ptolemy/domains/de/test/auto/ClockDrift.xml
auto.tcl: Setting watchdog for 200 seconds at Mon Jul 23 01:45:16 UTC 2018
51 ms. Memory: 208384K Free: 187615K (90%)
ptolemy.util.test.WatchDog.cancel(): canceling Mon Jul 23 01:45:16 UTC 2018
auto.tcl: Setting watchdog for 200 seconds at Mon Jul 23 01:45:16 UTC 2018
44 ms. Memory: 208384K Free: 185511K (89%)
ptolemy.util.test.WatchDog.cancel(): canceling Mon Jul 23 01:45:16 UTC 2018
------------------ testing $PTII/ptolemy/domains/de/test/auto/ClockDriftAndValueChange.xml
auto.tcl: Setting watchdog for 200 seconds at Mon Jul 23 01:45:16 UTC 2018
46 ms. Memory: 208384K Free: 187451K (90%)
ptolemy.util.test.WatchDog.cancel(): canceling Mon Jul 23 01:45:16 UTC 2018
auto.tcl: Setting watchdog for 200 seconds at Mon Jul 23 01:45:16 UTC 2018
28 ms. Memory: 208384K Free: 185347K (89%)
ptolemy.util.test.WatchDog.cancel(): canceling Mon Jul 23 01:45:16 UTC 2018
------------------ testing $PTII/ptolemy/domains/de/test/auto/ClockDriftChange.xml
auto.tcl: Setting watchdog for 200 seconds at Mon Jul 23 01:45:16 UTC 2018
34 ms. Memory: 208384K Free: 190785K (92%)
ptolemy.util.test.WatchDog.cancel(): canceling Mon Jul 23 01:45:16 UTC 2018
auto.tcl: Setting watchdog for 200 seconds at Mon Jul 23 01:45:16 UTC 2018
25 ms. Memory: 208384K Free: 188680K (91%)
ptolemy.util.test.WatchDog.cancel(): canceling Mon Jul 23 01:45:16 UTC 2018
------------------ testing $PTII/ptolemy/domains/de/test/auto/ComposableCausalityAnalysis.xml
auto.tcl: Setting watchdog for 200 seconds at Mon Jul 23 01:45:16 UTC 2018
2 ms. Memory: 208384K Free: 196594K (94%)
ptolemy.util.test.WatchDog.cancel(): canceling Mon Jul 23 01:45:16 UTC 2018
auto.tcl: Setting watchdog for 200 seconds at Mon Jul 23 01:45:16 UTC 2018
2 ms. Memory: 208384K Free: 194490K (93%)
ptolemy.util.test.WatchDog.cancel(): canceling Mon Jul 23 01:45:16 UTC 2018
------------------ testing $PTII/ptolemy/domains/de/test/auto/DEFixedPointLimitation.xml
auto.tcl: Setting watchdog for 200 seconds at Mon Jul 23 01:45:16 UTC 2018
2 ms. Memory: 208384K Free: 196135K (94%)
ptolemy.util.test.WatchDog.cancel(): canceling Mon Jul 23 01:45:16 UTC 2018
auto.tcl: Setting watchdog for 200 seconds at Mon Jul 23 01:45:16 UTC 2018
1 ms. Memory: 208384K Free: 196135K (94%)
ptolemy.util.test.WatchDog.cancel(): canceling Mon Jul 23 01:45:16 UTC 2018
------------------ testing $PTII/ptolemy/domains/de/test/auto/DEScheduleTest.xml
auto.tcl: Setting watchdog for 200 seconds at Mon Jul 23 01:45:16 UTC 2018
7 ms. Memory: 208384K Free: 198274K (95%)
ptolemy.util.test.WatchDog.cancel(): canceling Mon Jul 23 01:45:17 UTC 2018
auto.tcl: Setting watchdog for 200 seconds at Mon Jul 23 01:45:17 UTC 2018
3 ms. Memory: 208384K Free: 196169K (94%)
ptolemy.util.test.WatchDog.cancel(): canceling Mon Jul 23 01:45:17 UTC 2018
------------------ testing $PTII/ptolemy/domains/de/test/auto/DEinDEwithStartTimes.xml
auto.tcl: Setting watchdog for 200 seconds at Mon Jul 23 01:45:17 UTC 2018
5 ms. Memory: 208384K Free: 196139K (94%)
ptolemy.util.test.WatchDog.cancel(): canceling Mon Jul 23 01:45:17 UTC 2018
auto.tcl: Setting watchdog for 200 seconds at Mon Jul 23 01:45:17 UTC 2018
3 ms. Memory: 208384K Free: 194035K (93%)
ptolemy.util.test.WatchDog.cancel(): canceling Mon Jul 23 01:45:17 UTC 2018
------------------ testing $PTII/ptolemy/domains/de/test/auto/DEinDEwithStartTimes2.xml
auto.tcl: Setting watchdog for 200 seconds at Mon Jul 23 01:45:17 UTC 2018
4 ms. Memory: 208384K Free: 196117K (94%)
ptolemy.util.test.WatchDog.cancel(): canceling Mon Jul 23 01:45:17 UTC 2018
auto.tcl: Setting watchdog for 200 seconds at Mon Jul 23 01:45:17 UTC 2018
6 ms. Memory: 208384K Free: 194013K (93%)
ptolemy.util.test.WatchDog.cancel(): canceling Mon Jul 23 01:45:17 UTC 2018
------------------ testing $PTII/ptolemy/domains/de/test/auto/DateDemo.xml
auto.tcl: Setting watchdog for 200 seconds at Mon Jul 23 01:45:17 UTC 2018
11 ms. Memory: 208384K Free: 188533K (90%)
ptolemy.util.test.WatchDog.cancel(): canceling Mon Jul 23 01:45:17 UTC 2018
auto.tcl: Setting watchdog for 200 seconds at Mon Jul 23 01:45:17 UTC 2018
6 ms. Memory: 208384K Free: 186429K (89%)
ptolemy.util.test.WatchDog.cancel(): canceling Mon Jul 23 01:45:17 UTC 2018
------------------ testing $PTII/ptolemy/domains/de/test/auto/DateToEvent.xml
auto.tcl: Setting watchdog for 200 seconds at Mon Jul 23 01:45:17 UTC 2018
2023 ms. Memory: 208384K Free: 183242K (88%)
ptolemy.util.test.WatchDog.cancel(): canceling Mon Jul 23 01:45:19 UTC 2018
auto.tcl: Setting watchdog for 200 seconds at Mon Jul 23 01:45:19 UTC 2018
2005 ms. Memory: 208384K Free: 183242K (88%)
ptolemy.util.test.WatchDog.cancel(): canceling Mon Jul 23 01:45:21 UTC 2018
------------------ testing $PTII/ptolemy/domains/de/test/auto/DepthTest1.xml
auto.tcl: Setting watchdog for 200 seconds at Mon Jul 23 01:45:21 UTC 2018
2 ms. Memory: 208384K Free: 197801K (95%)
ptolemy.util.test.WatchDog.cancel(): canceling Mon Jul 23 01:45:21 UTC 2018
auto.tcl: Setting watchdog for 200 seconds at Mon Jul 23 01:45:21 UTC 2018
1 ms. Memory: 208384K Free: 197801K (95%)
ptolemy.util.test.WatchDog.cancel(): canceling Mon Jul 23 01:45:21 UTC 2018
------------------ testing $PTII/ptolemy/domains/de/test/auto/DepthTest2.xml
auto.tcl: Setting watchdog for 200 seconds at Mon Jul 23 01:45:21 UTC 2018
6 ms. Memory: 208384K Free: 193994K (93%)
ptolemy.util.test.WatchDog.cancel(): canceling Mon Jul 23 01:45:21 UTC 2018
auto.tcl: Setting watchdog for 200 seconds at Mon Jul 23 01:45:21 UTC 2018
4 ms. Memory: 208384K Free: 193994K (93%)
ptolemy.util.test.WatchDog.cancel(): canceling Mon Jul 23 01:45:21 UTC 2018
------------------ testing $PTII/ptolemy/domains/de/test/auto/DepthTest3.xml
auto.tcl: Setting watchdog for 200 seconds at Mon Jul 23 01:45:21 UTC 2018
3 ms. Memory: 208384K Free: 198136K (95%)
ptolemy.util.test.WatchDog.cancel(): canceling Mon Jul 23 01:45:21 UTC 2018
auto.tcl: Setting watchdog for 200 seconds at Mon Jul 23 01:45:21 UTC 2018
2 ms. Memory: 208384K Free: 198136K (95%)
ptolemy.util.test.WatchDog.cancel(): canceling Mon Jul 23 01:45:21 UTC 2018
------------------ testing $PTII/ptolemy/domains/de/test/auto/DepthTest4.xml
auto.tcl: Setting watchdog for 200 seconds at Mon Jul 23 01:45:21 UTC 2018
6 ms. Memory: 208384K Free: 196118K (94%)
ptolemy.util.test.WatchDog.cancel(): canceling Mon Jul 23 01:45:21 UTC 2018
auto.tcl: Setting watchdog for 200 seconds at Mon Jul 23 01:45:21 UTC 2018
2 ms. Memory: 208384K Free: 196118K (94%)
ptolemy.util.test.WatchDog.cancel(): canceling Mon Jul 23 01:45:21 UTC 2018
------------------ testing $PTII/ptolemy/domains/de/test/auto/DepthTest5.xml
auto.tcl: Setting watchdog for 200 seconds at Mon Jul 23 01:45:21 UTC 2018
8 ms. Memory: 208384K Free: 196066K (94%)
ptolemy.util.test.WatchDog.cancel(): canceling Mon Jul 23 01:45:21 UTC 2018
auto.tcl: Setting watchdog for 200 seconds at Mon Jul 23 01:45:21 UTC 2018
2 ms. Memory: 208384K Free: 196066K (94%)
ptolemy.util.test.WatchDog.cancel(): canceling Mon Jul 23 01:45:21 UTC 2018
------------------ testing $PTII/ptolemy/domains/de/test/auto/DepthTest6.xml
auto.tcl: Setting watchdog for 200 seconds at Mon Jul 23 01:45:21 UTC 2018
7 ms. Memory: 208384K Free: 196371K (94%)
ptolemy.util.test.WatchDog.cancel(): canceling Mon Jul 23 01:45:21 UTC 2018
auto.tcl: Setting watchdog for 200 seconds at Mon Jul 23 01:45:21 UTC 2018
2 ms. Memory: 208384K Free: 196371K (94%)
ptolemy.util.test.WatchDog.cancel(): canceling Mon Jul 23 01:45:21 UTC 2018
------------------ testing $PTII/ptolemy/domains/de/test/auto/DepthTest7.xml
auto.tcl: Setting watchdog for 200 seconds at Mon Jul 23 01:45:21 UTC 2018
2 ms. Memory: 208384K Free: 196024K (94%)
ptolemy.util.test.WatchDog.cancel(): canceling Mon Jul 23 01:45:21 UTC 2018
auto.tcl: Setting watchdog for 200 seconds at Mon Jul 23 01:45:21 UTC 2018
1 ms. Memory: 208384K Free: 196024K (94%)
ptolemy.util.test.WatchDog.cancel(): canceling Mon Jul 23 01:45:21 UTC 2018
------------------ testing $PTII/ptolemy/domains/de/test/auto/EventToDate.xml
auto.tcl: Setting watchdog for 200 seconds at Mon Jul 23 01:45:22 UTC 2018
3010 ms. Memory: 208384K Free: 183065K (88%)
ptolemy.util.test.WatchDog.cancel(): canceling Mon Jul 23 01:45:25 UTC 2018
auto.tcl: Setting watchdog for 200 seconds at Mon Jul 23 01:45:25 UTC 2018
3003 ms. Memory: 208384K Free: 183065K (88%)
ptolemy.util.test.WatchDog.cancel(): canceling Mon Jul 23 01:45:28 UTC 2018
------------------ testing $PTII/ptolemy/domains/de/test/auto/FSM1.xml
auto.tcl: Setting watchdog for 200 seconds at Mon Jul 23 01:45:28 UTC 2018
16 ms. Memory: 208384K Free: 189067K (91%)
ptolemy.util.test.WatchDog.cancel(): canceling Mon Jul 23 01:45:28 UTC 2018
auto.tcl: Setting watchdog for 200 seconds at Mon Jul 23 01:45:28 UTC 2018
13 ms. Memory: 208384K Free: 184858K (89%)
ptolemy.util.test.WatchDog.cancel(): canceling Mon Jul 23 01:45:28 UTC 2018
------------------ testing $PTII/ptolemy/domains/de/test/auto/FSM7.xml
auto.tcl: Setting watchdog for 200 seconds at Mon Jul 23 01:45:28 UTC 2018
27 ms. Memory: 208384K Free: 186748K (90%)
ptolemy.util.test.WatchDog.cancel(): canceling Mon Jul 23 01:45:28 UTC 2018
auto.tcl: Setting watchdog for 200 seconds at Mon Jul 23 01:45:28 UTC 2018
18 ms. Memory: 208384K Free: 184643K (89%)
ptolemy.util.test.WatchDog.cancel(): canceling Mon Jul 23 01:45:28 UTC 2018
------------------ testing $PTII/ptolemy/domains/de/test/auto/Inspection.xml
auto.tcl: Setting watchdog for 200 seconds at Mon Jul 23 01:45:28 UTC 2018
29 ms. Memory: 208384K Free: 188298K (90%)
ptolemy.util.test.WatchDog.cancel(): canceling Mon Jul 23 01:45:28 UTC 2018
auto.tcl: Setting watchdog for 200 seconds at Mon Jul 23 01:45:28 UTC 2018
38 ms. Memory: 208384K Free: 186193K (89%)
ptolemy.util.test.WatchDog.cancel(): canceling Mon Jul 23 01:45:28 UTC 2018
------------------ testing $PTII/ptolemy/domains/de/test/auto/Iteration.xml
auto.tcl: Setting watchdog for 200 seconds at Mon Jul 23 01:45:28 UTC 2018
10 ms. Memory: 208384K Free: 195748K (94%)
ptolemy.util.test.WatchDog.cancel(): canceling Mon Jul 23 01:45:28 UTC 2018
auto.tcl: Setting watchdog for 200 seconds at Mon Jul 23 01:45:28 UTC 2018
6 ms. Memory: 208384K Free: 193643K (93%)
ptolemy.util.test.WatchDog.cancel(): canceling Mon Jul 23 01:45:28 UTC 2018
------------------ testing $PTII/ptolemy/domains/de/test/auto/LineFault.xml
auto.tcl: Setting watchdog for 200 seconds at Mon Jul 23 01:45:28 UTC 2018
692 ms. Memory: 208384K Free: 194239K (93%)
ptolemy.util.test.WatchDog.cancel(): canceling Mon Jul 23 01:45:29 UTC 2018
auto.tcl: Setting watchdog for 200 seconds at Mon Jul 23 01:45:29 UTC 2018
528 ms. Memory: 208384K Free: 136786K (66%)
ptolemy.util.test.WatchDog.cancel(): canceling Mon Jul 23 01:45:30 UTC 2018
------------------ testing $PTII/ptolemy/domains/de/test/auto/MergeModel1Add.xml
auto.tcl: Setting watchdog for 200 seconds at Mon Jul 23 01:45:30 UTC 2018
19 ms. Memory: 331264K Free: 298403K (90%)
ptolemy.util.test.WatchDog.cancel(): canceling Mon Jul 23 01:45:30 UTC 2018
auto.tcl: Setting watchdog for 200 seconds at Mon Jul 23 01:45:30 UTC 2018
13 ms. Memory: 331264K Free: 298403K (90%)
ptolemy.util.test.WatchDog.cancel(): canceling Mon Jul 23 01:45:30 UTC 2018
------------------ testing $PTII/ptolemy/domains/de/test/auto/MergeModel2Add.xml
auto.tcl: Setting watchdog for 200 seconds at Mon Jul 23 01:45:30 UTC 2018
11 ms. Memory: 331264K Free: 303688K (92%)
ptolemy.util.test.WatchDog.cancel(): canceling Mon Jul 23 01:45:30 UTC 2018
auto.tcl: Setting watchdog for 200 seconds at Mon Jul 23 01:45:30 UTC 2018
7 ms. Memory: 331264K Free: 299773K (90%)
ptolemy.util.test.WatchDog.cancel(): canceling Mon Jul 23 01:45:30 UTC 2018
------------------ testing $PTII/ptolemy/domains/de/test/auto/MergeModel3Add.xml
auto.tcl: Setting watchdog for 200 seconds at Mon Jul 23 01:45:30 UTC 2018
7 ms. Memory: 331264K Free: 303698K (92%)
ptolemy.util.test.WatchDog.cancel(): canceling Mon Jul 23 01:45:30 UTC 2018
auto.tcl: Setting watchdog for 200 seconds at Mon Jul 23 01:45:30 UTC 2018
6 ms. Memory: 331264K Free: 299783K (90%)
ptolemy.util.test.WatchDog.cancel(): canceling Mon Jul 23 01:45:30 UTC 2018
------------------ testing $PTII/ptolemy/domains/de/test/auto/MergeWithoutDiscard.xml
auto.tcl: Setting watchdog for 200 seconds at Mon Jul 23 01:45:30 UTC 2018
1 ms. Memory: 331264K Free: 319639K (96%)
ptolemy.util.test.WatchDog.cancel(): canceling Mon Jul 23 01:45:30 UTC 2018
auto.tcl: Setting watchdog for 200 seconds at Mon Jul 23 01:45:30 UTC 2018
1 ms. Memory: 331264K Free: 315721K (95%)
ptolemy.util.test.WatchDog.cancel(): canceling Mon Jul 23 01:45:30 UTC 2018
------------------ testing $PTII/ptolemy/domains/de/test/auto/Modal1.xml
auto.tcl: Setting watchdog for 200 seconds at Mon Jul 23 01:45:30 UTC 2018
11 ms. Memory: 331264K Free: 309372K (93%)
ptolemy.util.test.WatchDog.cancel(): canceling Mon Jul 23 01:45:30 UTC 2018
auto.tcl: Setting watchdog for 200 seconds at Mon Jul 23 01:45:30 UTC 2018
12 ms. Memory: 331264K Free: 305458K (92%)
ptolemy.util.test.WatchDog.cancel(): canceling Mon Jul 23 01:45:30 UTC 2018
------------------ testing $PTII/ptolemy/domains/de/test/auto/Modal2.xml
auto.tcl: Setting watchdog for 200 seconds at Mon Jul 23 01:45:30 UTC 2018
10 ms. Memory: 331264K Free: 304331K (92%)
ptolemy.util.test.WatchDog.cancel(): canceling Mon Jul 23 01:45:30 UTC 2018
auto.tcl: Setting watchdog for 200 seconds at Mon Jul 23 01:45:30 UTC 2018
10 ms. Memory: 331264K Free: 300416K (91%)
ptolemy.util.test.WatchDog.cancel(): canceling Mon Jul 23 01:45:30 UTC 2018
------------------ testing $PTII/ptolemy/domains/de/test/auto/Modal3.xml
auto.tcl: Setting watchdog for 200 seconds at Mon Jul 23 01:45:30 UTC 2018
15 ms. Memory: 331264K Free: 309245K (93%)
ptolemy.util.test.WatchDog.cancel(): canceling Mon Jul 23 01:45:30 UTC 2018
auto.tcl: Setting watchdog for 200 seconds at Mon Jul 23 01:45:30 UTC 2018
13 ms. Memory: 331264K Free: 305330K (92%)
ptolemy.util.test.WatchDog.cancel(): canceling Mon Jul 23 01:45:30 UTC 2018
------------------ testing $PTII/ptolemy/domains/de/test/auto/Modal4.xml
auto.tcl: Setting watchdog for 200 seconds at Mon Jul 23 01:45:31 UTC 2018
23 ms. Memory: 331264K Free: 309250K (93%)
ptolemy.util.test.WatchDog.cancel(): canceling Mon Jul 23 01:45:31 UTC 2018
auto.tcl: Setting watchdog for 200 seconds at Mon Jul 23 01:45:31 UTC 2018
13 ms. Memory: 331264K Free: 305335K (92%)
ptolemy.util.test.WatchDog.cancel(): canceling Mon Jul 23 01:45:31 UTC 2018
------------------ testing $PTII/ptolemy/domains/de/test/auto/Modal5.xml
auto.tcl: Setting watchdog for 200 seconds at Mon Jul 23 01:45:31 UTC 2018
16 ms. Memory: 331264K Free: 309236K (93%)
ptolemy.util.test.WatchDog.cancel(): canceling Mon Jul 23 01:45:31 UTC 2018
auto.tcl: Setting watchdog for 200 seconds at Mon Jul 23 01:45:31 UTC 2018
18 ms. Memory: 331264K Free: 305322K (92%)
ptolemy.util.test.WatchDog.cancel(): canceling Mon Jul 23 01:45:31 UTC 2018
------------------ testing $PTII/ptolemy/domains/de/test/auto/Modal6.xml
auto.tcl: Setting watchdog for 200 seconds at Mon Jul 23 01:45:31 UTC 2018
12 ms. Memory: 331264K Free: 309234K (93%)
ptolemy.util.test.WatchDog.cancel(): canceling Mon Jul 23 01:45:31 UTC 2018
auto.tcl: Setting watchdog for 200 seconds at Mon Jul 23 01:45:31 UTC 2018
12 ms. Memory: 331264K Free: 305319K (92%)
ptolemy.util.test.WatchDog.cancel(): canceling Mon Jul 23 01:45:31 UTC 2018
------------------ testing $PTII/ptolemy/domains/de/test/auto/Modal7.xml
auto.tcl: Setting watchdog for 200 seconds at Mon Jul 23 01:45:31 UTC 2018
14 ms. Memory: 331264K Free: 305319K (92%)
ptolemy.util.test.WatchDog.cancel(): canceling Mon Jul 23 01:45:31 UTC 2018
auto.tcl: Setting watchdog for 200 seconds at Mon Jul 23 01:45:31 UTC 2018
11 ms. Memory: 331264K Free: 305319K (92%)
ptolemy.util.test.WatchDog.cancel(): canceling Mon Jul 23 01:45:31 UTC 2018
------------------ testing $PTII/ptolemy/domains/de/test/auto/ModalModel.xml
auto.tcl: Setting watchdog for 200 seconds at Mon Jul 23 01:45:31 UTC 2018
188 ms. Memory: 331264K Free: 245848K (74%)
ptolemy.util.test.WatchDog.cancel(): canceling Mon Jul 23 01:45:31 UTC 2018
auto.tcl: Setting watchdog for 200 seconds at Mon Jul 23 01:45:31 UTC 2018
174 ms. Memory: 331264K Free: 190931K (58%)
ptolemy.util.test.WatchDog.cancel(): canceling Mon Jul 23 01:45:31 UTC 2018
------------------ testing $PTII/ptolemy/domains/de/test/auto/ModalSource.xml
auto.tcl: Setting watchdog for 200 seconds at Mon Jul 23 01:45:31 UTC 2018
5 ms. Memory: 331264K Free: 315968K (95%)
ptolemy.util.test.WatchDog.cancel(): canceling Mon Jul 23 01:45:31 UTC 2018
auto.tcl: Setting watchdog for 200 seconds at Mon Jul 23 01:45:31 UTC 2018
6 ms. Memory: 331264K Free: 312461K (94%)
ptolemy.util.test.WatchDog.cancel(): canceling Mon Jul 23 01:45:31 UTC 2018
------------------ testing $PTII/ptolemy/domains/de/test/auto/NonInterruptibleTimerZeroDelay.xml
auto.tcl: Setting watchdog for 200 seconds at Mon Jul 23 01:45:32 UTC 2018
4 ms. Memory: 331264K Free: 320298K (97%)
ptolemy.util.test.WatchDog.cancel(): canceling Mon Jul 23 01:45:32 UTC 2018
auto.tcl: Setting watchdog for 200 seconds at Mon Jul 23 01:45:32 UTC 2018
2 ms. Memory: 331264K Free: 316790K (96%)
ptolemy.util.test.WatchDog.cancel(): canceling Mon Jul 23 01:45:32 UTC 2018
------------------ testing $PTII/ptolemy/domains/de/test/auto/OpenQueueingNetwork.xml
auto.tcl: Setting watchdog for 200 seconds at Mon Jul 23 01:45:32 UTC 2018
2487 ms. Memory: 573952K Free: 413598K (72%)
ptolemy.util.test.WatchDog.cancel(): canceling Mon Jul 23 01:45:34 UTC 2018
auto.tcl: Setting watchdog for 200 seconds at Mon Jul 23 01:45:34 UTC 2018
2416 ms. Memory: 574464K Free: 318505K (55%)
ptolemy.util.test.WatchDog.cancel(): canceling Mon Jul 23 01:45:37 UTC 2018
------------------ testing $PTII/ptolemy/domains/de/test/auto/OpenQueuingNetwork.xml
auto.tcl: Setting watchdog for 200 seconds at Mon Jul 23 01:45:37 UTC 2018
220 ms. Memory: 1064960K Free: 937515K (88%)
ptolemy.util.test.WatchDog.cancel(): canceling Mon Jul 23 01:45:37 UTC 2018
auto.tcl: Setting watchdog for 200 seconds at Mon Jul 23 01:45:37 UTC 2018
218 ms. Memory: 1064960K Free: 881242K (83%)
ptolemy.util.test.WatchDog.cancel(): canceling Mon Jul 23 01:45:37 UTC 2018
------------------ testing $PTII/ptolemy/domains/de/test/auto/PeriodicSampler.xml
auto.tcl: Setting watchdog for 200 seconds at Mon Jul 23 01:45:37 UTC 2018
3 ms. Memory: 1065472K Free: 1026146K (96%)
ptolemy.util.test.WatchDog.cancel(): canceling Mon Jul 23 01:45:37 UTC 2018
auto.tcl: Setting watchdog for 200 seconds at Mon Jul 23 01:45:37 UTC 2018
1 ms. Memory: 1065472K Free: 1026146K (96%)
ptolemy.util.test.WatchDog.cancel(): canceling Mon Jul 23 01:45:37 UTC 2018
------------------ testing $PTII/ptolemy/domains/de/test/auto/PersistentIO.xml
auto.tcl: Setting watchdog for 200 seconds at Mon Jul 23 01:45:37 UTC 2018
10 ms. Memory: 1064960K Free: 1026215K (96%)
ptolemy.util.test.WatchDog.cancel(): canceling Mon Jul 23 01:45:37 UTC 2018
auto.tcl: Setting watchdog for 200 seconds at Mon Jul 23 01:45:37 UTC 2018
4 ms. Memory: 1064960K Free: 1026215K (96%)
ptolemy.util.test.WatchDog.cancel(): canceling Mon Jul 23 01:45:37 UTC 2018
------------------ testing $PTII/ptolemy/domains/de/test/auto/PortParameterResetOnInitialize.xml
auto.tcl: Setting watchdog for 200 seconds at Mon Jul 23 01:45:37 UTC 2018
2 ms. Memory: 1065472K Free: 1026590K (96%)
ptolemy.util.test.WatchDog.cancel(): canceling Mon Jul 23 01:45:37 UTC 2018
auto.tcl: Setting watchdog for 200 seconds at Mon Jul 23 01:45:37 UTC 2018
2 ms. Memory: 1065472K Free: 1026590K (96%)
ptolemy.util.test.WatchDog.cancel(): canceling Mon Jul 23 01:45:37 UTC 2018
------------------ testing $PTII/ptolemy/domains/de/test/auto/PortParameterUpdates.xml
auto.tcl: Setting watchdog for 200 seconds at Mon Jul 23 01:45:37 UTC 2018
3 ms. Memory: 1065472K Free: 1026723K (96%)
ptolemy.util.test.WatchDog.cancel(): canceling Mon Jul 23 01:45:37 UTC 2018
auto.tcl: Setting watchdog for 200 seconds at Mon Jul 23 01:45:37 UTC 2018
3 ms. Memory: 1065472K Free: 1026723K (96%)
ptolemy.util.test.WatchDog.cancel(): canceling Mon Jul 23 01:45:37 UTC 2018
------------------ testing $PTII/ptolemy/domains/de/test/auto/QueueAndServer.xml
auto.tcl: Setting watchdog for 200 seconds at Mon Jul 23 01:45:38 UTC 2018
12 ms. Memory: 1065472K Free: 1026205K (96%)
ptolemy.util.test.WatchDog.cancel(): canceling Mon Jul 23 01:45:38 UTC 2018
auto.tcl: Setting watchdog for 200 seconds at Mon Jul 23 01:45:38 UTC 2018
6 ms. Memory: 1065472K Free: 1026205K (96%)
ptolemy.util.test.WatchDog.cancel(): canceling Mon Jul 23 01:45:38 UTC 2018
------------------ testing $PTII/ptolemy/domains/de/test/auto/Records.xml
auto.tcl: Setting watchdog for 200 seconds at Mon Jul 23 01:45:38 UTC 2018
7 ms. Memory: 1065472K Free: 1035966K (97%)
ptolemy.util.test.WatchDog.cancel(): canceling Mon Jul 23 01:45:38 UTC 2018
auto.tcl: Setting watchdog for 200 seconds at Mon Jul 23 01:45:38 UTC 2018
2 ms. Memory: 1065472K Free: 1035966K (97%)
ptolemy.util.test.WatchDog.cancel(): canceling Mon Jul 23 01:45:38 UTC 2018
------------------ testing $PTII/ptolemy/domains/de/test/auto/ResetTransitionWithStartTime1.xml
auto.tcl: Setting watchdog for 200 seconds at Mon Jul 23 01:45:38 UTC 2018
10 ms. Memory: 1065472K Free: 1036474K (97%)
ptolemy.util.test.WatchDog.cancel(): canceling Mon Jul 23 01:45:38 UTC 2018
auto.tcl: Setting watchdog for 200 seconds at Mon Jul 23 01:45:38 UTC 2018
3 ms. Memory: 1065472K Free: 1035991K (97%)
ptolemy.util.test.WatchDog.cancel(): canceling Mon Jul 23 01:45:38 UTC 2018
------------------ testing $PTII/ptolemy/domains/de/test/auto/ResetTransitionWithStartTime2.xml
auto.tcl: Setting watchdog for 200 seconds at Mon Jul 23 01:45:38 UTC 2018
5 ms. Memory: 1064448K Free: 1035437K (97%)
ptolemy.util.test.WatchDog.cancel(): canceling Mon Jul 23 01:45:38 UTC 2018
auto.tcl: Setting watchdog for 200 seconds at Mon Jul 23 01:45:38 UTC 2018
5 ms. Memory: 1064448K Free: 1035437K (97%)
ptolemy.util.test.WatchDog.cancel(): canceling Mon Jul 23 01:45:38 UTC 2018
------------------ testing $PTII/ptolemy/domains/de/test/auto/ResetTransitionWithStartTime3.xml
auto.tcl: Setting watchdog for 200 seconds at Mon Jul 23 01:45:38 UTC 2018
9 ms. Memory: 1064960K Free: 1035466K (97%)
ptolemy.util.test.WatchDog.cancel(): canceling Mon Jul 23 01:45:38 UTC 2018
auto.tcl: Setting watchdog for 200 seconds at Mon Jul 23 01:45:38 UTC 2018
3 ms. Memory: 1064960K Free: 1035466K (97%)
ptolemy.util.test.WatchDog.cancel(): canceling Mon Jul 23 01:45:38 UTC 2018
------------------ testing $PTII/ptolemy/domains/de/test/auto/ResetTransitionWithStartTime4.xml
auto.tcl: Setting watchdog for 200 seconds at Mon Jul 23 01:45:38 UTC 2018
5 ms. Memory: 1064960K Free: 1035464K (97%)
ptolemy.util.test.WatchDog.cancel(): canceling Mon Jul 23 01:45:38 UTC 2018
auto.tcl: Setting watchdog for 200 seconds at Mon Jul 23 01:45:38 UTC 2018
3 ms. Memory: 1064960K Free: 1035464K (97%)
ptolemy.util.test.WatchDog.cancel(): canceling Mon Jul 23 01:45:38 UTC 2018
------------------ testing $PTII/ptolemy/domains/de/test/auto/ResettableTimer1.xml
auto.tcl: Setting watchdog for 200 seconds at Mon Jul 23 01:45:38 UTC 2018
2 ms. Memory: 1064960K Free: 1035460K (97%)
ptolemy.util.test.WatchDog.cancel(): canceling Mon Jul 23 01:45:38 UTC 2018
auto.tcl: Setting watchdog for 200 seconds at Mon Jul 23 01:45:38 UTC 2018
3 ms. Memory: 1064960K Free: 1035460K (97%)
ptolemy.util.test.WatchDog.cancel(): canceling Mon Jul 23 01:45:38 UTC 2018
------------------ testing $PTII/ptolemy/domains/de/test/auto/ResettableTimer2.xml
auto.tcl: Setting watchdog for 200 seconds at Mon Jul 23 01:45:38 UTC 2018
3 ms. Memory: 1064960K Free: 1036000K (97%)
ptolemy.util.test.WatchDog.cancel(): canceling Mon Jul 23 01:45:38 UTC 2018
auto.tcl: Setting watchdog for 200 seconds at Mon Jul 23 01:45:38 UTC 2018
1 ms. Memory: 1064960K Free: 1036000K (97%)
ptolemy.util.test.WatchDog.cancel(): canceling Mon Jul 23 01:45:38 UTC 2018
------------------ testing $PTII/ptolemy/domains/de/test/auto/ResettableTimer3.xml
auto.tcl: Setting watchdog for 200 seconds at Mon Jul 23 01:45:38 UTC 2018
1 ms. Memory: 1064960K Free: 1035517K (97%)
ptolemy.util.test.WatchDog.cancel(): canceling Mon Jul 23 01:45:38 UTC 2018
auto.tcl: Setting watchdog for 200 seconds at Mon Jul 23 01:45:38 UTC 2018
2 ms. Memory: 1064960K Free: 1035517K (97%)
ptolemy.util.test.WatchDog.cancel(): canceling Mon Jul 23 01:45:38 UTC 2018
------------------ testing $PTII/ptolemy/domains/de/test/auto/ResettableTimer4.xml
auto.tcl: Setting watchdog for 200 seconds at Mon Jul 23 01:45:38 UTC 2018
1 ms. Memory: 1063936K Free: 1034988K (97%)
ptolemy.util.test.WatchDog.cancel(): canceling Mon Jul 23 01:45:38 UTC 2018
auto.tcl: Setting watchdog for 200 seconds at Mon Jul 23 01:45:38 UTC 2018
2 ms. Memory: 1063936K Free: 1034988K (97%)
ptolemy.util.test.WatchDog.cancel(): canceling Mon Jul 23 01:45:38 UTC 2018
------------------ testing $PTII/ptolemy/domains/de/test/auto/ResettableTimer5.xml
auto.tcl: Setting watchdog for 200 seconds at Mon Jul 23 01:45:38 UTC 2018
3 ms. Memory: 1064448K Free: 1025678K (96%)
ptolemy.util.test.WatchDog.cancel(): canceling Mon Jul 23 01:45:38 UTC 2018
auto.tcl: Setting watchdog for 200 seconds at Mon Jul 23 01:45:38 UTC 2018
1 ms. Memory: 1064448K Free: 1025678K (96%)
ptolemy.util.test.WatchDog.cancel(): canceling Mon Jul 23 01:45:38 UTC 2018
------------------ testing $PTII/ptolemy/domains/de/test/auto/ResettableTimer6.xml
auto.tcl: Setting watchdog for 200 seconds at Mon Jul 23 01:45:38 UTC 2018
3 ms. Memory: 1064448K Free: 1025146K (96%)
ptolemy.util.test.WatchDog.cancel(): canceling Mon Jul 23 01:45:38 UTC 2018
auto.tcl: Setting watchdog for 200 seconds at Mon Jul 23 01:45:38 UTC 2018
2 ms. Memory: 1064448K Free: 1025146K (96%)
ptolemy.util.test.WatchDog.cancel(): canceling Mon Jul 23 01:45:38 UTC 2018
------------------ testing $PTII/ptolemy/domains/de/test/auto/ServerZeroDelay.xml
auto.tcl: Setting watchdog for 200 seconds at Mon Jul 23 01:45:38 UTC 2018
4 ms. Memory: 1064448K Free: 1035439K (97%)
ptolemy.util.test.WatchDog.cancel(): canceling Mon Jul 23 01:45:38 UTC 2018
auto.tcl: Setting watchdog for 200 seconds at Mon Jul 23 01:45:38 UTC 2018
2 ms. Memory: 1064448K Free: 1035439K (97%)
ptolemy.util.test.WatchDog.cancel(): canceling Mon Jul 23 01:45:38 UTC 2018
------------------ testing $PTII/ptolemy/domains/de/test/auto/SmartSender.xml
auto.tcl: Setting watchdog for 200 seconds at Mon Jul 23 01:45:38 UTC 2018
3001 ms. Memory: 1064448K Free: 1025614K (96%)
ptolemy.util.test.WatchDog.cancel(): canceling Mon Jul 23 01:45:41 UTC 2018
auto.tcl: Setting watchdog for 200 seconds at Mon Jul 23 01:45:41 UTC 2018
3003 ms. Memory: 1064448K Free: 1025614K (96%)
ptolemy.util.test.WatchDog.cancel(): canceling Mon Jul 23 01:45:44 UTC 2018
------------------ testing $PTII/ptolemy/domains/de/test/auto/ThreadedComposite.xml
auto.tcl: Setting watchdog for 200 seconds at Mon Jul 23 01:45:44 UTC 2018
211 ms. Memory: 1064448K Free: 1005505K (94%)
ptolemy.util.test.WatchDog.cancel(): canceling Mon Jul 23 01:45:45 UTC 2018
auto.tcl: Setting watchdog for 200 seconds at Mon Jul 23 01:45:45 UTC 2018
195 ms. Memory: 1064448K Free: 971773K (91%)
ptolemy.util.test.WatchDog.cancel(): canceling Mon Jul 23 01:45:45 UTC 2018
------------------ testing $PTII/ptolemy/domains/de/test/auto/Time.xml
auto.tcl: Setting watchdog for 200 seconds at Mon Jul 23 01:45:45 UTC 2018
477 ms. Memory: 1064448K Free: 985576K (93%)
ptolemy.util.test.WatchDog.cancel(): canceling Mon Jul 23 01:45:45 UTC 2018
auto.tcl: Setting watchdog for 200 seconds at Mon Jul 23 01:45:45 UTC 2018
446 ms. Memory: 1064448K Free: 929273K (87%)
ptolemy.util.test.WatchDog.cancel(): canceling Mon Jul 23 01:45:46 UTC 2018
------------------ testing $PTII/ptolemy/domains/de/test/auto/TimeDelayZeroDelay.xml
auto.tcl: Setting watchdog for 200 seconds at Mon Jul 23 01:45:46 UTC 2018
2 ms. Memory: 1064448K Free: 1034875K (97%)
ptolemy.util.test.WatchDog.cancel(): canceling Mon Jul 23 01:45:46 UTC 2018
auto.tcl: Setting watchdog for 200 seconds at Mon Jul 23 01:45:46 UTC 2018
2 ms. Memory: 1064448K Free: 1034875K (97%)
ptolemy.util.test.WatchDog.cancel(): canceling Mon Jul 23 01:45:46 UTC 2018
------------------ testing $PTII/ptolemy/domains/de/test/auto/TimerZeroDelay.xml
auto.tcl: Setting watchdog for 200 seconds at Mon Jul 23 01:45:46 UTC 2018
3 ms. Memory: 1063424K Free: 1034376K (97%)
ptolemy.util.test.WatchDog.cancel(): canceling Mon Jul 23 01:45:46 UTC 2018
auto.tcl: Setting watchdog for 200 seconds at Mon Jul 23 01:45:46 UTC 2018
1 ms. Memory: 1063424K Free: 1034376K (97%)
ptolemy.util.test.WatchDog.cancel(): canceling Mon Jul 23 01:45:46 UTC 2018
------------------ testing $PTII/ptolemy/domains/de/test/auto/TimingParadox.xml
auto.tcl: Setting watchdog for 200 seconds at Mon Jul 23 01:45:46 UTC 2018
346 ms. Memory: 1063936K Free: 976778K (92%)
ptolemy.util.test.WatchDog.cancel(): canceling Mon Jul 23 01:45:47 UTC 2018
auto.tcl: Setting watchdog for 200 seconds at Mon Jul 23 01:45:47 UTC 2018
314 ms. Memory: 1063936K Free: 934551K (88%)
ptolemy.util.test.WatchDog.cancel(): canceling Mon Jul 23 01:45:47 UTC 2018
------------------ testing $PTII/ptolemy/domains/de/test/auto/TransferInputs.xml
auto.tcl: Setting watchdog for 200 seconds at Mon Jul 23 01:45:47 UTC 2018
1 ms. Memory: 1063424K Free: 1033291K (97%)
ptolemy.util.test.WatchDog.cancel(): canceling Mon Jul 23 01:45:47 UTC 2018
auto.tcl: Setting watchdog for 200 seconds at Mon Jul 23 01:45:47 UTC 2018
1 ms. Memory: 1063424K Free: 1033291K (97%)
ptolemy.util.test.WatchDog.cancel(): canceling Mon Jul 23 01:45:47 UTC 2018
------------------ testing $PTII/ptolemy/domains/de/test/auto/TransferOutputs2.xml
auto.tcl: Setting watchdog for 200 seconds at Mon Jul 23 01:45:47 UTC 2018
3 ms. Memory: 1063936K Free: 1025090K (96%)
ptolemy.util.test.WatchDog.cancel(): canceling Mon Jul 23 01:45:47 UTC 2018
auto.tcl: Setting watchdog for 200 seconds at Mon Jul 23 01:45:47 UTC 2018
3 ms. Memory: 1063936K Free: 1025090K (96%)
ptolemy.util.test.WatchDog.cancel(): canceling Mon Jul 23 01:45:47 UTC 2018
------------------ testing $PTII/ptolemy/domains/de/test/auto/Trilateration.xml
auto.tcl: Setting watchdog for 200 seconds at Mon Jul 23 01:45:47 UTC 2018
12547 ms. Memory: 933376K Free: 822892K (88%)
ptolemy.util.test.WatchDog.cancel(): canceling Mon Jul 23 01:46:01 UTC 2018
auto.tcl: Setting watchdog for 200 seconds at Mon Jul 23 01:46:01 UTC 2018
10409 ms. Memory: 812544K Free: 551797K (68%)
ptolemy.util.test.WatchDog.cancel(): canceling Mon Jul 23 01:46:11 UTC 2018
------------------ testing $PTII/ptolemy/domains/de/test/auto/TwoSigmaDelta.xml
auto.tcl: Setting watchdog for 200 seconds at Mon Jul 23 01:46:11 UTC 2018
2683 ms. Memory: 816640K Free: 510550K (63%)
ptolemy.util.test.WatchDog.cancel(): canceling Mon Jul 23 01:46:14 UTC 2018
auto.tcl: Setting watchdog for 200 seconds at Mon Jul 23 01:46:14 UTC 2018
2037 ms. Memory: 816640K Free: 280493K (34%)
ptolemy.util.test.WatchDog.cancel(): canceling Mon Jul 23 01:46:16 UTC 2018
------------------ testing $PTII/ptolemy/domains/de/test/auto/VariableDelay.xml
auto.tcl: Setting watchdog for 200 seconds at Mon Jul 23 01:46:16 UTC 2018
3 ms. Memory: 813056K Free: 789301K (97%)
ptolemy.util.test.WatchDog.cancel(): canceling Mon Jul 23 01:46:16 UTC 2018
auto.tcl: Setting watchdog for 200 seconds at Mon Jul 23 01:46:16 UTC 2018
1 ms. Memory: 813056K Free: 789301K (97%)
ptolemy.util.test.WatchDog.cancel(): canceling Mon Jul 23 01:46:16 UTC 2018
------------------ testing $PTII/ptolemy/domains/de/test/auto/VariableDelay2.xml
auto.tcl: Setting watchdog for 200 seconds at Mon Jul 23 01:46:16 UTC 2018
2 ms. Memory: 812544K Free: 789245K (97%)
ptolemy.util.test.WatchDog.cancel(): canceling Mon Jul 23 01:46:16 UTC 2018
auto.tcl: Setting watchdog for 200 seconds at Mon Jul 23 01:46:16 UTC 2018
2 ms. Memory: 812544K Free: 789245K (97%)
ptolemy.util.test.WatchDog.cancel(): canceling Mon Jul 23 01:46:16 UTC 2018
------------------ testing $PTII/ptolemy/domains/de/test/auto/VariableDelayZeroDelay.xml
auto.tcl: Setting watchdog for 200 seconds at Mon Jul 23 01:46:16 UTC 2018
2 ms. Memory: 812544K Free: 789244K (97%)
ptolemy.util.test.WatchDog.cancel(): canceling Mon Jul 23 01:46:16 UTC 2018
auto.tcl: Setting watchdog for 200 seconds at Mon Jul 23 01:46:16 UTC 2018
2 ms. Memory: 812544K Free: 789244K (97%)
ptolemy.util.test.WatchDog.cancel(): canceling Mon Jul 23 01:46:16 UTC 2018
------------------ testing $PTII/ptolemy/domains/de/test/auto/VariableDelayZeroDelay2.xml
auto.tcl: Setting watchdog for 200 seconds at Mon Jul 23 01:46:16 UTC 2018
2 ms. Memory: 816128K Free: 785514K (96%)
ptolemy.util.test.WatchDog.cancel(): canceling Mon Jul 23 01:46:16 UTC 2018
auto.tcl: Setting watchdog for 200 seconds at Mon Jul 23 01:46:16 UTC 2018
2 ms. Memory: 816128K Free: 785514K (96%)
ptolemy.util.test.WatchDog.cancel(): canceling Mon Jul 23 01:46:16 UTC 2018
------------------ testing $PTII/ptolemy/domains/de/test/auto/deInCt.xml
auto.tcl: Setting watchdog for 200 seconds at Mon Jul 23 01:46:16 UTC 2018
0
1
1
1
0
0
1
1
0
0
1
1
1
0
0
0
0
0
1
1
1
0
0
0
1
1
1
1
1
0
0
0
1
1
1
0
0
1
1
1
0
0
1
1
1
0
0
0
1
1
0
0
0
0
0
9 ms. Memory: 812544K Free: 781886K (96%)
ptolemy.util.test.WatchDog.cancel(): canceling Mon Jul 23 01:46:16 UTC 2018
auto.tcl: Setting watchdog for 200 seconds at Mon Jul 23 01:46:16 UTC 2018
0
1
1
1
0
0
0
0
1
1
1
1
0
0
0
0
1
1
1
1
0
0
0
0
1
1
1
0
0
0
1
1
1
0
0
1
1
1
1
5 ms. Memory: 812544K Free: 781886K (96%)
ptolemy.util.test.WatchDog.cancel(): canceling Mon Jul 23 01:46:16 UTC 2018
------------------ testing $PTII/ptolemy/domains/de/test/auto/deInCt2.xml
auto.tcl: Setting watchdog for 200 seconds at Mon Jul 23 01:46:16 UTC 2018
0
1
1
1
0
0
1
1
1
0
0
1
1
1
0
0
1
1
1
0
0
1
1
1
0
0
1
1
1
0
0
1
1
1
0
0
1
1
1
0
0
0
10 ms. Memory: 815616K Free: 784958K (96%)
ptolemy.util.test.WatchDog.cancel(): canceling Mon Jul 23 01:46:16 UTC 2018
auto.tcl: Setting watchdog for 200 seconds at Mon Jul 23 01:46:16 UTC 2018
0
1
1
1
0
0
1
1
1
0
0
1
1
1
0
0
1
1
1
0
0
1
1
1
0
0
1
1
1
0
0
1
1
1
0
0
1
1
1
0
0
0
5 ms. Memory: 815616K Free: 784958K (96%)
ptolemy.util.test.WatchDog.cancel(): canceling Mon Jul 23 01:46:16 UTC 2018
------------------ testing $PTII/ptolemy/domains/de/test/auto/dynamicCausalityInterface1.xml
auto.tcl: Setting watchdog for 200 seconds at Mon Jul 23 01:46:16 UTC 2018
2 ms. Memory: 812544K Free: 789235K (97%)
ptolemy.util.test.WatchDog.cancel(): canceling Mon Jul 23 01:46:16 UTC 2018
auto.tcl: Setting watchdog for 200 seconds at Mon Jul 23 01:46:16 UTC 2018
1 ms. Memory: 812544K Free: 789235K (97%)
ptolemy.util.test.WatchDog.cancel(): canceling Mon Jul 23 01:46:16 UTC 2018
------------------ testing $PTII/ptolemy/domains/de/test/auto/fsm_de_test.xml
auto.tcl: Setting watchdog for 200 seconds at Mon Jul 23 01:46:16 UTC 2018
6 ms. Memory: 815104K Free: 784379K (96%)
ptolemy.util.test.WatchDog.cancel(): canceling Mon Jul 23 01:46:17 UTC 2018
auto.tcl: Setting watchdog for 200 seconds at Mon Jul 23 01:46:17 UTC 2018
4 ms. Memory: 815104K Free: 784379K (96%)
ptolemy.util.test.WatchDog.cancel(): canceling Mon Jul 23 01:46:17 UTC 2018
------------------ testing $PTII/ptolemy/domains/de/test/auto/functionDependencyReconstruction.xml
auto.tcl: Setting watchdog for 200 seconds at Mon Jul 23 01:46:17 UTC 2018
4 ms. Memory: 812544K Free: 771090K (95%)
ptolemy.util.test.WatchDog.cancel(): canceling Mon Jul 23 01:46:17 UTC 2018
auto.tcl: Setting watchdog for 200 seconds at Mon Jul 23 01:46:17 UTC 2018
2 ms. Memory: 812544K Free: 771090K (95%)
ptolemy.util.test.WatchDog.cancel(): canceling Mon Jul 23 01:46:17 UTC 2018
------------------ testing $PTII/ptolemy/domains/de/test/auto/multirate.xml
auto.tcl: Setting watchdog for 200 seconds at Mon Jul 23 01:46:17 UTC 2018
6 ms. Memory: 814592K Free: 783734K (96%)
ptolemy.util.test.WatchDog.cancel(): canceling Mon Jul 23 01:46:17 UTC 2018
auto.tcl: Setting watchdog for 200 seconds at Mon Jul 23 01:46:17 UTC 2018
3 ms. Memory: 814592K Free: 783692K (96%)
ptolemy.util.test.WatchDog.cancel(): canceling Mon Jul 23 01:46:17 UTC 2018
------------------ testing $PTII/ptolemy/domains/de/test/auto/multirate2.xml
auto.tcl: Setting watchdog for 200 seconds at Mon Jul 23 01:46:17 UTC 2018
2 ms. Memory: 812544K Free: 781832K (96%)
ptolemy.util.test.WatchDog.cancel(): canceling Mon Jul 23 01:46:17 UTC 2018
auto.tcl: Setting watchdog for 200 seconds at Mon Jul 23 01:46:17 UTC 2018
3 ms. Memory: 812544K Free: 781832K (96%)
ptolemy.util.test.WatchDog.cancel(): canceling Mon Jul 23 01:46:17 UTC 2018
------------------ testing $PTII/ptolemy/domains/de/test/auto/realtime.xml
auto.tcl: Setting watchdog for 200 seconds at Mon Jul 23 01:46:17 UTC 2018
10002 ms. Memory: 814592K Free: 791190K (97%)
ptolemy.util.test.WatchDog.cancel(): canceling Mon Jul 23 01:46:27 UTC 2018
auto.tcl: Setting watchdog for 200 seconds at Mon Jul 23 01:46:27 UTC 2018
10001 ms. Memory: 814592K Free: 791190K (97%)
ptolemy.util.test.WatchDog.cancel(): canceling Mon Jul 23 01:46:37 UTC 2018
------------------ testing $PTII/ptolemy/domains/de/test/auto/relationGroup.xml
auto.tcl: Setting watchdog for 200 seconds at Mon Jul 23 01:46:37 UTC 2018
2 ms. Memory: 812544K Free: 789209K (97%)
ptolemy.util.test.WatchDog.cancel(): canceling Mon Jul 23 01:46:37 UTC 2018
auto.tcl: Setting watchdog for 200 seconds at Mon Jul 23 01:46:37 UTC 2018
2 ms. Memory: 812544K Free: 789209K (97%)
ptolemy.util.test.WatchDog.cancel(): canceling Mon Jul 23 01:46:37 UTC 2018
------------------ testing $PTII/ptolemy/domains/de/test/auto/relationGroup2.xml
auto.tcl: Setting watchdog for 200 seconds at Mon Jul 23 01:46:37 UTC 2018
1 ms. Memory: 814080K Free: 790771K (97%)
ptolemy.util.test.WatchDog.cancel(): canceling Mon Jul 23 01:46:37 UTC 2018
auto.tcl: Setting watchdog for 200 seconds at Mon Jul 23 01:46:37 UTC 2018
1 ms. Memory: 814080K Free: 790771K (97%)
ptolemy.util.test.WatchDog.cancel(): canceling Mon Jul 23 01:46:37 UTC 2018
------------------ testing $PTII/ptolemy/domains/de/test/auto/sortWithOpaquePorts.xml
auto.tcl: Setting watchdog for 200 seconds at Mon Jul 23 01:46:37 UTC 2018
1 ms. Memory: 812544K Free: 781925K (96%)
ptolemy.util.test.WatchDog.cancel(): canceling Mon Jul 23 01:46:37 UTC 2018
auto.tcl: Setting watchdog for 200 seconds at Mon Jul 23 01:46:37 UTC 2018
1 ms. Memory: 812544K Free: 781925K (96%)
ptolemy.util.test.WatchDog.cancel(): canceling Mon Jul 23 01:46:37 UTC 2018
------------------ testing $PTII/ptolemy/domains/de/test/auto/transferInputsandOutputs.xml
auto.tcl: Setting watchdog for 200 seconds at Mon Jul 23 01:46:37 UTC 2018
2 ms. Memory: 814080K Free: 783448K (96%)
ptolemy.util.test.WatchDog.cancel(): canceling Mon Jul 23 01:46:37 UTC 2018
auto.tcl: Setting watchdog for 200 seconds at Mon Jul 23 01:46:37 UTC 2018
2 ms. Memory: 814080K Free: 783448K (96%)
ptolemy.util.test.WatchDog.cancel(): canceling Mon Jul 23 01:46:37 UTC 2018
------------------ testing $PTII/ptolemy/domains/de/test/auto/triggerType.xml
auto.tcl: Setting watchdog for 200 seconds at Mon Jul 23 01:46:37 UTC 2018
1 ms. Memory: 812544K Free: 781863K (96%)
ptolemy.util.test.WatchDog.cancel(): canceling Mon Jul 23 01:46:37 UTC 2018
auto.tcl: Setting watchdog for 200 seconds at Mon Jul 23 01:46:37 UTC 2018
2 ms. Memory: 812544K Free: 781863K (96%)
ptolemy.util.test.WatchDog.cancel(): canceling Mon Jul 23 01:46:37 UTC 2018
07/23/18 01:46:37
Failed: 0  Total Tests: 192  ((Passed: 187, Newly Passed: 1)  Known Failed: 5) /home/travis/build/icyphy/ptII/ptolemy/domains/de/test
07/23/18 01:46:37
Failed: 0  Total Tests: 192  ((Passed: 187, Newly Passed: 1)  Known Failed: 5) /home/travis/build/icyphy/ptII/ptolemy/domains/de/test
----------------- testing (KnownFailure) /home/travis/build/icyphy/ptII/ptolemy/domains/de/test/auto/knownFailedTests/DESDFClockTest.xml
2009 ms. Memory: 813568K Free: 768318K (94%)
Known Failure: java.lang.reflect.InvocationTargetException
----------------- testing (KnownFailure) /home/travis/build/icyphy/ptII/ptolemy/domains/de/test/auto/knownFailedTests/DirectFeedback.xml
1 ms. Memory: 813568K Free: 709785K (87%)
Known Failure: java.lang.reflect.InvocationTargetException
----------------- testing (KnownFailure) /home/travis/build/icyphy/ptII/ptolemy/domains/de/test/auto/knownFailedTests/FSMSource.xml
12 ms. Memory: 813568K Free: 651294K (80%)
----------------- testing (KnownFailure) /home/travis/build/icyphy/ptII/ptolemy/domains/de/test/auto/knownFailedTests/HierarchicalModel.xml
2 ms. Memory: 813568K Free: 607410K (75%)
Known Failure: java.lang.reflect.InvocationTargetException
----------------- testing (KnownFailure) /home/travis/build/icyphy/ptII/ptolemy/domains/de/test/auto/knownFailedTests/dependencyLoop.xml
3 ms. Memory: 813568K Free: 534280K (66%)
Known Failure: java.lang.reflect.InvocationTargetException
----------------- testing (KnownFailure) /home/travis/build/icyphy/ptII/ptolemy/domains/de/test/auto/knownFailedTests/dependencyLoop2.xml
3 ms. Memory: 813568K Free: 461150K (57%)
Known Failure: java.lang.reflect.InvocationTargetException
No auto/linux-amd64/*.xml tests in /home/travis/build/icyphy/ptII/ptolemy/domains/de/test
AutoTests.java: About to close Vertx.
AutoTests.java: Vertx closed.

===========================================================================================
----------------- testing Mon Jul 23 01:46:39 UTC 2018 /home/travis/build/icyphy/ptII/ptolemy/domains/de/test/auto/ActorDepthCalculation_actorWithoutPorts.xml
----------------- Instantiating /home/travis/build/icyphy/ptII/ptolemy/domains/de/test/auto/ActorDepthCalculation_actorWithoutPorts.xml
2 ms. Memory: 813568K Free: 388036K (48%)
----------------- Invoking toplevel() on ptolemy.moml.MoMLSimpleApplication@7669e81e
----------------- Done invoking toplevel() on ptolemy.moml.MoMLSimpleApplication@7669e81e
reloadAllAccessors: .ActorDepthCalculation_actorWithoutPorts

===========================================================================================
----------------- testing Mon Jul 23 01:46:39 UTC 2018 /home/travis/build/icyphy/ptII/ptolemy/domains/de/test/auto/AssemblyLine.xml
----------------- Instantiating /home/travis/build/icyphy/ptII/ptolemy/domains/de/test/auto/AssemblyLine.xml
2 ms. Memory: 813568K Free: 358790K (44%)
----------------- Invoking toplevel() on ptolemy.moml.MoMLSimpleApplication@198933f4
----------------- Done invoking toplevel() on ptolemy.moml.MoMLSimpleApplication@198933f4
reloadAllAccessors: .AssemblyLine

===========================================================================================
----------------- testing Mon Jul 23 01:46:39 UTC 2018 /home/travis/build/icyphy/ptII/ptolemy/domains/de/test/auto/CQBug1.xml
----------------- Instantiating /home/travis/build/icyphy/ptII/ptolemy/domains/de/test/auto/CQBug1.xml
1 ms. Memory: 813568K Free: 329545K (41%)
----------------- Invoking toplevel() on ptolemy.moml.MoMLSimpleApplication@5b41ca31
----------------- Done invoking toplevel() on ptolemy.moml.MoMLSimpleApplication@5b41ca31
reloadAllAccessors: .CQBug1

===========================================================================================
----------------- testing Mon Jul 23 01:46:39 UTC 2018 /home/travis/build/icyphy/ptII/ptolemy/domains/de/test/auto/CancelFireAt.xml
----------------- Instantiating /home/travis/build/icyphy/ptII/ptolemy/domains/de/test/auto/CancelFireAt.xml
1 ms. Memory: 813568K Free: 300300K (37%)
----------------- Invoking toplevel() on ptolemy.moml.MoMLSimpleApplication@6d7714c7
----------------- Done invoking toplevel() on ptolemy.moml.MoMLSimpleApplication@6d7714c7
reloadAllAccessors: .CancelFireAt

===========================================================================================
----------------- testing Mon Jul 23 01:46:39 UTC 2018 /home/travis/build/icyphy/ptII/ptolemy/domains/de/test/auto/CausalityAndComposabilityAnalysis.xml
----------------- Instantiating /home/travis/build/icyphy/ptII/ptolemy/domains/de/test/auto/CausalityAndComposabilityAnalysis.xml
2 ms. Memory: 813568K Free: 271054K (33%)
----------------- Invoking toplevel() on ptolemy.moml.MoMLSimpleApplication@60c5628d
----------------- Done invoking toplevel() on ptolemy.moml.MoMLSimpleApplication@60c5628d
reloadAllAccessors: .CausalityAndComposabilityAnalysis

===========================================================================================
----------------- testing Mon Jul 23 01:46:39 UTC 2018 /home/travis/build/icyphy/ptII/ptolemy/domains/de/test/auto/CausalityInterface1.xml
----------------- Instantiating /home/travis/build/icyphy/ptII/ptolemy/domains/de/test/auto/CausalityInterface1.xml
4 ms. Memory: 813568K Free: 241809K (30%)
----------------- Invoking toplevel() on ptolemy.moml.MoMLSimpleApplication@5811e32f
----------------- Done invoking toplevel() on ptolemy.moml.MoMLSimpleApplication@5811e32f
reloadAllAccessors: .CausalityInterface1

===========================================================================================
----------------- testing Mon Jul 23 01:46:40 UTC 2018 /home/travis/build/icyphy/ptII/ptolemy/domains/de/test/auto/CausalityInterface15.xml
----------------- Instantiating /home/travis/build/icyphy/ptII/ptolemy/domains/de/test/auto/CausalityInterface15.xml
1 ms. Memory: 813568K Free: 212563K (26%)
----------------- Invoking toplevel() on ptolemy.moml.MoMLSimpleApplication@5c23ff75
----------------- Done invoking toplevel() on ptolemy.moml.MoMLSimpleApplication@5c23ff75
reloadAllAccessors: .CausalityInterface15

===========================================================================================
----------------- testing Mon Jul 23 01:46:40 UTC 2018 /home/travis/build/icyphy/ptII/ptolemy/domains/de/test/auto/CausalityInterface2.xml
----------------- Instantiating /home/travis/build/icyphy/ptII/ptolemy/domains/de/test/auto/CausalityInterface2.xml
1 ms. Memory: 813568K Free: 183318K (23%)
----------------- Invoking toplevel() on ptolemy.moml.MoMLSimpleApplication@6e15c362
----------------- Done invoking toplevel() on ptolemy.moml.MoMLSimpleApplication@6e15c362
reloadAllAccessors: .CausalityInterface2

===========================================================================================
----------------- testing Mon Jul 23 01:46:40 UTC 2018 /home/travis/build/icyphy/ptII/ptolemy/domains/de/test/auto/CausalityInterface3.xml
----------------- Instantiating /home/travis/build/icyphy/ptII/ptolemy/domains/de/test/auto/CausalityInterface3.xml
1 ms. Memory: 813568K Free: 154072K (19%)
----------------- Invoking toplevel() on ptolemy.moml.MoMLSimpleApplication@11f33b27
----------------- Done invoking toplevel() on ptolemy.moml.MoMLSimpleApplication@11f33b27
reloadAllAccessors: .CausalityInterface3

===========================================================================================
----------------- testing Mon Jul 23 01:46:40 UTC 2018 /home/travis/build/icyphy/ptII/ptolemy/domains/de/test/auto/ClockDrift.xml
----------------- Instantiating /home/travis/build/icyphy/ptII/ptolemy/domains/de/test/auto/ClockDrift.xml
22 ms. Memory: 813568K Free: 124827K (15%)
----------------- Invoking toplevel() on ptolemy.moml.MoMLSimpleApplication@6c595a13
----------------- Done invoking toplevel() on ptolemy.moml.MoMLSimpleApplication@6c595a13
reloadAllAccessors: .ClockDrift

===========================================================================================
----------------- testing Mon Jul 23 01:46:40 UTC 2018 /home/travis/build/icyphy/ptII/ptolemy/domains/de/test/auto/ClockDriftAndValueChange.xml
----------------- Instantiating /home/travis/build/icyphy/ptII/ptolemy/domains/de/test/auto/ClockDriftAndValueChange.xml
10 ms. Memory: 813568K Free: 95581K (12%)
----------------- Invoking toplevel() on ptolemy.moml.MoMLSimpleApplication@232e0c48
----------------- Done invoking toplevel() on ptolemy.moml.MoMLSimpleApplication@232e0c48
reloadAllAccessors: .ClockDriftAndValueChange

===========================================================================================
----------------- testing Mon Jul 23 01:46:40 UTC 2018 /home/travis/build/icyphy/ptII/ptolemy/domains/de/test/auto/ClockDriftChange.xml
----------------- Instantiating /home/travis/build/icyphy/ptII/ptolemy/domains/de/test/auto/ClockDriftChange.xml
9 ms. Memory: 813568K Free: 77130K (9%)
----------------- Invoking toplevel() on ptolemy.moml.MoMLSimpleApplication@5d9df498
----------------- Done invoking toplevel() on ptolemy.moml.MoMLSimpleApplication@5d9df498
reloadAllAccessors: .ClockDriftChange

===========================================================================================
----------------- testing Mon Jul 23 01:46:40 UTC 2018 /home/travis/build/icyphy/ptII/ptolemy/domains/de/test/auto/ComposableCausalityAnalysis.xml
----------------- Instantiating /home/travis/build/icyphy/ptII/ptolemy/domains/de/test/auto/ComposableCausalityAnalysis.xml
1 ms. Memory: 777728K Free: 751087K (97%)
----------------- Invoking toplevel() on ptolemy.moml.MoMLSimpleApplication@465a5503
----------------- Done invoking toplevel() on ptolemy.moml.MoMLSimpleApplication@465a5503
reloadAllAccessors: .ComposableCausalityAnalysis

===========================================================================================
----------------- testing Mon Jul 23 01:46:40 UTC 2018 /home/travis/build/icyphy/ptII/ptolemy/domains/de/test/auto/DEFixedPointLimitation.xml
----------------- Instantiating /home/travis/build/icyphy/ptII/ptolemy/domains/de/test/auto/DEFixedPointLimitation.xml
1 ms. Memory: 777728K Free: 730535K (94%)
----------------- Invoking toplevel() on ptolemy.moml.MoMLSimpleApplication@56130f50
----------------- Done invoking toplevel() on ptolemy.moml.MoMLSimpleApplication@56130f50
reloadAllAccessors: .DEFixedPointLimitation

===========================================================================================
----------------- testing Mon Jul 23 01:46:40 UTC 2018 /home/travis/build/icyphy/ptII/ptolemy/domains/de/test/auto/DEScheduleTest.xml
----------------- Instantiating /home/travis/build/icyphy/ptII/ptolemy/domains/de/test/auto/DEScheduleTest.xml
2 ms. Memory: 777728K Free: 716609K (92%)
----------------- Invoking toplevel() on ptolemy.moml.MoMLSimpleApplication@68b04c2d
----------------- Done invoking toplevel() on ptolemy.moml.MoMLSimpleApplication@68b04c2d
reloadAllAccessors: .DEScheduleTest

===========================================================================================
----------------- testing Mon Jul 23 01:46:40 UTC 2018 /home/travis/build/icyphy/ptII/ptolemy/domains/de/test/auto/DEinDEwithStartTimes.xml
----------------- Instantiating /home/travis/build/icyphy/ptII/ptolemy/domains/de/test/auto/DEinDEwithStartTimes.xml
1 ms. Memory: 777728K Free: 702683K (90%)
----------------- Invoking toplevel() on ptolemy.moml.MoMLSimpleApplication@20a84199
----------------- Done invoking toplevel() on ptolemy.moml.MoMLSimpleApplication@20a84199
reloadAllAccessors: .DEinDEwithStartTimes

===========================================================================================
----------------- testing Mon Jul 23 01:46:40 UTC 2018 /home/travis/build/icyphy/ptII/ptolemy/domains/de/test/auto/DEinDEwithStartTimes2.xml
----------------- Instantiating /home/travis/build/icyphy/ptII/ptolemy/domains/de/test/auto/DEinDEwithStartTimes2.xml
2 ms. Memory: 777728K Free: 688730K (89%)
----------------- Invoking toplevel() on ptolemy.moml.MoMLSimpleApplication@4c7034ac
----------------- Done invoking toplevel() on ptolemy.moml.MoMLSimpleApplication@4c7034ac
reloadAllAccessors: .DEinDEwithStartTimes2

===========================================================================================
----------------- testing Mon Jul 23 01:46:40 UTC 2018 /home/travis/build/icyphy/ptII/ptolemy/domains/de/test/auto/DateDemo.xml
----------------- Instantiating /home/travis/build/icyphy/ptII/ptolemy/domains/de/test/auto/DateDemo.xml
4 ms. Memory: 777728K Free: 667825K (86%)
----------------- Invoking toplevel() on ptolemy.moml.MoMLSimpleApplication@6d9a6aa3
----------------- Done invoking toplevel() on ptolemy.moml.MoMLSimpleApplication@6d9a6aa3
reloadAllAccessors: .DateDemo

===========================================================================================
----------------- testing Mon Jul 23 01:46:40 UTC 2018 /home/travis/build/icyphy/ptII/ptolemy/domains/de/test/auto/DateToEvent.xml
----------------- Instantiating /home/travis/build/icyphy/ptII/ptolemy/domains/de/test/auto/DateToEvent.xml
2005 ms. Memory: 777728K Free: 639956K (82%)
----------------- Invoking toplevel() on ptolemy.moml.MoMLSimpleApplication@6cf59fa4
----------------- Done invoking toplevel() on ptolemy.moml.MoMLSimpleApplication@6cf59fa4
reloadAllAccessors: .DateToEvent

===========================================================================================
----------------- testing Mon Jul 23 01:46:42 UTC 2018 /home/travis/build/icyphy/ptII/ptolemy/domains/de/test/auto/DepthTest1.xml
----------------- Instantiating /home/travis/build/icyphy/ptII/ptolemy/domains/de/test/auto/DepthTest1.xml
1 ms. Memory: 777728K Free: 626029K (80%)
----------------- Invoking toplevel() on ptolemy.moml.MoMLSimpleApplication@65783e70
----------------- Done invoking toplevel() on ptolemy.moml.MoMLSimpleApplication@65783e70
reloadAllAccessors: .DepthTest1

===========================================================================================
----------------- testing Mon Jul 23 01:46:42 UTC 2018 /home/travis/build/icyphy/ptII/ptolemy/domains/de/test/auto/DepthTest2.xml
----------------- Instantiating /home/travis/build/icyphy/ptII/ptolemy/domains/de/test/auto/DepthTest2.xml
3 ms. Memory: 777728K Free: 612103K (79%)
----------------- Invoking toplevel() on ptolemy.moml.MoMLSimpleApplication@54d9156d
----------------- Done invoking toplevel() on ptolemy.moml.MoMLSimpleApplication@54d9156d
reloadAllAccessors: .DepthTest2

===========================================================================================
----------------- testing Mon Jul 23 01:46:42 UTC 2018 /home/travis/build/icyphy/ptII/ptolemy/domains/de/test/auto/DepthTest3.xml
----------------- Instantiating /home/travis/build/icyphy/ptII/ptolemy/domains/de/test/auto/DepthTest3.xml
1 ms. Memory: 777728K Free: 598177K (77%)
----------------- Invoking toplevel() on ptolemy.moml.MoMLSimpleApplication@45abeaed
----------------- Done invoking toplevel() on ptolemy.moml.MoMLSimpleApplication@45abeaed
reloadAllAccessors: .DepthTest3

===========================================================================================
----------------- testing Mon Jul 23 01:46:42 UTC 2018 /home/travis/build/icyphy/ptII/ptolemy/domains/de/test/auto/DepthTest4.xml
----------------- Instantiating /home/travis/build/icyphy/ptII/ptolemy/domains/de/test/auto/DepthTest4.xml
2 ms. Memory: 777728K Free: 584250K (75%)
----------------- Invoking toplevel() on ptolemy.moml.MoMLSimpleApplication@4edd04f2
----------------- Done invoking toplevel() on ptolemy.moml.MoMLSimpleApplication@4edd04f2
reloadAllAccessors: .DepthTest4

===========================================================================================
----------------- testing Mon Jul 23 01:46:42 UTC 2018 /home/travis/build/icyphy/ptII/ptolemy/domains/de/test/auto/DepthTest5.xml
----------------- Instantiating /home/travis/build/icyphy/ptII/ptolemy/domains/de/test/auto/DepthTest5.xml
2 ms. Memory: 777728K Free: 570324K (73%)
----------------- Invoking toplevel() on ptolemy.moml.MoMLSimpleApplication@b3667a8
----------------- Done invoking toplevel() on ptolemy.moml.MoMLSimpleApplication@b3667a8
reloadAllAccessors: .DepthTest5

===========================================================================================
----------------- testing Mon Jul 23 01:46:42 UTC 2018 /home/travis/build/icyphy/ptII/ptolemy/domains/de/test/auto/DepthTest6.xml
----------------- Instantiating /home/travis/build/icyphy/ptII/ptolemy/domains/de/test/auto/DepthTest6.xml
5 ms. Memory: 777728K Free: 556397K (72%)
----------------- Invoking toplevel() on ptolemy.moml.MoMLSimpleApplication@3b01be1c
----------------- Done invoking toplevel() on ptolemy.moml.MoMLSimpleApplication@3b01be1c
reloadAllAccessors: .DepthTest6

===========================================================================================
----------------- testing Mon Jul 23 01:46:42 UTC 2018 /home/travis/build/icyphy/ptII/ptolemy/domains/de/test/auto/DepthTest7.xml
----------------- Instantiating /home/travis/build/icyphy/ptII/ptolemy/domains/de/test/auto/DepthTest7.xml
2 ms. Memory: 777728K Free: 542471K (70%)
----------------- Invoking toplevel() on ptolemy.moml.MoMLSimpleApplication@184daf76
----------------- Done invoking toplevel() on ptolemy.moml.MoMLSimpleApplication@184daf76
reloadAllAccessors: .DepthTest7

===========================================================================================
----------------- testing Mon Jul 23 01:46:42 UTC 2018 /home/travis/build/icyphy/ptII/ptolemy/domains/de/test/auto/EventToDate.xml
----------------- Instantiating /home/travis/build/icyphy/ptII/ptolemy/domains/de/test/auto/EventToDate.xml
3004 ms. Memory: 777728K Free: 514618K (66%)
----------------- Invoking toplevel() on ptolemy.moml.MoMLSimpleApplication@75655f0a
----------------- Done invoking toplevel() on ptolemy.moml.MoMLSimpleApplication@75655f0a
reloadAllAccessors: .EventToDate

===========================================================================================
----------------- testing Mon Jul 23 01:46:45 UTC 2018 /home/travis/build/icyphy/ptII/ptolemy/domains/de/test/auto/FSM1.xml
----------------- Instantiating /home/travis/build/icyphy/ptII/ptolemy/domains/de/test/auto/FSM1.xml
16 ms. Memory: 777728K Free: 487087K (63%)
----------------- Invoking toplevel() on ptolemy.moml.MoMLSimpleApplication@7b5c6e1a
----------------- Done invoking toplevel() on ptolemy.moml.MoMLSimpleApplication@7b5c6e1a
reloadAllAccessors: .FSM1

===========================================================================================
----------------- testing Mon Jul 23 01:46:45 UTC 2018 /home/travis/build/icyphy/ptII/ptolemy/domains/de/test/auto/FSM7.xml
----------------- Instantiating /home/travis/build/icyphy/ptII/ptolemy/domains/de/test/auto/FSM7.xml
8 ms. Memory: 777728K Free: 466181K (60%)
----------------- Invoking toplevel() on ptolemy.moml.MoMLSimpleApplication@7da50e37
----------------- Done invoking toplevel() on ptolemy.moml.MoMLSimpleApplication@7da50e37
reloadAllAccessors: .FSM7

===========================================================================================
----------------- testing Mon Jul 23 01:46:45 UTC 2018 /home/travis/build/icyphy/ptII/ptolemy/domains/de/test/auto/Inspection.xml
----------------- Instantiating /home/travis/build/icyphy/ptII/ptolemy/domains/de/test/auto/Inspection.xml
12 ms. Memory: 777728K Free: 445275K (57%)
----------------- Invoking toplevel() on ptolemy.moml.MoMLSimpleApplication@1b6d884d
----------------- Done invoking toplevel() on ptolemy.moml.MoMLSimpleApplication@1b6d884d
reloadAllAccessors: .Inspection

===========================================================================================
----------------- testing Mon Jul 23 01:46:45 UTC 2018 /home/travis/build/icyphy/ptII/ptolemy/domains/de/test/auto/Iteration.xml
----------------- Instantiating /home/travis/build/icyphy/ptII/ptolemy/domains/de/test/auto/Iteration.xml
4 ms. Memory: 777728K Free: 431349K (55%)
----------------- Invoking toplevel() on ptolemy.moml.MoMLSimpleApplication@6675156e
----------------- Done invoking toplevel() on ptolemy.moml.MoMLSimpleApplication@6675156e
reloadAllAccessors: .Iteration

===========================================================================================
----------------- testing Mon Jul 23 01:46:45 UTC 2018 /home/travis/build/icyphy/ptII/ptolemy/domains/de/test/auto/LineFault.xml
----------------- Instantiating /home/travis/build/icyphy/ptII/ptolemy/domains/de/test/auto/LineFault.xml
441 ms. Memory: 777728K Free: 305954K (39%)
----------------- Invoking toplevel() on ptolemy.moml.MoMLSimpleApplication@1f9c216e
----------------- Done invoking toplevel() on ptolemy.moml.MoMLSimpleApplication@1f9c216e
reloadAllAccessors: .LineFault

===========================================================================================
----------------- testing Mon Jul 23 01:46:46 UTC 2018 /home/travis/build/icyphy/ptII/ptolemy/domains/de/test/auto/MergeModel1Add.xml
----------------- Instantiating /home/travis/build/icyphy/ptII/ptolemy/domains/de/test/auto/MergeModel1Add.xml
6 ms. Memory: 777728K Free: 278101K (36%)
----------------- Invoking toplevel() on ptolemy.moml.MoMLSimpleApplication@6ea78135
----------------- Done invoking toplevel() on ptolemy.moml.MoMLSimpleApplication@6ea78135
reloadAllAccessors: .MergeModel1Add

===========================================================================================
----------------- testing Mon Jul 23 01:46:46 UTC 2018 /home/travis/build/icyphy/ptII/ptolemy/domains/de/test/auto/MergeModel2Add.xml
----------------- Instantiating /home/travis/build/icyphy/ptII/ptolemy/domains/de/test/auto/MergeModel2Add.xml
6 ms. Memory: 777728K Free: 250232K (32%)
----------------- Invoking toplevel() on ptolemy.moml.MoMLSimpleApplication@79952e76
----------------- Done invoking toplevel() on ptolemy.moml.MoMLSimpleApplication@79952e76
reloadAllAccessors: .MergeModel2Add

===========================================================================================
----------------- testing Mon Jul 23 01:46:46 UTC 2018 /home/travis/build/icyphy/ptII/ptolemy/domains/de/test/auto/MergeModel3Add.xml
----------------- Instantiating /home/travis/build/icyphy/ptII/ptolemy/domains/de/test/auto/MergeModel3Add.xml
5 ms. Memory: 777728K Free: 222371K (29%)
----------------- Invoking toplevel() on ptolemy.moml.MoMLSimpleApplication@3eed979d
----------------- Done invoking toplevel() on ptolemy.moml.MoMLSimpleApplication@3eed979d
reloadAllAccessors: .MergeModel3Add

===========================================================================================
----------------- testing Mon Jul 23 01:46:46 UTC 2018 /home/travis/build/icyphy/ptII/ptolemy/domains/de/test/auto/MergeWithoutDiscard.xml
----------------- Instantiating /home/travis/build/icyphy/ptII/ptolemy/domains/de/test/auto/MergeWithoutDiscard.xml
1 ms. Memory: 777728K Free: 208445K (27%)
----------------- Invoking toplevel() on ptolemy.moml.MoMLSimpleApplication@767f43f5
----------------- Done invoking toplevel() on ptolemy.moml.MoMLSimpleApplication@767f43f5
reloadAllAccessors: .MergeWithoutDiscard

===========================================================================================
----------------- testing Mon Jul 23 01:46:46 UTC 2018 /home/travis/build/icyphy/ptII/ptolemy/domains/de/test/auto/Modal1.xml
----------------- Instantiating /home/travis/build/icyphy/ptII/ptolemy/domains/de/test/auto/Modal1.xml
6 ms. Memory: 777728K Free: 187539K (24%)
----------------- Invoking toplevel() on ptolemy.moml.MoMLSimpleApplication@16f29410
----------------- Done invoking toplevel() on ptolemy.moml.MoMLSimpleApplication@16f29410
reloadAllAccessors: .Modal1

===========================================================================================
----------------- testing Mon Jul 23 01:46:46 UTC 2018 /home/travis/build/icyphy/ptII/ptolemy/domains/de/test/auto/Modal2.xml
----------------- Instantiating /home/travis/build/icyphy/ptII/ptolemy/domains/de/test/auto/Modal2.xml
10 ms. Memory: 777728K Free: 166650K (21%)
----------------- Invoking toplevel() on ptolemy.moml.MoMLSimpleApplication@2dbd0e21
----------------- Done invoking toplevel() on ptolemy.moml.MoMLSimpleApplication@2dbd0e21
reloadAllAccessors: .Modal2

===========================================================================================
----------------- testing Mon Jul 23 01:46:46 UTC 2018 /home/travis/build/icyphy/ptII/ptolemy/domains/de/test/auto/Modal3.xml
----------------- Instantiating /home/travis/build/icyphy/ptII/ptolemy/domains/de/test/auto/Modal3.xml
6 ms. Memory: 777728K Free: 145760K (19%)
----------------- Invoking toplevel() on ptolemy.moml.MoMLSimpleApplication@27aceef1
----------------- Done invoking toplevel() on ptolemy.moml.MoMLSimpleApplication@27aceef1
reloadAllAccessors: .Modal3

===========================================================================================
----------------- testing Mon Jul 23 01:46:46 UTC 2018 /home/travis/build/icyphy/ptII/ptolemy/domains/de/test/auto/Modal4.xml
----------------- Instantiating /home/travis/build/icyphy/ptII/ptolemy/domains/de/test/auto/Modal4.xml
8 ms. Memory: 777728K Free: 124862K (16%)
----------------- Invoking toplevel() on ptolemy.moml.MoMLSimpleApplication@6721dca0
----------------- Done invoking toplevel() on ptolemy.moml.MoMLSimpleApplication@6721dca0
reloadAllAccessors: .Modal4

===========================================================================================
----------------- testing Mon Jul 23 01:46:46 UTC 2018 /home/travis/build/icyphy/ptII/ptolemy/domains/de/test/auto/Modal5.xml
----------------- Instantiating /home/travis/build/icyphy/ptII/ptolemy/domains/de/test/auto/Modal5.xml
7 ms. Memory: 777728K Free: 97339K (13%)
----------------- Invoking toplevel() on ptolemy.moml.MoMLSimpleApplication@2005cb90
----------------- Done invoking toplevel() on ptolemy.moml.MoMLSimpleApplication@2005cb90
reloadAllAccessors: .Modal5

===========================================================================================
----------------- testing Mon Jul 23 01:46:46 UTC 2018 /home/travis/build/icyphy/ptII/ptolemy/domains/de/test/auto/Modal6.xml
----------------- Instantiating /home/travis/build/icyphy/ptII/ptolemy/domains/de/test/auto/Modal6.xml
9 ms. Memory: 777728K Free: 76449K (10%)
----------------- Invoking toplevel() on ptolemy.moml.MoMLSimpleApplication@42431c7a
----------------- Done invoking toplevel() on ptolemy.moml.MoMLSimpleApplication@42431c7a
reloadAllAccessors: .Modal6

===========================================================================================
----------------- testing Mon Jul 23 01:46:46 UTC 2018 /home/travis/build/icyphy/ptII/ptolemy/domains/de/test/auto/Modal7.xml
----------------- Instantiating /home/travis/build/icyphy/ptII/ptolemy/domains/de/test/auto/Modal7.xml
5 ms. Memory: 745472K Free: 719359K (96%)
----------------- Invoking toplevel() on ptolemy.moml.MoMLSimpleApplication@abaeabc
----------------- Done invoking toplevel() on ptolemy.moml.MoMLSimpleApplication@abaeabc
reloadAllAccessors: .Modal7

===========================================================================================
----------------- testing Mon Jul 23 01:46:46 UTC 2018 /home/travis/build/icyphy/ptII/ptolemy/domains/de/test/auto/ModalModel.xml
----------------- Instantiating /home/travis/build/icyphy/ptII/ptolemy/domains/de/test/auto/ModalModel.xml
120 ms. Memory: 745472K Free: 642126K (86%)
----------------- Invoking toplevel() on ptolemy.moml.MoMLSimpleApplication@6523835b
----------------- Done invoking toplevel() on ptolemy.moml.MoMLSimpleApplication@6523835b
reloadAllAccessors: .ModalModel

===========================================================================================
----------------- testing Mon Jul 23 01:46:46 UTC 2018 /home/travis/build/icyphy/ptII/ptolemy/domains/de/test/auto/ModalSource.xml
----------------- Instantiating /home/travis/build/icyphy/ptII/ptolemy/domains/de/test/auto/ModalSource.xml
3 ms. Memory: 745472K Free: 628865K (84%)
----------------- Invoking toplevel() on ptolemy.moml.MoMLSimpleApplication@38289112
----------------- Done invoking toplevel() on ptolemy.moml.MoMLSimpleApplication@38289112
reloadAllAccessors: .ModalSource

===========================================================================================
----------------- testing Mon Jul 23 01:46:46 UTC 2018 /home/travis/build/icyphy/ptII/ptolemy/domains/de/test/auto/NonInterruptibleTimerZeroDelay.xml
----------------- Instantiating /home/travis/build/icyphy/ptII/ptolemy/domains/de/test/auto/NonInterruptibleTimerZeroDelay.xml
1 ms. Memory: 745472K Free: 615605K (83%)
----------------- Invoking toplevel() on ptolemy.moml.MoMLSimpleApplication@68c990b7
----------------- Done invoking toplevel() on ptolemy.moml.MoMLSimpleApplication@68c990b7
reloadAllAccessors: .NonInterruptibleTimerZeroDelay

===========================================================================================
----------------- testing Mon Jul 23 01:46:46 UTC 2018 /home/travis/build/icyphy/ptII/ptolemy/domains/de/test/auto/OpenQueueingNetwork.xml
----------------- Instantiating /home/travis/build/icyphy/ptII/ptolemy/domains/de/test/auto/OpenQueueingNetwork.xml
1980 ms. Memory: 714240K Free: 658668K (92%)
----------------- Invoking toplevel() on ptolemy.moml.MoMLSimpleApplication@44887426
----------------- Done invoking toplevel() on ptolemy.moml.MoMLSimpleApplication@44887426
reloadAllAccessors: .OpenQueueingNetwork

===========================================================================================
----------------- testing Mon Jul 23 01:46:48 UTC 2018 /home/travis/build/icyphy/ptII/ptolemy/domains/de/test/auto/OpenQueuingNetwork.xml
----------------- Instantiating /home/travis/build/icyphy/ptII/ptolemy/domains/de/test/auto/OpenQueuingNetwork.xml
204 ms. Memory: 714240K Free: 557727K (78%)
----------------- Invoking toplevel() on ptolemy.moml.MoMLSimpleApplication@639bc20e
----------------- Done invoking toplevel() on ptolemy.moml.MoMLSimpleApplication@639bc20e
reloadAllAccessors: .OpenQueuingNetwork

===========================================================================================
----------------- testing Mon Jul 23 01:46:48 UTC 2018 /home/travis/build/icyphy/ptII/ptolemy/domains/de/test/auto/PeriodicSampler.xml
----------------- Instantiating /home/travis/build/icyphy/ptII/ptolemy/domains/de/test/auto/PeriodicSampler.xml
2 ms. Memory: 714240K Free: 545091K (76%)
----------------- Invoking toplevel() on ptolemy.moml.MoMLSimpleApplication@652a59ff
----------------- Done invoking toplevel() on ptolemy.moml.MoMLSimpleApplication@652a59ff
reloadAllAccessors: .PeriodicSampler

===========================================================================================
----------------- testing Mon Jul 23 01:46:49 UTC 2018 /home/travis/build/icyphy/ptII/ptolemy/domains/de/test/auto/PersistentIO.xml
----------------- Instantiating /home/travis/build/icyphy/ptII/ptolemy/domains/de/test/auto/PersistentIO.xml
3 ms. Memory: 714240K Free: 526128K (74%)
----------------- Invoking toplevel() on ptolemy.moml.MoMLSimpleApplication@121b7d56
----------------- Done invoking toplevel() on ptolemy.moml.MoMLSimpleApplication@121b7d56
reloadAllAccessors: .PersistentIO

===========================================================================================
----------------- testing Mon Jul 23 01:46:49 UTC 2018 /home/travis/build/icyphy/ptII/ptolemy/domains/de/test/auto/PortParameterResetOnInitialize.xml
----------------- Instantiating /home/travis/build/icyphy/ptII/ptolemy/domains/de/test/auto/PortParameterResetOnInitialize.xml
5 ms. Memory: 714240K Free: 513492K (72%)
----------------- Invoking toplevel() on ptolemy.moml.MoMLSimpleApplication@5173c30d
----------------- Done invoking toplevel() on ptolemy.moml.MoMLSimpleApplication@5173c30d
reloadAllAccessors: .PortParameterResetOnInitialize

===========================================================================================
----------------- testing Mon Jul 23 01:46:49 UTC 2018 /home/travis/build/icyphy/ptII/ptolemy/domains/de/test/auto/PortParameterUpdates.xml
----------------- Instantiating /home/travis/build/icyphy/ptII/ptolemy/domains/de/test/auto/PortParameterUpdates.xml
3 ms. Memory: 714240K Free: 500856K (70%)
----------------- Invoking toplevel() on ptolemy.moml.MoMLSimpleApplication@6d15a3c6
----------------- Done invoking toplevel() on ptolemy.moml.MoMLSimpleApplication@6d15a3c6
reloadAllAccessors: .PortParameterUpdates

===========================================================================================
----------------- testing Mon Jul 23 01:46:49 UTC 2018 /home/travis/build/icyphy/ptII/ptolemy/domains/de/test/auto/QueueAndServer.xml
----------------- Instantiating /home/travis/build/icyphy/ptII/ptolemy/domains/de/test/auto/QueueAndServer.xml
4 ms. Memory: 714240K Free: 485590K (68%)
----------------- Invoking toplevel() on ptolemy.moml.MoMLSimpleApplication@78035b57
----------------- Done invoking toplevel() on ptolemy.moml.MoMLSimpleApplication@78035b57
reloadAllAccessors: .QueueAndServer

===========================================================================================
----------------- testing Mon Jul 23 01:46:49 UTC 2018 /home/travis/build/icyphy/ptII/ptolemy/domains/de/test/auto/Records.xml
----------------- Instantiating /home/travis/build/icyphy/ptII/ptolemy/domains/de/test/auto/Records.xml
1 ms. Memory: 714240K Free: 472954K (66%)
----------------- Invoking toplevel() on ptolemy.moml.MoMLSimpleApplication@46a33975
----------------- Done invoking toplevel() on ptolemy.moml.MoMLSimpleApplication@46a33975
reloadAllAccessors: .Records

===========================================================================================
----------------- testing Mon Jul 23 01:46:49 UTC 2018 /home/travis/build/icyphy/ptII/ptolemy/domains/de/test/auto/ResetTransitionWithStartTime1.xml
----------------- Instantiating /home/travis/build/icyphy/ptII/ptolemy/domains/de/test/auto/ResetTransitionWithStartTime1.xml
4 ms. Memory: 714240K Free: 460318K (64%)
----------------- Invoking toplevel() on ptolemy.moml.MoMLSimpleApplication@6237bbeb
----------------- Done invoking toplevel() on ptolemy.moml.MoMLSimpleApplication@6237bbeb
reloadAllAccessors: .ResetTransitionWithStartTime1

===========================================================================================
----------------- testing Mon Jul 23 01:46:49 UTC 2018 /home/travis/build/icyphy/ptII/ptolemy/domains/de/test/auto/ResetTransitionWithStartTime2.xml
----------------- Instantiating /home/travis/build/icyphy/ptII/ptolemy/domains/de/test/auto/ResetTransitionWithStartTime2.xml
4 ms. Memory: 714240K Free: 447681K (63%)
----------------- Invoking toplevel() on ptolemy.moml.MoMLSimpleApplication@7657b4ae
----------------- Done invoking toplevel() on ptolemy.moml.MoMLSimpleApplication@7657b4ae
reloadAllAccessors: .ResetTransitionWithStartTime2

===========================================================================================
----------------- testing Mon Jul 23 01:46:49 UTC 2018 /home/travis/build/icyphy/ptII/ptolemy/domains/de/test/auto/ResetTransitionWithStartTime3.xml
----------------- Instantiating /home/travis/build/icyphy/ptII/ptolemy/domains/de/test/auto/ResetTransitionWithStartTime3.xml
4 ms. Memory: 714240K Free: 428711K (60%)
----------------- Invoking toplevel() on ptolemy.moml.MoMLSimpleApplication@3018a6be
----------------- Done invoking toplevel() on ptolemy.moml.MoMLSimpleApplication@3018a6be
reloadAllAccessors: .ResetTransitionWithStartTime3

===========================================================================================
----------------- testing Mon Jul 23 01:46:49 UTC 2018 /home/travis/build/icyphy/ptII/ptolemy/domains/de/test/auto/ResetTransitionWithStartTime4.xml
----------------- Instantiating /home/travis/build/icyphy/ptII/ptolemy/domains/de/test/auto/ResetTransitionWithStartTime4.xml
5 ms. Memory: 714240K Free: 407111K (57%)
----------------- Invoking toplevel() on ptolemy.moml.MoMLSimpleApplication@61f721a3
----------------- Done invoking toplevel() on ptolemy.moml.MoMLSimpleApplication@61f721a3
reloadAllAccessors: .ResetTransitionWithStartTime4

===========================================================================================
----------------- testing Mon Jul 23 01:46:49 UTC 2018 /home/travis/build/icyphy/ptII/ptolemy/domains/de/test/auto/ResettableTimer1.xml
----------------- Instantiating /home/travis/build/icyphy/ptII/ptolemy/domains/de/test/auto/ResettableTimer1.xml
2 ms. Memory: 714240K Free: 394475K (55%)
----------------- Invoking toplevel() on ptolemy.moml.MoMLSimpleApplication@5281aa6d
----------------- Done invoking toplevel() on ptolemy.moml.MoMLSimpleApplication@5281aa6d
reloadAllAccessors: .ResettableTimer1

===========================================================================================
----------------- testing Mon Jul 23 01:46:49 UTC 2018 /home/travis/build/icyphy/ptII/ptolemy/domains/de/test/auto/ResettableTimer2.xml
----------------- Instantiating /home/travis/build/icyphy/ptII/ptolemy/domains/de/test/auto/ResettableTimer2.xml
1 ms. Memory: 714240K Free: 381839K (53%)
----------------- Invoking toplevel() on ptolemy.moml.MoMLSimpleApplication@364411d5
----------------- Done invoking toplevel() on ptolemy.moml.MoMLSimpleApplication@364411d5
reloadAllAccessors: .ResettableTimer2

===========================================================================================
----------------- testing Mon Jul 23 01:46:49 UTC 2018 /home/travis/build/icyphy/ptII/ptolemy/domains/de/test/auto/ResettableTimer3.xml
----------------- Instantiating /home/travis/build/icyphy/ptII/ptolemy/domains/de/test/auto/ResettableTimer3.xml
1 ms. Memory: 714240K Free: 369203K (52%)
----------------- Invoking toplevel() on ptolemy.moml.MoMLSimpleApplication@3784e6f7
----------------- Done invoking toplevel() on ptolemy.moml.MoMLSimpleApplication@3784e6f7
reloadAllAccessors: .ResettableTimer3

===========================================================================================
----------------- testing Mon Jul 23 01:46:49 UTC 2018 /home/travis/build/icyphy/ptII/ptolemy/domains/de/test/auto/ResettableTimer4.xml
----------------- Instantiating /home/travis/build/icyphy/ptII/ptolemy/domains/de/test/auto/ResettableTimer4.xml
4 ms. Memory: 714240K Free: 356567K (50%)
----------------- Invoking toplevel() on ptolemy.moml.MoMLSimpleApplication@1a594169
----------------- Done invoking toplevel() on ptolemy.moml.MoMLSimpleApplication@1a594169
reloadAllAccessors: .ResettableTimer4

===========================================================================================
----------------- testing Mon Jul 23 01:46:49 UTC 2018 /home/travis/build/icyphy/ptII/ptolemy/domains/de/test/auto/ResettableTimer5.xml
----------------- Instantiating /home/travis/build/icyphy/ptII/ptolemy/domains/de/test/auto/ResettableTimer5.xml
1 ms. Memory: 714240K Free: 341300K (48%)
----------------- Invoking toplevel() on ptolemy.moml.MoMLSimpleApplication@2117cc96
----------------- Done invoking toplevel() on ptolemy.moml.MoMLSimpleApplication@2117cc96
reloadAllAccessors: .ResettableTimer5

===========================================================================================
----------------- testing Mon Jul 23 01:46:49 UTC 2018 /home/travis/build/icyphy/ptII/ptolemy/domains/de/test/auto/ResettableTimer6.xml
----------------- Instantiating /home/travis/build/icyphy/ptII/ptolemy/domains/de/test/auto/ResettableTimer6.xml
2 ms. Memory: 714240K Free: 328664K (46%)
----------------- Invoking toplevel() on ptolemy.moml.MoMLSimpleApplication@e1abd02
----------------- Done invoking toplevel() on ptolemy.moml.MoMLSimpleApplication@e1abd02
reloadAllAccessors: .ResettableTimer6

===========================================================================================
----------------- testing Mon Jul 23 01:46:49 UTC 2018 /home/travis/build/icyphy/ptII/ptolemy/domains/de/test/auto/ServerZeroDelay.xml
----------------- Instantiating /home/travis/build/icyphy/ptII/ptolemy/domains/de/test/auto/ServerZeroDelay.xml
2 ms. Memory: 714240K Free: 316028K (44%)
----------------- Invoking toplevel() on ptolemy.moml.MoMLSimpleApplication@3d9cf214
----------------- Done invoking toplevel() on ptolemy.moml.MoMLSimpleApplication@3d9cf214
reloadAllAccessors: .ServerZeroDelay

===========================================================================================
----------------- testing Mon Jul 23 01:46:49 UTC 2018 /home/travis/build/icyphy/ptII/ptolemy/domains/de/test/auto/SmartSender.xml
----------------- Instantiating /home/travis/build/icyphy/ptII/ptolemy/domains/de/test/auto/SmartSender.xml
3002 ms. Memory: 714240K Free: 303392K (42%)
----------------- Invoking toplevel() on ptolemy.moml.MoMLSimpleApplication@5e0576ce
----------------- Done invoking toplevel() on ptolemy.moml.MoMLSimpleApplication@5e0576ce
reloadAllAccessors: .SmartSender

===========================================================================================
----------------- testing Mon Jul 23 01:46:52 UTC 2018 /home/travis/build/icyphy/ptII/ptolemy/domains/de/test/auto/ThreadedComposite.xml
----------------- Instantiating /home/travis/build/icyphy/ptII/ptolemy/domains/de/test/auto/ThreadedComposite.xml
95 ms. Memory: 714240K Free: 278119K (39%)
----------------- Invoking toplevel() on ptolemy.moml.MoMLSimpleApplication@4a4bc993
----------------- Done invoking toplevel() on ptolemy.moml.MoMLSimpleApplication@4a4bc993
reloadAllAccessors: .ThreadedComposite

===========================================================================================
----------------- testing Mon Jul 23 01:46:52 UTC 2018 /home/travis/build/icyphy/ptII/ptolemy/domains/de/test/auto/Time.xml
----------------- Instantiating /home/travis/build/icyphy/ptII/ptolemy/domains/de/test/auto/Time.xml
397 ms. Memory: 714240K Free: 218627K (31%)
----------------- Invoking toplevel() on ptolemy.moml.MoMLSimpleApplication@2e194dfb
----------------- Done invoking toplevel() on ptolemy.moml.MoMLSimpleApplication@2e194dfb
reloadAllAccessors: .Time

===========================================================================================
----------------- testing Mon Jul 23 01:46:52 UTC 2018 /home/travis/build/icyphy/ptII/ptolemy/domains/de/test/auto/TimeDelayZeroDelay.xml
----------------- Instantiating /home/travis/build/icyphy/ptII/ptolemy/domains/de/test/auto/TimeDelayZeroDelay.xml
2 ms. Memory: 714240K Free: 205991K (29%)
----------------- Invoking toplevel() on ptolemy.moml.MoMLSimpleApplication@1f40a9b6
----------------- Done invoking toplevel() on ptolemy.moml.MoMLSimpleApplication@1f40a9b6
reloadAllAccessors: .TimeDelayZeroDelay

===========================================================================================
----------------- testing Mon Jul 23 01:46:52 UTC 2018 /home/travis/build/icyphy/ptII/ptolemy/domains/de/test/auto/TimerZeroDelay.xml
----------------- Instantiating /home/travis/build/icyphy/ptII/ptolemy/domains/de/test/auto/TimerZeroDelay.xml
1 ms. Memory: 714240K Free: 193354K (27%)
----------------- Invoking toplevel() on ptolemy.moml.MoMLSimpleApplication@7f93b8d7
----------------- Done invoking toplevel() on ptolemy.moml.MoMLSimpleApplication@7f93b8d7
reloadAllAccessors: .TimerZeroDelay

===========================================================================================
----------------- testing Mon Jul 23 01:46:52 UTC 2018 /home/travis/build/icyphy/ptII/ptolemy/domains/de/test/auto/TimingParadox.xml
----------------- Instantiating /home/travis/build/icyphy/ptII/ptolemy/domains/de/test/auto/TimingParadox.xml
277 ms. Memory: 714240K Free: 117521K (16%)
----------------- Invoking toplevel() on ptolemy.moml.MoMLSimpleApplication@1b3142c4
----------------- Done invoking toplevel() on ptolemy.moml.MoMLSimpleApplication@1b3142c4
reloadAllAccessors: .TimingParadox

===========================================================================================
----------------- testing Mon Jul 23 01:46:53 UTC 2018 /home/travis/build/icyphy/ptII/ptolemy/domains/de/test/auto/TransferInputs.xml
----------------- Instantiating /home/travis/build/icyphy/ptII/ptolemy/domains/de/test/auto/TransferInputs.xml
1 ms. Memory: 714240K Free: 104884K (15%)
----------------- Invoking toplevel() on ptolemy.moml.MoMLSimpleApplication@1579d620
----------------- Done invoking toplevel() on ptolemy.moml.MoMLSimpleApplication@1579d620
reloadAllAccessors: .TransferInputs

===========================================================================================
----------------- testing Mon Jul 23 01:46:53 UTC 2018 /home/travis/build/icyphy/ptII/ptolemy/domains/de/test/auto/TransferOutputs2.xml
----------------- Instantiating /home/travis/build/icyphy/ptII/ptolemy/domains/de/test/auto/TransferOutputs2.xml
3 ms. Memory: 714240K Free: 83285K (12%)
----------------- Invoking toplevel() on ptolemy.moml.MoMLSimpleApplication@50549905
----------------- Done invoking toplevel() on ptolemy.moml.MoMLSimpleApplication@50549905
reloadAllAccessors: .TransferOutputs2

===========================================================================================
----------------- testing Mon Jul 23 01:46:53 UTC 2018 /home/travis/build/icyphy/ptII/ptolemy/domains/de/test/auto/Trilateration.xml
----------------- Instantiating /home/travis/build/icyphy/ptII/ptolemy/domains/de/test/auto/Trilateration.xml
10276 ms. Memory: 555008K Free: 417104K (75%)
----------------- Invoking toplevel() on ptolemy.moml.MoMLSimpleApplication@6401418d
----------------- Done invoking toplevel() on ptolemy.moml.MoMLSimpleApplication@6401418d
reloadAllAccessors: .Trilateration

===========================================================================================
----------------- testing Mon Jul 23 01:47:04 UTC 2018 /home/travis/build/icyphy/ptII/ptolemy/domains/de/test/auto/TwoSigmaDelta.xml
----------------- Instantiating /home/travis/build/icyphy/ptII/ptolemy/domains/de/test/auto/TwoSigmaDelta.xml
1976 ms. Memory: 555008K Free: 118505K (21%)
----------------- Invoking toplevel() on ptolemy.moml.MoMLSimpleApplication@6d165a3b
----------------- Done invoking toplevel() on ptolemy.moml.MoMLSimpleApplication@6d165a3b
reloadAllAccessors: .TwoSigmaDelta

===========================================================================================
----------------- testing Mon Jul 23 01:47:06 UTC 2018 /home/travis/build/icyphy/ptII/ptolemy/domains/de/test/auto/VariableDelay.xml
----------------- Instantiating /home/travis/build/icyphy/ptII/ptolemy/domains/de/test/auto/VariableDelay.xml
2 ms. Memory: 555008K Free: 99561K (18%)
----------------- Invoking toplevel() on ptolemy.moml.MoMLSimpleApplication@590aeeb7
----------------- Done invoking toplevel() on ptolemy.moml.MoMLSimpleApplication@590aeeb7
reloadAllAccessors: .VariableDelay

===========================================================================================
----------------- testing Mon Jul 23 01:47:06 UTC 2018 /home/travis/build/icyphy/ptII/ptolemy/domains/de/test/auto/VariableDelay2.xml
----------------- Instantiating /home/travis/build/icyphy/ptII/ptolemy/domains/de/test/auto/VariableDelay2.xml
2 ms. Memory: 555008K Free: 79256K (14%)
----------------- Invoking toplevel() on ptolemy.moml.MoMLSimpleApplication@7bb65383
----------------- Done invoking toplevel() on ptolemy.moml.MoMLSimpleApplication@7bb65383
reloadAllAccessors: .VariableDelay2

===========================================================================================
----------------- testing Mon Jul 23 01:47:06 UTC 2018 /home/travis/build/icyphy/ptII/ptolemy/domains/de/test/auto/VariableDelayZeroDelay.xml
----------------- Instantiating /home/travis/build/icyphy/ptII/ptolemy/domains/de/test/auto/VariableDelayZeroDelay.xml
2 ms. Memory: 555008K Free: 61017K (11%)
----------------- Invoking toplevel() on ptolemy.moml.MoMLSimpleApplication@6804cf23
----------------- Done invoking toplevel() on ptolemy.moml.MoMLSimpleApplication@6804cf23
reloadAllAccessors: .VariableDelayZeroDelay

===========================================================================================
----------------- testing Mon Jul 23 01:47:06 UTC 2018 /home/travis/build/icyphy/ptII/ptolemy/domains/de/test/auto/VariableDelayZeroDelay2.xml
----------------- Instantiating /home/travis/build/icyphy/ptII/ptolemy/domains/de/test/auto/VariableDelayZeroDelay2.xml
1 ms. Memory: 538112K Free: 499569K (93%)
----------------- Invoking toplevel() on ptolemy.moml.MoMLSimpleApplication@4e416c40
----------------- Done invoking toplevel() on ptolemy.moml.MoMLSimpleApplication@4e416c40
reloadAllAccessors: .VariableDelayZeroDelay2

===========================================================================================
----------------- testing Mon Jul 23 01:47:06 UTC 2018 /home/travis/build/icyphy/ptII/ptolemy/domains/de/test/auto/deInCt.xml
----------------- Instantiating /home/travis/build/icyphy/ptII/ptolemy/domains/de/test/auto/deInCt.xml
0
1
1
1
0
0
0
0
0
0
1
1
1
1
0
0
0
1
1
1
1
0
0
0
0
1
1
1
1
4 ms. Memory: 538112K Free: 480653K (89%)
----------------- Invoking toplevel() on ptolemy.moml.MoMLSimpleApplication@184622d6
----------------- Done invoking toplevel() on ptolemy.moml.MoMLSimpleApplication@184622d6
reloadAllAccessors: .deInCt

===========================================================================================
----------------- testing Mon Jul 23 01:47:06 UTC 2018 /home/travis/build/icyphy/ptII/ptolemy/domains/de/test/auto/deInCt2.xml
----------------- Instantiating /home/travis/build/icyphy/ptII/ptolemy/domains/de/test/auto/deInCt2.xml
0
1
1
1
0
0
1
1
1
0
0
1
1
1
0
0
1
1
1
0
0
1
1
1
0
0
1
1
1
0
0
1
1
1
0
0
1
1
1
0
0
0
9 ms. Memory: 538112K Free: 461737K (86%)
----------------- Invoking toplevel() on ptolemy.moml.MoMLSimpleApplication@778b8254
----------------- Done invoking toplevel() on ptolemy.moml.MoMLSimpleApplication@778b8254
reloadAllAccessors: .deInCt2

===========================================================================================
----------------- testing Mon Jul 23 01:47:06 UTC 2018 /home/travis/build/icyphy/ptII/ptolemy/domains/de/test/auto/dynamicCausalityInterface1.xml
----------------- Instantiating /home/travis/build/icyphy/ptII/ptolemy/domains/de/test/auto/dynamicCausalityInterface1.xml
1 ms. Memory: 538112K Free: 434622K (81%)
----------------- Invoking toplevel() on ptolemy.moml.MoMLSimpleApplication@69bf7d63
----------------- Done invoking toplevel() on ptolemy.moml.MoMLSimpleApplication@69bf7d63
reloadAllAccessors: .dynamicCausalityInterface1

===========================================================================================
----------------- testing Mon Jul 23 01:47:06 UTC 2018 /home/travis/build/icyphy/ptII/ptolemy/domains/de/test/auto/fsm_de_test.xml
----------------- Instantiating /home/travis/build/icyphy/ptII/ptolemy/domains/de/test/auto/fsm_de_test.xml
4 ms. Memory: 538112K Free: 415706K (77%)
----------------- Invoking toplevel() on ptolemy.moml.MoMLSimpleApplication@36eb477b
----------------- Done invoking toplevel() on ptolemy.moml.MoMLSimpleApplication@36eb477b
reloadAllAccessors: .fsm_de_test

===========================================================================================
----------------- testing Mon Jul 23 01:47:06 UTC 2018 /home/travis/build/icyphy/ptII/ptolemy/domains/de/test/auto/functionDependencyReconstruction.xml
----------------- Instantiating /home/travis/build/icyphy/ptII/ptolemy/domains/de/test/auto/functionDependencyReconstruction.xml
1 ms. Memory: 538112K Free: 387742K (72%)
----------------- Invoking toplevel() on ptolemy.moml.MoMLSimpleApplication@78f388e7
----------------- Done invoking toplevel() on ptolemy.moml.MoMLSimpleApplication@78f388e7
reloadAllAccessors: .functionDependencyReconstruction

===========================================================================================
----------------- testing Mon Jul 23 01:47:06 UTC 2018 /home/travis/build/icyphy/ptII/ptolemy/domains/de/test/auto/multirate.xml
----------------- Instantiating /home/travis/build/icyphy/ptII/ptolemy/domains/de/test/auto/multirate.xml
3 ms. Memory: 538112K Free: 369679K (69%)
----------------- Invoking toplevel() on ptolemy.moml.MoMLSimpleApplication@20c2b3ce
----------------- Done invoking toplevel() on ptolemy.moml.MoMLSimpleApplication@20c2b3ce
reloadAllAccessors: .multirate

===========================================================================================
----------------- testing Mon Jul 23 01:47:06 UTC 2018 /home/travis/build/icyphy/ptII/ptolemy/domains/de/test/auto/multirate2.xml
----------------- Instantiating /home/travis/build/icyphy/ptII/ptolemy/domains/de/test/auto/multirate2.xml
2 ms. Memory: 538112K Free: 350763K (65%)
----------------- Invoking toplevel() on ptolemy.moml.MoMLSimpleApplication@65108550
----------------- Done invoking toplevel() on ptolemy.moml.MoMLSimpleApplication@65108550
reloadAllAccessors: .multirate2

===========================================================================================
----------------- testing Mon Jul 23 01:47:06 UTC 2018 /home/travis/build/icyphy/ptII/ptolemy/domains/de/test/auto/realtime.xml
----------------- Instantiating /home/travis/build/icyphy/ptII/ptolemy/domains/de/test/auto/realtime.xml
10001 ms. Memory: 538112K Free: 331847K (62%)
----------------- Invoking toplevel() on ptolemy.moml.MoMLSimpleApplication@72f36dc7
----------------- Done invoking toplevel() on ptolemy.moml.MoMLSimpleApplication@72f36dc7
reloadAllAccessors: .realtime

===========================================================================================
----------------- testing Mon Jul 23 01:47:16 UTC 2018 /home/travis/build/icyphy/ptII/ptolemy/domains/de/test/auto/relationGroup.xml
----------------- Instantiating /home/travis/build/icyphy/ptII/ptolemy/domains/de/test/auto/relationGroup.xml
1 ms. Memory: 538112K Free: 313784K (58%)
----------------- Invoking toplevel() on ptolemy.moml.MoMLSimpleApplication@702daa60
----------------- Done invoking toplevel() on ptolemy.moml.MoMLSimpleApplication@702daa60
reloadAllAccessors: .relationGroup

===========================================================================================
----------------- testing Mon Jul 23 01:47:16 UTC 2018 /home/travis/build/icyphy/ptII/ptolemy/domains/de/test/auto/relationGroup2.xml
----------------- Instantiating /home/travis/build/icyphy/ptII/ptolemy/domains/de/test/auto/relationGroup2.xml
1 ms. Memory: 538112K Free: 294868K (55%)
----------------- Invoking toplevel() on ptolemy.moml.MoMLSimpleApplication@186380e2
----------------- Done invoking toplevel() on ptolemy.moml.MoMLSimpleApplication@186380e2
reloadAllAccessors: .relationGroup2

===========================================================================================
----------------- testing Mon Jul 23 01:47:16 UTC 2018 /home/travis/build/icyphy/ptII/ptolemy/domains/de/test/auto/sortWithOpaquePorts.xml
----------------- Instantiating /home/travis/build/icyphy/ptII/ptolemy/domains/de/test/auto/sortWithOpaquePorts.xml
1 ms. Memory: 538112K Free: 275952K (51%)
----------------- Invoking toplevel() on ptolemy.moml.MoMLSimpleApplication@c8f4371
----------------- Done invoking toplevel() on ptolemy.moml.MoMLSimpleApplication@c8f4371
reloadAllAccessors: .sortWithOpaquePorts

===========================================================================================
----------------- testing Mon Jul 23 01:47:16 UTC 2018 /home/travis/build/icyphy/ptII/ptolemy/domains/de/test/auto/transferInputsandOutputs.xml
----------------- Instantiating /home/travis/build/icyphy/ptII/ptolemy/domains/de/test/auto/transferInputsandOutputs.xml
1 ms. Memory: 538112K Free: 257889K (48%)
----------------- Invoking toplevel() on ptolemy.moml.MoMLSimpleApplication@67d705c3
----------------- Done invoking toplevel() on ptolemy.moml.MoMLSimpleApplication@67d705c3
reloadAllAccessors: .transferInputsandOutputs

===========================================================================================
----------------- testing Mon Jul 23 01:47:16 UTC 2018 /home/travis/build/icyphy/ptII/ptolemy/domains/de/test/auto/triggerType.xml
----------------- Instantiating /home/travis/build/icyphy/ptII/ptolemy/domains/de/test/auto/triggerType.xml
1 ms. Memory: 538112K Free: 238973K (44%)
----------------- Invoking toplevel() on ptolemy.moml.MoMLSimpleApplication@5b788530
----------------- Done invoking toplevel() on ptolemy.moml.MoMLSimpleApplication@5b788530
reloadAllAccessors: .triggerType
AutoTests.java: About to close Vertx.
AutoTests.java: Vertx closed.
]]></system-out>
  <system-err><![CDATA[java.lang.RuntimeException: Execution failed
	at ptolemy.moml.MoMLSimpleApplication$UnloadThread.run(MoMLSimpleApplication.java:402)
Caused by: ptolemy.kernel.util.IllegalActionException: Found a zero delay loop containing .dependencyLoop.original
  in .dependencyLoop and .dependencyLoop.original
	at ptolemy.actor.util.CausalityInterfaceForComposites._computeOutputPortDepth(CausalityInterfaceForComposites.java:759)
	at ptolemy.actor.util.CausalityInterfaceForComposites._computeInputDepth(CausalityInterfaceForComposites.java:696)
	at ptolemy.actor.util.CausalityInterfaceForComposites._computeOutputPortDepth(CausalityInterfaceForComposites.java:765)
	at ptolemy.actor.util.CausalityInterfaceForComposites._computeInputDepth(CausalityInterfaceForComposites.java:696)
	at ptolemy.actor.util.CausalityInterfaceForComposites._computeOutputPortDepth(CausalityInterfaceForComposites.java:765)
	at ptolemy.actor.util.CausalityInterfaceForComposites._computeInputDepth(CausalityInterfaceForComposites.java:696)
	at ptolemy.actor.util.CausalityInterfaceForComposites._computeActorDepth(CausalityInterfaceForComposites.java:532)
	at ptolemy.actor.util.CausalityInterfaceForComposites.checkForCycles(CausalityInterfaceForComposites.java:96)
	at ptolemy.domains.de.kernel.DEDirector.preinitialize(DEDirector.java:1338)
	at ptolemy.actor.CompositeActor.preinitialize(CompositeActor.java:1828)
	at ptolemy.actor.Manager.preinitializeAndResolveTypes(Manager.java:1040)
	at ptolemy.actor.Manager.initialize(Manager.java:710)
	at ptolemy.actor.Manager.execute(Manager.java:356)
	at ptolemy.actor.Manager.run(Manager.java:1263)
	at ptolemy.actor.Manager$PtolemyRunThread.run(Manager.java:1915)
java.lang.RuntimeException: Execution failed
	at ptolemy.moml.MoMLSimpleApplication$UnloadThread.run(MoMLSimpleApplication.java:402)
Caused by: ptolemy.kernel.util.IllegalActionException: Found a zero delay loop containing .dependencyLoop2.original
  in .dependencyLoop2 and .dependencyLoop2.original
	at ptolemy.actor.util.CausalityInterfaceForComposites._computeOutputPortDepth(CausalityInterfaceForComposites.java:759)
	at ptolemy.actor.util.CausalityInterfaceForComposites._computeInputDepth(CausalityInterfaceForComposites.java:696)
	at ptolemy.actor.util.CausalityInterfaceForComposites._computeOutputPortDepth(CausalityInterfaceForComposites.java:765)
	at ptolemy.actor.util.CausalityInterfaceForComposites._computeInputDepth(CausalityInterfaceForComposites.java:696)
	at ptolemy.actor.util.CausalityInterfaceForComposites._computeOutputPortDepth(CausalityInterfaceForComposites.java:765)
	at ptolemy.actor.util.CausalityInterfaceForComposites._computeInputDepth(CausalityInterfaceForComposites.java:696)
	at ptolemy.actor.util.CausalityInterfaceForComposites._computeActorDepth(CausalityInterfaceForComposites.java:532)
	at ptolemy.actor.util.CausalityInterfaceForComposites.checkForCycles(CausalityInterfaceForComposites.java:96)
	at ptolemy.domains.de.kernel.DEDirector.preinitialize(DEDirector.java:1338)
	at ptolemy.actor.CompositeActor.preinitialize(CompositeActor.java:1828)
	at ptolemy.actor.Manager.preinitializeAndResolveTypes(Manager.java:1040)
	at ptolemy.actor.Manager.initialize(Manager.java:710)
	at ptolemy.actor.Manager.execute(Manager.java:356)
	at ptolemy.actor.Manager.run(Manager.java:1263)
	at ptolemy.actor.Manager$PtolemyRunThread.run(Manager.java:1915)
java.lang.RuntimeException: Execution failed
	at ptolemy.moml.MoMLSimpleApplication$UnloadThread.run(MoMLSimpleApplication.java:402)
Caused by: ptolemy.kernel.util.IllegalActionException: Found a zero delay loop containing .dependencyLoop.original
  in .dependencyLoop and .dependencyLoop.original
	at ptolemy.actor.util.CausalityInterfaceForComposites._computeOutputPortDepth(CausalityInterfaceForComposites.java:759)
	at ptolemy.actor.util.CausalityInterfaceForComposites._computeInputDepth(CausalityInterfaceForComposites.java:696)
	at ptolemy.actor.util.CausalityInterfaceForComposites._computeOutputPortDepth(CausalityInterfaceForComposites.java:765)
	at ptolemy.actor.util.CausalityInterfaceForComposites._computeInputDepth(CausalityInterfaceForComposites.java:696)
	at ptolemy.actor.util.CausalityInterfaceForComposites._computeOutputPortDepth(CausalityInterfaceForComposites.java:765)
	at ptolemy.actor.util.CausalityInterfaceForComposites._computeInputDepth(CausalityInterfaceForComposites.java:696)
	at ptolemy.actor.util.CausalityInterfaceForComposites._computeActorDepth(CausalityInterfaceForComposites.java:532)
	at ptolemy.actor.util.CausalityInterfaceForComposites.checkForCycles(CausalityInterfaceForComposites.java:96)
	at ptolemy.domains.de.kernel.DEDirector.preinitialize(DEDirector.java:1338)
	at ptolemy.actor.CompositeActor.preinitialize(CompositeActor.java:1828)
	at ptolemy.actor.Manager.preinitializeAndResolveTypes(Manager.java:1040)
	at ptolemy.actor.Manager.initialize(Manager.java:710)
	at ptolemy.actor.Manager.execute(Manager.java:356)
	at ptolemy.actor.Manager.run(Manager.java:1263)
	at ptolemy.actor.Manager$PtolemyRunThread.run(Manager.java:1915)
java.lang.RuntimeException: Execution failed
	at ptolemy.moml.MoMLSimpleApplication$UnloadThread.run(MoMLSimpleApplication.java:402)
Caused by: ptolemy.kernel.util.IllegalActionException: Actor is not ready to fire.  Perhaps UpSample.prefire() returned false? Try debugging the actor by selecting "Listen to Actor".  Also, for SDF check moml for tokenConsumptionRate on input.
  in .DESDFClockTest.Play Bell.Copy1:SDF Director and .DESDFClockTest.Play Bell.UpSample
	at ptolemy.actor.sched.StaticSchedulingDirector.fire(StaticSchedulingDirector.java:227)
	at ptolemy.domains.sdf.kernel.SDFDirector.fire(SDFDirector.java:500)
	at ptolemy.actor.CompositeActor.fire(CompositeActor.java:455)
	at ptolemy.domains.de.kernel.DEDirector._fire(DEDirector.java:1949)
	at ptolemy.domains.de.kernel.DEDirector.fire(DEDirector.java:502)
	at ptolemy.actor.CompositeActor.fire(CompositeActor.java:455)
	at ptolemy.actor.Manager.iterate(Manager.java:851)
	at ptolemy.actor.Manager.execute(Manager.java:369)
	at ptolemy.actor.Manager.run(Manager.java:1263)
	at ptolemy.actor.Manager$PtolemyRunThread.run(Manager.java:1915)
java.lang.RuntimeException: Execution failed
	at ptolemy.moml.MoMLSimpleApplication$UnloadThread.run(MoMLSimpleApplication.java:402)
Caused by: ptolemy.kernel.util.IllegalActionException: Found a zero delay loop containing .dependencyLoop2.original
  in .dependencyLoop2 and .dependencyLoop2.original
	at ptolemy.actor.util.CausalityInterfaceForComposites._computeOutputPortDepth(CausalityInterfaceForComposites.java:759)
	at ptolemy.actor.util.CausalityInterfaceForComposites._computeInputDepth(CausalityInterfaceForComposites.java:696)
	at ptolemy.actor.util.CausalityInterfaceForComposites._computeOutputPortDepth(CausalityInterfaceForComposites.java:765)
	at ptolemy.actor.util.CausalityInterfaceForComposites._computeInputDepth(CausalityInterfaceForComposites.java:696)
	at ptolemy.actor.util.CausalityInterfaceForComposites._computeOutputPortDepth(CausalityInterfaceForComposites.java:765)
	at ptolemy.actor.util.CausalityInterfaceForComposites._computeInputDepth(CausalityInterfaceForComposites.java:696)
	at ptolemy.actor.util.CausalityInterfaceForComposites._computeActorDepth(CausalityInterfaceForComposites.java:532)
	at ptolemy.actor.util.CausalityInterfaceForComposites.checkForCycles(CausalityInterfaceForComposites.java:96)
	at ptolemy.domains.de.kernel.DEDirector.preinitialize(DEDirector.java:1338)
	at ptolemy.actor.CompositeActor.preinitialize(CompositeActor.java:1828)
	at ptolemy.actor.Manager.preinitializeAndResolveTypes(Manager.java:1040)
	at ptolemy.actor.Manager.initialize(Manager.java:710)
	at ptolemy.actor.Manager.execute(Manager.java:356)
	at ptolemy.actor.Manager.run(Manager.java:1263)
	at ptolemy.actor.Manager$PtolemyRunThread.run(Manager.java:1915)
java.lang.RuntimeException: Execution failed
	at ptolemy.moml.MoMLSimpleApplication$UnloadThread.run(MoMLSimpleApplication.java:402)
Caused by: ptolemy.kernel.util.IllegalActionException: Found a zero delay loop containing .HierarchicalModel.A
  in .HierarchicalModel and .HierarchicalModel.A
	at ptolemy.actor.util.CausalityInterfaceForComposites._computeOutputPortDepth(CausalityInterfaceForComposites.java:759)
	at ptolemy.actor.util.CausalityInterfaceForComposites._computeInputDepth(CausalityInterfaceForComposites.java:696)
	at ptolemy.actor.util.CausalityInterfaceForComposites._computeOutputPortDepth(CausalityInterfaceForComposites.java:765)
	at ptolemy.actor.util.CausalityInterfaceForComposites._computeInputDepth(CausalityInterfaceForComposites.java:696)
	at ptolemy.actor.util.CausalityInterfaceForComposites._computeOutputPortDepth(CausalityInterfaceForComposites.java:765)
	at ptolemy.actor.util.CausalityInterfaceForComposites._computeInputDepth(CausalityInterfaceForComposites.java:696)
	at ptolemy.actor.util.CausalityInterfaceForComposites._computeActorDepth(CausalityInterfaceForComposites.java:532)
	at ptolemy.actor.util.CausalityInterfaceForComposites.checkForCycles(CausalityInterfaceForComposites.java:96)
	at ptolemy.domains.de.kernel.DEDirector.preinitialize(DEDirector.java:1338)
	at ptolemy.actor.CompositeActor.preinitialize(CompositeActor.java:1828)
	at ptolemy.actor.Manager.preinitializeAndResolveTypes(Manager.java:1040)
	at ptolemy.actor.Manager.initialize(Manager.java:710)
	at ptolemy.actor.Manager.execute(Manager.java:356)
	at ptolemy.actor.Manager.run(Manager.java:1263)
	at ptolemy.actor.Manager$PtolemyRunThread.run(Manager.java:1915)
java.lang.RuntimeException: Execution failed
	at ptolemy.moml.MoMLSimpleApplication$UnloadThread.run(MoMLSimpleApplication.java:402)
Caused by: ptolemy.kernel.util.IllegalActionException: Test fails in iteration 1.
Value was: 1.0. Should have been: 2.0
  in .DirectFeedback.Test
	at ptolemy.actor.lib.Test.fire(Test.java:268)
	at ptolemy.domains.de.kernel.DEDirector._fire(DEDirector.java:1949)
	at ptolemy.domains.de.kernel.DEDirector.fire(DEDirector.java:502)
	at ptolemy.actor.CompositeActor.fire(CompositeActor.java:455)
	at ptolemy.actor.Manager.iterate(Manager.java:851)
	at ptolemy.actor.Manager.execute(Manager.java:369)
	at ptolemy.actor.Manager.run(Manager.java:1263)
	at ptolemy.actor.Manager$PtolemyRunThread.run(Manager.java:1915)
java.lang.RuntimeException: Execution failed
	at ptolemy.moml.MoMLSimpleApplication$UnloadThread.run(MoMLSimpleApplication.java:402)
Caused by: ptolemy.kernel.util.IllegalActionException: Actor is not ready to fire.  Perhaps UpSample.prefire() returned false? Try debugging the actor by selecting "Listen to Actor".  Also, for SDF check moml for tokenConsumptionRate on input.
  in .DESDFClockTest.Play Bell.Copy1:SDF Director and .DESDFClockTest.Play Bell.UpSample
	at ptolemy.actor.sched.StaticSchedulingDirector.fire(StaticSchedulingDirector.java:227)
	at ptolemy.domains.sdf.kernel.SDFDirector.fire(SDFDirector.java:500)
	at ptolemy.actor.CompositeActor.fire(CompositeActor.java:455)
	at ptolemy.domains.de.kernel.DEDirector._fire(DEDirector.java:1949)
	at ptolemy.domains.de.kernel.DEDirector.fire(DEDirector.java:502)
	at ptolemy.actor.CompositeActor.fire(CompositeActor.java:455)
	at ptolemy.actor.Manager.iterate(Manager.java:851)
	at ptolemy.actor.Manager.execute(Manager.java:369)
	at ptolemy.actor.Manager.run(Manager.java:1263)
	at ptolemy.actor.Manager$PtolemyRunThread.run(Manager.java:1915)
java.lang.reflect.InvocationTargetException
	at sun.reflect.NativeConstructorAccessorImpl.newInstance0(Native Method)
	at sun.reflect.NativeConstructorAccessorImpl.newInstance(NativeConstructorAccessorImpl.java:62)
	at sun.reflect.DelegatingConstructorAccessorImpl.newInstance(DelegatingConstructorAccessorImpl.java:45)
	at java.lang.reflect.Constructor.newInstance(Constructor.java:423)
	at ptolemy.util.test.junit.AutoKnownFailedTests.RunModel(AutoKnownFailedTests.java:107)
	at sun.reflect.NativeMethodAccessorImpl.invoke0(Native Method)
	at sun.reflect.NativeMethodAccessorImpl.invoke(NativeMethodAccessorImpl.java:62)
	at sun.reflect.DelegatingMethodAccessorImpl.invoke(DelegatingMethodAccessorImpl.java:43)
	at java.lang.reflect.Method.invoke(Method.java:498)
	at org.junit.runners.model.FrameworkMethod$1.runReflectiveCall(FrameworkMethod.java:44)
	at org.junit.internal.runners.model.ReflectiveCallable.run(ReflectiveCallable.java:15)
	at org.junit.runners.model.FrameworkMethod.invokeExplosively(FrameworkMethod.java:41)
	at junitparams.internal.InvokeParameterisedMethod.evaluate(InvokeParameterisedMethod.java:102)
	at org.junit.internal.runners.statements.FailOnTimeout$1.run(FailOnTimeout.java:28)
Caused by: ptolemy.kernel.util.IllegalActionException: Actor is not ready to fire.  Perhaps UpSample.prefire() returned false? Try debugging the actor by selecting "Listen to Actor".  Also, for SDF check moml for tokenConsumptionRate on input.
  in .DESDFClockTest.Play Bell.Copy1:SDF Director and .DESDFClockTest.Play Bell.UpSample
	at ptolemy.actor.sched.StaticSchedulingDirector.fire(StaticSchedulingDirector.java:227)
	at ptolemy.domains.sdf.kernel.SDFDirector.fire(SDFDirector.java:500)
	at ptolemy.actor.CompositeActor.fire(CompositeActor.java:455)
	at ptolemy.domains.de.kernel.DEDirector._fire(DEDirector.java:1949)
	at ptolemy.domains.de.kernel.DEDirector.fire(DEDirector.java:502)
	at ptolemy.actor.CompositeActor.fire(CompositeActor.java:455)
	at ptolemy.actor.Manager.iterate(Manager.java:851)
	at ptolemy.actor.Manager.execute(Manager.java:369)
	at ptolemy.actor.Manager.run(Manager.java:1263)
	at ptolemy.actor.Manager$PtolemyRunThread.run(Manager.java:1915)
java.lang.RuntimeException: Execution failed
	at ptolemy.moml.MoMLSimpleApplication$UnloadThread.run(MoMLSimpleApplication.java:402)
Caused by: ptolemy.kernel.util.IllegalActionException: Test fails in iteration 1.
Value was: 1.0. Should have been: 2.0
  in .DirectFeedback.Test
	at ptolemy.actor.lib.Test.fire(Test.java:268)
	at ptolemy.domains.de.kernel.DEDirector._fire(DEDirector.java:1949)
	at ptolemy.domains.de.kernel.DEDirector.fire(DEDirector.java:502)
	at ptolemy.actor.CompositeActor.fire(CompositeActor.java:455)
	at ptolemy.actor.Manager.iterate(Manager.java:851)
	at ptolemy.actor.Manager.execute(Manager.java:369)
	at ptolemy.actor.Manager.run(Manager.java:1263)
	at ptolemy.actor.Manager$PtolemyRunThread.run(Manager.java:1915)
java.lang.reflect.InvocationTargetException
	at sun.reflect.NativeConstructorAccessorImpl.newInstance0(Native Method)
	at sun.reflect.NativeConstructorAccessorImpl.newInstance(NativeConstructorAccessorImpl.java:62)
	at sun.reflect.DelegatingConstructorAccessorImpl.newInstance(DelegatingConstructorAccessorImpl.java:45)
	at java.lang.reflect.Constructor.newInstance(Constructor.java:423)
	at ptolemy.util.test.junit.AutoKnownFailedTests.RunModel(AutoKnownFailedTests.java:107)
	at sun.reflect.NativeMethodAccessorImpl.invoke0(Native Method)
	at sun.reflect.NativeMethodAccessorImpl.invoke(NativeMethodAccessorImpl.java:62)
	at sun.reflect.DelegatingMethodAccessorImpl.invoke(DelegatingMethodAccessorImpl.java:43)
	at java.lang.reflect.Method.invoke(Method.java:498)
	at org.junit.runners.model.FrameworkMethod$1.runReflectiveCall(FrameworkMethod.java:44)
	at org.junit.internal.runners.model.ReflectiveCallable.run(ReflectiveCallable.java:15)
	at org.junit.runners.model.FrameworkMethod.invokeExplosively(FrameworkMethod.java:41)
	at junitparams.internal.InvokeParameterisedMethod.evaluate(InvokeParameterisedMethod.java:102)
	at org.junit.internal.runners.statements.FailOnTimeout$1.run(FailOnTimeout.java:28)
Caused by: ptolemy.kernel.util.IllegalActionException: Test fails in iteration 1.
Value was: 1.0. Should have been: 2.0
  in .DirectFeedback.Test
	at ptolemy.actor.lib.Test.fire(Test.java:268)
	at ptolemy.domains.de.kernel.DEDirector._fire(DEDirector.java:1949)
	at ptolemy.domains.de.kernel.DEDirector.fire(DEDirector.java:502)
	at ptolemy.actor.CompositeActor.fire(CompositeActor.java:455)
	at ptolemy.actor.Manager.iterate(Manager.java:851)
	at ptolemy.actor.Manager.execute(Manager.java:369)
	at ptolemy.actor.Manager.run(Manager.java:1263)
	at ptolemy.actor.Manager$PtolemyRunThread.run(Manager.java:1915)
java.lang.RuntimeException: Execution failed
	at ptolemy.moml.MoMLSimpleApplication$UnloadThread.run(MoMLSimpleApplication.java:402)
Caused by: ptolemy.kernel.util.IllegalActionException: Found a zero delay loop containing .HierarchicalModel.A
  in .HierarchicalModel and .HierarchicalModel.A
	at ptolemy.actor.util.CausalityInterfaceForComposites._computeOutputPortDepth(CausalityInterfaceForComposites.java:759)
	at ptolemy.actor.util.CausalityInterfaceForComposites._computeInputDepth(CausalityInterfaceForComposites.java:696)
	at ptolemy.actor.util.CausalityInterfaceForComposites._computeOutputPortDepth(CausalityInterfaceForComposites.java:765)
	at ptolemy.actor.util.CausalityInterfaceForComposites._computeInputDepth(CausalityInterfaceForComposites.java:696)
	at ptolemy.actor.util.CausalityInterfaceForComposites._computeOutputPortDepth(CausalityInterfaceForComposites.java:765)
	at ptolemy.actor.util.CausalityInterfaceForComposites._computeInputDepth(CausalityInterfaceForComposites.java:696)
	at ptolemy.actor.util.CausalityInterfaceForComposites._computeActorDepth(CausalityInterfaceForComposites.java:532)
	at ptolemy.actor.util.CausalityInterfaceForComposites.checkForCycles(CausalityInterfaceForComposites.java:96)
	at ptolemy.domains.de.kernel.DEDirector.preinitialize(DEDirector.java:1338)
	at ptolemy.actor.CompositeActor.preinitialize(CompositeActor.java:1828)
	at ptolemy.actor.Manager.preinitializeAndResolveTypes(Manager.java:1040)
	at ptolemy.actor.Manager.initialize(Manager.java:710)
	at ptolemy.actor.Manager.execute(Manager.java:356)
	at ptolemy.actor.Manager.run(Manager.java:1263)
	at ptolemy.actor.Manager$PtolemyRunThread.run(Manager.java:1915)
java.lang.reflect.InvocationTargetException
	at sun.reflect.NativeConstructorAccessorImpl.newInstance0(Native Method)
	at sun.reflect.NativeConstructorAccessorImpl.newInstance(NativeConstructorAccessorImpl.java:62)
	at sun.reflect.DelegatingConstructorAccessorImpl.newInstance(DelegatingConstructorAccessorImpl.java:45)
	at java.lang.reflect.Constructor.newInstance(Constructor.java:423)
	at ptolemy.util.test.junit.AutoKnownFailedTests.RunModel(AutoKnownFailedTests.java:107)
	at sun.reflect.NativeMethodAccessorImpl.invoke0(Native Method)
	at sun.reflect.NativeMethodAccessorImpl.invoke(NativeMethodAccessorImpl.java:62)
	at sun.reflect.DelegatingMethodAccessorImpl.invoke(DelegatingMethodAccessorImpl.java:43)
	at java.lang.reflect.Method.invoke(Method.java:498)
	at org.junit.runners.model.FrameworkMethod$1.runReflectiveCall(FrameworkMethod.java:44)
	at org.junit.internal.runners.model.ReflectiveCallable.run(ReflectiveCallable.java:15)
	at org.junit.runners.model.FrameworkMethod.invokeExplosively(FrameworkMethod.java:41)
	at junitparams.internal.InvokeParameterisedMethod.evaluate(InvokeParameterisedMethod.java:102)
	at org.junit.internal.runners.statements.FailOnTimeout$1.run(FailOnTimeout.java:28)
Caused by: ptolemy.kernel.util.IllegalActionException: Found a zero delay loop containing .HierarchicalModel.A
  in .HierarchicalModel and .HierarchicalModel.A
	at ptolemy.actor.util.CausalityInterfaceForComposites._computeOutputPortDepth(CausalityInterfaceForComposites.java:759)
	at ptolemy.actor.util.CausalityInterfaceForComposites._computeInputDepth(CausalityInterfaceForComposites.java:696)
	at ptolemy.actor.util.CausalityInterfaceForComposites._computeOutputPortDepth(CausalityInterfaceForComposites.java:765)
	at ptolemy.actor.util.CausalityInterfaceForComposites._computeInputDepth(CausalityInterfaceForComposites.java:696)
	at ptolemy.actor.util.CausalityInterfaceForComposites._computeOutputPortDepth(CausalityInterfaceForComposites.java:765)
	at ptolemy.actor.util.CausalityInterfaceForComposites._computeInputDepth(CausalityInterfaceForComposites.java:696)
	at ptolemy.actor.util.CausalityInterfaceForComposites._computeActorDepth(CausalityInterfaceForComposites.java:532)
	at ptolemy.actor.util.CausalityInterfaceForComposites.checkForCycles(CausalityInterfaceForComposites.java:96)
	at ptolemy.domains.de.kernel.DEDirector.preinitialize(DEDirector.java:1338)
	at ptolemy.actor.CompositeActor.preinitialize(CompositeActor.java:1828)
	at ptolemy.actor.Manager.preinitializeAndResolveTypes(Manager.java:1040)
	at ptolemy.actor.Manager.initialize(Manager.java:710)
	at ptolemy.actor.Manager.execute(Manager.java:356)
	at ptolemy.actor.Manager.run(Manager.java:1263)
	at ptolemy.actor.Manager$PtolemyRunThread.run(Manager.java:1915)
java.lang.RuntimeException: Execution failed
	at ptolemy.moml.MoMLSimpleApplication$UnloadThread.run(MoMLSimpleApplication.java:402)
Caused by: ptolemy.kernel.util.IllegalActionException: Found a zero delay loop containing .dependencyLoop.original
  in .dependencyLoop and .dependencyLoop.original
	at ptolemy.actor.util.CausalityInterfaceForComposites._computeOutputPortDepth(CausalityInterfaceForComposites.java:759)
	at ptolemy.actor.util.CausalityInterfaceForComposites._computeInputDepth(CausalityInterfaceForComposites.java:696)
	at ptolemy.actor.util.CausalityInterfaceForComposites._computeOutputPortDepth(CausalityInterfaceForComposites.java:765)
	at ptolemy.actor.util.CausalityInterfaceForComposites._computeInputDepth(CausalityInterfaceForComposites.java:696)
	at ptolemy.actor.util.CausalityInterfaceForComposites._computeOutputPortDepth(CausalityInterfaceForComposites.java:765)
	at ptolemy.actor.util.CausalityInterfaceForComposites._computeInputDepth(CausalityInterfaceForComposites.java:696)
	at ptolemy.actor.util.CausalityInterfaceForComposites._computeActorDepth(CausalityInterfaceForComposites.java:532)
	at ptolemy.actor.util.CausalityInterfaceForComposites.checkForCycles(CausalityInterfaceForComposites.java:96)
	at ptolemy.domains.de.kernel.DEDirector.preinitialize(DEDirector.java:1338)
	at ptolemy.actor.CompositeActor.preinitialize(CompositeActor.java:1828)
	at ptolemy.actor.Manager.preinitializeAndResolveTypes(Manager.java:1040)
	at ptolemy.actor.Manager.initialize(Manager.java:710)
	at ptolemy.actor.Manager.execute(Manager.java:356)
	at ptolemy.actor.Manager.run(Manager.java:1263)
	at ptolemy.actor.Manager$PtolemyRunThread.run(Manager.java:1915)
java.lang.reflect.InvocationTargetException
	at sun.reflect.NativeConstructorAccessorImpl.newInstance0(Native Method)
	at sun.reflect.NativeConstructorAccessorImpl.newInstance(NativeConstructorAccessorImpl.java:62)
	at sun.reflect.DelegatingConstructorAccessorImpl.newInstance(DelegatingConstructorAccessorImpl.java:45)
	at java.lang.reflect.Constructor.newInstance(Constructor.java:423)
	at ptolemy.util.test.junit.AutoKnownFailedTests.RunModel(AutoKnownFailedTests.java:107)
	at sun.reflect.NativeMethodAccessorImpl.invoke0(Native Method)
	at sun.reflect.NativeMethodAccessorImpl.invoke(NativeMethodAccessorImpl.java:62)
	at sun.reflect.DelegatingMethodAccessorImpl.invoke(DelegatingMethodAccessorImpl.java:43)
	at java.lang.reflect.Method.invoke(Method.java:498)
	at org.junit.runners.model.FrameworkMethod$1.runReflectiveCall(FrameworkMethod.java:44)
	at org.junit.internal.runners.model.ReflectiveCallable.run(ReflectiveCallable.java:15)
	at org.junit.runners.model.FrameworkMethod.invokeExplosively(FrameworkMethod.java:41)
	at junitparams.internal.InvokeParameterisedMethod.evaluate(InvokeParameterisedMethod.java:102)
	at org.junit.internal.runners.statements.FailOnTimeout$1.run(FailOnTimeout.java:28)
Caused by: ptolemy.kernel.util.IllegalActionException: Found a zero delay loop containing .dependencyLoop.original
  in .dependencyLoop and .dependencyLoop.original
	at ptolemy.actor.util.CausalityInterfaceForComposites._computeOutputPortDepth(CausalityInterfaceForComposites.java:759)
	at ptolemy.actor.util.CausalityInterfaceForComposites._computeInputDepth(CausalityInterfaceForComposites.java:696)
	at ptolemy.actor.util.CausalityInterfaceForComposites._computeOutputPortDepth(CausalityInterfaceForComposites.java:765)
	at ptolemy.actor.util.CausalityInterfaceForComposites._computeInputDepth(CausalityInterfaceForComposites.java:696)
	at ptolemy.actor.util.CausalityInterfaceForComposites._computeOutputPortDepth(CausalityInterfaceForComposites.java:765)
	at ptolemy.actor.util.CausalityInterfaceForComposites._computeInputDepth(CausalityInterfaceForComposites.java:696)
	at ptolemy.actor.util.CausalityInterfaceForComposites._computeActorDepth(CausalityInterfaceForComposites.java:532)
	at ptolemy.actor.util.CausalityInterfaceForComposites.checkForCycles(CausalityInterfaceForComposites.java:96)
	at ptolemy.domains.de.kernel.DEDirector.preinitialize(DEDirector.java:1338)
	at ptolemy.actor.CompositeActor.preinitialize(CompositeActor.java:1828)
	at ptolemy.actor.Manager.preinitializeAndResolveTypes(Manager.java:1040)
	at ptolemy.actor.Manager.initialize(Manager.java:710)
	at ptolemy.actor.Manager.execute(Manager.java:356)
	at ptolemy.actor.Manager.run(Manager.java:1263)
	at ptolemy.actor.Manager$PtolemyRunThread.run(Manager.java:1915)
java.lang.RuntimeException: Execution failed
	at ptolemy.moml.MoMLSimpleApplication$UnloadThread.run(MoMLSimpleApplication.java:402)
Caused by: ptolemy.kernel.util.IllegalActionException: Found a zero delay loop containing .dependencyLoop2.original
  in .dependencyLoop2 and .dependencyLoop2.original
	at ptolemy.actor.util.CausalityInterfaceForComposites._computeOutputPortDepth(CausalityInterfaceForComposites.java:759)
	at ptolemy.actor.util.CausalityInterfaceForComposites._computeInputDepth(CausalityInterfaceForComposites.java:696)
	at ptolemy.actor.util.CausalityInterfaceForComposites._computeOutputPortDepth(CausalityInterfaceForComposites.java:765)
	at ptolemy.actor.util.CausalityInterfaceForComposites._computeInputDepth(CausalityInterfaceForComposites.java:696)
	at ptolemy.actor.util.CausalityInterfaceForComposites._computeOutputPortDepth(CausalityInterfaceForComposites.java:765)
	at ptolemy.actor.util.CausalityInterfaceForComposites._computeInputDepth(CausalityInterfaceForComposites.java:696)
	at ptolemy.actor.util.CausalityInterfaceForComposites._computeActorDepth(CausalityInterfaceForComposites.java:532)
	at ptolemy.actor.util.CausalityInterfaceForComposites.checkForCycles(CausalityInterfaceForComposites.java:96)
	at ptolemy.domains.de.kernel.DEDirector.preinitialize(DEDirector.java:1338)
	at ptolemy.actor.CompositeActor.preinitialize(CompositeActor.java:1828)
	at ptolemy.actor.Manager.preinitializeAndResolveTypes(Manager.java:1040)
	at ptolemy.actor.Manager.initialize(Manager.java:710)
	at ptolemy.actor.Manager.execute(Manager.java:356)
	at ptolemy.actor.Manager.run(Manager.java:1263)
	at ptolemy.actor.Manager$PtolemyRunThread.run(Manager.java:1915)
java.lang.reflect.InvocationTargetException
	at sun.reflect.NativeConstructorAccessorImpl.newInstance0(Native Method)
	at sun.reflect.NativeConstructorAccessorImpl.newInstance(NativeConstructorAccessorImpl.java:62)
	at sun.reflect.DelegatingConstructorAccessorImpl.newInstance(DelegatingConstructorAccessorImpl.java:45)
	at java.lang.reflect.Constructor.newInstance(Constructor.java:423)
	at ptolemy.util.test.junit.AutoKnownFailedTests.RunModel(AutoKnownFailedTests.java:107)
	at sun.reflect.NativeMethodAccessorImpl.invoke0(Native Method)
	at sun.reflect.NativeMethodAccessorImpl.invoke(NativeMethodAccessorImpl.java:62)
	at sun.reflect.DelegatingMethodAccessorImpl.invoke(DelegatingMethodAccessorImpl.java:43)
	at java.lang.reflect.Method.invoke(Method.java:498)
	at org.junit.runners.model.FrameworkMethod$1.runReflectiveCall(FrameworkMethod.java:44)
	at org.junit.internal.runners.model.ReflectiveCallable.run(ReflectiveCallable.java:15)
	at org.junit.runners.model.FrameworkMethod.invokeExplosively(FrameworkMethod.java:41)
	at junitparams.internal.InvokeParameterisedMethod.evaluate(InvokeParameterisedMethod.java:102)
	at org.junit.internal.runners.statements.FailOnTimeout$1.run(FailOnTimeout.java:28)
Caused by: ptolemy.kernel.util.IllegalActionException: Found a zero delay loop containing .dependencyLoop2.original
  in .dependencyLoop2 and .dependencyLoop2.original
	at ptolemy.actor.util.CausalityInterfaceForComposites._computeOutputPortDepth(CausalityInterfaceForComposites.java:759)
	at ptolemy.actor.util.CausalityInterfaceForComposites._computeInputDepth(CausalityInterfaceForComposites.java:696)
	at ptolemy.actor.util.CausalityInterfaceForComposites._computeOutputPortDepth(CausalityInterfaceForComposites.java:765)
	at ptolemy.actor.util.CausalityInterfaceForComposites._computeInputDepth(CausalityInterfaceForComposites.java:696)
	at ptolemy.actor.util.CausalityInterfaceForComposites._computeOutputPortDepth(CausalityInterfaceForComposites.java:765)
	at ptolemy.actor.util.CausalityInterfaceForComposites._computeInputDepth(CausalityInterfaceForComposites.java:696)
	at ptolemy.actor.util.CausalityInterfaceForComposites._computeActorDepth(CausalityInterfaceForComposites.java:532)
	at ptolemy.actor.util.CausalityInterfaceForComposites.checkForCycles(CausalityInterfaceForComposites.java:96)
	at ptolemy.domains.de.kernel.DEDirector.preinitialize(DEDirector.java:1338)
	at ptolemy.actor.CompositeActor.preinitialize(CompositeActor.java:1828)
	at ptolemy.actor.Manager.preinitializeAndResolveTypes(Manager.java:1040)
	at ptolemy.actor.Manager.initialize(Manager.java:710)
	at ptolemy.actor.Manager.execute(Manager.java:356)
	at ptolemy.actor.Manager.run(Manager.java:1263)
	at ptolemy.actor.Manager$PtolemyRunThread.run(Manager.java:1915)
]]></system-err>
</testsuite>
