<?xml version="1.0" encoding="UTF-8" ?>
<testsuite errors="0" failures="0" hostname="travis-job-cdfd3976-5ef3-4362-a766-fdc1795def88" name="ptolemy.actor.lib.test.junit.JUnitTclTest" skipped="0" tests="517" time="61.032" timestamp="2022-06-06T02:11:33">
  <properties>
    <property name="env.OLDPWD" value="/home/travis/build/icyphy/ptII" />
    <property name="npm.executable" value="npm" />
    <property name="env.TRAVIS_ROOT" value="/" />
    <property name="ptII.mk.exists" value="true" />
    <property name="env.TRAVIS_APP_HOST" value="build.travis-ci.com" />
    <property name="env.rvm_bin_path" value="/home/travis/.rvm/bin" />
    <property name="java.home" value="/usr/local/lib/jvm/openjdk11" />
    <property name="env.TRAVIS_JOB_NUMBER" value="1861.9" />
    <property name="env.TRAVIS_HOME" value="/home/travis" />
    <property name="env.DISPLAY" value=":99.0" />
    <property name="env.TRAVIS_INIT" value="systemd" />
    <property name="env.SSH_TTY" value="/dev/pts/0" />
    <property name="java.net.preferIPv4Stack" value="true" />
    <property name="env.RUN_TESTS" value="true" />
    <property name="timeout.short" value="1000000" />
    <property name="junit.formatter" value="xml" />
    <property name="env.TRAVIS_SUDO" value="true" />
    <property name="env.TRAVIS_JOB_NAME" value="" />
    <property name="env.TRAVIS_STACK_NODE_ATTRIBUTES" value="/.node-attributes.yml" />
    <property name="env.LOGNAME" value="travis" />
    <property name="env.PT_TRAVIS_TEST_CORE1_XML" value="true" />
    <property name="jsdoc.home" value="node_modules/@terraswarm/jsdoc" />
    <property name="debuglevel" value="source,lines,vars" />
    <property name="checkstyle.formatter" value="xml" />
    <property name="bin.vergil.makeable" value="true" />
    <property name="sun.os.patch.level" value="unknown" />
    <property name="java.vendor.url" value="http://java.oracle.com/" />
    <property name="env.TRAVIS_BUILD_WEB_URL" value="https://app.travis-ci.com/icyphy/ptII/builds/251561757" />
    <property name="java.version" value="11.0.2" />
    <property name="env.TZ" value="UTC" />
    <property name="env.TRAVIS_PULL_REQUEST_SHA" value="" />
    <property name="env.PT_NO_NET" value="true" />
    <property name="env.TRAVIS_SECURE_ENV_VARS" value="true" />
    <property name="java.vendor.url.bug" value="http://bugreport.java.com/bugreport/" />
    <property name="npmjs-org-is-up" value="true" />
    <property name="env.LANGUAGE" value="en_US.UTF-8" />
    <property name="env.SSH_CLIENT" value="10.16.7.32 45454 22" />
    <property name="env.GEM_HOME" value="/home/travis/.rvm/gems/ruby-2.5.3" />
    <property name="env.HAS_ANTARES_THREE_LITTLE_FRONZIES_BADGE" value="true" />
    <property name="java.version.date" value="2019-01-15" />
    <property name="env.PS4" value="+" />
    <property name="ant.project.invoked-targets" value="build,test.core1.xml" />
    <property name="env.TRAVIS_PULL_REQUEST_BRANCH" value="" />
    <property name="env.TRAVIS_REPO_SLUG" value="icyphy/ptII" />
    <property name="env.XDG_DATA_DIRS" value="/usr/local/share:/usr/share:/var/lib/snapd/desktop" />
    <property name="jdk.debug" value="release" />
    <property name="env.TRAVIS_APT_PROXY" value="http://build-cache.travisci.net" />
    <property name="env.TRAVIS_CPU_ARCH" value="amd64" />
    <property name="node.in.path" value="true" />
    <property name="user.name" value="travis" />
    <property name="java.maxmemory" value="1400m" />
    <property name="env.RUBY_VERSION" value="ruby-2.5.3" />
    <property name="env.LANG" value="en_US.UTF-8" />
    <property name="sun.io.unicode.encoding" value="UnicodeLittle" />
    <property name="sun.jnu.encoding" value="UTF-8" />
    <property name="java.runtime.name" value="OpenJDK Runtime Environment" />
    <property name="usefile" value="false" />
    <property name="return.code" value="0" />
    <property name="junit.single.formatter" value="plain" />
    <property name="env.DYLD_LIBRARY_PATH" value="/home/travis/pthla/certi-tools/lib:" />
    <property name="env.DEBIAN_FRONTEND" value="noninteractive" />
    <property name="env.SSH_CONNECTION" value="10.16.7.32 45454 10.30.0.123 22" />
    <property name="env.MYSQL_UNIX_PORT" value="/var/run/mysqld/mysqld.sock" />
    <property name="env.LC_ALL" value="en_US.UTF-8" />
    <property name="env.TRAVIS_ALLOW_FAILURE" value="" />
    <property name="env.TRAVIS_JOB_WEB_URL" value="https://app.travis-ci.com/icyphy/ptII/jobs/572513547" />
    <property name="java.specification.name" value="Java Platform API Specification" />
    <property name="node.works" value="true" />
    <property name="user.timezone" value="" />
    <property name="path.separator" value=":" />
    <property name="env.TRAVIS_ENABLE_INFRA_DETECTION" value="true" />
    <property name="env.PYTHON_CFLAGS" value="-g -fstack-protector --param=ssp-buffer-size=4 -Wformat -Werror=format-security" />
    <property name="timeout.long" value="4000000" />
    <property name="env.CERTI_HOME" value="/home/travis/pthla/certi-tools" />
    <property name="ant.file.ptII" value="/home/travis/build/icyphy/ptII/build.xml" />
    <property name="javadoc.packagenames" value="com.*,diva.*,lbnl.*,org.hlacerti.*,org.json.*,org.ptolemy.*,org.terraswarm.*,ptolemy.*,ptserver.*" />
    <property name="file.encoding" value="UTF-8" />
    <property name="env.TRAVIS_PULL_REQUEST_SLUG" value="" />
    <property name="ant.project.default-target" value="build" />
    <property name="env.GIT_ASKPASS" value="echo" />
    <property name="env.HOME" value="/home/travis" />
    <property name="sun.java.command" value="org.apache.tools.ant.taskdefs.optional.junit.JUnitTestRunner ptolemy.actor.lib.test.junit.JUnitTclTest skipNonTests=false filtertrace=true haltOnError=false haltOnFailure=false formatter=org.apache.tools.ant.taskdefs.optional.junit.OutErrSummaryJUnitResultFormatter showoutput=true outputtoformatters=true logfailedtests=true threadid=0 logtestlistenerevents=false formatter=org.apache.tools.ant.taskdefs.optional.junit.XMLJUnitResultFormatter,/home/travis/build/icyphy/ptII/reports/junit/TEST-ptolemy.actor.lib.test.junit.JUnitTclTest.xml crashfile=/home/travis/build/icyphy/ptII/junitvmwatcher9917271714990861674.properties propsfile=/home/travis/build/icyphy/ptII/junit6054508248560054736.properties" />
    <property name="env.COMPOSER_NO_INTERACTION" value="1" />
    <property name="env.MANPATH" value="/home/travis/.nvm/versions/node/v7.10.1/share/man:/home/travis/.rvm/rubies/ruby-2.5.3/share/man:/usr/local/cmake-3.12.4/man:/usr/local/clang-7.0.0/share/man:/usr/local/man:/usr/local/share/man:/usr/share/man:/home/travis/.rvm/man" />
    <property name="env.TRAVIS_TIMER_ID" value="0730c97a" />
    <property name="ant.file" value="/home/travis/build/icyphy/ptII/build.xml" />
    <property name="env.TRAVIS_COMMIT_RANGE" value="872d2759c11419c6c148914806a18a5fe16003e0...97c84c86e87328bd066bc560e7f5b65fa1c4b652" />
    <property name="ptII.classpath.optional.property" value="/home/travis/build/icyphy/ptII/lib/asm-all-5.2.jar:/home/travis/build/icyphy/ptII/lib/nashorn-core-15.3.jar:/home/travis/build/icyphy/ptII/lib/bsh-2.0b4.jar:/home/travis/build/icyphy/ptII/lib/ptCal.jar:/home/travis/build/icyphy/ptII/lib/java_cup.jar:/home/travis/build/icyphy/ptII/lib/saxon8.jar:/home/travis/build/icyphy/ptII/lib/saxon8-dom.jar:/home/travis/build/icyphy/ptII/lib/chic.jar:/home/travis/build/icyphy/ptII/lib/ptcolt.jar:/home/travis/build/icyphy/ptII/vendors/misc/itext/iText.jar:/home/travis/build/icyphy/ptII/lib/g4ltl.jar:/home/travis/build/icyphy/ptII/lib/StructuralCoder.jar:/home/travis/build/icyphy/ptII/lib/jcerti.jar:/home/travis/build/icyphy/ptII/lib/javax.mail.jar:/home/travis/build/icyphy/ptII/vendors/JMF-2.1.1e/lib/jmf.jar:/home/travis/build/icyphy/ptII/lib/jna-4.0.0-variadic.jar:/home/travis/build/icyphy/ptII/vendors/misc/joystick/Joystick.jar:/home/travis/build/icyphy/ptII/lib/ptjacl.jar:/home/travis/build/icyphy/ptII/lib/jsoup-1.14.2.jar:/home/travis/build/icyphy/ptII/lib/junit-4.8.2.jar:/home/travis/build/icyphy/ptII/lib/JUnitParams-0.4.0.jar:/home/travis/build/icyphy/ptII/ptolemy/actor/lib/excel/jxl.jar:/home/travis/build/icyphy/ptII/lib/jython.jar:/home/travis/build/icyphy/ptII/lib/kieler.jar:/home/travis/build/icyphy/ptII/vendors/opencv/share/OpenCV/java/opencv-341.jar:/home/travis/build/icyphy/ptII/lib/oscP5.jar:/home/travis/build/icyphy/ptII/lib/nrjavaserial-3.11.0.devel.jar:/home/travis/build/icyphy/ptII/vendors/j3d/lib/Linux/j3dcore.jar:/home/travis/build/icyphy/ptII/vendors/j3d/lib/Linux/j3dutils.jar:/home/travis/build/icyphy/ptII/vendors/j3d/lib/Linux/vecmath.jar:/home/travis/build/icyphy/ptII/vendors/jogl/lib/Linux/gluegen-rt-natives-linux-amd64.jar:/home/travis/build/icyphy/ptII/vendors/jogl/lib/Linux/gluegen-rt.jar:/home/travis/build/icyphy/ptII/vendors/jogl/lib/Linux/jogl-all-natives-linux-amd64.jar:/home/travis/build/icyphy/ptII/vendors/jogl/lib/Linux/jogl-all.jar:/home/travis/build/icyphy/ptII/ptolemy/distributed/jini/jar/jini-core.jar:/home/travis/build/icyphy/ptII/ptolemy/distributed/jini/jar/jini-ext.jar:/home/travis/build/icyphy/ptII/ptolemy/distributed/jini/jar/sun-util.jar:/home/travis/build/icyphy/ptII/lib/protobuf-java-2.4.1.jar:/home/travis/build/icyphy/ptII/lib/org.eclipse.paho.client.mqttv3.jar:/home/travis/build/icyphy/ptII/lib/mapss.jar:/home/travis/build/icyphy/ptII/ptolemy/actor/ptalon/antlr/antlr.jar:/home/travis/build/icyphy/ptII/lib/JRI.jar:/home/travis/build/icyphy/ptII/lib/commons-lang-2.6.jar:/home/travis/build/icyphy/ptII/lib/commons-logging-1.1.1.jar:/home/travis/build/icyphy/ptII/lib/sootclasses.jar:/home/travis/build/icyphy/ptII/ptolemy/actor/lib/database/mysql-connector-java-8.0.26.jar:/home/travis/build/icyphy/ptII/vendors/misc/sphinx4/sphinx4-data-5prealpha.jar:/home/travis/build/icyphy/ptII/vendors/misc/sphinx4/sphinx4-core-5prealpha.jar:/home/travis/build/icyphy/ptII/lib/PDFRenderer.jar:/home/travis/build/icyphy/ptII/lib/svgSalamander.jar:/home/travis/build/icyphy/ptII/lib/rsyntaxtextarea-2.6.0-SNAPSHOT.jar:/home/travis/build/icyphy/ptII/lib/hazelcast-3.8.2.jar:/home/travis/build/icyphy/ptII/lib/jackson-annotations-2.9.0.jar:/home/travis/build/icyphy/ptII/lib/jackson-core-2.9.3.jar:/home/travis/build/icyphy/ptII/lib/jackson-databind-2.9.3.jar:/home/travis/build/icyphy/ptII/lib/netty-buffer-4.1.19.Final.jar:/home/travis/build/icyphy/ptII/lib/netty-codec-4.1.19.Final.jar:/home/travis/build/icyphy/ptII/lib/netty-codec-dns-4.1.19.Final.jar:/home/travis/build/icyphy/ptII/lib/netty-codec-http-4.1.19.Final.jar:/home/travis/build/icyphy/ptII/lib/netty-codec-http2-4.1.19.Final.jar:/home/travis/build/icyphy/ptII/lib/netty-common-4.1.19.Final.jar:/home/travis/build/icyphy/ptII/lib/netty-handler-4.1.19.Final.jar:/home/travis/build/icyphy/ptII/lib/netty-resolver-4.1.19.Final.jar:/home/travis/build/icyphy/ptII/lib/netty-resolver-dns-4.1.19.Final.jar:/home/travis/build/icyphy/ptII/lib/netty-transport-4.1.19.Final.jar:/home/travis/build/icyphy/ptII/lib/vertx-codegen-3.5.1.jar:/home/travis/build/icyphy/ptII/lib/vertx-core-3.5.2-SNAPSHOT.jar:/home/travis/build/icyphy/ptII/lib/vertx-hazelcast-3.5.1.jar:/home/travis/build/icyphy/ptII/lib/vertx-lang-js-3.5.1.jar:/home/travis/build/icyphy/ptII/lib/vertx-service-proxy-3.5.1.jar:/home/travis/build/icyphy/ptII/lib/vertx-web-3.5.1.jar:/home/travis/build/icyphy/ptII/lib/slf4j-api-1.7.13.jar:/home/travis/build/icyphy/ptII/lib/slf4j-simple-1.7.13.jar:/home/travis/build/icyphy/ptII/lib/webcam-capture-0.3.12.jar:/home/travis/build/icyphy/ptII/lib/bridj-0.7.0.jar:/home/travis/build/icyphy/ptII/lib/xbjlib-1.1.0.nrjavaserial.jar" />
    <property name="timeout" value="2400000" />
    <property name="test.batch" value="**/junit/*.java" />
    <property name="env._" value="/usr/bin/timeout" />
    <property name="java.io.tmpdir" value="/tmp" />
    <property name="user.language" value="en" />
    <property name="env.TRAVIS_INTERNAL_RUBY_REGEX" value="^ruby-(2\.[0-4]\.[0-9]|1\.9\.3)" />
    <property name="env.HISTCONTROL" value="ignoredups:ignorespace" />
    <property name="env.GOROOT" value="/home/travis/.gimme/versions/go1.11.1.linux.amd64" />
    <property name="line.separator" value="&#xa;" />
    <property name="target" value="11" />
    <property name="env.TRAVIS_BUILD_DIR" value="/home/travis/build/icyphy/ptII" />
    <property name="env.ANT_OPTS" value="-Xmx2048m" />
    <property name="ant.file.type" value="file" />
    <property name="ptolemy.ptII.batchMode" value="true" />
    <property name="env.HISTSIZE" value="1000" />
    <property name="env.MERB_ENV" value="test" />
    <property name="java.vm.info" value="mixed mode" />
    <property name="source" value="11" />
    <property name="java.vm.specification.name" value="Java Virtual Machine Specification" />
    <property name="env.TRAVIS_TEST_RESULT" value="0" />
    <property name="jsdoc.command" value="node_modules/@terraswarm/jsdoc/jsdoc.js" />
    <property name="npm.works" value="true" />
    <property name="cobertura.dir" value="/home/travis/build/icyphy/ptII/vendors/cobertura-2.0.3" />
    <property name="jsdoc.command.exists" value="true" />
    <property name="env.rvm_path" value="/home/travis/.rvm" />
    <property name="env.GEM_PATH" value="/home/travis/.rvm/gems/ruby-2.5.3:/home/travis/.rvm/gems/ruby-2.5.3@global" />
    <property name="env.LC_CTYPE" value="en_US.UTF-8" />
    <property name="env.TRAVIS_CMD" value="$PTII/bin/ptIITravisBuild.sh $SECONDS" />
    <property name="java.awt.printerjob" value="sun.print.PSPrinterJob" />
    <property name="env.TRAVIS_STACK_NAME" value="sardonyx" />
    <property name="env.TRAVIS_TIMER_START_TIME" value="1654481145477738257" />
    <property name="ant.version" value="Apache Ant(TM) version 1.10.1 compiled on February 2 2017" />
    <property name="ptII.reports" value="/home/travis/build/icyphy/ptII/reports" />
    <property name="env.TRAVIS_STACK_TIMESTAMP" value="2022-03-21 11:29:05 UTC" />
    <property name="ant.file.type.ptII" value="file" />
    <property name="env.RBENV_SHELL" value="bash" />
    <property name="os.name" value="Linux" />
    <property name="java.specification.vendor" value="Oracle Corporation" />
    <property name="env.rvm_version" value="1.29.12 (latest)" />
    <property name="env.TRAVIS_INFRA" value="unknown" />
    <property name="env.TERM" value="xterm" />
    <property name="java.vm.name" value="OpenJDK 64-Bit Server VM" />
    <property name="env.TRAVIS_BUILD_NUMBER" value="1861" />
    <property name="env.CI" value="true" />
    <property name="java.library.path" value="/home/travis/pthla/certi-tools/lib:/usr/lib/jni:/usr/local/share/OpenCV/java/:/usr/share/OpenCV/java::/usr/java/packages/lib:/usr/lib64:/lib64:/lib:/usr/lib" />
    <property name="jdk.module.path" value="/home/travis/build/icyphy/ptII/vendors/javafx/javafx-sdk-11.0.2/lib:" />
    <property name="env.rvm_prefix" value="/home/travis" />
    <property name="env.PATH" value="/home/travis/pthla/certi-tools/share/scripts:/home/travis/.rvm/gems/ruby-2.5.3/bin:/home/travis/.rvm/gems/ruby-2.5.3@global/bin:/home/travis/.rvm/rubies/ruby-2.5.3/bin:/home/travis/.rvm/bin:./node_modules/.bin:/home/travis/build/icyphy/ptII/bin:/home/travis/pthla/certi-tools/bin:/home/travis/bin:/home/travis/.local/bin:/usr/local/lib/jvm/openjdk11/bin:/opt/pyenv/shims:/home/travis/.phpenv/shims:/home/travis/perl5/perlbrew/bin:/home/travis/.nvm/versions/node/v7.10.1/bin:/home/travis/gopath/bin:/home/travis/.gimme/versions/go1.11.1.linux.amd64/bin:/usr/local/maven-3.6.3/bin:/usr/local/cmake-3.12.4/bin:/usr/local/clang-7.0.0/bin:/usr/local/sbin:/usr/local/bin:/usr/sbin:/usr/bin:/sbin:/bin:/snap/bin:/home/travis/.phpenv/bin:/opt/pyenv/bin:/home/travis/.yarn/bin" />
    <property name="env.TRAVIS_OS_NAME" value="linux" />
    <property name="ant.java.version" value="9" />
    <property name="basedir" value="/home/travis/build/icyphy/ptII" />
    <property name="java.class.version" value="55.0" />
    <property name="env.SHLVL" value="3" />
    <property name="env.LD_LIBRARY_PATH" value="/home/travis/pthla/certi-tools/lib:/usr/lib/jni:/usr/local/share/OpenCV/java/:/usr/share/OpenCV/java:" />
    <property name="env.RACK_ENV" value="test" />
    <property name="ant.home" value="/home/travis/build/icyphy/ptII/ant" />
    <property name="env.NVM_DIR" value="/home/travis/.nvm" />
    <property name="env.CERTI_FOM_PATH" value="/home/travis/pthla/certi-tools/share/federations" />
    <property name="env.TRAVIS_BUILD_ID" value="251561757" />
    <property name="env.PYENV_ROOT" value="/opt/pyenv" />
    <property name="env.TRAVIS_UID" value="2000" />
    <property name="prism.verbose" value="true" />
    <property name="env.NVM_BIN" value="/home/travis/.nvm/versions/node/v7.10.1/bin" />
    <property name="env.TRAVIS_COMMIT" value="97c84c86e87328bd066bc560e7f5b65fa1c4b652" />
    <property name="node.executable" value="node" />
    <property name="sun.boot.library.path" value="/usr/local/lib/jvm/openjdk11/lib" />
    <property name="sun.management.compiler" value="HotSpot 64-Bit Tiered Compilers" />
    <property name="java.awt.graphicsenv" value="sun.awt.X11GraphicsEnvironment" />
    <property name="env.GOPATH" value="/home/travis/gopath" />
    <property name="ptolemy.ptII.dir" value="/home/travis/build/icyphy/ptII" />
    <property name="env.USER" value="travis" />
    <property name="env.HISTFILESIZE" value="2000" />
    <property name="env.NVM_INC" value="/home/travis/.nvm/versions/node/v7.10.1/include/node" />
    <property name="timeout.longest" value="19000000" />
    <property name="env.PERLBREW_SHELLRC_VERSION" value="0.94" />
    <property name="env.TRAVIS_STACK_FEATURES" value="basic couchdb disabled-ipv6 docker docker-compose elasticsearch firefox go-toolchain google-chrome jdk memcached mongodb mysql nodejs_interpreter perl_interpreter perlbrew phantomjs postgresql python_interpreter redis ruby_interpreter sqlite xserver" />
    <property name="env.TRAVIS_PULL_REQUEST" value="false" />
    <property name="env.PYENV_SHELL" value="bash" />
    <property name="ant.project.name" value="ptII" />
    <property name="env.ANSI_RESET" value="\033[0m" />
    <property name="java.vm.specification.version" value="11" />
    <property name="env.TRAVIS_DIST" value="xenial" />
    <property name="env.CERTI_VERSION" value="4.0.0" />
    <property name="env.CERTI_HOST" value="localhost" />
    <property name="awt.toolkit" value="sun.awt.X11.XToolkit" />
    <property name="env.MY_RUBY_HOME" value="/home/travis/.rvm/rubies/ruby-2.5.3" />
    <property name="sun.cpu.isalist" value="" />
    <property name="env.TRAVIS_TMPDIR" value="/tmp/tmp.2LYKPc05bK" />
    <property name="java.vm.compressedOopsMode" value="Zero based" />
    <property name="os.version" value="4.15.0-1098-gcp" />
    <property name="user.home" value="/home/travis" />
    <property name="java.vm.vendor" value="Oracle Corporation" />
    <property name="env.TRAVIS_TAG" value="nightly" />
    <property name="env.ANSI_YELLOW" value="\033[33;1m" />
    <property name="env.TRAVIS_FILTERED" value="redirect_io" />
    <property name="env.ANSI_GREEN" value="\033[32;1m" />
    <property name="env.JAVA_HOME" value="/usr/local/lib/jvm/openjdk11" />
    <property name="javadoc.excludepackagenames" value="adm.cvs2svn.*,build.*,config.*,doc.coding.templates.*,jni.test.jni.meaningOfLife.*,jni.test.jni.testDeux.*,jni.test.jni.testTrois.*,org.terraswarm.accessor.accessors.web.node_modules.*,org.terraswarm.accessor.accessors.web.hosts.cordova.demo.*,org.terraswarm.accessor.accessors.web.hosts.cordova.plugins.*,org.terraswarm.accessor.accessors-svn.*,pt-modules.*,ptolemy.apps.agilent.*,ptolemy.apps.anytimecontrol.*,ptolemy.apps.apes.*,ptolemy.apps.charon.*,ptolemy.apps.crazyboard.*,ptolemy.apps.eclipse.*,ptolemy.apps.etherealSting.*,ptolemy.apps.fullscreen.*,ptolemy.apps.giotto.*,ptolemy.apps.ia.*,ptolemy.apps.interfaces.*,ptolemy.apps.jmf.*,ptolemy.apps.kurt.*,ptolemy.apps.kvm.*,ptolemy.apps.lego.*,ptolemy.apps.lejos.*,ptolemy.apps.midp.*,ptolemy.apps.mobileCoding.*,ptolemy.apps.pendulum.*,ptolemy.apps.rijndael.*,ptolemy.apps.robot.*,ptolemy.apps.security.*,ptolemy.apps.sobel.*,ptolemy.apps.soot.*,ptolemy.apps.throttle.*,ptolemy.apps.tini.*,ptolemy.apps.transmission.*,ptolemy.apps.vergil.*,ptolemy.apps.waba.*,ptolemy.apps.websensor.*,ptolemy.apps.webstart.*,ptolemy.apps.xsl.*,ptolemy.apps.zaurus.*,ptolemy.codegen.c.actor.lib.oldJavaFiles.*,ptolemy.codegen.dsp.lib.*,ptolemy.codegen.kernel.newInterfaces.*,ptolemy.codegen.lib.*,ptolemy.copernicus.kernel.fragment.*,ptolemy.copernicus.shallow.cg.*,ptolemy.domains.giotto.demo.Hierarchy.Hierarchy.*,ptolemy.domains.giotto.demo.Multimode.Multimode.*,ptolemy.domains.giotto.demo.Simple.Simple.*,ptolemy.domains.gr.lib.experimental.*,ptolemy.domains.gro.*,ptolemy.domains.pdf.*,ptolemy.domains.ptinyos.demo.Surge.output.*,ptolemy.moml.test.NoPackageActor.java*,ptolemy.plot.adm.*,ptolemy.plot.servlet.*,reports.*,signed.*,src.*,target.*,vendors.*,ptolemy.copernicus.applet.*,ptolemy.media.viewer.*,ptolemy.actor.corba.*,doc.doclets.*,ptolemy.apps.eclipse.awt.*,ptolemy.backtrack.*,ptolemy.backtrack.ast.*,ptolemy.cg.adapter.generic.program.procedural.c.mbed*,ptolemy.homer.*,ptolemy.actor.lib.jai.*,org.ptolemy.scala.*,diva.util.java2d.svg.*,ptolemy.domains.ptinyos.*,ptolemy.actor.lib.fmi.fmipp.*,,org.terraswarm.accessor.accessors.web.node_modules.*,org.terraswarm.accessor.accessors-svn,ptolemy.apps.*,ptolemy.actor.ptalon.demo.ptinyos.SendAndReceiveCnt.output,ptolemy.actor.ptalon.demo.ptinyos.SenseToLeds.output,ptolemy.domains.ptinyos.demo.CntToLedsAndRfm.output,ptolemy.domains.ptinyos.demo.RfmToLeds.output,ptolemy.domains.ptinyos.demo.SendAndReceiveCnt.output,ptolemy.domains.ptinyos.demo.SenseToLeds.output,ptolemy.actor.lib.jjs.modules.udpSocket.*" />
    <property name="env.PTII" value="/home/travis/build/icyphy/ptII" />
    <property name="env.XDG_SESSION_ID" value="2" />
    <property name="keystore" value="ptKeystore" />
    <property name="env.TRAVIS_COMMIT_MESSAGE" value="Try running the hlacerti tests in Travis." />
    <property name="junit.output.dir" value="/home/travis/build/icyphy/ptII/reports/junit" />
    <property name="npm.return.code" value="0" />
    <property name="user.dir" value="/home/travis/build/icyphy/ptII/ptolemy/actor/lib/test" />
    <property name="env.TRAVIS_NODE_VERSION" value="7" />
    <property name="env.TRAVIS_EVENT_TYPE" value="cron" />
    <property name="env.MAIL" value="/var/mail/travis" />
    <property name="env.PERLBREW_ROOT" value="/home/travis/perl5/perlbrew" />
    <property name="env.PWD" value="/home/travis/build/icyphy/ptII" />
    <property name="timeout.npm" value="45000" />
    <property name="env.TRAVIS_ARCH" value="amd64" />
    <property name="sun.cpu.endian" value="little" />
    <property name="env.PAGER" value="cat" />
    <property name="env.TRAVIS_BUILD_STAGE_NAME" value="test" />
    <property name="env.PERLBREW_HOME" value="/home/travis/.perlbrew" />
    <property name="java.vm.version" value="11.0.2+9" />
    <property name="env.RAILS_ENV" value="test" />
    <property name="java.class.path" value="/home/travis/.ptolemyII:/home/travis/.ptolemyII/*:/home/travis/build/icyphy/ptII:/home/travis/build/icyphy/ptII/lib/asm-all-5.2.jar:/home/travis/build/icyphy/ptII/lib/nashorn-core-15.3.jar:/home/travis/build/icyphy/ptII/lib/bsh-2.0b4.jar:/home/travis/build/icyphy/ptII/lib/ptCal.jar:/home/travis/build/icyphy/ptII/lib/java_cup.jar:/home/travis/build/icyphy/ptII/lib/saxon8.jar:/home/travis/build/icyphy/ptII/lib/saxon8-dom.jar:/home/travis/build/icyphy/ptII/lib/chic.jar:/home/travis/build/icyphy/ptII/lib/ptcolt.jar:/home/travis/build/icyphy/ptII/vendors/misc/itext/iText.jar:/home/travis/build/icyphy/ptII/lib/g4ltl.jar:/home/travis/build/icyphy/ptII/lib/StructuralCoder.jar:/home/travis/build/icyphy/ptII/lib/jcerti.jar:/home/travis/build/icyphy/ptII/lib/javax.mail.jar:/home/travis/build/icyphy/ptII/vendors/JMF-2.1.1e/lib/jmf.jar:/home/travis/build/icyphy/ptII/lib/jna-4.0.0-variadic.jar:/home/travis/build/icyphy/ptII/vendors/misc/joystick/Joystick.jar:/home/travis/build/icyphy/ptII/lib/ptjacl.jar:/home/travis/build/icyphy/ptII/lib/jsoup-1.14.2.jar:/home/travis/build/icyphy/ptII/lib/junit-4.8.2.jar:/home/travis/build/icyphy/ptII/lib/JUnitParams-0.4.0.jar:/home/travis/build/icyphy/ptII/ptolemy/actor/lib/excel/jxl.jar:/home/travis/build/icyphy/ptII/lib/jython.jar:/home/travis/build/icyphy/ptII/lib/kieler.jar:/home/travis/build/icyphy/ptII/vendors/opencv/share/OpenCV/java/opencv-341.jar:/home/travis/build/icyphy/ptII/lib/oscP5.jar:/home/travis/build/icyphy/ptII/lib/nrjavaserial-3.11.0.devel.jar:/home/travis/build/icyphy/ptII/vendors/j3d/lib/Linux/j3dcore.jar:/home/travis/build/icyphy/ptII/vendors/j3d/lib/Linux/j3dutils.jar:/home/travis/build/icyphy/ptII/vendors/j3d/lib/Linux/vecmath.jar:/home/travis/build/icyphy/ptII/vendors/jogl/lib/Linux/gluegen-rt-natives-linux-amd64.jar:/home/travis/build/icyphy/ptII/vendors/jogl/lib/Linux/gluegen-rt.jar:/home/travis/build/icyphy/ptII/vendors/jogl/lib/Linux/jogl-all-natives-linux-amd64.jar:/home/travis/build/icyphy/ptII/vendors/jogl/lib/Linux/jogl-all.jar:/home/travis/build/icyphy/ptII/ptolemy/distributed/jini/jar/jini-core.jar:/home/travis/build/icyphy/ptII/ptolemy/distributed/jini/jar/jini-ext.jar:/home/travis/build/icyphy/ptII/ptolemy/distributed/jini/jar/sun-util.jar:/home/travis/build/icyphy/ptII/lib/protobuf-java-2.4.1.jar:/home/travis/build/icyphy/ptII/lib/org.eclipse.paho.client.mqttv3.jar:/home/travis/build/icyphy/ptII/lib/mapss.jar:/home/travis/build/icyphy/ptII/ptolemy/actor/ptalon/antlr/antlr.jar:/home/travis/build/icyphy/ptII/lib/JRI.jar:/home/travis/build/icyphy/ptII/lib/commons-lang-2.6.jar:/home/travis/build/icyphy/ptII/lib/commons-logging-1.1.1.jar:/home/travis/build/icyphy/ptII/lib/sootclasses.jar:/home/travis/build/icyphy/ptII/ptolemy/actor/lib/database/mysql-connector-java-8.0.26.jar:/home/travis/build/icyphy/ptII/vendors/misc/sphinx4/sphinx4-data-5prealpha.jar:/home/travis/build/icyphy/ptII/vendors/misc/sphinx4/sphinx4-core-5prealpha.jar:/home/travis/build/icyphy/ptII/lib/PDFRenderer.jar:/home/travis/build/icyphy/ptII/lib/svgSalamander.jar:/home/travis/build/icyphy/ptII/lib/rsyntaxtextarea-2.6.0-SNAPSHOT.jar:/home/travis/build/icyphy/ptII/lib/hazelcast-3.8.2.jar:/home/travis/build/icyphy/ptII/lib/jackson-annotations-2.9.0.jar:/home/travis/build/icyphy/ptII/lib/jackson-core-2.9.3.jar:/home/travis/build/icyphy/ptII/lib/jackson-databind-2.9.3.jar:/home/travis/build/icyphy/ptII/lib/netty-buffer-4.1.19.Final.jar:/home/travis/build/icyphy/ptII/lib/netty-codec-4.1.19.Final.jar:/home/travis/build/icyphy/ptII/lib/netty-codec-dns-4.1.19.Final.jar:/home/travis/build/icyphy/ptII/lib/netty-codec-http-4.1.19.Final.jar:/home/travis/build/icyphy/ptII/lib/netty-codec-http2-4.1.19.Final.jar:/home/travis/build/icyphy/ptII/lib/netty-common-4.1.19.Final.jar:/home/travis/build/icyphy/ptII/lib/netty-handler-4.1.19.Final.jar:/home/travis/build/icyphy/ptII/lib/netty-resolver-4.1.19.Final.jar:/home/travis/build/icyphy/ptII/lib/netty-resolver-dns-4.1.19.Final.jar:/home/travis/build/icyphy/ptII/lib/netty-transport-4.1.19.Final.jar:/home/travis/build/icyphy/ptII/lib/vertx-codegen-3.5.1.jar:/home/travis/build/icyphy/ptII/lib/vertx-core-3.5.2-SNAPSHOT.jar:/home/travis/build/icyphy/ptII/lib/vertx-hazelcast-3.5.1.jar:/home/travis/build/icyphy/ptII/lib/vertx-lang-js-3.5.1.jar:/home/travis/build/icyphy/ptII/lib/vertx-service-proxy-3.5.1.jar:/home/travis/build/icyphy/ptII/lib/vertx-web-3.5.1.jar:/home/travis/build/icyphy/ptII/lib/slf4j-api-1.7.13.jar:/home/travis/build/icyphy/ptII/lib/slf4j-simple-1.7.13.jar:/home/travis/build/icyphy/ptII/lib/webcam-capture-0.3.12.jar:/home/travis/build/icyphy/ptII/lib/bridj-0.7.0.jar:/home/travis/build/icyphy/ptII/lib/xbjlib-1.1.0.nrjavaserial.jar:/home/travis/build/icyphy/ptII/ptolemy/moml/test:/home/travis/build/icyphy/ptII/ant/lib/ant-launcher.jar:/home/travis/build/icyphy/ptII/ant/lib/ant.jar:/home/travis/build/icyphy/ptII/ant/lib/ant-junit.jar:/home/travis/build/icyphy/ptII/ant/lib/ant-junit4.jar" />
    <property name="ant.library.dir" value="/home/travis/build/icyphy/ptII/ant/lib" />
    <property name="os.arch" value="amd64" />
    <property name="env.CONTINUOUS_INTEGRATION" value="true" />
    <property name="env.TRAVIS_LANGUAGE" value="node_js" />
    <property name="env.TRAVIS_STACK_LANGUAGES" value="__sardonyx__ c c++ clojure cplusplus cpp default generic go groovy java node_js php pure_java python ruby scala" />
    <property name="test.name" value="ptolemy.actor.lib.test.junit.JUnitTclTest" />
    <property name="env.APT_KEY_DONT_WARN_ON_DANGEROUS_USAGE" value="1" />
    <property name="sun.java.launcher" value="SUN_STANDARD" />
    <property name="env.PYTHON_CONFIGURE_OPTS" value="--enable-unicode=ucs4 --with-wide-unicode --enable-shared --enable-ipv6 --enable-loadable-sqlite-extensions --with-computed-gotos" />
    <property name="ant.core.lib" value="/home/travis/build/icyphy/ptII/ant/lib/ant.jar" />
    <property name="java.vm.specification.vendor" value="Oracle Corporation" />
    <property name="env.BCVTB_HOME" value="/home/travis/build/icyphy/ptII/lbnl" />
    <property name="file.separator" value="/" />
    <property name="spotbugs.home" value="/home/travis/build/icyphy/ptII/vendors/spotbugs-3.1.1" />
    <property name="java.runtime.version" value="11.0.2+9" />
    <property name="env.ANSI_CLEAR" value="\033[0K" />
    <property name="javafx.verbose" value="true" />
    <property name="env.HAS_JOSH_K_SEAL_OF_APPROVAL" value="true" />
    <property name="env.XDG_RUNTIME_DIR" value="/run/user/2000" />
    <property name="env.TRAVIS_OSX_IMAGE" value="" />
    <property name="env.TRAVIS_JOB_ID" value="572513547" />
    <property name="env.TRAVIS_BRANCH" value="master" />
    <property name="user.country" value="US" />
    <property name="env.CERTI_HOME_TRAVIS" value="/home/travis/pthla/certi-tools" />
    <property name="env.SHELL" value="/bin/bash" />
    <property name="java.maxmemory.large" value="3200m" />
    <property name="model" value="" />
    <property name="env.CASHER_DIR" value="/home/travis/.casher" />
    <property name="env.NVM_CD_FLAGS" value="" />
    <property name="java.vendor.version" value="18.9" />
    <property name="jshint.executable" value="/home/travis/node_modules/jshint/bin/jshint" />
    <property name="env.JRUBY_OPTS" value=" --client -J-XX:+TieredCompilation -J-XX:TieredStopAtLevel=1 -J-Xss2m -Xcompile.invokedynamic=false" />
    <property name="java.vendor" value="Oracle Corporation" />
    <property name="env.TRAVIS_PRE_CHEF_BOOTSTRAP_TIME" value="2022-03-21T11:28:53" />
    <property name="env.TRAVIS_STACK_JOB_BOARD_REGISTER" value="/.job-board-register.yml" />
    <property name="env.ANSI_RED" value="\033[31;1m" />
    <property name="java.specification.version" value="11" />
    <property name="env.IRBRC" value="/home/travis/.rvm/rubies/ruby-2.5.3/.irbrc" />
    <property name="env.TRAVIS" value="true" />
    <property name="sun.arch.data.model" value="64" />
  </properties>
  <testcase classname="ptolemy.util.test.junit.TclTests" name="[0] /home/travis/build/icyphy/ptII/ptolemy/actor/lib/test/AbsoluteValue.tcl (RunTclFile)" time="0.509" />
  <testcase classname="ptolemy.util.test.junit.TclTests" name="[1] /home/travis/build/icyphy/ptII/ptolemy/actor/lib/test/AddSubtract.tcl (RunTclFile)" time="0.148" />
  <testcase classname="ptolemy.util.test.junit.TclTests" name="[2] /home/travis/build/icyphy/ptII/ptolemy/actor/lib/test/Average.tcl (RunTclFile)" time="0.054" />
  <testcase classname="ptolemy.util.test.junit.TclTests" name="[3] /home/travis/build/icyphy/ptII/ptolemy/actor/lib/test/Bernoulli.tcl (RunTclFile)" time="0.04" />
  <testcase classname="ptolemy.util.test.junit.TclTests" name="[4] /home/travis/build/icyphy/ptII/ptolemy/actor/lib/test/Clock.tcl (RunTclFile)" time="0.066" />
  <testcase classname="ptolemy.util.test.junit.TclTests" name="[5] /home/travis/build/icyphy/ptII/ptolemy/actor/lib/test/Commutator.tcl (RunTclFile)" time="0.16" />
  <testcase classname="ptolemy.util.test.junit.TclTests" name="[6] /home/travis/build/icyphy/ptII/ptolemy/actor/lib/test/Const.tcl (RunTclFile)" time="0.11" />
  <testcase classname="ptolemy.util.test.junit.TclTests" name="[7] /home/travis/build/icyphy/ptII/ptolemy/actor/lib/test/CurrentTime.tcl (RunTclFile)" time="0.036" />
  <testcase classname="ptolemy.util.test.junit.TclTests" name="[8] /home/travis/build/icyphy/ptII/ptolemy/actor/lib/test/DB.tcl (RunTclFile)" time="0.022" />
  <testcase classname="ptolemy.util.test.junit.TclTests" name="[9] /home/travis/build/icyphy/ptII/ptolemy/actor/lib/test/DiscreteRandomSource.tcl (RunTclFile)" time="0.04" />
  <testcase classname="ptolemy.util.test.junit.TclTests" name="[10] /home/travis/build/icyphy/ptII/ptolemy/actor/lib/test/Distributor.tcl (RunTclFile)" time="0.087" />
  <testcase classname="ptolemy.util.test.junit.TclTests" name="[11] /home/travis/build/icyphy/ptII/ptolemy/actor/lib/test/Exit.tcl (RunTclFile)" time="0.089" />
  <testcase classname="ptolemy.util.test.junit.TclTests" name="[12] /home/travis/build/icyphy/ptII/ptolemy/actor/lib/test/Expression.tcl (RunTclFile)" time="0.063" />
  <testcase classname="ptolemy.util.test.junit.TclTests" name="[13] /home/travis/build/icyphy/ptII/ptolemy/actor/lib/test/Gaussian.tcl (RunTclFile)" time="0.602" />
  <testcase classname="ptolemy.util.test.junit.TclTests" name="[14] /home/travis/build/icyphy/ptII/ptolemy/actor/lib/test/IIR.tcl (RunTclFile)" time="0.039" />
  <testcase classname="ptolemy.util.test.junit.TclTests" name="[15] /home/travis/build/icyphy/ptII/ptolemy/actor/lib/test/Interpolator.tcl (RunTclFile)" time="0.099" />
  <testcase classname="ptolemy.util.test.junit.TclTests" name="[16] /home/travis/build/icyphy/ptII/ptolemy/actor/lib/test/MathFunction.tcl (RunTclFile)" time="0.074" />
  <testcase classname="ptolemy.util.test.junit.TclTests" name="[17] /home/travis/build/icyphy/ptII/ptolemy/actor/lib/test/Maximum.tcl (RunTclFile)" time="0.037" />
  <testcase classname="ptolemy.util.test.junit.TclTests" name="[18] /home/travis/build/icyphy/ptII/ptolemy/actor/lib/test/Minimum.tcl (RunTclFile)" time="0.03" />
  <testcase classname="ptolemy.util.test.junit.TclTests" name="[19] /home/travis/build/icyphy/ptII/ptolemy/actor/lib/test/MultiplyDivide.tcl (RunTclFile)" time="0.045" />
  <testcase classname="ptolemy.util.test.junit.TclTests" name="[20] /home/travis/build/icyphy/ptII/ptolemy/actor/lib/test/OrderedMerge.tcl (RunTclFile)" time="0.11" />
  <testcase classname="ptolemy.util.test.junit.TclTests" name="[21] /home/travis/build/icyphy/ptII/ptolemy/actor/lib/test/Publisher.tcl (RunTclFile)" time="0.811" />
  <testcase classname="ptolemy.util.test.junit.TclTests" name="[22] /home/travis/build/icyphy/ptII/ptolemy/actor/lib/test/Pulse.tcl (RunTclFile)" time="0.042" />
  <testcase classname="ptolemy.util.test.junit.TclTests" name="[23] /home/travis/build/icyphy/ptII/ptolemy/actor/lib/test/Ramp.tcl (RunTclFile)" time="1.898" />
  <testcase classname="ptolemy.util.test.junit.TclTests" name="[24] /home/travis/build/icyphy/ptII/ptolemy/actor/lib/test/RampContinuous.tcl (RunTclFile)" time="0.018" />
  <testcase classname="ptolemy.util.test.junit.TclTests" name="[25] /home/travis/build/icyphy/ptII/ptolemy/actor/lib/test/RecordAssembler.tcl (RunTclFile)" time="0.017" />
  <testcase classname="ptolemy.util.test.junit.TclTests" name="[26] /home/travis/build/icyphy/ptII/ptolemy/actor/lib/test/RecordDisassembler.tcl (RunTclFile)" time="0.02" />
  <testcase classname="ptolemy.util.test.junit.TclTests" name="[27] /home/travis/build/icyphy/ptII/ptolemy/actor/lib/test/Scale.tcl (RunTclFile)" time="0.015" />
  <testcase classname="ptolemy.util.test.junit.TclTests" name="[28] /home/travis/build/icyphy/ptII/ptolemy/actor/lib/test/SequentialClock.tcl (RunTclFile)" time="0.011" />
  <testcase classname="ptolemy.util.test.junit.TclTests" name="[29] /home/travis/build/icyphy/ptII/ptolemy/actor/lib/test/SetVariable.tcl (RunTclFile)" time="0.009" />
  <testcase classname="ptolemy.util.test.junit.TclTests" name="[30] /home/travis/build/icyphy/ptII/ptolemy/actor/lib/test/Sinewave.tcl (RunTclFile)" time="0.024" />
  <testcase classname="ptolemy.util.test.junit.TclTests" name="[31] /home/travis/build/icyphy/ptII/ptolemy/actor/lib/test/SubscriptionAggregator.tcl (RunTclFile)" time="1.898" />
  <testcase classname="ptolemy.util.test.junit.TclTests" name="[32] /home/travis/build/icyphy/ptII/ptolemy/actor/lib/test/Test.tcl (RunTclFile)" time="0.112" />
  <testcase classname="ptolemy.util.test.junit.TclTests" name="[33] /home/travis/build/icyphy/ptII/ptolemy/actor/lib/test/TestExceptionHandler.tcl (RunTclFile)" time="0.014" />
  <testcase classname="ptolemy.util.test.junit.TclTests" name="[34] /home/travis/build/icyphy/ptII/ptolemy/actor/lib/test/UnionDisassembler.tcl (RunTclFile)" time="0.065" />
  <testcase classname="ptolemy.util.test.junit.TclTests" name="[35] /home/travis/build/icyphy/ptII/ptolemy/actor/lib/test/VariableClock.tcl (RunTclFile)" time="0.034" />
  <testcase classname="ptolemy.util.test.junit.AutoKnownFailedTests" name="[0] /home/travis/build/icyphy/ptII/ptolemy/actor/lib/test/auto/knownFailedTests/PublisherPortToplevelSubscriber.xml (RunModel)" time="0.03" />
  <testcase classname="ptolemy.util.test.junit.AutoKnownFailedTests" name="[1] /home/travis/build/icyphy/ptII/ptolemy/actor/lib/test/auto/knownFailedTests/PublisherSubscriberPortToplevel.xml (RunModel)" time="0.02" />
  <testcase classname="ptolemy.util.test.junit.AutoKnownFailedTests" name="[2] /home/travis/build/icyphy/ptII/ptolemy/actor/lib/test/auto/knownFailedTests/PublisherSubscriptionAggregatorPort.xml (RunModel)" time="0.031" />
  <testcase classname="ptolemy.util.test.junit.AutoKnownFailedTests" name="[3] /home/travis/build/icyphy/ptII/ptolemy/actor/lib/test/auto/knownFailedTests/sizedarray3.xml (RunModel)" time="0.032" />
  <testcase classname="ptolemy.util.test.junit.AutoNameArchTests" name="[0] ThereAreNoAutoArchTests (RunModel)" time="0.001" />
  <testcase classname="ptolemy.util.test.junit.AutoTests" name="[0] /home/travis/build/icyphy/ptII/ptolemy/actor/lib/test/auto/AbsoluteValue.xml (RunModel)" time="0.086" />
  <testcase classname="ptolemy.util.test.junit.AutoTests" name="[1] /home/travis/build/icyphy/ptII/ptolemy/actor/lib/test/auto/AbsoluteValue2.xml (RunModel)" time="0.068" />
  <testcase classname="ptolemy.util.test.junit.AutoTests" name="[2] /home/travis/build/icyphy/ptII/ptolemy/actor/lib/test/auto/Accumulator.xml (RunModel)" time="0.055" />
  <testcase classname="ptolemy.util.test.junit.AutoTests" name="[3] /home/travis/build/icyphy/ptII/ptolemy/actor/lib/test/auto/Accumulator2.xml (RunModel)" time="0.039" />
  <testcase classname="ptolemy.util.test.junit.AutoTests" name="[4] /home/travis/build/icyphy/ptII/ptolemy/actor/lib/test/auto/Accumulator3.xml (RunModel)" time="0.016" />
  <testcase classname="ptolemy.util.test.junit.AutoTests" name="[5] /home/travis/build/icyphy/ptII/ptolemy/actor/lib/test/auto/ArrayAppend.xml (RunModel)" time="0.028" />
  <testcase classname="ptolemy.util.test.junit.AutoTests" name="[6] /home/travis/build/icyphy/ptII/ptolemy/actor/lib/test/auto/ArrayAppend2.xml (RunModel)" time="0.473" />
  <testcase classname="ptolemy.util.test.junit.AutoTests" name="[7] /home/travis/build/icyphy/ptII/ptolemy/actor/lib/test/auto/ArrayAppend3.xml (RunModel)" time="0.037" />
  <testcase classname="ptolemy.util.test.junit.AutoTests" name="[8] /home/travis/build/icyphy/ptII/ptolemy/actor/lib/test/auto/ArrayAppend4.xml (RunModel)" time="0.019" />
  <testcase classname="ptolemy.util.test.junit.AutoTests" name="[9] /home/travis/build/icyphy/ptII/ptolemy/actor/lib/test/auto/ArrayAppend5.xml (RunModel)" time="0.017" />
  <testcase classname="ptolemy.util.test.junit.AutoTests" name="[10] /home/travis/build/icyphy/ptII/ptolemy/actor/lib/test/auto/ArrayAppend6.xml (RunModel)" time="0.015" />
  <testcase classname="ptolemy.util.test.junit.AutoTests" name="[11] /home/travis/build/icyphy/ptII/ptolemy/actor/lib/test/auto/ArrayAppendPerformanceTest.xml (RunModel)" time="0.045" />
  <testcase classname="ptolemy.util.test.junit.AutoTests" name="[12] /home/travis/build/icyphy/ptII/ptolemy/actor/lib/test/auto/ArrayAppendWithEmptyInput.xml (RunModel)" time="0.031" />
  <testcase classname="ptolemy.util.test.junit.AutoTests" name="[13] /home/travis/build/icyphy/ptII/ptolemy/actor/lib/test/auto/ArrayAverage.xml (RunModel)" time="0.064" />
  <testcase classname="ptolemy.util.test.junit.AutoTests" name="[14] /home/travis/build/icyphy/ptII/ptolemy/actor/lib/test/auto/ArrayContains.xml (RunModel)" time="0.036" />
  <testcase classname="ptolemy.util.test.junit.AutoTests" name="[15] /home/travis/build/icyphy/ptII/ptolemy/actor/lib/test/auto/ArrayElement.xml (RunModel)" time="0.027" />
  <testcase classname="ptolemy.util.test.junit.AutoTests" name="[16] /home/travis/build/icyphy/ptII/ptolemy/actor/lib/test/auto/ArrayElementAsMatrix.xml (RunModel)" time="0.057" />
  <testcase classname="ptolemy.util.test.junit.AutoTests" name="[17] /home/travis/build/icyphy/ptII/ptolemy/actor/lib/test/auto/ArrayElementI.xml (RunModel)" time="0.023" />
  <testcase classname="ptolemy.util.test.junit.AutoTests" name="[18] /home/travis/build/icyphy/ptII/ptolemy/actor/lib/test/auto/ArrayExtract.xml (RunModel)" time="0.039" />
  <testcase classname="ptolemy.util.test.junit.AutoTests" name="[19] /home/travis/build/icyphy/ptII/ptolemy/actor/lib/test/auto/ArrayExtract2.xml (RunModel)" time="0.026" />
  <testcase classname="ptolemy.util.test.junit.AutoTests" name="[20] /home/travis/build/icyphy/ptII/ptolemy/actor/lib/test/auto/ArrayLength.xml (RunModel)" time="0.027" />
  <testcase classname="ptolemy.util.test.junit.AutoTests" name="[21] /home/travis/build/icyphy/ptII/ptolemy/actor/lib/test/auto/ArrayLevelCrossing.xml (RunModel)" time="0.056" />
  <testcase classname="ptolemy.util.test.junit.AutoTests" name="[22] /home/travis/build/icyphy/ptII/ptolemy/actor/lib/test/auto/ArrayLevelCrossing2.xml (RunModel)" time="0.026" />
  <testcase classname="ptolemy.util.test.junit.AutoTests" name="[23] /home/travis/build/icyphy/ptII/ptolemy/actor/lib/test/auto/ArrayPeakSearch.xml (RunModel)" time="0.038" />
  <testcase classname="ptolemy.util.test.junit.AutoTests" name="[24] /home/travis/build/icyphy/ptII/ptolemy/actor/lib/test/auto/ArrayPeakSearch2.xml (RunModel)" time="0.041" />
  <testcase classname="ptolemy.util.test.junit.AutoTests" name="[25] /home/travis/build/icyphy/ptII/ptolemy/actor/lib/test/auto/ArrayPeakSearch3.xml (RunModel)" time="0.032" />
  <testcase classname="ptolemy.util.test.junit.AutoTests" name="[26] /home/travis/build/icyphy/ptII/ptolemy/actor/lib/test/auto/ArrayRemoveElement.xml (RunModel)" time="0.026" />
  <testcase classname="ptolemy.util.test.junit.AutoTests" name="[27] /home/travis/build/icyphy/ptII/ptolemy/actor/lib/test/auto/ArraySort.xml (RunModel)" time="0.036" />
  <testcase classname="ptolemy.util.test.junit.AutoTests" name="[28] /home/travis/build/icyphy/ptII/ptolemy/actor/lib/test/auto/ArraySum.xml (RunModel)" time="0.019" />
  <testcase classname="ptolemy.util.test.junit.AutoTests" name="[29] /home/travis/build/icyphy/ptII/ptolemy/actor/lib/test/auto/ArrayToElements.xml (RunModel)" time="0.02" />
  <testcase classname="ptolemy.util.test.junit.AutoTests" name="[30] /home/travis/build/icyphy/ptII/ptolemy/actor/lib/test/auto/ArrayToMatrix.xml (RunModel)" time="0.052" />
  <testcase classname="ptolemy.util.test.junit.AutoTests" name="[31] /home/travis/build/icyphy/ptII/ptolemy/actor/lib/test/auto/ArrayUpdate1.xml (RunModel)" time="0.014" />
  <testcase classname="ptolemy.util.test.junit.AutoTests" name="[32] /home/travis/build/icyphy/ptII/ptolemy/actor/lib/test/auto/ArrayUpdate2.xml (RunModel)" time="0.019" />
  <testcase classname="ptolemy.util.test.junit.AutoTests" name="[33] /home/travis/build/icyphy/ptII/ptolemy/actor/lib/test/auto/ArrayUpdate3.xml (RunModel)" time="0.016" />
  <testcase classname="ptolemy.util.test.junit.AutoTests" name="[34] /home/travis/build/icyphy/ptII/ptolemy/actor/lib/test/auto/Assert1.xml (RunModel)" time="0.032" />
  <testcase classname="ptolemy.util.test.junit.AutoTests" name="[35] /home/travis/build/icyphy/ptII/ptolemy/actor/lib/test/auto/Assert2.xml (RunModel)" time="0.021" />
  <testcase classname="ptolemy.util.test.junit.AutoTests" name="[36] /home/travis/build/icyphy/ptII/ptolemy/actor/lib/test/auto/BooleanMultiplexor.xml (RunModel)" time="0.015" />
  <testcase classname="ptolemy.util.test.junit.AutoTests" name="[37] /home/travis/build/icyphy/ptII/ptolemy/actor/lib/test/auto/BooleanMultiplexor2.xml (RunModel)" time="0.024" />
  <testcase classname="ptolemy.util.test.junit.AutoTests" name="[38] /home/travis/build/icyphy/ptII/ptolemy/actor/lib/test/auto/BooleanMultiplexor3.xml (RunModel)" time="0.016" />
  <testcase classname="ptolemy.util.test.junit.AutoTests" name="[39] /home/travis/build/icyphy/ptII/ptolemy/actor/lib/test/auto/BooleanSelect.xml (RunModel)" time="0.018" />
  <testcase classname="ptolemy.util.test.junit.AutoTests" name="[40] /home/travis/build/icyphy/ptII/ptolemy/actor/lib/test/auto/BooleanSelect2.xml (RunModel)" time="0.016" />
  <testcase classname="ptolemy.util.test.junit.AutoTests" name="[41] /home/travis/build/icyphy/ptII/ptolemy/actor/lib/test/auto/BooleanSwitch.xml (RunModel)" time="0.02" />
  <testcase classname="ptolemy.util.test.junit.AutoTests" name="[42] /home/travis/build/icyphy/ptII/ptolemy/actor/lib/test/auto/BooleanSwitch2.xml (RunModel)" time="0.015" />
  <testcase classname="ptolemy.util.test.junit.AutoTests" name="[43] /home/travis/build/icyphy/ptII/ptolemy/actor/lib/test/auto/BooleanSwitchCloningBugWithClassRelationGroup.xml (RunModel)" time="0.028" />
  <testcase classname="ptolemy.util.test.junit.AutoTests" name="[44] /home/travis/build/icyphy/ptII/ptolemy/actor/lib/test/auto/BusActors.xml (RunModel)" time="0.05" />
  <testcase classname="ptolemy.util.test.junit.AutoTests" name="[45] /home/travis/build/icyphy/ptII/ptolemy/actor/lib/test/auto/ClassWrapper.xml (RunModel)" time="0.021" />
  <testcase classname="ptolemy.util.test.junit.AutoTests" name="[46] /home/travis/build/icyphy/ptII/ptolemy/actor/lib/test/auto/Clock.xml (RunModel)" time="0.01" />
  <testcase classname="ptolemy.util.test.junit.AutoTests" name="[47] /home/travis/build/icyphy/ptII/ptolemy/actor/lib/test/auto/Clock10.xml (RunModel)" time="0.017" />
  <testcase classname="ptolemy.util.test.junit.AutoTests" name="[48] /home/travis/build/icyphy/ptII/ptolemy/actor/lib/test/auto/Clock11.xml (RunModel)" time="0.062" />
  <testcase classname="ptolemy.util.test.junit.AutoTests" name="[49] /home/travis/build/icyphy/ptII/ptolemy/actor/lib/test/auto/Clock12.xml (RunModel)" time="0.018" />
  <testcase classname="ptolemy.util.test.junit.AutoTests" name="[50] /home/travis/build/icyphy/ptII/ptolemy/actor/lib/test/auto/Clock13.xml (RunModel)" time="0.016" />
  <testcase classname="ptolemy.util.test.junit.AutoTests" name="[51] /home/travis/build/icyphy/ptII/ptolemy/actor/lib/test/auto/Clock14.xml (RunModel)" time="0.016" />
  <testcase classname="ptolemy.util.test.junit.AutoTests" name="[52] /home/travis/build/icyphy/ptII/ptolemy/actor/lib/test/auto/Clock15.xml (RunModel)" time="0.016" />
  <testcase classname="ptolemy.util.test.junit.AutoTests" name="[53] /home/travis/build/icyphy/ptII/ptolemy/actor/lib/test/auto/Clock16.xml (RunModel)" time="0.097" />
  <testcase classname="ptolemy.util.test.junit.AutoTests" name="[54] /home/travis/build/icyphy/ptII/ptolemy/actor/lib/test/auto/Clock17.xml (RunModel)" time="0.066" />
  <testcase classname="ptolemy.util.test.junit.AutoTests" name="[55] /home/travis/build/icyphy/ptII/ptolemy/actor/lib/test/auto/Clock18.xml (RunModel)" time="0.055" />
  <testcase classname="ptolemy.util.test.junit.AutoTests" name="[56] /home/travis/build/icyphy/ptII/ptolemy/actor/lib/test/auto/Clock19.xml (RunModel)" time="0.04" />
  <testcase classname="ptolemy.util.test.junit.AutoTests" name="[57] /home/travis/build/icyphy/ptII/ptolemy/actor/lib/test/auto/Clock2.xml (RunModel)" time="0.017" />
  <testcase classname="ptolemy.util.test.junit.AutoTests" name="[58] /home/travis/build/icyphy/ptII/ptolemy/actor/lib/test/auto/Clock20.xml (RunModel)" time="0.021" />
  <testcase classname="ptolemy.util.test.junit.AutoTests" name="[59] /home/travis/build/icyphy/ptII/ptolemy/actor/lib/test/auto/Clock21.xml (RunModel)" time="0.018" />
  <testcase classname="ptolemy.util.test.junit.AutoTests" name="[60] /home/travis/build/icyphy/ptII/ptolemy/actor/lib/test/auto/Clock22.xml (RunModel)" time="0.017" />
  <testcase classname="ptolemy.util.test.junit.AutoTests" name="[61] /home/travis/build/icyphy/ptII/ptolemy/actor/lib/test/auto/Clock23.xml (RunModel)" time="0.018" />
  <testcase classname="ptolemy.util.test.junit.AutoTests" name="[62] /home/travis/build/icyphy/ptII/ptolemy/actor/lib/test/auto/Clock24.xml (RunModel)" time="0.018" />
  <testcase classname="ptolemy.util.test.junit.AutoTests" name="[63] /home/travis/build/icyphy/ptII/ptolemy/actor/lib/test/auto/Clock4.xml (RunModel)" time="0.013" />
  <testcase classname="ptolemy.util.test.junit.AutoTests" name="[64] /home/travis/build/icyphy/ptII/ptolemy/actor/lib/test/auto/Clock5.xml (RunModel)" time="0.013" />
  <testcase classname="ptolemy.util.test.junit.AutoTests" name="[65] /home/travis/build/icyphy/ptII/ptolemy/actor/lib/test/auto/Clock6.xml (RunModel)" time="0.015" />
  <testcase classname="ptolemy.util.test.junit.AutoTests" name="[66] /home/travis/build/icyphy/ptII/ptolemy/actor/lib/test/auto/Clock7.xml (RunModel)" time="0.011" />
  <testcase classname="ptolemy.util.test.junit.AutoTests" name="[67] /home/travis/build/icyphy/ptII/ptolemy/actor/lib/test/auto/Clock8.xml (RunModel)" time="0.014" />
  <testcase classname="ptolemy.util.test.junit.AutoTests" name="[68] /home/travis/build/icyphy/ptII/ptolemy/actor/lib/test/auto/Clock9.xml (RunModel)" time="0.017" />
  <testcase classname="ptolemy.util.test.junit.AutoTests" name="[69] /home/travis/build/icyphy/ptII/ptolemy/actor/lib/test/auto/CommDistDiscard.xml (RunModel)" time="0.026" />
  <testcase classname="ptolemy.util.test.junit.AutoTests" name="[70] /home/travis/build/icyphy/ptII/ptolemy/actor/lib/test/auto/Commutator.xml (RunModel)" time="0.015" />
  <testcase classname="ptolemy.util.test.junit.AutoTests" name="[71] /home/travis/build/icyphy/ptII/ptolemy/actor/lib/test/auto/Commutator2.xml (RunModel)" time="0.011" />
  <testcase classname="ptolemy.util.test.junit.AutoTests" name="[72] /home/travis/build/icyphy/ptII/ptolemy/actor/lib/test/auto/Commutator3.xml (RunModel)" time="0.013" />
  <testcase classname="ptolemy.util.test.junit.AutoTests" name="[73] /home/travis/build/icyphy/ptII/ptolemy/actor/lib/test/auto/Compare.xml (RunModel)" time="0.022" />
  <testcase classname="ptolemy.util.test.junit.AutoTests" name="[74] /home/travis/build/icyphy/ptII/ptolemy/actor/lib/test/auto/CompareDE.xml (RunModel)" time="0.019" />
  <testcase classname="ptolemy.util.test.junit.AutoTests" name="[75] /home/travis/build/icyphy/ptII/ptolemy/actor/lib/test/auto/ComplexDivide.xml (RunModel)" time="0.011" />
  <testcase classname="ptolemy.util.test.junit.AutoTests" name="[76] /home/travis/build/icyphy/ptII/ptolemy/actor/lib/test/auto/ComputeHistogram.xml (RunModel)" time="0.078" />
  <testcase classname="ptolemy.util.test.junit.AutoTests" name="[77] /home/travis/build/icyphy/ptII/ptolemy/actor/lib/test/auto/ConfigurationSelect.xml (RunModel)" time="0.023" />
  <testcase classname="ptolemy.util.test.junit.AutoTests" name="[78] /home/travis/build/icyphy/ptII/ptolemy/actor/lib/test/auto/ConfigurationSelect2.xml (RunModel)" time="0.017" />
  <testcase classname="ptolemy.util.test.junit.AutoTests" name="[79] /home/travis/build/icyphy/ptII/ptolemy/actor/lib/test/auto/ConfigurationSwitch.xml (RunModel)" time="0.031" />
  <testcase classname="ptolemy.util.test.junit.AutoTests" name="[80] /home/travis/build/icyphy/ptII/ptolemy/actor/lib/test/auto/ConfigurationSwitch2.xml (RunModel)" time="0.022" />
  <testcase classname="ptolemy.util.test.junit.AutoTests" name="[81] /home/travis/build/icyphy/ptII/ptolemy/actor/lib/test/auto/ConfigurationSwitchCloningBugWithClassRelationGroup.xml (RunModel)" time="0.023" />
  <testcase classname="ptolemy.util.test.junit.AutoTests" name="[82] /home/travis/build/icyphy/ptII/ptolemy/actor/lib/test/auto/ConfigurationSwitchSelectSDF.xml (RunModel)" time="0.023" />
  <testcase classname="ptolemy.util.test.junit.AutoTests" name="[83] /home/travis/build/icyphy/ptII/ptolemy/actor/lib/test/auto/ConfigurationSwitchSelectSDF2.xml (RunModel)" time="0.02" />
  <testcase classname="ptolemy.util.test.junit.AutoTests" name="[84] /home/travis/build/icyphy/ptII/ptolemy/actor/lib/test/auto/Const.xml (RunModel)" time="0.008" />
  <testcase classname="ptolemy.util.test.junit.AutoTests" name="[85] /home/travis/build/icyphy/ptII/ptolemy/actor/lib/test/auto/Const2.xml (RunModel)" time="0.012" />
  <testcase classname="ptolemy.util.test.junit.AutoTests" name="[86] /home/travis/build/icyphy/ptII/ptolemy/actor/lib/test/auto/Const3.xml (RunModel)" time="0.009" />
  <testcase classname="ptolemy.util.test.junit.AutoTests" name="[87] /home/travis/build/icyphy/ptII/ptolemy/actor/lib/test/auto/ConstantPublisherPort1.xml (RunModel)" time="0.053" />
  <testcase classname="ptolemy.util.test.junit.AutoTests" name="[88] /home/travis/build/icyphy/ptII/ptolemy/actor/lib/test/auto/ConstantPublisherPort2.xml (RunModel)" time="0.028" />
  <testcase classname="ptolemy.util.test.junit.AutoTests" name="[89] /home/travis/build/icyphy/ptII/ptolemy/actor/lib/test/auto/ConstantPublisherPort3.xml (RunModel)" time="0.023" />
  <testcase classname="ptolemy.util.test.junit.AutoTests" name="[90] /home/travis/build/icyphy/ptII/ptolemy/actor/lib/test/auto/ConstantPublisherPort4.xml (RunModel)" time="0.017" />
  <testcase classname="ptolemy.util.test.junit.AutoTests" name="[91] /home/travis/build/icyphy/ptII/ptolemy/actor/lib/test/auto/ConstantPublisherPort5.xml (RunModel)" time="0.047" />
  <testcase classname="ptolemy.util.test.junit.AutoTests" name="[92] /home/travis/build/icyphy/ptII/ptolemy/actor/lib/test/auto/ConstantPublisherPort6.xml (RunModel)" time="0.027" />
  <testcase classname="ptolemy.util.test.junit.AutoTests" name="[93] /home/travis/build/icyphy/ptII/ptolemy/actor/lib/test/auto/ConstantPublisherPort7.xml (RunModel)" time="0.034" />
  <testcase classname="ptolemy.util.test.junit.AutoTests" name="[94] /home/travis/build/icyphy/ptII/ptolemy/actor/lib/test/auto/ConstraintMonitor1.xml (RunModel)" time="0.039" />
  <testcase classname="ptolemy.util.test.junit.AutoTests" name="[95] /home/travis/build/icyphy/ptII/ptolemy/actor/lib/test/auto/ConstraintMonitor2.xml (RunModel)" time="0.013" />
  <testcase classname="ptolemy.util.test.junit.AutoTests" name="[96] /home/travis/build/icyphy/ptII/ptolemy/actor/lib/test/auto/ConstraintMonitor3.xml (RunModel)" time="0.016" />
  <testcase classname="ptolemy.util.test.junit.AutoTests" name="[97] /home/travis/build/icyphy/ptII/ptolemy/actor/lib/test/auto/ConstraintMonitor4.xml (RunModel)" time="0.024" />
  <testcase classname="ptolemy.util.test.junit.AutoTests" name="[98] /home/travis/build/icyphy/ptII/ptolemy/actor/lib/test/auto/ConstraintMonitor5.xml (RunModel)" time="0.013" />
  <testcase classname="ptolemy.util.test.junit.AutoTests" name="[99] /home/travis/build/icyphy/ptII/ptolemy/actor/lib/test/auto/ConstraintMonitor6.xml (RunModel)" time="0.015" />
  <testcase classname="ptolemy.util.test.junit.AutoTests" name="[100] /home/travis/build/icyphy/ptII/ptolemy/actor/lib/test/auto/ConstraintMonitor7.xml (RunModel)" time="0.019" />
  <testcase classname="ptolemy.util.test.junit.AutoTests" name="[101] /home/travis/build/icyphy/ptII/ptolemy/actor/lib/test/auto/ConstraintMonitor8.xml (RunModel)" time="0.027" />
  <testcase classname="ptolemy.util.test.junit.AutoTests" name="[102] /home/travis/build/icyphy/ptII/ptolemy/actor/lib/test/auto/Counter.xml (RunModel)" time="0.017" />
  <testcase classname="ptolemy.util.test.junit.AutoTests" name="[103] /home/travis/build/icyphy/ptII/ptolemy/actor/lib/test/auto/CurrentTimeSDF.xml (RunModel)" time="0.009" />
  <testcase classname="ptolemy.util.test.junit.AutoTests" name="[104] /home/travis/build/icyphy/ptII/ptolemy/actor/lib/test/auto/DB.xml (RunModel)" time="0.012" />
  <testcase classname="ptolemy.util.test.junit.AutoTests" name="[105] /home/travis/build/icyphy/ptII/ptolemy/actor/lib/test/auto/DBDE.xml (RunModel)" time="0.015" />
  <testcase classname="ptolemy.util.test.junit.AutoTests" name="[106] /home/travis/build/icyphy/ptII/ptolemy/actor/lib/test/auto/DateConstructor.xml (RunModel)" time="0.072" />
  <testcase classname="ptolemy.util.test.junit.AutoTests" name="[107] /home/travis/build/icyphy/ptII/ptolemy/actor/lib/test/auto/DelayTime.xml (RunModel)" time="0.017" />
  <testcase classname="ptolemy.util.test.junit.AutoTests" name="[108] /home/travis/build/icyphy/ptII/ptolemy/actor/lib/test/auto/Dictionary1.xml (RunModel)" time="0.015" />
  <testcase classname="ptolemy.util.test.junit.AutoTests" name="[109] /home/travis/build/icyphy/ptII/ptolemy/actor/lib/test/auto/Dictionary2.xml (RunModel)" time="0.015" />
  <testcase classname="ptolemy.util.test.junit.AutoTests" name="[110] /home/travis/build/icyphy/ptII/ptolemy/actor/lib/test/auto/Dictionary3.xml (RunModel)" time="0.012" />
  <testcase classname="ptolemy.util.test.junit.AutoTests" name="[111] /home/travis/build/icyphy/ptII/ptolemy/actor/lib/test/auto/Dictionary4.xml (RunModel)" time="0.016" />
  <testcase classname="ptolemy.util.test.junit.AutoTests" name="[112] /home/travis/build/icyphy/ptII/ptolemy/actor/lib/test/auto/Differential.xml (RunModel)" time="0.011" />
  <testcase classname="ptolemy.util.test.junit.AutoTests" name="[113] /home/travis/build/icyphy/ptII/ptolemy/actor/lib/test/auto/Director.xml (RunModel)" time="0.009" />
  <testcase classname="ptolemy.util.test.junit.AutoTests" name="[114] /home/travis/build/icyphy/ptII/ptolemy/actor/lib/test/auto/DiscreteClock.xml (RunModel)" time="0.008" />
  <testcase classname="ptolemy.util.test.junit.AutoTests" name="[115] /home/travis/build/icyphy/ptII/ptolemy/actor/lib/test/auto/DiscreteClock10.xml (RunModel)" time="0.012" />
  <testcase classname="ptolemy.util.test.junit.AutoTests" name="[116] /home/travis/build/icyphy/ptII/ptolemy/actor/lib/test/auto/DiscreteClock11.xml (RunModel)" time="0.015" />
  <testcase classname="ptolemy.util.test.junit.AutoTests" name="[117] /home/travis/build/icyphy/ptII/ptolemy/actor/lib/test/auto/DiscreteClock12.xml (RunModel)" time="0.013" />
  <testcase classname="ptolemy.util.test.junit.AutoTests" name="[118] /home/travis/build/icyphy/ptII/ptolemy/actor/lib/test/auto/DiscreteClock13.xml (RunModel)" time="0.012" />
  <testcase classname="ptolemy.util.test.junit.AutoTests" name="[119] /home/travis/build/icyphy/ptII/ptolemy/actor/lib/test/auto/DiscreteClock14.xml (RunModel)" time="0.012" />
  <testcase classname="ptolemy.util.test.junit.AutoTests" name="[120] /home/travis/build/icyphy/ptII/ptolemy/actor/lib/test/auto/DiscreteClock15.xml (RunModel)" time="0.015" />
  <testcase classname="ptolemy.util.test.junit.AutoTests" name="[121] /home/travis/build/icyphy/ptII/ptolemy/actor/lib/test/auto/DiscreteClock16.xml (RunModel)" time="0.039" />
  <testcase classname="ptolemy.util.test.junit.AutoTests" name="[122] /home/travis/build/icyphy/ptII/ptolemy/actor/lib/test/auto/DiscreteClock17.xml (RunModel)" time="0.039" />
  <testcase classname="ptolemy.util.test.junit.AutoTests" name="[123] /home/travis/build/icyphy/ptII/ptolemy/actor/lib/test/auto/DiscreteClock18.xml (RunModel)" time="0.044" />
  <testcase classname="ptolemy.util.test.junit.AutoTests" name="[124] /home/travis/build/icyphy/ptII/ptolemy/actor/lib/test/auto/DiscreteClock19.xml (RunModel)" time="0.05" />
  <testcase classname="ptolemy.util.test.junit.AutoTests" name="[125] /home/travis/build/icyphy/ptII/ptolemy/actor/lib/test/auto/DiscreteClock2.xml (RunModel)" time="0.011" />
  <testcase classname="ptolemy.util.test.junit.AutoTests" name="[126] /home/travis/build/icyphy/ptII/ptolemy/actor/lib/test/auto/DiscreteClock20.xml (RunModel)" time="0.018" />
  <testcase classname="ptolemy.util.test.junit.AutoTests" name="[127] /home/travis/build/icyphy/ptII/ptolemy/actor/lib/test/auto/DiscreteClock21.xml (RunModel)" time="0.017" />
  <testcase classname="ptolemy.util.test.junit.AutoTests" name="[128] /home/travis/build/icyphy/ptII/ptolemy/actor/lib/test/auto/DiscreteClock22.xml (RunModel)" time="0.016" />
  <testcase classname="ptolemy.util.test.junit.AutoTests" name="[129] /home/travis/build/icyphy/ptII/ptolemy/actor/lib/test/auto/DiscreteClock23.xml (RunModel)" time="0.019" />
  <testcase classname="ptolemy.util.test.junit.AutoTests" name="[130] /home/travis/build/icyphy/ptII/ptolemy/actor/lib/test/auto/DiscreteClock24.xml (RunModel)" time="0.012" />
  <testcase classname="ptolemy.util.test.junit.AutoTests" name="[131] /home/travis/build/icyphy/ptII/ptolemy/actor/lib/test/auto/DiscreteClock4.xml (RunModel)" time="0.011" />
  <testcase classname="ptolemy.util.test.junit.AutoTests" name="[132] /home/travis/build/icyphy/ptII/ptolemy/actor/lib/test/auto/DiscreteClock5.xml (RunModel)" time="0.009" />
  <testcase classname="ptolemy.util.test.junit.AutoTests" name="[133] /home/travis/build/icyphy/ptII/ptolemy/actor/lib/test/auto/DiscreteClock6.xml (RunModel)" time="0.042" />
  <testcase classname="ptolemy.util.test.junit.AutoTests" name="[134] /home/travis/build/icyphy/ptII/ptolemy/actor/lib/test/auto/DiscreteClock7.xml (RunModel)" time="0.01" />
  <testcase classname="ptolemy.util.test.junit.AutoTests" name="[135] /home/travis/build/icyphy/ptII/ptolemy/actor/lib/test/auto/DiscreteClock8.xml (RunModel)" time="0.027" />
  <testcase classname="ptolemy.util.test.junit.AutoTests" name="[136] /home/travis/build/icyphy/ptII/ptolemy/actor/lib/test/auto/DiscreteClock9.xml (RunModel)" time="0.011" />
  <testcase classname="ptolemy.util.test.junit.AutoTests" name="[137] /home/travis/build/icyphy/ptII/ptolemy/actor/lib/test/auto/DisplayArray.xml (RunModel)" time="0.009" />
  <testcase classname="ptolemy.util.test.junit.AutoTests" name="[138] /home/travis/build/icyphy/ptII/ptolemy/actor/lib/test/auto/Distributor.xml (RunModel)" time="0.009" />
  <testcase classname="ptolemy.util.test.junit.AutoTests" name="[139] /home/travis/build/icyphy/ptII/ptolemy/actor/lib/test/auto/Distributor2.xml (RunModel)" time="0.011" />
  <testcase classname="ptolemy.util.test.junit.AutoTests" name="[140] /home/travis/build/icyphy/ptII/ptolemy/actor/lib/test/auto/DownSample.xml (RunModel)" time="0.023" />
  <testcase classname="ptolemy.util.test.junit.AutoTests" name="[141] /home/travis/build/icyphy/ptII/ptolemy/actor/lib/test/auto/ElectronicUnitBase1.xml (RunModel)" time="0.051" />
  <testcase classname="ptolemy.util.test.junit.AutoTests" name="[142] /home/travis/build/icyphy/ptII/ptolemy/actor/lib/test/auto/ElementsToArray.xml (RunModel)" time="0.015" />
  <testcase classname="ptolemy.util.test.junit.AutoTests" name="[143] /home/travis/build/icyphy/ptII/ptolemy/actor/lib/test/auto/Equals.xml (RunModel)" time="0.012" />
  <testcase classname="ptolemy.util.test.junit.AutoTests" name="[144] /home/travis/build/icyphy/ptII/ptolemy/actor/lib/test/auto/Exec.xml (RunModel)" time="0.028" />
  <testcase classname="ptolemy.util.test.junit.AutoTests" name="[145] /home/travis/build/icyphy/ptII/ptolemy/actor/lib/test/auto/ExecEnvironment.xml (RunModel)" time="0.047" />
  <testcase classname="ptolemy.util.test.junit.AutoTests" name="[146] /home/travis/build/icyphy/ptII/ptolemy/actor/lib/test/auto/ExecNonZeroReturnOutput.xml (RunModel)" time="0.171" />
  <testcase classname="ptolemy.util.test.junit.AutoTests" name="[147] /home/travis/build/icyphy/ptII/ptolemy/actor/lib/test/auto/ExecRunDemos.xml (RunModel)" time="10.397" />
  <testcase classname="ptolemy.util.test.junit.AutoTests" name="[148] /home/travis/build/icyphy/ptII/ptolemy/actor/lib/test/auto/ExecStop.xml (RunModel)" time="5.033" />
  <testcase classname="ptolemy.util.test.junit.AutoTests" name="[149] /home/travis/build/icyphy/ptII/ptolemy/actor/lib/test/auto/ExecutionTimeSDF.xml (RunModel)" time="6.033" />
  <testcase classname="ptolemy.util.test.junit.AutoTests" name="[150] /home/travis/build/icyphy/ptII/ptolemy/actor/lib/test/auto/Expression1.xml (RunModel)" time="0.008" />
  <testcase classname="ptolemy.util.test.junit.AutoTests" name="[151] /home/travis/build/icyphy/ptII/ptolemy/actor/lib/test/auto/Expression10.xml (RunModel)" time="0.013" />
  <testcase classname="ptolemy.util.test.junit.AutoTests" name="[152] /home/travis/build/icyphy/ptII/ptolemy/actor/lib/test/auto/Expression11.xml (RunModel)" time="0.009" />
  <testcase classname="ptolemy.util.test.junit.AutoTests" name="[153] /home/travis/build/icyphy/ptII/ptolemy/actor/lib/test/auto/Expression12.xml (RunModel)" time="0.012" />
  <testcase classname="ptolemy.util.test.junit.AutoTests" name="[154] /home/travis/build/icyphy/ptII/ptolemy/actor/lib/test/auto/Expression13.xml (RunModel)" time="0.011" />
  <testcase classname="ptolemy.util.test.junit.AutoTests" name="[155] /home/travis/build/icyphy/ptII/ptolemy/actor/lib/test/auto/Expression14.xml (RunModel)" time="0.014" />
  <testcase classname="ptolemy.util.test.junit.AutoTests" name="[156] /home/travis/build/icyphy/ptII/ptolemy/actor/lib/test/auto/Expression15.xml (RunModel)" time="0.007" />
  <testcase classname="ptolemy.util.test.junit.AutoTests" name="[157] /home/travis/build/icyphy/ptII/ptolemy/actor/lib/test/auto/Expression16.xml (RunModel)" time="0.014" />
  <testcase classname="ptolemy.util.test.junit.AutoTests" name="[158] /home/travis/build/icyphy/ptII/ptolemy/actor/lib/test/auto/Expression17.xml (RunModel)" time="0.01" />
  <testcase classname="ptolemy.util.test.junit.AutoTests" name="[159] /home/travis/build/icyphy/ptII/ptolemy/actor/lib/test/auto/Expression18.xml (RunModel)" time="0.011" />
  <testcase classname="ptolemy.util.test.junit.AutoTests" name="[160] /home/travis/build/icyphy/ptII/ptolemy/actor/lib/test/auto/Expression2.xml (RunModel)" time="0.011" />
  <testcase classname="ptolemy.util.test.junit.AutoTests" name="[161] /home/travis/build/icyphy/ptII/ptolemy/actor/lib/test/auto/Expression3.xml (RunModel)" time="0.011" />
  <testcase classname="ptolemy.util.test.junit.AutoTests" name="[162] /home/travis/build/icyphy/ptII/ptolemy/actor/lib/test/auto/Expression4.xml (RunModel)" time="0.021" />
  <testcase classname="ptolemy.util.test.junit.AutoTests" name="[163] /home/travis/build/icyphy/ptII/ptolemy/actor/lib/test/auto/Expression5.xml (RunModel)" time="0.011" />
  <testcase classname="ptolemy.util.test.junit.AutoTests" name="[164] /home/travis/build/icyphy/ptII/ptolemy/actor/lib/test/auto/Expression6.xml (RunModel)" time="0.01" />
  <testcase classname="ptolemy.util.test.junit.AutoTests" name="[165] /home/travis/build/icyphy/ptII/ptolemy/actor/lib/test/auto/Expression7.xml (RunModel)" time="0.049" />
  <testcase classname="ptolemy.util.test.junit.AutoTests" name="[166] /home/travis/build/icyphy/ptII/ptolemy/actor/lib/test/auto/Expression8.xml (RunModel)" time="0.014" />
  <testcase classname="ptolemy.util.test.junit.AutoTests" name="[167] /home/travis/build/icyphy/ptII/ptolemy/actor/lib/test/auto/Expression9.xml (RunModel)" time="0.007" />
  <testcase classname="ptolemy.util.test.junit.AutoTests" name="[168] /home/travis/build/icyphy/ptII/ptolemy/actor/lib/test/auto/ExpressionConcatenateArrayType.xml (RunModel)" time="0.029" />
  <testcase classname="ptolemy.util.test.junit.AutoTests" name="[169] /home/travis/build/icyphy/ptII/ptolemy/actor/lib/test/auto/ExpressionConcatenateArrayType2.xml (RunModel)" time="0.022" />
  <testcase classname="ptolemy.util.test.junit.AutoTests" name="[170] /home/travis/build/icyphy/ptII/ptolemy/actor/lib/test/auto/ExpressionFix.xml (RunModel)" time="0.043" />
  <testcase classname="ptolemy.util.test.junit.AutoTests" name="[171] /home/travis/build/icyphy/ptII/ptolemy/actor/lib/test/auto/ExpressionFix2.xml (RunModel)" time="0.011" />
  <testcase classname="ptolemy.util.test.junit.AutoTests" name="[172] /home/travis/build/icyphy/ptII/ptolemy/actor/lib/test/auto/ExpressionFix3.xml (RunModel)" time="0.011" />
  <testcase classname="ptolemy.util.test.junit.AutoTests" name="[173] /home/travis/build/icyphy/ptII/ptolemy/actor/lib/test/auto/FileWriter1.xml (RunModel)" time="0.007" />
  <testcase classname="ptolemy.util.test.junit.AutoTests" name="[174] /home/travis/build/icyphy/ptII/ptolemy/actor/lib/test/auto/FileWriter2.xml (RunModel)" time="0.009" />
  <testcase classname="ptolemy.util.test.junit.AutoTests" name="[175] /home/travis/build/icyphy/ptII/ptolemy/actor/lib/test/auto/FileWriter3.xml (RunModel)" time="0.013" />
  <testcase classname="ptolemy.util.test.junit.AutoTests" name="[176] /home/travis/build/icyphy/ptII/ptolemy/actor/lib/test/auto/Gaussian.xml (RunModel)" time="0.01" />
  <testcase classname="ptolemy.util.test.junit.AutoTests" name="[177] /home/travis/build/icyphy/ptII/ptolemy/actor/lib/test/auto/Gaussian1.xml (RunModel)" time="0.018" />
  <testcase classname="ptolemy.util.test.junit.AutoTests" name="[178] /home/travis/build/icyphy/ptII/ptolemy/actor/lib/test/auto/Gaussian2.xml (RunModel)" time="0.019" />
  <testcase classname="ptolemy.util.test.junit.AutoTests" name="[179] /home/travis/build/icyphy/ptII/ptolemy/actor/lib/test/auto/GradientAdaptiveLattice.xml (RunModel)" time="0.016" />
  <testcase classname="ptolemy.util.test.junit.AutoTests" name="[180] /home/travis/build/icyphy/ptII/ptolemy/actor/lib/test/auto/IIR.xml (RunModel)" time="0.011" />
  <testcase classname="ptolemy.util.test.junit.AutoTests" name="[181] /home/travis/build/icyphy/ptII/ptolemy/actor/lib/test/auto/InputOutputTransparentPorts.xml (RunModel)" time="0.016" />
  <testcase classname="ptolemy.util.test.junit.AutoTests" name="[182] /home/travis/build/icyphy/ptII/ptolemy/actor/lib/test/auto/Interpolator.xml (RunModel)" time="0.012" />
  <testcase classname="ptolemy.util.test.junit.AutoTests" name="[183] /home/travis/build/icyphy/ptII/ptolemy/actor/lib/test/auto/InterpolatorFiringLimitDE.xml (RunModel)" time="0.012" />
  <testcase classname="ptolemy.util.test.junit.AutoTests" name="[184] /home/travis/build/icyphy/ptII/ptolemy/actor/lib/test/auto/Lattice.xml (RunModel)" time="0.007" />
  <testcase classname="ptolemy.util.test.junit.AutoTests" name="[185] /home/travis/build/icyphy/ptII/ptolemy/actor/lib/test/auto/LazyAOCTestLazy.xml (RunModel)" time="0.025" />
  <testcase classname="ptolemy.util.test.junit.AutoTests" name="[186] /home/travis/build/icyphy/ptII/ptolemy/actor/lib/test/auto/LazyAOCTestNonLazy.xml (RunModel)" time="0.048" />
  <testcase classname="ptolemy.util.test.junit.AutoTests" name="[187] /home/travis/build/icyphy/ptII/ptolemy/actor/lib/test/auto/LazyInnerClass.xml (RunModel)" time="0.046" />
  <testcase classname="ptolemy.util.test.junit.AutoTests" name="[188] /home/travis/build/icyphy/ptII/ptolemy/actor/lib/test/auto/LazyPubSub.xml (RunModel)" time="0.051" />
  <testcase classname="ptolemy.util.test.junit.AutoTests" name="[189] /home/travis/build/icyphy/ptII/ptolemy/actor/lib/test/auto/LazyPubSub2.xml (RunModel)" time="0.047" />
  <testcase classname="ptolemy.util.test.junit.AutoTests" name="[190] /home/travis/build/icyphy/ptII/ptolemy/actor/lib/test/auto/LazyPubSub3.xml (RunModel)" time="0.023" />
  <testcase classname="ptolemy.util.test.junit.AutoTests" name="[191] /home/travis/build/icyphy/ptII/ptolemy/actor/lib/test/auto/LazySubClassModel.xml (RunModel)" time="0.02" />
  <testcase classname="ptolemy.util.test.junit.AutoTests" name="[192] /home/travis/build/icyphy/ptII/ptolemy/actor/lib/test/auto/LevelCrossTest1.xml (RunModel)" time="0.01" />
  <testcase classname="ptolemy.util.test.junit.AutoTests" name="[193] /home/travis/build/icyphy/ptII/ptolemy/actor/lib/test/auto/LevelCrossTest10.xml (RunModel)" time="0.018" />
  <testcase classname="ptolemy.util.test.junit.AutoTests" name="[194] /home/travis/build/icyphy/ptII/ptolemy/actor/lib/test/auto/LevelCrossTest11.xml (RunModel)" time="0.015" />
  <testcase classname="ptolemy.util.test.junit.AutoTests" name="[195] /home/travis/build/icyphy/ptII/ptolemy/actor/lib/test/auto/LevelCrossTest12.xml (RunModel)" time="0.017" />
  <testcase classname="ptolemy.util.test.junit.AutoTests" name="[196] /home/travis/build/icyphy/ptII/ptolemy/actor/lib/test/auto/LevelCrossTest13.xml (RunModel)" time="0.014" />
  <testcase classname="ptolemy.util.test.junit.AutoTests" name="[197] /home/travis/build/icyphy/ptII/ptolemy/actor/lib/test/auto/LevelCrossTest2.xml (RunModel)" time="0.01" />
  <testcase classname="ptolemy.util.test.junit.AutoTests" name="[198] /home/travis/build/icyphy/ptII/ptolemy/actor/lib/test/auto/LevelCrossTest3.xml (RunModel)" time="0.013" />
  <testcase classname="ptolemy.util.test.junit.AutoTests" name="[199] /home/travis/build/icyphy/ptII/ptolemy/actor/lib/test/auto/LevelCrossTest4.xml (RunModel)" time="0.014" />
  <testcase classname="ptolemy.util.test.junit.AutoTests" name="[200] /home/travis/build/icyphy/ptII/ptolemy/actor/lib/test/auto/LevelCrossTest5.xml (RunModel)" time="0.012" />
  <testcase classname="ptolemy.util.test.junit.AutoTests" name="[201] /home/travis/build/icyphy/ptII/ptolemy/actor/lib/test/auto/LevelCrossTest6.xml (RunModel)" time="0.015" />
  <testcase classname="ptolemy.util.test.junit.AutoTests" name="[202] /home/travis/build/icyphy/ptII/ptolemy/actor/lib/test/auto/LevelCrossTest7.xml (RunModel)" time="0.018" />
  <testcase classname="ptolemy.util.test.junit.AutoTests" name="[203] /home/travis/build/icyphy/ptII/ptolemy/actor/lib/test/auto/LevelCrossTest8.xml (RunModel)" time="0.012" />
  <testcase classname="ptolemy.util.test.junit.AutoTests" name="[204] /home/travis/build/icyphy/ptII/ptolemy/actor/lib/test/auto/LevelCrossTest9.xml (RunModel)" time="0.014" />
  <testcase classname="ptolemy.util.test.junit.AutoTests" name="[205] /home/travis/build/icyphy/ptII/ptolemy/actor/lib/test/auto/LevinsonDurbin.xml (RunModel)" time="0.009" />
  <testcase classname="ptolemy.util.test.junit.AutoTests" name="[206] /home/travis/build/icyphy/ptII/ptolemy/actor/lib/test/auto/LevinsonDurbin2.xml (RunModel)" time="0.013" />
  <testcase classname="ptolemy.util.test.junit.AutoTests" name="[207] /home/travis/build/icyphy/ptII/ptolemy/actor/lib/test/auto/LevinsonDurbin3.xml (RunModel)" time="0.012" />
  <testcase classname="ptolemy.util.test.junit.AutoTests" name="[208] /home/travis/build/icyphy/ptII/ptolemy/actor/lib/test/auto/Limiter.xml (RunModel)" time="0.041" />
  <testcase classname="ptolemy.util.test.junit.AutoTests" name="[209] /home/travis/build/icyphy/ptII/ptolemy/actor/lib/test/auto/LinearDifferenceEquationSystem.xml (RunModel)" time="0.02" />
  <testcase classname="ptolemy.util.test.junit.AutoTests" name="[210] /home/travis/build/icyphy/ptII/ptolemy/actor/lib/test/auto/LookupTable.xml (RunModel)" time="0.009" />
  <testcase classname="ptolemy.util.test.junit.AutoTests" name="[211] /home/travis/build/icyphy/ptII/ptolemy/actor/lib/test/auto/MathFunction.xml (RunModel)" time="0.032" />
  <testcase classname="ptolemy.util.test.junit.AutoTests" name="[212] /home/travis/build/icyphy/ptII/ptolemy/actor/lib/test/auto/MathFunction2.xml (RunModel)" time="0.014" />
  <testcase classname="ptolemy.util.test.junit.AutoTests" name="[213] /home/travis/build/icyphy/ptII/ptolemy/actor/lib/test/auto/MathFunction3.xml (RunModel)" time="0.019" />
  <testcase classname="ptolemy.util.test.junit.AutoTests" name="[214] /home/travis/build/icyphy/ptII/ptolemy/actor/lib/test/auto/MatrixCropBoolean.xml (RunModel)" time="0.013" />
  <testcase classname="ptolemy.util.test.junit.AutoTests" name="[215] /home/travis/build/icyphy/ptII/ptolemy/actor/lib/test/auto/MatrixCropComplex.xml (RunModel)" time="0.01" />
  <testcase classname="ptolemy.util.test.junit.AutoTests" name="[216] /home/travis/build/icyphy/ptII/ptolemy/actor/lib/test/auto/MatrixCropDouble.xml (RunModel)" time="0.009" />
  <testcase classname="ptolemy.util.test.junit.AutoTests" name="[217] /home/travis/build/icyphy/ptII/ptolemy/actor/lib/test/auto/MatrixCropFix.xml (RunModel)" time="0.014" />
  <testcase classname="ptolemy.util.test.junit.AutoTests" name="[218] /home/travis/build/icyphy/ptII/ptolemy/actor/lib/test/auto/MatrixCropInt.xml (RunModel)" time="0.01" />
  <testcase classname="ptolemy.util.test.junit.AutoTests" name="[219] /home/travis/build/icyphy/ptII/ptolemy/actor/lib/test/auto/MatrixCropLong.xml (RunModel)" time="0.008" />
  <testcase classname="ptolemy.util.test.junit.AutoTests" name="[220] /home/travis/build/icyphy/ptII/ptolemy/actor/lib/test/auto/MatrixToArray.xml (RunModel)" time="0.058" />
  <testcase classname="ptolemy.util.test.junit.AutoTests" name="[221] /home/travis/build/icyphy/ptII/ptolemy/actor/lib/test/auto/MaxIndex.xml (RunModel)" time="0.013" />
  <testcase classname="ptolemy.util.test.junit.AutoTests" name="[222] /home/travis/build/icyphy/ptII/ptolemy/actor/lib/test/auto/Maximum.xml (RunModel)" time="0.012" />
  <testcase classname="ptolemy.util.test.junit.AutoTests" name="[223] /home/travis/build/icyphy/ptII/ptolemy/actor/lib/test/auto/MaximumComplex.xml (RunModel)" time="0.013" />
  <testcase classname="ptolemy.util.test.junit.AutoTests" name="[224] /home/travis/build/icyphy/ptII/ptolemy/actor/lib/test/auto/MethodCallTest.xml (RunModel)" time="0.02" />
  <testcase classname="ptolemy.util.test.junit.AutoTests" name="[225] /home/travis/build/icyphy/ptII/ptolemy/actor/lib/test/auto/Minimum.xml (RunModel)" time="0.014" />
  <testcase classname="ptolemy.util.test.junit.AutoTests" name="[226] /home/travis/build/icyphy/ptII/ptolemy/actor/lib/test/auto/MinimumComplex.xml (RunModel)" time="0.024" />
  <testcase classname="ptolemy.util.test.junit.AutoTests" name="[227] /home/travis/build/icyphy/ptII/ptolemy/actor/lib/test/auto/MinimumMultiports.xml (RunModel)" time="0.015" />
  <testcase classname="ptolemy.util.test.junit.AutoTests" name="[228] /home/travis/build/icyphy/ptII/ptolemy/actor/lib/test/auto/ModifyDate.xml (RunModel)" time="0.037" />
  <testcase classname="ptolemy.util.test.junit.AutoTests" name="[229] /home/travis/build/icyphy/ptII/ptolemy/actor/lib/test/auto/ModifyDate2.xml (RunModel)" time="0.03" />
  <testcase classname="ptolemy.util.test.junit.AutoTests" name="[230] /home/travis/build/icyphy/ptII/ptolemy/actor/lib/test/auto/MovingAverage.xml (RunModel)" time="0.012" />
  <testcase classname="ptolemy.util.test.junit.AutoTests" name="[231] /home/travis/build/icyphy/ptII/ptolemy/actor/lib/test/auto/MovingMaximum.xml (RunModel)" time="0.017" />
  <testcase classname="ptolemy.util.test.junit.AutoTests" name="[232] /home/travis/build/icyphy/ptII/ptolemy/actor/lib/test/auto/MultipleLinksToSameRelation.xml (RunModel)" time="0.01" />
  <testcase classname="ptolemy.util.test.junit.AutoTests" name="[233] /home/travis/build/icyphy/ptII/ptolemy/actor/lib/test/auto/MultipleLinksToSameRelationDE.xml (RunModel)" time="0.008" />
  <testcase classname="ptolemy.util.test.junit.AutoTests" name="[234] /home/travis/build/icyphy/ptII/ptolemy/actor/lib/test/auto/Multiplexor.xml (RunModel)" time="0.011" />
  <testcase classname="ptolemy.util.test.junit.AutoTests" name="[235] /home/travis/build/icyphy/ptII/ptolemy/actor/lib/test/auto/Multiplexor1.xml (RunModel)" time="0.01" />
  <testcase classname="ptolemy.util.test.junit.AutoTests" name="[236] /home/travis/build/icyphy/ptII/ptolemy/actor/lib/test/auto/Multiplexor2.xml (RunModel)" time="0.017" />
  <testcase classname="ptolemy.util.test.junit.AutoTests" name="[237] /home/travis/build/icyphy/ptII/ptolemy/actor/lib/test/auto/Multiplexor3.xml (RunModel)" time="0.008" />
  <testcase classname="ptolemy.util.test.junit.AutoTests" name="[238] /home/travis/build/icyphy/ptII/ptolemy/actor/lib/test/auto/MultiplexorDE.xml (RunModel)" time="0.015" />
  <testcase classname="ptolemy.util.test.junit.AutoTests" name="[239] /home/travis/build/icyphy/ptII/ptolemy/actor/lib/test/auto/MultiportBroadcastTest.xml (RunModel)" time="0.088" />
  <testcase classname="ptolemy.util.test.junit.AutoTests" name="[240] /home/travis/build/icyphy/ptII/ptolemy/actor/lib/test/auto/MultiportOutHangDuringGetWidth.xml (RunModel)" time="0.032" />
  <testcase classname="ptolemy.util.test.junit.AutoTests" name="[241] /home/travis/build/icyphy/ptII/ptolemy/actor/lib/test/auto/NilToken.xml (RunModel)" time="0.01" />
  <testcase classname="ptolemy.util.test.junit.AutoTests" name="[242] /home/travis/build/icyphy/ptII/ptolemy/actor/lib/test/auto/NilTokenNonStrictTest.xml (RunModel)" time="0.017" />
  <testcase classname="ptolemy.util.test.junit.AutoTests" name="[243] /home/travis/build/icyphy/ptII/ptolemy/actor/lib/test/auto/NilTokenRecord.xml (RunModel)" time="0.028" />
  <testcase classname="ptolemy.util.test.junit.AutoTests" name="[244] /home/travis/build/icyphy/ptII/ptolemy/actor/lib/test/auto/NilTokenTypeTest.xml (RunModel)" time="0.025" />
  <testcase classname="ptolemy.util.test.junit.AutoTests" name="[245] /home/travis/build/icyphy/ptII/ptolemy/actor/lib/test/auto/ObjectToken1.xml (RunModel)" time="0.007" />
  <testcase classname="ptolemy.util.test.junit.AutoTests" name="[246] /home/travis/build/icyphy/ptII/ptolemy/actor/lib/test/auto/OrderedMerge.xml (RunModel)" time="0.016" />
  <testcase classname="ptolemy.util.test.junit.AutoTests" name="[247] /home/travis/build/icyphy/ptII/ptolemy/actor/lib/test/auto/OrderedRecordDisassembler.xml (RunModel)" time="0.021" />
  <testcase classname="ptolemy.util.test.junit.AutoTests" name="[248] /home/travis/build/icyphy/ptII/ptolemy/actor/lib/test/auto/OrderedRecordDisassembler2.xml (RunModel)" time="0.018" />
  <testcase classname="ptolemy.util.test.junit.AutoTests" name="[249] /home/travis/build/icyphy/ptII/ptolemy/actor/lib/test/auto/OrderedRecordUpdater.xml (RunModel)" time="0.01" />
  <testcase classname="ptolemy.util.test.junit.AutoTests" name="[250] /home/travis/build/icyphy/ptII/ptolemy/actor/lib/test/auto/OrderedRecordUpdater2.xml (RunModel)" time="0.016" />
  <testcase classname="ptolemy.util.test.junit.AutoTests" name="[251] /home/travis/build/icyphy/ptII/ptolemy/actor/lib/test/auto/PhaseUnwrap.xml (RunModel)" time="0.01" />
  <testcase classname="ptolemy.util.test.junit.AutoTests" name="[252] /home/travis/build/icyphy/ptII/ptolemy/actor/lib/test/auto/PoissonClock.xml (RunModel)" time="0.008" />
  <testcase classname="ptolemy.util.test.junit.AutoTests" name="[253] /home/travis/build/icyphy/ptII/ptolemy/actor/lib/test/auto/PoissonClock2.xml (RunModel)" time="0.006" />
  <testcase classname="ptolemy.util.test.junit.AutoTests" name="[254] /home/travis/build/icyphy/ptII/ptolemy/actor/lib/test/auto/PoissonClock3.xml (RunModel)" time="0.021" />
  <testcase classname="ptolemy.util.test.junit.AutoTests" name="[255] /home/travis/build/icyphy/ptII/ptolemy/actor/lib/test/auto/PubSubWithInitialTokens.xml (RunModel)" time="0.016" />
  <testcase classname="ptolemy.util.test.junit.AutoTests" name="[256] /home/travis/build/icyphy/ptII/ptolemy/actor/lib/test/auto/PubSubWithInitialTokens2.xml (RunModel)" time="0.01" />
  <testcase classname="ptolemy.util.test.junit.AutoTests" name="[257] /home/travis/build/icyphy/ptII/ptolemy/actor/lib/test/auto/PublisherClassNoParameter.xml (RunModel)" time="0.021" />
  <testcase classname="ptolemy.util.test.junit.AutoTests" name="[258] /home/travis/build/icyphy/ptII/ptolemy/actor/lib/test/auto/PublisherClassParameter.xml (RunModel)" time="0.018" />
  <testcase classname="ptolemy.util.test.junit.AutoTests" name="[259] /home/travis/build/icyphy/ptII/ptolemy/actor/lib/test/auto/PublisherNonStrictTest.xml (RunModel)" time="0.014" />
  <testcase classname="ptolemy.util.test.junit.AutoTests" name="[260] /home/travis/build/icyphy/ptII/ptolemy/actor/lib/test/auto/PublisherPort1.xml (RunModel)" time="0.016" />
  <testcase classname="ptolemy.util.test.junit.AutoTests" name="[261] /home/travis/build/icyphy/ptII/ptolemy/actor/lib/test/auto/PublisherPort2.xml (RunModel)" time="0.012" />
  <testcase classname="ptolemy.util.test.junit.AutoTests" name="[262] /home/travis/build/icyphy/ptII/ptolemy/actor/lib/test/auto/PublisherPort3.xml (RunModel)" time="0.01" />
  <testcase classname="ptolemy.util.test.junit.AutoTests" name="[263] /home/travis/build/icyphy/ptII/ptolemy/actor/lib/test/auto/PublisherPort4.xml (RunModel)" time="0.011" />
  <testcase classname="ptolemy.util.test.junit.AutoTests" name="[264] /home/travis/build/icyphy/ptII/ptolemy/actor/lib/test/auto/PublisherPort5.xml (RunModel)" time="0.012" />
  <testcase classname="ptolemy.util.test.junit.AutoTests" name="[265] /home/travis/build/icyphy/ptII/ptolemy/actor/lib/test/auto/PublisherPort5LookAlike.xml (RunModel)" time="0.017" />
  <testcase classname="ptolemy.util.test.junit.AutoTests" name="[266] /home/travis/build/icyphy/ptII/ptolemy/actor/lib/test/auto/PublisherPort6.xml (RunModel)" time="0.011" />
  <testcase classname="ptolemy.util.test.junit.AutoTests" name="[267] /home/travis/build/icyphy/ptII/ptolemy/actor/lib/test/auto/PublisherPort7.xml (RunModel)" time="0.014" />
  <testcase classname="ptolemy.util.test.junit.AutoTests" name="[268] /home/travis/build/icyphy/ptII/ptolemy/actor/lib/test/auto/PublisherPort8.xml (RunModel)" time="0.014" />
  <testcase classname="ptolemy.util.test.junit.AutoTests" name="[269] /home/travis/build/icyphy/ptII/ptolemy/actor/lib/test/auto/PublisherPortSubscriberChannelVariablesAOC2.xml (RunModel)" time="0.036" />
  <testcase classname="ptolemy.util.test.junit.AutoTests" name="[270] /home/travis/build/icyphy/ptII/ptolemy/actor/lib/test/auto/PublisherPortSubscriberOpaqueWidthInference.xml (RunModel)" time="0.012" />
  <testcase classname="ptolemy.util.test.junit.AutoTests" name="[271] /home/travis/build/icyphy/ptII/ptolemy/actor/lib/test/auto/PublisherPortSubscriberPortAdjacent.xml (RunModel)" time="0.016" />
  <testcase classname="ptolemy.util.test.junit.AutoTests" name="[272] /home/travis/build/icyphy/ptII/ptolemy/actor/lib/test/auto/PublisherPortSubscriberPortExpression.xml (RunModel)" time="0.013" />
  <testcase classname="ptolemy.util.test.junit.AutoTests" name="[273] /home/travis/build/icyphy/ptII/ptolemy/actor/lib/test/auto/PublisherPortSubscriberPortOpaqueD3Reverse.xml (RunModel)" time="0.03" />
  <testcase classname="ptolemy.util.test.junit.AutoTests" name="[274] /home/travis/build/icyphy/ptII/ptolemy/actor/lib/test/auto/PublisherPortSubscriberPortOpaqueWidthInference.xml (RunModel)" time="0.013" />
  <testcase classname="ptolemy.util.test.junit.AutoTests" name="[275] /home/travis/build/icyphy/ptII/ptolemy/actor/lib/test/auto/PublisherPortToplevelSubscriberPortAOC.xml (RunModel)" time="0.009" />
  <testcase classname="ptolemy.util.test.junit.AutoTests" name="[276] /home/travis/build/icyphy/ptII/ptolemy/actor/lib/test/auto/PublisherSubscriber.xml (RunModel)" time="0.011" />
  <testcase classname="ptolemy.util.test.junit.AutoTests" name="[277] /home/travis/build/icyphy/ptII/ptolemy/actor/lib/test/auto/PublisherSubscriber10.xml (RunModel)" time="0.017" />
  <testcase classname="ptolemy.util.test.junit.AutoTests" name="[278] /home/travis/build/icyphy/ptII/ptolemy/actor/lib/test/auto/PublisherSubscriber10InitialOutputs.xml (RunModel)" time="0.023" />
  <testcase classname="ptolemy.util.test.junit.AutoTests" name="[279] /home/travis/build/icyphy/ptII/ptolemy/actor/lib/test/auto/PublisherSubscriber11.xml (RunModel)" time="0.016" />
  <testcase classname="ptolemy.util.test.junit.AutoTests" name="[280] /home/travis/build/icyphy/ptII/ptolemy/actor/lib/test/auto/PublisherSubscriber12.xml (RunModel)" time="0.012" />
  <testcase classname="ptolemy.util.test.junit.AutoTests" name="[281] /home/travis/build/icyphy/ptII/ptolemy/actor/lib/test/auto/PublisherSubscriber13.xml (RunModel)" time="0.009" />
  <testcase classname="ptolemy.util.test.junit.AutoTests" name="[282] /home/travis/build/icyphy/ptII/ptolemy/actor/lib/test/auto/PublisherSubscriber14.xml (RunModel)" time="0.018" />
  <testcase classname="ptolemy.util.test.junit.AutoTests" name="[283] /home/travis/build/icyphy/ptII/ptolemy/actor/lib/test/auto/PublisherSubscriber2.xml (RunModel)" time="0.01" />
  <testcase classname="ptolemy.util.test.junit.AutoTests" name="[284] /home/travis/build/icyphy/ptII/ptolemy/actor/lib/test/auto/PublisherSubscriber3.xml (RunModel)" time="0.008" />
  <testcase classname="ptolemy.util.test.junit.AutoTests" name="[285] /home/travis/build/icyphy/ptII/ptolemy/actor/lib/test/auto/PublisherSubscriber4.xml (RunModel)" time="0.007" />
  <testcase classname="ptolemy.util.test.junit.AutoTests" name="[286] /home/travis/build/icyphy/ptII/ptolemy/actor/lib/test/auto/PublisherSubscriber5.xml (RunModel)" time="0.02" />
  <testcase classname="ptolemy.util.test.junit.AutoTests" name="[287] /home/travis/build/icyphy/ptII/ptolemy/actor/lib/test/auto/PublisherSubscriber6.xml (RunModel)" time="0.013" />
  <testcase classname="ptolemy.util.test.junit.AutoTests" name="[288] /home/travis/build/icyphy/ptII/ptolemy/actor/lib/test/auto/PublisherSubscriber7.xml (RunModel)" time="0.017" />
  <testcase classname="ptolemy.util.test.junit.AutoTests" name="[289] /home/travis/build/icyphy/ptII/ptolemy/actor/lib/test/auto/PublisherSubscriber8.xml (RunModel)" time="0.03" />
  <testcase classname="ptolemy.util.test.junit.AutoTests" name="[290] /home/travis/build/icyphy/ptII/ptolemy/actor/lib/test/auto/PublisherSubscriber9.xml (RunModel)" time="0.019" />
  <testcase classname="ptolemy.util.test.junit.AutoTests" name="[291] /home/travis/build/icyphy/ptII/ptolemy/actor/lib/test/auto/PublisherSubscriberAdjacent.xml (RunModel)" time="0.013" />
  <testcase classname="ptolemy.util.test.junit.AutoTests" name="[292] /home/travis/build/icyphy/ptII/ptolemy/actor/lib/test/auto/PublisherSubscriberChannelVariablesAOC2.xml (RunModel)" time="0.021" />
  <testcase classname="ptolemy.util.test.junit.AutoTests" name="[293] /home/travis/build/icyphy/ptII/ptolemy/actor/lib/test/auto/PublisherSubscriberD3.xml (RunModel)" time="0.01" />
  <testcase classname="ptolemy.util.test.junit.AutoTests" name="[294] /home/travis/build/icyphy/ptII/ptolemy/actor/lib/test/auto/PublisherSubscriberD3Reverse.xml (RunModel)" time="0.009" />
  <testcase classname="ptolemy.util.test.junit.AutoTests" name="[295] /home/travis/build/icyphy/ptII/ptolemy/actor/lib/test/auto/PublisherSubscriberExpression.xml (RunModel)" time="0.014" />
  <testcase classname="ptolemy.util.test.junit.AutoTests" name="[296] /home/travis/build/icyphy/ptII/ptolemy/actor/lib/test/auto/PublisherSubscriberOpaque.xml (RunModel)" time="0.012" />
  <testcase classname="ptolemy.util.test.junit.AutoTests" name="[297] /home/travis/build/icyphy/ptII/ptolemy/actor/lib/test/auto/PublisherSubscriberOpaqueD3.xml (RunModel)" time="0.021" />
  <testcase classname="ptolemy.util.test.junit.AutoTests" name="[298] /home/travis/build/icyphy/ptII/ptolemy/actor/lib/test/auto/PublisherSubscriberOpaqueD3Reverse.xml (RunModel)" time="0.021" />
  <testcase classname="ptolemy.util.test.junit.AutoTests" name="[299] /home/travis/build/icyphy/ptII/ptolemy/actor/lib/test/auto/PublisherSubscriberOpaqueWidthInference.xml (RunModel)" time="0.013" />
  <testcase classname="ptolemy.util.test.junit.AutoTests" name="[300] /home/travis/build/icyphy/ptII/ptolemy/actor/lib/test/auto/PublisherTestSubscriber.xml (RunModel)" time="0.012" />
  <testcase classname="ptolemy.util.test.junit.AutoTests" name="[301] /home/travis/build/icyphy/ptII/ptolemy/actor/lib/test/auto/PublisherToplevelSubscriberPortAOC.xml (RunModel)" time="0.009" />
  <testcase classname="ptolemy.util.test.junit.AutoTests" name="[302] /home/travis/build/icyphy/ptII/ptolemy/actor/lib/test/auto/PulseFiringLimitDE.xml (RunModel)" time="0.011" />
  <testcase classname="ptolemy.util.test.junit.AutoTests" name="[303] /home/travis/build/icyphy/ptII/ptolemy/actor/lib/test/auto/Ramp1.xml (RunModel)" time="0.006" />
  <testcase classname="ptolemy.util.test.junit.AutoTests" name="[304] /home/travis/build/icyphy/ptII/ptolemy/actor/lib/test/auto/RampFiringLimitDE.xml (RunModel)" time="0.01" />
  <testcase classname="ptolemy.util.test.junit.AutoTests" name="[305] /home/travis/build/icyphy/ptII/ptolemy/actor/lib/test/auto/RampFiringLimitSDF.xml (RunModel)" time="0.01" />
  <testcase classname="ptolemy.util.test.junit.AutoTests" name="[306] /home/travis/build/icyphy/ptII/ptolemy/actor/lib/test/auto/RandomInteger.xml (RunModel)" time="0.007" />
  <testcase classname="ptolemy.util.test.junit.AutoTests" name="[307] /home/travis/build/icyphy/ptII/ptolemy/actor/lib/test/auto/ReadFile1.xml (RunModel)" time="0.006" />
  <testcase classname="ptolemy.util.test.junit.AutoTests" name="[308] /home/travis/build/icyphy/ptII/ptolemy/actor/lib/test/auto/ReadFile2.xml (RunModel)" time="0.008" />
  <testcase classname="ptolemy.util.test.junit.AutoTests" name="[309] /home/travis/build/icyphy/ptII/ptolemy/actor/lib/test/auto/Reader.xml (RunModel)" time="0.01" />
  <testcase classname="ptolemy.util.test.junit.AutoTests" name="[310] /home/travis/build/icyphy/ptII/ptolemy/actor/lib/test/auto/RecordAssemblerDisplayNameTest.xml (RunModel)" time="3.396" />
  <testcase classname="ptolemy.util.test.junit.AutoTests" name="[311] /home/travis/build/icyphy/ptII/ptolemy/actor/lib/test/auto/RecordAssemblerTypeError.xml (RunModel)" time="0.026" />
  <testcase classname="ptolemy.util.test.junit.AutoTests" name="[312] /home/travis/build/icyphy/ptII/ptolemy/actor/lib/test/auto/RecordDisassember.xml (RunModel)" time="0.008" />
  <testcase classname="ptolemy.util.test.junit.AutoTests" name="[313] /home/travis/build/icyphy/ptII/ptolemy/actor/lib/test/auto/RecordDisassemberDisplayNameTest.xml (RunModel)" time="0.019" />
  <testcase classname="ptolemy.util.test.junit.AutoTests" name="[314] /home/travis/build/icyphy/ptII/ptolemy/actor/lib/test/auto/RecordDisassembler.xml (RunModel)" time="0.008" />
  <testcase classname="ptolemy.util.test.junit.AutoTests" name="[315] /home/travis/build/icyphy/ptII/ptolemy/actor/lib/test/auto/RecordDisassembler2.xml (RunModel)" time="0.008" />
  <testcase classname="ptolemy.util.test.junit.AutoTests" name="[316] /home/travis/build/icyphy/ptII/ptolemy/actor/lib/test/auto/RecordUpdater.xml (RunModel)" time="0.008" />
  <testcase classname="ptolemy.util.test.junit.AutoTests" name="[317] /home/travis/build/icyphy/ptII/ptolemy/actor/lib/test/auto/RecordUpdater2.xml (RunModel)" time="0.007" />
  <testcase classname="ptolemy.util.test.junit.AutoTests" name="[318] /home/travis/build/icyphy/ptII/ptolemy/actor/lib/test/auto/RecursiveLattice.xml (RunModel)" time="0.008" />
  <testcase classname="ptolemy.util.test.junit.AutoTests" name="[319] /home/travis/build/icyphy/ptII/ptolemy/actor/lib/test/auto/Router.xml (RunModel)" time="3.021" />
  <testcase classname="ptolemy.util.test.junit.AutoTests" name="[320] /home/travis/build/icyphy/ptII/ptolemy/actor/lib/test/auto/Router2.xml (RunModel)" time="3.035" />
  <testcase classname="ptolemy.util.test.junit.AutoTests" name="[321] /home/travis/build/icyphy/ptII/ptolemy/actor/lib/test/auto/RunningMaximum.xml (RunModel)" time="0.011" />
  <testcase classname="ptolemy.util.test.junit.AutoTests" name="[322] /home/travis/build/icyphy/ptII/ptolemy/actor/lib/test/auto/RunningMinimum.xml (RunModel)" time="0.018" />
  <testcase classname="ptolemy.util.test.junit.AutoTests" name="[323] /home/travis/build/icyphy/ptII/ptolemy/actor/lib/test/auto/Scale.xml (RunModel)" time="0.015" />
  <testcase classname="ptolemy.util.test.junit.AutoTests" name="[324] /home/travis/build/icyphy/ptII/ptolemy/actor/lib/test/auto/Scale2.xml (RunModel)" time="0.041" />
  <testcase classname="ptolemy.util.test.junit.AutoTests" name="[325] /home/travis/build/icyphy/ptII/ptolemy/actor/lib/test/auto/Scale3.xml (RunModel)" time="0.012" />
  <testcase classname="ptolemy.util.test.junit.AutoTests" name="[326] /home/travis/build/icyphy/ptII/ptolemy/actor/lib/test/auto/ScaleArray.xml (RunModel)" time="0.006" />
  <testcase classname="ptolemy.util.test.junit.AutoTests" name="[327] /home/travis/build/icyphy/ptII/ptolemy/actor/lib/test/auto/ScaleArray2.xml (RunModel)" time="0.006" />
  <testcase classname="ptolemy.util.test.junit.AutoTests" name="[328] /home/travis/build/icyphy/ptII/ptolemy/actor/lib/test/auto/ScaleMatrix.xml (RunModel)" time="0.135" />
  <testcase classname="ptolemy.util.test.junit.AutoTests" name="[329] /home/travis/build/icyphy/ptII/ptolemy/actor/lib/test/auto/Select.xml (RunModel)" time="0.012" />
  <testcase classname="ptolemy.util.test.junit.AutoTests" name="[330] /home/travis/build/icyphy/ptII/ptolemy/actor/lib/test/auto/Select2.xml (RunModel)" time="0.007" />
  <testcase classname="ptolemy.util.test.junit.AutoTests" name="[331] /home/travis/build/icyphy/ptII/ptolemy/actor/lib/test/auto/SequenceToArray2.xml (RunModel)" time="0.112" />
  <testcase classname="ptolemy.util.test.junit.AutoTests" name="[332] /home/travis/build/icyphy/ptII/ptolemy/actor/lib/test/auto/SequentialClock.xml (RunModel)" time="0.007" />
  <testcase classname="ptolemy.util.test.junit.AutoTests" name="[333] /home/travis/build/icyphy/ptII/ptolemy/actor/lib/test/auto/SetVariable.xml (RunModel)" time="0.008" />
  <testcase classname="ptolemy.util.test.junit.AutoTests" name="[334] /home/travis/build/icyphy/ptII/ptolemy/actor/lib/test/auto/SetVariable2.xml (RunModel)" time="0.008" />
  <testcase classname="ptolemy.util.test.junit.AutoTests" name="[335] /home/travis/build/icyphy/ptII/ptolemy/actor/lib/test/auto/SetVariable3.xml (RunModel)" time="0.013" />
  <testcase classname="ptolemy.util.test.junit.AutoTests" name="[336] /home/travis/build/icyphy/ptII/ptolemy/actor/lib/test/auto/SetVariable4.xml (RunModel)" time="0.024" />
  <testcase classname="ptolemy.util.test.junit.AutoTests" name="[337] /home/travis/build/icyphy/ptII/ptolemy/actor/lib/test/auto/SetVariable5.xml (RunModel)" time="0.033" />
  <testcase classname="ptolemy.util.test.junit.AutoTests" name="[338] /home/travis/build/icyphy/ptII/ptolemy/actor/lib/test/auto/Sinewave.xml (RunModel)" time="0.026" />
  <testcase classname="ptolemy.util.test.junit.AutoTests" name="[339] /home/travis/build/icyphy/ptII/ptolemy/actor/lib/test/auto/Sinewave2.xml (RunModel)" time="0.014" />
  <testcase classname="ptolemy.util.test.junit.AutoTests" name="[340] /home/travis/build/icyphy/ptII/ptolemy/actor/lib/test/auto/Sinewave3.xml (RunModel)" time="0.018" />
  <testcase classname="ptolemy.util.test.junit.AutoTests" name="[341] /home/travis/build/icyphy/ptII/ptolemy/actor/lib/test/auto/SingleEvent.xml (RunModel)" time="0.006" />
  <testcase classname="ptolemy.util.test.junit.AutoTests" name="[342] /home/travis/build/icyphy/ptII/ptolemy/actor/lib/test/auto/Sleep.xml (RunModel)" time="6.014" />
  <testcase classname="ptolemy.util.test.junit.AutoTests" name="[343] /home/travis/build/icyphy/ptII/ptolemy/actor/lib/test/auto/SleepMultipleFire.xml (RunModel)" time="1.014" />
  <testcase classname="ptolemy.util.test.junit.AutoTests" name="[344] /home/travis/build/icyphy/ptII/ptolemy/actor/lib/test/auto/StopDE.xml (RunModel)" time="0.013" />
  <testcase classname="ptolemy.util.test.junit.AutoTests" name="[345] /home/travis/build/icyphy/ptII/ptolemy/actor/lib/test/auto/StopSDF.xml (RunModel)" time="0.011" />
  <testcase classname="ptolemy.util.test.junit.AutoTests" name="[346] /home/travis/build/icyphy/ptII/ptolemy/actor/lib/test/auto/StringConstant.xml (RunModel)" time="0.015" />
  <testcase classname="ptolemy.util.test.junit.AutoTests" name="[347] /home/travis/build/icyphy/ptII/ptolemy/actor/lib/test/auto/SubscriberPortInitialValues1.xml (RunModel)" time="0.022" />
  <testcase classname="ptolemy.util.test.junit.AutoTests" name="[348] /home/travis/build/icyphy/ptII/ptolemy/actor/lib/test/auto/SubscriberPortInitialValues13.xml (RunModel)" time="0.025" />
  <testcase classname="ptolemy.util.test.junit.AutoTests" name="[349] /home/travis/build/icyphy/ptII/ptolemy/actor/lib/test/auto/SubscriberPortInitialValues14.xml (RunModel)" time="0.014" />
  <testcase classname="ptolemy.util.test.junit.AutoTests" name="[350] /home/travis/build/icyphy/ptII/ptolemy/actor/lib/test/auto/SubscriberPortInitialValues2.xml (RunModel)" time="0.014" />
  <testcase classname="ptolemy.util.test.junit.AutoTests" name="[351] /home/travis/build/icyphy/ptII/ptolemy/actor/lib/test/auto/SubscriberPortInitialValues3.xml (RunModel)" time="0.018" />
  <testcase classname="ptolemy.util.test.junit.AutoTests" name="[352] /home/travis/build/icyphy/ptII/ptolemy/actor/lib/test/auto/SubscriptionAggregator.xml (RunModel)" time="0.01" />
  <testcase classname="ptolemy.util.test.junit.AutoTests" name="[353] /home/travis/build/icyphy/ptII/ptolemy/actor/lib/test/auto/SubscriptionAggregator2.xml (RunModel)" time="0.01" />
  <testcase classname="ptolemy.util.test.junit.AutoTests" name="[354] /home/travis/build/icyphy/ptII/ptolemy/actor/lib/test/auto/SubscriptionAggregator3.xml (RunModel)" time="0.015" />
  <testcase classname="ptolemy.util.test.junit.AutoTests" name="[355] /home/travis/build/icyphy/ptII/ptolemy/actor/lib/test/auto/SubscriptionAggregatorMultiply.xml (RunModel)" time="0.02" />
  <testcase classname="ptolemy.util.test.junit.AutoTests" name="[356] /home/travis/build/icyphy/ptII/ptolemy/actor/lib/test/auto/SubscriptionAggregatorPortMultiply1.xml (RunModel)" time="0.016" />
  <testcase classname="ptolemy.util.test.junit.AutoTests" name="[357] /home/travis/build/icyphy/ptII/ptolemy/actor/lib/test/auto/Switch.xml (RunModel)" time="0.015" />
  <testcase classname="ptolemy.util.test.junit.AutoTests" name="[358] /home/travis/build/icyphy/ptII/ptolemy/actor/lib/test/auto/Switch2.xml (RunModel)" time="0.012" />
  <testcase classname="ptolemy.util.test.junit.AutoTests" name="[359] /home/travis/build/icyphy/ptII/ptolemy/actor/lib/test/auto/SwitchDE.xml (RunModel)" time="0.012" />
  <testcase classname="ptolemy.util.test.junit.AutoTests" name="[360] /home/travis/build/icyphy/ptII/ptolemy/actor/lib/test/auto/SynchronizerDE.xml (RunModel)" time="0.02" />
  <testcase classname="ptolemy.util.test.junit.AutoTests" name="[361] /home/travis/build/icyphy/ptII/ptolemy/actor/lib/test/auto/Test.xml (RunModel)" time="0.016" />
  <testcase classname="ptolemy.util.test.junit.AutoTests" name="[362] /home/travis/build/icyphy/ptII/ptolemy/actor/lib/test/auto/TestExceptionAttribute1.xml (RunModel)" time="0.007" />
  <testcase classname="ptolemy.util.test.junit.AutoTests" name="[363] /home/travis/build/icyphy/ptII/ptolemy/actor/lib/test/auto/TestExceptionAttribute2.xml (RunModel)" time="0.01" />
  <testcase classname="ptolemy.util.test.junit.AutoTests" name="[364] /home/travis/build/icyphy/ptII/ptolemy/actor/lib/test/auto/TestExceptionAttribute3.xml (RunModel)" time="0.009" />
  <testcase classname="ptolemy.util.test.junit.AutoTests" name="[365] /home/travis/build/icyphy/ptII/ptolemy/actor/lib/test/auto/TestExceptionAttribute4.xml (RunModel)" time="0.005" />
  <testcase classname="ptolemy.util.test.junit.AutoTests" name="[366] /home/travis/build/icyphy/ptII/ptolemy/actor/lib/test/auto/TestExceptionHandler1.xml (RunModel)" time="0.008" />
  <testcase classname="ptolemy.util.test.junit.AutoTests" name="[367] /home/travis/build/icyphy/ptII/ptolemy/actor/lib/test/auto/TestExceptionHandler2.xml (RunModel)" time="0.011" />
  <testcase classname="ptolemy.util.test.junit.AutoTests" name="[368] /home/travis/build/icyphy/ptII/ptolemy/actor/lib/test/auto/TestExceptionHandler3.xml (RunModel)" time="0.005" />
  <testcase classname="ptolemy.util.test.junit.AutoTests" name="[369] /home/travis/build/icyphy/ptII/ptolemy/actor/lib/test/auto/TestExceptionHandler4.xml (RunModel)" time="0.005" />
  <testcase classname="ptolemy.util.test.junit.AutoTests" name="[370] /home/travis/build/icyphy/ptII/ptolemy/actor/lib/test/auto/TestRequireCorrectOrder.xml (RunModel)" time="0.011" />
  <testcase classname="ptolemy.util.test.junit.AutoTests" name="[371] /home/travis/build/icyphy/ptII/ptolemy/actor/lib/test/auto/TestSimple.xml (RunModel)" time="0.007" />
  <testcase classname="ptolemy.util.test.junit.AutoTests" name="[372] /home/travis/build/icyphy/ptII/ptolemy/actor/lib/test/auto/ThrowModelError.xml (RunModel)" time="0.009" />
  <testcase classname="ptolemy.util.test.junit.AutoTests" name="[373] /home/travis/build/icyphy/ptII/ptolemy/actor/lib/test/auto/TimeDelayMicrosteps.xml (RunModel)" time="0.015" />
  <testcase classname="ptolemy.util.test.junit.AutoTests" name="[374] /home/travis/build/icyphy/ptII/ptolemy/actor/lib/test/auto/TimeDelayMicrosteps2.xml (RunModel)" time="0.013" />
  <testcase classname="ptolemy.util.test.junit.AutoTests" name="[375] /home/travis/build/icyphy/ptII/ptolemy/actor/lib/test/auto/TimeDelayMicrosteps3.xml (RunModel)" time="0.011" />
  <testcase classname="ptolemy.util.test.junit.AutoTests" name="[376] /home/travis/build/icyphy/ptII/ptolemy/actor/lib/test/auto/TimeDelayVariableMicrosteps.xml (RunModel)" time="0.01" />
  <testcase classname="ptolemy.util.test.junit.AutoTests" name="[377] /home/travis/build/icyphy/ptII/ptolemy/actor/lib/test/auto/TimeGap.xml (RunModel)" time="0.013" />
  <testcase classname="ptolemy.util.test.junit.AutoTests" name="[378] /home/travis/build/icyphy/ptII/ptolemy/actor/lib/test/auto/TimeGap2.xml (RunModel)" time="0.01" />
  <testcase classname="ptolemy.util.test.junit.AutoTests" name="[379] /home/travis/build/icyphy/ptII/ptolemy/actor/lib/test/auto/TimedSinewave.xml (RunModel)" time="0.055" />
  <testcase classname="ptolemy.util.test.junit.AutoTests" name="[380] /home/travis/build/icyphy/ptII/ptolemy/actor/lib/test/auto/TimedSinewavePhase.xml (RunModel)" time="0.043" />
  <testcase classname="ptolemy.util.test.junit.AutoTests" name="[381] /home/travis/build/icyphy/ptII/ptolemy/actor/lib/test/auto/Timer.xml (RunModel)" time="0.016" />
  <testcase classname="ptolemy.util.test.junit.AutoTests" name="[382] /home/travis/build/icyphy/ptII/ptolemy/actor/lib/test/auto/TriangularDistTestModel.xml (RunModel)" time="0.016" />
  <testcase classname="ptolemy.util.test.junit.AutoTests" name="[383] /home/travis/build/icyphy/ptII/ptolemy/actor/lib/test/auto/TrigFunction.xml (RunModel)" time="0.008" />
  <testcase classname="ptolemy.util.test.junit.AutoTests" name="[384] /home/travis/build/icyphy/ptII/ptolemy/actor/lib/test/auto/TrigFunctionDE.xml (RunModel)" time="0.01" />
  <testcase classname="ptolemy.util.test.junit.AutoTests" name="[385] /home/travis/build/icyphy/ptII/ptolemy/actor/lib/test/auto/TrigFunctionInverse.xml (RunModel)" time="0.008" />
  <testcase classname="ptolemy.util.test.junit.AutoTests" name="[386] /home/travis/build/icyphy/ptII/ptolemy/actor/lib/test/auto/TrigFunctionTan.xml (RunModel)" time="0.006" />
  <testcase classname="ptolemy.util.test.junit.AutoTests" name="[387] /home/travis/build/icyphy/ptII/ptolemy/actor/lib/test/auto/TriggeredClock.xml (RunModel)" time="0.007" />
  <testcase classname="ptolemy.util.test.junit.AutoTests" name="[388] /home/travis/build/icyphy/ptII/ptolemy/actor/lib/test/auto/URLDirectoryReader.xml (RunModel)" time="0.119" />
  <testcase classname="ptolemy.util.test.junit.AutoTests" name="[389] /home/travis/build/icyphy/ptII/ptolemy/actor/lib/test/auto/URLDirectoryReader3.xml (RunModel)" time="1.726" />
  <testcase classname="ptolemy.util.test.junit.AutoTests" name="[390] /home/travis/build/icyphy/ptII/ptolemy/actor/lib/test/auto/UnaryMathFunction.xml (RunModel)" time="0.025" />
  <testcase classname="ptolemy.util.test.junit.AutoTests" name="[391] /home/travis/build/icyphy/ptII/ptolemy/actor/lib/test/auto/Uniform.xml (RunModel)" time="0.012" />
  <testcase classname="ptolemy.util.test.junit.AutoTests" name="[392] /home/travis/build/icyphy/ptII/ptolemy/actor/lib/test/auto/UnionDisassemblerTest.xml (RunModel)" time="0.013" />
  <testcase classname="ptolemy.util.test.junit.AutoTests" name="[393] /home/travis/build/icyphy/ptII/ptolemy/actor/lib/test/auto/UtilityFunctions.xml (RunModel)" time="0.006" />
  <testcase classname="ptolemy.util.test.junit.AutoTests" name="[394] /home/travis/build/icyphy/ptII/ptolemy/actor/lib/test/auto/VariableSleep.xml (RunModel)" time="0.511" />
  <testcase classname="ptolemy.util.test.junit.AutoTests" name="[395] /home/travis/build/icyphy/ptII/ptolemy/actor/lib/test/auto/VectorAssemblerDisassemblerCT.xml (RunModel)" time="0.104" />
  <testcase classname="ptolemy.util.test.junit.AutoTests" name="[396] /home/travis/build/icyphy/ptII/ptolemy/actor/lib/test/auto/VectorAssemblerDisassemblerDE.xml (RunModel)" time="0.011" />
  <testcase classname="ptolemy.util.test.junit.AutoTests" name="[397] /home/travis/build/icyphy/ptII/ptolemy/actor/lib/test/auto/VectorAssemblerDisassemblerSDF.xml (RunModel)" time="0.011" />
  <testcase classname="ptolemy.util.test.junit.AutoTests" name="[398] /home/travis/build/icyphy/ptII/ptolemy/actor/lib/test/auto/WallClockTime.xml (RunModel)" time="1.011" />
  <testcase classname="ptolemy.util.test.junit.AutoTests" name="[399] /home/travis/build/icyphy/ptII/ptolemy/actor/lib/test/auto/WidthTestWithSubscriberPublisher.xml (RunModel)" time="0.034" />
  <testcase classname="ptolemy.util.test.junit.AutoTests" name="[400] /home/travis/build/icyphy/ptII/ptolemy/actor/lib/test/auto/WidthTestWithSubscriberPublisher2.xml (RunModel)" time="0.012" />
  <testcase classname="ptolemy.util.test.junit.AutoTests" name="[401] /home/travis/build/icyphy/ptII/ptolemy/actor/lib/test/auto/WidthTestWithSubscriberPublisher3.xml (RunModel)" time="0.011" />
  <testcase classname="ptolemy.util.test.junit.AutoTests" name="[402] /home/travis/build/icyphy/ptII/ptolemy/actor/lib/test/auto/Writer.xml (RunModel)" time="0.006" />
  <testcase classname="ptolemy.util.test.junit.AutoTests" name="[403] /home/travis/build/icyphy/ptII/ptolemy/actor/lib/test/auto/array.xml (RunModel)" time="0.008" />
  <testcase classname="ptolemy.util.test.junit.AutoTests" name="[404] /home/travis/build/icyphy/ptII/ptolemy/actor/lib/test/auto/array2.xml (RunModel)" time="0.023" />
  <testcase classname="ptolemy.util.test.junit.AutoTests" name="[405] /home/travis/build/icyphy/ptII/ptolemy/actor/lib/test/auto/arrayType.xml (RunModel)" time="0.009" />
  <testcase classname="ptolemy.util.test.junit.AutoTests" name="[406] /home/travis/build/icyphy/ptII/ptolemy/actor/lib/test/auto/arrayType10.xml (RunModel)" time="0.007" />
  <testcase classname="ptolemy.util.test.junit.AutoTests" name="[407] /home/travis/build/icyphy/ptII/ptolemy/actor/lib/test/auto/arrayType11.xml (RunModel)" time="0.006" />
  <testcase classname="ptolemy.util.test.junit.AutoTests" name="[408] /home/travis/build/icyphy/ptII/ptolemy/actor/lib/test/auto/arrayType12.xml (RunModel)" time="0.008" />
  <testcase classname="ptolemy.util.test.junit.AutoTests" name="[409] /home/travis/build/icyphy/ptII/ptolemy/actor/lib/test/auto/arrayType13.xml (RunModel)" time="0.007" />
  <testcase classname="ptolemy.util.test.junit.AutoTests" name="[410] /home/travis/build/icyphy/ptII/ptolemy/actor/lib/test/auto/arrayType14.xml (RunModel)" time="0.01" />
  <testcase classname="ptolemy.util.test.junit.AutoTests" name="[411] /home/travis/build/icyphy/ptII/ptolemy/actor/lib/test/auto/arrayType15.xml (RunModel)" time="0.008" />
  <testcase classname="ptolemy.util.test.junit.AutoTests" name="[412] /home/travis/build/icyphy/ptII/ptolemy/actor/lib/test/auto/arrayType16.xml (RunModel)" time="0.007" />
  <testcase classname="ptolemy.util.test.junit.AutoTests" name="[413] /home/travis/build/icyphy/ptII/ptolemy/actor/lib/test/auto/arrayType17.xml (RunModel)" time="0.007" />
  <testcase classname="ptolemy.util.test.junit.AutoTests" name="[414] /home/travis/build/icyphy/ptII/ptolemy/actor/lib/test/auto/arrayType18.xml (RunModel)" time="0.007" />
  <testcase classname="ptolemy.util.test.junit.AutoTests" name="[415] /home/travis/build/icyphy/ptII/ptolemy/actor/lib/test/auto/arrayType19.xml (RunModel)" time="0.008" />
  <testcase classname="ptolemy.util.test.junit.AutoTests" name="[416] /home/travis/build/icyphy/ptII/ptolemy/actor/lib/test/auto/arrayType2.xml (RunModel)" time="0.007" />
  <testcase classname="ptolemy.util.test.junit.AutoTests" name="[417] /home/travis/build/icyphy/ptII/ptolemy/actor/lib/test/auto/arrayType20.xml (RunModel)" time="0.008" />
  <testcase classname="ptolemy.util.test.junit.AutoTests" name="[418] /home/travis/build/icyphy/ptII/ptolemy/actor/lib/test/auto/arrayType21.xml (RunModel)" time="0.007" />
  <testcase classname="ptolemy.util.test.junit.AutoTests" name="[419] /home/travis/build/icyphy/ptII/ptolemy/actor/lib/test/auto/arrayType22.xml (RunModel)" time="0.007" />
  <testcase classname="ptolemy.util.test.junit.AutoTests" name="[420] /home/travis/build/icyphy/ptII/ptolemy/actor/lib/test/auto/arrayType23.xml (RunModel)" time="0.007" />
  <testcase classname="ptolemy.util.test.junit.AutoTests" name="[421] /home/travis/build/icyphy/ptII/ptolemy/actor/lib/test/auto/arrayType24.xml (RunModel)" time="0.007" />
  <testcase classname="ptolemy.util.test.junit.AutoTests" name="[422] /home/travis/build/icyphy/ptII/ptolemy/actor/lib/test/auto/arrayType25.xml (RunModel)" time="0.007" />
  <testcase classname="ptolemy.util.test.junit.AutoTests" name="[423] /home/travis/build/icyphy/ptII/ptolemy/actor/lib/test/auto/arrayType26.xml (RunModel)" time="0.008" />
  <testcase classname="ptolemy.util.test.junit.AutoTests" name="[424] /home/travis/build/icyphy/ptII/ptolemy/actor/lib/test/auto/arrayType27.xml (RunModel)" time="0.007" />
  <testcase classname="ptolemy.util.test.junit.AutoTests" name="[425] /home/travis/build/icyphy/ptII/ptolemy/actor/lib/test/auto/arrayType28.xml (RunModel)" time="0.009" />
  <testcase classname="ptolemy.util.test.junit.AutoTests" name="[426] /home/travis/build/icyphy/ptII/ptolemy/actor/lib/test/auto/arrayType3.xml (RunModel)" time="0.007" />
  <testcase classname="ptolemy.util.test.junit.AutoTests" name="[427] /home/travis/build/icyphy/ptII/ptolemy/actor/lib/test/auto/arrayType4.xml (RunModel)" time="0.007" />
  <testcase classname="ptolemy.util.test.junit.AutoTests" name="[428] /home/travis/build/icyphy/ptII/ptolemy/actor/lib/test/auto/arrayType5.xml (RunModel)" time="0.007" />
  <testcase classname="ptolemy.util.test.junit.AutoTests" name="[429] /home/travis/build/icyphy/ptII/ptolemy/actor/lib/test/auto/arrayType6.xml (RunModel)" time="0.006" />
  <testcase classname="ptolemy.util.test.junit.AutoTests" name="[430] /home/travis/build/icyphy/ptII/ptolemy/actor/lib/test/auto/arrayType7.xml (RunModel)" time="0.007" />
  <testcase classname="ptolemy.util.test.junit.AutoTests" name="[431] /home/travis/build/icyphy/ptII/ptolemy/actor/lib/test/auto/arrayType8.xml (RunModel)" time="0.008" />
  <testcase classname="ptolemy.util.test.junit.AutoTests" name="[432] /home/travis/build/icyphy/ptII/ptolemy/actor/lib/test/auto/arrayType9.xml (RunModel)" time="0.021" />
  <testcase classname="ptolemy.util.test.junit.AutoTests" name="[433] /home/travis/build/icyphy/ptII/ptolemy/actor/lib/test/auto/cast.xml (RunModel)" time="0.007" />
  <testcase classname="ptolemy.util.test.junit.AutoTests" name="[434] /home/travis/build/icyphy/ptII/ptolemy/actor/lib/test/auto/compositeMultiPort.xml (RunModel)" time="0.013" />
  <testcase classname="ptolemy.util.test.junit.AutoTests" name="[435] /home/travis/build/icyphy/ptII/ptolemy/actor/lib/test/auto/expressionCastInference.xml (RunModel)" time="0.008" />
  <testcase classname="ptolemy.util.test.junit.AutoTests" name="[436] /home/travis/build/icyphy/ptII/ptolemy/actor/lib/test/auto/expressionCastInference2.xml (RunModel)" time="0.006" />
  <testcase classname="ptolemy.util.test.junit.AutoTests" name="[437] /home/travis/build/icyphy/ptII/ptolemy/actor/lib/test/auto/expressionInference.xml (RunModel)" time="0.006" />
  <testcase classname="ptolemy.util.test.junit.AutoTests" name="[438] /home/travis/build/icyphy/ptII/ptolemy/actor/lib/test/auto/expression_bug.xml (RunModel)" time="0.006" />
  <testcase classname="ptolemy.util.test.junit.AutoTests" name="[439] /home/travis/build/icyphy/ptII/ptolemy/actor/lib/test/auto/factorial.xml (RunModel)" time="0.044" />
  <testcase classname="ptolemy.util.test.junit.AutoTests" name="[440] /home/travis/build/icyphy/ptII/ptolemy/actor/lib/test/auto/filterTest1.xml (RunModel)" time="0.014" />
  <testcase classname="ptolemy.util.test.junit.AutoTests" name="[441] /home/travis/build/icyphy/ptII/ptolemy/actor/lib/test/auto/funcApplyInConst.xml (RunModel)" time="0.008" />
  <testcase classname="ptolemy.util.test.junit.AutoTests" name="[442] /home/travis/build/icyphy/ptII/ptolemy/actor/lib/test/auto/funcApplyInExpr.xml (RunModel)" time="0.005" />
  <testcase classname="ptolemy.util.test.junit.AutoTests" name="[443] /home/travis/build/icyphy/ptII/ptolemy/actor/lib/test/auto/function.xml (RunModel)" time="0.008" />
  <testcase classname="ptolemy.util.test.junit.AutoTests" name="[444] /home/travis/build/icyphy/ptII/ptolemy/actor/lib/test/auto/function2.xml (RunModel)" time="0.063" />
  <testcase classname="ptolemy.util.test.junit.AutoTests" name="[445] /home/travis/build/icyphy/ptII/ptolemy/actor/lib/test/auto/function3.xml (RunModel)" time="0.033" />
  <testcase classname="ptolemy.util.test.junit.AutoTests" name="[446] /home/travis/build/icyphy/ptII/ptolemy/actor/lib/test/auto/functionClosureTest1.xml (RunModel)" time="0.017" />
  <testcase classname="ptolemy.util.test.junit.AutoTests" name="[447] /home/travis/build/icyphy/ptII/ptolemy/actor/lib/test/auto/functionClosureTest2.xml (RunModel)" time="0.006" />
  <testcase classname="ptolemy.util.test.junit.AutoTests" name="[448] /home/travis/build/icyphy/ptII/ptolemy/actor/lib/test/auto/functionClosureTest3.xml (RunModel)" time="0.008" />
  <testcase classname="ptolemy.util.test.junit.AutoTests" name="[449] /home/travis/build/icyphy/ptII/ptolemy/actor/lib/test/auto/functionClosureTest4.xml (RunModel)" time="0.037" />
  <testcase classname="ptolemy.util.test.junit.AutoTests" name="[450] /home/travis/build/icyphy/ptII/ptolemy/actor/lib/test/auto/functionClosureTest5.xml (RunModel)" time="0.044" />
  <testcase classname="ptolemy.util.test.junit.AutoTests" name="[451] /home/travis/build/icyphy/ptII/ptolemy/actor/lib/test/auto/functionClosureTest6.xml (RunModel)" time="0.028" />
  <testcase classname="ptolemy.util.test.junit.AutoTests" name="[452] /home/travis/build/icyphy/ptII/ptolemy/actor/lib/test/auto/functionsOnArcs.xml (RunModel)" time="0.019" />
  <testcase classname="ptolemy.util.test.junit.AutoTests" name="[453] /home/travis/build/icyphy/ptII/ptolemy/actor/lib/test/auto/functionsOnArcsHOF.xml (RunModel)" time="0.01" />
  <testcase classname="ptolemy.util.test.junit.AutoTests" name="[454] /home/travis/build/icyphy/ptII/ptolemy/actor/lib/test/auto/logic.xml (RunModel)" time="0.015" />
  <testcase classname="ptolemy.util.test.junit.AutoTests" name="[455] /home/travis/build/icyphy/ptII/ptolemy/actor/lib/test/auto/matrixType.xml (RunModel)" time="0.012" />
  <testcase classname="ptolemy.util.test.junit.AutoTests" name="[456] /home/travis/build/icyphy/ptII/ptolemy/actor/lib/test/auto/matrixType10.xml (RunModel)" time="0.008" />
  <testcase classname="ptolemy.util.test.junit.AutoTests" name="[457] /home/travis/build/icyphy/ptII/ptolemy/actor/lib/test/auto/matrixType11.xml (RunModel)" time="0.007" />
  <testcase classname="ptolemy.util.test.junit.AutoTests" name="[458] /home/travis/build/icyphy/ptII/ptolemy/actor/lib/test/auto/matrixType12.xml (RunModel)" time="0.008" />
  <testcase classname="ptolemy.util.test.junit.AutoTests" name="[459] /home/travis/build/icyphy/ptII/ptolemy/actor/lib/test/auto/matrixType13.xml (RunModel)" time="0.007" />
  <testcase classname="ptolemy.util.test.junit.AutoTests" name="[460] /home/travis/build/icyphy/ptII/ptolemy/actor/lib/test/auto/matrixType14.xml (RunModel)" time="0.008" />
  <testcase classname="ptolemy.util.test.junit.AutoTests" name="[461] /home/travis/build/icyphy/ptII/ptolemy/actor/lib/test/auto/matrixType2.xml (RunModel)" time="0.007" />
  <testcase classname="ptolemy.util.test.junit.AutoTests" name="[462] /home/travis/build/icyphy/ptII/ptolemy/actor/lib/test/auto/matrixType3.xml (RunModel)" time="0.008" />
  <testcase classname="ptolemy.util.test.junit.AutoTests" name="[463] /home/travis/build/icyphy/ptII/ptolemy/actor/lib/test/auto/matrixType4.xml (RunModel)" time="0.007" />
  <testcase classname="ptolemy.util.test.junit.AutoTests" name="[464] /home/travis/build/icyphy/ptII/ptolemy/actor/lib/test/auto/matrixType5.xml (RunModel)" time="0.007" />
  <testcase classname="ptolemy.util.test.junit.AutoTests" name="[465] /home/travis/build/icyphy/ptII/ptolemy/actor/lib/test/auto/matrixType6.xml (RunModel)" time="0.007" />
  <testcase classname="ptolemy.util.test.junit.AutoTests" name="[466] /home/travis/build/icyphy/ptII/ptolemy/actor/lib/test/auto/matrixType7.xml (RunModel)" time="0.007" />
  <testcase classname="ptolemy.util.test.junit.AutoTests" name="[467] /home/travis/build/icyphy/ptII/ptolemy/actor/lib/test/auto/matrixType8.xml (RunModel)" time="0.008" />
  <testcase classname="ptolemy.util.test.junit.AutoTests" name="[468] /home/travis/build/icyphy/ptII/ptolemy/actor/lib/test/auto/matrixType9.xml (RunModel)" time="0.007" />
  <testcase classname="ptolemy.util.test.junit.AutoTests" name="[469] /home/travis/build/icyphy/ptII/ptolemy/actor/lib/test/auto/paraFunctest.xml (RunModel)" time="0.006" />
  <testcase classname="ptolemy.util.test.junit.AutoTests" name="[470] /home/travis/build/icyphy/ptII/ptolemy/actor/lib/test/auto/paraFunctest2.xml (RunModel)" time="0.008" />
  <testcase classname="ptolemy.util.test.junit.AutoTests" name="[471] /home/travis/build/icyphy/ptII/ptolemy/actor/lib/test/auto/parameterPassing.xml (RunModel)" time="0.014" />
  <testcase classname="ptolemy.util.test.junit.AutoTests" name="[472] /home/travis/build/icyphy/ptII/ptolemy/actor/lib/test/auto/record.xml (RunModel)" time="0.037" />
  <testcase classname="ptolemy.util.test.junit.AutoTests" name="[473] /home/travis/build/icyphy/ptII/ptolemy/actor/lib/test/auto/sizedarray1.xml (RunModel)" time="0.038" />
  <testcase classname="ptolemy.util.test.junit.AutoTests" name="[474] /home/travis/build/icyphy/ptII/ptolemy/actor/lib/test/auto/sizedarray2.xml (RunModel)" time="0.03" />
  <testcase classname="ptolemy.util.test.junit.AutoTests" name="[475] /home/travis/build/icyphy/ptII/ptolemy/actor/lib/test/auto/twoPublishers.xml (RunModel)" time="0.046" />
  <system-out><![CDATA[/home/travis/build/icyphy/ptII/ptolemy/actor/lib/test/AbsoluteValue.tcl
testDefs.tcl: setting time out to 9000 seconds at Mon Jun 06 02:11:34 UTC 2022
102 ms. Memory: 129024K Free: 92078K (71%)
8 ms. Memory: 129024K Free: 90540K (70%)
14 ms. Memory: 129024K Free: 89502K (69%)
15 ms. Memory: 129024K Free: 89006K (69%)
/home/travis/build/icyphy/ptII/ptolemy/actor/lib/test/AddSubtract.tcl
14 ms. Memory: 129024K Free: 86958K (67%)
12 ms. Memory: 129024K Free: 86438K (67%)
5 ms. Memory: 129024K Free: 85420K (66%)
8 ms. Memory: 129024K Free: 84396K (65%)
68 ms. Memory: 129024K Free: 81838K (63%)
12 ms. Memory: 129024K Free: 80814K (63%)
/home/travis/build/icyphy/ptII/ptolemy/actor/lib/test/Average.tcl
14 ms. Memory: 129024K Free: 79276K (61%)
11 ms. Memory: 129024K Free: 78238K (61%)
/home/travis/build/icyphy/ptII/ptolemy/actor/lib/test/Bernoulli.tcl
4 ms. Memory: 129024K Free: 76718K (59%)
2 ms. Memory: 129024K Free: 76204K (59%)
/home/travis/build/icyphy/ptII/ptolemy/actor/lib/test/Clock.tcl
preinitializing
resolving types
initializing
executing number 1
wrapping up
idle
18 ms. Memory: 129024K Free: 73646K (57%)
Completed execution with 5 iterations
preinitializing
resolving types
initializing
executing number 1
wrapping up
idle
4 ms. Memory: 129024K Free: 72622K (56%)
Completed execution with 5 iterations
preinitializing
resolving types
initializing
executing number 1
wrapping up
idle
3 ms. Memory: 129024K Free: 72102K (56%)
Completed execution with 5 iterations
/home/travis/build/icyphy/ptII/ptolemy/actor/lib/test/Commutator.tcl
6 ms. Memory: 129024K Free: 70046K (54%)
6 ms. Memory: 129024K Free: 69036K (54%)
18 ms. Memory: 129024K Free: 63406K (49%)
/home/travis/build/icyphy/ptII/ptolemy/actor/lib/test/Const.tcl
7 ms. Memory: 129024K Free: 61838K (48%)
2 ms. Memory: 129024K Free: 61358K (48%)
3 ms. Memory: 129024K Free: 60844K (47%)
3 ms. Memory: 129024K Free: 60334K (47%)
3 ms. Memory: 129024K Free: 59310K (46%)
12 ms. Memory: 129024K Free: 57772K (45%)
4 ms. Memory: 129024K Free: 56748K (44%)
3 ms. Memory: 129024K Free: 56238K (44%)
/home/travis/build/icyphy/ptII/ptolemy/actor/lib/test/CurrentTime.tcl
preinitializing
resolving types
initializing
executing number 1
wrapping up
idle
19 ms. Memory: 129024K Free: 54190K (42%)
Completed execution with 11 iterations
/home/travis/build/icyphy/ptII/ptolemy/actor/lib/test/DB.tcl
4 ms. Memory: 129024K Free: 52142K (40%)
2 ms. Memory: 129024K Free: 51614K (40%)
2 ms. Memory: 129024K Free: 51614K (40%)
/home/travis/build/icyphy/ptII/ptolemy/actor/lib/test/DiscreteRandomSource.tcl
preinitializing
resolving types
initializing
executing number 1
wrapping up
idle
7 ms. Memory: 129024K Free: 50094K (39%)
Completed execution with 4 iterations
preinitializing
resolving types
initializing
executing number 1
wrapping up
idle
5 ms. Memory: 129024K Free: 49566K (38%)
Completed execution with 4 iterations
preinitializing
resolving types
initializing
executing number 1
wrapping up
idle
5 ms. Memory: 129024K Free: 49070K (38%)
Completed execution with 4 iterations
preinitializing
resolving types
initializing
executing number 1
wrapping up
idle
8 ms. Memory: 129024K Free: 48526K (38%)
Completed execution with 4 iterations
preinitializing
resolving types
initializing
executing number 1
wrapping up
idle
3 ms. Memory: 129024K Free: 48046K (37%)
Completed execution with 4 iterations
/home/travis/build/icyphy/ptII/ptolemy/actor/lib/test/Distributor.tcl
15 ms. Memory: 129024K Free: 113074K (88%)
3 ms. Memory: 129024K Free: 112036K (87%)
StreamChangeRequest.changeExecuted(): <deleteEntity name="rec2"/> succeeded
StreamChangeRequest.changeExecuted(): <deleteRelation name="r2"/> succeeded
StreamChangeRequest.changeExecuted(): Record firings per iteration succeeded
8 ms. Memory: 129024K Free: 109529K (85%)
/home/travis/build/icyphy/ptII/ptolemy/actor/lib/test/Exit.tcl
Exit.tcl: this will print a message about Manager.exitAfterWrapup, which can be ignored.
9 ms. Memory: 129024K Free: 106943K (83%)
/home/travis/build/icyphy/ptII/ptolemy/actor/lib/test/Expression.tcl
12 ms. Memory: 129024K Free: 103415K (80%)
2 ms. Memory: 129024K Free: 102820K (80%)
3 ms. Memory: 129024K Free: 102256K (79%)
preinitializing
resolving types
initializing
executing number 1
wrapping up
idle
4 ms. Memory: 129024K Free: 100786K (78%)
Completed execution with 6 iterations
3 ms. Memory: 129024K Free: 99748K (77%)
2 ms. Memory: 129024K Free: 99184K (77%)
4 ms. Memory: 129024K Free: 97700K (76%)
3 ms. Memory: 129024K Free: 96660K (75%)
3 ms. Memory: 129024K Free: 95215K (74%)
/home/travis/build/icyphy/ptII/ptolemy/actor/lib/test/Gaussian.tcl
3 ms. Memory: 129024K Free: 93596K (73%)
sleeping 1 seconds: .....................................................................................................................................................................................................................................................................................................................................................................................................................................................................................................................................................................................................................................................................................................................................................................................................................................................................................................................................................................................................................................................................................................................................................................................................................................................................................................................................................................................................................................................................................................................................................................................................................................................................................................................................................................................................................................................................................................................................................................................................................................................................................................................................................................................................................................................................................................................................................................................................................................................................................................................................................................................................................................................................................................................................................................................................................................................................................................................................................................................................................................................................................................................................................................................................................................................................................................................................................................................................................................................................................................................................................................................................................................................................................................................................................................................................................................................................................................................................................................................................................................................................................................................................................................................................................................................................................................................................................................................................................................................................................................................................................................................................................................................................................................................................................................................................................................................................................................................................................................................................................................................................................................................................................................................................................................................................................................................................................................................................................................................................................................................................................................................................................................................................................................................................................................................................................................................................................................................................................................................................................................................................................................................................................................................................................................................................................................................................................................................................................................................................................................................................................................................................................................................................................................................................................................................................................................................................................................................................................................................................................................................................................................................................................................................................................................................................................................................................................................................................................................................................................................................................................................................................................................................................................................................................................................................................................................................................................................................................................................................................................................................................................................................................................................................................................................................................................................................................................................................................................................................................................................................................................................................................................................................................................................................................................................................................................................................................................................................................................................................................................................................................................................................................................................................................................................................................................................................................................................................................................................................................................................................................................................................................................................................................................................................................................................................................................................................................................................................................................................................................................................................................................................................................................................................................................................................................................................................................................................................................................................................................................................................................................................................................................................................................................................................................................................................................................................................................................................................................................................................................................................................................................................................................................................................................................................................................................................................................................................................................................................................................................................................................................................................................................................................................................................................................................................................................................................................................................................................................................................................................................................................................................................................................................................................................................................................................................................................................................................................................................................................................................................................................................................................................................................................................................................................................................................................................................................................................................................................................................................................................................................................................................................................................................................................................................................................................................................................................................................................................................................................................................................................................................................................................................................................................................................................................................................................................................................................................................................................................................................................................................................................................................................................................................................................................................................................................................................................................................................................................................................................................................................................................................................................................................................................................................................................................................................................................................................................................................................................................................................................................................................................................................................................................................................................................................................................................................................................................................................................................................................................................................................................................................................................................................................................................................................................................................................................................................................................................................................................................................................................................................................................................................................................................................................................................................................................................................................................................................................................................................................................................................................................................................................................................................................................................................................................................................................................................................................................................................................................................................................................................................................................................................................................................................................................................................................................................................................................................................................................................................................................................................................................................................................................................................................................................................................................................................................................................................................................................................................................................................................................................................................................................................................................................................................................................................................................................................................................................................................................................................................................................................................................................................................................................................................................................................................................................................................................................................................................................................................................................................................................................................................................................................................................................................................................................................................................................................................................................................................................................................................................................................................................................................................................................................................................................................................................................................................................................................................................................................................................................................................................................................................................................................................................................................................................................................................................................................................................................................................................................................................................................................................................................................................................................................................................................................................................................................................................................................................................................................................................................................................................................................................................................................................................................................................................................................................................................................................................................................................................................................................................................................................................................................................................................................................................................................................................................................................................................................................................................................................................................................................................................................................................................................................................................................................................................................................................................................................................................................................................................................................................................................................................................................................................................................................................................................................................................................................................................................................................................................................................................................................................................................................................................................................................................................................................................................................................................................................................................................................................................................................................................................................................................................................................................................................................................................................................................................................................................................................................................................................................................................................................................................................................................................................................................................................................................................................................................................................................................................................................................................................................................................................................................................................................................................................................................................................................................................................................................................................................................................................................................................................................................................................................................................................................................................................................................................................................................................................................................................................................................................................................................................................................................................................................................................................................................................................................................................................................................................................................................................................................................................................................................................................................................................................................................................................................................................................................................................................................................................................................................................................................................................................................................................................................................................................................................................................................................................................................................................................................................................................................................................................................................................................................................................................................................................................................................................................................................................................................................................................................................................................................................................................................................................................................................................................................................................................................................................................................................................................................................................................................................................................................................................................................................................................................................................................................................................................................................................................................................................................................................................................................................................................................................................................................................................................................................................................................................................................................................................................................................................................................................................................................................................................................................................................................................................................................................................................................................................................................................................................................................................................................................................................................................................................................................................................................................................................................................................................................................................................................................................................................................................................................................................................................................................................................................................................................................................................................................................................................................................................................................................................................................................................................................................................................................................................................................................................................................................................................................................................................................................................................................................................................................................................................................................................................................................................................................................................................................................................................................................................................................................................................................................................................................................................................................................................................................................................................................................................................................................................................................................................................................................................................................................................................................................................................................................................................................................................................................................................................................................................................................................................................................................................................................................................................................................................................................................................................................................................................................................................................................................................................................................................................................................................................................................................................................................................................................................................................................................................................................................................................................................................................................................................................................................................................................................................................................................................................................................................................................................................................................................................................................................................................................................................................................................................................................................................................................................................................................................................................................................................................................................................................................................................................................................................................................................................................................................................................................................................................................................................................................................................................................................................................................................................................................................................................................................................................................................................................................................................................................................................................................................................................................................................................................................................................................................................................................................................................................................................................................................................................................................................................................................................................................................................................................................................................................................................................................................................................................................................................................................................................................................................................................................................................................................................................................................2 ms. Memory: 129024K Free: 99288K (77%)
3 ms. Memory: 129024K Free: 98760K (77%)
1 ms. Memory: 129024K Free: 97736K (76%)
4 ms. Memory: 129024K Free: 97240K (75%)
5 ms. Memory: 129024K Free: 96712K (75%)
/home/travis/build/icyphy/ptII/ptolemy/actor/lib/test/IIR.tcl
/home/travis/build/icyphy/ptII/ptolemy/actor/lib/test/Interpolator.tcl
5 ms. Memory: 129024K Free: 92616K (72%)
2 ms. Memory: 129024K Free: 92120K (71%)
7 ms. Memory: 129024K Free: 91600K (71%)
2 ms. Memory: 129024K Free: 91096K (71%)
4 ms. Memory: 129024K Free: 90072K (70%)
5 ms. Memory: 129024K Free: 89544K (69%)
3 ms. Memory: 129024K Free: 88520K (69%)
11 ms. Memory: 129024K Free: 87504K (68%)
2 ms. Memory: 129024K Free: 87000K (67%)
2 ms. Memory: 129024K Free: 85976K (67%)
/home/travis/build/icyphy/ptII/ptolemy/actor/lib/test/MathFunction.tcl
4 ms. Memory: 129024K Free: 83928K (65%)
2 ms. Memory: 129024K Free: 82904K (64%)
2 ms. Memory: 129024K Free: 81880K (63%)
6 ms. Memory: 129024K Free: 80856K (63%)
3 ms. Memory: 129024K Free: 79318K (61%)
7 ms. Memory: 129024K Free: 77784K (60%)
/home/travis/build/icyphy/ptII/ptolemy/actor/lib/test/Maximum.tcl
4 ms. Memory: 129024K Free: 75736K (59%)
7 ms. Memory: 129024K Free: 75222K (58%)
5 ms. Memory: 129024K Free: 74184K (57%)
4 ms. Memory: 129024K Free: 73688K (57%)
/home/travis/build/icyphy/ptII/ptolemy/actor/lib/test/Minimum.tcl
7 ms. Memory: 129024K Free: 72136K (56%)
4 ms. Memory: 129024K Free: 71126K (55%)
3 ms. Memory: 129024K Free: 70616K (55%)
4 ms. Memory: 129024K Free: 70072K (54%)
/home/travis/build/icyphy/ptII/ptolemy/actor/lib/test/MultiplyDivide.tcl
11 ms. Memory: 129024K Free: 68054K (53%)
8 ms. Memory: 129024K Free: 67544K (52%)
2 ms. Memory: 129024K Free: 66520K (52%)
6 ms. Memory: 129024K Free: 65992K (51%)
5 ms. Memory: 129024K Free: 64968K (50%)
/home/travis/build/icyphy/ptII/ptolemy/actor/lib/test/OrderedMerge.tcl
Connections changed on port: inputA
Connections changed on port: inputB
Connections changed on port: output
Connections changed on port: output
Connections changed on port: output
Connections changed on port: input
.top. Preinitializing ...
Invoking preinitialize():  .top.OrderedMerge
Called preinitialize()
Invoking preinitialize():  .top.Ramp
Called preinitialize()
Invoking preinitialize():  .top.Ramp2
Called preinitialize()
Invoking preinitialize():  .top.Test
Called preinitialize()
Connections changed on port: inputA
Connections changed on port: output
Connections changed on port: inputB
Connections changed on port: output
Connections changed on port: output
Connections changed on port: input
.top. Finished preinitialize().
Called initialize().
Invoking initialize():  .top.OrderedMerge
Initializing actor: .top.OrderedMerge
Adding a thread: .top.OrderedMerge
Invoking initialize():  .top.Ramp
Initializing actor: .top.Ramp
Adding a thread: .top.Ramp
Invoking initialize():  .top.Ramp2
Initializing actor: .top.Ramp2
Adding a thread: .top.Ramp2
Invoking initialize():  .top.Test
Initializing actor: .top.Test
Adding a thread: .top.Test
Called fire().
Checking for deadlock:
-- Starting thread.
Called initialize()
Called prefire()
Called fire()
-- Starting thread.
Called initialize()
There are 0 Blocked actors, 0 Stopped actors, and 4 active threads.
Waiting for actors to stop.
-- Starting thread.
Called initialize()
Called prefire()
Called prefire()
Called fire()
Called fire()
Called postfire()
Called prefire()
Called fire()
Called postfire()
Called prefire()
Called fire()
-- Starting thread.
Called initialize()
Called prefire()
Called fire()
Read input token from inputA with value 0.0
Next port to read input from is inputB
Called postfire()
Called prefire()
Called fire()
Read input token from inputB with value 0.0
Sent output token with value 0.0
Next port to read input from is inputA
Called postfire()
Called prefire()
Called fire()
Checking for deadlock:
There are 1 Blocked actors, 0 Stopped actors, and 4 active threads.
Waiting for actors to stop.
Called postfire()
Called prefire()
Called fire()
Called postfire()
Called prefire()
Called fire()
-- Read input: 0.0, which is expected to match: 0.0
Called prefire()
Called fire()
Checking for deadlock:
There are 3 Blocked actors, 0 Stopped actors, and 4 active threads.
Waiting for actors to stop.
Read input token from inputA with value 1.0
Sent output token with value 0.0
Next port to read input from is inputB
Called postfire()
Called prefire()
Called fire()
Read input token from inputB with value 1.5
Checking for deadlock:
There are 1 Blocked actors, 0 Stopped actors, and 4 active threads.
Waiting for actors to stop.
Called postfire()
Called prefire()
Called fire()
Called postfire()
Called prefire()
Called fire()
-- Read input: 0.0, which is expected to match: 0.0
Called prefire()
Called fire()
Checking for deadlock:
There are 3 Blocked actors, 0 Stopped actors, and 4 active threads.
Waiting for actors to stop.
-- Read input: 1.0, which is expected to match: 1.0
Called prefire()
Called fire()
Sent output token with value 1.0
Next port to read input from is inputA
Called postfire()
Called prefire()
Called fire()
Read input token from inputA with value 2.0
Sent output token with value 1.5
Next port to read input from is inputB
Called postfire()
Called prefire()
Called fire()
Read input token from inputB with value 3.0
Checking for deadlock:
There are 1 Blocked actors, 0 Stopped actors, and 4 active threads.
Waiting for actors to stop.
Called postfire()
Called prefire()
Called fire()
Called postfire()
Called prefire()
Called fire()
-- Read input: 1.5, which is expected to match: 1.5
Called prefire()
Called fire()
Checking for deadlock:
There are 3 Blocked actors, 0 Stopped actors, and 4 active threads.
Waiting for actors to stop.
-- Read input: 2.0, which is expected to match: 2.0
Called prefire()
Called fire()
Sent output token with value 2.0
Next port to read input from is inputA
Called postfire()
Called prefire()
Called fire()
Read input token from inputA with value 3.0
Sent output token with value 3.0
Next port to read input from is inputB
Called postfire()
Called prefire()
Called fire()
Read input token from inputB with value 4.5
Checking for deadlock:
There are 1 Blocked actors, 0 Stopped actors, and 4 active threads.
Waiting for actors to stop.
Called postfire()
Called prefire()
Called fire()
Called postfire()
Called prefire()
Called fire()
-- Read input: 3.0, which is expected to match: 3.0
Called prefire()
Called fire()
Checking for deadlock:
There are 3 Blocked actors, 0 Stopped actors, and 4 active threads.
Waiting for actors to stop.
-- Read input: 3.0, which is expected to match: 3.0
Called prefire()
Called fire()
Sent output token with value 3.0
Next port to read input from is inputA
Called postfire()
Called prefire()
Called fire()
Read input token from inputA with value 4.0
Sent output token with value 4.0
Next port to read input from is inputA
Called postfire()
Called prefire()
Called fire()
Checking for deadlock:
There are 2 Blocked actors, 0 Stopped actors, and 4 active threads.
Waiting for actors to stop.
Called postfire()
Called prefire()
Called fire()
-- Read input: 4.0, which is expected to match: 4.0
Called prefire()
Called fire()
Past the end of training data. Read and discard all inputs.
Checking for deadlock:
There are 3 Blocked actors, 0 Stopped actors, and 4 active threads.
Waiting for actors to stop.
Called postfire()
Called prefire()
Called fire()
Checking for deadlock:
There are 3 Blocked actors, 0 Stopped actors, and 4 active threads.
Waiting for actors to stop.
Read input token from inputA with value 5.0
Called prefire()
Called fire()
Past the end of training data. Read and discard all inputs.
Checking for deadlock:
There are 3 Blocked actors, 0 Stopped actors, and 4 active threads.
Waiting for actors to stop.
Sent output token with value 4.5
Next port to read input from is inputB
Called postfire()
Called prefire()
Called fire()
Called postfire()
Called prefire()
Called fire()
Checking for deadlock:
There are 3 Blocked actors, 0 Stopped actors, and 4 active threads.
Waiting for actors to stop.
Read input token from inputB with value 6.0
Called prefire()
Called fire()
Past the end of training data. Read and discard all inputs.
Checking for deadlock:
There are 3 Blocked actors, 0 Stopped actors, and 4 active threads.
Waiting for actors to stop.
Sent output token with value 5.0
Next port to read input from is inputA
Called postfire()
Called prefire()
Called fire()
Checking for deadlock:
There are 2 Blocked actors, 0 Stopped actors, and 4 active threads.
Waiting for actors to stop.
Called postfire()
Called prefire()
Called fire()
Checking for deadlock:
There are 3 Blocked actors, 0 Stopped actors, and 4 active threads.
Waiting for actors to stop.
Read input token from inputA with value 6.0
Checking for deadlock:
There are 2 Blocked actors, 0 Stopped actors, and 4 active threads.
Waiting for actors to stop.
Called prefire()
Called fire()
Past the end of training data. Read and discard all inputs.
Checking for deadlock:
There are 3 Blocked actors, 0 Stopped actors, and 4 active threads.
Waiting for actors to stop.
Sent output token with value 6.0
Next port to read input from is inputB
Called postfire()
Called prefire()
Called fire()
Called postfire()
Called prefire()
Called fire()
Checking for deadlock:
There are 3 Blocked actors, 0 Stopped actors, and 4 active threads.
Waiting for actors to stop.
Read input token from inputB with value 7.5
Called prefire()
Called fire()
Past the end of training data. Read and discard all inputs.
Checking for deadlock:
There are 3 Blocked actors, 0 Stopped actors, and 4 active threads.
Waiting for actors to stop.
Sent output token with value 6.0
Next port to read input from is inputA
Called postfire()
Called prefire()
Called fire()
Checking for deadlock:
There are 2 Blocked actors, 0 Stopped actors, and 4 active threads.
Waiting for actors to stop.
Called postfire()
Called prefire()
Called fire()
Checking for deadlock:
There are 3 Blocked actors, 0 Stopped actors, and 4 active threads.
Waiting for actors to stop.
Read input token from inputA with value 7.0
Checking for deadlock:
There are 2 Blocked actors, 0 Stopped actors, and 4 active threads.
Waiting for actors to stop.
Called prefire()
Called fire()
Past the end of training data. Read and discard all inputs.
Checking for deadlock:
There are 3 Blocked actors, 0 Stopped actors, and 4 active threads.
Waiting for actors to stop.
Sent output token with value 7.0
Next port to read input from is inputA
Called postfire()
Called prefire()
Called fire()
Checking for deadlock:
There are 2 Blocked actors, 0 Stopped actors, and 4 active threads.
Waiting for actors to stop.
-- Thread wrapup() called.
Called wrapup()
Thread .top.Ramp is exiting.
-- Thread stopped.
Checking for deadlock:
There are 2 Blocked actors, 0 Stopped actors, and 3 active threads.
Waiting for actors to stop.
Read input token from inputA with value 8.0
Called prefire()
Called fire()
Past the end of training data. Read and discard all inputs.
Checking for deadlock:
There are 2 Blocked actors, 0 Stopped actors, and 3 active threads.
Waiting for actors to stop.
Sent output token with value 7.5
Next port to read input from is inputB
Called postfire()
Called prefire()
Called fire()
Checking for deadlock:
There are 1 Blocked actors, 0 Stopped actors, and 3 active threads.
Waiting for actors to stop.
Called postfire()
Called prefire()
Called fire()
Checking for deadlock:
There are 2 Blocked actors, 0 Stopped actors, and 3 active threads.
Waiting for actors to stop.
Read input token from inputB with value 9.0
Checking for deadlock:
There are 1 Blocked actors, 0 Stopped actors, and 3 active threads.
Waiting for actors to stop.
Called prefire()
Called fire()
Past the end of training data. Read and discard all inputs.
Checking for deadlock:
There are 2 Blocked actors, 0 Stopped actors, and 3 active threads.
Waiting for actors to stop.
Sent output token with value 8.0
Next port to read input from is inputA
Called postfire()
Called prefire()
Called fire()
Read input token from inputA with value 9.0
Called prefire()
Called fire()
Past the end of training data. Read and discard all inputs.
Checking for deadlock:
There are 2 Blocked actors, 0 Stopped actors, and 3 active threads.
Waiting for actors to stop.
Sent output token with value 9.0
Next port to read input from is inputB
Called postfire()
Called prefire()
Called fire()
Called postfire()
Called prefire()
Called fire()
Checking for deadlock:
There are 2 Blocked actors, 0 Stopped actors, and 3 active threads.
Waiting for actors to stop.
Read input token from inputB with value 10.5
Called prefire()
Called fire()
Past the end of training data. Read and discard all inputs.
Checking for deadlock:
There are 2 Blocked actors, 0 Stopped actors, and 3 active threads.
Waiting for actors to stop.
Sent output token with value 9.0
Next port to read input from is inputA
Called postfire()
Called prefire()
Called fire()
Checking for deadlock:
There are 3 Blocked actors, 0 Stopped actors, and 3 active threads.
Actors have stopped.
Checking for deadlock:
There are 3 Blocked actors, 0 Stopped actors, and 3 active threads.
Deadlock detected.
Resolving Deadlock
Checking for deadlock:
There are 3 Blocked actors, 0 Stopped actors, and 3 active threads.
Artificial Deadlock - increasing queue capacity.
increasing the capacity of receiver ptolemy.actor.TypedIOPort {.top.OrderedMerge.inputB} to 2
Director: Called postfire().
Called postfire().
_stopRequested = false
_stopFireRequested = false
Returning from postfire(): true
Called fire().
Checking for deadlock:
There are 2 Blocked actors, 0 Stopped actors, and 3 active threads.
Waiting for actors to stop.
-- Thread wrapup() called.
Called wrapup()
Thread .top.Ramp2 is exiting.
-- Thread stopped.
Checking for deadlock:
There are 2 Blocked actors, 0 Stopped actors, and 2 active threads.
Actors have stopped.
Checking for deadlock:
There are 2 Blocked actors, 0 Stopped actors, and 2 active threads.
Deadlock detected.
Resolving Deadlock
Checking for deadlock:
There are 2 Blocked actors, 0 Stopped actors, and 2 active threads.
Deadlock detected: no processes blocked on write, but some are blocked on read.
Called postfire().
_stopRequested = false
_stopFireRequested = false
Returning from postfire(): false
Finished deactivating branches.
Called wrapup().
-- Thread wrapup() called.
Called wrapup()
Thread .top.Test is exiting.
-- Thread stopped.
-- Blocked Receiver call threw TerminateProcessException.
-- Thread wrapup() called.
Called wrapup()
Thread .top.OrderedMerge is exiting.
-- Thread stopped.
-- Blocked Receiver call threw TerminateProcessException.
58 ms. Memory: 129024K Free: 60376K (47%)
.top. Preinitializing ...
Invoking preinitialize():  .top.OrderedMerge
Called preinitialize()
Invoking preinitialize():  .top.Ramp
Called preinitialize()
Invoking preinitialize():  .top.Ramp2
Called preinitialize()
Invoking preinitialize():  .top.Test
Called preinitialize()
.top. Finished preinitialize().
Called initialize().
Invoking initialize():  .top.OrderedMerge
Initializing actor: .top.OrderedMerge
Adding a thread: .top.OrderedMerge
Invoking initialize():  .top.Ramp
Initializing actor: .top.Ramp
Adding a thread: .top.Ramp
Invoking initialize():  .top.Ramp2
Initializing actor: .top.Ramp2
Adding a thread: .top.Ramp2
Invoking initialize():  .top.Test
Initializing actor: .top.Test
Adding a thread: .top.Test
-- Starting thread.
Called initialize()
Called prefire()
Called fire()
-- Starting thread.
Called initialize()
Called prefire()
Called fire()
Called postfire()
Called prefire()
Called fire()
-- Starting thread.
Called initialize()
Called prefire()
Called fire()
Called postfire()
Called prefire()
Called fire()
Called fire().
Checking for deadlock:
There are 3 Blocked actors, 0 Stopped actors, and 4 active threads.
Waiting for actors to stop.
-- Starting thread.
Called initialize()
Called prefire()
Called fire()
Checking for deadlock:
There are 2 Blocked actors, 0 Stopped actors, and 4 active threads.
Waiting for actors to stop.
Called postfire()
Called prefire()
Called fire()
Checking for deadlock:
There are 3 Blocked actors, 0 Stopped actors, and 4 active threads.
Waiting for actors to stop.
Read input token from inputA with value 0.0
Next port to read input from is inputB
Called postfire()
Called prefire()
Called fire()
Called postfire()
Called prefire()
Called fire()
Checking for deadlock:
There are 3 Blocked actors, 0 Stopped actors, and 4 active threads.
Waiting for actors to stop.
Read input token from inputB with value 0.0
Checking for deadlock:
There are 2 Blocked actors, 0 Stopped actors, and 4 active threads.
Waiting for actors to stop.
-- Read input: 0.0, which is expected to match: 0.0
Called prefire()
Called fire()
Checking for deadlock:
There are 3 Blocked actors, 0 Stopped actors, and 4 active threads.
Waiting for actors to stop.
Sent output token with value 0.0
Next port to read input from is inputA
Called postfire()
Called prefire()
Called fire()
Checking for deadlock:
There are 2 Blocked actors, 0 Stopped actors, and 4 active threads.
Waiting for actors to stop.
Called postfire()
Called prefire()
Called fire()
Checking for deadlock:
There are 3 Blocked actors, 0 Stopped actors, and 4 active threads.
Waiting for actors to stop.
Read input token from inputA with value 1.0
Checking for deadlock:
There are 2 Blocked actors, 0 Stopped actors, and 4 active threads.
Waiting for actors to stop.
-- Read input: 0.0, which is expected to match: 0.0
Called prefire()
Called fire()
Checking for deadlock:
There are 3 Blocked actors, 0 Stopped actors, and 4 active threads.
Waiting for actors to stop.
Sent output token with value 0.0
Next port to read input from is inputB
Called postfire()
Called prefire()
Called fire()
Called postfire()
Called prefire()
Called fire()
Checking for deadlock:
There are 3 Blocked actors, 0 Stopped actors, and 4 active threads.
Waiting for actors to stop.
Read input token from inputB with value 1.5
-- Read input: 1.0, which is expected to match: 1.0
Called prefire()
Called fire()
Checking for deadlock:
There are 3 Blocked actors, 0 Stopped actors, and 4 active threads.
Waiting for actors to stop.
Sent output token with value 1.0
Next port to read input from is inputA
Called postfire()
Called prefire()
Called fire()
Checking for deadlock:
There are 2 Blocked actors, 0 Stopped actors, and 4 active threads.
Waiting for actors to stop.
Called postfire()
Called prefire()
Called fire()
Checking for deadlock:
There are 3 Blocked actors, 0 Stopped actors, and 4 active threads.
Waiting for actors to stop.
Read input token from inputA with value 2.0
Checking for deadlock:
There are 2 Blocked actors, 0 Stopped actors, and 4 active threads.
Waiting for actors to stop.
-- Read input: 1.5, which is expected to match: 1.5
Called prefire()
Called fire()
Checking for deadlock:
There are 3 Blocked actors, 0 Stopped actors, and 4 active threads.
Waiting for actors to stop.
Sent output token with value 1.5
Next port to read input from is inputB
Called postfire()
Called prefire()
Called fire()
Checking for deadlock:
There are 2 Blocked actors, 0 Stopped actors, and 4 active threads.
Waiting for actors to stop.
Called postfire()
Called prefire()
Called fire()
Checking for deadlock:
There are 3 Blocked actors, 0 Stopped actors, and 4 active threads.
Waiting for actors to stop.
Read input token from inputB with value 3.0
Checking for deadlock:
There are 2 Blocked actors, 0 Stopped actors, and 4 active threads.
Waiting for actors to stop.
-- Read input: 2.0, which is expected to match: 2.0
Called prefire()
Called fire()
Checking for deadlock:
There are 3 Blocked actors, 0 Stopped actors, and 4 active threads.
Waiting for actors to stop.
Sent output token with value 2.0
Next port to read input from is inputA
Called postfire()
Called prefire()
Called fire()
Checking for deadlock:
There are 2 Blocked actors, 0 Stopped actors, and 4 active threads.
Waiting for actors to stop.
Called postfire()
Called prefire()
Called fire()
Checking for deadlock:
There are 3 Blocked actors, 0 Stopped actors, and 4 active threads.
Waiting for actors to stop.
Read input token from inputA with value 3.0
Checking for deadlock:
There are 2 Blocked actors, 0 Stopped actors, and 4 active threads.
Waiting for actors to stop.
-- Read input: 3.0, which is expected to match: 3.0
Called prefire()
Called fire()
Checking for deadlock:
There are 3 Blocked actors, 0 Stopped actors, and 4 active threads.
Waiting for actors to stop.
Sent output token with value 3.0
Next port to read input from is inputB
Called postfire()
Called prefire()
Called fire()
Called postfire()
Called prefire()
Called fire()
Checking for deadlock:
There are 3 Blocked actors, 0 Stopped actors, and 4 active threads.
Waiting for actors to stop.
Read input token from inputB with value 4.5
-- Read input: 3.0, which is expected to match: 3.0
Called prefire()
Called fire()
Checking for deadlock:
There are 3 Blocked actors, 0 Stopped actors, and 4 active threads.
Waiting for actors to stop.
Sent output token with value 3.0
Next port to read input from is inputA
Called postfire()
Called prefire()
Called fire()
Checking for deadlock:
There are 2 Blocked actors, 0 Stopped actors, and 4 active threads.
Waiting for actors to stop.
Called postfire()
Called prefire()
Called fire()
Checking for deadlock:
There are 3 Blocked actors, 0 Stopped actors, and 4 active threads.
Waiting for actors to stop.
Read input token from inputA with value 4.0
Checking for deadlock:
There are 2 Blocked actors, 0 Stopped actors, and 4 active threads.
Waiting for actors to stop.
-- Read input: 4.0, which is expected to match: 4.0
Called prefire()
Called fire()
Past the end of training data. Read and discard all inputs.
Checking for deadlock:
There are 3 Blocked actors, 0 Stopped actors, and 4 active threads.
Waiting for actors to stop.
Sent output token with value 4.0
Next port to read input from is inputA
Called postfire()
Called prefire()
Called fire()
Checking for deadlock:
There are 2 Blocked actors, 0 Stopped actors, and 4 active threads.
Waiting for actors to stop.
Called postfire()
Called prefire()
Called fire()
Checking for deadlock:
There are 3 Blocked actors, 0 Stopped actors, and 4 active threads.
Waiting for actors to stop.
Read input token from inputA with value 5.0
Checking for deadlock:
There are 2 Blocked actors, 0 Stopped actors, and 4 active threads.
Waiting for actors to stop.
Called prefire()
Called fire()
Past the end of training data. Read and discard all inputs.
Checking for deadlock:
There are 3 Blocked actors, 0 Stopped actors, and 4 active threads.
Waiting for actors to stop.
Sent output token with value 4.5
Next port to read input from is inputB
Called postfire()
Called prefire()
Called fire()
Called postfire()
Called prefire()
Called fire()
Checking for deadlock:
There are 3 Blocked actors, 0 Stopped actors, and 4 active threads.
Waiting for actors to stop.
Read input token from inputB with value 6.0
Called prefire()
Called fire()
Past the end of training data. Read and discard all inputs.
Checking for deadlock:
There are 3 Blocked actors, 0 Stopped actors, and 4 active threads.
Waiting for actors to stop.
Sent output token with value 5.0
Next port to read input from is inputA
Called postfire()
Called prefire()
Called fire()
Checking for deadlock:
There are 2 Blocked actors, 0 Stopped actors, and 4 active threads.
Waiting for actors to stop.
Called postfire()
Called prefire()
Called fire()
Checking for deadlock:
There are 3 Blocked actors, 0 Stopped actors, and 4 active threads.
Waiting for actors to stop.
Read input token from inputA with value 6.0
Checking for deadlock:
There are 2 Blocked actors, 0 Stopped actors, and 4 active threads.
Waiting for actors to stop.
Called prefire()
Called fire()
Past the end of training data. Read and discard all inputs.
Checking for deadlock:
There are 3 Blocked actors, 0 Stopped actors, and 4 active threads.
Waiting for actors to stop.
Sent output token with value 6.0
Next port to read input from is inputB
Called postfire()
Called prefire()
Called fire()
Checking for deadlock:
There are 2 Blocked actors, 0 Stopped actors, and 4 active threads.
Waiting for actors to stop.
Called postfire()
Called prefire()
Called fire()
Checking for deadlock:
There are 3 Blocked actors, 0 Stopped actors, and 4 active threads.
Waiting for actors to stop.
Read input token from inputB with value 7.5
Checking for deadlock:
There are 2 Blocked actors, 0 Stopped actors, and 4 active threads.
Waiting for actors to stop.
Called prefire()
Called fire()
Past the end of training data. Read and discard all inputs.
Checking for deadlock:
There are 3 Blocked actors, 0 Stopped actors, and 4 active threads.
Waiting for actors to stop.
Sent output token with value 6.0
Next port to read input from is inputA
Called postfire()
Called prefire()
Called fire()
Called postfire()
Called prefire()
Called fire()
Checking for deadlock:
There are 3 Blocked actors, 0 Stopped actors, and 4 active threads.
Waiting for actors to stop.
Read input token from inputA with value 7.0
Called prefire()
Called fire()
Past the end of training data. Read and discard all inputs.
Checking for deadlock:
There are 3 Blocked actors, 0 Stopped actors, and 4 active threads.
Waiting for actors to stop.
Sent output token with value 7.0
Next port to read input from is inputA
Called postfire()
Called prefire()
Called fire()
-- Thread wrapup() called.
Called wrapup()
Thread .top.Ramp is exiting.
-- Thread stopped.
Checking for deadlock:
There are 2 Blocked actors, 0 Stopped actors, and 3 active threads.
Waiting for actors to stop.
Read input token from inputA with value 8.0
Checking for deadlock:
There are 1 Blocked actors, 0 Stopped actors, and 3 active threads.
Waiting for actors to stop.
Called prefire()
Called fire()
Past the end of training data. Read and discard all inputs.
Checking for deadlock:
There are 2 Blocked actors, 0 Stopped actors, and 3 active threads.
Waiting for actors to stop.
Sent output token with value 7.5
Next port to read input from is inputB
Called postfire()
Called prefire()
Called fire()
Checking for deadlock:
There are 1 Blocked actors, 0 Stopped actors, and 3 active threads.
Waiting for actors to stop.
Called postfire()
Called prefire()
Called fire()
Checking for deadlock:
There are 2 Blocked actors, 0 Stopped actors, and 3 active threads.
Waiting for actors to stop.
Read input token from inputB with value 9.0
Checking for deadlock:
There are 1 Blocked actors, 0 Stopped actors, and 3 active threads.
Waiting for actors to stop.
Called prefire()
Called fire()
Past the end of training data. Read and discard all inputs.
Checking for deadlock:
There are 2 Blocked actors, 0 Stopped actors, and 3 active threads.
Waiting for actors to stop.
Sent output token with value 8.0
Next port to read input from is inputA
Called postfire()
Called prefire()
Called fire()
Read input token from inputA with value 9.0
Called prefire()
Called fire()
Past the end of training data. Read and discard all inputs.
Checking for deadlock:
There are 2 Blocked actors, 0 Stopped actors, and 3 active threads.
Waiting for actors to stop.
Sent output token with value 9.0
Next port to read input from is inputB
Called postfire()
Called prefire()
Called fire()
Called postfire()
Called prefire()
Called fire()
Checking for deadlock:
There are 2 Blocked actors, 0 Stopped actors, and 3 active threads.
Waiting for actors to stop.
Read input token from inputB with value 10.5
Called prefire()
Called fire()
Past the end of training data. Read and discard all inputs.
Checking for deadlock:
There are 2 Blocked actors, 0 Stopped actors, and 3 active threads.
Waiting for actors to stop.
Sent output token with value 9.0
Next port to read input from is inputA
Called postfire()
Called prefire()
Called fire()
Checking for deadlock:
There are 3 Blocked actors, 0 Stopped actors, and 3 active threads.
Actors have stopped.
Checking for deadlock:
There are 3 Blocked actors, 0 Stopped actors, and 3 active threads.
Deadlock detected.
Resolving Deadlock
Checking for deadlock:
There are 3 Blocked actors, 0 Stopped actors, and 3 active threads.
Artificial Deadlock - increasing queue capacity.
increasing the capacity of receiver ptolemy.actor.TypedIOPort {.top.OrderedMerge.inputB} to 2
Director: Called postfire().
Called postfire().
_stopRequested = false
_stopFireRequested = false
Returning from postfire(): true
Called fire().
Checking for deadlock:
There are 2 Blocked actors, 0 Stopped actors, and 3 active threads.
Waiting for actors to stop.
-- Thread wrapup() called.
Called wrapup()
Thread .top.Ramp2 is exiting.
-- Thread stopped.
Checking for deadlock:
There are 2 Blocked actors, 0 Stopped actors, and 2 active threads.
Actors have stopped.
Checking for deadlock:
There are 2 Blocked actors, 0 Stopped actors, and 2 active threads.
Deadlock detected.
Resolving Deadlock
Checking for deadlock:
There are 2 Blocked actors, 0 Stopped actors, and 2 active threads.
Deadlock detected: no processes blocked on write, but some are blocked on read.
Called postfire().
_stopRequested = false
_stopFireRequested = false
Returning from postfire(): false
Finished deactivating branches.
Called wrapup().
-- Thread wrapup() called.
Called wrapup()
-- Thread wrapup() called.
Called wrapup()
Thread .top.Test is exiting.
-- Thread stopped.
-- Blocked Receiver call threw TerminateProcessException.
Thread .top.OrderedMerge is exiting.
-- Thread stopped.
-- Blocked Receiver call threw TerminateProcessException.
31 ms. Memory: 129024K Free: 57814K (45%)
/home/travis/build/icyphy/ptII/ptolemy/actor/lib/test/Publisher.tcl
10 ms. Memory: 129024K Free: 110914K (86%)
6 ms. Memory: 129024K Free: 105284K (82%)
4 ms. Memory: 129024K Free: 101668K (79%)
3 ms. Memory: 129024K Free: 100674K (78%)
2 ms. Memory: 129024K Free: 99620K (77%)
3 ms. Memory: 129024K Free: 99140K (77%)
2 ms. Memory: 129024K Free: 98116K (76%)
3 ms. Memory: 129024K Free: 97588K (76%)
23 ms. Memory: 157696K Free: 131310K (83%)
5 ms. Memory: 157696K Free: 127208K (81%)
2 ms. Memory: 157696K Free: 126704K (80%)
4 ms. Memory: 157696K Free: 124128K (79%)
14 ms. Memory: 157696K Free: 116464K (74%)
8 ms. Memory: 157696K Free: 107248K (68%)
5 ms. Memory: 157696K Free: 96494K (61%)
/home/travis/build/icyphy/ptII/ptolemy/actor/lib/test/Pulse.tcl
2 ms. Memory: 157696K Free: 120624K (76%)
1 ms. Memory: 157696K Free: 120096K (76%)
2 ms. Memory: 157696K Free: 119600K (76%)
1 ms. Memory: 157696K Free: 119080K (76%)
1 ms. Memory: 157696K Free: 118576K (75%)
6 ms. Memory: 157696K Free: 117038K (74%)
2 ms. Memory: 157696K Free: 116528K (74%)
2 ms. Memory: 157696K Free: 115504K (73%)
1 ms. Memory: 157696K Free: 114990K (73%)
/home/travis/build/icyphy/ptII/ptolemy/actor/lib/test/Ramp.tcl
3 ms. Memory: 157696K Free: 112936K (72%)
1 ms. Memory: 157696K Free: 112432K (71%)
2 ms. Memory: 157696K Free: 111408K (71%)
1 ms. Memory: 157696K Free: 110894K (70%)
3 ms. Memory: 157696K Free: 109870K (70%)
4 ms. Memory: 157696K Free: 108846K (69%)
4 ms. Memory: 157696K Free: 108336K (69%)
5 actors
4000 microseconds per iteration to create
4 ms. Memory: 157696K Free: 105264K (67%)
1 ms. Memory: 157696K Free: 104736K (66%)
2 ms. Memory: 157696K Free: 104240K (66%)
1 ms. Memory: 157696K Free: 103712K (66%)
50 actors
28000 microseconds per iteration to create
24 ms. Memory: 157696K Free: 87856K (56%)
5 ms. Memory: 157696K Free: 86832K (55%)
13 ms. Memory: 157696K Free: 85808K (54%)
7 ms. Memory: 157696K Free: 84784K (54%)
500 actors
1412000 microseconds per iteration to create
224 ms. Memory: 189440K Free: 156287K (82%)
47 ms. Memory: 189440K Free: 150653K (80%)
44 ms. Memory: 189440K Free: 145533K (77%)
40 ms. Memory: 189440K Free: 139903K (74%)
/home/travis/build/icyphy/ptII/ptolemy/actor/lib/test/RampContinuous.tcl
8 ms. Memory: 189440K Free: 138879K (73%)
/home/travis/build/icyphy/ptII/ptolemy/actor/lib/test/RecordAssembler.tcl
6 ms. Memory: 189440K Free: 137326K (72%)
4 ms. Memory: 189440K Free: 136302K (72%)
/home/travis/build/icyphy/ptII/ptolemy/actor/lib/test/RecordDisassembler.tcl
7 ms. Memory: 189440K Free: 134269K (71%)
3 ms. Memory: 189440K Free: 133759K (71%)
4 ms. Memory: 189440K Free: 132190K (70%)
/home/travis/build/icyphy/ptII/ptolemy/actor/lib/test/Scale.tcl
2 ms. Memory: 189440K Free: 130687K (69%)
1 ms. Memory: 189440K Free: 129663K (68%)
2 ms. Memory: 189440K Free: 129118K (68%)
2 ms. Memory: 189440K Free: 128125K (68%)
3 ms. Memory: 189440K Free: 127615K (67%)
/home/travis/build/icyphy/ptII/ptolemy/actor/lib/test/SequentialClock.tcl
preinitializing
resolving types
initializing
executing number 1
wrapping up
idle
2 ms. Memory: 189440K Free: 126070K (67%)
Completed execution with 5 iterations
preinitializing
resolving types
initializing
executing number 1
wrapping up
idle
1 ms. Memory: 189440K Free: 125567K (66%)
Completed execution with 5 iterations
preinitializing
resolving types
initializing
executing number 1
wrapping up
idle
1 ms. Memory: 189440K Free: 124912K (66%)
Completed execution with 5 iterations
/home/travis/build/icyphy/ptII/ptolemy/actor/lib/test/SetVariable.tcl
4 ms. Memory: 189440K Free: 123005K (65%)
/home/travis/build/icyphy/ptII/ptolemy/actor/lib/test/Sinewave.tcl
/home/travis/build/icyphy/ptII/ptolemy/actor/lib/test/SubscriptionAggregator.tcl
4 ms. Memory: 189440K Free: 111741K (59%)
2 ms. Memory: 189440K Free: 111231K (59%)
0 ms. Memory: 189440K Free: 110702K (58%)
1 ms. Memory: 189440K Free: 110207K (58%)
1 ms. Memory: 189440K Free: 106621K (56%)
8 ms. Memory: 189440K Free: 104573K (55%)
...............................................................862 ms. Memory: 301056K Free: 215542K (72%)
/home/travis/build/icyphy/ptII/ptolemy/actor/lib/test/Test.tcl
 The next command will produce a warning about training mode,
   which may be ignored.
9 ms. Memory: 301056K Free: 213503K (71%)
9 ms. Memory: 301056K Free: 213007K (71%)
1 ms. Memory: 301056K Free: 211983K (70%)
1 ms. Memory: 301056K Free: 211439K (70%)
2 ms. Memory: 301056K Free: 210959K (70%)
2 ms. Memory: 301056K Free: 209935K (70%)
2 ms. Memory: 301056K Free: 208383K (69%)
 The next command will produce a warning about training mode,
   which may be ignored.
3 ms. Memory: 301056K Free: 205839K (68%)
 The next command will produce a warning about training mode,
   which may be ignored.
2 ms. Memory: 301056K Free: 204815K (68%)
1 ms. Memory: 301056K Free: 204287K (68%)
1 ms. Memory: 301056K Free: 203791K (68%)
3 ms. Memory: 301056K Free: 203263K (68%)
5 ms. Memory: 301056K Free: 202253K (67%)
4 ms. Memory: 301056K Free: 198671K (66%)
/home/travis/build/icyphy/ptII/ptolemy/actor/lib/test/TestExceptionHandler.tcl
 The next command will produce a warning about training mode,
   which may be ignored.
3 ms. Memory: 301056K Free: 197119K (65%)
1 ms. Memory: 301056K Free: 196623K (65%)
1 ms. Memory: 301056K Free: 196109K (65%)
/home/travis/build/icyphy/ptII/ptolemy/actor/lib/test/UnionDisassembler.tcl
26 ms. Memory: 301056K Free: 188941K (63%)
/home/travis/build/icyphy/ptII/ptolemy/actor/lib/test/VariableClock.tcl
preinitializing
resolving types
initializing
executing number 1
wrapping up
idle
8 ms. Memory: 301056K Free: 186879K (62%)
Completed execution with 11 iterations
preinitializing
resolving types
initializing
executing number 1
wrapping up
idle
7 ms. Memory: 301056K Free: 185359K (62%)
Completed execution with 10 iterations
06/06/22 02:11:41
Failed: 0  Total Tests: 233  ((Passed: 233, Newly Passed: 0)  Known Failed: 0) /home/travis/build/icyphy/ptII/ptolemy/actor/lib/test
----------------- testing (KnownFailure) /home/travis/build/icyphy/ptII/ptolemy/actor/lib/test/auto/knownFailedTests/PublisherPortToplevelSubscriber.xml
0 ms. Memory: 301056K Free: 182287K (61%)
Known Failure: java.lang.reflect.InvocationTargetException
----------------- testing (KnownFailure) /home/travis/build/icyphy/ptII/ptolemy/actor/lib/test/auto/knownFailedTests/PublisherSubscriberPortToplevel.xml
1 ms. Memory: 301056K Free: 178701K (59%)
Known Failure: java.lang.reflect.InvocationTargetException
----------------- testing (KnownFailure) /home/travis/build/icyphy/ptII/ptolemy/actor/lib/test/auto/knownFailedTests/PublisherSubscriptionAggregatorPort.xml
0 ms. Memory: 301056K Free: 174605K (58%)
Known Failure: java.lang.reflect.InvocationTargetException
----------------- testing (KnownFailure) /home/travis/build/icyphy/ptII/ptolemy/actor/lib/test/auto/knownFailedTests/sizedarray3.xml
11 ms. Memory: 301056K Free: 170509K (57%)
Known Failure: java.lang.reflect.InvocationTargetException
No auto/linux-amd64/*.xml tests in /home/travis/build/icyphy/ptII/ptolemy/actor/lib/test
AutoTests.java: About to close Vertx.
AutoTests.java: Vertx closed.

===========================================================================================
----------------- testing Mon Jun 06 02:11:41 UTC 2022 /home/travis/build/icyphy/ptII/ptolemy/actor/lib/test/auto/AbsoluteValue.xml
----------------- Instantiating /home/travis/build/icyphy/ptII/ptolemy/actor/lib/test/auto/AbsoluteValue.xml
4 ms. Memory: 301056K Free: 146957K (49%)
----------------- Invoking toplevel() on ptolemy.moml.MoMLSimpleApplication@31b4a7c1
----------------- Done invoking toplevel() on ptolemy.moml.MoMLSimpleApplication@31b4a7c1
reloadAllAccessors: .AbsoluteValue

===========================================================================================
----------------- testing Mon Jun 06 02:11:41 UTC 2022 /home/travis/build/icyphy/ptII/ptolemy/actor/lib/test/auto/AbsoluteValue2.xml
----------------- Instantiating /home/travis/build/icyphy/ptII/ptolemy/actor/lib/test/auto/AbsoluteValue2.xml
5 ms. Memory: 301056K Free: 139789K (46%)
----------------- Invoking toplevel() on ptolemy.moml.MoMLSimpleApplication@2485b5e2
----------------- Done invoking toplevel() on ptolemy.moml.MoMLSimpleApplication@2485b5e2
reloadAllAccessors: .AbsoluteValue2

===========================================================================================
----------------- testing Mon Jun 06 02:11:42 UTC 2022 /home/travis/build/icyphy/ptII/ptolemy/actor/lib/test/auto/Accumulator.xml
----------------- Instantiating /home/travis/build/icyphy/ptII/ptolemy/actor/lib/test/auto/Accumulator.xml
5 ms. Memory: 301056K Free: 133645K (44%)
----------------- Invoking toplevel() on ptolemy.moml.MoMLSimpleApplication@1c6c00a4
----------------- Done invoking toplevel() on ptolemy.moml.MoMLSimpleApplication@1c6c00a4
reloadAllAccessors: .Accumulator

===========================================================================================
----------------- testing Mon Jun 06 02:11:42 UTC 2022 /home/travis/build/icyphy/ptII/ptolemy/actor/lib/test/auto/Accumulator2.xml
----------------- Instantiating /home/travis/build/icyphy/ptII/ptolemy/actor/lib/test/auto/Accumulator2.xml
3 ms. Memory: 301056K Free: 128525K (43%)
----------------- Invoking toplevel() on ptolemy.moml.MoMLSimpleApplication@5f92991
----------------- Done invoking toplevel() on ptolemy.moml.MoMLSimpleApplication@5f92991
reloadAllAccessors: .Accumulator2

===========================================================================================
----------------- testing Mon Jun 06 02:11:42 UTC 2022 /home/travis/build/icyphy/ptII/ptolemy/actor/lib/test/auto/Accumulator3.xml
----------------- Instantiating /home/travis/build/icyphy/ptII/ptolemy/actor/lib/test/auto/Accumulator3.xml
2 ms. Memory: 301056K Free: 123919K (41%)
----------------- Invoking toplevel() on ptolemy.moml.MoMLSimpleApplication@78b5e2fb
----------------- Done invoking toplevel() on ptolemy.moml.MoMLSimpleApplication@78b5e2fb
reloadAllAccessors: .Accumulator3

===========================================================================================
----------------- testing Mon Jun 06 02:11:42 UTC 2022 /home/travis/build/icyphy/ptII/ptolemy/actor/lib/test/auto/ArrayAppend.xml
----------------- Instantiating /home/travis/build/icyphy/ptII/ptolemy/actor/lib/test/auto/ArrayAppend.xml
4 ms. Memory: 301056K Free: 117775K (39%)
----------------- Invoking toplevel() on ptolemy.moml.MoMLSimpleApplication@73c0bcde
----------------- Done invoking toplevel() on ptolemy.moml.MoMLSimpleApplication@73c0bcde
reloadAllAccessors: .ArrayAppend

===========================================================================================
----------------- testing Mon Jun 06 02:11:42 UTC 2022 /home/travis/build/icyphy/ptII/ptolemy/actor/lib/test/auto/ArrayAppend2.xml
----------------- Instantiating /home/travis/build/icyphy/ptII/ptolemy/actor/lib/test/auto/ArrayAppend2.xml
450 ms. Memory: 301056K Free: 188901K (63%)
----------------- Invoking toplevel() on ptolemy.moml.MoMLSimpleApplication@71a2101c
----------------- Done invoking toplevel() on ptolemy.moml.MoMLSimpleApplication@71a2101c
reloadAllAccessors: .ArrayAppend2

===========================================================================================
----------------- testing Mon Jun 06 02:11:42 UTC 2022 /home/travis/build/icyphy/ptII/ptolemy/actor/lib/test/auto/ArrayAppend3.xml
----------------- Instantiating /home/travis/build/icyphy/ptII/ptolemy/actor/lib/test/auto/ArrayAppend3.xml
3 ms. Memory: 301056K Free: 183179K (61%)
----------------- Invoking toplevel() on ptolemy.moml.MoMLSimpleApplication@6a882c5b
----------------- Done invoking toplevel() on ptolemy.moml.MoMLSimpleApplication@6a882c5b
reloadAllAccessors: .ArrayAppend3

===========================================================================================
----------------- testing Mon Jun 06 02:11:42 UTC 2022 /home/travis/build/icyphy/ptII/ptolemy/actor/lib/test/auto/ArrayAppend4.xml
----------------- Instantiating /home/travis/build/icyphy/ptII/ptolemy/actor/lib/test/auto/ArrayAppend4.xml
1 ms. Memory: 301056K Free: 177545K (59%)
----------------- Invoking toplevel() on ptolemy.moml.MoMLSimpleApplication@5ecc8d47
----------------- Done invoking toplevel() on ptolemy.moml.MoMLSimpleApplication@5ecc8d47
reloadAllAccessors: .ArrayAppend4

===========================================================================================
----------------- testing Mon Jun 06 02:11:42 UTC 2022 /home/travis/build/icyphy/ptII/ptolemy/actor/lib/test/auto/ArrayAppend5.xml
----------------- Instantiating /home/travis/build/icyphy/ptII/ptolemy/actor/lib/test/auto/ArrayAppend5.xml
2 ms. Memory: 301056K Free: 171915K (57%)
----------------- Invoking toplevel() on ptolemy.moml.MoMLSimpleApplication@255e51a4
----------------- Done invoking toplevel() on ptolemy.moml.MoMLSimpleApplication@255e51a4
reloadAllAccessors: .ArrayAppend5

===========================================================================================
----------------- testing Mon Jun 06 02:11:42 UTC 2022 /home/travis/build/icyphy/ptII/ptolemy/actor/lib/test/auto/ArrayAppend6.xml
----------------- Instantiating /home/travis/build/icyphy/ptII/ptolemy/actor/lib/test/auto/ArrayAppend6.xml
2 ms. Memory: 301056K Free: 166795K (55%)
----------------- Invoking toplevel() on ptolemy.moml.MoMLSimpleApplication@2f4587b2
----------------- Done invoking toplevel() on ptolemy.moml.MoMLSimpleApplication@2f4587b2
reloadAllAccessors: .ArrayAppend6

===========================================================================================
----------------- testing Mon Jun 06 02:11:42 UTC 2022 /home/travis/build/icyphy/ptII/ptolemy/actor/lib/test/auto/ArrayAppendPerformanceTest.xml
----------------- Instantiating /home/travis/build/icyphy/ptII/ptolemy/actor/lib/test/auto/ArrayAppendPerformanceTest.xml
26 ms. Memory: 301056K Free: 155531K (52%)
----------------- Invoking toplevel() on ptolemy.moml.MoMLSimpleApplication@4bee2c0e
----------------- Done invoking toplevel() on ptolemy.moml.MoMLSimpleApplication@4bee2c0e
reloadAllAccessors: .ArrayAppendPerformanceTest

===========================================================================================
----------------- testing Mon Jun 06 02:11:42 UTC 2022 /home/travis/build/icyphy/ptII/ptolemy/actor/lib/test/auto/ArrayAppendWithEmptyInput.xml
----------------- Instantiating /home/travis/build/icyphy/ptII/ptolemy/actor/lib/test/auto/ArrayAppendWithEmptyInput.xml
9 ms. Memory: 301056K Free: 147339K (49%)
----------------- Invoking toplevel() on ptolemy.moml.MoMLSimpleApplication@4d59eb55
----------------- Done invoking toplevel() on ptolemy.moml.MoMLSimpleApplication@4d59eb55
reloadAllAccessors: .ArrayAppendWithEmptyInput

===========================================================================================
----------------- testing Mon Jun 06 02:11:42 UTC 2022 /home/travis/build/icyphy/ptII/ptolemy/actor/lib/test/auto/ArrayAverage.xml
----------------- Instantiating /home/travis/build/icyphy/ptII/ptolemy/actor/lib/test/auto/ArrayAverage.xml
10 ms. Memory: 301056K Free: 139657K (46%)
----------------- Invoking toplevel() on ptolemy.moml.MoMLSimpleApplication@45983cd1
----------------- Done invoking toplevel() on ptolemy.moml.MoMLSimpleApplication@45983cd1
reloadAllAccessors: .ArrayAverage

===========================================================================================
----------------- testing Mon Jun 06 02:11:42 UTC 2022 /home/travis/build/icyphy/ptII/ptolemy/actor/lib/test/auto/ArrayContains.xml
----------------- Instantiating /home/travis/build/icyphy/ptII/ptolemy/actor/lib/test/auto/ArrayContains.xml
10 ms. Memory: 301056K Free: 133513K (44%)
----------------- Invoking toplevel() on ptolemy.moml.MoMLSimpleApplication@407cde80
----------------- Done invoking toplevel() on ptolemy.moml.MoMLSimpleApplication@407cde80
reloadAllAccessors: .ArrayContains

===========================================================================================
----------------- testing Mon Jun 06 02:11:43 UTC 2022 /home/travis/build/icyphy/ptII/ptolemy/actor/lib/test/auto/ArrayElement.xml
----------------- Instantiating /home/travis/build/icyphy/ptII/ptolemy/actor/lib/test/auto/ArrayElement.xml
8 ms. Memory: 301056K Free: 127883K (42%)
----------------- Invoking toplevel() on ptolemy.moml.MoMLSimpleApplication@13a1744e
----------------- Done invoking toplevel() on ptolemy.moml.MoMLSimpleApplication@13a1744e
reloadAllAccessors: .ArrayElement

===========================================================================================
----------------- testing Mon Jun 06 02:11:43 UTC 2022 /home/travis/build/icyphy/ptII/ptolemy/actor/lib/test/auto/ArrayElementAsMatrix.xml
----------------- Instantiating /home/travis/build/icyphy/ptII/ptolemy/actor/lib/test/auto/ArrayElementAsMatrix.xml
12 ms. Memory: 301056K Free: 117643K (39%)
----------------- Invoking toplevel() on ptolemy.moml.MoMLSimpleApplication@14e731c
----------------- Done invoking toplevel() on ptolemy.moml.MoMLSimpleApplication@14e731c
reloadAllAccessors: .ArrayElementAsMatrix

===========================================================================================
----------------- testing Mon Jun 06 02:11:43 UTC 2022 /home/travis/build/icyphy/ptII/ptolemy/actor/lib/test/auto/ArrayElementI.xml
----------------- Instantiating /home/travis/build/icyphy/ptII/ptolemy/actor/lib/test/auto/ArrayElementI.xml
3 ms. Memory: 301056K Free: 113033K (38%)
----------------- Invoking toplevel() on ptolemy.moml.MoMLSimpleApplication@3f36f64a
----------------- Done invoking toplevel() on ptolemy.moml.MoMLSimpleApplication@3f36f64a
reloadAllAccessors: .ArrayElementI

===========================================================================================
----------------- testing Mon Jun 06 02:11:43 UTC 2022 /home/travis/build/icyphy/ptII/ptolemy/actor/lib/test/auto/ArrayExtract.xml
----------------- Instantiating /home/travis/build/icyphy/ptII/ptolemy/actor/lib/test/auto/ArrayExtract.xml
9 ms. Memory: 301056K Free: 104331K (35%)
----------------- Invoking toplevel() on ptolemy.moml.MoMLSimpleApplication@6cfdffc3
----------------- Done invoking toplevel() on ptolemy.moml.MoMLSimpleApplication@6cfdffc3
reloadAllAccessors: .ArrayExtract

===========================================================================================
----------------- testing Mon Jun 06 02:11:43 UTC 2022 /home/travis/build/icyphy/ptII/ptolemy/actor/lib/test/auto/ArrayExtract2.xml
----------------- Instantiating /home/travis/build/icyphy/ptII/ptolemy/actor/lib/test/auto/ArrayExtract2.xml
2 ms. Memory: 301056K Free: 99211K (33%)
----------------- Invoking toplevel() on ptolemy.moml.MoMLSimpleApplication@d67e4b5
----------------- Done invoking toplevel() on ptolemy.moml.MoMLSimpleApplication@d67e4b5
reloadAllAccessors: .ArrayExtract2

===========================================================================================
----------------- testing Mon Jun 06 02:11:43 UTC 2022 /home/travis/build/icyphy/ptII/ptolemy/actor/lib/test/auto/ArrayLength.xml
----------------- Instantiating /home/travis/build/icyphy/ptII/ptolemy/actor/lib/test/auto/ArrayLength.xml
3 ms. Memory: 301056K Free: 95115K (32%)
----------------- Invoking toplevel() on ptolemy.moml.MoMLSimpleApplication@a5530b4
----------------- Done invoking toplevel() on ptolemy.moml.MoMLSimpleApplication@a5530b4
reloadAllAccessors: .ArrayLength

===========================================================================================
----------------- testing Mon Jun 06 02:11:43 UTC 2022 /home/travis/build/icyphy/ptII/ptolemy/actor/lib/test/auto/ArrayLevelCrossing.xml
----------------- Instantiating /home/travis/build/icyphy/ptII/ptolemy/actor/lib/test/auto/ArrayLevelCrossing.xml
32 ms. Memory: 301056K Free: 252237K (84%)
----------------- Invoking toplevel() on ptolemy.moml.MoMLSimpleApplication@7887160b
----------------- Done invoking toplevel() on ptolemy.moml.MoMLSimpleApplication@7887160b
reloadAllAccessors: .ArrayLevelCrossing

===========================================================================================
----------------- testing Mon Jun 06 02:11:43 UTC 2022 /home/travis/build/icyphy/ptII/ptolemy/actor/lib/test/auto/ArrayLevelCrossing2.xml
----------------- Instantiating /home/travis/build/icyphy/ptII/ptolemy/actor/lib/test/auto/ArrayLevelCrossing2.xml
2 ms. Memory: 301056K Free: 244091K (81%)
----------------- Invoking toplevel() on ptolemy.moml.MoMLSimpleApplication@3820edb
----------------- Done invoking toplevel() on ptolemy.moml.MoMLSimpleApplication@3820edb
reloadAllAccessors: .ArrayLevelCrossing2

===========================================================================================
----------------- testing Mon Jun 06 02:11:43 UTC 2022 /home/travis/build/icyphy/ptII/ptolemy/actor/lib/test/auto/ArrayPeakSearch.xml
----------------- Instantiating /home/travis/build/icyphy/ptII/ptolemy/actor/lib/test/auto/ArrayPeakSearch.xml
5 ms. Memory: 301056K Free: 235403K (78%)
----------------- Invoking toplevel() on ptolemy.moml.MoMLSimpleApplication@61b4862a
----------------- Done invoking toplevel() on ptolemy.moml.MoMLSimpleApplication@61b4862a
reloadAllAccessors: .ArrayPeakSearch

===========================================================================================
----------------- testing Mon Jun 06 02:11:43 UTC 2022 /home/travis/build/icyphy/ptII/ptolemy/actor/lib/test/auto/ArrayPeakSearch2.xml
----------------- Instantiating /home/travis/build/icyphy/ptII/ptolemy/actor/lib/test/auto/ArrayPeakSearch2.xml
4 ms. Memory: 301056K Free: 224619K (75%)
----------------- Invoking toplevel() on ptolemy.moml.MoMLSimpleApplication@503f4701
----------------- Done invoking toplevel() on ptolemy.moml.MoMLSimpleApplication@503f4701
reloadAllAccessors: .ArrayPeakSearch2

===========================================================================================
----------------- testing Mon Jun 06 02:11:43 UTC 2022 /home/travis/build/icyphy/ptII/ptolemy/actor/lib/test/auto/ArrayPeakSearch3.xml
----------------- Instantiating /home/travis/build/icyphy/ptII/ptolemy/actor/lib/test/auto/ArrayPeakSearch3.xml
4 ms. Memory: 301056K Free: 215947K (72%)
----------------- Invoking toplevel() on ptolemy.moml.MoMLSimpleApplication@5b6096d9
----------------- Done invoking toplevel() on ptolemy.moml.MoMLSimpleApplication@5b6096d9
reloadAllAccessors: .ArrayPeakSearch3

===========================================================================================
----------------- testing Mon Jun 06 02:11:43 UTC 2022 /home/travis/build/icyphy/ptII/ptolemy/actor/lib/test/auto/ArrayRemoveElement.xml
----------------- Instantiating /home/travis/build/icyphy/ptII/ptolemy/actor/lib/test/auto/ArrayRemoveElement.xml
3 ms. Memory: 301056K Free: 207755K (69%)
----------------- Invoking toplevel() on ptolemy.moml.MoMLSimpleApplication@603b8649
----------------- Done invoking toplevel() on ptolemy.moml.MoMLSimpleApplication@603b8649
reloadAllAccessors: .ArrayRemoveElement

===========================================================================================
----------------- testing Mon Jun 06 02:11:43 UTC 2022 /home/travis/build/icyphy/ptII/ptolemy/actor/lib/test/auto/ArraySort.xml
----------------- Instantiating /home/travis/build/icyphy/ptII/ptolemy/actor/lib/test/auto/ArraySort.xml
12 ms. Memory: 301056K Free: 199049K (66%)
----------------- Invoking toplevel() on ptolemy.moml.MoMLSimpleApplication@33f7453c
----------------- Done invoking toplevel() on ptolemy.moml.MoMLSimpleApplication@33f7453c
reloadAllAccessors: .ArraySort

===========================================================================================
----------------- testing Mon Jun 06 02:11:43 UTC 2022 /home/travis/build/icyphy/ptII/ptolemy/actor/lib/test/auto/ArraySum.xml
----------------- Instantiating /home/travis/build/icyphy/ptII/ptolemy/actor/lib/test/auto/ArraySum.xml
6 ms. Memory: 301056K Free: 193419K (64%)
----------------- Invoking toplevel() on ptolemy.moml.MoMLSimpleApplication@6dbf1911
----------------- Done invoking toplevel() on ptolemy.moml.MoMLSimpleApplication@6dbf1911
reloadAllAccessors: .ArraySum

===========================================================================================
----------------- testing Mon Jun 06 02:11:43 UTC 2022 /home/travis/build/icyphy/ptII/ptolemy/actor/lib/test/auto/ArrayToElements.xml
----------------- Instantiating /home/travis/build/icyphy/ptII/ptolemy/actor/lib/test/auto/ArrayToElements.xml
7 ms. Memory: 301056K Free: 188299K (63%)
----------------- Invoking toplevel() on ptolemy.moml.MoMLSimpleApplication@14cf2e97
----------------- Done invoking toplevel() on ptolemy.moml.MoMLSimpleApplication@14cf2e97
reloadAllAccessors: .ArrayToElements

===========================================================================================
----------------- testing Mon Jun 06 02:11:43 UTC 2022 /home/travis/build/icyphy/ptII/ptolemy/actor/lib/test/auto/ArrayToMatrix.xml
----------------- Instantiating /home/travis/build/icyphy/ptII/ptolemy/actor/lib/test/auto/ArrayToMatrix.xml
13 ms. Memory: 301056K Free: 173963K (58%)
----------------- Invoking toplevel() on ptolemy.moml.MoMLSimpleApplication@7ad81474
----------------- Done invoking toplevel() on ptolemy.moml.MoMLSimpleApplication@7ad81474
reloadAllAccessors: .ArrayToMatrix

===========================================================================================
----------------- testing Mon Jun 06 02:11:43 UTC 2022 /home/travis/build/icyphy/ptII/ptolemy/actor/lib/test/auto/ArrayUpdate1.xml
----------------- Instantiating /home/travis/build/icyphy/ptII/ptolemy/actor/lib/test/auto/ArrayUpdate1.xml
5 ms. Memory: 301056K Free: 169353K (56%)
----------------- Invoking toplevel() on ptolemy.moml.MoMLSimpleApplication@32fe39bf
----------------- Done invoking toplevel() on ptolemy.moml.MoMLSimpleApplication@32fe39bf
reloadAllAccessors: .ArrayUpdate1

===========================================================================================
----------------- testing Mon Jun 06 02:11:43 UTC 2022 /home/travis/build/icyphy/ptII/ptolemy/actor/lib/test/auto/ArrayUpdate2.xml
----------------- Instantiating /home/travis/build/icyphy/ptII/ptolemy/actor/lib/test/auto/ArrayUpdate2.xml
6 ms. Memory: 301056K Free: 162699K (54%)
----------------- Invoking toplevel() on ptolemy.moml.MoMLSimpleApplication@2d5983ef
----------------- Done invoking toplevel() on ptolemy.moml.MoMLSimpleApplication@2d5983ef
reloadAllAccessors: .ArrayUpdate2

===========================================================================================
----------------- testing Mon Jun 06 02:11:43 UTC 2022 /home/travis/build/icyphy/ptII/ptolemy/actor/lib/test/auto/ArrayUpdate3.xml
----------------- Instantiating /home/travis/build/icyphy/ptII/ptolemy/actor/lib/test/auto/ArrayUpdate3.xml
4 ms. Memory: 301056K Free: 158089K (53%)
----------------- Invoking toplevel() on ptolemy.moml.MoMLSimpleApplication@649aca6c
----------------- Done invoking toplevel() on ptolemy.moml.MoMLSimpleApplication@649aca6c
reloadAllAccessors: .ArrayUpdate3

===========================================================================================
----------------- testing Mon Jun 06 02:11:43 UTC 2022 /home/travis/build/icyphy/ptII/ptolemy/actor/lib/test/auto/Assert1.xml
----------------- Instantiating /home/travis/build/icyphy/ptII/ptolemy/actor/lib/test/auto/Assert1.xml
10 ms. Memory: 301056K Free: 153483K (51%)
----------------- Invoking toplevel() on ptolemy.moml.MoMLSimpleApplication@323a9f75
----------------- Done invoking toplevel() on ptolemy.moml.MoMLSimpleApplication@323a9f75
reloadAllAccessors: .Assert1

===========================================================================================
----------------- testing Mon Jun 06 02:11:43 UTC 2022 /home/travis/build/icyphy/ptII/ptolemy/actor/lib/test/auto/Assert2.xml
----------------- Instantiating /home/travis/build/icyphy/ptII/ptolemy/actor/lib/test/auto/Assert2.xml
2 ms. Memory: 301056K Free: 148363K (49%)
----------------- Invoking toplevel() on ptolemy.moml.MoMLSimpleApplication@778368de
----------------- Done invoking toplevel() on ptolemy.moml.MoMLSimpleApplication@778368de
reloadAllAccessors: .Assert2

===========================================================================================
----------------- testing Mon Jun 06 02:11:43 UTC 2022 /home/travis/build/icyphy/ptII/ptolemy/actor/lib/test/auto/BooleanMultiplexor.xml
----------------- Instantiating /home/travis/build/icyphy/ptII/ptolemy/actor/lib/test/auto/BooleanMultiplexor.xml
2 ms. Memory: 301056K Free: 142715K (47%)
----------------- Invoking toplevel() on ptolemy.moml.MoMLSimpleApplication@57cea5ce
----------------- Done invoking toplevel() on ptolemy.moml.MoMLSimpleApplication@57cea5ce
reloadAllAccessors: .BooleanMultiplexor

===========================================================================================
----------------- testing Mon Jun 06 02:11:43 UTC 2022 /home/travis/build/icyphy/ptII/ptolemy/actor/lib/test/auto/BooleanMultiplexor2.xml
----------------- Instantiating /home/travis/build/icyphy/ptII/ptolemy/actor/lib/test/auto/BooleanMultiplexor2.xml
12 ms. Memory: 301056K Free: 136585K (45%)
----------------- Invoking toplevel() on ptolemy.moml.MoMLSimpleApplication@775fd873
----------------- Done invoking toplevel() on ptolemy.moml.MoMLSimpleApplication@775fd873
reloadAllAccessors: .BooleanMultiplexor2

===========================================================================================
----------------- testing Mon Jun 06 02:11:43 UTC 2022 /home/travis/build/icyphy/ptII/ptolemy/actor/lib/test/auto/BooleanMultiplexor3.xml
----------------- Instantiating /home/travis/build/icyphy/ptII/ptolemy/actor/lib/test/auto/BooleanMultiplexor3.xml
1 ms. Memory: 301056K Free: 132489K (44%)
----------------- Invoking toplevel() on ptolemy.moml.MoMLSimpleApplication@7865d845
----------------- Done invoking toplevel() on ptolemy.moml.MoMLSimpleApplication@7865d845
reloadAllAccessors: .BooleanMultiplexor3

===========================================================================================
----------------- testing Mon Jun 06 02:11:43 UTC 2022 /home/travis/build/icyphy/ptII/ptolemy/actor/lib/test/auto/BooleanSelect.xml
----------------- Instantiating /home/travis/build/icyphy/ptII/ptolemy/actor/lib/test/auto/BooleanSelect.xml
3 ms. Memory: 301056K Free: 126331K (42%)
----------------- Invoking toplevel() on ptolemy.moml.MoMLSimpleApplication@a852f3b
----------------- Done invoking toplevel() on ptolemy.moml.MoMLSimpleApplication@a852f3b
reloadAllAccessors: .BooleanSelect

===========================================================================================
----------------- testing Mon Jun 06 02:11:43 UTC 2022 /home/travis/build/icyphy/ptII/ptolemy/actor/lib/test/auto/BooleanSelect2.xml
----------------- Instantiating /home/travis/build/icyphy/ptII/ptolemy/actor/lib/test/auto/BooleanSelect2.xml
1 ms. Memory: 301056K Free: 121739K (40%)
----------------- Invoking toplevel() on ptolemy.moml.MoMLSimpleApplication@302f521d
----------------- Done invoking toplevel() on ptolemy.moml.MoMLSimpleApplication@302f521d
reloadAllAccessors: .BooleanSelect2

===========================================================================================
----------------- testing Mon Jun 06 02:11:43 UTC 2022 /home/travis/build/icyphy/ptII/ptolemy/actor/lib/test/auto/BooleanSwitch.xml
----------------- Instantiating /home/travis/build/icyphy/ptII/ptolemy/actor/lib/test/auto/BooleanSwitch.xml
5 ms. Memory: 301056K Free: 116105K (39%)
----------------- Invoking toplevel() on ptolemy.moml.MoMLSimpleApplication@33a43b6b
----------------- Done invoking toplevel() on ptolemy.moml.MoMLSimpleApplication@33a43b6b
reloadAllAccessors: .BooleanSwitch

===========================================================================================
----------------- testing Mon Jun 06 02:11:43 UTC 2022 /home/travis/build/icyphy/ptII/ptolemy/actor/lib/test/auto/BooleanSwitch2.xml
----------------- Instantiating /home/travis/build/icyphy/ptII/ptolemy/actor/lib/test/auto/BooleanSwitch2.xml
1 ms. Memory: 301056K Free: 110475K (37%)
----------------- Invoking toplevel() on ptolemy.moml.MoMLSimpleApplication@2ae80f04
----------------- Done invoking toplevel() on ptolemy.moml.MoMLSimpleApplication@2ae80f04
reloadAllAccessors: .BooleanSwitch2

===========================================================================================
----------------- testing Mon Jun 06 02:11:43 UTC 2022 /home/travis/build/icyphy/ptII/ptolemy/actor/lib/test/auto/BooleanSwitchCloningBugWithClassRelationGroup.xml
----------------- Instantiating /home/travis/build/icyphy/ptII/ptolemy/actor/lib/test/auto/BooleanSwitchCloningBugWithClassRelationGroup.xml
3 ms. Memory: 301056K Free: 104331K (35%)
----------------- Invoking toplevel() on ptolemy.moml.MoMLSimpleApplication@2b923062
----------------- Done invoking toplevel() on ptolemy.moml.MoMLSimpleApplication@2b923062
reloadAllAccessors: .BooleanSwitchCloningBugWithClassRelationGroup

===========================================================================================
----------------- testing Mon Jun 06 02:11:43 UTC 2022 /home/travis/build/icyphy/ptII/ptolemy/actor/lib/test/auto/BusActors.xml
----------------- Instantiating /home/travis/build/icyphy/ptII/ptolemy/actor/lib/test/auto/BusActors.xml
5 ms. Memory: 301056K Free: 96139K (32%)
----------------- Invoking toplevel() on ptolemy.moml.MoMLSimpleApplication@7714ccca
----------------- Done invoking toplevel() on ptolemy.moml.MoMLSimpleApplication@7714ccca
reloadAllAccessors: .BusActors

===========================================================================================
----------------- testing Mon Jun 06 02:11:44 UTC 2022 /home/travis/build/icyphy/ptII/ptolemy/actor/lib/test/auto/ClassWrapper.xml
----------------- Instantiating /home/travis/build/icyphy/ptII/ptolemy/actor/lib/test/auto/ClassWrapper.xml
2 ms. Memory: 301056K Free: 92043K (31%)
----------------- Invoking toplevel() on ptolemy.moml.MoMLSimpleApplication@eb9d1c5
----------------- Done invoking toplevel() on ptolemy.moml.MoMLSimpleApplication@eb9d1c5
reloadAllAccessors: .ClassWrapper

===========================================================================================
----------------- testing Mon Jun 06 02:11:44 UTC 2022 /home/travis/build/icyphy/ptII/ptolemy/actor/lib/test/auto/Clock.xml
----------------- Instantiating /home/travis/build/icyphy/ptII/ptolemy/actor/lib/test/auto/Clock.xml
3 ms. Memory: 301056K Free: 87947K (29%)
----------------- Invoking toplevel() on ptolemy.moml.MoMLSimpleApplication@2422e31e
----------------- Done invoking toplevel() on ptolemy.moml.MoMLSimpleApplication@2422e31e
reloadAllAccessors: .Clock

===========================================================================================
----------------- testing Mon Jun 06 02:11:44 UTC 2022 /home/travis/build/icyphy/ptII/ptolemy/actor/lib/test/auto/Clock10.xml
----------------- Instantiating /home/travis/build/icyphy/ptII/ptolemy/actor/lib/test/auto/Clock10.xml
4 ms. Memory: 301056K Free: 82313K (27%)
----------------- Invoking toplevel() on ptolemy.moml.MoMLSimpleApplication@32aef4a6
----------------- Done invoking toplevel() on ptolemy.moml.MoMLSimpleApplication@32aef4a6
reloadAllAccessors: .Clock10

===========================================================================================
----------------- testing Mon Jun 06 02:11:44 UTC 2022 /home/travis/build/icyphy/ptII/ptolemy/actor/lib/test/auto/Clock11.xml
----------------- Instantiating /home/travis/build/icyphy/ptII/ptolemy/actor/lib/test/auto/Clock11.xml
2 ms. Memory: 559104K Free: 506245K (91%)
----------------- Invoking toplevel() on ptolemy.moml.MoMLSimpleApplication@685d0636
----------------- Done invoking toplevel() on ptolemy.moml.MoMLSimpleApplication@685d0636
reloadAllAccessors: .Clock11

===========================================================================================
----------------- testing Mon Jun 06 02:11:44 UTC 2022 /home/travis/build/icyphy/ptII/ptolemy/actor/lib/test/auto/Clock12.xml
----------------- Instantiating /home/travis/build/icyphy/ptII/ptolemy/actor/lib/test/auto/Clock12.xml
3 ms. Memory: 559104K Free: 500105K (89%)
----------------- Invoking toplevel() on ptolemy.moml.MoMLSimpleApplication@3310083b
----------------- Done invoking toplevel() on ptolemy.moml.MoMLSimpleApplication@3310083b
reloadAllAccessors: .Clock12

===========================================================================================
----------------- testing Mon Jun 06 02:11:44 UTC 2022 /home/travis/build/icyphy/ptII/ptolemy/actor/lib/test/auto/Clock13.xml
----------------- Instantiating /home/travis/build/icyphy/ptII/ptolemy/actor/lib/test/auto/Clock13.xml
5 ms. Memory: 559104K Free: 493947K (88%)
----------------- Invoking toplevel() on ptolemy.moml.MoMLSimpleApplication@53efd7f1
----------------- Done invoking toplevel() on ptolemy.moml.MoMLSimpleApplication@53efd7f1
reloadAllAccessors: .Clock13

===========================================================================================
----------------- testing Mon Jun 06 02:11:44 UTC 2022 /home/travis/build/icyphy/ptII/ptolemy/actor/lib/test/auto/Clock14.xml
----------------- Instantiating /home/travis/build/icyphy/ptII/ptolemy/actor/lib/test/auto/Clock14.xml
5 ms. Memory: 559104K Free: 488331K (87%)
----------------- Invoking toplevel() on ptolemy.moml.MoMLSimpleApplication@3229706
----------------- Done invoking toplevel() on ptolemy.moml.MoMLSimpleApplication@3229706
reloadAllAccessors: .Clock14

===========================================================================================
----------------- testing Mon Jun 06 02:11:44 UTC 2022 /home/travis/build/icyphy/ptII/ptolemy/actor/lib/test/auto/Clock15.xml
----------------- Instantiating /home/travis/build/icyphy/ptII/ptolemy/actor/lib/test/auto/Clock15.xml
5 ms. Memory: 559104K Free: 482187K (86%)
----------------- Invoking toplevel() on ptolemy.moml.MoMLSimpleApplication@5f627726
----------------- Done invoking toplevel() on ptolemy.moml.MoMLSimpleApplication@5f627726
reloadAllAccessors: .Clock15

===========================================================================================
----------------- testing Mon Jun 06 02:11:44 UTC 2022 /home/travis/build/icyphy/ptII/ptolemy/actor/lib/test/auto/Clock16.xml
----------------- Instantiating /home/travis/build/icyphy/ptII/ptolemy/actor/lib/test/auto/Clock16.xml
36 ms. Memory: 559104K Free: 467337K (84%)
----------------- Invoking toplevel() on ptolemy.moml.MoMLSimpleApplication@50374c03
----------------- Done invoking toplevel() on ptolemy.moml.MoMLSimpleApplication@50374c03
reloadAllAccessors: .Clock16

===========================================================================================
----------------- testing Mon Jun 06 02:11:44 UTC 2022 /home/travis/build/icyphy/ptII/ptolemy/actor/lib/test/auto/Clock17.xml
----------------- Instantiating /home/travis/build/icyphy/ptII/ptolemy/actor/lib/test/auto/Clock17.xml
24 ms. Memory: 559104K Free: 452987K (81%)
----------------- Invoking toplevel() on ptolemy.moml.MoMLSimpleApplication@1fcab69a
----------------- Done invoking toplevel() on ptolemy.moml.MoMLSimpleApplication@1fcab69a
reloadAllAccessors: .Clock17

===========================================================================================
----------------- testing Mon Jun 06 02:11:44 UTC 2022 /home/travis/build/icyphy/ptII/ptolemy/actor/lib/test/auto/Clock18.xml
----------------- Instantiating /home/travis/build/icyphy/ptII/ptolemy/actor/lib/test/auto/Clock18.xml
21 ms. Memory: 559104K Free: 439689K (79%)
----------------- Invoking toplevel() on ptolemy.moml.MoMLSimpleApplication@3bdbbf02
----------------- Done invoking toplevel() on ptolemy.moml.MoMLSimpleApplication@3bdbbf02
reloadAllAccessors: .Clock18

===========================================================================================
----------------- testing Mon Jun 06 02:11:44 UTC 2022 /home/travis/build/icyphy/ptII/ptolemy/actor/lib/test/auto/Clock19.xml
----------------- Instantiating /home/travis/build/icyphy/ptII/ptolemy/actor/lib/test/auto/Clock19.xml
12 ms. Memory: 559104K Free: 426377K (76%)
----------------- Invoking toplevel() on ptolemy.moml.MoMLSimpleApplication@2c427262
----------------- Done invoking toplevel() on ptolemy.moml.MoMLSimpleApplication@2c427262
reloadAllAccessors: .Clock19

===========================================================================================
----------------- testing Mon Jun 06 02:11:44 UTC 2022 /home/travis/build/icyphy/ptII/ptolemy/actor/lib/test/auto/Clock2.xml
----------------- Instantiating /home/travis/build/icyphy/ptII/ptolemy/actor/lib/test/auto/Clock2.xml
5 ms. Memory: 559104K Free: 421227K (75%)
----------------- Invoking toplevel() on ptolemy.moml.MoMLSimpleApplication@70796fe0
----------------- Done invoking toplevel() on ptolemy.moml.MoMLSimpleApplication@70796fe0
reloadAllAccessors: .Clock2

===========================================================================================
----------------- testing Mon Jun 06 02:11:44 UTC 2022 /home/travis/build/icyphy/ptII/ptolemy/actor/lib/test/auto/Clock20.xml
----------------- Instantiating /home/travis/build/icyphy/ptII/ptolemy/actor/lib/test/auto/Clock20.xml
7 ms. Memory: 559104K Free: 416137K (74%)
----------------- Invoking toplevel() on ptolemy.moml.MoMLSimpleApplication@543b9a9d
----------------- Done invoking toplevel() on ptolemy.moml.MoMLSimpleApplication@543b9a9d
reloadAllAccessors: .Clock20

===========================================================================================
----------------- testing Mon Jun 06 02:11:44 UTC 2022 /home/travis/build/icyphy/ptII/ptolemy/actor/lib/test/auto/Clock21.xml
----------------- Instantiating /home/travis/build/icyphy/ptII/ptolemy/actor/lib/test/auto/Clock21.xml
3 ms. Memory: 559104K Free: 410507K (73%)
----------------- Invoking toplevel() on ptolemy.moml.MoMLSimpleApplication@65ed81bd
----------------- Done invoking toplevel() on ptolemy.moml.MoMLSimpleApplication@65ed81bd
reloadAllAccessors: .Clock21

===========================================================================================
----------------- testing Mon Jun 06 02:11:44 UTC 2022 /home/travis/build/icyphy/ptII/ptolemy/actor/lib/test/auto/Clock22.xml
----------------- Instantiating /home/travis/build/icyphy/ptII/ptolemy/actor/lib/test/auto/Clock22.xml
6 ms. Memory: 559104K Free: 405387K (73%)
----------------- Invoking toplevel() on ptolemy.moml.MoMLSimpleApplication@a280494
----------------- Done invoking toplevel() on ptolemy.moml.MoMLSimpleApplication@a280494
reloadAllAccessors: .Clock22

===========================================================================================
----------------- testing Mon Jun 06 02:11:44 UTC 2022 /home/travis/build/icyphy/ptII/ptolemy/actor/lib/test/auto/Clock23.xml
----------------- Instantiating /home/travis/build/icyphy/ptII/ptolemy/actor/lib/test/auto/Clock23.xml
4 ms. Memory: 559104K Free: 399753K (71%)
----------------- Invoking toplevel() on ptolemy.moml.MoMLSimpleApplication@7476b8da
----------------- Done invoking toplevel() on ptolemy.moml.MoMLSimpleApplication@7476b8da
reloadAllAccessors: .Clock23

===========================================================================================
----------------- testing Mon Jun 06 02:11:44 UTC 2022 /home/travis/build/icyphy/ptII/ptolemy/actor/lib/test/auto/Clock24.xml
----------------- Instantiating /home/travis/build/icyphy/ptII/ptolemy/actor/lib/test/auto/Clock24.xml
3 ms. Memory: 559104K Free: 394633K (71%)
----------------- Invoking toplevel() on ptolemy.moml.MoMLSimpleApplication@1a271bbd
----------------- Done invoking toplevel() on ptolemy.moml.MoMLSimpleApplication@1a271bbd
reloadAllAccessors: .Clock24

===========================================================================================
----------------- testing Mon Jun 06 02:11:44 UTC 2022 /home/travis/build/icyphy/ptII/ptolemy/actor/lib/test/auto/Clock4.xml
----------------- Instantiating /home/travis/build/icyphy/ptII/ptolemy/actor/lib/test/auto/Clock4.xml
2 ms. Memory: 559104K Free: 389483K (70%)
----------------- Invoking toplevel() on ptolemy.moml.MoMLSimpleApplication@3e884e0
----------------- Done invoking toplevel() on ptolemy.moml.MoMLSimpleApplication@3e884e0
reloadAllAccessors: .Clock4

===========================================================================================
----------------- testing Mon Jun 06 02:11:44 UTC 2022 /home/travis/build/icyphy/ptII/ptolemy/actor/lib/test/auto/Clock5.xml
----------------- Instantiating /home/travis/build/icyphy/ptII/ptolemy/actor/lib/test/auto/Clock5.xml
2 ms. Memory: 559104K Free: 383883K (69%)
----------------- Invoking toplevel() on ptolemy.moml.MoMLSimpleApplication@43b7d02b
----------------- Done invoking toplevel() on ptolemy.moml.MoMLSimpleApplication@43b7d02b
reloadAllAccessors: .Clock5

===========================================================================================
----------------- testing Mon Jun 06 02:11:44 UTC 2022 /home/travis/build/icyphy/ptII/ptolemy/actor/lib/test/auto/Clock6.xml
----------------- Instantiating /home/travis/build/icyphy/ptII/ptolemy/actor/lib/test/auto/Clock6.xml
2 ms. Memory: 559104K Free: 379787K (68%)
----------------- Invoking toplevel() on ptolemy.moml.MoMLSimpleApplication@525f36a9
----------------- Done invoking toplevel() on ptolemy.moml.MoMLSimpleApplication@525f36a9
reloadAllAccessors: .Clock6

===========================================================================================
----------------- testing Mon Jun 06 02:11:44 UTC 2022 /home/travis/build/icyphy/ptII/ptolemy/actor/lib/test/auto/Clock7.xml
----------------- Instantiating /home/travis/build/icyphy/ptII/ptolemy/actor/lib/test/auto/Clock7.xml
1 ms. Memory: 559104K Free: 375177K (67%)
----------------- Invoking toplevel() on ptolemy.moml.MoMLSimpleApplication@5cf413d4
----------------- Done invoking toplevel() on ptolemy.moml.MoMLSimpleApplication@5cf413d4
reloadAllAccessors: .Clock7

===========================================================================================
----------------- testing Mon Jun 06 02:11:44 UTC 2022 /home/travis/build/icyphy/ptII/ptolemy/actor/lib/test/auto/Clock8.xml
----------------- Instantiating /home/travis/build/icyphy/ptII/ptolemy/actor/lib/test/auto/Clock8.xml
2 ms. Memory: 559104K Free: 370043K (66%)
----------------- Invoking toplevel() on ptolemy.moml.MoMLSimpleApplication@4bbcca8f
----------------- Done invoking toplevel() on ptolemy.moml.MoMLSimpleApplication@4bbcca8f
reloadAllAccessors: .Clock8

===========================================================================================
----------------- testing Mon Jun 06 02:11:44 UTC 2022 /home/travis/build/icyphy/ptII/ptolemy/actor/lib/test/auto/Clock9.xml
----------------- Instantiating /home/travis/build/icyphy/ptII/ptolemy/actor/lib/test/auto/Clock9.xml
4 ms. Memory: 559104K Free: 364427K (65%)
----------------- Invoking toplevel() on ptolemy.moml.MoMLSimpleApplication@35005ad9
----------------- Done invoking toplevel() on ptolemy.moml.MoMLSimpleApplication@35005ad9
reloadAllAccessors: .Clock9

===========================================================================================
----------------- testing Mon Jun 06 02:11:44 UTC 2022 /home/travis/build/icyphy/ptII/ptolemy/actor/lib/test/auto/CommDistDiscard.xml
----------------- Instantiating /home/travis/build/icyphy/ptII/ptolemy/actor/lib/test/auto/CommDistDiscard.xml
4 ms. Memory: 559104K Free: 358793K (64%)
----------------- Invoking toplevel() on ptolemy.moml.MoMLSimpleApplication@cdc0761
----------------- Done invoking toplevel() on ptolemy.moml.MoMLSimpleApplication@cdc0761
reloadAllAccessors: .CommDistDiscard

===========================================================================================
----------------- testing Mon Jun 06 02:11:44 UTC 2022 /home/travis/build/icyphy/ptII/ptolemy/actor/lib/test/auto/Commutator.xml
----------------- Instantiating /home/travis/build/icyphy/ptII/ptolemy/actor/lib/test/auto/Commutator.xml
2 ms. Memory: 559104K Free: 354697K (63%)
----------------- Invoking toplevel() on ptolemy.moml.MoMLSimpleApplication@28d1a1ee
----------------- Done invoking toplevel() on ptolemy.moml.MoMLSimpleApplication@28d1a1ee
reloadAllAccessors: .Commutator

===========================================================================================
----------------- testing Mon Jun 06 02:11:44 UTC 2022 /home/travis/build/icyphy/ptII/ptolemy/actor/lib/test/auto/Commutator2.xml
----------------- Instantiating /home/travis/build/icyphy/ptII/ptolemy/actor/lib/test/auto/Commutator2.xml
2 ms. Memory: 559104K Free: 350091K (63%)
----------------- Invoking toplevel() on ptolemy.moml.MoMLSimpleApplication@1a6c0c93
----------------- Done invoking toplevel() on ptolemy.moml.MoMLSimpleApplication@1a6c0c93
reloadAllAccessors: .Commutator2

===========================================================================================
----------------- testing Mon Jun 06 02:11:44 UTC 2022 /home/travis/build/icyphy/ptII/ptolemy/actor/lib/test/auto/Commutator3.xml
----------------- Instantiating /home/travis/build/icyphy/ptII/ptolemy/actor/lib/test/auto/Commutator3.xml
1 ms. Memory: 559104K Free: 345995K (62%)
----------------- Invoking toplevel() on ptolemy.moml.MoMLSimpleApplication@7bbf9fba
----------------- Done invoking toplevel() on ptolemy.moml.MoMLSimpleApplication@7bbf9fba
reloadAllAccessors: .Commutator3

===========================================================================================
----------------- testing Mon Jun 06 02:11:44 UTC 2022 /home/travis/build/icyphy/ptII/ptolemy/actor/lib/test/auto/Compare.xml
----------------- Instantiating /home/travis/build/icyphy/ptII/ptolemy/actor/lib/test/auto/Compare.xml
2 ms. Memory: 559104K Free: 339337K (61%)
----------------- Invoking toplevel() on ptolemy.moml.MoMLSimpleApplication@22164af0
----------------- Done invoking toplevel() on ptolemy.moml.MoMLSimpleApplication@22164af0
reloadAllAccessors: .Compare

===========================================================================================
----------------- testing Mon Jun 06 02:11:44 UTC 2022 /home/travis/build/icyphy/ptII/ptolemy/actor/lib/test/auto/CompareDE.xml
----------------- Instantiating /home/travis/build/icyphy/ptII/ptolemy/actor/lib/test/auto/CompareDE.xml
3 ms. Memory: 559104K Free: 332155K (59%)
----------------- Invoking toplevel() on ptolemy.moml.MoMLSimpleApplication@11140492
----------------- Done invoking toplevel() on ptolemy.moml.MoMLSimpleApplication@11140492
reloadAllAccessors: .CompareDE

===========================================================================================
----------------- testing Mon Jun 06 02:11:44 UTC 2022 /home/travis/build/icyphy/ptII/ptolemy/actor/lib/test/auto/ComplexDivide.xml
----------------- Instantiating /home/travis/build/icyphy/ptII/ptolemy/actor/lib/test/auto/ComplexDivide.xml
2 ms. Memory: 559104K Free: 328587K (59%)
----------------- Invoking toplevel() on ptolemy.moml.MoMLSimpleApplication@7f58c4aa
----------------- Done invoking toplevel() on ptolemy.moml.MoMLSimpleApplication@7f58c4aa
reloadAllAccessors: .ComplexDivide

===========================================================================================
----------------- testing Mon Jun 06 02:11:44 UTC 2022 /home/travis/build/icyphy/ptII/ptolemy/actor/lib/test/auto/ComputeHistogram.xml
----------------- Instantiating /home/travis/build/icyphy/ptII/ptolemy/actor/lib/test/auto/ComputeHistogram.xml
33 ms. Memory: 559104K Free: 315785K (56%)
----------------- Invoking toplevel() on ptolemy.moml.MoMLSimpleApplication@7f9a52f6
----------------- Done invoking toplevel() on ptolemy.moml.MoMLSimpleApplication@7f9a52f6
reloadAllAccessors: .ComputeHistogram

===========================================================================================
----------------- testing Mon Jun 06 02:11:45 UTC 2022 /home/travis/build/icyphy/ptII/ptolemy/actor/lib/test/auto/ConfigurationSelect.xml
----------------- Instantiating /home/travis/build/icyphy/ptII/ptolemy/actor/lib/test/auto/ConfigurationSelect.xml
10 ms. Memory: 559104K Free: 310155K (55%)
----------------- Invoking toplevel() on ptolemy.moml.MoMLSimpleApplication@45010d0d
----------------- Done invoking toplevel() on ptolemy.moml.MoMLSimpleApplication@45010d0d
reloadAllAccessors: .ConfigurationSelect

===========================================================================================
----------------- testing Mon Jun 06 02:11:45 UTC 2022 /home/travis/build/icyphy/ptII/ptolemy/actor/lib/test/auto/ConfigurationSelect2.xml
----------------- Instantiating /home/travis/build/icyphy/ptII/ptolemy/actor/lib/test/auto/ConfigurationSelect2.xml
2 ms. Memory: 559104K Free: 306059K (55%)
----------------- Invoking toplevel() on ptolemy.moml.MoMLSimpleApplication@542c3ece
----------------- Done invoking toplevel() on ptolemy.moml.MoMLSimpleApplication@542c3ece
reloadAllAccessors: .ConfigurationSelect2

===========================================================================================
----------------- testing Mon Jun 06 02:11:45 UTC 2022 /home/travis/build/icyphy/ptII/ptolemy/actor/lib/test/auto/ConfigurationSwitch.xml
----------------- Instantiating /home/travis/build/icyphy/ptII/ptolemy/actor/lib/test/auto/ConfigurationSwitch.xml
10 ms. Memory: 559104K Free: 300425K (54%)
----------------- Invoking toplevel() on ptolemy.moml.MoMLSimpleApplication@5743d32a
----------------- Done invoking toplevel() on ptolemy.moml.MoMLSimpleApplication@5743d32a
reloadAllAccessors: .ConfigurationSwitch

===========================================================================================
----------------- testing Mon Jun 06 02:11:45 UTC 2022 /home/travis/build/icyphy/ptII/ptolemy/actor/lib/test/auto/ConfigurationSwitch2.xml
----------------- Instantiating /home/travis/build/icyphy/ptII/ptolemy/actor/lib/test/auto/ConfigurationSwitch2.xml
4 ms. Memory: 559104K Free: 295305K (53%)
----------------- Invoking toplevel() on ptolemy.moml.MoMLSimpleApplication@1ec4e39f
----------------- Done invoking toplevel() on ptolemy.moml.MoMLSimpleApplication@1ec4e39f
reloadAllAccessors: .ConfigurationSwitch2

===========================================================================================
----------------- testing Mon Jun 06 02:11:45 UTC 2022 /home/travis/build/icyphy/ptII/ptolemy/actor/lib/test/auto/ConfigurationSwitchCloningBugWithClassRelationGroup.xml
----------------- Instantiating /home/travis/build/icyphy/ptII/ptolemy/actor/lib/test/auto/ConfigurationSwitchCloningBugWithClassRelationGroup.xml
2 ms. Memory: 559104K Free: 288651K (52%)
----------------- Invoking toplevel() on ptolemy.moml.MoMLSimpleApplication@3cfc6e4a
----------------- Done invoking toplevel() on ptolemy.moml.MoMLSimpleApplication@3cfc6e4a
reloadAllAccessors: .ConfigurationSwitchCloningBugWithClassRelationGroup

===========================================================================================
----------------- testing Mon Jun 06 02:11:45 UTC 2022 /home/travis/build/icyphy/ptII/ptolemy/actor/lib/test/auto/ConfigurationSwitchSelectSDF.xml
----------------- Instantiating /home/travis/build/icyphy/ptII/ptolemy/actor/lib/test/auto/ConfigurationSwitchSelectSDF.xml
5 ms. Memory: 559104K Free: 283017K (51%)
----------------- Invoking toplevel() on ptolemy.moml.MoMLSimpleApplication@4cd93663
----------------- Done invoking toplevel() on ptolemy.moml.MoMLSimpleApplication@4cd93663
reloadAllAccessors: .ConfigurationSwitchSelectSDF

===========================================================================================
----------------- testing Mon Jun 06 02:11:45 UTC 2022 /home/travis/build/icyphy/ptII/ptolemy/actor/lib/test/auto/ConfigurationSwitchSelectSDF2.xml
----------------- Instantiating /home/travis/build/icyphy/ptII/ptolemy/actor/lib/test/auto/ConfigurationSwitchSelectSDF2.xml
2 ms. Memory: 559104K Free: 277387K (50%)
----------------- Invoking toplevel() on ptolemy.moml.MoMLSimpleApplication@3caabb0
----------------- Done invoking toplevel() on ptolemy.moml.MoMLSimpleApplication@3caabb0
reloadAllAccessors: .ConfigurationSwitchSelectSDF2

===========================================================================================
----------------- testing Mon Jun 06 02:11:45 UTC 2022 /home/travis/build/icyphy/ptII/ptolemy/actor/lib/test/auto/Const.xml
----------------- Instantiating /home/travis/build/icyphy/ptII/ptolemy/actor/lib/test/auto/Const.xml
1 ms. Memory: 559104K Free: 273801K (49%)
----------------- Invoking toplevel() on ptolemy.moml.MoMLSimpleApplication@1cb193bb
----------------- Done invoking toplevel() on ptolemy.moml.MoMLSimpleApplication@1cb193bb
reloadAllAccessors: .Const

===========================================================================================
----------------- testing Mon Jun 06 02:11:45 UTC 2022 /home/travis/build/icyphy/ptII/ptolemy/actor/lib/test/auto/Const2.xml
----------------- Instantiating /home/travis/build/icyphy/ptII/ptolemy/actor/lib/test/auto/Const2.xml
2 ms. Memory: 559104K Free: 269705K (48%)
----------------- Invoking toplevel() on ptolemy.moml.MoMLSimpleApplication@a9ae187
----------------- Done invoking toplevel() on ptolemy.moml.MoMLSimpleApplication@a9ae187
reloadAllAccessors: .Const2

===========================================================================================
----------------- testing Mon Jun 06 02:11:45 UTC 2022 /home/travis/build/icyphy/ptII/ptolemy/actor/lib/test/auto/Const3.xml
----------------- Instantiating /home/travis/build/icyphy/ptII/ptolemy/actor/lib/test/auto/Const3.xml
2 ms. Memory: 559104K Free: 267147K (48%)
----------------- Invoking toplevel() on ptolemy.moml.MoMLSimpleApplication@2025eeae
----------------- Done invoking toplevel() on ptolemy.moml.MoMLSimpleApplication@2025eeae
reloadAllAccessors: .Const3

===========================================================================================
----------------- testing Mon Jun 06 02:11:45 UTC 2022 /home/travis/build/icyphy/ptII/ptolemy/actor/lib/test/auto/ConstantPublisherPort1.xml
----------------- Instantiating /home/travis/build/icyphy/ptII/ptolemy/actor/lib/test/auto/ConstantPublisherPort1.xml
9 ms. Memory: 559104K Free: 504713K (90%)
----------------- Invoking toplevel() on ptolemy.moml.MoMLSimpleApplication@47fe18eb
----------------- Done invoking toplevel() on ptolemy.moml.MoMLSimpleApplication@47fe18eb
reloadAllAccessors: .ConstantPublisherPort1

===========================================================================================
----------------- testing Mon Jun 06 02:11:45 UTC 2022 /home/travis/build/icyphy/ptII/ptolemy/actor/lib/test/auto/ConstantPublisherPort2.xml
----------------- Instantiating /home/travis/build/icyphy/ptII/ptolemy/actor/lib/test/auto/ConstantPublisherPort2.xml
8 ms. Memory: 559104K Free: 497033K (89%)
----------------- Invoking toplevel() on ptolemy.moml.MoMLSimpleApplication@82e9a06
----------------- Done invoking toplevel() on ptolemy.moml.MoMLSimpleApplication@82e9a06
reloadAllAccessors: .ConstantPublisherPort2

===========================================================================================
----------------- testing Mon Jun 06 02:11:45 UTC 2022 /home/travis/build/icyphy/ptII/ptolemy/actor/lib/test/auto/ConstantPublisherPort3.xml
----------------- Instantiating /home/travis/build/icyphy/ptII/ptolemy/actor/lib/test/auto/ConstantPublisherPort3.xml
5 ms. Memory: 559104K Free: 489353K (88%)
----------------- Invoking toplevel() on ptolemy.moml.MoMLSimpleApplication@291cce4c
----------------- Done invoking toplevel() on ptolemy.moml.MoMLSimpleApplication@291cce4c
reloadAllAccessors: .ConstantPublisherPort3

===========================================================================================
----------------- testing Mon Jun 06 02:11:45 UTC 2022 /home/travis/build/icyphy/ptII/ptolemy/actor/lib/test/auto/ConstantPublisherPort4.xml
----------------- Instantiating /home/travis/build/icyphy/ptII/ptolemy/actor/lib/test/auto/ConstantPublisherPort4.xml
3 ms. Memory: 559104K Free: 482699K (86%)
----------------- Invoking toplevel() on ptolemy.moml.MoMLSimpleApplication@bf9352
----------------- Done invoking toplevel() on ptolemy.moml.MoMLSimpleApplication@bf9352
reloadAllAccessors: .ConstantPublisherPort4

===========================================================================================
----------------- testing Mon Jun 06 02:11:45 UTC 2022 /home/travis/build/icyphy/ptII/ptolemy/actor/lib/test/auto/ConstantPublisherPort5.xml
----------------- Instantiating /home/travis/build/icyphy/ptII/ptolemy/actor/lib/test/auto/ConstantPublisherPort5.xml
34 ms. Memory: 559104K Free: 472969K (85%)
----------------- Invoking toplevel() on ptolemy.moml.MoMLSimpleApplication@455378c4
----------------- Done invoking toplevel() on ptolemy.moml.MoMLSimpleApplication@455378c4
reloadAllAccessors: .ConstantPublisherPort5

===========================================================================================
----------------- testing Mon Jun 06 02:11:45 UTC 2022 /home/travis/build/icyphy/ptII/ptolemy/actor/lib/test/auto/ConstantPublisherPort6.xml
----------------- Instantiating /home/travis/build/icyphy/ptII/ptolemy/actor/lib/test/auto/ConstantPublisherPort6.xml
12 ms. Memory: 559104K Free: 463753K (83%)
----------------- Invoking toplevel() on ptolemy.moml.MoMLSimpleApplication@9e8ee16
----------------- Done invoking toplevel() on ptolemy.moml.MoMLSimpleApplication@9e8ee16
reloadAllAccessors: .ConstantPublisherPort6

===========================================================================================
----------------- testing Mon Jun 06 02:11:45 UTC 2022 /home/travis/build/icyphy/ptII/ptolemy/actor/lib/test/auto/ConstantPublisherPort7.xml
----------------- Instantiating /home/travis/build/icyphy/ptII/ptolemy/actor/lib/test/auto/ConstantPublisherPort7.xml
19 ms. Memory: 559104K Free: 454537K (81%)
----------------- Invoking toplevel() on ptolemy.moml.MoMLSimpleApplication@626783d3
----------------- Done invoking toplevel() on ptolemy.moml.MoMLSimpleApplication@626783d3
reloadAllAccessors: .ConstantPublisherPort7

===========================================================================================
----------------- testing Mon Jun 06 02:11:45 UTC 2022 /home/travis/build/icyphy/ptII/ptolemy/actor/lib/test/auto/ConstraintMonitor1.xml
----------------- Instantiating /home/travis/build/icyphy/ptII/ptolemy/actor/lib/test/auto/ConstraintMonitor1.xml
6 ms. Memory: 559104K Free: 449417K (80%)
----------------- Invoking toplevel() on ptolemy.moml.MoMLSimpleApplication@33c72671
----------------- Done invoking toplevel() on ptolemy.moml.MoMLSimpleApplication@33c72671
reloadAllAccessors: .ConstraintMonitor1

===========================================================================================
----------------- testing Mon Jun 06 02:11:45 UTC 2022 /home/travis/build/icyphy/ptII/ptolemy/actor/lib/test/auto/ConstraintMonitor2.xml
----------------- Instantiating /home/travis/build/icyphy/ptII/ptolemy/actor/lib/test/auto/ConstraintMonitor2.xml
4 ms. Memory: 559104K Free: 444811K (80%)
----------------- Invoking toplevel() on ptolemy.moml.MoMLSimpleApplication@530ffb1f
----------------- Done invoking toplevel() on ptolemy.moml.MoMLSimpleApplication@530ffb1f
reloadAllAccessors: .ConstraintMonitor2

===========================================================================================
----------------- testing Mon Jun 06 02:11:45 UTC 2022 /home/travis/build/icyphy/ptII/ptolemy/actor/lib/test/auto/ConstraintMonitor3.xml
----------------- Instantiating /home/travis/build/icyphy/ptII/ptolemy/actor/lib/test/auto/ConstraintMonitor3.xml
5 ms. Memory: 559104K Free: 440201K (79%)
----------------- Invoking toplevel() on ptolemy.moml.MoMLSimpleApplication@7fca760e
----------------- Done invoking toplevel() on ptolemy.moml.MoMLSimpleApplication@7fca760e
reloadAllAccessors: .ConstraintMonitor3

===========================================================================================
----------------- testing Mon Jun 06 02:11:45 UTC 2022 /home/travis/build/icyphy/ptII/ptolemy/actor/lib/test/auto/ConstraintMonitor4.xml
----------------- Instantiating /home/travis/build/icyphy/ptII/ptolemy/actor/lib/test/auto/ConstraintMonitor4.xml
1 ms. Memory: 559104K Free: 435081K (78%)
----------------- Invoking toplevel() on ptolemy.moml.MoMLSimpleApplication@31ad87d9
----------------- Done invoking toplevel() on ptolemy.moml.MoMLSimpleApplication@31ad87d9
reloadAllAccessors: .ConstraintMonitor4

===========================================================================================
----------------- testing Mon Jun 06 02:11:45 UTC 2022 /home/travis/build/icyphy/ptII/ptolemy/actor/lib/test/auto/ConstraintMonitor5.xml
----------------- Instantiating /home/travis/build/icyphy/ptII/ptolemy/actor/lib/test/auto/ConstraintMonitor5.xml
4 ms. Memory: 559104K Free: 429451K (77%)
----------------- Invoking toplevel() on ptolemy.moml.MoMLSimpleApplication@5794a618
----------------- Done invoking toplevel() on ptolemy.moml.MoMLSimpleApplication@5794a618
reloadAllAccessors: .ConstraintMonitor5

===========================================================================================
----------------- testing Mon Jun 06 02:11:45 UTC 2022 /home/travis/build/icyphy/ptII/ptolemy/actor/lib/test/auto/ConstraintMonitor6.xml
----------------- Instantiating /home/travis/build/icyphy/ptII/ptolemy/actor/lib/test/auto/ConstraintMonitor6.xml
5 ms. Memory: 559104K Free: 423811K (76%)
----------------- Invoking toplevel() on ptolemy.moml.MoMLSimpleApplication@47b4d86c
----------------- Done invoking toplevel() on ptolemy.moml.MoMLSimpleApplication@47b4d86c
reloadAllAccessors: .ConstraintMonitor6

===========================================================================================
----------------- testing Mon Jun 06 02:11:45 UTC 2022 /home/travis/build/icyphy/ptII/ptolemy/actor/lib/test/auto/ConstraintMonitor7.xml
----------------- Instantiating /home/travis/build/icyphy/ptII/ptolemy/actor/lib/test/auto/ConstraintMonitor7.xml
8 ms. Memory: 559104K Free: 417163K (75%)
----------------- Invoking toplevel() on ptolemy.moml.MoMLSimpleApplication@418b6c29
----------------- Done invoking toplevel() on ptolemy.moml.MoMLSimpleApplication@418b6c29
reloadAllAccessors: .ConstraintMonitor7

===========================================================================================
----------------- testing Mon Jun 06 02:11:45 UTC 2022 /home/travis/build/icyphy/ptII/ptolemy/actor/lib/test/auto/ConstraintMonitor8.xml
----------------- Instantiating /home/travis/build/icyphy/ptII/ptolemy/actor/lib/test/auto/ConstraintMonitor8.xml
4 ms. Memory: 559104K Free: 409475K (73%)
----------------- Invoking toplevel() on ptolemy.moml.MoMLSimpleApplication@7433189c
----------------- Done invoking toplevel() on ptolemy.moml.MoMLSimpleApplication@7433189c
reloadAllAccessors: .ConstraintMonitor8

===========================================================================================
----------------- testing Mon Jun 06 02:11:45 UTC 2022 /home/travis/build/icyphy/ptII/ptolemy/actor/lib/test/auto/Counter.xml
----------------- Instantiating /home/travis/build/icyphy/ptII/ptolemy/actor/lib/test/auto/Counter.xml
3 ms. Memory: 559104K Free: 404361K (72%)
----------------- Invoking toplevel() on ptolemy.moml.MoMLSimpleApplication@3d40cbc3
----------------- Done invoking toplevel() on ptolemy.moml.MoMLSimpleApplication@3d40cbc3
reloadAllAccessors: .Counter

===========================================================================================
----------------- testing Mon Jun 06 02:11:45 UTC 2022 /home/travis/build/icyphy/ptII/ptolemy/actor/lib/test/auto/CurrentTimeSDF.xml
----------------- Instantiating /home/travis/build/icyphy/ptII/ptolemy/actor/lib/test/auto/CurrentTimeSDF.xml
1 ms. Memory: 559104K Free: 400779K (72%)
----------------- Invoking toplevel() on ptolemy.moml.MoMLSimpleApplication@3759b46
----------------- Done invoking toplevel() on ptolemy.moml.MoMLSimpleApplication@3759b46
reloadAllAccessors: .CurrentTimeSDF

===========================================================================================
----------------- testing Mon Jun 06 02:11:45 UTC 2022 /home/travis/build/icyphy/ptII/ptolemy/actor/lib/test/auto/DB.xml
----------------- Instantiating /home/travis/build/icyphy/ptII/ptolemy/actor/lib/test/auto/DB.xml
1 ms. Memory: 559104K Free: 395145K (71%)
----------------- Invoking toplevel() on ptolemy.moml.MoMLSimpleApplication@64a98068
----------------- Done invoking toplevel() on ptolemy.moml.MoMLSimpleApplication@64a98068
reloadAllAccessors: .DB

===========================================================================================
----------------- testing Mon Jun 06 02:11:45 UTC 2022 /home/travis/build/icyphy/ptII/ptolemy/actor/lib/test/auto/DBDE.xml
----------------- Instantiating /home/travis/build/icyphy/ptII/ptolemy/actor/lib/test/auto/DBDE.xml
2 ms. Memory: 559104K Free: 388987K (70%)
----------------- Invoking toplevel() on ptolemy.moml.MoMLSimpleApplication@5711e10f
----------------- Done invoking toplevel() on ptolemy.moml.MoMLSimpleApplication@5711e10f
reloadAllAccessors: .DBDE

===========================================================================================
----------------- testing Mon Jun 06 02:11:45 UTC 2022 /home/travis/build/icyphy/ptII/ptolemy/actor/lib/test/auto/DateConstructor.xml
----------------- Instantiating /home/travis/build/icyphy/ptII/ptolemy/actor/lib/test/auto/DateConstructor.xml
27 ms. Memory: 559104K Free: 371593K (66%)
----------------- Invoking toplevel() on ptolemy.moml.MoMLSimpleApplication@7994ea98
----------------- Done invoking toplevel() on ptolemy.moml.MoMLSimpleApplication@7994ea98
reloadAllAccessors: .DateConstructor

===========================================================================================
----------------- testing Mon Jun 06 02:11:45 UTC 2022 /home/travis/build/icyphy/ptII/ptolemy/actor/lib/test/auto/DelayTime.xml
----------------- Instantiating /home/travis/build/icyphy/ptII/ptolemy/actor/lib/test/auto/DelayTime.xml
8 ms. Memory: 559104K Free: 366473K (66%)
----------------- Invoking toplevel() on ptolemy.moml.MoMLSimpleApplication@2306b965
----------------- Done invoking toplevel() on ptolemy.moml.MoMLSimpleApplication@2306b965
reloadAllAccessors: .DelayTime

===========================================================================================
----------------- testing Mon Jun 06 02:11:46 UTC 2022 /home/travis/build/icyphy/ptII/ptolemy/actor/lib/test/auto/Dictionary1.xml
----------------- Instantiating /home/travis/build/icyphy/ptII/ptolemy/actor/lib/test/auto/Dictionary1.xml
2 ms. Memory: 559104K Free: 360843K (65%)
----------------- Invoking toplevel() on ptolemy.moml.MoMLSimpleApplication@1f4dd2e8
----------------- Done invoking toplevel() on ptolemy.moml.MoMLSimpleApplication@1f4dd2e8
reloadAllAccessors: .Dictionary1

===========================================================================================
----------------- testing Mon Jun 06 02:11:46 UTC 2022 /home/travis/build/icyphy/ptII/ptolemy/actor/lib/test/auto/Dictionary2.xml
----------------- Instantiating /home/travis/build/icyphy/ptII/ptolemy/actor/lib/test/auto/Dictionary2.xml
1 ms. Memory: 559104K Free: 355723K (64%)
----------------- Invoking toplevel() on ptolemy.moml.MoMLSimpleApplication@41b42e6d
----------------- Done invoking toplevel() on ptolemy.moml.MoMLSimpleApplication@41b42e6d
reloadAllAccessors: .Dictionary2

===========================================================================================
----------------- testing Mon Jun 06 02:11:46 UTC 2022 /home/travis/build/icyphy/ptII/ptolemy/actor/lib/test/auto/Dictionary3.xml
----------------- Instantiating /home/travis/build/icyphy/ptII/ptolemy/actor/lib/test/auto/Dictionary3.xml
2 ms. Memory: 559104K Free: 350089K (63%)
----------------- Invoking toplevel() on ptolemy.moml.MoMLSimpleApplication@68a67440
----------------- Done invoking toplevel() on ptolemy.moml.MoMLSimpleApplication@68a67440
reloadAllAccessors: .Dictionary3

===========================================================================================
----------------- testing Mon Jun 06 02:11:46 UTC 2022 /home/travis/build/icyphy/ptII/ptolemy/actor/lib/test/auto/Dictionary4.xml
----------------- Instantiating /home/travis/build/icyphy/ptII/ptolemy/actor/lib/test/auto/Dictionary4.xml
2 ms. Memory: 559104K Free: 342921K (61%)
----------------- Invoking toplevel() on ptolemy.moml.MoMLSimpleApplication@1afef9db
----------------- Done invoking toplevel() on ptolemy.moml.MoMLSimpleApplication@1afef9db
reloadAllAccessors: .Dictionary4

===========================================================================================
----------------- testing Mon Jun 06 02:11:46 UTC 2022 /home/travis/build/icyphy/ptII/ptolemy/actor/lib/test/auto/Differential.xml
----------------- Instantiating /home/travis/build/icyphy/ptII/ptolemy/actor/lib/test/auto/Differential.xml
2 ms. Memory: 559104K Free: 338315K (61%)
----------------- Invoking toplevel() on ptolemy.moml.MoMLSimpleApplication@5339248a
----------------- Done invoking toplevel() on ptolemy.moml.MoMLSimpleApplication@5339248a
reloadAllAccessors: .Differential

===========================================================================================
----------------- testing Mon Jun 06 02:11:46 UTC 2022 /home/travis/build/icyphy/ptII/ptolemy/actor/lib/test/auto/Director.xml
----------------- Instantiating /home/travis/build/icyphy/ptII/ptolemy/actor/lib/test/auto/Director.xml
1 ms. Memory: 559104K Free: 335243K (60%)
----------------- Invoking toplevel() on ptolemy.moml.MoMLSimpleApplication@546b8173
----------------- Done invoking toplevel() on ptolemy.moml.MoMLSimpleApplication@546b8173
reloadAllAccessors: .Director

===========================================================================================
----------------- testing Mon Jun 06 02:11:46 UTC 2022 /home/travis/build/icyphy/ptII/ptolemy/actor/lib/test/auto/DiscreteClock.xml
----------------- Instantiating /home/travis/build/icyphy/ptII/ptolemy/actor/lib/test/auto/DiscreteClock.xml
1 ms. Memory: 559104K Free: 331147K (59%)
----------------- Invoking toplevel() on ptolemy.moml.MoMLSimpleApplication@79ea8843
----------------- Done invoking toplevel() on ptolemy.moml.MoMLSimpleApplication@79ea8843
reloadAllAccessors: .DiscreteClock

===========================================================================================
----------------- testing Mon Jun 06 02:11:46 UTC 2022 /home/travis/build/icyphy/ptII/ptolemy/actor/lib/test/auto/DiscreteClock10.xml
----------------- Instantiating /home/travis/build/icyphy/ptII/ptolemy/actor/lib/test/auto/DiscreteClock10.xml
2 ms. Memory: 559104K Free: 325003K (58%)
----------------- Invoking toplevel() on ptolemy.moml.MoMLSimpleApplication@5ee81d16
----------------- Done invoking toplevel() on ptolemy.moml.MoMLSimpleApplication@5ee81d16
reloadAllAccessors: .DiscreteClock10

===========================================================================================
----------------- testing Mon Jun 06 02:11:46 UTC 2022 /home/travis/build/icyphy/ptII/ptolemy/actor/lib/test/auto/DiscreteClock11.xml
----------------- Instantiating /home/travis/build/icyphy/ptII/ptolemy/actor/lib/test/auto/DiscreteClock11.xml
2 ms. Memory: 559104K Free: 319369K (57%)
----------------- Invoking toplevel() on ptolemy.moml.MoMLSimpleApplication@5c343331
----------------- Done invoking toplevel() on ptolemy.moml.MoMLSimpleApplication@5c343331
reloadAllAccessors: .DiscreteClock11

===========================================================================================
----------------- testing Mon Jun 06 02:11:46 UTC 2022 /home/travis/build/icyphy/ptII/ptolemy/actor/lib/test/auto/DiscreteClock12.xml
----------------- Instantiating /home/travis/build/icyphy/ptII/ptolemy/actor/lib/test/auto/DiscreteClock12.xml
4 ms. Memory: 559104K Free: 313225K (56%)
----------------- Invoking toplevel() on ptolemy.moml.MoMLSimpleApplication@65b8b246
----------------- Done invoking toplevel() on ptolemy.moml.MoMLSimpleApplication@65b8b246
reloadAllAccessors: .DiscreteClock12

===========================================================================================
----------------- testing Mon Jun 06 02:11:46 UTC 2022 /home/travis/build/icyphy/ptII/ptolemy/actor/lib/test/auto/DiscreteClock13.xml
----------------- Instantiating /home/travis/build/icyphy/ptII/ptolemy/actor/lib/test/auto/DiscreteClock13.xml
2 ms. Memory: 559104K Free: 307075K (55%)
----------------- Invoking toplevel() on ptolemy.moml.MoMLSimpleApplication@7177d522
----------------- Done invoking toplevel() on ptolemy.moml.MoMLSimpleApplication@7177d522
reloadAllAccessors: .DiscreteClock13

===========================================================================================
----------------- testing Mon Jun 06 02:11:46 UTC 2022 /home/travis/build/icyphy/ptII/ptolemy/actor/lib/test/auto/DiscreteClock14.xml
----------------- Instantiating /home/travis/build/icyphy/ptII/ptolemy/actor/lib/test/auto/DiscreteClock14.xml
3 ms. Memory: 559104K Free: 300931K (54%)
----------------- Invoking toplevel() on ptolemy.moml.MoMLSimpleApplication@672754ca
----------------- Done invoking toplevel() on ptolemy.moml.MoMLSimpleApplication@672754ca
reloadAllAccessors: .DiscreteClock14

===========================================================================================
----------------- testing Mon Jun 06 02:11:46 UTC 2022 /home/travis/build/icyphy/ptII/ptolemy/actor/lib/test/auto/DiscreteClock15.xml
----------------- Instantiating /home/travis/build/icyphy/ptII/ptolemy/actor/lib/test/auto/DiscreteClock15.xml
3 ms. Memory: 559104K Free: 294787K (53%)
----------------- Invoking toplevel() on ptolemy.moml.MoMLSimpleApplication@7b5b3f39
----------------- Done invoking toplevel() on ptolemy.moml.MoMLSimpleApplication@7b5b3f39
reloadAllAccessors: .DiscreteClock15

===========================================================================================
----------------- testing Mon Jun 06 02:11:46 UTC 2022 /home/travis/build/icyphy/ptII/ptolemy/actor/lib/test/auto/DiscreteClock16.xml
----------------- Instantiating /home/travis/build/icyphy/ptII/ptolemy/actor/lib/test/auto/DiscreteClock16.xml
14 ms. Memory: 559104K Free: 280971K (50%)
----------------- Invoking toplevel() on ptolemy.moml.MoMLSimpleApplication@1c5b5647
----------------- Done invoking toplevel() on ptolemy.moml.MoMLSimpleApplication@1c5b5647
reloadAllAccessors: .DiscreteClock16

===========================================================================================
----------------- testing Mon Jun 06 02:11:46 UTC 2022 /home/travis/build/icyphy/ptII/ptolemy/actor/lib/test/auto/DiscreteClock17.xml
----------------- Instantiating /home/travis/build/icyphy/ptII/ptolemy/actor/lib/test/auto/DiscreteClock17.xml
16 ms. Memory: 559104K Free: 266121K (48%)
----------------- Invoking toplevel() on ptolemy.moml.MoMLSimpleApplication@421a7d06
----------------- Done invoking toplevel() on ptolemy.moml.MoMLSimpleApplication@421a7d06
reloadAllAccessors: .DiscreteClock17

===========================================================================================
----------------- testing Mon Jun 06 02:11:46 UTC 2022 /home/travis/build/icyphy/ptII/ptolemy/actor/lib/test/auto/DiscreteClock18.xml
----------------- Instantiating /home/travis/build/icyphy/ptII/ptolemy/actor/lib/test/auto/DiscreteClock18.xml
19 ms. Memory: 559104K Free: 252299K (45%)
----------------- Invoking toplevel() on ptolemy.moml.MoMLSimpleApplication@1590fa3a
----------------- Done invoking toplevel() on ptolemy.moml.MoMLSimpleApplication@1590fa3a
reloadAllAccessors: .DiscreteClock18

===========================================================================================
----------------- testing Mon Jun 06 02:11:46 UTC 2022 /home/travis/build/icyphy/ptII/ptolemy/actor/lib/test/auto/DiscreteClock19.xml
----------------- Instantiating /home/travis/build/icyphy/ptII/ptolemy/actor/lib/test/auto/DiscreteClock19.xml
16 ms. Memory: 559104K Free: 238987K (43%)
----------------- Invoking toplevel() on ptolemy.moml.MoMLSimpleApplication@299c9185
----------------- Done invoking toplevel() on ptolemy.moml.MoMLSimpleApplication@299c9185
reloadAllAccessors: .DiscreteClock19

===========================================================================================
----------------- testing Mon Jun 06 02:11:46 UTC 2022 /home/travis/build/icyphy/ptII/ptolemy/actor/lib/test/auto/DiscreteClock2.xml
----------------- Instantiating /home/travis/build/icyphy/ptII/ptolemy/actor/lib/test/auto/DiscreteClock2.xml
4 ms. Memory: 559104K Free: 233867K (42%)
----------------- Invoking toplevel() on ptolemy.moml.MoMLSimpleApplication@d9f9f99
----------------- Done invoking toplevel() on ptolemy.moml.MoMLSimpleApplication@d9f9f99
reloadAllAccessors: .DiscreteClock2

===========================================================================================
----------------- testing Mon Jun 06 02:11:46 UTC 2022 /home/travis/build/icyphy/ptII/ptolemy/actor/lib/test/auto/DiscreteClock20.xml
----------------- Instantiating /home/travis/build/icyphy/ptII/ptolemy/actor/lib/test/auto/DiscreteClock20.xml
7 ms. Memory: 559104K Free: 228233K (41%)
----------------- Invoking toplevel() on ptolemy.moml.MoMLSimpleApplication@541671a5
----------------- Done invoking toplevel() on ptolemy.moml.MoMLSimpleApplication@541671a5
reloadAllAccessors: .DiscreteClock20

===========================================================================================
----------------- testing Mon Jun 06 02:11:46 UTC 2022 /home/travis/build/icyphy/ptII/ptolemy/actor/lib/test/auto/DiscreteClock21.xml
----------------- Instantiating /home/travis/build/icyphy/ptII/ptolemy/actor/lib/test/auto/DiscreteClock21.xml
5 ms. Memory: 559104K Free: 222603K (40%)
----------------- Invoking toplevel() on ptolemy.moml.MoMLSimpleApplication@393a50ea
----------------- Done invoking toplevel() on ptolemy.moml.MoMLSimpleApplication@393a50ea
reloadAllAccessors: .DiscreteClock21

===========================================================================================
----------------- testing Mon Jun 06 02:11:46 UTC 2022 /home/travis/build/icyphy/ptII/ptolemy/actor/lib/test/auto/DiscreteClock22.xml
----------------- Instantiating /home/travis/build/icyphy/ptII/ptolemy/actor/lib/test/auto/DiscreteClock22.xml
6 ms. Memory: 559104K Free: 217483K (39%)
----------------- Invoking toplevel() on ptolemy.moml.MoMLSimpleApplication@7e9c6770
----------------- Done invoking toplevel() on ptolemy.moml.MoMLSimpleApplication@7e9c6770
reloadAllAccessors: .DiscreteClock22

===========================================================================================
----------------- testing Mon Jun 06 02:11:46 UTC 2022 /home/travis/build/icyphy/ptII/ptolemy/actor/lib/test/auto/DiscreteClock23.xml
----------------- Instantiating /home/travis/build/icyphy/ptII/ptolemy/actor/lib/test/auto/DiscreteClock23.xml
9 ms. Memory: 559104K Free: 211849K (38%)
----------------- Invoking toplevel() on ptolemy.moml.MoMLSimpleApplication@319efdb7
----------------- Done invoking toplevel() on ptolemy.moml.MoMLSimpleApplication@319efdb7
reloadAllAccessors: .DiscreteClock23

===========================================================================================
----------------- testing Mon Jun 06 02:11:46 UTC 2022 /home/travis/build/icyphy/ptII/ptolemy/actor/lib/test/auto/DiscreteClock24.xml
----------------- Instantiating /home/travis/build/icyphy/ptII/ptolemy/actor/lib/test/auto/DiscreteClock24.xml
4 ms. Memory: 559104K Free: 206219K (37%)
----------------- Invoking toplevel() on ptolemy.moml.MoMLSimpleApplication@445469f7
----------------- Done invoking toplevel() on ptolemy.moml.MoMLSimpleApplication@445469f7
reloadAllAccessors: .DiscreteClock24

===========================================================================================
----------------- testing Mon Jun 06 02:11:46 UTC 2022 /home/travis/build/icyphy/ptII/ptolemy/actor/lib/test/auto/DiscreteClock4.xml
----------------- Instantiating /home/travis/build/icyphy/ptII/ptolemy/actor/lib/test/auto/DiscreteClock4.xml
4 ms. Memory: 559104K Free: 200571K (36%)
----------------- Invoking toplevel() on ptolemy.moml.MoMLSimpleApplication@a86b1ee
----------------- Done invoking toplevel() on ptolemy.moml.MoMLSimpleApplication@a86b1ee
reloadAllAccessors: .DiscreteClock4

===========================================================================================
----------------- testing Mon Jun 06 02:11:46 UTC 2022 /home/travis/build/icyphy/ptII/ptolemy/actor/lib/test/auto/DiscreteClock5.xml
----------------- Instantiating /home/travis/build/icyphy/ptII/ptolemy/actor/lib/test/auto/DiscreteClock5.xml
2 ms. Memory: 559104K Free: 194955K (35%)
----------------- Invoking toplevel() on ptolemy.moml.MoMLSimpleApplication@72c30d76
----------------- Done invoking toplevel() on ptolemy.moml.MoMLSimpleApplication@72c30d76
reloadAllAccessors: .DiscreteClock5

===========================================================================================
----------------- testing Mon Jun 06 02:11:46 UTC 2022 /home/travis/build/icyphy/ptII/ptolemy/actor/lib/test/auto/DiscreteClock6.xml
----------------- Instantiating /home/travis/build/icyphy/ptII/ptolemy/actor/lib/test/auto/DiscreteClock6.xml
1 ms. Memory: 559104K Free: 507498K (91%)
----------------- Invoking toplevel() on ptolemy.moml.MoMLSimpleApplication@260980a4
----------------- Done invoking toplevel() on ptolemy.moml.MoMLSimpleApplication@260980a4
reloadAllAccessors: .DiscreteClock6

===========================================================================================
----------------- testing Mon Jun 06 02:11:46 UTC 2022 /home/travis/build/icyphy/ptII/ptolemy/actor/lib/test/auto/DiscreteClock7.xml
----------------- Instantiating /home/travis/build/icyphy/ptII/ptolemy/actor/lib/test/auto/DiscreteClock7.xml
1 ms. Memory: 559104K Free: 502665K (90%)
----------------- Invoking toplevel() on ptolemy.moml.MoMLSimpleApplication@57081420
----------------- Done invoking toplevel() on ptolemy.moml.MoMLSimpleApplication@57081420
reloadAllAccessors: .DiscreteClock7

===========================================================================================
----------------- testing Mon Jun 06 02:11:46 UTC 2022 /home/travis/build/icyphy/ptII/ptolemy/actor/lib/test/auto/DiscreteClock8.xml
----------------- Instantiating /home/travis/build/icyphy/ptII/ptolemy/actor/lib/test/auto/DiscreteClock8.xml
3 ms. Memory: 559104K Free: 497033K (89%)
----------------- Invoking toplevel() on ptolemy.moml.MoMLSimpleApplication@5f5c2ec2
----------------- Done invoking toplevel() on ptolemy.moml.MoMLSimpleApplication@5f5c2ec2
reloadAllAccessors: .DiscreteClock8

===========================================================================================
----------------- testing Mon Jun 06 02:11:46 UTC 2022 /home/travis/build/icyphy/ptII/ptolemy/actor/lib/test/auto/DiscreteClock9.xml
----------------- Instantiating /home/travis/build/icyphy/ptII/ptolemy/actor/lib/test/auto/DiscreteClock9.xml
2 ms. Memory: 559104K Free: 491395K (88%)
----------------- Invoking toplevel() on ptolemy.moml.MoMLSimpleApplication@5d9e1c53
----------------- Done invoking toplevel() on ptolemy.moml.MoMLSimpleApplication@5d9e1c53
reloadAllAccessors: .DiscreteClock9

===========================================================================================
----------------- testing Mon Jun 06 02:11:46 UTC 2022 /home/travis/build/icyphy/ptII/ptolemy/actor/lib/test/auto/DisplayArray.xml
----------------- Instantiating /home/travis/build/icyphy/ptII/ptolemy/actor/lib/test/auto/DisplayArray.xml
1 ms. Memory: 559104K Free: 487819K (87%)
----------------- Invoking toplevel() on ptolemy.moml.MoMLSimpleApplication@17731f2f
----------------- Done invoking toplevel() on ptolemy.moml.MoMLSimpleApplication@17731f2f
reloadAllAccessors: .DisplayArray

===========================================================================================
----------------- testing Mon Jun 06 02:11:46 UTC 2022 /home/travis/build/icyphy/ptII/ptolemy/actor/lib/test/auto/Distributor.xml
----------------- Instantiating /home/travis/build/icyphy/ptII/ptolemy/actor/lib/test/auto/Distributor.xml
1 ms. Memory: 559104K Free: 482699K (86%)
----------------- Invoking toplevel() on ptolemy.moml.MoMLSimpleApplication@da318bc
----------------- Done invoking toplevel() on ptolemy.moml.MoMLSimpleApplication@da318bc
reloadAllAccessors: .Distributor

===========================================================================================
----------------- testing Mon Jun 06 02:11:46 UTC 2022 /home/travis/build/icyphy/ptII/ptolemy/actor/lib/test/auto/Distributor2.xml
----------------- Instantiating /home/travis/build/icyphy/ptII/ptolemy/actor/lib/test/auto/Distributor2.xml
1 ms. Memory: 559104K Free: 478089K (86%)
----------------- Invoking toplevel() on ptolemy.moml.MoMLSimpleApplication@6d4dd405
----------------- Done invoking toplevel() on ptolemy.moml.MoMLSimpleApplication@6d4dd405
reloadAllAccessors: .Distributor2

===========================================================================================
----------------- testing Mon Jun 06 02:11:46 UTC 2022 /home/travis/build/icyphy/ptII/ptolemy/actor/lib/test/auto/DownSample.xml
----------------- Instantiating /home/travis/build/icyphy/ptII/ptolemy/actor/lib/test/auto/DownSample.xml
1 ms. Memory: 559104K Free: 473483K (85%)
----------------- Invoking toplevel() on ptolemy.moml.MoMLSimpleApplication@881d482
----------------- Done invoking toplevel() on ptolemy.moml.MoMLSimpleApplication@881d482
reloadAllAccessors: .DownSample

===========================================================================================
----------------- testing Mon Jun 06 02:11:46 UTC 2022 /home/travis/build/icyphy/ptII/ptolemy/actor/lib/test/auto/ElectronicUnitBase1.xml
----------------- Instantiating /home/travis/build/icyphy/ptII/ptolemy/actor/lib/test/auto/ElectronicUnitBase1.xml
16 ms. Memory: 559104K Free: 457099K (82%)
----------------- Invoking toplevel() on ptolemy.moml.MoMLSimpleApplication@2663dbe3
----------------- Done invoking toplevel() on ptolemy.moml.MoMLSimpleApplication@2663dbe3
reloadAllAccessors: .ElectronicUnitBase1

===========================================================================================
----------------- testing Mon Jun 06 02:11:46 UTC 2022 /home/travis/build/icyphy/ptII/ptolemy/actor/lib/test/auto/ElementsToArray.xml
----------------- Instantiating /home/travis/build/icyphy/ptII/ptolemy/actor/lib/test/auto/ElementsToArray.xml
2 ms. Memory: 559104K Free: 451979K (81%)
----------------- Invoking toplevel() on ptolemy.moml.MoMLSimpleApplication@2a18e7aa
----------------- Done invoking toplevel() on ptolemy.moml.MoMLSimpleApplication@2a18e7aa
reloadAllAccessors: .ElementsToArray

===========================================================================================
----------------- testing Mon Jun 06 02:11:46 UTC 2022 /home/travis/build/icyphy/ptII/ptolemy/actor/lib/test/auto/Equals.xml
----------------- Instantiating /home/travis/build/icyphy/ptII/ptolemy/actor/lib/test/auto/Equals.xml
1 ms. Memory: 559104K Free: 447369K (80%)
----------------- Invoking toplevel() on ptolemy.moml.MoMLSimpleApplication@6b17a533
----------------- Done invoking toplevel() on ptolemy.moml.MoMLSimpleApplication@6b17a533
reloadAllAccessors: .Equals

===========================================================================================
----------------- testing Mon Jun 06 02:11:46 UTC 2022 /home/travis/build/icyphy/ptII/ptolemy/actor/lib/test/auto/Exec.xml
----------------- Instantiating /home/travis/build/icyphy/ptII/ptolemy/actor/lib/test/auto/Exec.xml
18 ms. Memory: 559104K Free: 441739K (79%)
----------------- Invoking toplevel() on ptolemy.moml.MoMLSimpleApplication@7efc2a52
----------------- Done invoking toplevel() on ptolemy.moml.MoMLSimpleApplication@7efc2a52
reloadAllAccessors: .Exec

===========================================================================================
----------------- testing Mon Jun 06 02:11:46 UTC 2022 /home/travis/build/icyphy/ptII/ptolemy/actor/lib/test/auto/ExecEnvironment.xml
----------------- Instantiating /home/travis/build/icyphy/ptII/ptolemy/actor/lib/test/auto/ExecEnvironment.xml
33 ms. Memory: 559104K Free: 435595K (78%)
----------------- Invoking toplevel() on ptolemy.moml.MoMLSimpleApplication@1268e7b1
----------------- Done invoking toplevel() on ptolemy.moml.MoMLSimpleApplication@1268e7b1
reloadAllAccessors: .ExecEnvironment

===========================================================================================
----------------- testing Mon Jun 06 02:11:46 UTC 2022 /home/travis/build/icyphy/ptII/ptolemy/actor/lib/test/auto/ExecNonZeroReturnOutput.xml
----------------- Instantiating /home/travis/build/icyphy/ptII/ptolemy/actor/lib/test/auto/ExecNonZeroReturnOutput.xml
155 ms. Memory: 559104K Free: 423817K (76%)
----------------- Invoking toplevel() on ptolemy.moml.MoMLSimpleApplication@705da993
----------------- Done invoking toplevel() on ptolemy.moml.MoMLSimpleApplication@705da993
reloadAllAccessors: .ExecNonZeroReturnOutput

===========================================================================================
----------------- testing Mon Jun 06 02:11:47 UTC 2022 /home/travis/build/icyphy/ptII/ptolemy/actor/lib/test/auto/ExecRunDemos.xml
----------------- Instantiating /home/travis/build/icyphy/ptII/ptolemy/actor/lib/test/auto/ExecRunDemos.xml
Finished: 90 ms. Memory: 129024K Free: 111705K (87%)

Finished: 75 ms. Memory: 129024K Free: 108872K (84%)

Finished: 91 ms. Memory: 129024K Free: 109100K (85%)

Finished: 74 ms. Memory: 129024K Free: 110625K (86%)

Finished: 94 ms. Memory: 129024K Free: 111430K (86%)

10368 ms. Memory: 559104K Free: 402825K (72%)
----------------- Invoking toplevel() on ptolemy.moml.MoMLSimpleApplication@64c7b1ef
----------------- Done invoking toplevel() on ptolemy.moml.MoMLSimpleApplication@64c7b1ef
reloadAllAccessors: .ExecRunDemos

===========================================================================================
----------------- testing Mon Jun 06 02:11:57 UTC 2022 /home/travis/build/icyphy/ptII/ptolemy/actor/lib/test/auto/ExecStop.xml
----------------- Instantiating /home/travis/build/icyphy/ptII/ptolemy/actor/lib/test/auto/ExecStop.xml
5018 ms. Memory: 559104K Free: 275851K (49%)
----------------- Invoking toplevel() on ptolemy.moml.MoMLSimpleApplication@52bfa48d
----------------- Done invoking toplevel() on ptolemy.moml.MoMLSimpleApplication@52bfa48d
reloadAllAccessors: .ExecStop

===========================================================================================
----------------- testing Mon Jun 06 02:12:02 UTC 2022 /home/travis/build/icyphy/ptII/ptolemy/actor/lib/test/auto/ExecutionTimeSDF.xml
----------------- Instantiating /home/travis/build/icyphy/ptII/ptolemy/actor/lib/test/auto/ExecutionTimeSDF.xml
Fired ExecutionTime: -622567296
Fired ExecutionTime: 1349200000
Fired ExecutionTime: 199032704
6007 ms. Memory: 559104K Free: 263563K (47%)
----------------- Invoking toplevel() on ptolemy.moml.MoMLSimpleApplication@1ce40ca7
----------------- Done invoking toplevel() on ptolemy.moml.MoMLSimpleApplication@1ce40ca7
reloadAllAccessors: .ExecutionTimeSDF

===========================================================================================
----------------- testing Mon Jun 06 02:12:08 UTC 2022 /home/travis/build/icyphy/ptII/ptolemy/actor/lib/test/auto/Expression1.xml
----------------- Instantiating /home/travis/build/icyphy/ptII/ptolemy/actor/lib/test/auto/Expression1.xml
1 ms. Memory: 559104K Free: 259977K (46%)
----------------- Invoking toplevel() on ptolemy.moml.MoMLSimpleApplication@60e32482
----------------- Done invoking toplevel() on ptolemy.moml.MoMLSimpleApplication@60e32482
reloadAllAccessors: .Expression1

===========================================================================================
----------------- testing Mon Jun 06 02:12:08 UTC 2022 /home/travis/build/icyphy/ptII/ptolemy/actor/lib/test/auto/Expression10.xml
----------------- Instantiating /home/travis/build/icyphy/ptII/ptolemy/actor/lib/test/auto/Expression10.xml
5 ms. Memory: 559104K Free: 254347K (45%)
----------------- Invoking toplevel() on ptolemy.moml.MoMLSimpleApplication@418db8fb
----------------- Done invoking toplevel() on ptolemy.moml.MoMLSimpleApplication@418db8fb
reloadAllAccessors: .Expression10

===========================================================================================
----------------- testing Mon Jun 06 02:12:08 UTC 2022 /home/travis/build/icyphy/ptII/ptolemy/actor/lib/test/auto/Expression11.xml
----------------- Instantiating /home/travis/build/icyphy/ptII/ptolemy/actor/lib/test/auto/Expression11.xml
2 ms. Memory: 559104K Free: 249737K (45%)
----------------- Invoking toplevel() on ptolemy.moml.MoMLSimpleApplication@6483ed6
----------------- Done invoking toplevel() on ptolemy.moml.MoMLSimpleApplication@6483ed6
reloadAllAccessors: .Expression11

===========================================================================================
----------------- testing Mon Jun 06 02:12:08 UTC 2022 /home/travis/build/icyphy/ptII/ptolemy/actor/lib/test/auto/Expression12.xml
----------------- Instantiating /home/travis/build/icyphy/ptII/ptolemy/actor/lib/test/auto/Expression12.xml
2 ms. Memory: 559104K Free: 244107K (44%)
----------------- Invoking toplevel() on ptolemy.moml.MoMLSimpleApplication@413fbc8a
----------------- Done invoking toplevel() on ptolemy.moml.MoMLSimpleApplication@413fbc8a
reloadAllAccessors: .Expression12

===========================================================================================
----------------- testing Mon Jun 06 02:12:08 UTC 2022 /home/travis/build/icyphy/ptII/ptolemy/actor/lib/test/auto/Expression13.xml
----------------- Instantiating /home/travis/build/icyphy/ptII/ptolemy/actor/lib/test/auto/Expression13.xml
3 ms. Memory: 559104K Free: 239497K (43%)
----------------- Invoking toplevel() on ptolemy.moml.MoMLSimpleApplication@3dbd1686
----------------- Done invoking toplevel() on ptolemy.moml.MoMLSimpleApplication@3dbd1686
reloadAllAccessors: .Expression13

===========================================================================================
----------------- testing Mon Jun 06 02:12:08 UTC 2022 /home/travis/build/icyphy/ptII/ptolemy/actor/lib/test/auto/Expression14.xml
----------------- Instantiating /home/travis/build/icyphy/ptII/ptolemy/actor/lib/test/auto/Expression14.xml
4 ms. Memory: 559104K Free: 233353K (42%)
----------------- Invoking toplevel() on ptolemy.moml.MoMLSimpleApplication@52eee152
----------------- Done invoking toplevel() on ptolemy.moml.MoMLSimpleApplication@52eee152
reloadAllAccessors: .Expression14

===========================================================================================
----------------- testing Mon Jun 06 02:12:08 UTC 2022 /home/travis/build/icyphy/ptII/ptolemy/actor/lib/test/auto/Expression15.xml
----------------- Instantiating /home/travis/build/icyphy/ptII/ptolemy/actor/lib/test/auto/Expression15.xml
1 ms. Memory: 559104K Free: 229257K (41%)
----------------- Invoking toplevel() on ptolemy.moml.MoMLSimpleApplication@2eac44b8
----------------- Done invoking toplevel() on ptolemy.moml.MoMLSimpleApplication@2eac44b8
reloadAllAccessors: .Expression15

===========================================================================================
----------------- testing Mon Jun 06 02:12:08 UTC 2022 /home/travis/build/icyphy/ptII/ptolemy/actor/lib/test/auto/Expression16.xml
----------------- Instantiating /home/travis/build/icyphy/ptII/ptolemy/actor/lib/test/auto/Expression16.xml
2 ms. Memory: 559104K Free: 224137K (40%)
----------------- Invoking toplevel() on ptolemy.moml.MoMLSimpleApplication@5bca4829
----------------- Done invoking toplevel() on ptolemy.moml.MoMLSimpleApplication@5bca4829
reloadAllAccessors: .Expression16

===========================================================================================
----------------- testing Mon Jun 06 02:12:08 UTC 2022 /home/travis/build/icyphy/ptII/ptolemy/actor/lib/test/auto/Expression17.xml
----------------- Instantiating /home/travis/build/icyphy/ptII/ptolemy/actor/lib/test/auto/Expression17.xml
2 ms. Memory: 559104K Free: 219017K (39%)
----------------- Invoking toplevel() on ptolemy.moml.MoMLSimpleApplication@23072410
----------------- Done invoking toplevel() on ptolemy.moml.MoMLSimpleApplication@23072410
reloadAllAccessors: .Expression17

===========================================================================================
----------------- testing Mon Jun 06 02:12:08 UTC 2022 /home/travis/build/icyphy/ptII/ptolemy/actor/lib/test/auto/Expression18.xml
----------------- Instantiating /home/travis/build/icyphy/ptII/ptolemy/actor/lib/test/auto/Expression18.xml
2 ms. Memory: 559104K Free: 213897K (38%)
----------------- Invoking toplevel() on ptolemy.moml.MoMLSimpleApplication@e5d1d70
----------------- Done invoking toplevel() on ptolemy.moml.MoMLSimpleApplication@e5d1d70
reloadAllAccessors: .Expression18

===========================================================================================
----------------- testing Mon Jun 06 02:12:08 UTC 2022 /home/travis/build/icyphy/ptII/ptolemy/actor/lib/test/auto/Expression2.xml
----------------- Instantiating /home/travis/build/icyphy/ptII/ptolemy/actor/lib/test/auto/Expression2.xml
3 ms. Memory: 559104K Free: 208777K (37%)
----------------- Invoking toplevel() on ptolemy.moml.MoMLSimpleApplication@612e85e9
----------------- Done invoking toplevel() on ptolemy.moml.MoMLSimpleApplication@612e85e9
reloadAllAccessors: .Expression2

===========================================================================================
----------------- testing Mon Jun 06 02:12:08 UTC 2022 /home/travis/build/icyphy/ptII/ptolemy/actor/lib/test/auto/Expression3.xml
----------------- Instantiating /home/travis/build/icyphy/ptII/ptolemy/actor/lib/test/auto/Expression3.xml
2 ms. Memory: 559104K Free: 203657K (36%)
----------------- Invoking toplevel() on ptolemy.moml.MoMLSimpleApplication@1bd8e8d1
----------------- Done invoking toplevel() on ptolemy.moml.MoMLSimpleApplication@1bd8e8d1
reloadAllAccessors: .Expression3

===========================================================================================
----------------- testing Mon Jun 06 02:12:08 UTC 2022 /home/travis/build/icyphy/ptII/ptolemy/actor/lib/test/auto/Expression4.xml
----------------- Instantiating /home/travis/build/icyphy/ptII/ptolemy/actor/lib/test/auto/Expression4.xml
7 ms. Memory: 559104K Free: 195979K (35%)
----------------- Invoking toplevel() on ptolemy.moml.MoMLSimpleApplication@50d160e6
----------------- Done invoking toplevel() on ptolemy.moml.MoMLSimpleApplication@50d160e6
reloadAllAccessors: .Expression4

===========================================================================================
----------------- testing Mon Jun 06 02:12:08 UTC 2022 /home/travis/build/icyphy/ptII/ptolemy/actor/lib/test/auto/Expression5.xml
----------------- Instantiating /home/travis/build/icyphy/ptII/ptolemy/actor/lib/test/auto/Expression5.xml
3 ms. Memory: 559104K Free: 190859K (34%)
----------------- Invoking toplevel() on ptolemy.moml.MoMLSimpleApplication@21950471
----------------- Done invoking toplevel() on ptolemy.moml.MoMLSimpleApplication@21950471
reloadAllAccessors: .Expression5

===========================================================================================
----------------- testing Mon Jun 06 02:12:08 UTC 2022 /home/travis/build/icyphy/ptII/ptolemy/actor/lib/test/auto/Expression6.xml
----------------- Instantiating /home/travis/build/icyphy/ptII/ptolemy/actor/lib/test/auto/Expression6.xml
2 ms. Memory: 559104K Free: 186249K (33%)
----------------- Invoking toplevel() on ptolemy.moml.MoMLSimpleApplication@2d5fa2e3
----------------- Done invoking toplevel() on ptolemy.moml.MoMLSimpleApplication@2d5fa2e3
reloadAllAccessors: .Expression6

===========================================================================================
----------------- testing Mon Jun 06 02:12:08 UTC 2022 /home/travis/build/icyphy/ptII/ptolemy/actor/lib/test/auto/Expression7.xml
----------------- Instantiating /home/travis/build/icyphy/ptII/ptolemy/actor/lib/test/auto/Expression7.xml
4 ms. Memory: 559104K Free: 507275K (91%)
----------------- Invoking toplevel() on ptolemy.moml.MoMLSimpleApplication@c82520b
----------------- Done invoking toplevel() on ptolemy.moml.MoMLSimpleApplication@c82520b
reloadAllAccessors: .Expression7

===========================================================================================
----------------- testing Mon Jun 06 02:12:08 UTC 2022 /home/travis/build/icyphy/ptII/ptolemy/actor/lib/test/auto/Expression8.xml
----------------- Instantiating /home/travis/build/icyphy/ptII/ptolemy/actor/lib/test/auto/Expression8.xml
7 ms. Memory: 559104K Free: 502155K (90%)
----------------- Invoking toplevel() on ptolemy.moml.MoMLSimpleApplication@5d2daf21
----------------- Done invoking toplevel() on ptolemy.moml.MoMLSimpleApplication@5d2daf21
reloadAllAccessors: .Expression8

===========================================================================================
----------------- testing Mon Jun 06 02:12:08 UTC 2022 /home/travis/build/icyphy/ptII/ptolemy/actor/lib/test/auto/Expression9.xml
----------------- Instantiating /home/travis/build/icyphy/ptII/ptolemy/actor/lib/test/auto/Expression9.xml
1 ms. Memory: 559104K Free: 498059K (89%)
----------------- Invoking toplevel() on ptolemy.moml.MoMLSimpleApplication@57e5bf16
----------------- Done invoking toplevel() on ptolemy.moml.MoMLSimpleApplication@57e5bf16
reloadAllAccessors: .Expression9

===========================================================================================
----------------- testing Mon Jun 06 02:12:08 UTC 2022 /home/travis/build/icyphy/ptII/ptolemy/actor/lib/test/auto/ExpressionConcatenateArrayType.xml
----------------- Instantiating /home/travis/build/icyphy/ptII/ptolemy/actor/lib/test/auto/ExpressionConcatenateArrayType.xml
3 ms. Memory: 559104K Free: 491401K (88%)
----------------- Invoking toplevel() on ptolemy.moml.MoMLSimpleApplication@3125a350
----------------- Done invoking toplevel() on ptolemy.moml.MoMLSimpleApplication@3125a350
reloadAllAccessors: .ExpressionConcatenateArrayType

===========================================================================================
----------------- testing Mon Jun 06 02:12:08 UTC 2022 /home/travis/build/icyphy/ptII/ptolemy/actor/lib/test/auto/ExpressionConcatenateArrayType2.xml
----------------- Instantiating /home/travis/build/icyphy/ptII/ptolemy/actor/lib/test/auto/ExpressionConcatenateArrayType2.xml
3 ms. Memory: 559104K Free: 485771K (87%)
----------------- Invoking toplevel() on ptolemy.moml.MoMLSimpleApplication@5b042667
----------------- Done invoking toplevel() on ptolemy.moml.MoMLSimpleApplication@5b042667
reloadAllAccessors: .ExpressionConcatenateArrayType2

===========================================================================================
----------------- testing Mon Jun 06 02:12:08 UTC 2022 /home/travis/build/icyphy/ptII/ptolemy/actor/lib/test/auto/ExpressionFix.xml
----------------- Instantiating /home/travis/build/icyphy/ptII/ptolemy/actor/lib/test/auto/ExpressionFix.xml
21 ms. Memory: 559104K Free: 479113K (86%)
----------------- Invoking toplevel() on ptolemy.moml.MoMLSimpleApplication@2f28075d
----------------- Done invoking toplevel() on ptolemy.moml.MoMLSimpleApplication@2f28075d
reloadAllAccessors: .ExpressionFix

===========================================================================================
----------------- testing Mon Jun 06 02:12:09 UTC 2022 /home/travis/build/icyphy/ptII/ptolemy/actor/lib/test/auto/ExpressionFix2.xml
----------------- Instantiating /home/travis/build/icyphy/ptII/ptolemy/actor/lib/test/auto/ExpressionFix2.xml
3 ms. Memory: 559104K Free: 475017K (85%)
----------------- Invoking toplevel() on ptolemy.moml.MoMLSimpleApplication@616197ca
----------------- Done invoking toplevel() on ptolemy.moml.MoMLSimpleApplication@616197ca
reloadAllAccessors: .ExpressionFix2

===========================================================================================
----------------- testing Mon Jun 06 02:12:09 UTC 2022 /home/travis/build/icyphy/ptII/ptolemy/actor/lib/test/auto/ExpressionFix3.xml
----------------- Instantiating /home/travis/build/icyphy/ptII/ptolemy/actor/lib/test/auto/ExpressionFix3.xml
2 ms. Memory: 559104K Free: 470921K (84%)
----------------- Invoking toplevel() on ptolemy.moml.MoMLSimpleApplication@22fee817
----------------- Done invoking toplevel() on ptolemy.moml.MoMLSimpleApplication@22fee817
reloadAllAccessors: .ExpressionFix3

===========================================================================================
----------------- testing Mon Jun 06 02:12:09 UTC 2022 /home/travis/build/icyphy/ptII/ptolemy/actor/lib/test/auto/FileWriter1.xml
----------------- Instantiating /home/travis/build/icyphy/ptII/ptolemy/actor/lib/test/auto/FileWriter1.xml
2 ms. Memory: 559104K Free: 466825K (83%)
----------------- Invoking toplevel() on ptolemy.moml.MoMLSimpleApplication@1207cede
----------------- Done invoking toplevel() on ptolemy.moml.MoMLSimpleApplication@1207cede
reloadAllAccessors: .FileWriter1

===========================================================================================
----------------- testing Mon Jun 06 02:12:09 UTC 2022 /home/travis/build/icyphy/ptII/ptolemy/actor/lib/test/auto/FileWriter2.xml
----------------- Instantiating /home/travis/build/icyphy/ptII/ptolemy/actor/lib/test/auto/FileWriter2.xml
3 ms. Memory: 559104K Free: 462219K (83%)
----------------- Invoking toplevel() on ptolemy.moml.MoMLSimpleApplication@7aeb9f46
----------------- Done invoking toplevel() on ptolemy.moml.MoMLSimpleApplication@7aeb9f46
reloadAllAccessors: .FileWriter2

===========================================================================================
----------------- testing Mon Jun 06 02:12:09 UTC 2022 /home/travis/build/icyphy/ptII/ptolemy/actor/lib/test/auto/FileWriter3.xml
----------------- Instantiating /home/travis/build/icyphy/ptII/ptolemy/actor/lib/test/auto/FileWriter3.xml
2 ms. Memory: 559104K Free: 458123K (82%)
----------------- Invoking toplevel() on ptolemy.moml.MoMLSimpleApplication@f50e489
----------------- Done invoking toplevel() on ptolemy.moml.MoMLSimpleApplication@f50e489
reloadAllAccessors: .FileWriter3

===========================================================================================
----------------- testing Mon Jun 06 02:12:09 UTC 2022 /home/travis/build/icyphy/ptII/ptolemy/actor/lib/test/auto/Gaussian.xml
----------------- Instantiating /home/travis/build/icyphy/ptII/ptolemy/actor/lib/test/auto/Gaussian.xml
2 ms. Memory: 559104K Free: 453513K (81%)
----------------- Invoking toplevel() on ptolemy.moml.MoMLSimpleApplication@1c5ba790
----------------- Done invoking toplevel() on ptolemy.moml.MoMLSimpleApplication@1c5ba790
reloadAllAccessors: .Gaussian

===========================================================================================
----------------- testing Mon Jun 06 02:12:09 UTC 2022 /home/travis/build/icyphy/ptII/ptolemy/actor/lib/test/auto/Gaussian1.xml
----------------- Instantiating /home/travis/build/icyphy/ptII/ptolemy/actor/lib/test/auto/Gaussian1.xml
8 ms. Memory: 559104K Free: 447883K (80%)
----------------- Invoking toplevel() on ptolemy.moml.MoMLSimpleApplication@37e11084
----------------- Done invoking toplevel() on ptolemy.moml.MoMLSimpleApplication@37e11084
reloadAllAccessors: .Gaussian1

===========================================================================================
----------------- testing Mon Jun 06 02:12:09 UTC 2022 /home/travis/build/icyphy/ptII/ptolemy/actor/lib/test/auto/Gaussian2.xml
----------------- Instantiating /home/travis/build/icyphy/ptII/ptolemy/actor/lib/test/auto/Gaussian2.xml
2 ms. Memory: 559104K Free: 442235K (79%)
----------------- Invoking toplevel() on ptolemy.moml.MoMLSimpleApplication@79156f2a
----------------- Done invoking toplevel() on ptolemy.moml.MoMLSimpleApplication@79156f2a
reloadAllAccessors: .Gaussian2

===========================================================================================
----------------- testing Mon Jun 06 02:12:09 UTC 2022 /home/travis/build/icyphy/ptII/ptolemy/actor/lib/test/auto/GradientAdaptiveLattice.xml
----------------- Instantiating /home/travis/build/icyphy/ptII/ptolemy/actor/lib/test/auto/GradientAdaptiveLattice.xml
4 ms. Memory: 559104K Free: 437129K (78%)
----------------- Invoking toplevel() on ptolemy.moml.MoMLSimpleApplication@7bc5542a
----------------- Done invoking toplevel() on ptolemy.moml.MoMLSimpleApplication@7bc5542a
reloadAllAccessors: .GradientAdaptiveLattice

===========================================================================================
----------------- testing Mon Jun 06 02:12:09 UTC 2022 /home/travis/build/icyphy/ptII/ptolemy/actor/lib/test/auto/IIR.xml
----------------- Instantiating /home/travis/build/icyphy/ptII/ptolemy/actor/lib/test/auto/IIR.xml
1 ms. Memory: 559104K Free: 432523K (77%)
----------------- Invoking toplevel() on ptolemy.moml.MoMLSimpleApplication@622be339
----------------- Done invoking toplevel() on ptolemy.moml.MoMLSimpleApplication@622be339
reloadAllAccessors: .IIR

===========================================================================================
----------------- testing Mon Jun 06 02:12:09 UTC 2022 /home/travis/build/icyphy/ptII/ptolemy/actor/lib/test/auto/InputOutputTransparentPorts.xml
----------------- Instantiating /home/travis/build/icyphy/ptII/ptolemy/actor/lib/test/auto/InputOutputTransparentPorts.xml
2 ms. Memory: 559104K Free: 425355K (76%)
----------------- Invoking toplevel() on ptolemy.moml.MoMLSimpleApplication@14585660
----------------- Done invoking toplevel() on ptolemy.moml.MoMLSimpleApplication@14585660
reloadAllAccessors: .InputOutputTransparentPorts

===========================================================================================
----------------- testing Mon Jun 06 02:12:09 UTC 2022 /home/travis/build/icyphy/ptII/ptolemy/actor/lib/test/auto/Interpolator.xml
----------------- Instantiating /home/travis/build/icyphy/ptII/ptolemy/actor/lib/test/auto/Interpolator.xml
4 ms. Memory: 559104K Free: 420745K (75%)
----------------- Invoking toplevel() on ptolemy.moml.MoMLSimpleApplication@297eeee3
----------------- Done invoking toplevel() on ptolemy.moml.MoMLSimpleApplication@297eeee3
reloadAllAccessors: .Interpolator

===========================================================================================
----------------- testing Mon Jun 06 02:12:09 UTC 2022 /home/travis/build/icyphy/ptII/ptolemy/actor/lib/test/auto/InterpolatorFiringLimitDE.xml
----------------- Instantiating /home/travis/build/icyphy/ptII/ptolemy/actor/lib/test/auto/InterpolatorFiringLimitDE.xml
2 ms. Memory: 559104K Free: 414601K (74%)
----------------- Invoking toplevel() on ptolemy.moml.MoMLSimpleApplication@24e9677d
----------------- Done invoking toplevel() on ptolemy.moml.MoMLSimpleApplication@24e9677d
reloadAllAccessors: .InterpolatorFiringLimitDE

===========================================================================================
----------------- testing Mon Jun 06 02:12:09 UTC 2022 /home/travis/build/icyphy/ptII/ptolemy/actor/lib/test/auto/Lattice.xml
----------------- Instantiating /home/travis/build/icyphy/ptII/ptolemy/actor/lib/test/auto/Lattice.xml
1 ms. Memory: 559104K Free: 410505K (73%)
----------------- Invoking toplevel() on ptolemy.moml.MoMLSimpleApplication@7d3d95cc
----------------- Done invoking toplevel() on ptolemy.moml.MoMLSimpleApplication@7d3d95cc
reloadAllAccessors: .Lattice

===========================================================================================
----------------- testing Mon Jun 06 02:12:09 UTC 2022 /home/travis/build/icyphy/ptII/ptolemy/actor/lib/test/auto/LazyAOCTestLazy.xml
----------------- Instantiating /home/travis/build/icyphy/ptII/ptolemy/actor/lib/test/auto/LazyAOCTestLazy.xml
8 ms. Memory: 559104K Free: 404347K (72%)
----------------- Invoking toplevel() on ptolemy.moml.MoMLSimpleApplication@6b408446
----------------- Done invoking toplevel() on ptolemy.moml.MoMLSimpleApplication@6b408446
reloadAllAccessors: .LazyAOCTestLazy

===========================================================================================
----------------- testing Mon Jun 06 02:12:09 UTC 2022 /home/travis/build/icyphy/ptII/ptolemy/actor/lib/test/auto/LazyAOCTestNonLazy.xml
----------------- Instantiating /home/travis/build/icyphy/ptII/ptolemy/actor/lib/test/auto/LazyAOCTestNonLazy.xml
2 ms. Memory: 559104K Free: 397707K (71%)
----------------- Invoking toplevel() on ptolemy.moml.MoMLSimpleApplication@509d2f72
----------------- Done invoking toplevel() on ptolemy.moml.MoMLSimpleApplication@509d2f72
reloadAllAccessors: .LazyAOCTestNonLazy

===========================================================================================
----------------- testing Mon Jun 06 02:12:09 UTC 2022 /home/travis/build/icyphy/ptII/ptolemy/actor/lib/test/auto/LazyInnerClass.xml
----------------- Instantiating /home/travis/build/icyphy/ptII/ptolemy/actor/lib/test/auto/LazyInnerClass.xml
18 ms. Memory: 559104K Free: 388995K (70%)
----------------- Invoking toplevel() on ptolemy.moml.MoMLSimpleApplication@4a25e319
----------------- Done invoking toplevel() on ptolemy.moml.MoMLSimpleApplication@4a25e319
reloadAllAccessors: .LazyInnerClass

===========================================================================================
----------------- testing Mon Jun 06 02:12:09 UTC 2022 /home/travis/build/icyphy/ptII/ptolemy/actor/lib/test/auto/LazyPubSub.xml
----------------- Instantiating /home/travis/build/icyphy/ptII/ptolemy/actor/lib/test/auto/LazyPubSub.xml
20 ms. Memory: 559104K Free: 378761K (68%)
----------------- Invoking toplevel() on ptolemy.moml.MoMLSimpleApplication@49ba615e
----------------- Done invoking toplevel() on ptolemy.moml.MoMLSimpleApplication@49ba615e
reloadAllAccessors: .LazyPubSub

===========================================================================================
----------------- testing Mon Jun 06 02:12:09 UTC 2022 /home/travis/build/icyphy/ptII/ptolemy/actor/lib/test/auto/LazyPubSub2.xml
----------------- Instantiating /home/travis/build/icyphy/ptII/ptolemy/actor/lib/test/auto/LazyPubSub2.xml
13 ms. Memory: 559104K Free: 369035K (66%)
----------------- Invoking toplevel() on ptolemy.moml.MoMLSimpleApplication@3c997e98
----------------- Done invoking toplevel() on ptolemy.moml.MoMLSimpleApplication@3c997e98
reloadAllAccessors: .LazyPubSub2

===========================================================================================
----------------- testing Mon Jun 06 02:12:09 UTC 2022 /home/travis/build/icyphy/ptII/ptolemy/actor/lib/test/auto/LazyPubSub3.xml
----------------- Instantiating /home/travis/build/icyphy/ptII/ptolemy/actor/lib/test/auto/LazyPubSub3.xml
12 ms. Memory: 559104K Free: 358795K (64%)
----------------- Invoking toplevel() on ptolemy.moml.MoMLSimpleApplication@22300357
----------------- Done invoking toplevel() on ptolemy.moml.MoMLSimpleApplication@22300357
reloadAllAccessors: .LazyPubSub3

===========================================================================================
----------------- testing Mon Jun 06 02:12:09 UTC 2022 /home/travis/build/icyphy/ptII/ptolemy/actor/lib/test/auto/LazySubClassModel.xml
----------------- Instantiating /home/travis/build/icyphy/ptII/ptolemy/actor/lib/test/auto/LazySubClassModel.xml
3 ms. Memory: 559104K Free: 349579K (63%)
----------------- Invoking toplevel() on ptolemy.moml.MoMLSimpleApplication@3d05069d
----------------- Done invoking toplevel() on ptolemy.moml.MoMLSimpleApplication@3d05069d
reloadAllAccessors: .LazySubClassModel

===========================================================================================
----------------- testing Mon Jun 06 02:12:09 UTC 2022 /home/travis/build/icyphy/ptII/ptolemy/actor/lib/test/auto/LevelCrossTest1.xml
----------------- Instantiating /home/travis/build/icyphy/ptII/ptolemy/actor/lib/test/auto/LevelCrossTest1.xml
1 ms. Memory: 559104K Free: 343945K (62%)
----------------- Invoking toplevel() on ptolemy.moml.MoMLSimpleApplication@26ad1678
----------------- Done invoking toplevel() on ptolemy.moml.MoMLSimpleApplication@26ad1678
reloadAllAccessors: .broken

===========================================================================================
----------------- testing Mon Jun 06 02:12:09 UTC 2022 /home/travis/build/icyphy/ptII/ptolemy/actor/lib/test/auto/LevelCrossTest10.xml
----------------- Instantiating /home/travis/build/icyphy/ptII/ptolemy/actor/lib/test/auto/LevelCrossTest10.xml
5 ms. Memory: 559104K Free: 336777K (60%)
----------------- Invoking toplevel() on ptolemy.moml.MoMLSimpleApplication@2c60aaa1
----------------- Done invoking toplevel() on ptolemy.moml.MoMLSimpleApplication@2c60aaa1
reloadAllAccessors: .LevelCrossTest10

===========================================================================================
----------------- testing Mon Jun 06 02:12:09 UTC 2022 /home/travis/build/icyphy/ptII/ptolemy/actor/lib/test/auto/LevelCrossTest11.xml
----------------- Instantiating /home/travis/build/icyphy/ptII/ptolemy/actor/lib/test/auto/LevelCrossTest11.xml
2 ms. Memory: 559104K Free: 329609K (59%)
----------------- Invoking toplevel() on ptolemy.moml.MoMLSimpleApplication@468a4019
----------------- Done invoking toplevel() on ptolemy.moml.MoMLSimpleApplication@468a4019
reloadAllAccessors: .LevelCrossTest11

===========================================================================================
----------------- testing Mon Jun 06 02:12:09 UTC 2022 /home/travis/build/icyphy/ptII/ptolemy/actor/lib/test/auto/LevelCrossTest12.xml
----------------- Instantiating /home/travis/build/icyphy/ptII/ptolemy/actor/lib/test/auto/LevelCrossTest12.xml
1 ms. Memory: 559104K Free: 321931K (58%)
----------------- Invoking toplevel() on ptolemy.moml.MoMLSimpleApplication@424b4dd
----------------- Done invoking toplevel() on ptolemy.moml.MoMLSimpleApplication@424b4dd
reloadAllAccessors: .LevelCrossTest12

===========================================================================================
----------------- testing Mon Jun 06 02:12:09 UTC 2022 /home/travis/build/icyphy/ptII/ptolemy/actor/lib/test/auto/LevelCrossTest13.xml
----------------- Instantiating /home/travis/build/icyphy/ptII/ptolemy/actor/lib/test/auto/LevelCrossTest13.xml
1 ms. Memory: 559104K Free: 314763K (56%)
----------------- Invoking toplevel() on ptolemy.moml.MoMLSimpleApplication@738d65ab
----------------- Done invoking toplevel() on ptolemy.moml.MoMLSimpleApplication@738d65ab
reloadAllAccessors: .LevelCrossTest13

===========================================================================================
----------------- testing Mon Jun 06 02:12:09 UTC 2022 /home/travis/build/icyphy/ptII/ptolemy/actor/lib/test/auto/LevelCrossTest2.xml
----------------- Instantiating /home/travis/build/icyphy/ptII/ptolemy/actor/lib/test/auto/LevelCrossTest2.xml
2 ms. Memory: 559104K Free: 309129K (55%)
----------------- Invoking toplevel() on ptolemy.moml.MoMLSimpleApplication@1b373f83
----------------- Done invoking toplevel() on ptolemy.moml.MoMLSimpleApplication@1b373f83
reloadAllAccessors: .broken

===========================================================================================
----------------- testing Mon Jun 06 02:12:09 UTC 2022 /home/travis/build/icyphy/ptII/ptolemy/actor/lib/test/auto/LevelCrossTest3.xml
----------------- Instantiating /home/travis/build/icyphy/ptII/ptolemy/actor/lib/test/auto/LevelCrossTest3.xml
2 ms. Memory: 559104K Free: 302985K (54%)
----------------- Invoking toplevel() on ptolemy.moml.MoMLSimpleApplication@11e19ec3
----------------- Done invoking toplevel() on ptolemy.moml.MoMLSimpleApplication@11e19ec3
reloadAllAccessors: .LevelCrossTest3

===========================================================================================
----------------- testing Mon Jun 06 02:12:09 UTC 2022 /home/travis/build/icyphy/ptII/ptolemy/actor/lib/test/auto/LevelCrossTest4.xml
----------------- Instantiating /home/travis/build/icyphy/ptII/ptolemy/actor/lib/test/auto/LevelCrossTest4.xml
1 ms. Memory: 559104K Free: 297355K (53%)
----------------- Invoking toplevel() on ptolemy.moml.MoMLSimpleApplication@3497281b
----------------- Done invoking toplevel() on ptolemy.moml.MoMLSimpleApplication@3497281b
reloadAllAccessors: .broken

===========================================================================================
----------------- testing Mon Jun 06 02:12:09 UTC 2022 /home/travis/build/icyphy/ptII/ptolemy/actor/lib/test/auto/LevelCrossTest5.xml
----------------- Instantiating /home/travis/build/icyphy/ptII/ptolemy/actor/lib/test/auto/LevelCrossTest5.xml
1 ms. Memory: 559104K Free: 290697K (52%)
----------------- Invoking toplevel() on ptolemy.moml.MoMLSimpleApplication@6a3d268
----------------- Done invoking toplevel() on ptolemy.moml.MoMLSimpleApplication@6a3d268
reloadAllAccessors: .LevelCrossTest5

===========================================================================================
----------------- testing Mon Jun 06 02:12:09 UTC 2022 /home/travis/build/icyphy/ptII/ptolemy/actor/lib/test/auto/LevelCrossTest6.xml
----------------- Instantiating /home/travis/build/icyphy/ptII/ptolemy/actor/lib/test/auto/LevelCrossTest6.xml
3 ms. Memory: 559104K Free: 283529K (51%)
----------------- Invoking toplevel() on ptolemy.moml.MoMLSimpleApplication@32d08422
----------------- Done invoking toplevel() on ptolemy.moml.MoMLSimpleApplication@32d08422
reloadAllAccessors: .LevelCrossTest6

===========================================================================================
----------------- testing Mon Jun 06 02:12:09 UTC 2022 /home/travis/build/icyphy/ptII/ptolemy/actor/lib/test/auto/LevelCrossTest7.xml
----------------- Instantiating /home/travis/build/icyphy/ptII/ptolemy/actor/lib/test/auto/LevelCrossTest7.xml
2 ms. Memory: 559104K Free: 276361K (49%)
----------------- Invoking toplevel() on ptolemy.moml.MoMLSimpleApplication@4897d5d9
----------------- Done invoking toplevel() on ptolemy.moml.MoMLSimpleApplication@4897d5d9
reloadAllAccessors: .LevelCrossTest7

===========================================================================================
----------------- testing Mon Jun 06 02:12:09 UTC 2022 /home/travis/build/icyphy/ptII/ptolemy/actor/lib/test/auto/LevelCrossTest8.xml
----------------- Instantiating /home/travis/build/icyphy/ptII/ptolemy/actor/lib/test/auto/LevelCrossTest8.xml
2 ms. Memory: 559104K Free: 269707K (48%)
----------------- Invoking toplevel() on ptolemy.moml.MoMLSimpleApplication@45914af0
----------------- Done invoking toplevel() on ptolemy.moml.MoMLSimpleApplication@45914af0
reloadAllAccessors: .LevelCrossTest8

===========================================================================================
----------------- testing Mon Jun 06 02:12:09 UTC 2022 /home/travis/build/icyphy/ptII/ptolemy/actor/lib/test/auto/LevelCrossTest9.xml
----------------- Instantiating /home/travis/build/icyphy/ptII/ptolemy/actor/lib/test/auto/LevelCrossTest9.xml
1 ms. Memory: 559104K Free: 262539K (47%)
----------------- Invoking toplevel() on ptolemy.moml.MoMLSimpleApplication@428a8c75
----------------- Done invoking toplevel() on ptolemy.moml.MoMLSimpleApplication@428a8c75
reloadAllAccessors: .LevelCrossTest9

===========================================================================================
----------------- testing Mon Jun 06 02:12:09 UTC 2022 /home/travis/build/icyphy/ptII/ptolemy/actor/lib/test/auto/LevinsonDurbin.xml
----------------- Instantiating /home/travis/build/icyphy/ptII/ptolemy/actor/lib/test/auto/LevinsonDurbin.xml
2 ms. Memory: 559104K Free: 258443K (46%)
----------------- Invoking toplevel() on ptolemy.moml.MoMLSimpleApplication@6e2c7ea7
----------------- Done invoking toplevel() on ptolemy.moml.MoMLSimpleApplication@6e2c7ea7
reloadAllAccessors: .LevinsonDurbin

===========================================================================================
----------------- testing Mon Jun 06 02:12:09 UTC 2022 /home/travis/build/icyphy/ptII/ptolemy/actor/lib/test/auto/LevinsonDurbin2.xml
----------------- Instantiating /home/travis/build/icyphy/ptII/ptolemy/actor/lib/test/auto/LevinsonDurbin2.xml
1 ms. Memory: 559104K Free: 254347K (45%)
----------------- Invoking toplevel() on ptolemy.moml.MoMLSimpleApplication@5867621c
----------------- Done invoking toplevel() on ptolemy.moml.MoMLSimpleApplication@5867621c
reloadAllAccessors: .LevinsonDurbin2

===========================================================================================
----------------- testing Mon Jun 06 02:12:09 UTC 2022 /home/travis/build/icyphy/ptII/ptolemy/actor/lib/test/auto/LevinsonDurbin3.xml
----------------- Instantiating /home/travis/build/icyphy/ptII/ptolemy/actor/lib/test/auto/LevinsonDurbin3.xml
3 ms. Memory: 559104K Free: 250251K (45%)
----------------- Invoking toplevel() on ptolemy.moml.MoMLSimpleApplication@1a9f4b02
----------------- Done invoking toplevel() on ptolemy.moml.MoMLSimpleApplication@1a9f4b02
reloadAllAccessors: .LevinsonDurbin3

===========================================================================================
----------------- testing Mon Jun 06 02:12:09 UTC 2022 /home/travis/build/icyphy/ptII/ptolemy/actor/lib/test/auto/Limiter.xml
----------------- Instantiating /home/travis/build/icyphy/ptII/ptolemy/actor/lib/test/auto/Limiter.xml
4 ms. Memory: 559104K Free: 241035K (43%)
----------------- Invoking toplevel() on ptolemy.moml.MoMLSimpleApplication@6114c713
----------------- Done invoking toplevel() on ptolemy.moml.MoMLSimpleApplication@6114c713
reloadAllAccessors: .Limiter

===========================================================================================
----------------- testing Mon Jun 06 02:12:09 UTC 2022 /home/travis/build/icyphy/ptII/ptolemy/actor/lib/test/auto/LinearDifferenceEquationSystem.xml
----------------- Instantiating /home/travis/build/icyphy/ptII/ptolemy/actor/lib/test/auto/LinearDifferenceEquationSystem.xml
4 ms. Memory: 559104K Free: 233353K (42%)
----------------- Invoking toplevel() on ptolemy.moml.MoMLSimpleApplication@4e6358a1
----------------- Done invoking toplevel() on ptolemy.moml.MoMLSimpleApplication@4e6358a1
reloadAllAccessors: .LinearDifferenceEquationSystem

===========================================================================================
----------------- testing Mon Jun 06 02:12:09 UTC 2022 /home/travis/build/icyphy/ptII/ptolemy/actor/lib/test/auto/LookupTable.xml
----------------- Instantiating /home/travis/build/icyphy/ptII/ptolemy/actor/lib/test/auto/LookupTable.xml
1 ms. Memory: 559104K Free: 228747K (41%)
----------------- Invoking toplevel() on ptolemy.moml.MoMLSimpleApplication@77adb52b
----------------- Done invoking toplevel() on ptolemy.moml.MoMLSimpleApplication@77adb52b
reloadAllAccessors: .LookupTable

===========================================================================================
----------------- testing Mon Jun 06 02:12:09 UTC 2022 /home/travis/build/icyphy/ptII/ptolemy/actor/lib/test/auto/MathFunction.xml
----------------- Instantiating /home/travis/build/icyphy/ptII/ptolemy/actor/lib/test/auto/MathFunction.xml
15 ms. Memory: 559104K Free: 220555K (39%)
----------------- Invoking toplevel() on ptolemy.moml.MoMLSimpleApplication@589e4ec0
----------------- Done invoking toplevel() on ptolemy.moml.MoMLSimpleApplication@589e4ec0
reloadAllAccessors: .MathFunction

===========================================================================================
----------------- testing Mon Jun 06 02:12:09 UTC 2022 /home/travis/build/icyphy/ptII/ptolemy/actor/lib/test/auto/MathFunction2.xml
----------------- Instantiating /home/travis/build/icyphy/ptII/ptolemy/actor/lib/test/auto/MathFunction2.xml
4 ms. Memory: 559104K Free: 216459K (39%)
----------------- Invoking toplevel() on ptolemy.moml.MoMLSimpleApplication@4e3f9535
----------------- Done invoking toplevel() on ptolemy.moml.MoMLSimpleApplication@4e3f9535
reloadAllAccessors: .MathFunction2

===========================================================================================
----------------- testing Mon Jun 06 02:12:09 UTC 2022 /home/travis/build/icyphy/ptII/ptolemy/actor/lib/test/auto/MathFunction3.xml
----------------- Instantiating /home/travis/build/icyphy/ptII/ptolemy/actor/lib/test/auto/MathFunction3.xml
3 ms. Memory: 559104K Free: 209291K (37%)
----------------- Invoking toplevel() on ptolemy.moml.MoMLSimpleApplication@32f2834f
----------------- Done invoking toplevel() on ptolemy.moml.MoMLSimpleApplication@32f2834f
reloadAllAccessors: .MathFunction3

===========================================================================================
----------------- testing Mon Jun 06 02:12:09 UTC 2022 /home/travis/build/icyphy/ptII/ptolemy/actor/lib/test/auto/MatrixCropBoolean.xml
----------------- Instantiating /home/travis/build/icyphy/ptII/ptolemy/actor/lib/test/auto/MatrixCropBoolean.xml
2 ms. Memory: 559104K Free: 204681K (37%)
----------------- Invoking toplevel() on ptolemy.moml.MoMLSimpleApplication@3fcdfb20
----------------- Done invoking toplevel() on ptolemy.moml.MoMLSimpleApplication@3fcdfb20
reloadAllAccessors: .MatrixCropBoolean

===========================================================================================
----------------- testing Mon Jun 06 02:12:09 UTC 2022 /home/travis/build/icyphy/ptII/ptolemy/actor/lib/test/auto/MatrixCropComplex.xml
----------------- Instantiating /home/travis/build/icyphy/ptII/ptolemy/actor/lib/test/auto/MatrixCropComplex.xml
1 ms. Memory: 559104K Free: 199531K (36%)
----------------- Invoking toplevel() on ptolemy.moml.MoMLSimpleApplication@29e21cc0
----------------- Done invoking toplevel() on ptolemy.moml.MoMLSimpleApplication@29e21cc0
reloadAllAccessors: .MatrixCropComplex

===========================================================================================
----------------- testing Mon Jun 06 02:12:09 UTC 2022 /home/travis/build/icyphy/ptII/ptolemy/actor/lib/test/auto/MatrixCropDouble.xml
----------------- Instantiating /home/travis/build/icyphy/ptII/ptolemy/actor/lib/test/auto/MatrixCropDouble.xml
2 ms. Memory: 559104K Free: 194411K (35%)
----------------- Invoking toplevel() on ptolemy.moml.MoMLSimpleApplication@5d4f812b
----------------- Done invoking toplevel() on ptolemy.moml.MoMLSimpleApplication@5d4f812b
reloadAllAccessors: .MatrixCropDouble

===========================================================================================
----------------- testing Mon Jun 06 02:12:09 UTC 2022 /home/travis/build/icyphy/ptII/ptolemy/actor/lib/test/auto/MatrixCropFix.xml
----------------- Instantiating /home/travis/build/icyphy/ptII/ptolemy/actor/lib/test/auto/MatrixCropFix.xml
1 ms. Memory: 559104K Free: 189291K (34%)
----------------- Invoking toplevel() on ptolemy.moml.MoMLSimpleApplication@716f2744
----------------- Done invoking toplevel() on ptolemy.moml.MoMLSimpleApplication@716f2744
reloadAllAccessors: .MatrixCropFix

===========================================================================================
----------------- testing Mon Jun 06 02:12:10 UTC 2022 /home/travis/build/icyphy/ptII/ptolemy/actor/lib/test/auto/MatrixCropInt.xml
----------------- Instantiating /home/travis/build/icyphy/ptII/ptolemy/actor/lib/test/auto/MatrixCropInt.xml
2 ms. Memory: 559104K Free: 184195K (33%)
----------------- Invoking toplevel() on ptolemy.moml.MoMLSimpleApplication@3c6d6172
----------------- Done invoking toplevel() on ptolemy.moml.MoMLSimpleApplication@3c6d6172
reloadAllAccessors: .MatrixCropInt

===========================================================================================
----------------- testing Mon Jun 06 02:12:10 UTC 2022 /home/travis/build/icyphy/ptII/ptolemy/actor/lib/test/auto/MatrixCropLong.xml
----------------- Instantiating /home/travis/build/icyphy/ptII/ptolemy/actor/lib/test/auto/MatrixCropLong.xml
2 ms. Memory: 559104K Free: 504707K (90%)
----------------- Invoking toplevel() on ptolemy.moml.MoMLSimpleApplication@16aba67d
----------------- Done invoking toplevel() on ptolemy.moml.MoMLSimpleApplication@16aba67d
reloadAllAccessors: .MatrixCropLong

===========================================================================================
----------------- testing Mon Jun 06 02:12:10 UTC 2022 /home/travis/build/icyphy/ptII/ptolemy/actor/lib/test/auto/MatrixToArray.xml
----------------- Instantiating /home/travis/build/icyphy/ptII/ptolemy/actor/lib/test/auto/MatrixToArray.xml
10 ms. Memory: 559104K Free: 489353K (88%)
----------------- Invoking toplevel() on ptolemy.moml.MoMLSimpleApplication@7620977a
----------------- Done invoking toplevel() on ptolemy.moml.MoMLSimpleApplication@7620977a
reloadAllAccessors: .MatrixToArray

===========================================================================================
----------------- testing Mon Jun 06 02:12:10 UTC 2022 /home/travis/build/icyphy/ptII/ptolemy/actor/lib/test/auto/MaxIndex.xml
----------------- Instantiating /home/travis/build/icyphy/ptII/ptolemy/actor/lib/test/auto/MaxIndex.xml
2 ms. Memory: 559104K Free: 484233K (87%)
----------------- Invoking toplevel() on ptolemy.moml.MoMLSimpleApplication@39faa084
----------------- Done invoking toplevel() on ptolemy.moml.MoMLSimpleApplication@39faa084
reloadAllAccessors: .MaxIndex

===========================================================================================
----------------- testing Mon Jun 06 02:12:10 UTC 2022 /home/travis/build/icyphy/ptII/ptolemy/actor/lib/test/auto/Maximum.xml
----------------- Instantiating /home/travis/build/icyphy/ptII/ptolemy/actor/lib/test/auto/Maximum.xml
2 ms. Memory: 559104K Free: 477579K (85%)
----------------- Invoking toplevel() on ptolemy.moml.MoMLSimpleApplication@1791a1cb
----------------- Done invoking toplevel() on ptolemy.moml.MoMLSimpleApplication@1791a1cb
reloadAllAccessors: .Maximum

===========================================================================================
----------------- testing Mon Jun 06 02:12:10 UTC 2022 /home/travis/build/icyphy/ptII/ptolemy/actor/lib/test/auto/MaximumComplex.xml
----------------- Instantiating /home/travis/build/icyphy/ptII/ptolemy/actor/lib/test/auto/MaximumComplex.xml
4 ms. Memory: 559104K Free: 471435K (84%)
----------------- Invoking toplevel() on ptolemy.moml.MoMLSimpleApplication@4b9bcd4a
----------------- Done invoking toplevel() on ptolemy.moml.MoMLSimpleApplication@4b9bcd4a
reloadAllAccessors: .MaximumComplex

===========================================================================================
----------------- testing Mon Jun 06 02:12:10 UTC 2022 /home/travis/build/icyphy/ptII/ptolemy/actor/lib/test/auto/MethodCallTest.xml
----------------- Instantiating /home/travis/build/icyphy/ptII/ptolemy/actor/lib/test/auto/MethodCallTest.xml
2 ms. Memory: 559104K Free: 464777K (83%)
----------------- Invoking toplevel() on ptolemy.moml.MoMLSimpleApplication@3b959eff
----------------- Done invoking toplevel() on ptolemy.moml.MoMLSimpleApplication@3b959eff
reloadAllAccessors: .MethodCallTest

===========================================================================================
----------------- testing Mon Jun 06 02:12:10 UTC 2022 /home/travis/build/icyphy/ptII/ptolemy/actor/lib/test/auto/Minimum.xml
----------------- Instantiating /home/travis/build/icyphy/ptII/ptolemy/actor/lib/test/auto/Minimum.xml
3 ms. Memory: 559104K Free: 458123K (82%)
----------------- Invoking toplevel() on ptolemy.moml.MoMLSimpleApplication@11c377
----------------- Done invoking toplevel() on ptolemy.moml.MoMLSimpleApplication@11c377
reloadAllAccessors: .Minimum

===========================================================================================
----------------- testing Mon Jun 06 02:12:10 UTC 2022 /home/travis/build/icyphy/ptII/ptolemy/actor/lib/test/auto/MinimumComplex.xml
----------------- Instantiating /home/travis/build/icyphy/ptII/ptolemy/actor/lib/test/auto/MinimumComplex.xml
3 ms. Memory: 559104K Free: 451979K (81%)
----------------- Invoking toplevel() on ptolemy.moml.MoMLSimpleApplication@63179866
----------------- Done invoking toplevel() on ptolemy.moml.MoMLSimpleApplication@63179866
reloadAllAccessors: .MinimumComplex

===========================================================================================
----------------- testing Mon Jun 06 02:12:10 UTC 2022 /home/travis/build/icyphy/ptII/ptolemy/actor/lib/test/auto/MinimumMultiports.xml
----------------- Instantiating /home/travis/build/icyphy/ptII/ptolemy/actor/lib/test/auto/MinimumMultiports.xml
3 ms. Memory: 559104K Free: 443243K (79%)
----------------- Invoking toplevel() on ptolemy.moml.MoMLSimpleApplication@3c3096d9
----------------- Done invoking toplevel() on ptolemy.moml.MoMLSimpleApplication@3c3096d9
reloadAllAccessors: .MinimumMultiports

===========================================================================================
----------------- testing Mon Jun 06 02:12:10 UTC 2022 /home/travis/build/icyphy/ptII/ptolemy/actor/lib/test/auto/ModifyDate.xml
----------------- Instantiating /home/travis/build/icyphy/ptII/ptolemy/actor/lib/test/auto/ModifyDate.xml
7 ms. Memory: 559104K Free: 430475K (77%)
----------------- Invoking toplevel() on ptolemy.moml.MoMLSimpleApplication@35cfa40b
----------------- Done invoking toplevel() on ptolemy.moml.MoMLSimpleApplication@35cfa40b
reloadAllAccessors: .ModifyDate

===========================================================================================
----------------- testing Mon Jun 06 02:12:10 UTC 2022 /home/travis/build/icyphy/ptII/ptolemy/actor/lib/test/auto/ModifyDate2.xml
----------------- Instantiating /home/travis/build/icyphy/ptII/ptolemy/actor/lib/test/auto/ModifyDate2.xml
9 ms. Memory: 559104K Free: 421769K (75%)
----------------- Invoking toplevel() on ptolemy.moml.MoMLSimpleApplication@64ee12d2
----------------- Done invoking toplevel() on ptolemy.moml.MoMLSimpleApplication@64ee12d2
reloadAllAccessors: .ModifyDate2

===========================================================================================
----------------- testing Mon Jun 06 02:12:10 UTC 2022 /home/travis/build/icyphy/ptII/ptolemy/actor/lib/test/auto/MovingAverage.xml
----------------- Instantiating /home/travis/build/icyphy/ptII/ptolemy/actor/lib/test/auto/MovingAverage.xml
2 ms. Memory: 559104K Free: 416649K (75%)
----------------- Invoking toplevel() on ptolemy.moml.MoMLSimpleApplication@ebdd10c
----------------- Done invoking toplevel() on ptolemy.moml.MoMLSimpleApplication@ebdd10c
reloadAllAccessors: .MovingAverage

===========================================================================================
----------------- testing Mon Jun 06 02:12:10 UTC 2022 /home/travis/build/icyphy/ptII/ptolemy/actor/lib/test/auto/MovingMaximum.xml
----------------- Instantiating /home/travis/build/icyphy/ptII/ptolemy/actor/lib/test/auto/MovingMaximum.xml
1 ms. Memory: 559104K Free: 412043K (74%)
----------------- Invoking toplevel() on ptolemy.moml.MoMLSimpleApplication@70ba3af6
----------------- Done invoking toplevel() on ptolemy.moml.MoMLSimpleApplication@70ba3af6
reloadAllAccessors: .MovingMaximum

===========================================================================================
----------------- testing Mon Jun 06 02:12:10 UTC 2022 /home/travis/build/icyphy/ptII/ptolemy/actor/lib/test/auto/MultipleLinksToSameRelation.xml
----------------- Instantiating /home/travis/build/icyphy/ptII/ptolemy/actor/lib/test/auto/MultipleLinksToSameRelation.xml
4 ms. Memory: 559104K Free: 407947K (73%)
----------------- Invoking toplevel() on ptolemy.moml.MoMLSimpleApplication@2af4d417
----------------- Done invoking toplevel() on ptolemy.moml.MoMLSimpleApplication@2af4d417
reloadAllAccessors: .MultipleLinksToSameRelation

===========================================================================================
----------------- testing Mon Jun 06 02:12:10 UTC 2022 /home/travis/build/icyphy/ptII/ptolemy/actor/lib/test/auto/MultipleLinksToSameRelationDE.xml
----------------- Instantiating /home/travis/build/icyphy/ptII/ptolemy/actor/lib/test/auto/MultipleLinksToSameRelationDE.xml
1 ms. Memory: 559104K Free: 403323K (72%)
----------------- Invoking toplevel() on ptolemy.moml.MoMLSimpleApplication@64b7315e
----------------- Done invoking toplevel() on ptolemy.moml.MoMLSimpleApplication@64b7315e
reloadAllAccessors: .MultipleLinksToSameRelationDE

===========================================================================================
----------------- testing Mon Jun 06 02:12:10 UTC 2022 /home/travis/build/icyphy/ptII/ptolemy/actor/lib/test/auto/Multiplexor.xml
----------------- Instantiating /home/travis/build/icyphy/ptII/ptolemy/actor/lib/test/auto/Multiplexor.xml
1 ms. Memory: 559104K Free: 397707K (71%)
----------------- Invoking toplevel() on ptolemy.moml.MoMLSimpleApplication@c3e8cac
----------------- Done invoking toplevel() on ptolemy.moml.MoMLSimpleApplication@c3e8cac
reloadAllAccessors: .Multiplexor

===========================================================================================
----------------- testing Mon Jun 06 02:12:10 UTC 2022 /home/travis/build/icyphy/ptII/ptolemy/actor/lib/test/auto/Multiplexor1.xml
----------------- Instantiating /home/travis/build/icyphy/ptII/ptolemy/actor/lib/test/auto/Multiplexor1.xml
2 ms. Memory: 559104K Free: 392059K (70%)
----------------- Invoking toplevel() on ptolemy.moml.MoMLSimpleApplication@74f32e71
----------------- Done invoking toplevel() on ptolemy.moml.MoMLSimpleApplication@74f32e71
reloadAllAccessors: .Multiplexor1

===========================================================================================
----------------- testing Mon Jun 06 02:12:10 UTC 2022 /home/travis/build/icyphy/ptII/ptolemy/actor/lib/test/auto/Multiplexor2.xml
----------------- Instantiating /home/travis/build/icyphy/ptII/ptolemy/actor/lib/test/auto/Multiplexor2.xml
6 ms. Memory: 559104K Free: 385419K (69%)
----------------- Invoking toplevel() on ptolemy.moml.MoMLSimpleApplication@20d68b2e
----------------- Done invoking toplevel() on ptolemy.moml.MoMLSimpleApplication@20d68b2e
reloadAllAccessors: .Multiplexor2

===========================================================================================
----------------- testing Mon Jun 06 02:12:10 UTC 2022 /home/travis/build/icyphy/ptII/ptolemy/actor/lib/test/auto/Multiplexor3.xml
----------------- Instantiating /home/travis/build/icyphy/ptII/ptolemy/actor/lib/test/auto/Multiplexor3.xml
2 ms. Memory: 559104K Free: 380809K (68%)
----------------- Invoking toplevel() on ptolemy.moml.MoMLSimpleApplication@16580fa1
----------------- Done invoking toplevel() on ptolemy.moml.MoMLSimpleApplication@16580fa1
reloadAllAccessors: .Multiplexor3

===========================================================================================
----------------- testing Mon Jun 06 02:12:10 UTC 2022 /home/travis/build/icyphy/ptII/ptolemy/actor/lib/test/auto/MultiplexorDE.xml
----------------- Instantiating /home/travis/build/icyphy/ptII/ptolemy/actor/lib/test/auto/MultiplexorDE.xml
2 ms. Memory: 559104K Free: 373131K (67%)
----------------- Invoking toplevel() on ptolemy.moml.MoMLSimpleApplication@5bf06eca
----------------- Done invoking toplevel() on ptolemy.moml.MoMLSimpleApplication@5bf06eca
reloadAllAccessors: .MultiplexorDE

===========================================================================================
----------------- testing Mon Jun 06 02:12:10 UTC 2022 /home/travis/build/icyphy/ptII/ptolemy/actor/lib/test/auto/MultiportBroadcastTest.xml
----------------- Instantiating /home/travis/build/icyphy/ptII/ptolemy/actor/lib/test/auto/MultiportBroadcastTest.xml
79 ms. Memory: 559104K Free: 365963K (65%)
----------------- Invoking toplevel() on ptolemy.moml.MoMLSimpleApplication@685f9ffe
----------------- Done invoking toplevel() on ptolemy.moml.MoMLSimpleApplication@685f9ffe
reloadAllAccessors: .MultiportBroadcastTest

===========================================================================================
----------------- testing Mon Jun 06 02:12:10 UTC 2022 /home/travis/build/icyphy/ptII/ptolemy/actor/lib/test/auto/MultiportOutHangDuringGetWidth.xml
----------------- Instantiating /home/travis/build/icyphy/ptII/ptolemy/actor/lib/test/auto/MultiportOutHangDuringGetWidth.xml
5 ms. Memory: 559104K Free: 353675K (63%)
----------------- Invoking toplevel() on ptolemy.moml.MoMLSimpleApplication@976b94d
----------------- Done invoking toplevel() on ptolemy.moml.MoMLSimpleApplication@976b94d
reloadAllAccessors: .MultiportOutHangDuringGetWidth

===========================================================================================
----------------- testing Mon Jun 06 02:12:10 UTC 2022 /home/travis/build/icyphy/ptII/ptolemy/actor/lib/test/auto/NilToken.xml
----------------- Instantiating /home/travis/build/icyphy/ptII/ptolemy/actor/lib/test/auto/NilToken.xml
1 ms. Memory: 559104K Free: 349579K (63%)
----------------- Invoking toplevel() on ptolemy.moml.MoMLSimpleApplication@50b769ca
----------------- Done invoking toplevel() on ptolemy.moml.MoMLSimpleApplication@50b769ca
reloadAllAccessors: .NilToken

===========================================================================================
----------------- testing Mon Jun 06 02:12:10 UTC 2022 /home/travis/build/icyphy/ptII/ptolemy/actor/lib/test/auto/NilTokenNonStrictTest.xml
----------------- Instantiating /home/travis/build/icyphy/ptII/ptolemy/actor/lib/test/auto/NilTokenNonStrictTest.xml
3 ms. Memory: 559104K Free: 344969K (62%)
----------------- Invoking toplevel() on ptolemy.moml.MoMLSimpleApplication@4fa2f650
----------------- Done invoking toplevel() on ptolemy.moml.MoMLSimpleApplication@4fa2f650
reloadAllAccessors: .NilTokenNonStrictTest

===========================================================================================
----------------- testing Mon Jun 06 02:12:10 UTC 2022 /home/travis/build/icyphy/ptII/ptolemy/actor/lib/test/auto/NilTokenRecord.xml
----------------- Instantiating /home/travis/build/icyphy/ptII/ptolemy/actor/lib/test/auto/NilTokenRecord.xml
11 ms. Memory: 559104K Free: 338315K (61%)
----------------- Invoking toplevel() on ptolemy.moml.MoMLSimpleApplication@68b26830
----------------- Done invoking toplevel() on ptolemy.moml.MoMLSimpleApplication@68b26830
reloadAllAccessors: .NilTokenRecord

===========================================================================================
----------------- testing Mon Jun 06 02:12:10 UTC 2022 /home/travis/build/icyphy/ptII/ptolemy/actor/lib/test/auto/NilTokenTypeTest.xml
----------------- Instantiating /home/travis/build/icyphy/ptII/ptolemy/actor/lib/test/auto/NilTokenTypeTest.xml
5 ms. Memory: 559104K Free: 328585K (59%)
----------------- Invoking toplevel() on ptolemy.moml.MoMLSimpleApplication@361afe7e
----------------- Done invoking toplevel() on ptolemy.moml.MoMLSimpleApplication@361afe7e
reloadAllAccessors: .NilTokenTypeTest

===========================================================================================
----------------- testing Mon Jun 06 02:12:10 UTC 2022 /home/travis/build/icyphy/ptII/ptolemy/actor/lib/test/auto/ObjectToken1.xml
----------------- Instantiating /home/travis/build/icyphy/ptII/ptolemy/actor/lib/test/auto/ObjectToken1.xml
2 ms. Memory: 559104K Free: 323979K (58%)
----------------- Invoking toplevel() on ptolemy.moml.MoMLSimpleApplication@59af6eba
----------------- Done invoking toplevel() on ptolemy.moml.MoMLSimpleApplication@59af6eba
reloadAllAccessors: .ObjectToken1

===========================================================================================
----------------- testing Mon Jun 06 02:12:10 UTC 2022 /home/travis/build/icyphy/ptII/ptolemy/actor/lib/test/auto/OrderedMerge.xml
----------------- Instantiating /home/travis/build/icyphy/ptII/ptolemy/actor/lib/test/auto/OrderedMerge.xml
7 ms. Memory: 559104K Free: 318345K (57%)
----------------- Invoking toplevel() on ptolemy.moml.MoMLSimpleApplication@3f428a1b
----------------- Done invoking toplevel() on ptolemy.moml.MoMLSimpleApplication@3f428a1b
reloadAllAccessors: .OrderedMerge

===========================================================================================
----------------- testing Mon Jun 06 02:12:10 UTC 2022 /home/travis/build/icyphy/ptII/ptolemy/actor/lib/test/auto/OrderedRecordDisassembler.xml
----------------- Instantiating /home/travis/build/icyphy/ptII/ptolemy/actor/lib/test/auto/OrderedRecordDisassembler.xml
6 ms. Memory: 559104K Free: 313211K (56%)
----------------- Invoking toplevel() on ptolemy.moml.MoMLSimpleApplication@307b1525
----------------- Done invoking toplevel() on ptolemy.moml.MoMLSimpleApplication@307b1525
reloadAllAccessors: .OrderedRecordDisassembler

===========================================================================================
----------------- testing Mon Jun 06 02:12:10 UTC 2022 /home/travis/build/icyphy/ptII/ptolemy/actor/lib/test/auto/OrderedRecordDisassembler2.xml
----------------- Instantiating /home/travis/build/icyphy/ptII/ptolemy/actor/lib/test/auto/OrderedRecordDisassembler2.xml
4 ms. Memory: 559104K Free: 305547K (55%)
----------------- Invoking toplevel() on ptolemy.moml.MoMLSimpleApplication@6c9cbadb
----------------- Done invoking toplevel() on ptolemy.moml.MoMLSimpleApplication@6c9cbadb
reloadAllAccessors: .OrderedRecordDisassembler2

===========================================================================================
----------------- testing Mon Jun 06 02:12:10 UTC 2022 /home/travis/build/icyphy/ptII/ptolemy/actor/lib/test/auto/OrderedRecordUpdater.xml
----------------- Instantiating /home/travis/build/icyphy/ptII/ptolemy/actor/lib/test/auto/OrderedRecordUpdater.xml
2 ms. Memory: 559104K Free: 300937K (54%)
----------------- Invoking toplevel() on ptolemy.moml.MoMLSimpleApplication@27085908
----------------- Done invoking toplevel() on ptolemy.moml.MoMLSimpleApplication@27085908
reloadAllAccessors: .RecordUpdater

===========================================================================================
----------------- testing Mon Jun 06 02:12:10 UTC 2022 /home/travis/build/icyphy/ptII/ptolemy/actor/lib/test/auto/OrderedRecordUpdater2.xml
----------------- Instantiating /home/travis/build/icyphy/ptII/ptolemy/actor/lib/test/auto/OrderedRecordUpdater2.xml
2 ms. Memory: 559104K Free: 295817K (53%)
----------------- Invoking toplevel() on ptolemy.moml.MoMLSimpleApplication@182e12b2
----------------- Done invoking toplevel() on ptolemy.moml.MoMLSimpleApplication@182e12b2
reloadAllAccessors: .RecordUpdater2

===========================================================================================
----------------- testing Mon Jun 06 02:12:10 UTC 2022 /home/travis/build/icyphy/ptII/ptolemy/actor/lib/test/auto/PhaseUnwrap.xml
----------------- Instantiating /home/travis/build/icyphy/ptII/ptolemy/actor/lib/test/auto/PhaseUnwrap.xml
2 ms. Memory: 559104K Free: 291211K (52%)
----------------- Invoking toplevel() on ptolemy.moml.MoMLSimpleApplication@113f3479
----------------- Done invoking toplevel() on ptolemy.moml.MoMLSimpleApplication@113f3479
reloadAllAccessors: .PhaseUnwrap

===========================================================================================
----------------- testing Mon Jun 06 02:12:10 UTC 2022 /home/travis/build/icyphy/ptII/ptolemy/actor/lib/test/auto/PoissonClock.xml
----------------- Instantiating /home/travis/build/icyphy/ptII/ptolemy/actor/lib/test/auto/PoissonClock.xml
1 ms. Memory: 559104K Free: 287115K (51%)
----------------- Invoking toplevel() on ptolemy.moml.MoMLSimpleApplication@7dc6f955
----------------- Done invoking toplevel() on ptolemy.moml.MoMLSimpleApplication@7dc6f955
reloadAllAccessors: .PoissonClock

===========================================================================================
----------------- testing Mon Jun 06 02:12:10 UTC 2022 /home/travis/build/icyphy/ptII/ptolemy/actor/lib/test/auto/PoissonClock2.xml
----------------- Instantiating /home/travis/build/icyphy/ptII/ptolemy/actor/lib/test/auto/PoissonClock2.xml
1 ms. Memory: 559104K Free: 282505K (51%)
----------------- Invoking toplevel() on ptolemy.moml.MoMLSimpleApplication@22be407b
----------------- Done invoking toplevel() on ptolemy.moml.MoMLSimpleApplication@22be407b
reloadAllAccessors: .PoissonClock2

===========================================================================================
----------------- testing Mon Jun 06 02:12:10 UTC 2022 /home/travis/build/icyphy/ptII/ptolemy/actor/lib/test/auto/PoissonClock3.xml
----------------- Instantiating /home/travis/build/icyphy/ptII/ptolemy/actor/lib/test/auto/PoissonClock3.xml
2 ms. Memory: 559104K Free: 277899K (50%)
----------------- Invoking toplevel() on ptolemy.moml.MoMLSimpleApplication@6636dbb0
----------------- Done invoking toplevel() on ptolemy.moml.MoMLSimpleApplication@6636dbb0
reloadAllAccessors: .PoissonClock3

===========================================================================================
----------------- testing Mon Jun 06 02:12:10 UTC 2022 /home/travis/build/icyphy/ptII/ptolemy/actor/lib/test/auto/PubSubWithInitialTokens.xml
----------------- Instantiating /home/travis/build/icyphy/ptII/ptolemy/actor/lib/test/auto/PubSubWithInitialTokens.xml
2 ms. Memory: 559104K Free: 272259K (49%)
----------------- Invoking toplevel() on ptolemy.moml.MoMLSimpleApplication@4b093d85
----------------- Done invoking toplevel() on ptolemy.moml.MoMLSimpleApplication@4b093d85
reloadAllAccessors: .PubSubWithInitialTokens

===========================================================================================
----------------- testing Mon Jun 06 02:12:10 UTC 2022 /home/travis/build/icyphy/ptII/ptolemy/actor/lib/test/auto/PubSubWithInitialTokens2.xml
----------------- Instantiating /home/travis/build/icyphy/ptII/ptolemy/actor/lib/test/auto/PubSubWithInitialTokens2.xml
2 ms. Memory: 559104K Free: 266115K (48%)
----------------- Invoking toplevel() on ptolemy.moml.MoMLSimpleApplication@497d3bf2
----------------- Done invoking toplevel() on ptolemy.moml.MoMLSimpleApplication@497d3bf2
reloadAllAccessors: .PubSubWithInitialTokens2

===========================================================================================
----------------- testing Mon Jun 06 02:12:10 UTC 2022 /home/travis/build/icyphy/ptII/ptolemy/actor/lib/test/auto/PublisherClassNoParameter.xml
----------------- Instantiating /home/travis/build/icyphy/ptII/ptolemy/actor/lib/test/auto/PublisherClassNoParameter.xml
2 ms. Memory: 559104K Free: 255867K (46%)
----------------- Invoking toplevel() on ptolemy.moml.MoMLSimpleApplication@8b3a272
----------------- Done invoking toplevel() on ptolemy.moml.MoMLSimpleApplication@8b3a272
reloadAllAccessors: .PublisherClassNoParameter

===========================================================================================
----------------- testing Mon Jun 06 02:12:10 UTC 2022 /home/travis/build/icyphy/ptII/ptolemy/actor/lib/test/auto/PublisherClassParameter.xml
----------------- Instantiating /home/travis/build/icyphy/ptII/ptolemy/actor/lib/test/auto/PublisherClassParameter.xml
2 ms. Memory: 559104K Free: 245131K (44%)
----------------- Invoking toplevel() on ptolemy.moml.MoMLSimpleApplication@24ee59c
----------------- Done invoking toplevel() on ptolemy.moml.MoMLSimpleApplication@24ee59c
reloadAllAccessors: .PublisherClassParameter

===========================================================================================
----------------- testing Mon Jun 06 02:12:10 UTC 2022 /home/travis/build/icyphy/ptII/ptolemy/actor/lib/test/auto/PublisherNonStrictTest.xml
----------------- Instantiating /home/travis/build/icyphy/ptII/ptolemy/actor/lib/test/auto/PublisherNonStrictTest.xml
2 ms. Memory: 559104K Free: 237443K (42%)
----------------- Invoking toplevel() on ptolemy.moml.MoMLSimpleApplication@2b855235
----------------- Done invoking toplevel() on ptolemy.moml.MoMLSimpleApplication@2b855235
reloadAllAccessors: .PublisherNonStrictTest

===========================================================================================
----------------- testing Mon Jun 06 02:12:10 UTC 2022 /home/travis/build/icyphy/ptII/ptolemy/actor/lib/test/auto/PublisherPort1.xml
----------------- Instantiating /home/travis/build/icyphy/ptII/ptolemy/actor/lib/test/auto/PublisherPort1.xml
9 ms. Memory: 559104K Free: 231819K (41%)
----------------- Invoking toplevel() on ptolemy.moml.MoMLSimpleApplication@5d233305
----------------- Done invoking toplevel() on ptolemy.moml.MoMLSimpleApplication@5d233305
reloadAllAccessors: .PublisherPort1

===========================================================================================
----------------- testing Mon Jun 06 02:12:10 UTC 2022 /home/travis/build/icyphy/ptII/ptolemy/actor/lib/test/auto/PublisherPort2.xml
----------------- Instantiating /home/travis/build/icyphy/ptII/ptolemy/actor/lib/test/auto/PublisherPort2.xml
1 ms. Memory: 559104K Free: 226699K (41%)
----------------- Invoking toplevel() on ptolemy.moml.MoMLSimpleApplication@ec3fe68
----------------- Done invoking toplevel() on ptolemy.moml.MoMLSimpleApplication@ec3fe68
reloadAllAccessors: .PublisherPort2

===========================================================================================
----------------- testing Mon Jun 06 02:12:10 UTC 2022 /home/travis/build/icyphy/ptII/ptolemy/actor/lib/test/auto/PublisherPort3.xml
----------------- Instantiating /home/travis/build/icyphy/ptII/ptolemy/actor/lib/test/auto/PublisherPort3.xml
3 ms. Memory: 559104K Free: 220011K (39%)
----------------- Invoking toplevel() on ptolemy.moml.MoMLSimpleApplication@30299d3e
----------------- Done invoking toplevel() on ptolemy.moml.MoMLSimpleApplication@30299d3e
reloadAllAccessors: .PublisherPort3

===========================================================================================
----------------- testing Mon Jun 06 02:12:10 UTC 2022 /home/travis/build/icyphy/ptII/ptolemy/actor/lib/test/auto/PublisherPort4.xml
----------------- Instantiating /home/travis/build/icyphy/ptII/ptolemy/actor/lib/test/auto/PublisherPort4.xml
2 ms. Memory: 559104K Free: 214411K (38%)
----------------- Invoking toplevel() on ptolemy.moml.MoMLSimpleApplication@297a991
----------------- Done invoking toplevel() on ptolemy.moml.MoMLSimpleApplication@297a991
reloadAllAccessors: .PublisherPort4

===========================================================================================
----------------- testing Mon Jun 06 02:12:11 UTC 2022 /home/travis/build/icyphy/ptII/ptolemy/actor/lib/test/auto/PublisherPort5.xml
----------------- Instantiating /home/travis/build/icyphy/ptII/ptolemy/actor/lib/test/auto/PublisherPort5.xml
3 ms. Memory: 559104K Free: 206729K (37%)
----------------- Invoking toplevel() on ptolemy.moml.MoMLSimpleApplication@23501cf0
----------------- Done invoking toplevel() on ptolemy.moml.MoMLSimpleApplication@23501cf0
reloadAllAccessors: .PublisherPort5

===========================================================================================
----------------- testing Mon Jun 06 02:12:11 UTC 2022 /home/travis/build/icyphy/ptII/ptolemy/actor/lib/test/auto/PublisherPort5LookAlike.xml
----------------- Instantiating /home/travis/build/icyphy/ptII/ptolemy/actor/lib/test/auto/PublisherPort5LookAlike.xml
7 ms. Memory: 559104K Free: 199051K (36%)
----------------- Invoking toplevel() on ptolemy.moml.MoMLSimpleApplication@847dc4c
----------------- Done invoking toplevel() on ptolemy.moml.MoMLSimpleApplication@847dc4c
reloadAllAccessors: .PublisherPort5LookAlike

===========================================================================================
----------------- testing Mon Jun 06 02:12:11 UTC 2022 /home/travis/build/icyphy/ptII/ptolemy/actor/lib/test/auto/PublisherPort6.xml
----------------- Instantiating /home/travis/build/icyphy/ptII/ptolemy/actor/lib/test/auto/PublisherPort6.xml
1 ms. Memory: 559104K Free: 191883K (34%)
----------------- Invoking toplevel() on ptolemy.moml.MoMLSimpleApplication@4a7a8908
----------------- Done invoking toplevel() on ptolemy.moml.MoMLSimpleApplication@4a7a8908
reloadAllAccessors: .PublisherPort6

===========================================================================================
----------------- testing Mon Jun 06 02:12:11 UTC 2022 /home/travis/build/icyphy/ptII/ptolemy/actor/lib/test/auto/PublisherPort7.xml
----------------- Instantiating /home/travis/build/icyphy/ptII/ptolemy/actor/lib/test/auto/PublisherPort7.xml
3 ms. Memory: 559104K Free: 184201K (33%)
----------------- Invoking toplevel() on ptolemy.moml.MoMLSimpleApplication@464b076f
----------------- Done invoking toplevel() on ptolemy.moml.MoMLSimpleApplication@464b076f
reloadAllAccessors: .PublisherPort7

===========================================================================================
----------------- testing Mon Jun 06 02:12:11 UTC 2022 /home/travis/build/icyphy/ptII/ptolemy/actor/lib/test/auto/PublisherPort8.xml
----------------- Instantiating /home/travis/build/icyphy/ptII/ptolemy/actor/lib/test/auto/PublisherPort8.xml
4 ms. Memory: 559104K Free: 500619K (90%)
----------------- Invoking toplevel() on ptolemy.moml.MoMLSimpleApplication@68a5151a
----------------- Done invoking toplevel() on ptolemy.moml.MoMLSimpleApplication@68a5151a
reloadAllAccessors: .PublisherPort8

===========================================================================================
----------------- testing Mon Jun 06 02:12:11 UTC 2022 /home/travis/build/icyphy/ptII/ptolemy/actor/lib/test/auto/PublisherPortSubscriberChannelVariablesAOC2.xml
----------------- Instantiating /home/travis/build/icyphy/ptII/ptolemy/actor/lib/test/auto/PublisherPortSubscriberChannelVariablesAOC2.xml
3 ms. Memory: 559104K Free: 482697K (86%)
----------------- Invoking toplevel() on ptolemy.moml.MoMLSimpleApplication@7e07d5ec
----------------- Done invoking toplevel() on ptolemy.moml.MoMLSimpleApplication@7e07d5ec
reloadAllAccessors: .PublisherPortSubscriberChannelVariablesAOC2

===========================================================================================
----------------- testing Mon Jun 06 02:12:11 UTC 2022 /home/travis/build/icyphy/ptII/ptolemy/actor/lib/test/auto/PublisherPortSubscriberOpaqueWidthInference.xml
----------------- Instantiating /home/travis/build/icyphy/ptII/ptolemy/actor/lib/test/auto/PublisherPortSubscriberOpaqueWidthInference.xml
3 ms. Memory: 559104K Free: 474491K (85%)
----------------- Invoking toplevel() on ptolemy.moml.MoMLSimpleApplication@61186535
----------------- Done invoking toplevel() on ptolemy.moml.MoMLSimpleApplication@61186535
reloadAllAccessors: .PublisherPortSubscriberOpaqueWidthInference

===========================================================================================
----------------- testing Mon Jun 06 02:12:11 UTC 2022 /home/travis/build/icyphy/ptII/ptolemy/actor/lib/test/auto/PublisherPortSubscriberPortAdjacent.xml
----------------- Instantiating /home/travis/build/icyphy/ptII/ptolemy/actor/lib/test/auto/PublisherPortSubscriberPortAdjacent.xml
1 ms. Memory: 559104K Free: 466313K (83%)
----------------- Invoking toplevel() on ptolemy.moml.MoMLSimpleApplication@24527b2d
----------------- Done invoking toplevel() on ptolemy.moml.MoMLSimpleApplication@24527b2d
reloadAllAccessors: .PublisherPortSubscriberPortAdjacent

===========================================================================================
----------------- testing Mon Jun 06 02:12:11 UTC 2022 /home/travis/build/icyphy/ptII/ptolemy/actor/lib/test/auto/PublisherPortSubscriberPortExpression.xml
----------------- Instantiating /home/travis/build/icyphy/ptII/ptolemy/actor/lib/test/auto/PublisherPortSubscriberPortExpression.xml
2 ms. Memory: 559104K Free: 458635K (82%)
----------------- Invoking toplevel() on ptolemy.moml.MoMLSimpleApplication@4e335e53
----------------- Done invoking toplevel() on ptolemy.moml.MoMLSimpleApplication@4e335e53
reloadAllAccessors: .PublisherPortSubscriberPortExpression

===========================================================================================
----------------- testing Mon Jun 06 02:12:11 UTC 2022 /home/travis/build/icyphy/ptII/ptolemy/actor/lib/test/auto/PublisherPortSubscriberPortOpaqueD3Reverse.xml
----------------- Instantiating /home/travis/build/icyphy/ptII/ptolemy/actor/lib/test/auto/PublisherPortSubscriberPortOpaqueD3Reverse.xml
5 ms. Memory: 559104K Free: 448395K (80%)
----------------- Invoking toplevel() on ptolemy.moml.MoMLSimpleApplication@64db2211
----------------- Done invoking toplevel() on ptolemy.moml.MoMLSimpleApplication@64db2211
reloadAllAccessors: .PublisherPortSubscriberPortOpaqueD3Reverse

===========================================================================================
----------------- testing Mon Jun 06 02:12:11 UTC 2022 /home/travis/build/icyphy/ptII/ptolemy/actor/lib/test/auto/PublisherPortSubscriberPortOpaqueWidthInference.xml
----------------- Instantiating /home/travis/build/icyphy/ptII/ptolemy/actor/lib/test/auto/PublisherPortSubscriberPortOpaqueWidthInference.xml
3 ms. Memory: 559104K Free: 440203K (79%)
----------------- Invoking toplevel() on ptolemy.moml.MoMLSimpleApplication@7f298b60
----------------- Done invoking toplevel() on ptolemy.moml.MoMLSimpleApplication@7f298b60
reloadAllAccessors: .PublisherPortSubscriberPortOpaqueWidthInference

===========================================================================================
----------------- testing Mon Jun 06 02:12:11 UTC 2022 /home/travis/build/icyphy/ptII/ptolemy/actor/lib/test/auto/PublisherPortToplevelSubscriberPortAOC.xml
----------------- Instantiating /home/travis/build/icyphy/ptII/ptolemy/actor/lib/test/auto/PublisherPortToplevelSubscriberPortAOC.xml
.PublisherPortToplevelSubscriberPortAOC.TestExceptionAttribute: initialize() was not invoked, but wrapup() was.  This is unusual, but not always a problem.  For example, exporting JNLP will do this.
0 ms. Memory: 559104K Free: 434569K (78%)
----------------- Invoking toplevel() on ptolemy.moml.MoMLSimpleApplication@703e13d0
----------------- Done invoking toplevel() on ptolemy.moml.MoMLSimpleApplication@703e13d0
reloadAllAccessors: .PublisherPortToplevelSubscriberPortAOC

===========================================================================================
----------------- testing Mon Jun 06 02:12:11 UTC 2022 /home/travis/build/icyphy/ptII/ptolemy/actor/lib/test/auto/PublisherSubscriber.xml
----------------- Instantiating /home/travis/build/icyphy/ptII/ptolemy/actor/lib/test/auto/PublisherSubscriber.xml
3 ms. Memory: 559104K Free: 426891K (76%)
----------------- Invoking toplevel() on ptolemy.moml.MoMLSimpleApplication@21fcca3
----------------- Done invoking toplevel() on ptolemy.moml.MoMLSimpleApplication@21fcca3
reloadAllAccessors: .PublisherSubscriber

===========================================================================================
----------------- testing Mon Jun 06 02:12:11 UTC 2022 /home/travis/build/icyphy/ptII/ptolemy/actor/lib/test/auto/PublisherSubscriber10.xml
----------------- Instantiating /home/travis/build/icyphy/ptII/ptolemy/actor/lib/test/auto/PublisherSubscriber10.xml
5 ms. Memory: 559104K Free: 417161K (75%)
----------------- Invoking toplevel() on ptolemy.moml.MoMLSimpleApplication@3a56fe4e
----------------- Done invoking toplevel() on ptolemy.moml.MoMLSimpleApplication@3a56fe4e
reloadAllAccessors: .PublisherSubscriber10

===========================================================================================
----------------- testing Mon Jun 06 02:12:11 UTC 2022 /home/travis/build/icyphy/ptII/ptolemy/actor/lib/test/auto/PublisherSubscriber10InitialOutputs.xml
----------------- Instantiating /home/travis/build/icyphy/ptII/ptolemy/actor/lib/test/auto/PublisherSubscriber10InitialOutputs.xml
11 ms. Memory: 559104K Free: 407945K (73%)
----------------- Invoking toplevel() on ptolemy.moml.MoMLSimpleApplication@56e3136e
----------------- Done invoking toplevel() on ptolemy.moml.MoMLSimpleApplication@56e3136e
reloadAllAccessors: .PublisherSubscriber10InitialOutputs

===========================================================================================
----------------- testing Mon Jun 06 02:12:11 UTC 2022 /home/travis/build/icyphy/ptII/ptolemy/actor/lib/test/auto/PublisherSubscriber11.xml
----------------- Instantiating /home/travis/build/icyphy/ptII/ptolemy/actor/lib/test/auto/PublisherSubscriber11.xml
3 ms. Memory: 559104K Free: 401771K (72%)
----------------- Invoking toplevel() on ptolemy.moml.MoMLSimpleApplication@288856a3
----------------- Done invoking toplevel() on ptolemy.moml.MoMLSimpleApplication@288856a3
reloadAllAccessors: .PublisherSubscriber11

===========================================================================================
----------------- testing Mon Jun 06 02:12:11 UTC 2022 /home/travis/build/icyphy/ptII/ptolemy/actor/lib/test/auto/PublisherSubscriber12.xml
----------------- Instantiating /home/travis/build/icyphy/ptII/ptolemy/actor/lib/test/auto/PublisherSubscriber12.xml
5 ms. Memory: 559104K Free: 394123K (70%)
----------------- Invoking toplevel() on ptolemy.moml.MoMLSimpleApplication@48ef3c48
----------------- Done invoking toplevel() on ptolemy.moml.MoMLSimpleApplication@48ef3c48
reloadAllAccessors: .PublisherSubscriber12

===========================================================================================
----------------- testing Mon Jun 06 02:12:11 UTC 2022 /home/travis/build/icyphy/ptII/ptolemy/actor/lib/test/auto/PublisherSubscriber13.xml
----------------- Instantiating /home/travis/build/icyphy/ptII/ptolemy/actor/lib/test/auto/PublisherSubscriber13.xml
2 ms. Memory: 559104K Free: 388459K (69%)
----------------- Invoking toplevel() on ptolemy.moml.MoMLSimpleApplication@1ecaeb88
----------------- Done invoking toplevel() on ptolemy.moml.MoMLSimpleApplication@1ecaeb88
reloadAllAccessors: .PublisherSubscriber13

===========================================================================================
----------------- testing Mon Jun 06 02:12:11 UTC 2022 /home/travis/build/icyphy/ptII/ptolemy/actor/lib/test/auto/PublisherSubscriber14.xml
----------------- Instantiating /home/travis/build/icyphy/ptII/ptolemy/actor/lib/test/auto/PublisherSubscriber14.xml
2 ms. Memory: 559104K Free: 379787K (68%)
----------------- Invoking toplevel() on ptolemy.moml.MoMLSimpleApplication@244df022
----------------- Done invoking toplevel() on ptolemy.moml.MoMLSimpleApplication@244df022
reloadAllAccessors: .PublisherSubscriber14

===========================================================================================
----------------- testing Mon Jun 06 02:12:11 UTC 2022 /home/travis/build/icyphy/ptII/ptolemy/actor/lib/test/auto/PublisherSubscriber2.xml
----------------- Instantiating /home/travis/build/icyphy/ptII/ptolemy/actor/lib/test/auto/PublisherSubscriber2.xml
3 ms. Memory: 559104K Free: 374123K (67%)
----------------- Invoking toplevel() on ptolemy.moml.MoMLSimpleApplication@5ca26a2
----------------- Done invoking toplevel() on ptolemy.moml.MoMLSimpleApplication@5ca26a2
reloadAllAccessors: .PublisherSubscriber2

===========================================================================================
----------------- testing Mon Jun 06 02:12:11 UTC 2022 /home/travis/build/icyphy/ptII/ptolemy/actor/lib/test/auto/PublisherSubscriber3.xml
----------------- Instantiating /home/travis/build/icyphy/ptII/ptolemy/actor/lib/test/auto/PublisherSubscriber3.xml
2 ms. Memory: 559104K Free: 368523K (66%)
----------------- Invoking toplevel() on ptolemy.moml.MoMLSimpleApplication@37feef1d
----------------- Done invoking toplevel() on ptolemy.moml.MoMLSimpleApplication@37feef1d
reloadAllAccessors: .PublisherSubscriber3

===========================================================================================
----------------- testing Mon Jun 06 02:12:11 UTC 2022 /home/travis/build/icyphy/ptII/ptolemy/actor/lib/test/auto/PublisherSubscriber4.xml
----------------- Instantiating /home/travis/build/icyphy/ptII/ptolemy/actor/lib/test/auto/PublisherSubscriber4.xml
2 ms. Memory: 559104K Free: 363403K (65%)
----------------- Invoking toplevel() on ptolemy.moml.MoMLSimpleApplication@12604743
----------------- Done invoking toplevel() on ptolemy.moml.MoMLSimpleApplication@12604743
reloadAllAccessors: .PublisherSubscriber4

===========================================================================================
----------------- testing Mon Jun 06 02:12:11 UTC 2022 /home/travis/build/icyphy/ptII/ptolemy/actor/lib/test/auto/PublisherSubscriber5.xml
----------------- Instantiating /home/travis/build/icyphy/ptII/ptolemy/actor/lib/test/auto/PublisherSubscriber5.xml
4 ms. Memory: 559104K Free: 356235K (64%)
----------------- Invoking toplevel() on ptolemy.moml.MoMLSimpleApplication@219bda98
----------------- Done invoking toplevel() on ptolemy.moml.MoMLSimpleApplication@219bda98
reloadAllAccessors: .PublisherSubscriber5

===========================================================================================
----------------- testing Mon Jun 06 02:12:11 UTC 2022 /home/travis/build/icyphy/ptII/ptolemy/actor/lib/test/auto/PublisherSubscriber6.xml
----------------- Instantiating /home/travis/build/icyphy/ptII/ptolemy/actor/lib/test/auto/PublisherSubscriber6.xml
3 ms. Memory: 559104K Free: 349563K (63%)
----------------- Invoking toplevel() on ptolemy.moml.MoMLSimpleApplication@727910b3
----------------- Done invoking toplevel() on ptolemy.moml.MoMLSimpleApplication@727910b3
reloadAllAccessors: .PublisherSubscriber6

===========================================================================================
----------------- testing Mon Jun 06 02:12:11 UTC 2022 /home/travis/build/icyphy/ptII/ptolemy/actor/lib/test/auto/PublisherSubscriber7.xml
----------------- Instantiating /home/travis/build/icyphy/ptII/ptolemy/actor/lib/test/auto/PublisherSubscriber7.xml
2 ms. Memory: 559104K Free: 342409K (61%)
----------------- Invoking toplevel() on ptolemy.moml.MoMLSimpleApplication@452adf75
----------------- Done invoking toplevel() on ptolemy.moml.MoMLSimpleApplication@452adf75
reloadAllAccessors: .PublisherSubscriber7

===========================================================================================
----------------- testing Mon Jun 06 02:12:11 UTC 2022 /home/travis/build/icyphy/ptII/ptolemy/actor/lib/test/auto/PublisherSubscriber8.xml
----------------- Instantiating /home/travis/build/icyphy/ptII/ptolemy/actor/lib/test/auto/PublisherSubscriber8.xml
19 ms. Memory: 559104K Free: 330635K (59%)
----------------- Invoking toplevel() on ptolemy.moml.MoMLSimpleApplication@2abdb012
----------------- Done invoking toplevel() on ptolemy.moml.MoMLSimpleApplication@2abdb012
reloadAllAccessors: .PublisherSubscriber8

===========================================================================================
----------------- testing Mon Jun 06 02:12:11 UTC 2022 /home/travis/build/icyphy/ptII/ptolemy/actor/lib/test/auto/PublisherSubscriber9.xml
----------------- Instantiating /home/travis/build/icyphy/ptII/ptolemy/actor/lib/test/auto/PublisherSubscriber9.xml
2 ms. Memory: 559104K Free: 323467K (58%)
----------------- Invoking toplevel() on ptolemy.moml.MoMLSimpleApplication@5de453db
----------------- Done invoking toplevel() on ptolemy.moml.MoMLSimpleApplication@5de453db
reloadAllAccessors: .PublisherSubscriber9

===========================================================================================
----------------- testing Mon Jun 06 02:12:11 UTC 2022 /home/travis/build/icyphy/ptII/ptolemy/actor/lib/test/auto/PublisherSubscriberAdjacent.xml
----------------- Instantiating /home/travis/build/icyphy/ptII/ptolemy/actor/lib/test/auto/PublisherSubscriberAdjacent.xml
2 ms. Memory: 559104K Free: 314251K (56%)
----------------- Invoking toplevel() on ptolemy.moml.MoMLSimpleApplication@47bb470f
----------------- Done invoking toplevel() on ptolemy.moml.MoMLSimpleApplication@47bb470f
reloadAllAccessors: .PublisherSubscriberAdjacent

===========================================================================================
----------------- testing Mon Jun 06 02:12:11 UTC 2022 /home/travis/build/icyphy/ptII/ptolemy/actor/lib/test/auto/PublisherSubscriberChannelVariablesAOC2.xml
----------------- Instantiating /home/travis/build/icyphy/ptII/ptolemy/actor/lib/test/auto/PublisherSubscriberChannelVariablesAOC2.xml
3 ms. Memory: 559104K Free: 298891K (53%)
----------------- Invoking toplevel() on ptolemy.moml.MoMLSimpleApplication@2124060a
----------------- Done invoking toplevel() on ptolemy.moml.MoMLSimpleApplication@2124060a
reloadAllAccessors: .PublisherSubscriberChannelVariablesAOC2

===========================================================================================
----------------- testing Mon Jun 06 02:12:11 UTC 2022 /home/travis/build/icyphy/ptII/ptolemy/actor/lib/test/auto/PublisherSubscriberD3.xml
----------------- Instantiating /home/travis/build/icyphy/ptII/ptolemy/actor/lib/test/auto/PublisherSubscriberD3.xml
1 ms. Memory: 559104K Free: 291723K (52%)
----------------- Invoking toplevel() on ptolemy.moml.MoMLSimpleApplication@50f27447
----------------- Done invoking toplevel() on ptolemy.moml.MoMLSimpleApplication@50f27447
reloadAllAccessors: .PublisherSubscriberD3

===========================================================================================
----------------- testing Mon Jun 06 02:12:11 UTC 2022 /home/travis/build/icyphy/ptII/ptolemy/actor/lib/test/auto/PublisherSubscriberD3Reverse.xml
----------------- Instantiating /home/travis/build/icyphy/ptII/ptolemy/actor/lib/test/auto/PublisherSubscriberD3Reverse.xml
1 ms. Memory: 559104K Free: 285579K (51%)
----------------- Invoking toplevel() on ptolemy.moml.MoMLSimpleApplication@4e89c430
----------------- Done invoking toplevel() on ptolemy.moml.MoMLSimpleApplication@4e89c430
reloadAllAccessors: .PublisherSubscriberD3Reverse

===========================================================================================
----------------- testing Mon Jun 06 02:12:11 UTC 2022 /home/travis/build/icyphy/ptII/ptolemy/actor/lib/test/auto/PublisherSubscriberExpression.xml
----------------- Instantiating /home/travis/build/icyphy/ptII/ptolemy/actor/lib/test/auto/PublisherSubscriberExpression.xml
3 ms. Memory: 559104K Free: 276859K (50%)
----------------- Invoking toplevel() on ptolemy.moml.MoMLSimpleApplication@5231e95b
----------------- Done invoking toplevel() on ptolemy.moml.MoMLSimpleApplication@5231e95b
reloadAllAccessors: .PublisherSubscriberExpression

===========================================================================================
----------------- testing Mon Jun 06 02:12:11 UTC 2022 /home/travis/build/icyphy/ptII/ptolemy/actor/lib/test/auto/PublisherSubscriberOpaque.xml
----------------- Instantiating /home/travis/build/icyphy/ptII/ptolemy/actor/lib/test/auto/PublisherSubscriberOpaque.xml
3 ms. Memory: 559104K Free: 268171K (48%)
----------------- Invoking toplevel() on ptolemy.moml.MoMLSimpleApplication@3f6d60bc
----------------- Done invoking toplevel() on ptolemy.moml.MoMLSimpleApplication@3f6d60bc
reloadAllAccessors: .PublisherSubscriberOpaque

===========================================================================================
----------------- testing Mon Jun 06 02:12:11 UTC 2022 /home/travis/build/icyphy/ptII/ptolemy/actor/lib/test/auto/PublisherSubscriberOpaqueD3.xml
----------------- Instantiating /home/travis/build/icyphy/ptII/ptolemy/actor/lib/test/auto/PublisherSubscriberOpaqueD3.xml
4 ms. Memory: 559104K Free: 256907K (46%)
----------------- Invoking toplevel() on ptolemy.moml.MoMLSimpleApplication@7fcf5074
----------------- Done invoking toplevel() on ptolemy.moml.MoMLSimpleApplication@7fcf5074
reloadAllAccessors: .PublisherSubscriberOpaqueD3

===========================================================================================
----------------- testing Mon Jun 06 02:12:11 UTC 2022 /home/travis/build/icyphy/ptII/ptolemy/actor/lib/test/auto/PublisherSubscriberOpaqueD3Reverse.xml
----------------- Instantiating /home/travis/build/icyphy/ptII/ptolemy/actor/lib/test/auto/PublisherSubscriberOpaqueD3Reverse.xml
7 ms. Memory: 559104K Free: 246153K (44%)
----------------- Invoking toplevel() on ptolemy.moml.MoMLSimpleApplication@3ae6c9c5
----------------- Done invoking toplevel() on ptolemy.moml.MoMLSimpleApplication@3ae6c9c5
reloadAllAccessors: .PublisherSubscriberOpaqueD3Reverse

===========================================================================================
----------------- testing Mon Jun 06 02:12:11 UTC 2022 /home/travis/build/icyphy/ptII/ptolemy/actor/lib/test/auto/PublisherSubscriberOpaqueWidthInference.xml
----------------- Instantiating /home/travis/build/icyphy/ptII/ptolemy/actor/lib/test/auto/PublisherSubscriberOpaqueWidthInference.xml
3 ms. Memory: 559104K Free: 237947K (43%)
----------------- Invoking toplevel() on ptolemy.moml.MoMLSimpleApplication@35ad4fb7
----------------- Done invoking toplevel() on ptolemy.moml.MoMLSimpleApplication@35ad4fb7
reloadAllAccessors: .PublisherSubscriberOpaqueWidthInference

===========================================================================================
----------------- testing Mon Jun 06 02:12:11 UTC 2022 /home/travis/build/icyphy/ptII/ptolemy/actor/lib/test/auto/PublisherTestSubscriber.xml
----------------- Instantiating /home/travis/build/icyphy/ptII/ptolemy/actor/lib/test/auto/PublisherTestSubscriber.xml
2 ms. Memory: 559104K Free: 230283K (41%)
----------------- Invoking toplevel() on ptolemy.moml.MoMLSimpleApplication@66a8f065
----------------- Done invoking toplevel() on ptolemy.moml.MoMLSimpleApplication@66a8f065
reloadAllAccessors: .PublisherTestSubscriber

===========================================================================================
----------------- testing Mon Jun 06 02:12:11 UTC 2022 /home/travis/build/icyphy/ptII/ptolemy/actor/lib/test/auto/PublisherToplevelSubscriberPortAOC.xml
----------------- Instantiating /home/travis/build/icyphy/ptII/ptolemy/actor/lib/test/auto/PublisherToplevelSubscriberPortAOC.xml
1 ms. Memory: 559104K Free: 223595K (40%)
----------------- Invoking toplevel() on ptolemy.moml.MoMLSimpleApplication@6061f0fd
----------------- Done invoking toplevel() on ptolemy.moml.MoMLSimpleApplication@6061f0fd
reloadAllAccessors: .PublisherToplevelSubscriberPortAOC

===========================================================================================
----------------- testing Mon Jun 06 02:12:11 UTC 2022 /home/travis/build/icyphy/ptII/ptolemy/actor/lib/test/auto/PulseFiringLimitDE.xml
----------------- Instantiating /home/travis/build/icyphy/ptII/ptolemy/actor/lib/test/auto/PulseFiringLimitDE.xml
1 ms. Memory: 559104K Free: 217481K (39%)
----------------- Invoking toplevel() on ptolemy.moml.MoMLSimpleApplication@3ae8450f
----------------- Done invoking toplevel() on ptolemy.moml.MoMLSimpleApplication@3ae8450f
reloadAllAccessors: .PulseFiringLimitDE

===========================================================================================
----------------- testing Mon Jun 06 02:12:11 UTC 2022 /home/travis/build/icyphy/ptII/ptolemy/actor/lib/test/auto/Ramp1.xml
----------------- Instantiating /home/travis/build/icyphy/ptII/ptolemy/actor/lib/test/auto/Ramp1.xml
1 ms. Memory: 559104K Free: 213379K (38%)
----------------- Invoking toplevel() on ptolemy.moml.MoMLSimpleApplication@1d31b27f
----------------- Done invoking toplevel() on ptolemy.moml.MoMLSimpleApplication@1d31b27f
reloadAllAccessors: .Ramp1

===========================================================================================
----------------- testing Mon Jun 06 02:12:11 UTC 2022 /home/travis/build/icyphy/ptII/ptolemy/actor/lib/test/auto/RampFiringLimitDE.xml
----------------- Instantiating /home/travis/build/icyphy/ptII/ptolemy/actor/lib/test/auto/RampFiringLimitDE.xml
2 ms. Memory: 559104K Free: 207227K (37%)
----------------- Invoking toplevel() on ptolemy.moml.MoMLSimpleApplication@483cc084
----------------- Done invoking toplevel() on ptolemy.moml.MoMLSimpleApplication@483cc084
reloadAllAccessors: .RampFiringLimitDE

===========================================================================================
----------------- testing Mon Jun 06 02:12:11 UTC 2022 /home/travis/build/icyphy/ptII/ptolemy/actor/lib/test/auto/RampFiringLimitSDF.xml
----------------- Instantiating /home/travis/build/icyphy/ptII/ptolemy/actor/lib/test/auto/RampFiringLimitSDF.xml
2 ms. Memory: 559104K Free: 201611K (36%)
----------------- Invoking toplevel() on ptolemy.moml.MoMLSimpleApplication@25b04b3a
----------------- Done invoking toplevel() on ptolemy.moml.MoMLSimpleApplication@25b04b3a
reloadAllAccessors: .RampFiringLimitSDF

===========================================================================================
----------------- testing Mon Jun 06 02:12:11 UTC 2022 /home/travis/build/icyphy/ptII/ptolemy/actor/lib/test/auto/RandomInteger.xml
----------------- Instantiating /home/travis/build/icyphy/ptII/ptolemy/actor/lib/test/auto/RandomInteger.xml
1 ms. Memory: 559104K Free: 197515K (35%)
----------------- Invoking toplevel() on ptolemy.moml.MoMLSimpleApplication@14d96c2a
----------------- Done invoking toplevel() on ptolemy.moml.MoMLSimpleApplication@14d96c2a
reloadAllAccessors: .RandomInteger

===========================================================================================
----------------- testing Mon Jun 06 02:12:11 UTC 2022 /home/travis/build/icyphy/ptII/ptolemy/actor/lib/test/auto/ReadFile1.xml
----------------- Instantiating /home/travis/build/icyphy/ptII/ptolemy/actor/lib/test/auto/ReadFile1.xml
2 ms. Memory: 559104K Free: 192899K (35%)
----------------- Invoking toplevel() on ptolemy.moml.MoMLSimpleApplication@772e182b
----------------- Done invoking toplevel() on ptolemy.moml.MoMLSimpleApplication@772e182b
reloadAllAccessors: .ReadFile1

===========================================================================================
----------------- testing Mon Jun 06 02:12:11 UTC 2022 /home/travis/build/icyphy/ptII/ptolemy/actor/lib/test/auto/ReadFile2.xml
----------------- Instantiating /home/travis/build/icyphy/ptII/ptolemy/actor/lib/test/auto/ReadFile2.xml
1 ms. Memory: 559104K Free: 188809K (34%)
----------------- Invoking toplevel() on ptolemy.moml.MoMLSimpleApplication@24d01eb2
----------------- Done invoking toplevel() on ptolemy.moml.MoMLSimpleApplication@24d01eb2
reloadAllAccessors: .ReadFile2

===========================================================================================
----------------- testing Mon Jun 06 02:12:11 UTC 2022 /home/travis/build/icyphy/ptII/ptolemy/actor/lib/test/auto/Reader.xml
----------------- Instantiating /home/travis/build/icyphy/ptII/ptolemy/actor/lib/test/auto/Reader.xml
actor.lib.Reader is obsolete, use actor.lib.io.ExpressionReader instead
3 ms. Memory: 559104K Free: 184203K (33%)
----------------- Invoking toplevel() on ptolemy.moml.MoMLSimpleApplication@7f554612
----------------- Done invoking toplevel() on ptolemy.moml.MoMLSimpleApplication@7f554612
reloadAllAccessors: .Reader

===========================================================================================
----------------- testing Mon Jun 06 02:12:11 UTC 2022 /home/travis/build/icyphy/ptII/ptolemy/actor/lib/test/auto/RecordAssemblerDisplayNameTest.xml
----------------- Instantiating /home/travis/build/icyphy/ptII/ptolemy/actor/lib/test/auto/RecordAssemblerDisplayNameTest.xml
3386 ms. Memory: 559104K Free: 273291K (49%)
----------------- Invoking toplevel() on ptolemy.moml.MoMLSimpleApplication@5c196f2b
----------------- Done invoking toplevel() on ptolemy.moml.MoMLSimpleApplication@5c196f2b
reloadAllAccessors: .RecordAssemblerDisplayNameTest

===========================================================================================
----------------- testing Mon Jun 06 02:12:15 UTC 2022 /home/travis/build/icyphy/ptII/ptolemy/actor/lib/test/auto/RecordAssemblerTypeError.xml
----------------- Instantiating /home/travis/build/icyphy/ptII/ptolemy/actor/lib/test/auto/RecordAssemblerTypeError.xml
5 ms. Memory: 559104K Free: 263561K (47%)
----------------- Invoking toplevel() on ptolemy.moml.MoMLSimpleApplication@4994585e
----------------- Done invoking toplevel() on ptolemy.moml.MoMLSimpleApplication@4994585e
reloadAllAccessors: .RecordAssemblerTypeError

===========================================================================================
----------------- testing Mon Jun 06 02:12:15 UTC 2022 /home/travis/build/icyphy/ptII/ptolemy/actor/lib/test/auto/RecordDisassember.xml
----------------- Instantiating /home/travis/build/icyphy/ptII/ptolemy/actor/lib/test/auto/RecordDisassember.xml
3 ms. Memory: 559104K Free: 258435K (46%)
----------------- Invoking toplevel() on ptolemy.moml.MoMLSimpleApplication@501660f2
----------------- Done invoking toplevel() on ptolemy.moml.MoMLSimpleApplication@501660f2
reloadAllAccessors: .RecordDisassember

===========================================================================================
----------------- testing Mon Jun 06 02:12:15 UTC 2022 /home/travis/build/icyphy/ptII/ptolemy/actor/lib/test/auto/RecordDisassemberDisplayNameTest.xml
----------------- Instantiating /home/travis/build/icyphy/ptII/ptolemy/actor/lib/test/auto/RecordDisassemberDisplayNameTest.xml
6 ms. Memory: 559104K Free: 249739K (45%)
----------------- Invoking toplevel() on ptolemy.moml.MoMLSimpleApplication@39c2b56a
----------------- Done invoking toplevel() on ptolemy.moml.MoMLSimpleApplication@39c2b56a
reloadAllAccessors: .RecordDisassemberDisplayNameTest

===========================================================================================
----------------- testing Mon Jun 06 02:12:15 UTC 2022 /home/travis/build/icyphy/ptII/ptolemy/actor/lib/test/auto/RecordDisassembler.xml
----------------- Instantiating /home/travis/build/icyphy/ptII/ptolemy/actor/lib/test/auto/RecordDisassembler.xml
2 ms. Memory: 559104K Free: 244619K (44%)
----------------- Invoking toplevel() on ptolemy.moml.MoMLSimpleApplication@53d799a
----------------- Done invoking toplevel() on ptolemy.moml.MoMLSimpleApplication@53d799a
reloadAllAccessors: .RecordDisassembler

===========================================================================================
----------------- testing Mon Jun 06 02:12:15 UTC 2022 /home/travis/build/icyphy/ptII/ptolemy/actor/lib/test/auto/RecordDisassembler2.xml
----------------- Instantiating /home/travis/build/icyphy/ptII/ptolemy/actor/lib/test/auto/RecordDisassembler2.xml
2 ms. Memory: 559104K Free: 239499K (43%)
----------------- Invoking toplevel() on ptolemy.moml.MoMLSimpleApplication@5eb8bf95
----------------- Done invoking toplevel() on ptolemy.moml.MoMLSimpleApplication@5eb8bf95
reloadAllAccessors: .RecordDisassembler2

===========================================================================================
----------------- testing Mon Jun 06 02:12:15 UTC 2022 /home/travis/build/icyphy/ptII/ptolemy/actor/lib/test/auto/RecordUpdater.xml
----------------- Instantiating /home/travis/build/icyphy/ptII/ptolemy/actor/lib/test/auto/RecordUpdater.xml
1 ms. Memory: 559104K Free: 233865K (42%)
----------------- Invoking toplevel() on ptolemy.moml.MoMLSimpleApplication@3bc2aaf4
----------------- Done invoking toplevel() on ptolemy.moml.MoMLSimpleApplication@3bc2aaf4
reloadAllAccessors: .RecordUpdater

===========================================================================================
----------------- testing Mon Jun 06 02:12:15 UTC 2022 /home/travis/build/icyphy/ptII/ptolemy/actor/lib/test/auto/RecordUpdater2.xml
----------------- Instantiating /home/travis/build/icyphy/ptII/ptolemy/actor/lib/test/auto/RecordUpdater2.xml
2 ms. Memory: 559104K Free: 228745K (41%)
----------------- Invoking toplevel() on ptolemy.moml.MoMLSimpleApplication@5c645d10
----------------- Done invoking toplevel() on ptolemy.moml.MoMLSimpleApplication@5c645d10
reloadAllAccessors: .RecordUpdater2

===========================================================================================
----------------- testing Mon Jun 06 02:12:15 UTC 2022 /home/travis/build/icyphy/ptII/ptolemy/actor/lib/test/auto/RecursiveLattice.xml
----------------- Instantiating /home/travis/build/icyphy/ptII/ptolemy/actor/lib/test/auto/RecursiveLattice.xml
1 ms. Memory: 559104K Free: 224649K (40%)
----------------- Invoking toplevel() on ptolemy.moml.MoMLSimpleApplication@172572e5
----------------- Done invoking toplevel() on ptolemy.moml.MoMLSimpleApplication@172572e5
reloadAllAccessors: .RecursiveLattice

===========================================================================================
----------------- testing Mon Jun 06 02:12:15 UTC 2022 /home/travis/build/icyphy/ptII/ptolemy/actor/lib/test/auto/Router.xml
----------------- Instantiating /home/travis/build/icyphy/ptII/ptolemy/actor/lib/test/auto/Router.xml
3004 ms. Memory: 559104K Free: 213899K (38%)
----------------- Invoking toplevel() on ptolemy.moml.MoMLSimpleApplication@f08e19
----------------- Done invoking toplevel() on ptolemy.moml.MoMLSimpleApplication@f08e19
reloadAllAccessors: .Router

===========================================================================================
----------------- testing Mon Jun 06 02:12:18 UTC 2022 /home/travis/build/icyphy/ptII/ptolemy/actor/lib/test/auto/Router2.xml
----------------- Instantiating /home/travis/build/icyphy/ptII/ptolemy/actor/lib/test/auto/Router2.xml
3006 ms. Memory: 559104K Free: 201611K (36%)
----------------- Invoking toplevel() on ptolemy.moml.MoMLSimpleApplication@74715899
----------------- Done invoking toplevel() on ptolemy.moml.MoMLSimpleApplication@74715899
reloadAllAccessors: .Router2

===========================================================================================
----------------- testing Mon Jun 06 02:12:21 UTC 2022 /home/travis/build/icyphy/ptII/ptolemy/actor/lib/test/auto/RunningMaximum.xml
----------------- Instantiating /home/travis/build/icyphy/ptII/ptolemy/actor/lib/test/auto/RunningMaximum.xml
2 ms. Memory: 559104K Free: 197001K (35%)
----------------- Invoking toplevel() on ptolemy.moml.MoMLSimpleApplication@20dbbaa2
----------------- Done invoking toplevel() on ptolemy.moml.MoMLSimpleApplication@20dbbaa2
reloadAllAccessors: .RunningMaximum

===========================================================================================
----------------- testing Mon Jun 06 02:12:21 UTC 2022 /home/travis/build/icyphy/ptII/ptolemy/actor/lib/test/auto/RunningMinimum.xml
----------------- Instantiating /home/travis/build/icyphy/ptII/ptolemy/actor/lib/test/auto/RunningMinimum.xml
9 ms. Memory: 559104K Free: 192395K (34%)
----------------- Invoking toplevel() on ptolemy.moml.MoMLSimpleApplication@6ca34bcc
----------------- Done invoking toplevel() on ptolemy.moml.MoMLSimpleApplication@6ca34bcc
reloadAllAccessors: .RunningMinimum

===========================================================================================
----------------- testing Mon Jun 06 02:12:21 UTC 2022 /home/travis/build/icyphy/ptII/ptolemy/actor/lib/test/auto/Scale.xml
----------------- Instantiating /home/travis/build/icyphy/ptII/ptolemy/actor/lib/test/auto/Scale.xml
2 ms. Memory: 559104K Free: 187785K (34%)
----------------- Invoking toplevel() on ptolemy.moml.MoMLSimpleApplication@6ef7af92
----------------- Done invoking toplevel() on ptolemy.moml.MoMLSimpleApplication@6ef7af92
reloadAllAccessors: .Scale

===========================================================================================
----------------- testing Mon Jun 06 02:12:21 UTC 2022 /home/travis/build/icyphy/ptII/ptolemy/actor/lib/test/auto/Scale2.xml
----------------- Instantiating /home/travis/build/icyphy/ptII/ptolemy/actor/lib/test/auto/Scale2.xml
1 ms. Memory: 559104K Free: 507273K (91%)
----------------- Invoking toplevel() on ptolemy.moml.MoMLSimpleApplication@31c410c7
----------------- Done invoking toplevel() on ptolemy.moml.MoMLSimpleApplication@31c410c7
reloadAllAccessors: .Scale2

===========================================================================================
----------------- testing Mon Jun 06 02:12:21 UTC 2022 /home/travis/build/icyphy/ptII/ptolemy/actor/lib/test/auto/Scale3.xml
----------------- Instantiating /home/travis/build/icyphy/ptII/ptolemy/actor/lib/test/auto/Scale3.xml
3 ms. Memory: 559104K Free: 500619K (90%)
----------------- Invoking toplevel() on ptolemy.moml.MoMLSimpleApplication@22ae3db2
----------------- Done invoking toplevel() on ptolemy.moml.MoMLSimpleApplication@22ae3db2
reloadAllAccessors: .Scale3

===========================================================================================
----------------- testing Mon Jun 06 02:12:21 UTC 2022 /home/travis/build/icyphy/ptII/ptolemy/actor/lib/test/auto/ScaleArray.xml
----------------- Instantiating /home/travis/build/icyphy/ptII/ptolemy/actor/lib/test/auto/ScaleArray.xml
2 ms. Memory: 559104K Free: 496009K (89%)
----------------- Invoking toplevel() on ptolemy.moml.MoMLSimpleApplication@4f87e133
----------------- Done invoking toplevel() on ptolemy.moml.MoMLSimpleApplication@4f87e133
reloadAllAccessors: .ScaleArray

===========================================================================================
----------------- testing Mon Jun 06 02:12:21 UTC 2022 /home/travis/build/icyphy/ptII/ptolemy/actor/lib/test/auto/ScaleArray2.xml
----------------- Instantiating /home/travis/build/icyphy/ptII/ptolemy/actor/lib/test/auto/ScaleArray2.xml
1 ms. Memory: 559104K Free: 491403K (88%)
----------------- Invoking toplevel() on ptolemy.moml.MoMLSimpleApplication@66f75b6f
----------------- Done invoking toplevel() on ptolemy.moml.MoMLSimpleApplication@66f75b6f
reloadAllAccessors: .ScaleArray2

===========================================================================================
----------------- testing Mon Jun 06 02:12:21 UTC 2022 /home/travis/build/icyphy/ptII/ptolemy/actor/lib/test/auto/ScaleMatrix.xml
----------------- Instantiating /home/travis/build/icyphy/ptII/ptolemy/actor/lib/test/auto/ScaleMatrix.xml
129 ms. Memory: 559104K Free: 476043K (85%)
----------------- Invoking toplevel() on ptolemy.moml.MoMLSimpleApplication@5207279a
----------------- Done invoking toplevel() on ptolemy.moml.MoMLSimpleApplication@5207279a
reloadAllAccessors: .ScaleMatrix

===========================================================================================
----------------- testing Mon Jun 06 02:12:21 UTC 2022 /home/travis/build/icyphy/ptII/ptolemy/actor/lib/test/auto/Select.xml
----------------- Instantiating /home/travis/build/icyphy/ptII/ptolemy/actor/lib/test/auto/Select.xml
2 ms. Memory: 559104K Free: 469899K (84%)
----------------- Invoking toplevel() on ptolemy.moml.MoMLSimpleApplication@cedfbe5
----------------- Done invoking toplevel() on ptolemy.moml.MoMLSimpleApplication@cedfbe5
reloadAllAccessors: .Select

===========================================================================================
----------------- testing Mon Jun 06 02:12:21 UTC 2022 /home/travis/build/icyphy/ptII/ptolemy/actor/lib/test/auto/Select2.xml
----------------- Instantiating /home/travis/build/icyphy/ptII/ptolemy/actor/lib/test/auto/Select2.xml
1 ms. Memory: 559104K Free: 465289K (83%)
----------------- Invoking toplevel() on ptolemy.moml.MoMLSimpleApplication@e16f1a7
----------------- Done invoking toplevel() on ptolemy.moml.MoMLSimpleApplication@e16f1a7
reloadAllAccessors: .Select2

===========================================================================================
----------------- testing Mon Jun 06 02:12:21 UTC 2022 /home/travis/build/icyphy/ptII/ptolemy/actor/lib/test/auto/SequenceToArray2.xml
----------------- Instantiating /home/travis/build/icyphy/ptII/ptolemy/actor/lib/test/auto/SequenceToArray2.xml
79 ms. Memory: 559104K Free: 439659K (79%)
----------------- Invoking toplevel() on ptolemy.moml.MoMLSimpleApplication@7e4245c0
----------------- Done invoking toplevel() on ptolemy.moml.MoMLSimpleApplication@7e4245c0
reloadAllAccessors: .SequenceToArray2

===========================================================================================
----------------- testing Mon Jun 06 02:12:21 UTC 2022 /home/travis/build/icyphy/ptII/ptolemy/actor/lib/test/auto/SequentialClock.xml
----------------- Instantiating /home/travis/build/icyphy/ptII/ptolemy/actor/lib/test/auto/SequentialClock.xml
1 ms. Memory: 559104K Free: 435593K (78%)
----------------- Invoking toplevel() on ptolemy.moml.MoMLSimpleApplication@414ff80d
----------------- Done invoking toplevel() on ptolemy.moml.MoMLSimpleApplication@414ff80d
reloadAllAccessors: .SequentialClock

===========================================================================================
----------------- testing Mon Jun 06 02:12:21 UTC 2022 /home/travis/build/icyphy/ptII/ptolemy/actor/lib/test/auto/SetVariable.xml
----------------- Instantiating /home/travis/build/icyphy/ptII/ptolemy/actor/lib/test/auto/SetVariable.xml
2 ms. Memory: 559104K Free: 430473K (77%)
----------------- Invoking toplevel() on ptolemy.moml.MoMLSimpleApplication@6d56bc15
----------------- Done invoking toplevel() on ptolemy.moml.MoMLSimpleApplication@6d56bc15
reloadAllAccessors: .SetVariable

===========================================================================================
----------------- testing Mon Jun 06 02:12:21 UTC 2022 /home/travis/build/icyphy/ptII/ptolemy/actor/lib/test/auto/SetVariable2.xml
----------------- Instantiating /home/travis/build/icyphy/ptII/ptolemy/actor/lib/test/auto/SetVariable2.xml
1 ms. Memory: 559104K Free: 425353K (76%)
----------------- Invoking toplevel() on ptolemy.moml.MoMLSimpleApplication@503007d9
----------------- Done invoking toplevel() on ptolemy.moml.MoMLSimpleApplication@503007d9
reloadAllAccessors: .SetVariable2

===========================================================================================
----------------- testing Mon Jun 06 02:12:21 UTC 2022 /home/travis/build/icyphy/ptII/ptolemy/actor/lib/test/auto/SetVariable3.xml
----------------- Instantiating /home/travis/build/icyphy/ptII/ptolemy/actor/lib/test/auto/SetVariable3.xml
6 ms. Memory: 559104K Free: 419723K (75%)
----------------- Invoking toplevel() on ptolemy.moml.MoMLSimpleApplication@7f4e5ba
----------------- Done invoking toplevel() on ptolemy.moml.MoMLSimpleApplication@7f4e5ba
reloadAllAccessors: .SetVariable3

===========================================================================================
----------------- testing Mon Jun 06 02:12:21 UTC 2022 /home/travis/build/icyphy/ptII/ptolemy/actor/lib/test/auto/SetVariable4.xml
----------------- Instantiating /home/travis/build/icyphy/ptII/ptolemy/actor/lib/test/auto/SetVariable4.xml
13 ms. Memory: 559104K Free: 410507K (73%)
----------------- Invoking toplevel() on ptolemy.moml.MoMLSimpleApplication@1c3d1842
----------------- Done invoking toplevel() on ptolemy.moml.MoMLSimpleApplication@1c3d1842
reloadAllAccessors: .SetVariable4

===========================================================================================
----------------- testing Mon Jun 06 02:12:21 UTC 2022 /home/travis/build/icyphy/ptII/ptolemy/actor/lib/test/auto/SetVariable5.xml
----------------- Instantiating /home/travis/build/icyphy/ptII/ptolemy/actor/lib/test/auto/SetVariable5.xml
17 ms. Memory: 559104K Free: 401291K (72%)
----------------- Invoking toplevel() on ptolemy.moml.MoMLSimpleApplication@253bea9f
----------------- Done invoking toplevel() on ptolemy.moml.MoMLSimpleApplication@253bea9f
reloadAllAccessors: .SetVariable5

===========================================================================================
----------------- testing Mon Jun 06 02:12:21 UTC 2022 /home/travis/build/icyphy/ptII/ptolemy/actor/lib/test/auto/Sinewave.xml
----------------- Instantiating /home/travis/build/icyphy/ptII/ptolemy/actor/lib/test/auto/Sinewave.xml
7 ms. Memory: 559104K Free: 390027K (70%)
----------------- Invoking toplevel() on ptolemy.moml.MoMLSimpleApplication@5cdd581d
----------------- Done invoking toplevel() on ptolemy.moml.MoMLSimpleApplication@5cdd581d
reloadAllAccessors: .Sinewave

===========================================================================================
----------------- testing Mon Jun 06 02:12:22 UTC 2022 /home/travis/build/icyphy/ptII/ptolemy/actor/lib/test/auto/Sinewave2.xml
----------------- Instantiating /home/travis/build/icyphy/ptII/ptolemy/actor/lib/test/auto/Sinewave2.xml
4 ms. Memory: 559104K Free: 381835K (68%)
----------------- Invoking toplevel() on ptolemy.moml.MoMLSimpleApplication@8e1358d
----------------- Done invoking toplevel() on ptolemy.moml.MoMLSimpleApplication@8e1358d
reloadAllAccessors: .Sinewave2

===========================================================================================
----------------- testing Mon Jun 06 02:12:22 UTC 2022 /home/travis/build/icyphy/ptII/ptolemy/actor/lib/test/auto/Sinewave3.xml
----------------- Instantiating /home/travis/build/icyphy/ptII/ptolemy/actor/lib/test/auto/Sinewave3.xml
8 ms. Memory: 559104K Free: 373643K (67%)
----------------- Invoking toplevel() on ptolemy.moml.MoMLSimpleApplication@66e1809f
----------------- Done invoking toplevel() on ptolemy.moml.MoMLSimpleApplication@66e1809f
reloadAllAccessors: .Sinewave3

===========================================================================================
----------------- testing Mon Jun 06 02:12:22 UTC 2022 /home/travis/build/icyphy/ptII/ptolemy/actor/lib/test/auto/SingleEvent.xml
----------------- Instantiating /home/travis/build/icyphy/ptII/ptolemy/actor/lib/test/auto/SingleEvent.xml
0 ms. Memory: 559104K Free: 369033K (66%)
----------------- Invoking toplevel() on ptolemy.moml.MoMLSimpleApplication@7f9b6462
----------------- Done invoking toplevel() on ptolemy.moml.MoMLSimpleApplication@7f9b6462
reloadAllAccessors: .SingleEvent

===========================================================================================
----------------- testing Mon Jun 06 02:12:22 UTC 2022 /home/travis/build/icyphy/ptII/ptolemy/actor/lib/test/auto/Sleep.xml
----------------- Instantiating /home/travis/build/icyphy/ptII/ptolemy/actor/lib/test/auto/Sleep.xml
6003 ms. Memory: 559104K Free: 363403K (65%)
----------------- Invoking toplevel() on ptolemy.moml.MoMLSimpleApplication@354d299f
----------------- Done invoking toplevel() on ptolemy.moml.MoMLSimpleApplication@354d299f
reloadAllAccessors: .Sleep

===========================================================================================
----------------- testing Mon Jun 06 02:12:28 UTC 2022 /home/travis/build/icyphy/ptII/ptolemy/actor/lib/test/auto/SleepMultipleFire.xml
----------------- Instantiating /home/travis/build/icyphy/ptII/ptolemy/actor/lib/test/auto/SleepMultipleFire.xml
1005 ms. Memory: 559104K Free: 357259K (64%)
----------------- Invoking toplevel() on ptolemy.moml.MoMLSimpleApplication@248863ab
----------------- Done invoking toplevel() on ptolemy.moml.MoMLSimpleApplication@248863ab
reloadAllAccessors: .SleepMultipleFire

===========================================================================================
----------------- testing Mon Jun 06 02:12:29 UTC 2022 /home/travis/build/icyphy/ptII/ptolemy/actor/lib/test/auto/StopDE.xml
----------------- Instantiating /home/travis/build/icyphy/ptII/ptolemy/actor/lib/test/auto/StopDE.xml
4 ms. Memory: 559104K Free: 351115K (63%)
----------------- Invoking toplevel() on ptolemy.moml.MoMLSimpleApplication@622a8c80
----------------- Done invoking toplevel() on ptolemy.moml.MoMLSimpleApplication@622a8c80
reloadAllAccessors: .StopDE

===========================================================================================
----------------- testing Mon Jun 06 02:12:29 UTC 2022 /home/travis/build/icyphy/ptII/ptolemy/actor/lib/test/auto/StopSDF.xml
----------------- Instantiating /home/travis/build/icyphy/ptII/ptolemy/actor/lib/test/auto/StopSDF.xml
3 ms. Memory: 559104K Free: 345995K (62%)
----------------- Invoking toplevel() on ptolemy.moml.MoMLSimpleApplication@5200b94a
----------------- Done invoking toplevel() on ptolemy.moml.MoMLSimpleApplication@5200b94a
reloadAllAccessors: .StopSDF

===========================================================================================
----------------- testing Mon Jun 06 02:12:29 UTC 2022 /home/travis/build/icyphy/ptII/ptolemy/actor/lib/test/auto/StringConstant.xml
----------------- Instantiating /home/travis/build/icyphy/ptII/ptolemy/actor/lib/test/auto/StringConstant.xml
8 ms. Memory: 559104K Free: 341899K (61%)
----------------- Invoking toplevel() on ptolemy.moml.MoMLSimpleApplication@68ac4ee6
----------------- Done invoking toplevel() on ptolemy.moml.MoMLSimpleApplication@68ac4ee6
reloadAllAccessors: .StringConstant

===========================================================================================
----------------- testing Mon Jun 06 02:12:29 UTC 2022 /home/travis/build/icyphy/ptII/ptolemy/actor/lib/test/auto/SubscriberPortInitialValues1.xml
----------------- Instantiating /home/travis/build/icyphy/ptII/ptolemy/actor/lib/test/auto/SubscriberPortInitialValues1.xml
10 ms. Memory: 559104K Free: 332683K (60%)
----------------- Invoking toplevel() on ptolemy.moml.MoMLSimpleApplication@7067d483
----------------- Done invoking toplevel() on ptolemy.moml.MoMLSimpleApplication@7067d483
reloadAllAccessors: .SubscriberPortInitialValues1

===========================================================================================
----------------- testing Mon Jun 06 02:12:29 UTC 2022 /home/travis/build/icyphy/ptII/ptolemy/actor/lib/test/auto/SubscriberPortInitialValues13.xml
----------------- Instantiating /home/travis/build/icyphy/ptII/ptolemy/actor/lib/test/auto/SubscriberPortInitialValues13.xml
6 ms. Memory: 559104K Free: 319881K (57%)
----------------- Invoking toplevel() on ptolemy.moml.MoMLSimpleApplication@5517bb49
----------------- Done invoking toplevel() on ptolemy.moml.MoMLSimpleApplication@5517bb49
reloadAllAccessors: .SubscriberPortInitialValues13

===========================================================================================
----------------- testing Mon Jun 06 02:12:29 UTC 2022 /home/travis/build/icyphy/ptII/ptolemy/actor/lib/test/auto/SubscriberPortInitialValues14.xml
----------------- Instantiating /home/travis/build/icyphy/ptII/ptolemy/actor/lib/test/auto/SubscriberPortInitialValues14.xml
3 ms. Memory: 559104K Free: 312203K (56%)
----------------- Invoking toplevel() on ptolemy.moml.MoMLSimpleApplication@18837fac
----------------- Done invoking toplevel() on ptolemy.moml.MoMLSimpleApplication@18837fac
reloadAllAccessors: .SubscriberPortInitialValues14

===========================================================================================
----------------- testing Mon Jun 06 02:12:29 UTC 2022 /home/travis/build/icyphy/ptII/ptolemy/actor/lib/test/auto/SubscriberPortInitialValues2.xml
----------------- Instantiating /home/travis/build/icyphy/ptII/ptolemy/actor/lib/test/auto/SubscriberPortInitialValues2.xml
3 ms. Memory: 559104K Free: 304011K (54%)
----------------- Invoking toplevel() on ptolemy.moml.MoMLSimpleApplication@674f397b
----------------- Done invoking toplevel() on ptolemy.moml.MoMLSimpleApplication@674f397b
reloadAllAccessors: .SubscriberPortInitialValues2

===========================================================================================
----------------- testing Mon Jun 06 02:12:29 UTC 2022 /home/travis/build/icyphy/ptII/ptolemy/actor/lib/test/auto/SubscriberPortInitialValues3.xml
----------------- Instantiating /home/travis/build/icyphy/ptII/ptolemy/actor/lib/test/auto/SubscriberPortInitialValues3.xml
3 ms. Memory: 559104K Free: 293257K (52%)
----------------- Invoking toplevel() on ptolemy.moml.MoMLSimpleApplication@8e59d3d
----------------- Done invoking toplevel() on ptolemy.moml.MoMLSimpleApplication@8e59d3d
reloadAllAccessors: .SubscriberPortInitialValues3

===========================================================================================
----------------- testing Mon Jun 06 02:12:29 UTC 2022 /home/travis/build/icyphy/ptII/ptolemy/actor/lib/test/auto/SubscriptionAggregator.xml
----------------- Instantiating /home/travis/build/icyphy/ptII/ptolemy/actor/lib/test/auto/SubscriptionAggregator.xml
2 ms. Memory: 559104K Free: 286603K (51%)
----------------- Invoking toplevel() on ptolemy.moml.MoMLSimpleApplication@4f6f1822
----------------- Done invoking toplevel() on ptolemy.moml.MoMLSimpleApplication@4f6f1822
reloadAllAccessors: .SubscriptionAggregator

===========================================================================================
----------------- testing Mon Jun 06 02:12:29 UTC 2022 /home/travis/build/icyphy/ptII/ptolemy/actor/lib/test/auto/SubscriptionAggregator2.xml
----------------- Instantiating /home/travis/build/icyphy/ptII/ptolemy/actor/lib/test/auto/SubscriptionAggregator2.xml
2 ms. Memory: 559104K Free: 279939K (50%)
----------------- Invoking toplevel() on ptolemy.moml.MoMLSimpleApplication@5a1fa741
----------------- Done invoking toplevel() on ptolemy.moml.MoMLSimpleApplication@5a1fa741
reloadAllAccessors: .SubscriptionAggregator2

===========================================================================================
----------------- testing Mon Jun 06 02:12:29 UTC 2022 /home/travis/build/icyphy/ptII/ptolemy/actor/lib/test/auto/SubscriptionAggregator3.xml
----------------- Instantiating /home/travis/build/icyphy/ptII/ptolemy/actor/lib/test/auto/SubscriptionAggregator3.xml
3 ms. Memory: 559104K Free: 270729K (48%)
----------------- Invoking toplevel() on ptolemy.moml.MoMLSimpleApplication@c82f4d6
----------------- Done invoking toplevel() on ptolemy.moml.MoMLSimpleApplication@c82f4d6
reloadAllAccessors: .SubscriptionAggregator3

===========================================================================================
----------------- testing Mon Jun 06 02:12:29 UTC 2022 /home/travis/build/icyphy/ptII/ptolemy/actor/lib/test/auto/SubscriptionAggregatorMultiply.xml
----------------- Instantiating /home/travis/build/icyphy/ptII/ptolemy/actor/lib/test/auto/SubscriptionAggregatorMultiply.xml
10 ms. Memory: 559104K Free: 262531K (47%)
----------------- Invoking toplevel() on ptolemy.moml.MoMLSimpleApplication@3958a5f1
----------------- Done invoking toplevel() on ptolemy.moml.MoMLSimpleApplication@3958a5f1
reloadAllAccessors: .SubscriptionAggregatorMultiply

===========================================================================================
----------------- testing Mon Jun 06 02:12:29 UTC 2022 /home/travis/build/icyphy/ptII/ptolemy/actor/lib/test/auto/SubscriptionAggregatorPortMultiply1.xml
----------------- Instantiating /home/travis/build/icyphy/ptII/ptolemy/actor/lib/test/auto/SubscriptionAggregatorPortMultiply1.xml
3 ms. Memory: 559104K Free: 254345K (45%)
----------------- Invoking toplevel() on ptolemy.moml.MoMLSimpleApplication@5bfb2c81
----------------- Done invoking toplevel() on ptolemy.moml.MoMLSimpleApplication@5bfb2c81
reloadAllAccessors: .SubscriptionAggregatorPortMultiply1

===========================================================================================
----------------- testing Mon Jun 06 02:12:29 UTC 2022 /home/travis/build/icyphy/ptII/ptolemy/actor/lib/test/auto/Switch.xml
----------------- Instantiating /home/travis/build/icyphy/ptII/ptolemy/actor/lib/test/auto/Switch.xml
5 ms. Memory: 559104K Free: 245643K (44%)
----------------- Invoking toplevel() on ptolemy.moml.MoMLSimpleApplication@5aabbd61
----------------- Done invoking toplevel() on ptolemy.moml.MoMLSimpleApplication@5aabbd61
reloadAllAccessors: .Switch

===========================================================================================
----------------- testing Mon Jun 06 02:12:29 UTC 2022 /home/travis/build/icyphy/ptII/ptolemy/actor/lib/test/auto/Switch2.xml
----------------- Instantiating /home/travis/build/icyphy/ptII/ptolemy/actor/lib/test/auto/Switch2.xml
1 ms. Memory: 559104K Free: 241033K (43%)
----------------- Invoking toplevel() on ptolemy.moml.MoMLSimpleApplication@3653d105
----------------- Done invoking toplevel() on ptolemy.moml.MoMLSimpleApplication@3653d105
reloadAllAccessors: .Switch2

===========================================================================================
----------------- testing Mon Jun 06 02:12:29 UTC 2022 /home/travis/build/icyphy/ptII/ptolemy/actor/lib/test/auto/SwitchDE.xml
----------------- Instantiating /home/travis/build/icyphy/ptII/ptolemy/actor/lib/test/auto/SwitchDE.xml
3 ms. Memory: 559104K Free: 234859K (42%)
----------------- Invoking toplevel() on ptolemy.moml.MoMLSimpleApplication@43b71789
----------------- Done invoking toplevel() on ptolemy.moml.MoMLSimpleApplication@43b71789
reloadAllAccessors: .SwitchDE

===========================================================================================
----------------- testing Mon Jun 06 02:12:29 UTC 2022 /home/travis/build/icyphy/ptII/ptolemy/actor/lib/test/auto/SynchronizerDE.xml
----------------- Instantiating /home/travis/build/icyphy/ptII/ptolemy/actor/lib/test/auto/SynchronizerDE.xml
6 ms. Memory: 559104K Free: 225163K (40%)
----------------- Invoking toplevel() on ptolemy.moml.MoMLSimpleApplication@228ddc4f
----------------- Done invoking toplevel() on ptolemy.moml.MoMLSimpleApplication@228ddc4f
reloadAllAccessors: .SynchronizerDE

===========================================================================================
----------------- testing Mon Jun 06 02:12:29 UTC 2022 /home/travis/build/icyphy/ptII/ptolemy/actor/lib/test/auto/Test.xml
----------------- Instantiating /home/travis/build/icyphy/ptII/ptolemy/actor/lib/test/auto/Test.xml
8 ms. Memory: 559104K Free: 220043K (39%)
----------------- Invoking toplevel() on ptolemy.moml.MoMLSimpleApplication@6675ae49
----------------- Done invoking toplevel() on ptolemy.moml.MoMLSimpleApplication@6675ae49
reloadAllAccessors: .Test

===========================================================================================
----------------- testing Mon Jun 06 02:12:29 UTC 2022 /home/travis/build/icyphy/ptII/ptolemy/actor/lib/test/auto/TestExceptionAttribute1.xml
----------------- Instantiating /home/travis/build/icyphy/ptII/ptolemy/actor/lib/test/auto/TestExceptionAttribute1.xml
1 ms. Memory: 559104K Free: 216457K (39%)
----------------- Invoking toplevel() on ptolemy.moml.MoMLSimpleApplication@192dc12e
----------------- Done invoking toplevel() on ptolemy.moml.MoMLSimpleApplication@192dc12e
reloadAllAccessors: .TestExceptionAttribute1

===========================================================================================
----------------- testing Mon Jun 06 02:12:29 UTC 2022 /home/travis/build/icyphy/ptII/ptolemy/actor/lib/test/auto/TestExceptionAttribute2.xml
----------------- Instantiating /home/travis/build/icyphy/ptII/ptolemy/actor/lib/test/auto/TestExceptionAttribute2.xml
1 ms. Memory: 559104K Free: 212361K (38%)
----------------- Invoking toplevel() on ptolemy.moml.MoMLSimpleApplication@558b1085
----------------- Done invoking toplevel() on ptolemy.moml.MoMLSimpleApplication@558b1085
reloadAllAccessors: .TestExceptionAttribute2

===========================================================================================
----------------- testing Mon Jun 06 02:12:29 UTC 2022 /home/travis/build/icyphy/ptII/ptolemy/actor/lib/test/auto/TestExceptionAttribute3.xml
----------------- Instantiating /home/travis/build/icyphy/ptII/ptolemy/actor/lib/test/auto/TestExceptionAttribute3.xml
.TestExceptionAttribute3.TestExceptionAttribute: initialize() was not invoked, but wrapup() was.  This is unusual, but not always a problem.  For example, exporting JNLP will do this.
1 ms. Memory: 559104K Free: 208779K (37%)
----------------- Invoking toplevel() on ptolemy.moml.MoMLSimpleApplication@56e42db4
----------------- Done invoking toplevel() on ptolemy.moml.MoMLSimpleApplication@56e42db4
reloadAllAccessors: .TestExceptionAttribute3

===========================================================================================
----------------- testing Mon Jun 06 02:12:29 UTC 2022 /home/travis/build/icyphy/ptII/ptolemy/actor/lib/test/auto/TestExceptionAttribute4.xml
----------------- Instantiating /home/travis/build/icyphy/ptII/ptolemy/actor/lib/test/auto/TestExceptionAttribute4.xml
.TestExceptionAttribute4.TestExceptionAttribute: initialize() was not invoked, but wrapup() was.  This is unusual, but not always a problem.  For example, exporting JNLP will do this.
.TestExceptionAttribute4.TestExceptionAttribute2: initialize() was not invoked, but wrapup() was.  This is unusual, but not always a problem.  For example, exporting JNLP will do this.
1 ms. Memory: 559104K Free: 204683K (37%)
----------------- Invoking toplevel() on ptolemy.moml.MoMLSimpleApplication@62f88b94
----------------- Done invoking toplevel() on ptolemy.moml.MoMLSimpleApplication@62f88b94
reloadAllAccessors: .TestExceptionAttribute4

===========================================================================================
----------------- testing Mon Jun 06 02:12:29 UTC 2022 /home/travis/build/icyphy/ptII/ptolemy/actor/lib/test/auto/TestExceptionHandler1.xml
----------------- Instantiating /home/travis/build/icyphy/ptII/ptolemy/actor/lib/test/auto/TestExceptionHandler1.xml
1 ms. Memory: 559104K Free: 200587K (36%)
----------------- Invoking toplevel() on ptolemy.moml.MoMLSimpleApplication@dc1d7aa
----------------- Done invoking toplevel() on ptolemy.moml.MoMLSimpleApplication@dc1d7aa
reloadAllAccessors: .TestExceptionHandler1

===========================================================================================
----------------- testing Mon Jun 06 02:12:29 UTC 2022 /home/travis/build/icyphy/ptII/ptolemy/actor/lib/test/auto/TestExceptionHandler2.xml
----------------- Instantiating /home/travis/build/icyphy/ptII/ptolemy/actor/lib/test/auto/TestExceptionHandler2.xml
1 ms. Memory: 559104K Free: 197001K (35%)
----------------- Invoking toplevel() on ptolemy.moml.MoMLSimpleApplication@164ca845
----------------- Done invoking toplevel() on ptolemy.moml.MoMLSimpleApplication@164ca845
reloadAllAccessors: .TestExceptionHandler2

===========================================================================================
----------------- testing Mon Jun 06 02:12:29 UTC 2022 /home/travis/build/icyphy/ptII/ptolemy/actor/lib/test/auto/TestExceptionHandler3.xml
----------------- Instantiating /home/travis/build/icyphy/ptII/ptolemy/actor/lib/test/auto/TestExceptionHandler3.xml
0 ms. Memory: 559104K Free: 193419K (35%)
----------------- Invoking toplevel() on ptolemy.moml.MoMLSimpleApplication@68042357
----------------- Done invoking toplevel() on ptolemy.moml.MoMLSimpleApplication@68042357
reloadAllAccessors: .TestExceptionHandler3

===========================================================================================
----------------- testing Mon Jun 06 02:12:29 UTC 2022 /home/travis/build/icyphy/ptII/ptolemy/actor/lib/test/auto/TestExceptionHandler4.xml
----------------- Instantiating /home/travis/build/icyphy/ptII/ptolemy/actor/lib/test/auto/TestExceptionHandler4.xml
1 ms. Memory: 559104K Free: 188809K (34%)
----------------- Invoking toplevel() on ptolemy.moml.MoMLSimpleApplication@23f67271
----------------- Done invoking toplevel() on ptolemy.moml.MoMLSimpleApplication@23f67271
reloadAllAccessors: .TestExceptionHandler4

===========================================================================================
----------------- testing Mon Jun 06 02:12:29 UTC 2022 /home/travis/build/icyphy/ptII/ptolemy/actor/lib/test/auto/TestRequireCorrectOrder.xml
----------------- Instantiating /home/travis/build/icyphy/ptII/ptolemy/actor/lib/test/auto/TestRequireCorrectOrder.xml
5 ms. Memory: 559104K Free: 183659K (33%)
----------------- Invoking toplevel() on ptolemy.moml.MoMLSimpleApplication@69a2710c
----------------- Done invoking toplevel() on ptolemy.moml.MoMLSimpleApplication@69a2710c
reloadAllAccessors: .TestRequireCorrectOrder

===========================================================================================
----------------- testing Mon Jun 06 02:12:29 UTC 2022 /home/travis/build/icyphy/ptII/ptolemy/actor/lib/test/auto/TestSimple.xml
----------------- Instantiating /home/travis/build/icyphy/ptII/ptolemy/actor/lib/test/auto/TestSimple.xml
2 ms. Memory: 559104K Free: 503691K (90%)
----------------- Invoking toplevel() on ptolemy.moml.MoMLSimpleApplication@7ff8a5cf
----------------- Done invoking toplevel() on ptolemy.moml.MoMLSimpleApplication@7ff8a5cf
reloadAllAccessors: .TestSimple

===========================================================================================
----------------- testing Mon Jun 06 02:12:29 UTC 2022 /home/travis/build/icyphy/ptII/ptolemy/actor/lib/test/auto/ThrowModelError.xml
----------------- Instantiating /home/travis/build/icyphy/ptII/ptolemy/actor/lib/test/auto/ThrowModelError.xml
1 ms. Memory: 559104K Free: 498571K (89%)
----------------- Invoking toplevel() on ptolemy.moml.MoMLSimpleApplication@19c609d0
----------------- Done invoking toplevel() on ptolemy.moml.MoMLSimpleApplication@19c609d0
reloadAllAccessors: .ThrowModelError

===========================================================================================
----------------- testing Mon Jun 06 02:12:29 UTC 2022 /home/travis/build/icyphy/ptII/ptolemy/actor/lib/test/auto/TimeDelayMicrosteps.xml
----------------- Instantiating /home/travis/build/icyphy/ptII/ptolemy/actor/lib/test/auto/TimeDelayMicrosteps.xml
3 ms. Memory: 559104K Free: 491899K (88%)
----------------- Invoking toplevel() on ptolemy.moml.MoMLSimpleApplication@4eca3e9c
----------------- Done invoking toplevel() on ptolemy.moml.MoMLSimpleApplication@4eca3e9c
reloadAllAccessors: .TimeDelayMicrosteps

===========================================================================================
----------------- testing Mon Jun 06 02:12:29 UTC 2022 /home/travis/build/icyphy/ptII/ptolemy/actor/lib/test/auto/TimeDelayMicrosteps2.xml
----------------- Instantiating /home/travis/build/icyphy/ptII/ptolemy/actor/lib/test/auto/TimeDelayMicrosteps2.xml
2 ms. Memory: 559104K Free: 484715K (87%)
----------------- Invoking toplevel() on ptolemy.moml.MoMLSimpleApplication@c89e38a
----------------- Done invoking toplevel() on ptolemy.moml.MoMLSimpleApplication@c89e38a
reloadAllAccessors: .TimeDelayMicrosteps2

===========================================================================================
----------------- testing Mon Jun 06 02:12:29 UTC 2022 /home/travis/build/icyphy/ptII/ptolemy/actor/lib/test/auto/TimeDelayMicrosteps3.xml
----------------- Instantiating /home/travis/build/icyphy/ptII/ptolemy/actor/lib/test/auto/TimeDelayMicrosteps3.xml
3 ms. Memory: 559104K Free: 477563K (85%)
----------------- Invoking toplevel() on ptolemy.moml.MoMLSimpleApplication@29fc704e
----------------- Done invoking toplevel() on ptolemy.moml.MoMLSimpleApplication@29fc704e
reloadAllAccessors: .TimeDelayMicrosteps3

===========================================================================================
----------------- testing Mon Jun 06 02:12:29 UTC 2022 /home/travis/build/icyphy/ptII/ptolemy/actor/lib/test/auto/TimeDelayVariableMicrosteps.xml
----------------- Instantiating /home/travis/build/icyphy/ptII/ptolemy/actor/lib/test/auto/TimeDelayVariableMicrosteps.xml
2 ms. Memory: 559104K Free: 470923K (84%)
----------------- Invoking toplevel() on ptolemy.moml.MoMLSimpleApplication@6c79c7d7
----------------- Done invoking toplevel() on ptolemy.moml.MoMLSimpleApplication@6c79c7d7
reloadAllAccessors: .TimeDelayVariableMicrosteps

===========================================================================================
----------------- testing Mon Jun 06 02:12:29 UTC 2022 /home/travis/build/icyphy/ptII/ptolemy/actor/lib/test/auto/TimeGap.xml
----------------- Instantiating /home/travis/build/icyphy/ptII/ptolemy/actor/lib/test/auto/TimeGap.xml
3 ms. Memory: 559104K Free: 465803K (83%)
----------------- Invoking toplevel() on ptolemy.moml.MoMLSimpleApplication@611f99d1
----------------- Done invoking toplevel() on ptolemy.moml.MoMLSimpleApplication@611f99d1
reloadAllAccessors: .TimeGap

===========================================================================================
----------------- testing Mon Jun 06 02:12:29 UTC 2022 /home/travis/build/icyphy/ptII/ptolemy/actor/lib/test/auto/TimeGap2.xml
----------------- Instantiating /home/travis/build/icyphy/ptII/ptolemy/actor/lib/test/auto/TimeGap2.xml
2 ms. Memory: 559104K Free: 459659K (82%)
----------------- Invoking toplevel() on ptolemy.moml.MoMLSimpleApplication@2eeb45f8
----------------- Done invoking toplevel() on ptolemy.moml.MoMLSimpleApplication@2eeb45f8
reloadAllAccessors: .TimeGap2

===========================================================================================
----------------- testing Mon Jun 06 02:12:29 UTC 2022 /home/travis/build/icyphy/ptII/ptolemy/actor/lib/test/auto/TimedSinewave.xml
----------------- Instantiating /home/travis/build/icyphy/ptII/ptolemy/actor/lib/test/auto/TimedSinewave.xml
23 ms. Memory: 559104K Free: 445323K (80%)
----------------- Invoking toplevel() on ptolemy.moml.MoMLSimpleApplication@3751cd6a
----------------- Done invoking toplevel() on ptolemy.moml.MoMLSimpleApplication@3751cd6a
reloadAllAccessors: .TimedSinewave

===========================================================================================
----------------- testing Mon Jun 06 02:12:29 UTC 2022 /home/travis/build/icyphy/ptII/ptolemy/actor/lib/test/auto/TimedSinewavePhase.xml
----------------- Instantiating /home/travis/build/icyphy/ptII/ptolemy/actor/lib/test/auto/TimedSinewavePhase.xml
11 ms. Memory: 559104K Free: 435083K (78%)
----------------- Invoking toplevel() on ptolemy.moml.MoMLSimpleApplication@14615e16
----------------- Done invoking toplevel() on ptolemy.moml.MoMLSimpleApplication@14615e16
reloadAllAccessors: .TimedSinewavePhase

===========================================================================================
----------------- testing Mon Jun 06 02:12:29 UTC 2022 /home/travis/build/icyphy/ptII/ptolemy/actor/lib/test/auto/Timer.xml
----------------- Instantiating /home/travis/build/icyphy/ptII/ptolemy/actor/lib/test/auto/Timer.xml
3 ms. Memory: 559104K Free: 429449K (77%)
----------------- Invoking toplevel() on ptolemy.moml.MoMLSimpleApplication@73c03f22
----------------- Done invoking toplevel() on ptolemy.moml.MoMLSimpleApplication@73c03f22
reloadAllAccessors: .Timer

===========================================================================================
----------------- testing Mon Jun 06 02:12:29 UTC 2022 /home/travis/build/icyphy/ptII/ptolemy/actor/lib/test/auto/TriangularDistTestModel.xml
----------------- Instantiating /home/travis/build/icyphy/ptII/ptolemy/actor/lib/test/auto/TriangularDistTestModel.xml
2 ms. Memory: 559104K Free: 423819K (76%)
----------------- Invoking toplevel() on ptolemy.moml.MoMLSimpleApplication@529768e0
----------------- Done invoking toplevel() on ptolemy.moml.MoMLSimpleApplication@529768e0
reloadAllAccessors: .TriangularDistTestModel

===========================================================================================
----------------- testing Mon Jun 06 02:12:29 UTC 2022 /home/travis/build/icyphy/ptII/ptolemy/actor/lib/test/auto/TrigFunction.xml
----------------- Instantiating /home/travis/build/icyphy/ptII/ptolemy/actor/lib/test/auto/TrigFunction.xml
1 ms. Memory: 559104K Free: 418699K (75%)
----------------- Invoking toplevel() on ptolemy.moml.MoMLSimpleApplication@19cd57ca
----------------- Done invoking toplevel() on ptolemy.moml.MoMLSimpleApplication@19cd57ca
reloadAllAccessors: .TrigFunction

===========================================================================================
----------------- testing Mon Jun 06 02:12:29 UTC 2022 /home/travis/build/icyphy/ptII/ptolemy/actor/lib/test/auto/TrigFunctionDE.xml
----------------- Instantiating /home/travis/build/icyphy/ptII/ptolemy/actor/lib/test/auto/TrigFunctionDE.xml
1 ms. Memory: 559104K Free: 413051K (74%)
----------------- Invoking toplevel() on ptolemy.moml.MoMLSimpleApplication@28b96115
----------------- Done invoking toplevel() on ptolemy.moml.MoMLSimpleApplication@28b96115
reloadAllAccessors: .TrigFunctionDE

===========================================================================================
----------------- testing Mon Jun 06 02:12:29 UTC 2022 /home/travis/build/icyphy/ptII/ptolemy/actor/lib/test/auto/TrigFunctionInverse.xml
----------------- Instantiating /home/travis/build/icyphy/ptII/ptolemy/actor/lib/test/auto/TrigFunctionInverse.xml
2 ms. Memory: 559104K Free: 407945K (73%)
----------------- Invoking toplevel() on ptolemy.moml.MoMLSimpleApplication@1edc8694
----------------- Done invoking toplevel() on ptolemy.moml.MoMLSimpleApplication@1edc8694
reloadAllAccessors: .TrigFunctionInverse

===========================================================================================
----------------- testing Mon Jun 06 02:12:29 UTC 2022 /home/travis/build/icyphy/ptII/ptolemy/actor/lib/test/auto/TrigFunctionTan.xml
----------------- Instantiating /home/travis/build/icyphy/ptII/ptolemy/actor/lib/test/auto/TrigFunctionTan.xml
2 ms. Memory: 559104K Free: 402825K (72%)
----------------- Invoking toplevel() on ptolemy.moml.MoMLSimpleApplication@37c80fbf
----------------- Done invoking toplevel() on ptolemy.moml.MoMLSimpleApplication@37c80fbf
reloadAllAccessors: .TrigFunctionTan

===========================================================================================
----------------- testing Mon Jun 06 02:12:29 UTC 2022 /home/travis/build/icyphy/ptII/ptolemy/actor/lib/test/auto/TriggeredClock.xml
----------------- Instantiating /home/travis/build/icyphy/ptII/ptolemy/actor/lib/test/auto/TriggeredClock.xml
1 ms. Memory: 559104K Free: 398187K (71%)
----------------- Invoking toplevel() on ptolemy.moml.MoMLSimpleApplication@6fa18ab6
----------------- Done invoking toplevel() on ptolemy.moml.MoMLSimpleApplication@6fa18ab6
reloadAllAccessors: .TriggeredClock

===========================================================================================
----------------- testing Mon Jun 06 02:12:29 UTC 2022 /home/travis/build/icyphy/ptII/ptolemy/actor/lib/test/auto/URLDirectoryReader.xml
----------------- Instantiating /home/travis/build/icyphy/ptII/ptolemy/actor/lib/test/auto/URLDirectoryReader.xml
41 ms. Memory: 559104K Free: 387979K (69%)
----------------- Invoking toplevel() on ptolemy.moml.MoMLSimpleApplication@42d08c9c
----------------- Done invoking toplevel() on ptolemy.moml.MoMLSimpleApplication@42d08c9c
reloadAllAccessors: .URLDirectoryReader

===========================================================================================
----------------- testing Mon Jun 06 02:12:30 UTC 2022 /home/travis/build/icyphy/ptII/ptolemy/actor/lib/test/auto/URLDirectoryReader3.xml
----------------- Instantiating /home/travis/build/icyphy/ptII/ptolemy/actor/lib/test/auto/URLDirectoryReader3.xml
1329 ms. Memory: 559104K Free: 500107K (89%)
----------------- Invoking toplevel() on ptolemy.moml.MoMLSimpleApplication@4f877c6f
----------------- Done invoking toplevel() on ptolemy.moml.MoMLSimpleApplication@4f877c6f
reloadAllAccessors: .URLDirectoryReader3

===========================================================================================
----------------- testing Mon Jun 06 02:12:31 UTC 2022 /home/travis/build/icyphy/ptII/ptolemy/actor/lib/test/auto/UnaryMathFunction.xml
----------------- Instantiating /home/travis/build/icyphy/ptII/ptolemy/actor/lib/test/auto/UnaryMathFunction.xml
3 ms. Memory: 559104K Free: 491915K (88%)
----------------- Invoking toplevel() on ptolemy.moml.MoMLSimpleApplication@2ed1e8db
----------------- Done invoking toplevel() on ptolemy.moml.MoMLSimpleApplication@2ed1e8db
reloadAllAccessors: .UnaryMathFunction

===========================================================================================
----------------- testing Mon Jun 06 02:12:31 UTC 2022 /home/travis/build/icyphy/ptII/ptolemy/actor/lib/test/auto/Uniform.xml
----------------- Instantiating /home/travis/build/icyphy/ptII/ptolemy/actor/lib/test/auto/Uniform.xml
4 ms. Memory: 559104K Free: 487305K (87%)
----------------- Invoking toplevel() on ptolemy.moml.MoMLSimpleApplication@fbec5dd
----------------- Done invoking toplevel() on ptolemy.moml.MoMLSimpleApplication@fbec5dd
reloadAllAccessors: .Uniform

===========================================================================================
----------------- testing Mon Jun 06 02:12:31 UTC 2022 /home/travis/build/icyphy/ptII/ptolemy/actor/lib/test/auto/UnionDisassemblerTest.xml
----------------- Instantiating /home/travis/build/icyphy/ptII/ptolemy/actor/lib/test/auto/UnionDisassemblerTest.xml
13 ms. Memory: 559104K Free: 483209K (86%)
----------------- Invoking toplevel() on ptolemy.moml.MoMLSimpleApplication@7177edfb
----------------- Done invoking toplevel() on ptolemy.moml.MoMLSimpleApplication@7177edfb
reloadAllAccessors: .UnionDisassemblerTest

===========================================================================================
----------------- testing Mon Jun 06 02:12:31 UTC 2022 /home/travis/build/icyphy/ptII/ptolemy/actor/lib/test/auto/UtilityFunctions.xml
----------------- Instantiating /home/travis/build/icyphy/ptII/ptolemy/actor/lib/test/auto/UtilityFunctions.xml
1 ms. Memory: 559104K Free: 479113K (86%)
----------------- Invoking toplevel() on ptolemy.moml.MoMLSimpleApplication@6c658366
----------------- Done invoking toplevel() on ptolemy.moml.MoMLSimpleApplication@6c658366
reloadAllAccessors: .UtilityFunctions

===========================================================================================
----------------- testing Mon Jun 06 02:12:31 UTC 2022 /home/travis/build/icyphy/ptII/ptolemy/actor/lib/test/auto/VariableSleep.xml
----------------- Instantiating /home/travis/build/icyphy/ptII/ptolemy/actor/lib/test/auto/VariableSleep.xml
502 ms. Memory: 559104K Free: 473993K (85%)
----------------- Invoking toplevel() on ptolemy.moml.MoMLSimpleApplication@5f6b692d
----------------- Done invoking toplevel() on ptolemy.moml.MoMLSimpleApplication@5f6b692d
reloadAllAccessors: .VariableSleep

===========================================================================================
----------------- testing Mon Jun 06 02:12:32 UTC 2022 /home/travis/build/icyphy/ptII/ptolemy/actor/lib/test/auto/VectorAssemblerDisassemblerCT.xml
----------------- Instantiating /home/travis/build/icyphy/ptII/ptolemy/actor/lib/test/auto/VectorAssemblerDisassemblerCT.xml
66 ms. Memory: 559104K Free: 453513K (81%)
----------------- Invoking toplevel() on ptolemy.moml.MoMLSimpleApplication@37ab20a4
----------------- Done invoking toplevel() on ptolemy.moml.MoMLSimpleApplication@37ab20a4
reloadAllAccessors: .VectorAssemblerDisassemblerCT

===========================================================================================
----------------- testing Mon Jun 06 02:12:32 UTC 2022 /home/travis/build/icyphy/ptII/ptolemy/actor/lib/test/auto/VectorAssemblerDisassemblerDE.xml
----------------- Instantiating /home/travis/build/icyphy/ptII/ptolemy/actor/lib/test/auto/VectorAssemblerDisassemblerDE.xml
3 ms. Memory: 559104K Free: 446345K (80%)
----------------- Invoking toplevel() on ptolemy.moml.MoMLSimpleApplication@5e08c637
----------------- Done invoking toplevel() on ptolemy.moml.MoMLSimpleApplication@5e08c637
reloadAllAccessors: .VectorAssemblerDisassemblerDE

===========================================================================================
----------------- testing Mon Jun 06 02:12:32 UTC 2022 /home/travis/build/icyphy/ptII/ptolemy/actor/lib/test/auto/VectorAssemblerDisassemblerSDF.xml
----------------- Instantiating /home/travis/build/icyphy/ptII/ptolemy/actor/lib/test/auto/VectorAssemblerDisassemblerSDF.xml
2 ms. Memory: 559104K Free: 439177K (79%)
----------------- Invoking toplevel() on ptolemy.moml.MoMLSimpleApplication@173bfe46
----------------- Done invoking toplevel() on ptolemy.moml.MoMLSimpleApplication@173bfe46
reloadAllAccessors: .VectorAssemblerDisassemblerSDF

===========================================================================================
----------------- testing Mon Jun 06 02:12:32 UTC 2022 /home/travis/build/icyphy/ptII/ptolemy/actor/lib/test/auto/WallClockTime.xml
----------------- Instantiating /home/travis/build/icyphy/ptII/ptolemy/actor/lib/test/auto/WallClockTime.xml
1004 ms. Memory: 559104K Free: 434057K (78%)
----------------- Invoking toplevel() on ptolemy.moml.MoMLSimpleApplication@406185a9
----------------- Done invoking toplevel() on ptolemy.moml.MoMLSimpleApplication@406185a9
reloadAllAccessors: .WallClockTime

===========================================================================================
----------------- testing Mon Jun 06 02:12:33 UTC 2022 /home/travis/build/icyphy/ptII/ptolemy/actor/lib/test/auto/WidthTestWithSubscriberPublisher.xml
----------------- Instantiating /home/travis/build/icyphy/ptII/ptolemy/actor/lib/test/auto/WidthTestWithSubscriberPublisher.xml
6 ms. Memory: 559104K Free: 416139K (74%)
----------------- Invoking toplevel() on ptolemy.moml.MoMLSimpleApplication@4f8eb9d3
----------------- Done invoking toplevel() on ptolemy.moml.MoMLSimpleApplication@4f8eb9d3
reloadAllAccessors: .WidthTestWithSubscriberPublisher

===========================================================================================
----------------- testing Mon Jun 06 02:12:33 UTC 2022 /home/travis/build/icyphy/ptII/ptolemy/actor/lib/test/auto/WidthTestWithSubscriberPublisher2.xml
----------------- Instantiating /home/travis/build/icyphy/ptII/ptolemy/actor/lib/test/auto/WidthTestWithSubscriberPublisher2.xml
2 ms. Memory: 559104K Free: 409995K (73%)
----------------- Invoking toplevel() on ptolemy.moml.MoMLSimpleApplication@4ae1146b
----------------- Done invoking toplevel() on ptolemy.moml.MoMLSimpleApplication@4ae1146b
reloadAllAccessors: .WidthTestWithSubscriberPublisher2

===========================================================================================
----------------- testing Mon Jun 06 02:12:33 UTC 2022 /home/travis/build/icyphy/ptII/ptolemy/actor/lib/test/auto/WidthTestWithSubscriberPublisher3.xml
----------------- Instantiating /home/travis/build/icyphy/ptII/ptolemy/actor/lib/test/auto/WidthTestWithSubscriberPublisher3.xml
2 ms. Memory: 559104K Free: 403851K (72%)
----------------- Invoking toplevel() on ptolemy.moml.MoMLSimpleApplication@6699e00a
----------------- Done invoking toplevel() on ptolemy.moml.MoMLSimpleApplication@6699e00a
reloadAllAccessors: .WidthTestWithSubscriberPublisher3

===========================================================================================
----------------- testing Mon Jun 06 02:12:33 UTC 2022 /home/travis/build/icyphy/ptII/ptolemy/actor/lib/test/auto/Writer.xml
----------------- Instantiating /home/travis/build/icyphy/ptII/ptolemy/actor/lib/test/auto/Writer.xml
0
1
2
3
4
1 ms. Memory: 559104K Free: 399235K (71%)
----------------- Invoking toplevel() on ptolemy.moml.MoMLSimpleApplication@33699238
----------------- Done invoking toplevel() on ptolemy.moml.MoMLSimpleApplication@33699238
reloadAllAccessors: .Writer

===========================================================================================
----------------- testing Mon Jun 06 02:12:33 UTC 2022 /home/travis/build/icyphy/ptII/ptolemy/actor/lib/test/auto/array.xml
----------------- Instantiating /home/travis/build/icyphy/ptII/ptolemy/actor/lib/test/auto/array.xml
1 ms. Memory: 559104K Free: 394635K (71%)
----------------- Invoking toplevel() on ptolemy.moml.MoMLSimpleApplication@4bfb8b23
----------------- Done invoking toplevel() on ptolemy.moml.MoMLSimpleApplication@4bfb8b23
reloadAllAccessors: .array

===========================================================================================
----------------- testing Mon Jun 06 02:12:33 UTC 2022 /home/travis/build/icyphy/ptII/ptolemy/actor/lib/test/auto/array2.xml
----------------- Instantiating /home/travis/build/icyphy/ptII/ptolemy/actor/lib/test/auto/array2.xml
4 ms. Memory: 559104K Free: 388987K (70%)
----------------- Invoking toplevel() on ptolemy.moml.MoMLSimpleApplication@5d3e2756
----------------- Done invoking toplevel() on ptolemy.moml.MoMLSimpleApplication@5d3e2756
reloadAllAccessors: .array2

===========================================================================================
----------------- testing Mon Jun 06 02:12:33 UTC 2022 /home/travis/build/icyphy/ptII/ptolemy/actor/lib/test/auto/arrayType.xml
----------------- Instantiating /home/travis/build/icyphy/ptII/ptolemy/actor/lib/test/auto/arrayType.xml
1 ms. Memory: 559104K Free: 383881K (69%)
----------------- Invoking toplevel() on ptolemy.moml.MoMLSimpleApplication@42d57ca2
----------------- Done invoking toplevel() on ptolemy.moml.MoMLSimpleApplication@42d57ca2
reloadAllAccessors: .arrayType

===========================================================================================
----------------- testing Mon Jun 06 02:12:33 UTC 2022 /home/travis/build/icyphy/ptII/ptolemy/actor/lib/test/auto/arrayType10.xml
----------------- Instantiating /home/travis/build/icyphy/ptII/ptolemy/actor/lib/test/auto/arrayType10.xml
2 ms. Memory: 559104K Free: 378761K (68%)
----------------- Invoking toplevel() on ptolemy.moml.MoMLSimpleApplication@60dc13ae
----------------- Done invoking toplevel() on ptolemy.moml.MoMLSimpleApplication@60dc13ae
reloadAllAccessors: .arrayType10

===========================================================================================
----------------- testing Mon Jun 06 02:12:33 UTC 2022 /home/travis/build/icyphy/ptII/ptolemy/actor/lib/test/auto/arrayType11.xml
----------------- Instantiating /home/travis/build/icyphy/ptII/ptolemy/actor/lib/test/auto/arrayType11.xml
1 ms. Memory: 559104K Free: 374155K (67%)
----------------- Invoking toplevel() on ptolemy.moml.MoMLSimpleApplication@268523bf
----------------- Done invoking toplevel() on ptolemy.moml.MoMLSimpleApplication@268523bf
reloadAllAccessors: .arrayType11

===========================================================================================
----------------- testing Mon Jun 06 02:12:33 UTC 2022 /home/travis/build/icyphy/ptII/ptolemy/actor/lib/test/auto/arrayType12.xml
----------------- Instantiating /home/travis/build/icyphy/ptII/ptolemy/actor/lib/test/auto/arrayType12.xml
1 ms. Memory: 559104K Free: 369545K (66%)
----------------- Invoking toplevel() on ptolemy.moml.MoMLSimpleApplication@7fb07a66
----------------- Done invoking toplevel() on ptolemy.moml.MoMLSimpleApplication@7fb07a66
reloadAllAccessors: .arrayType12

===========================================================================================
----------------- testing Mon Jun 06 02:12:33 UTC 2022 /home/travis/build/icyphy/ptII/ptolemy/actor/lib/test/auto/arrayType13.xml
----------------- Instantiating /home/travis/build/icyphy/ptII/ptolemy/actor/lib/test/auto/arrayType13.xml
1 ms. Memory: 559104K Free: 363915K (65%)
----------------- Invoking toplevel() on ptolemy.moml.MoMLSimpleApplication@7970893e
----------------- Done invoking toplevel() on ptolemy.moml.MoMLSimpleApplication@7970893e
reloadAllAccessors: .arrayType13

===========================================================================================
----------------- testing Mon Jun 06 02:12:33 UTC 2022 /home/travis/build/icyphy/ptII/ptolemy/actor/lib/test/auto/arrayType14.xml
----------------- Instantiating /home/travis/build/icyphy/ptII/ptolemy/actor/lib/test/auto/arrayType14.xml
3 ms. Memory: 559104K Free: 358795K (64%)
----------------- Invoking toplevel() on ptolemy.moml.MoMLSimpleApplication@3bc72028
----------------- Done invoking toplevel() on ptolemy.moml.MoMLSimpleApplication@3bc72028
reloadAllAccessors: .arrayType14

===========================================================================================
----------------- testing Mon Jun 06 02:12:33 UTC 2022 /home/travis/build/icyphy/ptII/ptolemy/actor/lib/test/auto/arrayType15.xml
----------------- Instantiating /home/travis/build/icyphy/ptII/ptolemy/actor/lib/test/auto/arrayType15.xml
2 ms. Memory: 559104K Free: 353161K (63%)
----------------- Invoking toplevel() on ptolemy.moml.MoMLSimpleApplication@3a8de207
----------------- Done invoking toplevel() on ptolemy.moml.MoMLSimpleApplication@3a8de207
reloadAllAccessors: .arrayType15

===========================================================================================
----------------- testing Mon Jun 06 02:12:33 UTC 2022 /home/travis/build/icyphy/ptII/ptolemy/actor/lib/test/auto/arrayType16.xml
----------------- Instantiating /home/travis/build/icyphy/ptII/ptolemy/actor/lib/test/auto/arrayType16.xml
1 ms. Memory: 559104K Free: 348041K (62%)
----------------- Invoking toplevel() on ptolemy.moml.MoMLSimpleApplication@35b97ed7
----------------- Done invoking toplevel() on ptolemy.moml.MoMLSimpleApplication@35b97ed7
reloadAllAccessors: .arrayType16

===========================================================================================
----------------- testing Mon Jun 06 02:12:33 UTC 2022 /home/travis/build/icyphy/ptII/ptolemy/actor/lib/test/auto/arrayType17.xml
----------------- Instantiating /home/travis/build/icyphy/ptII/ptolemy/actor/lib/test/auto/arrayType17.xml
1 ms. Memory: 559104K Free: 342411K (61%)
----------------- Invoking toplevel() on ptolemy.moml.MoMLSimpleApplication@4d412f1b
----------------- Done invoking toplevel() on ptolemy.moml.MoMLSimpleApplication@4d412f1b
reloadAllAccessors: .arrayType17

===========================================================================================
----------------- testing Mon Jun 06 02:12:33 UTC 2022 /home/travis/build/icyphy/ptII/ptolemy/actor/lib/test/auto/arrayType18.xml
----------------- Instantiating /home/travis/build/icyphy/ptII/ptolemy/actor/lib/test/auto/arrayType18.xml
2 ms. Memory: 559104K Free: 337801K (60%)
----------------- Invoking toplevel() on ptolemy.moml.MoMLSimpleApplication@79c424b3
----------------- Done invoking toplevel() on ptolemy.moml.MoMLSimpleApplication@79c424b3
reloadAllAccessors: .arrayType18

===========================================================================================
----------------- testing Mon Jun 06 02:12:33 UTC 2022 /home/travis/build/icyphy/ptII/ptolemy/actor/lib/test/auto/arrayType19.xml
----------------- Instantiating /home/travis/build/icyphy/ptII/ptolemy/actor/lib/test/auto/arrayType19.xml
2 ms. Memory: 559104K Free: 332681K (60%)
----------------- Invoking toplevel() on ptolemy.moml.MoMLSimpleApplication@16158df7
----------------- Done invoking toplevel() on ptolemy.moml.MoMLSimpleApplication@16158df7
reloadAllAccessors: .arrayType19

===========================================================================================
----------------- testing Mon Jun 06 02:12:33 UTC 2022 /home/travis/build/icyphy/ptII/ptolemy/actor/lib/test/auto/arrayType2.xml
----------------- Instantiating /home/travis/build/icyphy/ptII/ptolemy/actor/lib/test/auto/arrayType2.xml
1 ms. Memory: 559104K Free: 327561K (59%)
----------------- Invoking toplevel() on ptolemy.moml.MoMLSimpleApplication@4c19c3a
----------------- Done invoking toplevel() on ptolemy.moml.MoMLSimpleApplication@4c19c3a
reloadAllAccessors: .arrayType2

===========================================================================================
----------------- testing Mon Jun 06 02:12:33 UTC 2022 /home/travis/build/icyphy/ptII/ptolemy/actor/lib/test/auto/arrayType20.xml
----------------- Instantiating /home/travis/build/icyphy/ptII/ptolemy/actor/lib/test/auto/arrayType20.xml
1 ms. Memory: 559104K Free: 322955K (58%)
----------------- Invoking toplevel() on ptolemy.moml.MoMLSimpleApplication@55878ea7
----------------- Done invoking toplevel() on ptolemy.moml.MoMLSimpleApplication@55878ea7
reloadAllAccessors: .arrayType20

===========================================================================================
----------------- testing Mon Jun 06 02:12:33 UTC 2022 /home/travis/build/icyphy/ptII/ptolemy/actor/lib/test/auto/arrayType21.xml
----------------- Instantiating /home/travis/build/icyphy/ptII/ptolemy/actor/lib/test/auto/arrayType21.xml
1 ms. Memory: 559104K Free: 317835K (57%)
----------------- Invoking toplevel() on ptolemy.moml.MoMLSimpleApplication@572f9f2b
----------------- Done invoking toplevel() on ptolemy.moml.MoMLSimpleApplication@572f9f2b
reloadAllAccessors: .arrayType21

===========================================================================================
----------------- testing Mon Jun 06 02:12:33 UTC 2022 /home/travis/build/icyphy/ptII/ptolemy/actor/lib/test/auto/arrayType22.xml
----------------- Instantiating /home/travis/build/icyphy/ptII/ptolemy/actor/lib/test/auto/arrayType22.xml
1 ms. Memory: 559104K Free: 313225K (56%)
----------------- Invoking toplevel() on ptolemy.moml.MoMLSimpleApplication@6a4957d
----------------- Done invoking toplevel() on ptolemy.moml.MoMLSimpleApplication@6a4957d
reloadAllAccessors: .arrayType22

===========================================================================================
----------------- testing Mon Jun 06 02:12:33 UTC 2022 /home/travis/build/icyphy/ptII/ptolemy/actor/lib/test/auto/arrayType23.xml
----------------- Instantiating /home/travis/build/icyphy/ptII/ptolemy/actor/lib/test/auto/arrayType23.xml
3 ms. Memory: 559104K Free: 308105K (55%)
----------------- Invoking toplevel() on ptolemy.moml.MoMLSimpleApplication@75277a51
----------------- Done invoking toplevel() on ptolemy.moml.MoMLSimpleApplication@75277a51
reloadAllAccessors: .arrayType23

===========================================================================================
----------------- testing Mon Jun 06 02:12:33 UTC 2022 /home/travis/build/icyphy/ptII/ptolemy/actor/lib/test/auto/arrayType24.xml
----------------- Instantiating /home/travis/build/icyphy/ptII/ptolemy/actor/lib/test/auto/arrayType24.xml
1 ms. Memory: 559104K Free: 303499K (54%)
----------------- Invoking toplevel() on ptolemy.moml.MoMLSimpleApplication@1bb139ed
----------------- Done invoking toplevel() on ptolemy.moml.MoMLSimpleApplication@1bb139ed
reloadAllAccessors: .arrayType24

===========================================================================================
----------------- testing Mon Jun 06 02:12:33 UTC 2022 /home/travis/build/icyphy/ptII/ptolemy/actor/lib/test/auto/arrayType25.xml
----------------- Instantiating /home/travis/build/icyphy/ptII/ptolemy/actor/lib/test/auto/arrayType25.xml
1 ms. Memory: 559104K Free: 297865K (53%)
----------------- Invoking toplevel() on ptolemy.moml.MoMLSimpleApplication@45cd65bb
----------------- Done invoking toplevel() on ptolemy.moml.MoMLSimpleApplication@45cd65bb
reloadAllAccessors: .arrayType25

===========================================================================================
----------------- testing Mon Jun 06 02:12:33 UTC 2022 /home/travis/build/icyphy/ptII/ptolemy/actor/lib/test/auto/arrayType26.xml
----------------- Instantiating /home/travis/build/icyphy/ptII/ptolemy/actor/lib/test/auto/arrayType26.xml
1 ms. Memory: 559104K Free: 292745K (52%)
----------------- Invoking toplevel() on ptolemy.moml.MoMLSimpleApplication@5211d571
----------------- Done invoking toplevel() on ptolemy.moml.MoMLSimpleApplication@5211d571
reloadAllAccessors: .arrayType26

===========================================================================================
----------------- testing Mon Jun 06 02:12:33 UTC 2022 /home/travis/build/icyphy/ptII/ptolemy/actor/lib/test/auto/arrayType27.xml
----------------- Instantiating /home/travis/build/icyphy/ptII/ptolemy/actor/lib/test/auto/arrayType27.xml
2 ms. Memory: 559104K Free: 287115K (51%)
----------------- Invoking toplevel() on ptolemy.moml.MoMLSimpleApplication@eb75f90
----------------- Done invoking toplevel() on ptolemy.moml.MoMLSimpleApplication@eb75f90
reloadAllAccessors: .arrayType27

===========================================================================================
----------------- testing Mon Jun 06 02:12:33 UTC 2022 /home/travis/build/icyphy/ptII/ptolemy/actor/lib/test/auto/arrayType28.xml
----------------- Instantiating /home/travis/build/icyphy/ptII/ptolemy/actor/lib/test/auto/arrayType28.xml
1 ms. Memory: 559104K Free: 281995K (50%)
----------------- Invoking toplevel() on ptolemy.moml.MoMLSimpleApplication@350de6cd
----------------- Done invoking toplevel() on ptolemy.moml.MoMLSimpleApplication@350de6cd
reloadAllAccessors: .arrayType28

===========================================================================================
----------------- testing Mon Jun 06 02:12:33 UTC 2022 /home/travis/build/icyphy/ptII/ptolemy/actor/lib/test/auto/arrayType3.xml
----------------- Instantiating /home/travis/build/icyphy/ptII/ptolemy/actor/lib/test/auto/arrayType3.xml
1 ms. Memory: 559104K Free: 276361K (49%)
----------------- Invoking toplevel() on ptolemy.moml.MoMLSimpleApplication@78dcb56
----------------- Done invoking toplevel() on ptolemy.moml.MoMLSimpleApplication@78dcb56
reloadAllAccessors: .arrayType3

===========================================================================================
----------------- testing Mon Jun 06 02:12:33 UTC 2022 /home/travis/build/icyphy/ptII/ptolemy/actor/lib/test/auto/arrayType4.xml
----------------- Instantiating /home/travis/build/icyphy/ptII/ptolemy/actor/lib/test/auto/arrayType4.xml
1 ms. Memory: 559104K Free: 271241K (49%)
----------------- Invoking toplevel() on ptolemy.moml.MoMLSimpleApplication@69d758cc
----------------- Done invoking toplevel() on ptolemy.moml.MoMLSimpleApplication@69d758cc
reloadAllAccessors: .arrayType4

===========================================================================================
----------------- testing Mon Jun 06 02:12:33 UTC 2022 /home/travis/build/icyphy/ptII/ptolemy/actor/lib/test/auto/arrayType5.xml
----------------- Instantiating /home/travis/build/icyphy/ptII/ptolemy/actor/lib/test/auto/arrayType5.xml
1 ms. Memory: 559104K Free: 265611K (48%)
----------------- Invoking toplevel() on ptolemy.moml.MoMLSimpleApplication@1e32dba6
----------------- Done invoking toplevel() on ptolemy.moml.MoMLSimpleApplication@1e32dba6
reloadAllAccessors: .arrayType5

===========================================================================================
----------------- testing Mon Jun 06 02:12:33 UTC 2022 /home/travis/build/icyphy/ptII/ptolemy/actor/lib/test/auto/arrayType6.xml
----------------- Instantiating /home/travis/build/icyphy/ptII/ptolemy/actor/lib/test/auto/arrayType6.xml
1 ms. Memory: 559104K Free: 261001K (47%)
----------------- Invoking toplevel() on ptolemy.moml.MoMLSimpleApplication@75bc672
----------------- Done invoking toplevel() on ptolemy.moml.MoMLSimpleApplication@75bc672
reloadAllAccessors: .arrayType6

===========================================================================================
----------------- testing Mon Jun 06 02:12:33 UTC 2022 /home/travis/build/icyphy/ptII/ptolemy/actor/lib/test/auto/arrayType7.xml
----------------- Instantiating /home/travis/build/icyphy/ptII/ptolemy/actor/lib/test/auto/arrayType7.xml
1 ms. Memory: 559104K Free: 255881K (46%)
----------------- Invoking toplevel() on ptolemy.moml.MoMLSimpleApplication@23b5013a
----------------- Done invoking toplevel() on ptolemy.moml.MoMLSimpleApplication@23b5013a
reloadAllAccessors: .arrayType7

===========================================================================================
----------------- testing Mon Jun 06 02:12:33 UTC 2022 /home/travis/build/icyphy/ptII/ptolemy/actor/lib/test/auto/arrayType8.xml
----------------- Instantiating /home/travis/build/icyphy/ptII/ptolemy/actor/lib/test/auto/arrayType8.xml
1 ms. Memory: 559104K Free: 251275K (45%)
----------------- Invoking toplevel() on ptolemy.moml.MoMLSimpleApplication@4cb4a25
----------------- Done invoking toplevel() on ptolemy.moml.MoMLSimpleApplication@4cb4a25
reloadAllAccessors: .arrayType8

===========================================================================================
----------------- testing Mon Jun 06 02:12:33 UTC 2022 /home/travis/build/icyphy/ptII/ptolemy/actor/lib/test/auto/arrayType9.xml
----------------- Instantiating /home/travis/build/icyphy/ptII/ptolemy/actor/lib/test/auto/arrayType9.xml
5 ms. Memory: 559104K Free: 246155K (44%)
----------------- Invoking toplevel() on ptolemy.moml.MoMLSimpleApplication@1fdf4c1d
----------------- Done invoking toplevel() on ptolemy.moml.MoMLSimpleApplication@1fdf4c1d
reloadAllAccessors: .arrayType9

===========================================================================================
----------------- testing Mon Jun 06 02:12:33 UTC 2022 /home/travis/build/icyphy/ptII/ptolemy/actor/lib/test/auto/cast.xml
----------------- Instantiating /home/travis/build/icyphy/ptII/ptolemy/actor/lib/test/auto/cast.xml
2 ms. Memory: 559104K Free: 241545K (43%)
----------------- Invoking toplevel() on ptolemy.moml.MoMLSimpleApplication@e011bb2
----------------- Done invoking toplevel() on ptolemy.moml.MoMLSimpleApplication@e011bb2
reloadAllAccessors: .cast

===========================================================================================
----------------- testing Mon Jun 06 02:12:33 UTC 2022 /home/travis/build/icyphy/ptII/ptolemy/actor/lib/test/auto/compositeMultiPort.xml
----------------- Instantiating /home/travis/build/icyphy/ptII/ptolemy/actor/lib/test/auto/compositeMultiPort.xml
2 ms. Memory: 559104K Free: 232315K (42%)
----------------- Invoking toplevel() on ptolemy.moml.MoMLSimpleApplication@46c74f5e
----------------- Done invoking toplevel() on ptolemy.moml.MoMLSimpleApplication@46c74f5e
reloadAllAccessors: .compositeMultiPort

===========================================================================================
----------------- testing Mon Jun 06 02:12:33 UTC 2022 /home/travis/build/icyphy/ptII/ptolemy/actor/lib/test/auto/expressionCastInference.xml
----------------- Instantiating /home/travis/build/icyphy/ptII/ptolemy/actor/lib/test/auto/expressionCastInference.xml
2 ms. Memory: 559104K Free: 227723K (41%)
----------------- Invoking toplevel() on ptolemy.moml.MoMLSimpleApplication@2f7e72f8
----------------- Done invoking toplevel() on ptolemy.moml.MoMLSimpleApplication@2f7e72f8
reloadAllAccessors: .expressionCastInference

===========================================================================================
----------------- testing Mon Jun 06 02:12:33 UTC 2022 /home/travis/build/icyphy/ptII/ptolemy/actor/lib/test/auto/expressionCastInference2.xml
----------------- Instantiating /home/travis/build/icyphy/ptII/ptolemy/actor/lib/test/auto/expressionCastInference2.xml
1 ms. Memory: 559104K Free: 222603K (40%)
----------------- Invoking toplevel() on ptolemy.moml.MoMLSimpleApplication@3a5605c6
----------------- Done invoking toplevel() on ptolemy.moml.MoMLSimpleApplication@3a5605c6
reloadAllAccessors: .expressionCastInference2

===========================================================================================
----------------- testing Mon Jun 06 02:12:33 UTC 2022 /home/travis/build/icyphy/ptII/ptolemy/actor/lib/test/auto/expressionInference.xml
----------------- Instantiating /home/travis/build/icyphy/ptII/ptolemy/actor/lib/test/auto/expressionInference.xml
1 ms. Memory: 559104K Free: 218507K (39%)
----------------- Invoking toplevel() on ptolemy.moml.MoMLSimpleApplication@4b71035e
----------------- Done invoking toplevel() on ptolemy.moml.MoMLSimpleApplication@4b71035e
reloadAllAccessors: .expressionInference

===========================================================================================
----------------- testing Mon Jun 06 02:12:34 UTC 2022 /home/travis/build/icyphy/ptII/ptolemy/actor/lib/test/auto/expression_bug.xml
----------------- Instantiating /home/travis/build/icyphy/ptII/ptolemy/actor/lib/test/auto/expression_bug.xml
1 ms. Memory: 559104K Free: 213897K (38%)
----------------- Invoking toplevel() on ptolemy.moml.MoMLSimpleApplication@562da647
----------------- Done invoking toplevel() on ptolemy.moml.MoMLSimpleApplication@562da647
reloadAllAccessors: .expression_bug

===========================================================================================
----------------- testing Mon Jun 06 02:12:34 UTC 2022 /home/travis/build/icyphy/ptII/ptolemy/actor/lib/test/auto/factorial.xml
----------------- Instantiating /home/travis/build/icyphy/ptII/ptolemy/actor/lib/test/auto/factorial.xml
32 ms. Memory: 559104K Free: 205705K (37%)
----------------- Invoking toplevel() on ptolemy.moml.MoMLSimpleApplication@669ad20e
----------------- Done invoking toplevel() on ptolemy.moml.MoMLSimpleApplication@669ad20e
reloadAllAccessors: .factorial

===========================================================================================
----------------- testing Mon Jun 06 02:12:34 UTC 2022 /home/travis/build/icyphy/ptII/ptolemy/actor/lib/test/auto/filterTest1.xml
----------------- Instantiating /home/travis/build/icyphy/ptII/ptolemy/actor/lib/test/auto/filterTest1.xml
3 ms. Memory: 559104K Free: 199547K (36%)
----------------- Invoking toplevel() on ptolemy.moml.MoMLSimpleApplication@73f627a0
----------------- Done invoking toplevel() on ptolemy.moml.MoMLSimpleApplication@73f627a0
reloadAllAccessors: .filterTest1

===========================================================================================
----------------- testing Mon Jun 06 02:12:34 UTC 2022 /home/travis/build/icyphy/ptII/ptolemy/actor/lib/test/auto/funcApplyInConst.xml
----------------- Instantiating /home/travis/build/icyphy/ptII/ptolemy/actor/lib/test/auto/funcApplyInConst.xml
1 ms. Memory: 559104K Free: 195979K (35%)
----------------- Invoking toplevel() on ptolemy.moml.MoMLSimpleApplication@426d7c93
----------------- Done invoking toplevel() on ptolemy.moml.MoMLSimpleApplication@426d7c93
reloadAllAccessors: .funcApplyInConst

===========================================================================================
----------------- testing Mon Jun 06 02:12:34 UTC 2022 /home/travis/build/icyphy/ptII/ptolemy/actor/lib/test/auto/funcApplyInExpr.xml
----------------- Instantiating /home/travis/build/icyphy/ptII/ptolemy/actor/lib/test/auto/funcApplyInExpr.xml
2 ms. Memory: 559104K Free: 191883K (34%)
----------------- Invoking toplevel() on ptolemy.moml.MoMLSimpleApplication@4b23a7af
----------------- Done invoking toplevel() on ptolemy.moml.MoMLSimpleApplication@4b23a7af
reloadAllAccessors: .funcApplyInExpr

===========================================================================================
----------------- testing Mon Jun 06 02:12:34 UTC 2022 /home/travis/build/icyphy/ptII/ptolemy/actor/lib/test/auto/function.xml
----------------- Instantiating /home/travis/build/icyphy/ptII/ptolemy/actor/lib/test/auto/function.xml
2 ms. Memory: 559104K Free: 186763K (33%)
----------------- Invoking toplevel() on ptolemy.moml.MoMLSimpleApplication@676dfb64
----------------- Done invoking toplevel() on ptolemy.moml.MoMLSimpleApplication@676dfb64
reloadAllAccessors: .function

===========================================================================================
----------------- testing Mon Jun 06 02:12:34 UTC 2022 /home/travis/build/icyphy/ptII/ptolemy/actor/lib/test/auto/function2.xml
----------------- Instantiating /home/travis/build/icyphy/ptII/ptolemy/actor/lib/test/auto/function2.xml
56 ms. Memory: 559104K Free: 505359K (90%)
----------------- Invoking toplevel() on ptolemy.moml.MoMLSimpleApplication@5f9bec75
----------------- Done invoking toplevel() on ptolemy.moml.MoMLSimpleApplication@5f9bec75
reloadAllAccessors: .function2

===========================================================================================
----------------- testing Mon Jun 06 02:12:34 UTC 2022 /home/travis/build/icyphy/ptII/ptolemy/actor/lib/test/auto/function3.xml
----------------- Instantiating /home/travis/build/icyphy/ptII/ptolemy/actor/lib/test/auto/function3.xml
2 ms. Memory: 559104K Free: 500508K (90%)
----------------- Invoking toplevel() on ptolemy.moml.MoMLSimpleApplication@4a763bf6
----------------- Done invoking toplevel() on ptolemy.moml.MoMLSimpleApplication@4a763bf6
reloadAllAccessors: .function3

===========================================================================================
----------------- testing Mon Jun 06 02:12:34 UTC 2022 /home/travis/build/icyphy/ptII/ptolemy/actor/lib/test/auto/functionClosureTest1.xml
----------------- Instantiating /home/travis/build/icyphy/ptII/ptolemy/actor/lib/test/auto/functionClosureTest1.xml
2 ms. Memory: 559104K Free: 494364K (88%)
----------------- Invoking toplevel() on ptolemy.moml.MoMLSimpleApplication@6d4fb092
----------------- Done invoking toplevel() on ptolemy.moml.MoMLSimpleApplication@6d4fb092
reloadAllAccessors: .functionClosureTest1

===========================================================================================
----------------- testing Mon Jun 06 02:12:34 UTC 2022 /home/travis/build/icyphy/ptII/ptolemy/actor/lib/test/auto/functionClosureTest2.xml
----------------- Instantiating /home/travis/build/icyphy/ptII/ptolemy/actor/lib/test/auto/functionClosureTest2.xml
2 ms. Memory: 559104K Free: 490778K (88%)
----------------- Invoking toplevel() on ptolemy.moml.MoMLSimpleApplication@7397a780
----------------- Done invoking toplevel() on ptolemy.moml.MoMLSimpleApplication@7397a780
reloadAllAccessors: .functionClosureTest2

===========================================================================================
----------------- testing Mon Jun 06 02:12:34 UTC 2022 /home/travis/build/icyphy/ptII/ptolemy/actor/lib/test/auto/functionClosureTest3.xml
----------------- Instantiating /home/travis/build/icyphy/ptII/ptolemy/actor/lib/test/auto/functionClosureTest3.xml
2 ms. Memory: 559104K Free: 485148K (87%)
----------------- Invoking toplevel() on ptolemy.moml.MoMLSimpleApplication@79ebdba4
----------------- Done invoking toplevel() on ptolemy.moml.MoMLSimpleApplication@79ebdba4
reloadAllAccessors: .functionClosureTest3

===========================================================================================
----------------- testing Mon Jun 06 02:12:34 UTC 2022 /home/travis/build/icyphy/ptII/ptolemy/actor/lib/test/auto/functionClosureTest4.xml
----------------- Instantiating /home/travis/build/icyphy/ptII/ptolemy/actor/lib/test/auto/functionClosureTest4.xml
3 ms. Memory: 559104K Free: 479004K (86%)
----------------- Invoking toplevel() on ptolemy.moml.MoMLSimpleApplication@3451601f
----------------- Done invoking toplevel() on ptolemy.moml.MoMLSimpleApplication@3451601f
reloadAllAccessors: .functionClosureTest4

===========================================================================================
----------------- testing Mon Jun 06 02:12:34 UTC 2022 /home/travis/build/icyphy/ptII/ptolemy/actor/lib/test/auto/functionClosureTest5.xml
----------------- Instantiating /home/travis/build/icyphy/ptII/ptolemy/actor/lib/test/auto/functionClosureTest5.xml
3 ms. Memory: 559104K Free: 473355K (85%)
----------------- Invoking toplevel() on ptolemy.moml.MoMLSimpleApplication@49545817
----------------- Done invoking toplevel() on ptolemy.moml.MoMLSimpleApplication@49545817
reloadAllAccessors: .functionClosureTest5

===========================================================================================
----------------- testing Mon Jun 06 02:12:34 UTC 2022 /home/travis/build/icyphy/ptII/ptolemy/actor/lib/test/auto/functionClosureTest6.xml
----------------- Instantiating /home/travis/build/icyphy/ptII/ptolemy/actor/lib/test/auto/functionClosureTest6.xml
2 ms. Memory: 559104K Free: 468764K (84%)
----------------- Invoking toplevel() on ptolemy.moml.MoMLSimpleApplication@5731a41b
----------------- Done invoking toplevel() on ptolemy.moml.MoMLSimpleApplication@5731a41b
reloadAllAccessors: .functionClosureTest6

===========================================================================================
----------------- testing Mon Jun 06 02:12:34 UTC 2022 /home/travis/build/icyphy/ptII/ptolemy/actor/lib/test/auto/functionsOnArcs.xml
----------------- Instantiating /home/travis/build/icyphy/ptII/ptolemy/actor/lib/test/auto/functionsOnArcs.xml
2 ms. Memory: 559104K Free: 463130K (83%)
----------------- Invoking toplevel() on ptolemy.moml.MoMLSimpleApplication@5a1bcaf2
----------------- Done invoking toplevel() on ptolemy.moml.MoMLSimpleApplication@5a1bcaf2
reloadAllAccessors: .functionsOnArcs

===========================================================================================
----------------- testing Mon Jun 06 02:12:34 UTC 2022 /home/travis/build/icyphy/ptII/ptolemy/actor/lib/test/auto/functionsOnArcsHOF.xml
----------------- Instantiating /home/travis/build/icyphy/ptII/ptolemy/actor/lib/test/auto/functionsOnArcsHOF.xml
3 ms. Memory: 559104K Free: 456986K (82%)
----------------- Invoking toplevel() on ptolemy.moml.MoMLSimpleApplication@2e00e3e8
----------------- Done invoking toplevel() on ptolemy.moml.MoMLSimpleApplication@2e00e3e8
reloadAllAccessors: .functionsOnArcsHOF

===========================================================================================
----------------- testing Mon Jun 06 02:12:34 UTC 2022 /home/travis/build/icyphy/ptII/ptolemy/actor/lib/test/auto/logic.xml
----------------- Instantiating /home/travis/build/icyphy/ptII/ptolemy/actor/lib/test/auto/logic.xml
2 ms. Memory: 559104K Free: 449818K (80%)
----------------- Invoking toplevel() on ptolemy.moml.MoMLSimpleApplication@5bab57bb
----------------- Done invoking toplevel() on ptolemy.moml.MoMLSimpleApplication@5bab57bb
reloadAllAccessors: .logic

===========================================================================================
----------------- testing Mon Jun 06 02:12:34 UTC 2022 /home/travis/build/icyphy/ptII/ptolemy/actor/lib/test/auto/matrixType.xml
----------------- Instantiating /home/travis/build/icyphy/ptII/ptolemy/actor/lib/test/auto/matrixType.xml
2 ms. Memory: 559104K Free: 444698K (80%)
----------------- Invoking toplevel() on ptolemy.moml.MoMLSimpleApplication@64f0c095
----------------- Done invoking toplevel() on ptolemy.moml.MoMLSimpleApplication@64f0c095
reloadAllAccessors: .matrixType

===========================================================================================
----------------- testing Mon Jun 06 02:12:34 UTC 2022 /home/travis/build/icyphy/ptII/ptolemy/actor/lib/test/auto/matrixType10.xml
----------------- Instantiating /home/travis/build/icyphy/ptII/ptolemy/actor/lib/test/auto/matrixType10.xml
1 ms. Memory: 559104K Free: 440092K (79%)
----------------- Invoking toplevel() on ptolemy.moml.MoMLSimpleApplication@5917aa26
----------------- Done invoking toplevel() on ptolemy.moml.MoMLSimpleApplication@5917aa26
reloadAllAccessors: .matrixType10

===========================================================================================
----------------- testing Mon Jun 06 02:12:34 UTC 2022 /home/travis/build/icyphy/ptII/ptolemy/actor/lib/test/auto/matrixType11.xml
----------------- Instantiating /home/travis/build/icyphy/ptII/ptolemy/actor/lib/test/auto/matrixType11.xml
1 ms. Memory: 559104K Free: 434972K (78%)
----------------- Invoking toplevel() on ptolemy.moml.MoMLSimpleApplication@355034c0
----------------- Done invoking toplevel() on ptolemy.moml.MoMLSimpleApplication@355034c0
reloadAllAccessors: .matrixType11

===========================================================================================
----------------- testing Mon Jun 06 02:12:34 UTC 2022 /home/travis/build/icyphy/ptII/ptolemy/actor/lib/test/auto/matrixType12.xml
----------------- Instantiating /home/travis/build/icyphy/ptII/ptolemy/actor/lib/test/auto/matrixType12.xml
1 ms. Memory: 559104K Free: 430362K (77%)
----------------- Invoking toplevel() on ptolemy.moml.MoMLSimpleApplication@19ab764f
----------------- Done invoking toplevel() on ptolemy.moml.MoMLSimpleApplication@19ab764f
reloadAllAccessors: .matrixType12

===========================================================================================
----------------- testing Mon Jun 06 02:12:34 UTC 2022 /home/travis/build/icyphy/ptII/ptolemy/actor/lib/test/auto/matrixType13.xml
----------------- Instantiating /home/travis/build/icyphy/ptII/ptolemy/actor/lib/test/auto/matrixType13.xml
1 ms. Memory: 559104K Free: 425242K (76%)
----------------- Invoking toplevel() on ptolemy.moml.MoMLSimpleApplication@40e28968
----------------- Done invoking toplevel() on ptolemy.moml.MoMLSimpleApplication@40e28968
reloadAllAccessors: .matrixType13

===========================================================================================
----------------- testing Mon Jun 06 02:12:34 UTC 2022 /home/travis/build/icyphy/ptII/ptolemy/actor/lib/test/auto/matrixType14.xml
----------------- Instantiating /home/travis/build/icyphy/ptII/ptolemy/actor/lib/test/auto/matrixType14.xml
1 ms. Memory: 559104K Free: 420122K (75%)
----------------- Invoking toplevel() on ptolemy.moml.MoMLSimpleApplication@65dff212
----------------- Done invoking toplevel() on ptolemy.moml.MoMLSimpleApplication@65dff212
reloadAllAccessors: .matrixType14

===========================================================================================
----------------- testing Mon Jun 06 02:12:34 UTC 2022 /home/travis/build/icyphy/ptII/ptolemy/actor/lib/test/auto/matrixType2.xml
----------------- Instantiating /home/travis/build/icyphy/ptII/ptolemy/actor/lib/test/auto/matrixType2.xml
1 ms. Memory: 559104K Free: 415002K (74%)
----------------- Invoking toplevel() on ptolemy.moml.MoMLSimpleApplication@23e4c230
----------------- Done invoking toplevel() on ptolemy.moml.MoMLSimpleApplication@23e4c230
reloadAllAccessors: .matrixType2

===========================================================================================
----------------- testing Mon Jun 06 02:12:34 UTC 2022 /home/travis/build/icyphy/ptII/ptolemy/actor/lib/test/auto/matrixType3.xml
----------------- Instantiating /home/travis/build/icyphy/ptII/ptolemy/actor/lib/test/auto/matrixType3.xml
1 ms. Memory: 559104K Free: 409882K (73%)
----------------- Invoking toplevel() on ptolemy.moml.MoMLSimpleApplication@5566b875
----------------- Done invoking toplevel() on ptolemy.moml.MoMLSimpleApplication@5566b875
reloadAllAccessors: .matrixType3

===========================================================================================
----------------- testing Mon Jun 06 02:12:34 UTC 2022 /home/travis/build/icyphy/ptII/ptolemy/actor/lib/test/auto/matrixType4.xml
----------------- Instantiating /home/travis/build/icyphy/ptII/ptolemy/actor/lib/test/auto/matrixType4.xml
2 ms. Memory: 559104K Free: 405276K (72%)
----------------- Invoking toplevel() on ptolemy.moml.MoMLSimpleApplication@6bafebec
----------------- Done invoking toplevel() on ptolemy.moml.MoMLSimpleApplication@6bafebec
reloadAllAccessors: .matrixType4

===========================================================================================
----------------- testing Mon Jun 06 02:12:34 UTC 2022 /home/travis/build/icyphy/ptII/ptolemy/actor/lib/test/auto/matrixType5.xml
----------------- Instantiating /home/travis/build/icyphy/ptII/ptolemy/actor/lib/test/auto/matrixType5.xml
1 ms. Memory: 559104K Free: 400156K (72%)
----------------- Invoking toplevel() on ptolemy.moml.MoMLSimpleApplication@7aadcdcc
----------------- Done invoking toplevel() on ptolemy.moml.MoMLSimpleApplication@7aadcdcc
reloadAllAccessors: .matrixType5

===========================================================================================
----------------- testing Mon Jun 06 02:12:34 UTC 2022 /home/travis/build/icyphy/ptII/ptolemy/actor/lib/test/auto/matrixType6.xml
----------------- Instantiating /home/travis/build/icyphy/ptII/ptolemy/actor/lib/test/auto/matrixType6.xml
1 ms. Memory: 559104K Free: 395036K (71%)
----------------- Invoking toplevel() on ptolemy.moml.MoMLSimpleApplication@4089cd6f
----------------- Done invoking toplevel() on ptolemy.moml.MoMLSimpleApplication@4089cd6f
reloadAllAccessors: .matrixType6

===========================================================================================
----------------- testing Mon Jun 06 02:12:34 UTC 2022 /home/travis/build/icyphy/ptII/ptolemy/actor/lib/test/auto/matrixType7.xml
----------------- Instantiating /home/travis/build/icyphy/ptII/ptolemy/actor/lib/test/auto/matrixType7.xml
1 ms. Memory: 559104K Free: 390426K (70%)
----------------- Invoking toplevel() on ptolemy.moml.MoMLSimpleApplication@1ddc1360
----------------- Done invoking toplevel() on ptolemy.moml.MoMLSimpleApplication@1ddc1360
reloadAllAccessors: .matrixType7

===========================================================================================
----------------- testing Mon Jun 06 02:12:34 UTC 2022 /home/travis/build/icyphy/ptII/ptolemy/actor/lib/test/auto/matrixType8.xml
----------------- Instantiating /home/travis/build/icyphy/ptII/ptolemy/actor/lib/test/auto/matrixType8.xml
1 ms. Memory: 559104K Free: 385306K (69%)
----------------- Invoking toplevel() on ptolemy.moml.MoMLSimpleApplication@19e9ce4
----------------- Done invoking toplevel() on ptolemy.moml.MoMLSimpleApplication@19e9ce4
reloadAllAccessors: .matrixType8

===========================================================================================
----------------- testing Mon Jun 06 02:12:34 UTC 2022 /home/travis/build/icyphy/ptII/ptolemy/actor/lib/test/auto/matrixType9.xml
----------------- Instantiating /home/travis/build/icyphy/ptII/ptolemy/actor/lib/test/auto/matrixType9.xml
1 ms. Memory: 559104K Free: 380700K (68%)
----------------- Invoking toplevel() on ptolemy.moml.MoMLSimpleApplication@17312950
----------------- Done invoking toplevel() on ptolemy.moml.MoMLSimpleApplication@17312950
reloadAllAccessors: .matrixType9

===========================================================================================
----------------- testing Mon Jun 06 02:12:34 UTC 2022 /home/travis/build/icyphy/ptII/ptolemy/actor/lib/test/auto/paraFunctest.xml
----------------- Instantiating /home/travis/build/icyphy/ptII/ptolemy/actor/lib/test/auto/paraFunctest.xml
1 ms. Memory: 559104K Free: 376090K (67%)
----------------- Invoking toplevel() on ptolemy.moml.MoMLSimpleApplication@2dfdf299
----------------- Done invoking toplevel() on ptolemy.moml.MoMLSimpleApplication@2dfdf299
reloadAllAccessors: .paraFunctest

===========================================================================================
----------------- testing Mon Jun 06 02:12:34 UTC 2022 /home/travis/build/icyphy/ptII/ptolemy/actor/lib/test/auto/paraFunctest2.xml
----------------- Instantiating /home/travis/build/icyphy/ptII/ptolemy/actor/lib/test/auto/paraFunctest2.xml
1 ms. Memory: 559104K Free: 370970K (66%)
----------------- Invoking toplevel() on ptolemy.moml.MoMLSimpleApplication@3498fef0
----------------- Done invoking toplevel() on ptolemy.moml.MoMLSimpleApplication@3498fef0
reloadAllAccessors: .paraFunctest2

===========================================================================================
----------------- testing Mon Jun 06 02:12:34 UTC 2022 /home/travis/build/icyphy/ptII/ptolemy/actor/lib/test/auto/parameterPassing.xml
----------------- Instantiating /home/travis/build/icyphy/ptII/ptolemy/actor/lib/test/auto/parameterPassing.xml
1 ms. Memory: 559104K Free: 366874K (66%)
----------------- Invoking toplevel() on ptolemy.moml.MoMLSimpleApplication@433291cd
----------------- Done invoking toplevel() on ptolemy.moml.MoMLSimpleApplication@433291cd
reloadAllAccessors: .parameterPassing

===========================================================================================
----------------- testing Mon Jun 06 02:12:34 UTC 2022 /home/travis/build/icyphy/ptII/ptolemy/actor/lib/test/auto/record.xml
----------------- Instantiating /home/travis/build/icyphy/ptII/ptolemy/actor/lib/test/auto/record.xml
2 ms. Memory: 559104K Free: 361754K (65%)
----------------- Invoking toplevel() on ptolemy.moml.MoMLSimpleApplication@370be347
----------------- Done invoking toplevel() on ptolemy.moml.MoMLSimpleApplication@370be347
reloadAllAccessors: .record

===========================================================================================
----------------- testing Mon Jun 06 02:12:34 UTC 2022 /home/travis/build/icyphy/ptII/ptolemy/actor/lib/test/auto/sizedarray1.xml
----------------- Instantiating /home/travis/build/icyphy/ptII/ptolemy/actor/lib/test/auto/sizedarray1.xml
2 ms. Memory: 559104K Free: 356634K (64%)
----------------- Invoking toplevel() on ptolemy.moml.MoMLSimpleApplication@77ad31a4
----------------- Done invoking toplevel() on ptolemy.moml.MoMLSimpleApplication@77ad31a4
reloadAllAccessors: .sizedarray1

===========================================================================================
----------------- testing Mon Jun 06 02:12:34 UTC 2022 /home/travis/build/icyphy/ptII/ptolemy/actor/lib/test/auto/sizedarray2.xml
----------------- Instantiating /home/travis/build/icyphy/ptII/ptolemy/actor/lib/test/auto/sizedarray2.xml
2 ms. Memory: 559104K Free: 350490K (63%)
----------------- Invoking toplevel() on ptolemy.moml.MoMLSimpleApplication@1fcf91e6
----------------- Done invoking toplevel() on ptolemy.moml.MoMLSimpleApplication@1fcf91e6
reloadAllAccessors: .sizedarray2

===========================================================================================
----------------- testing Mon Jun 06 02:12:34 UTC 2022 /home/travis/build/icyphy/ptII/ptolemy/actor/lib/test/auto/twoPublishers.xml
----------------- Instantiating /home/travis/build/icyphy/ptII/ptolemy/actor/lib/test/auto/twoPublishers.xml
2 ms. Memory: 559104K Free: 339226K (61%)
----------------- Invoking toplevel() on ptolemy.moml.MoMLSimpleApplication@13a2b093
----------------- Done invoking toplevel() on ptolemy.moml.MoMLSimpleApplication@13a2b093
reloadAllAccessors: .twoPublishers
AutoTests.java: About to close Vertx.
AutoTests.java: Vertx closed.
]]></system-out>
  <system-err><![CDATA[java.lang.RuntimeException: Execution failed
	at ptolemy.moml.MoMLSimpleApplication$UnloadThread.run(MoMLSimpleApplication.java:402)
Caused by: java.lang.RuntimeException: StringUtilities.exit() was called. Normally, we would exit here because Manager.exitAfterWrapup() was called.  However, because the ptolemy.ptII.exitAfterWrapup property is set, we throw this exception instead.
	at ptolemy.util.StringUtilities.exit(StringUtilities.java:365)
	at ptolemy.actor.Manager.wrapup(Manager.java:1549)
	at ptolemy.actor.Manager.execute(Manager.java:407)
	at ptolemy.actor.Manager.run(Manager.java:1263)
	at ptolemy.actor.Manager$PtolemyRunThread.run(Manager.java:1933)
Warning: '.top.test' is in training mode, set the trainingMode parameter to false before checking in
Warning: '.top.test' is in training mode, set the trainingMode parameter to false before checking in
Warning: '.top.test' is in training mode, set the trainingMode parameter to false before checking in
Warning: '.BooleanSwitch_RegressionTest_WrongTrainingValues.Test' is in training mode, set the trainingMode parameter to false before checking in
Warning: '.BooleanSwitch_RegressionTest_WrongTrainingValues.Test2' is in training mode, set the trainingMode parameter to false before checking in
Warning: '.BooleanSwitch_RegressionTest_WrongTrainingValues.Test2' The test produced 0 tokens.
Warning: '.top.testExceptionHandler' is in training mode, set the trainingMode parameter to false before checking in
java.lang.RuntimeException: Execution failed
	at ptolemy.moml.MoMLSimpleApplication$UnloadThread.run(MoMLSimpleApplication.java:402)
Caused by: ptolemy.kernel.util.IllegalActionException: PublisherPorts cannot be used at the top level, use a Publisher actor instead.
  in .PublisherPortToplevelSubscriber.PublisherPort
	at ptolemy.actor.PublisherPort.preinitialize(PublisherPort.java:403)
	at ptolemy.actor.CompositeActor.preinitialize(CompositeActor.java:1769)
	at ptolemy.actor.Manager.preinitializeAndResolveTypes(Manager.java:1040)
	at ptolemy.actor.Manager.initialize(Manager.java:710)
	at ptolemy.actor.Manager.execute(Manager.java:356)
	at ptolemy.actor.Manager.run(Manager.java:1263)
	at ptolemy.actor.Manager$PtolemyRunThread.run(Manager.java:1933)
java.lang.reflect.InvocationTargetException
	at java.base/jdk.internal.reflect.NativeConstructorAccessorImpl.newInstance0(Native Method)
	at java.base/jdk.internal.reflect.NativeConstructorAccessorImpl.newInstance(NativeConstructorAccessorImpl.java:62)
	at java.base/jdk.internal.reflect.DelegatingConstructorAccessorImpl.newInstance(DelegatingConstructorAccessorImpl.java:45)
	at java.base/java.lang.reflect.Constructor.newInstance(Constructor.java:490)
	at ptolemy.util.test.junit.AutoKnownFailedTests.RunModel(AutoKnownFailedTests.java:105)
	at java.base/jdk.internal.reflect.NativeMethodAccessorImpl.invoke0(Native Method)
	at java.base/jdk.internal.reflect.NativeMethodAccessorImpl.invoke(NativeMethodAccessorImpl.java:62)
	at java.base/jdk.internal.reflect.DelegatingMethodAccessorImpl.invoke(DelegatingMethodAccessorImpl.java:43)
	at java.base/java.lang.reflect.Method.invoke(Method.java:566)
	at org.junit.runners.model.FrameworkMethod$1.runReflectiveCall(FrameworkMethod.java:44)
	at org.junit.internal.runners.model.ReflectiveCallable.run(ReflectiveCallable.java:15)
	at org.junit.runners.model.FrameworkMethod.invokeExplosively(FrameworkMethod.java:41)
	at junitparams.internal.InvokeParameterisedMethod.evaluate(InvokeParameterisedMethod.java:102)
	at org.junit.internal.runners.statements.FailOnTimeout$1.run(FailOnTimeout.java:28)
Caused by: ptolemy.kernel.util.IllegalActionException: PublisherPorts cannot be used at the top level, use a Publisher actor instead.
  in .PublisherPortToplevelSubscriber.PublisherPort
	at ptolemy.actor.PublisherPort.preinitialize(PublisherPort.java:403)
	at ptolemy.actor.CompositeActor.preinitialize(CompositeActor.java:1769)
	at ptolemy.actor.Manager.preinitializeAndResolveTypes(Manager.java:1040)
	at ptolemy.actor.Manager.initialize(Manager.java:710)
	at ptolemy.actor.Manager.execute(Manager.java:356)
	at ptolemy.actor.Manager.run(Manager.java:1263)
	at ptolemy.actor.Manager$PtolemyRunThread.run(Manager.java:1933)
java.lang.RuntimeException: Execution failed
	at ptolemy.moml.MoMLSimpleApplication$UnloadThread.run(MoMLSimpleApplication.java:402)
Caused by: ptolemy.kernel.util.IllegalActionException: SubscriberPorts cannot be used at the top level, use a Subscriber actor instead.
  in .PublisherSubscriberPortToplevel.SubscriberPort
	at ptolemy.actor.SubscriberPort.preinitialize(SubscriberPort.java:328)
	at ptolemy.actor.CompositeActor.preinitialize(CompositeActor.java:1769)
	at ptolemy.actor.Manager.preinitializeAndResolveTypes(Manager.java:1040)
	at ptolemy.actor.Manager.initialize(Manager.java:710)
	at ptolemy.actor.Manager.execute(Manager.java:356)
	at ptolemy.actor.Manager.run(Manager.java:1263)
	at ptolemy.actor.Manager$PtolemyRunThread.run(Manager.java:1933)
java.lang.reflect.InvocationTargetException
	at java.base/jdk.internal.reflect.NativeConstructorAccessorImpl.newInstance0(Native Method)
	at java.base/jdk.internal.reflect.NativeConstructorAccessorImpl.newInstance(NativeConstructorAccessorImpl.java:62)
	at java.base/jdk.internal.reflect.DelegatingConstructorAccessorImpl.newInstance(DelegatingConstructorAccessorImpl.java:45)
	at java.base/java.lang.reflect.Constructor.newInstance(Constructor.java:490)
	at ptolemy.util.test.junit.AutoKnownFailedTests.RunModel(AutoKnownFailedTests.java:105)
	at java.base/jdk.internal.reflect.NativeMethodAccessorImpl.invoke0(Native Method)
	at java.base/jdk.internal.reflect.NativeMethodAccessorImpl.invoke(NativeMethodAccessorImpl.java:62)
	at java.base/jdk.internal.reflect.DelegatingMethodAccessorImpl.invoke(DelegatingMethodAccessorImpl.java:43)
	at java.base/java.lang.reflect.Method.invoke(Method.java:566)
	at org.junit.runners.model.FrameworkMethod$1.runReflectiveCall(FrameworkMethod.java:44)
	at org.junit.internal.runners.model.ReflectiveCallable.run(ReflectiveCallable.java:15)
	at org.junit.runners.model.FrameworkMethod.invokeExplosively(FrameworkMethod.java:41)
	at junitparams.internal.InvokeParameterisedMethod.evaluate(InvokeParameterisedMethod.java:102)
	at org.junit.internal.runners.statements.FailOnTimeout$1.run(FailOnTimeout.java:28)
Caused by: ptolemy.kernel.util.IllegalActionException: SubscriberPorts cannot be used at the top level, use a Subscriber actor instead.
  in .PublisherSubscriberPortToplevel.SubscriberPort
	at ptolemy.actor.SubscriberPort.preinitialize(SubscriberPort.java:328)
	at ptolemy.actor.CompositeActor.preinitialize(CompositeActor.java:1769)
	at ptolemy.actor.Manager.preinitializeAndResolveTypes(Manager.java:1040)
	at ptolemy.actor.Manager.initialize(Manager.java:710)
	at ptolemy.actor.Manager.execute(Manager.java:356)
	at ptolemy.actor.Manager.run(Manager.java:1263)
	at ptolemy.actor.Manager$PtolemyRunThread.run(Manager.java:1933)
java.lang.RuntimeException: Execution failed
	at ptolemy.moml.MoMLSimpleApplication$UnloadThread.run(MoMLSimpleApplication.java:402)
Caused by: ptolemy.kernel.util.IllegalActionException: SubscriptionAggregatorPorts cannot be used at the top level, use a SubscriptionAggregator actor instead.
  in .PublisherSubscriptionAggregatorPort.SubscriptionAggregatorPort
	at ptolemy.actor.SubscriptionAggregatorPort.preinitialize(SubscriptionAggregatorPort.java:353)
	at ptolemy.actor.CompositeActor.preinitialize(CompositeActor.java:1769)
	at ptolemy.actor.Manager.preinitializeAndResolveTypes(Manager.java:1040)
	at ptolemy.actor.Manager.initialize(Manager.java:710)
	at ptolemy.actor.Manager.execute(Manager.java:356)
	at ptolemy.actor.Manager.run(Manager.java:1263)
	at ptolemy.actor.Manager$PtolemyRunThread.run(Manager.java:1933)
java.lang.reflect.InvocationTargetException
	at java.base/jdk.internal.reflect.NativeConstructorAccessorImpl.newInstance0(Native Method)
	at java.base/jdk.internal.reflect.NativeConstructorAccessorImpl.newInstance(NativeConstructorAccessorImpl.java:62)
	at java.base/jdk.internal.reflect.DelegatingConstructorAccessorImpl.newInstance(DelegatingConstructorAccessorImpl.java:45)
	at java.base/java.lang.reflect.Constructor.newInstance(Constructor.java:490)
	at ptolemy.util.test.junit.AutoKnownFailedTests.RunModel(AutoKnownFailedTests.java:105)
	at java.base/jdk.internal.reflect.NativeMethodAccessorImpl.invoke0(Native Method)
	at java.base/jdk.internal.reflect.NativeMethodAccessorImpl.invoke(NativeMethodAccessorImpl.java:62)
	at java.base/jdk.internal.reflect.DelegatingMethodAccessorImpl.invoke(DelegatingMethodAccessorImpl.java:43)
	at java.base/java.lang.reflect.Method.invoke(Method.java:566)
	at org.junit.runners.model.FrameworkMethod$1.runReflectiveCall(FrameworkMethod.java:44)
	at org.junit.internal.runners.model.ReflectiveCallable.run(ReflectiveCallable.java:15)
	at org.junit.runners.model.FrameworkMethod.invokeExplosively(FrameworkMethod.java:41)
	at junitparams.internal.InvokeParameterisedMethod.evaluate(InvokeParameterisedMethod.java:102)
	at org.junit.internal.runners.statements.FailOnTimeout$1.run(FailOnTimeout.java:28)
Caused by: ptolemy.kernel.util.IllegalActionException: SubscriptionAggregatorPorts cannot be used at the top level, use a SubscriptionAggregator actor instead.
  in .PublisherSubscriptionAggregatorPort.SubscriptionAggregatorPort
	at ptolemy.actor.SubscriptionAggregatorPort.preinitialize(SubscriptionAggregatorPort.java:353)
	at ptolemy.actor.CompositeActor.preinitialize(CompositeActor.java:1769)
	at ptolemy.actor.Manager.preinitializeAndResolveTypes(Manager.java:1040)
	at ptolemy.actor.Manager.initialize(Manager.java:710)
	at ptolemy.actor.Manager.execute(Manager.java:356)
	at ptolemy.actor.Manager.run(Manager.java:1263)
	at ptolemy.actor.Manager$PtolemyRunThread.run(Manager.java:1933)
java.lang.RuntimeException: Execution failed
	at ptolemy.moml.MoMLSimpleApplication$UnloadThread.run(MoMLSimpleApplication.java:402)
Caused by: ptolemy.kernel.util.IllegalActionException: TypeTest actor has no training data.
  in .sizedarray3.TypeTest
	at ptolemy.actor.lib.TypeTest.initialize(TypeTest.java:250)
	at ptolemy.actor.Director.initialize(Director.java:938)
	at ptolemy.actor.Director.initialize(Director.java:907)
	at ptolemy.actor.sched.StaticSchedulingDirector.initialize(StaticSchedulingDirector.java:159)
	at ptolemy.domains.sdf.kernel.SDFDirector.initialize(SDFDirector.java:544)
	at ptolemy.actor.CompositeActor.initialize(CompositeActor.java:935)
	at ptolemy.actor.Manager.initialize(Manager.java:724)
	at ptolemy.actor.Manager.execute(Manager.java:356)
	at ptolemy.actor.Manager.run(Manager.java:1263)
	at ptolemy.actor.Manager$PtolemyRunThread.run(Manager.java:1933)
java.lang.reflect.InvocationTargetException
	at java.base/jdk.internal.reflect.NativeConstructorAccessorImpl.newInstance0(Native Method)
	at java.base/jdk.internal.reflect.NativeConstructorAccessorImpl.newInstance(NativeConstructorAccessorImpl.java:62)
	at java.base/jdk.internal.reflect.DelegatingConstructorAccessorImpl.newInstance(DelegatingConstructorAccessorImpl.java:45)
	at java.base/java.lang.reflect.Constructor.newInstance(Constructor.java:490)
	at ptolemy.util.test.junit.AutoKnownFailedTests.RunModel(AutoKnownFailedTests.java:105)
	at java.base/jdk.internal.reflect.NativeMethodAccessorImpl.invoke0(Native Method)
	at java.base/jdk.internal.reflect.NativeMethodAccessorImpl.invoke(NativeMethodAccessorImpl.java:62)
	at java.base/jdk.internal.reflect.DelegatingMethodAccessorImpl.invoke(DelegatingMethodAccessorImpl.java:43)
	at java.base/java.lang.reflect.Method.invoke(Method.java:566)
	at org.junit.runners.model.FrameworkMethod$1.runReflectiveCall(FrameworkMethod.java:44)
	at org.junit.internal.runners.model.ReflectiveCallable.run(ReflectiveCallable.java:15)
	at org.junit.runners.model.FrameworkMethod.invokeExplosively(FrameworkMethod.java:41)
	at junitparams.internal.InvokeParameterisedMethod.evaluate(InvokeParameterisedMethod.java:102)
	at org.junit.internal.runners.statements.FailOnTimeout$1.run(FailOnTimeout.java:28)
Caused by: ptolemy.kernel.util.IllegalActionException: TypeTest actor has no training data.
  in .sizedarray3.TypeTest
	at ptolemy.actor.lib.TypeTest.initialize(TypeTest.java:250)
	at ptolemy.actor.Director.initialize(Director.java:938)
	at ptolemy.actor.Director.initialize(Director.java:907)
	at ptolemy.actor.sched.StaticSchedulingDirector.initialize(StaticSchedulingDirector.java:159)
	at ptolemy.domains.sdf.kernel.SDFDirector.initialize(SDFDirector.java:544)
	at ptolemy.actor.CompositeActor.initialize(CompositeActor.java:935)
	at ptolemy.actor.Manager.initialize(Manager.java:724)
	at ptolemy.actor.Manager.execute(Manager.java:356)
	at ptolemy.actor.Manager.run(Manager.java:1263)
	at ptolemy.actor.Manager$PtolemyRunThread.run(Manager.java:1933)
]]></system-err>
</testsuite>
