<?xml version="1.0" encoding="UTF-8" ?>
<testsuite errors="0" failures="0" hostname="travis-job-c70e04f4-4e4a-4258-b9de-a695b7f58597" name="ptolemy.domains.de.test.junit.JUnitTclTest" skipped="0" tests="101" time="123.042" timestamp="2020-09-25T16:18:09">
  <properties>
    <property name="npm.executable" value="npm" />
    <property name="env.TRAVIS_ROOT" value="/" />
    <property name="ptII.mk.exists" value="true" />
    <property name="env.TRAVIS_APP_HOST" value="build.travis-ci.org" />
    <property name="env.rvm_bin_path" value="/home/travis/.rvm/bin" />
    <property name="java.home" value="/usr/local/lib/jvm/openjdk11" />
    <property name="env.TRAVIS_JOB_NUMBER" value="1775.9" />
    <property name="env.TRAVIS_HOME" value="/home/travis" />
    <property name="env.DISPLAY" value=":99.0" />
    <property name="env.TRAVIS_INIT" value="systemd" />
    <property name="env.SSH_TTY" value="/dev/pts/0" />
    <property name="java.net.preferIPv4Stack" value="true" />
    <property name="env.RUN_TESTS" value="true" />
    <property name="timeout.short" value="1000000" />
    <property name="junit.formatter" value="xml" />
    <property name="env.TRAVIS_SUDO" value="true" />
    <property name="env.TRAVIS_JOB_NAME" value="" />
    <property name="env.TRAVIS_STACK_NODE_ATTRIBUTES" value="/.node-attributes.yml" />
    <property name="env.LOGNAME" value="travis" />
    <property name="jsdoc.home" value="node_modules/@terraswarm/jsdoc" />
    <property name="debuglevel" value="source,lines,vars" />
    <property name="checkstyle.formatter" value="xml" />
    <property name="bin.vergil.makeable" value="true" />
    <property name="sun.os.patch.level" value="unknown" />
    <property name="java.vendor.url" value="http://java.oracle.com/" />
    <property name="env.TRAVIS_BUILD_WEB_URL" value="https://travis-ci.org/icyphy/ptII/builds/730294628" />
    <property name="java.version" value="11.0.2" />
    <property name="env.TZ" value="UTC" />
    <property name="env.TRAVIS_PULL_REQUEST_SHA" value="" />
    <property name="env.PT_NO_NET" value="true" />
    <property name="env.TRAVIS_SECURE_ENV_VARS" value="true" />
    <property name="java.vendor.url.bug" value="http://bugreport.java.com/bugreport/" />
    <property name="npmjs-org-is-up" value="true" />
    <property name="env.LANGUAGE" value="en_US.UTF-8" />
    <property name="env.SSH_CLIENT" value="10.16.5.23 45920 22" />
    <property name="env.GEM_HOME" value="/home/travis/.rvm/gems/ruby-2.5.3" />
    <property name="env.HAS_ANTARES_THREE_LITTLE_FRONZIES_BADGE" value="true" />
    <property name="java.version.date" value="2019-01-15" />
    <property name="env.PS4" value="+" />
    <property name="ant.project.invoked-targets" value="build,test.core2.xml" />
    <property name="env.TRAVIS_PULL_REQUEST_BRANCH" value="" />
    <property name="env.TRAVIS_REPO_SLUG" value="icyphy/ptII" />
    <property name="env.XDG_DATA_DIRS" value="/usr/local/share:/usr/share:/var/lib/snapd/desktop" />
    <property name="jdk.debug" value="release" />
    <property name="env.TRAVIS_APT_PROXY" value="http://build-cache.travisci.net" />
    <property name="env.TRAVIS_CPU_ARCH" value="amd64" />
    <property name="node.in.path" value="true" />
    <property name="user.name" value="travis" />
    <property name="java.maxmemory" value="1400m" />
    <property name="env.RUBY_VERSION" value="ruby-2.5.3" />
    <property name="env.LANG" value="en_US.UTF-8" />
    <property name="sun.io.unicode.encoding" value="UnicodeLittle" />
    <property name="sun.jnu.encoding" value="UTF-8" />
    <property name="java.runtime.name" value="OpenJDK Runtime Environment" />
    <property name="usefile" value="false" />
    <property name="return.code" value="0" />
    <property name="junit.single.formatter" value="plain" />
    <property name="env.DYLD_LIBRARY_PATH" value="/home/travis/pthla/certi-tools/lib:" />
    <property name="env.DEBIAN_FRONTEND" value="noninteractive" />
    <property name="env.SSH_CONNECTION" value="10.16.5.23 45920 10.20.255.119 22" />
    <property name="env.MYSQL_UNIX_PORT" value="/var/run/mysqld/mysqld.sock" />
    <property name="env.LC_ALL" value="en_US.UTF-8" />
    <property name="env.TRAVIS_ALLOW_FAILURE" value="" />
    <property name="env.TRAVIS_JOB_WEB_URL" value="https://travis-ci.org/icyphy/ptII/jobs/730294668" />
    <property name="java.specification.name" value="Java Platform API Specification" />
    <property name="node.works" value="true" />
    <property name="user.timezone" value="" />
    <property name="path.separator" value=":" />
    <property name="env.TRAVIS_ENABLE_INFRA_DETECTION" value="true" />
    <property name="env.PYTHON_CFLAGS" value="-g -fstack-protector --param=ssp-buffer-size=4 -Wformat -Werror=format-security" />
    <property name="timeout.long" value="4000000" />
    <property name="env.CERTI_HOME" value="/home/travis/pthla/certi-tools" />
    <property name="ant.file.ptII" value="/home/travis/build/icyphy/ptII/build.xml" />
    <property name="javadoc.packagenames" value="com.*,diva.*,lbnl.*,org.hlacerti.*,org.json.*,org.ptolemy.*,org.terraswarm.*,ptolemy.*,ptserver.*" />
    <property name="file.encoding" value="UTF-8" />
    <property name="env.TRAVIS_PULL_REQUEST_SLUG" value="" />
    <property name="ant.project.default-target" value="build" />
    <property name="env.GIT_ASKPASS" value="echo" />
    <property name="env.HOME" value="/home/travis" />
    <property name="sun.java.command" value="org.apache.tools.ant.taskdefs.optional.junit.JUnitTestRunner ptolemy.domains.de.test.junit.JUnitTclTest skipNonTests=false filtertrace=true haltOnError=false haltOnFailure=false formatter=org.apache.tools.ant.taskdefs.optional.junit.OutErrSummaryJUnitResultFormatter showoutput=true outputtoformatters=true logfailedtests=true threadid=0 logtestlistenerevents=false formatter=org.apache.tools.ant.taskdefs.optional.junit.XMLJUnitResultFormatter,/home/travis/build/icyphy/ptII/reports/junit/TEST-ptolemy.domains.de.test.junit.JUnitTclTest.xml crashfile=/home/travis/build/icyphy/ptII/junitvmwatcher11783287527382620766.properties propsfile=/home/travis/build/icyphy/ptII/junit13846817586837424412.properties" />
    <property name="env.COMPOSER_NO_INTERACTION" value="1" />
    <property name="env.MANPATH" value="/home/travis/.nvm/versions/node/v7.10.1/share/man:/home/travis/.rvm/rubies/ruby-2.5.3/share/man:/usr/local/cmake-3.12.4/man:/usr/local/clang-7.0.0/share/man:/usr/local/man:/usr/local/share/man:/usr/share/man:/home/travis/.rvm/man" />
    <property name="env.TRAVIS_TIMER_ID" value="1f5717af" />
    <property name="ant.file" value="/home/travis/build/icyphy/ptII/build.xml" />
    <property name="env.TRAVIS_COMMIT_RANGE" value="3bb573e462e9b4151952318d01b7e361e9f419ad...74248200255084cca0f8d02e5ad09f36c0965423" />
    <property name="ptII.classpath.optional.property" value="/home/travis/build/icyphy/ptII/lib/bsh-2.0b4.jar:/home/travis/build/icyphy/ptII/lib/ptCal.jar:/home/travis/build/icyphy/ptII/lib/java_cup.jar:/home/travis/build/icyphy/ptII/lib/saxon8.jar:/home/travis/build/icyphy/ptII/lib/saxon8-dom.jar:/home/travis/build/icyphy/ptII/lib/chic.jar:/home/travis/build/icyphy/ptII/lib/ptcolt.jar:/home/travis/build/icyphy/ptII/vendors/misc/itext/iText.jar:/home/travis/build/icyphy/ptII/lib/g4ltl.jar:/home/travis/build/icyphy/ptII/lib/StructuralCoder.jar:/home/travis/build/icyphy/ptII/lib/jcerti.jar:/home/travis/build/icyphy/ptII/lib/javax.mail.jar:/home/travis/build/icyphy/ptII/vendors/JMF-2.1.1e/lib/jmf.jar:/home/travis/build/icyphy/ptII/lib/jna-4.0.0-variadic.jar:/home/travis/build/icyphy/ptII/vendors/misc/joystick/Joystick.jar:/home/travis/build/icyphy/ptII/lib/ptjacl.jar:/home/travis/build/icyphy/ptII/lib/jsoup-1.8.2.jar:/home/travis/build/icyphy/ptII/lib/junit-4.8.2.jar:/home/travis/build/icyphy/ptII/lib/JUnitParams-0.4.0.jar:/home/travis/build/icyphy/ptII/ptolemy/actor/lib/excel/jxl.jar:/home/travis/build/icyphy/ptII/lib/jython.jar:/home/travis/build/icyphy/ptII/lib/kieler.jar:/home/travis/build/icyphy/ptII/vendors/opencv/share/OpenCV/java/opencv-341.jar:/home/travis/build/icyphy/ptII/lib/oscP5.jar:/home/travis/build/icyphy/ptII/lib/nrjavaserial-3.11.0.devel.jar:/home/travis/build/icyphy/ptII/vendors/j3d/lib/Linux/j3dcore.jar:/home/travis/build/icyphy/ptII/vendors/j3d/lib/Linux/j3dutils.jar:/home/travis/build/icyphy/ptII/vendors/j3d/lib/Linux/vecmath.jar:/home/travis/build/icyphy/ptII/vendors/jogl/lib/Linux/gluegen-rt-natives-linux-amd64.jar:/home/travis/build/icyphy/ptII/vendors/jogl/lib/Linux/gluegen-rt.jar:/home/travis/build/icyphy/ptII/vendors/jogl/lib/Linux/jogl-all-natives-linux-amd64.jar:/home/travis/build/icyphy/ptII/vendors/jogl/lib/Linux/jogl-all.jar:/home/travis/build/icyphy/ptII/ptolemy/distributed/jini/jar/jini-core.jar:/home/travis/build/icyphy/ptII/ptolemy/distributed/jini/jar/jini-ext.jar:/home/travis/build/icyphy/ptII/ptolemy/distributed/jini/jar/sun-util.jar:/home/travis/build/icyphy/ptII/lib/protobuf-java-2.4.1.jar:/home/travis/build/icyphy/ptII/lib/org.eclipse.paho.client.mqttv3.jar:/home/travis/build/icyphy/ptII/lib/mapss.jar:/home/travis/build/icyphy/ptII/ptolemy/actor/ptalon/antlr/antlr.jar:/home/travis/build/icyphy/ptII/lib/JRI.jar:/home/travis/build/icyphy/ptII/lib/commons-lang-2.6.jar:/home/travis/build/icyphy/ptII/lib/commons-logging-1.1.1.jar:/home/travis/build/icyphy/ptII/lib/sootclasses.jar:/home/travis/build/icyphy/ptII/ptolemy/actor/lib/database/mysql-connector-java-5.1.6-bin.jar:/home/travis/build/icyphy/ptII/vendors/misc/sphinx4/sphinx4-data-5prealpha.jar:/home/travis/build/icyphy/ptII/vendors/misc/sphinx4/sphinx4-core-5prealpha.jar:/home/travis/build/icyphy/ptII/lib/PDFRenderer.jar:/home/travis/build/icyphy/ptII/lib/svgSalamander.jar:/home/travis/build/icyphy/ptII/lib/rsyntaxtextarea-2.6.0-SNAPSHOT.jar:/home/travis/build/icyphy/ptII/lib/hazelcast-3.8.2.jar:/home/travis/build/icyphy/ptII/lib/jackson-annotations-2.9.0.jar:/home/travis/build/icyphy/ptII/lib/jackson-core-2.9.3.jar:/home/travis/build/icyphy/ptII/lib/jackson-databind-2.9.3.jar:/home/travis/build/icyphy/ptII/lib/netty-buffer-4.1.19.Final.jar:/home/travis/build/icyphy/ptII/lib/netty-codec-4.1.19.Final.jar:/home/travis/build/icyphy/ptII/lib/netty-codec-dns-4.1.19.Final.jar:/home/travis/build/icyphy/ptII/lib/netty-codec-http-4.1.19.Final.jar:/home/travis/build/icyphy/ptII/lib/netty-codec-http2-4.1.19.Final.jar:/home/travis/build/icyphy/ptII/lib/netty-common-4.1.19.Final.jar:/home/travis/build/icyphy/ptII/lib/netty-handler-4.1.19.Final.jar:/home/travis/build/icyphy/ptII/lib/netty-resolver-4.1.19.Final.jar:/home/travis/build/icyphy/ptII/lib/netty-resolver-dns-4.1.19.Final.jar:/home/travis/build/icyphy/ptII/lib/netty-transport-4.1.19.Final.jar:/home/travis/build/icyphy/ptII/lib/vertx-codegen-3.5.1.jar:/home/travis/build/icyphy/ptII/lib/vertx-core-3.5.2-SNAPSHOT.jar:/home/travis/build/icyphy/ptII/lib/vertx-hazelcast-3.5.1.jar:/home/travis/build/icyphy/ptII/lib/vertx-lang-js-3.5.1.jar:/home/travis/build/icyphy/ptII/lib/vertx-service-proxy-3.5.1.jar:/home/travis/build/icyphy/ptII/lib/vertx-web-3.5.1.jar:/home/travis/build/icyphy/ptII/lib/slf4j-api-1.7.13.jar:/home/travis/build/icyphy/ptII/lib/slf4j-simple-1.7.13.jar:/home/travis/build/icyphy/ptII/lib/webcam-capture-0.3.12.jar:/home/travis/build/icyphy/ptII/lib/bridj-0.7.0.jar:/home/travis/build/icyphy/ptII/lib/xbjlib-1.1.0.nrjavaserial.jar" />
    <property name="timeout" value="2400000" />
    <property name="test.batch" value="**/junit/*.java" />
    <property name="env._" value="/usr/bin/timeout" />
    <property name="java.io.tmpdir" value="/tmp" />
    <property name="user.language" value="en" />
    <property name="env.TRAVIS_INTERNAL_RUBY_REGEX" value="^ruby-(2\.[0-4]\.[0-9]|1\.9\.3)" />
    <property name="env.HISTCONTROL" value="ignoredups:ignorespace" />
    <property name="env.GOROOT" value="/home/travis/.gimme/versions/go1.11.1.linux.amd64" />
    <property name="line.separator" value="&#xa;" />
    <property name="target" value="11" />
    <property name="env.TRAVIS_BUILD_DIR" value="/home/travis/build/icyphy/ptII" />
    <property name="env.ANT_OPTS" value="-Xmx2048m" />
    <property name="ant.file.type" value="file" />
    <property name="ptolemy.ptII.batchMode" value="true" />
    <property name="env.HISTSIZE" value="1000" />
    <property name="env.MERB_ENV" value="test" />
    <property name="java.vm.info" value="mixed mode" />
    <property name="source" value="11" />
    <property name="java.vm.specification.name" value="Java Virtual Machine Specification" />
    <property name="env.TRAVIS_TEST_RESULT" value="0" />
    <property name="jsdoc.command" value="node_modules/@terraswarm/jsdoc/jsdoc.js" />
    <property name="npm.works" value="true" />
    <property name="cobertura.dir" value="/home/travis/build/icyphy/ptII/vendors/cobertura-2.0.3" />
    <property name="jsdoc.command.exists" value="true" />
    <property name="env.rvm_path" value="/home/travis/.rvm" />
    <property name="env.GEM_PATH" value="/home/travis/.rvm/gems/ruby-2.5.3:/home/travis/.rvm/gems/ruby-2.5.3@global" />
    <property name="env.LC_CTYPE" value="en_US.UTF-8" />
    <property name="env.TRAVIS_CMD" value="$PTII/bin/ptIITravisBuild.sh $SECONDS" />
    <property name="java.awt.printerjob" value="sun.print.PSPrinterJob" />
    <property name="env.TRAVIS_STACK_NAME" value="sardonyx" />
    <property name="env.TRAVIS_TIMER_START_TIME" value="1601050487285342600" />
    <property name="ant.version" value="Apache Ant(TM) version 1.10.1 compiled on February 2 2017" />
    <property name="ptII.reports" value="/home/travis/build/icyphy/ptII/reports" />
    <property name="env.TRAVIS_STACK_TIMESTAMP" value="2020-06-24 13:13:18 UTC" />
    <property name="ant.file.type.ptII" value="file" />
    <property name="env.RBENV_SHELL" value="bash" />
    <property name="os.name" value="Linux" />
    <property name="java.specification.vendor" value="Oracle Corporation" />
    <property name="env.rvm_version" value="1.29.10 (latest)" />
    <property name="env.TRAVIS_INFRA" value="unknown" />
    <property name="env.TERM" value="xterm" />
    <property name="java.vm.name" value="OpenJDK 64-Bit Server VM" />
    <property name="env.TRAVIS_BUILD_NUMBER" value="1775" />
    <property name="env.CI" value="true" />
    <property name="java.library.path" value="/home/travis/pthla/certi-tools/lib:/usr/lib/jni:/usr/local/share/OpenCV/java/:/usr/share/OpenCV/java::/usr/java/packages/lib:/usr/lib64:/lib64:/lib:/usr/lib" />
    <property name="jdk.module.path" value="/home/travis/build/icyphy/ptII/vendors/javafx/javafx-sdk-11.0.2/lib:" />
    <property name="env.rvm_prefix" value="/home/travis" />
    <property name="env.PATH" value="/home/travis/pthla/certi-tools/share/scripts:/home/travis/.rvm/gems/ruby-2.5.3/bin:/home/travis/.rvm/gems/ruby-2.5.3@global/bin:/home/travis/.rvm/rubies/ruby-2.5.3/bin:/home/travis/.rvm/bin:/home/travis/.nvm/versions/node/v7.10.1/bin:./node_modules/.bin:/home/travis/build/icyphy/ptII/bin:/home/travis/pthla/certi-tools/bin:/home/travis/bin:/home/travis/.local/bin:/usr/local/lib/jvm/openjdk11/bin:/opt/pyenv/shims:/home/travis/.phpenv/shims:/home/travis/perl5/perlbrew/bin:/home/travis/gopath/bin:/home/travis/.gimme/versions/go1.11.1.linux.amd64/bin:/usr/local/maven-3.6.3/bin:/usr/local/cmake-3.12.4/bin:/usr/local/clang-7.0.0/bin:/usr/local/sbin:/usr/local/bin:/usr/sbin:/usr/bin:/sbin:/bin:/snap/bin:/home/travis/.phpenv/bin:/opt/pyenv/bin:/home/travis/.yarn/bin" />
    <property name="env.TRAVIS_OS_NAME" value="linux" />
    <property name="ant.java.version" value="9" />
    <property name="basedir" value="/home/travis/build/icyphy/ptII" />
    <property name="java.class.version" value="55.0" />
    <property name="env.SHLVL" value="3" />
    <property name="env.LD_LIBRARY_PATH" value="/home/travis/pthla/certi-tools/lib:/usr/lib/jni:/usr/local/share/OpenCV/java/:/usr/share/OpenCV/java:" />
    <property name="env.RACK_ENV" value="test" />
    <property name="ant.home" value="/home/travis/build/icyphy/ptII/ant" />
    <property name="env.NVM_DIR" value="/home/travis/.nvm" />
    <property name="env.CERTI_FOM_PATH" value="/home/travis/pthla/certi-tools/share/federations" />
    <property name="env.TRAVIS_BUILD_ID" value="730294628" />
    <property name="env.PYENV_ROOT" value="/opt/pyenv" />
    <property name="env.TRAVIS_UID" value="2000" />
    <property name="prism.verbose" value="true" />
    <property name="env.NVM_BIN" value="/home/travis/.nvm/versions/node/v7.10.1/bin" />
    <property name="env.TRAVIS_COMMIT" value="74248200255084cca0f8d02e5ad09f36c0965423" />
    <property name="node.executable" value="node" />
    <property name="sun.boot.library.path" value="/usr/local/lib/jvm/openjdk11/lib" />
    <property name="sun.management.compiler" value="HotSpot 64-Bit Tiered Compilers" />
    <property name="java.awt.graphicsenv" value="sun.awt.X11GraphicsEnvironment" />
    <property name="env.GOPATH" value="/home/travis/gopath" />
    <property name="ptolemy.ptII.dir" value="/home/travis/build/icyphy/ptII" />
    <property name="env.USER" value="travis" />
    <property name="env.HISTFILESIZE" value="2000" />
    <property name="env.NVM_INC" value="/home/travis/.nvm/versions/node/v7.10.1/include/node" />
    <property name="timeout.longest" value="19000000" />
    <property name="env.PERLBREW_SHELLRC_VERSION" value="0.88" />
    <property name="env.TRAVIS_STACK_FEATURES" value="basic couchdb disabled-ipv6 docker docker-compose elasticsearch firefox go-toolchain google-chrome jdk memcached mongodb mysql nodejs_interpreter perl_interpreter perlbrew phantomjs postgresql python_interpreter redis ruby_interpreter sqlite xserver" />
    <property name="env.TRAVIS_PULL_REQUEST" value="false" />
    <property name="env.PYENV_SHELL" value="bash" />
    <property name="ant.project.name" value="ptII" />
    <property name="env.ANSI_RESET" value="\033[0m" />
    <property name="java.vm.specification.version" value="11" />
    <property name="env.TRAVIS_DIST" value="xenial" />
    <property name="env.CERTI_VERSION" value="4.0.0" />
    <property name="env.CERTI_HOST" value="localhost" />
    <property name="awt.toolkit" value="sun.awt.X11.XToolkit" />
    <property name="env.MY_RUBY_HOME" value="/home/travis/.rvm/rubies/ruby-2.5.3" />
    <property name="sun.cpu.isalist" value="" />
    <property name="env.TRAVIS_TMPDIR" value="/tmp/tmp.zmfhAtirZ7" />
    <property name="java.vm.compressedOopsMode" value="Zero based" />
    <property name="os.version" value="4.15.0-1077-gcp" />
    <property name="user.home" value="/home/travis" />
    <property name="java.vm.vendor" value="Oracle Corporation" />
    <property name="env.TRAVIS_TAG" value="nightly" />
    <property name="env.ANSI_YELLOW" value="\033[33;1m" />
    <property name="env.TRAVIS_FILTERED" value="redirect_io" />
    <property name="env.ANSI_GREEN" value="\033[32;1m" />
    <property name="env.JAVA_HOME" value="/usr/local/lib/jvm/openjdk11" />
    <property name="javadoc.excludepackagenames" value="adm.cvs2svn.*,build.*,config.*,doc.coding.templates.*,jni.test.jni.meaningOfLife.*,jni.test.jni.testDeux.*,jni.test.jni.testTrois.*,org.terraswarm.accessor.accessors.web.node_modules.*,org.terraswarm.accessor.accessors.web.hosts.cordova.demo.*,org.terraswarm.accessor.accessors.web.hosts.cordova.plugins.*,org.terraswarm.accessor.accessors-svn.*,pt-modules.*,ptolemy.apps.agilent.*,ptolemy.apps.anytimecontrol.*,ptolemy.apps.apes.*,ptolemy.apps.charon.*,ptolemy.apps.crazyboard.*,ptolemy.apps.eclipse.*,ptolemy.apps.etherealSting.*,ptolemy.apps.fullscreen.*,ptolemy.apps.giotto.*,ptolemy.apps.ia.*,ptolemy.apps.interfaces.*,ptolemy.apps.jmf.*,ptolemy.apps.kurt.*,ptolemy.apps.kvm.*,ptolemy.apps.lego.*,ptolemy.apps.lejos.*,ptolemy.apps.midp.*,ptolemy.apps.mobileCoding.*,ptolemy.apps.pendulum.*,ptolemy.apps.rijndael.*,ptolemy.apps.robot.*,ptolemy.apps.security.*,ptolemy.apps.sobel.*,ptolemy.apps.soot.*,ptolemy.apps.throttle.*,ptolemy.apps.tini.*,ptolemy.apps.transmission.*,ptolemy.apps.vergil.*,ptolemy.apps.waba.*,ptolemy.apps.websensor.*,ptolemy.apps.webstart.*,ptolemy.apps.xsl.*,ptolemy.apps.zaurus.*,ptolemy.codegen.c.actor.lib.oldJavaFiles.*,ptolemy.codegen.dsp.lib.*,ptolemy.codegen.kernel.newInterfaces.*,ptolemy.codegen.lib.*,ptolemy.copernicus.kernel.fragment.*,ptolemy.copernicus.shallow.cg.*,ptolemy.domains.giotto.demo.Hierarchy.Hierarchy.*,ptolemy.domains.giotto.demo.Multimode.Multimode.*,ptolemy.domains.giotto.demo.Simple.Simple.*,ptolemy.domains.gr.lib.experimental.*,ptolemy.domains.gro.*,ptolemy.domains.pdf.*,ptolemy.domains.ptinyos.demo.Surge.output.*,ptolemy.moml.test.NoPackageActor.java*,ptolemy.plot.adm.*,ptolemy.plot.servlet.*,reports.*,signed.*,src.*,target.*,vendors.*,ptolemy.copernicus.applet.*,ptolemy.media.viewer.*,ptolemy.actor.corba.*,doc.doclets.*,ptolemy.apps.eclipse.awt.*,ptolemy.backtrack.*,ptolemy.backtrack.ast.*,ptolemy.cg.adapter.generic.program.procedural.c.mbed*,ptolemy.homer.*,ptolemy.actor.lib.jai.*,org.ptolemy.scala.*,diva.util.java2d.svg.*,ptolemy.domains.ptinyos.*,ptolemy.actor.lib.fmi.fmipp.*,,org.terraswarm.accessor.accessors.web.node_modules.*,org.terraswarm.accessor.accessors-svn,ptolemy.apps.*,ptolemy.actor.ptalon.demo.ptinyos.SendAndReceiveCnt.output,ptolemy.actor.ptalon.demo.ptinyos.SenseToLeds.output,ptolemy.domains.ptinyos.demo.CntToLedsAndRfm.output,ptolemy.domains.ptinyos.demo.RfmToLeds.output,ptolemy.domains.ptinyos.demo.SendAndReceiveCnt.output,ptolemy.domains.ptinyos.demo.SenseToLeds.output,ptolemy.actor.lib.jjs.modules.udpSocket.*" />
    <property name="env.PTII" value="/home/travis/build/icyphy/ptII" />
    <property name="env.XDG_SESSION_ID" value="2" />
    <property name="keystore" value="ptKeystore" />
    <property name="env.TRAVIS_COMMIT_MESSAGE" value="Exclude org/hlacerti/newModels1516e/VariableArrayPTIIJavaFed" />
    <property name="junit.output.dir" value="/home/travis/build/icyphy/ptII/reports/junit" />
    <property name="npm.return.code" value="0" />
    <property name="user.dir" value="/home/travis/build/icyphy/ptII/ptolemy/domains/de/test" />
    <property name="env.TRAVIS_NODE_VERSION" value="7" />
    <property name="env.TRAVIS_EVENT_TYPE" value="cron" />
    <property name="env.MAIL" value="/var/mail/travis" />
    <property name="env.PERLBREW_ROOT" value="/home/travis/perl5/perlbrew" />
    <property name="env.PWD" value="/home/travis/build/icyphy/ptII" />
    <property name="timeout.npm" value="45000" />
    <property name="env.PT_TRAVIS_TEST_CORE2_XML" value="true" />
    <property name="env.TRAVIS_ARCH" value="amd64" />
    <property name="sun.cpu.endian" value="little" />
    <property name="env.PAGER" value="cat" />
    <property name="env.TRAVIS_BUILD_STAGE_NAME" value="test" />
    <property name="env.PERLBREW_HOME" value="/home/travis/.perlbrew" />
    <property name="java.vm.version" value="11.0.2+9" />
    <property name="env.RAILS_ENV" value="test" />
    <property name="java.class.path" value="/home/travis/build/icyphy/ptII:/home/travis/build/icyphy/ptII/lib/bsh-2.0b4.jar:/home/travis/build/icyphy/ptII/lib/ptCal.jar:/home/travis/build/icyphy/ptII/lib/java_cup.jar:/home/travis/build/icyphy/ptII/lib/saxon8.jar:/home/travis/build/icyphy/ptII/lib/saxon8-dom.jar:/home/travis/build/icyphy/ptII/lib/chic.jar:/home/travis/build/icyphy/ptII/lib/ptcolt.jar:/home/travis/build/icyphy/ptII/vendors/misc/itext/iText.jar:/home/travis/build/icyphy/ptII/lib/g4ltl.jar:/home/travis/build/icyphy/ptII/lib/StructuralCoder.jar:/home/travis/build/icyphy/ptII/lib/jcerti.jar:/home/travis/build/icyphy/ptII/lib/javax.mail.jar:/home/travis/build/icyphy/ptII/vendors/JMF-2.1.1e/lib/jmf.jar:/home/travis/build/icyphy/ptII/lib/jna-4.0.0-variadic.jar:/home/travis/build/icyphy/ptII/vendors/misc/joystick/Joystick.jar:/home/travis/build/icyphy/ptII/lib/ptjacl.jar:/home/travis/build/icyphy/ptII/lib/jsoup-1.8.2.jar:/home/travis/build/icyphy/ptII/lib/junit-4.8.2.jar:/home/travis/build/icyphy/ptII/lib/JUnitParams-0.4.0.jar:/home/travis/build/icyphy/ptII/ptolemy/actor/lib/excel/jxl.jar:/home/travis/build/icyphy/ptII/lib/jython.jar:/home/travis/build/icyphy/ptII/lib/kieler.jar:/home/travis/build/icyphy/ptII/vendors/opencv/share/OpenCV/java/opencv-341.jar:/home/travis/build/icyphy/ptII/lib/oscP5.jar:/home/travis/build/icyphy/ptII/lib/nrjavaserial-3.11.0.devel.jar:/home/travis/build/icyphy/ptII/vendors/j3d/lib/Linux/j3dcore.jar:/home/travis/build/icyphy/ptII/vendors/j3d/lib/Linux/j3dutils.jar:/home/travis/build/icyphy/ptII/vendors/j3d/lib/Linux/vecmath.jar:/home/travis/build/icyphy/ptII/vendors/jogl/lib/Linux/gluegen-rt-natives-linux-amd64.jar:/home/travis/build/icyphy/ptII/vendors/jogl/lib/Linux/gluegen-rt.jar:/home/travis/build/icyphy/ptII/vendors/jogl/lib/Linux/jogl-all-natives-linux-amd64.jar:/home/travis/build/icyphy/ptII/vendors/jogl/lib/Linux/jogl-all.jar:/home/travis/build/icyphy/ptII/ptolemy/distributed/jini/jar/jini-core.jar:/home/travis/build/icyphy/ptII/ptolemy/distributed/jini/jar/jini-ext.jar:/home/travis/build/icyphy/ptII/ptolemy/distributed/jini/jar/sun-util.jar:/home/travis/build/icyphy/ptII/lib/protobuf-java-2.4.1.jar:/home/travis/build/icyphy/ptII/lib/org.eclipse.paho.client.mqttv3.jar:/home/travis/build/icyphy/ptII/lib/mapss.jar:/home/travis/build/icyphy/ptII/ptolemy/actor/ptalon/antlr/antlr.jar:/home/travis/build/icyphy/ptII/lib/JRI.jar:/home/travis/build/icyphy/ptII/lib/commons-lang-2.6.jar:/home/travis/build/icyphy/ptII/lib/commons-logging-1.1.1.jar:/home/travis/build/icyphy/ptII/lib/sootclasses.jar:/home/travis/build/icyphy/ptII/ptolemy/actor/lib/database/mysql-connector-java-5.1.6-bin.jar:/home/travis/build/icyphy/ptII/vendors/misc/sphinx4/sphinx4-data-5prealpha.jar:/home/travis/build/icyphy/ptII/vendors/misc/sphinx4/sphinx4-core-5prealpha.jar:/home/travis/build/icyphy/ptII/lib/PDFRenderer.jar:/home/travis/build/icyphy/ptII/lib/svgSalamander.jar:/home/travis/build/icyphy/ptII/lib/rsyntaxtextarea-2.6.0-SNAPSHOT.jar:/home/travis/build/icyphy/ptII/lib/hazelcast-3.8.2.jar:/home/travis/build/icyphy/ptII/lib/jackson-annotations-2.9.0.jar:/home/travis/build/icyphy/ptII/lib/jackson-core-2.9.3.jar:/home/travis/build/icyphy/ptII/lib/jackson-databind-2.9.3.jar:/home/travis/build/icyphy/ptII/lib/netty-buffer-4.1.19.Final.jar:/home/travis/build/icyphy/ptII/lib/netty-codec-4.1.19.Final.jar:/home/travis/build/icyphy/ptII/lib/netty-codec-dns-4.1.19.Final.jar:/home/travis/build/icyphy/ptII/lib/netty-codec-http-4.1.19.Final.jar:/home/travis/build/icyphy/ptII/lib/netty-codec-http2-4.1.19.Final.jar:/home/travis/build/icyphy/ptII/lib/netty-common-4.1.19.Final.jar:/home/travis/build/icyphy/ptII/lib/netty-handler-4.1.19.Final.jar:/home/travis/build/icyphy/ptII/lib/netty-resolver-4.1.19.Final.jar:/home/travis/build/icyphy/ptII/lib/netty-resolver-dns-4.1.19.Final.jar:/home/travis/build/icyphy/ptII/lib/netty-transport-4.1.19.Final.jar:/home/travis/build/icyphy/ptII/lib/vertx-codegen-3.5.1.jar:/home/travis/build/icyphy/ptII/lib/vertx-core-3.5.2-SNAPSHOT.jar:/home/travis/build/icyphy/ptII/lib/vertx-hazelcast-3.5.1.jar:/home/travis/build/icyphy/ptII/lib/vertx-lang-js-3.5.1.jar:/home/travis/build/icyphy/ptII/lib/vertx-service-proxy-3.5.1.jar:/home/travis/build/icyphy/ptII/lib/vertx-web-3.5.1.jar:/home/travis/build/icyphy/ptII/lib/slf4j-api-1.7.13.jar:/home/travis/build/icyphy/ptII/lib/slf4j-simple-1.7.13.jar:/home/travis/build/icyphy/ptII/lib/webcam-capture-0.3.12.jar:/home/travis/build/icyphy/ptII/lib/bridj-0.7.0.jar:/home/travis/build/icyphy/ptII/lib/xbjlib-1.1.0.nrjavaserial.jar:/home/travis/build/icyphy/ptII/ptolemy/moml/test:/home/travis/build/icyphy/ptII/ant/lib/ant-launcher.jar:/home/travis/build/icyphy/ptII/ant/lib/ant.jar:/home/travis/build/icyphy/ptII/ant/lib/ant-junit.jar:/home/travis/build/icyphy/ptII/ant/lib/ant-junit4.jar" />
    <property name="ant.library.dir" value="/home/travis/build/icyphy/ptII/ant/lib" />
    <property name="os.arch" value="amd64" />
    <property name="env.CONTINUOUS_INTEGRATION" value="true" />
    <property name="env.TRAVIS_LANGUAGE" value="node_js" />
    <property name="env.TRAVIS_STACK_LANGUAGES" value="__sardonyx__ c c++ clojure cplusplus cpp default generic go groovy java node_js php pure_java python ruby scala" />
    <property name="test.name" value="ptolemy.actor.lib.test.junit.JUnitTclTest" />
    <property name="env.APT_KEY_DONT_WARN_ON_DANGEROUS_USAGE" value="1" />
    <property name="sun.java.launcher" value="SUN_STANDARD" />
    <property name="env.PYTHON_CONFIGURE_OPTS" value="--enable-unicode=ucs4 --with-wide-unicode --enable-shared --enable-ipv6 --enable-loadable-sqlite-extensions --with-computed-gotos" />
    <property name="ant.core.lib" value="/home/travis/build/icyphy/ptII/ant/lib/ant.jar" />
    <property name="java.vm.specification.vendor" value="Oracle Corporation" />
    <property name="env.BCVTB_HOME" value="/home/travis/build/icyphy/ptII/lbnl" />
    <property name="file.separator" value="/" />
    <property name="spotbugs.home" value="/home/travis/build/icyphy/ptII/vendors/spotbugs-3.1.1" />
    <property name="java.runtime.version" value="11.0.2+9" />
    <property name="javafx.verbose" value="true" />
    <property name="env.ANSI_CLEAR" value="\033[0K" />
    <property name="env.HAS_JOSH_K_SEAL_OF_APPROVAL" value="true" />
    <property name="env.XDG_RUNTIME_DIR" value="/run/user/2000" />
    <property name="env.TRAVIS_OSX_IMAGE" value="" />
    <property name="env.TRAVIS_JOB_ID" value="730294668" />
    <property name="env.TRAVIS_BRANCH" value="master" />
    <property name="user.country" value="US" />
    <property name="env.CERTI_HOME_TRAVIS" value="/home/travis/pthla/certi-tools" />
    <property name="env.SHELL" value="/bin/bash" />
    <property name="java.maxmemory.large" value="3200m" />
    <property name="model" value="" />
    <property name="env.CASHER_DIR" value="/home/travis/.casher" />
    <property name="env.NVM_CD_FLAGS" value="" />
    <property name="java.vendor.version" value="18.9" />
    <property name="jshint.executable" value="/home/travis/node_modules/jshint/bin/jshint" />
    <property name="env.JRUBY_OPTS" value=" --client -J-XX:+TieredCompilation -J-XX:TieredStopAtLevel=1 -J-Xss2m -Xcompile.invokedynamic=false" />
    <property name="java.vendor" value="Oracle Corporation" />
    <property name="env.TRAVIS_PRE_CHEF_BOOTSTRAP_TIME" value="2020-06-24T13:13:03" />
    <property name="env.TRAVIS_STACK_JOB_BOARD_REGISTER" value="/.job-board-register.yml" />
    <property name="env.ANSI_RED" value="\033[31;1m" />
    <property name="java.specification.version" value="11" />
    <property name="env.IRBRC" value="/home/travis/.rvm/rubies/ruby-2.5.3/.irbrc" />
    <property name="env.TRAVIS" value="true" />
    <property name="sun.arch.data.model" value="64" />
  </properties>
  <testcase classname="ptolemy.util.test.junit.TclTests" name="[0] /home/travis/build/icyphy/ptII/ptolemy/domains/de/test/DependencyLoop.tcl (RunTclFile)" time="1.113" />
  <testcase classname="ptolemy.util.test.junit.TclTests" name="[1] /home/travis/build/icyphy/ptII/ptolemy/domains/de/test/RunDETestsAsQSS.tcl (RunTclFile)" time="83.481" />
  <testcase classname="ptolemy.util.test.junit.AutoKnownFailedTests" name="[0] /home/travis/build/icyphy/ptII/ptolemy/domains/de/test/auto/knownFailedTests/DESDFClockTest.xml (RunModel)" time="2.037" />
  <testcase classname="ptolemy.util.test.junit.AutoKnownFailedTests" name="[1] /home/travis/build/icyphy/ptII/ptolemy/domains/de/test/auto/knownFailedTests/DirectFeedback.xml (RunModel)" time="0.017" />
  <testcase classname="ptolemy.util.test.junit.AutoKnownFailedTests" name="[2] /home/travis/build/icyphy/ptII/ptolemy/domains/de/test/auto/knownFailedTests/FSMSource.xml (RunModel)" time="0.033" />
  <testcase classname="ptolemy.util.test.junit.AutoKnownFailedTests" name="[3] /home/travis/build/icyphy/ptII/ptolemy/domains/de/test/auto/knownFailedTests/HierarchicalModel.xml (RunModel)" time="0.043" />
  <testcase classname="ptolemy.util.test.junit.AutoKnownFailedTests" name="[4] /home/travis/build/icyphy/ptII/ptolemy/domains/de/test/auto/knownFailedTests/dependencyLoop.xml (RunModel)" time="0.042" />
  <testcase classname="ptolemy.util.test.junit.AutoKnownFailedTests" name="[5] /home/travis/build/icyphy/ptII/ptolemy/domains/de/test/auto/knownFailedTests/dependencyLoop2.xml (RunModel)" time="0.047" />
  <testcase classname="ptolemy.util.test.junit.AutoNameArchTests" name="[0] ThereAreNoAutoArchTests (RunModel)" time="0.002" />
  <testcase classname="ptolemy.util.test.junit.AutoTests" name="[0] /home/travis/build/icyphy/ptII/ptolemy/domains/de/test/auto/ActorDepthCalculation_actorWithoutPorts.xml (RunModel)" time="0.025" />
  <testcase classname="ptolemy.util.test.junit.AutoTests" name="[1] /home/travis/build/icyphy/ptII/ptolemy/domains/de/test/auto/AssemblyLine.xml (RunModel)" time="0.022" />
  <testcase classname="ptolemy.util.test.junit.AutoTests" name="[2] /home/travis/build/icyphy/ptII/ptolemy/domains/de/test/auto/CQBug1.xml (RunModel)" time="0.01" />
  <testcase classname="ptolemy.util.test.junit.AutoTests" name="[3] /home/travis/build/icyphy/ptII/ptolemy/domains/de/test/auto/CancelFireAt.xml (RunModel)" time="0.014" />
  <testcase classname="ptolemy.util.test.junit.AutoTests" name="[4] /home/travis/build/icyphy/ptII/ptolemy/domains/de/test/auto/CausalityAndComposabilityAnalysis.xml (RunModel)" time="0.014" />
  <testcase classname="ptolemy.util.test.junit.AutoTests" name="[5] /home/travis/build/icyphy/ptII/ptolemy/domains/de/test/auto/CausalityInterface1.xml (RunModel)" time="0.014" />
  <testcase classname="ptolemy.util.test.junit.AutoTests" name="[6] /home/travis/build/icyphy/ptII/ptolemy/domains/de/test/auto/CausalityInterface15.xml (RunModel)" time="0.017" />
  <testcase classname="ptolemy.util.test.junit.AutoTests" name="[7] /home/travis/build/icyphy/ptII/ptolemy/domains/de/test/auto/CausalityInterface2.xml (RunModel)" time="0.016" />
  <testcase classname="ptolemy.util.test.junit.AutoTests" name="[8] /home/travis/build/icyphy/ptII/ptolemy/domains/de/test/auto/CausalityInterface3.xml (RunModel)" time="0.012" />
  <testcase classname="ptolemy.util.test.junit.AutoTests" name="[9] /home/travis/build/icyphy/ptII/ptolemy/domains/de/test/auto/ClockDrift.xml (RunModel)" time="0.041" />
  <testcase classname="ptolemy.util.test.junit.AutoTests" name="[10] /home/travis/build/icyphy/ptII/ptolemy/domains/de/test/auto/ClockDriftAndValueChange.xml (RunModel)" time="0.035" />
  <testcase classname="ptolemy.util.test.junit.AutoTests" name="[11] /home/travis/build/icyphy/ptII/ptolemy/domains/de/test/auto/ClockDriftChange.xml (RunModel)" time="0.032" />
  <testcase classname="ptolemy.util.test.junit.AutoTests" name="[12] /home/travis/build/icyphy/ptII/ptolemy/domains/de/test/auto/ComposableCausalityAnalysis.xml (RunModel)" time="0.014" />
  <testcase classname="ptolemy.util.test.junit.AutoTests" name="[13] /home/travis/build/icyphy/ptII/ptolemy/domains/de/test/auto/DEFixedPointLimitation.xml (RunModel)" time="0.015" />
  <testcase classname="ptolemy.util.test.junit.AutoTests" name="[14] /home/travis/build/icyphy/ptII/ptolemy/domains/de/test/auto/DEScheduleTest.xml (RunModel)" time="0.02" />
  <testcase classname="ptolemy.util.test.junit.AutoTests" name="[15] /home/travis/build/icyphy/ptII/ptolemy/domains/de/test/auto/DEinDEwithStartTimes.xml (RunModel)" time="0.015" />
  <testcase classname="ptolemy.util.test.junit.AutoTests" name="[16] /home/travis/build/icyphy/ptII/ptolemy/domains/de/test/auto/DEinDEwithStartTimes2.xml (RunModel)" time="0.022" />
  <testcase classname="ptolemy.util.test.junit.AutoTests" name="[17] /home/travis/build/icyphy/ptII/ptolemy/domains/de/test/auto/DateDemo.xml (RunModel)" time="0.034" />
  <testcase classname="ptolemy.util.test.junit.AutoTests" name="[18] /home/travis/build/icyphy/ptII/ptolemy/domains/de/test/auto/DateToEvent.xml (RunModel)" time="2.041" />
  <testcase classname="ptolemy.util.test.junit.AutoTests" name="[19] /home/travis/build/icyphy/ptII/ptolemy/domains/de/test/auto/DepthTest1.xml (RunModel)" time="0.012" />
  <testcase classname="ptolemy.util.test.junit.AutoTests" name="[20] /home/travis/build/icyphy/ptII/ptolemy/domains/de/test/auto/DepthTest2.xml (RunModel)" time="0.022" />
  <testcase classname="ptolemy.util.test.junit.AutoTests" name="[21] /home/travis/build/icyphy/ptII/ptolemy/domains/de/test/auto/DepthTest3.xml (RunModel)" time="0.009" />
  <testcase classname="ptolemy.util.test.junit.AutoTests" name="[22] /home/travis/build/icyphy/ptII/ptolemy/domains/de/test/auto/DepthTest4.xml (RunModel)" time="0.021" />
  <testcase classname="ptolemy.util.test.junit.AutoTests" name="[23] /home/travis/build/icyphy/ptII/ptolemy/domains/de/test/auto/DepthTest5.xml (RunModel)" time="0.025" />
  <testcase classname="ptolemy.util.test.junit.AutoTests" name="[24] /home/travis/build/icyphy/ptII/ptolemy/domains/de/test/auto/DepthTest6.xml (RunModel)" time="0.019" />
  <testcase classname="ptolemy.util.test.junit.AutoTests" name="[25] /home/travis/build/icyphy/ptII/ptolemy/domains/de/test/auto/DepthTest7.xml (RunModel)" time="0.014" />
  <testcase classname="ptolemy.util.test.junit.AutoTests" name="[26] /home/travis/build/icyphy/ptII/ptolemy/domains/de/test/auto/EventToDate.xml (RunModel)" time="3.041" />
  <testcase classname="ptolemy.util.test.junit.AutoTests" name="[27] /home/travis/build/icyphy/ptII/ptolemy/domains/de/test/auto/FSM1.xml (RunModel)" time="0.049" />
  <testcase classname="ptolemy.util.test.junit.AutoTests" name="[28] /home/travis/build/icyphy/ptII/ptolemy/domains/de/test/auto/FSM7.xml (RunModel)" time="0.044" />
  <testcase classname="ptolemy.util.test.junit.AutoTests" name="[29] /home/travis/build/icyphy/ptII/ptolemy/domains/de/test/auto/Inspection.xml (RunModel)" time="0.037" />
  <testcase classname="ptolemy.util.test.junit.AutoTests" name="[30] /home/travis/build/icyphy/ptII/ptolemy/domains/de/test/auto/Iteration.xml (RunModel)" time="0.026" />
  <testcase classname="ptolemy.util.test.junit.AutoTests" name="[31] /home/travis/build/icyphy/ptII/ptolemy/domains/de/test/auto/LineFault.xml (RunModel)" time="0.497" />
  <testcase classname="ptolemy.util.test.junit.AutoTests" name="[32] /home/travis/build/icyphy/ptII/ptolemy/domains/de/test/auto/MergeModel1Add.xml (RunModel)" time="0.052" />
  <testcase classname="ptolemy.util.test.junit.AutoTests" name="[33] /home/travis/build/icyphy/ptII/ptolemy/domains/de/test/auto/MergeModel2Add.xml (RunModel)" time="0.033" />
  <testcase classname="ptolemy.util.test.junit.AutoTests" name="[34] /home/travis/build/icyphy/ptII/ptolemy/domains/de/test/auto/MergeModel3Add.xml (RunModel)" time="0.042" />
  <testcase classname="ptolemy.util.test.junit.AutoTests" name="[35] /home/travis/build/icyphy/ptII/ptolemy/domains/de/test/auto/MergeWithoutDiscard.xml (RunModel)" time="0.011" />
  <testcase classname="ptolemy.util.test.junit.AutoTests" name="[36] /home/travis/build/icyphy/ptII/ptolemy/domains/de/test/auto/Modal1.xml (RunModel)" time="0.036" />
  <testcase classname="ptolemy.util.test.junit.AutoTests" name="[37] /home/travis/build/icyphy/ptII/ptolemy/domains/de/test/auto/Modal2.xml (RunModel)" time="0.025" />
  <testcase classname="ptolemy.util.test.junit.AutoTests" name="[38] /home/travis/build/icyphy/ptII/ptolemy/domains/de/test/auto/Modal3.xml (RunModel)" time="0.028" />
  <testcase classname="ptolemy.util.test.junit.AutoTests" name="[39] /home/travis/build/icyphy/ptII/ptolemy/domains/de/test/auto/Modal4.xml (RunModel)" time="0.035" />
  <testcase classname="ptolemy.util.test.junit.AutoTests" name="[40] /home/travis/build/icyphy/ptII/ptolemy/domains/de/test/auto/Modal5.xml (RunModel)" time="0.034" />
  <testcase classname="ptolemy.util.test.junit.AutoTests" name="[41] /home/travis/build/icyphy/ptII/ptolemy/domains/de/test/auto/Modal6.xml (RunModel)" time="0.025" />
  <testcase classname="ptolemy.util.test.junit.AutoTests" name="[42] /home/travis/build/icyphy/ptII/ptolemy/domains/de/test/auto/Modal7.xml (RunModel)" time="0.034" />
  <testcase classname="ptolemy.util.test.junit.AutoTests" name="[43] /home/travis/build/icyphy/ptII/ptolemy/domains/de/test/auto/ModalModel.xml (RunModel)" time="0.168" />
  <testcase classname="ptolemy.util.test.junit.AutoTests" name="[44] /home/travis/build/icyphy/ptII/ptolemy/domains/de/test/auto/ModalSource.xml (RunModel)" time="0.017" />
  <testcase classname="ptolemy.util.test.junit.AutoTests" name="[45] /home/travis/build/icyphy/ptII/ptolemy/domains/de/test/auto/NonInterruptibleTimerZeroDelay.xml (RunModel)" time="0.009" />
  <testcase classname="ptolemy.util.test.junit.AutoTests" name="[46] /home/travis/build/icyphy/ptII/ptolemy/domains/de/test/auto/OpenQueueingNetwork.xml (RunModel)" time="2.203" />
  <testcase classname="ptolemy.util.test.junit.AutoTests" name="[47] /home/travis/build/icyphy/ptII/ptolemy/domains/de/test/auto/OpenQueuingNetwork.xml (RunModel)" time="0.279" />
  <testcase classname="ptolemy.util.test.junit.AutoTests" name="[48] /home/travis/build/icyphy/ptII/ptolemy/domains/de/test/auto/PeriodicSampler.xml (RunModel)" time="0.009" />
  <testcase classname="ptolemy.util.test.junit.AutoTests" name="[49] /home/travis/build/icyphy/ptII/ptolemy/domains/de/test/auto/PersistentIO.xml (RunModel)" time="0.019" />
  <testcase classname="ptolemy.util.test.junit.AutoTests" name="[50] /home/travis/build/icyphy/ptII/ptolemy/domains/de/test/auto/PortParameterResetOnInitialize.xml (RunModel)" time="0.01" />
  <testcase classname="ptolemy.util.test.junit.AutoTests" name="[51] /home/travis/build/icyphy/ptII/ptolemy/domains/de/test/auto/PortParameterUpdates.xml (RunModel)" time="0.015" />
  <testcase classname="ptolemy.util.test.junit.AutoTests" name="[52] /home/travis/build/icyphy/ptII/ptolemy/domains/de/test/auto/QueueAndServer.xml (RunModel)" time="0.021" />
  <testcase classname="ptolemy.util.test.junit.AutoTests" name="[53] /home/travis/build/icyphy/ptII/ptolemy/domains/de/test/auto/Records.xml (RunModel)" time="0.016" />
  <testcase classname="ptolemy.util.test.junit.AutoTests" name="[54] /home/travis/build/icyphy/ptII/ptolemy/domains/de/test/auto/ResetTransitionWithStartTime1.xml (RunModel)" time="0.022" />
  <testcase classname="ptolemy.util.test.junit.AutoTests" name="[55] /home/travis/build/icyphy/ptII/ptolemy/domains/de/test/auto/ResetTransitionWithStartTime2.xml (RunModel)" time="0.02" />
  <testcase classname="ptolemy.util.test.junit.AutoTests" name="[56] /home/travis/build/icyphy/ptII/ptolemy/domains/de/test/auto/ResetTransitionWithStartTime3.xml (RunModel)" time="0.021" />
  <testcase classname="ptolemy.util.test.junit.AutoTests" name="[57] /home/travis/build/icyphy/ptII/ptolemy/domains/de/test/auto/ResetTransitionWithStartTime4.xml (RunModel)" time="0.018" />
  <testcase classname="ptolemy.util.test.junit.AutoTests" name="[58] /home/travis/build/icyphy/ptII/ptolemy/domains/de/test/auto/ResettableTimer1.xml (RunModel)" time="0.012" />
  <testcase classname="ptolemy.util.test.junit.AutoTests" name="[59] /home/travis/build/icyphy/ptII/ptolemy/domains/de/test/auto/ResettableTimer2.xml (RunModel)" time="0.011" />
  <testcase classname="ptolemy.util.test.junit.AutoTests" name="[60] /home/travis/build/icyphy/ptII/ptolemy/domains/de/test/auto/ResettableTimer3.xml (RunModel)" time="0.011" />
  <testcase classname="ptolemy.util.test.junit.AutoTests" name="[61] /home/travis/build/icyphy/ptII/ptolemy/domains/de/test/auto/ResettableTimer4.xml (RunModel)" time="0.01" />
  <testcase classname="ptolemy.util.test.junit.AutoTests" name="[62] /home/travis/build/icyphy/ptII/ptolemy/domains/de/test/auto/ResettableTimer5.xml (RunModel)" time="0.01" />
  <testcase classname="ptolemy.util.test.junit.AutoTests" name="[63] /home/travis/build/icyphy/ptII/ptolemy/domains/de/test/auto/ResettableTimer6.xml (RunModel)" time="0.016" />
  <testcase classname="ptolemy.util.test.junit.AutoTests" name="[64] /home/travis/build/icyphy/ptII/ptolemy/domains/de/test/auto/ServerZeroDelay.xml (RunModel)" time="0.01" />
  <testcase classname="ptolemy.util.test.junit.AutoTests" name="[65] /home/travis/build/icyphy/ptII/ptolemy/domains/de/test/auto/SmartSender.xml (RunModel)" time="3.009" />
  <testcase classname="ptolemy.util.test.junit.AutoTests" name="[66] /home/travis/build/icyphy/ptII/ptolemy/domains/de/test/auto/ThreadedComposite.xml (RunModel)" time="0.131" />
  <testcase classname="ptolemy.util.test.junit.AutoTests" name="[67] /home/travis/build/icyphy/ptII/ptolemy/domains/de/test/auto/Time.xml (RunModel)" time="0.354" />
  <testcase classname="ptolemy.util.test.junit.AutoTests" name="[68] /home/travis/build/icyphy/ptII/ptolemy/domains/de/test/auto/TimeDelayZeroDelay.xml (RunModel)" time="0.017" />
  <testcase classname="ptolemy.util.test.junit.AutoTests" name="[69] /home/travis/build/icyphy/ptII/ptolemy/domains/de/test/auto/TimerZeroDelay.xml (RunModel)" time="0.009" />
  <testcase classname="ptolemy.util.test.junit.AutoTests" name="[70] /home/travis/build/icyphy/ptII/ptolemy/domains/de/test/auto/TimingParadox.xml (RunModel)" time="0.303" />
  <testcase classname="ptolemy.util.test.junit.AutoTests" name="[71] /home/travis/build/icyphy/ptII/ptolemy/domains/de/test/auto/TransferInputs.xml (RunModel)" time="0.009" />
  <testcase classname="ptolemy.util.test.junit.AutoTests" name="[72] /home/travis/build/icyphy/ptII/ptolemy/domains/de/test/auto/TransferOutputs2.xml (RunModel)" time="0.016" />
  <testcase classname="ptolemy.util.test.junit.AutoTests" name="[73] /home/travis/build/icyphy/ptII/ptolemy/domains/de/test/auto/Trilateration.xml (RunModel)" time="10.292" />
  <testcase classname="ptolemy.util.test.junit.AutoTests" name="[74] /home/travis/build/icyphy/ptII/ptolemy/domains/de/test/auto/TwoSigmaDelta.xml (RunModel)" time="1.941" />
  <testcase classname="ptolemy.util.test.junit.AutoTests" name="[75] /home/travis/build/icyphy/ptII/ptolemy/domains/de/test/auto/VariableDelay.xml (RunModel)" time="0.017" />
  <testcase classname="ptolemy.util.test.junit.AutoTests" name="[76] /home/travis/build/icyphy/ptII/ptolemy/domains/de/test/auto/VariableDelay2.xml (RunModel)" time="0.009" />
  <testcase classname="ptolemy.util.test.junit.AutoTests" name="[77] /home/travis/build/icyphy/ptII/ptolemy/domains/de/test/auto/VariableDelayZeroDelay.xml (RunModel)" time="0.012" />
  <testcase classname="ptolemy.util.test.junit.AutoTests" name="[78] /home/travis/build/icyphy/ptII/ptolemy/domains/de/test/auto/VariableDelayZeroDelay2.xml (RunModel)" time="0.019" />
  <testcase classname="ptolemy.util.test.junit.AutoTests" name="[79] /home/travis/build/icyphy/ptII/ptolemy/domains/de/test/auto/deInCt.xml (RunModel)" time="0.015" />
  <testcase classname="ptolemy.util.test.junit.AutoTests" name="[80] /home/travis/build/icyphy/ptII/ptolemy/domains/de/test/auto/deInCt2.xml (RunModel)" time="0.014" />
  <testcase classname="ptolemy.util.test.junit.AutoTests" name="[81] /home/travis/build/icyphy/ptII/ptolemy/domains/de/test/auto/dynamicCausalityInterface1.xml (RunModel)" time="0.017" />
  <testcase classname="ptolemy.util.test.junit.AutoTests" name="[82] /home/travis/build/icyphy/ptII/ptolemy/domains/de/test/auto/fsm_de_test.xml (RunModel)" time="0.022" />
  <testcase classname="ptolemy.util.test.junit.AutoTests" name="[83] /home/travis/build/icyphy/ptII/ptolemy/domains/de/test/auto/functionDependencyReconstruction.xml (RunModel)" time="0.039" />
  <testcase classname="ptolemy.util.test.junit.AutoTests" name="[84] /home/travis/build/icyphy/ptII/ptolemy/domains/de/test/auto/multirate.xml (RunModel)" time="0.015" />
  <testcase classname="ptolemy.util.test.junit.AutoTests" name="[85] /home/travis/build/icyphy/ptII/ptolemy/domains/de/test/auto/multirate2.xml (RunModel)" time="0.014" />
  <testcase classname="ptolemy.util.test.junit.AutoTests" name="[86] /home/travis/build/icyphy/ptII/ptolemy/domains/de/test/auto/realtime.xml (RunModel)" time="10.01" />
  <testcase classname="ptolemy.util.test.junit.AutoTests" name="[87] /home/travis/build/icyphy/ptII/ptolemy/domains/de/test/auto/relationGroup.xml (RunModel)" time="0.008" />
  <testcase classname="ptolemy.util.test.junit.AutoTests" name="[88] /home/travis/build/icyphy/ptII/ptolemy/domains/de/test/auto/relationGroup2.xml (RunModel)" time="0.006" />
  <testcase classname="ptolemy.util.test.junit.AutoTests" name="[89] /home/travis/build/icyphy/ptII/ptolemy/domains/de/test/auto/sortWithOpaquePorts.xml (RunModel)" time="0.006" />
  <testcase classname="ptolemy.util.test.junit.AutoTests" name="[90] /home/travis/build/icyphy/ptII/ptolemy/domains/de/test/auto/transferInputsandOutputs.xml (RunModel)" time="0.036" />
  <testcase classname="ptolemy.util.test.junit.AutoTests" name="[91] /home/travis/build/icyphy/ptII/ptolemy/domains/de/test/auto/triggerType.xml (RunModel)" time="0.035" />
  <system-out><![CDATA[/home/travis/build/icyphy/ptII/ptolemy/domains/de/test/DependencyLoop.tcl
testDefs.tcl: setting time out to 9000 seconds at Fri Sep 25 16:18:09 UTC 2020
97 ms. Memory: 129024K Free: 78792K (61%)
25 ms. Memory: 129024K Free: 61384K (48%)
/home/travis/build/icyphy/ptII/ptolemy/domains/de/test/RunDETestsAsQSS.tcl
Run the DE tests using ptolemy.domains.qss.test.QSSDirectorTest, which extends QSSDirector and prints a message in the constructors.
------------------ testing $PTII/ptolemy/domains/de/test/auto/knownFailedTests/DirectFeedback.xml (Known Failure) 
36 ms. Memory: 129024K Free: 56264K (44%)


==== $PTIIhome/travis/build/icyphy/ptII/ptolemy/domains/de/test/../../../../: Auto Automatic test in file $PTII/ptolemy/domains/de/test/auto/knownFailedTests/DirectFeedback.xml
==== Contents of test case:

	    # FIXME: we should use $relativeFilename here, but it
	    # might have backslashes under Windows, which causes no end
	    # of trouble.
	    createAndExecute $file
	    list {}
	
.... Test generated KNOWN error:
    while executing
ptolemy.kernel.util.IllegalActionException: Test fails in iteration 1.
Value was: 1.0. Should have been: 2.0
  in .DirectFeedback.Test
	at ptolemy.actor.lib.Test.fire(Test.java:268)
	at ptolemy.domains.de.kernel.DEDirector._fire(DEDirector.java:1949)
	at ptolemy.domains.de.kernel.DEDirector.fire(DEDirector.java:502)
	at ptolemy.actor.CompositeActor.fire(CompositeActor.java:455)
	at ptolemy.actor.Manager.iterate(Manager.java:851)
	at ptolemy.actor.Manager.execute(Manager.java:369)
	at ptolemy.actor.Manager.run(Manager.java:1263)
	at ptolemy.actor.Manager$PtolemyRunThread.run(Manager.java:1933)

    while executing
ptolemy.kernel.util.IllegalActionException: Test fails in iteration 1.
Value was: 1.0. Should have been: 2.0
  in .DirectFeedback.Test
    while executing
"java::new ptolemy.moml.MoMLSimpleApplication $file
"
    (procedure "createAndExecute" line 2)
    invoked from within
"createAndExecute $file"
    ("uplevel" body line 5)
    invoked from within
"uplevel $contents_of_test"
------------------ testing $PTII/ptolemy/domains/de/test/auto/knownFailedTests/dependencyLoop.xml (Known Failure) 
16 ms. Memory: 129024K Free: 53192K (41%)


==== $PTIIhome/travis/build/icyphy/ptII/ptolemy/domains/de/test/../../../../: Auto Automatic test in file $PTII/ptolemy/domains/de/test/auto/knownFailedTests/dependencyLoop.xml
==== Contents of test case:

	    # FIXME: we should use $relativeFilename here, but it
	    # might have backslashes under Windows, which causes no end
	    # of trouble.
	    createAndExecute $file
	    list {}
	
.... Test generated KNOWN error:
    while executing
ptolemy.kernel.util.IllegalActionException: Found a zero delay loop containing .dependencyLoop.original
  in .dependencyLoop and .dependencyLoop.original
	at ptolemy.actor.util.CausalityInterfaceForComposites._computeOutputPortDepth(CausalityInterfaceForComposites.java:759)
	at ptolemy.actor.util.CausalityInterfaceForComposites._computeInputDepth(CausalityInterfaceForComposites.java:696)
	at ptolemy.actor.util.CausalityInterfaceForComposites._computeOutputPortDepth(CausalityInterfaceForComposites.java:765)
	at ptolemy.actor.util.CausalityInterfaceForComposites._computeInputDepth(CausalityInterfaceForComposites.java:696)
	at ptolemy.actor.util.CausalityInterfaceForComposites._computeOutputPortDepth(CausalityInterfaceForComposites.java:765)
	at ptolemy.actor.util.CausalityInterfaceForComposites._computeInputDepth(CausalityInterfaceForComposites.java:696)
	at ptolemy.actor.util.CausalityInterfaceForComposites._computeActorDepth(CausalityInterfaceForComposites.java:532)
	at ptolemy.actor.util.CausalityInterfaceForComposites.checkForCycles(CausalityInterfaceForComposites.java:96)
	at ptolemy.domains.de.kernel.DEDirector.preinitialize(DEDirector.java:1338)
	at ptolemy.actor.CompositeActor.preinitialize(CompositeActor.java:1828)
	at ptolemy.actor.Manager.preinitializeAndResolveTypes(Manager.java:1040)
	at ptolemy.actor.Manager.initialize(Manager.java:710)
	at ptolemy.actor.Manager.execute(Manager.java:356)
	at ptolemy.actor.Manager.run(Manager.java:1263)
	at ptolemy.actor.Manager$PtolemyRunThread.run(Manager.java:1933)

    while executing
ptolemy.kernel.util.IllegalActionException: Found a zero delay loop containing .dependencyLoop.original
  in .dependencyLoop and .dependencyLoop.original
    while executing
"java::new ptolemy.moml.MoMLSimpleApplication $file
"
    (procedure "createAndExecute" line 2)
    invoked from within
"createAndExecute $file"
    ("uplevel" body line 5)
    invoked from within
"uplevel $contents_of_test"
------------------ testing $PTII/ptolemy/domains/de/test/auto/knownFailedTests/FSMSource.xml (Known Failure) 
60 ms. Memory: 129024K Free: 111927K (87%)
!!!! Auto was marked as failing, but now passes
------------------ testing $PTII/ptolemy/domains/de/test/auto/knownFailedTests/HierarchicalModel.xml (Known Failure) 
10 ms. Memory: 129024K Free: 94527K (73%)


==== $PTIIhome/travis/build/icyphy/ptII/ptolemy/domains/de/test/../../../../: Auto Automatic test in file $PTII/ptolemy/domains/de/test/auto/knownFailedTests/HierarchicalModel.xml
==== Contents of test case:

	    # FIXME: we should use $relativeFilename here, but it
	    # might have backslashes under Windows, which causes no end
	    # of trouble.
	    createAndExecute $file
	    list {}
	
.... Test generated KNOWN error:
    while executing
ptolemy.kernel.util.IllegalActionException: Found a zero delay loop containing .HierarchicalModel.A
  in .HierarchicalModel and .HierarchicalModel.A
	at ptolemy.actor.util.CausalityInterfaceForComposites._computeOutputPortDepth(CausalityInterfaceForComposites.java:759)
	at ptolemy.actor.util.CausalityInterfaceForComposites._computeInputDepth(CausalityInterfaceForComposites.java:696)
	at ptolemy.actor.util.CausalityInterfaceForComposites._computeOutputPortDepth(CausalityInterfaceForComposites.java:765)
	at ptolemy.actor.util.CausalityInterfaceForComposites._computeInputDepth(CausalityInterfaceForComposites.java:696)
	at ptolemy.actor.util.CausalityInterfaceForComposites._computeOutputPortDepth(CausalityInterfaceForComposites.java:765)
	at ptolemy.actor.util.CausalityInterfaceForComposites._computeInputDepth(CausalityInterfaceForComposites.java:696)
	at ptolemy.actor.util.CausalityInterfaceForComposites._computeActorDepth(CausalityInterfaceForComposites.java:532)
	at ptolemy.actor.util.CausalityInterfaceForComposites.checkForCycles(CausalityInterfaceForComposites.java:96)
	at ptolemy.domains.de.kernel.DEDirector.preinitialize(DEDirector.java:1338)
	at ptolemy.actor.CompositeActor.preinitialize(CompositeActor.java:1828)
	at ptolemy.actor.Manager.preinitializeAndResolveTypes(Manager.java:1040)
	at ptolemy.actor.Manager.initialize(Manager.java:710)
	at ptolemy.actor.Manager.execute(Manager.java:356)
	at ptolemy.actor.Manager.run(Manager.java:1263)
	at ptolemy.actor.Manager$PtolemyRunThread.run(Manager.java:1933)

    while executing
ptolemy.kernel.util.IllegalActionException: Found a zero delay loop containing .HierarchicalModel.A
  in .HierarchicalModel and .HierarchicalModel.A
    while executing
"java::new ptolemy.moml.MoMLSimpleApplication $file
"
    (procedure "createAndExecute" line 2)
    invoked from within
"createAndExecute $file"
    ("uplevel" body line 5)
    invoked from within
"uplevel $contents_of_test"
------------------ testing $PTII/ptolemy/domains/de/test/auto/knownFailedTests/dependencyLoop2.xml (Known Failure) 
14 ms. Memory: 129024K Free: 78872K (61%)


==== $PTIIhome/travis/build/icyphy/ptII/ptolemy/domains/de/test/../../../../: Auto Automatic test in file $PTII/ptolemy/domains/de/test/auto/knownFailedTests/dependencyLoop2.xml
==== Contents of test case:

	    # FIXME: we should use $relativeFilename here, but it
	    # might have backslashes under Windows, which causes no end
	    # of trouble.
	    createAndExecute $file
	    list {}
	
.... Test generated KNOWN error:
    while executing
ptolemy.kernel.util.IllegalActionException: Found a zero delay loop containing .dependencyLoop2.original
  in .dependencyLoop2 and .dependencyLoop2.original
	at ptolemy.actor.util.CausalityInterfaceForComposites._computeOutputPortDepth(CausalityInterfaceForComposites.java:759)
	at ptolemy.actor.util.CausalityInterfaceForComposites._computeInputDepth(CausalityInterfaceForComposites.java:696)
	at ptolemy.actor.util.CausalityInterfaceForComposites._computeOutputPortDepth(CausalityInterfaceForComposites.java:765)
	at ptolemy.actor.util.CausalityInterfaceForComposites._computeInputDepth(CausalityInterfaceForComposites.java:696)
	at ptolemy.actor.util.CausalityInterfaceForComposites._computeOutputPortDepth(CausalityInterfaceForComposites.java:765)
	at ptolemy.actor.util.CausalityInterfaceForComposites._computeInputDepth(CausalityInterfaceForComposites.java:696)
	at ptolemy.actor.util.CausalityInterfaceForComposites._computeActorDepth(CausalityInterfaceForComposites.java:532)
	at ptolemy.actor.util.CausalityInterfaceForComposites.checkForCycles(CausalityInterfaceForComposites.java:96)
	at ptolemy.domains.de.kernel.DEDirector.preinitialize(DEDirector.java:1338)
	at ptolemy.actor.CompositeActor.preinitialize(CompositeActor.java:1828)
	at ptolemy.actor.Manager.preinitializeAndResolveTypes(Manager.java:1040)
	at ptolemy.actor.Manager.initialize(Manager.java:710)
	at ptolemy.actor.Manager.execute(Manager.java:356)
	at ptolemy.actor.Manager.run(Manager.java:1263)
	at ptolemy.actor.Manager$PtolemyRunThread.run(Manager.java:1933)

    while executing
ptolemy.kernel.util.IllegalActionException: Found a zero delay loop containing .dependencyLoop2.original
  in .dependencyLoop2 and .dependencyLoop2.original
    while executing
"java::new ptolemy.moml.MoMLSimpleApplication $file
"
    (procedure "createAndExecute" line 2)
    invoked from within
"createAndExecute $file"
    ("uplevel" body line 5)
    invoked from within
"uplevel $contents_of_test"
------------------ testing $PTII/ptolemy/domains/de/test/auto/knownFailedTests/DESDFClockTest.xml (Known Failure) 
2061 ms. Memory: 129024K Free: 109812K (85%)


==== $PTIIhome/travis/build/icyphy/ptII/ptolemy/domains/de/test/../../../../: Auto Automatic test in file $PTII/ptolemy/domains/de/test/auto/knownFailedTests/DESDFClockTest.xml
==== Contents of test case:

	    # FIXME: we should use $relativeFilename here, but it
	    # might have backslashes under Windows, which causes no end
	    # of trouble.
	    createAndExecute $file
	    list {}
	
.... Test generated KNOWN error:
    while executing
ptolemy.kernel.util.IllegalActionException: Actor is not ready to fire.  Perhaps UpSample.prefire() returned false? Try debugging the actor by selecting "Listen to Actor".  Also, for SDF check moml for tokenConsumptionRate on input.
  in .DESDFClockTest.Play Bell.Copy1:SDF Director and .DESDFClockTest.Play Bell.UpSample
	at ptolemy.actor.sched.StaticSchedulingDirector.fire(StaticSchedulingDirector.java:227)
	at ptolemy.domains.sdf.kernel.SDFDirector.fire(SDFDirector.java:500)
	at ptolemy.actor.CompositeActor.fire(CompositeActor.java:455)
	at ptolemy.domains.de.kernel.DEDirector._fire(DEDirector.java:1949)
	at ptolemy.domains.de.kernel.DEDirector.fire(DEDirector.java:502)
	at ptolemy.actor.CompositeActor.fire(CompositeActor.java:455)
	at ptolemy.actor.Manager.iterate(Manager.java:851)
	at ptolemy.actor.Manager.execute(Manager.java:369)
	at ptolemy.actor.Manager.run(Manager.java:1263)
	at ptolemy.actor.Manager$PtolemyRunThread.run(Manager.java:1933)

    while executing
ptolemy.kernel.util.IllegalActionException: Actor is not ready to fire.  Perhaps UpSample.prefire() returned false? Try debugging the actor by selecting "Listen to Actor".  Also, for SDF check moml for tokenConsumptionRate on input.
  in .DESDFClockTest.Play Bell.Copy1:SDF Director and .DESDFClockTest.Play Bell.UpSample
    while executing
"java::new ptolemy.moml.MoMLSimpleApplication $file
"
    (procedure "createAndExecute" line 2)
    invoked from within
"createAndExecute $file"
    ("uplevel" body line 5)
    invoked from within
"uplevel $contents_of_test"
------------------ testing $PTII/ptolemy/domains/de/test/auto/ActorDepthCalculation_actorWithoutPorts.xml
auto.tcl: Setting watchdog for 200 seconds at Fri Sep 25 16:18:13 UTC 2020
5 ms. Memory: 129024K Free: 102134K (79%)
ptolemy.util.test.WatchDog.cancel(): canceling Fri Sep 25 16:18:13 UTC 2020
auto.tcl: Setting watchdog for 200 seconds at Fri Sep 25 16:18:13 UTC 2020
8 ms. Memory: 129024K Free: 101110K (78%)
ptolemy.util.test.WatchDog.cancel(): canceling Fri Sep 25 16:18:13 UTC 2020
------------------ testing $PTII/ptolemy/domains/de/test/auto/AssemblyLine.xml
auto.tcl: Setting watchdog for 200 seconds at Fri Sep 25 16:18:14 UTC 2020
8 ms. Memory: 51200K Free: 27576K (54%)
ptolemy.util.test.WatchDog.cancel(): canceling Fri Sep 25 16:18:14 UTC 2020
auto.tcl: Setting watchdog for 200 seconds at Fri Sep 25 16:18:14 UTC 2020
6 ms. Memory: 51200K Free: 27090K (53%)
ptolemy.util.test.WatchDog.cancel(): canceling Fri Sep 25 16:18:14 UTC 2020
------------------ testing $PTII/ptolemy/domains/de/test/auto/CQBug1.xml
auto.tcl: Setting watchdog for 200 seconds at Fri Sep 25 16:18:14 UTC 2020
2 ms. Memory: 51200K Free: 33415K (65%)
ptolemy.util.test.WatchDog.cancel(): canceling Fri Sep 25 16:18:14 UTC 2020
auto.tcl: Setting watchdog for 200 seconds at Fri Sep 25 16:18:14 UTC 2020
2 ms. Memory: 51200K Free: 33415K (65%)
ptolemy.util.test.WatchDog.cancel(): canceling Fri Sep 25 16:18:14 UTC 2020
------------------ testing $PTII/ptolemy/domains/de/test/auto/CancelFireAt.xml
auto.tcl: Setting watchdog for 200 seconds at Fri Sep 25 16:18:14 UTC 2020
3 ms. Memory: 48128K Free: 31707K (66%)
ptolemy.util.test.WatchDog.cancel(): canceling Fri Sep 25 16:18:14 UTC 2020
auto.tcl: Setting watchdog for 200 seconds at Fri Sep 25 16:18:14 UTC 2020
2 ms. Memory: 48128K Free: 31274K (65%)
ptolemy.util.test.WatchDog.cancel(): canceling Fri Sep 25 16:18:14 UTC 2020
------------------ testing $PTII/ptolemy/domains/de/test/auto/CausalityAndComposabilityAnalysis.xml
auto.tcl: Setting watchdog for 200 seconds at Fri Sep 25 16:18:14 UTC 2020
8 ms. Memory: 48128K Free: 29391K (61%)
ptolemy.util.test.WatchDog.cancel(): canceling Fri Sep 25 16:18:14 UTC 2020
auto.tcl: Setting watchdog for 200 seconds at Fri Sep 25 16:18:14 UTC 2020
8 ms. Memory: 48128K Free: 28957K (60%)
ptolemy.util.test.WatchDog.cancel(): canceling Fri Sep 25 16:18:14 UTC 2020
------------------ testing $PTII/ptolemy/domains/de/test/auto/CausalityInterface1.xml
auto.tcl: Setting watchdog for 200 seconds at Fri Sep 25 16:18:14 UTC 2020
20 ms. Memory: 48128K Free: 28355K (59%)
ptolemy.util.test.WatchDog.cancel(): canceling Fri Sep 25 16:18:14 UTC 2020
auto.tcl: Setting watchdog for 200 seconds at Fri Sep 25 16:18:14 UTC 2020
4 ms. Memory: 48128K Free: 27386K (57%)
ptolemy.util.test.WatchDog.cancel(): canceling Fri Sep 25 16:18:14 UTC 2020
------------------ testing $PTII/ptolemy/domains/de/test/auto/CausalityInterface15.xml
auto.tcl: Setting watchdog for 200 seconds at Fri Sep 25 16:18:14 UTC 2020
5 ms. Memory: 48128K Free: 28525K (59%)
ptolemy.util.test.WatchDog.cancel(): canceling Fri Sep 25 16:18:14 UTC 2020
auto.tcl: Setting watchdog for 200 seconds at Fri Sep 25 16:18:14 UTC 2020
7 ms. Memory: 48128K Free: 27335K (57%)
ptolemy.util.test.WatchDog.cancel(): canceling Fri Sep 25 16:18:14 UTC 2020
------------------ testing $PTII/ptolemy/domains/de/test/auto/CausalityInterface2.xml
auto.tcl: Setting watchdog for 200 seconds at Fri Sep 25 16:18:14 UTC 2020
7 ms. Memory: 48128K Free: 29008K (60%)
ptolemy.util.test.WatchDog.cancel(): canceling Fri Sep 25 16:18:14 UTC 2020
auto.tcl: Setting watchdog for 200 seconds at Fri Sep 25 16:18:14 UTC 2020
3 ms. Memory: 48128K Free: 28323K (59%)
ptolemy.util.test.WatchDog.cancel(): canceling Fri Sep 25 16:18:14 UTC 2020
------------------ testing $PTII/ptolemy/domains/de/test/auto/CausalityInterface3.xml
auto.tcl: Setting watchdog for 200 seconds at Fri Sep 25 16:18:14 UTC 2020
6 ms. Memory: 48128K Free: 29011K (60%)
ptolemy.util.test.WatchDog.cancel(): canceling Fri Sep 25 16:18:14 UTC 2020
auto.tcl: Setting watchdog for 200 seconds at Fri Sep 25 16:18:14 UTC 2020
3 ms. Memory: 48128K Free: 27910K (58%)
ptolemy.util.test.WatchDog.cancel(): canceling Fri Sep 25 16:18:15 UTC 2020
------------------ testing $PTII/ptolemy/domains/de/test/auto/ClockDrift.xml
auto.tcl: Setting watchdog for 200 seconds at Fri Sep 25 16:18:15 UTC 2020
50 ms. Memory: 48128K Free: 21119K (44%)
ptolemy.util.test.WatchDog.cancel(): canceling Fri Sep 25 16:18:15 UTC 2020
auto.tcl: Setting watchdog for 200 seconds at Fri Sep 25 16:18:15 UTC 2020
46 ms. Memory: 48128K Free: 18102K (38%)
ptolemy.util.test.WatchDog.cancel(): canceling Fri Sep 25 16:18:15 UTC 2020
------------------ testing $PTII/ptolemy/domains/de/test/auto/ClockDriftAndValueChange.xml
auto.tcl: Setting watchdog for 200 seconds at Fri Sep 25 16:18:15 UTC 2020
25 ms. Memory: 48128K Free: 21516K (45%)
ptolemy.util.test.WatchDog.cancel(): canceling Fri Sep 25 16:18:15 UTC 2020
auto.tcl: Setting watchdog for 200 seconds at Fri Sep 25 16:18:15 UTC 2020
24 ms. Memory: 48128K Free: 18364K (38%)
ptolemy.util.test.WatchDog.cancel(): canceling Fri Sep 25 16:18:15 UTC 2020
------------------ testing $PTII/ptolemy/domains/de/test/auto/ClockDriftChange.xml
auto.tcl: Setting watchdog for 200 seconds at Fri Sep 25 16:18:15 UTC 2020
20 ms. Memory: 48128K Free: 23248K (48%)
ptolemy.util.test.WatchDog.cancel(): canceling Fri Sep 25 16:18:15 UTC 2020
auto.tcl: Setting watchdog for 200 seconds at Fri Sep 25 16:18:15 UTC 2020
20 ms. Memory: 48128K Free: 20668K (43%)
ptolemy.util.test.WatchDog.cancel(): canceling Fri Sep 25 16:18:15 UTC 2020
------------------ testing $PTII/ptolemy/domains/de/test/auto/ComposableCausalityAnalysis.xml
auto.tcl: Setting watchdog for 200 seconds at Fri Sep 25 16:18:15 UTC 2020
1 ms. Memory: 48128K Free: 27920K (58%)
ptolemy.util.test.WatchDog.cancel(): canceling Fri Sep 25 16:18:15 UTC 2020
auto.tcl: Setting watchdog for 200 seconds at Fri Sep 25 16:18:15 UTC 2020
5 ms. Memory: 48128K Free: 26829K (56%)
ptolemy.util.test.WatchDog.cancel(): canceling Fri Sep 25 16:18:15 UTC 2020
------------------ testing $PTII/ptolemy/domains/de/test/auto/DEFixedPointLimitation.xml
auto.tcl: Setting watchdog for 200 seconds at Fri Sep 25 16:18:15 UTC 2020
3 ms. Memory: 48128K Free: 29236K (61%)
ptolemy.util.test.WatchDog.cancel(): canceling Fri Sep 25 16:18:15 UTC 2020
auto.tcl: Setting watchdog for 200 seconds at Fri Sep 25 16:18:15 UTC 2020
2 ms. Memory: 48128K Free: 28316K (59%)
ptolemy.util.test.WatchDog.cancel(): canceling Fri Sep 25 16:18:15 UTC 2020
------------------ testing $PTII/ptolemy/domains/de/test/auto/DEScheduleTest.xml
auto.tcl: Setting watchdog for 200 seconds at Fri Sep 25 16:18:15 UTC 2020
4 ms. Memory: 48128K Free: 29545K (61%)
ptolemy.util.test.WatchDog.cancel(): canceling Fri Sep 25 16:18:15 UTC 2020
auto.tcl: Setting watchdog for 200 seconds at Fri Sep 25 16:18:15 UTC 2020
3 ms. Memory: 48128K Free: 28778K (60%)
ptolemy.util.test.WatchDog.cancel(): canceling Fri Sep 25 16:18:15 UTC 2020
------------------ testing $PTII/ptolemy/domains/de/test/auto/DEinDEwithStartTimes.xml
auto.tcl: Setting watchdog for 200 seconds at Fri Sep 25 16:18:15 UTC 2020
3 ms. Memory: 48128K Free: 27757K (58%)
ptolemy.util.test.WatchDog.cancel(): canceling Fri Sep 25 16:18:15 UTC 2020
auto.tcl: Setting watchdog for 200 seconds at Fri Sep 25 16:18:15 UTC 2020
3 ms. Memory: 48128K Free: 26662K (55%)
ptolemy.util.test.WatchDog.cancel(): canceling Fri Sep 25 16:18:15 UTC 2020
------------------ testing $PTII/ptolemy/domains/de/test/auto/DEinDEwithStartTimes2.xml
auto.tcl: Setting watchdog for 200 seconds at Fri Sep 25 16:18:15 UTC 2020
8 ms. Memory: 48128K Free: 26875K (56%)
ptolemy.util.test.WatchDog.cancel(): canceling Fri Sep 25 16:18:15 UTC 2020
auto.tcl: Setting watchdog for 200 seconds at Fri Sep 25 16:18:15 UTC 2020
4 ms. Memory: 48128K Free: 25617K (53%)
ptolemy.util.test.WatchDog.cancel(): canceling Fri Sep 25 16:18:15 UTC 2020
------------------ testing $PTII/ptolemy/domains/de/test/auto/DateDemo.xml
auto.tcl: Setting watchdog for 200 seconds at Fri Sep 25 16:18:15 UTC 2020
25 ms. Memory: 48128K Free: 21259K (44%)
ptolemy.util.test.WatchDog.cancel(): canceling Fri Sep 25 16:18:16 UTC 2020
auto.tcl: Setting watchdog for 200 seconds at Fri Sep 25 16:18:16 UTC 2020
7 ms. Memory: 48128K Free: 19689K (41%)
ptolemy.util.test.WatchDog.cancel(): canceling Fri Sep 25 16:18:16 UTC 2020
------------------ testing $PTII/ptolemy/domains/de/test/auto/DateToEvent.xml
auto.tcl: Setting watchdog for 200 seconds at Fri Sep 25 16:18:16 UTC 2020
2015 ms. Memory: 48128K Free: 17181K (36%)
ptolemy.util.test.WatchDog.cancel(): canceling Fri Sep 25 16:18:18 UTC 2020
auto.tcl: Setting watchdog for 200 seconds at Fri Sep 25 16:18:18 UTC 2020
2004 ms. Memory: 48128K Free: 16193K (34%)
ptolemy.util.test.WatchDog.cancel(): canceling Fri Sep 25 16:18:20 UTC 2020
------------------ testing $PTII/ptolemy/domains/de/test/auto/DepthTest1.xml
auto.tcl: Setting watchdog for 200 seconds at Fri Sep 25 16:18:20 UTC 2020
5 ms. Memory: 48128K Free: 30328K (63%)
ptolemy.util.test.WatchDog.cancel(): canceling Fri Sep 25 16:18:20 UTC 2020
auto.tcl: Setting watchdog for 200 seconds at Fri Sep 25 16:18:20 UTC 2020
2 ms. Memory: 48128K Free: 29948K (62%)
ptolemy.util.test.WatchDog.cancel(): canceling Fri Sep 25 16:18:20 UTC 2020
------------------ testing $PTII/ptolemy/domains/de/test/auto/DepthTest2.xml
auto.tcl: Setting watchdog for 200 seconds at Fri Sep 25 16:18:20 UTC 2020
6 ms. Memory: 48128K Free: 27175K (56%)
ptolemy.util.test.WatchDog.cancel(): canceling Fri Sep 25 16:18:20 UTC 2020
auto.tcl: Setting watchdog for 200 seconds at Fri Sep 25 16:18:20 UTC 2020
3 ms. Memory: 48128K Free: 26764K (56%)
ptolemy.util.test.WatchDog.cancel(): canceling Fri Sep 25 16:18:20 UTC 2020
------------------ testing $PTII/ptolemy/domains/de/test/auto/DepthTest3.xml
auto.tcl: Setting watchdog for 200 seconds at Fri Sep 25 16:18:20 UTC 2020
2 ms. Memory: 48128K Free: 30657K (64%)
ptolemy.util.test.WatchDog.cancel(): canceling Fri Sep 25 16:18:20 UTC 2020
auto.tcl: Setting watchdog for 200 seconds at Fri Sep 25 16:18:20 UTC 2020
1 ms. Memory: 48128K Free: 30230K (63%)
ptolemy.util.test.WatchDog.cancel(): canceling Fri Sep 25 16:18:20 UTC 2020
------------------ testing $PTII/ptolemy/domains/de/test/auto/DepthTest4.xml
auto.tcl: Setting watchdog for 200 seconds at Fri Sep 25 16:18:20 UTC 2020
4 ms. Memory: 48128K Free: 29007K (60%)
ptolemy.util.test.WatchDog.cancel(): canceling Fri Sep 25 16:18:20 UTC 2020
auto.tcl: Setting watchdog for 200 seconds at Fri Sep 25 16:18:20 UTC 2020
2 ms. Memory: 48128K Free: 28265K (59%)
ptolemy.util.test.WatchDog.cancel(): canceling Fri Sep 25 16:18:20 UTC 2020
------------------ testing $PTII/ptolemy/domains/de/test/auto/DepthTest5.xml
auto.tcl: Setting watchdog for 200 seconds at Fri Sep 25 16:18:20 UTC 2020
13 ms. Memory: 48128K Free: 28404K (59%)
ptolemy.util.test.WatchDog.cancel(): canceling Fri Sep 25 16:18:20 UTC 2020
auto.tcl: Setting watchdog for 200 seconds at Fri Sep 25 16:18:20 UTC 2020
2 ms. Memory: 48128K Free: 27618K (57%)
ptolemy.util.test.WatchDog.cancel(): canceling Fri Sep 25 16:18:20 UTC 2020
------------------ testing $PTII/ptolemy/domains/de/test/auto/DepthTest6.xml
auto.tcl: Setting watchdog for 200 seconds at Fri Sep 25 16:18:20 UTC 2020
6 ms. Memory: 48128K Free: 28117K (58%)
ptolemy.util.test.WatchDog.cancel(): canceling Fri Sep 25 16:18:20 UTC 2020
auto.tcl: Setting watchdog for 200 seconds at Fri Sep 25 16:18:20 UTC 2020
3 ms. Memory: 48128K Free: 27714K (58%)
ptolemy.util.test.WatchDog.cancel(): canceling Fri Sep 25 16:18:20 UTC 2020
------------------ testing $PTII/ptolemy/domains/de/test/auto/DepthTest7.xml
auto.tcl: Setting watchdog for 200 seconds at Fri Sep 25 16:18:20 UTC 2020
3 ms. Memory: 48128K Free: 28931K (60%)
ptolemy.util.test.WatchDog.cancel(): canceling Fri Sep 25 16:18:20 UTC 2020
auto.tcl: Setting watchdog for 200 seconds at Fri Sep 25 16:18:20 UTC 2020
2 ms. Memory: 48128K Free: 28189K (59%)
ptolemy.util.test.WatchDog.cancel(): canceling Fri Sep 25 16:18:20 UTC 2020
------------------ testing $PTII/ptolemy/domains/de/test/auto/EventToDate.xml
auto.tcl: Setting watchdog for 200 seconds at Fri Sep 25 16:18:20 UTC 2020
3008 ms. Memory: 48128K Free: 19500K (41%)
ptolemy.util.test.WatchDog.cancel(): canceling Fri Sep 25 16:18:23 UTC 2020
auto.tcl: Setting watchdog for 200 seconds at Fri Sep 25 16:18:23 UTC 2020
3008 ms. Memory: 48128K Free: 19023K (40%)
ptolemy.util.test.WatchDog.cancel(): canceling Fri Sep 25 16:18:26 UTC 2020
------------------ testing $PTII/ptolemy/domains/de/test/auto/FSM1.xml
auto.tcl: Setting watchdog for 200 seconds at Fri Sep 25 16:18:26 UTC 2020
33 ms. Memory: 48128K Free: 20932K (43%)
ptolemy.util.test.WatchDog.cancel(): canceling Fri Sep 25 16:18:26 UTC 2020
auto.tcl: Setting watchdog for 200 seconds at Fri Sep 25 16:18:26 UTC 2020
22 ms. Memory: 48128K Free: 17671K (37%)
ptolemy.util.test.WatchDog.cancel(): canceling Fri Sep 25 16:18:27 UTC 2020
------------------ testing $PTII/ptolemy/domains/de/test/auto/FSM7.xml
auto.tcl: Setting watchdog for 200 seconds at Fri Sep 25 16:18:27 UTC 2020
17 ms. Memory: 48128K Free: 20637K (43%)
ptolemy.util.test.WatchDog.cancel(): canceling Fri Sep 25 16:18:27 UTC 2020
auto.tcl: Setting watchdog for 200 seconds at Fri Sep 25 16:18:27 UTC 2020
13 ms. Memory: 48128K Free: 17487K (36%)
ptolemy.util.test.WatchDog.cancel(): canceling Fri Sep 25 16:18:27 UTC 2020
------------------ testing $PTII/ptolemy/domains/de/test/auto/Inspection.xml
auto.tcl: Setting watchdog for 200 seconds at Fri Sep 25 16:18:27 UTC 2020
32 ms. Memory: 48128K Free: 20671K (43%)
ptolemy.util.test.WatchDog.cancel(): canceling Fri Sep 25 16:18:27 UTC 2020
auto.tcl: Setting watchdog for 200 seconds at Fri Sep 25 16:18:27 UTC 2020
31 ms. Memory: 48128K Free: 18934K (39%)
ptolemy.util.test.WatchDog.cancel(): canceling Fri Sep 25 16:18:27 UTC 2020
------------------ testing $PTII/ptolemy/domains/de/test/auto/Iteration.xml
auto.tcl: Setting watchdog for 200 seconds at Fri Sep 25 16:18:27 UTC 2020
8 ms. Memory: 48128K Free: 26410K (55%)
ptolemy.util.test.WatchDog.cancel(): canceling Fri Sep 25 16:18:27 UTC 2020
auto.tcl: Setting watchdog for 200 seconds at Fri Sep 25 16:18:27 UTC 2020
6 ms. Memory: 48128K Free: 25360K (53%)
ptolemy.util.test.WatchDog.cancel(): canceling Fri Sep 25 16:18:27 UTC 2020
------------------ testing $PTII/ptolemy/domains/de/test/auto/LineFault.xml
auto.tcl: Setting watchdog for 200 seconds at Fri Sep 25 16:18:27 UTC 2020
627 ms. Memory: 48128K Free: 23948K (50%)
ptolemy.util.test.WatchDog.cancel(): canceling Fri Sep 25 16:18:28 UTC 2020
auto.tcl: Setting watchdog for 200 seconds at Fri Sep 25 16:18:28 UTC 2020
552 ms. Memory: 60416K Free: 22092K (37%)
ptolemy.util.test.WatchDog.cancel(): canceling Fri Sep 25 16:18:28 UTC 2020
------------------ testing $PTII/ptolemy/domains/de/test/auto/MergeModel1Add.xml
auto.tcl: Setting watchdog for 200 seconds at Fri Sep 25 16:18:28 UTC 2020
32 ms. Memory: 55296K Free: 19546K (35%)
ptolemy.util.test.WatchDog.cancel(): canceling Fri Sep 25 16:18:29 UTC 2020
auto.tcl: Setting watchdog for 200 seconds at Fri Sep 25 16:18:29 UTC 2020
12 ms. Memory: 55296K Free: 17887K (32%)
ptolemy.util.test.WatchDog.cancel(): canceling Fri Sep 25 16:18:29 UTC 2020
------------------ testing $PTII/ptolemy/domains/de/test/auto/MergeModel2Add.xml
auto.tcl: Setting watchdog for 200 seconds at Fri Sep 25 16:18:29 UTC 2020
7 ms. Memory: 55296K Free: 21605K (39%)
ptolemy.util.test.WatchDog.cancel(): canceling Fri Sep 25 16:18:29 UTC 2020
auto.tcl: Setting watchdog for 200 seconds at Fri Sep 25 16:18:29 UTC 2020
8 ms. Memory: 55296K Free: 20065K (36%)
ptolemy.util.test.WatchDog.cancel(): canceling Fri Sep 25 16:18:29 UTC 2020
------------------ testing $PTII/ptolemy/domains/de/test/auto/MergeModel3Add.xml
auto.tcl: Setting watchdog for 200 seconds at Fri Sep 25 16:18:29 UTC 2020
9 ms. Memory: 55296K Free: 21614K (39%)
ptolemy.util.test.WatchDog.cancel(): canceling Fri Sep 25 16:18:29 UTC 2020
auto.tcl: Setting watchdog for 200 seconds at Fri Sep 25 16:18:29 UTC 2020
10 ms. Memory: 55296K Free: 20205K (37%)
ptolemy.util.test.WatchDog.cancel(): canceling Fri Sep 25 16:18:29 UTC 2020
------------------ testing $PTII/ptolemy/domains/de/test/auto/MergeWithoutDiscard.xml
auto.tcl: Setting watchdog for 200 seconds at Fri Sep 25 16:18:29 UTC 2020
2 ms. Memory: 55296K Free: 36154K (65%)
ptolemy.util.test.WatchDog.cancel(): canceling Fri Sep 25 16:18:29 UTC 2020
auto.tcl: Setting watchdog for 200 seconds at Fri Sep 25 16:18:29 UTC 2020
2 ms. Memory: 55296K Free: 35718K (65%)
ptolemy.util.test.WatchDog.cancel(): canceling Fri Sep 25 16:18:29 UTC 2020
------------------ testing $PTII/ptolemy/domains/de/test/auto/Modal1.xml
auto.tcl: Setting watchdog for 200 seconds at Fri Sep 25 16:18:29 UTC 2020
11 ms. Memory: 51200K Free: 24528K (48%)
ptolemy.util.test.WatchDog.cancel(): canceling Fri Sep 25 16:18:29 UTC 2020
auto.tcl: Setting watchdog for 200 seconds at Fri Sep 25 16:18:29 UTC 2020
12 ms. Memory: 51200K Free: 20956K (41%)
ptolemy.util.test.WatchDog.cancel(): canceling Fri Sep 25 16:18:29 UTC 2020
------------------ testing $PTII/ptolemy/domains/de/test/auto/Modal2.xml
auto.tcl: Setting watchdog for 200 seconds at Fri Sep 25 16:18:29 UTC 2020
11 ms. Memory: 51200K Free: 24370K (48%)
ptolemy.util.test.WatchDog.cancel(): canceling Fri Sep 25 16:18:29 UTC 2020
auto.tcl: Setting watchdog for 200 seconds at Fri Sep 25 16:18:29 UTC 2020
12 ms. Memory: 51200K Free: 20877K (41%)
ptolemy.util.test.WatchDog.cancel(): canceling Fri Sep 25 16:18:29 UTC 2020
------------------ testing $PTII/ptolemy/domains/de/test/auto/Modal3.xml
auto.tcl: Setting watchdog for 200 seconds at Fri Sep 25 16:18:29 UTC 2020
10 ms. Memory: 51200K Free: 24116K (47%)
ptolemy.util.test.WatchDog.cancel(): canceling Fri Sep 25 16:18:29 UTC 2020
auto.tcl: Setting watchdog for 200 seconds at Fri Sep 25 16:18:29 UTC 2020
11 ms. Memory: 51200K Free: 20899K (41%)
ptolemy.util.test.WatchDog.cancel(): canceling Fri Sep 25 16:18:29 UTC 2020
------------------ testing $PTII/ptolemy/domains/de/test/auto/Modal4.xml
auto.tcl: Setting watchdog for 200 seconds at Fri Sep 25 16:18:29 UTC 2020
24 ms. Memory: 51200K Free: 23059K (45%)
ptolemy.util.test.WatchDog.cancel(): canceling Fri Sep 25 16:18:29 UTC 2020
auto.tcl: Setting watchdog for 200 seconds at Fri Sep 25 16:18:29 UTC 2020
20 ms. Memory: 51200K Free: 19230K (38%)
ptolemy.util.test.WatchDog.cancel(): canceling Fri Sep 25 16:18:29 UTC 2020
------------------ testing $PTII/ptolemy/domains/de/test/auto/Modal5.xml
auto.tcl: Setting watchdog for 200 seconds at Fri Sep 25 16:18:29 UTC 2020
12 ms. Memory: 51200K Free: 23045K (45%)
ptolemy.util.test.WatchDog.cancel(): canceling Fri Sep 25 16:18:29 UTC 2020
auto.tcl: Setting watchdog for 200 seconds at Fri Sep 25 16:18:29 UTC 2020
12 ms. Memory: 51200K Free: 19217K (38%)
ptolemy.util.test.WatchDog.cancel(): canceling Fri Sep 25 16:18:29 UTC 2020
------------------ testing $PTII/ptolemy/domains/de/test/auto/Modal6.xml
auto.tcl: Setting watchdog for 200 seconds at Fri Sep 25 16:18:29 UTC 2020
17 ms. Memory: 51200K Free: 23832K (47%)
ptolemy.util.test.WatchDog.cancel(): canceling Fri Sep 25 16:18:29 UTC 2020
auto.tcl: Setting watchdog for 200 seconds at Fri Sep 25 16:18:29 UTC 2020
16 ms. Memory: 51200K Free: 20239K (40%)
ptolemy.util.test.WatchDog.cancel(): canceling Fri Sep 25 16:18:29 UTC 2020
------------------ testing $PTII/ptolemy/domains/de/test/auto/Modal7.xml
auto.tcl: Setting watchdog for 200 seconds at Fri Sep 25 16:18:29 UTC 2020
16 ms. Memory: 51200K Free: 22817K (45%)
ptolemy.util.test.WatchDog.cancel(): canceling Fri Sep 25 16:18:30 UTC 2020
auto.tcl: Setting watchdog for 200 seconds at Fri Sep 25 16:18:30 UTC 2020
12 ms. Memory: 51200K Free: 19499K (38%)
ptolemy.util.test.WatchDog.cancel(): canceling Fri Sep 25 16:18:30 UTC 2020
------------------ testing $PTII/ptolemy/domains/de/test/auto/ModalModel.xml
auto.tcl: Setting watchdog for 200 seconds at Fri Sep 25 16:18:30 UTC 2020
179 ms. Memory: 51200K Free: 13224K (26%)
ptolemy.util.test.WatchDog.cancel(): canceling Fri Sep 25 16:18:30 UTC 2020
auto.tcl: Setting watchdog for 200 seconds at Fri Sep 25 16:18:30 UTC 2020
199 ms. Memory: 61440K Free: 41440K (67%)
ptolemy.util.test.WatchDog.cancel(): canceling Fri Sep 25 16:18:30 UTC 2020
------------------ testing $PTII/ptolemy/domains/de/test/auto/ModalSource.xml
auto.tcl: Setting watchdog for 200 seconds at Fri Sep 25 16:18:30 UTC 2020
8 ms. Memory: 55296K Free: 31986K (58%)
ptolemy.util.test.WatchDog.cancel(): canceling Fri Sep 25 16:18:30 UTC 2020
auto.tcl: Setting watchdog for 200 seconds at Fri Sep 25 16:18:30 UTC 2020
6 ms. Memory: 55296K Free: 29938K (54%)
ptolemy.util.test.WatchDog.cancel(): canceling Fri Sep 25 16:18:30 UTC 2020
------------------ testing $PTII/ptolemy/domains/de/test/auto/NonInterruptibleTimerZeroDelay.xml
auto.tcl: Setting watchdog for 200 seconds at Fri Sep 25 16:18:30 UTC 2020
4 ms. Memory: 51200K Free: 33075K (65%)
ptolemy.util.test.WatchDog.cancel(): canceling Fri Sep 25 16:18:30 UTC 2020
auto.tcl: Setting watchdog for 200 seconds at Fri Sep 25 16:18:30 UTC 2020
2 ms. Memory: 51200K Free: 32197K (63%)
ptolemy.util.test.WatchDog.cancel(): canceling Fri Sep 25 16:18:30 UTC 2020
------------------ testing $PTII/ptolemy/domains/de/test/auto/OpenQueueingNetwork.xml
auto.tcl: Setting watchdog for 200 seconds at Fri Sep 25 16:18:30 UTC 2020
2811 ms. Memory: 94208K Free: 62160K (66%)
ptolemy.util.test.WatchDog.cancel(): canceling Fri Sep 25 16:18:33 UTC 2020
auto.tcl: Setting watchdog for 200 seconds at Fri Sep 25 16:18:33 UTC 2020
2423 ms. Memory: 113664K Free: 55469K (49%)
ptolemy.util.test.WatchDog.cancel(): canceling Fri Sep 25 16:18:36 UTC 2020
------------------ testing $PTII/ptolemy/domains/de/test/auto/OpenQueuingNetwork.xml
auto.tcl: Setting watchdog for 200 seconds at Fri Sep 25 16:18:36 UTC 2020
245 ms. Memory: 55296K Free: 25889K (47%)
ptolemy.util.test.WatchDog.cancel(): canceling Fri Sep 25 16:18:36 UTC 2020
auto.tcl: Setting watchdog for 200 seconds at Fri Sep 25 16:18:36 UTC 2020
245 ms. Memory: 66560K Free: 17622K (26%)
ptolemy.util.test.WatchDog.cancel(): canceling Fri Sep 25 16:18:36 UTC 2020
------------------ testing $PTII/ptolemy/domains/de/test/auto/PeriodicSampler.xml
auto.tcl: Setting watchdog for 200 seconds at Fri Sep 25 16:18:36 UTC 2020
4 ms. Memory: 51200K Free: 32027K (63%)
ptolemy.util.test.WatchDog.cancel(): canceling Fri Sep 25 16:18:36 UTC 2020
auto.tcl: Setting watchdog for 200 seconds at Fri Sep 25 16:18:36 UTC 2020
2 ms. Memory: 51200K Free: 31502K (62%)
ptolemy.util.test.WatchDog.cancel(): canceling Fri Sep 25 16:18:36 UTC 2020
------------------ testing $PTII/ptolemy/domains/de/test/auto/PersistentIO.xml
auto.tcl: Setting watchdog for 200 seconds at Fri Sep 25 16:18:36 UTC 2020
11 ms. Memory: 51200K Free: 26952K (53%)
ptolemy.util.test.WatchDog.cancel(): canceling Fri Sep 25 16:18:36 UTC 2020
auto.tcl: Setting watchdog for 200 seconds at Fri Sep 25 16:18:36 UTC 2020
4 ms. Memory: 51200K Free: 25437K (50%)
ptolemy.util.test.WatchDog.cancel(): canceling Fri Sep 25 16:18:36 UTC 2020
------------------ testing $PTII/ptolemy/domains/de/test/auto/PortParameterResetOnInitialize.xml
auto.tcl: Setting watchdog for 200 seconds at Fri Sep 25 16:18:36 UTC 2020
3 ms. Memory: 51200K Free: 31935K (62%)
ptolemy.util.test.WatchDog.cancel(): canceling Fri Sep 25 16:18:36 UTC 2020
auto.tcl: Setting watchdog for 200 seconds at Fri Sep 25 16:18:36 UTC 2020
2 ms. Memory: 51200K Free: 31439K (61%)
ptolemy.util.test.WatchDog.cancel(): canceling Fri Sep 25 16:18:36 UTC 2020
------------------ testing $PTII/ptolemy/domains/de/test/auto/PortParameterUpdates.xml
auto.tcl: Setting watchdog for 200 seconds at Fri Sep 25 16:18:37 UTC 2020
3 ms. Memory: 51200K Free: 30034K (59%)
ptolemy.util.test.WatchDog.cancel(): canceling Fri Sep 25 16:18:37 UTC 2020
auto.tcl: Setting watchdog for 200 seconds at Fri Sep 25 16:18:37 UTC 2020
3 ms. Memory: 51200K Free: 29012K (57%)
ptolemy.util.test.WatchDog.cancel(): canceling Fri Sep 25 16:18:37 UTC 2020
------------------ testing $PTII/ptolemy/domains/de/test/auto/QueueAndServer.xml
auto.tcl: Setting watchdog for 200 seconds at Fri Sep 25 16:18:37 UTC 2020
10 ms. Memory: 51200K Free: 28972K (57%)
ptolemy.util.test.WatchDog.cancel(): canceling Fri Sep 25 16:18:37 UTC 2020
auto.tcl: Setting watchdog for 200 seconds at Fri Sep 25 16:18:37 UTC 2020
7 ms. Memory: 51200K Free: 27444K (54%)
ptolemy.util.test.WatchDog.cancel(): canceling Fri Sep 25 16:18:37 UTC 2020
------------------ testing $PTII/ptolemy/domains/de/test/auto/Records.xml
auto.tcl: Setting watchdog for 200 seconds at Fri Sep 25 16:18:37 UTC 2020
5 ms. Memory: 51200K Free: 31190K (61%)
ptolemy.util.test.WatchDog.cancel(): canceling Fri Sep 25 16:18:37 UTC 2020
auto.tcl: Setting watchdog for 200 seconds at Fri Sep 25 16:18:37 UTC 2020
7 ms. Memory: 51200K Free: 30697K (60%)
ptolemy.util.test.WatchDog.cancel(): canceling Fri Sep 25 16:18:37 UTC 2020
------------------ testing $PTII/ptolemy/domains/de/test/auto/ResetTransitionWithStartTime1.xml
auto.tcl: Setting watchdog for 200 seconds at Fri Sep 25 16:18:37 UTC 2020
12 ms. Memory: 51200K Free: 28435K (56%)
ptolemy.util.test.WatchDog.cancel(): canceling Fri Sep 25 16:18:37 UTC 2020
auto.tcl: Setting watchdog for 200 seconds at Fri Sep 25 16:18:37 UTC 2020
5 ms. Memory: 51200K Free: 26409K (52%)
ptolemy.util.test.WatchDog.cancel(): canceling Fri Sep 25 16:18:37 UTC 2020
------------------ testing $PTII/ptolemy/domains/de/test/auto/ResetTransitionWithStartTime2.xml
auto.tcl: Setting watchdog for 200 seconds at Fri Sep 25 16:18:37 UTC 2020
8 ms. Memory: 51200K Free: 28391K (55%)
ptolemy.util.test.WatchDog.cancel(): canceling Fri Sep 25 16:18:37 UTC 2020
auto.tcl: Setting watchdog for 200 seconds at Fri Sep 25 16:18:37 UTC 2020
7 ms. Memory: 51200K Free: 26343K (51%)
ptolemy.util.test.WatchDog.cancel(): canceling Fri Sep 25 16:18:37 UTC 2020
------------------ testing $PTII/ptolemy/domains/de/test/auto/ResetTransitionWithStartTime3.xml
auto.tcl: Setting watchdog for 200 seconds at Fri Sep 25 16:18:37 UTC 2020
9 ms. Memory: 51200K Free: 28389K (55%)
ptolemy.util.test.WatchDog.cancel(): canceling Fri Sep 25 16:18:37 UTC 2020
auto.tcl: Setting watchdog for 200 seconds at Fri Sep 25 16:18:37 UTC 2020
8 ms. Memory: 51200K Free: 26363K (51%)
ptolemy.util.test.WatchDog.cancel(): canceling Fri Sep 25 16:18:37 UTC 2020
------------------ testing $PTII/ptolemy/domains/de/test/auto/ResetTransitionWithStartTime4.xml
auto.tcl: Setting watchdog for 200 seconds at Fri Sep 25 16:18:37 UTC 2020
13 ms. Memory: 51200K Free: 28837K (56%)
ptolemy.util.test.WatchDog.cancel(): canceling Fri Sep 25 16:18:37 UTC 2020
auto.tcl: Setting watchdog for 200 seconds at Fri Sep 25 16:18:37 UTC 2020
5 ms. Memory: 51200K Free: 27364K (53%)
ptolemy.util.test.WatchDog.cancel(): canceling Fri Sep 25 16:18:37 UTC 2020
------------------ testing $PTII/ptolemy/domains/de/test/auto/ResettableTimer1.xml
auto.tcl: Setting watchdog for 200 seconds at Fri Sep 25 16:18:37 UTC 2020
3 ms. Memory: 51200K Free: 32467K (63%)
ptolemy.util.test.WatchDog.cancel(): canceling Fri Sep 25 16:18:37 UTC 2020
auto.tcl: Setting watchdog for 200 seconds at Fri Sep 25 16:18:37 UTC 2020
4 ms. Memory: 51200K Free: 31462K (61%)
ptolemy.util.test.WatchDog.cancel(): canceling Fri Sep 25 16:18:37 UTC 2020
------------------ testing $PTII/ptolemy/domains/de/test/auto/ResettableTimer2.xml
auto.tcl: Setting watchdog for 200 seconds at Fri Sep 25 16:18:37 UTC 2020
3 ms. Memory: 51200K Free: 32524K (64%)
ptolemy.util.test.WatchDog.cancel(): canceling Fri Sep 25 16:18:37 UTC 2020
auto.tcl: Setting watchdog for 200 seconds at Fri Sep 25 16:18:37 UTC 2020
3 ms. Memory: 51200K Free: 31500K (62%)
ptolemy.util.test.WatchDog.cancel(): canceling Fri Sep 25 16:18:37 UTC 2020
------------------ testing $PTII/ptolemy/domains/de/test/auto/ResettableTimer3.xml
auto.tcl: Setting watchdog for 200 seconds at Fri Sep 25 16:18:37 UTC 2020
1 ms. Memory: 51200K Free: 33032K (65%)
ptolemy.util.test.WatchDog.cancel(): canceling Fri Sep 25 16:18:37 UTC 2020
auto.tcl: Setting watchdog for 200 seconds at Fri Sep 25 16:18:37 UTC 2020
1 ms. Memory: 51200K Free: 32539K (64%)
ptolemy.util.test.WatchDog.cancel(): canceling Fri Sep 25 16:18:37 UTC 2020
------------------ testing $PTII/ptolemy/domains/de/test/auto/ResettableTimer4.xml
auto.tcl: Setting watchdog for 200 seconds at Fri Sep 25 16:18:37 UTC 2020
2 ms. Memory: 51200K Free: 32535K (64%)
ptolemy.util.test.WatchDog.cancel(): canceling Fri Sep 25 16:18:37 UTC 2020
auto.tcl: Setting watchdog for 200 seconds at Fri Sep 25 16:18:37 UTC 2020
1 ms. Memory: 51200K Free: 32040K (63%)
ptolemy.util.test.WatchDog.cancel(): canceling Fri Sep 25 16:18:37 UTC 2020
------------------ testing $PTII/ptolemy/domains/de/test/auto/ResettableTimer5.xml
auto.tcl: Setting watchdog for 200 seconds at Fri Sep 25 16:18:37 UTC 2020
4 ms. Memory: 51200K Free: 32013K (63%)
ptolemy.util.test.WatchDog.cancel(): canceling Fri Sep 25 16:18:37 UTC 2020
auto.tcl: Setting watchdog for 200 seconds at Fri Sep 25 16:18:37 UTC 2020
1 ms. Memory: 51200K Free: 31520K (62%)
ptolemy.util.test.WatchDog.cancel(): canceling Fri Sep 25 16:18:37 UTC 2020
------------------ testing $PTII/ptolemy/domains/de/test/auto/ResettableTimer6.xml
auto.tcl: Setting watchdog for 200 seconds at Fri Sep 25 16:18:37 UTC 2020
1 ms. Memory: 51200K Free: 31995K (62%)
ptolemy.util.test.WatchDog.cancel(): canceling Fri Sep 25 16:18:37 UTC 2020
auto.tcl: Setting watchdog for 200 seconds at Fri Sep 25 16:18:37 UTC 2020
1 ms. Memory: 51200K Free: 31499K (62%)
ptolemy.util.test.WatchDog.cancel(): canceling Fri Sep 25 16:18:37 UTC 2020
------------------ testing $PTII/ptolemy/domains/de/test/auto/ServerZeroDelay.xml
auto.tcl: Setting watchdog for 200 seconds at Fri Sep 25 16:18:37 UTC 2020
6 ms. Memory: 51200K Free: 32514K (64%)
ptolemy.util.test.WatchDog.cancel(): canceling Fri Sep 25 16:18:37 UTC 2020
auto.tcl: Setting watchdog for 200 seconds at Fri Sep 25 16:18:37 UTC 2020
3 ms. Memory: 51200K Free: 31496K (62%)
ptolemy.util.test.WatchDog.cancel(): canceling Fri Sep 25 16:18:37 UTC 2020
------------------ testing $PTII/ptolemy/domains/de/test/auto/SmartSender.xml
auto.tcl: Setting watchdog for 200 seconds at Fri Sep 25 16:18:38 UTC 2020
3002 ms. Memory: 51200K Free: 32509K (63%)
ptolemy.util.test.WatchDog.cancel(): canceling Fri Sep 25 16:18:41 UTC 2020
auto.tcl: Setting watchdog for 200 seconds at Fri Sep 25 16:18:41 UTC 2020
3001 ms. Memory: 51200K Free: 32014K (63%)
ptolemy.util.test.WatchDog.cancel(): canceling Fri Sep 25 16:18:44 UTC 2020
------------------ testing $PTII/ptolemy/domains/de/test/auto/ThreadedComposite.xml
auto.tcl: Setting watchdog for 200 seconds at Fri Sep 25 16:18:44 UTC 2020
231 ms. Memory: 51200K Free: 13577K (27%)
ptolemy.util.test.WatchDog.cancel(): canceling Fri Sep 25 16:18:44 UTC 2020
auto.tcl: Setting watchdog for 200 seconds at Fri Sep 25 16:18:44 UTC 2020
232 ms. Memory: 51200K Free: 26652K (52%)
ptolemy.util.test.WatchDog.cancel(): canceling Fri Sep 25 16:18:44 UTC 2020
------------------ testing $PTII/ptolemy/domains/de/test/auto/Time.xml
auto.tcl: Setting watchdog for 200 seconds at Fri Sep 25 16:18:44 UTC 2020
470 ms. Memory: 51200K Free: 9176K (18%)
ptolemy.util.test.WatchDog.cancel(): canceling Fri Sep 25 16:18:45 UTC 2020
auto.tcl: Setting watchdog for 200 seconds at Fri Sep 25 16:18:45 UTC 2020
417 ms. Memory: 51200K Free: 13012K (25%)
ptolemy.util.test.WatchDog.cancel(): canceling Fri Sep 25 16:18:45 UTC 2020
------------------ testing $PTII/ptolemy/domains/de/test/auto/TimeDelayZeroDelay.xml
auto.tcl: Setting watchdog for 200 seconds at Fri Sep 25 16:18:45 UTC 2020
2 ms. Memory: 51200K Free: 32870K (64%)
ptolemy.util.test.WatchDog.cancel(): canceling Fri Sep 25 16:18:45 UTC 2020
auto.tcl: Setting watchdog for 200 seconds at Fri Sep 25 16:18:45 UTC 2020
1 ms. Memory: 51200K Free: 32022K (63%)
ptolemy.util.test.WatchDog.cancel(): canceling Fri Sep 25 16:18:45 UTC 2020
------------------ testing $PTII/ptolemy/domains/de/test/auto/TimerZeroDelay.xml
auto.tcl: Setting watchdog for 200 seconds at Fri Sep 25 16:18:45 UTC 2020
3 ms. Memory: 51200K Free: 32849K (64%)
ptolemy.util.test.WatchDog.cancel(): canceling Fri Sep 25 16:18:45 UTC 2020
auto.tcl: Setting watchdog for 200 seconds at Fri Sep 25 16:18:45 UTC 2020
3 ms. Memory: 51200K Free: 32065K (63%)
ptolemy.util.test.WatchDog.cancel(): canceling Fri Sep 25 16:18:45 UTC 2020
------------------ testing $PTII/ptolemy/domains/de/test/auto/TimingParadox.xml
auto.tcl: Setting watchdog for 200 seconds at Fri Sep 25 16:18:45 UTC 2020
301 ms. Memory: 51200K Free: 21141K (41%)
ptolemy.util.test.WatchDog.cancel(): canceling Fri Sep 25 16:18:46 UTC 2020
auto.tcl: Setting watchdog for 200 seconds at Fri Sep 25 16:18:46 UTC 2020
312 ms. Memory: 51200K Free: 11936K (23%)
ptolemy.util.test.WatchDog.cancel(): canceling Fri Sep 25 16:18:46 UTC 2020
------------------ testing $PTII/ptolemy/domains/de/test/auto/TransferInputs.xml
auto.tcl: Setting watchdog for 200 seconds at Fri Sep 25 16:18:46 UTC 2020
2 ms. Memory: 51200K Free: 30947K (60%)
ptolemy.util.test.WatchDog.cancel(): canceling Fri Sep 25 16:18:46 UTC 2020
auto.tcl: Setting watchdog for 200 seconds at Fri Sep 25 16:18:46 UTC 2020
2 ms. Memory: 51200K Free: 30073K (59%)
ptolemy.util.test.WatchDog.cancel(): canceling Fri Sep 25 16:18:46 UTC 2020
------------------ testing $PTII/ptolemy/domains/de/test/auto/TransferOutputs2.xml
auto.tcl: Setting watchdog for 200 seconds at Fri Sep 25 16:18:46 UTC 2020
3 ms. Memory: 51200K Free: 28389K (55%)
ptolemy.util.test.WatchDog.cancel(): canceling Fri Sep 25 16:18:46 UTC 2020
auto.tcl: Setting watchdog for 200 seconds at Fri Sep 25 16:18:46 UTC 2020
3 ms. Memory: 51200K Free: 26958K (53%)
ptolemy.util.test.WatchDog.cancel(): canceling Fri Sep 25 16:18:46 UTC 2020
------------------ testing $PTII/ptolemy/domains/de/test/auto/Trilateration.xml
auto.tcl: Setting watchdog for 200 seconds at Fri Sep 25 16:18:46 UTC 2020
12200 ms. Memory: 531456K Free: 450134K (85%)
ptolemy.util.test.WatchDog.cancel(): canceling Fri Sep 25 16:19:00 UTC 2020
auto.tcl: Setting watchdog for 200 seconds at Fri Sep 25 16:19:00 UTC 2020
9178 ms. Memory: 531456K Free: 356170K (67%)
ptolemy.util.test.WatchDog.cancel(): canceling Fri Sep 25 16:19:09 UTC 2020
------------------ testing $PTII/ptolemy/domains/de/test/auto/TwoSigmaDelta.xml
auto.tcl: Setting watchdog for 200 seconds at Fri Sep 25 16:19:09 UTC 2020
2190 ms. Memory: 92160K Free: 39860K (43%)
ptolemy.util.test.WatchDog.cancel(): canceling Fri Sep 25 16:19:11 UTC 2020
auto.tcl: Setting watchdog for 200 seconds at Fri Sep 25 16:19:11 UTC 2020
1693 ms. Memory: 92160K Free: 45471K (49%)
ptolemy.util.test.WatchDog.cancel(): canceling Fri Sep 25 16:19:13 UTC 2020
------------------ testing $PTII/ptolemy/domains/de/test/auto/VariableDelay.xml
auto.tcl: Setting watchdog for 200 seconds at Fri Sep 25 16:19:13 UTC 2020
3 ms. Memory: 51200K Free: 31420K (61%)
ptolemy.util.test.WatchDog.cancel(): canceling Fri Sep 25 16:19:13 UTC 2020
auto.tcl: Setting watchdog for 200 seconds at Fri Sep 25 16:19:13 UTC 2020
2 ms. Memory: 51200K Free: 30412K (59%)
ptolemy.util.test.WatchDog.cancel(): canceling Fri Sep 25 16:19:13 UTC 2020
------------------ testing $PTII/ptolemy/domains/de/test/auto/VariableDelay2.xml
auto.tcl: Setting watchdog for 200 seconds at Fri Sep 25 16:19:13 UTC 2020
2 ms. Memory: 51200K Free: 31843K (62%)
ptolemy.util.test.WatchDog.cancel(): canceling Fri Sep 25 16:19:13 UTC 2020
auto.tcl: Setting watchdog for 200 seconds at Fri Sep 25 16:19:13 UTC 2020
2 ms. Memory: 51200K Free: 31339K (61%)
ptolemy.util.test.WatchDog.cancel(): canceling Fri Sep 25 16:19:13 UTC 2020
------------------ testing $PTII/ptolemy/domains/de/test/auto/VariableDelayZeroDelay.xml
auto.tcl: Setting watchdog for 200 seconds at Fri Sep 25 16:19:13 UTC 2020
2 ms. Memory: 51200K Free: 32461K (63%)
ptolemy.util.test.WatchDog.cancel(): canceling Fri Sep 25 16:19:13 UTC 2020
auto.tcl: Setting watchdog for 200 seconds at Fri Sep 25 16:19:13 UTC 2020
2 ms. Memory: 51200K Free: 31831K (62%)
ptolemy.util.test.WatchDog.cancel(): canceling Fri Sep 25 16:19:13 UTC 2020
------------------ testing $PTII/ptolemy/domains/de/test/auto/VariableDelayZeroDelay2.xml
auto.tcl: Setting watchdog for 200 seconds at Fri Sep 25 16:19:13 UTC 2020
2 ms. Memory: 51200K Free: 32436K (63%)
ptolemy.util.test.WatchDog.cancel(): canceling Fri Sep 25 16:19:13 UTC 2020
auto.tcl: Setting watchdog for 200 seconds at Fri Sep 25 16:19:13 UTC 2020
1 ms. Memory: 51200K Free: 31337K (61%)
ptolemy.util.test.WatchDog.cancel(): canceling Fri Sep 25 16:19:13 UTC 2020
------------------ testing $PTII/ptolemy/domains/de/test/auto/deInCt.xml
auto.tcl: Setting watchdog for 200 seconds at Fri Sep 25 16:19:13 UTC 2020
0
1
1
1
1
0
0
0
1
1
1
0
0
0
1
1
1
1
0
0
0
0
1
1
1
1
0
0
0
1
1
1
0
0
0
0
0
11 ms. Memory: 51200K Free: 31355K (61%)
ptolemy.util.test.WatchDog.cancel(): canceling Fri Sep 25 16:19:13 UTC 2020
auto.tcl: Setting watchdog for 200 seconds at Fri Sep 25 16:19:13 UTC 2020
0
1
1
1
0
0
0
1
1
1
1
1
0
0
0
1
1
1
0
0
0
1
1
1
0
0
0
0
0
1
1
1
0
0
0
1
1
1
1
1
6 ms. Memory: 51200K Free: 29796K (58%)
ptolemy.util.test.WatchDog.cancel(): canceling Fri Sep 25 16:19:13 UTC 2020
------------------ testing $PTII/ptolemy/domains/de/test/auto/deInCt2.xml
auto.tcl: Setting watchdog for 200 seconds at Fri Sep 25 16:19:13 UTC 2020
0
1
1
1
0
0
1
1
1
0
0
1
1
1
0
0
1
1
1
0
0
1
1
1
0
0
1
1
1
0
0
1
1
1
0
0
1
1
1
0
0
0
10 ms. Memory: 51200K Free: 31380K (61%)
ptolemy.util.test.WatchDog.cancel(): canceling Fri Sep 25 16:19:13 UTC 2020
auto.tcl: Setting watchdog for 200 seconds at Fri Sep 25 16:19:13 UTC 2020
0
1
1
1
0
0
1
1
1
0
0
1
1
1
0
0
1
1
1
0
0
1
1
1
0
0
1
1
1
0
0
1
1
1
0
0
1
1
1
0
0
0
9 ms. Memory: 51200K Free: 29797K (58%)
ptolemy.util.test.WatchDog.cancel(): canceling Fri Sep 25 16:19:13 UTC 2020
------------------ testing $PTII/ptolemy/domains/de/test/auto/dynamicCausalityInterface1.xml
auto.tcl: Setting watchdog for 200 seconds at Fri Sep 25 16:19:13 UTC 2020
2 ms. Memory: 51200K Free: 27233K (53%)
ptolemy.util.test.WatchDog.cancel(): canceling Fri Sep 25 16:19:13 UTC 2020
auto.tcl: Setting watchdog for 200 seconds at Fri Sep 25 16:19:13 UTC 2020
1 ms. Memory: 51200K Free: 26689K (52%)
ptolemy.util.test.WatchDog.cancel(): canceling Fri Sep 25 16:19:13 UTC 2020
------------------ testing $PTII/ptolemy/domains/de/test/auto/fsm_de_test.xml
auto.tcl: Setting watchdog for 200 seconds at Fri Sep 25 16:19:13 UTC 2020
9 ms. Memory: 51200K Free: 27215K (53%)
ptolemy.util.test.WatchDog.cancel(): canceling Fri Sep 25 16:19:13 UTC 2020
auto.tcl: Setting watchdog for 200 seconds at Fri Sep 25 16:19:13 UTC 2020
9 ms. Memory: 51200K Free: 25084K (49%)
ptolemy.util.test.WatchDog.cancel(): canceling Fri Sep 25 16:19:13 UTC 2020
------------------ testing $PTII/ptolemy/domains/de/test/auto/functionDependencyReconstruction.xml
auto.tcl: Setting watchdog for 200 seconds at Fri Sep 25 16:19:13 UTC 2020
3 ms. Memory: 51200K Free: 21100K (41%)
ptolemy.util.test.WatchDog.cancel(): canceling Fri Sep 25 16:19:13 UTC 2020
auto.tcl: Setting watchdog for 200 seconds at Fri Sep 25 16:19:13 UTC 2020
2 ms. Memory: 51200K Free: 19440K (38%)
ptolemy.util.test.WatchDog.cancel(): canceling Fri Sep 25 16:19:13 UTC 2020
------------------ testing $PTII/ptolemy/domains/de/test/auto/multirate.xml
auto.tcl: Setting watchdog for 200 seconds at Fri Sep 25 16:19:13 UTC 2020
5 ms. Memory: 51200K Free: 29757K (58%)
ptolemy.util.test.WatchDog.cancel(): canceling Fri Sep 25 16:19:13 UTC 2020
auto.tcl: Setting watchdog for 200 seconds at Fri Sep 25 16:19:13 UTC 2020
4 ms. Memory: 51200K Free: 28027K (55%)
ptolemy.util.test.WatchDog.cancel(): canceling Fri Sep 25 16:19:14 UTC 2020
------------------ testing $PTII/ptolemy/domains/de/test/auto/multirate2.xml
auto.tcl: Setting watchdog for 200 seconds at Fri Sep 25 16:19:14 UTC 2020
3 ms. Memory: 51200K Free: 29928K (58%)
ptolemy.util.test.WatchDog.cancel(): canceling Fri Sep 25 16:19:14 UTC 2020
auto.tcl: Setting watchdog for 200 seconds at Fri Sep 25 16:19:14 UTC 2020
3 ms. Memory: 51200K Free: 28209K (55%)
ptolemy.util.test.WatchDog.cancel(): canceling Fri Sep 25 16:19:14 UTC 2020
------------------ testing $PTII/ptolemy/domains/de/test/auto/realtime.xml
auto.tcl: Setting watchdog for 200 seconds at Fri Sep 25 16:19:14 UTC 2020
10002 ms. Memory: 51200K Free: 32004K (63%)
ptolemy.util.test.WatchDog.cancel(): canceling Fri Sep 25 16:19:24 UTC 2020
auto.tcl: Setting watchdog for 200 seconds at Fri Sep 25 16:19:24 UTC 2020
10002 ms. Memory: 51200K Free: 31492K (62%)
ptolemy.util.test.WatchDog.cancel(): canceling Fri Sep 25 16:19:34 UTC 2020
------------------ testing $PTII/ptolemy/domains/de/test/auto/relationGroup.xml
auto.tcl: Setting watchdog for 200 seconds at Fri Sep 25 16:19:34 UTC 2020
2 ms. Memory: 51200K Free: 33082K (65%)
ptolemy.util.test.WatchDog.cancel(): canceling Fri Sep 25 16:19:34 UTC 2020
auto.tcl: Setting watchdog for 200 seconds at Fri Sep 25 16:19:34 UTC 2020
2 ms. Memory: 51200K Free: 32570K (64%)
ptolemy.util.test.WatchDog.cancel(): canceling Fri Sep 25 16:19:34 UTC 2020
------------------ testing $PTII/ptolemy/domains/de/test/auto/relationGroup2.xml
auto.tcl: Setting watchdog for 200 seconds at Fri Sep 25 16:19:34 UTC 2020
1 ms. Memory: 51200K Free: 33108K (65%)
ptolemy.util.test.WatchDog.cancel(): canceling Fri Sep 25 16:19:34 UTC 2020
auto.tcl: Setting watchdog for 200 seconds at Fri Sep 25 16:19:34 UTC 2020
1 ms. Memory: 51200K Free: 32564K (64%)
ptolemy.util.test.WatchDog.cancel(): canceling Fri Sep 25 16:19:34 UTC 2020
------------------ testing $PTII/ptolemy/domains/de/test/auto/sortWithOpaquePorts.xml
auto.tcl: Setting watchdog for 200 seconds at Fri Sep 25 16:19:34 UTC 2020
2 ms. Memory: 51200K Free: 32384K (63%)
ptolemy.util.test.WatchDog.cancel(): canceling Fri Sep 25 16:19:34 UTC 2020
auto.tcl: Setting watchdog for 200 seconds at Fri Sep 25 16:19:34 UTC 2020
2 ms. Memory: 51200K Free: 30846K (60%)
ptolemy.util.test.WatchDog.cancel(): canceling Fri Sep 25 16:19:34 UTC 2020
------------------ testing $PTII/ptolemy/domains/de/test/auto/transferInputsandOutputs.xml
auto.tcl: Setting watchdog for 200 seconds at Fri Sep 25 16:19:34 UTC 2020
2 ms. Memory: 51200K Free: 29299K (57%)
ptolemy.util.test.WatchDog.cancel(): canceling Fri Sep 25 16:19:34 UTC 2020
auto.tcl: Setting watchdog for 200 seconds at Fri Sep 25 16:19:34 UTC 2020
1 ms. Memory: 51200K Free: 28275K (55%)
ptolemy.util.test.WatchDog.cancel(): canceling Fri Sep 25 16:19:34 UTC 2020
------------------ testing $PTII/ptolemy/domains/de/test/auto/triggerType.xml
auto.tcl: Setting watchdog for 200 seconds at Fri Sep 25 16:19:34 UTC 2020
2 ms. Memory: 51200K Free: 32324K (63%)
ptolemy.util.test.WatchDog.cancel(): canceling Fri Sep 25 16:19:34 UTC 2020
auto.tcl: Setting watchdog for 200 seconds at Fri Sep 25 16:19:34 UTC 2020
1 ms. Memory: 51200K Free: 31300K (61%)
ptolemy.util.test.WatchDog.cancel(): canceling Fri Sep 25 16:19:34 UTC 2020
09/25/20 04:19:34
Failed: 0  Total Tests: 192  ((Passed: 187, Newly Passed: 1)  Known Failed: 5) /home/travis/build/icyphy/ptII/ptolemy/domains/de/test
09/25/20 04:19:34
Failed: 0  Total Tests: 192  ((Passed: 187, Newly Passed: 1)  Known Failed: 5) /home/travis/build/icyphy/ptII/ptolemy/domains/de/test
----------------- testing (KnownFailure) /home/travis/build/icyphy/ptII/ptolemy/domains/de/test/auto/knownFailedTests/DESDFClockTest.xml
2015 ms. Memory: 51200K Free: 25719K (50%)
Known Failure: java.lang.reflect.InvocationTargetException
----------------- testing (KnownFailure) /home/travis/build/icyphy/ptII/ptolemy/domains/de/test/auto/knownFailedTests/DirectFeedback.xml
1 ms. Memory: 51200K Free: 21623K (42%)
Known Failure: java.lang.reflect.InvocationTargetException
----------------- testing (KnownFailure) /home/travis/build/icyphy/ptII/ptolemy/domains/de/test/auto/knownFailedTests/FSMSource.xml
15 ms. Memory: 51200K Free: 13945K (27%)
----------------- testing (KnownFailure) /home/travis/build/icyphy/ptII/ptolemy/domains/de/test/auto/knownFailedTests/HierarchicalModel.xml
3 ms. Memory: 51200K Free: 27220K (53%)
Known Failure: java.lang.reflect.InvocationTargetException
----------------- testing (KnownFailure) /home/travis/build/icyphy/ptII/ptolemy/domains/de/test/auto/knownFailedTests/dependencyLoop.xml
2 ms. Memory: 51200K Free: 12193K (24%)
Known Failure: java.lang.reflect.InvocationTargetException
----------------- testing (KnownFailure) /home/travis/build/icyphy/ptII/ptolemy/domains/de/test/auto/knownFailedTests/dependencyLoop2.xml
7 ms. Memory: 51200K Free: 25817K (50%)
Known Failure: java.lang.reflect.InvocationTargetException
No auto/linux-amd64/*.xml tests in /home/travis/build/icyphy/ptII/ptolemy/domains/de/test
AutoTests.java: About to close Vertx.
AutoTests.java: Vertx closed.

===========================================================================================
----------------- testing Fri Sep 25 16:19:36 UTC 2020 /home/travis/build/icyphy/ptII/ptolemy/domains/de/test/auto/ActorDepthCalculation_actorWithoutPorts.xml
----------------- Instantiating /home/travis/build/icyphy/ptII/ptolemy/domains/de/test/auto/ActorDepthCalculation_actorWithoutPorts.xml
2 ms. Memory: 51200K Free: 18922K (37%)
----------------- Invoking toplevel() on ptolemy.moml.MoMLSimpleApplication@4b4f17ff
----------------- Done invoking toplevel() on ptolemy.moml.MoMLSimpleApplication@4b4f17ff
reloadAllAccessors: .ActorDepthCalculation_actorWithoutPorts

===========================================================================================
----------------- testing Fri Sep 25 16:19:36 UTC 2020 /home/travis/build/icyphy/ptII/ptolemy/domains/de/test/auto/AssemblyLine.xml
----------------- Instantiating /home/travis/build/icyphy/ptII/ptolemy/domains/de/test/auto/AssemblyLine.xml
3 ms. Memory: 51200K Free: 11794K (23%)
----------------- Invoking toplevel() on ptolemy.moml.MoMLSimpleApplication@2d016dcf
----------------- Done invoking toplevel() on ptolemy.moml.MoMLSimpleApplication@2d016dcf
reloadAllAccessors: .AssemblyLine

===========================================================================================
----------------- testing Fri Sep 25 16:19:36 UTC 2020 /home/travis/build/icyphy/ptII/ptolemy/domains/de/test/auto/CQBug1.xml
----------------- Instantiating /home/travis/build/icyphy/ptII/ptolemy/domains/de/test/auto/CQBug1.xml
1 ms. Memory: 51200K Free: 9033K (18%)
----------------- Invoking toplevel() on ptolemy.moml.MoMLSimpleApplication@5fed3a83
----------------- Done invoking toplevel() on ptolemy.moml.MoMLSimpleApplication@5fed3a83
reloadAllAccessors: .CQBug1

===========================================================================================
----------------- testing Fri Sep 25 16:19:36 UTC 2020 /home/travis/build/icyphy/ptII/ptolemy/domains/de/test/auto/CancelFireAt.xml
----------------- Instantiating /home/travis/build/icyphy/ptII/ptolemy/domains/de/test/auto/CancelFireAt.xml
2 ms. Memory: 51200K Free: 35407K (69%)
----------------- Invoking toplevel() on ptolemy.moml.MoMLSimpleApplication@1eea46b2
----------------- Done invoking toplevel() on ptolemy.moml.MoMLSimpleApplication@1eea46b2
reloadAllAccessors: .CancelFireAt

===========================================================================================
----------------- testing Fri Sep 25 16:19:36 UTC 2020 /home/travis/build/icyphy/ptII/ptolemy/domains/de/test/auto/CausalityAndComposabilityAnalysis.xml
----------------- Instantiating /home/travis/build/icyphy/ptII/ptolemy/domains/de/test/auto/CausalityAndComposabilityAnalysis.xml
2 ms. Memory: 51200K Free: 31158K (61%)
----------------- Invoking toplevel() on ptolemy.moml.MoMLSimpleApplication@290e7060
----------------- Done invoking toplevel() on ptolemy.moml.MoMLSimpleApplication@290e7060
reloadAllAccessors: .CausalityAndComposabilityAnalysis

===========================================================================================
----------------- testing Fri Sep 25 16:19:36 UTC 2020 /home/travis/build/icyphy/ptII/ptolemy/domains/de/test/auto/CausalityInterface1.xml
----------------- Instantiating /home/travis/build/icyphy/ptII/ptolemy/domains/de/test/auto/CausalityInterface1.xml
5 ms. Memory: 51200K Free: 26052K (51%)
----------------- Invoking toplevel() on ptolemy.moml.MoMLSimpleApplication@5bfde55c
----------------- Done invoking toplevel() on ptolemy.moml.MoMLSimpleApplication@5bfde55c
reloadAllAccessors: .CausalityInterface1

===========================================================================================
----------------- testing Fri Sep 25 16:19:36 UTC 2020 /home/travis/build/icyphy/ptII/ptolemy/domains/de/test/auto/CausalityInterface15.xml
----------------- Instantiating /home/travis/build/icyphy/ptII/ptolemy/domains/de/test/auto/CausalityInterface15.xml
2 ms. Memory: 51200K Free: 20506K (40%)
----------------- Invoking toplevel() on ptolemy.moml.MoMLSimpleApplication@4e4d1d30
----------------- Done invoking toplevel() on ptolemy.moml.MoMLSimpleApplication@4e4d1d30
reloadAllAccessors: .CausalityInterface15

===========================================================================================
----------------- testing Fri Sep 25 16:19:36 UTC 2020 /home/travis/build/icyphy/ptII/ptolemy/domains/de/test/auto/CausalityInterface2.xml
----------------- Instantiating /home/travis/build/icyphy/ptII/ptolemy/domains/de/test/auto/CausalityInterface2.xml
1 ms. Memory: 51200K Free: 16061K (31%)
----------------- Invoking toplevel() on ptolemy.moml.MoMLSimpleApplication@6c9153ec
----------------- Done invoking toplevel() on ptolemy.moml.MoMLSimpleApplication@6c9153ec
reloadAllAccessors: .CausalityInterface2

===========================================================================================
----------------- testing Fri Sep 25 16:19:36 UTC 2020 /home/travis/build/icyphy/ptII/ptolemy/domains/de/test/auto/CausalityInterface3.xml
----------------- Instantiating /home/travis/build/icyphy/ptII/ptolemy/domains/de/test/auto/CausalityInterface3.xml
2 ms. Memory: 51200K Free: 11268K (22%)
----------------- Invoking toplevel() on ptolemy.moml.MoMLSimpleApplication@3ed6af7f
----------------- Done invoking toplevel() on ptolemy.moml.MoMLSimpleApplication@3ed6af7f
reloadAllAccessors: .CausalityInterface3

===========================================================================================
----------------- testing Fri Sep 25 16:19:36 UTC 2020 /home/travis/build/icyphy/ptII/ptolemy/domains/de/test/auto/ClockDrift.xml
----------------- Instantiating /home/travis/build/icyphy/ptII/ptolemy/domains/de/test/auto/ClockDrift.xml
18 ms. Memory: 51200K Free: 28270K (55%)
----------------- Invoking toplevel() on ptolemy.moml.MoMLSimpleApplication@2f0392e2
----------------- Done invoking toplevel() on ptolemy.moml.MoMLSimpleApplication@2f0392e2
reloadAllAccessors: .ClockDrift

===========================================================================================
----------------- testing Fri Sep 25 16:19:36 UTC 2020 /home/travis/build/icyphy/ptII/ptolemy/domains/de/test/auto/ClockDriftAndValueChange.xml
----------------- Instantiating /home/travis/build/icyphy/ptII/ptolemy/domains/de/test/auto/ClockDriftAndValueChange.xml
11 ms. Memory: 51200K Free: 16537K (32%)
----------------- Invoking toplevel() on ptolemy.moml.MoMLSimpleApplication@ecbfc8b
----------------- Done invoking toplevel() on ptolemy.moml.MoMLSimpleApplication@ecbfc8b
reloadAllAccessors: .ClockDriftAndValueChange

===========================================================================================
----------------- testing Fri Sep 25 16:19:36 UTC 2020 /home/travis/build/icyphy/ptII/ptolemy/domains/de/test/auto/ClockDriftChange.xml
----------------- Instantiating /home/travis/build/icyphy/ptII/ptolemy/domains/de/test/auto/ClockDriftChange.xml
12 ms. Memory: 51200K Free: 34499K (67%)
----------------- Invoking toplevel() on ptolemy.moml.MoMLSimpleApplication@54ee4000
----------------- Done invoking toplevel() on ptolemy.moml.MoMLSimpleApplication@54ee4000
reloadAllAccessors: .ClockDriftChange

===========================================================================================
----------------- testing Fri Sep 25 16:19:36 UTC 2020 /home/travis/build/icyphy/ptII/ptolemy/domains/de/test/auto/ComposableCausalityAnalysis.xml
----------------- Instantiating /home/travis/build/icyphy/ptII/ptolemy/domains/de/test/auto/ComposableCausalityAnalysis.xml
1 ms. Memory: 51200K Free: 28507K (56%)
----------------- Invoking toplevel() on ptolemy.moml.MoMLSimpleApplication@767a68b2
----------------- Done invoking toplevel() on ptolemy.moml.MoMLSimpleApplication@767a68b2
reloadAllAccessors: .ComposableCausalityAnalysis

===========================================================================================
----------------- testing Fri Sep 25 16:19:37 UTC 2020 /home/travis/build/icyphy/ptII/ptolemy/domains/de/test/auto/DEFixedPointLimitation.xml
----------------- Instantiating /home/travis/build/icyphy/ptII/ptolemy/domains/de/test/auto/DEFixedPointLimitation.xml
1 ms. Memory: 51200K Free: 24032K (47%)
----------------- Invoking toplevel() on ptolemy.moml.MoMLSimpleApplication@1bf58161
----------------- Done invoking toplevel() on ptolemy.moml.MoMLSimpleApplication@1bf58161
reloadAllAccessors: .DEFixedPointLimitation

===========================================================================================
----------------- testing Fri Sep 25 16:19:37 UTC 2020 /home/travis/build/icyphy/ptII/ptolemy/domains/de/test/auto/DEScheduleTest.xml
----------------- Instantiating /home/travis/build/icyphy/ptII/ptolemy/domains/de/test/auto/DEScheduleTest.xml
2 ms. Memory: 51200K Free: 19872K (39%)
----------------- Invoking toplevel() on ptolemy.moml.MoMLSimpleApplication@4c969dd8
----------------- Done invoking toplevel() on ptolemy.moml.MoMLSimpleApplication@4c969dd8
reloadAllAccessors: .DEScheduleTest

===========================================================================================
----------------- testing Fri Sep 25 16:19:37 UTC 2020 /home/travis/build/icyphy/ptII/ptolemy/domains/de/test/auto/DEinDEwithStartTimes.xml
----------------- Instantiating /home/travis/build/icyphy/ptII/ptolemy/domains/de/test/auto/DEinDEwithStartTimes.xml
2 ms. Memory: 51200K Free: 14219K (28%)
----------------- Invoking toplevel() on ptolemy.moml.MoMLSimpleApplication@2830911c
----------------- Done invoking toplevel() on ptolemy.moml.MoMLSimpleApplication@2830911c
reloadAllAccessors: .DEinDEwithStartTimes

===========================================================================================
----------------- testing Fri Sep 25 16:19:37 UTC 2020 /home/travis/build/icyphy/ptII/ptolemy/domains/de/test/auto/DEinDEwithStartTimes2.xml
----------------- Instantiating /home/travis/build/icyphy/ptII/ptolemy/domains/de/test/auto/DEinDEwithStartTimes2.xml
8 ms. Memory: 51200K Free: 35431K (69%)
----------------- Invoking toplevel() on ptolemy.moml.MoMLSimpleApplication@5a4056b3
----------------- Done invoking toplevel() on ptolemy.moml.MoMLSimpleApplication@5a4056b3
reloadAllAccessors: .DEinDEwithStartTimes2

===========================================================================================
----------------- testing Fri Sep 25 16:19:37 UTC 2020 /home/travis/build/icyphy/ptII/ptolemy/domains/de/test/auto/DateDemo.xml
----------------- Instantiating /home/travis/build/icyphy/ptII/ptolemy/domains/de/test/auto/DateDemo.xml
5 ms. Memory: 51200K Free: 24334K (48%)
----------------- Invoking toplevel() on ptolemy.moml.MoMLSimpleApplication@1cec44d7
----------------- Done invoking toplevel() on ptolemy.moml.MoMLSimpleApplication@1cec44d7
reloadAllAccessors: .DateDemo

===========================================================================================
----------------- testing Fri Sep 25 16:19:37 UTC 2020 /home/travis/build/icyphy/ptII/ptolemy/domains/de/test/auto/DateToEvent.xml
----------------- Instantiating /home/travis/build/icyphy/ptII/ptolemy/domains/de/test/auto/DateToEvent.xml
2004 ms. Memory: 51200K Free: 8844K (17%)
----------------- Invoking toplevel() on ptolemy.moml.MoMLSimpleApplication@3bac6455
----------------- Done invoking toplevel() on ptolemy.moml.MoMLSimpleApplication@3bac6455
reloadAllAccessors: .DateToEvent

===========================================================================================
----------------- testing Fri Sep 25 16:19:39 UTC 2020 /home/travis/build/icyphy/ptII/ptolemy/domains/de/test/auto/DepthTest1.xml
----------------- Instantiating /home/travis/build/icyphy/ptII/ptolemy/domains/de/test/auto/DepthTest1.xml
1 ms. Memory: 51200K Free: 33770K (66%)
----------------- Invoking toplevel() on ptolemy.moml.MoMLSimpleApplication@2b0a5ba8
----------------- Done invoking toplevel() on ptolemy.moml.MoMLSimpleApplication@2b0a5ba8
reloadAllAccessors: .DepthTest1

===========================================================================================
----------------- testing Fri Sep 25 16:19:39 UTC 2020 /home/travis/build/icyphy/ptII/ptolemy/domains/de/test/auto/DepthTest2.xml
----------------- Instantiating /home/travis/build/icyphy/ptII/ptolemy/domains/de/test/auto/DepthTest2.xml
2 ms. Memory: 51200K Free: 27441K (54%)
----------------- Invoking toplevel() on ptolemy.moml.MoMLSimpleApplication@27e0b8c0
----------------- Done invoking toplevel() on ptolemy.moml.MoMLSimpleApplication@27e0b8c0
reloadAllAccessors: .DepthTest2

===========================================================================================
----------------- testing Fri Sep 25 16:19:39 UTC 2020 /home/travis/build/icyphy/ptII/ptolemy/domains/de/test/auto/DepthTest3.xml
----------------- Instantiating /home/travis/build/icyphy/ptII/ptolemy/domains/de/test/auto/DepthTest3.xml
1 ms. Memory: 51200K Free: 24568K (48%)
----------------- Invoking toplevel() on ptolemy.moml.MoMLSimpleApplication@35303882
----------------- Done invoking toplevel() on ptolemy.moml.MoMLSimpleApplication@35303882
reloadAllAccessors: .DepthTest3

===========================================================================================
----------------- testing Fri Sep 25 16:19:39 UTC 2020 /home/travis/build/icyphy/ptII/ptolemy/domains/de/test/auto/DepthTest4.xml
----------------- Instantiating /home/travis/build/icyphy/ptII/ptolemy/domains/de/test/auto/DepthTest4.xml
1 ms. Memory: 51200K Free: 19841K (39%)
----------------- Invoking toplevel() on ptolemy.moml.MoMLSimpleApplication@539c5fe5
----------------- Done invoking toplevel() on ptolemy.moml.MoMLSimpleApplication@539c5fe5
reloadAllAccessors: .DepthTest4

===========================================================================================
----------------- testing Fri Sep 25 16:19:39 UTC 2020 /home/travis/build/icyphy/ptII/ptolemy/domains/de/test/auto/DepthTest5.xml
----------------- Instantiating /home/travis/build/icyphy/ptII/ptolemy/domains/de/test/auto/DepthTest5.xml
2 ms. Memory: 51200K Free: 14529K (28%)
----------------- Invoking toplevel() on ptolemy.moml.MoMLSimpleApplication@5e2b78a8
----------------- Done invoking toplevel() on ptolemy.moml.MoMLSimpleApplication@5e2b78a8
reloadAllAccessors: .DepthTest5

===========================================================================================
----------------- testing Fri Sep 25 16:19:39 UTC 2020 /home/travis/build/icyphy/ptII/ptolemy/domains/de/test/auto/DepthTest6.xml
----------------- Instantiating /home/travis/build/icyphy/ptII/ptolemy/domains/de/test/auto/DepthTest6.xml
2 ms. Memory: 51200K Free: 9208K (18%)
----------------- Invoking toplevel() on ptolemy.moml.MoMLSimpleApplication@50964e7f
----------------- Done invoking toplevel() on ptolemy.moml.MoMLSimpleApplication@50964e7f
reloadAllAccessors: .DepthTest6

===========================================================================================
----------------- testing Fri Sep 25 16:19:39 UTC 2020 /home/travis/build/icyphy/ptII/ptolemy/domains/de/test/auto/DepthTest7.xml
----------------- Instantiating /home/travis/build/icyphy/ptII/ptolemy/domains/de/test/auto/DepthTest7.xml
2 ms. Memory: 51200K Free: 32137K (63%)
----------------- Invoking toplevel() on ptolemy.moml.MoMLSimpleApplication@5ba873b1
----------------- Done invoking toplevel() on ptolemy.moml.MoMLSimpleApplication@5ba873b1
reloadAllAccessors: .DepthTest7

===========================================================================================
----------------- testing Fri Sep 25 16:19:39 UTC 2020 /home/travis/build/icyphy/ptII/ptolemy/domains/de/test/auto/EventToDate.xml
----------------- Instantiating /home/travis/build/icyphy/ptII/ptolemy/domains/de/test/auto/EventToDate.xml
3011 ms. Memory: 51200K Free: 18730K (37%)
----------------- Invoking toplevel() on ptolemy.moml.MoMLSimpleApplication@4fda95bb
----------------- Done invoking toplevel() on ptolemy.moml.MoMLSimpleApplication@4fda95bb
reloadAllAccessors: .EventToDate

===========================================================================================
----------------- testing Fri Sep 25 16:19:42 UTC 2020 /home/travis/build/icyphy/ptII/ptolemy/domains/de/test/auto/FSM1.xml
----------------- Instantiating /home/travis/build/icyphy/ptII/ptolemy/domains/de/test/auto/FSM1.xml
21 ms. Memory: 51200K Free: 34683K (68%)
----------------- Invoking toplevel() on ptolemy.moml.MoMLSimpleApplication@72eaa6cb
----------------- Done invoking toplevel() on ptolemy.moml.MoMLSimpleApplication@72eaa6cb
reloadAllAccessors: .FSM1

===========================================================================================
----------------- testing Fri Sep 25 16:19:42 UTC 2020 /home/travis/build/icyphy/ptII/ptolemy/domains/de/test/auto/FSM7.xml
----------------- Instantiating /home/travis/build/icyphy/ptII/ptolemy/domains/de/test/auto/FSM7.xml
14 ms. Memory: 51200K Free: 22269K (43%)
----------------- Invoking toplevel() on ptolemy.moml.MoMLSimpleApplication@1e830b1b
----------------- Done invoking toplevel() on ptolemy.moml.MoMLSimpleApplication@1e830b1b
reloadAllAccessors: .FSM7

===========================================================================================
----------------- testing Fri Sep 25 16:19:42 UTC 2020 /home/travis/build/icyphy/ptII/ptolemy/domains/de/test/auto/Inspection.xml
----------------- Instantiating /home/travis/build/icyphy/ptII/ptolemy/domains/de/test/auto/Inspection.xml
11 ms. Memory: 51200K Free: 9997K (20%)
----------------- Invoking toplevel() on ptolemy.moml.MoMLSimpleApplication@6692144b
----------------- Done invoking toplevel() on ptolemy.moml.MoMLSimpleApplication@6692144b
reloadAllAccessors: .Inspection

===========================================================================================
----------------- testing Fri Sep 25 16:19:42 UTC 2020 /home/travis/build/icyphy/ptII/ptolemy/domains/de/test/auto/Iteration.xml
----------------- Instantiating /home/travis/build/icyphy/ptII/ptolemy/domains/de/test/auto/Iteration.xml
11 ms. Memory: 51200K Free: 30449K (59%)
----------------- Invoking toplevel() on ptolemy.moml.MoMLSimpleApplication@68d5abe
----------------- Done invoking toplevel() on ptolemy.moml.MoMLSimpleApplication@68d5abe
reloadAllAccessors: .Iteration

===========================================================================================
----------------- testing Fri Sep 25 16:19:42 UTC 2020 /home/travis/build/icyphy/ptII/ptolemy/domains/de/test/auto/LineFault.xml
----------------- Instantiating /home/travis/build/icyphy/ptII/ptolemy/domains/de/test/auto/LineFault.xml
374 ms. Memory: 51200K Free: 24977K (49%)
----------------- Invoking toplevel() on ptolemy.moml.MoMLSimpleApplication@15ac9aa9
----------------- Done invoking toplevel() on ptolemy.moml.MoMLSimpleApplication@15ac9aa9
reloadAllAccessors: .LineFault

===========================================================================================
----------------- testing Fri Sep 25 16:19:43 UTC 2020 /home/travis/build/icyphy/ptII/ptolemy/domains/de/test/auto/MergeModel1Add.xml
----------------- Instantiating /home/travis/build/icyphy/ptII/ptolemy/domains/de/test/auto/MergeModel1Add.xml
5 ms. Memory: 51200K Free: 31901K (62%)
----------------- Invoking toplevel() on ptolemy.moml.MoMLSimpleApplication@57c1ed7c
----------------- Done invoking toplevel() on ptolemy.moml.MoMLSimpleApplication@57c1ed7c
reloadAllAccessors: .MergeModel1Add

===========================================================================================
----------------- testing Fri Sep 25 16:19:43 UTC 2020 /home/travis/build/icyphy/ptII/ptolemy/domains/de/test/auto/MergeModel2Add.xml
----------------- Instantiating /home/travis/build/icyphy/ptII/ptolemy/domains/de/test/auto/MergeModel2Add.xml
5 ms. Memory: 51200K Free: 14509K (28%)
----------------- Invoking toplevel() on ptolemy.moml.MoMLSimpleApplication@3a27286f
----------------- Done invoking toplevel() on ptolemy.moml.MoMLSimpleApplication@3a27286f
reloadAllAccessors: .MergeModel2Add

===========================================================================================
----------------- testing Fri Sep 25 16:19:43 UTC 2020 /home/travis/build/icyphy/ptII/ptolemy/domains/de/test/auto/MergeModel3Add.xml
----------------- Instantiating /home/travis/build/icyphy/ptII/ptolemy/domains/de/test/auto/MergeModel3Add.xml
5 ms. Memory: 51200K Free: 22446K (44%)
----------------- Invoking toplevel() on ptolemy.moml.MoMLSimpleApplication@432a5676
----------------- Done invoking toplevel() on ptolemy.moml.MoMLSimpleApplication@432a5676
reloadAllAccessors: .MergeModel3Add

===========================================================================================
----------------- testing Fri Sep 25 16:19:43 UTC 2020 /home/travis/build/icyphy/ptII/ptolemy/domains/de/test/auto/MergeWithoutDiscard.xml
----------------- Instantiating /home/travis/build/icyphy/ptII/ptolemy/domains/de/test/auto/MergeWithoutDiscard.xml
1 ms. Memory: 51200K Free: 18280K (36%)
----------------- Invoking toplevel() on ptolemy.moml.MoMLSimpleApplication@6eaad544
----------------- Done invoking toplevel() on ptolemy.moml.MoMLSimpleApplication@6eaad544
reloadAllAccessors: .MergeWithoutDiscard

===========================================================================================
----------------- testing Fri Sep 25 16:19:43 UTC 2020 /home/travis/build/icyphy/ptII/ptolemy/domains/de/test/auto/Modal1.xml
----------------- Instantiating /home/travis/build/icyphy/ptII/ptolemy/domains/de/test/auto/Modal1.xml
14 ms. Memory: 51200K Free: 32084K (63%)
----------------- Invoking toplevel() on ptolemy.moml.MoMLSimpleApplication@1b41eecb
----------------- Done invoking toplevel() on ptolemy.moml.MoMLSimpleApplication@1b41eecb
reloadAllAccessors: .Modal1

===========================================================================================
----------------- testing Fri Sep 25 16:19:43 UTC 2020 /home/travis/build/icyphy/ptII/ptolemy/domains/de/test/auto/Modal2.xml
----------------- Instantiating /home/travis/build/icyphy/ptII/ptolemy/domains/de/test/auto/Modal2.xml
8 ms. Memory: 51200K Free: 20076K (39%)
----------------- Invoking toplevel() on ptolemy.moml.MoMLSimpleApplication@51e22a4d
----------------- Done invoking toplevel() on ptolemy.moml.MoMLSimpleApplication@51e22a4d
reloadAllAccessors: .Modal2

===========================================================================================
----------------- testing Fri Sep 25 16:19:43 UTC 2020 /home/travis/build/icyphy/ptII/ptolemy/domains/de/test/auto/Modal3.xml
----------------- Instantiating /home/travis/build/icyphy/ptII/ptolemy/domains/de/test/auto/Modal3.xml
10 ms. Memory: 51200K Free: 33609K (66%)
----------------- Invoking toplevel() on ptolemy.moml.MoMLSimpleApplication@493b213f
----------------- Done invoking toplevel() on ptolemy.moml.MoMLSimpleApplication@493b213f
reloadAllAccessors: .Modal3

===========================================================================================
----------------- testing Fri Sep 25 16:19:43 UTC 2020 /home/travis/build/icyphy/ptII/ptolemy/domains/de/test/auto/Modal4.xml
----------------- Instantiating /home/travis/build/icyphy/ptII/ptolemy/domains/de/test/auto/Modal4.xml
12 ms. Memory: 51200K Free: 20535K (40%)
----------------- Invoking toplevel() on ptolemy.moml.MoMLSimpleApplication@4de96905
----------------- Done invoking toplevel() on ptolemy.moml.MoMLSimpleApplication@4de96905
reloadAllAccessors: .Modal4

===========================================================================================
----------------- testing Fri Sep 25 16:19:43 UTC 2020 /home/travis/build/icyphy/ptII/ptolemy/domains/de/test/auto/Modal5.xml
----------------- Instantiating /home/travis/build/icyphy/ptII/ptolemy/domains/de/test/auto/Modal5.xml
15 ms. Memory: 51200K Free: 33257K (65%)
----------------- Invoking toplevel() on ptolemy.moml.MoMLSimpleApplication@907f319
----------------- Done invoking toplevel() on ptolemy.moml.MoMLSimpleApplication@907f319
reloadAllAccessors: .Modal5

===========================================================================================
----------------- testing Fri Sep 25 16:19:43 UTC 2020 /home/travis/build/icyphy/ptII/ptolemy/domains/de/test/auto/Modal6.xml
----------------- Instantiating /home/travis/build/icyphy/ptII/ptolemy/domains/de/test/auto/Modal6.xml
8 ms. Memory: 51200K Free: 21080K (41%)
----------------- Invoking toplevel() on ptolemy.moml.MoMLSimpleApplication@592cddc
----------------- Done invoking toplevel() on ptolemy.moml.MoMLSimpleApplication@592cddc
reloadAllAccessors: .Modal6

===========================================================================================
----------------- testing Fri Sep 25 16:19:43 UTC 2020 /home/travis/build/icyphy/ptII/ptolemy/domains/de/test/auto/Modal7.xml
----------------- Instantiating /home/travis/build/icyphy/ptII/ptolemy/domains/de/test/auto/Modal7.xml
12 ms. Memory: 51200K Free: 33381K (65%)
----------------- Invoking toplevel() on ptolemy.moml.MoMLSimpleApplication@6eb3b734
----------------- Done invoking toplevel() on ptolemy.moml.MoMLSimpleApplication@6eb3b734
reloadAllAccessors: .Modal7

===========================================================================================
----------------- testing Fri Sep 25 16:19:43 UTC 2020 /home/travis/build/icyphy/ptII/ptolemy/domains/de/test/auto/ModalModel.xml
----------------- Instantiating /home/travis/build/icyphy/ptII/ptolemy/domains/de/test/auto/ModalModel.xml
127 ms. Memory: 61440K Free: 33398K (54%)
----------------- Invoking toplevel() on ptolemy.moml.MoMLSimpleApplication@683c97f7
----------------- Done invoking toplevel() on ptolemy.moml.MoMLSimpleApplication@683c97f7
reloadAllAccessors: .ModalModel

===========================================================================================
----------------- testing Fri Sep 25 16:19:43 UTC 2020 /home/travis/build/icyphy/ptII/ptolemy/domains/de/test/auto/ModalSource.xml
----------------- Instantiating /home/travis/build/icyphy/ptII/ptolemy/domains/de/test/auto/ModalSource.xml
5 ms. Memory: 61440K Free: 25004K (41%)
----------------- Invoking toplevel() on ptolemy.moml.MoMLSimpleApplication@57b89b68
----------------- Done invoking toplevel() on ptolemy.moml.MoMLSimpleApplication@57b89b68
reloadAllAccessors: .ModalSource

===========================================================================================
----------------- testing Fri Sep 25 16:19:43 UTC 2020 /home/travis/build/icyphy/ptII/ptolemy/domains/de/test/auto/NonInterruptibleTimerZeroDelay.xml
----------------- Instantiating /home/travis/build/icyphy/ptII/ptolemy/domains/de/test/auto/NonInterruptibleTimerZeroDelay.xml
2 ms. Memory: 61440K Free: 21519K (35%)
----------------- Invoking toplevel() on ptolemy.moml.MoMLSimpleApplication@19e8b28a
----------------- Done invoking toplevel() on ptolemy.moml.MoMLSimpleApplication@19e8b28a
reloadAllAccessors: .NonInterruptibleTimerZeroDelay

===========================================================================================
----------------- testing Fri Sep 25 16:19:43 UTC 2020 /home/travis/build/icyphy/ptII/ptolemy/domains/de/test/auto/OpenQueueingNetwork.xml
----------------- Instantiating /home/travis/build/icyphy/ptII/ptolemy/domains/de/test/auto/OpenQueueingNetwork.xml
2111 ms. Memory: 130048K Free: 52149K (40%)
----------------- Invoking toplevel() on ptolemy.moml.MoMLSimpleApplication@17b3803
----------------- Done invoking toplevel() on ptolemy.moml.MoMLSimpleApplication@17b3803
reloadAllAccessors: .OpenQueueingNetwork

===========================================================================================
----------------- testing Fri Sep 25 16:19:45 UTC 2020 /home/travis/build/icyphy/ptII/ptolemy/domains/de/test/auto/OpenQueuingNetwork.xml
----------------- Instantiating /home/travis/build/icyphy/ptII/ptolemy/domains/de/test/auto/OpenQueuingNetwork.xml
214 ms. Memory: 165888K Free: 83866K (51%)
----------------- Invoking toplevel() on ptolemy.moml.MoMLSimpleApplication@5dd43932
----------------- Done invoking toplevel() on ptolemy.moml.MoMLSimpleApplication@5dd43932
reloadAllAccessors: .OpenQueuingNetwork

===========================================================================================
----------------- testing Fri Sep 25 16:19:46 UTC 2020 /home/travis/build/icyphy/ptII/ptolemy/domains/de/test/auto/PeriodicSampler.xml
----------------- Instantiating /home/travis/build/icyphy/ptII/ptolemy/domains/de/test/auto/PeriodicSampler.xml
2 ms. Memory: 165888K Free: 79770K (48%)
----------------- Invoking toplevel() on ptolemy.moml.MoMLSimpleApplication@31e98c77
----------------- Done invoking toplevel() on ptolemy.moml.MoMLSimpleApplication@31e98c77
reloadAllAccessors: .PeriodicSampler

===========================================================================================
----------------- testing Fri Sep 25 16:19:46 UTC 2020 /home/travis/build/icyphy/ptII/ptolemy/domains/de/test/auto/PersistentIO.xml
----------------- Instantiating /home/travis/build/icyphy/ptII/ptolemy/domains/de/test/auto/PersistentIO.xml
7 ms. Memory: 165888K Free: 70524K (43%)
----------------- Invoking toplevel() on ptolemy.moml.MoMLSimpleApplication@6beceff7
----------------- Done invoking toplevel() on ptolemy.moml.MoMLSimpleApplication@6beceff7
reloadAllAccessors: .PersistentIO

===========================================================================================
----------------- testing Fri Sep 25 16:19:46 UTC 2020 /home/travis/build/icyphy/ptII/ptolemy/domains/de/test/auto/PortParameterResetOnInitialize.xml
----------------- Instantiating /home/travis/build/icyphy/ptII/ptolemy/domains/de/test/auto/PortParameterResetOnInitialize.xml
1 ms. Memory: 165888K Free: 65948K (40%)
----------------- Invoking toplevel() on ptolemy.moml.MoMLSimpleApplication@6ee41cd0
----------------- Done invoking toplevel() on ptolemy.moml.MoMLSimpleApplication@6ee41cd0
reloadAllAccessors: .PortParameterResetOnInitialize

===========================================================================================
----------------- testing Fri Sep 25 16:19:46 UTC 2020 /home/travis/build/icyphy/ptII/ptolemy/domains/de/test/auto/PortParameterUpdates.xml
----------------- Instantiating /home/travis/build/icyphy/ptII/ptolemy/domains/de/test/auto/PortParameterUpdates.xml
2 ms. Memory: 165888K Free: 148363K (89%)
----------------- Invoking toplevel() on ptolemy.moml.MoMLSimpleApplication@3dd48f2a
----------------- Done invoking toplevel() on ptolemy.moml.MoMLSimpleApplication@3dd48f2a
reloadAllAccessors: .PortParameterUpdates

===========================================================================================
----------------- testing Fri Sep 25 16:19:46 UTC 2020 /home/travis/build/icyphy/ptII/ptolemy/domains/de/test/auto/QueueAndServer.xml
----------------- Instantiating /home/travis/build/icyphy/ptII/ptolemy/domains/de/test/auto/QueueAndServer.xml
4 ms. Memory: 165888K Free: 140681K (85%)
----------------- Invoking toplevel() on ptolemy.moml.MoMLSimpleApplication@4e2f724f
----------------- Done invoking toplevel() on ptolemy.moml.MoMLSimpleApplication@4e2f724f
reloadAllAccessors: .QueueAndServer

===========================================================================================
----------------- testing Fri Sep 25 16:19:46 UTC 2020 /home/travis/build/icyphy/ptII/ptolemy/domains/de/test/auto/Records.xml
----------------- Instantiating /home/travis/build/icyphy/ptII/ptolemy/domains/de/test/auto/Records.xml
5 ms. Memory: 165888K Free: 135051K (81%)
----------------- Invoking toplevel() on ptolemy.moml.MoMLSimpleApplication@1165d6ce
----------------- Done invoking toplevel() on ptolemy.moml.MoMLSimpleApplication@1165d6ce
reloadAllAccessors: .Records

===========================================================================================
----------------- testing Fri Sep 25 16:19:46 UTC 2020 /home/travis/build/icyphy/ptII/ptolemy/domains/de/test/auto/ResetTransitionWithStartTime1.xml
----------------- Instantiating /home/travis/build/icyphy/ptII/ptolemy/domains/de/test/auto/ResetTransitionWithStartTime1.xml
10 ms. Memory: 165888K Free: 126859K (76%)
----------------- Invoking toplevel() on ptolemy.moml.MoMLSimpleApplication@3298ea7e
----------------- Done invoking toplevel() on ptolemy.moml.MoMLSimpleApplication@3298ea7e
reloadAllAccessors: .ResetTransitionWithStartTime1

===========================================================================================
----------------- testing Fri Sep 25 16:19:46 UTC 2020 /home/travis/build/icyphy/ptII/ptolemy/domains/de/test/auto/ResetTransitionWithStartTime2.xml
----------------- Instantiating /home/travis/build/icyphy/ptII/ptolemy/domains/de/test/auto/ResetTransitionWithStartTime2.xml
4 ms. Memory: 165888K Free: 118667K (72%)
----------------- Invoking toplevel() on ptolemy.moml.MoMLSimpleApplication@482e3148
----------------- Done invoking toplevel() on ptolemy.moml.MoMLSimpleApplication@482e3148
reloadAllAccessors: .ResetTransitionWithStartTime2

===========================================================================================
----------------- testing Fri Sep 25 16:19:46 UTC 2020 /home/travis/build/icyphy/ptII/ptolemy/domains/de/test/auto/ResetTransitionWithStartTime3.xml
----------------- Instantiating /home/travis/build/icyphy/ptII/ptolemy/domains/de/test/auto/ResetTransitionWithStartTime3.xml
4 ms. Memory: 165888K Free: 110475K (67%)
----------------- Invoking toplevel() on ptolemy.moml.MoMLSimpleApplication@141a4d1b
----------------- Done invoking toplevel() on ptolemy.moml.MoMLSimpleApplication@141a4d1b
reloadAllAccessors: .ResetTransitionWithStartTime3

===========================================================================================
----------------- testing Fri Sep 25 16:19:46 UTC 2020 /home/travis/build/icyphy/ptII/ptolemy/domains/de/test/auto/ResetTransitionWithStartTime4.xml
----------------- Instantiating /home/travis/build/icyphy/ptII/ptolemy/domains/de/test/auto/ResetTransitionWithStartTime4.xml
3 ms. Memory: 165888K Free: 102787K (62%)
----------------- Invoking toplevel() on ptolemy.moml.MoMLSimpleApplication@561a27ad
----------------- Done invoking toplevel() on ptolemy.moml.MoMLSimpleApplication@561a27ad
reloadAllAccessors: .ResetTransitionWithStartTime4

===========================================================================================
----------------- testing Fri Sep 25 16:19:46 UTC 2020 /home/travis/build/icyphy/ptII/ptolemy/domains/de/test/auto/ResettableTimer1.xml
----------------- Instantiating /home/travis/build/icyphy/ptII/ptolemy/domains/de/test/auto/ResettableTimer1.xml
3 ms. Memory: 165888K Free: 98683K (59%)
----------------- Invoking toplevel() on ptolemy.moml.MoMLSimpleApplication@5c68c5c4
----------------- Done invoking toplevel() on ptolemy.moml.MoMLSimpleApplication@5c68c5c4
reloadAllAccessors: .ResettableTimer1

===========================================================================================
----------------- testing Fri Sep 25 16:19:46 UTC 2020 /home/travis/build/icyphy/ptII/ptolemy/domains/de/test/auto/ResettableTimer2.xml
----------------- Instantiating /home/travis/build/icyphy/ptII/ptolemy/domains/de/test/auto/ResettableTimer2.xml
2 ms. Memory: 165888K Free: 94587K (57%)
----------------- Invoking toplevel() on ptolemy.moml.MoMLSimpleApplication@3364701c
----------------- Done invoking toplevel() on ptolemy.moml.MoMLSimpleApplication@3364701c
reloadAllAccessors: .ResettableTimer2

===========================================================================================
----------------- testing Fri Sep 25 16:19:46 UTC 2020 /home/travis/build/icyphy/ptII/ptolemy/domains/de/test/auto/ResettableTimer3.xml
----------------- Instantiating /home/travis/build/icyphy/ptII/ptolemy/domains/de/test/auto/ResettableTimer3.xml
2 ms. Memory: 165888K Free: 91019K (55%)
----------------- Invoking toplevel() on ptolemy.moml.MoMLSimpleApplication@11aae123
----------------- Done invoking toplevel() on ptolemy.moml.MoMLSimpleApplication@11aae123
reloadAllAccessors: .ResettableTimer3

===========================================================================================
----------------- testing Fri Sep 25 16:19:46 UTC 2020 /home/travis/build/icyphy/ptII/ptolemy/domains/de/test/auto/ResettableTimer4.xml
----------------- Instantiating /home/travis/build/icyphy/ptII/ptolemy/domains/de/test/auto/ResettableTimer4.xml
1 ms. Memory: 165888K Free: 86923K (52%)
----------------- Invoking toplevel() on ptolemy.moml.MoMLSimpleApplication@2c9ca5f2
----------------- Done invoking toplevel() on ptolemy.moml.MoMLSimpleApplication@2c9ca5f2
reloadAllAccessors: .ResettableTimer4

===========================================================================================
----------------- testing Fri Sep 25 16:19:46 UTC 2020 /home/travis/build/icyphy/ptII/ptolemy/domains/de/test/auto/ResettableTimer5.xml
----------------- Instantiating /home/travis/build/icyphy/ptII/ptolemy/domains/de/test/auto/ResettableTimer5.xml
2 ms. Memory: 165888K Free: 82827K (50%)
----------------- Invoking toplevel() on ptolemy.moml.MoMLSimpleApplication@16bd9e77
----------------- Done invoking toplevel() on ptolemy.moml.MoMLSimpleApplication@16bd9e77
reloadAllAccessors: .ResettableTimer5

===========================================================================================
----------------- testing Fri Sep 25 16:19:46 UTC 2020 /home/travis/build/icyphy/ptII/ptolemy/domains/de/test/auto/ResettableTimer6.xml
----------------- Instantiating /home/travis/build/icyphy/ptII/ptolemy/domains/de/test/auto/ResettableTimer6.xml
6 ms. Memory: 165888K Free: 78217K (47%)
----------------- Invoking toplevel() on ptolemy.moml.MoMLSimpleApplication@54467f2c
----------------- Done invoking toplevel() on ptolemy.moml.MoMLSimpleApplication@54467f2c
reloadAllAccessors: .ResettableTimer6

===========================================================================================
----------------- testing Fri Sep 25 16:19:46 UTC 2020 /home/travis/build/icyphy/ptII/ptolemy/domains/de/test/auto/ServerZeroDelay.xml
----------------- Instantiating /home/travis/build/icyphy/ptII/ptolemy/domains/de/test/auto/ServerZeroDelay.xml
2 ms. Memory: 165888K Free: 74107K (45%)
----------------- Invoking toplevel() on ptolemy.moml.MoMLSimpleApplication@54687a91
----------------- Done invoking toplevel() on ptolemy.moml.MoMLSimpleApplication@54687a91
reloadAllAccessors: .ServerZeroDelay

===========================================================================================
----------------- testing Fri Sep 25 16:19:46 UTC 2020 /home/travis/build/icyphy/ptII/ptolemy/domains/de/test/auto/SmartSender.xml
----------------- Instantiating /home/travis/build/icyphy/ptII/ptolemy/domains/de/test/auto/SmartSender.xml
3000 ms. Memory: 165888K Free: 70025K (42%)
----------------- Invoking toplevel() on ptolemy.moml.MoMLSimpleApplication@774fa0a6
----------------- Done invoking toplevel() on ptolemy.moml.MoMLSimpleApplication@774fa0a6
reloadAllAccessors: .SmartSender

===========================================================================================
----------------- testing Fri Sep 25 16:19:49 UTC 2020 /home/travis/build/icyphy/ptII/ptolemy/domains/de/test/auto/ThreadedComposite.xml
----------------- Instantiating /home/travis/build/icyphy/ptII/ptolemy/domains/de/test/auto/ThreadedComposite.xml
96 ms. Memory: 165888K Free: 143273K (86%)
----------------- Invoking toplevel() on ptolemy.moml.MoMLSimpleApplication@74bcb9d9
----------------- Done invoking toplevel() on ptolemy.moml.MoMLSimpleApplication@74bcb9d9
reloadAllAccessors: .ThreadedComposite

===========================================================================================
----------------- testing Fri Sep 25 16:19:49 UTC 2020 /home/travis/build/icyphy/ptII/ptolemy/domains/de/test/auto/Time.xml
----------------- Instantiating /home/travis/build/icyphy/ptII/ptolemy/domains/de/test/auto/Time.xml
345 ms. Memory: 165888K Free: 91365K (55%)
----------------- Invoking toplevel() on ptolemy.moml.MoMLSimpleApplication@a5fc45d
----------------- Done invoking toplevel() on ptolemy.moml.MoMLSimpleApplication@a5fc45d
reloadAllAccessors: .Time

===========================================================================================
----------------- testing Fri Sep 25 16:19:49 UTC 2020 /home/travis/build/icyphy/ptII/ptolemy/domains/de/test/auto/TimeDelayZeroDelay.xml
----------------- Instantiating /home/travis/build/icyphy/ptII/ptolemy/domains/de/test/auto/TimeDelayZeroDelay.xml
3 ms. Memory: 165888K Free: 87255K (53%)
----------------- Invoking toplevel() on ptolemy.moml.MoMLSimpleApplication@548c90eb
----------------- Done invoking toplevel() on ptolemy.moml.MoMLSimpleApplication@548c90eb
reloadAllAccessors: .TimeDelayZeroDelay

===========================================================================================
----------------- testing Fri Sep 25 16:19:49 UTC 2020 /home/travis/build/icyphy/ptII/ptolemy/domains/de/test/auto/TimerZeroDelay.xml
----------------- Instantiating /home/travis/build/icyphy/ptII/ptolemy/domains/de/test/auto/TimerZeroDelay.xml
1 ms. Memory: 165888K Free: 83159K (50%)
----------------- Invoking toplevel() on ptolemy.moml.MoMLSimpleApplication@9bd94b2
----------------- Done invoking toplevel() on ptolemy.moml.MoMLSimpleApplication@9bd94b2
reloadAllAccessors: .TimerZeroDelay

===========================================================================================
----------------- testing Fri Sep 25 16:19:49 UTC 2020 /home/travis/build/icyphy/ptII/ptolemy/domains/de/test/auto/TimingParadox.xml
----------------- Instantiating /home/travis/build/icyphy/ptII/ptolemy/domains/de/test/auto/TimingParadox.xml
240 ms. Memory: 165888K Free: 113626K (68%)
----------------- Invoking toplevel() on ptolemy.moml.MoMLSimpleApplication@6c6bccf2
----------------- Done invoking toplevel() on ptolemy.moml.MoMLSimpleApplication@6c6bccf2
reloadAllAccessors: .TimingParadox

===========================================================================================
----------------- testing Fri Sep 25 16:19:50 UTC 2020 /home/travis/build/icyphy/ptII/ptolemy/domains/de/test/auto/TransferInputs.xml
----------------- Instantiating /home/travis/build/icyphy/ptII/ptolemy/domains/de/test/auto/TransferInputs.xml
1 ms. Memory: 165888K Free: 109002K (66%)
----------------- Invoking toplevel() on ptolemy.moml.MoMLSimpleApplication@ffc011b
----------------- Done invoking toplevel() on ptolemy.moml.MoMLSimpleApplication@ffc011b
reloadAllAccessors: .TransferInputs

===========================================================================================
----------------- testing Fri Sep 25 16:19:50 UTC 2020 /home/travis/build/icyphy/ptII/ptolemy/domains/de/test/auto/TransferOutputs2.xml
----------------- Instantiating /home/travis/build/icyphy/ptII/ptolemy/domains/de/test/auto/TransferOutputs2.xml
4 ms. Memory: 165888K Free: 101338K (61%)
----------------- Invoking toplevel() on ptolemy.moml.MoMLSimpleApplication@ba5e365
----------------- Done invoking toplevel() on ptolemy.moml.MoMLSimpleApplication@ba5e365
reloadAllAccessors: .TransferOutputs2

===========================================================================================
----------------- testing Fri Sep 25 16:19:50 UTC 2020 /home/travis/build/icyphy/ptII/ptolemy/domains/de/test/auto/Trilateration.xml
----------------- Instantiating /home/travis/build/icyphy/ptII/ptolemy/domains/de/test/auto/Trilateration.xml
9642 ms. Memory: 356352K Free: 122226K (34%)
----------------- Invoking toplevel() on ptolemy.moml.MoMLSimpleApplication@5281906d
----------------- Done invoking toplevel() on ptolemy.moml.MoMLSimpleApplication@5281906d
reloadAllAccessors: .Trilateration

===========================================================================================
----------------- testing Fri Sep 25 16:20:00 UTC 2020 /home/travis/build/icyphy/ptII/ptolemy/domains/de/test/auto/TwoSigmaDelta.xml
----------------- Instantiating /home/travis/build/icyphy/ptII/ptolemy/domains/de/test/auto/TwoSigmaDelta.xml
1873 ms. Memory: 428032K Free: 205159K (48%)
----------------- Invoking toplevel() on ptolemy.moml.MoMLSimpleApplication@b315a53
----------------- Done invoking toplevel() on ptolemy.moml.MoMLSimpleApplication@b315a53
reloadAllAccessors: .TwoSigmaDelta

===========================================================================================
----------------- testing Fri Sep 25 16:20:02 UTC 2020 /home/travis/build/icyphy/ptII/ptolemy/domains/de/test/auto/VariableDelay.xml
----------------- Instantiating /home/travis/build/icyphy/ptII/ptolemy/domains/de/test/auto/VariableDelay.xml
2 ms. Memory: 428032K Free: 200543K (47%)
----------------- Invoking toplevel() on ptolemy.moml.MoMLSimpleApplication@79d10b61
----------------- Done invoking toplevel() on ptolemy.moml.MoMLSimpleApplication@79d10b61
reloadAllAccessors: .VariableDelay

===========================================================================================
----------------- testing Fri Sep 25 16:20:02 UTC 2020 /home/travis/build/icyphy/ptII/ptolemy/domains/de/test/auto/VariableDelay2.xml
----------------- Instantiating /home/travis/build/icyphy/ptII/ptolemy/domains/de/test/auto/VariableDelay2.xml
2 ms. Memory: 428032K Free: 195943K (46%)
----------------- Invoking toplevel() on ptolemy.moml.MoMLSimpleApplication@b2d9c7a
----------------- Done invoking toplevel() on ptolemy.moml.MoMLSimpleApplication@b2d9c7a
reloadAllAccessors: .VariableDelay2

===========================================================================================
----------------- testing Fri Sep 25 16:20:02 UTC 2020 /home/travis/build/icyphy/ptII/ptolemy/domains/de/test/auto/VariableDelayZeroDelay.xml
----------------- Instantiating /home/travis/build/icyphy/ptII/ptolemy/domains/de/test/auto/VariableDelayZeroDelay.xml
5 ms. Memory: 428032K Free: 191847K (45%)
----------------- Invoking toplevel() on ptolemy.moml.MoMLSimpleApplication@54f795d9
----------------- Done invoking toplevel() on ptolemy.moml.MoMLSimpleApplication@54f795d9
reloadAllAccessors: .VariableDelayZeroDelay

===========================================================================================
----------------- testing Fri Sep 25 16:20:02 UTC 2020 /home/travis/build/icyphy/ptII/ptolemy/domains/de/test/auto/VariableDelayZeroDelay2.xml
----------------- Instantiating /home/travis/build/icyphy/ptII/ptolemy/domains/de/test/auto/VariableDelayZeroDelay2.xml
1 ms. Memory: 428032K Free: 187751K (44%)
----------------- Invoking toplevel() on ptolemy.moml.MoMLSimpleApplication@7e29fce
----------------- Done invoking toplevel() on ptolemy.moml.MoMLSimpleApplication@7e29fce
reloadAllAccessors: .VariableDelayZeroDelay2

===========================================================================================
----------------- testing Fri Sep 25 16:20:02 UTC 2020 /home/travis/build/icyphy/ptII/ptolemy/domains/de/test/auto/deInCt.xml
----------------- Instantiating /home/travis/build/icyphy/ptII/ptolemy/domains/de/test/auto/deInCt.xml
0
1
1
1
1
0
0
0
1
1
1
0
0
0
0
1
1
1
1
1
0
0
0
1
1
1
1
0
0
0
0
1
1
0
0
0
6 ms. Memory: 428032K Free: 182631K (43%)
----------------- Invoking toplevel() on ptolemy.moml.MoMLSimpleApplication@19458262
----------------- Done invoking toplevel() on ptolemy.moml.MoMLSimpleApplication@19458262
reloadAllAccessors: .deInCt

===========================================================================================
----------------- testing Fri Sep 25 16:20:02 UTC 2020 /home/travis/build/icyphy/ptII/ptolemy/domains/de/test/auto/deInCt2.xml
----------------- Instantiating /home/travis/build/icyphy/ptII/ptolemy/domains/de/test/auto/deInCt2.xml
0
1
1
1
0
0
1
1
1
0
0
1
1
1
0
0
1
1
1
0
0
1
1
1
0
0
1
1
1
0
0
1
1
1
0
0
1
1
1
0
0
0
6 ms. Memory: 428032K Free: 177511K (41%)
----------------- Invoking toplevel() on ptolemy.moml.MoMLSimpleApplication@5d365dac
----------------- Done invoking toplevel() on ptolemy.moml.MoMLSimpleApplication@5d365dac
reloadAllAccessors: .deInCt2

===========================================================================================
----------------- testing Fri Sep 25 16:20:02 UTC 2020 /home/travis/build/icyphy/ptII/ptolemy/domains/de/test/auto/dynamicCausalityInterface1.xml
----------------- Instantiating /home/travis/build/icyphy/ptII/ptolemy/domains/de/test/auto/dynamicCausalityInterface1.xml
1 ms. Memory: 428032K Free: 168295K (39%)
----------------- Invoking toplevel() on ptolemy.moml.MoMLSimpleApplication@404f54ac
----------------- Done invoking toplevel() on ptolemy.moml.MoMLSimpleApplication@404f54ac
reloadAllAccessors: .dynamicCausalityInterface1

===========================================================================================
----------------- testing Fri Sep 25 16:20:02 UTC 2020 /home/travis/build/icyphy/ptII/ptolemy/domains/de/test/auto/fsm_de_test.xml
----------------- Instantiating /home/travis/build/icyphy/ptII/ptolemy/domains/de/test/auto/fsm_de_test.xml
4 ms. Memory: 428032K Free: 159079K (37%)
----------------- Invoking toplevel() on ptolemy.moml.MoMLSimpleApplication@6f0559d4
----------------- Done invoking toplevel() on ptolemy.moml.MoMLSimpleApplication@6f0559d4
reloadAllAccessors: .fsm_de_test

===========================================================================================
----------------- testing Fri Sep 25 16:20:02 UTC 2020 /home/travis/build/icyphy/ptII/ptolemy/domains/de/test/auto/functionDependencyReconstruction.xml
----------------- Instantiating /home/travis/build/icyphy/ptII/ptolemy/domains/de/test/auto/functionDependencyReconstruction.xml
9 ms. Memory: 428032K Free: 399597K (93%)
----------------- Invoking toplevel() on ptolemy.moml.MoMLSimpleApplication@792745b
----------------- Done invoking toplevel() on ptolemy.moml.MoMLSimpleApplication@792745b
reloadAllAccessors: .functionDependencyReconstruction

===========================================================================================
----------------- testing Fri Sep 25 16:20:02 UTC 2020 /home/travis/build/icyphy/ptII/ptolemy/domains/de/test/auto/multirate.xml
----------------- Instantiating /home/travis/build/icyphy/ptII/ptolemy/domains/de/test/auto/multirate.xml
3 ms. Memory: 428032K Free: 392197K (92%)
----------------- Invoking toplevel() on ptolemy.moml.MoMLSimpleApplication@7b13d078
----------------- Done invoking toplevel() on ptolemy.moml.MoMLSimpleApplication@7b13d078
reloadAllAccessors: .multirate

===========================================================================================
----------------- testing Fri Sep 25 16:20:02 UTC 2020 /home/travis/build/icyphy/ptII/ptolemy/domains/de/test/auto/multirate2.xml
----------------- Instantiating /home/travis/build/icyphy/ptII/ptolemy/domains/de/test/auto/multirate2.xml
3 ms. Memory: 428032K Free: 385557K (90%)
----------------- Invoking toplevel() on ptolemy.moml.MoMLSimpleApplication@6a6be053
----------------- Done invoking toplevel() on ptolemy.moml.MoMLSimpleApplication@6a6be053
reloadAllAccessors: .multirate2

===========================================================================================
----------------- testing Fri Sep 25 16:20:02 UTC 2020 /home/travis/build/icyphy/ptII/ptolemy/domains/de/test/auto/realtime.xml
----------------- Instantiating /home/travis/build/icyphy/ptII/ptolemy/domains/de/test/auto/realtime.xml
10001 ms. Memory: 428032K Free: 380947K (89%)
----------------- Invoking toplevel() on ptolemy.moml.MoMLSimpleApplication@2c26b205
----------------- Done invoking toplevel() on ptolemy.moml.MoMLSimpleApplication@2c26b205
reloadAllAccessors: .realtime

===========================================================================================
----------------- testing Fri Sep 25 16:20:12 UTC 2020 /home/travis/build/icyphy/ptII/ptolemy/domains/de/test/auto/relationGroup.xml
----------------- Instantiating /home/travis/build/icyphy/ptII/ptolemy/domains/de/test/auto/relationGroup.xml
1 ms. Memory: 428032K Free: 377365K (88%)
----------------- Invoking toplevel() on ptolemy.moml.MoMLSimpleApplication@264e8938
----------------- Done invoking toplevel() on ptolemy.moml.MoMLSimpleApplication@264e8938
reloadAllAccessors: .relationGroup

===========================================================================================
----------------- testing Fri Sep 25 16:20:12 UTC 2020 /home/travis/build/icyphy/ptII/ptolemy/domains/de/test/auto/relationGroup2.xml
----------------- Instantiating /home/travis/build/icyphy/ptII/ptolemy/domains/de/test/auto/relationGroup2.xml
1 ms. Memory: 428032K Free: 373779K (87%)
----------------- Invoking toplevel() on ptolemy.moml.MoMLSimpleApplication@1a5db4e0
----------------- Done invoking toplevel() on ptolemy.moml.MoMLSimpleApplication@1a5db4e0
reloadAllAccessors: .relationGroup2

===========================================================================================
----------------- testing Fri Sep 25 16:20:12 UTC 2020 /home/travis/build/icyphy/ptII/ptolemy/domains/de/test/auto/sortWithOpaquePorts.xml
----------------- Instantiating /home/travis/build/icyphy/ptII/ptolemy/domains/de/test/auto/sortWithOpaquePorts.xml
1 ms. Memory: 428032K Free: 369173K (86%)
----------------- Invoking toplevel() on ptolemy.moml.MoMLSimpleApplication@8c3a587
----------------- Done invoking toplevel() on ptolemy.moml.MoMLSimpleApplication@8c3a587
reloadAllAccessors: .sortWithOpaquePorts

===========================================================================================
----------------- testing Fri Sep 25 16:20:12 UTC 2020 /home/travis/build/icyphy/ptII/ptolemy/domains/de/test/auto/transferInputsandOutputs.xml
----------------- Instantiating /home/travis/build/icyphy/ptII/ptolemy/domains/de/test/auto/transferInputsandOutputs.xml
2 ms. Memory: 428032K Free: 362005K (85%)
----------------- Invoking toplevel() on ptolemy.moml.MoMLSimpleApplication@7027e066
----------------- Done invoking toplevel() on ptolemy.moml.MoMLSimpleApplication@7027e066
reloadAllAccessors: .transferInputsandOutputs

===========================================================================================
----------------- testing Fri Sep 25 16:20:12 UTC 2020 /home/travis/build/icyphy/ptII/ptolemy/domains/de/test/auto/triggerType.xml
----------------- Instantiating /home/travis/build/icyphy/ptII/ptolemy/domains/de/test/auto/triggerType.xml
1 ms. Memory: 428032K Free: 357909K (84%)
----------------- Invoking toplevel() on ptolemy.moml.MoMLSimpleApplication@159fc4d0
----------------- Done invoking toplevel() on ptolemy.moml.MoMLSimpleApplication@159fc4d0
reloadAllAccessors: .triggerType
AutoTests.java: About to close Vertx.
AutoTests.java: Vertx closed.
]]></system-out>
  <system-err><![CDATA[java.lang.RuntimeException: Execution failed
	at ptolemy.moml.MoMLSimpleApplication$UnloadThread.run(MoMLSimpleApplication.java:402)
Caused by: ptolemy.kernel.util.IllegalActionException: Found a zero delay loop containing .dependencyLoop.original
  in .dependencyLoop and .dependencyLoop.original
	at ptolemy.actor.util.CausalityInterfaceForComposites._computeOutputPortDepth(CausalityInterfaceForComposites.java:759)
	at ptolemy.actor.util.CausalityInterfaceForComposites._computeInputDepth(CausalityInterfaceForComposites.java:696)
	at ptolemy.actor.util.CausalityInterfaceForComposites._computeOutputPortDepth(CausalityInterfaceForComposites.java:765)
	at ptolemy.actor.util.CausalityInterfaceForComposites._computeInputDepth(CausalityInterfaceForComposites.java:696)
	at ptolemy.actor.util.CausalityInterfaceForComposites._computeOutputPortDepth(CausalityInterfaceForComposites.java:765)
	at ptolemy.actor.util.CausalityInterfaceForComposites._computeInputDepth(CausalityInterfaceForComposites.java:696)
	at ptolemy.actor.util.CausalityInterfaceForComposites._computeActorDepth(CausalityInterfaceForComposites.java:532)
	at ptolemy.actor.util.CausalityInterfaceForComposites.checkForCycles(CausalityInterfaceForComposites.java:96)
	at ptolemy.domains.de.kernel.DEDirector.preinitialize(DEDirector.java:1338)
	at ptolemy.actor.CompositeActor.preinitialize(CompositeActor.java:1828)
	at ptolemy.actor.Manager.preinitializeAndResolveTypes(Manager.java:1040)
	at ptolemy.actor.Manager.initialize(Manager.java:710)
	at ptolemy.actor.Manager.execute(Manager.java:356)
	at ptolemy.actor.Manager.run(Manager.java:1263)
	at ptolemy.actor.Manager$PtolemyRunThread.run(Manager.java:1933)
java.lang.RuntimeException: Execution failed
	at ptolemy.moml.MoMLSimpleApplication$UnloadThread.run(MoMLSimpleApplication.java:402)
Caused by: ptolemy.kernel.util.IllegalActionException: Found a zero delay loop containing .dependencyLoop2.original
  in .dependencyLoop2 and .dependencyLoop2.original
	at ptolemy.actor.util.CausalityInterfaceForComposites._computeOutputPortDepth(CausalityInterfaceForComposites.java:759)
	at ptolemy.actor.util.CausalityInterfaceForComposites._computeInputDepth(CausalityInterfaceForComposites.java:696)
	at ptolemy.actor.util.CausalityInterfaceForComposites._computeOutputPortDepth(CausalityInterfaceForComposites.java:765)
	at ptolemy.actor.util.CausalityInterfaceForComposites._computeInputDepth(CausalityInterfaceForComposites.java:696)
	at ptolemy.actor.util.CausalityInterfaceForComposites._computeOutputPortDepth(CausalityInterfaceForComposites.java:765)
	at ptolemy.actor.util.CausalityInterfaceForComposites._computeInputDepth(CausalityInterfaceForComposites.java:696)
	at ptolemy.actor.util.CausalityInterfaceForComposites._computeActorDepth(CausalityInterfaceForComposites.java:532)
	at ptolemy.actor.util.CausalityInterfaceForComposites.checkForCycles(CausalityInterfaceForComposites.java:96)
	at ptolemy.domains.de.kernel.DEDirector.preinitialize(DEDirector.java:1338)
	at ptolemy.actor.CompositeActor.preinitialize(CompositeActor.java:1828)
	at ptolemy.actor.Manager.preinitializeAndResolveTypes(Manager.java:1040)
	at ptolemy.actor.Manager.initialize(Manager.java:710)
	at ptolemy.actor.Manager.execute(Manager.java:356)
	at ptolemy.actor.Manager.run(Manager.java:1263)
	at ptolemy.actor.Manager$PtolemyRunThread.run(Manager.java:1933)
java.lang.RuntimeException: Execution failed
	at ptolemy.moml.MoMLSimpleApplication$UnloadThread.run(MoMLSimpleApplication.java:402)
Caused by: ptolemy.kernel.util.IllegalActionException: Test fails in iteration 1.
Value was: 1.0. Should have been: 2.0
  in .DirectFeedback.Test
	at ptolemy.actor.lib.Test.fire(Test.java:268)
	at ptolemy.domains.de.kernel.DEDirector._fire(DEDirector.java:1949)
	at ptolemy.domains.de.kernel.DEDirector.fire(DEDirector.java:502)
	at ptolemy.actor.CompositeActor.fire(CompositeActor.java:455)
	at ptolemy.actor.Manager.iterate(Manager.java:851)
	at ptolemy.actor.Manager.execute(Manager.java:369)
	at ptolemy.actor.Manager.run(Manager.java:1263)
	at ptolemy.actor.Manager$PtolemyRunThread.run(Manager.java:1933)
java.lang.RuntimeException: Execution failed
	at ptolemy.moml.MoMLSimpleApplication$UnloadThread.run(MoMLSimpleApplication.java:402)
Caused by: ptolemy.kernel.util.IllegalActionException: Found a zero delay loop containing .dependencyLoop.original
  in .dependencyLoop and .dependencyLoop.original
	at ptolemy.actor.util.CausalityInterfaceForComposites._computeOutputPortDepth(CausalityInterfaceForComposites.java:759)
	at ptolemy.actor.util.CausalityInterfaceForComposites._computeInputDepth(CausalityInterfaceForComposites.java:696)
	at ptolemy.actor.util.CausalityInterfaceForComposites._computeOutputPortDepth(CausalityInterfaceForComposites.java:765)
	at ptolemy.actor.util.CausalityInterfaceForComposites._computeInputDepth(CausalityInterfaceForComposites.java:696)
	at ptolemy.actor.util.CausalityInterfaceForComposites._computeOutputPortDepth(CausalityInterfaceForComposites.java:765)
	at ptolemy.actor.util.CausalityInterfaceForComposites._computeInputDepth(CausalityInterfaceForComposites.java:696)
	at ptolemy.actor.util.CausalityInterfaceForComposites._computeActorDepth(CausalityInterfaceForComposites.java:532)
	at ptolemy.actor.util.CausalityInterfaceForComposites.checkForCycles(CausalityInterfaceForComposites.java:96)
	at ptolemy.domains.de.kernel.DEDirector.preinitialize(DEDirector.java:1338)
	at ptolemy.actor.CompositeActor.preinitialize(CompositeActor.java:1828)
	at ptolemy.actor.Manager.preinitializeAndResolveTypes(Manager.java:1040)
	at ptolemy.actor.Manager.initialize(Manager.java:710)
	at ptolemy.actor.Manager.execute(Manager.java:356)
	at ptolemy.actor.Manager.run(Manager.java:1263)
	at ptolemy.actor.Manager$PtolemyRunThread.run(Manager.java:1933)
java.lang.RuntimeException: Execution failed
	at ptolemy.moml.MoMLSimpleApplication$UnloadThread.run(MoMLSimpleApplication.java:402)
Caused by: ptolemy.kernel.util.IllegalActionException: Found a zero delay loop containing .HierarchicalModel.A
  in .HierarchicalModel and .HierarchicalModel.A
	at ptolemy.actor.util.CausalityInterfaceForComposites._computeOutputPortDepth(CausalityInterfaceForComposites.java:759)
	at ptolemy.actor.util.CausalityInterfaceForComposites._computeInputDepth(CausalityInterfaceForComposites.java:696)
	at ptolemy.actor.util.CausalityInterfaceForComposites._computeOutputPortDepth(CausalityInterfaceForComposites.java:765)
	at ptolemy.actor.util.CausalityInterfaceForComposites._computeInputDepth(CausalityInterfaceForComposites.java:696)
	at ptolemy.actor.util.CausalityInterfaceForComposites._computeOutputPortDepth(CausalityInterfaceForComposites.java:765)
	at ptolemy.actor.util.CausalityInterfaceForComposites._computeInputDepth(CausalityInterfaceForComposites.java:696)
	at ptolemy.actor.util.CausalityInterfaceForComposites._computeActorDepth(CausalityInterfaceForComposites.java:532)
	at ptolemy.actor.util.CausalityInterfaceForComposites.checkForCycles(CausalityInterfaceForComposites.java:96)
	at ptolemy.domains.de.kernel.DEDirector.preinitialize(DEDirector.java:1338)
	at ptolemy.actor.CompositeActor.preinitialize(CompositeActor.java:1828)
	at ptolemy.actor.Manager.preinitializeAndResolveTypes(Manager.java:1040)
	at ptolemy.actor.Manager.initialize(Manager.java:710)
	at ptolemy.actor.Manager.execute(Manager.java:356)
	at ptolemy.actor.Manager.run(Manager.java:1263)
	at ptolemy.actor.Manager$PtolemyRunThread.run(Manager.java:1933)
java.lang.RuntimeException: Execution failed
	at ptolemy.moml.MoMLSimpleApplication$UnloadThread.run(MoMLSimpleApplication.java:402)
Caused by: ptolemy.kernel.util.IllegalActionException: Found a zero delay loop containing .dependencyLoop2.original
  in .dependencyLoop2 and .dependencyLoop2.original
	at ptolemy.actor.util.CausalityInterfaceForComposites._computeOutputPortDepth(CausalityInterfaceForComposites.java:759)
	at ptolemy.actor.util.CausalityInterfaceForComposites._computeInputDepth(CausalityInterfaceForComposites.java:696)
	at ptolemy.actor.util.CausalityInterfaceForComposites._computeOutputPortDepth(CausalityInterfaceForComposites.java:765)
	at ptolemy.actor.util.CausalityInterfaceForComposites._computeInputDepth(CausalityInterfaceForComposites.java:696)
	at ptolemy.actor.util.CausalityInterfaceForComposites._computeOutputPortDepth(CausalityInterfaceForComposites.java:765)
	at ptolemy.actor.util.CausalityInterfaceForComposites._computeInputDepth(CausalityInterfaceForComposites.java:696)
	at ptolemy.actor.util.CausalityInterfaceForComposites._computeActorDepth(CausalityInterfaceForComposites.java:532)
	at ptolemy.actor.util.CausalityInterfaceForComposites.checkForCycles(CausalityInterfaceForComposites.java:96)
	at ptolemy.domains.de.kernel.DEDirector.preinitialize(DEDirector.java:1338)
	at ptolemy.actor.CompositeActor.preinitialize(CompositeActor.java:1828)
	at ptolemy.actor.Manager.preinitializeAndResolveTypes(Manager.java:1040)
	at ptolemy.actor.Manager.initialize(Manager.java:710)
	at ptolemy.actor.Manager.execute(Manager.java:356)
	at ptolemy.actor.Manager.run(Manager.java:1263)
	at ptolemy.actor.Manager$PtolemyRunThread.run(Manager.java:1933)
java.lang.RuntimeException: Execution failed
	at ptolemy.moml.MoMLSimpleApplication$UnloadThread.run(MoMLSimpleApplication.java:402)
Caused by: ptolemy.kernel.util.IllegalActionException: Actor is not ready to fire.  Perhaps UpSample.prefire() returned false? Try debugging the actor by selecting "Listen to Actor".  Also, for SDF check moml for tokenConsumptionRate on input.
  in .DESDFClockTest.Play Bell.Copy1:SDF Director and .DESDFClockTest.Play Bell.UpSample
	at ptolemy.actor.sched.StaticSchedulingDirector.fire(StaticSchedulingDirector.java:227)
	at ptolemy.domains.sdf.kernel.SDFDirector.fire(SDFDirector.java:500)
	at ptolemy.actor.CompositeActor.fire(CompositeActor.java:455)
	at ptolemy.domains.de.kernel.DEDirector._fire(DEDirector.java:1949)
	at ptolemy.domains.de.kernel.DEDirector.fire(DEDirector.java:502)
	at ptolemy.actor.CompositeActor.fire(CompositeActor.java:455)
	at ptolemy.actor.Manager.iterate(Manager.java:851)
	at ptolemy.actor.Manager.execute(Manager.java:369)
	at ptolemy.actor.Manager.run(Manager.java:1263)
	at ptolemy.actor.Manager$PtolemyRunThread.run(Manager.java:1933)
java.lang.RuntimeException: Execution failed
	at ptolemy.moml.MoMLSimpleApplication$UnloadThread.run(MoMLSimpleApplication.java:402)
Caused by: ptolemy.kernel.util.IllegalActionException: Actor is not ready to fire.  Perhaps UpSample.prefire() returned false? Try debugging the actor by selecting "Listen to Actor".  Also, for SDF check moml for tokenConsumptionRate on input.
  in .DESDFClockTest.Play Bell.Copy1:SDF Director and .DESDFClockTest.Play Bell.UpSample
	at ptolemy.actor.sched.StaticSchedulingDirector.fire(StaticSchedulingDirector.java:227)
	at ptolemy.domains.sdf.kernel.SDFDirector.fire(SDFDirector.java:500)
	at ptolemy.actor.CompositeActor.fire(CompositeActor.java:455)
	at ptolemy.domains.de.kernel.DEDirector._fire(DEDirector.java:1949)
	at ptolemy.domains.de.kernel.DEDirector.fire(DEDirector.java:502)
	at ptolemy.actor.CompositeActor.fire(CompositeActor.java:455)
	at ptolemy.actor.Manager.iterate(Manager.java:851)
	at ptolemy.actor.Manager.execute(Manager.java:369)
	at ptolemy.actor.Manager.run(Manager.java:1263)
	at ptolemy.actor.Manager$PtolemyRunThread.run(Manager.java:1933)
java.lang.reflect.InvocationTargetException
	at java.base/jdk.internal.reflect.NativeConstructorAccessorImpl.newInstance0(Native Method)
	at java.base/jdk.internal.reflect.NativeConstructorAccessorImpl.newInstance(NativeConstructorAccessorImpl.java:62)
	at java.base/jdk.internal.reflect.DelegatingConstructorAccessorImpl.newInstance(DelegatingConstructorAccessorImpl.java:45)
	at java.base/java.lang.reflect.Constructor.newInstance(Constructor.java:490)
	at ptolemy.util.test.junit.AutoKnownFailedTests.RunModel(AutoKnownFailedTests.java:105)
	at java.base/jdk.internal.reflect.NativeMethodAccessorImpl.invoke0(Native Method)
	at java.base/jdk.internal.reflect.NativeMethodAccessorImpl.invoke(NativeMethodAccessorImpl.java:62)
	at java.base/jdk.internal.reflect.DelegatingMethodAccessorImpl.invoke(DelegatingMethodAccessorImpl.java:43)
	at java.base/java.lang.reflect.Method.invoke(Method.java:566)
	at org.junit.runners.model.FrameworkMethod$1.runReflectiveCall(FrameworkMethod.java:44)
	at org.junit.internal.runners.model.ReflectiveCallable.run(ReflectiveCallable.java:15)
	at org.junit.runners.model.FrameworkMethod.invokeExplosively(FrameworkMethod.java:41)
	at junitparams.internal.InvokeParameterisedMethod.evaluate(InvokeParameterisedMethod.java:102)
	at org.junit.internal.runners.statements.FailOnTimeout$1.run(FailOnTimeout.java:28)
Caused by: ptolemy.kernel.util.IllegalActionException: Actor is not ready to fire.  Perhaps UpSample.prefire() returned false? Try debugging the actor by selecting "Listen to Actor".  Also, for SDF check moml for tokenConsumptionRate on input.
  in .DESDFClockTest.Play Bell.Copy1:SDF Director and .DESDFClockTest.Play Bell.UpSample
	at ptolemy.actor.sched.StaticSchedulingDirector.fire(StaticSchedulingDirector.java:227)
	at ptolemy.domains.sdf.kernel.SDFDirector.fire(SDFDirector.java:500)
	at ptolemy.actor.CompositeActor.fire(CompositeActor.java:455)
	at ptolemy.domains.de.kernel.DEDirector._fire(DEDirector.java:1949)
	at ptolemy.domains.de.kernel.DEDirector.fire(DEDirector.java:502)
	at ptolemy.actor.CompositeActor.fire(CompositeActor.java:455)
	at ptolemy.actor.Manager.iterate(Manager.java:851)
	at ptolemy.actor.Manager.execute(Manager.java:369)
	at ptolemy.actor.Manager.run(Manager.java:1263)
	at ptolemy.actor.Manager$PtolemyRunThread.run(Manager.java:1933)
java.lang.RuntimeException: Execution failed
	at ptolemy.moml.MoMLSimpleApplication$UnloadThread.run(MoMLSimpleApplication.java:402)
Caused by: ptolemy.kernel.util.IllegalActionException: Test fails in iteration 1.
Value was: 1.0. Should have been: 2.0
  in .DirectFeedback.Test
	at ptolemy.actor.lib.Test.fire(Test.java:268)
	at ptolemy.domains.de.kernel.DEDirector._fire(DEDirector.java:1949)
	at ptolemy.domains.de.kernel.DEDirector.fire(DEDirector.java:502)
	at ptolemy.actor.CompositeActor.fire(CompositeActor.java:455)
	at ptolemy.actor.Manager.iterate(Manager.java:851)
	at ptolemy.actor.Manager.execute(Manager.java:369)
	at ptolemy.actor.Manager.run(Manager.java:1263)
	at ptolemy.actor.Manager$PtolemyRunThread.run(Manager.java:1933)
java.lang.reflect.InvocationTargetException
	at java.base/jdk.internal.reflect.NativeConstructorAccessorImpl.newInstance0(Native Method)
	at java.base/jdk.internal.reflect.NativeConstructorAccessorImpl.newInstance(NativeConstructorAccessorImpl.java:62)
	at java.base/jdk.internal.reflect.DelegatingConstructorAccessorImpl.newInstance(DelegatingConstructorAccessorImpl.java:45)
	at java.base/java.lang.reflect.Constructor.newInstance(Constructor.java:490)
	at ptolemy.util.test.junit.AutoKnownFailedTests.RunModel(AutoKnownFailedTests.java:105)
	at java.base/jdk.internal.reflect.NativeMethodAccessorImpl.invoke0(Native Method)
	at java.base/jdk.internal.reflect.NativeMethodAccessorImpl.invoke(NativeMethodAccessorImpl.java:62)
	at java.base/jdk.internal.reflect.DelegatingMethodAccessorImpl.invoke(DelegatingMethodAccessorImpl.java:43)
	at java.base/java.lang.reflect.Method.invoke(Method.java:566)
	at org.junit.runners.model.FrameworkMethod$1.runReflectiveCall(FrameworkMethod.java:44)
	at org.junit.internal.runners.model.ReflectiveCallable.run(ReflectiveCallable.java:15)
	at org.junit.runners.model.FrameworkMethod.invokeExplosively(FrameworkMethod.java:41)
	at junitparams.internal.InvokeParameterisedMethod.evaluate(InvokeParameterisedMethod.java:102)
	at org.junit.internal.runners.statements.FailOnTimeout$1.run(FailOnTimeout.java:28)
Caused by: ptolemy.kernel.util.IllegalActionException: Test fails in iteration 1.
Value was: 1.0. Should have been: 2.0
  in .DirectFeedback.Test
	at ptolemy.actor.lib.Test.fire(Test.java:268)
	at ptolemy.domains.de.kernel.DEDirector._fire(DEDirector.java:1949)
	at ptolemy.domains.de.kernel.DEDirector.fire(DEDirector.java:502)
	at ptolemy.actor.CompositeActor.fire(CompositeActor.java:455)
	at ptolemy.actor.Manager.iterate(Manager.java:851)
	at ptolemy.actor.Manager.execute(Manager.java:369)
	at ptolemy.actor.Manager.run(Manager.java:1263)
	at ptolemy.actor.Manager$PtolemyRunThread.run(Manager.java:1933)
java.lang.RuntimeException: Execution failed
	at ptolemy.moml.MoMLSimpleApplication$UnloadThread.run(MoMLSimpleApplication.java:402)
Caused by: ptolemy.kernel.util.IllegalActionException: Found a zero delay loop containing .HierarchicalModel.A
  in .HierarchicalModel and .HierarchicalModel.A
	at ptolemy.actor.util.CausalityInterfaceForComposites._computeOutputPortDepth(CausalityInterfaceForComposites.java:759)
	at ptolemy.actor.util.CausalityInterfaceForComposites._computeInputDepth(CausalityInterfaceForComposites.java:696)
	at ptolemy.actor.util.CausalityInterfaceForComposites._computeOutputPortDepth(CausalityInterfaceForComposites.java:765)
	at ptolemy.actor.util.CausalityInterfaceForComposites._computeInputDepth(CausalityInterfaceForComposites.java:696)
	at ptolemy.actor.util.CausalityInterfaceForComposites._computeOutputPortDepth(CausalityInterfaceForComposites.java:765)
	at ptolemy.actor.util.CausalityInterfaceForComposites._computeInputDepth(CausalityInterfaceForComposites.java:696)
	at ptolemy.actor.util.CausalityInterfaceForComposites._computeActorDepth(CausalityInterfaceForComposites.java:532)
	at ptolemy.actor.util.CausalityInterfaceForComposites.checkForCycles(CausalityInterfaceForComposites.java:96)
	at ptolemy.domains.de.kernel.DEDirector.preinitialize(DEDirector.java:1338)
	at ptolemy.actor.CompositeActor.preinitialize(CompositeActor.java:1828)
	at ptolemy.actor.Manager.preinitializeAndResolveTypes(Manager.java:1040)
	at ptolemy.actor.Manager.initialize(Manager.java:710)
	at ptolemy.actor.Manager.execute(Manager.java:356)
	at ptolemy.actor.Manager.run(Manager.java:1263)
	at ptolemy.actor.Manager$PtolemyRunThread.run(Manager.java:1933)
java.lang.reflect.InvocationTargetException
	at java.base/jdk.internal.reflect.NativeConstructorAccessorImpl.newInstance0(Native Method)
	at java.base/jdk.internal.reflect.NativeConstructorAccessorImpl.newInstance(NativeConstructorAccessorImpl.java:62)
	at java.base/jdk.internal.reflect.DelegatingConstructorAccessorImpl.newInstance(DelegatingConstructorAccessorImpl.java:45)
	at java.base/java.lang.reflect.Constructor.newInstance(Constructor.java:490)
	at ptolemy.util.test.junit.AutoKnownFailedTests.RunModel(AutoKnownFailedTests.java:105)
	at java.base/jdk.internal.reflect.NativeMethodAccessorImpl.invoke0(Native Method)
	at java.base/jdk.internal.reflect.NativeMethodAccessorImpl.invoke(NativeMethodAccessorImpl.java:62)
	at java.base/jdk.internal.reflect.DelegatingMethodAccessorImpl.invoke(DelegatingMethodAccessorImpl.java:43)
	at java.base/java.lang.reflect.Method.invoke(Method.java:566)
	at org.junit.runners.model.FrameworkMethod$1.runReflectiveCall(FrameworkMethod.java:44)
	at org.junit.internal.runners.model.ReflectiveCallable.run(ReflectiveCallable.java:15)
	at org.junit.runners.model.FrameworkMethod.invokeExplosively(FrameworkMethod.java:41)
	at junitparams.internal.InvokeParameterisedMethod.evaluate(InvokeParameterisedMethod.java:102)
	at org.junit.internal.runners.statements.FailOnTimeout$1.run(FailOnTimeout.java:28)
Caused by: ptolemy.kernel.util.IllegalActionException: Found a zero delay loop containing .HierarchicalModel.A
  in .HierarchicalModel and .HierarchicalModel.A
	at ptolemy.actor.util.CausalityInterfaceForComposites._computeOutputPortDepth(CausalityInterfaceForComposites.java:759)
	at ptolemy.actor.util.CausalityInterfaceForComposites._computeInputDepth(CausalityInterfaceForComposites.java:696)
	at ptolemy.actor.util.CausalityInterfaceForComposites._computeOutputPortDepth(CausalityInterfaceForComposites.java:765)
	at ptolemy.actor.util.CausalityInterfaceForComposites._computeInputDepth(CausalityInterfaceForComposites.java:696)
	at ptolemy.actor.util.CausalityInterfaceForComposites._computeOutputPortDepth(CausalityInterfaceForComposites.java:765)
	at ptolemy.actor.util.CausalityInterfaceForComposites._computeInputDepth(CausalityInterfaceForComposites.java:696)
	at ptolemy.actor.util.CausalityInterfaceForComposites._computeActorDepth(CausalityInterfaceForComposites.java:532)
	at ptolemy.actor.util.CausalityInterfaceForComposites.checkForCycles(CausalityInterfaceForComposites.java:96)
	at ptolemy.domains.de.kernel.DEDirector.preinitialize(DEDirector.java:1338)
	at ptolemy.actor.CompositeActor.preinitialize(CompositeActor.java:1828)
	at ptolemy.actor.Manager.preinitializeAndResolveTypes(Manager.java:1040)
	at ptolemy.actor.Manager.initialize(Manager.java:710)
	at ptolemy.actor.Manager.execute(Manager.java:356)
	at ptolemy.actor.Manager.run(Manager.java:1263)
	at ptolemy.actor.Manager$PtolemyRunThread.run(Manager.java:1933)
java.lang.RuntimeException: Execution failed
	at ptolemy.moml.MoMLSimpleApplication$UnloadThread.run(MoMLSimpleApplication.java:402)
Caused by: ptolemy.kernel.util.IllegalActionException: Found a zero delay loop containing .dependencyLoop.original
  in .dependencyLoop and .dependencyLoop.original
	at ptolemy.actor.util.CausalityInterfaceForComposites._computeOutputPortDepth(CausalityInterfaceForComposites.java:759)
	at ptolemy.actor.util.CausalityInterfaceForComposites._computeInputDepth(CausalityInterfaceForComposites.java:696)
	at ptolemy.actor.util.CausalityInterfaceForComposites._computeOutputPortDepth(CausalityInterfaceForComposites.java:765)
	at ptolemy.actor.util.CausalityInterfaceForComposites._computeInputDepth(CausalityInterfaceForComposites.java:696)
	at ptolemy.actor.util.CausalityInterfaceForComposites._computeOutputPortDepth(CausalityInterfaceForComposites.java:765)
	at ptolemy.actor.util.CausalityInterfaceForComposites._computeInputDepth(CausalityInterfaceForComposites.java:696)
	at ptolemy.actor.util.CausalityInterfaceForComposites._computeActorDepth(CausalityInterfaceForComposites.java:532)
	at ptolemy.actor.util.CausalityInterfaceForComposites.checkForCycles(CausalityInterfaceForComposites.java:96)
	at ptolemy.domains.de.kernel.DEDirector.preinitialize(DEDirector.java:1338)
	at ptolemy.actor.CompositeActor.preinitialize(CompositeActor.java:1828)
	at ptolemy.actor.Manager.preinitializeAndResolveTypes(Manager.java:1040)
	at ptolemy.actor.Manager.initialize(Manager.java:710)
	at ptolemy.actor.Manager.execute(Manager.java:356)
	at ptolemy.actor.Manager.run(Manager.java:1263)
	at ptolemy.actor.Manager$PtolemyRunThread.run(Manager.java:1933)
java.lang.reflect.InvocationTargetException
	at java.base/jdk.internal.reflect.NativeConstructorAccessorImpl.newInstance0(Native Method)
	at java.base/jdk.internal.reflect.NativeConstructorAccessorImpl.newInstance(NativeConstructorAccessorImpl.java:62)
	at java.base/jdk.internal.reflect.DelegatingConstructorAccessorImpl.newInstance(DelegatingConstructorAccessorImpl.java:45)
	at java.base/java.lang.reflect.Constructor.newInstance(Constructor.java:490)
	at ptolemy.util.test.junit.AutoKnownFailedTests.RunModel(AutoKnownFailedTests.java:105)
	at java.base/jdk.internal.reflect.NativeMethodAccessorImpl.invoke0(Native Method)
	at java.base/jdk.internal.reflect.NativeMethodAccessorImpl.invoke(NativeMethodAccessorImpl.java:62)
	at java.base/jdk.internal.reflect.DelegatingMethodAccessorImpl.invoke(DelegatingMethodAccessorImpl.java:43)
	at java.base/java.lang.reflect.Method.invoke(Method.java:566)
	at org.junit.runners.model.FrameworkMethod$1.runReflectiveCall(FrameworkMethod.java:44)
	at org.junit.internal.runners.model.ReflectiveCallable.run(ReflectiveCallable.java:15)
	at org.junit.runners.model.FrameworkMethod.invokeExplosively(FrameworkMethod.java:41)
	at junitparams.internal.InvokeParameterisedMethod.evaluate(InvokeParameterisedMethod.java:102)
	at org.junit.internal.runners.statements.FailOnTimeout$1.run(FailOnTimeout.java:28)
Caused by: ptolemy.kernel.util.IllegalActionException: Found a zero delay loop containing .dependencyLoop.original
  in .dependencyLoop and .dependencyLoop.original
	at ptolemy.actor.util.CausalityInterfaceForComposites._computeOutputPortDepth(CausalityInterfaceForComposites.java:759)
	at ptolemy.actor.util.CausalityInterfaceForComposites._computeInputDepth(CausalityInterfaceForComposites.java:696)
	at ptolemy.actor.util.CausalityInterfaceForComposites._computeOutputPortDepth(CausalityInterfaceForComposites.java:765)
	at ptolemy.actor.util.CausalityInterfaceForComposites._computeInputDepth(CausalityInterfaceForComposites.java:696)
	at ptolemy.actor.util.CausalityInterfaceForComposites._computeOutputPortDepth(CausalityInterfaceForComposites.java:765)
	at ptolemy.actor.util.CausalityInterfaceForComposites._computeInputDepth(CausalityInterfaceForComposites.java:696)
	at ptolemy.actor.util.CausalityInterfaceForComposites._computeActorDepth(CausalityInterfaceForComposites.java:532)
	at ptolemy.actor.util.CausalityInterfaceForComposites.checkForCycles(CausalityInterfaceForComposites.java:96)
	at ptolemy.domains.de.kernel.DEDirector.preinitialize(DEDirector.java:1338)
	at ptolemy.actor.CompositeActor.preinitialize(CompositeActor.java:1828)
	at ptolemy.actor.Manager.preinitializeAndResolveTypes(Manager.java:1040)
	at ptolemy.actor.Manager.initialize(Manager.java:710)
	at ptolemy.actor.Manager.execute(Manager.java:356)
	at ptolemy.actor.Manager.run(Manager.java:1263)
	at ptolemy.actor.Manager$PtolemyRunThread.run(Manager.java:1933)
java.lang.RuntimeException: Execution failed
	at ptolemy.moml.MoMLSimpleApplication$UnloadThread.run(MoMLSimpleApplication.java:402)
Caused by: ptolemy.kernel.util.IllegalActionException: Found a zero delay loop containing .dependencyLoop2.original
  in .dependencyLoop2 and .dependencyLoop2.original
	at ptolemy.actor.util.CausalityInterfaceForComposites._computeOutputPortDepth(CausalityInterfaceForComposites.java:759)
	at ptolemy.actor.util.CausalityInterfaceForComposites._computeInputDepth(CausalityInterfaceForComposites.java:696)
	at ptolemy.actor.util.CausalityInterfaceForComposites._computeOutputPortDepth(CausalityInterfaceForComposites.java:765)
	at ptolemy.actor.util.CausalityInterfaceForComposites._computeInputDepth(CausalityInterfaceForComposites.java:696)
	at ptolemy.actor.util.CausalityInterfaceForComposites._computeOutputPortDepth(CausalityInterfaceForComposites.java:765)
	at ptolemy.actor.util.CausalityInterfaceForComposites._computeInputDepth(CausalityInterfaceForComposites.java:696)
	at ptolemy.actor.util.CausalityInterfaceForComposites._computeActorDepth(CausalityInterfaceForComposites.java:532)
	at ptolemy.actor.util.CausalityInterfaceForComposites.checkForCycles(CausalityInterfaceForComposites.java:96)
	at ptolemy.domains.de.kernel.DEDirector.preinitialize(DEDirector.java:1338)
	at ptolemy.actor.CompositeActor.preinitialize(CompositeActor.java:1828)
	at ptolemy.actor.Manager.preinitializeAndResolveTypes(Manager.java:1040)
	at ptolemy.actor.Manager.initialize(Manager.java:710)
	at ptolemy.actor.Manager.execute(Manager.java:356)
	at ptolemy.actor.Manager.run(Manager.java:1263)
	at ptolemy.actor.Manager$PtolemyRunThread.run(Manager.java:1933)
java.lang.reflect.InvocationTargetException
	at java.base/jdk.internal.reflect.NativeConstructorAccessorImpl.newInstance0(Native Method)
	at java.base/jdk.internal.reflect.NativeConstructorAccessorImpl.newInstance(NativeConstructorAccessorImpl.java:62)
	at java.base/jdk.internal.reflect.DelegatingConstructorAccessorImpl.newInstance(DelegatingConstructorAccessorImpl.java:45)
	at java.base/java.lang.reflect.Constructor.newInstance(Constructor.java:490)
	at ptolemy.util.test.junit.AutoKnownFailedTests.RunModel(AutoKnownFailedTests.java:105)
	at java.base/jdk.internal.reflect.NativeMethodAccessorImpl.invoke0(Native Method)
	at java.base/jdk.internal.reflect.NativeMethodAccessorImpl.invoke(NativeMethodAccessorImpl.java:62)
	at java.base/jdk.internal.reflect.DelegatingMethodAccessorImpl.invoke(DelegatingMethodAccessorImpl.java:43)
	at java.base/java.lang.reflect.Method.invoke(Method.java:566)
	at org.junit.runners.model.FrameworkMethod$1.runReflectiveCall(FrameworkMethod.java:44)
	at org.junit.internal.runners.model.ReflectiveCallable.run(ReflectiveCallable.java:15)
	at org.junit.runners.model.FrameworkMethod.invokeExplosively(FrameworkMethod.java:41)
	at junitparams.internal.InvokeParameterisedMethod.evaluate(InvokeParameterisedMethod.java:102)
	at org.junit.internal.runners.statements.FailOnTimeout$1.run(FailOnTimeout.java:28)
Caused by: ptolemy.kernel.util.IllegalActionException: Found a zero delay loop containing .dependencyLoop2.original
  in .dependencyLoop2 and .dependencyLoop2.original
	at ptolemy.actor.util.CausalityInterfaceForComposites._computeOutputPortDepth(CausalityInterfaceForComposites.java:759)
	at ptolemy.actor.util.CausalityInterfaceForComposites._computeInputDepth(CausalityInterfaceForComposites.java:696)
	at ptolemy.actor.util.CausalityInterfaceForComposites._computeOutputPortDepth(CausalityInterfaceForComposites.java:765)
	at ptolemy.actor.util.CausalityInterfaceForComposites._computeInputDepth(CausalityInterfaceForComposites.java:696)
	at ptolemy.actor.util.CausalityInterfaceForComposites._computeOutputPortDepth(CausalityInterfaceForComposites.java:765)
	at ptolemy.actor.util.CausalityInterfaceForComposites._computeInputDepth(CausalityInterfaceForComposites.java:696)
	at ptolemy.actor.util.CausalityInterfaceForComposites._computeActorDepth(CausalityInterfaceForComposites.java:532)
	at ptolemy.actor.util.CausalityInterfaceForComposites.checkForCycles(CausalityInterfaceForComposites.java:96)
	at ptolemy.domains.de.kernel.DEDirector.preinitialize(DEDirector.java:1338)
	at ptolemy.actor.CompositeActor.preinitialize(CompositeActor.java:1828)
	at ptolemy.actor.Manager.preinitializeAndResolveTypes(Manager.java:1040)
	at ptolemy.actor.Manager.initialize(Manager.java:710)
	at ptolemy.actor.Manager.execute(Manager.java:356)
	at ptolemy.actor.Manager.run(Manager.java:1263)
	at ptolemy.actor.Manager$PtolemyRunThread.run(Manager.java:1933)
]]></system-err>
</testsuite>
