<?xml version="1.0" encoding="UTF-8" ?>
<testsuite errors="0" failures="0" hostname="travis-job-96c4a6ed-69a4-4f45-9116-c38ac51066d5" name="ptolemy.domains.de.test.junit.JUnitTclTest" skipped="0" tests="101" time="120.928" timestamp="2022-06-06T02:09:23">
  <properties>
    <property name="env.OLDPWD" value="/home/travis/build/icyphy/ptII" />
    <property name="npm.executable" value="npm" />
    <property name="env.TRAVIS_ROOT" value="/" />
    <property name="ptII.mk.exists" value="true" />
    <property name="env.TRAVIS_APP_HOST" value="build.travis-ci.com" />
    <property name="env.rvm_bin_path" value="/home/travis/.rvm/bin" />
    <property name="java.home" value="/usr/local/lib/jvm/openjdk11" />
    <property name="env.TRAVIS_JOB_NUMBER" value="1861.10" />
    <property name="env.TRAVIS_HOME" value="/home/travis" />
    <property name="env.DISPLAY" value=":99.0" />
    <property name="env.TRAVIS_INIT" value="systemd" />
    <property name="env.SSH_TTY" value="/dev/pts/0" />
    <property name="java.net.preferIPv4Stack" value="true" />
    <property name="env.RUN_TESTS" value="true" />
    <property name="timeout.short" value="1000000" />
    <property name="junit.formatter" value="xml" />
    <property name="env.TRAVIS_SUDO" value="true" />
    <property name="env.TRAVIS_JOB_NAME" value="" />
    <property name="env.TRAVIS_STACK_NODE_ATTRIBUTES" value="/.node-attributes.yml" />
    <property name="env.LOGNAME" value="travis" />
    <property name="jsdoc.home" value="node_modules/@terraswarm/jsdoc" />
    <property name="debuglevel" value="source,lines,vars" />
    <property name="checkstyle.formatter" value="xml" />
    <property name="bin.vergil.makeable" value="true" />
    <property name="sun.os.patch.level" value="unknown" />
    <property name="java.vendor.url" value="http://java.oracle.com/" />
    <property name="env.TRAVIS_BUILD_WEB_URL" value="https://app.travis-ci.com/icyphy/ptII/builds/251561757" />
    <property name="java.version" value="11.0.2" />
    <property name="env.TZ" value="UTC" />
    <property name="env.TRAVIS_PULL_REQUEST_SHA" value="" />
    <property name="env.PT_NO_NET" value="true" />
    <property name="env.TRAVIS_SECURE_ENV_VARS" value="true" />
    <property name="java.vendor.url.bug" value="http://bugreport.java.com/bugreport/" />
    <property name="npmjs-org-is-up" value="true" />
    <property name="env.LANGUAGE" value="en_US.UTF-8" />
    <property name="env.SSH_CLIENT" value="10.16.7.32 35310 22" />
    <property name="env.GEM_HOME" value="/home/travis/.rvm/gems/ruby-2.5.3" />
    <property name="env.HAS_ANTARES_THREE_LITTLE_FRONZIES_BADGE" value="true" />
    <property name="java.version.date" value="2019-01-15" />
    <property name="env.PS4" value="+" />
    <property name="ant.project.invoked-targets" value="build,test.core2.xml" />
    <property name="env.TRAVIS_PULL_REQUEST_BRANCH" value="" />
    <property name="env.TRAVIS_REPO_SLUG" value="icyphy/ptII" />
    <property name="env.XDG_DATA_DIRS" value="/usr/local/share:/usr/share:/var/lib/snapd/desktop" />
    <property name="jdk.debug" value="release" />
    <property name="env.TRAVIS_APT_PROXY" value="http://build-cache.travisci.net" />
    <property name="env.TRAVIS_CPU_ARCH" value="amd64" />
    <property name="node.in.path" value="true" />
    <property name="user.name" value="travis" />
    <property name="java.maxmemory" value="1400m" />
    <property name="env.RUBY_VERSION" value="ruby-2.5.3" />
    <property name="env.LANG" value="en_US.UTF-8" />
    <property name="sun.io.unicode.encoding" value="UnicodeLittle" />
    <property name="sun.jnu.encoding" value="UTF-8" />
    <property name="java.runtime.name" value="OpenJDK Runtime Environment" />
    <property name="usefile" value="false" />
    <property name="return.code" value="0" />
    <property name="junit.single.formatter" value="plain" />
    <property name="env.DYLD_LIBRARY_PATH" value="/home/travis/pthla/certi-tools/lib:" />
    <property name="env.DEBIAN_FRONTEND" value="noninteractive" />
    <property name="env.SSH_CONNECTION" value="10.16.7.32 35310 10.30.0.95 22" />
    <property name="env.MYSQL_UNIX_PORT" value="/var/run/mysqld/mysqld.sock" />
    <property name="env.LC_ALL" value="en_US.UTF-8" />
    <property name="env.TRAVIS_ALLOW_FAILURE" value="" />
    <property name="env.TRAVIS_JOB_WEB_URL" value="https://app.travis-ci.com/icyphy/ptII/jobs/572513548" />
    <property name="java.specification.name" value="Java Platform API Specification" />
    <property name="node.works" value="true" />
    <property name="user.timezone" value="" />
    <property name="path.separator" value=":" />
    <property name="env.TRAVIS_ENABLE_INFRA_DETECTION" value="true" />
    <property name="env.PYTHON_CFLAGS" value="-g -fstack-protector --param=ssp-buffer-size=4 -Wformat -Werror=format-security" />
    <property name="timeout.long" value="4000000" />
    <property name="env.CERTI_HOME" value="/home/travis/pthla/certi-tools" />
    <property name="ant.file.ptII" value="/home/travis/build/icyphy/ptII/build.xml" />
    <property name="javadoc.packagenames" value="com.*,diva.*,lbnl.*,org.hlacerti.*,org.json.*,org.ptolemy.*,org.terraswarm.*,ptolemy.*,ptserver.*" />
    <property name="file.encoding" value="UTF-8" />
    <property name="env.TRAVIS_PULL_REQUEST_SLUG" value="" />
    <property name="ant.project.default-target" value="build" />
    <property name="env.GIT_ASKPASS" value="echo" />
    <property name="env.HOME" value="/home/travis" />
    <property name="sun.java.command" value="org.apache.tools.ant.taskdefs.optional.junit.JUnitTestRunner ptolemy.domains.de.test.junit.JUnitTclTest skipNonTests=false filtertrace=true haltOnError=false haltOnFailure=false formatter=org.apache.tools.ant.taskdefs.optional.junit.OutErrSummaryJUnitResultFormatter showoutput=true outputtoformatters=true logfailedtests=true threadid=0 logtestlistenerevents=false formatter=org.apache.tools.ant.taskdefs.optional.junit.XMLJUnitResultFormatter,/home/travis/build/icyphy/ptII/reports/junit/TEST-ptolemy.domains.de.test.junit.JUnitTclTest.xml crashfile=/home/travis/build/icyphy/ptII/junitvmwatcher13112548239425322270.properties propsfile=/home/travis/build/icyphy/ptII/junit16665404360587359005.properties" />
    <property name="env.COMPOSER_NO_INTERACTION" value="1" />
    <property name="env.MANPATH" value="/home/travis/.nvm/versions/node/v7.10.1/share/man:/home/travis/.rvm/rubies/ruby-2.5.3/share/man:/usr/local/cmake-3.12.4/man:/usr/local/clang-7.0.0/share/man:/usr/local/man:/usr/local/share/man:/usr/share/man:/home/travis/.rvm/man" />
    <property name="env.TRAVIS_TIMER_ID" value="1976d85b" />
    <property name="ant.file" value="/home/travis/build/icyphy/ptII/build.xml" />
    <property name="env.TRAVIS_COMMIT_RANGE" value="872d2759c11419c6c148914806a18a5fe16003e0...97c84c86e87328bd066bc560e7f5b65fa1c4b652" />
    <property name="ptII.classpath.optional.property" value="/home/travis/build/icyphy/ptII/lib/asm-all-5.2.jar:/home/travis/build/icyphy/ptII/lib/nashorn-core-15.3.jar:/home/travis/build/icyphy/ptII/lib/bsh-2.0b4.jar:/home/travis/build/icyphy/ptII/lib/ptCal.jar:/home/travis/build/icyphy/ptII/lib/java_cup.jar:/home/travis/build/icyphy/ptII/lib/saxon8.jar:/home/travis/build/icyphy/ptII/lib/saxon8-dom.jar:/home/travis/build/icyphy/ptII/lib/chic.jar:/home/travis/build/icyphy/ptII/lib/ptcolt.jar:/home/travis/build/icyphy/ptII/vendors/misc/itext/iText.jar:/home/travis/build/icyphy/ptII/lib/g4ltl.jar:/home/travis/build/icyphy/ptII/lib/StructuralCoder.jar:/home/travis/build/icyphy/ptII/lib/jcerti.jar:/home/travis/build/icyphy/ptII/lib/javax.mail.jar:/home/travis/build/icyphy/ptII/vendors/JMF-2.1.1e/lib/jmf.jar:/home/travis/build/icyphy/ptII/lib/jna-4.0.0-variadic.jar:/home/travis/build/icyphy/ptII/vendors/misc/joystick/Joystick.jar:/home/travis/build/icyphy/ptII/lib/ptjacl.jar:/home/travis/build/icyphy/ptII/lib/jsoup-1.14.2.jar:/home/travis/build/icyphy/ptII/lib/junit-4.8.2.jar:/home/travis/build/icyphy/ptII/lib/JUnitParams-0.4.0.jar:/home/travis/build/icyphy/ptII/ptolemy/actor/lib/excel/jxl.jar:/home/travis/build/icyphy/ptII/lib/jython.jar:/home/travis/build/icyphy/ptII/lib/kieler.jar:/home/travis/build/icyphy/ptII/vendors/opencv/share/OpenCV/java/opencv-341.jar:/home/travis/build/icyphy/ptII/lib/oscP5.jar:/home/travis/build/icyphy/ptII/lib/nrjavaserial-3.11.0.devel.jar:/home/travis/build/icyphy/ptII/vendors/j3d/lib/Linux/j3dcore.jar:/home/travis/build/icyphy/ptII/vendors/j3d/lib/Linux/j3dutils.jar:/home/travis/build/icyphy/ptII/vendors/j3d/lib/Linux/vecmath.jar:/home/travis/build/icyphy/ptII/vendors/jogl/lib/Linux/gluegen-rt-natives-linux-amd64.jar:/home/travis/build/icyphy/ptII/vendors/jogl/lib/Linux/gluegen-rt.jar:/home/travis/build/icyphy/ptII/vendors/jogl/lib/Linux/jogl-all-natives-linux-amd64.jar:/home/travis/build/icyphy/ptII/vendors/jogl/lib/Linux/jogl-all.jar:/home/travis/build/icyphy/ptII/ptolemy/distributed/jini/jar/jini-core.jar:/home/travis/build/icyphy/ptII/ptolemy/distributed/jini/jar/jini-ext.jar:/home/travis/build/icyphy/ptII/ptolemy/distributed/jini/jar/sun-util.jar:/home/travis/build/icyphy/ptII/lib/protobuf-java-2.4.1.jar:/home/travis/build/icyphy/ptII/lib/org.eclipse.paho.client.mqttv3.jar:/home/travis/build/icyphy/ptII/lib/mapss.jar:/home/travis/build/icyphy/ptII/ptolemy/actor/ptalon/antlr/antlr.jar:/home/travis/build/icyphy/ptII/lib/JRI.jar:/home/travis/build/icyphy/ptII/lib/commons-lang-2.6.jar:/home/travis/build/icyphy/ptII/lib/commons-logging-1.1.1.jar:/home/travis/build/icyphy/ptII/lib/sootclasses.jar:/home/travis/build/icyphy/ptII/ptolemy/actor/lib/database/mysql-connector-java-8.0.26.jar:/home/travis/build/icyphy/ptII/vendors/misc/sphinx4/sphinx4-data-5prealpha.jar:/home/travis/build/icyphy/ptII/vendors/misc/sphinx4/sphinx4-core-5prealpha.jar:/home/travis/build/icyphy/ptII/lib/PDFRenderer.jar:/home/travis/build/icyphy/ptII/lib/svgSalamander.jar:/home/travis/build/icyphy/ptII/lib/rsyntaxtextarea-2.6.0-SNAPSHOT.jar:/home/travis/build/icyphy/ptII/lib/hazelcast-3.8.2.jar:/home/travis/build/icyphy/ptII/lib/jackson-annotations-2.9.0.jar:/home/travis/build/icyphy/ptII/lib/jackson-core-2.9.3.jar:/home/travis/build/icyphy/ptII/lib/jackson-databind-2.9.3.jar:/home/travis/build/icyphy/ptII/lib/netty-buffer-4.1.19.Final.jar:/home/travis/build/icyphy/ptII/lib/netty-codec-4.1.19.Final.jar:/home/travis/build/icyphy/ptII/lib/netty-codec-dns-4.1.19.Final.jar:/home/travis/build/icyphy/ptII/lib/netty-codec-http-4.1.19.Final.jar:/home/travis/build/icyphy/ptII/lib/netty-codec-http2-4.1.19.Final.jar:/home/travis/build/icyphy/ptII/lib/netty-common-4.1.19.Final.jar:/home/travis/build/icyphy/ptII/lib/netty-handler-4.1.19.Final.jar:/home/travis/build/icyphy/ptII/lib/netty-resolver-4.1.19.Final.jar:/home/travis/build/icyphy/ptII/lib/netty-resolver-dns-4.1.19.Final.jar:/home/travis/build/icyphy/ptII/lib/netty-transport-4.1.19.Final.jar:/home/travis/build/icyphy/ptII/lib/vertx-codegen-3.5.1.jar:/home/travis/build/icyphy/ptII/lib/vertx-core-3.5.2-SNAPSHOT.jar:/home/travis/build/icyphy/ptII/lib/vertx-hazelcast-3.5.1.jar:/home/travis/build/icyphy/ptII/lib/vertx-lang-js-3.5.1.jar:/home/travis/build/icyphy/ptII/lib/vertx-service-proxy-3.5.1.jar:/home/travis/build/icyphy/ptII/lib/vertx-web-3.5.1.jar:/home/travis/build/icyphy/ptII/lib/slf4j-api-1.7.13.jar:/home/travis/build/icyphy/ptII/lib/slf4j-simple-1.7.13.jar:/home/travis/build/icyphy/ptII/lib/webcam-capture-0.3.12.jar:/home/travis/build/icyphy/ptII/lib/bridj-0.7.0.jar:/home/travis/build/icyphy/ptII/lib/xbjlib-1.1.0.nrjavaserial.jar" />
    <property name="timeout" value="2400000" />
    <property name="test.batch" value="**/junit/*.java" />
    <property name="env._" value="/usr/bin/timeout" />
    <property name="java.io.tmpdir" value="/tmp" />
    <property name="user.language" value="en" />
    <property name="env.TRAVIS_INTERNAL_RUBY_REGEX" value="^ruby-(2\.[0-4]\.[0-9]|1\.9\.3)" />
    <property name="env.HISTCONTROL" value="ignoredups:ignorespace" />
    <property name="env.GOROOT" value="/home/travis/.gimme/versions/go1.11.1.linux.amd64" />
    <property name="line.separator" value="&#xa;" />
    <property name="target" value="11" />
    <property name="env.TRAVIS_BUILD_DIR" value="/home/travis/build/icyphy/ptII" />
    <property name="env.ANT_OPTS" value="-Xmx2048m" />
    <property name="ant.file.type" value="file" />
    <property name="ptolemy.ptII.batchMode" value="true" />
    <property name="env.HISTSIZE" value="1000" />
    <property name="env.MERB_ENV" value="test" />
    <property name="java.vm.info" value="mixed mode" />
    <property name="source" value="11" />
    <property name="java.vm.specification.name" value="Java Virtual Machine Specification" />
    <property name="env.TRAVIS_TEST_RESULT" value="0" />
    <property name="jsdoc.command" value="node_modules/@terraswarm/jsdoc/jsdoc.js" />
    <property name="npm.works" value="true" />
    <property name="cobertura.dir" value="/home/travis/build/icyphy/ptII/vendors/cobertura-2.0.3" />
    <property name="jsdoc.command.exists" value="true" />
    <property name="env.rvm_path" value="/home/travis/.rvm" />
    <property name="env.GEM_PATH" value="/home/travis/.rvm/gems/ruby-2.5.3:/home/travis/.rvm/gems/ruby-2.5.3@global" />
    <property name="env.LC_CTYPE" value="en_US.UTF-8" />
    <property name="env.TRAVIS_CMD" value="$PTII/bin/ptIITravisBuild.sh $SECONDS" />
    <property name="java.awt.printerjob" value="sun.print.PSPrinterJob" />
    <property name="env.TRAVIS_STACK_NAME" value="sardonyx" />
    <property name="env.TRAVIS_TIMER_START_TIME" value="1654481150061391558" />
    <property name="ant.version" value="Apache Ant(TM) version 1.10.1 compiled on February 2 2017" />
    <property name="ptII.reports" value="/home/travis/build/icyphy/ptII/reports" />
    <property name="env.TRAVIS_STACK_TIMESTAMP" value="2022-03-21 11:29:05 UTC" />
    <property name="ant.file.type.ptII" value="file" />
    <property name="env.RBENV_SHELL" value="bash" />
    <property name="os.name" value="Linux" />
    <property name="java.specification.vendor" value="Oracle Corporation" />
    <property name="env.rvm_version" value="1.29.12 (latest)" />
    <property name="env.TRAVIS_INFRA" value="unknown" />
    <property name="env.TERM" value="xterm" />
    <property name="java.vm.name" value="OpenJDK 64-Bit Server VM" />
    <property name="env.TRAVIS_BUILD_NUMBER" value="1861" />
    <property name="env.CI" value="true" />
    <property name="java.library.path" value="/home/travis/pthla/certi-tools/lib:/usr/lib/jni:/usr/local/share/OpenCV/java/:/usr/share/OpenCV/java::/usr/java/packages/lib:/usr/lib64:/lib64:/lib:/usr/lib" />
    <property name="jdk.module.path" value="/home/travis/build/icyphy/ptII/vendors/javafx/javafx-sdk-11.0.2/lib:" />
    <property name="env.rvm_prefix" value="/home/travis" />
    <property name="env.PATH" value="/home/travis/pthla/certi-tools/share/scripts:/home/travis/.rvm/gems/ruby-2.5.3/bin:/home/travis/.rvm/gems/ruby-2.5.3@global/bin:/home/travis/.rvm/rubies/ruby-2.5.3/bin:/home/travis/.rvm/bin:./node_modules/.bin:/home/travis/build/icyphy/ptII/bin:/home/travis/pthla/certi-tools/bin:/home/travis/bin:/home/travis/.local/bin:/usr/local/lib/jvm/openjdk11/bin:/opt/pyenv/shims:/home/travis/.phpenv/shims:/home/travis/perl5/perlbrew/bin:/home/travis/.nvm/versions/node/v7.10.1/bin:/home/travis/gopath/bin:/home/travis/.gimme/versions/go1.11.1.linux.amd64/bin:/usr/local/maven-3.6.3/bin:/usr/local/cmake-3.12.4/bin:/usr/local/clang-7.0.0/bin:/usr/local/sbin:/usr/local/bin:/usr/sbin:/usr/bin:/sbin:/bin:/snap/bin:/home/travis/.phpenv/bin:/opt/pyenv/bin:/home/travis/.yarn/bin" />
    <property name="env.TRAVIS_OS_NAME" value="linux" />
    <property name="ant.java.version" value="9" />
    <property name="basedir" value="/home/travis/build/icyphy/ptII" />
    <property name="java.class.version" value="55.0" />
    <property name="env.SHLVL" value="3" />
    <property name="env.LD_LIBRARY_PATH" value="/home/travis/pthla/certi-tools/lib:/usr/lib/jni:/usr/local/share/OpenCV/java/:/usr/share/OpenCV/java:" />
    <property name="env.RACK_ENV" value="test" />
    <property name="ant.home" value="/home/travis/build/icyphy/ptII/ant" />
    <property name="env.NVM_DIR" value="/home/travis/.nvm" />
    <property name="env.CERTI_FOM_PATH" value="/home/travis/pthla/certi-tools/share/federations" />
    <property name="env.TRAVIS_BUILD_ID" value="251561757" />
    <property name="env.PYENV_ROOT" value="/opt/pyenv" />
    <property name="env.TRAVIS_UID" value="2000" />
    <property name="prism.verbose" value="true" />
    <property name="env.NVM_BIN" value="/home/travis/.nvm/versions/node/v7.10.1/bin" />
    <property name="env.TRAVIS_COMMIT" value="97c84c86e87328bd066bc560e7f5b65fa1c4b652" />
    <property name="node.executable" value="node" />
    <property name="sun.boot.library.path" value="/usr/local/lib/jvm/openjdk11/lib" />
    <property name="sun.management.compiler" value="HotSpot 64-Bit Tiered Compilers" />
    <property name="java.awt.graphicsenv" value="sun.awt.X11GraphicsEnvironment" />
    <property name="env.GOPATH" value="/home/travis/gopath" />
    <property name="ptolemy.ptII.dir" value="/home/travis/build/icyphy/ptII" />
    <property name="env.USER" value="travis" />
    <property name="env.HISTFILESIZE" value="2000" />
    <property name="env.NVM_INC" value="/home/travis/.nvm/versions/node/v7.10.1/include/node" />
    <property name="timeout.longest" value="19000000" />
    <property name="env.PERLBREW_SHELLRC_VERSION" value="0.94" />
    <property name="env.TRAVIS_STACK_FEATURES" value="basic couchdb disabled-ipv6 docker docker-compose elasticsearch firefox go-toolchain google-chrome jdk memcached mongodb mysql nodejs_interpreter perl_interpreter perlbrew phantomjs postgresql python_interpreter redis ruby_interpreter sqlite xserver" />
    <property name="env.TRAVIS_PULL_REQUEST" value="false" />
    <property name="env.PYENV_SHELL" value="bash" />
    <property name="ant.project.name" value="ptII" />
    <property name="env.ANSI_RESET" value="\033[0m" />
    <property name="java.vm.specification.version" value="11" />
    <property name="env.TRAVIS_DIST" value="xenial" />
    <property name="env.CERTI_VERSION" value="4.0.0" />
    <property name="env.CERTI_HOST" value="localhost" />
    <property name="awt.toolkit" value="sun.awt.X11.XToolkit" />
    <property name="env.MY_RUBY_HOME" value="/home/travis/.rvm/rubies/ruby-2.5.3" />
    <property name="sun.cpu.isalist" value="" />
    <property name="env.TRAVIS_TMPDIR" value="/tmp/tmp.0Qx6VZo23A" />
    <property name="java.vm.compressedOopsMode" value="Zero based" />
    <property name="os.version" value="4.15.0-1098-gcp" />
    <property name="user.home" value="/home/travis" />
    <property name="java.vm.vendor" value="Oracle Corporation" />
    <property name="env.TRAVIS_TAG" value="nightly" />
    <property name="env.ANSI_YELLOW" value="\033[33;1m" />
    <property name="env.TRAVIS_FILTERED" value="redirect_io" />
    <property name="env.ANSI_GREEN" value="\033[32;1m" />
    <property name="env.JAVA_HOME" value="/usr/local/lib/jvm/openjdk11" />
    <property name="javadoc.excludepackagenames" value="adm.cvs2svn.*,build.*,config.*,doc.coding.templates.*,jni.test.jni.meaningOfLife.*,jni.test.jni.testDeux.*,jni.test.jni.testTrois.*,org.terraswarm.accessor.accessors.web.node_modules.*,org.terraswarm.accessor.accessors.web.hosts.cordova.demo.*,org.terraswarm.accessor.accessors.web.hosts.cordova.plugins.*,org.terraswarm.accessor.accessors-svn.*,pt-modules.*,ptolemy.apps.agilent.*,ptolemy.apps.anytimecontrol.*,ptolemy.apps.apes.*,ptolemy.apps.charon.*,ptolemy.apps.crazyboard.*,ptolemy.apps.eclipse.*,ptolemy.apps.etherealSting.*,ptolemy.apps.fullscreen.*,ptolemy.apps.giotto.*,ptolemy.apps.ia.*,ptolemy.apps.interfaces.*,ptolemy.apps.jmf.*,ptolemy.apps.kurt.*,ptolemy.apps.kvm.*,ptolemy.apps.lego.*,ptolemy.apps.lejos.*,ptolemy.apps.midp.*,ptolemy.apps.mobileCoding.*,ptolemy.apps.pendulum.*,ptolemy.apps.rijndael.*,ptolemy.apps.robot.*,ptolemy.apps.security.*,ptolemy.apps.sobel.*,ptolemy.apps.soot.*,ptolemy.apps.throttle.*,ptolemy.apps.tini.*,ptolemy.apps.transmission.*,ptolemy.apps.vergil.*,ptolemy.apps.waba.*,ptolemy.apps.websensor.*,ptolemy.apps.webstart.*,ptolemy.apps.xsl.*,ptolemy.apps.zaurus.*,ptolemy.codegen.c.actor.lib.oldJavaFiles.*,ptolemy.codegen.dsp.lib.*,ptolemy.codegen.kernel.newInterfaces.*,ptolemy.codegen.lib.*,ptolemy.copernicus.kernel.fragment.*,ptolemy.copernicus.shallow.cg.*,ptolemy.domains.giotto.demo.Hierarchy.Hierarchy.*,ptolemy.domains.giotto.demo.Multimode.Multimode.*,ptolemy.domains.giotto.demo.Simple.Simple.*,ptolemy.domains.gr.lib.experimental.*,ptolemy.domains.gro.*,ptolemy.domains.pdf.*,ptolemy.domains.ptinyos.demo.Surge.output.*,ptolemy.moml.test.NoPackageActor.java*,ptolemy.plot.adm.*,ptolemy.plot.servlet.*,reports.*,signed.*,src.*,target.*,vendors.*,ptolemy.copernicus.applet.*,ptolemy.media.viewer.*,ptolemy.actor.corba.*,doc.doclets.*,ptolemy.apps.eclipse.awt.*,ptolemy.backtrack.*,ptolemy.backtrack.ast.*,ptolemy.cg.adapter.generic.program.procedural.c.mbed*,ptolemy.homer.*,ptolemy.actor.lib.jai.*,org.ptolemy.scala.*,diva.util.java2d.svg.*,ptolemy.domains.ptinyos.*,ptolemy.actor.lib.fmi.fmipp.*,,org.terraswarm.accessor.accessors.web.node_modules.*,org.terraswarm.accessor.accessors-svn,ptolemy.apps.*,ptolemy.actor.ptalon.demo.ptinyos.SendAndReceiveCnt.output,ptolemy.actor.ptalon.demo.ptinyos.SenseToLeds.output,ptolemy.domains.ptinyos.demo.CntToLedsAndRfm.output,ptolemy.domains.ptinyos.demo.RfmToLeds.output,ptolemy.domains.ptinyos.demo.SendAndReceiveCnt.output,ptolemy.domains.ptinyos.demo.SenseToLeds.output,ptolemy.actor.lib.jjs.modules.udpSocket.*" />
    <property name="env.PTII" value="/home/travis/build/icyphy/ptII" />
    <property name="env.XDG_SESSION_ID" value="2" />
    <property name="keystore" value="ptKeystore" />
    <property name="env.TRAVIS_COMMIT_MESSAGE" value="Try running the hlacerti tests in Travis." />
    <property name="junit.output.dir" value="/home/travis/build/icyphy/ptII/reports/junit" />
    <property name="npm.return.code" value="0" />
    <property name="user.dir" value="/home/travis/build/icyphy/ptII/ptolemy/domains/de/test" />
    <property name="env.TRAVIS_NODE_VERSION" value="7" />
    <property name="env.TRAVIS_EVENT_TYPE" value="cron" />
    <property name="env.MAIL" value="/var/mail/travis" />
    <property name="env.PERLBREW_ROOT" value="/home/travis/perl5/perlbrew" />
    <property name="env.PWD" value="/home/travis/build/icyphy/ptII" />
    <property name="timeout.npm" value="45000" />
    <property name="env.PT_TRAVIS_TEST_CORE2_XML" value="true" />
    <property name="env.TRAVIS_ARCH" value="amd64" />
    <property name="sun.cpu.endian" value="little" />
    <property name="env.PAGER" value="cat" />
    <property name="env.TRAVIS_BUILD_STAGE_NAME" value="test" />
    <property name="env.PERLBREW_HOME" value="/home/travis/.perlbrew" />
    <property name="java.vm.version" value="11.0.2+9" />
    <property name="env.RAILS_ENV" value="test" />
    <property name="java.class.path" value="/home/travis/build/icyphy/ptII:/home/travis/build/icyphy/ptII/lib/asm-all-5.2.jar:/home/travis/build/icyphy/ptII/lib/nashorn-core-15.3.jar:/home/travis/build/icyphy/ptII/lib/bsh-2.0b4.jar:/home/travis/build/icyphy/ptII/lib/ptCal.jar:/home/travis/build/icyphy/ptII/lib/java_cup.jar:/home/travis/build/icyphy/ptII/lib/saxon8.jar:/home/travis/build/icyphy/ptII/lib/saxon8-dom.jar:/home/travis/build/icyphy/ptII/lib/chic.jar:/home/travis/build/icyphy/ptII/lib/ptcolt.jar:/home/travis/build/icyphy/ptII/vendors/misc/itext/iText.jar:/home/travis/build/icyphy/ptII/lib/g4ltl.jar:/home/travis/build/icyphy/ptII/lib/StructuralCoder.jar:/home/travis/build/icyphy/ptII/lib/jcerti.jar:/home/travis/build/icyphy/ptII/lib/javax.mail.jar:/home/travis/build/icyphy/ptII/vendors/JMF-2.1.1e/lib/jmf.jar:/home/travis/build/icyphy/ptII/lib/jna-4.0.0-variadic.jar:/home/travis/build/icyphy/ptII/vendors/misc/joystick/Joystick.jar:/home/travis/build/icyphy/ptII/lib/ptjacl.jar:/home/travis/build/icyphy/ptII/lib/jsoup-1.14.2.jar:/home/travis/build/icyphy/ptII/lib/junit-4.8.2.jar:/home/travis/build/icyphy/ptII/lib/JUnitParams-0.4.0.jar:/home/travis/build/icyphy/ptII/ptolemy/actor/lib/excel/jxl.jar:/home/travis/build/icyphy/ptII/lib/jython.jar:/home/travis/build/icyphy/ptII/lib/kieler.jar:/home/travis/build/icyphy/ptII/vendors/opencv/share/OpenCV/java/opencv-341.jar:/home/travis/build/icyphy/ptII/lib/oscP5.jar:/home/travis/build/icyphy/ptII/lib/nrjavaserial-3.11.0.devel.jar:/home/travis/build/icyphy/ptII/vendors/j3d/lib/Linux/j3dcore.jar:/home/travis/build/icyphy/ptII/vendors/j3d/lib/Linux/j3dutils.jar:/home/travis/build/icyphy/ptII/vendors/j3d/lib/Linux/vecmath.jar:/home/travis/build/icyphy/ptII/vendors/jogl/lib/Linux/gluegen-rt-natives-linux-amd64.jar:/home/travis/build/icyphy/ptII/vendors/jogl/lib/Linux/gluegen-rt.jar:/home/travis/build/icyphy/ptII/vendors/jogl/lib/Linux/jogl-all-natives-linux-amd64.jar:/home/travis/build/icyphy/ptII/vendors/jogl/lib/Linux/jogl-all.jar:/home/travis/build/icyphy/ptII/ptolemy/distributed/jini/jar/jini-core.jar:/home/travis/build/icyphy/ptII/ptolemy/distributed/jini/jar/jini-ext.jar:/home/travis/build/icyphy/ptII/ptolemy/distributed/jini/jar/sun-util.jar:/home/travis/build/icyphy/ptII/lib/protobuf-java-2.4.1.jar:/home/travis/build/icyphy/ptII/lib/org.eclipse.paho.client.mqttv3.jar:/home/travis/build/icyphy/ptII/lib/mapss.jar:/home/travis/build/icyphy/ptII/ptolemy/actor/ptalon/antlr/antlr.jar:/home/travis/build/icyphy/ptII/lib/JRI.jar:/home/travis/build/icyphy/ptII/lib/commons-lang-2.6.jar:/home/travis/build/icyphy/ptII/lib/commons-logging-1.1.1.jar:/home/travis/build/icyphy/ptII/lib/sootclasses.jar:/home/travis/build/icyphy/ptII/ptolemy/actor/lib/database/mysql-connector-java-8.0.26.jar:/home/travis/build/icyphy/ptII/vendors/misc/sphinx4/sphinx4-data-5prealpha.jar:/home/travis/build/icyphy/ptII/vendors/misc/sphinx4/sphinx4-core-5prealpha.jar:/home/travis/build/icyphy/ptII/lib/PDFRenderer.jar:/home/travis/build/icyphy/ptII/lib/svgSalamander.jar:/home/travis/build/icyphy/ptII/lib/rsyntaxtextarea-2.6.0-SNAPSHOT.jar:/home/travis/build/icyphy/ptII/lib/hazelcast-3.8.2.jar:/home/travis/build/icyphy/ptII/lib/jackson-annotations-2.9.0.jar:/home/travis/build/icyphy/ptII/lib/jackson-core-2.9.3.jar:/home/travis/build/icyphy/ptII/lib/jackson-databind-2.9.3.jar:/home/travis/build/icyphy/ptII/lib/netty-buffer-4.1.19.Final.jar:/home/travis/build/icyphy/ptII/lib/netty-codec-4.1.19.Final.jar:/home/travis/build/icyphy/ptII/lib/netty-codec-dns-4.1.19.Final.jar:/home/travis/build/icyphy/ptII/lib/netty-codec-http-4.1.19.Final.jar:/home/travis/build/icyphy/ptII/lib/netty-codec-http2-4.1.19.Final.jar:/home/travis/build/icyphy/ptII/lib/netty-common-4.1.19.Final.jar:/home/travis/build/icyphy/ptII/lib/netty-handler-4.1.19.Final.jar:/home/travis/build/icyphy/ptII/lib/netty-resolver-4.1.19.Final.jar:/home/travis/build/icyphy/ptII/lib/netty-resolver-dns-4.1.19.Final.jar:/home/travis/build/icyphy/ptII/lib/netty-transport-4.1.19.Final.jar:/home/travis/build/icyphy/ptII/lib/vertx-codegen-3.5.1.jar:/home/travis/build/icyphy/ptII/lib/vertx-core-3.5.2-SNAPSHOT.jar:/home/travis/build/icyphy/ptII/lib/vertx-hazelcast-3.5.1.jar:/home/travis/build/icyphy/ptII/lib/vertx-lang-js-3.5.1.jar:/home/travis/build/icyphy/ptII/lib/vertx-service-proxy-3.5.1.jar:/home/travis/build/icyphy/ptII/lib/vertx-web-3.5.1.jar:/home/travis/build/icyphy/ptII/lib/slf4j-api-1.7.13.jar:/home/travis/build/icyphy/ptII/lib/slf4j-simple-1.7.13.jar:/home/travis/build/icyphy/ptII/lib/webcam-capture-0.3.12.jar:/home/travis/build/icyphy/ptII/lib/bridj-0.7.0.jar:/home/travis/build/icyphy/ptII/lib/xbjlib-1.1.0.nrjavaserial.jar:/home/travis/build/icyphy/ptII/ptolemy/moml/test:/home/travis/build/icyphy/ptII/ant/lib/ant-launcher.jar:/home/travis/build/icyphy/ptII/ant/lib/ant.jar:/home/travis/build/icyphy/ptII/ant/lib/ant-junit.jar:/home/travis/build/icyphy/ptII/ant/lib/ant-junit4.jar" />
    <property name="ant.library.dir" value="/home/travis/build/icyphy/ptII/ant/lib" />
    <property name="os.arch" value="amd64" />
    <property name="env.CONTINUOUS_INTEGRATION" value="true" />
    <property name="env.TRAVIS_LANGUAGE" value="node_js" />
    <property name="env.TRAVIS_STACK_LANGUAGES" value="__sardonyx__ c c++ clojure cplusplus cpp default generic go groovy java node_js php pure_java python ruby scala" />
    <property name="test.name" value="ptolemy.actor.lib.test.junit.JUnitTclTest" />
    <property name="env.APT_KEY_DONT_WARN_ON_DANGEROUS_USAGE" value="1" />
    <property name="sun.java.launcher" value="SUN_STANDARD" />
    <property name="env.PYTHON_CONFIGURE_OPTS" value="--enable-unicode=ucs4 --with-wide-unicode --enable-shared --enable-ipv6 --enable-loadable-sqlite-extensions --with-computed-gotos" />
    <property name="ant.core.lib" value="/home/travis/build/icyphy/ptII/ant/lib/ant.jar" />
    <property name="java.vm.specification.vendor" value="Oracle Corporation" />
    <property name="env.BCVTB_HOME" value="/home/travis/build/icyphy/ptII/lbnl" />
    <property name="file.separator" value="/" />
    <property name="spotbugs.home" value="/home/travis/build/icyphy/ptII/vendors/spotbugs-3.1.1" />
    <property name="java.runtime.version" value="11.0.2+9" />
    <property name="javafx.verbose" value="true" />
    <property name="env.ANSI_CLEAR" value="\033[0K" />
    <property name="env.HAS_JOSH_K_SEAL_OF_APPROVAL" value="true" />
    <property name="env.XDG_RUNTIME_DIR" value="/run/user/2000" />
    <property name="env.TRAVIS_OSX_IMAGE" value="" />
    <property name="env.TRAVIS_JOB_ID" value="572513548" />
    <property name="env.TRAVIS_BRANCH" value="master" />
    <property name="user.country" value="US" />
    <property name="env.CERTI_HOME_TRAVIS" value="/home/travis/pthla/certi-tools" />
    <property name="env.SHELL" value="/bin/bash" />
    <property name="java.maxmemory.large" value="3200m" />
    <property name="model" value="" />
    <property name="env.CASHER_DIR" value="/home/travis/.casher" />
    <property name="env.NVM_CD_FLAGS" value="" />
    <property name="java.vendor.version" value="18.9" />
    <property name="jshint.executable" value="/home/travis/node_modules/jshint/bin/jshint" />
    <property name="env.JRUBY_OPTS" value=" --client -J-XX:+TieredCompilation -J-XX:TieredStopAtLevel=1 -J-Xss2m -Xcompile.invokedynamic=false" />
    <property name="java.vendor" value="Oracle Corporation" />
    <property name="env.TRAVIS_PRE_CHEF_BOOTSTRAP_TIME" value="2022-03-21T11:28:53" />
    <property name="env.TRAVIS_STACK_JOB_BOARD_REGISTER" value="/.job-board-register.yml" />
    <property name="env.ANSI_RED" value="\033[31;1m" />
    <property name="java.specification.version" value="11" />
    <property name="env.IRBRC" value="/home/travis/.rvm/rubies/ruby-2.5.3/.irbrc" />
    <property name="env.TRAVIS" value="true" />
    <property name="sun.arch.data.model" value="64" />
  </properties>
  <testcase classname="ptolemy.util.test.junit.TclTests" name="[0] /home/travis/build/icyphy/ptII/ptolemy/domains/de/test/DependencyLoop.tcl (RunTclFile)" time="1.001" />
  <testcase classname="ptolemy.util.test.junit.TclTests" name="[1] /home/travis/build/icyphy/ptII/ptolemy/domains/de/test/RunDETestsAsQSS.tcl (RunTclFile)" time="81.958" />
  <testcase classname="ptolemy.util.test.junit.AutoKnownFailedTests" name="[0] /home/travis/build/icyphy/ptII/ptolemy/domains/de/test/auto/knownFailedTests/DESDFClockTest.xml (RunModel)" time="2.043" />
  <testcase classname="ptolemy.util.test.junit.AutoKnownFailedTests" name="[1] /home/travis/build/icyphy/ptII/ptolemy/domains/de/test/auto/knownFailedTests/DirectFeedback.xml (RunModel)" time="0.011" />
  <testcase classname="ptolemy.util.test.junit.AutoKnownFailedTests" name="[2] /home/travis/build/icyphy/ptII/ptolemy/domains/de/test/auto/knownFailedTests/FSMSource.xml (RunModel)" time="0.025" />
  <testcase classname="ptolemy.util.test.junit.AutoKnownFailedTests" name="[3] /home/travis/build/icyphy/ptII/ptolemy/domains/de/test/auto/knownFailedTests/HierarchicalModel.xml (RunModel)" time="0.06" />
  <testcase classname="ptolemy.util.test.junit.AutoKnownFailedTests" name="[4] /home/travis/build/icyphy/ptII/ptolemy/domains/de/test/auto/knownFailedTests/dependencyLoop.xml (RunModel)" time="0.032" />
  <testcase classname="ptolemy.util.test.junit.AutoKnownFailedTests" name="[5] /home/travis/build/icyphy/ptII/ptolemy/domains/de/test/auto/knownFailedTests/dependencyLoop2.xml (RunModel)" time="0.045" />
  <testcase classname="ptolemy.util.test.junit.AutoNameArchTests" name="[0] ThereAreNoAutoArchTests (RunModel)" time="0.007" />
  <testcase classname="ptolemy.util.test.junit.AutoTests" name="[0] /home/travis/build/icyphy/ptII/ptolemy/domains/de/test/auto/ActorDepthCalculation_actorWithoutPorts.xml (RunModel)" time="0.018" />
  <testcase classname="ptolemy.util.test.junit.AutoTests" name="[1] /home/travis/build/icyphy/ptII/ptolemy/domains/de/test/auto/AssemblyLine.xml (RunModel)" time="0.021" />
  <testcase classname="ptolemy.util.test.junit.AutoTests" name="[2] /home/travis/build/icyphy/ptII/ptolemy/domains/de/test/auto/CQBug1.xml (RunModel)" time="0.009" />
  <testcase classname="ptolemy.util.test.junit.AutoTests" name="[3] /home/travis/build/icyphy/ptII/ptolemy/domains/de/test/auto/CancelFireAt.xml (RunModel)" time="0.01" />
  <testcase classname="ptolemy.util.test.junit.AutoTests" name="[4] /home/travis/build/icyphy/ptII/ptolemy/domains/de/test/auto/CausalityAndComposabilityAnalysis.xml (RunModel)" time="0.011" />
  <testcase classname="ptolemy.util.test.junit.AutoTests" name="[5] /home/travis/build/icyphy/ptII/ptolemy/domains/de/test/auto/CausalityInterface1.xml (RunModel)" time="0.014" />
  <testcase classname="ptolemy.util.test.junit.AutoTests" name="[6] /home/travis/build/icyphy/ptII/ptolemy/domains/de/test/auto/CausalityInterface15.xml (RunModel)" time="0.011" />
  <testcase classname="ptolemy.util.test.junit.AutoTests" name="[7] /home/travis/build/icyphy/ptII/ptolemy/domains/de/test/auto/CausalityInterface2.xml (RunModel)" time="0.012" />
  <testcase classname="ptolemy.util.test.junit.AutoTests" name="[8] /home/travis/build/icyphy/ptII/ptolemy/domains/de/test/auto/CausalityInterface3.xml (RunModel)" time="0.012" />
  <testcase classname="ptolemy.util.test.junit.AutoTests" name="[9] /home/travis/build/icyphy/ptII/ptolemy/domains/de/test/auto/ClockDrift.xml (RunModel)" time="0.04" />
  <testcase classname="ptolemy.util.test.junit.AutoTests" name="[10] /home/travis/build/icyphy/ptII/ptolemy/domains/de/test/auto/ClockDriftAndValueChange.xml (RunModel)" time="0.029" />
  <testcase classname="ptolemy.util.test.junit.AutoTests" name="[11] /home/travis/build/icyphy/ptII/ptolemy/domains/de/test/auto/ClockDriftChange.xml (RunModel)" time="0.028" />
  <testcase classname="ptolemy.util.test.junit.AutoTests" name="[12] /home/travis/build/icyphy/ptII/ptolemy/domains/de/test/auto/ComposableCausalityAnalysis.xml (RunModel)" time="0.013" />
  <testcase classname="ptolemy.util.test.junit.AutoTests" name="[13] /home/travis/build/icyphy/ptII/ptolemy/domains/de/test/auto/DEFixedPointLimitation.xml (RunModel)" time="0.012" />
  <testcase classname="ptolemy.util.test.junit.AutoTests" name="[14] /home/travis/build/icyphy/ptII/ptolemy/domains/de/test/auto/DEScheduleTest.xml (RunModel)" time="0.014" />
  <testcase classname="ptolemy.util.test.junit.AutoTests" name="[15] /home/travis/build/icyphy/ptII/ptolemy/domains/de/test/auto/DEinDEwithStartTimes.xml (RunModel)" time="0.014" />
  <testcase classname="ptolemy.util.test.junit.AutoTests" name="[16] /home/travis/build/icyphy/ptII/ptolemy/domains/de/test/auto/DEinDEwithStartTimes2.xml (RunModel)" time="0.016" />
  <testcase classname="ptolemy.util.test.junit.AutoTests" name="[17] /home/travis/build/icyphy/ptII/ptolemy/domains/de/test/auto/DateDemo.xml (RunModel)" time="0.031" />
  <testcase classname="ptolemy.util.test.junit.AutoTests" name="[18] /home/travis/build/icyphy/ptII/ptolemy/domains/de/test/auto/DateToEvent.xml (RunModel)" time="2.041" />
  <testcase classname="ptolemy.util.test.junit.AutoTests" name="[19] /home/travis/build/icyphy/ptII/ptolemy/domains/de/test/auto/DepthTest1.xml (RunModel)" time="0.007" />
  <testcase classname="ptolemy.util.test.junit.AutoTests" name="[20] /home/travis/build/icyphy/ptII/ptolemy/domains/de/test/auto/DepthTest2.xml (RunModel)" time="0.016" />
  <testcase classname="ptolemy.util.test.junit.AutoTests" name="[21] /home/travis/build/icyphy/ptII/ptolemy/domains/de/test/auto/DepthTest3.xml (RunModel)" time="0.013" />
  <testcase classname="ptolemy.util.test.junit.AutoTests" name="[22] /home/travis/build/icyphy/ptII/ptolemy/domains/de/test/auto/DepthTest4.xml (RunModel)" time="0.015" />
  <testcase classname="ptolemy.util.test.junit.AutoTests" name="[23] /home/travis/build/icyphy/ptII/ptolemy/domains/de/test/auto/DepthTest5.xml (RunModel)" time="0.014" />
  <testcase classname="ptolemy.util.test.junit.AutoTests" name="[24] /home/travis/build/icyphy/ptII/ptolemy/domains/de/test/auto/DepthTest6.xml (RunModel)" time="0.023" />
  <testcase classname="ptolemy.util.test.junit.AutoTests" name="[25] /home/travis/build/icyphy/ptII/ptolemy/domains/de/test/auto/DepthTest7.xml (RunModel)" time="0.013" />
  <testcase classname="ptolemy.util.test.junit.AutoTests" name="[26] /home/travis/build/icyphy/ptII/ptolemy/domains/de/test/auto/EventToDate.xml (RunModel)" time="3.04" />
  <testcase classname="ptolemy.util.test.junit.AutoTests" name="[27] /home/travis/build/icyphy/ptII/ptolemy/domains/de/test/auto/FSM1.xml (RunModel)" time="0.034" />
  <testcase classname="ptolemy.util.test.junit.AutoTests" name="[28] /home/travis/build/icyphy/ptII/ptolemy/domains/de/test/auto/FSM7.xml (RunModel)" time="0.055" />
  <testcase classname="ptolemy.util.test.junit.AutoTests" name="[29] /home/travis/build/icyphy/ptII/ptolemy/domains/de/test/auto/Inspection.xml (RunModel)" time="0.045" />
  <testcase classname="ptolemy.util.test.junit.AutoTests" name="[30] /home/travis/build/icyphy/ptII/ptolemy/domains/de/test/auto/Iteration.xml (RunModel)" time="0.022" />
  <testcase classname="ptolemy.util.test.junit.AutoTests" name="[31] /home/travis/build/icyphy/ptII/ptolemy/domains/de/test/auto/LineFault.xml (RunModel)" time="0.562" />
  <testcase classname="ptolemy.util.test.junit.AutoTests" name="[32] /home/travis/build/icyphy/ptII/ptolemy/domains/de/test/auto/MergeModel1Add.xml (RunModel)" time="0.048" />
  <testcase classname="ptolemy.util.test.junit.AutoTests" name="[33] /home/travis/build/icyphy/ptII/ptolemy/domains/de/test/auto/MergeModel2Add.xml (RunModel)" time="0.03" />
  <testcase classname="ptolemy.util.test.junit.AutoTests" name="[34] /home/travis/build/icyphy/ptII/ptolemy/domains/de/test/auto/MergeModel3Add.xml (RunModel)" time="0.033" />
  <testcase classname="ptolemy.util.test.junit.AutoTests" name="[35] /home/travis/build/icyphy/ptII/ptolemy/domains/de/test/auto/MergeWithoutDiscard.xml (RunModel)" time="0.009" />
  <testcase classname="ptolemy.util.test.junit.AutoTests" name="[36] /home/travis/build/icyphy/ptII/ptolemy/domains/de/test/auto/Modal1.xml (RunModel)" time="0.024" />
  <testcase classname="ptolemy.util.test.junit.AutoTests" name="[37] /home/travis/build/icyphy/ptII/ptolemy/domains/de/test/auto/Modal2.xml (RunModel)" time="0.031" />
  <testcase classname="ptolemy.util.test.junit.AutoTests" name="[38] /home/travis/build/icyphy/ptII/ptolemy/domains/de/test/auto/Modal3.xml (RunModel)" time="0.026" />
  <testcase classname="ptolemy.util.test.junit.AutoTests" name="[39] /home/travis/build/icyphy/ptII/ptolemy/domains/de/test/auto/Modal4.xml (RunModel)" time="0.031" />
  <testcase classname="ptolemy.util.test.junit.AutoTests" name="[40] /home/travis/build/icyphy/ptII/ptolemy/domains/de/test/auto/Modal5.xml (RunModel)" time="0.027" />
  <testcase classname="ptolemy.util.test.junit.AutoTests" name="[41] /home/travis/build/icyphy/ptII/ptolemy/domains/de/test/auto/Modal6.xml (RunModel)" time="0.03" />
  <testcase classname="ptolemy.util.test.junit.AutoTests" name="[42] /home/travis/build/icyphy/ptII/ptolemy/domains/de/test/auto/Modal7.xml (RunModel)" time="0.032" />
  <testcase classname="ptolemy.util.test.junit.AutoTests" name="[43] /home/travis/build/icyphy/ptII/ptolemy/domains/de/test/auto/ModalModel.xml (RunModel)" time="0.163" />
  <testcase classname="ptolemy.util.test.junit.AutoTests" name="[44] /home/travis/build/icyphy/ptII/ptolemy/domains/de/test/auto/ModalSource.xml (RunModel)" time="0.021" />
  <testcase classname="ptolemy.util.test.junit.AutoTests" name="[45] /home/travis/build/icyphy/ptII/ptolemy/domains/de/test/auto/NonInterruptibleTimerZeroDelay.xml (RunModel)" time="0.008" />
  <testcase classname="ptolemy.util.test.junit.AutoTests" name="[46] /home/travis/build/icyphy/ptII/ptolemy/domains/de/test/auto/OpenQueueingNetwork.xml (RunModel)" time="2.291" />
  <testcase classname="ptolemy.util.test.junit.AutoTests" name="[47] /home/travis/build/icyphy/ptII/ptolemy/domains/de/test/auto/OpenQueuingNetwork.xml (RunModel)" time="0.281" />
  <testcase classname="ptolemy.util.test.junit.AutoTests" name="[48] /home/travis/build/icyphy/ptII/ptolemy/domains/de/test/auto/PeriodicSampler.xml (RunModel)" time="0.012" />
  <testcase classname="ptolemy.util.test.junit.AutoTests" name="[49] /home/travis/build/icyphy/ptII/ptolemy/domains/de/test/auto/PersistentIO.xml (RunModel)" time="0.019" />
  <testcase classname="ptolemy.util.test.junit.AutoTests" name="[50] /home/travis/build/icyphy/ptII/ptolemy/domains/de/test/auto/PortParameterResetOnInitialize.xml (RunModel)" time="0.008" />
  <testcase classname="ptolemy.util.test.junit.AutoTests" name="[51] /home/travis/build/icyphy/ptII/ptolemy/domains/de/test/auto/PortParameterUpdates.xml (RunModel)" time="0.016" />
  <testcase classname="ptolemy.util.test.junit.AutoTests" name="[52] /home/travis/build/icyphy/ptII/ptolemy/domains/de/test/auto/QueueAndServer.xml (RunModel)" time="0.018" />
  <testcase classname="ptolemy.util.test.junit.AutoTests" name="[53] /home/travis/build/icyphy/ptII/ptolemy/domains/de/test/auto/Records.xml (RunModel)" time="0.014" />
  <testcase classname="ptolemy.util.test.junit.AutoTests" name="[54] /home/travis/build/icyphy/ptII/ptolemy/domains/de/test/auto/ResetTransitionWithStartTime1.xml (RunModel)" time="0.018" />
  <testcase classname="ptolemy.util.test.junit.AutoTests" name="[55] /home/travis/build/icyphy/ptII/ptolemy/domains/de/test/auto/ResetTransitionWithStartTime2.xml (RunModel)" time="0.015" />
  <testcase classname="ptolemy.util.test.junit.AutoTests" name="[56] /home/travis/build/icyphy/ptII/ptolemy/domains/de/test/auto/ResetTransitionWithStartTime3.xml (RunModel)" time="0.018" />
  <testcase classname="ptolemy.util.test.junit.AutoTests" name="[57] /home/travis/build/icyphy/ptII/ptolemy/domains/de/test/auto/ResetTransitionWithStartTime4.xml (RunModel)" time="0.016" />
  <testcase classname="ptolemy.util.test.junit.AutoTests" name="[58] /home/travis/build/icyphy/ptII/ptolemy/domains/de/test/auto/ResettableTimer1.xml (RunModel)" time="0.008" />
  <testcase classname="ptolemy.util.test.junit.AutoTests" name="[59] /home/travis/build/icyphy/ptII/ptolemy/domains/de/test/auto/ResettableTimer2.xml (RunModel)" time="0.008" />
  <testcase classname="ptolemy.util.test.junit.AutoTests" name="[60] /home/travis/build/icyphy/ptII/ptolemy/domains/de/test/auto/ResettableTimer3.xml (RunModel)" time="0.008" />
  <testcase classname="ptolemy.util.test.junit.AutoTests" name="[61] /home/travis/build/icyphy/ptII/ptolemy/domains/de/test/auto/ResettableTimer4.xml (RunModel)" time="0.007" />
  <testcase classname="ptolemy.util.test.junit.AutoTests" name="[62] /home/travis/build/icyphy/ptII/ptolemy/domains/de/test/auto/ResettableTimer5.xml (RunModel)" time="0.009" />
  <testcase classname="ptolemy.util.test.junit.AutoTests" name="[63] /home/travis/build/icyphy/ptII/ptolemy/domains/de/test/auto/ResettableTimer6.xml (RunModel)" time="0.016" />
  <testcase classname="ptolemy.util.test.junit.AutoTests" name="[64] /home/travis/build/icyphy/ptII/ptolemy/domains/de/test/auto/ServerZeroDelay.xml (RunModel)" time="0.009" />
  <testcase classname="ptolemy.util.test.junit.AutoTests" name="[65] /home/travis/build/icyphy/ptII/ptolemy/domains/de/test/auto/SmartSender.xml (RunModel)" time="3.009" />
  <testcase classname="ptolemy.util.test.junit.AutoTests" name="[66] /home/travis/build/icyphy/ptII/ptolemy/domains/de/test/auto/ThreadedComposite.xml (RunModel)" time="0.118" />
  <testcase classname="ptolemy.util.test.junit.AutoTests" name="[67] /home/travis/build/icyphy/ptII/ptolemy/domains/de/test/auto/Time.xml (RunModel)" time="0.33" />
  <testcase classname="ptolemy.util.test.junit.AutoTests" name="[68] /home/travis/build/icyphy/ptII/ptolemy/domains/de/test/auto/TimeDelayZeroDelay.xml (RunModel)" time="0.012" />
  <testcase classname="ptolemy.util.test.junit.AutoTests" name="[69] /home/travis/build/icyphy/ptII/ptolemy/domains/de/test/auto/TimerZeroDelay.xml (RunModel)" time="0.01" />
  <testcase classname="ptolemy.util.test.junit.AutoTests" name="[70] /home/travis/build/icyphy/ptII/ptolemy/domains/de/test/auto/TimingParadox.xml (RunModel)" time="0.302" />
  <testcase classname="ptolemy.util.test.junit.AutoTests" name="[71] /home/travis/build/icyphy/ptII/ptolemy/domains/de/test/auto/TransferInputs.xml (RunModel)" time="0.01" />
  <testcase classname="ptolemy.util.test.junit.AutoTests" name="[72] /home/travis/build/icyphy/ptII/ptolemy/domains/de/test/auto/TransferOutputs2.xml (RunModel)" time="0.014" />
  <testcase classname="ptolemy.util.test.junit.AutoTests" name="[73] /home/travis/build/icyphy/ptII/ptolemy/domains/de/test/auto/Trilateration.xml (RunModel)" time="9.922" />
  <testcase classname="ptolemy.util.test.junit.AutoTests" name="[74] /home/travis/build/icyphy/ptII/ptolemy/domains/de/test/auto/TwoSigmaDelta.xml (RunModel)" time="1.881" />
  <testcase classname="ptolemy.util.test.junit.AutoTests" name="[75] /home/travis/build/icyphy/ptII/ptolemy/domains/de/test/auto/VariableDelay.xml (RunModel)" time="0.012" />
  <testcase classname="ptolemy.util.test.junit.AutoTests" name="[76] /home/travis/build/icyphy/ptII/ptolemy/domains/de/test/auto/VariableDelay2.xml (RunModel)" time="0.014" />
  <testcase classname="ptolemy.util.test.junit.AutoTests" name="[77] /home/travis/build/icyphy/ptII/ptolemy/domains/de/test/auto/VariableDelayZeroDelay.xml (RunModel)" time="0.013" />
  <testcase classname="ptolemy.util.test.junit.AutoTests" name="[78] /home/travis/build/icyphy/ptII/ptolemy/domains/de/test/auto/VariableDelayZeroDelay2.xml (RunModel)" time="0.024" />
  <testcase classname="ptolemy.util.test.junit.AutoTests" name="[79] /home/travis/build/icyphy/ptII/ptolemy/domains/de/test/auto/deInCt.xml (RunModel)" time="0.014" />
  <testcase classname="ptolemy.util.test.junit.AutoTests" name="[80] /home/travis/build/icyphy/ptII/ptolemy/domains/de/test/auto/deInCt2.xml (RunModel)" time="0.023" />
  <testcase classname="ptolemy.util.test.junit.AutoTests" name="[81] /home/travis/build/icyphy/ptII/ptolemy/domains/de/test/auto/dynamicCausalityInterface1.xml (RunModel)" time="0.016" />
  <testcase classname="ptolemy.util.test.junit.AutoTests" name="[82] /home/travis/build/icyphy/ptII/ptolemy/domains/de/test/auto/fsm_de_test.xml (RunModel)" time="0.02" />
  <testcase classname="ptolemy.util.test.junit.AutoTests" name="[83] /home/travis/build/icyphy/ptII/ptolemy/domains/de/test/auto/functionDependencyReconstruction.xml (RunModel)" time="0.032" />
  <testcase classname="ptolemy.util.test.junit.AutoTests" name="[84] /home/travis/build/icyphy/ptII/ptolemy/domains/de/test/auto/multirate.xml (RunModel)" time="0.014" />
  <testcase classname="ptolemy.util.test.junit.AutoTests" name="[85] /home/travis/build/icyphy/ptII/ptolemy/domains/de/test/auto/multirate2.xml (RunModel)" time="0.017" />
  <testcase classname="ptolemy.util.test.junit.AutoTests" name="[86] /home/travis/build/icyphy/ptII/ptolemy/domains/de/test/auto/realtime.xml (RunModel)" time="10.01" />
  <testcase classname="ptolemy.util.test.junit.AutoTests" name="[87] /home/travis/build/icyphy/ptII/ptolemy/domains/de/test/auto/relationGroup.xml (RunModel)" time="0.013" />
  <testcase classname="ptolemy.util.test.junit.AutoTests" name="[88] /home/travis/build/icyphy/ptII/ptolemy/domains/de/test/auto/relationGroup2.xml (RunModel)" time="0.007" />
  <testcase classname="ptolemy.util.test.junit.AutoTests" name="[89] /home/travis/build/icyphy/ptII/ptolemy/domains/de/test/auto/sortWithOpaquePorts.xml (RunModel)" time="0.013" />
  <testcase classname="ptolemy.util.test.junit.AutoTests" name="[90] /home/travis/build/icyphy/ptII/ptolemy/domains/de/test/auto/transferInputsandOutputs.xml (RunModel)" time="0.019" />
  <testcase classname="ptolemy.util.test.junit.AutoTests" name="[91] /home/travis/build/icyphy/ptII/ptolemy/domains/de/test/auto/triggerType.xml (RunModel)" time="0.011" />
  <system-out><![CDATA[/home/travis/build/icyphy/ptII/ptolemy/domains/de/test/DependencyLoop.tcl
testDefs.tcl: setting time out to 9000 seconds at Mon Jun 06 02:09:23 UTC 2022
55 ms. Memory: 129024K Free: 78235K (61%)
19 ms. Memory: 129024K Free: 60797K (47%)
/home/travis/build/icyphy/ptII/ptolemy/domains/de/test/RunDETestsAsQSS.tcl
Run the DE tests using ptolemy.domains.qss.test.QSSDirectorTest, which extends QSSDirector and prints a message in the constructors.
------------------ testing $PTII/ptolemy/domains/de/test/auto/knownFailedTests/dependencyLoop2.xml (Known Failure) 
8 ms. Memory: 129024K Free: 57755K (45%)


==== $PTIIhome/travis/build/icyphy/ptII/ptolemy/domains/de/test/../../../../: Auto Automatic test in file $PTII/ptolemy/domains/de/test/auto/knownFailedTests/dependencyLoop2.xml
==== Contents of test case:

	    # FIXME: we should use $relativeFilename here, but it
	    # might have backslashes under Windows, which causes no end
	    # of trouble.
	    createAndExecute $file
	    list {}
	
.... Test generated KNOWN error:
    while executing
ptolemy.kernel.util.IllegalActionException: Found a zero delay loop containing .dependencyLoop2.original
  in .dependencyLoop2 and .dependencyLoop2.original
	at ptolemy.actor.util.CausalityInterfaceForComposites._computeOutputPortDepth(CausalityInterfaceForComposites.java:759)
	at ptolemy.actor.util.CausalityInterfaceForComposites._computeInputDepth(CausalityInterfaceForComposites.java:696)
	at ptolemy.actor.util.CausalityInterfaceForComposites._computeOutputPortDepth(CausalityInterfaceForComposites.java:765)
	at ptolemy.actor.util.CausalityInterfaceForComposites._computeInputDepth(CausalityInterfaceForComposites.java:696)
	at ptolemy.actor.util.CausalityInterfaceForComposites._computeOutputPortDepth(CausalityInterfaceForComposites.java:765)
	at ptolemy.actor.util.CausalityInterfaceForComposites._computeInputDepth(CausalityInterfaceForComposites.java:696)
	at ptolemy.actor.util.CausalityInterfaceForComposites._computeActorDepth(CausalityInterfaceForComposites.java:532)
	at ptolemy.actor.util.CausalityInterfaceForComposites.checkForCycles(CausalityInterfaceForComposites.java:96)
	at ptolemy.domains.de.kernel.DEDirector.preinitialize(DEDirector.java:1338)
	at ptolemy.actor.CompositeActor.preinitialize(CompositeActor.java:1828)
	at ptolemy.actor.Manager.preinitializeAndResolveTypes(Manager.java:1040)
	at ptolemy.actor.Manager.initialize(Manager.java:710)
	at ptolemy.actor.Manager.execute(Manager.java:356)
	at ptolemy.actor.Manager.run(Manager.java:1263)
	at ptolemy.actor.Manager$PtolemyRunThread.run(Manager.java:1933)

    while executing
ptolemy.kernel.util.IllegalActionException: Found a zero delay loop containing .dependencyLoop2.original
  in .dependencyLoop2 and .dependencyLoop2.original
    while executing
"java::new ptolemy.moml.MoMLSimpleApplication $file
"
    (procedure "createAndExecute" line 2)
    invoked from within
"createAndExecute $file"
    ("uplevel" body line 5)
    invoked from within
"uplevel $contents_of_test"
------------------ testing $PTII/ptolemy/domains/de/test/auto/knownFailedTests/dependencyLoop.xml (Known Failure) 
14 ms. Memory: 129024K Free: 54173K (42%)


==== $PTIIhome/travis/build/icyphy/ptII/ptolemy/domains/de/test/../../../../: Auto Automatic test in file $PTII/ptolemy/domains/de/test/auto/knownFailedTests/dependencyLoop.xml
==== Contents of test case:

	    # FIXME: we should use $relativeFilename here, but it
	    # might have backslashes under Windows, which causes no end
	    # of trouble.
	    createAndExecute $file
	    list {}
	
.... Test generated KNOWN error:
    while executing
ptolemy.kernel.util.IllegalActionException: Found a zero delay loop containing .dependencyLoop.original
  in .dependencyLoop and .dependencyLoop.original
	at ptolemy.actor.util.CausalityInterfaceForComposites._computeOutputPortDepth(CausalityInterfaceForComposites.java:759)
	at ptolemy.actor.util.CausalityInterfaceForComposites._computeInputDepth(CausalityInterfaceForComposites.java:696)
	at ptolemy.actor.util.CausalityInterfaceForComposites._computeOutputPortDepth(CausalityInterfaceForComposites.java:765)
	at ptolemy.actor.util.CausalityInterfaceForComposites._computeInputDepth(CausalityInterfaceForComposites.java:696)
	at ptolemy.actor.util.CausalityInterfaceForComposites._computeOutputPortDepth(CausalityInterfaceForComposites.java:765)
	at ptolemy.actor.util.CausalityInterfaceForComposites._computeInputDepth(CausalityInterfaceForComposites.java:696)
	at ptolemy.actor.util.CausalityInterfaceForComposites._computeActorDepth(CausalityInterfaceForComposites.java:532)
	at ptolemy.actor.util.CausalityInterfaceForComposites.checkForCycles(CausalityInterfaceForComposites.java:96)
	at ptolemy.domains.de.kernel.DEDirector.preinitialize(DEDirector.java:1338)
	at ptolemy.actor.CompositeActor.preinitialize(CompositeActor.java:1828)
	at ptolemy.actor.Manager.preinitializeAndResolveTypes(Manager.java:1040)
	at ptolemy.actor.Manager.initialize(Manager.java:710)
	at ptolemy.actor.Manager.execute(Manager.java:356)
	at ptolemy.actor.Manager.run(Manager.java:1263)
	at ptolemy.actor.Manager$PtolemyRunThread.run(Manager.java:1933)

    while executing
ptolemy.kernel.util.IllegalActionException: Found a zero delay loop containing .dependencyLoop.original
  in .dependencyLoop and .dependencyLoop.original
    while executing
"java::new ptolemy.moml.MoMLSimpleApplication $file
"
    (procedure "createAndExecute" line 2)
    invoked from within
"createAndExecute $file"
    ("uplevel" body line 5)
    invoked from within
"uplevel $contents_of_test"
------------------ testing $PTII/ptolemy/domains/de/test/auto/knownFailedTests/DirectFeedback.xml (Known Failure) 
48 ms. Memory: 129024K Free: 49053K (38%)


==== $PTIIhome/travis/build/icyphy/ptII/ptolemy/domains/de/test/../../../../: Auto Automatic test in file $PTII/ptolemy/domains/de/test/auto/knownFailedTests/DirectFeedback.xml
==== Contents of test case:

	    # FIXME: we should use $relativeFilename here, but it
	    # might have backslashes under Windows, which causes no end
	    # of trouble.
	    createAndExecute $file
	    list {}
	
.... Test generated KNOWN error:
    while executing
ptolemy.kernel.util.IllegalActionException: Test fails in iteration 1.
Value was: 1.0. Should have been: 2.0
  in .DirectFeedback.Test
	at ptolemy.actor.lib.Test.fire(Test.java:268)
	at ptolemy.domains.de.kernel.DEDirector._fire(DEDirector.java:1949)
	at ptolemy.domains.de.kernel.DEDirector.fire(DEDirector.java:502)
	at ptolemy.actor.CompositeActor.fire(CompositeActor.java:455)
	at ptolemy.actor.Manager.iterate(Manager.java:851)
	at ptolemy.actor.Manager.execute(Manager.java:369)
	at ptolemy.actor.Manager.run(Manager.java:1263)
	at ptolemy.actor.Manager$PtolemyRunThread.run(Manager.java:1933)

    while executing
ptolemy.kernel.util.IllegalActionException: Test fails in iteration 1.
Value was: 1.0. Should have been: 2.0
  in .DirectFeedback.Test
    while executing
"java::new ptolemy.moml.MoMLSimpleApplication $file
"
    (procedure "createAndExecute" line 2)
    invoked from within
"createAndExecute $file"
    ("uplevel" body line 5)
    invoked from within
"uplevel $contents_of_test"
------------------ testing $PTII/ptolemy/domains/de/test/auto/knownFailedTests/HierarchicalModel.xml (Known Failure) 
6 ms. Memory: 129024K Free: 98319K (76%)


==== $PTIIhome/travis/build/icyphy/ptII/ptolemy/domains/de/test/../../../../: Auto Automatic test in file $PTII/ptolemy/domains/de/test/auto/knownFailedTests/HierarchicalModel.xml
==== Contents of test case:

	    # FIXME: we should use $relativeFilename here, but it
	    # might have backslashes under Windows, which causes no end
	    # of trouble.
	    createAndExecute $file
	    list {}
	
.... Test generated KNOWN error:
    while executing
ptolemy.kernel.util.IllegalActionException: Found a zero delay loop containing .HierarchicalModel.A
  in .HierarchicalModel and .HierarchicalModel.A
	at ptolemy.actor.util.CausalityInterfaceForComposites._computeOutputPortDepth(CausalityInterfaceForComposites.java:759)
	at ptolemy.actor.util.CausalityInterfaceForComposites._computeInputDepth(CausalityInterfaceForComposites.java:696)
	at ptolemy.actor.util.CausalityInterfaceForComposites._computeOutputPortDepth(CausalityInterfaceForComposites.java:765)
	at ptolemy.actor.util.CausalityInterfaceForComposites._computeInputDepth(CausalityInterfaceForComposites.java:696)
	at ptolemy.actor.util.CausalityInterfaceForComposites._computeOutputPortDepth(CausalityInterfaceForComposites.java:765)
	at ptolemy.actor.util.CausalityInterfaceForComposites._computeInputDepth(CausalityInterfaceForComposites.java:696)
	at ptolemy.actor.util.CausalityInterfaceForComposites._computeActorDepth(CausalityInterfaceForComposites.java:532)
	at ptolemy.actor.util.CausalityInterfaceForComposites.checkForCycles(CausalityInterfaceForComposites.java:96)
	at ptolemy.domains.de.kernel.DEDirector.preinitialize(DEDirector.java:1338)
	at ptolemy.actor.CompositeActor.preinitialize(CompositeActor.java:1828)
	at ptolemy.actor.Manager.preinitializeAndResolveTypes(Manager.java:1040)
	at ptolemy.actor.Manager.initialize(Manager.java:710)
	at ptolemy.actor.Manager.execute(Manager.java:356)
	at ptolemy.actor.Manager.run(Manager.java:1263)
	at ptolemy.actor.Manager$PtolemyRunThread.run(Manager.java:1933)

    while executing
ptolemy.kernel.util.IllegalActionException: Found a zero delay loop containing .HierarchicalModel.A
  in .HierarchicalModel and .HierarchicalModel.A
    while executing
"java::new ptolemy.moml.MoMLSimpleApplication $file
"
    (procedure "createAndExecute" line 2)
    invoked from within
"createAndExecute $file"
    ("uplevel" body line 5)
    invoked from within
"uplevel $contents_of_test"
------------------ testing $PTII/ptolemy/domains/de/test/auto/knownFailedTests/FSMSource.xml (Known Failure) 
54 ms. Memory: 129024K Free: 89599K (69%)
!!!! Auto was marked as failing, but now passes
------------------ testing $PTII/ptolemy/domains/de/test/auto/knownFailedTests/DESDFClockTest.xml (Known Failure) 
2054 ms. Memory: 129024K Free: 77325K (60%)


==== $PTIIhome/travis/build/icyphy/ptII/ptolemy/domains/de/test/../../../../: Auto Automatic test in file $PTII/ptolemy/domains/de/test/auto/knownFailedTests/DESDFClockTest.xml
==== Contents of test case:

	    # FIXME: we should use $relativeFilename here, but it
	    # might have backslashes under Windows, which causes no end
	    # of trouble.
	    createAndExecute $file
	    list {}
	
.... Test generated KNOWN error:
    while executing
ptolemy.kernel.util.IllegalActionException: Actor is not ready to fire.  Perhaps UpSample.prefire() returned false? Try debugging the actor by selecting "Listen to Actor".  Also, for SDF check moml for tokenConsumptionRate on input.
  in .DESDFClockTest.Play Bell.Copy1:SDF Director and .DESDFClockTest.Play Bell.UpSample
	at ptolemy.actor.sched.StaticSchedulingDirector.fire(StaticSchedulingDirector.java:227)
	at ptolemy.domains.sdf.kernel.SDFDirector.fire(SDFDirector.java:500)
	at ptolemy.actor.CompositeActor.fire(CompositeActor.java:455)
	at ptolemy.domains.de.kernel.DEDirector._fire(DEDirector.java:1949)
	at ptolemy.domains.de.kernel.DEDirector.fire(DEDirector.java:502)
	at ptolemy.actor.CompositeActor.fire(CompositeActor.java:455)
	at ptolemy.actor.Manager.iterate(Manager.java:851)
	at ptolemy.actor.Manager.execute(Manager.java:369)
	at ptolemy.actor.Manager.run(Manager.java:1263)
	at ptolemy.actor.Manager$PtolemyRunThread.run(Manager.java:1933)

    while executing
ptolemy.kernel.util.IllegalActionException: Actor is not ready to fire.  Perhaps UpSample.prefire() returned false? Try debugging the actor by selecting "Listen to Actor".  Also, for SDF check moml for tokenConsumptionRate on input.
  in .DESDFClockTest.Play Bell.Copy1:SDF Director and .DESDFClockTest.Play Bell.UpSample
    while executing
"java::new ptolemy.moml.MoMLSimpleApplication $file
"
    (procedure "createAndExecute" line 2)
    invoked from within
"createAndExecute $file"
    ("uplevel" body line 5)
    invoked from within
"uplevel $contents_of_test"
------------------ testing $PTII/ptolemy/domains/de/test/auto/ActorDepthCalculation_actorWithoutPorts.xml
auto.tcl: Setting watchdog for 200 seconds at Mon Jun 06 02:09:26 UTC 2022
14 ms. Memory: 129024K Free: 70143K (54%)
ptolemy.util.test.WatchDog.cancel(): canceling Mon Jun 06 02:09:26 UTC 2022
auto.tcl: Setting watchdog for 200 seconds at Mon Jun 06 02:09:26 UTC 2022
4 ms. Memory: 129024K Free: 68623K (53%)
ptolemy.util.test.WatchDog.cancel(): canceling Mon Jun 06 02:09:26 UTC 2022
------------------ testing $PTII/ptolemy/domains/de/test/auto/AssemblyLine.xml
auto.tcl: Setting watchdog for 200 seconds at Mon Jun 06 02:09:27 UTC 2022
9 ms. Memory: 51200K Free: 27945K (55%)
ptolemy.util.test.WatchDog.cancel(): canceling Mon Jun 06 02:09:27 UTC 2022
auto.tcl: Setting watchdog for 200 seconds at Mon Jun 06 02:09:27 UTC 2022
14 ms. Memory: 51200K Free: 26967K (53%)
ptolemy.util.test.WatchDog.cancel(): canceling Mon Jun 06 02:09:27 UTC 2022
------------------ testing $PTII/ptolemy/domains/de/test/auto/CQBug1.xml
auto.tcl: Setting watchdog for 200 seconds at Mon Jun 06 02:09:27 UTC 2022
2 ms. Memory: 51200K Free: 33569K (66%)
ptolemy.util.test.WatchDog.cancel(): canceling Mon Jun 06 02:09:27 UTC 2022
auto.tcl: Setting watchdog for 200 seconds at Mon Jun 06 02:09:27 UTC 2022
2 ms. Memory: 51200K Free: 33112K (65%)
ptolemy.util.test.WatchDog.cancel(): canceling Mon Jun 06 02:09:27 UTC 2022
------------------ testing $PTII/ptolemy/domains/de/test/auto/CancelFireAt.xml
auto.tcl: Setting watchdog for 200 seconds at Mon Jun 06 02:09:27 UTC 2022
12 ms. Memory: 51200K Free: 34444K (67%)
ptolemy.util.test.WatchDog.cancel(): canceling Mon Jun 06 02:09:27 UTC 2022
auto.tcl: Setting watchdog for 200 seconds at Mon Jun 06 02:09:27 UTC 2022
1 ms. Memory: 51200K Free: 33860K (66%)
ptolemy.util.test.WatchDog.cancel(): canceling Mon Jun 06 02:09:27 UTC 2022
------------------ testing $PTII/ptolemy/domains/de/test/auto/CausalityAndComposabilityAnalysis.xml
auto.tcl: Setting watchdog for 200 seconds at Mon Jun 06 02:09:27 UTC 2022
12 ms. Memory: 51200K Free: 32174K (63%)
ptolemy.util.test.WatchDog.cancel(): canceling Mon Jun 06 02:09:27 UTC 2022
auto.tcl: Setting watchdog for 200 seconds at Mon Jun 06 02:09:27 UTC 2022
7 ms. Memory: 51200K Free: 31719K (62%)
ptolemy.util.test.WatchDog.cancel(): canceling Mon Jun 06 02:09:27 UTC 2022
------------------ testing $PTII/ptolemy/domains/de/test/auto/CausalityInterface1.xml
auto.tcl: Setting watchdog for 200 seconds at Mon Jun 06 02:09:27 UTC 2022
28 ms. Memory: 51200K Free: 31105K (61%)
ptolemy.util.test.WatchDog.cancel(): canceling Mon Jun 06 02:09:27 UTC 2022
auto.tcl: Setting watchdog for 200 seconds at Mon Jun 06 02:09:27 UTC 2022
3 ms. Memory: 51200K Free: 30137K (59%)
ptolemy.util.test.WatchDog.cancel(): canceling Mon Jun 06 02:09:27 UTC 2022
------------------ testing $PTII/ptolemy/domains/de/test/auto/CausalityInterface15.xml
auto.tcl: Setting watchdog for 200 seconds at Mon Jun 06 02:09:27 UTC 2022
4 ms. Memory: 51200K Free: 31283K (61%)
ptolemy.util.test.WatchDog.cancel(): canceling Mon Jun 06 02:09:27 UTC 2022
auto.tcl: Setting watchdog for 200 seconds at Mon Jun 06 02:09:27 UTC 2022
6 ms. Memory: 51200K Free: 30077K (59%)
ptolemy.util.test.WatchDog.cancel(): canceling Mon Jun 06 02:09:27 UTC 2022
------------------ testing $PTII/ptolemy/domains/de/test/auto/CausalityInterface2.xml
auto.tcl: Setting watchdog for 200 seconds at Mon Jun 06 02:09:27 UTC 2022
3 ms. Memory: 51200K Free: 31782K (62%)
ptolemy.util.test.WatchDog.cancel(): canceling Mon Jun 06 02:09:27 UTC 2022
auto.tcl: Setting watchdog for 200 seconds at Mon Jun 06 02:09:27 UTC 2022
3 ms. Memory: 51200K Free: 31104K (61%)
ptolemy.util.test.WatchDog.cancel(): canceling Mon Jun 06 02:09:27 UTC 2022
------------------ testing $PTII/ptolemy/domains/de/test/auto/CausalityInterface3.xml
auto.tcl: Setting watchdog for 200 seconds at Mon Jun 06 02:09:28 UTC 2022
3 ms. Memory: 51200K Free: 31304K (61%)
ptolemy.util.test.WatchDog.cancel(): canceling Mon Jun 06 02:09:28 UTC 2022
auto.tcl: Setting watchdog for 200 seconds at Mon Jun 06 02:09:28 UTC 2022
2 ms. Memory: 51200K Free: 30832K (60%)
ptolemy.util.test.WatchDog.cancel(): canceling Mon Jun 06 02:09:28 UTC 2022
------------------ testing $PTII/ptolemy/domains/de/test/auto/ClockDrift.xml
auto.tcl: Setting watchdog for 200 seconds at Mon Jun 06 02:09:28 UTC 2022
69 ms. Memory: 51200K Free: 23607K (46%)
ptolemy.util.test.WatchDog.cancel(): canceling Mon Jun 06 02:09:28 UTC 2022
auto.tcl: Setting watchdog for 200 seconds at Mon Jun 06 02:09:28 UTC 2022
44 ms. Memory: 51200K Free: 20423K (40%)
ptolemy.util.test.WatchDog.cancel(): canceling Mon Jun 06 02:09:28 UTC 2022
------------------ testing $PTII/ptolemy/domains/de/test/auto/ClockDriftAndValueChange.xml
auto.tcl: Setting watchdog for 200 seconds at Mon Jun 06 02:09:28 UTC 2022
43 ms. Memory: 51200K Free: 24508K (48%)
ptolemy.util.test.WatchDog.cancel(): canceling Mon Jun 06 02:09:28 UTC 2022
auto.tcl: Setting watchdog for 200 seconds at Mon Jun 06 02:09:28 UTC 2022
31 ms. Memory: 51200K Free: 21365K (42%)
ptolemy.util.test.WatchDog.cancel(): canceling Mon Jun 06 02:09:28 UTC 2022
------------------ testing $PTII/ptolemy/domains/de/test/auto/ClockDriftChange.xml
auto.tcl: Setting watchdog for 200 seconds at Mon Jun 06 02:09:28 UTC 2022
26 ms. Memory: 51200K Free: 25789K (50%)
ptolemy.util.test.WatchDog.cancel(): canceling Mon Jun 06 02:09:28 UTC 2022
auto.tcl: Setting watchdog for 200 seconds at Mon Jun 06 02:09:28 UTC 2022
26 ms. Memory: 51200K Free: 23231K (45%)
ptolemy.util.test.WatchDog.cancel(): canceling Mon Jun 06 02:09:28 UTC 2022
------------------ testing $PTII/ptolemy/domains/de/test/auto/ComposableCausalityAnalysis.xml
auto.tcl: Setting watchdog for 200 seconds at Mon Jun 06 02:09:28 UTC 2022
2 ms. Memory: 51200K Free: 30572K (60%)
ptolemy.util.test.WatchDog.cancel(): canceling Mon Jun 06 02:09:28 UTC 2022
auto.tcl: Setting watchdog for 200 seconds at Mon Jun 06 02:09:28 UTC 2022
2 ms. Memory: 51200K Free: 29564K (58%)
ptolemy.util.test.WatchDog.cancel(): canceling Mon Jun 06 02:09:28 UTC 2022
------------------ testing $PTII/ptolemy/domains/de/test/auto/DEFixedPointLimitation.xml
auto.tcl: Setting watchdog for 200 seconds at Mon Jun 06 02:09:28 UTC 2022
2 ms. Memory: 51200K Free: 31917K (62%)
ptolemy.util.test.WatchDog.cancel(): canceling Mon Jun 06 02:09:28 UTC 2022
auto.tcl: Setting watchdog for 200 seconds at Mon Jun 06 02:09:28 UTC 2022
4 ms. Memory: 51200K Free: 31070K (61%)
ptolemy.util.test.WatchDog.cancel(): canceling Mon Jun 06 02:09:28 UTC 2022
------------------ testing $PTII/ptolemy/domains/de/test/auto/DEScheduleTest.xml
auto.tcl: Setting watchdog for 200 seconds at Mon Jun 06 02:09:28 UTC 2022
7 ms. Memory: 51200K Free: 32329K (63%)
ptolemy.util.test.WatchDog.cancel(): canceling Mon Jun 06 02:09:28 UTC 2022
auto.tcl: Setting watchdog for 200 seconds at Mon Jun 06 02:09:28 UTC 2022
2 ms. Memory: 51200K Free: 31573K (62%)
ptolemy.util.test.WatchDog.cancel(): canceling Mon Jun 06 02:09:28 UTC 2022
------------------ testing $PTII/ptolemy/domains/de/test/auto/DEinDEwithStartTimes.xml
auto.tcl: Setting watchdog for 200 seconds at Mon Jun 06 02:09:28 UTC 2022
3 ms. Memory: 51200K Free: 30518K (60%)
ptolemy.util.test.WatchDog.cancel(): canceling Mon Jun 06 02:09:28 UTC 2022
auto.tcl: Setting watchdog for 200 seconds at Mon Jun 06 02:09:28 UTC 2022
3 ms. Memory: 51200K Free: 29638K (58%)
ptolemy.util.test.WatchDog.cancel(): canceling Mon Jun 06 02:09:28 UTC 2022
------------------ testing $PTII/ptolemy/domains/de/test/auto/DEinDEwithStartTimes2.xml
auto.tcl: Setting watchdog for 200 seconds at Mon Jun 06 02:09:28 UTC 2022
6 ms. Memory: 51200K Free: 29634K (58%)
ptolemy.util.test.WatchDog.cancel(): canceling Mon Jun 06 02:09:28 UTC 2022
auto.tcl: Setting watchdog for 200 seconds at Mon Jun 06 02:09:28 UTC 2022
4 ms. Memory: 51200K Free: 28593K (56%)
ptolemy.util.test.WatchDog.cancel(): canceling Mon Jun 06 02:09:28 UTC 2022
------------------ testing $PTII/ptolemy/domains/de/test/auto/DateDemo.xml
auto.tcl: Setting watchdog for 200 seconds at Mon Jun 06 02:09:28 UTC 2022
19 ms. Memory: 51200K Free: 24481K (48%)
ptolemy.util.test.WatchDog.cancel(): canceling Mon Jun 06 02:09:29 UTC 2022
auto.tcl: Setting watchdog for 200 seconds at Mon Jun 06 02:09:29 UTC 2022
10 ms. Memory: 51200K Free: 22844K (45%)
ptolemy.util.test.WatchDog.cancel(): canceling Mon Jun 06 02:09:29 UTC 2022
------------------ testing $PTII/ptolemy/domains/de/test/auto/DateToEvent.xml
auto.tcl: Setting watchdog for 200 seconds at Mon Jun 06 02:09:29 UTC 2022
2015 ms. Memory: 51200K Free: 19499K (38%)
ptolemy.util.test.WatchDog.cancel(): canceling Mon Jun 06 02:09:31 UTC 2022
auto.tcl: Setting watchdog for 200 seconds at Mon Jun 06 02:09:31 UTC 2022
2004 ms. Memory: 51200K Free: 18989K (37%)
ptolemy.util.test.WatchDog.cancel(): canceling Mon Jun 06 02:09:33 UTC 2022
------------------ testing $PTII/ptolemy/domains/de/test/auto/DepthTest1.xml
auto.tcl: Setting watchdog for 200 seconds at Mon Jun 06 02:09:33 UTC 2022
5 ms. Memory: 51200K Free: 33167K (65%)
ptolemy.util.test.WatchDog.cancel(): canceling Mon Jun 06 02:09:33 UTC 2022
auto.tcl: Setting watchdog for 200 seconds at Mon Jun 06 02:09:33 UTC 2022
2 ms. Memory: 51200K Free: 32679K (64%)
ptolemy.util.test.WatchDog.cancel(): canceling Mon Jun 06 02:09:33 UTC 2022
------------------ testing $PTII/ptolemy/domains/de/test/auto/DepthTest2.xml
auto.tcl: Setting watchdog for 200 seconds at Mon Jun 06 02:09:33 UTC 2022
4 ms. Memory: 51200K Free: 29927K (58%)
ptolemy.util.test.WatchDog.cancel(): canceling Mon Jun 06 02:09:33 UTC 2022
auto.tcl: Setting watchdog for 200 seconds at Mon Jun 06 02:09:33 UTC 2022
2 ms. Memory: 51200K Free: 29468K (58%)
ptolemy.util.test.WatchDog.cancel(): canceling Mon Jun 06 02:09:33 UTC 2022
------------------ testing $PTII/ptolemy/domains/de/test/auto/DepthTest3.xml
auto.tcl: Setting watchdog for 200 seconds at Mon Jun 06 02:09:33 UTC 2022
2 ms. Memory: 51200K Free: 33509K (65%)
ptolemy.util.test.WatchDog.cancel(): canceling Mon Jun 06 02:09:33 UTC 2022
auto.tcl: Setting watchdog for 200 seconds at Mon Jun 06 02:09:33 UTC 2022
2 ms. Memory: 51200K Free: 33023K (64%)
ptolemy.util.test.WatchDog.cancel(): canceling Mon Jun 06 02:09:33 UTC 2022
------------------ testing $PTII/ptolemy/domains/de/test/auto/DepthTest4.xml
auto.tcl: Setting watchdog for 200 seconds at Mon Jun 06 02:09:33 UTC 2022
7 ms. Memory: 51200K Free: 31711K (62%)
ptolemy.util.test.WatchDog.cancel(): canceling Mon Jun 06 02:09:33 UTC 2022
auto.tcl: Setting watchdog for 200 seconds at Mon Jun 06 02:09:33 UTC 2022
2 ms. Memory: 51200K Free: 31026K (61%)
ptolemy.util.test.WatchDog.cancel(): canceling Mon Jun 06 02:09:33 UTC 2022
------------------ testing $PTII/ptolemy/domains/de/test/auto/DepthTest5.xml
auto.tcl: Setting watchdog for 200 seconds at Mon Jun 06 02:09:33 UTC 2022
5 ms. Memory: 51200K Free: 31140K (61%)
ptolemy.util.test.WatchDog.cancel(): canceling Mon Jun 06 02:09:33 UTC 2022
auto.tcl: Setting watchdog for 200 seconds at Mon Jun 06 02:09:33 UTC 2022
3 ms. Memory: 51200K Free: 30430K (59%)
ptolemy.util.test.WatchDog.cancel(): canceling Mon Jun 06 02:09:33 UTC 2022
------------------ testing $PTII/ptolemy/domains/de/test/auto/DepthTest6.xml
auto.tcl: Setting watchdog for 200 seconds at Mon Jun 06 02:09:33 UTC 2022
5 ms. Memory: 51200K Free: 30820K (60%)
ptolemy.util.test.WatchDog.cancel(): canceling Mon Jun 06 02:09:33 UTC 2022
auto.tcl: Setting watchdog for 200 seconds at Mon Jun 06 02:09:33 UTC 2022
2 ms. Memory: 51200K Free: 30408K (59%)
ptolemy.util.test.WatchDog.cancel(): canceling Mon Jun 06 02:09:33 UTC 2022
------------------ testing $PTII/ptolemy/domains/de/test/auto/DepthTest7.xml
auto.tcl: Setting watchdog for 200 seconds at Mon Jun 06 02:09:33 UTC 2022
2 ms. Memory: 51200K Free: 31160K (61%)
ptolemy.util.test.WatchDog.cancel(): canceling Mon Jun 06 02:09:33 UTC 2022
auto.tcl: Setting watchdog for 200 seconds at Mon Jun 06 02:09:33 UTC 2022
2 ms. Memory: 51200K Free: 30714K (60%)
ptolemy.util.test.WatchDog.cancel(): canceling Mon Jun 06 02:09:33 UTC 2022
------------------ testing $PTII/ptolemy/domains/de/test/auto/EventToDate.xml
auto.tcl: Setting watchdog for 200 seconds at Mon Jun 06 02:09:33 UTC 2022
3005 ms. Memory: 51200K Free: 22419K (44%)
ptolemy.util.test.WatchDog.cancel(): canceling Mon Jun 06 02:09:36 UTC 2022
auto.tcl: Setting watchdog for 200 seconds at Mon Jun 06 02:09:36 UTC 2022
3004 ms. Memory: 51200K Free: 21786K (43%)
ptolemy.util.test.WatchDog.cancel(): canceling Mon Jun 06 02:09:39 UTC 2022
------------------ testing $PTII/ptolemy/domains/de/test/auto/FSM1.xml
auto.tcl: Setting watchdog for 200 seconds at Mon Jun 06 02:09:39 UTC 2022
23 ms. Memory: 51200K Free: 23715K (46%)
ptolemy.util.test.WatchDog.cancel(): canceling Mon Jun 06 02:09:39 UTC 2022
auto.tcl: Setting watchdog for 200 seconds at Mon Jun 06 02:09:39 UTC 2022
16 ms. Memory: 51200K Free: 20455K (40%)
ptolemy.util.test.WatchDog.cancel(): canceling Mon Jun 06 02:09:39 UTC 2022
------------------ testing $PTII/ptolemy/domains/de/test/auto/FSM7.xml
auto.tcl: Setting watchdog for 200 seconds at Mon Jun 06 02:09:39 UTC 2022
21 ms. Memory: 51200K Free: 23575K (46%)
ptolemy.util.test.WatchDog.cancel(): canceling Mon Jun 06 02:09:39 UTC 2022
auto.tcl: Setting watchdog for 200 seconds at Mon Jun 06 02:09:39 UTC 2022
22 ms. Memory: 51200K Free: 20640K (40%)
ptolemy.util.test.WatchDog.cancel(): canceling Mon Jun 06 02:09:39 UTC 2022
------------------ testing $PTII/ptolemy/domains/de/test/auto/Inspection.xml
auto.tcl: Setting watchdog for 200 seconds at Mon Jun 06 02:09:40 UTC 2022
17 ms. Memory: 51200K Free: 23899K (47%)
ptolemy.util.test.WatchDog.cancel(): canceling Mon Jun 06 02:09:40 UTC 2022
auto.tcl: Setting watchdog for 200 seconds at Mon Jun 06 02:09:40 UTC 2022
13 ms. Memory: 51200K Free: 22109K (43%)
ptolemy.util.test.WatchDog.cancel(): canceling Mon Jun 06 02:09:40 UTC 2022
------------------ testing $PTII/ptolemy/domains/de/test/auto/Iteration.xml
auto.tcl: Setting watchdog for 200 seconds at Mon Jun 06 02:09:40 UTC 2022
6 ms. Memory: 51200K Free: 28925K (56%)
ptolemy.util.test.WatchDog.cancel(): canceling Mon Jun 06 02:09:40 UTC 2022
auto.tcl: Setting watchdog for 200 seconds at Mon Jun 06 02:09:40 UTC 2022
6 ms. Memory: 51200K Free: 27734K (54%)
ptolemy.util.test.WatchDog.cancel(): canceling Mon Jun 06 02:09:40 UTC 2022
------------------ testing $PTII/ptolemy/domains/de/test/auto/LineFault.xml
auto.tcl: Setting watchdog for 200 seconds at Mon Jun 06 02:09:40 UTC 2022
598 ms. Memory: 51200K Free: 17510K (34%)
ptolemy.util.test.WatchDog.cancel(): canceling Mon Jun 06 02:09:41 UTC 2022
auto.tcl: Setting watchdog for 200 seconds at Mon Jun 06 02:09:41 UTC 2022
462 ms. Memory: 62464K Free: 45263K (72%)
ptolemy.util.test.WatchDog.cancel(): canceling Mon Jun 06 02:09:41 UTC 2022
------------------ testing $PTII/ptolemy/domains/de/test/auto/MergeModel1Add.xml
auto.tcl: Setting watchdog for 200 seconds at Mon Jun 06 02:09:41 UTC 2022
16 ms. Memory: 58368K Free: 22337K (38%)
ptolemy.util.test.WatchDog.cancel(): canceling Mon Jun 06 02:09:41 UTC 2022
auto.tcl: Setting watchdog for 200 seconds at Mon Jun 06 02:09:41 UTC 2022
9 ms. Memory: 58368K Free: 21130K (36%)
ptolemy.util.test.WatchDog.cancel(): canceling Mon Jun 06 02:09:41 UTC 2022
------------------ testing $PTII/ptolemy/domains/de/test/auto/MergeModel2Add.xml
auto.tcl: Setting watchdog for 200 seconds at Mon Jun 06 02:09:41 UTC 2022
10 ms. Memory: 55296K Free: 21583K (39%)
ptolemy.util.test.WatchDog.cancel(): canceling Mon Jun 06 02:09:41 UTC 2022
auto.tcl: Setting watchdog for 200 seconds at Mon Jun 06 02:09:41 UTC 2022
7 ms. Memory: 55296K Free: 19930K (36%)
ptolemy.util.test.WatchDog.cancel(): canceling Mon Jun 06 02:09:41 UTC 2022
------------------ testing $PTII/ptolemy/domains/de/test/auto/MergeModel3Add.xml
auto.tcl: Setting watchdog for 200 seconds at Mon Jun 06 02:09:41 UTC 2022
7 ms. Memory: 51200K Free: 17229K (34%)
ptolemy.util.test.WatchDog.cancel(): canceling Mon Jun 06 02:09:41 UTC 2022
auto.tcl: Setting watchdog for 200 seconds at Mon Jun 06 02:09:41 UTC 2022
6 ms. Memory: 51200K Free: 15853K (31%)
ptolemy.util.test.WatchDog.cancel(): canceling Mon Jun 06 02:09:41 UTC 2022
------------------ testing $PTII/ptolemy/domains/de/test/auto/MergeWithoutDiscard.xml
auto.tcl: Setting watchdog for 200 seconds at Mon Jun 06 02:09:41 UTC 2022
2 ms. Memory: 51200K Free: 32102K (63%)
ptolemy.util.test.WatchDog.cancel(): canceling Mon Jun 06 02:09:41 UTC 2022
auto.tcl: Setting watchdog for 200 seconds at Mon Jun 06 02:09:41 UTC 2022
2 ms. Memory: 51200K Free: 31193K (61%)
ptolemy.util.test.WatchDog.cancel(): canceling Mon Jun 06 02:09:41 UTC 2022
------------------ testing $PTII/ptolemy/domains/de/test/auto/Modal1.xml
auto.tcl: Setting watchdog for 200 seconds at Mon Jun 06 02:09:41 UTC 2022
12 ms. Memory: 51200K Free: 24215K (47%)
ptolemy.util.test.WatchDog.cancel(): canceling Mon Jun 06 02:09:42 UTC 2022
auto.tcl: Setting watchdog for 200 seconds at Mon Jun 06 02:09:42 UTC 2022
14 ms. Memory: 51200K Free: 20689K (40%)
ptolemy.util.test.WatchDog.cancel(): canceling Mon Jun 06 02:09:42 UTC 2022
------------------ testing $PTII/ptolemy/domains/de/test/auto/Modal2.xml
auto.tcl: Setting watchdog for 200 seconds at Mon Jun 06 02:09:42 UTC 2022
11 ms. Memory: 51200K Free: 23558K (46%)
ptolemy.util.test.WatchDog.cancel(): canceling Mon Jun 06 02:09:42 UTC 2022
auto.tcl: Setting watchdog for 200 seconds at Mon Jun 06 02:09:42 UTC 2022
12 ms. Memory: 51200K Free: 20577K (40%)
ptolemy.util.test.WatchDog.cancel(): canceling Mon Jun 06 02:09:42 UTC 2022
------------------ testing $PTII/ptolemy/domains/de/test/auto/Modal3.xml
auto.tcl: Setting watchdog for 200 seconds at Mon Jun 06 02:09:42 UTC 2022
10 ms. Memory: 51200K Free: 23522K (46%)
ptolemy.util.test.WatchDog.cancel(): canceling Mon Jun 06 02:09:42 UTC 2022
auto.tcl: Setting watchdog for 200 seconds at Mon Jun 06 02:09:42 UTC 2022
11 ms. Memory: 51200K Free: 20570K (40%)
ptolemy.util.test.WatchDog.cancel(): canceling Mon Jun 06 02:09:42 UTC 2022
------------------ testing $PTII/ptolemy/domains/de/test/auto/Modal4.xml
auto.tcl: Setting watchdog for 200 seconds at Mon Jun 06 02:09:42 UTC 2022
12 ms. Memory: 51200K Free: 22802K (45%)
ptolemy.util.test.WatchDog.cancel(): canceling Mon Jun 06 02:09:42 UTC 2022
auto.tcl: Setting watchdog for 200 seconds at Mon Jun 06 02:09:42 UTC 2022
18 ms. Memory: 51200K Free: 18968K (37%)
ptolemy.util.test.WatchDog.cancel(): canceling Mon Jun 06 02:09:42 UTC 2022
------------------ testing $PTII/ptolemy/domains/de/test/auto/Modal5.xml
auto.tcl: Setting watchdog for 200 seconds at Mon Jun 06 02:09:42 UTC 2022
16 ms. Memory: 51200K Free: 22804K (45%)
ptolemy.util.test.WatchDog.cancel(): canceling Mon Jun 06 02:09:42 UTC 2022
auto.tcl: Setting watchdog for 200 seconds at Mon Jun 06 02:09:42 UTC 2022
15 ms. Memory: 51200K Free: 18956K (37%)
ptolemy.util.test.WatchDog.cancel(): canceling Mon Jun 06 02:09:42 UTC 2022
------------------ testing $PTII/ptolemy/domains/de/test/auto/Modal6.xml
auto.tcl: Setting watchdog for 200 seconds at Mon Jun 06 02:09:42 UTC 2022
11 ms. Memory: 51200K Free: 23785K (46%)
ptolemy.util.test.WatchDog.cancel(): canceling Mon Jun 06 02:09:42 UTC 2022
auto.tcl: Setting watchdog for 200 seconds at Mon Jun 06 02:09:42 UTC 2022
16 ms. Memory: 51200K Free: 19554K (38%)
ptolemy.util.test.WatchDog.cancel(): canceling Mon Jun 06 02:09:42 UTC 2022
------------------ testing $PTII/ptolemy/domains/de/test/auto/Modal7.xml
auto.tcl: Setting watchdog for 200 seconds at Mon Jun 06 02:09:42 UTC 2022
13 ms. Memory: 51200K Free: 22514K (44%)
ptolemy.util.test.WatchDog.cancel(): canceling Mon Jun 06 02:09:42 UTC 2022
auto.tcl: Setting watchdog for 200 seconds at Mon Jun 06 02:09:42 UTC 2022
10 ms. Memory: 51200K Free: 19168K (37%)
ptolemy.util.test.WatchDog.cancel(): canceling Mon Jun 06 02:09:42 UTC 2022
------------------ testing $PTII/ptolemy/domains/de/test/auto/ModalModel.xml
auto.tcl: Setting watchdog for 200 seconds at Mon Jun 06 02:09:42 UTC 2022
174 ms. Memory: 51200K Free: 14685K (29%)
ptolemy.util.test.WatchDog.cancel(): canceling Mon Jun 06 02:09:42 UTC 2022
auto.tcl: Setting watchdog for 200 seconds at Mon Jun 06 02:09:42 UTC 2022
192 ms. Memory: 61440K Free: 45231K (74%)
ptolemy.util.test.WatchDog.cancel(): canceling Mon Jun 06 02:09:43 UTC 2022
------------------ testing $PTII/ptolemy/domains/de/test/auto/ModalSource.xml
auto.tcl: Setting watchdog for 200 seconds at Mon Jun 06 02:09:43 UTC 2022
9 ms. Memory: 58368K Free: 34777K (60%)
ptolemy.util.test.WatchDog.cancel(): canceling Mon Jun 06 02:09:43 UTC 2022
auto.tcl: Setting watchdog for 200 seconds at Mon Jun 06 02:09:43 UTC 2022
6 ms. Memory: 58368K Free: 32848K (56%)
ptolemy.util.test.WatchDog.cancel(): canceling Mon Jun 06 02:09:43 UTC 2022
------------------ testing $PTII/ptolemy/domains/de/test/auto/NonInterruptibleTimerZeroDelay.xml
auto.tcl: Setting watchdog for 200 seconds at Mon Jun 06 02:09:43 UTC 2022
3 ms. Memory: 55296K Free: 36434K (66%)
ptolemy.util.test.WatchDog.cancel(): canceling Mon Jun 06 02:09:43 UTC 2022
auto.tcl: Setting watchdog for 200 seconds at Mon Jun 06 02:09:43 UTC 2022
3 ms. Memory: 55296K Free: 35564K (64%)
ptolemy.util.test.WatchDog.cancel(): canceling Mon Jun 06 02:09:43 UTC 2022
------------------ testing $PTII/ptolemy/domains/de/test/auto/OpenQueueingNetwork.xml
auto.tcl: Setting watchdog for 200 seconds at Mon Jun 06 02:09:43 UTC 2022
2806 ms. Memory: 125952K Free: 65047K (52%)
ptolemy.util.test.WatchDog.cancel(): canceling Mon Jun 06 02:09:46 UTC 2022
auto.tcl: Setting watchdog for 200 seconds at Mon Jun 06 02:09:46 UTC 2022
2177 ms. Memory: 151552K Free: 89429K (59%)
ptolemy.util.test.WatchDog.cancel(): canceling Mon Jun 06 02:09:48 UTC 2022
------------------ testing $PTII/ptolemy/domains/de/test/auto/OpenQueuingNetwork.xml
auto.tcl: Setting watchdog for 200 seconds at Mon Jun 06 02:09:48 UTC 2022
233 ms. Memory: 58368K Free: 30712K (53%)
ptolemy.util.test.WatchDog.cancel(): canceling Mon Jun 06 02:09:48 UTC 2022
auto.tcl: Setting watchdog for 200 seconds at Mon Jun 06 02:09:48 UTC 2022
206 ms. Memory: 58368K Free: 12760K (22%)
ptolemy.util.test.WatchDog.cancel(): canceling Mon Jun 06 02:09:48 UTC 2022
------------------ testing $PTII/ptolemy/domains/de/test/auto/PeriodicSampler.xml
auto.tcl: Setting watchdog for 200 seconds at Mon Jun 06 02:09:48 UTC 2022
2 ms. Memory: 58368K Free: 38924K (67%)
ptolemy.util.test.WatchDog.cancel(): canceling Mon Jun 06 02:09:49 UTC 2022
auto.tcl: Setting watchdog for 200 seconds at Mon Jun 06 02:09:49 UTC 2022
2 ms. Memory: 58368K Free: 38396K (66%)
ptolemy.util.test.WatchDog.cancel(): canceling Mon Jun 06 02:09:49 UTC 2022
------------------ testing $PTII/ptolemy/domains/de/test/auto/PersistentIO.xml
auto.tcl: Setting watchdog for 200 seconds at Mon Jun 06 02:09:49 UTC 2022
12 ms. Memory: 51200K Free: 26681K (52%)
ptolemy.util.test.WatchDog.cancel(): canceling Mon Jun 06 02:09:49 UTC 2022
auto.tcl: Setting watchdog for 200 seconds at Mon Jun 06 02:09:49 UTC 2022
4 ms. Memory: 51200K Free: 25641K (50%)
ptolemy.util.test.WatchDog.cancel(): canceling Mon Jun 06 02:09:49 UTC 2022
------------------ testing $PTII/ptolemy/domains/de/test/auto/PortParameterResetOnInitialize.xml
auto.tcl: Setting watchdog for 200 seconds at Mon Jun 06 02:09:49 UTC 2022
7 ms. Memory: 51200K Free: 31649K (62%)
ptolemy.util.test.WatchDog.cancel(): canceling Mon Jun 06 02:09:49 UTC 2022
auto.tcl: Setting watchdog for 200 seconds at Mon Jun 06 02:09:49 UTC 2022
2 ms. Memory: 51200K Free: 31169K (61%)
ptolemy.util.test.WatchDog.cancel(): canceling Mon Jun 06 02:09:49 UTC 2022
------------------ testing $PTII/ptolemy/domains/de/test/auto/PortParameterUpdates.xml
auto.tcl: Setting watchdog for 200 seconds at Mon Jun 06 02:09:49 UTC 2022
6 ms. Memory: 51200K Free: 29749K (58%)
ptolemy.util.test.WatchDog.cancel(): canceling Mon Jun 06 02:09:49 UTC 2022
auto.tcl: Setting watchdog for 200 seconds at Mon Jun 06 02:09:49 UTC 2022
5 ms. Memory: 51200K Free: 28709K (56%)
ptolemy.util.test.WatchDog.cancel(): canceling Mon Jun 06 02:09:49 UTC 2022
------------------ testing $PTII/ptolemy/domains/de/test/auto/QueueAndServer.xml
auto.tcl: Setting watchdog for 200 seconds at Mon Jun 06 02:09:49 UTC 2022
5 ms. Memory: 51200K Free: 28928K (56%)
ptolemy.util.test.WatchDog.cancel(): canceling Mon Jun 06 02:09:49 UTC 2022
auto.tcl: Setting watchdog for 200 seconds at Mon Jun 06 02:09:49 UTC 2022
5 ms. Memory: 51200K Free: 27678K (54%)
ptolemy.util.test.WatchDog.cancel(): canceling Mon Jun 06 02:09:49 UTC 2022
------------------ testing $PTII/ptolemy/domains/de/test/auto/Records.xml
auto.tcl: Setting watchdog for 200 seconds at Mon Jun 06 02:09:49 UTC 2022
4 ms. Memory: 51200K Free: 30917K (60%)
ptolemy.util.test.WatchDog.cancel(): canceling Mon Jun 06 02:09:49 UTC 2022
auto.tcl: Setting watchdog for 200 seconds at Mon Jun 06 02:09:49 UTC 2022
2 ms. Memory: 51200K Free: 30419K (59%)
ptolemy.util.test.WatchDog.cancel(): canceling Mon Jun 06 02:09:49 UTC 2022
------------------ testing $PTII/ptolemy/domains/de/test/auto/ResetTransitionWithStartTime1.xml
auto.tcl: Setting watchdog for 200 seconds at Mon Jun 06 02:09:49 UTC 2022
11 ms. Memory: 51200K Free: 28201K (55%)
ptolemy.util.test.WatchDog.cancel(): canceling Mon Jun 06 02:09:49 UTC 2022
auto.tcl: Setting watchdog for 200 seconds at Mon Jun 06 02:09:49 UTC 2022
5 ms. Memory: 51200K Free: 26116K (51%)
ptolemy.util.test.WatchDog.cancel(): canceling Mon Jun 06 02:09:49 UTC 2022
------------------ testing $PTII/ptolemy/domains/de/test/auto/ResetTransitionWithStartTime2.xml
auto.tcl: Setting watchdog for 200 seconds at Mon Jun 06 02:09:49 UTC 2022
5 ms. Memory: 51200K Free: 28156K (55%)
ptolemy.util.test.WatchDog.cancel(): canceling Mon Jun 06 02:09:49 UTC 2022
auto.tcl: Setting watchdog for 200 seconds at Mon Jun 06 02:09:49 UTC 2022
5 ms. Memory: 51200K Free: 26108K (51%)
ptolemy.util.test.WatchDog.cancel(): canceling Mon Jun 06 02:09:49 UTC 2022
------------------ testing $PTII/ptolemy/domains/de/test/auto/ResetTransitionWithStartTime3.xml
auto.tcl: Setting watchdog for 200 seconds at Mon Jun 06 02:09:49 UTC 2022
6 ms. Memory: 51200K Free: 28155K (55%)
ptolemy.util.test.WatchDog.cancel(): canceling Mon Jun 06 02:09:49 UTC 2022
auto.tcl: Setting watchdog for 200 seconds at Mon Jun 06 02:09:49 UTC 2022
5 ms. Memory: 51200K Free: 26107K (51%)
ptolemy.util.test.WatchDog.cancel(): canceling Mon Jun 06 02:09:49 UTC 2022
------------------ testing $PTII/ptolemy/domains/de/test/auto/ResetTransitionWithStartTime4.xml
auto.tcl: Setting watchdog for 200 seconds at Mon Jun 06 02:09:49 UTC 2022
10 ms. Memory: 51200K Free: 28582K (56%)
ptolemy.util.test.WatchDog.cancel(): canceling Mon Jun 06 02:09:49 UTC 2022
auto.tcl: Setting watchdog for 200 seconds at Mon Jun 06 02:09:49 UTC 2022
4 ms. Memory: 51200K Free: 27130K (53%)
ptolemy.util.test.WatchDog.cancel(): canceling Mon Jun 06 02:09:49 UTC 2022
------------------ testing $PTII/ptolemy/domains/de/test/auto/ResettableTimer1.xml
auto.tcl: Setting watchdog for 200 seconds at Mon Jun 06 02:09:49 UTC 2022
3 ms. Memory: 51200K Free: 32331K (63%)
ptolemy.util.test.WatchDog.cancel(): canceling Mon Jun 06 02:09:49 UTC 2022
auto.tcl: Setting watchdog for 200 seconds at Mon Jun 06 02:09:49 UTC 2022
2 ms. Memory: 51200K Free: 31704K (62%)
ptolemy.util.test.WatchDog.cancel(): canceling Mon Jun 06 02:09:49 UTC 2022
------------------ testing $PTII/ptolemy/domains/de/test/auto/ResettableTimer2.xml
auto.tcl: Setting watchdog for 200 seconds at Mon Jun 06 02:09:49 UTC 2022
2 ms. Memory: 51200K Free: 32388K (63%)
ptolemy.util.test.WatchDog.cancel(): canceling Mon Jun 06 02:09:49 UTC 2022
auto.tcl: Setting watchdog for 200 seconds at Mon Jun 06 02:09:49 UTC 2022
2 ms. Memory: 51200K Free: 31760K (62%)
ptolemy.util.test.WatchDog.cancel(): canceling Mon Jun 06 02:09:49 UTC 2022
------------------ testing $PTII/ptolemy/domains/de/test/auto/ResettableTimer3.xml
auto.tcl: Setting watchdog for 200 seconds at Mon Jun 06 02:09:49 UTC 2022
1 ms. Memory: 51200K Free: 32299K (63%)
ptolemy.util.test.WatchDog.cancel(): canceling Mon Jun 06 02:09:49 UTC 2022
auto.tcl: Setting watchdog for 200 seconds at Mon Jun 06 02:09:49 UTC 2022
1 ms. Memory: 51200K Free: 32299K (63%)
ptolemy.util.test.WatchDog.cancel(): canceling Mon Jun 06 02:09:49 UTC 2022
------------------ testing $PTII/ptolemy/domains/de/test/auto/ResettableTimer4.xml
auto.tcl: Setting watchdog for 200 seconds at Mon Jun 06 02:09:49 UTC 2022
2 ms. Memory: 51200K Free: 32811K (64%)
ptolemy.util.test.WatchDog.cancel(): canceling Mon Jun 06 02:09:49 UTC 2022
auto.tcl: Setting watchdog for 200 seconds at Mon Jun 06 02:09:49 UTC 2022
1 ms. Memory: 51200K Free: 32313K (63%)
ptolemy.util.test.WatchDog.cancel(): canceling Mon Jun 06 02:09:49 UTC 2022
------------------ testing $PTII/ptolemy/domains/de/test/auto/ResettableTimer5.xml
auto.tcl: Setting watchdog for 200 seconds at Mon Jun 06 02:09:49 UTC 2022
1 ms. Memory: 51200K Free: 31785K (62%)
ptolemy.util.test.WatchDog.cancel(): canceling Mon Jun 06 02:09:49 UTC 2022
auto.tcl: Setting watchdog for 200 seconds at Mon Jun 06 02:09:49 UTC 2022
1 ms. Memory: 51200K Free: 31785K (62%)
ptolemy.util.test.WatchDog.cancel(): canceling Mon Jun 06 02:09:49 UTC 2022
------------------ testing $PTII/ptolemy/domains/de/test/auto/ResettableTimer6.xml
auto.tcl: Setting watchdog for 200 seconds at Mon Jun 06 02:09:49 UTC 2022
2 ms. Memory: 51200K Free: 31776K (62%)
ptolemy.util.test.WatchDog.cancel(): canceling Mon Jun 06 02:09:49 UTC 2022
auto.tcl: Setting watchdog for 200 seconds at Mon Jun 06 02:09:49 UTC 2022
1 ms. Memory: 51200K Free: 31270K (61%)
ptolemy.util.test.WatchDog.cancel(): canceling Mon Jun 06 02:09:49 UTC 2022
------------------ testing $PTII/ptolemy/domains/de/test/auto/ServerZeroDelay.xml
auto.tcl: Setting watchdog for 200 seconds at Mon Jun 06 02:09:50 UTC 2022
2 ms. Memory: 51200K Free: 32241K (63%)
ptolemy.util.test.WatchDog.cancel(): canceling Mon Jun 06 02:09:50 UTC 2022
auto.tcl: Setting watchdog for 200 seconds at Mon Jun 06 02:09:50 UTC 2022
2 ms. Memory: 51200K Free: 31217K (61%)
ptolemy.util.test.WatchDog.cancel(): canceling Mon Jun 06 02:09:50 UTC 2022
------------------ testing $PTII/ptolemy/domains/de/test/auto/SmartSender.xml
auto.tcl: Setting watchdog for 200 seconds at Mon Jun 06 02:09:50 UTC 2022
3001 ms. Memory: 51200K Free: 32247K (63%)
ptolemy.util.test.WatchDog.cancel(): canceling Mon Jun 06 02:09:53 UTC 2022
auto.tcl: Setting watchdog for 200 seconds at Mon Jun 06 02:09:53 UTC 2022
3001 ms. Memory: 51200K Free: 31735K (62%)
ptolemy.util.test.WatchDog.cancel(): canceling Mon Jun 06 02:09:56 UTC 2022
------------------ testing $PTII/ptolemy/domains/de/test/auto/ThreadedComposite.xml
auto.tcl: Setting watchdog for 200 seconds at Mon Jun 06 02:09:56 UTC 2022
153 ms. Memory: 51200K Free: 13303K (26%)
ptolemy.util.test.WatchDog.cancel(): canceling Mon Jun 06 02:09:56 UTC 2022
auto.tcl: Setting watchdog for 200 seconds at Mon Jun 06 02:09:56 UTC 2022
114 ms. Memory: 51200K Free: 27747K (54%)
ptolemy.util.test.WatchDog.cancel(): canceling Mon Jun 06 02:09:56 UTC 2022
------------------ testing $PTII/ptolemy/domains/de/test/auto/Time.xml
auto.tcl: Setting watchdog for 200 seconds at Mon Jun 06 02:09:56 UTC 2022
435 ms. Memory: 51200K Free: 35012K (68%)
ptolemy.util.test.WatchDog.cancel(): canceling Mon Jun 06 02:09:56 UTC 2022
auto.tcl: Setting watchdog for 200 seconds at Mon Jun 06 02:09:56 UTC 2022
442 ms. Memory: 51200K Free: 8270K (16%)
ptolemy.util.test.WatchDog.cancel(): canceling Mon Jun 06 02:09:57 UTC 2022
------------------ testing $PTII/ptolemy/domains/de/test/auto/TimeDelayZeroDelay.xml
auto.tcl: Setting watchdog for 200 seconds at Mon Jun 06 02:09:57 UTC 2022
2 ms. Memory: 51200K Free: 32166K (63%)
ptolemy.util.test.WatchDog.cancel(): canceling Mon Jun 06 02:09:57 UTC 2022
auto.tcl: Setting watchdog for 200 seconds at Mon Jun 06 02:09:57 UTC 2022
2 ms. Memory: 51200K Free: 31697K (62%)
ptolemy.util.test.WatchDog.cancel(): canceling Mon Jun 06 02:09:57 UTC 2022
------------------ testing $PTII/ptolemy/domains/de/test/auto/TimerZeroDelay.xml
auto.tcl: Setting watchdog for 200 seconds at Mon Jun 06 02:09:57 UTC 2022
3 ms. Memory: 51200K Free: 32347K (63%)
ptolemy.util.test.WatchDog.cancel(): canceling Mon Jun 06 02:09:57 UTC 2022
auto.tcl: Setting watchdog for 200 seconds at Mon Jun 06 02:09:57 UTC 2022
2 ms. Memory: 51200K Free: 31734K (62%)
ptolemy.util.test.WatchDog.cancel(): canceling Mon Jun 06 02:09:57 UTC 2022
------------------ testing $PTII/ptolemy/domains/de/test/auto/TimingParadox.xml
auto.tcl: Setting watchdog for 200 seconds at Mon Jun 06 02:09:57 UTC 2022
322 ms. Memory: 64512K Free: 40269K (62%)
ptolemy.util.test.WatchDog.cancel(): canceling Mon Jun 06 02:09:57 UTC 2022
auto.tcl: Setting watchdog for 200 seconds at Mon Jun 06 02:09:57 UTC 2022
326 ms. Memory: 64512K Free: 39237K (61%)
ptolemy.util.test.WatchDog.cancel(): canceling Mon Jun 06 02:09:58 UTC 2022
------------------ testing $PTII/ptolemy/domains/de/test/auto/TransferInputs.xml
auto.tcl: Setting watchdog for 200 seconds at Mon Jun 06 02:09:58 UTC 2022
2 ms. Memory: 55296K Free: 34773K (63%)
ptolemy.util.test.WatchDog.cancel(): canceling Mon Jun 06 02:09:58 UTC 2022
auto.tcl: Setting watchdog for 200 seconds at Mon Jun 06 02:09:58 UTC 2022
2 ms. Memory: 55296K Free: 33830K (61%)
ptolemy.util.test.WatchDog.cancel(): canceling Mon Jun 06 02:09:58 UTC 2022
------------------ testing $PTII/ptolemy/domains/de/test/auto/TransferOutputs2.xml
auto.tcl: Setting watchdog for 200 seconds at Mon Jun 06 02:09:58 UTC 2022
3 ms. Memory: 55296K Free: 32215K (58%)
ptolemy.util.test.WatchDog.cancel(): canceling Mon Jun 06 02:09:58 UTC 2022
auto.tcl: Setting watchdog for 200 seconds at Mon Jun 06 02:09:58 UTC 2022
2 ms. Memory: 55296K Free: 30761K (56%)
ptolemy.util.test.WatchDog.cancel(): canceling Mon Jun 06 02:09:58 UTC 2022
------------------ testing $PTII/ptolemy/domains/de/test/auto/Trilateration.xml
auto.tcl: Setting watchdog for 200 seconds at Mon Jun 06 02:09:58 UTC 2022
12458 ms. Memory: 456704K Free: 204757K (45%)
ptolemy.util.test.WatchDog.cancel(): canceling Mon Jun 06 02:10:11 UTC 2022
auto.tcl: Setting watchdog for 200 seconds at Mon Jun 06 02:10:11 UTC 2022
8909 ms. Memory: 456704K Free: 256085K (56%)
ptolemy.util.test.WatchDog.cancel(): canceling Mon Jun 06 02:10:20 UTC 2022
------------------ testing $PTII/ptolemy/domains/de/test/auto/TwoSigmaDelta.xml
auto.tcl: Setting watchdog for 200 seconds at Mon Jun 06 02:10:20 UTC 2022
2245 ms. Memory: 92160K Free: 21123K (23%)
ptolemy.util.test.WatchDog.cancel(): canceling Mon Jun 06 02:10:23 UTC 2022
auto.tcl: Setting watchdog for 200 seconds at Mon Jun 06 02:10:23 UTC 2022
1755 ms. Memory: 92160K Free: 22682K (25%)
ptolemy.util.test.WatchDog.cancel(): canceling Mon Jun 06 02:10:25 UTC 2022
------------------ testing $PTII/ptolemy/domains/de/test/auto/VariableDelay.xml
auto.tcl: Setting watchdog for 200 seconds at Mon Jun 06 02:10:25 UTC 2022
3 ms. Memory: 55296K Free: 35255K (64%)
ptolemy.util.test.WatchDog.cancel(): canceling Mon Jun 06 02:10:25 UTC 2022
auto.tcl: Setting watchdog for 200 seconds at Mon Jun 06 02:10:25 UTC 2022
2 ms. Memory: 55296K Free: 34247K (62%)
ptolemy.util.test.WatchDog.cancel(): canceling Mon Jun 06 02:10:25 UTC 2022
------------------ testing $PTII/ptolemy/domains/de/test/auto/VariableDelay2.xml
auto.tcl: Setting watchdog for 200 seconds at Mon Jun 06 02:10:25 UTC 2022
7 ms. Memory: 55296K Free: 35384K (64%)
ptolemy.util.test.WatchDog.cancel(): canceling Mon Jun 06 02:10:25 UTC 2022
auto.tcl: Setting watchdog for 200 seconds at Mon Jun 06 02:10:25 UTC 2022
2 ms. Memory: 55296K Free: 34699K (63%)
ptolemy.util.test.WatchDog.cancel(): canceling Mon Jun 06 02:10:25 UTC 2022
------------------ testing $PTII/ptolemy/domains/de/test/auto/VariableDelayZeroDelay.xml
auto.tcl: Setting watchdog for 200 seconds at Mon Jun 06 02:10:25 UTC 2022
2 ms. Memory: 55296K Free: 35721K (65%)
ptolemy.util.test.WatchDog.cancel(): canceling Mon Jun 06 02:10:25 UTC 2022
auto.tcl: Setting watchdog for 200 seconds at Mon Jun 06 02:10:25 UTC 2022
2 ms. Memory: 55296K Free: 35201K (64%)
ptolemy.util.test.WatchDog.cancel(): canceling Mon Jun 06 02:10:25 UTC 2022
------------------ testing $PTII/ptolemy/domains/de/test/auto/VariableDelayZeroDelay2.xml
auto.tcl: Setting watchdog for 200 seconds at Mon Jun 06 02:10:25 UTC 2022
2 ms. Memory: 55296K Free: 35720K (65%)
ptolemy.util.test.WatchDog.cancel(): canceling Mon Jun 06 02:10:25 UTC 2022
auto.tcl: Setting watchdog for 200 seconds at Mon Jun 06 02:10:25 UTC 2022
2 ms. Memory: 55296K Free: 34696K (63%)
ptolemy.util.test.WatchDog.cancel(): canceling Mon Jun 06 02:10:25 UTC 2022
------------------ testing $PTII/ptolemy/domains/de/test/auto/deInCt.xml
auto.tcl: Setting watchdog for 200 seconds at Mon Jun 06 02:10:25 UTC 2022
0
1
1
0
0
0
1
1
1
0
0
0
0
1
1
1
1
0
0
0
1
1
1
0
0
0
1
1
1
0
0
0
1
1
1
1
1
0
0
0
1
1
1
9 ms. Memory: 55296K Free: 34694K (63%)
ptolemy.util.test.WatchDog.cancel(): canceling Mon Jun 06 02:10:25 UTC 2022
auto.tcl: Setting watchdog for 200 seconds at Mon Jun 06 02:10:25 UTC 2022
0
1
1
1
0
0
0
1
1
1
0
0
0
1
1
1
0
0
0
1
1
1
0
0
0
1
1
0
0
0
1
1
1
1
0
0
0
1
1
1
0
0
0
1
1
1
0
0
0
1
1
0
0
0
0
11 ms. Memory: 55296K Free: 33156K (60%)
ptolemy.util.test.WatchDog.cancel(): canceling Mon Jun 06 02:10:25 UTC 2022
------------------ testing $PTII/ptolemy/domains/de/test/auto/deInCt2.xml
auto.tcl: Setting watchdog for 200 seconds at Mon Jun 06 02:10:25 UTC 2022
0
1
1
1
0
0
1
1
1
0
0
1
1
1
0
0
1
1
1
0
0
1
1
1
0
0
1
1
1
0
0
1
1
1
0
0
1
1
1
0
0
0
11 ms. Memory: 55296K Free: 34694K (63%)
ptolemy.util.test.WatchDog.cancel(): canceling Mon Jun 06 02:10:25 UTC 2022
auto.tcl: Setting watchdog for 200 seconds at Mon Jun 06 02:10:25 UTC 2022
0
1
1
1
0
0
1
1
1
0
0
1
1
1
0
0
1
1
1
0
0
1
1
1
0
0
1
1
1
0
0
1
1
1
0
0
1
1
1
0
0
0
4 ms. Memory: 55296K Free: 33156K (60%)
ptolemy.util.test.WatchDog.cancel(): canceling Mon Jun 06 02:10:25 UTC 2022
------------------ testing $PTII/ptolemy/domains/de/test/auto/dynamicCausalityInterface1.xml
auto.tcl: Setting watchdog for 200 seconds at Mon Jun 06 02:10:25 UTC 2022
1 ms. Memory: 55296K Free: 30592K (55%)
ptolemy.util.test.WatchDog.cancel(): canceling Mon Jun 06 02:10:25 UTC 2022
auto.tcl: Setting watchdog for 200 seconds at Mon Jun 06 02:10:25 UTC 2022
1 ms. Memory: 55296K Free: 30078K (54%)
ptolemy.util.test.WatchDog.cancel(): canceling Mon Jun 06 02:10:25 UTC 2022
------------------ testing $PTII/ptolemy/domains/de/test/auto/fsm_de_test.xml
auto.tcl: Setting watchdog for 200 seconds at Mon Jun 06 02:10:25 UTC 2022
5 ms. Memory: 55296K Free: 30491K (55%)
ptolemy.util.test.WatchDog.cancel(): canceling Mon Jun 06 02:10:25 UTC 2022
auto.tcl: Setting watchdog for 200 seconds at Mon Jun 06 02:10:25 UTC 2022
5 ms. Memory: 55296K Free: 28443K (51%)
ptolemy.util.test.WatchDog.cancel(): canceling Mon Jun 06 02:10:25 UTC 2022
------------------ testing $PTII/ptolemy/domains/de/test/auto/functionDependencyReconstruction.xml
auto.tcl: Setting watchdog for 200 seconds at Mon Jun 06 02:10:25 UTC 2022
3 ms. Memory: 55296K Free: 24336K (44%)
ptolemy.util.test.WatchDog.cancel(): canceling Mon Jun 06 02:10:25 UTC 2022
auto.tcl: Setting watchdog for 200 seconds at Mon Jun 06 02:10:25 UTC 2022
2 ms. Memory: 55296K Free: 22288K (40%)
ptolemy.util.test.WatchDog.cancel(): canceling Mon Jun 06 02:10:25 UTC 2022
------------------ testing $PTII/ptolemy/domains/de/test/auto/multirate.xml
auto.tcl: Setting watchdog for 200 seconds at Mon Jun 06 02:10:25 UTC 2022
7 ms. Memory: 55296K Free: 32906K (60%)
ptolemy.util.test.WatchDog.cancel(): canceling Mon Jun 06 02:10:25 UTC 2022
auto.tcl: Setting watchdog for 200 seconds at Mon Jun 06 02:10:25 UTC 2022
3 ms. Memory: 55296K Free: 31386K (57%)
ptolemy.util.test.WatchDog.cancel(): canceling Mon Jun 06 02:10:25 UTC 2022
------------------ testing $PTII/ptolemy/domains/de/test/auto/multirate2.xml
auto.tcl: Setting watchdog for 200 seconds at Mon Jun 06 02:10:25 UTC 2022
6 ms. Memory: 55296K Free: 33087K (60%)
ptolemy.util.test.WatchDog.cancel(): canceling Mon Jun 06 02:10:25 UTC 2022
auto.tcl: Setting watchdog for 200 seconds at Mon Jun 06 02:10:25 UTC 2022
3 ms. Memory: 55296K Free: 31567K (57%)
ptolemy.util.test.WatchDog.cancel(): canceling Mon Jun 06 02:10:25 UTC 2022
------------------ testing $PTII/ptolemy/domains/de/test/auto/realtime.xml
auto.tcl: Setting watchdog for 200 seconds at Mon Jun 06 02:10:25 UTC 2022
10002 ms. Memory: 55296K Free: 35177K (64%)
ptolemy.util.test.WatchDog.cancel(): canceling Mon Jun 06 02:10:35 UTC 2022
auto.tcl: Setting watchdog for 200 seconds at Mon Jun 06 02:10:35 UTC 2022
10002 ms. Memory: 55296K Free: 34153K (62%)
ptolemy.util.test.WatchDog.cancel(): canceling Mon Jun 06 02:10:45 UTC 2022
------------------ testing $PTII/ptolemy/domains/de/test/auto/relationGroup.xml
auto.tcl: Setting watchdog for 200 seconds at Mon Jun 06 02:10:45 UTC 2022
9 ms. Memory: 55296K Free: 36432K (66%)
ptolemy.util.test.WatchDog.cancel(): canceling Mon Jun 06 02:10:45 UTC 2022
auto.tcl: Setting watchdog for 200 seconds at Mon Jun 06 02:10:45 UTC 2022
2 ms. Memory: 55296K Free: 35920K (65%)
ptolemy.util.test.WatchDog.cancel(): canceling Mon Jun 06 02:10:45 UTC 2022
------------------ testing $PTII/ptolemy/domains/de/test/auto/relationGroup2.xml
auto.tcl: Setting watchdog for 200 seconds at Mon Jun 06 02:10:45 UTC 2022
1 ms. Memory: 55296K Free: 36253K (66%)
ptolemy.util.test.WatchDog.cancel(): canceling Mon Jun 06 02:10:45 UTC 2022
auto.tcl: Setting watchdog for 200 seconds at Mon Jun 06 02:10:45 UTC 2022
1 ms. Memory: 55296K Free: 35743K (65%)
ptolemy.util.test.WatchDog.cancel(): canceling Mon Jun 06 02:10:45 UTC 2022
------------------ testing $PTII/ptolemy/domains/de/test/auto/sortWithOpaquePorts.xml
auto.tcl: Setting watchdog for 200 seconds at Mon Jun 06 02:10:46 UTC 2022
1 ms. Memory: 55296K Free: 35744K (65%)
ptolemy.util.test.WatchDog.cancel(): canceling Mon Jun 06 02:10:46 UTC 2022
auto.tcl: Setting watchdog for 200 seconds at Mon Jun 06 02:10:46 UTC 2022
2 ms. Memory: 55296K Free: 34206K (62%)
ptolemy.util.test.WatchDog.cancel(): canceling Mon Jun 06 02:10:46 UTC 2022
------------------ testing $PTII/ptolemy/domains/de/test/auto/transferInputsandOutputs.xml
auto.tcl: Setting watchdog for 200 seconds at Mon Jun 06 02:10:46 UTC 2022
2 ms. Memory: 55296K Free: 32659K (59%)
ptolemy.util.test.WatchDog.cancel(): canceling Mon Jun 06 02:10:46 UTC 2022
auto.tcl: Setting watchdog for 200 seconds at Mon Jun 06 02:10:46 UTC 2022
2 ms. Memory: 55296K Free: 31635K (57%)
ptolemy.util.test.WatchDog.cancel(): canceling Mon Jun 06 02:10:46 UTC 2022
------------------ testing $PTII/ptolemy/domains/de/test/auto/triggerType.xml
auto.tcl: Setting watchdog for 200 seconds at Mon Jun 06 02:10:46 UTC 2022
2 ms. Memory: 55296K Free: 35684K (65%)
ptolemy.util.test.WatchDog.cancel(): canceling Mon Jun 06 02:10:46 UTC 2022
auto.tcl: Setting watchdog for 200 seconds at Mon Jun 06 02:10:46 UTC 2022
1 ms. Memory: 55296K Free: 34660K (63%)
ptolemy.util.test.WatchDog.cancel(): canceling Mon Jun 06 02:10:46 UTC 2022
06/06/22 02:10:46
Failed: 0  Total Tests: 192  ((Passed: 187, Newly Passed: 1)  Known Failed: 5) /home/travis/build/icyphy/ptII/ptolemy/domains/de/test
06/06/22 02:10:46
Failed: 0  Total Tests: 192  ((Passed: 187, Newly Passed: 1)  Known Failed: 5) /home/travis/build/icyphy/ptII/ptolemy/domains/de/test
----------------- testing (KnownFailure) /home/travis/build/icyphy/ptII/ptolemy/domains/de/test/auto/knownFailedTests/DESDFClockTest.xml
2011 ms. Memory: 55296K Free: 28569K (52%)
Known Failure: java.lang.reflect.InvocationTargetException
----------------- testing (KnownFailure) /home/travis/build/icyphy/ptII/ptolemy/domains/de/test/auto/knownFailedTests/DirectFeedback.xml
2 ms. Memory: 55296K Free: 24983K (45%)
Known Failure: java.lang.reflect.InvocationTargetException
----------------- testing (KnownFailure) /home/travis/build/icyphy/ptII/ptolemy/domains/de/test/auto/knownFailedTests/FSMSource.xml
7 ms. Memory: 55296K Free: 16791K (30%)
----------------- testing (KnownFailure) /home/travis/build/icyphy/ptII/ptolemy/domains/de/test/auto/knownFailedTests/HierarchicalModel.xml
3 ms. Memory: 55296K Free: 32184K (58%)
Known Failure: java.lang.reflect.InvocationTargetException
----------------- testing (KnownFailure) /home/travis/build/icyphy/ptII/ptolemy/domains/de/test/auto/knownFailedTests/dependencyLoop.xml
3 ms. Memory: 55296K Free: 17146K (31%)
Known Failure: java.lang.reflect.InvocationTargetException
----------------- testing (KnownFailure) /home/travis/build/icyphy/ptII/ptolemy/domains/de/test/auto/knownFailedTests/dependencyLoop2.xml
3 ms. Memory: 55296K Free: 32851K (59%)
Known Failure: java.lang.reflect.InvocationTargetException
No auto/linux-amd64/*.xml tests in /home/travis/build/icyphy/ptII/ptolemy/domains/de/test
AutoTests.java: About to close Vertx.
AutoTests.java: Vertx closed.

===========================================================================================
----------------- testing Mon Jun 06 02:10:48 UTC 2022 /home/travis/build/icyphy/ptII/ptolemy/domains/de/test/auto/ActorDepthCalculation_actorWithoutPorts.xml
----------------- Instantiating /home/travis/build/icyphy/ptII/ptolemy/domains/de/test/auto/ActorDepthCalculation_actorWithoutPorts.xml
1 ms. Memory: 55296K Free: 26067K (47%)
----------------- Invoking toplevel() on ptolemy.moml.MoMLSimpleApplication@3eb3abac
----------------- Done invoking toplevel() on ptolemy.moml.MoMLSimpleApplication@3eb3abac
reloadAllAccessors: .ActorDepthCalculation_actorWithoutPorts

===========================================================================================
----------------- testing Mon Jun 06 02:10:48 UTC 2022 /home/travis/build/icyphy/ptII/ptolemy/domains/de/test/auto/AssemblyLine.xml
----------------- Instantiating /home/travis/build/icyphy/ptII/ptolemy/domains/de/test/auto/AssemblyLine.xml
3 ms. Memory: 55296K Free: 18893K (34%)
----------------- Invoking toplevel() on ptolemy.moml.MoMLSimpleApplication@37d5dbe0
----------------- Done invoking toplevel() on ptolemy.moml.MoMLSimpleApplication@37d5dbe0
reloadAllAccessors: .AssemblyLine

===========================================================================================
----------------- testing Mon Jun 06 02:10:48 UTC 2022 /home/travis/build/icyphy/ptII/ptolemy/domains/de/test/auto/CQBug1.xml
----------------- Instantiating /home/travis/build/icyphy/ptII/ptolemy/domains/de/test/auto/CQBug1.xml
1 ms. Memory: 55296K Free: 15821K (29%)
----------------- Invoking toplevel() on ptolemy.moml.MoMLSimpleApplication@cfe7085
----------------- Done invoking toplevel() on ptolemy.moml.MoMLSimpleApplication@cfe7085
reloadAllAccessors: .CQBug1

===========================================================================================
----------------- testing Mon Jun 06 02:10:48 UTC 2022 /home/travis/build/icyphy/ptII/ptolemy/domains/de/test/auto/CancelFireAt.xml
----------------- Instantiating /home/travis/build/icyphy/ptII/ptolemy/domains/de/test/auto/CancelFireAt.xml
2 ms. Memory: 55296K Free: 13110K (24%)
----------------- Invoking toplevel() on ptolemy.moml.MoMLSimpleApplication@3ab434c8
----------------- Done invoking toplevel() on ptolemy.moml.MoMLSimpleApplication@3ab434c8
reloadAllAccessors: .CancelFireAt

===========================================================================================
----------------- testing Mon Jun 06 02:10:48 UTC 2022 /home/travis/build/icyphy/ptII/ptolemy/domains/de/test/auto/CausalityAndComposabilityAnalysis.xml
----------------- Instantiating /home/travis/build/icyphy/ptII/ptolemy/domains/de/test/auto/CausalityAndComposabilityAnalysis.xml
2 ms. Memory: 55296K Free: 8960K (16%)
----------------- Invoking toplevel() on ptolemy.moml.MoMLSimpleApplication@73c179e8
----------------- Done invoking toplevel() on ptolemy.moml.MoMLSimpleApplication@73c179e8
reloadAllAccessors: .CausalityAndComposabilityAnalysis

===========================================================================================
----------------- testing Mon Jun 06 02:10:48 UTC 2022 /home/travis/build/icyphy/ptII/ptolemy/domains/de/test/auto/CausalityInterface1.xml
----------------- Instantiating /home/travis/build/icyphy/ptII/ptolemy/domains/de/test/auto/CausalityInterface1.xml
5 ms. Memory: 55296K Free: 35171K (64%)
----------------- Invoking toplevel() on ptolemy.moml.MoMLSimpleApplication@595e1fab
----------------- Done invoking toplevel() on ptolemy.moml.MoMLSimpleApplication@595e1fab
reloadAllAccessors: .CausalityInterface1

===========================================================================================
----------------- testing Mon Jun 06 02:10:48 UTC 2022 /home/travis/build/icyphy/ptII/ptolemy/domains/de/test/auto/CausalityInterface15.xml
----------------- Instantiating /home/travis/build/icyphy/ptII/ptolemy/domains/de/test/auto/CausalityInterface15.xml
1 ms. Memory: 55296K Free: 29697K (54%)
----------------- Invoking toplevel() on ptolemy.moml.MoMLSimpleApplication@2ca1ecd8
----------------- Done invoking toplevel() on ptolemy.moml.MoMLSimpleApplication@2ca1ecd8
reloadAllAccessors: .CausalityInterface15

===========================================================================================
----------------- testing Mon Jun 06 02:10:48 UTC 2022 /home/travis/build/icyphy/ptII/ptolemy/domains/de/test/auto/CausalityInterface2.xml
----------------- Instantiating /home/travis/build/icyphy/ptII/ptolemy/domains/de/test/auto/CausalityInterface2.xml
1 ms. Memory: 55296K Free: 25240K (46%)
----------------- Invoking toplevel() on ptolemy.moml.MoMLSimpleApplication@7d575b36
----------------- Done invoking toplevel() on ptolemy.moml.MoMLSimpleApplication@7d575b36
reloadAllAccessors: .CausalityInterface2

===========================================================================================
----------------- testing Mon Jun 06 02:10:48 UTC 2022 /home/travis/build/icyphy/ptII/ptolemy/domains/de/test/auto/CausalityInterface3.xml
----------------- Instantiating /home/travis/build/icyphy/ptII/ptolemy/domains/de/test/auto/CausalityInterface3.xml
2 ms. Memory: 55296K Free: 20482K (37%)
----------------- Invoking toplevel() on ptolemy.moml.MoMLSimpleApplication@7ffe4207
----------------- Done invoking toplevel() on ptolemy.moml.MoMLSimpleApplication@7ffe4207
reloadAllAccessors: .CausalityInterface3

===========================================================================================
----------------- testing Mon Jun 06 02:10:48 UTC 2022 /home/travis/build/icyphy/ptII/ptolemy/domains/de/test/auto/ClockDrift.xml
----------------- Instantiating /home/travis/build/icyphy/ptII/ptolemy/domains/de/test/auto/ClockDrift.xml
16 ms. Memory: 55296K Free: 38902K (70%)
----------------- Invoking toplevel() on ptolemy.moml.MoMLSimpleApplication@53985bcf
----------------- Done invoking toplevel() on ptolemy.moml.MoMLSimpleApplication@53985bcf
reloadAllAccessors: .ClockDrift

===========================================================================================
----------------- testing Mon Jun 06 02:10:48 UTC 2022 /home/travis/build/icyphy/ptII/ptolemy/domains/de/test/auto/ClockDriftAndValueChange.xml
----------------- Instantiating /home/travis/build/icyphy/ptII/ptolemy/domains/de/test/auto/ClockDriftAndValueChange.xml
9 ms. Memory: 55296K Free: 26941K (49%)
----------------- Invoking toplevel() on ptolemy.moml.MoMLSimpleApplication@5a424dc1
----------------- Done invoking toplevel() on ptolemy.moml.MoMLSimpleApplication@5a424dc1
reloadAllAccessors: .ClockDriftAndValueChange

===========================================================================================
----------------- testing Mon Jun 06 02:10:48 UTC 2022 /home/travis/build/icyphy/ptII/ptolemy/domains/de/test/auto/ClockDriftChange.xml
----------------- Instantiating /home/travis/build/icyphy/ptII/ptolemy/domains/de/test/auto/ClockDriftChange.xml
9 ms. Memory: 55296K Free: 17111K (31%)
----------------- Invoking toplevel() on ptolemy.moml.MoMLSimpleApplication@7db2f798
----------------- Done invoking toplevel() on ptolemy.moml.MoMLSimpleApplication@7db2f798
reloadAllAccessors: .ClockDriftChange

===========================================================================================
----------------- testing Mon Jun 06 02:10:48 UTC 2022 /home/travis/build/icyphy/ptII/ptolemy/domains/de/test/auto/ComposableCausalityAnalysis.xml
----------------- Instantiating /home/travis/build/icyphy/ptII/ptolemy/domains/de/test/auto/ComposableCausalityAnalysis.xml
0 ms. Memory: 55296K Free: 11266K (20%)
----------------- Invoking toplevel() on ptolemy.moml.MoMLSimpleApplication@97f77f1
----------------- Done invoking toplevel() on ptolemy.moml.MoMLSimpleApplication@97f77f1
reloadAllAccessors: .ComposableCausalityAnalysis

===========================================================================================
----------------- testing Mon Jun 06 02:10:48 UTC 2022 /home/travis/build/icyphy/ptII/ptolemy/domains/de/test/auto/DEFixedPointLimitation.xml
----------------- Instantiating /home/travis/build/icyphy/ptII/ptolemy/domains/de/test/auto/DEFixedPointLimitation.xml
1 ms. Memory: 55296K Free: 37413K (68%)
----------------- Invoking toplevel() on ptolemy.moml.MoMLSimpleApplication@1228189c
----------------- Done invoking toplevel() on ptolemy.moml.MoMLSimpleApplication@1228189c
reloadAllAccessors: .DEFixedPointLimitation

===========================================================================================
----------------- testing Mon Jun 06 02:10:48 UTC 2022 /home/travis/build/icyphy/ptII/ptolemy/domains/de/test/auto/DEScheduleTest.xml
----------------- Instantiating /home/travis/build/icyphy/ptII/ptolemy/domains/de/test/auto/DEScheduleTest.xml
3 ms. Memory: 55296K Free: 33004K (60%)
----------------- Invoking toplevel() on ptolemy.moml.MoMLSimpleApplication@614f8e4c
----------------- Done invoking toplevel() on ptolemy.moml.MoMLSimpleApplication@614f8e4c
reloadAllAccessors: .DEScheduleTest

===========================================================================================
----------------- testing Mon Jun 06 02:10:48 UTC 2022 /home/travis/build/icyphy/ptII/ptolemy/domains/de/test/auto/DEinDEwithStartTimes.xml
----------------- Instantiating /home/travis/build/icyphy/ptII/ptolemy/domains/de/test/auto/DEinDEwithStartTimes.xml
1 ms. Memory: 55296K Free: 26874K (49%)
----------------- Invoking toplevel() on ptolemy.moml.MoMLSimpleApplication@24224047
----------------- Done invoking toplevel() on ptolemy.moml.MoMLSimpleApplication@24224047
reloadAllAccessors: .DEinDEwithStartTimes

===========================================================================================
----------------- testing Mon Jun 06 02:10:48 UTC 2022 /home/travis/build/icyphy/ptII/ptolemy/domains/de/test/auto/DEinDEwithStartTimes2.xml
----------------- Instantiating /home/travis/build/icyphy/ptII/ptolemy/domains/de/test/auto/DEinDEwithStartTimes2.xml
2 ms. Memory: 55296K Free: 20387K (37%)
----------------- Invoking toplevel() on ptolemy.moml.MoMLSimpleApplication@181a41b2
----------------- Done invoking toplevel() on ptolemy.moml.MoMLSimpleApplication@181a41b2
reloadAllAccessors: .DEinDEwithStartTimes2

===========================================================================================
----------------- testing Mon Jun 06 02:10:48 UTC 2022 /home/travis/build/icyphy/ptII/ptolemy/domains/de/test/auto/DateDemo.xml
----------------- Instantiating /home/travis/build/icyphy/ptII/ptolemy/domains/de/test/auto/DateDemo.xml
9 ms. Memory: 55296K Free: 38714K (70%)
----------------- Invoking toplevel() on ptolemy.moml.MoMLSimpleApplication@7db05bce
----------------- Done invoking toplevel() on ptolemy.moml.MoMLSimpleApplication@7db05bce
reloadAllAccessors: .DateDemo

===========================================================================================
----------------- testing Mon Jun 06 02:10:48 UTC 2022 /home/travis/build/icyphy/ptII/ptolemy/domains/de/test/auto/DateToEvent.xml
----------------- Instantiating /home/travis/build/icyphy/ptII/ptolemy/domains/de/test/auto/DateToEvent.xml
2004 ms. Memory: 55296K Free: 22855K (41%)
----------------- Invoking toplevel() on ptolemy.moml.MoMLSimpleApplication@3c548fd6
----------------- Done invoking toplevel() on ptolemy.moml.MoMLSimpleApplication@3c548fd6
reloadAllAccessors: .DateToEvent

===========================================================================================
----------------- testing Mon Jun 06 02:10:50 UTC 2022 /home/travis/build/icyphy/ptII/ptolemy/domains/de/test/auto/DepthTest1.xml
----------------- Instantiating /home/travis/build/icyphy/ptII/ptolemy/domains/de/test/auto/DepthTest1.xml
1 ms. Memory: 55296K Free: 20109K (36%)
----------------- Invoking toplevel() on ptolemy.moml.MoMLSimpleApplication@db43ff
----------------- Done invoking toplevel() on ptolemy.moml.MoMLSimpleApplication@db43ff
reloadAllAccessors: .DepthTest1

===========================================================================================
----------------- testing Mon Jun 06 02:10:50 UTC 2022 /home/travis/build/icyphy/ptII/ptolemy/domains/de/test/auto/DepthTest2.xml
----------------- Instantiating /home/travis/build/icyphy/ptII/ptolemy/domains/de/test/auto/DepthTest2.xml
1 ms. Memory: 55296K Free: 13439K (24%)
----------------- Invoking toplevel() on ptolemy.moml.MoMLSimpleApplication@16e94dbd
----------------- Done invoking toplevel() on ptolemy.moml.MoMLSimpleApplication@16e94dbd
reloadAllAccessors: .DepthTest2

===========================================================================================
----------------- testing Mon Jun 06 02:10:50 UTC 2022 /home/travis/build/icyphy/ptII/ptolemy/domains/de/test/auto/DepthTest3.xml
----------------- Instantiating /home/travis/build/icyphy/ptII/ptolemy/domains/de/test/auto/DepthTest3.xml
1 ms. Memory: 55296K Free: 10567K (19%)
----------------- Invoking toplevel() on ptolemy.moml.MoMLSimpleApplication@7fc55166
----------------- Done invoking toplevel() on ptolemy.moml.MoMLSimpleApplication@7fc55166
reloadAllAccessors: .DepthTest3

===========================================================================================
----------------- testing Mon Jun 06 02:10:50 UTC 2022 /home/travis/build/icyphy/ptII/ptolemy/domains/de/test/auto/DepthTest4.xml
----------------- Instantiating /home/travis/build/icyphy/ptII/ptolemy/domains/de/test/auto/DepthTest4.xml
2 ms. Memory: 55296K Free: 35590K (64%)
----------------- Invoking toplevel() on ptolemy.moml.MoMLSimpleApplication@1bb697
----------------- Done invoking toplevel() on ptolemy.moml.MoMLSimpleApplication@1bb697
reloadAllAccessors: .DepthTest4

===========================================================================================
----------------- testing Mon Jun 06 02:10:50 UTC 2022 /home/travis/build/icyphy/ptII/ptolemy/domains/de/test/auto/DepthTest5.xml
----------------- Instantiating /home/travis/build/icyphy/ptII/ptolemy/domains/de/test/auto/DepthTest5.xml
1 ms. Memory: 55296K Free: 30445K (55%)
----------------- Invoking toplevel() on ptolemy.moml.MoMLSimpleApplication@c57b9d1
----------------- Done invoking toplevel() on ptolemy.moml.MoMLSimpleApplication@c57b9d1
reloadAllAccessors: .DepthTest5

===========================================================================================
----------------- testing Mon Jun 06 02:10:50 UTC 2022 /home/travis/build/icyphy/ptII/ptolemy/domains/de/test/auto/DepthTest6.xml
----------------- Instantiating /home/travis/build/icyphy/ptII/ptolemy/domains/de/test/auto/DepthTest6.xml
1 ms. Memory: 55296K Free: 24976K (45%)
----------------- Invoking toplevel() on ptolemy.moml.MoMLSimpleApplication@3aba0097
----------------- Done invoking toplevel() on ptolemy.moml.MoMLSimpleApplication@3aba0097
reloadAllAccessors: .DepthTest6

===========================================================================================
----------------- testing Mon Jun 06 02:10:50 UTC 2022 /home/travis/build/icyphy/ptII/ptolemy/domains/de/test/auto/DepthTest7.xml
----------------- Instantiating /home/travis/build/icyphy/ptII/ptolemy/domains/de/test/auto/DepthTest7.xml
2 ms. Memory: 55296K Free: 20244K (37%)
----------------- Invoking toplevel() on ptolemy.moml.MoMLSimpleApplication@3ae52b81
----------------- Done invoking toplevel() on ptolemy.moml.MoMLSimpleApplication@3ae52b81
reloadAllAccessors: .DepthTest7

===========================================================================================
----------------- testing Mon Jun 06 02:10:50 UTC 2022 /home/travis/build/icyphy/ptII/ptolemy/domains/de/test/auto/EventToDate.xml
----------------- Instantiating /home/travis/build/icyphy/ptII/ptolemy/domains/de/test/auto/EventToDate.xml
3011 ms. Memory: 55296K Free: 36147K (65%)
----------------- Invoking toplevel() on ptolemy.moml.MoMLSimpleApplication@74f819fe
----------------- Done invoking toplevel() on ptolemy.moml.MoMLSimpleApplication@74f819fe
reloadAllAccessors: .EventToDate

===========================================================================================
----------------- testing Mon Jun 06 02:10:53 UTC 2022 /home/travis/build/icyphy/ptII/ptolemy/domains/de/test/auto/FSM1.xml
----------------- Instantiating /home/travis/build/icyphy/ptII/ptolemy/domains/de/test/auto/FSM1.xml
13 ms. Memory: 55296K Free: 24256K (44%)
----------------- Invoking toplevel() on ptolemy.moml.MoMLSimpleApplication@763ed618
----------------- Done invoking toplevel() on ptolemy.moml.MoMLSimpleApplication@763ed618
reloadAllAccessors: .FSM1

===========================================================================================
----------------- testing Mon Jun 06 02:10:54 UTC 2022 /home/travis/build/icyphy/ptII/ptolemy/domains/de/test/auto/FSM7.xml
----------------- Instantiating /home/travis/build/icyphy/ptII/ptolemy/domains/de/test/auto/FSM7.xml
21 ms. Memory: 55296K Free: 11954K (22%)
----------------- Invoking toplevel() on ptolemy.moml.MoMLSimpleApplication@4786d78
----------------- Done invoking toplevel() on ptolemy.moml.MoMLSimpleApplication@4786d78
reloadAllAccessors: .FSM7

===========================================================================================
----------------- testing Mon Jun 06 02:10:54 UTC 2022 /home/travis/build/icyphy/ptII/ptolemy/domains/de/test/auto/Inspection.xml
----------------- Instantiating /home/travis/build/icyphy/ptII/ptolemy/domains/de/test/auto/Inspection.xml
12 ms. Memory: 55296K Free: 29531K (53%)
----------------- Invoking toplevel() on ptolemy.moml.MoMLSimpleApplication@573dbf6f
----------------- Done invoking toplevel() on ptolemy.moml.MoMLSimpleApplication@573dbf6f
reloadAllAccessors: .Inspection

===========================================================================================
----------------- testing Mon Jun 06 02:10:54 UTC 2022 /home/travis/build/icyphy/ptII/ptolemy/domains/de/test/auto/Iteration.xml
----------------- Instantiating /home/travis/build/icyphy/ptII/ptolemy/domains/de/test/auto/Iteration.xml
9 ms. Memory: 55296K Free: 22761K (41%)
----------------- Invoking toplevel() on ptolemy.moml.MoMLSimpleApplication@1cb0e74d
----------------- Done invoking toplevel() on ptolemy.moml.MoMLSimpleApplication@1cb0e74d
reloadAllAccessors: .Iteration

===========================================================================================
----------------- testing Mon Jun 06 02:10:54 UTC 2022 /home/travis/build/icyphy/ptII/ptolemy/domains/de/test/auto/LineFault.xml
----------------- Instantiating /home/travis/build/icyphy/ptII/ptolemy/domains/de/test/auto/LineFault.xml
443 ms. Memory: 55296K Free: 27170K (49%)
----------------- Invoking toplevel() on ptolemy.moml.MoMLSimpleApplication@7f1b5543
----------------- Done invoking toplevel() on ptolemy.moml.MoMLSimpleApplication@7f1b5543
reloadAllAccessors: .LineFault

===========================================================================================
----------------- testing Mon Jun 06 02:10:54 UTC 2022 /home/travis/build/icyphy/ptII/ptolemy/domains/de/test/auto/MergeModel1Add.xml
----------------- Instantiating /home/travis/build/icyphy/ptII/ptolemy/domains/de/test/auto/MergeModel1Add.xml
12 ms. Memory: 55296K Free: 37694K (68%)
----------------- Invoking toplevel() on ptolemy.moml.MoMLSimpleApplication@3628533e
----------------- Done invoking toplevel() on ptolemy.moml.MoMLSimpleApplication@3628533e
reloadAllAccessors: .MergeModel1Add

===========================================================================================
----------------- testing Mon Jun 06 02:10:54 UTC 2022 /home/travis/build/icyphy/ptII/ptolemy/domains/de/test/auto/MergeModel2Add.xml
----------------- Instantiating /home/travis/build/icyphy/ptII/ptolemy/domains/de/test/auto/MergeModel2Add.xml
6 ms. Memory: 55296K Free: 19977K (36%)
----------------- Invoking toplevel() on ptolemy.moml.MoMLSimpleApplication@522d139e
----------------- Done invoking toplevel() on ptolemy.moml.MoMLSimpleApplication@522d139e
reloadAllAccessors: .MergeModel2Add

===========================================================================================
----------------- testing Mon Jun 06 02:10:54 UTC 2022 /home/travis/build/icyphy/ptII/ptolemy/domains/de/test/auto/MergeModel3Add.xml
----------------- Instantiating /home/travis/build/icyphy/ptII/ptolemy/domains/de/test/auto/MergeModel3Add.xml
5 ms. Memory: 55296K Free: 29951K (54%)
----------------- Invoking toplevel() on ptolemy.moml.MoMLSimpleApplication@6f8021ea
----------------- Done invoking toplevel() on ptolemy.moml.MoMLSimpleApplication@6f8021ea
reloadAllAccessors: .MergeModel3Add

===========================================================================================
----------------- testing Mon Jun 06 02:10:54 UTC 2022 /home/travis/build/icyphy/ptII/ptolemy/domains/de/test/auto/MergeWithoutDiscard.xml
----------------- Instantiating /home/travis/build/icyphy/ptII/ptolemy/domains/de/test/auto/MergeWithoutDiscard.xml
1 ms. Memory: 55296K Free: 25754K (47%)
----------------- Invoking toplevel() on ptolemy.moml.MoMLSimpleApplication@2527e985
----------------- Done invoking toplevel() on ptolemy.moml.MoMLSimpleApplication@2527e985
reloadAllAccessors: .MergeWithoutDiscard

===========================================================================================
----------------- testing Mon Jun 06 02:10:54 UTC 2022 /home/travis/build/icyphy/ptII/ptolemy/domains/de/test/auto/Modal1.xml
----------------- Instantiating /home/travis/build/icyphy/ptII/ptolemy/domains/de/test/auto/Modal1.xml
8 ms. Memory: 55296K Free: 13538K (24%)
----------------- Invoking toplevel() on ptolemy.moml.MoMLSimpleApplication@6db1d124
----------------- Done invoking toplevel() on ptolemy.moml.MoMLSimpleApplication@6db1d124
reloadAllAccessors: .Modal1

===========================================================================================
----------------- testing Mon Jun 06 02:10:54 UTC 2022 /home/travis/build/icyphy/ptII/ptolemy/domains/de/test/auto/Modal2.xml
----------------- Instantiating /home/travis/build/icyphy/ptII/ptolemy/domains/de/test/auto/Modal2.xml
10 ms. Memory: 55296K Free: 29381K (53%)
----------------- Invoking toplevel() on ptolemy.moml.MoMLSimpleApplication@412dd1a0
----------------- Done invoking toplevel() on ptolemy.moml.MoMLSimpleApplication@412dd1a0
reloadAllAccessors: .Modal2

===========================================================================================
----------------- testing Mon Jun 06 02:10:54 UTC 2022 /home/travis/build/icyphy/ptII/ptolemy/domains/de/test/auto/Modal3.xml
----------------- Instantiating /home/travis/build/icyphy/ptII/ptolemy/domains/de/test/auto/Modal3.xml
7 ms. Memory: 55296K Free: 17077K (31%)
----------------- Invoking toplevel() on ptolemy.moml.MoMLSimpleApplication@e18f5a3
----------------- Done invoking toplevel() on ptolemy.moml.MoMLSimpleApplication@e18f5a3
reloadAllAccessors: .Modal3

===========================================================================================
----------------- testing Mon Jun 06 02:10:54 UTC 2022 /home/travis/build/icyphy/ptII/ptolemy/domains/de/test/auto/Modal4.xml
----------------- Instantiating /home/travis/build/icyphy/ptII/ptolemy/domains/de/test/auto/Modal4.xml
10 ms. Memory: 55296K Free: 31707K (57%)
----------------- Invoking toplevel() on ptolemy.moml.MoMLSimpleApplication@79d000a8
----------------- Done invoking toplevel() on ptolemy.moml.MoMLSimpleApplication@79d000a8
reloadAllAccessors: .Modal4

===========================================================================================
----------------- testing Mon Jun 06 02:10:54 UTC 2022 /home/travis/build/icyphy/ptII/ptolemy/domains/de/test/auto/Modal5.xml
----------------- Instantiating /home/travis/build/icyphy/ptII/ptolemy/domains/de/test/auto/Modal5.xml
8 ms. Memory: 55296K Free: 18772K (34%)
----------------- Invoking toplevel() on ptolemy.moml.MoMLSimpleApplication@1b0c139a
----------------- Done invoking toplevel() on ptolemy.moml.MoMLSimpleApplication@1b0c139a
reloadAllAccessors: .Modal5

===========================================================================================
----------------- testing Mon Jun 06 02:10:54 UTC 2022 /home/travis/build/icyphy/ptII/ptolemy/domains/de/test/auto/Modal6.xml
----------------- Instantiating /home/travis/build/icyphy/ptII/ptolemy/domains/de/test/auto/Modal6.xml
10 ms. Memory: 55296K Free: 34162K (62%)
----------------- Invoking toplevel() on ptolemy.moml.MoMLSimpleApplication@5ae90910
----------------- Done invoking toplevel() on ptolemy.moml.MoMLSimpleApplication@5ae90910
reloadAllAccessors: .Modal6

===========================================================================================
----------------- testing Mon Jun 06 02:10:55 UTC 2022 /home/travis/build/icyphy/ptII/ptolemy/domains/de/test/auto/Modal7.xml
----------------- Instantiating /home/travis/build/icyphy/ptII/ptolemy/domains/de/test/auto/Modal7.xml
6 ms. Memory: 55296K Free: 20866K (38%)
----------------- Invoking toplevel() on ptolemy.moml.MoMLSimpleApplication@794827be
----------------- Done invoking toplevel() on ptolemy.moml.MoMLSimpleApplication@794827be
reloadAllAccessors: .Modal7

===========================================================================================
----------------- testing Mon Jun 06 02:10:55 UTC 2022 /home/travis/build/icyphy/ptII/ptolemy/domains/de/test/auto/ModalModel.xml
----------------- Instantiating /home/travis/build/icyphy/ptII/ptolemy/domains/de/test/auto/ModalModel.xml
125 ms. Memory: 55296K Free: 35807K (65%)
----------------- Invoking toplevel() on ptolemy.moml.MoMLSimpleApplication@7172380e
----------------- Done invoking toplevel() on ptolemy.moml.MoMLSimpleApplication@7172380e
reloadAllAccessors: .ModalModel

===========================================================================================
----------------- testing Mon Jun 06 02:10:55 UTC 2022 /home/travis/build/icyphy/ptII/ptolemy/domains/de/test/auto/ModalSource.xml
----------------- Instantiating /home/travis/build/icyphy/ptII/ptolemy/domains/de/test/auto/ModalSource.xml
4 ms. Memory: 55296K Free: 27160K (49%)
----------------- Invoking toplevel() on ptolemy.moml.MoMLSimpleApplication@5b3504f4
----------------- Done invoking toplevel() on ptolemy.moml.MoMLSimpleApplication@5b3504f4
reloadAllAccessors: .ModalSource

===========================================================================================
----------------- testing Mon Jun 06 02:10:55 UTC 2022 /home/travis/build/icyphy/ptII/ptolemy/domains/de/test/auto/NonInterruptibleTimerZeroDelay.xml
----------------- Instantiating /home/travis/build/icyphy/ptII/ptolemy/domains/de/test/auto/NonInterruptibleTimerZeroDelay.xml
2 ms. Memory: 55296K Free: 23461K (42%)
----------------- Invoking toplevel() on ptolemy.moml.MoMLSimpleApplication@71bbab4e
----------------- Done invoking toplevel() on ptolemy.moml.MoMLSimpleApplication@71bbab4e
reloadAllAccessors: .NonInterruptibleTimerZeroDelay

===========================================================================================
----------------- testing Mon Jun 06 02:10:55 UTC 2022 /home/travis/build/icyphy/ptII/ptolemy/domains/de/test/auto/OpenQueueingNetwork.xml
----------------- Instantiating /home/travis/build/icyphy/ptII/ptolemy/domains/de/test/auto/OpenQueueingNetwork.xml
2194 ms. Memory: 163840K Free: 98658K (60%)
----------------- Invoking toplevel() on ptolemy.moml.MoMLSimpleApplication@2ca1f343
----------------- Done invoking toplevel() on ptolemy.moml.MoMLSimpleApplication@2ca1f343
reloadAllAccessors: .OpenQueueingNetwork

===========================================================================================
----------------- testing Mon Jun 06 02:10:57 UTC 2022 /home/travis/build/icyphy/ptII/ptolemy/domains/de/test/auto/OpenQueuingNetwork.xml
----------------- Instantiating /home/travis/build/icyphy/ptII/ptolemy/domains/de/test/auto/OpenQueuingNetwork.xml
231 ms. Memory: 163840K Free: 102809K (63%)
----------------- Invoking toplevel() on ptolemy.moml.MoMLSimpleApplication@3bca8498
----------------- Done invoking toplevel() on ptolemy.moml.MoMLSimpleApplication@3bca8498
reloadAllAccessors: .OpenQueuingNetwork

===========================================================================================
----------------- testing Mon Jun 06 02:10:57 UTC 2022 /home/travis/build/icyphy/ptII/ptolemy/domains/de/test/auto/PeriodicSampler.xml
----------------- Instantiating /home/travis/build/icyphy/ptII/ptolemy/domains/de/test/auto/PeriodicSampler.xml
2 ms. Memory: 163840K Free: 98535K (60%)
----------------- Invoking toplevel() on ptolemy.moml.MoMLSimpleApplication@31fbf537
----------------- Done invoking toplevel() on ptolemy.moml.MoMLSimpleApplication@31fbf537
reloadAllAccessors: .PeriodicSampler

===========================================================================================
----------------- testing Mon Jun 06 02:10:57 UTC 2022 /home/travis/build/icyphy/ptII/ptolemy/domains/de/test/auto/PersistentIO.xml
----------------- Instantiating /home/travis/build/icyphy/ptII/ptolemy/domains/de/test/auto/PersistentIO.xml
4 ms. Memory: 163840K Free: 88809K (54%)
----------------- Invoking toplevel() on ptolemy.moml.MoMLSimpleApplication@1e7f14d8
----------------- Done invoking toplevel() on ptolemy.moml.MoMLSimpleApplication@1e7f14d8
reloadAllAccessors: .PersistentIO

===========================================================================================
----------------- testing Mon Jun 06 02:10:57 UTC 2022 /home/travis/build/icyphy/ptII/ptolemy/domains/de/test/auto/PortParameterResetOnInitialize.xml
----------------- Instantiating /home/travis/build/icyphy/ptII/ptolemy/domains/de/test/auto/PortParameterResetOnInitialize.xml
2 ms. Memory: 163840K Free: 84193K (51%)
----------------- Invoking toplevel() on ptolemy.moml.MoMLSimpleApplication@5d897cb7
----------------- Done invoking toplevel() on ptolemy.moml.MoMLSimpleApplication@5d897cb7
reloadAllAccessors: .PortParameterResetOnInitialize

===========================================================================================
----------------- testing Mon Jun 06 02:10:57 UTC 2022 /home/travis/build/icyphy/ptII/ptolemy/domains/de/test/auto/PortParameterUpdates.xml
----------------- Instantiating /home/travis/build/icyphy/ptII/ptolemy/domains/de/test/auto/PortParameterUpdates.xml
6 ms. Memory: 163840K Free: 77545K (47%)
----------------- Invoking toplevel() on ptolemy.moml.MoMLSimpleApplication@47d00fa5
----------------- Done invoking toplevel() on ptolemy.moml.MoMLSimpleApplication@47d00fa5
reloadAllAccessors: .PortParameterUpdates

===========================================================================================
----------------- testing Mon Jun 06 02:10:57 UTC 2022 /home/travis/build/icyphy/ptII/ptolemy/domains/de/test/auto/QueueAndServer.xml
----------------- Instantiating /home/travis/build/icyphy/ptII/ptolemy/domains/de/test/auto/QueueAndServer.xml
4 ms. Memory: 163840K Free: 69863K (43%)
----------------- Invoking toplevel() on ptolemy.moml.MoMLSimpleApplication@27cccc70
----------------- Done invoking toplevel() on ptolemy.moml.MoMLSimpleApplication@27cccc70
reloadAllAccessors: .QueueAndServer

===========================================================================================
----------------- testing Mon Jun 06 02:10:57 UTC 2022 /home/travis/build/icyphy/ptII/ptolemy/domains/de/test/auto/Records.xml
----------------- Instantiating /home/travis/build/icyphy/ptII/ptolemy/domains/de/test/auto/Records.xml
5 ms. Memory: 163840K Free: 64233K (39%)
----------------- Invoking toplevel() on ptolemy.moml.MoMLSimpleApplication@43252f27
----------------- Done invoking toplevel() on ptolemy.moml.MoMLSimpleApplication@43252f27
reloadAllAccessors: .Records

===========================================================================================
----------------- testing Mon Jun 06 02:10:57 UTC 2022 /home/travis/build/icyphy/ptII/ptolemy/domains/de/test/auto/ResetTransitionWithStartTime1.xml
----------------- Instantiating /home/travis/build/icyphy/ptII/ptolemy/domains/de/test/auto/ResetTransitionWithStartTime1.xml
4 ms. Memory: 163840K Free: 140452K (86%)
----------------- Invoking toplevel() on ptolemy.moml.MoMLSimpleApplication@3dc83231
----------------- Done invoking toplevel() on ptolemy.moml.MoMLSimpleApplication@3dc83231
reloadAllAccessors: .ResetTransitionWithStartTime1

===========================================================================================
----------------- testing Mon Jun 06 02:10:57 UTC 2022 /home/travis/build/icyphy/ptII/ptolemy/domains/de/test/auto/ResetTransitionWithStartTime2.xml
----------------- Instantiating /home/travis/build/icyphy/ptII/ptolemy/domains/de/test/auto/ResetTransitionWithStartTime2.xml
4 ms. Memory: 163840K Free: 132260K (81%)
----------------- Invoking toplevel() on ptolemy.moml.MoMLSimpleApplication@78267884
----------------- Done invoking toplevel() on ptolemy.moml.MoMLSimpleApplication@78267884
reloadAllAccessors: .ResetTransitionWithStartTime2

===========================================================================================
----------------- testing Mon Jun 06 02:10:57 UTC 2022 /home/travis/build/icyphy/ptII/ptolemy/domains/de/test/auto/ResetTransitionWithStartTime3.xml
----------------- Instantiating /home/travis/build/icyphy/ptII/ptolemy/domains/de/test/auto/ResetTransitionWithStartTime3.xml
6 ms. Memory: 163840K Free: 124068K (76%)
----------------- Invoking toplevel() on ptolemy.moml.MoMLSimpleApplication@499be8d6
----------------- Done invoking toplevel() on ptolemy.moml.MoMLSimpleApplication@499be8d6
reloadAllAccessors: .ResetTransitionWithStartTime3

===========================================================================================
----------------- testing Mon Jun 06 02:10:57 UTC 2022 /home/travis/build/icyphy/ptII/ptolemy/domains/de/test/auto/ResetTransitionWithStartTime4.xml
----------------- Instantiating /home/travis/build/icyphy/ptII/ptolemy/domains/de/test/auto/ResetTransitionWithStartTime4.xml
3 ms. Memory: 163840K Free: 116380K (71%)
----------------- Invoking toplevel() on ptolemy.moml.MoMLSimpleApplication@15094c5d
----------------- Done invoking toplevel() on ptolemy.moml.MoMLSimpleApplication@15094c5d
reloadAllAccessors: .ResetTransitionWithStartTime4

===========================================================================================
----------------- testing Mon Jun 06 02:10:57 UTC 2022 /home/travis/build/icyphy/ptII/ptolemy/domains/de/test/auto/ResettableTimer1.xml
----------------- Instantiating /home/travis/build/icyphy/ptII/ptolemy/domains/de/test/auto/ResettableTimer1.xml
2 ms. Memory: 163840K Free: 112276K (69%)
----------------- Invoking toplevel() on ptolemy.moml.MoMLSimpleApplication@5d1bfc4b
----------------- Done invoking toplevel() on ptolemy.moml.MoMLSimpleApplication@5d1bfc4b
reloadAllAccessors: .ResettableTimer1

===========================================================================================
----------------- testing Mon Jun 06 02:10:58 UTC 2022 /home/travis/build/icyphy/ptII/ptolemy/domains/de/test/auto/ResettableTimer2.xml
----------------- Instantiating /home/travis/build/icyphy/ptII/ptolemy/domains/de/test/auto/ResettableTimer2.xml
1 ms. Memory: 163840K Free: 108194K (66%)
----------------- Invoking toplevel() on ptolemy.moml.MoMLSimpleApplication@153152a4
----------------- Done invoking toplevel() on ptolemy.moml.MoMLSimpleApplication@153152a4
reloadAllAccessors: .ResettableTimer2

===========================================================================================
----------------- testing Mon Jun 06 02:10:58 UTC 2022 /home/travis/build/icyphy/ptII/ptolemy/domains/de/test/auto/ResettableTimer3.xml
----------------- Instantiating /home/travis/build/icyphy/ptII/ptolemy/domains/de/test/auto/ResettableTimer3.xml
1 ms. Memory: 163840K Free: 104098K (64%)
----------------- Invoking toplevel() on ptolemy.moml.MoMLSimpleApplication@6e200db2
----------------- Done invoking toplevel() on ptolemy.moml.MoMLSimpleApplication@6e200db2
reloadAllAccessors: .ResettableTimer3

===========================================================================================
----------------- testing Mon Jun 06 02:10:58 UTC 2022 /home/travis/build/icyphy/ptII/ptolemy/domains/de/test/auto/ResettableTimer4.xml
----------------- Instantiating /home/travis/build/icyphy/ptII/ptolemy/domains/de/test/auto/ResettableTimer4.xml
1 ms. Memory: 163840K Free: 100002K (61%)
----------------- Invoking toplevel() on ptolemy.moml.MoMLSimpleApplication@723c658c
----------------- Done invoking toplevel() on ptolemy.moml.MoMLSimpleApplication@723c658c
reloadAllAccessors: .ResettableTimer4

===========================================================================================
----------------- testing Mon Jun 06 02:10:58 UTC 2022 /home/travis/build/icyphy/ptII/ptolemy/domains/de/test/auto/ResettableTimer5.xml
----------------- Instantiating /home/travis/build/icyphy/ptII/ptolemy/domains/de/test/auto/ResettableTimer5.xml
1 ms. Memory: 163840K Free: 95396K (58%)
----------------- Invoking toplevel() on ptolemy.moml.MoMLSimpleApplication@5a3668a6
----------------- Done invoking toplevel() on ptolemy.moml.MoMLSimpleApplication@5a3668a6
reloadAllAccessors: .ResettableTimer5

===========================================================================================
----------------- testing Mon Jun 06 02:10:58 UTC 2022 /home/travis/build/icyphy/ptII/ptolemy/domains/de/test/auto/ResettableTimer6.xml
----------------- Instantiating /home/travis/build/icyphy/ptII/ptolemy/domains/de/test/auto/ResettableTimer6.xml
6 ms. Memory: 163840K Free: 90783K (55%)
----------------- Invoking toplevel() on ptolemy.moml.MoMLSimpleApplication@49f75703
----------------- Done invoking toplevel() on ptolemy.moml.MoMLSimpleApplication@49f75703
reloadAllAccessors: .ResettableTimer6

===========================================================================================
----------------- testing Mon Jun 06 02:10:58 UTC 2022 /home/travis/build/icyphy/ptII/ptolemy/domains/de/test/auto/ServerZeroDelay.xml
----------------- Instantiating /home/travis/build/icyphy/ptII/ptolemy/domains/de/test/auto/ServerZeroDelay.xml
1 ms. Memory: 163840K Free: 86660K (53%)
----------------- Invoking toplevel() on ptolemy.moml.MoMLSimpleApplication@77b9df2c
----------------- Done invoking toplevel() on ptolemy.moml.MoMLSimpleApplication@77b9df2c
reloadAllAccessors: .ServerZeroDelay

===========================================================================================
----------------- testing Mon Jun 06 02:10:58 UTC 2022 /home/travis/build/icyphy/ptII/ptolemy/domains/de/test/auto/SmartSender.xml
----------------- Instantiating /home/travis/build/icyphy/ptII/ptolemy/domains/de/test/auto/SmartSender.xml
3002 ms. Memory: 163840K Free: 82594K (50%)
----------------- Invoking toplevel() on ptolemy.moml.MoMLSimpleApplication@6a13c7e4
----------------- Done invoking toplevel() on ptolemy.moml.MoMLSimpleApplication@6a13c7e4
reloadAllAccessors: .SmartSender

===========================================================================================
----------------- testing Mon Jun 06 02:11:01 UTC 2022 /home/travis/build/icyphy/ptII/ptolemy/domains/de/test/auto/ThreadedComposite.xml
----------------- Instantiating /home/travis/build/icyphy/ptII/ptolemy/domains/de/test/auto/ThreadedComposite.xml
94 ms. Memory: 163840K Free: 62628K (38%)
----------------- Invoking toplevel() on ptolemy.moml.MoMLSimpleApplication@6464717b
----------------- Done invoking toplevel() on ptolemy.moml.MoMLSimpleApplication@6464717b
reloadAllAccessors: .ThreadedComposite

===========================================================================================
----------------- testing Mon Jun 06 02:11:01 UTC 2022 /home/travis/build/icyphy/ptII/ptolemy/domains/de/test/auto/Time.xml
----------------- Instantiating /home/travis/build/icyphy/ptII/ptolemy/domains/de/test/auto/Time.xml
322 ms. Memory: 163840K Free: 99504K (61%)
----------------- Invoking toplevel() on ptolemy.moml.MoMLSimpleApplication@3edfd9d9
----------------- Done invoking toplevel() on ptolemy.moml.MoMLSimpleApplication@3edfd9d9
reloadAllAccessors: .Time

===========================================================================================
----------------- testing Mon Jun 06 02:11:01 UTC 2022 /home/travis/build/icyphy/ptII/ptolemy/domains/de/test/auto/TimeDelayZeroDelay.xml
----------------- Instantiating /home/travis/build/icyphy/ptII/ptolemy/domains/de/test/auto/TimeDelayZeroDelay.xml
2 ms. Memory: 163840K Free: 94864K (58%)
----------------- Invoking toplevel() on ptolemy.moml.MoMLSimpleApplication@31b4a1de
----------------- Done invoking toplevel() on ptolemy.moml.MoMLSimpleApplication@31b4a1de
reloadAllAccessors: .TimeDelayZeroDelay

===========================================================================================
----------------- testing Mon Jun 06 02:11:01 UTC 2022 /home/travis/build/icyphy/ptII/ptolemy/domains/de/test/auto/TimerZeroDelay.xml
----------------- Instantiating /home/travis/build/icyphy/ptII/ptolemy/domains/de/test/auto/TimerZeroDelay.xml
2 ms. Memory: 163840K Free: 90784K (55%)
----------------- Invoking toplevel() on ptolemy.moml.MoMLSimpleApplication@30bb875e
----------------- Done invoking toplevel() on ptolemy.moml.MoMLSimpleApplication@30bb875e
reloadAllAccessors: .TimerZeroDelay

===========================================================================================
----------------- testing Mon Jun 06 02:11:01 UTC 2022 /home/travis/build/icyphy/ptII/ptolemy/domains/de/test/auto/TimingParadox.xml
----------------- Instantiating /home/travis/build/icyphy/ptII/ptolemy/domains/de/test/auto/TimingParadox.xml
244 ms. Memory: 163840K Free: 116661K (71%)
----------------- Invoking toplevel() on ptolemy.moml.MoMLSimpleApplication@1c2854a9
----------------- Done invoking toplevel() on ptolemy.moml.MoMLSimpleApplication@1c2854a9
reloadAllAccessors: .TimingParadox

===========================================================================================
----------------- testing Mon Jun 06 02:11:01 UTC 2022 /home/travis/build/icyphy/ptII/ptolemy/domains/de/test/auto/TransferInputs.xml
----------------- Instantiating /home/travis/build/icyphy/ptII/ptolemy/domains/de/test/auto/TransferInputs.xml
1 ms. Memory: 163840K Free: 111327K (68%)
----------------- Invoking toplevel() on ptolemy.moml.MoMLSimpleApplication@26ece403
----------------- Done invoking toplevel() on ptolemy.moml.MoMLSimpleApplication@26ece403
reloadAllAccessors: .TransferInputs

===========================================================================================
----------------- testing Mon Jun 06 02:11:01 UTC 2022 /home/travis/build/icyphy/ptII/ptolemy/domains/de/test/auto/TransferOutputs2.xml
----------------- Instantiating /home/travis/build/icyphy/ptII/ptolemy/domains/de/test/auto/TransferOutputs2.xml
3 ms. Memory: 163840K Free: 103663K (63%)
----------------- Invoking toplevel() on ptolemy.moml.MoMLSimpleApplication@7baa3b49
----------------- Done invoking toplevel() on ptolemy.moml.MoMLSimpleApplication@7baa3b49
reloadAllAccessors: .TransferOutputs2

===========================================================================================
----------------- testing Mon Jun 06 02:11:01 UTC 2022 /home/travis/build/icyphy/ptII/ptolemy/domains/de/test/auto/Trilateration.xml
----------------- Instantiating /home/travis/build/icyphy/ptII/ptolemy/domains/de/test/auto/Trilateration.xml
9251 ms. Memory: 462848K Free: 381912K (83%)
----------------- Invoking toplevel() on ptolemy.moml.MoMLSimpleApplication@6687a228
----------------- Done invoking toplevel() on ptolemy.moml.MoMLSimpleApplication@6687a228
reloadAllAccessors: .Trilateration

===========================================================================================
----------------- testing Mon Jun 06 02:11:11 UTC 2022 /home/travis/build/icyphy/ptII/ptolemy/domains/de/test/auto/TwoSigmaDelta.xml
----------------- Instantiating /home/travis/build/icyphy/ptII/ptolemy/domains/de/test/auto/TwoSigmaDelta.xml
1828 ms. Memory: 462848K Free: 177112K (38%)
----------------- Invoking toplevel() on ptolemy.moml.MoMLSimpleApplication@47689e5b
----------------- Done invoking toplevel() on ptolemy.moml.MoMLSimpleApplication@47689e5b
reloadAllAccessors: .TwoSigmaDelta

===========================================================================================
----------------- testing Mon Jun 06 02:11:13 UTC 2022 /home/travis/build/icyphy/ptII/ptolemy/domains/de/test/auto/VariableDelay.xml
----------------- Instantiating /home/travis/build/icyphy/ptII/ptolemy/domains/de/test/auto/VariableDelay.xml
3 ms. Memory: 462848K Free: 172506K (37%)
----------------- Invoking toplevel() on ptolemy.moml.MoMLSimpleApplication@5d706815
----------------- Done invoking toplevel() on ptolemy.moml.MoMLSimpleApplication@5d706815
reloadAllAccessors: .VariableDelay

===========================================================================================
----------------- testing Mon Jun 06 02:11:13 UTC 2022 /home/travis/build/icyphy/ptII/ptolemy/domains/de/test/auto/VariableDelay2.xml
----------------- Instantiating /home/travis/build/icyphy/ptII/ptolemy/domains/de/test/auto/VariableDelay2.xml
2 ms. Memory: 462848K Free: 167890K (36%)
----------------- Invoking toplevel() on ptolemy.moml.MoMLSimpleApplication@34996be9
----------------- Done invoking toplevel() on ptolemy.moml.MoMLSimpleApplication@34996be9
reloadAllAccessors: .VariableDelay2

===========================================================================================
----------------- testing Mon Jun 06 02:11:13 UTC 2022 /home/travis/build/icyphy/ptII/ptolemy/domains/de/test/auto/VariableDelayZeroDelay.xml
----------------- Instantiating /home/travis/build/icyphy/ptII/ptolemy/domains/de/test/auto/VariableDelayZeroDelay.xml
3 ms. Memory: 462848K Free: 163800K (35%)
----------------- Invoking toplevel() on ptolemy.moml.MoMLSimpleApplication@71e5f070
----------------- Done invoking toplevel() on ptolemy.moml.MoMLSimpleApplication@71e5f070
reloadAllAccessors: .VariableDelayZeroDelay

===========================================================================================
----------------- testing Mon Jun 06 02:11:13 UTC 2022 /home/travis/build/icyphy/ptII/ptolemy/domains/de/test/auto/VariableDelayZeroDelay2.xml
----------------- Instantiating /home/travis/build/icyphy/ptII/ptolemy/domains/de/test/auto/VariableDelayZeroDelay2.xml
2 ms. Memory: 462848K Free: 432818K (94%)
----------------- Invoking toplevel() on ptolemy.moml.MoMLSimpleApplication@623a7b31
----------------- Done invoking toplevel() on ptolemy.moml.MoMLSimpleApplication@623a7b31
reloadAllAccessors: .VariableDelayZeroDelay2

===========================================================================================
----------------- testing Mon Jun 06 02:11:13 UTC 2022 /home/travis/build/icyphy/ptII/ptolemy/domains/de/test/auto/deInCt.xml
----------------- Instantiating /home/travis/build/icyphy/ptII/ptolemy/domains/de/test/auto/deInCt.xml
0
1
1
1
0
0
0
1
1
1
1
0
0
0
1
1
1
1
1
0
0
0
1
1
1
0
0
0
0
1
1
0
0
0
1
1
1
0
0
0
1
1
0
0
0
0
7 ms. Memory: 462848K Free: 427712K (92%)
----------------- Invoking toplevel() on ptolemy.moml.MoMLSimpleApplication@d9f6de2
----------------- Done invoking toplevel() on ptolemy.moml.MoMLSimpleApplication@d9f6de2
reloadAllAccessors: .deInCt

===========================================================================================
----------------- testing Mon Jun 06 02:11:13 UTC 2022 /home/travis/build/icyphy/ptII/ptolemy/domains/de/test/auto/deInCt2.xml
----------------- Instantiating /home/travis/build/icyphy/ptII/ptolemy/domains/de/test/auto/deInCt2.xml
0
1
1
1
0
0
1
1
1
0
0
1
1
1
0
0
1
1
1
0
0
1
1
1
0
0
1
1
1
0
0
1
1
1
0
0
1
1
1
0
0
0
16 ms. Memory: 462848K Free: 422584K (91%)
----------------- Invoking toplevel() on ptolemy.moml.MoMLSimpleApplication@33422dc7
----------------- Done invoking toplevel() on ptolemy.moml.MoMLSimpleApplication@33422dc7
reloadAllAccessors: .deInCt2

===========================================================================================
----------------- testing Mon Jun 06 02:11:13 UTC 2022 /home/travis/build/icyphy/ptII/ptolemy/domains/de/test/auto/dynamicCausalityInterface1.xml
----------------- Instantiating /home/travis/build/icyphy/ptII/ptolemy/domains/de/test/auto/dynamicCausalityInterface1.xml
1 ms. Memory: 462848K Free: 413376K (89%)
----------------- Invoking toplevel() on ptolemy.moml.MoMLSimpleApplication@1d4b567d
----------------- Done invoking toplevel() on ptolemy.moml.MoMLSimpleApplication@1d4b567d
reloadAllAccessors: .dynamicCausalityInterface1

===========================================================================================
----------------- testing Mon Jun 06 02:11:13 UTC 2022 /home/travis/build/icyphy/ptII/ptolemy/domains/de/test/auto/fsm_de_test.xml
----------------- Instantiating /home/travis/build/icyphy/ptII/ptolemy/domains/de/test/auto/fsm_de_test.xml
4 ms. Memory: 462848K Free: 404146K (87%)
----------------- Invoking toplevel() on ptolemy.moml.MoMLSimpleApplication@16f8d70d
----------------- Done invoking toplevel() on ptolemy.moml.MoMLSimpleApplication@16f8d70d
reloadAllAccessors: .fsm_de_test

===========================================================================================
----------------- testing Mon Jun 06 02:11:13 UTC 2022 /home/travis/build/icyphy/ptII/ptolemy/domains/de/test/auto/functionDependencyReconstruction.xml
----------------- Instantiating /home/travis/build/icyphy/ptII/ptolemy/domains/de/test/auto/functionDependencyReconstruction.xml
2 ms. Memory: 462848K Free: 389314K (84%)
----------------- Invoking toplevel() on ptolemy.moml.MoMLSimpleApplication@488b8d2c
----------------- Done invoking toplevel() on ptolemy.moml.MoMLSimpleApplication@488b8d2c
reloadAllAccessors: .functionDependencyReconstruction

===========================================================================================
----------------- testing Mon Jun 06 02:11:13 UTC 2022 /home/travis/build/icyphy/ptII/ptolemy/domains/de/test/auto/multirate.xml
----------------- Instantiating /home/travis/build/icyphy/ptII/ptolemy/domains/de/test/auto/multirate.xml
3 ms. Memory: 462848K Free: 382642K (83%)
----------------- Invoking toplevel() on ptolemy.moml.MoMLSimpleApplication@6b90bea3
----------------- Done invoking toplevel() on ptolemy.moml.MoMLSimpleApplication@6b90bea3
reloadAllAccessors: .multirate

===========================================================================================
----------------- testing Mon Jun 06 02:11:13 UTC 2022 /home/travis/build/icyphy/ptII/ptolemy/domains/de/test/auto/multirate2.xml
----------------- Instantiating /home/travis/build/icyphy/ptII/ptolemy/domains/de/test/auto/multirate2.xml
3 ms. Memory: 462848K Free: 376002K (81%)
----------------- Invoking toplevel() on ptolemy.moml.MoMLSimpleApplication@8560822
----------------- Done invoking toplevel() on ptolemy.moml.MoMLSimpleApplication@8560822
reloadAllAccessors: .multirate2

===========================================================================================
----------------- testing Mon Jun 06 02:11:13 UTC 2022 /home/travis/build/icyphy/ptII/ptolemy/domains/de/test/auto/realtime.xml
----------------- Instantiating /home/travis/build/icyphy/ptII/ptolemy/domains/de/test/auto/realtime.xml
10001 ms. Memory: 462848K Free: 371392K (80%)
----------------- Invoking toplevel() on ptolemy.moml.MoMLSimpleApplication@5f1e080f
----------------- Done invoking toplevel() on ptolemy.moml.MoMLSimpleApplication@5f1e080f
reloadAllAccessors: .realtime

===========================================================================================
----------------- testing Mon Jun 06 02:11:23 UTC 2022 /home/travis/build/icyphy/ptII/ptolemy/domains/de/test/auto/relationGroup.xml
----------------- Instantiating /home/travis/build/icyphy/ptII/ptolemy/domains/de/test/auto/relationGroup.xml
3 ms. Memory: 462848K Free: 367810K (79%)
----------------- Invoking toplevel() on ptolemy.moml.MoMLSimpleApplication@49d37412
----------------- Done invoking toplevel() on ptolemy.moml.MoMLSimpleApplication@49d37412
reloadAllAccessors: .relationGroup

===========================================================================================
----------------- testing Mon Jun 06 02:11:23 UTC 2022 /home/travis/build/icyphy/ptII/ptolemy/domains/de/test/auto/relationGroup2.xml
----------------- Instantiating /home/travis/build/icyphy/ptII/ptolemy/domains/de/test/auto/relationGroup2.xml
2 ms. Memory: 462848K Free: 364224K (79%)
----------------- Invoking toplevel() on ptolemy.moml.MoMLSimpleApplication@6c7e2ec3
----------------- Done invoking toplevel() on ptolemy.moml.MoMLSimpleApplication@6c7e2ec3
reloadAllAccessors: .relationGroup2

===========================================================================================
----------------- testing Mon Jun 06 02:11:23 UTC 2022 /home/travis/build/icyphy/ptII/ptolemy/domains/de/test/auto/sortWithOpaquePorts.xml
----------------- Instantiating /home/travis/build/icyphy/ptII/ptolemy/domains/de/test/auto/sortWithOpaquePorts.xml
2 ms. Memory: 462848K Free: 359618K (78%)
----------------- Invoking toplevel() on ptolemy.moml.MoMLSimpleApplication@1ecd763f
----------------- Done invoking toplevel() on ptolemy.moml.MoMLSimpleApplication@1ecd763f
reloadAllAccessors: .sortWithOpaquePorts

===========================================================================================
----------------- testing Mon Jun 06 02:11:23 UTC 2022 /home/travis/build/icyphy/ptII/ptolemy/domains/de/test/auto/transferInputsandOutputs.xml
----------------- Instantiating /home/travis/build/icyphy/ptII/ptolemy/domains/de/test/auto/transferInputsandOutputs.xml
2 ms. Memory: 462848K Free: 352450K (76%)
----------------- Invoking toplevel() on ptolemy.moml.MoMLSimpleApplication@5b84e567
----------------- Done invoking toplevel() on ptolemy.moml.MoMLSimpleApplication@5b84e567
reloadAllAccessors: .transferInputsandOutputs

===========================================================================================
----------------- testing Mon Jun 06 02:11:23 UTC 2022 /home/travis/build/icyphy/ptII/ptolemy/domains/de/test/auto/triggerType.xml
----------------- Instantiating /home/travis/build/icyphy/ptII/ptolemy/domains/de/test/auto/triggerType.xml
1 ms. Memory: 462848K Free: 348354K (75%)
----------------- Invoking toplevel() on ptolemy.moml.MoMLSimpleApplication@435decde
----------------- Done invoking toplevel() on ptolemy.moml.MoMLSimpleApplication@435decde
reloadAllAccessors: .triggerType
AutoTests.java: About to close Vertx.
AutoTests.java: Vertx closed.
]]></system-out>
  <system-err><![CDATA[java.lang.RuntimeException: Execution failed
	at ptolemy.moml.MoMLSimpleApplication$UnloadThread.run(MoMLSimpleApplication.java:402)
Caused by: ptolemy.kernel.util.IllegalActionException: Found a zero delay loop containing .dependencyLoop.original
  in .dependencyLoop and .dependencyLoop.original
	at ptolemy.actor.util.CausalityInterfaceForComposites._computeOutputPortDepth(CausalityInterfaceForComposites.java:759)
	at ptolemy.actor.util.CausalityInterfaceForComposites._computeInputDepth(CausalityInterfaceForComposites.java:696)
	at ptolemy.actor.util.CausalityInterfaceForComposites._computeOutputPortDepth(CausalityInterfaceForComposites.java:765)
	at ptolemy.actor.util.CausalityInterfaceForComposites._computeInputDepth(CausalityInterfaceForComposites.java:696)
	at ptolemy.actor.util.CausalityInterfaceForComposites._computeOutputPortDepth(CausalityInterfaceForComposites.java:765)
	at ptolemy.actor.util.CausalityInterfaceForComposites._computeInputDepth(CausalityInterfaceForComposites.java:696)
	at ptolemy.actor.util.CausalityInterfaceForComposites._computeActorDepth(CausalityInterfaceForComposites.java:532)
	at ptolemy.actor.util.CausalityInterfaceForComposites.checkForCycles(CausalityInterfaceForComposites.java:96)
	at ptolemy.domains.de.kernel.DEDirector.preinitialize(DEDirector.java:1338)
	at ptolemy.actor.CompositeActor.preinitialize(CompositeActor.java:1828)
	at ptolemy.actor.Manager.preinitializeAndResolveTypes(Manager.java:1040)
	at ptolemy.actor.Manager.initialize(Manager.java:710)
	at ptolemy.actor.Manager.execute(Manager.java:356)
	at ptolemy.actor.Manager.run(Manager.java:1263)
	at ptolemy.actor.Manager$PtolemyRunThread.run(Manager.java:1933)
java.lang.RuntimeException: Execution failed
	at ptolemy.moml.MoMLSimpleApplication$UnloadThread.run(MoMLSimpleApplication.java:402)
Caused by: ptolemy.kernel.util.IllegalActionException: Found a zero delay loop containing .dependencyLoop2.original
  in .dependencyLoop2 and .dependencyLoop2.original
	at ptolemy.actor.util.CausalityInterfaceForComposites._computeOutputPortDepth(CausalityInterfaceForComposites.java:759)
	at ptolemy.actor.util.CausalityInterfaceForComposites._computeInputDepth(CausalityInterfaceForComposites.java:696)
	at ptolemy.actor.util.CausalityInterfaceForComposites._computeOutputPortDepth(CausalityInterfaceForComposites.java:765)
	at ptolemy.actor.util.CausalityInterfaceForComposites._computeInputDepth(CausalityInterfaceForComposites.java:696)
	at ptolemy.actor.util.CausalityInterfaceForComposites._computeOutputPortDepth(CausalityInterfaceForComposites.java:765)
	at ptolemy.actor.util.CausalityInterfaceForComposites._computeInputDepth(CausalityInterfaceForComposites.java:696)
	at ptolemy.actor.util.CausalityInterfaceForComposites._computeActorDepth(CausalityInterfaceForComposites.java:532)
	at ptolemy.actor.util.CausalityInterfaceForComposites.checkForCycles(CausalityInterfaceForComposites.java:96)
	at ptolemy.domains.de.kernel.DEDirector.preinitialize(DEDirector.java:1338)
	at ptolemy.actor.CompositeActor.preinitialize(CompositeActor.java:1828)
	at ptolemy.actor.Manager.preinitializeAndResolveTypes(Manager.java:1040)
	at ptolemy.actor.Manager.initialize(Manager.java:710)
	at ptolemy.actor.Manager.execute(Manager.java:356)
	at ptolemy.actor.Manager.run(Manager.java:1263)
	at ptolemy.actor.Manager$PtolemyRunThread.run(Manager.java:1933)
java.lang.RuntimeException: Execution failed
	at ptolemy.moml.MoMLSimpleApplication$UnloadThread.run(MoMLSimpleApplication.java:402)
Caused by: ptolemy.kernel.util.IllegalActionException: Found a zero delay loop containing .dependencyLoop2.original
  in .dependencyLoop2 and .dependencyLoop2.original
	at ptolemy.actor.util.CausalityInterfaceForComposites._computeOutputPortDepth(CausalityInterfaceForComposites.java:759)
	at ptolemy.actor.util.CausalityInterfaceForComposites._computeInputDepth(CausalityInterfaceForComposites.java:696)
	at ptolemy.actor.util.CausalityInterfaceForComposites._computeOutputPortDepth(CausalityInterfaceForComposites.java:765)
	at ptolemy.actor.util.CausalityInterfaceForComposites._computeInputDepth(CausalityInterfaceForComposites.java:696)
	at ptolemy.actor.util.CausalityInterfaceForComposites._computeOutputPortDepth(CausalityInterfaceForComposites.java:765)
	at ptolemy.actor.util.CausalityInterfaceForComposites._computeInputDepth(CausalityInterfaceForComposites.java:696)
	at ptolemy.actor.util.CausalityInterfaceForComposites._computeActorDepth(CausalityInterfaceForComposites.java:532)
	at ptolemy.actor.util.CausalityInterfaceForComposites.checkForCycles(CausalityInterfaceForComposites.java:96)
	at ptolemy.domains.de.kernel.DEDirector.preinitialize(DEDirector.java:1338)
	at ptolemy.actor.CompositeActor.preinitialize(CompositeActor.java:1828)
	at ptolemy.actor.Manager.preinitializeAndResolveTypes(Manager.java:1040)
	at ptolemy.actor.Manager.initialize(Manager.java:710)
	at ptolemy.actor.Manager.execute(Manager.java:356)
	at ptolemy.actor.Manager.run(Manager.java:1263)
	at ptolemy.actor.Manager$PtolemyRunThread.run(Manager.java:1933)
java.lang.RuntimeException: Execution failed
	at ptolemy.moml.MoMLSimpleApplication$UnloadThread.run(MoMLSimpleApplication.java:402)
Caused by: ptolemy.kernel.util.IllegalActionException: Found a zero delay loop containing .dependencyLoop.original
  in .dependencyLoop and .dependencyLoop.original
	at ptolemy.actor.util.CausalityInterfaceForComposites._computeOutputPortDepth(CausalityInterfaceForComposites.java:759)
	at ptolemy.actor.util.CausalityInterfaceForComposites._computeInputDepth(CausalityInterfaceForComposites.java:696)
	at ptolemy.actor.util.CausalityInterfaceForComposites._computeOutputPortDepth(CausalityInterfaceForComposites.java:765)
	at ptolemy.actor.util.CausalityInterfaceForComposites._computeInputDepth(CausalityInterfaceForComposites.java:696)
	at ptolemy.actor.util.CausalityInterfaceForComposites._computeOutputPortDepth(CausalityInterfaceForComposites.java:765)
	at ptolemy.actor.util.CausalityInterfaceForComposites._computeInputDepth(CausalityInterfaceForComposites.java:696)
	at ptolemy.actor.util.CausalityInterfaceForComposites._computeActorDepth(CausalityInterfaceForComposites.java:532)
	at ptolemy.actor.util.CausalityInterfaceForComposites.checkForCycles(CausalityInterfaceForComposites.java:96)
	at ptolemy.domains.de.kernel.DEDirector.preinitialize(DEDirector.java:1338)
	at ptolemy.actor.CompositeActor.preinitialize(CompositeActor.java:1828)
	at ptolemy.actor.Manager.preinitializeAndResolveTypes(Manager.java:1040)
	at ptolemy.actor.Manager.initialize(Manager.java:710)
	at ptolemy.actor.Manager.execute(Manager.java:356)
	at ptolemy.actor.Manager.run(Manager.java:1263)
	at ptolemy.actor.Manager$PtolemyRunThread.run(Manager.java:1933)
java.lang.RuntimeException: Execution failed
	at ptolemy.moml.MoMLSimpleApplication$UnloadThread.run(MoMLSimpleApplication.java:402)
Caused by: ptolemy.kernel.util.IllegalActionException: Test fails in iteration 1.
Value was: 1.0. Should have been: 2.0
  in .DirectFeedback.Test
	at ptolemy.actor.lib.Test.fire(Test.java:268)
	at ptolemy.domains.de.kernel.DEDirector._fire(DEDirector.java:1949)
	at ptolemy.domains.de.kernel.DEDirector.fire(DEDirector.java:502)
	at ptolemy.actor.CompositeActor.fire(CompositeActor.java:455)
	at ptolemy.actor.Manager.iterate(Manager.java:851)
	at ptolemy.actor.Manager.execute(Manager.java:369)
	at ptolemy.actor.Manager.run(Manager.java:1263)
	at ptolemy.actor.Manager$PtolemyRunThread.run(Manager.java:1933)
java.lang.RuntimeException: Execution failed
	at ptolemy.moml.MoMLSimpleApplication$UnloadThread.run(MoMLSimpleApplication.java:402)
Caused by: ptolemy.kernel.util.IllegalActionException: Found a zero delay loop containing .HierarchicalModel.A
  in .HierarchicalModel and .HierarchicalModel.A
	at ptolemy.actor.util.CausalityInterfaceForComposites._computeOutputPortDepth(CausalityInterfaceForComposites.java:759)
	at ptolemy.actor.util.CausalityInterfaceForComposites._computeInputDepth(CausalityInterfaceForComposites.java:696)
	at ptolemy.actor.util.CausalityInterfaceForComposites._computeOutputPortDepth(CausalityInterfaceForComposites.java:765)
	at ptolemy.actor.util.CausalityInterfaceForComposites._computeInputDepth(CausalityInterfaceForComposites.java:696)
	at ptolemy.actor.util.CausalityInterfaceForComposites._computeOutputPortDepth(CausalityInterfaceForComposites.java:765)
	at ptolemy.actor.util.CausalityInterfaceForComposites._computeInputDepth(CausalityInterfaceForComposites.java:696)
	at ptolemy.actor.util.CausalityInterfaceForComposites._computeActorDepth(CausalityInterfaceForComposites.java:532)
	at ptolemy.actor.util.CausalityInterfaceForComposites.checkForCycles(CausalityInterfaceForComposites.java:96)
	at ptolemy.domains.de.kernel.DEDirector.preinitialize(DEDirector.java:1338)
	at ptolemy.actor.CompositeActor.preinitialize(CompositeActor.java:1828)
	at ptolemy.actor.Manager.preinitializeAndResolveTypes(Manager.java:1040)
	at ptolemy.actor.Manager.initialize(Manager.java:710)
	at ptolemy.actor.Manager.execute(Manager.java:356)
	at ptolemy.actor.Manager.run(Manager.java:1263)
	at ptolemy.actor.Manager$PtolemyRunThread.run(Manager.java:1933)
java.lang.RuntimeException: Execution failed
	at ptolemy.moml.MoMLSimpleApplication$UnloadThread.run(MoMLSimpleApplication.java:402)
Caused by: ptolemy.kernel.util.IllegalActionException: Actor is not ready to fire.  Perhaps UpSample.prefire() returned false? Try debugging the actor by selecting "Listen to Actor".  Also, for SDF check moml for tokenConsumptionRate on input.
  in .DESDFClockTest.Play Bell.Copy1:SDF Director and .DESDFClockTest.Play Bell.UpSample
	at ptolemy.actor.sched.StaticSchedulingDirector.fire(StaticSchedulingDirector.java:227)
	at ptolemy.domains.sdf.kernel.SDFDirector.fire(SDFDirector.java:500)
	at ptolemy.actor.CompositeActor.fire(CompositeActor.java:455)
	at ptolemy.domains.de.kernel.DEDirector._fire(DEDirector.java:1949)
	at ptolemy.domains.de.kernel.DEDirector.fire(DEDirector.java:502)
	at ptolemy.actor.CompositeActor.fire(CompositeActor.java:455)
	at ptolemy.actor.Manager.iterate(Manager.java:851)
	at ptolemy.actor.Manager.execute(Manager.java:369)
	at ptolemy.actor.Manager.run(Manager.java:1263)
	at ptolemy.actor.Manager$PtolemyRunThread.run(Manager.java:1933)
java.lang.RuntimeException: Execution failed
	at ptolemy.moml.MoMLSimpleApplication$UnloadThread.run(MoMLSimpleApplication.java:402)
Caused by: ptolemy.kernel.util.IllegalActionException: Actor is not ready to fire.  Perhaps UpSample.prefire() returned false? Try debugging the actor by selecting "Listen to Actor".  Also, for SDF check moml for tokenConsumptionRate on input.
  in .DESDFClockTest.Play Bell.Copy1:SDF Director and .DESDFClockTest.Play Bell.UpSample
	at ptolemy.actor.sched.StaticSchedulingDirector.fire(StaticSchedulingDirector.java:227)
	at ptolemy.domains.sdf.kernel.SDFDirector.fire(SDFDirector.java:500)
	at ptolemy.actor.CompositeActor.fire(CompositeActor.java:455)
	at ptolemy.domains.de.kernel.DEDirector._fire(DEDirector.java:1949)
	at ptolemy.domains.de.kernel.DEDirector.fire(DEDirector.java:502)
	at ptolemy.actor.CompositeActor.fire(CompositeActor.java:455)
	at ptolemy.actor.Manager.iterate(Manager.java:851)
	at ptolemy.actor.Manager.execute(Manager.java:369)
	at ptolemy.actor.Manager.run(Manager.java:1263)
	at ptolemy.actor.Manager$PtolemyRunThread.run(Manager.java:1933)
java.lang.reflect.InvocationTargetException
	at java.base/jdk.internal.reflect.NativeConstructorAccessorImpl.newInstance0(Native Method)
	at java.base/jdk.internal.reflect.NativeConstructorAccessorImpl.newInstance(NativeConstructorAccessorImpl.java:62)
	at java.base/jdk.internal.reflect.DelegatingConstructorAccessorImpl.newInstance(DelegatingConstructorAccessorImpl.java:45)
	at java.base/java.lang.reflect.Constructor.newInstance(Constructor.java:490)
	at ptolemy.util.test.junit.AutoKnownFailedTests.RunModel(AutoKnownFailedTests.java:105)
	at java.base/jdk.internal.reflect.NativeMethodAccessorImpl.invoke0(Native Method)
	at java.base/jdk.internal.reflect.NativeMethodAccessorImpl.invoke(NativeMethodAccessorImpl.java:62)
	at java.base/jdk.internal.reflect.DelegatingMethodAccessorImpl.invoke(DelegatingMethodAccessorImpl.java:43)
	at java.base/java.lang.reflect.Method.invoke(Method.java:566)
	at org.junit.runners.model.FrameworkMethod$1.runReflectiveCall(FrameworkMethod.java:44)
	at org.junit.internal.runners.model.ReflectiveCallable.run(ReflectiveCallable.java:15)
	at org.junit.runners.model.FrameworkMethod.invokeExplosively(FrameworkMethod.java:41)
	at junitparams.internal.InvokeParameterisedMethod.evaluate(InvokeParameterisedMethod.java:102)
	at org.junit.internal.runners.statements.FailOnTimeout$1.run(FailOnTimeout.java:28)
Caused by: ptolemy.kernel.util.IllegalActionException: Actor is not ready to fire.  Perhaps UpSample.prefire() returned false? Try debugging the actor by selecting "Listen to Actor".  Also, for SDF check moml for tokenConsumptionRate on input.
  in .DESDFClockTest.Play Bell.Copy1:SDF Director and .DESDFClockTest.Play Bell.UpSample
	at ptolemy.actor.sched.StaticSchedulingDirector.fire(StaticSchedulingDirector.java:227)
	at ptolemy.domains.sdf.kernel.SDFDirector.fire(SDFDirector.java:500)
	at ptolemy.actor.CompositeActor.fire(CompositeActor.java:455)
	at ptolemy.domains.de.kernel.DEDirector._fire(DEDirector.java:1949)
	at ptolemy.domains.de.kernel.DEDirector.fire(DEDirector.java:502)
	at ptolemy.actor.CompositeActor.fire(CompositeActor.java:455)
	at ptolemy.actor.Manager.iterate(Manager.java:851)
	at ptolemy.actor.Manager.execute(Manager.java:369)
	at ptolemy.actor.Manager.run(Manager.java:1263)
	at ptolemy.actor.Manager$PtolemyRunThread.run(Manager.java:1933)
java.lang.RuntimeException: Execution failed
	at ptolemy.moml.MoMLSimpleApplication$UnloadThread.run(MoMLSimpleApplication.java:402)
Caused by: ptolemy.kernel.util.IllegalActionException: Test fails in iteration 1.
Value was: 1.0. Should have been: 2.0
  in .DirectFeedback.Test
	at ptolemy.actor.lib.Test.fire(Test.java:268)
	at ptolemy.domains.de.kernel.DEDirector._fire(DEDirector.java:1949)
	at ptolemy.domains.de.kernel.DEDirector.fire(DEDirector.java:502)
	at ptolemy.actor.CompositeActor.fire(CompositeActor.java:455)
	at ptolemy.actor.Manager.iterate(Manager.java:851)
	at ptolemy.actor.Manager.execute(Manager.java:369)
	at ptolemy.actor.Manager.run(Manager.java:1263)
	at ptolemy.actor.Manager$PtolemyRunThread.run(Manager.java:1933)
java.lang.reflect.InvocationTargetException
	at java.base/jdk.internal.reflect.NativeConstructorAccessorImpl.newInstance0(Native Method)
	at java.base/jdk.internal.reflect.NativeConstructorAccessorImpl.newInstance(NativeConstructorAccessorImpl.java:62)
	at java.base/jdk.internal.reflect.DelegatingConstructorAccessorImpl.newInstance(DelegatingConstructorAccessorImpl.java:45)
	at java.base/java.lang.reflect.Constructor.newInstance(Constructor.java:490)
	at ptolemy.util.test.junit.AutoKnownFailedTests.RunModel(AutoKnownFailedTests.java:105)
	at java.base/jdk.internal.reflect.NativeMethodAccessorImpl.invoke0(Native Method)
	at java.base/jdk.internal.reflect.NativeMethodAccessorImpl.invoke(NativeMethodAccessorImpl.java:62)
	at java.base/jdk.internal.reflect.DelegatingMethodAccessorImpl.invoke(DelegatingMethodAccessorImpl.java:43)
	at java.base/java.lang.reflect.Method.invoke(Method.java:566)
	at org.junit.runners.model.FrameworkMethod$1.runReflectiveCall(FrameworkMethod.java:44)
	at org.junit.internal.runners.model.ReflectiveCallable.run(ReflectiveCallable.java:15)
	at org.junit.runners.model.FrameworkMethod.invokeExplosively(FrameworkMethod.java:41)
	at junitparams.internal.InvokeParameterisedMethod.evaluate(InvokeParameterisedMethod.java:102)
	at org.junit.internal.runners.statements.FailOnTimeout$1.run(FailOnTimeout.java:28)
Caused by: ptolemy.kernel.util.IllegalActionException: Test fails in iteration 1.
Value was: 1.0. Should have been: 2.0
  in .DirectFeedback.Test
	at ptolemy.actor.lib.Test.fire(Test.java:268)
	at ptolemy.domains.de.kernel.DEDirector._fire(DEDirector.java:1949)
	at ptolemy.domains.de.kernel.DEDirector.fire(DEDirector.java:502)
	at ptolemy.actor.CompositeActor.fire(CompositeActor.java:455)
	at ptolemy.actor.Manager.iterate(Manager.java:851)
	at ptolemy.actor.Manager.execute(Manager.java:369)
	at ptolemy.actor.Manager.run(Manager.java:1263)
	at ptolemy.actor.Manager$PtolemyRunThread.run(Manager.java:1933)
java.lang.RuntimeException: Execution failed
	at ptolemy.moml.MoMLSimpleApplication$UnloadThread.run(MoMLSimpleApplication.java:402)
Caused by: ptolemy.kernel.util.IllegalActionException: Found a zero delay loop containing .HierarchicalModel.A
  in .HierarchicalModel and .HierarchicalModel.A
	at ptolemy.actor.util.CausalityInterfaceForComposites._computeOutputPortDepth(CausalityInterfaceForComposites.java:759)
	at ptolemy.actor.util.CausalityInterfaceForComposites._computeInputDepth(CausalityInterfaceForComposites.java:696)
	at ptolemy.actor.util.CausalityInterfaceForComposites._computeOutputPortDepth(CausalityInterfaceForComposites.java:765)
	at ptolemy.actor.util.CausalityInterfaceForComposites._computeInputDepth(CausalityInterfaceForComposites.java:696)
	at ptolemy.actor.util.CausalityInterfaceForComposites._computeOutputPortDepth(CausalityInterfaceForComposites.java:765)
	at ptolemy.actor.util.CausalityInterfaceForComposites._computeInputDepth(CausalityInterfaceForComposites.java:696)
	at ptolemy.actor.util.CausalityInterfaceForComposites._computeActorDepth(CausalityInterfaceForComposites.java:532)
	at ptolemy.actor.util.CausalityInterfaceForComposites.checkForCycles(CausalityInterfaceForComposites.java:96)
	at ptolemy.domains.de.kernel.DEDirector.preinitialize(DEDirector.java:1338)
	at ptolemy.actor.CompositeActor.preinitialize(CompositeActor.java:1828)
	at ptolemy.actor.Manager.preinitializeAndResolveTypes(Manager.java:1040)
	at ptolemy.actor.Manager.initialize(Manager.java:710)
	at ptolemy.actor.Manager.execute(Manager.java:356)
	at ptolemy.actor.Manager.run(Manager.java:1263)
	at ptolemy.actor.Manager$PtolemyRunThread.run(Manager.java:1933)
java.lang.reflect.InvocationTargetException
	at java.base/jdk.internal.reflect.NativeConstructorAccessorImpl.newInstance0(Native Method)
	at java.base/jdk.internal.reflect.NativeConstructorAccessorImpl.newInstance(NativeConstructorAccessorImpl.java:62)
	at java.base/jdk.internal.reflect.DelegatingConstructorAccessorImpl.newInstance(DelegatingConstructorAccessorImpl.java:45)
	at java.base/java.lang.reflect.Constructor.newInstance(Constructor.java:490)
	at ptolemy.util.test.junit.AutoKnownFailedTests.RunModel(AutoKnownFailedTests.java:105)
	at java.base/jdk.internal.reflect.NativeMethodAccessorImpl.invoke0(Native Method)
	at java.base/jdk.internal.reflect.NativeMethodAccessorImpl.invoke(NativeMethodAccessorImpl.java:62)
	at java.base/jdk.internal.reflect.DelegatingMethodAccessorImpl.invoke(DelegatingMethodAccessorImpl.java:43)
	at java.base/java.lang.reflect.Method.invoke(Method.java:566)
	at org.junit.runners.model.FrameworkMethod$1.runReflectiveCall(FrameworkMethod.java:44)
	at org.junit.internal.runners.model.ReflectiveCallable.run(ReflectiveCallable.java:15)
	at org.junit.runners.model.FrameworkMethod.invokeExplosively(FrameworkMethod.java:41)
	at junitparams.internal.InvokeParameterisedMethod.evaluate(InvokeParameterisedMethod.java:102)
	at org.junit.internal.runners.statements.FailOnTimeout$1.run(FailOnTimeout.java:28)
Caused by: ptolemy.kernel.util.IllegalActionException: Found a zero delay loop containing .HierarchicalModel.A
  in .HierarchicalModel and .HierarchicalModel.A
	at ptolemy.actor.util.CausalityInterfaceForComposites._computeOutputPortDepth(CausalityInterfaceForComposites.java:759)
	at ptolemy.actor.util.CausalityInterfaceForComposites._computeInputDepth(CausalityInterfaceForComposites.java:696)
	at ptolemy.actor.util.CausalityInterfaceForComposites._computeOutputPortDepth(CausalityInterfaceForComposites.java:765)
	at ptolemy.actor.util.CausalityInterfaceForComposites._computeInputDepth(CausalityInterfaceForComposites.java:696)
	at ptolemy.actor.util.CausalityInterfaceForComposites._computeOutputPortDepth(CausalityInterfaceForComposites.java:765)
	at ptolemy.actor.util.CausalityInterfaceForComposites._computeInputDepth(CausalityInterfaceForComposites.java:696)
	at ptolemy.actor.util.CausalityInterfaceForComposites._computeActorDepth(CausalityInterfaceForComposites.java:532)
	at ptolemy.actor.util.CausalityInterfaceForComposites.checkForCycles(CausalityInterfaceForComposites.java:96)
	at ptolemy.domains.de.kernel.DEDirector.preinitialize(DEDirector.java:1338)
	at ptolemy.actor.CompositeActor.preinitialize(CompositeActor.java:1828)
	at ptolemy.actor.Manager.preinitializeAndResolveTypes(Manager.java:1040)
	at ptolemy.actor.Manager.initialize(Manager.java:710)
	at ptolemy.actor.Manager.execute(Manager.java:356)
	at ptolemy.actor.Manager.run(Manager.java:1263)
	at ptolemy.actor.Manager$PtolemyRunThread.run(Manager.java:1933)
java.lang.RuntimeException: Execution failed
	at ptolemy.moml.MoMLSimpleApplication$UnloadThread.run(MoMLSimpleApplication.java:402)
Caused by: ptolemy.kernel.util.IllegalActionException: Found a zero delay loop containing .dependencyLoop.original
  in .dependencyLoop and .dependencyLoop.original
	at ptolemy.actor.util.CausalityInterfaceForComposites._computeOutputPortDepth(CausalityInterfaceForComposites.java:759)
	at ptolemy.actor.util.CausalityInterfaceForComposites._computeInputDepth(CausalityInterfaceForComposites.java:696)
	at ptolemy.actor.util.CausalityInterfaceForComposites._computeOutputPortDepth(CausalityInterfaceForComposites.java:765)
	at ptolemy.actor.util.CausalityInterfaceForComposites._computeInputDepth(CausalityInterfaceForComposites.java:696)
	at ptolemy.actor.util.CausalityInterfaceForComposites._computeOutputPortDepth(CausalityInterfaceForComposites.java:765)
	at ptolemy.actor.util.CausalityInterfaceForComposites._computeInputDepth(CausalityInterfaceForComposites.java:696)
	at ptolemy.actor.util.CausalityInterfaceForComposites._computeActorDepth(CausalityInterfaceForComposites.java:532)
	at ptolemy.actor.util.CausalityInterfaceForComposites.checkForCycles(CausalityInterfaceForComposites.java:96)
	at ptolemy.domains.de.kernel.DEDirector.preinitialize(DEDirector.java:1338)
	at ptolemy.actor.CompositeActor.preinitialize(CompositeActor.java:1828)
	at ptolemy.actor.Manager.preinitializeAndResolveTypes(Manager.java:1040)
	at ptolemy.actor.Manager.initialize(Manager.java:710)
	at ptolemy.actor.Manager.execute(Manager.java:356)
	at ptolemy.actor.Manager.run(Manager.java:1263)
	at ptolemy.actor.Manager$PtolemyRunThread.run(Manager.java:1933)
java.lang.reflect.InvocationTargetException
	at java.base/jdk.internal.reflect.NativeConstructorAccessorImpl.newInstance0(Native Method)
	at java.base/jdk.internal.reflect.NativeConstructorAccessorImpl.newInstance(NativeConstructorAccessorImpl.java:62)
	at java.base/jdk.internal.reflect.DelegatingConstructorAccessorImpl.newInstance(DelegatingConstructorAccessorImpl.java:45)
	at java.base/java.lang.reflect.Constructor.newInstance(Constructor.java:490)
	at ptolemy.util.test.junit.AutoKnownFailedTests.RunModel(AutoKnownFailedTests.java:105)
	at java.base/jdk.internal.reflect.NativeMethodAccessorImpl.invoke0(Native Method)
	at java.base/jdk.internal.reflect.NativeMethodAccessorImpl.invoke(NativeMethodAccessorImpl.java:62)
	at java.base/jdk.internal.reflect.DelegatingMethodAccessorImpl.invoke(DelegatingMethodAccessorImpl.java:43)
	at java.base/java.lang.reflect.Method.invoke(Method.java:566)
	at org.junit.runners.model.FrameworkMethod$1.runReflectiveCall(FrameworkMethod.java:44)
	at org.junit.internal.runners.model.ReflectiveCallable.run(ReflectiveCallable.java:15)
	at org.junit.runners.model.FrameworkMethod.invokeExplosively(FrameworkMethod.java:41)
	at junitparams.internal.InvokeParameterisedMethod.evaluate(InvokeParameterisedMethod.java:102)
	at org.junit.internal.runners.statements.FailOnTimeout$1.run(FailOnTimeout.java:28)
Caused by: ptolemy.kernel.util.IllegalActionException: Found a zero delay loop containing .dependencyLoop.original
  in .dependencyLoop and .dependencyLoop.original
	at ptolemy.actor.util.CausalityInterfaceForComposites._computeOutputPortDepth(CausalityInterfaceForComposites.java:759)
	at ptolemy.actor.util.CausalityInterfaceForComposites._computeInputDepth(CausalityInterfaceForComposites.java:696)
	at ptolemy.actor.util.CausalityInterfaceForComposites._computeOutputPortDepth(CausalityInterfaceForComposites.java:765)
	at ptolemy.actor.util.CausalityInterfaceForComposites._computeInputDepth(CausalityInterfaceForComposites.java:696)
	at ptolemy.actor.util.CausalityInterfaceForComposites._computeOutputPortDepth(CausalityInterfaceForComposites.java:765)
	at ptolemy.actor.util.CausalityInterfaceForComposites._computeInputDepth(CausalityInterfaceForComposites.java:696)
	at ptolemy.actor.util.CausalityInterfaceForComposites._computeActorDepth(CausalityInterfaceForComposites.java:532)
	at ptolemy.actor.util.CausalityInterfaceForComposites.checkForCycles(CausalityInterfaceForComposites.java:96)
	at ptolemy.domains.de.kernel.DEDirector.preinitialize(DEDirector.java:1338)
	at ptolemy.actor.CompositeActor.preinitialize(CompositeActor.java:1828)
	at ptolemy.actor.Manager.preinitializeAndResolveTypes(Manager.java:1040)
	at ptolemy.actor.Manager.initialize(Manager.java:710)
	at ptolemy.actor.Manager.execute(Manager.java:356)
	at ptolemy.actor.Manager.run(Manager.java:1263)
	at ptolemy.actor.Manager$PtolemyRunThread.run(Manager.java:1933)
java.lang.RuntimeException: Execution failed
	at ptolemy.moml.MoMLSimpleApplication$UnloadThread.run(MoMLSimpleApplication.java:402)
Caused by: ptolemy.kernel.util.IllegalActionException: Found a zero delay loop containing .dependencyLoop2.original
  in .dependencyLoop2 and .dependencyLoop2.original
	at ptolemy.actor.util.CausalityInterfaceForComposites._computeOutputPortDepth(CausalityInterfaceForComposites.java:759)
	at ptolemy.actor.util.CausalityInterfaceForComposites._computeInputDepth(CausalityInterfaceForComposites.java:696)
	at ptolemy.actor.util.CausalityInterfaceForComposites._computeOutputPortDepth(CausalityInterfaceForComposites.java:765)
	at ptolemy.actor.util.CausalityInterfaceForComposites._computeInputDepth(CausalityInterfaceForComposites.java:696)
	at ptolemy.actor.util.CausalityInterfaceForComposites._computeOutputPortDepth(CausalityInterfaceForComposites.java:765)
	at ptolemy.actor.util.CausalityInterfaceForComposites._computeInputDepth(CausalityInterfaceForComposites.java:696)
	at ptolemy.actor.util.CausalityInterfaceForComposites._computeActorDepth(CausalityInterfaceForComposites.java:532)
	at ptolemy.actor.util.CausalityInterfaceForComposites.checkForCycles(CausalityInterfaceForComposites.java:96)
	at ptolemy.domains.de.kernel.DEDirector.preinitialize(DEDirector.java:1338)
	at ptolemy.actor.CompositeActor.preinitialize(CompositeActor.java:1828)
	at ptolemy.actor.Manager.preinitializeAndResolveTypes(Manager.java:1040)
	at ptolemy.actor.Manager.initialize(Manager.java:710)
	at ptolemy.actor.Manager.execute(Manager.java:356)
	at ptolemy.actor.Manager.run(Manager.java:1263)
	at ptolemy.actor.Manager$PtolemyRunThread.run(Manager.java:1933)
java.lang.reflect.InvocationTargetException
	at java.base/jdk.internal.reflect.NativeConstructorAccessorImpl.newInstance0(Native Method)
	at java.base/jdk.internal.reflect.NativeConstructorAccessorImpl.newInstance(NativeConstructorAccessorImpl.java:62)
	at java.base/jdk.internal.reflect.DelegatingConstructorAccessorImpl.newInstance(DelegatingConstructorAccessorImpl.java:45)
	at java.base/java.lang.reflect.Constructor.newInstance(Constructor.java:490)
	at ptolemy.util.test.junit.AutoKnownFailedTests.RunModel(AutoKnownFailedTests.java:105)
	at java.base/jdk.internal.reflect.NativeMethodAccessorImpl.invoke0(Native Method)
	at java.base/jdk.internal.reflect.NativeMethodAccessorImpl.invoke(NativeMethodAccessorImpl.java:62)
	at java.base/jdk.internal.reflect.DelegatingMethodAccessorImpl.invoke(DelegatingMethodAccessorImpl.java:43)
	at java.base/java.lang.reflect.Method.invoke(Method.java:566)
	at org.junit.runners.model.FrameworkMethod$1.runReflectiveCall(FrameworkMethod.java:44)
	at org.junit.internal.runners.model.ReflectiveCallable.run(ReflectiveCallable.java:15)
	at org.junit.runners.model.FrameworkMethod.invokeExplosively(FrameworkMethod.java:41)
	at junitparams.internal.InvokeParameterisedMethod.evaluate(InvokeParameterisedMethod.java:102)
	at org.junit.internal.runners.statements.FailOnTimeout$1.run(FailOnTimeout.java:28)
Caused by: ptolemy.kernel.util.IllegalActionException: Found a zero delay loop containing .dependencyLoop2.original
  in .dependencyLoop2 and .dependencyLoop2.original
	at ptolemy.actor.util.CausalityInterfaceForComposites._computeOutputPortDepth(CausalityInterfaceForComposites.java:759)
	at ptolemy.actor.util.CausalityInterfaceForComposites._computeInputDepth(CausalityInterfaceForComposites.java:696)
	at ptolemy.actor.util.CausalityInterfaceForComposites._computeOutputPortDepth(CausalityInterfaceForComposites.java:765)
	at ptolemy.actor.util.CausalityInterfaceForComposites._computeInputDepth(CausalityInterfaceForComposites.java:696)
	at ptolemy.actor.util.CausalityInterfaceForComposites._computeOutputPortDepth(CausalityInterfaceForComposites.java:765)
	at ptolemy.actor.util.CausalityInterfaceForComposites._computeInputDepth(CausalityInterfaceForComposites.java:696)
	at ptolemy.actor.util.CausalityInterfaceForComposites._computeActorDepth(CausalityInterfaceForComposites.java:532)
	at ptolemy.actor.util.CausalityInterfaceForComposites.checkForCycles(CausalityInterfaceForComposites.java:96)
	at ptolemy.domains.de.kernel.DEDirector.preinitialize(DEDirector.java:1338)
	at ptolemy.actor.CompositeActor.preinitialize(CompositeActor.java:1828)
	at ptolemy.actor.Manager.preinitializeAndResolveTypes(Manager.java:1040)
	at ptolemy.actor.Manager.initialize(Manager.java:710)
	at ptolemy.actor.Manager.execute(Manager.java:356)
	at ptolemy.actor.Manager.run(Manager.java:1263)
	at ptolemy.actor.Manager$PtolemyRunThread.run(Manager.java:1933)
]]></system-err>
</testsuite>
