<?xml version="1.0" encoding="UTF-8" ?>
<testsuite errors="0" failures="0" hostname="travis-job-5a5dd1d9-4c7b-4551-91f4-2547c8f655d2" name="ptolemy.actor.lib.test.junit.JUnitTclTest" skipped="0" tests="517" time="62.894" timestamp="2019-04-14T03:59:14">
  <properties>
    <property name="npm.executable" value="npm" />
    <property name="file.encoding.pkg" value="sun.io" />
    <property name="env.TRAVIS_ROOT" value="/" />
    <property name="ptII.mk.exists" value="true" />
    <property name="env.TRAVIS_APP_HOST" value="build.travis-ci.org" />
    <property name="env.rvm_bin_path" value="/home/travis/.rvm/bin" />
    <property name="java.home" value="/usr/lib/jvm/java-8-oracle/jre" />
    <property name="env.TRAVIS_JOB_NUMBER" value="1088.8" />
    <property name="env.TRAVIS_HOME" value="/home/travis" />
    <property name="env.DISPLAY" value=":99.0" />
    <property name="java.net.preferIPv4Stack" value="true" />
    <property name="env.TRAVIS_INIT" value="upstart" />
    <property name="env.SSH_TTY" value="/dev/pts/0" />
    <property name="env.RUN_TESTS" value="true" />
    <property name="timeout.short" value="1000000" />
    <property name="env.TRAVIS_JOB_NAME" value="" />
    <property name="env.TRAVIS_STACK_NODE_ATTRIBUTES" value="/.node-attributes.yml" />
    <property name="junit.formatter" value="xml" />
    <property name="java.endorsed.dirs" value="/usr/lib/jvm/java-8-oracle/jre/lib/endorsed" />
    <property name="env.TRAVIS_SUDO" value="true" />
    <property name="env.LOGNAME" value="travis" />
    <property name="env.PT_TRAVIS_TEST_CORE1_XML" value="true" />
    <property name="jsdoc.home" value="node_modules/@terraswarm/jsdoc" />
    <property name="debuglevel" value="source,lines,vars" />
    <property name="checkstyle.formatter" value="xml" />
    <property name="bin.vergil.makeable" value="true" />
    <property name="env._system_version" value="14.04" />
    <property name="sun.os.patch.level" value="unknown" />
    <property name="java.vendor.url" value="http://java.oracle.com/" />
    <property name="env.TRAVIS_BUILD_WEB_URL" value="https://travis-ci.org/icyphy/ptII/builds/519819249" />
    <property name="java.version" value="1.8.0_151" />
    <property name="env.TZ" value="UTC" />
    <property name="env.PT_NO_NET" value="true" />
    <property name="env.TRAVIS_PULL_REQUEST_SHA" value="" />
    <property name="env.TRAVIS_SECURE_ENV_VARS" value="true" />
    <property name="env._system_type" value="Linux" />
    <property name="java.vendor.url.bug" value="http://bugreport.sun.com/bugreport/" />
    <property name="env.SSH_CLIENT" value="10.10.4.15 47696 22" />
    <property name="npmjs-org-is-up" value="true" />
    <property name="env.GEM_HOME" value="/home/travis/.rvm/gems/ruby-2.4.1" />
    <property name="env.HAS_ANTARES_THREE_LITTLE_FRONZIES_BADGE" value="true" />
    <property name="env.PS4" value="+" />
    <property name="ant.project.invoked-targets" value="build,test.core1.xml" />
    <property name="env.TRAVIS_PULL_REQUEST_BRANCH" value="" />
    <property name="env.TRAVIS_REPO_SLUG" value="icyphy/ptII" />
    <property name="env.TRAVIS_APT_PROXY" value="http://build-cache.travisci.net" />
    <property name="node.in.path" value="true" />
    <property name="java.maxmemory" value="1400m" />
    <property name="env.RUBY_VERSION" value="ruby-2.4.1" />
    <property name="user.name" value="travis" />
    <property name="env.LANG" value="en_US.UTF-8" />
    <property name="sun.io.unicode.encoding" value="UnicodeLittle" />
    <property name="sun.jnu.encoding" value="UTF-8" />
    <property name="java.runtime.name" value="Java(TM) SE Runtime Environment" />
    <property name="usefile" value="false" />
    <property name="return.code" value="0" />
    <property name="junit.single.formatter" value="plain" />
    <property name="env.DYLD_LIBRARY_PATH" value="/home/travis/pthla/certi-tools/lib:" />
    <property name="env.DEBIAN_FRONTEND" value="noninteractive" />
    <property name="env.SSH_CONNECTION" value="10.10.4.15 47696 10.20.0.160 22" />
    <property name="env.MYSQL_UNIX_PORT" value="/var/run/mysqld/mysqld.sock" />
    <property name="env.TRAVIS_ALLOW_FAILURE" value="false" />
    <property name="env.LC_ALL" value="en_US.UTF-8" />
    <property name="env.TRAVIS_JOB_WEB_URL" value="https://travis-ci.org/icyphy/ptII/jobs/519819257" />
    <property name="java.specification.name" value="Java Platform API Specification" />
    <property name="node.works" value="true" />
    <property name="user.timezone" value="" />
    <property name="path.separator" value=":" />
    <property name="env.TRAVIS_ENABLE_INFRA_DETECTION" value="true" />
    <property name="env.PYTHON_CFLAGS" value="-g -fstack-protector --param=ssp-buffer-size=4 -Wformat -Werror=format-security" />
    <property name="timeout.long" value="4000000" />
    <property name="env.CERTI_HOME" value="/home/travis/pthla/certi-tools" />
    <property name="file.encoding" value="UTF-8" />
    <property name="ant.file.ptII" value="/home/travis/build/icyphy/ptII/build.xml" />
    <property name="javadoc.packagenames" value="com.*,diva.*,lbnl.*,org.hlacerti.*,org.json.*,org.ptolemy.*,org.terraswarm.*,ptolemy.*,ptserver.*" />
    <property name="env.TRAVIS_PULL_REQUEST_SLUG" value="" />
    <property name="ant.project.default-target" value="build" />
    <property name="env.GIT_ASKPASS" value="echo" />
    <property name="env.HOME" value="/home/travis" />
    <property name="sun.java.command" value="org.apache.tools.ant.taskdefs.optional.junit.JUnitTestRunner ptolemy.actor.lib.test.junit.JUnitTclTest skipNonTests=false filtertrace=true haltOnError=false haltOnFailure=false formatter=org.apache.tools.ant.taskdefs.optional.junit.OutErrSummaryJUnitResultFormatter showoutput=true outputtoformatters=true logfailedtests=true threadid=0 logtestlistenerevents=false formatter=org.apache.tools.ant.taskdefs.optional.junit.XMLJUnitResultFormatter,/home/travis/build/icyphy/ptII/reports/junit/TEST-ptolemy.actor.lib.test.junit.JUnitTclTest.xml crashfile=/home/travis/build/icyphy/ptII/junitvmwatcher7902505988899260602.properties propsfile=/home/travis/build/icyphy/ptII/junit7474971195316085958.properties" />
    <property name="env.MANPATH" value="/home/travis/.nvm/versions/node/v7.10.1/share/man:/home/travis/.kiex/elixirs/elixir-1.4.5/man:/home/travis/.rvm/rubies/ruby-2.4.1/share/man:/usr/local/man:/usr/local/cmake-3.9.2/man:/usr/local/clang-5.0.0/share/man:/usr/local/share/man:/usr/share/man:/home/travis/.rvm/man" />
    <property name="env.COMPOSER_NO_INTERACTION" value="1" />
    <property name="env.JDK_SWITCHER_DEFAULT" value="oraclejdk8" />
    <property name="env.TRAVIS_TIMER_ID" value="02e6ec74" />
    <property name="ant.file" value="/home/travis/build/icyphy/ptII/build.xml" />
    <property name="env.TRAVIS_COMMIT_RANGE" value="405002c6a29ccb964573ebfc03c49394c90a3a58...3d6a7c638f166608a27885e62bff14e707681c86" />
    <property name="env._system_name" value="Ubuntu" />
    <property name="timeout" value="2400000" />
    <property name="ptII.classpath.optional.property" value="/home/travis/build/icyphy/ptII/lib/bsh-2.0b4.jar:/home/travis/build/icyphy/ptII/lib/ptCal.jar:/home/travis/build/icyphy/ptII/lib/java_cup.jar:/home/travis/build/icyphy/ptII/lib/saxon8.jar:/home/travis/build/icyphy/ptII/lib/saxon8-dom.jar:/home/travis/build/icyphy/ptII/lib/chic.jar:/home/travis/build/icyphy/ptII/lib/ptcolt.jar:/usr/lib/jvm/java-8-oracle/lib/tools.jar:/home/travis/build/icyphy/ptII/vendors/misc/itext/iText.jar:/home/travis/build/icyphy/ptII/lib/g4ltl.jar:/home/travis/build/icyphy/ptII/lib/StructuralCoder.jar:/home/travis/build/icyphy/ptII/vendors/jai-1_1_2_01/lib/jai_core.jar:/home/travis/build/icyphy/ptII/vendors/jai-1_1_2_01/lib/jai_codec.jar:/home/travis/build/icyphy/ptII/lib/jcerti.jar:/home/travis/build/icyphy/ptII/lib/javax.mail.jar:/home/travis/build/icyphy/ptII/vendors/JMF-2.1.1e/lib/jmf.jar:/home/travis/build/icyphy/ptII/lib/jna-4.0.0-variadic.jar:/home/travis/build/icyphy/ptII/vendors/misc/joystick/Joystick.jar:/home/travis/build/icyphy/ptII/lib/ptjacl.jar:/home/travis/build/icyphy/ptII/lib/jsoup-1.8.2.jar:/home/travis/build/icyphy/ptII/lib/junit-4.8.2.jar:/home/travis/build/icyphy/ptII/lib/JUnitParams-0.4.0.jar:/home/travis/build/icyphy/ptII/ptolemy/actor/lib/excel/jxl.jar:/home/travis/build/icyphy/ptII/lib/jython.jar:/home/travis/build/icyphy/ptII/lib/kieler.jar:/home/travis/build/icyphy/ptII/vendors/opencv/share/OpenCV/java/opencv-341.jar:/home/travis/build/icyphy/ptII/lib/oscP5.jar:/home/travis/build/icyphy/ptII/lib/nrjavaserial-3.11.0.devel.jar:/home/travis/build/icyphy/ptII/vendors/j3d/lib/j3dcore.jar:/home/travis/build/icyphy/ptII/vendors/j3d/lib/j3dutils.jar:/home/travis/build/icyphy/ptII/vendors/j3d/lib/vecmath.jar:/home/travis/build/icyphy/ptII/ptolemy/distributed/jini/jar/jini-core.jar:/home/travis/build/icyphy/ptII/ptolemy/distributed/jini/jar/jini-ext.jar:/home/travis/build/icyphy/ptII/ptolemy/distributed/jini/jar/sun-util.jar:/home/travis/build/icyphy/ptII/lib/protobuf-java-2.4.1.jar:/home/travis/build/icyphy/ptII/lib/org.eclipse.paho.client.mqttv3.jar:/home/travis/build/icyphy/ptII/lib/mapss.jar:/home/travis/build/icyphy/ptII/ptolemy/actor/ptalon/antlr/antlr.jar:/home/travis/build/icyphy/ptII/lib/JRI.jar:/home/travis/build/icyphy/ptII/lib/commons-lang-2.6.jar:/home/travis/build/icyphy/ptII/lib/commons-logging-1.1.1.jar:/home/travis/build/icyphy/ptII/lib/sootclasses.jar:/home/travis/build/icyphy/ptII/ptolemy/actor/lib/database/mysql-connector-java-5.1.6-bin.jar:/home/travis/build/icyphy/ptII/vendors/misc/sphinx4/sphinx4-data-5prealpha.jar:/home/travis/build/icyphy/ptII/vendors/misc/sphinx4/sphinx4-core-5prealpha.jar:/home/travis/build/icyphy/ptII/lib/PDFRenderer.jar:/home/travis/build/icyphy/ptII/lib/svgSalamander.jar:/home/travis/build/icyphy/ptII/lib/rsyntaxtextarea-2.6.0-SNAPSHOT.jar:/home/travis/build/icyphy/ptII/lib/hazelcast-3.8.2.jar:/home/travis/build/icyphy/ptII/lib/jackson-annotations-2.9.0.jar:/home/travis/build/icyphy/ptII/lib/jackson-core-2.9.3.jar:/home/travis/build/icyphy/ptII/lib/jackson-databind-2.9.3.jar:/home/travis/build/icyphy/ptII/lib/netty-buffer-4.1.19.Final.jar:/home/travis/build/icyphy/ptII/lib/netty-codec-4.1.19.Final.jar:/home/travis/build/icyphy/ptII/lib/netty-codec-dns-4.1.19.Final.jar:/home/travis/build/icyphy/ptII/lib/netty-codec-http-4.1.19.Final.jar:/home/travis/build/icyphy/ptII/lib/netty-codec-http2-4.1.19.Final.jar:/home/travis/build/icyphy/ptII/lib/netty-common-4.1.19.Final.jar:/home/travis/build/icyphy/ptII/lib/netty-handler-4.1.19.Final.jar:/home/travis/build/icyphy/ptII/lib/netty-resolver-4.1.19.Final.jar:/home/travis/build/icyphy/ptII/lib/netty-resolver-dns-4.1.19.Final.jar:/home/travis/build/icyphy/ptII/lib/netty-transport-4.1.19.Final.jar:/home/travis/build/icyphy/ptII/lib/vertx-codegen-3.5.1.jar:/home/travis/build/icyphy/ptII/lib/vertx-core-3.5.2-SNAPSHOT.jar:/home/travis/build/icyphy/ptII/lib/vertx-hazelcast-3.5.1.jar:/home/travis/build/icyphy/ptII/lib/vertx-lang-js-3.5.1.jar:/home/travis/build/icyphy/ptII/lib/vertx-service-proxy-3.5.1.jar:/home/travis/build/icyphy/ptII/lib/vertx-web-3.5.1.jar:/home/travis/build/icyphy/ptII/lib/slf4j-api-1.7.13.jar:/home/travis/build/icyphy/ptII/lib/slf4j-simple-1.7.13.jar:/home/travis/build/icyphy/ptII/lib/webcam-capture-0.3.12.jar:/home/travis/build/icyphy/ptII/lib/bridj-0.7.0.jar:/home/travis/build/icyphy/ptII/lib/xbjlib-1.1.0.nrjavaserial.jar" />
    <property name="test.batch" value="**/junit/*.java" />
    <property name="env._" value="/usr/bin/timeout" />
    <property name="java.io.tmpdir" value="/tmp" />
    <property name="env.TRAVIS_INTERNAL_RUBY_REGEX" value="^ruby-(2\.[0-4]\.[0-9]|1\.9\.3)" />
    <property name="user.language" value="en" />
    <property name="env.HISTCONTROL" value="ignoredups:ignorespace" />
    <property name="env.GOROOT" value="/home/travis/.gimme/versions/go1.7.4.linux.amd64" />
    <property name="line.separator" value="&#xa;" />
    <property name="target" value="1.8" />
    <property name="env.TRAVIS_BUILD_DIR" value="/home/travis/build/icyphy/ptII" />
    <property name="env.ANT_OPTS" value="-Xmx2048m" />
    <property name="ant.file.type" value="file" />
    <property name="ptolemy.ptII.batchMode" value="true" />
    <property name="env.HISTSIZE" value="1000" />
    <property name="env.MERB_ENV" value="test" />
    <property name="java.vm.info" value="mixed mode" />
    <property name="source" value="1.8" />
    <property name="java.vm.specification.name" value="Java Virtual Machine Specification" />
    <property name="env.TRAVIS_TEST_RESULT" value="0" />
    <property name="jsdoc.command" value="node_modules/@terraswarm/jsdoc/jsdoc.js" />
    <property name="npm.works" value="true" />
    <property name="cobertura.dir" value="/home/travis/build/icyphy/ptII/vendors/cobertura-2.0.3" />
    <property name="env.rvm_path" value="/home/travis/.rvm" />
    <property name="env.GEM_PATH" value="/home/travis/.rvm/gems/ruby-2.4.1:/home/travis/.rvm/gems/ruby-2.4.1@global" />
    <property name="env.LC_CTYPE" value="en_US.UTF-8" />
    <property name="java.awt.printerjob" value="sun.print.PSPrinterJob" />
    <property name="env.TRAVIS_CMD" value="$PTII/bin/ptIITravisBuild.sh $SECONDS" />
    <property name="env.TRAVIS_STACK_NAME" value="garnet" />
    <property name="env.TRAVIS_TIMER_START_TIME" value="1555213976133921091" />
    <property name="ant.version" value="Apache Ant(TM) version 1.10.1 compiled on February 2 2017" />
    <property name="ptII.reports" value="/home/travis/build/icyphy/ptII/reports" />
    <property name="env.TRAVIS_STACK_TIMESTAMP" value="2017-12-05 19:33:09 UTC" />
    <property name="ant.file.type.ptII" value="file" />
    <property name="env.RBENV_SHELL" value="bash" />
    <property name="os.name" value="Linux" />
    <property name="java.specification.vendor" value="Oracle Corporation" />
    <property name="env.rvm_version" value="1.29.3 (latest)" />
    <property name="env.TRAVIS_INFRA" value="gce" />
    <property name="env.TERM" value="xterm" />
    <property name="java.vm.name" value="Java HotSpot(TM) 64-Bit Server VM" />
    <property name="env.TRAVIS_BUILD_NUMBER" value="1088" />
    <property name="env.CI" value="true" />
    <property name="java.library.path" value="/home/travis/pthla/certi-tools/lib:/usr/lib/jni:/usr/local/share/OpenCV/java/:/usr/share/OpenCV/java::/usr/java/packages/lib/amd64:/usr/lib64:/lib64:/lib:/usr/lib" />
    <property name="env.rvm_prefix" value="/home/travis" />
    <property name="env.PATH" value="/home/travis/pthla/certi-tools/share/scripts:/home/travis/.rvm/gems/ruby-2.4.1/bin:/home/travis/.rvm/gems/ruby-2.4.1@global/bin:/home/travis/.rvm/rubies/ruby-2.4.1/bin:/home/travis/.rvm/bin:/home/travis/.nvm/versions/node/v7.10.1/bin:./node_modules/.bin:/home/travis/build/icyphy/ptII/bin:/home/travis/pthla/certi-tools/bin:/home/travis/bin:/home/travis/.local/bin:/opt/pyenv/shims:/home/travis/.phpenv/shims:/home/travis/perl5/perlbrew/bin:/home/travis/.kiex/elixirs/elixir-1.4.5/bin:/home/travis/.kiex/bin:/home/travis/gopath/bin:/home/travis/.gimme/versions/go1.7.4.linux.amd64/bin:/usr/local/phantomjs/bin:/usr/local/phantomjs:/usr/local/neo4j-3.2.7/bin:/usr/local/maven-3.5.2/bin:/usr/local/cmake-3.9.2/bin:/usr/local/clang-5.0.0/bin:/usr/local/sbin:/usr/local/bin:/usr/sbin:/usr/bin:/sbin:/bin:/home/travis/.phpenv/bin:/opt/pyenv/bin:/home/travis/.yarn/bin" />
    <property name="env.TRAVIS_OS_NAME" value="linux" />
    <property name="ant.java.version" value="1.8" />
    <property name="basedir" value="/home/travis/build/icyphy/ptII" />
    <property name="java.class.version" value="52.0" />
    <property name="env.SHLVL" value="3" />
    <property name="env.LD_LIBRARY_PATH" value="/home/travis/pthla/certi-tools/lib:/usr/lib/jni:/usr/local/share/OpenCV/java/:/usr/share/OpenCV/java:" />
    <property name="env.RACK_ENV" value="test" />
    <property name="ant.home" value="/home/travis/build/icyphy/ptII/ant" />
    <property name="env.PERLBREW_BASHRC_VERSION" value="0.80" />
    <property name="env.NVM_DIR" value="/home/travis/.nvm" />
    <property name="env.TRAVIS_BUILD_ID" value="519819249" />
    <property name="env.CERTI_FOM_PATH" value="/home/travis/pthla/certi-tools/share/federations" />
    <property name="env.PYENV_ROOT" value="/opt/pyenv" />
    <property name="env.TRAVIS_UID" value="2000" />
    <property name="env.rvm_pretty_print_flag" value="auto" />
    <property name="env.NVM_BIN" value="/home/travis/.nvm/versions/node/v7.10.1/bin" />
    <property name="env.TRAVIS_COMMIT" value="3d6a7c638f166608a27885e62bff14e707681c86" />
    <property name="env._system_arch" value="x86_64" />
    <property name="node.executable" value="node" />
    <property name="sun.boot.library.path" value="/usr/lib/jvm/java-8-oracle/jre/lib/amd64" />
    <property name="sun.management.compiler" value="HotSpot 64-Bit Tiered Compilers" />
    <property name="env.GOPATH" value="/home/travis/gopath" />
    <property name="java.awt.graphicsenv" value="sun.awt.X11GraphicsEnvironment" />
    <property name="ptolemy.ptII.dir" value="/home/travis/build/icyphy/ptII" />
    <property name="env.USER" value="travis" />
    <property name="env.HISTFILESIZE" value="2000" />
    <property name="timeout.longest" value="19000000" />
    <property name="env.TRAVIS_STACK_FEATURES" value="basic cassandra chromium couchdb disabled-ipv6 docker docker-compose elasticsearch firefox go-toolchain google-chrome jdk memcached mongodb mysql neo4j nodejs_interpreter perl_interpreter perlbrew phantomjs postgresql python_interpreter rabbitmq redis riak ruby_interpreter sqlite xserver" />
    <property name="env.TRAVIS_PULL_REQUEST" value="false" />
    <property name="env.PYENV_SHELL" value="bash" />
    <property name="ant.project.name" value="ptII" />
    <property name="java.vm.specification.version" value="1.8" />
    <property name="env.ANSI_RESET" value="\033[0m" />
    <property name="env.TRAVIS_DIST" value="trusty" />
    <property name="env.CERTI_VERSION" value="4.0.0" />
    <property name="env.NLSPATH" value="/usr/dt/lib/nls/msg/%L/%N.cat" />
    <property name="awt.toolkit" value="sun.awt.X11.XToolkit" />
    <property name="env.CERTI_HOST" value="localhost" />
    <property name="env.MY_RUBY_HOME" value="/home/travis/.rvm/rubies/ruby-2.4.1" />
    <property name="sun.cpu.isalist" value="" />
    <property name="env.TRAVIS_TMPDIR" value="/tmp/tmp.3BxNJQ5Caj" />
    <property name="java.ext.dirs" value="/usr/lib/jvm/java-8-oracle/jre/lib/ext:/usr/java/packages/lib/ext" />
    <property name="os.version" value="4.4.0-101-generic" />
    <property name="user.home" value="/home/travis" />
    <property name="env.MIX_ARCHIVES" value="/home/travis/.kiex/mix/elixir-1.4.5" />
    <property name="java.vm.vendor" value="Oracle Corporation" />
    <property name="env.TRAVIS_TAG" value="nightly" />
    <property name="env.ANSI_YELLOW" value="\033[33;1m" />
    <property name="env.TRAVIS_FILTERED" value="redirect_io" />
    <property name="env.ANSI_GREEN" value="\033[32;1m" />
    <property name="env.JAVA_HOME" value="/usr/lib/jvm/java-8-oracle" />
    <property name="env.PTII" value="/home/travis/build/icyphy/ptII" />
    <property name="javadoc.excludepackagenames" value="adm.cvs2svn.*,build.*,config.*,doc.coding.templates.*,jni.test.jni.meaningOfLife.*,jni.test.jni.testDeux.*,jni.test.jni.testTrois.*,org.terraswarm.accessor.accessors.web.node_modules.*,org.terraswarm.accessor.accessors.web.hosts.cordova.demo.*,org.terraswarm.accessor.accessors.web.hosts.cordova.plugins.*,org.terraswarm.accessor.accessors-svn.*,pt-modules.*,ptolemy.apps.agilent.*,ptolemy.apps.anytimecontrol.*,ptolemy.apps.apes.*,ptolemy.apps.charon.*,ptolemy.apps.crazyboard.*,ptolemy.apps.eclipse.*,ptolemy.apps.etherealSting.*,ptolemy.apps.fullscreen.*,ptolemy.apps.giotto.*,ptolemy.apps.ia.*,ptolemy.apps.interfaces.*,ptolemy.apps.jmf.*,ptolemy.apps.kurt.*,ptolemy.apps.kvm.*,ptolemy.apps.lego.*,ptolemy.apps.lejos.*,ptolemy.apps.midp.*,ptolemy.apps.mobileCoding.*,ptolemy.apps.pendulum.*,ptolemy.apps.rijndael.*,ptolemy.apps.robot.*,ptolemy.apps.security.*,ptolemy.apps.sobel.*,ptolemy.apps.soot.*,ptolemy.apps.throttle.*,ptolemy.apps.tini.*,ptolemy.apps.transmission.*,ptolemy.apps.vergil.*,ptolemy.apps.waba.*,ptolemy.apps.websensor.*,ptolemy.apps.webstart.*,ptolemy.apps.xsl.*,ptolemy.apps.zaurus.*,ptolemy.codegen.c.actor.lib.oldJavaFiles.*,ptolemy.codegen.dsp.lib.*,ptolemy.codegen.kernel.newInterfaces.*,ptolemy.codegen.lib.*,ptolemy.copernicus.kernel.fragment.*,ptolemy.copernicus.shallow.cg.*,ptolemy.domains.giotto.demo.Hierarchy.Hierarchy.*,ptolemy.domains.giotto.demo.Multimode.Multimode.*,ptolemy.domains.giotto.demo.Simple.Simple.*,ptolemy.domains.gr.lib.experimental.*,ptolemy.domains.gro.*,ptolemy.domains.pdf.*,ptolemy.domains.ptinyos.demo.Surge.output.*,ptolemy.moml.test.NoPackageActor.java*,ptolemy.plot.adm.*,ptolemy.plot.servlet.*,reports.*,signed.*,src.*,target.*,vendors.*,ptolemy.apps.eclipse.awt.*,ptolemy.backtrack.*,ptolemy.backtrack.ast.*,ptolemy.cg.adapter.generic.program.procedural.c.mbed*,ptolemy.homer.*,org.ptolemy.scala.*,diva.util.java2d.svg.*,ptolemy.domains.ptinyos.*,ptolemy.actor.lib.fmi.fmipp.*,,org.terraswarm.accessor.accessors.web.node_modules.*,org.terraswarm.accessor.accessors-svn,ptolemy.apps.*,ptolemy.actor.ptalon.demo.ptinyos.SendAndReceiveCnt.output,ptolemy.actor.ptalon.demo.ptinyos.SenseToLeds.output,ptolemy.domains.ptinyos.demo.CntToLedsAndRfm.output,ptolemy.domains.ptinyos.demo.RfmToLeds.output,ptolemy.domains.ptinyos.demo.SendAndReceiveCnt.output,ptolemy.domains.ptinyos.demo.SenseToLeds.output,ptolemy.actor.lib.jjs.modules.udpSocket.*" />
    <property name="env.TRAVIS_COMMIT_MESSAGE" value="Conform org/hlacerti/models/1Subscriber1PublisherCheckInstanceNameMatching model to HlaManager refactoring." />
    <property name="keystore" value="ptKeystore" />
    <property name="env.XDG_SESSION_ID" value="2" />
    <property name="junit.output.dir" value="/home/travis/build/icyphy/ptII/reports/junit" />
    <property name="npm.return.code" value="0" />
    <property name="user.dir" value="/home/travis/build/icyphy/ptII/ptolemy/actor/lib/test" />
    <property name="env.TRAVIS_NODE_VERSION" value="7" />
    <property name="env.XFILESEARCHPATH" value="/usr/dt/app-defaults/%L/Dt" />
    <property name="env.TRAVIS_EVENT_TYPE" value="cron" />
    <property name="env.MAIL" value="/var/mail/travis" />
    <property name="env.PWD" value="/home/travis/build/icyphy/ptII" />
    <property name="env.PERLBREW_ROOT" value="/home/travis/perl5/perlbrew" />
    <property name="timeout.npm" value="45000" />
    <property name="env.TRAVIS_ARCH" value="amd64" />
    <property name="env.PAGER" value="cat" />
    <property name="sun.cpu.endian" value="little" />
    <property name="env.TRAVIS_BUILD_STAGE_NAME" value="Test" />
    <property name="env.PERLBREW_HOME" value="/home/travis/.perlbrew" />
    <property name="env.RAILS_ENV" value="test" />
    <property name="java.vm.version" value="25.151-b12" />
    <property name="java.class.path" value="/home/travis/.ptolemyII:/home/travis/.ptolemyII/*:/home/travis/build/icyphy/ptII:/home/travis/build/icyphy/ptII/lib/bsh-2.0b4.jar:/home/travis/build/icyphy/ptII/lib/ptCal.jar:/home/travis/build/icyphy/ptII/lib/java_cup.jar:/home/travis/build/icyphy/ptII/lib/saxon8.jar:/home/travis/build/icyphy/ptII/lib/saxon8-dom.jar:/home/travis/build/icyphy/ptII/lib/chic.jar:/home/travis/build/icyphy/ptII/lib/ptcolt.jar:/usr/lib/jvm/java-8-oracle/lib/tools.jar:/home/travis/build/icyphy/ptII/vendors/misc/itext/iText.jar:/home/travis/build/icyphy/ptII/lib/g4ltl.jar:/home/travis/build/icyphy/ptII/lib/StructuralCoder.jar:/home/travis/build/icyphy/ptII/vendors/jai-1_1_2_01/lib/jai_core.jar:/home/travis/build/icyphy/ptII/vendors/jai-1_1_2_01/lib/jai_codec.jar:/home/travis/build/icyphy/ptII/lib/jcerti.jar:/home/travis/build/icyphy/ptII/lib/javax.mail.jar:/home/travis/build/icyphy/ptII/vendors/JMF-2.1.1e/lib/jmf.jar:/home/travis/build/icyphy/ptII/lib/jna-4.0.0-variadic.jar:/home/travis/build/icyphy/ptII/vendors/misc/joystick/Joystick.jar:/home/travis/build/icyphy/ptII/lib/ptjacl.jar:/home/travis/build/icyphy/ptII/lib/jsoup-1.8.2.jar:/home/travis/build/icyphy/ptII/lib/junit-4.8.2.jar:/home/travis/build/icyphy/ptII/lib/JUnitParams-0.4.0.jar:/home/travis/build/icyphy/ptII/ptolemy/actor/lib/excel/jxl.jar:/home/travis/build/icyphy/ptII/lib/jython.jar:/home/travis/build/icyphy/ptII/lib/kieler.jar:/home/travis/build/icyphy/ptII/vendors/opencv/share/OpenCV/java/opencv-341.jar:/home/travis/build/icyphy/ptII/lib/oscP5.jar:/home/travis/build/icyphy/ptII/lib/nrjavaserial-3.11.0.devel.jar:/home/travis/build/icyphy/ptII/vendors/j3d/lib/j3dcore.jar:/home/travis/build/icyphy/ptII/vendors/j3d/lib/j3dutils.jar:/home/travis/build/icyphy/ptII/vendors/j3d/lib/vecmath.jar:/home/travis/build/icyphy/ptII/ptolemy/distributed/jini/jar/jini-core.jar:/home/travis/build/icyphy/ptII/ptolemy/distributed/jini/jar/jini-ext.jar:/home/travis/build/icyphy/ptII/ptolemy/distributed/jini/jar/sun-util.jar:/home/travis/build/icyphy/ptII/lib/protobuf-java-2.4.1.jar:/home/travis/build/icyphy/ptII/lib/org.eclipse.paho.client.mqttv3.jar:/home/travis/build/icyphy/ptII/lib/mapss.jar:/home/travis/build/icyphy/ptII/ptolemy/actor/ptalon/antlr/antlr.jar:/home/travis/build/icyphy/ptII/lib/JRI.jar:/home/travis/build/icyphy/ptII/lib/commons-lang-2.6.jar:/home/travis/build/icyphy/ptII/lib/commons-logging-1.1.1.jar:/home/travis/build/icyphy/ptII/lib/sootclasses.jar:/home/travis/build/icyphy/ptII/ptolemy/actor/lib/database/mysql-connector-java-5.1.6-bin.jar:/home/travis/build/icyphy/ptII/vendors/misc/sphinx4/sphinx4-data-5prealpha.jar:/home/travis/build/icyphy/ptII/vendors/misc/sphinx4/sphinx4-core-5prealpha.jar:/home/travis/build/icyphy/ptII/lib/PDFRenderer.jar:/home/travis/build/icyphy/ptII/lib/svgSalamander.jar:/home/travis/build/icyphy/ptII/lib/rsyntaxtextarea-2.6.0-SNAPSHOT.jar:/home/travis/build/icyphy/ptII/lib/hazelcast-3.8.2.jar:/home/travis/build/icyphy/ptII/lib/jackson-annotations-2.9.0.jar:/home/travis/build/icyphy/ptII/lib/jackson-core-2.9.3.jar:/home/travis/build/icyphy/ptII/lib/jackson-databind-2.9.3.jar:/home/travis/build/icyphy/ptII/lib/netty-buffer-4.1.19.Final.jar:/home/travis/build/icyphy/ptII/lib/netty-codec-4.1.19.Final.jar:/home/travis/build/icyphy/ptII/lib/netty-codec-dns-4.1.19.Final.jar:/home/travis/build/icyphy/ptII/lib/netty-codec-http-4.1.19.Final.jar:/home/travis/build/icyphy/ptII/lib/netty-codec-http2-4.1.19.Final.jar:/home/travis/build/icyphy/ptII/lib/netty-common-4.1.19.Final.jar:/home/travis/build/icyphy/ptII/lib/netty-handler-4.1.19.Final.jar:/home/travis/build/icyphy/ptII/lib/netty-resolver-4.1.19.Final.jar:/home/travis/build/icyphy/ptII/lib/netty-resolver-dns-4.1.19.Final.jar:/home/travis/build/icyphy/ptII/lib/netty-transport-4.1.19.Final.jar:/home/travis/build/icyphy/ptII/lib/vertx-codegen-3.5.1.jar:/home/travis/build/icyphy/ptII/lib/vertx-core-3.5.2-SNAPSHOT.jar:/home/travis/build/icyphy/ptII/lib/vertx-hazelcast-3.5.1.jar:/home/travis/build/icyphy/ptII/lib/vertx-lang-js-3.5.1.jar:/home/travis/build/icyphy/ptII/lib/vertx-service-proxy-3.5.1.jar:/home/travis/build/icyphy/ptII/lib/vertx-web-3.5.1.jar:/home/travis/build/icyphy/ptII/lib/slf4j-api-1.7.13.jar:/home/travis/build/icyphy/ptII/lib/slf4j-simple-1.7.13.jar:/home/travis/build/icyphy/ptII/lib/webcam-capture-0.3.12.jar:/home/travis/build/icyphy/ptII/lib/bridj-0.7.0.jar:/home/travis/build/icyphy/ptII/lib/xbjlib-1.1.0.nrjavaserial.jar:/home/travis/build/icyphy/ptII/ptolemy/moml/test:/home/travis/build/icyphy/ptII/ant/lib/ant-launcher.jar:/home/travis/build/icyphy/ptII/ant/lib/ant.jar:/home/travis/build/icyphy/ptII/ant/lib/ant-junit.jar:/home/travis/build/icyphy/ptII/ant/lib/ant-junit4.jar" />
    <property name="ant.library.dir" value="/home/travis/build/icyphy/ptII/ant/lib" />
    <property name="os.arch" value="amd64" />
    <property name="env.TRAVIS_LANGUAGE" value="node_js" />
    <property name="env.CONTINUOUS_INTEGRATION" value="true" />
    <property name="env.TRAVIS_STACK_LANGUAGES" value="__garnet__ c c++ clojure cplusplus cpp default go groovy java node_js php pure_java python ruby scala" />
    <property name="test.name" value="ptolemy.actor.lib.test.junit.JUnitTclTest" />
    <property name="sun.java.launcher" value="SUN_STANDARD" />
    <property name="env.PYTHON_CONFIGURE_OPTS" value="--enable-unicode=ucs4 --with-wide-unicode --enable-shared --enable-ipv6 --enable-loadable-sqlite-extensions --with-computed-gotos" />
    <property name="ant.core.lib" value="/home/travis/build/icyphy/ptII/ant/lib/ant.jar" />
    <property name="java.vm.specification.vendor" value="Oracle Corporation" />
    <property name="env.BCVTB_HOME" value="/home/travis/build/icyphy/ptII/lbnl" />
    <property name="file.separator" value="/" />
    <property name="spotbugs.home" value="/home/travis/build/icyphy/ptII/vendors/spotbugs-3.1.1" />
    <property name="java.runtime.version" value="1.8.0_151-b12" />
    <property name="sun.boot.class.path" value="/usr/lib/jvm/java-8-oracle/jre/lib/resources.jar:/usr/lib/jvm/java-8-oracle/jre/lib/rt.jar:/usr/lib/jvm/java-8-oracle/jre/lib/sunrsasign.jar:/usr/lib/jvm/java-8-oracle/jre/lib/jsse.jar:/usr/lib/jvm/java-8-oracle/jre/lib/jce.jar:/usr/lib/jvm/java-8-oracle/jre/lib/charsets.jar:/usr/lib/jvm/java-8-oracle/jre/lib/jfr.jar:/usr/lib/jvm/java-8-oracle/jre/classes" />
    <property name="env.ANSI_CLEAR" value="\033[0K" />
    <property name="env.HAS_JOSH_K_SEAL_OF_APPROVAL" value="true" />
    <property name="env.XDG_RUNTIME_DIR" value="/run/user/2000" />
    <property name="env.TRAVIS_OSX_IMAGE" value="" />
    <property name="env.TRAVIS_BRANCH" value="master" />
    <property name="env.TRAVIS_JOB_ID" value="519819257" />
    <property name="user.country" value="US" />
    <property name="env.CERTI_HOME_TRAVIS" value="/home/travis/pthla/certi-tools" />
    <property name="env.SHELL" value="/bin/bash" />
    <property name="java.maxmemory.large" value="5000m" />
    <property name="model" value="" />
    <property name="env.CASHER_DIR" value="/home/travis/.casher" />
    <property name="env.NVM_CD_FLAGS" value="" />
    <property name="jshint.executable" value="/home/travis/node_modules/jshint/bin/jshint" />
    <property name="java.vendor" value="Oracle Corporation" />
    <property name="env.JRUBY_OPTS" value=" --client -J-XX:+TieredCompilation -J-XX:TieredStopAtLevel=1 -J-Xss2m -Xcompile.invokedynamic=false" />
    <property name="env.TRAVIS_PRE_CHEF_BOOTSTRAP_TIME" value="2017-12-05T19:32:55" />
    <property name="env.TRAVIS_STACK_JOB_BOARD_REGISTER" value="/.job-board-register.yml" />
    <property name="env.ELIXIR_VERSION" value="1.4.5" />
    <property name="env.ANSI_RED" value="\033[31;1m" />
    <property name="java.specification.version" value="1.8" />
    <property name="env.TRAVIS" value="true" />
    <property name="env.IRBRC" value="/home/travis/.rvm/rubies/ruby-2.4.1/.irbrc" />
    <property name="sun.arch.data.model" value="64" />
  </properties>
  <testcase classname="ptolemy.util.test.junit.TclTests" name="[0] /home/travis/build/icyphy/ptII/ptolemy/actor/lib/test/AbsoluteValue.tcl (RunTclFile)" time="0.455" />
  <testcase classname="ptolemy.util.test.junit.TclTests" name="[1] /home/travis/build/icyphy/ptII/ptolemy/actor/lib/test/AddSubtract.tcl (RunTclFile)" time="0.058" />
  <testcase classname="ptolemy.util.test.junit.TclTests" name="[2] /home/travis/build/icyphy/ptII/ptolemy/actor/lib/test/Average.tcl (RunTclFile)" time="0.032" />
  <testcase classname="ptolemy.util.test.junit.TclTests" name="[3] /home/travis/build/icyphy/ptII/ptolemy/actor/lib/test/Bernoulli.tcl (RunTclFile)" time="0.03" />
  <testcase classname="ptolemy.util.test.junit.TclTests" name="[4] /home/travis/build/icyphy/ptII/ptolemy/actor/lib/test/Clock.tcl (RunTclFile)" time="0.114" />
  <testcase classname="ptolemy.util.test.junit.TclTests" name="[5] /home/travis/build/icyphy/ptII/ptolemy/actor/lib/test/Commutator.tcl (RunTclFile)" time="0.158" />
  <testcase classname="ptolemy.util.test.junit.TclTests" name="[6] /home/travis/build/icyphy/ptII/ptolemy/actor/lib/test/Const.tcl (RunTclFile)" time="0.09" />
  <testcase classname="ptolemy.util.test.junit.TclTests" name="[7] /home/travis/build/icyphy/ptII/ptolemy/actor/lib/test/CurrentTime.tcl (RunTclFile)" time="0.025" />
  <testcase classname="ptolemy.util.test.junit.TclTests" name="[8] /home/travis/build/icyphy/ptII/ptolemy/actor/lib/test/DB.tcl (RunTclFile)" time="0.021" />
  <testcase classname="ptolemy.util.test.junit.TclTests" name="[9] /home/travis/build/icyphy/ptII/ptolemy/actor/lib/test/DiscreteRandomSource.tcl (RunTclFile)" time="0.06" />
  <testcase classname="ptolemy.util.test.junit.TclTests" name="[10] /home/travis/build/icyphy/ptII/ptolemy/actor/lib/test/Distributor.tcl (RunTclFile)" time="0.039" />
  <testcase classname="ptolemy.util.test.junit.TclTests" name="[11] /home/travis/build/icyphy/ptII/ptolemy/actor/lib/test/Exit.tcl (RunTclFile)" time="0.055" />
  <testcase classname="ptolemy.util.test.junit.TclTests" name="[12] /home/travis/build/icyphy/ptII/ptolemy/actor/lib/test/Expression.tcl (RunTclFile)" time="0.093" />
  <testcase classname="ptolemy.util.test.junit.TclTests" name="[13] /home/travis/build/icyphy/ptII/ptolemy/actor/lib/test/Gaussian.tcl (RunTclFile)" time="0.944" />
  <testcase classname="ptolemy.util.test.junit.TclTests" name="[14] /home/travis/build/icyphy/ptII/ptolemy/actor/lib/test/IIR.tcl (RunTclFile)" time="0.043" />
  <testcase classname="ptolemy.util.test.junit.TclTests" name="[15] /home/travis/build/icyphy/ptII/ptolemy/actor/lib/test/Interpolator.tcl (RunTclFile)" time="0.11" />
  <testcase classname="ptolemy.util.test.junit.TclTests" name="[16] /home/travis/build/icyphy/ptII/ptolemy/actor/lib/test/MathFunction.tcl (RunTclFile)" time="0.065" />
  <testcase classname="ptolemy.util.test.junit.TclTests" name="[17] /home/travis/build/icyphy/ptII/ptolemy/actor/lib/test/Maximum.tcl (RunTclFile)" time="0.025" />
  <testcase classname="ptolemy.util.test.junit.TclTests" name="[18] /home/travis/build/icyphy/ptII/ptolemy/actor/lib/test/Minimum.tcl (RunTclFile)" time="0.041" />
  <testcase classname="ptolemy.util.test.junit.TclTests" name="[19] /home/travis/build/icyphy/ptII/ptolemy/actor/lib/test/MultiplyDivide.tcl (RunTclFile)" time="0.061" />
  <testcase classname="ptolemy.util.test.junit.TclTests" name="[20] /home/travis/build/icyphy/ptII/ptolemy/actor/lib/test/OrderedMerge.tcl (RunTclFile)" time="0.129" />
  <testcase classname="ptolemy.util.test.junit.TclTests" name="[21] /home/travis/build/icyphy/ptII/ptolemy/actor/lib/test/Publisher.tcl (RunTclFile)" time="0.765" />
  <testcase classname="ptolemy.util.test.junit.TclTests" name="[22] /home/travis/build/icyphy/ptII/ptolemy/actor/lib/test/Pulse.tcl (RunTclFile)" time="0.04" />
  <testcase classname="ptolemy.util.test.junit.TclTests" name="[23] /home/travis/build/icyphy/ptII/ptolemy/actor/lib/test/Ramp.tcl (RunTclFile)" time="2.083" />
  <testcase classname="ptolemy.util.test.junit.TclTests" name="[24] /home/travis/build/icyphy/ptII/ptolemy/actor/lib/test/RampContinuous.tcl (RunTclFile)" time="0.019" />
  <testcase classname="ptolemy.util.test.junit.TclTests" name="[25] /home/travis/build/icyphy/ptII/ptolemy/actor/lib/test/RecordAssembler.tcl (RunTclFile)" time="0.016" />
  <testcase classname="ptolemy.util.test.junit.TclTests" name="[26] /home/travis/build/icyphy/ptII/ptolemy/actor/lib/test/RecordDisassembler.tcl (RunTclFile)" time="0.017" />
  <testcase classname="ptolemy.util.test.junit.TclTests" name="[27] /home/travis/build/icyphy/ptII/ptolemy/actor/lib/test/Scale.tcl (RunTclFile)" time="0.017" />
  <testcase classname="ptolemy.util.test.junit.TclTests" name="[28] /home/travis/build/icyphy/ptII/ptolemy/actor/lib/test/SequentialClock.tcl (RunTclFile)" time="0.012" />
  <testcase classname="ptolemy.util.test.junit.TclTests" name="[29] /home/travis/build/icyphy/ptII/ptolemy/actor/lib/test/SetVariable.tcl (RunTclFile)" time="0.014" />
  <testcase classname="ptolemy.util.test.junit.TclTests" name="[30] /home/travis/build/icyphy/ptII/ptolemy/actor/lib/test/Sinewave.tcl (RunTclFile)" time="0.03" />
  <testcase classname="ptolemy.util.test.junit.TclTests" name="[31] /home/travis/build/icyphy/ptII/ptolemy/actor/lib/test/SubscriptionAggregator.tcl (RunTclFile)" time="2.079" />
  <testcase classname="ptolemy.util.test.junit.TclTests" name="[32] /home/travis/build/icyphy/ptII/ptolemy/actor/lib/test/Test.tcl (RunTclFile)" time="0.098" />
  <testcase classname="ptolemy.util.test.junit.TclTests" name="[33] /home/travis/build/icyphy/ptII/ptolemy/actor/lib/test/TestExceptionHandler.tcl (RunTclFile)" time="0.01" />
  <testcase classname="ptolemy.util.test.junit.TclTests" name="[34] /home/travis/build/icyphy/ptII/ptolemy/actor/lib/test/UnionDisassembler.tcl (RunTclFile)" time="0.063" />
  <testcase classname="ptolemy.util.test.junit.TclTests" name="[35] /home/travis/build/icyphy/ptII/ptolemy/actor/lib/test/VariableClock.tcl (RunTclFile)" time="0.032" />
  <testcase classname="ptolemy.util.test.junit.AutoKnownFailedTests" name="[0] /home/travis/build/icyphy/ptII/ptolemy/actor/lib/test/auto/knownFailedTests/PublisherPortToplevelSubscriber.xml (RunModel)" time="0.022" />
  <testcase classname="ptolemy.util.test.junit.AutoKnownFailedTests" name="[1] /home/travis/build/icyphy/ptII/ptolemy/actor/lib/test/auto/knownFailedTests/PublisherSubscriberPortToplevel.xml (RunModel)" time="0.022" />
  <testcase classname="ptolemy.util.test.junit.AutoKnownFailedTests" name="[2] /home/travis/build/icyphy/ptII/ptolemy/actor/lib/test/auto/knownFailedTests/PublisherSubscriptionAggregatorPort.xml (RunModel)" time="0.019" />
  <testcase classname="ptolemy.util.test.junit.AutoKnownFailedTests" name="[3] /home/travis/build/icyphy/ptII/ptolemy/actor/lib/test/auto/knownFailedTests/sizedarray3.xml (RunModel)" time="0.022" />
  <testcase classname="ptolemy.util.test.junit.AutoNameArchTests" name="[0] ThereAreNoAutoArchTests (RunModel)" time="0.001" />
  <testcase classname="ptolemy.util.test.junit.AutoTests" name="[0] /home/travis/build/icyphy/ptII/ptolemy/actor/lib/test/auto/AbsoluteValue.xml (RunModel)" time="0.127" />
  <testcase classname="ptolemy.util.test.junit.AutoTests" name="[1] /home/travis/build/icyphy/ptII/ptolemy/actor/lib/test/auto/AbsoluteValue2.xml (RunModel)" time="0.062" />
  <testcase classname="ptolemy.util.test.junit.AutoTests" name="[2] /home/travis/build/icyphy/ptII/ptolemy/actor/lib/test/auto/Accumulator.xml (RunModel)" time="0.065" />
  <testcase classname="ptolemy.util.test.junit.AutoTests" name="[3] /home/travis/build/icyphy/ptII/ptolemy/actor/lib/test/auto/Accumulator2.xml (RunModel)" time="0.037" />
  <testcase classname="ptolemy.util.test.junit.AutoTests" name="[4] /home/travis/build/icyphy/ptII/ptolemy/actor/lib/test/auto/Accumulator3.xml (RunModel)" time="0.017" />
  <testcase classname="ptolemy.util.test.junit.AutoTests" name="[5] /home/travis/build/icyphy/ptII/ptolemy/actor/lib/test/auto/ArrayAppend.xml (RunModel)" time="0.058" />
  <testcase classname="ptolemy.util.test.junit.AutoTests" name="[6] /home/travis/build/icyphy/ptII/ptolemy/actor/lib/test/auto/ArrayAppend2.xml (RunModel)" time="0.368" />
  <testcase classname="ptolemy.util.test.junit.AutoTests" name="[7] /home/travis/build/icyphy/ptII/ptolemy/actor/lib/test/auto/ArrayAppend3.xml (RunModel)" time="0.039" />
  <testcase classname="ptolemy.util.test.junit.AutoTests" name="[8] /home/travis/build/icyphy/ptII/ptolemy/actor/lib/test/auto/ArrayAppend4.xml (RunModel)" time="0.029" />
  <testcase classname="ptolemy.util.test.junit.AutoTests" name="[9] /home/travis/build/icyphy/ptII/ptolemy/actor/lib/test/auto/ArrayAppend5.xml (RunModel)" time="0.02" />
  <testcase classname="ptolemy.util.test.junit.AutoTests" name="[10] /home/travis/build/icyphy/ptII/ptolemy/actor/lib/test/auto/ArrayAppend6.xml (RunModel)" time="0.016" />
  <testcase classname="ptolemy.util.test.junit.AutoTests" name="[11] /home/travis/build/icyphy/ptII/ptolemy/actor/lib/test/auto/ArrayAppendPerformanceTest.xml (RunModel)" time="0.049" />
  <testcase classname="ptolemy.util.test.junit.AutoTests" name="[12] /home/travis/build/icyphy/ptII/ptolemy/actor/lib/test/auto/ArrayAppendWithEmptyInput.xml (RunModel)" time="0.056" />
  <testcase classname="ptolemy.util.test.junit.AutoTests" name="[13] /home/travis/build/icyphy/ptII/ptolemy/actor/lib/test/auto/ArrayAverage.xml (RunModel)" time="0.044" />
  <testcase classname="ptolemy.util.test.junit.AutoTests" name="[14] /home/travis/build/icyphy/ptII/ptolemy/actor/lib/test/auto/ArrayContains.xml (RunModel)" time="0.033" />
  <testcase classname="ptolemy.util.test.junit.AutoTests" name="[15] /home/travis/build/icyphy/ptII/ptolemy/actor/lib/test/auto/ArrayElement.xml (RunModel)" time="0.021" />
  <testcase classname="ptolemy.util.test.junit.AutoTests" name="[16] /home/travis/build/icyphy/ptII/ptolemy/actor/lib/test/auto/ArrayElementAsMatrix.xml (RunModel)" time="0.057" />
  <testcase classname="ptolemy.util.test.junit.AutoTests" name="[17] /home/travis/build/icyphy/ptII/ptolemy/actor/lib/test/auto/ArrayElementI.xml (RunModel)" time="0.079" />
  <testcase classname="ptolemy.util.test.junit.AutoTests" name="[18] /home/travis/build/icyphy/ptII/ptolemy/actor/lib/test/auto/ArrayExtract.xml (RunModel)" time="0.033" />
  <testcase classname="ptolemy.util.test.junit.AutoTests" name="[19] /home/travis/build/icyphy/ptII/ptolemy/actor/lib/test/auto/ArrayExtract2.xml (RunModel)" time="0.026" />
  <testcase classname="ptolemy.util.test.junit.AutoTests" name="[20] /home/travis/build/icyphy/ptII/ptolemy/actor/lib/test/auto/ArrayLength.xml (RunModel)" time="0.021" />
  <testcase classname="ptolemy.util.test.junit.AutoTests" name="[21] /home/travis/build/icyphy/ptII/ptolemy/actor/lib/test/auto/ArrayLevelCrossing.xml (RunModel)" time="0.044" />
  <testcase classname="ptolemy.util.test.junit.AutoTests" name="[22] /home/travis/build/icyphy/ptII/ptolemy/actor/lib/test/auto/ArrayLevelCrossing2.xml (RunModel)" time="0.024" />
  <testcase classname="ptolemy.util.test.junit.AutoTests" name="[23] /home/travis/build/icyphy/ptII/ptolemy/actor/lib/test/auto/ArrayPeakSearch.xml (RunModel)" time="0.052" />
  <testcase classname="ptolemy.util.test.junit.AutoTests" name="[24] /home/travis/build/icyphy/ptII/ptolemy/actor/lib/test/auto/ArrayPeakSearch2.xml (RunModel)" time="0.039" />
  <testcase classname="ptolemy.util.test.junit.AutoTests" name="[25] /home/travis/build/icyphy/ptII/ptolemy/actor/lib/test/auto/ArrayPeakSearch3.xml (RunModel)" time="0.034" />
  <testcase classname="ptolemy.util.test.junit.AutoTests" name="[26] /home/travis/build/icyphy/ptII/ptolemy/actor/lib/test/auto/ArrayRemoveElement.xml (RunModel)" time="0.03" />
  <testcase classname="ptolemy.util.test.junit.AutoTests" name="[27] /home/travis/build/icyphy/ptII/ptolemy/actor/lib/test/auto/ArraySort.xml (RunModel)" time="0.037" />
  <testcase classname="ptolemy.util.test.junit.AutoTests" name="[28] /home/travis/build/icyphy/ptII/ptolemy/actor/lib/test/auto/ArraySum.xml (RunModel)" time="0.018" />
  <testcase classname="ptolemy.util.test.junit.AutoTests" name="[29] /home/travis/build/icyphy/ptII/ptolemy/actor/lib/test/auto/ArrayToElements.xml (RunModel)" time="0.014" />
  <testcase classname="ptolemy.util.test.junit.AutoTests" name="[30] /home/travis/build/icyphy/ptII/ptolemy/actor/lib/test/auto/ArrayToMatrix.xml (RunModel)" time="0.057" />
  <testcase classname="ptolemy.util.test.junit.AutoTests" name="[31] /home/travis/build/icyphy/ptII/ptolemy/actor/lib/test/auto/ArrayUpdate1.xml (RunModel)" time="0.017" />
  <testcase classname="ptolemy.util.test.junit.AutoTests" name="[32] /home/travis/build/icyphy/ptII/ptolemy/actor/lib/test/auto/ArrayUpdate2.xml (RunModel)" time="0.026" />
  <testcase classname="ptolemy.util.test.junit.AutoTests" name="[33] /home/travis/build/icyphy/ptII/ptolemy/actor/lib/test/auto/ArrayUpdate3.xml (RunModel)" time="0.014" />
  <testcase classname="ptolemy.util.test.junit.AutoTests" name="[34] /home/travis/build/icyphy/ptII/ptolemy/actor/lib/test/auto/Assert1.xml (RunModel)" time="0.028" />
  <testcase classname="ptolemy.util.test.junit.AutoTests" name="[35] /home/travis/build/icyphy/ptII/ptolemy/actor/lib/test/auto/Assert2.xml (RunModel)" time="0.017" />
  <testcase classname="ptolemy.util.test.junit.AutoTests" name="[36] /home/travis/build/icyphy/ptII/ptolemy/actor/lib/test/auto/BooleanMultiplexor.xml (RunModel)" time="0.017" />
  <testcase classname="ptolemy.util.test.junit.AutoTests" name="[37] /home/travis/build/icyphy/ptII/ptolemy/actor/lib/test/auto/BooleanMultiplexor2.xml (RunModel)" time="0.023" />
  <testcase classname="ptolemy.util.test.junit.AutoTests" name="[38] /home/travis/build/icyphy/ptII/ptolemy/actor/lib/test/auto/BooleanMultiplexor3.xml (RunModel)" time="0.034" />
  <testcase classname="ptolemy.util.test.junit.AutoTests" name="[39] /home/travis/build/icyphy/ptII/ptolemy/actor/lib/test/auto/BooleanSelect.xml (RunModel)" time="0.03" />
  <testcase classname="ptolemy.util.test.junit.AutoTests" name="[40] /home/travis/build/icyphy/ptII/ptolemy/actor/lib/test/auto/BooleanSelect2.xml (RunModel)" time="0.016" />
  <testcase classname="ptolemy.util.test.junit.AutoTests" name="[41] /home/travis/build/icyphy/ptII/ptolemy/actor/lib/test/auto/BooleanSwitch.xml (RunModel)" time="0.018" />
  <testcase classname="ptolemy.util.test.junit.AutoTests" name="[42] /home/travis/build/icyphy/ptII/ptolemy/actor/lib/test/auto/BooleanSwitch2.xml (RunModel)" time="0.015" />
  <testcase classname="ptolemy.util.test.junit.AutoTests" name="[43] /home/travis/build/icyphy/ptII/ptolemy/actor/lib/test/auto/BooleanSwitchCloningBugWithClassRelationGroup.xml (RunModel)" time="0.032" />
  <testcase classname="ptolemy.util.test.junit.AutoTests" name="[44] /home/travis/build/icyphy/ptII/ptolemy/actor/lib/test/auto/BusActors.xml (RunModel)" time="0.035" />
  <testcase classname="ptolemy.util.test.junit.AutoTests" name="[45] /home/travis/build/icyphy/ptII/ptolemy/actor/lib/test/auto/ClassWrapper.xml (RunModel)" time="0.011" />
  <testcase classname="ptolemy.util.test.junit.AutoTests" name="[46] /home/travis/build/icyphy/ptII/ptolemy/actor/lib/test/auto/Clock.xml (RunModel)" time="0.009" />
  <testcase classname="ptolemy.util.test.junit.AutoTests" name="[47] /home/travis/build/icyphy/ptII/ptolemy/actor/lib/test/auto/Clock10.xml (RunModel)" time="0.02" />
  <testcase classname="ptolemy.util.test.junit.AutoTests" name="[48] /home/travis/build/icyphy/ptII/ptolemy/actor/lib/test/auto/Clock11.xml (RunModel)" time="0.018" />
  <testcase classname="ptolemy.util.test.junit.AutoTests" name="[49] /home/travis/build/icyphy/ptII/ptolemy/actor/lib/test/auto/Clock12.xml (RunModel)" time="0.013" />
  <testcase classname="ptolemy.util.test.junit.AutoTests" name="[50] /home/travis/build/icyphy/ptII/ptolemy/actor/lib/test/auto/Clock13.xml (RunModel)" time="0.014" />
  <testcase classname="ptolemy.util.test.junit.AutoTests" name="[51] /home/travis/build/icyphy/ptII/ptolemy/actor/lib/test/auto/Clock14.xml (RunModel)" time="0.017" />
  <testcase classname="ptolemy.util.test.junit.AutoTests" name="[52] /home/travis/build/icyphy/ptII/ptolemy/actor/lib/test/auto/Clock15.xml (RunModel)" time="0.02" />
  <testcase classname="ptolemy.util.test.junit.AutoTests" name="[53] /home/travis/build/icyphy/ptII/ptolemy/actor/lib/test/auto/Clock16.xml (RunModel)" time="0.085" />
  <testcase classname="ptolemy.util.test.junit.AutoTests" name="[54] /home/travis/build/icyphy/ptII/ptolemy/actor/lib/test/auto/Clock17.xml (RunModel)" time="0.049" />
  <testcase classname="ptolemy.util.test.junit.AutoTests" name="[55] /home/travis/build/icyphy/ptII/ptolemy/actor/lib/test/auto/Clock18.xml (RunModel)" time="0.07" />
  <testcase classname="ptolemy.util.test.junit.AutoTests" name="[56] /home/travis/build/icyphy/ptII/ptolemy/actor/lib/test/auto/Clock19.xml (RunModel)" time="0.047" />
  <testcase classname="ptolemy.util.test.junit.AutoTests" name="[57] /home/travis/build/icyphy/ptII/ptolemy/actor/lib/test/auto/Clock2.xml (RunModel)" time="0.018" />
  <testcase classname="ptolemy.util.test.junit.AutoTests" name="[58] /home/travis/build/icyphy/ptII/ptolemy/actor/lib/test/auto/Clock20.xml (RunModel)" time="0.026" />
  <testcase classname="ptolemy.util.test.junit.AutoTests" name="[59] /home/travis/build/icyphy/ptII/ptolemy/actor/lib/test/auto/Clock21.xml (RunModel)" time="0.02" />
  <testcase classname="ptolemy.util.test.junit.AutoTests" name="[60] /home/travis/build/icyphy/ptII/ptolemy/actor/lib/test/auto/Clock22.xml (RunModel)" time="0.018" />
  <testcase classname="ptolemy.util.test.junit.AutoTests" name="[61] /home/travis/build/icyphy/ptII/ptolemy/actor/lib/test/auto/Clock23.xml (RunModel)" time="0.016" />
  <testcase classname="ptolemy.util.test.junit.AutoTests" name="[62] /home/travis/build/icyphy/ptII/ptolemy/actor/lib/test/auto/Clock24.xml (RunModel)" time="0.016" />
  <testcase classname="ptolemy.util.test.junit.AutoTests" name="[63] /home/travis/build/icyphy/ptII/ptolemy/actor/lib/test/auto/Clock4.xml (RunModel)" time="0.019" />
  <testcase classname="ptolemy.util.test.junit.AutoTests" name="[64] /home/travis/build/icyphy/ptII/ptolemy/actor/lib/test/auto/Clock5.xml (RunModel)" time="0.014" />
  <testcase classname="ptolemy.util.test.junit.AutoTests" name="[65] /home/travis/build/icyphy/ptII/ptolemy/actor/lib/test/auto/Clock6.xml (RunModel)" time="0.01" />
  <testcase classname="ptolemy.util.test.junit.AutoTests" name="[66] /home/travis/build/icyphy/ptII/ptolemy/actor/lib/test/auto/Clock7.xml (RunModel)" time="0.014" />
  <testcase classname="ptolemy.util.test.junit.AutoTests" name="[67] /home/travis/build/icyphy/ptII/ptolemy/actor/lib/test/auto/Clock8.xml (RunModel)" time="0.015" />
  <testcase classname="ptolemy.util.test.junit.AutoTests" name="[68] /home/travis/build/icyphy/ptII/ptolemy/actor/lib/test/auto/Clock9.xml (RunModel)" time="0.013" />
  <testcase classname="ptolemy.util.test.junit.AutoTests" name="[69] /home/travis/build/icyphy/ptII/ptolemy/actor/lib/test/auto/CommDistDiscard.xml (RunModel)" time="0.025" />
  <testcase classname="ptolemy.util.test.junit.AutoTests" name="[70] /home/travis/build/icyphy/ptII/ptolemy/actor/lib/test/auto/Commutator.xml (RunModel)" time="0.018" />
  <testcase classname="ptolemy.util.test.junit.AutoTests" name="[71] /home/travis/build/icyphy/ptII/ptolemy/actor/lib/test/auto/Commutator2.xml (RunModel)" time="0.014" />
  <testcase classname="ptolemy.util.test.junit.AutoTests" name="[72] /home/travis/build/icyphy/ptII/ptolemy/actor/lib/test/auto/Commutator3.xml (RunModel)" time="0.052" />
  <testcase classname="ptolemy.util.test.junit.AutoTests" name="[73] /home/travis/build/icyphy/ptII/ptolemy/actor/lib/test/auto/Compare.xml (RunModel)" time="0.019" />
  <testcase classname="ptolemy.util.test.junit.AutoTests" name="[74] /home/travis/build/icyphy/ptII/ptolemy/actor/lib/test/auto/CompareDE.xml (RunModel)" time="0.019" />
  <testcase classname="ptolemy.util.test.junit.AutoTests" name="[75] /home/travis/build/icyphy/ptII/ptolemy/actor/lib/test/auto/ComplexDivide.xml (RunModel)" time="0.01" />
  <testcase classname="ptolemy.util.test.junit.AutoTests" name="[76] /home/travis/build/icyphy/ptII/ptolemy/actor/lib/test/auto/ComputeHistogram.xml (RunModel)" time="0.081" />
  <testcase classname="ptolemy.util.test.junit.AutoTests" name="[77] /home/travis/build/icyphy/ptII/ptolemy/actor/lib/test/auto/ConfigurationSelect.xml (RunModel)" time="0.017" />
  <testcase classname="ptolemy.util.test.junit.AutoTests" name="[78] /home/travis/build/icyphy/ptII/ptolemy/actor/lib/test/auto/ConfigurationSelect2.xml (RunModel)" time="0.014" />
  <testcase classname="ptolemy.util.test.junit.AutoTests" name="[79] /home/travis/build/icyphy/ptII/ptolemy/actor/lib/test/auto/ConfigurationSwitch.xml (RunModel)" time="0.021" />
  <testcase classname="ptolemy.util.test.junit.AutoTests" name="[80] /home/travis/build/icyphy/ptII/ptolemy/actor/lib/test/auto/ConfigurationSwitch2.xml (RunModel)" time="0.023" />
  <testcase classname="ptolemy.util.test.junit.AutoTests" name="[81] /home/travis/build/icyphy/ptII/ptolemy/actor/lib/test/auto/ConfigurationSwitchCloningBugWithClassRelationGroup.xml (RunModel)" time="0.022" />
  <testcase classname="ptolemy.util.test.junit.AutoTests" name="[82] /home/travis/build/icyphy/ptII/ptolemy/actor/lib/test/auto/ConfigurationSwitchSelectSDF.xml (RunModel)" time="0.018" />
  <testcase classname="ptolemy.util.test.junit.AutoTests" name="[83] /home/travis/build/icyphy/ptII/ptolemy/actor/lib/test/auto/ConfigurationSwitchSelectSDF2.xml (RunModel)" time="0.015" />
  <testcase classname="ptolemy.util.test.junit.AutoTests" name="[84] /home/travis/build/icyphy/ptII/ptolemy/actor/lib/test/auto/Const.xml (RunModel)" time="0.008" />
  <testcase classname="ptolemy.util.test.junit.AutoTests" name="[85] /home/travis/build/icyphy/ptII/ptolemy/actor/lib/test/auto/Const2.xml (RunModel)" time="0.01" />
  <testcase classname="ptolemy.util.test.junit.AutoTests" name="[86] /home/travis/build/icyphy/ptII/ptolemy/actor/lib/test/auto/Const3.xml (RunModel)" time="0.006" />
  <testcase classname="ptolemy.util.test.junit.AutoTests" name="[87] /home/travis/build/icyphy/ptII/ptolemy/actor/lib/test/auto/ConstantPublisherPort1.xml (RunModel)" time="0.02" />
  <testcase classname="ptolemy.util.test.junit.AutoTests" name="[88] /home/travis/build/icyphy/ptII/ptolemy/actor/lib/test/auto/ConstantPublisherPort2.xml (RunModel)" time="0.018" />
  <testcase classname="ptolemy.util.test.junit.AutoTests" name="[89] /home/travis/build/icyphy/ptII/ptolemy/actor/lib/test/auto/ConstantPublisherPort3.xml (RunModel)" time="0.018" />
  <testcase classname="ptolemy.util.test.junit.AutoTests" name="[90] /home/travis/build/icyphy/ptII/ptolemy/actor/lib/test/auto/ConstantPublisherPort4.xml (RunModel)" time="0.016" />
  <testcase classname="ptolemy.util.test.junit.AutoTests" name="[91] /home/travis/build/icyphy/ptII/ptolemy/actor/lib/test/auto/ConstantPublisherPort5.xml (RunModel)" time="0.033" />
  <testcase classname="ptolemy.util.test.junit.AutoTests" name="[92] /home/travis/build/icyphy/ptII/ptolemy/actor/lib/test/auto/ConstantPublisherPort6.xml (RunModel)" time="0.037" />
  <testcase classname="ptolemy.util.test.junit.AutoTests" name="[93] /home/travis/build/icyphy/ptII/ptolemy/actor/lib/test/auto/ConstantPublisherPort7.xml (RunModel)" time="0.028" />
  <testcase classname="ptolemy.util.test.junit.AutoTests" name="[94] /home/travis/build/icyphy/ptII/ptolemy/actor/lib/test/auto/ConstraintMonitor1.xml (RunModel)" time="0.042" />
  <testcase classname="ptolemy.util.test.junit.AutoTests" name="[95] /home/travis/build/icyphy/ptII/ptolemy/actor/lib/test/auto/ConstraintMonitor2.xml (RunModel)" time="0.01" />
  <testcase classname="ptolemy.util.test.junit.AutoTests" name="[96] /home/travis/build/icyphy/ptII/ptolemy/actor/lib/test/auto/ConstraintMonitor3.xml (RunModel)" time="0.015" />
  <testcase classname="ptolemy.util.test.junit.AutoTests" name="[97] /home/travis/build/icyphy/ptII/ptolemy/actor/lib/test/auto/ConstraintMonitor4.xml (RunModel)" time="0.012" />
  <testcase classname="ptolemy.util.test.junit.AutoTests" name="[98] /home/travis/build/icyphy/ptII/ptolemy/actor/lib/test/auto/ConstraintMonitor5.xml (RunModel)" time="0.012" />
  <testcase classname="ptolemy.util.test.junit.AutoTests" name="[99] /home/travis/build/icyphy/ptII/ptolemy/actor/lib/test/auto/ConstraintMonitor6.xml (RunModel)" time="0.013" />
  <testcase classname="ptolemy.util.test.junit.AutoTests" name="[100] /home/travis/build/icyphy/ptII/ptolemy/actor/lib/test/auto/ConstraintMonitor7.xml (RunModel)" time="0.014" />
  <testcase classname="ptolemy.util.test.junit.AutoTests" name="[101] /home/travis/build/icyphy/ptII/ptolemy/actor/lib/test/auto/ConstraintMonitor8.xml (RunModel)" time="0.017" />
  <testcase classname="ptolemy.util.test.junit.AutoTests" name="[102] /home/travis/build/icyphy/ptII/ptolemy/actor/lib/test/auto/Counter.xml (RunModel)" time="0.012" />
  <testcase classname="ptolemy.util.test.junit.AutoTests" name="[103] /home/travis/build/icyphy/ptII/ptolemy/actor/lib/test/auto/CurrentTimeSDF.xml (RunModel)" time="0.01" />
  <testcase classname="ptolemy.util.test.junit.AutoTests" name="[104] /home/travis/build/icyphy/ptII/ptolemy/actor/lib/test/auto/DB.xml (RunModel)" time="0.013" />
  <testcase classname="ptolemy.util.test.junit.AutoTests" name="[105] /home/travis/build/icyphy/ptII/ptolemy/actor/lib/test/auto/DBDE.xml (RunModel)" time="0.022" />
  <testcase classname="ptolemy.util.test.junit.AutoTests" name="[106] /home/travis/build/icyphy/ptII/ptolemy/actor/lib/test/auto/DateConstructor.xml (RunModel)" time="0.079" />
  <testcase classname="ptolemy.util.test.junit.AutoTests" name="[107] /home/travis/build/icyphy/ptII/ptolemy/actor/lib/test/auto/DelayTime.xml (RunModel)" time="0.016" />
  <testcase classname="ptolemy.util.test.junit.AutoTests" name="[108] /home/travis/build/icyphy/ptII/ptolemy/actor/lib/test/auto/Dictionary1.xml (RunModel)" time="0.019" />
  <testcase classname="ptolemy.util.test.junit.AutoTests" name="[109] /home/travis/build/icyphy/ptII/ptolemy/actor/lib/test/auto/Dictionary2.xml (RunModel)" time="0.015" />
  <testcase classname="ptolemy.util.test.junit.AutoTests" name="[110] /home/travis/build/icyphy/ptII/ptolemy/actor/lib/test/auto/Dictionary3.xml (RunModel)" time="0.015" />
  <testcase classname="ptolemy.util.test.junit.AutoTests" name="[111] /home/travis/build/icyphy/ptII/ptolemy/actor/lib/test/auto/Dictionary4.xml (RunModel)" time="0.018" />
  <testcase classname="ptolemy.util.test.junit.AutoTests" name="[112] /home/travis/build/icyphy/ptII/ptolemy/actor/lib/test/auto/Differential.xml (RunModel)" time="0.013" />
  <testcase classname="ptolemy.util.test.junit.AutoTests" name="[113] /home/travis/build/icyphy/ptII/ptolemy/actor/lib/test/auto/Director.xml (RunModel)" time="0.012" />
  <testcase classname="ptolemy.util.test.junit.AutoTests" name="[114] /home/travis/build/icyphy/ptII/ptolemy/actor/lib/test/auto/DiscreteClock.xml (RunModel)" time="0.01" />
  <testcase classname="ptolemy.util.test.junit.AutoTests" name="[115] /home/travis/build/icyphy/ptII/ptolemy/actor/lib/test/auto/DiscreteClock10.xml (RunModel)" time="0.015" />
  <testcase classname="ptolemy.util.test.junit.AutoTests" name="[116] /home/travis/build/icyphy/ptII/ptolemy/actor/lib/test/auto/DiscreteClock11.xml (RunModel)" time="0.016" />
  <testcase classname="ptolemy.util.test.junit.AutoTests" name="[117] /home/travis/build/icyphy/ptII/ptolemy/actor/lib/test/auto/DiscreteClock12.xml (RunModel)" time="0.015" />
  <testcase classname="ptolemy.util.test.junit.AutoTests" name="[118] /home/travis/build/icyphy/ptII/ptolemy/actor/lib/test/auto/DiscreteClock13.xml (RunModel)" time="0.014" />
  <testcase classname="ptolemy.util.test.junit.AutoTests" name="[119] /home/travis/build/icyphy/ptII/ptolemy/actor/lib/test/auto/DiscreteClock14.xml (RunModel)" time="0.013" />
  <testcase classname="ptolemy.util.test.junit.AutoTests" name="[120] /home/travis/build/icyphy/ptII/ptolemy/actor/lib/test/auto/DiscreteClock15.xml (RunModel)" time="0.015" />
  <testcase classname="ptolemy.util.test.junit.AutoTests" name="[121] /home/travis/build/icyphy/ptII/ptolemy/actor/lib/test/auto/DiscreteClock16.xml (RunModel)" time="0.038" />
  <testcase classname="ptolemy.util.test.junit.AutoTests" name="[122] /home/travis/build/icyphy/ptII/ptolemy/actor/lib/test/auto/DiscreteClock17.xml (RunModel)" time="0.043" />
  <testcase classname="ptolemy.util.test.junit.AutoTests" name="[123] /home/travis/build/icyphy/ptII/ptolemy/actor/lib/test/auto/DiscreteClock18.xml (RunModel)" time="0.484" />
  <testcase classname="ptolemy.util.test.junit.AutoTests" name="[124] /home/travis/build/icyphy/ptII/ptolemy/actor/lib/test/auto/DiscreteClock19.xml (RunModel)" time="0.064" />
  <testcase classname="ptolemy.util.test.junit.AutoTests" name="[125] /home/travis/build/icyphy/ptII/ptolemy/actor/lib/test/auto/DiscreteClock2.xml (RunModel)" time="0.011" />
  <testcase classname="ptolemy.util.test.junit.AutoTests" name="[126] /home/travis/build/icyphy/ptII/ptolemy/actor/lib/test/auto/DiscreteClock20.xml (RunModel)" time="0.028" />
  <testcase classname="ptolemy.util.test.junit.AutoTests" name="[127] /home/travis/build/icyphy/ptII/ptolemy/actor/lib/test/auto/DiscreteClock21.xml (RunModel)" time="0.02" />
  <testcase classname="ptolemy.util.test.junit.AutoTests" name="[128] /home/travis/build/icyphy/ptII/ptolemy/actor/lib/test/auto/DiscreteClock22.xml (RunModel)" time="0.015" />
  <testcase classname="ptolemy.util.test.junit.AutoTests" name="[129] /home/travis/build/icyphy/ptII/ptolemy/actor/lib/test/auto/DiscreteClock23.xml (RunModel)" time="0.017" />
  <testcase classname="ptolemy.util.test.junit.AutoTests" name="[130] /home/travis/build/icyphy/ptII/ptolemy/actor/lib/test/auto/DiscreteClock24.xml (RunModel)" time="0.013" />
  <testcase classname="ptolemy.util.test.junit.AutoTests" name="[131] /home/travis/build/icyphy/ptII/ptolemy/actor/lib/test/auto/DiscreteClock4.xml (RunModel)" time="0.021" />
  <testcase classname="ptolemy.util.test.junit.AutoTests" name="[132] /home/travis/build/icyphy/ptII/ptolemy/actor/lib/test/auto/DiscreteClock5.xml (RunModel)" time="0.014" />
  <testcase classname="ptolemy.util.test.junit.AutoTests" name="[133] /home/travis/build/icyphy/ptII/ptolemy/actor/lib/test/auto/DiscreteClock6.xml (RunModel)" time="0.011" />
  <testcase classname="ptolemy.util.test.junit.AutoTests" name="[134] /home/travis/build/icyphy/ptII/ptolemy/actor/lib/test/auto/DiscreteClock7.xml (RunModel)" time="0.012" />
  <testcase classname="ptolemy.util.test.junit.AutoTests" name="[135] /home/travis/build/icyphy/ptII/ptolemy/actor/lib/test/auto/DiscreteClock8.xml (RunModel)" time="0.016" />
  <testcase classname="ptolemy.util.test.junit.AutoTests" name="[136] /home/travis/build/icyphy/ptII/ptolemy/actor/lib/test/auto/DiscreteClock9.xml (RunModel)" time="0.013" />
  <testcase classname="ptolemy.util.test.junit.AutoTests" name="[137] /home/travis/build/icyphy/ptII/ptolemy/actor/lib/test/auto/DisplayArray.xml (RunModel)" time="0.012" />
  <testcase classname="ptolemy.util.test.junit.AutoTests" name="[138] /home/travis/build/icyphy/ptII/ptolemy/actor/lib/test/auto/Distributor.xml (RunModel)" time="0.012" />
  <testcase classname="ptolemy.util.test.junit.AutoTests" name="[139] /home/travis/build/icyphy/ptII/ptolemy/actor/lib/test/auto/Distributor2.xml (RunModel)" time="0.015" />
  <testcase classname="ptolemy.util.test.junit.AutoTests" name="[140] /home/travis/build/icyphy/ptII/ptolemy/actor/lib/test/auto/DownSample.xml (RunModel)" time="0.011" />
  <testcase classname="ptolemy.util.test.junit.AutoTests" name="[141] /home/travis/build/icyphy/ptII/ptolemy/actor/lib/test/auto/ElectronicUnitBase1.xml (RunModel)" time="0.057" />
  <testcase classname="ptolemy.util.test.junit.AutoTests" name="[142] /home/travis/build/icyphy/ptII/ptolemy/actor/lib/test/auto/ElementsToArray.xml (RunModel)" time="0.012" />
  <testcase classname="ptolemy.util.test.junit.AutoTests" name="[143] /home/travis/build/icyphy/ptII/ptolemy/actor/lib/test/auto/Equals.xml (RunModel)" time="0.013" />
  <testcase classname="ptolemy.util.test.junit.AutoTests" name="[144] /home/travis/build/icyphy/ptII/ptolemy/actor/lib/test/auto/Exec.xml (RunModel)" time="0.022" />
  <testcase classname="ptolemy.util.test.junit.AutoTests" name="[145] /home/travis/build/icyphy/ptII/ptolemy/actor/lib/test/auto/ExecEnvironment.xml (RunModel)" time="0.038" />
  <testcase classname="ptolemy.util.test.junit.AutoTests" name="[146] /home/travis/build/icyphy/ptII/ptolemy/actor/lib/test/auto/ExecNonZeroReturnOutput.xml (RunModel)" time="0.146" />
  <testcase classname="ptolemy.util.test.junit.AutoTests" name="[147] /home/travis/build/icyphy/ptII/ptolemy/actor/lib/test/auto/ExecRunDemos.xml (RunModel)" time="9.953" />
  <testcase classname="ptolemy.util.test.junit.AutoTests" name="[148] /home/travis/build/icyphy/ptII/ptolemy/actor/lib/test/auto/ExecStop.xml (RunModel)" time="5.027" />
  <testcase classname="ptolemy.util.test.junit.AutoTests" name="[149] /home/travis/build/icyphy/ptII/ptolemy/actor/lib/test/auto/ExecutionTimeSDF.xml (RunModel)" time="6.031" />
  <testcase classname="ptolemy.util.test.junit.AutoTests" name="[150] /home/travis/build/icyphy/ptII/ptolemy/actor/lib/test/auto/Expression1.xml (RunModel)" time="0.013" />
  <testcase classname="ptolemy.util.test.junit.AutoTests" name="[151] /home/travis/build/icyphy/ptII/ptolemy/actor/lib/test/auto/Expression10.xml (RunModel)" time="0.018" />
  <testcase classname="ptolemy.util.test.junit.AutoTests" name="[152] /home/travis/build/icyphy/ptII/ptolemy/actor/lib/test/auto/Expression11.xml (RunModel)" time="0.015" />
  <testcase classname="ptolemy.util.test.junit.AutoTests" name="[153] /home/travis/build/icyphy/ptII/ptolemy/actor/lib/test/auto/Expression12.xml (RunModel)" time="0.019" />
  <testcase classname="ptolemy.util.test.junit.AutoTests" name="[154] /home/travis/build/icyphy/ptII/ptolemy/actor/lib/test/auto/Expression13.xml (RunModel)" time="0.018" />
  <testcase classname="ptolemy.util.test.junit.AutoTests" name="[155] /home/travis/build/icyphy/ptII/ptolemy/actor/lib/test/auto/Expression14.xml (RunModel)" time="0.043" />
  <testcase classname="ptolemy.util.test.junit.AutoTests" name="[156] /home/travis/build/icyphy/ptII/ptolemy/actor/lib/test/auto/Expression15.xml (RunModel)" time="0.016" />
  <testcase classname="ptolemy.util.test.junit.AutoTests" name="[157] /home/travis/build/icyphy/ptII/ptolemy/actor/lib/test/auto/Expression16.xml (RunModel)" time="0.014" />
  <testcase classname="ptolemy.util.test.junit.AutoTests" name="[158] /home/travis/build/icyphy/ptII/ptolemy/actor/lib/test/auto/Expression17.xml (RunModel)" time="0.015" />
  <testcase classname="ptolemy.util.test.junit.AutoTests" name="[159] /home/travis/build/icyphy/ptII/ptolemy/actor/lib/test/auto/Expression18.xml (RunModel)" time="0.015" />
  <testcase classname="ptolemy.util.test.junit.AutoTests" name="[160] /home/travis/build/icyphy/ptII/ptolemy/actor/lib/test/auto/Expression2.xml (RunModel)" time="0.014" />
  <testcase classname="ptolemy.util.test.junit.AutoTests" name="[161] /home/travis/build/icyphy/ptII/ptolemy/actor/lib/test/auto/Expression3.xml (RunModel)" time="0.012" />
  <testcase classname="ptolemy.util.test.junit.AutoTests" name="[162] /home/travis/build/icyphy/ptII/ptolemy/actor/lib/test/auto/Expression4.xml (RunModel)" time="0.022" />
  <testcase classname="ptolemy.util.test.junit.AutoTests" name="[163] /home/travis/build/icyphy/ptII/ptolemy/actor/lib/test/auto/Expression5.xml (RunModel)" time="0.013" />
  <testcase classname="ptolemy.util.test.junit.AutoTests" name="[164] /home/travis/build/icyphy/ptII/ptolemy/actor/lib/test/auto/Expression6.xml (RunModel)" time="0.015" />
  <testcase classname="ptolemy.util.test.junit.AutoTests" name="[165] /home/travis/build/icyphy/ptII/ptolemy/actor/lib/test/auto/Expression7.xml (RunModel)" time="0.012" />
  <testcase classname="ptolemy.util.test.junit.AutoTests" name="[166] /home/travis/build/icyphy/ptII/ptolemy/actor/lib/test/auto/Expression8.xml (RunModel)" time="0.014" />
  <testcase classname="ptolemy.util.test.junit.AutoTests" name="[167] /home/travis/build/icyphy/ptII/ptolemy/actor/lib/test/auto/Expression9.xml (RunModel)" time="0.009" />
  <testcase classname="ptolemy.util.test.junit.AutoTests" name="[168] /home/travis/build/icyphy/ptII/ptolemy/actor/lib/test/auto/ExpressionConcatenateArrayType.xml (RunModel)" time="0.023" />
  <testcase classname="ptolemy.util.test.junit.AutoTests" name="[169] /home/travis/build/icyphy/ptII/ptolemy/actor/lib/test/auto/ExpressionConcatenateArrayType2.xml (RunModel)" time="0.016" />
  <testcase classname="ptolemy.util.test.junit.AutoTests" name="[170] /home/travis/build/icyphy/ptII/ptolemy/actor/lib/test/auto/ExpressionFix.xml (RunModel)" time="0.026" />
  <testcase classname="ptolemy.util.test.junit.AutoTests" name="[171] /home/travis/build/icyphy/ptII/ptolemy/actor/lib/test/auto/ExpressionFix2.xml (RunModel)" time="0.01" />
  <testcase classname="ptolemy.util.test.junit.AutoTests" name="[172] /home/travis/build/icyphy/ptII/ptolemy/actor/lib/test/auto/ExpressionFix3.xml (RunModel)" time="0.011" />
  <testcase classname="ptolemy.util.test.junit.AutoTests" name="[173] /home/travis/build/icyphy/ptII/ptolemy/actor/lib/test/auto/FileWriter1.xml (RunModel)" time="0.014" />
  <testcase classname="ptolemy.util.test.junit.AutoTests" name="[174] /home/travis/build/icyphy/ptII/ptolemy/actor/lib/test/auto/FileWriter2.xml (RunModel)" time="0.015" />
  <testcase classname="ptolemy.util.test.junit.AutoTests" name="[175] /home/travis/build/icyphy/ptII/ptolemy/actor/lib/test/auto/FileWriter3.xml (RunModel)" time="0.015" />
  <testcase classname="ptolemy.util.test.junit.AutoTests" name="[176] /home/travis/build/icyphy/ptII/ptolemy/actor/lib/test/auto/Gaussian.xml (RunModel)" time="0.013" />
  <testcase classname="ptolemy.util.test.junit.AutoTests" name="[177] /home/travis/build/icyphy/ptII/ptolemy/actor/lib/test/auto/Gaussian1.xml (RunModel)" time="0.013" />
  <testcase classname="ptolemy.util.test.junit.AutoTests" name="[178] /home/travis/build/icyphy/ptII/ptolemy/actor/lib/test/auto/Gaussian2.xml (RunModel)" time="0.016" />
  <testcase classname="ptolemy.util.test.junit.AutoTests" name="[179] /home/travis/build/icyphy/ptII/ptolemy/actor/lib/test/auto/GradientAdaptiveLattice.xml (RunModel)" time="0.017" />
  <testcase classname="ptolemy.util.test.junit.AutoTests" name="[180] /home/travis/build/icyphy/ptII/ptolemy/actor/lib/test/auto/IIR.xml (RunModel)" time="0.011" />
  <testcase classname="ptolemy.util.test.junit.AutoTests" name="[181] /home/travis/build/icyphy/ptII/ptolemy/actor/lib/test/auto/InputOutputTransparentPorts.xml (RunModel)" time="0.019" />
  <testcase classname="ptolemy.util.test.junit.AutoTests" name="[182] /home/travis/build/icyphy/ptII/ptolemy/actor/lib/test/auto/Interpolator.xml (RunModel)" time="0.012" />
  <testcase classname="ptolemy.util.test.junit.AutoTests" name="[183] /home/travis/build/icyphy/ptII/ptolemy/actor/lib/test/auto/InterpolatorFiringLimitDE.xml (RunModel)" time="0.015" />
  <testcase classname="ptolemy.util.test.junit.AutoTests" name="[184] /home/travis/build/icyphy/ptII/ptolemy/actor/lib/test/auto/Lattice.xml (RunModel)" time="0.009" />
  <testcase classname="ptolemy.util.test.junit.AutoTests" name="[185] /home/travis/build/icyphy/ptII/ptolemy/actor/lib/test/auto/LazyAOCTestLazy.xml (RunModel)" time="0.021" />
  <testcase classname="ptolemy.util.test.junit.AutoTests" name="[186] /home/travis/build/icyphy/ptII/ptolemy/actor/lib/test/auto/LazyAOCTestNonLazy.xml (RunModel)" time="0.044" />
  <testcase classname="ptolemy.util.test.junit.AutoTests" name="[187] /home/travis/build/icyphy/ptII/ptolemy/actor/lib/test/auto/LazyInnerClass.xml (RunModel)" time="0.049" />
  <testcase classname="ptolemy.util.test.junit.AutoTests" name="[188] /home/travis/build/icyphy/ptII/ptolemy/actor/lib/test/auto/LazyPubSub.xml (RunModel)" time="0.055" />
  <testcase classname="ptolemy.util.test.junit.AutoTests" name="[189] /home/travis/build/icyphy/ptII/ptolemy/actor/lib/test/auto/LazyPubSub2.xml (RunModel)" time="0.053" />
  <testcase classname="ptolemy.util.test.junit.AutoTests" name="[190] /home/travis/build/icyphy/ptII/ptolemy/actor/lib/test/auto/LazyPubSub3.xml (RunModel)" time="0.03" />
  <testcase classname="ptolemy.util.test.junit.AutoTests" name="[191] /home/travis/build/icyphy/ptII/ptolemy/actor/lib/test/auto/LazySubClassModel.xml (RunModel)" time="0.025" />
  <testcase classname="ptolemy.util.test.junit.AutoTests" name="[192] /home/travis/build/icyphy/ptII/ptolemy/actor/lib/test/auto/LevelCrossTest1.xml (RunModel)" time="0.013" />
  <testcase classname="ptolemy.util.test.junit.AutoTests" name="[193] /home/travis/build/icyphy/ptII/ptolemy/actor/lib/test/auto/LevelCrossTest10.xml (RunModel)" time="0.023" />
  <testcase classname="ptolemy.util.test.junit.AutoTests" name="[194] /home/travis/build/icyphy/ptII/ptolemy/actor/lib/test/auto/LevelCrossTest11.xml (RunModel)" time="0.017" />
  <testcase classname="ptolemy.util.test.junit.AutoTests" name="[195] /home/travis/build/icyphy/ptII/ptolemy/actor/lib/test/auto/LevelCrossTest12.xml (RunModel)" time="0.019" />
  <testcase classname="ptolemy.util.test.junit.AutoTests" name="[196] /home/travis/build/icyphy/ptII/ptolemy/actor/lib/test/auto/LevelCrossTest13.xml (RunModel)" time="0.015" />
  <testcase classname="ptolemy.util.test.junit.AutoTests" name="[197] /home/travis/build/icyphy/ptII/ptolemy/actor/lib/test/auto/LevelCrossTest2.xml (RunModel)" time="0.012" />
  <testcase classname="ptolemy.util.test.junit.AutoTests" name="[198] /home/travis/build/icyphy/ptII/ptolemy/actor/lib/test/auto/LevelCrossTest3.xml (RunModel)" time="0.018" />
  <testcase classname="ptolemy.util.test.junit.AutoTests" name="[199] /home/travis/build/icyphy/ptII/ptolemy/actor/lib/test/auto/LevelCrossTest4.xml (RunModel)" time="0.014" />
  <testcase classname="ptolemy.util.test.junit.AutoTests" name="[200] /home/travis/build/icyphy/ptII/ptolemy/actor/lib/test/auto/LevelCrossTest5.xml (RunModel)" time="0.014" />
  <testcase classname="ptolemy.util.test.junit.AutoTests" name="[201] /home/travis/build/icyphy/ptII/ptolemy/actor/lib/test/auto/LevelCrossTest6.xml (RunModel)" time="0.021" />
  <testcase classname="ptolemy.util.test.junit.AutoTests" name="[202] /home/travis/build/icyphy/ptII/ptolemy/actor/lib/test/auto/LevelCrossTest7.xml (RunModel)" time="0.018" />
  <testcase classname="ptolemy.util.test.junit.AutoTests" name="[203] /home/travis/build/icyphy/ptII/ptolemy/actor/lib/test/auto/LevelCrossTest8.xml (RunModel)" time="0.017" />
  <testcase classname="ptolemy.util.test.junit.AutoTests" name="[204] /home/travis/build/icyphy/ptII/ptolemy/actor/lib/test/auto/LevelCrossTest9.xml (RunModel)" time="0.017" />
  <testcase classname="ptolemy.util.test.junit.AutoTests" name="[205] /home/travis/build/icyphy/ptII/ptolemy/actor/lib/test/auto/LevinsonDurbin.xml (RunModel)" time="0.017" />
  <testcase classname="ptolemy.util.test.junit.AutoTests" name="[206] /home/travis/build/icyphy/ptII/ptolemy/actor/lib/test/auto/LevinsonDurbin2.xml (RunModel)" time="0.011" />
  <testcase classname="ptolemy.util.test.junit.AutoTests" name="[207] /home/travis/build/icyphy/ptII/ptolemy/actor/lib/test/auto/LevinsonDurbin3.xml (RunModel)" time="0.011" />
  <testcase classname="ptolemy.util.test.junit.AutoTests" name="[208] /home/travis/build/icyphy/ptII/ptolemy/actor/lib/test/auto/Limiter.xml (RunModel)" time="0.035" />
  <testcase classname="ptolemy.util.test.junit.AutoTests" name="[209] /home/travis/build/icyphy/ptII/ptolemy/actor/lib/test/auto/LinearDifferenceEquationSystem.xml (RunModel)" time="0.023" />
  <testcase classname="ptolemy.util.test.junit.AutoTests" name="[210] /home/travis/build/icyphy/ptII/ptolemy/actor/lib/test/auto/LookupTable.xml (RunModel)" time="0.012" />
  <testcase classname="ptolemy.util.test.junit.AutoTests" name="[211] /home/travis/build/icyphy/ptII/ptolemy/actor/lib/test/auto/MathFunction.xml (RunModel)" time="0.023" />
  <testcase classname="ptolemy.util.test.junit.AutoTests" name="[212] /home/travis/build/icyphy/ptII/ptolemy/actor/lib/test/auto/MathFunction2.xml (RunModel)" time="0.024" />
  <testcase classname="ptolemy.util.test.junit.AutoTests" name="[213] /home/travis/build/icyphy/ptII/ptolemy/actor/lib/test/auto/MathFunction3.xml (RunModel)" time="0.023" />
  <testcase classname="ptolemy.util.test.junit.AutoTests" name="[214] /home/travis/build/icyphy/ptII/ptolemy/actor/lib/test/auto/MatrixCropBoolean.xml (RunModel)" time="0.012" />
  <testcase classname="ptolemy.util.test.junit.AutoTests" name="[215] /home/travis/build/icyphy/ptII/ptolemy/actor/lib/test/auto/MatrixCropComplex.xml (RunModel)" time="0.014" />
  <testcase classname="ptolemy.util.test.junit.AutoTests" name="[216] /home/travis/build/icyphy/ptII/ptolemy/actor/lib/test/auto/MatrixCropDouble.xml (RunModel)" time="0.01" />
  <testcase classname="ptolemy.util.test.junit.AutoTests" name="[217] /home/travis/build/icyphy/ptII/ptolemy/actor/lib/test/auto/MatrixCropFix.xml (RunModel)" time="0.016" />
  <testcase classname="ptolemy.util.test.junit.AutoTests" name="[218] /home/travis/build/icyphy/ptII/ptolemy/actor/lib/test/auto/MatrixCropInt.xml (RunModel)" time="0.01" />
  <testcase classname="ptolemy.util.test.junit.AutoTests" name="[219] /home/travis/build/icyphy/ptII/ptolemy/actor/lib/test/auto/MatrixCropLong.xml (RunModel)" time="0.01" />
  <testcase classname="ptolemy.util.test.junit.AutoTests" name="[220] /home/travis/build/icyphy/ptII/ptolemy/actor/lib/test/auto/MatrixToArray.xml (RunModel)" time="0.064" />
  <testcase classname="ptolemy.util.test.junit.AutoTests" name="[221] /home/travis/build/icyphy/ptII/ptolemy/actor/lib/test/auto/MaxIndex.xml (RunModel)" time="0.016" />
  <testcase classname="ptolemy.util.test.junit.AutoTests" name="[222] /home/travis/build/icyphy/ptII/ptolemy/actor/lib/test/auto/Maximum.xml (RunModel)" time="0.023" />
  <testcase classname="ptolemy.util.test.junit.AutoTests" name="[223] /home/travis/build/icyphy/ptII/ptolemy/actor/lib/test/auto/MaximumComplex.xml (RunModel)" time="0.017" />
  <testcase classname="ptolemy.util.test.junit.AutoTests" name="[224] /home/travis/build/icyphy/ptII/ptolemy/actor/lib/test/auto/MethodCallTest.xml (RunModel)" time="0.024" />
  <testcase classname="ptolemy.util.test.junit.AutoTests" name="[225] /home/travis/build/icyphy/ptII/ptolemy/actor/lib/test/auto/Minimum.xml (RunModel)" time="0.015" />
  <testcase classname="ptolemy.util.test.junit.AutoTests" name="[226] /home/travis/build/icyphy/ptII/ptolemy/actor/lib/test/auto/MinimumComplex.xml (RunModel)" time="0.016" />
  <testcase classname="ptolemy.util.test.junit.AutoTests" name="[227] /home/travis/build/icyphy/ptII/ptolemy/actor/lib/test/auto/MinimumMultiports.xml (RunModel)" time="0.024" />
  <testcase classname="ptolemy.util.test.junit.AutoTests" name="[228] /home/travis/build/icyphy/ptII/ptolemy/actor/lib/test/auto/ModifyDate.xml (RunModel)" time="0.041" />
  <testcase classname="ptolemy.util.test.junit.AutoTests" name="[229] /home/travis/build/icyphy/ptII/ptolemy/actor/lib/test/auto/ModifyDate2.xml (RunModel)" time="0.032" />
  <testcase classname="ptolemy.util.test.junit.AutoTests" name="[230] /home/travis/build/icyphy/ptII/ptolemy/actor/lib/test/auto/MovingAverage.xml (RunModel)" time="0.014" />
  <testcase classname="ptolemy.util.test.junit.AutoTests" name="[231] /home/travis/build/icyphy/ptII/ptolemy/actor/lib/test/auto/MovingMaximum.xml (RunModel)" time="0.015" />
  <testcase classname="ptolemy.util.test.junit.AutoTests" name="[232] /home/travis/build/icyphy/ptII/ptolemy/actor/lib/test/auto/MultipleLinksToSameRelation.xml (RunModel)" time="0.012" />
  <testcase classname="ptolemy.util.test.junit.AutoTests" name="[233] /home/travis/build/icyphy/ptII/ptolemy/actor/lib/test/auto/MultipleLinksToSameRelationDE.xml (RunModel)" time="0.012" />
  <testcase classname="ptolemy.util.test.junit.AutoTests" name="[234] /home/travis/build/icyphy/ptII/ptolemy/actor/lib/test/auto/Multiplexor.xml (RunModel)" time="0.016" />
  <testcase classname="ptolemy.util.test.junit.AutoTests" name="[235] /home/travis/build/icyphy/ptII/ptolemy/actor/lib/test/auto/Multiplexor1.xml (RunModel)" time="0.013" />
  <testcase classname="ptolemy.util.test.junit.AutoTests" name="[236] /home/travis/build/icyphy/ptII/ptolemy/actor/lib/test/auto/Multiplexor2.xml (RunModel)" time="0.015" />
  <testcase classname="ptolemy.util.test.junit.AutoTests" name="[237] /home/travis/build/icyphy/ptII/ptolemy/actor/lib/test/auto/Multiplexor3.xml (RunModel)" time="0.011" />
  <testcase classname="ptolemy.util.test.junit.AutoTests" name="[238] /home/travis/build/icyphy/ptII/ptolemy/actor/lib/test/auto/MultiplexorDE.xml (RunModel)" time="0.021" />
  <testcase classname="ptolemy.util.test.junit.AutoTests" name="[239] /home/travis/build/icyphy/ptII/ptolemy/actor/lib/test/auto/MultiportBroadcastTest.xml (RunModel)" time="0.116" />
  <testcase classname="ptolemy.util.test.junit.AutoTests" name="[240] /home/travis/build/icyphy/ptII/ptolemy/actor/lib/test/auto/MultiportOutHangDuringGetWidth.xml (RunModel)" time="0.04" />
  <testcase classname="ptolemy.util.test.junit.AutoTests" name="[241] /home/travis/build/icyphy/ptII/ptolemy/actor/lib/test/auto/NilToken.xml (RunModel)" time="0.015" />
  <testcase classname="ptolemy.util.test.junit.AutoTests" name="[242] /home/travis/build/icyphy/ptII/ptolemy/actor/lib/test/auto/NilTokenNonStrictTest.xml (RunModel)" time="0.012" />
  <testcase classname="ptolemy.util.test.junit.AutoTests" name="[243] /home/travis/build/icyphy/ptII/ptolemy/actor/lib/test/auto/NilTokenRecord.xml (RunModel)" time="0.029" />
  <testcase classname="ptolemy.util.test.junit.AutoTests" name="[244] /home/travis/build/icyphy/ptII/ptolemy/actor/lib/test/auto/NilTokenTypeTest.xml (RunModel)" time="0.045" />
  <testcase classname="ptolemy.util.test.junit.AutoTests" name="[245] /home/travis/build/icyphy/ptII/ptolemy/actor/lib/test/auto/ObjectToken1.xml (RunModel)" time="0.024" />
  <testcase classname="ptolemy.util.test.junit.AutoTests" name="[246] /home/travis/build/icyphy/ptII/ptolemy/actor/lib/test/auto/OrderedMerge.xml (RunModel)" time="0.02" />
  <testcase classname="ptolemy.util.test.junit.AutoTests" name="[247] /home/travis/build/icyphy/ptII/ptolemy/actor/lib/test/auto/OrderedRecordDisassembler.xml (RunModel)" time="0.017" />
  <testcase classname="ptolemy.util.test.junit.AutoTests" name="[248] /home/travis/build/icyphy/ptII/ptolemy/actor/lib/test/auto/OrderedRecordDisassembler2.xml (RunModel)" time="0.022" />
  <testcase classname="ptolemy.util.test.junit.AutoTests" name="[249] /home/travis/build/icyphy/ptII/ptolemy/actor/lib/test/auto/OrderedRecordUpdater.xml (RunModel)" time="0.011" />
  <testcase classname="ptolemy.util.test.junit.AutoTests" name="[250] /home/travis/build/icyphy/ptII/ptolemy/actor/lib/test/auto/OrderedRecordUpdater2.xml (RunModel)" time="0.013" />
  <testcase classname="ptolemy.util.test.junit.AutoTests" name="[251] /home/travis/build/icyphy/ptII/ptolemy/actor/lib/test/auto/PhaseUnwrap.xml (RunModel)" time="0.013" />
  <testcase classname="ptolemy.util.test.junit.AutoTests" name="[252] /home/travis/build/icyphy/ptII/ptolemy/actor/lib/test/auto/PoissonClock.xml (RunModel)" time="0.014" />
  <testcase classname="ptolemy.util.test.junit.AutoTests" name="[253] /home/travis/build/icyphy/ptII/ptolemy/actor/lib/test/auto/PoissonClock2.xml (RunModel)" time="0.008" />
  <testcase classname="ptolemy.util.test.junit.AutoTests" name="[254] /home/travis/build/icyphy/ptII/ptolemy/actor/lib/test/auto/PoissonClock3.xml (RunModel)" time="0.009" />
  <testcase classname="ptolemy.util.test.junit.AutoTests" name="[255] /home/travis/build/icyphy/ptII/ptolemy/actor/lib/test/auto/PubSubWithInitialTokens.xml (RunModel)" time="0.011" />
  <testcase classname="ptolemy.util.test.junit.AutoTests" name="[256] /home/travis/build/icyphy/ptII/ptolemy/actor/lib/test/auto/PubSubWithInitialTokens2.xml (RunModel)" time="0.011" />
  <testcase classname="ptolemy.util.test.junit.AutoTests" name="[257] /home/travis/build/icyphy/ptII/ptolemy/actor/lib/test/auto/PublisherClassNoParameter.xml (RunModel)" time="0.02" />
  <testcase classname="ptolemy.util.test.junit.AutoTests" name="[258] /home/travis/build/icyphy/ptII/ptolemy/actor/lib/test/auto/PublisherClassParameter.xml (RunModel)" time="0.023" />
  <testcase classname="ptolemy.util.test.junit.AutoTests" name="[259] /home/travis/build/icyphy/ptII/ptolemy/actor/lib/test/auto/PublisherNonStrictTest.xml (RunModel)" time="0.017" />
  <testcase classname="ptolemy.util.test.junit.AutoTests" name="[260] /home/travis/build/icyphy/ptII/ptolemy/actor/lib/test/auto/PublisherPort1.xml (RunModel)" time="0.012" />
  <testcase classname="ptolemy.util.test.junit.AutoTests" name="[261] /home/travis/build/icyphy/ptII/ptolemy/actor/lib/test/auto/PublisherPort2.xml (RunModel)" time="0.012" />
  <testcase classname="ptolemy.util.test.junit.AutoTests" name="[262] /home/travis/build/icyphy/ptII/ptolemy/actor/lib/test/auto/PublisherPort3.xml (RunModel)" time="0.017" />
  <testcase classname="ptolemy.util.test.junit.AutoTests" name="[263] /home/travis/build/icyphy/ptII/ptolemy/actor/lib/test/auto/PublisherPort4.xml (RunModel)" time="0.015" />
  <testcase classname="ptolemy.util.test.junit.AutoTests" name="[264] /home/travis/build/icyphy/ptII/ptolemy/actor/lib/test/auto/PublisherPort5.xml (RunModel)" time="0.017" />
  <testcase classname="ptolemy.util.test.junit.AutoTests" name="[265] /home/travis/build/icyphy/ptII/ptolemy/actor/lib/test/auto/PublisherPort5LookAlike.xml (RunModel)" time="0.017" />
  <testcase classname="ptolemy.util.test.junit.AutoTests" name="[266] /home/travis/build/icyphy/ptII/ptolemy/actor/lib/test/auto/PublisherPort6.xml (RunModel)" time="0.015" />
  <testcase classname="ptolemy.util.test.junit.AutoTests" name="[267] /home/travis/build/icyphy/ptII/ptolemy/actor/lib/test/auto/PublisherPort7.xml (RunModel)" time="0.017" />
  <testcase classname="ptolemy.util.test.junit.AutoTests" name="[268] /home/travis/build/icyphy/ptII/ptolemy/actor/lib/test/auto/PublisherPort8.xml (RunModel)" time="0.018" />
  <testcase classname="ptolemy.util.test.junit.AutoTests" name="[269] /home/travis/build/icyphy/ptII/ptolemy/actor/lib/test/auto/PublisherPortSubscriberChannelVariablesAOC2.xml (RunModel)" time="0.033" />
  <testcase classname="ptolemy.util.test.junit.AutoTests" name="[270] /home/travis/build/icyphy/ptII/ptolemy/actor/lib/test/auto/PublisherPortSubscriberOpaqueWidthInference.xml (RunModel)" time="0.015" />
  <testcase classname="ptolemy.util.test.junit.AutoTests" name="[271] /home/travis/build/icyphy/ptII/ptolemy/actor/lib/test/auto/PublisherPortSubscriberPortAdjacent.xml (RunModel)" time="0.017" />
  <testcase classname="ptolemy.util.test.junit.AutoTests" name="[272] /home/travis/build/icyphy/ptII/ptolemy/actor/lib/test/auto/PublisherPortSubscriberPortExpression.xml (RunModel)" time="0.016" />
  <testcase classname="ptolemy.util.test.junit.AutoTests" name="[273] /home/travis/build/icyphy/ptII/ptolemy/actor/lib/test/auto/PublisherPortSubscriberPortOpaqueD3Reverse.xml (RunModel)" time="0.019" />
  <testcase classname="ptolemy.util.test.junit.AutoTests" name="[274] /home/travis/build/icyphy/ptII/ptolemy/actor/lib/test/auto/PublisherPortSubscriberPortOpaqueWidthInference.xml (RunModel)" time="0.016" />
  <testcase classname="ptolemy.util.test.junit.AutoTests" name="[275] /home/travis/build/icyphy/ptII/ptolemy/actor/lib/test/auto/PublisherPortToplevelSubscriberPortAOC.xml (RunModel)" time="0.012" />
  <testcase classname="ptolemy.util.test.junit.AutoTests" name="[276] /home/travis/build/icyphy/ptII/ptolemy/actor/lib/test/auto/PublisherSubscriber.xml (RunModel)" time="0.013" />
  <testcase classname="ptolemy.util.test.junit.AutoTests" name="[277] /home/travis/build/icyphy/ptII/ptolemy/actor/lib/test/auto/PublisherSubscriber10.xml (RunModel)" time="0.02" />
  <testcase classname="ptolemy.util.test.junit.AutoTests" name="[278] /home/travis/build/icyphy/ptII/ptolemy/actor/lib/test/auto/PublisherSubscriber10InitialOutputs.xml (RunModel)" time="0.036" />
  <testcase classname="ptolemy.util.test.junit.AutoTests" name="[279] /home/travis/build/icyphy/ptII/ptolemy/actor/lib/test/auto/PublisherSubscriber11.xml (RunModel)" time="0.02" />
  <testcase classname="ptolemy.util.test.junit.AutoTests" name="[280] /home/travis/build/icyphy/ptII/ptolemy/actor/lib/test/auto/PublisherSubscriber12.xml (RunModel)" time="0.016" />
  <testcase classname="ptolemy.util.test.junit.AutoTests" name="[281] /home/travis/build/icyphy/ptII/ptolemy/actor/lib/test/auto/PublisherSubscriber13.xml (RunModel)" time="0.011" />
  <testcase classname="ptolemy.util.test.junit.AutoTests" name="[282] /home/travis/build/icyphy/ptII/ptolemy/actor/lib/test/auto/PublisherSubscriber14.xml (RunModel)" time="0.035" />
  <testcase classname="ptolemy.util.test.junit.AutoTests" name="[283] /home/travis/build/icyphy/ptII/ptolemy/actor/lib/test/auto/PublisherSubscriber2.xml (RunModel)" time="0.013" />
  <testcase classname="ptolemy.util.test.junit.AutoTests" name="[284] /home/travis/build/icyphy/ptII/ptolemy/actor/lib/test/auto/PublisherSubscriber3.xml (RunModel)" time="0.01" />
  <testcase classname="ptolemy.util.test.junit.AutoTests" name="[285] /home/travis/build/icyphy/ptII/ptolemy/actor/lib/test/auto/PublisherSubscriber4.xml (RunModel)" time="0.009" />
  <testcase classname="ptolemy.util.test.junit.AutoTests" name="[286] /home/travis/build/icyphy/ptII/ptolemy/actor/lib/test/auto/PublisherSubscriber5.xml (RunModel)" time="0.012" />
  <testcase classname="ptolemy.util.test.junit.AutoTests" name="[287] /home/travis/build/icyphy/ptII/ptolemy/actor/lib/test/auto/PublisherSubscriber6.xml (RunModel)" time="0.017" />
  <testcase classname="ptolemy.util.test.junit.AutoTests" name="[288] /home/travis/build/icyphy/ptII/ptolemy/actor/lib/test/auto/PublisherSubscriber7.xml (RunModel)" time="0.019" />
  <testcase classname="ptolemy.util.test.junit.AutoTests" name="[289] /home/travis/build/icyphy/ptII/ptolemy/actor/lib/test/auto/PublisherSubscriber8.xml (RunModel)" time="0.038" />
  <testcase classname="ptolemy.util.test.junit.AutoTests" name="[290] /home/travis/build/icyphy/ptII/ptolemy/actor/lib/test/auto/PublisherSubscriber9.xml (RunModel)" time="0.016" />
  <testcase classname="ptolemy.util.test.junit.AutoTests" name="[291] /home/travis/build/icyphy/ptII/ptolemy/actor/lib/test/auto/PublisherSubscriberAdjacent.xml (RunModel)" time="0.017" />
  <testcase classname="ptolemy.util.test.junit.AutoTests" name="[292] /home/travis/build/icyphy/ptII/ptolemy/actor/lib/test/auto/PublisherSubscriberChannelVariablesAOC2.xml (RunModel)" time="0.029" />
  <testcase classname="ptolemy.util.test.junit.AutoTests" name="[293] /home/travis/build/icyphy/ptII/ptolemy/actor/lib/test/auto/PublisherSubscriberD3.xml (RunModel)" time="0.015" />
  <testcase classname="ptolemy.util.test.junit.AutoTests" name="[294] /home/travis/build/icyphy/ptII/ptolemy/actor/lib/test/auto/PublisherSubscriberD3Reverse.xml (RunModel)" time="0.012" />
  <testcase classname="ptolemy.util.test.junit.AutoTests" name="[295] /home/travis/build/icyphy/ptII/ptolemy/actor/lib/test/auto/PublisherSubscriberExpression.xml (RunModel)" time="0.019" />
  <testcase classname="ptolemy.util.test.junit.AutoTests" name="[296] /home/travis/build/icyphy/ptII/ptolemy/actor/lib/test/auto/PublisherSubscriberOpaque.xml (RunModel)" time="0.017" />
  <testcase classname="ptolemy.util.test.junit.AutoTests" name="[297] /home/travis/build/icyphy/ptII/ptolemy/actor/lib/test/auto/PublisherSubscriberOpaqueD3.xml (RunModel)" time="0.022" />
  <testcase classname="ptolemy.util.test.junit.AutoTests" name="[298] /home/travis/build/icyphy/ptII/ptolemy/actor/lib/test/auto/PublisherSubscriberOpaqueD3Reverse.xml (RunModel)" time="0.021" />
  <testcase classname="ptolemy.util.test.junit.AutoTests" name="[299] /home/travis/build/icyphy/ptII/ptolemy/actor/lib/test/auto/PublisherSubscriberOpaqueWidthInference.xml (RunModel)" time="0.018" />
  <testcase classname="ptolemy.util.test.junit.AutoTests" name="[300] /home/travis/build/icyphy/ptII/ptolemy/actor/lib/test/auto/PublisherTestSubscriber.xml (RunModel)" time="0.018" />
  <testcase classname="ptolemy.util.test.junit.AutoTests" name="[301] /home/travis/build/icyphy/ptII/ptolemy/actor/lib/test/auto/PublisherToplevelSubscriberPortAOC.xml (RunModel)" time="0.013" />
  <testcase classname="ptolemy.util.test.junit.AutoTests" name="[302] /home/travis/build/icyphy/ptII/ptolemy/actor/lib/test/auto/PulseFiringLimitDE.xml (RunModel)" time="0.014" />
  <testcase classname="ptolemy.util.test.junit.AutoTests" name="[303] /home/travis/build/icyphy/ptII/ptolemy/actor/lib/test/auto/Ramp1.xml (RunModel)" time="0.012" />
  <testcase classname="ptolemy.util.test.junit.AutoTests" name="[304] /home/travis/build/icyphy/ptII/ptolemy/actor/lib/test/auto/RampFiringLimitDE.xml (RunModel)" time="0.012" />
  <testcase classname="ptolemy.util.test.junit.AutoTests" name="[305] /home/travis/build/icyphy/ptII/ptolemy/actor/lib/test/auto/RampFiringLimitSDF.xml (RunModel)" time="0.016" />
  <testcase classname="ptolemy.util.test.junit.AutoTests" name="[306] /home/travis/build/icyphy/ptII/ptolemy/actor/lib/test/auto/RandomInteger.xml (RunModel)" time="0.009" />
  <testcase classname="ptolemy.util.test.junit.AutoTests" name="[307] /home/travis/build/icyphy/ptII/ptolemy/actor/lib/test/auto/ReadFile1.xml (RunModel)" time="0.011" />
  <testcase classname="ptolemy.util.test.junit.AutoTests" name="[308] /home/travis/build/icyphy/ptII/ptolemy/actor/lib/test/auto/ReadFile2.xml (RunModel)" time="0.01" />
  <testcase classname="ptolemy.util.test.junit.AutoTests" name="[309] /home/travis/build/icyphy/ptII/ptolemy/actor/lib/test/auto/Reader.xml (RunModel)" time="0.014" />
  <testcase classname="ptolemy.util.test.junit.AutoTests" name="[310] /home/travis/build/icyphy/ptII/ptolemy/actor/lib/test/auto/RecordAssemblerDisplayNameTest.xml (RunModel)" time="3.628" />
  <testcase classname="ptolemy.util.test.junit.AutoTests" name="[311] /home/travis/build/icyphy/ptII/ptolemy/actor/lib/test/auto/RecordAssemblerTypeError.xml (RunModel)" time="0.062" />
  <testcase classname="ptolemy.util.test.junit.AutoTests" name="[312] /home/travis/build/icyphy/ptII/ptolemy/actor/lib/test/auto/RecordDisassember.xml (RunModel)" time="0.011" />
  <testcase classname="ptolemy.util.test.junit.AutoTests" name="[313] /home/travis/build/icyphy/ptII/ptolemy/actor/lib/test/auto/RecordDisassemberDisplayNameTest.xml (RunModel)" time="0.019" />
  <testcase classname="ptolemy.util.test.junit.AutoTests" name="[314] /home/travis/build/icyphy/ptII/ptolemy/actor/lib/test/auto/RecordDisassembler.xml (RunModel)" time="0.012" />
  <testcase classname="ptolemy.util.test.junit.AutoTests" name="[315] /home/travis/build/icyphy/ptII/ptolemy/actor/lib/test/auto/RecordDisassembler2.xml (RunModel)" time="0.012" />
  <testcase classname="ptolemy.util.test.junit.AutoTests" name="[316] /home/travis/build/icyphy/ptII/ptolemy/actor/lib/test/auto/RecordUpdater.xml (RunModel)" time="0.01" />
  <testcase classname="ptolemy.util.test.junit.AutoTests" name="[317] /home/travis/build/icyphy/ptII/ptolemy/actor/lib/test/auto/RecordUpdater2.xml (RunModel)" time="0.009" />
  <testcase classname="ptolemy.util.test.junit.AutoTests" name="[318] /home/travis/build/icyphy/ptII/ptolemy/actor/lib/test/auto/RecursiveLattice.xml (RunModel)" time="0.01" />
  <testcase classname="ptolemy.util.test.junit.AutoTests" name="[319] /home/travis/build/icyphy/ptII/ptolemy/actor/lib/test/auto/Router.xml (RunModel)" time="3.049" />
  <testcase classname="ptolemy.util.test.junit.AutoTests" name="[320] /home/travis/build/icyphy/ptII/ptolemy/actor/lib/test/auto/Router2.xml (RunModel)" time="3.03" />
  <testcase classname="ptolemy.util.test.junit.AutoTests" name="[321] /home/travis/build/icyphy/ptII/ptolemy/actor/lib/test/auto/RunningMaximum.xml (RunModel)" time="0.022" />
  <testcase classname="ptolemy.util.test.junit.AutoTests" name="[322] /home/travis/build/icyphy/ptII/ptolemy/actor/lib/test/auto/RunningMinimum.xml (RunModel)" time="0.013" />
  <testcase classname="ptolemy.util.test.junit.AutoTests" name="[323] /home/travis/build/icyphy/ptII/ptolemy/actor/lib/test/auto/Scale.xml (RunModel)" time="0.01" />
  <testcase classname="ptolemy.util.test.junit.AutoTests" name="[324] /home/travis/build/icyphy/ptII/ptolemy/actor/lib/test/auto/Scale2.xml (RunModel)" time="0.012" />
  <testcase classname="ptolemy.util.test.junit.AutoTests" name="[325] /home/travis/build/icyphy/ptII/ptolemy/actor/lib/test/auto/Scale3.xml (RunModel)" time="0.016" />
  <testcase classname="ptolemy.util.test.junit.AutoTests" name="[326] /home/travis/build/icyphy/ptII/ptolemy/actor/lib/test/auto/ScaleArray.xml (RunModel)" time="0.025" />
  <testcase classname="ptolemy.util.test.junit.AutoTests" name="[327] /home/travis/build/icyphy/ptII/ptolemy/actor/lib/test/auto/ScaleArray2.xml (RunModel)" time="0.011" />
  <testcase classname="ptolemy.util.test.junit.AutoTests" name="[328] /home/travis/build/icyphy/ptII/ptolemy/actor/lib/test/auto/ScaleMatrix.xml (RunModel)" time="0.159" />
  <testcase classname="ptolemy.util.test.junit.AutoTests" name="[329] /home/travis/build/icyphy/ptII/ptolemy/actor/lib/test/auto/Select.xml (RunModel)" time="0.016" />
  <testcase classname="ptolemy.util.test.junit.AutoTests" name="[330] /home/travis/build/icyphy/ptII/ptolemy/actor/lib/test/auto/Select2.xml (RunModel)" time="0.01" />
  <testcase classname="ptolemy.util.test.junit.AutoTests" name="[331] /home/travis/build/icyphy/ptII/ptolemy/actor/lib/test/auto/SequenceToArray2.xml (RunModel)" time="0.155" />
  <testcase classname="ptolemy.util.test.junit.AutoTests" name="[332] /home/travis/build/icyphy/ptII/ptolemy/actor/lib/test/auto/SequentialClock.xml (RunModel)" time="0.012" />
  <testcase classname="ptolemy.util.test.junit.AutoTests" name="[333] /home/travis/build/icyphy/ptII/ptolemy/actor/lib/test/auto/SetVariable.xml (RunModel)" time="0.018" />
  <testcase classname="ptolemy.util.test.junit.AutoTests" name="[334] /home/travis/build/icyphy/ptII/ptolemy/actor/lib/test/auto/SetVariable2.xml (RunModel)" time="0.011" />
  <testcase classname="ptolemy.util.test.junit.AutoTests" name="[335] /home/travis/build/icyphy/ptII/ptolemy/actor/lib/test/auto/SetVariable3.xml (RunModel)" time="0.018" />
  <testcase classname="ptolemy.util.test.junit.AutoTests" name="[336] /home/travis/build/icyphy/ptII/ptolemy/actor/lib/test/auto/SetVariable4.xml (RunModel)" time="0.027" />
  <testcase classname="ptolemy.util.test.junit.AutoTests" name="[337] /home/travis/build/icyphy/ptII/ptolemy/actor/lib/test/auto/SetVariable5.xml (RunModel)" time="0.046" />
  <testcase classname="ptolemy.util.test.junit.AutoTests" name="[338] /home/travis/build/icyphy/ptII/ptolemy/actor/lib/test/auto/Sinewave.xml (RunModel)" time="0.026" />
  <testcase classname="ptolemy.util.test.junit.AutoTests" name="[339] /home/travis/build/icyphy/ptII/ptolemy/actor/lib/test/auto/Sinewave2.xml (RunModel)" time="0.018" />
  <testcase classname="ptolemy.util.test.junit.AutoTests" name="[340] /home/travis/build/icyphy/ptII/ptolemy/actor/lib/test/auto/Sinewave3.xml (RunModel)" time="0.02" />
  <testcase classname="ptolemy.util.test.junit.AutoTests" name="[341] /home/travis/build/icyphy/ptII/ptolemy/actor/lib/test/auto/SingleEvent.xml (RunModel)" time="0.009" />
  <testcase classname="ptolemy.util.test.junit.AutoTests" name="[342] /home/travis/build/icyphy/ptII/ptolemy/actor/lib/test/auto/Sleep.xml (RunModel)" time="6.014" />
  <testcase classname="ptolemy.util.test.junit.AutoTests" name="[343] /home/travis/build/icyphy/ptII/ptolemy/actor/lib/test/auto/SleepMultipleFire.xml (RunModel)" time="1.025" />
  <testcase classname="ptolemy.util.test.junit.AutoTests" name="[344] /home/travis/build/icyphy/ptII/ptolemy/actor/lib/test/auto/StopDE.xml (RunModel)" time="0.014" />
  <testcase classname="ptolemy.util.test.junit.AutoTests" name="[345] /home/travis/build/icyphy/ptII/ptolemy/actor/lib/test/auto/StopSDF.xml (RunModel)" time="0.014" />
  <testcase classname="ptolemy.util.test.junit.AutoTests" name="[346] /home/travis/build/icyphy/ptII/ptolemy/actor/lib/test/auto/StringConstant.xml (RunModel)" time="0.013" />
  <testcase classname="ptolemy.util.test.junit.AutoTests" name="[347] /home/travis/build/icyphy/ptII/ptolemy/actor/lib/test/auto/SubscriberPortInitialValues1.xml (RunModel)" time="0.028" />
  <testcase classname="ptolemy.util.test.junit.AutoTests" name="[348] /home/travis/build/icyphy/ptII/ptolemy/actor/lib/test/auto/SubscriberPortInitialValues13.xml (RunModel)" time="0.027" />
  <testcase classname="ptolemy.util.test.junit.AutoTests" name="[349] /home/travis/build/icyphy/ptII/ptolemy/actor/lib/test/auto/SubscriberPortInitialValues14.xml (RunModel)" time="0.017" />
  <testcase classname="ptolemy.util.test.junit.AutoTests" name="[350] /home/travis/build/icyphy/ptII/ptolemy/actor/lib/test/auto/SubscriberPortInitialValues2.xml (RunModel)" time="0.017" />
  <testcase classname="ptolemy.util.test.junit.AutoTests" name="[351] /home/travis/build/icyphy/ptII/ptolemy/actor/lib/test/auto/SubscriberPortInitialValues3.xml (RunModel)" time="0.021" />
  <testcase classname="ptolemy.util.test.junit.AutoTests" name="[352] /home/travis/build/icyphy/ptII/ptolemy/actor/lib/test/auto/SubscriptionAggregator.xml (RunModel)" time="0.013" />
  <testcase classname="ptolemy.util.test.junit.AutoTests" name="[353] /home/travis/build/icyphy/ptII/ptolemy/actor/lib/test/auto/SubscriptionAggregator2.xml (RunModel)" time="0.013" />
  <testcase classname="ptolemy.util.test.junit.AutoTests" name="[354] /home/travis/build/icyphy/ptII/ptolemy/actor/lib/test/auto/SubscriptionAggregator3.xml (RunModel)" time="0.015" />
  <testcase classname="ptolemy.util.test.junit.AutoTests" name="[355] /home/travis/build/icyphy/ptII/ptolemy/actor/lib/test/auto/SubscriptionAggregatorMultiply.xml (RunModel)" time="0.015" />
  <testcase classname="ptolemy.util.test.junit.AutoTests" name="[356] /home/travis/build/icyphy/ptII/ptolemy/actor/lib/test/auto/SubscriptionAggregatorPortMultiply1.xml (RunModel)" time="0.014" />
  <testcase classname="ptolemy.util.test.junit.AutoTests" name="[357] /home/travis/build/icyphy/ptII/ptolemy/actor/lib/test/auto/Switch.xml (RunModel)" time="0.016" />
  <testcase classname="ptolemy.util.test.junit.AutoTests" name="[358] /home/travis/build/icyphy/ptII/ptolemy/actor/lib/test/auto/Switch2.xml (RunModel)" time="0.011" />
  <testcase classname="ptolemy.util.test.junit.AutoTests" name="[359] /home/travis/build/icyphy/ptII/ptolemy/actor/lib/test/auto/SwitchDE.xml (RunModel)" time="0.014" />
  <testcase classname="ptolemy.util.test.junit.AutoTests" name="[360] /home/travis/build/icyphy/ptII/ptolemy/actor/lib/test/auto/SynchronizerDE.xml (RunModel)" time="0.024" />
  <testcase classname="ptolemy.util.test.junit.AutoTests" name="[361] /home/travis/build/icyphy/ptII/ptolemy/actor/lib/test/auto/Test.xml (RunModel)" time="0.01" />
  <testcase classname="ptolemy.util.test.junit.AutoTests" name="[362] /home/travis/build/icyphy/ptII/ptolemy/actor/lib/test/auto/TestExceptionAttribute1.xml (RunModel)" time="0.01" />
  <testcase classname="ptolemy.util.test.junit.AutoTests" name="[363] /home/travis/build/icyphy/ptII/ptolemy/actor/lib/test/auto/TestExceptionAttribute2.xml (RunModel)" time="0.007" />
  <testcase classname="ptolemy.util.test.junit.AutoTests" name="[364] /home/travis/build/icyphy/ptII/ptolemy/actor/lib/test/auto/TestExceptionAttribute3.xml (RunModel)" time="0.007" />
  <testcase classname="ptolemy.util.test.junit.AutoTests" name="[365] /home/travis/build/icyphy/ptII/ptolemy/actor/lib/test/auto/TestExceptionAttribute4.xml (RunModel)" time="0.011" />
  <testcase classname="ptolemy.util.test.junit.AutoTests" name="[366] /home/travis/build/icyphy/ptII/ptolemy/actor/lib/test/auto/TestExceptionHandler1.xml (RunModel)" time="0.007" />
  <testcase classname="ptolemy.util.test.junit.AutoTests" name="[367] /home/travis/build/icyphy/ptII/ptolemy/actor/lib/test/auto/TestExceptionHandler2.xml (RunModel)" time="0.007" />
  <testcase classname="ptolemy.util.test.junit.AutoTests" name="[368] /home/travis/build/icyphy/ptII/ptolemy/actor/lib/test/auto/TestExceptionHandler3.xml (RunModel)" time="0.006" />
  <testcase classname="ptolemy.util.test.junit.AutoTests" name="[369] /home/travis/build/icyphy/ptII/ptolemy/actor/lib/test/auto/TestExceptionHandler4.xml (RunModel)" time="0.007" />
  <testcase classname="ptolemy.util.test.junit.AutoTests" name="[370] /home/travis/build/icyphy/ptII/ptolemy/actor/lib/test/auto/TestRequireCorrectOrder.xml (RunModel)" time="0.011" />
  <testcase classname="ptolemy.util.test.junit.AutoTests" name="[371] /home/travis/build/icyphy/ptII/ptolemy/actor/lib/test/auto/TestSimple.xml (RunModel)" time="0.009" />
  <testcase classname="ptolemy.util.test.junit.AutoTests" name="[372] /home/travis/build/icyphy/ptII/ptolemy/actor/lib/test/auto/ThrowModelError.xml (RunModel)" time="0.017" />
  <testcase classname="ptolemy.util.test.junit.AutoTests" name="[373] /home/travis/build/icyphy/ptII/ptolemy/actor/lib/test/auto/TimeDelayMicrosteps.xml (RunModel)" time="0.014" />
  <testcase classname="ptolemy.util.test.junit.AutoTests" name="[374] /home/travis/build/icyphy/ptII/ptolemy/actor/lib/test/auto/TimeDelayMicrosteps2.xml (RunModel)" time="0.015" />
  <testcase classname="ptolemy.util.test.junit.AutoTests" name="[375] /home/travis/build/icyphy/ptII/ptolemy/actor/lib/test/auto/TimeDelayMicrosteps3.xml (RunModel)" time="0.013" />
  <testcase classname="ptolemy.util.test.junit.AutoTests" name="[376] /home/travis/build/icyphy/ptII/ptolemy/actor/lib/test/auto/TimeDelayVariableMicrosteps.xml (RunModel)" time="0.013" />
  <testcase classname="ptolemy.util.test.junit.AutoTests" name="[377] /home/travis/build/icyphy/ptII/ptolemy/actor/lib/test/auto/TimeGap.xml (RunModel)" time="0.013" />
  <testcase classname="ptolemy.util.test.junit.AutoTests" name="[378] /home/travis/build/icyphy/ptII/ptolemy/actor/lib/test/auto/TimeGap2.xml (RunModel)" time="0.011" />
  <testcase classname="ptolemy.util.test.junit.AutoTests" name="[379] /home/travis/build/icyphy/ptII/ptolemy/actor/lib/test/auto/TimedSinewave.xml (RunModel)" time="0.039" />
  <testcase classname="ptolemy.util.test.junit.AutoTests" name="[380] /home/travis/build/icyphy/ptII/ptolemy/actor/lib/test/auto/TimedSinewavePhase.xml (RunModel)" time="0.039" />
  <testcase classname="ptolemy.util.test.junit.AutoTests" name="[381] /home/travis/build/icyphy/ptII/ptolemy/actor/lib/test/auto/Timer.xml (RunModel)" time="0.015" />
  <testcase classname="ptolemy.util.test.junit.AutoTests" name="[382] /home/travis/build/icyphy/ptII/ptolemy/actor/lib/test/auto/TriangularDistTestModel.xml (RunModel)" time="0.018" />
  <testcase classname="ptolemy.util.test.junit.AutoTests" name="[383] /home/travis/build/icyphy/ptII/ptolemy/actor/lib/test/auto/TrigFunction.xml (RunModel)" time="0.011" />
  <testcase classname="ptolemy.util.test.junit.AutoTests" name="[384] /home/travis/build/icyphy/ptII/ptolemy/actor/lib/test/auto/TrigFunctionDE.xml (RunModel)" time="0.015" />
  <testcase classname="ptolemy.util.test.junit.AutoTests" name="[385] /home/travis/build/icyphy/ptII/ptolemy/actor/lib/test/auto/TrigFunctionInverse.xml (RunModel)" time="0.013" />
  <testcase classname="ptolemy.util.test.junit.AutoTests" name="[386] /home/travis/build/icyphy/ptII/ptolemy/actor/lib/test/auto/TrigFunctionTan.xml (RunModel)" time="0.009" />
  <testcase classname="ptolemy.util.test.junit.AutoTests" name="[387] /home/travis/build/icyphy/ptII/ptolemy/actor/lib/test/auto/TriggeredClock.xml (RunModel)" time="0.011" />
  <testcase classname="ptolemy.util.test.junit.AutoTests" name="[388] /home/travis/build/icyphy/ptII/ptolemy/actor/lib/test/auto/URLDirectoryReader.xml (RunModel)" time="0.109" />
  <testcase classname="ptolemy.util.test.junit.AutoTests" name="[389] /home/travis/build/icyphy/ptII/ptolemy/actor/lib/test/auto/URLDirectoryReader3.xml (RunModel)" time="1.516" />
  <testcase classname="ptolemy.util.test.junit.AutoTests" name="[390] /home/travis/build/icyphy/ptII/ptolemy/actor/lib/test/auto/UnaryMathFunction.xml (RunModel)" time="0.056" />
  <testcase classname="ptolemy.util.test.junit.AutoTests" name="[391] /home/travis/build/icyphy/ptII/ptolemy/actor/lib/test/auto/Uniform.xml (RunModel)" time="0.042" />
  <testcase classname="ptolemy.util.test.junit.AutoTests" name="[392] /home/travis/build/icyphy/ptII/ptolemy/actor/lib/test/auto/UnionDisassemblerTest.xml (RunModel)" time="0.03" />
  <testcase classname="ptolemy.util.test.junit.AutoTests" name="[393] /home/travis/build/icyphy/ptII/ptolemy/actor/lib/test/auto/UtilityFunctions.xml (RunModel)" time="0.009" />
  <testcase classname="ptolemy.util.test.junit.AutoTests" name="[394] /home/travis/build/icyphy/ptII/ptolemy/actor/lib/test/auto/VariableSleep.xml (RunModel)" time="0.516" />
  <testcase classname="ptolemy.util.test.junit.AutoTests" name="[395] /home/travis/build/icyphy/ptII/ptolemy/actor/lib/test/auto/VectorAssemblerDisassemblerCT.xml (RunModel)" time="0.121" />
  <testcase classname="ptolemy.util.test.junit.AutoTests" name="[396] /home/travis/build/icyphy/ptII/ptolemy/actor/lib/test/auto/VectorAssemblerDisassemblerDE.xml (RunModel)" time="0.016" />
  <testcase classname="ptolemy.util.test.junit.AutoTests" name="[397] /home/travis/build/icyphy/ptII/ptolemy/actor/lib/test/auto/VectorAssemblerDisassemblerSDF.xml (RunModel)" time="0.014" />
  <testcase classname="ptolemy.util.test.junit.AutoTests" name="[398] /home/travis/build/icyphy/ptII/ptolemy/actor/lib/test/auto/WallClockTime.xml (RunModel)" time="1.015" />
  <testcase classname="ptolemy.util.test.junit.AutoTests" name="[399] /home/travis/build/icyphy/ptII/ptolemy/actor/lib/test/auto/WidthTestWithSubscriberPublisher.xml (RunModel)" time="0.056" />
  <testcase classname="ptolemy.util.test.junit.AutoTests" name="[400] /home/travis/build/icyphy/ptII/ptolemy/actor/lib/test/auto/WidthTestWithSubscriberPublisher2.xml (RunModel)" time="0.021" />
  <testcase classname="ptolemy.util.test.junit.AutoTests" name="[401] /home/travis/build/icyphy/ptII/ptolemy/actor/lib/test/auto/WidthTestWithSubscriberPublisher3.xml (RunModel)" time="0.028" />
  <testcase classname="ptolemy.util.test.junit.AutoTests" name="[402] /home/travis/build/icyphy/ptII/ptolemy/actor/lib/test/auto/Writer.xml (RunModel)" time="0.008" />
  <testcase classname="ptolemy.util.test.junit.AutoTests" name="[403] /home/travis/build/icyphy/ptII/ptolemy/actor/lib/test/auto/array.xml (RunModel)" time="0.009" />
  <testcase classname="ptolemy.util.test.junit.AutoTests" name="[404] /home/travis/build/icyphy/ptII/ptolemy/actor/lib/test/auto/array2.xml (RunModel)" time="0.015" />
  <testcase classname="ptolemy.util.test.junit.AutoTests" name="[405] /home/travis/build/icyphy/ptII/ptolemy/actor/lib/test/auto/arrayType.xml (RunModel)" time="0.012" />
  <testcase classname="ptolemy.util.test.junit.AutoTests" name="[406] /home/travis/build/icyphy/ptII/ptolemy/actor/lib/test/auto/arrayType10.xml (RunModel)" time="0.012" />
  <testcase classname="ptolemy.util.test.junit.AutoTests" name="[407] /home/travis/build/icyphy/ptII/ptolemy/actor/lib/test/auto/arrayType11.xml (RunModel)" time="0.01" />
  <testcase classname="ptolemy.util.test.junit.AutoTests" name="[408] /home/travis/build/icyphy/ptII/ptolemy/actor/lib/test/auto/arrayType12.xml (RunModel)" time="0.012" />
  <testcase classname="ptolemy.util.test.junit.AutoTests" name="[409] /home/travis/build/icyphy/ptII/ptolemy/actor/lib/test/auto/arrayType13.xml (RunModel)" time="0.011" />
  <testcase classname="ptolemy.util.test.junit.AutoTests" name="[410] /home/travis/build/icyphy/ptII/ptolemy/actor/lib/test/auto/arrayType14.xml (RunModel)" time="0.011" />
  <testcase classname="ptolemy.util.test.junit.AutoTests" name="[411] /home/travis/build/icyphy/ptII/ptolemy/actor/lib/test/auto/arrayType15.xml (RunModel)" time="0.011" />
  <testcase classname="ptolemy.util.test.junit.AutoTests" name="[412] /home/travis/build/icyphy/ptII/ptolemy/actor/lib/test/auto/arrayType16.xml (RunModel)" time="0.011" />
  <testcase classname="ptolemy.util.test.junit.AutoTests" name="[413] /home/travis/build/icyphy/ptII/ptolemy/actor/lib/test/auto/arrayType17.xml (RunModel)" time="0.013" />
  <testcase classname="ptolemy.util.test.junit.AutoTests" name="[414] /home/travis/build/icyphy/ptII/ptolemy/actor/lib/test/auto/arrayType18.xml (RunModel)" time="0.014" />
  <testcase classname="ptolemy.util.test.junit.AutoTests" name="[415] /home/travis/build/icyphy/ptII/ptolemy/actor/lib/test/auto/arrayType19.xml (RunModel)" time="0.009" />
  <testcase classname="ptolemy.util.test.junit.AutoTests" name="[416] /home/travis/build/icyphy/ptII/ptolemy/actor/lib/test/auto/arrayType2.xml (RunModel)" time="0.012" />
  <testcase classname="ptolemy.util.test.junit.AutoTests" name="[417] /home/travis/build/icyphy/ptII/ptolemy/actor/lib/test/auto/arrayType20.xml (RunModel)" time="0.011" />
  <testcase classname="ptolemy.util.test.junit.AutoTests" name="[418] /home/travis/build/icyphy/ptII/ptolemy/actor/lib/test/auto/arrayType21.xml (RunModel)" time="0.01" />
  <testcase classname="ptolemy.util.test.junit.AutoTests" name="[419] /home/travis/build/icyphy/ptII/ptolemy/actor/lib/test/auto/arrayType22.xml (RunModel)" time="0.01" />
  <testcase classname="ptolemy.util.test.junit.AutoTests" name="[420] /home/travis/build/icyphy/ptII/ptolemy/actor/lib/test/auto/arrayType23.xml (RunModel)" time="0.012" />
  <testcase classname="ptolemy.util.test.junit.AutoTests" name="[421] /home/travis/build/icyphy/ptII/ptolemy/actor/lib/test/auto/arrayType24.xml (RunModel)" time="0.014" />
  <testcase classname="ptolemy.util.test.junit.AutoTests" name="[422] /home/travis/build/icyphy/ptII/ptolemy/actor/lib/test/auto/arrayType25.xml (RunModel)" time="0.012" />
  <testcase classname="ptolemy.util.test.junit.AutoTests" name="[423] /home/travis/build/icyphy/ptII/ptolemy/actor/lib/test/auto/arrayType26.xml (RunModel)" time="0.015" />
  <testcase classname="ptolemy.util.test.junit.AutoTests" name="[424] /home/travis/build/icyphy/ptII/ptolemy/actor/lib/test/auto/arrayType27.xml (RunModel)" time="0.01" />
  <testcase classname="ptolemy.util.test.junit.AutoTests" name="[425] /home/travis/build/icyphy/ptII/ptolemy/actor/lib/test/auto/arrayType28.xml (RunModel)" time="0.012" />
  <testcase classname="ptolemy.util.test.junit.AutoTests" name="[426] /home/travis/build/icyphy/ptII/ptolemy/actor/lib/test/auto/arrayType3.xml (RunModel)" time="0.011" />
  <testcase classname="ptolemy.util.test.junit.AutoTests" name="[427] /home/travis/build/icyphy/ptII/ptolemy/actor/lib/test/auto/arrayType4.xml (RunModel)" time="0.012" />
  <testcase classname="ptolemy.util.test.junit.AutoTests" name="[428] /home/travis/build/icyphy/ptII/ptolemy/actor/lib/test/auto/arrayType5.xml (RunModel)" time="0.013" />
  <testcase classname="ptolemy.util.test.junit.AutoTests" name="[429] /home/travis/build/icyphy/ptII/ptolemy/actor/lib/test/auto/arrayType6.xml (RunModel)" time="0.01" />
  <testcase classname="ptolemy.util.test.junit.AutoTests" name="[430] /home/travis/build/icyphy/ptII/ptolemy/actor/lib/test/auto/arrayType7.xml (RunModel)" time="0.013" />
  <testcase classname="ptolemy.util.test.junit.AutoTests" name="[431] /home/travis/build/icyphy/ptII/ptolemy/actor/lib/test/auto/arrayType8.xml (RunModel)" time="0.026" />
  <testcase classname="ptolemy.util.test.junit.AutoTests" name="[432] /home/travis/build/icyphy/ptII/ptolemy/actor/lib/test/auto/arrayType9.xml (RunModel)" time="0.012" />
  <testcase classname="ptolemy.util.test.junit.AutoTests" name="[433] /home/travis/build/icyphy/ptII/ptolemy/actor/lib/test/auto/cast.xml (RunModel)" time="0.012" />
  <testcase classname="ptolemy.util.test.junit.AutoTests" name="[434] /home/travis/build/icyphy/ptII/ptolemy/actor/lib/test/auto/compositeMultiPort.xml (RunModel)" time="0.018" />
  <testcase classname="ptolemy.util.test.junit.AutoTests" name="[435] /home/travis/build/icyphy/ptII/ptolemy/actor/lib/test/auto/expressionCastInference.xml (RunModel)" time="0.01" />
  <testcase classname="ptolemy.util.test.junit.AutoTests" name="[436] /home/travis/build/icyphy/ptII/ptolemy/actor/lib/test/auto/expressionCastInference2.xml (RunModel)" time="0.009" />
  <testcase classname="ptolemy.util.test.junit.AutoTests" name="[437] /home/travis/build/icyphy/ptII/ptolemy/actor/lib/test/auto/expressionInference.xml (RunModel)" time="0.008" />
  <testcase classname="ptolemy.util.test.junit.AutoTests" name="[438] /home/travis/build/icyphy/ptII/ptolemy/actor/lib/test/auto/expression_bug.xml (RunModel)" time="0.009" />
  <testcase classname="ptolemy.util.test.junit.AutoTests" name="[439] /home/travis/build/icyphy/ptII/ptolemy/actor/lib/test/auto/factorial.xml (RunModel)" time="0.052" />
  <testcase classname="ptolemy.util.test.junit.AutoTests" name="[440] /home/travis/build/icyphy/ptII/ptolemy/actor/lib/test/auto/filterTest1.xml (RunModel)" time="0.015" />
  <testcase classname="ptolemy.util.test.junit.AutoTests" name="[441] /home/travis/build/icyphy/ptII/ptolemy/actor/lib/test/auto/funcApplyInConst.xml (RunModel)" time="0.008" />
  <testcase classname="ptolemy.util.test.junit.AutoTests" name="[442] /home/travis/build/icyphy/ptII/ptolemy/actor/lib/test/auto/funcApplyInExpr.xml (RunModel)" time="0.01" />
  <testcase classname="ptolemy.util.test.junit.AutoTests" name="[443] /home/travis/build/icyphy/ptII/ptolemy/actor/lib/test/auto/function.xml (RunModel)" time="0.012" />
  <testcase classname="ptolemy.util.test.junit.AutoTests" name="[444] /home/travis/build/icyphy/ptII/ptolemy/actor/lib/test/auto/function2.xml (RunModel)" time="0.01" />
  <testcase classname="ptolemy.util.test.junit.AutoTests" name="[445] /home/travis/build/icyphy/ptII/ptolemy/actor/lib/test/auto/function3.xml (RunModel)" time="0.009" />
  <testcase classname="ptolemy.util.test.junit.AutoTests" name="[446] /home/travis/build/icyphy/ptII/ptolemy/actor/lib/test/auto/functionClosureTest1.xml (RunModel)" time="0.012" />
  <testcase classname="ptolemy.util.test.junit.AutoTests" name="[447] /home/travis/build/icyphy/ptII/ptolemy/actor/lib/test/auto/functionClosureTest2.xml (RunModel)" time="0.025" />
  <testcase classname="ptolemy.util.test.junit.AutoTests" name="[448] /home/travis/build/icyphy/ptII/ptolemy/actor/lib/test/auto/functionClosureTest3.xml (RunModel)" time="0.012" />
  <testcase classname="ptolemy.util.test.junit.AutoTests" name="[449] /home/travis/build/icyphy/ptII/ptolemy/actor/lib/test/auto/functionClosureTest4.xml (RunModel)" time="0.018" />
  <testcase classname="ptolemy.util.test.junit.AutoTests" name="[450] /home/travis/build/icyphy/ptII/ptolemy/actor/lib/test/auto/functionClosureTest5.xml (RunModel)" time="0.015" />
  <testcase classname="ptolemy.util.test.junit.AutoTests" name="[451] /home/travis/build/icyphy/ptII/ptolemy/actor/lib/test/auto/functionClosureTest6.xml (RunModel)" time="0.011" />
  <testcase classname="ptolemy.util.test.junit.AutoTests" name="[452] /home/travis/build/icyphy/ptII/ptolemy/actor/lib/test/auto/functionsOnArcs.xml (RunModel)" time="0.011" />
  <testcase classname="ptolemy.util.test.junit.AutoTests" name="[453] /home/travis/build/icyphy/ptII/ptolemy/actor/lib/test/auto/functionsOnArcsHOF.xml (RunModel)" time="0.014" />
  <testcase classname="ptolemy.util.test.junit.AutoTests" name="[454] /home/travis/build/icyphy/ptII/ptolemy/actor/lib/test/auto/logic.xml (RunModel)" time="0.019" />
  <testcase classname="ptolemy.util.test.junit.AutoTests" name="[455] /home/travis/build/icyphy/ptII/ptolemy/actor/lib/test/auto/matrixType.xml (RunModel)" time="0.01" />
  <testcase classname="ptolemy.util.test.junit.AutoTests" name="[456] /home/travis/build/icyphy/ptII/ptolemy/actor/lib/test/auto/matrixType10.xml (RunModel)" time="0.01" />
  <testcase classname="ptolemy.util.test.junit.AutoTests" name="[457] /home/travis/build/icyphy/ptII/ptolemy/actor/lib/test/auto/matrixType11.xml (RunModel)" time="0.009" />
  <testcase classname="ptolemy.util.test.junit.AutoTests" name="[458] /home/travis/build/icyphy/ptII/ptolemy/actor/lib/test/auto/matrixType12.xml (RunModel)" time="0.012" />
  <testcase classname="ptolemy.util.test.junit.AutoTests" name="[459] /home/travis/build/icyphy/ptII/ptolemy/actor/lib/test/auto/matrixType13.xml (RunModel)" time="0.008" />
  <testcase classname="ptolemy.util.test.junit.AutoTests" name="[460] /home/travis/build/icyphy/ptII/ptolemy/actor/lib/test/auto/matrixType14.xml (RunModel)" time="0.01" />
  <testcase classname="ptolemy.util.test.junit.AutoTests" name="[461] /home/travis/build/icyphy/ptII/ptolemy/actor/lib/test/auto/matrixType2.xml (RunModel)" time="0.01" />
  <testcase classname="ptolemy.util.test.junit.AutoTests" name="[462] /home/travis/build/icyphy/ptII/ptolemy/actor/lib/test/auto/matrixType3.xml (RunModel)" time="0.013" />
  <testcase classname="ptolemy.util.test.junit.AutoTests" name="[463] /home/travis/build/icyphy/ptII/ptolemy/actor/lib/test/auto/matrixType4.xml (RunModel)" time="0.011" />
  <testcase classname="ptolemy.util.test.junit.AutoTests" name="[464] /home/travis/build/icyphy/ptII/ptolemy/actor/lib/test/auto/matrixType5.xml (RunModel)" time="0.01" />
  <testcase classname="ptolemy.util.test.junit.AutoTests" name="[465] /home/travis/build/icyphy/ptII/ptolemy/actor/lib/test/auto/matrixType6.xml (RunModel)" time="0.012" />
  <testcase classname="ptolemy.util.test.junit.AutoTests" name="[466] /home/travis/build/icyphy/ptII/ptolemy/actor/lib/test/auto/matrixType7.xml (RunModel)" time="0.014" />
  <testcase classname="ptolemy.util.test.junit.AutoTests" name="[467] /home/travis/build/icyphy/ptII/ptolemy/actor/lib/test/auto/matrixType8.xml (RunModel)" time="0.014" />
  <testcase classname="ptolemy.util.test.junit.AutoTests" name="[468] /home/travis/build/icyphy/ptII/ptolemy/actor/lib/test/auto/matrixType9.xml (RunModel)" time="0.012" />
  <testcase classname="ptolemy.util.test.junit.AutoTests" name="[469] /home/travis/build/icyphy/ptII/ptolemy/actor/lib/test/auto/paraFunctest.xml (RunModel)" time="0.012" />
  <testcase classname="ptolemy.util.test.junit.AutoTests" name="[470] /home/travis/build/icyphy/ptII/ptolemy/actor/lib/test/auto/paraFunctest2.xml (RunModel)" time="0.011" />
  <testcase classname="ptolemy.util.test.junit.AutoTests" name="[471] /home/travis/build/icyphy/ptII/ptolemy/actor/lib/test/auto/parameterPassing.xml (RunModel)" time="0.026" />
  <testcase classname="ptolemy.util.test.junit.AutoTests" name="[472] /home/travis/build/icyphy/ptII/ptolemy/actor/lib/test/auto/record.xml (RunModel)" time="0.011" />
  <testcase classname="ptolemy.util.test.junit.AutoTests" name="[473] /home/travis/build/icyphy/ptII/ptolemy/actor/lib/test/auto/sizedarray1.xml (RunModel)" time="0.012" />
  <testcase classname="ptolemy.util.test.junit.AutoTests" name="[474] /home/travis/build/icyphy/ptII/ptolemy/actor/lib/test/auto/sizedarray2.xml (RunModel)" time="0.012" />
  <testcase classname="ptolemy.util.test.junit.AutoTests" name="[475] /home/travis/build/icyphy/ptII/ptolemy/actor/lib/test/auto/twoPublishers.xml (RunModel)" time="0.023" />
  <system-out><![CDATA[/home/travis/build/icyphy/ptII/ptolemy/actor/lib/test/AbsoluteValue.tcl
testDefs.tcl: setting time out to 9000 seconds at Sun Apr 14 03:59:14 UTC 2019
87 ms. Memory: 116224K Free: 109621K (94%)
4 ms. Memory: 116224K Free: 108410K (93%)
4 ms. Memory: 116224K Free: 107777K (93%)
4 ms. Memory: 116224K Free: 106582K (92%)
/home/travis/build/icyphy/ptII/ptolemy/actor/lib/test/AddSubtract.tcl
8 ms. Memory: 116224K Free: 104761K (90%)
5 ms. Memory: 116224K Free: 104152K (90%)
5 ms. Memory: 116224K Free: 102949K (89%)
5 ms. Memory: 116224K Free: 102323K (88%)
6 ms. Memory: 116224K Free: 101714K (88%)
4 ms. Memory: 116224K Free: 101097K (87%)
/home/travis/build/icyphy/ptII/ptolemy/actor/lib/test/Average.tcl
6 ms. Memory: 116224K Free: 99276K (85%)
6 ms. Memory: 116224K Free: 98049K (84%)
/home/travis/build/icyphy/ptII/ptolemy/actor/lib/test/Bernoulli.tcl
7 ms. Memory: 116224K Free: 96252K (83%)
2 ms. Memory: 116224K Free: 95635K (82%)
/home/travis/build/icyphy/ptII/ptolemy/actor/lib/test/Clock.tcl
preinitializing
resolving types
initializing
executing number 1
wrapping up
idle
16 ms. Memory: 116224K Free: 93838K (81%)
Completed execution with 5 iterations
preinitializing
resolving types
initializing
executing number 1
wrapping up
idle
4 ms. Memory: 116224K Free: 92635K (80%)
Completed execution with 5 iterations
preinitializing
resolving types
initializing
executing number 1
wrapping up
idle
4 ms. Memory: 116224K Free: 92026K (79%)
Completed execution with 5 iterations
/home/travis/build/icyphy/ptII/ptolemy/actor/lib/test/Commutator.tcl
6 ms. Memory: 116224K Free: 90229K (78%)
6 ms. Memory: 116224K Free: 89026K (77%)
8 ms. Memory: 116224K Free: 84856K (73%)
/home/travis/build/icyphy/ptII/ptolemy/actor/lib/test/Const.tcl
4 ms. Memory: 116224K Free: 83056K (71%)
3 ms. Memory: 116224K Free: 82463K (71%)
4 ms. Memory: 116224K Free: 81870K (70%)
3 ms. Memory: 116224K Free: 81276K (70%)
16 ms. Memory: 146944K Free: 140026K (95%)
12 ms. Memory: 146944K Free: 138824K (94%)
4 ms. Memory: 146944K Free: 136386K (93%)
3 ms. Memory: 146944K Free: 135176K (92%)
/home/travis/build/icyphy/ptII/ptolemy/actor/lib/test/CurrentTime.tcl
preinitializing
resolving types
initializing
executing number 1
wrapping up
idle
7 ms. Memory: 146944K Free: 133959K (91%)
Completed execution with 11 iterations
/home/travis/build/icyphy/ptII/ptolemy/actor/lib/test/DB.tcl
4 ms. Memory: 146944K Free: 131548K (90%)
2 ms. Memory: 146944K Free: 131548K (90%)
2 ms. Memory: 146944K Free: 131548K (90%)
/home/travis/build/icyphy/ptII/ptolemy/actor/lib/test/DiscreteRandomSource.tcl
preinitializing
resolving types
initializing
executing number 1
wrapping up
idle
15 ms. Memory: 146944K Free: 129129K (88%)
Completed execution with 4 iterations
preinitializing
resolving types
initializing
executing number 1
wrapping up
idle
2 ms. Memory: 146944K Free: 129129K (88%)
Completed execution with 4 iterations
preinitializing
resolving types
initializing
executing number 1
wrapping up
idle
12 ms. Memory: 146944K Free: 127927K (87%)
Completed execution with 4 iterations
preinitializing
resolving types
initializing
executing number 1
wrapping up
idle
2 ms. Memory: 146944K Free: 127927K (87%)
Completed execution with 4 iterations
preinitializing
resolving types
initializing
executing number 1
wrapping up
idle
12 ms. Memory: 146944K Free: 127927K (87%)
Completed execution with 4 iterations
/home/travis/build/icyphy/ptII/ptolemy/actor/lib/test/Distributor.tcl
4 ms. Memory: 146944K Free: 125523K (85%)
3 ms. Memory: 146944K Free: 125523K (85%)
StreamChangeRequest.changeExecuted(): <deleteEntity name="rec2"/> succeeded
StreamChangeRequest.changeExecuted(): <deleteRelation name="r2"/> succeeded
StreamChangeRequest.changeExecuted(): Record firings per iteration succeeded
6 ms. Memory: 146944K Free: 123120K (84%)
/home/travis/build/icyphy/ptII/ptolemy/actor/lib/test/Exit.tcl
Exit.tcl: this will print a message about Manager.exitAfterWrapup, which can be ignored.
8 ms. Memory: 146944K Free: 120103K (82%)
/home/travis/build/icyphy/ptII/ptolemy/actor/lib/test/Expression.tcl
4 ms. Memory: 146944K Free: 116471K (79%)
12 ms. Memory: 146944K Free: 115269K (78%)
3 ms. Memory: 146944K Free: 115269K (78%)
preinitializing
resolving types
initializing
executing number 1
wrapping up
idle
10 ms. Memory: 146944K Free: 114068K (78%)
Completed execution with 6 iterations
3 ms. Memory: 146944K Free: 112866K (77%)
2 ms. Memory: 146944K Free: 111665K (76%)
5 ms. Memory: 146944K Free: 110463K (75%)
3 ms. Memory: 146944K Free: 109262K (74%)
4 ms. Memory: 146944K Free: 108060K (74%)
/home/travis/build/icyphy/ptII/ptolemy/actor/lib/test/Gaussian.tcl
14 ms. Memory: 146944K Free: 106858K (73%)
sleeping 1 seconds: ..................................................................................................................................................................................................................................................................................................................................................................................................................................................................................................................................................................................................................................................................................................................................................................................................................................................................................................................................................................................................................................................................................................................................................................................................................................................................................................................................................................................................................................................................................................................................................................................................................................................................................................................................................................................................................................................................................................................................................................................................................................................................................................................................................................................................................................................................................................................................................................................................................................................................................................................................................................................................................................................................................................................................................................................................................................................................................................................................................................................................................................................................................................................................................................................................................................................................................................................................................................................................................................................................................................................................................................................................................................................................................................................................................................................................................................................................................................................................................................................................................................................................................................................................................................................................................................................................................................................................................................................................................................................................................................................................................................................................................................................................................................................................................................................................................................................................................................................................................................................................................................................................................................................................................................................................................................................................................................................................................................................................................................................................................................................................................................................................................................................................................................................................................................................................................................................................................................................................................................................................................................................................................................................................................................................................................................................................................................................................................................................................................................................................................................................................................................................................................................................................................................................................................................................................................................................................................................................................................................................................................................................................................................................................................................................................................................................................................................................................................................................................................................................................................................................................................................................................................................................................................................................................................................................................................................................................................................................................................................................................................................................................................................................................................................................................................................................................................................................................................................................................................................................................................................................................................................................................................................................................................................................................................................................................................................................................................................................................................................................................................................................................................................................................................................................................................................................................................................................................................................................................................................................................................................................................................................................................................................................................................................................................................................................................................................................................................................................................................................................................................................................................................................................................................................................................................................................................................................................................................................................................................................................................................................................................................................................................................................................................................................................................................................................................................................................................................................................................................................................................................................................................................................................................................................................................................................................................................................................................................................................................................................................................................................................................................................................................................................................................................................................................................................................................................................................................................................................................................................................................................................................................................................................................................................................................................................................................................................................................................................................................................................................................................................................................................................................................................................................................................................................................................................................................................................................................................................................................................................................................................................................................................................................................................................................................................................................................................................................................................................................................................................................................................................................................................................................................................................................................................................................................................................................................................................................................................................................................................................................................................................................................................................................................................................................................................................................................................................................................................................................................................................................................................................................................................................................................................................................................................................................................................................................................................................................................................................................................................................................................................................................................................................................................................................................................................................................................................................................................................................................................................................................................................................................................................................................................................................................................................................................................................................................................................................................................................................................................................................................................................................................................................................................................................................................................................................................................................................................................................................................................................................................................................................................................................................................................................................................................................................................................................................................................................................................................................................................................................................................................................................................................................................................................................................................................................................................................................................................................................................................................................................................................................................................................................................................................................................................................................................................................................................................................................................................................................................................................................................................................................................................................................................................................................................................................................................................................................................................................................................................................................................................................................................................................................................................................................................................................................................................................................................................................................................................................................................................................................................................................................................................................................................................................................................................................................................................................................................................................................................................................................................................................................................................................................................................................................................................................................................................................................................................................................................................................................................................................................................................................................................................................................................................................................................................................................................................................................................................................................................................................................................................................................................................................................................................................................................................................................................................................................................................................................................................................................................................................................................................................................................................................................................................................................................................................................................................................................................................................................................................................................................................................................................................................................................................................................................................................................................................................................................................................................................................................................................................................................................................................................................................................................................................................................................................................................................................................................................................................................................................................................................................................................................................................................................................................................................................................................................................................................................................................................................................................................................................................................................................................................................................................................................................................................................................................................................................................................................................................................................................................................................................................................................................................................................................................................................................................................................................................................................................................................................................................................................................................................................................................................................................................................................................................................................................................................................................................................................................................................................................................................................................................................................................................................................................................................................................................................................................................................................................................................................................................................................................................................................................................................................................................................................................................................................................................................................................................................................................................................................................................................................................................................................................................................................................................................................................................................................................................................................................................................................................................................................................................................................................................................................................................................................................................................................................................................................................................................................................................................................................................................................................................................................................................................................................................................................................................................................................................................................................................................................................................................................................................................................................................................................................................................................................................................................................................................................................................................................................................................................................................................................................................................................................................................................................................................................................................................................................................................................................................................................................................................................................................................................................................................................................................................................................................................................................................................................................................................................................................................................................................................................................................................................................................................................................................................................................................................................................................................................................................................................................................................................................................................................................................................................................................................................................................................................................................................................................................................................................................................................................................................................................................................................................................................................................................................................................................................................................................................................................................................................................................................................................................................................................................................................................................................................................................................................................................................................................................................................................................................................................................................................................................................................................................................................................................................................................................................................................................................................................................................................................................................................................................................................................................................................................................................................................................................................................................................................................................................................................................................................................................................................................................................................................................................................................................................................................................................................................................................................................................................................................................................................................................................................................................................................................................................................................................................................................................................................................................................................................................................................................................................................................................................................................................................................................................................................................................................................................................................................................................................................................................................................................................................................................................................................................................................................................................................................................................................................................................................................................................................................................................................................................................................................................................................................................................................................................................................................................................................................................................................................................................................................................................................................................................................................................................................................................................................................................................................................................................................................................................................................................................................................................................................................................................................................................................................................................................................................................................................................................................................................................................................................................................................................................................................................................................................................................................................................................................................................................................................................................................................................................................................................................................................................................................................................................................................................................................................................................................................................................................................................................................................................................................................................................................................................................................................................................................................................................................................................................................................................................................................................................................................................................................................................................................................................................................................................................................................................................................................................................................................................................................................................................................................................................................................................................................................................................................................................................................................................................................................................................................................................................................................................................................................................................................................................................................................................................................................................................................................................................................................................................................................................................................................................................................................................................................................................................................................................................................................................................................................................................................................................................................................................................................................................................................................................................................................................................................................................................................................................................................................................................................................................................................................................................................................................................................................................................................................................................................................................................................................................................................................................................................................................................................................................................................................................................................................................................................................................................................................................................................................................................................................................................................................................................................................................................................................................................................................................................................................................................................................................................................................................................................................................................................................................................................................................................................................................................................................................................................................................................................................................................................................................................................................................................................................................................................................................................................................................................................................................................................................................................................................................................................................................................................................................................................................................................................................................................................................................................................................................................................................................................................................................................................................................................................................................................................................................................................................................................................................................................................................................................................................................................................................................................................................................................................................................................................................................................................................................................................................................................................................................................................................................................................................................................................................................................................................................................................................................................................................................................................................................................................................................................................................................................................................................................................................................................................................................................................................................................................................................................................................................................................................................................................................................................................................................................................................................................................................................................................................................................................................................................................................................................................................................................................................................................................................................................................................................................................................................................................................................................................................................................................................................................................................................................................................................................................................................................................................................................................................................................................................................................................................................................................................................................................................................................................................................................................................................................................................................................................................................................................................................................................................................................................................................................................................................................................................................................................................................................................................................................................................................................................................................................................................................................................................................................................................................................................................................................................................................................................................................................................................................................................................................................................................................................................................................................................................................................................................................................................................................................................................................................................................................................................................................................................................................................................................................................................................................................................................................................................................................................................................................................................................................................................................................................................................................................................................................................................................................................................................................................................................................................................................................................................................................................................................................................................................................................................................................................................................................................................................................................................................................................................................................................................................................................................................................................................................................................................................................................................................................................................................................................................................................................................................................................................................................................................................................................................................................................................................................................................................................................................................................................................................................................................................................................................................................................................................................................................................................................................................................................................................................................................................................................................................................................................................................................................................................................................................................................................................................................................................................................................................................................................................................................................................................................................................................................................................................................................................................................................................................................................................................................................................................................................................................................................................................................................................................................................................................................................................................................................................................................................................................................................................................................................................................................................................................................................................................................................................................................................................................................................................................................................................................................................................................................................................................................................................................................................................................................................................................................................................................................................................................................................................................................................................................................................................................................................................................................................................................................................................................................................................................................................................................................................................................................................................................................................................................................................................................................................................................................................................................................................................................................................................................................................................................................................................................................................................................................................................................................................................................................................................................................................................................................................................................................................................................................................................................................................................................................................................................................................................................................................................................................................................................................................................................................................................................................................................................................................................................................................................................................................................................................................................................................................................................................................................................................................................................................................................................................................................................................................................................................................................................................................................................................................................................................................................................................................................................................................................................................................................................................................................................................................................................................................................................................................................................................................................................................................................................................................................................................................................................................................................................................................................................................................................................................................................................................................................................................................................................................................................................................................................................................................................................................................................................................................................................................................................................................................................................................................................................................................................................................................................................................................................................................................................................................................................................................................................................................................................................................................................................................................................................................................................................................................................................................................................................................................................................................................................................................................................................................................................................................................................................................................................................................................................................................................................................................................................................................................................................................................................................................................................................................................................................................................................................................................................................................................................................................................................................................................................................................................................................................................................................................................................................................................................................................................................................................................................................................................................................................................................................................................................................................................................................................................................................................................................................................................................................................................................................................................................................................................................................................................................................................................................................................................................................................................................................................................................................................................................................................................................................................................................................................................................................................................................................................................................................................................................................................................................................................................................................................................................................................................................................................................................................................................................................................................................................................................................................................................................................................................................................................................................................................................................................................................................................................................................................................................................................................................................................................................................................................................................................................................................................................................................................................................................................................................................................................................................................................................................................................................................................................................................................................................................................................................................................................................................................................................................................................................................................................................................................................................................................................................................................................................................................................................................................................................................................................................................................................................................................................................................................................................................................................................................................................................................................................................................................................................................................................................................................................................................................................................................................................................................................................................................................................................................................................................................................................................................................................................................................................................................................................................................................................................................................................................................................................................................................................................................................................................................................................................................................................................................................................................................................................................................................................................................................................................................................................................................................................................................................................................................................................................................................................................................................................................................................................................................................................................................................................................................................................................................................................................................................................................................................................................................................................................................................................................................................................................................................................................................................................................................................................................................................................................................................................................................................................................................................................................................................................................................................................................................................................................................................................................................................................................................................................................................................................................................................................................................................................................................................................................................................................................................................................................................................................................................................................................................................................................................................................................................................................................................................................................................................................................................................................................................................................................................................................................................................................................................................................................................................................................................................................................................................................................................................................................................................................................................................................................................................................................................................................................................................................................................................................................................................................................................................................................................................................................................................................................................................................................................................................................................................................................................................................................................................................................................................................................................................................................................................................................................................................................................................................................................................................................................................................................................................................................................................................................................................................................................................................................................................................................................................................................................................................................................................................................................................................................................................................................................................................................................................................................................................................................................................................................................................................................................................................................................................................................................................................................................................................................................................................................................................................................................................................................................................................................................................................................................................................................................................................................................................................................................................................................................................................................................................................................................................................................................................................................................................................................................................................................................................................................................................................................................................................................................................................................................................................................................................................................................................................................................................................................................................................................................................................................................................................................................................................................................................................................................................................................................................................................................................................................................................................................................................................................................................................................................................................................................................................................................................................................................................................................................................................................................................................3 ms. Memory: 208384K Free: 110680K (53%)
2 ms. Memory: 208384K Free: 110680K (53%)
1 ms. Memory: 208384K Free: 108258K (52%)
2 ms. Memory: 208384K Free: 108258K (52%)
2 ms. Memory: 208384K Free: 108258K (52%)
/home/travis/build/icyphy/ptII/ptolemy/actor/lib/test/IIR.tcl
/home/travis/build/icyphy/ptII/ptolemy/actor/lib/test/Interpolator.tcl
8 ms. Memory: 208384K Free: 103416K (50%)
2 ms. Memory: 208384K Free: 103416K (50%)
2 ms. Memory: 208384K Free: 103416K (50%)
2 ms. Memory: 208384K Free: 100994K (48%)
5 ms. Memory: 208384K Free: 100994K (48%)
2 ms. Memory: 208384K Free: 100994K (48%)
2 ms. Memory: 208384K Free: 98573K (47%)
13 ms. Memory: 208384K Free: 98573K (47%)
2 ms. Memory: 208384K Free: 98573K (47%)
12 ms. Memory: 208384K Free: 96151K (46%)
/home/travis/build/icyphy/ptII/ptolemy/actor/lib/test/MathFunction.tcl
12 ms. Memory: 208384K Free: 93730K (45%)
2 ms. Memory: 208384K Free: 93730K (45%)
3 ms. Memory: 208384K Free: 91309K (44%)
2 ms. Memory: 208384K Free: 91309K (44%)
4 ms. Memory: 208384K Free: 91309K (44%)
5 ms. Memory: 208384K Free: 88887K (43%)
/home/travis/build/icyphy/ptII/ptolemy/actor/lib/test/Maximum.tcl
4 ms. Memory: 208384K Free: 86466K (41%)
2 ms. Memory: 208384K Free: 86466K (41%)
2 ms. Memory: 208384K Free: 84045K (40%)
3 ms. Memory: 208384K Free: 84045K (40%)
/home/travis/build/icyphy/ptII/ptolemy/actor/lib/test/Minimum.tcl
6 ms. Memory: 208384K Free: 81623K (39%)
2 ms. Memory: 208384K Free: 81623K (39%)
11 ms. Memory: 208384K Free: 81623K (39%)
2 ms. Memory: 208384K Free: 81623K (39%)
/home/travis/build/icyphy/ptII/ptolemy/actor/lib/test/MultiplyDivide.tcl
21 ms. Memory: 331264K Free: 320610K (97%)
11 ms. Memory: 331264K Free: 319936K (97%)
3 ms. Memory: 331264K Free: 319936K (97%)
12 ms. Memory: 331264K Free: 319936K (97%)
3 ms. Memory: 331264K Free: 319936K (97%)
/home/travis/build/icyphy/ptII/ptolemy/actor/lib/test/OrderedMerge.tcl
Connections changed on port: inputA
Connections changed on port: inputB
Connections changed on port: output
Connections changed on port: output
Connections changed on port: output
Connections changed on port: input
.top. Preinitializing ...
Invoking preinitialize():  .top.OrderedMerge
Called preinitialize()
Invoking preinitialize():  .top.Ramp
Called preinitialize()
Invoking preinitialize():  .top.Ramp2
Called preinitialize()
Invoking preinitialize():  .top.Test
Called preinitialize()
Connections changed on port: inputA
Connections changed on port: output
Connections changed on port: inputB
Connections changed on port: output
Connections changed on port: output
Connections changed on port: input
.top. Finished preinitialize().
Called initialize().
Invoking initialize():  .top.OrderedMerge
Initializing actor: .top.OrderedMerge
Adding a thread: .top.OrderedMerge
Invoking initialize():  .top.Ramp
Initializing actor: .top.Ramp
Adding a thread: .top.Ramp
Invoking initialize():  .top.Ramp2
Initializing actor: .top.Ramp2
Adding a thread: .top.Ramp2
Invoking initialize():  .top.Test
Initializing actor: .top.Test
Adding a thread: .top.Test
-- Starting thread.
Called initialize()
Called prefire()
Called fire()
-- Starting thread.
Called initialize()
Called prefire()
Called fire()
Called postfire()
Called prefire()
Called fire()
-- Starting thread.
Called initialize()
Called prefire()
Called fire()
Called postfire()
Called prefire()
Called fire()
-- Starting thread.
Called initialize()
Called fire().
Checking for deadlock:
There are 3 Blocked actors, 0 Stopped actors, and 4 active threads.
Waiting for actors to stop.
Called prefire()
Called fire()
Checking for deadlock:
There are 2 Blocked actors, 0 Stopped actors, and 4 active threads.
Waiting for actors to stop.
Read input token from inputA with value 0.0
Called postfire()
Next port to read input from is inputB
Called postfire()
Called prefire()
Called prefire()
Called fire()
Called fire()
Read input token from inputB with value 0.0
Called postfire()
Checking for deadlock:
There are 1 Blocked actors, 0 Stopped actors, and 4 active threads.
Waiting for actors to stop.
Called prefire()
Called fire()
Checking for deadlock:
There are 2 Blocked actors, 0 Stopped actors, and 4 active threads.
Waiting for actors to stop.
Sent output token with value 0.0
-- Read input: 0.0, which is expected to match: 0.0
Next port to read input from is inputA
Called postfire()
Called prefire()
Called fire()
Read input token from inputA with value 1.0
Called prefire()
Called fire()
Sent output token with value 0.0
-- Read input: 0.0, which is expected to match: 0.0
Next port to read input from is inputB
Called prefire()
Called postfire()
Called fire()
Called prefire()
Called fire()
Checking for deadlock:
There are 1 Blocked actors, 0 Stopped actors, and 4 active threads.
Read input token from inputB with value 1.5
Waiting for actors to stop.
Called postfire()
Called postfire()
Called prefire()
Called prefire()
Called fire()
Called fire()
Checking for deadlock:
There are 3 Blocked actors, 0 Stopped actors, and 4 active threads.
Waiting for actors to stop.
Sent output token with value 1.0
Next port to read input from is inputA
-- Read input: 1.0, which is expected to match: 1.0
Called postfire()
Called prefire()
Called fire()
Called prefire()
Called fire()
Read input token from inputA with value 2.0
Checking for deadlock:
There are 2 Blocked actors, 0 Stopped actors, and 4 active threads.
Waiting for actors to stop.
Checking for deadlock:
There are 1 Blocked actors, 0 Stopped actors, and 4 active threads.
Waiting for actors to stop.
Called postfire()
Sent output token with value 1.5
Next port to read input from is inputB
Called postfire()
-- Read input: 1.5, which is expected to match: 1.5
Called prefire()
Called fire()
Called prefire()
Called fire()
Called postfire()
Checking for deadlock:
Called prefire()
There are 1 Blocked actors, 0 Stopped actors, and 4 active threads.
Called fire()
Waiting for actors to stop.
Called prefire()
Checking for deadlock:
Read input token from inputB with value 3.0
There are 2 Blocked actors, 0 Stopped actors, and 4 active threads.
Waiting for actors to stop.
Called fire()
Sent output token with value 2.0
Next port to read input from is inputA
Called postfire()
Called prefire()
-- Read input: 2.0, which is expected to match: 2.0
Called fire()
Called prefire()
Called fire()
Read input token from inputA with value 3.0
Checking for deadlock:
There are 2 Blocked actors, 0 Stopped actors, and 4 active threads.
Waiting for actors to stop.
Checking for deadlock:
There are 1 Blocked actors, 0 Stopped actors, and 4 active threads.
Waiting for actors to stop.
Called postfire()
Called prefire()
Sent output token with value 3.0
Called fire()
Next port to read input from is inputB
Called postfire()
Called prefire()
Called fire()
-- Read input: 3.0, which is expected to match: 3.0
Read input token from inputB with value 4.5
Called prefire()
Called fire()
Sent output token with value 3.0
Next port to read input from is inputA
Called postfire()
-- Read input: 3.0, which is expected to match: 3.0
Called prefire()
Called fire()
Called prefire()
Called fire()
Checking for deadlock:
Read input token from inputA with value 4.0
There are 1 Blocked actors, 0 Stopped actors, and 4 active threads.
Waiting for actors to stop.
Checking for deadlock:
There are 0 Blocked actors, 0 Stopped actors, and 4 active threads.
Waiting for actors to stop.
Called postfire()
Called prefire()
Called fire()
Sent output token with value 4.0
Next port to read input from is inputA
Called postfire()
-- Read input: 4.0, which is expected to match: 4.0
Called prefire()
Called fire()
Called prefire()
Called fire()
Past the end of training data. Read and discard all inputs.
Checking for deadlock:
There are 3 Blocked actors, 0 Stopped actors, and 4 active threads.
Waiting for actors to stop.
Checking for deadlock:
There are 2 Blocked actors, 0 Stopped actors, and 4 active threads.
Waiting for actors to stop.
Called postfire()
Called prefire()
Called fire()
Read input token from inputA with value 5.0
Called postfire()
Called prefire()
Called fire()
Checking for deadlock:
There are 1 Blocked actors, 0 Stopped actors, and 4 active threads.
Waiting for actors to stop.
Called prefire()
Called fire()
Past the end of training data. Read and discard all inputs.
Checking for deadlock:
There are 2 Blocked actors, 0 Stopped actors, and 4 active threads.
Waiting for actors to stop.
Checking for deadlock:
There are 3 Blocked actors, 0 Stopped actors, and 4 active threads.
Waiting for actors to stop.
Sent output token with value 4.5
Next port to read input from is inputB
Called postfire()
Called prefire()
Called fire()
Read input token from inputB with value 6.0
Called postfire()
Called prefire()
Called fire()
Sent output token with value 5.0
Checking for deadlock:
There are 2 Blocked actors, 0 Stopped actors, and 4 active threads.
Next port to read input from is inputA
Waiting for actors to stop.
Called prefire()
Called fire()
Past the end of training data. Read and discard all inputs.
Called postfire()
Called prefire()
Called fire()
Checking for deadlock:
There are 3 Blocked actors, 0 Stopped actors, and 4 active threads.
Waiting for actors to stop.
Checking for deadlock:
There are 2 Blocked actors, 0 Stopped actors, and 4 active threads.
Waiting for actors to stop.
Called postfire()
Called prefire()
Called fire()
Read input token from inputA with value 6.0
Checking for deadlock:
There are 3 Blocked actors, 0 Stopped actors, and 4 active threads.
Waiting for actors to stop.
Checking for deadlock:
There are 2 Blocked actors, 0 Stopped actors, and 4 active threads.
Waiting for actors to stop.
Called prefire()
Called fire()
Sent output token with value 6.0
Past the end of training data. Read and discard all inputs.
Checking for deadlock:
Next port to read input from is inputB
There are 3 Blocked actors, 0 Stopped actors, and 4 active threads.
Called postfire()
Waiting for actors to stop.
Called prefire()
Called fire()
Called postfire()
Called prefire()
Called fire()
Checking for deadlock:
There are 3 Blocked actors, 0 Stopped actors, and 4 active threads.
Waiting for actors to stop.
Read input token from inputB with value 7.5
Sent output token with value 6.0
Called prefire()
Called fire()
Past the end of training data. Read and discard all inputs.
Next port to read input from is inputA
Called postfire()
Called prefire()
Called fire()
Checking for deadlock:
There are 3 Blocked actors, 0 Stopped actors, and 4 active threads.
Waiting for actors to stop.
Checking for deadlock:
There are 2 Blocked actors, 0 Stopped actors, and 4 active threads.
Waiting for actors to stop.
Read input token from inputA with value 7.0
Called postfire()
Sent output token with value 7.0
Called prefire()
Next port to read input from is inputA
Called fire()
Called postfire()
Called prefire()
Called fire()
Read input token from inputA with value 8.0
Called prefire()
Called fire()
Past the end of training data. Read and discard all inputs.
Sent output token with value 7.5
Called prefire()
Called fire()
Past the end of training data. Read and discard all inputs.
Next port to read input from is inputB
Called postfire()
Called prefire()
Called fire()
Read input token from inputB with value 9.0
-- Thread wrapup() called.
Called wrapup()
Sent output token with value 8.0
Thread .top.Ramp is exiting.
Next port to read input from is inputA
-- Thread stopped.
Called postfire()
Called prefire()
Called fire()
Read input token from inputA with value 9.0
Checking for deadlock:
There are 1 Blocked actors, 0 Stopped actors, and 3 active threads.
Waiting for actors to stop.
Called postfire()
Called prefire()
Called prefire()
Called fire()
Called fire()
Past the end of training data. Read and discard all inputs.
Checking for deadlock:
There are 2 Blocked actors, 0 Stopped actors, and 3 active threads.
Waiting for actors to stop.
Called prefire()
Called fire()
Sent output token with value 9.0
Past the end of training data. Read and discard all inputs.
Checking for deadlock:
There are 2 Blocked actors, 0 Stopped actors, and 3 active threads.
Next port to read input from is inputB
Waiting for actors to stop.
Called postfire()
Called prefire()
Called fire()
Checking for deadlock:
There are 1 Blocked actors, 0 Stopped actors, and 3 active threads.
Waiting for actors to stop.
Read input token from inputB with value 10.5
Called postfire()
Called prefire()
Called fire()
Checking for deadlock:
There are 1 Blocked actors, 0 Stopped actors, and 3 active threads.
Waiting for actors to stop.
Sent output token with value 9.0
Called prefire()
Called fire()
Past the end of training data. Read and discard all inputs.
Checking for deadlock:
There are 2 Blocked actors, 0 Stopped actors, and 3 active threads.
Waiting for actors to stop.
Next port to read input from is inputA
Called postfire()
Called prefire()
Called fire()
Checking for deadlock:
There are 3 Blocked actors, 0 Stopped actors, and 3 active threads.
Actors have stopped.
Checking for deadlock:
There are 3 Blocked actors, 0 Stopped actors, and 3 active threads.
Deadlock detected.
Resolving Deadlock
Checking for deadlock:
There are 3 Blocked actors, 0 Stopped actors, and 3 active threads.
Artificial Deadlock - increasing queue capacity.
increasing the capacity of receiver ptolemy.actor.TypedIOPort {.top.OrderedMerge.inputB} to 2
Director: Called postfire().
Called postfire().
_stopRequested = false
_stopFireRequested = false
Returning from postfire(): true
Called fire().
Checking for deadlock:
There are 2 Blocked actors, 0 Stopped actors, and 3 active threads.
Waiting for actors to stop.
-- Thread wrapup() called.
Called wrapup()
Thread .top.Ramp2 is exiting.
-- Thread stopped.
Checking for deadlock:
There are 2 Blocked actors, 0 Stopped actors, and 2 active threads.
Actors have stopped.
Checking for deadlock:
There are 2 Blocked actors, 0 Stopped actors, and 2 active threads.
Deadlock detected.
Resolving Deadlock
Checking for deadlock:
There are 2 Blocked actors, 0 Stopped actors, and 2 active threads.
Deadlock detected: no processes blocked on write, but some are blocked on read.
Called postfire().
_stopRequested = false
_stopFireRequested = false
Returning from postfire(): false
Finished deactivating branches.
Called wrapup().
-- Thread wrapup() called.
Called wrapup()
Thread .top.Test is exiting.
-- Thread stopped.
-- Thread wrapup() called.
-- Blocked Receiver call threw TerminateProcessException.
Called wrapup()
Thread .top.OrderedMerge is exiting.
43 ms. Memory: 331264K Free: 305268K (92%)
.top. Preinitializing ...
Invoking preinitialize():  .top.OrderedMerge
Called preinitialize()
Invoking preinitialize():  .top.Ramp
Called preinitialize()
Invoking preinitialize():  .top.Ramp2
Called preinitialize()
Invoking preinitialize():  .top.Test
Called preinitialize()
.top. Finished preinitialize().
-- Thread stopped.
-- Blocked Receiver call threw TerminateProcessException.
Called initialize().
Invoking initialize():  .top.OrderedMerge
Initializing actor: .top.OrderedMerge
Adding a thread: .top.OrderedMerge
Invoking initialize():  .top.Ramp
Initializing actor: .top.Ramp
Adding a thread: .top.Ramp
Invoking initialize():  .top.Ramp2
Initializing actor: .top.Ramp2
Adding a thread: .top.Ramp2
Invoking initialize():  .top.Test
Initializing actor: .top.Test
Adding a thread: .top.Test
-- Starting thread.
Called initialize()
Called fire().
Checking for deadlock:
There are 0 Blocked actors, 0 Stopped actors, and 4 active threads.
Waiting for actors to stop.
Called prefire()
Called fire()
Checking for deadlock:
There are 1 Blocked actors, 0 Stopped actors, and 4 active threads.
Waiting for actors to stop.
-- Starting thread.
Called initialize()
-- Starting thread.
Called initialize()
Called prefire()
Called prefire()
Called fire()
Called fire()
Called postfire()
Called postfire()
Called prefire()
Called prefire()
Called fire()
Called fire()
Checking for deadlock:
-- Starting thread.
There are 3 Blocked actors, 0 Stopped actors, and 4 active threads.
Waiting for actors to stop.
Called initialize()
Called prefire()
Called fire()
Checking for deadlock:
There are 2 Blocked actors, 0 Stopped actors, and 4 active threads.
Waiting for actors to stop.
Read input token from inputA with value 0.0
Next port to read input from is inputB
Called postfire()
Called prefire()
Called fire()
Read input token from inputB with value 0.0
Sent output token with value 0.0
Called postfire()
Called prefire()
Called fire()
Next port to read input from is inputA
Called postfire()
Called prefire()
Called fire()
Read input token from inputA with value 1.0
Called postfire()
Called prefire()
Checking for deadlock:
There are 1 Blocked actors, 0 Stopped actors, and 4 active threads.
Waiting for actors to stop.
-- Read input: 0.0, which is expected to match: 0.0
Called prefire()
Called fire()
Called fire()
Checking for deadlock:
There are 2 Blocked actors, 0 Stopped actors, and 4 active threads.
Called postfire()
Waiting for actors to stop.
Called prefire()
Called fire()
Sent output token with value 0.0
Checking for deadlock:
There are 2 Blocked actors, 0 Stopped actors, and 4 active threads.
Waiting for actors to stop.
-- Read input: 0.0, which is expected to match: 0.0
Called prefire()
Called fire()
Checking for deadlock:
There are 3 Blocked actors, 0 Stopped actors, and 4 active threads.
Waiting for actors to stop.
Next port to read input from is inputB
Called postfire()
Called prefire()
Called fire()
Read input token from inputB with value 1.5
Sent output token with value 1.0
Next port to read input from is inputA
Called postfire()
Called prefire()
Called fire()
Read input token from inputA with value 2.0
Called postfire()
Called prefire()
Called fire()
Checking for deadlock:
There are 2 Blocked actors, 0 Stopped actors, and 4 active threads.
Waiting for actors to stop.
-- Read input: 1.0, which is expected to match: 1.0
Called prefire()
Called fire()
Called postfire()
Called prefire()
Called fire()
Sent output token with value 1.5
Next port to read input from is inputB
Called postfire()
Called prefire()
Called fire()
Read input token from inputB with value 3.0
Checking for deadlock:
There are 2 Blocked actors, 0 Stopped actors, and 4 active threads.
Waiting for actors to stop.
-- Read input: 1.5, which is expected to match: 1.5
Called prefire()
Called fire()
Checking for deadlock:
There are 2 Blocked actors, 0 Stopped actors, and 4 active threads.
Waiting for actors to stop.
Called postfire()
Called prefire()
Called fire()
Checking for deadlock:
There are 3 Blocked actors, 0 Stopped actors, and 4 active threads.
Waiting for actors to stop.
Sent output token with value 2.0
Next port to read input from is inputA
Called postfire()
Called prefire()
Called fire()
Read input token from inputA with value 3.0
Checking for deadlock:
There are 2 Blocked actors, 0 Stopped actors, and 4 active threads.
Waiting for actors to stop.
Called postfire()
Called prefire()
Called fire()
-- Read input: 2.0, which is expected to match: 2.0
Called prefire()
Called fire()
Checking for deadlock:
There are 3 Blocked actors, 0 Stopped actors, and 4 active threads.
Waiting for actors to stop.
Sent output token with value 3.0
Next port to read input from is inputB
Called postfire()
Called prefire()
Called fire()
Read input token from inputB with value 4.5
Checking for deadlock:
There are 2 Blocked actors, 0 Stopped actors, and 4 active threads.
Waiting for actors to stop.
Checking for deadlock:
There are 1 Blocked actors, 0 Stopped actors, and 4 active threads.
Waiting for actors to stop.
-- Read input: 3.0, which is expected to match: 3.0
Called prefire()
Called fire()
Called postfire()
Called prefire()
Called fire()
Sent output token with value 3.0
Next port to read input from is inputA
Called postfire()
Called prefire()
Called fire()
Read input token from inputA with value 4.0
Checking for deadlock:
There are 2 Blocked actors, 0 Stopped actors, and 4 active threads.
Waiting for actors to stop.
Called postfire()
Called prefire()
Called fire()
-- Read input: 3.0, which is expected to match: 3.0
Called prefire()
Called fire()
Checking for deadlock:
There are 3 Blocked actors, 0 Stopped actors, and 4 active threads.
Waiting for actors to stop.
Checking for deadlock:
There are 2 Blocked actors, 0 Stopped actors, and 4 active threads.
Waiting for actors to stop.
-- Read input: 4.0, which is expected to match: 4.0
Called prefire()
Called fire()
Past the end of training data. Read and discard all inputs.
Checking for deadlock:
There are 3 Blocked actors, 0 Stopped actors, and 4 active threads.
Waiting for actors to stop.
Sent output token with value 4.0
Next port to read input from is inputA
Called postfire()
Called prefire()
Called fire()
Read input token from inputA with value 5.0
Sent output token with value 4.5
Next port to read input from is inputB
Called postfire()
Called prefire()
Called fire()
Read input token from inputB with value 6.0
Checking for deadlock:
There are 1 Blocked actors, 0 Stopped actors, and 4 active threads.
Waiting for actors to stop.
Called postfire()
Called prefire()
Called fire()
Called postfire()
Called prefire()
Called fire()
Checking for deadlock:
There are 3 Blocked actors, 0 Stopped actors, and 4 active threads.
Waiting for actors to stop.
Called prefire()
Called fire()
Past the end of training data. Read and discard all inputs.
Checking for deadlock:
There are 3 Blocked actors, 0 Stopped actors, and 4 active threads.
Waiting for actors to stop.
Sent output token with value 5.0
Next port to read input from is inputA
Called postfire()
Called prefire()
Called fire()
Read input token from inputA with value 6.0
Checking for deadlock:
There are 2 Blocked actors, 0 Stopped actors, and 4 active threads.
Waiting for actors to stop.
Called postfire()
Called prefire()
Called fire()
Checking for deadlock:
There are 3 Blocked actors, 0 Stopped actors, and 4 active threads.
Waiting for actors to stop.
Called prefire()
Called fire()
Past the end of training data. Read and discard all inputs.
Checking for deadlock:
There are 3 Blocked actors, 0 Stopped actors, and 4 active threads.
Waiting for actors to stop.
Sent output token with value 6.0
Next port to read input from is inputB
Called postfire()
Called prefire()
Called fire()
Read input token from inputB with value 7.5
Checking for deadlock:
There are 2 Blocked actors, 0 Stopped actors, and 4 active threads.
Waiting for actors to stop.
Called postfire()
Called prefire()
Called fire()
Checking for deadlock:
There are 3 Blocked actors, 0 Stopped actors, and 4 active threads.
Waiting for actors to stop.
Called prefire()
Called fire()
Past the end of training data. Read and discard all inputs.
Checking for deadlock:
There are 3 Blocked actors, 0 Stopped actors, and 4 active threads.
Waiting for actors to stop.
Sent output token with value 6.0
Next port to read input from is inputA
Called postfire()
Called prefire()
Called fire()
Read input token from inputA with value 7.0
Checking for deadlock:
There are 2 Blocked actors, 0 Stopped actors, and 4 active threads.
Waiting for actors to stop.
Called postfire()
Called prefire()
Called fire()
Checking for deadlock:
There are 3 Blocked actors, 0 Stopped actors, and 4 active threads.
Waiting for actors to stop.
Called prefire()
Called fire()
Past the end of training data. Read and discard all inputs.
Checking for deadlock:
There are 3 Blocked actors, 0 Stopped actors, and 4 active threads.
Waiting for actors to stop.
Sent output token with value 7.0
Next port to read input from is inputA
Called postfire()
Called prefire()
Called fire()
Read input token from inputA with value 8.0
-- Thread wrapup() called.
Called wrapup()
Thread .top.Ramp is exiting.
-- Thread stopped.
Checking for deadlock:
There are 2 Blocked actors, 0 Stopped actors, and 3 active threads.
Waiting for actors to stop.
Called prefire()
Called fire()
Past the end of training data. Read and discard all inputs.
Sent output token with value 7.5
Next port to read input from is inputB
Called postfire()
Called prefire()
Called fire()
Read input token from inputB with value 9.0
Checking for deadlock:
There are 1 Blocked actors, 0 Stopped actors, and 3 active threads.
Waiting for actors to stop.
Called postfire()
Called prefire()
Called fire()
Checking for deadlock:
There are 2 Blocked actors, 0 Stopped actors, and 3 active threads.
Waiting for actors to stop.
Called prefire()
Called fire()
Past the end of training data. Read and discard all inputs.
Checking for deadlock:
There are 2 Blocked actors, 0 Stopped actors, and 3 active threads.
Waiting for actors to stop.
Sent output token with value 8.0
Next port to read input from is inputA
Called postfire()
Called prefire()
Called fire()
Read input token from inputA with value 9.0
Checking for deadlock:
There are 2 Blocked actors, 0 Stopped actors, and 3 active threads.
Waiting for actors to stop.
Called prefire()
Called fire()
Past the end of training data. Read and discard all inputs.
Checking for deadlock:
There are 2 Blocked actors, 0 Stopped actors, and 3 active threads.
Waiting for actors to stop.
Sent output token with value 9.0
Next port to read input from is inputB
Called postfire()
Called prefire()
Called fire()
Read input token from inputB with value 10.5
Checking for deadlock:
There are 1 Blocked actors, 0 Stopped actors, and 3 active threads.
Waiting for actors to stop.
Called postfire()
Called prefire()
Called fire()
Checking for deadlock:
There are 2 Blocked actors, 0 Stopped actors, and 3 active threads.
Waiting for actors to stop.
Called prefire()
Called fire()
Past the end of training data. Read and discard all inputs.
Checking for deadlock:
There are 2 Blocked actors, 0 Stopped actors, and 3 active threads.
Waiting for actors to stop.
Checking for deadlock:
There are 1 Blocked actors, 0 Stopped actors, and 3 active threads.
Waiting for actors to stop.
Called prefire()
Called fire()
Past the end of training data. Read and discard all inputs.
Checking for deadlock:
There are 2 Blocked actors, 0 Stopped actors, and 3 active threads.
Waiting for actors to stop.
Sent output token with value 9.0
Next port to read input from is inputA
Called postfire()
Called prefire()
Called fire()
Checking for deadlock:
There are 3 Blocked actors, 0 Stopped actors, and 3 active threads.
Actors have stopped.
Checking for deadlock:
There are 3 Blocked actors, 0 Stopped actors, and 3 active threads.
Deadlock detected.
Resolving Deadlock
Checking for deadlock:
There are 3 Blocked actors, 0 Stopped actors, and 3 active threads.
Artificial Deadlock - increasing queue capacity.
increasing the capacity of receiver ptolemy.actor.TypedIOPort {.top.OrderedMerge.inputB} to 2
Director: Called postfire().
Called postfire().
_stopRequested = false
_stopFireRequested = false
Returning from postfire(): true
Called fire().
Checking for deadlock:
There are 2 Blocked actors, 0 Stopped actors, and 3 active threads.
Waiting for actors to stop.
-- Thread wrapup() called.
Called wrapup()
Thread .top.Ramp2 is exiting.
-- Thread stopped.
Checking for deadlock:
There are 2 Blocked actors, 0 Stopped actors, and 2 active threads.
Actors have stopped.
Checking for deadlock:
There are 2 Blocked actors, 0 Stopped actors, and 2 active threads.
Deadlock detected.
Resolving Deadlock
Checking for deadlock:
There are 2 Blocked actors, 0 Stopped actors, and 2 active threads.
Deadlock detected: no processes blocked on write, but some are blocked on read.
Called postfire().
_stopRequested = false
_stopFireRequested = false
Returning from postfire(): false
Finished deactivating branches.
Called wrapup().
-- Thread wrapup() called.
Called wrapup()
-- Thread wrapup() called.
Called wrapup()
Thread .top.OrderedMerge is exiting.
-- Thread stopped.
-- Blocked Receiver call threw TerminateProcessException.
Thread .top.Test is exiting.
-- Thread stopped.
-- Blocked Receiver call threw TerminateProcessException.
42 ms. Memory: 331264K Free: 295458K (89%)
/home/travis/build/icyphy/ptII/ptolemy/actor/lib/test/Publisher.tcl
21 ms. Memory: 331264K Free: 290600K (88%)
4 ms. Memory: 331264K Free: 285742K (86%)
9 ms. Memory: 331264K Free: 280884K (85%)
6 ms. Memory: 331264K Free: 280884K (85%)
5 ms. Memory: 331264K Free: 280884K (85%)
3 ms. Memory: 331264K Free: 276026K (83%)
2 ms. Memory: 331264K Free: 276026K (83%)
3 ms. Memory: 331264K Free: 276026K (83%)
1 ms. Memory: 331264K Free: 266294K (80%)
9 ms. Memory: 331264K Free: 261436K (79%)
2 ms. Memory: 331264K Free: 261436K (79%)
2 ms. Memory: 331264K Free: 261436K (79%)
6 ms. Memory: 331264K Free: 251712K (76%)
5 ms. Memory: 331264K Free: 241996K (73%)
6 ms. Memory: 331264K Free: 232264K (70%)
/home/travis/build/icyphy/ptII/ptolemy/actor/lib/test/Pulse.tcl
6 ms. Memory: 331264K Free: 193352K (58%)
5 ms. Memory: 331264K Free: 188493K (57%)
2 ms. Memory: 331264K Free: 188493K (57%)
2 ms. Memory: 331264K Free: 188493K (57%)
1 ms. Memory: 331264K Free: 188493K (57%)
1 ms. Memory: 331264K Free: 188493K (57%)
2 ms. Memory: 331264K Free: 188493K (57%)
1 ms. Memory: 331264K Free: 188493K (57%)
1 ms. Memory: 331264K Free: 183635K (55%)
/home/travis/build/icyphy/ptII/ptolemy/actor/lib/test/Ramp.tcl
3 ms. Memory: 331264K Free: 183635K (55%)
2 ms. Memory: 331264K Free: 183635K (55%)
6 ms. Memory: 331264K Free: 183635K (55%)
2 ms. Memory: 331264K Free: 183635K (55%)
8 ms. Memory: 331264K Free: 178769K (54%)
9 ms. Memory: 331264K Free: 178769K (54%)
9 ms. Memory: 331264K Free: 178769K (54%)
5 actors
9000 microseconds per iteration to create
14 ms. Memory: 331264K Free: 173895K (52%)
7 ms. Memory: 331264K Free: 173895K (52%)
2 ms. Memory: 331264K Free: 173895K (52%)
2 ms. Memory: 331264K Free: 173895K (52%)
50 actors
65000 microseconds per iteration to create
44 ms. Memory: 331264K Free: 159305K (48%)
19 ms. Memory: 331264K Free: 159305K (48%)
5 ms. Memory: 331264K Free: 154447K (47%)
13 ms. Memory: 331264K Free: 154447K (47%)
500 actors
1462000 microseconds per iteration to create
252 ms. Memory: 331776K Free: 235152K (71%)
40 ms. Memory: 331776K Free: 230421K (69%)
44 ms. Memory: 331776K Free: 225681K (68%)
37 ms. Memory: 331776K Free: 216203K (65%)
/home/travis/build/icyphy/ptII/ptolemy/actor/lib/test/RampContinuous.tcl
7 ms. Memory: 331776K Free: 216203K (65%)
/home/travis/build/icyphy/ptII/ptolemy/actor/lib/test/RecordAssembler.tcl
5 ms. Memory: 331776K Free: 216203K (65%)
3 ms. Memory: 331776K Free: 216203K (65%)
/home/travis/build/icyphy/ptII/ptolemy/actor/lib/test/RecordDisassembler.tcl
4 ms. Memory: 331776K Free: 211472K (64%)
2 ms. Memory: 331776K Free: 211472K (64%)
3 ms. Memory: 331776K Free: 211472K (64%)
/home/travis/build/icyphy/ptII/ptolemy/actor/lib/test/Scale.tcl
3 ms. Memory: 331776K Free: 206725K (62%)
2 ms. Memory: 331776K Free: 206725K (62%)
1 ms. Memory: 331776K Free: 206725K (62%)
2 ms. Memory: 331776K Free: 206725K (62%)
2 ms. Memory: 331776K Free: 206725K (62%)
/home/travis/build/icyphy/ptII/ptolemy/actor/lib/test/SequentialClock.tcl
preinitializing
resolving types
initializing
executing number 1
wrapping up
idle
2 ms. Memory: 331776K Free: 201978K (61%)
Completed execution with 5 iterations
preinitializing
resolving types
initializing
executing number 1
wrapping up
idle
1 ms. Memory: 331776K Free: 201978K (61%)
Completed execution with 5 iterations
preinitializing
resolving types
initializing
executing number 1
wrapping up
idle
1 ms. Memory: 331776K Free: 201978K (61%)
Completed execution with 5 iterations
/home/travis/build/icyphy/ptII/ptolemy/actor/lib/test/SetVariable.tcl
5 ms. Memory: 331776K Free: 201978K (61%)
/home/travis/build/icyphy/ptII/ptolemy/actor/lib/test/Sinewave.tcl
/home/travis/build/icyphy/ptII/ptolemy/actor/lib/test/SubscriptionAggregator.tcl
6 ms. Memory: 331776K Free: 187784K (57%)
5 ms. Memory: 331776K Free: 187784K (57%)
1 ms. Memory: 331776K Free: 187784K (57%)
1 ms. Memory: 331776K Free: 187784K (57%)
2 ms. Memory: 331776K Free: 183053K (55%)
5 ms. Memory: 331776K Free: 183053K (55%)
...............................................................1072 ms. Memory: 579584K Free: 531536K (92%)
/home/travis/build/icyphy/ptII/ptolemy/actor/lib/test/Test.tcl
 The next command will produce a warning about training mode,
   which may be ignored.
3 ms. Memory: 579584K Free: 531536K (92%)
2 ms. Memory: 579584K Free: 531536K (92%)
1 ms. Memory: 579584K Free: 531536K (92%)
1 ms. Memory: 579584K Free: 521923K (90%)
3 ms. Memory: 579584K Free: 521923K (90%)
3 ms. Memory: 579584K Free: 521923K (90%)
3 ms. Memory: 579584K Free: 521923K (90%)
 The next command will produce a warning about training mode,
   which may be ignored.
8 ms. Memory: 579584K Free: 521923K (90%)
 The next command will produce a warning about training mode,
   which may be ignored.
3 ms. Memory: 579584K Free: 521923K (90%)
2 ms. Memory: 579584K Free: 521923K (90%)
1 ms. Memory: 579584K Free: 521923K (90%)
3 ms. Memory: 579584K Free: 521923K (90%)
5 ms. Memory: 579584K Free: 521923K (90%)
4 ms. Memory: 579584K Free: 512294K (88%)
/home/travis/build/icyphy/ptII/ptolemy/actor/lib/test/TestExceptionHandler.tcl
 The next command will produce a warning about training mode,
   which may be ignored.
1 ms. Memory: 579584K Free: 512294K (88%)
1 ms. Memory: 579584K Free: 512294K (88%)
0 ms. Memory: 579584K Free: 512294K (88%)
/home/travis/build/icyphy/ptII/ptolemy/actor/lib/test/UnionDisassembler.tcl
26 ms. Memory: 579584K Free: 502681K (87%)
/home/travis/build/icyphy/ptII/ptolemy/actor/lib/test/VariableClock.tcl
preinitializing
resolving types
initializing
executing number 1
wrapping up
idle
8 ms. Memory: 579584K Free: 502681K (87%)
Completed execution with 11 iterations
preinitializing
resolving types
initializing
executing number 1
wrapping up
idle
10 ms. Memory: 579584K Free: 502681K (87%)
Completed execution with 10 iterations
04/14/19 03:59:22
Failed: 0  Total Tests: 234  ((Passed: 234, Newly Passed: 0)  Known Failed: 0) /home/travis/build/icyphy/ptII/ptolemy/actor/lib/test
----------------- testing (KnownFailure) /home/travis/build/icyphy/ptII/ptolemy/actor/lib/test/auto/knownFailedTests/PublisherPortToplevelSubscriber.xml
0 ms. Memory: 579584K Free: 492933K (85%)
Known Failure: java.lang.reflect.InvocationTargetException
----------------- testing (KnownFailure) /home/travis/build/icyphy/ptII/ptolemy/actor/lib/test/auto/knownFailedTests/PublisherSubscriberPortToplevel.xml
1 ms. Memory: 579584K Free: 473435K (82%)
Known Failure: java.lang.reflect.InvocationTargetException
----------------- testing (KnownFailure) /home/travis/build/icyphy/ptII/ptolemy/actor/lib/test/auto/knownFailedTests/PublisherSubscriptionAggregatorPort.xml
2 ms. Memory: 579584K Free: 453938K (78%)
Known Failure: java.lang.reflect.InvocationTargetException
----------------- testing (KnownFailure) /home/travis/build/icyphy/ptII/ptolemy/actor/lib/test/auto/knownFailedTests/sizedarray3.xml
4 ms. Memory: 579584K Free: 434441K (75%)
Known Failure: java.lang.reflect.InvocationTargetException
No auto/linux-amd64/*.xml tests in /home/travis/build/icyphy/ptII/ptolemy/actor/lib/test
AutoTests.java: About to close Vertx.
AutoTests.java: Vertx closed.

===========================================================================================
----------------- testing Sun Apr 14 03:59:23 UTC 2019 /home/travis/build/icyphy/ptII/ptolemy/actor/lib/test/auto/AbsoluteValue.xml
----------------- Instantiating /home/travis/build/icyphy/ptII/ptolemy/actor/lib/test/auto/AbsoluteValue.xml
8 ms. Memory: 579584K Free: 347159K (60%)
----------------- Invoking toplevel() on ptolemy.moml.MoMLSimpleApplication@5ef063ed
----------------- Done invoking toplevel() on ptolemy.moml.MoMLSimpleApplication@5ef063ed
reloadAllAccessors: .AbsoluteValue

===========================================================================================
----------------- testing Sun Apr 14 03:59:23 UTC 2019 /home/travis/build/icyphy/ptII/ptolemy/actor/lib/test/auto/AbsoluteValue2.xml
----------------- Instantiating /home/travis/build/icyphy/ptII/ptolemy/actor/lib/test/auto/AbsoluteValue2.xml
8 ms. Memory: 579584K Free: 337410K (58%)
----------------- Invoking toplevel() on ptolemy.moml.MoMLSimpleApplication@368a9c98
----------------- Done invoking toplevel() on ptolemy.moml.MoMLSimpleApplication@368a9c98
reloadAllAccessors: .AbsoluteValue2

===========================================================================================
----------------- testing Sun Apr 14 03:59:23 UTC 2019 /home/travis/build/icyphy/ptII/ptolemy/actor/lib/test/auto/Accumulator.xml
----------------- Instantiating /home/travis/build/icyphy/ptII/ptolemy/actor/lib/test/auto/Accumulator.xml
7 ms. Memory: 579584K Free: 327662K (57%)
----------------- Invoking toplevel() on ptolemy.moml.MoMLSimpleApplication@76919a60
----------------- Done invoking toplevel() on ptolemy.moml.MoMLSimpleApplication@76919a60
reloadAllAccessors: .Accumulator

===========================================================================================
----------------- testing Sun Apr 14 03:59:23 UTC 2019 /home/travis/build/icyphy/ptII/ptolemy/actor/lib/test/auto/Accumulator2.xml
----------------- Instantiating /home/travis/build/icyphy/ptII/ptolemy/actor/lib/test/auto/Accumulator2.xml
4 ms. Memory: 579584K Free: 317913K (55%)
----------------- Invoking toplevel() on ptolemy.moml.MoMLSimpleApplication@13978cae
----------------- Done invoking toplevel() on ptolemy.moml.MoMLSimpleApplication@13978cae
reloadAllAccessors: .Accumulator2

===========================================================================================
----------------- testing Sun Apr 14 03:59:23 UTC 2019 /home/travis/build/icyphy/ptII/ptolemy/actor/lib/test/auto/Accumulator3.xml
----------------- Instantiating /home/travis/build/icyphy/ptII/ptolemy/actor/lib/test/auto/Accumulator3.xml
3 ms. Memory: 579584K Free: 298567K (52%)
----------------- Invoking toplevel() on ptolemy.moml.MoMLSimpleApplication@78e9c47b
----------------- Done invoking toplevel() on ptolemy.moml.MoMLSimpleApplication@78e9c47b
reloadAllAccessors: .Accumulator3

===========================================================================================
----------------- testing Sun Apr 14 03:59:23 UTC 2019 /home/travis/build/icyphy/ptII/ptolemy/actor/lib/test/auto/ArrayAppend.xml
----------------- Instantiating /home/travis/build/icyphy/ptII/ptolemy/actor/lib/test/auto/ArrayAppend.xml
7 ms. Memory: 579584K Free: 288819K (50%)
----------------- Invoking toplevel() on ptolemy.moml.MoMLSimpleApplication@69d4de1
----------------- Done invoking toplevel() on ptolemy.moml.MoMLSimpleApplication@69d4de1
reloadAllAccessors: .ArrayAppend

===========================================================================================
----------------- testing Sun Apr 14 03:59:23 UTC 2019 /home/travis/build/icyphy/ptII/ptolemy/actor/lib/test/auto/ArrayAppend2.xml
----------------- Instantiating /home/travis/build/icyphy/ptII/ptolemy/actor/lib/test/auto/ArrayAppend2.xml
343 ms. Memory: 579584K Free: 201082K (35%)
----------------- Invoking toplevel() on ptolemy.moml.MoMLSimpleApplication@53cf0e67
----------------- Done invoking toplevel() on ptolemy.moml.MoMLSimpleApplication@53cf0e67
reloadAllAccessors: .ArrayAppend2

===========================================================================================
----------------- testing Sun Apr 14 03:59:24 UTC 2019 /home/travis/build/icyphy/ptII/ptolemy/actor/lib/test/auto/ArrayAppend3.xml
----------------- Instantiating /home/travis/build/icyphy/ptII/ptolemy/actor/lib/test/auto/ArrayAppend3.xml
14 ms. Memory: 579584K Free: 191333K (33%)
----------------- Invoking toplevel() on ptolemy.moml.MoMLSimpleApplication@7811d28c
----------------- Done invoking toplevel() on ptolemy.moml.MoMLSimpleApplication@7811d28c
reloadAllAccessors: .ArrayAppend3

===========================================================================================
----------------- testing Sun Apr 14 03:59:24 UTC 2019 /home/travis/build/icyphy/ptII/ptolemy/actor/lib/test/auto/ArrayAppend4.xml
----------------- Instantiating /home/travis/build/icyphy/ptII/ptolemy/actor/lib/test/auto/ArrayAppend4.xml
2 ms. Memory: 579584K Free: 181585K (31%)
----------------- Invoking toplevel() on ptolemy.moml.MoMLSimpleApplication@5de412d6
----------------- Done invoking toplevel() on ptolemy.moml.MoMLSimpleApplication@5de412d6
reloadAllAccessors: .ArrayAppend4

===========================================================================================
----------------- testing Sun Apr 14 03:59:24 UTC 2019 /home/travis/build/icyphy/ptII/ptolemy/actor/lib/test/auto/ArrayAppend5.xml
----------------- Instantiating /home/travis/build/icyphy/ptII/ptolemy/actor/lib/test/auto/ArrayAppend5.xml
2 ms. Memory: 579584K Free: 162239K (28%)
----------------- Invoking toplevel() on ptolemy.moml.MoMLSimpleApplication@79281ee5
----------------- Done invoking toplevel() on ptolemy.moml.MoMLSimpleApplication@79281ee5
reloadAllAccessors: .ArrayAppend5

===========================================================================================
----------------- testing Sun Apr 14 03:59:24 UTC 2019 /home/travis/build/icyphy/ptII/ptolemy/actor/lib/test/auto/ArrayAppend6.xml
----------------- Instantiating /home/travis/build/icyphy/ptII/ptolemy/actor/lib/test/auto/ArrayAppend6.xml
3 ms. Memory: 579584K Free: 152491K (26%)
----------------- Invoking toplevel() on ptolemy.moml.MoMLSimpleApplication@64583e6a
----------------- Done invoking toplevel() on ptolemy.moml.MoMLSimpleApplication@64583e6a
reloadAllAccessors: .ArrayAppend6

===========================================================================================
----------------- testing Sun Apr 14 03:59:24 UTC 2019 /home/travis/build/icyphy/ptII/ptolemy/actor/lib/test/auto/ArrayAppendPerformanceTest.xml
----------------- Instantiating /home/travis/build/icyphy/ptII/ptolemy/actor/lib/test/auto/ArrayAppendPerformanceTest.xml
19 ms. Memory: 579584K Free: 137868K (24%)
----------------- Invoking toplevel() on ptolemy.moml.MoMLSimpleApplication@541d21d
----------------- Done invoking toplevel() on ptolemy.moml.MoMLSimpleApplication@541d21d
reloadAllAccessors: .ArrayAppendPerformanceTest

===========================================================================================
----------------- testing Sun Apr 14 03:59:24 UTC 2019 /home/travis/build/icyphy/ptII/ptolemy/actor/lib/test/auto/ArrayAppendWithEmptyInput.xml
----------------- Instantiating /home/travis/build/icyphy/ptII/ptolemy/actor/lib/test/auto/ArrayAppendWithEmptyInput.xml
14 ms. Memory: 579584K Free: 123229K (21%)
----------------- Invoking toplevel() on ptolemy.moml.MoMLSimpleApplication@561e9fd8
----------------- Done invoking toplevel() on ptolemy.moml.MoMLSimpleApplication@561e9fd8
reloadAllAccessors: .ArrayAppendWithEmptyInput

===========================================================================================
----------------- testing Sun Apr 14 03:59:24 UTC 2019 /home/travis/build/icyphy/ptII/ptolemy/actor/lib/test/auto/ArrayAverage.xml
----------------- Instantiating /home/travis/build/icyphy/ptII/ptolemy/actor/lib/test/auto/ArrayAverage.xml
10 ms. Memory: 579584K Free: 98993K (17%)
----------------- Invoking toplevel() on ptolemy.moml.MoMLSimpleApplication@313ab2e8
----------------- Done invoking toplevel() on ptolemy.moml.MoMLSimpleApplication@313ab2e8
reloadAllAccessors: .ArrayAverage

===========================================================================================
----------------- testing Sun Apr 14 03:59:24 UTC 2019 /home/travis/build/icyphy/ptII/ptolemy/actor/lib/test/auto/ArrayContains.xml
----------------- Instantiating /home/travis/build/icyphy/ptII/ptolemy/actor/lib/test/auto/ArrayContains.xml
11 ms. Memory: 579584K Free: 89245K (15%)
----------------- Invoking toplevel() on ptolemy.moml.MoMLSimpleApplication@6c2f2268
----------------- Done invoking toplevel() on ptolemy.moml.MoMLSimpleApplication@6c2f2268
reloadAllAccessors: .ArrayContains

===========================================================================================
----------------- testing Sun Apr 14 03:59:24 UTC 2019 /home/travis/build/icyphy/ptII/ptolemy/actor/lib/test/auto/ArrayElement.xml
----------------- Instantiating /home/travis/build/icyphy/ptII/ptolemy/actor/lib/test/auto/ArrayElement.xml
3 ms. Memory: 579584K Free: 79496K (14%)
----------------- Invoking toplevel() on ptolemy.moml.MoMLSimpleApplication@2ac9d4c8
----------------- Done invoking toplevel() on ptolemy.moml.MoMLSimpleApplication@2ac9d4c8
reloadAllAccessors: .ArrayElement

===========================================================================================
----------------- testing Sun Apr 14 03:59:24 UTC 2019 /home/travis/build/icyphy/ptII/ptolemy/actor/lib/test/auto/ArrayElementAsMatrix.xml
----------------- Instantiating /home/travis/build/icyphy/ptII/ptolemy/actor/lib/test/auto/ArrayElementAsMatrix.xml
21 ms. Memory: 579584K Free: 64866K (11%)
----------------- Invoking toplevel() on ptolemy.moml.MoMLSimpleApplication@1d57724e
----------------- Done invoking toplevel() on ptolemy.moml.MoMLSimpleApplication@1d57724e
reloadAllAccessors: .ArrayElementAsMatrix

===========================================================================================
----------------- testing Sun Apr 14 03:59:24 UTC 2019 /home/travis/build/icyphy/ptII/ptolemy/actor/lib/test/auto/ArrayElementI.xml
----------------- Instantiating /home/travis/build/icyphy/ptII/ptolemy/actor/lib/test/auto/ArrayElementI.xml
9 ms. Memory: 879616K Free: 820110K (93%)
----------------- Invoking toplevel() on ptolemy.moml.MoMLSimpleApplication@9e3812a
----------------- Done invoking toplevel() on ptolemy.moml.MoMLSimpleApplication@9e3812a
reloadAllAccessors: .ArrayElementI

===========================================================================================
----------------- testing Sun Apr 14 03:59:24 UTC 2019 /home/travis/build/icyphy/ptII/ptolemy/actor/lib/test/auto/ArrayExtract.xml
----------------- Instantiating /home/travis/build/icyphy/ptII/ptolemy/actor/lib/test/auto/ArrayExtract.xml
5 ms. Memory: 879616K Free: 798261K (91%)
----------------- Invoking toplevel() on ptolemy.moml.MoMLSimpleApplication@3dab5fea
----------------- Done invoking toplevel() on ptolemy.moml.MoMLSimpleApplication@3dab5fea
reloadAllAccessors: .ArrayExtract

===========================================================================================
----------------- testing Sun Apr 14 03:59:24 UTC 2019 /home/travis/build/icyphy/ptII/ptolemy/actor/lib/test/auto/ArrayExtract2.xml
----------------- Instantiating /home/travis/build/icyphy/ptII/ptolemy/actor/lib/test/auto/ArrayExtract2.xml
4 ms. Memory: 879616K Free: 787857K (90%)
----------------- Invoking toplevel() on ptolemy.moml.MoMLSimpleApplication@387d8109
----------------- Done invoking toplevel() on ptolemy.moml.MoMLSimpleApplication@387d8109
reloadAllAccessors: .ArrayExtract2

===========================================================================================
----------------- testing Sun Apr 14 03:59:24 UTC 2019 /home/travis/build/icyphy/ptII/ptolemy/actor/lib/test/auto/ArrayLength.xml
----------------- Instantiating /home/travis/build/icyphy/ptII/ptolemy/actor/lib/test/auto/ArrayLength.xml
2 ms. Memory: 879616K Free: 777453K (88%)
----------------- Invoking toplevel() on ptolemy.moml.MoMLSimpleApplication@6451ded6
----------------- Done invoking toplevel() on ptolemy.moml.MoMLSimpleApplication@6451ded6
reloadAllAccessors: .ArrayLength

===========================================================================================
----------------- testing Sun Apr 14 03:59:24 UTC 2019 /home/travis/build/icyphy/ptII/ptolemy/actor/lib/test/auto/ArrayLevelCrossing.xml
----------------- Instantiating /home/travis/build/icyphy/ptII/ptolemy/actor/lib/test/auto/ArrayLevelCrossing.xml
5 ms. Memory: 879616K Free: 761839K (87%)
----------------- Invoking toplevel() on ptolemy.moml.MoMLSimpleApplication@2801dce3
----------------- Done invoking toplevel() on ptolemy.moml.MoMLSimpleApplication@2801dce3
reloadAllAccessors: .ArrayLevelCrossing

===========================================================================================
----------------- testing Sun Apr 14 03:59:24 UTC 2019 /home/travis/build/icyphy/ptII/ptolemy/actor/lib/test/auto/ArrayLevelCrossing2.xml
----------------- Instantiating /home/travis/build/icyphy/ptII/ptolemy/actor/lib/test/auto/ArrayLevelCrossing2.xml
3 ms. Memory: 879616K Free: 751435K (85%)
----------------- Invoking toplevel() on ptolemy.moml.MoMLSimpleApplication@7d05d2a2
----------------- Done invoking toplevel() on ptolemy.moml.MoMLSimpleApplication@7d05d2a2
reloadAllAccessors: .ArrayLevelCrossing2

===========================================================================================
----------------- testing Sun Apr 14 03:59:24 UTC 2019 /home/travis/build/icyphy/ptII/ptolemy/actor/lib/test/auto/ArrayPeakSearch.xml
----------------- Instantiating /home/travis/build/icyphy/ptII/ptolemy/actor/lib/test/auto/ArrayPeakSearch.xml
4 ms. Memory: 879616K Free: 724751K (82%)
----------------- Invoking toplevel() on ptolemy.moml.MoMLSimpleApplication@19a26f3c
----------------- Done invoking toplevel() on ptolemy.moml.MoMLSimpleApplication@19a26f3c
reloadAllAccessors: .ArrayPeakSearch

===========================================================================================
----------------- testing Sun Apr 14 03:59:24 UTC 2019 /home/travis/build/icyphy/ptII/ptolemy/actor/lib/test/auto/ArrayPeakSearch2.xml
----------------- Instantiating /home/travis/build/icyphy/ptII/ptolemy/actor/lib/test/auto/ArrayPeakSearch2.xml
10 ms. Memory: 879616K Free: 709137K (81%)
----------------- Invoking toplevel() on ptolemy.moml.MoMLSimpleApplication@63fa8b1a
----------------- Done invoking toplevel() on ptolemy.moml.MoMLSimpleApplication@63fa8b1a
reloadAllAccessors: .ArrayPeakSearch2

===========================================================================================
----------------- testing Sun Apr 14 03:59:24 UTC 2019 /home/travis/build/icyphy/ptII/ptolemy/actor/lib/test/auto/ArrayPeakSearch3.xml
----------------- Instantiating /home/travis/build/icyphy/ptII/ptolemy/actor/lib/test/auto/ArrayPeakSearch3.xml
6 ms. Memory: 879616K Free: 693532K (79%)
----------------- Invoking toplevel() on ptolemy.moml.MoMLSimpleApplication@5cf86215
----------------- Done invoking toplevel() on ptolemy.moml.MoMLSimpleApplication@5cf86215
reloadAllAccessors: .ArrayPeakSearch3

===========================================================================================
----------------- testing Sun Apr 14 03:59:24 UTC 2019 /home/travis/build/icyphy/ptII/ptolemy/actor/lib/test/auto/ArrayRemoveElement.xml
----------------- Instantiating /home/travis/build/icyphy/ptII/ptolemy/actor/lib/test/auto/ArrayRemoveElement.xml
3 ms. Memory: 879616K Free: 677910K (77%)
----------------- Invoking toplevel() on ptolemy.moml.MoMLSimpleApplication@62bba5d7
----------------- Done invoking toplevel() on ptolemy.moml.MoMLSimpleApplication@62bba5d7
reloadAllAccessors: .ArrayRemoveElement

===========================================================================================
----------------- testing Sun Apr 14 03:59:24 UTC 2019 /home/travis/build/icyphy/ptII/ptolemy/actor/lib/test/auto/ArraySort.xml
----------------- Instantiating /home/travis/build/icyphy/ptII/ptolemy/actor/lib/test/auto/ArraySort.xml
7 ms. Memory: 879616K Free: 662288K (75%)
----------------- Invoking toplevel() on ptolemy.moml.MoMLSimpleApplication@43341820
----------------- Done invoking toplevel() on ptolemy.moml.MoMLSimpleApplication@43341820
reloadAllAccessors: .ArraySort

===========================================================================================
----------------- testing Sun Apr 14 03:59:24 UTC 2019 /home/travis/build/icyphy/ptII/ptolemy/actor/lib/test/auto/ArraySum.xml
----------------- Instantiating /home/travis/build/icyphy/ptII/ptolemy/actor/lib/test/auto/ArraySum.xml
6 ms. Memory: 879616K Free: 640822K (73%)
----------------- Invoking toplevel() on ptolemy.moml.MoMLSimpleApplication@39cdee29
----------------- Done invoking toplevel() on ptolemy.moml.MoMLSimpleApplication@39cdee29
reloadAllAccessors: .ArraySum

===========================================================================================
----------------- testing Sun Apr 14 03:59:24 UTC 2019 /home/travis/build/icyphy/ptII/ptolemy/actor/lib/test/auto/ArrayToElements.xml
----------------- Instantiating /home/travis/build/icyphy/ptII/ptolemy/actor/lib/test/auto/ArrayToElements.xml
2 ms. Memory: 879616K Free: 630418K (72%)
----------------- Invoking toplevel() on ptolemy.moml.MoMLSimpleApplication@50422b0e
----------------- Done invoking toplevel() on ptolemy.moml.MoMLSimpleApplication@50422b0e
reloadAllAccessors: .ArrayToElements

===========================================================================================
----------------- testing Sun Apr 14 03:59:25 UTC 2019 /home/travis/build/icyphy/ptII/ptolemy/actor/lib/test/auto/ArrayToMatrix.xml
----------------- Instantiating /home/travis/build/icyphy/ptII/ptolemy/actor/lib/test/auto/ArrayToMatrix.xml
11 ms. Memory: 879616K Free: 609594K (69%)
----------------- Invoking toplevel() on ptolemy.moml.MoMLSimpleApplication@6e105490
----------------- Done invoking toplevel() on ptolemy.moml.MoMLSimpleApplication@6e105490
reloadAllAccessors: .ArrayToMatrix

===========================================================================================
----------------- testing Sun Apr 14 03:59:25 UTC 2019 /home/travis/build/icyphy/ptII/ptolemy/actor/lib/test/auto/ArrayUpdate1.xml
----------------- Instantiating /home/travis/build/icyphy/ptII/ptolemy/actor/lib/test/auto/ArrayUpdate1.xml
3 ms. Memory: 879616K Free: 599191K (68%)
----------------- Invoking toplevel() on ptolemy.moml.MoMLSimpleApplication@3a5da959
----------------- Done invoking toplevel() on ptolemy.moml.MoMLSimpleApplication@3a5da959
reloadAllAccessors: .ArrayUpdate1

===========================================================================================
----------------- testing Sun Apr 14 03:59:25 UTC 2019 /home/travis/build/icyphy/ptII/ptolemy/actor/lib/test/auto/ArrayUpdate2.xml
----------------- Instantiating /home/travis/build/icyphy/ptII/ptolemy/actor/lib/test/auto/ArrayUpdate2.xml
5 ms. Memory: 879616K Free: 588787K (67%)
----------------- Invoking toplevel() on ptolemy.moml.MoMLSimpleApplication@8f00619
----------------- Done invoking toplevel() on ptolemy.moml.MoMLSimpleApplication@8f00619
reloadAllAccessors: .ArrayUpdate2

===========================================================================================
----------------- testing Sun Apr 14 03:59:25 UTC 2019 /home/travis/build/icyphy/ptII/ptolemy/actor/lib/test/auto/ArrayUpdate3.xml
----------------- Instantiating /home/travis/build/icyphy/ptII/ptolemy/actor/lib/test/auto/ArrayUpdate3.xml
2 ms. Memory: 879616K Free: 567321K (64%)
----------------- Invoking toplevel() on ptolemy.moml.MoMLSimpleApplication@3def002d
----------------- Done invoking toplevel() on ptolemy.moml.MoMLSimpleApplication@3def002d
reloadAllAccessors: .ArrayUpdate3

===========================================================================================
----------------- testing Sun Apr 14 03:59:25 UTC 2019 /home/travis/build/icyphy/ptII/ptolemy/actor/lib/test/auto/Assert1.xml
----------------- Instantiating /home/travis/build/icyphy/ptII/ptolemy/actor/lib/test/auto/Assert1.xml
3 ms. Memory: 879616K Free: 556917K (63%)
----------------- Invoking toplevel() on ptolemy.moml.MoMLSimpleApplication@3ac05b67
----------------- Done invoking toplevel() on ptolemy.moml.MoMLSimpleApplication@3ac05b67
reloadAllAccessors: .Assert1

===========================================================================================
----------------- testing Sun Apr 14 03:59:25 UTC 2019 /home/travis/build/icyphy/ptII/ptolemy/actor/lib/test/auto/Assert2.xml
----------------- Instantiating /home/travis/build/icyphy/ptII/ptolemy/actor/lib/test/auto/Assert2.xml
8 ms. Memory: 879616K Free: 546513K (62%)
----------------- Invoking toplevel() on ptolemy.moml.MoMLSimpleApplication@14e2c015
----------------- Done invoking toplevel() on ptolemy.moml.MoMLSimpleApplication@14e2c015
reloadAllAccessors: .Assert2

===========================================================================================
----------------- testing Sun Apr 14 03:59:25 UTC 2019 /home/travis/build/icyphy/ptII/ptolemy/actor/lib/test/auto/BooleanMultiplexor.xml
----------------- Instantiating /home/travis/build/icyphy/ptII/ptolemy/actor/lib/test/auto/BooleanMultiplexor.xml
5 ms. Memory: 879616K Free: 536109K (61%)
----------------- Invoking toplevel() on ptolemy.moml.MoMLSimpleApplication@1aff71f4
----------------- Done invoking toplevel() on ptolemy.moml.MoMLSimpleApplication@1aff71f4
reloadAllAccessors: .BooleanMultiplexor

===========================================================================================
----------------- testing Sun Apr 14 03:59:25 UTC 2019 /home/travis/build/icyphy/ptII/ptolemy/actor/lib/test/auto/BooleanMultiplexor2.xml
----------------- Instantiating /home/travis/build/icyphy/ptII/ptolemy/actor/lib/test/auto/BooleanMultiplexor2.xml
8 ms. Memory: 879616K Free: 525705K (60%)
----------------- Invoking toplevel() on ptolemy.moml.MoMLSimpleApplication@72778ad9
----------------- Done invoking toplevel() on ptolemy.moml.MoMLSimpleApplication@72778ad9
reloadAllAccessors: .BooleanMultiplexor2

===========================================================================================
----------------- testing Sun Apr 14 03:59:25 UTC 2019 /home/travis/build/icyphy/ptII/ptolemy/actor/lib/test/auto/BooleanMultiplexor3.xml
----------------- Instantiating /home/travis/build/icyphy/ptII/ptolemy/actor/lib/test/auto/BooleanMultiplexor3.xml
7 ms. Memory: 879616K Free: 504240K (57%)
----------------- Invoking toplevel() on ptolemy.moml.MoMLSimpleApplication@4499c1ba
----------------- Done invoking toplevel() on ptolemy.moml.MoMLSimpleApplication@4499c1ba
reloadAllAccessors: .BooleanMultiplexor3

===========================================================================================
----------------- testing Sun Apr 14 03:59:25 UTC 2019 /home/travis/build/icyphy/ptII/ptolemy/actor/lib/test/auto/BooleanSelect.xml
----------------- Instantiating /home/travis/build/icyphy/ptII/ptolemy/actor/lib/test/auto/BooleanSelect.xml
7 ms. Memory: 879616K Free: 493836K (56%)
----------------- Invoking toplevel() on ptolemy.moml.MoMLSimpleApplication@7ad81872
----------------- Done invoking toplevel() on ptolemy.moml.MoMLSimpleApplication@7ad81872
reloadAllAccessors: .BooleanSelect

===========================================================================================
----------------- testing Sun Apr 14 03:59:25 UTC 2019 /home/travis/build/icyphy/ptII/ptolemy/actor/lib/test/auto/BooleanSelect2.xml
----------------- Instantiating /home/travis/build/icyphy/ptII/ptolemy/actor/lib/test/auto/BooleanSelect2.xml
2 ms. Memory: 879616K Free: 483432K (55%)
----------------- Invoking toplevel() on ptolemy.moml.MoMLSimpleApplication@4bc1b4f7
----------------- Done invoking toplevel() on ptolemy.moml.MoMLSimpleApplication@4bc1b4f7
reloadAllAccessors: .BooleanSelect2

===========================================================================================
----------------- testing Sun Apr 14 03:59:25 UTC 2019 /home/travis/build/icyphy/ptII/ptolemy/actor/lib/test/auto/BooleanSwitch.xml
----------------- Instantiating /home/travis/build/icyphy/ptII/ptolemy/actor/lib/test/auto/BooleanSwitch.xml
5 ms. Memory: 879616K Free: 473028K (54%)
----------------- Invoking toplevel() on ptolemy.moml.MoMLSimpleApplication@68016834
----------------- Done invoking toplevel() on ptolemy.moml.MoMLSimpleApplication@68016834
reloadAllAccessors: .BooleanSwitch

===========================================================================================
----------------- testing Sun Apr 14 03:59:25 UTC 2019 /home/travis/build/icyphy/ptII/ptolemy/actor/lib/test/auto/BooleanSwitch2.xml
----------------- Instantiating /home/travis/build/icyphy/ptII/ptolemy/actor/lib/test/auto/BooleanSwitch2.xml
2 ms. Memory: 879616K Free: 462624K (53%)
----------------- Invoking toplevel() on ptolemy.moml.MoMLSimpleApplication@607dbbd8
----------------- Done invoking toplevel() on ptolemy.moml.MoMLSimpleApplication@607dbbd8
reloadAllAccessors: .BooleanSwitch2

===========================================================================================
----------------- testing Sun Apr 14 03:59:25 UTC 2019 /home/travis/build/icyphy/ptII/ptolemy/actor/lib/test/auto/BooleanSwitchCloningBugWithClassRelationGroup.xml
----------------- Instantiating /home/travis/build/icyphy/ptII/ptolemy/actor/lib/test/auto/BooleanSwitchCloningBugWithClassRelationGroup.xml
6 ms. Memory: 879616K Free: 441158K (50%)
----------------- Invoking toplevel() on ptolemy.moml.MoMLSimpleApplication@11997526
----------------- Done invoking toplevel() on ptolemy.moml.MoMLSimpleApplication@11997526
reloadAllAccessors: .BooleanSwitchCloningBugWithClassRelationGroup

===========================================================================================
----------------- testing Sun Apr 14 03:59:25 UTC 2019 /home/travis/build/icyphy/ptII/ptolemy/actor/lib/test/auto/BusActors.xml
----------------- Instantiating /home/travis/build/icyphy/ptII/ptolemy/actor/lib/test/auto/BusActors.xml
3 ms. Memory: 879616K Free: 425536K (48%)
----------------- Invoking toplevel() on ptolemy.moml.MoMLSimpleApplication@5ecae514
----------------- Done invoking toplevel() on ptolemy.moml.MoMLSimpleApplication@5ecae514
reloadAllAccessors: .BusActors

===========================================================================================
----------------- testing Sun Apr 14 03:59:25 UTC 2019 /home/travis/build/icyphy/ptII/ptolemy/actor/lib/test/auto/ClassWrapper.xml
----------------- Instantiating /home/travis/build/icyphy/ptII/ptolemy/actor/lib/test/auto/ClassWrapper.xml
3 ms. Memory: 879616K Free: 415132K (47%)
----------------- Invoking toplevel() on ptolemy.moml.MoMLSimpleApplication@31408591
----------------- Done invoking toplevel() on ptolemy.moml.MoMLSimpleApplication@31408591
reloadAllAccessors: .ClassWrapper

===========================================================================================
----------------- testing Sun Apr 14 03:59:25 UTC 2019 /home/travis/build/icyphy/ptII/ptolemy/actor/lib/test/auto/Clock.xml
----------------- Instantiating /home/travis/build/icyphy/ptII/ptolemy/actor/lib/test/auto/Clock.xml
1 ms. Memory: 879616K Free: 404728K (46%)
----------------- Invoking toplevel() on ptolemy.moml.MoMLSimpleApplication@486080a3
----------------- Done invoking toplevel() on ptolemy.moml.MoMLSimpleApplication@486080a3
reloadAllAccessors: .Clock

===========================================================================================
----------------- testing Sun Apr 14 03:59:25 UTC 2019 /home/travis/build/icyphy/ptII/ptolemy/actor/lib/test/auto/Clock10.xml
----------------- Instantiating /home/travis/build/icyphy/ptII/ptolemy/actor/lib/test/auto/Clock10.xml
5 ms. Memory: 879616K Free: 383263K (44%)
----------------- Invoking toplevel() on ptolemy.moml.MoMLSimpleApplication@7157a98c
----------------- Done invoking toplevel() on ptolemy.moml.MoMLSimpleApplication@7157a98c
reloadAllAccessors: .Clock10

===========================================================================================
----------------- testing Sun Apr 14 03:59:25 UTC 2019 /home/travis/build/icyphy/ptII/ptolemy/actor/lib/test/auto/Clock11.xml
----------------- Instantiating /home/travis/build/icyphy/ptII/ptolemy/actor/lib/test/auto/Clock11.xml
6 ms. Memory: 879616K Free: 372859K (42%)
----------------- Invoking toplevel() on ptolemy.moml.MoMLSimpleApplication@40ac3882
----------------- Done invoking toplevel() on ptolemy.moml.MoMLSimpleApplication@40ac3882
reloadAllAccessors: .Clock11

===========================================================================================
----------------- testing Sun Apr 14 03:59:25 UTC 2019 /home/travis/build/icyphy/ptII/ptolemy/actor/lib/test/auto/Clock12.xml
----------------- Instantiating /home/travis/build/icyphy/ptII/ptolemy/actor/lib/test/auto/Clock12.xml
3 ms. Memory: 879616K Free: 362455K (41%)
----------------- Invoking toplevel() on ptolemy.moml.MoMLSimpleApplication@34fc9e19
----------------- Done invoking toplevel() on ptolemy.moml.MoMLSimpleApplication@34fc9e19
reloadAllAccessors: .Clock12

===========================================================================================
----------------- testing Sun Apr 14 03:59:25 UTC 2019 /home/travis/build/icyphy/ptII/ptolemy/actor/lib/test/auto/Clock13.xml
----------------- Instantiating /home/travis/build/icyphy/ptII/ptolemy/actor/lib/test/auto/Clock13.xml
4 ms. Memory: 879616K Free: 352051K (40%)
----------------- Invoking toplevel() on ptolemy.moml.MoMLSimpleApplication@7ea35e71
----------------- Done invoking toplevel() on ptolemy.moml.MoMLSimpleApplication@7ea35e71
reloadAllAccessors: .Clock13

===========================================================================================
----------------- testing Sun Apr 14 03:59:25 UTC 2019 /home/travis/build/icyphy/ptII/ptolemy/actor/lib/test/auto/Clock14.xml
----------------- Instantiating /home/travis/build/icyphy/ptII/ptolemy/actor/lib/test/auto/Clock14.xml
6 ms. Memory: 879616K Free: 341647K (39%)
----------------- Invoking toplevel() on ptolemy.moml.MoMLSimpleApplication@36aa21fe
----------------- Done invoking toplevel() on ptolemy.moml.MoMLSimpleApplication@36aa21fe
reloadAllAccessors: .Clock14

===========================================================================================
----------------- testing Sun Apr 14 03:59:25 UTC 2019 /home/travis/build/icyphy/ptII/ptolemy/actor/lib/test/auto/Clock15.xml
----------------- Instantiating /home/travis/build/icyphy/ptII/ptolemy/actor/lib/test/auto/Clock15.xml
7 ms. Memory: 879616K Free: 320181K (36%)
----------------- Invoking toplevel() on ptolemy.moml.MoMLSimpleApplication@606ed0d2
----------------- Done invoking toplevel() on ptolemy.moml.MoMLSimpleApplication@606ed0d2
reloadAllAccessors: .Clock15

===========================================================================================
----------------- testing Sun Apr 14 03:59:25 UTC 2019 /home/travis/build/icyphy/ptII/ptolemy/actor/lib/test/auto/Clock16.xml
----------------- Instantiating /home/travis/build/icyphy/ptII/ptolemy/actor/lib/test/auto/Clock16.xml
21 ms. Memory: 879616K Free: 304559K (35%)
----------------- Invoking toplevel() on ptolemy.moml.MoMLSimpleApplication@338581cf
----------------- Done invoking toplevel() on ptolemy.moml.MoMLSimpleApplication@338581cf
reloadAllAccessors: .Clock16

===========================================================================================
----------------- testing Sun Apr 14 03:59:25 UTC 2019 /home/travis/build/icyphy/ptII/ptolemy/actor/lib/test/auto/Clock17.xml
----------------- Instantiating /home/travis/build/icyphy/ptII/ptolemy/actor/lib/test/auto/Clock17.xml
18 ms. Memory: 879616K Free: 288937K (33%)
----------------- Invoking toplevel() on ptolemy.moml.MoMLSimpleApplication@4eb6e7f7
----------------- Done invoking toplevel() on ptolemy.moml.MoMLSimpleApplication@4eb6e7f7
reloadAllAccessors: .Clock17

===========================================================================================
----------------- testing Sun Apr 14 03:59:25 UTC 2019 /home/travis/build/icyphy/ptII/ptolemy/actor/lib/test/auto/Clock18.xml
----------------- Instantiating /home/travis/build/icyphy/ptII/ptolemy/actor/lib/test/auto/Clock18.xml
34 ms. Memory: 879616K Free: 273316K (31%)
----------------- Invoking toplevel() on ptolemy.moml.MoMLSimpleApplication@6393c79e
----------------- Done invoking toplevel() on ptolemy.moml.MoMLSimpleApplication@6393c79e
reloadAllAccessors: .Clock18

===========================================================================================
----------------- testing Sun Apr 14 03:59:25 UTC 2019 /home/travis/build/icyphy/ptII/ptolemy/actor/lib/test/auto/Clock19.xml
----------------- Instantiating /home/travis/build/icyphy/ptII/ptolemy/actor/lib/test/auto/Clock19.xml
18 ms. Memory: 879616K Free: 257702K (29%)
----------------- Invoking toplevel() on ptolemy.moml.MoMLSimpleApplication@5099b5e2
----------------- Done invoking toplevel() on ptolemy.moml.MoMLSimpleApplication@5099b5e2
reloadAllAccessors: .Clock19

===========================================================================================
----------------- testing Sun Apr 14 03:59:25 UTC 2019 /home/travis/build/icyphy/ptII/ptolemy/actor/lib/test/auto/Clock2.xml
----------------- Instantiating /home/travis/build/icyphy/ptII/ptolemy/actor/lib/test/auto/Clock2.xml
10 ms. Memory: 879616K Free: 236236K (27%)
----------------- Invoking toplevel() on ptolemy.moml.MoMLSimpleApplication@4b942467
----------------- Done invoking toplevel() on ptolemy.moml.MoMLSimpleApplication@4b942467
reloadAllAccessors: .Clock2

===========================================================================================
----------------- testing Sun Apr 14 03:59:25 UTC 2019 /home/travis/build/icyphy/ptII/ptolemy/actor/lib/test/auto/Clock20.xml
----------------- Instantiating /home/travis/build/icyphy/ptII/ptolemy/actor/lib/test/auto/Clock20.xml
14 ms. Memory: 879616K Free: 225832K (26%)
----------------- Invoking toplevel() on ptolemy.moml.MoMLSimpleApplication@3eb2de07
----------------- Done invoking toplevel() on ptolemy.moml.MoMLSimpleApplication@3eb2de07
reloadAllAccessors: .Clock20

===========================================================================================
----------------- testing Sun Apr 14 03:59:26 UTC 2019 /home/travis/build/icyphy/ptII/ptolemy/actor/lib/test/auto/Clock21.xml
----------------- Instantiating /home/travis/build/icyphy/ptII/ptolemy/actor/lib/test/auto/Clock21.xml
8 ms. Memory: 879616K Free: 215428K (24%)
----------------- Invoking toplevel() on ptolemy.moml.MoMLSimpleApplication@2d0529eb
----------------- Done invoking toplevel() on ptolemy.moml.MoMLSimpleApplication@2d0529eb
reloadAllAccessors: .Clock21

===========================================================================================
----------------- testing Sun Apr 14 03:59:26 UTC 2019 /home/travis/build/icyphy/ptII/ptolemy/actor/lib/test/auto/Clock22.xml
----------------- Instantiating /home/travis/build/icyphy/ptII/ptolemy/actor/lib/test/auto/Clock22.xml
7 ms. Memory: 879616K Free: 205024K (23%)
----------------- Invoking toplevel() on ptolemy.moml.MoMLSimpleApplication@6475c01d
----------------- Done invoking toplevel() on ptolemy.moml.MoMLSimpleApplication@6475c01d
reloadAllAccessors: .Clock22

===========================================================================================
----------------- testing Sun Apr 14 03:59:26 UTC 2019 /home/travis/build/icyphy/ptII/ptolemy/actor/lib/test/auto/Clock23.xml
----------------- Instantiating /home/travis/build/icyphy/ptII/ptolemy/actor/lib/test/auto/Clock23.xml
4 ms. Memory: 879616K Free: 194620K (22%)
----------------- Invoking toplevel() on ptolemy.moml.MoMLSimpleApplication@5100e6e5
----------------- Done invoking toplevel() on ptolemy.moml.MoMLSimpleApplication@5100e6e5
reloadAllAccessors: .Clock23

===========================================================================================
----------------- testing Sun Apr 14 03:59:26 UTC 2019 /home/travis/build/icyphy/ptII/ptolemy/actor/lib/test/auto/Clock24.xml
----------------- Instantiating /home/travis/build/icyphy/ptII/ptolemy/actor/lib/test/auto/Clock24.xml
5 ms. Memory: 879616K Free: 173155K (20%)
----------------- Invoking toplevel() on ptolemy.moml.MoMLSimpleApplication@373ec386
----------------- Done invoking toplevel() on ptolemy.moml.MoMLSimpleApplication@373ec386
reloadAllAccessors: .Clock24

===========================================================================================
----------------- testing Sun Apr 14 03:59:26 UTC 2019 /home/travis/build/icyphy/ptII/ptolemy/actor/lib/test/auto/Clock4.xml
----------------- Instantiating /home/travis/build/icyphy/ptII/ptolemy/actor/lib/test/auto/Clock4.xml
4 ms. Memory: 879616K Free: 162751K (19%)
----------------- Invoking toplevel() on ptolemy.moml.MoMLSimpleApplication@234b2181
----------------- Done invoking toplevel() on ptolemy.moml.MoMLSimpleApplication@234b2181
reloadAllAccessors: .Clock4

===========================================================================================
----------------- testing Sun Apr 14 03:59:26 UTC 2019 /home/travis/build/icyphy/ptII/ptolemy/actor/lib/test/auto/Clock5.xml
----------------- Instantiating /home/travis/build/icyphy/ptII/ptolemy/actor/lib/test/auto/Clock5.xml
2 ms. Memory: 879616K Free: 152347K (17%)
----------------- Invoking toplevel() on ptolemy.moml.MoMLSimpleApplication@7829ff2a
----------------- Done invoking toplevel() on ptolemy.moml.MoMLSimpleApplication@7829ff2a
reloadAllAccessors: .Clock5

===========================================================================================
----------------- testing Sun Apr 14 03:59:26 UTC 2019 /home/travis/build/icyphy/ptII/ptolemy/actor/lib/test/auto/Clock6.xml
----------------- Instantiating /home/travis/build/icyphy/ptII/ptolemy/actor/lib/test/auto/Clock6.xml
2 ms. Memory: 879616K Free: 141943K (16%)
----------------- Invoking toplevel() on ptolemy.moml.MoMLSimpleApplication@4f5d3b78
----------------- Done invoking toplevel() on ptolemy.moml.MoMLSimpleApplication@4f5d3b78
reloadAllAccessors: .Clock6

===========================================================================================
----------------- testing Sun Apr 14 03:59:26 UTC 2019 /home/travis/build/icyphy/ptII/ptolemy/actor/lib/test/auto/Clock7.xml
----------------- Instantiating /home/travis/build/icyphy/ptII/ptolemy/actor/lib/test/auto/Clock7.xml
3 ms. Memory: 879616K Free: 131539K (15%)
----------------- Invoking toplevel() on ptolemy.moml.MoMLSimpleApplication@7c64426f
----------------- Done invoking toplevel() on ptolemy.moml.MoMLSimpleApplication@7c64426f
reloadAllAccessors: .Clock7

===========================================================================================
----------------- testing Sun Apr 14 03:59:26 UTC 2019 /home/travis/build/icyphy/ptII/ptolemy/actor/lib/test/auto/Clock8.xml
----------------- Instantiating /home/travis/build/icyphy/ptII/ptolemy/actor/lib/test/auto/Clock8.xml
2 ms. Memory: 879616K Free: 110073K (13%)
----------------- Invoking toplevel() on ptolemy.moml.MoMLSimpleApplication@17b9b3d7
----------------- Done invoking toplevel() on ptolemy.moml.MoMLSimpleApplication@17b9b3d7
reloadAllAccessors: .Clock8

===========================================================================================
----------------- testing Sun Apr 14 03:59:26 UTC 2019 /home/travis/build/icyphy/ptII/ptolemy/actor/lib/test/auto/Clock9.xml
----------------- Instantiating /home/travis/build/icyphy/ptII/ptolemy/actor/lib/test/auto/Clock9.xml
3 ms. Memory: 879616K Free: 99669K (11%)
----------------- Invoking toplevel() on ptolemy.moml.MoMLSimpleApplication@1cbcd42
----------------- Done invoking toplevel() on ptolemy.moml.MoMLSimpleApplication@1cbcd42
reloadAllAccessors: .Clock9

===========================================================================================
----------------- testing Sun Apr 14 03:59:26 UTC 2019 /home/travis/build/icyphy/ptII/ptolemy/actor/lib/test/auto/CommDistDiscard.xml
----------------- Instantiating /home/travis/build/icyphy/ptII/ptolemy/actor/lib/test/auto/CommDistDiscard.xml
4 ms. Memory: 879616K Free: 89265K (10%)
----------------- Invoking toplevel() on ptolemy.moml.MoMLSimpleApplication@6cd3f3f6
----------------- Done invoking toplevel() on ptolemy.moml.MoMLSimpleApplication@6cd3f3f6
reloadAllAccessors: .CommDistDiscard

===========================================================================================
----------------- testing Sun Apr 14 03:59:26 UTC 2019 /home/travis/build/icyphy/ptII/ptolemy/actor/lib/test/auto/Commutator.xml
----------------- Instantiating /home/travis/build/icyphy/ptII/ptolemy/actor/lib/test/auto/Commutator.xml
2 ms. Memory: 879616K Free: 78861K (9%)
----------------- Invoking toplevel() on ptolemy.moml.MoMLSimpleApplication@51471d6d
----------------- Done invoking toplevel() on ptolemy.moml.MoMLSimpleApplication@51471d6d
reloadAllAccessors: .Commutator

===========================================================================================
----------------- testing Sun Apr 14 03:59:26 UTC 2019 /home/travis/build/icyphy/ptII/ptolemy/actor/lib/test/auto/Commutator2.xml
----------------- Instantiating /home/travis/build/icyphy/ptII/ptolemy/actor/lib/test/auto/Commutator2.xml
2 ms. Memory: 879616K Free: 68458K (8%)
----------------- Invoking toplevel() on ptolemy.moml.MoMLSimpleApplication@78ea7ab7
----------------- Done invoking toplevel() on ptolemy.moml.MoMLSimpleApplication@78ea7ab7
reloadAllAccessors: .Commutator2

===========================================================================================
----------------- testing Sun Apr 14 03:59:26 UTC 2019 /home/travis/build/icyphy/ptII/ptolemy/actor/lib/test/auto/Commutator3.xml
----------------- Instantiating /home/travis/build/icyphy/ptII/ptolemy/actor/lib/test/auto/Commutator3.xml
1 ms. Memory: 880128K Free: 830843K (94%)
----------------- Invoking toplevel() on ptolemy.moml.MoMLSimpleApplication@3f3976c1
----------------- Done invoking toplevel() on ptolemy.moml.MoMLSimpleApplication@3f3976c1
reloadAllAccessors: .Commutator3

===========================================================================================
----------------- testing Sun Apr 14 03:59:26 UTC 2019 /home/travis/build/icyphy/ptII/ptolemy/actor/lib/test/auto/Compare.xml
----------------- Instantiating /home/travis/build/icyphy/ptII/ptolemy/actor/lib/test/auto/Compare.xml
2 ms. Memory: 880128K Free: 812148K (92%)
----------------- Invoking toplevel() on ptolemy.moml.MoMLSimpleApplication@603f3e9
----------------- Done invoking toplevel() on ptolemy.moml.MoMLSimpleApplication@603f3e9
reloadAllAccessors: .Compare

===========================================================================================
----------------- testing Sun Apr 14 03:59:26 UTC 2019 /home/travis/build/icyphy/ptII/ptolemy/actor/lib/test/auto/CompareDE.xml
----------------- Instantiating /home/travis/build/icyphy/ptII/ptolemy/actor/lib/test/auto/CompareDE.xml
5 ms. Memory: 880128K Free: 801744K (91%)
----------------- Invoking toplevel() on ptolemy.moml.MoMLSimpleApplication@2fd1d2f
----------------- Done invoking toplevel() on ptolemy.moml.MoMLSimpleApplication@2fd1d2f
reloadAllAccessors: .CompareDE

===========================================================================================
----------------- testing Sun Apr 14 03:59:26 UTC 2019 /home/travis/build/icyphy/ptII/ptolemy/actor/lib/test/auto/ComplexDivide.xml
----------------- Instantiating /home/travis/build/icyphy/ptII/ptolemy/actor/lib/test/auto/ComplexDivide.xml
1 ms. Memory: 880128K Free: 791340K (90%)
----------------- Invoking toplevel() on ptolemy.moml.MoMLSimpleApplication@290320a6
----------------- Done invoking toplevel() on ptolemy.moml.MoMLSimpleApplication@290320a6
reloadAllAccessors: .ComplexDivide

===========================================================================================
----------------- testing Sun Apr 14 03:59:26 UTC 2019 /home/travis/build/icyphy/ptII/ptolemy/actor/lib/test/auto/ComputeHistogram.xml
----------------- Instantiating /home/travis/build/icyphy/ptII/ptolemy/actor/lib/test/auto/ComputeHistogram.xml
37 ms. Memory: 880128K Free: 767676K (87%)
----------------- Invoking toplevel() on ptolemy.moml.MoMLSimpleApplication@15201595
----------------- Done invoking toplevel() on ptolemy.moml.MoMLSimpleApplication@15201595
reloadAllAccessors: .ComputeHistogram

===========================================================================================
----------------- testing Sun Apr 14 03:59:26 UTC 2019 /home/travis/build/icyphy/ptII/ptolemy/actor/lib/test/auto/ConfigurationSelect.xml
----------------- Instantiating /home/travis/build/icyphy/ptII/ptolemy/actor/lib/test/auto/ConfigurationSelect.xml
3 ms. Memory: 880128K Free: 757272K (86%)
----------------- Invoking toplevel() on ptolemy.moml.MoMLSimpleApplication@6490e0db
----------------- Done invoking toplevel() on ptolemy.moml.MoMLSimpleApplication@6490e0db
reloadAllAccessors: .ConfigurationSelect

===========================================================================================
----------------- testing Sun Apr 14 03:59:26 UTC 2019 /home/travis/build/icyphy/ptII/ptolemy/actor/lib/test/auto/ConfigurationSelect2.xml
----------------- Instantiating /home/travis/build/icyphy/ptII/ptolemy/actor/lib/test/auto/ConfigurationSelect2.xml
2 ms. Memory: 880128K Free: 746868K (85%)
----------------- Invoking toplevel() on ptolemy.moml.MoMLSimpleApplication@39a43ad1
----------------- Done invoking toplevel() on ptolemy.moml.MoMLSimpleApplication@39a43ad1
reloadAllAccessors: .ConfigurationSelect2

===========================================================================================
----------------- testing Sun Apr 14 03:59:26 UTC 2019 /home/travis/build/icyphy/ptII/ptolemy/actor/lib/test/auto/ConfigurationSwitch.xml
----------------- Instantiating /home/travis/build/icyphy/ptII/ptolemy/actor/lib/test/auto/ConfigurationSwitch.xml
3 ms. Memory: 880128K Free: 736464K (84%)
----------------- Invoking toplevel() on ptolemy.moml.MoMLSimpleApplication@14ae019f
----------------- Done invoking toplevel() on ptolemy.moml.MoMLSimpleApplication@14ae019f
reloadAllAccessors: .ConfigurationSwitch

===========================================================================================
----------------- testing Sun Apr 14 03:59:26 UTC 2019 /home/travis/build/icyphy/ptII/ptolemy/actor/lib/test/auto/ConfigurationSwitch2.xml
----------------- Instantiating /home/travis/build/icyphy/ptII/ptolemy/actor/lib/test/auto/ConfigurationSwitch2.xml
2 ms. Memory: 880128K Free: 718018K (82%)
----------------- Invoking toplevel() on ptolemy.moml.MoMLSimpleApplication@5fa3edc7
----------------- Done invoking toplevel() on ptolemy.moml.MoMLSimpleApplication@5fa3edc7
reloadAllAccessors: .ConfigurationSwitch2

===========================================================================================
----------------- testing Sun Apr 14 03:59:26 UTC 2019 /home/travis/build/icyphy/ptII/ptolemy/actor/lib/test/auto/ConfigurationSwitchCloningBugWithClassRelationGroup.xml
----------------- Instantiating /home/travis/build/icyphy/ptII/ptolemy/actor/lib/test/auto/ConfigurationSwitchCloningBugWithClassRelationGroup.xml
1 ms. Memory: 880128K Free: 707614K (80%)
----------------- Invoking toplevel() on ptolemy.moml.MoMLSimpleApplication@36008661
----------------- Done invoking toplevel() on ptolemy.moml.MoMLSimpleApplication@36008661
reloadAllAccessors: .ConfigurationSwitchCloningBugWithClassRelationGroup

===========================================================================================
----------------- testing Sun Apr 14 03:59:26 UTC 2019 /home/travis/build/icyphy/ptII/ptolemy/actor/lib/test/auto/ConfigurationSwitchSelectSDF.xml
----------------- Instantiating /home/travis/build/icyphy/ptII/ptolemy/actor/lib/test/auto/ConfigurationSwitchSelectSDF.xml
2 ms. Memory: 880128K Free: 697210K (79%)
----------------- Invoking toplevel() on ptolemy.moml.MoMLSimpleApplication@43963a9
----------------- Done invoking toplevel() on ptolemy.moml.MoMLSimpleApplication@43963a9
reloadAllAccessors: .ConfigurationSwitchSelectSDF

===========================================================================================
----------------- testing Sun Apr 14 03:59:26 UTC 2019 /home/travis/build/icyphy/ptII/ptolemy/actor/lib/test/auto/ConfigurationSwitchSelectSDF2.xml
----------------- Instantiating /home/travis/build/icyphy/ptII/ptolemy/actor/lib/test/auto/ConfigurationSwitchSelectSDF2.xml
3 ms. Memory: 880128K Free: 678764K (77%)
----------------- Invoking toplevel() on ptolemy.moml.MoMLSimpleApplication@3d486a09
----------------- Done invoking toplevel() on ptolemy.moml.MoMLSimpleApplication@3d486a09
reloadAllAccessors: .ConfigurationSwitchSelectSDF2

===========================================================================================
----------------- testing Sun Apr 14 03:59:26 UTC 2019 /home/travis/build/icyphy/ptII/ptolemy/actor/lib/test/auto/Const.xml
----------------- Instantiating /home/travis/build/icyphy/ptII/ptolemy/actor/lib/test/auto/Const.xml
1 ms. Memory: 880128K Free: 668360K (76%)
----------------- Invoking toplevel() on ptolemy.moml.MoMLSimpleApplication@52ea9ed8
----------------- Done invoking toplevel() on ptolemy.moml.MoMLSimpleApplication@52ea9ed8
reloadAllAccessors: .Const

===========================================================================================
----------------- testing Sun Apr 14 03:59:26 UTC 2019 /home/travis/build/icyphy/ptII/ptolemy/actor/lib/test/auto/Const2.xml
----------------- Instantiating /home/travis/build/icyphy/ptII/ptolemy/actor/lib/test/auto/Const2.xml
1 ms. Memory: 880128K Free: 657956K (75%)
----------------- Invoking toplevel() on ptolemy.moml.MoMLSimpleApplication@5d1938fb
----------------- Done invoking toplevel() on ptolemy.moml.MoMLSimpleApplication@5d1938fb
reloadAllAccessors: .Const2

===========================================================================================
----------------- testing Sun Apr 14 03:59:26 UTC 2019 /home/travis/build/icyphy/ptII/ptolemy/actor/lib/test/auto/Const3.xml
----------------- Instantiating /home/travis/build/icyphy/ptII/ptolemy/actor/lib/test/auto/Const3.xml
1 ms. Memory: 880128K Free: 647552K (74%)
----------------- Invoking toplevel() on ptolemy.moml.MoMLSimpleApplication@2a3dbded
----------------- Done invoking toplevel() on ptolemy.moml.MoMLSimpleApplication@2a3dbded
reloadAllAccessors: .Const3

===========================================================================================
----------------- testing Sun Apr 14 03:59:26 UTC 2019 /home/travis/build/icyphy/ptII/ptolemy/actor/lib/test/auto/ConstantPublisherPort1.xml
----------------- Instantiating /home/travis/build/icyphy/ptII/ptolemy/actor/lib/test/auto/ConstantPublisherPort1.xml
6 ms. Memory: 880128K Free: 623888K (71%)
----------------- Invoking toplevel() on ptolemy.moml.MoMLSimpleApplication@6d67e96f
----------------- Done invoking toplevel() on ptolemy.moml.MoMLSimpleApplication@6d67e96f
reloadAllAccessors: .ConstantPublisherPort1

===========================================================================================
----------------- testing Sun Apr 14 03:59:26 UTC 2019 /home/travis/build/icyphy/ptII/ptolemy/actor/lib/test/auto/ConstantPublisherPort2.xml
----------------- Instantiating /home/travis/build/icyphy/ptII/ptolemy/actor/lib/test/auto/ConstantPublisherPort2.xml
4 ms. Memory: 880128K Free: 613485K (70%)
----------------- Invoking toplevel() on ptolemy.moml.MoMLSimpleApplication@4b9f9def
----------------- Done invoking toplevel() on ptolemy.moml.MoMLSimpleApplication@4b9f9def
reloadAllAccessors: .ConstantPublisherPort2

===========================================================================================
----------------- testing Sun Apr 14 03:59:26 UTC 2019 /home/travis/build/icyphy/ptII/ptolemy/actor/lib/test/auto/ConstantPublisherPort3.xml
----------------- Instantiating /home/travis/build/icyphy/ptII/ptolemy/actor/lib/test/auto/ConstantPublisherPort3.xml
4 ms. Memory: 880128K Free: 603081K (69%)
----------------- Invoking toplevel() on ptolemy.moml.MoMLSimpleApplication@41c106fc
----------------- Done invoking toplevel() on ptolemy.moml.MoMLSimpleApplication@41c106fc
reloadAllAccessors: .ConstantPublisherPort3

===========================================================================================
----------------- testing Sun Apr 14 03:59:26 UTC 2019 /home/travis/build/icyphy/ptII/ptolemy/actor/lib/test/auto/ConstantPublisherPort4.xml
----------------- Instantiating /home/travis/build/icyphy/ptII/ptolemy/actor/lib/test/auto/ConstantPublisherPort4.xml
3 ms. Memory: 880128K Free: 584634K (66%)
----------------- Invoking toplevel() on ptolemy.moml.MoMLSimpleApplication@8dabace
----------------- Done invoking toplevel() on ptolemy.moml.MoMLSimpleApplication@8dabace
reloadAllAccessors: .ConstantPublisherPort4

===========================================================================================
----------------- testing Sun Apr 14 03:59:26 UTC 2019 /home/travis/build/icyphy/ptII/ptolemy/actor/lib/test/auto/ConstantPublisherPort5.xml
----------------- Instantiating /home/travis/build/icyphy/ptII/ptolemy/actor/lib/test/auto/ConstantPublisherPort5.xml
19 ms. Memory: 880128K Free: 558609K (63%)
----------------- Invoking toplevel() on ptolemy.moml.MoMLSimpleApplication@3a3472bd
----------------- Done invoking toplevel() on ptolemy.moml.MoMLSimpleApplication@3a3472bd
reloadAllAccessors: .ConstantPublisherPort5

===========================================================================================
----------------- testing Sun Apr 14 03:59:26 UTC 2019 /home/travis/build/icyphy/ptII/ptolemy/actor/lib/test/auto/ConstantPublisherPort6.xml
----------------- Instantiating /home/travis/build/icyphy/ptII/ptolemy/actor/lib/test/auto/ConstantPublisherPort6.xml
23 ms. Memory: 880128K Free: 532599K (61%)
----------------- Invoking toplevel() on ptolemy.moml.MoMLSimpleApplication@33bd901
----------------- Done invoking toplevel() on ptolemy.moml.MoMLSimpleApplication@33bd901
reloadAllAccessors: .ConstantPublisherPort6

===========================================================================================
----------------- testing Sun Apr 14 03:59:26 UTC 2019 /home/travis/build/icyphy/ptII/ptolemy/actor/lib/test/auto/ConstantPublisherPort7.xml
----------------- Instantiating /home/travis/build/icyphy/ptII/ptolemy/actor/lib/test/auto/ConstantPublisherPort7.xml
10 ms. Memory: 880128K Free: 506589K (58%)
----------------- Invoking toplevel() on ptolemy.moml.MoMLSimpleApplication@1dd8cb1a
----------------- Done invoking toplevel() on ptolemy.moml.MoMLSimpleApplication@1dd8cb1a
reloadAllAccessors: .ConstantPublisherPort7

===========================================================================================
----------------- testing Sun Apr 14 03:59:27 UTC 2019 /home/travis/build/icyphy/ptII/ptolemy/actor/lib/test/auto/ConstraintMonitor1.xml
----------------- Instantiating /home/travis/build/icyphy/ptII/ptolemy/actor/lib/test/auto/ConstraintMonitor1.xml
6 ms. Memory: 880128K Free: 488143K (55%)
----------------- Invoking toplevel() on ptolemy.moml.MoMLSimpleApplication@21a9bbfb
----------------- Done invoking toplevel() on ptolemy.moml.MoMLSimpleApplication@21a9bbfb
reloadAllAccessors: .ConstraintMonitor1

===========================================================================================
----------------- testing Sun Apr 14 03:59:27 UTC 2019 /home/travis/build/icyphy/ptII/ptolemy/actor/lib/test/auto/ConstraintMonitor2.xml
----------------- Instantiating /home/travis/build/icyphy/ptII/ptolemy/actor/lib/test/auto/ConstraintMonitor2.xml
2 ms. Memory: 880128K Free: 477739K (54%)
----------------- Invoking toplevel() on ptolemy.moml.MoMLSimpleApplication@693eef2e
----------------- Done invoking toplevel() on ptolemy.moml.MoMLSimpleApplication@693eef2e
reloadAllAccessors: .ConstraintMonitor2

===========================================================================================
----------------- testing Sun Apr 14 03:59:27 UTC 2019 /home/travis/build/icyphy/ptII/ptolemy/actor/lib/test/auto/ConstraintMonitor3.xml
----------------- Instantiating /home/travis/build/icyphy/ptII/ptolemy/actor/lib/test/auto/ConstraintMonitor3.xml
6 ms. Memory: 880128K Free: 467335K (53%)
----------------- Invoking toplevel() on ptolemy.moml.MoMLSimpleApplication@6ba2c55d
----------------- Done invoking toplevel() on ptolemy.moml.MoMLSimpleApplication@6ba2c55d
reloadAllAccessors: .ConstraintMonitor3

===========================================================================================
----------------- testing Sun Apr 14 03:59:27 UTC 2019 /home/travis/build/icyphy/ptII/ptolemy/actor/lib/test/auto/ConstraintMonitor4.xml
----------------- Instantiating /home/travis/build/icyphy/ptII/ptolemy/actor/lib/test/auto/ConstraintMonitor4.xml
2 ms. Memory: 880128K Free: 448889K (51%)
----------------- Invoking toplevel() on ptolemy.moml.MoMLSimpleApplication@1fd967a0
----------------- Done invoking toplevel() on ptolemy.moml.MoMLSimpleApplication@1fd967a0
reloadAllAccessors: .ConstraintMonitor4

===========================================================================================
----------------- testing Sun Apr 14 03:59:27 UTC 2019 /home/travis/build/icyphy/ptII/ptolemy/actor/lib/test/auto/ConstraintMonitor5.xml
----------------- Instantiating /home/travis/build/icyphy/ptII/ptolemy/actor/lib/test/auto/ConstraintMonitor5.xml
1 ms. Memory: 880128K Free: 438485K (50%)
----------------- Invoking toplevel() on ptolemy.moml.MoMLSimpleApplication@5ea98052
----------------- Done invoking toplevel() on ptolemy.moml.MoMLSimpleApplication@5ea98052
reloadAllAccessors: .ConstraintMonitor5

===========================================================================================
----------------- testing Sun Apr 14 03:59:27 UTC 2019 /home/travis/build/icyphy/ptII/ptolemy/actor/lib/test/auto/ConstraintMonitor6.xml
----------------- Instantiating /home/travis/build/icyphy/ptII/ptolemy/actor/lib/test/auto/ConstraintMonitor6.xml
3 ms. Memory: 880128K Free: 428081K (49%)
----------------- Invoking toplevel() on ptolemy.moml.MoMLSimpleApplication@2e5ae3a7
----------------- Done invoking toplevel() on ptolemy.moml.MoMLSimpleApplication@2e5ae3a7
reloadAllAccessors: .ConstraintMonitor6

===========================================================================================
----------------- testing Sun Apr 14 03:59:27 UTC 2019 /home/travis/build/icyphy/ptII/ptolemy/actor/lib/test/auto/ConstraintMonitor7.xml
----------------- Instantiating /home/travis/build/icyphy/ptII/ptolemy/actor/lib/test/auto/ConstraintMonitor7.xml
3 ms. Memory: 880128K Free: 417677K (47%)
----------------- Invoking toplevel() on ptolemy.moml.MoMLSimpleApplication@cb8df9
----------------- Done invoking toplevel() on ptolemy.moml.MoMLSimpleApplication@cb8df9
reloadAllAccessors: .ConstraintMonitor7

===========================================================================================
----------------- testing Sun Apr 14 03:59:27 UTC 2019 /home/travis/build/icyphy/ptII/ptolemy/actor/lib/test/auto/ConstraintMonitor8.xml
----------------- Instantiating /home/travis/build/icyphy/ptII/ptolemy/actor/lib/test/auto/ConstraintMonitor8.xml
3 ms. Memory: 880128K Free: 399231K (45%)
----------------- Invoking toplevel() on ptolemy.moml.MoMLSimpleApplication@a280531
----------------- Done invoking toplevel() on ptolemy.moml.MoMLSimpleApplication@a280531
reloadAllAccessors: .ConstraintMonitor8

===========================================================================================
----------------- testing Sun Apr 14 03:59:27 UTC 2019 /home/travis/build/icyphy/ptII/ptolemy/actor/lib/test/auto/Counter.xml
----------------- Instantiating /home/travis/build/icyphy/ptII/ptolemy/actor/lib/test/auto/Counter.xml
2 ms. Memory: 880128K Free: 388827K (44%)
----------------- Invoking toplevel() on ptolemy.moml.MoMLSimpleApplication@6aaa7f6f
----------------- Done invoking toplevel() on ptolemy.moml.MoMLSimpleApplication@6aaa7f6f
reloadAllAccessors: .Counter

===========================================================================================
----------------- testing Sun Apr 14 03:59:27 UTC 2019 /home/travis/build/icyphy/ptII/ptolemy/actor/lib/test/auto/CurrentTimeSDF.xml
----------------- Instantiating /home/travis/build/icyphy/ptII/ptolemy/actor/lib/test/auto/CurrentTimeSDF.xml
1 ms. Memory: 880128K Free: 378423K (43%)
----------------- Invoking toplevel() on ptolemy.moml.MoMLSimpleApplication@4d894cff
----------------- Done invoking toplevel() on ptolemy.moml.MoMLSimpleApplication@4d894cff
reloadAllAccessors: .CurrentTimeSDF

===========================================================================================
----------------- testing Sun Apr 14 03:59:27 UTC 2019 /home/travis/build/icyphy/ptII/ptolemy/actor/lib/test/auto/DB.xml
----------------- Instantiating /home/travis/build/icyphy/ptII/ptolemy/actor/lib/test/auto/DB.xml
2 ms. Memory: 880128K Free: 359977K (41%)
----------------- Invoking toplevel() on ptolemy.moml.MoMLSimpleApplication@6f45e578
----------------- Done invoking toplevel() on ptolemy.moml.MoMLSimpleApplication@6f45e578
reloadAllAccessors: .DB

===========================================================================================
----------------- testing Sun Apr 14 03:59:27 UTC 2019 /home/travis/build/icyphy/ptII/ptolemy/actor/lib/test/auto/DBDE.xml
----------------- Instantiating /home/travis/build/icyphy/ptII/ptolemy/actor/lib/test/auto/DBDE.xml
6 ms. Memory: 880128K Free: 349573K (40%)
----------------- Invoking toplevel() on ptolemy.moml.MoMLSimpleApplication@73be5929
----------------- Done invoking toplevel() on ptolemy.moml.MoMLSimpleApplication@73be5929
reloadAllAccessors: .DBDE

===========================================================================================
----------------- testing Sun Apr 14 03:59:27 UTC 2019 /home/travis/build/icyphy/ptII/ptolemy/actor/lib/test/auto/DateConstructor.xml
----------------- Instantiating /home/travis/build/icyphy/ptII/ptolemy/actor/lib/test/auto/DateConstructor.xml
15 ms. Memory: 880128K Free: 328750K (37%)
----------------- Invoking toplevel() on ptolemy.moml.MoMLSimpleApplication@5e668892
----------------- Done invoking toplevel() on ptolemy.moml.MoMLSimpleApplication@5e668892
reloadAllAccessors: .DateConstructor

===========================================================================================
----------------- testing Sun Apr 14 03:59:27 UTC 2019 /home/travis/build/icyphy/ptII/ptolemy/actor/lib/test/auto/DelayTime.xml
----------------- Instantiating /home/travis/build/icyphy/ptII/ptolemy/actor/lib/test/auto/DelayTime.xml
3 ms. Memory: 880128K Free: 318346K (36%)
----------------- Invoking toplevel() on ptolemy.moml.MoMLSimpleApplication@299f951a
----------------- Done invoking toplevel() on ptolemy.moml.MoMLSimpleApplication@299f951a
reloadAllAccessors: .DelayTime

===========================================================================================
----------------- testing Sun Apr 14 03:59:27 UTC 2019 /home/travis/build/icyphy/ptII/ptolemy/actor/lib/test/auto/Dictionary1.xml
----------------- Instantiating /home/travis/build/icyphy/ptII/ptolemy/actor/lib/test/auto/Dictionary1.xml
3 ms. Memory: 880128K Free: 299899K (34%)
----------------- Invoking toplevel() on ptolemy.moml.MoMLSimpleApplication@2f9d37e7
----------------- Done invoking toplevel() on ptolemy.moml.MoMLSimpleApplication@2f9d37e7
reloadAllAccessors: .Dictionary1

===========================================================================================
----------------- testing Sun Apr 14 03:59:27 UTC 2019 /home/travis/build/icyphy/ptII/ptolemy/actor/lib/test/auto/Dictionary2.xml
----------------- Instantiating /home/travis/build/icyphy/ptII/ptolemy/actor/lib/test/auto/Dictionary2.xml
2 ms. Memory: 880128K Free: 289496K (33%)
----------------- Invoking toplevel() on ptolemy.moml.MoMLSimpleApplication@35043deb
----------------- Done invoking toplevel() on ptolemy.moml.MoMLSimpleApplication@35043deb
reloadAllAccessors: .Dictionary2

===========================================================================================
----------------- testing Sun Apr 14 03:59:27 UTC 2019 /home/travis/build/icyphy/ptII/ptolemy/actor/lib/test/auto/Dictionary3.xml
----------------- Instantiating /home/travis/build/icyphy/ptII/ptolemy/actor/lib/test/auto/Dictionary3.xml
1 ms. Memory: 880128K Free: 279092K (32%)
----------------- Invoking toplevel() on ptolemy.moml.MoMLSimpleApplication@7f170482
----------------- Done invoking toplevel() on ptolemy.moml.MoMLSimpleApplication@7f170482
reloadAllAccessors: .Dictionary3

===========================================================================================
----------------- testing Sun Apr 14 03:59:27 UTC 2019 /home/travis/build/icyphy/ptII/ptolemy/actor/lib/test/auto/Dictionary4.xml
----------------- Instantiating /home/travis/build/icyphy/ptII/ptolemy/actor/lib/test/auto/Dictionary4.xml
3 ms. Memory: 880128K Free: 260645K (30%)
----------------- Invoking toplevel() on ptolemy.moml.MoMLSimpleApplication@418f6421
----------------- Done invoking toplevel() on ptolemy.moml.MoMLSimpleApplication@418f6421
reloadAllAccessors: .Dictionary4

===========================================================================================
----------------- testing Sun Apr 14 03:59:27 UTC 2019 /home/travis/build/icyphy/ptII/ptolemy/actor/lib/test/auto/Differential.xml
----------------- Instantiating /home/travis/build/icyphy/ptII/ptolemy/actor/lib/test/auto/Differential.xml
2 ms. Memory: 880128K Free: 250241K (28%)
----------------- Invoking toplevel() on ptolemy.moml.MoMLSimpleApplication@11282842
----------------- Done invoking toplevel() on ptolemy.moml.MoMLSimpleApplication@11282842
reloadAllAccessors: .Differential

===========================================================================================
----------------- testing Sun Apr 14 03:59:27 UTC 2019 /home/travis/build/icyphy/ptII/ptolemy/actor/lib/test/auto/Director.xml
----------------- Instantiating /home/travis/build/icyphy/ptII/ptolemy/actor/lib/test/auto/Director.xml
2 ms. Memory: 880128K Free: 239838K (27%)
----------------- Invoking toplevel() on ptolemy.moml.MoMLSimpleApplication@41ca6ced
----------------- Done invoking toplevel() on ptolemy.moml.MoMLSimpleApplication@41ca6ced
reloadAllAccessors: .Director

===========================================================================================
----------------- testing Sun Apr 14 03:59:27 UTC 2019 /home/travis/build/icyphy/ptII/ptolemy/actor/lib/test/auto/DiscreteClock.xml
----------------- Instantiating /home/travis/build/icyphy/ptII/ptolemy/actor/lib/test/auto/DiscreteClock.xml
1 ms. Memory: 880128K Free: 229434K (26%)
----------------- Invoking toplevel() on ptolemy.moml.MoMLSimpleApplication@58015401
----------------- Done invoking toplevel() on ptolemy.moml.MoMLSimpleApplication@58015401
reloadAllAccessors: .DiscreteClock

===========================================================================================
----------------- testing Sun Apr 14 03:59:27 UTC 2019 /home/travis/build/icyphy/ptII/ptolemy/actor/lib/test/auto/DiscreteClock10.xml
----------------- Instantiating /home/travis/build/icyphy/ptII/ptolemy/actor/lib/test/auto/DiscreteClock10.xml
2 ms. Memory: 880128K Free: 210987K (24%)
----------------- Invoking toplevel() on ptolemy.moml.MoMLSimpleApplication@59bbc0f
----------------- Done invoking toplevel() on ptolemy.moml.MoMLSimpleApplication@59bbc0f
reloadAllAccessors: .DiscreteClock10

===========================================================================================
----------------- testing Sun Apr 14 03:59:27 UTC 2019 /home/travis/build/icyphy/ptII/ptolemy/actor/lib/test/auto/DiscreteClock11.xml
----------------- Instantiating /home/travis/build/icyphy/ptII/ptolemy/actor/lib/test/auto/DiscreteClock11.xml
2 ms. Memory: 880128K Free: 200583K (23%)
----------------- Invoking toplevel() on ptolemy.moml.MoMLSimpleApplication@ac38b10
----------------- Done invoking toplevel() on ptolemy.moml.MoMLSimpleApplication@ac38b10
reloadAllAccessors: .DiscreteClock11

===========================================================================================
----------------- testing Sun Apr 14 03:59:27 UTC 2019 /home/travis/build/icyphy/ptII/ptolemy/actor/lib/test/auto/DiscreteClock12.xml
----------------- Instantiating /home/travis/build/icyphy/ptII/ptolemy/actor/lib/test/auto/DiscreteClock12.xml
2 ms. Memory: 880128K Free: 190179K (22%)
----------------- Invoking toplevel() on ptolemy.moml.MoMLSimpleApplication@15ccb9f9
----------------- Done invoking toplevel() on ptolemy.moml.MoMLSimpleApplication@15ccb9f9
reloadAllAccessors: .DiscreteClock12

===========================================================================================
----------------- testing Sun Apr 14 03:59:27 UTC 2019 /home/travis/build/icyphy/ptII/ptolemy/actor/lib/test/auto/DiscreteClock13.xml
----------------- Instantiating /home/travis/build/icyphy/ptII/ptolemy/actor/lib/test/auto/DiscreteClock13.xml
3 ms. Memory: 880128K Free: 171733K (20%)
----------------- Invoking toplevel() on ptolemy.moml.MoMLSimpleApplication@3857b532
----------------- Done invoking toplevel() on ptolemy.moml.MoMLSimpleApplication@3857b532
reloadAllAccessors: .DiscreteClock13

===========================================================================================
----------------- testing Sun Apr 14 03:59:27 UTC 2019 /home/travis/build/icyphy/ptII/ptolemy/actor/lib/test/auto/DiscreteClock14.xml
----------------- Instantiating /home/travis/build/icyphy/ptII/ptolemy/actor/lib/test/auto/DiscreteClock14.xml
2 ms. Memory: 880128K Free: 161330K (18%)
----------------- Invoking toplevel() on ptolemy.moml.MoMLSimpleApplication@1e3167a1
----------------- Done invoking toplevel() on ptolemy.moml.MoMLSimpleApplication@1e3167a1
reloadAllAccessors: .DiscreteClock14

===========================================================================================
----------------- testing Sun Apr 14 03:59:27 UTC 2019 /home/travis/build/icyphy/ptII/ptolemy/actor/lib/test/auto/DiscreteClock15.xml
----------------- Instantiating /home/travis/build/icyphy/ptII/ptolemy/actor/lib/test/auto/DiscreteClock15.xml
3 ms. Memory: 880128K Free: 150926K (17%)
----------------- Invoking toplevel() on ptolemy.moml.MoMLSimpleApplication@2dd716a6
----------------- Done invoking toplevel() on ptolemy.moml.MoMLSimpleApplication@2dd716a6
reloadAllAccessors: .DiscreteClock15

===========================================================================================
----------------- testing Sun Apr 14 03:59:27 UTC 2019 /home/travis/build/icyphy/ptII/ptolemy/actor/lib/test/auto/DiscreteClock16.xml
----------------- Instantiating /home/travis/build/icyphy/ptII/ptolemy/actor/lib/test/auto/DiscreteClock16.xml
10 ms. Memory: 880128K Free: 127262K (14%)
----------------- Invoking toplevel() on ptolemy.moml.MoMLSimpleApplication@109d60d4
----------------- Done invoking toplevel() on ptolemy.moml.MoMLSimpleApplication@109d60d4
reloadAllAccessors: .DiscreteClock16

===========================================================================================
----------------- testing Sun Apr 14 03:59:27 UTC 2019 /home/travis/build/icyphy/ptII/ptolemy/actor/lib/test/auto/DiscreteClock17.xml
----------------- Instantiating /home/travis/build/icyphy/ptII/ptolemy/actor/lib/test/auto/DiscreteClock17.xml
13 ms. Memory: 880128K Free: 111640K (13%)
----------------- Invoking toplevel() on ptolemy.moml.MoMLSimpleApplication@62e36163
----------------- Done invoking toplevel() on ptolemy.moml.MoMLSimpleApplication@62e36163
reloadAllAccessors: .DiscreteClock17

===========================================================================================
----------------- testing Sun Apr 14 03:59:27 UTC 2019 /home/travis/build/icyphy/ptII/ptolemy/actor/lib/test/auto/DiscreteClock18.xml
----------------- Instantiating /home/travis/build/icyphy/ptII/ptolemy/actor/lib/test/auto/DiscreteClock18.xml
458 ms. Memory: 1364480K Free: 1322853K (97%)
----------------- Invoking toplevel() on ptolemy.moml.MoMLSimpleApplication@76214c42
----------------- Done invoking toplevel() on ptolemy.moml.MoMLSimpleApplication@76214c42
reloadAllAccessors: .DiscreteClock18

===========================================================================================
----------------- testing Sun Apr 14 03:59:28 UTC 2019 /home/travis/build/icyphy/ptII/ptolemy/actor/lib/test/auto/DiscreteClock19.xml
----------------- Instantiating /home/travis/build/icyphy/ptII/ptolemy/actor/lib/test/auto/DiscreteClock19.xml
24 ms. Memory: 1364480K Free: 1275791K (94%)
----------------- Invoking toplevel() on ptolemy.moml.MoMLSimpleApplication@5ef16cac
----------------- Done invoking toplevel() on ptolemy.moml.MoMLSimpleApplication@5ef16cac
reloadAllAccessors: .DiscreteClock19

===========================================================================================
----------------- testing Sun Apr 14 03:59:28 UTC 2019 /home/travis/build/icyphy/ptII/ptolemy/actor/lib/test/auto/DiscreteClock2.xml
----------------- Instantiating /home/travis/build/icyphy/ptII/ptolemy/actor/lib/test/auto/DiscreteClock2.xml
3 ms. Memory: 1364480K Free: 1259141K (92%)
----------------- Invoking toplevel() on ptolemy.moml.MoMLSimpleApplication@47564a8c
----------------- Done invoking toplevel() on ptolemy.moml.MoMLSimpleApplication@47564a8c
reloadAllAccessors: .DiscreteClock2

===========================================================================================
----------------- testing Sun Apr 14 03:59:28 UTC 2019 /home/travis/build/icyphy/ptII/ptolemy/actor/lib/test/auto/DiscreteClock20.xml
----------------- Instantiating /home/travis/build/icyphy/ptII/ptolemy/actor/lib/test/auto/DiscreteClock20.xml
11 ms. Memory: 1364480K Free: 1242490K (91%)
----------------- Invoking toplevel() on ptolemy.moml.MoMLSimpleApplication@5c2bea42
----------------- Done invoking toplevel() on ptolemy.moml.MoMLSimpleApplication@5c2bea42
reloadAllAccessors: .DiscreteClock20

===========================================================================================
----------------- testing Sun Apr 14 03:59:28 UTC 2019 /home/travis/build/icyphy/ptII/ptolemy/actor/lib/test/auto/DiscreteClock21.xml
----------------- Instantiating /home/travis/build/icyphy/ptII/ptolemy/actor/lib/test/auto/DiscreteClock21.xml
7 ms. Memory: 1364480K Free: 1225840K (90%)
----------------- Invoking toplevel() on ptolemy.moml.MoMLSimpleApplication@654501e6
----------------- Done invoking toplevel() on ptolemy.moml.MoMLSimpleApplication@654501e6
reloadAllAccessors: .DiscreteClock21

===========================================================================================
----------------- testing Sun Apr 14 03:59:28 UTC 2019 /home/travis/build/icyphy/ptII/ptolemy/actor/lib/test/auto/DiscreteClock22.xml
----------------- Instantiating /home/travis/build/icyphy/ptII/ptolemy/actor/lib/test/auto/DiscreteClock22.xml
2 ms. Memory: 1364480K Free: 1199486K (88%)
----------------- Invoking toplevel() on ptolemy.moml.MoMLSimpleApplication@6a8f9b7c
----------------- Done invoking toplevel() on ptolemy.moml.MoMLSimpleApplication@6a8f9b7c
reloadAllAccessors: .DiscreteClock22

===========================================================================================
----------------- testing Sun Apr 14 03:59:28 UTC 2019 /home/travis/build/icyphy/ptII/ptolemy/actor/lib/test/auto/DiscreteClock23.xml
----------------- Instantiating /home/travis/build/icyphy/ptII/ptolemy/actor/lib/test/auto/DiscreteClock23.xml
2 ms. Memory: 1364480K Free: 1182836K (87%)
----------------- Invoking toplevel() on ptolemy.moml.MoMLSimpleApplication@2af398e7
----------------- Done invoking toplevel() on ptolemy.moml.MoMLSimpleApplication@2af398e7
reloadAllAccessors: .DiscreteClock23

===========================================================================================
----------------- testing Sun Apr 14 03:59:28 UTC 2019 /home/travis/build/icyphy/ptII/ptolemy/actor/lib/test/auto/DiscreteClock24.xml
----------------- Instantiating /home/travis/build/icyphy/ptII/ptolemy/actor/lib/test/auto/DiscreteClock24.xml
2 ms. Memory: 1364480K Free: 1166186K (85%)
----------------- Invoking toplevel() on ptolemy.moml.MoMLSimpleApplication@74d0edc
----------------- Done invoking toplevel() on ptolemy.moml.MoMLSimpleApplication@74d0edc
reloadAllAccessors: .DiscreteClock24

===========================================================================================
----------------- testing Sun Apr 14 03:59:28 UTC 2019 /home/travis/build/icyphy/ptII/ptolemy/actor/lib/test/auto/DiscreteClock4.xml
----------------- Instantiating /home/travis/build/icyphy/ptII/ptolemy/actor/lib/test/auto/DiscreteClock4.xml
3 ms. Memory: 1364480K Free: 1149535K (84%)
----------------- Invoking toplevel() on ptolemy.moml.MoMLSimpleApplication@56b63cce
----------------- Done invoking toplevel() on ptolemy.moml.MoMLSimpleApplication@56b63cce
reloadAllAccessors: .DiscreteClock4

===========================================================================================
----------------- testing Sun Apr 14 03:59:28 UTC 2019 /home/travis/build/icyphy/ptII/ptolemy/actor/lib/test/auto/DiscreteClock5.xml
----------------- Instantiating /home/travis/build/icyphy/ptII/ptolemy/actor/lib/test/auto/DiscreteClock5.xml
1 ms. Memory: 1364480K Free: 1123181K (82%)
----------------- Invoking toplevel() on ptolemy.moml.MoMLSimpleApplication@765d90c7
----------------- Done invoking toplevel() on ptolemy.moml.MoMLSimpleApplication@765d90c7
reloadAllAccessors: .DiscreteClock5

===========================================================================================
----------------- testing Sun Apr 14 03:59:28 UTC 2019 /home/travis/build/icyphy/ptII/ptolemy/actor/lib/test/auto/DiscreteClock6.xml
----------------- Instantiating /home/travis/build/icyphy/ptII/ptolemy/actor/lib/test/auto/DiscreteClock6.xml
1 ms. Memory: 1364480K Free: 1106531K (81%)
----------------- Invoking toplevel() on ptolemy.moml.MoMLSimpleApplication@2af44374
----------------- Done invoking toplevel() on ptolemy.moml.MoMLSimpleApplication@2af44374
reloadAllAccessors: .DiscreteClock6

===========================================================================================
----------------- testing Sun Apr 14 03:59:28 UTC 2019 /home/travis/build/icyphy/ptII/ptolemy/actor/lib/test/auto/DiscreteClock7.xml
----------------- Instantiating /home/travis/build/icyphy/ptII/ptolemy/actor/lib/test/auto/DiscreteClock7.xml
2 ms. Memory: 1364480K Free: 1089881K (80%)
----------------- Invoking toplevel() on ptolemy.moml.MoMLSimpleApplication@36171bcd
----------------- Done invoking toplevel() on ptolemy.moml.MoMLSimpleApplication@36171bcd
reloadAllAccessors: .DiscreteClock7

===========================================================================================
----------------- testing Sun Apr 14 03:59:28 UTC 2019 /home/travis/build/icyphy/ptII/ptolemy/actor/lib/test/auto/DiscreteClock8.xml
----------------- Instantiating /home/travis/build/icyphy/ptII/ptolemy/actor/lib/test/auto/DiscreteClock8.xml
6 ms. Memory: 1364480K Free: 1073230K (79%)
----------------- Invoking toplevel() on ptolemy.moml.MoMLSimpleApplication@1aa278b0
----------------- Done invoking toplevel() on ptolemy.moml.MoMLSimpleApplication@1aa278b0
reloadAllAccessors: .DiscreteClock8

===========================================================================================
----------------- testing Sun Apr 14 03:59:28 UTC 2019 /home/travis/build/icyphy/ptII/ptolemy/actor/lib/test/auto/DiscreteClock9.xml
----------------- Instantiating /home/travis/build/icyphy/ptII/ptolemy/actor/lib/test/auto/DiscreteClock9.xml
2 ms. Memory: 1364480K Free: 1046877K (77%)
----------------- Invoking toplevel() on ptolemy.moml.MoMLSimpleApplication@2a1201e0
----------------- Done invoking toplevel() on ptolemy.moml.MoMLSimpleApplication@2a1201e0
reloadAllAccessors: .DiscreteClock9

===========================================================================================
----------------- testing Sun Apr 14 03:59:28 UTC 2019 /home/travis/build/icyphy/ptII/ptolemy/actor/lib/test/auto/DisplayArray.xml
----------------- Instantiating /home/travis/build/icyphy/ptII/ptolemy/actor/lib/test/auto/DisplayArray.xml
1 ms. Memory: 1364480K Free: 1030226K (76%)
----------------- Invoking toplevel() on ptolemy.moml.MoMLSimpleApplication@31472960
----------------- Done invoking toplevel() on ptolemy.moml.MoMLSimpleApplication@31472960
reloadAllAccessors: .DisplayArray

===========================================================================================
----------------- testing Sun Apr 14 03:59:28 UTC 2019 /home/travis/build/icyphy/ptII/ptolemy/actor/lib/test/auto/Distributor.xml
----------------- Instantiating /home/travis/build/icyphy/ptII/ptolemy/actor/lib/test/auto/Distributor.xml
2 ms. Memory: 1364480K Free: 1013576K (74%)
----------------- Invoking toplevel() on ptolemy.moml.MoMLSimpleApplication@1aa9df4f
----------------- Done invoking toplevel() on ptolemy.moml.MoMLSimpleApplication@1aa9df4f
reloadAllAccessors: .Distributor

===========================================================================================
----------------- testing Sun Apr 14 03:59:28 UTC 2019 /home/travis/build/icyphy/ptII/ptolemy/actor/lib/test/auto/Distributor2.xml
----------------- Instantiating /home/travis/build/icyphy/ptII/ptolemy/actor/lib/test/auto/Distributor2.xml
2 ms. Memory: 1364480K Free: 996926K (73%)
----------------- Invoking toplevel() on ptolemy.moml.MoMLSimpleApplication@918785e
----------------- Done invoking toplevel() on ptolemy.moml.MoMLSimpleApplication@918785e
reloadAllAccessors: .Distributor2

===========================================================================================
----------------- testing Sun Apr 14 03:59:28 UTC 2019 /home/travis/build/icyphy/ptII/ptolemy/actor/lib/test/auto/DownSample.xml
----------------- Instantiating /home/travis/build/icyphy/ptII/ptolemy/actor/lib/test/auto/DownSample.xml
1 ms. Memory: 1364480K Free: 970572K (71%)
----------------- Invoking toplevel() on ptolemy.moml.MoMLSimpleApplication@1a405375
----------------- Done invoking toplevel() on ptolemy.moml.MoMLSimpleApplication@1a405375
reloadAllAccessors: .DownSample

===========================================================================================
----------------- testing Sun Apr 14 03:59:28 UTC 2019 /home/travis/build/icyphy/ptII/ptolemy/actor/lib/test/auto/ElectronicUnitBase1.xml
----------------- Instantiating /home/travis/build/icyphy/ptII/ptolemy/actor/lib/test/auto/ElectronicUnitBase1.xml
18 ms. Memory: 1364480K Free: 945580K (69%)
----------------- Invoking toplevel() on ptolemy.moml.MoMLSimpleApplication@1c70d2ee
----------------- Done invoking toplevel() on ptolemy.moml.MoMLSimpleApplication@1c70d2ee
reloadAllAccessors: .ElectronicUnitBase1

===========================================================================================
----------------- testing Sun Apr 14 03:59:28 UTC 2019 /home/travis/build/icyphy/ptII/ptolemy/actor/lib/test/auto/ElementsToArray.xml
----------------- Instantiating /home/travis/build/icyphy/ptII/ptolemy/actor/lib/test/auto/ElementsToArray.xml
3 ms. Memory: 1364480K Free: 928930K (68%)
----------------- Invoking toplevel() on ptolemy.moml.MoMLSimpleApplication@75de092d
----------------- Done invoking toplevel() on ptolemy.moml.MoMLSimpleApplication@75de092d
reloadAllAccessors: .ElementsToArray

===========================================================================================
----------------- testing Sun Apr 14 03:59:28 UTC 2019 /home/travis/build/icyphy/ptII/ptolemy/actor/lib/test/auto/Equals.xml
----------------- Instantiating /home/travis/build/icyphy/ptII/ptolemy/actor/lib/test/auto/Equals.xml
1 ms. Memory: 1364480K Free: 912280K (67%)
----------------- Invoking toplevel() on ptolemy.moml.MoMLSimpleApplication@79acf823
----------------- Done invoking toplevel() on ptolemy.moml.MoMLSimpleApplication@79acf823
reloadAllAccessors: .Equals

===========================================================================================
----------------- testing Sun Apr 14 03:59:28 UTC 2019 /home/travis/build/icyphy/ptII/ptolemy/actor/lib/test/auto/Exec.xml
----------------- Instantiating /home/travis/build/icyphy/ptII/ptolemy/actor/lib/test/auto/Exec.xml
12 ms. Memory: 1364480K Free: 856788K (63%)
----------------- Invoking toplevel() on ptolemy.moml.MoMLSimpleApplication@726b45ba
----------------- Done invoking toplevel() on ptolemy.moml.MoMLSimpleApplication@726b45ba
reloadAllAccessors: .Exec

===========================================================================================
----------------- testing Sun Apr 14 03:59:28 UTC 2019 /home/travis/build/icyphy/ptII/ptolemy/actor/lib/test/auto/ExecEnvironment.xml
----------------- Instantiating /home/travis/build/icyphy/ptII/ptolemy/actor/lib/test/auto/ExecEnvironment.xml
23 ms. Memory: 1364480K Free: 840138K (62%)
----------------- Invoking toplevel() on ptolemy.moml.MoMLSimpleApplication@530030c4
----------------- Done invoking toplevel() on ptolemy.moml.MoMLSimpleApplication@530030c4
reloadAllAccessors: .ExecEnvironment

===========================================================================================
----------------- testing Sun Apr 14 03:59:28 UTC 2019 /home/travis/build/icyphy/ptII/ptolemy/actor/lib/test/auto/ExecNonZeroReturnOutput.xml
----------------- Instantiating /home/travis/build/icyphy/ptII/ptolemy/actor/lib/test/auto/ExecNonZeroReturnOutput.xml
127 ms. Memory: 1364480K Free: 715260K (52%)
----------------- Invoking toplevel() on ptolemy.moml.MoMLSimpleApplication@2bd9006
----------------- Done invoking toplevel() on ptolemy.moml.MoMLSimpleApplication@2bd9006
reloadAllAccessors: .ExecNonZeroReturnOutput

===========================================================================================
----------------- testing Sun Apr 14 03:59:29 UTC 2019 /home/travis/build/icyphy/ptII/ptolemy/actor/lib/test/auto/ExecRunDemos.xml
----------------- Instantiating /home/travis/build/icyphy/ptII/ptolemy/actor/lib/test/auto/ExecRunDemos.xml
Finished: 59 ms. Memory: 116224K Free: 100672K (87%)

Finished: 53 ms. Memory: 116224K Free: 97676K (84%)

Finished: 44 ms. Memory: 116224K Free: 98219K (85%)

Finished: 63 ms. Memory: 116224K Free: 99544K (86%)

Finished: 42 ms. Memory: 116224K Free: 100658K (87%)

9912 ms. Memory: 1364480K Free: 607016K (44%)
----------------- Invoking toplevel() on ptolemy.moml.MoMLSimpleApplication@4149e2a7
----------------- Done invoking toplevel() on ptolemy.moml.MoMLSimpleApplication@4149e2a7
reloadAllAccessors: .ExecRunDemos

===========================================================================================
----------------- testing Sun Apr 14 03:59:38 UTC 2019 /home/travis/build/icyphy/ptII/ptolemy/actor/lib/test/auto/ExecStop.xml
----------------- Instantiating /home/travis/build/icyphy/ptII/ptolemy/actor/lib/test/auto/ExecStop.xml
5012 ms. Memory: 1364480K Free: 372532K (27%)
----------------- Invoking toplevel() on ptolemy.moml.MoMLSimpleApplication@64dfda0
----------------- Done invoking toplevel() on ptolemy.moml.MoMLSimpleApplication@64dfda0
reloadAllAccessors: .ExecStop

===========================================================================================
----------------- testing Sun Apr 14 03:59:44 UTC 2019 /home/travis/build/icyphy/ptII/ptolemy/actor/lib/test/auto/ExecutionTimeSDF.xml
----------------- Instantiating /home/travis/build/icyphy/ptII/ptolemy/actor/lib/test/auto/ExecutionTimeSDF.xml
Fired ExecutionTime: 1516000000
Fired ExecutionTime: 980400000
Fired ExecutionTime: -850167296
6004 ms. Memory: 1364480K Free: 339424K (25%)
----------------- Invoking toplevel() on ptolemy.moml.MoMLSimpleApplication@b4f05d9
----------------- Done invoking toplevel() on ptolemy.moml.MoMLSimpleApplication@b4f05d9
reloadAllAccessors: .ExecutionTimeSDF

===========================================================================================
----------------- testing Sun Apr 14 03:59:50 UTC 2019 /home/travis/build/icyphy/ptII/ptolemy/actor/lib/test/auto/Expression1.xml
----------------- Instantiating /home/travis/build/icyphy/ptII/ptolemy/actor/lib/test/auto/Expression1.xml
2 ms. Memory: 1364480K Free: 322774K (24%)
----------------- Invoking toplevel() on ptolemy.moml.MoMLSimpleApplication@58d53e23
----------------- Done invoking toplevel() on ptolemy.moml.MoMLSimpleApplication@58d53e23
reloadAllAccessors: .Expression1

===========================================================================================
----------------- testing Sun Apr 14 03:59:50 UTC 2019 /home/travis/build/icyphy/ptII/ptolemy/actor/lib/test/auto/Expression10.xml
----------------- Instantiating /home/travis/build/icyphy/ptII/ptolemy/actor/lib/test/auto/Expression10.xml
5 ms. Memory: 1364480K Free: 306123K (22%)
----------------- Invoking toplevel() on ptolemy.moml.MoMLSimpleApplication@28dfee02
----------------- Done invoking toplevel() on ptolemy.moml.MoMLSimpleApplication@28dfee02
reloadAllAccessors: .Expression10

===========================================================================================
----------------- testing Sun Apr 14 03:59:50 UTC 2019 /home/travis/build/icyphy/ptII/ptolemy/actor/lib/test/auto/Expression11.xml
----------------- Instantiating /home/travis/build/icyphy/ptII/ptolemy/actor/lib/test/auto/Expression11.xml
3 ms. Memory: 1364480K Free: 279769K (21%)
----------------- Invoking toplevel() on ptolemy.moml.MoMLSimpleApplication@223ac0a6
----------------- Done invoking toplevel() on ptolemy.moml.MoMLSimpleApplication@223ac0a6
reloadAllAccessors: .Expression11

===========================================================================================
----------------- testing Sun Apr 14 03:59:50 UTC 2019 /home/travis/build/icyphy/ptII/ptolemy/actor/lib/test/auto/Expression12.xml
----------------- Instantiating /home/travis/build/icyphy/ptII/ptolemy/actor/lib/test/auto/Expression12.xml
5 ms. Memory: 1364480K Free: 263119K (19%)
----------------- Invoking toplevel() on ptolemy.moml.MoMLSimpleApplication@1831b96c
----------------- Done invoking toplevel() on ptolemy.moml.MoMLSimpleApplication@1831b96c
reloadAllAccessors: .Expression12

===========================================================================================
----------------- testing Sun Apr 14 03:59:50 UTC 2019 /home/travis/build/icyphy/ptII/ptolemy/actor/lib/test/auto/Expression13.xml
----------------- Instantiating /home/travis/build/icyphy/ptII/ptolemy/actor/lib/test/auto/Expression13.xml
4 ms. Memory: 1364480K Free: 246469K (18%)
----------------- Invoking toplevel() on ptolemy.moml.MoMLSimpleApplication@d7d196f
----------------- Done invoking toplevel() on ptolemy.moml.MoMLSimpleApplication@d7d196f
reloadAllAccessors: .Expression13

===========================================================================================
----------------- testing Sun Apr 14 03:59:50 UTC 2019 /home/travis/build/icyphy/ptII/ptolemy/actor/lib/test/auto/Expression14.xml
----------------- Instantiating /home/travis/build/icyphy/ptII/ptolemy/actor/lib/test/auto/Expression14.xml
7 ms. Memory: 1364480K Free: 229818K (17%)
----------------- Invoking toplevel() on ptolemy.moml.MoMLSimpleApplication@fecd539
----------------- Done invoking toplevel() on ptolemy.moml.MoMLSimpleApplication@fecd539
reloadAllAccessors: .Expression14

===========================================================================================
----------------- testing Sun Apr 14 03:59:50 UTC 2019 /home/travis/build/icyphy/ptII/ptolemy/actor/lib/test/auto/Expression15.xml
----------------- Instantiating /home/travis/build/icyphy/ptII/ptolemy/actor/lib/test/auto/Expression15.xml
6 ms. Memory: 1364480K Free: 203464K (15%)
----------------- Invoking toplevel() on ptolemy.moml.MoMLSimpleApplication@168170ab
----------------- Done invoking toplevel() on ptolemy.moml.MoMLSimpleApplication@168170ab
reloadAllAccessors: .Expression15

===========================================================================================
----------------- testing Sun Apr 14 03:59:50 UTC 2019 /home/travis/build/icyphy/ptII/ptolemy/actor/lib/test/auto/Expression16.xml
----------------- Instantiating /home/travis/build/icyphy/ptII/ptolemy/actor/lib/test/auto/Expression16.xml
3 ms. Memory: 1364480K Free: 186814K (14%)
----------------- Invoking toplevel() on ptolemy.moml.MoMLSimpleApplication@46af79a9
----------------- Done invoking toplevel() on ptolemy.moml.MoMLSimpleApplication@46af79a9
reloadAllAccessors: .Expression16

===========================================================================================
----------------- testing Sun Apr 14 03:59:50 UTC 2019 /home/travis/build/icyphy/ptII/ptolemy/actor/lib/test/auto/Expression17.xml
----------------- Instantiating /home/travis/build/icyphy/ptII/ptolemy/actor/lib/test/auto/Expression17.xml
3 ms. Memory: 1364480K Free: 170164K (12%)
----------------- Invoking toplevel() on ptolemy.moml.MoMLSimpleApplication@5de1ca10
----------------- Done invoking toplevel() on ptolemy.moml.MoMLSimpleApplication@5de1ca10
reloadAllAccessors: .Expression17

===========================================================================================
----------------- testing Sun Apr 14 03:59:50 UTC 2019 /home/travis/build/icyphy/ptII/ptolemy/actor/lib/test/auto/Expression18.xml
----------------- Instantiating /home/travis/build/icyphy/ptII/ptolemy/actor/lib/test/auto/Expression18.xml
2 ms. Memory: 1364480K Free: 153514K (11%)
----------------- Invoking toplevel() on ptolemy.moml.MoMLSimpleApplication@628b8aed
----------------- Done invoking toplevel() on ptolemy.moml.MoMLSimpleApplication@628b8aed
reloadAllAccessors: .Expression18

===========================================================================================
----------------- testing Sun Apr 14 03:59:50 UTC 2019 /home/travis/build/icyphy/ptII/ptolemy/actor/lib/test/auto/Expression2.xml
----------------- Instantiating /home/travis/build/icyphy/ptII/ptolemy/actor/lib/test/auto/Expression2.xml
4 ms. Memory: 1364480K Free: 136863K (10%)
----------------- Invoking toplevel() on ptolemy.moml.MoMLSimpleApplication@37e31b26
----------------- Done invoking toplevel() on ptolemy.moml.MoMLSimpleApplication@37e31b26
reloadAllAccessors: .Expression2

===========================================================================================
----------------- testing Sun Apr 14 03:59:50 UTC 2019 /home/travis/build/icyphy/ptII/ptolemy/actor/lib/test/auto/Expression3.xml
----------------- Instantiating /home/travis/build/icyphy/ptII/ptolemy/actor/lib/test/auto/Expression3.xml
3 ms. Memory: 1364480K Free: 110509K (8%)
----------------- Invoking toplevel() on ptolemy.moml.MoMLSimpleApplication@61dae61
----------------- Done invoking toplevel() on ptolemy.moml.MoMLSimpleApplication@61dae61
reloadAllAccessors: .Expression3

===========================================================================================
----------------- testing Sun Apr 14 03:59:50 UTC 2019 /home/travis/build/icyphy/ptII/ptolemy/actor/lib/test/auto/Expression4.xml
----------------- Instantiating /home/travis/build/icyphy/ptII/ptolemy/actor/lib/test/auto/Expression4.xml
4 ms. Memory: 1364480K Free: 93859K (7%)
----------------- Invoking toplevel() on ptolemy.moml.MoMLSimpleApplication@48e8b78f
----------------- Done invoking toplevel() on ptolemy.moml.MoMLSimpleApplication@48e8b78f
reloadAllAccessors: .Expression4

===========================================================================================
----------------- testing Sun Apr 14 03:59:50 UTC 2019 /home/travis/build/icyphy/ptII/ptolemy/actor/lib/test/auto/Expression5.xml
----------------- Instantiating /home/travis/build/icyphy/ptII/ptolemy/actor/lib/test/auto/Expression5.xml
3 ms. Memory: 1364480K Free: 78507K (6%)
----------------- Invoking toplevel() on ptolemy.moml.MoMLSimpleApplication@1b10f39d
----------------- Done invoking toplevel() on ptolemy.moml.MoMLSimpleApplication@1b10f39d
reloadAllAccessors: .Expression5

===========================================================================================
----------------- testing Sun Apr 14 03:59:50 UTC 2019 /home/travis/build/icyphy/ptII/ptolemy/actor/lib/test/auto/Expression6.xml
----------------- Instantiating /home/travis/build/icyphy/ptII/ptolemy/actor/lib/test/auto/Expression6.xml
2 ms. Memory: 1364480K Free: 1312026K (96%)
----------------- Invoking toplevel() on ptolemy.moml.MoMLSimpleApplication@5f8a85f0
----------------- Done invoking toplevel() on ptolemy.moml.MoMLSimpleApplication@5f8a85f0
reloadAllAccessors: .Expression6

===========================================================================================
----------------- testing Sun Apr 14 03:59:50 UTC 2019 /home/travis/build/icyphy/ptII/ptolemy/actor/lib/test/auto/Expression7.xml
----------------- Instantiating /home/travis/build/icyphy/ptII/ptolemy/actor/lib/test/auto/Expression7.xml
2 ms. Memory: 1364480K Free: 1292619K (95%)
----------------- Invoking toplevel() on ptolemy.moml.MoMLSimpleApplication@4b336211
----------------- Done invoking toplevel() on ptolemy.moml.MoMLSimpleApplication@4b336211
reloadAllAccessors: .Expression7

===========================================================================================
----------------- testing Sun Apr 14 03:59:50 UTC 2019 /home/travis/build/icyphy/ptII/ptolemy/actor/lib/test/auto/Expression8.xml
----------------- Instantiating /home/travis/build/icyphy/ptII/ptolemy/actor/lib/test/auto/Expression8.xml
4 ms. Memory: 1364480K Free: 1280131K (94%)
----------------- Invoking toplevel() on ptolemy.moml.MoMLSimpleApplication@757357a5
----------------- Done invoking toplevel() on ptolemy.moml.MoMLSimpleApplication@757357a5
reloadAllAccessors: .Expression8

===========================================================================================
----------------- testing Sun Apr 14 03:59:50 UTC 2019 /home/travis/build/icyphy/ptII/ptolemy/actor/lib/test/auto/Expression9.xml
----------------- Instantiating /home/travis/build/icyphy/ptII/ptolemy/actor/lib/test/auto/Expression9.xml
1 ms. Memory: 1364480K Free: 1260725K (92%)
----------------- Invoking toplevel() on ptolemy.moml.MoMLSimpleApplication@2f1f24fc
----------------- Done invoking toplevel() on ptolemy.moml.MoMLSimpleApplication@2f1f24fc
reloadAllAccessors: .Expression9

===========================================================================================
----------------- testing Sun Apr 14 03:59:50 UTC 2019 /home/travis/build/icyphy/ptII/ptolemy/actor/lib/test/auto/ExpressionConcatenateArrayType.xml
----------------- Instantiating /home/travis/build/icyphy/ptII/ptolemy/actor/lib/test/auto/ExpressionConcatenateArrayType.xml
2 ms. Memory: 1364480K Free: 1248237K (91%)
----------------- Invoking toplevel() on ptolemy.moml.MoMLSimpleApplication@262b5139
----------------- Done invoking toplevel() on ptolemy.moml.MoMLSimpleApplication@262b5139
reloadAllAccessors: .ExpressionConcatenateArrayType

===========================================================================================
----------------- testing Sun Apr 14 03:59:50 UTC 2019 /home/travis/build/icyphy/ptII/ptolemy/actor/lib/test/auto/ExpressionConcatenateArrayType2.xml
----------------- Instantiating /home/travis/build/icyphy/ptII/ptolemy/actor/lib/test/auto/ExpressionConcatenateArrayType2.xml
1 ms. Memory: 1364480K Free: 1235750K (91%)
----------------- Invoking toplevel() on ptolemy.moml.MoMLSimpleApplication@7e9b9355
----------------- Done invoking toplevel() on ptolemy.moml.MoMLSimpleApplication@7e9b9355
reloadAllAccessors: .ExpressionConcatenateArrayType2

===========================================================================================
----------------- testing Sun Apr 14 03:59:50 UTC 2019 /home/travis/build/icyphy/ptII/ptolemy/actor/lib/test/auto/ExpressionFix.xml
----------------- Instantiating /home/travis/build/icyphy/ptII/ptolemy/actor/lib/test/auto/ExpressionFix.xml
9 ms. Memory: 1364480K Free: 1216175K (89%)
----------------- Invoking toplevel() on ptolemy.moml.MoMLSimpleApplication@72e68c68
----------------- Done invoking toplevel() on ptolemy.moml.MoMLSimpleApplication@72e68c68
reloadAllAccessors: .ExpressionFix

===========================================================================================
----------------- testing Sun Apr 14 03:59:50 UTC 2019 /home/travis/build/icyphy/ptII/ptolemy/actor/lib/test/auto/ExpressionFix2.xml
----------------- Instantiating /home/travis/build/icyphy/ptII/ptolemy/actor/lib/test/auto/ExpressionFix2.xml
2 ms. Memory: 1364480K Free: 1203687K (88%)
----------------- Invoking toplevel() on ptolemy.moml.MoMLSimpleApplication@32650076
----------------- Done invoking toplevel() on ptolemy.moml.MoMLSimpleApplication@32650076
reloadAllAccessors: .ExpressionFix2

===========================================================================================
----------------- testing Sun Apr 14 03:59:50 UTC 2019 /home/travis/build/icyphy/ptII/ptolemy/actor/lib/test/auto/ExpressionFix3.xml
----------------- Instantiating /home/travis/build/icyphy/ptII/ptolemy/actor/lib/test/auto/ExpressionFix3.xml
2 ms. Memory: 1364480K Free: 1191199K (87%)
----------------- Invoking toplevel() on ptolemy.moml.MoMLSimpleApplication@38ec9d29
----------------- Done invoking toplevel() on ptolemy.moml.MoMLSimpleApplication@38ec9d29
reloadAllAccessors: .ExpressionFix3

===========================================================================================
----------------- testing Sun Apr 14 03:59:50 UTC 2019 /home/travis/build/icyphy/ptII/ptolemy/actor/lib/test/auto/FileWriter1.xml
----------------- Instantiating /home/travis/build/icyphy/ptII/ptolemy/actor/lib/test/auto/FileWriter1.xml
5 ms. Memory: 1364480K Free: 1171793K (86%)
----------------- Invoking toplevel() on ptolemy.moml.MoMLSimpleApplication@57fd8284
----------------- Done invoking toplevel() on ptolemy.moml.MoMLSimpleApplication@57fd8284
reloadAllAccessors: .FileWriter1

===========================================================================================
----------------- testing Sun Apr 14 03:59:50 UTC 2019 /home/travis/build/icyphy/ptII/ptolemy/actor/lib/test/auto/FileWriter2.xml
----------------- Instantiating /home/travis/build/icyphy/ptII/ptolemy/actor/lib/test/auto/FileWriter2.xml
2 ms. Memory: 1364480K Free: 1159305K (85%)
----------------- Invoking toplevel() on ptolemy.moml.MoMLSimpleApplication@743c41ff
----------------- Done invoking toplevel() on ptolemy.moml.MoMLSimpleApplication@743c41ff
reloadAllAccessors: .FileWriter2

===========================================================================================
----------------- testing Sun Apr 14 03:59:50 UTC 2019 /home/travis/build/icyphy/ptII/ptolemy/actor/lib/test/auto/FileWriter3.xml
----------------- Instantiating /home/travis/build/icyphy/ptII/ptolemy/actor/lib/test/auto/FileWriter3.xml
6 ms. Memory: 1364480K Free: 1146817K (84%)
----------------- Invoking toplevel() on ptolemy.moml.MoMLSimpleApplication@1728866e
----------------- Done invoking toplevel() on ptolemy.moml.MoMLSimpleApplication@1728866e
reloadAllAccessors: .FileWriter3

===========================================================================================
----------------- testing Sun Apr 14 03:59:50 UTC 2019 /home/travis/build/icyphy/ptII/ptolemy/actor/lib/test/auto/Gaussian.xml
----------------- Instantiating /home/travis/build/icyphy/ptII/ptolemy/actor/lib/test/auto/Gaussian.xml
2 ms. Memory: 1364480K Free: 1127411K (83%)
----------------- Invoking toplevel() on ptolemy.moml.MoMLSimpleApplication@7ab1f1d0
----------------- Done invoking toplevel() on ptolemy.moml.MoMLSimpleApplication@7ab1f1d0
reloadAllAccessors: .Gaussian

===========================================================================================
----------------- testing Sun Apr 14 03:59:50 UTC 2019 /home/travis/build/icyphy/ptII/ptolemy/actor/lib/test/auto/Gaussian1.xml
----------------- Instantiating /home/travis/build/icyphy/ptII/ptolemy/actor/lib/test/auto/Gaussian1.xml
2 ms. Memory: 1364480K Free: 1114923K (82%)
----------------- Invoking toplevel() on ptolemy.moml.MoMLSimpleApplication@6d3d91c9
----------------- Done invoking toplevel() on ptolemy.moml.MoMLSimpleApplication@6d3d91c9
reloadAllAccessors: .Gaussian1

===========================================================================================
----------------- testing Sun Apr 14 03:59:50 UTC 2019 /home/travis/build/icyphy/ptII/ptolemy/actor/lib/test/auto/Gaussian2.xml
----------------- Instantiating /home/travis/build/icyphy/ptII/ptolemy/actor/lib/test/auto/Gaussian2.xml
2 ms. Memory: 1364480K Free: 1102435K (81%)
----------------- Invoking toplevel() on ptolemy.moml.MoMLSimpleApplication@2fd44d90
----------------- Done invoking toplevel() on ptolemy.moml.MoMLSimpleApplication@2fd44d90
reloadAllAccessors: .Gaussian2

===========================================================================================
----------------- testing Sun Apr 14 03:59:50 UTC 2019 /home/travis/build/icyphy/ptII/ptolemy/actor/lib/test/auto/GradientAdaptiveLattice.xml
----------------- Instantiating /home/travis/build/icyphy/ptII/ptolemy/actor/lib/test/auto/GradientAdaptiveLattice.xml
3 ms. Memory: 1364480K Free: 1083029K (79%)
----------------- Invoking toplevel() on ptolemy.moml.MoMLSimpleApplication@4ba9bd14
----------------- Done invoking toplevel() on ptolemy.moml.MoMLSimpleApplication@4ba9bd14
reloadAllAccessors: .GradientAdaptiveLattice

===========================================================================================
----------------- testing Sun Apr 14 03:59:50 UTC 2019 /home/travis/build/icyphy/ptII/ptolemy/actor/lib/test/auto/IIR.xml
----------------- Instantiating /home/travis/build/icyphy/ptII/ptolemy/actor/lib/test/auto/IIR.xml
2 ms. Memory: 1364480K Free: 1070541K (78%)
----------------- Invoking toplevel() on ptolemy.moml.MoMLSimpleApplication@74ae6ed1
----------------- Done invoking toplevel() on ptolemy.moml.MoMLSimpleApplication@74ae6ed1
reloadAllAccessors: .IIR

===========================================================================================
----------------- testing Sun Apr 14 03:59:50 UTC 2019 /home/travis/build/icyphy/ptII/ptolemy/actor/lib/test/auto/InputOutputTransparentPorts.xml
----------------- Instantiating /home/travis/build/icyphy/ptII/ptolemy/actor/lib/test/auto/InputOutputTransparentPorts.xml
2 ms. Memory: 1364480K Free: 1058054K (78%)
----------------- Invoking toplevel() on ptolemy.moml.MoMLSimpleApplication@4a870aa1
----------------- Done invoking toplevel() on ptolemy.moml.MoMLSimpleApplication@4a870aa1
reloadAllAccessors: .InputOutputTransparentPorts

===========================================================================================
----------------- testing Sun Apr 14 03:59:50 UTC 2019 /home/travis/build/icyphy/ptII/ptolemy/actor/lib/test/auto/Interpolator.xml
----------------- Instantiating /home/travis/build/icyphy/ptII/ptolemy/actor/lib/test/auto/Interpolator.xml
3 ms. Memory: 1364480K Free: 1038647K (76%)
----------------- Invoking toplevel() on ptolemy.moml.MoMLSimpleApplication@4cb191b
----------------- Done invoking toplevel() on ptolemy.moml.MoMLSimpleApplication@4cb191b
reloadAllAccessors: .Interpolator

===========================================================================================
----------------- testing Sun Apr 14 03:59:50 UTC 2019 /home/travis/build/icyphy/ptII/ptolemy/actor/lib/test/auto/InterpolatorFiringLimitDE.xml
----------------- Instantiating /home/travis/build/icyphy/ptII/ptolemy/actor/lib/test/auto/InterpolatorFiringLimitDE.xml
2 ms. Memory: 1364480K Free: 1026159K (75%)
----------------- Invoking toplevel() on ptolemy.moml.MoMLSimpleApplication@33cb334c
----------------- Done invoking toplevel() on ptolemy.moml.MoMLSimpleApplication@33cb334c
reloadAllAccessors: .InterpolatorFiringLimitDE

===========================================================================================
----------------- testing Sun Apr 14 03:59:50 UTC 2019 /home/travis/build/icyphy/ptII/ptolemy/actor/lib/test/auto/Lattice.xml
----------------- Instantiating /home/travis/build/icyphy/ptII/ptolemy/actor/lib/test/auto/Lattice.xml
1 ms. Memory: 1364480K Free: 1013672K (74%)
----------------- Invoking toplevel() on ptolemy.moml.MoMLSimpleApplication@4a1903d0
----------------- Done invoking toplevel() on ptolemy.moml.MoMLSimpleApplication@4a1903d0
reloadAllAccessors: .Lattice

===========================================================================================
----------------- testing Sun Apr 14 03:59:50 UTC 2019 /home/travis/build/icyphy/ptII/ptolemy/actor/lib/test/auto/LazyAOCTestLazy.xml
----------------- Instantiating /home/travis/build/icyphy/ptII/ptolemy/actor/lib/test/auto/LazyAOCTestLazy.xml
7 ms. Memory: 1364480K Free: 994265K (73%)
----------------- Invoking toplevel() on ptolemy.moml.MoMLSimpleApplication@dc3d8ec
----------------- Done invoking toplevel() on ptolemy.moml.MoMLSimpleApplication@dc3d8ec
reloadAllAccessors: .LazyAOCTestLazy

===========================================================================================
----------------- testing Sun Apr 14 03:59:50 UTC 2019 /home/travis/build/icyphy/ptII/ptolemy/actor/lib/test/auto/LazyAOCTestNonLazy.xml
----------------- Instantiating /home/travis/build/icyphy/ptII/ptolemy/actor/lib/test/auto/LazyAOCTestNonLazy.xml
5 ms. Memory: 1364480K Free: 981778K (72%)
----------------- Invoking toplevel() on ptolemy.moml.MoMLSimpleApplication@2704c529
----------------- Done invoking toplevel() on ptolemy.moml.MoMLSimpleApplication@2704c529
reloadAllAccessors: .LazyAOCTestNonLazy

===========================================================================================
----------------- testing Sun Apr 14 03:59:50 UTC 2019 /home/travis/build/icyphy/ptII/ptolemy/actor/lib/test/auto/LazyInnerClass.xml
----------------- Instantiating /home/travis/build/icyphy/ptII/ptolemy/actor/lib/test/auto/LazyInnerClass.xml
22 ms. Memory: 1364480K Free: 969290K (71%)
----------------- Invoking toplevel() on ptolemy.moml.MoMLSimpleApplication@2d180504
----------------- Done invoking toplevel() on ptolemy.moml.MoMLSimpleApplication@2d180504
reloadAllAccessors: .LazyInnerClass

===========================================================================================
----------------- testing Sun Apr 14 03:59:50 UTC 2019 /home/travis/build/icyphy/ptII/ptolemy/actor/lib/test/auto/LazyPubSub.xml
----------------- Instantiating /home/travis/build/icyphy/ptII/ptolemy/actor/lib/test/auto/LazyPubSub.xml
19 ms. Memory: 1364480K Free: 949883K (70%)
----------------- Invoking toplevel() on ptolemy.moml.MoMLSimpleApplication@12c9307c
----------------- Done invoking toplevel() on ptolemy.moml.MoMLSimpleApplication@12c9307c
reloadAllAccessors: .LazyPubSub

===========================================================================================
----------------- testing Sun Apr 14 03:59:51 UTC 2019 /home/travis/build/icyphy/ptII/ptolemy/actor/lib/test/auto/LazyPubSub2.xml
----------------- Instantiating /home/travis/build/icyphy/ptII/ptolemy/actor/lib/test/auto/LazyPubSub2.xml
19 ms. Memory: 1364480K Free: 937395K (69%)
----------------- Invoking toplevel() on ptolemy.moml.MoMLSimpleApplication@67473fd5
----------------- Done invoking toplevel() on ptolemy.moml.MoMLSimpleApplication@67473fd5
reloadAllAccessors: .LazyPubSub2

===========================================================================================
----------------- testing Sun Apr 14 03:59:51 UTC 2019 /home/travis/build/icyphy/ptII/ptolemy/actor/lib/test/auto/LazyPubSub3.xml
----------------- Instantiating /home/travis/build/icyphy/ptII/ptolemy/actor/lib/test/auto/LazyPubSub3.xml
15 ms. Memory: 1364480K Free: 917989K (67%)
----------------- Invoking toplevel() on ptolemy.moml.MoMLSimpleApplication@533fddb2
----------------- Done invoking toplevel() on ptolemy.moml.MoMLSimpleApplication@533fddb2
reloadAllAccessors: .LazyPubSub3

===========================================================================================
----------------- testing Sun Apr 14 03:59:51 UTC 2019 /home/travis/build/icyphy/ptII/ptolemy/actor/lib/test/auto/LazySubClassModel.xml
----------------- Instantiating /home/travis/build/icyphy/ptII/ptolemy/actor/lib/test/auto/LazySubClassModel.xml
1 ms. Memory: 1364480K Free: 899257K (66%)
----------------- Invoking toplevel() on ptolemy.moml.MoMLSimpleApplication@33fd29cb
----------------- Done invoking toplevel() on ptolemy.moml.MoMLSimpleApplication@33fd29cb
reloadAllAccessors: .LazySubClassModel

===========================================================================================
----------------- testing Sun Apr 14 03:59:51 UTC 2019 /home/travis/build/icyphy/ptII/ptolemy/actor/lib/test/auto/LevelCrossTest1.xml
----------------- Instantiating /home/travis/build/icyphy/ptII/ptolemy/actor/lib/test/auto/LevelCrossTest1.xml
2 ms. Memory: 1364480K Free: 886769K (65%)
----------------- Invoking toplevel() on ptolemy.moml.MoMLSimpleApplication@4417acfd
----------------- Done invoking toplevel() on ptolemy.moml.MoMLSimpleApplication@4417acfd
reloadAllAccessors: .broken

===========================================================================================
----------------- testing Sun Apr 14 03:59:51 UTC 2019 /home/travis/build/icyphy/ptII/ptolemy/actor/lib/test/auto/LevelCrossTest10.xml
----------------- Instantiating /home/travis/build/icyphy/ptII/ptolemy/actor/lib/test/auto/LevelCrossTest10.xml
2 ms. Memory: 1364480K Free: 867363K (64%)
----------------- Invoking toplevel() on ptolemy.moml.MoMLSimpleApplication@5c2302e
----------------- Done invoking toplevel() on ptolemy.moml.MoMLSimpleApplication@5c2302e
reloadAllAccessors: .LevelCrossTest10

===========================================================================================
----------------- testing Sun Apr 14 03:59:51 UTC 2019 /home/travis/build/icyphy/ptII/ptolemy/actor/lib/test/auto/LevelCrossTest11.xml
----------------- Instantiating /home/travis/build/icyphy/ptII/ptolemy/actor/lib/test/auto/LevelCrossTest11.xml
4 ms. Memory: 1364480K Free: 854875K (63%)
----------------- Invoking toplevel() on ptolemy.moml.MoMLSimpleApplication@2eb3a2f5
----------------- Done invoking toplevel() on ptolemy.moml.MoMLSimpleApplication@2eb3a2f5
reloadAllAccessors: .LevelCrossTest11

===========================================================================================
----------------- testing Sun Apr 14 03:59:51 UTC 2019 /home/travis/build/icyphy/ptII/ptolemy/actor/lib/test/auto/LevelCrossTest12.xml
----------------- Instantiating /home/travis/build/icyphy/ptII/ptolemy/actor/lib/test/auto/LevelCrossTest12.xml
1 ms. Memory: 1364480K Free: 842388K (62%)
----------------- Invoking toplevel() on ptolemy.moml.MoMLSimpleApplication@108b078
----------------- Done invoking toplevel() on ptolemy.moml.MoMLSimpleApplication@108b078
reloadAllAccessors: .LevelCrossTest12

===========================================================================================
----------------- testing Sun Apr 14 03:59:51 UTC 2019 /home/travis/build/icyphy/ptII/ptolemy/actor/lib/test/auto/LevelCrossTest13.xml
----------------- Instantiating /home/travis/build/icyphy/ptII/ptolemy/actor/lib/test/auto/LevelCrossTest13.xml
1 ms. Memory: 1364480K Free: 816721K (60%)
----------------- Invoking toplevel() on ptolemy.moml.MoMLSimpleApplication@2537781c
----------------- Done invoking toplevel() on ptolemy.moml.MoMLSimpleApplication@2537781c
reloadAllAccessors: .LevelCrossTest13

===========================================================================================
----------------- testing Sun Apr 14 03:59:51 UTC 2019 /home/travis/build/icyphy/ptII/ptolemy/actor/lib/test/auto/LevelCrossTest2.xml
----------------- Instantiating /home/travis/build/icyphy/ptII/ptolemy/actor/lib/test/auto/LevelCrossTest2.xml
2 ms. Memory: 1364480K Free: 804234K (59%)
----------------- Invoking toplevel() on ptolemy.moml.MoMLSimpleApplication@ee7f7ec
----------------- Done invoking toplevel() on ptolemy.moml.MoMLSimpleApplication@ee7f7ec
reloadAllAccessors: .broken

===========================================================================================
----------------- testing Sun Apr 14 03:59:51 UTC 2019 /home/travis/build/icyphy/ptII/ptolemy/actor/lib/test/auto/LevelCrossTest3.xml
----------------- Instantiating /home/travis/build/icyphy/ptII/ptolemy/actor/lib/test/auto/LevelCrossTest3.xml
2 ms. Memory: 1364480K Free: 791746K (58%)
----------------- Invoking toplevel() on ptolemy.moml.MoMLSimpleApplication@1bad9a14
----------------- Done invoking toplevel() on ptolemy.moml.MoMLSimpleApplication@1bad9a14
reloadAllAccessors: .LevelCrossTest3

===========================================================================================
----------------- testing Sun Apr 14 03:59:51 UTC 2019 /home/travis/build/icyphy/ptII/ptolemy/actor/lib/test/auto/LevelCrossTest4.xml
----------------- Instantiating /home/travis/build/icyphy/ptII/ptolemy/actor/lib/test/auto/LevelCrossTest4.xml
1 ms. Memory: 1364480K Free: 772339K (57%)
----------------- Invoking toplevel() on ptolemy.moml.MoMLSimpleApplication@24441e24
----------------- Done invoking toplevel() on ptolemy.moml.MoMLSimpleApplication@24441e24
reloadAllAccessors: .broken

===========================================================================================
----------------- testing Sun Apr 14 03:59:51 UTC 2019 /home/travis/build/icyphy/ptII/ptolemy/actor/lib/test/auto/LevelCrossTest5.xml
----------------- Instantiating /home/travis/build/icyphy/ptII/ptolemy/actor/lib/test/auto/LevelCrossTest5.xml
1 ms. Memory: 1364480K Free: 759852K (56%)
----------------- Invoking toplevel() on ptolemy.moml.MoMLSimpleApplication@68444731
----------------- Done invoking toplevel() on ptolemy.moml.MoMLSimpleApplication@68444731
reloadAllAccessors: .LevelCrossTest5

===========================================================================================
----------------- testing Sun Apr 14 03:59:51 UTC 2019 /home/travis/build/icyphy/ptII/ptolemy/actor/lib/test/auto/LevelCrossTest6.xml
----------------- Instantiating /home/travis/build/icyphy/ptII/ptolemy/actor/lib/test/auto/LevelCrossTest6.xml
1 ms. Memory: 1364480K Free: 747364K (55%)
----------------- Invoking toplevel() on ptolemy.moml.MoMLSimpleApplication@34444f25
----------------- Done invoking toplevel() on ptolemy.moml.MoMLSimpleApplication@34444f25
reloadAllAccessors: .LevelCrossTest6

===========================================================================================
----------------- testing Sun Apr 14 03:59:51 UTC 2019 /home/travis/build/icyphy/ptII/ptolemy/actor/lib/test/auto/LevelCrossTest7.xml
----------------- Instantiating /home/travis/build/icyphy/ptII/ptolemy/actor/lib/test/auto/LevelCrossTest7.xml
1 ms. Memory: 1364480K Free: 727957K (53%)
----------------- Invoking toplevel() on ptolemy.moml.MoMLSimpleApplication@715b9242
----------------- Done invoking toplevel() on ptolemy.moml.MoMLSimpleApplication@715b9242
reloadAllAccessors: .LevelCrossTest7

===========================================================================================
----------------- testing Sun Apr 14 03:59:51 UTC 2019 /home/travis/build/icyphy/ptII/ptolemy/actor/lib/test/auto/LevelCrossTest8.xml
----------------- Instantiating /home/travis/build/icyphy/ptII/ptolemy/actor/lib/test/auto/LevelCrossTest8.xml
2 ms. Memory: 1364480K Free: 715470K (52%)
----------------- Invoking toplevel() on ptolemy.moml.MoMLSimpleApplication@231b6bb5
----------------- Done invoking toplevel() on ptolemy.moml.MoMLSimpleApplication@231b6bb5
reloadAllAccessors: .LevelCrossTest8

===========================================================================================
----------------- testing Sun Apr 14 03:59:51 UTC 2019 /home/travis/build/icyphy/ptII/ptolemy/actor/lib/test/auto/LevelCrossTest9.xml
----------------- Instantiating /home/travis/build/icyphy/ptII/ptolemy/actor/lib/test/auto/LevelCrossTest9.xml
2 ms. Memory: 1364480K Free: 702982K (52%)
----------------- Invoking toplevel() on ptolemy.moml.MoMLSimpleApplication@4d93763e
----------------- Done invoking toplevel() on ptolemy.moml.MoMLSimpleApplication@4d93763e
reloadAllAccessors: .LevelCrossTest9

===========================================================================================
----------------- testing Sun Apr 14 03:59:51 UTC 2019 /home/travis/build/icyphy/ptII/ptolemy/actor/lib/test/auto/LevinsonDurbin.xml
----------------- Instantiating /home/travis/build/icyphy/ptII/ptolemy/actor/lib/test/auto/LevinsonDurbin.xml
6 ms. Memory: 1364480K Free: 683576K (50%)
----------------- Invoking toplevel() on ptolemy.moml.MoMLSimpleApplication@edea47a
----------------- Done invoking toplevel() on ptolemy.moml.MoMLSimpleApplication@edea47a
reloadAllAccessors: .LevinsonDurbin

===========================================================================================
----------------- testing Sun Apr 14 03:59:51 UTC 2019 /home/travis/build/icyphy/ptII/ptolemy/actor/lib/test/auto/LevinsonDurbin2.xml
----------------- Instantiating /home/travis/build/icyphy/ptII/ptolemy/actor/lib/test/auto/LevinsonDurbin2.xml
3 ms. Memory: 1364480K Free: 671088K (49%)
----------------- Invoking toplevel() on ptolemy.moml.MoMLSimpleApplication@1d3e1a03
----------------- Done invoking toplevel() on ptolemy.moml.MoMLSimpleApplication@1d3e1a03
reloadAllAccessors: .LevinsonDurbin2

===========================================================================================
----------------- testing Sun Apr 14 03:59:51 UTC 2019 /home/travis/build/icyphy/ptII/ptolemy/actor/lib/test/auto/LevinsonDurbin3.xml
----------------- Instantiating /home/travis/build/icyphy/ptII/ptolemy/actor/lib/test/auto/LevinsonDurbin3.xml
2 ms. Memory: 1364480K Free: 658600K (48%)
----------------- Invoking toplevel() on ptolemy.moml.MoMLSimpleApplication@68525167
----------------- Done invoking toplevel() on ptolemy.moml.MoMLSimpleApplication@68525167
reloadAllAccessors: .LevinsonDurbin3

===========================================================================================
----------------- testing Sun Apr 14 03:59:51 UTC 2019 /home/travis/build/icyphy/ptII/ptolemy/actor/lib/test/auto/Limiter.xml
----------------- Instantiating /home/travis/build/icyphy/ptII/ptolemy/actor/lib/test/auto/Limiter.xml
4 ms. Memory: 1364480K Free: 639194K (47%)
----------------- Invoking toplevel() on ptolemy.moml.MoMLSimpleApplication@433f26b0
----------------- Done invoking toplevel() on ptolemy.moml.MoMLSimpleApplication@433f26b0
reloadAllAccessors: .Limiter

===========================================================================================
----------------- testing Sun Apr 14 03:59:51 UTC 2019 /home/travis/build/icyphy/ptII/ptolemy/actor/lib/test/auto/LinearDifferenceEquationSystem.xml
----------------- Instantiating /home/travis/build/icyphy/ptII/ptolemy/actor/lib/test/auto/LinearDifferenceEquationSystem.xml
4 ms. Memory: 1364480K Free: 626706K (46%)
----------------- Invoking toplevel() on ptolemy.moml.MoMLSimpleApplication@27a62929
----------------- Done invoking toplevel() on ptolemy.moml.MoMLSimpleApplication@27a62929
reloadAllAccessors: .LinearDifferenceEquationSystem

===========================================================================================
----------------- testing Sun Apr 14 03:59:51 UTC 2019 /home/travis/build/icyphy/ptII/ptolemy/actor/lib/test/auto/LookupTable.xml
----------------- Instantiating /home/travis/build/icyphy/ptII/ptolemy/actor/lib/test/auto/LookupTable.xml
2 ms. Memory: 1364480K Free: 607300K (45%)
----------------- Invoking toplevel() on ptolemy.moml.MoMLSimpleApplication@5911395a
----------------- Done invoking toplevel() on ptolemy.moml.MoMLSimpleApplication@5911395a
reloadAllAccessors: .LookupTable

===========================================================================================
----------------- testing Sun Apr 14 03:59:51 UTC 2019 /home/travis/build/icyphy/ptII/ptolemy/actor/lib/test/auto/MathFunction.xml
----------------- Instantiating /home/travis/build/icyphy/ptII/ptolemy/actor/lib/test/auto/MathFunction.xml
3 ms. Memory: 1364480K Free: 594812K (44%)
----------------- Invoking toplevel() on ptolemy.moml.MoMLSimpleApplication@48bf5ba5
----------------- Done invoking toplevel() on ptolemy.moml.MoMLSimpleApplication@48bf5ba5
reloadAllAccessors: .MathFunction

===========================================================================================
----------------- testing Sun Apr 14 03:59:51 UTC 2019 /home/travis/build/icyphy/ptII/ptolemy/actor/lib/test/auto/MathFunction2.xml
----------------- Instantiating /home/travis/build/icyphy/ptII/ptolemy/actor/lib/test/auto/MathFunction2.xml
6 ms. Memory: 1364480K Free: 582324K (43%)
----------------- Invoking toplevel() on ptolemy.moml.MoMLSimpleApplication@1a487fcb
----------------- Done invoking toplevel() on ptolemy.moml.MoMLSimpleApplication@1a487fcb
reloadAllAccessors: .MathFunction2

===========================================================================================
----------------- testing Sun Apr 14 03:59:51 UTC 2019 /home/travis/build/icyphy/ptII/ptolemy/actor/lib/test/auto/MathFunction3.xml
----------------- Instantiating /home/travis/build/icyphy/ptII/ptolemy/actor/lib/test/auto/MathFunction3.xml
2 ms. Memory: 1364480K Free: 562918K (41%)
----------------- Invoking toplevel() on ptolemy.moml.MoMLSimpleApplication@6678ef8e
----------------- Done invoking toplevel() on ptolemy.moml.MoMLSimpleApplication@6678ef8e
reloadAllAccessors: .MathFunction3

===========================================================================================
----------------- testing Sun Apr 14 03:59:51 UTC 2019 /home/travis/build/icyphy/ptII/ptolemy/actor/lib/test/auto/MatrixCropBoolean.xml
----------------- Instantiating /home/travis/build/icyphy/ptII/ptolemy/actor/lib/test/auto/MatrixCropBoolean.xml
2 ms. Memory: 1364480K Free: 550430K (40%)
----------------- Invoking toplevel() on ptolemy.moml.MoMLSimpleApplication@3a58b31a
----------------- Done invoking toplevel() on ptolemy.moml.MoMLSimpleApplication@3a58b31a
reloadAllAccessors: .MatrixCropBoolean

===========================================================================================
----------------- testing Sun Apr 14 03:59:51 UTC 2019 /home/travis/build/icyphy/ptII/ptolemy/actor/lib/test/auto/MatrixCropComplex.xml
----------------- Instantiating /home/travis/build/icyphy/ptII/ptolemy/actor/lib/test/auto/MatrixCropComplex.xml
2 ms. Memory: 1364480K Free: 537942K (39%)
----------------- Invoking toplevel() on ptolemy.moml.MoMLSimpleApplication@98488ba
----------------- Done invoking toplevel() on ptolemy.moml.MoMLSimpleApplication@98488ba
reloadAllAccessors: .MatrixCropComplex

===========================================================================================
----------------- testing Sun Apr 14 03:59:51 UTC 2019 /home/travis/build/icyphy/ptII/ptolemy/actor/lib/test/auto/MatrixCropDouble.xml
----------------- Instantiating /home/travis/build/icyphy/ptII/ptolemy/actor/lib/test/auto/MatrixCropDouble.xml
2 ms. Memory: 1364480K Free: 518536K (38%)
----------------- Invoking toplevel() on ptolemy.moml.MoMLSimpleApplication@a5b4a5b
----------------- Done invoking toplevel() on ptolemy.moml.MoMLSimpleApplication@a5b4a5b
reloadAllAccessors: .MatrixCropDouble

===========================================================================================
----------------- testing Sun Apr 14 03:59:51 UTC 2019 /home/travis/build/icyphy/ptII/ptolemy/actor/lib/test/auto/MatrixCropFix.xml
----------------- Instantiating /home/travis/build/icyphy/ptII/ptolemy/actor/lib/test/auto/MatrixCropFix.xml
2 ms. Memory: 1364480K Free: 506048K (37%)
----------------- Invoking toplevel() on ptolemy.moml.MoMLSimpleApplication@4d394031
----------------- Done invoking toplevel() on ptolemy.moml.MoMLSimpleApplication@4d394031
reloadAllAccessors: .MatrixCropFix

===========================================================================================
----------------- testing Sun Apr 14 03:59:51 UTC 2019 /home/travis/build/icyphy/ptII/ptolemy/actor/lib/test/auto/MatrixCropInt.xml
----------------- Instantiating /home/travis/build/icyphy/ptII/ptolemy/actor/lib/test/auto/MatrixCropInt.xml
3 ms. Memory: 1364480K Free: 493561K (36%)
----------------- Invoking toplevel() on ptolemy.moml.MoMLSimpleApplication@201c58be
----------------- Done invoking toplevel() on ptolemy.moml.MoMLSimpleApplication@201c58be
reloadAllAccessors: .MatrixCropInt

===========================================================================================
----------------- testing Sun Apr 14 03:59:51 UTC 2019 /home/travis/build/icyphy/ptII/ptolemy/actor/lib/test/auto/MatrixCropLong.xml
----------------- Instantiating /home/travis/build/icyphy/ptII/ptolemy/actor/lib/test/auto/MatrixCropLong.xml
2 ms. Memory: 1364480K Free: 474154K (35%)
----------------- Invoking toplevel() on ptolemy.moml.MoMLSimpleApplication@5cc3a61e
----------------- Done invoking toplevel() on ptolemy.moml.MoMLSimpleApplication@5cc3a61e
reloadAllAccessors: .MatrixCropLong

===========================================================================================
----------------- testing Sun Apr 14 03:59:51 UTC 2019 /home/travis/build/icyphy/ptII/ptolemy/actor/lib/test/auto/MatrixToArray.xml
----------------- Instantiating /home/travis/build/icyphy/ptII/ptolemy/actor/lib/test/auto/MatrixToArray.xml
11 ms. Memory: 1364480K Free: 449155K (33%)
----------------- Invoking toplevel() on ptolemy.moml.MoMLSimpleApplication@fb8c9
----------------- Done invoking toplevel() on ptolemy.moml.MoMLSimpleApplication@fb8c9
reloadAllAccessors: .MatrixToArray

===========================================================================================
----------------- testing Sun Apr 14 03:59:51 UTC 2019 /home/travis/build/icyphy/ptII/ptolemy/actor/lib/test/auto/MaxIndex.xml
----------------- Instantiating /home/travis/build/icyphy/ptII/ptolemy/actor/lib/test/auto/MaxIndex.xml
2 ms. Memory: 1364480K Free: 436667K (32%)
----------------- Invoking toplevel() on ptolemy.moml.MoMLSimpleApplication@15931acf
----------------- Done invoking toplevel() on ptolemy.moml.MoMLSimpleApplication@15931acf
reloadAllAccessors: .MaxIndex

===========================================================================================
----------------- testing Sun Apr 14 03:59:51 UTC 2019 /home/travis/build/icyphy/ptII/ptolemy/actor/lib/test/auto/Maximum.xml
----------------- Instantiating /home/travis/build/icyphy/ptII/ptolemy/actor/lib/test/auto/Maximum.xml
7 ms. Memory: 1364480K Free: 417261K (31%)
----------------- Invoking toplevel() on ptolemy.moml.MoMLSimpleApplication@1d3476c9
----------------- Done invoking toplevel() on ptolemy.moml.MoMLSimpleApplication@1d3476c9
reloadAllAccessors: .Maximum

===========================================================================================
----------------- testing Sun Apr 14 03:59:51 UTC 2019 /home/travis/build/icyphy/ptII/ptolemy/actor/lib/test/auto/MaximumComplex.xml
----------------- Instantiating /home/travis/build/icyphy/ptII/ptolemy/actor/lib/test/auto/MaximumComplex.xml
5 ms. Memory: 1364480K Free: 404773K (30%)
----------------- Invoking toplevel() on ptolemy.moml.MoMLSimpleApplication@621796dc
----------------- Done invoking toplevel() on ptolemy.moml.MoMLSimpleApplication@621796dc
reloadAllAccessors: .MaximumComplex

===========================================================================================
----------------- testing Sun Apr 14 03:59:51 UTC 2019 /home/travis/build/icyphy/ptII/ptolemy/actor/lib/test/auto/MethodCallTest.xml
----------------- Instantiating /home/travis/build/icyphy/ptII/ptolemy/actor/lib/test/auto/MethodCallTest.xml
2 ms. Memory: 1364480K Free: 392285K (29%)
----------------- Invoking toplevel() on ptolemy.moml.MoMLSimpleApplication@3ff7bb93
----------------- Done invoking toplevel() on ptolemy.moml.MoMLSimpleApplication@3ff7bb93
reloadAllAccessors: .MethodCallTest

===========================================================================================
----------------- testing Sun Apr 14 03:59:51 UTC 2019 /home/travis/build/icyphy/ptII/ptolemy/actor/lib/test/auto/Minimum.xml
----------------- Instantiating /home/travis/build/icyphy/ptII/ptolemy/actor/lib/test/auto/Minimum.xml
2 ms. Memory: 1364480K Free: 372879K (27%)
----------------- Invoking toplevel() on ptolemy.moml.MoMLSimpleApplication@55b3585
----------------- Done invoking toplevel() on ptolemy.moml.MoMLSimpleApplication@55b3585
reloadAllAccessors: .Minimum

===========================================================================================
----------------- testing Sun Apr 14 03:59:51 UTC 2019 /home/travis/build/icyphy/ptII/ptolemy/actor/lib/test/auto/MinimumComplex.xml
----------------- Instantiating /home/travis/build/icyphy/ptII/ptolemy/actor/lib/test/auto/MinimumComplex.xml
3 ms. Memory: 1364480K Free: 360392K (26%)
----------------- Invoking toplevel() on ptolemy.moml.MoMLSimpleApplication@7b91c1a7
----------------- Done invoking toplevel() on ptolemy.moml.MoMLSimpleApplication@7b91c1a7
reloadAllAccessors: .MinimumComplex

===========================================================================================
----------------- testing Sun Apr 14 03:59:51 UTC 2019 /home/travis/build/icyphy/ptII/ptolemy/actor/lib/test/auto/MinimumMultiports.xml
----------------- Instantiating /home/travis/build/icyphy/ptII/ptolemy/actor/lib/test/auto/MinimumMultiports.xml
4 ms. Memory: 1364480K Free: 340985K (25%)
----------------- Invoking toplevel() on ptolemy.moml.MoMLSimpleApplication@58c36574
----------------- Done invoking toplevel() on ptolemy.moml.MoMLSimpleApplication@58c36574
reloadAllAccessors: .MinimumMultiports

===========================================================================================
----------------- testing Sun Apr 14 03:59:51 UTC 2019 /home/travis/build/icyphy/ptII/ptolemy/actor/lib/test/auto/ModifyDate.xml
----------------- Instantiating /home/travis/build/icyphy/ptII/ptolemy/actor/lib/test/auto/ModifyDate.xml
6 ms. Memory: 1364480K Free: 322246K (24%)
----------------- Invoking toplevel() on ptolemy.moml.MoMLSimpleApplication@330d8ea0
----------------- Done invoking toplevel() on ptolemy.moml.MoMLSimpleApplication@330d8ea0
reloadAllAccessors: .ModifyDate

===========================================================================================
----------------- testing Sun Apr 14 03:59:52 UTC 2019 /home/travis/build/icyphy/ptII/ptolemy/actor/lib/test/auto/ModifyDate2.xml
----------------- Instantiating /home/travis/build/icyphy/ptII/ptolemy/actor/lib/test/auto/ModifyDate2.xml
5 ms. Memory: 1364480K Free: 303498K (22%)
----------------- Invoking toplevel() on ptolemy.moml.MoMLSimpleApplication@5dc9ce1d
----------------- Done invoking toplevel() on ptolemy.moml.MoMLSimpleApplication@5dc9ce1d
reloadAllAccessors: .ModifyDate2

===========================================================================================
----------------- testing Sun Apr 14 03:59:52 UTC 2019 /home/travis/build/icyphy/ptII/ptolemy/actor/lib/test/auto/MovingAverage.xml
----------------- Instantiating /home/travis/build/icyphy/ptII/ptolemy/actor/lib/test/auto/MovingAverage.xml
3 ms. Memory: 1364480K Free: 284092K (21%)
----------------- Invoking toplevel() on ptolemy.moml.MoMLSimpleApplication@2f46a6c6
----------------- Done invoking toplevel() on ptolemy.moml.MoMLSimpleApplication@2f46a6c6
reloadAllAccessors: .MovingAverage

===========================================================================================
----------------- testing Sun Apr 14 03:59:52 UTC 2019 /home/travis/build/icyphy/ptII/ptolemy/actor/lib/test/auto/MovingMaximum.xml
----------------- Instantiating /home/travis/build/icyphy/ptII/ptolemy/actor/lib/test/auto/MovingMaximum.xml
2 ms. Memory: 1364480K Free: 271604K (20%)
----------------- Invoking toplevel() on ptolemy.moml.MoMLSimpleApplication@29c63a95
----------------- Done invoking toplevel() on ptolemy.moml.MoMLSimpleApplication@29c63a95
reloadAllAccessors: .MovingMaximum

===========================================================================================
----------------- testing Sun Apr 14 03:59:52 UTC 2019 /home/travis/build/icyphy/ptII/ptolemy/actor/lib/test/auto/MultipleLinksToSameRelation.xml
----------------- Instantiating /home/travis/build/icyphy/ptII/ptolemy/actor/lib/test/auto/MultipleLinksToSameRelation.xml
6 ms. Memory: 1364480K Free: 259117K (19%)
----------------- Invoking toplevel() on ptolemy.moml.MoMLSimpleApplication@9bc423b
----------------- Done invoking toplevel() on ptolemy.moml.MoMLSimpleApplication@9bc423b
reloadAllAccessors: .MultipleLinksToSameRelation

===========================================================================================
----------------- testing Sun Apr 14 03:59:52 UTC 2019 /home/travis/build/icyphy/ptII/ptolemy/actor/lib/test/auto/MultipleLinksToSameRelationDE.xml
----------------- Instantiating /home/travis/build/icyphy/ptII/ptolemy/actor/lib/test/auto/MultipleLinksToSameRelationDE.xml
2 ms. Memory: 1364480K Free: 239710K (18%)
----------------- Invoking toplevel() on ptolemy.moml.MoMLSimpleApplication@7a295fd4
----------------- Done invoking toplevel() on ptolemy.moml.MoMLSimpleApplication@7a295fd4
reloadAllAccessors: .MultipleLinksToSameRelationDE

===========================================================================================
----------------- testing Sun Apr 14 03:59:52 UTC 2019 /home/travis/build/icyphy/ptII/ptolemy/actor/lib/test/auto/Multiplexor.xml
----------------- Instantiating /home/travis/build/icyphy/ptII/ptolemy/actor/lib/test/auto/Multiplexor.xml
2 ms. Memory: 1364480K Free: 227223K (17%)
----------------- Invoking toplevel() on ptolemy.moml.MoMLSimpleApplication@6f5b40de
----------------- Done invoking toplevel() on ptolemy.moml.MoMLSimpleApplication@6f5b40de
reloadAllAccessors: .Multiplexor

===========================================================================================
----------------- testing Sun Apr 14 03:59:52 UTC 2019 /home/travis/build/icyphy/ptII/ptolemy/actor/lib/test/auto/Multiplexor1.xml
----------------- Instantiating /home/travis/build/icyphy/ptII/ptolemy/actor/lib/test/auto/Multiplexor1.xml
2 ms. Memory: 1364480K Free: 214735K (16%)
----------------- Invoking toplevel() on ptolemy.moml.MoMLSimpleApplication@7e4a5b31
----------------- Done invoking toplevel() on ptolemy.moml.MoMLSimpleApplication@7e4a5b31
reloadAllAccessors: .Multiplexor1

===========================================================================================
----------------- testing Sun Apr 14 03:59:52 UTC 2019 /home/travis/build/icyphy/ptII/ptolemy/actor/lib/test/auto/Multiplexor2.xml
----------------- Instantiating /home/travis/build/icyphy/ptII/ptolemy/actor/lib/test/auto/Multiplexor2.xml
3 ms. Memory: 1364480K Free: 195328K (14%)
----------------- Invoking toplevel() on ptolemy.moml.MoMLSimpleApplication@3b11dd02
----------------- Done invoking toplevel() on ptolemy.moml.MoMLSimpleApplication@3b11dd02
reloadAllAccessors: .Multiplexor2

===========================================================================================
----------------- testing Sun Apr 14 03:59:52 UTC 2019 /home/travis/build/icyphy/ptII/ptolemy/actor/lib/test/auto/Multiplexor3.xml
----------------- Instantiating /home/travis/build/icyphy/ptII/ptolemy/actor/lib/test/auto/Multiplexor3.xml
3 ms. Memory: 1364480K Free: 182841K (13%)
----------------- Invoking toplevel() on ptolemy.moml.MoMLSimpleApplication@3dcfde90
----------------- Done invoking toplevel() on ptolemy.moml.MoMLSimpleApplication@3dcfde90
reloadAllAccessors: .Multiplexor3

===========================================================================================
----------------- testing Sun Apr 14 03:59:52 UTC 2019 /home/travis/build/icyphy/ptII/ptolemy/actor/lib/test/auto/MultiplexorDE.xml
----------------- Instantiating /home/travis/build/icyphy/ptII/ptolemy/actor/lib/test/auto/MultiplexorDE.xml
4 ms. Memory: 1364480K Free: 170353K (12%)
----------------- Invoking toplevel() on ptolemy.moml.MoMLSimpleApplication@6dbed9cb
----------------- Done invoking toplevel() on ptolemy.moml.MoMLSimpleApplication@6dbed9cb
reloadAllAccessors: .MultiplexorDE

===========================================================================================
----------------- testing Sun Apr 14 03:59:52 UTC 2019 /home/travis/build/icyphy/ptII/ptolemy/actor/lib/test/auto/MultiportBroadcastTest.xml
----------------- Instantiating /home/travis/build/icyphy/ptII/ptolemy/actor/lib/test/auto/MultiportBroadcastTest.xml
103 ms. Memory: 1364480K Free: 150947K (11%)
----------------- Invoking toplevel() on ptolemy.moml.MoMLSimpleApplication@2bc2785e
----------------- Done invoking toplevel() on ptolemy.moml.MoMLSimpleApplication@2bc2785e
reloadAllAccessors: .MultiportBroadcastTest

===========================================================================================
----------------- testing Sun Apr 14 03:59:52 UTC 2019 /home/travis/build/icyphy/ptII/ptolemy/actor/lib/test/auto/MultiportOutHangDuringGetWidth.xml
----------------- Instantiating /home/travis/build/icyphy/ptII/ptolemy/actor/lib/test/auto/MultiportOutHangDuringGetWidth.xml
7 ms. Memory: 1364480K Free: 132215K (10%)
----------------- Invoking toplevel() on ptolemy.moml.MoMLSimpleApplication@10e30c6a
----------------- Done invoking toplevel() on ptolemy.moml.MoMLSimpleApplication@10e30c6a
reloadAllAccessors: .MultiportOutHangDuringGetWidth

===========================================================================================
----------------- testing Sun Apr 14 03:59:52 UTC 2019 /home/travis/build/icyphy/ptII/ptolemy/actor/lib/test/auto/NilToken.xml
----------------- Instantiating /home/travis/build/icyphy/ptII/ptolemy/actor/lib/test/auto/NilToken.xml
1 ms. Memory: 1364480K Free: 112809K (8%)
----------------- Invoking toplevel() on ptolemy.moml.MoMLSimpleApplication@45341fce
----------------- Done invoking toplevel() on ptolemy.moml.MoMLSimpleApplication@45341fce
reloadAllAccessors: .NilToken

===========================================================================================
----------------- testing Sun Apr 14 03:59:52 UTC 2019 /home/travis/build/icyphy/ptII/ptolemy/actor/lib/test/auto/NilTokenNonStrictTest.xml
----------------- Instantiating /home/travis/build/icyphy/ptII/ptolemy/actor/lib/test/auto/NilTokenNonStrictTest.xml
1 ms. Memory: 1364480K Free: 100321K (7%)
----------------- Invoking toplevel() on ptolemy.moml.MoMLSimpleApplication@76bc823b
----------------- Done invoking toplevel() on ptolemy.moml.MoMLSimpleApplication@76bc823b
reloadAllAccessors: .NilTokenNonStrictTest

===========================================================================================
----------------- testing Sun Apr 14 03:59:52 UTC 2019 /home/travis/build/icyphy/ptII/ptolemy/actor/lib/test/auto/NilTokenRecord.xml
----------------- Instantiating /home/travis/build/icyphy/ptII/ptolemy/actor/lib/test/auto/NilTokenRecord.xml
9 ms. Memory: 1364480K Free: 87833K (6%)
----------------- Invoking toplevel() on ptolemy.moml.MoMLSimpleApplication@364f7716
----------------- Done invoking toplevel() on ptolemy.moml.MoMLSimpleApplication@364f7716
reloadAllAccessors: .NilTokenRecord

===========================================================================================
----------------- testing Sun Apr 14 03:59:52 UTC 2019 /home/travis/build/icyphy/ptII/ptolemy/actor/lib/test/auto/NilTokenTypeTest.xml
----------------- Instantiating /home/travis/build/icyphy/ptII/ptolemy/actor/lib/test/auto/NilTokenTypeTest.xml
8 ms. Memory: 1585152K Free: 1531409K (97%)
----------------- Invoking toplevel() on ptolemy.moml.MoMLSimpleApplication@687b68c8
----------------- Done invoking toplevel() on ptolemy.moml.MoMLSimpleApplication@687b68c8
reloadAllAccessors: .NilTokenTypeTest

===========================================================================================
----------------- testing Sun Apr 14 03:59:52 UTC 2019 /home/travis/build/icyphy/ptII/ptolemy/actor/lib/test/auto/ObjectToken1.xml
----------------- Instantiating /home/travis/build/icyphy/ptII/ptolemy/actor/lib/test/auto/ObjectToken1.xml
2 ms. Memory: 1585152K Free: 1509501K (95%)
----------------- Invoking toplevel() on ptolemy.moml.MoMLSimpleApplication@6714d695
----------------- Done invoking toplevel() on ptolemy.moml.MoMLSimpleApplication@6714d695
reloadAllAccessors: .ObjectToken1

===========================================================================================
----------------- testing Sun Apr 14 03:59:52 UTC 2019 /home/travis/build/icyphy/ptII/ptolemy/actor/lib/test/auto/OrderedMerge.xml
----------------- Instantiating /home/travis/build/icyphy/ptII/ptolemy/actor/lib/test/auto/OrderedMerge.xml
9 ms. Memory: 1585152K Free: 1464911K (92%)
----------------- Invoking toplevel() on ptolemy.moml.MoMLSimpleApplication@19664212
----------------- Done invoking toplevel() on ptolemy.moml.MoMLSimpleApplication@19664212
reloadAllAccessors: .OrderedMerge

===========================================================================================
----------------- testing Sun Apr 14 03:59:52 UTC 2019 /home/travis/build/icyphy/ptII/ptolemy/actor/lib/test/auto/OrderedRecordDisassembler.xml
----------------- Instantiating /home/travis/build/icyphy/ptII/ptolemy/actor/lib/test/auto/OrderedRecordDisassembler.xml
4 ms. Memory: 1585152K Free: 1443002K (91%)
----------------- Invoking toplevel() on ptolemy.moml.MoMLSimpleApplication@31eb25ff
----------------- Done invoking toplevel() on ptolemy.moml.MoMLSimpleApplication@31eb25ff
reloadAllAccessors: .OrderedRecordDisassembler

===========================================================================================
----------------- testing Sun Apr 14 03:59:52 UTC 2019 /home/travis/build/icyphy/ptII/ptolemy/actor/lib/test/auto/OrderedRecordDisassembler2.xml
----------------- Instantiating /home/travis/build/icyphy/ptII/ptolemy/actor/lib/test/auto/OrderedRecordDisassembler2.xml
4 ms. Memory: 1585152K Free: 1428139K (90%)
----------------- Invoking toplevel() on ptolemy.moml.MoMLSimpleApplication@6a0081f
----------------- Done invoking toplevel() on ptolemy.moml.MoMLSimpleApplication@6a0081f
reloadAllAccessors: .OrderedRecordDisassembler2

===========================================================================================
----------------- testing Sun Apr 14 03:59:52 UTC 2019 /home/travis/build/icyphy/ptII/ptolemy/actor/lib/test/auto/OrderedRecordUpdater.xml
----------------- Instantiating /home/travis/build/icyphy/ptII/ptolemy/actor/lib/test/auto/OrderedRecordUpdater.xml
2 ms. Memory: 1585152K Free: 1413145K (89%)
----------------- Invoking toplevel() on ptolemy.moml.MoMLSimpleApplication@7c6c4471
----------------- Done invoking toplevel() on ptolemy.moml.MoMLSimpleApplication@7c6c4471
reloadAllAccessors: .RecordUpdater

===========================================================================================
----------------- testing Sun Apr 14 03:59:52 UTC 2019 /home/travis/build/icyphy/ptII/ptolemy/actor/lib/test/auto/OrderedRecordUpdater2.xml
----------------- Instantiating /home/travis/build/icyphy/ptII/ptolemy/actor/lib/test/auto/OrderedRecordUpdater2.xml
2 ms. Memory: 1585152K Free: 1391237K (88%)
----------------- Invoking toplevel() on ptolemy.moml.MoMLSimpleApplication@1491b115
----------------- Done invoking toplevel() on ptolemy.moml.MoMLSimpleApplication@1491b115
reloadAllAccessors: .RecordUpdater2

===========================================================================================
----------------- testing Sun Apr 14 03:59:52 UTC 2019 /home/travis/build/icyphy/ptII/ptolemy/actor/lib/test/auto/PhaseUnwrap.xml
----------------- Instantiating /home/travis/build/icyphy/ptII/ptolemy/actor/lib/test/auto/PhaseUnwrap.xml
2 ms. Memory: 1585152K Free: 1376373K (87%)
----------------- Invoking toplevel() on ptolemy.moml.MoMLSimpleApplication@2489f97c
----------------- Done invoking toplevel() on ptolemy.moml.MoMLSimpleApplication@2489f97c
reloadAllAccessors: .PhaseUnwrap

===========================================================================================
----------------- testing Sun Apr 14 03:59:52 UTC 2019 /home/travis/build/icyphy/ptII/ptolemy/actor/lib/test/auto/PoissonClock.xml
----------------- Instantiating /home/travis/build/icyphy/ptII/ptolemy/actor/lib/test/auto/PoissonClock.xml
2 ms. Memory: 1585152K Free: 1361510K (86%)
----------------- Invoking toplevel() on ptolemy.moml.MoMLSimpleApplication@774f0c2c
----------------- Done invoking toplevel() on ptolemy.moml.MoMLSimpleApplication@774f0c2c
reloadAllAccessors: .PoissonClock

===========================================================================================
----------------- testing Sun Apr 14 03:59:52 UTC 2019 /home/travis/build/icyphy/ptII/ptolemy/actor/lib/test/auto/PoissonClock2.xml
----------------- Instantiating /home/travis/build/icyphy/ptII/ptolemy/actor/lib/test/auto/PoissonClock2.xml
2 ms. Memory: 1585152K Free: 1339601K (85%)
----------------- Invoking toplevel() on ptolemy.moml.MoMLSimpleApplication@52eef1c
----------------- Done invoking toplevel() on ptolemy.moml.MoMLSimpleApplication@52eef1c
reloadAllAccessors: .PoissonClock2

===========================================================================================
----------------- testing Sun Apr 14 03:59:52 UTC 2019 /home/travis/build/icyphy/ptII/ptolemy/actor/lib/test/auto/PoissonClock3.xml
----------------- Instantiating /home/travis/build/icyphy/ptII/ptolemy/actor/lib/test/auto/PoissonClock3.xml
2 ms. Memory: 1585152K Free: 1324738K (84%)
----------------- Invoking toplevel() on ptolemy.moml.MoMLSimpleApplication@d4ff4b3
----------------- Done invoking toplevel() on ptolemy.moml.MoMLSimpleApplication@d4ff4b3
reloadAllAccessors: .PoissonClock3

===========================================================================================
----------------- testing Sun Apr 14 03:59:52 UTC 2019 /home/travis/build/icyphy/ptII/ptolemy/actor/lib/test/auto/PubSubWithInitialTokens.xml
----------------- Instantiating /home/travis/build/icyphy/ptII/ptolemy/actor/lib/test/auto/PubSubWithInitialTokens.xml
2 ms. Memory: 1585152K Free: 1309875K (83%)
----------------- Invoking toplevel() on ptolemy.moml.MoMLSimpleApplication@3bd67c74
----------------- Done invoking toplevel() on ptolemy.moml.MoMLSimpleApplication@3bd67c74
reloadAllAccessors: .PubSubWithInitialTokens

===========================================================================================
----------------- testing Sun Apr 14 03:59:52 UTC 2019 /home/travis/build/icyphy/ptII/ptolemy/actor/lib/test/auto/PubSubWithInitialTokens2.xml
----------------- Instantiating /home/travis/build/icyphy/ptII/ptolemy/actor/lib/test/auto/PubSubWithInitialTokens2.xml
2 ms. Memory: 1585152K Free: 1287966K (81%)
----------------- Invoking toplevel() on ptolemy.moml.MoMLSimpleApplication@76700eb2
----------------- Done invoking toplevel() on ptolemy.moml.MoMLSimpleApplication@76700eb2
reloadAllAccessors: .PubSubWithInitialTokens2

===========================================================================================
----------------- testing Sun Apr 14 03:59:52 UTC 2019 /home/travis/build/icyphy/ptII/ptolemy/actor/lib/test/auto/PublisherClassNoParameter.xml
----------------- Instantiating /home/travis/build/icyphy/ptII/ptolemy/actor/lib/test/auto/PublisherClassNoParameter.xml
2 ms. Memory: 1585152K Free: 1265655K (80%)
----------------- Invoking toplevel() on ptolemy.moml.MoMLSimpleApplication@64d28445
----------------- Done invoking toplevel() on ptolemy.moml.MoMLSimpleApplication@64d28445
reloadAllAccessors: .PublisherClassNoParameter

===========================================================================================
----------------- testing Sun Apr 14 03:59:52 UTC 2019 /home/travis/build/icyphy/ptII/ptolemy/actor/lib/test/auto/PublisherClassParameter.xml
----------------- Instantiating /home/travis/build/icyphy/ptII/ptolemy/actor/lib/test/auto/PublisherClassParameter.xml
2 ms. Memory: 1585152K Free: 1243344K (78%)
----------------- Invoking toplevel() on ptolemy.moml.MoMLSimpleApplication@6b588951
----------------- Done invoking toplevel() on ptolemy.moml.MoMLSimpleApplication@6b588951
reloadAllAccessors: .PublisherClassParameter

===========================================================================================
----------------- testing Sun Apr 14 03:59:52 UTC 2019 /home/travis/build/icyphy/ptII/ptolemy/actor/lib/test/auto/PublisherNonStrictTest.xml
----------------- Instantiating /home/travis/build/icyphy/ptII/ptolemy/actor/lib/test/auto/PublisherNonStrictTest.xml
2 ms. Memory: 1585152K Free: 1221435K (77%)
----------------- Invoking toplevel() on ptolemy.moml.MoMLSimpleApplication@70f7e1be
----------------- Done invoking toplevel() on ptolemy.moml.MoMLSimpleApplication@70f7e1be
reloadAllAccessors: .PublisherNonStrictTest

===========================================================================================
----------------- testing Sun Apr 14 03:59:52 UTC 2019 /home/travis/build/icyphy/ptII/ptolemy/actor/lib/test/auto/PublisherPort1.xml
----------------- Instantiating /home/travis/build/icyphy/ptII/ptolemy/actor/lib/test/auto/PublisherPort1.xml
2 ms. Memory: 1585152K Free: 1206572K (76%)
----------------- Invoking toplevel() on ptolemy.moml.MoMLSimpleApplication@48c4ae54
----------------- Done invoking toplevel() on ptolemy.moml.MoMLSimpleApplication@48c4ae54
reloadAllAccessors: .PublisherPort1

===========================================================================================
----------------- testing Sun Apr 14 03:59:52 UTC 2019 /home/travis/build/icyphy/ptII/ptolemy/actor/lib/test/auto/PublisherPort2.xml
----------------- Instantiating /home/travis/build/icyphy/ptII/ptolemy/actor/lib/test/auto/PublisherPort2.xml
1 ms. Memory: 1585152K Free: 1184664K (75%)
----------------- Invoking toplevel() on ptolemy.moml.MoMLSimpleApplication@60e7330b
----------------- Done invoking toplevel() on ptolemy.moml.MoMLSimpleApplication@60e7330b
reloadAllAccessors: .PublisherPort2

===========================================================================================
----------------- testing Sun Apr 14 03:59:52 UTC 2019 /home/travis/build/icyphy/ptII/ptolemy/actor/lib/test/auto/PublisherPort3.xml
----------------- Instantiating /home/travis/build/icyphy/ptII/ptolemy/actor/lib/test/auto/PublisherPort3.xml
3 ms. Memory: 1585152K Free: 1169800K (74%)
----------------- Invoking toplevel() on ptolemy.moml.MoMLSimpleApplication@6c2edf7
----------------- Done invoking toplevel() on ptolemy.moml.MoMLSimpleApplication@6c2edf7
reloadAllAccessors: .PublisherPort3

===========================================================================================
----------------- testing Sun Apr 14 03:59:52 UTC 2019 /home/travis/build/icyphy/ptII/ptolemy/actor/lib/test/auto/PublisherPort4.xml
----------------- Instantiating /home/travis/build/icyphy/ptII/ptolemy/actor/lib/test/auto/PublisherPort4.xml
3 ms. Memory: 1585152K Free: 1154937K (73%)
----------------- Invoking toplevel() on ptolemy.moml.MoMLSimpleApplication@3abdd393
----------------- Done invoking toplevel() on ptolemy.moml.MoMLSimpleApplication@3abdd393
reloadAllAccessors: .PublisherPort4

===========================================================================================
----------------- testing Sun Apr 14 03:59:52 UTC 2019 /home/travis/build/icyphy/ptII/ptolemy/actor/lib/test/auto/PublisherPort5.xml
----------------- Instantiating /home/travis/build/icyphy/ptII/ptolemy/actor/lib/test/auto/PublisherPort5.xml
4 ms. Memory: 1585152K Free: 1133028K (71%)
----------------- Invoking toplevel() on ptolemy.moml.MoMLSimpleApplication@44ad2757
----------------- Done invoking toplevel() on ptolemy.moml.MoMLSimpleApplication@44ad2757
reloadAllAccessors: .PublisherPort5

===========================================================================================
----------------- testing Sun Apr 14 03:59:52 UTC 2019 /home/travis/build/icyphy/ptII/ptolemy/actor/lib/test/auto/PublisherPort5LookAlike.xml
----------------- Instantiating /home/travis/build/icyphy/ptII/ptolemy/actor/lib/test/auto/PublisherPort5LookAlike.xml
3 ms. Memory: 1585152K Free: 1118165K (71%)
----------------- Invoking toplevel() on ptolemy.moml.MoMLSimpleApplication@52c3a3f6
----------------- Done invoking toplevel() on ptolemy.moml.MoMLSimpleApplication@52c3a3f6
reloadAllAccessors: .PublisherPort5LookAlike

===========================================================================================
----------------- testing Sun Apr 14 03:59:52 UTC 2019 /home/travis/build/icyphy/ptII/ptolemy/actor/lib/test/auto/PublisherPort6.xml
----------------- Instantiating /home/travis/build/icyphy/ptII/ptolemy/actor/lib/test/auto/PublisherPort6.xml
2 ms. Memory: 1585152K Free: 1103301K (70%)
----------------- Invoking toplevel() on ptolemy.moml.MoMLSimpleApplication@22f48b9d
----------------- Done invoking toplevel() on ptolemy.moml.MoMLSimpleApplication@22f48b9d
reloadAllAccessors: .PublisherPort6

===========================================================================================
----------------- testing Sun Apr 14 03:59:52 UTC 2019 /home/travis/build/icyphy/ptII/ptolemy/actor/lib/test/auto/PublisherPort7.xml
----------------- Instantiating /home/travis/build/icyphy/ptII/ptolemy/actor/lib/test/auto/PublisherPort7.xml
3 ms. Memory: 1585152K Free: 1081392K (68%)
----------------- Invoking toplevel() on ptolemy.moml.MoMLSimpleApplication@5064f16a
----------------- Done invoking toplevel() on ptolemy.moml.MoMLSimpleApplication@5064f16a
reloadAllAccessors: .PublisherPort7

===========================================================================================
----------------- testing Sun Apr 14 03:59:53 UTC 2019 /home/travis/build/icyphy/ptII/ptolemy/actor/lib/test/auto/PublisherPort8.xml
----------------- Instantiating /home/travis/build/icyphy/ptII/ptolemy/actor/lib/test/auto/PublisherPort8.xml
5 ms. Memory: 1585152K Free: 1066529K (67%)
----------------- Invoking toplevel() on ptolemy.moml.MoMLSimpleApplication@2484e90c
----------------- Done invoking toplevel() on ptolemy.moml.MoMLSimpleApplication@2484e90c
reloadAllAccessors: .PublisherPort8

===========================================================================================
----------------- testing Sun Apr 14 03:59:53 UTC 2019 /home/travis/build/icyphy/ptII/ptolemy/actor/lib/test/auto/PublisherPortSubscriberChannelVariablesAOC2.xml
----------------- Instantiating /home/travis/build/icyphy/ptII/ptolemy/actor/lib/test/auto/PublisherPortSubscriberChannelVariablesAOC2.xml
3 ms. Memory: 1585152K Free: 1036786K (65%)
----------------- Invoking toplevel() on ptolemy.moml.MoMLSimpleApplication@326ca63e
----------------- Done invoking toplevel() on ptolemy.moml.MoMLSimpleApplication@326ca63e
reloadAllAccessors: .PublisherPortSubscriberChannelVariablesAOC2

===========================================================================================
----------------- testing Sun Apr 14 03:59:53 UTC 2019 /home/travis/build/icyphy/ptII/ptolemy/actor/lib/test/auto/PublisherPortSubscriberOpaqueWidthInference.xml
----------------- Instantiating /home/travis/build/icyphy/ptII/ptolemy/actor/lib/test/auto/PublisherPortSubscriberOpaqueWidthInference.xml
4 ms. Memory: 1585152K Free: 1014878K (64%)
----------------- Invoking toplevel() on ptolemy.moml.MoMLSimpleApplication@585600d3
----------------- Done invoking toplevel() on ptolemy.moml.MoMLSimpleApplication@585600d3
reloadAllAccessors: .PublisherPortSubscriberOpaqueWidthInference

===========================================================================================
----------------- testing Sun Apr 14 03:59:53 UTC 2019 /home/travis/build/icyphy/ptII/ptolemy/actor/lib/test/auto/PublisherPortSubscriberPortAdjacent.xml
----------------- Instantiating /home/travis/build/icyphy/ptII/ptolemy/actor/lib/test/auto/PublisherPortSubscriberPortAdjacent.xml
2 ms. Memory: 1585152K Free: 1000014K (63%)
----------------- Invoking toplevel() on ptolemy.moml.MoMLSimpleApplication@45714a4b
----------------- Done invoking toplevel() on ptolemy.moml.MoMLSimpleApplication@45714a4b
reloadAllAccessors: .PublisherPortSubscriberPortAdjacent

===========================================================================================
----------------- testing Sun Apr 14 03:59:53 UTC 2019 /home/travis/build/icyphy/ptII/ptolemy/actor/lib/test/auto/PublisherPortSubscriberPortExpression.xml
----------------- Instantiating /home/travis/build/icyphy/ptII/ptolemy/actor/lib/test/auto/PublisherPortSubscriberPortExpression.xml
3 ms. Memory: 1585152K Free: 985151K (62%)
----------------- Invoking toplevel() on ptolemy.moml.MoMLSimpleApplication@3b7eeefc
----------------- Done invoking toplevel() on ptolemy.moml.MoMLSimpleApplication@3b7eeefc
reloadAllAccessors: .PublisherPortSubscriberPortExpression

===========================================================================================
----------------- testing Sun Apr 14 03:59:53 UTC 2019 /home/travis/build/icyphy/ptII/ptolemy/actor/lib/test/auto/PublisherPortSubscriberPortOpaqueD3Reverse.xml
----------------- Instantiating /home/travis/build/icyphy/ptII/ptolemy/actor/lib/test/auto/PublisherPortSubscriberPortOpaqueD3Reverse.xml
5 ms. Memory: 1585152K Free: 963242K (61%)
----------------- Invoking toplevel() on ptolemy.moml.MoMLSimpleApplication@2a7bf795
----------------- Done invoking toplevel() on ptolemy.moml.MoMLSimpleApplication@2a7bf795
reloadAllAccessors: .PublisherPortSubscriberPortOpaqueD3Reverse

===========================================================================================
----------------- testing Sun Apr 14 03:59:53 UTC 2019 /home/travis/build/icyphy/ptII/ptolemy/actor/lib/test/auto/PublisherPortSubscriberPortOpaqueWidthInference.xml
----------------- Instantiating /home/travis/build/icyphy/ptII/ptolemy/actor/lib/test/auto/PublisherPortSubscriberPortOpaqueWidthInference.xml
4 ms. Memory: 1585152K Free: 948379K (60%)
----------------- Invoking toplevel() on ptolemy.moml.MoMLSimpleApplication@191b05bf
----------------- Done invoking toplevel() on ptolemy.moml.MoMLSimpleApplication@191b05bf
reloadAllAccessors: .PublisherPortSubscriberPortOpaqueWidthInference

===========================================================================================
----------------- testing Sun Apr 14 03:59:53 UTC 2019 /home/travis/build/icyphy/ptII/ptolemy/actor/lib/test/auto/PublisherPortToplevelSubscriberPortAOC.xml
----------------- Instantiating /home/travis/build/icyphy/ptII/ptolemy/actor/lib/test/auto/PublisherPortToplevelSubscriberPortAOC.xml
.PublisherPortToplevelSubscriberPortAOC.TestExceptionAttribute: initialize() was not invoked, but wrapup() was.  This is unusual, but not always a problem.  For example, exporting JNLP will do this.
1 ms. Memory: 1585152K Free: 926471K (58%)
----------------- Invoking toplevel() on ptolemy.moml.MoMLSimpleApplication@32417ee8
----------------- Done invoking toplevel() on ptolemy.moml.MoMLSimpleApplication@32417ee8
reloadAllAccessors: .PublisherPortToplevelSubscriberPortAOC

===========================================================================================
----------------- testing Sun Apr 14 03:59:53 UTC 2019 /home/travis/build/icyphy/ptII/ptolemy/actor/lib/test/auto/PublisherSubscriber.xml
----------------- Instantiating /home/travis/build/icyphy/ptII/ptolemy/actor/lib/test/auto/PublisherSubscriber.xml
3 ms. Memory: 1585152K Free: 911607K (58%)
----------------- Invoking toplevel() on ptolemy.moml.MoMLSimpleApplication@7366ad93
----------------- Done invoking toplevel() on ptolemy.moml.MoMLSimpleApplication@7366ad93
reloadAllAccessors: .PublisherSubscriber

===========================================================================================
----------------- testing Sun Apr 14 03:59:53 UTC 2019 /home/travis/build/icyphy/ptII/ptolemy/actor/lib/test/auto/PublisherSubscriber10.xml
----------------- Instantiating /home/travis/build/icyphy/ptII/ptolemy/actor/lib/test/auto/PublisherSubscriber10.xml
6 ms. Memory: 1585152K Free: 896744K (57%)
----------------- Invoking toplevel() on ptolemy.moml.MoMLSimpleApplication@2aa35269
----------------- Done invoking toplevel() on ptolemy.moml.MoMLSimpleApplication@2aa35269
reloadAllAccessors: .PublisherSubscriber10

===========================================================================================
----------------- testing Sun Apr 14 03:59:53 UTC 2019 /home/travis/build/icyphy/ptII/ptolemy/actor/lib/test/auto/PublisherSubscriber10InitialOutputs.xml
----------------- Instantiating /home/travis/build/icyphy/ptII/ptolemy/actor/lib/test/auto/PublisherSubscriber10InitialOutputs.xml
13 ms. Memory: 1585152K Free: 874835K (55%)
----------------- Invoking toplevel() on ptolemy.moml.MoMLSimpleApplication@6487285
----------------- Done invoking toplevel() on ptolemy.moml.MoMLSimpleApplication@6487285
reloadAllAccessors: .PublisherSubscriber10InitialOutputs

===========================================================================================
----------------- testing Sun Apr 14 03:59:53 UTC 2019 /home/travis/build/icyphy/ptII/ptolemy/actor/lib/test/auto/PublisherSubscriber11.xml
----------------- Instantiating /home/travis/build/icyphy/ptII/ptolemy/actor/lib/test/auto/PublisherSubscriber11.xml
4 ms. Memory: 1585152K Free: 859972K (54%)
----------------- Invoking toplevel() on ptolemy.moml.MoMLSimpleApplication@74173d9f
----------------- Done invoking toplevel() on ptolemy.moml.MoMLSimpleApplication@74173d9f
reloadAllAccessors: .PublisherSubscriber11

===========================================================================================
----------------- testing Sun Apr 14 03:59:53 UTC 2019 /home/travis/build/icyphy/ptII/ptolemy/actor/lib/test/auto/PublisherSubscriber12.xml
----------------- Instantiating /home/travis/build/icyphy/ptII/ptolemy/actor/lib/test/auto/PublisherSubscriber12.xml
6 ms. Memory: 1585152K Free: 845109K (53%)
----------------- Invoking toplevel() on ptolemy.moml.MoMLSimpleApplication@67b0d363
----------------- Done invoking toplevel() on ptolemy.moml.MoMLSimpleApplication@67b0d363
reloadAllAccessors: .PublisherSubscriber12

===========================================================================================
----------------- testing Sun Apr 14 03:59:53 UTC 2019 /home/travis/build/icyphy/ptII/ptolemy/actor/lib/test/auto/PublisherSubscriber13.xml
----------------- Instantiating /home/travis/build/icyphy/ptII/ptolemy/actor/lib/test/auto/PublisherSubscriber13.xml
2 ms. Memory: 1585152K Free: 823200K (52%)
----------------- Invoking toplevel() on ptolemy.moml.MoMLSimpleApplication@67a5df1b
----------------- Done invoking toplevel() on ptolemy.moml.MoMLSimpleApplication@67a5df1b
reloadAllAccessors: .PublisherSubscriber13

===========================================================================================
----------------- testing Sun Apr 14 03:59:53 UTC 2019 /home/travis/build/icyphy/ptII/ptolemy/actor/lib/test/auto/PublisherSubscriber14.xml
----------------- Instantiating /home/travis/build/icyphy/ptII/ptolemy/actor/lib/test/auto/PublisherSubscriber14.xml
2 ms. Memory: 1585152K Free: 808336K (51%)
----------------- Invoking toplevel() on ptolemy.moml.MoMLSimpleApplication@67c5176
----------------- Done invoking toplevel() on ptolemy.moml.MoMLSimpleApplication@67c5176
reloadAllAccessors: .PublisherSubscriber14

===========================================================================================
----------------- testing Sun Apr 14 03:59:53 UTC 2019 /home/travis/build/icyphy/ptII/ptolemy/actor/lib/test/auto/PublisherSubscriber2.xml
----------------- Instantiating /home/travis/build/icyphy/ptII/ptolemy/actor/lib/test/auto/PublisherSubscriber2.xml
3 ms. Memory: 1585152K Free: 793473K (50%)
----------------- Invoking toplevel() on ptolemy.moml.MoMLSimpleApplication@1bfafe9f
----------------- Done invoking toplevel() on ptolemy.moml.MoMLSimpleApplication@1bfafe9f
reloadAllAccessors: .PublisherSubscriber2

===========================================================================================
----------------- testing Sun Apr 14 03:59:53 UTC 2019 /home/travis/build/icyphy/ptII/ptolemy/actor/lib/test/auto/PublisherSubscriber3.xml
----------------- Instantiating /home/travis/build/icyphy/ptII/ptolemy/actor/lib/test/auto/PublisherSubscriber3.xml
2 ms. Memory: 1585152K Free: 771565K (49%)
----------------- Invoking toplevel() on ptolemy.moml.MoMLSimpleApplication@14e1bb34
----------------- Done invoking toplevel() on ptolemy.moml.MoMLSimpleApplication@14e1bb34
reloadAllAccessors: .PublisherSubscriber3

===========================================================================================
----------------- testing Sun Apr 14 03:59:53 UTC 2019 /home/travis/build/icyphy/ptII/ptolemy/actor/lib/test/auto/PublisherSubscriber4.xml
----------------- Instantiating /home/travis/build/icyphy/ptII/ptolemy/actor/lib/test/auto/PublisherSubscriber4.xml
2 ms. Memory: 1585152K Free: 756701K (48%)
----------------- Invoking toplevel() on ptolemy.moml.MoMLSimpleApplication@3292f540
----------------- Done invoking toplevel() on ptolemy.moml.MoMLSimpleApplication@3292f540
reloadAllAccessors: .PublisherSubscriber4

===========================================================================================
----------------- testing Sun Apr 14 03:59:53 UTC 2019 /home/travis/build/icyphy/ptII/ptolemy/actor/lib/test/auto/PublisherSubscriber5.xml
----------------- Instantiating /home/travis/build/icyphy/ptII/ptolemy/actor/lib/test/auto/PublisherSubscriber5.xml
2 ms. Memory: 1585152K Free: 741838K (47%)
----------------- Invoking toplevel() on ptolemy.moml.MoMLSimpleApplication@5b621acd
----------------- Done invoking toplevel() on ptolemy.moml.MoMLSimpleApplication@5b621acd
reloadAllAccessors: .PublisherSubscriber5

===========================================================================================
----------------- testing Sun Apr 14 03:59:53 UTC 2019 /home/travis/build/icyphy/ptII/ptolemy/actor/lib/test/auto/PublisherSubscriber6.xml
----------------- Instantiating /home/travis/build/icyphy/ptII/ptolemy/actor/lib/test/auto/PublisherSubscriber6.xml
5 ms. Memory: 1585152K Free: 719929K (45%)
----------------- Invoking toplevel() on ptolemy.moml.MoMLSimpleApplication@397938ee
----------------- Done invoking toplevel() on ptolemy.moml.MoMLSimpleApplication@397938ee
reloadAllAccessors: .PublisherSubscriber6

===========================================================================================
----------------- testing Sun Apr 14 03:59:53 UTC 2019 /home/travis/build/icyphy/ptII/ptolemy/actor/lib/test/auto/PublisherSubscriber7.xml
----------------- Instantiating /home/travis/build/icyphy/ptII/ptolemy/actor/lib/test/auto/PublisherSubscriber7.xml
6 ms. Memory: 1585152K Free: 705066K (44%)
----------------- Invoking toplevel() on ptolemy.moml.MoMLSimpleApplication@6433d7aa
----------------- Done invoking toplevel() on ptolemy.moml.MoMLSimpleApplication@6433d7aa
reloadAllAccessors: .PublisherSubscriber7

===========================================================================================
----------------- testing Sun Apr 14 03:59:53 UTC 2019 /home/travis/build/icyphy/ptII/ptolemy/actor/lib/test/auto/PublisherSubscriber8.xml
----------------- Instantiating /home/travis/build/icyphy/ptII/ptolemy/actor/lib/test/auto/PublisherSubscriber8.xml
19 ms. Memory: 1585152K Free: 608840K (38%)
----------------- Invoking toplevel() on ptolemy.moml.MoMLSimpleApplication@23bc429f
----------------- Done invoking toplevel() on ptolemy.moml.MoMLSimpleApplication@23bc429f
reloadAllAccessors: .PublisherSubscriber8

===========================================================================================
----------------- testing Sun Apr 14 03:59:53 UTC 2019 /home/travis/build/icyphy/ptII/ptolemy/actor/lib/test/auto/PublisherSubscriber9.xml
----------------- Instantiating /home/travis/build/icyphy/ptII/ptolemy/actor/lib/test/auto/PublisherSubscriber9.xml
2 ms. Memory: 1585152K Free: 593977K (37%)
----------------- Invoking toplevel() on ptolemy.moml.MoMLSimpleApplication@4226b330
----------------- Done invoking toplevel() on ptolemy.moml.MoMLSimpleApplication@4226b330
reloadAllAccessors: .PublisherSubscriber9

===========================================================================================
----------------- testing Sun Apr 14 03:59:53 UTC 2019 /home/travis/build/icyphy/ptII/ptolemy/actor/lib/test/auto/PublisherSubscriberAdjacent.xml
----------------- Instantiating /home/travis/build/icyphy/ptII/ptolemy/actor/lib/test/auto/PublisherSubscriberAdjacent.xml
2 ms. Memory: 1585152K Free: 579114K (37%)
----------------- Invoking toplevel() on ptolemy.moml.MoMLSimpleApplication@79c9c162
----------------- Done invoking toplevel() on ptolemy.moml.MoMLSimpleApplication@79c9c162
reloadAllAccessors: .PublisherSubscriberAdjacent

===========================================================================================
----------------- testing Sun Apr 14 03:59:53 UTC 2019 /home/travis/build/icyphy/ptII/ptolemy/actor/lib/test/auto/PublisherSubscriberChannelVariablesAOC2.xml
----------------- Instantiating /home/travis/build/icyphy/ptII/ptolemy/actor/lib/test/auto/PublisherSubscriberChannelVariablesAOC2.xml
3 ms. Memory: 1585152K Free: 549758K (35%)
----------------- Invoking toplevel() on ptolemy.moml.MoMLSimpleApplication@253f8389
----------------- Done invoking toplevel() on ptolemy.moml.MoMLSimpleApplication@253f8389
reloadAllAccessors: .PublisherSubscriberChannelVariablesAOC2

===========================================================================================
----------------- testing Sun Apr 14 03:59:53 UTC 2019 /home/travis/build/icyphy/ptII/ptolemy/actor/lib/test/auto/PublisherSubscriberD3.xml
----------------- Instantiating /home/travis/build/icyphy/ptII/ptolemy/actor/lib/test/auto/PublisherSubscriberD3.xml
1 ms. Memory: 1585152K Free: 534894K (34%)
----------------- Invoking toplevel() on ptolemy.moml.MoMLSimpleApplication@7333a663
----------------- Done invoking toplevel() on ptolemy.moml.MoMLSimpleApplication@7333a663
reloadAllAccessors: .PublisherSubscriberD3

===========================================================================================
----------------- testing Sun Apr 14 03:59:53 UTC 2019 /home/travis/build/icyphy/ptII/ptolemy/actor/lib/test/auto/PublisherSubscriberD3Reverse.xml
----------------- Instantiating /home/travis/build/icyphy/ptII/ptolemy/actor/lib/test/auto/PublisherSubscriberD3Reverse.xml
3 ms. Memory: 1585152K Free: 520031K (33%)
----------------- Invoking toplevel() on ptolemy.moml.MoMLSimpleApplication@5b51709c
----------------- Done invoking toplevel() on ptolemy.moml.MoMLSimpleApplication@5b51709c
reloadAllAccessors: .PublisherSubscriberD3Reverse

===========================================================================================
----------------- testing Sun Apr 14 03:59:53 UTC 2019 /home/travis/build/icyphy/ptII/ptolemy/actor/lib/test/auto/PublisherSubscriberExpression.xml
----------------- Instantiating /home/travis/build/icyphy/ptII/ptolemy/actor/lib/test/auto/PublisherSubscriberExpression.xml
4 ms. Memory: 1585152K Free: 498122K (31%)
----------------- Invoking toplevel() on ptolemy.moml.MoMLSimpleApplication@575233a8
----------------- Done invoking toplevel() on ptolemy.moml.MoMLSimpleApplication@575233a8
reloadAllAccessors: .PublisherSubscriberExpression

===========================================================================================
----------------- testing Sun Apr 14 03:59:53 UTC 2019 /home/travis/build/icyphy/ptII/ptolemy/actor/lib/test/auto/PublisherSubscriberOpaque.xml
----------------- Instantiating /home/travis/build/icyphy/ptII/ptolemy/actor/lib/test/auto/PublisherSubscriberOpaque.xml
3 ms. Memory: 1585152K Free: 483259K (30%)
----------------- Invoking toplevel() on ptolemy.moml.MoMLSimpleApplication@1295b4b9
----------------- Done invoking toplevel() on ptolemy.moml.MoMLSimpleApplication@1295b4b9
reloadAllAccessors: .PublisherSubscriberOpaque

===========================================================================================
----------------- testing Sun Apr 14 03:59:53 UTC 2019 /home/travis/build/icyphy/ptII/ptolemy/actor/lib/test/auto/PublisherSubscriberOpaqueD3.xml
----------------- Instantiating /home/travis/build/icyphy/ptII/ptolemy/actor/lib/test/auto/PublisherSubscriberOpaqueD3.xml
5 ms. Memory: 1585152K Free: 460948K (29%)
----------------- Invoking toplevel() on ptolemy.moml.MoMLSimpleApplication@dea89b5
----------------- Done invoking toplevel() on ptolemy.moml.MoMLSimpleApplication@dea89b5
reloadAllAccessors: .PublisherSubscriberOpaqueD3

===========================================================================================
----------------- testing Sun Apr 14 03:59:53 UTC 2019 /home/travis/build/icyphy/ptII/ptolemy/actor/lib/test/auto/PublisherSubscriberOpaqueD3Reverse.xml
----------------- Instantiating /home/travis/build/icyphy/ptII/ptolemy/actor/lib/test/auto/PublisherSubscriberOpaqueD3Reverse.xml
5 ms. Memory: 1585152K Free: 439039K (28%)
----------------- Invoking toplevel() on ptolemy.moml.MoMLSimpleApplication@560b3b57
----------------- Done invoking toplevel() on ptolemy.moml.MoMLSimpleApplication@560b3b57
reloadAllAccessors: .PublisherSubscriberOpaqueD3Reverse

===========================================================================================
----------------- testing Sun Apr 14 03:59:53 UTC 2019 /home/travis/build/icyphy/ptII/ptolemy/actor/lib/test/auto/PublisherSubscriberOpaqueWidthInference.xml
----------------- Instantiating /home/travis/build/icyphy/ptII/ptolemy/actor/lib/test/auto/PublisherSubscriberOpaqueWidthInference.xml
4 ms. Memory: 1585152K Free: 424176K (27%)
----------------- Invoking toplevel() on ptolemy.moml.MoMLSimpleApplication@3ccc181
----------------- Done invoking toplevel() on ptolemy.moml.MoMLSimpleApplication@3ccc181
reloadAllAccessors: .PublisherSubscriberOpaqueWidthInference

===========================================================================================
----------------- testing Sun Apr 14 03:59:53 UTC 2019 /home/travis/build/icyphy/ptII/ptolemy/actor/lib/test/auto/PublisherTestSubscriber.xml
----------------- Instantiating /home/travis/build/icyphy/ptII/ptolemy/actor/lib/test/auto/PublisherTestSubscriber.xml
3 ms. Memory: 1585152K Free: 402268K (25%)
----------------- Invoking toplevel() on ptolemy.moml.MoMLSimpleApplication@45d5d05f
----------------- Done invoking toplevel() on ptolemy.moml.MoMLSimpleApplication@45d5d05f
reloadAllAccessors: .PublisherTestSubscriber

===========================================================================================
----------------- testing Sun Apr 14 03:59:53 UTC 2019 /home/travis/build/icyphy/ptII/ptolemy/actor/lib/test/auto/PublisherToplevelSubscriberPortAOC.xml
----------------- Instantiating /home/travis/build/icyphy/ptII/ptolemy/actor/lib/test/auto/PublisherToplevelSubscriberPortAOC.xml
3 ms. Memory: 1585152K Free: 387404K (24%)
----------------- Invoking toplevel() on ptolemy.moml.MoMLSimpleApplication@2dc379c8
----------------- Done invoking toplevel() on ptolemy.moml.MoMLSimpleApplication@2dc379c8
reloadAllAccessors: .PublisherToplevelSubscriberPortAOC

===========================================================================================
----------------- testing Sun Apr 14 03:59:53 UTC 2019 /home/travis/build/icyphy/ptII/ptolemy/actor/lib/test/auto/PulseFiringLimitDE.xml
----------------- Instantiating /home/travis/build/icyphy/ptII/ptolemy/actor/lib/test/auto/PulseFiringLimitDE.xml
2 ms. Memory: 1585152K Free: 372541K (24%)
----------------- Invoking toplevel() on ptolemy.moml.MoMLSimpleApplication@6f384344
----------------- Done invoking toplevel() on ptolemy.moml.MoMLSimpleApplication@6f384344
reloadAllAccessors: .PulseFiringLimitDE

===========================================================================================
----------------- testing Sun Apr 14 03:59:53 UTC 2019 /home/travis/build/icyphy/ptII/ptolemy/actor/lib/test/auto/Ramp1.xml
----------------- Instantiating /home/travis/build/icyphy/ptII/ptolemy/actor/lib/test/auto/Ramp1.xml
1 ms. Memory: 1585152K Free: 350632K (22%)
----------------- Invoking toplevel() on ptolemy.moml.MoMLSimpleApplication@35fbc3b7
----------------- Done invoking toplevel() on ptolemy.moml.MoMLSimpleApplication@35fbc3b7
reloadAllAccessors: .Ramp1

===========================================================================================
----------------- testing Sun Apr 14 03:59:53 UTC 2019 /home/travis/build/icyphy/ptII/ptolemy/actor/lib/test/auto/RampFiringLimitDE.xml
----------------- Instantiating /home/travis/build/icyphy/ptII/ptolemy/actor/lib/test/auto/RampFiringLimitDE.xml
2 ms. Memory: 1585152K Free: 335769K (21%)
----------------- Invoking toplevel() on ptolemy.moml.MoMLSimpleApplication@38565cb4
----------------- Done invoking toplevel() on ptolemy.moml.MoMLSimpleApplication@38565cb4
reloadAllAccessors: .RampFiringLimitDE

===========================================================================================
----------------- testing Sun Apr 14 03:59:53 UTC 2019 /home/travis/build/icyphy/ptII/ptolemy/actor/lib/test/auto/RampFiringLimitSDF.xml
----------------- Instantiating /home/travis/build/icyphy/ptII/ptolemy/actor/lib/test/auto/RampFiringLimitSDF.xml
2 ms. Memory: 1585152K Free: 320905K (20%)
----------------- Invoking toplevel() on ptolemy.moml.MoMLSimpleApplication@7bbb6831
----------------- Done invoking toplevel() on ptolemy.moml.MoMLSimpleApplication@7bbb6831
reloadAllAccessors: .RampFiringLimitSDF

===========================================================================================
----------------- testing Sun Apr 14 03:59:53 UTC 2019 /home/travis/build/icyphy/ptII/ptolemy/actor/lib/test/auto/RandomInteger.xml
----------------- Instantiating /home/travis/build/icyphy/ptII/ptolemy/actor/lib/test/auto/RandomInteger.xml
1 ms. Memory: 1585152K Free: 298997K (19%)
----------------- Invoking toplevel() on ptolemy.moml.MoMLSimpleApplication@69092674
----------------- Done invoking toplevel() on ptolemy.moml.MoMLSimpleApplication@69092674
reloadAllAccessors: .RandomInteger

===========================================================================================
----------------- testing Sun Apr 14 03:59:53 UTC 2019 /home/travis/build/icyphy/ptII/ptolemy/actor/lib/test/auto/ReadFile1.xml
----------------- Instantiating /home/travis/build/icyphy/ptII/ptolemy/actor/lib/test/auto/ReadFile1.xml
2 ms. Memory: 1585152K Free: 284134K (18%)
----------------- Invoking toplevel() on ptolemy.moml.MoMLSimpleApplication@5d02f7a7
----------------- Done invoking toplevel() on ptolemy.moml.MoMLSimpleApplication@5d02f7a7
reloadAllAccessors: .ReadFile1

===========================================================================================
----------------- testing Sun Apr 14 03:59:53 UTC 2019 /home/travis/build/icyphy/ptII/ptolemy/actor/lib/test/auto/ReadFile2.xml
----------------- Instantiating /home/travis/build/icyphy/ptII/ptolemy/actor/lib/test/auto/ReadFile2.xml
1 ms. Memory: 1585152K Free: 269270K (17%)
----------------- Invoking toplevel() on ptolemy.moml.MoMLSimpleApplication@568cf386
----------------- Done invoking toplevel() on ptolemy.moml.MoMLSimpleApplication@568cf386
reloadAllAccessors: .ReadFile2

===========================================================================================
----------------- testing Sun Apr 14 03:59:53 UTC 2019 /home/travis/build/icyphy/ptII/ptolemy/actor/lib/test/auto/Reader.xml
----------------- Instantiating /home/travis/build/icyphy/ptII/ptolemy/actor/lib/test/auto/Reader.xml
actor.lib.Reader is obsolete, use actor.lib.io.ExpressionReader instead
2 ms. Memory: 1585152K Free: 247361K (16%)
----------------- Invoking toplevel() on ptolemy.moml.MoMLSimpleApplication@447a0685
----------------- Done invoking toplevel() on ptolemy.moml.MoMLSimpleApplication@447a0685
reloadAllAccessors: .Reader

===========================================================================================
----------------- testing Sun Apr 14 03:59:53 UTC 2019 /home/travis/build/icyphy/ptII/ptolemy/actor/lib/test/auto/RecordAssemblerDisplayNameTest.xml
----------------- Instantiating /home/travis/build/icyphy/ptII/ptolemy/actor/lib/test/auto/RecordAssemblerDisplayNameTest.xml
3616 ms. Memory: 1626624K Free: 466110K (29%)
----------------- Invoking toplevel() on ptolemy.moml.MoMLSimpleApplication@5bfd5e70
----------------- Done invoking toplevel() on ptolemy.moml.MoMLSimpleApplication@5bfd5e70
reloadAllAccessors: .RecordAssemblerDisplayNameTest

===========================================================================================
----------------- testing Sun Apr 14 03:59:57 UTC 2019 /home/travis/build/icyphy/ptII/ptolemy/actor/lib/test/auto/RecordAssemblerTypeError.xml
----------------- Instantiating /home/travis/build/icyphy/ptII/ptolemy/actor/lib/test/auto/RecordAssemblerTypeError.xml
11 ms. Memory: 1626624K Free: 433838K (27%)
----------------- Invoking toplevel() on ptolemy.moml.MoMLSimpleApplication@28bc449a
----------------- Done invoking toplevel() on ptolemy.moml.MoMLSimpleApplication@28bc449a
reloadAllAccessors: .RecordAssemblerTypeError

===========================================================================================
----------------- testing Sun Apr 14 03:59:57 UTC 2019 /home/travis/build/icyphy/ptII/ptolemy/actor/lib/test/auto/RecordDisassember.xml
----------------- Instantiating /home/travis/build/icyphy/ptII/ptolemy/actor/lib/test/auto/RecordDisassember.xml
3 ms. Memory: 1626624K Free: 418643K (26%)
----------------- Invoking toplevel() on ptolemy.moml.MoMLSimpleApplication@32d1781b
----------------- Done invoking toplevel() on ptolemy.moml.MoMLSimpleApplication@32d1781b
reloadAllAccessors: .RecordDisassember

===========================================================================================
----------------- testing Sun Apr 14 03:59:57 UTC 2019 /home/travis/build/icyphy/ptII/ptolemy/actor/lib/test/auto/RecordDisassemberDisplayNameTest.xml
----------------- Instantiating /home/travis/build/icyphy/ptII/ptolemy/actor/lib/test/auto/RecordDisassemberDisplayNameTest.xml
5 ms. Memory: 1626624K Free: 397719K (24%)
----------------- Invoking toplevel() on ptolemy.moml.MoMLSimpleApplication@2cf4c407
----------------- Done invoking toplevel() on ptolemy.moml.MoMLSimpleApplication@2cf4c407
reloadAllAccessors: .RecordDisassemberDisplayNameTest

===========================================================================================
----------------- testing Sun Apr 14 03:59:57 UTC 2019 /home/travis/build/icyphy/ptII/ptolemy/actor/lib/test/auto/RecordDisassembler.xml
----------------- Instantiating /home/travis/build/icyphy/ptII/ptolemy/actor/lib/test/auto/RecordDisassembler.xml
3 ms. Memory: 1626624K Free: 382610K (24%)
----------------- Invoking toplevel() on ptolemy.moml.MoMLSimpleApplication@36800abe
----------------- Done invoking toplevel() on ptolemy.moml.MoMLSimpleApplication@36800abe
reloadAllAccessors: .RecordDisassembler

===========================================================================================
----------------- testing Sun Apr 14 03:59:57 UTC 2019 /home/travis/build/icyphy/ptII/ptolemy/actor/lib/test/auto/RecordDisassembler2.xml
----------------- Instantiating /home/travis/build/icyphy/ptII/ptolemy/actor/lib/test/auto/RecordDisassembler2.xml
3 ms. Memory: 1626624K Free: 361686K (22%)
----------------- Invoking toplevel() on ptolemy.moml.MoMLSimpleApplication@25f022e1
----------------- Done invoking toplevel() on ptolemy.moml.MoMLSimpleApplication@25f022e1
reloadAllAccessors: .RecordDisassembler2

===========================================================================================
----------------- testing Sun Apr 14 03:59:57 UTC 2019 /home/travis/build/icyphy/ptII/ptolemy/actor/lib/test/auto/RecordUpdater.xml
----------------- Instantiating /home/travis/build/icyphy/ptII/ptolemy/actor/lib/test/auto/RecordUpdater.xml
2 ms. Memory: 1626624K Free: 346577K (21%)
----------------- Invoking toplevel() on ptolemy.moml.MoMLSimpleApplication@55784233
----------------- Done invoking toplevel() on ptolemy.moml.MoMLSimpleApplication@55784233
reloadAllAccessors: .RecordUpdater

===========================================================================================
----------------- testing Sun Apr 14 03:59:57 UTC 2019 /home/travis/build/icyphy/ptII/ptolemy/actor/lib/test/auto/RecordUpdater2.xml
----------------- Instantiating /home/travis/build/icyphy/ptII/ptolemy/actor/lib/test/auto/RecordUpdater2.xml
2 ms. Memory: 1626624K Free: 325652K (20%)
----------------- Invoking toplevel() on ptolemy.moml.MoMLSimpleApplication@23c5013a
----------------- Done invoking toplevel() on ptolemy.moml.MoMLSimpleApplication@23c5013a
reloadAllAccessors: .RecordUpdater2

===========================================================================================
----------------- testing Sun Apr 14 03:59:57 UTC 2019 /home/travis/build/icyphy/ptII/ptolemy/actor/lib/test/auto/RecursiveLattice.xml
----------------- Instantiating /home/travis/build/icyphy/ptII/ptolemy/actor/lib/test/auto/RecursiveLattice.xml
2 ms. Memory: 1626624K Free: 310543K (19%)
----------------- Invoking toplevel() on ptolemy.moml.MoMLSimpleApplication@64d78f83
----------------- Done invoking toplevel() on ptolemy.moml.MoMLSimpleApplication@64d78f83
reloadAllAccessors: .RecursiveLattice

===========================================================================================
----------------- testing Sun Apr 14 03:59:57 UTC 2019 /home/travis/build/icyphy/ptII/ptolemy/actor/lib/test/auto/Router.xml
----------------- Instantiating /home/travis/build/icyphy/ptII/ptolemy/actor/lib/test/auto/Router.xml
3004 ms. Memory: 1626624K Free: 295434K (18%)
----------------- Invoking toplevel() on ptolemy.moml.MoMLSimpleApplication@31fa2354
----------------- Done invoking toplevel() on ptolemy.moml.MoMLSimpleApplication@31fa2354
reloadAllAccessors: .Router

===========================================================================================
----------------- testing Sun Apr 14 04:00:00 UTC 2019 /home/travis/build/icyphy/ptII/ptolemy/actor/lib/test/auto/Router2.xml
----------------- Instantiating /home/travis/build/icyphy/ptII/ptolemy/actor/lib/test/auto/Router2.xml
3004 ms. Memory: 1626624K Free: 274510K (17%)
----------------- Invoking toplevel() on ptolemy.moml.MoMLSimpleApplication@4303fec7
----------------- Done invoking toplevel() on ptolemy.moml.MoMLSimpleApplication@4303fec7
reloadAllAccessors: .Router2

===========================================================================================
----------------- testing Sun Apr 14 04:00:03 UTC 2019 /home/travis/build/icyphy/ptII/ptolemy/actor/lib/test/auto/RunningMaximum.xml
----------------- Instantiating /home/travis/build/icyphy/ptII/ptolemy/actor/lib/test/auto/RunningMaximum.xml
2 ms. Memory: 1626624K Free: 259401K (16%)
----------------- Invoking toplevel() on ptolemy.moml.MoMLSimpleApplication@70881bc9
----------------- Done invoking toplevel() on ptolemy.moml.MoMLSimpleApplication@70881bc9
reloadAllAccessors: .RunningMaximum

===========================================================================================
----------------- testing Sun Apr 14 04:00:03 UTC 2019 /home/travis/build/icyphy/ptII/ptolemy/actor/lib/test/auto/RunningMinimum.xml
----------------- Instantiating /home/travis/build/icyphy/ptII/ptolemy/actor/lib/test/auto/RunningMinimum.xml
1 ms. Memory: 1626624K Free: 238477K (15%)
----------------- Invoking toplevel() on ptolemy.moml.MoMLSimpleApplication@283128f6
----------------- Done invoking toplevel() on ptolemy.moml.MoMLSimpleApplication@283128f6
reloadAllAccessors: .RunningMinimum

===========================================================================================
----------------- testing Sun Apr 14 04:00:03 UTC 2019 /home/travis/build/icyphy/ptII/ptolemy/actor/lib/test/auto/Scale.xml
----------------- Instantiating /home/travis/build/icyphy/ptII/ptolemy/actor/lib/test/auto/Scale.xml
1 ms. Memory: 1626624K Free: 223368K (14%)
----------------- Invoking toplevel() on ptolemy.moml.MoMLSimpleApplication@4e29d712
----------------- Done invoking toplevel() on ptolemy.moml.MoMLSimpleApplication@4e29d712
reloadAllAccessors: .Scale

===========================================================================================
----------------- testing Sun Apr 14 04:00:03 UTC 2019 /home/travis/build/icyphy/ptII/ptolemy/actor/lib/test/auto/Scale2.xml
----------------- Instantiating /home/travis/build/icyphy/ptII/ptolemy/actor/lib/test/auto/Scale2.xml
1 ms. Memory: 1626624K Free: 202444K (12%)
----------------- Invoking toplevel() on ptolemy.moml.MoMLSimpleApplication@212bbe10
----------------- Done invoking toplevel() on ptolemy.moml.MoMLSimpleApplication@212bbe10
reloadAllAccessors: .Scale2

===========================================================================================
----------------- testing Sun Apr 14 04:00:03 UTC 2019 /home/travis/build/icyphy/ptII/ptolemy/actor/lib/test/auto/Scale3.xml
----------------- Instantiating /home/travis/build/icyphy/ptII/ptolemy/actor/lib/test/auto/Scale3.xml
3 ms. Memory: 1626624K Free: 187335K (12%)
----------------- Invoking toplevel() on ptolemy.moml.MoMLSimpleApplication@26f75b03
----------------- Done invoking toplevel() on ptolemy.moml.MoMLSimpleApplication@26f75b03
reloadAllAccessors: .Scale3

===========================================================================================
----------------- testing Sun Apr 14 04:00:04 UTC 2019 /home/travis/build/icyphy/ptII/ptolemy/actor/lib/test/auto/ScaleArray.xml
----------------- Instantiating /home/travis/build/icyphy/ptII/ptolemy/actor/lib/test/auto/ScaleArray.xml
2 ms. Memory: 1626624K Free: 166411K (10%)
----------------- Invoking toplevel() on ptolemy.moml.MoMLSimpleApplication@3e112c35
----------------- Done invoking toplevel() on ptolemy.moml.MoMLSimpleApplication@3e112c35
reloadAllAccessors: .ScaleArray

===========================================================================================
----------------- testing Sun Apr 14 04:00:04 UTC 2019 /home/travis/build/icyphy/ptII/ptolemy/actor/lib/test/auto/ScaleArray2.xml
----------------- Instantiating /home/travis/build/icyphy/ptII/ptolemy/actor/lib/test/auto/ScaleArray2.xml
1 ms. Memory: 1626624K Free: 151302K (9%)
----------------- Invoking toplevel() on ptolemy.moml.MoMLSimpleApplication@71ba7fd5
----------------- Done invoking toplevel() on ptolemy.moml.MoMLSimpleApplication@71ba7fd5
reloadAllAccessors: .ScaleArray2

===========================================================================================
----------------- testing Sun Apr 14 04:00:04 UTC 2019 /home/travis/build/icyphy/ptII/ptolemy/actor/lib/test/auto/ScaleMatrix.xml
----------------- Instantiating /home/travis/build/icyphy/ptII/ptolemy/actor/lib/test/auto/ScaleMatrix.xml
150 ms. Memory: 1626624K Free: 122824K (8%)
----------------- Invoking toplevel() on ptolemy.moml.MoMLSimpleApplication@18b32281
----------------- Done invoking toplevel() on ptolemy.moml.MoMLSimpleApplication@18b32281
reloadAllAccessors: .ScaleMatrix

===========================================================================================
----------------- testing Sun Apr 14 04:00:04 UTC 2019 /home/travis/build/icyphy/ptII/ptolemy/actor/lib/test/auto/Select.xml
----------------- Instantiating /home/travis/build/icyphy/ptII/ptolemy/actor/lib/test/auto/Select.xml
3 ms. Memory: 1626624K Free: 107714K (7%)
----------------- Invoking toplevel() on ptolemy.moml.MoMLSimpleApplication@33c3abae
----------------- Done invoking toplevel() on ptolemy.moml.MoMLSimpleApplication@33c3abae
reloadAllAccessors: .Select

===========================================================================================
----------------- testing Sun Apr 14 04:00:04 UTC 2019 /home/travis/build/icyphy/ptII/ptolemy/actor/lib/test/auto/Select2.xml
----------------- Instantiating /home/travis/build/icyphy/ptII/ptolemy/actor/lib/test/auto/Select2.xml
1 ms. Memory: 1626624K Free: 92605K (6%)
----------------- Invoking toplevel() on ptolemy.moml.MoMLSimpleApplication@788e276f
----------------- Done invoking toplevel() on ptolemy.moml.MoMLSimpleApplication@788e276f
reloadAllAccessors: .Select2

===========================================================================================
----------------- testing Sun Apr 14 04:00:04 UTC 2019 /home/travis/build/icyphy/ptII/ptolemy/actor/lib/test/auto/SequenceToArray2.xml
----------------- Instantiating /home/travis/build/icyphy/ptII/ptolemy/actor/lib/test/auto/SequenceToArray2.xml
96 ms. Memory: 1781760K Free: 1626490K (91%)
----------------- Invoking toplevel() on ptolemy.moml.MoMLSimpleApplication@18e34ef4
----------------- Done invoking toplevel() on ptolemy.moml.MoMLSimpleApplication@18e34ef4
reloadAllAccessors: .SequenceToArray2

===========================================================================================
----------------- testing Sun Apr 14 04:00:04 UTC 2019 /home/travis/build/icyphy/ptII/ptolemy/actor/lib/test/auto/SequentialClock.xml
----------------- Instantiating /home/travis/build/icyphy/ptII/ptolemy/actor/lib/test/auto/SequentialClock.xml
1 ms. Memory: 1781760K Free: 1599616K (90%)
----------------- Invoking toplevel() on ptolemy.moml.MoMLSimpleApplication@3ee2c3c6
----------------- Done invoking toplevel() on ptolemy.moml.MoMLSimpleApplication@3ee2c3c6
reloadAllAccessors: .SequentialClock

===========================================================================================
----------------- testing Sun Apr 14 04:00:04 UTC 2019 /home/travis/build/icyphy/ptII/ptolemy/actor/lib/test/auto/SetVariable.xml
----------------- Instantiating /home/travis/build/icyphy/ptII/ptolemy/actor/lib/test/auto/SetVariable.xml
4 ms. Memory: 1781760K Free: 1572742K (88%)
----------------- Invoking toplevel() on ptolemy.moml.MoMLSimpleApplication@535bfc21
----------------- Done invoking toplevel() on ptolemy.moml.MoMLSimpleApplication@535bfc21
reloadAllAccessors: .SetVariable

===========================================================================================
----------------- testing Sun Apr 14 04:00:04 UTC 2019 /home/travis/build/icyphy/ptII/ptolemy/actor/lib/test/auto/SetVariable2.xml
----------------- Instantiating /home/travis/build/icyphy/ptII/ptolemy/actor/lib/test/auto/SetVariable2.xml
3 ms. Memory: 1781760K Free: 1550487K (87%)
----------------- Invoking toplevel() on ptolemy.moml.MoMLSimpleApplication@794ff2c9
----------------- Done invoking toplevel() on ptolemy.moml.MoMLSimpleApplication@794ff2c9
reloadAllAccessors: .SetVariable2

===========================================================================================
----------------- testing Sun Apr 14 04:00:04 UTC 2019 /home/travis/build/icyphy/ptII/ptolemy/actor/lib/test/auto/SetVariable3.xml
----------------- Instantiating /home/travis/build/icyphy/ptII/ptolemy/actor/lib/test/auto/SetVariable3.xml
8 ms. Memory: 1781760K Free: 1523612K (86%)
----------------- Invoking toplevel() on ptolemy.moml.MoMLSimpleApplication@290b7371
----------------- Done invoking toplevel() on ptolemy.moml.MoMLSimpleApplication@290b7371
reloadAllAccessors: .SetVariable3

===========================================================================================
----------------- testing Sun Apr 14 04:00:04 UTC 2019 /home/travis/build/icyphy/ptII/ptolemy/actor/lib/test/auto/SetVariable4.xml
----------------- Instantiating /home/travis/build/icyphy/ptII/ptolemy/actor/lib/test/auto/SetVariable4.xml
16 ms. Memory: 1781760K Free: 1423465K (80%)
----------------- Invoking toplevel() on ptolemy.moml.MoMLSimpleApplication@52508d7d
----------------- Done invoking toplevel() on ptolemy.moml.MoMLSimpleApplication@52508d7d
reloadAllAccessors: .SetVariable4

===========================================================================================
----------------- testing Sun Apr 14 04:00:04 UTC 2019 /home/travis/build/icyphy/ptII/ptolemy/actor/lib/test/auto/SetVariable5.xml
----------------- Instantiating /home/travis/build/icyphy/ptII/ptolemy/actor/lib/test/auto/SetVariable5.xml
18 ms. Memory: 1781760K Free: 1396591K (78%)
----------------- Invoking toplevel() on ptolemy.moml.MoMLSimpleApplication@734ff730
----------------- Done invoking toplevel() on ptolemy.moml.MoMLSimpleApplication@734ff730
reloadAllAccessors: .SetVariable5

===========================================================================================
----------------- testing Sun Apr 14 04:00:04 UTC 2019 /home/travis/build/icyphy/ptII/ptolemy/actor/lib/test/auto/Sinewave.xml
----------------- Instantiating /home/travis/build/icyphy/ptII/ptolemy/actor/lib/test/auto/Sinewave.xml
4 ms. Memory: 1781760K Free: 1374336K (77%)
----------------- Invoking toplevel() on ptolemy.moml.MoMLSimpleApplication@1ca2518c
----------------- Done invoking toplevel() on ptolemy.moml.MoMLSimpleApplication@1ca2518c
reloadAllAccessors: .Sinewave

===========================================================================================
----------------- testing Sun Apr 14 04:00:04 UTC 2019 /home/travis/build/icyphy/ptII/ptolemy/actor/lib/test/auto/Sinewave2.xml
----------------- Instantiating /home/travis/build/icyphy/ptII/ptolemy/actor/lib/test/auto/Sinewave2.xml
5 ms. Memory: 1781760K Free: 1347462K (76%)
----------------- Invoking toplevel() on ptolemy.moml.MoMLSimpleApplication@260343ec
----------------- Done invoking toplevel() on ptolemy.moml.MoMLSimpleApplication@260343ec
reloadAllAccessors: .Sinewave2

===========================================================================================
----------------- testing Sun Apr 14 04:00:04 UTC 2019 /home/travis/build/icyphy/ptII/ptolemy/actor/lib/test/auto/Sinewave3.xml
----------------- Instantiating /home/travis/build/icyphy/ptII/ptolemy/actor/lib/test/auto/Sinewave3.xml
8 ms. Memory: 1781760K Free: 1325207K (74%)
----------------- Invoking toplevel() on ptolemy.moml.MoMLSimpleApplication@3d8b53b0
----------------- Done invoking toplevel() on ptolemy.moml.MoMLSimpleApplication@3d8b53b0
reloadAllAccessors: .Sinewave3

===========================================================================================
----------------- testing Sun Apr 14 04:00:04 UTC 2019 /home/travis/build/icyphy/ptII/ptolemy/actor/lib/test/auto/SingleEvent.xml
----------------- Instantiating /home/travis/build/icyphy/ptII/ptolemy/actor/lib/test/auto/SingleEvent.xml
1 ms. Memory: 1781760K Free: 1298333K (73%)
----------------- Invoking toplevel() on ptolemy.moml.MoMLSimpleApplication@50fe401a
----------------- Done invoking toplevel() on ptolemy.moml.MoMLSimpleApplication@50fe401a
reloadAllAccessors: .SingleEvent

===========================================================================================
----------------- testing Sun Apr 14 04:00:04 UTC 2019 /home/travis/build/icyphy/ptII/ptolemy/actor/lib/test/auto/Sleep.xml
----------------- Instantiating /home/travis/build/icyphy/ptII/ptolemy/actor/lib/test/auto/Sleep.xml
6004 ms. Memory: 1781760K Free: 1271458K (71%)
----------------- Invoking toplevel() on ptolemy.moml.MoMLSimpleApplication@53b4df6e
----------------- Done invoking toplevel() on ptolemy.moml.MoMLSimpleApplication@53b4df6e
reloadAllAccessors: .Sleep

===========================================================================================
----------------- testing Sun Apr 14 04:00:10 UTC 2019 /home/travis/build/icyphy/ptII/ptolemy/actor/lib/test/auto/SleepMultipleFire.xml
----------------- Instantiating /home/travis/build/icyphy/ptII/ptolemy/actor/lib/test/auto/SleepMultipleFire.xml
1006 ms. Memory: 1781760K Free: 1249203K (70%)
----------------- Invoking toplevel() on ptolemy.moml.MoMLSimpleApplication@7fbd51b
----------------- Done invoking toplevel() on ptolemy.moml.MoMLSimpleApplication@7fbd51b
reloadAllAccessors: .SleepMultipleFire

===========================================================================================
----------------- testing Sun Apr 14 04:00:11 UTC 2019 /home/travis/build/icyphy/ptII/ptolemy/actor/lib/test/auto/StopDE.xml
----------------- Instantiating /home/travis/build/icyphy/ptII/ptolemy/actor/lib/test/auto/StopDE.xml
2 ms. Memory: 1781760K Free: 1222329K (69%)
----------------- Invoking toplevel() on ptolemy.moml.MoMLSimpleApplication@e2e45fc
----------------- Done invoking toplevel() on ptolemy.moml.MoMLSimpleApplication@e2e45fc
reloadAllAccessors: .StopDE

===========================================================================================
----------------- testing Sun Apr 14 04:00:11 UTC 2019 /home/travis/build/icyphy/ptII/ptolemy/actor/lib/test/auto/StopSDF.xml
----------------- Instantiating /home/travis/build/icyphy/ptII/ptolemy/actor/lib/test/auto/StopSDF.xml
2 ms. Memory: 1781760K Free: 1200074K (67%)
----------------- Invoking toplevel() on ptolemy.moml.MoMLSimpleApplication@2eca008c
----------------- Done invoking toplevel() on ptolemy.moml.MoMLSimpleApplication@2eca008c
reloadAllAccessors: .StopSDF

===========================================================================================
----------------- testing Sun Apr 14 04:00:11 UTC 2019 /home/travis/build/icyphy/ptII/ptolemy/actor/lib/test/auto/StringConstant.xml
----------------- Instantiating /home/travis/build/icyphy/ptII/ptolemy/actor/lib/test/auto/StringConstant.xml
4 ms. Memory: 1781760K Free: 1173200K (66%)
----------------- Invoking toplevel() on ptolemy.moml.MoMLSimpleApplication@169cd6be
----------------- Done invoking toplevel() on ptolemy.moml.MoMLSimpleApplication@169cd6be
reloadAllAccessors: .StringConstant

===========================================================================================
----------------- testing Sun Apr 14 04:00:11 UTC 2019 /home/travis/build/icyphy/ptII/ptolemy/actor/lib/test/auto/SubscriberPortInitialValues1.xml
----------------- Instantiating /home/travis/build/icyphy/ptII/ptolemy/actor/lib/test/auto/SubscriberPortInitialValues1.xml
13 ms. Memory: 1781760K Free: 1150945K (65%)
----------------- Invoking toplevel() on ptolemy.moml.MoMLSimpleApplication@32ef3941
----------------- Done invoking toplevel() on ptolemy.moml.MoMLSimpleApplication@32ef3941
reloadAllAccessors: .SubscriberPortInitialValues1

===========================================================================================
----------------- testing Sun Apr 14 04:00:11 UTC 2019 /home/travis/build/icyphy/ptII/ptolemy/actor/lib/test/auto/SubscriberPortInitialValues13.xml
----------------- Instantiating /home/travis/build/icyphy/ptII/ptolemy/actor/lib/test/auto/SubscriberPortInitialValues13.xml
6 ms. Memory: 1781760K Free: 1124070K (63%)
----------------- Invoking toplevel() on ptolemy.moml.MoMLSimpleApplication@65f820b0
----------------- Done invoking toplevel() on ptolemy.moml.MoMLSimpleApplication@65f820b0
reloadAllAccessors: .SubscriberPortInitialValues13

===========================================================================================
----------------- testing Sun Apr 14 04:00:11 UTC 2019 /home/travis/build/icyphy/ptII/ptolemy/actor/lib/test/auto/SubscriberPortInitialValues14.xml
----------------- Instantiating /home/travis/build/icyphy/ptII/ptolemy/actor/lib/test/auto/SubscriberPortInitialValues14.xml
5 ms. Memory: 1781760K Free: 1101816K (62%)
----------------- Invoking toplevel() on ptolemy.moml.MoMLSimpleApplication@31a968de
----------------- Done invoking toplevel() on ptolemy.moml.MoMLSimpleApplication@31a968de
reloadAllAccessors: .SubscriberPortInitialValues14

===========================================================================================
----------------- testing Sun Apr 14 04:00:11 UTC 2019 /home/travis/build/icyphy/ptII/ptolemy/actor/lib/test/auto/SubscriberPortInitialValues2.xml
----------------- Instantiating /home/travis/build/icyphy/ptII/ptolemy/actor/lib/test/auto/SubscriberPortInitialValues2.xml
4 ms. Memory: 1781760K Free: 1074941K (60%)
----------------- Invoking toplevel() on ptolemy.moml.MoMLSimpleApplication@7927e694
----------------- Done invoking toplevel() on ptolemy.moml.MoMLSimpleApplication@7927e694
reloadAllAccessors: .SubscriberPortInitialValues2

===========================================================================================
----------------- testing Sun Apr 14 04:00:11 UTC 2019 /home/travis/build/icyphy/ptII/ptolemy/actor/lib/test/auto/SubscriberPortInitialValues3.xml
----------------- Instantiating /home/travis/build/icyphy/ptII/ptolemy/actor/lib/test/auto/SubscriberPortInitialValues3.xml
4 ms. Memory: 1781760K Free: 1048067K (59%)
----------------- Invoking toplevel() on ptolemy.moml.MoMLSimpleApplication@69bcb2a2
----------------- Done invoking toplevel() on ptolemy.moml.MoMLSimpleApplication@69bcb2a2
reloadAllAccessors: .SubscriberPortInitialValues3

===========================================================================================
----------------- testing Sun Apr 14 04:00:11 UTC 2019 /home/travis/build/icyphy/ptII/ptolemy/actor/lib/test/auto/SubscriptionAggregator.xml
----------------- Instantiating /home/travis/build/icyphy/ptII/ptolemy/actor/lib/test/auto/SubscriptionAggregator.xml
3 ms. Memory: 1781760K Free: 1025812K (58%)
----------------- Invoking toplevel() on ptolemy.moml.MoMLSimpleApplication@3595ca42
----------------- Done invoking toplevel() on ptolemy.moml.MoMLSimpleApplication@3595ca42
reloadAllAccessors: .SubscriptionAggregator

===========================================================================================
----------------- testing Sun Apr 14 04:00:11 UTC 2019 /home/travis/build/icyphy/ptII/ptolemy/actor/lib/test/auto/SubscriptionAggregator2.xml
----------------- Instantiating /home/travis/build/icyphy/ptII/ptolemy/actor/lib/test/auto/SubscriptionAggregator2.xml
2 ms. Memory: 1781760K Free: 998938K (56%)
----------------- Invoking toplevel() on ptolemy.moml.MoMLSimpleApplication@36d86cdc
----------------- Done invoking toplevel() on ptolemy.moml.MoMLSimpleApplication@36d86cdc
reloadAllAccessors: .SubscriptionAggregator2

===========================================================================================
----------------- testing Sun Apr 14 04:00:11 UTC 2019 /home/travis/build/icyphy/ptII/ptolemy/actor/lib/test/auto/SubscriptionAggregator3.xml
----------------- Instantiating /home/travis/build/icyphy/ptII/ptolemy/actor/lib/test/auto/SubscriptionAggregator3.xml
3 ms. Memory: 1781760K Free: 976683K (55%)
----------------- Invoking toplevel() on ptolemy.moml.MoMLSimpleApplication@10e02b70
----------------- Done invoking toplevel() on ptolemy.moml.MoMLSimpleApplication@10e02b70
reloadAllAccessors: .SubscriptionAggregator3

===========================================================================================
----------------- testing Sun Apr 14 04:00:11 UTC 2019 /home/travis/build/icyphy/ptII/ptolemy/actor/lib/test/auto/SubscriptionAggregatorMultiply.xml
----------------- Instantiating /home/travis/build/icyphy/ptII/ptolemy/actor/lib/test/auto/SubscriptionAggregatorMultiply.xml
3 ms. Memory: 1781760K Free: 949808K (53%)
----------------- Invoking toplevel() on ptolemy.moml.MoMLSimpleApplication@3cfd8a1c
----------------- Done invoking toplevel() on ptolemy.moml.MoMLSimpleApplication@3cfd8a1c
reloadAllAccessors: .SubscriptionAggregatorMultiply

===========================================================================================
----------------- testing Sun Apr 14 04:00:11 UTC 2019 /home/travis/build/icyphy/ptII/ptolemy/actor/lib/test/auto/SubscriptionAggregatorPortMultiply1.xml
----------------- Instantiating /home/travis/build/icyphy/ptII/ptolemy/actor/lib/test/auto/SubscriptionAggregatorPortMultiply1.xml
4 ms. Memory: 1781760K Free: 927554K (52%)
----------------- Invoking toplevel() on ptolemy.moml.MoMLSimpleApplication@79683627
----------------- Done invoking toplevel() on ptolemy.moml.MoMLSimpleApplication@79683627
reloadAllAccessors: .SubscriptionAggregatorPortMultiply1

===========================================================================================
----------------- testing Sun Apr 14 04:00:12 UTC 2019 /home/travis/build/icyphy/ptII/ptolemy/actor/lib/test/auto/Switch.xml
----------------- Instantiating /home/travis/build/icyphy/ptII/ptolemy/actor/lib/test/auto/Switch.xml
4 ms. Memory: 1781760K Free: 833915K (47%)
----------------- Invoking toplevel() on ptolemy.moml.MoMLSimpleApplication@39460507
----------------- Done invoking toplevel() on ptolemy.moml.MoMLSimpleApplication@39460507
reloadAllAccessors: .Switch

===========================================================================================
----------------- testing Sun Apr 14 04:00:12 UTC 2019 /home/travis/build/icyphy/ptII/ptolemy/actor/lib/test/auto/Switch2.xml
----------------- Instantiating /home/travis/build/icyphy/ptII/ptolemy/actor/lib/test/auto/Switch2.xml
1 ms. Memory: 1781760K Free: 807040K (45%)
----------------- Invoking toplevel() on ptolemy.moml.MoMLSimpleApplication@16aa3f59
----------------- Done invoking toplevel() on ptolemy.moml.MoMLSimpleApplication@16aa3f59
reloadAllAccessors: .Switch2

===========================================================================================
----------------- testing Sun Apr 14 04:00:12 UTC 2019 /home/travis/build/icyphy/ptII/ptolemy/actor/lib/test/auto/SwitchDE.xml
----------------- Instantiating /home/travis/build/icyphy/ptII/ptolemy/actor/lib/test/auto/SwitchDE.xml
1 ms. Memory: 1781760K Free: 784785K (44%)
----------------- Invoking toplevel() on ptolemy.moml.MoMLSimpleApplication@60de1aae
----------------- Done invoking toplevel() on ptolemy.moml.MoMLSimpleApplication@60de1aae
reloadAllAccessors: .SwitchDE

===========================================================================================
----------------- testing Sun Apr 14 04:00:12 UTC 2019 /home/travis/build/icyphy/ptII/ptolemy/actor/lib/test/auto/SynchronizerDE.xml
----------------- Instantiating /home/travis/build/icyphy/ptII/ptolemy/actor/lib/test/auto/SynchronizerDE.xml
8 ms. Memory: 1781760K Free: 757911K (43%)
----------------- Invoking toplevel() on ptolemy.moml.MoMLSimpleApplication@39f829de
----------------- Done invoking toplevel() on ptolemy.moml.MoMLSimpleApplication@39f829de
reloadAllAccessors: .SynchronizerDE

===========================================================================================
----------------- testing Sun Apr 14 04:00:12 UTC 2019 /home/travis/build/icyphy/ptII/ptolemy/actor/lib/test/auto/Test.xml
----------------- Instantiating /home/travis/build/icyphy/ptII/ptolemy/actor/lib/test/auto/Test.xml
1 ms. Memory: 1781760K Free: 735656K (41%)
----------------- Invoking toplevel() on ptolemy.moml.MoMLSimpleApplication@702044bc
----------------- Done invoking toplevel() on ptolemy.moml.MoMLSimpleApplication@702044bc
reloadAllAccessors: .Test

===========================================================================================
----------------- testing Sun Apr 14 04:00:12 UTC 2019 /home/travis/build/icyphy/ptII/ptolemy/actor/lib/test/auto/TestExceptionAttribute1.xml
----------------- Instantiating /home/travis/build/icyphy/ptII/ptolemy/actor/lib/test/auto/TestExceptionAttribute1.xml
1 ms. Memory: 1781760K Free: 708782K (40%)
----------------- Invoking toplevel() on ptolemy.moml.MoMLSimpleApplication@76d3a0be
----------------- Done invoking toplevel() on ptolemy.moml.MoMLSimpleApplication@76d3a0be
reloadAllAccessors: .TestExceptionAttribute1

===========================================================================================
----------------- testing Sun Apr 14 04:00:12 UTC 2019 /home/travis/build/icyphy/ptII/ptolemy/actor/lib/test/auto/TestExceptionAttribute2.xml
----------------- Instantiating /home/travis/build/icyphy/ptII/ptolemy/actor/lib/test/auto/TestExceptionAttribute2.xml
1 ms. Memory: 1781760K Free: 686527K (39%)
----------------- Invoking toplevel() on ptolemy.moml.MoMLSimpleApplication@3ed0f431
----------------- Done invoking toplevel() on ptolemy.moml.MoMLSimpleApplication@3ed0f431
reloadAllAccessors: .TestExceptionAttribute2

===========================================================================================
----------------- testing Sun Apr 14 04:00:12 UTC 2019 /home/travis/build/icyphy/ptII/ptolemy/actor/lib/test/auto/TestExceptionAttribute3.xml
----------------- Instantiating /home/travis/build/icyphy/ptII/ptolemy/actor/lib/test/auto/TestExceptionAttribute3.xml
.TestExceptionAttribute3.TestExceptionAttribute: initialize() was not invoked, but wrapup() was.  This is unusual, but not always a problem.  For example, exporting JNLP will do this.
1 ms. Memory: 1781760K Free: 659653K (37%)
----------------- Invoking toplevel() on ptolemy.moml.MoMLSimpleApplication@7c32860d
----------------- Done invoking toplevel() on ptolemy.moml.MoMLSimpleApplication@7c32860d
reloadAllAccessors: .TestExceptionAttribute3

===========================================================================================
----------------- testing Sun Apr 14 04:00:12 UTC 2019 /home/travis/build/icyphy/ptII/ptolemy/actor/lib/test/auto/TestExceptionAttribute4.xml
----------------- Instantiating /home/travis/build/icyphy/ptII/ptolemy/actor/lib/test/auto/TestExceptionAttribute4.xml
.TestExceptionAttribute4.TestExceptionAttribute: initialize() was not invoked, but wrapup() was.  This is unusual, but not always a problem.  For example, exporting JNLP will do this.
.TestExceptionAttribute4.TestExceptionAttribute2: initialize() was not invoked, but wrapup() was.  This is unusual, but not always a problem.  For example, exporting JNLP will do this.
0 ms. Memory: 1781760K Free: 637398K (36%)
----------------- Invoking toplevel() on ptolemy.moml.MoMLSimpleApplication@2ef61e23
----------------- Done invoking toplevel() on ptolemy.moml.MoMLSimpleApplication@2ef61e23
reloadAllAccessors: .TestExceptionAttribute4

===========================================================================================
----------------- testing Sun Apr 14 04:00:12 UTC 2019 /home/travis/build/icyphy/ptII/ptolemy/actor/lib/test/auto/TestExceptionHandler1.xml
----------------- Instantiating /home/travis/build/icyphy/ptII/ptolemy/actor/lib/test/auto/TestExceptionHandler1.xml
0 ms. Memory: 1781760K Free: 610524K (34%)
----------------- Invoking toplevel() on ptolemy.moml.MoMLSimpleApplication@3c1c4e66
----------------- Done invoking toplevel() on ptolemy.moml.MoMLSimpleApplication@3c1c4e66
reloadAllAccessors: .TestExceptionHandler1

===========================================================================================
----------------- testing Sun Apr 14 04:00:12 UTC 2019 /home/travis/build/icyphy/ptII/ptolemy/actor/lib/test/auto/TestExceptionHandler2.xml
----------------- Instantiating /home/travis/build/icyphy/ptII/ptolemy/actor/lib/test/auto/TestExceptionHandler2.xml
0 ms. Memory: 1781760K Free: 583649K (33%)
----------------- Invoking toplevel() on ptolemy.moml.MoMLSimpleApplication@1bb27550
----------------- Done invoking toplevel() on ptolemy.moml.MoMLSimpleApplication@1bb27550
reloadAllAccessors: .TestExceptionHandler2

===========================================================================================
----------------- testing Sun Apr 14 04:00:12 UTC 2019 /home/travis/build/icyphy/ptII/ptolemy/actor/lib/test/auto/TestExceptionHandler3.xml
----------------- Instantiating /home/travis/build/icyphy/ptII/ptolemy/actor/lib/test/auto/TestExceptionHandler3.xml
1 ms. Memory: 1781760K Free: 561394K (32%)
----------------- Invoking toplevel() on ptolemy.moml.MoMLSimpleApplication@6b4dedd0
----------------- Done invoking toplevel() on ptolemy.moml.MoMLSimpleApplication@6b4dedd0
reloadAllAccessors: .TestExceptionHandler3

===========================================================================================
----------------- testing Sun Apr 14 04:00:12 UTC 2019 /home/travis/build/icyphy/ptII/ptolemy/actor/lib/test/auto/TestExceptionHandler4.xml
----------------- Instantiating /home/travis/build/icyphy/ptII/ptolemy/actor/lib/test/auto/TestExceptionHandler4.xml
1 ms. Memory: 1781760K Free: 534520K (30%)
----------------- Invoking toplevel() on ptolemy.moml.MoMLSimpleApplication@7c358a5
----------------- Done invoking toplevel() on ptolemy.moml.MoMLSimpleApplication@7c358a5
reloadAllAccessors: .TestExceptionHandler4

===========================================================================================
----------------- testing Sun Apr 14 04:00:12 UTC 2019 /home/travis/build/icyphy/ptII/ptolemy/actor/lib/test/auto/TestRequireCorrectOrder.xml
----------------- Instantiating /home/travis/build/icyphy/ptII/ptolemy/actor/lib/test/auto/TestRequireCorrectOrder.xml
2 ms. Memory: 1781760K Free: 512265K (29%)
----------------- Invoking toplevel() on ptolemy.moml.MoMLSimpleApplication@6633bfab
----------------- Done invoking toplevel() on ptolemy.moml.MoMLSimpleApplication@6633bfab
reloadAllAccessors: .TestRequireCorrectOrder

===========================================================================================
----------------- testing Sun Apr 14 04:00:12 UTC 2019 /home/travis/build/icyphy/ptII/ptolemy/actor/lib/test/auto/TestSimple.xml
----------------- Instantiating /home/travis/build/icyphy/ptII/ptolemy/actor/lib/test/auto/TestSimple.xml
1 ms. Memory: 1781760K Free: 485391K (27%)
----------------- Invoking toplevel() on ptolemy.moml.MoMLSimpleApplication@4af60198
----------------- Done invoking toplevel() on ptolemy.moml.MoMLSimpleApplication@4af60198
reloadAllAccessors: .TestSimple

===========================================================================================
----------------- testing Sun Apr 14 04:00:12 UTC 2019 /home/travis/build/icyphy/ptII/ptolemy/actor/lib/test/auto/ThrowModelError.xml
----------------- Instantiating /home/travis/build/icyphy/ptII/ptolemy/actor/lib/test/auto/ThrowModelError.xml
3 ms. Memory: 1781760K Free: 463136K (26%)
----------------- Invoking toplevel() on ptolemy.moml.MoMLSimpleApplication@7e8bcdb4
----------------- Done invoking toplevel() on ptolemy.moml.MoMLSimpleApplication@7e8bcdb4
reloadAllAccessors: .ThrowModelError

===========================================================================================
----------------- testing Sun Apr 14 04:00:12 UTC 2019 /home/travis/build/icyphy/ptII/ptolemy/actor/lib/test/auto/TimeDelayMicrosteps.xml
----------------- Instantiating /home/travis/build/icyphy/ptII/ptolemy/actor/lib/test/auto/TimeDelayMicrosteps.xml
3 ms. Memory: 1781760K Free: 436261K (24%)
----------------- Invoking toplevel() on ptolemy.moml.MoMLSimpleApplication@5bc5ff8e
----------------- Done invoking toplevel() on ptolemy.moml.MoMLSimpleApplication@5bc5ff8e
reloadAllAccessors: .TimeDelayMicrosteps

===========================================================================================
----------------- testing Sun Apr 14 04:00:12 UTC 2019 /home/travis/build/icyphy/ptII/ptolemy/actor/lib/test/auto/TimeDelayMicrosteps2.xml
----------------- Instantiating /home/travis/build/icyphy/ptII/ptolemy/actor/lib/test/auto/TimeDelayMicrosteps2.xml
3 ms. Memory: 1781760K Free: 414006K (23%)
----------------- Invoking toplevel() on ptolemy.moml.MoMLSimpleApplication@4a6a9d21
----------------- Done invoking toplevel() on ptolemy.moml.MoMLSimpleApplication@4a6a9d21
reloadAllAccessors: .TimeDelayMicrosteps2

===========================================================================================
----------------- testing Sun Apr 14 04:00:12 UTC 2019 /home/travis/build/icyphy/ptII/ptolemy/actor/lib/test/auto/TimeDelayMicrosteps3.xml
----------------- Instantiating /home/travis/build/icyphy/ptII/ptolemy/actor/lib/test/auto/TimeDelayMicrosteps3.xml
2 ms. Memory: 1781760K Free: 387132K (22%)
----------------- Invoking toplevel() on ptolemy.moml.MoMLSimpleApplication@749c1154
----------------- Done invoking toplevel() on ptolemy.moml.MoMLSimpleApplication@749c1154
reloadAllAccessors: .TimeDelayMicrosteps3

===========================================================================================
----------------- testing Sun Apr 14 04:00:12 UTC 2019 /home/travis/build/icyphy/ptII/ptolemy/actor/lib/test/auto/TimeDelayVariableMicrosteps.xml
----------------- Instantiating /home/travis/build/icyphy/ptII/ptolemy/actor/lib/test/auto/TimeDelayVariableMicrosteps.xml
2 ms. Memory: 1781760K Free: 360258K (20%)
----------------- Invoking toplevel() on ptolemy.moml.MoMLSimpleApplication@11a1e675
----------------- Done invoking toplevel() on ptolemy.moml.MoMLSimpleApplication@11a1e675
reloadAllAccessors: .TimeDelayVariableMicrosteps

===========================================================================================
----------------- testing Sun Apr 14 04:00:12 UTC 2019 /home/travis/build/icyphy/ptII/ptolemy/actor/lib/test/auto/TimeGap.xml
----------------- Instantiating /home/travis/build/icyphy/ptII/ptolemy/actor/lib/test/auto/TimeGap.xml
2 ms. Memory: 1781760K Free: 338003K (19%)
----------------- Invoking toplevel() on ptolemy.moml.MoMLSimpleApplication@5e89bd48
----------------- Done invoking toplevel() on ptolemy.moml.MoMLSimpleApplication@5e89bd48
reloadAllAccessors: .TimeGap

===========================================================================================
----------------- testing Sun Apr 14 04:00:12 UTC 2019 /home/travis/build/icyphy/ptII/ptolemy/actor/lib/test/auto/TimeGap2.xml
----------------- Instantiating /home/travis/build/icyphy/ptII/ptolemy/actor/lib/test/auto/TimeGap2.xml
2 ms. Memory: 1781760K Free: 311129K (17%)
----------------- Invoking toplevel() on ptolemy.moml.MoMLSimpleApplication@58e5b55f
----------------- Done invoking toplevel() on ptolemy.moml.MoMLSimpleApplication@58e5b55f
reloadAllAccessors: .TimeGap2

===========================================================================================
----------------- testing Sun Apr 14 04:00:12 UTC 2019 /home/travis/build/icyphy/ptII/ptolemy/actor/lib/test/auto/TimedSinewave.xml
----------------- Instantiating /home/travis/build/icyphy/ptII/ptolemy/actor/lib/test/auto/TimedSinewave.xml
14 ms. Memory: 1781760K Free: 288874K (16%)
----------------- Invoking toplevel() on ptolemy.moml.MoMLSimpleApplication@7e17b223
----------------- Done invoking toplevel() on ptolemy.moml.MoMLSimpleApplication@7e17b223
reloadAllAccessors: .TimedSinewave

===========================================================================================
----------------- testing Sun Apr 14 04:00:12 UTC 2019 /home/travis/build/icyphy/ptII/ptolemy/actor/lib/test/auto/TimedSinewavePhase.xml
----------------- Instantiating /home/travis/build/icyphy/ptII/ptolemy/actor/lib/test/auto/TimedSinewavePhase.xml
10 ms. Memory: 1781760K Free: 262000K (15%)
----------------- Invoking toplevel() on ptolemy.moml.MoMLSimpleApplication@409e6e76
----------------- Done invoking toplevel() on ptolemy.moml.MoMLSimpleApplication@409e6e76
reloadAllAccessors: .TimedSinewavePhase

===========================================================================================
----------------- testing Sun Apr 14 04:00:12 UTC 2019 /home/travis/build/icyphy/ptII/ptolemy/actor/lib/test/auto/Timer.xml
----------------- Instantiating /home/travis/build/icyphy/ptII/ptolemy/actor/lib/test/auto/Timer.xml
2 ms. Memory: 1781760K Free: 239745K (13%)
----------------- Invoking toplevel() on ptolemy.moml.MoMLSimpleApplication@68a523c6
----------------- Done invoking toplevel() on ptolemy.moml.MoMLSimpleApplication@68a523c6
reloadAllAccessors: .Timer

===========================================================================================
----------------- testing Sun Apr 14 04:00:12 UTC 2019 /home/travis/build/icyphy/ptII/ptolemy/actor/lib/test/auto/TriangularDistTestModel.xml
----------------- Instantiating /home/travis/build/icyphy/ptII/ptolemy/actor/lib/test/auto/TriangularDistTestModel.xml
3 ms. Memory: 1781760K Free: 212870K (12%)
----------------- Invoking toplevel() on ptolemy.moml.MoMLSimpleApplication@552e3558
----------------- Done invoking toplevel() on ptolemy.moml.MoMLSimpleApplication@552e3558
reloadAllAccessors: .TriangularDistTestModel

===========================================================================================
----------------- testing Sun Apr 14 04:00:12 UTC 2019 /home/travis/build/icyphy/ptII/ptolemy/actor/lib/test/auto/TrigFunction.xml
----------------- Instantiating /home/travis/build/icyphy/ptII/ptolemy/actor/lib/test/auto/TrigFunction.xml
2 ms. Memory: 1781760K Free: 185996K (10%)
----------------- Invoking toplevel() on ptolemy.moml.MoMLSimpleApplication@635482f6
----------------- Done invoking toplevel() on ptolemy.moml.MoMLSimpleApplication@635482f6
reloadAllAccessors: .TrigFunction

===========================================================================================
----------------- testing Sun Apr 14 04:00:12 UTC 2019 /home/travis/build/icyphy/ptII/ptolemy/actor/lib/test/auto/TrigFunctionDE.xml
----------------- Instantiating /home/travis/build/icyphy/ptII/ptolemy/actor/lib/test/auto/TrigFunctionDE.xml
3 ms. Memory: 1781760K Free: 163741K (9%)
----------------- Invoking toplevel() on ptolemy.moml.MoMLSimpleApplication@13403fda
----------------- Done invoking toplevel() on ptolemy.moml.MoMLSimpleApplication@13403fda
reloadAllAccessors: .TrigFunctionDE

===========================================================================================
----------------- testing Sun Apr 14 04:00:12 UTC 2019 /home/travis/build/icyphy/ptII/ptolemy/actor/lib/test/auto/TrigFunctionInverse.xml
----------------- Instantiating /home/travis/build/icyphy/ptII/ptolemy/actor/lib/test/auto/TrigFunctionInverse.xml
2 ms. Memory: 1781760K Free: 136867K (8%)
----------------- Invoking toplevel() on ptolemy.moml.MoMLSimpleApplication@18dbc5e3
----------------- Done invoking toplevel() on ptolemy.moml.MoMLSimpleApplication@18dbc5e3
reloadAllAccessors: .TrigFunctionInverse

===========================================================================================
----------------- testing Sun Apr 14 04:00:12 UTC 2019 /home/travis/build/icyphy/ptII/ptolemy/actor/lib/test/auto/TrigFunctionTan.xml
----------------- Instantiating /home/travis/build/icyphy/ptII/ptolemy/actor/lib/test/auto/TrigFunctionTan.xml
2 ms. Memory: 1781760K Free: 114612K (6%)
----------------- Invoking toplevel() on ptolemy.moml.MoMLSimpleApplication@771bce83
----------------- Done invoking toplevel() on ptolemy.moml.MoMLSimpleApplication@771bce83
reloadAllAccessors: .TrigFunctionTan

===========================================================================================
----------------- testing Sun Apr 14 04:00:12 UTC 2019 /home/travis/build/icyphy/ptII/ptolemy/actor/lib/test/auto/TriggeredClock.xml
----------------- Instantiating /home/travis/build/icyphy/ptII/ptolemy/actor/lib/test/auto/TriggeredClock.xml
2 ms. Memory: 1781760K Free: 87737K (5%)
----------------- Invoking toplevel() on ptolemy.moml.MoMLSimpleApplication@2f76e877
----------------- Done invoking toplevel() on ptolemy.moml.MoMLSimpleApplication@2f76e877
reloadAllAccessors: .TriggeredClock

===========================================================================================
----------------- testing Sun Apr 14 04:00:12 UTC 2019 /home/travis/build/icyphy/ptII/ptolemy/actor/lib/test/auto/URLDirectoryReader.xml
----------------- Instantiating /home/travis/build/icyphy/ptII/ptolemy/actor/lib/test/auto/URLDirectoryReader.xml
50 ms. Memory: 1783296K Free: 1737532K (97%)
----------------- Invoking toplevel() on ptolemy.moml.MoMLSimpleApplication@37cd7afe
----------------- Done invoking toplevel() on ptolemy.moml.MoMLSimpleApplication@37cd7afe
reloadAllAccessors: .URLDirectoryReader

===========================================================================================
----------------- testing Sun Apr 14 04:00:12 UTC 2019 /home/travis/build/icyphy/ptII/ptolemy/actor/lib/test/auto/URLDirectoryReader3.xml
----------------- Instantiating /home/travis/build/icyphy/ptII/ptolemy/actor/lib/test/auto/URLDirectoryReader3.xml
1297 ms. Memory: 1783296K Free: 1661145K (93%)
----------------- Invoking toplevel() on ptolemy.moml.MoMLSimpleApplication@3c4a4916
----------------- Done invoking toplevel() on ptolemy.moml.MoMLSimpleApplication@3c4a4916
reloadAllAccessors: .URLDirectoryReader3

===========================================================================================
----------------- testing Sun Apr 14 04:00:14 UTC 2019 /home/travis/build/icyphy/ptII/ptolemy/actor/lib/test/auto/UnaryMathFunction.xml
----------------- Instantiating /home/travis/build/icyphy/ptII/ptolemy/actor/lib/test/auto/UnaryMathFunction.xml
8 ms. Memory: 1783296K Free: 1640436K (92%)
----------------- Invoking toplevel() on ptolemy.moml.MoMLSimpleApplication@33ba5bb2
----------------- Done invoking toplevel() on ptolemy.moml.MoMLSimpleApplication@33ba5bb2
reloadAllAccessors: .UnaryMathFunction

===========================================================================================
----------------- testing Sun Apr 14 04:00:14 UTC 2019 /home/travis/build/icyphy/ptII/ptolemy/actor/lib/test/auto/Uniform.xml
----------------- Instantiating /home/travis/build/icyphy/ptII/ptolemy/actor/lib/test/auto/Uniform.xml
9 ms. Memory: 1783296K Free: 1623745K (91%)
----------------- Invoking toplevel() on ptolemy.moml.MoMLSimpleApplication@179d1df4
----------------- Done invoking toplevel() on ptolemy.moml.MoMLSimpleApplication@179d1df4
reloadAllAccessors: .Uniform

===========================================================================================
----------------- testing Sun Apr 14 04:00:14 UTC 2019 /home/travis/build/icyphy/ptII/ptolemy/actor/lib/test/auto/UnionDisassemblerTest.xml
----------------- Instantiating /home/travis/build/icyphy/ptII/ptolemy/actor/lib/test/auto/UnionDisassemblerTest.xml
14 ms. Memory: 1783296K Free: 1603035K (90%)
----------------- Invoking toplevel() on ptolemy.moml.MoMLSimpleApplication@1268b7ef
----------------- Done invoking toplevel() on ptolemy.moml.MoMLSimpleApplication@1268b7ef
reloadAllAccessors: .UnionDisassemblerTest

===========================================================================================
----------------- testing Sun Apr 14 04:00:14 UTC 2019 /home/travis/build/icyphy/ptII/ptolemy/actor/lib/test/auto/UtilityFunctions.xml
----------------- Instantiating /home/travis/build/icyphy/ptII/ptolemy/actor/lib/test/auto/UtilityFunctions.xml
1 ms. Memory: 1783296K Free: 1582325K (89%)
----------------- Invoking toplevel() on ptolemy.moml.MoMLSimpleApplication@5bc49145
----------------- Done invoking toplevel() on ptolemy.moml.MoMLSimpleApplication@5bc49145
reloadAllAccessors: .UtilityFunctions

===========================================================================================
----------------- testing Sun Apr 14 04:00:14 UTC 2019 /home/travis/build/icyphy/ptII/ptolemy/actor/lib/test/auto/VariableSleep.xml
----------------- Instantiating /home/travis/build/icyphy/ptII/ptolemy/actor/lib/test/auto/VariableSleep.xml
503 ms. Memory: 1783296K Free: 1565634K (88%)
----------------- Invoking toplevel() on ptolemy.moml.MoMLSimpleApplication@5bb288e5
----------------- Done invoking toplevel() on ptolemy.moml.MoMLSimpleApplication@5bb288e5
reloadAllAccessors: .VariableSleep

===========================================================================================
----------------- testing Sun Apr 14 04:00:14 UTC 2019 /home/travis/build/icyphy/ptII/ptolemy/actor/lib/test/auto/VectorAssemblerDisassemblerCT.xml
----------------- Instantiating /home/travis/build/icyphy/ptII/ptolemy/actor/lib/test/auto/VectorAssemblerDisassemblerCT.xml
71 ms. Memory: 1783296K Free: 1536579K (86%)
----------------- Invoking toplevel() on ptolemy.moml.MoMLSimpleApplication@3be74a70
----------------- Done invoking toplevel() on ptolemy.moml.MoMLSimpleApplication@3be74a70
reloadAllAccessors: .VectorAssemblerDisassemblerCT

===========================================================================================
----------------- testing Sun Apr 14 04:00:15 UTC 2019 /home/travis/build/icyphy/ptII/ptolemy/actor/lib/test/auto/VectorAssemblerDisassemblerDE.xml
----------------- Instantiating /home/travis/build/icyphy/ptII/ptolemy/actor/lib/test/auto/VectorAssemblerDisassemblerDE.xml
2 ms. Memory: 1783296K Free: 1515870K (85%)
----------------- Invoking toplevel() on ptolemy.moml.MoMLSimpleApplication@26b3717d
----------------- Done invoking toplevel() on ptolemy.moml.MoMLSimpleApplication@26b3717d
reloadAllAccessors: .VectorAssemblerDisassemblerDE

===========================================================================================
----------------- testing Sun Apr 14 04:00:15 UTC 2019 /home/travis/build/icyphy/ptII/ptolemy/actor/lib/test/auto/VectorAssemblerDisassemblerSDF.xml
----------------- Instantiating /home/travis/build/icyphy/ptII/ptolemy/actor/lib/test/auto/VectorAssemblerDisassemblerSDF.xml
2 ms. Memory: 1783296K Free: 1499178K (84%)
----------------- Invoking toplevel() on ptolemy.moml.MoMLSimpleApplication@1f3bb958
----------------- Done invoking toplevel() on ptolemy.moml.MoMLSimpleApplication@1f3bb958
reloadAllAccessors: .VectorAssemblerDisassemblerSDF

===========================================================================================
----------------- testing Sun Apr 14 04:00:15 UTC 2019 /home/travis/build/icyphy/ptII/ptolemy/actor/lib/test/auto/WallClockTime.xml
----------------- Instantiating /home/travis/build/icyphy/ptII/ptolemy/actor/lib/test/auto/WallClockTime.xml
1005 ms. Memory: 1783296K Free: 1478469K (83%)
----------------- Invoking toplevel() on ptolemy.moml.MoMLSimpleApplication@2edb2864
----------------- Done invoking toplevel() on ptolemy.moml.MoMLSimpleApplication@2edb2864
reloadAllAccessors: .WallClockTime

===========================================================================================
----------------- testing Sun Apr 14 04:00:16 UTC 2019 /home/travis/build/icyphy/ptII/ptolemy/actor/lib/test/auto/WidthTestWithSubscriberPublisher.xml
----------------- Instantiating /home/travis/build/icyphy/ptII/ptolemy/actor/lib/test/auto/WidthTestWithSubscriberPublisher.xml
6 ms. Memory: 1783296K Free: 1449413K (81%)
----------------- Invoking toplevel() on ptolemy.moml.MoMLSimpleApplication@5a90309c
----------------- Done invoking toplevel() on ptolemy.moml.MoMLSimpleApplication@5a90309c
reloadAllAccessors: .WidthTestWithSubscriberPublisher

===========================================================================================
----------------- testing Sun Apr 14 04:00:16 UTC 2019 /home/travis/build/icyphy/ptII/ptolemy/actor/lib/test/auto/WidthTestWithSubscriberPublisher2.xml
----------------- Instantiating /home/travis/build/icyphy/ptII/ptolemy/actor/lib/test/auto/WidthTestWithSubscriberPublisher2.xml
2 ms. Memory: 1783296K Free: 1432722K (80%)
----------------- Invoking toplevel() on ptolemy.moml.MoMLSimpleApplication@3ed5cd8f
----------------- Done invoking toplevel() on ptolemy.moml.MoMLSimpleApplication@3ed5cd8f
reloadAllAccessors: .WidthTestWithSubscriberPublisher2

===========================================================================================
----------------- testing Sun Apr 14 04:00:16 UTC 2019 /home/travis/build/icyphy/ptII/ptolemy/actor/lib/test/auto/WidthTestWithSubscriberPublisher3.xml
----------------- Instantiating /home/travis/build/icyphy/ptII/ptolemy/actor/lib/test/auto/WidthTestWithSubscriberPublisher3.xml
2 ms. Memory: 1783296K Free: 1412013K (79%)
----------------- Invoking toplevel() on ptolemy.moml.MoMLSimpleApplication@645282e2
----------------- Done invoking toplevel() on ptolemy.moml.MoMLSimpleApplication@645282e2
reloadAllAccessors: .WidthTestWithSubscriberPublisher3

===========================================================================================
----------------- testing Sun Apr 14 04:00:16 UTC 2019 /home/travis/build/icyphy/ptII/ptolemy/actor/lib/test/auto/Writer.xml
----------------- Instantiating /home/travis/build/icyphy/ptII/ptolemy/actor/lib/test/auto/Writer.xml
0
1
2
3
4
1 ms. Memory: 1783296K Free: 1391303K (78%)
----------------- Invoking toplevel() on ptolemy.moml.MoMLSimpleApplication@1e45e801
----------------- Done invoking toplevel() on ptolemy.moml.MoMLSimpleApplication@1e45e801
reloadAllAccessors: .Writer

===========================================================================================
----------------- testing Sun Apr 14 04:00:16 UTC 2019 /home/travis/build/icyphy/ptII/ptolemy/actor/lib/test/auto/array.xml
----------------- Instantiating /home/travis/build/icyphy/ptII/ptolemy/actor/lib/test/auto/array.xml
2 ms. Memory: 1783296K Free: 1374612K (77%)
----------------- Invoking toplevel() on ptolemy.moml.MoMLSimpleApplication@453e7d99
----------------- Done invoking toplevel() on ptolemy.moml.MoMLSimpleApplication@453e7d99
reloadAllAccessors: .array

===========================================================================================
----------------- testing Sun Apr 14 04:00:16 UTC 2019 /home/travis/build/icyphy/ptII/ptolemy/actor/lib/test/auto/array2.xml
----------------- Instantiating /home/travis/build/icyphy/ptII/ptolemy/actor/lib/test/auto/array2.xml
6 ms. Memory: 1783296K Free: 1353903K (76%)
----------------- Invoking toplevel() on ptolemy.moml.MoMLSimpleApplication@4901e6d1
----------------- Done invoking toplevel() on ptolemy.moml.MoMLSimpleApplication@4901e6d1
reloadAllAccessors: .array2

===========================================================================================
----------------- testing Sun Apr 14 04:00:16 UTC 2019 /home/travis/build/icyphy/ptII/ptolemy/actor/lib/test/auto/arrayType.xml
----------------- Instantiating /home/travis/build/icyphy/ptII/ptolemy/actor/lib/test/auto/arrayType.xml
1 ms. Memory: 1783296K Free: 1333193K (75%)
----------------- Invoking toplevel() on ptolemy.moml.MoMLSimpleApplication@45ef75b3
----------------- Done invoking toplevel() on ptolemy.moml.MoMLSimpleApplication@45ef75b3
reloadAllAccessors: .arrayType

===========================================================================================
----------------- testing Sun Apr 14 04:00:16 UTC 2019 /home/travis/build/icyphy/ptII/ptolemy/actor/lib/test/auto/arrayType10.xml
----------------- Instantiating /home/travis/build/icyphy/ptII/ptolemy/actor/lib/test/auto/arrayType10.xml
2 ms. Memory: 1783296K Free: 1316502K (74%)
----------------- Invoking toplevel() on ptolemy.moml.MoMLSimpleApplication@23a248a6
----------------- Done invoking toplevel() on ptolemy.moml.MoMLSimpleApplication@23a248a6
reloadAllAccessors: .arrayType10

===========================================================================================
----------------- testing Sun Apr 14 04:00:16 UTC 2019 /home/travis/build/icyphy/ptII/ptolemy/actor/lib/test/auto/arrayType11.xml
----------------- Instantiating /home/travis/build/icyphy/ptII/ptolemy/actor/lib/test/auto/arrayType11.xml
2 ms. Memory: 1783296K Free: 1295793K (73%)
----------------- Invoking toplevel() on ptolemy.moml.MoMLSimpleApplication@14db5d1d
----------------- Done invoking toplevel() on ptolemy.moml.MoMLSimpleApplication@14db5d1d
reloadAllAccessors: .arrayType11

===========================================================================================
----------------- testing Sun Apr 14 04:00:16 UTC 2019 /home/travis/build/icyphy/ptII/ptolemy/actor/lib/test/auto/arrayType12.xml
----------------- Instantiating /home/travis/build/icyphy/ptII/ptolemy/actor/lib/test/auto/arrayType12.xml
2 ms. Memory: 1783296K Free: 1275083K (72%)
----------------- Invoking toplevel() on ptolemy.moml.MoMLSimpleApplication@5d7d7cc4
----------------- Done invoking toplevel() on ptolemy.moml.MoMLSimpleApplication@5d7d7cc4
reloadAllAccessors: .arrayType12

===========================================================================================
----------------- testing Sun Apr 14 04:00:16 UTC 2019 /home/travis/build/icyphy/ptII/ptolemy/actor/lib/test/auto/arrayType13.xml
----------------- Instantiating /home/travis/build/icyphy/ptII/ptolemy/actor/lib/test/auto/arrayType13.xml
1 ms. Memory: 1783296K Free: 1258392K (71%)
----------------- Invoking toplevel() on ptolemy.moml.MoMLSimpleApplication@628712e2
----------------- Done invoking toplevel() on ptolemy.moml.MoMLSimpleApplication@628712e2
reloadAllAccessors: .arrayType13

===========================================================================================
----------------- testing Sun Apr 14 04:00:16 UTC 2019 /home/travis/build/icyphy/ptII/ptolemy/actor/lib/test/auto/arrayType14.xml
----------------- Instantiating /home/travis/build/icyphy/ptII/ptolemy/actor/lib/test/auto/arrayType14.xml
3 ms. Memory: 1783296K Free: 1237683K (69%)
----------------- Invoking toplevel() on ptolemy.moml.MoMLSimpleApplication@7bedaf1c
----------------- Done invoking toplevel() on ptolemy.moml.MoMLSimpleApplication@7bedaf1c
reloadAllAccessors: .arrayType14

===========================================================================================
----------------- testing Sun Apr 14 04:00:16 UTC 2019 /home/travis/build/icyphy/ptII/ptolemy/actor/lib/test/auto/arrayType15.xml
----------------- Instantiating /home/travis/build/icyphy/ptII/ptolemy/actor/lib/test/auto/arrayType15.xml
1 ms. Memory: 1783296K Free: 1216973K (68%)
----------------- Invoking toplevel() on ptolemy.moml.MoMLSimpleApplication@5be4bea7
----------------- Done invoking toplevel() on ptolemy.moml.MoMLSimpleApplication@5be4bea7
reloadAllAccessors: .arrayType15

===========================================================================================
----------------- testing Sun Apr 14 04:00:16 UTC 2019 /home/travis/build/icyphy/ptII/ptolemy/actor/lib/test/auto/arrayType16.xml
----------------- Instantiating /home/travis/build/icyphy/ptII/ptolemy/actor/lib/test/auto/arrayType16.xml
1 ms. Memory: 1783296K Free: 1200282K (67%)
----------------- Invoking toplevel() on ptolemy.moml.MoMLSimpleApplication@243c67a8
----------------- Done invoking toplevel() on ptolemy.moml.MoMLSimpleApplication@243c67a8
reloadAllAccessors: .arrayType16

===========================================================================================
----------------- testing Sun Apr 14 04:00:16 UTC 2019 /home/travis/build/icyphy/ptII/ptolemy/actor/lib/test/auto/arrayType17.xml
----------------- Instantiating /home/travis/build/icyphy/ptII/ptolemy/actor/lib/test/auto/arrayType17.xml
2 ms. Memory: 1783296K Free: 1179573K (66%)
----------------- Invoking toplevel() on ptolemy.moml.MoMLSimpleApplication@42e01475
----------------- Done invoking toplevel() on ptolemy.moml.MoMLSimpleApplication@42e01475
reloadAllAccessors: .arrayType17

===========================================================================================
----------------- testing Sun Apr 14 04:00:16 UTC 2019 /home/travis/build/icyphy/ptII/ptolemy/actor/lib/test/auto/arrayType18.xml
----------------- Instantiating /home/travis/build/icyphy/ptII/ptolemy/actor/lib/test/auto/arrayType18.xml
1 ms. Memory: 1783296K Free: 1158864K (65%)
----------------- Invoking toplevel() on ptolemy.moml.MoMLSimpleApplication@53ad6a2a
----------------- Done invoking toplevel() on ptolemy.moml.MoMLSimpleApplication@53ad6a2a
reloadAllAccessors: .arrayType18

===========================================================================================
----------------- testing Sun Apr 14 04:00:16 UTC 2019 /home/travis/build/icyphy/ptII/ptolemy/actor/lib/test/auto/arrayType19.xml
----------------- Instantiating /home/travis/build/icyphy/ptII/ptolemy/actor/lib/test/auto/arrayType19.xml
1 ms. Memory: 1783296K Free: 1142172K (64%)
----------------- Invoking toplevel() on ptolemy.moml.MoMLSimpleApplication@6067110
----------------- Done invoking toplevel() on ptolemy.moml.MoMLSimpleApplication@6067110
reloadAllAccessors: .arrayType19

===========================================================================================
----------------- testing Sun Apr 14 04:00:16 UTC 2019 /home/travis/build/icyphy/ptII/ptolemy/actor/lib/test/auto/arrayType2.xml
----------------- Instantiating /home/travis/build/icyphy/ptII/ptolemy/actor/lib/test/auto/arrayType2.xml
2 ms. Memory: 1783296K Free: 1121463K (63%)
----------------- Invoking toplevel() on ptolemy.moml.MoMLSimpleApplication@596b71b0
----------------- Done invoking toplevel() on ptolemy.moml.MoMLSimpleApplication@596b71b0
reloadAllAccessors: .arrayType2

===========================================================================================
----------------- testing Sun Apr 14 04:00:16 UTC 2019 /home/travis/build/icyphy/ptII/ptolemy/actor/lib/test/auto/arrayType20.xml
----------------- Instantiating /home/travis/build/icyphy/ptII/ptolemy/actor/lib/test/auto/arrayType20.xml
1 ms. Memory: 1783296K Free: 1100753K (62%)
----------------- Invoking toplevel() on ptolemy.moml.MoMLSimpleApplication@4c55b672
----------------- Done invoking toplevel() on ptolemy.moml.MoMLSimpleApplication@4c55b672
reloadAllAccessors: .arrayType20

===========================================================================================
----------------- testing Sun Apr 14 04:00:16 UTC 2019 /home/travis/build/icyphy/ptII/ptolemy/actor/lib/test/auto/arrayType21.xml
----------------- Instantiating /home/travis/build/icyphy/ptII/ptolemy/actor/lib/test/auto/arrayType21.xml
1 ms. Memory: 1783296K Free: 1084062K (61%)
----------------- Invoking toplevel() on ptolemy.moml.MoMLSimpleApplication@1f17153d
----------------- Done invoking toplevel() on ptolemy.moml.MoMLSimpleApplication@1f17153d
reloadAllAccessors: .arrayType21

===========================================================================================
----------------- testing Sun Apr 14 04:00:16 UTC 2019 /home/travis/build/icyphy/ptII/ptolemy/actor/lib/test/auto/arrayType22.xml
----------------- Instantiating /home/travis/build/icyphy/ptII/ptolemy/actor/lib/test/auto/arrayType22.xml
2 ms. Memory: 1783296K Free: 1063352K (60%)
----------------- Invoking toplevel() on ptolemy.moml.MoMLSimpleApplication@1efa2ab3
----------------- Done invoking toplevel() on ptolemy.moml.MoMLSimpleApplication@1efa2ab3
reloadAllAccessors: .arrayType22

===========================================================================================
----------------- testing Sun Apr 14 04:00:16 UTC 2019 /home/travis/build/icyphy/ptII/ptolemy/actor/lib/test/auto/arrayType23.xml
----------------- Instantiating /home/travis/build/icyphy/ptII/ptolemy/actor/lib/test/auto/arrayType23.xml
2 ms. Memory: 1783296K Free: 1042643K (58%)
----------------- Invoking toplevel() on ptolemy.moml.MoMLSimpleApplication@19abb04b
----------------- Done invoking toplevel() on ptolemy.moml.MoMLSimpleApplication@19abb04b
reloadAllAccessors: .arrayType23

===========================================================================================
----------------- testing Sun Apr 14 04:00:16 UTC 2019 /home/travis/build/icyphy/ptII/ptolemy/actor/lib/test/auto/arrayType24.xml
----------------- Instantiating /home/travis/build/icyphy/ptII/ptolemy/actor/lib/test/auto/arrayType24.xml
3 ms. Memory: 1783296K Free: 1025952K (58%)
----------------- Invoking toplevel() on ptolemy.moml.MoMLSimpleApplication@4033f4c8
----------------- Done invoking toplevel() on ptolemy.moml.MoMLSimpleApplication@4033f4c8
reloadAllAccessors: .arrayType24

===========================================================================================
----------------- testing Sun Apr 14 04:00:16 UTC 2019 /home/travis/build/icyphy/ptII/ptolemy/actor/lib/test/auto/arrayType25.xml
----------------- Instantiating /home/travis/build/icyphy/ptII/ptolemy/actor/lib/test/auto/arrayType25.xml
2 ms. Memory: 1783296K Free: 1005242K (56%)
----------------- Invoking toplevel() on ptolemy.moml.MoMLSimpleApplication@21ec219e
----------------- Done invoking toplevel() on ptolemy.moml.MoMLSimpleApplication@21ec219e
reloadAllAccessors: .arrayType25

===========================================================================================
----------------- testing Sun Apr 14 04:00:16 UTC 2019 /home/travis/build/icyphy/ptII/ptolemy/actor/lib/test/auto/arrayType26.xml
----------------- Instantiating /home/travis/build/icyphy/ptII/ptolemy/actor/lib/test/auto/arrayType26.xml
2 ms. Memory: 1783296K Free: 984533K (55%)
----------------- Invoking toplevel() on ptolemy.moml.MoMLSimpleApplication@445a3701
----------------- Done invoking toplevel() on ptolemy.moml.MoMLSimpleApplication@445a3701
reloadAllAccessors: .arrayType26

===========================================================================================
----------------- testing Sun Apr 14 04:00:16 UTC 2019 /home/travis/build/icyphy/ptII/ptolemy/actor/lib/test/auto/arrayType27.xml
----------------- Instantiating /home/travis/build/icyphy/ptII/ptolemy/actor/lib/test/auto/arrayType27.xml
2 ms. Memory: 1783296K Free: 967842K (54%)
----------------- Invoking toplevel() on ptolemy.moml.MoMLSimpleApplication@309130b9
----------------- Done invoking toplevel() on ptolemy.moml.MoMLSimpleApplication@309130b9
reloadAllAccessors: .arrayType27

===========================================================================================
----------------- testing Sun Apr 14 04:00:16 UTC 2019 /home/travis/build/icyphy/ptII/ptolemy/actor/lib/test/auto/arrayType28.xml
----------------- Instantiating /home/travis/build/icyphy/ptII/ptolemy/actor/lib/test/auto/arrayType28.xml
2 ms. Memory: 1783296K Free: 947132K (53%)
----------------- Invoking toplevel() on ptolemy.moml.MoMLSimpleApplication@308d13ea
----------------- Done invoking toplevel() on ptolemy.moml.MoMLSimpleApplication@308d13ea
reloadAllAccessors: .arrayType28

===========================================================================================
----------------- testing Sun Apr 14 04:00:16 UTC 2019 /home/travis/build/icyphy/ptII/ptolemy/actor/lib/test/auto/arrayType3.xml
----------------- Instantiating /home/travis/build/icyphy/ptII/ptolemy/actor/lib/test/auto/arrayType3.xml
2 ms. Memory: 1783296K Free: 926423K (52%)
----------------- Invoking toplevel() on ptolemy.moml.MoMLSimpleApplication@5873a2e4
----------------- Done invoking toplevel() on ptolemy.moml.MoMLSimpleApplication@5873a2e4
reloadAllAccessors: .arrayType3

===========================================================================================
----------------- testing Sun Apr 14 04:00:16 UTC 2019 /home/travis/build/icyphy/ptII/ptolemy/actor/lib/test/auto/arrayType4.xml
----------------- Instantiating /home/travis/build/icyphy/ptII/ptolemy/actor/lib/test/auto/arrayType4.xml
1 ms. Memory: 1783296K Free: 909732K (51%)
----------------- Invoking toplevel() on ptolemy.moml.MoMLSimpleApplication@7e378e9e
----------------- Done invoking toplevel() on ptolemy.moml.MoMLSimpleApplication@7e378e9e
reloadAllAccessors: .arrayType4

===========================================================================================
----------------- testing Sun Apr 14 04:00:16 UTC 2019 /home/travis/build/icyphy/ptII/ptolemy/actor/lib/test/auto/arrayType5.xml
----------------- Instantiating /home/travis/build/icyphy/ptII/ptolemy/actor/lib/test/auto/arrayType5.xml
3 ms. Memory: 1783296K Free: 889022K (50%)
----------------- Invoking toplevel() on ptolemy.moml.MoMLSimpleApplication@321f5fd2
----------------- Done invoking toplevel() on ptolemy.moml.MoMLSimpleApplication@321f5fd2
reloadAllAccessors: .arrayType5

===========================================================================================
----------------- testing Sun Apr 14 04:00:16 UTC 2019 /home/travis/build/icyphy/ptII/ptolemy/actor/lib/test/auto/arrayType6.xml
----------------- Instantiating /home/travis/build/icyphy/ptII/ptolemy/actor/lib/test/auto/arrayType6.xml
1 ms. Memory: 1783296K Free: 868313K (49%)
----------------- Invoking toplevel() on ptolemy.moml.MoMLSimpleApplication@346aeba0
----------------- Done invoking toplevel() on ptolemy.moml.MoMLSimpleApplication@346aeba0
reloadAllAccessors: .arrayType6

===========================================================================================
----------------- testing Sun Apr 14 04:00:16 UTC 2019 /home/travis/build/icyphy/ptII/ptolemy/actor/lib/test/auto/arrayType7.xml
----------------- Instantiating /home/travis/build/icyphy/ptII/ptolemy/actor/lib/test/auto/arrayType7.xml
2 ms. Memory: 1783296K Free: 851622K (48%)
----------------- Invoking toplevel() on ptolemy.moml.MoMLSimpleApplication@47eab6fa
----------------- Done invoking toplevel() on ptolemy.moml.MoMLSimpleApplication@47eab6fa
reloadAllAccessors: .arrayType7

===========================================================================================
----------------- testing Sun Apr 14 04:00:16 UTC 2019 /home/travis/build/icyphy/ptII/ptolemy/actor/lib/test/auto/arrayType8.xml
----------------- Instantiating /home/travis/build/icyphy/ptII/ptolemy/actor/lib/test/auto/arrayType8.xml
2 ms. Memory: 1783296K Free: 830912K (47%)
----------------- Invoking toplevel() on ptolemy.moml.MoMLSimpleApplication@143c8920
----------------- Done invoking toplevel() on ptolemy.moml.MoMLSimpleApplication@143c8920
reloadAllAccessors: .arrayType8

===========================================================================================
----------------- testing Sun Apr 14 04:00:16 UTC 2019 /home/travis/build/icyphy/ptII/ptolemy/actor/lib/test/auto/arrayType9.xml
----------------- Instantiating /home/travis/build/icyphy/ptII/ptolemy/actor/lib/test/auto/arrayType9.xml
1 ms. Memory: 1783296K Free: 810203K (45%)
----------------- Invoking toplevel() on ptolemy.moml.MoMLSimpleApplication@22e60cd3
----------------- Done invoking toplevel() on ptolemy.moml.MoMLSimpleApplication@22e60cd3
reloadAllAccessors: .arrayType9

===========================================================================================
----------------- testing Sun Apr 14 04:00:16 UTC 2019 /home/travis/build/icyphy/ptII/ptolemy/actor/lib/test/auto/cast.xml
----------------- Instantiating /home/travis/build/icyphy/ptII/ptolemy/actor/lib/test/auto/cast.xml
1 ms. Memory: 1783296K Free: 793512K (44%)
----------------- Invoking toplevel() on ptolemy.moml.MoMLSimpleApplication@1b9c4b3c
----------------- Done invoking toplevel() on ptolemy.moml.MoMLSimpleApplication@1b9c4b3c
reloadAllAccessors: .cast

===========================================================================================
----------------- testing Sun Apr 14 04:00:16 UTC 2019 /home/travis/build/icyphy/ptII/ptolemy/actor/lib/test/auto/compositeMultiPort.xml
----------------- Instantiating /home/travis/build/icyphy/ptII/ptolemy/actor/lib/test/auto/compositeMultiPort.xml
3 ms. Memory: 1783296K Free: 772803K (43%)
----------------- Invoking toplevel() on ptolemy.moml.MoMLSimpleApplication@3b234653
----------------- Done invoking toplevel() on ptolemy.moml.MoMLSimpleApplication@3b234653
reloadAllAccessors: .compositeMultiPort

===========================================================================================
----------------- testing Sun Apr 14 04:00:16 UTC 2019 /home/travis/build/icyphy/ptII/ptolemy/actor/lib/test/auto/expressionCastInference.xml
----------------- Instantiating /home/travis/build/icyphy/ptII/ptolemy/actor/lib/test/auto/expressionCastInference.xml
2 ms. Memory: 1783296K Free: 752093K (42%)
----------------- Invoking toplevel() on ptolemy.moml.MoMLSimpleApplication@387fb6d
----------------- Done invoking toplevel() on ptolemy.moml.MoMLSimpleApplication@387fb6d
reloadAllAccessors: .expressionCastInference

===========================================================================================
----------------- testing Sun Apr 14 04:00:16 UTC 2019 /home/travis/build/icyphy/ptII/ptolemy/actor/lib/test/auto/expressionCastInference2.xml
----------------- Instantiating /home/travis/build/icyphy/ptII/ptolemy/actor/lib/test/auto/expressionCastInference2.xml
3 ms. Memory: 1783296K Free: 735402K (41%)
----------------- Invoking toplevel() on ptolemy.moml.MoMLSimpleApplication@c956ab3
----------------- Done invoking toplevel() on ptolemy.moml.MoMLSimpleApplication@c956ab3
reloadAllAccessors: .expressionCastInference2

===========================================================================================
----------------- testing Sun Apr 14 04:00:16 UTC 2019 /home/travis/build/icyphy/ptII/ptolemy/actor/lib/test/auto/expressionInference.xml
----------------- Instantiating /home/travis/build/icyphy/ptII/ptolemy/actor/lib/test/auto/expressionInference.xml
1 ms. Memory: 1783296K Free: 714691K (40%)
----------------- Invoking toplevel() on ptolemy.moml.MoMLSimpleApplication@5ca6ae57
----------------- Done invoking toplevel() on ptolemy.moml.MoMLSimpleApplication@5ca6ae57
reloadAllAccessors: .expressionInference

===========================================================================================
----------------- testing Sun Apr 14 04:00:16 UTC 2019 /home/travis/build/icyphy/ptII/ptolemy/actor/lib/test/auto/expression_bug.xml
----------------- Instantiating /home/travis/build/icyphy/ptII/ptolemy/actor/lib/test/auto/expression_bug.xml
1 ms. Memory: 1783296K Free: 693982K (39%)
----------------- Invoking toplevel() on ptolemy.moml.MoMLSimpleApplication@4bdb6292
----------------- Done invoking toplevel() on ptolemy.moml.MoMLSimpleApplication@4bdb6292
reloadAllAccessors: .expression_bug

===========================================================================================
----------------- testing Sun Apr 14 04:00:16 UTC 2019 /home/travis/build/icyphy/ptII/ptolemy/actor/lib/test/auto/factorial.xml
----------------- Instantiating /home/travis/build/icyphy/ptII/ptolemy/actor/lib/test/auto/factorial.xml
28 ms. Memory: 1783296K Free: 677291K (38%)
----------------- Invoking toplevel() on ptolemy.moml.MoMLSimpleApplication@54c7352f
----------------- Done invoking toplevel() on ptolemy.moml.MoMLSimpleApplication@54c7352f
reloadAllAccessors: .factorial

===========================================================================================
----------------- testing Sun Apr 14 04:00:16 UTC 2019 /home/travis/build/icyphy/ptII/ptolemy/actor/lib/test/auto/filterTest1.xml
----------------- Instantiating /home/travis/build/icyphy/ptII/ptolemy/actor/lib/test/auto/filterTest1.xml
3 ms. Memory: 1783296K Free: 656581K (37%)
----------------- Invoking toplevel() on ptolemy.moml.MoMLSimpleApplication@5aeeccbb
----------------- Done invoking toplevel() on ptolemy.moml.MoMLSimpleApplication@5aeeccbb
reloadAllAccessors: .filterTest1

===========================================================================================
----------------- testing Sun Apr 14 04:00:16 UTC 2019 /home/travis/build/icyphy/ptII/ptolemy/actor/lib/test/auto/funcApplyInConst.xml
----------------- Instantiating /home/travis/build/icyphy/ptII/ptolemy/actor/lib/test/auto/funcApplyInConst.xml
1 ms. Memory: 1783296K Free: 635872K (36%)
----------------- Invoking toplevel() on ptolemy.moml.MoMLSimpleApplication@14664faf
----------------- Done invoking toplevel() on ptolemy.moml.MoMLSimpleApplication@14664faf
reloadAllAccessors: .funcApplyInConst

===========================================================================================
----------------- testing Sun Apr 14 04:00:16 UTC 2019 /home/travis/build/icyphy/ptII/ptolemy/actor/lib/test/auto/funcApplyInExpr.xml
----------------- Instantiating /home/travis/build/icyphy/ptII/ptolemy/actor/lib/test/auto/funcApplyInExpr.xml
2 ms. Memory: 1783296K Free: 619181K (35%)
----------------- Invoking toplevel() on ptolemy.moml.MoMLSimpleApplication@7e2424af
----------------- Done invoking toplevel() on ptolemy.moml.MoMLSimpleApplication@7e2424af
reloadAllAccessors: .funcApplyInExpr

===========================================================================================
----------------- testing Sun Apr 14 04:00:16 UTC 2019 /home/travis/build/icyphy/ptII/ptolemy/actor/lib/test/auto/function.xml
----------------- Instantiating /home/travis/build/icyphy/ptII/ptolemy/actor/lib/test/auto/function.xml
1 ms. Memory: 1783296K Free: 598471K (34%)
----------------- Invoking toplevel() on ptolemy.moml.MoMLSimpleApplication@6efc6a3f
----------------- Done invoking toplevel() on ptolemy.moml.MoMLSimpleApplication@6efc6a3f
reloadAllAccessors: .function

===========================================================================================
----------------- testing Sun Apr 14 04:00:16 UTC 2019 /home/travis/build/icyphy/ptII/ptolemy/actor/lib/test/auto/function2.xml
----------------- Instantiating /home/travis/build/icyphy/ptII/ptolemy/actor/lib/test/auto/function2.xml
2 ms. Memory: 1783296K Free: 577762K (32%)
----------------- Invoking toplevel() on ptolemy.moml.MoMLSimpleApplication@3141024e
----------------- Done invoking toplevel() on ptolemy.moml.MoMLSimpleApplication@3141024e
reloadAllAccessors: .function2

===========================================================================================
----------------- testing Sun Apr 14 04:00:17 UTC 2019 /home/travis/build/icyphy/ptII/ptolemy/actor/lib/test/auto/function3.xml
----------------- Instantiating /home/travis/build/icyphy/ptII/ptolemy/actor/lib/test/auto/function3.xml
1 ms. Memory: 1783296K Free: 561071K (31%)
----------------- Invoking toplevel() on ptolemy.moml.MoMLSimpleApplication@fbbc3b
----------------- Done invoking toplevel() on ptolemy.moml.MoMLSimpleApplication@fbbc3b
reloadAllAccessors: .function3

===========================================================================================
----------------- testing Sun Apr 14 04:00:17 UTC 2019 /home/travis/build/icyphy/ptII/ptolemy/actor/lib/test/auto/functionClosureTest1.xml
----------------- Instantiating /home/travis/build/icyphy/ptII/ptolemy/actor/lib/test/auto/functionClosureTest1.xml
2 ms. Memory: 1783296K Free: 540362K (30%)
----------------- Invoking toplevel() on ptolemy.moml.MoMLSimpleApplication@7c42fb45
----------------- Done invoking toplevel() on ptolemy.moml.MoMLSimpleApplication@7c42fb45
reloadAllAccessors: .functionClosureTest1

===========================================================================================
----------------- testing Sun Apr 14 04:00:17 UTC 2019 /home/travis/build/icyphy/ptII/ptolemy/actor/lib/test/auto/functionClosureTest2.xml
----------------- Instantiating /home/travis/build/icyphy/ptII/ptolemy/actor/lib/test/auto/functionClosureTest2.xml
6 ms. Memory: 1783296K Free: 519652K (29%)
----------------- Invoking toplevel() on ptolemy.moml.MoMLSimpleApplication@4c09640e
----------------- Done invoking toplevel() on ptolemy.moml.MoMLSimpleApplication@4c09640e
reloadAllAccessors: .functionClosureTest2

===========================================================================================
----------------- testing Sun Apr 14 04:00:17 UTC 2019 /home/travis/build/icyphy/ptII/ptolemy/actor/lib/test/auto/functionClosureTest3.xml
----------------- Instantiating /home/travis/build/icyphy/ptII/ptolemy/actor/lib/test/auto/functionClosureTest3.xml
2 ms. Memory: 1783296K Free: 502961K (28%)
----------------- Invoking toplevel() on ptolemy.moml.MoMLSimpleApplication@fb11473
----------------- Done invoking toplevel() on ptolemy.moml.MoMLSimpleApplication@fb11473
reloadAllAccessors: .functionClosureTest3

===========================================================================================
----------------- testing Sun Apr 14 04:00:17 UTC 2019 /home/travis/build/icyphy/ptII/ptolemy/actor/lib/test/auto/functionClosureTest4.xml
----------------- Instantiating /home/travis/build/icyphy/ptII/ptolemy/actor/lib/test/auto/functionClosureTest4.xml
5 ms. Memory: 1783296K Free: 482252K (27%)
----------------- Invoking toplevel() on ptolemy.moml.MoMLSimpleApplication@31bace08
----------------- Done invoking toplevel() on ptolemy.moml.MoMLSimpleApplication@31bace08
reloadAllAccessors: .functionClosureTest4

===========================================================================================
----------------- testing Sun Apr 14 04:00:17 UTC 2019 /home/travis/build/icyphy/ptII/ptolemy/actor/lib/test/auto/functionClosureTest5.xml
----------------- Instantiating /home/travis/build/icyphy/ptII/ptolemy/actor/lib/test/auto/functionClosureTest5.xml
5 ms. Memory: 1783296K Free: 461542K (26%)
----------------- Invoking toplevel() on ptolemy.moml.MoMLSimpleApplication@439016
----------------- Done invoking toplevel() on ptolemy.moml.MoMLSimpleApplication@439016
reloadAllAccessors: .functionClosureTest5

===========================================================================================
----------------- testing Sun Apr 14 04:00:17 UTC 2019 /home/travis/build/icyphy/ptII/ptolemy/actor/lib/test/auto/functionClosureTest6.xml
----------------- Instantiating /home/travis/build/icyphy/ptII/ptolemy/actor/lib/test/auto/functionClosureTest6.xml
3 ms. Memory: 1783296K Free: 444851K (25%)
----------------- Invoking toplevel() on ptolemy.moml.MoMLSimpleApplication@4853aaac
----------------- Done invoking toplevel() on ptolemy.moml.MoMLSimpleApplication@4853aaac
reloadAllAccessors: .functionClosureTest6

===========================================================================================
----------------- testing Sun Apr 14 04:00:17 UTC 2019 /home/travis/build/icyphy/ptII/ptolemy/actor/lib/test/auto/functionsOnArcs.xml
----------------- Instantiating /home/travis/build/icyphy/ptII/ptolemy/actor/lib/test/auto/functionsOnArcs.xml
2 ms. Memory: 1783296K Free: 424142K (24%)
----------------- Invoking toplevel() on ptolemy.moml.MoMLSimpleApplication@3aa47dd3
----------------- Done invoking toplevel() on ptolemy.moml.MoMLSimpleApplication@3aa47dd3
reloadAllAccessors: .functionsOnArcs

===========================================================================================
----------------- testing Sun Apr 14 04:00:17 UTC 2019 /home/travis/build/icyphy/ptII/ptolemy/actor/lib/test/auto/functionsOnArcsHOF.xml
----------------- Instantiating /home/travis/build/icyphy/ptII/ptolemy/actor/lib/test/auto/functionsOnArcsHOF.xml
4 ms. Memory: 1783296K Free: 403432K (23%)
----------------- Invoking toplevel() on ptolemy.moml.MoMLSimpleApplication@675f44f4
----------------- Done invoking toplevel() on ptolemy.moml.MoMLSimpleApplication@675f44f4
reloadAllAccessors: .functionsOnArcsHOF

===========================================================================================
----------------- testing Sun Apr 14 04:00:17 UTC 2019 /home/travis/build/icyphy/ptII/ptolemy/actor/lib/test/auto/logic.xml
----------------- Instantiating /home/travis/build/icyphy/ptII/ptolemy/actor/lib/test/auto/logic.xml
2 ms. Memory: 1783296K Free: 386741K (22%)
----------------- Invoking toplevel() on ptolemy.moml.MoMLSimpleApplication@6bba755a
----------------- Done invoking toplevel() on ptolemy.moml.MoMLSimpleApplication@6bba755a
reloadAllAccessors: .logic

===========================================================================================
----------------- testing Sun Apr 14 04:00:17 UTC 2019 /home/travis/build/icyphy/ptII/ptolemy/actor/lib/test/auto/matrixType.xml
----------------- Instantiating /home/travis/build/icyphy/ptII/ptolemy/actor/lib/test/auto/matrixType.xml
2 ms. Memory: 1783296K Free: 366031K (21%)
----------------- Invoking toplevel() on ptolemy.moml.MoMLSimpleApplication@1b662313
----------------- Done invoking toplevel() on ptolemy.moml.MoMLSimpleApplication@1b662313
reloadAllAccessors: .matrixType

===========================================================================================
----------------- testing Sun Apr 14 04:00:17 UTC 2019 /home/travis/build/icyphy/ptII/ptolemy/actor/lib/test/auto/matrixType10.xml
----------------- Instantiating /home/travis/build/icyphy/ptII/ptolemy/actor/lib/test/auto/matrixType10.xml
2 ms. Memory: 1783296K Free: 345322K (19%)
----------------- Invoking toplevel() on ptolemy.moml.MoMLSimpleApplication@6550a869
----------------- Done invoking toplevel() on ptolemy.moml.MoMLSimpleApplication@6550a869
reloadAllAccessors: .matrixType10

===========================================================================================
----------------- testing Sun Apr 14 04:00:17 UTC 2019 /home/travis/build/icyphy/ptII/ptolemy/actor/lib/test/auto/matrixType11.xml
----------------- Instantiating /home/travis/build/icyphy/ptII/ptolemy/actor/lib/test/auto/matrixType11.xml
1 ms. Memory: 1783296K Free: 328631K (18%)
----------------- Invoking toplevel() on ptolemy.moml.MoMLSimpleApplication@486d2dc3
----------------- Done invoking toplevel() on ptolemy.moml.MoMLSimpleApplication@486d2dc3
reloadAllAccessors: .matrixType11

===========================================================================================
----------------- testing Sun Apr 14 04:00:17 UTC 2019 /home/travis/build/icyphy/ptII/ptolemy/actor/lib/test/auto/matrixType12.xml
----------------- Instantiating /home/travis/build/icyphy/ptII/ptolemy/actor/lib/test/auto/matrixType12.xml
1 ms. Memory: 1783296K Free: 307921K (17%)
----------------- Invoking toplevel() on ptolemy.moml.MoMLSimpleApplication@14c19e08
----------------- Done invoking toplevel() on ptolemy.moml.MoMLSimpleApplication@14c19e08
reloadAllAccessors: .matrixType12

===========================================================================================
----------------- testing Sun Apr 14 04:00:17 UTC 2019 /home/travis/build/icyphy/ptII/ptolemy/actor/lib/test/auto/matrixType13.xml
----------------- Instantiating /home/travis/build/icyphy/ptII/ptolemy/actor/lib/test/auto/matrixType13.xml
1 ms. Memory: 1783296K Free: 287212K (16%)
----------------- Invoking toplevel() on ptolemy.moml.MoMLSimpleApplication@36a1d73a
----------------- Done invoking toplevel() on ptolemy.moml.MoMLSimpleApplication@36a1d73a
reloadAllAccessors: .matrixType13

===========================================================================================
----------------- testing Sun Apr 14 04:00:17 UTC 2019 /home/travis/build/icyphy/ptII/ptolemy/actor/lib/test/auto/matrixType14.xml
----------------- Instantiating /home/travis/build/icyphy/ptII/ptolemy/actor/lib/test/auto/matrixType14.xml
2 ms. Memory: 1783296K Free: 270521K (15%)
----------------- Invoking toplevel() on ptolemy.moml.MoMLSimpleApplication@3611c930
----------------- Done invoking toplevel() on ptolemy.moml.MoMLSimpleApplication@3611c930
reloadAllAccessors: .matrixType14

===========================================================================================
----------------- testing Sun Apr 14 04:00:17 UTC 2019 /home/travis/build/icyphy/ptII/ptolemy/actor/lib/test/auto/matrixType2.xml
----------------- Instantiating /home/travis/build/icyphy/ptII/ptolemy/actor/lib/test/auto/matrixType2.xml
2 ms. Memory: 1783296K Free: 249811K (14%)
----------------- Invoking toplevel() on ptolemy.moml.MoMLSimpleApplication@8ec2305
----------------- Done invoking toplevel() on ptolemy.moml.MoMLSimpleApplication@8ec2305
reloadAllAccessors: .matrixType2

===========================================================================================
----------------- testing Sun Apr 14 04:00:17 UTC 2019 /home/travis/build/icyphy/ptII/ptolemy/actor/lib/test/auto/matrixType3.xml
----------------- Instantiating /home/travis/build/icyphy/ptII/ptolemy/actor/lib/test/auto/matrixType3.xml
4 ms. Memory: 1783296K Free: 229102K (13%)
----------------- Invoking toplevel() on ptolemy.moml.MoMLSimpleApplication@518c56f
----------------- Done invoking toplevel() on ptolemy.moml.MoMLSimpleApplication@518c56f
reloadAllAccessors: .matrixType3

===========================================================================================
----------------- testing Sun Apr 14 04:00:17 UTC 2019 /home/travis/build/icyphy/ptII/ptolemy/actor/lib/test/auto/matrixType4.xml
----------------- Instantiating /home/travis/build/icyphy/ptII/ptolemy/actor/lib/test/auto/matrixType4.xml
2 ms. Memory: 1783296K Free: 212411K (12%)
----------------- Invoking toplevel() on ptolemy.moml.MoMLSimpleApplication@3d808e84
----------------- Done invoking toplevel() on ptolemy.moml.MoMLSimpleApplication@3d808e84
reloadAllAccessors: .matrixType4

===========================================================================================
----------------- testing Sun Apr 14 04:00:17 UTC 2019 /home/travis/build/icyphy/ptII/ptolemy/actor/lib/test/auto/matrixType5.xml
----------------- Instantiating /home/travis/build/icyphy/ptII/ptolemy/actor/lib/test/auto/matrixType5.xml
2 ms. Memory: 1783296K Free: 191701K (11%)
----------------- Invoking toplevel() on ptolemy.moml.MoMLSimpleApplication@df75cd7
----------------- Done invoking toplevel() on ptolemy.moml.MoMLSimpleApplication@df75cd7
reloadAllAccessors: .matrixType5

===========================================================================================
----------------- testing Sun Apr 14 04:00:17 UTC 2019 /home/travis/build/icyphy/ptII/ptolemy/actor/lib/test/auto/matrixType6.xml
----------------- Instantiating /home/travis/build/icyphy/ptII/ptolemy/actor/lib/test/auto/matrixType6.xml
2 ms. Memory: 1783296K Free: 170992K (10%)
----------------- Invoking toplevel() on ptolemy.moml.MoMLSimpleApplication@78637fa8
----------------- Done invoking toplevel() on ptolemy.moml.MoMLSimpleApplication@78637fa8
reloadAllAccessors: .matrixType6

===========================================================================================
----------------- testing Sun Apr 14 04:00:17 UTC 2019 /home/travis/build/icyphy/ptII/ptolemy/actor/lib/test/auto/matrixType7.xml
----------------- Instantiating /home/travis/build/icyphy/ptII/ptolemy/actor/lib/test/auto/matrixType7.xml
2 ms. Memory: 1783296K Free: 154300K (9%)
----------------- Invoking toplevel() on ptolemy.moml.MoMLSimpleApplication@3b6dc083
----------------- Done invoking toplevel() on ptolemy.moml.MoMLSimpleApplication@3b6dc083
reloadAllAccessors: .matrixType7

===========================================================================================
----------------- testing Sun Apr 14 04:00:17 UTC 2019 /home/travis/build/icyphy/ptII/ptolemy/actor/lib/test/auto/matrixType8.xml
----------------- Instantiating /home/travis/build/icyphy/ptII/ptolemy/actor/lib/test/auto/matrixType8.xml
2 ms. Memory: 1783296K Free: 133591K (7%)
----------------- Invoking toplevel() on ptolemy.moml.MoMLSimpleApplication@38bb7baa
----------------- Done invoking toplevel() on ptolemy.moml.MoMLSimpleApplication@38bb7baa
reloadAllAccessors: .matrixType8

===========================================================================================
----------------- testing Sun Apr 14 04:00:17 UTC 2019 /home/travis/build/icyphy/ptII/ptolemy/actor/lib/test/auto/matrixType9.xml
----------------- Instantiating /home/travis/build/icyphy/ptII/ptolemy/actor/lib/test/auto/matrixType9.xml
2 ms. Memory: 1783296K Free: 112881K (6%)
----------------- Invoking toplevel() on ptolemy.moml.MoMLSimpleApplication@64ca6939
----------------- Done invoking toplevel() on ptolemy.moml.MoMLSimpleApplication@64ca6939
reloadAllAccessors: .matrixType9

===========================================================================================
----------------- testing Sun Apr 14 04:00:17 UTC 2019 /home/travis/build/icyphy/ptII/ptolemy/actor/lib/test/auto/paraFunctest.xml
----------------- Instantiating /home/travis/build/icyphy/ptII/ptolemy/actor/lib/test/auto/paraFunctest.xml
3 ms. Memory: 1783296K Free: 96190K (5%)
----------------- Invoking toplevel() on ptolemy.moml.MoMLSimpleApplication@3e391f99
----------------- Done invoking toplevel() on ptolemy.moml.MoMLSimpleApplication@3e391f99
reloadAllAccessors: .paraFunctest

===========================================================================================
----------------- testing Sun Apr 14 04:00:17 UTC 2019 /home/travis/build/icyphy/ptII/ptolemy/actor/lib/test/auto/paraFunctest2.xml
----------------- Instantiating /home/travis/build/icyphy/ptII/ptolemy/actor/lib/test/auto/paraFunctest2.xml
2 ms. Memory: 1783296K Free: 75481K (4%)
----------------- Invoking toplevel() on ptolemy.moml.MoMLSimpleApplication@4f7ff42f
----------------- Done invoking toplevel() on ptolemy.moml.MoMLSimpleApplication@4f7ff42f
reloadAllAccessors: .paraFunctest2

===========================================================================================
----------------- testing Sun Apr 14 04:00:17 UTC 2019 /home/travis/build/icyphy/ptII/ptolemy/actor/lib/test/auto/parameterPassing.xml
----------------- Instantiating /home/travis/build/icyphy/ptII/ptolemy/actor/lib/test/auto/parameterPassing.xml
1 ms. Memory: 1784320K Free: 1720718K (96%)
----------------- Invoking toplevel() on ptolemy.moml.MoMLSimpleApplication@6ff874d5
----------------- Done invoking toplevel() on ptolemy.moml.MoMLSimpleApplication@6ff874d5
reloadAllAccessors: .parameterPassing

===========================================================================================
----------------- testing Sun Apr 14 04:00:17 UTC 2019 /home/travis/build/icyphy/ptII/ptolemy/actor/lib/test/auto/record.xml
----------------- Instantiating /home/travis/build/icyphy/ptII/ptolemy/actor/lib/test/auto/record.xml
3 ms. Memory: 1784320K Free: 1699800K (95%)
----------------- Invoking toplevel() on ptolemy.moml.MoMLSimpleApplication@2d3b1cb7
----------------- Done invoking toplevel() on ptolemy.moml.MoMLSimpleApplication@2d3b1cb7
reloadAllAccessors: .record

===========================================================================================
----------------- testing Sun Apr 14 04:00:17 UTC 2019 /home/travis/build/icyphy/ptII/ptolemy/actor/lib/test/auto/sizedarray1.xml
----------------- Instantiating /home/travis/build/icyphy/ptII/ptolemy/actor/lib/test/auto/sizedarray1.xml
2 ms. Memory: 1784320K Free: 1678882K (94%)
----------------- Invoking toplevel() on ptolemy.moml.MoMLSimpleApplication@7a49c458
----------------- Done invoking toplevel() on ptolemy.moml.MoMLSimpleApplication@7a49c458
reloadAllAccessors: .sizedarray1

===========================================================================================
----------------- testing Sun Apr 14 04:00:17 UTC 2019 /home/travis/build/icyphy/ptII/ptolemy/actor/lib/test/auto/sizedarray2.xml
----------------- Instantiating /home/travis/build/icyphy/ptII/ptolemy/actor/lib/test/auto/sizedarray2.xml
3 ms. Memory: 1784320K Free: 1662161K (93%)
----------------- Invoking toplevel() on ptolemy.moml.MoMLSimpleApplication@45c9d099
----------------- Done invoking toplevel() on ptolemy.moml.MoMLSimpleApplication@45c9d099
reloadAllAccessors: .sizedarray2

===========================================================================================
----------------- testing Sun Apr 14 04:00:17 UTC 2019 /home/travis/build/icyphy/ptII/ptolemy/actor/lib/test/auto/twoPublishers.xml
----------------- Instantiating /home/travis/build/icyphy/ptII/ptolemy/actor/lib/test/auto/twoPublishers.xml
7 ms. Memory: 1784320K Free: 1641242K (92%)
----------------- Invoking toplevel() on ptolemy.moml.MoMLSimpleApplication@1ce3066a
----------------- Done invoking toplevel() on ptolemy.moml.MoMLSimpleApplication@1ce3066a
reloadAllAccessors: .twoPublishers
AutoTests.java: About to close Vertx.
AutoTests.java: Vertx closed.
]]></system-out>
  <system-err><![CDATA[java.lang.RuntimeException: Execution failed
	at ptolemy.moml.MoMLSimpleApplication$UnloadThread.run(MoMLSimpleApplication.java:402)
Caused by: java.lang.RuntimeException: StringUtilities.exit() was called. Normally, we would exit here because Manager.exitAfterWrapup() was called.  However, because the ptolemy.ptII.exitAfterWrapup property is set, we throw this exception instead.
	at ptolemy.util.StringUtilities.exit(StringUtilities.java:363)
	at ptolemy.actor.Manager.wrapup(Manager.java:1531)
	at ptolemy.actor.Manager.execute(Manager.java:407)
	at ptolemy.actor.Manager.run(Manager.java:1263)
	at ptolemy.actor.Manager$PtolemyRunThread.run(Manager.java:1915)
Warning: '.top.test' is in training mode, set the trainingMode parameter to false before checking in
Warning: '.top.test' is in training mode, set the trainingMode parameter to false before checking in
Warning: '.top.test' is in training mode, set the trainingMode parameter to false before checking in
Warning: '.BooleanSwitch_RegressionTest_WrongTrainingValues.Test' is in training mode, set the trainingMode parameter to false before checking in
Warning: '.BooleanSwitch_RegressionTest_WrongTrainingValues.Test2' is in training mode, set the trainingMode parameter to false before checking in
Warning: '.BooleanSwitch_RegressionTest_WrongTrainingValues.Test2' The test produced 0 tokens.
Warning: '.top.testExceptionHandler' is in training mode, set the trainingMode parameter to false before checking in
java.lang.RuntimeException: Execution failed
	at ptolemy.moml.MoMLSimpleApplication$UnloadThread.run(MoMLSimpleApplication.java:402)
Caused by: ptolemy.kernel.util.IllegalActionException: PublisherPorts cannot be used at the top level, use a Publisher actor instead.
  in .PublisherPortToplevelSubscriber.PublisherPort
	at ptolemy.actor.PublisherPort.preinitialize(PublisherPort.java:403)
	at ptolemy.actor.CompositeActor.preinitialize(CompositeActor.java:1769)
	at ptolemy.actor.Manager.preinitializeAndResolveTypes(Manager.java:1040)
	at ptolemy.actor.Manager.initialize(Manager.java:710)
	at ptolemy.actor.Manager.execute(Manager.java:356)
	at ptolemy.actor.Manager.run(Manager.java:1263)
	at ptolemy.actor.Manager$PtolemyRunThread.run(Manager.java:1915)
java.lang.reflect.InvocationTargetException
	at sun.reflect.NativeConstructorAccessorImpl.newInstance0(Native Method)
	at sun.reflect.NativeConstructorAccessorImpl.newInstance(NativeConstructorAccessorImpl.java:62)
	at sun.reflect.DelegatingConstructorAccessorImpl.newInstance(DelegatingConstructorAccessorImpl.java:45)
	at java.lang.reflect.Constructor.newInstance(Constructor.java:423)
	at ptolemy.util.test.junit.AutoKnownFailedTests.RunModel(AutoKnownFailedTests.java:105)
	at sun.reflect.NativeMethodAccessorImpl.invoke0(Native Method)
	at sun.reflect.NativeMethodAccessorImpl.invoke(NativeMethodAccessorImpl.java:62)
	at sun.reflect.DelegatingMethodAccessorImpl.invoke(DelegatingMethodAccessorImpl.java:43)
	at java.lang.reflect.Method.invoke(Method.java:498)
	at org.junit.runners.model.FrameworkMethod$1.runReflectiveCall(FrameworkMethod.java:44)
	at org.junit.internal.runners.model.ReflectiveCallable.run(ReflectiveCallable.java:15)
	at org.junit.runners.model.FrameworkMethod.invokeExplosively(FrameworkMethod.java:41)
	at junitparams.internal.InvokeParameterisedMethod.evaluate(InvokeParameterisedMethod.java:102)
	at org.junit.internal.runners.statements.FailOnTimeout$1.run(FailOnTimeout.java:28)
Caused by: ptolemy.kernel.util.IllegalActionException: PublisherPorts cannot be used at the top level, use a Publisher actor instead.
  in .PublisherPortToplevelSubscriber.PublisherPort
	at ptolemy.actor.PublisherPort.preinitialize(PublisherPort.java:403)
	at ptolemy.actor.CompositeActor.preinitialize(CompositeActor.java:1769)
	at ptolemy.actor.Manager.preinitializeAndResolveTypes(Manager.java:1040)
	at ptolemy.actor.Manager.initialize(Manager.java:710)
	at ptolemy.actor.Manager.execute(Manager.java:356)
	at ptolemy.actor.Manager.run(Manager.java:1263)
	at ptolemy.actor.Manager$PtolemyRunThread.run(Manager.java:1915)
java.lang.RuntimeException: Execution failed
	at ptolemy.moml.MoMLSimpleApplication$UnloadThread.run(MoMLSimpleApplication.java:402)
Caused by: ptolemy.kernel.util.IllegalActionException: SubscriberPorts cannot be used at the top level, use a Subscriber actor instead.
  in .PublisherSubscriberPortToplevel.SubscriberPort
	at ptolemy.actor.SubscriberPort.preinitialize(SubscriberPort.java:328)
	at ptolemy.actor.CompositeActor.preinitialize(CompositeActor.java:1769)
	at ptolemy.actor.Manager.preinitializeAndResolveTypes(Manager.java:1040)
	at ptolemy.actor.Manager.initialize(Manager.java:710)
	at ptolemy.actor.Manager.execute(Manager.java:356)
	at ptolemy.actor.Manager.run(Manager.java:1263)
	at ptolemy.actor.Manager$PtolemyRunThread.run(Manager.java:1915)
java.lang.reflect.InvocationTargetException
	at sun.reflect.NativeConstructorAccessorImpl.newInstance0(Native Method)
	at sun.reflect.NativeConstructorAccessorImpl.newInstance(NativeConstructorAccessorImpl.java:62)
	at sun.reflect.DelegatingConstructorAccessorImpl.newInstance(DelegatingConstructorAccessorImpl.java:45)
	at java.lang.reflect.Constructor.newInstance(Constructor.java:423)
	at ptolemy.util.test.junit.AutoKnownFailedTests.RunModel(AutoKnownFailedTests.java:105)
	at sun.reflect.NativeMethodAccessorImpl.invoke0(Native Method)
	at sun.reflect.NativeMethodAccessorImpl.invoke(NativeMethodAccessorImpl.java:62)
	at sun.reflect.DelegatingMethodAccessorImpl.invoke(DelegatingMethodAccessorImpl.java:43)
	at java.lang.reflect.Method.invoke(Method.java:498)
	at org.junit.runners.model.FrameworkMethod$1.runReflectiveCall(FrameworkMethod.java:44)
	at org.junit.internal.runners.model.ReflectiveCallable.run(ReflectiveCallable.java:15)
	at org.junit.runners.model.FrameworkMethod.invokeExplosively(FrameworkMethod.java:41)
	at junitparams.internal.InvokeParameterisedMethod.evaluate(InvokeParameterisedMethod.java:102)
	at org.junit.internal.runners.statements.FailOnTimeout$1.run(FailOnTimeout.java:28)
Caused by: ptolemy.kernel.util.IllegalActionException: SubscriberPorts cannot be used at the top level, use a Subscriber actor instead.
  in .PublisherSubscriberPortToplevel.SubscriberPort
	at ptolemy.actor.SubscriberPort.preinitialize(SubscriberPort.java:328)
	at ptolemy.actor.CompositeActor.preinitialize(CompositeActor.java:1769)
	at ptolemy.actor.Manager.preinitializeAndResolveTypes(Manager.java:1040)
	at ptolemy.actor.Manager.initialize(Manager.java:710)
	at ptolemy.actor.Manager.execute(Manager.java:356)
	at ptolemy.actor.Manager.run(Manager.java:1263)
	at ptolemy.actor.Manager$PtolemyRunThread.run(Manager.java:1915)
java.lang.RuntimeException: Execution failed
	at ptolemy.moml.MoMLSimpleApplication$UnloadThread.run(MoMLSimpleApplication.java:402)
Caused by: ptolemy.kernel.util.IllegalActionException: SubscriptionAggregatorPorts cannot be used at the top level, use a SubscriptionAggregator actor instead.
  in .PublisherSubscriptionAggregatorPort.SubscriptionAggregatorPort
	at ptolemy.actor.SubscriptionAggregatorPort.preinitialize(SubscriptionAggregatorPort.java:353)
	at ptolemy.actor.CompositeActor.preinitialize(CompositeActor.java:1769)
	at ptolemy.actor.Manager.preinitializeAndResolveTypes(Manager.java:1040)
	at ptolemy.actor.Manager.initialize(Manager.java:710)
	at ptolemy.actor.Manager.execute(Manager.java:356)
	at ptolemy.actor.Manager.run(Manager.java:1263)
	at ptolemy.actor.Manager$PtolemyRunThread.run(Manager.java:1915)
java.lang.reflect.InvocationTargetException
	at sun.reflect.NativeConstructorAccessorImpl.newInstance0(Native Method)
	at sun.reflect.NativeConstructorAccessorImpl.newInstance(NativeConstructorAccessorImpl.java:62)
	at sun.reflect.DelegatingConstructorAccessorImpl.newInstance(DelegatingConstructorAccessorImpl.java:45)
	at java.lang.reflect.Constructor.newInstance(Constructor.java:423)
	at ptolemy.util.test.junit.AutoKnownFailedTests.RunModel(AutoKnownFailedTests.java:105)
	at sun.reflect.NativeMethodAccessorImpl.invoke0(Native Method)
	at sun.reflect.NativeMethodAccessorImpl.invoke(NativeMethodAccessorImpl.java:62)
	at sun.reflect.DelegatingMethodAccessorImpl.invoke(DelegatingMethodAccessorImpl.java:43)
	at java.lang.reflect.Method.invoke(Method.java:498)
	at org.junit.runners.model.FrameworkMethod$1.runReflectiveCall(FrameworkMethod.java:44)
	at org.junit.internal.runners.model.ReflectiveCallable.run(ReflectiveCallable.java:15)
	at org.junit.runners.model.FrameworkMethod.invokeExplosively(FrameworkMethod.java:41)
	at junitparams.internal.InvokeParameterisedMethod.evaluate(InvokeParameterisedMethod.java:102)
	at org.junit.internal.runners.statements.FailOnTimeout$1.run(FailOnTimeout.java:28)
Caused by: ptolemy.kernel.util.IllegalActionException: SubscriptionAggregatorPorts cannot be used at the top level, use a SubscriptionAggregator actor instead.
  in .PublisherSubscriptionAggregatorPort.SubscriptionAggregatorPort
	at ptolemy.actor.SubscriptionAggregatorPort.preinitialize(SubscriptionAggregatorPort.java:353)
	at ptolemy.actor.CompositeActor.preinitialize(CompositeActor.java:1769)
	at ptolemy.actor.Manager.preinitializeAndResolveTypes(Manager.java:1040)
	at ptolemy.actor.Manager.initialize(Manager.java:710)
	at ptolemy.actor.Manager.execute(Manager.java:356)
	at ptolemy.actor.Manager.run(Manager.java:1263)
	at ptolemy.actor.Manager$PtolemyRunThread.run(Manager.java:1915)
java.lang.RuntimeException: Execution failed
	at ptolemy.moml.MoMLSimpleApplication$UnloadThread.run(MoMLSimpleApplication.java:402)
Caused by: ptolemy.kernel.util.IllegalActionException: TypeTest actor has no training data.
  in .sizedarray3.TypeTest
	at ptolemy.actor.lib.TypeTest.initialize(TypeTest.java:250)
	at ptolemy.actor.Director.initialize(Director.java:938)
	at ptolemy.actor.Director.initialize(Director.java:907)
	at ptolemy.actor.sched.StaticSchedulingDirector.initialize(StaticSchedulingDirector.java:159)
	at ptolemy.domains.sdf.kernel.SDFDirector.initialize(SDFDirector.java:544)
	at ptolemy.actor.CompositeActor.initialize(CompositeActor.java:935)
	at ptolemy.actor.Manager.initialize(Manager.java:724)
	at ptolemy.actor.Manager.execute(Manager.java:356)
	at ptolemy.actor.Manager.run(Manager.java:1263)
	at ptolemy.actor.Manager$PtolemyRunThread.run(Manager.java:1915)
java.lang.reflect.InvocationTargetException
	at sun.reflect.NativeConstructorAccessorImpl.newInstance0(Native Method)
	at sun.reflect.NativeConstructorAccessorImpl.newInstance(NativeConstructorAccessorImpl.java:62)
	at sun.reflect.DelegatingConstructorAccessorImpl.newInstance(DelegatingConstructorAccessorImpl.java:45)
	at java.lang.reflect.Constructor.newInstance(Constructor.java:423)
	at ptolemy.util.test.junit.AutoKnownFailedTests.RunModel(AutoKnownFailedTests.java:105)
	at sun.reflect.NativeMethodAccessorImpl.invoke0(Native Method)
	at sun.reflect.NativeMethodAccessorImpl.invoke(NativeMethodAccessorImpl.java:62)
	at sun.reflect.DelegatingMethodAccessorImpl.invoke(DelegatingMethodAccessorImpl.java:43)
	at java.lang.reflect.Method.invoke(Method.java:498)
	at org.junit.runners.model.FrameworkMethod$1.runReflectiveCall(FrameworkMethod.java:44)
	at org.junit.internal.runners.model.ReflectiveCallable.run(ReflectiveCallable.java:15)
	at org.junit.runners.model.FrameworkMethod.invokeExplosively(FrameworkMethod.java:41)
	at junitparams.internal.InvokeParameterisedMethod.evaluate(InvokeParameterisedMethod.java:102)
	at org.junit.internal.runners.statements.FailOnTimeout$1.run(FailOnTimeout.java:28)
Caused by: ptolemy.kernel.util.IllegalActionException: TypeTest actor has no training data.
  in .sizedarray3.TypeTest
	at ptolemy.actor.lib.TypeTest.initialize(TypeTest.java:250)
	at ptolemy.actor.Director.initialize(Director.java:938)
	at ptolemy.actor.Director.initialize(Director.java:907)
	at ptolemy.actor.sched.StaticSchedulingDirector.initialize(StaticSchedulingDirector.java:159)
	at ptolemy.domains.sdf.kernel.SDFDirector.initialize(SDFDirector.java:544)
	at ptolemy.actor.CompositeActor.initialize(CompositeActor.java:935)
	at ptolemy.actor.Manager.initialize(Manager.java:724)
	at ptolemy.actor.Manager.execute(Manager.java:356)
	at ptolemy.actor.Manager.run(Manager.java:1263)
	at ptolemy.actor.Manager$PtolemyRunThread.run(Manager.java:1915)
ptolemy.kernel.util.InternalErrorException: Exec Stdout Gobbler-0: Failed while reading from java.lang.UNIXProcess$ProcessPipeInputStream@5b5e51ed. To avoid this, try setting the ignoreIOExceptionReadErrors parameter to true.null
  in .Exec.Exec
Because:
Stream closed
	at ptolemy.actor.lib.Exec$_StreamReaderThread._read(Exec.java:762)
	at ptolemy.actor.lib.Exec$_StreamReaderThread.run(Exec.java:706)
Caused by: java.io.IOException: Stream closed
	at sun.nio.cs.StreamDecoder.ensureOpen(StreamDecoder.java:46)
	at sun.nio.cs.StreamDecoder.read(StreamDecoder.java:148)
	at java.io.InputStreamReader.read(InputStreamReader.java:184)
	at ptolemy.actor.lib.Exec$_StreamReaderThread._read(Exec.java:724)
	... 1 more
Caused by: java.io.IOException: Stream closed
	at sun.nio.cs.StreamDecoder.ensureOpen(StreamDecoder.java:46)
	at sun.nio.cs.StreamDecoder.read(StreamDecoder.java:148)
	at java.io.InputStreamReader.read(InputStreamReader.java:184)
	at ptolemy.actor.lib.Exec$_StreamReaderThread._read(Exec.java:724)
	at ptolemy.actor.lib.Exec$_StreamReaderThread.run(Exec.java:706)
]]></system-err>
</testsuite>
