<?xml version="1.0" encoding="UTF-8" ?>
<testsuite errors="0" failures="1" hostname="travis-job-7474857f-ef2a-450c-a9f4-a17416a4d51d" name="ptolemy.actor.lib.test.junit.JUnitTclTest" skipped="0" tests="517" time="60.813" timestamp="2019-12-31T06:40:46">
  <properties>
    <property name="npm.executable" value="npm" />
    <property name="env.TRAVIS_ROOT" value="/" />
    <property name="ptII.mk.exists" value="true" />
    <property name="env.TRAVIS_APP_HOST" value="build.travis-ci.org" />
    <property name="env.rvm_bin_path" value="/home/travis/.rvm/bin" />
    <property name="java.home" value="/usr/local/lib/jvm/openjdk11" />
    <property name="env.TRAVIS_JOB_NUMBER" value="1448.8" />
    <property name="env.TRAVIS_HOME" value="/home/travis" />
    <property name="env.DISPLAY" value=":99.0" />
    <property name="env.TRAVIS_INIT" value="systemd" />
    <property name="env.SSH_TTY" value="/dev/pts/0" />
    <property name="java.net.preferIPv4Stack" value="true" />
    <property name="env.RUN_TESTS" value="true" />
    <property name="timeout.short" value="1000000" />
    <property name="junit.formatter" value="xml" />
    <property name="env.TRAVIS_SUDO" value="true" />
    <property name="env.TRAVIS_JOB_NAME" value="" />
    <property name="env.TRAVIS_STACK_NODE_ATTRIBUTES" value="/.node-attributes.yml" />
    <property name="env.LOGNAME" value="travis" />
    <property name="env.PT_TRAVIS_TEST_CORE1_XML" value="true" />
    <property name="jsdoc.home" value="node_modules/@terraswarm/jsdoc" />
    <property name="debuglevel" value="source,lines,vars" />
    <property name="checkstyle.formatter" value="xml" />
    <property name="env._system_version" value="16.04" />
    <property name="bin.vergil.makeable" value="true" />
    <property name="sun.os.patch.level" value="unknown" />
    <property name="java.vendor.url" value="http://java.oracle.com/" />
    <property name="env.TRAVIS_BUILD_WEB_URL" value="https://travis-ci.org/icyphy/ptII/builds/631199719" />
    <property name="java.version" value="11.0.2" />
    <property name="env.TZ" value="UTC" />
    <property name="env.TRAVIS_PULL_REQUEST_SHA" value="" />
    <property name="env.PT_NO_NET" value="true" />
    <property name="env.TRAVIS_SECURE_ENV_VARS" value="true" />
    <property name="env._system_type" value="Linux" />
    <property name="java.vendor.url.bug" value="http://bugreport.java.com/bugreport/" />
    <property name="npmjs-org-is-up" value="true" />
    <property name="env.LANGUAGE" value="en_US.UTF-8" />
    <property name="env.SSH_CLIENT" value="10.16.6.51 34364 22" />
    <property name="env.GEM_HOME" value="/home/travis/.rvm/gems/ruby-2.5.3" />
    <property name="env.HAS_ANTARES_THREE_LITTLE_FRONZIES_BADGE" value="true" />
    <property name="java.version.date" value="2019-01-15" />
    <property name="env.PS4" value="+" />
    <property name="ant.project.invoked-targets" value="build,test.core1.xml" />
    <property name="env.TRAVIS_PULL_REQUEST_BRANCH" value="" />
    <property name="env.TRAVIS_REPO_SLUG" value="icyphy/ptII" />
    <property name="env.XDG_DATA_DIRS" value="/usr/local/share:/usr/share:/var/lib/snapd/desktop" />
    <property name="jdk.debug" value="release" />
    <property name="env.TRAVIS_APT_PROXY" value="http://build-cache.travisci.net" />
    <property name="env.TRAVIS_CPU_ARCH" value="amd64" />
    <property name="node.in.path" value="true" />
    <property name="user.name" value="travis" />
    <property name="java.maxmemory" value="1400m" />
    <property name="env.RUBY_VERSION" value="ruby-2.5.3" />
    <property name="env.LANG" value="en_US.UTF-8" />
    <property name="sun.io.unicode.encoding" value="UnicodeLittle" />
    <property name="sun.jnu.encoding" value="UTF-8" />
    <property name="java.runtime.name" value="OpenJDK Runtime Environment" />
    <property name="usefile" value="false" />
    <property name="return.code" value="0" />
    <property name="junit.single.formatter" value="plain" />
    <property name="env.DYLD_LIBRARY_PATH" value="/home/travis/pthla/certi-tools/lib:" />
    <property name="env.DEBIAN_FRONTEND" value="noninteractive" />
    <property name="env.SSH_CONNECTION" value="10.16.6.51 34364 10.20.0.67 22" />
    <property name="env.MYSQL_UNIX_PORT" value="/var/run/mysqld/mysqld.sock" />
    <property name="env.LC_ALL" value="en_US.UTF-8" />
    <property name="env.TRAVIS_ALLOW_FAILURE" value="false" />
    <property name="env.TRAVIS_JOB_WEB_URL" value="https://travis-ci.org/icyphy/ptII/jobs/631199727" />
    <property name="java.specification.name" value="Java Platform API Specification" />
    <property name="node.works" value="true" />
    <property name="user.timezone" value="" />
    <property name="path.separator" value=":" />
    <property name="env.TRAVIS_ENABLE_INFRA_DETECTION" value="true" />
    <property name="env.PYTHON_CFLAGS" value="-g -fstack-protector --param=ssp-buffer-size=4 -Wformat -Werror=format-security" />
    <property name="timeout.long" value="4000000" />
    <property name="env.CERTI_HOME" value="/home/travis/pthla/certi-tools" />
    <property name="ant.file.ptII" value="/home/travis/build/icyphy/ptII/build.xml" />
    <property name="javadoc.packagenames" value="com.*,diva.*,lbnl.*,org.hlacerti.*,org.json.*,org.ptolemy.*,org.terraswarm.*,ptolemy.*,ptserver.*" />
    <property name="file.encoding" value="UTF-8" />
    <property name="env.TRAVIS_PULL_REQUEST_SLUG" value="" />
    <property name="ant.project.default-target" value="build" />
    <property name="env.GIT_ASKPASS" value="echo" />
    <property name="env.HOME" value="/home/travis" />
    <property name="sun.java.command" value="org.apache.tools.ant.taskdefs.optional.junit.JUnitTestRunner ptolemy.actor.lib.test.junit.JUnitTclTest skipNonTests=false filtertrace=true haltOnError=false haltOnFailure=false formatter=org.apache.tools.ant.taskdefs.optional.junit.OutErrSummaryJUnitResultFormatter showoutput=true outputtoformatters=true logfailedtests=true threadid=0 logtestlistenerevents=false formatter=org.apache.tools.ant.taskdefs.optional.junit.XMLJUnitResultFormatter,/home/travis/build/icyphy/ptII/reports/junit/TEST-ptolemy.actor.lib.test.junit.JUnitTclTest.xml crashfile=/home/travis/build/icyphy/ptII/junitvmwatcher10419537926582915620.properties propsfile=/home/travis/build/icyphy/ptII/junit13123086307556931238.properties" />
    <property name="env.COMPOSER_NO_INTERACTION" value="1" />
    <property name="env.MANPATH" value="/home/travis/.nvm/versions/node/v7.10.1/share/man:/home/travis/.rvm/rubies/ruby-2.5.3/share/man:/usr/local/cmake-3.12.4/man:/usr/local/clang-7.0.0/share/man:/usr/local/man:/usr/local/share/man:/usr/share/man:/home/travis/.rvm/man" />
    <property name="env.TRAVIS_TIMER_ID" value="10e10d12" />
    <property name="ant.file" value="/home/travis/build/icyphy/ptII/build.xml" />
    <property name="env.TRAVIS_COMMIT_RANGE" value="ec90a3f30cbca97c6668975b0dc5d1ff1f4b614e...1f87987f0e3e7c0b3e4c2c438cef4d3742e50cee" />
    <property name="env._system_name" value="Ubuntu" />
    <property name="ptII.classpath.optional.property" value="/home/travis/build/icyphy/ptII/lib/bsh-2.0b4.jar:/home/travis/build/icyphy/ptII/lib/ptCal.jar:/home/travis/build/icyphy/ptII/lib/java_cup.jar:/home/travis/build/icyphy/ptII/lib/saxon8.jar:/home/travis/build/icyphy/ptII/lib/saxon8-dom.jar:/home/travis/build/icyphy/ptII/lib/chic.jar:/home/travis/build/icyphy/ptII/lib/ptcolt.jar:/home/travis/build/icyphy/ptII/vendors/misc/itext/iText.jar:/home/travis/build/icyphy/ptII/lib/g4ltl.jar:/home/travis/build/icyphy/ptII/lib/StructuralCoder.jar:/home/travis/build/icyphy/ptII/lib/jcerti.jar:/home/travis/build/icyphy/ptII/lib/javax.mail.jar:/home/travis/build/icyphy/ptII/vendors/JMF-2.1.1e/lib/jmf.jar:/home/travis/build/icyphy/ptII/lib/jna-4.0.0-variadic.jar:/home/travis/build/icyphy/ptII/vendors/misc/joystick/Joystick.jar:/home/travis/build/icyphy/ptII/lib/ptjacl.jar:/home/travis/build/icyphy/ptII/lib/jsoup-1.8.2.jar:/home/travis/build/icyphy/ptII/lib/junit-4.8.2.jar:/home/travis/build/icyphy/ptII/lib/JUnitParams-0.4.0.jar:/home/travis/build/icyphy/ptII/ptolemy/actor/lib/excel/jxl.jar:/home/travis/build/icyphy/ptII/lib/jython.jar:/home/travis/build/icyphy/ptII/lib/kieler.jar:/home/travis/build/icyphy/ptII/vendors/opencv/share/OpenCV/java/opencv-341.jar:/home/travis/build/icyphy/ptII/lib/oscP5.jar:/home/travis/build/icyphy/ptII/lib/nrjavaserial-3.11.0.devel.jar:/home/travis/build/icyphy/ptII/vendors/j3d/lib/Linux/j3dcore.jar:/home/travis/build/icyphy/ptII/vendors/j3d/lib/Linux/j3dutils.jar:/home/travis/build/icyphy/ptII/vendors/j3d/lib/Linux/vecmath.jar:/home/travis/build/icyphy/ptII/vendors/jogl/lib/Linux/gluegen-rt-natives-linux-amd64.jar:/home/travis/build/icyphy/ptII/vendors/jogl/lib/Linux/gluegen-rt.jar:/home/travis/build/icyphy/ptII/vendors/jogl/lib/Linux/jogl-all-natives-linux-amd64.jar:/home/travis/build/icyphy/ptII/vendors/jogl/lib/Linux/jogl-all.jar:/home/travis/build/icyphy/ptII/ptolemy/distributed/jini/jar/jini-core.jar:/home/travis/build/icyphy/ptII/ptolemy/distributed/jini/jar/jini-ext.jar:/home/travis/build/icyphy/ptII/ptolemy/distributed/jini/jar/sun-util.jar:/home/travis/build/icyphy/ptII/lib/protobuf-java-2.4.1.jar:/home/travis/build/icyphy/ptII/lib/org.eclipse.paho.client.mqttv3.jar:/home/travis/build/icyphy/ptII/lib/mapss.jar:/home/travis/build/icyphy/ptII/ptolemy/actor/ptalon/antlr/antlr.jar:/home/travis/build/icyphy/ptII/lib/JRI.jar:/home/travis/build/icyphy/ptII/lib/commons-lang-2.6.jar:/home/travis/build/icyphy/ptII/lib/commons-logging-1.1.1.jar:/home/travis/build/icyphy/ptII/lib/sootclasses.jar:/home/travis/build/icyphy/ptII/ptolemy/actor/lib/database/mysql-connector-java-5.1.6-bin.jar:/home/travis/build/icyphy/ptII/vendors/misc/sphinx4/sphinx4-data-5prealpha.jar:/home/travis/build/icyphy/ptII/vendors/misc/sphinx4/sphinx4-core-5prealpha.jar:/home/travis/build/icyphy/ptII/lib/PDFRenderer.jar:/home/travis/build/icyphy/ptII/lib/svgSalamander.jar:/home/travis/build/icyphy/ptII/lib/rsyntaxtextarea-2.6.0-SNAPSHOT.jar:/home/travis/build/icyphy/ptII/lib/hazelcast-3.8.2.jar:/home/travis/build/icyphy/ptII/lib/jackson-annotations-2.9.0.jar:/home/travis/build/icyphy/ptII/lib/jackson-core-2.9.3.jar:/home/travis/build/icyphy/ptII/lib/jackson-databind-2.9.3.jar:/home/travis/build/icyphy/ptII/lib/netty-buffer-4.1.19.Final.jar:/home/travis/build/icyphy/ptII/lib/netty-codec-4.1.19.Final.jar:/home/travis/build/icyphy/ptII/lib/netty-codec-dns-4.1.19.Final.jar:/home/travis/build/icyphy/ptII/lib/netty-codec-http-4.1.19.Final.jar:/home/travis/build/icyphy/ptII/lib/netty-codec-http2-4.1.19.Final.jar:/home/travis/build/icyphy/ptII/lib/netty-common-4.1.19.Final.jar:/home/travis/build/icyphy/ptII/lib/netty-handler-4.1.19.Final.jar:/home/travis/build/icyphy/ptII/lib/netty-resolver-4.1.19.Final.jar:/home/travis/build/icyphy/ptII/lib/netty-resolver-dns-4.1.19.Final.jar:/home/travis/build/icyphy/ptII/lib/netty-transport-4.1.19.Final.jar:/home/travis/build/icyphy/ptII/lib/vertx-codegen-3.5.1.jar:/home/travis/build/icyphy/ptII/lib/vertx-core-3.5.2-SNAPSHOT.jar:/home/travis/build/icyphy/ptII/lib/vertx-hazelcast-3.5.1.jar:/home/travis/build/icyphy/ptII/lib/vertx-lang-js-3.5.1.jar:/home/travis/build/icyphy/ptII/lib/vertx-service-proxy-3.5.1.jar:/home/travis/build/icyphy/ptII/lib/vertx-web-3.5.1.jar:/home/travis/build/icyphy/ptII/lib/slf4j-api-1.7.13.jar:/home/travis/build/icyphy/ptII/lib/slf4j-simple-1.7.13.jar:/home/travis/build/icyphy/ptII/lib/webcam-capture-0.3.12.jar:/home/travis/build/icyphy/ptII/lib/bridj-0.7.0.jar:/home/travis/build/icyphy/ptII/lib/xbjlib-1.1.0.nrjavaserial.jar" />
    <property name="timeout" value="2400000" />
    <property name="test.batch" value="**/junit/*.java" />
    <property name="env._" value="/usr/bin/timeout" />
    <property name="java.io.tmpdir" value="/tmp" />
    <property name="user.language" value="en" />
    <property name="env.TRAVIS_INTERNAL_RUBY_REGEX" value="^ruby-(2\.[0-4]\.[0-9]|1\.9\.3)" />
    <property name="env.HISTCONTROL" value="ignoredups:ignorespace" />
    <property name="env.GOROOT" value="/home/travis/.gimme/versions/go1.11.1.linux.amd64" />
    <property name="line.separator" value="&#xa;" />
    <property name="target" value="11" />
    <property name="env.TRAVIS_BUILD_DIR" value="/home/travis/build/icyphy/ptII" />
    <property name="env.ANT_OPTS" value="-Xmx2048m" />
    <property name="ant.file.type" value="file" />
    <property name="ptolemy.ptII.batchMode" value="true" />
    <property name="env.HISTSIZE" value="1000" />
    <property name="env.MERB_ENV" value="test" />
    <property name="java.vm.info" value="mixed mode" />
    <property name="source" value="11" />
    <property name="java.vm.specification.name" value="Java Virtual Machine Specification" />
    <property name="env.TRAVIS_TEST_RESULT" value="0" />
    <property name="jsdoc.command" value="node_modules/@terraswarm/jsdoc/jsdoc.js" />
    <property name="npm.works" value="true" />
    <property name="cobertura.dir" value="/home/travis/build/icyphy/ptII/vendors/cobertura-2.0.3" />
    <property name="jsdoc.command.exists" value="true" />
    <property name="env.rvm_path" value="/home/travis/.rvm" />
    <property name="env.GEM_PATH" value="/home/travis/.rvm/gems/ruby-2.5.3:/home/travis/.rvm/gems/ruby-2.5.3@global" />
    <property name="env.LC_CTYPE" value="en_US.UTF-8" />
    <property name="env.TRAVIS_CMD" value="$PTII/bin/ptIITravisBuild.sh $SECONDS" />
    <property name="java.awt.printerjob" value="sun.print.PSPrinterJob" />
    <property name="env.TRAVIS_STACK_NAME" value="sardonyx" />
    <property name="env.TRAVIS_TIMER_START_TIME" value="1577773824306114862" />
    <property name="ant.version" value="Apache Ant(TM) version 1.10.1 compiled on February 2 2017" />
    <property name="ptII.reports" value="/home/travis/build/icyphy/ptII/reports" />
    <property name="env.TRAVIS_STACK_TIMESTAMP" value="2019-03-25 16:16:56 UTC" />
    <property name="ant.file.type.ptII" value="file" />
    <property name="env.RBENV_SHELL" value="bash" />
    <property name="os.name" value="Linux" />
    <property name="java.specification.vendor" value="Oracle Corporation" />
    <property name="env.rvm_version" value="1.29.7 (latest)" />
    <property name="env.TRAVIS_INFRA" value="unknown" />
    <property name="env.TERM" value="xterm" />
    <property name="java.vm.name" value="OpenJDK 64-Bit Server VM" />
    <property name="env.TRAVIS_BUILD_NUMBER" value="1448" />
    <property name="env.CI" value="true" />
    <property name="java.library.path" value="/home/travis/pthla/certi-tools/lib:/usr/lib/jni:/usr/local/share/OpenCV/java/:/usr/share/OpenCV/java::/usr/java/packages/lib:/usr/lib64:/lib64:/lib:/usr/lib" />
    <property name="jdk.module.path" value="/home/travis/build/icyphy/ptII/vendors/javafx/javafx-sdk-11.0.2/lib:" />
    <property name="env.rvm_prefix" value="/home/travis" />
    <property name="env.PATH" value="/home/travis/pthla/certi-tools/share/scripts:/home/travis/.rvm/gems/ruby-2.5.3/bin:/home/travis/.rvm/gems/ruby-2.5.3@global/bin:/home/travis/.rvm/rubies/ruby-2.5.3/bin:/home/travis/.rvm/bin:/home/travis/.nvm/versions/node/v7.10.1/bin:./node_modules/.bin:/home/travis/build/icyphy/ptII/bin:/home/travis/pthla/certi-tools/bin:/home/travis/bin:/home/travis/.local/bin:/usr/local/lib/jvm/openjdk11/bin:/opt/pyenv/shims:/home/travis/.phpenv/shims:/home/travis/perl5/perlbrew/bin:/home/travis/gopath/bin:/home/travis/.gimme/versions/go1.11.1.linux.amd64/bin:/usr/local/maven-3.6.0/bin:/usr/local/cmake-3.12.4/bin:/usr/local/clang-7.0.0/bin:/usr/local/sbin:/usr/local/bin:/usr/sbin:/usr/bin:/sbin:/bin:/snap/bin:/home/travis/.phpenv/bin:/opt/pyenv/bin:/home/travis/.yarn/bin" />
    <property name="env.TRAVIS_OS_NAME" value="linux" />
    <property name="ant.java.version" value="9" />
    <property name="basedir" value="/home/travis/build/icyphy/ptII" />
    <property name="java.class.version" value="55.0" />
    <property name="env.SHLVL" value="3" />
    <property name="env.LD_LIBRARY_PATH" value="/home/travis/pthla/certi-tools/lib:/usr/lib/jni:/usr/local/share/OpenCV/java/:/usr/share/OpenCV/java:" />
    <property name="env.RACK_ENV" value="test" />
    <property name="ant.home" value="/home/travis/build/icyphy/ptII/ant" />
    <property name="env.NVM_DIR" value="/home/travis/.nvm" />
    <property name="env.CERTI_FOM_PATH" value="/home/travis/pthla/certi-tools/share/federations" />
    <property name="env.TRAVIS_BUILD_ID" value="631199719" />
    <property name="env.PYENV_ROOT" value="/opt/pyenv" />
    <property name="env.TRAVIS_UID" value="2000" />
    <property name="prism.verbose" value="true" />
    <property name="env.NVM_BIN" value="/home/travis/.nvm/versions/node/v7.10.1/bin" />
    <property name="env.TRAVIS_COMMIT" value="1f87987f0e3e7c0b3e4c2c438cef4d3742e50cee" />
    <property name="env._system_arch" value="x86_64" />
    <property name="node.executable" value="node" />
    <property name="sun.boot.library.path" value="/usr/local/lib/jvm/openjdk11/lib" />
    <property name="sun.management.compiler" value="HotSpot 64-Bit Tiered Compilers" />
    <property name="java.awt.graphicsenv" value="sun.awt.X11GraphicsEnvironment" />
    <property name="env.GOPATH" value="/home/travis/gopath" />
    <property name="ptolemy.ptII.dir" value="/home/travis/build/icyphy/ptII" />
    <property name="env.USER" value="travis" />
    <property name="env.HISTFILESIZE" value="2000" />
    <property name="timeout.longest" value="19000000" />
    <property name="env.PERLBREW_SHELLRC_VERSION" value="0.86" />
    <property name="env.TRAVIS_STACK_FEATURES" value="basic couchdb disabled-ipv6 docker docker-compose elasticsearch firefox go-toolchain google-chrome jdk memcached mongodb mysql nodejs_interpreter perl_interpreter perlbrew phantomjs postgresql python_interpreter redis ruby_interpreter sqlite xserver" />
    <property name="env.TRAVIS_PULL_REQUEST" value="false" />
    <property name="env.PYENV_SHELL" value="bash" />
    <property name="ant.project.name" value="ptII" />
    <property name="env.ANSI_RESET" value="\033[0m" />
    <property name="java.vm.specification.version" value="11" />
    <property name="env.TRAVIS_DIST" value="xenial" />
    <property name="env.CERTI_VERSION" value="4.0.0" />
    <property name="env.CERTI_HOST" value="localhost" />
    <property name="awt.toolkit" value="sun.awt.X11.XToolkit" />
    <property name="env.MY_RUBY_HOME" value="/home/travis/.rvm/rubies/ruby-2.5.3" />
    <property name="sun.cpu.isalist" value="" />
    <property name="env.TRAVIS_TMPDIR" value="/tmp/tmp.YXudg83eff" />
    <property name="java.vm.compressedOopsMode" value="Zero based" />
    <property name="os.version" value="4.15.0-1028-gcp" />
    <property name="user.home" value="/home/travis" />
    <property name="java.vm.vendor" value="Oracle Corporation" />
    <property name="env.TRAVIS_TAG" value="nightly" />
    <property name="env.ANSI_YELLOW" value="\033[33;1m" />
    <property name="env.TRAVIS_FILTERED" value="redirect_io" />
    <property name="env.ANSI_GREEN" value="\033[32;1m" />
    <property name="env.JAVA_HOME" value="/usr/local/lib/jvm/openjdk11" />
    <property name="javadoc.excludepackagenames" value="adm.cvs2svn.*,build.*,config.*,doc.coding.templates.*,jni.test.jni.meaningOfLife.*,jni.test.jni.testDeux.*,jni.test.jni.testTrois.*,org.terraswarm.accessor.accessors.web.node_modules.*,org.terraswarm.accessor.accessors.web.hosts.cordova.demo.*,org.terraswarm.accessor.accessors.web.hosts.cordova.plugins.*,org.terraswarm.accessor.accessors-svn.*,pt-modules.*,ptolemy.apps.agilent.*,ptolemy.apps.anytimecontrol.*,ptolemy.apps.apes.*,ptolemy.apps.charon.*,ptolemy.apps.crazyboard.*,ptolemy.apps.eclipse.*,ptolemy.apps.etherealSting.*,ptolemy.apps.fullscreen.*,ptolemy.apps.giotto.*,ptolemy.apps.ia.*,ptolemy.apps.interfaces.*,ptolemy.apps.jmf.*,ptolemy.apps.kurt.*,ptolemy.apps.kvm.*,ptolemy.apps.lego.*,ptolemy.apps.lejos.*,ptolemy.apps.midp.*,ptolemy.apps.mobileCoding.*,ptolemy.apps.pendulum.*,ptolemy.apps.rijndael.*,ptolemy.apps.robot.*,ptolemy.apps.security.*,ptolemy.apps.sobel.*,ptolemy.apps.soot.*,ptolemy.apps.throttle.*,ptolemy.apps.tini.*,ptolemy.apps.transmission.*,ptolemy.apps.vergil.*,ptolemy.apps.waba.*,ptolemy.apps.websensor.*,ptolemy.apps.webstart.*,ptolemy.apps.xsl.*,ptolemy.apps.zaurus.*,ptolemy.codegen.c.actor.lib.oldJavaFiles.*,ptolemy.codegen.dsp.lib.*,ptolemy.codegen.kernel.newInterfaces.*,ptolemy.codegen.lib.*,ptolemy.copernicus.kernel.fragment.*,ptolemy.copernicus.shallow.cg.*,ptolemy.domains.giotto.demo.Hierarchy.Hierarchy.*,ptolemy.domains.giotto.demo.Multimode.Multimode.*,ptolemy.domains.giotto.demo.Simple.Simple.*,ptolemy.domains.gr.lib.experimental.*,ptolemy.domains.gro.*,ptolemy.domains.pdf.*,ptolemy.domains.ptinyos.demo.Surge.output.*,ptolemy.moml.test.NoPackageActor.java*,ptolemy.plot.adm.*,ptolemy.plot.servlet.*,reports.*,signed.*,src.*,target.*,vendors.*,ptolemy.copernicus.applet.*,ptolemy.media.viewer.*,ptolemy.actor.corba.*,doc.doclets.*,ptolemy.apps.eclipse.awt.*,ptolemy.backtrack.*,ptolemy.backtrack.ast.*,ptolemy.cg.adapter.generic.program.procedural.c.mbed*,ptolemy.homer.*,ptolemy.actor.lib.jai.*,org.ptolemy.scala.*,diva.util.java2d.svg.*,ptolemy.domains.ptinyos.*,ptolemy.actor.lib.fmi.fmipp.*,,org.terraswarm.accessor.accessors.web.node_modules.*,org.terraswarm.accessor.accessors-svn,ptolemy.apps.*,ptolemy.actor.ptalon.demo.ptinyos.SendAndReceiveCnt.output,ptolemy.actor.ptalon.demo.ptinyos.SenseToLeds.output,ptolemy.domains.ptinyos.demo.CntToLedsAndRfm.output,ptolemy.domains.ptinyos.demo.RfmToLeds.output,ptolemy.domains.ptinyos.demo.SendAndReceiveCnt.output,ptolemy.domains.ptinyos.demo.SenseToLeds.output,ptolemy.actor.lib.jjs.modules.udpSocket.*" />
    <property name="env.PTII" value="/home/travis/build/icyphy/ptII" />
    <property name="env.XDG_SESSION_ID" value="2" />
    <property name="keystore" value="ptKeystore" />
    <property name="env.TRAVIS_COMMIT_MESSAGE" value="Restored ptolemy/domains/space/test/auto directory now that we have timeout mechanism. Hopefully, we will now just see test failures when the database is down instead of total failure of the tests." />
    <property name="junit.output.dir" value="/home/travis/build/icyphy/ptII/reports/junit" />
    <property name="npm.return.code" value="0" />
    <property name="user.dir" value="/home/travis/build/icyphy/ptII/ptolemy/actor/lib/test" />
    <property name="env.TRAVIS_NODE_VERSION" value="7" />
    <property name="env.TRAVIS_EVENT_TYPE" value="cron" />
    <property name="env.MAIL" value="/var/mail/travis" />
    <property name="env.PERLBREW_ROOT" value="/home/travis/perl5/perlbrew" />
    <property name="env.PWD" value="/home/travis/build/icyphy/ptII" />
    <property name="timeout.npm" value="45000" />
    <property name="env.TRAVIS_ARCH" value="amd64" />
    <property name="sun.cpu.endian" value="little" />
    <property name="env.PAGER" value="cat" />
    <property name="env.TRAVIS_BUILD_STAGE_NAME" value="Test" />
    <property name="env.PERLBREW_HOME" value="/home/travis/.perlbrew" />
    <property name="java.vm.version" value="11.0.2+9" />
    <property name="env.RAILS_ENV" value="test" />
    <property name="java.class.path" value="/home/travis/.ptolemyII:/home/travis/.ptolemyII/*:/home/travis/build/icyphy/ptII:/home/travis/build/icyphy/ptII/lib/bsh-2.0b4.jar:/home/travis/build/icyphy/ptII/lib/ptCal.jar:/home/travis/build/icyphy/ptII/lib/java_cup.jar:/home/travis/build/icyphy/ptII/lib/saxon8.jar:/home/travis/build/icyphy/ptII/lib/saxon8-dom.jar:/home/travis/build/icyphy/ptII/lib/chic.jar:/home/travis/build/icyphy/ptII/lib/ptcolt.jar:/home/travis/build/icyphy/ptII/vendors/misc/itext/iText.jar:/home/travis/build/icyphy/ptII/lib/g4ltl.jar:/home/travis/build/icyphy/ptII/lib/StructuralCoder.jar:/home/travis/build/icyphy/ptII/lib/jcerti.jar:/home/travis/build/icyphy/ptII/lib/javax.mail.jar:/home/travis/build/icyphy/ptII/vendors/JMF-2.1.1e/lib/jmf.jar:/home/travis/build/icyphy/ptII/lib/jna-4.0.0-variadic.jar:/home/travis/build/icyphy/ptII/vendors/misc/joystick/Joystick.jar:/home/travis/build/icyphy/ptII/lib/ptjacl.jar:/home/travis/build/icyphy/ptII/lib/jsoup-1.8.2.jar:/home/travis/build/icyphy/ptII/lib/junit-4.8.2.jar:/home/travis/build/icyphy/ptII/lib/JUnitParams-0.4.0.jar:/home/travis/build/icyphy/ptII/ptolemy/actor/lib/excel/jxl.jar:/home/travis/build/icyphy/ptII/lib/jython.jar:/home/travis/build/icyphy/ptII/lib/kieler.jar:/home/travis/build/icyphy/ptII/vendors/opencv/share/OpenCV/java/opencv-341.jar:/home/travis/build/icyphy/ptII/lib/oscP5.jar:/home/travis/build/icyphy/ptII/lib/nrjavaserial-3.11.0.devel.jar:/home/travis/build/icyphy/ptII/vendors/j3d/lib/Linux/j3dcore.jar:/home/travis/build/icyphy/ptII/vendors/j3d/lib/Linux/j3dutils.jar:/home/travis/build/icyphy/ptII/vendors/j3d/lib/Linux/vecmath.jar:/home/travis/build/icyphy/ptII/vendors/jogl/lib/Linux/gluegen-rt-natives-linux-amd64.jar:/home/travis/build/icyphy/ptII/vendors/jogl/lib/Linux/gluegen-rt.jar:/home/travis/build/icyphy/ptII/vendors/jogl/lib/Linux/jogl-all-natives-linux-amd64.jar:/home/travis/build/icyphy/ptII/vendors/jogl/lib/Linux/jogl-all.jar:/home/travis/build/icyphy/ptII/ptolemy/distributed/jini/jar/jini-core.jar:/home/travis/build/icyphy/ptII/ptolemy/distributed/jini/jar/jini-ext.jar:/home/travis/build/icyphy/ptII/ptolemy/distributed/jini/jar/sun-util.jar:/home/travis/build/icyphy/ptII/lib/protobuf-java-2.4.1.jar:/home/travis/build/icyphy/ptII/lib/org.eclipse.paho.client.mqttv3.jar:/home/travis/build/icyphy/ptII/lib/mapss.jar:/home/travis/build/icyphy/ptII/ptolemy/actor/ptalon/antlr/antlr.jar:/home/travis/build/icyphy/ptII/lib/JRI.jar:/home/travis/build/icyphy/ptII/lib/commons-lang-2.6.jar:/home/travis/build/icyphy/ptII/lib/commons-logging-1.1.1.jar:/home/travis/build/icyphy/ptII/lib/sootclasses.jar:/home/travis/build/icyphy/ptII/ptolemy/actor/lib/database/mysql-connector-java-5.1.6-bin.jar:/home/travis/build/icyphy/ptII/vendors/misc/sphinx4/sphinx4-data-5prealpha.jar:/home/travis/build/icyphy/ptII/vendors/misc/sphinx4/sphinx4-core-5prealpha.jar:/home/travis/build/icyphy/ptII/lib/PDFRenderer.jar:/home/travis/build/icyphy/ptII/lib/svgSalamander.jar:/home/travis/build/icyphy/ptII/lib/rsyntaxtextarea-2.6.0-SNAPSHOT.jar:/home/travis/build/icyphy/ptII/lib/hazelcast-3.8.2.jar:/home/travis/build/icyphy/ptII/lib/jackson-annotations-2.9.0.jar:/home/travis/build/icyphy/ptII/lib/jackson-core-2.9.3.jar:/home/travis/build/icyphy/ptII/lib/jackson-databind-2.9.3.jar:/home/travis/build/icyphy/ptII/lib/netty-buffer-4.1.19.Final.jar:/home/travis/build/icyphy/ptII/lib/netty-codec-4.1.19.Final.jar:/home/travis/build/icyphy/ptII/lib/netty-codec-dns-4.1.19.Final.jar:/home/travis/build/icyphy/ptII/lib/netty-codec-http-4.1.19.Final.jar:/home/travis/build/icyphy/ptII/lib/netty-codec-http2-4.1.19.Final.jar:/home/travis/build/icyphy/ptII/lib/netty-common-4.1.19.Final.jar:/home/travis/build/icyphy/ptII/lib/netty-handler-4.1.19.Final.jar:/home/travis/build/icyphy/ptII/lib/netty-resolver-4.1.19.Final.jar:/home/travis/build/icyphy/ptII/lib/netty-resolver-dns-4.1.19.Final.jar:/home/travis/build/icyphy/ptII/lib/netty-transport-4.1.19.Final.jar:/home/travis/build/icyphy/ptII/lib/vertx-codegen-3.5.1.jar:/home/travis/build/icyphy/ptII/lib/vertx-core-3.5.2-SNAPSHOT.jar:/home/travis/build/icyphy/ptII/lib/vertx-hazelcast-3.5.1.jar:/home/travis/build/icyphy/ptII/lib/vertx-lang-js-3.5.1.jar:/home/travis/build/icyphy/ptII/lib/vertx-service-proxy-3.5.1.jar:/home/travis/build/icyphy/ptII/lib/vertx-web-3.5.1.jar:/home/travis/build/icyphy/ptII/lib/slf4j-api-1.7.13.jar:/home/travis/build/icyphy/ptII/lib/slf4j-simple-1.7.13.jar:/home/travis/build/icyphy/ptII/lib/webcam-capture-0.3.12.jar:/home/travis/build/icyphy/ptII/lib/bridj-0.7.0.jar:/home/travis/build/icyphy/ptII/lib/xbjlib-1.1.0.nrjavaserial.jar:/home/travis/build/icyphy/ptII/ptolemy/moml/test:/home/travis/build/icyphy/ptII/ant/lib/ant-launcher.jar:/home/travis/build/icyphy/ptII/ant/lib/ant.jar:/home/travis/build/icyphy/ptII/ant/lib/ant-junit.jar:/home/travis/build/icyphy/ptII/ant/lib/ant-junit4.jar" />
    <property name="ant.library.dir" value="/home/travis/build/icyphy/ptII/ant/lib" />
    <property name="os.arch" value="amd64" />
    <property name="env.CONTINUOUS_INTEGRATION" value="true" />
    <property name="env.TRAVIS_LANGUAGE" value="node_js" />
    <property name="env.TRAVIS_STACK_LANGUAGES" value="__sardonyx__ c c++ clojure cplusplus cpp default generic go groovy java node_js php pure_java python ruby scala" />
    <property name="test.name" value="ptolemy.actor.lib.test.junit.JUnitTclTest" />
    <property name="env.APT_KEY_DONT_WARN_ON_DANGEROUS_USAGE" value="1" />
    <property name="sun.java.launcher" value="SUN_STANDARD" />
    <property name="env.PYTHON_CONFIGURE_OPTS" value="--enable-unicode=ucs4 --with-wide-unicode --enable-shared --enable-ipv6 --enable-loadable-sqlite-extensions --with-computed-gotos" />
    <property name="ant.core.lib" value="/home/travis/build/icyphy/ptII/ant/lib/ant.jar" />
    <property name="java.vm.specification.vendor" value="Oracle Corporation" />
    <property name="env.BCVTB_HOME" value="/home/travis/build/icyphy/ptII/lbnl" />
    <property name="file.separator" value="/" />
    <property name="spotbugs.home" value="/home/travis/build/icyphy/ptII/vendors/spotbugs-3.1.1" />
    <property name="java.runtime.version" value="11.0.2+9" />
    <property name="env.ANSI_CLEAR" value="\033[0K" />
    <property name="javafx.verbose" value="true" />
    <property name="env.HAS_JOSH_K_SEAL_OF_APPROVAL" value="true" />
    <property name="env.XDG_RUNTIME_DIR" value="/run/user/2000" />
    <property name="env.TRAVIS_OSX_IMAGE" value="" />
    <property name="env.TRAVIS_JOB_ID" value="631199727" />
    <property name="env.TRAVIS_BRANCH" value="master" />
    <property name="user.country" value="US" />
    <property name="env.CERTI_HOME_TRAVIS" value="/home/travis/pthla/certi-tools" />
    <property name="env.SHELL" value="/bin/bash" />
    <property name="java.maxmemory.large" value="3200m" />
    <property name="model" value="" />
    <property name="env.CASHER_DIR" value="/home/travis/.casher" />
    <property name="env.NVM_CD_FLAGS" value="" />
    <property name="java.vendor.version" value="18.9" />
    <property name="jshint.executable" value="/home/travis/node_modules/jshint/bin/jshint" />
    <property name="env.JRUBY_OPTS" value=" --client -J-XX:+TieredCompilation -J-XX:TieredStopAtLevel=1 -J-Xss2m -Xcompile.invokedynamic=false" />
    <property name="java.vendor" value="Oracle Corporation" />
    <property name="env.TRAVIS_PRE_CHEF_BOOTSTRAP_TIME" value="2019-03-25T16:16:42" />
    <property name="env.TRAVIS_STACK_JOB_BOARD_REGISTER" value="/.job-board-register.yml" />
    <property name="env.ANSI_RED" value="\033[31;1m" />
    <property name="java.specification.version" value="11" />
    <property name="env.IRBRC" value="/home/travis/.rvm/rubies/ruby-2.5.3/.irbrc" />
    <property name="env.TRAVIS" value="true" />
    <property name="sun.arch.data.model" value="64" />
  </properties>
  <testcase classname="ptolemy.util.test.junit.TclTests" name="[0] /home/travis/build/icyphy/ptII/ptolemy/actor/lib/test/AbsoluteValue.tcl (RunTclFile)" time="0.544" />
  <testcase classname="ptolemy.util.test.junit.TclTests" name="[1] /home/travis/build/icyphy/ptII/ptolemy/actor/lib/test/AddSubtract.tcl (RunTclFile)" time="0.196" />
  <testcase classname="ptolemy.util.test.junit.TclTests" name="[2] /home/travis/build/icyphy/ptII/ptolemy/actor/lib/test/Average.tcl (RunTclFile)" time="0.067" />
  <testcase classname="ptolemy.util.test.junit.TclTests" name="[3] /home/travis/build/icyphy/ptII/ptolemy/actor/lib/test/Bernoulli.tcl (RunTclFile)" time="0.037" />
  <testcase classname="ptolemy.util.test.junit.TclTests" name="[4] /home/travis/build/icyphy/ptII/ptolemy/actor/lib/test/Clock.tcl (RunTclFile)" time="0.109" />
  <testcase classname="ptolemy.util.test.junit.TclTests" name="[5] /home/travis/build/icyphy/ptII/ptolemy/actor/lib/test/Commutator.tcl (RunTclFile)" time="0.164" />
  <testcase classname="ptolemy.util.test.junit.TclTests" name="[6] /home/travis/build/icyphy/ptII/ptolemy/actor/lib/test/Const.tcl (RunTclFile)" time="0.102" />
  <testcase classname="ptolemy.util.test.junit.TclTests" name="[7] /home/travis/build/icyphy/ptII/ptolemy/actor/lib/test/CurrentTime.tcl (RunTclFile)" time="0.02" />
  <testcase classname="ptolemy.util.test.junit.TclTests" name="[8] /home/travis/build/icyphy/ptII/ptolemy/actor/lib/test/DB.tcl (RunTclFile)" time="0.037" />
  <testcase classname="ptolemy.util.test.junit.TclTests" name="[9] /home/travis/build/icyphy/ptII/ptolemy/actor/lib/test/DiscreteRandomSource.tcl (RunTclFile)" time="0.041" />
  <testcase classname="ptolemy.util.test.junit.TclTests" name="[10] /home/travis/build/icyphy/ptII/ptolemy/actor/lib/test/Distributor.tcl (RunTclFile)" time="0.082" />
  <testcase classname="ptolemy.util.test.junit.TclTests" name="[11] /home/travis/build/icyphy/ptII/ptolemy/actor/lib/test/Exit.tcl (RunTclFile)" time="0.077" />
  <testcase classname="ptolemy.util.test.junit.TclTests" name="[12] /home/travis/build/icyphy/ptII/ptolemy/actor/lib/test/Expression.tcl (RunTclFile)" time="0.122" />
  <testcase classname="ptolemy.util.test.junit.TclTests" name="[13] /home/travis/build/icyphy/ptII/ptolemy/actor/lib/test/Gaussian.tcl (RunTclFile)" time="1.006" />
  <testcase classname="ptolemy.util.test.junit.TclTests" name="[14] /home/travis/build/icyphy/ptII/ptolemy/actor/lib/test/IIR.tcl (RunTclFile)" time="0.033" />
  <testcase classname="ptolemy.util.test.junit.TclTests" name="[15] /home/travis/build/icyphy/ptII/ptolemy/actor/lib/test/Interpolator.tcl (RunTclFile)" time="0.098" />
  <testcase classname="ptolemy.util.test.junit.TclTests" name="[16] /home/travis/build/icyphy/ptII/ptolemy/actor/lib/test/MathFunction.tcl (RunTclFile)" time="0.07" />
  <testcase classname="ptolemy.util.test.junit.TclTests" name="[17] /home/travis/build/icyphy/ptII/ptolemy/actor/lib/test/Maximum.tcl (RunTclFile)" time="0.033" />
  <testcase classname="ptolemy.util.test.junit.TclTests" name="[18] /home/travis/build/icyphy/ptII/ptolemy/actor/lib/test/Minimum.tcl (RunTclFile)" time="0.031" />
  <testcase classname="ptolemy.util.test.junit.TclTests" name="[19] /home/travis/build/icyphy/ptII/ptolemy/actor/lib/test/MultiplyDivide.tcl (RunTclFile)" time="0.041" />
  <testcase classname="ptolemy.util.test.junit.TclTests" name="[20] /home/travis/build/icyphy/ptII/ptolemy/actor/lib/test/OrderedMerge.tcl (RunTclFile)" time="0.185" />
  <testcase classname="ptolemy.util.test.junit.TclTests" name="[21] /home/travis/build/icyphy/ptII/ptolemy/actor/lib/test/Publisher.tcl (RunTclFile)" time="0.884" />
  <testcase classname="ptolemy.util.test.junit.TclTests" name="[22] /home/travis/build/icyphy/ptII/ptolemy/actor/lib/test/Pulse.tcl (RunTclFile)" time="0.038" />
  <testcase classname="ptolemy.util.test.junit.TclTests" name="[23] /home/travis/build/icyphy/ptII/ptolemy/actor/lib/test/Ramp.tcl (RunTclFile)" time="1.881" />
  <testcase classname="ptolemy.util.test.junit.TclTests" name="[24] /home/travis/build/icyphy/ptII/ptolemy/actor/lib/test/RampContinuous.tcl (RunTclFile)" time="0.051" />
  <testcase classname="ptolemy.util.test.junit.TclTests" name="[25] /home/travis/build/icyphy/ptII/ptolemy/actor/lib/test/RecordAssembler.tcl (RunTclFile)" time="0.039" />
  <testcase classname="ptolemy.util.test.junit.TclTests" name="[26] /home/travis/build/icyphy/ptII/ptolemy/actor/lib/test/RecordDisassembler.tcl (RunTclFile)" time="0.022" />
  <testcase classname="ptolemy.util.test.junit.TclTests" name="[27] /home/travis/build/icyphy/ptII/ptolemy/actor/lib/test/Scale.tcl (RunTclFile)" time="0.015" />
  <testcase classname="ptolemy.util.test.junit.TclTests" name="[28] /home/travis/build/icyphy/ptII/ptolemy/actor/lib/test/SequentialClock.tcl (RunTclFile)" time="0.018" />
  <testcase classname="ptolemy.util.test.junit.TclTests" name="[29] /home/travis/build/icyphy/ptII/ptolemy/actor/lib/test/SetVariable.tcl (RunTclFile)" time="0.026">
    <failure message="Number of failed tests is has increased. expected:&lt;0&gt; but was:&lt;1&gt;" type="junit.framework.AssertionFailedError">junit.framework.AssertionFailedError: Number of failed tests is has increased. expected:&lt;0&gt; but was:&lt;1&gt;
	at ptolemy.util.test.junit.TclTests.RunTclFile(TclTests.java:286)
	at jdk.internal.reflect.GeneratedMethodAccessor19.invoke(Unknown Source)
	at java.base/jdk.internal.reflect.DelegatingMethodAccessorImpl.invoke(DelegatingMethodAccessorImpl.java:43)
	at junitparams.internal.InvokeParameterisedMethod.evaluate(InvokeParameterisedMethod.java:102)
	at junitparams.internal.ParameterisedTestMethodRunner.runMethodInvoker(ParameterisedTestMethodRunner.java:47)
	at junitparams.internal.ParameterisedTestMethodRunner.runTestMethod(ParameterisedTestMethodRunner.java:41)
	at junitparams.internal.ParameterisedTestClassRunner.runParameterisedTest(ParameterisedTestClassRunner.java:143)
	at junitparams.JUnitParamsRunner.runChild(JUnitParamsRunner.java:237)
	at junitparams.JUnitParamsRunner.runChild(JUnitParamsRunner.java:215)
</failure>
  </testcase>
  <testcase classname="ptolemy.util.test.junit.TclTests" name="[30] /home/travis/build/icyphy/ptII/ptolemy/actor/lib/test/Sinewave.tcl (RunTclFile)" time="0.058" />
  <testcase classname="ptolemy.util.test.junit.TclTests" name="[31] /home/travis/build/icyphy/ptII/ptolemy/actor/lib/test/SubscriptionAggregator.tcl (RunTclFile)" time="2.097" />
  <testcase classname="ptolemy.util.test.junit.TclTests" name="[32] /home/travis/build/icyphy/ptII/ptolemy/actor/lib/test/Test.tcl (RunTclFile)" time="0.104" />
  <testcase classname="ptolemy.util.test.junit.TclTests" name="[33] /home/travis/build/icyphy/ptII/ptolemy/actor/lib/test/TestExceptionHandler.tcl (RunTclFile)" time="0.014" />
  <testcase classname="ptolemy.util.test.junit.TclTests" name="[34] /home/travis/build/icyphy/ptII/ptolemy/actor/lib/test/UnionDisassembler.tcl (RunTclFile)" time="0.074" />
  <testcase classname="ptolemy.util.test.junit.TclTests" name="[35] /home/travis/build/icyphy/ptII/ptolemy/actor/lib/test/VariableClock.tcl (RunTclFile)" time="0.028" />
  <testcase classname="ptolemy.util.test.junit.AutoKnownFailedTests" name="[0] /home/travis/build/icyphy/ptII/ptolemy/actor/lib/test/auto/knownFailedTests/PublisherPortToplevelSubscriber.xml (RunModel)" time="0.029" />
  <testcase classname="ptolemy.util.test.junit.AutoKnownFailedTests" name="[1] /home/travis/build/icyphy/ptII/ptolemy/actor/lib/test/auto/knownFailedTests/PublisherSubscriberPortToplevel.xml (RunModel)" time="0.022" />
  <testcase classname="ptolemy.util.test.junit.AutoKnownFailedTests" name="[2] /home/travis/build/icyphy/ptII/ptolemy/actor/lib/test/auto/knownFailedTests/PublisherSubscriptionAggregatorPort.xml (RunModel)" time="0.02" />
  <testcase classname="ptolemy.util.test.junit.AutoKnownFailedTests" name="[3] /home/travis/build/icyphy/ptII/ptolemy/actor/lib/test/auto/knownFailedTests/sizedarray3.xml (RunModel)" time="0.025" />
  <testcase classname="ptolemy.util.test.junit.AutoNameArchTests" name="[0] ThereAreNoAutoArchTests (RunModel)" time="0.004" />
  <testcase classname="ptolemy.util.test.junit.AutoTests" name="[0] /home/travis/build/icyphy/ptII/ptolemy/actor/lib/test/auto/AbsoluteValue.xml (RunModel)" time="0.087" />
  <testcase classname="ptolemy.util.test.junit.AutoTests" name="[1] /home/travis/build/icyphy/ptII/ptolemy/actor/lib/test/auto/AbsoluteValue2.xml (RunModel)" time="0.036" />
  <testcase classname="ptolemy.util.test.junit.AutoTests" name="[2] /home/travis/build/icyphy/ptII/ptolemy/actor/lib/test/auto/Accumulator.xml (RunModel)" time="0.023" />
  <testcase classname="ptolemy.util.test.junit.AutoTests" name="[3] /home/travis/build/icyphy/ptII/ptolemy/actor/lib/test/auto/Accumulator2.xml (RunModel)" time="0.047" />
  <testcase classname="ptolemy.util.test.junit.AutoTests" name="[4] /home/travis/build/icyphy/ptII/ptolemy/actor/lib/test/auto/Accumulator3.xml (RunModel)" time="0.041" />
  <testcase classname="ptolemy.util.test.junit.AutoTests" name="[5] /home/travis/build/icyphy/ptII/ptolemy/actor/lib/test/auto/ArrayAppend.xml (RunModel)" time="0.04" />
  <testcase classname="ptolemy.util.test.junit.AutoTests" name="[6] /home/travis/build/icyphy/ptII/ptolemy/actor/lib/test/auto/ArrayAppend2.xml (RunModel)" time="0.334" />
  <testcase classname="ptolemy.util.test.junit.AutoTests" name="[7] /home/travis/build/icyphy/ptII/ptolemy/actor/lib/test/auto/ArrayAppend3.xml (RunModel)" time="0.035" />
  <testcase classname="ptolemy.util.test.junit.AutoTests" name="[8] /home/travis/build/icyphy/ptII/ptolemy/actor/lib/test/auto/ArrayAppend4.xml (RunModel)" time="0.018" />
  <testcase classname="ptolemy.util.test.junit.AutoTests" name="[9] /home/travis/build/icyphy/ptII/ptolemy/actor/lib/test/auto/ArrayAppend5.xml (RunModel)" time="0.012" />
  <testcase classname="ptolemy.util.test.junit.AutoTests" name="[10] /home/travis/build/icyphy/ptII/ptolemy/actor/lib/test/auto/ArrayAppend6.xml (RunModel)" time="0.022" />
  <testcase classname="ptolemy.util.test.junit.AutoTests" name="[11] /home/travis/build/icyphy/ptII/ptolemy/actor/lib/test/auto/ArrayAppendPerformanceTest.xml (RunModel)" time="0.06" />
  <testcase classname="ptolemy.util.test.junit.AutoTests" name="[12] /home/travis/build/icyphy/ptII/ptolemy/actor/lib/test/auto/ArrayAppendWithEmptyInput.xml (RunModel)" time="0.026" />
  <testcase classname="ptolemy.util.test.junit.AutoTests" name="[13] /home/travis/build/icyphy/ptII/ptolemy/actor/lib/test/auto/ArrayAverage.xml (RunModel)" time="0.035" />
  <testcase classname="ptolemy.util.test.junit.AutoTests" name="[14] /home/travis/build/icyphy/ptII/ptolemy/actor/lib/test/auto/ArrayContains.xml (RunModel)" time="0.019" />
  <testcase classname="ptolemy.util.test.junit.AutoTests" name="[15] /home/travis/build/icyphy/ptII/ptolemy/actor/lib/test/auto/ArrayElement.xml (RunModel)" time="0.028" />
  <testcase classname="ptolemy.util.test.junit.AutoTests" name="[16] /home/travis/build/icyphy/ptII/ptolemy/actor/lib/test/auto/ArrayElementAsMatrix.xml (RunModel)" time="0.078" />
  <testcase classname="ptolemy.util.test.junit.AutoTests" name="[17] /home/travis/build/icyphy/ptII/ptolemy/actor/lib/test/auto/ArrayElementI.xml (RunModel)" time="0.017" />
  <testcase classname="ptolemy.util.test.junit.AutoTests" name="[18] /home/travis/build/icyphy/ptII/ptolemy/actor/lib/test/auto/ArrayExtract.xml (RunModel)" time="0.022" />
  <testcase classname="ptolemy.util.test.junit.AutoTests" name="[19] /home/travis/build/icyphy/ptII/ptolemy/actor/lib/test/auto/ArrayExtract2.xml (RunModel)" time="0.018" />
  <testcase classname="ptolemy.util.test.junit.AutoTests" name="[20] /home/travis/build/icyphy/ptII/ptolemy/actor/lib/test/auto/ArrayLength.xml (RunModel)" time="0.013" />
  <testcase classname="ptolemy.util.test.junit.AutoTests" name="[21] /home/travis/build/icyphy/ptII/ptolemy/actor/lib/test/auto/ArrayLevelCrossing.xml (RunModel)" time="0.025" />
  <testcase classname="ptolemy.util.test.junit.AutoTests" name="[22] /home/travis/build/icyphy/ptII/ptolemy/actor/lib/test/auto/ArrayLevelCrossing2.xml (RunModel)" time="0.023" />
  <testcase classname="ptolemy.util.test.junit.AutoTests" name="[23] /home/travis/build/icyphy/ptII/ptolemy/actor/lib/test/auto/ArrayPeakSearch.xml (RunModel)" time="0.026" />
  <testcase classname="ptolemy.util.test.junit.AutoTests" name="[24] /home/travis/build/icyphy/ptII/ptolemy/actor/lib/test/auto/ArrayPeakSearch2.xml (RunModel)" time="0.043" />
  <testcase classname="ptolemy.util.test.junit.AutoTests" name="[25] /home/travis/build/icyphy/ptII/ptolemy/actor/lib/test/auto/ArrayPeakSearch3.xml (RunModel)" time="0.036" />
  <testcase classname="ptolemy.util.test.junit.AutoTests" name="[26] /home/travis/build/icyphy/ptII/ptolemy/actor/lib/test/auto/ArrayRemoveElement.xml (RunModel)" time="0.031" />
  <testcase classname="ptolemy.util.test.junit.AutoTests" name="[27] /home/travis/build/icyphy/ptII/ptolemy/actor/lib/test/auto/ArraySort.xml (RunModel)" time="0.041" />
  <testcase classname="ptolemy.util.test.junit.AutoTests" name="[28] /home/travis/build/icyphy/ptII/ptolemy/actor/lib/test/auto/ArraySum.xml (RunModel)" time="0.016" />
  <testcase classname="ptolemy.util.test.junit.AutoTests" name="[29] /home/travis/build/icyphy/ptII/ptolemy/actor/lib/test/auto/ArrayToElements.xml (RunModel)" time="0.031" />
  <testcase classname="ptolemy.util.test.junit.AutoTests" name="[30] /home/travis/build/icyphy/ptII/ptolemy/actor/lib/test/auto/ArrayToMatrix.xml (RunModel)" time="0.073" />
  <testcase classname="ptolemy.util.test.junit.AutoTests" name="[31] /home/travis/build/icyphy/ptII/ptolemy/actor/lib/test/auto/ArrayUpdate1.xml (RunModel)" time="0.016" />
  <testcase classname="ptolemy.util.test.junit.AutoTests" name="[32] /home/travis/build/icyphy/ptII/ptolemy/actor/lib/test/auto/ArrayUpdate2.xml (RunModel)" time="0.02" />
  <testcase classname="ptolemy.util.test.junit.AutoTests" name="[33] /home/travis/build/icyphy/ptII/ptolemy/actor/lib/test/auto/ArrayUpdate3.xml (RunModel)" time="0.014" />
  <testcase classname="ptolemy.util.test.junit.AutoTests" name="[34] /home/travis/build/icyphy/ptII/ptolemy/actor/lib/test/auto/Assert1.xml (RunModel)" time="0.02" />
  <testcase classname="ptolemy.util.test.junit.AutoTests" name="[35] /home/travis/build/icyphy/ptII/ptolemy/actor/lib/test/auto/Assert2.xml (RunModel)" time="0.009" />
  <testcase classname="ptolemy.util.test.junit.AutoTests" name="[36] /home/travis/build/icyphy/ptII/ptolemy/actor/lib/test/auto/BooleanMultiplexor.xml (RunModel)" time="0.015" />
  <testcase classname="ptolemy.util.test.junit.AutoTests" name="[37] /home/travis/build/icyphy/ptII/ptolemy/actor/lib/test/auto/BooleanMultiplexor2.xml (RunModel)" time="0.022" />
  <testcase classname="ptolemy.util.test.junit.AutoTests" name="[38] /home/travis/build/icyphy/ptII/ptolemy/actor/lib/test/auto/BooleanMultiplexor3.xml (RunModel)" time="0.019" />
  <testcase classname="ptolemy.util.test.junit.AutoTests" name="[39] /home/travis/build/icyphy/ptII/ptolemy/actor/lib/test/auto/BooleanSelect.xml (RunModel)" time="0.021" />
  <testcase classname="ptolemy.util.test.junit.AutoTests" name="[40] /home/travis/build/icyphy/ptII/ptolemy/actor/lib/test/auto/BooleanSelect2.xml (RunModel)" time="0.012" />
  <testcase classname="ptolemy.util.test.junit.AutoTests" name="[41] /home/travis/build/icyphy/ptII/ptolemy/actor/lib/test/auto/BooleanSwitch.xml (RunModel)" time="0.021" />
  <testcase classname="ptolemy.util.test.junit.AutoTests" name="[42] /home/travis/build/icyphy/ptII/ptolemy/actor/lib/test/auto/BooleanSwitch2.xml (RunModel)" time="0.011" />
  <testcase classname="ptolemy.util.test.junit.AutoTests" name="[43] /home/travis/build/icyphy/ptII/ptolemy/actor/lib/test/auto/BooleanSwitchCloningBugWithClassRelationGroup.xml (RunModel)" time="0.027" />
  <testcase classname="ptolemy.util.test.junit.AutoTests" name="[44] /home/travis/build/icyphy/ptII/ptolemy/actor/lib/test/auto/BusActors.xml (RunModel)" time="0.045" />
  <testcase classname="ptolemy.util.test.junit.AutoTests" name="[45] /home/travis/build/icyphy/ptII/ptolemy/actor/lib/test/auto/ClassWrapper.xml (RunModel)" time="0.03" />
  <testcase classname="ptolemy.util.test.junit.AutoTests" name="[46] /home/travis/build/icyphy/ptII/ptolemy/actor/lib/test/auto/Clock.xml (RunModel)" time="0.012" />
  <testcase classname="ptolemy.util.test.junit.AutoTests" name="[47] /home/travis/build/icyphy/ptII/ptolemy/actor/lib/test/auto/Clock10.xml (RunModel)" time="0.016" />
  <testcase classname="ptolemy.util.test.junit.AutoTests" name="[48] /home/travis/build/icyphy/ptII/ptolemy/actor/lib/test/auto/Clock11.xml (RunModel)" time="0.02" />
  <testcase classname="ptolemy.util.test.junit.AutoTests" name="[49] /home/travis/build/icyphy/ptII/ptolemy/actor/lib/test/auto/Clock12.xml (RunModel)" time="0.032" />
  <testcase classname="ptolemy.util.test.junit.AutoTests" name="[50] /home/travis/build/icyphy/ptII/ptolemy/actor/lib/test/auto/Clock13.xml (RunModel)" time="0.023" />
  <testcase classname="ptolemy.util.test.junit.AutoTests" name="[51] /home/travis/build/icyphy/ptII/ptolemy/actor/lib/test/auto/Clock14.xml (RunModel)" time="0.018" />
  <testcase classname="ptolemy.util.test.junit.AutoTests" name="[52] /home/travis/build/icyphy/ptII/ptolemy/actor/lib/test/auto/Clock15.xml (RunModel)" time="0.016" />
  <testcase classname="ptolemy.util.test.junit.AutoTests" name="[53] /home/travis/build/icyphy/ptII/ptolemy/actor/lib/test/auto/Clock16.xml (RunModel)" time="0.098" />
  <testcase classname="ptolemy.util.test.junit.AutoTests" name="[54] /home/travis/build/icyphy/ptII/ptolemy/actor/lib/test/auto/Clock17.xml (RunModel)" time="0.066" />
  <testcase classname="ptolemy.util.test.junit.AutoTests" name="[55] /home/travis/build/icyphy/ptII/ptolemy/actor/lib/test/auto/Clock18.xml (RunModel)" time="0.05" />
  <testcase classname="ptolemy.util.test.junit.AutoTests" name="[56] /home/travis/build/icyphy/ptII/ptolemy/actor/lib/test/auto/Clock19.xml (RunModel)" time="0.042" />
  <testcase classname="ptolemy.util.test.junit.AutoTests" name="[57] /home/travis/build/icyphy/ptII/ptolemy/actor/lib/test/auto/Clock2.xml (RunModel)" time="0.014" />
  <testcase classname="ptolemy.util.test.junit.AutoTests" name="[58] /home/travis/build/icyphy/ptII/ptolemy/actor/lib/test/auto/Clock20.xml (RunModel)" time="0.022" />
  <testcase classname="ptolemy.util.test.junit.AutoTests" name="[59] /home/travis/build/icyphy/ptII/ptolemy/actor/lib/test/auto/Clock21.xml (RunModel)" time="0.015" />
  <testcase classname="ptolemy.util.test.junit.AutoTests" name="[60] /home/travis/build/icyphy/ptII/ptolemy/actor/lib/test/auto/Clock22.xml (RunModel)" time="0.016" />
  <testcase classname="ptolemy.util.test.junit.AutoTests" name="[61] /home/travis/build/icyphy/ptII/ptolemy/actor/lib/test/auto/Clock23.xml (RunModel)" time="0.017" />
  <testcase classname="ptolemy.util.test.junit.AutoTests" name="[62] /home/travis/build/icyphy/ptII/ptolemy/actor/lib/test/auto/Clock24.xml (RunModel)" time="0.013" />
  <testcase classname="ptolemy.util.test.junit.AutoTests" name="[63] /home/travis/build/icyphy/ptII/ptolemy/actor/lib/test/auto/Clock4.xml (RunModel)" time="0.011" />
  <testcase classname="ptolemy.util.test.junit.AutoTests" name="[64] /home/travis/build/icyphy/ptII/ptolemy/actor/lib/test/auto/Clock5.xml (RunModel)" time="0.01" />
  <testcase classname="ptolemy.util.test.junit.AutoTests" name="[65] /home/travis/build/icyphy/ptII/ptolemy/actor/lib/test/auto/Clock6.xml (RunModel)" time="0.009" />
  <testcase classname="ptolemy.util.test.junit.AutoTests" name="[66] /home/travis/build/icyphy/ptII/ptolemy/actor/lib/test/auto/Clock7.xml (RunModel)" time="0.008" />
  <testcase classname="ptolemy.util.test.junit.AutoTests" name="[67] /home/travis/build/icyphy/ptII/ptolemy/actor/lib/test/auto/Clock8.xml (RunModel)" time="0.013" />
  <testcase classname="ptolemy.util.test.junit.AutoTests" name="[68] /home/travis/build/icyphy/ptII/ptolemy/actor/lib/test/auto/Clock9.xml (RunModel)" time="0.015" />
  <testcase classname="ptolemy.util.test.junit.AutoTests" name="[69] /home/travis/build/icyphy/ptII/ptolemy/actor/lib/test/auto/CommDistDiscard.xml (RunModel)" time="0.022" />
  <testcase classname="ptolemy.util.test.junit.AutoTests" name="[70] /home/travis/build/icyphy/ptII/ptolemy/actor/lib/test/auto/Commutator.xml (RunModel)" time="0.018" />
  <testcase classname="ptolemy.util.test.junit.AutoTests" name="[71] /home/travis/build/icyphy/ptII/ptolemy/actor/lib/test/auto/Commutator2.xml (RunModel)" time="0.011" />
  <testcase classname="ptolemy.util.test.junit.AutoTests" name="[72] /home/travis/build/icyphy/ptII/ptolemy/actor/lib/test/auto/Commutator3.xml (RunModel)" time="0.009" />
  <testcase classname="ptolemy.util.test.junit.AutoTests" name="[73] /home/travis/build/icyphy/ptII/ptolemy/actor/lib/test/auto/Compare.xml (RunModel)" time="0.023" />
  <testcase classname="ptolemy.util.test.junit.AutoTests" name="[74] /home/travis/build/icyphy/ptII/ptolemy/actor/lib/test/auto/CompareDE.xml (RunModel)" time="0.038" />
  <testcase classname="ptolemy.util.test.junit.AutoTests" name="[75] /home/travis/build/icyphy/ptII/ptolemy/actor/lib/test/auto/ComplexDivide.xml (RunModel)" time="0.012" />
  <testcase classname="ptolemy.util.test.junit.AutoTests" name="[76] /home/travis/build/icyphy/ptII/ptolemy/actor/lib/test/auto/ComputeHistogram.xml (RunModel)" time="0.056" />
  <testcase classname="ptolemy.util.test.junit.AutoTests" name="[77] /home/travis/build/icyphy/ptII/ptolemy/actor/lib/test/auto/ConfigurationSelect.xml (RunModel)" time="0.016" />
  <testcase classname="ptolemy.util.test.junit.AutoTests" name="[78] /home/travis/build/icyphy/ptII/ptolemy/actor/lib/test/auto/ConfigurationSelect2.xml (RunModel)" time="0.014" />
  <testcase classname="ptolemy.util.test.junit.AutoTests" name="[79] /home/travis/build/icyphy/ptII/ptolemy/actor/lib/test/auto/ConfigurationSwitch.xml (RunModel)" time="0.028" />
  <testcase classname="ptolemy.util.test.junit.AutoTests" name="[80] /home/travis/build/icyphy/ptII/ptolemy/actor/lib/test/auto/ConfigurationSwitch2.xml (RunModel)" time="0.019" />
  <testcase classname="ptolemy.util.test.junit.AutoTests" name="[81] /home/travis/build/icyphy/ptII/ptolemy/actor/lib/test/auto/ConfigurationSwitchCloningBugWithClassRelationGroup.xml (RunModel)" time="0.019" />
  <testcase classname="ptolemy.util.test.junit.AutoTests" name="[82] /home/travis/build/icyphy/ptII/ptolemy/actor/lib/test/auto/ConfigurationSwitchSelectSDF.xml (RunModel)" time="0.015" />
  <testcase classname="ptolemy.util.test.junit.AutoTests" name="[83] /home/travis/build/icyphy/ptII/ptolemy/actor/lib/test/auto/ConfigurationSwitchSelectSDF2.xml (RunModel)" time="0.014" />
  <testcase classname="ptolemy.util.test.junit.AutoTests" name="[84] /home/travis/build/icyphy/ptII/ptolemy/actor/lib/test/auto/Const.xml (RunModel)" time="0.007" />
  <testcase classname="ptolemy.util.test.junit.AutoTests" name="[85] /home/travis/build/icyphy/ptII/ptolemy/actor/lib/test/auto/Const2.xml (RunModel)" time="0.014" />
  <testcase classname="ptolemy.util.test.junit.AutoTests" name="[86] /home/travis/build/icyphy/ptII/ptolemy/actor/lib/test/auto/Const3.xml (RunModel)" time="0.01" />
  <testcase classname="ptolemy.util.test.junit.AutoTests" name="[87] /home/travis/build/icyphy/ptII/ptolemy/actor/lib/test/auto/ConstantPublisherPort1.xml (RunModel)" time="0.029" />
  <testcase classname="ptolemy.util.test.junit.AutoTests" name="[88] /home/travis/build/icyphy/ptII/ptolemy/actor/lib/test/auto/ConstantPublisherPort2.xml (RunModel)" time="0.024" />
  <testcase classname="ptolemy.util.test.junit.AutoTests" name="[89] /home/travis/build/icyphy/ptII/ptolemy/actor/lib/test/auto/ConstantPublisherPort3.xml (RunModel)" time="0.024" />
  <testcase classname="ptolemy.util.test.junit.AutoTests" name="[90] /home/travis/build/icyphy/ptII/ptolemy/actor/lib/test/auto/ConstantPublisherPort4.xml (RunModel)" time="0.017" />
  <testcase classname="ptolemy.util.test.junit.AutoTests" name="[91] /home/travis/build/icyphy/ptII/ptolemy/actor/lib/test/auto/ConstantPublisherPort5.xml (RunModel)" time="0.046" />
  <testcase classname="ptolemy.util.test.junit.AutoTests" name="[92] /home/travis/build/icyphy/ptII/ptolemy/actor/lib/test/auto/ConstantPublisherPort6.xml (RunModel)" time="0.024" />
  <testcase classname="ptolemy.util.test.junit.AutoTests" name="[93] /home/travis/build/icyphy/ptII/ptolemy/actor/lib/test/auto/ConstantPublisherPort7.xml (RunModel)" time="0.037" />
  <testcase classname="ptolemy.util.test.junit.AutoTests" name="[94] /home/travis/build/icyphy/ptII/ptolemy/actor/lib/test/auto/ConstraintMonitor1.xml (RunModel)" time="0.04" />
  <testcase classname="ptolemy.util.test.junit.AutoTests" name="[95] /home/travis/build/icyphy/ptII/ptolemy/actor/lib/test/auto/ConstraintMonitor2.xml (RunModel)" time="0.017" />
  <testcase classname="ptolemy.util.test.junit.AutoTests" name="[96] /home/travis/build/icyphy/ptII/ptolemy/actor/lib/test/auto/ConstraintMonitor3.xml (RunModel)" time="0.014" />
  <testcase classname="ptolemy.util.test.junit.AutoTests" name="[97] /home/travis/build/icyphy/ptII/ptolemy/actor/lib/test/auto/ConstraintMonitor4.xml (RunModel)" time="0.013" />
  <testcase classname="ptolemy.util.test.junit.AutoTests" name="[98] /home/travis/build/icyphy/ptII/ptolemy/actor/lib/test/auto/ConstraintMonitor5.xml (RunModel)" time="0.017" />
  <testcase classname="ptolemy.util.test.junit.AutoTests" name="[99] /home/travis/build/icyphy/ptII/ptolemy/actor/lib/test/auto/ConstraintMonitor6.xml (RunModel)" time="0.019" />
  <testcase classname="ptolemy.util.test.junit.AutoTests" name="[100] /home/travis/build/icyphy/ptII/ptolemy/actor/lib/test/auto/ConstraintMonitor7.xml (RunModel)" time="0.022" />
  <testcase classname="ptolemy.util.test.junit.AutoTests" name="[101] /home/travis/build/icyphy/ptII/ptolemy/actor/lib/test/auto/ConstraintMonitor8.xml (RunModel)" time="0.017" />
  <testcase classname="ptolemy.util.test.junit.AutoTests" name="[102] /home/travis/build/icyphy/ptII/ptolemy/actor/lib/test/auto/Counter.xml (RunModel)" time="0.021" />
  <testcase classname="ptolemy.util.test.junit.AutoTests" name="[103] /home/travis/build/icyphy/ptII/ptolemy/actor/lib/test/auto/CurrentTimeSDF.xml (RunModel)" time="0.01" />
  <testcase classname="ptolemy.util.test.junit.AutoTests" name="[104] /home/travis/build/icyphy/ptII/ptolemy/actor/lib/test/auto/DB.xml (RunModel)" time="0.012" />
  <testcase classname="ptolemy.util.test.junit.AutoTests" name="[105] /home/travis/build/icyphy/ptII/ptolemy/actor/lib/test/auto/DBDE.xml (RunModel)" time="0.011" />
  <testcase classname="ptolemy.util.test.junit.AutoTests" name="[106] /home/travis/build/icyphy/ptII/ptolemy/actor/lib/test/auto/DateConstructor.xml (RunModel)" time="0.072" />
  <testcase classname="ptolemy.util.test.junit.AutoTests" name="[107] /home/travis/build/icyphy/ptII/ptolemy/actor/lib/test/auto/DelayTime.xml (RunModel)" time="0.033" />
  <testcase classname="ptolemy.util.test.junit.AutoTests" name="[108] /home/travis/build/icyphy/ptII/ptolemy/actor/lib/test/auto/Dictionary1.xml (RunModel)" time="0.023" />
  <testcase classname="ptolemy.util.test.junit.AutoTests" name="[109] /home/travis/build/icyphy/ptII/ptolemy/actor/lib/test/auto/Dictionary2.xml (RunModel)" time="0.018" />
  <testcase classname="ptolemy.util.test.junit.AutoTests" name="[110] /home/travis/build/icyphy/ptII/ptolemy/actor/lib/test/auto/Dictionary3.xml (RunModel)" time="0.013" />
  <testcase classname="ptolemy.util.test.junit.AutoTests" name="[111] /home/travis/build/icyphy/ptII/ptolemy/actor/lib/test/auto/Dictionary4.xml (RunModel)" time="0.016" />
  <testcase classname="ptolemy.util.test.junit.AutoTests" name="[112] /home/travis/build/icyphy/ptII/ptolemy/actor/lib/test/auto/Differential.xml (RunModel)" time="0.013" />
  <testcase classname="ptolemy.util.test.junit.AutoTests" name="[113] /home/travis/build/icyphy/ptII/ptolemy/actor/lib/test/auto/Director.xml (RunModel)" time="0.012" />
  <testcase classname="ptolemy.util.test.junit.AutoTests" name="[114] /home/travis/build/icyphy/ptII/ptolemy/actor/lib/test/auto/DiscreteClock.xml (RunModel)" time="0.007" />
  <testcase classname="ptolemy.util.test.junit.AutoTests" name="[115] /home/travis/build/icyphy/ptII/ptolemy/actor/lib/test/auto/DiscreteClock10.xml (RunModel)" time="0.012" />
  <testcase classname="ptolemy.util.test.junit.AutoTests" name="[116] /home/travis/build/icyphy/ptII/ptolemy/actor/lib/test/auto/DiscreteClock11.xml (RunModel)" time="0.011" />
  <testcase classname="ptolemy.util.test.junit.AutoTests" name="[117] /home/travis/build/icyphy/ptII/ptolemy/actor/lib/test/auto/DiscreteClock12.xml (RunModel)" time="0.014" />
  <testcase classname="ptolemy.util.test.junit.AutoTests" name="[118] /home/travis/build/icyphy/ptII/ptolemy/actor/lib/test/auto/DiscreteClock13.xml (RunModel)" time="0.013" />
  <testcase classname="ptolemy.util.test.junit.AutoTests" name="[119] /home/travis/build/icyphy/ptII/ptolemy/actor/lib/test/auto/DiscreteClock14.xml (RunModel)" time="0.012" />
  <testcase classname="ptolemy.util.test.junit.AutoTests" name="[120] /home/travis/build/icyphy/ptII/ptolemy/actor/lib/test/auto/DiscreteClock15.xml (RunModel)" time="0.015" />
  <testcase classname="ptolemy.util.test.junit.AutoTests" name="[121] /home/travis/build/icyphy/ptII/ptolemy/actor/lib/test/auto/DiscreteClock16.xml (RunModel)" time="0.04" />
  <testcase classname="ptolemy.util.test.junit.AutoTests" name="[122] /home/travis/build/icyphy/ptII/ptolemy/actor/lib/test/auto/DiscreteClock17.xml (RunModel)" time="0.038" />
  <testcase classname="ptolemy.util.test.junit.AutoTests" name="[123] /home/travis/build/icyphy/ptII/ptolemy/actor/lib/test/auto/DiscreteClock18.xml (RunModel)" time="0.044" />
  <testcase classname="ptolemy.util.test.junit.AutoTests" name="[124] /home/travis/build/icyphy/ptII/ptolemy/actor/lib/test/auto/DiscreteClock19.xml (RunModel)" time="0.045" />
  <testcase classname="ptolemy.util.test.junit.AutoTests" name="[125] /home/travis/build/icyphy/ptII/ptolemy/actor/lib/test/auto/DiscreteClock2.xml (RunModel)" time="0.012" />
  <testcase classname="ptolemy.util.test.junit.AutoTests" name="[126] /home/travis/build/icyphy/ptII/ptolemy/actor/lib/test/auto/DiscreteClock20.xml (RunModel)" time="0.019" />
  <testcase classname="ptolemy.util.test.junit.AutoTests" name="[127] /home/travis/build/icyphy/ptII/ptolemy/actor/lib/test/auto/DiscreteClock21.xml (RunModel)" time="0.017" />
  <testcase classname="ptolemy.util.test.junit.AutoTests" name="[128] /home/travis/build/icyphy/ptII/ptolemy/actor/lib/test/auto/DiscreteClock22.xml (RunModel)" time="0.014" />
  <testcase classname="ptolemy.util.test.junit.AutoTests" name="[129] /home/travis/build/icyphy/ptII/ptolemy/actor/lib/test/auto/DiscreteClock23.xml (RunModel)" time="0.018" />
  <testcase classname="ptolemy.util.test.junit.AutoTests" name="[130] /home/travis/build/icyphy/ptII/ptolemy/actor/lib/test/auto/DiscreteClock24.xml (RunModel)" time="0.013" />
  <testcase classname="ptolemy.util.test.junit.AutoTests" name="[131] /home/travis/build/icyphy/ptII/ptolemy/actor/lib/test/auto/DiscreteClock4.xml (RunModel)" time="0.012" />
  <testcase classname="ptolemy.util.test.junit.AutoTests" name="[132] /home/travis/build/icyphy/ptII/ptolemy/actor/lib/test/auto/DiscreteClock5.xml (RunModel)" time="0.01" />
  <testcase classname="ptolemy.util.test.junit.AutoTests" name="[133] /home/travis/build/icyphy/ptII/ptolemy/actor/lib/test/auto/DiscreteClock6.xml (RunModel)" time="0.009" />
  <testcase classname="ptolemy.util.test.junit.AutoTests" name="[134] /home/travis/build/icyphy/ptII/ptolemy/actor/lib/test/auto/DiscreteClock7.xml (RunModel)" time="0.01" />
  <testcase classname="ptolemy.util.test.junit.AutoTests" name="[135] /home/travis/build/icyphy/ptII/ptolemy/actor/lib/test/auto/DiscreteClock8.xml (RunModel)" time="0.02" />
  <testcase classname="ptolemy.util.test.junit.AutoTests" name="[136] /home/travis/build/icyphy/ptII/ptolemy/actor/lib/test/auto/DiscreteClock9.xml (RunModel)" time="0.012" />
  <testcase classname="ptolemy.util.test.junit.AutoTests" name="[137] /home/travis/build/icyphy/ptII/ptolemy/actor/lib/test/auto/DisplayArray.xml (RunModel)" time="0.01" />
  <testcase classname="ptolemy.util.test.junit.AutoTests" name="[138] /home/travis/build/icyphy/ptII/ptolemy/actor/lib/test/auto/Distributor.xml (RunModel)" time="0.009" />
  <testcase classname="ptolemy.util.test.junit.AutoTests" name="[139] /home/travis/build/icyphy/ptII/ptolemy/actor/lib/test/auto/Distributor2.xml (RunModel)" time="0.011" />
  <testcase classname="ptolemy.util.test.junit.AutoTests" name="[140] /home/travis/build/icyphy/ptII/ptolemy/actor/lib/test/auto/DownSample.xml (RunModel)" time="0.011" />
  <testcase classname="ptolemy.util.test.junit.AutoTests" name="[141] /home/travis/build/icyphy/ptII/ptolemy/actor/lib/test/auto/ElectronicUnitBase1.xml (RunModel)" time="0.054" />
  <testcase classname="ptolemy.util.test.junit.AutoTests" name="[142] /home/travis/build/icyphy/ptII/ptolemy/actor/lib/test/auto/ElementsToArray.xml (RunModel)" time="0.012" />
  <testcase classname="ptolemy.util.test.junit.AutoTests" name="[143] /home/travis/build/icyphy/ptII/ptolemy/actor/lib/test/auto/Equals.xml (RunModel)" time="0.012" />
  <testcase classname="ptolemy.util.test.junit.AutoTests" name="[144] /home/travis/build/icyphy/ptII/ptolemy/actor/lib/test/auto/Exec.xml (RunModel)" time="0.031" />
  <testcase classname="ptolemy.util.test.junit.AutoTests" name="[145] /home/travis/build/icyphy/ptII/ptolemy/actor/lib/test/auto/ExecEnvironment.xml (RunModel)" time="0.035" />
  <testcase classname="ptolemy.util.test.junit.AutoTests" name="[146] /home/travis/build/icyphy/ptII/ptolemy/actor/lib/test/auto/ExecNonZeroReturnOutput.xml (RunModel)" time="0.162" />
  <testcase classname="ptolemy.util.test.junit.AutoTests" name="[147] /home/travis/build/icyphy/ptII/ptolemy/actor/lib/test/auto/ExecRunDemos.xml (RunModel)" time="10.383" />
  <testcase classname="ptolemy.util.test.junit.AutoTests" name="[148] /home/travis/build/icyphy/ptII/ptolemy/actor/lib/test/auto/ExecStop.xml (RunModel)" time="5.033" />
  <testcase classname="ptolemy.util.test.junit.AutoTests" name="[149] /home/travis/build/icyphy/ptII/ptolemy/actor/lib/test/auto/ExecutionTimeSDF.xml (RunModel)" time="6.031" />
  <testcase classname="ptolemy.util.test.junit.AutoTests" name="[150] /home/travis/build/icyphy/ptII/ptolemy/actor/lib/test/auto/Expression1.xml (RunModel)" time="0.011" />
  <testcase classname="ptolemy.util.test.junit.AutoTests" name="[151] /home/travis/build/icyphy/ptII/ptolemy/actor/lib/test/auto/Expression10.xml (RunModel)" time="0.013" />
  <testcase classname="ptolemy.util.test.junit.AutoTests" name="[152] /home/travis/build/icyphy/ptII/ptolemy/actor/lib/test/auto/Expression11.xml (RunModel)" time="0.01" />
  <testcase classname="ptolemy.util.test.junit.AutoTests" name="[153] /home/travis/build/icyphy/ptII/ptolemy/actor/lib/test/auto/Expression12.xml (RunModel)" time="0.012" />
  <testcase classname="ptolemy.util.test.junit.AutoTests" name="[154] /home/travis/build/icyphy/ptII/ptolemy/actor/lib/test/auto/Expression13.xml (RunModel)" time="0.013" />
  <testcase classname="ptolemy.util.test.junit.AutoTests" name="[155] /home/travis/build/icyphy/ptII/ptolemy/actor/lib/test/auto/Expression14.xml (RunModel)" time="0.022" />
  <testcase classname="ptolemy.util.test.junit.AutoTests" name="[156] /home/travis/build/icyphy/ptII/ptolemy/actor/lib/test/auto/Expression15.xml (RunModel)" time="0.007" />
  <testcase classname="ptolemy.util.test.junit.AutoTests" name="[157] /home/travis/build/icyphy/ptII/ptolemy/actor/lib/test/auto/Expression16.xml (RunModel)" time="0.017" />
  <testcase classname="ptolemy.util.test.junit.AutoTests" name="[158] /home/travis/build/icyphy/ptII/ptolemy/actor/lib/test/auto/Expression17.xml (RunModel)" time="0.011" />
  <testcase classname="ptolemy.util.test.junit.AutoTests" name="[159] /home/travis/build/icyphy/ptII/ptolemy/actor/lib/test/auto/Expression18.xml (RunModel)" time="0.016" />
  <testcase classname="ptolemy.util.test.junit.AutoTests" name="[160] /home/travis/build/icyphy/ptII/ptolemy/actor/lib/test/auto/Expression2.xml (RunModel)" time="0.009" />
  <testcase classname="ptolemy.util.test.junit.AutoTests" name="[161] /home/travis/build/icyphy/ptII/ptolemy/actor/lib/test/auto/Expression3.xml (RunModel)" time="0.012" />
  <testcase classname="ptolemy.util.test.junit.AutoTests" name="[162] /home/travis/build/icyphy/ptII/ptolemy/actor/lib/test/auto/Expression4.xml (RunModel)" time="0.015" />
  <testcase classname="ptolemy.util.test.junit.AutoTests" name="[163] /home/travis/build/icyphy/ptII/ptolemy/actor/lib/test/auto/Expression5.xml (RunModel)" time="0.012" />
  <testcase classname="ptolemy.util.test.junit.AutoTests" name="[164] /home/travis/build/icyphy/ptII/ptolemy/actor/lib/test/auto/Expression6.xml (RunModel)" time="0.008" />
  <testcase classname="ptolemy.util.test.junit.AutoTests" name="[165] /home/travis/build/icyphy/ptII/ptolemy/actor/lib/test/auto/Expression7.xml (RunModel)" time="0.012" />
  <testcase classname="ptolemy.util.test.junit.AutoTests" name="[166] /home/travis/build/icyphy/ptII/ptolemy/actor/lib/test/auto/Expression8.xml (RunModel)" time="0.014" />
  <testcase classname="ptolemy.util.test.junit.AutoTests" name="[167] /home/travis/build/icyphy/ptII/ptolemy/actor/lib/test/auto/Expression9.xml (RunModel)" time="0.007" />
  <testcase classname="ptolemy.util.test.junit.AutoTests" name="[168] /home/travis/build/icyphy/ptII/ptolemy/actor/lib/test/auto/ExpressionConcatenateArrayType.xml (RunModel)" time="0.027" />
  <testcase classname="ptolemy.util.test.junit.AutoTests" name="[169] /home/travis/build/icyphy/ptII/ptolemy/actor/lib/test/auto/ExpressionConcatenateArrayType2.xml (RunModel)" time="0.021" />
  <testcase classname="ptolemy.util.test.junit.AutoTests" name="[170] /home/travis/build/icyphy/ptII/ptolemy/actor/lib/test/auto/ExpressionFix.xml (RunModel)" time="0.042" />
  <testcase classname="ptolemy.util.test.junit.AutoTests" name="[171] /home/travis/build/icyphy/ptII/ptolemy/actor/lib/test/auto/ExpressionFix2.xml (RunModel)" time="0.011" />
  <testcase classname="ptolemy.util.test.junit.AutoTests" name="[172] /home/travis/build/icyphy/ptII/ptolemy/actor/lib/test/auto/ExpressionFix3.xml (RunModel)" time="0.011" />
  <testcase classname="ptolemy.util.test.junit.AutoTests" name="[173] /home/travis/build/icyphy/ptII/ptolemy/actor/lib/test/auto/FileWriter1.xml (RunModel)" time="0.009" />
  <testcase classname="ptolemy.util.test.junit.AutoTests" name="[174] /home/travis/build/icyphy/ptII/ptolemy/actor/lib/test/auto/FileWriter2.xml (RunModel)" time="0.008" />
  <testcase classname="ptolemy.util.test.junit.AutoTests" name="[175] /home/travis/build/icyphy/ptII/ptolemy/actor/lib/test/auto/FileWriter3.xml (RunModel)" time="0.015" />
  <testcase classname="ptolemy.util.test.junit.AutoTests" name="[176] /home/travis/build/icyphy/ptII/ptolemy/actor/lib/test/auto/Gaussian.xml (RunModel)" time="0.011" />
  <testcase classname="ptolemy.util.test.junit.AutoTests" name="[177] /home/travis/build/icyphy/ptII/ptolemy/actor/lib/test/auto/Gaussian1.xml (RunModel)" time="0.013" />
  <testcase classname="ptolemy.util.test.junit.AutoTests" name="[178] /home/travis/build/icyphy/ptII/ptolemy/actor/lib/test/auto/Gaussian2.xml (RunModel)" time="0.036" />
  <testcase classname="ptolemy.util.test.junit.AutoTests" name="[179] /home/travis/build/icyphy/ptII/ptolemy/actor/lib/test/auto/GradientAdaptiveLattice.xml (RunModel)" time="0.017" />
  <testcase classname="ptolemy.util.test.junit.AutoTests" name="[180] /home/travis/build/icyphy/ptII/ptolemy/actor/lib/test/auto/IIR.xml (RunModel)" time="0.012" />
  <testcase classname="ptolemy.util.test.junit.AutoTests" name="[181] /home/travis/build/icyphy/ptII/ptolemy/actor/lib/test/auto/InputOutputTransparentPorts.xml (RunModel)" time="0.02" />
  <testcase classname="ptolemy.util.test.junit.AutoTests" name="[182] /home/travis/build/icyphy/ptII/ptolemy/actor/lib/test/auto/Interpolator.xml (RunModel)" time="0.01" />
  <testcase classname="ptolemy.util.test.junit.AutoTests" name="[183] /home/travis/build/icyphy/ptII/ptolemy/actor/lib/test/auto/InterpolatorFiringLimitDE.xml (RunModel)" time="0.012" />
  <testcase classname="ptolemy.util.test.junit.AutoTests" name="[184] /home/travis/build/icyphy/ptII/ptolemy/actor/lib/test/auto/Lattice.xml (RunModel)" time="0.007" />
  <testcase classname="ptolemy.util.test.junit.AutoTests" name="[185] /home/travis/build/icyphy/ptII/ptolemy/actor/lib/test/auto/LazyAOCTestLazy.xml (RunModel)" time="0.023" />
  <testcase classname="ptolemy.util.test.junit.AutoTests" name="[186] /home/travis/build/icyphy/ptII/ptolemy/actor/lib/test/auto/LazyAOCTestNonLazy.xml (RunModel)" time="0.05" />
  <testcase classname="ptolemy.util.test.junit.AutoTests" name="[187] /home/travis/build/icyphy/ptII/ptolemy/actor/lib/test/auto/LazyInnerClass.xml (RunModel)" time="0.049" />
  <testcase classname="ptolemy.util.test.junit.AutoTests" name="[188] /home/travis/build/icyphy/ptII/ptolemy/actor/lib/test/auto/LazyPubSub.xml (RunModel)" time="0.06" />
  <testcase classname="ptolemy.util.test.junit.AutoTests" name="[189] /home/travis/build/icyphy/ptII/ptolemy/actor/lib/test/auto/LazyPubSub2.xml (RunModel)" time="0.036" />
  <testcase classname="ptolemy.util.test.junit.AutoTests" name="[190] /home/travis/build/icyphy/ptII/ptolemy/actor/lib/test/auto/LazyPubSub3.xml (RunModel)" time="0.048" />
  <testcase classname="ptolemy.util.test.junit.AutoTests" name="[191] /home/travis/build/icyphy/ptII/ptolemy/actor/lib/test/auto/LazySubClassModel.xml (RunModel)" time="0.019" />
  <testcase classname="ptolemy.util.test.junit.AutoTests" name="[192] /home/travis/build/icyphy/ptII/ptolemy/actor/lib/test/auto/LevelCrossTest1.xml (RunModel)" time="0.01" />
  <testcase classname="ptolemy.util.test.junit.AutoTests" name="[193] /home/travis/build/icyphy/ptII/ptolemy/actor/lib/test/auto/LevelCrossTest10.xml (RunModel)" time="0.014" />
  <testcase classname="ptolemy.util.test.junit.AutoTests" name="[194] /home/travis/build/icyphy/ptII/ptolemy/actor/lib/test/auto/LevelCrossTest11.xml (RunModel)" time="0.016" />
  <testcase classname="ptolemy.util.test.junit.AutoTests" name="[195] /home/travis/build/icyphy/ptII/ptolemy/actor/lib/test/auto/LevelCrossTest12.xml (RunModel)" time="0.017" />
  <testcase classname="ptolemy.util.test.junit.AutoTests" name="[196] /home/travis/build/icyphy/ptII/ptolemy/actor/lib/test/auto/LevelCrossTest13.xml (RunModel)" time="0.012" />
  <testcase classname="ptolemy.util.test.junit.AutoTests" name="[197] /home/travis/build/icyphy/ptII/ptolemy/actor/lib/test/auto/LevelCrossTest2.xml (RunModel)" time="0.009" />
  <testcase classname="ptolemy.util.test.junit.AutoTests" name="[198] /home/travis/build/icyphy/ptII/ptolemy/actor/lib/test/auto/LevelCrossTest3.xml (RunModel)" time="0.012" />
  <testcase classname="ptolemy.util.test.junit.AutoTests" name="[199] /home/travis/build/icyphy/ptII/ptolemy/actor/lib/test/auto/LevelCrossTest4.xml (RunModel)" time="0.009" />
  <testcase classname="ptolemy.util.test.junit.AutoTests" name="[200] /home/travis/build/icyphy/ptII/ptolemy/actor/lib/test/auto/LevelCrossTest5.xml (RunModel)" time="0.012" />
  <testcase classname="ptolemy.util.test.junit.AutoTests" name="[201] /home/travis/build/icyphy/ptII/ptolemy/actor/lib/test/auto/LevelCrossTest6.xml (RunModel)" time="0.011" />
  <testcase classname="ptolemy.util.test.junit.AutoTests" name="[202] /home/travis/build/icyphy/ptII/ptolemy/actor/lib/test/auto/LevelCrossTest7.xml (RunModel)" time="0.017" />
  <testcase classname="ptolemy.util.test.junit.AutoTests" name="[203] /home/travis/build/icyphy/ptII/ptolemy/actor/lib/test/auto/LevelCrossTest8.xml (RunModel)" time="0.016" />
  <testcase classname="ptolemy.util.test.junit.AutoTests" name="[204] /home/travis/build/icyphy/ptII/ptolemy/actor/lib/test/auto/LevelCrossTest9.xml (RunModel)" time="0.012" />
  <testcase classname="ptolemy.util.test.junit.AutoTests" name="[205] /home/travis/build/icyphy/ptII/ptolemy/actor/lib/test/auto/LevinsonDurbin.xml (RunModel)" time="0.019" />
  <testcase classname="ptolemy.util.test.junit.AutoTests" name="[206] /home/travis/build/icyphy/ptII/ptolemy/actor/lib/test/auto/LevinsonDurbin2.xml (RunModel)" time="0.014" />
  <testcase classname="ptolemy.util.test.junit.AutoTests" name="[207] /home/travis/build/icyphy/ptII/ptolemy/actor/lib/test/auto/LevinsonDurbin3.xml (RunModel)" time="0.014" />
  <testcase classname="ptolemy.util.test.junit.AutoTests" name="[208] /home/travis/build/icyphy/ptII/ptolemy/actor/lib/test/auto/Limiter.xml (RunModel)" time="0.045" />
  <testcase classname="ptolemy.util.test.junit.AutoTests" name="[209] /home/travis/build/icyphy/ptII/ptolemy/actor/lib/test/auto/LinearDifferenceEquationSystem.xml (RunModel)" time="0.022" />
  <testcase classname="ptolemy.util.test.junit.AutoTests" name="[210] /home/travis/build/icyphy/ptII/ptolemy/actor/lib/test/auto/LookupTable.xml (RunModel)" time="0.011" />
  <testcase classname="ptolemy.util.test.junit.AutoTests" name="[211] /home/travis/build/icyphy/ptII/ptolemy/actor/lib/test/auto/MathFunction.xml (RunModel)" time="0.019" />
  <testcase classname="ptolemy.util.test.junit.AutoTests" name="[212] /home/travis/build/icyphy/ptII/ptolemy/actor/lib/test/auto/MathFunction2.xml (RunModel)" time="0.009" />
  <testcase classname="ptolemy.util.test.junit.AutoTests" name="[213] /home/travis/build/icyphy/ptII/ptolemy/actor/lib/test/auto/MathFunction3.xml (RunModel)" time="0.015" />
  <testcase classname="ptolemy.util.test.junit.AutoTests" name="[214] /home/travis/build/icyphy/ptII/ptolemy/actor/lib/test/auto/MatrixCropBoolean.xml (RunModel)" time="0.013" />
  <testcase classname="ptolemy.util.test.junit.AutoTests" name="[215] /home/travis/build/icyphy/ptII/ptolemy/actor/lib/test/auto/MatrixCropComplex.xml (RunModel)" time="0.01" />
  <testcase classname="ptolemy.util.test.junit.AutoTests" name="[216] /home/travis/build/icyphy/ptII/ptolemy/actor/lib/test/auto/MatrixCropDouble.xml (RunModel)" time="0.008" />
  <testcase classname="ptolemy.util.test.junit.AutoTests" name="[217] /home/travis/build/icyphy/ptII/ptolemy/actor/lib/test/auto/MatrixCropFix.xml (RunModel)" time="0.012" />
  <testcase classname="ptolemy.util.test.junit.AutoTests" name="[218] /home/travis/build/icyphy/ptII/ptolemy/actor/lib/test/auto/MatrixCropInt.xml (RunModel)" time="0.008" />
  <testcase classname="ptolemy.util.test.junit.AutoTests" name="[219] /home/travis/build/icyphy/ptII/ptolemy/actor/lib/test/auto/MatrixCropLong.xml (RunModel)" time="0.01" />
  <testcase classname="ptolemy.util.test.junit.AutoTests" name="[220] /home/travis/build/icyphy/ptII/ptolemy/actor/lib/test/auto/MatrixToArray.xml (RunModel)" time="0.057" />
  <testcase classname="ptolemy.util.test.junit.AutoTests" name="[221] /home/travis/build/icyphy/ptII/ptolemy/actor/lib/test/auto/MaxIndex.xml (RunModel)" time="0.013" />
  <testcase classname="ptolemy.util.test.junit.AutoTests" name="[222] /home/travis/build/icyphy/ptII/ptolemy/actor/lib/test/auto/Maximum.xml (RunModel)" time="0.016" />
  <testcase classname="ptolemy.util.test.junit.AutoTests" name="[223] /home/travis/build/icyphy/ptII/ptolemy/actor/lib/test/auto/MaximumComplex.xml (RunModel)" time="0.017" />
  <testcase classname="ptolemy.util.test.junit.AutoTests" name="[224] /home/travis/build/icyphy/ptII/ptolemy/actor/lib/test/auto/MethodCallTest.xml (RunModel)" time="0.024" />
  <testcase classname="ptolemy.util.test.junit.AutoTests" name="[225] /home/travis/build/icyphy/ptII/ptolemy/actor/lib/test/auto/Minimum.xml (RunModel)" time="0.012" />
  <testcase classname="ptolemy.util.test.junit.AutoTests" name="[226] /home/travis/build/icyphy/ptII/ptolemy/actor/lib/test/auto/MinimumComplex.xml (RunModel)" time="0.012" />
  <testcase classname="ptolemy.util.test.junit.AutoTests" name="[227] /home/travis/build/icyphy/ptII/ptolemy/actor/lib/test/auto/MinimumMultiports.xml (RunModel)" time="0.015" />
  <testcase classname="ptolemy.util.test.junit.AutoTests" name="[228] /home/travis/build/icyphy/ptII/ptolemy/actor/lib/test/auto/ModifyDate.xml (RunModel)" time="0.038" />
  <testcase classname="ptolemy.util.test.junit.AutoTests" name="[229] /home/travis/build/icyphy/ptII/ptolemy/actor/lib/test/auto/ModifyDate2.xml (RunModel)" time="0.034" />
  <testcase classname="ptolemy.util.test.junit.AutoTests" name="[230] /home/travis/build/icyphy/ptII/ptolemy/actor/lib/test/auto/MovingAverage.xml (RunModel)" time="0.02" />
  <testcase classname="ptolemy.util.test.junit.AutoTests" name="[231] /home/travis/build/icyphy/ptII/ptolemy/actor/lib/test/auto/MovingMaximum.xml (RunModel)" time="0.011" />
  <testcase classname="ptolemy.util.test.junit.AutoTests" name="[232] /home/travis/build/icyphy/ptII/ptolemy/actor/lib/test/auto/MultipleLinksToSameRelation.xml (RunModel)" time="0.006" />
  <testcase classname="ptolemy.util.test.junit.AutoTests" name="[233] /home/travis/build/icyphy/ptII/ptolemy/actor/lib/test/auto/MultipleLinksToSameRelationDE.xml (RunModel)" time="0.007" />
  <testcase classname="ptolemy.util.test.junit.AutoTests" name="[234] /home/travis/build/icyphy/ptII/ptolemy/actor/lib/test/auto/Multiplexor.xml (RunModel)" time="0.01" />
  <testcase classname="ptolemy.util.test.junit.AutoTests" name="[235] /home/travis/build/icyphy/ptII/ptolemy/actor/lib/test/auto/Multiplexor1.xml (RunModel)" time="0.013" />
  <testcase classname="ptolemy.util.test.junit.AutoTests" name="[236] /home/travis/build/icyphy/ptII/ptolemy/actor/lib/test/auto/Multiplexor2.xml (RunModel)" time="0.013" />
  <testcase classname="ptolemy.util.test.junit.AutoTests" name="[237] /home/travis/build/icyphy/ptII/ptolemy/actor/lib/test/auto/Multiplexor3.xml (RunModel)" time="0.009" />
  <testcase classname="ptolemy.util.test.junit.AutoTests" name="[238] /home/travis/build/icyphy/ptII/ptolemy/actor/lib/test/auto/MultiplexorDE.xml (RunModel)" time="0.015" />
  <testcase classname="ptolemy.util.test.junit.AutoTests" name="[239] /home/travis/build/icyphy/ptII/ptolemy/actor/lib/test/auto/MultiportBroadcastTest.xml (RunModel)" time="0.089" />
  <testcase classname="ptolemy.util.test.junit.AutoTests" name="[240] /home/travis/build/icyphy/ptII/ptolemy/actor/lib/test/auto/MultiportOutHangDuringGetWidth.xml (RunModel)" time="0.033" />
  <testcase classname="ptolemy.util.test.junit.AutoTests" name="[241] /home/travis/build/icyphy/ptII/ptolemy/actor/lib/test/auto/NilToken.xml (RunModel)" time="0.01" />
  <testcase classname="ptolemy.util.test.junit.AutoTests" name="[242] /home/travis/build/icyphy/ptII/ptolemy/actor/lib/test/auto/NilTokenNonStrictTest.xml (RunModel)" time="0.009" />
  <testcase classname="ptolemy.util.test.junit.AutoTests" name="[243] /home/travis/build/icyphy/ptII/ptolemy/actor/lib/test/auto/NilTokenRecord.xml (RunModel)" time="0.027" />
  <testcase classname="ptolemy.util.test.junit.AutoTests" name="[244] /home/travis/build/icyphy/ptII/ptolemy/actor/lib/test/auto/NilTokenTypeTest.xml (RunModel)" time="0.027" />
  <testcase classname="ptolemy.util.test.junit.AutoTests" name="[245] /home/travis/build/icyphy/ptII/ptolemy/actor/lib/test/auto/ObjectToken1.xml (RunModel)" time="0.008" />
  <testcase classname="ptolemy.util.test.junit.AutoTests" name="[246] /home/travis/build/icyphy/ptII/ptolemy/actor/lib/test/auto/OrderedMerge.xml (RunModel)" time="0.017" />
  <testcase classname="ptolemy.util.test.junit.AutoTests" name="[247] /home/travis/build/icyphy/ptII/ptolemy/actor/lib/test/auto/OrderedRecordDisassembler.xml (RunModel)" time="0.014" />
  <testcase classname="ptolemy.util.test.junit.AutoTests" name="[248] /home/travis/build/icyphy/ptII/ptolemy/actor/lib/test/auto/OrderedRecordDisassembler2.xml (RunModel)" time="0.019" />
  <testcase classname="ptolemy.util.test.junit.AutoTests" name="[249] /home/travis/build/icyphy/ptII/ptolemy/actor/lib/test/auto/OrderedRecordUpdater.xml (RunModel)" time="0.01" />
  <testcase classname="ptolemy.util.test.junit.AutoTests" name="[250] /home/travis/build/icyphy/ptII/ptolemy/actor/lib/test/auto/OrderedRecordUpdater2.xml (RunModel)" time="0.017" />
  <testcase classname="ptolemy.util.test.junit.AutoTests" name="[251] /home/travis/build/icyphy/ptII/ptolemy/actor/lib/test/auto/PhaseUnwrap.xml (RunModel)" time="0.013" />
  <testcase classname="ptolemy.util.test.junit.AutoTests" name="[252] /home/travis/build/icyphy/ptII/ptolemy/actor/lib/test/auto/PoissonClock.xml (RunModel)" time="0.009" />
  <testcase classname="ptolemy.util.test.junit.AutoTests" name="[253] /home/travis/build/icyphy/ptII/ptolemy/actor/lib/test/auto/PoissonClock2.xml (RunModel)" time="0.007" />
  <testcase classname="ptolemy.util.test.junit.AutoTests" name="[254] /home/travis/build/icyphy/ptII/ptolemy/actor/lib/test/auto/PoissonClock3.xml (RunModel)" time="0.023" />
  <testcase classname="ptolemy.util.test.junit.AutoTests" name="[255] /home/travis/build/icyphy/ptII/ptolemy/actor/lib/test/auto/PubSubWithInitialTokens.xml (RunModel)" time="0.016" />
  <testcase classname="ptolemy.util.test.junit.AutoTests" name="[256] /home/travis/build/icyphy/ptII/ptolemy/actor/lib/test/auto/PubSubWithInitialTokens2.xml (RunModel)" time="0.01" />
  <testcase classname="ptolemy.util.test.junit.AutoTests" name="[257] /home/travis/build/icyphy/ptII/ptolemy/actor/lib/test/auto/PublisherClassNoParameter.xml (RunModel)" time="0.022" />
  <testcase classname="ptolemy.util.test.junit.AutoTests" name="[258] /home/travis/build/icyphy/ptII/ptolemy/actor/lib/test/auto/PublisherClassParameter.xml (RunModel)" time="0.018" />
  <testcase classname="ptolemy.util.test.junit.AutoTests" name="[259] /home/travis/build/icyphy/ptII/ptolemy/actor/lib/test/auto/PublisherNonStrictTest.xml (RunModel)" time="0.014" />
  <testcase classname="ptolemy.util.test.junit.AutoTests" name="[260] /home/travis/build/icyphy/ptII/ptolemy/actor/lib/test/auto/PublisherPort1.xml (RunModel)" time="0.027" />
  <testcase classname="ptolemy.util.test.junit.AutoTests" name="[261] /home/travis/build/icyphy/ptII/ptolemy/actor/lib/test/auto/PublisherPort2.xml (RunModel)" time="0.018" />
  <testcase classname="ptolemy.util.test.junit.AutoTests" name="[262] /home/travis/build/icyphy/ptII/ptolemy/actor/lib/test/auto/PublisherPort3.xml (RunModel)" time="0.013" />
  <testcase classname="ptolemy.util.test.junit.AutoTests" name="[263] /home/travis/build/icyphy/ptII/ptolemy/actor/lib/test/auto/PublisherPort4.xml (RunModel)" time="0.01" />
  <testcase classname="ptolemy.util.test.junit.AutoTests" name="[264] /home/travis/build/icyphy/ptII/ptolemy/actor/lib/test/auto/PublisherPort5.xml (RunModel)" time="0.011" />
  <testcase classname="ptolemy.util.test.junit.AutoTests" name="[265] /home/travis/build/icyphy/ptII/ptolemy/actor/lib/test/auto/PublisherPort5LookAlike.xml (RunModel)" time="0.015" />
  <testcase classname="ptolemy.util.test.junit.AutoTests" name="[266] /home/travis/build/icyphy/ptII/ptolemy/actor/lib/test/auto/PublisherPort6.xml (RunModel)" time="0.011" />
  <testcase classname="ptolemy.util.test.junit.AutoTests" name="[267] /home/travis/build/icyphy/ptII/ptolemy/actor/lib/test/auto/PublisherPort7.xml (RunModel)" time="0.013" />
  <testcase classname="ptolemy.util.test.junit.AutoTests" name="[268] /home/travis/build/icyphy/ptII/ptolemy/actor/lib/test/auto/PublisherPort8.xml (RunModel)" time="0.013" />
  <testcase classname="ptolemy.util.test.junit.AutoTests" name="[269] /home/travis/build/icyphy/ptII/ptolemy/actor/lib/test/auto/PublisherPortSubscriberChannelVariablesAOC2.xml (RunModel)" time="0.029" />
  <testcase classname="ptolemy.util.test.junit.AutoTests" name="[270] /home/travis/build/icyphy/ptII/ptolemy/actor/lib/test/auto/PublisherPortSubscriberOpaqueWidthInference.xml (RunModel)" time="0.013" />
  <testcase classname="ptolemy.util.test.junit.AutoTests" name="[271] /home/travis/build/icyphy/ptII/ptolemy/actor/lib/test/auto/PublisherPortSubscriberPortAdjacent.xml (RunModel)" time="0.017" />
  <testcase classname="ptolemy.util.test.junit.AutoTests" name="[272] /home/travis/build/icyphy/ptII/ptolemy/actor/lib/test/auto/PublisherPortSubscriberPortExpression.xml (RunModel)" time="0.017" />
  <testcase classname="ptolemy.util.test.junit.AutoTests" name="[273] /home/travis/build/icyphy/ptII/ptolemy/actor/lib/test/auto/PublisherPortSubscriberPortOpaqueD3Reverse.xml (RunModel)" time="0.046" />
  <testcase classname="ptolemy.util.test.junit.AutoTests" name="[274] /home/travis/build/icyphy/ptII/ptolemy/actor/lib/test/auto/PublisherPortSubscriberPortOpaqueWidthInference.xml (RunModel)" time="0.02" />
  <testcase classname="ptolemy.util.test.junit.AutoTests" name="[275] /home/travis/build/icyphy/ptII/ptolemy/actor/lib/test/auto/PublisherPortToplevelSubscriberPortAOC.xml (RunModel)" time="0.01" />
  <testcase classname="ptolemy.util.test.junit.AutoTests" name="[276] /home/travis/build/icyphy/ptII/ptolemy/actor/lib/test/auto/PublisherSubscriber.xml (RunModel)" time="0.012" />
  <testcase classname="ptolemy.util.test.junit.AutoTests" name="[277] /home/travis/build/icyphy/ptII/ptolemy/actor/lib/test/auto/PublisherSubscriber10.xml (RunModel)" time="0.02" />
  <testcase classname="ptolemy.util.test.junit.AutoTests" name="[278] /home/travis/build/icyphy/ptII/ptolemy/actor/lib/test/auto/PublisherSubscriber10InitialOutputs.xml (RunModel)" time="0.028" />
  <testcase classname="ptolemy.util.test.junit.AutoTests" name="[279] /home/travis/build/icyphy/ptII/ptolemy/actor/lib/test/auto/PublisherSubscriber11.xml (RunModel)" time="0.011" />
  <testcase classname="ptolemy.util.test.junit.AutoTests" name="[280] /home/travis/build/icyphy/ptII/ptolemy/actor/lib/test/auto/PublisherSubscriber12.xml (RunModel)" time="0.013" />
  <testcase classname="ptolemy.util.test.junit.AutoTests" name="[281] /home/travis/build/icyphy/ptII/ptolemy/actor/lib/test/auto/PublisherSubscriber13.xml (RunModel)" time="0.013" />
  <testcase classname="ptolemy.util.test.junit.AutoTests" name="[282] /home/travis/build/icyphy/ptII/ptolemy/actor/lib/test/auto/PublisherSubscriber14.xml (RunModel)" time="0.019" />
  <testcase classname="ptolemy.util.test.junit.AutoTests" name="[283] /home/travis/build/icyphy/ptII/ptolemy/actor/lib/test/auto/PublisherSubscriber2.xml (RunModel)" time="0.009" />
  <testcase classname="ptolemy.util.test.junit.AutoTests" name="[284] /home/travis/build/icyphy/ptII/ptolemy/actor/lib/test/auto/PublisherSubscriber3.xml (RunModel)" time="0.009" />
  <testcase classname="ptolemy.util.test.junit.AutoTests" name="[285] /home/travis/build/icyphy/ptII/ptolemy/actor/lib/test/auto/PublisherSubscriber4.xml (RunModel)" time="0.01" />
  <testcase classname="ptolemy.util.test.junit.AutoTests" name="[286] /home/travis/build/icyphy/ptII/ptolemy/actor/lib/test/auto/PublisherSubscriber5.xml (RunModel)" time="0.012" />
  <testcase classname="ptolemy.util.test.junit.AutoTests" name="[287] /home/travis/build/icyphy/ptII/ptolemy/actor/lib/test/auto/PublisherSubscriber6.xml (RunModel)" time="0.012" />
  <testcase classname="ptolemy.util.test.junit.AutoTests" name="[288] /home/travis/build/icyphy/ptII/ptolemy/actor/lib/test/auto/PublisherSubscriber7.xml (RunModel)" time="0.016" />
  <testcase classname="ptolemy.util.test.junit.AutoTests" name="[289] /home/travis/build/icyphy/ptII/ptolemy/actor/lib/test/auto/PublisherSubscriber8.xml (RunModel)" time="0.03" />
  <testcase classname="ptolemy.util.test.junit.AutoTests" name="[290] /home/travis/build/icyphy/ptII/ptolemy/actor/lib/test/auto/PublisherSubscriber9.xml (RunModel)" time="0.016" />
  <testcase classname="ptolemy.util.test.junit.AutoTests" name="[291] /home/travis/build/icyphy/ptII/ptolemy/actor/lib/test/auto/PublisherSubscriberAdjacent.xml (RunModel)" time="0.014" />
  <testcase classname="ptolemy.util.test.junit.AutoTests" name="[292] /home/travis/build/icyphy/ptII/ptolemy/actor/lib/test/auto/PublisherSubscriberChannelVariablesAOC2.xml (RunModel)" time="0.024" />
  <testcase classname="ptolemy.util.test.junit.AutoTests" name="[293] /home/travis/build/icyphy/ptII/ptolemy/actor/lib/test/auto/PublisherSubscriberD3.xml (RunModel)" time="0.013" />
  <testcase classname="ptolemy.util.test.junit.AutoTests" name="[294] /home/travis/build/icyphy/ptII/ptolemy/actor/lib/test/auto/PublisherSubscriberD3Reverse.xml (RunModel)" time="0.029" />
  <testcase classname="ptolemy.util.test.junit.AutoTests" name="[295] /home/travis/build/icyphy/ptII/ptolemy/actor/lib/test/auto/PublisherSubscriberExpression.xml (RunModel)" time="0.018" />
  <testcase classname="ptolemy.util.test.junit.AutoTests" name="[296] /home/travis/build/icyphy/ptII/ptolemy/actor/lib/test/auto/PublisherSubscriberOpaque.xml (RunModel)" time="0.013" />
  <testcase classname="ptolemy.util.test.junit.AutoTests" name="[297] /home/travis/build/icyphy/ptII/ptolemy/actor/lib/test/auto/PublisherSubscriberOpaqueD3.xml (RunModel)" time="0.02" />
  <testcase classname="ptolemy.util.test.junit.AutoTests" name="[298] /home/travis/build/icyphy/ptII/ptolemy/actor/lib/test/auto/PublisherSubscriberOpaqueD3Reverse.xml (RunModel)" time="0.019" />
  <testcase classname="ptolemy.util.test.junit.AutoTests" name="[299] /home/travis/build/icyphy/ptII/ptolemy/actor/lib/test/auto/PublisherSubscriberOpaqueWidthInference.xml (RunModel)" time="0.014" />
  <testcase classname="ptolemy.util.test.junit.AutoTests" name="[300] /home/travis/build/icyphy/ptII/ptolemy/actor/lib/test/auto/PublisherTestSubscriber.xml (RunModel)" time="0.014" />
  <testcase classname="ptolemy.util.test.junit.AutoTests" name="[301] /home/travis/build/icyphy/ptII/ptolemy/actor/lib/test/auto/PublisherToplevelSubscriberPortAOC.xml (RunModel)" time="0.01" />
  <testcase classname="ptolemy.util.test.junit.AutoTests" name="[302] /home/travis/build/icyphy/ptII/ptolemy/actor/lib/test/auto/PulseFiringLimitDE.xml (RunModel)" time="0.017" />
  <testcase classname="ptolemy.util.test.junit.AutoTests" name="[303] /home/travis/build/icyphy/ptII/ptolemy/actor/lib/test/auto/Ramp1.xml (RunModel)" time="0.013" />
  <testcase classname="ptolemy.util.test.junit.AutoTests" name="[304] /home/travis/build/icyphy/ptII/ptolemy/actor/lib/test/auto/RampFiringLimitDE.xml (RunModel)" time="0.01" />
  <testcase classname="ptolemy.util.test.junit.AutoTests" name="[305] /home/travis/build/icyphy/ptII/ptolemy/actor/lib/test/auto/RampFiringLimitSDF.xml (RunModel)" time="0.01" />
  <testcase classname="ptolemy.util.test.junit.AutoTests" name="[306] /home/travis/build/icyphy/ptII/ptolemy/actor/lib/test/auto/RandomInteger.xml (RunModel)" time="0.008" />
  <testcase classname="ptolemy.util.test.junit.AutoTests" name="[307] /home/travis/build/icyphy/ptII/ptolemy/actor/lib/test/auto/ReadFile1.xml (RunModel)" time="0.009" />
  <testcase classname="ptolemy.util.test.junit.AutoTests" name="[308] /home/travis/build/icyphy/ptII/ptolemy/actor/lib/test/auto/ReadFile2.xml (RunModel)" time="0.009" />
  <testcase classname="ptolemy.util.test.junit.AutoTests" name="[309] /home/travis/build/icyphy/ptII/ptolemy/actor/lib/test/auto/Reader.xml (RunModel)" time="0.011" />
  <testcase classname="ptolemy.util.test.junit.AutoTests" name="[310] /home/travis/build/icyphy/ptII/ptolemy/actor/lib/test/auto/RecordAssemblerDisplayNameTest.xml (RunModel)" time="2.97" />
  <testcase classname="ptolemy.util.test.junit.AutoTests" name="[311] /home/travis/build/icyphy/ptII/ptolemy/actor/lib/test/auto/RecordAssemblerTypeError.xml (RunModel)" time="0.052" />
  <testcase classname="ptolemy.util.test.junit.AutoTests" name="[312] /home/travis/build/icyphy/ptII/ptolemy/actor/lib/test/auto/RecordDisassember.xml (RunModel)" time="0.016" />
  <testcase classname="ptolemy.util.test.junit.AutoTests" name="[313] /home/travis/build/icyphy/ptII/ptolemy/actor/lib/test/auto/RecordDisassemberDisplayNameTest.xml (RunModel)" time="0.023" />
  <testcase classname="ptolemy.util.test.junit.AutoTests" name="[314] /home/travis/build/icyphy/ptII/ptolemy/actor/lib/test/auto/RecordDisassembler.xml (RunModel)" time="0.013" />
  <testcase classname="ptolemy.util.test.junit.AutoTests" name="[315] /home/travis/build/icyphy/ptII/ptolemy/actor/lib/test/auto/RecordDisassembler2.xml (RunModel)" time="0.01" />
  <testcase classname="ptolemy.util.test.junit.AutoTests" name="[316] /home/travis/build/icyphy/ptII/ptolemy/actor/lib/test/auto/RecordUpdater.xml (RunModel)" time="0.009" />
  <testcase classname="ptolemy.util.test.junit.AutoTests" name="[317] /home/travis/build/icyphy/ptII/ptolemy/actor/lib/test/auto/RecordUpdater2.xml (RunModel)" time="0.007" />
  <testcase classname="ptolemy.util.test.junit.AutoTests" name="[318] /home/travis/build/icyphy/ptII/ptolemy/actor/lib/test/auto/RecursiveLattice.xml (RunModel)" time="0.009" />
  <testcase classname="ptolemy.util.test.junit.AutoTests" name="[319] /home/travis/build/icyphy/ptII/ptolemy/actor/lib/test/auto/Router.xml (RunModel)" time="3.024" />
  <testcase classname="ptolemy.util.test.junit.AutoTests" name="[320] /home/travis/build/icyphy/ptII/ptolemy/actor/lib/test/auto/Router2.xml (RunModel)" time="3.019" />
  <testcase classname="ptolemy.util.test.junit.AutoTests" name="[321] /home/travis/build/icyphy/ptII/ptolemy/actor/lib/test/auto/RunningMaximum.xml (RunModel)" time="0.014" />
  <testcase classname="ptolemy.util.test.junit.AutoTests" name="[322] /home/travis/build/icyphy/ptII/ptolemy/actor/lib/test/auto/RunningMinimum.xml (RunModel)" time="0.018" />
  <testcase classname="ptolemy.util.test.junit.AutoTests" name="[323] /home/travis/build/icyphy/ptII/ptolemy/actor/lib/test/auto/Scale.xml (RunModel)" time="0.007" />
  <testcase classname="ptolemy.util.test.junit.AutoTests" name="[324] /home/travis/build/icyphy/ptII/ptolemy/actor/lib/test/auto/Scale2.xml (RunModel)" time="0.009" />
  <testcase classname="ptolemy.util.test.junit.AutoTests" name="[325] /home/travis/build/icyphy/ptII/ptolemy/actor/lib/test/auto/Scale3.xml (RunModel)" time="0.022" />
  <testcase classname="ptolemy.util.test.junit.AutoTests" name="[326] /home/travis/build/icyphy/ptII/ptolemy/actor/lib/test/auto/ScaleArray.xml (RunModel)" time="0.007" />
  <testcase classname="ptolemy.util.test.junit.AutoTests" name="[327] /home/travis/build/icyphy/ptII/ptolemy/actor/lib/test/auto/ScaleArray2.xml (RunModel)" time="0.007" />
  <testcase classname="ptolemy.util.test.junit.AutoTests" name="[328] /home/travis/build/icyphy/ptII/ptolemy/actor/lib/test/auto/ScaleMatrix.xml (RunModel)" time="0.146" />
  <testcase classname="ptolemy.util.test.junit.AutoTests" name="[329] /home/travis/build/icyphy/ptII/ptolemy/actor/lib/test/auto/Select.xml (RunModel)" time="0.012" />
  <testcase classname="ptolemy.util.test.junit.AutoTests" name="[330] /home/travis/build/icyphy/ptII/ptolemy/actor/lib/test/auto/Select2.xml (RunModel)" time="0.008" />
  <testcase classname="ptolemy.util.test.junit.AutoTests" name="[331] /home/travis/build/icyphy/ptII/ptolemy/actor/lib/test/auto/SequenceToArray2.xml (RunModel)" time="0.136" />
  <testcase classname="ptolemy.util.test.junit.AutoTests" name="[332] /home/travis/build/icyphy/ptII/ptolemy/actor/lib/test/auto/SequentialClock.xml (RunModel)" time="0.011" />
  <testcase classname="ptolemy.util.test.junit.AutoTests" name="[333] /home/travis/build/icyphy/ptII/ptolemy/actor/lib/test/auto/SetVariable.xml (RunModel)" time="0.009" />
  <testcase classname="ptolemy.util.test.junit.AutoTests" name="[334] /home/travis/build/icyphy/ptII/ptolemy/actor/lib/test/auto/SetVariable2.xml (RunModel)" time="0.007" />
  <testcase classname="ptolemy.util.test.junit.AutoTests" name="[335] /home/travis/build/icyphy/ptII/ptolemy/actor/lib/test/auto/SetVariable3.xml (RunModel)" time="0.014" />
  <testcase classname="ptolemy.util.test.junit.AutoTests" name="[336] /home/travis/build/icyphy/ptII/ptolemy/actor/lib/test/auto/SetVariable4.xml (RunModel)" time="0.026" />
  <testcase classname="ptolemy.util.test.junit.AutoTests" name="[337] /home/travis/build/icyphy/ptII/ptolemy/actor/lib/test/auto/SetVariable5.xml (RunModel)" time="0.033" />
  <testcase classname="ptolemy.util.test.junit.AutoTests" name="[338] /home/travis/build/icyphy/ptII/ptolemy/actor/lib/test/auto/Sinewave.xml (RunModel)" time="0.025" />
  <testcase classname="ptolemy.util.test.junit.AutoTests" name="[339] /home/travis/build/icyphy/ptII/ptolemy/actor/lib/test/auto/Sinewave2.xml (RunModel)" time="0.016" />
  <testcase classname="ptolemy.util.test.junit.AutoTests" name="[340] /home/travis/build/icyphy/ptII/ptolemy/actor/lib/test/auto/Sinewave3.xml (RunModel)" time="0.015" />
  <testcase classname="ptolemy.util.test.junit.AutoTests" name="[341] /home/travis/build/icyphy/ptII/ptolemy/actor/lib/test/auto/SingleEvent.xml (RunModel)" time="0.007" />
  <testcase classname="ptolemy.util.test.junit.AutoTests" name="[342] /home/travis/build/icyphy/ptII/ptolemy/actor/lib/test/auto/Sleep.xml (RunModel)" time="6.019" />
  <testcase classname="ptolemy.util.test.junit.AutoTests" name="[343] /home/travis/build/icyphy/ptII/ptolemy/actor/lib/test/auto/SleepMultipleFire.xml (RunModel)" time="1.017" />
  <testcase classname="ptolemy.util.test.junit.AutoTests" name="[344] /home/travis/build/icyphy/ptII/ptolemy/actor/lib/test/auto/StopDE.xml (RunModel)" time="0.036" />
  <testcase classname="ptolemy.util.test.junit.AutoTests" name="[345] /home/travis/build/icyphy/ptII/ptolemy/actor/lib/test/auto/StopSDF.xml (RunModel)" time="0.032" />
  <testcase classname="ptolemy.util.test.junit.AutoTests" name="[346] /home/travis/build/icyphy/ptII/ptolemy/actor/lib/test/auto/StringConstant.xml (RunModel)" time="0.024" />
  <testcase classname="ptolemy.util.test.junit.AutoTests" name="[347] /home/travis/build/icyphy/ptII/ptolemy/actor/lib/test/auto/SubscriberPortInitialValues1.xml (RunModel)" time="0.036" />
  <testcase classname="ptolemy.util.test.junit.AutoTests" name="[348] /home/travis/build/icyphy/ptII/ptolemy/actor/lib/test/auto/SubscriberPortInitialValues13.xml (RunModel)" time="0.085" />
  <testcase classname="ptolemy.util.test.junit.AutoTests" name="[349] /home/travis/build/icyphy/ptII/ptolemy/actor/lib/test/auto/SubscriberPortInitialValues14.xml (RunModel)" time="0.037" />
  <testcase classname="ptolemy.util.test.junit.AutoTests" name="[350] /home/travis/build/icyphy/ptII/ptolemy/actor/lib/test/auto/SubscriberPortInitialValues2.xml (RunModel)" time="0.036" />
  <testcase classname="ptolemy.util.test.junit.AutoTests" name="[351] /home/travis/build/icyphy/ptII/ptolemy/actor/lib/test/auto/SubscriberPortInitialValues3.xml (RunModel)" time="0.018" />
  <testcase classname="ptolemy.util.test.junit.AutoTests" name="[352] /home/travis/build/icyphy/ptII/ptolemy/actor/lib/test/auto/SubscriptionAggregator.xml (RunModel)" time="0.009" />
  <testcase classname="ptolemy.util.test.junit.AutoTests" name="[353] /home/travis/build/icyphy/ptII/ptolemy/actor/lib/test/auto/SubscriptionAggregator2.xml (RunModel)" time="0.009" />
  <testcase classname="ptolemy.util.test.junit.AutoTests" name="[354] /home/travis/build/icyphy/ptII/ptolemy/actor/lib/test/auto/SubscriptionAggregator3.xml (RunModel)" time="0.017" />
  <testcase classname="ptolemy.util.test.junit.AutoTests" name="[355] /home/travis/build/icyphy/ptII/ptolemy/actor/lib/test/auto/SubscriptionAggregatorMultiply.xml (RunModel)" time="0.013" />
  <testcase classname="ptolemy.util.test.junit.AutoTests" name="[356] /home/travis/build/icyphy/ptII/ptolemy/actor/lib/test/auto/SubscriptionAggregatorPortMultiply1.xml (RunModel)" time="0.011" />
  <testcase classname="ptolemy.util.test.junit.AutoTests" name="[357] /home/travis/build/icyphy/ptII/ptolemy/actor/lib/test/auto/Switch.xml (RunModel)" time="0.018" />
  <testcase classname="ptolemy.util.test.junit.AutoTests" name="[358] /home/travis/build/icyphy/ptII/ptolemy/actor/lib/test/auto/Switch2.xml (RunModel)" time="0.01" />
  <testcase classname="ptolemy.util.test.junit.AutoTests" name="[359] /home/travis/build/icyphy/ptII/ptolemy/actor/lib/test/auto/SwitchDE.xml (RunModel)" time="0.012" />
  <testcase classname="ptolemy.util.test.junit.AutoTests" name="[360] /home/travis/build/icyphy/ptII/ptolemy/actor/lib/test/auto/SynchronizerDE.xml (RunModel)" time="0.018" />
  <testcase classname="ptolemy.util.test.junit.AutoTests" name="[361] /home/travis/build/icyphy/ptII/ptolemy/actor/lib/test/auto/Test.xml (RunModel)" time="0.008" />
  <testcase classname="ptolemy.util.test.junit.AutoTests" name="[362] /home/travis/build/icyphy/ptII/ptolemy/actor/lib/test/auto/TestExceptionAttribute1.xml (RunModel)" time="0.007" />
  <testcase classname="ptolemy.util.test.junit.AutoTests" name="[363] /home/travis/build/icyphy/ptII/ptolemy/actor/lib/test/auto/TestExceptionAttribute2.xml (RunModel)" time="0.007" />
  <testcase classname="ptolemy.util.test.junit.AutoTests" name="[364] /home/travis/build/icyphy/ptII/ptolemy/actor/lib/test/auto/TestExceptionAttribute3.xml (RunModel)" time="0.009" />
  <testcase classname="ptolemy.util.test.junit.AutoTests" name="[365] /home/travis/build/icyphy/ptII/ptolemy/actor/lib/test/auto/TestExceptionAttribute4.xml (RunModel)" time="0.005" />
  <testcase classname="ptolemy.util.test.junit.AutoTests" name="[366] /home/travis/build/icyphy/ptII/ptolemy/actor/lib/test/auto/TestExceptionHandler1.xml (RunModel)" time="0.006" />
  <testcase classname="ptolemy.util.test.junit.AutoTests" name="[367] /home/travis/build/icyphy/ptII/ptolemy/actor/lib/test/auto/TestExceptionHandler2.xml (RunModel)" time="0.01" />
  <testcase classname="ptolemy.util.test.junit.AutoTests" name="[368] /home/travis/build/icyphy/ptII/ptolemy/actor/lib/test/auto/TestExceptionHandler3.xml (RunModel)" time="0.004" />
  <testcase classname="ptolemy.util.test.junit.AutoTests" name="[369] /home/travis/build/icyphy/ptII/ptolemy/actor/lib/test/auto/TestExceptionHandler4.xml (RunModel)" time="0.005" />
  <testcase classname="ptolemy.util.test.junit.AutoTests" name="[370] /home/travis/build/icyphy/ptII/ptolemy/actor/lib/test/auto/TestRequireCorrectOrder.xml (RunModel)" time="0.017" />
  <testcase classname="ptolemy.util.test.junit.AutoTests" name="[371] /home/travis/build/icyphy/ptII/ptolemy/actor/lib/test/auto/TestSimple.xml (RunModel)" time="0.008" />
  <testcase classname="ptolemy.util.test.junit.AutoTests" name="[372] /home/travis/build/icyphy/ptII/ptolemy/actor/lib/test/auto/ThrowModelError.xml (RunModel)" time="0.009" />
  <testcase classname="ptolemy.util.test.junit.AutoTests" name="[373] /home/travis/build/icyphy/ptII/ptolemy/actor/lib/test/auto/TimeDelayMicrosteps.xml (RunModel)" time="0.011" />
  <testcase classname="ptolemy.util.test.junit.AutoTests" name="[374] /home/travis/build/icyphy/ptII/ptolemy/actor/lib/test/auto/TimeDelayMicrosteps2.xml (RunModel)" time="0.012" />
  <testcase classname="ptolemy.util.test.junit.AutoTests" name="[375] /home/travis/build/icyphy/ptII/ptolemy/actor/lib/test/auto/TimeDelayMicrosteps3.xml (RunModel)" time="0.016" />
  <testcase classname="ptolemy.util.test.junit.AutoTests" name="[376] /home/travis/build/icyphy/ptII/ptolemy/actor/lib/test/auto/TimeDelayVariableMicrosteps.xml (RunModel)" time="0.01" />
  <testcase classname="ptolemy.util.test.junit.AutoTests" name="[377] /home/travis/build/icyphy/ptII/ptolemy/actor/lib/test/auto/TimeGap.xml (RunModel)" time="0.015" />
  <testcase classname="ptolemy.util.test.junit.AutoTests" name="[378] /home/travis/build/icyphy/ptII/ptolemy/actor/lib/test/auto/TimeGap2.xml (RunModel)" time="0.009" />
  <testcase classname="ptolemy.util.test.junit.AutoTests" name="[379] /home/travis/build/icyphy/ptII/ptolemy/actor/lib/test/auto/TimedSinewave.xml (RunModel)" time="0.05" />
  <testcase classname="ptolemy.util.test.junit.AutoTests" name="[380] /home/travis/build/icyphy/ptII/ptolemy/actor/lib/test/auto/TimedSinewavePhase.xml (RunModel)" time="0.039" />
  <testcase classname="ptolemy.util.test.junit.AutoTests" name="[381] /home/travis/build/icyphy/ptII/ptolemy/actor/lib/test/auto/Timer.xml (RunModel)" time="0.02" />
  <testcase classname="ptolemy.util.test.junit.AutoTests" name="[382] /home/travis/build/icyphy/ptII/ptolemy/actor/lib/test/auto/TriangularDistTestModel.xml (RunModel)" time="0.013" />
  <testcase classname="ptolemy.util.test.junit.AutoTests" name="[383] /home/travis/build/icyphy/ptII/ptolemy/actor/lib/test/auto/TrigFunction.xml (RunModel)" time="0.011" />
  <testcase classname="ptolemy.util.test.junit.AutoTests" name="[384] /home/travis/build/icyphy/ptII/ptolemy/actor/lib/test/auto/TrigFunctionDE.xml (RunModel)" time="0.009" />
  <testcase classname="ptolemy.util.test.junit.AutoTests" name="[385] /home/travis/build/icyphy/ptII/ptolemy/actor/lib/test/auto/TrigFunctionInverse.xml (RunModel)" time="0.008" />
  <testcase classname="ptolemy.util.test.junit.AutoTests" name="[386] /home/travis/build/icyphy/ptII/ptolemy/actor/lib/test/auto/TrigFunctionTan.xml (RunModel)" time="0.005" />
  <testcase classname="ptolemy.util.test.junit.AutoTests" name="[387] /home/travis/build/icyphy/ptII/ptolemy/actor/lib/test/auto/TriggeredClock.xml (RunModel)" time="0.008" />
  <testcase classname="ptolemy.util.test.junit.AutoTests" name="[388] /home/travis/build/icyphy/ptII/ptolemy/actor/lib/test/auto/URLDirectoryReader.xml (RunModel)" time="0.115" />
  <testcase classname="ptolemy.util.test.junit.AutoTests" name="[389] /home/travis/build/icyphy/ptII/ptolemy/actor/lib/test/auto/URLDirectoryReader3.xml (RunModel)" time="1.254" />
  <testcase classname="ptolemy.util.test.junit.AutoTests" name="[390] /home/travis/build/icyphy/ptII/ptolemy/actor/lib/test/auto/UnaryMathFunction.xml (RunModel)" time="0.044" />
  <testcase classname="ptolemy.util.test.junit.AutoTests" name="[391] /home/travis/build/icyphy/ptII/ptolemy/actor/lib/test/auto/Uniform.xml (RunModel)" time="0.01" />
  <testcase classname="ptolemy.util.test.junit.AutoTests" name="[392] /home/travis/build/icyphy/ptII/ptolemy/actor/lib/test/auto/UnionDisassemblerTest.xml (RunModel)" time="0.018" />
  <testcase classname="ptolemy.util.test.junit.AutoTests" name="[393] /home/travis/build/icyphy/ptII/ptolemy/actor/lib/test/auto/UtilityFunctions.xml (RunModel)" time="0.01" />
  <testcase classname="ptolemy.util.test.junit.AutoTests" name="[394] /home/travis/build/icyphy/ptII/ptolemy/actor/lib/test/auto/VariableSleep.xml (RunModel)" time="0.511" />
  <testcase classname="ptolemy.util.test.junit.AutoTests" name="[395] /home/travis/build/icyphy/ptII/ptolemy/actor/lib/test/auto/VectorAssemblerDisassemblerCT.xml (RunModel)" time="0.104" />
  <testcase classname="ptolemy.util.test.junit.AutoTests" name="[396] /home/travis/build/icyphy/ptII/ptolemy/actor/lib/test/auto/VectorAssemblerDisassemblerDE.xml (RunModel)" time="0.016" />
  <testcase classname="ptolemy.util.test.junit.AutoTests" name="[397] /home/travis/build/icyphy/ptII/ptolemy/actor/lib/test/auto/VectorAssemblerDisassemblerSDF.xml (RunModel)" time="0.01" />
  <testcase classname="ptolemy.util.test.junit.AutoTests" name="[398] /home/travis/build/icyphy/ptII/ptolemy/actor/lib/test/auto/WallClockTime.xml (RunModel)" time="1.011" />
  <testcase classname="ptolemy.util.test.junit.AutoTests" name="[399] /home/travis/build/icyphy/ptII/ptolemy/actor/lib/test/auto/WidthTestWithSubscriberPublisher.xml (RunModel)" time="0.035" />
  <testcase classname="ptolemy.util.test.junit.AutoTests" name="[400] /home/travis/build/icyphy/ptII/ptolemy/actor/lib/test/auto/WidthTestWithSubscriberPublisher2.xml (RunModel)" time="0.012" />
  <testcase classname="ptolemy.util.test.junit.AutoTests" name="[401] /home/travis/build/icyphy/ptII/ptolemy/actor/lib/test/auto/WidthTestWithSubscriberPublisher3.xml (RunModel)" time="0.009" />
  <testcase classname="ptolemy.util.test.junit.AutoTests" name="[402] /home/travis/build/icyphy/ptII/ptolemy/actor/lib/test/auto/Writer.xml (RunModel)" time="0.008" />
  <testcase classname="ptolemy.util.test.junit.AutoTests" name="[403] /home/travis/build/icyphy/ptII/ptolemy/actor/lib/test/auto/array.xml (RunModel)" time="0.018" />
  <testcase classname="ptolemy.util.test.junit.AutoTests" name="[404] /home/travis/build/icyphy/ptII/ptolemy/actor/lib/test/auto/array2.xml (RunModel)" time="0.019" />
  <testcase classname="ptolemy.util.test.junit.AutoTests" name="[405] /home/travis/build/icyphy/ptII/ptolemy/actor/lib/test/auto/arrayType.xml (RunModel)" time="0.011" />
  <testcase classname="ptolemy.util.test.junit.AutoTests" name="[406] /home/travis/build/icyphy/ptII/ptolemy/actor/lib/test/auto/arrayType10.xml (RunModel)" time="0.007" />
  <testcase classname="ptolemy.util.test.junit.AutoTests" name="[407] /home/travis/build/icyphy/ptII/ptolemy/actor/lib/test/auto/arrayType11.xml (RunModel)" time="0.007" />
  <testcase classname="ptolemy.util.test.junit.AutoTests" name="[408] /home/travis/build/icyphy/ptII/ptolemy/actor/lib/test/auto/arrayType12.xml (RunModel)" time="0.007" />
  <testcase classname="ptolemy.util.test.junit.AutoTests" name="[409] /home/travis/build/icyphy/ptII/ptolemy/actor/lib/test/auto/arrayType13.xml (RunModel)" time="0.007" />
  <testcase classname="ptolemy.util.test.junit.AutoTests" name="[410] /home/travis/build/icyphy/ptII/ptolemy/actor/lib/test/auto/arrayType14.xml (RunModel)" time="0.008" />
  <testcase classname="ptolemy.util.test.junit.AutoTests" name="[411] /home/travis/build/icyphy/ptII/ptolemy/actor/lib/test/auto/arrayType15.xml (RunModel)" time="0.007" />
  <testcase classname="ptolemy.util.test.junit.AutoTests" name="[412] /home/travis/build/icyphy/ptII/ptolemy/actor/lib/test/auto/arrayType16.xml (RunModel)" time="0.008" />
  <testcase classname="ptolemy.util.test.junit.AutoTests" name="[413] /home/travis/build/icyphy/ptII/ptolemy/actor/lib/test/auto/arrayType17.xml (RunModel)" time="0.008" />
  <testcase classname="ptolemy.util.test.junit.AutoTests" name="[414] /home/travis/build/icyphy/ptII/ptolemy/actor/lib/test/auto/arrayType18.xml (RunModel)" time="0.007" />
  <testcase classname="ptolemy.util.test.junit.AutoTests" name="[415] /home/travis/build/icyphy/ptII/ptolemy/actor/lib/test/auto/arrayType19.xml (RunModel)" time="0.007" />
  <testcase classname="ptolemy.util.test.junit.AutoTests" name="[416] /home/travis/build/icyphy/ptII/ptolemy/actor/lib/test/auto/arrayType2.xml (RunModel)" time="0.008" />
  <testcase classname="ptolemy.util.test.junit.AutoTests" name="[417] /home/travis/build/icyphy/ptII/ptolemy/actor/lib/test/auto/arrayType20.xml (RunModel)" time="0.008" />
  <testcase classname="ptolemy.util.test.junit.AutoTests" name="[418] /home/travis/build/icyphy/ptII/ptolemy/actor/lib/test/auto/arrayType21.xml (RunModel)" time="0.008" />
  <testcase classname="ptolemy.util.test.junit.AutoTests" name="[419] /home/travis/build/icyphy/ptII/ptolemy/actor/lib/test/auto/arrayType22.xml (RunModel)" time="0.007" />
  <testcase classname="ptolemy.util.test.junit.AutoTests" name="[420] /home/travis/build/icyphy/ptII/ptolemy/actor/lib/test/auto/arrayType23.xml (RunModel)" time="0.008" />
  <testcase classname="ptolemy.util.test.junit.AutoTests" name="[421] /home/travis/build/icyphy/ptII/ptolemy/actor/lib/test/auto/arrayType24.xml (RunModel)" time="0.008" />
  <testcase classname="ptolemy.util.test.junit.AutoTests" name="[422] /home/travis/build/icyphy/ptII/ptolemy/actor/lib/test/auto/arrayType25.xml (RunModel)" time="0.009" />
  <testcase classname="ptolemy.util.test.junit.AutoTests" name="[423] /home/travis/build/icyphy/ptII/ptolemy/actor/lib/test/auto/arrayType26.xml (RunModel)" time="0.008" />
  <testcase classname="ptolemy.util.test.junit.AutoTests" name="[424] /home/travis/build/icyphy/ptII/ptolemy/actor/lib/test/auto/arrayType27.xml (RunModel)" time="0.008" />
  <testcase classname="ptolemy.util.test.junit.AutoTests" name="[425] /home/travis/build/icyphy/ptII/ptolemy/actor/lib/test/auto/arrayType28.xml (RunModel)" time="0.008" />
  <testcase classname="ptolemy.util.test.junit.AutoTests" name="[426] /home/travis/build/icyphy/ptII/ptolemy/actor/lib/test/auto/arrayType3.xml (RunModel)" time="0.009" />
  <testcase classname="ptolemy.util.test.junit.AutoTests" name="[427] /home/travis/build/icyphy/ptII/ptolemy/actor/lib/test/auto/arrayType4.xml (RunModel)" time="0.007" />
  <testcase classname="ptolemy.util.test.junit.AutoTests" name="[428] /home/travis/build/icyphy/ptII/ptolemy/actor/lib/test/auto/arrayType5.xml (RunModel)" time="0.007" />
  <testcase classname="ptolemy.util.test.junit.AutoTests" name="[429] /home/travis/build/icyphy/ptII/ptolemy/actor/lib/test/auto/arrayType6.xml (RunModel)" time="0.007" />
  <testcase classname="ptolemy.util.test.junit.AutoTests" name="[430] /home/travis/build/icyphy/ptII/ptolemy/actor/lib/test/auto/arrayType7.xml (RunModel)" time="0.007" />
  <testcase classname="ptolemy.util.test.junit.AutoTests" name="[431] /home/travis/build/icyphy/ptII/ptolemy/actor/lib/test/auto/arrayType8.xml (RunModel)" time="0.017" />
  <testcase classname="ptolemy.util.test.junit.AutoTests" name="[432] /home/travis/build/icyphy/ptII/ptolemy/actor/lib/test/auto/arrayType9.xml (RunModel)" time="0.013" />
  <testcase classname="ptolemy.util.test.junit.AutoTests" name="[433] /home/travis/build/icyphy/ptII/ptolemy/actor/lib/test/auto/cast.xml (RunModel)" time="0.007" />
  <testcase classname="ptolemy.util.test.junit.AutoTests" name="[434] /home/travis/build/icyphy/ptII/ptolemy/actor/lib/test/auto/compositeMultiPort.xml (RunModel)" time="0.053" />
  <testcase classname="ptolemy.util.test.junit.AutoTests" name="[435] /home/travis/build/icyphy/ptII/ptolemy/actor/lib/test/auto/expressionCastInference.xml (RunModel)" time="0.032" />
  <testcase classname="ptolemy.util.test.junit.AutoTests" name="[436] /home/travis/build/icyphy/ptII/ptolemy/actor/lib/test/auto/expressionCastInference2.xml (RunModel)" time="0.033" />
  <testcase classname="ptolemy.util.test.junit.AutoTests" name="[437] /home/travis/build/icyphy/ptII/ptolemy/actor/lib/test/auto/expressionInference.xml (RunModel)" time="0.021" />
  <testcase classname="ptolemy.util.test.junit.AutoTests" name="[438] /home/travis/build/icyphy/ptII/ptolemy/actor/lib/test/auto/expression_bug.xml (RunModel)" time="0.029" />
  <testcase classname="ptolemy.util.test.junit.AutoTests" name="[439] /home/travis/build/icyphy/ptII/ptolemy/actor/lib/test/auto/factorial.xml (RunModel)" time="0.085" />
  <testcase classname="ptolemy.util.test.junit.AutoTests" name="[440] /home/travis/build/icyphy/ptII/ptolemy/actor/lib/test/auto/filterTest1.xml (RunModel)" time="0.015" />
  <testcase classname="ptolemy.util.test.junit.AutoTests" name="[441] /home/travis/build/icyphy/ptII/ptolemy/actor/lib/test/auto/funcApplyInConst.xml (RunModel)" time="0.009" />
  <testcase classname="ptolemy.util.test.junit.AutoTests" name="[442] /home/travis/build/icyphy/ptII/ptolemy/actor/lib/test/auto/funcApplyInExpr.xml (RunModel)" time="0.005" />
  <testcase classname="ptolemy.util.test.junit.AutoTests" name="[443] /home/travis/build/icyphy/ptII/ptolemy/actor/lib/test/auto/function.xml (RunModel)" time="0.013" />
  <testcase classname="ptolemy.util.test.junit.AutoTests" name="[444] /home/travis/build/icyphy/ptII/ptolemy/actor/lib/test/auto/function2.xml (RunModel)" time="0.01" />
  <testcase classname="ptolemy.util.test.junit.AutoTests" name="[445] /home/travis/build/icyphy/ptII/ptolemy/actor/lib/test/auto/function3.xml (RunModel)" time="0.007" />
  <testcase classname="ptolemy.util.test.junit.AutoTests" name="[446] /home/travis/build/icyphy/ptII/ptolemy/actor/lib/test/auto/functionClosureTest1.xml (RunModel)" time="0.01" />
  <testcase classname="ptolemy.util.test.junit.AutoTests" name="[447] /home/travis/build/icyphy/ptII/ptolemy/actor/lib/test/auto/functionClosureTest2.xml (RunModel)" time="0.006" />
  <testcase classname="ptolemy.util.test.junit.AutoTests" name="[448] /home/travis/build/icyphy/ptII/ptolemy/actor/lib/test/auto/functionClosureTest3.xml (RunModel)" time="0.008" />
  <testcase classname="ptolemy.util.test.junit.AutoTests" name="[449] /home/travis/build/icyphy/ptII/ptolemy/actor/lib/test/auto/functionClosureTest4.xml (RunModel)" time="0.021" />
  <testcase classname="ptolemy.util.test.junit.AutoTests" name="[450] /home/travis/build/icyphy/ptII/ptolemy/actor/lib/test/auto/functionClosureTest5.xml (RunModel)" time="0.011" />
  <testcase classname="ptolemy.util.test.junit.AutoTests" name="[451] /home/travis/build/icyphy/ptII/ptolemy/actor/lib/test/auto/functionClosureTest6.xml (RunModel)" time="0.007" />
  <testcase classname="ptolemy.util.test.junit.AutoTests" name="[452] /home/travis/build/icyphy/ptII/ptolemy/actor/lib/test/auto/functionsOnArcs.xml (RunModel)" time="0.011" />
  <testcase classname="ptolemy.util.test.junit.AutoTests" name="[453] /home/travis/build/icyphy/ptII/ptolemy/actor/lib/test/auto/functionsOnArcsHOF.xml (RunModel)" time="0.012" />
  <testcase classname="ptolemy.util.test.junit.AutoTests" name="[454] /home/travis/build/icyphy/ptII/ptolemy/actor/lib/test/auto/logic.xml (RunModel)" time="0.017" />
  <testcase classname="ptolemy.util.test.junit.AutoTests" name="[455] /home/travis/build/icyphy/ptII/ptolemy/actor/lib/test/auto/matrixType.xml (RunModel)" time="0.008" />
  <testcase classname="ptolemy.util.test.junit.AutoTests" name="[456] /home/travis/build/icyphy/ptII/ptolemy/actor/lib/test/auto/matrixType10.xml (RunModel)" time="0.008" />
  <testcase classname="ptolemy.util.test.junit.AutoTests" name="[457] /home/travis/build/icyphy/ptII/ptolemy/actor/lib/test/auto/matrixType11.xml (RunModel)" time="0.007" />
  <testcase classname="ptolemy.util.test.junit.AutoTests" name="[458] /home/travis/build/icyphy/ptII/ptolemy/actor/lib/test/auto/matrixType12.xml (RunModel)" time="0.01" />
  <testcase classname="ptolemy.util.test.junit.AutoTests" name="[459] /home/travis/build/icyphy/ptII/ptolemy/actor/lib/test/auto/matrixType13.xml (RunModel)" time="0.007" />
  <testcase classname="ptolemy.util.test.junit.AutoTests" name="[460] /home/travis/build/icyphy/ptII/ptolemy/actor/lib/test/auto/matrixType14.xml (RunModel)" time="0.01" />
  <testcase classname="ptolemy.util.test.junit.AutoTests" name="[461] /home/travis/build/icyphy/ptII/ptolemy/actor/lib/test/auto/matrixType2.xml (RunModel)" time="0.007" />
  <testcase classname="ptolemy.util.test.junit.AutoTests" name="[462] /home/travis/build/icyphy/ptII/ptolemy/actor/lib/test/auto/matrixType3.xml (RunModel)" time="0.009" />
  <testcase classname="ptolemy.util.test.junit.AutoTests" name="[463] /home/travis/build/icyphy/ptII/ptolemy/actor/lib/test/auto/matrixType4.xml (RunModel)" time="0.008" />
  <testcase classname="ptolemy.util.test.junit.AutoTests" name="[464] /home/travis/build/icyphy/ptII/ptolemy/actor/lib/test/auto/matrixType5.xml (RunModel)" time="0.007" />
  <testcase classname="ptolemy.util.test.junit.AutoTests" name="[465] /home/travis/build/icyphy/ptII/ptolemy/actor/lib/test/auto/matrixType6.xml (RunModel)" time="0.007" />
  <testcase classname="ptolemy.util.test.junit.AutoTests" name="[466] /home/travis/build/icyphy/ptII/ptolemy/actor/lib/test/auto/matrixType7.xml (RunModel)" time="0.007" />
  <testcase classname="ptolemy.util.test.junit.AutoTests" name="[467] /home/travis/build/icyphy/ptII/ptolemy/actor/lib/test/auto/matrixType8.xml (RunModel)" time="0.008" />
  <testcase classname="ptolemy.util.test.junit.AutoTests" name="[468] /home/travis/build/icyphy/ptII/ptolemy/actor/lib/test/auto/matrixType9.xml (RunModel)" time="0.008" />
  <testcase classname="ptolemy.util.test.junit.AutoTests" name="[469] /home/travis/build/icyphy/ptII/ptolemy/actor/lib/test/auto/paraFunctest.xml (RunModel)" time="0.006" />
  <testcase classname="ptolemy.util.test.junit.AutoTests" name="[470] /home/travis/build/icyphy/ptII/ptolemy/actor/lib/test/auto/paraFunctest2.xml (RunModel)" time="0.013" />
  <testcase classname="ptolemy.util.test.junit.AutoTests" name="[471] /home/travis/build/icyphy/ptII/ptolemy/actor/lib/test/auto/parameterPassing.xml (RunModel)" time="0.01" />
  <testcase classname="ptolemy.util.test.junit.AutoTests" name="[472] /home/travis/build/icyphy/ptII/ptolemy/actor/lib/test/auto/record.xml (RunModel)" time="0.009" />
  <testcase classname="ptolemy.util.test.junit.AutoTests" name="[473] /home/travis/build/icyphy/ptII/ptolemy/actor/lib/test/auto/sizedarray1.xml (RunModel)" time="0.009" />
  <testcase classname="ptolemy.util.test.junit.AutoTests" name="[474] /home/travis/build/icyphy/ptII/ptolemy/actor/lib/test/auto/sizedarray2.xml (RunModel)" time="0.009" />
  <testcase classname="ptolemy.util.test.junit.AutoTests" name="[475] /home/travis/build/icyphy/ptII/ptolemy/actor/lib/test/auto/twoPublishers.xml (RunModel)" time="0.028" />
  <system-out><![CDATA[/home/travis/build/icyphy/ptII/ptolemy/actor/lib/test/AbsoluteValue.tcl
testDefs.tcl: setting time out to 9000 seconds at Tue Dec 31 06:40:46 UTC 2019
106 ms. Memory: 129024K Free: 94127K (73%)
7 ms. Memory: 129024K Free: 92589K (72%)
8 ms. Memory: 129024K Free: 91551K (71%)
4 ms. Memory: 129024K Free: 91055K (71%)
/home/travis/build/icyphy/ptII/ptolemy/actor/lib/test/AddSubtract.tcl
20 ms. Memory: 129024K Free: 89007K (69%)
13 ms. Memory: 129024K Free: 88487K (69%)
11 ms. Memory: 129024K Free: 87469K (68%)
16 ms. Memory: 129024K Free: 86445K (67%)
76 ms. Memory: 129024K Free: 83887K (65%)
11 ms. Memory: 129024K Free: 82863K (64%)
/home/travis/build/icyphy/ptII/ptolemy/actor/lib/test/Average.tcl
12 ms. Memory: 129024K Free: 81325K (63%)
8 ms. Memory: 129024K Free: 80287K (62%)
/home/travis/build/icyphy/ptII/ptolemy/actor/lib/test/Bernoulli.tcl
4 ms. Memory: 129024K Free: 78767K (61%)
9 ms. Memory: 129024K Free: 78253K (61%)
/home/travis/build/icyphy/ptII/ptolemy/actor/lib/test/Clock.tcl
preinitializing
resolving types
initializing
executing number 1
wrapping up
idle
32 ms. Memory: 129024K Free: 75695K (59%)
Completed execution with 5 iterations
preinitializing
resolving types
initializing
executing number 1
wrapping up
idle
8 ms. Memory: 129024K Free: 74671K (58%)
Completed execution with 5 iterations
preinitializing
resolving types
initializing
executing number 1
wrapping up
idle
8 ms. Memory: 129024K Free: 74151K (57%)
Completed execution with 5 iterations
/home/travis/build/icyphy/ptII/ptolemy/actor/lib/test/Commutator.tcl
14 ms. Memory: 129024K Free: 72095K (56%)
10 ms. Memory: 129024K Free: 71085K (55%)
15 ms. Memory: 129024K Free: 65455K (51%)
/home/travis/build/icyphy/ptII/ptolemy/actor/lib/test/Const.tcl
14 ms. Memory: 129024K Free: 63887K (50%)
2 ms. Memory: 129024K Free: 63407K (49%)
5 ms. Memory: 129024K Free: 62893K (49%)
2 ms. Memory: 129024K Free: 62383K (48%)
2 ms. Memory: 129024K Free: 61359K (48%)
17 ms. Memory: 129024K Free: 59821K (46%)
4 ms. Memory: 129024K Free: 58797K (46%)
3 ms. Memory: 129024K Free: 58287K (45%)
/home/travis/build/icyphy/ptII/ptolemy/actor/lib/test/CurrentTime.tcl
preinitializing
resolving types
initializing
executing number 1
wrapping up
idle
8 ms. Memory: 129024K Free: 56239K (44%)
Completed execution with 11 iterations
/home/travis/build/icyphy/ptII/ptolemy/actor/lib/test/DB.tcl
8 ms. Memory: 129024K Free: 54191K (42%)
4 ms. Memory: 129024K Free: 53663K (42%)
2 ms. Memory: 129024K Free: 53663K (42%)
/home/travis/build/icyphy/ptII/ptolemy/actor/lib/test/DiscreteRandomSource.tcl
preinitializing
resolving types
initializing
executing number 1
wrapping up
idle
5 ms. Memory: 129024K Free: 52143K (40%)
Completed execution with 4 iterations
preinitializing
resolving types
initializing
executing number 1
wrapping up
idle
3 ms. Memory: 129024K Free: 51615K (40%)
Completed execution with 4 iterations
preinitializing
resolving types
initializing
executing number 1
wrapping up
idle
6 ms. Memory: 129024K Free: 51119K (40%)
Completed execution with 4 iterations
preinitializing
resolving types
initializing
executing number 1
wrapping up
idle
2 ms. Memory: 129024K Free: 50575K (39%)
Completed execution with 4 iterations
preinitializing
resolving types
initializing
executing number 1
wrapping up
idle
8 ms. Memory: 129024K Free: 50095K (39%)
Completed execution with 4 iterations
/home/travis/build/icyphy/ptII/ptolemy/actor/lib/test/Distributor.tcl
27 ms. Memory: 129024K Free: 115413K (89%)
8 ms. Memory: 129024K Free: 114889K (89%)
StreamChangeRequest.changeExecuted(): <deleteEntity name="rec2"/> succeeded
StreamChangeRequest.changeExecuted(): <deleteRelation name="r2"/> succeeded
StreamChangeRequest.changeExecuted(): Record firings per iteration succeeded
11 ms. Memory: 129024K Free: 112341K (87%)
/home/travis/build/icyphy/ptII/ptolemy/actor/lib/test/Exit.tcl
Exit.tcl: this will print a message about Manager.exitAfterWrapup, which can be ignored.
10 ms. Memory: 129024K Free: 109345K (85%)
/home/travis/build/icyphy/ptII/ptolemy/actor/lib/test/Expression.tcl
17 ms. Memory: 129024K Free: 105697K (82%)
5 ms. Memory: 129024K Free: 105151K (81%)
5 ms. Memory: 129024K Free: 104643K (81%)
preinitializing
resolving types
initializing
executing number 1
wrapping up
idle
9 ms. Memory: 129024K Free: 103111K (80%)
Completed execution with 6 iterations
8 ms. Memory: 129024K Free: 102071K (79%)
5 ms. Memory: 129024K Free: 101579K (79%)
8 ms. Memory: 129024K Free: 100031K (78%)
7 ms. Memory: 129024K Free: 99015K (77%)
6 ms. Memory: 129024K Free: 97483K (76%)
/home/travis/build/icyphy/ptII/ptolemy/actor/lib/test/Gaussian.tcl
6 ms. Memory: 129024K Free: 95957K (74%)
sleeping 1 seconds: .............................................................................................................................................................................................................................................................................................................................................................................................................................................................................................................................................................................................................................................................................................................................................................................................................................................................................................................................................................................................................................................................................................................................................................................................................................................................................................................................................................................................................................................................................................................................................................................................................................................................................................................................................................................................................................................................................................................................................................................................................................................................................................................................................................................................................................................................................................................................................................................................................................................................................................................................................................................................................................................................................................................................................................................................................................................................................................................................................................................................................................................................................................................................................................................................................................................................................................................................................................................................................................................................................................................................................................................................................................................................................................................................................................................................................................................................................................................................................................................................................................................................................................................................................................................................................................................................................................................................................................................................................................................................................................................................................................................................................................................................................................................................................................................................................................................................................................................................................................................................................................................................................................................................................................................................................................................................................................................................................................................................................................................................................................................................................................................................................................................................................................................................................................................................................................................................................................................................................................................................................................................................................................................................................................................................................................................................................................................................................................................................................................................................................................................................................................................................................................................................................................................................................................................................................................................................................................................................................................................................................................................................................................................................................................................................................................................................................................................................................................................................................................................................................................................................................................................................................................................................................................................................................................................................................................................................................................................................................................................................................................................................................................................................................................................................................................................................................................................................................................................................................................................................................................................................................................................................................................................................................................................................................................................................................................................................................................................................................................................................................................................................................................................................................................................................................................................................................................................................................................................................................................................................................................................................................................................................................................................................................................................................................................................................................................................................................................................................................................................................................................................................................................................................................................................................................................................................................................................................................................................................................................................................................................................................................................................................................................................................................................................................................................................................................................................................................................................................................................................................................................................................................................................................................................................................................................................................................................................................................................................................................................................................................................................................................................................................................................................................................................................................................................................................................................................................................................................................................................................................................................................................................................................................................................................................................................................................................................................................................................................................................................................................................................................................................................................................................................................................................................................................................................................................................................................................................................................................................................................................................................................................................................................................................................................................................................................................................................................................................................................................................................................................................................................................................................................................................................................................................................................................................................................................................................................................................................................................................................................................................................................................................................................................................................................................................................................................................................................................................................................................................................................................................................................................................................................................................................................................................................................................................................................................................................................................................................................................................................................................................................................................................................................................................................................................................................................................................................................................................................................................................................................................................................................................................................................................................................................................................................................................................................................................................................................................................................................................................................................................................................................................................................................................................................................................................................................................................................................................................................................................................................................................................................................................................................................................................................................................................................................................................................................................................................................................................................................................................................................................................................................................................................................................................................................................................................................................................................................................................................................................................................................................................................................................................................................................................................................................................................................................................................................................................................................................................................................................................................................................................................................................................................................................................................................................................................................................................................................................................................................................................................................................................................................................................................................................................................................................................................................................................................................................................................................................................................................................................................................................................................................................................................................................................................................................................................................................................................................................................................................................................................................................................................................................................................................................................................................................................................................................................................................................................................................................................................................................................................................................................................................................................................................................................................................................................................................................................................................................................................................................................................................................................................................................................................................................................................................................................................................................................................................................................................................................................................................................................................................................................................................................................................................................................................................................................................................................................................................................................................................................................................................................................................................................................................................................................................................................................................................................................................................................................................................................................................................................................................................................................................................................................................................................................................................................................................................................................................................................................................................................................................................................................................................................................................................................................................................................................................................................................................................................................................................................................................................................................................................................................................................................................................................................................................................................................................................................................................................................................................................................................................................................................................................................................................................................................................................................................................................................................................................................................................................................................................................................................................................................................................................................................................................................................................................................................................................................................................................................................................................................................................................................................................................................................................................................................................................................................................................................................................................................................................................................................................................................................................................................................................................................................................................................................................................................................................................................................................................................................................................................................................................................................................................................................................................................................................................................................................................................................................................................................................................................................................................................................................................................................................................................................................................................................................................................................................................................................................................................................................................................................................................................................................................................................................................................................................................................................................................................................................................................................................................................................................................................................................................................................................................................................................................................................................................................................................................................................................................................................................................................................................................................................................................................................................................................................................................................................................................................................................................................................................................................................................................................................................................................................................................................................................................................................................................................................................................................................................................................................................................................................................................................................................................................................................................................................................................................................................................................................................................................................................................................................................................................................................................................................................................................................................................................................................................................................................................................................................................................................................................................................................................................................................................................................................................................................................................................................................................................................................................................................................................................................................................................................................................................................................................................................................................................................................................................................................................................................................................................................................................................................................................................................................................................................................................................................................................................................................................................................................................................................................................................................................................................................................................................................................................................................................................................................................................................................................................................................................................................................................................................................................................................................................................................................................................................................................................................................................................................................................................................................................................................................................................................................................................................................................................................................................................................................................................................................................................................................................................................................................................................................................................................................................................................................................................................................................................................................................................................................................................................................................................................................................................................................................................................................................................................................................................................................................................................................................................................................................................................................................................................................................................................................................................................................................................................................................................................................................................................................................................................................................................................................................................................................................................................................................................................................................................................................................................................................................................................................................................................................................................................................................................................................................................................................................................................................................................................................................................................................................................................................................................................................................................................................................................................................................................................................................................................................................................................................................................................................................................................................................................................................................................................................................................................................................................................................................................................................................................................................................................................................................................................................................................................................................................................................................................................................................................................................................................................................................................................................................................................................................................................................................................................................................................................................................................................................................................................................................................................................................................................................................................................................................................................................................................................................................................................................................................................................................................................................................................................................................................................................................................................................................................................................................................................................................................................................................................................................................................................................................................................................................................................................................................................................................................................................................................................................................................................................................................................................................................................................................................................................................................................................................................................................................................................................................................................................................................................................................................................................................................................................................................................................................................................................................................................................................................................................................................................................................................................................................................................................................................................................................................................................................................................................................................................................................................................................................................................................................................................................................................................................................................................................................................................................................................................................................................................................................................................................................................................................................................................................................................................................................................................................................................................................................................................................................................................................................................................................................................................................................................................................................................................................................................................................................................................................................................................................................................................................................................................................................................................................................................................................................................................................................................................................................................................................................................................................................................................................................................................................................................................................................................................................................................................................................................................................................................................................................................................................................................................................................................................................................................................................................................................................................................................................................................................................................................................................................................................................................................................................................................................................................................................................................................................................................................................................................................................................................................................................................................................................................................................................................................................................................................................................................................................................................................................................................................................................................................................................................................................................................................................................................................................................................................................................................................................................................................................................................................................................................................................................................................................................................................................................................................................................................................................................................................................................................................................................................................................................................................................................................................................................................................................................................................................................................................................................................................................................................................................................................................................................................................................................................................................................................................................................................................................................................................................................................................................................................................................................................................................................................................................................................................................................................................................................................................................................................................................................................................................................................................................................................................................................................................................................................................................................................................................................................................................................................................................................................................................................................................................................................................................................................................................................................................................................................................................................................................................................................................................................................................................................................................................................................................................................................................................................................................................................................................................................................................................................................................................................................................................................................................................................................................................................................................................................................................................................................................................................................................................................................................................................................................................................................................................................................................................................................................................................................................................................................................................................................................................................................................................................................................................................................................................................................................................................................................................................................................................................................................................................................................................................................................................................................................................................................................................................................................................................................................................................................................................................................................................................................................................................................................................................................................................................................................................................................................................................................................................................................................................................................................................................................................................................................................................................................................................................................................................................................................................................................................................................................................................................................................................................................................................................................................................................................................................................................................................................................................................................................................................................................................................................................................................................................................................................................................................................................................................................................................................................................................................................................................................................................................................................................................................................................................................................................................................................................................................................................................................................................................................................................................................................................................................................................................................................................................................................................................................................................................................................................................................................................................................................................................................................................................................................................................................................................................................................................................................................................................................................................................................................................................................................................................................................................................................................................................................................................................................................................................................................................................................................................................................................................................................................................................................................................................................................................................................................................................................................................................................................................................................................................................................................................................................................................................................................................................................................................................................................................................................................................................................................................................................................................................................................................................................................................................................................................................................................................................................................................................................................................................................................................................................................................................................................................................................................................................................................................................................................................................................................................................................................................................................................................................................................................................................................................................................................................................................................................................................................................................................................................................................................................................................................................................................................................................................................................................................................................................................................................................................................................................................................................................................................................................................................................................................................................................................................................................................................................................................................................................................................................................................................................................................................................................................................................................................................................................................................................................................................................................................................................................................................................................................................................................................................................................................................................................................................................................................................................................................................................................................................................................................................................................................................................................................................................................................................................................................................................................................................................................................................................................................................................................................................................................................................................................................................................................................................................................................................................................................................................................................................................................................................................................................................................................................................................................................................................................................................................................................................................................................................................................................................................................................................................................................................................................................................................................................................................................................................................................................................................................................................................................................................................................................................................................................................................................................................................................................................................................................................................................................................................................................................................................................................................................................................................................................................................................................................................................................................................................................................................................................................................................................................................................................................................................................................................................................................................................................................................................................................................................................................................................................................................................................................................................................................................................................................................................................................................................................................................................................................................................................................................................................................................................................................................................................................................................................................................................................................................................................................................................................................................................................................................................................................................................................................................................................................................................................................................................................................................................................................................................................................................................................................................................................................................................................................................................................................................................................................................................................................................................................................................................................................................................................................................................................................................................................................................................................................................................................................................................................................................................................................................................................................................................................................................................................................................................................................................................................................................................................................................................................................................................................................................................................................................................................................................................................................................................................................................................................................................................................................................................................................................................................................................................................................................................................................................................................................................................................................................................................................................................................................................................................................................................................................................................................................................................................................................................................................................................................................................................................................................................................................................................................................................................................................................................................................................................................................................................................................................................................................................................................................................................................................................................................................................................................................................................................................................................................................................................................................................................................................................................................................................................................................................................................................................................................................................................................................................................................................................................................................................................................................................................................................................................................................................................................................................................................................................................................................................................................................................................................................................................................................................................................................................................................................................................................................................................................................................................................................................................................................................................................................................................................................................................................................................................................................................................................................................................................................................................................................................................................................................................................................................................................................................................................................................................................................................................................................................................................................................................................................................................................................................................................................................................................................................................................................................................................................................................................................................................................................................................................................................................................................................................................................................................................................................................................................................................................................................................................................................................................................................................................................................................................................................................................................................................................................................................................................................................................................................................................................................................................................................................................................................................................................................................................................................................................................................................................................................................................................................................................................................................................................................................................................................................................................................................................................................................................................................................................................................................................................................................................................................................................................................................................................................................................................................................................................................................................................................................................................................................................................................................................................................................................................................................................................................................................................................................................................................................................................................................................................................................................................................................................................................................................................................................................................................................................................................................................................................................................................................................................................................................................................................................................................................................................................................................................................................................................................................................................................................................................................................................................................................................................................................................................................................................................................................................................................................................................................................................................................................................................................................................................................................................................................................................................................................................................................................................................................................................................................2 ms. Memory: 129024K Free: 44303K (34%)
6 ms. Memory: 129024K Free: 114381K (89%)
2 ms. Memory: 129024K Free: 113885K (88%)
1 ms. Memory: 129024K Free: 112861K (87%)
1 ms. Memory: 129024K Free: 112333K (87%)
/home/travis/build/icyphy/ptII/ptolemy/actor/lib/test/IIR.tcl
/home/travis/build/icyphy/ptII/ptolemy/actor/lib/test/Interpolator.tcl
3 ms. Memory: 129024K Free: 108765K (84%)
2 ms. Memory: 129024K Free: 108251K (84%)
3 ms. Memory: 129024K Free: 107227K (83%)
4 ms. Memory: 129024K Free: 106717K (83%)
2 ms. Memory: 129024K Free: 106203K (82%)
3 ms. Memory: 129024K Free: 105165K (82%)
2 ms. Memory: 129024K Free: 104125K (81%)
11 ms. Memory: 129024K Free: 103131K (80%)
2 ms. Memory: 129024K Free: 102621K (80%)
8 ms. Memory: 129024K Free: 101597K (79%)
/home/travis/build/icyphy/ptII/ptolemy/actor/lib/test/MathFunction.tcl
5 ms. Memory: 129024K Free: 99549K (77%)
2 ms. Memory: 129024K Free: 98525K (76%)
3 ms. Memory: 129024K Free: 97501K (76%)
4 ms. Memory: 129024K Free: 96477K (75%)
3 ms. Memory: 129024K Free: 95453K (74%)
5 ms. Memory: 129024K Free: 93405K (72%)
/home/travis/build/icyphy/ptII/ptolemy/actor/lib/test/Maximum.tcl
5 ms. Memory: 129024K Free: 91357K (71%)
2 ms. Memory: 129024K Free: 90843K (70%)
5 ms. Memory: 129024K Free: 90333K (70%)
7 ms. Memory: 129024K Free: 89819K (70%)
/home/travis/build/icyphy/ptII/ptolemy/actor/lib/test/Minimum.tcl
6 ms. Memory: 129024K Free: 87765K (68%)
3 ms. Memory: 129024K Free: 87261K (68%)
4 ms. Memory: 129024K Free: 86741K (67%)
2 ms. Memory: 129024K Free: 85723K (66%)
/home/travis/build/icyphy/ptII/ptolemy/actor/lib/test/MultiplyDivide.tcl
8 ms. Memory: 129024K Free: 84189K (65%)
8 ms. Memory: 129024K Free: 83165K (64%)
2 ms. Memory: 129024K Free: 82637K (64%)
2 ms. Memory: 129024K Free: 81613K (63%)
4 ms. Memory: 129024K Free: 81117K (63%)
/home/travis/build/icyphy/ptII/ptolemy/actor/lib/test/OrderedMerge.tcl
Connections changed on port: inputA
Connections changed on port: inputB
Connections changed on port: output
Connections changed on port: output
Connections changed on port: output
Connections changed on port: input
.top. Preinitializing ...
Invoking preinitialize():  .top.OrderedMerge
Called preinitialize()
Invoking preinitialize():  .top.Ramp
Called preinitialize()
Invoking preinitialize():  .top.Ramp2
Called preinitialize()
Invoking preinitialize():  .top.Test
Called preinitialize()
Connections changed on port: inputA
Connections changed on port: output
Connections changed on port: output
Connections changed on port: input
Connections changed on port: inputB
Connections changed on port: output
.top. Finished preinitialize().
Called initialize().
Invoking initialize():  .top.OrderedMerge
Initializing actor: .top.OrderedMerge
Adding a thread: .top.OrderedMerge
Invoking initialize():  .top.Ramp
Initializing actor: .top.Ramp
Adding a thread: .top.Ramp
Invoking initialize():  .top.Ramp2
Initializing actor: .top.Ramp2
Adding a thread: .top.Ramp2
Invoking initialize():  .top.Test
Initializing actor: .top.Test
Adding a thread: .top.Test
Called fire().
Checking for deadlock:
-- Starting thread.
-- Starting thread.
-- Starting thread.
Called initialize()
Called initialize()
Called prefire()
Called fire()
Called initialize()
-- Starting thread.
Called prefire()
Called prefire()
There are 0 Blocked actors, 0 Stopped actors, and 4 active threads.
Called fire()
Waiting for actors to stop.
Called initialize()
Called prefire()
Called fire()
Called fire()
Called postfire()
Called prefire()
Called fire()
Checking for deadlock:
There are 2 Blocked actors, 0 Stopped actors, and 4 active threads.
Waiting for actors to stop.
Called postfire()
Called prefire()
Called fire()
Checking for deadlock:
There are 3 Blocked actors, 0 Stopped actors, and 4 active threads.
Waiting for actors to stop.
Read input token from inputA with value 0.0
Next port to read input from is inputB
Called postfire()
Called prefire()
Called fire()
Read input token from inputB with value 0.0
Sent output token with value 0.0
Next port to read input from is inputA
Called postfire()
Called prefire()
Called fire()
Checking for deadlock:
There are 1 Blocked actors, 0 Stopped actors, and 4 active threads.
Waiting for actors to stop.
Called postfire()
Called prefire()
Called fire()
Checking for deadlock:
There are 1 Blocked actors, 0 Stopped actors, and 4 active threads.
Waiting for actors to stop.
-- Read input: 0.0, which is expected to match: 0.0
Called prefire()
Called fire()
Called postfire()
Called prefire()
Checking for deadlock:
Called fire()
There are 2 Blocked actors, 0 Stopped actors, and 4 active threads.
Waiting for actors to stop.
Called postfire()
Called prefire()
Called fire()
Read input token from inputA with value 1.0
Sent output token with value 0.0
Next port to read input from is inputB
Called postfire()
Called prefire()
Called fire()
Read input token from inputB with value 1.5
Checking for deadlock:
There are 2 Blocked actors, 0 Stopped actors, and 4 active threads.
Waiting for actors to stop.
-- Read input: 0.0, which is expected to match: 0.0
Called prefire()
Called fire()
Called postfire()
Called prefire()
Called fire()
Checking for deadlock:
There are 3 Blocked actors, 0 Stopped actors, and 4 active threads.
Waiting for actors to stop.
Sent output token with value 1.0
-- Read input: 1.0, which is expected to match: 1.0
Next port to read input from is inputA
Called postfire()
Called prefire()
Called prefire()
Called fire()
Checking for deadlock:
There are 3 Blocked actors, 0 Stopped actors, and 4 active threads.
Waiting for actors to stop.
Called fire()
Checking for deadlock:
There are 2 Blocked actors, 0 Stopped actors, and 4 active threads.
Waiting for actors to stop.
Called postfire()
Called prefire()
Called fire()
Checking for deadlock:
There are 3 Blocked actors, 0 Stopped actors, and 4 active threads.
Waiting for actors to stop.
Read input token from inputA with value 2.0
Sent output token with value 1.5
-- Read input: 1.5, which is expected to match: 1.5
Next port to read input from is inputB
Called postfire()
Called prefire()
Called prefire()
Called fire()
Called fire()
Read input token from inputB with value 3.0
Called postfire()
Called prefire()
Called fire()
Sent output token with value 2.0
Next port to read input from is inputA
Called postfire()
Called prefire()
Called fire()
Read input token from inputA with value 3.0
Checking for deadlock:
There are 2 Blocked actors, 0 Stopped actors, and 4 active threads.
Waiting for actors to stop.
-- Read input: 2.0, which is expected to match: 2.0
Called prefire()
Called fire()
Called postfire()
Called prefire()
Called fire()
Checking for deadlock:
There are 3 Blocked actors, 0 Stopped actors, and 4 active threads.
Waiting for actors to stop.
Checking for deadlock:
There are 2 Blocked actors, 0 Stopped actors, and 4 active threads.
Waiting for actors to stop.
-- Read input: 3.0, which is expected to match: 3.0
Called prefire()
Called fire()
Sent output token with value 3.0
Next port to read input from is inputB
Called postfire()
Called prefire()
Called fire()
Read input token from inputB with value 4.5
Sent output token with value 3.0
Next port to read input from is inputA
Called postfire()
Called prefire()
Called fire()
Read input token from inputA with value 4.0
Checking for deadlock:
There are 1 Blocked actors, 0 Stopped actors, and 4 active threads.
Waiting for actors to stop.
Called postfire()
Called postfire()
Called prefire()
Called prefire()
Called fire()
Called fire()
-- Read input: 3.0, which is expected to match: 3.0
Called prefire()
Called fire()
Checking for deadlock:
There are 3 Blocked actors, 0 Stopped actors, and 4 active threads.
Waiting for actors to stop.
Checking for deadlock:
There are 2 Blocked actors, 0 Stopped actors, and 4 active threads.
-- Read input: 4.0, which is expected to match: 4.0
Waiting for actors to stop.
Called prefire()
Called fire()
Past the end of training data. Read and discard all inputs.
Sent output token with value 4.0
Next port to read input from is inputA
Called postfire()
Called prefire()
Called fire()
Read input token from inputA with value 5.0
Sent output token with value 4.5
Next port to read input from is inputB
Called postfire()
Called prefire()
Called fire()
Read input token from inputB with value 6.0
Checking for deadlock:
There are 1 Blocked actors, 0 Stopped actors, and 4 active threads.
Waiting for actors to stop.
Called postfire()
Called prefire()
Called fire()
Checking for deadlock:
Called prefire()
Called fire()
Past the end of training data. Read and discard all inputs.
Called postfire()
Called prefire()
Called fire()
There are 1 Blocked actors, 0 Stopped actors, and 4 active threads.
Waiting for actors to stop.
Called prefire()
Called fire()
Sent output token with value 5.0
Past the end of training data. Read and discard all inputs.
Next port to read input from is inputA
Called postfire()
Called prefire()
Called fire()
Read input token from inputA with value 6.0
Sent output token with value 6.0
Next port to read input from is inputB
Called postfire()
Called prefire()
Called fire()
Read input token from inputB with value 7.5
Checking for deadlock:
There are 1 Blocked actors, 0 Stopped actors, and 4 active threads.
Waiting for actors to stop.
Called postfire()
Called prefire()
Called prefire()
Called fire()
Called fire()
Past the end of training data. Read and discard all inputs.
Checking for deadlock:
There are 1 Blocked actors, 0 Stopped actors, and 4 active threads.
Waiting for actors to stop.
Called postfire()
Called prefire()
Called fire()
Checking for deadlock:
There are 3 Blocked actors, 0 Stopped actors, and 4 active threads.
Waiting for actors to stop.
Sent output token with value 6.0
Called prefire()
Called fire()
Past the end of training data. Read and discard all inputs.
Next port to read input from is inputA
Called postfire()
Called prefire()
Called fire()
Read input token from inputA with value 7.0
Sent output token with value 7.0
Next port to read input from is inputA
Called postfire()
Called prefire()
Called fire()
Checking for deadlock:
There are 2 Blocked actors, 0 Stopped actors, and 4 active threads.
Waiting for actors to stop.
Called postfire()
Called prefire()
Called fire()
Called prefire()
Called fire()
Checking for deadlock:
Past the end of training data. Read and discard all inputs.
There are 2 Blocked actors, 0 Stopped actors, and 4 active threads.
Waiting for actors to stop.
Read input token from inputA with value 8.0
Sent output token with value 7.5
Next port to read input from is inputB
Called postfire()
Called prefire()
Called fire()
Read input token from inputB with value 9.0
Checking for deadlock:
There are 1 Blocked actors, 0 Stopped actors, and 4 active threads.
Waiting for actors to stop.
Called postfire()
Called prefire()
Called fire()
-- Thread wrapup() called.
Called wrapup()
Called prefire()
Called fire()
Past the end of training data. Read and discard all inputs.
Thread .top.Ramp is exiting.
-- Thread stopped.
Checking for deadlock:
There are 1 Blocked actors, 0 Stopped actors, and 3 active threads.
Waiting for actors to stop.
Sent output token with value 8.0
Called prefire()
Called fire()
Past the end of training data. Read and discard all inputs.
Next port to read input from is inputA
Called postfire()
Called prefire()
Called fire()
Read input token from inputA with value 9.0
Sent output token with value 9.0
Next port to read input from is inputB
Called postfire()
Called prefire()
Called fire()
Read input token from inputB with value 10.5
Checking for deadlock:
There are 1 Blocked actors, 0 Stopped actors, and 3 active threads.
Waiting for actors to stop.
Called prefire()
Called postfire()
Called fire()
Called prefire()
Past the end of training data. Read and discard all inputs.
Called fire()
Checking for deadlock:
There are 2 Blocked actors, 0 Stopped actors, and 3 active threads.
Waiting for actors to stop.
Called prefire()
Called fire()
Past the end of training data. Read and discard all inputs.
Sent output token with value 9.0
Checking for deadlock:
There are 2 Blocked actors, 0 Stopped actors, and 3 active threads.
Waiting for actors to stop.
Next port to read input from is inputA
Called postfire()
Called prefire()
Called fire()
Checking for deadlock:
There are 3 Blocked actors, 0 Stopped actors, and 3 active threads.
Actors have stopped.
Checking for deadlock:
There are 3 Blocked actors, 0 Stopped actors, and 3 active threads.
Deadlock detected.
Resolving Deadlock
Checking for deadlock:
There are 3 Blocked actors, 0 Stopped actors, and 3 active threads.
Artificial Deadlock - increasing queue capacity.
increasing the capacity of receiver ptolemy.actor.TypedIOPort {.top.OrderedMerge.inputB} to 2
Director: Called postfire().
Called postfire().
_stopRequested = false
_stopFireRequested = false
Returning from postfire(): true
-- Thread wrapup() called.
Called wrapup()
Thread .top.Ramp2 is exiting.
-- Thread stopped.
Called fire().
Checking for deadlock:
There are 2 Blocked actors, 0 Stopped actors, and 2 active threads.
Actors have stopped.
Checking for deadlock:
There are 2 Blocked actors, 0 Stopped actors, and 2 active threads.
Deadlock detected.
Resolving Deadlock
Checking for deadlock:
There are 2 Blocked actors, 0 Stopped actors, and 2 active threads.
Deadlock detected: no processes blocked on write, but some are blocked on read.
Called postfire().
_stopRequested = false
_stopFireRequested = false
Returning from postfire(): false
Finished deactivating branches.
Called wrapup().
-- Thread wrapup() called.
Called wrapup()
Thread .top.OrderedMerge is exiting.
-- Thread stopped.
-- Blocked Receiver call threw TerminateProcessException.
-- Thread wrapup() called.
Called wrapup()
Thread .top.Test is exiting.
-- Thread stopped.
-- Blocked Receiver call threw TerminateProcessException.
85 ms. Memory: 129024K Free: 75997K (59%)
.top. Preinitializing ...
Invoking preinitialize():  .top.OrderedMerge
Called preinitialize()
Invoking preinitialize():  .top.Ramp
Called preinitialize()
Invoking preinitialize():  .top.Ramp2
Called preinitialize()
Invoking preinitialize():  .top.Test
Called preinitialize()
.top. Finished preinitialize().
Called initialize().
Invoking initialize():  .top.OrderedMerge
Initializing actor: .top.OrderedMerge
Adding a thread: .top.OrderedMerge
Invoking initialize():  .top.Ramp
Initializing actor: .top.Ramp
Adding a thread: .top.Ramp
Invoking initialize():  .top.Ramp2
Initializing actor: .top.Ramp2
Adding a thread: .top.Ramp2
Invoking initialize():  .top.Test
Initializing actor: .top.Test
Adding a thread: .top.Test
-- Starting thread.
Called initialize()
Called prefire()
Called fire()
-- Starting thread.
Called initialize()
Called prefire()
Called fire()
Called postfire()
Called prefire()
Called fire()
-- Starting thread.
Called initialize()
Called prefire()
Called fire()
Called postfire()
Called prefire()
Called fire()
Called fire().
Checking for deadlock:
There are 3 Blocked actors, 0 Stopped actors, and 4 active threads.
Waiting for actors to stop.
-- Starting thread.
Called initialize()
Called prefire()
Called fire()
Called postfire()
Read input token from inputA with value 0.0
Called prefire()
Called fire()
Next port to read input from is inputB
Called postfire()
Checking for deadlock:
Called prefire()
Called fire()
There are 3 Blocked actors, 0 Stopped actors, and 4 active threads.
Waiting for actors to stop.
Checking for deadlock:
There are 2 Blocked actors, 0 Stopped actors, and 4 active threads.
Waiting for actors to stop.
Called postfire()
Called prefire()
Called fire()
Checking for deadlock:
There are 3 Blocked actors, 0 Stopped actors, and 4 active threads.
Waiting for actors to stop.
Read input token from inputB with value 0.0
Checking for deadlock:
There are 2 Blocked actors, 0 Stopped actors, and 4 active threads.
Waiting for actors to stop.
Sent output token with value 0.0
-- Read input: 0.0, which is expected to match: 0.0
Called prefire()
Called fire()
Checking for deadlock:
There are 3 Blocked actors, 0 Stopped actors, and 4 active threads.
Waiting for actors to stop.
Next port to read input from is inputA
Called postfire()
Called prefire()
Called fire()
Called postfire()
Called prefire()
Called fire()
Checking for deadlock:
Read input token from inputA with value 1.0
There are 3 Blocked actors, 0 Stopped actors, and 4 active threads.
Waiting for actors to stop.
Checking for deadlock:
There are 2 Blocked actors, 0 Stopped actors, and 4 active threads.
Waiting for actors to stop.
-- Read input: 0.0, which is expected to match: 0.0
Called prefire()
Called fire()
Sent output token with value 0.0
Checking for deadlock:
There are 3 Blocked actors, 0 Stopped actors, and 4 active threads.
Waiting for actors to stop.
Next port to read input from is inputB
Called postfire()
Called prefire()
Called fire()
Checking for deadlock:
There are 2 Blocked actors, 0 Stopped actors, and 4 active threads.
Waiting for actors to stop.
Called postfire()
Called prefire()
Called fire()
Checking for deadlock:
There are 3 Blocked actors, 0 Stopped actors, and 4 active threads.
Waiting for actors to stop.
Read input token from inputB with value 1.5
Checking for deadlock:
There are 2 Blocked actors, 0 Stopped actors, and 4 active threads.
Waiting for actors to stop.
-- Read input: 1.0, which is expected to match: 1.0
Called prefire()
Called fire()
Checking for deadlock:
There are 3 Blocked actors, 0 Stopped actors, and 4 active threads.
Waiting for actors to stop.
Sent output token with value 1.0
Next port to read input from is inputA
Called postfire()
Called prefire()
Called fire()
Read input token from inputA with value 2.0
Checking for deadlock:
There are 2 Blocked actors, 0 Stopped actors, and 4 active threads.
Waiting for actors to stop.
Called postfire()
Sent output token with value 1.5
Called prefire()
Called fire()
Next port to read input from is inputB
Called postfire()
Called prefire()
Called fire()
Read input token from inputB with value 3.0
Called postfire()
Checking for deadlock:
Called prefire()
Called fire()
There are 2 Blocked actors, 0 Stopped actors, and 4 active threads.
Waiting for actors to stop.
-- Read input: 1.5, which is expected to match: 1.5
Called prefire()
Called fire()
Checking for deadlock:
There are 3 Blocked actors, 0 Stopped actors, and 4 active threads.
Waiting for actors to stop.
Sent output token with value 2.0
Next port to read input from is inputA
Called postfire()
Called prefire()
Called fire()
Read input token from inputA with value 3.0
Called postfire()
Called prefire()
Called fire()
Checking for deadlock:
There are 3 Blocked actors, 0 Stopped actors, and 4 active threads.
Waiting for actors to stop.
-- Read input: 2.0, which is expected to match: 2.0
Called prefire()
Called fire()
Checking for deadlock:
There are 3 Blocked actors, 0 Stopped actors, and 4 active threads.
Waiting for actors to stop.
Sent output token with value 3.0
-- Read input: 3.0, which is expected to match: 3.0
Called prefire()
Called fire()
Next port to read input from is inputB
Called postfire()
Called prefire()
Called fire()
Checking for deadlock:
There are 3 Blocked actors, 0 Stopped actors, and 4 active threads.
Waiting for actors to stop.
Read input token from inputB with value 4.5
Sent output token with value 3.0
Next port to read input from is inputA
Called postfire()
Called prefire()
Called fire()
Read input token from inputA with value 4.0
Checking for deadlock:
There are 1 Blocked actors, 0 Stopped actors, and 4 active threads.
Waiting for actors to stop.
Called postfire()
-- Read input: 3.0, which is expected to match: 3.0
Called prefire()
Called fire()
Called prefire()
Called fire()
Called postfire()
Called prefire()
Called fire()
Checking for deadlock:
There are 3 Blocked actors, 0 Stopped actors, and 4 active threads.
Waiting for actors to stop.
Sent output token with value 4.0
Next port to read input from is inputA
Called postfire()
Called prefire()
Called fire()
Read input token from inputA with value 5.0
-- Read input: 4.0, which is expected to match: 4.0
Called prefire()
Called fire()
Past the end of training data. Read and discard all inputs.
Checking for deadlock:
There are 2 Blocked actors, 0 Stopped actors, and 4 active threads.
Waiting for actors to stop.
Called postfire()
Called prefire()
Sent output token with value 4.5
Called fire()
Next port to read input from is inputB
Called postfire()
Called prefire()
Called fire()
Called prefire()
Called fire()
Past the end of training data. Read and discard all inputs.
Read input token from inputB with value 6.0
Sent output token with value 5.0
Next port to read input from is inputA
Called postfire()
Called prefire()
Called fire()
Read input token from inputA with value 6.0
Checking for deadlock:
There are 1 Blocked actors, 0 Stopped actors, and 4 active threads.
Waiting for actors to stop.
Called postfire()
Called prefire()
Called prefire()
Called fire()
Called fire()
Past the end of training data. Read and discard all inputs.
Called postfire()
Called prefire()
Called fire()
Checking for deadlock:
There are 3 Blocked actors, 0 Stopped actors, and 4 active threads.
Waiting for actors to stop.
Sent output token with value 6.0
Next port to read input from is inputB
Called postfire()
Called prefire()
Called fire()
Read input token from inputB with value 7.5
Called postfire()
Called prefire()
Called prefire()
Called fire()
Called fire()
Past the end of training data. Read and discard all inputs.
Checking for deadlock:
There are 2 Blocked actors, 0 Stopped actors, and 4 active threads.
Waiting for actors to stop.
Checking for deadlock:
Sent output token with value 6.0
There are 2 Blocked actors, 0 Stopped actors, and 4 active threads.
Waiting for actors to stop.
Next port to read input from is inputA
Called postfire()
Called prefire()
Called fire()
Read input token from inputA with value 7.0
Checking for deadlock:
There are 2 Blocked actors, 0 Stopped actors, and 4 active threads.
Waiting for actors to stop.
Called postfire()
Called prefire()
Called fire()
Called prefire()
Called fire()
Past the end of training data. Read and discard all inputs.
Checking for deadlock:
There are 3 Blocked actors, 0 Stopped actors, and 4 active threads.
Waiting for actors to stop.
Sent output token with value 7.0
Next port to read input from is inputA
Called postfire()
Called prefire()
Called fire()
Read input token from inputA with value 8.0
Checking for deadlock:
There are 2 Blocked actors, 0 Stopped actors, and 4 active threads.
Waiting for actors to stop.
Called prefire()
Called fire()
Past the end of training data. Read and discard all inputs.
-- Thread wrapup() called.
Called wrapup()
Thread .top.Ramp is exiting.
-- Thread stopped.
Checking for deadlock:
There are 2 Blocked actors, 0 Stopped actors, and 3 active threads.
Waiting for actors to stop.
Checking for deadlock:
There are 1 Blocked actors, 0 Stopped actors, and 3 active threads.
Waiting for actors to stop.
Sent output token with value 7.5
Called prefire()
Called fire()
Past the end of training data. Read and discard all inputs.
Next port to read input from is inputB
Called postfire()
Called prefire()
Called fire()
Read input token from inputB with value 9.0
Sent output token with value 8.0
Next port to read input from is inputA
Called postfire()
Called prefire()
Called fire()
Read input token from inputA with value 9.0
Called postfire()
Called prefire()
Checking for deadlock:
There are 0 Blocked actors, 0 Stopped actors, and 3 active threads.
Waiting for actors to stop.
Called prefire()
Called fire()
Past the end of training data. Read and discard all inputs.
Called prefire()
Called fire()
Called fire()
Past the end of training data. Read and discard all inputs.
Sent output token with value 9.0
Checking for deadlock:
There are 1 Blocked actors, 0 Stopped actors, and 3 active threads.
Waiting for actors to stop.
Next port to read input from is inputB
Called postfire()
Called prefire()
Called fire()
Read input token from inputB with value 10.5
Sent output token with value 9.0
Next port to read input from is inputA
Called postfire()
Called prefire()
Called fire()
Checking for deadlock:
Called postfire()
There are 1 Blocked actors, 0 Stopped actors, and 3 active threads.
Called prefire()
Waiting for actors to stop.
Called fire()
Called prefire()
Called fire()
Past the end of training data. Read and discard all inputs.
Checking for deadlock:
There are 3 Blocked actors, 0 Stopped actors, and 3 active threads.
Actors have stopped.
Checking for deadlock:
There are 3 Blocked actors, 0 Stopped actors, and 3 active threads.
Deadlock detected.
Resolving Deadlock
Checking for deadlock:
There are 3 Blocked actors, 0 Stopped actors, and 3 active threads.
Artificial Deadlock - increasing queue capacity.
increasing the capacity of receiver ptolemy.actor.TypedIOPort {.top.OrderedMerge.inputB} to 2
Director: Called postfire().
Called postfire().
_stopRequested = false
_stopFireRequested = false
Returning from postfire(): true
Called fire().
Checking for deadlock:
There are 2 Blocked actors, 0 Stopped actors, and 3 active threads.
Waiting for actors to stop.
-- Thread wrapup() called.
Called wrapup()
Thread .top.Ramp2 is exiting.
-- Thread stopped.
Checking for deadlock:
There are 2 Blocked actors, 0 Stopped actors, and 2 active threads.
Actors have stopped.
Checking for deadlock:
There are 2 Blocked actors, 0 Stopped actors, and 2 active threads.
Deadlock detected.
Resolving Deadlock
Checking for deadlock:
There are 2 Blocked actors, 0 Stopped actors, and 2 active threads.
Deadlock detected: no processes blocked on write, but some are blocked on read.
Called postfire().
_stopRequested = false
_stopFireRequested = false
Returning from postfire(): false
Finished deactivating branches.
Called wrapup().
-- Thread wrapup() called.
Called wrapup()
Thread .top.Test is exiting.
-- Thread stopped.
-- Blocked Receiver call threw TerminateProcessException.
-- Thread wrapup() called.
Called wrapup()
Thread .top.OrderedMerge is exiting.
-- Thread stopped.
-- Blocked Receiver call threw TerminateProcessException.
78 ms. Memory: 129024K Free: 73949K (57%)
/home/travis/build/icyphy/ptII/ptolemy/actor/lib/test/Publisher.tcl
16 ms. Memory: 129024K Free: 67805K (53%)
4 ms. Memory: 129024K Free: 62165K (48%)
8 ms. Memory: 129024K Free: 58589K (45%)
5 ms. Memory: 129024K Free: 57565K (45%)
4 ms. Memory: 129024K Free: 57037K (44%)
18 ms. Memory: 129024K Free: 113273K (88%)
3 ms. Memory: 129024K Free: 112844K (87%)
3 ms. Memory: 129024K Free: 111820K (87%)
34 ms. Memory: 129024K Free: 102090K (79%)
11 ms. Memory: 129024K Free: 97994K (76%)
2 ms. Memory: 129024K Free: 97484K (76%)
4 ms. Memory: 129024K Free: 95436K (74%)
9 ms. Memory: 129024K Free: 87754K (68%)
6 ms. Memory: 129024K Free: 78028K (60%)
12 ms. Memory: 129024K Free: 67260K (52%)
/home/travis/build/icyphy/ptII/ptolemy/actor/lib/test/Pulse.tcl
2 ms. Memory: 156672K Free: 127532K (81%)
2 ms. Memory: 156672K Free: 127028K (81%)
1 ms. Memory: 156672K Free: 126508K (81%)
1 ms. Memory: 156672K Free: 126004K (80%)
2 ms. Memory: 156672K Free: 125490K (80%)
5 ms. Memory: 156672K Free: 124466K (79%)
3 ms. Memory: 156672K Free: 123412K (79%)
1 ms. Memory: 156672K Free: 122388K (78%)
1 ms. Memory: 156672K Free: 121908K (78%)
/home/travis/build/icyphy/ptII/ptolemy/actor/lib/test/Ramp.tcl
3 ms. Memory: 156672K Free: 119860K (77%)
1 ms. Memory: 156672K Free: 119316K (76%)
1 ms. Memory: 156672K Free: 118322K (76%)
2 ms. Memory: 156672K Free: 117812K (75%)
4 ms. Memory: 156672K Free: 116788K (75%)
4 ms. Memory: 156672K Free: 116260K (74%)
5 ms. Memory: 156672K Free: 115236K (74%)
5 actors
4000 microseconds per iteration to create
6 ms. Memory: 156672K Free: 112172K (72%)
1 ms. Memory: 156672K Free: 111668K (71%)
2 ms. Memory: 156672K Free: 111140K (71%)
2 ms. Memory: 156672K Free: 110644K (71%)
50 actors
28000 microseconds per iteration to create
23 ms. Memory: 156672K Free: 95282K (61%)
4 ms. Memory: 156672K Free: 93746K (60%)
4 ms. Memory: 156672K Free: 92708K (59%)
4 ms. Memory: 156672K Free: 91684K (59%)
500 actors
1431000 microseconds per iteration to create
232 ms. Memory: 156672K Free: 100939K (64%)
32 ms. Memory: 156672K Free: 95309K (61%)
30 ms. Memory: 156672K Free: 90189K (58%)
30 ms. Memory: 156672K Free: 85069K (54%)
/home/travis/build/icyphy/ptII/ptolemy/actor/lib/test/RampContinuous.tcl
19 ms. Memory: 156672K Free: 83531K (53%)
/home/travis/build/icyphy/ptII/ptolemy/actor/lib/test/RecordAssembler.tcl
14 ms. Memory: 156672K Free: 81997K (52%)
12 ms. Memory: 156672K Free: 80973K (52%)
/home/travis/build/icyphy/ptII/ptolemy/actor/lib/test/RecordDisassembler.tcl
5 ms. Memory: 156672K Free: 78925K (50%)
2 ms. Memory: 156672K Free: 78411K (50%)
4 ms. Memory: 156672K Free: 77357K (49%)
/home/travis/build/icyphy/ptII/ptolemy/actor/lib/test/Scale.tcl
2 ms. Memory: 156672K Free: 75339K (48%)
1 ms. Memory: 156672K Free: 74829K (48%)
1 ms. Memory: 156672K Free: 73805K (47%)
2 ms. Memory: 156672K Free: 73277K (47%)
2 ms. Memory: 156672K Free: 72253K (46%)
/home/travis/build/icyphy/ptII/ptolemy/actor/lib/test/SequentialClock.tcl
preinitializing
resolving types
initializing
executing number 1
wrapping up
idle
2 ms. Memory: 156672K Free: 71229K (45%)
Completed execution with 5 iterations
preinitializing
resolving types
initializing
executing number 1
wrapping up
idle
2 ms. Memory: 156672K Free: 70189K (45%)
Completed execution with 5 iterations
preinitializing
resolving types
initializing
executing number 1
wrapping up
idle
1 ms. Memory: 156672K Free: 70189K (45%)
Completed execution with 5 iterations
/home/travis/build/icyphy/ptII/ptolemy/actor/lib/test/SetVariable.tcl
4 ms. Memory: 156672K Free: 68171K (44%)


==== $PTII/ptolemy/actor/lib/test/SetVariable.tcl: SetVariable-3.1 changeFailed
==== Contents of test case:

    #Uses 2.1 above
    jdkCaptureErr {
        # This test was failing if we ran Exit.tcl and then this test.
        # MessageHandler.error() now actually throws the Exception.
	catch {$setVariable changeFailed [java::null]  [java::new Exception {Test exception for SetVariable.changeFailed()}]} errMsg
    } results
    list [string range $results 0 89] "\n" $errMsg

==== Result was:
{java.lang.Exception: Test exception for SetVariable.changeFailed()
	at java.base/jdk.inter} {
} {java.lang.RuntimeException: java.lang.Exception: Test exception for SetVariable.changeFailed()}
---- Result should have been:
{Failed to set variable.
java.lang.Exception: Test exception for SetVariable.changeFailed()} {
} {java.lang.RuntimeException: java.lang.Exception: Test exception for SetVariable.changeFailed()}
---- SetVariable-3.1 FAILED
/home/travis/build/icyphy/ptII/ptolemy/actor/lib/test/Sinewave.tcl
/home/travis/build/icyphy/ptII/ptolemy/actor/lib/test/SubscriptionAggregator.tcl
4 ms. Memory: 156672K Free: 55883K (36%)
2 ms. Memory: 156672K Free: 55373K (35%)
0 ms. Memory: 156672K Free: 54859K (35%)
0 ms. Memory: 156672K Free: 54349K (35%)
2 ms. Memory: 156672K Free: 51277K (33%)
31 ms. Memory: 156672K Free: 133039K (85%)
...............................................................1007 ms. Memory: 278528K Free: 221304K (79%)
/home/travis/build/icyphy/ptII/ptolemy/actor/lib/test/Test.tcl
 The next command will produce a warning about training mode,
   which may be ignored.
4 ms. Memory: 278528K Free: 219288K (79%)
3 ms. Memory: 278528K Free: 218784K (79%)
1 ms. Memory: 278528K Free: 217760K (78%)
2 ms. Memory: 278528K Free: 217246K (78%)
3 ms. Memory: 278528K Free: 216736K (78%)
3 ms. Memory: 278528K Free: 215712K (77%)
3 ms. Memory: 278528K Free: 214160K (77%)
 The next command will produce a warning about training mode,
   which may be ignored.
7 ms. Memory: 278528K Free: 212112K (76%)
 The next command will produce a warning about training mode,
   which may be ignored.
4 ms. Memory: 278528K Free: 210592K (76%)
1 ms. Memory: 278528K Free: 210064K (75%)
1 ms. Memory: 278528K Free: 209568K (75%)
2 ms. Memory: 278528K Free: 209040K (75%)
7 ms. Memory: 278528K Free: 208030K (75%)
5 ms. Memory: 278528K Free: 204448K (73%)
/home/travis/build/icyphy/ptII/ptolemy/actor/lib/test/TestExceptionHandler.tcl
 The next command will produce a warning about training mode,
   which may be ignored.
2 ms. Memory: 278528K Free: 202910K (73%)
1 ms. Memory: 278528K Free: 202400K (73%)
1 ms. Memory: 278528K Free: 201856K (72%)
/home/travis/build/icyphy/ptII/ptolemy/actor/lib/test/UnionDisassembler.tcl
27 ms. Memory: 278528K Free: 194718K (70%)
/home/travis/build/icyphy/ptII/ptolemy/actor/lib/test/VariableClock.tcl
preinitializing
resolving types
initializing
executing number 1
wrapping up
idle
9 ms. Memory: 278528K Free: 193184K (69%)
Completed execution with 11 iterations
preinitializing
resolving types
initializing
executing number 1
wrapping up
idle
7 ms. Memory: 278528K Free: 191616K (69%)
Completed execution with 10 iterations
12/31/19 06:40:54
Failed: 1  Total Tests: 234  ((Passed: 233, Newly Passed: 0)  Known Failed: 0) /home/travis/build/icyphy/ptII/ptolemy/actor/lib/test
----------------- testing (KnownFailure) /home/travis/build/icyphy/ptII/ptolemy/actor/lib/test/auto/knownFailedTests/PublisherPortToplevelSubscriber.xml
1 ms. Memory: 278528K Free: 188064K (68%)
Known Failure: java.lang.reflect.InvocationTargetException
----------------- testing (KnownFailure) /home/travis/build/icyphy/ptII/ptolemy/actor/lib/test/auto/knownFailedTests/PublisherSubscriberPortToplevel.xml
0 ms. Memory: 278528K Free: 184478K (66%)
Known Failure: java.lang.reflect.InvocationTargetException
----------------- testing (KnownFailure) /home/travis/build/icyphy/ptII/ptolemy/actor/lib/test/auto/knownFailedTests/PublisherSubscriptionAggregatorPort.xml
1 ms. Memory: 278528K Free: 180382K (65%)
Known Failure: java.lang.reflect.InvocationTargetException
----------------- testing (KnownFailure) /home/travis/build/icyphy/ptII/ptolemy/actor/lib/test/auto/knownFailedTests/sizedarray3.xml
8 ms. Memory: 278528K Free: 175776K (63%)
Known Failure: java.lang.reflect.InvocationTargetException
No auto/linux-amd64/*.xml tests in /home/travis/build/icyphy/ptII/ptolemy/actor/lib/test
AutoTests.java: About to close Vertx.
AutoTests.java: Vertx closed.

===========================================================================================
----------------- testing Tue Dec 31 06:40:55 UTC 2019 /home/travis/build/icyphy/ptII/ptolemy/actor/lib/test/auto/AbsoluteValue.xml
----------------- Instantiating /home/travis/build/icyphy/ptII/ptolemy/actor/lib/test/auto/AbsoluteValue.xml
15 ms. Memory: 278528K Free: 152734K (55%)
----------------- Invoking toplevel() on ptolemy.moml.MoMLSimpleApplication@49923bc4
----------------- Done invoking toplevel() on ptolemy.moml.MoMLSimpleApplication@49923bc4
reloadAllAccessors: .AbsoluteValue

===========================================================================================
----------------- testing Tue Dec 31 06:40:55 UTC 2019 /home/travis/build/icyphy/ptII/ptolemy/actor/lib/test/auto/AbsoluteValue2.xml
----------------- Instantiating /home/travis/build/icyphy/ptII/ptolemy/actor/lib/test/auto/AbsoluteValue2.xml
5 ms. Memory: 278528K Free: 146080K (52%)
----------------- Invoking toplevel() on ptolemy.moml.MoMLSimpleApplication@1d16a87e
----------------- Done invoking toplevel() on ptolemy.moml.MoMLSimpleApplication@1d16a87e
reloadAllAccessors: .AbsoluteValue2

===========================================================================================
----------------- testing Tue Dec 31 06:40:55 UTC 2019 /home/travis/build/icyphy/ptII/ptolemy/actor/lib/test/auto/Accumulator.xml
----------------- Instantiating /home/travis/build/icyphy/ptII/ptolemy/actor/lib/test/auto/Accumulator.xml
5 ms. Memory: 278528K Free: 139936K (50%)
----------------- Invoking toplevel() on ptolemy.moml.MoMLSimpleApplication@72cde458
----------------- Done invoking toplevel() on ptolemy.moml.MoMLSimpleApplication@72cde458
reloadAllAccessors: .Accumulator

===========================================================================================
----------------- testing Tue Dec 31 06:40:55 UTC 2019 /home/travis/build/icyphy/ptII/ptolemy/actor/lib/test/auto/Accumulator2.xml
----------------- Instantiating /home/travis/build/icyphy/ptII/ptolemy/actor/lib/test/auto/Accumulator2.xml
4 ms. Memory: 278528K Free: 134302K (48%)
----------------- Invoking toplevel() on ptolemy.moml.MoMLSimpleApplication@2f53e16
----------------- Done invoking toplevel() on ptolemy.moml.MoMLSimpleApplication@2f53e16
reloadAllAccessors: .Accumulator2

===========================================================================================
----------------- testing Tue Dec 31 06:40:55 UTC 2019 /home/travis/build/icyphy/ptII/ptolemy/actor/lib/test/auto/Accumulator3.xml
----------------- Instantiating /home/travis/build/icyphy/ptII/ptolemy/actor/lib/test/auto/Accumulator3.xml
2 ms. Memory: 278528K Free: 130206K (47%)
----------------- Invoking toplevel() on ptolemy.moml.MoMLSimpleApplication@a66bec3
----------------- Done invoking toplevel() on ptolemy.moml.MoMLSimpleApplication@a66bec3
reloadAllAccessors: .Accumulator3

===========================================================================================
----------------- testing Tue Dec 31 06:40:55 UTC 2019 /home/travis/build/icyphy/ptII/ptolemy/actor/lib/test/auto/ArrayAppend.xml
----------------- Instantiating /home/travis/build/icyphy/ptII/ptolemy/actor/lib/test/auto/ArrayAppend.xml
4 ms. Memory: 278528K Free: 124048K (45%)
----------------- Invoking toplevel() on ptolemy.moml.MoMLSimpleApplication@196584c2
----------------- Done invoking toplevel() on ptolemy.moml.MoMLSimpleApplication@196584c2
reloadAllAccessors: .ArrayAppend

===========================================================================================
----------------- testing Tue Dec 31 06:40:55 UTC 2019 /home/travis/build/icyphy/ptII/ptolemy/actor/lib/test/auto/ArrayAppend2.xml
----------------- Instantiating /home/travis/build/icyphy/ptII/ptolemy/actor/lib/test/auto/ArrayAppend2.xml
304 ms. Memory: 278528K Free: 196163K (70%)
----------------- Invoking toplevel() on ptolemy.moml.MoMLSimpleApplication@6bd18a22
----------------- Done invoking toplevel() on ptolemy.moml.MoMLSimpleApplication@6bd18a22
reloadAllAccessors: .ArrayAppend2

===========================================================================================
----------------- testing Tue Dec 31 06:40:56 UTC 2019 /home/travis/build/icyphy/ptII/ptolemy/actor/lib/test/auto/ArrayAppend3.xml
----------------- Instantiating /home/travis/build/icyphy/ptII/ptolemy/actor/lib/test/auto/ArrayAppend3.xml
3 ms. Memory: 278528K Free: 190529K (68%)
----------------- Invoking toplevel() on ptolemy.moml.MoMLSimpleApplication@7a43060a
----------------- Done invoking toplevel() on ptolemy.moml.MoMLSimpleApplication@7a43060a
reloadAllAccessors: .ArrayAppend3

===========================================================================================
----------------- testing Tue Dec 31 06:40:56 UTC 2019 /home/travis/build/icyphy/ptII/ptolemy/actor/lib/test/auto/ArrayAppend4.xml
----------------- Instantiating /home/travis/build/icyphy/ptII/ptolemy/actor/lib/test/auto/ArrayAppend4.xml
6 ms. Memory: 278528K Free: 184899K (66%)
----------------- Invoking toplevel() on ptolemy.moml.MoMLSimpleApplication@1456e5d7
----------------- Done invoking toplevel() on ptolemy.moml.MoMLSimpleApplication@1456e5d7
reloadAllAccessors: .ArrayAppend4

===========================================================================================
----------------- testing Tue Dec 31 06:40:56 UTC 2019 /home/travis/build/icyphy/ptII/ptolemy/actor/lib/test/auto/ArrayAppend5.xml
----------------- Instantiating /home/travis/build/icyphy/ptII/ptolemy/actor/lib/test/auto/ArrayAppend5.xml
2 ms. Memory: 278528K Free: 180289K (65%)
----------------- Invoking toplevel() on ptolemy.moml.MoMLSimpleApplication@2a56de54
----------------- Done invoking toplevel() on ptolemy.moml.MoMLSimpleApplication@2a56de54
reloadAllAccessors: .ArrayAppend5

===========================================================================================
----------------- testing Tue Dec 31 06:40:56 UTC 2019 /home/travis/build/icyphy/ptII/ptolemy/actor/lib/test/auto/ArrayAppend6.xml
----------------- Instantiating /home/travis/build/icyphy/ptII/ptolemy/actor/lib/test/auto/ArrayAppend6.xml
3 ms. Memory: 278528K Free: 174659K (63%)
----------------- Invoking toplevel() on ptolemy.moml.MoMLSimpleApplication@1b18a589
----------------- Done invoking toplevel() on ptolemy.moml.MoMLSimpleApplication@1b18a589
reloadAllAccessors: .ArrayAppend6

===========================================================================================
----------------- testing Tue Dec 31 06:40:56 UTC 2019 /home/travis/build/icyphy/ptII/ptolemy/actor/lib/test/auto/ArrayAppendPerformanceTest.xml
----------------- Instantiating /home/travis/build/icyphy/ptII/ptolemy/actor/lib/test/auto/ArrayAppendPerformanceTest.xml
35 ms. Memory: 278528K Free: 163905K (59%)
----------------- Invoking toplevel() on ptolemy.moml.MoMLSimpleApplication@40ba6031
----------------- Done invoking toplevel() on ptolemy.moml.MoMLSimpleApplication@40ba6031
reloadAllAccessors: .ArrayAppendPerformanceTest

===========================================================================================
----------------- testing Tue Dec 31 06:40:56 UTC 2019 /home/travis/build/icyphy/ptII/ptolemy/actor/lib/test/auto/ArrayAppendWithEmptyInput.xml
----------------- Instantiating /home/travis/build/icyphy/ptII/ptolemy/actor/lib/test/auto/ArrayAppendWithEmptyInput.xml
7 ms. Memory: 278528K Free: 155713K (56%)
----------------- Invoking toplevel() on ptolemy.moml.MoMLSimpleApplication@7174baa3
----------------- Done invoking toplevel() on ptolemy.moml.MoMLSimpleApplication@7174baa3
reloadAllAccessors: .ArrayAppendWithEmptyInput

===========================================================================================
----------------- testing Tue Dec 31 06:40:56 UTC 2019 /home/travis/build/icyphy/ptII/ptolemy/actor/lib/test/auto/ArrayAverage.xml
----------------- Instantiating /home/travis/build/icyphy/ptII/ptolemy/actor/lib/test/auto/ArrayAverage.xml
5 ms. Memory: 278528K Free: 148035K (53%)
----------------- Invoking toplevel() on ptolemy.moml.MoMLSimpleApplication@4f4c4072
----------------- Done invoking toplevel() on ptolemy.moml.MoMLSimpleApplication@4f4c4072
reloadAllAccessors: .ArrayAverage

===========================================================================================
----------------- testing Tue Dec 31 06:40:56 UTC 2019 /home/travis/build/icyphy/ptII/ptolemy/actor/lib/test/auto/ArrayContains.xml
----------------- Instantiating /home/travis/build/icyphy/ptII/ptolemy/actor/lib/test/auto/ArrayContains.xml
3 ms. Memory: 278528K Free: 141891K (51%)
----------------- Invoking toplevel() on ptolemy.moml.MoMLSimpleApplication@522457ba
----------------- Done invoking toplevel() on ptolemy.moml.MoMLSimpleApplication@522457ba
reloadAllAccessors: .ArrayContains

===========================================================================================
----------------- testing Tue Dec 31 06:40:56 UTC 2019 /home/travis/build/icyphy/ptII/ptolemy/actor/lib/test/auto/ArrayElement.xml
----------------- Instantiating /home/travis/build/icyphy/ptII/ptolemy/actor/lib/test/auto/ArrayElement.xml
12 ms. Memory: 278528K Free: 136257K (49%)
----------------- Invoking toplevel() on ptolemy.moml.MoMLSimpleApplication@2b551fcf
----------------- Done invoking toplevel() on ptolemy.moml.MoMLSimpleApplication@2b551fcf
reloadAllAccessors: .ArrayElement

===========================================================================================
----------------- testing Tue Dec 31 06:40:56 UTC 2019 /home/travis/build/icyphy/ptII/ptolemy/actor/lib/test/auto/ArrayElementAsMatrix.xml
----------------- Instantiating /home/travis/build/icyphy/ptII/ptolemy/actor/lib/test/auto/ArrayElementAsMatrix.xml
26 ms. Memory: 278528K Free: 126531K (45%)
----------------- Invoking toplevel() on ptolemy.moml.MoMLSimpleApplication@1c67e144
----------------- Done invoking toplevel() on ptolemy.moml.MoMLSimpleApplication@1c67e144
reloadAllAccessors: .ArrayElementAsMatrix

===========================================================================================
----------------- testing Tue Dec 31 06:40:56 UTC 2019 /home/travis/build/icyphy/ptII/ptolemy/actor/lib/test/auto/ArrayElementI.xml
----------------- Instantiating /home/travis/build/icyphy/ptII/ptolemy/actor/lib/test/auto/ArrayElementI.xml
3 ms. Memory: 278528K Free: 120883K (43%)
----------------- Invoking toplevel() on ptolemy.moml.MoMLSimpleApplication@26a828a4
----------------- Done invoking toplevel() on ptolemy.moml.MoMLSimpleApplication@26a828a4
reloadAllAccessors: .ArrayElementI

===========================================================================================
----------------- testing Tue Dec 31 06:40:56 UTC 2019 /home/travis/build/icyphy/ptII/ptolemy/actor/lib/test/auto/ArrayExtract.xml
----------------- Instantiating /home/travis/build/icyphy/ptII/ptolemy/actor/lib/test/auto/ArrayExtract.xml
4 ms. Memory: 278528K Free: 112705K (40%)
----------------- Invoking toplevel() on ptolemy.moml.MoMLSimpleApplication@127668b4
----------------- Done invoking toplevel() on ptolemy.moml.MoMLSimpleApplication@127668b4
reloadAllAccessors: .ArrayExtract

===========================================================================================
----------------- testing Tue Dec 31 06:40:56 UTC 2019 /home/travis/build/icyphy/ptII/ptolemy/actor/lib/test/auto/ArrayExtract2.xml
----------------- Instantiating /home/travis/build/icyphy/ptII/ptolemy/actor/lib/test/auto/ArrayExtract2.xml
2 ms. Memory: 278528K Free: 107075K (38%)
----------------- Invoking toplevel() on ptolemy.moml.MoMLSimpleApplication@496673b1
----------------- Done invoking toplevel() on ptolemy.moml.MoMLSimpleApplication@496673b1
reloadAllAccessors: .ArrayExtract2

===========================================================================================
----------------- testing Tue Dec 31 06:40:56 UTC 2019 /home/travis/build/icyphy/ptII/ptolemy/actor/lib/test/auto/ArrayLength.xml
----------------- Instantiating /home/travis/build/icyphy/ptII/ptolemy/actor/lib/test/auto/ArrayLength.xml
2 ms. Memory: 278528K Free: 103489K (37%)
----------------- Invoking toplevel() on ptolemy.moml.MoMLSimpleApplication@d9933da
----------------- Done invoking toplevel() on ptolemy.moml.MoMLSimpleApplication@d9933da
reloadAllAccessors: .ArrayLength

===========================================================================================
----------------- testing Tue Dec 31 06:40:56 UTC 2019 /home/travis/build/icyphy/ptII/ptolemy/actor/lib/test/auto/ArrayLevelCrossing.xml
----------------- Instantiating /home/travis/build/icyphy/ptII/ptolemy/actor/lib/test/auto/ArrayLevelCrossing.xml
3 ms. Memory: 278528K Free: 94787K (34%)
----------------- Invoking toplevel() on ptolemy.moml.MoMLSimpleApplication@7a646fd5
----------------- Done invoking toplevel() on ptolemy.moml.MoMLSimpleApplication@7a646fd5
reloadAllAccessors: .ArrayLevelCrossing

===========================================================================================
----------------- testing Tue Dec 31 06:40:56 UTC 2019 /home/travis/build/icyphy/ptII/ptolemy/actor/lib/test/auto/ArrayLevelCrossing2.xml
----------------- Instantiating /home/travis/build/icyphy/ptII/ptolemy/actor/lib/test/auto/ArrayLevelCrossing2.xml
6 ms. Memory: 278528K Free: 87619K (31%)
----------------- Invoking toplevel() on ptolemy.moml.MoMLSimpleApplication@627a157e
----------------- Done invoking toplevel() on ptolemy.moml.MoMLSimpleApplication@627a157e
reloadAllAccessors: .ArrayLevelCrossing2

===========================================================================================
----------------- testing Tue Dec 31 06:40:56 UTC 2019 /home/travis/build/icyphy/ptII/ptolemy/actor/lib/test/auto/ArrayPeakSearch.xml
----------------- Instantiating /home/travis/build/icyphy/ptII/ptolemy/actor/lib/test/auto/ArrayPeakSearch.xml
3 ms. Memory: 278528K Free: 78403K (28%)
----------------- Invoking toplevel() on ptolemy.moml.MoMLSimpleApplication@563929db
----------------- Done invoking toplevel() on ptolemy.moml.MoMLSimpleApplication@563929db
reloadAllAccessors: .ArrayPeakSearch

===========================================================================================
----------------- testing Tue Dec 31 06:40:56 UTC 2019 /home/travis/build/icyphy/ptII/ptolemy/actor/lib/test/auto/ArrayPeakSearch2.xml
----------------- Instantiating /home/travis/build/icyphy/ptII/ptolemy/actor/lib/test/auto/ArrayPeakSearch2.xml
5 ms. Memory: 278528K Free: 217155K (78%)
----------------- Invoking toplevel() on ptolemy.moml.MoMLSimpleApplication@104c9eb5
----------------- Done invoking toplevel() on ptolemy.moml.MoMLSimpleApplication@104c9eb5
reloadAllAccessors: .ArrayPeakSearch2

===========================================================================================
----------------- testing Tue Dec 31 06:40:56 UTC 2019 /home/travis/build/icyphy/ptII/ptolemy/actor/lib/test/auto/ArrayPeakSearch3.xml
----------------- Instantiating /home/travis/build/icyphy/ptII/ptolemy/actor/lib/test/auto/ArrayPeakSearch3.xml
7 ms. Memory: 278528K Free: 207939K (75%)
----------------- Invoking toplevel() on ptolemy.moml.MoMLSimpleApplication@7131ab2c
----------------- Done invoking toplevel() on ptolemy.moml.MoMLSimpleApplication@7131ab2c
reloadAllAccessors: .ArrayPeakSearch3

===========================================================================================
----------------- testing Tue Dec 31 06:40:56 UTC 2019 /home/travis/build/icyphy/ptII/ptolemy/actor/lib/test/auto/ArrayRemoveElement.xml
----------------- Instantiating /home/travis/build/icyphy/ptII/ptolemy/actor/lib/test/auto/ArrayRemoveElement.xml
3 ms. Memory: 278528K Free: 200257K (72%)
----------------- Invoking toplevel() on ptolemy.moml.MoMLSimpleApplication@32a09874
----------------- Done invoking toplevel() on ptolemy.moml.MoMLSimpleApplication@32a09874
reloadAllAccessors: .ArrayRemoveElement

===========================================================================================
----------------- testing Tue Dec 31 06:40:56 UTC 2019 /home/travis/build/icyphy/ptII/ptolemy/actor/lib/test/auto/ArraySort.xml
----------------- Instantiating /home/travis/build/icyphy/ptII/ptolemy/actor/lib/test/auto/ArraySort.xml
6 ms. Memory: 278528K Free: 191041K (69%)
----------------- Invoking toplevel() on ptolemy.moml.MoMLSimpleApplication@600a79c0
----------------- Done invoking toplevel() on ptolemy.moml.MoMLSimpleApplication@600a79c0
reloadAllAccessors: .ArraySort

===========================================================================================
----------------- testing Tue Dec 31 06:40:56 UTC 2019 /home/travis/build/icyphy/ptII/ptolemy/actor/lib/test/auto/ArraySum.xml
----------------- Instantiating /home/travis/build/icyphy/ptII/ptolemy/actor/lib/test/auto/ArraySum.xml
5 ms. Memory: 278528K Free: 185921K (67%)
----------------- Invoking toplevel() on ptolemy.moml.MoMLSimpleApplication@5bd567c
----------------- Done invoking toplevel() on ptolemy.moml.MoMLSimpleApplication@5bd567c
reloadAllAccessors: .ArraySum

===========================================================================================
----------------- testing Tue Dec 31 06:40:56 UTC 2019 /home/travis/build/icyphy/ptII/ptolemy/actor/lib/test/auto/ArrayToElements.xml
----------------- Instantiating /home/travis/build/icyphy/ptII/ptolemy/actor/lib/test/auto/ArrayToElements.xml
5 ms. Memory: 278528K Free: 180291K (65%)
----------------- Invoking toplevel() on ptolemy.moml.MoMLSimpleApplication@18b87442
----------------- Done invoking toplevel() on ptolemy.moml.MoMLSimpleApplication@18b87442
reloadAllAccessors: .ArrayToElements

===========================================================================================
----------------- testing Tue Dec 31 06:40:56 UTC 2019 /home/travis/build/icyphy/ptII/ptolemy/actor/lib/test/auto/ArrayToMatrix.xml
----------------- Instantiating /home/travis/build/icyphy/ptII/ptolemy/actor/lib/test/auto/ArrayToMatrix.xml
29 ms. Memory: 278528K Free: 165955K (60%)
----------------- Invoking toplevel() on ptolemy.moml.MoMLSimpleApplication@76a44ca5
----------------- Done invoking toplevel() on ptolemy.moml.MoMLSimpleApplication@76a44ca5
reloadAllAccessors: .ArrayToMatrix

===========================================================================================
----------------- testing Tue Dec 31 06:40:56 UTC 2019 /home/travis/build/icyphy/ptII/ptolemy/actor/lib/test/auto/ArrayUpdate1.xml
----------------- Instantiating /home/travis/build/icyphy/ptII/ptolemy/actor/lib/test/auto/ArrayUpdate1.xml
4 ms. Memory: 278528K Free: 160835K (58%)
----------------- Invoking toplevel() on ptolemy.moml.MoMLSimpleApplication@4cfb03ca
----------------- Done invoking toplevel() on ptolemy.moml.MoMLSimpleApplication@4cfb03ca
reloadAllAccessors: .ArrayUpdate1

===========================================================================================
----------------- testing Tue Dec 31 06:40:56 UTC 2019 /home/travis/build/icyphy/ptII/ptolemy/actor/lib/test/auto/ArrayUpdate2.xml
----------------- Instantiating /home/travis/build/icyphy/ptII/ptolemy/actor/lib/test/auto/ArrayUpdate2.xml
8 ms. Memory: 278528K Free: 154691K (56%)
----------------- Invoking toplevel() on ptolemy.moml.MoMLSimpleApplication@451a9628
----------------- Done invoking toplevel() on ptolemy.moml.MoMLSimpleApplication@451a9628
reloadAllAccessors: .ArrayUpdate2

===========================================================================================
----------------- testing Tue Dec 31 06:40:56 UTC 2019 /home/travis/build/icyphy/ptII/ptolemy/actor/lib/test/auto/ArrayUpdate3.xml
----------------- Instantiating /home/travis/build/icyphy/ptII/ptolemy/actor/lib/test/auto/ArrayUpdate3.xml
3 ms. Memory: 278528K Free: 149571K (54%)
----------------- Invoking toplevel() on ptolemy.moml.MoMLSimpleApplication@3a15f801
----------------- Done invoking toplevel() on ptolemy.moml.MoMLSimpleApplication@3a15f801
reloadAllAccessors: .ArrayUpdate3

===========================================================================================
----------------- testing Tue Dec 31 06:40:56 UTC 2019 /home/travis/build/icyphy/ptII/ptolemy/actor/lib/test/auto/Assert1.xml
----------------- Instantiating /home/travis/build/icyphy/ptII/ptolemy/actor/lib/test/auto/Assert1.xml
5 ms. Memory: 278528K Free: 145475K (52%)
----------------- Invoking toplevel() on ptolemy.moml.MoMLSimpleApplication@247ad1c4
----------------- Done invoking toplevel() on ptolemy.moml.MoMLSimpleApplication@247ad1c4
reloadAllAccessors: .Assert1

===========================================================================================
----------------- testing Tue Dec 31 06:40:56 UTC 2019 /home/travis/build/icyphy/ptII/ptolemy/actor/lib/test/auto/Assert2.xml
----------------- Instantiating /home/travis/build/icyphy/ptII/ptolemy/actor/lib/test/auto/Assert2.xml
2 ms. Memory: 278528K Free: 139841K (50%)
----------------- Invoking toplevel() on ptolemy.moml.MoMLSimpleApplication@19d2c0df
----------------- Done invoking toplevel() on ptolemy.moml.MoMLSimpleApplication@19d2c0df
reloadAllAccessors: .Assert2

===========================================================================================
----------------- testing Tue Dec 31 06:40:56 UTC 2019 /home/travis/build/icyphy/ptII/ptolemy/actor/lib/test/auto/BooleanMultiplexor.xml
----------------- Instantiating /home/travis/build/icyphy/ptII/ptolemy/actor/lib/test/auto/BooleanMultiplexor.xml
2 ms. Memory: 278528K Free: 134691K (48%)
----------------- Invoking toplevel() on ptolemy.moml.MoMLSimpleApplication@54133320
----------------- Done invoking toplevel() on ptolemy.moml.MoMLSimpleApplication@54133320
reloadAllAccessors: .BooleanMultiplexor

===========================================================================================
----------------- testing Tue Dec 31 06:40:56 UTC 2019 /home/travis/build/icyphy/ptII/ptolemy/actor/lib/test/auto/BooleanMultiplexor2.xml
----------------- Instantiating /home/travis/build/icyphy/ptII/ptolemy/actor/lib/test/auto/BooleanMultiplexor2.xml
11 ms. Memory: 278528K Free: 128067K (46%)
----------------- Invoking toplevel() on ptolemy.moml.MoMLSimpleApplication@60a08725
----------------- Done invoking toplevel() on ptolemy.moml.MoMLSimpleApplication@60a08725
reloadAllAccessors: .BooleanMultiplexor2

===========================================================================================
----------------- testing Tue Dec 31 06:40:57 UTC 2019 /home/travis/build/icyphy/ptII/ptolemy/actor/lib/test/auto/BooleanMultiplexor3.xml
----------------- Instantiating /home/travis/build/icyphy/ptII/ptolemy/actor/lib/test/auto/BooleanMultiplexor3.xml
3 ms. Memory: 278528K Free: 124481K (45%)
----------------- Invoking toplevel() on ptolemy.moml.MoMLSimpleApplication@2daea525
----------------- Done invoking toplevel() on ptolemy.moml.MoMLSimpleApplication@2daea525
reloadAllAccessors: .BooleanMultiplexor3

===========================================================================================
----------------- testing Tue Dec 31 06:40:57 UTC 2019 /home/travis/build/icyphy/ptII/ptolemy/actor/lib/test/auto/BooleanSelect.xml
----------------- Instantiating /home/travis/build/icyphy/ptII/ptolemy/actor/lib/test/auto/BooleanSelect.xml
8 ms. Memory: 278528K Free: 118307K (42%)
----------------- Invoking toplevel() on ptolemy.moml.MoMLSimpleApplication@69e26d2f
----------------- Done invoking toplevel() on ptolemy.moml.MoMLSimpleApplication@69e26d2f
reloadAllAccessors: .BooleanSelect

===========================================================================================
----------------- testing Tue Dec 31 06:40:57 UTC 2019 /home/travis/build/icyphy/ptII/ptolemy/actor/lib/test/auto/BooleanSelect2.xml
----------------- Instantiating /home/travis/build/icyphy/ptII/ptolemy/actor/lib/test/auto/BooleanSelect2.xml
2 ms. Memory: 278528K Free: 114241K (41%)
----------------- Invoking toplevel() on ptolemy.moml.MoMLSimpleApplication@35a6b7c9
----------------- Done invoking toplevel() on ptolemy.moml.MoMLSimpleApplication@35a6b7c9
reloadAllAccessors: .BooleanSelect2

===========================================================================================
----------------- testing Tue Dec 31 06:40:57 UTC 2019 /home/travis/build/icyphy/ptII/ptolemy/actor/lib/test/auto/BooleanSwitch.xml
----------------- Instantiating /home/travis/build/icyphy/ptII/ptolemy/actor/lib/test/auto/BooleanSwitch.xml
7 ms. Memory: 278528K Free: 107587K (39%)
----------------- Invoking toplevel() on ptolemy.moml.MoMLSimpleApplication@7a78d038
----------------- Done invoking toplevel() on ptolemy.moml.MoMLSimpleApplication@7a78d038
reloadAllAccessors: .BooleanSwitch

===========================================================================================
----------------- testing Tue Dec 31 06:40:57 UTC 2019 /home/travis/build/icyphy/ptII/ptolemy/actor/lib/test/auto/BooleanSwitch2.xml
----------------- Instantiating /home/travis/build/icyphy/ptII/ptolemy/actor/lib/test/auto/BooleanSwitch2.xml
2 ms. Memory: 278528K Free: 103491K (37%)
----------------- Invoking toplevel() on ptolemy.moml.MoMLSimpleApplication@585b531f
----------------- Done invoking toplevel() on ptolemy.moml.MoMLSimpleApplication@585b531f
reloadAllAccessors: .BooleanSwitch2

===========================================================================================
----------------- testing Tue Dec 31 06:40:57 UTC 2019 /home/travis/build/icyphy/ptII/ptolemy/actor/lib/test/auto/BooleanSwitchCloningBugWithClassRelationGroup.xml
----------------- Instantiating /home/travis/build/icyphy/ptII/ptolemy/actor/lib/test/auto/BooleanSwitchCloningBugWithClassRelationGroup.xml
2 ms. Memory: 278528K Free: 96833K (35%)
----------------- Invoking toplevel() on ptolemy.moml.MoMLSimpleApplication@2f6a73da
----------------- Done invoking toplevel() on ptolemy.moml.MoMLSimpleApplication@2f6a73da
reloadAllAccessors: .BooleanSwitchCloningBugWithClassRelationGroup

===========================================================================================
----------------- testing Tue Dec 31 06:40:57 UTC 2019 /home/travis/build/icyphy/ptII/ptolemy/actor/lib/test/auto/BusActors.xml
----------------- Instantiating /home/travis/build/icyphy/ptII/ptolemy/actor/lib/test/auto/BusActors.xml
7 ms. Memory: 278528K Free: 89155K (32%)
----------------- Invoking toplevel() on ptolemy.moml.MoMLSimpleApplication@1d7e20be
----------------- Done invoking toplevel() on ptolemy.moml.MoMLSimpleApplication@1d7e20be
reloadAllAccessors: .BusActors

===========================================================================================
----------------- testing Tue Dec 31 06:40:57 UTC 2019 /home/travis/build/icyphy/ptII/ptolemy/actor/lib/test/auto/ClassWrapper.xml
----------------- Instantiating /home/travis/build/icyphy/ptII/ptolemy/actor/lib/test/auto/ClassWrapper.xml
3 ms. Memory: 278528K Free: 84545K (30%)
----------------- Invoking toplevel() on ptolemy.moml.MoMLSimpleApplication@559469ef
----------------- Done invoking toplevel() on ptolemy.moml.MoMLSimpleApplication@559469ef
reloadAllAccessors: .ClassWrapper

===========================================================================================
----------------- testing Tue Dec 31 06:40:57 UTC 2019 /home/travis/build/icyphy/ptII/ptolemy/actor/lib/test/auto/Clock.xml
----------------- Instantiating /home/travis/build/icyphy/ptII/ptolemy/actor/lib/test/auto/Clock.xml
3 ms. Memory: 278528K Free: 80963K (29%)
----------------- Invoking toplevel() on ptolemy.moml.MoMLSimpleApplication@431d1020
----------------- Done invoking toplevel() on ptolemy.moml.MoMLSimpleApplication@431d1020
reloadAllAccessors: .Clock

===========================================================================================
----------------- testing Tue Dec 31 06:40:57 UTC 2019 /home/travis/build/icyphy/ptII/ptolemy/actor/lib/test/auto/Clock10.xml
----------------- Instantiating /home/travis/build/icyphy/ptII/ptolemy/actor/lib/test/auto/Clock10.xml
3 ms. Memory: 278528K Free: 74819K (27%)
----------------- Invoking toplevel() on ptolemy.moml.MoMLSimpleApplication@21c1598e
----------------- Done invoking toplevel() on ptolemy.moml.MoMLSimpleApplication@21c1598e
reloadAllAccessors: .Clock10

===========================================================================================
----------------- testing Tue Dec 31 06:40:57 UTC 2019 /home/travis/build/icyphy/ptII/ptolemy/actor/lib/test/auto/Clock11.xml
----------------- Instantiating /home/travis/build/icyphy/ptII/ptolemy/actor/lib/test/auto/Clock11.xml
7 ms. Memory: 278528K Free: 69185K (25%)
----------------- Invoking toplevel() on ptolemy.moml.MoMLSimpleApplication@4c6e07b7
----------------- Done invoking toplevel() on ptolemy.moml.MoMLSimpleApplication@4c6e07b7
reloadAllAccessors: .Clock11

===========================================================================================
----------------- testing Tue Dec 31 06:40:57 UTC 2019 /home/travis/build/icyphy/ptII/ptolemy/actor/lib/test/auto/Clock12.xml
----------------- Instantiating /home/travis/build/icyphy/ptII/ptolemy/actor/lib/test/auto/Clock12.xml
16 ms. Memory: 278528K Free: 226526K (81%)
----------------- Invoking toplevel() on ptolemy.moml.MoMLSimpleApplication@3c68d6a3
----------------- Done invoking toplevel() on ptolemy.moml.MoMLSimpleApplication@3c68d6a3
reloadAllAccessors: .Clock12

===========================================================================================
----------------- testing Tue Dec 31 06:40:57 UTC 2019 /home/travis/build/icyphy/ptII/ptolemy/actor/lib/test/auto/Clock13.xml
----------------- Instantiating /home/travis/build/icyphy/ptII/ptolemy/actor/lib/test/auto/Clock13.xml
9 ms. Memory: 278528K Free: 219879K (79%)
----------------- Invoking toplevel() on ptolemy.moml.MoMLSimpleApplication@12c7d848
----------------- Done invoking toplevel() on ptolemy.moml.MoMLSimpleApplication@12c7d848
reloadAllAccessors: .Clock13

===========================================================================================
----------------- testing Tue Dec 31 06:40:57 UTC 2019 /home/travis/build/icyphy/ptII/ptolemy/actor/lib/test/auto/Clock14.xml
----------------- Instantiating /home/travis/build/icyphy/ptII/ptolemy/actor/lib/test/auto/Clock14.xml
5 ms. Memory: 278528K Free: 214215K (77%)
----------------- Invoking toplevel() on ptolemy.moml.MoMLSimpleApplication@4afeffc4
----------------- Done invoking toplevel() on ptolemy.moml.MoMLSimpleApplication@4afeffc4
reloadAllAccessors: .Clock14

===========================================================================================
----------------- testing Tue Dec 31 06:40:57 UTC 2019 /home/travis/build/icyphy/ptII/ptolemy/actor/lib/test/auto/Clock15.xml
----------------- Instantiating /home/travis/build/icyphy/ptII/ptolemy/actor/lib/test/auto/Clock15.xml
4 ms. Memory: 278528K Free: 208095K (75%)
----------------- Invoking toplevel() on ptolemy.moml.MoMLSimpleApplication@2f0a088e
----------------- Done invoking toplevel() on ptolemy.moml.MoMLSimpleApplication@2f0a088e
reloadAllAccessors: .Clock15

===========================================================================================
----------------- testing Tue Dec 31 06:40:57 UTC 2019 /home/travis/build/icyphy/ptII/ptolemy/actor/lib/test/auto/Clock16.xml
----------------- Instantiating /home/travis/build/icyphy/ptII/ptolemy/actor/lib/test/auto/Clock16.xml
32 ms. Memory: 278528K Free: 193759K (70%)
----------------- Invoking toplevel() on ptolemy.moml.MoMLSimpleApplication@399d44a
----------------- Done invoking toplevel() on ptolemy.moml.MoMLSimpleApplication@399d44a
reloadAllAccessors: .Clock16

===========================================================================================
----------------- testing Tue Dec 31 06:40:57 UTC 2019 /home/travis/build/icyphy/ptII/ptolemy/actor/lib/test/auto/Clock17.xml
----------------- Instantiating /home/travis/build/icyphy/ptII/ptolemy/actor/lib/test/auto/Clock17.xml
23 ms. Memory: 278528K Free: 179415K (64%)
----------------- Invoking toplevel() on ptolemy.moml.MoMLSimpleApplication@37992c2
----------------- Done invoking toplevel() on ptolemy.moml.MoMLSimpleApplication@37992c2
reloadAllAccessors: .Clock17

===========================================================================================
----------------- testing Tue Dec 31 06:40:57 UTC 2019 /home/travis/build/icyphy/ptII/ptolemy/actor/lib/test/auto/Clock18.xml
----------------- Instantiating /home/travis/build/icyphy/ptII/ptolemy/actor/lib/test/auto/Clock18.xml
24 ms. Memory: 278528K Free: 166631K (60%)
----------------- Invoking toplevel() on ptolemy.moml.MoMLSimpleApplication@5aa3365a
----------------- Done invoking toplevel() on ptolemy.moml.MoMLSimpleApplication@5aa3365a
reloadAllAccessors: .Clock18

===========================================================================================
----------------- testing Tue Dec 31 06:40:57 UTC 2019 /home/travis/build/icyphy/ptII/ptolemy/actor/lib/test/auto/Clock19.xml
----------------- Instantiating /home/travis/build/icyphy/ptII/ptolemy/actor/lib/test/auto/Clock19.xml
15 ms. Memory: 278528K Free: 153319K (55%)
----------------- Invoking toplevel() on ptolemy.moml.MoMLSimpleApplication@76953ca9
----------------- Done invoking toplevel() on ptolemy.moml.MoMLSimpleApplication@76953ca9
reloadAllAccessors: .Clock19

===========================================================================================
----------------- testing Tue Dec 31 06:40:57 UTC 2019 /home/travis/build/icyphy/ptII/ptolemy/actor/lib/test/auto/Clock2.xml
----------------- Instantiating /home/travis/build/icyphy/ptII/ptolemy/actor/lib/test/auto/Clock2.xml
7 ms. Memory: 278528K Free: 148199K (53%)
----------------- Invoking toplevel() on ptolemy.moml.MoMLSimpleApplication@66cf255a
----------------- Done invoking toplevel() on ptolemy.moml.MoMLSimpleApplication@66cf255a
reloadAllAccessors: .Clock2

===========================================================================================
----------------- testing Tue Dec 31 06:40:57 UTC 2019 /home/travis/build/icyphy/ptII/ptolemy/actor/lib/test/auto/Clock20.xml
----------------- Instantiating /home/travis/build/icyphy/ptII/ptolemy/actor/lib/test/auto/Clock20.xml
8 ms. Memory: 278528K Free: 143079K (51%)
----------------- Invoking toplevel() on ptolemy.moml.MoMLSimpleApplication@27e12119
----------------- Done invoking toplevel() on ptolemy.moml.MoMLSimpleApplication@27e12119
reloadAllAccessors: .Clock20

===========================================================================================
----------------- testing Tue Dec 31 06:40:57 UTC 2019 /home/travis/build/icyphy/ptII/ptolemy/actor/lib/test/auto/Clock21.xml
----------------- Instantiating /home/travis/build/icyphy/ptII/ptolemy/actor/lib/test/auto/Clock21.xml
5 ms. Memory: 278528K Free: 136935K (49%)
----------------- Invoking toplevel() on ptolemy.moml.MoMLSimpleApplication@5a4e0a7
----------------- Done invoking toplevel() on ptolemy.moml.MoMLSimpleApplication@5a4e0a7
reloadAllAccessors: .Clock21

===========================================================================================
----------------- testing Tue Dec 31 06:40:57 UTC 2019 /home/travis/build/icyphy/ptII/ptolemy/actor/lib/test/auto/Clock22.xml
----------------- Instantiating /home/travis/build/icyphy/ptII/ptolemy/actor/lib/test/auto/Clock22.xml
5 ms. Memory: 278528K Free: 131815K (47%)
----------------- Invoking toplevel() on ptolemy.moml.MoMLSimpleApplication@16e9fee0
----------------- Done invoking toplevel() on ptolemy.moml.MoMLSimpleApplication@16e9fee0
reloadAllAccessors: .Clock22

===========================================================================================
----------------- testing Tue Dec 31 06:40:57 UTC 2019 /home/travis/build/icyphy/ptII/ptolemy/actor/lib/test/auto/Clock23.xml
----------------- Instantiating /home/travis/build/icyphy/ptII/ptolemy/actor/lib/test/auto/Clock23.xml
5 ms. Memory: 278528K Free: 126181K (45%)
----------------- Invoking toplevel() on ptolemy.moml.MoMLSimpleApplication@6767dd29
----------------- Done invoking toplevel() on ptolemy.moml.MoMLSimpleApplication@6767dd29
reloadAllAccessors: .Clock23

===========================================================================================
----------------- testing Tue Dec 31 06:40:57 UTC 2019 /home/travis/build/icyphy/ptII/ptolemy/actor/lib/test/auto/Clock24.xml
----------------- Instantiating /home/travis/build/icyphy/ptII/ptolemy/actor/lib/test/auto/Clock24.xml
3 ms. Memory: 278528K Free: 121061K (43%)
----------------- Invoking toplevel() on ptolemy.moml.MoMLSimpleApplication@49336f54
----------------- Done invoking toplevel() on ptolemy.moml.MoMLSimpleApplication@49336f54
reloadAllAccessors: .Clock24

===========================================================================================
----------------- testing Tue Dec 31 06:40:57 UTC 2019 /home/travis/build/icyphy/ptII/ptolemy/actor/lib/test/auto/Clock4.xml
----------------- Instantiating /home/travis/build/icyphy/ptII/ptolemy/actor/lib/test/auto/Clock4.xml
1 ms. Memory: 278528K Free: 115911K (42%)
----------------- Invoking toplevel() on ptolemy.moml.MoMLSimpleApplication@49b5bbb0
----------------- Done invoking toplevel() on ptolemy.moml.MoMLSimpleApplication@49b5bbb0
reloadAllAccessors: .Clock4

===========================================================================================
----------------- testing Tue Dec 31 06:40:57 UTC 2019 /home/travis/build/icyphy/ptII/ptolemy/actor/lib/test/auto/Clock5.xml
----------------- Instantiating /home/travis/build/icyphy/ptII/ptolemy/actor/lib/test/auto/Clock5.xml
2 ms. Memory: 278528K Free: 110311K (40%)
----------------- Invoking toplevel() on ptolemy.moml.MoMLSimpleApplication@403580c2
----------------- Done invoking toplevel() on ptolemy.moml.MoMLSimpleApplication@403580c2
reloadAllAccessors: .Clock5

===========================================================================================
----------------- testing Tue Dec 31 06:40:57 UTC 2019 /home/travis/build/icyphy/ptII/ptolemy/actor/lib/test/auto/Clock6.xml
----------------- Instantiating /home/travis/build/icyphy/ptII/ptolemy/actor/lib/test/auto/Clock6.xml
2 ms. Memory: 278528K Free: 106215K (38%)
----------------- Invoking toplevel() on ptolemy.moml.MoMLSimpleApplication@33e988aa
----------------- Done invoking toplevel() on ptolemy.moml.MoMLSimpleApplication@33e988aa
reloadAllAccessors: .Clock6

===========================================================================================
----------------- testing Tue Dec 31 06:40:57 UTC 2019 /home/travis/build/icyphy/ptII/ptolemy/actor/lib/test/auto/Clock7.xml
----------------- Instantiating /home/travis/build/icyphy/ptII/ptolemy/actor/lib/test/auto/Clock7.xml
2 ms. Memory: 278528K Free: 101605K (36%)
----------------- Invoking toplevel() on ptolemy.moml.MoMLSimpleApplication@1abfb450
----------------- Done invoking toplevel() on ptolemy.moml.MoMLSimpleApplication@1abfb450
reloadAllAccessors: .Clock7

===========================================================================================
----------------- testing Tue Dec 31 06:40:57 UTC 2019 /home/travis/build/icyphy/ptII/ptolemy/actor/lib/test/auto/Clock8.xml
----------------- Instantiating /home/travis/build/icyphy/ptII/ptolemy/actor/lib/test/auto/Clock8.xml
4 ms. Memory: 278528K Free: 96455K (35%)
----------------- Invoking toplevel() on ptolemy.moml.MoMLSimpleApplication@51314e55
----------------- Done invoking toplevel() on ptolemy.moml.MoMLSimpleApplication@51314e55
reloadAllAccessors: .Clock8

===========================================================================================
----------------- testing Tue Dec 31 06:40:57 UTC 2019 /home/travis/build/icyphy/ptII/ptolemy/actor/lib/test/auto/Clock9.xml
----------------- Instantiating /home/travis/build/icyphy/ptII/ptolemy/actor/lib/test/auto/Clock9.xml
4 ms. Memory: 278528K Free: 90855K (33%)
----------------- Invoking toplevel() on ptolemy.moml.MoMLSimpleApplication@13cf8852
----------------- Done invoking toplevel() on ptolemy.moml.MoMLSimpleApplication@13cf8852
reloadAllAccessors: .Clock9

===========================================================================================
----------------- testing Tue Dec 31 06:40:57 UTC 2019 /home/travis/build/icyphy/ptII/ptolemy/actor/lib/test/auto/CommDistDiscard.xml
----------------- Instantiating /home/travis/build/icyphy/ptII/ptolemy/actor/lib/test/auto/CommDistDiscard.xml
3 ms. Memory: 278528K Free: 85221K (31%)
----------------- Invoking toplevel() on ptolemy.moml.MoMLSimpleApplication@3751b7d9
----------------- Done invoking toplevel() on ptolemy.moml.MoMLSimpleApplication@3751b7d9
reloadAllAccessors: .CommDistDiscard

===========================================================================================
----------------- testing Tue Dec 31 06:40:57 UTC 2019 /home/travis/build/icyphy/ptII/ptolemy/actor/lib/test/auto/Commutator.xml
----------------- Instantiating /home/travis/build/icyphy/ptII/ptolemy/actor/lib/test/auto/Commutator.xml
3 ms. Memory: 278528K Free: 81125K (29%)
----------------- Invoking toplevel() on ptolemy.moml.MoMLSimpleApplication@31b676cc
----------------- Done invoking toplevel() on ptolemy.moml.MoMLSimpleApplication@31b676cc
reloadAllAccessors: .Commutator

===========================================================================================
----------------- testing Tue Dec 31 06:40:57 UTC 2019 /home/travis/build/icyphy/ptII/ptolemy/actor/lib/test/auto/Commutator2.xml
----------------- Instantiating /home/travis/build/icyphy/ptII/ptolemy/actor/lib/test/auto/Commutator2.xml
2 ms. Memory: 278528K Free: 76519K (27%)
----------------- Invoking toplevel() on ptolemy.moml.MoMLSimpleApplication@478cda31
----------------- Done invoking toplevel() on ptolemy.moml.MoMLSimpleApplication@478cda31
reloadAllAccessors: .Commutator2

===========================================================================================
----------------- testing Tue Dec 31 06:40:57 UTC 2019 /home/travis/build/icyphy/ptII/ptolemy/actor/lib/test/auto/Commutator3.xml
----------------- Instantiating /home/travis/build/icyphy/ptII/ptolemy/actor/lib/test/auto/Commutator3.xml
1 ms. Memory: 278528K Free: 72423K (26%)
----------------- Invoking toplevel() on ptolemy.moml.MoMLSimpleApplication@2be89cd7
----------------- Done invoking toplevel() on ptolemy.moml.MoMLSimpleApplication@2be89cd7
reloadAllAccessors: .Commutator3

===========================================================================================
----------------- testing Tue Dec 31 06:40:57 UTC 2019 /home/travis/build/icyphy/ptII/ptolemy/actor/lib/test/auto/Compare.xml
----------------- Instantiating /home/travis/build/icyphy/ptII/ptolemy/actor/lib/test/auto/Compare.xml
3 ms. Memory: 278528K Free: 65765K (24%)
----------------- Invoking toplevel() on ptolemy.moml.MoMLSimpleApplication@6d106a7d
----------------- Done invoking toplevel() on ptolemy.moml.MoMLSimpleApplication@6d106a7d
reloadAllAccessors: .Compare

===========================================================================================
----------------- testing Tue Dec 31 06:40:58 UTC 2019 /home/travis/build/icyphy/ptII/ptolemy/actor/lib/test/auto/CompareDE.xml
----------------- Instantiating /home/travis/build/icyphy/ptII/ptolemy/actor/lib/test/auto/CompareDE.xml
4 ms. Memory: 446464K Free: 389067K (87%)
----------------- Invoking toplevel() on ptolemy.moml.MoMLSimpleApplication@5da0c096
----------------- Done invoking toplevel() on ptolemy.moml.MoMLSimpleApplication@5da0c096
reloadAllAccessors: .CompareDE

===========================================================================================
----------------- testing Tue Dec 31 06:40:58 UTC 2019 /home/travis/build/icyphy/ptII/ptolemy/actor/lib/test/auto/ComplexDivide.xml
----------------- Instantiating /home/travis/build/icyphy/ptII/ptolemy/actor/lib/test/auto/ComplexDivide.xml
2 ms. Memory: 446464K Free: 384985K (86%)
----------------- Invoking toplevel() on ptolemy.moml.MoMLSimpleApplication@7a606f00
----------------- Done invoking toplevel() on ptolemy.moml.MoMLSimpleApplication@7a606f00
reloadAllAccessors: .ComplexDivide

===========================================================================================
----------------- testing Tue Dec 31 06:40:58 UTC 2019 /home/travis/build/icyphy/ptII/ptolemy/actor/lib/test/auto/ComputeHistogram.xml
----------------- Instantiating /home/travis/build/icyphy/ptII/ptolemy/actor/lib/test/auto/ComputeHistogram.xml
22 ms. Memory: 446464K Free: 372187K (83%)
----------------- Invoking toplevel() on ptolemy.moml.MoMLSimpleApplication@5999016f
----------------- Done invoking toplevel() on ptolemy.moml.MoMLSimpleApplication@5999016f
reloadAllAccessors: .ComputeHistogram

===========================================================================================
----------------- testing Tue Dec 31 06:40:58 UTC 2019 /home/travis/build/icyphy/ptII/ptolemy/actor/lib/test/auto/ConfigurationSelect.xml
----------------- Instantiating /home/travis/build/icyphy/ptII/ptolemy/actor/lib/test/auto/ConfigurationSelect.xml
3 ms. Memory: 446464K Free: 367067K (82%)
----------------- Invoking toplevel() on ptolemy.moml.MoMLSimpleApplication@246b2162
----------------- Done invoking toplevel() on ptolemy.moml.MoMLSimpleApplication@246b2162
reloadAllAccessors: .ConfigurationSelect

===========================================================================================
----------------- testing Tue Dec 31 06:40:58 UTC 2019 /home/travis/build/icyphy/ptII/ptolemy/actor/lib/test/auto/ConfigurationSelect2.xml
----------------- Instantiating /home/travis/build/icyphy/ptII/ptolemy/actor/lib/test/auto/ConfigurationSelect2.xml
1 ms. Memory: 446464K Free: 362457K (81%)
----------------- Invoking toplevel() on ptolemy.moml.MoMLSimpleApplication@6ddcb2f6
----------------- Done invoking toplevel() on ptolemy.moml.MoMLSimpleApplication@6ddcb2f6
reloadAllAccessors: .ConfigurationSelect2

===========================================================================================
----------------- testing Tue Dec 31 06:40:58 UTC 2019 /home/travis/build/icyphy/ptII/ptolemy/actor/lib/test/auto/ConfigurationSwitch.xml
----------------- Instantiating /home/travis/build/icyphy/ptII/ptolemy/actor/lib/test/auto/ConfigurationSwitch.xml
3 ms. Memory: 446464K Free: 356827K (80%)
----------------- Invoking toplevel() on ptolemy.moml.MoMLSimpleApplication@731d4b0b
----------------- Done invoking toplevel() on ptolemy.moml.MoMLSimpleApplication@731d4b0b
reloadAllAccessors: .ConfigurationSwitch

===========================================================================================
----------------- testing Tue Dec 31 06:40:58 UTC 2019 /home/travis/build/icyphy/ptII/ptolemy/actor/lib/test/auto/ConfigurationSwitch2.xml
----------------- Instantiating /home/travis/build/icyphy/ptII/ptolemy/actor/lib/test/auto/ConfigurationSwitch2.xml
2 ms. Memory: 446464K Free: 351707K (79%)
----------------- Invoking toplevel() on ptolemy.moml.MoMLSimpleApplication@5cdd3b9d
----------------- Done invoking toplevel() on ptolemy.moml.MoMLSimpleApplication@5cdd3b9d
reloadAllAccessors: .ConfigurationSwitch2

===========================================================================================
----------------- testing Tue Dec 31 06:40:58 UTC 2019 /home/travis/build/icyphy/ptII/ptolemy/actor/lib/test/auto/ConfigurationSwitchCloningBugWithClassRelationGroup.xml
----------------- Instantiating /home/travis/build/icyphy/ptII/ptolemy/actor/lib/test/auto/ConfigurationSwitchCloningBugWithClassRelationGroup.xml
1 ms. Memory: 446464K Free: 345049K (77%)
----------------- Invoking toplevel() on ptolemy.moml.MoMLSimpleApplication@44ed359
----------------- Done invoking toplevel() on ptolemy.moml.MoMLSimpleApplication@44ed359
reloadAllAccessors: .ConfigurationSwitchCloningBugWithClassRelationGroup

===========================================================================================
----------------- testing Tue Dec 31 06:40:58 UTC 2019 /home/travis/build/icyphy/ptII/ptolemy/actor/lib/test/auto/ConfigurationSwitchSelectSDF.xml
----------------- Instantiating /home/travis/build/icyphy/ptII/ptolemy/actor/lib/test/auto/ConfigurationSwitchSelectSDF.xml
3 ms. Memory: 446464K Free: 338905K (76%)
----------------- Invoking toplevel() on ptolemy.moml.MoMLSimpleApplication@68675f09
----------------- Done invoking toplevel() on ptolemy.moml.MoMLSimpleApplication@68675f09
reloadAllAccessors: .ConfigurationSwitchSelectSDF

===========================================================================================
----------------- testing Tue Dec 31 06:40:58 UTC 2019 /home/travis/build/icyphy/ptII/ptolemy/actor/lib/test/auto/ConfigurationSwitchSelectSDF2.xml
----------------- Instantiating /home/travis/build/icyphy/ptII/ptolemy/actor/lib/test/auto/ConfigurationSwitchSelectSDF2.xml
3 ms. Memory: 446464K Free: 333275K (75%)
----------------- Invoking toplevel() on ptolemy.moml.MoMLSimpleApplication@7580beb3
----------------- Done invoking toplevel() on ptolemy.moml.MoMLSimpleApplication@7580beb3
reloadAllAccessors: .ConfigurationSwitchSelectSDF2

===========================================================================================
----------------- testing Tue Dec 31 06:40:58 UTC 2019 /home/travis/build/icyphy/ptII/ptolemy/actor/lib/test/auto/Const.xml
----------------- Instantiating /home/travis/build/icyphy/ptII/ptolemy/actor/lib/test/auto/Const.xml
1 ms. Memory: 446464K Free: 329689K (74%)
----------------- Invoking toplevel() on ptolemy.moml.MoMLSimpleApplication@6e54e3b8
----------------- Done invoking toplevel() on ptolemy.moml.MoMLSimpleApplication@6e54e3b8
reloadAllAccessors: .Const

===========================================================================================
----------------- testing Tue Dec 31 06:40:58 UTC 2019 /home/travis/build/icyphy/ptII/ptolemy/actor/lib/test/auto/Const2.xml
----------------- Instantiating /home/travis/build/icyphy/ptII/ptolemy/actor/lib/test/auto/Const2.xml
1 ms. Memory: 446464K Free: 326107K (73%)
----------------- Invoking toplevel() on ptolemy.moml.MoMLSimpleApplication@1cae2d98
----------------- Done invoking toplevel() on ptolemy.moml.MoMLSimpleApplication@1cae2d98
reloadAllAccessors: .Const2

===========================================================================================
----------------- testing Tue Dec 31 06:40:58 UTC 2019 /home/travis/build/icyphy/ptII/ptolemy/actor/lib/test/auto/Const3.xml
----------------- Instantiating /home/travis/build/icyphy/ptII/ptolemy/actor/lib/test/auto/Const3.xml
1 ms. Memory: 446464K Free: 323035K (72%)
----------------- Invoking toplevel() on ptolemy.moml.MoMLSimpleApplication@307707c0
----------------- Done invoking toplevel() on ptolemy.moml.MoMLSimpleApplication@307707c0
reloadAllAccessors: .Const3

===========================================================================================
----------------- testing Tue Dec 31 06:40:58 UTC 2019 /home/travis/build/icyphy/ptII/ptolemy/actor/lib/test/auto/ConstantPublisherPort1.xml
----------------- Instantiating /home/travis/build/icyphy/ptII/ptolemy/actor/lib/test/auto/ConstantPublisherPort1.xml
7 ms. Memory: 446464K Free: 314329K (70%)
----------------- Invoking toplevel() on ptolemy.moml.MoMLSimpleApplication@770775bc
----------------- Done invoking toplevel() on ptolemy.moml.MoMLSimpleApplication@770775bc
reloadAllAccessors: .ConstantPublisherPort1

===========================================================================================
----------------- testing Tue Dec 31 06:40:58 UTC 2019 /home/travis/build/icyphy/ptII/ptolemy/actor/lib/test/auto/ConstantPublisherPort2.xml
----------------- Instantiating /home/travis/build/icyphy/ptII/ptolemy/actor/lib/test/auto/ConstantPublisherPort2.xml
10 ms. Memory: 446464K Free: 307161K (69%)
----------------- Invoking toplevel() on ptolemy.moml.MoMLSimpleApplication@38610ac9
----------------- Done invoking toplevel() on ptolemy.moml.MoMLSimpleApplication@38610ac9
reloadAllAccessors: .ConstantPublisherPort2

===========================================================================================
----------------- testing Tue Dec 31 06:40:58 UTC 2019 /home/travis/build/icyphy/ptII/ptolemy/actor/lib/test/auto/ConstantPublisherPort3.xml
----------------- Instantiating /home/travis/build/icyphy/ptII/ptolemy/actor/lib/test/auto/ConstantPublisherPort3.xml
8 ms. Memory: 446464K Free: 298969K (67%)
----------------- Invoking toplevel() on ptolemy.moml.MoMLSimpleApplication@36fb9518
----------------- Done invoking toplevel() on ptolemy.moml.MoMLSimpleApplication@36fb9518
reloadAllAccessors: .ConstantPublisherPort3

===========================================================================================
----------------- testing Tue Dec 31 06:40:58 UTC 2019 /home/travis/build/icyphy/ptII/ptolemy/actor/lib/test/auto/ConstantPublisherPort4.xml
----------------- Instantiating /home/travis/build/icyphy/ptII/ptolemy/actor/lib/test/auto/ConstantPublisherPort4.xml
3 ms. Memory: 446464K Free: 291801K (65%)
----------------- Invoking toplevel() on ptolemy.moml.MoMLSimpleApplication@2c90c1fd
----------------- Done invoking toplevel() on ptolemy.moml.MoMLSimpleApplication@2c90c1fd
reloadAllAccessors: .ConstantPublisherPort4

===========================================================================================
----------------- testing Tue Dec 31 06:40:58 UTC 2019 /home/travis/build/icyphy/ptII/ptolemy/actor/lib/test/auto/ConstantPublisherPort5.xml
----------------- Instantiating /home/travis/build/icyphy/ptII/ptolemy/actor/lib/test/auto/ConstantPublisherPort5.xml
29 ms. Memory: 446464K Free: 282585K (63%)
----------------- Invoking toplevel() on ptolemy.moml.MoMLSimpleApplication@44306459
----------------- Done invoking toplevel() on ptolemy.moml.MoMLSimpleApplication@44306459
reloadAllAccessors: .ConstantPublisherPort5

===========================================================================================
----------------- testing Tue Dec 31 06:40:58 UTC 2019 /home/travis/build/icyphy/ptII/ptolemy/actor/lib/test/auto/ConstantPublisherPort6.xml
----------------- Instantiating /home/travis/build/icyphy/ptII/ptolemy/actor/lib/test/auto/ConstantPublisherPort6.xml
8 ms. Memory: 446464K Free: 273883K (61%)
----------------- Invoking toplevel() on ptolemy.moml.MoMLSimpleApplication@5333e8f2
----------------- Done invoking toplevel() on ptolemy.moml.MoMLSimpleApplication@5333e8f2
reloadAllAccessors: .ConstantPublisherPort6

===========================================================================================
----------------- testing Tue Dec 31 06:40:58 UTC 2019 /home/travis/build/icyphy/ptII/ptolemy/actor/lib/test/auto/ConstantPublisherPort7.xml
----------------- Instantiating /home/travis/build/icyphy/ptII/ptolemy/actor/lib/test/auto/ConstantPublisherPort7.xml
20 ms. Memory: 446464K Free: 264153K (59%)
----------------- Invoking toplevel() on ptolemy.moml.MoMLSimpleApplication@205abb69
----------------- Done invoking toplevel() on ptolemy.moml.MoMLSimpleApplication@205abb69
reloadAllAccessors: .ConstantPublisherPort7

===========================================================================================
----------------- testing Tue Dec 31 06:40:58 UTC 2019 /home/travis/build/icyphy/ptII/ptolemy/actor/lib/test/auto/ConstraintMonitor1.xml
----------------- Instantiating /home/travis/build/icyphy/ptII/ptolemy/actor/lib/test/auto/ConstraintMonitor1.xml
6 ms. Memory: 446464K Free: 259547K (58%)
----------------- Invoking toplevel() on ptolemy.moml.MoMLSimpleApplication@56a9db0c
----------------- Done invoking toplevel() on ptolemy.moml.MoMLSimpleApplication@56a9db0c
reloadAllAccessors: .ConstraintMonitor1

===========================================================================================
----------------- testing Tue Dec 31 06:40:58 UTC 2019 /home/travis/build/icyphy/ptII/ptolemy/actor/lib/test/auto/ConstraintMonitor2.xml
----------------- Instantiating /home/travis/build/icyphy/ptII/ptolemy/actor/lib/test/auto/ConstraintMonitor2.xml
7 ms. Memory: 446464K Free: 254427K (57%)
----------------- Invoking toplevel() on ptolemy.moml.MoMLSimpleApplication@64208d2f
----------------- Done invoking toplevel() on ptolemy.moml.MoMLSimpleApplication@64208d2f
reloadAllAccessors: .ConstraintMonitor2

===========================================================================================
----------------- testing Tue Dec 31 06:40:58 UTC 2019 /home/travis/build/icyphy/ptII/ptolemy/actor/lib/test/auto/ConstraintMonitor3.xml
----------------- Instantiating /home/travis/build/icyphy/ptII/ptolemy/actor/lib/test/auto/ConstraintMonitor3.xml
2 ms. Memory: 446464K Free: 249817K (56%)
----------------- Invoking toplevel() on ptolemy.moml.MoMLSimpleApplication@6b8b313d
----------------- Done invoking toplevel() on ptolemy.moml.MoMLSimpleApplication@6b8b313d
reloadAllAccessors: .ConstraintMonitor3

===========================================================================================
----------------- testing Tue Dec 31 06:40:58 UTC 2019 /home/travis/build/icyphy/ptII/ptolemy/actor/lib/test/auto/ConstraintMonitor4.xml
----------------- Instantiating /home/travis/build/icyphy/ptII/ptolemy/actor/lib/test/auto/ConstraintMonitor4.xml
2 ms. Memory: 446464K Free: 245211K (55%)
----------------- Invoking toplevel() on ptolemy.moml.MoMLSimpleApplication@313a0c8d
----------------- Done invoking toplevel() on ptolemy.moml.MoMLSimpleApplication@313a0c8d
reloadAllAccessors: .ConstraintMonitor4

===========================================================================================
----------------- testing Tue Dec 31 06:40:58 UTC 2019 /home/travis/build/icyphy/ptII/ptolemy/actor/lib/test/auto/ConstraintMonitor5.xml
----------------- Instantiating /home/travis/build/icyphy/ptII/ptolemy/actor/lib/test/auto/ConstraintMonitor5.xml
6 ms. Memory: 446464K Free: 240091K (54%)
----------------- Invoking toplevel() on ptolemy.moml.MoMLSimpleApplication@3e2f9562
----------------- Done invoking toplevel() on ptolemy.moml.MoMLSimpleApplication@3e2f9562
reloadAllAccessors: .ConstraintMonitor5

===========================================================================================
----------------- testing Tue Dec 31 06:40:58 UTC 2019 /home/travis/build/icyphy/ptII/ptolemy/actor/lib/test/auto/ConstraintMonitor6.xml
----------------- Instantiating /home/travis/build/icyphy/ptII/ptolemy/actor/lib/test/auto/ConstraintMonitor6.xml
6 ms. Memory: 446464K Free: 233427K (52%)
----------------- Invoking toplevel() on ptolemy.moml.MoMLSimpleApplication@1987a157
----------------- Done invoking toplevel() on ptolemy.moml.MoMLSimpleApplication@1987a157
reloadAllAccessors: .ConstraintMonitor6

===========================================================================================
----------------- testing Tue Dec 31 06:40:58 UTC 2019 /home/travis/build/icyphy/ptII/ptolemy/actor/lib/test/auto/ConstraintMonitor7.xml
----------------- Instantiating /home/travis/build/icyphy/ptII/ptolemy/actor/lib/test/auto/ConstraintMonitor7.xml
5 ms. Memory: 446464K Free: 227283K (51%)
----------------- Invoking toplevel() on ptolemy.moml.MoMLSimpleApplication@413fb14b
----------------- Done invoking toplevel() on ptolemy.moml.MoMLSimpleApplication@413fb14b
reloadAllAccessors: .ConstraintMonitor7

===========================================================================================
----------------- testing Tue Dec 31 06:40:58 UTC 2019 /home/travis/build/icyphy/ptII/ptolemy/actor/lib/test/auto/ConstraintMonitor8.xml
----------------- Instantiating /home/travis/build/icyphy/ptII/ptolemy/actor/lib/test/auto/ConstraintMonitor8.xml
6 ms. Memory: 446464K Free: 219611K (49%)
----------------- Invoking toplevel() on ptolemy.moml.MoMLSimpleApplication@7a115f5e
----------------- Done invoking toplevel() on ptolemy.moml.MoMLSimpleApplication@7a115f5e
reloadAllAccessors: .ConstraintMonitor8

===========================================================================================
----------------- testing Tue Dec 31 06:40:58 UTC 2019 /home/travis/build/icyphy/ptII/ptolemy/actor/lib/test/auto/Counter.xml
----------------- Instantiating /home/travis/build/icyphy/ptII/ptolemy/actor/lib/test/auto/Counter.xml
2 ms. Memory: 446464K Free: 214491K (48%)
----------------- Invoking toplevel() on ptolemy.moml.MoMLSimpleApplication@54003888
----------------- Done invoking toplevel() on ptolemy.moml.MoMLSimpleApplication@54003888
reloadAllAccessors: .Counter

===========================================================================================
----------------- testing Tue Dec 31 06:40:58 UTC 2019 /home/travis/build/icyphy/ptII/ptolemy/actor/lib/test/auto/CurrentTimeSDF.xml
----------------- Instantiating /home/travis/build/icyphy/ptII/ptolemy/actor/lib/test/auto/CurrentTimeSDF.xml
3 ms. Memory: 446464K Free: 210905K (47%)
----------------- Invoking toplevel() on ptolemy.moml.MoMLSimpleApplication@15a68971
----------------- Done invoking toplevel() on ptolemy.moml.MoMLSimpleApplication@15a68971
reloadAllAccessors: .CurrentTimeSDF

===========================================================================================
----------------- testing Tue Dec 31 06:40:58 UTC 2019 /home/travis/build/icyphy/ptII/ptolemy/actor/lib/test/auto/DB.xml
----------------- Instantiating /home/travis/build/icyphy/ptII/ptolemy/actor/lib/test/auto/DB.xml
2 ms. Memory: 446464K Free: 205275K (46%)
----------------- Invoking toplevel() on ptolemy.moml.MoMLSimpleApplication@7ab2cf7b
----------------- Done invoking toplevel() on ptolemy.moml.MoMLSimpleApplication@7ab2cf7b
reloadAllAccessors: .DB

===========================================================================================
----------------- testing Tue Dec 31 06:40:58 UTC 2019 /home/travis/build/icyphy/ptII/ptolemy/actor/lib/test/auto/DBDE.xml
----------------- Instantiating /home/travis/build/icyphy/ptII/ptolemy/actor/lib/test/auto/DBDE.xml
2 ms. Memory: 446464K Free: 199131K (45%)
----------------- Invoking toplevel() on ptolemy.moml.MoMLSimpleApplication@4fe33b51
----------------- Done invoking toplevel() on ptolemy.moml.MoMLSimpleApplication@4fe33b51
reloadAllAccessors: .DBDE

===========================================================================================
----------------- testing Tue Dec 31 06:40:58 UTC 2019 /home/travis/build/icyphy/ptII/ptolemy/actor/lib/test/auto/DateConstructor.xml
----------------- Instantiating /home/travis/build/icyphy/ptII/ptolemy/actor/lib/test/auto/DateConstructor.xml
23 ms. Memory: 446464K Free: 181209K (41%)
----------------- Invoking toplevel() on ptolemy.moml.MoMLSimpleApplication@53bcf37e
----------------- Done invoking toplevel() on ptolemy.moml.MoMLSimpleApplication@53bcf37e
reloadAllAccessors: .DateConstructor

===========================================================================================
----------------- testing Tue Dec 31 06:40:58 UTC 2019 /home/travis/build/icyphy/ptII/ptolemy/actor/lib/test/auto/DelayTime.xml
----------------- Instantiating /home/travis/build/icyphy/ptII/ptolemy/actor/lib/test/auto/DelayTime.xml
4 ms. Memory: 446464K Free: 176603K (40%)
----------------- Invoking toplevel() on ptolemy.moml.MoMLSimpleApplication@1b3cbd20
----------------- Done invoking toplevel() on ptolemy.moml.MoMLSimpleApplication@1b3cbd20
reloadAllAccessors: .DelayTime

===========================================================================================
----------------- testing Tue Dec 31 06:40:58 UTC 2019 /home/travis/build/icyphy/ptII/ptolemy/actor/lib/test/auto/Dictionary1.xml
----------------- Instantiating /home/travis/build/icyphy/ptII/ptolemy/actor/lib/test/auto/Dictionary1.xml
2 ms. Memory: 446464K Free: 388673K (87%)
----------------- Invoking toplevel() on ptolemy.moml.MoMLSimpleApplication@6b248af5
----------------- Done invoking toplevel() on ptolemy.moml.MoMLSimpleApplication@6b248af5
reloadAllAccessors: .Dictionary1

===========================================================================================
----------------- testing Tue Dec 31 06:40:59 UTC 2019 /home/travis/build/icyphy/ptII/ptolemy/actor/lib/test/auto/Dictionary2.xml
----------------- Instantiating /home/travis/build/icyphy/ptII/ptolemy/actor/lib/test/auto/Dictionary2.xml
3 ms. Memory: 446464K Free: 383043K (86%)
----------------- Invoking toplevel() on ptolemy.moml.MoMLSimpleApplication@449f507
----------------- Done invoking toplevel() on ptolemy.moml.MoMLSimpleApplication@449f507
reloadAllAccessors: .Dictionary2

===========================================================================================
----------------- testing Tue Dec 31 06:40:59 UTC 2019 /home/travis/build/icyphy/ptII/ptolemy/actor/lib/test/auto/Dictionary3.xml
----------------- Instantiating /home/travis/build/icyphy/ptII/ptolemy/actor/lib/test/auto/Dictionary3.xml
1 ms. Memory: 446464K Free: 377409K (85%)
----------------- Invoking toplevel() on ptolemy.moml.MoMLSimpleApplication@282c3cdc
----------------- Done invoking toplevel() on ptolemy.moml.MoMLSimpleApplication@282c3cdc
reloadAllAccessors: .Dictionary3

===========================================================================================
----------------- testing Tue Dec 31 06:40:59 UTC 2019 /home/travis/build/icyphy/ptII/ptolemy/actor/lib/test/auto/Dictionary4.xml
----------------- Instantiating /home/travis/build/icyphy/ptII/ptolemy/actor/lib/test/auto/Dictionary4.xml
2 ms. Memory: 446464K Free: 370755K (83%)
----------------- Invoking toplevel() on ptolemy.moml.MoMLSimpleApplication@474786d2
----------------- Done invoking toplevel() on ptolemy.moml.MoMLSimpleApplication@474786d2
reloadAllAccessors: .Dictionary4

===========================================================================================
----------------- testing Tue Dec 31 06:40:59 UTC 2019 /home/travis/build/icyphy/ptII/ptolemy/actor/lib/test/auto/Differential.xml
----------------- Instantiating /home/travis/build/icyphy/ptII/ptolemy/actor/lib/test/auto/Differential.xml
2 ms. Memory: 446464K Free: 366145K (82%)
----------------- Invoking toplevel() on ptolemy.moml.MoMLSimpleApplication@2483ee07
----------------- Done invoking toplevel() on ptolemy.moml.MoMLSimpleApplication@2483ee07
reloadAllAccessors: .Differential

===========================================================================================
----------------- testing Tue Dec 31 06:40:59 UTC 2019 /home/travis/build/icyphy/ptII/ptolemy/actor/lib/test/auto/Director.xml
----------------- Instantiating /home/travis/build/icyphy/ptII/ptolemy/actor/lib/test/auto/Director.xml
4 ms. Memory: 446464K Free: 362563K (81%)
----------------- Invoking toplevel() on ptolemy.moml.MoMLSimpleApplication@4c7bb9b9
----------------- Done invoking toplevel() on ptolemy.moml.MoMLSimpleApplication@4c7bb9b9
reloadAllAccessors: .Director

===========================================================================================
----------------- testing Tue Dec 31 06:40:59 UTC 2019 /home/travis/build/icyphy/ptII/ptolemy/actor/lib/test/auto/DiscreteClock.xml
----------------- Instantiating /home/travis/build/icyphy/ptII/ptolemy/actor/lib/test/auto/DiscreteClock.xml
1 ms. Memory: 446464K Free: 358977K (80%)
----------------- Invoking toplevel() on ptolemy.moml.MoMLSimpleApplication@400ec5fa
----------------- Done invoking toplevel() on ptolemy.moml.MoMLSimpleApplication@400ec5fa
reloadAllAccessors: .DiscreteClock

===========================================================================================
----------------- testing Tue Dec 31 06:40:59 UTC 2019 /home/travis/build/icyphy/ptII/ptolemy/actor/lib/test/auto/DiscreteClock10.xml
----------------- Instantiating /home/travis/build/icyphy/ptII/ptolemy/actor/lib/test/auto/DiscreteClock10.xml
4 ms. Memory: 446464K Free: 352833K (79%)
----------------- Invoking toplevel() on ptolemy.moml.MoMLSimpleApplication@28885d2
----------------- Done invoking toplevel() on ptolemy.moml.MoMLSimpleApplication@28885d2
reloadAllAccessors: .DiscreteClock10

===========================================================================================
----------------- testing Tue Dec 31 06:40:59 UTC 2019 /home/travis/build/icyphy/ptII/ptolemy/actor/lib/test/auto/DiscreteClock11.xml
----------------- Instantiating /home/travis/build/icyphy/ptII/ptolemy/actor/lib/test/auto/DiscreteClock11.xml
2 ms. Memory: 446464K Free: 346689K (78%)
----------------- Invoking toplevel() on ptolemy.moml.MoMLSimpleApplication@5fd8383e
----------------- Done invoking toplevel() on ptolemy.moml.MoMLSimpleApplication@5fd8383e
reloadAllAccessors: .DiscreteClock11

===========================================================================================
----------------- testing Tue Dec 31 06:40:59 UTC 2019 /home/travis/build/icyphy/ptII/ptolemy/actor/lib/test/auto/DiscreteClock12.xml
----------------- Instantiating /home/travis/build/icyphy/ptII/ptolemy/actor/lib/test/auto/DiscreteClock12.xml
3 ms. Memory: 446464K Free: 340545K (76%)
----------------- Invoking toplevel() on ptolemy.moml.MoMLSimpleApplication@5fe82a08
----------------- Done invoking toplevel() on ptolemy.moml.MoMLSimpleApplication@5fe82a08
reloadAllAccessors: .DiscreteClock12

===========================================================================================
----------------- testing Tue Dec 31 06:40:59 UTC 2019 /home/travis/build/icyphy/ptII/ptolemy/actor/lib/test/auto/DiscreteClock13.xml
----------------- Instantiating /home/travis/build/icyphy/ptII/ptolemy/actor/lib/test/auto/DiscreteClock13.xml
5 ms. Memory: 446464K Free: 334915K (75%)
----------------- Invoking toplevel() on ptolemy.moml.MoMLSimpleApplication@67b5b385
----------------- Done invoking toplevel() on ptolemy.moml.MoMLSimpleApplication@67b5b385
reloadAllAccessors: .DiscreteClock13

===========================================================================================
----------------- testing Tue Dec 31 06:40:59 UTC 2019 /home/travis/build/icyphy/ptII/ptolemy/actor/lib/test/auto/DiscreteClock14.xml
----------------- Instantiating /home/travis/build/icyphy/ptII/ptolemy/actor/lib/test/auto/DiscreteClock14.xml
5 ms. Memory: 446464K Free: 328771K (74%)
----------------- Invoking toplevel() on ptolemy.moml.MoMLSimpleApplication@287e54f3
----------------- Done invoking toplevel() on ptolemy.moml.MoMLSimpleApplication@287e54f3
reloadAllAccessors: .DiscreteClock14

===========================================================================================
----------------- testing Tue Dec 31 06:40:59 UTC 2019 /home/travis/build/icyphy/ptII/ptolemy/actor/lib/test/auto/DiscreteClock15.xml
----------------- Instantiating /home/travis/build/icyphy/ptII/ptolemy/actor/lib/test/auto/DiscreteClock15.xml
5 ms. Memory: 446464K Free: 322627K (72%)
----------------- Invoking toplevel() on ptolemy.moml.MoMLSimpleApplication@77af9ec8
----------------- Done invoking toplevel() on ptolemy.moml.MoMLSimpleApplication@77af9ec8
reloadAllAccessors: .DiscreteClock15

===========================================================================================
----------------- testing Tue Dec 31 06:40:59 UTC 2019 /home/travis/build/icyphy/ptII/ptolemy/actor/lib/test/auto/DiscreteClock16.xml
----------------- Instantiating /home/travis/build/icyphy/ptII/ptolemy/actor/lib/test/auto/DiscreteClock16.xml
16 ms. Memory: 446464K Free: 308787K (69%)
----------------- Invoking toplevel() on ptolemy.moml.MoMLSimpleApplication@1197b4fb
----------------- Done invoking toplevel() on ptolemy.moml.MoMLSimpleApplication@1197b4fb
reloadAllAccessors: .DiscreteClock16

===========================================================================================
----------------- testing Tue Dec 31 06:40:59 UTC 2019 /home/travis/build/icyphy/ptII/ptolemy/actor/lib/test/auto/DiscreteClock17.xml
----------------- Instantiating /home/travis/build/icyphy/ptII/ptolemy/actor/lib/test/auto/DiscreteClock17.xml
15 ms. Memory: 446464K Free: 294435K (66%)
----------------- Invoking toplevel() on ptolemy.moml.MoMLSimpleApplication@57e118cd
----------------- Done invoking toplevel() on ptolemy.moml.MoMLSimpleApplication@57e118cd
reloadAllAccessors: .DiscreteClock17

===========================================================================================
----------------- testing Tue Dec 31 06:40:59 UTC 2019 /home/travis/build/icyphy/ptII/ptolemy/actor/lib/test/auto/DiscreteClock18.xml
----------------- Instantiating /home/travis/build/icyphy/ptII/ptolemy/actor/lib/test/auto/DiscreteClock18.xml
23 ms. Memory: 446464K Free: 280643K (63%)
----------------- Invoking toplevel() on ptolemy.moml.MoMLSimpleApplication@4a625178
----------------- Done invoking toplevel() on ptolemy.moml.MoMLSimpleApplication@4a625178
reloadAllAccessors: .DiscreteClock18

===========================================================================================
----------------- testing Tue Dec 31 06:40:59 UTC 2019 /home/travis/build/icyphy/ptII/ptolemy/actor/lib/test/auto/DiscreteClock19.xml
----------------- Instantiating /home/travis/build/icyphy/ptII/ptolemy/actor/lib/test/auto/DiscreteClock19.xml
18 ms. Memory: 446464K Free: 266817K (60%)
----------------- Invoking toplevel() on ptolemy.moml.MoMLSimpleApplication@c1fef07
----------------- Done invoking toplevel() on ptolemy.moml.MoMLSimpleApplication@c1fef07
reloadAllAccessors: .DiscreteClock19

===========================================================================================
----------------- testing Tue Dec 31 06:40:59 UTC 2019 /home/travis/build/icyphy/ptII/ptolemy/actor/lib/test/auto/DiscreteClock2.xml
----------------- Instantiating /home/travis/build/icyphy/ptII/ptolemy/actor/lib/test/auto/DiscreteClock2.xml
3 ms. Memory: 446464K Free: 261667K (59%)
----------------- Invoking toplevel() on ptolemy.moml.MoMLSimpleApplication@d7113ff
----------------- Done invoking toplevel() on ptolemy.moml.MoMLSimpleApplication@d7113ff
reloadAllAccessors: .DiscreteClock2

===========================================================================================
----------------- testing Tue Dec 31 06:40:59 UTC 2019 /home/travis/build/icyphy/ptII/ptolemy/actor/lib/test/auto/DiscreteClock20.xml
----------------- Instantiating /home/travis/build/icyphy/ptII/ptolemy/actor/lib/test/auto/DiscreteClock20.xml
9 ms. Memory: 446464K Free: 256577K (57%)
----------------- Invoking toplevel() on ptolemy.moml.MoMLSimpleApplication@406970e1
----------------- Done invoking toplevel() on ptolemy.moml.MoMLSimpleApplication@406970e1
reloadAllAccessors: .DiscreteClock20

===========================================================================================
----------------- testing Tue Dec 31 06:40:59 UTC 2019 /home/travis/build/icyphy/ptII/ptolemy/actor/lib/test/auto/DiscreteClock21.xml
----------------- Instantiating /home/travis/build/icyphy/ptII/ptolemy/actor/lib/test/auto/DiscreteClock21.xml
4 ms. Memory: 446464K Free: 250947K (56%)
----------------- Invoking toplevel() on ptolemy.moml.MoMLSimpleApplication@45de66b8
----------------- Done invoking toplevel() on ptolemy.moml.MoMLSimpleApplication@45de66b8
reloadAllAccessors: .DiscreteClock21

===========================================================================================
----------------- testing Tue Dec 31 06:40:59 UTC 2019 /home/travis/build/icyphy/ptII/ptolemy/actor/lib/test/auto/DiscreteClock22.xml
----------------- Instantiating /home/travis/build/icyphy/ptII/ptolemy/actor/lib/test/auto/DiscreteClock22.xml
5 ms. Memory: 446464K Free: 245313K (55%)
----------------- Invoking toplevel() on ptolemy.moml.MoMLSimpleApplication@39110ee
----------------- Done invoking toplevel() on ptolemy.moml.MoMLSimpleApplication@39110ee
reloadAllAccessors: .DiscreteClock22

===========================================================================================
----------------- testing Tue Dec 31 06:40:59 UTC 2019 /home/travis/build/icyphy/ptII/ptolemy/actor/lib/test/auto/DiscreteClock23.xml
----------------- Instantiating /home/travis/build/icyphy/ptII/ptolemy/actor/lib/test/auto/DiscreteClock23.xml
8 ms. Memory: 446464K Free: 239683K (54%)
----------------- Invoking toplevel() on ptolemy.moml.MoMLSimpleApplication@4c66f218
----------------- Done invoking toplevel() on ptolemy.moml.MoMLSimpleApplication@4c66f218
reloadAllAccessors: .DiscreteClock23

===========================================================================================
----------------- testing Tue Dec 31 06:40:59 UTC 2019 /home/travis/build/icyphy/ptII/ptolemy/actor/lib/test/auto/DiscreteClock24.xml
----------------- Instantiating /home/travis/build/icyphy/ptII/ptolemy/actor/lib/test/auto/DiscreteClock24.xml
3 ms. Memory: 446464K Free: 234563K (53%)
----------------- Invoking toplevel() on ptolemy.moml.MoMLSimpleApplication@32aec780
----------------- Done invoking toplevel() on ptolemy.moml.MoMLSimpleApplication@32aec780
reloadAllAccessors: .DiscreteClock24

===========================================================================================
----------------- testing Tue Dec 31 06:40:59 UTC 2019 /home/travis/build/icyphy/ptII/ptolemy/actor/lib/test/auto/DiscreteClock4.xml
----------------- Instantiating /home/travis/build/icyphy/ptII/ptolemy/actor/lib/test/auto/DiscreteClock4.xml
4 ms. Memory: 446464K Free: 228915K (51%)
----------------- Invoking toplevel() on ptolemy.moml.MoMLSimpleApplication@765805b4
----------------- Done invoking toplevel() on ptolemy.moml.MoMLSimpleApplication@765805b4
reloadAllAccessors: .DiscreteClock4

===========================================================================================
----------------- testing Tue Dec 31 06:40:59 UTC 2019 /home/travis/build/icyphy/ptII/ptolemy/actor/lib/test/auto/DiscreteClock5.xml
----------------- Instantiating /home/travis/build/icyphy/ptII/ptolemy/actor/lib/test/auto/DiscreteClock5.xml
2 ms. Memory: 446464K Free: 223299K (50%)
----------------- Invoking toplevel() on ptolemy.moml.MoMLSimpleApplication@2ab65893
----------------- Done invoking toplevel() on ptolemy.moml.MoMLSimpleApplication@2ab65893
reloadAllAccessors: .DiscreteClock5

===========================================================================================
----------------- testing Tue Dec 31 06:40:59 UTC 2019 /home/travis/build/icyphy/ptII/ptolemy/actor/lib/test/auto/DiscreteClock6.xml
----------------- Instantiating /home/travis/build/icyphy/ptII/ptolemy/actor/lib/test/auto/DiscreteClock6.xml
1 ms. Memory: 446464K Free: 218689K (49%)
----------------- Invoking toplevel() on ptolemy.moml.MoMLSimpleApplication@4cd342e4
----------------- Done invoking toplevel() on ptolemy.moml.MoMLSimpleApplication@4cd342e4
reloadAllAccessors: .DiscreteClock6

===========================================================================================
----------------- testing Tue Dec 31 06:40:59 UTC 2019 /home/travis/build/icyphy/ptII/ptolemy/actor/lib/test/auto/DiscreteClock7.xml
----------------- Instantiating /home/travis/build/icyphy/ptII/ptolemy/actor/lib/test/auto/DiscreteClock7.xml
1 ms. Memory: 446464K Free: 214593K (48%)
----------------- Invoking toplevel() on ptolemy.moml.MoMLSimpleApplication@72470f1e
----------------- Done invoking toplevel() on ptolemy.moml.MoMLSimpleApplication@72470f1e
reloadAllAccessors: .DiscreteClock7

===========================================================================================
----------------- testing Tue Dec 31 06:40:59 UTC 2019 /home/travis/build/icyphy/ptII/ptolemy/actor/lib/test/auto/DiscreteClock8.xml
----------------- Instantiating /home/travis/build/icyphy/ptII/ptolemy/actor/lib/test/auto/DiscreteClock8.xml
4 ms. Memory: 446464K Free: 208963K (47%)
----------------- Invoking toplevel() on ptolemy.moml.MoMLSimpleApplication@75cb2d9a
----------------- Done invoking toplevel() on ptolemy.moml.MoMLSimpleApplication@75cb2d9a
reloadAllAccessors: .DiscreteClock8

===========================================================================================
----------------- testing Tue Dec 31 06:40:59 UTC 2019 /home/travis/build/icyphy/ptII/ptolemy/actor/lib/test/auto/DiscreteClock9.xml
----------------- Instantiating /home/travis/build/icyphy/ptII/ptolemy/actor/lib/test/auto/DiscreteClock9.xml
4 ms. Memory: 446464K Free: 202819K (45%)
----------------- Invoking toplevel() on ptolemy.moml.MoMLSimpleApplication@1abb5b63
----------------- Done invoking toplevel() on ptolemy.moml.MoMLSimpleApplication@1abb5b63
reloadAllAccessors: .DiscreteClock9

===========================================================================================
----------------- testing Tue Dec 31 06:40:59 UTC 2019 /home/travis/build/icyphy/ptII/ptolemy/actor/lib/test/auto/DisplayArray.xml
----------------- Instantiating /home/travis/build/icyphy/ptII/ptolemy/actor/lib/test/auto/DisplayArray.xml
1 ms. Memory: 446464K Free: 199747K (45%)
----------------- Invoking toplevel() on ptolemy.moml.MoMLSimpleApplication@5b100e98
----------------- Done invoking toplevel() on ptolemy.moml.MoMLSimpleApplication@5b100e98
reloadAllAccessors: .DisplayArray

===========================================================================================
----------------- testing Tue Dec 31 06:40:59 UTC 2019 /home/travis/build/icyphy/ptII/ptolemy/actor/lib/test/auto/Distributor.xml
----------------- Instantiating /home/travis/build/icyphy/ptII/ptolemy/actor/lib/test/auto/Distributor.xml
1 ms. Memory: 446464K Free: 194627K (44%)
----------------- Invoking toplevel() on ptolemy.moml.MoMLSimpleApplication@68ea198a
----------------- Done invoking toplevel() on ptolemy.moml.MoMLSimpleApplication@68ea198a
reloadAllAccessors: .Distributor

===========================================================================================
----------------- testing Tue Dec 31 06:40:59 UTC 2019 /home/travis/build/icyphy/ptII/ptolemy/actor/lib/test/auto/Distributor2.xml
----------------- Instantiating /home/travis/build/icyphy/ptII/ptolemy/actor/lib/test/auto/Distributor2.xml
2 ms. Memory: 446464K Free: 189507K (42%)
----------------- Invoking toplevel() on ptolemy.moml.MoMLSimpleApplication@d851eeb
----------------- Done invoking toplevel() on ptolemy.moml.MoMLSimpleApplication@d851eeb
reloadAllAccessors: .Distributor2

===========================================================================================
----------------- testing Tue Dec 31 06:40:59 UTC 2019 /home/travis/build/icyphy/ptII/ptolemy/actor/lib/test/auto/DownSample.xml
----------------- Instantiating /home/travis/build/icyphy/ptII/ptolemy/actor/lib/test/auto/DownSample.xml
2 ms. Memory: 446464K Free: 184897K (41%)
----------------- Invoking toplevel() on ptolemy.moml.MoMLSimpleApplication@39dafc77
----------------- Done invoking toplevel() on ptolemy.moml.MoMLSimpleApplication@39dafc77
reloadAllAccessors: .DownSample

===========================================================================================
----------------- testing Tue Dec 31 06:40:59 UTC 2019 /home/travis/build/icyphy/ptII/ptolemy/actor/lib/test/auto/ElectronicUnitBase1.xml
----------------- Instantiating /home/travis/build/icyphy/ptII/ptolemy/actor/lib/test/auto/ElectronicUnitBase1.xml
12 ms. Memory: 446464K Free: 169027K (38%)
----------------- Invoking toplevel() on ptolemy.moml.MoMLSimpleApplication@65709106
----------------- Done invoking toplevel() on ptolemy.moml.MoMLSimpleApplication@65709106
reloadAllAccessors: .ElectronicUnitBase1

===========================================================================================
----------------- testing Tue Dec 31 06:40:59 UTC 2019 /home/travis/build/icyphy/ptII/ptolemy/actor/lib/test/auto/ElementsToArray.xml
----------------- Instantiating /home/travis/build/icyphy/ptII/ptolemy/actor/lib/test/auto/ElementsToArray.xml
2 ms. Memory: 446464K Free: 163907K (37%)
----------------- Invoking toplevel() on ptolemy.moml.MoMLSimpleApplication@40d30c8c
----------------- Done invoking toplevel() on ptolemy.moml.MoMLSimpleApplication@40d30c8c
reloadAllAccessors: .ElementsToArray

===========================================================================================
----------------- testing Tue Dec 31 06:40:59 UTC 2019 /home/travis/build/icyphy/ptII/ptolemy/actor/lib/test/auto/Equals.xml
----------------- Instantiating /home/travis/build/icyphy/ptII/ptolemy/actor/lib/test/auto/Equals.xml
1 ms. Memory: 446464K Free: 159297K (36%)
----------------- Invoking toplevel() on ptolemy.moml.MoMLSimpleApplication@5dcfddb1
----------------- Done invoking toplevel() on ptolemy.moml.MoMLSimpleApplication@5dcfddb1
reloadAllAccessors: .Equals

===========================================================================================
----------------- testing Tue Dec 31 06:40:59 UTC 2019 /home/travis/build/icyphy/ptII/ptolemy/actor/lib/test/auto/Exec.xml
----------------- Instantiating /home/travis/build/icyphy/ptII/ptolemy/actor/lib/test/auto/Exec.xml
19 ms. Memory: 446464K Free: 153153K (34%)
----------------- Invoking toplevel() on ptolemy.moml.MoMLSimpleApplication@53423da5
----------------- Done invoking toplevel() on ptolemy.moml.MoMLSimpleApplication@53423da5
reloadAllAccessors: .Exec

===========================================================================================
----------------- testing Tue Dec 31 06:40:59 UTC 2019 /home/travis/build/icyphy/ptII/ptolemy/actor/lib/test/auto/ExecEnvironment.xml
----------------- Instantiating /home/travis/build/icyphy/ptII/ptolemy/actor/lib/test/auto/ExecEnvironment.xml
22 ms. Memory: 446464K Free: 148547K (33%)
----------------- Invoking toplevel() on ptolemy.moml.MoMLSimpleApplication@7d18defd
----------------- Done invoking toplevel() on ptolemy.moml.MoMLSimpleApplication@7d18defd
reloadAllAccessors: .ExecEnvironment

===========================================================================================
----------------- testing Tue Dec 31 06:40:59 UTC 2019 /home/travis/build/icyphy/ptII/ptolemy/actor/lib/test/auto/ExecNonZeroReturnOutput.xml
----------------- Instantiating /home/travis/build/icyphy/ptII/ptolemy/actor/lib/test/auto/ExecNonZeroReturnOutput.xml
145 ms. Memory: 446464K Free: 136769K (31%)
----------------- Invoking toplevel() on ptolemy.moml.MoMLSimpleApplication@7643c964
----------------- Done invoking toplevel() on ptolemy.moml.MoMLSimpleApplication@7643c964
reloadAllAccessors: .ExecNonZeroReturnOutput

===========================================================================================
----------------- testing Tue Dec 31 06:41:00 UTC 2019 /home/travis/build/icyphy/ptII/ptolemy/actor/lib/test/auto/ExecRunDemos.xml
----------------- Instantiating /home/travis/build/icyphy/ptII/ptolemy/actor/lib/test/auto/ExecRunDemos.xml
Finished: 81 ms. Memory: 129024K Free: 113132K (88%)

Finished: 67 ms. Memory: 129024K Free: 110410K (86%)

Finished: 94 ms. Memory: 129024K Free: 110719K (86%)

Finished: 107 ms. Memory: 129024K Free: 112144K (87%)

Finished: 63 ms. Memory: 129024K Free: 112864K (87%)

10322 ms. Memory: 446464K Free: 378270K (85%)
----------------- Invoking toplevel() on ptolemy.moml.MoMLSimpleApplication@57147039
----------------- Done invoking toplevel() on ptolemy.moml.MoMLSimpleApplication@57147039
reloadAllAccessors: .ExecRunDemos

===========================================================================================
----------------- testing Tue Dec 31 06:41:10 UTC 2019 /home/travis/build/icyphy/ptII/ptolemy/actor/lib/test/auto/ExecStop.xml
----------------- Instantiating /home/travis/build/icyphy/ptII/ptolemy/actor/lib/test/auto/ExecStop.xml
5016 ms. Memory: 446464K Free: 280992K (63%)
----------------- Invoking toplevel() on ptolemy.moml.MoMLSimpleApplication@4c37f4e4
----------------- Done invoking toplevel() on ptolemy.moml.MoMLSimpleApplication@4c37f4e4
reloadAllAccessors: .ExecStop

===========================================================================================
----------------- testing Tue Dec 31 06:41:15 UTC 2019 /home/travis/build/icyphy/ptII/ptolemy/actor/lib/test/auto/ExecutionTimeSDF.xml
----------------- Instantiating /home/travis/build/icyphy/ptII/ptolemy/actor/lib/test/auto/ExecutionTimeSDF.xml
Fired ExecutionTime: -528967296
Fired ExecutionTime: 1331200000
Fired ExecutionTime: 1354000000
6007 ms. Memory: 446464K Free: 268704K (60%)
----------------- Invoking toplevel() on ptolemy.moml.MoMLSimpleApplication@64563805
----------------- Done invoking toplevel() on ptolemy.moml.MoMLSimpleApplication@64563805
reloadAllAccessors: .ExecutionTimeSDF

===========================================================================================
----------------- testing Tue Dec 31 06:41:21 UTC 2019 /home/travis/build/icyphy/ptII/ptolemy/actor/lib/test/auto/Expression1.xml
----------------- Instantiating /home/travis/build/icyphy/ptII/ptolemy/actor/lib/test/auto/Expression1.xml
1 ms. Memory: 446464K Free: 265118K (59%)
----------------- Invoking toplevel() on ptolemy.moml.MoMLSimpleApplication@6e4f4996
----------------- Done invoking toplevel() on ptolemy.moml.MoMLSimpleApplication@6e4f4996
reloadAllAccessors: .Expression1

===========================================================================================
----------------- testing Tue Dec 31 06:41:21 UTC 2019 /home/travis/build/icyphy/ptII/ptolemy/actor/lib/test/auto/Expression10.xml
----------------- Instantiating /home/travis/build/icyphy/ptII/ptolemy/actor/lib/test/auto/Expression10.xml
5 ms. Memory: 446464K Free: 259998K (58%)
----------------- Invoking toplevel() on ptolemy.moml.MoMLSimpleApplication@6f865862
----------------- Done invoking toplevel() on ptolemy.moml.MoMLSimpleApplication@6f865862
reloadAllAccessors: .Expression10

===========================================================================================
----------------- testing Tue Dec 31 06:41:21 UTC 2019 /home/travis/build/icyphy/ptII/ptolemy/actor/lib/test/auto/Expression11.xml
----------------- Instantiating /home/travis/build/icyphy/ptII/ptolemy/actor/lib/test/auto/Expression11.xml
2 ms. Memory: 446464K Free: 255392K (57%)
----------------- Invoking toplevel() on ptolemy.moml.MoMLSimpleApplication@2d9f6e0b
----------------- Done invoking toplevel() on ptolemy.moml.MoMLSimpleApplication@2d9f6e0b
reloadAllAccessors: .Expression11

===========================================================================================
----------------- testing Tue Dec 31 06:41:21 UTC 2019 /home/travis/build/icyphy/ptII/ptolemy/actor/lib/test/auto/Expression12.xml
----------------- Instantiating /home/travis/build/icyphy/ptII/ptolemy/actor/lib/test/auto/Expression12.xml
2 ms. Memory: 446464K Free: 250272K (56%)
----------------- Invoking toplevel() on ptolemy.moml.MoMLSimpleApplication@2386e5ea
----------------- Done invoking toplevel() on ptolemy.moml.MoMLSimpleApplication@2386e5ea
reloadAllAccessors: .Expression12

===========================================================================================
----------------- testing Tue Dec 31 06:41:21 UTC 2019 /home/travis/build/icyphy/ptII/ptolemy/actor/lib/test/auto/Expression13.xml
----------------- Instantiating /home/travis/build/icyphy/ptII/ptolemy/actor/lib/test/auto/Expression13.xml
3 ms. Memory: 446464K Free: 245152K (55%)
----------------- Invoking toplevel() on ptolemy.moml.MoMLSimpleApplication@768c605d
----------------- Done invoking toplevel() on ptolemy.moml.MoMLSimpleApplication@768c605d
reloadAllAccessors: .Expression13

===========================================================================================
----------------- testing Tue Dec 31 06:41:21 UTC 2019 /home/travis/build/icyphy/ptII/ptolemy/actor/lib/test/auto/Expression14.xml
----------------- Instantiating /home/travis/build/icyphy/ptII/ptolemy/actor/lib/test/auto/Expression14.xml
8 ms. Memory: 446464K Free: 239518K (54%)
----------------- Invoking toplevel() on ptolemy.moml.MoMLSimpleApplication@1893f2d0
----------------- Done invoking toplevel() on ptolemy.moml.MoMLSimpleApplication@1893f2d0
reloadAllAccessors: .Expression14

===========================================================================================
----------------- testing Tue Dec 31 06:41:21 UTC 2019 /home/travis/build/icyphy/ptII/ptolemy/actor/lib/test/auto/Expression15.xml
----------------- Instantiating /home/travis/build/icyphy/ptII/ptolemy/actor/lib/test/auto/Expression15.xml
1 ms. Memory: 446464K Free: 235936K (53%)
----------------- Invoking toplevel() on ptolemy.moml.MoMLSimpleApplication@24282ebf
----------------- Done invoking toplevel() on ptolemy.moml.MoMLSimpleApplication@24282ebf
reloadAllAccessors: .Expression15

===========================================================================================
----------------- testing Tue Dec 31 06:41:21 UTC 2019 /home/travis/build/icyphy/ptII/ptolemy/actor/lib/test/auto/Expression16.xml
----------------- Instantiating /home/travis/build/icyphy/ptII/ptolemy/actor/lib/test/auto/Expression16.xml
3 ms. Memory: 446464K Free: 230816K (52%)
----------------- Invoking toplevel() on ptolemy.moml.MoMLSimpleApplication@2b72b358
----------------- Done invoking toplevel() on ptolemy.moml.MoMLSimpleApplication@2b72b358
reloadAllAccessors: .Expression16

===========================================================================================
----------------- testing Tue Dec 31 06:41:21 UTC 2019 /home/travis/build/icyphy/ptII/ptolemy/actor/lib/test/auto/Expression17.xml
----------------- Instantiating /home/travis/build/icyphy/ptII/ptolemy/actor/lib/test/auto/Expression17.xml
3 ms. Memory: 446464K Free: 226206K (51%)
----------------- Invoking toplevel() on ptolemy.moml.MoMLSimpleApplication@4db533d6
----------------- Done invoking toplevel() on ptolemy.moml.MoMLSimpleApplication@4db533d6
reloadAllAccessors: .Expression17

===========================================================================================
----------------- testing Tue Dec 31 06:41:21 UTC 2019 /home/travis/build/icyphy/ptII/ptolemy/actor/lib/test/auto/Expression18.xml
----------------- Instantiating /home/travis/build/icyphy/ptII/ptolemy/actor/lib/test/auto/Expression18.xml
3 ms. Memory: 446464K Free: 221086K (50%)
----------------- Invoking toplevel() on ptolemy.moml.MoMLSimpleApplication@2b22e819
----------------- Done invoking toplevel() on ptolemy.moml.MoMLSimpleApplication@2b22e819
reloadAllAccessors: .Expression18

===========================================================================================
----------------- testing Tue Dec 31 06:41:21 UTC 2019 /home/travis/build/icyphy/ptII/ptolemy/actor/lib/test/auto/Expression2.xml
----------------- Instantiating /home/travis/build/icyphy/ptII/ptolemy/actor/lib/test/auto/Expression2.xml
3 ms. Memory: 446464K Free: 216480K (48%)
----------------- Invoking toplevel() on ptolemy.moml.MoMLSimpleApplication@281152f1
----------------- Done invoking toplevel() on ptolemy.moml.MoMLSimpleApplication@281152f1
reloadAllAccessors: .Expression2

===========================================================================================
----------------- testing Tue Dec 31 06:41:21 UTC 2019 /home/travis/build/icyphy/ptII/ptolemy/actor/lib/test/auto/Expression3.xml
----------------- Instantiating /home/travis/build/icyphy/ptII/ptolemy/actor/lib/test/auto/Expression3.xml
2 ms. Memory: 446464K Free: 211360K (47%)
----------------- Invoking toplevel() on ptolemy.moml.MoMLSimpleApplication@78c08cf8
----------------- Done invoking toplevel() on ptolemy.moml.MoMLSimpleApplication@78c08cf8
reloadAllAccessors: .Expression3

===========================================================================================
----------------- testing Tue Dec 31 06:41:21 UTC 2019 /home/travis/build/icyphy/ptII/ptolemy/actor/lib/test/auto/Expression4.xml
----------------- Instantiating /home/travis/build/icyphy/ptII/ptolemy/actor/lib/test/auto/Expression4.xml
4 ms. Memory: 446464K Free: 204192K (46%)
----------------- Invoking toplevel() on ptolemy.moml.MoMLSimpleApplication@1bb31996
----------------- Done invoking toplevel() on ptolemy.moml.MoMLSimpleApplication@1bb31996
reloadAllAccessors: .Expression4

===========================================================================================
----------------- testing Tue Dec 31 06:41:21 UTC 2019 /home/travis/build/icyphy/ptII/ptolemy/actor/lib/test/auto/Expression5.xml
----------------- Instantiating /home/travis/build/icyphy/ptII/ptolemy/actor/lib/test/auto/Expression5.xml
6 ms. Memory: 446464K Free: 199072K (45%)
----------------- Invoking toplevel() on ptolemy.moml.MoMLSimpleApplication@6425baf3
----------------- Done invoking toplevel() on ptolemy.moml.MoMLSimpleApplication@6425baf3
reloadAllAccessors: .Expression5

===========================================================================================
----------------- testing Tue Dec 31 06:41:21 UTC 2019 /home/travis/build/icyphy/ptII/ptolemy/actor/lib/test/auto/Expression6.xml
----------------- Instantiating /home/travis/build/icyphy/ptII/ptolemy/actor/lib/test/auto/Expression6.xml
2 ms. Memory: 446464K Free: 194462K (44%)
----------------- Invoking toplevel() on ptolemy.moml.MoMLSimpleApplication@7253a42f
----------------- Done invoking toplevel() on ptolemy.moml.MoMLSimpleApplication@7253a42f
reloadAllAccessors: .Expression6

===========================================================================================
----------------- testing Tue Dec 31 06:41:21 UTC 2019 /home/travis/build/icyphy/ptII/ptolemy/actor/lib/test/auto/Expression7.xml
----------------- Instantiating /home/travis/build/icyphy/ptII/ptolemy/actor/lib/test/auto/Expression7.xml
4 ms. Memory: 446464K Free: 189856K (43%)
----------------- Invoking toplevel() on ptolemy.moml.MoMLSimpleApplication@607a39f
----------------- Done invoking toplevel() on ptolemy.moml.MoMLSimpleApplication@607a39f
reloadAllAccessors: .Expression7

===========================================================================================
----------------- testing Tue Dec 31 06:41:21 UTC 2019 /home/travis/build/icyphy/ptII/ptolemy/actor/lib/test/auto/Expression8.xml
----------------- Instantiating /home/travis/build/icyphy/ptII/ptolemy/actor/lib/test/auto/Expression8.xml
7 ms. Memory: 446464K Free: 184736K (41%)
----------------- Invoking toplevel() on ptolemy.moml.MoMLSimpleApplication@72cfdb38
----------------- Done invoking toplevel() on ptolemy.moml.MoMLSimpleApplication@72cfdb38
reloadAllAccessors: .Expression8

===========================================================================================
----------------- testing Tue Dec 31 06:41:21 UTC 2019 /home/travis/build/icyphy/ptII/ptolemy/actor/lib/test/auto/Expression9.xml
----------------- Instantiating /home/travis/build/icyphy/ptII/ptolemy/actor/lib/test/auto/Expression9.xml
0 ms. Memory: 446464K Free: 181150K (41%)
----------------- Invoking toplevel() on ptolemy.moml.MoMLSimpleApplication@6e0ef4a2
----------------- Done invoking toplevel() on ptolemy.moml.MoMLSimpleApplication@6e0ef4a2
reloadAllAccessors: .Expression9

===========================================================================================
----------------- testing Tue Dec 31 06:41:21 UTC 2019 /home/travis/build/icyphy/ptII/ptolemy/actor/lib/test/auto/ExpressionConcatenateArrayType.xml
----------------- Instantiating /home/travis/build/icyphy/ptII/ptolemy/actor/lib/test/auto/ExpressionConcatenateArrayType.xml
3 ms. Memory: 446464K Free: 174496K (39%)
----------------- Invoking toplevel() on ptolemy.moml.MoMLSimpleApplication@6ee4e548
----------------- Done invoking toplevel() on ptolemy.moml.MoMLSimpleApplication@6ee4e548
reloadAllAccessors: .ExpressionConcatenateArrayType

===========================================================================================
----------------- testing Tue Dec 31 06:41:21 UTC 2019 /home/travis/build/icyphy/ptII/ptolemy/actor/lib/test/auto/ExpressionConcatenateArrayType2.xml
----------------- Instantiating /home/travis/build/icyphy/ptII/ptolemy/actor/lib/test/auto/ExpressionConcatenateArrayType2.xml
2 ms. Memory: 446464K Free: 168862K (38%)
----------------- Invoking toplevel() on ptolemy.moml.MoMLSimpleApplication@4d621675
----------------- Done invoking toplevel() on ptolemy.moml.MoMLSimpleApplication@4d621675
reloadAllAccessors: .ExpressionConcatenateArrayType2

===========================================================================================
----------------- testing Tue Dec 31 06:41:21 UTC 2019 /home/travis/build/icyphy/ptII/ptolemy/actor/lib/test/auto/ExpressionFix.xml
----------------- Instantiating /home/travis/build/icyphy/ptII/ptolemy/actor/lib/test/auto/ExpressionFix.xml
20 ms. Memory: 446464K Free: 162718K (36%)
----------------- Invoking toplevel() on ptolemy.moml.MoMLSimpleApplication@594fb317
----------------- Done invoking toplevel() on ptolemy.moml.MoMLSimpleApplication@594fb317
reloadAllAccessors: .ExpressionFix

===========================================================================================
----------------- testing Tue Dec 31 06:41:21 UTC 2019 /home/travis/build/icyphy/ptII/ptolemy/actor/lib/test/auto/ExpressionFix2.xml
----------------- Instantiating /home/travis/build/icyphy/ptII/ptolemy/actor/lib/test/auto/ExpressionFix2.xml
4 ms. Memory: 446464K Free: 158622K (36%)
----------------- Invoking toplevel() on ptolemy.moml.MoMLSimpleApplication@5f84d4a5
----------------- Done invoking toplevel() on ptolemy.moml.MoMLSimpleApplication@5f84d4a5
reloadAllAccessors: .ExpressionFix2

===========================================================================================
----------------- testing Tue Dec 31 06:41:21 UTC 2019 /home/travis/build/icyphy/ptII/ptolemy/actor/lib/test/auto/ExpressionFix3.xml
----------------- Instantiating /home/travis/build/icyphy/ptII/ptolemy/actor/lib/test/auto/ExpressionFix3.xml
2 ms. Memory: 446464K Free: 154526K (35%)
----------------- Invoking toplevel() on ptolemy.moml.MoMLSimpleApplication@47ada7c9
----------------- Done invoking toplevel() on ptolemy.moml.MoMLSimpleApplication@47ada7c9
reloadAllAccessors: .ExpressionFix3

===========================================================================================
----------------- testing Tue Dec 31 06:41:21 UTC 2019 /home/travis/build/icyphy/ptII/ptolemy/actor/lib/test/auto/FileWriter1.xml
----------------- Instantiating /home/travis/build/icyphy/ptII/ptolemy/actor/lib/test/auto/FileWriter1.xml
3 ms. Memory: 446464K Free: 150430K (34%)
----------------- Invoking toplevel() on ptolemy.moml.MoMLSimpleApplication@236fe62e
----------------- Done invoking toplevel() on ptolemy.moml.MoMLSimpleApplication@236fe62e
reloadAllAccessors: .FileWriter1

===========================================================================================
----------------- testing Tue Dec 31 06:41:21 UTC 2019 /home/travis/build/icyphy/ptII/ptolemy/actor/lib/test/auto/FileWriter2.xml
----------------- Instantiating /home/travis/build/icyphy/ptII/ptolemy/actor/lib/test/auto/FileWriter2.xml
2 ms. Memory: 446464K Free: 146320K (33%)
----------------- Invoking toplevel() on ptolemy.moml.MoMLSimpleApplication@301db39
----------------- Done invoking toplevel() on ptolemy.moml.MoMLSimpleApplication@301db39
reloadAllAccessors: .FileWriter2

===========================================================================================
----------------- testing Tue Dec 31 06:41:21 UTC 2019 /home/travis/build/icyphy/ptII/ptolemy/actor/lib/test/auto/FileWriter3.xml
----------------- Instantiating /home/travis/build/icyphy/ptII/ptolemy/actor/lib/test/auto/FileWriter3.xml
4 ms. Memory: 446464K Free: 142752K (32%)
----------------- Invoking toplevel() on ptolemy.moml.MoMLSimpleApplication@1d9b92c
----------------- Done invoking toplevel() on ptolemy.moml.MoMLSimpleApplication@1d9b92c
reloadAllAccessors: .FileWriter3

===========================================================================================
----------------- testing Tue Dec 31 06:41:21 UTC 2019 /home/travis/build/icyphy/ptII/ptolemy/actor/lib/test/auto/Gaussian.xml
----------------- Instantiating /home/travis/build/icyphy/ptII/ptolemy/actor/lib/test/auto/Gaussian.xml
2 ms. Memory: 446464K Free: 138142K (31%)
----------------- Invoking toplevel() on ptolemy.moml.MoMLSimpleApplication@d5094c1
----------------- Done invoking toplevel() on ptolemy.moml.MoMLSimpleApplication@d5094c1
reloadAllAccessors: .Gaussian

===========================================================================================
----------------- testing Tue Dec 31 06:41:21 UTC 2019 /home/travis/build/icyphy/ptII/ptolemy/actor/lib/test/auto/Gaussian1.xml
----------------- Instantiating /home/travis/build/icyphy/ptII/ptolemy/actor/lib/test/auto/Gaussian1.xml
2 ms. Memory: 446464K Free: 132992K (30%)
----------------- Invoking toplevel() on ptolemy.moml.MoMLSimpleApplication@2e475a94
----------------- Done invoking toplevel() on ptolemy.moml.MoMLSimpleApplication@2e475a94
reloadAllAccessors: .Gaussian1

===========================================================================================
----------------- testing Tue Dec 31 06:41:21 UTC 2019 /home/travis/build/icyphy/ptII/ptolemy/actor/lib/test/auto/Gaussian2.xml
----------------- Instantiating /home/travis/build/icyphy/ptII/ptolemy/actor/lib/test/auto/Gaussian2.xml
2 ms. Memory: 446464K Free: 389829K (87%)
----------------- Invoking toplevel() on ptolemy.moml.MoMLSimpleApplication@579bda2b
----------------- Done invoking toplevel() on ptolemy.moml.MoMLSimpleApplication@579bda2b
reloadAllAccessors: .Gaussian2

===========================================================================================
----------------- testing Tue Dec 31 06:41:21 UTC 2019 /home/travis/build/icyphy/ptII/ptolemy/actor/lib/test/auto/GradientAdaptiveLattice.xml
----------------- Instantiating /home/travis/build/icyphy/ptII/ptolemy/actor/lib/test/auto/GradientAdaptiveLattice.xml
3 ms. Memory: 446464K Free: 384709K (86%)
----------------- Invoking toplevel() on ptolemy.moml.MoMLSimpleApplication@142e54de
----------------- Done invoking toplevel() on ptolemy.moml.MoMLSimpleApplication@142e54de
reloadAllAccessors: .GradientAdaptiveLattice

===========================================================================================
----------------- testing Tue Dec 31 06:41:22 UTC 2019 /home/travis/build/icyphy/ptII/ptolemy/actor/lib/test/auto/IIR.xml
----------------- Instantiating /home/travis/build/icyphy/ptII/ptolemy/actor/lib/test/auto/IIR.xml
1 ms. Memory: 446464K Free: 379589K (85%)
----------------- Invoking toplevel() on ptolemy.moml.MoMLSimpleApplication@7c16e9e1
----------------- Done invoking toplevel() on ptolemy.moml.MoMLSimpleApplication@7c16e9e1
reloadAllAccessors: .IIR

===========================================================================================
----------------- testing Tue Dec 31 06:41:22 UTC 2019 /home/travis/build/icyphy/ptII/ptolemy/actor/lib/test/auto/InputOutputTransparentPorts.xml
----------------- Instantiating /home/travis/build/icyphy/ptII/ptolemy/actor/lib/test/auto/InputOutputTransparentPorts.xml
1 ms. Memory: 446464K Free: 372931K (84%)
----------------- Invoking toplevel() on ptolemy.moml.MoMLSimpleApplication@633adcbd
----------------- Done invoking toplevel() on ptolemy.moml.MoMLSimpleApplication@633adcbd
reloadAllAccessors: .InputOutputTransparentPorts

===========================================================================================
----------------- testing Tue Dec 31 06:41:22 UTC 2019 /home/travis/build/icyphy/ptII/ptolemy/actor/lib/test/auto/Interpolator.xml
----------------- Instantiating /home/travis/build/icyphy/ptII/ptolemy/actor/lib/test/auto/Interpolator.xml
3 ms. Memory: 446464K Free: 368835K (83%)
----------------- Invoking toplevel() on ptolemy.moml.MoMLSimpleApplication@2137ea83
----------------- Done invoking toplevel() on ptolemy.moml.MoMLSimpleApplication@2137ea83
reloadAllAccessors: .Interpolator

===========================================================================================
----------------- testing Tue Dec 31 06:41:22 UTC 2019 /home/travis/build/icyphy/ptII/ptolemy/actor/lib/test/auto/InterpolatorFiringLimitDE.xml
----------------- Instantiating /home/travis/build/icyphy/ptII/ptolemy/actor/lib/test/auto/InterpolatorFiringLimitDE.xml
2 ms. Memory: 446464K Free: 362691K (81%)
----------------- Invoking toplevel() on ptolemy.moml.MoMLSimpleApplication@2087d9
----------------- Done invoking toplevel() on ptolemy.moml.MoMLSimpleApplication@2087d9
reloadAllAccessors: .InterpolatorFiringLimitDE

===========================================================================================
----------------- testing Tue Dec 31 06:41:22 UTC 2019 /home/travis/build/icyphy/ptII/ptolemy/actor/lib/test/auto/Lattice.xml
----------------- Instantiating /home/travis/build/icyphy/ptII/ptolemy/actor/lib/test/auto/Lattice.xml
1 ms. Memory: 446464K Free: 359109K (80%)
----------------- Invoking toplevel() on ptolemy.moml.MoMLSimpleApplication@321430dc
----------------- Done invoking toplevel() on ptolemy.moml.MoMLSimpleApplication@321430dc
reloadAllAccessors: .Lattice

===========================================================================================
----------------- testing Tue Dec 31 06:41:22 UTC 2019 /home/travis/build/icyphy/ptII/ptolemy/actor/lib/test/auto/LazyAOCTestLazy.xml
----------------- Instantiating /home/travis/build/icyphy/ptII/ptolemy/actor/lib/test/auto/LazyAOCTestLazy.xml
10 ms. Memory: 446464K Free: 352965K (79%)
----------------- Invoking toplevel() on ptolemy.moml.MoMLSimpleApplication@608a9f1c
----------------- Done invoking toplevel() on ptolemy.moml.MoMLSimpleApplication@608a9f1c
reloadAllAccessors: .LazyAOCTestLazy

===========================================================================================
----------------- testing Tue Dec 31 06:41:22 UTC 2019 /home/travis/build/icyphy/ptII/ptolemy/actor/lib/test/auto/LazyAOCTestNonLazy.xml
----------------- Instantiating /home/travis/build/icyphy/ptII/ptolemy/actor/lib/test/auto/LazyAOCTestNonLazy.xml
2 ms. Memory: 446464K Free: 346307K (78%)
----------------- Invoking toplevel() on ptolemy.moml.MoMLSimpleApplication@4fca6354
----------------- Done invoking toplevel() on ptolemy.moml.MoMLSimpleApplication@4fca6354
reloadAllAccessors: .LazyAOCTestNonLazy

===========================================================================================
----------------- testing Tue Dec 31 06:41:22 UTC 2019 /home/travis/build/icyphy/ptII/ptolemy/actor/lib/test/auto/LazyInnerClass.xml
----------------- Instantiating /home/travis/build/icyphy/ptII/ptolemy/actor/lib/test/auto/LazyInnerClass.xml
18 ms. Memory: 446464K Free: 338101K (76%)
----------------- Invoking toplevel() on ptolemy.moml.MoMLSimpleApplication@44772439
----------------- Done invoking toplevel() on ptolemy.moml.MoMLSimpleApplication@44772439
reloadAllAccessors: .LazyInnerClass

===========================================================================================
----------------- testing Tue Dec 31 06:41:22 UTC 2019 /home/travis/build/icyphy/ptII/ptolemy/actor/lib/test/auto/LazyPubSub.xml
----------------- Instantiating /home/travis/build/icyphy/ptII/ptolemy/actor/lib/test/auto/LazyPubSub.xml
24 ms. Memory: 446464K Free: 327875K (73%)
----------------- Invoking toplevel() on ptolemy.moml.MoMLSimpleApplication@6b4cc356
----------------- Done invoking toplevel() on ptolemy.moml.MoMLSimpleApplication@6b4cc356
reloadAllAccessors: .LazyPubSub

===========================================================================================
----------------- testing Tue Dec 31 06:41:22 UTC 2019 /home/travis/build/icyphy/ptII/ptolemy/actor/lib/test/auto/LazyPubSub2.xml
----------------- Instantiating /home/travis/build/icyphy/ptII/ptolemy/actor/lib/test/auto/LazyPubSub2.xml
21 ms. Memory: 446464K Free: 317635K (71%)
----------------- Invoking toplevel() on ptolemy.moml.MoMLSimpleApplication@2ae3a2
----------------- Done invoking toplevel() on ptolemy.moml.MoMLSimpleApplication@2ae3a2
reloadAllAccessors: .LazyPubSub2

===========================================================================================
----------------- testing Tue Dec 31 06:41:22 UTC 2019 /home/travis/build/icyphy/ptII/ptolemy/actor/lib/test/auto/LazyPubSub3.xml
----------------- Instantiating /home/travis/build/icyphy/ptII/ptolemy/actor/lib/test/auto/LazyPubSub3.xml
16 ms. Memory: 446464K Free: 307909K (69%)
----------------- Invoking toplevel() on ptolemy.moml.MoMLSimpleApplication@425d401c
----------------- Done invoking toplevel() on ptolemy.moml.MoMLSimpleApplication@425d401c
reloadAllAccessors: .LazyPubSub3

===========================================================================================
----------------- testing Tue Dec 31 06:41:22 UTC 2019 /home/travis/build/icyphy/ptII/ptolemy/actor/lib/test/auto/LazySubClassModel.xml
----------------- Instantiating /home/travis/build/icyphy/ptII/ptolemy/actor/lib/test/auto/LazySubClassModel.xml
2 ms. Memory: 446464K Free: 298693K (67%)
----------------- Invoking toplevel() on ptolemy.moml.MoMLSimpleApplication@256db2a9
----------------- Done invoking toplevel() on ptolemy.moml.MoMLSimpleApplication@256db2a9
reloadAllAccessors: .LazySubClassModel

===========================================================================================
----------------- testing Tue Dec 31 06:41:22 UTC 2019 /home/travis/build/icyphy/ptII/ptolemy/actor/lib/test/auto/LevelCrossTest1.xml
----------------- Instantiating /home/travis/build/icyphy/ptII/ptolemy/actor/lib/test/auto/LevelCrossTest1.xml
1 ms. Memory: 446464K Free: 293059K (66%)
----------------- Invoking toplevel() on ptolemy.moml.MoMLSimpleApplication@419647f4
----------------- Done invoking toplevel() on ptolemy.moml.MoMLSimpleApplication@419647f4
reloadAllAccessors: .broken

===========================================================================================
----------------- testing Tue Dec 31 06:41:22 UTC 2019 /home/travis/build/icyphy/ptII/ptolemy/actor/lib/test/auto/LevelCrossTest10.xml
----------------- Instantiating /home/travis/build/icyphy/ptII/ptolemy/actor/lib/test/auto/LevelCrossTest10.xml
1 ms. Memory: 446464K Free: 286405K (64%)
----------------- Invoking toplevel() on ptolemy.moml.MoMLSimpleApplication@7a9b5847
----------------- Done invoking toplevel() on ptolemy.moml.MoMLSimpleApplication@7a9b5847
reloadAllAccessors: .LevelCrossTest10

===========================================================================================
----------------- testing Tue Dec 31 06:41:22 UTC 2019 /home/travis/build/icyphy/ptII/ptolemy/actor/lib/test/auto/LevelCrossTest11.xml
----------------- Instantiating /home/travis/build/icyphy/ptII/ptolemy/actor/lib/test/auto/LevelCrossTest11.xml
1 ms. Memory: 446464K Free: 279747K (63%)
----------------- Invoking toplevel() on ptolemy.moml.MoMLSimpleApplication@236dc777
----------------- Done invoking toplevel() on ptolemy.moml.MoMLSimpleApplication@236dc777
reloadAllAccessors: .LevelCrossTest11

===========================================================================================
----------------- testing Tue Dec 31 06:41:22 UTC 2019 /home/travis/build/icyphy/ptII/ptolemy/actor/lib/test/auto/LevelCrossTest12.xml
----------------- Instantiating /home/travis/build/icyphy/ptII/ptolemy/actor/lib/test/auto/LevelCrossTest12.xml
1 ms. Memory: 446464K Free: 272579K (61%)
----------------- Invoking toplevel() on ptolemy.moml.MoMLSimpleApplication@71a2269
----------------- Done invoking toplevel() on ptolemy.moml.MoMLSimpleApplication@71a2269
reloadAllAccessors: .LevelCrossTest12

===========================================================================================
----------------- testing Tue Dec 31 06:41:22 UTC 2019 /home/travis/build/icyphy/ptII/ptolemy/actor/lib/test/auto/LevelCrossTest13.xml
----------------- Instantiating /home/travis/build/icyphy/ptII/ptolemy/actor/lib/test/auto/LevelCrossTest13.xml
1 ms. Memory: 446464K Free: 264901K (59%)
----------------- Invoking toplevel() on ptolemy.moml.MoMLSimpleApplication@315402b3
----------------- Done invoking toplevel() on ptolemy.moml.MoMLSimpleApplication@315402b3
reloadAllAccessors: .LevelCrossTest13

===========================================================================================
----------------- testing Tue Dec 31 06:41:22 UTC 2019 /home/travis/build/icyphy/ptII/ptolemy/actor/lib/test/auto/LevelCrossTest2.xml
----------------- Instantiating /home/travis/build/icyphy/ptII/ptolemy/actor/lib/test/auto/LevelCrossTest2.xml
1 ms. Memory: 446464K Free: 259267K (58%)
----------------- Invoking toplevel() on ptolemy.moml.MoMLSimpleApplication@580cf6ac
----------------- Done invoking toplevel() on ptolemy.moml.MoMLSimpleApplication@580cf6ac
reloadAllAccessors: .broken

===========================================================================================
----------------- testing Tue Dec 31 06:41:22 UTC 2019 /home/travis/build/icyphy/ptII/ptolemy/actor/lib/test/auto/LevelCrossTest3.xml
----------------- Instantiating /home/travis/build/icyphy/ptII/ptolemy/actor/lib/test/auto/LevelCrossTest3.xml
1 ms. Memory: 446464K Free: 252613K (57%)
----------------- Invoking toplevel() on ptolemy.moml.MoMLSimpleApplication@417a2417
----------------- Done invoking toplevel() on ptolemy.moml.MoMLSimpleApplication@417a2417
reloadAllAccessors: .LevelCrossTest3

===========================================================================================
----------------- testing Tue Dec 31 06:41:22 UTC 2019 /home/travis/build/icyphy/ptII/ptolemy/actor/lib/test/auto/LevelCrossTest4.xml
----------------- Instantiating /home/travis/build/icyphy/ptII/ptolemy/actor/lib/test/auto/LevelCrossTest4.xml
1 ms. Memory: 446464K Free: 247493K (55%)
----------------- Invoking toplevel() on ptolemy.moml.MoMLSimpleApplication@701871e3
----------------- Done invoking toplevel() on ptolemy.moml.MoMLSimpleApplication@701871e3
reloadAllAccessors: .broken

===========================================================================================
----------------- testing Tue Dec 31 06:41:22 UTC 2019 /home/travis/build/icyphy/ptII/ptolemy/actor/lib/test/auto/LevelCrossTest5.xml
----------------- Instantiating /home/travis/build/icyphy/ptII/ptolemy/actor/lib/test/auto/LevelCrossTest5.xml
1 ms. Memory: 446464K Free: 240835K (54%)
----------------- Invoking toplevel() on ptolemy.moml.MoMLSimpleApplication@4af94d32
----------------- Done invoking toplevel() on ptolemy.moml.MoMLSimpleApplication@4af94d32
reloadAllAccessors: .LevelCrossTest5

===========================================================================================
----------------- testing Tue Dec 31 06:41:22 UTC 2019 /home/travis/build/icyphy/ptII/ptolemy/actor/lib/test/auto/LevelCrossTest6.xml
----------------- Instantiating /home/travis/build/icyphy/ptII/ptolemy/actor/lib/test/auto/LevelCrossTest6.xml
1 ms. Memory: 446464K Free: 234181K (52%)
----------------- Invoking toplevel() on ptolemy.moml.MoMLSimpleApplication@26f6f296
----------------- Done invoking toplevel() on ptolemy.moml.MoMLSimpleApplication@26f6f296
reloadAllAccessors: .LevelCrossTest6

===========================================================================================
----------------- testing Tue Dec 31 06:41:22 UTC 2019 /home/travis/build/icyphy/ptII/ptolemy/actor/lib/test/auto/LevelCrossTest7.xml
----------------- Instantiating /home/travis/build/icyphy/ptII/ptolemy/actor/lib/test/auto/LevelCrossTest7.xml
2 ms. Memory: 446464K Free: 227013K (51%)
----------------- Invoking toplevel() on ptolemy.moml.MoMLSimpleApplication@6fb41c06
----------------- Done invoking toplevel() on ptolemy.moml.MoMLSimpleApplication@6fb41c06
reloadAllAccessors: .LevelCrossTest7

===========================================================================================
----------------- testing Tue Dec 31 06:41:22 UTC 2019 /home/travis/build/icyphy/ptII/ptolemy/actor/lib/test/auto/LevelCrossTest8.xml
----------------- Instantiating /home/travis/build/icyphy/ptII/ptolemy/actor/lib/test/auto/LevelCrossTest8.xml
3 ms. Memory: 446464K Free: 219331K (49%)
----------------- Invoking toplevel() on ptolemy.moml.MoMLSimpleApplication@300130bf
----------------- Done invoking toplevel() on ptolemy.moml.MoMLSimpleApplication@300130bf
reloadAllAccessors: .LevelCrossTest8

===========================================================================================
----------------- testing Tue Dec 31 06:41:22 UTC 2019 /home/travis/build/icyphy/ptII/ptolemy/actor/lib/test/auto/LevelCrossTest9.xml
----------------- Instantiating /home/travis/build/icyphy/ptII/ptolemy/actor/lib/test/auto/LevelCrossTest9.xml
1 ms. Memory: 446464K Free: 212677K (48%)
----------------- Invoking toplevel() on ptolemy.moml.MoMLSimpleApplication@426bf2d5
----------------- Done invoking toplevel() on ptolemy.moml.MoMLSimpleApplication@426bf2d5
reloadAllAccessors: .LevelCrossTest9

===========================================================================================
----------------- testing Tue Dec 31 06:41:22 UTC 2019 /home/travis/build/icyphy/ptII/ptolemy/actor/lib/test/auto/LevinsonDurbin.xml
----------------- Instantiating /home/travis/build/icyphy/ptII/ptolemy/actor/lib/test/auto/LevinsonDurbin.xml
8 ms. Memory: 446464K Free: 208581K (47%)
----------------- Invoking toplevel() on ptolemy.moml.MoMLSimpleApplication@2434fd23
----------------- Done invoking toplevel() on ptolemy.moml.MoMLSimpleApplication@2434fd23
reloadAllAccessors: .LevinsonDurbin

===========================================================================================
----------------- testing Tue Dec 31 06:41:22 UTC 2019 /home/travis/build/icyphy/ptII/ptolemy/actor/lib/test/auto/LevinsonDurbin2.xml
----------------- Instantiating /home/travis/build/icyphy/ptII/ptolemy/actor/lib/test/auto/LevinsonDurbin2.xml
1 ms. Memory: 446464K Free: 204995K (46%)
----------------- Invoking toplevel() on ptolemy.moml.MoMLSimpleApplication@30bbbb03
----------------- Done invoking toplevel() on ptolemy.moml.MoMLSimpleApplication@30bbbb03
reloadAllAccessors: .LevinsonDurbin2

===========================================================================================
----------------- testing Tue Dec 31 06:41:22 UTC 2019 /home/travis/build/icyphy/ptII/ptolemy/actor/lib/test/auto/LevinsonDurbin3.xml
----------------- Instantiating /home/travis/build/icyphy/ptII/ptolemy/actor/lib/test/auto/LevinsonDurbin3.xml
6 ms. Memory: 446464K Free: 200899K (45%)
----------------- Invoking toplevel() on ptolemy.moml.MoMLSimpleApplication@473f9c58
----------------- Done invoking toplevel() on ptolemy.moml.MoMLSimpleApplication@473f9c58
reloadAllAccessors: .LevinsonDurbin3

===========================================================================================
----------------- testing Tue Dec 31 06:41:22 UTC 2019 /home/travis/build/icyphy/ptII/ptolemy/actor/lib/test/auto/Limiter.xml
----------------- Instantiating /home/travis/build/icyphy/ptII/ptolemy/actor/lib/test/auto/Limiter.xml
10 ms. Memory: 446464K Free: 191669K (43%)
----------------- Invoking toplevel() on ptolemy.moml.MoMLSimpleApplication@3a081333
----------------- Done invoking toplevel() on ptolemy.moml.MoMLSimpleApplication@3a081333
reloadAllAccessors: .Limiter

===========================================================================================
----------------- testing Tue Dec 31 06:41:22 UTC 2019 /home/travis/build/icyphy/ptII/ptolemy/actor/lib/test/auto/LinearDifferenceEquationSystem.xml
----------------- Instantiating /home/travis/build/icyphy/ptII/ptolemy/actor/lib/test/auto/LinearDifferenceEquationSystem.xml
3 ms. Memory: 446464K Free: 185029K (41%)
----------------- Invoking toplevel() on ptolemy.moml.MoMLSimpleApplication@2d3334bc
----------------- Done invoking toplevel() on ptolemy.moml.MoMLSimpleApplication@2d3334bc
reloadAllAccessors: .LinearDifferenceEquationSystem

===========================================================================================
----------------- testing Tue Dec 31 06:41:22 UTC 2019 /home/travis/build/icyphy/ptII/ptolemy/actor/lib/test/auto/LookupTable.xml
----------------- Instantiating /home/travis/build/icyphy/ptII/ptolemy/actor/lib/test/auto/LookupTable.xml
2 ms. Memory: 446464K Free: 180419K (40%)
----------------- Invoking toplevel() on ptolemy.moml.MoMLSimpleApplication@807ef40
----------------- Done invoking toplevel() on ptolemy.moml.MoMLSimpleApplication@807ef40
reloadAllAccessors: .LookupTable

===========================================================================================
----------------- testing Tue Dec 31 06:41:22 UTC 2019 /home/travis/build/icyphy/ptII/ptolemy/actor/lib/test/auto/MathFunction.xml
----------------- Instantiating /home/travis/build/icyphy/ptII/ptolemy/actor/lib/test/auto/MathFunction.xml
2 ms. Memory: 446464K Free: 172227K (39%)
----------------- Invoking toplevel() on ptolemy.moml.MoMLSimpleApplication@5d160941
----------------- Done invoking toplevel() on ptolemy.moml.MoMLSimpleApplication@5d160941
reloadAllAccessors: .MathFunction

===========================================================================================
----------------- testing Tue Dec 31 06:41:22 UTC 2019 /home/travis/build/icyphy/ptII/ptolemy/actor/lib/test/auto/MathFunction2.xml
----------------- Instantiating /home/travis/build/icyphy/ptII/ptolemy/actor/lib/test/auto/MathFunction2.xml
1 ms. Memory: 446464K Free: 168131K (38%)
----------------- Invoking toplevel() on ptolemy.moml.MoMLSimpleApplication@40b9bb4e
----------------- Done invoking toplevel() on ptolemy.moml.MoMLSimpleApplication@40b9bb4e
reloadAllAccessors: .MathFunction2

===========================================================================================
----------------- testing Tue Dec 31 06:41:22 UTC 2019 /home/travis/build/icyphy/ptII/ptolemy/actor/lib/test/auto/MathFunction3.xml
----------------- Instantiating /home/travis/build/icyphy/ptII/ptolemy/actor/lib/test/auto/MathFunction3.xml
2 ms. Memory: 446464K Free: 161477K (36%)
----------------- Invoking toplevel() on ptolemy.moml.MoMLSimpleApplication@1055c5a3
----------------- Done invoking toplevel() on ptolemy.moml.MoMLSimpleApplication@1055c5a3
reloadAllAccessors: .MathFunction3

===========================================================================================
----------------- testing Tue Dec 31 06:41:22 UTC 2019 /home/travis/build/icyphy/ptII/ptolemy/actor/lib/test/auto/MatrixCropBoolean.xml
----------------- Instantiating /home/travis/build/icyphy/ptII/ptolemy/actor/lib/test/auto/MatrixCropBoolean.xml
2 ms. Memory: 446464K Free: 156867K (35%)
----------------- Invoking toplevel() on ptolemy.moml.MoMLSimpleApplication@6a362e2
----------------- Done invoking toplevel() on ptolemy.moml.MoMLSimpleApplication@6a362e2
reloadAllAccessors: .MatrixCropBoolean

===========================================================================================
----------------- testing Tue Dec 31 06:41:22 UTC 2019 /home/travis/build/icyphy/ptII/ptolemy/actor/lib/test/auto/MatrixCropComplex.xml
----------------- Instantiating /home/travis/build/icyphy/ptII/ptolemy/actor/lib/test/auto/MatrixCropComplex.xml
1 ms. Memory: 446464K Free: 151747K (34%)
----------------- Invoking toplevel() on ptolemy.moml.MoMLSimpleApplication@115ffa57
----------------- Done invoking toplevel() on ptolemy.moml.MoMLSimpleApplication@115ffa57
reloadAllAccessors: .MatrixCropComplex

===========================================================================================
----------------- testing Tue Dec 31 06:41:22 UTC 2019 /home/travis/build/icyphy/ptII/ptolemy/actor/lib/test/auto/MatrixCropDouble.xml
----------------- Instantiating /home/travis/build/icyphy/ptII/ptolemy/actor/lib/test/auto/MatrixCropDouble.xml
2 ms. Memory: 446464K Free: 147141K (33%)
----------------- Invoking toplevel() on ptolemy.moml.MoMLSimpleApplication@7293d7f4
----------------- Done invoking toplevel() on ptolemy.moml.MoMLSimpleApplication@7293d7f4
reloadAllAccessors: .MatrixCropDouble

===========================================================================================
----------------- testing Tue Dec 31 06:41:22 UTC 2019 /home/travis/build/icyphy/ptII/ptolemy/actor/lib/test/auto/MatrixCropFix.xml
----------------- Instantiating /home/travis/build/icyphy/ptII/ptolemy/actor/lib/test/auto/MatrixCropFix.xml
2 ms. Memory: 446464K Free: 142021K (32%)
----------------- Invoking toplevel() on ptolemy.moml.MoMLSimpleApplication@75aa09ad
----------------- Done invoking toplevel() on ptolemy.moml.MoMLSimpleApplication@75aa09ad
reloadAllAccessors: .MatrixCropFix

===========================================================================================
----------------- testing Tue Dec 31 06:41:22 UTC 2019 /home/travis/build/icyphy/ptII/ptolemy/actor/lib/test/auto/MatrixCropInt.xml
----------------- Instantiating /home/travis/build/icyphy/ptII/ptolemy/actor/lib/test/auto/MatrixCropInt.xml
1 ms. Memory: 446464K Free: 136901K (31%)
----------------- Invoking toplevel() on ptolemy.moml.MoMLSimpleApplication@11db8c2b
----------------- Done invoking toplevel() on ptolemy.moml.MoMLSimpleApplication@11db8c2b
reloadAllAccessors: .MatrixCropInt

===========================================================================================
----------------- testing Tue Dec 31 06:41:22 UTC 2019 /home/travis/build/icyphy/ptII/ptolemy/actor/lib/test/auto/MatrixCropLong.xml
----------------- Instantiating /home/travis/build/icyphy/ptII/ptolemy/actor/lib/test/auto/MatrixCropLong.xml
3 ms. Memory: 446464K Free: 131781K (30%)
----------------- Invoking toplevel() on ptolemy.moml.MoMLSimpleApplication@6cb8e318
----------------- Done invoking toplevel() on ptolemy.moml.MoMLSimpleApplication@6cb8e318
reloadAllAccessors: .MatrixCropLong

===========================================================================================
----------------- testing Tue Dec 31 06:41:22 UTC 2019 /home/travis/build/icyphy/ptII/ptolemy/actor/lib/test/auto/MatrixToArray.xml
----------------- Instantiating /home/travis/build/icyphy/ptII/ptolemy/actor/lib/test/auto/MatrixToArray.xml
5 ms. Memory: 446464K Free: 379211K (85%)
----------------- Invoking toplevel() on ptolemy.moml.MoMLSimpleApplication@7f060149
----------------- Done invoking toplevel() on ptolemy.moml.MoMLSimpleApplication@7f060149
reloadAllAccessors: .MatrixToArray

===========================================================================================
----------------- testing Tue Dec 31 06:41:22 UTC 2019 /home/travis/build/icyphy/ptII/ptolemy/actor/lib/test/auto/MaxIndex.xml
----------------- Instantiating /home/travis/build/icyphy/ptII/ptolemy/actor/lib/test/auto/MaxIndex.xml
2 ms. Memory: 446464K Free: 374091K (84%)
----------------- Invoking toplevel() on ptolemy.moml.MoMLSimpleApplication@cdad526
----------------- Done invoking toplevel() on ptolemy.moml.MoMLSimpleApplication@cdad526
reloadAllAccessors: .MaxIndex

===========================================================================================
----------------- testing Tue Dec 31 06:41:23 UTC 2019 /home/travis/build/icyphy/ptII/ptolemy/actor/lib/test/auto/Maximum.xml
----------------- Instantiating /home/travis/build/icyphy/ptII/ptolemy/actor/lib/test/auto/Maximum.xml
5 ms. Memory: 446464K Free: 367403K (82%)
----------------- Invoking toplevel() on ptolemy.moml.MoMLSimpleApplication@2ea12496
----------------- Done invoking toplevel() on ptolemy.moml.MoMLSimpleApplication@2ea12496
reloadAllAccessors: .Maximum

===========================================================================================
----------------- testing Tue Dec 31 06:41:23 UTC 2019 /home/travis/build/icyphy/ptII/ptolemy/actor/lib/test/auto/MaximumComplex.xml
----------------- Instantiating /home/travis/build/icyphy/ptII/ptolemy/actor/lib/test/auto/MaximumComplex.xml
4 ms. Memory: 446464K Free: 361275K (81%)
----------------- Invoking toplevel() on ptolemy.moml.MoMLSimpleApplication@272016e3
----------------- Done invoking toplevel() on ptolemy.moml.MoMLSimpleApplication@272016e3
reloadAllAccessors: .MaximumComplex

===========================================================================================
----------------- testing Tue Dec 31 06:41:23 UTC 2019 /home/travis/build/icyphy/ptII/ptolemy/actor/lib/test/auto/MethodCallTest.xml
----------------- Instantiating /home/travis/build/icyphy/ptII/ptolemy/actor/lib/test/auto/MethodCallTest.xml
3 ms. Memory: 446464K Free: 355145K (80%)
----------------- Invoking toplevel() on ptolemy.moml.MoMLSimpleApplication@2c9e16cb
----------------- Done invoking toplevel() on ptolemy.moml.MoMLSimpleApplication@2c9e16cb
reloadAllAccessors: .MethodCallTest

===========================================================================================
----------------- testing Tue Dec 31 06:41:23 UTC 2019 /home/travis/build/icyphy/ptII/ptolemy/actor/lib/test/auto/Minimum.xml
----------------- Instantiating /home/travis/build/icyphy/ptII/ptolemy/actor/lib/test/auto/Minimum.xml
2 ms. Memory: 446464K Free: 348987K (78%)
----------------- Invoking toplevel() on ptolemy.moml.MoMLSimpleApplication@3be2bf3a
----------------- Done invoking toplevel() on ptolemy.moml.MoMLSimpleApplication@3be2bf3a
reloadAllAccessors: .Minimum

===========================================================================================
----------------- testing Tue Dec 31 06:41:23 UTC 2019 /home/travis/build/icyphy/ptII/ptolemy/actor/lib/test/auto/MinimumComplex.xml
----------------- Instantiating /home/travis/build/icyphy/ptII/ptolemy/actor/lib/test/auto/MinimumComplex.xml
2 ms. Memory: 446464K Free: 342843K (77%)
----------------- Invoking toplevel() on ptolemy.moml.MoMLSimpleApplication@4ab4bc56
----------------- Done invoking toplevel() on ptolemy.moml.MoMLSimpleApplication@4ab4bc56
reloadAllAccessors: .MinimumComplex

===========================================================================================
----------------- testing Tue Dec 31 06:41:23 UTC 2019 /home/travis/build/icyphy/ptII/ptolemy/actor/lib/test/auto/MinimumMultiports.xml
----------------- Instantiating /home/travis/build/icyphy/ptII/ptolemy/actor/lib/test/auto/MinimumMultiports.xml
2 ms. Memory: 446464K Free: 334155K (75%)
----------------- Invoking toplevel() on ptolemy.moml.MoMLSimpleApplication@73af68f2
----------------- Done invoking toplevel() on ptolemy.moml.MoMLSimpleApplication@73af68f2
reloadAllAccessors: .MinimumMultiports

===========================================================================================
----------------- testing Tue Dec 31 06:41:23 UTC 2019 /home/travis/build/icyphy/ptII/ptolemy/actor/lib/test/auto/ModifyDate.xml
----------------- Instantiating /home/travis/build/icyphy/ptII/ptolemy/actor/lib/test/auto/ModifyDate.xml
9 ms. Memory: 446464K Free: 321353K (72%)
----------------- Invoking toplevel() on ptolemy.moml.MoMLSimpleApplication@739fd0b5
----------------- Done invoking toplevel() on ptolemy.moml.MoMLSimpleApplication@739fd0b5
reloadAllAccessors: .ModifyDate

===========================================================================================
----------------- testing Tue Dec 31 06:41:23 UTC 2019 /home/travis/build/icyphy/ptII/ptolemy/actor/lib/test/auto/ModifyDate2.xml
----------------- Instantiating /home/travis/build/icyphy/ptII/ptolemy/actor/lib/test/auto/ModifyDate2.xml
11 ms. Memory: 446464K Free: 313161K (70%)
----------------- Invoking toplevel() on ptolemy.moml.MoMLSimpleApplication@30dbb000
----------------- Done invoking toplevel() on ptolemy.moml.MoMLSimpleApplication@30dbb000
reloadAllAccessors: .ModifyDate2

===========================================================================================
----------------- testing Tue Dec 31 06:41:23 UTC 2019 /home/travis/build/icyphy/ptII/ptolemy/actor/lib/test/auto/MovingAverage.xml
----------------- Instantiating /home/travis/build/icyphy/ptII/ptolemy/actor/lib/test/auto/MovingAverage.xml
3 ms. Memory: 446464K Free: 308041K (69%)
----------------- Invoking toplevel() on ptolemy.moml.MoMLSimpleApplication@7c6b8c74
----------------- Done invoking toplevel() on ptolemy.moml.MoMLSimpleApplication@7c6b8c74
reloadAllAccessors: .MovingAverage

===========================================================================================
----------------- testing Tue Dec 31 06:41:23 UTC 2019 /home/travis/build/icyphy/ptII/ptolemy/actor/lib/test/auto/MovingMaximum.xml
----------------- Instantiating /home/travis/build/icyphy/ptII/ptolemy/actor/lib/test/auto/MovingMaximum.xml
1 ms. Memory: 446464K Free: 303435K (68%)
----------------- Invoking toplevel() on ptolemy.moml.MoMLSimpleApplication@6af14569
----------------- Done invoking toplevel() on ptolemy.moml.MoMLSimpleApplication@6af14569
reloadAllAccessors: .MovingMaximum

===========================================================================================
----------------- testing Tue Dec 31 06:41:23 UTC 2019 /home/travis/build/icyphy/ptII/ptolemy/actor/lib/test/auto/MultipleLinksToSameRelation.xml
----------------- Instantiating /home/travis/build/icyphy/ptII/ptolemy/actor/lib/test/auto/MultipleLinksToSameRelation.xml
2 ms. Memory: 446464K Free: 299339K (67%)
----------------- Invoking toplevel() on ptolemy.moml.MoMLSimpleApplication@12e7c20d
----------------- Done invoking toplevel() on ptolemy.moml.MoMLSimpleApplication@12e7c20d
reloadAllAccessors: .MultipleLinksToSameRelation

===========================================================================================
----------------- testing Tue Dec 31 06:41:23 UTC 2019 /home/travis/build/icyphy/ptII/ptolemy/actor/lib/test/auto/MultipleLinksToSameRelationDE.xml
----------------- Instantiating /home/travis/build/icyphy/ptII/ptolemy/actor/lib/test/auto/MultipleLinksToSameRelationDE.xml
1 ms. Memory: 446464K Free: 295243K (66%)
----------------- Invoking toplevel() on ptolemy.moml.MoMLSimpleApplication@515258a8
----------------- Done invoking toplevel() on ptolemy.moml.MoMLSimpleApplication@515258a8
reloadAllAccessors: .MultipleLinksToSameRelationDE

===========================================================================================
----------------- testing Tue Dec 31 06:41:23 UTC 2019 /home/travis/build/icyphy/ptII/ptolemy/actor/lib/test/auto/Multiplexor.xml
----------------- Instantiating /home/travis/build/icyphy/ptII/ptolemy/actor/lib/test/auto/Multiplexor.xml
2 ms. Memory: 446464K Free: 289609K (65%)
----------------- Invoking toplevel() on ptolemy.moml.MoMLSimpleApplication@3435bc0
----------------- Done invoking toplevel() on ptolemy.moml.MoMLSimpleApplication@3435bc0
reloadAllAccessors: .Multiplexor

===========================================================================================
----------------- testing Tue Dec 31 06:41:23 UTC 2019 /home/travis/build/icyphy/ptII/ptolemy/actor/lib/test/auto/Multiplexor1.xml
----------------- Instantiating /home/travis/build/icyphy/ptII/ptolemy/actor/lib/test/auto/Multiplexor1.xml
2 ms. Memory: 446464K Free: 283979K (64%)
----------------- Invoking toplevel() on ptolemy.moml.MoMLSimpleApplication@972a32a
----------------- Done invoking toplevel() on ptolemy.moml.MoMLSimpleApplication@972a32a
reloadAllAccessors: .Multiplexor1

===========================================================================================
----------------- testing Tue Dec 31 06:41:23 UTC 2019 /home/travis/build/icyphy/ptII/ptolemy/actor/lib/test/auto/Multiplexor2.xml
----------------- Instantiating /home/travis/build/icyphy/ptII/ptolemy/actor/lib/test/auto/Multiplexor2.xml
5 ms. Memory: 446464K Free: 277321K (62%)
----------------- Invoking toplevel() on ptolemy.moml.MoMLSimpleApplication@55152651
----------------- Done invoking toplevel() on ptolemy.moml.MoMLSimpleApplication@55152651
reloadAllAccessors: .Multiplexor2

===========================================================================================
----------------- testing Tue Dec 31 06:41:23 UTC 2019 /home/travis/build/icyphy/ptII/ptolemy/actor/lib/test/auto/Multiplexor3.xml
----------------- Instantiating /home/travis/build/icyphy/ptII/ptolemy/actor/lib/test/auto/Multiplexor3.xml
2 ms. Memory: 446464K Free: 273225K (61%)
----------------- Invoking toplevel() on ptolemy.moml.MoMLSimpleApplication@32aad57f
----------------- Done invoking toplevel() on ptolemy.moml.MoMLSimpleApplication@32aad57f
reloadAllAccessors: .Multiplexor3

===========================================================================================
----------------- testing Tue Dec 31 06:41:23 UTC 2019 /home/travis/build/icyphy/ptII/ptolemy/actor/lib/test/auto/MultiplexorDE.xml
----------------- Instantiating /home/travis/build/icyphy/ptII/ptolemy/actor/lib/test/auto/MultiplexorDE.xml
2 ms. Memory: 446464K Free: 266027K (60%)
----------------- Invoking toplevel() on ptolemy.moml.MoMLSimpleApplication@6896c337
----------------- Done invoking toplevel() on ptolemy.moml.MoMLSimpleApplication@6896c337
reloadAllAccessors: .MultiplexorDE

===========================================================================================
----------------- testing Tue Dec 31 06:41:23 UTC 2019 /home/travis/build/icyphy/ptII/ptolemy/actor/lib/test/auto/MultiportBroadcastTest.xml
----------------- Instantiating /home/travis/build/icyphy/ptII/ptolemy/actor/lib/test/auto/MultiportBroadcastTest.xml
81 ms. Memory: 446464K Free: 259403K (58%)
----------------- Invoking toplevel() on ptolemy.moml.MoMLSimpleApplication@475c8907
----------------- Done invoking toplevel() on ptolemy.moml.MoMLSimpleApplication@475c8907
reloadAllAccessors: .MultiportBroadcastTest

===========================================================================================
----------------- testing Tue Dec 31 06:41:23 UTC 2019 /home/travis/build/icyphy/ptII/ptolemy/actor/lib/test/auto/MultiportOutHangDuringGetWidth.xml
----------------- Instantiating /home/travis/build/icyphy/ptII/ptolemy/actor/lib/test/auto/MultiportOutHangDuringGetWidth.xml
4 ms. Memory: 446464K Free: 247595K (55%)
----------------- Invoking toplevel() on ptolemy.moml.MoMLSimpleApplication@7fb863c5
----------------- Done invoking toplevel() on ptolemy.moml.MoMLSimpleApplication@7fb863c5
reloadAllAccessors: .MultiportOutHangDuringGetWidth

===========================================================================================
----------------- testing Tue Dec 31 06:41:23 UTC 2019 /home/travis/build/icyphy/ptII/ptolemy/actor/lib/test/auto/NilToken.xml
----------------- Instantiating /home/travis/build/icyphy/ptII/ptolemy/actor/lib/test/auto/NilToken.xml
1 ms. Memory: 446464K Free: 243529K (55%)
----------------- Invoking toplevel() on ptolemy.moml.MoMLSimpleApplication@70b0c028
----------------- Done invoking toplevel() on ptolemy.moml.MoMLSimpleApplication@70b0c028
reloadAllAccessors: .NilToken

===========================================================================================
----------------- testing Tue Dec 31 06:41:23 UTC 2019 /home/travis/build/icyphy/ptII/ptolemy/actor/lib/test/auto/NilTokenNonStrictTest.xml
----------------- Instantiating /home/travis/build/icyphy/ptII/ptolemy/actor/lib/test/auto/NilTokenNonStrictTest.xml
2 ms. Memory: 446464K Free: 238409K (53%)
----------------- Invoking toplevel() on ptolemy.moml.MoMLSimpleApplication@658aeb45
----------------- Done invoking toplevel() on ptolemy.moml.MoMLSimpleApplication@658aeb45
reloadAllAccessors: .NilTokenNonStrictTest

===========================================================================================
----------------- testing Tue Dec 31 06:41:23 UTC 2019 /home/travis/build/icyphy/ptII/ptolemy/actor/lib/test/auto/NilTokenRecord.xml
----------------- Instantiating /home/travis/build/icyphy/ptII/ptolemy/actor/lib/test/auto/NilTokenRecord.xml
11 ms. Memory: 446464K Free: 231755K (52%)
----------------- Invoking toplevel() on ptolemy.moml.MoMLSimpleApplication@4d9ebc87
----------------- Done invoking toplevel() on ptolemy.moml.MoMLSimpleApplication@4d9ebc87
reloadAllAccessors: .NilTokenRecord

===========================================================================================
----------------- testing Tue Dec 31 06:41:23 UTC 2019 /home/travis/build/icyphy/ptII/ptolemy/actor/lib/test/auto/NilTokenTypeTest.xml
----------------- Instantiating /home/travis/build/icyphy/ptII/ptolemy/actor/lib/test/auto/NilTokenTypeTest.xml
5 ms. Memory: 446464K Free: 222539K (50%)
----------------- Invoking toplevel() on ptolemy.moml.MoMLSimpleApplication@78076f2e
----------------- Done invoking toplevel() on ptolemy.moml.MoMLSimpleApplication@78076f2e
reloadAllAccessors: .NilTokenTypeTest

===========================================================================================
----------------- testing Tue Dec 31 06:41:23 UTC 2019 /home/travis/build/icyphy/ptII/ptolemy/actor/lib/test/auto/ObjectToken1.xml
----------------- Instantiating /home/travis/build/icyphy/ptII/ptolemy/actor/lib/test/auto/ObjectToken1.xml
2 ms. Memory: 446464K Free: 218443K (49%)
----------------- Invoking toplevel() on ptolemy.moml.MoMLSimpleApplication@2132ec5
----------------- Done invoking toplevel() on ptolemy.moml.MoMLSimpleApplication@2132ec5
reloadAllAccessors: .ObjectToken1

===========================================================================================
----------------- testing Tue Dec 31 06:41:23 UTC 2019 /home/travis/build/icyphy/ptII/ptolemy/actor/lib/test/auto/OrderedMerge.xml
----------------- Instantiating /home/travis/build/icyphy/ptII/ptolemy/actor/lib/test/auto/OrderedMerge.xml
8 ms. Memory: 446464K Free: 212809K (48%)
----------------- Invoking toplevel() on ptolemy.moml.MoMLSimpleApplication@2312f4b6
----------------- Done invoking toplevel() on ptolemy.moml.MoMLSimpleApplication@2312f4b6
reloadAllAccessors: .OrderedMerge

===========================================================================================
----------------- testing Tue Dec 31 06:41:23 UTC 2019 /home/travis/build/icyphy/ptII/ptolemy/actor/lib/test/auto/OrderedRecordDisassembler.xml
----------------- Instantiating /home/travis/build/icyphy/ptII/ptolemy/actor/lib/test/auto/OrderedRecordDisassembler.xml
7 ms. Memory: 446464K Free: 207683K (47%)
----------------- Invoking toplevel() on ptolemy.moml.MoMLSimpleApplication@549dc5a4
----------------- Done invoking toplevel() on ptolemy.moml.MoMLSimpleApplication@549dc5a4
reloadAllAccessors: .OrderedRecordDisassembler

===========================================================================================
----------------- testing Tue Dec 31 06:41:23 UTC 2019 /home/travis/build/icyphy/ptII/ptolemy/actor/lib/test/auto/OrderedRecordDisassembler2.xml
----------------- Instantiating /home/travis/build/icyphy/ptII/ptolemy/actor/lib/test/auto/OrderedRecordDisassembler2.xml
3 ms. Memory: 446464K Free: 200011K (45%)
----------------- Invoking toplevel() on ptolemy.moml.MoMLSimpleApplication@4bc3b457
----------------- Done invoking toplevel() on ptolemy.moml.MoMLSimpleApplication@4bc3b457
reloadAllAccessors: .OrderedRecordDisassembler2

===========================================================================================
----------------- testing Tue Dec 31 06:41:23 UTC 2019 /home/travis/build/icyphy/ptII/ptolemy/actor/lib/test/auto/OrderedRecordUpdater.xml
----------------- Instantiating /home/travis/build/icyphy/ptII/ptolemy/actor/lib/test/auto/OrderedRecordUpdater.xml
2 ms. Memory: 446464K Free: 195915K (44%)
----------------- Invoking toplevel() on ptolemy.moml.MoMLSimpleApplication@17e266b2
----------------- Done invoking toplevel() on ptolemy.moml.MoMLSimpleApplication@17e266b2
reloadAllAccessors: .RecordUpdater

===========================================================================================
----------------- testing Tue Dec 31 06:41:23 UTC 2019 /home/travis/build/icyphy/ptII/ptolemy/actor/lib/test/auto/OrderedRecordUpdater2.xml
----------------- Instantiating /home/travis/build/icyphy/ptII/ptolemy/actor/lib/test/auto/OrderedRecordUpdater2.xml
3 ms. Memory: 446464K Free: 190795K (43%)
----------------- Invoking toplevel() on ptolemy.moml.MoMLSimpleApplication@34efffe0
----------------- Done invoking toplevel() on ptolemy.moml.MoMLSimpleApplication@34efffe0
reloadAllAccessors: .RecordUpdater2

===========================================================================================
----------------- testing Tue Dec 31 06:41:23 UTC 2019 /home/travis/build/icyphy/ptII/ptolemy/actor/lib/test/auto/PhaseUnwrap.xml
----------------- Instantiating /home/travis/build/icyphy/ptII/ptolemy/actor/lib/test/auto/PhaseUnwrap.xml
2 ms. Memory: 446464K Free: 186185K (42%)
----------------- Invoking toplevel() on ptolemy.moml.MoMLSimpleApplication@531eba2f
----------------- Done invoking toplevel() on ptolemy.moml.MoMLSimpleApplication@531eba2f
reloadAllAccessors: .PhaseUnwrap

===========================================================================================
----------------- testing Tue Dec 31 06:41:23 UTC 2019 /home/travis/build/icyphy/ptII/ptolemy/actor/lib/test/auto/PoissonClock.xml
----------------- Instantiating /home/travis/build/icyphy/ptII/ptolemy/actor/lib/test/auto/PoissonClock.xml
2 ms. Memory: 446464K Free: 182089K (41%)
----------------- Invoking toplevel() on ptolemy.moml.MoMLSimpleApplication@17e90bad
----------------- Done invoking toplevel() on ptolemy.moml.MoMLSimpleApplication@17e90bad
reloadAllAccessors: .PoissonClock

===========================================================================================
----------------- testing Tue Dec 31 06:41:23 UTC 2019 /home/travis/build/icyphy/ptII/ptolemy/actor/lib/test/auto/PoissonClock2.xml
----------------- Instantiating /home/travis/build/icyphy/ptII/ptolemy/actor/lib/test/auto/PoissonClock2.xml
1 ms. Memory: 446464K Free: 177483K (40%)
----------------- Invoking toplevel() on ptolemy.moml.MoMLSimpleApplication@57192a80
----------------- Done invoking toplevel() on ptolemy.moml.MoMLSimpleApplication@57192a80
reloadAllAccessors: .PoissonClock2

===========================================================================================
----------------- testing Tue Dec 31 06:41:23 UTC 2019 /home/travis/build/icyphy/ptII/ptolemy/actor/lib/test/auto/PoissonClock3.xml
----------------- Instantiating /home/travis/build/icyphy/ptII/ptolemy/actor/lib/test/auto/PoissonClock3.xml
1 ms. Memory: 446464K Free: 172873K (39%)
----------------- Invoking toplevel() on ptolemy.moml.MoMLSimpleApplication@2b839eaf
----------------- Done invoking toplevel() on ptolemy.moml.MoMLSimpleApplication@2b839eaf
reloadAllAccessors: .PoissonClock3

===========================================================================================
----------------- testing Tue Dec 31 06:41:23 UTC 2019 /home/travis/build/icyphy/ptII/ptolemy/actor/lib/test/auto/PubSubWithInitialTokens.xml
----------------- Instantiating /home/travis/build/icyphy/ptII/ptolemy/actor/lib/test/auto/PubSubWithInitialTokens.xml
3 ms. Memory: 446464K Free: 167747K (38%)
----------------- Invoking toplevel() on ptolemy.moml.MoMLSimpleApplication@168a247d
----------------- Done invoking toplevel() on ptolemy.moml.MoMLSimpleApplication@168a247d
reloadAllAccessors: .PubSubWithInitialTokens

===========================================================================================
----------------- testing Tue Dec 31 06:41:23 UTC 2019 /home/travis/build/icyphy/ptII/ptolemy/actor/lib/test/auto/PubSubWithInitialTokens2.xml
----------------- Instantiating /home/travis/build/icyphy/ptII/ptolemy/actor/lib/test/auto/PubSubWithInitialTokens2.xml
2 ms. Memory: 446464K Free: 161595K (36%)
----------------- Invoking toplevel() on ptolemy.moml.MoMLSimpleApplication@9dbd38a
----------------- Done invoking toplevel() on ptolemy.moml.MoMLSimpleApplication@9dbd38a
reloadAllAccessors: .PubSubWithInitialTokens2

===========================================================================================
----------------- testing Tue Dec 31 06:41:23 UTC 2019 /home/travis/build/icyphy/ptII/ptolemy/actor/lib/test/auto/PublisherClassNoParameter.xml
----------------- Instantiating /home/travis/build/icyphy/ptII/ptolemy/actor/lib/test/auto/PublisherClassNoParameter.xml
2 ms. Memory: 446464K Free: 151883K (34%)
----------------- Invoking toplevel() on ptolemy.moml.MoMLSimpleApplication@76f66ffd
----------------- Done invoking toplevel() on ptolemy.moml.MoMLSimpleApplication@76f66ffd
reloadAllAccessors: .PublisherClassNoParameter

===========================================================================================
----------------- testing Tue Dec 31 06:41:23 UTC 2019 /home/travis/build/icyphy/ptII/ptolemy/actor/lib/test/auto/PublisherClassParameter.xml
----------------- Instantiating /home/travis/build/icyphy/ptII/ptolemy/actor/lib/test/auto/PublisherClassParameter.xml
2 ms. Memory: 446464K Free: 141643K (32%)
----------------- Invoking toplevel() on ptolemy.moml.MoMLSimpleApplication@357cb9c0
----------------- Done invoking toplevel() on ptolemy.moml.MoMLSimpleApplication@357cb9c0
reloadAllAccessors: .PublisherClassParameter

===========================================================================================
----------------- testing Tue Dec 31 06:41:23 UTC 2019 /home/travis/build/icyphy/ptII/ptolemy/actor/lib/test/auto/PublisherNonStrictTest.xml
----------------- Instantiating /home/travis/build/icyphy/ptII/ptolemy/actor/lib/test/auto/PublisherNonStrictTest.xml
2 ms. Memory: 446464K Free: 133955K (30%)
----------------- Invoking toplevel() on ptolemy.moml.MoMLSimpleApplication@6efdc7d5
----------------- Done invoking toplevel() on ptolemy.moml.MoMLSimpleApplication@6efdc7d5
reloadAllAccessors: .PublisherNonStrictTest

===========================================================================================
----------------- testing Tue Dec 31 06:41:23 UTC 2019 /home/travis/build/icyphy/ptII/ptolemy/actor/lib/test/auto/PublisherPort1.xml
----------------- Instantiating /home/travis/build/icyphy/ptII/ptolemy/actor/lib/test/auto/PublisherPort1.xml
2 ms. Memory: 446464K Free: 390497K (87%)
----------------- Invoking toplevel() on ptolemy.moml.MoMLSimpleApplication@5eef203b
----------------- Done invoking toplevel() on ptolemy.moml.MoMLSimpleApplication@5eef203b
reloadAllAccessors: .PublisherPort1

===========================================================================================
----------------- testing Tue Dec 31 06:41:23 UTC 2019 /home/travis/build/icyphy/ptII/ptolemy/actor/lib/test/auto/PublisherPort2.xml
----------------- Instantiating /home/travis/build/icyphy/ptII/ptolemy/actor/lib/test/auto/PublisherPort2.xml
10 ms. Memory: 446464K Free: 385377K (86%)
----------------- Invoking toplevel() on ptolemy.moml.MoMLSimpleApplication@2d0fc3cb
----------------- Done invoking toplevel() on ptolemy.moml.MoMLSimpleApplication@2d0fc3cb
reloadAllAccessors: .PublisherPort2

===========================================================================================
----------------- testing Tue Dec 31 06:41:23 UTC 2019 /home/travis/build/icyphy/ptII/ptolemy/actor/lib/test/auto/PublisherPort3.xml
----------------- Instantiating /home/travis/build/icyphy/ptII/ptolemy/actor/lib/test/auto/PublisherPort3.xml
3 ms. Memory: 446464K Free: 378689K (85%)
----------------- Invoking toplevel() on ptolemy.moml.MoMLSimpleApplication@15b52dca
----------------- Done invoking toplevel() on ptolemy.moml.MoMLSimpleApplication@15b52dca
reloadAllAccessors: .PublisherPort3

===========================================================================================
----------------- testing Tue Dec 31 06:41:23 UTC 2019 /home/travis/build/icyphy/ptII/ptolemy/actor/lib/test/auto/PublisherPort4.xml
----------------- Instantiating /home/travis/build/icyphy/ptII/ptolemy/actor/lib/test/auto/PublisherPort4.xml
2 ms. Memory: 446464K Free: 373089K (84%)
----------------- Invoking toplevel() on ptolemy.moml.MoMLSimpleApplication@601d1bc3
----------------- Done invoking toplevel() on ptolemy.moml.MoMLSimpleApplication@601d1bc3
reloadAllAccessors: .PublisherPort4

===========================================================================================
----------------- testing Tue Dec 31 06:41:23 UTC 2019 /home/travis/build/icyphy/ptII/ptolemy/actor/lib/test/auto/PublisherPort5.xml
----------------- Instantiating /home/travis/build/icyphy/ptII/ptolemy/actor/lib/test/auto/PublisherPort5.xml
3 ms. Memory: 446464K Free: 365407K (82%)
----------------- Invoking toplevel() on ptolemy.moml.MoMLSimpleApplication@3783d42c
----------------- Done invoking toplevel() on ptolemy.moml.MoMLSimpleApplication@3783d42c
reloadAllAccessors: .PublisherPort5

===========================================================================================
----------------- testing Tue Dec 31 06:41:23 UTC 2019 /home/travis/build/icyphy/ptII/ptolemy/actor/lib/test/auto/PublisherPort5LookAlike.xml
----------------- Instantiating /home/travis/build/icyphy/ptII/ptolemy/actor/lib/test/auto/PublisherPort5LookAlike.xml
7 ms. Memory: 446464K Free: 357729K (80%)
----------------- Invoking toplevel() on ptolemy.moml.MoMLSimpleApplication@6f3fe29d
----------------- Done invoking toplevel() on ptolemy.moml.MoMLSimpleApplication@6f3fe29d
reloadAllAccessors: .PublisherPort5LookAlike

===========================================================================================
----------------- testing Tue Dec 31 06:41:23 UTC 2019 /home/travis/build/icyphy/ptII/ptolemy/actor/lib/test/auto/PublisherPort6.xml
----------------- Instantiating /home/travis/build/icyphy/ptII/ptolemy/actor/lib/test/auto/PublisherPort6.xml
2 ms. Memory: 446464K Free: 351071K (79%)
----------------- Invoking toplevel() on ptolemy.moml.MoMLSimpleApplication@760d2723
----------------- Done invoking toplevel() on ptolemy.moml.MoMLSimpleApplication@760d2723
reloadAllAccessors: .PublisherPort6

===========================================================================================
----------------- testing Tue Dec 31 06:41:23 UTC 2019 /home/travis/build/icyphy/ptII/ptolemy/actor/lib/test/auto/PublisherPort7.xml
----------------- Instantiating /home/travis/build/icyphy/ptII/ptolemy/actor/lib/test/auto/PublisherPort7.xml
3 ms. Memory: 446464K Free: 343393K (77%)
----------------- Invoking toplevel() on ptolemy.moml.MoMLSimpleApplication@15f29534
----------------- Done invoking toplevel() on ptolemy.moml.MoMLSimpleApplication@15f29534
reloadAllAccessors: .PublisherPort7

===========================================================================================
----------------- testing Tue Dec 31 06:41:23 UTC 2019 /home/travis/build/icyphy/ptII/ptolemy/actor/lib/test/auto/PublisherPort8.xml
----------------- Instantiating /home/travis/build/icyphy/ptII/ptolemy/actor/lib/test/auto/PublisherPort8.xml
3 ms. Memory: 446464K Free: 335201K (75%)
----------------- Invoking toplevel() on ptolemy.moml.MoMLSimpleApplication@4bc1f2d
----------------- Done invoking toplevel() on ptolemy.moml.MoMLSimpleApplication@4bc1f2d
reloadAllAccessors: .PublisherPort8

===========================================================================================
----------------- testing Tue Dec 31 06:41:23 UTC 2019 /home/travis/build/icyphy/ptII/ptolemy/actor/lib/test/auto/PublisherPortSubscriberChannelVariablesAOC2.xml
----------------- Instantiating /home/travis/build/icyphy/ptII/ptolemy/actor/lib/test/auto/PublisherPortSubscriberChannelVariablesAOC2.xml
2 ms. Memory: 446464K Free: 317793K (71%)
----------------- Invoking toplevel() on ptolemy.moml.MoMLSimpleApplication@3e27ceb5
----------------- Done invoking toplevel() on ptolemy.moml.MoMLSimpleApplication@3e27ceb5
reloadAllAccessors: .PublisherPortSubscriberChannelVariablesAOC2

===========================================================================================
----------------- testing Tue Dec 31 06:41:24 UTC 2019 /home/travis/build/icyphy/ptII/ptolemy/actor/lib/test/auto/PublisherPortSubscriberOpaqueWidthInference.xml
----------------- Instantiating /home/travis/build/icyphy/ptII/ptolemy/actor/lib/test/auto/PublisherPortSubscriberOpaqueWidthInference.xml
3 ms. Memory: 446464K Free: 309601K (69%)
----------------- Invoking toplevel() on ptolemy.moml.MoMLSimpleApplication@425250e1
----------------- Done invoking toplevel() on ptolemy.moml.MoMLSimpleApplication@425250e1
reloadAllAccessors: .PublisherPortSubscriberOpaqueWidthInference

===========================================================================================
----------------- testing Tue Dec 31 06:41:24 UTC 2019 /home/travis/build/icyphy/ptII/ptolemy/actor/lib/test/auto/PublisherPortSubscriberPortAdjacent.xml
----------------- Instantiating /home/travis/build/icyphy/ptII/ptolemy/actor/lib/test/auto/PublisherPortSubscriberPortAdjacent.xml
2 ms. Memory: 446464K Free: 301409K (68%)
----------------- Invoking toplevel() on ptolemy.moml.MoMLSimpleApplication@5cbbfa80
----------------- Done invoking toplevel() on ptolemy.moml.MoMLSimpleApplication@5cbbfa80
reloadAllAccessors: .PublisherPortSubscriberPortAdjacent

===========================================================================================
----------------- testing Tue Dec 31 06:41:24 UTC 2019 /home/travis/build/icyphy/ptII/ptolemy/actor/lib/test/auto/PublisherPortSubscriberPortExpression.xml
----------------- Instantiating /home/travis/build/icyphy/ptII/ptolemy/actor/lib/test/auto/PublisherPortSubscriberPortExpression.xml
6 ms. Memory: 446464K Free: 293217K (66%)
----------------- Invoking toplevel() on ptolemy.moml.MoMLSimpleApplication@70547c06
----------------- Done invoking toplevel() on ptolemy.moml.MoMLSimpleApplication@70547c06
reloadAllAccessors: .PublisherPortSubscriberPortExpression

===========================================================================================
----------------- testing Tue Dec 31 06:41:24 UTC 2019 /home/travis/build/icyphy/ptII/ptolemy/actor/lib/test/auto/PublisherPortSubscriberPortOpaqueD3Reverse.xml
----------------- Instantiating /home/travis/build/icyphy/ptII/ptolemy/actor/lib/test/auto/PublisherPortSubscriberPortOpaqueD3Reverse.xml
15 ms. Memory: 446464K Free: 282977K (63%)
----------------- Invoking toplevel() on ptolemy.moml.MoMLSimpleApplication@52e35b69
----------------- Done invoking toplevel() on ptolemy.moml.MoMLSimpleApplication@52e35b69
reloadAllAccessors: .PublisherPortSubscriberPortOpaqueD3Reverse

===========================================================================================
----------------- testing Tue Dec 31 06:41:24 UTC 2019 /home/travis/build/icyphy/ptII/ptolemy/actor/lib/test/auto/PublisherPortSubscriberPortOpaqueWidthInference.xml
----------------- Instantiating /home/travis/build/icyphy/ptII/ptolemy/actor/lib/test/auto/PublisherPortSubscriberPortOpaqueWidthInference.xml
5 ms. Memory: 446464K Free: 275281K (62%)
----------------- Invoking toplevel() on ptolemy.moml.MoMLSimpleApplication@4eae0d46
----------------- Done invoking toplevel() on ptolemy.moml.MoMLSimpleApplication@4eae0d46
reloadAllAccessors: .PublisherPortSubscriberPortOpaqueWidthInference

===========================================================================================
----------------- testing Tue Dec 31 06:41:24 UTC 2019 /home/travis/build/icyphy/ptII/ptolemy/actor/lib/test/auto/PublisherPortToplevelSubscriberPortAOC.xml
----------------- Instantiating /home/travis/build/icyphy/ptII/ptolemy/actor/lib/test/auto/PublisherPortToplevelSubscriberPortAOC.xml
.PublisherPortToplevelSubscriberPortAOC.TestExceptionAttribute: initialize() was not invoked, but wrapup() was.  This is unusual, but not always a problem.  For example, exporting JNLP will do this.
1 ms. Memory: 446464K Free: 269665K (60%)
----------------- Invoking toplevel() on ptolemy.moml.MoMLSimpleApplication@4a781b08
----------------- Done invoking toplevel() on ptolemy.moml.MoMLSimpleApplication@4a781b08
reloadAllAccessors: .PublisherPortToplevelSubscriberPortAOC

===========================================================================================
----------------- testing Tue Dec 31 06:41:24 UTC 2019 /home/travis/build/icyphy/ptII/ptolemy/actor/lib/test/auto/PublisherSubscriber.xml
----------------- Instantiating /home/travis/build/icyphy/ptII/ptolemy/actor/lib/test/auto/PublisherSubscriber.xml
3 ms. Memory: 446464K Free: 262497K (59%)
----------------- Invoking toplevel() on ptolemy.moml.MoMLSimpleApplication@ed16e13
----------------- Done invoking toplevel() on ptolemy.moml.MoMLSimpleApplication@ed16e13
reloadAllAccessors: .PublisherSubscriber

===========================================================================================
----------------- testing Tue Dec 31 06:41:24 UTC 2019 /home/travis/build/icyphy/ptII/ptolemy/actor/lib/test/auto/PublisherSubscriber10.xml
----------------- Instantiating /home/travis/build/icyphy/ptII/ptolemy/actor/lib/test/auto/PublisherSubscriber10.xml
6 ms. Memory: 446464K Free: 253281K (57%)
----------------- Invoking toplevel() on ptolemy.moml.MoMLSimpleApplication@798c4e11
----------------- Done invoking toplevel() on ptolemy.moml.MoMLSimpleApplication@798c4e11
reloadAllAccessors: .PublisherSubscriber10

===========================================================================================
----------------- testing Tue Dec 31 06:41:24 UTC 2019 /home/travis/build/icyphy/ptII/ptolemy/actor/lib/test/auto/PublisherSubscriber10InitialOutputs.xml
----------------- Instantiating /home/travis/build/icyphy/ptII/ptolemy/actor/lib/test/auto/PublisherSubscriber10InitialOutputs.xml
14 ms. Memory: 446464K Free: 244575K (55%)
----------------- Invoking toplevel() on ptolemy.moml.MoMLSimpleApplication@f01774
----------------- Done invoking toplevel() on ptolemy.moml.MoMLSimpleApplication@f01774
reloadAllAccessors: .PublisherSubscriber10InitialOutputs

===========================================================================================
----------------- testing Tue Dec 31 06:41:24 UTC 2019 /home/travis/build/icyphy/ptII/ptolemy/actor/lib/test/auto/PublisherSubscriber11.xml
----------------- Instantiating /home/travis/build/icyphy/ptII/ptolemy/actor/lib/test/auto/PublisherSubscriber11.xml
2 ms. Memory: 446464K Free: 238401K (53%)
----------------- Invoking toplevel() on ptolemy.moml.MoMLSimpleApplication@13c8d997
----------------- Done invoking toplevel() on ptolemy.moml.MoMLSimpleApplication@13c8d997
reloadAllAccessors: .PublisherSubscriber11

===========================================================================================
----------------- testing Tue Dec 31 06:41:24 UTC 2019 /home/travis/build/icyphy/ptII/ptolemy/actor/lib/test/auto/PublisherSubscriber12.xml
----------------- Instantiating /home/travis/build/icyphy/ptII/ptolemy/actor/lib/test/auto/PublisherSubscriber12.xml
3 ms. Memory: 446464K Free: 231263K (52%)
----------------- Invoking toplevel() on ptolemy.moml.MoMLSimpleApplication@27401d9e
----------------- Done invoking toplevel() on ptolemy.moml.MoMLSimpleApplication@27401d9e
reloadAllAccessors: .PublisherSubscriber12

===========================================================================================
----------------- testing Tue Dec 31 06:41:24 UTC 2019 /home/travis/build/icyphy/ptII/ptolemy/actor/lib/test/auto/PublisherSubscriber13.xml
----------------- Instantiating /home/travis/build/icyphy/ptII/ptolemy/actor/lib/test/auto/PublisherSubscriber13.xml
2 ms. Memory: 446464K Free: 225633K (51%)
----------------- Invoking toplevel() on ptolemy.moml.MoMLSimpleApplication@340160e
----------------- Done invoking toplevel() on ptolemy.moml.MoMLSimpleApplication@340160e
reloadAllAccessors: .PublisherSubscriber13

===========================================================================================
----------------- testing Tue Dec 31 06:41:24 UTC 2019 /home/travis/build/icyphy/ptII/ptolemy/actor/lib/test/auto/PublisherSubscriber14.xml
----------------- Instantiating /home/travis/build/icyphy/ptII/ptolemy/actor/lib/test/auto/PublisherSubscriber14.xml
3 ms. Memory: 446464K Free: 217441K (49%)
----------------- Invoking toplevel() on ptolemy.moml.MoMLSimpleApplication@31c4c9c7
----------------- Done invoking toplevel() on ptolemy.moml.MoMLSimpleApplication@31c4c9c7
reloadAllAccessors: .PublisherSubscriber14

===========================================================================================
----------------- testing Tue Dec 31 06:41:24 UTC 2019 /home/travis/build/icyphy/ptII/ptolemy/actor/lib/test/auto/PublisherSubscriber2.xml
----------------- Instantiating /home/travis/build/icyphy/ptII/ptolemy/actor/lib/test/auto/PublisherSubscriber2.xml
2 ms. Memory: 446464K Free: 211777K (47%)
----------------- Invoking toplevel() on ptolemy.moml.MoMLSimpleApplication@dcdd543
----------------- Done invoking toplevel() on ptolemy.moml.MoMLSimpleApplication@dcdd543
reloadAllAccessors: .PublisherSubscriber2

===========================================================================================
----------------- testing Tue Dec 31 06:41:24 UTC 2019 /home/travis/build/icyphy/ptII/ptolemy/actor/lib/test/auto/PublisherSubscriber3.xml
----------------- Instantiating /home/travis/build/icyphy/ptII/ptolemy/actor/lib/test/auto/PublisherSubscriber3.xml
1 ms. Memory: 446464K Free: 206177K (46%)
----------------- Invoking toplevel() on ptolemy.moml.MoMLSimpleApplication@2b8cb558
----------------- Done invoking toplevel() on ptolemy.moml.MoMLSimpleApplication@2b8cb558
reloadAllAccessors: .PublisherSubscriber3

===========================================================================================
----------------- testing Tue Dec 31 06:41:24 UTC 2019 /home/travis/build/icyphy/ptII/ptolemy/actor/lib/test/auto/PublisherSubscriber4.xml
----------------- Instantiating /home/travis/build/icyphy/ptII/ptolemy/actor/lib/test/auto/PublisherSubscriber4.xml
2 ms. Memory: 446464K Free: 201057K (45%)
----------------- Invoking toplevel() on ptolemy.moml.MoMLSimpleApplication@695ed3be
----------------- Done invoking toplevel() on ptolemy.moml.MoMLSimpleApplication@695ed3be
reloadAllAccessors: .PublisherSubscriber4

===========================================================================================
----------------- testing Tue Dec 31 06:41:24 UTC 2019 /home/travis/build/icyphy/ptII/ptolemy/actor/lib/test/auto/PublisherSubscriber5.xml
----------------- Instantiating /home/travis/build/icyphy/ptII/ptolemy/actor/lib/test/auto/PublisherSubscriber5.xml
2 ms. Memory: 446464K Free: 194399K (44%)
----------------- Invoking toplevel() on ptolemy.moml.MoMLSimpleApplication@2842f63c
----------------- Done invoking toplevel() on ptolemy.moml.MoMLSimpleApplication@2842f63c
reloadAllAccessors: .PublisherSubscriber5

===========================================================================================
----------------- testing Tue Dec 31 06:41:24 UTC 2019 /home/travis/build/icyphy/ptII/ptolemy/actor/lib/test/auto/PublisherSubscriber6.xml
----------------- Instantiating /home/travis/build/icyphy/ptII/ptolemy/actor/lib/test/auto/PublisherSubscriber6.xml
4 ms. Memory: 446464K Free: 188255K (42%)
----------------- Invoking toplevel() on ptolemy.moml.MoMLSimpleApplication@53166c51
----------------- Done invoking toplevel() on ptolemy.moml.MoMLSimpleApplication@53166c51
reloadAllAccessors: .PublisherSubscriber6

===========================================================================================
----------------- testing Tue Dec 31 06:41:24 UTC 2019 /home/travis/build/icyphy/ptII/ptolemy/actor/lib/test/auto/PublisherSubscriber7.xml
----------------- Instantiating /home/travis/build/icyphy/ptII/ptolemy/actor/lib/test/auto/PublisherSubscriber7.xml
7 ms. Memory: 446464K Free: 181601K (41%)
----------------- Invoking toplevel() on ptolemy.moml.MoMLSimpleApplication@6593e10f
----------------- Done invoking toplevel() on ptolemy.moml.MoMLSimpleApplication@6593e10f
reloadAllAccessors: .PublisherSubscriber7

===========================================================================================
----------------- testing Tue Dec 31 06:41:24 UTC 2019 /home/travis/build/icyphy/ptII/ptolemy/actor/lib/test/auto/PublisherSubscriber8.xml
----------------- Instantiating /home/travis/build/icyphy/ptII/ptolemy/actor/lib/test/auto/PublisherSubscriber8.xml
17 ms. Memory: 446464K Free: 169823K (38%)
----------------- Invoking toplevel() on ptolemy.moml.MoMLSimpleApplication@7f5a44a0
----------------- Done invoking toplevel() on ptolemy.moml.MoMLSimpleApplication@7f5a44a0
reloadAllAccessors: .PublisherSubscriber8

===========================================================================================
----------------- testing Tue Dec 31 06:41:24 UTC 2019 /home/travis/build/icyphy/ptII/ptolemy/actor/lib/test/auto/PublisherSubscriber9.xml
----------------- Instantiating /home/travis/build/icyphy/ptII/ptolemy/actor/lib/test/auto/PublisherSubscriber9.xml
3 ms. Memory: 446464K Free: 162655K (36%)
----------------- Invoking toplevel() on ptolemy.moml.MoMLSimpleApplication@5ce18509
----------------- Done invoking toplevel() on ptolemy.moml.MoMLSimpleApplication@5ce18509
reloadAllAccessors: .PublisherSubscriber9

===========================================================================================
----------------- testing Tue Dec 31 06:41:24 UTC 2019 /home/travis/build/icyphy/ptII/ptolemy/actor/lib/test/auto/PublisherSubscriberAdjacent.xml
----------------- Instantiating /home/travis/build/icyphy/ptII/ptolemy/actor/lib/test/auto/PublisherSubscriberAdjacent.xml
1 ms. Memory: 446464K Free: 154463K (35%)
----------------- Invoking toplevel() on ptolemy.moml.MoMLSimpleApplication@11831302
----------------- Done invoking toplevel() on ptolemy.moml.MoMLSimpleApplication@11831302
reloadAllAccessors: .PublisherSubscriberAdjacent

===========================================================================================
----------------- testing Tue Dec 31 06:41:24 UTC 2019 /home/travis/build/icyphy/ptII/ptolemy/actor/lib/test/auto/PublisherSubscriberChannelVariablesAOC2.xml
----------------- Instantiating /home/travis/build/icyphy/ptII/ptolemy/actor/lib/test/auto/PublisherSubscriberChannelVariablesAOC2.xml
3 ms. Memory: 446464K Free: 139617K (31%)
----------------- Invoking toplevel() on ptolemy.moml.MoMLSimpleApplication@2db42872
----------------- Done invoking toplevel() on ptolemy.moml.MoMLSimpleApplication@2db42872
reloadAllAccessors: .PublisherSubscriberChannelVariablesAOC2

===========================================================================================
----------------- testing Tue Dec 31 06:41:24 UTC 2019 /home/travis/build/icyphy/ptII/ptolemy/actor/lib/test/auto/PublisherSubscriberD3.xml
----------------- Instantiating /home/travis/build/icyphy/ptII/ptolemy/actor/lib/test/auto/PublisherSubscriberD3.xml
2 ms. Memory: 446464K Free: 132449K (30%)
----------------- Invoking toplevel() on ptolemy.moml.MoMLSimpleApplication@3c638731
----------------- Done invoking toplevel() on ptolemy.moml.MoMLSimpleApplication@3c638731
reloadAllAccessors: .PublisherSubscriberD3

===========================================================================================
----------------- testing Tue Dec 31 06:41:24 UTC 2019 /home/travis/build/icyphy/ptII/ptolemy/actor/lib/test/auto/PublisherSubscriberD3Reverse.xml
----------------- Instantiating /home/travis/build/icyphy/ptII/ptolemy/actor/lib/test/auto/PublisherSubscriberD3Reverse.xml
2 ms. Memory: 446464K Free: 388868K (87%)
----------------- Invoking toplevel() on ptolemy.moml.MoMLSimpleApplication@55f9b499
----------------- Done invoking toplevel() on ptolemy.moml.MoMLSimpleApplication@55f9b499
reloadAllAccessors: .PublisherSubscriberD3Reverse

===========================================================================================
----------------- testing Tue Dec 31 06:41:24 UTC 2019 /home/travis/build/icyphy/ptII/ptolemy/actor/lib/test/auto/PublisherSubscriberExpression.xml
----------------- Instantiating /home/travis/build/icyphy/ptII/ptolemy/actor/lib/test/auto/PublisherSubscriberExpression.xml
3 ms. Memory: 446464K Free: 380662K (85%)
----------------- Invoking toplevel() on ptolemy.moml.MoMLSimpleApplication@5939e4e6
----------------- Done invoking toplevel() on ptolemy.moml.MoMLSimpleApplication@5939e4e6
reloadAllAccessors: .PublisherSubscriberExpression

===========================================================================================
----------------- testing Tue Dec 31 06:41:24 UTC 2019 /home/travis/build/icyphy/ptII/ptolemy/actor/lib/test/auto/PublisherSubscriberOpaque.xml
----------------- Instantiating /home/travis/build/icyphy/ptII/ptolemy/actor/lib/test/auto/PublisherSubscriberOpaque.xml
3 ms. Memory: 446464K Free: 372484K (83%)
----------------- Invoking toplevel() on ptolemy.moml.MoMLSimpleApplication@2d01c156
----------------- Done invoking toplevel() on ptolemy.moml.MoMLSimpleApplication@2d01c156
reloadAllAccessors: .PublisherSubscriberOpaque

===========================================================================================
----------------- testing Tue Dec 31 06:41:24 UTC 2019 /home/travis/build/icyphy/ptII/ptolemy/actor/lib/test/auto/PublisherSubscriberOpaqueD3.xml
----------------- Instantiating /home/travis/build/icyphy/ptII/ptolemy/actor/lib/test/auto/PublisherSubscriberOpaqueD3.xml
4 ms. Memory: 446464K Free: 361220K (81%)
----------------- Invoking toplevel() on ptolemy.moml.MoMLSimpleApplication@7a4508ad
----------------- Done invoking toplevel() on ptolemy.moml.MoMLSimpleApplication@7a4508ad
reloadAllAccessors: .PublisherSubscriberOpaqueD3

===========================================================================================
----------------- testing Tue Dec 31 06:41:24 UTC 2019 /home/travis/build/icyphy/ptII/ptolemy/actor/lib/test/auto/PublisherSubscriberOpaqueD3Reverse.xml
----------------- Instantiating /home/travis/build/icyphy/ptII/ptolemy/actor/lib/test/auto/PublisherSubscriberOpaqueD3Reverse.xml
7 ms. Memory: 446464K Free: 350470K (78%)
----------------- Invoking toplevel() on ptolemy.moml.MoMLSimpleApplication@c4b4868
----------------- Done invoking toplevel() on ptolemy.moml.MoMLSimpleApplication@c4b4868
reloadAllAccessors: .PublisherSubscriberOpaqueD3Reverse

===========================================================================================
----------------- testing Tue Dec 31 06:41:24 UTC 2019 /home/travis/build/icyphy/ptII/ptolemy/actor/lib/test/auto/PublisherSubscriberOpaqueWidthInference.xml
----------------- Instantiating /home/travis/build/icyphy/ptII/ptolemy/actor/lib/test/auto/PublisherSubscriberOpaqueWidthInference.xml
3 ms. Memory: 446464K Free: 342278K (77%)
----------------- Invoking toplevel() on ptolemy.moml.MoMLSimpleApplication@2cf6cd63
----------------- Done invoking toplevel() on ptolemy.moml.MoMLSimpleApplication@2cf6cd63
reloadAllAccessors: .PublisherSubscriberOpaqueWidthInference

===========================================================================================
----------------- testing Tue Dec 31 06:41:24 UTC 2019 /home/travis/build/icyphy/ptII/ptolemy/actor/lib/test/auto/PublisherTestSubscriber.xml
----------------- Instantiating /home/travis/build/icyphy/ptII/ptolemy/actor/lib/test/auto/PublisherTestSubscriber.xml
2 ms. Memory: 446464K Free: 334590K (75%)
----------------- Invoking toplevel() on ptolemy.moml.MoMLSimpleApplication@7127b0f4
----------------- Done invoking toplevel() on ptolemy.moml.MoMLSimpleApplication@7127b0f4
reloadAllAccessors: .PublisherTestSubscriber

===========================================================================================
----------------- testing Tue Dec 31 06:41:24 UTC 2019 /home/travis/build/icyphy/ptII/ptolemy/actor/lib/test/auto/PublisherToplevelSubscriberPortAOC.xml
----------------- Instantiating /home/travis/build/icyphy/ptII/ptolemy/actor/lib/test/auto/PublisherToplevelSubscriberPortAOC.xml
1 ms. Memory: 446464K Free: 327942K (73%)
----------------- Invoking toplevel() on ptolemy.moml.MoMLSimpleApplication@4f9afdb7
----------------- Done invoking toplevel() on ptolemy.moml.MoMLSimpleApplication@4f9afdb7
reloadAllAccessors: .PublisherToplevelSubscriberPortAOC

===========================================================================================
----------------- testing Tue Dec 31 06:41:24 UTC 2019 /home/travis/build/icyphy/ptII/ptolemy/actor/lib/test/auto/PulseFiringLimitDE.xml
----------------- Instantiating /home/travis/build/icyphy/ptII/ptolemy/actor/lib/test/auto/PulseFiringLimitDE.xml
1 ms. Memory: 446464K Free: 320774K (72%)
----------------- Invoking toplevel() on ptolemy.moml.MoMLSimpleApplication@1e1b1b10
----------------- Done invoking toplevel() on ptolemy.moml.MoMLSimpleApplication@1e1b1b10
reloadAllAccessors: .PulseFiringLimitDE

===========================================================================================
----------------- testing Tue Dec 31 06:41:24 UTC 2019 /home/travis/build/icyphy/ptII/ptolemy/actor/lib/test/auto/Ramp1.xml
----------------- Instantiating /home/travis/build/icyphy/ptII/ptolemy/actor/lib/test/auto/Ramp1.xml
1 ms. Memory: 446464K Free: 316678K (71%)
----------------- Invoking toplevel() on ptolemy.moml.MoMLSimpleApplication@641e143b
----------------- Done invoking toplevel() on ptolemy.moml.MoMLSimpleApplication@641e143b
reloadAllAccessors: .Ramp1

===========================================================================================
----------------- testing Tue Dec 31 06:41:24 UTC 2019 /home/travis/build/icyphy/ptII/ptolemy/actor/lib/test/auto/RampFiringLimitDE.xml
----------------- Instantiating /home/travis/build/icyphy/ptII/ptolemy/actor/lib/test/auto/RampFiringLimitDE.xml
2 ms. Memory: 446464K Free: 310534K (70%)
----------------- Invoking toplevel() on ptolemy.moml.MoMLSimpleApplication@33b0fb1f
----------------- Done invoking toplevel() on ptolemy.moml.MoMLSimpleApplication@33b0fb1f
reloadAllAccessors: .RampFiringLimitDE

===========================================================================================
----------------- testing Tue Dec 31 06:41:24 UTC 2019 /home/travis/build/icyphy/ptII/ptolemy/actor/lib/test/auto/RampFiringLimitSDF.xml
----------------- Instantiating /home/travis/build/icyphy/ptII/ptolemy/actor/lib/test/auto/RampFiringLimitSDF.xml
3 ms. Memory: 446464K Free: 305414K (68%)
----------------- Invoking toplevel() on ptolemy.moml.MoMLSimpleApplication@ff0926f
----------------- Done invoking toplevel() on ptolemy.moml.MoMLSimpleApplication@ff0926f
reloadAllAccessors: .RampFiringLimitSDF

===========================================================================================
----------------- testing Tue Dec 31 06:41:24 UTC 2019 /home/travis/build/icyphy/ptII/ptolemy/actor/lib/test/auto/RandomInteger.xml
----------------- Instantiating /home/travis/build/icyphy/ptII/ptolemy/actor/lib/test/auto/RandomInteger.xml
1 ms. Memory: 446464K Free: 301318K (67%)
----------------- Invoking toplevel() on ptolemy.moml.MoMLSimpleApplication@59423481
----------------- Done invoking toplevel() on ptolemy.moml.MoMLSimpleApplication@59423481
reloadAllAccessors: .RandomInteger

===========================================================================================
----------------- testing Tue Dec 31 06:41:24 UTC 2019 /home/travis/build/icyphy/ptII/ptolemy/actor/lib/test/auto/ReadFile1.xml
----------------- Instantiating /home/travis/build/icyphy/ptII/ptolemy/actor/lib/test/auto/ReadFile1.xml
1 ms. Memory: 446464K Free: 296708K (66%)
----------------- Invoking toplevel() on ptolemy.moml.MoMLSimpleApplication@69b57bc6
----------------- Done invoking toplevel() on ptolemy.moml.MoMLSimpleApplication@69b57bc6
reloadAllAccessors: .ReadFile1

===========================================================================================
----------------- testing Tue Dec 31 06:41:24 UTC 2019 /home/travis/build/icyphy/ptII/ptolemy/actor/lib/test/auto/ReadFile2.xml
----------------- Instantiating /home/travis/build/icyphy/ptII/ptolemy/actor/lib/test/auto/ReadFile2.xml
3 ms. Memory: 446464K Free: 292612K (66%)
----------------- Invoking toplevel() on ptolemy.moml.MoMLSimpleApplication@17fbebb7
----------------- Done invoking toplevel() on ptolemy.moml.MoMLSimpleApplication@17fbebb7
reloadAllAccessors: .ReadFile2

===========================================================================================
----------------- testing Tue Dec 31 06:41:24 UTC 2019 /home/travis/build/icyphy/ptII/ptolemy/actor/lib/test/auto/Reader.xml
----------------- Instantiating /home/travis/build/icyphy/ptII/ptolemy/actor/lib/test/auto/Reader.xml
actor.lib.Reader is obsolete, use actor.lib.io.ExpressionReader instead
1 ms. Memory: 446464K Free: 288516K (65%)
----------------- Invoking toplevel() on ptolemy.moml.MoMLSimpleApplication@4af0b7fc
----------------- Done invoking toplevel() on ptolemy.moml.MoMLSimpleApplication@4af0b7fc
reloadAllAccessors: .Reader

===========================================================================================
----------------- testing Tue Dec 31 06:41:24 UTC 2019 /home/travis/build/icyphy/ptII/ptolemy/actor/lib/test/auto/RecordAssemblerDisplayNameTest.xml
----------------- Instantiating /home/travis/build/icyphy/ptII/ptolemy/actor/lib/test/auto/RecordAssemblerDisplayNameTest.xml
2962 ms. Memory: 446464K Free: 132238K (30%)
----------------- Invoking toplevel() on ptolemy.moml.MoMLSimpleApplication@2d69bd9b
----------------- Done invoking toplevel() on ptolemy.moml.MoMLSimpleApplication@2d69bd9b
reloadAllAccessors: .RecordAssemblerDisplayNameTest

===========================================================================================
----------------- testing Tue Dec 31 06:41:27 UTC 2019 /home/travis/build/icyphy/ptII/ptolemy/actor/lib/test/auto/RecordAssemblerTypeError.xml
----------------- Instantiating /home/travis/build/icyphy/ptII/ptolemy/actor/lib/test/auto/RecordAssemblerTypeError.xml
12 ms. Memory: 446464K Free: 384220K (86%)
----------------- Invoking toplevel() on ptolemy.moml.MoMLSimpleApplication@6cc59464
----------------- Done invoking toplevel() on ptolemy.moml.MoMLSimpleApplication@6cc59464
reloadAllAccessors: .RecordAssemblerTypeError

===========================================================================================
----------------- testing Tue Dec 31 06:41:27 UTC 2019 /home/travis/build/icyphy/ptII/ptolemy/actor/lib/test/auto/RecordDisassember.xml
----------------- Instantiating /home/travis/build/icyphy/ptII/ptolemy/actor/lib/test/auto/RecordDisassember.xml
7 ms. Memory: 446464K Free: 379580K (85%)
----------------- Invoking toplevel() on ptolemy.moml.MoMLSimpleApplication@ad7dca8
----------------- Done invoking toplevel() on ptolemy.moml.MoMLSimpleApplication@ad7dca8
reloadAllAccessors: .RecordDisassember

===========================================================================================
----------------- testing Tue Dec 31 06:41:27 UTC 2019 /home/travis/build/icyphy/ptII/ptolemy/actor/lib/test/auto/RecordDisassemberDisplayNameTest.xml
----------------- Instantiating /home/travis/build/icyphy/ptII/ptolemy/actor/lib/test/auto/RecordDisassemberDisplayNameTest.xml
6 ms. Memory: 446464K Free: 371418K (83%)
----------------- Invoking toplevel() on ptolemy.moml.MoMLSimpleApplication@55628a5e
----------------- Done invoking toplevel() on ptolemy.moml.MoMLSimpleApplication@55628a5e
reloadAllAccessors: .RecordDisassemberDisplayNameTest

===========================================================================================
----------------- testing Tue Dec 31 06:41:27 UTC 2019 /home/travis/build/icyphy/ptII/ptolemy/actor/lib/test/auto/RecordDisassembler.xml
----------------- Instantiating /home/travis/build/icyphy/ptII/ptolemy/actor/lib/test/auto/RecordDisassembler.xml
6 ms. Memory: 446464K Free: 366292K (82%)
----------------- Invoking toplevel() on ptolemy.moml.MoMLSimpleApplication@24bd2d54
----------------- Done invoking toplevel() on ptolemy.moml.MoMLSimpleApplication@24bd2d54
reloadAllAccessors: .RecordDisassembler

===========================================================================================
----------------- testing Tue Dec 31 06:41:27 UTC 2019 /home/travis/build/icyphy/ptII/ptolemy/actor/lib/test/auto/RecordDisassembler2.xml
----------------- Instantiating /home/travis/build/icyphy/ptII/ptolemy/actor/lib/test/auto/RecordDisassembler2.xml
2 ms. Memory: 446464K Free: 361148K (81%)
----------------- Invoking toplevel() on ptolemy.moml.MoMLSimpleApplication@30b519c
----------------- Done invoking toplevel() on ptolemy.moml.MoMLSimpleApplication@30b519c
reloadAllAccessors: .RecordDisassembler2

===========================================================================================
----------------- testing Tue Dec 31 06:41:27 UTC 2019 /home/travis/build/icyphy/ptII/ptolemy/actor/lib/test/auto/RecordUpdater.xml
----------------- Instantiating /home/travis/build/icyphy/ptII/ptolemy/actor/lib/test/auto/RecordUpdater.xml
1 ms. Memory: 446464K Free: 356058K (80%)
----------------- Invoking toplevel() on ptolemy.moml.MoMLSimpleApplication@5e9b013e
----------------- Done invoking toplevel() on ptolemy.moml.MoMLSimpleApplication@5e9b013e
reloadAllAccessors: .RecordUpdater

===========================================================================================
----------------- testing Tue Dec 31 06:41:27 UTC 2019 /home/travis/build/icyphy/ptII/ptolemy/actor/lib/test/auto/RecordUpdater2.xml
----------------- Instantiating /home/travis/build/icyphy/ptII/ptolemy/actor/lib/test/auto/RecordUpdater2.xml
2 ms. Memory: 446464K Free: 350938K (79%)
----------------- Invoking toplevel() on ptolemy.moml.MoMLSimpleApplication@687b8ca
----------------- Done invoking toplevel() on ptolemy.moml.MoMLSimpleApplication@687b8ca
reloadAllAccessors: .RecordUpdater2

===========================================================================================
----------------- testing Tue Dec 31 06:41:27 UTC 2019 /home/travis/build/icyphy/ptII/ptolemy/actor/lib/test/auto/RecursiveLattice.xml
----------------- Instantiating /home/travis/build/icyphy/ptII/ptolemy/actor/lib/test/auto/RecursiveLattice.xml
2 ms. Memory: 446464K Free: 346842K (78%)
----------------- Invoking toplevel() on ptolemy.moml.MoMLSimpleApplication@626b7f44
----------------- Done invoking toplevel() on ptolemy.moml.MoMLSimpleApplication@626b7f44
reloadAllAccessors: .RecursiveLattice

===========================================================================================
----------------- testing Tue Dec 31 06:41:27 UTC 2019 /home/travis/build/icyphy/ptII/ptolemy/actor/lib/test/auto/Router.xml
----------------- Instantiating /home/travis/build/icyphy/ptII/ptolemy/actor/lib/test/auto/Router.xml
3004 ms. Memory: 446464K Free: 337116K (76%)
----------------- Invoking toplevel() on ptolemy.moml.MoMLSimpleApplication@79a11a5e
----------------- Done invoking toplevel() on ptolemy.moml.MoMLSimpleApplication@79a11a5e
reloadAllAccessors: .Router

===========================================================================================
----------------- testing Tue Dec 31 06:41:30 UTC 2019 /home/travis/build/icyphy/ptII/ptolemy/actor/lib/test/auto/Router2.xml
----------------- Instantiating /home/travis/build/icyphy/ptII/ptolemy/actor/lib/test/auto/Router2.xml
3002 ms. Memory: 446464K Free: 326362K (73%)
----------------- Invoking toplevel() on ptolemy.moml.MoMLSimpleApplication@64a52429
----------------- Done invoking toplevel() on ptolemy.moml.MoMLSimpleApplication@64a52429
reloadAllAccessors: .Router2

===========================================================================================
----------------- testing Tue Dec 31 06:41:33 UTC 2019 /home/travis/build/icyphy/ptII/ptolemy/actor/lib/test/auto/RunningMaximum.xml
----------------- Instantiating /home/travis/build/icyphy/ptII/ptolemy/actor/lib/test/auto/RunningMaximum.xml
4 ms. Memory: 446464K Free: 321756K (72%)
----------------- Invoking toplevel() on ptolemy.moml.MoMLSimpleApplication@67f61170
----------------- Done invoking toplevel() on ptolemy.moml.MoMLSimpleApplication@67f61170
reloadAllAccessors: .RunningMaximum

===========================================================================================
----------------- testing Tue Dec 31 06:41:34 UTC 2019 /home/travis/build/icyphy/ptII/ptolemy/actor/lib/test/auto/RunningMinimum.xml
----------------- Instantiating /home/travis/build/icyphy/ptII/ptolemy/actor/lib/test/auto/RunningMinimum.xml
8 ms. Memory: 446464K Free: 317146K (71%)
----------------- Invoking toplevel() on ptolemy.moml.MoMLSimpleApplication@17a7355
----------------- Done invoking toplevel() on ptolemy.moml.MoMLSimpleApplication@17a7355
reloadAllAccessors: .RunningMinimum

===========================================================================================
----------------- testing Tue Dec 31 06:41:34 UTC 2019 /home/travis/build/icyphy/ptII/ptolemy/actor/lib/test/auto/Scale.xml
----------------- Instantiating /home/travis/build/icyphy/ptII/ptolemy/actor/lib/test/auto/Scale.xml
2 ms. Memory: 446464K Free: 312540K (70%)
----------------- Invoking toplevel() on ptolemy.moml.MoMLSimpleApplication@29766355
----------------- Done invoking toplevel() on ptolemy.moml.MoMLSimpleApplication@29766355
reloadAllAccessors: .Scale

===========================================================================================
----------------- testing Tue Dec 31 06:41:34 UTC 2019 /home/travis/build/icyphy/ptII/ptolemy/actor/lib/test/auto/Scale2.xml
----------------- Instantiating /home/travis/build/icyphy/ptII/ptolemy/actor/lib/test/auto/Scale2.xml
2 ms. Memory: 446464K Free: 307930K (69%)
----------------- Invoking toplevel() on ptolemy.moml.MoMLSimpleApplication@43a6470a
----------------- Done invoking toplevel() on ptolemy.moml.MoMLSimpleApplication@43a6470a
reloadAllAccessors: .Scale2

===========================================================================================
----------------- testing Tue Dec 31 06:41:34 UTC 2019 /home/travis/build/icyphy/ptII/ptolemy/actor/lib/test/auto/Scale3.xml
----------------- Instantiating /home/travis/build/icyphy/ptII/ptolemy/actor/lib/test/auto/Scale3.xml
8 ms. Memory: 446464K Free: 301276K (67%)
----------------- Invoking toplevel() on ptolemy.moml.MoMLSimpleApplication@30d4f89c
----------------- Done invoking toplevel() on ptolemy.moml.MoMLSimpleApplication@30d4f89c
reloadAllAccessors: .Scale3

===========================================================================================
----------------- testing Tue Dec 31 06:41:34 UTC 2019 /home/travis/build/icyphy/ptII/ptolemy/actor/lib/test/auto/ScaleArray.xml
----------------- Instantiating /home/travis/build/icyphy/ptII/ptolemy/actor/lib/test/auto/ScaleArray.xml
2 ms. Memory: 446464K Free: 296156K (66%)
----------------- Invoking toplevel() on ptolemy.moml.MoMLSimpleApplication@43d1a4a1
----------------- Done invoking toplevel() on ptolemy.moml.MoMLSimpleApplication@43d1a4a1
reloadAllAccessors: .ScaleArray

===========================================================================================
----------------- testing Tue Dec 31 06:41:34 UTC 2019 /home/travis/build/icyphy/ptII/ptolemy/actor/lib/test/auto/ScaleArray2.xml
----------------- Instantiating /home/travis/build/icyphy/ptII/ptolemy/actor/lib/test/auto/ScaleArray2.xml
1 ms. Memory: 446464K Free: 291546K (65%)
----------------- Invoking toplevel() on ptolemy.moml.MoMLSimpleApplication@4bc608dd
----------------- Done invoking toplevel() on ptolemy.moml.MoMLSimpleApplication@4bc608dd
reloadAllAccessors: .ScaleArray2

===========================================================================================
----------------- testing Tue Dec 31 06:41:34 UTC 2019 /home/travis/build/icyphy/ptII/ptolemy/actor/lib/test/auto/ScaleMatrix.xml
----------------- Instantiating /home/travis/build/icyphy/ptII/ptolemy/actor/lib/test/auto/ScaleMatrix.xml
141 ms. Memory: 446464K Free: 277210K (62%)
----------------- Invoking toplevel() on ptolemy.moml.MoMLSimpleApplication@785c209b
----------------- Done invoking toplevel() on ptolemy.moml.MoMLSimpleApplication@785c209b
reloadAllAccessors: .ScaleMatrix

===========================================================================================
----------------- testing Tue Dec 31 06:41:34 UTC 2019 /home/travis/build/icyphy/ptII/ptolemy/actor/lib/test/auto/Select.xml
----------------- Instantiating /home/travis/build/icyphy/ptII/ptolemy/actor/lib/test/auto/Select.xml
2 ms. Memory: 446464K Free: 271036K (61%)
----------------- Invoking toplevel() on ptolemy.moml.MoMLSimpleApplication@748367ea
----------------- Done invoking toplevel() on ptolemy.moml.MoMLSimpleApplication@748367ea
reloadAllAccessors: .Select

===========================================================================================
----------------- testing Tue Dec 31 06:41:34 UTC 2019 /home/travis/build/icyphy/ptII/ptolemy/actor/lib/test/auto/Select2.xml
----------------- Instantiating /home/travis/build/icyphy/ptII/ptolemy/actor/lib/test/auto/Select2.xml
0 ms. Memory: 446464K Free: 266460K (60%)
----------------- Invoking toplevel() on ptolemy.moml.MoMLSimpleApplication@12ff23a4
----------------- Done invoking toplevel() on ptolemy.moml.MoMLSimpleApplication@12ff23a4
reloadAllAccessors: .Select2

===========================================================================================
----------------- testing Tue Dec 31 06:41:34 UTC 2019 /home/travis/build/icyphy/ptII/ptolemy/actor/lib/test/auto/SequenceToArray2.xml
----------------- Instantiating /home/travis/build/icyphy/ptII/ptolemy/actor/lib/test/auto/SequenceToArray2.xml
105 ms. Memory: 446464K Free: 242380K (54%)
----------------- Invoking toplevel() on ptolemy.moml.MoMLSimpleApplication@55910593
----------------- Done invoking toplevel() on ptolemy.moml.MoMLSimpleApplication@55910593
reloadAllAccessors: .SequenceToArray2

===========================================================================================
----------------- testing Tue Dec 31 06:41:34 UTC 2019 /home/travis/build/icyphy/ptII/ptolemy/actor/lib/test/auto/SequentialClock.xml
----------------- Instantiating /home/travis/build/icyphy/ptII/ptolemy/actor/lib/test/auto/SequentialClock.xml
2 ms. Memory: 446464K Free: 238298K (53%)
----------------- Invoking toplevel() on ptolemy.moml.MoMLSimpleApplication@76161605
----------------- Done invoking toplevel() on ptolemy.moml.MoMLSimpleApplication@76161605
reloadAllAccessors: .SequentialClock

===========================================================================================
----------------- testing Tue Dec 31 06:41:34 UTC 2019 /home/travis/build/icyphy/ptII/ptolemy/actor/lib/test/auto/SetVariable.xml
----------------- Instantiating /home/travis/build/icyphy/ptII/ptolemy/actor/lib/test/auto/SetVariable.xml
4 ms. Memory: 446464K Free: 233692K (52%)
----------------- Invoking toplevel() on ptolemy.moml.MoMLSimpleApplication@a007c10
----------------- Done invoking toplevel() on ptolemy.moml.MoMLSimpleApplication@a007c10
reloadAllAccessors: .SetVariable

===========================================================================================
----------------- testing Tue Dec 31 06:41:34 UTC 2019 /home/travis/build/icyphy/ptII/ptolemy/actor/lib/test/auto/SetVariable2.xml
----------------- Instantiating /home/travis/build/icyphy/ptII/ptolemy/actor/lib/test/auto/SetVariable2.xml
2 ms. Memory: 446464K Free: 228572K (51%)
----------------- Invoking toplevel() on ptolemy.moml.MoMLSimpleApplication@4c8f2050
----------------- Done invoking toplevel() on ptolemy.moml.MoMLSimpleApplication@4c8f2050
reloadAllAccessors: .SetVariable2

===========================================================================================
----------------- testing Tue Dec 31 06:41:34 UTC 2019 /home/travis/build/icyphy/ptII/ptolemy/actor/lib/test/auto/SetVariable3.xml
----------------- Instantiating /home/travis/build/icyphy/ptII/ptolemy/actor/lib/test/auto/SetVariable3.xml
7 ms. Memory: 446464K Free: 223452K (50%)
----------------- Invoking toplevel() on ptolemy.moml.MoMLSimpleApplication@531dc42e
----------------- Done invoking toplevel() on ptolemy.moml.MoMLSimpleApplication@531dc42e
reloadAllAccessors: .SetVariable3

===========================================================================================
----------------- testing Tue Dec 31 06:41:34 UTC 2019 /home/travis/build/icyphy/ptII/ptolemy/actor/lib/test/auto/SetVariable4.xml
----------------- Instantiating /home/travis/build/icyphy/ptII/ptolemy/actor/lib/test/auto/SetVariable4.xml
17 ms. Memory: 446464K Free: 213212K (48%)
----------------- Invoking toplevel() on ptolemy.moml.MoMLSimpleApplication@1fd6c648
----------------- Done invoking toplevel() on ptolemy.moml.MoMLSimpleApplication@1fd6c648
reloadAllAccessors: .SetVariable4

===========================================================================================
----------------- testing Tue Dec 31 06:41:34 UTC 2019 /home/travis/build/icyphy/ptII/ptolemy/actor/lib/test/auto/SetVariable5.xml
----------------- Instantiating /home/travis/build/icyphy/ptII/ptolemy/actor/lib/test/auto/SetVariable5.xml
17 ms. Memory: 446464K Free: 203996K (46%)
----------------- Invoking toplevel() on ptolemy.moml.MoMLSimpleApplication@67778110
----------------- Done invoking toplevel() on ptolemy.moml.MoMLSimpleApplication@67778110
reloadAllAccessors: .SetVariable5

===========================================================================================
----------------- testing Tue Dec 31 06:41:34 UTC 2019 /home/travis/build/icyphy/ptII/ptolemy/actor/lib/test/auto/Sinewave.xml
----------------- Instantiating /home/travis/build/icyphy/ptII/ptolemy/actor/lib/test/auto/Sinewave.xml
6 ms. Memory: 446464K Free: 193756K (43%)
----------------- Invoking toplevel() on ptolemy.moml.MoMLSimpleApplication@76054610
----------------- Done invoking toplevel() on ptolemy.moml.MoMLSimpleApplication@76054610
reloadAllAccessors: .Sinewave

===========================================================================================
----------------- testing Tue Dec 31 06:41:34 UTC 2019 /home/travis/build/icyphy/ptII/ptolemy/actor/lib/test/auto/Sinewave2.xml
----------------- Instantiating /home/travis/build/icyphy/ptII/ptolemy/actor/lib/test/auto/Sinewave2.xml
7 ms. Memory: 446464K Free: 185564K (42%)
----------------- Invoking toplevel() on ptolemy.moml.MoMLSimpleApplication@61042dce
----------------- Done invoking toplevel() on ptolemy.moml.MoMLSimpleApplication@61042dce
reloadAllAccessors: .Sinewave2

===========================================================================================
----------------- testing Tue Dec 31 06:41:34 UTC 2019 /home/travis/build/icyphy/ptII/ptolemy/actor/lib/test/auto/Sinewave3.xml
----------------- Instantiating /home/travis/build/icyphy/ptII/ptolemy/actor/lib/test/auto/Sinewave3.xml
5 ms. Memory: 446464K Free: 177372K (40%)
----------------- Invoking toplevel() on ptolemy.moml.MoMLSimpleApplication@4cf73fcd
----------------- Done invoking toplevel() on ptolemy.moml.MoMLSimpleApplication@4cf73fcd
reloadAllAccessors: .Sinewave3

===========================================================================================
----------------- testing Tue Dec 31 06:41:34 UTC 2019 /home/travis/build/icyphy/ptII/ptolemy/actor/lib/test/auto/SingleEvent.xml
----------------- Instantiating /home/travis/build/icyphy/ptII/ptolemy/actor/lib/test/auto/SingleEvent.xml
1 ms. Memory: 446464K Free: 172762K (39%)
----------------- Invoking toplevel() on ptolemy.moml.MoMLSimpleApplication@18d133be
----------------- Done invoking toplevel() on ptolemy.moml.MoMLSimpleApplication@18d133be
reloadAllAccessors: .SingleEvent

===========================================================================================
----------------- testing Tue Dec 31 06:41:34 UTC 2019 /home/travis/build/icyphy/ptII/ptolemy/actor/lib/test/auto/Sleep.xml
----------------- Instantiating /home/travis/build/icyphy/ptII/ptolemy/actor/lib/test/auto/Sleep.xml
6003 ms. Memory: 446464K Free: 167612K (38%)
----------------- Invoking toplevel() on ptolemy.moml.MoMLSimpleApplication@7b44f250
----------------- Done invoking toplevel() on ptolemy.moml.MoMLSimpleApplication@7b44f250
reloadAllAccessors: .Sleep

===========================================================================================
----------------- testing Tue Dec 31 06:41:40 UTC 2019 /home/travis/build/icyphy/ptII/ptolemy/actor/lib/test/auto/SleepMultipleFire.xml
----------------- Instantiating /home/travis/build/icyphy/ptII/ptolemy/actor/lib/test/auto/SleepMultipleFire.xml
1004 ms. Memory: 446464K Free: 162012K (36%)
----------------- Invoking toplevel() on ptolemy.moml.MoMLSimpleApplication@1b061d39
----------------- Done invoking toplevel() on ptolemy.moml.MoMLSimpleApplication@1b061d39
reloadAllAccessors: .SleepMultipleFire

===========================================================================================
----------------- testing Tue Dec 31 06:41:41 UTC 2019 /home/travis/build/icyphy/ptII/ptolemy/actor/lib/test/auto/StopDE.xml
----------------- Instantiating /home/travis/build/icyphy/ptII/ptolemy/actor/lib/test/auto/StopDE.xml
2 ms. Memory: 446464K Free: 156378K (35%)
----------------- Invoking toplevel() on ptolemy.moml.MoMLSimpleApplication@54c83e9b
----------------- Done invoking toplevel() on ptolemy.moml.MoMLSimpleApplication@54c83e9b
reloadAllAccessors: .StopDE

===========================================================================================
----------------- testing Tue Dec 31 06:41:41 UTC 2019 /home/travis/build/icyphy/ptII/ptolemy/actor/lib/test/auto/StopSDF.xml
----------------- Instantiating /home/travis/build/icyphy/ptII/ptolemy/actor/lib/test/auto/StopSDF.xml
3 ms. Memory: 446464K Free: 151258K (34%)
----------------- Invoking toplevel() on ptolemy.moml.MoMLSimpleApplication@5ba4c996
----------------- Done invoking toplevel() on ptolemy.moml.MoMLSimpleApplication@5ba4c996
reloadAllAccessors: .StopSDF

===========================================================================================
----------------- testing Tue Dec 31 06:41:41 UTC 2019 /home/travis/build/icyphy/ptII/ptolemy/actor/lib/test/auto/StringConstant.xml
----------------- Instantiating /home/travis/build/icyphy/ptII/ptolemy/actor/lib/test/auto/StringConstant.xml
1 ms. Memory: 446464K Free: 146652K (33%)
----------------- Invoking toplevel() on ptolemy.moml.MoMLSimpleApplication@669869ca
----------------- Done invoking toplevel() on ptolemy.moml.MoMLSimpleApplication@669869ca
reloadAllAccessors: .StringConstant

===========================================================================================
----------------- testing Tue Dec 31 06:41:41 UTC 2019 /home/travis/build/icyphy/ptII/ptolemy/actor/lib/test/auto/SubscriberPortInitialValues1.xml
----------------- Instantiating /home/travis/build/icyphy/ptII/ptolemy/actor/lib/test/auto/SubscriberPortInitialValues1.xml
7 ms. Memory: 446464K Free: 137946K (31%)
----------------- Invoking toplevel() on ptolemy.moml.MoMLSimpleApplication@4ac18b7b
----------------- Done invoking toplevel() on ptolemy.moml.MoMLSimpleApplication@4ac18b7b
reloadAllAccessors: .SubscriberPortInitialValues1

===========================================================================================
----------------- testing Tue Dec 31 06:41:41 UTC 2019 /home/travis/build/icyphy/ptII/ptolemy/actor/lib/test/auto/SubscriberPortInitialValues13.xml
----------------- Instantiating /home/travis/build/icyphy/ptII/ptolemy/actor/lib/test/auto/SubscriberPortInitialValues13.xml
4 ms. Memory: 446464K Free: 387334K (87%)
----------------- Invoking toplevel() on ptolemy.moml.MoMLSimpleApplication@7d877a45
----------------- Done invoking toplevel() on ptolemy.moml.MoMLSimpleApplication@7d877a45
reloadAllAccessors: .SubscriberPortInitialValues13

===========================================================================================
----------------- testing Tue Dec 31 06:41:41 UTC 2019 /home/travis/build/icyphy/ptII/ptolemy/actor/lib/test/auto/SubscriberPortInitialValues14.xml
----------------- Instantiating /home/travis/build/icyphy/ptII/ptolemy/actor/lib/test/auto/SubscriberPortInitialValues14.xml
11 ms. Memory: 446464K Free: 379142K (85%)
----------------- Invoking toplevel() on ptolemy.moml.MoMLSimpleApplication@7d463be4
----------------- Done invoking toplevel() on ptolemy.moml.MoMLSimpleApplication@7d463be4
reloadAllAccessors: .SubscriberPortInitialValues14

===========================================================================================
----------------- testing Tue Dec 31 06:41:41 UTC 2019 /home/travis/build/icyphy/ptII/ptolemy/actor/lib/test/auto/SubscriberPortInitialValues2.xml
----------------- Instantiating /home/travis/build/icyphy/ptII/ptolemy/actor/lib/test/auto/SubscriberPortInitialValues2.xml
16 ms. Memory: 446464K Free: 371460K (83%)
----------------- Invoking toplevel() on ptolemy.moml.MoMLSimpleApplication@7872d5fb
----------------- Done invoking toplevel() on ptolemy.moml.MoMLSimpleApplication@7872d5fb
reloadAllAccessors: .SubscriberPortInitialValues2

===========================================================================================
----------------- testing Tue Dec 31 06:41:41 UTC 2019 /home/travis/build/icyphy/ptII/ptolemy/actor/lib/test/auto/SubscriberPortInitialValues3.xml
----------------- Instantiating /home/travis/build/icyphy/ptII/ptolemy/actor/lib/test/auto/SubscriberPortInitialValues3.xml
3 ms. Memory: 446464K Free: 360710K (81%)
----------------- Invoking toplevel() on ptolemy.moml.MoMLSimpleApplication@13ee8e2
----------------- Done invoking toplevel() on ptolemy.moml.MoMLSimpleApplication@13ee8e2
reloadAllAccessors: .SubscriberPortInitialValues3

===========================================================================================
----------------- testing Tue Dec 31 06:41:42 UTC 2019 /home/travis/build/icyphy/ptII/ptolemy/actor/lib/test/auto/SubscriptionAggregator.xml
----------------- Instantiating /home/travis/build/icyphy/ptII/ptolemy/actor/lib/test/auto/SubscriptionAggregator.xml
2 ms. Memory: 446464K Free: 354038K (79%)
----------------- Invoking toplevel() on ptolemy.moml.MoMLSimpleApplication@35bc4e79
----------------- Done invoking toplevel() on ptolemy.moml.MoMLSimpleApplication@35bc4e79
reloadAllAccessors: .SubscriptionAggregator

===========================================================================================
----------------- testing Tue Dec 31 06:41:42 UTC 2019 /home/travis/build/icyphy/ptII/ptolemy/actor/lib/test/auto/SubscriptionAggregator2.xml
----------------- Instantiating /home/travis/build/icyphy/ptII/ptolemy/actor/lib/test/auto/SubscriptionAggregator2.xml
2 ms. Memory: 446464K Free: 346878K (78%)
----------------- Invoking toplevel() on ptolemy.moml.MoMLSimpleApplication@1299cd32
----------------- Done invoking toplevel() on ptolemy.moml.MoMLSimpleApplication@1299cd32
reloadAllAccessors: .SubscriptionAggregator2

===========================================================================================
----------------- testing Tue Dec 31 06:41:42 UTC 2019 /home/travis/build/icyphy/ptII/ptolemy/actor/lib/test/auto/SubscriptionAggregator3.xml
----------------- Instantiating /home/travis/build/icyphy/ptII/ptolemy/actor/lib/test/auto/SubscriptionAggregator3.xml
4 ms. Memory: 446464K Free: 338678K (76%)
----------------- Invoking toplevel() on ptolemy.moml.MoMLSimpleApplication@4c376575
----------------- Done invoking toplevel() on ptolemy.moml.MoMLSimpleApplication@4c376575
reloadAllAccessors: .SubscriptionAggregator3

===========================================================================================
----------------- testing Tue Dec 31 06:41:42 UTC 2019 /home/travis/build/icyphy/ptII/ptolemy/actor/lib/test/auto/SubscriptionAggregatorMultiply.xml
----------------- Instantiating /home/travis/build/icyphy/ptII/ptolemy/actor/lib/test/auto/SubscriptionAggregatorMultiply.xml
2 ms. Memory: 446464K Free: 329990K (74%)
----------------- Invoking toplevel() on ptolemy.moml.MoMLSimpleApplication@78736215
----------------- Done invoking toplevel() on ptolemy.moml.MoMLSimpleApplication@78736215
reloadAllAccessors: .SubscriptionAggregatorMultiply

===========================================================================================
----------------- testing Tue Dec 31 06:41:42 UTC 2019 /home/travis/build/icyphy/ptII/ptolemy/actor/lib/test/auto/SubscriptionAggregatorPortMultiply1.xml
----------------- Instantiating /home/travis/build/icyphy/ptII/ptolemy/actor/lib/test/auto/SubscriptionAggregatorPortMultiply1.xml
3 ms. Memory: 446464K Free: 321798K (72%)
----------------- Invoking toplevel() on ptolemy.moml.MoMLSimpleApplication@635e8256
----------------- Done invoking toplevel() on ptolemy.moml.MoMLSimpleApplication@635e8256
reloadAllAccessors: .SubscriptionAggregatorPortMultiply1

===========================================================================================
----------------- testing Tue Dec 31 06:41:42 UTC 2019 /home/travis/build/icyphy/ptII/ptolemy/actor/lib/test/auto/Switch.xml
----------------- Instantiating /home/travis/build/icyphy/ptII/ptolemy/actor/lib/test/auto/Switch.xml
8 ms. Memory: 446464K Free: 313606K (70%)
----------------- Invoking toplevel() on ptolemy.moml.MoMLSimpleApplication@7087b8d7
----------------- Done invoking toplevel() on ptolemy.moml.MoMLSimpleApplication@7087b8d7
reloadAllAccessors: .Switch

===========================================================================================
----------------- testing Tue Dec 31 06:41:42 UTC 2019 /home/travis/build/icyphy/ptII/ptolemy/actor/lib/test/auto/Switch2.xml
----------------- Instantiating /home/travis/build/icyphy/ptII/ptolemy/actor/lib/test/auto/Switch2.xml
1 ms. Memory: 446464K Free: 308996K (69%)
----------------- Invoking toplevel() on ptolemy.moml.MoMLSimpleApplication@2cf46c15
----------------- Done invoking toplevel() on ptolemy.moml.MoMLSimpleApplication@2cf46c15
reloadAllAccessors: .Switch2

===========================================================================================
----------------- testing Tue Dec 31 06:41:42 UTC 2019 /home/travis/build/icyphy/ptII/ptolemy/actor/lib/test/auto/SwitchDE.xml
----------------- Instantiating /home/travis/build/icyphy/ptII/ptolemy/actor/lib/test/auto/SwitchDE.xml
4 ms. Memory: 446464K Free: 302838K (68%)
----------------- Invoking toplevel() on ptolemy.moml.MoMLSimpleApplication@2521d6f7
----------------- Done invoking toplevel() on ptolemy.moml.MoMLSimpleApplication@2521d6f7
reloadAllAccessors: .SwitchDE

===========================================================================================
----------------- testing Tue Dec 31 06:41:42 UTC 2019 /home/travis/build/icyphy/ptII/ptolemy/actor/lib/test/auto/SynchronizerDE.xml
----------------- Instantiating /home/travis/build/icyphy/ptII/ptolemy/actor/lib/test/auto/SynchronizerDE.xml
6 ms. Memory: 446464K Free: 294646K (66%)
----------------- Invoking toplevel() on ptolemy.moml.MoMLSimpleApplication@673d900b
----------------- Done invoking toplevel() on ptolemy.moml.MoMLSimpleApplication@673d900b
reloadAllAccessors: .SynchronizerDE

===========================================================================================
----------------- testing Tue Dec 31 06:41:42 UTC 2019 /home/travis/build/icyphy/ptII/ptolemy/actor/lib/test/auto/Test.xml
----------------- Instantiating /home/travis/build/icyphy/ptII/ptolemy/actor/lib/test/auto/Test.xml
1 ms. Memory: 446464K Free: 289510K (65%)
----------------- Invoking toplevel() on ptolemy.moml.MoMLSimpleApplication@12bed0b9
----------------- Done invoking toplevel() on ptolemy.moml.MoMLSimpleApplication@12bed0b9
reloadAllAccessors: .Test

===========================================================================================
----------------- testing Tue Dec 31 06:41:42 UTC 2019 /home/travis/build/icyphy/ptII/ptolemy/actor/lib/test/auto/TestExceptionAttribute1.xml
----------------- Instantiating /home/travis/build/icyphy/ptII/ptolemy/actor/lib/test/auto/TestExceptionAttribute1.xml
1 ms. Memory: 446464K Free: 285958K (64%)
----------------- Invoking toplevel() on ptolemy.moml.MoMLSimpleApplication@602807b2
----------------- Done invoking toplevel() on ptolemy.moml.MoMLSimpleApplication@602807b2
reloadAllAccessors: .TestExceptionAttribute1

===========================================================================================
----------------- testing Tue Dec 31 06:41:42 UTC 2019 /home/travis/build/icyphy/ptII/ptolemy/actor/lib/test/auto/TestExceptionAttribute2.xml
----------------- Instantiating /home/travis/build/icyphy/ptII/ptolemy/actor/lib/test/auto/TestExceptionAttribute2.xml
2 ms. Memory: 446464K Free: 282372K (63%)
----------------- Invoking toplevel() on ptolemy.moml.MoMLSimpleApplication@e696597
----------------- Done invoking toplevel() on ptolemy.moml.MoMLSimpleApplication@e696597
reloadAllAccessors: .TestExceptionAttribute2

===========================================================================================
----------------- testing Tue Dec 31 06:41:42 UTC 2019 /home/travis/build/icyphy/ptII/ptolemy/actor/lib/test/auto/TestExceptionAttribute3.xml
----------------- Instantiating /home/travis/build/icyphy/ptII/ptolemy/actor/lib/test/auto/TestExceptionAttribute3.xml
.TestExceptionAttribute3.TestExceptionAttribute: initialize() was not invoked, but wrapup() was.  This is unusual, but not always a problem.  For example, exporting JNLP will do this.
1 ms. Memory: 446464K Free: 278276K (62%)
----------------- Invoking toplevel() on ptolemy.moml.MoMLSimpleApplication@6a833c80
----------------- Done invoking toplevel() on ptolemy.moml.MoMLSimpleApplication@6a833c80
reloadAllAccessors: .TestExceptionAttribute3

===========================================================================================
----------------- testing Tue Dec 31 06:41:42 UTC 2019 /home/travis/build/icyphy/ptII/ptolemy/actor/lib/test/auto/TestExceptionAttribute4.xml
----------------- Instantiating /home/travis/build/icyphy/ptII/ptolemy/actor/lib/test/auto/TestExceptionAttribute4.xml
.TestExceptionAttribute4.TestExceptionAttribute: initialize() was not invoked, but wrapup() was.  This is unusual, but not always a problem.  For example, exporting JNLP will do this.
.TestExceptionAttribute4.TestExceptionAttribute2: initialize() was not invoked, but wrapup() was.  This is unusual, but not always a problem.  For example, exporting JNLP will do this.
1 ms. Memory: 446464K Free: 274180K (61%)
----------------- Invoking toplevel() on ptolemy.moml.MoMLSimpleApplication@11df65f8
----------------- Done invoking toplevel() on ptolemy.moml.MoMLSimpleApplication@11df65f8
reloadAllAccessors: .TestExceptionAttribute4

===========================================================================================
----------------- testing Tue Dec 31 06:41:42 UTC 2019 /home/travis/build/icyphy/ptII/ptolemy/actor/lib/test/auto/TestExceptionHandler1.xml
----------------- Instantiating /home/travis/build/icyphy/ptII/ptolemy/actor/lib/test/auto/TestExceptionHandler1.xml
0 ms. Memory: 446464K Free: 270598K (61%)
----------------- Invoking toplevel() on ptolemy.moml.MoMLSimpleApplication@45fa19dd
----------------- Done invoking toplevel() on ptolemy.moml.MoMLSimpleApplication@45fa19dd
reloadAllAccessors: .TestExceptionHandler1

===========================================================================================
----------------- testing Tue Dec 31 06:41:42 UTC 2019 /home/travis/build/icyphy/ptII/ptolemy/actor/lib/test/auto/TestExceptionHandler2.xml
----------------- Instantiating /home/travis/build/icyphy/ptII/ptolemy/actor/lib/test/auto/TestExceptionHandler2.xml
1 ms. Memory: 446464K Free: 267012K (60%)
----------------- Invoking toplevel() on ptolemy.moml.MoMLSimpleApplication@5e1ccf0e
----------------- Done invoking toplevel() on ptolemy.moml.MoMLSimpleApplication@5e1ccf0e
reloadAllAccessors: .TestExceptionHandler2

===========================================================================================
----------------- testing Tue Dec 31 06:41:42 UTC 2019 /home/travis/build/icyphy/ptII/ptolemy/actor/lib/test/auto/TestExceptionHandler3.xml
----------------- Instantiating /home/travis/build/icyphy/ptII/ptolemy/actor/lib/test/auto/TestExceptionHandler3.xml
0 ms. Memory: 446464K Free: 263430K (59%)
----------------- Invoking toplevel() on ptolemy.moml.MoMLSimpleApplication@4dc26f35
----------------- Done invoking toplevel() on ptolemy.moml.MoMLSimpleApplication@4dc26f35
reloadAllAccessors: .TestExceptionHandler3

===========================================================================================
----------------- testing Tue Dec 31 06:41:42 UTC 2019 /home/travis/build/icyphy/ptII/ptolemy/actor/lib/test/auto/TestExceptionHandler4.xml
----------------- Instantiating /home/travis/build/icyphy/ptII/ptolemy/actor/lib/test/auto/TestExceptionHandler4.xml
0 ms. Memory: 446464K Free: 259334K (58%)
----------------- Invoking toplevel() on ptolemy.moml.MoMLSimpleApplication@b704ce9
----------------- Done invoking toplevel() on ptolemy.moml.MoMLSimpleApplication@b704ce9
reloadAllAccessors: .TestExceptionHandler4

===========================================================================================
----------------- testing Tue Dec 31 06:41:42 UTC 2019 /home/travis/build/icyphy/ptII/ptolemy/actor/lib/test/auto/TestRequireCorrectOrder.xml
----------------- Instantiating /home/travis/build/icyphy/ptII/ptolemy/actor/lib/test/auto/TestRequireCorrectOrder.xml
9 ms. Memory: 446464K Free: 254214K (57%)
----------------- Invoking toplevel() on ptolemy.moml.MoMLSimpleApplication@2e9fe3ce
----------------- Done invoking toplevel() on ptolemy.moml.MoMLSimpleApplication@2e9fe3ce
reloadAllAccessors: .TestRequireCorrectOrder

===========================================================================================
----------------- testing Tue Dec 31 06:41:42 UTC 2019 /home/travis/build/icyphy/ptII/ptolemy/actor/lib/test/auto/TestSimple.xml
----------------- Instantiating /home/travis/build/icyphy/ptII/ptolemy/actor/lib/test/auto/TestSimple.xml
1 ms. Memory: 446464K Free: 250118K (56%)
----------------- Invoking toplevel() on ptolemy.moml.MoMLSimpleApplication@36ac17ae
----------------- Done invoking toplevel() on ptolemy.moml.MoMLSimpleApplication@36ac17ae
reloadAllAccessors: .TestSimple

===========================================================================================
----------------- testing Tue Dec 31 06:41:42 UTC 2019 /home/travis/build/icyphy/ptII/ptolemy/actor/lib/test/auto/ThrowModelError.xml
----------------- Instantiating /home/travis/build/icyphy/ptII/ptolemy/actor/lib/test/auto/ThrowModelError.xml
1 ms. Memory: 446464K Free: 245508K (55%)
----------------- Invoking toplevel() on ptolemy.moml.MoMLSimpleApplication@47d06331
----------------- Done invoking toplevel() on ptolemy.moml.MoMLSimpleApplication@47d06331
reloadAllAccessors: .ThrowModelError

===========================================================================================
----------------- testing Tue Dec 31 06:41:42 UTC 2019 /home/travis/build/icyphy/ptII/ptolemy/actor/lib/test/auto/TimeDelayMicrosteps.xml
----------------- Instantiating /home/travis/build/icyphy/ptII/ptolemy/actor/lib/test/auto/TimeDelayMicrosteps.xml
2 ms. Memory: 446464K Free: 238854K (53%)
----------------- Invoking toplevel() on ptolemy.moml.MoMLSimpleApplication@c82daad
----------------- Done invoking toplevel() on ptolemy.moml.MoMLSimpleApplication@c82daad
reloadAllAccessors: .TimeDelayMicrosteps

===========================================================================================
----------------- testing Tue Dec 31 06:41:42 UTC 2019 /home/travis/build/icyphy/ptII/ptolemy/actor/lib/test/auto/TimeDelayMicrosteps2.xml
----------------- Instantiating /home/travis/build/icyphy/ptII/ptolemy/actor/lib/test/auto/TimeDelayMicrosteps2.xml
3 ms. Memory: 446464K Free: 231686K (52%)
----------------- Invoking toplevel() on ptolemy.moml.MoMLSimpleApplication@74374f63
----------------- Done invoking toplevel() on ptolemy.moml.MoMLSimpleApplication@74374f63
reloadAllAccessors: .TimeDelayMicrosteps2

===========================================================================================
----------------- testing Tue Dec 31 06:41:42 UTC 2019 /home/travis/build/icyphy/ptII/ptolemy/actor/lib/test/auto/TimeDelayMicrosteps3.xml
----------------- Instantiating /home/travis/build/icyphy/ptII/ptolemy/actor/lib/test/auto/TimeDelayMicrosteps3.xml
5 ms. Memory: 446464K Free: 224518K (50%)
----------------- Invoking toplevel() on ptolemy.moml.MoMLSimpleApplication@7d9a7fbf
----------------- Done invoking toplevel() on ptolemy.moml.MoMLSimpleApplication@7d9a7fbf
reloadAllAccessors: .TimeDelayMicrosteps3

===========================================================================================
----------------- testing Tue Dec 31 06:41:42 UTC 2019 /home/travis/build/icyphy/ptII/ptolemy/actor/lib/test/auto/TimeDelayVariableMicrosteps.xml
----------------- Instantiating /home/travis/build/icyphy/ptII/ptolemy/actor/lib/test/auto/TimeDelayVariableMicrosteps.xml
3 ms. Memory: 446464K Free: 217860K (49%)
----------------- Invoking toplevel() on ptolemy.moml.MoMLSimpleApplication@787ceb
----------------- Done invoking toplevel() on ptolemy.moml.MoMLSimpleApplication@787ceb
reloadAllAccessors: .TimeDelayVariableMicrosteps

===========================================================================================
----------------- testing Tue Dec 31 06:41:42 UTC 2019 /home/travis/build/icyphy/ptII/ptolemy/actor/lib/test/auto/TimeGap.xml
----------------- Instantiating /home/travis/build/icyphy/ptII/ptolemy/actor/lib/test/auto/TimeGap.xml
3 ms. Memory: 446464K Free: 212710K (48%)
----------------- Invoking toplevel() on ptolemy.moml.MoMLSimpleApplication@63540333
----------------- Done invoking toplevel() on ptolemy.moml.MoMLSimpleApplication@63540333
reloadAllAccessors: .TimeGap

===========================================================================================
----------------- testing Tue Dec 31 06:41:42 UTC 2019 /home/travis/build/icyphy/ptII/ptolemy/actor/lib/test/auto/TimeGap2.xml
----------------- Instantiating /home/travis/build/icyphy/ptII/ptolemy/actor/lib/test/auto/TimeGap2.xml
2 ms. Memory: 446464K Free: 207110K (46%)
----------------- Invoking toplevel() on ptolemy.moml.MoMLSimpleApplication@7a90f951
----------------- Done invoking toplevel() on ptolemy.moml.MoMLSimpleApplication@7a90f951
reloadAllAccessors: .TimeGap2

===========================================================================================
----------------- testing Tue Dec 31 06:41:42 UTC 2019 /home/travis/build/icyphy/ptII/ptolemy/actor/lib/test/auto/TimedSinewave.xml
----------------- Instantiating /home/travis/build/icyphy/ptII/ptolemy/actor/lib/test/auto/TimedSinewave.xml
23 ms. Memory: 446464K Free: 192774K (43%)
----------------- Invoking toplevel() on ptolemy.moml.MoMLSimpleApplication@64b3cf6a
----------------- Done invoking toplevel() on ptolemy.moml.MoMLSimpleApplication@64b3cf6a
reloadAllAccessors: .TimedSinewave

===========================================================================================
----------------- testing Tue Dec 31 06:41:42 UTC 2019 /home/travis/build/icyphy/ptII/ptolemy/actor/lib/test/auto/TimedSinewavePhase.xml
----------------- Instantiating /home/travis/build/icyphy/ptII/ptolemy/actor/lib/test/auto/TimedSinewavePhase.xml
21 ms. Memory: 446464K Free: 183044K (41%)
----------------- Invoking toplevel() on ptolemy.moml.MoMLSimpleApplication@5e85c1b3
----------------- Done invoking toplevel() on ptolemy.moml.MoMLSimpleApplication@5e85c1b3
reloadAllAccessors: .TimedSinewavePhase

===========================================================================================
----------------- testing Tue Dec 31 06:41:42 UTC 2019 /home/travis/build/icyphy/ptII/ptolemy/actor/lib/test/auto/Timer.xml
----------------- Instantiating /home/travis/build/icyphy/ptII/ptolemy/actor/lib/test/auto/Timer.xml
2 ms. Memory: 446464K Free: 177414K (40%)
----------------- Invoking toplevel() on ptolemy.moml.MoMLSimpleApplication@2c85084e
----------------- Done invoking toplevel() on ptolemy.moml.MoMLSimpleApplication@2c85084e
reloadAllAccessors: .Timer

===========================================================================================
----------------- testing Tue Dec 31 06:41:42 UTC 2019 /home/travis/build/icyphy/ptII/ptolemy/actor/lib/test/auto/TriangularDistTestModel.xml
----------------- Instantiating /home/travis/build/icyphy/ptII/ptolemy/actor/lib/test/auto/TriangularDistTestModel.xml
2 ms. Memory: 446464K Free: 171766K (38%)
----------------- Invoking toplevel() on ptolemy.moml.MoMLSimpleApplication@4a33cd32
----------------- Done invoking toplevel() on ptolemy.moml.MoMLSimpleApplication@4a33cd32
reloadAllAccessors: .TriangularDistTestModel

===========================================================================================
----------------- testing Tue Dec 31 06:41:42 UTC 2019 /home/travis/build/icyphy/ptII/ptolemy/actor/lib/test/auto/TrigFunction.xml
----------------- Instantiating /home/travis/build/icyphy/ptII/ptolemy/actor/lib/test/auto/TrigFunction.xml
2 ms. Memory: 446464K Free: 166660K (37%)
----------------- Invoking toplevel() on ptolemy.moml.MoMLSimpleApplication@780fe5dd
----------------- Done invoking toplevel() on ptolemy.moml.MoMLSimpleApplication@780fe5dd
reloadAllAccessors: .TrigFunction

===========================================================================================
----------------- testing Tue Dec 31 06:41:42 UTC 2019 /home/travis/build/icyphy/ptII/ptolemy/actor/lib/test/auto/TrigFunctionDE.xml
----------------- Instantiating /home/travis/build/icyphy/ptII/ptolemy/actor/lib/test/auto/TrigFunctionDE.xml
2 ms. Memory: 446464K Free: 161030K (36%)
----------------- Invoking toplevel() on ptolemy.moml.MoMLSimpleApplication@50b20851
----------------- Done invoking toplevel() on ptolemy.moml.MoMLSimpleApplication@50b20851
reloadAllAccessors: .TrigFunctionDE

===========================================================================================
----------------- testing Tue Dec 31 06:41:42 UTC 2019 /home/travis/build/icyphy/ptII/ptolemy/actor/lib/test/auto/TrigFunctionInverse.xml
----------------- Instantiating /home/travis/build/icyphy/ptII/ptolemy/actor/lib/test/auto/TrigFunctionInverse.xml
1 ms. Memory: 446464K Free: 155910K (35%)
----------------- Invoking toplevel() on ptolemy.moml.MoMLSimpleApplication@2d349a75
----------------- Done invoking toplevel() on ptolemy.moml.MoMLSimpleApplication@2d349a75
reloadAllAccessors: .TrigFunctionInverse

===========================================================================================
----------------- testing Tue Dec 31 06:41:42 UTC 2019 /home/travis/build/icyphy/ptII/ptolemy/actor/lib/test/auto/TrigFunctionTan.xml
----------------- Instantiating /home/travis/build/icyphy/ptII/ptolemy/actor/lib/test/auto/TrigFunctionTan.xml
1 ms. Memory: 446464K Free: 151814K (34%)
----------------- Invoking toplevel() on ptolemy.moml.MoMLSimpleApplication@bb3ccf9
----------------- Done invoking toplevel() on ptolemy.moml.MoMLSimpleApplication@bb3ccf9
reloadAllAccessors: .TrigFunctionTan

===========================================================================================
----------------- testing Tue Dec 31 06:41:42 UTC 2019 /home/travis/build/icyphy/ptII/ptolemy/actor/lib/test/auto/TriggeredClock.xml
----------------- Instantiating /home/travis/build/icyphy/ptII/ptolemy/actor/lib/test/auto/TriggeredClock.xml
1 ms. Memory: 446464K Free: 146694K (33%)
----------------- Invoking toplevel() on ptolemy.moml.MoMLSimpleApplication@63f297d
----------------- Done invoking toplevel() on ptolemy.moml.MoMLSimpleApplication@63f297d
reloadAllAccessors: .TriggeredClock

===========================================================================================
----------------- testing Tue Dec 31 06:41:42 UTC 2019 /home/travis/build/icyphy/ptII/ptolemy/actor/lib/test/auto/URLDirectoryReader.xml
----------------- Instantiating /home/travis/build/icyphy/ptII/ptolemy/actor/lib/test/auto/URLDirectoryReader.xml
36 ms. Memory: 446464K Free: 137478K (31%)
----------------- Invoking toplevel() on ptolemy.moml.MoMLSimpleApplication@35406bda
----------------- Done invoking toplevel() on ptolemy.moml.MoMLSimpleApplication@35406bda
reloadAllAccessors: .URLDirectoryReader

===========================================================================================
----------------- testing Tue Dec 31 06:41:42 UTC 2019 /home/travis/build/icyphy/ptII/ptolemy/actor/lib/test/auto/URLDirectoryReader3.xml
----------------- Instantiating /home/travis/build/icyphy/ptII/ptolemy/actor/lib/test/auto/URLDirectoryReader3.xml
1030 ms. Memory: 446464K Free: 383862K (86%)
----------------- Invoking toplevel() on ptolemy.moml.MoMLSimpleApplication@4be8491b
----------------- Done invoking toplevel() on ptolemy.moml.MoMLSimpleApplication@4be8491b
reloadAllAccessors: .URLDirectoryReader3

===========================================================================================
----------------- testing Tue Dec 31 06:41:43 UTC 2019 /home/travis/build/icyphy/ptII/ptolemy/actor/lib/test/auto/UnaryMathFunction.xml
----------------- Instantiating /home/travis/build/icyphy/ptII/ptolemy/actor/lib/test/auto/UnaryMathFunction.xml
4 ms. Memory: 446464K Free: 376180K (84%)
----------------- Invoking toplevel() on ptolemy.moml.MoMLSimpleApplication@4a3536a3
----------------- Done invoking toplevel() on ptolemy.moml.MoMLSimpleApplication@4a3536a3
reloadAllAccessors: .UnaryMathFunction

===========================================================================================
----------------- testing Tue Dec 31 06:41:44 UTC 2019 /home/travis/build/icyphy/ptII/ptolemy/actor/lib/test/auto/Uniform.xml
----------------- Instantiating /home/travis/build/icyphy/ptII/ptolemy/actor/lib/test/auto/Uniform.xml
1 ms. Memory: 446464K Free: 371574K (83%)
----------------- Invoking toplevel() on ptolemy.moml.MoMLSimpleApplication@40c6768c
----------------- Done invoking toplevel() on ptolemy.moml.MoMLSimpleApplication@40c6768c
reloadAllAccessors: .Uniform

===========================================================================================
----------------- testing Tue Dec 31 06:41:44 UTC 2019 /home/travis/build/icyphy/ptII/ptolemy/actor/lib/test/auto/UnionDisassemblerTest.xml
----------------- Instantiating /home/travis/build/icyphy/ptII/ptolemy/actor/lib/test/auto/UnionDisassemblerTest.xml
17 ms. Memory: 446464K Free: 367974K (82%)
----------------- Invoking toplevel() on ptolemy.moml.MoMLSimpleApplication@5ee823a3
----------------- Done invoking toplevel() on ptolemy.moml.MoMLSimpleApplication@5ee823a3
reloadAllAccessors: .UnionDisassemblerTest

===========================================================================================
----------------- testing Tue Dec 31 06:41:44 UTC 2019 /home/travis/build/icyphy/ptII/ptolemy/actor/lib/test/auto/UtilityFunctions.xml
----------------- Instantiating /home/travis/build/icyphy/ptII/ptolemy/actor/lib/test/auto/UtilityFunctions.xml
1 ms. Memory: 446464K Free: 363382K (81%)
----------------- Invoking toplevel() on ptolemy.moml.MoMLSimpleApplication@3e7025e
----------------- Done invoking toplevel() on ptolemy.moml.MoMLSimpleApplication@3e7025e
reloadAllAccessors: .UtilityFunctions

===========================================================================================
----------------- testing Tue Dec 31 06:41:44 UTC 2019 /home/travis/build/icyphy/ptII/ptolemy/actor/lib/test/auto/VariableSleep.xml
----------------- Instantiating /home/travis/build/icyphy/ptII/ptolemy/actor/lib/test/auto/VariableSleep.xml
502 ms. Memory: 446464K Free: 358262K (80%)
----------------- Invoking toplevel() on ptolemy.moml.MoMLSimpleApplication@5bd426d5
----------------- Done invoking toplevel() on ptolemy.moml.MoMLSimpleApplication@5bd426d5
reloadAllAccessors: .VariableSleep

===========================================================================================
----------------- testing Tue Dec 31 06:41:44 UTC 2019 /home/travis/build/icyphy/ptII/ptolemy/actor/lib/test/auto/VectorAssemblerDisassemblerCT.xml
----------------- Instantiating /home/travis/build/icyphy/ptII/ptolemy/actor/lib/test/auto/VectorAssemblerDisassemblerCT.xml
70 ms. Memory: 446464K Free: 338292K (76%)
----------------- Invoking toplevel() on ptolemy.moml.MoMLSimpleApplication@5615c916
----------------- Done invoking toplevel() on ptolemy.moml.MoMLSimpleApplication@5615c916
reloadAllAccessors: .VectorAssemblerDisassemblerCT

===========================================================================================
----------------- testing Tue Dec 31 06:41:44 UTC 2019 /home/travis/build/icyphy/ptII/ptolemy/actor/lib/test/auto/VectorAssemblerDisassemblerDE.xml
----------------- Instantiating /home/travis/build/icyphy/ptII/ptolemy/actor/lib/test/auto/VectorAssemblerDisassemblerDE.xml
2 ms. Memory: 446464K Free: 331124K (74%)
----------------- Invoking toplevel() on ptolemy.moml.MoMLSimpleApplication@353564ad
----------------- Done invoking toplevel() on ptolemy.moml.MoMLSimpleApplication@353564ad
reloadAllAccessors: .VectorAssemblerDisassemblerDE

===========================================================================================
----------------- testing Tue Dec 31 06:41:44 UTC 2019 /home/travis/build/icyphy/ptII/ptolemy/actor/lib/test/auto/VectorAssemblerDisassemblerSDF.xml
----------------- Instantiating /home/travis/build/icyphy/ptII/ptolemy/actor/lib/test/auto/VectorAssemblerDisassemblerSDF.xml
2 ms. Memory: 446464K Free: 324470K (73%)
----------------- Invoking toplevel() on ptolemy.moml.MoMLSimpleApplication@374dfef1
----------------- Done invoking toplevel() on ptolemy.moml.MoMLSimpleApplication@374dfef1
reloadAllAccessors: .VectorAssemblerDisassemblerSDF

===========================================================================================
----------------- testing Tue Dec 31 06:41:44 UTC 2019 /home/travis/build/icyphy/ptII/ptolemy/actor/lib/test/auto/WallClockTime.xml
----------------- Instantiating /home/travis/build/icyphy/ptII/ptolemy/actor/lib/test/auto/WallClockTime.xml
1004 ms. Memory: 446464K Free: 319350K (72%)
----------------- Invoking toplevel() on ptolemy.moml.MoMLSimpleApplication@2e548030
----------------- Done invoking toplevel() on ptolemy.moml.MoMLSimpleApplication@2e548030
reloadAllAccessors: .WallClockTime

===========================================================================================
----------------- testing Tue Dec 31 06:41:45 UTC 2019 /home/travis/build/icyphy/ptII/ptolemy/actor/lib/test/auto/WidthTestWithSubscriberPublisher.xml
----------------- Instantiating /home/travis/build/icyphy/ptII/ptolemy/actor/lib/test/auto/WidthTestWithSubscriberPublisher.xml
6 ms. Memory: 446464K Free: 300918K (67%)
----------------- Invoking toplevel() on ptolemy.moml.MoMLSimpleApplication@56bdaca7
----------------- Done invoking toplevel() on ptolemy.moml.MoMLSimpleApplication@56bdaca7
reloadAllAccessors: .WidthTestWithSubscriberPublisher

===========================================================================================
----------------- testing Tue Dec 31 06:41:45 UTC 2019 /home/travis/build/icyphy/ptII/ptolemy/actor/lib/test/auto/WidthTestWithSubscriberPublisher2.xml
----------------- Instantiating /home/travis/build/icyphy/ptII/ptolemy/actor/lib/test/auto/WidthTestWithSubscriberPublisher2.xml
2 ms. Memory: 446464K Free: 294774K (66%)
----------------- Invoking toplevel() on ptolemy.moml.MoMLSimpleApplication@4c51f3a
----------------- Done invoking toplevel() on ptolemy.moml.MoMLSimpleApplication@4c51f3a
reloadAllAccessors: .WidthTestWithSubscriberPublisher2

===========================================================================================
----------------- testing Tue Dec 31 06:41:45 UTC 2019 /home/travis/build/icyphy/ptII/ptolemy/actor/lib/test/auto/WidthTestWithSubscriberPublisher3.xml
----------------- Instantiating /home/travis/build/icyphy/ptII/ptolemy/actor/lib/test/auto/WidthTestWithSubscriberPublisher3.xml
2 ms. Memory: 446464K Free: 289140K (65%)
----------------- Invoking toplevel() on ptolemy.moml.MoMLSimpleApplication@491223d5
----------------- Done invoking toplevel() on ptolemy.moml.MoMLSimpleApplication@491223d5
reloadAllAccessors: .WidthTestWithSubscriberPublisher3

===========================================================================================
----------------- testing Tue Dec 31 06:41:45 UTC 2019 /home/travis/build/icyphy/ptII/ptolemy/actor/lib/test/auto/Writer.xml
----------------- Instantiating /home/travis/build/icyphy/ptII/ptolemy/actor/lib/test/auto/Writer.xml
0
1
2
3
4
1 ms. Memory: 446464K Free: 285014K (64%)
----------------- Invoking toplevel() on ptolemy.moml.MoMLSimpleApplication@6ef078b2
----------------- Done invoking toplevel() on ptolemy.moml.MoMLSimpleApplication@6ef078b2
reloadAllAccessors: .Writer

===========================================================================================
----------------- testing Tue Dec 31 06:41:45 UTC 2019 /home/travis/build/icyphy/ptII/ptolemy/actor/lib/test/auto/array.xml
----------------- Instantiating /home/travis/build/icyphy/ptII/ptolemy/actor/lib/test/auto/array.xml
11 ms. Memory: 446464K Free: 280438K (63%)
----------------- Invoking toplevel() on ptolemy.moml.MoMLSimpleApplication@71b6cc39
----------------- Done invoking toplevel() on ptolemy.moml.MoMLSimpleApplication@71b6cc39
reloadAllAccessors: .array

===========================================================================================
----------------- testing Tue Dec 31 06:41:45 UTC 2019 /home/travis/build/icyphy/ptII/ptolemy/actor/lib/test/auto/array2.xml
----------------- Instantiating /home/travis/build/icyphy/ptII/ptolemy/actor/lib/test/auto/array2.xml
9 ms. Memory: 446464K Free: 274790K (62%)
----------------- Invoking toplevel() on ptolemy.moml.MoMLSimpleApplication@690c43d
----------------- Done invoking toplevel() on ptolemy.moml.MoMLSimpleApplication@690c43d
reloadAllAccessors: .array2

===========================================================================================
----------------- testing Tue Dec 31 06:41:45 UTC 2019 /home/travis/build/icyphy/ptII/ptolemy/actor/lib/test/auto/arrayType.xml
----------------- Instantiating /home/travis/build/icyphy/ptII/ptolemy/actor/lib/test/auto/arrayType.xml
2 ms. Memory: 446464K Free: 269684K (60%)
----------------- Invoking toplevel() on ptolemy.moml.MoMLSimpleApplication@1c79fc2
----------------- Done invoking toplevel() on ptolemy.moml.MoMLSimpleApplication@1c79fc2
reloadAllAccessors: .arrayType

===========================================================================================
----------------- testing Tue Dec 31 06:41:45 UTC 2019 /home/travis/build/icyphy/ptII/ptolemy/actor/lib/test/auto/arrayType10.xml
----------------- Instantiating /home/travis/build/icyphy/ptII/ptolemy/actor/lib/test/auto/arrayType10.xml
1 ms. Memory: 446464K Free: 265078K (59%)
----------------- Invoking toplevel() on ptolemy.moml.MoMLSimpleApplication@2ad053c4
----------------- Done invoking toplevel() on ptolemy.moml.MoMLSimpleApplication@2ad053c4
reloadAllAccessors: .arrayType10

===========================================================================================
----------------- testing Tue Dec 31 06:41:45 UTC 2019 /home/travis/build/icyphy/ptII/ptolemy/actor/lib/test/auto/arrayType11.xml
----------------- Instantiating /home/travis/build/icyphy/ptII/ptolemy/actor/lib/test/auto/arrayType11.xml
2 ms. Memory: 446464K Free: 260468K (58%)
----------------- Invoking toplevel() on ptolemy.moml.MoMLSimpleApplication@8393d69
----------------- Done invoking toplevel() on ptolemy.moml.MoMLSimpleApplication@8393d69
reloadAllAccessors: .arrayType11

===========================================================================================
----------------- testing Tue Dec 31 06:41:45 UTC 2019 /home/travis/build/icyphy/ptII/ptolemy/actor/lib/test/auto/arrayType12.xml
----------------- Instantiating /home/travis/build/icyphy/ptII/ptolemy/actor/lib/test/auto/arrayType12.xml
1 ms. Memory: 446464K Free: 255862K (57%)
----------------- Invoking toplevel() on ptolemy.moml.MoMLSimpleApplication@6f76e514
----------------- Done invoking toplevel() on ptolemy.moml.MoMLSimpleApplication@6f76e514
reloadAllAccessors: .arrayType12

===========================================================================================
----------------- testing Tue Dec 31 06:41:45 UTC 2019 /home/travis/build/icyphy/ptII/ptolemy/actor/lib/test/auto/arrayType13.xml
----------------- Instantiating /home/travis/build/icyphy/ptII/ptolemy/actor/lib/test/auto/arrayType13.xml
1 ms. Memory: 446464K Free: 250228K (56%)
----------------- Invoking toplevel() on ptolemy.moml.MoMLSimpleApplication@59990c8e
----------------- Done invoking toplevel() on ptolemy.moml.MoMLSimpleApplication@59990c8e
reloadAllAccessors: .arrayType13

===========================================================================================
----------------- testing Tue Dec 31 06:41:45 UTC 2019 /home/travis/build/icyphy/ptII/ptolemy/actor/lib/test/auto/arrayType14.xml
----------------- Instantiating /home/travis/build/icyphy/ptII/ptolemy/actor/lib/test/auto/arrayType14.xml
1 ms. Memory: 446464K Free: 245094K (55%)
----------------- Invoking toplevel() on ptolemy.moml.MoMLSimpleApplication@720bc16c
----------------- Done invoking toplevel() on ptolemy.moml.MoMLSimpleApplication@720bc16c
reloadAllAccessors: .arrayType14

===========================================================================================
----------------- testing Tue Dec 31 06:41:45 UTC 2019 /home/travis/build/icyphy/ptII/ptolemy/actor/lib/test/auto/arrayType15.xml
----------------- Instantiating /home/travis/build/icyphy/ptII/ptolemy/actor/lib/test/auto/arrayType15.xml
1 ms. Memory: 446464K Free: 239988K (54%)
----------------- Invoking toplevel() on ptolemy.moml.MoMLSimpleApplication@79df7efc
----------------- Done invoking toplevel() on ptolemy.moml.MoMLSimpleApplication@79df7efc
reloadAllAccessors: .arrayType15

===========================================================================================
----------------- testing Tue Dec 31 06:41:45 UTC 2019 /home/travis/build/icyphy/ptII/ptolemy/actor/lib/test/auto/arrayType16.xml
----------------- Instantiating /home/travis/build/icyphy/ptII/ptolemy/actor/lib/test/auto/arrayType16.xml
2 ms. Memory: 446464K Free: 234854K (53%)
----------------- Invoking toplevel() on ptolemy.moml.MoMLSimpleApplication@258e1237
----------------- Done invoking toplevel() on ptolemy.moml.MoMLSimpleApplication@258e1237
reloadAllAccessors: .arrayType16

===========================================================================================
----------------- testing Tue Dec 31 06:41:45 UTC 2019 /home/travis/build/icyphy/ptII/ptolemy/actor/lib/test/auto/arrayType17.xml
----------------- Instantiating /home/travis/build/icyphy/ptII/ptolemy/actor/lib/test/auto/arrayType17.xml
2 ms. Memory: 446464K Free: 229748K (51%)
----------------- Invoking toplevel() on ptolemy.moml.MoMLSimpleApplication@4af2e287
----------------- Done invoking toplevel() on ptolemy.moml.MoMLSimpleApplication@4af2e287
reloadAllAccessors: .arrayType17

===========================================================================================
----------------- testing Tue Dec 31 06:41:45 UTC 2019 /home/travis/build/icyphy/ptII/ptolemy/actor/lib/test/auto/arrayType18.xml
----------------- Instantiating /home/travis/build/icyphy/ptII/ptolemy/actor/lib/test/auto/arrayType18.xml
1 ms. Memory: 446464K Free: 224628K (50%)
----------------- Invoking toplevel() on ptolemy.moml.MoMLSimpleApplication@78828953
----------------- Done invoking toplevel() on ptolemy.moml.MoMLSimpleApplication@78828953
reloadAllAccessors: .arrayType18

===========================================================================================
----------------- testing Tue Dec 31 06:41:45 UTC 2019 /home/travis/build/icyphy/ptII/ptolemy/actor/lib/test/auto/arrayType19.xml
----------------- Instantiating /home/travis/build/icyphy/ptII/ptolemy/actor/lib/test/auto/arrayType19.xml
1 ms. Memory: 446464K Free: 220022K (49%)
----------------- Invoking toplevel() on ptolemy.moml.MoMLSimpleApplication@20a59289
----------------- Done invoking toplevel() on ptolemy.moml.MoMLSimpleApplication@20a59289
reloadAllAccessors: .arrayType19

===========================================================================================
----------------- testing Tue Dec 31 06:41:45 UTC 2019 /home/travis/build/icyphy/ptII/ptolemy/actor/lib/test/auto/arrayType2.xml
----------------- Instantiating /home/travis/build/icyphy/ptII/ptolemy/actor/lib/test/auto/arrayType2.xml
1 ms. Memory: 446464K Free: 214902K (48%)
----------------- Invoking toplevel() on ptolemy.moml.MoMLSimpleApplication@1f827323
----------------- Done invoking toplevel() on ptolemy.moml.MoMLSimpleApplication@1f827323
reloadAllAccessors: .arrayType2

===========================================================================================
----------------- testing Tue Dec 31 06:41:45 UTC 2019 /home/travis/build/icyphy/ptII/ptolemy/actor/lib/test/auto/arrayType20.xml
----------------- Instantiating /home/travis/build/icyphy/ptII/ptolemy/actor/lib/test/auto/arrayType20.xml
1 ms. Memory: 446464K Free: 210292K (47%)
----------------- Invoking toplevel() on ptolemy.moml.MoMLSimpleApplication@772a4195
----------------- Done invoking toplevel() on ptolemy.moml.MoMLSimpleApplication@772a4195
reloadAllAccessors: .arrayType20

===========================================================================================
----------------- testing Tue Dec 31 06:41:45 UTC 2019 /home/travis/build/icyphy/ptII/ptolemy/actor/lib/test/auto/arrayType21.xml
----------------- Instantiating /home/travis/build/icyphy/ptII/ptolemy/actor/lib/test/auto/arrayType21.xml
1 ms. Memory: 446464K Free: 205172K (46%)
----------------- Invoking toplevel() on ptolemy.moml.MoMLSimpleApplication@3d43b162
----------------- Done invoking toplevel() on ptolemy.moml.MoMLSimpleApplication@3d43b162
reloadAllAccessors: .arrayType21

===========================================================================================
----------------- testing Tue Dec 31 06:41:46 UTC 2019 /home/travis/build/icyphy/ptII/ptolemy/actor/lib/test/auto/arrayType22.xml
----------------- Instantiating /home/travis/build/icyphy/ptII/ptolemy/actor/lib/test/auto/arrayType22.xml
1 ms. Memory: 446464K Free: 200566K (45%)
----------------- Invoking toplevel() on ptolemy.moml.MoMLSimpleApplication@5eb0b7d4
----------------- Done invoking toplevel() on ptolemy.moml.MoMLSimpleApplication@5eb0b7d4
reloadAllAccessors: .arrayType22

===========================================================================================
----------------- testing Tue Dec 31 06:41:46 UTC 2019 /home/travis/build/icyphy/ptII/ptolemy/actor/lib/test/auto/arrayType23.xml
----------------- Instantiating /home/travis/build/icyphy/ptII/ptolemy/actor/lib/test/auto/arrayType23.xml
2 ms. Memory: 446464K Free: 195956K (44%)
----------------- Invoking toplevel() on ptolemy.moml.MoMLSimpleApplication@a082b69
----------------- Done invoking toplevel() on ptolemy.moml.MoMLSimpleApplication@a082b69
reloadAllAccessors: .arrayType23

===========================================================================================
----------------- testing Tue Dec 31 06:41:46 UTC 2019 /home/travis/build/icyphy/ptII/ptolemy/actor/lib/test/auto/arrayType24.xml
----------------- Instantiating /home/travis/build/icyphy/ptII/ptolemy/actor/lib/test/auto/arrayType24.xml
1 ms. Memory: 446464K Free: 191350K (43%)
----------------- Invoking toplevel() on ptolemy.moml.MoMLSimpleApplication@2f1a2cfb
----------------- Done invoking toplevel() on ptolemy.moml.MoMLSimpleApplication@2f1a2cfb
reloadAllAccessors: .arrayType24

===========================================================================================
----------------- testing Tue Dec 31 06:41:46 UTC 2019 /home/travis/build/icyphy/ptII/ptolemy/actor/lib/test/auto/arrayType25.xml
----------------- Instantiating /home/travis/build/icyphy/ptII/ptolemy/actor/lib/test/auto/arrayType25.xml
2 ms. Memory: 446464K Free: 186230K (42%)
----------------- Invoking toplevel() on ptolemy.moml.MoMLSimpleApplication@3da147bd
----------------- Done invoking toplevel() on ptolemy.moml.MoMLSimpleApplication@3da147bd
reloadAllAccessors: .arrayType25

===========================================================================================
----------------- testing Tue Dec 31 06:41:46 UTC 2019 /home/travis/build/icyphy/ptII/ptolemy/actor/lib/test/auto/arrayType26.xml
----------------- Instantiating /home/travis/build/icyphy/ptII/ptolemy/actor/lib/test/auto/arrayType26.xml
1 ms. Memory: 446464K Free: 180582K (40%)
----------------- Invoking toplevel() on ptolemy.moml.MoMLSimpleApplication@20a953fd
----------------- Done invoking toplevel() on ptolemy.moml.MoMLSimpleApplication@20a953fd
reloadAllAccessors: .arrayType26

===========================================================================================
----------------- testing Tue Dec 31 06:41:46 UTC 2019 /home/travis/build/icyphy/ptII/ptolemy/actor/lib/test/auto/arrayType27.xml
----------------- Instantiating /home/travis/build/icyphy/ptII/ptolemy/actor/lib/test/auto/arrayType27.xml
2 ms. Memory: 446464K Free: 175476K (39%)
----------------- Invoking toplevel() on ptolemy.moml.MoMLSimpleApplication@6f965556
----------------- Done invoking toplevel() on ptolemy.moml.MoMLSimpleApplication@6f965556
reloadAllAccessors: .arrayType27

===========================================================================================
----------------- testing Tue Dec 31 06:41:46 UTC 2019 /home/travis/build/icyphy/ptII/ptolemy/actor/lib/test/auto/arrayType28.xml
----------------- Instantiating /home/travis/build/icyphy/ptII/ptolemy/actor/lib/test/auto/arrayType28.xml
1 ms. Memory: 446464K Free: 170356K (38%)
----------------- Invoking toplevel() on ptolemy.moml.MoMLSimpleApplication@5e871175
----------------- Done invoking toplevel() on ptolemy.moml.MoMLSimpleApplication@5e871175
reloadAllAccessors: .arrayType28

===========================================================================================
----------------- testing Tue Dec 31 06:41:46 UTC 2019 /home/travis/build/icyphy/ptII/ptolemy/actor/lib/test/auto/arrayType3.xml
----------------- Instantiating /home/travis/build/icyphy/ptII/ptolemy/actor/lib/test/auto/arrayType3.xml
1 ms. Memory: 446464K Free: 165236K (37%)
----------------- Invoking toplevel() on ptolemy.moml.MoMLSimpleApplication@5b1876b2
----------------- Done invoking toplevel() on ptolemy.moml.MoMLSimpleApplication@5b1876b2
reloadAllAccessors: .arrayType3

===========================================================================================
----------------- testing Tue Dec 31 06:41:46 UTC 2019 /home/travis/build/icyphy/ptII/ptolemy/actor/lib/test/auto/arrayType4.xml
----------------- Instantiating /home/travis/build/icyphy/ptII/ptolemy/actor/lib/test/auto/arrayType4.xml
1 ms. Memory: 446464K Free: 159606K (36%)
----------------- Invoking toplevel() on ptolemy.moml.MoMLSimpleApplication@b41b180
----------------- Done invoking toplevel() on ptolemy.moml.MoMLSimpleApplication@b41b180
reloadAllAccessors: .arrayType4

===========================================================================================
----------------- testing Tue Dec 31 06:41:46 UTC 2019 /home/travis/build/icyphy/ptII/ptolemy/actor/lib/test/auto/arrayType5.xml
----------------- Instantiating /home/travis/build/icyphy/ptII/ptolemy/actor/lib/test/auto/arrayType5.xml
1 ms. Memory: 446464K Free: 154486K (35%)
----------------- Invoking toplevel() on ptolemy.moml.MoMLSimpleApplication@33c73c2a
----------------- Done invoking toplevel() on ptolemy.moml.MoMLSimpleApplication@33c73c2a
reloadAllAccessors: .arrayType5

===========================================================================================
----------------- testing Tue Dec 31 06:41:46 UTC 2019 /home/travis/build/icyphy/ptII/ptolemy/actor/lib/test/auto/arrayType6.xml
----------------- Instantiating /home/travis/build/icyphy/ptII/ptolemy/actor/lib/test/auto/arrayType6.xml
1 ms. Memory: 446464K Free: 149876K (34%)
----------------- Invoking toplevel() on ptolemy.moml.MoMLSimpleApplication@54ece2c1
----------------- Done invoking toplevel() on ptolemy.moml.MoMLSimpleApplication@54ece2c1
reloadAllAccessors: .arrayType6

===========================================================================================
----------------- testing Tue Dec 31 06:41:46 UTC 2019 /home/travis/build/icyphy/ptII/ptolemy/actor/lib/test/auto/arrayType7.xml
----------------- Instantiating /home/travis/build/icyphy/ptII/ptolemy/actor/lib/test/auto/arrayType7.xml
1 ms. Memory: 446464K Free: 144756K (32%)
----------------- Invoking toplevel() on ptolemy.moml.MoMLSimpleApplication@2f337514
----------------- Done invoking toplevel() on ptolemy.moml.MoMLSimpleApplication@2f337514
reloadAllAccessors: .arrayType7

===========================================================================================
----------------- testing Tue Dec 31 06:41:46 UTC 2019 /home/travis/build/icyphy/ptII/ptolemy/actor/lib/test/auto/arrayType8.xml
----------------- Instantiating /home/travis/build/icyphy/ptII/ptolemy/actor/lib/test/auto/arrayType8.xml
2 ms. Memory: 446464K Free: 140150K (31%)
----------------- Invoking toplevel() on ptolemy.moml.MoMLSimpleApplication@4b56379f
----------------- Done invoking toplevel() on ptolemy.moml.MoMLSimpleApplication@4b56379f
reloadAllAccessors: .arrayType8

===========================================================================================
----------------- testing Tue Dec 31 06:41:46 UTC 2019 /home/travis/build/icyphy/ptII/ptolemy/actor/lib/test/auto/arrayType9.xml
----------------- Instantiating /home/travis/build/icyphy/ptII/ptolemy/actor/lib/test/auto/arrayType9.xml
6 ms. Memory: 446464K Free: 135540K (30%)
----------------- Invoking toplevel() on ptolemy.moml.MoMLSimpleApplication@7370e281
----------------- Done invoking toplevel() on ptolemy.moml.MoMLSimpleApplication@7370e281
reloadAllAccessors: .arrayType9

===========================================================================================
----------------- testing Tue Dec 31 06:41:46 UTC 2019 /home/travis/build/icyphy/ptII/ptolemy/actor/lib/test/auto/cast.xml
----------------- Instantiating /home/travis/build/icyphy/ptII/ptolemy/actor/lib/test/auto/cast.xml
2 ms. Memory: 446464K Free: 130934K (29%)
----------------- Invoking toplevel() on ptolemy.moml.MoMLSimpleApplication@7f989bf8
----------------- Done invoking toplevel() on ptolemy.moml.MoMLSimpleApplication@7f989bf8
reloadAllAccessors: .cast

===========================================================================================
----------------- testing Tue Dec 31 06:41:46 UTC 2019 /home/travis/build/icyphy/ptII/ptolemy/actor/lib/test/auto/compositeMultiPort.xml
----------------- Instantiating /home/travis/build/icyphy/ptII/ptolemy/actor/lib/test/auto/compositeMultiPort.xml
3 ms. Memory: 446464K Free: 383125K (86%)
----------------- Invoking toplevel() on ptolemy.moml.MoMLSimpleApplication@23e7dff1
----------------- Done invoking toplevel() on ptolemy.moml.MoMLSimpleApplication@23e7dff1
reloadAllAccessors: .compositeMultiPort

===========================================================================================
----------------- testing Tue Dec 31 06:41:46 UTC 2019 /home/travis/build/icyphy/ptII/ptolemy/actor/lib/test/auto/expressionCastInference.xml
----------------- Instantiating /home/travis/build/icyphy/ptII/ptolemy/actor/lib/test/auto/expressionCastInference.xml
2 ms. Memory: 446464K Free: 378019K (85%)
----------------- Invoking toplevel() on ptolemy.moml.MoMLSimpleApplication@2ff44485
----------------- Done invoking toplevel() on ptolemy.moml.MoMLSimpleApplication@2ff44485
reloadAllAccessors: .expressionCastInference

===========================================================================================
----------------- testing Tue Dec 31 06:41:46 UTC 2019 /home/travis/build/icyphy/ptII/ptolemy/actor/lib/test/auto/expressionCastInference2.xml
----------------- Instantiating /home/travis/build/icyphy/ptII/ptolemy/actor/lib/test/auto/expressionCastInference2.xml
2 ms. Memory: 446464K Free: 373413K (84%)
----------------- Invoking toplevel() on ptolemy.moml.MoMLSimpleApplication@58ba28e4
----------------- Done invoking toplevel() on ptolemy.moml.MoMLSimpleApplication@58ba28e4
reloadAllAccessors: .expressionCastInference2

===========================================================================================
----------------- testing Tue Dec 31 06:41:46 UTC 2019 /home/travis/build/icyphy/ptII/ptolemy/actor/lib/test/auto/expressionInference.xml
----------------- Instantiating /home/travis/build/icyphy/ptII/ptolemy/actor/lib/test/auto/expressionInference.xml
1 ms. Memory: 446464K Free: 369317K (83%)
----------------- Invoking toplevel() on ptolemy.moml.MoMLSimpleApplication@1856c01b
----------------- Done invoking toplevel() on ptolemy.moml.MoMLSimpleApplication@1856c01b
reloadAllAccessors: .expressionInference

===========================================================================================
----------------- testing Tue Dec 31 06:41:46 UTC 2019 /home/travis/build/icyphy/ptII/ptolemy/actor/lib/test/auto/expression_bug.xml
----------------- Instantiating /home/travis/build/icyphy/ptII/ptolemy/actor/lib/test/auto/expression_bug.xml
1 ms. Memory: 446464K Free: 364707K (82%)
----------------- Invoking toplevel() on ptolemy.moml.MoMLSimpleApplication@5c1ca806
----------------- Done invoking toplevel() on ptolemy.moml.MoMLSimpleApplication@5c1ca806
reloadAllAccessors: .expression_bug

===========================================================================================
----------------- testing Tue Dec 31 06:41:46 UTC 2019 /home/travis/build/icyphy/ptII/ptolemy/actor/lib/test/auto/factorial.xml
----------------- Instantiating /home/travis/build/icyphy/ptII/ptolemy/actor/lib/test/auto/factorial.xml
45 ms. Memory: 446464K Free: 356515K (80%)
----------------- Invoking toplevel() on ptolemy.moml.MoMLSimpleApplication@72143928
----------------- Done invoking toplevel() on ptolemy.moml.MoMLSimpleApplication@72143928
reloadAllAccessors: .factorial

===========================================================================================
----------------- testing Tue Dec 31 06:41:46 UTC 2019 /home/travis/build/icyphy/ptII/ptolemy/actor/lib/test/auto/filterTest1.xml
----------------- Instantiating /home/travis/build/icyphy/ptII/ptolemy/actor/lib/test/auto/filterTest1.xml
3 ms. Memory: 446464K Free: 350885K (79%)
----------------- Invoking toplevel() on ptolemy.moml.MoMLSimpleApplication@2c8cfbff
----------------- Done invoking toplevel() on ptolemy.moml.MoMLSimpleApplication@2c8cfbff
reloadAllAccessors: .filterTest1

===========================================================================================
----------------- testing Tue Dec 31 06:41:46 UTC 2019 /home/travis/build/icyphy/ptII/ptolemy/actor/lib/test/auto/funcApplyInConst.xml
----------------- Instantiating /home/travis/build/icyphy/ptII/ptolemy/actor/lib/test/auto/funcApplyInConst.xml
0 ms. Memory: 446464K Free: 347299K (78%)
----------------- Invoking toplevel() on ptolemy.moml.MoMLSimpleApplication@4e0055e8
----------------- Done invoking toplevel() on ptolemy.moml.MoMLSimpleApplication@4e0055e8
reloadAllAccessors: .funcApplyInConst

===========================================================================================
----------------- testing Tue Dec 31 06:41:46 UTC 2019 /home/travis/build/icyphy/ptII/ptolemy/actor/lib/test/auto/funcApplyInExpr.xml
----------------- Instantiating /home/travis/build/icyphy/ptII/ptolemy/actor/lib/test/auto/funcApplyInExpr.xml
2 ms. Memory: 446464K Free: 343203K (77%)
----------------- Invoking toplevel() on ptolemy.moml.MoMLSimpleApplication@2c97cd10
----------------- Done invoking toplevel() on ptolemy.moml.MoMLSimpleApplication@2c97cd10
reloadAllAccessors: .funcApplyInExpr

===========================================================================================
----------------- testing Tue Dec 31 06:41:46 UTC 2019 /home/travis/build/icyphy/ptII/ptolemy/actor/lib/test/auto/function.xml
----------------- Instantiating /home/travis/build/icyphy/ptII/ptolemy/actor/lib/test/auto/function.xml
5 ms. Memory: 446464K Free: 338597K (76%)
----------------- Invoking toplevel() on ptolemy.moml.MoMLSimpleApplication@ee6dea3
----------------- Done invoking toplevel() on ptolemy.moml.MoMLSimpleApplication@ee6dea3
reloadAllAccessors: .function

===========================================================================================
----------------- testing Tue Dec 31 06:41:46 UTC 2019 /home/travis/build/icyphy/ptII/ptolemy/actor/lib/test/auto/function2.xml
----------------- Instantiating /home/travis/build/icyphy/ptII/ptolemy/actor/lib/test/auto/function2.xml
1 ms. Memory: 446464K Free: 333987K (75%)
----------------- Invoking toplevel() on ptolemy.moml.MoMLSimpleApplication@22eb3775
----------------- Done invoking toplevel() on ptolemy.moml.MoMLSimpleApplication@22eb3775
reloadAllAccessors: .function2

===========================================================================================
----------------- testing Tue Dec 31 06:41:46 UTC 2019 /home/travis/build/icyphy/ptII/ptolemy/actor/lib/test/auto/function3.xml
----------------- Instantiating /home/travis/build/icyphy/ptII/ptolemy/actor/lib/test/auto/function3.xml
2 ms. Memory: 446464K Free: 329891K (74%)
----------------- Invoking toplevel() on ptolemy.moml.MoMLSimpleApplication@71df7c94
----------------- Done invoking toplevel() on ptolemy.moml.MoMLSimpleApplication@71df7c94
reloadAllAccessors: .function3

===========================================================================================
----------------- testing Tue Dec 31 06:41:46 UTC 2019 /home/travis/build/icyphy/ptII/ptolemy/actor/lib/test/auto/functionClosureTest1.xml
----------------- Instantiating /home/travis/build/icyphy/ptII/ptolemy/actor/lib/test/auto/functionClosureTest1.xml
2 ms. Memory: 446464K Free: 324261K (73%)
----------------- Invoking toplevel() on ptolemy.moml.MoMLSimpleApplication@4ebec9e6
----------------- Done invoking toplevel() on ptolemy.moml.MoMLSimpleApplication@4ebec9e6
reloadAllAccessors: .functionClosureTest1

===========================================================================================
----------------- testing Tue Dec 31 06:41:46 UTC 2019 /home/travis/build/icyphy/ptII/ptolemy/actor/lib/test/auto/functionClosureTest2.xml
----------------- Instantiating /home/travis/build/icyphy/ptII/ptolemy/actor/lib/test/auto/functionClosureTest2.xml
2 ms. Memory: 446464K Free: 320675K (72%)
----------------- Invoking toplevel() on ptolemy.moml.MoMLSimpleApplication@aeb7799
----------------- Done invoking toplevel() on ptolemy.moml.MoMLSimpleApplication@aeb7799
reloadAllAccessors: .functionClosureTest2

===========================================================================================
----------------- testing Tue Dec 31 06:41:46 UTC 2019 /home/travis/build/icyphy/ptII/ptolemy/actor/lib/test/auto/functionClosureTest3.xml
----------------- Instantiating /home/travis/build/icyphy/ptII/ptolemy/actor/lib/test/auto/functionClosureTest3.xml
1 ms. Memory: 446464K Free: 315045K (71%)
----------------- Invoking toplevel() on ptolemy.moml.MoMLSimpleApplication@33419220
----------------- Done invoking toplevel() on ptolemy.moml.MoMLSimpleApplication@33419220
reloadAllAccessors: .functionClosureTest3

===========================================================================================
----------------- testing Tue Dec 31 06:41:46 UTC 2019 /home/travis/build/icyphy/ptII/ptolemy/actor/lib/test/auto/functionClosureTest4.xml
----------------- Instantiating /home/travis/build/icyphy/ptII/ptolemy/actor/lib/test/auto/functionClosureTest4.xml
10 ms. Memory: 446464K Free: 308901K (69%)
----------------- Invoking toplevel() on ptolemy.moml.MoMLSimpleApplication@3a3ef560
----------------- Done invoking toplevel() on ptolemy.moml.MoMLSimpleApplication@3a3ef560
reloadAllAccessors: .functionClosureTest4

===========================================================================================
----------------- testing Tue Dec 31 06:41:46 UTC 2019 /home/travis/build/icyphy/ptII/ptolemy/actor/lib/test/auto/functionClosureTest5.xml
----------------- Instantiating /home/travis/build/icyphy/ptII/ptolemy/actor/lib/test/auto/functionClosureTest5.xml
4 ms. Memory: 446464K Free: 303781K (68%)
----------------- Invoking toplevel() on ptolemy.moml.MoMLSimpleApplication@7198c64a
----------------- Done invoking toplevel() on ptolemy.moml.MoMLSimpleApplication@7198c64a
reloadAllAccessors: .functionClosureTest5

===========================================================================================
----------------- testing Tue Dec 31 06:41:46 UTC 2019 /home/travis/build/icyphy/ptII/ptolemy/actor/lib/test/auto/functionClosureTest6.xml
----------------- Instantiating /home/travis/build/icyphy/ptII/ptolemy/actor/lib/test/auto/functionClosureTest6.xml
2 ms. Memory: 446464K Free: 298661K (67%)
----------------- Invoking toplevel() on ptolemy.moml.MoMLSimpleApplication@424c5c1c
----------------- Done invoking toplevel() on ptolemy.moml.MoMLSimpleApplication@424c5c1c
reloadAllAccessors: .functionClosureTest6

===========================================================================================
----------------- testing Tue Dec 31 06:41:46 UTC 2019 /home/travis/build/icyphy/ptII/ptolemy/actor/lib/test/auto/functionsOnArcs.xml
----------------- Instantiating /home/travis/build/icyphy/ptII/ptolemy/actor/lib/test/auto/functionsOnArcs.xml
5 ms. Memory: 446464K Free: 293541K (66%)
----------------- Invoking toplevel() on ptolemy.moml.MoMLSimpleApplication@21018930
----------------- Done invoking toplevel() on ptolemy.moml.MoMLSimpleApplication@21018930
reloadAllAccessors: .functionsOnArcs

===========================================================================================
----------------- testing Tue Dec 31 06:41:46 UTC 2019 /home/travis/build/icyphy/ptII/ptolemy/actor/lib/test/auto/functionsOnArcsHOF.xml
----------------- Instantiating /home/travis/build/icyphy/ptII/ptolemy/actor/lib/test/auto/functionsOnArcsHOF.xml
3 ms. Memory: 446464K Free: 287907K (64%)
----------------- Invoking toplevel() on ptolemy.moml.MoMLSimpleApplication@4c99324e
----------------- Done invoking toplevel() on ptolemy.moml.MoMLSimpleApplication@4c99324e
reloadAllAccessors: .functionsOnArcsHOF

===========================================================================================
----------------- testing Tue Dec 31 06:41:46 UTC 2019 /home/travis/build/icyphy/ptII/ptolemy/actor/lib/test/auto/logic.xml
----------------- Instantiating /home/travis/build/icyphy/ptII/ptolemy/actor/lib/test/auto/logic.xml
1 ms. Memory: 446464K Free: 280739K (63%)
----------------- Invoking toplevel() on ptolemy.moml.MoMLSimpleApplication@32ad0fb4
----------------- Done invoking toplevel() on ptolemy.moml.MoMLSimpleApplication@32ad0fb4
reloadAllAccessors: .logic

===========================================================================================
----------------- testing Tue Dec 31 06:41:46 UTC 2019 /home/travis/build/icyphy/ptII/ptolemy/actor/lib/test/auto/matrixType.xml
----------------- Instantiating /home/travis/build/icyphy/ptII/ptolemy/actor/lib/test/auto/matrixType.xml
2 ms. Memory: 446464K Free: 275619K (62%)
----------------- Invoking toplevel() on ptolemy.moml.MoMLSimpleApplication@3f579aab
----------------- Done invoking toplevel() on ptolemy.moml.MoMLSimpleApplication@3f579aab
reloadAllAccessors: .matrixType

===========================================================================================
----------------- testing Tue Dec 31 06:41:46 UTC 2019 /home/travis/build/icyphy/ptII/ptolemy/actor/lib/test/auto/matrixType10.xml
----------------- Instantiating /home/travis/build/icyphy/ptII/ptolemy/actor/lib/test/auto/matrixType10.xml
2 ms. Memory: 446464K Free: 271013K (61%)
----------------- Invoking toplevel() on ptolemy.moml.MoMLSimpleApplication@1d9907dd
----------------- Done invoking toplevel() on ptolemy.moml.MoMLSimpleApplication@1d9907dd
reloadAllAccessors: .matrixType10

===========================================================================================
----------------- testing Tue Dec 31 06:41:46 UTC 2019 /home/travis/build/icyphy/ptII/ptolemy/actor/lib/test/auto/matrixType11.xml
----------------- Instantiating /home/travis/build/icyphy/ptII/ptolemy/actor/lib/test/auto/matrixType11.xml
2 ms. Memory: 446464K Free: 266403K (60%)
----------------- Invoking toplevel() on ptolemy.moml.MoMLSimpleApplication@382eed21
----------------- Done invoking toplevel() on ptolemy.moml.MoMLSimpleApplication@382eed21
reloadAllAccessors: .matrixType11

===========================================================================================
----------------- testing Tue Dec 31 06:41:46 UTC 2019 /home/travis/build/icyphy/ptII/ptolemy/actor/lib/test/auto/matrixType12.xml
----------------- Instantiating /home/travis/build/icyphy/ptII/ptolemy/actor/lib/test/auto/matrixType12.xml
1 ms. Memory: 446464K Free: 261283K (59%)
----------------- Invoking toplevel() on ptolemy.moml.MoMLSimpleApplication@104a0bbc
----------------- Done invoking toplevel() on ptolemy.moml.MoMLSimpleApplication@104a0bbc
reloadAllAccessors: .matrixType12

===========================================================================================
----------------- testing Tue Dec 31 06:41:46 UTC 2019 /home/travis/build/icyphy/ptII/ptolemy/actor/lib/test/auto/matrixType13.xml
----------------- Instantiating /home/travis/build/icyphy/ptII/ptolemy/actor/lib/test/auto/matrixType13.xml
1 ms. Memory: 446464K Free: 256677K (57%)
----------------- Invoking toplevel() on ptolemy.moml.MoMLSimpleApplication@62141189
----------------- Done invoking toplevel() on ptolemy.moml.MoMLSimpleApplication@62141189
reloadAllAccessors: .matrixType13

===========================================================================================
----------------- testing Tue Dec 31 06:41:46 UTC 2019 /home/travis/build/icyphy/ptII/ptolemy/actor/lib/test/auto/matrixType14.xml
----------------- Instantiating /home/travis/build/icyphy/ptII/ptolemy/actor/lib/test/auto/matrixType14.xml
1 ms. Memory: 446464K Free: 252067K (56%)
----------------- Invoking toplevel() on ptolemy.moml.MoMLSimpleApplication@2de38885
----------------- Done invoking toplevel() on ptolemy.moml.MoMLSimpleApplication@2de38885
reloadAllAccessors: .matrixType14

===========================================================================================
----------------- testing Tue Dec 31 06:41:46 UTC 2019 /home/travis/build/icyphy/ptII/ptolemy/actor/lib/test/auto/matrixType2.xml
----------------- Instantiating /home/travis/build/icyphy/ptII/ptolemy/actor/lib/test/auto/matrixType2.xml
2 ms. Memory: 446464K Free: 246947K (55%)
----------------- Invoking toplevel() on ptolemy.moml.MoMLSimpleApplication@da2a790
----------------- Done invoking toplevel() on ptolemy.moml.MoMLSimpleApplication@da2a790
reloadAllAccessors: .matrixType2

===========================================================================================
----------------- testing Tue Dec 31 06:41:46 UTC 2019 /home/travis/build/icyphy/ptII/ptolemy/actor/lib/test/auto/matrixType3.xml
----------------- Instantiating /home/travis/build/icyphy/ptII/ptolemy/actor/lib/test/auto/matrixType3.xml
3 ms. Memory: 446464K Free: 242341K (54%)
----------------- Invoking toplevel() on ptolemy.moml.MoMLSimpleApplication@27c29e68
----------------- Done invoking toplevel() on ptolemy.moml.MoMLSimpleApplication@27c29e68
reloadAllAccessors: .matrixType3

===========================================================================================
----------------- testing Tue Dec 31 06:41:46 UTC 2019 /home/travis/build/icyphy/ptII/ptolemy/actor/lib/test/auto/matrixType4.xml
----------------- Instantiating /home/travis/build/icyphy/ptII/ptolemy/actor/lib/test/auto/matrixType4.xml
1 ms. Memory: 446464K Free: 237221K (53%)
----------------- Invoking toplevel() on ptolemy.moml.MoMLSimpleApplication@1fb0ab83
----------------- Done invoking toplevel() on ptolemy.moml.MoMLSimpleApplication@1fb0ab83
reloadAllAccessors: .matrixType4

===========================================================================================
----------------- testing Tue Dec 31 06:41:46 UTC 2019 /home/travis/build/icyphy/ptII/ptolemy/actor/lib/test/auto/matrixType5.xml
----------------- Instantiating /home/travis/build/icyphy/ptII/ptolemy/actor/lib/test/auto/matrixType5.xml
1 ms. Memory: 446464K Free: 232611K (52%)
----------------- Invoking toplevel() on ptolemy.moml.MoMLSimpleApplication@4fdc7b1e
----------------- Done invoking toplevel() on ptolemy.moml.MoMLSimpleApplication@4fdc7b1e
reloadAllAccessors: .matrixType5

===========================================================================================
----------------- testing Tue Dec 31 06:41:46 UTC 2019 /home/travis/build/icyphy/ptII/ptolemy/actor/lib/test/auto/matrixType6.xml
----------------- Instantiating /home/travis/build/icyphy/ptII/ptolemy/actor/lib/test/auto/matrixType6.xml
1 ms. Memory: 446464K Free: 228005K (51%)
----------------- Invoking toplevel() on ptolemy.moml.MoMLSimpleApplication@519c4cb3
----------------- Done invoking toplevel() on ptolemy.moml.MoMLSimpleApplication@519c4cb3
reloadAllAccessors: .matrixType6

===========================================================================================
----------------- testing Tue Dec 31 06:41:46 UTC 2019 /home/travis/build/icyphy/ptII/ptolemy/actor/lib/test/auto/matrixType7.xml
----------------- Instantiating /home/travis/build/icyphy/ptII/ptolemy/actor/lib/test/auto/matrixType7.xml
2 ms. Memory: 446464K Free: 222885K (50%)
----------------- Invoking toplevel() on ptolemy.moml.MoMLSimpleApplication@52c29b72
----------------- Done invoking toplevel() on ptolemy.moml.MoMLSimpleApplication@52c29b72
reloadAllAccessors: .matrixType7

===========================================================================================
----------------- testing Tue Dec 31 06:41:46 UTC 2019 /home/travis/build/icyphy/ptII/ptolemy/actor/lib/test/auto/matrixType8.xml
----------------- Instantiating /home/travis/build/icyphy/ptII/ptolemy/actor/lib/test/auto/matrixType8.xml
1 ms. Memory: 446464K Free: 218275K (49%)
----------------- Invoking toplevel() on ptolemy.moml.MoMLSimpleApplication@54ab9e8b
----------------- Done invoking toplevel() on ptolemy.moml.MoMLSimpleApplication@54ab9e8b
reloadAllAccessors: .matrixType8

===========================================================================================
----------------- testing Tue Dec 31 06:41:46 UTC 2019 /home/travis/build/icyphy/ptII/ptolemy/actor/lib/test/auto/matrixType9.xml
----------------- Instantiating /home/travis/build/icyphy/ptII/ptolemy/actor/lib/test/auto/matrixType9.xml
1 ms. Memory: 446464K Free: 213669K (48%)
----------------- Invoking toplevel() on ptolemy.moml.MoMLSimpleApplication@634a8cf3
----------------- Done invoking toplevel() on ptolemy.moml.MoMLSimpleApplication@634a8cf3
reloadAllAccessors: .matrixType9

===========================================================================================
----------------- testing Tue Dec 31 06:41:46 UTC 2019 /home/travis/build/icyphy/ptII/ptolemy/actor/lib/test/auto/paraFunctest.xml
----------------- Instantiating /home/travis/build/icyphy/ptII/ptolemy/actor/lib/test/auto/paraFunctest.xml
1 ms. Memory: 446464K Free: 209059K (47%)
----------------- Invoking toplevel() on ptolemy.moml.MoMLSimpleApplication@3a8444f0
----------------- Done invoking toplevel() on ptolemy.moml.MoMLSimpleApplication@3a8444f0
reloadAllAccessors: .paraFunctest

===========================================================================================
----------------- testing Tue Dec 31 06:41:46 UTC 2019 /home/travis/build/icyphy/ptII/ptolemy/actor/lib/test/auto/paraFunctest2.xml
----------------- Instantiating /home/travis/build/icyphy/ptII/ptolemy/actor/lib/test/auto/paraFunctest2.xml
2 ms. Memory: 446464K Free: 204963K (46%)
----------------- Invoking toplevel() on ptolemy.moml.MoMLSimpleApplication@6c694a5b
----------------- Done invoking toplevel() on ptolemy.moml.MoMLSimpleApplication@6c694a5b
reloadAllAccessors: .paraFunctest2

===========================================================================================
----------------- testing Tue Dec 31 06:41:46 UTC 2019 /home/travis/build/icyphy/ptII/ptolemy/actor/lib/test/auto/parameterPassing.xml
----------------- Instantiating /home/travis/build/icyphy/ptII/ptolemy/actor/lib/test/auto/parameterPassing.xml
1 ms. Memory: 446464K Free: 200867K (45%)
----------------- Invoking toplevel() on ptolemy.moml.MoMLSimpleApplication@ecd13c8
----------------- Done invoking toplevel() on ptolemy.moml.MoMLSimpleApplication@ecd13c8
reloadAllAccessors: .parameterPassing

===========================================================================================
----------------- testing Tue Dec 31 06:41:46 UTC 2019 /home/travis/build/icyphy/ptII/ptolemy/actor/lib/test/auto/record.xml
----------------- Instantiating /home/travis/build/icyphy/ptII/ptolemy/actor/lib/test/auto/record.xml
3 ms. Memory: 446464K Free: 195747K (44%)
----------------- Invoking toplevel() on ptolemy.moml.MoMLSimpleApplication@2fbe69a2
----------------- Done invoking toplevel() on ptolemy.moml.MoMLSimpleApplication@2fbe69a2
reloadAllAccessors: .record

===========================================================================================
----------------- testing Tue Dec 31 06:41:46 UTC 2019 /home/travis/build/icyphy/ptII/ptolemy/actor/lib/test/auto/sizedarray1.xml
----------------- Instantiating /home/travis/build/icyphy/ptII/ptolemy/actor/lib/test/auto/sizedarray1.xml
1 ms. Memory: 446464K Free: 190627K (43%)
----------------- Invoking toplevel() on ptolemy.moml.MoMLSimpleApplication@6dc1c5e2
----------------- Done invoking toplevel() on ptolemy.moml.MoMLSimpleApplication@6dc1c5e2
reloadAllAccessors: .sizedarray1

===========================================================================================
----------------- testing Tue Dec 31 06:41:46 UTC 2019 /home/travis/build/icyphy/ptII/ptolemy/actor/lib/test/auto/sizedarray2.xml
----------------- Instantiating /home/travis/build/icyphy/ptII/ptolemy/actor/lib/test/auto/sizedarray2.xml
2 ms. Memory: 446464K Free: 184997K (41%)
----------------- Invoking toplevel() on ptolemy.moml.MoMLSimpleApplication@50c83b47
----------------- Done invoking toplevel() on ptolemy.moml.MoMLSimpleApplication@50c83b47
reloadAllAccessors: .sizedarray2

===========================================================================================
----------------- testing Tue Dec 31 06:41:46 UTC 2019 /home/travis/build/icyphy/ptII/ptolemy/actor/lib/test/auto/twoPublishers.xml
----------------- Instantiating /home/travis/build/icyphy/ptII/ptolemy/actor/lib/test/auto/twoPublishers.xml
6 ms. Memory: 446464K Free: 174757K (39%)
----------------- Invoking toplevel() on ptolemy.moml.MoMLSimpleApplication@542531e1
----------------- Done invoking toplevel() on ptolemy.moml.MoMLSimpleApplication@542531e1
reloadAllAccessors: .twoPublishers
AutoTests.java: About to close Vertx.
AutoTests.java: Vertx closed.
]]></system-out>
  <system-err><![CDATA[java.lang.RuntimeException: Execution failed
	at ptolemy.moml.MoMLSimpleApplication$UnloadThread.run(MoMLSimpleApplication.java:402)
Caused by: java.lang.RuntimeException: StringUtilities.exit() was called. Normally, we would exit here because Manager.exitAfterWrapup() was called.  However, because the ptolemy.ptII.exitAfterWrapup property is set, we throw this exception instead.
	at ptolemy.util.StringUtilities.exit(StringUtilities.java:365)
	at ptolemy.actor.Manager.wrapup(Manager.java:1549)
	at ptolemy.actor.Manager.execute(Manager.java:407)
	at ptolemy.actor.Manager.run(Manager.java:1263)
	at ptolemy.actor.Manager$PtolemyRunThread.run(Manager.java:1933)
Warning: '.top.test' is in training mode, set the trainingMode parameter to false before checking in
Warning: '.top.test' is in training mode, set the trainingMode parameter to false before checking in
Warning: '.top.test' is in training mode, set the trainingMode parameter to false before checking in
Warning: '.BooleanSwitch_RegressionTest_WrongTrainingValues.Test' is in training mode, set the trainingMode parameter to false before checking in
Warning: '.BooleanSwitch_RegressionTest_WrongTrainingValues.Test2' is in training mode, set the trainingMode parameter to false before checking in
Warning: '.BooleanSwitch_RegressionTest_WrongTrainingValues.Test2' The test produced 0 tokens.
Warning: '.top.testExceptionHandler' is in training mode, set the trainingMode parameter to false before checking in
java.lang.RuntimeException: Execution failed
	at ptolemy.moml.MoMLSimpleApplication$UnloadThread.run(MoMLSimpleApplication.java:402)
Caused by: ptolemy.kernel.util.IllegalActionException: PublisherPorts cannot be used at the top level, use a Publisher actor instead.
  in .PublisherPortToplevelSubscriber.PublisherPort
	at ptolemy.actor.PublisherPort.preinitialize(PublisherPort.java:403)
	at ptolemy.actor.CompositeActor.preinitialize(CompositeActor.java:1769)
	at ptolemy.actor.Manager.preinitializeAndResolveTypes(Manager.java:1040)
	at ptolemy.actor.Manager.initialize(Manager.java:710)
	at ptolemy.actor.Manager.execute(Manager.java:356)
	at ptolemy.actor.Manager.run(Manager.java:1263)
	at ptolemy.actor.Manager$PtolemyRunThread.run(Manager.java:1933)
java.lang.reflect.InvocationTargetException
	at java.base/jdk.internal.reflect.NativeConstructorAccessorImpl.newInstance0(Native Method)
	at java.base/jdk.internal.reflect.NativeConstructorAccessorImpl.newInstance(NativeConstructorAccessorImpl.java:62)
	at java.base/jdk.internal.reflect.DelegatingConstructorAccessorImpl.newInstance(DelegatingConstructorAccessorImpl.java:45)
	at java.base/java.lang.reflect.Constructor.newInstance(Constructor.java:490)
	at ptolemy.util.test.junit.AutoKnownFailedTests.RunModel(AutoKnownFailedTests.java:105)
	at java.base/jdk.internal.reflect.NativeMethodAccessorImpl.invoke0(Native Method)
	at java.base/jdk.internal.reflect.NativeMethodAccessorImpl.invoke(NativeMethodAccessorImpl.java:62)
	at java.base/jdk.internal.reflect.DelegatingMethodAccessorImpl.invoke(DelegatingMethodAccessorImpl.java:43)
	at java.base/java.lang.reflect.Method.invoke(Method.java:566)
	at org.junit.runners.model.FrameworkMethod$1.runReflectiveCall(FrameworkMethod.java:44)
	at org.junit.internal.runners.model.ReflectiveCallable.run(ReflectiveCallable.java:15)
	at org.junit.runners.model.FrameworkMethod.invokeExplosively(FrameworkMethod.java:41)
	at junitparams.internal.InvokeParameterisedMethod.evaluate(InvokeParameterisedMethod.java:102)
	at org.junit.internal.runners.statements.FailOnTimeout$1.run(FailOnTimeout.java:28)
Caused by: ptolemy.kernel.util.IllegalActionException: PublisherPorts cannot be used at the top level, use a Publisher actor instead.
  in .PublisherPortToplevelSubscriber.PublisherPort
	at ptolemy.actor.PublisherPort.preinitialize(PublisherPort.java:403)
	at ptolemy.actor.CompositeActor.preinitialize(CompositeActor.java:1769)
	at ptolemy.actor.Manager.preinitializeAndResolveTypes(Manager.java:1040)
	at ptolemy.actor.Manager.initialize(Manager.java:710)
	at ptolemy.actor.Manager.execute(Manager.java:356)
	at ptolemy.actor.Manager.run(Manager.java:1263)
	at ptolemy.actor.Manager$PtolemyRunThread.run(Manager.java:1933)
java.lang.RuntimeException: Execution failed
	at ptolemy.moml.MoMLSimpleApplication$UnloadThread.run(MoMLSimpleApplication.java:402)
Caused by: ptolemy.kernel.util.IllegalActionException: SubscriberPorts cannot be used at the top level, use a Subscriber actor instead.
  in .PublisherSubscriberPortToplevel.SubscriberPort
	at ptolemy.actor.SubscriberPort.preinitialize(SubscriberPort.java:328)
	at ptolemy.actor.CompositeActor.preinitialize(CompositeActor.java:1769)
	at ptolemy.actor.Manager.preinitializeAndResolveTypes(Manager.java:1040)
	at ptolemy.actor.Manager.initialize(Manager.java:710)
	at ptolemy.actor.Manager.execute(Manager.java:356)
	at ptolemy.actor.Manager.run(Manager.java:1263)
	at ptolemy.actor.Manager$PtolemyRunThread.run(Manager.java:1933)
java.lang.reflect.InvocationTargetException
	at java.base/jdk.internal.reflect.NativeConstructorAccessorImpl.newInstance0(Native Method)
	at java.base/jdk.internal.reflect.NativeConstructorAccessorImpl.newInstance(NativeConstructorAccessorImpl.java:62)
	at java.base/jdk.internal.reflect.DelegatingConstructorAccessorImpl.newInstance(DelegatingConstructorAccessorImpl.java:45)
	at java.base/java.lang.reflect.Constructor.newInstance(Constructor.java:490)
	at ptolemy.util.test.junit.AutoKnownFailedTests.RunModel(AutoKnownFailedTests.java:105)
	at java.base/jdk.internal.reflect.NativeMethodAccessorImpl.invoke0(Native Method)
	at java.base/jdk.internal.reflect.NativeMethodAccessorImpl.invoke(NativeMethodAccessorImpl.java:62)
	at java.base/jdk.internal.reflect.DelegatingMethodAccessorImpl.invoke(DelegatingMethodAccessorImpl.java:43)
	at java.base/java.lang.reflect.Method.invoke(Method.java:566)
	at org.junit.runners.model.FrameworkMethod$1.runReflectiveCall(FrameworkMethod.java:44)
	at org.junit.internal.runners.model.ReflectiveCallable.run(ReflectiveCallable.java:15)
	at org.junit.runners.model.FrameworkMethod.invokeExplosively(FrameworkMethod.java:41)
	at junitparams.internal.InvokeParameterisedMethod.evaluate(InvokeParameterisedMethod.java:102)
	at org.junit.internal.runners.statements.FailOnTimeout$1.run(FailOnTimeout.java:28)
Caused by: ptolemy.kernel.util.IllegalActionException: SubscriberPorts cannot be used at the top level, use a Subscriber actor instead.
  in .PublisherSubscriberPortToplevel.SubscriberPort
	at ptolemy.actor.SubscriberPort.preinitialize(SubscriberPort.java:328)
	at ptolemy.actor.CompositeActor.preinitialize(CompositeActor.java:1769)
	at ptolemy.actor.Manager.preinitializeAndResolveTypes(Manager.java:1040)
	at ptolemy.actor.Manager.initialize(Manager.java:710)
	at ptolemy.actor.Manager.execute(Manager.java:356)
	at ptolemy.actor.Manager.run(Manager.java:1263)
	at ptolemy.actor.Manager$PtolemyRunThread.run(Manager.java:1933)
java.lang.RuntimeException: Execution failed
	at ptolemy.moml.MoMLSimpleApplication$UnloadThread.run(MoMLSimpleApplication.java:402)
Caused by: ptolemy.kernel.util.IllegalActionException: SubscriptionAggregatorPorts cannot be used at the top level, use a SubscriptionAggregator actor instead.
  in .PublisherSubscriptionAggregatorPort.SubscriptionAggregatorPort
	at ptolemy.actor.SubscriptionAggregatorPort.preinitialize(SubscriptionAggregatorPort.java:353)
	at ptolemy.actor.CompositeActor.preinitialize(CompositeActor.java:1769)
	at ptolemy.actor.Manager.preinitializeAndResolveTypes(Manager.java:1040)
	at ptolemy.actor.Manager.initialize(Manager.java:710)
	at ptolemy.actor.Manager.execute(Manager.java:356)
	at ptolemy.actor.Manager.run(Manager.java:1263)
	at ptolemy.actor.Manager$PtolemyRunThread.run(Manager.java:1933)
java.lang.reflect.InvocationTargetException
	at java.base/jdk.internal.reflect.NativeConstructorAccessorImpl.newInstance0(Native Method)
	at java.base/jdk.internal.reflect.NativeConstructorAccessorImpl.newInstance(NativeConstructorAccessorImpl.java:62)
	at java.base/jdk.internal.reflect.DelegatingConstructorAccessorImpl.newInstance(DelegatingConstructorAccessorImpl.java:45)
	at java.base/java.lang.reflect.Constructor.newInstance(Constructor.java:490)
	at ptolemy.util.test.junit.AutoKnownFailedTests.RunModel(AutoKnownFailedTests.java:105)
	at java.base/jdk.internal.reflect.NativeMethodAccessorImpl.invoke0(Native Method)
	at java.base/jdk.internal.reflect.NativeMethodAccessorImpl.invoke(NativeMethodAccessorImpl.java:62)
	at java.base/jdk.internal.reflect.DelegatingMethodAccessorImpl.invoke(DelegatingMethodAccessorImpl.java:43)
	at java.base/java.lang.reflect.Method.invoke(Method.java:566)
	at org.junit.runners.model.FrameworkMethod$1.runReflectiveCall(FrameworkMethod.java:44)
	at org.junit.internal.runners.model.ReflectiveCallable.run(ReflectiveCallable.java:15)
	at org.junit.runners.model.FrameworkMethod.invokeExplosively(FrameworkMethod.java:41)
	at junitparams.internal.InvokeParameterisedMethod.evaluate(InvokeParameterisedMethod.java:102)
	at org.junit.internal.runners.statements.FailOnTimeout$1.run(FailOnTimeout.java:28)
Caused by: ptolemy.kernel.util.IllegalActionException: SubscriptionAggregatorPorts cannot be used at the top level, use a SubscriptionAggregator actor instead.
  in .PublisherSubscriptionAggregatorPort.SubscriptionAggregatorPort
	at ptolemy.actor.SubscriptionAggregatorPort.preinitialize(SubscriptionAggregatorPort.java:353)
	at ptolemy.actor.CompositeActor.preinitialize(CompositeActor.java:1769)
	at ptolemy.actor.Manager.preinitializeAndResolveTypes(Manager.java:1040)
	at ptolemy.actor.Manager.initialize(Manager.java:710)
	at ptolemy.actor.Manager.execute(Manager.java:356)
	at ptolemy.actor.Manager.run(Manager.java:1263)
	at ptolemy.actor.Manager$PtolemyRunThread.run(Manager.java:1933)
java.lang.RuntimeException: Execution failed
	at ptolemy.moml.MoMLSimpleApplication$UnloadThread.run(MoMLSimpleApplication.java:402)
Caused by: ptolemy.kernel.util.IllegalActionException: TypeTest actor has no training data.
  in .sizedarray3.TypeTest
	at ptolemy.actor.lib.TypeTest.initialize(TypeTest.java:250)
	at ptolemy.actor.Director.initialize(Director.java:938)
	at ptolemy.actor.Director.initialize(Director.java:907)
	at ptolemy.actor.sched.StaticSchedulingDirector.initialize(StaticSchedulingDirector.java:159)
	at ptolemy.domains.sdf.kernel.SDFDirector.initialize(SDFDirector.java:544)
	at ptolemy.actor.CompositeActor.initialize(CompositeActor.java:935)
	at ptolemy.actor.Manager.initialize(Manager.java:724)
	at ptolemy.actor.Manager.execute(Manager.java:356)
	at ptolemy.actor.Manager.run(Manager.java:1263)
	at ptolemy.actor.Manager$PtolemyRunThread.run(Manager.java:1933)
java.lang.reflect.InvocationTargetException
	at java.base/jdk.internal.reflect.NativeConstructorAccessorImpl.newInstance0(Native Method)
	at java.base/jdk.internal.reflect.NativeConstructorAccessorImpl.newInstance(NativeConstructorAccessorImpl.java:62)
	at java.base/jdk.internal.reflect.DelegatingConstructorAccessorImpl.newInstance(DelegatingConstructorAccessorImpl.java:45)
	at java.base/java.lang.reflect.Constructor.newInstance(Constructor.java:490)
	at ptolemy.util.test.junit.AutoKnownFailedTests.RunModel(AutoKnownFailedTests.java:105)
	at java.base/jdk.internal.reflect.NativeMethodAccessorImpl.invoke0(Native Method)
	at java.base/jdk.internal.reflect.NativeMethodAccessorImpl.invoke(NativeMethodAccessorImpl.java:62)
	at java.base/jdk.internal.reflect.DelegatingMethodAccessorImpl.invoke(DelegatingMethodAccessorImpl.java:43)
	at java.base/java.lang.reflect.Method.invoke(Method.java:566)
	at org.junit.runners.model.FrameworkMethod$1.runReflectiveCall(FrameworkMethod.java:44)
	at org.junit.internal.runners.model.ReflectiveCallable.run(ReflectiveCallable.java:15)
	at org.junit.runners.model.FrameworkMethod.invokeExplosively(FrameworkMethod.java:41)
	at junitparams.internal.InvokeParameterisedMethod.evaluate(InvokeParameterisedMethod.java:102)
	at org.junit.internal.runners.statements.FailOnTimeout$1.run(FailOnTimeout.java:28)
Caused by: ptolemy.kernel.util.IllegalActionException: TypeTest actor has no training data.
  in .sizedarray3.TypeTest
	at ptolemy.actor.lib.TypeTest.initialize(TypeTest.java:250)
	at ptolemy.actor.Director.initialize(Director.java:938)
	at ptolemy.actor.Director.initialize(Director.java:907)
	at ptolemy.actor.sched.StaticSchedulingDirector.initialize(StaticSchedulingDirector.java:159)
	at ptolemy.domains.sdf.kernel.SDFDirector.initialize(SDFDirector.java:544)
	at ptolemy.actor.CompositeActor.initialize(CompositeActor.java:935)
	at ptolemy.actor.Manager.initialize(Manager.java:724)
	at ptolemy.actor.Manager.execute(Manager.java:356)
	at ptolemy.actor.Manager.run(Manager.java:1263)
	at ptolemy.actor.Manager$PtolemyRunThread.run(Manager.java:1933)
]]></system-err>
</testsuite>
