<?xml version="1.0" encoding="UTF-8" ?>
<testsuite errors="1" failures="1" hostname="travis-job-d5f0c7f9-877c-4c62-abf4-52b19fa1ad94" name="ptolemy.actor.lib.test.junit.JUnitTclTest" skipped="0" tests="517" time="64.892" timestamp="2019-07-07T04:51:18">
  <properties>
    <property name="npm.executable" value="npm" />
    <property name="env.TRAVIS_ROOT" value="/" />
    <property name="ptII.mk.exists" value="true" />
    <property name="env.TRAVIS_APP_HOST" value="build.travis-ci.org" />
    <property name="env.rvm_bin_path" value="/home/travis/.rvm/bin" />
    <property name="java.home" value="/usr/local/lib/jvm/openjdk11" />
    <property name="env.TRAVIS_JOB_NUMBER" value="1197.8" />
    <property name="env.TRAVIS_HOME" value="/home/travis" />
    <property name="env.DISPLAY" value=":99.0" />
    <property name="env.TRAVIS_INIT" value="systemd" />
    <property name="env.SSH_TTY" value="/dev/pts/0" />
    <property name="java.net.preferIPv4Stack" value="true" />
    <property name="env.RUN_TESTS" value="true" />
    <property name="timeout.short" value="1000000" />
    <property name="junit.formatter" value="xml" />
    <property name="env.TRAVIS_SUDO" value="true" />
    <property name="env.TRAVIS_JOB_NAME" value="" />
    <property name="env.TRAVIS_STACK_NODE_ATTRIBUTES" value="/.node-attributes.yml" />
    <property name="env.LOGNAME" value="travis" />
    <property name="env.PT_TRAVIS_TEST_CORE1_XML" value="true" />
    <property name="jsdoc.home" value="node_modules/@terraswarm/jsdoc" />
    <property name="debuglevel" value="source,lines,vars" />
    <property name="checkstyle.formatter" value="xml" />
    <property name="env._system_version" value="16.04" />
    <property name="bin.vergil.makeable" value="true" />
    <property name="sun.os.patch.level" value="unknown" />
    <property name="java.vendor.url" value="http://java.oracle.com/" />
    <property name="env.TRAVIS_BUILD_WEB_URL" value="https://travis-ci.org/icyphy/ptII/builds/555180314" />
    <property name="java.version" value="11.0.2" />
    <property name="env.TZ" value="UTC" />
    <property name="env.TRAVIS_PULL_REQUEST_SHA" value="" />
    <property name="env.PT_NO_NET" value="true" />
    <property name="env.TRAVIS_SECURE_ENV_VARS" value="true" />
    <property name="env._system_type" value="Linux" />
    <property name="java.vendor.url.bug" value="http://bugreport.java.com/bugreport/" />
    <property name="npmjs-org-is-up" value="true" />
    <property name="env.LANGUAGE" value="en_US.UTF-8" />
    <property name="env.SSH_CLIENT" value="10.10.16.158 47146 22" />
    <property name="env.GEM_HOME" value="/home/travis/.rvm/gems/ruby-2.5.3" />
    <property name="env.HAS_ANTARES_THREE_LITTLE_FRONZIES_BADGE" value="true" />
    <property name="java.version.date" value="2019-01-15" />
    <property name="env.PS4" value="+" />
    <property name="ant.project.invoked-targets" value="build,test.core1.xml" />
    <property name="env.TRAVIS_PULL_REQUEST_BRANCH" value="" />
    <property name="env.TRAVIS_REPO_SLUG" value="icyphy/ptII" />
    <property name="env.XDG_DATA_DIRS" value="/usr/local/share:/usr/share:/var/lib/snapd/desktop" />
    <property name="jdk.debug" value="release" />
    <property name="env.TRAVIS_APT_PROXY" value="http://apt.cache.travis-ci.com" />
    <property name="node.in.path" value="true" />
    <property name="user.name" value="travis" />
    <property name="java.maxmemory" value="1400m" />
    <property name="env.RUBY_VERSION" value="ruby-2.5.3" />
    <property name="env.LANG" value="en_US.UTF-8" />
    <property name="sun.io.unicode.encoding" value="UnicodeLittle" />
    <property name="sun.jnu.encoding" value="UTF-8" />
    <property name="java.runtime.name" value="OpenJDK Runtime Environment" />
    <property name="usefile" value="false" />
    <property name="return.code" value="0" />
    <property name="junit.single.formatter" value="plain" />
    <property name="env.DYLD_LIBRARY_PATH" value="/home/travis/pthla/certi-tools/lib:" />
    <property name="env.DEBIAN_FRONTEND" value="noninteractive" />
    <property name="env.SSH_CONNECTION" value="10.10.16.158 47146 10.20.0.61 22" />
    <property name="env.MYSQL_UNIX_PORT" value="/var/run/mysqld/mysqld.sock" />
    <property name="env.LC_ALL" value="en_US.UTF-8" />
    <property name="env.TRAVIS_ALLOW_FAILURE" value="false" />
    <property name="env.TRAVIS_JOB_WEB_URL" value="https://travis-ci.org/icyphy/ptII/jobs/555180322" />
    <property name="java.specification.name" value="Java Platform API Specification" />
    <property name="node.works" value="true" />
    <property name="user.timezone" value="" />
    <property name="path.separator" value=":" />
    <property name="env.TRAVIS_ENABLE_INFRA_DETECTION" value="true" />
    <property name="env.PYTHON_CFLAGS" value="-g -fstack-protector --param=ssp-buffer-size=4 -Wformat -Werror=format-security" />
    <property name="timeout.long" value="4000000" />
    <property name="env.CERTI_HOME" value="/home/travis/pthla/certi-tools" />
    <property name="ant.file.ptII" value="/home/travis/build/icyphy/ptII/build.xml" />
    <property name="javadoc.packagenames" value="com.*,diva.*,lbnl.*,org.hlacerti.*,org.json.*,org.ptolemy.*,org.terraswarm.*,ptolemy.*,ptserver.*" />
    <property name="file.encoding" value="UTF-8" />
    <property name="env.TRAVIS_PULL_REQUEST_SLUG" value="" />
    <property name="ant.project.default-target" value="build" />
    <property name="env.GIT_ASKPASS" value="echo" />
    <property name="env.HOME" value="/home/travis" />
    <property name="sun.java.command" value="org.apache.tools.ant.taskdefs.optional.junit.JUnitTestRunner ptolemy.actor.lib.test.junit.JUnitTclTest skipNonTests=false filtertrace=true haltOnError=false haltOnFailure=false formatter=org.apache.tools.ant.taskdefs.optional.junit.OutErrSummaryJUnitResultFormatter showoutput=true outputtoformatters=true logfailedtests=true threadid=0 logtestlistenerevents=false formatter=org.apache.tools.ant.taskdefs.optional.junit.XMLJUnitResultFormatter,/home/travis/build/icyphy/ptII/reports/junit/TEST-ptolemy.actor.lib.test.junit.JUnitTclTest.xml crashfile=/home/travis/build/icyphy/ptII/junitvmwatcher16689737632101639736.properties propsfile=/home/travis/build/icyphy/ptII/junit14868310576338408190.properties" />
    <property name="env.COMPOSER_NO_INTERACTION" value="1" />
    <property name="env.MANPATH" value="/home/travis/.nvm/versions/node/v7.10.1/share/man:/home/travis/.rvm/rubies/ruby-2.5.3/share/man:/usr/local/cmake-3.12.4/man:/usr/local/clang-7.0.0/share/man:/usr/local/man:/usr/local/share/man:/usr/share/man:/home/travis/.rvm/man" />
    <property name="env.TRAVIS_TIMER_ID" value="0647bd7c" />
    <property name="ant.file" value="/home/travis/build/icyphy/ptII/build.xml" />
    <property name="env.TRAVIS_COMMIT_RANGE" value="bbbff3adea58fb0643306c381462affccc328551...3871c4168cdf97692a0adaf236ab4dd3b8d46c8b" />
    <property name="env._system_name" value="Ubuntu" />
    <property name="ptII.classpath.optional.property" value="/home/travis/build/icyphy/ptII/lib/bsh-2.0b4.jar:/home/travis/build/icyphy/ptII/lib/ptCal.jar:/home/travis/build/icyphy/ptII/lib/java_cup.jar:/home/travis/build/icyphy/ptII/lib/saxon8.jar:/home/travis/build/icyphy/ptII/lib/saxon8-dom.jar:/home/travis/build/icyphy/ptII/lib/chic.jar:/home/travis/build/icyphy/ptII/lib/ptcolt.jar:/home/travis/build/icyphy/ptII/vendors/misc/itext/iText.jar:/home/travis/build/icyphy/ptII/lib/g4ltl.jar:/home/travis/build/icyphy/ptII/lib/StructuralCoder.jar:/home/travis/build/icyphy/ptII/vendors/jai-1_1_2_01/lib/jai_core.jar:/home/travis/build/icyphy/ptII/vendors/jai-1_1_2_01/lib/jai_codec.jar:/home/travis/build/icyphy/ptII/lib/jcerti.jar:/home/travis/build/icyphy/ptII/lib/javax.mail.jar:/home/travis/build/icyphy/ptII/vendors/JMF-2.1.1e/lib/jmf.jar:/home/travis/build/icyphy/ptII/lib/jna-4.0.0-variadic.jar:/home/travis/build/icyphy/ptII/vendors/misc/joystick/Joystick.jar:/home/travis/build/icyphy/ptII/lib/ptjacl.jar:/home/travis/build/icyphy/ptII/lib/jsoup-1.8.2.jar:/home/travis/build/icyphy/ptII/lib/junit-4.8.2.jar:/home/travis/build/icyphy/ptII/lib/JUnitParams-0.4.0.jar:/home/travis/build/icyphy/ptII/ptolemy/actor/lib/excel/jxl.jar:/home/travis/build/icyphy/ptII/lib/jython.jar:/home/travis/build/icyphy/ptII/lib/kieler.jar:/home/travis/build/icyphy/ptII/vendors/opencv/share/OpenCV/java/opencv-341.jar:/home/travis/build/icyphy/ptII/lib/oscP5.jar:/home/travis/build/icyphy/ptII/lib/nrjavaserial-3.11.0.devel.jar:/home/travis/build/icyphy/ptII/vendors/j3d/lib/j3dcore.jar:/home/travis/build/icyphy/ptII/vendors/j3d/lib/j3dutils.jar:/home/travis/build/icyphy/ptII/vendors/j3d/lib/vecmath.jar:/home/travis/build/icyphy/ptII/ptolemy/distributed/jini/jar/jini-core.jar:/home/travis/build/icyphy/ptII/ptolemy/distributed/jini/jar/jini-ext.jar:/home/travis/build/icyphy/ptII/ptolemy/distributed/jini/jar/sun-util.jar:/home/travis/build/icyphy/ptII/lib/protobuf-java-2.4.1.jar:/home/travis/build/icyphy/ptII/lib/org.eclipse.paho.client.mqttv3.jar:/home/travis/build/icyphy/ptII/lib/mapss.jar:/home/travis/build/icyphy/ptII/ptolemy/actor/ptalon/antlr/antlr.jar:/home/travis/build/icyphy/ptII/lib/JRI.jar:/home/travis/build/icyphy/ptII/lib/commons-lang-2.6.jar:/home/travis/build/icyphy/ptII/lib/commons-logging-1.1.1.jar:/home/travis/build/icyphy/ptII/lib/sootclasses.jar:/home/travis/build/icyphy/ptII/ptolemy/actor/lib/database/mysql-connector-java-5.1.6-bin.jar:/home/travis/build/icyphy/ptII/vendors/misc/sphinx4/sphinx4-data-5prealpha.jar:/home/travis/build/icyphy/ptII/vendors/misc/sphinx4/sphinx4-core-5prealpha.jar:/home/travis/build/icyphy/ptII/lib/PDFRenderer.jar:/home/travis/build/icyphy/ptII/lib/svgSalamander.jar:/home/travis/build/icyphy/ptII/lib/rsyntaxtextarea-2.6.0-SNAPSHOT.jar:/home/travis/build/icyphy/ptII/lib/hazelcast-3.8.2.jar:/home/travis/build/icyphy/ptII/lib/jackson-annotations-2.9.0.jar:/home/travis/build/icyphy/ptII/lib/jackson-core-2.9.3.jar:/home/travis/build/icyphy/ptII/lib/jackson-databind-2.9.3.jar:/home/travis/build/icyphy/ptII/lib/netty-buffer-4.1.19.Final.jar:/home/travis/build/icyphy/ptII/lib/netty-codec-4.1.19.Final.jar:/home/travis/build/icyphy/ptII/lib/netty-codec-dns-4.1.19.Final.jar:/home/travis/build/icyphy/ptII/lib/netty-codec-http-4.1.19.Final.jar:/home/travis/build/icyphy/ptII/lib/netty-codec-http2-4.1.19.Final.jar:/home/travis/build/icyphy/ptII/lib/netty-common-4.1.19.Final.jar:/home/travis/build/icyphy/ptII/lib/netty-handler-4.1.19.Final.jar:/home/travis/build/icyphy/ptII/lib/netty-resolver-4.1.19.Final.jar:/home/travis/build/icyphy/ptII/lib/netty-resolver-dns-4.1.19.Final.jar:/home/travis/build/icyphy/ptII/lib/netty-transport-4.1.19.Final.jar:/home/travis/build/icyphy/ptII/lib/vertx-codegen-3.5.1.jar:/home/travis/build/icyphy/ptII/lib/vertx-core-3.5.2-SNAPSHOT.jar:/home/travis/build/icyphy/ptII/lib/vertx-hazelcast-3.5.1.jar:/home/travis/build/icyphy/ptII/lib/vertx-lang-js-3.5.1.jar:/home/travis/build/icyphy/ptII/lib/vertx-service-proxy-3.5.1.jar:/home/travis/build/icyphy/ptII/lib/vertx-web-3.5.1.jar:/home/travis/build/icyphy/ptII/lib/slf4j-api-1.7.13.jar:/home/travis/build/icyphy/ptII/lib/slf4j-simple-1.7.13.jar:/home/travis/build/icyphy/ptII/lib/webcam-capture-0.3.12.jar:/home/travis/build/icyphy/ptII/lib/bridj-0.7.0.jar:/home/travis/build/icyphy/ptII/lib/xbjlib-1.1.0.nrjavaserial.jar" />
    <property name="timeout" value="2400000" />
    <property name="test.batch" value="**/junit/*.java" />
    <property name="env._" value="/usr/bin/timeout" />
    <property name="java.io.tmpdir" value="/tmp" />
    <property name="user.language" value="en" />
    <property name="env.TRAVIS_INTERNAL_RUBY_REGEX" value="^ruby-(2\.[0-4]\.[0-9]|1\.9\.3)" />
    <property name="env.HISTCONTROL" value="ignoredups:ignorespace" />
    <property name="env.GOROOT" value="/home/travis/.gimme/versions/go1.11.1.linux.amd64" />
    <property name="line.separator" value="&#xa;" />
    <property name="target" value="11" />
    <property name="env.TRAVIS_BUILD_DIR" value="/home/travis/build/icyphy/ptII" />
    <property name="env.ANT_OPTS" value="-Xmx2048m" />
    <property name="ant.file.type" value="file" />
    <property name="ptolemy.ptII.batchMode" value="true" />
    <property name="env.HISTSIZE" value="1000" />
    <property name="env.MERB_ENV" value="test" />
    <property name="java.vm.info" value="mixed mode" />
    <property name="source" value="11" />
    <property name="java.vm.specification.name" value="Java Virtual Machine Specification" />
    <property name="env.TRAVIS_TEST_RESULT" value="0" />
    <property name="jsdoc.command" value="node_modules/@terraswarm/jsdoc/jsdoc.js" />
    <property name="npm.works" value="true" />
    <property name="cobertura.dir" value="/home/travis/build/icyphy/ptII/vendors/cobertura-2.0.3" />
    <property name="env.rvm_path" value="/home/travis/.rvm" />
    <property name="env.GEM_PATH" value="/home/travis/.rvm/gems/ruby-2.5.3:/home/travis/.rvm/gems/ruby-2.5.3@global" />
    <property name="env.LC_CTYPE" value="en_US.UTF-8" />
    <property name="env.TRAVIS_CMD" value="$PTII/bin/ptIITravisBuild.sh $SECONDS" />
    <property name="java.awt.printerjob" value="sun.print.PSPrinterJob" />
    <property name="env.TRAVIS_STACK_NAME" value="sardonyx" />
    <property name="env.TRAVIS_TIMER_START_TIME" value="1562474414407801978" />
    <property name="ant.version" value="Apache Ant(TM) version 1.10.1 compiled on February 2 2017" />
    <property name="ptII.reports" value="/home/travis/build/icyphy/ptII/reports" />
    <property name="env.TRAVIS_STACK_TIMESTAMP" value="2019-03-25 16:16:56 UTC" />
    <property name="ant.file.type.ptII" value="file" />
    <property name="env.RBENV_SHELL" value="bash" />
    <property name="os.name" value="Linux" />
    <property name="java.specification.vendor" value="Oracle Corporation" />
    <property name="env.rvm_version" value="1.29.7 (latest)" />
    <property name="env.TRAVIS_INFRA" value="gce" />
    <property name="env.TERM" value="xterm" />
    <property name="java.vm.name" value="OpenJDK 64-Bit Server VM" />
    <property name="env.TRAVIS_BUILD_NUMBER" value="1197" />
    <property name="env.CI" value="true" />
    <property name="java.library.path" value="/home/travis/pthla/certi-tools/lib:/usr/lib/jni:/usr/local/share/OpenCV/java/:/usr/share/OpenCV/java::/usr/java/packages/lib:/usr/lib64:/lib64:/lib:/usr/lib" />
    <property name="env.rvm_prefix" value="/home/travis" />
    <property name="env.PATH" value="/home/travis/pthla/certi-tools/share/scripts:/home/travis/.rvm/gems/ruby-2.5.3/bin:/home/travis/.rvm/gems/ruby-2.5.3@global/bin:/home/travis/.rvm/rubies/ruby-2.5.3/bin:/home/travis/.rvm/bin:/home/travis/.nvm/versions/node/v7.10.1/bin:./node_modules/.bin:/home/travis/build/icyphy/ptII/bin:/home/travis/pthla/certi-tools/bin:/home/travis/bin:/home/travis/.local/bin:/usr/local/lib/jvm/openjdk11/bin:/opt/pyenv/shims:/home/travis/.phpenv/shims:/home/travis/perl5/perlbrew/bin:/home/travis/gopath/bin:/home/travis/.gimme/versions/go1.11.1.linux.amd64/bin:/usr/local/maven-3.6.0/bin:/usr/local/cmake-3.12.4/bin:/usr/local/clang-7.0.0/bin:/usr/local/sbin:/usr/local/bin:/usr/sbin:/usr/bin:/sbin:/bin:/snap/bin:/home/travis/.phpenv/bin:/opt/pyenv/bin:/home/travis/.yarn/bin" />
    <property name="env.TRAVIS_OS_NAME" value="linux" />
    <property name="ant.java.version" value="9" />
    <property name="basedir" value="/home/travis/build/icyphy/ptII" />
    <property name="java.class.version" value="55.0" />
    <property name="env.SHLVL" value="3" />
    <property name="env.LD_LIBRARY_PATH" value="/home/travis/pthla/certi-tools/lib:/usr/lib/jni:/usr/local/share/OpenCV/java/:/usr/share/OpenCV/java:" />
    <property name="env.RACK_ENV" value="test" />
    <property name="ant.home" value="/home/travis/build/icyphy/ptII/ant" />
    <property name="env.NVM_DIR" value="/home/travis/.nvm" />
    <property name="env.CERTI_FOM_PATH" value="/home/travis/pthla/certi-tools/share/federations" />
    <property name="env.TRAVIS_BUILD_ID" value="555180314" />
    <property name="env.PYENV_ROOT" value="/opt/pyenv" />
    <property name="env.TRAVIS_UID" value="2000" />
    <property name="env.NVM_BIN" value="/home/travis/.nvm/versions/node/v7.10.1/bin" />
    <property name="env.TRAVIS_COMMIT" value="3871c4168cdf97692a0adaf236ab4dd3b8d46c8b" />
    <property name="env._system_arch" value="x86_64" />
    <property name="node.executable" value="node" />
    <property name="sun.boot.library.path" value="/usr/local/lib/jvm/openjdk11/lib" />
    <property name="sun.management.compiler" value="HotSpot 64-Bit Tiered Compilers" />
    <property name="java.awt.graphicsenv" value="sun.awt.X11GraphicsEnvironment" />
    <property name="env.GOPATH" value="/home/travis/gopath" />
    <property name="ptolemy.ptII.dir" value="/home/travis/build/icyphy/ptII" />
    <property name="env.USER" value="travis" />
    <property name="env.HISTFILESIZE" value="2000" />
    <property name="timeout.longest" value="19000000" />
    <property name="env.PERLBREW_SHELLRC_VERSION" value="0.86" />
    <property name="env.TRAVIS_STACK_FEATURES" value="basic couchdb disabled-ipv6 docker docker-compose elasticsearch firefox go-toolchain google-chrome jdk memcached mongodb mysql nodejs_interpreter perl_interpreter perlbrew phantomjs postgresql python_interpreter redis ruby_interpreter sqlite xserver" />
    <property name="env.TRAVIS_PULL_REQUEST" value="false" />
    <property name="env.PYENV_SHELL" value="bash" />
    <property name="ant.project.name" value="ptII" />
    <property name="env.ANSI_RESET" value="\033[0m" />
    <property name="java.vm.specification.version" value="11" />
    <property name="env.TRAVIS_DIST" value="xenial" />
    <property name="env.CERTI_VERSION" value="4.0.0" />
    <property name="env.CERTI_HOST" value="localhost" />
    <property name="awt.toolkit" value="sun.awt.X11.XToolkit" />
    <property name="env.MY_RUBY_HOME" value="/home/travis/.rvm/rubies/ruby-2.5.3" />
    <property name="sun.cpu.isalist" value="" />
    <property name="env.TRAVIS_TMPDIR" value="/tmp/tmp.wQlk2KvuCQ" />
    <property name="java.vm.compressedOopsMode" value="Zero based" />
    <property name="os.version" value="4.15.0-1028-gcp" />
    <property name="user.home" value="/home/travis" />
    <property name="java.vm.vendor" value="Oracle Corporation" />
    <property name="env.TRAVIS_TAG" value="nightly" />
    <property name="env.ANSI_YELLOW" value="\033[33;1m" />
    <property name="env.TRAVIS_FILTERED" value="redirect_io" />
    <property name="env.ANSI_GREEN" value="\033[32;1m" />
    <property name="env.JAVA_HOME" value="/usr/local/lib/jvm/openjdk11" />
    <property name="javadoc.excludepackagenames" value="adm.cvs2svn.*,build.*,config.*,doc.coding.templates.*,jni.test.jni.meaningOfLife.*,jni.test.jni.testDeux.*,jni.test.jni.testTrois.*,org.terraswarm.accessor.accessors.web.node_modules.*,org.terraswarm.accessor.accessors.web.hosts.cordova.demo.*,org.terraswarm.accessor.accessors.web.hosts.cordova.plugins.*,org.terraswarm.accessor.accessors-svn.*,pt-modules.*,ptolemy.apps.agilent.*,ptolemy.apps.anytimecontrol.*,ptolemy.apps.apes.*,ptolemy.apps.charon.*,ptolemy.apps.crazyboard.*,ptolemy.apps.eclipse.*,ptolemy.apps.etherealSting.*,ptolemy.apps.fullscreen.*,ptolemy.apps.giotto.*,ptolemy.apps.ia.*,ptolemy.apps.interfaces.*,ptolemy.apps.jmf.*,ptolemy.apps.kurt.*,ptolemy.apps.kvm.*,ptolemy.apps.lego.*,ptolemy.apps.lejos.*,ptolemy.apps.midp.*,ptolemy.apps.mobileCoding.*,ptolemy.apps.pendulum.*,ptolemy.apps.rijndael.*,ptolemy.apps.robot.*,ptolemy.apps.security.*,ptolemy.apps.sobel.*,ptolemy.apps.soot.*,ptolemy.apps.throttle.*,ptolemy.apps.tini.*,ptolemy.apps.transmission.*,ptolemy.apps.vergil.*,ptolemy.apps.waba.*,ptolemy.apps.websensor.*,ptolemy.apps.webstart.*,ptolemy.apps.xsl.*,ptolemy.apps.zaurus.*,ptolemy.codegen.c.actor.lib.oldJavaFiles.*,ptolemy.codegen.dsp.lib.*,ptolemy.codegen.kernel.newInterfaces.*,ptolemy.codegen.lib.*,ptolemy.copernicus.kernel.fragment.*,ptolemy.copernicus.shallow.cg.*,ptolemy.domains.giotto.demo.Hierarchy.Hierarchy.*,ptolemy.domains.giotto.demo.Multimode.Multimode.*,ptolemy.domains.giotto.demo.Simple.Simple.*,ptolemy.domains.gr.lib.experimental.*,ptolemy.domains.gro.*,ptolemy.domains.pdf.*,ptolemy.domains.ptinyos.demo.Surge.output.*,ptolemy.moml.test.NoPackageActor.java*,ptolemy.plot.adm.*,ptolemy.plot.servlet.*,reports.*,signed.*,src.*,target.*,vendors.*,ptolemy.copernicus.applet.*,ptolemy.media.viewer.*,ptolemy.actor.corba.*,doc.doclets.*,ptolemy.apps.eclipse.awt.*,ptolemy.backtrack.*,ptolemy.backtrack.ast.*,ptolemy.cg.adapter.generic.program.procedural.c.mbed*,ptolemy.homer.*,ptolemy.actor.lib.jjs.modules.audio.*,org.ptolemy.scala.*,diva.util.java2d.svg.*,ptolemy.domains.ptinyos.*,ptolemy.actor.lib.fmi.fmipp.*,,org.terraswarm.accessor.accessors.web.node_modules.*,org.terraswarm.accessor.accessors-svn,ptolemy.apps.*,ptolemy.actor.ptalon.demo.ptinyos.SendAndReceiveCnt.output,ptolemy.actor.ptalon.demo.ptinyos.SenseToLeds.output,ptolemy.domains.ptinyos.demo.CntToLedsAndRfm.output,ptolemy.domains.ptinyos.demo.RfmToLeds.output,ptolemy.domains.ptinyos.demo.SendAndReceiveCnt.output,ptolemy.domains.ptinyos.demo.SenseToLeds.output,ptolemy.actor.lib.jjs.modules.udpSocket.*" />
    <property name="env.PTII" value="/home/travis/build/icyphy/ptII" />
    <property name="env.XDG_SESSION_ID" value="2" />
    <property name="keystore" value="ptKeystore" />
    <property name="env.TRAVIS_COMMIT_MESSAGE" value="Fixed typos in comments" />
    <property name="junit.output.dir" value="/home/travis/build/icyphy/ptII/reports/junit" />
    <property name="npm.return.code" value="0" />
    <property name="user.dir" value="/home/travis/build/icyphy/ptII/ptolemy/actor/lib/test" />
    <property name="env.TRAVIS_NODE_VERSION" value="7" />
    <property name="env.TRAVIS_EVENT_TYPE" value="cron" />
    <property name="env.MAIL" value="/var/mail/travis" />
    <property name="env.PERLBREW_ROOT" value="/home/travis/perl5/perlbrew" />
    <property name="env.PWD" value="/home/travis/build/icyphy/ptII" />
    <property name="timeout.npm" value="45000" />
    <property name="env.TRAVIS_ARCH" value="amd64" />
    <property name="sun.cpu.endian" value="little" />
    <property name="env.PAGER" value="cat" />
    <property name="env.TRAVIS_BUILD_STAGE_NAME" value="Test" />
    <property name="env.PERLBREW_HOME" value="/home/travis/.perlbrew" />
    <property name="java.vm.version" value="11.0.2+9" />
    <property name="env.RAILS_ENV" value="test" />
    <property name="java.class.path" value="/home/travis/.ptolemyII:/home/travis/.ptolemyII/*:/home/travis/build/icyphy/ptII:/home/travis/build/icyphy/ptII/lib/bsh-2.0b4.jar:/home/travis/build/icyphy/ptII/lib/ptCal.jar:/home/travis/build/icyphy/ptII/lib/java_cup.jar:/home/travis/build/icyphy/ptII/lib/saxon8.jar:/home/travis/build/icyphy/ptII/lib/saxon8-dom.jar:/home/travis/build/icyphy/ptII/lib/chic.jar:/home/travis/build/icyphy/ptII/lib/ptcolt.jar:/home/travis/build/icyphy/ptII/vendors/misc/itext/iText.jar:/home/travis/build/icyphy/ptII/lib/g4ltl.jar:/home/travis/build/icyphy/ptII/lib/StructuralCoder.jar:/home/travis/build/icyphy/ptII/vendors/jai-1_1_2_01/lib/jai_core.jar:/home/travis/build/icyphy/ptII/vendors/jai-1_1_2_01/lib/jai_codec.jar:/home/travis/build/icyphy/ptII/lib/jcerti.jar:/home/travis/build/icyphy/ptII/lib/javax.mail.jar:/home/travis/build/icyphy/ptII/vendors/JMF-2.1.1e/lib/jmf.jar:/home/travis/build/icyphy/ptII/lib/jna-4.0.0-variadic.jar:/home/travis/build/icyphy/ptII/vendors/misc/joystick/Joystick.jar:/home/travis/build/icyphy/ptII/lib/ptjacl.jar:/home/travis/build/icyphy/ptII/lib/jsoup-1.8.2.jar:/home/travis/build/icyphy/ptII/lib/junit-4.8.2.jar:/home/travis/build/icyphy/ptII/lib/JUnitParams-0.4.0.jar:/home/travis/build/icyphy/ptII/ptolemy/actor/lib/excel/jxl.jar:/home/travis/build/icyphy/ptII/lib/jython.jar:/home/travis/build/icyphy/ptII/lib/kieler.jar:/home/travis/build/icyphy/ptII/vendors/opencv/share/OpenCV/java/opencv-341.jar:/home/travis/build/icyphy/ptII/lib/oscP5.jar:/home/travis/build/icyphy/ptII/lib/nrjavaserial-3.11.0.devel.jar:/home/travis/build/icyphy/ptII/vendors/j3d/lib/j3dcore.jar:/home/travis/build/icyphy/ptII/vendors/j3d/lib/j3dutils.jar:/home/travis/build/icyphy/ptII/vendors/j3d/lib/vecmath.jar:/home/travis/build/icyphy/ptII/ptolemy/distributed/jini/jar/jini-core.jar:/home/travis/build/icyphy/ptII/ptolemy/distributed/jini/jar/jini-ext.jar:/home/travis/build/icyphy/ptII/ptolemy/distributed/jini/jar/sun-util.jar:/home/travis/build/icyphy/ptII/lib/protobuf-java-2.4.1.jar:/home/travis/build/icyphy/ptII/lib/org.eclipse.paho.client.mqttv3.jar:/home/travis/build/icyphy/ptII/lib/mapss.jar:/home/travis/build/icyphy/ptII/ptolemy/actor/ptalon/antlr/antlr.jar:/home/travis/build/icyphy/ptII/lib/JRI.jar:/home/travis/build/icyphy/ptII/lib/commons-lang-2.6.jar:/home/travis/build/icyphy/ptII/lib/commons-logging-1.1.1.jar:/home/travis/build/icyphy/ptII/lib/sootclasses.jar:/home/travis/build/icyphy/ptII/ptolemy/actor/lib/database/mysql-connector-java-5.1.6-bin.jar:/home/travis/build/icyphy/ptII/vendors/misc/sphinx4/sphinx4-data-5prealpha.jar:/home/travis/build/icyphy/ptII/vendors/misc/sphinx4/sphinx4-core-5prealpha.jar:/home/travis/build/icyphy/ptII/lib/PDFRenderer.jar:/home/travis/build/icyphy/ptII/lib/svgSalamander.jar:/home/travis/build/icyphy/ptII/lib/rsyntaxtextarea-2.6.0-SNAPSHOT.jar:/home/travis/build/icyphy/ptII/lib/hazelcast-3.8.2.jar:/home/travis/build/icyphy/ptII/lib/jackson-annotations-2.9.0.jar:/home/travis/build/icyphy/ptII/lib/jackson-core-2.9.3.jar:/home/travis/build/icyphy/ptII/lib/jackson-databind-2.9.3.jar:/home/travis/build/icyphy/ptII/lib/netty-buffer-4.1.19.Final.jar:/home/travis/build/icyphy/ptII/lib/netty-codec-4.1.19.Final.jar:/home/travis/build/icyphy/ptII/lib/netty-codec-dns-4.1.19.Final.jar:/home/travis/build/icyphy/ptII/lib/netty-codec-http-4.1.19.Final.jar:/home/travis/build/icyphy/ptII/lib/netty-codec-http2-4.1.19.Final.jar:/home/travis/build/icyphy/ptII/lib/netty-common-4.1.19.Final.jar:/home/travis/build/icyphy/ptII/lib/netty-handler-4.1.19.Final.jar:/home/travis/build/icyphy/ptII/lib/netty-resolver-4.1.19.Final.jar:/home/travis/build/icyphy/ptII/lib/netty-resolver-dns-4.1.19.Final.jar:/home/travis/build/icyphy/ptII/lib/netty-transport-4.1.19.Final.jar:/home/travis/build/icyphy/ptII/lib/vertx-codegen-3.5.1.jar:/home/travis/build/icyphy/ptII/lib/vertx-core-3.5.2-SNAPSHOT.jar:/home/travis/build/icyphy/ptII/lib/vertx-hazelcast-3.5.1.jar:/home/travis/build/icyphy/ptII/lib/vertx-lang-js-3.5.1.jar:/home/travis/build/icyphy/ptII/lib/vertx-service-proxy-3.5.1.jar:/home/travis/build/icyphy/ptII/lib/vertx-web-3.5.1.jar:/home/travis/build/icyphy/ptII/lib/slf4j-api-1.7.13.jar:/home/travis/build/icyphy/ptII/lib/slf4j-simple-1.7.13.jar:/home/travis/build/icyphy/ptII/lib/webcam-capture-0.3.12.jar:/home/travis/build/icyphy/ptII/lib/bridj-0.7.0.jar:/home/travis/build/icyphy/ptII/lib/xbjlib-1.1.0.nrjavaserial.jar:/home/travis/build/icyphy/ptII/ptolemy/moml/test:/home/travis/build/icyphy/ptII/ant/lib/ant-launcher.jar:/home/travis/build/icyphy/ptII/ant/lib/ant.jar:/home/travis/build/icyphy/ptII/ant/lib/ant-junit.jar:/home/travis/build/icyphy/ptII/ant/lib/ant-junit4.jar" />
    <property name="ant.library.dir" value="/home/travis/build/icyphy/ptII/ant/lib" />
    <property name="os.arch" value="amd64" />
    <property name="env.CONTINUOUS_INTEGRATION" value="true" />
    <property name="env.TRAVIS_LANGUAGE" value="node_js" />
    <property name="env.TRAVIS_STACK_LANGUAGES" value="__sardonyx__ c c++ clojure cplusplus cpp default generic go groovy java node_js php pure_java python ruby scala" />
    <property name="test.name" value="ptolemy.actor.lib.test.junit.JUnitTclTest" />
    <property name="env.APT_KEY_DONT_WARN_ON_DANGEROUS_USAGE" value="1" />
    <property name="sun.java.launcher" value="SUN_STANDARD" />
    <property name="env.PYTHON_CONFIGURE_OPTS" value="--enable-unicode=ucs4 --with-wide-unicode --enable-shared --enable-ipv6 --enable-loadable-sqlite-extensions --with-computed-gotos" />
    <property name="ant.core.lib" value="/home/travis/build/icyphy/ptII/ant/lib/ant.jar" />
    <property name="java.vm.specification.vendor" value="Oracle Corporation" />
    <property name="env.BCVTB_HOME" value="/home/travis/build/icyphy/ptII/lbnl" />
    <property name="file.separator" value="/" />
    <property name="spotbugs.home" value="/home/travis/build/icyphy/ptII/vendors/spotbugs-3.1.1" />
    <property name="java.runtime.version" value="11.0.2+9" />
    <property name="env.ANSI_CLEAR" value="\033[0K" />
    <property name="env.HAS_JOSH_K_SEAL_OF_APPROVAL" value="true" />
    <property name="env.XDG_RUNTIME_DIR" value="/run/user/2000" />
    <property name="env.TRAVIS_OSX_IMAGE" value="" />
    <property name="env.TRAVIS_JOB_ID" value="555180322" />
    <property name="env.TRAVIS_BRANCH" value="master" />
    <property name="user.country" value="US" />
    <property name="env.CERTI_HOME_TRAVIS" value="/home/travis/pthla/certi-tools" />
    <property name="env.SHELL" value="/bin/bash" />
    <property name="java.maxmemory.large" value="5000m" />
    <property name="model" value="" />
    <property name="env.CASHER_DIR" value="/home/travis/.casher" />
    <property name="env.NVM_CD_FLAGS" value="" />
    <property name="java.vendor.version" value="18.9" />
    <property name="jshint.executable" value="/home/travis/node_modules/jshint/bin/jshint" />
    <property name="env.JRUBY_OPTS" value=" --client -J-XX:+TieredCompilation -J-XX:TieredStopAtLevel=1 -J-Xss2m -Xcompile.invokedynamic=false" />
    <property name="java.vendor" value="Oracle Corporation" />
    <property name="env.TRAVIS_PRE_CHEF_BOOTSTRAP_TIME" value="2019-03-25T16:16:42" />
    <property name="env.TRAVIS_STACK_JOB_BOARD_REGISTER" value="/.job-board-register.yml" />
    <property name="env.ANSI_RED" value="\033[31;1m" />
    <property name="java.specification.version" value="11" />
    <property name="env.IRBRC" value="/home/travis/.rvm/rubies/ruby-2.5.3/.irbrc" />
    <property name="env.TRAVIS" value="true" />
    <property name="sun.arch.data.model" value="64" />
  </properties>
  <testcase classname="ptolemy.util.test.junit.TclTests" name="[0] /home/travis/build/icyphy/ptII/ptolemy/actor/lib/test/AbsoluteValue.tcl (RunTclFile)" time="0.565" />
  <testcase classname="ptolemy.util.test.junit.TclTests" name="[1] /home/travis/build/icyphy/ptII/ptolemy/actor/lib/test/AddSubtract.tcl (RunTclFile)" time="0.154" />
  <testcase classname="ptolemy.util.test.junit.TclTests" name="[2] /home/travis/build/icyphy/ptII/ptolemy/actor/lib/test/Average.tcl (RunTclFile)" time="0.072" />
  <testcase classname="ptolemy.util.test.junit.TclTests" name="[3] /home/travis/build/icyphy/ptII/ptolemy/actor/lib/test/Bernoulli.tcl (RunTclFile)" time="0.041" />
  <testcase classname="ptolemy.util.test.junit.TclTests" name="[4] /home/travis/build/icyphy/ptII/ptolemy/actor/lib/test/Clock.tcl (RunTclFile)" time="0.135" />
  <testcase classname="ptolemy.util.test.junit.TclTests" name="[5] /home/travis/build/icyphy/ptII/ptolemy/actor/lib/test/Commutator.tcl (RunTclFile)" time="0.127" />
  <testcase classname="ptolemy.util.test.junit.TclTests" name="[6] /home/travis/build/icyphy/ptII/ptolemy/actor/lib/test/Const.tcl (RunTclFile)" time="0.148" />
  <testcase classname="ptolemy.util.test.junit.TclTests" name="[7] /home/travis/build/icyphy/ptII/ptolemy/actor/lib/test/CurrentTime.tcl (RunTclFile)" time="0.05" />
  <testcase classname="ptolemy.util.test.junit.TclTests" name="[8] /home/travis/build/icyphy/ptII/ptolemy/actor/lib/test/DB.tcl (RunTclFile)" time="0.04" />
  <testcase classname="ptolemy.util.test.junit.TclTests" name="[9] /home/travis/build/icyphy/ptII/ptolemy/actor/lib/test/DiscreteRandomSource.tcl (RunTclFile)" time="0.049" />
  <testcase classname="ptolemy.util.test.junit.TclTests" name="[10] /home/travis/build/icyphy/ptII/ptolemy/actor/lib/test/Distributor.tcl (RunTclFile)" time="0.096" />
  <testcase classname="ptolemy.util.test.junit.TclTests" name="[11] /home/travis/build/icyphy/ptII/ptolemy/actor/lib/test/Exit.tcl (RunTclFile)" time="0.113" />
  <testcase classname="ptolemy.util.test.junit.TclTests" name="[12] /home/travis/build/icyphy/ptII/ptolemy/actor/lib/test/Expression.tcl (RunTclFile)" time="0.151" />
  <testcase classname="ptolemy.util.test.junit.TclTests" name="[13] /home/travis/build/icyphy/ptII/ptolemy/actor/lib/test/Gaussian.tcl (RunTclFile)" time="0.716" />
  <testcase classname="ptolemy.util.test.junit.TclTests" name="[14] /home/travis/build/icyphy/ptII/ptolemy/actor/lib/test/IIR.tcl (RunTclFile)" time="0.038" />
  <testcase classname="ptolemy.util.test.junit.TclTests" name="[15] /home/travis/build/icyphy/ptII/ptolemy/actor/lib/test/Interpolator.tcl (RunTclFile)" time="0.128" />
  <testcase classname="ptolemy.util.test.junit.TclTests" name="[16] /home/travis/build/icyphy/ptII/ptolemy/actor/lib/test/MathFunction.tcl (RunTclFile)" time="0.102" />
  <testcase classname="ptolemy.util.test.junit.TclTests" name="[17] /home/travis/build/icyphy/ptII/ptolemy/actor/lib/test/Maximum.tcl (RunTclFile)" time="0.046" />
  <testcase classname="ptolemy.util.test.junit.TclTests" name="[18] /home/travis/build/icyphy/ptII/ptolemy/actor/lib/test/Minimum.tcl (RunTclFile)" time="0.033" />
  <testcase classname="ptolemy.util.test.junit.TclTests" name="[19] /home/travis/build/icyphy/ptII/ptolemy/actor/lib/test/MultiplyDivide.tcl (RunTclFile)" time="0.054" />
  <testcase classname="ptolemy.util.test.junit.TclTests" name="[20] /home/travis/build/icyphy/ptII/ptolemy/actor/lib/test/OrderedMerge.tcl (RunTclFile)" time="0.118" />
  <testcase classname="ptolemy.util.test.junit.TclTests" name="[21] /home/travis/build/icyphy/ptII/ptolemy/actor/lib/test/Publisher.tcl (RunTclFile)" time="0.863" />
  <testcase classname="ptolemy.util.test.junit.TclTests" name="[22] /home/travis/build/icyphy/ptII/ptolemy/actor/lib/test/Pulse.tcl (RunTclFile)" time="0.089" />
  <testcase classname="ptolemy.util.test.junit.TclTests" name="[23] /home/travis/build/icyphy/ptII/ptolemy/actor/lib/test/Ramp.tcl (RunTclFile)" time="2.345" />
  <testcase classname="ptolemy.util.test.junit.TclTests" name="[24] /home/travis/build/icyphy/ptII/ptolemy/actor/lib/test/RampContinuous.tcl (RunTclFile)" time="0.017" />
  <testcase classname="ptolemy.util.test.junit.TclTests" name="[25] /home/travis/build/icyphy/ptII/ptolemy/actor/lib/test/RecordAssembler.tcl (RunTclFile)" time="0.015" />
  <testcase classname="ptolemy.util.test.junit.TclTests" name="[26] /home/travis/build/icyphy/ptII/ptolemy/actor/lib/test/RecordDisassembler.tcl (RunTclFile)" time="0.02" />
  <testcase classname="ptolemy.util.test.junit.TclTests" name="[27] /home/travis/build/icyphy/ptII/ptolemy/actor/lib/test/Scale.tcl (RunTclFile)" time="0.018" />
  <testcase classname="ptolemy.util.test.junit.TclTests" name="[28] /home/travis/build/icyphy/ptII/ptolemy/actor/lib/test/SequentialClock.tcl (RunTclFile)" time="0.012" />
  <testcase classname="ptolemy.util.test.junit.TclTests" name="[29] /home/travis/build/icyphy/ptII/ptolemy/actor/lib/test/SetVariable.tcl (RunTclFile)" time="0.024">
    <failure message="Number of failed tests is has increased. expected:&lt;0&gt; but was:&lt;1&gt;" type="junit.framework.AssertionFailedError">junit.framework.AssertionFailedError: Number of failed tests is has increased. expected:&lt;0&gt; but was:&lt;1&gt;
	at ptolemy.util.test.junit.TclTests.RunTclFile(TclTests.java:286)
	at jdk.internal.reflect.GeneratedMethodAccessor19.invoke(Unknown Source)
	at java.base/jdk.internal.reflect.DelegatingMethodAccessorImpl.invoke(DelegatingMethodAccessorImpl.java:43)
	at junitparams.internal.InvokeParameterisedMethod.evaluate(InvokeParameterisedMethod.java:102)
	at junitparams.internal.ParameterisedTestMethodRunner.runMethodInvoker(ParameterisedTestMethodRunner.java:47)
	at junitparams.internal.ParameterisedTestMethodRunner.runTestMethod(ParameterisedTestMethodRunner.java:41)
	at junitparams.internal.ParameterisedTestClassRunner.runParameterisedTest(ParameterisedTestClassRunner.java:143)
	at junitparams.JUnitParamsRunner.runChild(JUnitParamsRunner.java:237)
	at junitparams.JUnitParamsRunner.runChild(JUnitParamsRunner.java:215)
</failure>
  </testcase>
  <testcase classname="ptolemy.util.test.junit.TclTests" name="[30] /home/travis/build/icyphy/ptII/ptolemy/actor/lib/test/Sinewave.tcl (RunTclFile)" time="0.042" />
  <testcase classname="ptolemy.util.test.junit.TclTests" name="[31] /home/travis/build/icyphy/ptII/ptolemy/actor/lib/test/SubscriptionAggregator.tcl (RunTclFile)" time="2.357" />
  <testcase classname="ptolemy.util.test.junit.TclTests" name="[32] /home/travis/build/icyphy/ptII/ptolemy/actor/lib/test/Test.tcl (RunTclFile)" time="0.104" />
  <testcase classname="ptolemy.util.test.junit.TclTests" name="[33] /home/travis/build/icyphy/ptII/ptolemy/actor/lib/test/TestExceptionHandler.tcl (RunTclFile)" time="0.014" />
  <testcase classname="ptolemy.util.test.junit.TclTests" name="[34] /home/travis/build/icyphy/ptII/ptolemy/actor/lib/test/UnionDisassembler.tcl (RunTclFile)" time="0.067" />
  <testcase classname="ptolemy.util.test.junit.TclTests" name="[35] /home/travis/build/icyphy/ptII/ptolemy/actor/lib/test/VariableClock.tcl (RunTclFile)" time="0.016" />
  <testcase classname="ptolemy.util.test.junit.AutoKnownFailedTests" name="[0] /home/travis/build/icyphy/ptII/ptolemy/actor/lib/test/auto/knownFailedTests/PublisherPortToplevelSubscriber.xml (RunModel)" time="0.023" />
  <testcase classname="ptolemy.util.test.junit.AutoKnownFailedTests" name="[1] /home/travis/build/icyphy/ptII/ptolemy/actor/lib/test/auto/knownFailedTests/PublisherSubscriberPortToplevel.xml (RunModel)" time="0.018" />
  <testcase classname="ptolemy.util.test.junit.AutoKnownFailedTests" name="[2] /home/travis/build/icyphy/ptII/ptolemy/actor/lib/test/auto/knownFailedTests/PublisherSubscriptionAggregatorPort.xml (RunModel)" time="0.019" />
  <testcase classname="ptolemy.util.test.junit.AutoKnownFailedTests" name="[3] /home/travis/build/icyphy/ptII/ptolemy/actor/lib/test/auto/knownFailedTests/sizedarray3.xml (RunModel)" time="0.029" />
  <testcase classname="ptolemy.util.test.junit.AutoNameArchTests" name="[0] ThereAreNoAutoArchTests (RunModel)" time="0.004" />
  <testcase classname="ptolemy.util.test.junit.AutoTests" name="[0] /home/travis/build/icyphy/ptII/ptolemy/actor/lib/test/auto/AbsoluteValue.xml (RunModel)" time="0.119" />
  <testcase classname="ptolemy.util.test.junit.AutoTests" name="[1] /home/travis/build/icyphy/ptII/ptolemy/actor/lib/test/auto/AbsoluteValue2.xml (RunModel)" time="0.07" />
  <testcase classname="ptolemy.util.test.junit.AutoTests" name="[2] /home/travis/build/icyphy/ptII/ptolemy/actor/lib/test/auto/Accumulator.xml (RunModel)" time="0.027" />
  <testcase classname="ptolemy.util.test.junit.AutoTests" name="[3] /home/travis/build/icyphy/ptII/ptolemy/actor/lib/test/auto/Accumulator2.xml (RunModel)" time="0.019" />
  <testcase classname="ptolemy.util.test.junit.AutoTests" name="[4] /home/travis/build/icyphy/ptII/ptolemy/actor/lib/test/auto/Accumulator3.xml (RunModel)" time="0.015" />
  <testcase classname="ptolemy.util.test.junit.AutoTests" name="[5] /home/travis/build/icyphy/ptII/ptolemy/actor/lib/test/auto/ArrayAppend.xml (RunModel)" time="0.075" />
  <testcase classname="ptolemy.util.test.junit.AutoTests" name="[6] /home/travis/build/icyphy/ptII/ptolemy/actor/lib/test/auto/ArrayAppend2.xml (RunModel)" time="0.402" />
  <testcase classname="ptolemy.util.test.junit.AutoTests" name="[7] /home/travis/build/icyphy/ptII/ptolemy/actor/lib/test/auto/ArrayAppend3.xml (RunModel)" time="0.02" />
  <testcase classname="ptolemy.util.test.junit.AutoTests" name="[8] /home/travis/build/icyphy/ptII/ptolemy/actor/lib/test/auto/ArrayAppend4.xml (RunModel)" time="0.148" />
  <testcase classname="ptolemy.util.test.junit.AutoTests" name="[9] /home/travis/build/icyphy/ptII/ptolemy/actor/lib/test/auto/ArrayAppend5.xml (RunModel)" time="0.018" />
  <testcase classname="ptolemy.util.test.junit.AutoTests" name="[10] /home/travis/build/icyphy/ptII/ptolemy/actor/lib/test/auto/ArrayAppend6.xml (RunModel)" time="0.022" />
  <testcase classname="ptolemy.util.test.junit.AutoTests" name="[11] /home/travis/build/icyphy/ptII/ptolemy/actor/lib/test/auto/ArrayAppendPerformanceTest.xml (RunModel)" time="0.08" />
  <testcase classname="ptolemy.util.test.junit.AutoTests" name="[12] /home/travis/build/icyphy/ptII/ptolemy/actor/lib/test/auto/ArrayAppendWithEmptyInput.xml (RunModel)" time="0.063" />
  <testcase classname="ptolemy.util.test.junit.AutoTests" name="[13] /home/travis/build/icyphy/ptII/ptolemy/actor/lib/test/auto/ArrayAverage.xml (RunModel)" time="0.054" />
  <testcase classname="ptolemy.util.test.junit.AutoTests" name="[14] /home/travis/build/icyphy/ptII/ptolemy/actor/lib/test/auto/ArrayContains.xml (RunModel)" time="0.037" />
  <testcase classname="ptolemy.util.test.junit.AutoTests" name="[15] /home/travis/build/icyphy/ptII/ptolemy/actor/lib/test/auto/ArrayElement.xml (RunModel)" time="0.04" />
  <testcase classname="ptolemy.util.test.junit.AutoTests" name="[16] /home/travis/build/icyphy/ptII/ptolemy/actor/lib/test/auto/ArrayElementAsMatrix.xml (RunModel)" time="0.081" />
  <testcase classname="ptolemy.util.test.junit.AutoTests" name="[17] /home/travis/build/icyphy/ptII/ptolemy/actor/lib/test/auto/ArrayElementI.xml (RunModel)" time="0.023" />
  <testcase classname="ptolemy.util.test.junit.AutoTests" name="[18] /home/travis/build/icyphy/ptII/ptolemy/actor/lib/test/auto/ArrayExtract.xml (RunModel)" time="0.058" />
  <testcase classname="ptolemy.util.test.junit.AutoTests" name="[19] /home/travis/build/icyphy/ptII/ptolemy/actor/lib/test/auto/ArrayExtract2.xml (RunModel)" time="0.025" />
  <testcase classname="ptolemy.util.test.junit.AutoTests" name="[20] /home/travis/build/icyphy/ptII/ptolemy/actor/lib/test/auto/ArrayLength.xml (RunModel)" time="0.026" />
  <testcase classname="ptolemy.util.test.junit.AutoTests" name="[21] /home/travis/build/icyphy/ptII/ptolemy/actor/lib/test/auto/ArrayLevelCrossing.xml (RunModel)" time="0.036" />
  <testcase classname="ptolemy.util.test.junit.AutoTests" name="[22] /home/travis/build/icyphy/ptII/ptolemy/actor/lib/test/auto/ArrayLevelCrossing2.xml (RunModel)" time="0.025" />
  <testcase classname="ptolemy.util.test.junit.AutoTests" name="[23] /home/travis/build/icyphy/ptII/ptolemy/actor/lib/test/auto/ArrayPeakSearch.xml (RunModel)" time="0.051" />
  <testcase classname="ptolemy.util.test.junit.AutoTests" name="[24] /home/travis/build/icyphy/ptII/ptolemy/actor/lib/test/auto/ArrayPeakSearch2.xml (RunModel)" time="0.042" />
  <testcase classname="ptolemy.util.test.junit.AutoTests" name="[25] /home/travis/build/icyphy/ptII/ptolemy/actor/lib/test/auto/ArrayPeakSearch3.xml (RunModel)" time="0.045" />
  <testcase classname="ptolemy.util.test.junit.AutoTests" name="[26] /home/travis/build/icyphy/ptII/ptolemy/actor/lib/test/auto/ArrayRemoveElement.xml (RunModel)" time="0.037" />
  <testcase classname="ptolemy.util.test.junit.AutoTests" name="[27] /home/travis/build/icyphy/ptII/ptolemy/actor/lib/test/auto/ArraySort.xml (RunModel)" time="0.038" />
  <testcase classname="ptolemy.util.test.junit.AutoTests" name="[28] /home/travis/build/icyphy/ptII/ptolemy/actor/lib/test/auto/ArraySum.xml (RunModel)" time="0.022" />
  <testcase classname="ptolemy.util.test.junit.AutoTests" name="[29] /home/travis/build/icyphy/ptII/ptolemy/actor/lib/test/auto/ArrayToElements.xml (RunModel)" time="0.026" />
  <testcase classname="ptolemy.util.test.junit.AutoTests" name="[30] /home/travis/build/icyphy/ptII/ptolemy/actor/lib/test/auto/ArrayToMatrix.xml (RunModel)" time="0.078" />
  <testcase classname="ptolemy.util.test.junit.AutoTests" name="[31] /home/travis/build/icyphy/ptII/ptolemy/actor/lib/test/auto/ArrayUpdate1.xml (RunModel)" time="0.021" />
  <testcase classname="ptolemy.util.test.junit.AutoTests" name="[32] /home/travis/build/icyphy/ptII/ptolemy/actor/lib/test/auto/ArrayUpdate2.xml (RunModel)" time="0.032" />
  <testcase classname="ptolemy.util.test.junit.AutoTests" name="[33] /home/travis/build/icyphy/ptII/ptolemy/actor/lib/test/auto/ArrayUpdate3.xml (RunModel)" time="0.029" />
  <testcase classname="ptolemy.util.test.junit.AutoTests" name="[34] /home/travis/build/icyphy/ptII/ptolemy/actor/lib/test/auto/Assert1.xml (RunModel)" time="0.023" />
  <testcase classname="ptolemy.util.test.junit.AutoTests" name="[35] /home/travis/build/icyphy/ptII/ptolemy/actor/lib/test/auto/Assert2.xml (RunModel)" time="0.016" />
  <testcase classname="ptolemy.util.test.junit.AutoTests" name="[36] /home/travis/build/icyphy/ptII/ptolemy/actor/lib/test/auto/BooleanMultiplexor.xml (RunModel)" time="0.021" />
  <testcase classname="ptolemy.util.test.junit.AutoTests" name="[37] /home/travis/build/icyphy/ptII/ptolemy/actor/lib/test/auto/BooleanMultiplexor2.xml (RunModel)" time="0.029" />
  <testcase classname="ptolemy.util.test.junit.AutoTests" name="[38] /home/travis/build/icyphy/ptII/ptolemy/actor/lib/test/auto/BooleanMultiplexor3.xml (RunModel)" time="0.036" />
  <testcase classname="ptolemy.util.test.junit.AutoTests" name="[39] /home/travis/build/icyphy/ptII/ptolemy/actor/lib/test/auto/BooleanSelect.xml (RunModel)" time="0.031" />
  <testcase classname="ptolemy.util.test.junit.AutoTests" name="[40] /home/travis/build/icyphy/ptII/ptolemy/actor/lib/test/auto/BooleanSelect2.xml (RunModel)" time="0.022" />
  <testcase classname="ptolemy.util.test.junit.AutoTests" name="[41] /home/travis/build/icyphy/ptII/ptolemy/actor/lib/test/auto/BooleanSwitch.xml (RunModel)" time="0.026" />
  <testcase classname="ptolemy.util.test.junit.AutoTests" name="[42] /home/travis/build/icyphy/ptII/ptolemy/actor/lib/test/auto/BooleanSwitch2.xml (RunModel)" time="0.016" />
  <testcase classname="ptolemy.util.test.junit.AutoTests" name="[43] /home/travis/build/icyphy/ptII/ptolemy/actor/lib/test/auto/BooleanSwitchCloningBugWithClassRelationGroup.xml (RunModel)" time="0.026" />
  <testcase classname="ptolemy.util.test.junit.AutoTests" name="[44] /home/travis/build/icyphy/ptII/ptolemy/actor/lib/test/auto/BusActors.xml (RunModel)" time="0.036" />
  <testcase classname="ptolemy.util.test.junit.AutoTests" name="[45] /home/travis/build/icyphy/ptII/ptolemy/actor/lib/test/auto/ClassWrapper.xml (RunModel)" time="0.013" />
  <testcase classname="ptolemy.util.test.junit.AutoTests" name="[46] /home/travis/build/icyphy/ptII/ptolemy/actor/lib/test/auto/Clock.xml (RunModel)" time="0.009" />
  <testcase classname="ptolemy.util.test.junit.AutoTests" name="[47] /home/travis/build/icyphy/ptII/ptolemy/actor/lib/test/auto/Clock10.xml (RunModel)" time="0.015" />
  <testcase classname="ptolemy.util.test.junit.AutoTests" name="[48] /home/travis/build/icyphy/ptII/ptolemy/actor/lib/test/auto/Clock11.xml (RunModel)" time="0.018" />
  <testcase classname="ptolemy.util.test.junit.AutoTests" name="[49] /home/travis/build/icyphy/ptII/ptolemy/actor/lib/test/auto/Clock12.xml (RunModel)" time="0.025" />
  <testcase classname="ptolemy.util.test.junit.AutoTests" name="[50] /home/travis/build/icyphy/ptII/ptolemy/actor/lib/test/auto/Clock13.xml (RunModel)" time="0.023" />
  <testcase classname="ptolemy.util.test.junit.AutoTests" name="[51] /home/travis/build/icyphy/ptII/ptolemy/actor/lib/test/auto/Clock14.xml (RunModel)" time="0.02" />
  <testcase classname="ptolemy.util.test.junit.AutoTests" name="[52] /home/travis/build/icyphy/ptII/ptolemy/actor/lib/test/auto/Clock15.xml (RunModel)" time="0.015" />
  <testcase classname="ptolemy.util.test.junit.AutoTests" name="[53] /home/travis/build/icyphy/ptII/ptolemy/actor/lib/test/auto/Clock16.xml (RunModel)" time="0.095" />
  <testcase classname="ptolemy.util.test.junit.AutoTests" name="[54] /home/travis/build/icyphy/ptII/ptolemy/actor/lib/test/auto/Clock17.xml (RunModel)" time="0.078" />
  <testcase classname="ptolemy.util.test.junit.AutoTests" name="[55] /home/travis/build/icyphy/ptII/ptolemy/actor/lib/test/auto/Clock18.xml (RunModel)" time="0.055" />
  <testcase classname="ptolemy.util.test.junit.AutoTests" name="[56] /home/travis/build/icyphy/ptII/ptolemy/actor/lib/test/auto/Clock19.xml (RunModel)" time="0.044" />
  <testcase classname="ptolemy.util.test.junit.AutoTests" name="[57] /home/travis/build/icyphy/ptII/ptolemy/actor/lib/test/auto/Clock2.xml (RunModel)" time="0.017" />
  <testcase classname="ptolemy.util.test.junit.AutoTests" name="[58] /home/travis/build/icyphy/ptII/ptolemy/actor/lib/test/auto/Clock20.xml (RunModel)" time="0.023" />
  <testcase classname="ptolemy.util.test.junit.AutoTests" name="[59] /home/travis/build/icyphy/ptII/ptolemy/actor/lib/test/auto/Clock21.xml (RunModel)" time="0.019" />
  <testcase classname="ptolemy.util.test.junit.AutoTests" name="[60] /home/travis/build/icyphy/ptII/ptolemy/actor/lib/test/auto/Clock22.xml (RunModel)" time="0.015" />
  <testcase classname="ptolemy.util.test.junit.AutoTests" name="[61] /home/travis/build/icyphy/ptII/ptolemy/actor/lib/test/auto/Clock23.xml (RunModel)" time="0.019" />
  <testcase classname="ptolemy.util.test.junit.AutoTests" name="[62] /home/travis/build/icyphy/ptII/ptolemy/actor/lib/test/auto/Clock24.xml (RunModel)" time="0.016" />
  <testcase classname="ptolemy.util.test.junit.AutoTests" name="[63] /home/travis/build/icyphy/ptII/ptolemy/actor/lib/test/auto/Clock4.xml (RunModel)" time="0.012" />
  <testcase classname="ptolemy.util.test.junit.AutoTests" name="[64] /home/travis/build/icyphy/ptII/ptolemy/actor/lib/test/auto/Clock5.xml (RunModel)" time="0.019" />
  <testcase classname="ptolemy.util.test.junit.AutoTests" name="[65] /home/travis/build/icyphy/ptII/ptolemy/actor/lib/test/auto/Clock6.xml (RunModel)" time="0.009" />
  <testcase classname="ptolemy.util.test.junit.AutoTests" name="[66] /home/travis/build/icyphy/ptII/ptolemy/actor/lib/test/auto/Clock7.xml (RunModel)" time="0.01" />
  <testcase classname="ptolemy.util.test.junit.AutoTests" name="[67] /home/travis/build/icyphy/ptII/ptolemy/actor/lib/test/auto/Clock8.xml (RunModel)" time="0.018" />
  <testcase classname="ptolemy.util.test.junit.AutoTests" name="[68] /home/travis/build/icyphy/ptII/ptolemy/actor/lib/test/auto/Clock9.xml (RunModel)" time="0.018" />
  <testcase classname="ptolemy.util.test.junit.AutoTests" name="[69] /home/travis/build/icyphy/ptII/ptolemy/actor/lib/test/auto/CommDistDiscard.xml (RunModel)" time="0.025" />
  <testcase classname="ptolemy.util.test.junit.AutoTests" name="[70] /home/travis/build/icyphy/ptII/ptolemy/actor/lib/test/auto/Commutator.xml (RunModel)" time="0.017" />
  <testcase classname="ptolemy.util.test.junit.AutoTests" name="[71] /home/travis/build/icyphy/ptII/ptolemy/actor/lib/test/auto/Commutator2.xml (RunModel)" time="0.011" />
  <testcase classname="ptolemy.util.test.junit.AutoTests" name="[72] /home/travis/build/icyphy/ptII/ptolemy/actor/lib/test/auto/Commutator3.xml (RunModel)" time="0.013" />
  <testcase classname="ptolemy.util.test.junit.AutoTests" name="[73] /home/travis/build/icyphy/ptII/ptolemy/actor/lib/test/auto/Compare.xml (RunModel)" time="0.022" />
  <testcase classname="ptolemy.util.test.junit.AutoTests" name="[74] /home/travis/build/icyphy/ptII/ptolemy/actor/lib/test/auto/CompareDE.xml (RunModel)" time="0.043" />
  <testcase classname="ptolemy.util.test.junit.AutoTests" name="[75] /home/travis/build/icyphy/ptII/ptolemy/actor/lib/test/auto/ComplexDivide.xml (RunModel)" time="0.011" />
  <testcase classname="ptolemy.util.test.junit.AutoTests" name="[76] /home/travis/build/icyphy/ptII/ptolemy/actor/lib/test/auto/ComputeHistogram.xml (RunModel)" time="0.072" />
  <testcase classname="ptolemy.util.test.junit.AutoTests" name="[77] /home/travis/build/icyphy/ptII/ptolemy/actor/lib/test/auto/ConfigurationSelect.xml (RunModel)" time="0.021" />
  <testcase classname="ptolemy.util.test.junit.AutoTests" name="[78] /home/travis/build/icyphy/ptII/ptolemy/actor/lib/test/auto/ConfigurationSelect2.xml (RunModel)" time="0.014" />
  <testcase classname="ptolemy.util.test.junit.AutoTests" name="[79] /home/travis/build/icyphy/ptII/ptolemy/actor/lib/test/auto/ConfigurationSwitch.xml (RunModel)" time="0.023" />
  <testcase classname="ptolemy.util.test.junit.AutoTests" name="[80] /home/travis/build/icyphy/ptII/ptolemy/actor/lib/test/auto/ConfigurationSwitch2.xml (RunModel)" time="0.032" />
  <testcase classname="ptolemy.util.test.junit.AutoTests" name="[81] /home/travis/build/icyphy/ptII/ptolemy/actor/lib/test/auto/ConfigurationSwitchCloningBugWithClassRelationGroup.xml (RunModel)" time="0.025" />
  <testcase classname="ptolemy.util.test.junit.AutoTests" name="[82] /home/travis/build/icyphy/ptII/ptolemy/actor/lib/test/auto/ConfigurationSwitchSelectSDF.xml (RunModel)" time="0.016" />
  <testcase classname="ptolemy.util.test.junit.AutoTests" name="[83] /home/travis/build/icyphy/ptII/ptolemy/actor/lib/test/auto/ConfigurationSwitchSelectSDF2.xml (RunModel)" time="0.013" />
  <testcase classname="ptolemy.util.test.junit.AutoTests" name="[84] /home/travis/build/icyphy/ptII/ptolemy/actor/lib/test/auto/Const.xml (RunModel)" time="0.007" />
  <testcase classname="ptolemy.util.test.junit.AutoTests" name="[85] /home/travis/build/icyphy/ptII/ptolemy/actor/lib/test/auto/Const2.xml (RunModel)" time="0.014" />
  <testcase classname="ptolemy.util.test.junit.AutoTests" name="[86] /home/travis/build/icyphy/ptII/ptolemy/actor/lib/test/auto/Const3.xml (RunModel)" time="0.01" />
  <testcase classname="ptolemy.util.test.junit.AutoTests" name="[87] /home/travis/build/icyphy/ptII/ptolemy/actor/lib/test/auto/ConstantPublisherPort1.xml (RunModel)" time="0.032" />
  <testcase classname="ptolemy.util.test.junit.AutoTests" name="[88] /home/travis/build/icyphy/ptII/ptolemy/actor/lib/test/auto/ConstantPublisherPort2.xml (RunModel)" time="0.024" />
  <testcase classname="ptolemy.util.test.junit.AutoTests" name="[89] /home/travis/build/icyphy/ptII/ptolemy/actor/lib/test/auto/ConstantPublisherPort3.xml (RunModel)" time="0.025" />
  <testcase classname="ptolemy.util.test.junit.AutoTests" name="[90] /home/travis/build/icyphy/ptII/ptolemy/actor/lib/test/auto/ConstantPublisherPort4.xml (RunModel)" time="0.018" />
  <testcase classname="ptolemy.util.test.junit.AutoTests" name="[91] /home/travis/build/icyphy/ptII/ptolemy/actor/lib/test/auto/ConstantPublisherPort5.xml (RunModel)" time="0.045" />
  <testcase classname="ptolemy.util.test.junit.AutoTests" name="[92] /home/travis/build/icyphy/ptII/ptolemy/actor/lib/test/auto/ConstantPublisherPort6.xml (RunModel)" time="0.027" />
  <testcase classname="ptolemy.util.test.junit.AutoTests" name="[93] /home/travis/build/icyphy/ptII/ptolemy/actor/lib/test/auto/ConstantPublisherPort7.xml (RunModel)" time="0.032" />
  <testcase classname="ptolemy.util.test.junit.AutoTests" name="[94] /home/travis/build/icyphy/ptII/ptolemy/actor/lib/test/auto/ConstraintMonitor1.xml (RunModel)" time="0.042" />
  <testcase classname="ptolemy.util.test.junit.AutoTests" name="[95] /home/travis/build/icyphy/ptII/ptolemy/actor/lib/test/auto/ConstraintMonitor2.xml (RunModel)" time="0.015" />
  <testcase classname="ptolemy.util.test.junit.AutoTests" name="[96] /home/travis/build/icyphy/ptII/ptolemy/actor/lib/test/auto/ConstraintMonitor3.xml (RunModel)" time="0.017" />
  <testcase classname="ptolemy.util.test.junit.AutoTests" name="[97] /home/travis/build/icyphy/ptII/ptolemy/actor/lib/test/auto/ConstraintMonitor4.xml (RunModel)" time="0.011" />
  <testcase classname="ptolemy.util.test.junit.AutoTests" name="[98] /home/travis/build/icyphy/ptII/ptolemy/actor/lib/test/auto/ConstraintMonitor5.xml (RunModel)" time="0.017" />
  <testcase classname="ptolemy.util.test.junit.AutoTests" name="[99] /home/travis/build/icyphy/ptII/ptolemy/actor/lib/test/auto/ConstraintMonitor6.xml (RunModel)" time="0.015" />
  <testcase classname="ptolemy.util.test.junit.AutoTests" name="[100] /home/travis/build/icyphy/ptII/ptolemy/actor/lib/test/auto/ConstraintMonitor7.xml (RunModel)" time="0.018" />
  <testcase classname="ptolemy.util.test.junit.AutoTests" name="[101] /home/travis/build/icyphy/ptII/ptolemy/actor/lib/test/auto/ConstraintMonitor8.xml (RunModel)" time="0.023" />
  <testcase classname="ptolemy.util.test.junit.AutoTests" name="[102] /home/travis/build/icyphy/ptII/ptolemy/actor/lib/test/auto/Counter.xml (RunModel)" time="0.014" />
  <testcase classname="ptolemy.util.test.junit.AutoTests" name="[103] /home/travis/build/icyphy/ptII/ptolemy/actor/lib/test/auto/CurrentTimeSDF.xml (RunModel)" time="0.011" />
  <testcase classname="ptolemy.util.test.junit.AutoTests" name="[104] /home/travis/build/icyphy/ptII/ptolemy/actor/lib/test/auto/DB.xml (RunModel)" time="0.013" />
  <testcase classname="ptolemy.util.test.junit.AutoTests" name="[105] /home/travis/build/icyphy/ptII/ptolemy/actor/lib/test/auto/DBDE.xml (RunModel)" time="0.014" />
  <testcase classname="ptolemy.util.test.junit.AutoTests" name="[106] /home/travis/build/icyphy/ptII/ptolemy/actor/lib/test/auto/DateConstructor.xml (RunModel)" time="0.079" />
  <testcase classname="ptolemy.util.test.junit.AutoTests" name="[107] /home/travis/build/icyphy/ptII/ptolemy/actor/lib/test/auto/DelayTime.xml (RunModel)" time="0.027" />
  <testcase classname="ptolemy.util.test.junit.AutoTests" name="[108] /home/travis/build/icyphy/ptII/ptolemy/actor/lib/test/auto/Dictionary1.xml (RunModel)" time="0.03" />
  <testcase classname="ptolemy.util.test.junit.AutoTests" name="[109] /home/travis/build/icyphy/ptII/ptolemy/actor/lib/test/auto/Dictionary2.xml (RunModel)" time="0.021" />
  <testcase classname="ptolemy.util.test.junit.AutoTests" name="[110] /home/travis/build/icyphy/ptII/ptolemy/actor/lib/test/auto/Dictionary3.xml (RunModel)" time="0.014" />
  <testcase classname="ptolemy.util.test.junit.AutoTests" name="[111] /home/travis/build/icyphy/ptII/ptolemy/actor/lib/test/auto/Dictionary4.xml (RunModel)" time="0.018" />
  <testcase classname="ptolemy.util.test.junit.AutoTests" name="[112] /home/travis/build/icyphy/ptII/ptolemy/actor/lib/test/auto/Differential.xml (RunModel)" time="0.015" />
  <testcase classname="ptolemy.util.test.junit.AutoTests" name="[113] /home/travis/build/icyphy/ptII/ptolemy/actor/lib/test/auto/Director.xml (RunModel)" time="0.011" />
  <testcase classname="ptolemy.util.test.junit.AutoTests" name="[114] /home/travis/build/icyphy/ptII/ptolemy/actor/lib/test/auto/DiscreteClock.xml (RunModel)" time="0.008" />
  <testcase classname="ptolemy.util.test.junit.AutoTests" name="[115] /home/travis/build/icyphy/ptII/ptolemy/actor/lib/test/auto/DiscreteClock10.xml (RunModel)" time="0.015" />
  <testcase classname="ptolemy.util.test.junit.AutoTests" name="[116] /home/travis/build/icyphy/ptII/ptolemy/actor/lib/test/auto/DiscreteClock11.xml (RunModel)" time="0.014" />
  <testcase classname="ptolemy.util.test.junit.AutoTests" name="[117] /home/travis/build/icyphy/ptII/ptolemy/actor/lib/test/auto/DiscreteClock12.xml (RunModel)" time="0.016" />
  <testcase classname="ptolemy.util.test.junit.AutoTests" name="[118] /home/travis/build/icyphy/ptII/ptolemy/actor/lib/test/auto/DiscreteClock13.xml (RunModel)" time="0.016" />
  <testcase classname="ptolemy.util.test.junit.AutoTests" name="[119] /home/travis/build/icyphy/ptII/ptolemy/actor/lib/test/auto/DiscreteClock14.xml (RunModel)" time="0.015" />
  <testcase classname="ptolemy.util.test.junit.AutoTests" name="[120] /home/travis/build/icyphy/ptII/ptolemy/actor/lib/test/auto/DiscreteClock15.xml (RunModel)" time="0.015" />
  <testcase classname="ptolemy.util.test.junit.AutoTests" name="[121] /home/travis/build/icyphy/ptII/ptolemy/actor/lib/test/auto/DiscreteClock16.xml (RunModel)" time="0.046" />
  <testcase classname="ptolemy.util.test.junit.AutoTests" name="[122] /home/travis/build/icyphy/ptII/ptolemy/actor/lib/test/auto/DiscreteClock17.xml (RunModel)" time="0.045" />
  <testcase classname="ptolemy.util.test.junit.AutoTests" name="[123] /home/travis/build/icyphy/ptII/ptolemy/actor/lib/test/auto/DiscreteClock18.xml (RunModel)" time="0.056" />
  <testcase classname="ptolemy.util.test.junit.AutoTests" name="[124] /home/travis/build/icyphy/ptII/ptolemy/actor/lib/test/auto/DiscreteClock19.xml (RunModel)" time="0.051" />
  <testcase classname="ptolemy.util.test.junit.AutoTests" name="[125] /home/travis/build/icyphy/ptII/ptolemy/actor/lib/test/auto/DiscreteClock2.xml (RunModel)" time="0.013" />
  <testcase classname="ptolemy.util.test.junit.AutoTests" name="[126] /home/travis/build/icyphy/ptII/ptolemy/actor/lib/test/auto/DiscreteClock20.xml (RunModel)" time="0.022" />
  <testcase classname="ptolemy.util.test.junit.AutoTests" name="[127] /home/travis/build/icyphy/ptII/ptolemy/actor/lib/test/auto/DiscreteClock21.xml (RunModel)" time="0.017" />
  <testcase classname="ptolemy.util.test.junit.AutoTests" name="[128] /home/travis/build/icyphy/ptII/ptolemy/actor/lib/test/auto/DiscreteClock22.xml (RunModel)" time="0.015" />
  <testcase classname="ptolemy.util.test.junit.AutoTests" name="[129] /home/travis/build/icyphy/ptII/ptolemy/actor/lib/test/auto/DiscreteClock23.xml (RunModel)" time="0.022" />
  <testcase classname="ptolemy.util.test.junit.AutoTests" name="[130] /home/travis/build/icyphy/ptII/ptolemy/actor/lib/test/auto/DiscreteClock24.xml (RunModel)" time="0.013" />
  <testcase classname="ptolemy.util.test.junit.AutoTests" name="[131] /home/travis/build/icyphy/ptII/ptolemy/actor/lib/test/auto/DiscreteClock4.xml (RunModel)" time="0.013" />
  <testcase classname="ptolemy.util.test.junit.AutoTests" name="[132] /home/travis/build/icyphy/ptII/ptolemy/actor/lib/test/auto/DiscreteClock5.xml (RunModel)" time="0.011" />
  <testcase classname="ptolemy.util.test.junit.AutoTests" name="[133] /home/travis/build/icyphy/ptII/ptolemy/actor/lib/test/auto/DiscreteClock6.xml (RunModel)" time="0.014" />
  <testcase classname="ptolemy.util.test.junit.AutoTests" name="[134] /home/travis/build/icyphy/ptII/ptolemy/actor/lib/test/auto/DiscreteClock7.xml (RunModel)" time="0.011" />
  <testcase classname="ptolemy.util.test.junit.AutoTests" name="[135] /home/travis/build/icyphy/ptII/ptolemy/actor/lib/test/auto/DiscreteClock8.xml (RunModel)" time="0.022" />
  <testcase classname="ptolemy.util.test.junit.AutoTests" name="[136] /home/travis/build/icyphy/ptII/ptolemy/actor/lib/test/auto/DiscreteClock9.xml (RunModel)" time="0.015" />
  <testcase classname="ptolemy.util.test.junit.AutoTests" name="[137] /home/travis/build/icyphy/ptII/ptolemy/actor/lib/test/auto/DisplayArray.xml (RunModel)" time="0.01" />
  <testcase classname="ptolemy.util.test.junit.AutoTests" name="[138] /home/travis/build/icyphy/ptII/ptolemy/actor/lib/test/auto/Distributor.xml (RunModel)" time="0.01" />
  <testcase classname="ptolemy.util.test.junit.AutoTests" name="[139] /home/travis/build/icyphy/ptII/ptolemy/actor/lib/test/auto/Distributor2.xml (RunModel)" time="0.011" />
  <testcase classname="ptolemy.util.test.junit.AutoTests" name="[140] /home/travis/build/icyphy/ptII/ptolemy/actor/lib/test/auto/DownSample.xml (RunModel)" time="0.01" />
  <testcase classname="ptolemy.util.test.junit.AutoTests" name="[141] /home/travis/build/icyphy/ptII/ptolemy/actor/lib/test/auto/ElectronicUnitBase1.xml (RunModel)" time="0.104" />
  <testcase classname="ptolemy.util.test.junit.AutoTests" name="[142] /home/travis/build/icyphy/ptII/ptolemy/actor/lib/test/auto/ElementsToArray.xml (RunModel)" time="0.012" />
  <testcase classname="ptolemy.util.test.junit.AutoTests" name="[143] /home/travis/build/icyphy/ptII/ptolemy/actor/lib/test/auto/Equals.xml (RunModel)" time="0.015" />
  <testcase classname="ptolemy.util.test.junit.AutoTests" name="[144] /home/travis/build/icyphy/ptII/ptolemy/actor/lib/test/auto/Exec.xml (RunModel)" time="0.035" />
  <testcase classname="ptolemy.util.test.junit.AutoTests" name="[145] /home/travis/build/icyphy/ptII/ptolemy/actor/lib/test/auto/ExecEnvironment.xml (RunModel)" time="0.05" />
  <testcase classname="ptolemy.util.test.junit.AutoTests" name="[146] /home/travis/build/icyphy/ptII/ptolemy/actor/lib/test/auto/ExecNonZeroReturnOutput.xml (RunModel)" time="0.216" />
  <testcase classname="ptolemy.util.test.junit.AutoTests" name="[147] /home/travis/build/icyphy/ptII/ptolemy/actor/lib/test/auto/ExecRunDemos.xml (RunModel)" time="11.567">
    <error type="java.lang.reflect.InvocationTargetException">java.lang.reflect.InvocationTargetException
	at jdk.internal.reflect.GeneratedConstructorAccessor36.newInstance(Unknown Source)
	at java.base/jdk.internal.reflect.DelegatingConstructorAccessorImpl.newInstance(DelegatingConstructorAccessorImpl.java:45)
	at java.base/java.lang.reflect.Constructor.newInstance(Constructor.java:490)
	at ptolemy.util.test.junit.AutoTests.RunModel(AutoTests.java:193)
	at jdk.internal.reflect.GeneratedMethodAccessor43.invoke(Unknown Source)
	at java.base/jdk.internal.reflect.DelegatingMethodAccessorImpl.invoke(DelegatingMethodAccessorImpl.java:43)
	at junitparams.internal.InvokeParameterisedMethod.evaluate(InvokeParameterisedMethod.java:102)
Caused by: ptolemy.kernel.util.IllegalActionException: Test fails in iteration 0.
Value was: &quot;WARNING: An illegal reflective access operation has occurred\nWARNING: Illegal reflective access by io.netty.util.internal.ReflectionUtil (file:/home/travis/build/icyphy/ptII/lib/netty-common-4.1.19.Final.jar) to constructor java.nio.DirectByteBuffer(long,int)\nWARNING: Please consider reporting this to the maintainers of io.netty.util.internal.ReflectionUtil\nWARNING: Use --illegal-access=warn to enable warnings of further illegal reflective access operations\nWARNING: All illegal access operations will be denied in a future release\n&quot;. Should have been: &quot;&quot;
  in .ExecRunDemos.Test
	at ptolemy.actor.lib.Test.fire(Test.java:268)
	at ptolemy.actor.AtomicActor.iterate(AtomicActor.java:512)
	at ptolemy.actor.sched.StaticSchedulingDirector.fire(StaticSchedulingDirector.java:216)
	at ptolemy.domains.sdf.kernel.SDFDirector.fire(SDFDirector.java:500)
	at ptolemy.actor.CompositeActor.fire(CompositeActor.java:455)
	at ptolemy.actor.Manager.iterate(Manager.java:851)
	at ptolemy.actor.Manager.execute(Manager.java:369)
	at ptolemy.actor.Manager.run(Manager.java:1263)
	at ptolemy.actor.Manager$PtolemyRunThread.run(Manager.java:1915)
</error>
  </testcase>
  <testcase classname="ptolemy.util.test.junit.AutoTests" name="[148] /home/travis/build/icyphy/ptII/ptolemy/actor/lib/test/auto/ExecStop.xml (RunModel)" time="5.032" />
  <testcase classname="ptolemy.util.test.junit.AutoTests" name="[149] /home/travis/build/icyphy/ptII/ptolemy/actor/lib/test/auto/ExecutionTimeSDF.xml (RunModel)" time="6.032" />
  <testcase classname="ptolemy.util.test.junit.AutoTests" name="[150] /home/travis/build/icyphy/ptII/ptolemy/actor/lib/test/auto/Expression1.xml (RunModel)" time="0.016" />
  <testcase classname="ptolemy.util.test.junit.AutoTests" name="[151] /home/travis/build/icyphy/ptII/ptolemy/actor/lib/test/auto/Expression10.xml (RunModel)" time="0.016" />
  <testcase classname="ptolemy.util.test.junit.AutoTests" name="[152] /home/travis/build/icyphy/ptII/ptolemy/actor/lib/test/auto/Expression11.xml (RunModel)" time="0.012" />
  <testcase classname="ptolemy.util.test.junit.AutoTests" name="[153] /home/travis/build/icyphy/ptII/ptolemy/actor/lib/test/auto/Expression12.xml (RunModel)" time="0.015" />
  <testcase classname="ptolemy.util.test.junit.AutoTests" name="[154] /home/travis/build/icyphy/ptII/ptolemy/actor/lib/test/auto/Expression13.xml (RunModel)" time="0.014" />
  <testcase classname="ptolemy.util.test.junit.AutoTests" name="[155] /home/travis/build/icyphy/ptII/ptolemy/actor/lib/test/auto/Expression14.xml (RunModel)" time="0.02" />
  <testcase classname="ptolemy.util.test.junit.AutoTests" name="[156] /home/travis/build/icyphy/ptII/ptolemy/actor/lib/test/auto/Expression15.xml (RunModel)" time="0.008" />
  <testcase classname="ptolemy.util.test.junit.AutoTests" name="[157] /home/travis/build/icyphy/ptII/ptolemy/actor/lib/test/auto/Expression16.xml (RunModel)" time="0.016" />
  <testcase classname="ptolemy.util.test.junit.AutoTests" name="[158] /home/travis/build/icyphy/ptII/ptolemy/actor/lib/test/auto/Expression17.xml (RunModel)" time="0.012" />
  <testcase classname="ptolemy.util.test.junit.AutoTests" name="[159] /home/travis/build/icyphy/ptII/ptolemy/actor/lib/test/auto/Expression18.xml (RunModel)" time="0.016" />
  <testcase classname="ptolemy.util.test.junit.AutoTests" name="[160] /home/travis/build/icyphy/ptII/ptolemy/actor/lib/test/auto/Expression2.xml (RunModel)" time="0.014" />
  <testcase classname="ptolemy.util.test.junit.AutoTests" name="[161] /home/travis/build/icyphy/ptII/ptolemy/actor/lib/test/auto/Expression3.xml (RunModel)" time="0.015" />
  <testcase classname="ptolemy.util.test.junit.AutoTests" name="[162] /home/travis/build/icyphy/ptII/ptolemy/actor/lib/test/auto/Expression4.xml (RunModel)" time="0.019" />
  <testcase classname="ptolemy.util.test.junit.AutoTests" name="[163] /home/travis/build/icyphy/ptII/ptolemy/actor/lib/test/auto/Expression5.xml (RunModel)" time="0.012" />
  <testcase classname="ptolemy.util.test.junit.AutoTests" name="[164] /home/travis/build/icyphy/ptII/ptolemy/actor/lib/test/auto/Expression6.xml (RunModel)" time="0.01" />
  <testcase classname="ptolemy.util.test.junit.AutoTests" name="[165] /home/travis/build/icyphy/ptII/ptolemy/actor/lib/test/auto/Expression7.xml (RunModel)" time="0.013" />
  <testcase classname="ptolemy.util.test.junit.AutoTests" name="[166] /home/travis/build/icyphy/ptII/ptolemy/actor/lib/test/auto/Expression8.xml (RunModel)" time="0.017" />
  <testcase classname="ptolemy.util.test.junit.AutoTests" name="[167] /home/travis/build/icyphy/ptII/ptolemy/actor/lib/test/auto/Expression9.xml (RunModel)" time="0.009" />
  <testcase classname="ptolemy.util.test.junit.AutoTests" name="[168] /home/travis/build/icyphy/ptII/ptolemy/actor/lib/test/auto/ExpressionConcatenateArrayType.xml (RunModel)" time="0.025" />
  <testcase classname="ptolemy.util.test.junit.AutoTests" name="[169] /home/travis/build/icyphy/ptII/ptolemy/actor/lib/test/auto/ExpressionConcatenateArrayType2.xml (RunModel)" time="0.023" />
  <testcase classname="ptolemy.util.test.junit.AutoTests" name="[170] /home/travis/build/icyphy/ptII/ptolemy/actor/lib/test/auto/ExpressionFix.xml (RunModel)" time="0.045" />
  <testcase classname="ptolemy.util.test.junit.AutoTests" name="[171] /home/travis/build/icyphy/ptII/ptolemy/actor/lib/test/auto/ExpressionFix2.xml (RunModel)" time="0.015" />
  <testcase classname="ptolemy.util.test.junit.AutoTests" name="[172] /home/travis/build/icyphy/ptII/ptolemy/actor/lib/test/auto/ExpressionFix3.xml (RunModel)" time="0.013" />
  <testcase classname="ptolemy.util.test.junit.AutoTests" name="[173] /home/travis/build/icyphy/ptII/ptolemy/actor/lib/test/auto/FileWriter1.xml (RunModel)" time="0.014" />
  <testcase classname="ptolemy.util.test.junit.AutoTests" name="[174] /home/travis/build/icyphy/ptII/ptolemy/actor/lib/test/auto/FileWriter2.xml (RunModel)" time="0.011" />
  <testcase classname="ptolemy.util.test.junit.AutoTests" name="[175] /home/travis/build/icyphy/ptII/ptolemy/actor/lib/test/auto/FileWriter3.xml (RunModel)" time="0.014" />
  <testcase classname="ptolemy.util.test.junit.AutoTests" name="[176] /home/travis/build/icyphy/ptII/ptolemy/actor/lib/test/auto/Gaussian.xml (RunModel)" time="0.011" />
  <testcase classname="ptolemy.util.test.junit.AutoTests" name="[177] /home/travis/build/icyphy/ptII/ptolemy/actor/lib/test/auto/Gaussian1.xml (RunModel)" time="0.013" />
  <testcase classname="ptolemy.util.test.junit.AutoTests" name="[178] /home/travis/build/icyphy/ptII/ptolemy/actor/lib/test/auto/Gaussian2.xml (RunModel)" time="0.016" />
  <testcase classname="ptolemy.util.test.junit.AutoTests" name="[179] /home/travis/build/icyphy/ptII/ptolemy/actor/lib/test/auto/GradientAdaptiveLattice.xml (RunModel)" time="0.022" />
  <testcase classname="ptolemy.util.test.junit.AutoTests" name="[180] /home/travis/build/icyphy/ptII/ptolemy/actor/lib/test/auto/IIR.xml (RunModel)" time="0.014" />
  <testcase classname="ptolemy.util.test.junit.AutoTests" name="[181] /home/travis/build/icyphy/ptII/ptolemy/actor/lib/test/auto/InputOutputTransparentPorts.xml (RunModel)" time="0.019" />
  <testcase classname="ptolemy.util.test.junit.AutoTests" name="[182] /home/travis/build/icyphy/ptII/ptolemy/actor/lib/test/auto/Interpolator.xml (RunModel)" time="0.014" />
  <testcase classname="ptolemy.util.test.junit.AutoTests" name="[183] /home/travis/build/icyphy/ptII/ptolemy/actor/lib/test/auto/InterpolatorFiringLimitDE.xml (RunModel)" time="0.015" />
  <testcase classname="ptolemy.util.test.junit.AutoTests" name="[184] /home/travis/build/icyphy/ptII/ptolemy/actor/lib/test/auto/Lattice.xml (RunModel)" time="0.008" />
  <testcase classname="ptolemy.util.test.junit.AutoTests" name="[185] /home/travis/build/icyphy/ptII/ptolemy/actor/lib/test/auto/LazyAOCTestLazy.xml (RunModel)" time="0.039" />
  <testcase classname="ptolemy.util.test.junit.AutoTests" name="[186] /home/travis/build/icyphy/ptII/ptolemy/actor/lib/test/auto/LazyAOCTestNonLazy.xml (RunModel)" time="0.047" />
  <testcase classname="ptolemy.util.test.junit.AutoTests" name="[187] /home/travis/build/icyphy/ptII/ptolemy/actor/lib/test/auto/LazyInnerClass.xml (RunModel)" time="0.051" />
  <testcase classname="ptolemy.util.test.junit.AutoTests" name="[188] /home/travis/build/icyphy/ptII/ptolemy/actor/lib/test/auto/LazyPubSub.xml (RunModel)" time="0.047" />
  <testcase classname="ptolemy.util.test.junit.AutoTests" name="[189] /home/travis/build/icyphy/ptII/ptolemy/actor/lib/test/auto/LazyPubSub2.xml (RunModel)" time="0.065" />
  <testcase classname="ptolemy.util.test.junit.AutoTests" name="[190] /home/travis/build/icyphy/ptII/ptolemy/actor/lib/test/auto/LazyPubSub3.xml (RunModel)" time="0.034" />
  <testcase classname="ptolemy.util.test.junit.AutoTests" name="[191] /home/travis/build/icyphy/ptII/ptolemy/actor/lib/test/auto/LazySubClassModel.xml (RunModel)" time="0.025" />
  <testcase classname="ptolemy.util.test.junit.AutoTests" name="[192] /home/travis/build/icyphy/ptII/ptolemy/actor/lib/test/auto/LevelCrossTest1.xml (RunModel)" time="0.026" />
  <testcase classname="ptolemy.util.test.junit.AutoTests" name="[193] /home/travis/build/icyphy/ptII/ptolemy/actor/lib/test/auto/LevelCrossTest10.xml (RunModel)" time="0.018" />
  <testcase classname="ptolemy.util.test.junit.AutoTests" name="[194] /home/travis/build/icyphy/ptII/ptolemy/actor/lib/test/auto/LevelCrossTest11.xml (RunModel)" time="0.018" />
  <testcase classname="ptolemy.util.test.junit.AutoTests" name="[195] /home/travis/build/icyphy/ptII/ptolemy/actor/lib/test/auto/LevelCrossTest12.xml (RunModel)" time="0.023" />
  <testcase classname="ptolemy.util.test.junit.AutoTests" name="[196] /home/travis/build/icyphy/ptII/ptolemy/actor/lib/test/auto/LevelCrossTest13.xml (RunModel)" time="0.014" />
  <testcase classname="ptolemy.util.test.junit.AutoTests" name="[197] /home/travis/build/icyphy/ptII/ptolemy/actor/lib/test/auto/LevelCrossTest2.xml (RunModel)" time="0.012" />
  <testcase classname="ptolemy.util.test.junit.AutoTests" name="[198] /home/travis/build/icyphy/ptII/ptolemy/actor/lib/test/auto/LevelCrossTest3.xml (RunModel)" time="0.012" />
  <testcase classname="ptolemy.util.test.junit.AutoTests" name="[199] /home/travis/build/icyphy/ptII/ptolemy/actor/lib/test/auto/LevelCrossTest4.xml (RunModel)" time="0.012" />
  <testcase classname="ptolemy.util.test.junit.AutoTests" name="[200] /home/travis/build/icyphy/ptII/ptolemy/actor/lib/test/auto/LevelCrossTest5.xml (RunModel)" time="0.015" />
  <testcase classname="ptolemy.util.test.junit.AutoTests" name="[201] /home/travis/build/icyphy/ptII/ptolemy/actor/lib/test/auto/LevelCrossTest6.xml (RunModel)" time="0.016" />
  <testcase classname="ptolemy.util.test.junit.AutoTests" name="[202] /home/travis/build/icyphy/ptII/ptolemy/actor/lib/test/auto/LevelCrossTest7.xml (RunModel)" time="0.023" />
  <testcase classname="ptolemy.util.test.junit.AutoTests" name="[203] /home/travis/build/icyphy/ptII/ptolemy/actor/lib/test/auto/LevelCrossTest8.xml (RunModel)" time="0.015" />
  <testcase classname="ptolemy.util.test.junit.AutoTests" name="[204] /home/travis/build/icyphy/ptII/ptolemy/actor/lib/test/auto/LevelCrossTest9.xml (RunModel)" time="0.015" />
  <testcase classname="ptolemy.util.test.junit.AutoTests" name="[205] /home/travis/build/icyphy/ptII/ptolemy/actor/lib/test/auto/LevinsonDurbin.xml (RunModel)" time="0.01" />
  <testcase classname="ptolemy.util.test.junit.AutoTests" name="[206] /home/travis/build/icyphy/ptII/ptolemy/actor/lib/test/auto/LevinsonDurbin2.xml (RunModel)" time="0.008" />
  <testcase classname="ptolemy.util.test.junit.AutoTests" name="[207] /home/travis/build/icyphy/ptII/ptolemy/actor/lib/test/auto/LevinsonDurbin3.xml (RunModel)" time="0.012" />
  <testcase classname="ptolemy.util.test.junit.AutoTests" name="[208] /home/travis/build/icyphy/ptII/ptolemy/actor/lib/test/auto/Limiter.xml (RunModel)" time="0.043" />
  <testcase classname="ptolemy.util.test.junit.AutoTests" name="[209] /home/travis/build/icyphy/ptII/ptolemy/actor/lib/test/auto/LinearDifferenceEquationSystem.xml (RunModel)" time="0.023" />
  <testcase classname="ptolemy.util.test.junit.AutoTests" name="[210] /home/travis/build/icyphy/ptII/ptolemy/actor/lib/test/auto/LookupTable.xml (RunModel)" time="0.011" />
  <testcase classname="ptolemy.util.test.junit.AutoTests" name="[211] /home/travis/build/icyphy/ptII/ptolemy/actor/lib/test/auto/MathFunction.xml (RunModel)" time="0.022" />
  <testcase classname="ptolemy.util.test.junit.AutoTests" name="[212] /home/travis/build/icyphy/ptII/ptolemy/actor/lib/test/auto/MathFunction2.xml (RunModel)" time="0.018" />
  <testcase classname="ptolemy.util.test.junit.AutoTests" name="[213] /home/travis/build/icyphy/ptII/ptolemy/actor/lib/test/auto/MathFunction3.xml (RunModel)" time="0.034" />
  <testcase classname="ptolemy.util.test.junit.AutoTests" name="[214] /home/travis/build/icyphy/ptII/ptolemy/actor/lib/test/auto/MatrixCropBoolean.xml (RunModel)" time="0.014" />
  <testcase classname="ptolemy.util.test.junit.AutoTests" name="[215] /home/travis/build/icyphy/ptII/ptolemy/actor/lib/test/auto/MatrixCropComplex.xml (RunModel)" time="0.012" />
  <testcase classname="ptolemy.util.test.junit.AutoTests" name="[216] /home/travis/build/icyphy/ptII/ptolemy/actor/lib/test/auto/MatrixCropDouble.xml (RunModel)" time="0.011" />
  <testcase classname="ptolemy.util.test.junit.AutoTests" name="[217] /home/travis/build/icyphy/ptII/ptolemy/actor/lib/test/auto/MatrixCropFix.xml (RunModel)" time="0.016" />
  <testcase classname="ptolemy.util.test.junit.AutoTests" name="[218] /home/travis/build/icyphy/ptII/ptolemy/actor/lib/test/auto/MatrixCropInt.xml (RunModel)" time="0.017" />
  <testcase classname="ptolemy.util.test.junit.AutoTests" name="[219] /home/travis/build/icyphy/ptII/ptolemy/actor/lib/test/auto/MatrixCropLong.xml (RunModel)" time="0.012" />
  <testcase classname="ptolemy.util.test.junit.AutoTests" name="[220] /home/travis/build/icyphy/ptII/ptolemy/actor/lib/test/auto/MatrixToArray.xml (RunModel)" time="0.06" />
  <testcase classname="ptolemy.util.test.junit.AutoTests" name="[221] /home/travis/build/icyphy/ptII/ptolemy/actor/lib/test/auto/MaxIndex.xml (RunModel)" time="0.012" />
  <testcase classname="ptolemy.util.test.junit.AutoTests" name="[222] /home/travis/build/icyphy/ptII/ptolemy/actor/lib/test/auto/Maximum.xml (RunModel)" time="0.019" />
  <testcase classname="ptolemy.util.test.junit.AutoTests" name="[223] /home/travis/build/icyphy/ptII/ptolemy/actor/lib/test/auto/MaximumComplex.xml (RunModel)" time="0.015" />
  <testcase classname="ptolemy.util.test.junit.AutoTests" name="[224] /home/travis/build/icyphy/ptII/ptolemy/actor/lib/test/auto/MethodCallTest.xml (RunModel)" time="0.037" />
  <testcase classname="ptolemy.util.test.junit.AutoTests" name="[225] /home/travis/build/icyphy/ptII/ptolemy/actor/lib/test/auto/Minimum.xml (RunModel)" time="0.012" />
  <testcase classname="ptolemy.util.test.junit.AutoTests" name="[226] /home/travis/build/icyphy/ptII/ptolemy/actor/lib/test/auto/MinimumComplex.xml (RunModel)" time="0.024" />
  <testcase classname="ptolemy.util.test.junit.AutoTests" name="[227] /home/travis/build/icyphy/ptII/ptolemy/actor/lib/test/auto/MinimumMultiports.xml (RunModel)" time="0.022" />
  <testcase classname="ptolemy.util.test.junit.AutoTests" name="[228] /home/travis/build/icyphy/ptII/ptolemy/actor/lib/test/auto/ModifyDate.xml (RunModel)" time="0.04" />
  <testcase classname="ptolemy.util.test.junit.AutoTests" name="[229] /home/travis/build/icyphy/ptII/ptolemy/actor/lib/test/auto/ModifyDate2.xml (RunModel)" time="0.037" />
  <testcase classname="ptolemy.util.test.junit.AutoTests" name="[230] /home/travis/build/icyphy/ptII/ptolemy/actor/lib/test/auto/MovingAverage.xml (RunModel)" time="0.011" />
  <testcase classname="ptolemy.util.test.junit.AutoTests" name="[231] /home/travis/build/icyphy/ptII/ptolemy/actor/lib/test/auto/MovingMaximum.xml (RunModel)" time="0.011" />
  <testcase classname="ptolemy.util.test.junit.AutoTests" name="[232] /home/travis/build/icyphy/ptII/ptolemy/actor/lib/test/auto/MultipleLinksToSameRelation.xml (RunModel)" time="0.01" />
  <testcase classname="ptolemy.util.test.junit.AutoTests" name="[233] /home/travis/build/icyphy/ptII/ptolemy/actor/lib/test/auto/MultipleLinksToSameRelationDE.xml (RunModel)" time="0.016" />
  <testcase classname="ptolemy.util.test.junit.AutoTests" name="[234] /home/travis/build/icyphy/ptII/ptolemy/actor/lib/test/auto/Multiplexor.xml (RunModel)" time="0.014" />
  <testcase classname="ptolemy.util.test.junit.AutoTests" name="[235] /home/travis/build/icyphy/ptII/ptolemy/actor/lib/test/auto/Multiplexor1.xml (RunModel)" time="0.012" />
  <testcase classname="ptolemy.util.test.junit.AutoTests" name="[236] /home/travis/build/icyphy/ptII/ptolemy/actor/lib/test/auto/Multiplexor2.xml (RunModel)" time="0.013" />
  <testcase classname="ptolemy.util.test.junit.AutoTests" name="[237] /home/travis/build/icyphy/ptII/ptolemy/actor/lib/test/auto/Multiplexor3.xml (RunModel)" time="0.008" />
  <testcase classname="ptolemy.util.test.junit.AutoTests" name="[238] /home/travis/build/icyphy/ptII/ptolemy/actor/lib/test/auto/MultiplexorDE.xml (RunModel)" time="0.018" />
  <testcase classname="ptolemy.util.test.junit.AutoTests" name="[239] /home/travis/build/icyphy/ptII/ptolemy/actor/lib/test/auto/MultiportBroadcastTest.xml (RunModel)" time="0.109" />
  <testcase classname="ptolemy.util.test.junit.AutoTests" name="[240] /home/travis/build/icyphy/ptII/ptolemy/actor/lib/test/auto/MultiportOutHangDuringGetWidth.xml (RunModel)" time="0.035" />
  <testcase classname="ptolemy.util.test.junit.AutoTests" name="[241] /home/travis/build/icyphy/ptII/ptolemy/actor/lib/test/auto/NilToken.xml (RunModel)" time="0.012" />
  <testcase classname="ptolemy.util.test.junit.AutoTests" name="[242] /home/travis/build/icyphy/ptII/ptolemy/actor/lib/test/auto/NilTokenNonStrictTest.xml (RunModel)" time="0.013" />
  <testcase classname="ptolemy.util.test.junit.AutoTests" name="[243] /home/travis/build/icyphy/ptII/ptolemy/actor/lib/test/auto/NilTokenRecord.xml (RunModel)" time="0.03" />
  <testcase classname="ptolemy.util.test.junit.AutoTests" name="[244] /home/travis/build/icyphy/ptII/ptolemy/actor/lib/test/auto/NilTokenTypeTest.xml (RunModel)" time="0.03" />
  <testcase classname="ptolemy.util.test.junit.AutoTests" name="[245] /home/travis/build/icyphy/ptII/ptolemy/actor/lib/test/auto/ObjectToken1.xml (RunModel)" time="0.008" />
  <testcase classname="ptolemy.util.test.junit.AutoTests" name="[246] /home/travis/build/icyphy/ptII/ptolemy/actor/lib/test/auto/OrderedMerge.xml (RunModel)" time="0.019" />
  <testcase classname="ptolemy.util.test.junit.AutoTests" name="[247] /home/travis/build/icyphy/ptII/ptolemy/actor/lib/test/auto/OrderedRecordDisassembler.xml (RunModel)" time="0.021" />
  <testcase classname="ptolemy.util.test.junit.AutoTests" name="[248] /home/travis/build/icyphy/ptII/ptolemy/actor/lib/test/auto/OrderedRecordDisassembler2.xml (RunModel)" time="0.02" />
  <testcase classname="ptolemy.util.test.junit.AutoTests" name="[249] /home/travis/build/icyphy/ptII/ptolemy/actor/lib/test/auto/OrderedRecordUpdater.xml (RunModel)" time="0.01" />
  <testcase classname="ptolemy.util.test.junit.AutoTests" name="[250] /home/travis/build/icyphy/ptII/ptolemy/actor/lib/test/auto/OrderedRecordUpdater2.xml (RunModel)" time="0.023" />
  <testcase classname="ptolemy.util.test.junit.AutoTests" name="[251] /home/travis/build/icyphy/ptII/ptolemy/actor/lib/test/auto/PhaseUnwrap.xml (RunModel)" time="0.014" />
  <testcase classname="ptolemy.util.test.junit.AutoTests" name="[252] /home/travis/build/icyphy/ptII/ptolemy/actor/lib/test/auto/PoissonClock.xml (RunModel)" time="0.011" />
  <testcase classname="ptolemy.util.test.junit.AutoTests" name="[253] /home/travis/build/icyphy/ptII/ptolemy/actor/lib/test/auto/PoissonClock2.xml (RunModel)" time="0.009" />
  <testcase classname="ptolemy.util.test.junit.AutoTests" name="[254] /home/travis/build/icyphy/ptII/ptolemy/actor/lib/test/auto/PoissonClock3.xml (RunModel)" time="0.025" />
  <testcase classname="ptolemy.util.test.junit.AutoTests" name="[255] /home/travis/build/icyphy/ptII/ptolemy/actor/lib/test/auto/PubSubWithInitialTokens.xml (RunModel)" time="0.015" />
  <testcase classname="ptolemy.util.test.junit.AutoTests" name="[256] /home/travis/build/icyphy/ptII/ptolemy/actor/lib/test/auto/PubSubWithInitialTokens2.xml (RunModel)" time="0.016" />
  <testcase classname="ptolemy.util.test.junit.AutoTests" name="[257] /home/travis/build/icyphy/ptII/ptolemy/actor/lib/test/auto/PublisherClassNoParameter.xml (RunModel)" time="0.029" />
  <testcase classname="ptolemy.util.test.junit.AutoTests" name="[258] /home/travis/build/icyphy/ptII/ptolemy/actor/lib/test/auto/PublisherClassParameter.xml (RunModel)" time="0.024" />
  <testcase classname="ptolemy.util.test.junit.AutoTests" name="[259] /home/travis/build/icyphy/ptII/ptolemy/actor/lib/test/auto/PublisherNonStrictTest.xml (RunModel)" time="0.017" />
  <testcase classname="ptolemy.util.test.junit.AutoTests" name="[260] /home/travis/build/icyphy/ptII/ptolemy/actor/lib/test/auto/PublisherPort1.xml (RunModel)" time="0.016" />
  <testcase classname="ptolemy.util.test.junit.AutoTests" name="[261] /home/travis/build/icyphy/ptII/ptolemy/actor/lib/test/auto/PublisherPort2.xml (RunModel)" time="0.019" />
  <testcase classname="ptolemy.util.test.junit.AutoTests" name="[262] /home/travis/build/icyphy/ptII/ptolemy/actor/lib/test/auto/PublisherPort3.xml (RunModel)" time="0.015" />
  <testcase classname="ptolemy.util.test.junit.AutoTests" name="[263] /home/travis/build/icyphy/ptII/ptolemy/actor/lib/test/auto/PublisherPort4.xml (RunModel)" time="0.013" />
  <testcase classname="ptolemy.util.test.junit.AutoTests" name="[264] /home/travis/build/icyphy/ptII/ptolemy/actor/lib/test/auto/PublisherPort5.xml (RunModel)" time="0.015" />
  <testcase classname="ptolemy.util.test.junit.AutoTests" name="[265] /home/travis/build/icyphy/ptII/ptolemy/actor/lib/test/auto/PublisherPort5LookAlike.xml (RunModel)" time="0.019" />
  <testcase classname="ptolemy.util.test.junit.AutoTests" name="[266] /home/travis/build/icyphy/ptII/ptolemy/actor/lib/test/auto/PublisherPort6.xml (RunModel)" time="0.013" />
  <testcase classname="ptolemy.util.test.junit.AutoTests" name="[267] /home/travis/build/icyphy/ptII/ptolemy/actor/lib/test/auto/PublisherPort7.xml (RunModel)" time="0.015" />
  <testcase classname="ptolemy.util.test.junit.AutoTests" name="[268] /home/travis/build/icyphy/ptII/ptolemy/actor/lib/test/auto/PublisherPort8.xml (RunModel)" time="0.019" />
  <testcase classname="ptolemy.util.test.junit.AutoTests" name="[269] /home/travis/build/icyphy/ptII/ptolemy/actor/lib/test/auto/PublisherPortSubscriberChannelVariablesAOC2.xml (RunModel)" time="0.044" />
  <testcase classname="ptolemy.util.test.junit.AutoTests" name="[270] /home/travis/build/icyphy/ptII/ptolemy/actor/lib/test/auto/PublisherPortSubscriberOpaqueWidthInference.xml (RunModel)" time="0.017" />
  <testcase classname="ptolemy.util.test.junit.AutoTests" name="[271] /home/travis/build/icyphy/ptII/ptolemy/actor/lib/test/auto/PublisherPortSubscriberPortAdjacent.xml (RunModel)" time="0.021" />
  <testcase classname="ptolemy.util.test.junit.AutoTests" name="[272] /home/travis/build/icyphy/ptII/ptolemy/actor/lib/test/auto/PublisherPortSubscriberPortExpression.xml (RunModel)" time="0.019" />
  <testcase classname="ptolemy.util.test.junit.AutoTests" name="[273] /home/travis/build/icyphy/ptII/ptolemy/actor/lib/test/auto/PublisherPortSubscriberPortOpaqueD3Reverse.xml (RunModel)" time="0.022" />
  <testcase classname="ptolemy.util.test.junit.AutoTests" name="[274] /home/travis/build/icyphy/ptII/ptolemy/actor/lib/test/auto/PublisherPortSubscriberPortOpaqueWidthInference.xml (RunModel)" time="0.016" />
  <testcase classname="ptolemy.util.test.junit.AutoTests" name="[275] /home/travis/build/icyphy/ptII/ptolemy/actor/lib/test/auto/PublisherPortToplevelSubscriberPortAOC.xml (RunModel)" time="0.029" />
  <testcase classname="ptolemy.util.test.junit.AutoTests" name="[276] /home/travis/build/icyphy/ptII/ptolemy/actor/lib/test/auto/PublisherSubscriber.xml (RunModel)" time="0.013" />
  <testcase classname="ptolemy.util.test.junit.AutoTests" name="[277] /home/travis/build/icyphy/ptII/ptolemy/actor/lib/test/auto/PublisherSubscriber10.xml (RunModel)" time="0.024" />
  <testcase classname="ptolemy.util.test.junit.AutoTests" name="[278] /home/travis/build/icyphy/ptII/ptolemy/actor/lib/test/auto/PublisherSubscriber10InitialOutputs.xml (RunModel)" time="0.038" />
  <testcase classname="ptolemy.util.test.junit.AutoTests" name="[279] /home/travis/build/icyphy/ptII/ptolemy/actor/lib/test/auto/PublisherSubscriber11.xml (RunModel)" time="0.029" />
  <testcase classname="ptolemy.util.test.junit.AutoTests" name="[280] /home/travis/build/icyphy/ptII/ptolemy/actor/lib/test/auto/PublisherSubscriber12.xml (RunModel)" time="0.025" />
  <testcase classname="ptolemy.util.test.junit.AutoTests" name="[281] /home/travis/build/icyphy/ptII/ptolemy/actor/lib/test/auto/PublisherSubscriber13.xml (RunModel)" time="0.011" />
  <testcase classname="ptolemy.util.test.junit.AutoTests" name="[282] /home/travis/build/icyphy/ptII/ptolemy/actor/lib/test/auto/PublisherSubscriber14.xml (RunModel)" time="0.02" />
  <testcase classname="ptolemy.util.test.junit.AutoTests" name="[283] /home/travis/build/icyphy/ptII/ptolemy/actor/lib/test/auto/PublisherSubscriber2.xml (RunModel)" time="0.012" />
  <testcase classname="ptolemy.util.test.junit.AutoTests" name="[284] /home/travis/build/icyphy/ptII/ptolemy/actor/lib/test/auto/PublisherSubscriber3.xml (RunModel)" time="0.011" />
  <testcase classname="ptolemy.util.test.junit.AutoTests" name="[285] /home/travis/build/icyphy/ptII/ptolemy/actor/lib/test/auto/PublisherSubscriber4.xml (RunModel)" time="0.01" />
  <testcase classname="ptolemy.util.test.junit.AutoTests" name="[286] /home/travis/build/icyphy/ptII/ptolemy/actor/lib/test/auto/PublisherSubscriber5.xml (RunModel)" time="0.014" />
  <testcase classname="ptolemy.util.test.junit.AutoTests" name="[287] /home/travis/build/icyphy/ptII/ptolemy/actor/lib/test/auto/PublisherSubscriber6.xml (RunModel)" time="0.016" />
  <testcase classname="ptolemy.util.test.junit.AutoTests" name="[288] /home/travis/build/icyphy/ptII/ptolemy/actor/lib/test/auto/PublisherSubscriber7.xml (RunModel)" time="0.019" />
  <testcase classname="ptolemy.util.test.junit.AutoTests" name="[289] /home/travis/build/icyphy/ptII/ptolemy/actor/lib/test/auto/PublisherSubscriber8.xml (RunModel)" time="0.042" />
  <testcase classname="ptolemy.util.test.junit.AutoTests" name="[290] /home/travis/build/icyphy/ptII/ptolemy/actor/lib/test/auto/PublisherSubscriber9.xml (RunModel)" time="0.022" />
  <testcase classname="ptolemy.util.test.junit.AutoTests" name="[291] /home/travis/build/icyphy/ptII/ptolemy/actor/lib/test/auto/PublisherSubscriberAdjacent.xml (RunModel)" time="0.019" />
  <testcase classname="ptolemy.util.test.junit.AutoTests" name="[292] /home/travis/build/icyphy/ptII/ptolemy/actor/lib/test/auto/PublisherSubscriberChannelVariablesAOC2.xml (RunModel)" time="0.029" />
  <testcase classname="ptolemy.util.test.junit.AutoTests" name="[293] /home/travis/build/icyphy/ptII/ptolemy/actor/lib/test/auto/PublisherSubscriberD3.xml (RunModel)" time="0.014" />
  <testcase classname="ptolemy.util.test.junit.AutoTests" name="[294] /home/travis/build/icyphy/ptII/ptolemy/actor/lib/test/auto/PublisherSubscriberD3Reverse.xml (RunModel)" time="0.012" />
  <testcase classname="ptolemy.util.test.junit.AutoTests" name="[295] /home/travis/build/icyphy/ptII/ptolemy/actor/lib/test/auto/PublisherSubscriberExpression.xml (RunModel)" time="0.017" />
  <testcase classname="ptolemy.util.test.junit.AutoTests" name="[296] /home/travis/build/icyphy/ptII/ptolemy/actor/lib/test/auto/PublisherSubscriberOpaque.xml (RunModel)" time="0.016" />
  <testcase classname="ptolemy.util.test.junit.AutoTests" name="[297] /home/travis/build/icyphy/ptII/ptolemy/actor/lib/test/auto/PublisherSubscriberOpaqueD3.xml (RunModel)" time="0.022" />
  <testcase classname="ptolemy.util.test.junit.AutoTests" name="[298] /home/travis/build/icyphy/ptII/ptolemy/actor/lib/test/auto/PublisherSubscriberOpaqueD3Reverse.xml (RunModel)" time="0.021" />
  <testcase classname="ptolemy.util.test.junit.AutoTests" name="[299] /home/travis/build/icyphy/ptII/ptolemy/actor/lib/test/auto/PublisherSubscriberOpaqueWidthInference.xml (RunModel)" time="0.017" />
  <testcase classname="ptolemy.util.test.junit.AutoTests" name="[300] /home/travis/build/icyphy/ptII/ptolemy/actor/lib/test/auto/PublisherTestSubscriber.xml (RunModel)" time="0.016" />
  <testcase classname="ptolemy.util.test.junit.AutoTests" name="[301] /home/travis/build/icyphy/ptII/ptolemy/actor/lib/test/auto/PublisherToplevelSubscriberPortAOC.xml (RunModel)" time="0.012" />
  <testcase classname="ptolemy.util.test.junit.AutoTests" name="[302] /home/travis/build/icyphy/ptII/ptolemy/actor/lib/test/auto/PulseFiringLimitDE.xml (RunModel)" time="0.016" />
  <testcase classname="ptolemy.util.test.junit.AutoTests" name="[303] /home/travis/build/icyphy/ptII/ptolemy/actor/lib/test/auto/Ramp1.xml (RunModel)" time="0.008" />
  <testcase classname="ptolemy.util.test.junit.AutoTests" name="[304] /home/travis/build/icyphy/ptII/ptolemy/actor/lib/test/auto/RampFiringLimitDE.xml (RunModel)" time="0.011" />
  <testcase classname="ptolemy.util.test.junit.AutoTests" name="[305] /home/travis/build/icyphy/ptII/ptolemy/actor/lib/test/auto/RampFiringLimitSDF.xml (RunModel)" time="0.012" />
  <testcase classname="ptolemy.util.test.junit.AutoTests" name="[306] /home/travis/build/icyphy/ptII/ptolemy/actor/lib/test/auto/RandomInteger.xml (RunModel)" time="0.009" />
  <testcase classname="ptolemy.util.test.junit.AutoTests" name="[307] /home/travis/build/icyphy/ptII/ptolemy/actor/lib/test/auto/ReadFile1.xml (RunModel)" time="0.008" />
  <testcase classname="ptolemy.util.test.junit.AutoTests" name="[308] /home/travis/build/icyphy/ptII/ptolemy/actor/lib/test/auto/ReadFile2.xml (RunModel)" time="0.008" />
  <testcase classname="ptolemy.util.test.junit.AutoTests" name="[309] /home/travis/build/icyphy/ptII/ptolemy/actor/lib/test/auto/Reader.xml (RunModel)" time="0.013" />
  <testcase classname="ptolemy.util.test.junit.AutoTests" name="[310] /home/travis/build/icyphy/ptII/ptolemy/actor/lib/test/auto/RecordAssemblerDisplayNameTest.xml (RunModel)" time="3.444" />
  <testcase classname="ptolemy.util.test.junit.AutoTests" name="[311] /home/travis/build/icyphy/ptII/ptolemy/actor/lib/test/auto/RecordAssemblerTypeError.xml (RunModel)" time="0.03" />
  <testcase classname="ptolemy.util.test.junit.AutoTests" name="[312] /home/travis/build/icyphy/ptII/ptolemy/actor/lib/test/auto/RecordDisassember.xml (RunModel)" time="0.01" />
  <testcase classname="ptolemy.util.test.junit.AutoTests" name="[313] /home/travis/build/icyphy/ptII/ptolemy/actor/lib/test/auto/RecordDisassemberDisplayNameTest.xml (RunModel)" time="0.02" />
  <testcase classname="ptolemy.util.test.junit.AutoTests" name="[314] /home/travis/build/icyphy/ptII/ptolemy/actor/lib/test/auto/RecordDisassembler.xml (RunModel)" time="0.011" />
  <testcase classname="ptolemy.util.test.junit.AutoTests" name="[315] /home/travis/build/icyphy/ptII/ptolemy/actor/lib/test/auto/RecordDisassembler2.xml (RunModel)" time="0.01" />
  <testcase classname="ptolemy.util.test.junit.AutoTests" name="[316] /home/travis/build/icyphy/ptII/ptolemy/actor/lib/test/auto/RecordUpdater.xml (RunModel)" time="0.01" />
  <testcase classname="ptolemy.util.test.junit.AutoTests" name="[317] /home/travis/build/icyphy/ptII/ptolemy/actor/lib/test/auto/RecordUpdater2.xml (RunModel)" time="0.009" />
  <testcase classname="ptolemy.util.test.junit.AutoTests" name="[318] /home/travis/build/icyphy/ptII/ptolemy/actor/lib/test/auto/RecursiveLattice.xml (RunModel)" time="0.009" />
  <testcase classname="ptolemy.util.test.junit.AutoTests" name="[319] /home/travis/build/icyphy/ptII/ptolemy/actor/lib/test/auto/Router.xml (RunModel)" time="3.023" />
  <testcase classname="ptolemy.util.test.junit.AutoTests" name="[320] /home/travis/build/icyphy/ptII/ptolemy/actor/lib/test/auto/Router2.xml (RunModel)" time="3.023" />
  <testcase classname="ptolemy.util.test.junit.AutoTests" name="[321] /home/travis/build/icyphy/ptII/ptolemy/actor/lib/test/auto/RunningMaximum.xml (RunModel)" time="0.023" />
  <testcase classname="ptolemy.util.test.junit.AutoTests" name="[322] /home/travis/build/icyphy/ptII/ptolemy/actor/lib/test/auto/RunningMinimum.xml (RunModel)" time="0.024" />
  <testcase classname="ptolemy.util.test.junit.AutoTests" name="[323] /home/travis/build/icyphy/ptII/ptolemy/actor/lib/test/auto/Scale.xml (RunModel)" time="0.025" />
  <testcase classname="ptolemy.util.test.junit.AutoTests" name="[324] /home/travis/build/icyphy/ptII/ptolemy/actor/lib/test/auto/Scale2.xml (RunModel)" time="0.01" />
  <testcase classname="ptolemy.util.test.junit.AutoTests" name="[325] /home/travis/build/icyphy/ptII/ptolemy/actor/lib/test/auto/Scale3.xml (RunModel)" time="0.018" />
  <testcase classname="ptolemy.util.test.junit.AutoTests" name="[326] /home/travis/build/icyphy/ptII/ptolemy/actor/lib/test/auto/ScaleArray.xml (RunModel)" time="0.007" />
  <testcase classname="ptolemy.util.test.junit.AutoTests" name="[327] /home/travis/build/icyphy/ptII/ptolemy/actor/lib/test/auto/ScaleArray2.xml (RunModel)" time="0.009" />
  <testcase classname="ptolemy.util.test.junit.AutoTests" name="[328] /home/travis/build/icyphy/ptII/ptolemy/actor/lib/test/auto/ScaleMatrix.xml (RunModel)" time="0.173" />
  <testcase classname="ptolemy.util.test.junit.AutoTests" name="[329] /home/travis/build/icyphy/ptII/ptolemy/actor/lib/test/auto/Select.xml (RunModel)" time="0.014" />
  <testcase classname="ptolemy.util.test.junit.AutoTests" name="[330] /home/travis/build/icyphy/ptII/ptolemy/actor/lib/test/auto/Select2.xml (RunModel)" time="0.009" />
  <testcase classname="ptolemy.util.test.junit.AutoTests" name="[331] /home/travis/build/icyphy/ptII/ptolemy/actor/lib/test/auto/SequenceToArray2.xml (RunModel)" time="0.129" />
  <testcase classname="ptolemy.util.test.junit.AutoTests" name="[332] /home/travis/build/icyphy/ptII/ptolemy/actor/lib/test/auto/SequentialClock.xml (RunModel)" time="0.017" />
  <testcase classname="ptolemy.util.test.junit.AutoTests" name="[333] /home/travis/build/icyphy/ptII/ptolemy/actor/lib/test/auto/SetVariable.xml (RunModel)" time="0.011" />
  <testcase classname="ptolemy.util.test.junit.AutoTests" name="[334] /home/travis/build/icyphy/ptII/ptolemy/actor/lib/test/auto/SetVariable2.xml (RunModel)" time="0.01" />
  <testcase classname="ptolemy.util.test.junit.AutoTests" name="[335] /home/travis/build/icyphy/ptII/ptolemy/actor/lib/test/auto/SetVariable3.xml (RunModel)" time="0.017" />
  <testcase classname="ptolemy.util.test.junit.AutoTests" name="[336] /home/travis/build/icyphy/ptII/ptolemy/actor/lib/test/auto/SetVariable4.xml (RunModel)" time="0.026" />
  <testcase classname="ptolemy.util.test.junit.AutoTests" name="[337] /home/travis/build/icyphy/ptII/ptolemy/actor/lib/test/auto/SetVariable5.xml (RunModel)" time="0.037" />
  <testcase classname="ptolemy.util.test.junit.AutoTests" name="[338] /home/travis/build/icyphy/ptII/ptolemy/actor/lib/test/auto/Sinewave.xml (RunModel)" time="0.026" />
  <testcase classname="ptolemy.util.test.junit.AutoTests" name="[339] /home/travis/build/icyphy/ptII/ptolemy/actor/lib/test/auto/Sinewave2.xml (RunModel)" time="0.016" />
  <testcase classname="ptolemy.util.test.junit.AutoTests" name="[340] /home/travis/build/icyphy/ptII/ptolemy/actor/lib/test/auto/Sinewave3.xml (RunModel)" time="0.022" />
  <testcase classname="ptolemy.util.test.junit.AutoTests" name="[341] /home/travis/build/icyphy/ptII/ptolemy/actor/lib/test/auto/SingleEvent.xml (RunModel)" time="0.025" />
  <testcase classname="ptolemy.util.test.junit.AutoTests" name="[342] /home/travis/build/icyphy/ptII/ptolemy/actor/lib/test/auto/Sleep.xml (RunModel)" time="6.026" />
  <testcase classname="ptolemy.util.test.junit.AutoTests" name="[343] /home/travis/build/icyphy/ptII/ptolemy/actor/lib/test/auto/SleepMultipleFire.xml (RunModel)" time="1.027" />
  <testcase classname="ptolemy.util.test.junit.AutoTests" name="[344] /home/travis/build/icyphy/ptII/ptolemy/actor/lib/test/auto/StopDE.xml (RunModel)" time="0.012" />
  <testcase classname="ptolemy.util.test.junit.AutoTests" name="[345] /home/travis/build/icyphy/ptII/ptolemy/actor/lib/test/auto/StopSDF.xml (RunModel)" time="0.011" />
  <testcase classname="ptolemy.util.test.junit.AutoTests" name="[346] /home/travis/build/icyphy/ptII/ptolemy/actor/lib/test/auto/StringConstant.xml (RunModel)" time="0.009" />
  <testcase classname="ptolemy.util.test.junit.AutoTests" name="[347] /home/travis/build/icyphy/ptII/ptolemy/actor/lib/test/auto/SubscriberPortInitialValues1.xml (RunModel)" time="0.026" />
  <testcase classname="ptolemy.util.test.junit.AutoTests" name="[348] /home/travis/build/icyphy/ptII/ptolemy/actor/lib/test/auto/SubscriberPortInitialValues13.xml (RunModel)" time="0.026" />
  <testcase classname="ptolemy.util.test.junit.AutoTests" name="[349] /home/travis/build/icyphy/ptII/ptolemy/actor/lib/test/auto/SubscriberPortInitialValues14.xml (RunModel)" time="0.019" />
  <testcase classname="ptolemy.util.test.junit.AutoTests" name="[350] /home/travis/build/icyphy/ptII/ptolemy/actor/lib/test/auto/SubscriberPortInitialValues2.xml (RunModel)" time="0.015" />
  <testcase classname="ptolemy.util.test.junit.AutoTests" name="[351] /home/travis/build/icyphy/ptII/ptolemy/actor/lib/test/auto/SubscriberPortInitialValues3.xml (RunModel)" time="0.018" />
  <testcase classname="ptolemy.util.test.junit.AutoTests" name="[352] /home/travis/build/icyphy/ptII/ptolemy/actor/lib/test/auto/SubscriptionAggregator.xml (RunModel)" time="0.012" />
  <testcase classname="ptolemy.util.test.junit.AutoTests" name="[353] /home/travis/build/icyphy/ptII/ptolemy/actor/lib/test/auto/SubscriptionAggregator2.xml (RunModel)" time="0.012" />
  <testcase classname="ptolemy.util.test.junit.AutoTests" name="[354] /home/travis/build/icyphy/ptII/ptolemy/actor/lib/test/auto/SubscriptionAggregator3.xml (RunModel)" time="0.016" />
  <testcase classname="ptolemy.util.test.junit.AutoTests" name="[355] /home/travis/build/icyphy/ptII/ptolemy/actor/lib/test/auto/SubscriptionAggregatorMultiply.xml (RunModel)" time="0.023" />
  <testcase classname="ptolemy.util.test.junit.AutoTests" name="[356] /home/travis/build/icyphy/ptII/ptolemy/actor/lib/test/auto/SubscriptionAggregatorPortMultiply1.xml (RunModel)" time="0.013" />
  <testcase classname="ptolemy.util.test.junit.AutoTests" name="[357] /home/travis/build/icyphy/ptII/ptolemy/actor/lib/test/auto/Switch.xml (RunModel)" time="0.014" />
  <testcase classname="ptolemy.util.test.junit.AutoTests" name="[358] /home/travis/build/icyphy/ptII/ptolemy/actor/lib/test/auto/Switch2.xml (RunModel)" time="0.012" />
  <testcase classname="ptolemy.util.test.junit.AutoTests" name="[359] /home/travis/build/icyphy/ptII/ptolemy/actor/lib/test/auto/SwitchDE.xml (RunModel)" time="0.014" />
  <testcase classname="ptolemy.util.test.junit.AutoTests" name="[360] /home/travis/build/icyphy/ptII/ptolemy/actor/lib/test/auto/SynchronizerDE.xml (RunModel)" time="0.022" />
  <testcase classname="ptolemy.util.test.junit.AutoTests" name="[361] /home/travis/build/icyphy/ptII/ptolemy/actor/lib/test/auto/Test.xml (RunModel)" time="0.017" />
  <testcase classname="ptolemy.util.test.junit.AutoTests" name="[362] /home/travis/build/icyphy/ptII/ptolemy/actor/lib/test/auto/TestExceptionAttribute1.xml (RunModel)" time="0.007" />
  <testcase classname="ptolemy.util.test.junit.AutoTests" name="[363] /home/travis/build/icyphy/ptII/ptolemy/actor/lib/test/auto/TestExceptionAttribute2.xml (RunModel)" time="0.007" />
  <testcase classname="ptolemy.util.test.junit.AutoTests" name="[364] /home/travis/build/icyphy/ptII/ptolemy/actor/lib/test/auto/TestExceptionAttribute3.xml (RunModel)" time="0.006" />
  <testcase classname="ptolemy.util.test.junit.AutoTests" name="[365] /home/travis/build/icyphy/ptII/ptolemy/actor/lib/test/auto/TestExceptionAttribute4.xml (RunModel)" time="0.007" />
  <testcase classname="ptolemy.util.test.junit.AutoTests" name="[366] /home/travis/build/icyphy/ptII/ptolemy/actor/lib/test/auto/TestExceptionHandler1.xml (RunModel)" time="0.007" />
  <testcase classname="ptolemy.util.test.junit.AutoTests" name="[367] /home/travis/build/icyphy/ptII/ptolemy/actor/lib/test/auto/TestExceptionHandler2.xml (RunModel)" time="0.015" />
  <testcase classname="ptolemy.util.test.junit.AutoTests" name="[368] /home/travis/build/icyphy/ptII/ptolemy/actor/lib/test/auto/TestExceptionHandler3.xml (RunModel)" time="0.006" />
  <testcase classname="ptolemy.util.test.junit.AutoTests" name="[369] /home/travis/build/icyphy/ptII/ptolemy/actor/lib/test/auto/TestExceptionHandler4.xml (RunModel)" time="0.006" />
  <testcase classname="ptolemy.util.test.junit.AutoTests" name="[370] /home/travis/build/icyphy/ptII/ptolemy/actor/lib/test/auto/TestRequireCorrectOrder.xml (RunModel)" time="0.009" />
  <testcase classname="ptolemy.util.test.junit.AutoTests" name="[371] /home/travis/build/icyphy/ptII/ptolemy/actor/lib/test/auto/TestSimple.xml (RunModel)" time="0.006" />
  <testcase classname="ptolemy.util.test.junit.AutoTests" name="[372] /home/travis/build/icyphy/ptII/ptolemy/actor/lib/test/auto/ThrowModelError.xml (RunModel)" time="0.01" />
  <testcase classname="ptolemy.util.test.junit.AutoTests" name="[373] /home/travis/build/icyphy/ptII/ptolemy/actor/lib/test/auto/TimeDelayMicrosteps.xml (RunModel)" time="0.013" />
  <testcase classname="ptolemy.util.test.junit.AutoTests" name="[374] /home/travis/build/icyphy/ptII/ptolemy/actor/lib/test/auto/TimeDelayMicrosteps2.xml (RunModel)" time="0.018" />
  <testcase classname="ptolemy.util.test.junit.AutoTests" name="[375] /home/travis/build/icyphy/ptII/ptolemy/actor/lib/test/auto/TimeDelayMicrosteps3.xml (RunModel)" time="0.012" />
  <testcase classname="ptolemy.util.test.junit.AutoTests" name="[376] /home/travis/build/icyphy/ptII/ptolemy/actor/lib/test/auto/TimeDelayVariableMicrosteps.xml (RunModel)" time="0.013" />
  <testcase classname="ptolemy.util.test.junit.AutoTests" name="[377] /home/travis/build/icyphy/ptII/ptolemy/actor/lib/test/auto/TimeGap.xml (RunModel)" time="0.015" />
  <testcase classname="ptolemy.util.test.junit.AutoTests" name="[378] /home/travis/build/icyphy/ptII/ptolemy/actor/lib/test/auto/TimeGap2.xml (RunModel)" time="0.011" />
  <testcase classname="ptolemy.util.test.junit.AutoTests" name="[379] /home/travis/build/icyphy/ptII/ptolemy/actor/lib/test/auto/TimedSinewave.xml (RunModel)" time="0.059" />
  <testcase classname="ptolemy.util.test.junit.AutoTests" name="[380] /home/travis/build/icyphy/ptII/ptolemy/actor/lib/test/auto/TimedSinewavePhase.xml (RunModel)" time="0.044" />
  <testcase classname="ptolemy.util.test.junit.AutoTests" name="[381] /home/travis/build/icyphy/ptII/ptolemy/actor/lib/test/auto/Timer.xml (RunModel)" time="0.016" />
  <testcase classname="ptolemy.util.test.junit.AutoTests" name="[382] /home/travis/build/icyphy/ptII/ptolemy/actor/lib/test/auto/TriangularDistTestModel.xml (RunModel)" time="0.018" />
  <testcase classname="ptolemy.util.test.junit.AutoTests" name="[383] /home/travis/build/icyphy/ptII/ptolemy/actor/lib/test/auto/TrigFunction.xml (RunModel)" time="0.009" />
  <testcase classname="ptolemy.util.test.junit.AutoTests" name="[384] /home/travis/build/icyphy/ptII/ptolemy/actor/lib/test/auto/TrigFunctionDE.xml (RunModel)" time="0.025" />
  <testcase classname="ptolemy.util.test.junit.AutoTests" name="[385] /home/travis/build/icyphy/ptII/ptolemy/actor/lib/test/auto/TrigFunctionInverse.xml (RunModel)" time="0.009" />
  <testcase classname="ptolemy.util.test.junit.AutoTests" name="[386] /home/travis/build/icyphy/ptII/ptolemy/actor/lib/test/auto/TrigFunctionTan.xml (RunModel)" time="0.007" />
  <testcase classname="ptolemy.util.test.junit.AutoTests" name="[387] /home/travis/build/icyphy/ptII/ptolemy/actor/lib/test/auto/TriggeredClock.xml (RunModel)" time="0.009" />
  <testcase classname="ptolemy.util.test.junit.AutoTests" name="[388] /home/travis/build/icyphy/ptII/ptolemy/actor/lib/test/auto/URLDirectoryReader.xml (RunModel)" time="0.136" />
  <testcase classname="ptolemy.util.test.junit.AutoTests" name="[389] /home/travis/build/icyphy/ptII/ptolemy/actor/lib/test/auto/URLDirectoryReader3.xml (RunModel)" time="1.435" />
  <testcase classname="ptolemy.util.test.junit.AutoTests" name="[390] /home/travis/build/icyphy/ptII/ptolemy/actor/lib/test/auto/UnaryMathFunction.xml (RunModel)" time="0.048" />
  <testcase classname="ptolemy.util.test.junit.AutoTests" name="[391] /home/travis/build/icyphy/ptII/ptolemy/actor/lib/test/auto/Uniform.xml (RunModel)" time="0.013" />
  <testcase classname="ptolemy.util.test.junit.AutoTests" name="[392] /home/travis/build/icyphy/ptII/ptolemy/actor/lib/test/auto/UnionDisassemblerTest.xml (RunModel)" time="0.022" />
  <testcase classname="ptolemy.util.test.junit.AutoTests" name="[393] /home/travis/build/icyphy/ptII/ptolemy/actor/lib/test/auto/UtilityFunctions.xml (RunModel)" time="0.008" />
  <testcase classname="ptolemy.util.test.junit.AutoTests" name="[394] /home/travis/build/icyphy/ptII/ptolemy/actor/lib/test/auto/VariableSleep.xml (RunModel)" time="0.512" />
  <testcase classname="ptolemy.util.test.junit.AutoTests" name="[395] /home/travis/build/icyphy/ptII/ptolemy/actor/lib/test/auto/VectorAssemblerDisassemblerCT.xml (RunModel)" time="0.119" />
  <testcase classname="ptolemy.util.test.junit.AutoTests" name="[396] /home/travis/build/icyphy/ptII/ptolemy/actor/lib/test/auto/VectorAssemblerDisassemblerDE.xml (RunModel)" time="0.015" />
  <testcase classname="ptolemy.util.test.junit.AutoTests" name="[397] /home/travis/build/icyphy/ptII/ptolemy/actor/lib/test/auto/VectorAssemblerDisassemblerSDF.xml (RunModel)" time="0.012" />
  <testcase classname="ptolemy.util.test.junit.AutoTests" name="[398] /home/travis/build/icyphy/ptII/ptolemy/actor/lib/test/auto/WallClockTime.xml (RunModel)" time="1.013" />
  <testcase classname="ptolemy.util.test.junit.AutoTests" name="[399] /home/travis/build/icyphy/ptII/ptolemy/actor/lib/test/auto/WidthTestWithSubscriberPublisher.xml (RunModel)" time="0.045" />
  <testcase classname="ptolemy.util.test.junit.AutoTests" name="[400] /home/travis/build/icyphy/ptII/ptolemy/actor/lib/test/auto/WidthTestWithSubscriberPublisher2.xml (RunModel)" time="0.014" />
  <testcase classname="ptolemy.util.test.junit.AutoTests" name="[401] /home/travis/build/icyphy/ptII/ptolemy/actor/lib/test/auto/WidthTestWithSubscriberPublisher3.xml (RunModel)" time="0.017" />
  <testcase classname="ptolemy.util.test.junit.AutoTests" name="[402] /home/travis/build/icyphy/ptII/ptolemy/actor/lib/test/auto/Writer.xml (RunModel)" time="0.008" />
  <testcase classname="ptolemy.util.test.junit.AutoTests" name="[403] /home/travis/build/icyphy/ptII/ptolemy/actor/lib/test/auto/array.xml (RunModel)" time="0.025" />
  <testcase classname="ptolemy.util.test.junit.AutoTests" name="[404] /home/travis/build/icyphy/ptII/ptolemy/actor/lib/test/auto/array2.xml (RunModel)" time="0.013" />
  <testcase classname="ptolemy.util.test.junit.AutoTests" name="[405] /home/travis/build/icyphy/ptII/ptolemy/actor/lib/test/auto/arrayType.xml (RunModel)" time="0.016" />
  <testcase classname="ptolemy.util.test.junit.AutoTests" name="[406] /home/travis/build/icyphy/ptII/ptolemy/actor/lib/test/auto/arrayType10.xml (RunModel)" time="0.009" />
  <testcase classname="ptolemy.util.test.junit.AutoTests" name="[407] /home/travis/build/icyphy/ptII/ptolemy/actor/lib/test/auto/arrayType11.xml (RunModel)" time="0.008" />
  <testcase classname="ptolemy.util.test.junit.AutoTests" name="[408] /home/travis/build/icyphy/ptII/ptolemy/actor/lib/test/auto/arrayType12.xml (RunModel)" time="0.009" />
  <testcase classname="ptolemy.util.test.junit.AutoTests" name="[409] /home/travis/build/icyphy/ptII/ptolemy/actor/lib/test/auto/arrayType13.xml (RunModel)" time="0.009" />
  <testcase classname="ptolemy.util.test.junit.AutoTests" name="[410] /home/travis/build/icyphy/ptII/ptolemy/actor/lib/test/auto/arrayType14.xml (RunModel)" time="0.01" />
  <testcase classname="ptolemy.util.test.junit.AutoTests" name="[411] /home/travis/build/icyphy/ptII/ptolemy/actor/lib/test/auto/arrayType15.xml (RunModel)" time="0.01" />
  <testcase classname="ptolemy.util.test.junit.AutoTests" name="[412] /home/travis/build/icyphy/ptII/ptolemy/actor/lib/test/auto/arrayType16.xml (RunModel)" time="0.01" />
  <testcase classname="ptolemy.util.test.junit.AutoTests" name="[413] /home/travis/build/icyphy/ptII/ptolemy/actor/lib/test/auto/arrayType17.xml (RunModel)" time="0.009" />
  <testcase classname="ptolemy.util.test.junit.AutoTests" name="[414] /home/travis/build/icyphy/ptII/ptolemy/actor/lib/test/auto/arrayType18.xml (RunModel)" time="0.018" />
  <testcase classname="ptolemy.util.test.junit.AutoTests" name="[415] /home/travis/build/icyphy/ptII/ptolemy/actor/lib/test/auto/arrayType19.xml (RunModel)" time="0.008" />
  <testcase classname="ptolemy.util.test.junit.AutoTests" name="[416] /home/travis/build/icyphy/ptII/ptolemy/actor/lib/test/auto/arrayType2.xml (RunModel)" time="0.009" />
  <testcase classname="ptolemy.util.test.junit.AutoTests" name="[417] /home/travis/build/icyphy/ptII/ptolemy/actor/lib/test/auto/arrayType20.xml (RunModel)" time="0.01" />
  <testcase classname="ptolemy.util.test.junit.AutoTests" name="[418] /home/travis/build/icyphy/ptII/ptolemy/actor/lib/test/auto/arrayType21.xml (RunModel)" time="0.008" />
  <testcase classname="ptolemy.util.test.junit.AutoTests" name="[419] /home/travis/build/icyphy/ptII/ptolemy/actor/lib/test/auto/arrayType22.xml (RunModel)" time="0.011" />
  <testcase classname="ptolemy.util.test.junit.AutoTests" name="[420] /home/travis/build/icyphy/ptII/ptolemy/actor/lib/test/auto/arrayType23.xml (RunModel)" time="0.008" />
  <testcase classname="ptolemy.util.test.junit.AutoTests" name="[421] /home/travis/build/icyphy/ptII/ptolemy/actor/lib/test/auto/arrayType24.xml (RunModel)" time="0.009" />
  <testcase classname="ptolemy.util.test.junit.AutoTests" name="[422] /home/travis/build/icyphy/ptII/ptolemy/actor/lib/test/auto/arrayType25.xml (RunModel)" time="0.009" />
  <testcase classname="ptolemy.util.test.junit.AutoTests" name="[423] /home/travis/build/icyphy/ptII/ptolemy/actor/lib/test/auto/arrayType26.xml (RunModel)" time="0.009" />
  <testcase classname="ptolemy.util.test.junit.AutoTests" name="[424] /home/travis/build/icyphy/ptII/ptolemy/actor/lib/test/auto/arrayType27.xml (RunModel)" time="0.008" />
  <testcase classname="ptolemy.util.test.junit.AutoTests" name="[425] /home/travis/build/icyphy/ptII/ptolemy/actor/lib/test/auto/arrayType28.xml (RunModel)" time="0.009" />
  <testcase classname="ptolemy.util.test.junit.AutoTests" name="[426] /home/travis/build/icyphy/ptII/ptolemy/actor/lib/test/auto/arrayType3.xml (RunModel)" time="0.013" />
  <testcase classname="ptolemy.util.test.junit.AutoTests" name="[427] /home/travis/build/icyphy/ptII/ptolemy/actor/lib/test/auto/arrayType4.xml (RunModel)" time="0.01" />
  <testcase classname="ptolemy.util.test.junit.AutoTests" name="[428] /home/travis/build/icyphy/ptII/ptolemy/actor/lib/test/auto/arrayType5.xml (RunModel)" time="0.013" />
  <testcase classname="ptolemy.util.test.junit.AutoTests" name="[429] /home/travis/build/icyphy/ptII/ptolemy/actor/lib/test/auto/arrayType6.xml (RunModel)" time="0.021" />
  <testcase classname="ptolemy.util.test.junit.AutoTests" name="[430] /home/travis/build/icyphy/ptII/ptolemy/actor/lib/test/auto/arrayType7.xml (RunModel)" time="0.008" />
  <testcase classname="ptolemy.util.test.junit.AutoTests" name="[431] /home/travis/build/icyphy/ptII/ptolemy/actor/lib/test/auto/arrayType8.xml (RunModel)" time="0.009" />
  <testcase classname="ptolemy.util.test.junit.AutoTests" name="[432] /home/travis/build/icyphy/ptII/ptolemy/actor/lib/test/auto/arrayType9.xml (RunModel)" time="0.008" />
  <testcase classname="ptolemy.util.test.junit.AutoTests" name="[433] /home/travis/build/icyphy/ptII/ptolemy/actor/lib/test/auto/cast.xml (RunModel)" time="0.058" />
  <testcase classname="ptolemy.util.test.junit.AutoTests" name="[434] /home/travis/build/icyphy/ptII/ptolemy/actor/lib/test/auto/compositeMultiPort.xml (RunModel)" time="0.048" />
  <testcase classname="ptolemy.util.test.junit.AutoTests" name="[435] /home/travis/build/icyphy/ptII/ptolemy/actor/lib/test/auto/expressionCastInference.xml (RunModel)" time="0.034" />
  <testcase classname="ptolemy.util.test.junit.AutoTests" name="[436] /home/travis/build/icyphy/ptII/ptolemy/actor/lib/test/auto/expressionCastInference2.xml (RunModel)" time="0.038" />
  <testcase classname="ptolemy.util.test.junit.AutoTests" name="[437] /home/travis/build/icyphy/ptII/ptolemy/actor/lib/test/auto/expressionInference.xml (RunModel)" time="0.043" />
  <testcase classname="ptolemy.util.test.junit.AutoTests" name="[438] /home/travis/build/icyphy/ptII/ptolemy/actor/lib/test/auto/expression_bug.xml (RunModel)" time="0.006" />
  <testcase classname="ptolemy.util.test.junit.AutoTests" name="[439] /home/travis/build/icyphy/ptII/ptolemy/actor/lib/test/auto/factorial.xml (RunModel)" time="0.068" />
  <testcase classname="ptolemy.util.test.junit.AutoTests" name="[440] /home/travis/build/icyphy/ptII/ptolemy/actor/lib/test/auto/filterTest1.xml (RunModel)" time="0.026" />
  <testcase classname="ptolemy.util.test.junit.AutoTests" name="[441] /home/travis/build/icyphy/ptII/ptolemy/actor/lib/test/auto/funcApplyInConst.xml (RunModel)" time="0.031" />
  <testcase classname="ptolemy.util.test.junit.AutoTests" name="[442] /home/travis/build/icyphy/ptII/ptolemy/actor/lib/test/auto/funcApplyInExpr.xml (RunModel)" time="0.012" />
  <testcase classname="ptolemy.util.test.junit.AutoTests" name="[443] /home/travis/build/icyphy/ptII/ptolemy/actor/lib/test/auto/function.xml (RunModel)" time="0.01" />
  <testcase classname="ptolemy.util.test.junit.AutoTests" name="[444] /home/travis/build/icyphy/ptII/ptolemy/actor/lib/test/auto/function2.xml (RunModel)" time="0.011" />
  <testcase classname="ptolemy.util.test.junit.AutoTests" name="[445] /home/travis/build/icyphy/ptII/ptolemy/actor/lib/test/auto/function3.xml (RunModel)" time="0.007" />
  <testcase classname="ptolemy.util.test.junit.AutoTests" name="[446] /home/travis/build/icyphy/ptII/ptolemy/actor/lib/test/auto/functionClosureTest1.xml (RunModel)" time="0.01" />
  <testcase classname="ptolemy.util.test.junit.AutoTests" name="[447] /home/travis/build/icyphy/ptII/ptolemy/actor/lib/test/auto/functionClosureTest2.xml (RunModel)" time="0.006" />
  <testcase classname="ptolemy.util.test.junit.AutoTests" name="[448] /home/travis/build/icyphy/ptII/ptolemy/actor/lib/test/auto/functionClosureTest3.xml (RunModel)" time="0.01" />
  <testcase classname="ptolemy.util.test.junit.AutoTests" name="[449] /home/travis/build/icyphy/ptII/ptolemy/actor/lib/test/auto/functionClosureTest4.xml (RunModel)" time="0.016" />
  <testcase classname="ptolemy.util.test.junit.AutoTests" name="[450] /home/travis/build/icyphy/ptII/ptolemy/actor/lib/test/auto/functionClosureTest5.xml (RunModel)" time="0.012" />
  <testcase classname="ptolemy.util.test.junit.AutoTests" name="[451] /home/travis/build/icyphy/ptII/ptolemy/actor/lib/test/auto/functionClosureTest6.xml (RunModel)" time="0.009" />
  <testcase classname="ptolemy.util.test.junit.AutoTests" name="[452] /home/travis/build/icyphy/ptII/ptolemy/actor/lib/test/auto/functionsOnArcs.xml (RunModel)" time="0.014" />
  <testcase classname="ptolemy.util.test.junit.AutoTests" name="[453] /home/travis/build/icyphy/ptII/ptolemy/actor/lib/test/auto/functionsOnArcsHOF.xml (RunModel)" time="0.012" />
  <testcase classname="ptolemy.util.test.junit.AutoTests" name="[454] /home/travis/build/icyphy/ptII/ptolemy/actor/lib/test/auto/logic.xml (RunModel)" time="0.017" />
  <testcase classname="ptolemy.util.test.junit.AutoTests" name="[455] /home/travis/build/icyphy/ptII/ptolemy/actor/lib/test/auto/matrixType.xml (RunModel)" time="0.009" />
  <testcase classname="ptolemy.util.test.junit.AutoTests" name="[456] /home/travis/build/icyphy/ptII/ptolemy/actor/lib/test/auto/matrixType10.xml (RunModel)" time="0.009" />
  <testcase classname="ptolemy.util.test.junit.AutoTests" name="[457] /home/travis/build/icyphy/ptII/ptolemy/actor/lib/test/auto/matrixType11.xml (RunModel)" time="0.008" />
  <testcase classname="ptolemy.util.test.junit.AutoTests" name="[458] /home/travis/build/icyphy/ptII/ptolemy/actor/lib/test/auto/matrixType12.xml (RunModel)" time="0.009" />
  <testcase classname="ptolemy.util.test.junit.AutoTests" name="[459] /home/travis/build/icyphy/ptII/ptolemy/actor/lib/test/auto/matrixType13.xml (RunModel)" time="0.008" />
  <testcase classname="ptolemy.util.test.junit.AutoTests" name="[460] /home/travis/build/icyphy/ptII/ptolemy/actor/lib/test/auto/matrixType14.xml (RunModel)" time="0.008" />
  <testcase classname="ptolemy.util.test.junit.AutoTests" name="[461] /home/travis/build/icyphy/ptII/ptolemy/actor/lib/test/auto/matrixType2.xml (RunModel)" time="0.009" />
  <testcase classname="ptolemy.util.test.junit.AutoTests" name="[462] /home/travis/build/icyphy/ptII/ptolemy/actor/lib/test/auto/matrixType3.xml (RunModel)" time="0.008" />
  <testcase classname="ptolemy.util.test.junit.AutoTests" name="[463] /home/travis/build/icyphy/ptII/ptolemy/actor/lib/test/auto/matrixType4.xml (RunModel)" time="0.009" />
  <testcase classname="ptolemy.util.test.junit.AutoTests" name="[464] /home/travis/build/icyphy/ptII/ptolemy/actor/lib/test/auto/matrixType5.xml (RunModel)" time="0.008" />
  <testcase classname="ptolemy.util.test.junit.AutoTests" name="[465] /home/travis/build/icyphy/ptII/ptolemy/actor/lib/test/auto/matrixType6.xml (RunModel)" time="0.009" />
  <testcase classname="ptolemy.util.test.junit.AutoTests" name="[466] /home/travis/build/icyphy/ptII/ptolemy/actor/lib/test/auto/matrixType7.xml (RunModel)" time="0.009" />
  <testcase classname="ptolemy.util.test.junit.AutoTests" name="[467] /home/travis/build/icyphy/ptII/ptolemy/actor/lib/test/auto/matrixType8.xml (RunModel)" time="0.009" />
  <testcase classname="ptolemy.util.test.junit.AutoTests" name="[468] /home/travis/build/icyphy/ptII/ptolemy/actor/lib/test/auto/matrixType9.xml (RunModel)" time="0.008" />
  <testcase classname="ptolemy.util.test.junit.AutoTests" name="[469] /home/travis/build/icyphy/ptII/ptolemy/actor/lib/test/auto/paraFunctest.xml (RunModel)" time="0.007" />
  <testcase classname="ptolemy.util.test.junit.AutoTests" name="[470] /home/travis/build/icyphy/ptII/ptolemy/actor/lib/test/auto/paraFunctest2.xml (RunModel)" time="0.007" />
  <testcase classname="ptolemy.util.test.junit.AutoTests" name="[471] /home/travis/build/icyphy/ptII/ptolemy/actor/lib/test/auto/parameterPassing.xml (RunModel)" time="0.008" />
  <testcase classname="ptolemy.util.test.junit.AutoTests" name="[472] /home/travis/build/icyphy/ptII/ptolemy/actor/lib/test/auto/record.xml (RunModel)" time="0.01" />
  <testcase classname="ptolemy.util.test.junit.AutoTests" name="[473] /home/travis/build/icyphy/ptII/ptolemy/actor/lib/test/auto/sizedarray1.xml (RunModel)" time="0.01" />
  <testcase classname="ptolemy.util.test.junit.AutoTests" name="[474] /home/travis/build/icyphy/ptII/ptolemy/actor/lib/test/auto/sizedarray2.xml (RunModel)" time="0.009" />
  <testcase classname="ptolemy.util.test.junit.AutoTests" name="[475] /home/travis/build/icyphy/ptII/ptolemy/actor/lib/test/auto/twoPublishers.xml (RunModel)" time="0.019" />
  <system-out><![CDATA[/home/travis/build/icyphy/ptII/ptolemy/actor/lib/test/AbsoluteValue.tcl
testDefs.tcl: setting time out to 9000 seconds at Sun Jul 07 04:51:18 UTC 2019
123 ms. Memory: 120832K Free: 101078K (84%)
5 ms. Memory: 120832K Free: 99284K (82%)
4 ms. Memory: 120832K Free: 98636K (82%)
5 ms. Memory: 120832K Free: 97590K (81%)
/home/travis/build/icyphy/ptII/ptolemy/actor/lib/test/AddSubtract.tcl
11 ms. Memory: 120832K Free: 95542K (79%)
6 ms. Memory: 120832K Free: 95126K (79%)
6 ms. Memory: 120832K Free: 94119K (78%)
18 ms. Memory: 120832K Free: 93510K (77%)
73 ms. Memory: 120832K Free: 108424K (90%)
9 ms. Memory: 120832K Free: 107978K (89%)
/home/travis/build/icyphy/ptII/ptolemy/actor/lib/test/Average.tcl
22 ms. Memory: 120832K Free: 106438K (88%)
11 ms. Memory: 120832K Free: 104906K (87%)
/home/travis/build/icyphy/ptII/ptolemy/actor/lib/test/Bernoulli.tcl
4 ms. Memory: 120832K Free: 103354K (86%)
2 ms. Memory: 120832K Free: 102858K (85%)
/home/travis/build/icyphy/ptII/ptolemy/actor/lib/test/Clock.tcl
preinitializing
resolving types
initializing
executing number 1
wrapping up
idle
49 ms. Memory: 120832K Free: 100302K (83%)
Completed execution with 5 iterations
preinitializing
resolving types
initializing
executing number 1
wrapping up
idle
8 ms. Memory: 120832K Free: 99258K (82%)
Completed execution with 5 iterations
preinitializing
resolving types
initializing
executing number 1
wrapping up
idle
12 ms. Memory: 120832K Free: 98762K (82%)
Completed execution with 5 iterations
/home/travis/build/icyphy/ptII/ptolemy/actor/lib/test/Commutator.tcl
5 ms. Memory: 120832K Free: 96714K (80%)
5 ms. Memory: 120832K Free: 95690K (79%)
19 ms. Memory: 120832K Free: 90042K (75%)
/home/travis/build/icyphy/ptII/ptolemy/actor/lib/test/Const.tcl
3 ms. Memory: 120832K Free: 88526K (73%)
3 ms. Memory: 120832K Free: 88008K (73%)
3 ms. Memory: 120832K Free: 87498K (72%)
3 ms. Memory: 120832K Free: 86978K (72%)
7 ms. Memory: 120832K Free: 85966K (71%)
19 ms. Memory: 120832K Free: 84426K (70%)
12 ms. Memory: 120832K Free: 83402K (69%)
20 ms. Memory: 167936K Free: 153957K (92%)
/home/travis/build/icyphy/ptII/ptolemy/actor/lib/test/CurrentTime.tcl
preinitializing
resolving types
initializing
executing number 1
wrapping up
idle
18 ms. Memory: 167936K Free: 151909K (90%)
Completed execution with 11 iterations
/home/travis/build/icyphy/ptII/ptolemy/actor/lib/test/DB.tcl
6 ms. Memory: 167936K Free: 150340K (90%)
2 ms. Memory: 167936K Free: 149861K (89%)
5 ms. Memory: 167936K Free: 149333K (89%)
/home/travis/build/icyphy/ptII/ptolemy/actor/lib/test/DiscreteRandomSource.tcl
preinitializing
resolving types
initializing
executing number 1
wrapping up
idle
5 ms. Memory: 167936K Free: 147813K (88%)
Completed execution with 4 iterations
preinitializing
resolving types
initializing
executing number 1
wrapping up
idle
7 ms. Memory: 167936K Free: 147299K (88%)
Completed execution with 4 iterations
preinitializing
resolving types
initializing
executing number 1
wrapping up
idle
8 ms. Memory: 167936K Free: 146789K (87%)
Completed execution with 4 iterations
preinitializing
resolving types
initializing
executing number 1
wrapping up
idle
3 ms. Memory: 167936K Free: 146789K (87%)
Completed execution with 4 iterations
preinitializing
resolving types
initializing
executing number 1
wrapping up
idle
13 ms. Memory: 167936K Free: 146261K (87%)
Completed execution with 4 iterations
/home/travis/build/icyphy/ptII/ptolemy/actor/lib/test/Distributor.tcl
12 ms. Memory: 167936K Free: 144741K (86%)
13 ms. Memory: 167936K Free: 143717K (86%)
StreamChangeRequest.changeExecuted(): <deleteEntity name="rec2"/> succeeded
StreamChangeRequest.changeExecuted(): <deleteRelation name="r2"/> succeeded
StreamChangeRequest.changeExecuted(): Record firings per iteration succeeded
6 ms. Memory: 167936K Free: 141155K (84%)
/home/travis/build/icyphy/ptII/ptolemy/actor/lib/test/Exit.tcl
Exit.tcl: this will print a message about Manager.exitAfterWrapup, which can be ignored.
9 ms. Memory: 167936K Free: 138597K (83%)
/home/travis/build/icyphy/ptII/ptolemy/actor/lib/test/Expression.tcl
32 ms. Memory: 167936K Free: 135011K (80%)
12 ms. Memory: 167936K Free: 134501K (80%)
6 ms. Memory: 167936K Free: 133477K (79%)
preinitializing
resolving types
initializing
executing number 1
wrapping up
idle
15 ms. Memory: 167936K Free: 131939K (79%)
Completed execution with 6 iterations
5 ms. Memory: 167936K Free: 131429K (78%)
10 ms. Memory: 167936K Free: 130405K (78%)
10 ms. Memory: 167936K Free: 129381K (77%)
5 ms. Memory: 167936K Free: 128357K (76%)
8 ms. Memory: 167936K Free: 126805K (76%)
/home/travis/build/icyphy/ptII/ptolemy/actor/lib/test/Gaussian.tcl
4 ms. Memory: 167936K Free: 125285K (75%)
sleeping 1 seconds: ....................................................................................................................................................................................................................................................................................................................................................................................................................................................................................................................................................................................................................................................................................................................................................................................................................................................................................................................................................................................................................................................................................................................................................................................................................................................................................................................................................................................................................................................................................................................................................................................................................................................................................................................................................................................................................................................................................................................................................................................................................................................................................................................................................................................................................................................................................................................................................................................................................................................................................................................................................................................................................................................................................................................................................................................................................................................................................................................................................................................................................................................................................................................................................................................................................................................................................................................................................................................................................................................................................................................................................................................................................................................................................................................................................................................................................................................................................................................................................................................................................................................................................................................................................................................................................................................................................................................................................................................................................................................................................................................................................................................................................................................................................................................................................................................................................................................................................................................................................................................................................................................................................................................................................................................................................................................................................................................................................................................................................................................................................................................................................................................................................................................................................................................................................................................................................................................................................................................................................................................................................................................................................................................................................................................................................................................................................................................................................................................................................................................................................................................................................................................................................................................................................................................................................................................................................................................................................................................................................................................................................................................................................................................................................................................................................................................................................................................................................................................................................................................................................................................................................................................................................................................................................................................................................................................................................................................................................................................................................................................................................................................................................................................................................................................................................................................................................................................................................................................................................................................................................................................................................................................................................................................................................................................................................................................................................................................................................................................................................................................................................................................................................................................................................................................................................................................................................................................................................................................................................................................................................................................................................................................................................................................................................................................................................................................................................................................................................................................................................................................................................................................................................................................................................................................................................................................................................................................................................................................................................................................................................................................................................................................................................................................................................................................................................................................................................................................................................................................................................................................................................................................................................................................................................................................................................................................................................................................................................................................................................................................................................................................................................................................................................................................................................................................................................................................................................................................................................................................................................................................................................................................................................................................................................................................................................................................................................................................................................................................................................................................................................................................................................................................................................................................................................................................................................................................................................................................................................................................................................................................................................................................................................................................................................................................................................................................................................................................................................................................................................................................................................................................................................................................................................................................................................................................................................................................................................................................................................................................................................................................................................................................................................................................................................................................................................................................................................................................................................................................................................................................................................................................................................................................................................................................................................................................................................................................................................................................................................................................................................................................................................................................................................................................................................................................................................................................................................................................................................................................................................................................................................................................................................................................................................................................................................................................................................................................................................................................................................................................................................................................................................................................................................................................................................................................................................................................................................................................................................................................................................................................................................................................................................................................................................................................................................................................................................................................................................................................................................................................................................................................................................................................................................................................................................................................................................................................................................................................................................................................................................................................................................................................................................................................................................................................................................................................................................................................................................................................................................................................................................................................................................................................................................................................................................................................................................................................................................................................................................................................................................................................................................................................................................................................................................................................................................................................................................................................................................................................................................................................................................................................................................................................................................................................................................................................................................................................................................................................................................................................................................................................................................................................................................................................................................................................................................................................................................................................................................................................................................................................................................................................................................................................................................................................................................................................................................................................................................................................................................................................................................................................................................................................................................................................................................................................................................................................................................................................................................................................................................................................................................................................................................................................................................................................................................................................................................................................................................................................................................................................................................................................................................................................................................................................................................................................................................................................................................................................................................................................................................................................................................................................................................................................................................................................................................................................................................................................................................................................................................................................................................................................................................................................................................................................................................................................................................................................................................................................................................................................................................................................................................................................................................................................................................................................................................................................................................................................................................................................................................................................................................................................................................................................................................................................................................................................................................................................................................................................................................................................................................................................................................................................................................................................................................................................................................................................................................................................................................................................................................................................................................................................................................................................................................................................................................................................................................................................................................................................................................................................................................................................................................................................................................................................................................................................................................................................................................................................................................................................................................................................................................................................................................................................................................................................................................................................................................................................................................................................................................................................................................................................................................................................................................................................................................................................................................................................................................................................................................................................................................................................................................................................................................................................................................................................................................................................................................................................................................................................................................................................................................................................................................................................................................................................................................................................................................................................................................................................................................................................................................................................................................................................................................................................................................................................................................................................................................................................................................................................................................................................................................................................................................................................................................................................................................................................................................................................................................................................................................................................................................................................................................................................................................................................................................................................................................................................................................................................................................................................................................................................................................................................................................................................................................................................................................................................................................................................................................................................................................................................................................................................................................................................................................................................................................................................................................................................................................................................................................................................................................................................................................................................................................................................................................................................................................................................................................................................................................................................................................................................................................................................................................................................................................................................................................................................................................................................................................................................................................................................................................................................................................................................................................................................................................................................................................................................................................................................................................................................................................................................................................................................................................................................................................................................................................................................................................................................................................................................................................................................................................................................................................................................................................................................................................................................................................................................................................................................................................................................................................................................................................................................................................................................................................................................................................................................................................................................................................................................................................................................................................................................................................................................................................................................................................................................................................................................................................................................................................................................................................................................................................................................................................................................................................................................................................................................................................................................................................................................................................................................................................................................................................................................................................................................................................................................................................................................................................................................................................................................................................................................................................................................................................................................................................................................................................................................................................................................................................................................................................................................................................................................................................................................................................................................................................................................................................................................................................................................................................................................................................................................................................................................................................................................................................................................................................................................................................................................................................................................................................................................................................................................................................................................................................................................................................................................................................................................................................................................................................................................................................................................................................................................................................................................................................................................................................................................................................................................................................................................................................................................................................................................................................................................................................................................................................................................................................................................................................................................................................................................................................................................................................................................................................................................................................................................................................................................................................................................................................................................................................................................................................................................................................................................................................................................................................................................................................................................................................................................................................................................................................................................................................................................................................................................................................................................................................................................................................................................................................................................................................................................................................................................................................................................................................................................................................................................................................................................................................................................................................................................................................................................................................................................................................................................................................................................................................................................................................................................................................................................................................................................................................................................................................................................................................................................................................................................................................................................................................................................................................................................................................................................................................................................................................................................................................................................................................................................................................4 ms. Memory: 167936K Free: 73908K (44%)
3 ms. Memory: 167936K Free: 72884K (43%)
2 ms. Memory: 167936K Free: 72340K (43%)
3 ms. Memory: 167936K Free: 71858K (43%)
4 ms. Memory: 167936K Free: 71346K (42%)
/home/travis/build/icyphy/ptII/ptolemy/actor/lib/test/IIR.tcl
/home/travis/build/icyphy/ptII/ptolemy/actor/lib/test/Interpolator.tcl
5 ms. Memory: 167936K Free: 67250K (40%)
3 ms. Memory: 167936K Free: 66740K (40%)
5 ms. Memory: 167936K Free: 66212K (39%)
2 ms. Memory: 167936K Free: 65716K (39%)
7 ms. Memory: 167936K Free: 64692K (39%)
5 ms. Memory: 167936K Free: 64172K (38%)
2 ms. Memory: 167936K Free: 63140K (38%)
11 ms. Memory: 167936K Free: 62100K (37%)
2 ms. Memory: 167936K Free: 61092K (36%)
9 ms. Memory: 167936K Free: 60596K (36%)
/home/travis/build/icyphy/ptII/ptolemy/actor/lib/test/MathFunction.tcl
5 ms. Memory: 167936K Free: 58548K (35%)
21 ms. Memory: 167936K Free: 152892K (91%)
2 ms. Memory: 167936K Free: 151882K (90%)
2 ms. Memory: 167936K Free: 151372K (90%)
17 ms. Memory: 167936K Free: 149820K (89%)
8 ms. Memory: 167936K Free: 147772K (88%)
/home/travis/build/icyphy/ptII/ptolemy/actor/lib/test/Maximum.tcl
6 ms. Memory: 167936K Free: 146252K (87%)
15 ms. Memory: 167936K Free: 145228K (86%)
4 ms. Memory: 167936K Free: 144684K (86%)
4 ms. Memory: 167936K Free: 144204K (86%)
/home/travis/build/icyphy/ptII/ptolemy/actor/lib/test/Minimum.tcl
9 ms. Memory: 167936K Free: 142156K (85%)
4 ms. Memory: 167936K Free: 141612K (84%)
3 ms. Memory: 167936K Free: 141132K (84%)
2 ms. Memory: 167936K Free: 140604K (84%)
/home/travis/build/icyphy/ptII/ptolemy/actor/lib/test/MultiplyDivide.tcl
10 ms. Memory: 167936K Free: 138556K (83%)
10 ms. Memory: 167936K Free: 137546K (82%)
2 ms. Memory: 167936K Free: 137036K (82%)
8 ms. Memory: 167936K Free: 136508K (81%)
8 ms. Memory: 167936K Free: 135498K (81%)
/home/travis/build/icyphy/ptII/ptolemy/actor/lib/test/OrderedMerge.tcl
Connections changed on port: inputA
Connections changed on port: inputB
Connections changed on port: output
Connections changed on port: output
Connections changed on port: output
Connections changed on port: input
.top. Preinitializing ...
Invoking preinitialize():  .top.OrderedMerge
Called preinitialize()
Invoking preinitialize():  .top.Ramp
Called preinitialize()
Invoking preinitialize():  .top.Ramp2
Called preinitialize()
Invoking preinitialize():  .top.Test
Called preinitialize()
Connections changed on port: inputA
Connections changed on port: output
Connections changed on port: output
Connections changed on port: input
Connections changed on port: inputB
Connections changed on port: output
.top. Finished preinitialize().
Called initialize().
Invoking initialize():  .top.OrderedMerge
Initializing actor: .top.OrderedMerge
Adding a thread: .top.OrderedMerge
Invoking initialize():  .top.Ramp
Initializing actor: .top.Ramp
Adding a thread: .top.Ramp
Invoking initialize():  .top.Ramp2
Initializing actor: .top.Ramp2
Adding a thread: .top.Ramp2
Invoking initialize():  .top.Test
Initializing actor: .top.Test
Adding a thread: .top.Test
Called fire().
Checking for deadlock:
-- Starting thread.
-- Starting thread.
Called initialize()
Called initialize()
Called prefire()
Called fire()
-- Starting thread.
Called initialize()
Called prefire()
-- Starting thread.
Called initialize()
Called prefire()
Called fire()
Called fire()
Called prefire()
Called fire()
There are 0 Blocked actors, 0 Stopped actors, and 4 active threads.
Waiting for actors to stop.
Called postfire()
Called prefire()
Called fire()
Called postfire()
Called prefire()
Called fire()
Called postfire()
Called prefire()
Called fire()
Read input token from inputA with value 0.0
Next port to read input from is inputB
Called postfire()
Called prefire()
Called fire()
Read input token from inputB with value 0.0
Sent output token with value 0.0
Next port to read input from is inputA
Called postfire()
Called prefire()
Called fire()
Read input token from inputA with value 1.0
Checking for deadlock:
There are 1 Blocked actors, 0 Stopped actors, and 4 active threads.
Waiting for actors to stop.
Called postfire()
Called prefire()
Called fire()
Checking for deadlock:
There are 2 Blocked actors, 0 Stopped actors, and 4 active threads.
Waiting for actors to stop.
Called postfire()
Called prefire()
Called fire()
-- Read input: 0.0, which is expected to match: 0.0
Called prefire()
Called fire()
Sent output token with value 0.0
Next port to read input from is inputB
Called postfire()
Called prefire()
Called fire()
Read input token from inputB with value 1.5
Checking for deadlock:
There are 2 Blocked actors, 0 Stopped actors, and 4 active threads.
Waiting for actors to stop.
Called postfire()
Called prefire()
-- Read input: 0.0, which is expected to match: 0.0
Called fire()
Called prefire()
Called fire()
Sent output token with value 1.0
Next port to read input from is inputA
Called postfire()
Called prefire()
Called fire()
Read input token from inputA with value 2.0
Checking for deadlock:
There are 2 Blocked actors, 0 Stopped actors, and 4 active threads.
Waiting for actors to stop.
Called postfire()
Called prefire()
Called fire()
-- Read input: 1.0, which is expected to match: 1.0
Called prefire()
Called fire()
Checking for deadlock:
There are 3 Blocked actors, 0 Stopped actors, and 4 active threads.
Waiting for actors to stop.
Sent output token with value 1.5
Next port to read input from is inputB
Called postfire()
Called prefire()
Called fire()
Read input token from inputB with value 3.0
Called postfire()
-- Read input: 1.5, which is expected to match: 1.5
Called prefire()
Called fire()
Called prefire()
Called fire()
Checking for deadlock:
There are 3 Blocked actors, 0 Stopped actors, and 4 active threads.
Waiting for actors to stop.
Sent output token with value 2.0
Next port to read input from is inputA
Called postfire()
Called prefire()
Called fire()
Read input token from inputA with value 3.0
Called postfire()
-- Read input: 2.0, which is expected to match: 2.0
Called prefire()
Called fire()
Called prefire()
Called fire()
Checking for deadlock:
There are 3 Blocked actors, 0 Stopped actors, and 4 active threads.
Waiting for actors to stop.
Sent output token with value 3.0
-- Read input: 3.0, which is expected to match: 3.0
Next port to read input from is inputB
Called postfire()
Called prefire()
Called prefire()
Called fire()
Called fire()
Checking for deadlock:
There are 3 Blocked actors, 0 Stopped actors, and 4 active threads.
Waiting for actors to stop.
Called postfire()
Called prefire()
Read input token from inputB with value 4.5
Called fire()
Checking for deadlock:
Sent output token with value 3.0
There are 2 Blocked actors, 0 Stopped actors, and 4 active threads.
Waiting for actors to stop.
Next port to read input from is inputA
Called postfire()
Called prefire()
Called fire()
-- Read input: 3.0, which is expected to match: 3.0
Called prefire()
Read input token from inputA with value 4.0
Called fire()
-- Read input: 4.0, which is expected to match: 4.0
Called prefire()
Called fire()
Past the end of training data. Read and discard all inputs.
Checking for deadlock:
There are 2 Blocked actors, 0 Stopped actors, and 4 active threads.
Waiting for actors to stop.
Called postfire()
Called prefire()
Called fire()
Checking for deadlock:
There are 3 Blocked actors, 0 Stopped actors, and 4 active threads.
Waiting for actors to stop.
Sent output token with value 4.0
Next port to read input from is inputA
Called postfire()
Called prefire()
Called fire()
Read input token from inputA with value 5.0
Called postfire()
Called prefire()
Called fire()
Sent output token with value 4.5
Next port to read input from is inputB
Checking for deadlock:
Called postfire()
There are 2 Blocked actors, 0 Stopped actors, and 4 active threads.
Waiting for actors to stop.
Called prefire()
Called fire()
Called prefire()
Called fire()
Past the end of training data. Read and discard all inputs.
Read input token from inputB with value 6.0
Checking for deadlock:
Sent output token with value 5.0
There are 1 Blocked actors, 0 Stopped actors, and 4 active threads.
Waiting for actors to stop.
Next port to read input from is inputA
Called postfire()
Called prefire()
Called fire()
Called postfire()
Called prefire()
Called fire()
Read input token from inputA with value 6.0
Called postfire()
Called prefire()
Called fire()
Called prefire()
Called fire()
Past the end of training data. Read and discard all inputs.
Sent output token with value 6.0
Called prefire()
Called fire()
Past the end of training data. Read and discard all inputs.
Next port to read input from is inputB
Called postfire()
Called prefire()
Called fire()
Checking for deadlock:
There are 3 Blocked actors, 0 Stopped actors, and 4 active threads.
Waiting for actors to stop.
Checking for deadlock:
Read input token from inputB with value 7.5
There are 2 Blocked actors, 0 Stopped actors, and 4 active threads.
Waiting for actors to stop.
Sent output token with value 6.0
Called postfire()
Called prefire()
Called fire()
Next port to read input from is inputA
Called postfire()
Called prefire()
Called fire()
Called prefire()
Called fire()
Past the end of training data. Read and discard all inputs.
Checking for deadlock:
Read input token from inputA with value 7.0
There are 2 Blocked actors, 0 Stopped actors, and 4 active threads.
Waiting for actors to stop.
Called postfire()
Sent output token with value 7.0
Called prefire()
Next port to read input from is inputA
Called postfire()
Called prefire()
Called fire()
Called fire()
Read input token from inputA with value 8.0
-- Thread wrapup() called.
Called wrapup()
Thread .top.Ramp is exiting.
-- Thread stopped.
Checking for deadlock:
There are 2 Blocked actors, 0 Stopped actors, and 3 active threads.
Waiting for actors to stop.
Called prefire()
Called fire()
Past the end of training data. Read and discard all inputs.
Called prefire()
Called fire()
Past the end of training data. Read and discard all inputs.
Sent output token with value 7.5
Checking for deadlock:
There are 2 Blocked actors, 0 Stopped actors, and 3 active threads.
Waiting for actors to stop.
Next port to read input from is inputB
Called postfire()
Called prefire()
Called fire()
Read input token from inputB with value 9.0
Sent output token with value 8.0
Next port to read input from is inputA
Called postfire()
Called prefire()
Called fire()
Read input token from inputA with value 9.0
Called postfire()
Called prefire()
Called fire()
Checking for deadlock:
There are 2 Blocked actors, 0 Stopped actors, and 3 active threads.
Waiting for actors to stop.
Called prefire()
Called fire()
Past the end of training data. Read and discard all inputs.
Sent output token with value 9.0
Called prefire()
Called fire()
Past the end of training data. Read and discard all inputs.
Next port to read input from is inputB
Called postfire()
Called prefire()
Called fire()
Checking for deadlock:
There are 2 Blocked actors, 0 Stopped actors, and 3 active threads.
Waiting for actors to stop.
Called postfire()
Called prefire()
Called fire()
Read input token from inputB with value 10.5
Sent output token with value 9.0
Next port to read input from is inputA
Called postfire()
Called prefire()
Called fire()
Called prefire()
Called fire()
Past the end of training data. Read and discard all inputs.
Checking for deadlock:
There are 3 Blocked actors, 0 Stopped actors, and 3 active threads.
Actors have stopped.
Checking for deadlock:
There are 3 Blocked actors, 0 Stopped actors, and 3 active threads.
Deadlock detected.
Resolving Deadlock
Checking for deadlock:
There are 3 Blocked actors, 0 Stopped actors, and 3 active threads.
Artificial Deadlock - increasing queue capacity.
increasing the capacity of receiver ptolemy.actor.TypedIOPort {.top.OrderedMerge.inputB} to 2
-- Thread wrapup() called.
Called wrapup()
Thread .top.Ramp2 is exiting.
-- Thread stopped.
Director: Called postfire().
Called postfire().
_stopRequested = false
_stopFireRequested = false
Returning from postfire(): true
Called fire().
Checking for deadlock:
There are 2 Blocked actors, 0 Stopped actors, and 2 active threads.
Actors have stopped.
Checking for deadlock:
There are 2 Blocked actors, 0 Stopped actors, and 2 active threads.
Deadlock detected.
Resolving Deadlock
Checking for deadlock:
There are 2 Blocked actors, 0 Stopped actors, and 2 active threads.
Deadlock detected: no processes blocked on write, but some are blocked on read.
Called postfire().
_stopRequested = false
_stopFireRequested = false
Returning from postfire(): false
Finished deactivating branches.
Called wrapup().
-- Thread wrapup() called.
Called wrapup()
Thread .top.Test is exiting.
-- Thread stopped.
-- Blocked Receiver call threw TerminateProcessException.
-- Thread wrapup() called.
Called wrapup()
Thread .top.OrderedMerge is exiting.
-- Thread stopped.
-- Blocked Receiver call threw TerminateProcessException.
63 ms. Memory: 167936K Free: 130892K (78%)
.top. Preinitializing ...
Invoking preinitialize():  .top.OrderedMerge
Called preinitialize()
Invoking preinitialize():  .top.Ramp
Called preinitialize()
Invoking preinitialize():  .top.Ramp2
Called preinitialize()
Invoking preinitialize():  .top.Test
Called preinitialize()
.top. Finished preinitialize().
Called initialize().
Invoking initialize():  .top.OrderedMerge
Initializing actor: .top.OrderedMerge
Adding a thread: .top.OrderedMerge
Invoking initialize():  .top.Ramp
Initializing actor: .top.Ramp
Adding a thread: .top.Ramp
Invoking initialize():  .top.Ramp2
Initializing actor: .top.Ramp2
Adding a thread: .top.Ramp2
Invoking initialize():  .top.Test
Initializing actor: .top.Test
Adding a thread: .top.Test
-- Starting thread.
-- Starting thread.
Called initialize()
Called prefire()
Called fire()
-- Starting thread.
Called initialize()
Called prefire()
Called fire()
-- Starting thread.
Called initialize()
Called prefire()
Called fire()
Called initialize()
Called fire().
Checking for deadlock:
There are 0 Blocked actors, 0 Stopped actors, and 4 active threads.
Waiting for actors to stop.
Called prefire()
Called fire()
Called postfire()
Called prefire()
Called fire()
Called postfire()
Called prefire()
Called fire()
Read input token from inputA with value 0.0
Next port to read input from is inputB
Called postfire()
Called prefire()
Called fire()
Read input token from inputB with value 0.0
Sent output token with value 0.0
Next port to read input from is inputA
Called postfire()
Called prefire()
Called fire()
Called postfire()
Called prefire()
Called fire()
Checking for deadlock:
There are 2 Blocked actors, 0 Stopped actors, and 4 active threads.
Waiting for actors to stop.
Called postfire()
Called prefire()
Called fire()
-- Read input: 0.0, which is expected to match: 0.0
Called prefire()
Called fire()
Checking for deadlock:
There are 3 Blocked actors, 0 Stopped actors, and 4 active threads.
Waiting for actors to stop.
Read input token from inputA with value 1.0
Sent output token with value 0.0
Next port to read input from is inputB
Called postfire()
Called prefire()
Called fire()
Read input token from inputB with value 1.5
Checking for deadlock:
There are 1 Blocked actors, 0 Stopped actors, and 4 active threads.
Waiting for actors to stop.
-- Read input: 0.0, which is expected to match: 0.0
Called prefire()
Called fire()
Checking for deadlock:
There are 1 Blocked actors, 0 Stopped actors, and 4 active threads.
Waiting for actors to stop.
Called postfire()
Called prefire()
Called fire()
Called postfire()
Called prefire()
Called fire()
Checking for deadlock:
There are 3 Blocked actors, 0 Stopped actors, and 4 active threads.
Waiting for actors to stop.
Sent output token with value 1.0
Next port to read input from is inputA
Called postfire()
Called prefire()
Called fire()
Read input token from inputA with value 2.0
-- Read input: 1.0, which is expected to match: 1.0
Called prefire()
Called fire()
Checking for deadlock:
There are 2 Blocked actors, 0 Stopped actors, and 4 active threads.
Waiting for actors to stop.
Called postfire()
Called prefire()
Called fire()
Checking for deadlock:
There are 3 Blocked actors, 0 Stopped actors, and 4 active threads.
Waiting for actors to stop.
Sent output token with value 1.5
-- Read input: 1.5, which is expected to match: 1.5
Called prefire()
Called fire()
Checking for deadlock:
There are 3 Blocked actors, 0 Stopped actors, and 4 active threads.
Waiting for actors to stop.
Next port to read input from is inputB
Called postfire()
Called prefire()
Called fire()
Called postfire()
Called prefire()
Called fire()
Checking for deadlock:
There are 3 Blocked actors, 0 Stopped actors, and 4 active threads.
Waiting for actors to stop.
Read input token from inputB with value 3.0
Sent output token with value 2.0
Next port to read input from is inputA
Called postfire()
Called prefire()
Called fire()
Read input token from inputA with value 3.0
-- Read input: 2.0, which is expected to match: 2.0
Called prefire()
Called fire()
Checking for deadlock:
There are 2 Blocked actors, 0 Stopped actors, and 4 active threads.
Waiting for actors to stop.
Called postfire()
Called prefire()
Called fire()
Checking for deadlock:
There are 3 Blocked actors, 0 Stopped actors, and 4 active threads.
Waiting for actors to stop.
Sent output token with value 3.0
Next port to read input from is inputB
Called postfire()
Called prefire()
Called fire()
Read input token from inputB with value 4.5
-- Read input: 3.0, which is expected to match: 3.0
Called prefire()
Called fire()
Checking for deadlock:
There are 2 Blocked actors, 0 Stopped actors, and 4 active threads.
Waiting for actors to stop.
Called postfire()
Called prefire()
Called fire()
Checking for deadlock:
There are 3 Blocked actors, 0 Stopped actors, and 4 active threads.
Waiting for actors to stop.
Sent output token with value 3.0
Next port to read input from is inputA
Called postfire()
Called prefire()
Called fire()
Read input token from inputA with value 4.0
-- Read input: 3.0, which is expected to match: 3.0
Called prefire()
Called fire()
Checking for deadlock:
There are 2 Blocked actors, 0 Stopped actors, and 4 active threads.
Waiting for actors to stop.
Called postfire()
Called prefire()
Called fire()
Sent output token with value 4.0
Next port to read input from is inputA
Called postfire()
Called prefire()
Called fire()
Read input token from inputA with value 5.0
Checking for deadlock:
There are 2 Blocked actors, 0 Stopped actors, and 4 active threads.
Waiting for actors to stop.
-- Read input: 4.0, which is expected to match: 4.0
Called prefire()
Called fire()
Past the end of training data. Read and discard all inputs.
Checking for deadlock:
There are 2 Blocked actors, 0 Stopped actors, and 4 active threads.
Waiting for actors to stop.
Called postfire()
Called prefire()
Called fire()
Checking for deadlock:
There are 3 Blocked actors, 0 Stopped actors, and 4 active threads.
Waiting for actors to stop.
Sent output token with value 4.5
Next port to read input from is inputB
Called postfire()
Called prefire()
Called fire()
Read input token from inputB with value 6.0
Called prefire()
Called fire()
Past the end of training data. Read and discard all inputs.
Checking for deadlock:
There are 2 Blocked actors, 0 Stopped actors, and 4 active threads.
Waiting for actors to stop.
Called postfire()
Called prefire()
Called fire()
Checking for deadlock:
There are 3 Blocked actors, 0 Stopped actors, and 4 active threads.
Waiting for actors to stop.
Sent output token with value 5.0
Next port to read input from is inputA
Called postfire()
Called prefire()
Called fire()
Read input token from inputA with value 6.0
Called prefire()
Called fire()
Past the end of training data. Read and discard all inputs.
Checking for deadlock:
There are 2 Blocked actors, 0 Stopped actors, and 4 active threads.
Waiting for actors to stop.
Called postfire()
Called prefire()
Called fire()
Sent output token with value 6.0
Next port to read input from is inputB
Called postfire()
Called prefire()
Called fire()
Read input token from inputB with value 7.5
Checking for deadlock:
There are 2 Blocked actors, 0 Stopped actors, and 4 active threads.
Waiting for actors to stop.
Called prefire()
Called fire()
Past the end of training data. Read and discard all inputs.
Called postfire()
Called prefire()
Called fire()
Checking for deadlock:
There are 3 Blocked actors, 0 Stopped actors, and 4 active threads.
Waiting for actors to stop.
Sent output token with value 6.0
Next port to read input from is inputA
Called postfire()
Called prefire()
Called fire()
Read input token from inputA with value 7.0
Checking for deadlock:
There are 2 Blocked actors, 0 Stopped actors, and 4 active threads.
Waiting for actors to stop.
Called prefire()
Called fire()
Past the end of training data. Read and discard all inputs.
Called postfire()
Called prefire()
Called fire()
Checking for deadlock:
There are 3 Blocked actors, 0 Stopped actors, and 4 active threads.
Waiting for actors to stop.
Sent output token with value 7.0
Next port to read input from is inputA
Called postfire()
Called prefire()
Called fire()
Read input token from inputA with value 8.0
-- Thread wrapup() called.
Called wrapup()
Thread .top.Ramp is exiting.
-- Thread stopped.
Checking for deadlock:
There are 2 Blocked actors, 0 Stopped actors, and 3 active threads.
Waiting for actors to stop.
Called prefire()
Called fire()
Past the end of training data. Read and discard all inputs.
Checking for deadlock:
There are 2 Blocked actors, 0 Stopped actors, and 3 active threads.
Waiting for actors to stop.
Called prefire()
Called fire()
Past the end of training data. Read and discard all inputs.
Checking for deadlock:
There are 2 Blocked actors, 0 Stopped actors, and 3 active threads.
Waiting for actors to stop.
Sent output token with value 7.5
Next port to read input from is inputB
Called postfire()
Called prefire()
Called fire()
Checking for deadlock:
There are 1 Blocked actors, 0 Stopped actors, and 3 active threads.
Waiting for actors to stop.
Called postfire()
Called prefire()
Called fire()
Checking for deadlock:
There are 2 Blocked actors, 0 Stopped actors, and 3 active threads.
Waiting for actors to stop.
Read input token from inputB with value 9.0
Sent output token with value 8.0
Next port to read input from is inputA
Called postfire()
Called prefire()
Called fire()
Read input token from inputA with value 9.0
Checking for deadlock:
There are 2 Blocked actors, 0 Stopped actors, and 3 active threads.
Waiting for actors to stop.
Called prefire()
Called fire()
Past the end of training data. Read and discard all inputs.
Checking for deadlock:
There are 2 Blocked actors, 0 Stopped actors, and 3 active threads.
Waiting for actors to stop.
Called prefire()
Called fire()
Past the end of training data. Read and discard all inputs.
Checking for deadlock:
There are 2 Blocked actors, 0 Stopped actors, and 3 active threads.
Waiting for actors to stop.
Sent output token with value 9.0
Next port to read input from is inputB
Called postfire()
Called prefire()
Called fire()
Checking for deadlock:
There are 1 Blocked actors, 0 Stopped actors, and 3 active threads.
Waiting for actors to stop.
Called postfire()
Called prefire()
Called fire()
Checking for deadlock:
There are 2 Blocked actors, 0 Stopped actors, and 3 active threads.
Waiting for actors to stop.
Read input token from inputB with value 10.5
Checking for deadlock:
There are 1 Blocked actors, 0 Stopped actors, and 3 active threads.
Waiting for actors to stop.
Called prefire()
Called fire()
Past the end of training data. Read and discard all inputs.
Checking for deadlock:
There are 2 Blocked actors, 0 Stopped actors, and 3 active threads.
Waiting for actors to stop.
Sent output token with value 9.0
Next port to read input from is inputA
Called postfire()
Called prefire()
Called fire()
Checking for deadlock:
There are 3 Blocked actors, 0 Stopped actors, and 3 active threads.
Actors have stopped.
Checking for deadlock:
There are 3 Blocked actors, 0 Stopped actors, and 3 active threads.
Deadlock detected.
Resolving Deadlock
Checking for deadlock:
There are 3 Blocked actors, 0 Stopped actors, and 3 active threads.
Artificial Deadlock - increasing queue capacity.
increasing the capacity of receiver ptolemy.actor.TypedIOPort {.top.OrderedMerge.inputB} to 2
Director: Called postfire().
Called postfire().
_stopRequested = false
_stopFireRequested = false
Returning from postfire(): true
Called fire().
Checking for deadlock:
There are 2 Blocked actors, 0 Stopped actors, and 3 active threads.
Waiting for actors to stop.
-- Thread wrapup() called.
Called wrapup()
Thread .top.Ramp2 is exiting.
-- Thread stopped.
Checking for deadlock:
There are 2 Blocked actors, 0 Stopped actors, and 2 active threads.
Actors have stopped.
Checking for deadlock:
There are 2 Blocked actors, 0 Stopped actors, and 2 active threads.
Deadlock detected.
Resolving Deadlock
Checking for deadlock:
There are 2 Blocked actors, 0 Stopped actors, and 2 active threads.
Deadlock detected: no processes blocked on write, but some are blocked on read.
Called postfire().
_stopRequested = false
_stopFireRequested = false
Returning from postfire(): false
Finished deactivating branches.
Called wrapup().
-- Thread wrapup() called.
Called wrapup()
-- Thread wrapup() called.
Called wrapup()
Thread .top.OrderedMerge is exiting.
-- Thread stopped.
-- Blocked Receiver call threw TerminateProcessException.
Thread .top.Test is exiting.
-- Thread stopped.
-- Blocked Receiver call threw TerminateProcessException.
39 ms. Memory: 167936K Free: 128330K (76%)
/home/travis/build/icyphy/ptII/ptolemy/actor/lib/test/Publisher.tcl
18 ms. Memory: 167936K Free: 122172K (73%)
17 ms. Memory: 167936K Free: 117052K (70%)
3 ms. Memory: 167936K Free: 112940K (67%)
8 ms. Memory: 167936K Free: 111946K (67%)
4 ms. Memory: 167936K Free: 111436K (66%)
13 ms. Memory: 167936K Free: 110412K (66%)
3 ms. Memory: 167936K Free: 109884K (65%)
13 ms. Memory: 167936K Free: 108874K (65%)
16 ms. Memory: 167936K Free: 99148K (59%)
4 ms. Memory: 167936K Free: 95548K (57%)
2 ms. Memory: 167936K Free: 94524K (56%)
5 ms. Memory: 167936K Free: 92490K (55%)
14 ms. Memory: 167936K Free: 85322K (51%)
5 ms. Memory: 167936K Free: 76106K (45%)
6 ms. Memory: 167936K Free: 64842K (39%)
/home/travis/build/icyphy/ptII/ptolemy/actor/lib/test/Pulse.tcl
5 ms. Memory: 210944K Free: 165776K (79%)
10 ms. Memory: 210944K Free: 165280K (78%)
1 ms. Memory: 210944K Free: 164752K (78%)
2 ms. Memory: 210944K Free: 164256K (78%)
2 ms. Memory: 210944K Free: 163742K (78%)
10 ms. Memory: 210944K Free: 162208K (77%)
9 ms. Memory: 210944K Free: 161680K (77%)
8 ms. Memory: 210944K Free: 160656K (76%)
1 ms. Memory: 210944K Free: 160160K (76%)
/home/travis/build/icyphy/ptII/ptolemy/actor/lib/test/Ramp.tcl
10 ms. Memory: 210944K Free: 158112K (75%)
2 ms. Memory: 210944K Free: 157568K (75%)
2 ms. Memory: 210944K Free: 156574K (74%)
2 ms. Memory: 210944K Free: 155550K (74%)
24 ms. Memory: 210944K Free: 194276K (92%)
5 ms. Memory: 210944K Free: 193250K (92%)
20 ms. Memory: 210944K Free: 192740K (91%)
5 actors
22000 microseconds per iteration to create
5 ms. Memory: 210944K Free: 189668K (90%)
8 ms. Memory: 210944K Free: 189140K (90%)
6 ms. Memory: 210944K Free: 188644K (89%)
3 ms. Memory: 210944K Free: 188116K (89%)
50 actors
52000 microseconds per iteration to create
44 ms. Memory: 210944K Free: 172260K (82%)
9 ms. Memory: 210944K Free: 171236K (81%)
13 ms. Memory: 210944K Free: 170212K (81%)
5 ms. Memory: 210944K Free: 169188K (80%)
500 actors
1719000 microseconds per iteration to create
239 ms. Memory: 210944K Free: 128251K (61%)
39 ms. Memory: 210944K Free: 123131K (58%)
38 ms. Memory: 210944K Free: 118011K (56%)
38 ms. Memory: 210944K Free: 112377K (53%)
/home/travis/build/icyphy/ptII/ptolemy/actor/lib/test/RampContinuous.tcl
7 ms. Memory: 210944K Free: 111353K (53%)
/home/travis/build/icyphy/ptII/ptolemy/actor/lib/test/RecordAssembler.tcl
5 ms. Memory: 210944K Free: 109819K (52%)
2 ms. Memory: 210944K Free: 108795K (52%)
/home/travis/build/icyphy/ptII/ptolemy/actor/lib/test/RecordDisassembler.tcl
6 ms. Memory: 210944K Free: 106747K (51%)
2 ms. Memory: 210944K Free: 106227K (50%)
3 ms. Memory: 210944K Free: 104699K (50%)
/home/travis/build/icyphy/ptII/ptolemy/actor/lib/test/Scale.tcl
3 ms. Memory: 210944K Free: 103147K (49%)
2 ms. Memory: 210944K Free: 102123K (48%)
2 ms. Memory: 210944K Free: 101627K (48%)
2 ms. Memory: 210944K Free: 100603K (48%)
3 ms. Memory: 210944K Free: 100075K (47%)
/home/travis/build/icyphy/ptII/ptolemy/actor/lib/test/SequentialClock.tcl
preinitializing
resolving types
initializing
executing number 1
wrapping up
idle
2 ms. Memory: 210944K Free: 98555K (47%)
Completed execution with 5 iterations
preinitializing
resolving types
initializing
executing number 1
wrapping up
idle
1 ms. Memory: 210944K Free: 98027K (46%)
Completed execution with 5 iterations
preinitializing
resolving types
initializing
executing number 1
wrapping up
idle
2 ms. Memory: 210944K Free: 97531K (46%)
Completed execution with 5 iterations
/home/travis/build/icyphy/ptII/ptolemy/actor/lib/test/SetVariable.tcl
4 ms. Memory: 210944K Free: 95483K (45%)


==== $PTII/ptolemy/actor/lib/test/SetVariable.tcl: SetVariable-3.1 changeFailed
==== Contents of test case:

    #Uses 2.1 above
    jdkCaptureErr {
        # This test was failing if we ran Exit.tcl and then this test.
        # MessageHandler.error() now actually throws the Exception.
	catch {$setVariable changeFailed [java::null]  [java::new Exception {Test exception for SetVariable.changeFailed()}]} errMsg
    } results
    list [string range $results 0 89] "\n" $errMsg

==== Result was:
{java.lang.Exception: Test exception for SetVariable.changeFailed()
	at java.base/jdk.inter} {
} {java.lang.RuntimeException: java.lang.Exception: Test exception for SetVariable.changeFailed()}
---- Result should have been:
{java.lang.Exception: Test exception for SetVariable.changeFailed()
	at sun.reflect.NativeC} {
} {java.lang.RuntimeException: java.lang.Exception: Test exception for SetVariable.changeFailed()}
---- SetVariable-3.1 FAILED
/home/travis/build/icyphy/ptII/ptolemy/actor/lib/test/Sinewave.tcl
/home/travis/build/icyphy/ptII/ptolemy/actor/lib/test/SubscriptionAggregator.tcl
5 ms. Memory: 210944K Free: 83195K (39%)
11 ms. Memory: 210944K Free: 82681K (39%)
5 ms. Memory: 210944K Free: 82171K (39%)
0 ms. Memory: 210944K Free: 81657K (39%)
2 ms. Memory: 210944K Free: 78585K (37%)
16 ms. Memory: 210944K Free: 76027K (36%)
...............................................................1093 ms. Memory: 272384K Free: 137033K (50%)
/home/travis/build/icyphy/ptII/ptolemy/actor/lib/test/Test.tcl
 The next command will produce a warning about training mode,
   which may be ignored.
4 ms. Memory: 272384K Free: 134985K (50%)
8 ms. Memory: 272384K Free: 133961K (49%)
2 ms. Memory: 272384K Free: 133433K (49%)
1 ms. Memory: 272384K Free: 132937K (49%)
3 ms. Memory: 272384K Free: 132423K (49%)
3 ms. Memory: 272384K Free: 130889K (48%)
3 ms. Memory: 272384K Free: 129865K (48%)
 The next command will produce a warning about training mode,
   which may be ignored.
3 ms. Memory: 272384K Free: 127303K (47%)
 The next command will produce a warning about training mode,
   which may be ignored.
2 ms. Memory: 272384K Free: 126279K (46%)
1 ms. Memory: 272384K Free: 125769K (46%)
1 ms. Memory: 272384K Free: 125241K (46%)
1 ms. Memory: 272384K Free: 124745K (46%)
6 ms. Memory: 272384K Free: 123721K (45%)
3 ms. Memory: 272384K Free: 120129K (44%)
/home/travis/build/icyphy/ptII/ptolemy/actor/lib/test/TestExceptionHandler.tcl
 The next command will produce a warning about training mode,
   which may be ignored.
2 ms. Memory: 272384K Free: 118601K (44%)
0 ms. Memory: 272384K Free: 118081K (43%)
1 ms. Memory: 272384K Free: 117577K (43%)
/home/travis/build/icyphy/ptII/ptolemy/actor/lib/test/UnionDisassembler.tcl
21 ms. Memory: 272384K Free: 110409K (41%)
/home/travis/build/icyphy/ptII/ptolemy/actor/lib/test/VariableClock.tcl
preinitializing
resolving types
initializing
executing number 1
wrapping up
idle
3 ms. Memory: 272384K Free: 108361K (40%)
Completed execution with 11 iterations
preinitializing
resolving types
initializing
executing number 1
wrapping up
idle
3 ms. Memory: 272384K Free: 106823K (39%)
Completed execution with 10 iterations
07/07/19 04:51:27
Failed: 1  Total Tests: 234  ((Passed: 233, Newly Passed: 0)  Known Failed: 0) /home/travis/build/icyphy/ptII/ptolemy/actor/lib/test
----------------- testing (KnownFailure) /home/travis/build/icyphy/ptII/ptolemy/actor/lib/test/auto/knownFailedTests/PublisherPortToplevelSubscriber.xml
1 ms. Memory: 272384K Free: 103751K (38%)
Known Failure: java.lang.reflect.InvocationTargetException
----------------- testing (KnownFailure) /home/travis/build/icyphy/ptII/ptolemy/actor/lib/test/auto/knownFailedTests/PublisherSubscriberPortToplevel.xml
1 ms. Memory: 272384K Free: 99655K (37%)
Known Failure: java.lang.reflect.InvocationTargetException
----------------- testing (KnownFailure) /home/travis/build/icyphy/ptII/ptolemy/actor/lib/test/auto/knownFailedTests/PublisherSubscriptionAggregatorPort.xml
0 ms. Memory: 272384K Free: 95559K (35%)
Known Failure: java.lang.reflect.InvocationTargetException
----------------- testing (KnownFailure) /home/travis/build/icyphy/ptII/ptolemy/actor/lib/test/auto/knownFailedTests/sizedarray3.xml
4 ms. Memory: 272384K Free: 90953K (33%)
Known Failure: java.lang.reflect.InvocationTargetException
No auto/linux-amd64/*.xml tests in /home/travis/build/icyphy/ptII/ptolemy/actor/lib/test
AutoTests.java: About to close Vertx.
AutoTests.java: Vertx closed.

===========================================================================================
----------------- testing Sun Jul 07 04:51:28 UTC 2019 /home/travis/build/icyphy/ptII/ptolemy/actor/lib/test/auto/AbsoluteValue.xml
----------------- Instantiating /home/travis/build/icyphy/ptII/ptolemy/actor/lib/test/auto/AbsoluteValue.xml
8 ms. Memory: 272384K Free: 206135K (76%)
----------------- Invoking toplevel() on ptolemy.moml.MoMLSimpleApplication@bbfe009
----------------- Done invoking toplevel() on ptolemy.moml.MoMLSimpleApplication@bbfe009
reloadAllAccessors: .AbsoluteValue

===========================================================================================
----------------- testing Sun Jul 07 04:51:28 UTC 2019 /home/travis/build/icyphy/ptII/ptolemy/actor/lib/test/auto/AbsoluteValue2.xml
----------------- Instantiating /home/travis/build/icyphy/ptII/ptolemy/actor/lib/test/auto/AbsoluteValue2.xml
5 ms. Memory: 272384K Free: 199477K (73%)
----------------- Invoking toplevel() on ptolemy.moml.MoMLSimpleApplication@28c656e5
----------------- Done invoking toplevel() on ptolemy.moml.MoMLSimpleApplication@28c656e5
reloadAllAccessors: .AbsoluteValue2

===========================================================================================
----------------- testing Sun Jul 07 04:51:28 UTC 2019 /home/travis/build/icyphy/ptII/ptolemy/actor/lib/test/auto/Accumulator.xml
----------------- Instantiating /home/travis/build/icyphy/ptII/ptolemy/actor/lib/test/auto/Accumulator.xml
5 ms. Memory: 272384K Free: 192823K (71%)
----------------- Invoking toplevel() on ptolemy.moml.MoMLSimpleApplication@2c00d78
----------------- Done invoking toplevel() on ptolemy.moml.MoMLSimpleApplication@2c00d78
reloadAllAccessors: .Accumulator

===========================================================================================
----------------- testing Sun Jul 07 04:51:28 UTC 2019 /home/travis/build/icyphy/ptII/ptolemy/actor/lib/test/auto/Accumulator2.xml
----------------- Instantiating /home/travis/build/icyphy/ptII/ptolemy/actor/lib/test/auto/Accumulator2.xml
3 ms. Memory: 272384K Free: 187703K (69%)
----------------- Invoking toplevel() on ptolemy.moml.MoMLSimpleApplication@b748f9a
----------------- Done invoking toplevel() on ptolemy.moml.MoMLSimpleApplication@b748f9a
reloadAllAccessors: .Accumulator2

===========================================================================================
----------------- testing Sun Jul 07 04:51:28 UTC 2019 /home/travis/build/icyphy/ptII/ptolemy/actor/lib/test/auto/Accumulator3.xml
----------------- Instantiating /home/travis/build/icyphy/ptII/ptolemy/actor/lib/test/auto/Accumulator3.xml
3 ms. Memory: 272384K Free: 183093K (67%)
----------------- Invoking toplevel() on ptolemy.moml.MoMLSimpleApplication@6cf48f5a
----------------- Done invoking toplevel() on ptolemy.moml.MoMLSimpleApplication@6cf48f5a
reloadAllAccessors: .Accumulator3

===========================================================================================
----------------- testing Sun Jul 07 04:51:28 UTC 2019 /home/travis/build/icyphy/ptII/ptolemy/actor/lib/test/auto/ArrayAppend.xml
----------------- Instantiating /home/travis/build/icyphy/ptII/ptolemy/actor/lib/test/auto/ArrayAppend.xml
5 ms. Memory: 272384K Free: 176934K (65%)
----------------- Invoking toplevel() on ptolemy.moml.MoMLSimpleApplication@14252118
----------------- Done invoking toplevel() on ptolemy.moml.MoMLSimpleApplication@14252118
reloadAllAccessors: .ArrayAppend

===========================================================================================
----------------- testing Sun Jul 07 04:51:28 UTC 2019 /home/travis/build/icyphy/ptII/ptolemy/actor/lib/test/auto/ArrayAppend2.xml
----------------- Instantiating /home/travis/build/icyphy/ptII/ptolemy/actor/lib/test/auto/ArrayAppend2.xml
353 ms. Memory: 272384K Free: 94005K (35%)
----------------- Invoking toplevel() on ptolemy.moml.MoMLSimpleApplication@12d73116
----------------- Done invoking toplevel() on ptolemy.moml.MoMLSimpleApplication@12d73116
reloadAllAccessors: .ArrayAppend2

===========================================================================================
----------------- testing Sun Jul 07 04:51:28 UTC 2019 /home/travis/build/icyphy/ptII/ptolemy/actor/lib/test/auto/ArrayAppend3.xml
----------------- Instantiating /home/travis/build/icyphy/ptII/ptolemy/actor/lib/test/auto/ArrayAppend3.xml
3 ms. Memory: 272384K Free: 88885K (33%)
----------------- Invoking toplevel() on ptolemy.moml.MoMLSimpleApplication@71ef5657
----------------- Done invoking toplevel() on ptolemy.moml.MoMLSimpleApplication@71ef5657
reloadAllAccessors: .ArrayAppend3

===========================================================================================
----------------- testing Sun Jul 07 04:51:28 UTC 2019 /home/travis/build/icyphy/ptII/ptolemy/actor/lib/test/auto/ArrayAppend4.xml
----------------- Instantiating /home/travis/build/icyphy/ptII/ptolemy/actor/lib/test/auto/ArrayAppend4.xml
4 ms. Memory: 470016K Free: 421343K (90%)
----------------- Invoking toplevel() on ptolemy.moml.MoMLSimpleApplication@5e3ef823
----------------- Done invoking toplevel() on ptolemy.moml.MoMLSimpleApplication@5e3ef823
reloadAllAccessors: .ArrayAppend4

===========================================================================================
----------------- testing Sun Jul 07 04:51:29 UTC 2019 /home/travis/build/icyphy/ptII/ptolemy/actor/lib/test/auto/ArrayAppend5.xml
----------------- Instantiating /home/travis/build/icyphy/ptII/ptolemy/actor/lib/test/auto/ArrayAppend5.xml
3 ms. Memory: 470016K Free: 415744K (88%)
----------------- Invoking toplevel() on ptolemy.moml.MoMLSimpleApplication@70b42e39
----------------- Done invoking toplevel() on ptolemy.moml.MoMLSimpleApplication@70b42e39
reloadAllAccessors: .ArrayAppend5

===========================================================================================
----------------- testing Sun Jul 07 04:51:29 UTC 2019 /home/travis/build/icyphy/ptII/ptolemy/actor/lib/test/auto/ArrayAppend6.xml
----------------- Instantiating /home/travis/build/icyphy/ptII/ptolemy/actor/lib/test/auto/ArrayAppend6.xml
4 ms. Memory: 470016K Free: 410624K (87%)
----------------- Invoking toplevel() on ptolemy.moml.MoMLSimpleApplication@11685f3c
----------------- Done invoking toplevel() on ptolemy.moml.MoMLSimpleApplication@11685f3c
reloadAllAccessors: .ArrayAppend6

===========================================================================================
----------------- testing Sun Jul 07 04:51:29 UTC 2019 /home/travis/build/icyphy/ptII/ptolemy/actor/lib/test/auto/ArrayAppendPerformanceTest.xml
----------------- Instantiating /home/travis/build/icyphy/ptII/ptolemy/actor/lib/test/auto/ArrayAppendPerformanceTest.xml
46 ms. Memory: 470016K Free: 398846K (85%)
----------------- Invoking toplevel() on ptolemy.moml.MoMLSimpleApplication@18305f8f
----------------- Done invoking toplevel() on ptolemy.moml.MoMLSimpleApplication@18305f8f
reloadAllAccessors: .ArrayAppendPerformanceTest

===========================================================================================
----------------- testing Sun Jul 07 04:51:29 UTC 2019 /home/travis/build/icyphy/ptII/ptolemy/actor/lib/test/auto/ArrayAppendWithEmptyInput.xml
----------------- Instantiating /home/travis/build/icyphy/ptII/ptolemy/actor/lib/test/auto/ArrayAppendWithEmptyInput.xml
21 ms. Memory: 470016K Free: 391168K (83%)
----------------- Invoking toplevel() on ptolemy.moml.MoMLSimpleApplication@49a2d9da
----------------- Done invoking toplevel() on ptolemy.moml.MoMLSimpleApplication@49a2d9da
reloadAllAccessors: .ArrayAppendWithEmptyInput

===========================================================================================
----------------- testing Sun Jul 07 04:51:29 UTC 2019 /home/travis/build/icyphy/ptII/ptolemy/actor/lib/test/auto/ArrayAverage.xml
----------------- Instantiating /home/travis/build/icyphy/ptII/ptolemy/actor/lib/test/auto/ArrayAverage.xml
14 ms. Memory: 470016K Free: 382976K (81%)
----------------- Invoking toplevel() on ptolemy.moml.MoMLSimpleApplication@2cd9abc0
----------------- Done invoking toplevel() on ptolemy.moml.MoMLSimpleApplication@2cd9abc0
reloadAllAccessors: .ArrayAverage

===========================================================================================
----------------- testing Sun Jul 07 04:51:29 UTC 2019 /home/travis/build/icyphy/ptII/ptolemy/actor/lib/test/auto/ArrayContains.xml
----------------- Instantiating /home/travis/build/icyphy/ptII/ptolemy/actor/lib/test/auto/ArrayContains.xml
8 ms. Memory: 470016K Free: 377342K (80%)
----------------- Invoking toplevel() on ptolemy.moml.MoMLSimpleApplication@33f96941
----------------- Done invoking toplevel() on ptolemy.moml.MoMLSimpleApplication@33f96941
reloadAllAccessors: .ArrayContains

===========================================================================================
----------------- testing Sun Jul 07 04:51:29 UTC 2019 /home/travis/build/icyphy/ptII/ptolemy/actor/lib/test/auto/ArrayElement.xml
----------------- Instantiating /home/travis/build/icyphy/ptII/ptolemy/actor/lib/test/auto/ArrayElement.xml
9 ms. Memory: 470016K Free: 371198K (79%)
----------------- Invoking toplevel() on ptolemy.moml.MoMLSimpleApplication@6a042acc
----------------- Done invoking toplevel() on ptolemy.moml.MoMLSimpleApplication@6a042acc
reloadAllAccessors: .ArrayElement

===========================================================================================
----------------- testing Sun Jul 07 04:51:29 UTC 2019 /home/travis/build/icyphy/ptII/ptolemy/actor/lib/test/auto/ArrayElementAsMatrix.xml
----------------- Instantiating /home/travis/build/icyphy/ptII/ptolemy/actor/lib/test/auto/ArrayElementAsMatrix.xml
23 ms. Memory: 470016K Free: 361472K (77%)
----------------- Invoking toplevel() on ptolemy.moml.MoMLSimpleApplication@32b816c3
----------------- Done invoking toplevel() on ptolemy.moml.MoMLSimpleApplication@32b816c3
reloadAllAccessors: .ArrayElementAsMatrix

===========================================================================================
----------------- testing Sun Jul 07 04:51:29 UTC 2019 /home/travis/build/icyphy/ptII/ptolemy/actor/lib/test/auto/ArrayElementI.xml
----------------- Instantiating /home/travis/build/icyphy/ptII/ptolemy/actor/lib/test/auto/ArrayElementI.xml
5 ms. Memory: 470016K Free: 356352K (76%)
----------------- Invoking toplevel() on ptolemy.moml.MoMLSimpleApplication@5857eced
----------------- Done invoking toplevel() on ptolemy.moml.MoMLSimpleApplication@5857eced
reloadAllAccessors: .ArrayElementI

===========================================================================================
----------------- testing Sun Jul 07 04:51:29 UTC 2019 /home/travis/build/icyphy/ptII/ptolemy/actor/lib/test/auto/ArrayExtract.xml
----------------- Instantiating /home/travis/build/icyphy/ptII/ptolemy/actor/lib/test/auto/ArrayExtract.xml
14 ms. Memory: 470016K Free: 348670K (74%)
----------------- Invoking toplevel() on ptolemy.moml.MoMLSimpleApplication@64f88f42
----------------- Done invoking toplevel() on ptolemy.moml.MoMLSimpleApplication@64f88f42
reloadAllAccessors: .ArrayExtract

===========================================================================================
----------------- testing Sun Jul 07 04:51:29 UTC 2019 /home/travis/build/icyphy/ptII/ptolemy/actor/lib/test/auto/ArrayExtract2.xml
----------------- Instantiating /home/travis/build/icyphy/ptII/ptolemy/actor/lib/test/auto/ArrayExtract2.xml
6 ms. Memory: 470016K Free: 343519K (73%)
----------------- Invoking toplevel() on ptolemy.moml.MoMLSimpleApplication@2901f11f
----------------- Done invoking toplevel() on ptolemy.moml.MoMLSimpleApplication@2901f11f
reloadAllAccessors: .ArrayExtract2

===========================================================================================
----------------- testing Sun Jul 07 04:51:29 UTC 2019 /home/travis/build/icyphy/ptII/ptolemy/actor/lib/test/auto/ArrayLength.xml
----------------- Instantiating /home/travis/build/icyphy/ptII/ptolemy/actor/lib/test/auto/ArrayLength.xml
2 ms. Memory: 470016K Free: 339454K (72%)
----------------- Invoking toplevel() on ptolemy.moml.MoMLSimpleApplication@18cd6d9e
----------------- Done invoking toplevel() on ptolemy.moml.MoMLSimpleApplication@18cd6d9e
reloadAllAccessors: .ArrayLength

===========================================================================================
----------------- testing Sun Jul 07 04:51:29 UTC 2019 /home/travis/build/icyphy/ptII/ptolemy/actor/lib/test/auto/ArrayLevelCrossing.xml
----------------- Instantiating /home/travis/build/icyphy/ptII/ptolemy/actor/lib/test/auto/ArrayLevelCrossing.xml
4 ms. Memory: 470016K Free: 331776K (71%)
----------------- Invoking toplevel() on ptolemy.moml.MoMLSimpleApplication@3d7be57c
----------------- Done invoking toplevel() on ptolemy.moml.MoMLSimpleApplication@3d7be57c
reloadAllAccessors: .ArrayLevelCrossing

===========================================================================================
----------------- testing Sun Jul 07 04:51:29 UTC 2019 /home/travis/build/icyphy/ptII/ptolemy/actor/lib/test/auto/ArrayLevelCrossing2.xml
----------------- Instantiating /home/travis/build/icyphy/ptII/ptolemy/actor/lib/test/auto/ArrayLevelCrossing2.xml
3 ms. Memory: 470016K Free: 324608K (69%)
----------------- Invoking toplevel() on ptolemy.moml.MoMLSimpleApplication@a23ce9c
----------------- Done invoking toplevel() on ptolemy.moml.MoMLSimpleApplication@a23ce9c
reloadAllAccessors: .ArrayLevelCrossing2

===========================================================================================
----------------- testing Sun Jul 07 04:51:29 UTC 2019 /home/travis/build/icyphy/ptII/ptolemy/actor/lib/test/auto/ArrayPeakSearch.xml
----------------- Instantiating /home/travis/build/icyphy/ptII/ptolemy/actor/lib/test/auto/ArrayPeakSearch.xml
5 ms. Memory: 470016K Free: 315902K (67%)
----------------- Invoking toplevel() on ptolemy.moml.MoMLSimpleApplication@321b37c5
----------------- Done invoking toplevel() on ptolemy.moml.MoMLSimpleApplication@321b37c5
reloadAllAccessors: .ArrayPeakSearch

===========================================================================================
----------------- testing Sun Jul 07 04:51:29 UTC 2019 /home/travis/build/icyphy/ptII/ptolemy/actor/lib/test/auto/ArrayPeakSearch2.xml
----------------- Instantiating /home/travis/build/icyphy/ptII/ptolemy/actor/lib/test/auto/ArrayPeakSearch2.xml
6 ms. Memory: 470016K Free: 305152K (65%)
----------------- Invoking toplevel() on ptolemy.moml.MoMLSimpleApplication@1ad74745
----------------- Done invoking toplevel() on ptolemy.moml.MoMLSimpleApplication@1ad74745
reloadAllAccessors: .ArrayPeakSearch2

===========================================================================================
----------------- testing Sun Jul 07 04:51:29 UTC 2019 /home/travis/build/icyphy/ptII/ptolemy/actor/lib/test/auto/ArrayPeakSearch3.xml
----------------- Instantiating /home/travis/build/icyphy/ptII/ptolemy/actor/lib/test/auto/ArrayPeakSearch3.xml
8 ms. Memory: 470016K Free: 296446K (63%)
----------------- Invoking toplevel() on ptolemy.moml.MoMLSimpleApplication@4092350c
----------------- Done invoking toplevel() on ptolemy.moml.MoMLSimpleApplication@4092350c
reloadAllAccessors: .ArrayPeakSearch3

===========================================================================================
----------------- testing Sun Jul 07 04:51:29 UTC 2019 /home/travis/build/icyphy/ptII/ptolemy/actor/lib/test/auto/ArrayRemoveElement.xml
----------------- Instantiating /home/travis/build/icyphy/ptII/ptolemy/actor/lib/test/auto/ArrayRemoveElement.xml
4 ms. Memory: 470016K Free: 288254K (61%)
----------------- Invoking toplevel() on ptolemy.moml.MoMLSimpleApplication@41dd600f
----------------- Done invoking toplevel() on ptolemy.moml.MoMLSimpleApplication@41dd600f
reloadAllAccessors: .ArrayRemoveElement

===========================================================================================
----------------- testing Sun Jul 07 04:51:29 UTC 2019 /home/travis/build/icyphy/ptII/ptolemy/actor/lib/test/auto/ArraySort.xml
----------------- Instantiating /home/travis/build/icyphy/ptII/ptolemy/actor/lib/test/auto/ArraySort.xml
7 ms. Memory: 470016K Free: 279552K (59%)
----------------- Invoking toplevel() on ptolemy.moml.MoMLSimpleApplication@571cf213
----------------- Done invoking toplevel() on ptolemy.moml.MoMLSimpleApplication@571cf213
reloadAllAccessors: .ArraySort

===========================================================================================
----------------- testing Sun Jul 07 04:51:30 UTC 2019 /home/travis/build/icyphy/ptII/ptolemy/actor/lib/test/auto/ArraySum.xml
----------------- Instantiating /home/travis/build/icyphy/ptII/ptolemy/actor/lib/test/auto/ArraySum.xml
5 ms. Memory: 470016K Free: 273918K (58%)
----------------- Invoking toplevel() on ptolemy.moml.MoMLSimpleApplication@199a3c1b
----------------- Done invoking toplevel() on ptolemy.moml.MoMLSimpleApplication@199a3c1b
reloadAllAccessors: .ArraySum

===========================================================================================
----------------- testing Sun Jul 07 04:51:30 UTC 2019 /home/travis/build/icyphy/ptII/ptolemy/actor/lib/test/auto/ArrayToElements.xml
----------------- Instantiating /home/travis/build/icyphy/ptII/ptolemy/actor/lib/test/auto/ArrayToElements.xml
10 ms. Memory: 470016K Free: 268798K (57%)
----------------- Invoking toplevel() on ptolemy.moml.MoMLSimpleApplication@3a1534ac
----------------- Done invoking toplevel() on ptolemy.moml.MoMLSimpleApplication@3a1534ac
reloadAllAccessors: .ArrayToElements

===========================================================================================
----------------- testing Sun Jul 07 04:51:30 UTC 2019 /home/travis/build/icyphy/ptII/ptolemy/actor/lib/test/auto/ArrayToMatrix.xml
----------------- Instantiating /home/travis/build/icyphy/ptII/ptolemy/actor/lib/test/auto/ArrayToMatrix.xml
12 ms. Memory: 470016K Free: 254462K (54%)
----------------- Invoking toplevel() on ptolemy.moml.MoMLSimpleApplication@9a2cac1
----------------- Done invoking toplevel() on ptolemy.moml.MoMLSimpleApplication@9a2cac1
reloadAllAccessors: .ArrayToMatrix

===========================================================================================
----------------- testing Sun Jul 07 04:51:30 UTC 2019 /home/travis/build/icyphy/ptII/ptolemy/actor/lib/test/auto/ArrayUpdate1.xml
----------------- Instantiating /home/travis/build/icyphy/ptII/ptolemy/actor/lib/test/auto/ArrayUpdate1.xml
5 ms. Memory: 470016K Free: 249856K (53%)
----------------- Invoking toplevel() on ptolemy.moml.MoMLSimpleApplication@66d3078a
----------------- Done invoking toplevel() on ptolemy.moml.MoMLSimpleApplication@66d3078a
reloadAllAccessors: .ArrayUpdate1

===========================================================================================
----------------- testing Sun Jul 07 04:51:30 UTC 2019 /home/travis/build/icyphy/ptII/ptolemy/actor/lib/test/auto/ArrayUpdate2.xml
----------------- Instantiating /home/travis/build/icyphy/ptII/ptolemy/actor/lib/test/auto/ArrayUpdate2.xml
16 ms. Memory: 470016K Free: 243712K (52%)
----------------- Invoking toplevel() on ptolemy.moml.MoMLSimpleApplication@70b62157
----------------- Done invoking toplevel() on ptolemy.moml.MoMLSimpleApplication@70b62157
reloadAllAccessors: .ArrayUpdate2

===========================================================================================
----------------- testing Sun Jul 07 04:51:30 UTC 2019 /home/travis/build/icyphy/ptII/ptolemy/actor/lib/test/auto/ArrayUpdate3.xml
----------------- Instantiating /home/travis/build/icyphy/ptII/ptolemy/actor/lib/test/auto/ArrayUpdate3.xml
4 ms. Memory: 470016K Free: 239102K (51%)
----------------- Invoking toplevel() on ptolemy.moml.MoMLSimpleApplication@6e08904a
----------------- Done invoking toplevel() on ptolemy.moml.MoMLSimpleApplication@6e08904a
reloadAllAccessors: .ArrayUpdate3

===========================================================================================
----------------- testing Sun Jul 07 04:51:30 UTC 2019 /home/travis/build/icyphy/ptII/ptolemy/actor/lib/test/auto/Assert1.xml
----------------- Instantiating /home/travis/build/icyphy/ptII/ptolemy/actor/lib/test/auto/Assert1.xml
3 ms. Memory: 470016K Free: 234496K (50%)
----------------- Invoking toplevel() on ptolemy.moml.MoMLSimpleApplication@5552e671
----------------- Done invoking toplevel() on ptolemy.moml.MoMLSimpleApplication@5552e671
reloadAllAccessors: .Assert1

===========================================================================================
----------------- testing Sun Jul 07 04:51:30 UTC 2019 /home/travis/build/icyphy/ptII/ptolemy/actor/lib/test/auto/Assert2.xml
----------------- Instantiating /home/travis/build/icyphy/ptII/ptolemy/actor/lib/test/auto/Assert2.xml
3 ms. Memory: 470016K Free: 229376K (49%)
----------------- Invoking toplevel() on ptolemy.moml.MoMLSimpleApplication@48b5b75b
----------------- Done invoking toplevel() on ptolemy.moml.MoMLSimpleApplication@48b5b75b
reloadAllAccessors: .Assert2

===========================================================================================
----------------- testing Sun Jul 07 04:51:30 UTC 2019 /home/travis/build/icyphy/ptII/ptolemy/actor/lib/test/auto/BooleanMultiplexor.xml
----------------- Instantiating /home/travis/build/icyphy/ptII/ptolemy/actor/lib/test/auto/BooleanMultiplexor.xml
2 ms. Memory: 470016K Free: 223711K (48%)
----------------- Invoking toplevel() on ptolemy.moml.MoMLSimpleApplication@2631d24e
----------------- Done invoking toplevel() on ptolemy.moml.MoMLSimpleApplication@2631d24e
reloadAllAccessors: .BooleanMultiplexor

===========================================================================================
----------------- testing Sun Jul 07 04:51:30 UTC 2019 /home/travis/build/icyphy/ptII/ptolemy/actor/lib/test/auto/BooleanMultiplexor2.xml
----------------- Instantiating /home/travis/build/icyphy/ptII/ptolemy/actor/lib/test/auto/BooleanMultiplexor2.xml
9 ms. Memory: 470016K Free: 217598K (46%)
----------------- Invoking toplevel() on ptolemy.moml.MoMLSimpleApplication@3d8310d1
----------------- Done invoking toplevel() on ptolemy.moml.MoMLSimpleApplication@3d8310d1
reloadAllAccessors: .BooleanMultiplexor2

===========================================================================================
----------------- testing Sun Jul 07 04:51:30 UTC 2019 /home/travis/build/icyphy/ptII/ptolemy/actor/lib/test/auto/BooleanMultiplexor3.xml
----------------- Instantiating /home/travis/build/icyphy/ptII/ptolemy/actor/lib/test/auto/BooleanMultiplexor3.xml
6 ms. Memory: 470016K Free: 420862K (90%)
----------------- Invoking toplevel() on ptolemy.moml.MoMLSimpleApplication@3c77099b
----------------- Done invoking toplevel() on ptolemy.moml.MoMLSimpleApplication@3c77099b
reloadAllAccessors: .BooleanMultiplexor3

===========================================================================================
----------------- testing Sun Jul 07 04:51:30 UTC 2019 /home/travis/build/icyphy/ptII/ptolemy/actor/lib/test/auto/BooleanSelect.xml
----------------- Instantiating /home/travis/build/icyphy/ptII/ptolemy/actor/lib/test/auto/BooleanSelect.xml
12 ms. Memory: 470016K Free: 414687K (88%)
----------------- Invoking toplevel() on ptolemy.moml.MoMLSimpleApplication@559e8049
----------------- Done invoking toplevel() on ptolemy.moml.MoMLSimpleApplication@559e8049
reloadAllAccessors: .BooleanSelect

===========================================================================================
----------------- testing Sun Jul 07 04:51:30 UTC 2019 /home/travis/build/icyphy/ptII/ptolemy/actor/lib/test/auto/BooleanSelect2.xml
----------------- Instantiating /home/travis/build/icyphy/ptII/ptolemy/actor/lib/test/auto/BooleanSelect2.xml
2 ms. Memory: 470016K Free: 410112K (87%)
----------------- Invoking toplevel() on ptolemy.moml.MoMLSimpleApplication@4703b65a
----------------- Done invoking toplevel() on ptolemy.moml.MoMLSimpleApplication@4703b65a
reloadAllAccessors: .BooleanSelect2

===========================================================================================
----------------- testing Sun Jul 07 04:51:30 UTC 2019 /home/travis/build/icyphy/ptII/ptolemy/actor/lib/test/auto/BooleanSwitch.xml
----------------- Instantiating /home/travis/build/icyphy/ptII/ptolemy/actor/lib/test/auto/BooleanSwitch.xml
10 ms. Memory: 470016K Free: 404478K (86%)
----------------- Invoking toplevel() on ptolemy.moml.MoMLSimpleApplication@4417d53d
----------------- Done invoking toplevel() on ptolemy.moml.MoMLSimpleApplication@4417d53d
reloadAllAccessors: .BooleanSwitch

===========================================================================================
----------------- testing Sun Jul 07 04:51:30 UTC 2019 /home/travis/build/icyphy/ptII/ptolemy/actor/lib/test/auto/BooleanSwitch2.xml
----------------- Instantiating /home/travis/build/icyphy/ptII/ptolemy/actor/lib/test/auto/BooleanSwitch2.xml
1 ms. Memory: 470016K Free: 399872K (85%)
----------------- Invoking toplevel() on ptolemy.moml.MoMLSimpleApplication@4f2240f9
----------------- Done invoking toplevel() on ptolemy.moml.MoMLSimpleApplication@4f2240f9
reloadAllAccessors: .BooleanSwitch2

===========================================================================================
----------------- testing Sun Jul 07 04:51:30 UTC 2019 /home/travis/build/icyphy/ptII/ptolemy/actor/lib/test/auto/BooleanSwitchCloningBugWithClassRelationGroup.xml
----------------- Instantiating /home/travis/build/icyphy/ptII/ptolemy/actor/lib/test/auto/BooleanSwitchCloningBugWithClassRelationGroup.xml
2 ms. Memory: 470016K Free: 393728K (84%)
----------------- Invoking toplevel() on ptolemy.moml.MoMLSimpleApplication@6438e252
----------------- Done invoking toplevel() on ptolemy.moml.MoMLSimpleApplication@6438e252
reloadAllAccessors: .BooleanSwitchCloningBugWithClassRelationGroup

===========================================================================================
----------------- testing Sun Jul 07 04:51:30 UTC 2019 /home/travis/build/icyphy/ptII/ptolemy/actor/lib/test/auto/BusActors.xml
----------------- Instantiating /home/travis/build/icyphy/ptII/ptolemy/actor/lib/test/auto/BusActors.xml
12 ms. Memory: 470016K Free: 385536K (82%)
----------------- Invoking toplevel() on ptolemy.moml.MoMLSimpleApplication@16761a4f
----------------- Done invoking toplevel() on ptolemy.moml.MoMLSimpleApplication@16761a4f
reloadAllAccessors: .BusActors

===========================================================================================
----------------- testing Sun Jul 07 04:51:30 UTC 2019 /home/travis/build/icyphy/ptII/ptolemy/actor/lib/test/auto/ClassWrapper.xml
----------------- Instantiating /home/travis/build/icyphy/ptII/ptolemy/actor/lib/test/auto/ClassWrapper.xml
3 ms. Memory: 470016K Free: 381440K (81%)
----------------- Invoking toplevel() on ptolemy.moml.MoMLSimpleApplication@288db486
----------------- Done invoking toplevel() on ptolemy.moml.MoMLSimpleApplication@288db486
reloadAllAccessors: .ClassWrapper

===========================================================================================
----------------- testing Sun Jul 07 04:51:30 UTC 2019 /home/travis/build/icyphy/ptII/ptolemy/actor/lib/test/auto/Clock.xml
----------------- Instantiating /home/travis/build/icyphy/ptII/ptolemy/actor/lib/test/auto/Clock.xml
1 ms. Memory: 470016K Free: 377344K (80%)
----------------- Invoking toplevel() on ptolemy.moml.MoMLSimpleApplication@4c0bfd1f
----------------- Done invoking toplevel() on ptolemy.moml.MoMLSimpleApplication@4c0bfd1f
reloadAllAccessors: .Clock

===========================================================================================
----------------- testing Sun Jul 07 04:51:30 UTC 2019 /home/travis/build/icyphy/ptII/ptolemy/actor/lib/test/auto/Clock10.xml
----------------- Instantiating /home/travis/build/icyphy/ptII/ptolemy/actor/lib/test/auto/Clock10.xml
3 ms. Memory: 470016K Free: 371710K (79%)
----------------- Invoking toplevel() on ptolemy.moml.MoMLSimpleApplication@60bdf767
----------------- Done invoking toplevel() on ptolemy.moml.MoMLSimpleApplication@60bdf767
reloadAllAccessors: .Clock10

===========================================================================================
----------------- testing Sun Jul 07 04:51:30 UTC 2019 /home/travis/build/icyphy/ptII/ptolemy/actor/lib/test/auto/Clock11.xml
----------------- Instantiating /home/travis/build/icyphy/ptII/ptolemy/actor/lib/test/auto/Clock11.xml
2 ms. Memory: 470016K Free: 365566K (78%)
----------------- Invoking toplevel() on ptolemy.moml.MoMLSimpleApplication@749b852a
----------------- Done invoking toplevel() on ptolemy.moml.MoMLSimpleApplication@749b852a
reloadAllAccessors: .Clock11

===========================================================================================
----------------- testing Sun Jul 07 04:51:30 UTC 2019 /home/travis/build/icyphy/ptII/ptolemy/actor/lib/test/auto/Clock12.xml
----------------- Instantiating /home/travis/build/icyphy/ptII/ptolemy/actor/lib/test/auto/Clock12.xml
6 ms. Memory: 470016K Free: 359936K (77%)
----------------- Invoking toplevel() on ptolemy.moml.MoMLSimpleApplication@31f924ac
----------------- Done invoking toplevel() on ptolemy.moml.MoMLSimpleApplication@31f924ac
reloadAllAccessors: .Clock12

===========================================================================================
----------------- testing Sun Jul 07 04:51:30 UTC 2019 /home/travis/build/icyphy/ptII/ptolemy/actor/lib/test/auto/Clock13.xml
----------------- Instantiating /home/travis/build/icyphy/ptII/ptolemy/actor/lib/test/auto/Clock13.xml
10 ms. Memory: 470016K Free: 353790K (75%)
----------------- Invoking toplevel() on ptolemy.moml.MoMLSimpleApplication@2235f1d8
----------------- Done invoking toplevel() on ptolemy.moml.MoMLSimpleApplication@2235f1d8
reloadAllAccessors: .Clock13

===========================================================================================
----------------- testing Sun Jul 07 04:51:30 UTC 2019 /home/travis/build/icyphy/ptII/ptolemy/actor/lib/test/auto/Clock14.xml
----------------- Instantiating /home/travis/build/icyphy/ptII/ptolemy/actor/lib/test/auto/Clock14.xml
7 ms. Memory: 470016K Free: 348143K (74%)
----------------- Invoking toplevel() on ptolemy.moml.MoMLSimpleApplication@6f38e9a6
----------------- Done invoking toplevel() on ptolemy.moml.MoMLSimpleApplication@6f38e9a6
reloadAllAccessors: .Clock14

===========================================================================================
----------------- testing Sun Jul 07 04:51:30 UTC 2019 /home/travis/build/icyphy/ptII/ptolemy/actor/lib/test/auto/Clock15.xml
----------------- Instantiating /home/travis/build/icyphy/ptII/ptolemy/actor/lib/test/auto/Clock15.xml
5 ms. Memory: 470016K Free: 341983K (73%)
----------------- Invoking toplevel() on ptolemy.moml.MoMLSimpleApplication@7dcfe457
----------------- Done invoking toplevel() on ptolemy.moml.MoMLSimpleApplication@7dcfe457
reloadAllAccessors: .Clock15

===========================================================================================
----------------- testing Sun Jul 07 04:51:30 UTC 2019 /home/travis/build/icyphy/ptII/ptolemy/actor/lib/test/auto/Clock16.xml
----------------- Instantiating /home/travis/build/icyphy/ptII/ptolemy/actor/lib/test/auto/Clock16.xml
35 ms. Memory: 470016K Free: 327671K (70%)
----------------- Invoking toplevel() on ptolemy.moml.MoMLSimpleApplication@a389e9e
----------------- Done invoking toplevel() on ptolemy.moml.MoMLSimpleApplication@a389e9e
reloadAllAccessors: .Clock16

===========================================================================================
----------------- testing Sun Jul 07 04:51:30 UTC 2019 /home/travis/build/icyphy/ptII/ptolemy/actor/lib/test/auto/Clock17.xml
----------------- Instantiating /home/travis/build/icyphy/ptII/ptolemy/actor/lib/test/auto/Clock17.xml
28 ms. Memory: 470016K Free: 313856K (67%)
----------------- Invoking toplevel() on ptolemy.moml.MoMLSimpleApplication@76981993
----------------- Done invoking toplevel() on ptolemy.moml.MoMLSimpleApplication@76981993
reloadAllAccessors: .Clock17

===========================================================================================
----------------- testing Sun Jul 07 04:51:30 UTC 2019 /home/travis/build/icyphy/ptII/ptolemy/actor/lib/test/auto/Clock18.xml
----------------- Instantiating /home/travis/build/icyphy/ptII/ptolemy/actor/lib/test/auto/Clock18.xml
27 ms. Memory: 470016K Free: 300544K (64%)
----------------- Invoking toplevel() on ptolemy.moml.MoMLSimpleApplication@2618f285
----------------- Done invoking toplevel() on ptolemy.moml.MoMLSimpleApplication@2618f285
reloadAllAccessors: .Clock18

===========================================================================================
----------------- testing Sun Jul 07 04:51:31 UTC 2019 /home/travis/build/icyphy/ptII/ptolemy/actor/lib/test/auto/Clock19.xml
----------------- Instantiating /home/travis/build/icyphy/ptII/ptolemy/actor/lib/test/auto/Clock19.xml
16 ms. Memory: 470016K Free: 287742K (61%)
----------------- Invoking toplevel() on ptolemy.moml.MoMLSimpleApplication@280d015a
----------------- Done invoking toplevel() on ptolemy.moml.MoMLSimpleApplication@280d015a
reloadAllAccessors: .Clock19

===========================================================================================
----------------- testing Sun Jul 07 04:51:31 UTC 2019 /home/travis/build/icyphy/ptII/ptolemy/actor/lib/test/auto/Clock2.xml
----------------- Instantiating /home/travis/build/icyphy/ptII/ptolemy/actor/lib/test/auto/Clock2.xml
9 ms. Memory: 470016K Free: 282607K (60%)
----------------- Invoking toplevel() on ptolemy.moml.MoMLSimpleApplication@1cbc9f9f
----------------- Done invoking toplevel() on ptolemy.moml.MoMLSimpleApplication@1cbc9f9f
reloadAllAccessors: .Clock2

===========================================================================================
----------------- testing Sun Jul 07 04:51:31 UTC 2019 /home/travis/build/icyphy/ptII/ptolemy/actor/lib/test/auto/Clock20.xml
----------------- Instantiating /home/travis/build/icyphy/ptII/ptolemy/actor/lib/test/auto/Clock20.xml
11 ms. Memory: 470016K Free: 277502K (59%)
----------------- Invoking toplevel() on ptolemy.moml.MoMLSimpleApplication@21b7e7df
----------------- Done invoking toplevel() on ptolemy.moml.MoMLSimpleApplication@21b7e7df
reloadAllAccessors: .Clock20

===========================================================================================
----------------- testing Sun Jul 07 04:51:31 UTC 2019 /home/travis/build/icyphy/ptII/ptolemy/actor/lib/test/auto/Clock21.xml
----------------- Instantiating /home/travis/build/icyphy/ptII/ptolemy/actor/lib/test/auto/Clock21.xml
9 ms. Memory: 470016K Free: 271872K (58%)
----------------- Invoking toplevel() on ptolemy.moml.MoMLSimpleApplication@2253b72e
----------------- Done invoking toplevel() on ptolemy.moml.MoMLSimpleApplication@2253b72e
reloadAllAccessors: .Clock21

===========================================================================================
----------------- testing Sun Jul 07 04:51:31 UTC 2019 /home/travis/build/icyphy/ptII/ptolemy/actor/lib/test/auto/Clock22.xml
----------------- Instantiating /home/travis/build/icyphy/ptII/ptolemy/actor/lib/test/auto/Clock22.xml
5 ms. Memory: 470016K Free: 266238K (57%)
----------------- Invoking toplevel() on ptolemy.moml.MoMLSimpleApplication@2e13ae30
----------------- Done invoking toplevel() on ptolemy.moml.MoMLSimpleApplication@2e13ae30
reloadAllAccessors: .Clock22

===========================================================================================
----------------- testing Sun Jul 07 04:51:31 UTC 2019 /home/travis/build/icyphy/ptII/ptolemy/actor/lib/test/auto/Clock23.xml
----------------- Instantiating /home/travis/build/icyphy/ptII/ptolemy/actor/lib/test/auto/Clock23.xml
6 ms. Memory: 470016K Free: 261118K (56%)
----------------- Invoking toplevel() on ptolemy.moml.MoMLSimpleApplication@7452e2aa
----------------- Done invoking toplevel() on ptolemy.moml.MoMLSimpleApplication@7452e2aa
reloadAllAccessors: .Clock23

===========================================================================================
----------------- testing Sun Jul 07 04:51:31 UTC 2019 /home/travis/build/icyphy/ptII/ptolemy/actor/lib/test/auto/Clock24.xml
----------------- Instantiating /home/travis/build/icyphy/ptII/ptolemy/actor/lib/test/auto/Clock24.xml
5 ms. Memory: 470016K Free: 255488K (54%)
----------------- Invoking toplevel() on ptolemy.moml.MoMLSimpleApplication@238b7c3c
----------------- Done invoking toplevel() on ptolemy.moml.MoMLSimpleApplication@238b7c3c
reloadAllAccessors: .Clock24

===========================================================================================
----------------- testing Sun Jul 07 04:51:31 UTC 2019 /home/travis/build/icyphy/ptII/ptolemy/actor/lib/test/auto/Clock4.xml
----------------- Instantiating /home/travis/build/icyphy/ptII/ptolemy/actor/lib/test/auto/Clock4.xml
2 ms. Memory: 470016K Free: 250863K (53%)
----------------- Invoking toplevel() on ptolemy.moml.MoMLSimpleApplication@598ea29c
----------------- Done invoking toplevel() on ptolemy.moml.MoMLSimpleApplication@598ea29c
reloadAllAccessors: .Clock4

===========================================================================================
----------------- testing Sun Jul 07 04:51:31 UTC 2019 /home/travis/build/icyphy/ptII/ptolemy/actor/lib/test/auto/Clock5.xml
----------------- Instantiating /home/travis/build/icyphy/ptII/ptolemy/actor/lib/test/auto/Clock5.xml
2 ms. Memory: 470016K Free: 244734K (52%)
----------------- Invoking toplevel() on ptolemy.moml.MoMLSimpleApplication@776bf4a1
----------------- Done invoking toplevel() on ptolemy.moml.MoMLSimpleApplication@776bf4a1
reloadAllAccessors: .Clock5

===========================================================================================
----------------- testing Sun Jul 07 04:51:31 UTC 2019 /home/travis/build/icyphy/ptII/ptolemy/actor/lib/test/auto/Clock6.xml
----------------- Instantiating /home/travis/build/icyphy/ptII/ptolemy/actor/lib/test/auto/Clock6.xml
2 ms. Memory: 470016K Free: 240128K (51%)
----------------- Invoking toplevel() on ptolemy.moml.MoMLSimpleApplication@6ca5cdb9
----------------- Done invoking toplevel() on ptolemy.moml.MoMLSimpleApplication@6ca5cdb9
reloadAllAccessors: .Clock6

===========================================================================================
----------------- testing Sun Jul 07 04:51:31 UTC 2019 /home/travis/build/icyphy/ptII/ptolemy/actor/lib/test/auto/Clock7.xml
----------------- Instantiating /home/travis/build/icyphy/ptII/ptolemy/actor/lib/test/auto/Clock7.xml
2 ms. Memory: 470016K Free: 235518K (50%)
----------------- Invoking toplevel() on ptolemy.moml.MoMLSimpleApplication@69c47345
----------------- Done invoking toplevel() on ptolemy.moml.MoMLSimpleApplication@69c47345
reloadAllAccessors: .Clock7

===========================================================================================
----------------- testing Sun Jul 07 04:51:31 UTC 2019 /home/travis/build/icyphy/ptII/ptolemy/actor/lib/test/auto/Clock8.xml
----------------- Instantiating /home/travis/build/icyphy/ptII/ptolemy/actor/lib/test/auto/Clock8.xml
5 ms. Memory: 470016K Free: 229888K (49%)
----------------- Invoking toplevel() on ptolemy.moml.MoMLSimpleApplication@6ee99189
----------------- Done invoking toplevel() on ptolemy.moml.MoMLSimpleApplication@6ee99189
reloadAllAccessors: .Clock8

===========================================================================================
----------------- testing Sun Jul 07 04:51:31 UTC 2019 /home/travis/build/icyphy/ptII/ptolemy/actor/lib/test/auto/Clock9.xml
----------------- Instantiating /home/travis/build/icyphy/ptII/ptolemy/actor/lib/test/auto/Clock9.xml
7 ms. Memory: 470016K Free: 224768K (48%)
----------------- Invoking toplevel() on ptolemy.moml.MoMLSimpleApplication@7fbc39bb
----------------- Done invoking toplevel() on ptolemy.moml.MoMLSimpleApplication@7fbc39bb
reloadAllAccessors: .Clock9

===========================================================================================
----------------- testing Sun Jul 07 04:51:31 UTC 2019 /home/travis/build/icyphy/ptII/ptolemy/actor/lib/test/auto/CommDistDiscard.xml
----------------- Instantiating /home/travis/build/icyphy/ptII/ptolemy/actor/lib/test/auto/CommDistDiscard.xml
4 ms. Memory: 470016K Free: 219134K (47%)
----------------- Invoking toplevel() on ptolemy.moml.MoMLSimpleApplication@4dc6eceb
----------------- Done invoking toplevel() on ptolemy.moml.MoMLSimpleApplication@4dc6eceb
reloadAllAccessors: .CommDistDiscard

===========================================================================================
----------------- testing Sun Jul 07 04:51:31 UTC 2019 /home/travis/build/icyphy/ptII/ptolemy/actor/lib/test/auto/Commutator.xml
----------------- Instantiating /home/travis/build/icyphy/ptII/ptolemy/actor/lib/test/auto/Commutator.xml
4 ms. Memory: 470016K Free: 215038K (46%)
----------------- Invoking toplevel() on ptolemy.moml.MoMLSimpleApplication@55ab6ca2
----------------- Done invoking toplevel() on ptolemy.moml.MoMLSimpleApplication@55ab6ca2
reloadAllAccessors: .Commutator

===========================================================================================
----------------- testing Sun Jul 07 04:51:31 UTC 2019 /home/travis/build/icyphy/ptII/ptolemy/actor/lib/test/auto/Commutator2.xml
----------------- Instantiating /home/travis/build/icyphy/ptII/ptolemy/actor/lib/test/auto/Commutator2.xml
2 ms. Memory: 470016K Free: 210432K (45%)
----------------- Invoking toplevel() on ptolemy.moml.MoMLSimpleApplication@464165b0
----------------- Done invoking toplevel() on ptolemy.moml.MoMLSimpleApplication@464165b0
reloadAllAccessors: .Commutator2

===========================================================================================
----------------- testing Sun Jul 07 04:51:31 UTC 2019 /home/travis/build/icyphy/ptII/ptolemy/actor/lib/test/auto/Commutator3.xml
----------------- Instantiating /home/travis/build/icyphy/ptII/ptolemy/actor/lib/test/auto/Commutator3.xml
2 ms. Memory: 470016K Free: 205822K (44%)
----------------- Invoking toplevel() on ptolemy.moml.MoMLSimpleApplication@68a45239
----------------- Done invoking toplevel() on ptolemy.moml.MoMLSimpleApplication@68a45239
reloadAllAccessors: .Commutator3

===========================================================================================
----------------- testing Sun Jul 07 04:51:31 UTC 2019 /home/travis/build/icyphy/ptII/ptolemy/actor/lib/test/auto/Compare.xml
----------------- Instantiating /home/travis/build/icyphy/ptII/ptolemy/actor/lib/test/auto/Compare.xml
2 ms. Memory: 470016K Free: 199678K (42%)
----------------- Invoking toplevel() on ptolemy.moml.MoMLSimpleApplication@56f35472
----------------- Done invoking toplevel() on ptolemy.moml.MoMLSimpleApplication@56f35472
reloadAllAccessors: .Compare

===========================================================================================
----------------- testing Sun Jul 07 04:51:31 UTC 2019 /home/travis/build/icyphy/ptII/ptolemy/actor/lib/test/auto/CompareDE.xml
----------------- Instantiating /home/travis/build/icyphy/ptII/ptolemy/actor/lib/test/auto/CompareDE.xml
4 ms. Memory: 470016K Free: 192495K (41%)
----------------- Invoking toplevel() on ptolemy.moml.MoMLSimpleApplication@6b017245
----------------- Done invoking toplevel() on ptolemy.moml.MoMLSimpleApplication@6b017245
reloadAllAccessors: .CompareDE

===========================================================================================
----------------- testing Sun Jul 07 04:51:31 UTC 2019 /home/travis/build/icyphy/ptII/ptolemy/actor/lib/test/auto/ComplexDivide.xml
----------------- Instantiating /home/travis/build/icyphy/ptII/ptolemy/actor/lib/test/auto/ComplexDivide.xml
1 ms. Memory: 470016K Free: 188414K (40%)
----------------- Invoking toplevel() on ptolemy.moml.MoMLSimpleApplication@6b4fc3fb
----------------- Done invoking toplevel() on ptolemy.moml.MoMLSimpleApplication@6b4fc3fb
reloadAllAccessors: .ComplexDivide

===========================================================================================
----------------- testing Sun Jul 07 04:51:31 UTC 2019 /home/travis/build/icyphy/ptII/ptolemy/actor/lib/test/auto/ComputeHistogram.xml
----------------- Instantiating /home/travis/build/icyphy/ptII/ptolemy/actor/lib/test/auto/ComputeHistogram.xml
35 ms. Memory: 470016K Free: 176126K (37%)
----------------- Invoking toplevel() on ptolemy.moml.MoMLSimpleApplication@4be2d153
----------------- Done invoking toplevel() on ptolemy.moml.MoMLSimpleApplication@4be2d153
reloadAllAccessors: .ComputeHistogram

===========================================================================================
----------------- testing Sun Jul 07 04:51:31 UTC 2019 /home/travis/build/icyphy/ptII/ptolemy/actor/lib/test/auto/ConfigurationSelect.xml
----------------- Instantiating /home/travis/build/icyphy/ptII/ptolemy/actor/lib/test/auto/ConfigurationSelect.xml
8 ms. Memory: 470016K Free: 170496K (36%)
----------------- Invoking toplevel() on ptolemy.moml.MoMLSimpleApplication@6386b768
----------------- Done invoking toplevel() on ptolemy.moml.MoMLSimpleApplication@6386b768
reloadAllAccessors: .ConfigurationSelect

===========================================================================================
----------------- testing Sun Jul 07 04:51:31 UTC 2019 /home/travis/build/icyphy/ptII/ptolemy/actor/lib/test/auto/ConfigurationSelect2.xml
----------------- Instantiating /home/travis/build/icyphy/ptII/ptolemy/actor/lib/test/auto/ConfigurationSelect2.xml
2 ms. Memory: 470016K Free: 166400K (35%)
----------------- Invoking toplevel() on ptolemy.moml.MoMLSimpleApplication@63a8c374
----------------- Done invoking toplevel() on ptolemy.moml.MoMLSimpleApplication@63a8c374
reloadAllAccessors: .ConfigurationSelect2

===========================================================================================
----------------- testing Sun Jul 07 04:51:31 UTC 2019 /home/travis/build/icyphy/ptII/ptolemy/actor/lib/test/auto/ConfigurationSwitch.xml
----------------- Instantiating /home/travis/build/icyphy/ptII/ptolemy/actor/lib/test/auto/ConfigurationSwitch.xml
2 ms. Memory: 470016K Free: 160766K (34%)
----------------- Invoking toplevel() on ptolemy.moml.MoMLSimpleApplication@69a8f44c
----------------- Done invoking toplevel() on ptolemy.moml.MoMLSimpleApplication@69a8f44c
reloadAllAccessors: .ConfigurationSwitch

===========================================================================================
----------------- testing Sun Jul 07 04:51:31 UTC 2019 /home/travis/build/icyphy/ptII/ptolemy/actor/lib/test/auto/ConfigurationSwitch2.xml
----------------- Instantiating /home/travis/build/icyphy/ptII/ptolemy/actor/lib/test/auto/ConfigurationSwitch2.xml
2 ms. Memory: 470016K Free: 418862K (89%)
----------------- Invoking toplevel() on ptolemy.moml.MoMLSimpleApplication@15796df7
----------------- Done invoking toplevel() on ptolemy.moml.MoMLSimpleApplication@15796df7
reloadAllAccessors: .ConfigurationSwitch2

===========================================================================================
----------------- testing Sun Jul 07 04:51:31 UTC 2019 /home/travis/build/icyphy/ptII/ptolemy/actor/lib/test/auto/ConfigurationSwitchCloningBugWithClassRelationGroup.xml
----------------- Instantiating /home/travis/build/icyphy/ptII/ptolemy/actor/lib/test/auto/ConfigurationSwitchCloningBugWithClassRelationGroup.xml
2 ms. Memory: 470016K Free: 412204K (88%)
----------------- Invoking toplevel() on ptolemy.moml.MoMLSimpleApplication@19d5b99b
----------------- Done invoking toplevel() on ptolemy.moml.MoMLSimpleApplication@19d5b99b
reloadAllAccessors: .ConfigurationSwitchCloningBugWithClassRelationGroup

===========================================================================================
----------------- testing Sun Jul 07 04:51:31 UTC 2019 /home/travis/build/icyphy/ptII/ptolemy/actor/lib/test/auto/ConfigurationSwitchSelectSDF.xml
----------------- Instantiating /home/travis/build/icyphy/ptII/ptolemy/actor/lib/test/auto/ConfigurationSwitchSelectSDF.xml
2 ms. Memory: 470016K Free: 406574K (87%)
----------------- Invoking toplevel() on ptolemy.moml.MoMLSimpleApplication@60ca299
----------------- Done invoking toplevel() on ptolemy.moml.MoMLSimpleApplication@60ca299
reloadAllAccessors: .ConfigurationSwitchSelectSDF

===========================================================================================
----------------- testing Sun Jul 07 04:51:31 UTC 2019 /home/travis/build/icyphy/ptII/ptolemy/actor/lib/test/auto/ConfigurationSwitchSelectSDF2.xml
----------------- Instantiating /home/travis/build/icyphy/ptII/ptolemy/actor/lib/test/auto/ConfigurationSwitchSelectSDF2.xml
2 ms. Memory: 470016K Free: 401454K (85%)
----------------- Invoking toplevel() on ptolemy.moml.MoMLSimpleApplication@3315e268
----------------- Done invoking toplevel() on ptolemy.moml.MoMLSimpleApplication@3315e268
reloadAllAccessors: .ConfigurationSwitchSelectSDF2

===========================================================================================
----------------- testing Sun Jul 07 04:51:31 UTC 2019 /home/travis/build/icyphy/ptII/ptolemy/actor/lib/test/auto/Const.xml
----------------- Instantiating /home/travis/build/icyphy/ptII/ptolemy/actor/lib/test/auto/Const.xml
1 ms. Memory: 470016K Free: 397868K (85%)
----------------- Invoking toplevel() on ptolemy.moml.MoMLSimpleApplication@2f7082d6
----------------- Done invoking toplevel() on ptolemy.moml.MoMLSimpleApplication@2f7082d6
reloadAllAccessors: .Const

===========================================================================================
----------------- testing Sun Jul 07 04:51:31 UTC 2019 /home/travis/build/icyphy/ptII/ptolemy/actor/lib/test/auto/Const2.xml
----------------- Instantiating /home/travis/build/icyphy/ptII/ptolemy/actor/lib/test/auto/Const2.xml
2 ms. Memory: 470016K Free: 393772K (84%)
----------------- Invoking toplevel() on ptolemy.moml.MoMLSimpleApplication@6a5d8f5c
----------------- Done invoking toplevel() on ptolemy.moml.MoMLSimpleApplication@6a5d8f5c
reloadAllAccessors: .Const2

===========================================================================================
----------------- testing Sun Jul 07 04:51:31 UTC 2019 /home/travis/build/icyphy/ptII/ptolemy/actor/lib/test/auto/Const3.xml
----------------- Instantiating /home/travis/build/icyphy/ptII/ptolemy/actor/lib/test/auto/Const3.xml
1 ms. Memory: 470016K Free: 391214K (83%)
----------------- Invoking toplevel() on ptolemy.moml.MoMLSimpleApplication@3cc2d4ab
----------------- Done invoking toplevel() on ptolemy.moml.MoMLSimpleApplication@3cc2d4ab
reloadAllAccessors: .Const3

===========================================================================================
----------------- testing Sun Jul 07 04:51:31 UTC 2019 /home/travis/build/icyphy/ptII/ptolemy/actor/lib/test/auto/ConstantPublisherPort1.xml
----------------- Instantiating /home/travis/build/icyphy/ptII/ptolemy/actor/lib/test/auto/ConstantPublisherPort1.xml
9 ms. Memory: 470016K Free: 381998K (81%)
----------------- Invoking toplevel() on ptolemy.moml.MoMLSimpleApplication@dec94d
----------------- Done invoking toplevel() on ptolemy.moml.MoMLSimpleApplication@dec94d
reloadAllAccessors: .ConstantPublisherPort1

===========================================================================================
----------------- testing Sun Jul 07 04:51:31 UTC 2019 /home/travis/build/icyphy/ptII/ptolemy/actor/lib/test/auto/ConstantPublisherPort2.xml
----------------- Instantiating /home/travis/build/icyphy/ptII/ptolemy/actor/lib/test/auto/ConstantPublisherPort2.xml
12 ms. Memory: 470016K Free: 374316K (80%)
----------------- Invoking toplevel() on ptolemy.moml.MoMLSimpleApplication@6739f98d
----------------- Done invoking toplevel() on ptolemy.moml.MoMLSimpleApplication@6739f98d
reloadAllAccessors: .ConstantPublisherPort2

===========================================================================================
----------------- testing Sun Jul 07 04:51:31 UTC 2019 /home/travis/build/icyphy/ptII/ptolemy/actor/lib/test/auto/ConstantPublisherPort3.xml
----------------- Instantiating /home/travis/build/icyphy/ptII/ptolemy/actor/lib/test/auto/ConstantPublisherPort3.xml
6 ms. Memory: 470016K Free: 367148K (78%)
----------------- Invoking toplevel() on ptolemy.moml.MoMLSimpleApplication@212d23b1
----------------- Done invoking toplevel() on ptolemy.moml.MoMLSimpleApplication@212d23b1
reloadAllAccessors: .ConstantPublisherPort3

===========================================================================================
----------------- testing Sun Jul 07 04:51:31 UTC 2019 /home/travis/build/icyphy/ptII/ptolemy/actor/lib/test/auto/ConstantPublisherPort4.xml
----------------- Instantiating /home/travis/build/icyphy/ptII/ptolemy/actor/lib/test/auto/ConstantPublisherPort4.xml
2 ms. Memory: 470016K Free: 359980K (77%)
----------------- Invoking toplevel() on ptolemy.moml.MoMLSimpleApplication@69677894
----------------- Done invoking toplevel() on ptolemy.moml.MoMLSimpleApplication@69677894
reloadAllAccessors: .ConstantPublisherPort4

===========================================================================================
----------------- testing Sun Jul 07 04:51:31 UTC 2019 /home/travis/build/icyphy/ptII/ptolemy/actor/lib/test/auto/ConstantPublisherPort5.xml
----------------- Instantiating /home/travis/build/icyphy/ptII/ptolemy/actor/lib/test/auto/ConstantPublisherPort5.xml
26 ms. Memory: 470016K Free: 350254K (75%)
----------------- Invoking toplevel() on ptolemy.moml.MoMLSimpleApplication@17b6d1a8
----------------- Done invoking toplevel() on ptolemy.moml.MoMLSimpleApplication@17b6d1a8
reloadAllAccessors: .ConstantPublisherPort5

===========================================================================================
----------------- testing Sun Jul 07 04:51:31 UTC 2019 /home/travis/build/icyphy/ptII/ptolemy/actor/lib/test/auto/ConstantPublisherPort6.xml
----------------- Instantiating /home/travis/build/icyphy/ptII/ptolemy/actor/lib/test/auto/ConstantPublisherPort6.xml
13 ms. Memory: 470016K Free: 341548K (73%)
----------------- Invoking toplevel() on ptolemy.moml.MoMLSimpleApplication@6ba54df6
----------------- Done invoking toplevel() on ptolemy.moml.MoMLSimpleApplication@6ba54df6
reloadAllAccessors: .ConstantPublisherPort6

===========================================================================================
----------------- testing Sun Jul 07 04:51:32 UTC 2019 /home/travis/build/icyphy/ptII/ptolemy/actor/lib/test/auto/ConstantPublisherPort7.xml
----------------- Instantiating /home/travis/build/icyphy/ptII/ptolemy/actor/lib/test/auto/ConstantPublisherPort7.xml
15 ms. Memory: 470016K Free: 332332K (71%)
----------------- Invoking toplevel() on ptolemy.moml.MoMLSimpleApplication@4661c80
----------------- Done invoking toplevel() on ptolemy.moml.MoMLSimpleApplication@4661c80
reloadAllAccessors: .ConstantPublisherPort7

===========================================================================================
----------------- testing Sun Jul 07 04:51:32 UTC 2019 /home/travis/build/icyphy/ptII/ptolemy/actor/lib/test/auto/ConstraintMonitor1.xml
----------------- Instantiating /home/travis/build/icyphy/ptII/ptolemy/actor/lib/test/auto/ConstraintMonitor1.xml
8 ms. Memory: 470016K Free: 327212K (70%)
----------------- Invoking toplevel() on ptolemy.moml.MoMLSimpleApplication@dfbf9d1
----------------- Done invoking toplevel() on ptolemy.moml.MoMLSimpleApplication@dfbf9d1
reloadAllAccessors: .ConstraintMonitor1

===========================================================================================
----------------- testing Sun Jul 07 04:51:32 UTC 2019 /home/travis/build/icyphy/ptII/ptolemy/actor/lib/test/auto/ConstraintMonitor2.xml
----------------- Instantiating /home/travis/build/icyphy/ptII/ptolemy/actor/lib/test/auto/ConstraintMonitor2.xml
2 ms. Memory: 470016K Free: 322606K (69%)
----------------- Invoking toplevel() on ptolemy.moml.MoMLSimpleApplication@c8b2b4a
----------------- Done invoking toplevel() on ptolemy.moml.MoMLSimpleApplication@c8b2b4a
reloadAllAccessors: .ConstraintMonitor2

===========================================================================================
----------------- testing Sun Jul 07 04:51:32 UTC 2019 /home/travis/build/icyphy/ptII/ptolemy/actor/lib/test/auto/ConstraintMonitor3.xml
----------------- Instantiating /home/travis/build/icyphy/ptII/ptolemy/actor/lib/test/auto/ConstraintMonitor3.xml
2 ms. Memory: 470016K Free: 317996K (68%)
----------------- Invoking toplevel() on ptolemy.moml.MoMLSimpleApplication@579379c7
----------------- Done invoking toplevel() on ptolemy.moml.MoMLSimpleApplication@579379c7
reloadAllAccessors: .ConstraintMonitor3

===========================================================================================
----------------- testing Sun Jul 07 04:51:32 UTC 2019 /home/travis/build/icyphy/ptII/ptolemy/actor/lib/test/auto/ConstraintMonitor4.xml
----------------- Instantiating /home/travis/build/icyphy/ptII/ptolemy/actor/lib/test/auto/ConstraintMonitor4.xml
2 ms. Memory: 470016K Free: 312876K (67%)
----------------- Invoking toplevel() on ptolemy.moml.MoMLSimpleApplication@54306e3
----------------- Done invoking toplevel() on ptolemy.moml.MoMLSimpleApplication@54306e3
reloadAllAccessors: .ConstraintMonitor4

===========================================================================================
----------------- testing Sun Jul 07 04:51:32 UTC 2019 /home/travis/build/icyphy/ptII/ptolemy/actor/lib/test/auto/ConstraintMonitor5.xml
----------------- Instantiating /home/travis/build/icyphy/ptII/ptolemy/actor/lib/test/auto/ConstraintMonitor5.xml
7 ms. Memory: 470016K Free: 307756K (65%)
----------------- Invoking toplevel() on ptolemy.moml.MoMLSimpleApplication@55f88806
----------------- Done invoking toplevel() on ptolemy.moml.MoMLSimpleApplication@55f88806
reloadAllAccessors: .ConstraintMonitor5

===========================================================================================
----------------- testing Sun Jul 07 04:51:32 UTC 2019 /home/travis/build/icyphy/ptII/ptolemy/actor/lib/test/auto/ConstraintMonitor6.xml
----------------- Instantiating /home/travis/build/icyphy/ptII/ptolemy/actor/lib/test/auto/ConstraintMonitor6.xml
2 ms. Memory: 470016K Free: 301606K (64%)
----------------- Invoking toplevel() on ptolemy.moml.MoMLSimpleApplication@53827d24
----------------- Done invoking toplevel() on ptolemy.moml.MoMLSimpleApplication@53827d24
reloadAllAccessors: .ConstraintMonitor6

===========================================================================================
----------------- testing Sun Jul 07 04:51:32 UTC 2019 /home/travis/build/icyphy/ptII/ptolemy/actor/lib/test/auto/ConstraintMonitor7.xml
----------------- Instantiating /home/travis/build/icyphy/ptII/ptolemy/actor/lib/test/auto/ConstraintMonitor7.xml
3 ms. Memory: 470016K Free: 294414K (63%)
----------------- Invoking toplevel() on ptolemy.moml.MoMLSimpleApplication@75223744
----------------- Done invoking toplevel() on ptolemy.moml.MoMLSimpleApplication@75223744
reloadAllAccessors: .ConstraintMonitor7

===========================================================================================
----------------- testing Sun Jul 07 04:51:32 UTC 2019 /home/travis/build/icyphy/ptII/ptolemy/actor/lib/test/auto/ConstraintMonitor8.xml
----------------- Instantiating /home/travis/build/icyphy/ptII/ptolemy/actor/lib/test/auto/ConstraintMonitor8.xml
3 ms. Memory: 470016K Free: 287270K (61%)
----------------- Invoking toplevel() on ptolemy.moml.MoMLSimpleApplication@1b1ec13a
----------------- Done invoking toplevel() on ptolemy.moml.MoMLSimpleApplication@1b1ec13a
reloadAllAccessors: .ConstraintMonitor8

===========================================================================================
----------------- testing Sun Jul 07 04:51:32 UTC 2019 /home/travis/build/icyphy/ptII/ptolemy/actor/lib/test/auto/Counter.xml
----------------- Instantiating /home/travis/build/icyphy/ptII/ptolemy/actor/lib/test/auto/Counter.xml
2 ms. Memory: 470016K Free: 282152K (60%)
----------------- Invoking toplevel() on ptolemy.moml.MoMLSimpleApplication@639622ea
----------------- Done invoking toplevel() on ptolemy.moml.MoMLSimpleApplication@639622ea
reloadAllAccessors: .Counter

===========================================================================================
----------------- testing Sun Jul 07 04:51:32 UTC 2019 /home/travis/build/icyphy/ptII/ptolemy/actor/lib/test/auto/CurrentTimeSDF.xml
----------------- Instantiating /home/travis/build/icyphy/ptII/ptolemy/actor/lib/test/auto/CurrentTimeSDF.xml
2 ms. Memory: 470016K Free: 278060K (59%)
----------------- Invoking toplevel() on ptolemy.moml.MoMLSimpleApplication@66d7c909
----------------- Done invoking toplevel() on ptolemy.moml.MoMLSimpleApplication@66d7c909
reloadAllAccessors: .CurrentTimeSDF

===========================================================================================
----------------- testing Sun Jul 07 04:51:32 UTC 2019 /home/travis/build/icyphy/ptII/ptolemy/actor/lib/test/auto/DB.xml
----------------- Instantiating /home/travis/build/icyphy/ptII/ptolemy/actor/lib/test/auto/DB.xml
2 ms. Memory: 470016K Free: 273454K (58%)
----------------- Invoking toplevel() on ptolemy.moml.MoMLSimpleApplication@112c8c20
----------------- Done invoking toplevel() on ptolemy.moml.MoMLSimpleApplication@112c8c20
reloadAllAccessors: .DB

===========================================================================================
----------------- testing Sun Jul 07 04:51:32 UTC 2019 /home/travis/build/icyphy/ptII/ptolemy/actor/lib/test/auto/DBDE.xml
----------------- Instantiating /home/travis/build/icyphy/ptII/ptolemy/actor/lib/test/auto/DBDE.xml
2 ms. Memory: 470016K Free: 267310K (57%)
----------------- Invoking toplevel() on ptolemy.moml.MoMLSimpleApplication@7b4f006b
----------------- Done invoking toplevel() on ptolemy.moml.MoMLSimpleApplication@7b4f006b
reloadAllAccessors: .DBDE

===========================================================================================
----------------- testing Sun Jul 07 04:51:32 UTC 2019 /home/travis/build/icyphy/ptII/ptolemy/actor/lib/test/auto/DateConstructor.xml
----------------- Instantiating /home/travis/build/icyphy/ptII/ptolemy/actor/lib/test/auto/DateConstructor.xml
28 ms. Memory: 470016K Free: 249902K (53%)
----------------- Invoking toplevel() on ptolemy.moml.MoMLSimpleApplication@2dbb7222
----------------- Done invoking toplevel() on ptolemy.moml.MoMLSimpleApplication@2dbb7222
reloadAllAccessors: .DateConstructor

===========================================================================================
----------------- testing Sun Jul 07 04:51:32 UTC 2019 /home/travis/build/icyphy/ptII/ptolemy/actor/lib/test/auto/DelayTime.xml
----------------- Instantiating /home/travis/build/icyphy/ptII/ptolemy/actor/lib/test/auto/DelayTime.xml
8 ms. Memory: 470016K Free: 245292K (52%)
----------------- Invoking toplevel() on ptolemy.moml.MoMLSimpleApplication@6a2a7449
----------------- Done invoking toplevel() on ptolemy.moml.MoMLSimpleApplication@6a2a7449
reloadAllAccessors: .DelayTime

===========================================================================================
----------------- testing Sun Jul 07 04:51:32 UTC 2019 /home/travis/build/icyphy/ptII/ptolemy/actor/lib/test/auto/Dictionary1.xml
----------------- Instantiating /home/travis/build/icyphy/ptII/ptolemy/actor/lib/test/auto/Dictionary1.xml
7 ms. Memory: 470016K Free: 239662K (51%)
----------------- Invoking toplevel() on ptolemy.moml.MoMLSimpleApplication@256acf9d
----------------- Done invoking toplevel() on ptolemy.moml.MoMLSimpleApplication@256acf9d
reloadAllAccessors: .Dictionary1

===========================================================================================
----------------- testing Sun Jul 07 04:51:32 UTC 2019 /home/travis/build/icyphy/ptII/ptolemy/actor/lib/test/auto/Dictionary2.xml
----------------- Instantiating /home/travis/build/icyphy/ptII/ptolemy/actor/lib/test/auto/Dictionary2.xml
4 ms. Memory: 470016K Free: 234028K (50%)
----------------- Invoking toplevel() on ptolemy.moml.MoMLSimpleApplication@10555a71
----------------- Done invoking toplevel() on ptolemy.moml.MoMLSimpleApplication@10555a71
reloadAllAccessors: .Dictionary2

===========================================================================================
----------------- testing Sun Jul 07 04:51:32 UTC 2019 /home/travis/build/icyphy/ptII/ptolemy/actor/lib/test/auto/Dictionary3.xml
----------------- Instantiating /home/travis/build/icyphy/ptII/ptolemy/actor/lib/test/auto/Dictionary3.xml
2 ms. Memory: 470016K Free: 228908K (49%)
----------------- Invoking toplevel() on ptolemy.moml.MoMLSimpleApplication@d142cd7
----------------- Done invoking toplevel() on ptolemy.moml.MoMLSimpleApplication@d142cd7
reloadAllAccessors: .Dictionary3

===========================================================================================
----------------- testing Sun Jul 07 04:51:32 UTC 2019 /home/travis/build/icyphy/ptII/ptolemy/actor/lib/test/auto/Dictionary4.xml
----------------- Instantiating /home/travis/build/icyphy/ptII/ptolemy/actor/lib/test/auto/Dictionary4.xml
3 ms. Memory: 470016K Free: 221740K (47%)
----------------- Invoking toplevel() on ptolemy.moml.MoMLSimpleApplication@4cfed6b
----------------- Done invoking toplevel() on ptolemy.moml.MoMLSimpleApplication@4cfed6b
reloadAllAccessors: .Dictionary4

===========================================================================================
----------------- testing Sun Jul 07 04:51:32 UTC 2019 /home/travis/build/icyphy/ptII/ptolemy/actor/lib/test/auto/Differential.xml
----------------- Instantiating /home/travis/build/icyphy/ptII/ptolemy/actor/lib/test/auto/Differential.xml
3 ms. Memory: 470016K Free: 217134K (46%)
----------------- Invoking toplevel() on ptolemy.moml.MoMLSimpleApplication@4f3ef75c
----------------- Done invoking toplevel() on ptolemy.moml.MoMLSimpleApplication@4f3ef75c
reloadAllAccessors: .Differential

===========================================================================================
----------------- testing Sun Jul 07 04:51:32 UTC 2019 /home/travis/build/icyphy/ptII/ptolemy/actor/lib/test/auto/Director.xml
----------------- Instantiating /home/travis/build/icyphy/ptII/ptolemy/actor/lib/test/auto/Director.xml
1 ms. Memory: 470016K Free: 213548K (45%)
----------------- Invoking toplevel() on ptolemy.moml.MoMLSimpleApplication@6eab2dd5
----------------- Done invoking toplevel() on ptolemy.moml.MoMLSimpleApplication@6eab2dd5
reloadAllAccessors: .Director

===========================================================================================
----------------- testing Sun Jul 07 04:51:32 UTC 2019 /home/travis/build/icyphy/ptII/ptolemy/actor/lib/test/auto/DiscreteClock.xml
----------------- Instantiating /home/travis/build/icyphy/ptII/ptolemy/actor/lib/test/auto/DiscreteClock.xml
1 ms. Memory: 470016K Free: 209966K (45%)
----------------- Invoking toplevel() on ptolemy.moml.MoMLSimpleApplication@204eb74b
----------------- Done invoking toplevel() on ptolemy.moml.MoMLSimpleApplication@204eb74b
reloadAllAccessors: .DiscreteClock

===========================================================================================
----------------- testing Sun Jul 07 04:51:32 UTC 2019 /home/travis/build/icyphy/ptII/ptolemy/actor/lib/test/auto/DiscreteClock10.xml
----------------- Instantiating /home/travis/build/icyphy/ptII/ptolemy/actor/lib/test/auto/DiscreteClock10.xml
6 ms. Memory: 470016K Free: 203822K (43%)
----------------- Invoking toplevel() on ptolemy.moml.MoMLSimpleApplication@1c57cbb0
----------------- Done invoking toplevel() on ptolemy.moml.MoMLSimpleApplication@1c57cbb0
reloadAllAccessors: .DiscreteClock10

===========================================================================================
----------------- testing Sun Jul 07 04:51:32 UTC 2019 /home/travis/build/icyphy/ptII/ptolemy/actor/lib/test/auto/DiscreteClock11.xml
----------------- Instantiating /home/travis/build/icyphy/ptII/ptolemy/actor/lib/test/auto/DiscreteClock11.xml
3 ms. Memory: 470016K Free: 197678K (42%)
----------------- Invoking toplevel() on ptolemy.moml.MoMLSimpleApplication@3945e43a
----------------- Done invoking toplevel() on ptolemy.moml.MoMLSimpleApplication@3945e43a
reloadAllAccessors: .DiscreteClock11

===========================================================================================
----------------- testing Sun Jul 07 04:51:32 UTC 2019 /home/travis/build/icyphy/ptII/ptolemy/actor/lib/test/auto/DiscreteClock12.xml
----------------- Instantiating /home/travis/build/icyphy/ptII/ptolemy/actor/lib/test/auto/DiscreteClock12.xml
3 ms. Memory: 470016K Free: 191534K (41%)
----------------- Invoking toplevel() on ptolemy.moml.MoMLSimpleApplication@59e731bc
----------------- Done invoking toplevel() on ptolemy.moml.MoMLSimpleApplication@59e731bc
reloadAllAccessors: .DiscreteClock12

===========================================================================================
----------------- testing Sun Jul 07 04:51:32 UTC 2019 /home/travis/build/icyphy/ptII/ptolemy/actor/lib/test/auto/DiscreteClock13.xml
----------------- Instantiating /home/travis/build/icyphy/ptII/ptolemy/actor/lib/test/auto/DiscreteClock13.xml
6 ms. Memory: 470016K Free: 185886K (40%)
----------------- Invoking toplevel() on ptolemy.moml.MoMLSimpleApplication@3e02706d
----------------- Done invoking toplevel() on ptolemy.moml.MoMLSimpleApplication@3e02706d
reloadAllAccessors: .DiscreteClock13

===========================================================================================
----------------- testing Sun Jul 07 04:51:32 UTC 2019 /home/travis/build/icyphy/ptII/ptolemy/actor/lib/test/auto/DiscreteClock14.xml
----------------- Instantiating /home/travis/build/icyphy/ptII/ptolemy/actor/lib/test/auto/DiscreteClock14.xml
6 ms. Memory: 470016K Free: 179742K (38%)
----------------- Invoking toplevel() on ptolemy.moml.MoMLSimpleApplication@dc123a6
----------------- Done invoking toplevel() on ptolemy.moml.MoMLSimpleApplication@dc123a6
reloadAllAccessors: .DiscreteClock14

===========================================================================================
----------------- testing Sun Jul 07 04:51:32 UTC 2019 /home/travis/build/icyphy/ptII/ptolemy/actor/lib/test/auto/DiscreteClock15.xml
----------------- Instantiating /home/travis/build/icyphy/ptII/ptolemy/actor/lib/test/auto/DiscreteClock15.xml
3 ms. Memory: 470016K Free: 173598K (37%)
----------------- Invoking toplevel() on ptolemy.moml.MoMLSimpleApplication@3b78346c
----------------- Done invoking toplevel() on ptolemy.moml.MoMLSimpleApplication@3b78346c
reloadAllAccessors: .DiscreteClock15

===========================================================================================
----------------- testing Sun Jul 07 04:51:32 UTC 2019 /home/travis/build/icyphy/ptII/ptolemy/actor/lib/test/auto/DiscreteClock16.xml
----------------- Instantiating /home/travis/build/icyphy/ptII/ptolemy/actor/lib/test/auto/DiscreteClock16.xml
19 ms. Memory: 470016K Free: 159790K (34%)
----------------- Invoking toplevel() on ptolemy.moml.MoMLSimpleApplication@358adbc2
----------------- Done invoking toplevel() on ptolemy.moml.MoMLSimpleApplication@358adbc2
reloadAllAccessors: .DiscreteClock16

===========================================================================================
----------------- testing Sun Jul 07 04:51:32 UTC 2019 /home/travis/build/icyphy/ptII/ptolemy/actor/lib/test/auto/DiscreteClock17.xml
----------------- Instantiating /home/travis/build/icyphy/ptII/ptolemy/actor/lib/test/auto/DiscreteClock17.xml
20 ms. Memory: 470016K Free: 145934K (31%)
----------------- Invoking toplevel() on ptolemy.moml.MoMLSimpleApplication@7122aa28
----------------- Done invoking toplevel() on ptolemy.moml.MoMLSimpleApplication@7122aa28
reloadAllAccessors: .DiscreteClock17

===========================================================================================
----------------- testing Sun Jul 07 04:51:32 UTC 2019 /home/travis/build/icyphy/ptII/ptolemy/actor/lib/test/auto/DiscreteClock18.xml
----------------- Instantiating /home/travis/build/icyphy/ptII/ptolemy/actor/lib/test/auto/DiscreteClock18.xml
22 ms. Memory: 470016K Free: 410746K (87%)
----------------- Invoking toplevel() on ptolemy.moml.MoMLSimpleApplication@2a9c663b
----------------- Done invoking toplevel() on ptolemy.moml.MoMLSimpleApplication@2a9c663b
reloadAllAccessors: .DiscreteClock18

===========================================================================================
----------------- testing Sun Jul 07 04:51:32 UTC 2019 /home/travis/build/icyphy/ptII/ptolemy/actor/lib/test/auto/DiscreteClock19.xml
----------------- Instantiating /home/travis/build/icyphy/ptII/ptolemy/actor/lib/test/auto/DiscreteClock19.xml
21 ms. Memory: 470016K Free: 397434K (85%)
----------------- Invoking toplevel() on ptolemy.moml.MoMLSimpleApplication@1767996b
----------------- Done invoking toplevel() on ptolemy.moml.MoMLSimpleApplication@1767996b
reloadAllAccessors: .DiscreteClock19

===========================================================================================
----------------- testing Sun Jul 07 04:51:32 UTC 2019 /home/travis/build/icyphy/ptII/ptolemy/actor/lib/test/auto/DiscreteClock2.xml
----------------- Instantiating /home/travis/build/icyphy/ptII/ptolemy/actor/lib/test/auto/DiscreteClock2.xml
5 ms. Memory: 470016K Free: 391818K (83%)
----------------- Invoking toplevel() on ptolemy.moml.MoMLSimpleApplication@207724cf
----------------- Done invoking toplevel() on ptolemy.moml.MoMLSimpleApplication@207724cf
reloadAllAccessors: .DiscreteClock2

===========================================================================================
----------------- testing Sun Jul 07 04:51:32 UTC 2019 /home/travis/build/icyphy/ptII/ptolemy/actor/lib/test/auto/DiscreteClock20.xml
----------------- Instantiating /home/travis/build/icyphy/ptII/ptolemy/actor/lib/test/auto/DiscreteClock20.xml
9 ms. Memory: 470016K Free: 386184K (82%)
----------------- Invoking toplevel() on ptolemy.moml.MoMLSimpleApplication@6eaa9b5a
----------------- Done invoking toplevel() on ptolemy.moml.MoMLSimpleApplication@6eaa9b5a
reloadAllAccessors: .DiscreteClock20

===========================================================================================
----------------- testing Sun Jul 07 04:51:32 UTC 2019 /home/travis/build/icyphy/ptII/ptolemy/actor/lib/test/auto/DiscreteClock21.xml
----------------- Instantiating /home/travis/build/icyphy/ptII/ptolemy/actor/lib/test/auto/DiscreteClock21.xml
6 ms. Memory: 470016K Free: 380554K (81%)
----------------- Invoking toplevel() on ptolemy.moml.MoMLSimpleApplication@7aec17fa
----------------- Done invoking toplevel() on ptolemy.moml.MoMLSimpleApplication@7aec17fa
reloadAllAccessors: .DiscreteClock21

===========================================================================================
----------------- testing Sun Jul 07 04:51:33 UTC 2019 /home/travis/build/icyphy/ptII/ptolemy/actor/lib/test/auto/DiscreteClock22.xml
----------------- Instantiating /home/travis/build/icyphy/ptII/ptolemy/actor/lib/test/auto/DiscreteClock22.xml
4 ms. Memory: 470016K Free: 375434K (80%)
----------------- Invoking toplevel() on ptolemy.moml.MoMLSimpleApplication@3dc0cb85
----------------- Done invoking toplevel() on ptolemy.moml.MoMLSimpleApplication@3dc0cb85
reloadAllAccessors: .DiscreteClock22

===========================================================================================
----------------- testing Sun Jul 07 04:51:33 UTC 2019 /home/travis/build/icyphy/ptII/ptolemy/actor/lib/test/auto/DiscreteClock23.xml
----------------- Instantiating /home/travis/build/icyphy/ptII/ptolemy/actor/lib/test/auto/DiscreteClock23.xml
10 ms. Memory: 470016K Free: 369800K (79%)
----------------- Invoking toplevel() on ptolemy.moml.MoMLSimpleApplication@7dc020cb
----------------- Done invoking toplevel() on ptolemy.moml.MoMLSimpleApplication@7dc020cb
reloadAllAccessors: .DiscreteClock23

===========================================================================================
----------------- testing Sun Jul 07 04:51:33 UTC 2019 /home/travis/build/icyphy/ptII/ptolemy/actor/lib/test/auto/DiscreteClock24.xml
----------------- Instantiating /home/travis/build/icyphy/ptII/ptolemy/actor/lib/test/auto/DiscreteClock24.xml
5 ms. Memory: 470016K Free: 364170K (77%)
----------------- Invoking toplevel() on ptolemy.moml.MoMLSimpleApplication@35f25fc1
----------------- Done invoking toplevel() on ptolemy.moml.MoMLSimpleApplication@35f25fc1
reloadAllAccessors: .DiscreteClock24

===========================================================================================
----------------- testing Sun Jul 07 04:51:33 UTC 2019 /home/travis/build/icyphy/ptII/ptolemy/actor/lib/test/auto/DiscreteClock4.xml
----------------- Instantiating /home/travis/build/icyphy/ptII/ptolemy/actor/lib/test/auto/DiscreteClock4.xml
4 ms. Memory: 470016K Free: 358522K (76%)
----------------- Invoking toplevel() on ptolemy.moml.MoMLSimpleApplication@3bc1f5ed
----------------- Done invoking toplevel() on ptolemy.moml.MoMLSimpleApplication@3bc1f5ed
reloadAllAccessors: .DiscreteClock4

===========================================================================================
----------------- testing Sun Jul 07 04:51:33 UTC 2019 /home/travis/build/icyphy/ptII/ptolemy/actor/lib/test/auto/DiscreteClock5.xml
----------------- Instantiating /home/travis/build/icyphy/ptII/ptolemy/actor/lib/test/auto/DiscreteClock5.xml
1 ms. Memory: 470016K Free: 353402K (75%)
----------------- Invoking toplevel() on ptolemy.moml.MoMLSimpleApplication@2c2f7ae9
----------------- Done invoking toplevel() on ptolemy.moml.MoMLSimpleApplication@2c2f7ae9
reloadAllAccessors: .DiscreteClock5

===========================================================================================
----------------- testing Sun Jul 07 04:51:33 UTC 2019 /home/travis/build/icyphy/ptII/ptolemy/actor/lib/test/auto/DiscreteClock6.xml
----------------- Instantiating /home/travis/build/icyphy/ptII/ptolemy/actor/lib/test/auto/DiscreteClock6.xml
1 ms. Memory: 470016K Free: 349320K (74%)
----------------- Invoking toplevel() on ptolemy.moml.MoMLSimpleApplication@4a70618a
----------------- Done invoking toplevel() on ptolemy.moml.MoMLSimpleApplication@4a70618a
reloadAllAccessors: .DiscreteClock6

===========================================================================================
----------------- testing Sun Jul 07 04:51:33 UTC 2019 /home/travis/build/icyphy/ptII/ptolemy/actor/lib/test/auto/DiscreteClock7.xml
----------------- Instantiating /home/travis/build/icyphy/ptII/ptolemy/actor/lib/test/auto/DiscreteClock7.xml
2 ms. Memory: 470016K Free: 344712K (73%)
----------------- Invoking toplevel() on ptolemy.moml.MoMLSimpleApplication@27ba536e
----------------- Done invoking toplevel() on ptolemy.moml.MoMLSimpleApplication@27ba536e
reloadAllAccessors: .DiscreteClock7

===========================================================================================
----------------- testing Sun Jul 07 04:51:33 UTC 2019 /home/travis/build/icyphy/ptII/ptolemy/actor/lib/test/auto/DiscreteClock8.xml
----------------- Instantiating /home/travis/build/icyphy/ptII/ptolemy/actor/lib/test/auto/DiscreteClock8.xml
5 ms. Memory: 470016K Free: 338570K (72%)
----------------- Invoking toplevel() on ptolemy.moml.MoMLSimpleApplication@6f95e7d0
----------------- Done invoking toplevel() on ptolemy.moml.MoMLSimpleApplication@6f95e7d0
reloadAllAccessors: .DiscreteClock8

===========================================================================================
----------------- testing Sun Jul 07 04:51:33 UTC 2019 /home/travis/build/icyphy/ptII/ptolemy/actor/lib/test/auto/DiscreteClock9.xml
----------------- Instantiating /home/travis/build/icyphy/ptII/ptolemy/actor/lib/test/auto/DiscreteClock9.xml
5 ms. Memory: 470016K Free: 332426K (71%)
----------------- Invoking toplevel() on ptolemy.moml.MoMLSimpleApplication@2300fb2c
----------------- Done invoking toplevel() on ptolemy.moml.MoMLSimpleApplication@2300fb2c
reloadAllAccessors: .DiscreteClock9

===========================================================================================
----------------- testing Sun Jul 07 04:51:33 UTC 2019 /home/travis/build/icyphy/ptII/ptolemy/actor/lib/test/auto/DisplayArray.xml
----------------- Instantiating /home/travis/build/icyphy/ptII/ptolemy/actor/lib/test/auto/DisplayArray.xml
1 ms. Memory: 470016K Free: 329354K (70%)
----------------- Invoking toplevel() on ptolemy.moml.MoMLSimpleApplication@1b8b75ae
----------------- Done invoking toplevel() on ptolemy.moml.MoMLSimpleApplication@1b8b75ae
reloadAllAccessors: .DisplayArray

===========================================================================================
----------------- testing Sun Jul 07 04:51:33 UTC 2019 /home/travis/build/icyphy/ptII/ptolemy/actor/lib/test/auto/Distributor.xml
----------------- Instantiating /home/travis/build/icyphy/ptII/ptolemy/actor/lib/test/auto/Distributor.xml
1 ms. Memory: 470016K Free: 324744K (69%)
----------------- Invoking toplevel() on ptolemy.moml.MoMLSimpleApplication@5106fe77
----------------- Done invoking toplevel() on ptolemy.moml.MoMLSimpleApplication@5106fe77
reloadAllAccessors: .Distributor

===========================================================================================
----------------- testing Sun Jul 07 04:51:33 UTC 2019 /home/travis/build/icyphy/ptII/ptolemy/actor/lib/test/auto/Distributor2.xml
----------------- Instantiating /home/travis/build/icyphy/ptII/ptolemy/actor/lib/test/auto/Distributor2.xml
2 ms. Memory: 470016K Free: 319624K (68%)
----------------- Invoking toplevel() on ptolemy.moml.MoMLSimpleApplication@7b1a73ea
----------------- Done invoking toplevel() on ptolemy.moml.MoMLSimpleApplication@7b1a73ea
reloadAllAccessors: .Distributor2

===========================================================================================
----------------- testing Sun Jul 07 04:51:33 UTC 2019 /home/travis/build/icyphy/ptII/ptolemy/actor/lib/test/auto/DownSample.xml
----------------- Instantiating /home/travis/build/icyphy/ptII/ptolemy/actor/lib/test/auto/DownSample.xml
2 ms. Memory: 470016K Free: 315018K (67%)
----------------- Invoking toplevel() on ptolemy.moml.MoMLSimpleApplication@3e269b8b
----------------- Done invoking toplevel() on ptolemy.moml.MoMLSimpleApplication@3e269b8b
reloadAllAccessors: .DownSample

===========================================================================================
----------------- testing Sun Jul 07 04:51:33 UTC 2019 /home/travis/build/icyphy/ptII/ptolemy/actor/lib/test/auto/ElectronicUnitBase1.xml
----------------- Instantiating /home/travis/build/icyphy/ptII/ptolemy/actor/lib/test/auto/ElectronicUnitBase1.xml
18 ms. Memory: 470016K Free: 299658K (64%)
----------------- Invoking toplevel() on ptolemy.moml.MoMLSimpleApplication@5d4b0a7a
----------------- Done invoking toplevel() on ptolemy.moml.MoMLSimpleApplication@5d4b0a7a
reloadAllAccessors: .ElectronicUnitBase1

===========================================================================================
----------------- testing Sun Jul 07 04:51:33 UTC 2019 /home/travis/build/icyphy/ptII/ptolemy/actor/lib/test/auto/ElementsToArray.xml
----------------- Instantiating /home/travis/build/icyphy/ptII/ptolemy/actor/lib/test/auto/ElementsToArray.xml
3 ms. Memory: 470016K Free: 294538K (63%)
----------------- Invoking toplevel() on ptolemy.moml.MoMLSimpleApplication@70afb18
----------------- Done invoking toplevel() on ptolemy.moml.MoMLSimpleApplication@70afb18
reloadAllAccessors: .ElementsToArray

===========================================================================================
----------------- testing Sun Jul 07 04:51:33 UTC 2019 /home/travis/build/icyphy/ptII/ptolemy/actor/lib/test/auto/Equals.xml
----------------- Instantiating /home/travis/build/icyphy/ptII/ptolemy/actor/lib/test/auto/Equals.xml
3 ms. Memory: 470016K Free: 289928K (62%)
----------------- Invoking toplevel() on ptolemy.moml.MoMLSimpleApplication@7e475899
----------------- Done invoking toplevel() on ptolemy.moml.MoMLSimpleApplication@7e475899
reloadAllAccessors: .Equals

===========================================================================================
----------------- testing Sun Jul 07 04:51:33 UTC 2019 /home/travis/build/icyphy/ptII/ptolemy/actor/lib/test/auto/Exec.xml
----------------- Instantiating /home/travis/build/icyphy/ptII/ptolemy/actor/lib/test/auto/Exec.xml
23 ms. Memory: 470016K Free: 283784K (60%)
----------------- Invoking toplevel() on ptolemy.moml.MoMLSimpleApplication@33ab47a1
----------------- Done invoking toplevel() on ptolemy.moml.MoMLSimpleApplication@33ab47a1
reloadAllAccessors: .Exec

===========================================================================================
----------------- testing Sun Jul 07 04:51:33 UTC 2019 /home/travis/build/icyphy/ptII/ptolemy/actor/lib/test/auto/ExecEnvironment.xml
----------------- Instantiating /home/travis/build/icyphy/ptII/ptolemy/actor/lib/test/auto/ExecEnvironment.xml
27 ms. Memory: 470016K Free: 278152K (59%)
----------------- Invoking toplevel() on ptolemy.moml.MoMLSimpleApplication@2d439139
----------------- Done invoking toplevel() on ptolemy.moml.MoMLSimpleApplication@2d439139
reloadAllAccessors: .ExecEnvironment

===========================================================================================
----------------- testing Sun Jul 07 04:51:33 UTC 2019 /home/travis/build/icyphy/ptII/ptolemy/actor/lib/test/auto/ExecNonZeroReturnOutput.xml
----------------- Instantiating /home/travis/build/icyphy/ptII/ptolemy/actor/lib/test/auto/ExecNonZeroReturnOutput.xml
190 ms. Memory: 470016K Free: 266890K (57%)
----------------- Invoking toplevel() on ptolemy.moml.MoMLSimpleApplication@7ead2660
----------------- Done invoking toplevel() on ptolemy.moml.MoMLSimpleApplication@7ead2660
reloadAllAccessors: .ExecNonZeroReturnOutput

===========================================================================================
----------------- testing Sun Jul 07 04:51:33 UTC 2019 /home/travis/build/icyphy/ptII/ptolemy/actor/lib/test/auto/ExecRunDemos.xml
----------------- Instantiating /home/travis/build/icyphy/ptII/ptolemy/actor/lib/test/auto/ExecRunDemos.xml
11520 ms. Memory: 470016K Free: 247434K (53%)

===========================================================================================
----------------- testing Sun Jul 07 04:51:45 UTC 2019 /home/travis/build/icyphy/ptII/ptolemy/actor/lib/test/auto/ExecStop.xml
----------------- Instantiating /home/travis/build/icyphy/ptII/ptolemy/actor/lib/test/auto/ExecStop.xml
5016 ms. Memory: 470016K Free: 395773K (84%)
----------------- Invoking toplevel() on ptolemy.moml.MoMLSimpleApplication@4b3e868
----------------- Done invoking toplevel() on ptolemy.moml.MoMLSimpleApplication@4b3e868
reloadAllAccessors: .ExecStop

===========================================================================================
----------------- testing Sun Jul 07 04:51:50 UTC 2019 /home/travis/build/icyphy/ptII/ptolemy/actor/lib/test/auto/ExecutionTimeSDF.xml
----------------- Instantiating /home/travis/build/icyphy/ptII/ptolemy/actor/lib/test/auto/ExecutionTimeSDF.xml
Fired ExecutionTime: -2059767296
Fired ExecutionTime: 1077600000
Fired ExecutionTime: 1064000000
6005 ms. Memory: 470016K Free: 382976K (81%)
----------------- Invoking toplevel() on ptolemy.moml.MoMLSimpleApplication@71687a10
----------------- Done invoking toplevel() on ptolemy.moml.MoMLSimpleApplication@71687a10
reloadAllAccessors: .ExecutionTimeSDF

===========================================================================================
----------------- testing Sun Jul 07 04:51:56 UTC 2019 /home/travis/build/icyphy/ptII/ptolemy/actor/lib/test/auto/Expression1.xml
----------------- Instantiating /home/travis/build/icyphy/ptII/ptolemy/actor/lib/test/auto/Expression1.xml
1 ms. Memory: 470016K Free: 379390K (81%)
----------------- Invoking toplevel() on ptolemy.moml.MoMLSimpleApplication@4a613541
----------------- Done invoking toplevel() on ptolemy.moml.MoMLSimpleApplication@4a613541
reloadAllAccessors: .Expression1

===========================================================================================
----------------- testing Sun Jul 07 04:51:56 UTC 2019 /home/travis/build/icyphy/ptII/ptolemy/actor/lib/test/auto/Expression10.xml
----------------- Instantiating /home/travis/build/icyphy/ptII/ptolemy/actor/lib/test/auto/Expression10.xml
7 ms. Memory: 470016K Free: 374270K (80%)
----------------- Invoking toplevel() on ptolemy.moml.MoMLSimpleApplication@13ccd917
----------------- Done invoking toplevel() on ptolemy.moml.MoMLSimpleApplication@13ccd917
reloadAllAccessors: .Expression10

===========================================================================================
----------------- testing Sun Jul 07 04:51:56 UTC 2019 /home/travis/build/icyphy/ptII/ptolemy/actor/lib/test/auto/Expression11.xml
----------------- Instantiating /home/travis/build/icyphy/ptII/ptolemy/actor/lib/test/auto/Expression11.xml
3 ms. Memory: 470016K Free: 369664K (79%)
----------------- Invoking toplevel() on ptolemy.moml.MoMLSimpleApplication@62c722f1
----------------- Done invoking toplevel() on ptolemy.moml.MoMLSimpleApplication@62c722f1
reloadAllAccessors: .Expression11

===========================================================================================
----------------- testing Sun Jul 07 04:51:56 UTC 2019 /home/travis/build/icyphy/ptII/ptolemy/actor/lib/test/auto/Expression12.xml
----------------- Instantiating /home/travis/build/icyphy/ptII/ptolemy/actor/lib/test/auto/Expression12.xml
3 ms. Memory: 470016K Free: 364030K (77%)
----------------- Invoking toplevel() on ptolemy.moml.MoMLSimpleApplication@1933b8e9
----------------- Done invoking toplevel() on ptolemy.moml.MoMLSimpleApplication@1933b8e9
reloadAllAccessors: .Expression12

===========================================================================================
----------------- testing Sun Jul 07 04:51:56 UTC 2019 /home/travis/build/icyphy/ptII/ptolemy/actor/lib/test/auto/Expression13.xml
----------------- Instantiating /home/travis/build/icyphy/ptII/ptolemy/actor/lib/test/auto/Expression13.xml
5 ms. Memory: 470016K Free: 358910K (76%)
----------------- Invoking toplevel() on ptolemy.moml.MoMLSimpleApplication@294568e0
----------------- Done invoking toplevel() on ptolemy.moml.MoMLSimpleApplication@294568e0
reloadAllAccessors: .Expression13

===========================================================================================
----------------- testing Sun Jul 07 04:51:56 UTC 2019 /home/travis/build/icyphy/ptII/ptolemy/actor/lib/test/auto/Expression14.xml
----------------- Instantiating /home/travis/build/icyphy/ptII/ptolemy/actor/lib/test/auto/Expression14.xml
8 ms. Memory: 470016K Free: 353280K (75%)
----------------- Invoking toplevel() on ptolemy.moml.MoMLSimpleApplication@5e42cf6c
----------------- Done invoking toplevel() on ptolemy.moml.MoMLSimpleApplication@5e42cf6c
reloadAllAccessors: .Expression14

===========================================================================================
----------------- testing Sun Jul 07 04:51:56 UTC 2019 /home/travis/build/icyphy/ptII/ptolemy/actor/lib/test/auto/Expression15.xml
----------------- Instantiating /home/travis/build/icyphy/ptII/ptolemy/actor/lib/test/auto/Expression15.xml
2 ms. Memory: 470016K Free: 349184K (74%)
----------------- Invoking toplevel() on ptolemy.moml.MoMLSimpleApplication@7900ce01
----------------- Done invoking toplevel() on ptolemy.moml.MoMLSimpleApplication@7900ce01
reloadAllAccessors: .Expression15

===========================================================================================
----------------- testing Sun Jul 07 04:51:56 UTC 2019 /home/travis/build/icyphy/ptII/ptolemy/actor/lib/test/auto/Expression16.xml
----------------- Instantiating /home/travis/build/icyphy/ptII/ptolemy/actor/lib/test/auto/Expression16.xml
4 ms. Memory: 470016K Free: 344064K (73%)
----------------- Invoking toplevel() on ptolemy.moml.MoMLSimpleApplication@c37e479
----------------- Done invoking toplevel() on ptolemy.moml.MoMLSimpleApplication@c37e479
reloadAllAccessors: .Expression16

===========================================================================================
----------------- testing Sun Jul 07 04:51:56 UTC 2019 /home/travis/build/icyphy/ptII/ptolemy/actor/lib/test/auto/Expression17.xml
----------------- Instantiating /home/travis/build/icyphy/ptII/ptolemy/actor/lib/test/auto/Expression17.xml
3 ms. Memory: 470016K Free: 338944K (72%)
----------------- Invoking toplevel() on ptolemy.moml.MoMLSimpleApplication@29c811d7
----------------- Done invoking toplevel() on ptolemy.moml.MoMLSimpleApplication@29c811d7
reloadAllAccessors: .Expression17

===========================================================================================
----------------- testing Sun Jul 07 04:51:56 UTC 2019 /home/travis/build/icyphy/ptII/ptolemy/actor/lib/test/auto/Expression18.xml
----------------- Instantiating /home/travis/build/icyphy/ptII/ptolemy/actor/lib/test/auto/Expression18.xml
6 ms. Memory: 470016K Free: 333310K (71%)
----------------- Invoking toplevel() on ptolemy.moml.MoMLSimpleApplication@45b159c4
----------------- Done invoking toplevel() on ptolemy.moml.MoMLSimpleApplication@45b159c4
reloadAllAccessors: .Expression18

===========================================================================================
----------------- testing Sun Jul 07 04:51:56 UTC 2019 /home/travis/build/icyphy/ptII/ptolemy/actor/lib/test/auto/Expression2.xml
----------------- Instantiating /home/travis/build/icyphy/ptII/ptolemy/actor/lib/test/auto/Expression2.xml
2 ms. Memory: 470016K Free: 328704K (70%)
----------------- Invoking toplevel() on ptolemy.moml.MoMLSimpleApplication@67db1a5d
----------------- Done invoking toplevel() on ptolemy.moml.MoMLSimpleApplication@67db1a5d
reloadAllAccessors: .Expression2

===========================================================================================
----------------- testing Sun Jul 07 04:51:56 UTC 2019 /home/travis/build/icyphy/ptII/ptolemy/actor/lib/test/auto/Expression3.xml
----------------- Instantiating /home/travis/build/icyphy/ptII/ptolemy/actor/lib/test/auto/Expression3.xml
6 ms. Memory: 470016K Free: 323584K (69%)
----------------- Invoking toplevel() on ptolemy.moml.MoMLSimpleApplication@67997d0
----------------- Done invoking toplevel() on ptolemy.moml.MoMLSimpleApplication@67997d0
reloadAllAccessors: .Expression3

===========================================================================================
----------------- testing Sun Jul 07 04:51:56 UTC 2019 /home/travis/build/icyphy/ptII/ptolemy/actor/lib/test/auto/Expression4.xml
----------------- Instantiating /home/travis/build/icyphy/ptII/ptolemy/actor/lib/test/auto/Expression4.xml
6 ms. Memory: 470016K Free: 315902K (67%)
----------------- Invoking toplevel() on ptolemy.moml.MoMLSimpleApplication@5f175363
----------------- Done invoking toplevel() on ptolemy.moml.MoMLSimpleApplication@5f175363
reloadAllAccessors: .Expression4

===========================================================================================
----------------- testing Sun Jul 07 04:51:56 UTC 2019 /home/travis/build/icyphy/ptII/ptolemy/actor/lib/test/auto/Expression5.xml
----------------- Instantiating /home/travis/build/icyphy/ptII/ptolemy/actor/lib/test/auto/Expression5.xml
4 ms. Memory: 470016K Free: 310782K (66%)
----------------- Invoking toplevel() on ptolemy.moml.MoMLSimpleApplication@1e783c0
----------------- Done invoking toplevel() on ptolemy.moml.MoMLSimpleApplication@1e783c0
reloadAllAccessors: .Expression5

===========================================================================================
----------------- testing Sun Jul 07 04:51:56 UTC 2019 /home/travis/build/icyphy/ptII/ptolemy/actor/lib/test/auto/Expression6.xml
----------------- Instantiating /home/travis/build/icyphy/ptII/ptolemy/actor/lib/test/auto/Expression6.xml
2 ms. Memory: 470016K Free: 306686K (65%)
----------------- Invoking toplevel() on ptolemy.moml.MoMLSimpleApplication@49c885cd
----------------- Done invoking toplevel() on ptolemy.moml.MoMLSimpleApplication@49c885cd
reloadAllAccessors: .Expression6

===========================================================================================
----------------- testing Sun Jul 07 04:51:56 UTC 2019 /home/travis/build/icyphy/ptII/ptolemy/actor/lib/test/auto/Expression7.xml
----------------- Instantiating /home/travis/build/icyphy/ptII/ptolemy/actor/lib/test/auto/Expression7.xml
4 ms. Memory: 470016K Free: 301566K (64%)
----------------- Invoking toplevel() on ptolemy.moml.MoMLSimpleApplication@278a576d
----------------- Done invoking toplevel() on ptolemy.moml.MoMLSimpleApplication@278a576d
reloadAllAccessors: .Expression7

===========================================================================================
----------------- testing Sun Jul 07 04:51:56 UTC 2019 /home/travis/build/icyphy/ptII/ptolemy/actor/lib/test/auto/Expression8.xml
----------------- Instantiating /home/travis/build/icyphy/ptII/ptolemy/actor/lib/test/auto/Expression8.xml
9 ms. Memory: 470016K Free: 296446K (63%)
----------------- Invoking toplevel() on ptolemy.moml.MoMLSimpleApplication@741097dc
----------------- Done invoking toplevel() on ptolemy.moml.MoMLSimpleApplication@741097dc
reloadAllAccessors: .Expression8

===========================================================================================
----------------- testing Sun Jul 07 04:51:56 UTC 2019 /home/travis/build/icyphy/ptII/ptolemy/actor/lib/test/auto/Expression9.xml
----------------- Instantiating /home/travis/build/icyphy/ptII/ptolemy/actor/lib/test/auto/Expression9.xml
1 ms. Memory: 470016K Free: 292350K (62%)
----------------- Invoking toplevel() on ptolemy.moml.MoMLSimpleApplication@1f94330e
----------------- Done invoking toplevel() on ptolemy.moml.MoMLSimpleApplication@1f94330e
reloadAllAccessors: .Expression9

===========================================================================================
----------------- testing Sun Jul 07 04:51:56 UTC 2019 /home/travis/build/icyphy/ptII/ptolemy/actor/lib/test/auto/ExpressionConcatenateArrayType.xml
----------------- Instantiating /home/travis/build/icyphy/ptII/ptolemy/actor/lib/test/auto/ExpressionConcatenateArrayType.xml
3 ms. Memory: 470016K Free: 285696K (61%)
----------------- Invoking toplevel() on ptolemy.moml.MoMLSimpleApplication@68494fb6
----------------- Done invoking toplevel() on ptolemy.moml.MoMLSimpleApplication@68494fb6
reloadAllAccessors: .ExpressionConcatenateArrayType

===========================================================================================
----------------- testing Sun Jul 07 04:51:56 UTC 2019 /home/travis/build/icyphy/ptII/ptolemy/actor/lib/test/auto/ExpressionConcatenateArrayType2.xml
----------------- Instantiating /home/travis/build/icyphy/ptII/ptolemy/actor/lib/test/auto/ExpressionConcatenateArrayType2.xml
2 ms. Memory: 470016K Free: 280062K (60%)
----------------- Invoking toplevel() on ptolemy.moml.MoMLSimpleApplication@2ec504ba
----------------- Done invoking toplevel() on ptolemy.moml.MoMLSimpleApplication@2ec504ba
reloadAllAccessors: .ExpressionConcatenateArrayType2

===========================================================================================
----------------- testing Sun Jul 07 04:51:56 UTC 2019 /home/travis/build/icyphy/ptII/ptolemy/actor/lib/test/auto/ExpressionFix.xml
----------------- Instantiating /home/travis/build/icyphy/ptII/ptolemy/actor/lib/test/auto/ExpressionFix.xml
23 ms. Memory: 470016K Free: 273918K (58%)
----------------- Invoking toplevel() on ptolemy.moml.MoMLSimpleApplication@6d864230
----------------- Done invoking toplevel() on ptolemy.moml.MoMLSimpleApplication@6d864230
reloadAllAccessors: .ExpressionFix

===========================================================================================
----------------- testing Sun Jul 07 04:51:56 UTC 2019 /home/travis/build/icyphy/ptII/ptolemy/actor/lib/test/auto/ExpressionFix2.xml
----------------- Instantiating /home/travis/build/icyphy/ptII/ptolemy/actor/lib/test/auto/ExpressionFix2.xml
6 ms. Memory: 470016K Free: 269822K (57%)
----------------- Invoking toplevel() on ptolemy.moml.MoMLSimpleApplication@549dc382
----------------- Done invoking toplevel() on ptolemy.moml.MoMLSimpleApplication@549dc382
reloadAllAccessors: .ExpressionFix2

===========================================================================================
----------------- testing Sun Jul 07 04:51:56 UTC 2019 /home/travis/build/icyphy/ptII/ptolemy/actor/lib/test/auto/ExpressionFix3.xml
----------------- Instantiating /home/travis/build/icyphy/ptII/ptolemy/actor/lib/test/auto/ExpressionFix3.xml
3 ms. Memory: 470016K Free: 265216K (56%)
----------------- Invoking toplevel() on ptolemy.moml.MoMLSimpleApplication@55cc3bdc
----------------- Done invoking toplevel() on ptolemy.moml.MoMLSimpleApplication@55cc3bdc
reloadAllAccessors: .ExpressionFix3

===========================================================================================
----------------- testing Sun Jul 07 04:51:56 UTC 2019 /home/travis/build/icyphy/ptII/ptolemy/actor/lib/test/auto/FileWriter1.xml
----------------- Instantiating /home/travis/build/icyphy/ptII/ptolemy/actor/lib/test/auto/FileWriter1.xml
7 ms. Memory: 470016K Free: 261120K (56%)
----------------- Invoking toplevel() on ptolemy.moml.MoMLSimpleApplication@3ccc1017
----------------- Done invoking toplevel() on ptolemy.moml.MoMLSimpleApplication@3ccc1017
reloadAllAccessors: .FileWriter1

===========================================================================================
----------------- testing Sun Jul 07 04:51:56 UTC 2019 /home/travis/build/icyphy/ptII/ptolemy/actor/lib/test/auto/FileWriter2.xml
----------------- Instantiating /home/travis/build/icyphy/ptII/ptolemy/actor/lib/test/auto/FileWriter2.xml
2 ms. Memory: 470016K Free: 256510K (55%)
----------------- Invoking toplevel() on ptolemy.moml.MoMLSimpleApplication@3bc2d47
----------------- Done invoking toplevel() on ptolemy.moml.MoMLSimpleApplication@3bc2d47
reloadAllAccessors: .FileWriter2

===========================================================================================
----------------- testing Sun Jul 07 04:51:56 UTC 2019 /home/travis/build/icyphy/ptII/ptolemy/actor/lib/test/auto/FileWriter3.xml
----------------- Instantiating /home/travis/build/icyphy/ptII/ptolemy/actor/lib/test/auto/FileWriter3.xml
5 ms. Memory: 470016K Free: 252928K (54%)
----------------- Invoking toplevel() on ptolemy.moml.MoMLSimpleApplication@6f61dcc1
----------------- Done invoking toplevel() on ptolemy.moml.MoMLSimpleApplication@6f61dcc1
reloadAllAccessors: .FileWriter3

===========================================================================================
----------------- testing Sun Jul 07 04:51:56 UTC 2019 /home/travis/build/icyphy/ptII/ptolemy/actor/lib/test/auto/Gaussian.xml
----------------- Instantiating /home/travis/build/icyphy/ptII/ptolemy/actor/lib/test/auto/Gaussian.xml
2 ms. Memory: 470016K Free: 248303K (53%)
----------------- Invoking toplevel() on ptolemy.moml.MoMLSimpleApplication@2accef54
----------------- Done invoking toplevel() on ptolemy.moml.MoMLSimpleApplication@2accef54
reloadAllAccessors: .Gaussian

===========================================================================================
----------------- testing Sun Jul 07 04:51:56 UTC 2019 /home/travis/build/icyphy/ptII/ptolemy/actor/lib/test/auto/Gaussian1.xml
----------------- Instantiating /home/travis/build/icyphy/ptII/ptolemy/actor/lib/test/auto/Gaussian1.xml
2 ms. Memory: 470016K Free: 242688K (52%)
----------------- Invoking toplevel() on ptolemy.moml.MoMLSimpleApplication@79d53d33
----------------- Done invoking toplevel() on ptolemy.moml.MoMLSimpleApplication@79d53d33
reloadAllAccessors: .Gaussian1

===========================================================================================
----------------- testing Sun Jul 07 04:51:56 UTC 2019 /home/travis/build/icyphy/ptII/ptolemy/actor/lib/test/auto/Gaussian2.xml
----------------- Instantiating /home/travis/build/icyphy/ptII/ptolemy/actor/lib/test/auto/Gaussian2.xml
1 ms. Memory: 470016K Free: 237023K (50%)
----------------- Invoking toplevel() on ptolemy.moml.MoMLSimpleApplication@1117b458
----------------- Done invoking toplevel() on ptolemy.moml.MoMLSimpleApplication@1117b458
reloadAllAccessors: .Gaussian2

===========================================================================================
----------------- testing Sun Jul 07 04:51:56 UTC 2019 /home/travis/build/icyphy/ptII/ptolemy/actor/lib/test/auto/GradientAdaptiveLattice.xml
----------------- Instantiating /home/travis/build/icyphy/ptII/ptolemy/actor/lib/test/auto/GradientAdaptiveLattice.xml
9 ms. Memory: 470016K Free: 231934K (49%)
----------------- Invoking toplevel() on ptolemy.moml.MoMLSimpleApplication@921e7dc
----------------- Done invoking toplevel() on ptolemy.moml.MoMLSimpleApplication@921e7dc
reloadAllAccessors: .GradientAdaptiveLattice

===========================================================================================
----------------- testing Sun Jul 07 04:51:56 UTC 2019 /home/travis/build/icyphy/ptII/ptolemy/actor/lib/test/auto/IIR.xml
----------------- Instantiating /home/travis/build/icyphy/ptII/ptolemy/actor/lib/test/auto/IIR.xml
2 ms. Memory: 470016K Free: 227328K (48%)
----------------- Invoking toplevel() on ptolemy.moml.MoMLSimpleApplication@599648d1
----------------- Done invoking toplevel() on ptolemy.moml.MoMLSimpleApplication@599648d1
reloadAllAccessors: .IIR

===========================================================================================
----------------- testing Sun Jul 07 04:51:56 UTC 2019 /home/travis/build/icyphy/ptII/ptolemy/actor/lib/test/auto/InputOutputTransparentPorts.xml
----------------- Instantiating /home/travis/build/icyphy/ptII/ptolemy/actor/lib/test/auto/InputOutputTransparentPorts.xml
1 ms. Memory: 470016K Free: 219646K (47%)
----------------- Invoking toplevel() on ptolemy.moml.MoMLSimpleApplication@243200fb
----------------- Done invoking toplevel() on ptolemy.moml.MoMLSimpleApplication@243200fb
reloadAllAccessors: .InputOutputTransparentPorts

===========================================================================================
----------------- testing Sun Jul 07 04:51:56 UTC 2019 /home/travis/build/icyphy/ptII/ptolemy/actor/lib/test/auto/Interpolator.xml
----------------- Instantiating /home/travis/build/icyphy/ptII/ptolemy/actor/lib/test/auto/Interpolator.xml
5 ms. Memory: 470016K Free: 215550K (46%)
----------------- Invoking toplevel() on ptolemy.moml.MoMLSimpleApplication@17f247e3
----------------- Done invoking toplevel() on ptolemy.moml.MoMLSimpleApplication@17f247e3
reloadAllAccessors: .Interpolator

===========================================================================================
----------------- testing Sun Jul 07 04:51:56 UTC 2019 /home/travis/build/icyphy/ptII/ptolemy/actor/lib/test/auto/InterpolatorFiringLimitDE.xml
----------------- Instantiating /home/travis/build/icyphy/ptII/ptolemy/actor/lib/test/auto/InterpolatorFiringLimitDE.xml
2 ms. Memory: 470016K Free: 209406K (45%)
----------------- Invoking toplevel() on ptolemy.moml.MoMLSimpleApplication@1d51f021
----------------- Done invoking toplevel() on ptolemy.moml.MoMLSimpleApplication@1d51f021
reloadAllAccessors: .InterpolatorFiringLimitDE

===========================================================================================
----------------- testing Sun Jul 07 04:51:57 UTC 2019 /home/travis/build/icyphy/ptII/ptolemy/actor/lib/test/auto/Lattice.xml
----------------- Instantiating /home/travis/build/icyphy/ptII/ptolemy/actor/lib/test/auto/Lattice.xml
1 ms. Memory: 470016K Free: 205310K (44%)
----------------- Invoking toplevel() on ptolemy.moml.MoMLSimpleApplication@2ccf77e3
----------------- Done invoking toplevel() on ptolemy.moml.MoMLSimpleApplication@2ccf77e3
reloadAllAccessors: .Lattice

===========================================================================================
----------------- testing Sun Jul 07 04:51:57 UTC 2019 /home/travis/build/icyphy/ptII/ptolemy/actor/lib/test/auto/LazyAOCTestLazy.xml
----------------- Instantiating /home/travis/build/icyphy/ptII/ptolemy/actor/lib/test/auto/LazyAOCTestLazy.xml
25 ms. Memory: 470016K Free: 199166K (42%)
----------------- Invoking toplevel() on ptolemy.moml.MoMLSimpleApplication@34d6ac08
----------------- Done invoking toplevel() on ptolemy.moml.MoMLSimpleApplication@34d6ac08
reloadAllAccessors: .LazyAOCTestLazy

===========================================================================================
----------------- testing Sun Jul 07 04:51:57 UTC 2019 /home/travis/build/icyphy/ptII/ptolemy/actor/lib/test/auto/LazyAOCTestNonLazy.xml
----------------- Instantiating /home/travis/build/icyphy/ptII/ptolemy/actor/lib/test/auto/LazyAOCTestNonLazy.xml
3 ms. Memory: 470016K Free: 193022K (41%)
----------------- Invoking toplevel() on ptolemy.moml.MoMLSimpleApplication@2ea3befa
----------------- Done invoking toplevel() on ptolemy.moml.MoMLSimpleApplication@2ea3befa
reloadAllAccessors: .LazyAOCTestNonLazy

===========================================================================================
----------------- testing Sun Jul 07 04:51:57 UTC 2019 /home/travis/build/icyphy/ptII/ptolemy/actor/lib/test/auto/LazyInnerClass.xml
----------------- Instantiating /home/travis/build/icyphy/ptII/ptolemy/actor/lib/test/auto/LazyInnerClass.xml
15 ms. Memory: 470016K Free: 184320K (39%)
----------------- Invoking toplevel() on ptolemy.moml.MoMLSimpleApplication@4348fb86
----------------- Done invoking toplevel() on ptolemy.moml.MoMLSimpleApplication@4348fb86
reloadAllAccessors: .LazyInnerClass

===========================================================================================
----------------- testing Sun Jul 07 04:51:57 UTC 2019 /home/travis/build/icyphy/ptII/ptolemy/actor/lib/test/auto/LazyPubSub.xml
----------------- Instantiating /home/travis/build/icyphy/ptII/ptolemy/actor/lib/test/auto/LazyPubSub.xml
21 ms. Memory: 470016K Free: 174590K (37%)
----------------- Invoking toplevel() on ptolemy.moml.MoMLSimpleApplication@67ee9646
----------------- Done invoking toplevel() on ptolemy.moml.MoMLSimpleApplication@67ee9646
reloadAllAccessors: .LazyPubSub

===========================================================================================
----------------- testing Sun Jul 07 04:51:57 UTC 2019 /home/travis/build/icyphy/ptII/ptolemy/actor/lib/test/auto/LazyPubSub2.xml
----------------- Instantiating /home/travis/build/icyphy/ptII/ptolemy/actor/lib/test/auto/LazyPubSub2.xml
20 ms. Memory: 470016K Free: 165374K (35%)
----------------- Invoking toplevel() on ptolemy.moml.MoMLSimpleApplication@e80bdc0
----------------- Done invoking toplevel() on ptolemy.moml.MoMLSimpleApplication@e80bdc0
reloadAllAccessors: .LazyPubSub2

===========================================================================================
----------------- testing Sun Jul 07 04:51:57 UTC 2019 /home/travis/build/icyphy/ptII/ptolemy/actor/lib/test/auto/LazyPubSub3.xml
----------------- Instantiating /home/travis/build/icyphy/ptII/ptolemy/actor/lib/test/auto/LazyPubSub3.xml
15 ms. Memory: 470016K Free: 155134K (33%)
----------------- Invoking toplevel() on ptolemy.moml.MoMLSimpleApplication@380697e6
----------------- Done invoking toplevel() on ptolemy.moml.MoMLSimpleApplication@380697e6
reloadAllAccessors: .LazyPubSub3

===========================================================================================
----------------- testing Sun Jul 07 04:51:57 UTC 2019 /home/travis/build/icyphy/ptII/ptolemy/actor/lib/test/auto/LazySubClassModel.xml
----------------- Instantiating /home/travis/build/icyphy/ptII/ptolemy/actor/lib/test/auto/LazySubClassModel.xml
4 ms. Memory: 470016K Free: 145918K (31%)
----------------- Invoking toplevel() on ptolemy.moml.MoMLSimpleApplication@24799064
----------------- Done invoking toplevel() on ptolemy.moml.MoMLSimpleApplication@24799064
reloadAllAccessors: .LazySubClassModel

===========================================================================================
----------------- testing Sun Jul 07 04:51:57 UTC 2019 /home/travis/build/icyphy/ptII/ptolemy/actor/lib/test/auto/LevelCrossTest1.xml
----------------- Instantiating /home/travis/build/icyphy/ptII/ptolemy/actor/lib/test/auto/LevelCrossTest1.xml
2 ms. Memory: 470016K Free: 418510K (89%)
----------------- Invoking toplevel() on ptolemy.moml.MoMLSimpleApplication@7ba5aac5
----------------- Done invoking toplevel() on ptolemy.moml.MoMLSimpleApplication@7ba5aac5
reloadAllAccessors: .broken

===========================================================================================
----------------- testing Sun Jul 07 04:51:57 UTC 2019 /home/travis/build/icyphy/ptII/ptolemy/actor/lib/test/auto/LevelCrossTest10.xml
----------------- Instantiating /home/travis/build/icyphy/ptII/ptolemy/actor/lib/test/auto/LevelCrossTest10.xml
1 ms. Memory: 470016K Free: 410605K (87%)
----------------- Invoking toplevel() on ptolemy.moml.MoMLSimpleApplication@7972cc91
----------------- Done invoking toplevel() on ptolemy.moml.MoMLSimpleApplication@7972cc91
reloadAllAccessors: .LevelCrossTest10

===========================================================================================
----------------- testing Sun Jul 07 04:51:57 UTC 2019 /home/travis/build/icyphy/ptII/ptolemy/actor/lib/test/auto/LevelCrossTest11.xml
----------------- Instantiating /home/travis/build/icyphy/ptII/ptolemy/actor/lib/test/auto/LevelCrossTest11.xml
1 ms. Memory: 470016K Free: 403951K (86%)
----------------- Invoking toplevel() on ptolemy.moml.MoMLSimpleApplication@57ed88cc
----------------- Done invoking toplevel() on ptolemy.moml.MoMLSimpleApplication@57ed88cc
reloadAllAccessors: .LevelCrossTest11

===========================================================================================
----------------- testing Sun Jul 07 04:51:57 UTC 2019 /home/travis/build/icyphy/ptII/ptolemy/actor/lib/test/auto/LevelCrossTest12.xml
----------------- Instantiating /home/travis/build/icyphy/ptII/ptolemy/actor/lib/test/auto/LevelCrossTest12.xml
1 ms. Memory: 470016K Free: 396783K (84%)
----------------- Invoking toplevel() on ptolemy.moml.MoMLSimpleApplication@73e143c2
----------------- Done invoking toplevel() on ptolemy.moml.MoMLSimpleApplication@73e143c2
reloadAllAccessors: .LevelCrossTest12

===========================================================================================
----------------- testing Sun Jul 07 04:51:57 UTC 2019 /home/travis/build/icyphy/ptII/ptolemy/actor/lib/test/auto/LevelCrossTest13.xml
----------------- Instantiating /home/travis/build/icyphy/ptII/ptolemy/actor/lib/test/auto/LevelCrossTest13.xml
2 ms. Memory: 470016K Free: 389615K (83%)
----------------- Invoking toplevel() on ptolemy.moml.MoMLSimpleApplication@d0a02dd
----------------- Done invoking toplevel() on ptolemy.moml.MoMLSimpleApplication@d0a02dd
reloadAllAccessors: .LevelCrossTest13

===========================================================================================
----------------- testing Sun Jul 07 04:51:57 UTC 2019 /home/travis/build/icyphy/ptII/ptolemy/actor/lib/test/auto/LevelCrossTest2.xml
----------------- Instantiating /home/travis/build/icyphy/ptII/ptolemy/actor/lib/test/auto/LevelCrossTest2.xml
1 ms. Memory: 470016K Free: 383981K (82%)
----------------- Invoking toplevel() on ptolemy.moml.MoMLSimpleApplication@5782c060
----------------- Done invoking toplevel() on ptolemy.moml.MoMLSimpleApplication@5782c060
reloadAllAccessors: .broken

===========================================================================================
----------------- testing Sun Jul 07 04:51:57 UTC 2019 /home/travis/build/icyphy/ptII/ptolemy/actor/lib/test/auto/LevelCrossTest3.xml
----------------- Instantiating /home/travis/build/icyphy/ptII/ptolemy/actor/lib/test/auto/LevelCrossTest3.xml
2 ms. Memory: 470016K Free: 377837K (80%)
----------------- Invoking toplevel() on ptolemy.moml.MoMLSimpleApplication@6e3c3a74
----------------- Done invoking toplevel() on ptolemy.moml.MoMLSimpleApplication@6e3c3a74
reloadAllAccessors: .LevelCrossTest3

===========================================================================================
----------------- testing Sun Jul 07 04:51:57 UTC 2019 /home/travis/build/icyphy/ptII/ptolemy/actor/lib/test/auto/LevelCrossTest4.xml
----------------- Instantiating /home/travis/build/icyphy/ptII/ptolemy/actor/lib/test/auto/LevelCrossTest4.xml
1 ms. Memory: 470016K Free: 372207K (79%)
----------------- Invoking toplevel() on ptolemy.moml.MoMLSimpleApplication@20eb8bbb
----------------- Done invoking toplevel() on ptolemy.moml.MoMLSimpleApplication@20eb8bbb
reloadAllAccessors: .broken

===========================================================================================
----------------- testing Sun Jul 07 04:51:57 UTC 2019 /home/travis/build/icyphy/ptII/ptolemy/actor/lib/test/auto/LevelCrossTest5.xml
----------------- Instantiating /home/travis/build/icyphy/ptII/ptolemy/actor/lib/test/auto/LevelCrossTest5.xml
4 ms. Memory: 470016K Free: 365549K (78%)
----------------- Invoking toplevel() on ptolemy.moml.MoMLSimpleApplication@4d8fbad1
----------------- Done invoking toplevel() on ptolemy.moml.MoMLSimpleApplication@4d8fbad1
reloadAllAccessors: .LevelCrossTest5

===========================================================================================
----------------- testing Sun Jul 07 04:51:57 UTC 2019 /home/travis/build/icyphy/ptII/ptolemy/actor/lib/test/auto/LevelCrossTest6.xml
----------------- Instantiating /home/travis/build/icyphy/ptII/ptolemy/actor/lib/test/auto/LevelCrossTest6.xml
1 ms. Memory: 470016K Free: 358381K (76%)
----------------- Invoking toplevel() on ptolemy.moml.MoMLSimpleApplication@2ed44dc0
----------------- Done invoking toplevel() on ptolemy.moml.MoMLSimpleApplication@2ed44dc0
reloadAllAccessors: .LevelCrossTest6

===========================================================================================
----------------- testing Sun Jul 07 04:51:57 UTC 2019 /home/travis/build/icyphy/ptII/ptolemy/actor/lib/test/auto/LevelCrossTest7.xml
----------------- Instantiating /home/travis/build/icyphy/ptII/ptolemy/actor/lib/test/auto/LevelCrossTest7.xml
2 ms. Memory: 470016K Free: 350703K (75%)
----------------- Invoking toplevel() on ptolemy.moml.MoMLSimpleApplication@14d7975b
----------------- Done invoking toplevel() on ptolemy.moml.MoMLSimpleApplication@14d7975b
reloadAllAccessors: .LevelCrossTest7

===========================================================================================
----------------- testing Sun Jul 07 04:51:57 UTC 2019 /home/travis/build/icyphy/ptII/ptolemy/actor/lib/test/auto/LevelCrossTest8.xml
----------------- Instantiating /home/travis/build/icyphy/ptII/ptolemy/actor/lib/test/auto/LevelCrossTest8.xml
1 ms. Memory: 470016K Free: 344045K (73%)
----------------- Invoking toplevel() on ptolemy.moml.MoMLSimpleApplication@60688ec3
----------------- Done invoking toplevel() on ptolemy.moml.MoMLSimpleApplication@60688ec3
reloadAllAccessors: .LevelCrossTest8

===========================================================================================
----------------- testing Sun Jul 07 04:51:57 UTC 2019 /home/travis/build/icyphy/ptII/ptolemy/actor/lib/test/auto/LevelCrossTest9.xml
----------------- Instantiating /home/travis/build/icyphy/ptII/ptolemy/actor/lib/test/auto/LevelCrossTest9.xml
2 ms. Memory: 470016K Free: 337391K (72%)
----------------- Invoking toplevel() on ptolemy.moml.MoMLSimpleApplication@3cfec0b0
----------------- Done invoking toplevel() on ptolemy.moml.MoMLSimpleApplication@3cfec0b0
reloadAllAccessors: .LevelCrossTest9

===========================================================================================
----------------- testing Sun Jul 07 04:51:57 UTC 2019 /home/travis/build/icyphy/ptII/ptolemy/actor/lib/test/auto/LevinsonDurbin.xml
----------------- Instantiating /home/travis/build/icyphy/ptII/ptolemy/actor/lib/test/auto/LevinsonDurbin.xml
1 ms. Memory: 470016K Free: 333295K (71%)
----------------- Invoking toplevel() on ptolemy.moml.MoMLSimpleApplication@1e94dd95
----------------- Done invoking toplevel() on ptolemy.moml.MoMLSimpleApplication@1e94dd95
reloadAllAccessors: .LevinsonDurbin

===========================================================================================
----------------- testing Sun Jul 07 04:51:57 UTC 2019 /home/travis/build/icyphy/ptII/ptolemy/actor/lib/test/auto/LevinsonDurbin2.xml
----------------- Instantiating /home/travis/build/icyphy/ptII/ptolemy/actor/lib/test/auto/LevinsonDurbin2.xml
1 ms. Memory: 470016K Free: 329199K (70%)
----------------- Invoking toplevel() on ptolemy.moml.MoMLSimpleApplication@43ffc2cc
----------------- Done invoking toplevel() on ptolemy.moml.MoMLSimpleApplication@43ffc2cc
reloadAllAccessors: .LevinsonDurbin2

===========================================================================================
----------------- testing Sun Jul 07 04:51:57 UTC 2019 /home/travis/build/icyphy/ptII/ptolemy/actor/lib/test/auto/LevinsonDurbin3.xml
----------------- Instantiating /home/travis/build/icyphy/ptII/ptolemy/actor/lib/test/auto/LevinsonDurbin3.xml
2 ms. Memory: 470016K Free: 325103K (69%)
----------------- Invoking toplevel() on ptolemy.moml.MoMLSimpleApplication@7ccac302
----------------- Done invoking toplevel() on ptolemy.moml.MoMLSimpleApplication@7ccac302
reloadAllAccessors: .LevinsonDurbin3

===========================================================================================
----------------- testing Sun Jul 07 04:51:57 UTC 2019 /home/travis/build/icyphy/ptII/ptolemy/actor/lib/test/auto/Limiter.xml
----------------- Instantiating /home/travis/build/icyphy/ptII/ptolemy/actor/lib/test/auto/Limiter.xml
4 ms. Memory: 470016K Free: 315887K (67%)
----------------- Invoking toplevel() on ptolemy.moml.MoMLSimpleApplication@5064701e
----------------- Done invoking toplevel() on ptolemy.moml.MoMLSimpleApplication@5064701e
reloadAllAccessors: .Limiter

===========================================================================================
----------------- testing Sun Jul 07 04:51:57 UTC 2019 /home/travis/build/icyphy/ptII/ptolemy/actor/lib/test/auto/LinearDifferenceEquationSystem.xml
----------------- Instantiating /home/travis/build/icyphy/ptII/ptolemy/actor/lib/test/auto/LinearDifferenceEquationSystem.xml
5 ms. Memory: 470016K Free: 309229K (66%)
----------------- Invoking toplevel() on ptolemy.moml.MoMLSimpleApplication@6c5fe2d8
----------------- Done invoking toplevel() on ptolemy.moml.MoMLSimpleApplication@6c5fe2d8
reloadAllAccessors: .LinearDifferenceEquationSystem

===========================================================================================
----------------- testing Sun Jul 07 04:51:57 UTC 2019 /home/travis/build/icyphy/ptII/ptolemy/actor/lib/test/auto/LookupTable.xml
----------------- Instantiating /home/travis/build/icyphy/ptII/ptolemy/actor/lib/test/auto/LookupTable.xml
2 ms. Memory: 470016K Free: 304623K (65%)
----------------- Invoking toplevel() on ptolemy.moml.MoMLSimpleApplication@5b4de440
----------------- Done invoking toplevel() on ptolemy.moml.MoMLSimpleApplication@5b4de440
reloadAllAccessors: .LookupTable

===========================================================================================
----------------- testing Sun Jul 07 04:51:57 UTC 2019 /home/travis/build/icyphy/ptII/ptolemy/actor/lib/test/auto/MathFunction.xml
----------------- Instantiating /home/travis/build/icyphy/ptII/ptolemy/actor/lib/test/auto/MathFunction.xml
2 ms. Memory: 470016K Free: 296431K (63%)
----------------- Invoking toplevel() on ptolemy.moml.MoMLSimpleApplication@2cc68542
----------------- Done invoking toplevel() on ptolemy.moml.MoMLSimpleApplication@2cc68542
reloadAllAccessors: .MathFunction

===========================================================================================
----------------- testing Sun Jul 07 04:51:57 UTC 2019 /home/travis/build/icyphy/ptII/ptolemy/actor/lib/test/auto/MathFunction2.xml
----------------- Instantiating /home/travis/build/icyphy/ptII/ptolemy/actor/lib/test/auto/MathFunction2.xml
9 ms. Memory: 470016K Free: 292335K (62%)
----------------- Invoking toplevel() on ptolemy.moml.MoMLSimpleApplication@199f96b
----------------- Done invoking toplevel() on ptolemy.moml.MoMLSimpleApplication@199f96b
reloadAllAccessors: .MathFunction2

===========================================================================================
----------------- testing Sun Jul 07 04:51:57 UTC 2019 /home/travis/build/icyphy/ptII/ptolemy/actor/lib/test/auto/MathFunction3.xml
----------------- Instantiating /home/travis/build/icyphy/ptII/ptolemy/actor/lib/test/auto/MathFunction3.xml
2 ms. Memory: 470016K Free: 285167K (61%)
----------------- Invoking toplevel() on ptolemy.moml.MoMLSimpleApplication@2c5fab14
----------------- Done invoking toplevel() on ptolemy.moml.MoMLSimpleApplication@2c5fab14
reloadAllAccessors: .MathFunction3

===========================================================================================
----------------- testing Sun Jul 07 04:51:57 UTC 2019 /home/travis/build/icyphy/ptII/ptolemy/actor/lib/test/auto/MatrixCropBoolean.xml
----------------- Instantiating /home/travis/build/icyphy/ptII/ptolemy/actor/lib/test/auto/MatrixCropBoolean.xml
3 ms. Memory: 470016K Free: 280047K (60%)
----------------- Invoking toplevel() on ptolemy.moml.MoMLSimpleApplication@5ee98c72
----------------- Done invoking toplevel() on ptolemy.moml.MoMLSimpleApplication@5ee98c72
reloadAllAccessors: .MatrixCropBoolean

===========================================================================================
----------------- testing Sun Jul 07 04:51:57 UTC 2019 /home/travis/build/icyphy/ptII/ptolemy/actor/lib/test/auto/MatrixCropComplex.xml
----------------- Instantiating /home/travis/build/icyphy/ptII/ptolemy/actor/lib/test/auto/MatrixCropComplex.xml
2 ms. Memory: 470016K Free: 275431K (59%)
----------------- Invoking toplevel() on ptolemy.moml.MoMLSimpleApplication@3f48a3a8
----------------- Done invoking toplevel() on ptolemy.moml.MoMLSimpleApplication@3f48a3a8
reloadAllAccessors: .MatrixCropComplex

===========================================================================================
----------------- testing Sun Jul 07 04:51:57 UTC 2019 /home/travis/build/icyphy/ptII/ptolemy/actor/lib/test/auto/MatrixCropDouble.xml
----------------- Instantiating /home/travis/build/icyphy/ptII/ptolemy/actor/lib/test/auto/MatrixCropDouble.xml
2 ms. Memory: 470016K Free: 270303K (58%)
----------------- Invoking toplevel() on ptolemy.moml.MoMLSimpleApplication@2833dbff
----------------- Done invoking toplevel() on ptolemy.moml.MoMLSimpleApplication@2833dbff
reloadAllAccessors: .MatrixCropDouble

===========================================================================================
----------------- testing Sun Jul 07 04:51:57 UTC 2019 /home/travis/build/icyphy/ptII/ptolemy/actor/lib/test/auto/MatrixCropFix.xml
----------------- Instantiating /home/travis/build/icyphy/ptII/ptolemy/actor/lib/test/auto/MatrixCropFix.xml
2 ms. Memory: 470016K Free: 265167K (56%)
----------------- Invoking toplevel() on ptolemy.moml.MoMLSimpleApplication@5cbf5c96
----------------- Done invoking toplevel() on ptolemy.moml.MoMLSimpleApplication@5cbf5c96
reloadAllAccessors: .MatrixCropFix

===========================================================================================
----------------- testing Sun Jul 07 04:51:57 UTC 2019 /home/travis/build/icyphy/ptII/ptolemy/actor/lib/test/auto/MatrixCropInt.xml
----------------- Instantiating /home/travis/build/icyphy/ptII/ptolemy/actor/lib/test/auto/MatrixCropInt.xml
6 ms. Memory: 470016K Free: 260063K (55%)
----------------- Invoking toplevel() on ptolemy.moml.MoMLSimpleApplication@63bd311
----------------- Done invoking toplevel() on ptolemy.moml.MoMLSimpleApplication@63bd311
reloadAllAccessors: .MatrixCropInt

===========================================================================================
----------------- testing Sun Jul 07 04:51:57 UTC 2019 /home/travis/build/icyphy/ptII/ptolemy/actor/lib/test/auto/MatrixCropLong.xml
----------------- Instantiating /home/travis/build/icyphy/ptII/ptolemy/actor/lib/test/auto/MatrixCropLong.xml
2 ms. Memory: 470016K Free: 254943K (54%)
----------------- Invoking toplevel() on ptolemy.moml.MoMLSimpleApplication@11850dde
----------------- Done invoking toplevel() on ptolemy.moml.MoMLSimpleApplication@11850dde
reloadAllAccessors: .MatrixCropLong

===========================================================================================
----------------- testing Sun Jul 07 04:51:57 UTC 2019 /home/travis/build/icyphy/ptII/ptolemy/actor/lib/test/auto/MatrixToArray.xml
----------------- Instantiating /home/travis/build/icyphy/ptII/ptolemy/actor/lib/test/auto/MatrixToArray.xml
7 ms. Memory: 470016K Free: 240111K (51%)
----------------- Invoking toplevel() on ptolemy.moml.MoMLSimpleApplication@2ea2639c
----------------- Done invoking toplevel() on ptolemy.moml.MoMLSimpleApplication@2ea2639c
reloadAllAccessors: .MatrixToArray

===========================================================================================
----------------- testing Sun Jul 07 04:51:58 UTC 2019 /home/travis/build/icyphy/ptII/ptolemy/actor/lib/test/auto/MaxIndex.xml
----------------- Instantiating /home/travis/build/icyphy/ptII/ptolemy/actor/lib/test/auto/MaxIndex.xml
2 ms. Memory: 470016K Free: 234991K (50%)
----------------- Invoking toplevel() on ptolemy.moml.MoMLSimpleApplication@7a1f03c6
----------------- Done invoking toplevel() on ptolemy.moml.MoMLSimpleApplication@7a1f03c6
reloadAllAccessors: .MaxIndex

===========================================================================================
----------------- testing Sun Jul 07 04:51:58 UTC 2019 /home/travis/build/icyphy/ptII/ptolemy/actor/lib/test/auto/Maximum.xml
----------------- Instantiating /home/travis/build/icyphy/ptII/ptolemy/actor/lib/test/auto/Maximum.xml
6 ms. Memory: 470016K Free: 228303K (49%)
----------------- Invoking toplevel() on ptolemy.moml.MoMLSimpleApplication@7eb4ed92
----------------- Done invoking toplevel() on ptolemy.moml.MoMLSimpleApplication@7eb4ed92
reloadAllAccessors: .Maximum

===========================================================================================
----------------- testing Sun Jul 07 04:51:58 UTC 2019 /home/travis/build/icyphy/ptII/ptolemy/actor/lib/test/auto/MaximumComplex.xml
----------------- Instantiating /home/travis/build/icyphy/ptII/ptolemy/actor/lib/test/auto/MaximumComplex.xml
4 ms. Memory: 470016K Free: 222175K (47%)
----------------- Invoking toplevel() on ptolemy.moml.MoMLSimpleApplication@c82eed9
----------------- Done invoking toplevel() on ptolemy.moml.MoMLSimpleApplication@c82eed9
reloadAllAccessors: .MaximumComplex

===========================================================================================
----------------- testing Sun Jul 07 04:51:58 UTC 2019 /home/travis/build/icyphy/ptII/ptolemy/actor/lib/test/auto/MethodCallTest.xml
----------------- Instantiating /home/travis/build/icyphy/ptII/ptolemy/actor/lib/test/auto/MethodCallTest.xml
2 ms. Memory: 470016K Free: 215535K (46%)
----------------- Invoking toplevel() on ptolemy.moml.MoMLSimpleApplication@7edf2315
----------------- Done invoking toplevel() on ptolemy.moml.MoMLSimpleApplication@7edf2315
reloadAllAccessors: .MethodCallTest

===========================================================================================
----------------- testing Sun Jul 07 04:51:58 UTC 2019 /home/travis/build/icyphy/ptII/ptolemy/actor/lib/test/auto/Minimum.xml
----------------- Instantiating /home/travis/build/icyphy/ptII/ptolemy/actor/lib/test/auto/Minimum.xml
3 ms. Memory: 470016K Free: 209391K (45%)
----------------- Invoking toplevel() on ptolemy.moml.MoMLSimpleApplication@658e4bff
----------------- Done invoking toplevel() on ptolemy.moml.MoMLSimpleApplication@658e4bff
reloadAllAccessors: .Minimum

===========================================================================================
----------------- testing Sun Jul 07 04:51:58 UTC 2019 /home/travis/build/icyphy/ptII/ptolemy/actor/lib/test/auto/MinimumComplex.xml
----------------- Instantiating /home/travis/build/icyphy/ptII/ptolemy/actor/lib/test/auto/MinimumComplex.xml
4 ms. Memory: 470016K Free: 203247K (43%)
----------------- Invoking toplevel() on ptolemy.moml.MoMLSimpleApplication@77a49d4d
----------------- Done invoking toplevel() on ptolemy.moml.MoMLSimpleApplication@77a49d4d
reloadAllAccessors: .MinimumComplex

===========================================================================================
----------------- testing Sun Jul 07 04:51:58 UTC 2019 /home/travis/build/icyphy/ptII/ptolemy/actor/lib/test/auto/MinimumMultiports.xml
----------------- Instantiating /home/travis/build/icyphy/ptII/ptolemy/actor/lib/test/auto/MinimumMultiports.xml
4 ms. Memory: 470016K Free: 195055K (41%)
----------------- Invoking toplevel() on ptolemy.moml.MoMLSimpleApplication@3c48344d
----------------- Done invoking toplevel() on ptolemy.moml.MoMLSimpleApplication@3c48344d
reloadAllAccessors: .MinimumMultiports

===========================================================================================
----------------- testing Sun Jul 07 04:51:58 UTC 2019 /home/travis/build/icyphy/ptII/ptolemy/actor/lib/test/auto/ModifyDate.xml
----------------- Instantiating /home/travis/build/icyphy/ptII/ptolemy/actor/lib/test/auto/ModifyDate.xml
7 ms. Memory: 470016K Free: 182253K (39%)
----------------- Invoking toplevel() on ptolemy.moml.MoMLSimpleApplication@2a054f9d
----------------- Done invoking toplevel() on ptolemy.moml.MoMLSimpleApplication@2a054f9d
reloadAllAccessors: .ModifyDate

===========================================================================================
----------------- testing Sun Jul 07 04:51:58 UTC 2019 /home/travis/build/icyphy/ptII/ptolemy/actor/lib/test/auto/ModifyDate2.xml
----------------- Instantiating /home/travis/build/icyphy/ptII/ptolemy/actor/lib/test/auto/ModifyDate2.xml
5 ms. Memory: 470016K Free: 173551K (37%)
----------------- Invoking toplevel() on ptolemy.moml.MoMLSimpleApplication@4ca89866
----------------- Done invoking toplevel() on ptolemy.moml.MoMLSimpleApplication@4ca89866
reloadAllAccessors: .ModifyDate2

===========================================================================================
----------------- testing Sun Jul 07 04:51:58 UTC 2019 /home/travis/build/icyphy/ptII/ptolemy/actor/lib/test/auto/MovingAverage.xml
----------------- Instantiating /home/travis/build/icyphy/ptII/ptolemy/actor/lib/test/auto/MovingAverage.xml
1 ms. Memory: 470016K Free: 168431K (36%)
----------------- Invoking toplevel() on ptolemy.moml.MoMLSimpleApplication@c8ec5ad
----------------- Done invoking toplevel() on ptolemy.moml.MoMLSimpleApplication@c8ec5ad
reloadAllAccessors: .MovingAverage

===========================================================================================
----------------- testing Sun Jul 07 04:51:58 UTC 2019 /home/travis/build/icyphy/ptII/ptolemy/actor/lib/test/auto/MovingMaximum.xml
----------------- Instantiating /home/travis/build/icyphy/ptII/ptolemy/actor/lib/test/auto/MovingMaximum.xml
2 ms. Memory: 470016K Free: 163821K (35%)
----------------- Invoking toplevel() on ptolemy.moml.MoMLSimpleApplication@60b1ba3b
----------------- Done invoking toplevel() on ptolemy.moml.MoMLSimpleApplication@60b1ba3b
reloadAllAccessors: .MovingMaximum

===========================================================================================
----------------- testing Sun Jul 07 04:51:58 UTC 2019 /home/travis/build/icyphy/ptII/ptolemy/actor/lib/test/auto/MultipleLinksToSameRelation.xml
----------------- Instantiating /home/travis/build/icyphy/ptII/ptolemy/actor/lib/test/auto/MultipleLinksToSameRelation.xml
5 ms. Memory: 470016K Free: 159725K (34%)
----------------- Invoking toplevel() on ptolemy.moml.MoMLSimpleApplication@7d204fd7
----------------- Done invoking toplevel() on ptolemy.moml.MoMLSimpleApplication@7d204fd7
reloadAllAccessors: .MultipleLinksToSameRelation

===========================================================================================
----------------- testing Sun Jul 07 04:51:58 UTC 2019 /home/travis/build/icyphy/ptII/ptolemy/actor/lib/test/auto/MultipleLinksToSameRelationDE.xml
----------------- Instantiating /home/travis/build/icyphy/ptII/ptolemy/actor/lib/test/auto/MultipleLinksToSameRelationDE.xml
9 ms. Memory: 470016K Free: 155119K (33%)
----------------- Invoking toplevel() on ptolemy.moml.MoMLSimpleApplication@194dabfd
----------------- Done invoking toplevel() on ptolemy.moml.MoMLSimpleApplication@194dabfd
reloadAllAccessors: .MultipleLinksToSameRelationDE

===========================================================================================
----------------- testing Sun Jul 07 04:51:58 UTC 2019 /home/travis/build/icyphy/ptII/ptolemy/actor/lib/test/auto/Multiplexor.xml
----------------- Instantiating /home/travis/build/icyphy/ptII/ptolemy/actor/lib/test/auto/Multiplexor.xml
2 ms. Memory: 470016K Free: 149485K (32%)
----------------- Invoking toplevel() on ptolemy.moml.MoMLSimpleApplication@7b4639c0
----------------- Done invoking toplevel() on ptolemy.moml.MoMLSimpleApplication@7b4639c0
reloadAllAccessors: .Multiplexor

===========================================================================================
----------------- testing Sun Jul 07 04:51:58 UTC 2019 /home/travis/build/icyphy/ptII/ptolemy/actor/lib/test/auto/Multiplexor1.xml
----------------- Instantiating /home/travis/build/icyphy/ptII/ptolemy/actor/lib/test/auto/Multiplexor1.xml
2 ms. Memory: 470016K Free: 143855K (31%)
----------------- Invoking toplevel() on ptolemy.moml.MoMLSimpleApplication@1fcd0a13
----------------- Done invoking toplevel() on ptolemy.moml.MoMLSimpleApplication@1fcd0a13
reloadAllAccessors: .Multiplexor1

===========================================================================================
----------------- testing Sun Jul 07 04:51:58 UTC 2019 /home/travis/build/icyphy/ptII/ptolemy/actor/lib/test/auto/Multiplexor2.xml
----------------- Instantiating /home/travis/build/icyphy/ptII/ptolemy/actor/lib/test/auto/Multiplexor2.xml
2 ms. Memory: 470016K Free: 414947K (88%)
----------------- Invoking toplevel() on ptolemy.moml.MoMLSimpleApplication@6bac2817
----------------- Done invoking toplevel() on ptolemy.moml.MoMLSimpleApplication@6bac2817
reloadAllAccessors: .Multiplexor2

===========================================================================================
----------------- testing Sun Jul 07 04:51:58 UTC 2019 /home/travis/build/icyphy/ptII/ptolemy/actor/lib/test/auto/Multiplexor3.xml
----------------- Instantiating /home/travis/build/icyphy/ptII/ptolemy/actor/lib/test/auto/Multiplexor3.xml
2 ms. Memory: 470016K Free: 410851K (87%)
----------------- Invoking toplevel() on ptolemy.moml.MoMLSimpleApplication@15bb8659
----------------- Done invoking toplevel() on ptolemy.moml.MoMLSimpleApplication@15bb8659
reloadAllAccessors: .Multiplexor3

===========================================================================================
----------------- testing Sun Jul 07 04:51:58 UTC 2019 /home/travis/build/icyphy/ptII/ptolemy/actor/lib/test/auto/MultiplexorDE.xml
----------------- Instantiating /home/travis/build/icyphy/ptII/ptolemy/actor/lib/test/auto/MultiplexorDE.xml
3 ms. Memory: 470016K Free: 403173K (86%)
----------------- Invoking toplevel() on ptolemy.moml.MoMLSimpleApplication@22e8f911
----------------- Done invoking toplevel() on ptolemy.moml.MoMLSimpleApplication@22e8f911
reloadAllAccessors: .MultiplexorDE

===========================================================================================
----------------- testing Sun Jul 07 04:51:58 UTC 2019 /home/travis/build/icyphy/ptII/ptolemy/actor/lib/test/auto/MultiportBroadcastTest.xml
----------------- Instantiating /home/travis/build/icyphy/ptII/ptolemy/actor/lib/test/auto/MultiportBroadcastTest.xml
99 ms. Memory: 470016K Free: 397029K (84%)
----------------- Invoking toplevel() on ptolemy.moml.MoMLSimpleApplication@1dee1f1e
----------------- Done invoking toplevel() on ptolemy.moml.MoMLSimpleApplication@1dee1f1e
reloadAllAccessors: .MultiportBroadcastTest

===========================================================================================
----------------- testing Sun Jul 07 04:51:58 UTC 2019 /home/travis/build/icyphy/ptII/ptolemy/actor/lib/test/auto/MultiportOutHangDuringGetWidth.xml
----------------- Instantiating /home/travis/build/icyphy/ptII/ptolemy/actor/lib/test/auto/MultiportOutHangDuringGetWidth.xml
6 ms. Memory: 470016K Free: 385237K (82%)
----------------- Invoking toplevel() on ptolemy.moml.MoMLSimpleApplication@aedcf69
----------------- Done invoking toplevel() on ptolemy.moml.MoMLSimpleApplication@aedcf69
reloadAllAccessors: .MultiportOutHangDuringGetWidth

===========================================================================================
----------------- testing Sun Jul 07 04:51:58 UTC 2019 /home/travis/build/icyphy/ptII/ptolemy/actor/lib/test/auto/NilToken.xml
----------------- Instantiating /home/travis/build/icyphy/ptII/ptolemy/actor/lib/test/auto/NilToken.xml
2 ms. Memory: 470016K Free: 381155K (81%)
----------------- Invoking toplevel() on ptolemy.moml.MoMLSimpleApplication@6e24baa3
----------------- Done invoking toplevel() on ptolemy.moml.MoMLSimpleApplication@6e24baa3
reloadAllAccessors: .NilToken

===========================================================================================
----------------- testing Sun Jul 07 04:51:58 UTC 2019 /home/travis/build/icyphy/ptII/ptolemy/actor/lib/test/auto/NilTokenNonStrictTest.xml
----------------- Instantiating /home/travis/build/icyphy/ptII/ptolemy/actor/lib/test/auto/NilTokenNonStrictTest.xml
2 ms. Memory: 470016K Free: 376035K (80%)
----------------- Invoking toplevel() on ptolemy.moml.MoMLSimpleApplication@dc6224
----------------- Done invoking toplevel() on ptolemy.moml.MoMLSimpleApplication@dc6224
reloadAllAccessors: .NilTokenNonStrictTest

===========================================================================================
----------------- testing Sun Jul 07 04:51:58 UTC 2019 /home/travis/build/icyphy/ptII/ptolemy/actor/lib/test/auto/NilTokenRecord.xml
----------------- Instantiating /home/travis/build/icyphy/ptII/ptolemy/actor/lib/test/auto/NilTokenRecord.xml
13 ms. Memory: 470016K Free: 369381K (79%)
----------------- Invoking toplevel() on ptolemy.moml.MoMLSimpleApplication@5f074b22
----------------- Done invoking toplevel() on ptolemy.moml.MoMLSimpleApplication@5f074b22
reloadAllAccessors: .NilTokenRecord

===========================================================================================
----------------- testing Sun Jul 07 04:51:58 UTC 2019 /home/travis/build/icyphy/ptII/ptolemy/actor/lib/test/auto/NilTokenTypeTest.xml
----------------- Instantiating /home/travis/build/icyphy/ptII/ptolemy/actor/lib/test/auto/NilTokenTypeTest.xml
7 ms. Memory: 470016K Free: 359651K (77%)
----------------- Invoking toplevel() on ptolemy.moml.MoMLSimpleApplication@7c102d25
----------------- Done invoking toplevel() on ptolemy.moml.MoMLSimpleApplication@7c102d25
reloadAllAccessors: .NilTokenTypeTest

===========================================================================================
----------------- testing Sun Jul 07 04:51:58 UTC 2019 /home/travis/build/icyphy/ptII/ptolemy/actor/lib/test/auto/ObjectToken1.xml
----------------- Instantiating /home/travis/build/icyphy/ptII/ptolemy/actor/lib/test/auto/ObjectToken1.xml
1 ms. Memory: 470016K Free: 355555K (76%)
----------------- Invoking toplevel() on ptolemy.moml.MoMLSimpleApplication@6de7e88f
----------------- Done invoking toplevel() on ptolemy.moml.MoMLSimpleApplication@6de7e88f
reloadAllAccessors: .ObjectToken1

===========================================================================================
----------------- testing Sun Jul 07 04:51:58 UTC 2019 /home/travis/build/icyphy/ptII/ptolemy/actor/lib/test/auto/OrderedMerge.xml
----------------- Instantiating /home/travis/build/icyphy/ptII/ptolemy/actor/lib/test/auto/OrderedMerge.xml
8 ms. Memory: 470016K Free: 349925K (74%)
----------------- Invoking toplevel() on ptolemy.moml.MoMLSimpleApplication@264be230
----------------- Done invoking toplevel() on ptolemy.moml.MoMLSimpleApplication@264be230
reloadAllAccessors: .OrderedMerge

===========================================================================================
----------------- testing Sun Jul 07 04:51:58 UTC 2019 /home/travis/build/icyphy/ptII/ptolemy/actor/lib/test/auto/OrderedRecordDisassembler.xml
----------------- Instantiating /home/travis/build/icyphy/ptII/ptolemy/actor/lib/test/auto/OrderedRecordDisassembler.xml
3 ms. Memory: 470016K Free: 344805K (73%)
----------------- Invoking toplevel() on ptolemy.moml.MoMLSimpleApplication@75b2c055
----------------- Done invoking toplevel() on ptolemy.moml.MoMLSimpleApplication@75b2c055
reloadAllAccessors: .OrderedRecordDisassembler

===========================================================================================
----------------- testing Sun Jul 07 04:51:58 UTC 2019 /home/travis/build/icyphy/ptII/ptolemy/actor/lib/test/auto/OrderedRecordDisassembler2.xml
----------------- Instantiating /home/travis/build/icyphy/ptII/ptolemy/actor/lib/test/auto/OrderedRecordDisassembler2.xml
4 ms. Memory: 470016K Free: 337117K (72%)
----------------- Invoking toplevel() on ptolemy.moml.MoMLSimpleApplication@28ba3367
----------------- Done invoking toplevel() on ptolemy.moml.MoMLSimpleApplication@28ba3367
reloadAllAccessors: .OrderedRecordDisassembler2

===========================================================================================
----------------- testing Sun Jul 07 04:51:58 UTC 2019 /home/travis/build/icyphy/ptII/ptolemy/actor/lib/test/auto/OrderedRecordUpdater.xml
----------------- Instantiating /home/travis/build/icyphy/ptII/ptolemy/actor/lib/test/auto/OrderedRecordUpdater.xml
2 ms. Memory: 470016K Free: 332003K (71%)
----------------- Invoking toplevel() on ptolemy.moml.MoMLSimpleApplication@717ec6e4
----------------- Done invoking toplevel() on ptolemy.moml.MoMLSimpleApplication@717ec6e4
reloadAllAccessors: .RecordUpdater

===========================================================================================
----------------- testing Sun Jul 07 04:51:58 UTC 2019 /home/travis/build/icyphy/ptII/ptolemy/actor/lib/test/auto/OrderedRecordUpdater2.xml
----------------- Instantiating /home/travis/build/icyphy/ptII/ptolemy/actor/lib/test/auto/OrderedRecordUpdater2.xml
3 ms. Memory: 470016K Free: 326883K (70%)
----------------- Invoking toplevel() on ptolemy.moml.MoMLSimpleApplication@54aa0433
----------------- Done invoking toplevel() on ptolemy.moml.MoMLSimpleApplication@54aa0433
reloadAllAccessors: .RecordUpdater2

===========================================================================================
----------------- testing Sun Jul 07 04:51:58 UTC 2019 /home/travis/build/icyphy/ptII/ptolemy/actor/lib/test/auto/PhaseUnwrap.xml
----------------- Instantiating /home/travis/build/icyphy/ptII/ptolemy/actor/lib/test/auto/PhaseUnwrap.xml
1 ms. Memory: 470016K Free: 322277K (69%)
----------------- Invoking toplevel() on ptolemy.moml.MoMLSimpleApplication@49b3b56e
----------------- Done invoking toplevel() on ptolemy.moml.MoMLSimpleApplication@49b3b56e
reloadAllAccessors: .PhaseUnwrap

===========================================================================================
----------------- testing Sun Jul 07 04:51:58 UTC 2019 /home/travis/build/icyphy/ptII/ptolemy/actor/lib/test/auto/PoissonClock.xml
----------------- Instantiating /home/travis/build/icyphy/ptII/ptolemy/actor/lib/test/auto/PoissonClock.xml
2 ms. Memory: 470016K Free: 318181K (68%)
----------------- Invoking toplevel() on ptolemy.moml.MoMLSimpleApplication@5049285d
----------------- Done invoking toplevel() on ptolemy.moml.MoMLSimpleApplication@5049285d
reloadAllAccessors: .PoissonClock

===========================================================================================
----------------- testing Sun Jul 07 04:51:58 UTC 2019 /home/travis/build/icyphy/ptII/ptolemy/actor/lib/test/auto/PoissonClock2.xml
----------------- Instantiating /home/travis/build/icyphy/ptII/ptolemy/actor/lib/test/auto/PoissonClock2.xml
1 ms. Memory: 470016K Free: 313571K (67%)
----------------- Invoking toplevel() on ptolemy.moml.MoMLSimpleApplication@736920a9
----------------- Done invoking toplevel() on ptolemy.moml.MoMLSimpleApplication@736920a9
reloadAllAccessors: .PoissonClock2

===========================================================================================
----------------- testing Sun Jul 07 04:51:58 UTC 2019 /home/travis/build/icyphy/ptII/ptolemy/actor/lib/test/auto/PoissonClock3.xml
----------------- Instantiating /home/travis/build/icyphy/ptII/ptolemy/actor/lib/test/auto/PoissonClock3.xml
1 ms. Memory: 470016K Free: 308965K (66%)
----------------- Invoking toplevel() on ptolemy.moml.MoMLSimpleApplication@430543e5
----------------- Done invoking toplevel() on ptolemy.moml.MoMLSimpleApplication@430543e5
reloadAllAccessors: .PoissonClock3

===========================================================================================
----------------- testing Sun Jul 07 04:51:58 UTC 2019 /home/travis/build/icyphy/ptII/ptolemy/actor/lib/test/auto/PubSubWithInitialTokens.xml
----------------- Instantiating /home/travis/build/icyphy/ptII/ptolemy/actor/lib/test/auto/PubSubWithInitialTokens.xml
2 ms. Memory: 470016K Free: 303317K (65%)
----------------- Invoking toplevel() on ptolemy.moml.MoMLSimpleApplication@3d19af9e
----------------- Done invoking toplevel() on ptolemy.moml.MoMLSimpleApplication@3d19af9e
reloadAllAccessors: .PubSubWithInitialTokens

===========================================================================================
----------------- testing Sun Jul 07 04:51:58 UTC 2019 /home/travis/build/icyphy/ptII/ptolemy/actor/lib/test/auto/PubSubWithInitialTokens2.xml
----------------- Instantiating /home/travis/build/icyphy/ptII/ptolemy/actor/lib/test/auto/PubSubWithInitialTokens2.xml
2 ms. Memory: 470016K Free: 297181K (63%)
----------------- Invoking toplevel() on ptolemy.moml.MoMLSimpleApplication@7f421403
----------------- Done invoking toplevel() on ptolemy.moml.MoMLSimpleApplication@7f421403
reloadAllAccessors: .PubSubWithInitialTokens2

===========================================================================================
----------------- testing Sun Jul 07 04:51:58 UTC 2019 /home/travis/build/icyphy/ptII/ptolemy/actor/lib/test/auto/PublisherClassNoParameter.xml
----------------- Instantiating /home/travis/build/icyphy/ptII/ptolemy/actor/lib/test/auto/PublisherClassNoParameter.xml
2 ms. Memory: 470016K Free: 287941K (61%)
----------------- Invoking toplevel() on ptolemy.moml.MoMLSimpleApplication@76080ee5
----------------- Done invoking toplevel() on ptolemy.moml.MoMLSimpleApplication@76080ee5
reloadAllAccessors: .PublisherClassNoParameter

===========================================================================================
----------------- testing Sun Jul 07 04:51:58 UTC 2019 /home/travis/build/icyphy/ptII/ptolemy/actor/lib/test/auto/PublisherClassParameter.xml
----------------- Instantiating /home/travis/build/icyphy/ptII/ptolemy/actor/lib/test/auto/PublisherClassParameter.xml
2 ms. Memory: 470016K Free: 277221K (59%)
----------------- Invoking toplevel() on ptolemy.moml.MoMLSimpleApplication@e788846
----------------- Done invoking toplevel() on ptolemy.moml.MoMLSimpleApplication@e788846
reloadAllAccessors: .PublisherClassParameter

===========================================================================================
----------------- testing Sun Jul 07 04:51:58 UTC 2019 /home/travis/build/icyphy/ptII/ptolemy/actor/lib/test/auto/PublisherNonStrictTest.xml
----------------- Instantiating /home/travis/build/icyphy/ptII/ptolemy/actor/lib/test/auto/PublisherNonStrictTest.xml
3 ms. Memory: 470016K Free: 269533K (57%)
----------------- Invoking toplevel() on ptolemy.moml.MoMLSimpleApplication@3ce3eb37
----------------- Done invoking toplevel() on ptolemy.moml.MoMLSimpleApplication@3ce3eb37
reloadAllAccessors: .PublisherNonStrictTest

===========================================================================================
----------------- testing Sun Jul 07 04:51:59 UTC 2019 /home/travis/build/icyphy/ptII/ptolemy/actor/lib/test/auto/PublisherPort1.xml
----------------- Instantiating /home/travis/build/icyphy/ptII/ptolemy/actor/lib/test/auto/PublisherPort1.xml
8 ms. Memory: 470016K Free: 263909K (56%)
----------------- Invoking toplevel() on ptolemy.moml.MoMLSimpleApplication@52dc945
----------------- Done invoking toplevel() on ptolemy.moml.MoMLSimpleApplication@52dc945
reloadAllAccessors: .PublisherPort1

===========================================================================================
----------------- testing Sun Jul 07 04:51:59 UTC 2019 /home/travis/build/icyphy/ptII/ptolemy/actor/lib/test/auto/PublisherPort2.xml
----------------- Instantiating /home/travis/build/icyphy/ptII/ptolemy/actor/lib/test/auto/PublisherPort2.xml
11 ms. Memory: 470016K Free: 258789K (55%)
----------------- Invoking toplevel() on ptolemy.moml.MoMLSimpleApplication@61cdeb66
----------------- Done invoking toplevel() on ptolemy.moml.MoMLSimpleApplication@61cdeb66
reloadAllAccessors: .PublisherPort2

===========================================================================================
----------------- testing Sun Jul 07 04:51:59 UTC 2019 /home/travis/build/icyphy/ptII/ptolemy/actor/lib/test/auto/PublisherPort3.xml
----------------- Instantiating /home/travis/build/icyphy/ptII/ptolemy/actor/lib/test/auto/PublisherPort3.xml
3 ms. Memory: 470016K Free: 252101K (54%)
----------------- Invoking toplevel() on ptolemy.moml.MoMLSimpleApplication@ec0f6c0
----------------- Done invoking toplevel() on ptolemy.moml.MoMLSimpleApplication@ec0f6c0
reloadAllAccessors: .PublisherPort3

===========================================================================================
----------------- testing Sun Jul 07 04:51:59 UTC 2019 /home/travis/build/icyphy/ptII/ptolemy/actor/lib/test/auto/PublisherPort4.xml
----------------- Instantiating /home/travis/build/icyphy/ptII/ptolemy/actor/lib/test/auto/PublisherPort4.xml
2 ms. Memory: 470016K Free: 245981K (52%)
----------------- Invoking toplevel() on ptolemy.moml.MoMLSimpleApplication@5d1a93a0
----------------- Done invoking toplevel() on ptolemy.moml.MoMLSimpleApplication@5d1a93a0
reloadAllAccessors: .PublisherPort4

===========================================================================================
----------------- testing Sun Jul 07 04:51:59 UTC 2019 /home/travis/build/icyphy/ptII/ptolemy/actor/lib/test/auto/PublisherPort5.xml
----------------- Instantiating /home/travis/build/icyphy/ptII/ptolemy/actor/lib/test/auto/PublisherPort5.xml
3 ms. Memory: 470016K Free: 238309K (51%)
----------------- Invoking toplevel() on ptolemy.moml.MoMLSimpleApplication@1b749dd9
----------------- Done invoking toplevel() on ptolemy.moml.MoMLSimpleApplication@1b749dd9
reloadAllAccessors: .PublisherPort5

===========================================================================================
----------------- testing Sun Jul 07 04:51:59 UTC 2019 /home/travis/build/icyphy/ptII/ptolemy/actor/lib/test/auto/PublisherPort5LookAlike.xml
----------------- Instantiating /home/travis/build/icyphy/ptII/ptolemy/actor/lib/test/auto/PublisherPort5LookAlike.xml
8 ms. Memory: 470016K Free: 230627K (49%)
----------------- Invoking toplevel() on ptolemy.moml.MoMLSimpleApplication@722dc72e
----------------- Done invoking toplevel() on ptolemy.moml.MoMLSimpleApplication@722dc72e
reloadAllAccessors: .PublisherPort5LookAlike

===========================================================================================
----------------- testing Sun Jul 07 04:51:59 UTC 2019 /home/travis/build/icyphy/ptII/ptolemy/actor/lib/test/auto/PublisherPort6.xml
----------------- Instantiating /home/travis/build/icyphy/ptII/ptolemy/actor/lib/test/auto/PublisherPort6.xml
3 ms. Memory: 470016K Free: 223973K (48%)
----------------- Invoking toplevel() on ptolemy.moml.MoMLSimpleApplication@7237f107
----------------- Done invoking toplevel() on ptolemy.moml.MoMLSimpleApplication@7237f107
reloadAllAccessors: .PublisherPort6

===========================================================================================
----------------- testing Sun Jul 07 04:51:59 UTC 2019 /home/travis/build/icyphy/ptII/ptolemy/actor/lib/test/auto/PublisherPort7.xml
----------------- Instantiating /home/travis/build/icyphy/ptII/ptolemy/actor/lib/test/auto/PublisherPort7.xml
3 ms. Memory: 470016K Free: 216291K (46%)
----------------- Invoking toplevel() on ptolemy.moml.MoMLSimpleApplication@60cffbac
----------------- Done invoking toplevel() on ptolemy.moml.MoMLSimpleApplication@60cffbac
reloadAllAccessors: .PublisherPort7

===========================================================================================
----------------- testing Sun Jul 07 04:51:59 UTC 2019 /home/travis/build/icyphy/ptII/ptolemy/actor/lib/test/auto/PublisherPort8.xml
----------------- Instantiating /home/travis/build/icyphy/ptII/ptolemy/actor/lib/test/auto/PublisherPort8.xml
5 ms. Memory: 470016K Free: 207589K (44%)
----------------- Invoking toplevel() on ptolemy.moml.MoMLSimpleApplication@6b81c9df
----------------- Done invoking toplevel() on ptolemy.moml.MoMLSimpleApplication@6b81c9df
reloadAllAccessors: .PublisherPort8

===========================================================================================
----------------- testing Sun Jul 07 04:51:59 UTC 2019 /home/travis/build/icyphy/ptII/ptolemy/actor/lib/test/auto/PublisherPortSubscriberChannelVariablesAOC2.xml
----------------- Instantiating /home/travis/build/icyphy/ptII/ptolemy/actor/lib/test/auto/PublisherPortSubscriberChannelVariablesAOC2.xml
3 ms. Memory: 470016K Free: 190181K (40%)
----------------- Invoking toplevel() on ptolemy.moml.MoMLSimpleApplication@15527fa2
----------------- Done invoking toplevel() on ptolemy.moml.MoMLSimpleApplication@15527fa2
reloadAllAccessors: .PublisherPortSubscriberChannelVariablesAOC2

===========================================================================================
----------------- testing Sun Jul 07 04:51:59 UTC 2019 /home/travis/build/icyphy/ptII/ptolemy/actor/lib/test/auto/PublisherPortSubscriberOpaqueWidthInference.xml
----------------- Instantiating /home/travis/build/icyphy/ptII/ptolemy/actor/lib/test/auto/PublisherPortSubscriberOpaqueWidthInference.xml
4 ms. Memory: 470016K Free: 182485K (39%)
----------------- Invoking toplevel() on ptolemy.moml.MoMLSimpleApplication@69ef146e
----------------- Done invoking toplevel() on ptolemy.moml.MoMLSimpleApplication@69ef146e
reloadAllAccessors: .PublisherPortSubscriberOpaqueWidthInference

===========================================================================================
----------------- testing Sun Jul 07 04:51:59 UTC 2019 /home/travis/build/icyphy/ptII/ptolemy/actor/lib/test/auto/PublisherPortSubscriberPortAdjacent.xml
----------------- Instantiating /home/travis/build/icyphy/ptII/ptolemy/actor/lib/test/auto/PublisherPortSubscriberPortAdjacent.xml
2 ms. Memory: 470016K Free: 173797K (37%)
----------------- Invoking toplevel() on ptolemy.moml.MoMLSimpleApplication@41961388
----------------- Done invoking toplevel() on ptolemy.moml.MoMLSimpleApplication@41961388
reloadAllAccessors: .PublisherPortSubscriberPortAdjacent

===========================================================================================
----------------- testing Sun Jul 07 04:51:59 UTC 2019 /home/travis/build/icyphy/ptII/ptolemy/actor/lib/test/auto/PublisherPortSubscriberPortExpression.xml
----------------- Instantiating /home/travis/build/icyphy/ptII/ptolemy/actor/lib/test/auto/PublisherPortSubscriberPortExpression.xml
4 ms. Memory: 470016K Free: 166109K (35%)
----------------- Invoking toplevel() on ptolemy.moml.MoMLSimpleApplication@536c76c
----------------- Done invoking toplevel() on ptolemy.moml.MoMLSimpleApplication@536c76c
reloadAllAccessors: .PublisherPortSubscriberPortExpression

===========================================================================================
----------------- testing Sun Jul 07 04:51:59 UTC 2019 /home/travis/build/icyphy/ptII/ptolemy/actor/lib/test/auto/PublisherPortSubscriberPortOpaqueD3Reverse.xml
----------------- Instantiating /home/travis/build/icyphy/ptII/ptolemy/actor/lib/test/auto/PublisherPortSubscriberPortOpaqueD3Reverse.xml
7 ms. Memory: 470016K Free: 155875K (33%)
----------------- Invoking toplevel() on ptolemy.moml.MoMLSimpleApplication@aabc8dc
----------------- Done invoking toplevel() on ptolemy.moml.MoMLSimpleApplication@aabc8dc
reloadAllAccessors: .PublisherPortSubscriberPortOpaqueD3Reverse

===========================================================================================
----------------- testing Sun Jul 07 04:51:59 UTC 2019 /home/travis/build/icyphy/ptII/ptolemy/actor/lib/test/auto/PublisherPortSubscriberPortOpaqueWidthInference.xml
----------------- Instantiating /home/travis/build/icyphy/ptII/ptolemy/actor/lib/test/auto/PublisherPortSubscriberPortOpaqueWidthInference.xml
4 ms. Memory: 470016K Free: 147669K (31%)
----------------- Invoking toplevel() on ptolemy.moml.MoMLSimpleApplication@22f21736
----------------- Done invoking toplevel() on ptolemy.moml.MoMLSimpleApplication@22f21736
reloadAllAccessors: .PublisherPortSubscriberPortOpaqueWidthInference

===========================================================================================
----------------- testing Sun Jul 07 04:51:59 UTC 2019 /home/travis/build/icyphy/ptII/ptolemy/actor/lib/test/auto/PublisherPortToplevelSubscriberPortAOC.xml
----------------- Instantiating /home/travis/build/icyphy/ptII/ptolemy/actor/lib/test/auto/PublisherPortToplevelSubscriberPortAOC.xml
.PublisherPortToplevelSubscriberPortAOC.TestExceptionAttribute: initialize() was not invoked, but wrapup() was.  This is unusual, but not always a problem.  For example, exporting JNLP will do this.
2 ms. Memory: 470016K Free: 419282K (89%)
----------------- Invoking toplevel() on ptolemy.moml.MoMLSimpleApplication@6537a882
----------------- Done invoking toplevel() on ptolemy.moml.MoMLSimpleApplication@6537a882
reloadAllAccessors: .PublisherPortToplevelSubscriberPortAOC

===========================================================================================
----------------- testing Sun Jul 07 04:51:59 UTC 2019 /home/travis/build/icyphy/ptII/ptolemy/actor/lib/test/auto/PublisherSubscriber.xml
----------------- Instantiating /home/travis/build/icyphy/ptII/ptolemy/actor/lib/test/auto/PublisherSubscriber.xml
4 ms. Memory: 470016K Free: 411569K (88%)
----------------- Invoking toplevel() on ptolemy.moml.MoMLSimpleApplication@5e8cd6c2
----------------- Done invoking toplevel() on ptolemy.moml.MoMLSimpleApplication@5e8cd6c2
reloadAllAccessors: .PublisherSubscriber

===========================================================================================
----------------- testing Sun Jul 07 04:51:59 UTC 2019 /home/travis/build/icyphy/ptII/ptolemy/actor/lib/test/auto/PublisherSubscriber10.xml
----------------- Instantiating /home/travis/build/icyphy/ptII/ptolemy/actor/lib/test/auto/PublisherSubscriber10.xml
6 ms. Memory: 470016K Free: 401874K (86%)
----------------- Invoking toplevel() on ptolemy.moml.MoMLSimpleApplication@20b0e50
----------------- Done invoking toplevel() on ptolemy.moml.MoMLSimpleApplication@20b0e50
reloadAllAccessors: .PublisherSubscriber10

===========================================================================================
----------------- testing Sun Jul 07 04:51:59 UTC 2019 /home/travis/build/icyphy/ptII/ptolemy/actor/lib/test/auto/PublisherSubscriber10InitialOutputs.xml
----------------- Instantiating /home/travis/build/icyphy/ptII/ptolemy/actor/lib/test/auto/PublisherSubscriber10InitialOutputs.xml
19 ms. Memory: 470016K Free: 392658K (84%)
----------------- Invoking toplevel() on ptolemy.moml.MoMLSimpleApplication@30251ea7
----------------- Done invoking toplevel() on ptolemy.moml.MoMLSimpleApplication@30251ea7
reloadAllAccessors: .PublisherSubscriber10InitialOutputs

===========================================================================================
----------------- testing Sun Jul 07 04:51:59 UTC 2019 /home/travis/build/icyphy/ptII/ptolemy/actor/lib/test/auto/PublisherSubscriber11.xml
----------------- Instantiating /home/travis/build/icyphy/ptII/ptolemy/actor/lib/test/auto/PublisherSubscriber11.xml
9 ms. Memory: 470016K Free: 386514K (82%)
----------------- Invoking toplevel() on ptolemy.moml.MoMLSimpleApplication@82b9cbf
----------------- Done invoking toplevel() on ptolemy.moml.MoMLSimpleApplication@82b9cbf
reloadAllAccessors: .PublisherSubscriber11

===========================================================================================
----------------- testing Sun Jul 07 04:51:59 UTC 2019 /home/travis/build/icyphy/ptII/ptolemy/actor/lib/test/auto/PublisherSubscriber12.xml
----------------- Instantiating /home/travis/build/icyphy/ptII/ptolemy/actor/lib/test/auto/PublisherSubscriber12.xml
5 ms. Memory: 470016K Free: 379346K (81%)
----------------- Invoking toplevel() on ptolemy.moml.MoMLSimpleApplication@8a07f12
----------------- Done invoking toplevel() on ptolemy.moml.MoMLSimpleApplication@8a07f12
reloadAllAccessors: .PublisherSubscriber12

===========================================================================================
----------------- testing Sun Jul 07 04:51:59 UTC 2019 /home/travis/build/icyphy/ptII/ptolemy/actor/lib/test/auto/PublisherSubscriber13.xml
----------------- Instantiating /home/travis/build/icyphy/ptII/ptolemy/actor/lib/test/auto/PublisherSubscriber13.xml
2 ms. Memory: 470016K Free: 373712K (80%)
----------------- Invoking toplevel() on ptolemy.moml.MoMLSimpleApplication@19b7fc7e
----------------- Done invoking toplevel() on ptolemy.moml.MoMLSimpleApplication@19b7fc7e
reloadAllAccessors: .PublisherSubscriber13

===========================================================================================
----------------- testing Sun Jul 07 04:51:59 UTC 2019 /home/travis/build/icyphy/ptII/ptolemy/actor/lib/test/auto/PublisherSubscriber14.xml
----------------- Instantiating /home/travis/build/icyphy/ptII/ptolemy/actor/lib/test/auto/PublisherSubscriber14.xml
2 ms. Memory: 470016K Free: 365520K (78%)
----------------- Invoking toplevel() on ptolemy.moml.MoMLSimpleApplication@42970bab
----------------- Done invoking toplevel() on ptolemy.moml.MoMLSimpleApplication@42970bab
reloadAllAccessors: .PublisherSubscriber14

===========================================================================================
----------------- testing Sun Jul 07 04:51:59 UTC 2019 /home/travis/build/icyphy/ptII/ptolemy/actor/lib/test/auto/PublisherSubscriber2.xml
----------------- Instantiating /home/travis/build/icyphy/ptII/ptolemy/actor/lib/test/auto/PublisherSubscriber2.xml
3 ms. Memory: 470016K Free: 359890K (77%)
----------------- Invoking toplevel() on ptolemy.moml.MoMLSimpleApplication@2deafd27
----------------- Done invoking toplevel() on ptolemy.moml.MoMLSimpleApplication@2deafd27
reloadAllAccessors: .PublisherSubscriber2

===========================================================================================
----------------- testing Sun Jul 07 04:51:59 UTC 2019 /home/travis/build/icyphy/ptII/ptolemy/actor/lib/test/auto/PublisherSubscriber3.xml
----------------- Instantiating /home/travis/build/icyphy/ptII/ptolemy/actor/lib/test/auto/PublisherSubscriber3.xml
2 ms. Memory: 470016K Free: 353746K (75%)
----------------- Invoking toplevel() on ptolemy.moml.MoMLSimpleApplication@1d1e6618
----------------- Done invoking toplevel() on ptolemy.moml.MoMLSimpleApplication@1d1e6618
reloadAllAccessors: .PublisherSubscriber3

===========================================================================================
----------------- testing Sun Jul 07 04:51:59 UTC 2019 /home/travis/build/icyphy/ptII/ptolemy/actor/lib/test/auto/PublisherSubscriber4.xml
----------------- Instantiating /home/travis/build/icyphy/ptII/ptolemy/actor/lib/test/auto/PublisherSubscriber4.xml
2 ms. Memory: 470016K Free: 348626K (74%)
----------------- Invoking toplevel() on ptolemy.moml.MoMLSimpleApplication@116241d6
----------------- Done invoking toplevel() on ptolemy.moml.MoMLSimpleApplication@116241d6
reloadAllAccessors: .PublisherSubscriber4

===========================================================================================
----------------- testing Sun Jul 07 04:51:59 UTC 2019 /home/travis/build/icyphy/ptII/ptolemy/actor/lib/test/auto/PublisherSubscriber5.xml
----------------- Instantiating /home/travis/build/icyphy/ptII/ptolemy/actor/lib/test/auto/PublisherSubscriber5.xml
2 ms. Memory: 470016K Free: 341953K (73%)
----------------- Invoking toplevel() on ptolemy.moml.MoMLSimpleApplication@4d4c2959
----------------- Done invoking toplevel() on ptolemy.moml.MoMLSimpleApplication@4d4c2959
reloadAllAccessors: .PublisherSubscriber5

===========================================================================================
----------------- testing Sun Jul 07 04:51:59 UTC 2019 /home/travis/build/icyphy/ptII/ptolemy/actor/lib/test/auto/PublisherSubscriber6.xml
----------------- Instantiating /home/travis/build/icyphy/ptII/ptolemy/actor/lib/test/auto/PublisherSubscriber6.xml
5 ms. Memory: 470016K Free: 335314K (71%)
----------------- Invoking toplevel() on ptolemy.moml.MoMLSimpleApplication@53ba5332
----------------- Done invoking toplevel() on ptolemy.moml.MoMLSimpleApplication@53ba5332
reloadAllAccessors: .PublisherSubscriber6

===========================================================================================
----------------- testing Sun Jul 07 04:51:59 UTC 2019 /home/travis/build/icyphy/ptII/ptolemy/actor/lib/test/auto/PublisherSubscriber7.xml
----------------- Instantiating /home/travis/build/icyphy/ptII/ptolemy/actor/lib/test/auto/PublisherSubscriber7.xml
8 ms. Memory: 470016K Free: 328641K (70%)
----------------- Invoking toplevel() on ptolemy.moml.MoMLSimpleApplication@4bd5c940
----------------- Done invoking toplevel() on ptolemy.moml.MoMLSimpleApplication@4bd5c940
reloadAllAccessors: .PublisherSubscriber7

===========================================================================================
----------------- testing Sun Jul 07 04:51:59 UTC 2019 /home/travis/build/icyphy/ptII/ptolemy/actor/lib/test/auto/PublisherSubscriber8.xml
----------------- Instantiating /home/travis/build/icyphy/ptII/ptolemy/actor/lib/test/auto/PublisherSubscriber8.xml
21 ms. Memory: 470016K Free: 316882K (67%)
----------------- Invoking toplevel() on ptolemy.moml.MoMLSimpleApplication@71393e4a
----------------- Done invoking toplevel() on ptolemy.moml.MoMLSimpleApplication@71393e4a
reloadAllAccessors: .PublisherSubscriber8

===========================================================================================
----------------- testing Sun Jul 07 04:51:59 UTC 2019 /home/travis/build/icyphy/ptII/ptolemy/actor/lib/test/auto/PublisherSubscriber9.xml
----------------- Instantiating /home/travis/build/icyphy/ptII/ptolemy/actor/lib/test/auto/PublisherSubscriber9.xml
4 ms. Memory: 470016K Free: 309714K (66%)
----------------- Invoking toplevel() on ptolemy.moml.MoMLSimpleApplication@2476373c
----------------- Done invoking toplevel() on ptolemy.moml.MoMLSimpleApplication@2476373c
reloadAllAccessors: .PublisherSubscriber9

===========================================================================================
----------------- testing Sun Jul 07 04:51:59 UTC 2019 /home/travis/build/icyphy/ptII/ptolemy/actor/lib/test/auto/PublisherSubscriberAdjacent.xml
----------------- Instantiating /home/travis/build/icyphy/ptII/ptolemy/actor/lib/test/auto/PublisherSubscriberAdjacent.xml
2 ms. Memory: 470016K Free: 301008K (64%)
----------------- Invoking toplevel() on ptolemy.moml.MoMLSimpleApplication@51cf5343
----------------- Done invoking toplevel() on ptolemy.moml.MoMLSimpleApplication@51cf5343
reloadAllAccessors: .PublisherSubscriberAdjacent

===========================================================================================
----------------- testing Sun Jul 07 04:51:59 UTC 2019 /home/travis/build/icyphy/ptII/ptolemy/actor/lib/test/auto/PublisherSubscriberChannelVariablesAOC2.xml
----------------- Instantiating /home/travis/build/icyphy/ptII/ptolemy/actor/lib/test/auto/PublisherSubscriberChannelVariablesAOC2.xml
3 ms. Memory: 470016K Free: 286657K (61%)
----------------- Invoking toplevel() on ptolemy.moml.MoMLSimpleApplication@7c6e01c7
----------------- Done invoking toplevel() on ptolemy.moml.MoMLSimpleApplication@7c6e01c7
reloadAllAccessors: .PublisherSubscriberChannelVariablesAOC2

===========================================================================================
----------------- testing Sun Jul 07 04:51:59 UTC 2019 /home/travis/build/icyphy/ptII/ptolemy/actor/lib/test/auto/PublisherSubscriberD3.xml
----------------- Instantiating /home/travis/build/icyphy/ptII/ptolemy/actor/lib/test/auto/PublisherSubscriberD3.xml
1 ms. Memory: 470016K Free: 279504K (59%)
----------------- Invoking toplevel() on ptolemy.moml.MoMLSimpleApplication@47fb0615
----------------- Done invoking toplevel() on ptolemy.moml.MoMLSimpleApplication@47fb0615
reloadAllAccessors: .PublisherSubscriberD3

===========================================================================================
----------------- testing Sun Jul 07 04:51:59 UTC 2019 /home/travis/build/icyphy/ptII/ptolemy/actor/lib/test/auto/PublisherSubscriberD3Reverse.xml
----------------- Instantiating /home/travis/build/icyphy/ptII/ptolemy/actor/lib/test/auto/PublisherSubscriberD3Reverse.xml
2 ms. Memory: 470016K Free: 273360K (58%)
----------------- Invoking toplevel() on ptolemy.moml.MoMLSimpleApplication@7d0d56f6
----------------- Done invoking toplevel() on ptolemy.moml.MoMLSimpleApplication@7d0d56f6
reloadAllAccessors: .PublisherSubscriberD3Reverse

===========================================================================================
----------------- testing Sun Jul 07 04:51:59 UTC 2019 /home/travis/build/icyphy/ptII/ptolemy/actor/lib/test/auto/PublisherSubscriberExpression.xml
----------------- Instantiating /home/travis/build/icyphy/ptII/ptolemy/actor/lib/test/auto/PublisherSubscriberExpression.xml
4 ms. Memory: 470016K Free: 265153K (56%)
----------------- Invoking toplevel() on ptolemy.moml.MoMLSimpleApplication@58ac32b4
----------------- Done invoking toplevel() on ptolemy.moml.MoMLSimpleApplication@58ac32b4
reloadAllAccessors: .PublisherSubscriberExpression

===========================================================================================
----------------- testing Sun Jul 07 04:51:59 UTC 2019 /home/travis/build/icyphy/ptII/ptolemy/actor/lib/test/auto/PublisherSubscriberOpaque.xml
----------------- Instantiating /home/travis/build/icyphy/ptII/ptolemy/actor/lib/test/auto/PublisherSubscriberOpaque.xml
3 ms. Memory: 470016K Free: 256976K (55%)
----------------- Invoking toplevel() on ptolemy.moml.MoMLSimpleApplication@5880984
----------------- Done invoking toplevel() on ptolemy.moml.MoMLSimpleApplication@5880984
reloadAllAccessors: .PublisherSubscriberOpaque

===========================================================================================
----------------- testing Sun Jul 07 04:51:59 UTC 2019 /home/travis/build/icyphy/ptII/ptolemy/actor/lib/test/auto/PublisherSubscriberOpaqueD3.xml
----------------- Instantiating /home/travis/build/icyphy/ptII/ptolemy/actor/lib/test/auto/PublisherSubscriberOpaqueD3.xml
5 ms. Memory: 470016K Free: 245202K (52%)
----------------- Invoking toplevel() on ptolemy.moml.MoMLSimpleApplication@2a760165
----------------- Done invoking toplevel() on ptolemy.moml.MoMLSimpleApplication@2a760165
reloadAllAccessors: .PublisherSubscriberOpaqueD3

===========================================================================================
----------------- testing Sun Jul 07 04:51:59 UTC 2019 /home/travis/build/icyphy/ptII/ptolemy/actor/lib/test/auto/PublisherSubscriberOpaqueD3Reverse.xml
----------------- Instantiating /home/travis/build/icyphy/ptII/ptolemy/actor/lib/test/auto/PublisherSubscriberOpaqueD3Reverse.xml
8 ms. Memory: 470016K Free: 234448K (50%)
----------------- Invoking toplevel() on ptolemy.moml.MoMLSimpleApplication@466f02cd
----------------- Done invoking toplevel() on ptolemy.moml.MoMLSimpleApplication@466f02cd
reloadAllAccessors: .PublisherSubscriberOpaqueD3Reverse

===========================================================================================
----------------- testing Sun Jul 07 04:51:59 UTC 2019 /home/travis/build/icyphy/ptII/ptolemy/actor/lib/test/auto/PublisherSubscriberOpaqueWidthInference.xml
----------------- Instantiating /home/travis/build/icyphy/ptII/ptolemy/actor/lib/test/auto/PublisherSubscriberOpaqueWidthInference.xml
4 ms. Memory: 470016K Free: 226241K (48%)
----------------- Invoking toplevel() on ptolemy.moml.MoMLSimpleApplication@77b76e54
----------------- Done invoking toplevel() on ptolemy.moml.MoMLSimpleApplication@77b76e54
reloadAllAccessors: .PublisherSubscriberOpaqueWidthInference

===========================================================================================
----------------- testing Sun Jul 07 04:51:59 UTC 2019 /home/travis/build/icyphy/ptII/ptolemy/actor/lib/test/auto/PublisherTestSubscriber.xml
----------------- Instantiating /home/travis/build/icyphy/ptII/ptolemy/actor/lib/test/auto/PublisherTestSubscriber.xml
4 ms. Memory: 470016K Free: 218578K (47%)
----------------- Invoking toplevel() on ptolemy.moml.MoMLSimpleApplication@4367ead0
----------------- Done invoking toplevel() on ptolemy.moml.MoMLSimpleApplication@4367ead0
reloadAllAccessors: .PublisherTestSubscriber

===========================================================================================
----------------- testing Sun Jul 07 04:51:59 UTC 2019 /home/travis/build/icyphy/ptII/ptolemy/actor/lib/test/auto/PublisherToplevelSubscriberPortAOC.xml
----------------- Instantiating /home/travis/build/icyphy/ptII/ptolemy/actor/lib/test/auto/PublisherToplevelSubscriberPortAOC.xml
2 ms. Memory: 470016K Free: 212434K (45%)
----------------- Invoking toplevel() on ptolemy.moml.MoMLSimpleApplication@51cba6c2
----------------- Done invoking toplevel() on ptolemy.moml.MoMLSimpleApplication@51cba6c2
reloadAllAccessors: .PublisherToplevelSubscriberPortAOC

===========================================================================================
----------------- testing Sun Jul 07 04:52:00 UTC 2019 /home/travis/build/icyphy/ptII/ptolemy/actor/lib/test/auto/PulseFiringLimitDE.xml
----------------- Instantiating /home/travis/build/icyphy/ptII/ptolemy/actor/lib/test/auto/PulseFiringLimitDE.xml
2 ms. Memory: 470016K Free: 206290K (44%)
----------------- Invoking toplevel() on ptolemy.moml.MoMLSimpleApplication@76293561
----------------- Done invoking toplevel() on ptolemy.moml.MoMLSimpleApplication@76293561
reloadAllAccessors: .PulseFiringLimitDE

===========================================================================================
----------------- testing Sun Jul 07 04:52:00 UTC 2019 /home/travis/build/icyphy/ptII/ptolemy/actor/lib/test/auto/Ramp1.xml
----------------- Instantiating /home/travis/build/icyphy/ptII/ptolemy/actor/lib/test/auto/Ramp1.xml
1 ms. Memory: 470016K Free: 201665K (43%)
----------------- Invoking toplevel() on ptolemy.moml.MoMLSimpleApplication@100a1117
----------------- Done invoking toplevel() on ptolemy.moml.MoMLSimpleApplication@100a1117
reloadAllAccessors: .Ramp1

===========================================================================================
----------------- testing Sun Jul 07 04:52:00 UTC 2019 /home/travis/build/icyphy/ptII/ptolemy/actor/lib/test/auto/RampFiringLimitDE.xml
----------------- Instantiating /home/travis/build/icyphy/ptII/ptolemy/actor/lib/test/auto/RampFiringLimitDE.xml
3 ms. Memory: 470016K Free: 195521K (42%)
----------------- Invoking toplevel() on ptolemy.moml.MoMLSimpleApplication@78fac952
----------------- Done invoking toplevel() on ptolemy.moml.MoMLSimpleApplication@78fac952
reloadAllAccessors: .RampFiringLimitDE

===========================================================================================
----------------- testing Sun Jul 07 04:52:00 UTC 2019 /home/travis/build/icyphy/ptII/ptolemy/actor/lib/test/auto/RampFiringLimitSDF.xml
----------------- Instantiating /home/travis/build/icyphy/ptII/ptolemy/actor/lib/test/auto/RampFiringLimitSDF.xml
2 ms. Memory: 470016K Free: 190385K (41%)
----------------- Invoking toplevel() on ptolemy.moml.MoMLSimpleApplication@1f6daa00
----------------- Done invoking toplevel() on ptolemy.moml.MoMLSimpleApplication@1f6daa00
reloadAllAccessors: .RampFiringLimitSDF

===========================================================================================
----------------- testing Sun Jul 07 04:52:00 UTC 2019 /home/travis/build/icyphy/ptII/ptolemy/actor/lib/test/auto/RandomInteger.xml
----------------- Instantiating /home/travis/build/icyphy/ptII/ptolemy/actor/lib/test/auto/RandomInteger.xml
1 ms. Memory: 470016K Free: 186320K (40%)
----------------- Invoking toplevel() on ptolemy.moml.MoMLSimpleApplication@5498ee9f
----------------- Done invoking toplevel() on ptolemy.moml.MoMLSimpleApplication@5498ee9f
reloadAllAccessors: .RandomInteger

===========================================================================================
----------------- testing Sun Jul 07 04:52:00 UTC 2019 /home/travis/build/icyphy/ptII/ptolemy/actor/lib/test/auto/ReadFile1.xml
----------------- Instantiating /home/travis/build/icyphy/ptII/ptolemy/actor/lib/test/auto/ReadFile1.xml
2 ms. Memory: 470016K Free: 181185K (39%)
----------------- Invoking toplevel() on ptolemy.moml.MoMLSimpleApplication@29d1ba26
----------------- Done invoking toplevel() on ptolemy.moml.MoMLSimpleApplication@29d1ba26
reloadAllAccessors: .ReadFile1

===========================================================================================
----------------- testing Sun Jul 07 04:52:00 UTC 2019 /home/travis/build/icyphy/ptII/ptolemy/actor/lib/test/auto/ReadFile2.xml
----------------- Instantiating /home/travis/build/icyphy/ptII/ptolemy/actor/lib/test/auto/ReadFile2.xml
1 ms. Memory: 470016K Free: 177104K (38%)
----------------- Invoking toplevel() on ptolemy.moml.MoMLSimpleApplication@5469cac3
----------------- Done invoking toplevel() on ptolemy.moml.MoMLSimpleApplication@5469cac3
reloadAllAccessors: .ReadFile2

===========================================================================================
----------------- testing Sun Jul 07 04:52:00 UTC 2019 /home/travis/build/icyphy/ptII/ptolemy/actor/lib/test/auto/Reader.xml
----------------- Instantiating /home/travis/build/icyphy/ptII/ptolemy/actor/lib/test/auto/Reader.xml
actor.lib.Reader is obsolete, use actor.lib.io.ExpressionReader instead
4 ms. Memory: 470016K Free: 173008K (37%)
----------------- Invoking toplevel() on ptolemy.moml.MoMLSimpleApplication@79055810
----------------- Done invoking toplevel() on ptolemy.moml.MoMLSimpleApplication@79055810
reloadAllAccessors: .Reader

===========================================================================================
----------------- testing Sun Jul 07 04:52:00 UTC 2019 /home/travis/build/icyphy/ptII/ptolemy/actor/lib/test/auto/RecordAssemblerDisplayNameTest.xml
----------------- Instantiating /home/travis/build/icyphy/ptII/ptolemy/actor/lib/test/auto/RecordAssemblerDisplayNameTest.xml
3435 ms. Memory: 470016K Free: 366481K (78%)
----------------- Invoking toplevel() on ptolemy.moml.MoMLSimpleApplication@14cdcf6c
----------------- Done invoking toplevel() on ptolemy.moml.MoMLSimpleApplication@14cdcf6c
reloadAllAccessors: .RecordAssemblerDisplayNameTest

===========================================================================================
----------------- testing Sun Jul 07 04:52:03 UTC 2019 /home/travis/build/icyphy/ptII/ptolemy/actor/lib/test/auto/RecordAssemblerTypeError.xml
----------------- Instantiating /home/travis/build/icyphy/ptII/ptolemy/actor/lib/test/auto/RecordAssemblerTypeError.xml
4 ms. Memory: 470016K Free: 356755K (76%)
----------------- Invoking toplevel() on ptolemy.moml.MoMLSimpleApplication@64b18bd5
----------------- Done invoking toplevel() on ptolemy.moml.MoMLSimpleApplication@64b18bd5
reloadAllAccessors: .RecordAssemblerTypeError

===========================================================================================
----------------- testing Sun Jul 07 04:52:03 UTC 2019 /home/travis/build/icyphy/ptII/ptolemy/actor/lib/test/auto/RecordDisassember.xml
----------------- Instantiating /home/travis/build/icyphy/ptII/ptolemy/actor/lib/test/auto/RecordDisassember.xml
4 ms. Memory: 470016K Free: 352131K (75%)
----------------- Invoking toplevel() on ptolemy.moml.MoMLSimpleApplication@7860c629
----------------- Done invoking toplevel() on ptolemy.moml.MoMLSimpleApplication@7860c629
reloadAllAccessors: .RecordDisassember

===========================================================================================
----------------- testing Sun Jul 07 04:52:03 UTC 2019 /home/travis/build/icyphy/ptII/ptolemy/actor/lib/test/auto/RecordDisassemberDisplayNameTest.xml
----------------- Instantiating /home/travis/build/icyphy/ptII/ptolemy/actor/lib/test/auto/RecordDisassemberDisplayNameTest.xml
6 ms. Memory: 470016K Free: 343443K (73%)
----------------- Invoking toplevel() on ptolemy.moml.MoMLSimpleApplication@2d17e20c
----------------- Done invoking toplevel() on ptolemy.moml.MoMLSimpleApplication@2d17e20c
reloadAllAccessors: .RecordDisassemberDisplayNameTest

===========================================================================================
----------------- testing Sun Jul 07 04:52:03 UTC 2019 /home/travis/build/icyphy/ptII/ptolemy/actor/lib/test/auto/RecordDisassembler.xml
----------------- Instantiating /home/travis/build/icyphy/ptII/ptolemy/actor/lib/test/auto/RecordDisassembler.xml
2 ms. Memory: 470016K Free: 338323K (72%)
----------------- Invoking toplevel() on ptolemy.moml.MoMLSimpleApplication@17d82175
----------------- Done invoking toplevel() on ptolemy.moml.MoMLSimpleApplication@17d82175
reloadAllAccessors: .RecordDisassembler

===========================================================================================
----------------- testing Sun Jul 07 04:52:03 UTC 2019 /home/travis/build/icyphy/ptII/ptolemy/actor/lib/test/auto/RecordDisassembler2.xml
----------------- Instantiating /home/travis/build/icyphy/ptII/ptolemy/actor/lib/test/auto/RecordDisassembler2.xml
3 ms. Memory: 470016K Free: 333203K (71%)
----------------- Invoking toplevel() on ptolemy.moml.MoMLSimpleApplication@31635c30
----------------- Done invoking toplevel() on ptolemy.moml.MoMLSimpleApplication@31635c30
reloadAllAccessors: .RecordDisassembler2

===========================================================================================
----------------- testing Sun Jul 07 04:52:03 UTC 2019 /home/travis/build/icyphy/ptII/ptolemy/actor/lib/test/auto/RecordUpdater.xml
----------------- Instantiating /home/travis/build/icyphy/ptII/ptolemy/actor/lib/test/auto/RecordUpdater.xml
2 ms. Memory: 470016K Free: 328593K (70%)
----------------- Invoking toplevel() on ptolemy.moml.MoMLSimpleApplication@270b9146
----------------- Done invoking toplevel() on ptolemy.moml.MoMLSimpleApplication@270b9146
reloadAllAccessors: .RecordUpdater

===========================================================================================
----------------- testing Sun Jul 07 04:52:03 UTC 2019 /home/travis/build/icyphy/ptII/ptolemy/actor/lib/test/auto/RecordUpdater2.xml
----------------- Instantiating /home/travis/build/icyphy/ptII/ptolemy/actor/lib/test/auto/RecordUpdater2.xml
1 ms. Memory: 470016K Free: 322963K (69%)
----------------- Invoking toplevel() on ptolemy.moml.MoMLSimpleApplication@36f877cf
----------------- Done invoking toplevel() on ptolemy.moml.MoMLSimpleApplication@36f877cf
reloadAllAccessors: .RecordUpdater2

===========================================================================================
----------------- testing Sun Jul 07 04:52:03 UTC 2019 /home/travis/build/icyphy/ptII/ptolemy/actor/lib/test/auto/RecursiveLattice.xml
----------------- Instantiating /home/travis/build/icyphy/ptII/ptolemy/actor/lib/test/auto/RecursiveLattice.xml
1 ms. Memory: 470016K Free: 318867K (68%)
----------------- Invoking toplevel() on ptolemy.moml.MoMLSimpleApplication@74dfb1a3
----------------- Done invoking toplevel() on ptolemy.moml.MoMLSimpleApplication@74dfb1a3
reloadAllAccessors: .RecursiveLattice

===========================================================================================
----------------- testing Sun Jul 07 04:52:03 UTC 2019 /home/travis/build/icyphy/ptII/ptolemy/actor/lib/test/auto/Router.xml
----------------- Instantiating /home/travis/build/icyphy/ptII/ptolemy/actor/lib/test/auto/Router.xml
3003 ms. Memory: 470016K Free: 307089K (65%)
----------------- Invoking toplevel() on ptolemy.moml.MoMLSimpleApplication@26f1a11
----------------- Done invoking toplevel() on ptolemy.moml.MoMLSimpleApplication@26f1a11
reloadAllAccessors: .Router

===========================================================================================
----------------- testing Sun Jul 07 04:52:06 UTC 2019 /home/travis/build/icyphy/ptII/ptolemy/actor/lib/test/auto/Router2.xml
----------------- Instantiating /home/travis/build/icyphy/ptII/ptolemy/actor/lib/test/auto/Router2.xml
3004 ms. Memory: 470016K Free: 297363K (63%)
----------------- Invoking toplevel() on ptolemy.moml.MoMLSimpleApplication@6b57fa1d
----------------- Done invoking toplevel() on ptolemy.moml.MoMLSimpleApplication@6b57fa1d
reloadAllAccessors: .Router2

===========================================================================================
----------------- testing Sun Jul 07 04:52:09 UTC 2019 /home/travis/build/icyphy/ptII/ptolemy/actor/lib/test/auto/RunningMaximum.xml
----------------- Instantiating /home/travis/build/icyphy/ptII/ptolemy/actor/lib/test/auto/RunningMaximum.xml
3 ms. Memory: 470016K Free: 292753K (62%)
----------------- Invoking toplevel() on ptolemy.moml.MoMLSimpleApplication@fad7366
----------------- Done invoking toplevel() on ptolemy.moml.MoMLSimpleApplication@fad7366
reloadAllAccessors: .RunningMaximum

===========================================================================================
----------------- testing Sun Jul 07 04:52:09 UTC 2019 /home/travis/build/icyphy/ptII/ptolemy/actor/lib/test/auto/RunningMinimum.xml
----------------- Instantiating /home/travis/build/icyphy/ptII/ptolemy/actor/lib/test/auto/RunningMinimum.xml
1 ms. Memory: 470016K Free: 287633K (61%)
----------------- Invoking toplevel() on ptolemy.moml.MoMLSimpleApplication@6a9941d8
----------------- Done invoking toplevel() on ptolemy.moml.MoMLSimpleApplication@6a9941d8
reloadAllAccessors: .RunningMinimum

===========================================================================================
----------------- testing Sun Jul 07 04:52:09 UTC 2019 /home/travis/build/icyphy/ptII/ptolemy/actor/lib/test/auto/Scale.xml
----------------- Instantiating /home/travis/build/icyphy/ptII/ptolemy/actor/lib/test/auto/Scale.xml
2 ms. Memory: 470016K Free: 283027K (60%)
----------------- Invoking toplevel() on ptolemy.moml.MoMLSimpleApplication@73f420ea
----------------- Done invoking toplevel() on ptolemy.moml.MoMLSimpleApplication@73f420ea
reloadAllAccessors: .Scale

===========================================================================================
----------------- testing Sun Jul 07 04:52:09 UTC 2019 /home/travis/build/icyphy/ptII/ptolemy/actor/lib/test/auto/Scale2.xml
----------------- Instantiating /home/travis/build/icyphy/ptII/ptolemy/actor/lib/test/auto/Scale2.xml
1 ms. Memory: 470016K Free: 278417K (59%)
----------------- Invoking toplevel() on ptolemy.moml.MoMLSimpleApplication@354ae8f8
----------------- Done invoking toplevel() on ptolemy.moml.MoMLSimpleApplication@354ae8f8
reloadAllAccessors: .Scale2

===========================================================================================
----------------- testing Sun Jul 07 04:52:09 UTC 2019 /home/travis/build/icyphy/ptII/ptolemy/actor/lib/test/auto/Scale3.xml
----------------- Instantiating /home/travis/build/icyphy/ptII/ptolemy/actor/lib/test/auto/Scale3.xml
7 ms. Memory: 470016K Free: 272273K (58%)
----------------- Invoking toplevel() on ptolemy.moml.MoMLSimpleApplication@5d69c7f5
----------------- Done invoking toplevel() on ptolemy.moml.MoMLSimpleApplication@5d69c7f5
reloadAllAccessors: .Scale3

===========================================================================================
----------------- testing Sun Jul 07 04:52:09 UTC 2019 /home/travis/build/icyphy/ptII/ptolemy/actor/lib/test/auto/ScaleArray.xml
----------------- Instantiating /home/travis/build/icyphy/ptII/ptolemy/actor/lib/test/auto/ScaleArray.xml
2 ms. Memory: 470016K Free: 267153K (57%)
----------------- Invoking toplevel() on ptolemy.moml.MoMLSimpleApplication@249cf4c9
----------------- Done invoking toplevel() on ptolemy.moml.MoMLSimpleApplication@249cf4c9
reloadAllAccessors: .ScaleArray

===========================================================================================
----------------- testing Sun Jul 07 04:52:09 UTC 2019 /home/travis/build/icyphy/ptII/ptolemy/actor/lib/test/auto/ScaleArray2.xml
----------------- Instantiating /home/travis/build/icyphy/ptII/ptolemy/actor/lib/test/auto/ScaleArray2.xml
1 ms. Memory: 470016K Free: 262547K (56%)
----------------- Invoking toplevel() on ptolemy.moml.MoMLSimpleApplication@6c7ad0df
----------------- Done invoking toplevel() on ptolemy.moml.MoMLSimpleApplication@6c7ad0df
reloadAllAccessors: .ScaleArray2

===========================================================================================
----------------- testing Sun Jul 07 04:52:09 UTC 2019 /home/travis/build/icyphy/ptII/ptolemy/actor/lib/test/auto/ScaleMatrix.xml
----------------- Instantiating /home/travis/build/icyphy/ptII/ptolemy/actor/lib/test/auto/ScaleMatrix.xml
165 ms. Memory: 470016K Free: 246673K (52%)
----------------- Invoking toplevel() on ptolemy.moml.MoMLSimpleApplication@18428fc8
----------------- Done invoking toplevel() on ptolemy.moml.MoMLSimpleApplication@18428fc8
reloadAllAccessors: .ScaleMatrix

===========================================================================================
----------------- testing Sun Jul 07 04:52:10 UTC 2019 /home/travis/build/icyphy/ptII/ptolemy/actor/lib/test/auto/Select.xml
----------------- Instantiating /home/travis/build/icyphy/ptII/ptolemy/actor/lib/test/auto/Select.xml
2 ms. Memory: 470016K Free: 240499K (51%)
----------------- Invoking toplevel() on ptolemy.moml.MoMLSimpleApplication@36466925
----------------- Done invoking toplevel() on ptolemy.moml.MoMLSimpleApplication@36466925
reloadAllAccessors: .Select

===========================================================================================
----------------- testing Sun Jul 07 04:52:10 UTC 2019 /home/travis/build/icyphy/ptII/ptolemy/actor/lib/test/auto/Select2.xml
----------------- Instantiating /home/travis/build/icyphy/ptII/ptolemy/actor/lib/test/auto/Select2.xml
1 ms. Memory: 470016K Free: 235409K (50%)
----------------- Invoking toplevel() on ptolemy.moml.MoMLSimpleApplication@27549ed5
----------------- Done invoking toplevel() on ptolemy.moml.MoMLSimpleApplication@27549ed5
reloadAllAccessors: .Select2

===========================================================================================
----------------- testing Sun Jul 07 04:52:10 UTC 2019 /home/travis/build/icyphy/ptII/ptolemy/actor/lib/test/auto/SequenceToArray2.xml
----------------- Instantiating /home/travis/build/icyphy/ptII/ptolemy/actor/lib/test/auto/SequenceToArray2.xml
92 ms. Memory: 470016K Free: 211347K (45%)
----------------- Invoking toplevel() on ptolemy.moml.MoMLSimpleApplication@6e589fbf
----------------- Done invoking toplevel() on ptolemy.moml.MoMLSimpleApplication@6e589fbf
reloadAllAccessors: .SequenceToArray2

===========================================================================================
----------------- testing Sun Jul 07 04:52:10 UTC 2019 /home/travis/build/icyphy/ptII/ptolemy/actor/lib/test/auto/SequentialClock.xml
----------------- Instantiating /home/travis/build/icyphy/ptII/ptolemy/actor/lib/test/auto/SequentialClock.xml
7 ms. Memory: 470016K Free: 207251K (44%)
----------------- Invoking toplevel() on ptolemy.moml.MoMLSimpleApplication@3ed5c579
----------------- Done invoking toplevel() on ptolemy.moml.MoMLSimpleApplication@3ed5c579
reloadAllAccessors: .SequentialClock

===========================================================================================
----------------- testing Sun Jul 07 04:52:10 UTC 2019 /home/travis/build/icyphy/ptII/ptolemy/actor/lib/test/auto/SetVariable.xml
----------------- Instantiating /home/travis/build/icyphy/ptII/ptolemy/actor/lib/test/auto/SetVariable.xml
3 ms. Memory: 470016K Free: 202641K (43%)
----------------- Invoking toplevel() on ptolemy.moml.MoMLSimpleApplication@1b972a9a
----------------- Done invoking toplevel() on ptolemy.moml.MoMLSimpleApplication@1b972a9a
reloadAllAccessors: .SetVariable

===========================================================================================
----------------- testing Sun Jul 07 04:52:10 UTC 2019 /home/travis/build/icyphy/ptII/ptolemy/actor/lib/test/auto/SetVariable2.xml
----------------- Instantiating /home/travis/build/icyphy/ptII/ptolemy/actor/lib/test/auto/SetVariable2.xml
3 ms. Memory: 470016K Free: 197011K (42%)
----------------- Invoking toplevel() on ptolemy.moml.MoMLSimpleApplication@322cef99
----------------- Done invoking toplevel() on ptolemy.moml.MoMLSimpleApplication@322cef99
reloadAllAccessors: .SetVariable2

===========================================================================================
----------------- testing Sun Jul 07 04:52:10 UTC 2019 /home/travis/build/icyphy/ptII/ptolemy/actor/lib/test/auto/SetVariable3.xml
----------------- Instantiating /home/travis/build/icyphy/ptII/ptolemy/actor/lib/test/auto/SetVariable3.xml
9 ms. Memory: 470016K Free: 191891K (41%)
----------------- Invoking toplevel() on ptolemy.moml.MoMLSimpleApplication@6b3b4e3c
----------------- Done invoking toplevel() on ptolemy.moml.MoMLSimpleApplication@6b3b4e3c
reloadAllAccessors: .SetVariable3

===========================================================================================
----------------- testing Sun Jul 07 04:52:10 UTC 2019 /home/travis/build/icyphy/ptII/ptolemy/actor/lib/test/auto/SetVariable4.xml
----------------- Instantiating /home/travis/build/icyphy/ptII/ptolemy/actor/lib/test/auto/SetVariable4.xml
16 ms. Memory: 470016K Free: 182673K (39%)
----------------- Invoking toplevel() on ptolemy.moml.MoMLSimpleApplication@7e7cb9cf
----------------- Done invoking toplevel() on ptolemy.moml.MoMLSimpleApplication@7e7cb9cf
reloadAllAccessors: .SetVariable4

===========================================================================================
----------------- testing Sun Jul 07 04:52:10 UTC 2019 /home/travis/build/icyphy/ptII/ptolemy/actor/lib/test/auto/SetVariable5.xml
----------------- Instantiating /home/travis/build/icyphy/ptII/ptolemy/actor/lib/test/auto/SetVariable5.xml
17 ms. Memory: 470016K Free: 173459K (37%)
----------------- Invoking toplevel() on ptolemy.moml.MoMLSimpleApplication@1885d65
----------------- Done invoking toplevel() on ptolemy.moml.MoMLSimpleApplication@1885d65
reloadAllAccessors: .SetVariable5

===========================================================================================
----------------- testing Sun Jul 07 04:52:10 UTC 2019 /home/travis/build/icyphy/ptII/ptolemy/actor/lib/test/auto/Sinewave.xml
----------------- Instantiating /home/travis/build/icyphy/ptII/ptolemy/actor/lib/test/auto/Sinewave.xml
6 ms. Memory: 470016K Free: 162705K (35%)
----------------- Invoking toplevel() on ptolemy.moml.MoMLSimpleApplication@5a6eaf46
----------------- Done invoking toplevel() on ptolemy.moml.MoMLSimpleApplication@5a6eaf46
reloadAllAccessors: .Sinewave

===========================================================================================
----------------- testing Sun Jul 07 04:52:10 UTC 2019 /home/travis/build/icyphy/ptII/ptolemy/actor/lib/test/auto/Sinewave2.xml
----------------- Instantiating /home/travis/build/icyphy/ptII/ptolemy/actor/lib/test/auto/Sinewave2.xml
6 ms. Memory: 470016K Free: 154513K (33%)
----------------- Invoking toplevel() on ptolemy.moml.MoMLSimpleApplication@f0f7e7b
----------------- Done invoking toplevel() on ptolemy.moml.MoMLSimpleApplication@f0f7e7b
reloadAllAccessors: .Sinewave2

===========================================================================================
----------------- testing Sun Jul 07 04:52:10 UTC 2019 /home/travis/build/icyphy/ptII/ptolemy/actor/lib/test/auto/Sinewave3.xml
----------------- Instantiating /home/travis/build/icyphy/ptII/ptolemy/actor/lib/test/auto/Sinewave3.xml
10 ms. Memory: 470016K Free: 146291K (31%)
----------------- Invoking toplevel() on ptolemy.moml.MoMLSimpleApplication@1edf8fb5
----------------- Done invoking toplevel() on ptolemy.moml.MoMLSimpleApplication@1edf8fb5
reloadAllAccessors: .Sinewave3

===========================================================================================
----------------- testing Sun Jul 07 04:52:10 UTC 2019 /home/travis/build/icyphy/ptII/ptolemy/actor/lib/test/auto/SingleEvent.xml
----------------- Instantiating /home/travis/build/icyphy/ptII/ptolemy/actor/lib/test/auto/SingleEvent.xml
1 ms. Memory: 470016K Free: 419181K (89%)
----------------- Invoking toplevel() on ptolemy.moml.MoMLSimpleApplication@139aaeac
----------------- Done invoking toplevel() on ptolemy.moml.MoMLSimpleApplication@139aaeac
reloadAllAccessors: .SingleEvent

===========================================================================================
----------------- testing Sun Jul 07 04:52:10 UTC 2019 /home/travis/build/icyphy/ptII/ptolemy/actor/lib/test/auto/Sleep.xml
----------------- Instantiating /home/travis/build/icyphy/ptII/ptolemy/actor/lib/test/auto/Sleep.xml
6004 ms. Memory: 470016K Free: 413298K (88%)
----------------- Invoking toplevel() on ptolemy.moml.MoMLSimpleApplication@2b29cfdd
----------------- Done invoking toplevel() on ptolemy.moml.MoMLSimpleApplication@2b29cfdd
reloadAllAccessors: .Sleep

===========================================================================================
----------------- testing Sun Jul 07 04:52:16 UTC 2019 /home/travis/build/icyphy/ptII/ptolemy/actor/lib/test/auto/SleepMultipleFire.xml
----------------- Instantiating /home/travis/build/icyphy/ptII/ptolemy/actor/lib/test/auto/SleepMultipleFire.xml
1006 ms. Memory: 470016K Free: 407154K (87%)
----------------- Invoking toplevel() on ptolemy.moml.MoMLSimpleApplication@36dd062e
----------------- Done invoking toplevel() on ptolemy.moml.MoMLSimpleApplication@36dd062e
reloadAllAccessors: .SleepMultipleFire

===========================================================================================
----------------- testing Sun Jul 07 04:52:17 UTC 2019 /home/travis/build/icyphy/ptII/ptolemy/actor/lib/test/auto/StopDE.xml
----------------- Instantiating /home/travis/build/icyphy/ptII/ptolemy/actor/lib/test/auto/StopDE.xml
3 ms. Memory: 470016K Free: 401524K (85%)
----------------- Invoking toplevel() on ptolemy.moml.MoMLSimpleApplication@1f6c4e87
----------------- Done invoking toplevel() on ptolemy.moml.MoMLSimpleApplication@1f6c4e87
reloadAllAccessors: .StopDE

===========================================================================================
----------------- testing Sun Jul 07 04:52:17 UTC 2019 /home/travis/build/icyphy/ptII/ptolemy/actor/lib/test/auto/StopSDF.xml
----------------- Instantiating /home/travis/build/icyphy/ptII/ptolemy/actor/lib/test/auto/StopSDF.xml
3 ms. Memory: 470016K Free: 396404K (84%)
----------------- Invoking toplevel() on ptolemy.moml.MoMLSimpleApplication@38c85574
----------------- Done invoking toplevel() on ptolemy.moml.MoMLSimpleApplication@38c85574
reloadAllAccessors: .StopSDF

===========================================================================================
----------------- testing Sun Jul 07 04:52:17 UTC 2019 /home/travis/build/icyphy/ptII/ptolemy/actor/lib/test/auto/StringConstant.xml
----------------- Instantiating /home/travis/build/icyphy/ptII/ptolemy/actor/lib/test/auto/StringConstant.xml
1 ms. Memory: 470016K Free: 392308K (83%)
----------------- Invoking toplevel() on ptolemy.moml.MoMLSimpleApplication@74e0f885
----------------- Done invoking toplevel() on ptolemy.moml.MoMLSimpleApplication@74e0f885
reloadAllAccessors: .StringConstant

===========================================================================================
----------------- testing Sun Jul 07 04:52:17 UTC 2019 /home/travis/build/icyphy/ptII/ptolemy/actor/lib/test/auto/SubscriberPortInitialValues1.xml
----------------- Instantiating /home/travis/build/icyphy/ptII/ptolemy/actor/lib/test/auto/SubscriberPortInitialValues1.xml
9 ms. Memory: 470016K Free: 383602K (82%)
----------------- Invoking toplevel() on ptolemy.moml.MoMLSimpleApplication@2c7eaf3d
----------------- Done invoking toplevel() on ptolemy.moml.MoMLSimpleApplication@2c7eaf3d
reloadAllAccessors: .SubscriberPortInitialValues1

===========================================================================================
----------------- testing Sun Jul 07 04:52:17 UTC 2019 /home/travis/build/icyphy/ptII/ptolemy/actor/lib/test/auto/SubscriberPortInitialValues13.xml
----------------- Instantiating /home/travis/build/icyphy/ptII/ptolemy/actor/lib/test/auto/SubscriberPortInitialValues13.xml
5 ms. Memory: 470016K Free: 369780K (79%)
----------------- Invoking toplevel() on ptolemy.moml.MoMLSimpleApplication@6a25640c
----------------- Done invoking toplevel() on ptolemy.moml.MoMLSimpleApplication@6a25640c
reloadAllAccessors: .SubscriberPortInitialValues13

===========================================================================================
----------------- testing Sun Jul 07 04:52:17 UTC 2019 /home/travis/build/icyphy/ptII/ptolemy/actor/lib/test/auto/SubscriberPortInitialValues14.xml
----------------- Instantiating /home/travis/build/icyphy/ptII/ptolemy/actor/lib/test/auto/SubscriberPortInitialValues14.xml
4 ms. Memory: 470016K Free: 362098K (77%)
----------------- Invoking toplevel() on ptolemy.moml.MoMLSimpleApplication@3f21ab52
----------------- Done invoking toplevel() on ptolemy.moml.MoMLSimpleApplication@3f21ab52
reloadAllAccessors: .SubscriberPortInitialValues14

===========================================================================================
----------------- testing Sun Jul 07 04:52:17 UTC 2019 /home/travis/build/icyphy/ptII/ptolemy/actor/lib/test/auto/SubscriberPortInitialValues2.xml
----------------- Instantiating /home/travis/build/icyphy/ptII/ptolemy/actor/lib/test/auto/SubscriberPortInitialValues2.xml
3 ms. Memory: 470016K Free: 354420K (75%)
----------------- Invoking toplevel() on ptolemy.moml.MoMLSimpleApplication@36d41f0d
----------------- Done invoking toplevel() on ptolemy.moml.MoMLSimpleApplication@36d41f0d
reloadAllAccessors: .SubscriberPortInitialValues2

===========================================================================================
----------------- testing Sun Jul 07 04:52:17 UTC 2019 /home/travis/build/icyphy/ptII/ptolemy/actor/lib/test/auto/SubscriberPortInitialValues3.xml
----------------- Instantiating /home/travis/build/icyphy/ptII/ptolemy/actor/lib/test/auto/SubscriberPortInitialValues3.xml
5 ms. Memory: 470016K Free: 343666K (73%)
----------------- Invoking toplevel() on ptolemy.moml.MoMLSimpleApplication@24763306
----------------- Done invoking toplevel() on ptolemy.moml.MoMLSimpleApplication@24763306
reloadAllAccessors: .SubscriberPortInitialValues3

===========================================================================================
----------------- testing Sun Jul 07 04:52:17 UTC 2019 /home/travis/build/icyphy/ptII/ptolemy/actor/lib/test/auto/SubscriptionAggregator.xml
----------------- Instantiating /home/travis/build/icyphy/ptII/ptolemy/actor/lib/test/auto/SubscriptionAggregator.xml
2 ms. Memory: 470016K Free: 336484K (72%)
----------------- Invoking toplevel() on ptolemy.moml.MoMLSimpleApplication@17cd8c12
----------------- Done invoking toplevel() on ptolemy.moml.MoMLSimpleApplication@17cd8c12
reloadAllAccessors: .SubscriptionAggregator

===========================================================================================
----------------- testing Sun Jul 07 04:52:17 UTC 2019 /home/travis/build/icyphy/ptII/ptolemy/actor/lib/test/auto/SubscriptionAggregator2.xml
----------------- Instantiating /home/travis/build/icyphy/ptII/ptolemy/actor/lib/test/auto/SubscriptionAggregator2.xml
2 ms. Memory: 470016K Free: 329844K (70%)
----------------- Invoking toplevel() on ptolemy.moml.MoMLSimpleApplication@50300312
----------------- Done invoking toplevel() on ptolemy.moml.MoMLSimpleApplication@50300312
reloadAllAccessors: .SubscriptionAggregator2

===========================================================================================
----------------- testing Sun Jul 07 04:52:17 UTC 2019 /home/travis/build/icyphy/ptII/ptolemy/actor/lib/test/auto/SubscriptionAggregator3.xml
----------------- Instantiating /home/travis/build/icyphy/ptII/ptolemy/actor/lib/test/auto/SubscriptionAggregator3.xml
3 ms. Memory: 470016K Free: 320628K (68%)
----------------- Invoking toplevel() on ptolemy.moml.MoMLSimpleApplication@f9162aa
----------------- Done invoking toplevel() on ptolemy.moml.MoMLSimpleApplication@f9162aa
reloadAllAccessors: .SubscriptionAggregator3

===========================================================================================
----------------- testing Sun Jul 07 04:52:17 UTC 2019 /home/travis/build/icyphy/ptII/ptolemy/actor/lib/test/auto/SubscriptionAggregatorMultiply.xml
----------------- Instantiating /home/travis/build/icyphy/ptII/ptolemy/actor/lib/test/auto/SubscriptionAggregatorMultiply.xml
3 ms. Memory: 470016K Free: 312436K (66%)
----------------- Invoking toplevel() on ptolemy.moml.MoMLSimpleApplication@2c1941c6
----------------- Done invoking toplevel() on ptolemy.moml.MoMLSimpleApplication@2c1941c6
reloadAllAccessors: .SubscriptionAggregatorMultiply

===========================================================================================
----------------- testing Sun Jul 07 04:52:17 UTC 2019 /home/travis/build/icyphy/ptII/ptolemy/actor/lib/test/auto/SubscriptionAggregatorPortMultiply1.xml
----------------- Instantiating /home/travis/build/icyphy/ptII/ptolemy/actor/lib/test/auto/SubscriptionAggregatorPortMultiply1.xml
4 ms. Memory: 470016K Free: 303730K (65%)
----------------- Invoking toplevel() on ptolemy.moml.MoMLSimpleApplication@59c38020
----------------- Done invoking toplevel() on ptolemy.moml.MoMLSimpleApplication@59c38020
reloadAllAccessors: .SubscriptionAggregatorPortMultiply1

===========================================================================================
----------------- testing Sun Jul 07 04:52:17 UTC 2019 /home/travis/build/icyphy/ptII/ptolemy/actor/lib/test/auto/Switch.xml
----------------- Instantiating /home/travis/build/icyphy/ptII/ptolemy/actor/lib/test/auto/Switch.xml
5 ms. Memory: 470016K Free: 295538K (63%)
----------------- Invoking toplevel() on ptolemy.moml.MoMLSimpleApplication@5434b33c
----------------- Done invoking toplevel() on ptolemy.moml.MoMLSimpleApplication@5434b33c
reloadAllAccessors: .Switch

===========================================================================================
----------------- testing Sun Jul 07 04:52:17 UTC 2019 /home/travis/build/icyphy/ptII/ptolemy/actor/lib/test/auto/Switch2.xml
----------------- Instantiating /home/travis/build/icyphy/ptII/ptolemy/actor/lib/test/auto/Switch2.xml
1 ms. Memory: 470016K Free: 290932K (62%)
----------------- Invoking toplevel() on ptolemy.moml.MoMLSimpleApplication@56979c8
----------------- Done invoking toplevel() on ptolemy.moml.MoMLSimpleApplication@56979c8
reloadAllAccessors: .Switch2

===========================================================================================
----------------- testing Sun Jul 07 04:52:17 UTC 2019 /home/travis/build/icyphy/ptII/ptolemy/actor/lib/test/auto/SwitchDE.xml
----------------- Instantiating /home/travis/build/icyphy/ptII/ptolemy/actor/lib/test/auto/SwitchDE.xml
2 ms. Memory: 470016K Free: 284788K (61%)
----------------- Invoking toplevel() on ptolemy.moml.MoMLSimpleApplication@35cde297
----------------- Done invoking toplevel() on ptolemy.moml.MoMLSimpleApplication@35cde297
reloadAllAccessors: .SwitchDE

===========================================================================================
----------------- testing Sun Jul 07 04:52:17 UTC 2019 /home/travis/build/icyphy/ptII/ptolemy/actor/lib/test/auto/SynchronizerDE.xml
----------------- Instantiating /home/travis/build/icyphy/ptII/ptolemy/actor/lib/test/auto/SynchronizerDE.xml
7 ms. Memory: 470016K Free: 275052K (59%)
----------------- Invoking toplevel() on ptolemy.moml.MoMLSimpleApplication@11813e3c
----------------- Done invoking toplevel() on ptolemy.moml.MoMLSimpleApplication@11813e3c
reloadAllAccessors: .SynchronizerDE

===========================================================================================
----------------- testing Sun Jul 07 04:52:17 UTC 2019 /home/travis/build/icyphy/ptII/ptolemy/actor/lib/test/auto/Test.xml
----------------- Instantiating /home/travis/build/icyphy/ptII/ptolemy/actor/lib/test/auto/Test.xml
11 ms. Memory: 470016K Free: 269908K (57%)
----------------- Invoking toplevel() on ptolemy.moml.MoMLSimpleApplication@3971be22
----------------- Done invoking toplevel() on ptolemy.moml.MoMLSimpleApplication@3971be22
reloadAllAccessors: .Test

===========================================================================================
----------------- testing Sun Jul 07 04:52:17 UTC 2019 /home/travis/build/icyphy/ptII/ptolemy/actor/lib/test/auto/TestExceptionAttribute1.xml
----------------- Instantiating /home/travis/build/icyphy/ptII/ptolemy/actor/lib/test/auto/TestExceptionAttribute1.xml
1 ms. Memory: 470016K Free: 266356K (57%)
----------------- Invoking toplevel() on ptolemy.moml.MoMLSimpleApplication@3f11987d
----------------- Done invoking toplevel() on ptolemy.moml.MoMLSimpleApplication@3f11987d
reloadAllAccessors: .TestExceptionAttribute1

===========================================================================================
----------------- testing Sun Jul 07 04:52:17 UTC 2019 /home/travis/build/icyphy/ptII/ptolemy/actor/lib/test/auto/TestExceptionAttribute2.xml
----------------- Instantiating /home/travis/build/icyphy/ptII/ptolemy/actor/lib/test/auto/TestExceptionAttribute2.xml
2 ms. Memory: 470016K Free: 262770K (56%)
----------------- Invoking toplevel() on ptolemy.moml.MoMLSimpleApplication@24ff33da
----------------- Done invoking toplevel() on ptolemy.moml.MoMLSimpleApplication@24ff33da
reloadAllAccessors: .TestExceptionAttribute2

===========================================================================================
----------------- testing Sun Jul 07 04:52:17 UTC 2019 /home/travis/build/icyphy/ptII/ptolemy/actor/lib/test/auto/TestExceptionAttribute3.xml
----------------- Instantiating /home/travis/build/icyphy/ptII/ptolemy/actor/lib/test/auto/TestExceptionAttribute3.xml
.TestExceptionAttribute3.TestExceptionAttribute: initialize() was not invoked, but wrapup() was.  This is unusual, but not always a problem.  For example, exporting JNLP will do this.
0 ms. Memory: 470016K Free: 258674K (55%)
----------------- Invoking toplevel() on ptolemy.moml.MoMLSimpleApplication@1615171
----------------- Done invoking toplevel() on ptolemy.moml.MoMLSimpleApplication@1615171
reloadAllAccessors: .TestExceptionAttribute3

===========================================================================================
----------------- testing Sun Jul 07 04:52:17 UTC 2019 /home/travis/build/icyphy/ptII/ptolemy/actor/lib/test/auto/TestExceptionAttribute4.xml
----------------- Instantiating /home/travis/build/icyphy/ptII/ptolemy/actor/lib/test/auto/TestExceptionAttribute4.xml
.TestExceptionAttribute4.TestExceptionAttribute: initialize() was not invoked, but wrapup() was.  This is unusual, but not always a problem.  For example, exporting JNLP will do this.
.TestExceptionAttribute4.TestExceptionAttribute2: initialize() was not invoked, but wrapup() was.  This is unusual, but not always a problem.  For example, exporting JNLP will do this.
1 ms. Memory: 470016K Free: 254578K (54%)
----------------- Invoking toplevel() on ptolemy.moml.MoMLSimpleApplication@65f4175f
----------------- Done invoking toplevel() on ptolemy.moml.MoMLSimpleApplication@65f4175f
reloadAllAccessors: .TestExceptionAttribute4

===========================================================================================
----------------- testing Sun Jul 07 04:52:17 UTC 2019 /home/travis/build/icyphy/ptII/ptolemy/actor/lib/test/auto/TestExceptionHandler1.xml
----------------- Instantiating /home/travis/build/icyphy/ptII/ptolemy/actor/lib/test/auto/TestExceptionHandler1.xml
1 ms. Memory: 470016K Free: 250996K (53%)
----------------- Invoking toplevel() on ptolemy.moml.MoMLSimpleApplication@1fb2eca5
----------------- Done invoking toplevel() on ptolemy.moml.MoMLSimpleApplication@1fb2eca5
reloadAllAccessors: .TestExceptionHandler1

===========================================================================================
----------------- testing Sun Jul 07 04:52:17 UTC 2019 /home/travis/build/icyphy/ptII/ptolemy/actor/lib/test/auto/TestExceptionHandler2.xml
----------------- Instantiating /home/travis/build/icyphy/ptII/ptolemy/actor/lib/test/auto/TestExceptionHandler2.xml
2 ms. Memory: 470016K Free: 247410K (53%)
----------------- Invoking toplevel() on ptolemy.moml.MoMLSimpleApplication@2d6a69cf
----------------- Done invoking toplevel() on ptolemy.moml.MoMLSimpleApplication@2d6a69cf
reloadAllAccessors: .TestExceptionHandler2

===========================================================================================
----------------- testing Sun Jul 07 04:52:17 UTC 2019 /home/travis/build/icyphy/ptII/ptolemy/actor/lib/test/auto/TestExceptionHandler3.xml
----------------- Instantiating /home/travis/build/icyphy/ptII/ptolemy/actor/lib/test/auto/TestExceptionHandler3.xml
1 ms. Memory: 470016K Free: 243314K (52%)
----------------- Invoking toplevel() on ptolemy.moml.MoMLSimpleApplication@2e8919ec
----------------- Done invoking toplevel() on ptolemy.moml.MoMLSimpleApplication@2e8919ec
reloadAllAccessors: .TestExceptionHandler3

===========================================================================================
----------------- testing Sun Jul 07 04:52:18 UTC 2019 /home/travis/build/icyphy/ptII/ptolemy/actor/lib/test/auto/TestExceptionHandler4.xml
----------------- Instantiating /home/travis/build/icyphy/ptII/ptolemy/actor/lib/test/auto/TestExceptionHandler4.xml
0 ms. Memory: 470016K Free: 239218K (51%)
----------------- Invoking toplevel() on ptolemy.moml.MoMLSimpleApplication@47def610
----------------- Done invoking toplevel() on ptolemy.moml.MoMLSimpleApplication@47def610
reloadAllAccessors: .TestExceptionHandler4

===========================================================================================
----------------- testing Sun Jul 07 04:52:18 UTC 2019 /home/travis/build/icyphy/ptII/ptolemy/actor/lib/test/auto/TestRequireCorrectOrder.xml
----------------- Instantiating /home/travis/build/icyphy/ptII/ptolemy/actor/lib/test/auto/TestRequireCorrectOrder.xml
2 ms. Memory: 470016K Free: 234084K (50%)
----------------- Invoking toplevel() on ptolemy.moml.MoMLSimpleApplication@4c70e0ec
----------------- Done invoking toplevel() on ptolemy.moml.MoMLSimpleApplication@4c70e0ec
reloadAllAccessors: .TestRequireCorrectOrder

===========================================================================================
----------------- testing Sun Jul 07 04:52:18 UTC 2019 /home/travis/build/icyphy/ptII/ptolemy/actor/lib/test/auto/TestSimple.xml
----------------- Instantiating /home/travis/build/icyphy/ptII/ptolemy/actor/lib/test/auto/TestSimple.xml
2 ms. Memory: 470016K Free: 228972K (49%)
----------------- Invoking toplevel() on ptolemy.moml.MoMLSimpleApplication@4e7888b3
----------------- Done invoking toplevel() on ptolemy.moml.MoMLSimpleApplication@4e7888b3
reloadAllAccessors: .TestSimple

===========================================================================================
----------------- testing Sun Jul 07 04:52:18 UTC 2019 /home/travis/build/icyphy/ptII/ptolemy/actor/lib/test/auto/ThrowModelError.xml
----------------- Instantiating /home/travis/build/icyphy/ptII/ptolemy/actor/lib/test/auto/ThrowModelError.xml
1 ms. Memory: 470016K Free: 224372K (48%)
----------------- Invoking toplevel() on ptolemy.moml.MoMLSimpleApplication@7e1adb33
----------------- Done invoking toplevel() on ptolemy.moml.MoMLSimpleApplication@7e1adb33
reloadAllAccessors: .ThrowModelError

===========================================================================================
----------------- testing Sun Jul 07 04:52:18 UTC 2019 /home/travis/build/icyphy/ptII/ptolemy/actor/lib/test/auto/TimeDelayMicrosteps.xml
----------------- Instantiating /home/travis/build/icyphy/ptII/ptolemy/actor/lib/test/auto/TimeDelayMicrosteps.xml
3 ms. Memory: 470016K Free: 217700K (46%)
----------------- Invoking toplevel() on ptolemy.moml.MoMLSimpleApplication@65c75a96
----------------- Done invoking toplevel() on ptolemy.moml.MoMLSimpleApplication@65c75a96
reloadAllAccessors: .TimeDelayMicrosteps

===========================================================================================
----------------- testing Sun Jul 07 04:52:18 UTC 2019 /home/travis/build/icyphy/ptII/ptolemy/actor/lib/test/auto/TimeDelayMicrosteps2.xml
----------------- Instantiating /home/travis/build/icyphy/ptII/ptolemy/actor/lib/test/auto/TimeDelayMicrosteps2.xml
5 ms. Memory: 470016K Free: 210036K (45%)
----------------- Invoking toplevel() on ptolemy.moml.MoMLSimpleApplication@3d02194
----------------- Done invoking toplevel() on ptolemy.moml.MoMLSimpleApplication@3d02194
reloadAllAccessors: .TimeDelayMicrosteps2

===========================================================================================
----------------- testing Sun Jul 07 04:52:18 UTC 2019 /home/travis/build/icyphy/ptII/ptolemy/actor/lib/test/auto/TimeDelayMicrosteps3.xml
----------------- Instantiating /home/travis/build/icyphy/ptII/ptolemy/actor/lib/test/auto/TimeDelayMicrosteps3.xml
2 ms. Memory: 470016K Free: 203348K (43%)
----------------- Invoking toplevel() on ptolemy.moml.MoMLSimpleApplication@1257dc02
----------------- Done invoking toplevel() on ptolemy.moml.MoMLSimpleApplication@1257dc02
reloadAllAccessors: .TimeDelayMicrosteps3

===========================================================================================
----------------- testing Sun Jul 07 04:52:18 UTC 2019 /home/travis/build/icyphy/ptII/ptolemy/actor/lib/test/auto/TimeDelayVariableMicrosteps.xml
----------------- Instantiating /home/travis/build/icyphy/ptII/ptolemy/actor/lib/test/auto/TimeDelayVariableMicrosteps.xml
3 ms. Memory: 470016K Free: 197234K (42%)
----------------- Invoking toplevel() on ptolemy.moml.MoMLSimpleApplication@2bc6a95b
----------------- Done invoking toplevel() on ptolemy.moml.MoMLSimpleApplication@2bc6a95b
reloadAllAccessors: .TimeDelayVariableMicrosteps

===========================================================================================
----------------- testing Sun Jul 07 04:52:18 UTC 2019 /home/travis/build/icyphy/ptII/ptolemy/actor/lib/test/auto/TimeGap.xml
----------------- Instantiating /home/travis/build/icyphy/ptII/ptolemy/actor/lib/test/auto/TimeGap.xml
2 ms. Memory: 470016K Free: 192084K (41%)
----------------- Invoking toplevel() on ptolemy.moml.MoMLSimpleApplication@12f3d432
----------------- Done invoking toplevel() on ptolemy.moml.MoMLSimpleApplication@12f3d432
reloadAllAccessors: .TimeGap

===========================================================================================
----------------- testing Sun Jul 07 04:52:18 UTC 2019 /home/travis/build/icyphy/ptII/ptolemy/actor/lib/test/auto/TimeGap2.xml
----------------- Instantiating /home/travis/build/icyphy/ptII/ptolemy/actor/lib/test/auto/TimeGap2.xml
2 ms. Memory: 470016K Free: 185956K (40%)
----------------- Invoking toplevel() on ptolemy.moml.MoMLSimpleApplication@a85e58d
----------------- Done invoking toplevel() on ptolemy.moml.MoMLSimpleApplication@a85e58d
reloadAllAccessors: .TimeGap2

===========================================================================================
----------------- testing Sun Jul 07 04:52:18 UTC 2019 /home/travis/build/icyphy/ptII/ptolemy/actor/lib/test/auto/TimedSinewave.xml
----------------- Instantiating /home/travis/build/icyphy/ptII/ptolemy/actor/lib/test/auto/TimedSinewave.xml
28 ms. Memory: 470016K Free: 172148K (37%)
----------------- Invoking toplevel() on ptolemy.moml.MoMLSimpleApplication@6a7a2eb0
----------------- Done invoking toplevel() on ptolemy.moml.MoMLSimpleApplication@6a7a2eb0
reloadAllAccessors: .TimedSinewave

===========================================================================================
----------------- testing Sun Jul 07 04:52:18 UTC 2019 /home/travis/build/icyphy/ptII/ptolemy/actor/lib/test/auto/TimedSinewavePhase.xml
----------------- Instantiating /home/travis/build/icyphy/ptII/ptolemy/actor/lib/test/auto/TimedSinewavePhase.xml
10 ms. Memory: 470016K Free: 162418K (35%)
----------------- Invoking toplevel() on ptolemy.moml.MoMLSimpleApplication@ee30247
----------------- Done invoking toplevel() on ptolemy.moml.MoMLSimpleApplication@ee30247
reloadAllAccessors: .TimedSinewavePhase

===========================================================================================
----------------- testing Sun Jul 07 04:52:18 UTC 2019 /home/travis/build/icyphy/ptII/ptolemy/actor/lib/test/auto/Timer.xml
----------------- Instantiating /home/travis/build/icyphy/ptII/ptolemy/actor/lib/test/auto/Timer.xml
2 ms. Memory: 470016K Free: 156244K (33%)
----------------- Invoking toplevel() on ptolemy.moml.MoMLSimpleApplication@9ac527b
----------------- Done invoking toplevel() on ptolemy.moml.MoMLSimpleApplication@9ac527b
reloadAllAccessors: .Timer

===========================================================================================
----------------- testing Sun Jul 07 04:52:18 UTC 2019 /home/travis/build/icyphy/ptII/ptolemy/actor/lib/test/auto/TriangularDistTestModel.xml
----------------- Instantiating /home/travis/build/icyphy/ptII/ptolemy/actor/lib/test/auto/TriangularDistTestModel.xml
3 ms. Memory: 470016K Free: 150644K (32%)
----------------- Invoking toplevel() on ptolemy.moml.MoMLSimpleApplication@481b0f31
----------------- Done invoking toplevel() on ptolemy.moml.MoMLSimpleApplication@481b0f31
reloadAllAccessors: .TriangularDistTestModel

===========================================================================================
----------------- testing Sun Jul 07 04:52:18 UTC 2019 /home/travis/build/icyphy/ptII/ptolemy/actor/lib/test/auto/TrigFunction.xml
----------------- Instantiating /home/travis/build/icyphy/ptII/ptolemy/actor/lib/test/auto/TrigFunction.xml
2 ms. Memory: 470016K Free: 146034K (31%)
----------------- Invoking toplevel() on ptolemy.moml.MoMLSimpleApplication@1edda66a
----------------- Done invoking toplevel() on ptolemy.moml.MoMLSimpleApplication@1edda66a
reloadAllAccessors: .TrigFunction

===========================================================================================
----------------- testing Sun Jul 07 04:52:18 UTC 2019 /home/travis/build/icyphy/ptII/ptolemy/actor/lib/test/auto/TrigFunctionDE.xml
----------------- Instantiating /home/travis/build/icyphy/ptII/ptolemy/actor/lib/test/auto/TrigFunctionDE.xml
2 ms. Memory: 470016K Free: 417635K (89%)
----------------- Invoking toplevel() on ptolemy.moml.MoMLSimpleApplication@dc506cc
----------------- Done invoking toplevel() on ptolemy.moml.MoMLSimpleApplication@dc506cc
reloadAllAccessors: .TrigFunctionDE

===========================================================================================
----------------- testing Sun Jul 07 04:52:18 UTC 2019 /home/travis/build/icyphy/ptII/ptolemy/actor/lib/test/auto/TrigFunctionInverse.xml
----------------- Instantiating /home/travis/build/icyphy/ptII/ptolemy/actor/lib/test/auto/TrigFunctionInverse.xml
2 ms. Memory: 470016K Free: 412005K (88%)
----------------- Invoking toplevel() on ptolemy.moml.MoMLSimpleApplication@6af5340c
----------------- Done invoking toplevel() on ptolemy.moml.MoMLSimpleApplication@6af5340c
reloadAllAccessors: .TrigFunctionInverse

===========================================================================================
----------------- testing Sun Jul 07 04:52:18 UTC 2019 /home/travis/build/icyphy/ptII/ptolemy/actor/lib/test/auto/TrigFunctionTan.xml
----------------- Instantiating /home/travis/build/icyphy/ptII/ptolemy/actor/lib/test/auto/TrigFunctionTan.xml
2 ms. Memory: 470016K Free: 407909K (87%)
----------------- Invoking toplevel() on ptolemy.moml.MoMLSimpleApplication@7c6809f0
----------------- Done invoking toplevel() on ptolemy.moml.MoMLSimpleApplication@7c6809f0
reloadAllAccessors: .TrigFunctionTan

===========================================================================================
----------------- testing Sun Jul 07 04:52:18 UTC 2019 /home/travis/build/icyphy/ptII/ptolemy/actor/lib/test/auto/TriggeredClock.xml
----------------- Instantiating /home/travis/build/icyphy/ptII/ptolemy/actor/lib/test/auto/TriggeredClock.xml
1 ms. Memory: 470016K Free: 402789K (86%)
----------------- Invoking toplevel() on ptolemy.moml.MoMLSimpleApplication@3edbbf49
----------------- Done invoking toplevel() on ptolemy.moml.MoMLSimpleApplication@3edbbf49
reloadAllAccessors: .TriggeredClock

===========================================================================================
----------------- testing Sun Jul 07 04:52:18 UTC 2019 /home/travis/build/icyphy/ptII/ptolemy/actor/lib/test/auto/URLDirectoryReader.xml
----------------- Instantiating /home/travis/build/icyphy/ptII/ptolemy/actor/lib/test/auto/URLDirectoryReader.xml
45 ms. Memory: 470016K Free: 393059K (84%)
----------------- Invoking toplevel() on ptolemy.moml.MoMLSimpleApplication@55cb8f04
----------------- Done invoking toplevel() on ptolemy.moml.MoMLSimpleApplication@55cb8f04
reloadAllAccessors: .URLDirectoryReader

===========================================================================================
----------------- testing Sun Jul 07 04:52:18 UTC 2019 /home/travis/build/icyphy/ptII/ptolemy/actor/lib/test/auto/URLDirectoryReader3.xml
----------------- Instantiating /home/travis/build/icyphy/ptII/ptolemy/actor/lib/test/auto/URLDirectoryReader3.xml
1176 ms. Memory: 470016K Free: 412488K (88%)
----------------- Invoking toplevel() on ptolemy.moml.MoMLSimpleApplication@7a356d90
----------------- Done invoking toplevel() on ptolemy.moml.MoMLSimpleApplication@7a356d90
reloadAllAccessors: .URLDirectoryReader3

===========================================================================================
----------------- testing Sun Jul 07 04:52:19 UTC 2019 /home/travis/build/icyphy/ptII/ptolemy/actor/lib/test/auto/UnaryMathFunction.xml
----------------- Instantiating /home/travis/build/icyphy/ptII/ptolemy/actor/lib/test/auto/UnaryMathFunction.xml
3 ms. Memory: 470016K Free: 404264K (86%)
----------------- Invoking toplevel() on ptolemy.moml.MoMLSimpleApplication@627effb6
----------------- Done invoking toplevel() on ptolemy.moml.MoMLSimpleApplication@627effb6
reloadAllAccessors: .UnaryMathFunction

===========================================================================================
----------------- testing Sun Jul 07 04:52:20 UTC 2019 /home/travis/build/icyphy/ptII/ptolemy/actor/lib/test/auto/Uniform.xml
----------------- Instantiating /home/travis/build/icyphy/ptII/ptolemy/actor/lib/test/auto/Uniform.xml
4 ms. Memory: 470016K Free: 399658K (85%)
----------------- Invoking toplevel() on ptolemy.moml.MoMLSimpleApplication@62ea39e3
----------------- Done invoking toplevel() on ptolemy.moml.MoMLSimpleApplication@62ea39e3
reloadAllAccessors: .Uniform

===========================================================================================
----------------- testing Sun Jul 07 04:52:20 UTC 2019 /home/travis/build/icyphy/ptII/ptolemy/actor/lib/test/auto/UnionDisassemblerTest.xml
----------------- Instantiating /home/travis/build/icyphy/ptII/ptolemy/actor/lib/test/auto/UnionDisassemblerTest.xml
21 ms. Memory: 470016K Free: 396042K (84%)
----------------- Invoking toplevel() on ptolemy.moml.MoMLSimpleApplication@6032e714
----------------- Done invoking toplevel() on ptolemy.moml.MoMLSimpleApplication@6032e714
reloadAllAccessors: .UnionDisassemblerTest

===========================================================================================
----------------- testing Sun Jul 07 04:52:20 UTC 2019 /home/travis/build/icyphy/ptII/ptolemy/actor/lib/test/auto/UtilityFunctions.xml
----------------- Instantiating /home/travis/build/icyphy/ptII/ptolemy/actor/lib/test/auto/UtilityFunctions.xml
2 ms. Memory: 470016K Free: 391976K (83%)
----------------- Invoking toplevel() on ptolemy.moml.MoMLSimpleApplication@1a2e1424
----------------- Done invoking toplevel() on ptolemy.moml.MoMLSimpleApplication@1a2e1424
reloadAllAccessors: .UtilityFunctions

===========================================================================================
----------------- testing Sun Jul 07 04:52:20 UTC 2019 /home/travis/build/icyphy/ptII/ptolemy/actor/lib/test/auto/VariableSleep.xml
----------------- Instantiating /home/travis/build/icyphy/ptII/ptolemy/actor/lib/test/auto/VariableSleep.xml
503 ms. Memory: 470016K Free: 386346K (82%)
----------------- Invoking toplevel() on ptolemy.moml.MoMLSimpleApplication@709980ff
----------------- Done invoking toplevel() on ptolemy.moml.MoMLSimpleApplication@709980ff
reloadAllAccessors: .VariableSleep

===========================================================================================
----------------- testing Sun Jul 07 04:52:20 UTC 2019 /home/travis/build/icyphy/ptII/ptolemy/actor/lib/test/auto/VectorAssemblerDisassemblerCT.xml
----------------- Instantiating /home/travis/build/icyphy/ptII/ptolemy/actor/lib/test/auto/VectorAssemblerDisassemblerCT.xml
77 ms. Memory: 470016K Free: 365352K (78%)
----------------- Invoking toplevel() on ptolemy.moml.MoMLSimpleApplication@368ce065
----------------- Done invoking toplevel() on ptolemy.moml.MoMLSimpleApplication@368ce065
reloadAllAccessors: .VectorAssemblerDisassemblerCT

===========================================================================================
----------------- testing Sun Jul 07 04:52:20 UTC 2019 /home/travis/build/icyphy/ptII/ptolemy/actor/lib/test/auto/VectorAssemblerDisassemblerDE.xml
----------------- Instantiating /home/travis/build/icyphy/ptII/ptolemy/actor/lib/test/auto/VectorAssemblerDisassemblerDE.xml
4 ms. Memory: 470016K Free: 358184K (76%)
----------------- Invoking toplevel() on ptolemy.moml.MoMLSimpleApplication@6078f655
----------------- Done invoking toplevel() on ptolemy.moml.MoMLSimpleApplication@6078f655
reloadAllAccessors: .VectorAssemblerDisassemblerDE

===========================================================================================
----------------- testing Sun Jul 07 04:52:20 UTC 2019 /home/travis/build/icyphy/ptII/ptolemy/actor/lib/test/auto/VectorAssemblerDisassemblerSDF.xml
----------------- Instantiating /home/travis/build/icyphy/ptII/ptolemy/actor/lib/test/auto/VectorAssemblerDisassemblerSDF.xml
2 ms. Memory: 470016K Free: 351530K (75%)
----------------- Invoking toplevel() on ptolemy.moml.MoMLSimpleApplication@65621ae9
----------------- Done invoking toplevel() on ptolemy.moml.MoMLSimpleApplication@65621ae9
reloadAllAccessors: .VectorAssemblerDisassemblerSDF

===========================================================================================
----------------- testing Sun Jul 07 04:52:20 UTC 2019 /home/travis/build/icyphy/ptII/ptolemy/actor/lib/test/auto/WallClockTime.xml
----------------- Instantiating /home/travis/build/icyphy/ptII/ptolemy/actor/lib/test/auto/WallClockTime.xml
1004 ms. Memory: 470016K Free: 346410K (74%)
----------------- Invoking toplevel() on ptolemy.moml.MoMLSimpleApplication@1e05eca9
----------------- Done invoking toplevel() on ptolemy.moml.MoMLSimpleApplication@1e05eca9
reloadAllAccessors: .WallClockTime

===========================================================================================
----------------- testing Sun Jul 07 04:52:21 UTC 2019 /home/travis/build/icyphy/ptII/ptolemy/actor/lib/test/auto/WidthTestWithSubscriberPublisher.xml
----------------- Instantiating /home/travis/build/icyphy/ptII/ptolemy/actor/lib/test/auto/WidthTestWithSubscriberPublisher.xml
7 ms. Memory: 470016K Free: 328488K (70%)
----------------- Invoking toplevel() on ptolemy.moml.MoMLSimpleApplication@64bc0a3d
----------------- Done invoking toplevel() on ptolemy.moml.MoMLSimpleApplication@64bc0a3d
reloadAllAccessors: .WidthTestWithSubscriberPublisher

===========================================================================================
----------------- testing Sun Jul 07 04:52:21 UTC 2019 /home/travis/build/icyphy/ptII/ptolemy/actor/lib/test/auto/WidthTestWithSubscriberPublisher2.xml
----------------- Instantiating /home/travis/build/icyphy/ptII/ptolemy/actor/lib/test/auto/WidthTestWithSubscriberPublisher2.xml
3 ms. Memory: 470016K Free: 322344K (69%)
----------------- Invoking toplevel() on ptolemy.moml.MoMLSimpleApplication@7f32ea4b
----------------- Done invoking toplevel() on ptolemy.moml.MoMLSimpleApplication@7f32ea4b
reloadAllAccessors: .WidthTestWithSubscriberPublisher2

===========================================================================================
----------------- testing Sun Jul 07 04:52:21 UTC 2019 /home/travis/build/icyphy/ptII/ptolemy/actor/lib/test/auto/WidthTestWithSubscriberPublisher3.xml
----------------- Instantiating /home/travis/build/icyphy/ptII/ptolemy/actor/lib/test/auto/WidthTestWithSubscriberPublisher3.xml
6 ms. Memory: 470016K Free: 316714K (67%)
----------------- Invoking toplevel() on ptolemy.moml.MoMLSimpleApplication@6272f3c4
----------------- Done invoking toplevel() on ptolemy.moml.MoMLSimpleApplication@6272f3c4
reloadAllAccessors: .WidthTestWithSubscriberPublisher3

===========================================================================================
----------------- testing Sun Jul 07 04:52:21 UTC 2019 /home/travis/build/icyphy/ptII/ptolemy/actor/lib/test/auto/Writer.xml
----------------- Instantiating /home/travis/build/icyphy/ptII/ptolemy/actor/lib/test/auto/Writer.xml
0
1
2
3
4
1 ms. Memory: 470016K Free: 312090K (66%)
----------------- Invoking toplevel() on ptolemy.moml.MoMLSimpleApplication@49add4c7
----------------- Done invoking toplevel() on ptolemy.moml.MoMLSimpleApplication@49add4c7
reloadAllAccessors: .Writer

===========================================================================================
----------------- testing Sun Jul 07 04:52:21 UTC 2019 /home/travis/build/icyphy/ptII/ptolemy/actor/lib/test/auto/array.xml
----------------- Instantiating /home/travis/build/icyphy/ptII/ptolemy/actor/lib/test/auto/array.xml
3 ms. Memory: 470016K Free: 307498K (65%)
----------------- Invoking toplevel() on ptolemy.moml.MoMLSimpleApplication@439365da
----------------- Done invoking toplevel() on ptolemy.moml.MoMLSimpleApplication@439365da
reloadAllAccessors: .array

===========================================================================================
----------------- testing Sun Jul 07 04:52:21 UTC 2019 /home/travis/build/icyphy/ptII/ptolemy/actor/lib/test/auto/array2.xml
----------------- Instantiating /home/travis/build/icyphy/ptII/ptolemy/actor/lib/test/auto/array2.xml
3 ms. Memory: 470016K Free: 302378K (64%)
----------------- Invoking toplevel() on ptolemy.moml.MoMLSimpleApplication@927fea0
----------------- Done invoking toplevel() on ptolemy.moml.MoMLSimpleApplication@927fea0
reloadAllAccessors: .array2

===========================================================================================
----------------- testing Sun Jul 07 04:52:21 UTC 2019 /home/travis/build/icyphy/ptII/ptolemy/actor/lib/test/auto/arrayType.xml
----------------- Instantiating /home/travis/build/icyphy/ptII/ptolemy/actor/lib/test/auto/arrayType.xml
7 ms. Memory: 470016K Free: 296730K (63%)
----------------- Invoking toplevel() on ptolemy.moml.MoMLSimpleApplication@2d08233a
----------------- Done invoking toplevel() on ptolemy.moml.MoMLSimpleApplication@2d08233a
reloadAllAccessors: .arrayType

===========================================================================================
----------------- testing Sun Jul 07 04:52:21 UTC 2019 /home/travis/build/icyphy/ptII/ptolemy/actor/lib/test/auto/arrayType10.xml
----------------- Instantiating /home/travis/build/icyphy/ptII/ptolemy/actor/lib/test/auto/arrayType10.xml
1 ms. Memory: 470016K Free: 292138K (62%)
----------------- Invoking toplevel() on ptolemy.moml.MoMLSimpleApplication@70b67642
----------------- Done invoking toplevel() on ptolemy.moml.MoMLSimpleApplication@70b67642
reloadAllAccessors: .arrayType10

===========================================================================================
----------------- testing Sun Jul 07 04:52:21 UTC 2019 /home/travis/build/icyphy/ptII/ptolemy/actor/lib/test/auto/arrayType11.xml
----------------- Instantiating /home/travis/build/icyphy/ptII/ptolemy/actor/lib/test/auto/arrayType11.xml
2 ms. Memory: 470016K Free: 287528K (61%)
----------------- Invoking toplevel() on ptolemy.moml.MoMLSimpleApplication@2a65e894
----------------- Done invoking toplevel() on ptolemy.moml.MoMLSimpleApplication@2a65e894
reloadAllAccessors: .arrayType11

===========================================================================================
----------------- testing Sun Jul 07 04:52:21 UTC 2019 /home/travis/build/icyphy/ptII/ptolemy/actor/lib/test/auto/arrayType12.xml
----------------- Instantiating /home/travis/build/icyphy/ptII/ptolemy/actor/lib/test/auto/arrayType12.xml
1 ms. Memory: 470016K Free: 282408K (60%)
----------------- Invoking toplevel() on ptolemy.moml.MoMLSimpleApplication@277186ae
----------------- Done invoking toplevel() on ptolemy.moml.MoMLSimpleApplication@277186ae
reloadAllAccessors: .arrayType12

===========================================================================================
----------------- testing Sun Jul 07 04:52:21 UTC 2019 /home/travis/build/icyphy/ptII/ptolemy/actor/lib/test/auto/arrayType13.xml
----------------- Instantiating /home/travis/build/icyphy/ptII/ptolemy/actor/lib/test/auto/arrayType13.xml
2 ms. Memory: 470016K Free: 277274K (59%)
----------------- Invoking toplevel() on ptolemy.moml.MoMLSimpleApplication@49830f3
----------------- Done invoking toplevel() on ptolemy.moml.MoMLSimpleApplication@49830f3
reloadAllAccessors: .arrayType13

===========================================================================================
----------------- testing Sun Jul 07 04:52:22 UTC 2019 /home/travis/build/icyphy/ptII/ptolemy/actor/lib/test/auto/arrayType14.xml
----------------- Instantiating /home/travis/build/icyphy/ptII/ptolemy/actor/lib/test/auto/arrayType14.xml
1 ms. Memory: 470016K Free: 272154K (58%)
----------------- Invoking toplevel() on ptolemy.moml.MoMLSimpleApplication@3be85650
----------------- Done invoking toplevel() on ptolemy.moml.MoMLSimpleApplication@3be85650
reloadAllAccessors: .arrayType14

===========================================================================================
----------------- testing Sun Jul 07 04:52:22 UTC 2019 /home/travis/build/icyphy/ptII/ptolemy/actor/lib/test/auto/arrayType15.xml
----------------- Instantiating /home/travis/build/icyphy/ptII/ptolemy/actor/lib/test/auto/arrayType15.xml
2 ms. Memory: 470016K Free: 266538K (57%)
----------------- Invoking toplevel() on ptolemy.moml.MoMLSimpleApplication@56f090c3
----------------- Done invoking toplevel() on ptolemy.moml.MoMLSimpleApplication@56f090c3
reloadAllAccessors: .arrayType15

===========================================================================================
----------------- testing Sun Jul 07 04:52:22 UTC 2019 /home/travis/build/icyphy/ptII/ptolemy/actor/lib/test/auto/arrayType16.xml
----------------- Instantiating /home/travis/build/icyphy/ptII/ptolemy/actor/lib/test/auto/arrayType16.xml
2 ms. Memory: 470016K Free: 261418K (56%)
----------------- Invoking toplevel() on ptolemy.moml.MoMLSimpleApplication@2039ce02
----------------- Done invoking toplevel() on ptolemy.moml.MoMLSimpleApplication@2039ce02
reloadAllAccessors: .arrayType16

===========================================================================================
----------------- testing Sun Jul 07 04:52:22 UTC 2019 /home/travis/build/icyphy/ptII/ptolemy/actor/lib/test/auto/arrayType17.xml
----------------- Instantiating /home/travis/build/icyphy/ptII/ptolemy/actor/lib/test/auto/arrayType17.xml
2 ms. Memory: 470016K Free: 255784K (54%)
----------------- Invoking toplevel() on ptolemy.moml.MoMLSimpleApplication@3fa10689
----------------- Done invoking toplevel() on ptolemy.moml.MoMLSimpleApplication@3fa10689
reloadAllAccessors: .arrayType17

===========================================================================================
----------------- testing Sun Jul 07 04:52:22 UTC 2019 /home/travis/build/icyphy/ptII/ptolemy/actor/lib/test/auto/arrayType18.xml
----------------- Instantiating /home/travis/build/icyphy/ptII/ptolemy/actor/lib/test/auto/arrayType18.xml
10 ms. Memory: 470016K Free: 251178K (53%)
----------------- Invoking toplevel() on ptolemy.moml.MoMLSimpleApplication@6c197c56
----------------- Done invoking toplevel() on ptolemy.moml.MoMLSimpleApplication@6c197c56
reloadAllAccessors: .arrayType18

===========================================================================================
----------------- testing Sun Jul 07 04:52:22 UTC 2019 /home/travis/build/icyphy/ptII/ptolemy/actor/lib/test/auto/arrayType19.xml
----------------- Instantiating /home/travis/build/icyphy/ptII/ptolemy/actor/lib/test/auto/arrayType19.xml
1 ms. Memory: 470016K Free: 246568K (52%)
----------------- Invoking toplevel() on ptolemy.moml.MoMLSimpleApplication@7b895f34
----------------- Done invoking toplevel() on ptolemy.moml.MoMLSimpleApplication@7b895f34
reloadAllAccessors: .arrayType19

===========================================================================================
----------------- testing Sun Jul 07 04:52:22 UTC 2019 /home/travis/build/icyphy/ptII/ptolemy/actor/lib/test/auto/arrayType2.xml
----------------- Instantiating /home/travis/build/icyphy/ptII/ptolemy/actor/lib/test/auto/arrayType2.xml
2 ms. Memory: 470016K Free: 240938K (51%)
----------------- Invoking toplevel() on ptolemy.moml.MoMLSimpleApplication@6fcc13c
----------------- Done invoking toplevel() on ptolemy.moml.MoMLSimpleApplication@6fcc13c
reloadAllAccessors: .arrayType2

===========================================================================================
----------------- testing Sun Jul 07 04:52:22 UTC 2019 /home/travis/build/icyphy/ptII/ptolemy/actor/lib/test/auto/arrayType20.xml
----------------- Instantiating /home/travis/build/icyphy/ptII/ptolemy/actor/lib/test/auto/arrayType20.xml
1 ms. Memory: 470016K Free: 236328K (50%)
----------------- Invoking toplevel() on ptolemy.moml.MoMLSimpleApplication@48af9624
----------------- Done invoking toplevel() on ptolemy.moml.MoMLSimpleApplication@48af9624
reloadAllAccessors: .arrayType20

===========================================================================================
----------------- testing Sun Jul 07 04:52:22 UTC 2019 /home/travis/build/icyphy/ptII/ptolemy/actor/lib/test/auto/arrayType21.xml
----------------- Instantiating /home/travis/build/icyphy/ptII/ptolemy/actor/lib/test/auto/arrayType21.xml
1 ms. Memory: 470016K Free: 231722K (49%)
----------------- Invoking toplevel() on ptolemy.moml.MoMLSimpleApplication@7a9e840f
----------------- Done invoking toplevel() on ptolemy.moml.MoMLSimpleApplication@7a9e840f
reloadAllAccessors: .arrayType21

===========================================================================================
----------------- testing Sun Jul 07 04:52:22 UTC 2019 /home/travis/build/icyphy/ptII/ptolemy/actor/lib/test/auto/arrayType22.xml
----------------- Instantiating /home/travis/build/icyphy/ptII/ptolemy/actor/lib/test/auto/arrayType22.xml
2 ms. Memory: 470016K Free: 226602K (48%)
----------------- Invoking toplevel() on ptolemy.moml.MoMLSimpleApplication@347beb15
----------------- Done invoking toplevel() on ptolemy.moml.MoMLSimpleApplication@347beb15
reloadAllAccessors: .arrayType22

===========================================================================================
----------------- testing Sun Jul 07 04:52:22 UTC 2019 /home/travis/build/icyphy/ptII/ptolemy/actor/lib/test/auto/arrayType23.xml
----------------- Instantiating /home/travis/build/icyphy/ptII/ptolemy/actor/lib/test/auto/arrayType23.xml
2 ms. Memory: 470016K Free: 221992K (47%)
----------------- Invoking toplevel() on ptolemy.moml.MoMLSimpleApplication@4bb7bf6e
----------------- Done invoking toplevel() on ptolemy.moml.MoMLSimpleApplication@4bb7bf6e
reloadAllAccessors: .arrayType23

===========================================================================================
----------------- testing Sun Jul 07 04:52:22 UTC 2019 /home/travis/build/icyphy/ptII/ptolemy/actor/lib/test/auto/arrayType24.xml
----------------- Instantiating /home/travis/build/icyphy/ptII/ptolemy/actor/lib/test/auto/arrayType24.xml
1 ms. Memory: 470016K Free: 216872K (46%)
----------------- Invoking toplevel() on ptolemy.moml.MoMLSimpleApplication@7884d6d3
----------------- Done invoking toplevel() on ptolemy.moml.MoMLSimpleApplication@7884d6d3
reloadAllAccessors: .arrayType24

===========================================================================================
----------------- testing Sun Jul 07 04:52:22 UTC 2019 /home/travis/build/icyphy/ptII/ptolemy/actor/lib/test/auto/arrayType25.xml
----------------- Instantiating /home/travis/build/icyphy/ptII/ptolemy/actor/lib/test/auto/arrayType25.xml
2 ms. Memory: 470016K Free: 211242K (45%)
----------------- Invoking toplevel() on ptolemy.moml.MoMLSimpleApplication@50690a64
----------------- Done invoking toplevel() on ptolemy.moml.MoMLSimpleApplication@50690a64
reloadAllAccessors: .arrayType25

===========================================================================================
----------------- testing Sun Jul 07 04:52:22 UTC 2019 /home/travis/build/icyphy/ptII/ptolemy/actor/lib/test/auto/arrayType26.xml
----------------- Instantiating /home/travis/build/icyphy/ptII/ptolemy/actor/lib/test/auto/arrayType26.xml
1 ms. Memory: 470016K Free: 206122K (44%)
----------------- Invoking toplevel() on ptolemy.moml.MoMLSimpleApplication@150a23ec
----------------- Done invoking toplevel() on ptolemy.moml.MoMLSimpleApplication@150a23ec
reloadAllAccessors: .arrayType26

===========================================================================================
----------------- testing Sun Jul 07 04:52:22 UTC 2019 /home/travis/build/icyphy/ptII/ptolemy/actor/lib/test/auto/arrayType27.xml
----------------- Instantiating /home/travis/build/icyphy/ptII/ptolemy/actor/lib/test/auto/arrayType27.xml
2 ms. Memory: 470016K Free: 200488K (43%)
----------------- Invoking toplevel() on ptolemy.moml.MoMLSimpleApplication@3d6ca363
----------------- Done invoking toplevel() on ptolemy.moml.MoMLSimpleApplication@3d6ca363
reloadAllAccessors: .arrayType27

===========================================================================================
----------------- testing Sun Jul 07 04:52:22 UTC 2019 /home/travis/build/icyphy/ptII/ptolemy/actor/lib/test/auto/arrayType28.xml
----------------- Instantiating /home/travis/build/icyphy/ptII/ptolemy/actor/lib/test/auto/arrayType28.xml
2 ms. Memory: 470016K Free: 195354K (42%)
----------------- Invoking toplevel() on ptolemy.moml.MoMLSimpleApplication@5c94fb5d
----------------- Done invoking toplevel() on ptolemy.moml.MoMLSimpleApplication@5c94fb5d
reloadAllAccessors: .arrayType28

===========================================================================================
----------------- testing Sun Jul 07 04:52:22 UTC 2019 /home/travis/build/icyphy/ptII/ptolemy/actor/lib/test/auto/arrayType3.xml
----------------- Instantiating /home/travis/build/icyphy/ptII/ptolemy/actor/lib/test/auto/arrayType3.xml
5 ms. Memory: 470016K Free: 190248K (40%)
----------------- Invoking toplevel() on ptolemy.moml.MoMLSimpleApplication@5477f42c
----------------- Done invoking toplevel() on ptolemy.moml.MoMLSimpleApplication@5477f42c
reloadAllAccessors: .arrayType3

===========================================================================================
----------------- testing Sun Jul 07 04:52:22 UTC 2019 /home/travis/build/icyphy/ptII/ptolemy/actor/lib/test/auto/arrayType4.xml
----------------- Instantiating /home/travis/build/icyphy/ptII/ptolemy/actor/lib/test/auto/arrayType4.xml
1 ms. Memory: 470016K Free: 184618K (39%)
----------------- Invoking toplevel() on ptolemy.moml.MoMLSimpleApplication@358f0b6c
----------------- Done invoking toplevel() on ptolemy.moml.MoMLSimpleApplication@358f0b6c
reloadAllAccessors: .arrayType4

===========================================================================================
----------------- testing Sun Jul 07 04:52:22 UTC 2019 /home/travis/build/icyphy/ptII/ptolemy/actor/lib/test/auto/arrayType5.xml
----------------- Instantiating /home/travis/build/icyphy/ptII/ptolemy/actor/lib/test/auto/arrayType5.xml
7 ms. Memory: 470016K Free: 179498K (38%)
----------------- Invoking toplevel() on ptolemy.moml.MoMLSimpleApplication@231195fd
----------------- Done invoking toplevel() on ptolemy.moml.MoMLSimpleApplication@231195fd
reloadAllAccessors: .arrayType5

===========================================================================================
----------------- testing Sun Jul 07 04:52:22 UTC 2019 /home/travis/build/icyphy/ptII/ptolemy/actor/lib/test/auto/arrayType6.xml
----------------- Instantiating /home/travis/build/icyphy/ptII/ptolemy/actor/lib/test/auto/arrayType6.xml
1 ms. Memory: 470016K Free: 174378K (37%)
----------------- Invoking toplevel() on ptolemy.moml.MoMLSimpleApplication@46ab5380
----------------- Done invoking toplevel() on ptolemy.moml.MoMLSimpleApplication@46ab5380
reloadAllAccessors: .arrayType6

===========================================================================================
----------------- testing Sun Jul 07 04:52:22 UTC 2019 /home/travis/build/icyphy/ptII/ptolemy/actor/lib/test/auto/arrayType7.xml
----------------- Instantiating /home/travis/build/icyphy/ptII/ptolemy/actor/lib/test/auto/arrayType7.xml
1 ms. Memory: 470016K Free: 169768K (36%)
----------------- Invoking toplevel() on ptolemy.moml.MoMLSimpleApplication@2b07ed7
----------------- Done invoking toplevel() on ptolemy.moml.MoMLSimpleApplication@2b07ed7
reloadAllAccessors: .arrayType7

===========================================================================================
----------------- testing Sun Jul 07 04:52:22 UTC 2019 /home/travis/build/icyphy/ptII/ptolemy/actor/lib/test/auto/arrayType8.xml
----------------- Instantiating /home/travis/build/icyphy/ptII/ptolemy/actor/lib/test/auto/arrayType8.xml
2 ms. Memory: 470016K Free: 164648K (35%)
----------------- Invoking toplevel() on ptolemy.moml.MoMLSimpleApplication@2f149973
----------------- Done invoking toplevel() on ptolemy.moml.MoMLSimpleApplication@2f149973
reloadAllAccessors: .arrayType8

===========================================================================================
----------------- testing Sun Jul 07 04:52:22 UTC 2019 /home/travis/build/icyphy/ptII/ptolemy/actor/lib/test/auto/arrayType9.xml
----------------- Instantiating /home/travis/build/icyphy/ptII/ptolemy/actor/lib/test/auto/arrayType9.xml
1 ms. Memory: 470016K Free: 159528K (34%)
----------------- Invoking toplevel() on ptolemy.moml.MoMLSimpleApplication@2aa3c14f
----------------- Done invoking toplevel() on ptolemy.moml.MoMLSimpleApplication@2aa3c14f
reloadAllAccessors: .arrayType9

===========================================================================================
----------------- testing Sun Jul 07 04:52:22 UTC 2019 /home/travis/build/icyphy/ptII/ptolemy/actor/lib/test/auto/cast.xml
----------------- Instantiating /home/travis/build/icyphy/ptII/ptolemy/actor/lib/test/auto/cast.xml
2 ms. Memory: 470016K Free: 414416K (88%)
----------------- Invoking toplevel() on ptolemy.moml.MoMLSimpleApplication@21c0e705
----------------- Done invoking toplevel() on ptolemy.moml.MoMLSimpleApplication@21c0e705
reloadAllAccessors: .cast

===========================================================================================
----------------- testing Sun Jul 07 04:52:22 UTC 2019 /home/travis/build/icyphy/ptII/ptolemy/actor/lib/test/auto/compositeMultiPort.xml
----------------- Instantiating /home/travis/build/icyphy/ptII/ptolemy/actor/lib/test/auto/compositeMultiPort.xml
4 ms. Memory: 470016K Free: 405200K (86%)
----------------- Invoking toplevel() on ptolemy.moml.MoMLSimpleApplication@50ef0295
----------------- Done invoking toplevel() on ptolemy.moml.MoMLSimpleApplication@50ef0295
reloadAllAccessors: .compositeMultiPort

===========================================================================================
----------------- testing Sun Jul 07 04:52:22 UTC 2019 /home/travis/build/icyphy/ptII/ptolemy/actor/lib/test/auto/expressionCastInference.xml
----------------- Instantiating /home/travis/build/icyphy/ptII/ptolemy/actor/lib/test/auto/expressionCastInference.xml
3 ms. Memory: 470016K Free: 400590K (85%)
----------------- Invoking toplevel() on ptolemy.moml.MoMLSimpleApplication@1648d1d6
----------------- Done invoking toplevel() on ptolemy.moml.MoMLSimpleApplication@1648d1d6
reloadAllAccessors: .expressionCastInference

===========================================================================================
----------------- testing Sun Jul 07 04:52:22 UTC 2019 /home/travis/build/icyphy/ptII/ptolemy/actor/lib/test/auto/expressionCastInference2.xml
----------------- Instantiating /home/travis/build/icyphy/ptII/ptolemy/actor/lib/test/auto/expressionCastInference2.xml
2 ms. Memory: 470016K Free: 395470K (84%)
----------------- Invoking toplevel() on ptolemy.moml.MoMLSimpleApplication@564d877a
----------------- Done invoking toplevel() on ptolemy.moml.MoMLSimpleApplication@564d877a
reloadAllAccessors: .expressionCastInference2

===========================================================================================
----------------- testing Sun Jul 07 04:52:22 UTC 2019 /home/travis/build/icyphy/ptII/ptolemy/actor/lib/test/auto/expressionInference.xml
----------------- Instantiating /home/travis/build/icyphy/ptII/ptolemy/actor/lib/test/auto/expressionInference.xml
2 ms. Memory: 470016K Free: 391374K (83%)
----------------- Invoking toplevel() on ptolemy.moml.MoMLSimpleApplication@50145386
----------------- Done invoking toplevel() on ptolemy.moml.MoMLSimpleApplication@50145386
reloadAllAccessors: .expressionInference

===========================================================================================
----------------- testing Sun Jul 07 04:52:22 UTC 2019 /home/travis/build/icyphy/ptII/ptolemy/actor/lib/test/auto/expression_bug.xml
----------------- Instantiating /home/travis/build/icyphy/ptII/ptolemy/actor/lib/test/auto/expression_bug.xml
1 ms. Memory: 470016K Free: 386768K (82%)
----------------- Invoking toplevel() on ptolemy.moml.MoMLSimpleApplication@73078c41
----------------- Done invoking toplevel() on ptolemy.moml.MoMLSimpleApplication@73078c41
reloadAllAccessors: .expression_bug

===========================================================================================
----------------- testing Sun Jul 07 04:52:22 UTC 2019 /home/travis/build/icyphy/ptII/ptolemy/actor/lib/test/auto/factorial.xml
----------------- Instantiating /home/travis/build/icyphy/ptII/ptolemy/actor/lib/test/auto/factorial.xml
56 ms. Memory: 470016K Free: 378062K (80%)
----------------- Invoking toplevel() on ptolemy.moml.MoMLSimpleApplication@3d242c84
----------------- Done invoking toplevel() on ptolemy.moml.MoMLSimpleApplication@3d242c84
reloadAllAccessors: .factorial

===========================================================================================
----------------- testing Sun Jul 07 04:52:22 UTC 2019 /home/travis/build/icyphy/ptII/ptolemy/actor/lib/test/auto/filterTest1.xml
----------------- Instantiating /home/travis/build/icyphy/ptII/ptolemy/actor/lib/test/auto/filterTest1.xml
4 ms. Memory: 470016K Free: 372432K (79%)
----------------- Invoking toplevel() on ptolemy.moml.MoMLSimpleApplication@68dd36b
----------------- Done invoking toplevel() on ptolemy.moml.MoMLSimpleApplication@68dd36b
reloadAllAccessors: .filterTest1

===========================================================================================
----------------- testing Sun Jul 07 04:52:22 UTC 2019 /home/travis/build/icyphy/ptII/ptolemy/actor/lib/test/auto/funcApplyInConst.xml
----------------- Instantiating /home/travis/build/icyphy/ptII/ptolemy/actor/lib/test/auto/funcApplyInConst.xml
6 ms. Memory: 470016K Free: 368336K (78%)
----------------- Invoking toplevel() on ptolemy.moml.MoMLSimpleApplication@60c09726
----------------- Done invoking toplevel() on ptolemy.moml.MoMLSimpleApplication@60c09726
reloadAllAccessors: .funcApplyInConst

===========================================================================================
----------------- testing Sun Jul 07 04:52:22 UTC 2019 /home/travis/build/icyphy/ptII/ptolemy/actor/lib/test/auto/funcApplyInExpr.xml
----------------- Instantiating /home/travis/build/icyphy/ptII/ptolemy/actor/lib/test/auto/funcApplyInExpr.xml
2 ms. Memory: 470016K Free: 364750K (78%)
----------------- Invoking toplevel() on ptolemy.moml.MoMLSimpleApplication@57661f5c
----------------- Done invoking toplevel() on ptolemy.moml.MoMLSimpleApplication@57661f5c
reloadAllAccessors: .funcApplyInExpr

===========================================================================================
----------------- testing Sun Jul 07 04:52:22 UTC 2019 /home/travis/build/icyphy/ptII/ptolemy/actor/lib/test/auto/function.xml
----------------- Instantiating /home/travis/build/icyphy/ptII/ptolemy/actor/lib/test/auto/function.xml
2 ms. Memory: 470016K Free: 359630K (77%)
----------------- Invoking toplevel() on ptolemy.moml.MoMLSimpleApplication@5981cbe3
----------------- Done invoking toplevel() on ptolemy.moml.MoMLSimpleApplication@5981cbe3
reloadAllAccessors: .function

===========================================================================================
----------------- testing Sun Jul 07 04:52:22 UTC 2019 /home/travis/build/icyphy/ptII/ptolemy/actor/lib/test/auto/function2.xml
----------------- Instantiating /home/travis/build/icyphy/ptII/ptolemy/actor/lib/test/auto/function2.xml
2 ms. Memory: 470016K Free: 355024K (76%)
----------------- Invoking toplevel() on ptolemy.moml.MoMLSimpleApplication@51057c0d
----------------- Done invoking toplevel() on ptolemy.moml.MoMLSimpleApplication@51057c0d
reloadAllAccessors: .function2

===========================================================================================
----------------- testing Sun Jul 07 04:52:22 UTC 2019 /home/travis/build/icyphy/ptII/ptolemy/actor/lib/test/auto/function3.xml
----------------- Instantiating /home/travis/build/icyphy/ptII/ptolemy/actor/lib/test/auto/function3.xml
1 ms. Memory: 470016K Free: 350928K (75%)
----------------- Invoking toplevel() on ptolemy.moml.MoMLSimpleApplication@17d90692
----------------- Done invoking toplevel() on ptolemy.moml.MoMLSimpleApplication@17d90692
reloadAllAccessors: .function3

===========================================================================================
----------------- testing Sun Jul 07 04:52:22 UTC 2019 /home/travis/build/icyphy/ptII/ptolemy/actor/lib/test/auto/functionClosureTest1.xml
----------------- Instantiating /home/travis/build/icyphy/ptII/ptolemy/actor/lib/test/auto/functionClosureTest1.xml
1 ms. Memory: 470016K Free: 345263K (73%)
----------------- Invoking toplevel() on ptolemy.moml.MoMLSimpleApplication@4339957a
----------------- Done invoking toplevel() on ptolemy.moml.MoMLSimpleApplication@4339957a
reloadAllAccessors: .functionClosureTest1

===========================================================================================
----------------- testing Sun Jul 07 04:52:22 UTC 2019 /home/travis/build/icyphy/ptII/ptolemy/actor/lib/test/auto/functionClosureTest2.xml
----------------- Instantiating /home/travis/build/icyphy/ptII/ptolemy/actor/lib/test/auto/functionClosureTest2.xml
1 ms. Memory: 470016K Free: 341198K (73%)
----------------- Invoking toplevel() on ptolemy.moml.MoMLSimpleApplication@133aeb5c
----------------- Done invoking toplevel() on ptolemy.moml.MoMLSimpleApplication@133aeb5c
reloadAllAccessors: .functionClosureTest2

===========================================================================================
----------------- testing Sun Jul 07 04:52:22 UTC 2019 /home/travis/build/icyphy/ptII/ptolemy/actor/lib/test/auto/functionClosureTest3.xml
----------------- Instantiating /home/travis/build/icyphy/ptII/ptolemy/actor/lib/test/auto/functionClosureTest3.xml
2 ms. Memory: 470016K Free: 336063K (72%)
----------------- Invoking toplevel() on ptolemy.moml.MoMLSimpleApplication@66a8086f
----------------- Done invoking toplevel() on ptolemy.moml.MoMLSimpleApplication@66a8086f
reloadAllAccessors: .functionClosureTest3

===========================================================================================
----------------- testing Sun Jul 07 04:52:22 UTC 2019 /home/travis/build/icyphy/ptII/ptolemy/actor/lib/test/auto/functionClosureTest4.xml
----------------- Instantiating /home/travis/build/icyphy/ptII/ptolemy/actor/lib/test/auto/functionClosureTest4.xml
4 ms. Memory: 470016K Free: 329934K (70%)
----------------- Invoking toplevel() on ptolemy.moml.MoMLSimpleApplication@6d0fd696
----------------- Done invoking toplevel() on ptolemy.moml.MoMLSimpleApplication@6d0fd696
reloadAllAccessors: .functionClosureTest4

===========================================================================================
----------------- testing Sun Jul 07 04:52:22 UTC 2019 /home/travis/build/icyphy/ptII/ptolemy/actor/lib/test/auto/functionClosureTest5.xml
----------------- Instantiating /home/travis/build/icyphy/ptII/ptolemy/actor/lib/test/auto/functionClosureTest5.xml
5 ms. Memory: 470016K Free: 324304K (69%)
----------------- Invoking toplevel() on ptolemy.moml.MoMLSimpleApplication@3d2fefff
----------------- Done invoking toplevel() on ptolemy.moml.MoMLSimpleApplication@3d2fefff
reloadAllAccessors: .functionClosureTest5

===========================================================================================
----------------- testing Sun Jul 07 04:52:22 UTC 2019 /home/travis/build/icyphy/ptII/ptolemy/actor/lib/test/auto/functionClosureTest6.xml
----------------- Instantiating /home/travis/build/icyphy/ptII/ptolemy/actor/lib/test/auto/functionClosureTest6.xml
2 ms. Memory: 470016K Free: 319687K (68%)
----------------- Invoking toplevel() on ptolemy.moml.MoMLSimpleApplication@724af49f
----------------- Done invoking toplevel() on ptolemy.moml.MoMLSimpleApplication@724af49f
reloadAllAccessors: .functionClosureTest6

===========================================================================================
----------------- testing Sun Jul 07 04:52:22 UTC 2019 /home/travis/build/icyphy/ptII/ptolemy/actor/lib/test/auto/functionsOnArcs.xml
----------------- Instantiating /home/travis/build/icyphy/ptII/ptolemy/actor/lib/test/auto/functionsOnArcs.xml
6 ms. Memory: 470016K Free: 314064K (67%)
----------------- Invoking toplevel() on ptolemy.moml.MoMLSimpleApplication@1eb09ebf
----------------- Done invoking toplevel() on ptolemy.moml.MoMLSimpleApplication@1eb09ebf
reloadAllAccessors: .functionsOnArcs

===========================================================================================
----------------- testing Sun Jul 07 04:52:22 UTC 2019 /home/travis/build/icyphy/ptII/ptolemy/actor/lib/test/auto/functionsOnArcsHOF.xml
----------------- Instantiating /home/travis/build/icyphy/ptII/ptolemy/actor/lib/test/auto/functionsOnArcsHOF.xml
4 ms. Memory: 470016K Free: 308430K (66%)
----------------- Invoking toplevel() on ptolemy.moml.MoMLSimpleApplication@4dd69349
----------------- Done invoking toplevel() on ptolemy.moml.MoMLSimpleApplication@4dd69349
reloadAllAccessors: .functionsOnArcsHOF

===========================================================================================
----------------- testing Sun Jul 07 04:52:22 UTC 2019 /home/travis/build/icyphy/ptII/ptolemy/actor/lib/test/auto/logic.xml
----------------- Instantiating /home/travis/build/icyphy/ptII/ptolemy/actor/lib/test/auto/logic.xml
2 ms. Memory: 470016K Free: 300752K (64%)
----------------- Invoking toplevel() on ptolemy.moml.MoMLSimpleApplication@4ea502d4
----------------- Done invoking toplevel() on ptolemy.moml.MoMLSimpleApplication@4ea502d4
reloadAllAccessors: .logic

===========================================================================================
----------------- testing Sun Jul 07 04:52:22 UTC 2019 /home/travis/build/icyphy/ptII/ptolemy/actor/lib/test/auto/matrixType.xml
----------------- Instantiating /home/travis/build/icyphy/ptII/ptolemy/actor/lib/test/auto/matrixType.xml
2 ms. Memory: 470016K Free: 296142K (63%)
----------------- Invoking toplevel() on ptolemy.moml.MoMLSimpleApplication@71557ef1
----------------- Done invoking toplevel() on ptolemy.moml.MoMLSimpleApplication@71557ef1
reloadAllAccessors: .matrixType

===========================================================================================
----------------- testing Sun Jul 07 04:52:22 UTC 2019 /home/travis/build/icyphy/ptII/ptolemy/actor/lib/test/auto/matrixType10.xml
----------------- Instantiating /home/travis/build/icyphy/ptII/ptolemy/actor/lib/test/auto/matrixType10.xml
1 ms. Memory: 470016K Free: 291022K (62%)
----------------- Invoking toplevel() on ptolemy.moml.MoMLSimpleApplication@13868e67
----------------- Done invoking toplevel() on ptolemy.moml.MoMLSimpleApplication@13868e67
reloadAllAccessors: .matrixType10

===========================================================================================
----------------- testing Sun Jul 07 04:52:22 UTC 2019 /home/travis/build/icyphy/ptII/ptolemy/actor/lib/test/auto/matrixType11.xml
----------------- Instantiating /home/travis/build/icyphy/ptII/ptolemy/actor/lib/test/auto/matrixType11.xml
1 ms. Memory: 470016K Free: 286416K (61%)
----------------- Invoking toplevel() on ptolemy.moml.MoMLSimpleApplication@1fcce21d
----------------- Done invoking toplevel() on ptolemy.moml.MoMLSimpleApplication@1fcce21d
reloadAllAccessors: .matrixType11

===========================================================================================
----------------- testing Sun Jul 07 04:52:22 UTC 2019 /home/travis/build/icyphy/ptII/ptolemy/actor/lib/test/auto/matrixType12.xml
----------------- Instantiating /home/travis/build/icyphy/ptII/ptolemy/actor/lib/test/auto/matrixType12.xml
1 ms. Memory: 470016K Free: 281296K (60%)
----------------- Invoking toplevel() on ptolemy.moml.MoMLSimpleApplication@7df23e3d
----------------- Done invoking toplevel() on ptolemy.moml.MoMLSimpleApplication@7df23e3d
reloadAllAccessors: .matrixType12

===========================================================================================
----------------- testing Sun Jul 07 04:52:22 UTC 2019 /home/travis/build/icyphy/ptII/ptolemy/actor/lib/test/auto/matrixType13.xml
----------------- Instantiating /home/travis/build/icyphy/ptII/ptolemy/actor/lib/test/auto/matrixType13.xml
1 ms. Memory: 470016K Free: 276686K (59%)
----------------- Invoking toplevel() on ptolemy.moml.MoMLSimpleApplication@16a709b5
----------------- Done invoking toplevel() on ptolemy.moml.MoMLSimpleApplication@16a709b5
reloadAllAccessors: .matrixType13

===========================================================================================
----------------- testing Sun Jul 07 04:52:22 UTC 2019 /home/travis/build/icyphy/ptII/ptolemy/actor/lib/test/auto/matrixType14.xml
----------------- Instantiating /home/travis/build/icyphy/ptII/ptolemy/actor/lib/test/auto/matrixType14.xml
2 ms. Memory: 470016K Free: 271566K (58%)
----------------- Invoking toplevel() on ptolemy.moml.MoMLSimpleApplication@39ed3494
----------------- Done invoking toplevel() on ptolemy.moml.MoMLSimpleApplication@39ed3494
reloadAllAccessors: .matrixType14

===========================================================================================
----------------- testing Sun Jul 07 04:52:22 UTC 2019 /home/travis/build/icyphy/ptII/ptolemy/actor/lib/test/auto/matrixType2.xml
----------------- Instantiating /home/travis/build/icyphy/ptII/ptolemy/actor/lib/test/auto/matrixType2.xml
2 ms. Memory: 470016K Free: 266446K (57%)
----------------- Invoking toplevel() on ptolemy.moml.MoMLSimpleApplication@1c0517e1
----------------- Done invoking toplevel() on ptolemy.moml.MoMLSimpleApplication@1c0517e1
reloadAllAccessors: .matrixType2

===========================================================================================
----------------- testing Sun Jul 07 04:52:23 UTC 2019 /home/travis/build/icyphy/ptII/ptolemy/actor/lib/test/auto/matrixType3.xml
----------------- Instantiating /home/travis/build/icyphy/ptII/ptolemy/actor/lib/test/auto/matrixType3.xml
1 ms. Memory: 470016K Free: 261326K (56%)
----------------- Invoking toplevel() on ptolemy.moml.MoMLSimpleApplication@2e65973d
----------------- Done invoking toplevel() on ptolemy.moml.MoMLSimpleApplication@2e65973d
reloadAllAccessors: .matrixType3

===========================================================================================
----------------- testing Sun Jul 07 04:52:23 UTC 2019 /home/travis/build/icyphy/ptII/ptolemy/actor/lib/test/auto/matrixType4.xml
----------------- Instantiating /home/travis/build/icyphy/ptII/ptolemy/actor/lib/test/auto/matrixType4.xml
1 ms. Memory: 470016K Free: 256720K (55%)
----------------- Invoking toplevel() on ptolemy.moml.MoMLSimpleApplication@38168f45
----------------- Done invoking toplevel() on ptolemy.moml.MoMLSimpleApplication@38168f45
reloadAllAccessors: .matrixType4

===========================================================================================
----------------- testing Sun Jul 07 04:52:23 UTC 2019 /home/travis/build/icyphy/ptII/ptolemy/actor/lib/test/auto/matrixType5.xml
----------------- Instantiating /home/travis/build/icyphy/ptII/ptolemy/actor/lib/test/auto/matrixType5.xml
1 ms. Memory: 470016K Free: 251600K (54%)
----------------- Invoking toplevel() on ptolemy.moml.MoMLSimpleApplication@6b797faa
----------------- Done invoking toplevel() on ptolemy.moml.MoMLSimpleApplication@6b797faa
reloadAllAccessors: .matrixType5

===========================================================================================
----------------- testing Sun Jul 07 04:52:23 UTC 2019 /home/travis/build/icyphy/ptII/ptolemy/actor/lib/test/auto/matrixType6.xml
----------------- Instantiating /home/travis/build/icyphy/ptII/ptolemy/actor/lib/test/auto/matrixType6.xml
2 ms. Memory: 470016K Free: 246990K (53%)
----------------- Invoking toplevel() on ptolemy.moml.MoMLSimpleApplication@41d5daee
----------------- Done invoking toplevel() on ptolemy.moml.MoMLSimpleApplication@41d5daee
reloadAllAccessors: .matrixType6

===========================================================================================
----------------- testing Sun Jul 07 04:52:23 UTC 2019 /home/travis/build/icyphy/ptII/ptolemy/actor/lib/test/auto/matrixType7.xml
----------------- Instantiating /home/travis/build/icyphy/ptII/ptolemy/actor/lib/test/auto/matrixType7.xml
1 ms. Memory: 470016K Free: 241870K (51%)
----------------- Invoking toplevel() on ptolemy.moml.MoMLSimpleApplication@95c53a3
----------------- Done invoking toplevel() on ptolemy.moml.MoMLSimpleApplication@95c53a3
reloadAllAccessors: .matrixType7

===========================================================================================
----------------- testing Sun Jul 07 04:52:23 UTC 2019 /home/travis/build/icyphy/ptII/ptolemy/actor/lib/test/auto/matrixType8.xml
----------------- Instantiating /home/travis/build/icyphy/ptII/ptolemy/actor/lib/test/auto/matrixType8.xml
1 ms. Memory: 470016K Free: 237262K (50%)
----------------- Invoking toplevel() on ptolemy.moml.MoMLSimpleApplication@10e0845e
----------------- Done invoking toplevel() on ptolemy.moml.MoMLSimpleApplication@10e0845e
reloadAllAccessors: .matrixType8

===========================================================================================
----------------- testing Sun Jul 07 04:52:23 UTC 2019 /home/travis/build/icyphy/ptII/ptolemy/actor/lib/test/auto/matrixType9.xml
----------------- Instantiating /home/travis/build/icyphy/ptII/ptolemy/actor/lib/test/auto/matrixType9.xml
1 ms. Memory: 470016K Free: 231630K (49%)
----------------- Invoking toplevel() on ptolemy.moml.MoMLSimpleApplication@3f4bfafa
----------------- Done invoking toplevel() on ptolemy.moml.MoMLSimpleApplication@3f4bfafa
reloadAllAccessors: .matrixType9

===========================================================================================
----------------- testing Sun Jul 07 04:52:23 UTC 2019 /home/travis/build/icyphy/ptII/ptolemy/actor/lib/test/auto/paraFunctest.xml
----------------- Instantiating /home/travis/build/icyphy/ptII/ptolemy/actor/lib/test/auto/paraFunctest.xml
1 ms. Memory: 470016K Free: 228048K (49%)
----------------- Invoking toplevel() on ptolemy.moml.MoMLSimpleApplication@62ce088f
----------------- Done invoking toplevel() on ptolemy.moml.MoMLSimpleApplication@62ce088f
reloadAllAccessors: .paraFunctest

===========================================================================================
----------------- testing Sun Jul 07 04:52:23 UTC 2019 /home/travis/build/icyphy/ptII/ptolemy/actor/lib/test/auto/paraFunctest2.xml
----------------- Instantiating /home/travis/build/icyphy/ptII/ptolemy/actor/lib/test/auto/paraFunctest2.xml
2 ms. Memory: 470016K Free: 223438K (48%)
----------------- Invoking toplevel() on ptolemy.moml.MoMLSimpleApplication@29cf53ba
----------------- Done invoking toplevel() on ptolemy.moml.MoMLSimpleApplication@29cf53ba
reloadAllAccessors: .paraFunctest2

===========================================================================================
----------------- testing Sun Jul 07 04:52:23 UTC 2019 /home/travis/build/icyphy/ptII/ptolemy/actor/lib/test/auto/parameterPassing.xml
----------------- Instantiating /home/travis/build/icyphy/ptII/ptolemy/actor/lib/test/auto/parameterPassing.xml
1 ms. Memory: 470016K Free: 219342K (47%)
----------------- Invoking toplevel() on ptolemy.moml.MoMLSimpleApplication@47466a60
----------------- Done invoking toplevel() on ptolemy.moml.MoMLSimpleApplication@47466a60
reloadAllAccessors: .parameterPassing

===========================================================================================
----------------- testing Sun Jul 07 04:52:23 UTC 2019 /home/travis/build/icyphy/ptII/ptolemy/actor/lib/test/auto/record.xml
----------------- Instantiating /home/travis/build/icyphy/ptII/ptolemy/actor/lib/test/auto/record.xml
2 ms. Memory: 470016K Free: 214222K (46%)
----------------- Invoking toplevel() on ptolemy.moml.MoMLSimpleApplication@3ffa8e11
----------------- Done invoking toplevel() on ptolemy.moml.MoMLSimpleApplication@3ffa8e11
reloadAllAccessors: .record

===========================================================================================
----------------- testing Sun Jul 07 04:52:23 UTC 2019 /home/travis/build/icyphy/ptII/ptolemy/actor/lib/test/auto/sizedarray1.xml
----------------- Instantiating /home/travis/build/icyphy/ptII/ptolemy/actor/lib/test/auto/sizedarray1.xml
2 ms. Memory: 470016K Free: 209102K (44%)
----------------- Invoking toplevel() on ptolemy.moml.MoMLSimpleApplication@7f650b0a
----------------- Done invoking toplevel() on ptolemy.moml.MoMLSimpleApplication@7f650b0a
reloadAllAccessors: .sizedarray1

===========================================================================================
----------------- testing Sun Jul 07 04:52:23 UTC 2019 /home/travis/build/icyphy/ptII/ptolemy/actor/lib/test/auto/sizedarray2.xml
----------------- Instantiating /home/travis/build/icyphy/ptII/ptolemy/actor/lib/test/auto/sizedarray2.xml
2 ms. Memory: 470016K Free: 203472K (43%)
----------------- Invoking toplevel() on ptolemy.moml.MoMLSimpleApplication@14b44abd
----------------- Done invoking toplevel() on ptolemy.moml.MoMLSimpleApplication@14b44abd
reloadAllAccessors: .sizedarray2

===========================================================================================
----------------- testing Sun Jul 07 04:52:23 UTC 2019 /home/travis/build/icyphy/ptII/ptolemy/actor/lib/test/auto/twoPublishers.xml
----------------- Instantiating /home/travis/build/icyphy/ptII/ptolemy/actor/lib/test/auto/twoPublishers.xml
3 ms. Memory: 470016K Free: 192711K (41%)
----------------- Invoking toplevel() on ptolemy.moml.MoMLSimpleApplication@39679525
----------------- Done invoking toplevel() on ptolemy.moml.MoMLSimpleApplication@39679525
reloadAllAccessors: .twoPublishers
AutoTests.java: About to close Vertx.
AutoTests.java: Vertx closed.
]]></system-out>
  <system-err><![CDATA[java.lang.RuntimeException: Execution failed
	at ptolemy.moml.MoMLSimpleApplication$UnloadThread.run(MoMLSimpleApplication.java:402)
Caused by: java.lang.RuntimeException: StringUtilities.exit() was called. Normally, we would exit here because Manager.exitAfterWrapup() was called.  However, because the ptolemy.ptII.exitAfterWrapup property is set, we throw this exception instead.
	at ptolemy.util.StringUtilities.exit(StringUtilities.java:363)
	at ptolemy.actor.Manager.wrapup(Manager.java:1531)
	at ptolemy.actor.Manager.execute(Manager.java:407)
	at ptolemy.actor.Manager.run(Manager.java:1263)
	at ptolemy.actor.Manager$PtolemyRunThread.run(Manager.java:1915)
Warning: '.top.test' is in training mode, set the trainingMode parameter to false before checking in
Warning: '.top.test' is in training mode, set the trainingMode parameter to false before checking in
Warning: '.top.test' is in training mode, set the trainingMode parameter to false before checking in
Warning: '.BooleanSwitch_RegressionTest_WrongTrainingValues.Test' is in training mode, set the trainingMode parameter to false before checking in
Warning: '.BooleanSwitch_RegressionTest_WrongTrainingValues.Test2' is in training mode, set the trainingMode parameter to false before checking in
Warning: '.BooleanSwitch_RegressionTest_WrongTrainingValues.Test2' The test produced 0 tokens.
Warning: '.top.testExceptionHandler' is in training mode, set the trainingMode parameter to false before checking in
java.lang.RuntimeException: Execution failed
	at ptolemy.moml.MoMLSimpleApplication$UnloadThread.run(MoMLSimpleApplication.java:402)
Caused by: ptolemy.kernel.util.IllegalActionException: PublisherPorts cannot be used at the top level, use a Publisher actor instead.
  in .PublisherPortToplevelSubscriber.PublisherPort
	at ptolemy.actor.PublisherPort.preinitialize(PublisherPort.java:403)
	at ptolemy.actor.CompositeActor.preinitialize(CompositeActor.java:1769)
	at ptolemy.actor.Manager.preinitializeAndResolveTypes(Manager.java:1040)
	at ptolemy.actor.Manager.initialize(Manager.java:710)
	at ptolemy.actor.Manager.execute(Manager.java:356)
	at ptolemy.actor.Manager.run(Manager.java:1263)
	at ptolemy.actor.Manager$PtolemyRunThread.run(Manager.java:1915)
java.lang.reflect.InvocationTargetException
	at java.base/jdk.internal.reflect.NativeConstructorAccessorImpl.newInstance0(Native Method)
	at java.base/jdk.internal.reflect.NativeConstructorAccessorImpl.newInstance(NativeConstructorAccessorImpl.java:62)
	at java.base/jdk.internal.reflect.DelegatingConstructorAccessorImpl.newInstance(DelegatingConstructorAccessorImpl.java:45)
	at java.base/java.lang.reflect.Constructor.newInstance(Constructor.java:490)
	at ptolemy.util.test.junit.AutoKnownFailedTests.RunModel(AutoKnownFailedTests.java:105)
	at java.base/jdk.internal.reflect.NativeMethodAccessorImpl.invoke0(Native Method)
	at java.base/jdk.internal.reflect.NativeMethodAccessorImpl.invoke(NativeMethodAccessorImpl.java:62)
	at java.base/jdk.internal.reflect.DelegatingMethodAccessorImpl.invoke(DelegatingMethodAccessorImpl.java:43)
	at java.base/java.lang.reflect.Method.invoke(Method.java:566)
	at org.junit.runners.model.FrameworkMethod$1.runReflectiveCall(FrameworkMethod.java:44)
	at org.junit.internal.runners.model.ReflectiveCallable.run(ReflectiveCallable.java:15)
	at org.junit.runners.model.FrameworkMethod.invokeExplosively(FrameworkMethod.java:41)
	at junitparams.internal.InvokeParameterisedMethod.evaluate(InvokeParameterisedMethod.java:102)
	at org.junit.internal.runners.statements.FailOnTimeout$1.run(FailOnTimeout.java:28)
Caused by: ptolemy.kernel.util.IllegalActionException: PublisherPorts cannot be used at the top level, use a Publisher actor instead.
  in .PublisherPortToplevelSubscriber.PublisherPort
	at ptolemy.actor.PublisherPort.preinitialize(PublisherPort.java:403)
	at ptolemy.actor.CompositeActor.preinitialize(CompositeActor.java:1769)
	at ptolemy.actor.Manager.preinitializeAndResolveTypes(Manager.java:1040)
	at ptolemy.actor.Manager.initialize(Manager.java:710)
	at ptolemy.actor.Manager.execute(Manager.java:356)
	at ptolemy.actor.Manager.run(Manager.java:1263)
	at ptolemy.actor.Manager$PtolemyRunThread.run(Manager.java:1915)
java.lang.RuntimeException: Execution failed
	at ptolemy.moml.MoMLSimpleApplication$UnloadThread.run(MoMLSimpleApplication.java:402)
Caused by: ptolemy.kernel.util.IllegalActionException: SubscriberPorts cannot be used at the top level, use a Subscriber actor instead.
  in .PublisherSubscriberPortToplevel.SubscriberPort
	at ptolemy.actor.SubscriberPort.preinitialize(SubscriberPort.java:328)
	at ptolemy.actor.CompositeActor.preinitialize(CompositeActor.java:1769)
	at ptolemy.actor.Manager.preinitializeAndResolveTypes(Manager.java:1040)
	at ptolemy.actor.Manager.initialize(Manager.java:710)
	at ptolemy.actor.Manager.execute(Manager.java:356)
	at ptolemy.actor.Manager.run(Manager.java:1263)
	at ptolemy.actor.Manager$PtolemyRunThread.run(Manager.java:1915)
java.lang.reflect.InvocationTargetException
	at java.base/jdk.internal.reflect.NativeConstructorAccessorImpl.newInstance0(Native Method)
	at java.base/jdk.internal.reflect.NativeConstructorAccessorImpl.newInstance(NativeConstructorAccessorImpl.java:62)
	at java.base/jdk.internal.reflect.DelegatingConstructorAccessorImpl.newInstance(DelegatingConstructorAccessorImpl.java:45)
	at java.base/java.lang.reflect.Constructor.newInstance(Constructor.java:490)
	at ptolemy.util.test.junit.AutoKnownFailedTests.RunModel(AutoKnownFailedTests.java:105)
	at java.base/jdk.internal.reflect.NativeMethodAccessorImpl.invoke0(Native Method)
	at java.base/jdk.internal.reflect.NativeMethodAccessorImpl.invoke(NativeMethodAccessorImpl.java:62)
	at java.base/jdk.internal.reflect.DelegatingMethodAccessorImpl.invoke(DelegatingMethodAccessorImpl.java:43)
	at java.base/java.lang.reflect.Method.invoke(Method.java:566)
	at org.junit.runners.model.FrameworkMethod$1.runReflectiveCall(FrameworkMethod.java:44)
	at org.junit.internal.runners.model.ReflectiveCallable.run(ReflectiveCallable.java:15)
	at org.junit.runners.model.FrameworkMethod.invokeExplosively(FrameworkMethod.java:41)
	at junitparams.internal.InvokeParameterisedMethod.evaluate(InvokeParameterisedMethod.java:102)
	at org.junit.internal.runners.statements.FailOnTimeout$1.run(FailOnTimeout.java:28)
Caused by: ptolemy.kernel.util.IllegalActionException: SubscriberPorts cannot be used at the top level, use a Subscriber actor instead.
  in .PublisherSubscriberPortToplevel.SubscriberPort
	at ptolemy.actor.SubscriberPort.preinitialize(SubscriberPort.java:328)
	at ptolemy.actor.CompositeActor.preinitialize(CompositeActor.java:1769)
	at ptolemy.actor.Manager.preinitializeAndResolveTypes(Manager.java:1040)
	at ptolemy.actor.Manager.initialize(Manager.java:710)
	at ptolemy.actor.Manager.execute(Manager.java:356)
	at ptolemy.actor.Manager.run(Manager.java:1263)
	at ptolemy.actor.Manager$PtolemyRunThread.run(Manager.java:1915)
java.lang.RuntimeException: Execution failed
	at ptolemy.moml.MoMLSimpleApplication$UnloadThread.run(MoMLSimpleApplication.java:402)
Caused by: ptolemy.kernel.util.IllegalActionException: SubscriptionAggregatorPorts cannot be used at the top level, use a SubscriptionAggregator actor instead.
  in .PublisherSubscriptionAggregatorPort.SubscriptionAggregatorPort
	at ptolemy.actor.SubscriptionAggregatorPort.preinitialize(SubscriptionAggregatorPort.java:353)
	at ptolemy.actor.CompositeActor.preinitialize(CompositeActor.java:1769)
	at ptolemy.actor.Manager.preinitializeAndResolveTypes(Manager.java:1040)
	at ptolemy.actor.Manager.initialize(Manager.java:710)
	at ptolemy.actor.Manager.execute(Manager.java:356)
	at ptolemy.actor.Manager.run(Manager.java:1263)
	at ptolemy.actor.Manager$PtolemyRunThread.run(Manager.java:1915)
java.lang.reflect.InvocationTargetException
	at java.base/jdk.internal.reflect.NativeConstructorAccessorImpl.newInstance0(Native Method)
	at java.base/jdk.internal.reflect.NativeConstructorAccessorImpl.newInstance(NativeConstructorAccessorImpl.java:62)
	at java.base/jdk.internal.reflect.DelegatingConstructorAccessorImpl.newInstance(DelegatingConstructorAccessorImpl.java:45)
	at java.base/java.lang.reflect.Constructor.newInstance(Constructor.java:490)
	at ptolemy.util.test.junit.AutoKnownFailedTests.RunModel(AutoKnownFailedTests.java:105)
	at java.base/jdk.internal.reflect.NativeMethodAccessorImpl.invoke0(Native Method)
	at java.base/jdk.internal.reflect.NativeMethodAccessorImpl.invoke(NativeMethodAccessorImpl.java:62)
	at java.base/jdk.internal.reflect.DelegatingMethodAccessorImpl.invoke(DelegatingMethodAccessorImpl.java:43)
	at java.base/java.lang.reflect.Method.invoke(Method.java:566)
	at org.junit.runners.model.FrameworkMethod$1.runReflectiveCall(FrameworkMethod.java:44)
	at org.junit.internal.runners.model.ReflectiveCallable.run(ReflectiveCallable.java:15)
	at org.junit.runners.model.FrameworkMethod.invokeExplosively(FrameworkMethod.java:41)
	at junitparams.internal.InvokeParameterisedMethod.evaluate(InvokeParameterisedMethod.java:102)
	at org.junit.internal.runners.statements.FailOnTimeout$1.run(FailOnTimeout.java:28)
Caused by: ptolemy.kernel.util.IllegalActionException: SubscriptionAggregatorPorts cannot be used at the top level, use a SubscriptionAggregator actor instead.
  in .PublisherSubscriptionAggregatorPort.SubscriptionAggregatorPort
	at ptolemy.actor.SubscriptionAggregatorPort.preinitialize(SubscriptionAggregatorPort.java:353)
	at ptolemy.actor.CompositeActor.preinitialize(CompositeActor.java:1769)
	at ptolemy.actor.Manager.preinitializeAndResolveTypes(Manager.java:1040)
	at ptolemy.actor.Manager.initialize(Manager.java:710)
	at ptolemy.actor.Manager.execute(Manager.java:356)
	at ptolemy.actor.Manager.run(Manager.java:1263)
	at ptolemy.actor.Manager$PtolemyRunThread.run(Manager.java:1915)
java.lang.RuntimeException: Execution failed
	at ptolemy.moml.MoMLSimpleApplication$UnloadThread.run(MoMLSimpleApplication.java:402)
Caused by: ptolemy.kernel.util.IllegalActionException: TypeTest actor has no training data.
  in .sizedarray3.TypeTest
	at ptolemy.actor.lib.TypeTest.initialize(TypeTest.java:250)
	at ptolemy.actor.Director.initialize(Director.java:938)
	at ptolemy.actor.Director.initialize(Director.java:907)
	at ptolemy.actor.sched.StaticSchedulingDirector.initialize(StaticSchedulingDirector.java:159)
	at ptolemy.domains.sdf.kernel.SDFDirector.initialize(SDFDirector.java:544)
	at ptolemy.actor.CompositeActor.initialize(CompositeActor.java:935)
	at ptolemy.actor.Manager.initialize(Manager.java:724)
	at ptolemy.actor.Manager.execute(Manager.java:356)
	at ptolemy.actor.Manager.run(Manager.java:1263)
	at ptolemy.actor.Manager$PtolemyRunThread.run(Manager.java:1915)
java.lang.reflect.InvocationTargetException
	at java.base/jdk.internal.reflect.NativeConstructorAccessorImpl.newInstance0(Native Method)
	at java.base/jdk.internal.reflect.NativeConstructorAccessorImpl.newInstance(NativeConstructorAccessorImpl.java:62)
	at java.base/jdk.internal.reflect.DelegatingConstructorAccessorImpl.newInstance(DelegatingConstructorAccessorImpl.java:45)
	at java.base/java.lang.reflect.Constructor.newInstance(Constructor.java:490)
	at ptolemy.util.test.junit.AutoKnownFailedTests.RunModel(AutoKnownFailedTests.java:105)
	at java.base/jdk.internal.reflect.NativeMethodAccessorImpl.invoke0(Native Method)
	at java.base/jdk.internal.reflect.NativeMethodAccessorImpl.invoke(NativeMethodAccessorImpl.java:62)
	at java.base/jdk.internal.reflect.DelegatingMethodAccessorImpl.invoke(DelegatingMethodAccessorImpl.java:43)
	at java.base/java.lang.reflect.Method.invoke(Method.java:566)
	at org.junit.runners.model.FrameworkMethod$1.runReflectiveCall(FrameworkMethod.java:44)
	at org.junit.internal.runners.model.ReflectiveCallable.run(ReflectiveCallable.java:15)
	at org.junit.runners.model.FrameworkMethod.invokeExplosively(FrameworkMethod.java:41)
	at junitparams.internal.InvokeParameterisedMethod.evaluate(InvokeParameterisedMethod.java:102)
	at org.junit.internal.runners.statements.FailOnTimeout$1.run(FailOnTimeout.java:28)
Caused by: ptolemy.kernel.util.IllegalActionException: TypeTest actor has no training data.
  in .sizedarray3.TypeTest
	at ptolemy.actor.lib.TypeTest.initialize(TypeTest.java:250)
	at ptolemy.actor.Director.initialize(Director.java:938)
	at ptolemy.actor.Director.initialize(Director.java:907)
	at ptolemy.actor.sched.StaticSchedulingDirector.initialize(StaticSchedulingDirector.java:159)
	at ptolemy.domains.sdf.kernel.SDFDirector.initialize(SDFDirector.java:544)
	at ptolemy.actor.CompositeActor.initialize(CompositeActor.java:935)
	at ptolemy.actor.Manager.initialize(Manager.java:724)
	at ptolemy.actor.Manager.execute(Manager.java:356)
	at ptolemy.actor.Manager.run(Manager.java:1263)
	at ptolemy.actor.Manager$PtolemyRunThread.run(Manager.java:1915)
java.lang.RuntimeException: Execution failed
	at ptolemy.moml.MoMLSimpleApplication$UnloadThread.run(MoMLSimpleApplication.java:402)
Caused by: ptolemy.kernel.util.IllegalActionException: Test fails in iteration 0.
Value was: "WARNING: An illegal reflective access operation has occurred\nWARNING: Illegal reflective access by io.netty.util.internal.ReflectionUtil (file:/home/travis/build/icyphy/ptII/lib/netty-common-4.1.19.Final.jar) to constructor java.nio.DirectByteBuffer(long,int)\nWARNING: Please consider reporting this to the maintainers of io.netty.util.internal.ReflectionUtil\nWARNING: Use --illegal-access=warn to enable warnings of further illegal reflective access operations\nWARNING: All illegal access operations will be denied in a future release\n". Should have been: ""
  in .ExecRunDemos.Test
	at ptolemy.actor.lib.Test.fire(Test.java:268)
	at ptolemy.actor.AtomicActor.iterate(AtomicActor.java:512)
	at ptolemy.actor.sched.StaticSchedulingDirector.fire(StaticSchedulingDirector.java:216)
	at ptolemy.domains.sdf.kernel.SDFDirector.fire(SDFDirector.java:500)
	at ptolemy.actor.CompositeActor.fire(CompositeActor.java:455)
	at ptolemy.actor.Manager.iterate(Manager.java:851)
	at ptolemy.actor.Manager.execute(Manager.java:369)
	at ptolemy.actor.Manager.run(Manager.java:1263)
	at ptolemy.actor.Manager$PtolemyRunThread.run(Manager.java:1915)
]]></system-err>
</testsuite>
