<?xml version="1.0" encoding="UTF-8" ?>
<testsuite errors="0" failures="0" hostname="travis-job-9b6a1059-6f0c-4e5e-824c-67abc7a35f8d" name="ptolemy.domains.de.test.junit.JUnitTclTest" skipped="0" tests="101" time="128.099" timestamp="2018-10-20T02:35:00">
  <properties>
    <property name="npm.executable" value="npm" />
    <property name="file.encoding.pkg" value="sun.io" />
    <property name="env.TRAVIS_ROOT" value="/" />
    <property name="ptII.mk.exists" value="true" />
    <property name="env.TRAVIS_APP_HOST" value="build.travis-ci.org" />
    <property name="env.rvm_bin_path" value="/home/travis/.rvm/bin" />
    <property name="java.home" value="/usr/lib/jvm/java-8-oracle/jre" />
    <property name="env.TRAVIS_JOB_NUMBER" value="788.9" />
    <property name="env.TRAVIS_HOME" value="/home/travis" />
    <property name="env.DISPLAY" value=":99.0" />
    <property name="java.net.preferIPv4Stack" value="true" />
    <property name="env.TRAVIS_INIT" value="upstart" />
    <property name="env.SSH_TTY" value="/dev/pts/0" />
    <property name="env.RUN_TESTS" value="false" />
    <property name="timeout.short" value="1000000" />
    <property name="env.TRAVIS_STACK_NODE_ATTRIBUTES" value="/.node-attributes.yml" />
    <property name="junit.formatter" value="xml" />
    <property name="java.endorsed.dirs" value="/usr/lib/jvm/java-8-oracle/jre/lib/endorsed" />
    <property name="env.TRAVIS_SUDO" value="true" />
    <property name="env.LOGNAME" value="travis" />
    <property name="jsdoc.home" value="node_modules/@terraswarm/jsdoc" />
    <property name="debuglevel" value="source,lines,vars" />
    <property name="checkstyle.formatter" value="xml" />
    <property name="bin.vergil.makeable" value="true" />
    <property name="env._system_version" value="14.04" />
    <property name="sun.os.patch.level" value="unknown" />
    <property name="java.vendor.url" value="http://java.oracle.com/" />
    <property name="env.TRAVIS_BUILD_WEB_URL" value="https://travis-ci.org/icyphy/ptII/builds/443960203" />
    <property name="java.version" value="1.8.0_151" />
    <property name="env.TZ" value="UTC" />
    <property name="env.PT_NO_NET" value="true" />
    <property name="env.TRAVIS_PULL_REQUEST_SHA" value="" />
    <property name="env.TRAVIS_SECURE_ENV_VARS" value="true" />
    <property name="env._system_type" value="Linux" />
    <property name="java.vendor.url.bug" value="http://bugreport.sun.com/bugreport/" />
    <property name="env.SSH_CLIENT" value="10.10.4.65 57446 22" />
    <property name="npmjs-org-is-up" value="true" />
    <property name="env.GEM_HOME" value="/home/travis/.rvm/gems/ruby-2.4.1" />
    <property name="env.HAS_ANTARES_THREE_LITTLE_FRONZIES_BADGE" value="true" />
    <property name="env.PS4" value="+" />
    <property name="ant.project.invoked-targets" value="build,test.core2.xml" />
    <property name="env.TRAVIS_PULL_REQUEST_BRANCH" value="" />
    <property name="env.TRAVIS_REPO_SLUG" value="icyphy/ptII" />
    <property name="node.in.path" value="true" />
    <property name="java.maxmemory" value="1400m" />
    <property name="env.RUBY_VERSION" value="ruby-2.4.1" />
    <property name="user.name" value="travis" />
    <property name="env.LANG" value="en_US.UTF-8" />
    <property name="sun.io.unicode.encoding" value="UnicodeLittle" />
    <property name="sun.jnu.encoding" value="UTF-8" />
    <property name="java.runtime.name" value="Java(TM) SE Runtime Environment" />
    <property name="usefile" value="false" />
    <property name="return.code" value="0" />
    <property name="junit.single.formatter" value="plain" />
    <property name="env.DEBIAN_FRONTEND" value="noninteractive" />
    <property name="env.SSH_CONNECTION" value="10.10.4.65 57446 10.20.0.235 22" />
    <property name="env.MYSQL_UNIX_PORT" value="/var/run/mysqld/mysqld.sock" />
    <property name="env.TRAVIS_ALLOW_FAILURE" value="false" />
    <property name="env.LC_ALL" value="en_US.UTF-8" />
    <property name="env.TRAVIS_JOB_WEB_URL" value="https://travis-ci.org/icyphy/ptII/jobs/443960212" />
    <property name="java.specification.name" value="Java Platform API Specification" />
    <property name="node.works" value="true" />
    <property name="user.timezone" value="" />
    <property name="path.separator" value=":" />
    <property name="env.TRAVIS_ENABLE_INFRA_DETECTION" value="true" />
    <property name="env.PYTHON_CFLAGS" value="-g -fstack-protector --param=ssp-buffer-size=4 -Wformat -Werror=format-security" />
    <property name="timeout.long" value="4000000" />
    <property name="file.encoding" value="UTF-8" />
    <property name="ant.file.ptII" value="/home/travis/build/icyphy/ptII/build.xml" />
    <property name="javadoc.packagenames" value="com.*,diva.*,lbnl.*,org.hlacerti.*,org.json.*,org.ptolemy.*,org.terraswarm.*,ptolemy.*,ptserver.*" />
    <property name="env.TRAVIS_PULL_REQUEST_SLUG" value="" />
    <property name="ant.project.default-target" value="build" />
    <property name="env.GIT_ASKPASS" value="echo" />
    <property name="env.HOME" value="/home/travis" />
    <property name="sun.java.command" value="org.apache.tools.ant.taskdefs.optional.junit.JUnitTestRunner ptolemy.domains.de.test.junit.JUnitTclTest skipNonTests=false filtertrace=true haltOnError=false haltOnFailure=false formatter=org.apache.tools.ant.taskdefs.optional.junit.OutErrSummaryJUnitResultFormatter showoutput=true outputtoformatters=true logfailedtests=true threadid=0 logtestlistenerevents=false formatter=org.apache.tools.ant.taskdefs.optional.junit.XMLJUnitResultFormatter,/home/travis/build/icyphy/ptII/reports/junit/TEST-ptolemy.domains.de.test.junit.JUnitTclTest.xml crashfile=/home/travis/build/icyphy/ptII/junitvmwatcher7012241129386243679.properties propsfile=/home/travis/build/icyphy/ptII/junit4742971419143891688.properties" />
    <property name="env.MANPATH" value="/home/travis/.nvm/versions/node/v7.10.1/share/man:/home/travis/.kiex/elixirs/elixir-1.4.5/man:/home/travis/.rvm/rubies/ruby-2.4.1/share/man:/usr/local/man:/usr/local/cmake-3.9.2/man:/usr/local/clang-5.0.0/share/man:/usr/local/share/man:/usr/share/man:/home/travis/.rvm/man" />
    <property name="env.COMPOSER_NO_INTERACTION" value="1" />
    <property name="env.JDK_SWITCHER_DEFAULT" value="oraclejdk8" />
    <property name="env.TRAVIS_TIMER_ID" value="315388a8" />
    <property name="ant.file" value="/home/travis/build/icyphy/ptII/build.xml" />
    <property name="env.TRAVIS_COMMIT_RANGE" value="0a9b2d32738206eb13f0784aef7465826d80081a...b3684f00e584dda0cd52740aa065011f103367cd" />
    <property name="env._system_name" value="Ubuntu" />
    <property name="timeout" value="2400000" />
    <property name="ptII.classpath.optional.property" value="/home/travis/build/icyphy/ptII/lib/bsh-2.0b4.jar:/home/travis/build/icyphy/ptII/lib/ptCal.jar:/home/travis/build/icyphy/ptII/lib/java_cup.jar:/home/travis/build/icyphy/ptII/lib/saxon8.jar:/home/travis/build/icyphy/ptII/lib/saxon8-dom.jar:/home/travis/build/icyphy/ptII/lib/chic.jar:/home/travis/build/icyphy/ptII/lib/ptcolt.jar:/usr/lib/jvm/java-8-oracle/lib/tools.jar:/usr/lib/eclipse/plugins/org.eclipse.jdt.core_3.8.2.dist.jar:/usr/lib/eclipse/plugins/org.eclipse.core.runtime_3.8.0.dist.jar:/usr/lib/eclipse/plugins/org.eclipse.osgi_3.8.1.dist.jar:/usr/lib/eclipse/plugins/org.eclipse.core.resources_3.8.1.dist.jar:/usr/lib/eclipse/plugins/org.eclipse.equinox.common_3.6.100.dist.jar:/usr/lib/eclipse/plugins/org.eclipse.core.jobs_3.5.200.dist.jar:/usr/lib/eclipse/plugins/org.eclipse.core.contenttype_3.4.200.dist.jar:/usr/lib/eclipse/plugins/org.eclipse.equinox.preferences_3.5.0.dist.jar:/usr/lib/eclipse/plugins/org.eclipse.text_3.5.200.dist.jar:/usr/lib/eclipse/plugins/org.eclipse.ui.workbench_3.8.1.dist.jar:/usr/lib/eclipse/plugins/org.eclipse.jface_3.8.0.dist.jar:/usr/lib/eclipse/plugins/org.eclipse.swt_3.8.2.jar:/usr/lib/eclipse/plugins/org.eclipse.jface.text_3.8.1.dist.jar:/usr/lib/eclipse/plugins/org.eclipse.ui.workbench.texteditor_3.8.0.dist.jar:/usr/lib/eclipse/plugins/org.eclipse.ui.editors_3.8.0.dist.jar:/usr/lib/eclipse/plugins/org.eclipse.core.commands_3.6.1.dist.jar:/usr/lib/eclipse/plugins/org.eclipse.equinox.registry_3.5.200.dist.jar:/usr/lib/eclipse/plugins/org.eclipse.ui.console_3.5.100.dist.jar:/usr/lib/eclipse/plugins/org.eclipse.ui.forms_3.5.200.dist.jar:/usr/lib/eclipse/plugins/org.eclipse.ui.ide_3.8.1.dist.jar:/home/travis/build/icyphy/ptII/vendors/oracle/dbxml.jar:/home/travis/build/icyphy/ptII/vendors/oracle/db.jar:/home/travis/build/icyphy/ptII/vendors/misc/itext/iText.jar:/home/travis/build/icyphy/ptII/lib/g4ltl.jar:/home/travis/build/icyphy/ptII/lib/StructuralCoder.jar:/home/travis/build/icyphy/ptII/lib/org-openide-util.jar:/home/travis/build/icyphy/ptII/lib/org-openide-util-lookup.jar:/home/travis/build/icyphy/ptII/lib/org-netbeans-api-visual.jar:/home/travis/build/icyphy/ptII/vendors/jai-1_1_2_01/lib/jai_core.jar:/home/travis/build/icyphy/ptII/vendors/jai-1_1_2_01/lib/jai_codec.jar:/home/travis/build/icyphy/ptII/lib/jcerti.jar:/home/travis/build/icyphy/ptII/lib/smack.jar:/home/travis/build/icyphy/ptII/lib/smackx.jar:/home/travis/build/icyphy/ptII/lib/jetty-all-8.1.5-v20120716.jar:/home/travis/build/icyphy/ptII/lib/javax.servlet-api-3.0.1.jar:/home/travis/build/icyphy/ptII/lib/javax.mail.jar:/home/travis/build/icyphy/ptII/vendors/JMF-2.1.1e/lib/jmf.jar:/home/travis/build/icyphy/ptII/lib/jna-4.0.0-variadic.jar:/home/travis/build/icyphy/ptII/vendors/misc/joystick/Joystick.jar:/home/travis/build/icyphy/ptII/lib/ptjacl.jar:/home/travis/build/icyphy/ptII/lib/jsoup-1.8.2.jar:/home/travis/build/icyphy/ptII/lib/junit-4.8.2.jar:/home/travis/build/icyphy/ptII/lib/JUnitParams-0.4.0.jar:/home/travis/build/icyphy/ptII/ptolemy/actor/lib/excel/jxl.jar:/home/travis/build/icyphy/ptII/lib/jython.jar:/home/travis/build/icyphy/ptII/lib/kieler.jar:/home/travis/build/icyphy/ptII/vendors/opencv/share/OpenCV/java/opencv-341.jar:/home/travis/build/icyphy/ptII/lib/oscP5.jar:/home/travis/build/icyphy/ptII/lib/nrjavaserial-3.11.0.devel.jar:/home/travis/build/icyphy/ptII/vendors/j3d/lib/j3dcore.jar:/home/travis/build/icyphy/ptII/vendors/j3d/lib/j3dutils.jar:/home/travis/build/icyphy/ptII/vendors/j3d/lib/vecmath.jar:/home/travis/build/icyphy/ptII/ptolemy/distributed/jini/jar/jini-core.jar:/home/travis/build/icyphy/ptII/ptolemy/distributed/jini/jar/jini-ext.jar:/home/travis/build/icyphy/ptII/ptolemy/distributed/jini/jar/sun-util.jar:/home/travis/build/icyphy/ptII/lib/protobuf-java-2.4.1.jar:/home/travis/build/icyphy/ptII/lib/org.eclipse.paho.client.mqttv3.jar:/home/travis/build/icyphy/ptII/ptserver/lib/hessian-4.0.7.jar:/home/travis/build/icyphy/ptII/ptserver/lib/wmqtt.jar:/home/travis/build/icyphy/ptII/lib/mapss.jar:/home/travis/build/icyphy/ptII/ptolemy/actor/ptalon/antlr/antlr.jar:/home/travis/build/icyphy/ptII/lib/JRI.jar:/home/travis/build/icyphy/ptII/lib/commons-lang-2.6.jar:/home/travis/build/icyphy/ptII/lib/commons-logging-1.1.1.jar:/home/travis/build/icyphy/ptII/lib/sootclasses.jar:/home/travis/build/icyphy/ptII/ptolemy/actor/lib/database/mysql-connector-java-5.1.6-bin.jar:/home/travis/build/icyphy/ptII/vendors/misc/sphinx4/sphinx4-data-5prealpha.jar:/home/travis/build/icyphy/ptII/vendors/misc/sphinx4/sphinx4-core-5prealpha.jar:/home/travis/build/icyphy/ptII/lib/PDFRenderer.jar:/home/travis/build/icyphy/ptII/lib/svgSalamander.jar:/home/travis/build/icyphy/ptII/lib/rsyntaxtextarea-2.6.0-SNAPSHOT.jar:/home/travis/build/icyphy/ptII/lib/hazelcast-3.8.2.jar:/home/travis/build/icyphy/ptII/lib/jackson-annotations-2.9.0.jar:/home/travis/build/icyphy/ptII/lib/jackson-core-2.9.3.jar:/home/travis/build/icyphy/ptII/lib/jackson-databind-2.9.3.jar:/home/travis/build/icyphy/ptII/lib/netty-buffer-4.1.19.Final.jar:/home/travis/build/icyphy/ptII/lib/netty-codec-4.1.19.Final.jar:/home/travis/build/icyphy/ptII/lib/netty-codec-dns-4.1.19.Final.jar:/home/travis/build/icyphy/ptII/lib/netty-codec-http-4.1.19.Final.jar:/home/travis/build/icyphy/ptII/lib/netty-codec-http2-4.1.19.Final.jar:/home/travis/build/icyphy/ptII/lib/netty-common-4.1.19.Final.jar:/home/travis/build/icyphy/ptII/lib/netty-handler-4.1.19.Final.jar:/home/travis/build/icyphy/ptII/lib/netty-resolver-4.1.19.Final.jar:/home/travis/build/icyphy/ptII/lib/netty-resolver-dns-4.1.19.Final.jar:/home/travis/build/icyphy/ptII/lib/netty-transport-4.1.19.Final.jar:/home/travis/build/icyphy/ptII/lib/vertx-codegen-3.5.1.jar:/home/travis/build/icyphy/ptII/lib/vertx-core-3.5.2-SNAPSHOT.jar:/home/travis/build/icyphy/ptII/lib/vertx-hazelcast-3.5.1.jar:/home/travis/build/icyphy/ptII/lib/vertx-lang-js-3.5.1.jar:/home/travis/build/icyphy/ptII/lib/vertx-service-proxy-3.5.1.jar:/home/travis/build/icyphy/ptII/lib/vertx-web-3.5.1.jar:/home/travis/build/icyphy/ptII/lib/slf4j-api-1.7.13.jar:/home/travis/build/icyphy/ptII/lib/slf4j-simple-1.7.13.jar:/home/travis/build/icyphy/ptII/lib/webcam-capture-0.3.12.jar:/home/travis/build/icyphy/ptII/lib/bridj-0.7.0.jar:/home/travis/build/icyphy/ptII/lib/xbjlib-1.1.0.nrjavaserial.jar" />
    <property name="test.batch" value="**/junit/*.java" />
    <property name="env._" value="/usr/bin/timeout" />
    <property name="java.io.tmpdir" value="/tmp" />
    <property name="env.TRAVIS_INTERNAL_RUBY_REGEX" value="^ruby-(2\.[0-2]\.[0-9]|1\.9\.3)" />
    <property name="user.language" value="en" />
    <property name="env.HISTCONTROL" value="ignoredups:ignorespace" />
    <property name="env.GOROOT" value="/home/travis/.gimme/versions/go1.7.4.linux.amd64" />
    <property name="line.separator" value="&#xa;" />
    <property name="target" value="1.8" />
    <property name="env.TRAVIS_BUILD_DIR" value="/home/travis/build/icyphy/ptII" />
    <property name="env.ANT_OPTS" value="-Xmx2048m" />
    <property name="ant.file.type" value="file" />
    <property name="ptolemy.ptII.batchMode" value="true" />
    <property name="env.HISTSIZE" value="1000" />
    <property name="env.MERB_ENV" value="test" />
    <property name="java.vm.info" value="mixed mode" />
    <property name="source" value="1.8" />
    <property name="java.vm.specification.name" value="Java Virtual Machine Specification" />
    <property name="env.TRAVIS_TEST_RESULT" value="0" />
    <property name="jsdoc.command" value="node_modules/@terraswarm/jsdoc/jsdoc.js" />
    <property name="npm.works" value="true" />
    <property name="cobertura.dir" value="/home/travis/build/icyphy/ptII/vendors/cobertura-2.0.3" />
    <property name="env.rvm_path" value="/home/travis/.rvm" />
    <property name="env.GEM_PATH" value="/home/travis/.rvm/gems/ruby-2.4.1:/home/travis/.rvm/gems/ruby-2.4.1@global" />
    <property name="env.LC_CTYPE" value="en_US.UTF-8" />
    <property name="java.awt.printerjob" value="sun.print.PSPrinterJob" />
    <property name="env.TRAVIS_CMD" value="$PTII/bin/ptIITravisBuild.sh $SECONDS" />
    <property name="env.TRAVIS_STACK_NAME" value="garnet" />
    <property name="env.TRAVIS_TIMER_START_TIME" value="1540002399388866150" />
    <property name="ant.version" value="Apache Ant(TM) version 1.10.1 compiled on February 2 2017" />
    <property name="ptII.reports" value="/home/travis/build/icyphy/ptII/reports" />
    <property name="env.TRAVIS_STACK_TIMESTAMP" value="2017-12-05 19:33:09 UTC" />
    <property name="ant.file.type.ptII" value="file" />
    <property name="env.RBENV_SHELL" value="bash" />
    <property name="os.name" value="Linux" />
    <property name="java.specification.vendor" value="Oracle Corporation" />
    <property name="env.rvm_version" value="1.29.3 (latest)" />
    <property name="env.TRAVIS_INFRA" value="gce" />
    <property name="env.TERM" value="xterm" />
    <property name="java.vm.name" value="Java HotSpot(TM) 64-Bit Server VM" />
    <property name="env.TRAVIS_BUILD_NUMBER" value="788" />
    <property name="env.CI" value="true" />
    <property name="java.library.path" value="/usr/lib/jni:/usr/local/share/OpenCV/java/:/usr/share/OpenCV/java::/usr/java/packages/lib/amd64:/usr/lib64:/lib64:/lib:/usr/lib" />
    <property name="env.rvm_prefix" value="/home/travis" />
    <property name="env.PATH" value="/home/travis/.rvm/gems/ruby-2.4.1/bin:/home/travis/.rvm/gems/ruby-2.4.1@global/bin:/home/travis/.rvm/rubies/ruby-2.4.1/bin:/home/travis/.rvm/bin:/home/travis/.nvm/versions/node/v7.10.1/bin:./node_modules/.bin:/home/travis/build/icyphy/ptII/bin:/home/travis/pthla/certi-tools/bin:/home/travis/bin:/home/travis/.local/bin:/opt/pyenv/shims:/home/travis/.phpenv/shims:/home/travis/perl5/perlbrew/bin:/home/travis/.kiex/elixirs/elixir-1.4.5/bin:/home/travis/.kiex/bin:/home/travis/gopath/bin:/home/travis/.gimme/versions/go1.7.4.linux.amd64/bin:/usr/local/phantomjs/bin:/usr/local/phantomjs:/usr/local/neo4j-3.2.7/bin:/usr/local/maven-3.5.2/bin:/usr/local/cmake-3.9.2/bin:/usr/local/clang-5.0.0/bin:/usr/local/sbin:/usr/local/bin:/usr/sbin:/usr/bin:/sbin:/bin:/home/travis/.phpenv/bin:/opt/pyenv/bin:/home/travis/.yarn/bin" />
    <property name="env.TRAVIS_OS_NAME" value="linux" />
    <property name="ant.java.version" value="1.8" />
    <property name="basedir" value="/home/travis/build/icyphy/ptII" />
    <property name="java.class.version" value="52.0" />
    <property name="env.SHLVL" value="3" />
    <property name="env.LD_LIBRARY_PATH" value="/usr/lib/jni:/usr/local/share/OpenCV/java/:/usr/share/OpenCV/java:" />
    <property name="env.RACK_ENV" value="test" />
    <property name="ant.home" value="/home/travis/build/icyphy/ptII/ant" />
    <property name="env.NVM_DIR" value="/home/travis/.nvm" />
    <property name="env.PERLBREW_BASHRC_VERSION" value="0.80" />
    <property name="env.TRAVIS_BUILD_ID" value="443960203" />
    <property name="env.PYENV_ROOT" value="/opt/pyenv" />
    <property name="env.TRAVIS_UID" value="2000" />
    <property name="env.rvm_pretty_print_flag" value="auto" />
    <property name="env.NVM_BIN" value="/home/travis/.nvm/versions/node/v7.10.1/bin" />
    <property name="env.TRAVIS_COMMIT" value="b3684f00e584dda0cd52740aa065011f103367cd" />
    <property name="env._system_arch" value="x86_64" />
    <property name="node.executable" value="node" />
    <property name="sun.boot.library.path" value="/usr/lib/jvm/java-8-oracle/jre/lib/amd64" />
    <property name="sun.management.compiler" value="HotSpot 64-Bit Tiered Compilers" />
    <property name="env.GOPATH" value="/home/travis/gopath" />
    <property name="java.awt.graphicsenv" value="sun.awt.X11GraphicsEnvironment" />
    <property name="ptolemy.ptII.dir" value="/home/travis/build/icyphy/ptII" />
    <property name="env.USER" value="travis" />
    <property name="env.HISTFILESIZE" value="2000" />
    <property name="timeout.longest" value="19000000" />
    <property name="env.TRAVIS_STACK_FEATURES" value="basic cassandra chromium couchdb disabled-ipv6 docker docker-compose elasticsearch firefox go-toolchain google-chrome jdk memcached mongodb mysql neo4j nodejs_interpreter perl_interpreter perlbrew phantomjs postgresql python_interpreter rabbitmq redis riak ruby_interpreter sqlite xserver" />
    <property name="env.TRAVIS_PULL_REQUEST" value="false" />
    <property name="env.PYENV_SHELL" value="bash" />
    <property name="ant.project.name" value="ptII" />
    <property name="java.vm.specification.version" value="1.8" />
    <property name="env.ANSI_RESET" value="\033[0m" />
    <property name="env.TRAVIS_DIST" value="trusty" />
    <property name="env.NLSPATH" value="/usr/dt/lib/nls/msg/%L/%N.cat" />
    <property name="awt.toolkit" value="sun.awt.X11.XToolkit" />
    <property name="env.MY_RUBY_HOME" value="/home/travis/.rvm/rubies/ruby-2.4.1" />
    <property name="sun.cpu.isalist" value="" />
    <property name="env.TRAVIS_TMPDIR" value="/tmp/tmp.FMjvwanzUO" />
    <property name="java.ext.dirs" value="/usr/lib/jvm/java-8-oracle/jre/lib/ext:/usr/java/packages/lib/ext" />
    <property name="os.version" value="4.4.0-101-generic" />
    <property name="user.home" value="/home/travis" />
    <property name="env.MIX_ARCHIVES" value="/home/travis/.kiex/mix/elixir-1.4.5" />
    <property name="java.vm.vendor" value="Oracle Corporation" />
    <property name="env.TRAVIS_TAG" value="nightly" />
    <property name="env.ANSI_YELLOW" value="\033[33;1m" />
    <property name="env.TRAVIS_FILTERED" value="redirect_io" />
    <property name="env.ANSI_GREEN" value="\033[32;1m" />
    <property name="env.JAVA_HOME" value="/usr/lib/jvm/java-8-oracle" />
    <property name="javadoc.excludepackagenames" value="adm.cvs2svn.*,build.*,config.*,doc.coding.templates.*,jni.test.jni.meaningOfLife.*,jni.test.jni.testDeux.*,jni.test.jni.testTrois.*,org.terraswarm.accessor.accessors.web.node_modules.*,org.terraswarm.accessor.accessors.web.hosts.cordova.demo.*,org.terraswarm.accessor.accessors.web.hosts.cordova.plugins.*,org.terraswarm.accessor.accessors-svn.*,pt-modules.*,ptolemy.apps.agilent.*,ptolemy.apps.anytimecontrol.*,ptolemy.apps.apes.*,ptolemy.apps.charon.*,ptolemy.apps.crazyboard.*,ptolemy.apps.eclipse.*,ptolemy.apps.etherealSting.*,ptolemy.apps.fullscreen.*,ptolemy.apps.giotto.*,ptolemy.apps.ia.*,ptolemy.apps.interfaces.*,ptolemy.apps.jmf.*,ptolemy.apps.kurt.*,ptolemy.apps.kvm.*,ptolemy.apps.lego.*,ptolemy.apps.lejos.*,ptolemy.apps.midp.*,ptolemy.apps.mobileCoding.*,ptolemy.apps.pendulum.*,ptolemy.apps.rijndael.*,ptolemy.apps.robot.*,ptolemy.apps.security.*,ptolemy.apps.sobel.*,ptolemy.apps.soot.*,ptolemy.apps.throttle.*,ptolemy.apps.tini.*,ptolemy.apps.transmission.*,ptolemy.apps.vergil.*,ptolemy.apps.waba.*,ptolemy.apps.websensor.*,ptolemy.apps.webstart.*,ptolemy.apps.xsl.*,ptolemy.apps.zaurus.*,ptolemy.backtrack.eclipse.plugin.*,ptolemy.backtrack.test.*,ptolemy.codegen.c.actor.lib.oldJavaFiles.*,ptolemy.codegen.dsp.lib.*,ptolemy.codegen.kernel.newInterfaces.*,ptolemy.codegen.lib.*,ptolemy.copernicus.kernel.fragment.*,ptolemy.copernicus.shallow.cg.*,ptolemy.domains.giotto.demo.Hierarchy.Hierarchy.*,ptolemy.domains.giotto.demo.Multimode.Multimode.*,ptolemy.domains.giotto.demo.Simple.Simple.*,ptolemy.domains.gr.lib.experimental.*,ptolemy.domains.gro.*,ptolemy.domains.pdf.*,ptolemy.domains.ptinyos.demo.Surge.output.*,ptolemy.moml.test.NoPackageActor.java*,ptolemy.plot.adm.*,ptolemy.plot.servlet.*,reports.*,signed.*,src.*,target.*,vendors.*,ptolemy.cg.adapter.generic.program.procedural.c.mbed*,ptolemy.actor.lib.fmi.fmus.omc*,ptolemy.domains.openmodelica*,ptdb.kernel.bl.save.test.*,ptdb.kernel.bl.load.test.*,ptdb.kernel.bl.search.test.*,ptdb.kernel.bl.migration.test.*,ptdb.kernel.database.test.*,ptdb.test.*,ptdb.gui.test.*,org.ptolemy.scala.*,diva.util.java2d.svg.*,ptolemy.domains.ptinyos.*,ptolemy.actor.lib.fmi.fmipp.*,,org.terraswarm.accessor.accessors.web.node_modules.*,org.terraswarm.accessor.accessors-svn,ptolemy.apps.*,ptolemy.actor.ptalon.demo.ptinyos.SendAndReceiveCnt.output,ptolemy.actor.ptalon.demo.ptinyos.SenseToLeds.output,ptolemy.domains.ptinyos.demo.CntToLedsAndRfm.output,ptolemy.domains.ptinyos.demo.RfmToLeds.output,ptolemy.domains.ptinyos.demo.SendAndReceiveCnt.output,ptolemy.domains.ptinyos.demo.SenseToLeds.output,ptolemy.actor.lib.jjs.modules.udpSocket.*" />
    <property name="env.PTII" value="/home/travis/build/icyphy/ptII" />
    <property name="env.XDG_SESSION_ID" value="2" />
    <property name="env.TRAVIS_COMMIT_MESSAGE" value="Updated links to publications that moved from chess.eecs to ptolemy.berkeley" />
    <property name="keystore" value="ptKeystore" />
    <property name="junit.output.dir" value="/home/travis/build/icyphy/ptII/reports/junit" />
    <property name="npm.return.code" value="0" />
    <property name="user.dir" value="/home/travis/build/icyphy/ptII/ptolemy/domains/de/test" />
    <property name="env.XFILESEARCHPATH" value="/usr/dt/app-defaults/%L/Dt" />
    <property name="env.TRAVIS_NODE_VERSION" value="7" />
    <property name="env.TRAVIS_EVENT_TYPE" value="cron" />
    <property name="env.MAIL" value="/var/mail/travis" />
    <property name="env.PERLBREW_ROOT" value="/home/travis/perl5/perlbrew" />
    <property name="env.PWD" value="/home/travis/build/icyphy/ptII" />
    <property name="timeout.npm" value="45000" />
    <property name="env.PT_TRAVIS_TEST_CORE2_XML" value="true" />
    <property name="env.TRAVIS_ARCH" value="amd64" />
    <property name="sun.cpu.endian" value="little" />
    <property name="env.PAGER" value="cat" />
    <property name="env.TRAVIS_BUILD_STAGE_NAME" value="Test" />
    <property name="env.PERLBREW_HOME" value="/home/travis/.perlbrew" />
    <property name="env.RAILS_ENV" value="test" />
    <property name="java.vm.version" value="25.151-b12" />
    <property name="java.class.path" value="/home/travis/build/icyphy/ptII:/home/travis/build/icyphy/ptII/lib/bsh-2.0b4.jar:/home/travis/build/icyphy/ptII/lib/ptCal.jar:/home/travis/build/icyphy/ptII/lib/java_cup.jar:/home/travis/build/icyphy/ptII/lib/saxon8.jar:/home/travis/build/icyphy/ptII/lib/saxon8-dom.jar:/home/travis/build/icyphy/ptII/lib/chic.jar:/home/travis/build/icyphy/ptII/lib/ptcolt.jar:/usr/lib/jvm/java-8-oracle/lib/tools.jar:/usr/lib/eclipse/plugins/org.eclipse.jdt.core_3.8.2.dist.jar:/usr/lib/eclipse/plugins/org.eclipse.core.runtime_3.8.0.dist.jar:/usr/lib/eclipse/plugins/org.eclipse.osgi_3.8.1.dist.jar:/usr/lib/eclipse/plugins/org.eclipse.core.resources_3.8.1.dist.jar:/usr/lib/eclipse/plugins/org.eclipse.equinox.common_3.6.100.dist.jar:/usr/lib/eclipse/plugins/org.eclipse.core.jobs_3.5.200.dist.jar:/usr/lib/eclipse/plugins/org.eclipse.core.contenttype_3.4.200.dist.jar:/usr/lib/eclipse/plugins/org.eclipse.equinox.preferences_3.5.0.dist.jar:/usr/lib/eclipse/plugins/org.eclipse.text_3.5.200.dist.jar:/usr/lib/eclipse/plugins/org.eclipse.ui.workbench_3.8.1.dist.jar:/usr/lib/eclipse/plugins/org.eclipse.jface_3.8.0.dist.jar:/usr/lib/eclipse/plugins/org.eclipse.swt_3.8.2.jar:/usr/lib/eclipse/plugins/org.eclipse.jface.text_3.8.1.dist.jar:/usr/lib/eclipse/plugins/org.eclipse.ui.workbench.texteditor_3.8.0.dist.jar:/usr/lib/eclipse/plugins/org.eclipse.ui.editors_3.8.0.dist.jar:/usr/lib/eclipse/plugins/org.eclipse.core.commands_3.6.1.dist.jar:/usr/lib/eclipse/plugins/org.eclipse.equinox.registry_3.5.200.dist.jar:/usr/lib/eclipse/plugins/org.eclipse.ui.console_3.5.100.dist.jar:/usr/lib/eclipse/plugins/org.eclipse.ui.forms_3.5.200.dist.jar:/usr/lib/eclipse/plugins/org.eclipse.ui.ide_3.8.1.dist.jar:/home/travis/build/icyphy/ptII/vendors/oracle/dbxml.jar:/home/travis/build/icyphy/ptII/vendors/oracle/db.jar:/home/travis/build/icyphy/ptII/vendors/misc/itext/iText.jar:/home/travis/build/icyphy/ptII/lib/g4ltl.jar:/home/travis/build/icyphy/ptII/lib/StructuralCoder.jar:/home/travis/build/icyphy/ptII/lib/org-openide-util.jar:/home/travis/build/icyphy/ptII/lib/org-openide-util-lookup.jar:/home/travis/build/icyphy/ptII/lib/org-netbeans-api-visual.jar:/home/travis/build/icyphy/ptII/vendors/jai-1_1_2_01/lib/jai_core.jar:/home/travis/build/icyphy/ptII/vendors/jai-1_1_2_01/lib/jai_codec.jar:/home/travis/build/icyphy/ptII/lib/jcerti.jar:/home/travis/build/icyphy/ptII/lib/smack.jar:/home/travis/build/icyphy/ptII/lib/smackx.jar:/home/travis/build/icyphy/ptII/lib/jetty-all-8.1.5-v20120716.jar:/home/travis/build/icyphy/ptII/lib/javax.servlet-api-3.0.1.jar:/home/travis/build/icyphy/ptII/lib/javax.mail.jar:/home/travis/build/icyphy/ptII/vendors/JMF-2.1.1e/lib/jmf.jar:/home/travis/build/icyphy/ptII/lib/jna-4.0.0-variadic.jar:/home/travis/build/icyphy/ptII/vendors/misc/joystick/Joystick.jar:/home/travis/build/icyphy/ptII/lib/ptjacl.jar:/home/travis/build/icyphy/ptII/lib/jsoup-1.8.2.jar:/home/travis/build/icyphy/ptII/lib/junit-4.8.2.jar:/home/travis/build/icyphy/ptII/lib/JUnitParams-0.4.0.jar:/home/travis/build/icyphy/ptII/ptolemy/actor/lib/excel/jxl.jar:/home/travis/build/icyphy/ptII/lib/jython.jar:/home/travis/build/icyphy/ptII/lib/kieler.jar:/home/travis/build/icyphy/ptII/vendors/opencv/share/OpenCV/java/opencv-341.jar:/home/travis/build/icyphy/ptII/lib/oscP5.jar:/home/travis/build/icyphy/ptII/lib/nrjavaserial-3.11.0.devel.jar:/home/travis/build/icyphy/ptII/vendors/j3d/lib/j3dcore.jar:/home/travis/build/icyphy/ptII/vendors/j3d/lib/j3dutils.jar:/home/travis/build/icyphy/ptII/vendors/j3d/lib/vecmath.jar:/home/travis/build/icyphy/ptII/ptolemy/distributed/jini/jar/jini-core.jar:/home/travis/build/icyphy/ptII/ptolemy/distributed/jini/jar/jini-ext.jar:/home/travis/build/icyphy/ptII/ptolemy/distributed/jini/jar/sun-util.jar:/home/travis/build/icyphy/ptII/lib/protobuf-java-2.4.1.jar:/home/travis/build/icyphy/ptII/lib/org.eclipse.paho.client.mqttv3.jar:/home/travis/build/icyphy/ptII/ptserver/lib/hessian-4.0.7.jar:/home/travis/build/icyphy/ptII/ptserver/lib/wmqtt.jar:/home/travis/build/icyphy/ptII/lib/mapss.jar:/home/travis/build/icyphy/ptII/ptolemy/actor/ptalon/antlr/antlr.jar:/home/travis/build/icyphy/ptII/lib/JRI.jar:/home/travis/build/icyphy/ptII/lib/commons-lang-2.6.jar:/home/travis/build/icyphy/ptII/lib/commons-logging-1.1.1.jar:/home/travis/build/icyphy/ptII/lib/sootclasses.jar:/home/travis/build/icyphy/ptII/ptolemy/actor/lib/database/mysql-connector-java-5.1.6-bin.jar:/home/travis/build/icyphy/ptII/vendors/misc/sphinx4/sphinx4-data-5prealpha.jar:/home/travis/build/icyphy/ptII/vendors/misc/sphinx4/sphinx4-core-5prealpha.jar:/home/travis/build/icyphy/ptII/lib/PDFRenderer.jar:/home/travis/build/icyphy/ptII/lib/svgSalamander.jar:/home/travis/build/icyphy/ptII/lib/rsyntaxtextarea-2.6.0-SNAPSHOT.jar:/home/travis/build/icyphy/ptII/lib/hazelcast-3.8.2.jar:/home/travis/build/icyphy/ptII/lib/jackson-annotations-2.9.0.jar:/home/travis/build/icyphy/ptII/lib/jackson-core-2.9.3.jar:/home/travis/build/icyphy/ptII/lib/jackson-databind-2.9.3.jar:/home/travis/build/icyphy/ptII/lib/netty-buffer-4.1.19.Final.jar:/home/travis/build/icyphy/ptII/lib/netty-codec-4.1.19.Final.jar:/home/travis/build/icyphy/ptII/lib/netty-codec-dns-4.1.19.Final.jar:/home/travis/build/icyphy/ptII/lib/netty-codec-http-4.1.19.Final.jar:/home/travis/build/icyphy/ptII/lib/netty-codec-http2-4.1.19.Final.jar:/home/travis/build/icyphy/ptII/lib/netty-common-4.1.19.Final.jar:/home/travis/build/icyphy/ptII/lib/netty-handler-4.1.19.Final.jar:/home/travis/build/icyphy/ptII/lib/netty-resolver-4.1.19.Final.jar:/home/travis/build/icyphy/ptII/lib/netty-resolver-dns-4.1.19.Final.jar:/home/travis/build/icyphy/ptII/lib/netty-transport-4.1.19.Final.jar:/home/travis/build/icyphy/ptII/lib/vertx-codegen-3.5.1.jar:/home/travis/build/icyphy/ptII/lib/vertx-core-3.5.2-SNAPSHOT.jar:/home/travis/build/icyphy/ptII/lib/vertx-hazelcast-3.5.1.jar:/home/travis/build/icyphy/ptII/lib/vertx-lang-js-3.5.1.jar:/home/travis/build/icyphy/ptII/lib/vertx-service-proxy-3.5.1.jar:/home/travis/build/icyphy/ptII/lib/vertx-web-3.5.1.jar:/home/travis/build/icyphy/ptII/lib/slf4j-api-1.7.13.jar:/home/travis/build/icyphy/ptII/lib/slf4j-simple-1.7.13.jar:/home/travis/build/icyphy/ptII/lib/webcam-capture-0.3.12.jar:/home/travis/build/icyphy/ptII/lib/bridj-0.7.0.jar:/home/travis/build/icyphy/ptII/lib/xbjlib-1.1.0.nrjavaserial.jar:/home/travis/build/icyphy/ptII/ptolemy/moml/test:/home/travis/build/icyphy/ptII/ant/lib/ant-launcher.jar:/home/travis/build/icyphy/ptII/ant/lib/ant.jar:/home/travis/build/icyphy/ptII/ant/lib/ant-junit.jar:/home/travis/build/icyphy/ptII/ant/lib/ant-junit4.jar" />
    <property name="ant.library.dir" value="/home/travis/build/icyphy/ptII/ant/lib" />
    <property name="os.arch" value="amd64" />
    <property name="env.CONTINUOUS_INTEGRATION" value="true" />
    <property name="env.TRAVIS_LANGUAGE" value="node_js" />
    <property name="env.TRAVIS_STACK_LANGUAGES" value="__garnet__ c c++ clojure cplusplus cpp default go groovy java node_js php pure_java python ruby scala" />
    <property name="test.name" value="ptolemy.actor.lib.test.junit.JUnitTclTest" />
    <property name="sun.java.launcher" value="SUN_STANDARD" />
    <property name="env.PYTHON_CONFIGURE_OPTS" value="--enable-unicode=ucs4 --with-wide-unicode --enable-shared --enable-ipv6 --enable-loadable-sqlite-extensions --with-computed-gotos" />
    <property name="ant.core.lib" value="/home/travis/build/icyphy/ptII/ant/lib/ant.jar" />
    <property name="java.vm.specification.vendor" value="Oracle Corporation" />
    <property name="env.BCVTB_HOME" value="/home/travis/build/icyphy/ptII/lbnl" />
    <property name="file.separator" value="/" />
    <property name="java.runtime.version" value="1.8.0_151-b12" />
    <property name="spotbugs.home" value="/home/travis/build/icyphy/ptII/vendors/spotbugs-3.1.1" />
    <property name="sun.boot.class.path" value="/usr/lib/jvm/java-8-oracle/jre/lib/resources.jar:/usr/lib/jvm/java-8-oracle/jre/lib/rt.jar:/usr/lib/jvm/java-8-oracle/jre/lib/sunrsasign.jar:/usr/lib/jvm/java-8-oracle/jre/lib/jsse.jar:/usr/lib/jvm/java-8-oracle/jre/lib/jce.jar:/usr/lib/jvm/java-8-oracle/jre/lib/charsets.jar:/usr/lib/jvm/java-8-oracle/jre/lib/jfr.jar:/usr/lib/jvm/java-8-oracle/jre/classes" />
    <property name="env.ANSI_CLEAR" value="\033[0K" />
    <property name="env.HAS_JOSH_K_SEAL_OF_APPROVAL" value="true" />
    <property name="env.TRAVIS_OSX_IMAGE" value="" />
    <property name="env.XDG_RUNTIME_DIR" value="/run/user/2000" />
    <property name="env.TRAVIS_JOB_ID" value="443960212" />
    <property name="env.TRAVIS_BRANCH" value="master" />
    <property name="user.country" value="US" />
    <property name="env.CERTI_HOME_TRAVIS" value="/home/travis/pthla/certi-tools" />
    <property name="env.SHELL" value="/bin/bash" />
    <property name="java.maxmemory.large" value="5000m" />
    <property name="model" value="" />
    <property name="env.CASHER_DIR" value="/home/travis/.casher" />
    <property name="env.NVM_CD_FLAGS" value="" />
    <property name="jshint.executable" value="/home/travis/node_modules/jshint/bin/jshint" />
    <property name="env.JRUBY_OPTS" value=" --client -J-XX:+TieredCompilation -J-XX:TieredStopAtLevel=1 -J-Xss2m -Xcompile.invokedynamic=false" />
    <property name="java.vendor" value="Oracle Corporation" />
    <property name="env.TRAVIS_PRE_CHEF_BOOTSTRAP_TIME" value="2017-12-05T19:32:55" />
    <property name="env.TRAVIS_STACK_JOB_BOARD_REGISTER" value="/.job-board-register.yml" />
    <property name="env.ELIXIR_VERSION" value="1.4.5" />
    <property name="env.ANSI_RED" value="\033[31;1m" />
    <property name="java.specification.version" value="1.8" />
    <property name="env.TRAVIS" value="true" />
    <property name="env.IRBRC" value="/home/travis/.rvm/rubies/ruby-2.4.1/.irbrc" />
    <property name="sun.arch.data.model" value="64" />
  </properties>
  <testcase classname="ptolemy.util.test.junit.TclTests" name="[0] /home/travis/build/icyphy/ptII/ptolemy/domains/de/test/DependencyLoop.tcl (RunTclFile)" time="0.717" />
  <testcase classname="ptolemy.util.test.junit.TclTests" name="[1] /home/travis/build/icyphy/ptII/ptolemy/domains/de/test/RunDETestsAsQSS.tcl (RunTclFile)" time="88.564" />
  <testcase classname="ptolemy.util.test.junit.AutoKnownFailedTests" name="[0] /home/travis/build/icyphy/ptII/ptolemy/domains/de/test/auto/knownFailedTests/DESDFClockTest.xml (RunModel)" time="2.022" />
  <testcase classname="ptolemy.util.test.junit.AutoKnownFailedTests" name="[1] /home/travis/build/icyphy/ptII/ptolemy/domains/de/test/auto/knownFailedTests/DirectFeedback.xml (RunModel)" time="0.01" />
  <testcase classname="ptolemy.util.test.junit.AutoKnownFailedTests" name="[2] /home/travis/build/icyphy/ptII/ptolemy/domains/de/test/auto/knownFailedTests/FSMSource.xml (RunModel)" time="0.013" />
  <testcase classname="ptolemy.util.test.junit.AutoKnownFailedTests" name="[3] /home/travis/build/icyphy/ptII/ptolemy/domains/de/test/auto/knownFailedTests/HierarchicalModel.xml (RunModel)" time="0.028" />
  <testcase classname="ptolemy.util.test.junit.AutoKnownFailedTests" name="[4] /home/travis/build/icyphy/ptII/ptolemy/domains/de/test/auto/knownFailedTests/dependencyLoop.xml (RunModel)" time="0.031" />
  <testcase classname="ptolemy.util.test.junit.AutoKnownFailedTests" name="[5] /home/travis/build/icyphy/ptII/ptolemy/domains/de/test/auto/knownFailedTests/dependencyLoop2.xml (RunModel)" time="0.028" />
  <testcase classname="ptolemy.util.test.junit.AutoNameArchTests" name="[0] ThereAreNoAutoArchTests (RunModel)" time="0.0" />
  <testcase classname="ptolemy.util.test.junit.AutoTests" name="[0] /home/travis/build/icyphy/ptII/ptolemy/domains/de/test/auto/ActorDepthCalculation_actorWithoutPorts.xml (RunModel)" time="0.012" />
  <testcase classname="ptolemy.util.test.junit.AutoTests" name="[1] /home/travis/build/icyphy/ptII/ptolemy/domains/de/test/auto/AssemblyLine.xml (RunModel)" time="0.013" />
  <testcase classname="ptolemy.util.test.junit.AutoTests" name="[2] /home/travis/build/icyphy/ptII/ptolemy/domains/de/test/auto/CQBug1.xml (RunModel)" time="0.006" />
  <testcase classname="ptolemy.util.test.junit.AutoTests" name="[3] /home/travis/build/icyphy/ptII/ptolemy/domains/de/test/auto/CancelFireAt.xml (RunModel)" time="0.004" />
  <testcase classname="ptolemy.util.test.junit.AutoTests" name="[4] /home/travis/build/icyphy/ptII/ptolemy/domains/de/test/auto/CausalityAndComposabilityAnalysis.xml (RunModel)" time="0.009" />
  <testcase classname="ptolemy.util.test.junit.AutoTests" name="[5] /home/travis/build/icyphy/ptII/ptolemy/domains/de/test/auto/CausalityInterface1.xml (RunModel)" time="0.013" />
  <testcase classname="ptolemy.util.test.junit.AutoTests" name="[6] /home/travis/build/icyphy/ptII/ptolemy/domains/de/test/auto/CausalityInterface15.xml (RunModel)" time="0.016" />
  <testcase classname="ptolemy.util.test.junit.AutoTests" name="[7] /home/travis/build/icyphy/ptII/ptolemy/domains/de/test/auto/CausalityInterface2.xml (RunModel)" time="0.011" />
  <testcase classname="ptolemy.util.test.junit.AutoTests" name="[8] /home/travis/build/icyphy/ptII/ptolemy/domains/de/test/auto/CausalityInterface3.xml (RunModel)" time="0.009" />
  <testcase classname="ptolemy.util.test.junit.AutoTests" name="[9] /home/travis/build/icyphy/ptII/ptolemy/domains/de/test/auto/ClockDrift.xml (RunModel)" time="0.027" />
  <testcase classname="ptolemy.util.test.junit.AutoTests" name="[10] /home/travis/build/icyphy/ptII/ptolemy/domains/de/test/auto/ClockDriftAndValueChange.xml (RunModel)" time="0.026" />
  <testcase classname="ptolemy.util.test.junit.AutoTests" name="[11] /home/travis/build/icyphy/ptII/ptolemy/domains/de/test/auto/ClockDriftChange.xml (RunModel)" time="0.021" />
  <testcase classname="ptolemy.util.test.junit.AutoTests" name="[12] /home/travis/build/icyphy/ptII/ptolemy/domains/de/test/auto/ComposableCausalityAnalysis.xml (RunModel)" time="0.014" />
  <testcase classname="ptolemy.util.test.junit.AutoTests" name="[13] /home/travis/build/icyphy/ptII/ptolemy/domains/de/test/auto/DEFixedPointLimitation.xml (RunModel)" time="0.008" />
  <testcase classname="ptolemy.util.test.junit.AutoTests" name="[14] /home/travis/build/icyphy/ptII/ptolemy/domains/de/test/auto/DEScheduleTest.xml (RunModel)" time="0.009" />
  <testcase classname="ptolemy.util.test.junit.AutoTests" name="[15] /home/travis/build/icyphy/ptII/ptolemy/domains/de/test/auto/DEinDEwithStartTimes.xml (RunModel)" time="0.011" />
  <testcase classname="ptolemy.util.test.junit.AutoTests" name="[16] /home/travis/build/icyphy/ptII/ptolemy/domains/de/test/auto/DEinDEwithStartTimes2.xml (RunModel)" time="0.011" />
  <testcase classname="ptolemy.util.test.junit.AutoTests" name="[17] /home/travis/build/icyphy/ptII/ptolemy/domains/de/test/auto/DateDemo.xml (RunModel)" time="0.024" />
  <testcase classname="ptolemy.util.test.junit.AutoTests" name="[18] /home/travis/build/icyphy/ptII/ptolemy/domains/de/test/auto/DateToEvent.xml (RunModel)" time="2.031" />
  <testcase classname="ptolemy.util.test.junit.AutoTests" name="[19] /home/travis/build/icyphy/ptII/ptolemy/domains/de/test/auto/DepthTest1.xml (RunModel)" time="0.006" />
  <testcase classname="ptolemy.util.test.junit.AutoTests" name="[20] /home/travis/build/icyphy/ptII/ptolemy/domains/de/test/auto/DepthTest2.xml (RunModel)" time="0.013" />
  <testcase classname="ptolemy.util.test.junit.AutoTests" name="[21] /home/travis/build/icyphy/ptII/ptolemy/domains/de/test/auto/DepthTest3.xml (RunModel)" time="0.006" />
  <testcase classname="ptolemy.util.test.junit.AutoTests" name="[22] /home/travis/build/icyphy/ptII/ptolemy/domains/de/test/auto/DepthTest4.xml (RunModel)" time="0.009" />
  <testcase classname="ptolemy.util.test.junit.AutoTests" name="[23] /home/travis/build/icyphy/ptII/ptolemy/domains/de/test/auto/DepthTest5.xml (RunModel)" time="0.019" />
  <testcase classname="ptolemy.util.test.junit.AutoTests" name="[24] /home/travis/build/icyphy/ptII/ptolemy/domains/de/test/auto/DepthTest6.xml (RunModel)" time="0.012" />
  <testcase classname="ptolemy.util.test.junit.AutoTests" name="[25] /home/travis/build/icyphy/ptII/ptolemy/domains/de/test/auto/DepthTest7.xml (RunModel)" time="0.009" />
  <testcase classname="ptolemy.util.test.junit.AutoTests" name="[26] /home/travis/build/icyphy/ptII/ptolemy/domains/de/test/auto/EventToDate.xml (RunModel)" time="3.029" />
  <testcase classname="ptolemy.util.test.junit.AutoTests" name="[27] /home/travis/build/icyphy/ptII/ptolemy/domains/de/test/auto/FSM1.xml (RunModel)" time="0.042" />
  <testcase classname="ptolemy.util.test.junit.AutoTests" name="[28] /home/travis/build/icyphy/ptII/ptolemy/domains/de/test/auto/FSM7.xml (RunModel)" time="0.041" />
  <testcase classname="ptolemy.util.test.junit.AutoTests" name="[29] /home/travis/build/icyphy/ptII/ptolemy/domains/de/test/auto/Inspection.xml (RunModel)" time="0.039" />
  <testcase classname="ptolemy.util.test.junit.AutoTests" name="[30] /home/travis/build/icyphy/ptII/ptolemy/domains/de/test/auto/Iteration.xml (RunModel)" time="0.019" />
  <testcase classname="ptolemy.util.test.junit.AutoTests" name="[31] /home/travis/build/icyphy/ptII/ptolemy/domains/de/test/auto/LineFault.xml (RunModel)" time="0.489" />
  <testcase classname="ptolemy.util.test.junit.AutoTests" name="[32] /home/travis/build/icyphy/ptII/ptolemy/domains/de/test/auto/MergeModel1Add.xml (RunModel)" time="0.046" />
  <testcase classname="ptolemy.util.test.junit.AutoTests" name="[33] /home/travis/build/icyphy/ptII/ptolemy/domains/de/test/auto/MergeModel2Add.xml (RunModel)" time="0.04" />
  <testcase classname="ptolemy.util.test.junit.AutoTests" name="[34] /home/travis/build/icyphy/ptII/ptolemy/domains/de/test/auto/MergeModel3Add.xml (RunModel)" time="0.049" />
  <testcase classname="ptolemy.util.test.junit.AutoTests" name="[35] /home/travis/build/icyphy/ptII/ptolemy/domains/de/test/auto/MergeWithoutDiscard.xml (RunModel)" time="0.016" />
  <testcase classname="ptolemy.util.test.junit.AutoTests" name="[36] /home/travis/build/icyphy/ptII/ptolemy/domains/de/test/auto/Modal1.xml (RunModel)" time="0.028" />
  <testcase classname="ptolemy.util.test.junit.AutoTests" name="[37] /home/travis/build/icyphy/ptII/ptolemy/domains/de/test/auto/Modal2.xml (RunModel)" time="0.032" />
  <testcase classname="ptolemy.util.test.junit.AutoTests" name="[38] /home/travis/build/icyphy/ptII/ptolemy/domains/de/test/auto/Modal3.xml (RunModel)" time="0.029" />
  <testcase classname="ptolemy.util.test.junit.AutoTests" name="[39] /home/travis/build/icyphy/ptII/ptolemy/domains/de/test/auto/Modal4.xml (RunModel)" time="0.029" />
  <testcase classname="ptolemy.util.test.junit.AutoTests" name="[40] /home/travis/build/icyphy/ptII/ptolemy/domains/de/test/auto/Modal5.xml (RunModel)" time="0.023" />
  <testcase classname="ptolemy.util.test.junit.AutoTests" name="[41] /home/travis/build/icyphy/ptII/ptolemy/domains/de/test/auto/Modal6.xml (RunModel)" time="0.023" />
  <testcase classname="ptolemy.util.test.junit.AutoTests" name="[42] /home/travis/build/icyphy/ptII/ptolemy/domains/de/test/auto/Modal7.xml (RunModel)" time="0.03" />
  <testcase classname="ptolemy.util.test.junit.AutoTests" name="[43] /home/travis/build/icyphy/ptII/ptolemy/domains/de/test/auto/ModalModel.xml (RunModel)" time="0.152" />
  <testcase classname="ptolemy.util.test.junit.AutoTests" name="[44] /home/travis/build/icyphy/ptII/ptolemy/domains/de/test/auto/ModalSource.xml (RunModel)" time="0.021" />
  <testcase classname="ptolemy.util.test.junit.AutoTests" name="[45] /home/travis/build/icyphy/ptII/ptolemy/domains/de/test/auto/NonInterruptibleTimerZeroDelay.xml (RunModel)" time="0.013" />
  <testcase classname="ptolemy.util.test.junit.AutoTests" name="[46] /home/travis/build/icyphy/ptII/ptolemy/domains/de/test/auto/OpenQueueingNetwork.xml (RunModel)" time="2.041" />
  <testcase classname="ptolemy.util.test.junit.AutoTests" name="[47] /home/travis/build/icyphy/ptII/ptolemy/domains/de/test/auto/OpenQueuingNetwork.xml (RunModel)" time="0.253" />
  <testcase classname="ptolemy.util.test.junit.AutoTests" name="[48] /home/travis/build/icyphy/ptII/ptolemy/domains/de/test/auto/PeriodicSampler.xml (RunModel)" time="0.007" />
  <testcase classname="ptolemy.util.test.junit.AutoTests" name="[49] /home/travis/build/icyphy/ptII/ptolemy/domains/de/test/auto/PersistentIO.xml (RunModel)" time="0.017" />
  <testcase classname="ptolemy.util.test.junit.AutoTests" name="[50] /home/travis/build/icyphy/ptII/ptolemy/domains/de/test/auto/PortParameterResetOnInitialize.xml (RunModel)" time="0.007" />
  <testcase classname="ptolemy.util.test.junit.AutoTests" name="[51] /home/travis/build/icyphy/ptII/ptolemy/domains/de/test/auto/PortParameterUpdates.xml (RunModel)" time="0.014" />
  <testcase classname="ptolemy.util.test.junit.AutoTests" name="[52] /home/travis/build/icyphy/ptII/ptolemy/domains/de/test/auto/QueueAndServer.xml (RunModel)" time="0.026" />
  <testcase classname="ptolemy.util.test.junit.AutoTests" name="[53] /home/travis/build/icyphy/ptII/ptolemy/domains/de/test/auto/Records.xml (RunModel)" time="0.021" />
  <testcase classname="ptolemy.util.test.junit.AutoTests" name="[54] /home/travis/build/icyphy/ptII/ptolemy/domains/de/test/auto/ResetTransitionWithStartTime1.xml (RunModel)" time="0.018" />
  <testcase classname="ptolemy.util.test.junit.AutoTests" name="[55] /home/travis/build/icyphy/ptII/ptolemy/domains/de/test/auto/ResetTransitionWithStartTime2.xml (RunModel)" time="0.016" />
  <testcase classname="ptolemy.util.test.junit.AutoTests" name="[56] /home/travis/build/icyphy/ptII/ptolemy/domains/de/test/auto/ResetTransitionWithStartTime3.xml (RunModel)" time="0.02" />
  <testcase classname="ptolemy.util.test.junit.AutoTests" name="[57] /home/travis/build/icyphy/ptII/ptolemy/domains/de/test/auto/ResetTransitionWithStartTime4.xml (RunModel)" time="0.017" />
  <testcase classname="ptolemy.util.test.junit.AutoTests" name="[58] /home/travis/build/icyphy/ptII/ptolemy/domains/de/test/auto/ResettableTimer1.xml (RunModel)" time="0.009" />
  <testcase classname="ptolemy.util.test.junit.AutoTests" name="[59] /home/travis/build/icyphy/ptII/ptolemy/domains/de/test/auto/ResettableTimer2.xml (RunModel)" time="0.01" />
  <testcase classname="ptolemy.util.test.junit.AutoTests" name="[60] /home/travis/build/icyphy/ptII/ptolemy/domains/de/test/auto/ResettableTimer3.xml (RunModel)" time="0.01" />
  <testcase classname="ptolemy.util.test.junit.AutoTests" name="[61] /home/travis/build/icyphy/ptII/ptolemy/domains/de/test/auto/ResettableTimer4.xml (RunModel)" time="0.009" />
  <testcase classname="ptolemy.util.test.junit.AutoTests" name="[62] /home/travis/build/icyphy/ptII/ptolemy/domains/de/test/auto/ResettableTimer5.xml (RunModel)" time="0.009" />
  <testcase classname="ptolemy.util.test.junit.AutoTests" name="[63] /home/travis/build/icyphy/ptII/ptolemy/domains/de/test/auto/ResettableTimer6.xml (RunModel)" time="0.018" />
  <testcase classname="ptolemy.util.test.junit.AutoTests" name="[64] /home/travis/build/icyphy/ptII/ptolemy/domains/de/test/auto/ServerZeroDelay.xml (RunModel)" time="0.011" />
  <testcase classname="ptolemy.util.test.junit.AutoTests" name="[65] /home/travis/build/icyphy/ptII/ptolemy/domains/de/test/auto/SmartSender.xml (RunModel)" time="3.011" />
  <testcase classname="ptolemy.util.test.junit.AutoTests" name="[66] /home/travis/build/icyphy/ptII/ptolemy/domains/de/test/auto/ThreadedComposite.xml (RunModel)" time="0.104" />
  <testcase classname="ptolemy.util.test.junit.AutoTests" name="[67] /home/travis/build/icyphy/ptII/ptolemy/domains/de/test/auto/Time.xml (RunModel)" time="0.426" />
  <testcase classname="ptolemy.util.test.junit.AutoTests" name="[68] /home/travis/build/icyphy/ptII/ptolemy/domains/de/test/auto/TimeDelayZeroDelay.xml (RunModel)" time="0.01" />
  <testcase classname="ptolemy.util.test.junit.AutoTests" name="[69] /home/travis/build/icyphy/ptII/ptolemy/domains/de/test/auto/TimerZeroDelay.xml (RunModel)" time="0.009" />
  <testcase classname="ptolemy.util.test.junit.AutoTests" name="[70] /home/travis/build/icyphy/ptII/ptolemy/domains/de/test/auto/TimingParadox.xml (RunModel)" time="0.341" />
  <testcase classname="ptolemy.util.test.junit.AutoTests" name="[71] /home/travis/build/icyphy/ptII/ptolemy/domains/de/test/auto/TransferInputs.xml (RunModel)" time="0.008" />
  <testcase classname="ptolemy.util.test.junit.AutoTests" name="[72] /home/travis/build/icyphy/ptII/ptolemy/domains/de/test/auto/TransferOutputs2.xml (RunModel)" time="0.014" />
  <testcase classname="ptolemy.util.test.junit.AutoTests" name="[73] /home/travis/build/icyphy/ptII/ptolemy/domains/de/test/auto/Trilateration.xml (RunModel)" time="11.129" />
  <testcase classname="ptolemy.util.test.junit.AutoTests" name="[74] /home/travis/build/icyphy/ptII/ptolemy/domains/de/test/auto/TwoSigmaDelta.xml (RunModel)" time="2.099" />
  <testcase classname="ptolemy.util.test.junit.AutoTests" name="[75] /home/travis/build/icyphy/ptII/ptolemy/domains/de/test/auto/VariableDelay.xml (RunModel)" time="0.013" />
  <testcase classname="ptolemy.util.test.junit.AutoTests" name="[76] /home/travis/build/icyphy/ptII/ptolemy/domains/de/test/auto/VariableDelay2.xml (RunModel)" time="0.009" />
  <testcase classname="ptolemy.util.test.junit.AutoTests" name="[77] /home/travis/build/icyphy/ptII/ptolemy/domains/de/test/auto/VariableDelayZeroDelay.xml (RunModel)" time="0.01" />
  <testcase classname="ptolemy.util.test.junit.AutoTests" name="[78] /home/travis/build/icyphy/ptII/ptolemy/domains/de/test/auto/VariableDelayZeroDelay2.xml (RunModel)" time="0.009" />
  <testcase classname="ptolemy.util.test.junit.AutoTests" name="[79] /home/travis/build/icyphy/ptII/ptolemy/domains/de/test/auto/deInCt.xml (RunModel)" time="0.013" />
  <testcase classname="ptolemy.util.test.junit.AutoTests" name="[80] /home/travis/build/icyphy/ptII/ptolemy/domains/de/test/auto/deInCt2.xml (RunModel)" time="0.014" />
  <testcase classname="ptolemy.util.test.junit.AutoTests" name="[81] /home/travis/build/icyphy/ptII/ptolemy/domains/de/test/auto/dynamicCausalityInterface1.xml (RunModel)" time="0.02" />
  <testcase classname="ptolemy.util.test.junit.AutoTests" name="[82] /home/travis/build/icyphy/ptII/ptolemy/domains/de/test/auto/fsm_de_test.xml (RunModel)" time="0.021" />
  <testcase classname="ptolemy.util.test.junit.AutoTests" name="[83] /home/travis/build/icyphy/ptII/ptolemy/domains/de/test/auto/functionDependencyReconstruction.xml (RunModel)" time="0.031" />
  <testcase classname="ptolemy.util.test.junit.AutoTests" name="[84] /home/travis/build/icyphy/ptII/ptolemy/domains/de/test/auto/multirate.xml (RunModel)" time="0.016" />
  <testcase classname="ptolemy.util.test.junit.AutoTests" name="[85] /home/travis/build/icyphy/ptII/ptolemy/domains/de/test/auto/multirate2.xml (RunModel)" time="0.014" />
  <testcase classname="ptolemy.util.test.junit.AutoTests" name="[86] /home/travis/build/icyphy/ptII/ptolemy/domains/de/test/auto/realtime.xml (RunModel)" time="10.01" />
  <testcase classname="ptolemy.util.test.junit.AutoTests" name="[87] /home/travis/build/icyphy/ptII/ptolemy/domains/de/test/auto/relationGroup.xml (RunModel)" time="0.011" />
  <testcase classname="ptolemy.util.test.junit.AutoTests" name="[88] /home/travis/build/icyphy/ptII/ptolemy/domains/de/test/auto/relationGroup2.xml (RunModel)" time="0.007" />
  <testcase classname="ptolemy.util.test.junit.AutoTests" name="[89] /home/travis/build/icyphy/ptII/ptolemy/domains/de/test/auto/sortWithOpaquePorts.xml (RunModel)" time="0.01" />
  <testcase classname="ptolemy.util.test.junit.AutoTests" name="[90] /home/travis/build/icyphy/ptII/ptolemy/domains/de/test/auto/transferInputsandOutputs.xml (RunModel)" time="0.012" />
  <testcase classname="ptolemy.util.test.junit.AutoTests" name="[91] /home/travis/build/icyphy/ptII/ptolemy/domains/de/test/auto/triggerType.xml (RunModel)" time="0.007" />
  <system-out><![CDATA[/home/travis/build/icyphy/ptII/ptolemy/domains/de/test/DependencyLoop.tcl
testDefs.tcl: setting time out to 9000 seconds at Sat Oct 20 02:35:00 UTC 2018
28 ms. Memory: 116224K Free: 93474K (80%)
15 ms. Memory: 146944K Free: 135467K (92%)
/home/travis/build/icyphy/ptII/ptolemy/domains/de/test/RunDETestsAsQSS.tcl
Run the DE tests using ptolemy.domains.qss.test.QSSDirectorTest, which extends QSSDirector and prints a message in the constructors.
------------------ testing $PTII/ptolemy/domains/de/test/auto/knownFailedTests/dependencyLoop.xml (Known Failure) 
8 ms. Memory: 146944K Free: 132355K (90%)


==== $PTIIhome/travis/build/icyphy/ptII/ptolemy/domains/de/test/../../../../: Auto Automatic test in file $PTII/ptolemy/domains/de/test/auto/knownFailedTests/dependencyLoop.xml
==== Contents of test case:

	    # FIXME: we should use $relativeFilename here, but it
	    # might have backslashes under Windows, which causes no end
	    # of trouble.
	    createAndExecute $file
	    list {}
	
.... Test generated KNOWN error:
    while executing
ptolemy.kernel.util.IllegalActionException: Found a zero delay loop containing .dependencyLoop.original
  in .dependencyLoop and .dependencyLoop.original
	at ptolemy.actor.util.CausalityInterfaceForComposites._computeOutputPortDepth(CausalityInterfaceForComposites.java:759)
	at ptolemy.actor.util.CausalityInterfaceForComposites._computeInputDepth(CausalityInterfaceForComposites.java:696)
	at ptolemy.actor.util.CausalityInterfaceForComposites._computeOutputPortDepth(CausalityInterfaceForComposites.java:765)
	at ptolemy.actor.util.CausalityInterfaceForComposites._computeInputDepth(CausalityInterfaceForComposites.java:696)
	at ptolemy.actor.util.CausalityInterfaceForComposites._computeOutputPortDepth(CausalityInterfaceForComposites.java:765)
	at ptolemy.actor.util.CausalityInterfaceForComposites._computeInputDepth(CausalityInterfaceForComposites.java:696)
	at ptolemy.actor.util.CausalityInterfaceForComposites._computeActorDepth(CausalityInterfaceForComposites.java:532)
	at ptolemy.actor.util.CausalityInterfaceForComposites.checkForCycles(CausalityInterfaceForComposites.java:96)
	at ptolemy.domains.de.kernel.DEDirector.preinitialize(DEDirector.java:1338)
	at ptolemy.actor.CompositeActor.preinitialize(CompositeActor.java:1828)
	at ptolemy.actor.Manager.preinitializeAndResolveTypes(Manager.java:1040)
	at ptolemy.actor.Manager.initialize(Manager.java:710)
	at ptolemy.actor.Manager.execute(Manager.java:356)
	at ptolemy.actor.Manager.run(Manager.java:1263)
	at ptolemy.actor.Manager$PtolemyRunThread.run(Manager.java:1915)

    while executing
ptolemy.kernel.util.IllegalActionException: Found a zero delay loop containing .dependencyLoop.original
  in .dependencyLoop and .dependencyLoop.original
    while executing
"java::new ptolemy.moml.MoMLSimpleApplication $file
"
    (procedure "createAndExecute" line 2)
    invoked from within
"createAndExecute $file"
    ("uplevel" body line 5)
    invoked from within
"uplevel $contents_of_test"
------------------ testing $PTII/ptolemy/domains/de/test/auto/knownFailedTests/DESDFClockTest.xml (Known Failure) 
2063 ms. Memory: 146944K Free: 116562K (79%)


==== $PTIIhome/travis/build/icyphy/ptII/ptolemy/domains/de/test/../../../../: Auto Automatic test in file $PTII/ptolemy/domains/de/test/auto/knownFailedTests/DESDFClockTest.xml
==== Contents of test case:

	    # FIXME: we should use $relativeFilename here, but it
	    # might have backslashes under Windows, which causes no end
	    # of trouble.
	    createAndExecute $file
	    list {}
	
.... Test generated KNOWN error:
    while executing
ptolemy.kernel.util.IllegalActionException: Actor is not ready to fire.  Perhaps UpSample.prefire() returned false? Try debugging the actor by selecting "Listen to Actor".  Also, for SDF check moml for tokenConsumptionRate on input.
  in .DESDFClockTest.Play Bell.Copy1:SDF Director and .DESDFClockTest.Play Bell.UpSample
	at ptolemy.actor.sched.StaticSchedulingDirector.fire(StaticSchedulingDirector.java:227)
	at ptolemy.domains.sdf.kernel.SDFDirector.fire(SDFDirector.java:500)
	at ptolemy.actor.CompositeActor.fire(CompositeActor.java:455)
	at ptolemy.domains.de.kernel.DEDirector._fire(DEDirector.java:1949)
	at ptolemy.domains.de.kernel.DEDirector.fire(DEDirector.java:502)
	at ptolemy.actor.CompositeActor.fire(CompositeActor.java:455)
	at ptolemy.actor.Manager.iterate(Manager.java:851)
	at ptolemy.actor.Manager.execute(Manager.java:369)
	at ptolemy.actor.Manager.run(Manager.java:1263)
	at ptolemy.actor.Manager$PtolemyRunThread.run(Manager.java:1915)

    while executing
ptolemy.kernel.util.IllegalActionException: Actor is not ready to fire.  Perhaps UpSample.prefire() returned false? Try debugging the actor by selecting "Listen to Actor".  Also, for SDF check moml for tokenConsumptionRate on input.
  in .DESDFClockTest.Play Bell.Copy1:SDF Director and .DESDFClockTest.Play Bell.UpSample
    while executing
"java::new ptolemy.moml.MoMLSimpleApplication $file
"
    (procedure "createAndExecute" line 2)
    invoked from within
"createAndExecute $file"
    ("uplevel" body line 5)
    invoked from within
"uplevel $contents_of_test"
------------------ testing $PTII/ptolemy/domains/de/test/auto/knownFailedTests/FSMSource.xml (Known Failure) 
22 ms. Memory: 146944K Free: 107626K (73%)
!!!! Auto was marked as failing, but now passes
------------------ testing $PTII/ptolemy/domains/de/test/auto/knownFailedTests/dependencyLoop2.xml (Known Failure) 
5 ms. Memory: 146944K Free: 105743K (72%)


==== $PTIIhome/travis/build/icyphy/ptII/ptolemy/domains/de/test/../../../../: Auto Automatic test in file $PTII/ptolemy/domains/de/test/auto/knownFailedTests/dependencyLoop2.xml
==== Contents of test case:

	    # FIXME: we should use $relativeFilename here, but it
	    # might have backslashes under Windows, which causes no end
	    # of trouble.
	    createAndExecute $file
	    list {}
	
.... Test generated KNOWN error:
    while executing
ptolemy.kernel.util.IllegalActionException: Found a zero delay loop containing .dependencyLoop2.original
  in .dependencyLoop2 and .dependencyLoop2.original
	at ptolemy.actor.util.CausalityInterfaceForComposites._computeOutputPortDepth(CausalityInterfaceForComposites.java:759)
	at ptolemy.actor.util.CausalityInterfaceForComposites._computeInputDepth(CausalityInterfaceForComposites.java:696)
	at ptolemy.actor.util.CausalityInterfaceForComposites._computeOutputPortDepth(CausalityInterfaceForComposites.java:765)
	at ptolemy.actor.util.CausalityInterfaceForComposites._computeInputDepth(CausalityInterfaceForComposites.java:696)
	at ptolemy.actor.util.CausalityInterfaceForComposites._computeOutputPortDepth(CausalityInterfaceForComposites.java:765)
	at ptolemy.actor.util.CausalityInterfaceForComposites._computeInputDepth(CausalityInterfaceForComposites.java:696)
	at ptolemy.actor.util.CausalityInterfaceForComposites._computeActorDepth(CausalityInterfaceForComposites.java:532)
	at ptolemy.actor.util.CausalityInterfaceForComposites.checkForCycles(CausalityInterfaceForComposites.java:96)
	at ptolemy.domains.de.kernel.DEDirector.preinitialize(DEDirector.java:1338)
	at ptolemy.actor.CompositeActor.preinitialize(CompositeActor.java:1828)
	at ptolemy.actor.Manager.preinitializeAndResolveTypes(Manager.java:1040)
	at ptolemy.actor.Manager.initialize(Manager.java:710)
	at ptolemy.actor.Manager.execute(Manager.java:356)
	at ptolemy.actor.Manager.run(Manager.java:1263)
	at ptolemy.actor.Manager$PtolemyRunThread.run(Manager.java:1915)

    while executing
ptolemy.kernel.util.IllegalActionException: Found a zero delay loop containing .dependencyLoop2.original
  in .dependencyLoop2 and .dependencyLoop2.original
    while executing
"java::new ptolemy.moml.MoMLSimpleApplication $file
"
    (procedure "createAndExecute" line 2)
    invoked from within
"createAndExecute $file"
    ("uplevel" body line 5)
    invoked from within
"uplevel $contents_of_test"
------------------ testing $PTII/ptolemy/domains/de/test/auto/knownFailedTests/HierarchicalModel.xml (Known Failure) 
7 ms. Memory: 146944K Free: 85210K (58%)


==== $PTIIhome/travis/build/icyphy/ptII/ptolemy/domains/de/test/../../../../: Auto Automatic test in file $PTII/ptolemy/domains/de/test/auto/knownFailedTests/HierarchicalModel.xml
==== Contents of test case:

	    # FIXME: we should use $relativeFilename here, but it
	    # might have backslashes under Windows, which causes no end
	    # of trouble.
	    createAndExecute $file
	    list {}
	
.... Test generated KNOWN error:
    while executing
ptolemy.kernel.util.IllegalActionException: Found a zero delay loop containing .HierarchicalModel.A
  in .HierarchicalModel and .HierarchicalModel.A
	at ptolemy.actor.util.CausalityInterfaceForComposites._computeOutputPortDepth(CausalityInterfaceForComposites.java:759)
	at ptolemy.actor.util.CausalityInterfaceForComposites._computeInputDepth(CausalityInterfaceForComposites.java:696)
	at ptolemy.actor.util.CausalityInterfaceForComposites._computeOutputPortDepth(CausalityInterfaceForComposites.java:765)
	at ptolemy.actor.util.CausalityInterfaceForComposites._computeInputDepth(CausalityInterfaceForComposites.java:696)
	at ptolemy.actor.util.CausalityInterfaceForComposites._computeOutputPortDepth(CausalityInterfaceForComposites.java:765)
	at ptolemy.actor.util.CausalityInterfaceForComposites._computeInputDepth(CausalityInterfaceForComposites.java:696)
	at ptolemy.actor.util.CausalityInterfaceForComposites._computeActorDepth(CausalityInterfaceForComposites.java:532)
	at ptolemy.actor.util.CausalityInterfaceForComposites.checkForCycles(CausalityInterfaceForComposites.java:96)
	at ptolemy.domains.de.kernel.DEDirector.preinitialize(DEDirector.java:1338)
	at ptolemy.actor.CompositeActor.preinitialize(CompositeActor.java:1828)
	at ptolemy.actor.Manager.preinitializeAndResolveTypes(Manager.java:1040)
	at ptolemy.actor.Manager.initialize(Manager.java:710)
	at ptolemy.actor.Manager.execute(Manager.java:356)
	at ptolemy.actor.Manager.run(Manager.java:1263)
	at ptolemy.actor.Manager$PtolemyRunThread.run(Manager.java:1915)

    while executing
ptolemy.kernel.util.IllegalActionException: Found a zero delay loop containing .HierarchicalModel.A
  in .HierarchicalModel and .HierarchicalModel.A
    while executing
"java::new ptolemy.moml.MoMLSimpleApplication $file
"
    (procedure "createAndExecute" line 2)
    invoked from within
"createAndExecute $file"
    ("uplevel" body line 5)
    invoked from within
"uplevel $contents_of_test"
------------------ testing $PTII/ptolemy/domains/de/test/auto/knownFailedTests/DirectFeedback.xml (Known Failure) 
15 ms. Memory: 146944K Free: 141125K (96%)


==== $PTIIhome/travis/build/icyphy/ptII/ptolemy/domains/de/test/../../../../: Auto Automatic test in file $PTII/ptolemy/domains/de/test/auto/knownFailedTests/DirectFeedback.xml
==== Contents of test case:

	    # FIXME: we should use $relativeFilename here, but it
	    # might have backslashes under Windows, which causes no end
	    # of trouble.
	    createAndExecute $file
	    list {}
	
.... Test generated KNOWN error:
    while executing
ptolemy.kernel.util.IllegalActionException: Test fails in iteration 1.
Value was: 1.0. Should have been: 2.0
  in .DirectFeedback.Test
	at ptolemy.actor.lib.Test.fire(Test.java:268)
	at ptolemy.domains.de.kernel.DEDirector._fire(DEDirector.java:1949)
	at ptolemy.domains.de.kernel.DEDirector.fire(DEDirector.java:502)
	at ptolemy.actor.CompositeActor.fire(CompositeActor.java:455)
	at ptolemy.actor.Manager.iterate(Manager.java:851)
	at ptolemy.actor.Manager.execute(Manager.java:369)
	at ptolemy.actor.Manager.run(Manager.java:1263)
	at ptolemy.actor.Manager$PtolemyRunThread.run(Manager.java:1915)

    while executing
ptolemy.kernel.util.IllegalActionException: Test fails in iteration 1.
Value was: 1.0. Should have been: 2.0
  in .DirectFeedback.Test
    while executing
"java::new ptolemy.moml.MoMLSimpleApplication $file
"
    (procedure "createAndExecute" line 2)
    invoked from within
"createAndExecute $file"
    ("uplevel" body line 5)
    invoked from within
"uplevel $contents_of_test"
------------------ testing $PTII/ptolemy/domains/de/test/auto/ActorDepthCalculation_actorWithoutPorts.xml
auto.tcl: Setting watchdog for 200 seconds at Sat Oct 20 02:35:03 UTC 2018
4 ms. Memory: 146944K Free: 132474K (90%)
ptolemy.util.test.WatchDog.cancel(): canceling Sat Oct 20 02:35:03 UTC 2018
auto.tcl: Setting watchdog for 200 seconds at Sat Oct 20 02:35:03 UTC 2018
4 ms. Memory: 146944K Free: 131442K (89%)
ptolemy.util.test.WatchDog.cancel(): canceling Sat Oct 20 02:35:03 UTC 2018
------------------ testing $PTII/ptolemy/domains/de/test/auto/AssemblyLine.xml
auto.tcl: Setting watchdog for 200 seconds at Sat Oct 20 02:35:03 UTC 2018
27 ms. Memory: 208384K Free: 182862K (88%)
ptolemy.util.test.WatchDog.cancel(): canceling Sat Oct 20 02:35:04 UTC 2018
auto.tcl: Setting watchdog for 200 seconds at Sat Oct 20 02:35:04 UTC 2018
10 ms. Memory: 208384K Free: 182862K (88%)
ptolemy.util.test.WatchDog.cancel(): canceling Sat Oct 20 02:35:04 UTC 2018
------------------ testing $PTII/ptolemy/domains/de/test/auto/CQBug1.xml
auto.tcl: Setting watchdog for 200 seconds at Sat Oct 20 02:35:04 UTC 2018
8 ms. Memory: 208384K Free: 197720K (95%)
ptolemy.util.test.WatchDog.cancel(): canceling Sat Oct 20 02:35:04 UTC 2018
auto.tcl: Setting watchdog for 200 seconds at Sat Oct 20 02:35:04 UTC 2018
2 ms. Memory: 208384K Free: 197720K (95%)
ptolemy.util.test.WatchDog.cancel(): canceling Sat Oct 20 02:35:04 UTC 2018
------------------ testing $PTII/ptolemy/domains/de/test/auto/CancelFireAt.xml
auto.tcl: Setting watchdog for 200 seconds at Sat Oct 20 02:35:04 UTC 2018
7 ms. Memory: 208384K Free: 201090K (96%)
ptolemy.util.test.WatchDog.cancel(): canceling Sat Oct 20 02:35:04 UTC 2018
auto.tcl: Setting watchdog for 200 seconds at Sat Oct 20 02:35:04 UTC 2018
10 ms. Memory: 208384K Free: 198998K (95%)
ptolemy.util.test.WatchDog.cancel(): canceling Sat Oct 20 02:35:04 UTC 2018
------------------ testing $PTII/ptolemy/domains/de/test/auto/CausalityAndComposabilityAnalysis.xml
auto.tcl: Setting watchdog for 200 seconds at Sat Oct 20 02:35:04 UTC 2018
19 ms. Memory: 208384K Free: 196833K (94%)
ptolemy.util.test.WatchDog.cancel(): canceling Sat Oct 20 02:35:04 UTC 2018
auto.tcl: Setting watchdog for 200 seconds at Sat Oct 20 02:35:04 UTC 2018
7 ms. Memory: 208384K Free: 196496K (94%)
ptolemy.util.test.WatchDog.cancel(): canceling Sat Oct 20 02:35:04 UTC 2018
------------------ testing $PTII/ptolemy/domains/de/test/auto/CausalityInterface1.xml
auto.tcl: Setting watchdog for 200 seconds at Sat Oct 20 02:35:04 UTC 2018
8 ms. Memory: 208384K Free: 196409K (94%)
ptolemy.util.test.WatchDog.cancel(): canceling Sat Oct 20 02:35:04 UTC 2018
auto.tcl: Setting watchdog for 200 seconds at Sat Oct 20 02:35:04 UTC 2018
4 ms. Memory: 208384K Free: 196409K (94%)
ptolemy.util.test.WatchDog.cancel(): canceling Sat Oct 20 02:35:04 UTC 2018
------------------ testing $PTII/ptolemy/domains/de/test/auto/CausalityInterface15.xml
auto.tcl: Setting watchdog for 200 seconds at Sat Oct 20 02:35:04 UTC 2018
4 ms. Memory: 208384K Free: 196417K (94%)
ptolemy.util.test.WatchDog.cancel(): canceling Sat Oct 20 02:35:04 UTC 2018
auto.tcl: Setting watchdog for 200 seconds at Sat Oct 20 02:35:04 UTC 2018
4 ms. Memory: 208384K Free: 196417K (94%)
ptolemy.util.test.WatchDog.cancel(): canceling Sat Oct 20 02:35:04 UTC 2018
------------------ testing $PTII/ptolemy/domains/de/test/auto/CausalityInterface2.xml
auto.tcl: Setting watchdog for 200 seconds at Sat Oct 20 02:35:04 UTC 2018
8 ms. Memory: 208384K Free: 196385K (94%)
ptolemy.util.test.WatchDog.cancel(): canceling Sat Oct 20 02:35:04 UTC 2018
auto.tcl: Setting watchdog for 200 seconds at Sat Oct 20 02:35:04 UTC 2018
2 ms. Memory: 208384K Free: 196385K (94%)
ptolemy.util.test.WatchDog.cancel(): canceling Sat Oct 20 02:35:04 UTC 2018
------------------ testing $PTII/ptolemy/domains/de/test/auto/CausalityInterface3.xml
auto.tcl: Setting watchdog for 200 seconds at Sat Oct 20 02:35:04 UTC 2018
6 ms. Memory: 208384K Free: 196751K (94%)
ptolemy.util.test.WatchDog.cancel(): canceling Sat Oct 20 02:35:04 UTC 2018
auto.tcl: Setting watchdog for 200 seconds at Sat Oct 20 02:35:04 UTC 2018
3 ms. Memory: 208384K Free: 196414K (94%)
ptolemy.util.test.WatchDog.cancel(): canceling Sat Oct 20 02:35:04 UTC 2018
------------------ testing $PTII/ptolemy/domains/de/test/auto/ClockDrift.xml
auto.tcl: Setting watchdog for 200 seconds at Sat Oct 20 02:35:04 UTC 2018
89 ms. Memory: 208384K Free: 187637K (90%)
ptolemy.util.test.WatchDog.cancel(): canceling Sat Oct 20 02:35:04 UTC 2018
auto.tcl: Setting watchdog for 200 seconds at Sat Oct 20 02:35:04 UTC 2018
34 ms. Memory: 208384K Free: 185529K (89%)
ptolemy.util.test.WatchDog.cancel(): canceling Sat Oct 20 02:35:04 UTC 2018
------------------ testing $PTII/ptolemy/domains/de/test/auto/ClockDriftAndValueChange.xml
auto.tcl: Setting watchdog for 200 seconds at Sat Oct 20 02:35:05 UTC 2018
25 ms. Memory: 208384K Free: 187471K (90%)
ptolemy.util.test.WatchDog.cancel(): canceling Sat Oct 20 02:35:05 UTC 2018
auto.tcl: Setting watchdog for 200 seconds at Sat Oct 20 02:35:05 UTC 2018
27 ms. Memory: 208384K Free: 185363K (89%)
ptolemy.util.test.WatchDog.cancel(): canceling Sat Oct 20 02:35:05 UTC 2018
------------------ testing $PTII/ptolemy/domains/de/test/auto/ClockDriftChange.xml
auto.tcl: Setting watchdog for 200 seconds at Sat Oct 20 02:35:05 UTC 2018
43 ms. Memory: 208384K Free: 190825K (92%)
ptolemy.util.test.WatchDog.cancel(): canceling Sat Oct 20 02:35:05 UTC 2018
auto.tcl: Setting watchdog for 200 seconds at Sat Oct 20 02:35:05 UTC 2018
27 ms. Memory: 208384K Free: 188717K (91%)
ptolemy.util.test.WatchDog.cancel(): canceling Sat Oct 20 02:35:05 UTC 2018
------------------ testing $PTII/ptolemy/domains/de/test/auto/ComposableCausalityAnalysis.xml
auto.tcl: Setting watchdog for 200 seconds at Sat Oct 20 02:35:05 UTC 2018
1 ms. Memory: 208384K Free: 196272K (94%)
ptolemy.util.test.WatchDog.cancel(): canceling Sat Oct 20 02:35:05 UTC 2018
auto.tcl: Setting watchdog for 200 seconds at Sat Oct 20 02:35:05 UTC 2018
2 ms. Memory: 208384K Free: 194172K (93%)
ptolemy.util.test.WatchDog.cancel(): canceling Sat Oct 20 02:35:05 UTC 2018
------------------ testing $PTII/ptolemy/domains/de/test/auto/DEFixedPointLimitation.xml
auto.tcl: Setting watchdog for 200 seconds at Sat Oct 20 02:35:05 UTC 2018
2 ms. Memory: 208384K Free: 196471K (94%)
ptolemy.util.test.WatchDog.cancel(): canceling Sat Oct 20 02:35:05 UTC 2018
auto.tcl: Setting watchdog for 200 seconds at Sat Oct 20 02:35:05 UTC 2018
1 ms. Memory: 208384K Free: 196471K (94%)
ptolemy.util.test.WatchDog.cancel(): canceling Sat Oct 20 02:35:05 UTC 2018
------------------ testing $PTII/ptolemy/domains/de/test/auto/DEScheduleTest.xml
auto.tcl: Setting watchdog for 200 seconds at Sat Oct 20 02:35:05 UTC 2018
5 ms. Memory: 208384K Free: 198277K (95%)
ptolemy.util.test.WatchDog.cancel(): canceling Sat Oct 20 02:35:05 UTC 2018
auto.tcl: Setting watchdog for 200 seconds at Sat Oct 20 02:35:05 UTC 2018
2 ms. Memory: 208384K Free: 196169K (94%)
ptolemy.util.test.WatchDog.cancel(): canceling Sat Oct 20 02:35:05 UTC 2018
------------------ testing $PTII/ptolemy/domains/de/test/auto/DEinDEwithStartTimes.xml
auto.tcl: Setting watchdog for 200 seconds at Sat Oct 20 02:35:05 UTC 2018
3 ms. Memory: 208384K Free: 196146K (94%)
ptolemy.util.test.WatchDog.cancel(): canceling Sat Oct 20 02:35:05 UTC 2018
auto.tcl: Setting watchdog for 200 seconds at Sat Oct 20 02:35:05 UTC 2018
3 ms. Memory: 208384K Free: 194038K (93%)
ptolemy.util.test.WatchDog.cancel(): canceling Sat Oct 20 02:35:05 UTC 2018
------------------ testing $PTII/ptolemy/domains/de/test/auto/DEinDEwithStartTimes2.xml
auto.tcl: Setting watchdog for 200 seconds at Sat Oct 20 02:35:05 UTC 2018
8 ms. Memory: 208384K Free: 196487K (94%)
ptolemy.util.test.WatchDog.cancel(): canceling Sat Oct 20 02:35:05 UTC 2018
auto.tcl: Setting watchdog for 200 seconds at Sat Oct 20 02:35:05 UTC 2018
4 ms. Memory: 208384K Free: 194041K (93%)
ptolemy.util.test.WatchDog.cancel(): canceling Sat Oct 20 02:35:05 UTC 2018
------------------ testing $PTII/ptolemy/domains/de/test/auto/DateDemo.xml
auto.tcl: Setting watchdog for 200 seconds at Sat Oct 20 02:35:05 UTC 2018
14 ms. Memory: 208384K Free: 188595K (91%)
ptolemy.util.test.WatchDog.cancel(): canceling Sat Oct 20 02:35:05 UTC 2018
auto.tcl: Setting watchdog for 200 seconds at Sat Oct 20 02:35:05 UTC 2018
8 ms. Memory: 208384K Free: 186486K (89%)
ptolemy.util.test.WatchDog.cancel(): canceling Sat Oct 20 02:35:05 UTC 2018
------------------ testing $PTII/ptolemy/domains/de/test/auto/DateToEvent.xml
auto.tcl: Setting watchdog for 200 seconds at Sat Oct 20 02:35:05 UTC 2018
2019 ms. Memory: 208384K Free: 183276K (88%)
ptolemy.util.test.WatchDog.cancel(): canceling Sat Oct 20 02:35:08 UTC 2018
auto.tcl: Setting watchdog for 200 seconds at Sat Oct 20 02:35:08 UTC 2018
2007 ms. Memory: 208384K Free: 180819K (87%)
ptolemy.util.test.WatchDog.cancel(): canceling Sat Oct 20 02:35:10 UTC 2018
------------------ testing $PTII/ptolemy/domains/de/test/auto/DepthTest1.xml
auto.tcl: Setting watchdog for 200 seconds at Sat Oct 20 02:35:10 UTC 2018
4 ms. Memory: 208384K Free: 197480K (95%)
ptolemy.util.test.WatchDog.cancel(): canceling Sat Oct 20 02:35:10 UTC 2018
auto.tcl: Setting watchdog for 200 seconds at Sat Oct 20 02:35:10 UTC 2018
4 ms. Memory: 208384K Free: 197480K (95%)
ptolemy.util.test.WatchDog.cancel(): canceling Sat Oct 20 02:35:10 UTC 2018
------------------ testing $PTII/ptolemy/domains/de/test/auto/DepthTest2.xml
auto.tcl: Setting watchdog for 200 seconds at Sat Oct 20 02:35:10 UTC 2018
6 ms. Memory: 208384K Free: 193695K (93%)
ptolemy.util.test.WatchDog.cancel(): canceling Sat Oct 20 02:35:10 UTC 2018
auto.tcl: Setting watchdog for 200 seconds at Sat Oct 20 02:35:10 UTC 2018
3 ms. Memory: 208384K Free: 193695K (93%)
ptolemy.util.test.WatchDog.cancel(): canceling Sat Oct 20 02:35:10 UTC 2018
------------------ testing $PTII/ptolemy/domains/de/test/auto/DepthTest3.xml
auto.tcl: Setting watchdog for 200 seconds at Sat Oct 20 02:35:10 UTC 2018
2 ms. Memory: 208384K Free: 198151K (95%)
ptolemy.util.test.WatchDog.cancel(): canceling Sat Oct 20 02:35:10 UTC 2018
auto.tcl: Setting watchdog for 200 seconds at Sat Oct 20 02:35:10 UTC 2018
2 ms. Memory: 208384K Free: 198151K (95%)
ptolemy.util.test.WatchDog.cancel(): canceling Sat Oct 20 02:35:10 UTC 2018
------------------ testing $PTII/ptolemy/domains/de/test/auto/DepthTest4.xml
auto.tcl: Setting watchdog for 200 seconds at Sat Oct 20 02:35:10 UTC 2018
7 ms. Memory: 208384K Free: 195809K (94%)
ptolemy.util.test.WatchDog.cancel(): canceling Sat Oct 20 02:35:10 UTC 2018
auto.tcl: Setting watchdog for 200 seconds at Sat Oct 20 02:35:10 UTC 2018
3 ms. Memory: 208384K Free: 195809K (94%)
ptolemy.util.test.WatchDog.cancel(): canceling Sat Oct 20 02:35:10 UTC 2018
------------------ testing $PTII/ptolemy/domains/de/test/auto/DepthTest5.xml
auto.tcl: Setting watchdog for 200 seconds at Sat Oct 20 02:35:10 UTC 2018
3 ms. Memory: 208384K Free: 195772K (94%)
ptolemy.util.test.WatchDog.cancel(): canceling Sat Oct 20 02:35:10 UTC 2018
auto.tcl: Setting watchdog for 200 seconds at Sat Oct 20 02:35:10 UTC 2018
3 ms. Memory: 208384K Free: 195772K (94%)
ptolemy.util.test.WatchDog.cancel(): canceling Sat Oct 20 02:35:10 UTC 2018
------------------ testing $PTII/ptolemy/domains/de/test/auto/DepthTest6.xml
auto.tcl: Setting watchdog for 200 seconds at Sat Oct 20 02:35:10 UTC 2018
6 ms. Memory: 208384K Free: 196086K (94%)
ptolemy.util.test.WatchDog.cancel(): canceling Sat Oct 20 02:35:10 UTC 2018
auto.tcl: Setting watchdog for 200 seconds at Sat Oct 20 02:35:10 UTC 2018
3 ms. Memory: 208384K Free: 196086K (94%)
ptolemy.util.test.WatchDog.cancel(): canceling Sat Oct 20 02:35:10 UTC 2018
------------------ testing $PTII/ptolemy/domains/de/test/auto/DepthTest7.xml
auto.tcl: Setting watchdog for 200 seconds at Sat Oct 20 02:35:10 UTC 2018
2 ms. Memory: 208384K Free: 195697K (94%)
ptolemy.util.test.WatchDog.cancel(): canceling Sat Oct 20 02:35:10 UTC 2018
auto.tcl: Setting watchdog for 200 seconds at Sat Oct 20 02:35:10 UTC 2018
2 ms. Memory: 208384K Free: 195697K (94%)
ptolemy.util.test.WatchDog.cancel(): canceling Sat Oct 20 02:35:10 UTC 2018
------------------ testing $PTII/ptolemy/domains/de/test/auto/EventToDate.xml
auto.tcl: Setting watchdog for 200 seconds at Sat Oct 20 02:35:10 UTC 2018
3009 ms. Memory: 208384K Free: 185249K (89%)
ptolemy.util.test.WatchDog.cancel(): canceling Sat Oct 20 02:35:13 UTC 2018
auto.tcl: Setting watchdog for 200 seconds at Sat Oct 20 02:35:13 UTC 2018
3003 ms. Memory: 208384K Free: 185249K (89%)
ptolemy.util.test.WatchDog.cancel(): canceling Sat Oct 20 02:35:16 UTC 2018
------------------ testing $PTII/ptolemy/domains/de/test/auto/FSM1.xml
auto.tcl: Setting watchdog for 200 seconds at Sat Oct 20 02:35:16 UTC 2018
40 ms. Memory: 208384K Free: 188740K (91%)
ptolemy.util.test.WatchDog.cancel(): canceling Sat Oct 20 02:35:16 UTC 2018
auto.tcl: Setting watchdog for 200 seconds at Sat Oct 20 02:35:16 UTC 2018
23 ms. Memory: 208384K Free: 184548K (89%)
ptolemy.util.test.WatchDog.cancel(): canceling Sat Oct 20 02:35:16 UTC 2018
------------------ testing $PTII/ptolemy/domains/de/test/auto/FSM7.xml
auto.tcl: Setting watchdog for 200 seconds at Sat Oct 20 02:35:16 UTC 2018
27 ms. Memory: 208384K Free: 186859K (90%)
ptolemy.util.test.WatchDog.cancel(): canceling Sat Oct 20 02:35:16 UTC 2018
auto.tcl: Setting watchdog for 200 seconds at Sat Oct 20 02:35:16 UTC 2018
15 ms. Memory: 208384K Free: 184750K (89%)
ptolemy.util.test.WatchDog.cancel(): canceling Sat Oct 20 02:35:16 UTC 2018
------------------ testing $PTII/ptolemy/domains/de/test/auto/Inspection.xml
auto.tcl: Setting watchdog for 200 seconds at Sat Oct 20 02:35:17 UTC 2018
18 ms. Memory: 208384K Free: 188402K (90%)
ptolemy.util.test.WatchDog.cancel(): canceling Sat Oct 20 02:35:17 UTC 2018
auto.tcl: Setting watchdog for 200 seconds at Sat Oct 20 02:35:17 UTC 2018
27 ms. Memory: 208384K Free: 186294K (89%)
ptolemy.util.test.WatchDog.cancel(): canceling Sat Oct 20 02:35:17 UTC 2018
------------------ testing $PTII/ptolemy/domains/de/test/auto/Iteration.xml
auto.tcl: Setting watchdog for 200 seconds at Sat Oct 20 02:35:17 UTC 2018
7 ms. Memory: 208384K Free: 195856K (94%)
ptolemy.util.test.WatchDog.cancel(): canceling Sat Oct 20 02:35:17 UTC 2018
auto.tcl: Setting watchdog for 200 seconds at Sat Oct 20 02:35:17 UTC 2018
7 ms. Memory: 208384K Free: 193748K (93%)
ptolemy.util.test.WatchDog.cancel(): canceling Sat Oct 20 02:35:17 UTC 2018
------------------ testing $PTII/ptolemy/domains/de/test/auto/LineFault.xml
auto.tcl: Setting watchdog for 200 seconds at Sat Oct 20 02:35:17 UTC 2018
712 ms. Memory: 208384K Free: 195978K (94%)
ptolemy.util.test.WatchDog.cancel(): canceling Sat Oct 20 02:35:18 UTC 2018
auto.tcl: Setting watchdog for 200 seconds at Sat Oct 20 02:35:18 UTC 2018
606 ms. Memory: 208384K Free: 138764K (67%)
ptolemy.util.test.WatchDog.cancel(): canceling Sat Oct 20 02:35:18 UTC 2018
------------------ testing $PTII/ptolemy/domains/de/test/auto/MergeModel1Add.xml
auto.tcl: Setting watchdog for 200 seconds at Sat Oct 20 02:35:18 UTC 2018
26 ms. Memory: 331264K Free: 298283K (90%)
ptolemy.util.test.WatchDog.cancel(): canceling Sat Oct 20 02:35:19 UTC 2018
auto.tcl: Setting watchdog for 200 seconds at Sat Oct 20 02:35:19 UTC 2018
10 ms. Memory: 331264K Free: 298283K (90%)
ptolemy.util.test.WatchDog.cancel(): canceling Sat Oct 20 02:35:19 UTC 2018
------------------ testing $PTII/ptolemy/domains/de/test/auto/MergeModel2Add.xml
auto.tcl: Setting watchdog for 200 seconds at Sat Oct 20 02:35:19 UTC 2018
9 ms. Memory: 331264K Free: 303570K (92%)
ptolemy.util.test.WatchDog.cancel(): canceling Sat Oct 20 02:35:19 UTC 2018
auto.tcl: Setting watchdog for 200 seconds at Sat Oct 20 02:35:19 UTC 2018
12 ms. Memory: 331264K Free: 299613K (90%)
ptolemy.util.test.WatchDog.cancel(): canceling Sat Oct 20 02:35:19 UTC 2018
------------------ testing $PTII/ptolemy/domains/de/test/auto/MergeModel3Add.xml
auto.tcl: Setting watchdog for 200 seconds at Sat Oct 20 02:35:19 UTC 2018
10 ms. Memory: 331264K Free: 303580K (92%)
ptolemy.util.test.WatchDog.cancel(): canceling Sat Oct 20 02:35:19 UTC 2018
auto.tcl: Setting watchdog for 200 seconds at Sat Oct 20 02:35:19 UTC 2018
7 ms. Memory: 331264K Free: 299631K (90%)
ptolemy.util.test.WatchDog.cancel(): canceling Sat Oct 20 02:35:19 UTC 2018
------------------ testing $PTII/ptolemy/domains/de/test/auto/MergeWithoutDiscard.xml
auto.tcl: Setting watchdog for 200 seconds at Sat Oct 20 02:35:19 UTC 2018
4 ms. Memory: 331264K Free: 319691K (97%)
ptolemy.util.test.WatchDog.cancel(): canceling Sat Oct 20 02:35:19 UTC 2018
auto.tcl: Setting watchdog for 200 seconds at Sat Oct 20 02:35:19 UTC 2018
1 ms. Memory: 331264K Free: 315742K (95%)
ptolemy.util.test.WatchDog.cancel(): canceling Sat Oct 20 02:35:19 UTC 2018
------------------ testing $PTII/ptolemy/domains/de/test/auto/Modal1.xml
auto.tcl: Setting watchdog for 200 seconds at Sat Oct 20 02:35:19 UTC 2018
20 ms. Memory: 331264K Free: 309341K (93%)
ptolemy.util.test.WatchDog.cancel(): canceling Sat Oct 20 02:35:19 UTC 2018
auto.tcl: Setting watchdog for 200 seconds at Sat Oct 20 02:35:19 UTC 2018
17 ms. Memory: 331264K Free: 305391K (92%)
ptolemy.util.test.WatchDog.cancel(): canceling Sat Oct 20 02:35:19 UTC 2018
------------------ testing $PTII/ptolemy/domains/de/test/auto/Modal2.xml
auto.tcl: Setting watchdog for 200 seconds at Sat Oct 20 02:35:19 UTC 2018
10 ms. Memory: 331264K Free: 309204K (93%)
ptolemy.util.test.WatchDog.cancel(): canceling Sat Oct 20 02:35:19 UTC 2018
auto.tcl: Setting watchdog for 200 seconds at Sat Oct 20 02:35:19 UTC 2018
11 ms. Memory: 331264K Free: 305255K (92%)
ptolemy.util.test.WatchDog.cancel(): canceling Sat Oct 20 02:35:19 UTC 2018
------------------ testing $PTII/ptolemy/domains/de/test/auto/Modal3.xml
auto.tcl: Setting watchdog for 200 seconds at Sat Oct 20 02:35:19 UTC 2018
17 ms. Memory: 331264K Free: 309287K (93%)
ptolemy.util.test.WatchDog.cancel(): canceling Sat Oct 20 02:35:19 UTC 2018
auto.tcl: Setting watchdog for 200 seconds at Sat Oct 20 02:35:19 UTC 2018
13 ms. Memory: 331264K Free: 305036K (92%)
ptolemy.util.test.WatchDog.cancel(): canceling Sat Oct 20 02:35:19 UTC 2018
------------------ testing $PTII/ptolemy/domains/de/test/auto/Modal4.xml
auto.tcl: Setting watchdog for 200 seconds at Sat Oct 20 02:35:19 UTC 2018
15 ms. Memory: 331264K Free: 309006K (93%)
ptolemy.util.test.WatchDog.cancel(): canceling Sat Oct 20 02:35:19 UTC 2018
auto.tcl: Setting watchdog for 200 seconds at Sat Oct 20 02:35:19 UTC 2018
23 ms. Memory: 331264K Free: 305041K (92%)
ptolemy.util.test.WatchDog.cancel(): canceling Sat Oct 20 02:35:19 UTC 2018
------------------ testing $PTII/ptolemy/domains/de/test/auto/Modal5.xml
auto.tcl: Setting watchdog for 200 seconds at Sat Oct 20 02:35:19 UTC 2018
10 ms. Memory: 331264K Free: 308994K (93%)
ptolemy.util.test.WatchDog.cancel(): canceling Sat Oct 20 02:35:19 UTC 2018
auto.tcl: Setting watchdog for 200 seconds at Sat Oct 20 02:35:19 UTC 2018
11 ms. Memory: 331264K Free: 305029K (92%)
ptolemy.util.test.WatchDog.cancel(): canceling Sat Oct 20 02:35:19 UTC 2018
------------------ testing $PTII/ptolemy/domains/de/test/auto/Modal6.xml
auto.tcl: Setting watchdog for 200 seconds at Sat Oct 20 02:35:19 UTC 2018
15 ms. Memory: 331264K Free: 308984K (93%)
ptolemy.util.test.WatchDog.cancel(): canceling Sat Oct 20 02:35:20 UTC 2018
auto.tcl: Setting watchdog for 200 seconds at Sat Oct 20 02:35:20 UTC 2018
16 ms. Memory: 331264K Free: 305019K (92%)
ptolemy.util.test.WatchDog.cancel(): canceling Sat Oct 20 02:35:20 UTC 2018
------------------ testing $PTII/ptolemy/domains/de/test/auto/Modal7.xml
auto.tcl: Setting watchdog for 200 seconds at Sat Oct 20 02:35:20 UTC 2018
16 ms. Memory: 331264K Free: 308992K (93%)
ptolemy.util.test.WatchDog.cancel(): canceling Sat Oct 20 02:35:20 UTC 2018
auto.tcl: Setting watchdog for 200 seconds at Sat Oct 20 02:35:20 UTC 2018
10 ms. Memory: 331264K Free: 305027K (92%)
ptolemy.util.test.WatchDog.cancel(): canceling Sat Oct 20 02:35:20 UTC 2018
------------------ testing $PTII/ptolemy/domains/de/test/auto/ModalModel.xml
auto.tcl: Setting watchdog for 200 seconds at Sat Oct 20 02:35:20 UTC 2018
205 ms. Memory: 331264K Free: 245206K (74%)
ptolemy.util.test.WatchDog.cancel(): canceling Sat Oct 20 02:35:20 UTC 2018
auto.tcl: Setting watchdog for 200 seconds at Sat Oct 20 02:35:20 UTC 2018
172 ms. Memory: 331264K Free: 189757K (57%)
ptolemy.util.test.WatchDog.cancel(): canceling Sat Oct 20 02:35:20 UTC 2018
------------------ testing $PTII/ptolemy/domains/de/test/auto/ModalSource.xml
auto.tcl: Setting watchdog for 200 seconds at Sat Oct 20 02:35:20 UTC 2018
9 ms. Memory: 331264K Free: 315783K (95%)
ptolemy.util.test.WatchDog.cancel(): canceling Sat Oct 20 02:35:20 UTC 2018
auto.tcl: Setting watchdog for 200 seconds at Sat Oct 20 02:35:20 UTC 2018
6 ms. Memory: 331264K Free: 312252K (94%)
ptolemy.util.test.WatchDog.cancel(): canceling Sat Oct 20 02:35:20 UTC 2018
------------------ testing $PTII/ptolemy/domains/de/test/auto/NonInterruptibleTimerZeroDelay.xml
auto.tcl: Setting watchdog for 200 seconds at Sat Oct 20 02:35:20 UTC 2018
4 ms. Memory: 331264K Free: 320153K (97%)
ptolemy.util.test.WatchDog.cancel(): canceling Sat Oct 20 02:35:20 UTC 2018
auto.tcl: Setting watchdog for 200 seconds at Sat Oct 20 02:35:20 UTC 2018
2 ms. Memory: 331264K Free: 316621K (96%)
ptolemy.util.test.WatchDog.cancel(): canceling Sat Oct 20 02:35:20 UTC 2018
------------------ testing $PTII/ptolemy/domains/de/test/auto/OpenQueueingNetwork.xml
auto.tcl: Setting watchdog for 200 seconds at Sat Oct 20 02:35:20 UTC 2018
2521 ms. Memory: 317952K Free: 164105K (52%)
ptolemy.util.test.WatchDog.cancel(): canceling Sat Oct 20 02:35:23 UTC 2018
auto.tcl: Setting watchdog for 200 seconds at Sat Oct 20 02:35:23 UTC 2018
2242 ms. Memory: 287232K Free: 235545K (82%)
ptolemy.util.test.WatchDog.cancel(): canceling Sat Oct 20 02:35:25 UTC 2018
------------------ testing $PTII/ptolemy/domains/de/test/auto/OpenQueuingNetwork.xml
auto.tcl: Setting watchdog for 200 seconds at Sat Oct 20 02:35:25 UTC 2018
229 ms. Memory: 287232K Free: 189853K (66%)
ptolemy.util.test.WatchDog.cancel(): canceling Sat Oct 20 02:35:26 UTC 2018
auto.tcl: Setting watchdog for 200 seconds at Sat Oct 20 02:35:26 UTC 2018
224 ms. Memory: 287232K Free: 129156K (45%)
ptolemy.util.test.WatchDog.cancel(): canceling Sat Oct 20 02:35:26 UTC 2018
------------------ testing $PTII/ptolemy/domains/de/test/auto/PeriodicSampler.xml
auto.tcl: Setting watchdog for 200 seconds at Sat Oct 20 02:35:26 UTC 2018
2 ms. Memory: 289792K Free: 274114K (95%)
ptolemy.util.test.WatchDog.cancel(): canceling Sat Oct 20 02:35:26 UTC 2018
auto.tcl: Setting watchdog for 200 seconds at Sat Oct 20 02:35:26 UTC 2018
2 ms. Memory: 289792K Free: 274114K (95%)
ptolemy.util.test.WatchDog.cancel(): canceling Sat Oct 20 02:35:26 UTC 2018
------------------ testing $PTII/ptolemy/domains/de/test/auto/PersistentIO.xml
auto.tcl: Setting watchdog for 200 seconds at Sat Oct 20 02:35:26 UTC 2018
4 ms. Memory: 287232K Free: 266357K (93%)
ptolemy.util.test.WatchDog.cancel(): canceling Sat Oct 20 02:35:26 UTC 2018
auto.tcl: Setting watchdog for 200 seconds at Sat Oct 20 02:35:26 UTC 2018
4 ms. Memory: 287232K Free: 266357K (93%)
ptolemy.util.test.WatchDog.cancel(): canceling Sat Oct 20 02:35:26 UTC 2018
------------------ testing $PTII/ptolemy/domains/de/test/auto/PortParameterResetOnInitialize.xml
auto.tcl: Setting watchdog for 200 seconds at Sat Oct 20 02:35:26 UTC 2018
5 ms. Memory: 289280K Free: 273961K (95%)
ptolemy.util.test.WatchDog.cancel(): canceling Sat Oct 20 02:35:26 UTC 2018
auto.tcl: Setting watchdog for 200 seconds at Sat Oct 20 02:35:26 UTC 2018
2 ms. Memory: 289280K Free: 273961K (95%)
ptolemy.util.test.WatchDog.cancel(): canceling Sat Oct 20 02:35:26 UTC 2018
------------------ testing $PTII/ptolemy/domains/de/test/auto/PortParameterUpdates.xml
auto.tcl: Setting watchdog for 200 seconds at Sat Oct 20 02:35:26 UTC 2018
3 ms. Memory: 287232K Free: 272147K (95%)
ptolemy.util.test.WatchDog.cancel(): canceling Sat Oct 20 02:35:26 UTC 2018
auto.tcl: Setting watchdog for 200 seconds at Sat Oct 20 02:35:26 UTC 2018
4 ms. Memory: 287232K Free: 269241K (94%)
ptolemy.util.test.WatchDog.cancel(): canceling Sat Oct 20 02:35:26 UTC 2018
------------------ testing $PTII/ptolemy/domains/de/test/auto/QueueAndServer.xml
auto.tcl: Setting watchdog for 200 seconds at Sat Oct 20 02:35:26 UTC 2018
23 ms. Memory: 289280K Free: 273219K (94%)
ptolemy.util.test.WatchDog.cancel(): canceling Sat Oct 20 02:35:26 UTC 2018
auto.tcl: Setting watchdog for 200 seconds at Sat Oct 20 02:35:26 UTC 2018
7 ms. Memory: 289280K Free: 273219K (94%)
ptolemy.util.test.WatchDog.cancel(): canceling Sat Oct 20 02:35:26 UTC 2018
------------------ testing $PTII/ptolemy/domains/de/test/auto/Records.xml
auto.tcl: Setting watchdog for 200 seconds at Sat Oct 20 02:35:26 UTC 2018
4 ms. Memory: 287232K Free: 274009K (95%)
ptolemy.util.test.WatchDog.cancel(): canceling Sat Oct 20 02:35:26 UTC 2018
auto.tcl: Setting watchdog for 200 seconds at Sat Oct 20 02:35:26 UTC 2018
1 ms. Memory: 287232K Free: 274009K (95%)
ptolemy.util.test.WatchDog.cancel(): canceling Sat Oct 20 02:35:26 UTC 2018
------------------ testing $PTII/ptolemy/domains/de/test/auto/ResetTransitionWithStartTime1.xml
auto.tcl: Setting watchdog for 200 seconds at Sat Oct 20 02:35:26 UTC 2018
15 ms. Memory: 288768K Free: 272674K (94%)
ptolemy.util.test.WatchDog.cancel(): canceling Sat Oct 20 02:35:26 UTC 2018
auto.tcl: Setting watchdog for 200 seconds at Sat Oct 20 02:35:26 UTC 2018
5 ms. Memory: 288768K Free: 269768K (93%)
ptolemy.util.test.WatchDog.cancel(): canceling Sat Oct 20 02:35:27 UTC 2018
------------------ testing $PTII/ptolemy/domains/de/test/auto/ResetTransitionWithStartTime2.xml
auto.tcl: Setting watchdog for 200 seconds at Sat Oct 20 02:35:27 UTC 2018
4 ms. Memory: 287232K Free: 271221K (94%)
ptolemy.util.test.WatchDog.cancel(): canceling Sat Oct 20 02:35:27 UTC 2018
auto.tcl: Setting watchdog for 200 seconds at Sat Oct 20 02:35:27 UTC 2018
7 ms. Memory: 287232K Free: 268315K (93%)
ptolemy.util.test.WatchDog.cancel(): canceling Sat Oct 20 02:35:27 UTC 2018
------------------ testing $PTII/ptolemy/domains/de/test/auto/ResetTransitionWithStartTime3.xml
auto.tcl: Setting watchdog for 200 seconds at Sat Oct 20 02:35:27 UTC 2018
7 ms. Memory: 288768K Free: 272663K (94%)
ptolemy.util.test.WatchDog.cancel(): canceling Sat Oct 20 02:35:27 UTC 2018
auto.tcl: Setting watchdog for 200 seconds at Sat Oct 20 02:35:27 UTC 2018
5 ms. Memory: 288768K Free: 269765K (93%)
ptolemy.util.test.WatchDog.cancel(): canceling Sat Oct 20 02:35:27 UTC 2018
------------------ testing $PTII/ptolemy/domains/de/test/auto/ResetTransitionWithStartTime4.xml
auto.tcl: Setting watchdog for 200 seconds at Sat Oct 20 02:35:27 UTC 2018
4 ms. Memory: 287232K Free: 271142K (94%)
ptolemy.util.test.WatchDog.cancel(): canceling Sat Oct 20 02:35:27 UTC 2018
auto.tcl: Setting watchdog for 200 seconds at Sat Oct 20 02:35:27 UTC 2018
3 ms. Memory: 287232K Free: 271142K (94%)
ptolemy.util.test.WatchDog.cancel(): canceling Sat Oct 20 02:35:27 UTC 2018
------------------ testing $PTII/ptolemy/domains/de/test/auto/ResettableTimer1.xml
auto.tcl: Setting watchdog for 200 seconds at Sat Oct 20 02:35:27 UTC 2018
3 ms. Memory: 288768K Free: 275570K (95%)
ptolemy.util.test.WatchDog.cancel(): canceling Sat Oct 20 02:35:27 UTC 2018
auto.tcl: Setting watchdog for 200 seconds at Sat Oct 20 02:35:27 UTC 2018
1 ms. Memory: 288768K Free: 275570K (95%)
ptolemy.util.test.WatchDog.cancel(): canceling Sat Oct 20 02:35:27 UTC 2018
------------------ testing $PTII/ptolemy/domains/de/test/auto/ResettableTimer2.xml
auto.tcl: Setting watchdog for 200 seconds at Sat Oct 20 02:35:27 UTC 2018
2 ms. Memory: 287232K Free: 274178K (95%)
ptolemy.util.test.WatchDog.cancel(): canceling Sat Oct 20 02:35:27 UTC 2018
auto.tcl: Setting watchdog for 200 seconds at Sat Oct 20 02:35:27 UTC 2018
2 ms. Memory: 287232K Free: 274178K (95%)
ptolemy.util.test.WatchDog.cancel(): canceling Sat Oct 20 02:35:27 UTC 2018
------------------ testing $PTII/ptolemy/domains/de/test/auto/ResettableTimer3.xml
auto.tcl: Setting watchdog for 200 seconds at Sat Oct 20 02:35:27 UTC 2018
1 ms. Memory: 288256K Free: 275101K (95%)
ptolemy.util.test.WatchDog.cancel(): canceling Sat Oct 20 02:35:27 UTC 2018
auto.tcl: Setting watchdog for 200 seconds at Sat Oct 20 02:35:27 UTC 2018
1 ms. Memory: 288256K Free: 275101K (95%)
ptolemy.util.test.WatchDog.cancel(): canceling Sat Oct 20 02:35:27 UTC 2018
------------------ testing $PTII/ptolemy/domains/de/test/auto/ResettableTimer4.xml
auto.tcl: Setting watchdog for 200 seconds at Sat Oct 20 02:35:27 UTC 2018
1 ms. Memory: 287232K Free: 274190K (95%)
ptolemy.util.test.WatchDog.cancel(): canceling Sat Oct 20 02:35:27 UTC 2018
auto.tcl: Setting watchdog for 200 seconds at Sat Oct 20 02:35:27 UTC 2018
1 ms. Memory: 287232K Free: 274190K (95%)
ptolemy.util.test.WatchDog.cancel(): canceling Sat Oct 20 02:35:27 UTC 2018
------------------ testing $PTII/ptolemy/domains/de/test/auto/ResettableTimer5.xml
auto.tcl: Setting watchdog for 200 seconds at Sat Oct 20 02:35:27 UTC 2018
2 ms. Memory: 288256K Free: 273154K (95%)
ptolemy.util.test.WatchDog.cancel(): canceling Sat Oct 20 02:35:27 UTC 2018
auto.tcl: Setting watchdog for 200 seconds at Sat Oct 20 02:35:27 UTC 2018
1 ms. Memory: 288256K Free: 273154K (95%)
ptolemy.util.test.WatchDog.cancel(): canceling Sat Oct 20 02:35:27 UTC 2018
------------------ testing $PTII/ptolemy/domains/de/test/auto/ResettableTimer6.xml
auto.tcl: Setting watchdog for 200 seconds at Sat Oct 20 02:35:27 UTC 2018
2 ms. Memory: 287232K Free: 271979K (95%)
ptolemy.util.test.WatchDog.cancel(): canceling Sat Oct 20 02:35:27 UTC 2018
auto.tcl: Setting watchdog for 200 seconds at Sat Oct 20 02:35:27 UTC 2018
1 ms. Memory: 287232K Free: 271979K (95%)
ptolemy.util.test.WatchDog.cancel(): canceling Sat Oct 20 02:35:27 UTC 2018
------------------ testing $PTII/ptolemy/domains/de/test/auto/ServerZeroDelay.xml
auto.tcl: Setting watchdog for 200 seconds at Sat Oct 20 02:35:27 UTC 2018
4 ms. Memory: 288256K Free: 275153K (95%)
ptolemy.util.test.WatchDog.cancel(): canceling Sat Oct 20 02:35:27 UTC 2018
auto.tcl: Setting watchdog for 200 seconds at Sat Oct 20 02:35:27 UTC 2018
2 ms. Memory: 288256K Free: 275153K (95%)
ptolemy.util.test.WatchDog.cancel(): canceling Sat Oct 20 02:35:27 UTC 2018
------------------ testing $PTII/ptolemy/domains/de/test/auto/SmartSender.xml
auto.tcl: Setting watchdog for 200 seconds at Sat Oct 20 02:35:27 UTC 2018
3001 ms. Memory: 287232K Free: 267949K (93%)
ptolemy.util.test.WatchDog.cancel(): canceling Sat Oct 20 02:35:30 UTC 2018
auto.tcl: Setting watchdog for 200 seconds at Sat Oct 20 02:35:30 UTC 2018
3001 ms. Memory: 287232K Free: 267949K (93%)
ptolemy.util.test.WatchDog.cancel(): canceling Sat Oct 20 02:35:33 UTC 2018
------------------ testing $PTII/ptolemy/domains/de/test/auto/ThreadedComposite.xml
auto.tcl: Setting watchdog for 200 seconds at Sat Oct 20 02:35:33 UTC 2018
231 ms. Memory: 288256K Free: 254001K (88%)
ptolemy.util.test.WatchDog.cancel(): canceling Sat Oct 20 02:35:34 UTC 2018
auto.tcl: Setting watchdog for 200 seconds at Sat Oct 20 02:35:34 UTC 2018
129 ms. Memory: 288256K Free: 237914K (83%)
ptolemy.util.test.WatchDog.cancel(): canceling Sat Oct 20 02:35:34 UTC 2018
------------------ testing $PTII/ptolemy/domains/de/test/auto/Time.xml
auto.tcl: Setting watchdog for 200 seconds at Sat Oct 20 02:35:34 UTC 2018
504 ms. Memory: 287232K Free: 218175K (76%)
ptolemy.util.test.WatchDog.cancel(): canceling Sat Oct 20 02:35:34 UTC 2018
auto.tcl: Setting watchdog for 200 seconds at Sat Oct 20 02:35:34 UTC 2018
492 ms. Memory: 287232K Free: 163118K (57%)
ptolemy.util.test.WatchDog.cancel(): canceling Sat Oct 20 02:35:35 UTC 2018
------------------ testing $PTII/ptolemy/domains/de/test/auto/TimeDelayZeroDelay.xml
auto.tcl: Setting watchdog for 200 seconds at Sat Oct 20 02:35:35 UTC 2018
2 ms. Memory: 287744K Free: 275113K (96%)
ptolemy.util.test.WatchDog.cancel(): canceling Sat Oct 20 02:35:35 UTC 2018
auto.tcl: Setting watchdog for 200 seconds at Sat Oct 20 02:35:35 UTC 2018
2 ms. Memory: 287744K Free: 275113K (96%)
ptolemy.util.test.WatchDog.cancel(): canceling Sat Oct 20 02:35:35 UTC 2018
------------------ testing $PTII/ptolemy/domains/de/test/auto/TimerZeroDelay.xml
auto.tcl: Setting watchdog for 200 seconds at Sat Oct 20 02:35:35 UTC 2018
4 ms. Memory: 287232K Free: 274710K (96%)
ptolemy.util.test.WatchDog.cancel(): canceling Sat Oct 20 02:35:35 UTC 2018
auto.tcl: Setting watchdog for 200 seconds at Sat Oct 20 02:35:35 UTC 2018
2 ms. Memory: 287232K Free: 274710K (96%)
ptolemy.util.test.WatchDog.cancel(): canceling Sat Oct 20 02:35:35 UTC 2018
------------------ testing $PTII/ptolemy/domains/de/test/auto/TimingParadox.xml
auto.tcl: Setting watchdog for 200 seconds at Sat Oct 20 02:35:35 UTC 2018
350 ms. Memory: 287744K Free: 209041K (73%)
ptolemy.util.test.WatchDog.cancel(): canceling Sat Oct 20 02:35:35 UTC 2018
auto.tcl: Setting watchdog for 200 seconds at Sat Oct 20 02:35:35 UTC 2018
326 ms. Memory: 287744K Free: 172799K (60%)
ptolemy.util.test.WatchDog.cancel(): canceling Sat Oct 20 02:35:36 UTC 2018
------------------ testing $PTII/ptolemy/domains/de/test/auto/TransferInputs.xml
auto.tcl: Setting watchdog for 200 seconds at Sat Oct 20 02:35:36 UTC 2018
2 ms. Memory: 287744K Free: 274077K (95%)
ptolemy.util.test.WatchDog.cancel(): canceling Sat Oct 20 02:35:36 UTC 2018
auto.tcl: Setting watchdog for 200 seconds at Sat Oct 20 02:35:36 UTC 2018
3 ms. Memory: 287744K Free: 274077K (95%)
ptolemy.util.test.WatchDog.cancel(): canceling Sat Oct 20 02:35:36 UTC 2018
------------------ testing $PTII/ptolemy/domains/de/test/auto/TransferOutputs2.xml
auto.tcl: Setting watchdog for 200 seconds at Sat Oct 20 02:35:36 UTC 2018
3 ms. Memory: 287232K Free: 272054K (95%)
ptolemy.util.test.WatchDog.cancel(): canceling Sat Oct 20 02:35:36 UTC 2018
auto.tcl: Setting watchdog for 200 seconds at Sat Oct 20 02:35:36 UTC 2018
2 ms. Memory: 287232K Free: 269425K (94%)
ptolemy.util.test.WatchDog.cancel(): canceling Sat Oct 20 02:35:36 UTC 2018
------------------ testing $PTII/ptolemy/domains/de/test/auto/Trilateration.xml
auto.tcl: Setting watchdog for 200 seconds at Sat Oct 20 02:35:36 UTC 2018
14584 ms. Memory: 473088K Free: 244513K (52%)
ptolemy.util.test.WatchDog.cancel(): canceling Sat Oct 20 02:35:51 UTC 2018
auto.tcl: Setting watchdog for 200 seconds at Sat Oct 20 02:35:51 UTC 2018
11277 ms. Memory: 352256K Free: 176293K (50%)
ptolemy.util.test.WatchDog.cancel(): canceling Sat Oct 20 02:36:03 UTC 2018
------------------ testing $PTII/ptolemy/domains/de/test/auto/TwoSigmaDelta.xml
auto.tcl: Setting watchdog for 200 seconds at Sat Oct 20 02:36:03 UTC 2018
2672 ms. Memory: 339968K Free: 297678K (88%)
ptolemy.util.test.WatchDog.cancel(): canceling Sat Oct 20 02:36:06 UTC 2018
auto.tcl: Setting watchdog for 200 seconds at Sat Oct 20 02:36:06 UTC 2018
2061 ms. Memory: 326144K Free: 304577K (93%)
ptolemy.util.test.WatchDog.cancel(): canceling Sat Oct 20 02:36:08 UTC 2018
------------------ testing $PTII/ptolemy/domains/de/test/auto/VariableDelay.xml
auto.tcl: Setting watchdog for 200 seconds at Sat Oct 20 02:36:08 UTC 2018
4 ms. Memory: 328192K Free: 313826K (96%)
ptolemy.util.test.WatchDog.cancel(): canceling Sat Oct 20 02:36:08 UTC 2018
auto.tcl: Setting watchdog for 200 seconds at Sat Oct 20 02:36:08 UTC 2018
2 ms. Memory: 328192K Free: 310153K (95%)
ptolemy.util.test.WatchDog.cancel(): canceling Sat Oct 20 02:36:08 UTC 2018
------------------ testing $PTII/ptolemy/domains/de/test/auto/VariableDelay2.xml
auto.tcl: Setting watchdog for 200 seconds at Sat Oct 20 02:36:08 UTC 2018
4 ms. Memory: 326144K Free: 314635K (96%)
ptolemy.util.test.WatchDog.cancel(): canceling Sat Oct 20 02:36:08 UTC 2018
auto.tcl: Setting watchdog for 200 seconds at Sat Oct 20 02:36:08 UTC 2018
2 ms. Memory: 326144K Free: 310978K (95%)
ptolemy.util.test.WatchDog.cancel(): canceling Sat Oct 20 02:36:08 UTC 2018
------------------ testing $PTII/ptolemy/domains/de/test/auto/VariableDelayZeroDelay.xml
auto.tcl: Setting watchdog for 200 seconds at Sat Oct 20 02:36:08 UTC 2018
2 ms. Memory: 328192K Free: 314235K (96%)
ptolemy.util.test.WatchDog.cancel(): canceling Sat Oct 20 02:36:08 UTC 2018
auto.tcl: Setting watchdog for 200 seconds at Sat Oct 20 02:36:08 UTC 2018
2 ms. Memory: 328192K Free: 310577K (95%)
ptolemy.util.test.WatchDog.cancel(): canceling Sat Oct 20 02:36:08 UTC 2018
------------------ testing $PTII/ptolemy/domains/de/test/auto/VariableDelayZeroDelay2.xml
auto.tcl: Setting watchdog for 200 seconds at Sat Oct 20 02:36:08 UTC 2018
2 ms. Memory: 326144K Free: 312186K (96%)
ptolemy.util.test.WatchDog.cancel(): canceling Sat Oct 20 02:36:08 UTC 2018
auto.tcl: Setting watchdog for 200 seconds at Sat Oct 20 02:36:08 UTC 2018
2 ms. Memory: 326144K Free: 308512K (95%)
ptolemy.util.test.WatchDog.cancel(): canceling Sat Oct 20 02:36:08 UTC 2018
------------------ testing $PTII/ptolemy/domains/de/test/auto/deInCt.xml
auto.tcl: Setting watchdog for 200 seconds at Sat Oct 20 02:36:08 UTC 2018
0
1
1
1
0
0
0
1
1
1
0
0
0
0
0
1
1
1
0
0
0
0
0
0
1
1
1
0
0
1
1
1
1
10 ms. Memory: 327680K Free: 310056K (95%)
ptolemy.util.test.WatchDog.cancel(): canceling Sat Oct 20 02:36:08 UTC 2018
auto.tcl: Setting watchdog for 200 seconds at Sat Oct 20 02:36:08 UTC 2018
0
1
1
1
0
0
1
1
1
1
0
0
0
1
1
1
0
0
0
1
1
1
1
0
0
1
1
1
0
0
0
1
1
1
0
0
0
1
1
1
0
0
0
1
1
1
1
0
0
0
10 ms. Memory: 327680K Free: 310056K (95%)
ptolemy.util.test.WatchDog.cancel(): canceling Sat Oct 20 02:36:08 UTC 2018
------------------ testing $PTII/ptolemy/domains/de/test/auto/deInCt2.xml
auto.tcl: Setting watchdog for 200 seconds at Sat Oct 20 02:36:08 UTC 2018
0
1
1
1
0
0
1
1
1
0
0
1
1
1
0
0
1
1
1
0
0
1
1
1
0
0
1
1
1
0
0
1
1
1
0
0
1
1
1
0
0
0
10 ms. Memory: 326144K Free: 308521K (95%)
ptolemy.util.test.WatchDog.cancel(): canceling Sat Oct 20 02:36:08 UTC 2018
auto.tcl: Setting watchdog for 200 seconds at Sat Oct 20 02:36:08 UTC 2018
0
1
1
1
0
0
1
1
1
0
0
1
1
1
0
0
1
1
1
0
0
1
1
1
0
0
1
1
1
0
0
1
1
1
0
0
1
1
1
0
0
0
4 ms. Memory: 326144K Free: 308521K (95%)
ptolemy.util.test.WatchDog.cancel(): canceling Sat Oct 20 02:36:08 UTC 2018
------------------ testing $PTII/ptolemy/domains/de/test/auto/dynamicCausalityInterface1.xml
auto.tcl: Setting watchdog for 200 seconds at Sat Oct 20 02:36:08 UTC 2018
1 ms. Memory: 327680K Free: 308838K (94%)
ptolemy.util.test.WatchDog.cancel(): canceling Sat Oct 20 02:36:08 UTC 2018
auto.tcl: Setting watchdog for 200 seconds at Sat Oct 20 02:36:08 UTC 2018
1 ms. Memory: 327680K Free: 308838K (94%)
ptolemy.util.test.WatchDog.cancel(): canceling Sat Oct 20 02:36:08 UTC 2018
------------------ testing $PTII/ptolemy/domains/de/test/auto/fsm_de_test.xml
auto.tcl: Setting watchdog for 200 seconds at Sat Oct 20 02:36:08 UTC 2018
7 ms. Memory: 326144K Free: 304750K (93%)
ptolemy.util.test.WatchDog.cancel(): canceling Sat Oct 20 02:36:08 UTC 2018
auto.tcl: Setting watchdog for 200 seconds at Sat Oct 20 02:36:08 UTC 2018
4 ms. Memory: 326144K Free: 304750K (93%)
ptolemy.util.test.WatchDog.cancel(): canceling Sat Oct 20 02:36:08 UTC 2018
------------------ testing $PTII/ptolemy/domains/de/test/auto/functionDependencyReconstruction.xml
auto.tcl: Setting watchdog for 200 seconds at Sat Oct 20 02:36:08 UTC 2018
2 ms. Memory: 327168K Free: 298434K (91%)
ptolemy.util.test.WatchDog.cancel(): canceling Sat Oct 20 02:36:08 UTC 2018
auto.tcl: Setting watchdog for 200 seconds at Sat Oct 20 02:36:08 UTC 2018
2 ms. Memory: 327168K Free: 298434K (91%)
ptolemy.util.test.WatchDog.cancel(): canceling Sat Oct 20 02:36:08 UTC 2018
------------------ testing $PTII/ptolemy/domains/de/test/auto/multirate.xml
auto.tcl: Setting watchdog for 200 seconds at Sat Oct 20 02:36:08 UTC 2018
6 ms. Memory: 326144K Free: 308274K (95%)
ptolemy.util.test.WatchDog.cancel(): canceling Sat Oct 20 02:36:09 UTC 2018
auto.tcl: Setting watchdog for 200 seconds at Sat Oct 20 02:36:09 UTC 2018
3 ms. Memory: 326144K Free: 308274K (95%)
ptolemy.util.test.WatchDog.cancel(): canceling Sat Oct 20 02:36:09 UTC 2018
------------------ testing $PTII/ptolemy/domains/de/test/auto/multirate2.xml
auto.tcl: Setting watchdog for 200 seconds at Sat Oct 20 02:36:09 UTC 2018
2 ms. Memory: 327168K Free: 309479K (95%)
ptolemy.util.test.WatchDog.cancel(): canceling Sat Oct 20 02:36:09 UTC 2018
auto.tcl: Setting watchdog for 200 seconds at Sat Oct 20 02:36:09 UTC 2018
3 ms. Memory: 327168K Free: 309479K (95%)
ptolemy.util.test.WatchDog.cancel(): canceling Sat Oct 20 02:36:09 UTC 2018
------------------ testing $PTII/ptolemy/domains/de/test/auto/realtime.xml
auto.tcl: Setting watchdog for 200 seconds at Sat Oct 20 02:36:09 UTC 2018
10001 ms. Memory: 326144K Free: 308450K (95%)
ptolemy.util.test.WatchDog.cancel(): canceling Sat Oct 20 02:36:19 UTC 2018
auto.tcl: Setting watchdog for 200 seconds at Sat Oct 20 02:36:19 UTC 2018
10002 ms. Memory: 326144K Free: 308450K (95%)
ptolemy.util.test.WatchDog.cancel(): canceling Sat Oct 20 02:36:29 UTC 2018
------------------ testing $PTII/ptolemy/domains/de/test/auto/relationGroup.xml
auto.tcl: Setting watchdog for 200 seconds at Sat Oct 20 02:36:29 UTC 2018
2 ms. Memory: 327168K Free: 313177K (96%)
ptolemy.util.test.WatchDog.cancel(): canceling Sat Oct 20 02:36:29 UTC 2018
auto.tcl: Setting watchdog for 200 seconds at Sat Oct 20 02:36:29 UTC 2018
1 ms. Memory: 327168K Free: 313177K (96%)
ptolemy.util.test.WatchDog.cancel(): canceling Sat Oct 20 02:36:29 UTC 2018
------------------ testing $PTII/ptolemy/domains/de/test/auto/relationGroup2.xml
auto.tcl: Setting watchdog for 200 seconds at Sat Oct 20 02:36:29 UTC 2018
3 ms. Memory: 326144K Free: 312179K (96%)
ptolemy.util.test.WatchDog.cancel(): canceling Sat Oct 20 02:36:29 UTC 2018
auto.tcl: Setting watchdog for 200 seconds at Sat Oct 20 02:36:29 UTC 2018
2 ms. Memory: 326144K Free: 312179K (96%)
ptolemy.util.test.WatchDog.cancel(): canceling Sat Oct 20 02:36:29 UTC 2018
------------------ testing $PTII/ptolemy/domains/de/test/auto/sortWithOpaquePorts.xml
auto.tcl: Setting watchdog for 200 seconds at Sat Oct 20 02:36:29 UTC 2018
1 ms. Memory: 326656K Free: 312693K (96%)
ptolemy.util.test.WatchDog.cancel(): canceling Sat Oct 20 02:36:29 UTC 2018
auto.tcl: Setting watchdog for 200 seconds at Sat Oct 20 02:36:29 UTC 2018
1 ms. Memory: 326656K Free: 309019K (95%)
ptolemy.util.test.WatchDog.cancel(): canceling Sat Oct 20 02:36:29 UTC 2018
------------------ testing $PTII/ptolemy/domains/de/test/auto/transferInputsandOutputs.xml
auto.tcl: Setting watchdog for 200 seconds at Sat Oct 20 02:36:29 UTC 2018
1 ms. Memory: 326144K Free: 308510K (95%)
ptolemy.util.test.WatchDog.cancel(): canceling Sat Oct 20 02:36:29 UTC 2018
auto.tcl: Setting watchdog for 200 seconds at Sat Oct 20 02:36:29 UTC 2018
1 ms. Memory: 326144K Free: 308510K (95%)
ptolemy.util.test.WatchDog.cancel(): canceling Sat Oct 20 02:36:29 UTC 2018
------------------ testing $PTII/ptolemy/domains/de/test/auto/triggerType.xml
auto.tcl: Setting watchdog for 200 seconds at Sat Oct 20 02:36:29 UTC 2018
1 ms. Memory: 326656K Free: 312631K (96%)
ptolemy.util.test.WatchDog.cancel(): canceling Sat Oct 20 02:36:29 UTC 2018
auto.tcl: Setting watchdog for 200 seconds at Sat Oct 20 02:36:29 UTC 2018
2 ms. Memory: 326656K Free: 308958K (95%)
ptolemy.util.test.WatchDog.cancel(): canceling Sat Oct 20 02:36:29 UTC 2018
10/20/18 02:36:29
Failed: 0  Total Tests: 192  ((Passed: 187, Newly Passed: 1)  Known Failed: 5) /home/travis/build/icyphy/ptII/ptolemy/domains/de/test
10/20/18 02:36:29
Failed: 0  Total Tests: 192  ((Passed: 187, Newly Passed: 1)  Known Failed: 5) /home/travis/build/icyphy/ptII/ptolemy/domains/de/test
----------------- testing (KnownFailure) /home/travis/build/icyphy/ptII/ptolemy/domains/de/test/auto/knownFailedTests/DESDFClockTest.xml
2007 ms. Memory: 326144K Free: 302371K (93%)
Known Failure: java.lang.reflect.InvocationTargetException
----------------- testing (KnownFailure) /home/travis/build/icyphy/ptII/ptolemy/domains/de/test/auto/knownFailedTests/DirectFeedback.xml
1 ms. Memory: 326144K Free: 282792K (87%)
Known Failure: java.lang.reflect.InvocationTargetException
----------------- testing (KnownFailure) /home/travis/build/icyphy/ptII/ptolemy/domains/de/test/auto/knownFailedTests/FSMSource.xml
4 ms. Memory: 326144K Free: 258310K (79%)
----------------- testing (KnownFailure) /home/travis/build/icyphy/ptII/ptolemy/domains/de/test/auto/knownFailedTests/HierarchicalModel.xml
2 ms. Memory: 326144K Free: 233820K (72%)
Known Failure: java.lang.reflect.InvocationTargetException
----------------- testing (KnownFailure) /home/travis/build/icyphy/ptII/ptolemy/domains/de/test/auto/knownFailedTests/dependencyLoop.xml
1 ms. Memory: 326144K Free: 204436K (63%)
Known Failure: java.lang.reflect.InvocationTargetException
----------------- testing (KnownFailure) /home/travis/build/icyphy/ptII/ptolemy/domains/de/test/auto/knownFailedTests/dependencyLoop2.xml
2 ms. Memory: 326144K Free: 170140K (52%)
Known Failure: java.lang.reflect.InvocationTargetException
No auto/linux-amd64/*.xml tests in /home/travis/build/icyphy/ptII/ptolemy/domains/de/test
AutoTests.java: About to close Vertx.
AutoTests.java: Vertx closed.

===========================================================================================
----------------- testing Sat Oct 20 02:36:31 UTC 2018 /home/travis/build/icyphy/ptII/ptolemy/domains/de/test/auto/ActorDepthCalculation_actorWithoutPorts.xml
----------------- Instantiating /home/travis/build/icyphy/ptII/ptolemy/domains/de/test/auto/ActorDepthCalculation_actorWithoutPorts.xml
2 ms. Memory: 326144K Free: 145666K (45%)
----------------- Invoking toplevel() on ptolemy.moml.MoMLSimpleApplication@7d41a8ec
----------------- Done invoking toplevel() on ptolemy.moml.MoMLSimpleApplication@7d41a8ec
reloadAllAccessors: .ActorDepthCalculation_actorWithoutPorts

===========================================================================================
----------------- testing Sat Oct 20 02:36:31 UTC 2018 /home/travis/build/icyphy/ptII/ptolemy/domains/de/test/auto/AssemblyLine.xml
----------------- Instantiating /home/travis/build/icyphy/ptII/ptolemy/domains/de/test/auto/AssemblyLine.xml
1 ms. Memory: 326144K Free: 130966K (40%)
----------------- Invoking toplevel() on ptolemy.moml.MoMLSimpleApplication@6ad557fc
----------------- Done invoking toplevel() on ptolemy.moml.MoMLSimpleApplication@6ad557fc
reloadAllAccessors: .AssemblyLine

===========================================================================================
----------------- testing Sat Oct 20 02:36:31 UTC 2018 /home/travis/build/icyphy/ptII/ptolemy/domains/de/test/auto/CQBug1.xml
----------------- Instantiating /home/travis/build/icyphy/ptII/ptolemy/domains/de/test/auto/CQBug1.xml
1 ms. Memory: 326144K Free: 121177K (37%)
----------------- Invoking toplevel() on ptolemy.moml.MoMLSimpleApplication@5cca4c0c
----------------- Done invoking toplevel() on ptolemy.moml.MoMLSimpleApplication@5cca4c0c
reloadAllAccessors: .CQBug1

===========================================================================================
----------------- testing Sat Oct 20 02:36:31 UTC 2018 /home/travis/build/icyphy/ptII/ptolemy/domains/de/test/auto/CancelFireAt.xml
----------------- Instantiating /home/travis/build/icyphy/ptII/ptolemy/domains/de/test/auto/CancelFireAt.xml
1 ms. Memory: 326144K Free: 111387K (34%)
----------------- Invoking toplevel() on ptolemy.moml.MoMLSimpleApplication@686b21e7
----------------- Done invoking toplevel() on ptolemy.moml.MoMLSimpleApplication@686b21e7
reloadAllAccessors: .CancelFireAt

===========================================================================================
----------------- testing Sat Oct 20 02:36:31 UTC 2018 /home/travis/build/icyphy/ptII/ptolemy/domains/de/test/auto/CausalityAndComposabilityAnalysis.xml
----------------- Instantiating /home/travis/build/icyphy/ptII/ptolemy/domains/de/test/auto/CausalityAndComposabilityAnalysis.xml
1 ms. Memory: 326144K Free: 101598K (31%)
----------------- Invoking toplevel() on ptolemy.moml.MoMLSimpleApplication@15cda1a7
----------------- Done invoking toplevel() on ptolemy.moml.MoMLSimpleApplication@15cda1a7
reloadAllAccessors: .CausalityAndComposabilityAnalysis

===========================================================================================
----------------- testing Sat Oct 20 02:36:31 UTC 2018 /home/travis/build/icyphy/ptII/ptolemy/domains/de/test/auto/CausalityInterface1.xml
----------------- Instantiating /home/travis/build/icyphy/ptII/ptolemy/domains/de/test/auto/CausalityInterface1.xml
3 ms. Memory: 326144K Free: 91808K (28%)
----------------- Invoking toplevel() on ptolemy.moml.MoMLSimpleApplication@1e36ca7f
----------------- Done invoking toplevel() on ptolemy.moml.MoMLSimpleApplication@1e36ca7f
reloadAllAccessors: .CausalityInterface1

===========================================================================================
----------------- testing Sat Oct 20 02:36:31 UTC 2018 /home/travis/build/icyphy/ptII/ptolemy/domains/de/test/auto/CausalityInterface15.xml
----------------- Instantiating /home/travis/build/icyphy/ptII/ptolemy/domains/de/test/auto/CausalityInterface15.xml
1 ms. Memory: 326144K Free: 75989K (23%)
----------------- Invoking toplevel() on ptolemy.moml.MoMLSimpleApplication@4e7cce6
----------------- Done invoking toplevel() on ptolemy.moml.MoMLSimpleApplication@4e7cce6
reloadAllAccessors: .CausalityInterface15

===========================================================================================
----------------- testing Sat Oct 20 02:36:31 UTC 2018 /home/travis/build/icyphy/ptII/ptolemy/domains/de/test/auto/CausalityInterface2.xml
----------------- Instantiating /home/travis/build/icyphy/ptII/ptolemy/domains/de/test/auto/CausalityInterface2.xml
1 ms. Memory: 315904K Free: 300868K (95%)
----------------- Invoking toplevel() on ptolemy.moml.MoMLSimpleApplication@6764481f
----------------- Done invoking toplevel() on ptolemy.moml.MoMLSimpleApplication@6764481f
reloadAllAccessors: .CausalityInterface2

===========================================================================================
----------------- testing Sat Oct 20 02:36:31 UTC 2018 /home/travis/build/icyphy/ptII/ptolemy/domains/de/test/auto/CausalityInterface3.xml
----------------- Instantiating /home/travis/build/icyphy/ptII/ptolemy/domains/de/test/auto/CausalityInterface3.xml
2 ms. Memory: 315904K Free: 289211K (92%)
----------------- Invoking toplevel() on ptolemy.moml.MoMLSimpleApplication@529775c7
----------------- Done invoking toplevel() on ptolemy.moml.MoMLSimpleApplication@529775c7
reloadAllAccessors: .CausalityInterface3

===========================================================================================
----------------- testing Sat Oct 20 02:36:31 UTC 2018 /home/travis/build/icyphy/ptII/ptolemy/domains/de/test/auto/ClockDrift.xml
----------------- Instantiating /home/travis/build/icyphy/ptII/ptolemy/domains/de/test/auto/ClockDrift.xml
8 ms. Memory: 315904K Free: 270477K (86%)
----------------- Invoking toplevel() on ptolemy.moml.MoMLSimpleApplication@476c5501
----------------- Done invoking toplevel() on ptolemy.moml.MoMLSimpleApplication@476c5501
reloadAllAccessors: .ClockDrift

===========================================================================================
----------------- testing Sat Oct 20 02:36:31 UTC 2018 /home/travis/build/icyphy/ptII/ptolemy/domains/de/test/auto/ClockDriftAndValueChange.xml
----------------- Instantiating /home/travis/build/icyphy/ptII/ptolemy/domains/de/test/auto/ClockDriftAndValueChange.xml
8 ms. Memory: 315904K Free: 251742K (80%)
----------------- Invoking toplevel() on ptolemy.moml.MoMLSimpleApplication@32dc089e
----------------- Done invoking toplevel() on ptolemy.moml.MoMLSimpleApplication@32dc089e
reloadAllAccessors: .ClockDriftAndValueChange

===========================================================================================
----------------- testing Sat Oct 20 02:36:31 UTC 2018 /home/travis/build/icyphy/ptII/ptolemy/domains/de/test/auto/ClockDriftChange.xml
----------------- Instantiating /home/travis/build/icyphy/ptII/ptolemy/domains/de/test/auto/ClockDriftChange.xml
8 ms. Memory: 315904K Free: 237686K (75%)
----------------- Invoking toplevel() on ptolemy.moml.MoMLSimpleApplication@5d7a147
----------------- Done invoking toplevel() on ptolemy.moml.MoMLSimpleApplication@5d7a147
reloadAllAccessors: .ClockDriftChange

===========================================================================================
----------------- testing Sat Oct 20 02:36:31 UTC 2018 /home/travis/build/icyphy/ptII/ptolemy/domains/de/test/auto/ComposableCausalityAnalysis.xml
----------------- Instantiating /home/travis/build/icyphy/ptII/ptolemy/domains/de/test/auto/ComposableCausalityAnalysis.xml
0 ms. Memory: 315904K Free: 223631K (71%)
----------------- Invoking toplevel() on ptolemy.moml.MoMLSimpleApplication@5ca5419
----------------- Done invoking toplevel() on ptolemy.moml.MoMLSimpleApplication@5ca5419
reloadAllAccessors: .ComposableCausalityAnalysis

===========================================================================================
----------------- testing Sat Oct 20 02:36:31 UTC 2018 /home/travis/build/icyphy/ptII/ptolemy/domains/de/test/auto/DEFixedPointLimitation.xml
----------------- Instantiating /home/travis/build/icyphy/ptII/ptolemy/domains/de/test/auto/DEFixedPointLimitation.xml
1 ms. Memory: 315904K Free: 211975K (67%)
----------------- Invoking toplevel() on ptolemy.moml.MoMLSimpleApplication@2257fe3b
----------------- Done invoking toplevel() on ptolemy.moml.MoMLSimpleApplication@2257fe3b
reloadAllAccessors: .DEFixedPointLimitation

===========================================================================================
----------------- testing Sat Oct 20 02:36:31 UTC 2018 /home/travis/build/icyphy/ptII/ptolemy/domains/de/test/auto/DEScheduleTest.xml
----------------- Instantiating /home/travis/build/icyphy/ptII/ptolemy/domains/de/test/auto/DEScheduleTest.xml
2 ms. Memory: 315904K Free: 202615K (64%)
----------------- Invoking toplevel() on ptolemy.moml.MoMLSimpleApplication@72f2edc4
----------------- Done invoking toplevel() on ptolemy.moml.MoMLSimpleApplication@72f2edc4
reloadAllAccessors: .DEScheduleTest

===========================================================================================
----------------- testing Sat Oct 20 02:36:31 UTC 2018 /home/travis/build/icyphy/ptII/ptolemy/domains/de/test/auto/DEinDEwithStartTimes.xml
----------------- Instantiating /home/travis/build/icyphy/ptII/ptolemy/domains/de/test/auto/DEinDEwithStartTimes.xml
2 ms. Memory: 315904K Free: 188576K (60%)
----------------- Invoking toplevel() on ptolemy.moml.MoMLSimpleApplication@54b9b124
----------------- Done invoking toplevel() on ptolemy.moml.MoMLSimpleApplication@54b9b124
reloadAllAccessors: .DEinDEwithStartTimes

===========================================================================================
----------------- testing Sat Oct 20 02:36:31 UTC 2018 /home/travis/build/icyphy/ptII/ptolemy/domains/de/test/auto/DEinDEwithStartTimes2.xml
----------------- Instantiating /home/travis/build/icyphy/ptII/ptolemy/domains/de/test/auto/DEinDEwithStartTimes2.xml
2 ms. Memory: 315904K Free: 174521K (55%)
----------------- Invoking toplevel() on ptolemy.moml.MoMLSimpleApplication@49471302
----------------- Done invoking toplevel() on ptolemy.moml.MoMLSimpleApplication@49471302
reloadAllAccessors: .DEinDEwithStartTimes2

===========================================================================================
----------------- testing Sat Oct 20 02:36:31 UTC 2018 /home/travis/build/icyphy/ptII/ptolemy/domains/de/test/auto/DateDemo.xml
----------------- Instantiating /home/travis/build/icyphy/ptII/ptolemy/domains/de/test/auto/DateDemo.xml
3 ms. Memory: 315904K Free: 155776K (49%)
----------------- Invoking toplevel() on ptolemy.moml.MoMLSimpleApplication@18325dda
----------------- Done invoking toplevel() on ptolemy.moml.MoMLSimpleApplication@18325dda
reloadAllAccessors: .DateDemo

===========================================================================================
----------------- testing Sat Oct 20 02:36:31 UTC 2018 /home/travis/build/icyphy/ptII/ptolemy/domains/de/test/auto/DateToEvent.xml
----------------- Instantiating /home/travis/build/icyphy/ptII/ptolemy/domains/de/test/auto/DateToEvent.xml
2004 ms. Memory: 315904K Free: 130056K (41%)
----------------- Invoking toplevel() on ptolemy.moml.MoMLSimpleApplication@537b410
----------------- Done invoking toplevel() on ptolemy.moml.MoMLSimpleApplication@537b410
reloadAllAccessors: .DateToEvent

===========================================================================================
----------------- testing Sat Oct 20 02:36:33 UTC 2018 /home/travis/build/icyphy/ptII/ptolemy/domains/de/test/auto/DepthTest1.xml
----------------- Instantiating /home/travis/build/icyphy/ptII/ptolemy/domains/de/test/auto/DepthTest1.xml
1 ms. Memory: 315904K Free: 120696K (38%)
----------------- Invoking toplevel() on ptolemy.moml.MoMLSimpleApplication@7c5a4787
----------------- Done invoking toplevel() on ptolemy.moml.MoMLSimpleApplication@7c5a4787
reloadAllAccessors: .DepthTest1

===========================================================================================
----------------- testing Sat Oct 20 02:36:33 UTC 2018 /home/travis/build/icyphy/ptII/ptolemy/domains/de/test/auto/DepthTest2.xml
----------------- Instantiating /home/travis/build/icyphy/ptII/ptolemy/domains/de/test/auto/DepthTest2.xml
1 ms. Memory: 315904K Free: 106655K (34%)
----------------- Invoking toplevel() on ptolemy.moml.MoMLSimpleApplication@7eeb92aa
----------------- Done invoking toplevel() on ptolemy.moml.MoMLSimpleApplication@7eeb92aa
reloadAllAccessors: .DepthTest2

===========================================================================================
----------------- testing Sat Oct 20 02:36:33 UTC 2018 /home/travis/build/icyphy/ptII/ptolemy/domains/de/test/auto/DepthTest3.xml
----------------- Instantiating /home/travis/build/icyphy/ptII/ptolemy/domains/de/test/auto/DepthTest3.xml
1 ms. Memory: 315904K Free: 97296K (31%)
----------------- Invoking toplevel() on ptolemy.moml.MoMLSimpleApplication@79beffb1
----------------- Done invoking toplevel() on ptolemy.moml.MoMLSimpleApplication@79beffb1
reloadAllAccessors: .DepthTest3

===========================================================================================
----------------- testing Sat Oct 20 02:36:33 UTC 2018 /home/travis/build/icyphy/ptII/ptolemy/domains/de/test/auto/DepthTest4.xml
----------------- Instantiating /home/travis/build/icyphy/ptII/ptolemy/domains/de/test/auto/DepthTest4.xml
1 ms. Memory: 315904K Free: 85639K (27%)
----------------- Invoking toplevel() on ptolemy.moml.MoMLSimpleApplication@73433512
----------------- Done invoking toplevel() on ptolemy.moml.MoMLSimpleApplication@73433512
reloadAllAccessors: .DepthTest4

===========================================================================================
----------------- testing Sat Oct 20 02:36:34 UTC 2018 /home/travis/build/icyphy/ptII/ptolemy/domains/de/test/auto/DepthTest5.xml
----------------- Instantiating /home/travis/build/icyphy/ptII/ptolemy/domains/de/test/auto/DepthTest5.xml
6 ms. Memory: 305152K Free: 296966K (97%)
----------------- Invoking toplevel() on ptolemy.moml.MoMLSimpleApplication@72433970
----------------- Done invoking toplevel() on ptolemy.moml.MoMLSimpleApplication@72433970
reloadAllAccessors: .DepthTest5

===========================================================================================
----------------- testing Sat Oct 20 02:36:34 UTC 2018 /home/travis/build/icyphy/ptII/ptolemy/domains/de/test/auto/DepthTest6.xml
----------------- Instantiating /home/travis/build/icyphy/ptII/ptolemy/domains/de/test/auto/DepthTest6.xml
2 ms. Memory: 305152K Free: 284230K (93%)
----------------- Invoking toplevel() on ptolemy.moml.MoMLSimpleApplication@22ea3ea9
----------------- Done invoking toplevel() on ptolemy.moml.MoMLSimpleApplication@22ea3ea9
reloadAllAccessors: .DepthTest6

===========================================================================================
----------------- testing Sat Oct 20 02:36:34 UTC 2018 /home/travis/build/icyphy/ptII/ptolemy/domains/de/test/auto/DepthTest7.xml
----------------- Instantiating /home/travis/build/icyphy/ptII/ptolemy/domains/de/test/auto/DepthTest7.xml
1 ms. Memory: 305152K Free: 277510K (91%)
----------------- Invoking toplevel() on ptolemy.moml.MoMLSimpleApplication@3167f717
----------------- Done invoking toplevel() on ptolemy.moml.MoMLSimpleApplication@3167f717
reloadAllAccessors: .DepthTest7

===========================================================================================
----------------- testing Sat Oct 20 02:36:34 UTC 2018 /home/travis/build/icyphy/ptII/ptolemy/domains/de/test/auto/EventToDate.xml
----------------- Instantiating /home/travis/build/icyphy/ptII/ptolemy/domains/de/test/auto/EventToDate.xml
3006 ms. Memory: 305152K Free: 259559K (85%)
----------------- Invoking toplevel() on ptolemy.moml.MoMLSimpleApplication@1e9359cd
----------------- Done invoking toplevel() on ptolemy.moml.MoMLSimpleApplication@1e9359cd
reloadAllAccessors: .EventToDate

===========================================================================================
----------------- testing Sat Oct 20 02:36:37 UTC 2018 /home/travis/build/icyphy/ptII/ptolemy/domains/de/test/auto/FSM1.xml
----------------- Instantiating /home/travis/build/icyphy/ptII/ptolemy/domains/de/test/auto/FSM1.xml
9 ms. Memory: 305152K Free: 242377K (79%)
----------------- Invoking toplevel() on ptolemy.moml.MoMLSimpleApplication@7082e1e9
----------------- Done invoking toplevel() on ptolemy.moml.MoMLSimpleApplication@7082e1e9
reloadAllAccessors: .FSM1

===========================================================================================
----------------- testing Sat Oct 20 02:36:37 UTC 2018 /home/travis/build/icyphy/ptII/ptolemy/domains/de/test/auto/FSM7.xml
----------------- Instantiating /home/travis/build/icyphy/ptII/ptolemy/domains/de/test/auto/FSM7.xml
9 ms. Memory: 305152K Free: 226666K (74%)
----------------- Invoking toplevel() on ptolemy.moml.MoMLSimpleApplication@1ec4c999
----------------- Done invoking toplevel() on ptolemy.moml.MoMLSimpleApplication@1ec4c999
reloadAllAccessors: .FSM7

===========================================================================================
----------------- testing Sat Oct 20 02:36:37 UTC 2018 /home/travis/build/icyphy/ptII/ptolemy/domains/de/test/auto/Inspection.xml
----------------- Instantiating /home/travis/build/icyphy/ptII/ptolemy/domains/de/test/auto/Inspection.xml
12 ms. Memory: 305152K Free: 210964K (69%)
----------------- Invoking toplevel() on ptolemy.moml.MoMLSimpleApplication@55c412ac
----------------- Done invoking toplevel() on ptolemy.moml.MoMLSimpleApplication@55c412ac
reloadAllAccessors: .Inspection

===========================================================================================
----------------- testing Sat Oct 20 02:36:37 UTC 2018 /home/travis/build/icyphy/ptII/ptolemy/domains/de/test/auto/Iteration.xml
----------------- Instantiating /home/travis/build/icyphy/ptII/ptolemy/domains/de/test/auto/Iteration.xml
5 ms. Memory: 305152K Free: 200516K (66%)
----------------- Invoking toplevel() on ptolemy.moml.MoMLSimpleApplication@6daa425e
----------------- Done invoking toplevel() on ptolemy.moml.MoMLSimpleApplication@6daa425e
reloadAllAccessors: .Iteration

===========================================================================================
----------------- testing Sat Oct 20 02:36:37 UTC 2018 /home/travis/build/icyphy/ptII/ptolemy/domains/de/test/auto/LineFault.xml
----------------- Instantiating /home/travis/build/icyphy/ptII/ptolemy/domains/de/test/auto/LineFault.xml
353 ms. Memory: 305152K Free: 81754K (27%)
----------------- Invoking toplevel() on ptolemy.moml.MoMLSimpleApplication@4969ff7b
----------------- Done invoking toplevel() on ptolemy.moml.MoMLSimpleApplication@4969ff7b
reloadAllAccessors: .LineFault

===========================================================================================
----------------- testing Sat Oct 20 02:36:37 UTC 2018 /home/travis/build/icyphy/ptII/ptolemy/domains/de/test/auto/MergeModel1Add.xml
----------------- Instantiating /home/travis/build/icyphy/ptII/ptolemy/domains/de/test/auto/MergeModel1Add.xml
6 ms. Memory: 295936K Free: 274128K (93%)
----------------- Invoking toplevel() on ptolemy.moml.MoMLSimpleApplication@54c0f70e
----------------- Done invoking toplevel() on ptolemy.moml.MoMLSimpleApplication@54c0f70e
reloadAllAccessors: .MergeModel1Add

===========================================================================================
----------------- testing Sat Oct 20 02:36:37 UTC 2018 /home/travis/build/icyphy/ptII/ptolemy/domains/de/test/auto/MergeModel2Add.xml
----------------- Instantiating /home/travis/build/icyphy/ptII/ptolemy/domains/de/test/auto/MergeModel2Add.xml
7 ms. Memory: 295936K Free: 251687K (85%)
----------------- Invoking toplevel() on ptolemy.moml.MoMLSimpleApplication@69eaca89
----------------- Done invoking toplevel() on ptolemy.moml.MoMLSimpleApplication@69eaca89
reloadAllAccessors: .MergeModel2Add

===========================================================================================
----------------- testing Sat Oct 20 02:36:37 UTC 2018 /home/travis/build/icyphy/ptII/ptolemy/domains/de/test/auto/MergeModel3Add.xml
----------------- Instantiating /home/travis/build/icyphy/ptII/ptolemy/domains/de/test/auto/MergeModel3Add.xml
7 ms. Memory: 295936K Free: 229219K (77%)
----------------- Invoking toplevel() on ptolemy.moml.MoMLSimpleApplication@24f6f4d9
----------------- Done invoking toplevel() on ptolemy.moml.MoMLSimpleApplication@24f6f4d9
reloadAllAccessors: .MergeModel3Add

===========================================================================================
----------------- testing Sat Oct 20 02:36:37 UTC 2018 /home/travis/build/icyphy/ptII/ptolemy/domains/de/test/auto/MergeWithoutDiscard.xml
----------------- Instantiating /home/travis/build/icyphy/ptII/ptolemy/domains/de/test/auto/MergeWithoutDiscard.xml
1 ms. Memory: 295936K Free: 223512K (76%)
----------------- Invoking toplevel() on ptolemy.moml.MoMLSimpleApplication@68f3f6ab
----------------- Done invoking toplevel() on ptolemy.moml.MoMLSimpleApplication@68f3f6ab
reloadAllAccessors: .MergeWithoutDiscard

===========================================================================================
----------------- testing Sat Oct 20 02:36:37 UTC 2018 /home/travis/build/icyphy/ptII/ptolemy/domains/de/test/auto/Modal1.xml
----------------- Instantiating /home/travis/build/icyphy/ptII/ptolemy/domains/de/test/auto/Modal1.xml
7 ms. Memory: 295936K Free: 208261K (70%)
----------------- Invoking toplevel() on ptolemy.moml.MoMLSimpleApplication@610b68df
----------------- Done invoking toplevel() on ptolemy.moml.MoMLSimpleApplication@610b68df
reloadAllAccessors: .Modal1

===========================================================================================
----------------- testing Sat Oct 20 02:36:37 UTC 2018 /home/travis/build/icyphy/ptII/ptolemy/domains/de/test/auto/Modal2.xml
----------------- Instantiating /home/travis/build/icyphy/ptII/ptolemy/domains/de/test/auto/Modal2.xml
10 ms. Memory: 295936K Free: 193953K (66%)
----------------- Invoking toplevel() on ptolemy.moml.MoMLSimpleApplication@434730b5
----------------- Done invoking toplevel() on ptolemy.moml.MoMLSimpleApplication@434730b5
reloadAllAccessors: .Modal2

===========================================================================================
----------------- testing Sat Oct 20 02:36:37 UTC 2018 /home/travis/build/icyphy/ptII/ptolemy/domains/de/test/auto/Modal3.xml
----------------- Instantiating /home/travis/build/icyphy/ptII/ptolemy/domains/de/test/auto/Modal3.xml
6 ms. Memory: 295936K Free: 177251K (60%)
----------------- Invoking toplevel() on ptolemy.moml.MoMLSimpleApplication@33d85772
----------------- Done invoking toplevel() on ptolemy.moml.MoMLSimpleApplication@33d85772
reloadAllAccessors: .Modal3

===========================================================================================
----------------- testing Sat Oct 20 02:36:37 UTC 2018 /home/travis/build/icyphy/ptII/ptolemy/domains/de/test/auto/Modal4.xml
----------------- Instantiating /home/travis/build/icyphy/ptII/ptolemy/domains/de/test/auto/Modal4.xml
9 ms. Memory: 295936K Free: 161476K (55%)
----------------- Invoking toplevel() on ptolemy.moml.MoMLSimpleApplication@3e69f4a3
----------------- Done invoking toplevel() on ptolemy.moml.MoMLSimpleApplication@3e69f4a3
reloadAllAccessors: .Modal4

===========================================================================================
----------------- testing Sat Oct 20 02:36:37 UTC 2018 /home/travis/build/icyphy/ptII/ptolemy/domains/de/test/auto/Modal5.xml
----------------- Instantiating /home/travis/build/icyphy/ptII/ptolemy/domains/de/test/auto/Modal5.xml
6 ms. Memory: 295936K Free: 144718K (49%)
----------------- Invoking toplevel() on ptolemy.moml.MoMLSimpleApplication@26244b3f
----------------- Done invoking toplevel() on ptolemy.moml.MoMLSimpleApplication@26244b3f
reloadAllAccessors: .Modal5

===========================================================================================
----------------- testing Sat Oct 20 02:36:38 UTC 2018 /home/travis/build/icyphy/ptII/ptolemy/domains/de/test/auto/Modal6.xml
----------------- Instantiating /home/travis/build/icyphy/ptII/ptolemy/domains/de/test/auto/Modal6.xml
7 ms. Memory: 295936K Free: 130306K (44%)
----------------- Invoking toplevel() on ptolemy.moml.MoMLSimpleApplication@7ff827b6
----------------- Done invoking toplevel() on ptolemy.moml.MoMLSimpleApplication@7ff827b6
reloadAllAccessors: .Modal6

===========================================================================================
----------------- testing Sat Oct 20 02:36:38 UTC 2018 /home/travis/build/icyphy/ptII/ptolemy/domains/de/test/auto/Modal7.xml
----------------- Instantiating /home/travis/build/icyphy/ptII/ptolemy/domains/de/test/auto/Modal7.xml
7 ms. Memory: 295936K Free: 113596K (38%)
----------------- Invoking toplevel() on ptolemy.moml.MoMLSimpleApplication@19b91f3b
----------------- Done invoking toplevel() on ptolemy.moml.MoMLSimpleApplication@19b91f3b
reloadAllAccessors: .Modal7

===========================================================================================
----------------- testing Sat Oct 20 02:36:38 UTC 2018 /home/travis/build/icyphy/ptII/ptolemy/domains/de/test/auto/ModalModel.xml
----------------- Instantiating /home/travis/build/icyphy/ptII/ptolemy/domains/de/test/auto/ModalModel.xml
101 ms. Memory: 286720K Free: 246261K (86%)
----------------- Invoking toplevel() on ptolemy.moml.MoMLSimpleApplication@6e7b913
----------------- Done invoking toplevel() on ptolemy.moml.MoMLSimpleApplication@6e7b913
reloadAllAccessors: .ModalModel

===========================================================================================
----------------- testing Sat Oct 20 02:36:38 UTC 2018 /home/travis/build/icyphy/ptII/ptolemy/domains/de/test/auto/ModalSource.xml
----------------- Instantiating /home/travis/build/icyphy/ptII/ptolemy/domains/de/test/auto/ModalSource.xml
5 ms. Memory: 286720K Free: 235151K (82%)
----------------- Invoking toplevel() on ptolemy.moml.MoMLSimpleApplication@5ffeb0b9
----------------- Done invoking toplevel() on ptolemy.moml.MoMLSimpleApplication@5ffeb0b9
reloadAllAccessors: .ModalSource

===========================================================================================
----------------- testing Sat Oct 20 02:36:38 UTC 2018 /home/travis/build/icyphy/ptII/ptolemy/domains/de/test/auto/NonInterruptibleTimerZeroDelay.xml
----------------- Instantiating /home/travis/build/icyphy/ptII/ptolemy/domains/de/test/auto/NonInterruptibleTimerZeroDelay.xml
2 ms. Memory: 286720K Free: 229028K (80%)
----------------- Invoking toplevel() on ptolemy.moml.MoMLSimpleApplication@7f3096fa
----------------- Done invoking toplevel() on ptolemy.moml.MoMLSimpleApplication@7f3096fa
reloadAllAccessors: .NonInterruptibleTimerZeroDelay

===========================================================================================
----------------- testing Sat Oct 20 02:36:38 UTC 2018 /home/travis/build/icyphy/ptII/ptolemy/domains/de/test/auto/OpenQueueingNetwork.xml
----------------- Instantiating /home/travis/build/icyphy/ptII/ptolemy/domains/de/test/auto/OpenQueueingNetwork.xml
1957 ms. Memory: 263168K Free: 204139K (78%)
----------------- Invoking toplevel() on ptolemy.moml.MoMLSimpleApplication@5c8da6cd
----------------- Done invoking toplevel() on ptolemy.moml.MoMLSimpleApplication@5c8da6cd
reloadAllAccessors: .OpenQueueingNetwork

===========================================================================================
----------------- testing Sat Oct 20 02:36:40 UTC 2018 /home/travis/build/icyphy/ptII/ptolemy/domains/de/test/auto/OpenQueuingNetwork.xml
----------------- Instantiating /home/travis/build/icyphy/ptII/ptolemy/domains/de/test/auto/OpenQueuingNetwork.xml
207 ms. Memory: 263168K Free: 112185K (43%)
----------------- Invoking toplevel() on ptolemy.moml.MoMLSimpleApplication@6adaa6c5
----------------- Done invoking toplevel() on ptolemy.moml.MoMLSimpleApplication@6adaa6c5
reloadAllAccessors: .OpenQueuingNetwork

===========================================================================================
----------------- testing Sat Oct 20 02:36:40 UTC 2018 /home/travis/build/icyphy/ptII/ptolemy/domains/de/test/auto/PeriodicSampler.xml
----------------- Instantiating /home/travis/build/icyphy/ptII/ptolemy/domains/de/test/auto/PeriodicSampler.xml
2 ms. Memory: 263168K Free: 106391K (40%)
----------------- Invoking toplevel() on ptolemy.moml.MoMLSimpleApplication@62dc745
----------------- Done invoking toplevel() on ptolemy.moml.MoMLSimpleApplication@62dc745
reloadAllAccessors: .PeriodicSampler

===========================================================================================
----------------- testing Sat Oct 20 02:36:40 UTC 2018 /home/travis/build/icyphy/ptII/ptolemy/domains/de/test/auto/PersistentIO.xml
----------------- Instantiating /home/travis/build/icyphy/ptII/ptolemy/domains/de/test/auto/PersistentIO.xml
3 ms. Memory: 263168K Free: 94788K (36%)
----------------- Invoking toplevel() on ptolemy.moml.MoMLSimpleApplication@4ed7982a
----------------- Done invoking toplevel() on ptolemy.moml.MoMLSimpleApplication@4ed7982a
reloadAllAccessors: .PersistentIO

===========================================================================================
----------------- testing Sat Oct 20 02:36:40 UTC 2018 /home/travis/build/icyphy/ptII/ptolemy/domains/de/test/auto/PortParameterResetOnInitialize.xml
----------------- Instantiating /home/travis/build/icyphy/ptII/ptolemy/domains/de/test/auto/PortParameterResetOnInitialize.xml
1 ms. Memory: 263168K Free: 88995K (34%)
----------------- Invoking toplevel() on ptolemy.moml.MoMLSimpleApplication@63c85a2f
----------------- Done invoking toplevel() on ptolemy.moml.MoMLSimpleApplication@63c85a2f
reloadAllAccessors: .PortParameterResetOnInitialize

===========================================================================================
----------------- testing Sat Oct 20 02:36:40 UTC 2018 /home/travis/build/icyphy/ptII/ptolemy/domains/de/test/auto/PortParameterUpdates.xml
----------------- Instantiating /home/travis/build/icyphy/ptII/ptolemy/domains/de/test/auto/PortParameterUpdates.xml
3 ms. Memory: 263168K Free: 81399K (31%)
----------------- Invoking toplevel() on ptolemy.moml.MoMLSimpleApplication@45f33050
----------------- Done invoking toplevel() on ptolemy.moml.MoMLSimpleApplication@45f33050
reloadAllAccessors: .PortParameterUpdates

===========================================================================================
----------------- testing Sat Oct 20 02:36:40 UTC 2018 /home/travis/build/icyphy/ptII/ptolemy/domains/de/test/auto/QueueAndServer.xml
----------------- Instantiating /home/travis/build/icyphy/ptII/ptolemy/domains/de/test/auto/QueueAndServer.xml
12 ms. Memory: 253952K Free: 242639K (96%)
----------------- Invoking toplevel() on ptolemy.moml.MoMLSimpleApplication@401068fd
----------------- Done invoking toplevel() on ptolemy.moml.MoMLSimpleApplication@401068fd
reloadAllAccessors: .QueueAndServer

===========================================================================================
----------------- testing Sat Oct 20 02:36:40 UTC 2018 /home/travis/build/icyphy/ptII/ptolemy/domains/de/test/auto/Records.xml
----------------- Instantiating /home/travis/build/icyphy/ptII/ptolemy/domains/de/test/auto/Records.xml
7 ms. Memory: 253952K Free: 234054K (92%)
----------------- Invoking toplevel() on ptolemy.moml.MoMLSimpleApplication@7b4c6942
----------------- Done invoking toplevel() on ptolemy.moml.MoMLSimpleApplication@7b4c6942
reloadAllAccessors: .Records

===========================================================================================
----------------- testing Sat Oct 20 02:36:40 UTC 2018 /home/travis/build/icyphy/ptII/ptolemy/domains/de/test/auto/ResetTransitionWithStartTime1.xml
----------------- Instantiating /home/travis/build/icyphy/ptII/ptolemy/domains/de/test/auto/ResetTransitionWithStartTime1.xml
4 ms. Memory: 253952K Free: 223168K (88%)
----------------- Invoking toplevel() on ptolemy.moml.MoMLSimpleApplication@37e3d21a
----------------- Done invoking toplevel() on ptolemy.moml.MoMLSimpleApplication@37e3d21a
reloadAllAccessors: .ResetTransitionWithStartTime1

===========================================================================================
----------------- testing Sat Oct 20 02:36:40 UTC 2018 /home/travis/build/icyphy/ptII/ptolemy/domains/de/test/auto/ResetTransitionWithStartTime2.xml
----------------- Instantiating /home/travis/build/icyphy/ptII/ptolemy/domains/de/test/auto/ResetTransitionWithStartTime2.xml
3 ms. Memory: 253952K Free: 212282K (84%)
----------------- Invoking toplevel() on ptolemy.moml.MoMLSimpleApplication@6ca7509a
----------------- Done invoking toplevel() on ptolemy.moml.MoMLSimpleApplication@6ca7509a
reloadAllAccessors: .ResetTransitionWithStartTime2

===========================================================================================
----------------- testing Sat Oct 20 02:36:40 UTC 2018 /home/travis/build/icyphy/ptII/ptolemy/domains/de/test/auto/ResetTransitionWithStartTime3.xml
----------------- Instantiating /home/travis/build/icyphy/ptII/ptolemy/domains/de/test/auto/ResetTransitionWithStartTime3.xml
6 ms. Memory: 253952K Free: 201396K (79%)
----------------- Invoking toplevel() on ptolemy.moml.MoMLSimpleApplication@71ecb60f
----------------- Done invoking toplevel() on ptolemy.moml.MoMLSimpleApplication@71ecb60f
reloadAllAccessors: .ResetTransitionWithStartTime3

===========================================================================================
----------------- testing Sat Oct 20 02:36:40 UTC 2018 /home/travis/build/icyphy/ptII/ptolemy/domains/de/test/auto/ResetTransitionWithStartTime4.xml
----------------- Instantiating /home/travis/build/icyphy/ptII/ptolemy/domains/de/test/auto/ResetTransitionWithStartTime4.xml
3 ms. Memory: 253952K Free: 192236K (76%)
----------------- Invoking toplevel() on ptolemy.moml.MoMLSimpleApplication@11482552
----------------- Done invoking toplevel() on ptolemy.moml.MoMLSimpleApplication@11482552
reloadAllAccessors: .ResetTransitionWithStartTime4

===========================================================================================
----------------- testing Sat Oct 20 02:36:40 UTC 2018 /home/travis/build/icyphy/ptII/ptolemy/domains/de/test/auto/ResettableTimer1.xml
----------------- Instantiating /home/travis/build/icyphy/ptII/ptolemy/domains/de/test/auto/ResettableTimer1.xml
2 ms. Memory: 253952K Free: 186543K (73%)
----------------- Invoking toplevel() on ptolemy.moml.MoMLSimpleApplication@59a7f59e
----------------- Done invoking toplevel() on ptolemy.moml.MoMLSimpleApplication@59a7f59e
reloadAllAccessors: .ResettableTimer1

===========================================================================================
----------------- testing Sat Oct 20 02:36:40 UTC 2018 /home/travis/build/icyphy/ptII/ptolemy/domains/de/test/auto/ResettableTimer2.xml
----------------- Instantiating /home/travis/build/icyphy/ptII/ptolemy/domains/de/test/auto/ResettableTimer2.xml
2 ms. Memory: 253952K Free: 180849K (71%)
----------------- Invoking toplevel() on ptolemy.moml.MoMLSimpleApplication@73961190
----------------- Done invoking toplevel() on ptolemy.moml.MoMLSimpleApplication@73961190
reloadAllAccessors: .ResettableTimer2

===========================================================================================
----------------- testing Sat Oct 20 02:36:40 UTC 2018 /home/travis/build/icyphy/ptII/ptolemy/domains/de/test/auto/ResettableTimer3.xml
----------------- Instantiating /home/travis/build/icyphy/ptII/ptolemy/domains/de/test/auto/ResettableTimer3.xml
1 ms. Memory: 253952K Free: 175153K (69%)
----------------- Invoking toplevel() on ptolemy.moml.MoMLSimpleApplication@4ca3c43c
----------------- Done invoking toplevel() on ptolemy.moml.MoMLSimpleApplication@4ca3c43c
reloadAllAccessors: .ResettableTimer3

===========================================================================================
----------------- testing Sat Oct 20 02:36:40 UTC 2018 /home/travis/build/icyphy/ptII/ptolemy/domains/de/test/auto/ResettableTimer4.xml
----------------- Instantiating /home/travis/build/icyphy/ptII/ptolemy/domains/de/test/auto/ResettableTimer4.xml
1 ms. Memory: 253952K Free: 169468K (67%)
----------------- Invoking toplevel() on ptolemy.moml.MoMLSimpleApplication@152eed7f
----------------- Done invoking toplevel() on ptolemy.moml.MoMLSimpleApplication@152eed7f
reloadAllAccessors: .ResettableTimer4

===========================================================================================
----------------- testing Sat Oct 20 02:36:40 UTC 2018 /home/travis/build/icyphy/ptII/ptolemy/domains/de/test/auto/ResettableTimer5.xml
----------------- Instantiating /home/travis/build/icyphy/ptII/ptolemy/domains/de/test/auto/ResettableTimer5.xml
1 ms. Memory: 253952K Free: 162065K (64%)
----------------- Invoking toplevel() on ptolemy.moml.MoMLSimpleApplication@578059bb
----------------- Done invoking toplevel() on ptolemy.moml.MoMLSimpleApplication@578059bb
reloadAllAccessors: .ResettableTimer5

===========================================================================================
----------------- testing Sat Oct 20 02:36:40 UTC 2018 /home/travis/build/icyphy/ptII/ptolemy/domains/de/test/auto/ResettableTimer6.xml
----------------- Instantiating /home/travis/build/icyphy/ptII/ptolemy/domains/de/test/auto/ResettableTimer6.xml
4 ms. Memory: 253952K Free: 154646K (61%)
----------------- Invoking toplevel() on ptolemy.moml.MoMLSimpleApplication@248bea9a
----------------- Done invoking toplevel() on ptolemy.moml.MoMLSimpleApplication@248bea9a
reloadAllAccessors: .ResettableTimer6

===========================================================================================
----------------- testing Sat Oct 20 02:36:40 UTC 2018 /home/travis/build/icyphy/ptII/ptolemy/domains/de/test/auto/ServerZeroDelay.xml
----------------- Instantiating /home/travis/build/icyphy/ptII/ptolemy/domains/de/test/auto/ServerZeroDelay.xml
1 ms. Memory: 253952K Free: 148968K (59%)
----------------- Invoking toplevel() on ptolemy.moml.MoMLSimpleApplication@113aaf73
----------------- Done invoking toplevel() on ptolemy.moml.MoMLSimpleApplication@113aaf73
reloadAllAccessors: .ServerZeroDelay

===========================================================================================
----------------- testing Sat Oct 20 02:36:40 UTC 2018 /home/travis/build/icyphy/ptII/ptolemy/domains/de/test/auto/SmartSender.xml
----------------- Instantiating /home/travis/build/icyphy/ptII/ptolemy/domains/de/test/auto/SmartSender.xml
3002 ms. Memory: 253952K Free: 143291K (56%)
----------------- Invoking toplevel() on ptolemy.moml.MoMLSimpleApplication@38c0e8a7
----------------- Done invoking toplevel() on ptolemy.moml.MoMLSimpleApplication@38c0e8a7
reloadAllAccessors: .SmartSender

===========================================================================================
----------------- testing Sat Oct 20 02:36:43 UTC 2018 /home/travis/build/icyphy/ptII/ptolemy/domains/de/test/auto/ThreadedComposite.xml
----------------- Instantiating /home/travis/build/icyphy/ptII/ptolemy/domains/de/test/auto/ThreadedComposite.xml
81 ms. Memory: 253952K Free: 118584K (47%)
----------------- Invoking toplevel() on ptolemy.moml.MoMLSimpleApplication@21303cad
----------------- Done invoking toplevel() on ptolemy.moml.MoMLSimpleApplication@21303cad
reloadAllAccessors: .ThreadedComposite

===========================================================================================
----------------- testing Sat Oct 20 02:36:43 UTC 2018 /home/travis/build/icyphy/ptII/ptolemy/domains/de/test/auto/Time.xml
----------------- Instantiating /home/travis/build/icyphy/ptII/ptolemy/domains/de/test/auto/Time.xml
413 ms. Memory: 248320K Free: 228787K (92%)
----------------- Invoking toplevel() on ptolemy.moml.MoMLSimpleApplication@7a1d595b
----------------- Done invoking toplevel() on ptolemy.moml.MoMLSimpleApplication@7a1d595b
reloadAllAccessors: .Time

===========================================================================================
----------------- testing Sat Oct 20 02:36:44 UTC 2018 /home/travis/build/icyphy/ptII/ptolemy/domains/de/test/auto/TimeDelayZeroDelay.xml
----------------- Instantiating /home/travis/build/icyphy/ptII/ptolemy/domains/de/test/auto/TimeDelayZeroDelay.xml
2 ms. Memory: 248320K Free: 222843K (90%)
----------------- Invoking toplevel() on ptolemy.moml.MoMLSimpleApplication@28fb0adf
----------------- Done invoking toplevel() on ptolemy.moml.MoMLSimpleApplication@28fb0adf
reloadAllAccessors: .TimeDelayZeroDelay

===========================================================================================
----------------- testing Sat Oct 20 02:36:44 UTC 2018 /home/travis/build/icyphy/ptII/ptolemy/domains/de/test/auto/TimerZeroDelay.xml
----------------- Instantiating /home/travis/build/icyphy/ptII/ptolemy/domains/de/test/auto/TimerZeroDelay.xml
1 ms. Memory: 248320K Free: 217799K (88%)
----------------- Invoking toplevel() on ptolemy.moml.MoMLSimpleApplication@33a8af4b
----------------- Done invoking toplevel() on ptolemy.moml.MoMLSimpleApplication@33a8af4b
reloadAllAccessors: .TimerZeroDelay

===========================================================================================
----------------- testing Sat Oct 20 02:36:44 UTC 2018 /home/travis/build/icyphy/ptII/ptolemy/domains/de/test/auto/TimingParadox.xml
----------------- Instantiating /home/travis/build/icyphy/ptII/ptolemy/domains/de/test/auto/TimingParadox.xml
283 ms. Memory: 248320K Free: 148753K (60%)
----------------- Invoking toplevel() on ptolemy.moml.MoMLSimpleApplication@4d3bb1fd
----------------- Done invoking toplevel() on ptolemy.moml.MoMLSimpleApplication@4d3bb1fd
reloadAllAccessors: .TimingParadox

===========================================================================================
----------------- testing Sat Oct 20 02:36:44 UTC 2018 /home/travis/build/icyphy/ptII/ptolemy/domains/de/test/auto/TransferInputs.xml
----------------- Instantiating /home/travis/build/icyphy/ptII/ptolemy/domains/de/test/auto/TransferInputs.xml
1 ms. Memory: 248320K Free: 142583K (57%)
----------------- Invoking toplevel() on ptolemy.moml.MoMLSimpleApplication@39a68f1b
----------------- Done invoking toplevel() on ptolemy.moml.MoMLSimpleApplication@39a68f1b
reloadAllAccessors: .TransferInputs

===========================================================================================
----------------- testing Sat Oct 20 02:36:44 UTC 2018 /home/travis/build/icyphy/ptII/ptolemy/domains/de/test/auto/TransferOutputs2.xml
----------------- Instantiating /home/travis/build/icyphy/ptII/ptolemy/domains/de/test/auto/TransferOutputs2.xml
3 ms. Memory: 248320K Free: 132187K (53%)
----------------- Invoking toplevel() on ptolemy.moml.MoMLSimpleApplication@62553095
----------------- Done invoking toplevel() on ptolemy.moml.MoMLSimpleApplication@62553095
reloadAllAccessors: .TransferOutputs2

===========================================================================================
----------------- testing Sat Oct 20 02:36:44 UTC 2018 /home/travis/build/icyphy/ptII/ptolemy/domains/de/test/auto/Trilateration.xml
----------------- Instantiating /home/travis/build/icyphy/ptII/ptolemy/domains/de/test/auto/Trilateration.xml
10444 ms. Memory: 524800K Free: 321707K (61%)
----------------- Invoking toplevel() on ptolemy.moml.MoMLSimpleApplication@463b7f1
----------------- Done invoking toplevel() on ptolemy.moml.MoMLSimpleApplication@463b7f1
reloadAllAccessors: .Trilateration

===========================================================================================
----------------- testing Sat Oct 20 02:36:55 UTC 2018 /home/travis/build/icyphy/ptII/ptolemy/domains/de/test/auto/TwoSigmaDelta.xml
----------------- Instantiating /home/travis/build/icyphy/ptII/ptolemy/domains/de/test/auto/TwoSigmaDelta.xml
2059 ms. Memory: 500224K Free: 432748K (87%)
----------------- Invoking toplevel() on ptolemy.moml.MoMLSimpleApplication@502b7c82
----------------- Done invoking toplevel() on ptolemy.moml.MoMLSimpleApplication@502b7c82
reloadAllAccessors: .TwoSigmaDelta

===========================================================================================
----------------- testing Sat Oct 20 02:36:58 UTC 2018 /home/travis/build/icyphy/ptII/ptolemy/domains/de/test/auto/VariableDelay.xml
----------------- Instantiating /home/travis/build/icyphy/ptII/ptolemy/domains/de/test/auto/VariableDelay.xml
2 ms. Memory: 500224K Free: 419246K (84%)
----------------- Invoking toplevel() on ptolemy.moml.MoMLSimpleApplication@53dd67b0
----------------- Done invoking toplevel() on ptolemy.moml.MoMLSimpleApplication@53dd67b0
reloadAllAccessors: .VariableDelay

===========================================================================================
----------------- testing Sat Oct 20 02:36:58 UTC 2018 /home/travis/build/icyphy/ptII/ptolemy/domains/de/test/auto/VariableDelay2.xml
----------------- Instantiating /home/travis/build/icyphy/ptII/ptolemy/domains/de/test/auto/VariableDelay2.xml
1 ms. Memory: 500224K Free: 410355K (82%)
----------------- Invoking toplevel() on ptolemy.moml.MoMLSimpleApplication@5cb99c73
----------------- Done invoking toplevel() on ptolemy.moml.MoMLSimpleApplication@5cb99c73
reloadAllAccessors: .VariableDelay2

===========================================================================================
----------------- testing Sat Oct 20 02:36:58 UTC 2018 /home/travis/build/icyphy/ptII/ptolemy/domains/de/test/auto/VariableDelayZeroDelay.xml
----------------- Instantiating /home/travis/build/icyphy/ptII/ptolemy/domains/de/test/auto/VariableDelayZeroDelay.xml
1 ms. Memory: 500224K Free: 401465K (80%)
----------------- Invoking toplevel() on ptolemy.moml.MoMLSimpleApplication@4b02ec19
----------------- Done invoking toplevel() on ptolemy.moml.MoMLSimpleApplication@4b02ec19
reloadAllAccessors: .VariableDelayZeroDelay

===========================================================================================
----------------- testing Sat Oct 20 02:36:58 UTC 2018 /home/travis/build/icyphy/ptII/ptolemy/domains/de/test/auto/VariableDelayZeroDelay2.xml
----------------- Instantiating /home/travis/build/icyphy/ptII/ptolemy/domains/de/test/auto/VariableDelayZeroDelay2.xml
2 ms. Memory: 500224K Free: 392575K (78%)
----------------- Invoking toplevel() on ptolemy.moml.MoMLSimpleApplication@60ca52b1
----------------- Done invoking toplevel() on ptolemy.moml.MoMLSimpleApplication@60ca52b1
reloadAllAccessors: .VariableDelayZeroDelay2

===========================================================================================
----------------- testing Sat Oct 20 02:36:58 UTC 2018 /home/travis/build/icyphy/ptII/ptolemy/domains/de/test/auto/deInCt.xml
----------------- Instantiating /home/travis/build/icyphy/ptII/ptolemy/domains/de/test/auto/deInCt.xml
0
1
1
1
0
0
0
0
1
1
1
0
0
0
0
1
1
1
0
0
0
1
1
1
1
0
0
1
1
1
1
0
0
0
0
1
1
0
0
0
1
1
1
4 ms. Memory: 500224K Free: 383685K (77%)
----------------- Invoking toplevel() on ptolemy.moml.MoMLSimpleApplication@7a144544
----------------- Done invoking toplevel() on ptolemy.moml.MoMLSimpleApplication@7a144544
reloadAllAccessors: .deInCt

===========================================================================================
----------------- testing Sat Oct 20 02:36:58 UTC 2018 /home/travis/build/icyphy/ptII/ptolemy/domains/de/test/auto/deInCt2.xml
----------------- Instantiating /home/travis/build/icyphy/ptII/ptolemy/domains/de/test/auto/deInCt2.xml
0
1
1
1
0
0
1
1
1
0
0
1
1
1
0
0
1
1
1
0
0
1
1
1
0
0
1
1
1
0
0
1
1
1
0
0
1
1
1
0
0
0
4 ms. Memory: 500224K Free: 374795K (75%)
----------------- Invoking toplevel() on ptolemy.moml.MoMLSimpleApplication@60387334
----------------- Done invoking toplevel() on ptolemy.moml.MoMLSimpleApplication@60387334
reloadAllAccessors: .deInCt2

===========================================================================================
----------------- testing Sat Oct 20 02:36:58 UTC 2018 /home/travis/build/icyphy/ptII/ptolemy/domains/de/test/auto/dynamicCausalityInterface1.xml
----------------- Instantiating /home/travis/build/icyphy/ptII/ptolemy/domains/de/test/auto/dynamicCausalityInterface1.xml
1 ms. Memory: 500224K Free: 357520K (71%)
----------------- Invoking toplevel() on ptolemy.moml.MoMLSimpleApplication@945c4a
----------------- Done invoking toplevel() on ptolemy.moml.MoMLSimpleApplication@945c4a
reloadAllAccessors: .dynamicCausalityInterface1

===========================================================================================
----------------- testing Sat Oct 20 02:36:58 UTC 2018 /home/travis/build/icyphy/ptII/ptolemy/domains/de/test/auto/fsm_de_test.xml
----------------- Instantiating /home/travis/build/icyphy/ptII/ptolemy/domains/de/test/auto/fsm_de_test.xml
4 ms. Memory: 500224K Free: 344439K (69%)
----------------- Invoking toplevel() on ptolemy.moml.MoMLSimpleApplication@141e24a7
----------------- Done invoking toplevel() on ptolemy.moml.MoMLSimpleApplication@141e24a7
reloadAllAccessors: .fsm_de_test

===========================================================================================
----------------- testing Sat Oct 20 02:36:58 UTC 2018 /home/travis/build/icyphy/ptII/ptolemy/domains/de/test/auto/functionDependencyReconstruction.xml
----------------- Instantiating /home/travis/build/icyphy/ptII/ptolemy/domains/de/test/auto/functionDependencyReconstruction.xml
2 ms. Memory: 500224K Free: 322983K (65%)
----------------- Invoking toplevel() on ptolemy.moml.MoMLSimpleApplication@13e08637
----------------- Done invoking toplevel() on ptolemy.moml.MoMLSimpleApplication@13e08637
reloadAllAccessors: .functionDependencyReconstruction

===========================================================================================
----------------- testing Sat Oct 20 02:36:58 UTC 2018 /home/travis/build/icyphy/ptII/ptolemy/domains/de/test/auto/multirate.xml
----------------- Instantiating /home/travis/build/icyphy/ptII/ptolemy/domains/de/test/auto/multirate.xml
2 ms. Memory: 500224K Free: 309894K (62%)
----------------- Invoking toplevel() on ptolemy.moml.MoMLSimpleApplication@7a5edc3c
----------------- Done invoking toplevel() on ptolemy.moml.MoMLSimpleApplication@7a5edc3c
reloadAllAccessors: .multirate

===========================================================================================
----------------- testing Sat Oct 20 02:36:58 UTC 2018 /home/travis/build/icyphy/ptII/ptolemy/domains/de/test/auto/multirate2.xml
----------------- Instantiating /home/travis/build/icyphy/ptII/ptolemy/domains/de/test/auto/multirate2.xml
2 ms. Memory: 500224K Free: 296805K (59%)
----------------- Invoking toplevel() on ptolemy.moml.MoMLSimpleApplication@1781e7d0
----------------- Done invoking toplevel() on ptolemy.moml.MoMLSimpleApplication@1781e7d0
reloadAllAccessors: .multirate2

===========================================================================================
----------------- testing Sat Oct 20 02:36:58 UTC 2018 /home/travis/build/icyphy/ptII/ptolemy/domains/de/test/auto/realtime.xml
----------------- Instantiating /home/travis/build/icyphy/ptII/ptolemy/domains/de/test/auto/realtime.xml
10001 ms. Memory: 500224K Free: 287906K (58%)
----------------- Invoking toplevel() on ptolemy.moml.MoMLSimpleApplication@3dd37f8e
----------------- Done invoking toplevel() on ptolemy.moml.MoMLSimpleApplication@3dd37f8e
reloadAllAccessors: .realtime

===========================================================================================
----------------- testing Sat Oct 20 02:37:08 UTC 2018 /home/travis/build/icyphy/ptII/ptolemy/domains/de/test/auto/relationGroup.xml
----------------- Instantiating /home/travis/build/icyphy/ptII/ptolemy/domains/de/test/auto/relationGroup.xml
3 ms. Memory: 500224K Free: 278754K (56%)
----------------- Invoking toplevel() on ptolemy.moml.MoMLSimpleApplication@307b3807
----------------- Done invoking toplevel() on ptolemy.moml.MoMLSimpleApplication@307b3807
reloadAllAccessors: .relationGroup

===========================================================================================
----------------- testing Sat Oct 20 02:37:08 UTC 2018 /home/travis/build/icyphy/ptII/ptolemy/domains/de/test/auto/relationGroup2.xml
----------------- Instantiating /home/travis/build/icyphy/ptII/ptolemy/domains/de/test/auto/relationGroup2.xml
1 ms. Memory: 500224K Free: 269863K (54%)
----------------- Invoking toplevel() on ptolemy.moml.MoMLSimpleApplication@1006479c
----------------- Done invoking toplevel() on ptolemy.moml.MoMLSimpleApplication@1006479c
reloadAllAccessors: .relationGroup2

===========================================================================================
----------------- testing Sat Oct 20 02:37:08 UTC 2018 /home/travis/build/icyphy/ptII/ptolemy/domains/de/test/auto/sortWithOpaquePorts.xml
----------------- Instantiating /home/travis/build/icyphy/ptII/ptolemy/domains/de/test/auto/sortWithOpaquePorts.xml
1 ms. Memory: 500224K Free: 260973K (52%)
----------------- Invoking toplevel() on ptolemy.moml.MoMLSimpleApplication@3c4c8d5c
----------------- Done invoking toplevel() on ptolemy.moml.MoMLSimpleApplication@3c4c8d5c
reloadAllAccessors: .sortWithOpaquePorts

===========================================================================================
----------------- testing Sat Oct 20 02:37:08 UTC 2018 /home/travis/build/icyphy/ptII/ptolemy/domains/de/test/auto/transferInputsandOutputs.xml
----------------- Instantiating /home/travis/build/icyphy/ptII/ptolemy/domains/de/test/auto/transferInputsandOutputs.xml
1 ms. Memory: 500224K Free: 247892K (50%)
----------------- Invoking toplevel() on ptolemy.moml.MoMLSimpleApplication@60965005
----------------- Done invoking toplevel() on ptolemy.moml.MoMLSimpleApplication@60965005
reloadAllAccessors: .transferInputsandOutputs

===========================================================================================
----------------- testing Sat Oct 20 02:37:08 UTC 2018 /home/travis/build/icyphy/ptII/ptolemy/domains/de/test/auto/triggerType.xml
----------------- Instantiating /home/travis/build/icyphy/ptII/ptolemy/domains/de/test/auto/triggerType.xml
1 ms. Memory: 500224K Free: 239002K (48%)
----------------- Invoking toplevel() on ptolemy.moml.MoMLSimpleApplication@47fcbee4
----------------- Done invoking toplevel() on ptolemy.moml.MoMLSimpleApplication@47fcbee4
reloadAllAccessors: .triggerType
AutoTests.java: About to close Vertx.
AutoTests.java: Vertx closed.
]]></system-out>
  <system-err><![CDATA[java.lang.RuntimeException: Execution failed
	at ptolemy.moml.MoMLSimpleApplication$UnloadThread.run(MoMLSimpleApplication.java:402)
Caused by: ptolemy.kernel.util.IllegalActionException: Found a zero delay loop containing .dependencyLoop.original
  in .dependencyLoop and .dependencyLoop.original
	at ptolemy.actor.util.CausalityInterfaceForComposites._computeOutputPortDepth(CausalityInterfaceForComposites.java:759)
	at ptolemy.actor.util.CausalityInterfaceForComposites._computeInputDepth(CausalityInterfaceForComposites.java:696)
	at ptolemy.actor.util.CausalityInterfaceForComposites._computeOutputPortDepth(CausalityInterfaceForComposites.java:765)
	at ptolemy.actor.util.CausalityInterfaceForComposites._computeInputDepth(CausalityInterfaceForComposites.java:696)
	at ptolemy.actor.util.CausalityInterfaceForComposites._computeOutputPortDepth(CausalityInterfaceForComposites.java:765)
	at ptolemy.actor.util.CausalityInterfaceForComposites._computeInputDepth(CausalityInterfaceForComposites.java:696)
	at ptolemy.actor.util.CausalityInterfaceForComposites._computeActorDepth(CausalityInterfaceForComposites.java:532)
	at ptolemy.actor.util.CausalityInterfaceForComposites.checkForCycles(CausalityInterfaceForComposites.java:96)
	at ptolemy.domains.de.kernel.DEDirector.preinitialize(DEDirector.java:1338)
	at ptolemy.actor.CompositeActor.preinitialize(CompositeActor.java:1828)
	at ptolemy.actor.Manager.preinitializeAndResolveTypes(Manager.java:1040)
	at ptolemy.actor.Manager.initialize(Manager.java:710)
	at ptolemy.actor.Manager.execute(Manager.java:356)
	at ptolemy.actor.Manager.run(Manager.java:1263)
	at ptolemy.actor.Manager$PtolemyRunThread.run(Manager.java:1915)
java.lang.RuntimeException: Execution failed
	at ptolemy.moml.MoMLSimpleApplication$UnloadThread.run(MoMLSimpleApplication.java:402)
Caused by: ptolemy.kernel.util.IllegalActionException: Found a zero delay loop containing .dependencyLoop2.original
  in .dependencyLoop2 and .dependencyLoop2.original
	at ptolemy.actor.util.CausalityInterfaceForComposites._computeOutputPortDepth(CausalityInterfaceForComposites.java:759)
	at ptolemy.actor.util.CausalityInterfaceForComposites._computeInputDepth(CausalityInterfaceForComposites.java:696)
	at ptolemy.actor.util.CausalityInterfaceForComposites._computeOutputPortDepth(CausalityInterfaceForComposites.java:765)
	at ptolemy.actor.util.CausalityInterfaceForComposites._computeInputDepth(CausalityInterfaceForComposites.java:696)
	at ptolemy.actor.util.CausalityInterfaceForComposites._computeOutputPortDepth(CausalityInterfaceForComposites.java:765)
	at ptolemy.actor.util.CausalityInterfaceForComposites._computeInputDepth(CausalityInterfaceForComposites.java:696)
	at ptolemy.actor.util.CausalityInterfaceForComposites._computeActorDepth(CausalityInterfaceForComposites.java:532)
	at ptolemy.actor.util.CausalityInterfaceForComposites.checkForCycles(CausalityInterfaceForComposites.java:96)
	at ptolemy.domains.de.kernel.DEDirector.preinitialize(DEDirector.java:1338)
	at ptolemy.actor.CompositeActor.preinitialize(CompositeActor.java:1828)
	at ptolemy.actor.Manager.preinitializeAndResolveTypes(Manager.java:1040)
	at ptolemy.actor.Manager.initialize(Manager.java:710)
	at ptolemy.actor.Manager.execute(Manager.java:356)
	at ptolemy.actor.Manager.run(Manager.java:1263)
	at ptolemy.actor.Manager$PtolemyRunThread.run(Manager.java:1915)
java.lang.RuntimeException: Execution failed
	at ptolemy.moml.MoMLSimpleApplication$UnloadThread.run(MoMLSimpleApplication.java:402)
Caused by: ptolemy.kernel.util.IllegalActionException: Found a zero delay loop containing .dependencyLoop.original
  in .dependencyLoop and .dependencyLoop.original
	at ptolemy.actor.util.CausalityInterfaceForComposites._computeOutputPortDepth(CausalityInterfaceForComposites.java:759)
	at ptolemy.actor.util.CausalityInterfaceForComposites._computeInputDepth(CausalityInterfaceForComposites.java:696)
	at ptolemy.actor.util.CausalityInterfaceForComposites._computeOutputPortDepth(CausalityInterfaceForComposites.java:765)
	at ptolemy.actor.util.CausalityInterfaceForComposites._computeInputDepth(CausalityInterfaceForComposites.java:696)
	at ptolemy.actor.util.CausalityInterfaceForComposites._computeOutputPortDepth(CausalityInterfaceForComposites.java:765)
	at ptolemy.actor.util.CausalityInterfaceForComposites._computeInputDepth(CausalityInterfaceForComposites.java:696)
	at ptolemy.actor.util.CausalityInterfaceForComposites._computeActorDepth(CausalityInterfaceForComposites.java:532)
	at ptolemy.actor.util.CausalityInterfaceForComposites.checkForCycles(CausalityInterfaceForComposites.java:96)
	at ptolemy.domains.de.kernel.DEDirector.preinitialize(DEDirector.java:1338)
	at ptolemy.actor.CompositeActor.preinitialize(CompositeActor.java:1828)
	at ptolemy.actor.Manager.preinitializeAndResolveTypes(Manager.java:1040)
	at ptolemy.actor.Manager.initialize(Manager.java:710)
	at ptolemy.actor.Manager.execute(Manager.java:356)
	at ptolemy.actor.Manager.run(Manager.java:1263)
	at ptolemy.actor.Manager$PtolemyRunThread.run(Manager.java:1915)
java.lang.RuntimeException: Execution failed
	at ptolemy.moml.MoMLSimpleApplication$UnloadThread.run(MoMLSimpleApplication.java:402)
Caused by: ptolemy.kernel.util.IllegalActionException: Actor is not ready to fire.  Perhaps UpSample.prefire() returned false? Try debugging the actor by selecting "Listen to Actor".  Also, for SDF check moml for tokenConsumptionRate on input.
  in .DESDFClockTest.Play Bell.Copy1:SDF Director and .DESDFClockTest.Play Bell.UpSample
	at ptolemy.actor.sched.StaticSchedulingDirector.fire(StaticSchedulingDirector.java:227)
	at ptolemy.domains.sdf.kernel.SDFDirector.fire(SDFDirector.java:500)
	at ptolemy.actor.CompositeActor.fire(CompositeActor.java:455)
	at ptolemy.domains.de.kernel.DEDirector._fire(DEDirector.java:1949)
	at ptolemy.domains.de.kernel.DEDirector.fire(DEDirector.java:502)
	at ptolemy.actor.CompositeActor.fire(CompositeActor.java:455)
	at ptolemy.actor.Manager.iterate(Manager.java:851)
	at ptolemy.actor.Manager.execute(Manager.java:369)
	at ptolemy.actor.Manager.run(Manager.java:1263)
	at ptolemy.actor.Manager$PtolemyRunThread.run(Manager.java:1915)
java.lang.RuntimeException: Execution failed
	at ptolemy.moml.MoMLSimpleApplication$UnloadThread.run(MoMLSimpleApplication.java:402)
Caused by: ptolemy.kernel.util.IllegalActionException: Found a zero delay loop containing .dependencyLoop2.original
  in .dependencyLoop2 and .dependencyLoop2.original
	at ptolemy.actor.util.CausalityInterfaceForComposites._computeOutputPortDepth(CausalityInterfaceForComposites.java:759)
	at ptolemy.actor.util.CausalityInterfaceForComposites._computeInputDepth(CausalityInterfaceForComposites.java:696)
	at ptolemy.actor.util.CausalityInterfaceForComposites._computeOutputPortDepth(CausalityInterfaceForComposites.java:765)
	at ptolemy.actor.util.CausalityInterfaceForComposites._computeInputDepth(CausalityInterfaceForComposites.java:696)
	at ptolemy.actor.util.CausalityInterfaceForComposites._computeOutputPortDepth(CausalityInterfaceForComposites.java:765)
	at ptolemy.actor.util.CausalityInterfaceForComposites._computeInputDepth(CausalityInterfaceForComposites.java:696)
	at ptolemy.actor.util.CausalityInterfaceForComposites._computeActorDepth(CausalityInterfaceForComposites.java:532)
	at ptolemy.actor.util.CausalityInterfaceForComposites.checkForCycles(CausalityInterfaceForComposites.java:96)
	at ptolemy.domains.de.kernel.DEDirector.preinitialize(DEDirector.java:1338)
	at ptolemy.actor.CompositeActor.preinitialize(CompositeActor.java:1828)
	at ptolemy.actor.Manager.preinitializeAndResolveTypes(Manager.java:1040)
	at ptolemy.actor.Manager.initialize(Manager.java:710)
	at ptolemy.actor.Manager.execute(Manager.java:356)
	at ptolemy.actor.Manager.run(Manager.java:1263)
	at ptolemy.actor.Manager$PtolemyRunThread.run(Manager.java:1915)
java.lang.RuntimeException: Execution failed
	at ptolemy.moml.MoMLSimpleApplication$UnloadThread.run(MoMLSimpleApplication.java:402)
Caused by: ptolemy.kernel.util.IllegalActionException: Found a zero delay loop containing .HierarchicalModel.A
  in .HierarchicalModel and .HierarchicalModel.A
	at ptolemy.actor.util.CausalityInterfaceForComposites._computeOutputPortDepth(CausalityInterfaceForComposites.java:759)
	at ptolemy.actor.util.CausalityInterfaceForComposites._computeInputDepth(CausalityInterfaceForComposites.java:696)
	at ptolemy.actor.util.CausalityInterfaceForComposites._computeOutputPortDepth(CausalityInterfaceForComposites.java:765)
	at ptolemy.actor.util.CausalityInterfaceForComposites._computeInputDepth(CausalityInterfaceForComposites.java:696)
	at ptolemy.actor.util.CausalityInterfaceForComposites._computeOutputPortDepth(CausalityInterfaceForComposites.java:765)
	at ptolemy.actor.util.CausalityInterfaceForComposites._computeInputDepth(CausalityInterfaceForComposites.java:696)
	at ptolemy.actor.util.CausalityInterfaceForComposites._computeActorDepth(CausalityInterfaceForComposites.java:532)
	at ptolemy.actor.util.CausalityInterfaceForComposites.checkForCycles(CausalityInterfaceForComposites.java:96)
	at ptolemy.domains.de.kernel.DEDirector.preinitialize(DEDirector.java:1338)
	at ptolemy.actor.CompositeActor.preinitialize(CompositeActor.java:1828)
	at ptolemy.actor.Manager.preinitializeAndResolveTypes(Manager.java:1040)
	at ptolemy.actor.Manager.initialize(Manager.java:710)
	at ptolemy.actor.Manager.execute(Manager.java:356)
	at ptolemy.actor.Manager.run(Manager.java:1263)
	at ptolemy.actor.Manager$PtolemyRunThread.run(Manager.java:1915)
java.lang.RuntimeException: Execution failed
	at ptolemy.moml.MoMLSimpleApplication$UnloadThread.run(MoMLSimpleApplication.java:402)
Caused by: ptolemy.kernel.util.IllegalActionException: Test fails in iteration 1.
Value was: 1.0. Should have been: 2.0
  in .DirectFeedback.Test
	at ptolemy.actor.lib.Test.fire(Test.java:268)
	at ptolemy.domains.de.kernel.DEDirector._fire(DEDirector.java:1949)
	at ptolemy.domains.de.kernel.DEDirector.fire(DEDirector.java:502)
	at ptolemy.actor.CompositeActor.fire(CompositeActor.java:455)
	at ptolemy.actor.Manager.iterate(Manager.java:851)
	at ptolemy.actor.Manager.execute(Manager.java:369)
	at ptolemy.actor.Manager.run(Manager.java:1263)
	at ptolemy.actor.Manager$PtolemyRunThread.run(Manager.java:1915)
java.lang.RuntimeException: Execution failed
	at ptolemy.moml.MoMLSimpleApplication$UnloadThread.run(MoMLSimpleApplication.java:402)
Caused by: ptolemy.kernel.util.IllegalActionException: Actor is not ready to fire.  Perhaps UpSample.prefire() returned false? Try debugging the actor by selecting "Listen to Actor".  Also, for SDF check moml for tokenConsumptionRate on input.
  in .DESDFClockTest.Play Bell.Copy1:SDF Director and .DESDFClockTest.Play Bell.UpSample
	at ptolemy.actor.sched.StaticSchedulingDirector.fire(StaticSchedulingDirector.java:227)
	at ptolemy.domains.sdf.kernel.SDFDirector.fire(SDFDirector.java:500)
	at ptolemy.actor.CompositeActor.fire(CompositeActor.java:455)
	at ptolemy.domains.de.kernel.DEDirector._fire(DEDirector.java:1949)
	at ptolemy.domains.de.kernel.DEDirector.fire(DEDirector.java:502)
	at ptolemy.actor.CompositeActor.fire(CompositeActor.java:455)
	at ptolemy.actor.Manager.iterate(Manager.java:851)
	at ptolemy.actor.Manager.execute(Manager.java:369)
	at ptolemy.actor.Manager.run(Manager.java:1263)
	at ptolemy.actor.Manager$PtolemyRunThread.run(Manager.java:1915)
java.lang.reflect.InvocationTargetException
	at sun.reflect.NativeConstructorAccessorImpl.newInstance0(Native Method)
	at sun.reflect.NativeConstructorAccessorImpl.newInstance(NativeConstructorAccessorImpl.java:62)
	at sun.reflect.DelegatingConstructorAccessorImpl.newInstance(DelegatingConstructorAccessorImpl.java:45)
	at java.lang.reflect.Constructor.newInstance(Constructor.java:423)
	at ptolemy.util.test.junit.AutoKnownFailedTests.RunModel(AutoKnownFailedTests.java:105)
	at sun.reflect.NativeMethodAccessorImpl.invoke0(Native Method)
	at sun.reflect.NativeMethodAccessorImpl.invoke(NativeMethodAccessorImpl.java:62)
	at sun.reflect.DelegatingMethodAccessorImpl.invoke(DelegatingMethodAccessorImpl.java:43)
	at java.lang.reflect.Method.invoke(Method.java:498)
	at org.junit.runners.model.FrameworkMethod$1.runReflectiveCall(FrameworkMethod.java:44)
	at org.junit.internal.runners.model.ReflectiveCallable.run(ReflectiveCallable.java:15)
	at org.junit.runners.model.FrameworkMethod.invokeExplosively(FrameworkMethod.java:41)
	at junitparams.internal.InvokeParameterisedMethod.evaluate(InvokeParameterisedMethod.java:102)
	at org.junit.internal.runners.statements.FailOnTimeout$1.run(FailOnTimeout.java:28)
Caused by: ptolemy.kernel.util.IllegalActionException: Actor is not ready to fire.  Perhaps UpSample.prefire() returned false? Try debugging the actor by selecting "Listen to Actor".  Also, for SDF check moml for tokenConsumptionRate on input.
  in .DESDFClockTest.Play Bell.Copy1:SDF Director and .DESDFClockTest.Play Bell.UpSample
	at ptolemy.actor.sched.StaticSchedulingDirector.fire(StaticSchedulingDirector.java:227)
	at ptolemy.domains.sdf.kernel.SDFDirector.fire(SDFDirector.java:500)
	at ptolemy.actor.CompositeActor.fire(CompositeActor.java:455)
	at ptolemy.domains.de.kernel.DEDirector._fire(DEDirector.java:1949)
	at ptolemy.domains.de.kernel.DEDirector.fire(DEDirector.java:502)
	at ptolemy.actor.CompositeActor.fire(CompositeActor.java:455)
	at ptolemy.actor.Manager.iterate(Manager.java:851)
	at ptolemy.actor.Manager.execute(Manager.java:369)
	at ptolemy.actor.Manager.run(Manager.java:1263)
	at ptolemy.actor.Manager$PtolemyRunThread.run(Manager.java:1915)
java.lang.RuntimeException: Execution failed
	at ptolemy.moml.MoMLSimpleApplication$UnloadThread.run(MoMLSimpleApplication.java:402)
Caused by: ptolemy.kernel.util.IllegalActionException: Test fails in iteration 1.
Value was: 1.0. Should have been: 2.0
  in .DirectFeedback.Test
	at ptolemy.actor.lib.Test.fire(Test.java:268)
	at ptolemy.domains.de.kernel.DEDirector._fire(DEDirector.java:1949)
	at ptolemy.domains.de.kernel.DEDirector.fire(DEDirector.java:502)
	at ptolemy.actor.CompositeActor.fire(CompositeActor.java:455)
	at ptolemy.actor.Manager.iterate(Manager.java:851)
	at ptolemy.actor.Manager.execute(Manager.java:369)
	at ptolemy.actor.Manager.run(Manager.java:1263)
	at ptolemy.actor.Manager$PtolemyRunThread.run(Manager.java:1915)
java.lang.reflect.InvocationTargetException
	at sun.reflect.NativeConstructorAccessorImpl.newInstance0(Native Method)
	at sun.reflect.NativeConstructorAccessorImpl.newInstance(NativeConstructorAccessorImpl.java:62)
	at sun.reflect.DelegatingConstructorAccessorImpl.newInstance(DelegatingConstructorAccessorImpl.java:45)
	at java.lang.reflect.Constructor.newInstance(Constructor.java:423)
	at ptolemy.util.test.junit.AutoKnownFailedTests.RunModel(AutoKnownFailedTests.java:105)
	at sun.reflect.NativeMethodAccessorImpl.invoke0(Native Method)
	at sun.reflect.NativeMethodAccessorImpl.invoke(NativeMethodAccessorImpl.java:62)
	at sun.reflect.DelegatingMethodAccessorImpl.invoke(DelegatingMethodAccessorImpl.java:43)
	at java.lang.reflect.Method.invoke(Method.java:498)
	at org.junit.runners.model.FrameworkMethod$1.runReflectiveCall(FrameworkMethod.java:44)
	at org.junit.internal.runners.model.ReflectiveCallable.run(ReflectiveCallable.java:15)
	at org.junit.runners.model.FrameworkMethod.invokeExplosively(FrameworkMethod.java:41)
	at junitparams.internal.InvokeParameterisedMethod.evaluate(InvokeParameterisedMethod.java:102)
	at org.junit.internal.runners.statements.FailOnTimeout$1.run(FailOnTimeout.java:28)
Caused by: ptolemy.kernel.util.IllegalActionException: Test fails in iteration 1.
Value was: 1.0. Should have been: 2.0
  in .DirectFeedback.Test
	at ptolemy.actor.lib.Test.fire(Test.java:268)
	at ptolemy.domains.de.kernel.DEDirector._fire(DEDirector.java:1949)
	at ptolemy.domains.de.kernel.DEDirector.fire(DEDirector.java:502)
	at ptolemy.actor.CompositeActor.fire(CompositeActor.java:455)
	at ptolemy.actor.Manager.iterate(Manager.java:851)
	at ptolemy.actor.Manager.execute(Manager.java:369)
	at ptolemy.actor.Manager.run(Manager.java:1263)
	at ptolemy.actor.Manager$PtolemyRunThread.run(Manager.java:1915)
java.lang.RuntimeException: Execution failed
	at ptolemy.moml.MoMLSimpleApplication$UnloadThread.run(MoMLSimpleApplication.java:402)
Caused by: ptolemy.kernel.util.IllegalActionException: Found a zero delay loop containing .HierarchicalModel.A
  in .HierarchicalModel and .HierarchicalModel.A
	at ptolemy.actor.util.CausalityInterfaceForComposites._computeOutputPortDepth(CausalityInterfaceForComposites.java:759)
	at ptolemy.actor.util.CausalityInterfaceForComposites._computeInputDepth(CausalityInterfaceForComposites.java:696)
	at ptolemy.actor.util.CausalityInterfaceForComposites._computeOutputPortDepth(CausalityInterfaceForComposites.java:765)
	at ptolemy.actor.util.CausalityInterfaceForComposites._computeInputDepth(CausalityInterfaceForComposites.java:696)
	at ptolemy.actor.util.CausalityInterfaceForComposites._computeOutputPortDepth(CausalityInterfaceForComposites.java:765)
	at ptolemy.actor.util.CausalityInterfaceForComposites._computeInputDepth(CausalityInterfaceForComposites.java:696)
	at ptolemy.actor.util.CausalityInterfaceForComposites._computeActorDepth(CausalityInterfaceForComposites.java:532)
	at ptolemy.actor.util.CausalityInterfaceForComposites.checkForCycles(CausalityInterfaceForComposites.java:96)
	at ptolemy.domains.de.kernel.DEDirector.preinitialize(DEDirector.java:1338)
	at ptolemy.actor.CompositeActor.preinitialize(CompositeActor.java:1828)
	at ptolemy.actor.Manager.preinitializeAndResolveTypes(Manager.java:1040)
	at ptolemy.actor.Manager.initialize(Manager.java:710)
	at ptolemy.actor.Manager.execute(Manager.java:356)
	at ptolemy.actor.Manager.run(Manager.java:1263)
	at ptolemy.actor.Manager$PtolemyRunThread.run(Manager.java:1915)
java.lang.reflect.InvocationTargetException
	at sun.reflect.NativeConstructorAccessorImpl.newInstance0(Native Method)
	at sun.reflect.NativeConstructorAccessorImpl.newInstance(NativeConstructorAccessorImpl.java:62)
	at sun.reflect.DelegatingConstructorAccessorImpl.newInstance(DelegatingConstructorAccessorImpl.java:45)
	at java.lang.reflect.Constructor.newInstance(Constructor.java:423)
	at ptolemy.util.test.junit.AutoKnownFailedTests.RunModel(AutoKnownFailedTests.java:105)
	at sun.reflect.NativeMethodAccessorImpl.invoke0(Native Method)
	at sun.reflect.NativeMethodAccessorImpl.invoke(NativeMethodAccessorImpl.java:62)
	at sun.reflect.DelegatingMethodAccessorImpl.invoke(DelegatingMethodAccessorImpl.java:43)
	at java.lang.reflect.Method.invoke(Method.java:498)
	at org.junit.runners.model.FrameworkMethod$1.runReflectiveCall(FrameworkMethod.java:44)
	at org.junit.internal.runners.model.ReflectiveCallable.run(ReflectiveCallable.java:15)
	at org.junit.runners.model.FrameworkMethod.invokeExplosively(FrameworkMethod.java:41)
	at junitparams.internal.InvokeParameterisedMethod.evaluate(InvokeParameterisedMethod.java:102)
	at org.junit.internal.runners.statements.FailOnTimeout$1.run(FailOnTimeout.java:28)
Caused by: ptolemy.kernel.util.IllegalActionException: Found a zero delay loop containing .HierarchicalModel.A
  in .HierarchicalModel and .HierarchicalModel.A
	at ptolemy.actor.util.CausalityInterfaceForComposites._computeOutputPortDepth(CausalityInterfaceForComposites.java:759)
	at ptolemy.actor.util.CausalityInterfaceForComposites._computeInputDepth(CausalityInterfaceForComposites.java:696)
	at ptolemy.actor.util.CausalityInterfaceForComposites._computeOutputPortDepth(CausalityInterfaceForComposites.java:765)
	at ptolemy.actor.util.CausalityInterfaceForComposites._computeInputDepth(CausalityInterfaceForComposites.java:696)
	at ptolemy.actor.util.CausalityInterfaceForComposites._computeOutputPortDepth(CausalityInterfaceForComposites.java:765)
	at ptolemy.actor.util.CausalityInterfaceForComposites._computeInputDepth(CausalityInterfaceForComposites.java:696)
	at ptolemy.actor.util.CausalityInterfaceForComposites._computeActorDepth(CausalityInterfaceForComposites.java:532)
	at ptolemy.actor.util.CausalityInterfaceForComposites.checkForCycles(CausalityInterfaceForComposites.java:96)
	at ptolemy.domains.de.kernel.DEDirector.preinitialize(DEDirector.java:1338)
	at ptolemy.actor.CompositeActor.preinitialize(CompositeActor.java:1828)
	at ptolemy.actor.Manager.preinitializeAndResolveTypes(Manager.java:1040)
	at ptolemy.actor.Manager.initialize(Manager.java:710)
	at ptolemy.actor.Manager.execute(Manager.java:356)
	at ptolemy.actor.Manager.run(Manager.java:1263)
	at ptolemy.actor.Manager$PtolemyRunThread.run(Manager.java:1915)
java.lang.RuntimeException: Execution failed
	at ptolemy.moml.MoMLSimpleApplication$UnloadThread.run(MoMLSimpleApplication.java:402)
Caused by: ptolemy.kernel.util.IllegalActionException: Found a zero delay loop containing .dependencyLoop.original
  in .dependencyLoop and .dependencyLoop.original
	at ptolemy.actor.util.CausalityInterfaceForComposites._computeOutputPortDepth(CausalityInterfaceForComposites.java:759)
	at ptolemy.actor.util.CausalityInterfaceForComposites._computeInputDepth(CausalityInterfaceForComposites.java:696)
	at ptolemy.actor.util.CausalityInterfaceForComposites._computeOutputPortDepth(CausalityInterfaceForComposites.java:765)
	at ptolemy.actor.util.CausalityInterfaceForComposites._computeInputDepth(CausalityInterfaceForComposites.java:696)
	at ptolemy.actor.util.CausalityInterfaceForComposites._computeOutputPortDepth(CausalityInterfaceForComposites.java:765)
	at ptolemy.actor.util.CausalityInterfaceForComposites._computeInputDepth(CausalityInterfaceForComposites.java:696)
	at ptolemy.actor.util.CausalityInterfaceForComposites._computeActorDepth(CausalityInterfaceForComposites.java:532)
	at ptolemy.actor.util.CausalityInterfaceForComposites.checkForCycles(CausalityInterfaceForComposites.java:96)
	at ptolemy.domains.de.kernel.DEDirector.preinitialize(DEDirector.java:1338)
	at ptolemy.actor.CompositeActor.preinitialize(CompositeActor.java:1828)
	at ptolemy.actor.Manager.preinitializeAndResolveTypes(Manager.java:1040)
	at ptolemy.actor.Manager.initialize(Manager.java:710)
	at ptolemy.actor.Manager.execute(Manager.java:356)
	at ptolemy.actor.Manager.run(Manager.java:1263)
	at ptolemy.actor.Manager$PtolemyRunThread.run(Manager.java:1915)
java.lang.reflect.InvocationTargetException
	at sun.reflect.NativeConstructorAccessorImpl.newInstance0(Native Method)
	at sun.reflect.NativeConstructorAccessorImpl.newInstance(NativeConstructorAccessorImpl.java:62)
	at sun.reflect.DelegatingConstructorAccessorImpl.newInstance(DelegatingConstructorAccessorImpl.java:45)
	at java.lang.reflect.Constructor.newInstance(Constructor.java:423)
	at ptolemy.util.test.junit.AutoKnownFailedTests.RunModel(AutoKnownFailedTests.java:105)
	at sun.reflect.NativeMethodAccessorImpl.invoke0(Native Method)
	at sun.reflect.NativeMethodAccessorImpl.invoke(NativeMethodAccessorImpl.java:62)
	at sun.reflect.DelegatingMethodAccessorImpl.invoke(DelegatingMethodAccessorImpl.java:43)
	at java.lang.reflect.Method.invoke(Method.java:498)
	at org.junit.runners.model.FrameworkMethod$1.runReflectiveCall(FrameworkMethod.java:44)
	at org.junit.internal.runners.model.ReflectiveCallable.run(ReflectiveCallable.java:15)
	at org.junit.runners.model.FrameworkMethod.invokeExplosively(FrameworkMethod.java:41)
	at junitparams.internal.InvokeParameterisedMethod.evaluate(InvokeParameterisedMethod.java:102)
	at org.junit.internal.runners.statements.FailOnTimeout$1.run(FailOnTimeout.java:28)
Caused by: ptolemy.kernel.util.IllegalActionException: Found a zero delay loop containing .dependencyLoop.original
  in .dependencyLoop and .dependencyLoop.original
	at ptolemy.actor.util.CausalityInterfaceForComposites._computeOutputPortDepth(CausalityInterfaceForComposites.java:759)
	at ptolemy.actor.util.CausalityInterfaceForComposites._computeInputDepth(CausalityInterfaceForComposites.java:696)
	at ptolemy.actor.util.CausalityInterfaceForComposites._computeOutputPortDepth(CausalityInterfaceForComposites.java:765)
	at ptolemy.actor.util.CausalityInterfaceForComposites._computeInputDepth(CausalityInterfaceForComposites.java:696)
	at ptolemy.actor.util.CausalityInterfaceForComposites._computeOutputPortDepth(CausalityInterfaceForComposites.java:765)
	at ptolemy.actor.util.CausalityInterfaceForComposites._computeInputDepth(CausalityInterfaceForComposites.java:696)
	at ptolemy.actor.util.CausalityInterfaceForComposites._computeActorDepth(CausalityInterfaceForComposites.java:532)
	at ptolemy.actor.util.CausalityInterfaceForComposites.checkForCycles(CausalityInterfaceForComposites.java:96)
	at ptolemy.domains.de.kernel.DEDirector.preinitialize(DEDirector.java:1338)
	at ptolemy.actor.CompositeActor.preinitialize(CompositeActor.java:1828)
	at ptolemy.actor.Manager.preinitializeAndResolveTypes(Manager.java:1040)
	at ptolemy.actor.Manager.initialize(Manager.java:710)
	at ptolemy.actor.Manager.execute(Manager.java:356)
	at ptolemy.actor.Manager.run(Manager.java:1263)
	at ptolemy.actor.Manager$PtolemyRunThread.run(Manager.java:1915)
java.lang.RuntimeException: Execution failed
	at ptolemy.moml.MoMLSimpleApplication$UnloadThread.run(MoMLSimpleApplication.java:402)
Caused by: ptolemy.kernel.util.IllegalActionException: Found a zero delay loop containing .dependencyLoop2.original
  in .dependencyLoop2 and .dependencyLoop2.original
	at ptolemy.actor.util.CausalityInterfaceForComposites._computeOutputPortDepth(CausalityInterfaceForComposites.java:759)
	at ptolemy.actor.util.CausalityInterfaceForComposites._computeInputDepth(CausalityInterfaceForComposites.java:696)
	at ptolemy.actor.util.CausalityInterfaceForComposites._computeOutputPortDepth(CausalityInterfaceForComposites.java:765)
	at ptolemy.actor.util.CausalityInterfaceForComposites._computeInputDepth(CausalityInterfaceForComposites.java:696)
	at ptolemy.actor.util.CausalityInterfaceForComposites._computeOutputPortDepth(CausalityInterfaceForComposites.java:765)
	at ptolemy.actor.util.CausalityInterfaceForComposites._computeInputDepth(CausalityInterfaceForComposites.java:696)
	at ptolemy.actor.util.CausalityInterfaceForComposites._computeActorDepth(CausalityInterfaceForComposites.java:532)
	at ptolemy.actor.util.CausalityInterfaceForComposites.checkForCycles(CausalityInterfaceForComposites.java:96)
	at ptolemy.domains.de.kernel.DEDirector.preinitialize(DEDirector.java:1338)
	at ptolemy.actor.CompositeActor.preinitialize(CompositeActor.java:1828)
	at ptolemy.actor.Manager.preinitializeAndResolveTypes(Manager.java:1040)
	at ptolemy.actor.Manager.initialize(Manager.java:710)
	at ptolemy.actor.Manager.execute(Manager.java:356)
	at ptolemy.actor.Manager.run(Manager.java:1263)
	at ptolemy.actor.Manager$PtolemyRunThread.run(Manager.java:1915)
java.lang.reflect.InvocationTargetException
	at sun.reflect.NativeConstructorAccessorImpl.newInstance0(Native Method)
	at sun.reflect.NativeConstructorAccessorImpl.newInstance(NativeConstructorAccessorImpl.java:62)
	at sun.reflect.DelegatingConstructorAccessorImpl.newInstance(DelegatingConstructorAccessorImpl.java:45)
	at java.lang.reflect.Constructor.newInstance(Constructor.java:423)
	at ptolemy.util.test.junit.AutoKnownFailedTests.RunModel(AutoKnownFailedTests.java:105)
	at sun.reflect.NativeMethodAccessorImpl.invoke0(Native Method)
	at sun.reflect.NativeMethodAccessorImpl.invoke(NativeMethodAccessorImpl.java:62)
	at sun.reflect.DelegatingMethodAccessorImpl.invoke(DelegatingMethodAccessorImpl.java:43)
	at java.lang.reflect.Method.invoke(Method.java:498)
	at org.junit.runners.model.FrameworkMethod$1.runReflectiveCall(FrameworkMethod.java:44)
	at org.junit.internal.runners.model.ReflectiveCallable.run(ReflectiveCallable.java:15)
	at org.junit.runners.model.FrameworkMethod.invokeExplosively(FrameworkMethod.java:41)
	at junitparams.internal.InvokeParameterisedMethod.evaluate(InvokeParameterisedMethod.java:102)
	at org.junit.internal.runners.statements.FailOnTimeout$1.run(FailOnTimeout.java:28)
Caused by: ptolemy.kernel.util.IllegalActionException: Found a zero delay loop containing .dependencyLoop2.original
  in .dependencyLoop2 and .dependencyLoop2.original
	at ptolemy.actor.util.CausalityInterfaceForComposites._computeOutputPortDepth(CausalityInterfaceForComposites.java:759)
	at ptolemy.actor.util.CausalityInterfaceForComposites._computeInputDepth(CausalityInterfaceForComposites.java:696)
	at ptolemy.actor.util.CausalityInterfaceForComposites._computeOutputPortDepth(CausalityInterfaceForComposites.java:765)
	at ptolemy.actor.util.CausalityInterfaceForComposites._computeInputDepth(CausalityInterfaceForComposites.java:696)
	at ptolemy.actor.util.CausalityInterfaceForComposites._computeOutputPortDepth(CausalityInterfaceForComposites.java:765)
	at ptolemy.actor.util.CausalityInterfaceForComposites._computeInputDepth(CausalityInterfaceForComposites.java:696)
	at ptolemy.actor.util.CausalityInterfaceForComposites._computeActorDepth(CausalityInterfaceForComposites.java:532)
	at ptolemy.actor.util.CausalityInterfaceForComposites.checkForCycles(CausalityInterfaceForComposites.java:96)
	at ptolemy.domains.de.kernel.DEDirector.preinitialize(DEDirector.java:1338)
	at ptolemy.actor.CompositeActor.preinitialize(CompositeActor.java:1828)
	at ptolemy.actor.Manager.preinitializeAndResolveTypes(Manager.java:1040)
	at ptolemy.actor.Manager.initialize(Manager.java:710)
	at ptolemy.actor.Manager.execute(Manager.java:356)
	at ptolemy.actor.Manager.run(Manager.java:1263)
	at ptolemy.actor.Manager$PtolemyRunThread.run(Manager.java:1915)
]]></system-err>
</testsuite>
