<?xml version="1.0" encoding="UTF-8" ?>
<testsuite errors="0" failures="1" hostname="travis-job-99e9d1c3-1cf6-4f20-95e4-2b6580d0c8fd" name="ptolemy.actor.lib.test.junit.JUnitTclTest" skipped="0" tests="517" time="65.386" timestamp="2019-10-21T06:11:30">
  <properties>
    <property name="npm.executable" value="npm" />
    <property name="env.TRAVIS_ROOT" value="/" />
    <property name="ptII.mk.exists" value="true" />
    <property name="env.TRAVIS_APP_HOST" value="build.travis-ci.org" />
    <property name="env.rvm_bin_path" value="/home/travis/.rvm/bin" />
    <property name="java.home" value="/usr/local/lib/jvm/openjdk11" />
    <property name="env.TRAVIS_JOB_NUMBER" value="1370.8" />
    <property name="env.TRAVIS_HOME" value="/home/travis" />
    <property name="env.DISPLAY" value=":99.0" />
    <property name="env.TRAVIS_INIT" value="systemd" />
    <property name="env.SSH_TTY" value="/dev/pts/0" />
    <property name="java.net.preferIPv4Stack" value="true" />
    <property name="env.RUN_TESTS" value="true" />
    <property name="timeout.short" value="1000000" />
    <property name="junit.formatter" value="xml" />
    <property name="env.TRAVIS_SUDO" value="true" />
    <property name="env.TRAVIS_JOB_NAME" value="" />
    <property name="env.TRAVIS_STACK_NODE_ATTRIBUTES" value="/.node-attributes.yml" />
    <property name="env.LOGNAME" value="travis" />
    <property name="env.PT_TRAVIS_TEST_CORE1_XML" value="true" />
    <property name="jsdoc.home" value="node_modules/@terraswarm/jsdoc" />
    <property name="debuglevel" value="source,lines,vars" />
    <property name="checkstyle.formatter" value="xml" />
    <property name="env._system_version" value="16.04" />
    <property name="bin.vergil.makeable" value="true" />
    <property name="sun.os.patch.level" value="unknown" />
    <property name="java.vendor.url" value="http://java.oracle.com/" />
    <property name="env.TRAVIS_BUILD_WEB_URL" value="https://travis-ci.org/icyphy/ptII/builds/600559895" />
    <property name="java.version" value="11.0.2" />
    <property name="env.TZ" value="UTC" />
    <property name="env.TRAVIS_PULL_REQUEST_SHA" value="" />
    <property name="env.PT_NO_NET" value="true" />
    <property name="env.TRAVIS_SECURE_ENV_VARS" value="true" />
    <property name="env._system_type" value="Linux" />
    <property name="java.vendor.url.bug" value="http://bugreport.java.com/bugreport/" />
    <property name="npmjs-org-is-up" value="true" />
    <property name="env.LANGUAGE" value="en_US.UTF-8" />
    <property name="env.SSH_CLIENT" value="10.24.4.16 59338 22" />
    <property name="env.GEM_HOME" value="/home/travis/.rvm/gems/ruby-2.5.3" />
    <property name="env.HAS_ANTARES_THREE_LITTLE_FRONZIES_BADGE" value="true" />
    <property name="java.version.date" value="2019-01-15" />
    <property name="env.PS4" value="+" />
    <property name="ant.project.invoked-targets" value="build,test.core1.xml" />
    <property name="env.TRAVIS_PULL_REQUEST_BRANCH" value="" />
    <property name="env.TRAVIS_REPO_SLUG" value="icyphy/ptII" />
    <property name="env.XDG_DATA_DIRS" value="/usr/local/share:/usr/share:/var/lib/snapd/desktop" />
    <property name="jdk.debug" value="release" />
    <property name="env.TRAVIS_APT_PROXY" value="http://apt.cache.travis-ci.com" />
    <property name="node.in.path" value="true" />
    <property name="user.name" value="travis" />
    <property name="java.maxmemory" value="1400m" />
    <property name="env.RUBY_VERSION" value="ruby-2.5.3" />
    <property name="env.LANG" value="en_US.UTF-8" />
    <property name="sun.io.unicode.encoding" value="UnicodeLittle" />
    <property name="sun.jnu.encoding" value="UTF-8" />
    <property name="java.runtime.name" value="OpenJDK Runtime Environment" />
    <property name="usefile" value="false" />
    <property name="return.code" value="0" />
    <property name="junit.single.formatter" value="plain" />
    <property name="env.DYLD_LIBRARY_PATH" value="/home/travis/pthla/certi-tools/lib:" />
    <property name="env.DEBIAN_FRONTEND" value="noninteractive" />
    <property name="env.SSH_CONNECTION" value="10.24.4.16 59338 10.20.1.167 22" />
    <property name="env.MYSQL_UNIX_PORT" value="/var/run/mysqld/mysqld.sock" />
    <property name="env.LC_ALL" value="en_US.UTF-8" />
    <property name="env.TRAVIS_ALLOW_FAILURE" value="false" />
    <property name="env.TRAVIS_JOB_WEB_URL" value="https://travis-ci.org/icyphy/ptII/jobs/600559903" />
    <property name="java.specification.name" value="Java Platform API Specification" />
    <property name="node.works" value="true" />
    <property name="user.timezone" value="" />
    <property name="path.separator" value=":" />
    <property name="env.TRAVIS_ENABLE_INFRA_DETECTION" value="true" />
    <property name="env.PYTHON_CFLAGS" value="-g -fstack-protector --param=ssp-buffer-size=4 -Wformat -Werror=format-security" />
    <property name="timeout.long" value="4000000" />
    <property name="env.CERTI_HOME" value="/home/travis/pthla/certi-tools" />
    <property name="ant.file.ptII" value="/home/travis/build/icyphy/ptII/build.xml" />
    <property name="javadoc.packagenames" value="com.*,diva.*,lbnl.*,org.hlacerti.*,org.json.*,org.ptolemy.*,org.terraswarm.*,ptolemy.*,ptserver.*" />
    <property name="file.encoding" value="UTF-8" />
    <property name="env.TRAVIS_PULL_REQUEST_SLUG" value="" />
    <property name="ant.project.default-target" value="build" />
    <property name="env.GIT_ASKPASS" value="echo" />
    <property name="env.HOME" value="/home/travis" />
    <property name="sun.java.command" value="org.apache.tools.ant.taskdefs.optional.junit.JUnitTestRunner ptolemy.actor.lib.test.junit.JUnitTclTest skipNonTests=false filtertrace=true haltOnError=false haltOnFailure=false formatter=org.apache.tools.ant.taskdefs.optional.junit.OutErrSummaryJUnitResultFormatter showoutput=true outputtoformatters=true logfailedtests=true threadid=0 logtestlistenerevents=false formatter=org.apache.tools.ant.taskdefs.optional.junit.XMLJUnitResultFormatter,/home/travis/build/icyphy/ptII/reports/junit/TEST-ptolemy.actor.lib.test.junit.JUnitTclTest.xml crashfile=/home/travis/build/icyphy/ptII/junitvmwatcher17062934859694446502.properties propsfile=/home/travis/build/icyphy/ptII/junit8923326505395406912.properties" />
    <property name="env.COMPOSER_NO_INTERACTION" value="1" />
    <property name="env.MANPATH" value="/home/travis/.nvm/versions/node/v7.10.1/share/man:/home/travis/.rvm/rubies/ruby-2.5.3/share/man:/usr/local/cmake-3.12.4/man:/usr/local/clang-7.0.0/share/man:/usr/local/man:/usr/local/share/man:/usr/share/man:/home/travis/.rvm/man" />
    <property name="env.TRAVIS_TIMER_ID" value="025b0845" />
    <property name="ant.file" value="/home/travis/build/icyphy/ptII/build.xml" />
    <property name="env.TRAVIS_COMMIT_RANGE" value="88f03a27763bfaa83d68e8c126d7dc69b4b351f6...948bf656f66248ff65af09b7e6cc9885ef1f544d" />
    <property name="env._system_name" value="Ubuntu" />
    <property name="ptII.classpath.optional.property" value="/home/travis/build/icyphy/ptII/lib/bsh-2.0b4.jar:/home/travis/build/icyphy/ptII/lib/ptCal.jar:/home/travis/build/icyphy/ptII/lib/java_cup.jar:/home/travis/build/icyphy/ptII/lib/saxon8.jar:/home/travis/build/icyphy/ptII/lib/saxon8-dom.jar:/home/travis/build/icyphy/ptII/lib/chic.jar:/home/travis/build/icyphy/ptII/lib/ptcolt.jar:/home/travis/build/icyphy/ptII/vendors/misc/itext/iText.jar:/home/travis/build/icyphy/ptII/lib/g4ltl.jar:/home/travis/build/icyphy/ptII/lib/StructuralCoder.jar:/home/travis/build/icyphy/ptII/lib/jcerti.jar:/home/travis/build/icyphy/ptII/lib/javax.mail.jar:/home/travis/build/icyphy/ptII/vendors/JMF-2.1.1e/lib/jmf.jar:/home/travis/build/icyphy/ptII/lib/jna-4.0.0-variadic.jar:/home/travis/build/icyphy/ptII/vendors/misc/joystick/Joystick.jar:/home/travis/build/icyphy/ptII/lib/ptjacl.jar:/home/travis/build/icyphy/ptII/lib/jsoup-1.8.2.jar:/home/travis/build/icyphy/ptII/lib/junit-4.8.2.jar:/home/travis/build/icyphy/ptII/lib/JUnitParams-0.4.0.jar:/home/travis/build/icyphy/ptII/ptolemy/actor/lib/excel/jxl.jar:/home/travis/build/icyphy/ptII/lib/jython.jar:/home/travis/build/icyphy/ptII/lib/kieler.jar:/home/travis/build/icyphy/ptII/vendors/opencv/share/OpenCV/java/opencv-341.jar:/home/travis/build/icyphy/ptII/lib/oscP5.jar:/home/travis/build/icyphy/ptII/lib/nrjavaserial-3.11.0.devel.jar:/home/travis/build/icyphy/ptII/vendors/j3d/lib/Linux/j3dcore.jar:/home/travis/build/icyphy/ptII/vendors/j3d/lib/Linux/j3dutils.jar:/home/travis/build/icyphy/ptII/vendors/j3d/lib/Linux/vecmath.jar:/home/travis/build/icyphy/ptII/vendors/jogl/lib/Linux/gluegen-rt-natives-linux-amd64.jar:/home/travis/build/icyphy/ptII/vendors/jogl/lib/Linux/gluegen-rt.jar:/home/travis/build/icyphy/ptII/vendors/jogl/lib/Linux/jogl-all-natives-linux-amd64.jar:/home/travis/build/icyphy/ptII/vendors/jogl/lib/Linux/jogl-all.jar:/home/travis/build/icyphy/ptII/ptolemy/distributed/jini/jar/jini-core.jar:/home/travis/build/icyphy/ptII/ptolemy/distributed/jini/jar/jini-ext.jar:/home/travis/build/icyphy/ptII/ptolemy/distributed/jini/jar/sun-util.jar:/home/travis/build/icyphy/ptII/lib/protobuf-java-2.4.1.jar:/home/travis/build/icyphy/ptII/lib/org.eclipse.paho.client.mqttv3.jar:/home/travis/build/icyphy/ptII/lib/mapss.jar:/home/travis/build/icyphy/ptII/ptolemy/actor/ptalon/antlr/antlr.jar:/home/travis/build/icyphy/ptII/lib/JRI.jar:/home/travis/build/icyphy/ptII/lib/commons-lang-2.6.jar:/home/travis/build/icyphy/ptII/lib/commons-logging-1.1.1.jar:/home/travis/build/icyphy/ptII/lib/sootclasses.jar:/home/travis/build/icyphy/ptII/ptolemy/actor/lib/database/mysql-connector-java-5.1.6-bin.jar:/home/travis/build/icyphy/ptII/vendors/misc/sphinx4/sphinx4-data-5prealpha.jar:/home/travis/build/icyphy/ptII/vendors/misc/sphinx4/sphinx4-core-5prealpha.jar:/home/travis/build/icyphy/ptII/lib/PDFRenderer.jar:/home/travis/build/icyphy/ptII/lib/svgSalamander.jar:/home/travis/build/icyphy/ptII/lib/rsyntaxtextarea-2.6.0-SNAPSHOT.jar:/home/travis/build/icyphy/ptII/lib/hazelcast-3.8.2.jar:/home/travis/build/icyphy/ptII/lib/jackson-annotations-2.9.0.jar:/home/travis/build/icyphy/ptII/lib/jackson-core-2.9.3.jar:/home/travis/build/icyphy/ptII/lib/jackson-databind-2.9.3.jar:/home/travis/build/icyphy/ptII/lib/netty-buffer-4.1.19.Final.jar:/home/travis/build/icyphy/ptII/lib/netty-codec-4.1.19.Final.jar:/home/travis/build/icyphy/ptII/lib/netty-codec-dns-4.1.19.Final.jar:/home/travis/build/icyphy/ptII/lib/netty-codec-http-4.1.19.Final.jar:/home/travis/build/icyphy/ptII/lib/netty-codec-http2-4.1.19.Final.jar:/home/travis/build/icyphy/ptII/lib/netty-common-4.1.19.Final.jar:/home/travis/build/icyphy/ptII/lib/netty-handler-4.1.19.Final.jar:/home/travis/build/icyphy/ptII/lib/netty-resolver-4.1.19.Final.jar:/home/travis/build/icyphy/ptII/lib/netty-resolver-dns-4.1.19.Final.jar:/home/travis/build/icyphy/ptII/lib/netty-transport-4.1.19.Final.jar:/home/travis/build/icyphy/ptII/lib/vertx-codegen-3.5.1.jar:/home/travis/build/icyphy/ptII/lib/vertx-core-3.5.2-SNAPSHOT.jar:/home/travis/build/icyphy/ptII/lib/vertx-hazelcast-3.5.1.jar:/home/travis/build/icyphy/ptII/lib/vertx-lang-js-3.5.1.jar:/home/travis/build/icyphy/ptII/lib/vertx-service-proxy-3.5.1.jar:/home/travis/build/icyphy/ptII/lib/vertx-web-3.5.1.jar:/home/travis/build/icyphy/ptII/lib/slf4j-api-1.7.13.jar:/home/travis/build/icyphy/ptII/lib/slf4j-simple-1.7.13.jar:/home/travis/build/icyphy/ptII/lib/webcam-capture-0.3.12.jar:/home/travis/build/icyphy/ptII/lib/bridj-0.7.0.jar:/home/travis/build/icyphy/ptII/lib/xbjlib-1.1.0.nrjavaserial.jar" />
    <property name="timeout" value="2400000" />
    <property name="test.batch" value="**/junit/*.java" />
    <property name="env._" value="/usr/bin/timeout" />
    <property name="java.io.tmpdir" value="/tmp" />
    <property name="user.language" value="en" />
    <property name="env.TRAVIS_INTERNAL_RUBY_REGEX" value="^ruby-(2\.[0-4]\.[0-9]|1\.9\.3)" />
    <property name="env.HISTCONTROL" value="ignoredups:ignorespace" />
    <property name="env.GOROOT" value="/home/travis/.gimme/versions/go1.11.1.linux.amd64" />
    <property name="line.separator" value="&#xa;" />
    <property name="target" value="11" />
    <property name="env.TRAVIS_BUILD_DIR" value="/home/travis/build/icyphy/ptII" />
    <property name="env.ANT_OPTS" value="-Xmx2048m" />
    <property name="ant.file.type" value="file" />
    <property name="ptolemy.ptII.batchMode" value="true" />
    <property name="env.HISTSIZE" value="1000" />
    <property name="env.MERB_ENV" value="test" />
    <property name="java.vm.info" value="mixed mode" />
    <property name="source" value="11" />
    <property name="java.vm.specification.name" value="Java Virtual Machine Specification" />
    <property name="env.TRAVIS_TEST_RESULT" value="0" />
    <property name="jsdoc.command" value="node_modules/@terraswarm/jsdoc/jsdoc.js" />
    <property name="npm.works" value="true" />
    <property name="cobertura.dir" value="/home/travis/build/icyphy/ptII/vendors/cobertura-2.0.3" />
    <property name="jsdoc.command.exists" value="true" />
    <property name="env.rvm_path" value="/home/travis/.rvm" />
    <property name="env.GEM_PATH" value="/home/travis/.rvm/gems/ruby-2.5.3:/home/travis/.rvm/gems/ruby-2.5.3@global" />
    <property name="env.LC_CTYPE" value="en_US.UTF-8" />
    <property name="env.TRAVIS_CMD" value="$PTII/bin/ptIITravisBuild.sh $SECONDS" />
    <property name="java.awt.printerjob" value="sun.print.PSPrinterJob" />
    <property name="env.TRAVIS_STACK_NAME" value="sardonyx" />
    <property name="env.TRAVIS_TIMER_START_TIME" value="1571637547225964893" />
    <property name="ant.version" value="Apache Ant(TM) version 1.10.1 compiled on February 2 2017" />
    <property name="ptII.reports" value="/home/travis/build/icyphy/ptII/reports" />
    <property name="env.TRAVIS_STACK_TIMESTAMP" value="2019-03-25 16:16:56 UTC" />
    <property name="ant.file.type.ptII" value="file" />
    <property name="env.RBENV_SHELL" value="bash" />
    <property name="os.name" value="Linux" />
    <property name="java.specification.vendor" value="Oracle Corporation" />
    <property name="env.rvm_version" value="1.29.7 (latest)" />
    <property name="env.TRAVIS_INFRA" value="unknown" />
    <property name="env.TERM" value="xterm" />
    <property name="java.vm.name" value="OpenJDK 64-Bit Server VM" />
    <property name="env.TRAVIS_BUILD_NUMBER" value="1370" />
    <property name="env.CI" value="true" />
    <property name="java.library.path" value="/home/travis/pthla/certi-tools/lib:/usr/lib/jni:/usr/local/share/OpenCV/java/:/usr/share/OpenCV/java::/usr/java/packages/lib:/usr/lib64:/lib64:/lib:/usr/lib" />
    <property name="jdk.module.path" value="/home/travis/build/icyphy/ptII/vendors/javafx/javafx-sdk-11.0.2/lib:" />
    <property name="env.rvm_prefix" value="/home/travis" />
    <property name="env.PATH" value="/home/travis/pthla/certi-tools/share/scripts:/home/travis/.rvm/gems/ruby-2.5.3/bin:/home/travis/.rvm/gems/ruby-2.5.3@global/bin:/home/travis/.rvm/rubies/ruby-2.5.3/bin:/home/travis/.rvm/bin:/home/travis/.nvm/versions/node/v7.10.1/bin:./node_modules/.bin:/home/travis/build/icyphy/ptII/bin:/home/travis/pthla/certi-tools/bin:/home/travis/bin:/home/travis/.local/bin:/usr/local/lib/jvm/openjdk11/bin:/opt/pyenv/shims:/home/travis/.phpenv/shims:/home/travis/perl5/perlbrew/bin:/home/travis/gopath/bin:/home/travis/.gimme/versions/go1.11.1.linux.amd64/bin:/usr/local/maven-3.6.0/bin:/usr/local/cmake-3.12.4/bin:/usr/local/clang-7.0.0/bin:/usr/local/sbin:/usr/local/bin:/usr/sbin:/usr/bin:/sbin:/bin:/snap/bin:/home/travis/.phpenv/bin:/opt/pyenv/bin:/home/travis/.yarn/bin" />
    <property name="env.TRAVIS_OS_NAME" value="linux" />
    <property name="ant.java.version" value="9" />
    <property name="basedir" value="/home/travis/build/icyphy/ptII" />
    <property name="java.class.version" value="55.0" />
    <property name="env.SHLVL" value="3" />
    <property name="env.LD_LIBRARY_PATH" value="/home/travis/pthla/certi-tools/lib:/usr/lib/jni:/usr/local/share/OpenCV/java/:/usr/share/OpenCV/java:" />
    <property name="env.RACK_ENV" value="test" />
    <property name="ant.home" value="/home/travis/build/icyphy/ptII/ant" />
    <property name="env.NVM_DIR" value="/home/travis/.nvm" />
    <property name="env.CERTI_FOM_PATH" value="/home/travis/pthla/certi-tools/share/federations" />
    <property name="env.TRAVIS_BUILD_ID" value="600559895" />
    <property name="env.PYENV_ROOT" value="/opt/pyenv" />
    <property name="env.TRAVIS_UID" value="2000" />
    <property name="prism.verbose" value="true" />
    <property name="env.NVM_BIN" value="/home/travis/.nvm/versions/node/v7.10.1/bin" />
    <property name="env.TRAVIS_COMMIT" value="948bf656f66248ff65af09b7e6cc9885ef1f544d" />
    <property name="env._system_arch" value="x86_64" />
    <property name="node.executable" value="node" />
    <property name="sun.boot.library.path" value="/usr/local/lib/jvm/openjdk11/lib" />
    <property name="sun.management.compiler" value="HotSpot 64-Bit Tiered Compilers" />
    <property name="java.awt.graphicsenv" value="sun.awt.X11GraphicsEnvironment" />
    <property name="env.GOPATH" value="/home/travis/gopath" />
    <property name="ptolemy.ptII.dir" value="/home/travis/build/icyphy/ptII" />
    <property name="env.USER" value="travis" />
    <property name="env.HISTFILESIZE" value="2000" />
    <property name="timeout.longest" value="19000000" />
    <property name="env.PERLBREW_SHELLRC_VERSION" value="0.86" />
    <property name="env.TRAVIS_STACK_FEATURES" value="basic couchdb disabled-ipv6 docker docker-compose elasticsearch firefox go-toolchain google-chrome jdk memcached mongodb mysql nodejs_interpreter perl_interpreter perlbrew phantomjs postgresql python_interpreter redis ruby_interpreter sqlite xserver" />
    <property name="env.TRAVIS_PULL_REQUEST" value="false" />
    <property name="env.PYENV_SHELL" value="bash" />
    <property name="ant.project.name" value="ptII" />
    <property name="env.ANSI_RESET" value="\033[0m" />
    <property name="java.vm.specification.version" value="11" />
    <property name="env.TRAVIS_DIST" value="xenial" />
    <property name="env.CERTI_VERSION" value="4.0.0" />
    <property name="env.CERTI_HOST" value="localhost" />
    <property name="awt.toolkit" value="sun.awt.X11.XToolkit" />
    <property name="env.MY_RUBY_HOME" value="/home/travis/.rvm/rubies/ruby-2.5.3" />
    <property name="sun.cpu.isalist" value="" />
    <property name="env.TRAVIS_TMPDIR" value="/tmp/tmp.izayUT3UC5" />
    <property name="java.vm.compressedOopsMode" value="Zero based" />
    <property name="os.version" value="4.15.0-1028-gcp" />
    <property name="user.home" value="/home/travis" />
    <property name="java.vm.vendor" value="Oracle Corporation" />
    <property name="env.TRAVIS_TAG" value="nightly" />
    <property name="env.ANSI_YELLOW" value="\033[33;1m" />
    <property name="env.TRAVIS_FILTERED" value="redirect_io" />
    <property name="env.ANSI_GREEN" value="\033[32;1m" />
    <property name="env.JAVA_HOME" value="/usr/local/lib/jvm/openjdk11" />
    <property name="javadoc.excludepackagenames" value="adm.cvs2svn.*,build.*,config.*,doc.coding.templates.*,jni.test.jni.meaningOfLife.*,jni.test.jni.testDeux.*,jni.test.jni.testTrois.*,org.terraswarm.accessor.accessors.web.node_modules.*,org.terraswarm.accessor.accessors.web.hosts.cordova.demo.*,org.terraswarm.accessor.accessors.web.hosts.cordova.plugins.*,org.terraswarm.accessor.accessors-svn.*,pt-modules.*,ptolemy.apps.agilent.*,ptolemy.apps.anytimecontrol.*,ptolemy.apps.apes.*,ptolemy.apps.charon.*,ptolemy.apps.crazyboard.*,ptolemy.apps.eclipse.*,ptolemy.apps.etherealSting.*,ptolemy.apps.fullscreen.*,ptolemy.apps.giotto.*,ptolemy.apps.ia.*,ptolemy.apps.interfaces.*,ptolemy.apps.jmf.*,ptolemy.apps.kurt.*,ptolemy.apps.kvm.*,ptolemy.apps.lego.*,ptolemy.apps.lejos.*,ptolemy.apps.midp.*,ptolemy.apps.mobileCoding.*,ptolemy.apps.pendulum.*,ptolemy.apps.rijndael.*,ptolemy.apps.robot.*,ptolemy.apps.security.*,ptolemy.apps.sobel.*,ptolemy.apps.soot.*,ptolemy.apps.throttle.*,ptolemy.apps.tini.*,ptolemy.apps.transmission.*,ptolemy.apps.vergil.*,ptolemy.apps.waba.*,ptolemy.apps.websensor.*,ptolemy.apps.webstart.*,ptolemy.apps.xsl.*,ptolemy.apps.zaurus.*,ptolemy.codegen.c.actor.lib.oldJavaFiles.*,ptolemy.codegen.dsp.lib.*,ptolemy.codegen.kernel.newInterfaces.*,ptolemy.codegen.lib.*,ptolemy.copernicus.kernel.fragment.*,ptolemy.copernicus.shallow.cg.*,ptolemy.domains.giotto.demo.Hierarchy.Hierarchy.*,ptolemy.domains.giotto.demo.Multimode.Multimode.*,ptolemy.domains.giotto.demo.Simple.Simple.*,ptolemy.domains.gr.lib.experimental.*,ptolemy.domains.gro.*,ptolemy.domains.pdf.*,ptolemy.domains.ptinyos.demo.Surge.output.*,ptolemy.moml.test.NoPackageActor.java*,ptolemy.plot.adm.*,ptolemy.plot.servlet.*,reports.*,signed.*,src.*,target.*,vendors.*,ptolemy.copernicus.applet.*,ptolemy.media.viewer.*,ptolemy.actor.corba.*,doc.doclets.*,ptolemy.apps.eclipse.awt.*,ptolemy.backtrack.*,ptolemy.backtrack.ast.*,ptolemy.cg.adapter.generic.program.procedural.c.mbed*,ptolemy.homer.*,ptolemy.actor.lib.jai.*,org.ptolemy.scala.*,diva.util.java2d.svg.*,ptolemy.domains.ptinyos.*,ptolemy.actor.lib.fmi.fmipp.*,,org.terraswarm.accessor.accessors.web.node_modules.*,org.terraswarm.accessor.accessors-svn,ptolemy.apps.*,ptolemy.actor.ptalon.demo.ptinyos.SendAndReceiveCnt.output,ptolemy.actor.ptalon.demo.ptinyos.SenseToLeds.output,ptolemy.domains.ptinyos.demo.CntToLedsAndRfm.output,ptolemy.domains.ptinyos.demo.RfmToLeds.output,ptolemy.domains.ptinyos.demo.SendAndReceiveCnt.output,ptolemy.domains.ptinyos.demo.SenseToLeds.output,ptolemy.actor.lib.jjs.modules.udpSocket.*" />
    <property name="env.PTII" value="/home/travis/build/icyphy/ptII" />
    <property name="env.XDG_SESSION_ID" value="2" />
    <property name="keystore" value="ptKeystore" />
    <property name="env.TRAVIS_COMMIT_MESSAGE" value="Updating org.hlacerti.models.StaticMultiInstanceJoker." />
    <property name="junit.output.dir" value="/home/travis/build/icyphy/ptII/reports/junit" />
    <property name="npm.return.code" value="0" />
    <property name="user.dir" value="/home/travis/build/icyphy/ptII/ptolemy/actor/lib/test" />
    <property name="env.TRAVIS_NODE_VERSION" value="7" />
    <property name="env.TRAVIS_EVENT_TYPE" value="cron" />
    <property name="env.MAIL" value="/var/mail/travis" />
    <property name="env.PERLBREW_ROOT" value="/home/travis/perl5/perlbrew" />
    <property name="env.PWD" value="/home/travis/build/icyphy/ptII" />
    <property name="timeout.npm" value="45000" />
    <property name="env.TRAVIS_ARCH" value="amd64" />
    <property name="sun.cpu.endian" value="little" />
    <property name="env.PAGER" value="cat" />
    <property name="env.TRAVIS_BUILD_STAGE_NAME" value="Test" />
    <property name="env.PERLBREW_HOME" value="/home/travis/.perlbrew" />
    <property name="java.vm.version" value="11.0.2+9" />
    <property name="env.RAILS_ENV" value="test" />
    <property name="java.class.path" value="/home/travis/.ptolemyII:/home/travis/.ptolemyII/*:/home/travis/build/icyphy/ptII:/home/travis/build/icyphy/ptII/lib/bsh-2.0b4.jar:/home/travis/build/icyphy/ptII/lib/ptCal.jar:/home/travis/build/icyphy/ptII/lib/java_cup.jar:/home/travis/build/icyphy/ptII/lib/saxon8.jar:/home/travis/build/icyphy/ptII/lib/saxon8-dom.jar:/home/travis/build/icyphy/ptII/lib/chic.jar:/home/travis/build/icyphy/ptII/lib/ptcolt.jar:/home/travis/build/icyphy/ptII/vendors/misc/itext/iText.jar:/home/travis/build/icyphy/ptII/lib/g4ltl.jar:/home/travis/build/icyphy/ptII/lib/StructuralCoder.jar:/home/travis/build/icyphy/ptII/lib/jcerti.jar:/home/travis/build/icyphy/ptII/lib/javax.mail.jar:/home/travis/build/icyphy/ptII/vendors/JMF-2.1.1e/lib/jmf.jar:/home/travis/build/icyphy/ptII/lib/jna-4.0.0-variadic.jar:/home/travis/build/icyphy/ptII/vendors/misc/joystick/Joystick.jar:/home/travis/build/icyphy/ptII/lib/ptjacl.jar:/home/travis/build/icyphy/ptII/lib/jsoup-1.8.2.jar:/home/travis/build/icyphy/ptII/lib/junit-4.8.2.jar:/home/travis/build/icyphy/ptII/lib/JUnitParams-0.4.0.jar:/home/travis/build/icyphy/ptII/ptolemy/actor/lib/excel/jxl.jar:/home/travis/build/icyphy/ptII/lib/jython.jar:/home/travis/build/icyphy/ptII/lib/kieler.jar:/home/travis/build/icyphy/ptII/vendors/opencv/share/OpenCV/java/opencv-341.jar:/home/travis/build/icyphy/ptII/lib/oscP5.jar:/home/travis/build/icyphy/ptII/lib/nrjavaserial-3.11.0.devel.jar:/home/travis/build/icyphy/ptII/vendors/j3d/lib/Linux/j3dcore.jar:/home/travis/build/icyphy/ptII/vendors/j3d/lib/Linux/j3dutils.jar:/home/travis/build/icyphy/ptII/vendors/j3d/lib/Linux/vecmath.jar:/home/travis/build/icyphy/ptII/vendors/jogl/lib/Linux/gluegen-rt-natives-linux-amd64.jar:/home/travis/build/icyphy/ptII/vendors/jogl/lib/Linux/gluegen-rt.jar:/home/travis/build/icyphy/ptII/vendors/jogl/lib/Linux/jogl-all-natives-linux-amd64.jar:/home/travis/build/icyphy/ptII/vendors/jogl/lib/Linux/jogl-all.jar:/home/travis/build/icyphy/ptII/ptolemy/distributed/jini/jar/jini-core.jar:/home/travis/build/icyphy/ptII/ptolemy/distributed/jini/jar/jini-ext.jar:/home/travis/build/icyphy/ptII/ptolemy/distributed/jini/jar/sun-util.jar:/home/travis/build/icyphy/ptII/lib/protobuf-java-2.4.1.jar:/home/travis/build/icyphy/ptII/lib/org.eclipse.paho.client.mqttv3.jar:/home/travis/build/icyphy/ptII/lib/mapss.jar:/home/travis/build/icyphy/ptII/ptolemy/actor/ptalon/antlr/antlr.jar:/home/travis/build/icyphy/ptII/lib/JRI.jar:/home/travis/build/icyphy/ptII/lib/commons-lang-2.6.jar:/home/travis/build/icyphy/ptII/lib/commons-logging-1.1.1.jar:/home/travis/build/icyphy/ptII/lib/sootclasses.jar:/home/travis/build/icyphy/ptII/ptolemy/actor/lib/database/mysql-connector-java-5.1.6-bin.jar:/home/travis/build/icyphy/ptII/vendors/misc/sphinx4/sphinx4-data-5prealpha.jar:/home/travis/build/icyphy/ptII/vendors/misc/sphinx4/sphinx4-core-5prealpha.jar:/home/travis/build/icyphy/ptII/lib/PDFRenderer.jar:/home/travis/build/icyphy/ptII/lib/svgSalamander.jar:/home/travis/build/icyphy/ptII/lib/rsyntaxtextarea-2.6.0-SNAPSHOT.jar:/home/travis/build/icyphy/ptII/lib/hazelcast-3.8.2.jar:/home/travis/build/icyphy/ptII/lib/jackson-annotations-2.9.0.jar:/home/travis/build/icyphy/ptII/lib/jackson-core-2.9.3.jar:/home/travis/build/icyphy/ptII/lib/jackson-databind-2.9.3.jar:/home/travis/build/icyphy/ptII/lib/netty-buffer-4.1.19.Final.jar:/home/travis/build/icyphy/ptII/lib/netty-codec-4.1.19.Final.jar:/home/travis/build/icyphy/ptII/lib/netty-codec-dns-4.1.19.Final.jar:/home/travis/build/icyphy/ptII/lib/netty-codec-http-4.1.19.Final.jar:/home/travis/build/icyphy/ptII/lib/netty-codec-http2-4.1.19.Final.jar:/home/travis/build/icyphy/ptII/lib/netty-common-4.1.19.Final.jar:/home/travis/build/icyphy/ptII/lib/netty-handler-4.1.19.Final.jar:/home/travis/build/icyphy/ptII/lib/netty-resolver-4.1.19.Final.jar:/home/travis/build/icyphy/ptII/lib/netty-resolver-dns-4.1.19.Final.jar:/home/travis/build/icyphy/ptII/lib/netty-transport-4.1.19.Final.jar:/home/travis/build/icyphy/ptII/lib/vertx-codegen-3.5.1.jar:/home/travis/build/icyphy/ptII/lib/vertx-core-3.5.2-SNAPSHOT.jar:/home/travis/build/icyphy/ptII/lib/vertx-hazelcast-3.5.1.jar:/home/travis/build/icyphy/ptII/lib/vertx-lang-js-3.5.1.jar:/home/travis/build/icyphy/ptII/lib/vertx-service-proxy-3.5.1.jar:/home/travis/build/icyphy/ptII/lib/vertx-web-3.5.1.jar:/home/travis/build/icyphy/ptII/lib/slf4j-api-1.7.13.jar:/home/travis/build/icyphy/ptII/lib/slf4j-simple-1.7.13.jar:/home/travis/build/icyphy/ptII/lib/webcam-capture-0.3.12.jar:/home/travis/build/icyphy/ptII/lib/bridj-0.7.0.jar:/home/travis/build/icyphy/ptII/lib/xbjlib-1.1.0.nrjavaserial.jar:/home/travis/build/icyphy/ptII/ptolemy/moml/test:/home/travis/build/icyphy/ptII/ant/lib/ant-launcher.jar:/home/travis/build/icyphy/ptII/ant/lib/ant.jar:/home/travis/build/icyphy/ptII/ant/lib/ant-junit.jar:/home/travis/build/icyphy/ptII/ant/lib/ant-junit4.jar" />
    <property name="ant.library.dir" value="/home/travis/build/icyphy/ptII/ant/lib" />
    <property name="os.arch" value="amd64" />
    <property name="env.CONTINUOUS_INTEGRATION" value="true" />
    <property name="env.TRAVIS_LANGUAGE" value="node_js" />
    <property name="env.TRAVIS_STACK_LANGUAGES" value="__sardonyx__ c c++ clojure cplusplus cpp default generic go groovy java node_js php pure_java python ruby scala" />
    <property name="test.name" value="ptolemy.actor.lib.test.junit.JUnitTclTest" />
    <property name="env.APT_KEY_DONT_WARN_ON_DANGEROUS_USAGE" value="1" />
    <property name="sun.java.launcher" value="SUN_STANDARD" />
    <property name="env.PYTHON_CONFIGURE_OPTS" value="--enable-unicode=ucs4 --with-wide-unicode --enable-shared --enable-ipv6 --enable-loadable-sqlite-extensions --with-computed-gotos" />
    <property name="ant.core.lib" value="/home/travis/build/icyphy/ptII/ant/lib/ant.jar" />
    <property name="java.vm.specification.vendor" value="Oracle Corporation" />
    <property name="env.BCVTB_HOME" value="/home/travis/build/icyphy/ptII/lbnl" />
    <property name="file.separator" value="/" />
    <property name="spotbugs.home" value="/home/travis/build/icyphy/ptII/vendors/spotbugs-3.1.1" />
    <property name="java.runtime.version" value="11.0.2+9" />
    <property name="env.ANSI_CLEAR" value="\033[0K" />
    <property name="javafx.verbose" value="true" />
    <property name="env.HAS_JOSH_K_SEAL_OF_APPROVAL" value="true" />
    <property name="env.XDG_RUNTIME_DIR" value="/run/user/2000" />
    <property name="env.TRAVIS_OSX_IMAGE" value="" />
    <property name="env.TRAVIS_JOB_ID" value="600559903" />
    <property name="env.TRAVIS_BRANCH" value="master" />
    <property name="user.country" value="US" />
    <property name="env.CERTI_HOME_TRAVIS" value="/home/travis/pthla/certi-tools" />
    <property name="env.SHELL" value="/bin/bash" />
    <property name="java.maxmemory.large" value="3200m" />
    <property name="model" value="" />
    <property name="env.CASHER_DIR" value="/home/travis/.casher" />
    <property name="env.NVM_CD_FLAGS" value="" />
    <property name="java.vendor.version" value="18.9" />
    <property name="jshint.executable" value="/home/travis/node_modules/jshint/bin/jshint" />
    <property name="env.JRUBY_OPTS" value=" --client -J-XX:+TieredCompilation -J-XX:TieredStopAtLevel=1 -J-Xss2m -Xcompile.invokedynamic=false" />
    <property name="java.vendor" value="Oracle Corporation" />
    <property name="env.TRAVIS_PRE_CHEF_BOOTSTRAP_TIME" value="2019-03-25T16:16:42" />
    <property name="env.TRAVIS_STACK_JOB_BOARD_REGISTER" value="/.job-board-register.yml" />
    <property name="env.ANSI_RED" value="\033[31;1m" />
    <property name="java.specification.version" value="11" />
    <property name="env.IRBRC" value="/home/travis/.rvm/rubies/ruby-2.5.3/.irbrc" />
    <property name="env.TRAVIS" value="true" />
    <property name="sun.arch.data.model" value="64" />
  </properties>
  <testcase classname="ptolemy.util.test.junit.TclTests" name="[0] /home/travis/build/icyphy/ptII/ptolemy/actor/lib/test/AbsoluteValue.tcl (RunTclFile)" time="0.536" />
  <testcase classname="ptolemy.util.test.junit.TclTests" name="[1] /home/travis/build/icyphy/ptII/ptolemy/actor/lib/test/AddSubtract.tcl (RunTclFile)" time="0.145" />
  <testcase classname="ptolemy.util.test.junit.TclTests" name="[2] /home/travis/build/icyphy/ptII/ptolemy/actor/lib/test/Average.tcl (RunTclFile)" time="0.036" />
  <testcase classname="ptolemy.util.test.junit.TclTests" name="[3] /home/travis/build/icyphy/ptII/ptolemy/actor/lib/test/Bernoulli.tcl (RunTclFile)" time="0.03" />
  <testcase classname="ptolemy.util.test.junit.TclTests" name="[4] /home/travis/build/icyphy/ptII/ptolemy/actor/lib/test/Clock.tcl (RunTclFile)" time="0.132" />
  <testcase classname="ptolemy.util.test.junit.TclTests" name="[5] /home/travis/build/icyphy/ptII/ptolemy/actor/lib/test/Commutator.tcl (RunTclFile)" time="0.196" />
  <testcase classname="ptolemy.util.test.junit.TclTests" name="[6] /home/travis/build/icyphy/ptII/ptolemy/actor/lib/test/Const.tcl (RunTclFile)" time="0.162" />
  <testcase classname="ptolemy.util.test.junit.TclTests" name="[7] /home/travis/build/icyphy/ptII/ptolemy/actor/lib/test/CurrentTime.tcl (RunTclFile)" time="0.021" />
  <testcase classname="ptolemy.util.test.junit.TclTests" name="[8] /home/travis/build/icyphy/ptII/ptolemy/actor/lib/test/DB.tcl (RunTclFile)" time="0.048" />
  <testcase classname="ptolemy.util.test.junit.TclTests" name="[9] /home/travis/build/icyphy/ptII/ptolemy/actor/lib/test/DiscreteRandomSource.tcl (RunTclFile)" time="0.054" />
  <testcase classname="ptolemy.util.test.junit.TclTests" name="[10] /home/travis/build/icyphy/ptII/ptolemy/actor/lib/test/Distributor.tcl (RunTclFile)" time="0.072" />
  <testcase classname="ptolemy.util.test.junit.TclTests" name="[11] /home/travis/build/icyphy/ptII/ptolemy/actor/lib/test/Exit.tcl (RunTclFile)" time="0.12" />
  <testcase classname="ptolemy.util.test.junit.TclTests" name="[12] /home/travis/build/icyphy/ptII/ptolemy/actor/lib/test/Expression.tcl (RunTclFile)" time="0.162" />
  <testcase classname="ptolemy.util.test.junit.TclTests" name="[13] /home/travis/build/icyphy/ptII/ptolemy/actor/lib/test/Gaussian.tcl (RunTclFile)" time="0.781" />
  <testcase classname="ptolemy.util.test.junit.TclTests" name="[14] /home/travis/build/icyphy/ptII/ptolemy/actor/lib/test/IIR.tcl (RunTclFile)" time="0.053" />
  <testcase classname="ptolemy.util.test.junit.TclTests" name="[15] /home/travis/build/icyphy/ptII/ptolemy/actor/lib/test/Interpolator.tcl (RunTclFile)" time="0.1" />
  <testcase classname="ptolemy.util.test.junit.TclTests" name="[16] /home/travis/build/icyphy/ptII/ptolemy/actor/lib/test/MathFunction.tcl (RunTclFile)" time="0.091" />
  <testcase classname="ptolemy.util.test.junit.TclTests" name="[17] /home/travis/build/icyphy/ptII/ptolemy/actor/lib/test/Maximum.tcl (RunTclFile)" time="0.038" />
  <testcase classname="ptolemy.util.test.junit.TclTests" name="[18] /home/travis/build/icyphy/ptII/ptolemy/actor/lib/test/Minimum.tcl (RunTclFile)" time="0.019" />
  <testcase classname="ptolemy.util.test.junit.TclTests" name="[19] /home/travis/build/icyphy/ptII/ptolemy/actor/lib/test/MultiplyDivide.tcl (RunTclFile)" time="0.022" />
  <testcase classname="ptolemy.util.test.junit.TclTests" name="[20] /home/travis/build/icyphy/ptII/ptolemy/actor/lib/test/OrderedMerge.tcl (RunTclFile)" time="0.109" />
  <testcase classname="ptolemy.util.test.junit.TclTests" name="[21] /home/travis/build/icyphy/ptII/ptolemy/actor/lib/test/Publisher.tcl (RunTclFile)" time="0.99" />
  <testcase classname="ptolemy.util.test.junit.TclTests" name="[22] /home/travis/build/icyphy/ptII/ptolemy/actor/lib/test/Pulse.tcl (RunTclFile)" time="0.048" />
  <testcase classname="ptolemy.util.test.junit.TclTests" name="[23] /home/travis/build/icyphy/ptII/ptolemy/actor/lib/test/Ramp.tcl (RunTclFile)" time="2.432" />
  <testcase classname="ptolemy.util.test.junit.TclTests" name="[24] /home/travis/build/icyphy/ptII/ptolemy/actor/lib/test/RampContinuous.tcl (RunTclFile)" time="0.032" />
  <testcase classname="ptolemy.util.test.junit.TclTests" name="[25] /home/travis/build/icyphy/ptII/ptolemy/actor/lib/test/RecordAssembler.tcl (RunTclFile)" time="0.036" />
  <testcase classname="ptolemy.util.test.junit.TclTests" name="[26] /home/travis/build/icyphy/ptII/ptolemy/actor/lib/test/RecordDisassembler.tcl (RunTclFile)" time="0.044" />
  <testcase classname="ptolemy.util.test.junit.TclTests" name="[27] /home/travis/build/icyphy/ptII/ptolemy/actor/lib/test/Scale.tcl (RunTclFile)" time="0.032" />
  <testcase classname="ptolemy.util.test.junit.TclTests" name="[28] /home/travis/build/icyphy/ptII/ptolemy/actor/lib/test/SequentialClock.tcl (RunTclFile)" time="0.019" />
  <testcase classname="ptolemy.util.test.junit.TclTests" name="[29] /home/travis/build/icyphy/ptII/ptolemy/actor/lib/test/SetVariable.tcl (RunTclFile)" time="0.052">
    <failure message="Number of failed tests is has increased. expected:&lt;0&gt; but was:&lt;1&gt;" type="junit.framework.AssertionFailedError">junit.framework.AssertionFailedError: Number of failed tests is has increased. expected:&lt;0&gt; but was:&lt;1&gt;
	at ptolemy.util.test.junit.TclTests.RunTclFile(TclTests.java:286)
	at jdk.internal.reflect.GeneratedMethodAccessor19.invoke(Unknown Source)
	at java.base/jdk.internal.reflect.DelegatingMethodAccessorImpl.invoke(DelegatingMethodAccessorImpl.java:43)
	at junitparams.internal.InvokeParameterisedMethod.evaluate(InvokeParameterisedMethod.java:102)
	at junitparams.internal.ParameterisedTestMethodRunner.runMethodInvoker(ParameterisedTestMethodRunner.java:47)
	at junitparams.internal.ParameterisedTestMethodRunner.runTestMethod(ParameterisedTestMethodRunner.java:41)
	at junitparams.internal.ParameterisedTestClassRunner.runParameterisedTest(ParameterisedTestClassRunner.java:143)
	at junitparams.JUnitParamsRunner.runChild(JUnitParamsRunner.java:237)
	at junitparams.JUnitParamsRunner.runChild(JUnitParamsRunner.java:215)
</failure>
  </testcase>
  <testcase classname="ptolemy.util.test.junit.TclTests" name="[30] /home/travis/build/icyphy/ptII/ptolemy/actor/lib/test/Sinewave.tcl (RunTclFile)" time="0.044" />
  <testcase classname="ptolemy.util.test.junit.TclTests" name="[31] /home/travis/build/icyphy/ptII/ptolemy/actor/lib/test/SubscriptionAggregator.tcl (RunTclFile)" time="2.452" />
  <testcase classname="ptolemy.util.test.junit.TclTests" name="[32] /home/travis/build/icyphy/ptII/ptolemy/actor/lib/test/Test.tcl (RunTclFile)" time="0.115" />
  <testcase classname="ptolemy.util.test.junit.TclTests" name="[33] /home/travis/build/icyphy/ptII/ptolemy/actor/lib/test/TestExceptionHandler.tcl (RunTclFile)" time="0.011" />
  <testcase classname="ptolemy.util.test.junit.TclTests" name="[34] /home/travis/build/icyphy/ptII/ptolemy/actor/lib/test/UnionDisassembler.tcl (RunTclFile)" time="0.048" />
  <testcase classname="ptolemy.util.test.junit.TclTests" name="[35] /home/travis/build/icyphy/ptII/ptolemy/actor/lib/test/VariableClock.tcl (RunTclFile)" time="0.015" />
  <testcase classname="ptolemy.util.test.junit.AutoKnownFailedTests" name="[0] /home/travis/build/icyphy/ptII/ptolemy/actor/lib/test/auto/knownFailedTests/PublisherPortToplevelSubscriber.xml (RunModel)" time="0.025" />
  <testcase classname="ptolemy.util.test.junit.AutoKnownFailedTests" name="[1] /home/travis/build/icyphy/ptII/ptolemy/actor/lib/test/auto/knownFailedTests/PublisherSubscriberPortToplevel.xml (RunModel)" time="0.026" />
  <testcase classname="ptolemy.util.test.junit.AutoKnownFailedTests" name="[2] /home/travis/build/icyphy/ptII/ptolemy/actor/lib/test/auto/knownFailedTests/PublisherSubscriptionAggregatorPort.xml (RunModel)" time="0.022" />
  <testcase classname="ptolemy.util.test.junit.AutoKnownFailedTests" name="[3] /home/travis/build/icyphy/ptII/ptolemy/actor/lib/test/auto/knownFailedTests/sizedarray3.xml (RunModel)" time="0.03" />
  <testcase classname="ptolemy.util.test.junit.AutoNameArchTests" name="[0] ThereAreNoAutoArchTests (RunModel)" time="0.005" />
  <testcase classname="ptolemy.util.test.junit.AutoTests" name="[0] /home/travis/build/icyphy/ptII/ptolemy/actor/lib/test/auto/AbsoluteValue.xml (RunModel)" time="0.08" />
  <testcase classname="ptolemy.util.test.junit.AutoTests" name="[1] /home/travis/build/icyphy/ptII/ptolemy/actor/lib/test/auto/AbsoluteValue2.xml (RunModel)" time="0.054" />
  <testcase classname="ptolemy.util.test.junit.AutoTests" name="[2] /home/travis/build/icyphy/ptII/ptolemy/actor/lib/test/auto/Accumulator.xml (RunModel)" time="0.071" />
  <testcase classname="ptolemy.util.test.junit.AutoTests" name="[3] /home/travis/build/icyphy/ptII/ptolemy/actor/lib/test/auto/Accumulator2.xml (RunModel)" time="0.05" />
  <testcase classname="ptolemy.util.test.junit.AutoTests" name="[4] /home/travis/build/icyphy/ptII/ptolemy/actor/lib/test/auto/Accumulator3.xml (RunModel)" time="0.042" />
  <testcase classname="ptolemy.util.test.junit.AutoTests" name="[5] /home/travis/build/icyphy/ptII/ptolemy/actor/lib/test/auto/ArrayAppend.xml (RunModel)" time="0.049" />
  <testcase classname="ptolemy.util.test.junit.AutoTests" name="[6] /home/travis/build/icyphy/ptII/ptolemy/actor/lib/test/auto/ArrayAppend2.xml (RunModel)" time="0.474" />
  <testcase classname="ptolemy.util.test.junit.AutoTests" name="[7] /home/travis/build/icyphy/ptII/ptolemy/actor/lib/test/auto/ArrayAppend3.xml (RunModel)" time="0.052" />
  <testcase classname="ptolemy.util.test.junit.AutoTests" name="[8] /home/travis/build/icyphy/ptII/ptolemy/actor/lib/test/auto/ArrayAppend4.xml (RunModel)" time="0.03" />
  <testcase classname="ptolemy.util.test.junit.AutoTests" name="[9] /home/travis/build/icyphy/ptII/ptolemy/actor/lib/test/auto/ArrayAppend5.xml (RunModel)" time="0.026" />
  <testcase classname="ptolemy.util.test.junit.AutoTests" name="[10] /home/travis/build/icyphy/ptII/ptolemy/actor/lib/test/auto/ArrayAppend6.xml (RunModel)" time="0.03" />
  <testcase classname="ptolemy.util.test.junit.AutoTests" name="[11] /home/travis/build/icyphy/ptII/ptolemy/actor/lib/test/auto/ArrayAppendPerformanceTest.xml (RunModel)" time="0.092" />
  <testcase classname="ptolemy.util.test.junit.AutoTests" name="[12] /home/travis/build/icyphy/ptII/ptolemy/actor/lib/test/auto/ArrayAppendWithEmptyInput.xml (RunModel)" time="0.065" />
  <testcase classname="ptolemy.util.test.junit.AutoTests" name="[13] /home/travis/build/icyphy/ptII/ptolemy/actor/lib/test/auto/ArrayAverage.xml (RunModel)" time="0.062" />
  <testcase classname="ptolemy.util.test.junit.AutoTests" name="[14] /home/travis/build/icyphy/ptII/ptolemy/actor/lib/test/auto/ArrayContains.xml (RunModel)" time="0.044" />
  <testcase classname="ptolemy.util.test.junit.AutoTests" name="[15] /home/travis/build/icyphy/ptII/ptolemy/actor/lib/test/auto/ArrayElement.xml (RunModel)" time="0.034" />
  <testcase classname="ptolemy.util.test.junit.AutoTests" name="[16] /home/travis/build/icyphy/ptII/ptolemy/actor/lib/test/auto/ArrayElementAsMatrix.xml (RunModel)" time="0.054" />
  <testcase classname="ptolemy.util.test.junit.AutoTests" name="[17] /home/travis/build/icyphy/ptII/ptolemy/actor/lib/test/auto/ArrayElementI.xml (RunModel)" time="0.029" />
  <testcase classname="ptolemy.util.test.junit.AutoTests" name="[18] /home/travis/build/icyphy/ptII/ptolemy/actor/lib/test/auto/ArrayExtract.xml (RunModel)" time="0.025" />
  <testcase classname="ptolemy.util.test.junit.AutoTests" name="[19] /home/travis/build/icyphy/ptII/ptolemy/actor/lib/test/auto/ArrayExtract2.xml (RunModel)" time="0.02" />
  <testcase classname="ptolemy.util.test.junit.AutoTests" name="[20] /home/travis/build/icyphy/ptII/ptolemy/actor/lib/test/auto/ArrayLength.xml (RunModel)" time="0.022" />
  <testcase classname="ptolemy.util.test.junit.AutoTests" name="[21] /home/travis/build/icyphy/ptII/ptolemy/actor/lib/test/auto/ArrayLevelCrossing.xml (RunModel)" time="0.033" />
  <testcase classname="ptolemy.util.test.junit.AutoTests" name="[22] /home/travis/build/icyphy/ptII/ptolemy/actor/lib/test/auto/ArrayLevelCrossing2.xml (RunModel)" time="0.025" />
  <testcase classname="ptolemy.util.test.junit.AutoTests" name="[23] /home/travis/build/icyphy/ptII/ptolemy/actor/lib/test/auto/ArrayPeakSearch.xml (RunModel)" time="0.049" />
  <testcase classname="ptolemy.util.test.junit.AutoTests" name="[24] /home/travis/build/icyphy/ptII/ptolemy/actor/lib/test/auto/ArrayPeakSearch2.xml (RunModel)" time="0.045" />
  <testcase classname="ptolemy.util.test.junit.AutoTests" name="[25] /home/travis/build/icyphy/ptII/ptolemy/actor/lib/test/auto/ArrayPeakSearch3.xml (RunModel)" time="0.043" />
  <testcase classname="ptolemy.util.test.junit.AutoTests" name="[26] /home/travis/build/icyphy/ptII/ptolemy/actor/lib/test/auto/ArrayRemoveElement.xml (RunModel)" time="0.031" />
  <testcase classname="ptolemy.util.test.junit.AutoTests" name="[27] /home/travis/build/icyphy/ptII/ptolemy/actor/lib/test/auto/ArraySort.xml (RunModel)" time="0.038" />
  <testcase classname="ptolemy.util.test.junit.AutoTests" name="[28] /home/travis/build/icyphy/ptII/ptolemy/actor/lib/test/auto/ArraySum.xml (RunModel)" time="0.019" />
  <testcase classname="ptolemy.util.test.junit.AutoTests" name="[29] /home/travis/build/icyphy/ptII/ptolemy/actor/lib/test/auto/ArrayToElements.xml (RunModel)" time="0.033" />
  <testcase classname="ptolemy.util.test.junit.AutoTests" name="[30] /home/travis/build/icyphy/ptII/ptolemy/actor/lib/test/auto/ArrayToMatrix.xml (RunModel)" time="0.071" />
  <testcase classname="ptolemy.util.test.junit.AutoTests" name="[31] /home/travis/build/icyphy/ptII/ptolemy/actor/lib/test/auto/ArrayUpdate1.xml (RunModel)" time="0.019" />
  <testcase classname="ptolemy.util.test.junit.AutoTests" name="[32] /home/travis/build/icyphy/ptII/ptolemy/actor/lib/test/auto/ArrayUpdate2.xml (RunModel)" time="0.021" />
  <testcase classname="ptolemy.util.test.junit.AutoTests" name="[33] /home/travis/build/icyphy/ptII/ptolemy/actor/lib/test/auto/ArrayUpdate3.xml (RunModel)" time="0.015" />
  <testcase classname="ptolemy.util.test.junit.AutoTests" name="[34] /home/travis/build/icyphy/ptII/ptolemy/actor/lib/test/auto/Assert1.xml (RunModel)" time="0.02" />
  <testcase classname="ptolemy.util.test.junit.AutoTests" name="[35] /home/travis/build/icyphy/ptII/ptolemy/actor/lib/test/auto/Assert2.xml (RunModel)" time="0.015" />
  <testcase classname="ptolemy.util.test.junit.AutoTests" name="[36] /home/travis/build/icyphy/ptII/ptolemy/actor/lib/test/auto/BooleanMultiplexor.xml (RunModel)" time="0.019" />
  <testcase classname="ptolemy.util.test.junit.AutoTests" name="[37] /home/travis/build/icyphy/ptII/ptolemy/actor/lib/test/auto/BooleanMultiplexor2.xml (RunModel)" time="0.029" />
  <testcase classname="ptolemy.util.test.junit.AutoTests" name="[38] /home/travis/build/icyphy/ptII/ptolemy/actor/lib/test/auto/BooleanMultiplexor3.xml (RunModel)" time="0.022" />
  <testcase classname="ptolemy.util.test.junit.AutoTests" name="[39] /home/travis/build/icyphy/ptII/ptolemy/actor/lib/test/auto/BooleanSelect.xml (RunModel)" time="0.025" />
  <testcase classname="ptolemy.util.test.junit.AutoTests" name="[40] /home/travis/build/icyphy/ptII/ptolemy/actor/lib/test/auto/BooleanSelect2.xml (RunModel)" time="0.015" />
  <testcase classname="ptolemy.util.test.junit.AutoTests" name="[41] /home/travis/build/icyphy/ptII/ptolemy/actor/lib/test/auto/BooleanSwitch.xml (RunModel)" time="0.032" />
  <testcase classname="ptolemy.util.test.junit.AutoTests" name="[42] /home/travis/build/icyphy/ptII/ptolemy/actor/lib/test/auto/BooleanSwitch2.xml (RunModel)" time="0.016" />
  <testcase classname="ptolemy.util.test.junit.AutoTests" name="[43] /home/travis/build/icyphy/ptII/ptolemy/actor/lib/test/auto/BooleanSwitchCloningBugWithClassRelationGroup.xml (RunModel)" time="0.026" />
  <testcase classname="ptolemy.util.test.junit.AutoTests" name="[44] /home/travis/build/icyphy/ptII/ptolemy/actor/lib/test/auto/BusActors.xml (RunModel)" time="0.029" />
  <testcase classname="ptolemy.util.test.junit.AutoTests" name="[45] /home/travis/build/icyphy/ptII/ptolemy/actor/lib/test/auto/ClassWrapper.xml (RunModel)" time="0.035" />
  <testcase classname="ptolemy.util.test.junit.AutoTests" name="[46] /home/travis/build/icyphy/ptII/ptolemy/actor/lib/test/auto/Clock.xml (RunModel)" time="0.011" />
  <testcase classname="ptolemy.util.test.junit.AutoTests" name="[47] /home/travis/build/icyphy/ptII/ptolemy/actor/lib/test/auto/Clock10.xml (RunModel)" time="0.022" />
  <testcase classname="ptolemy.util.test.junit.AutoTests" name="[48] /home/travis/build/icyphy/ptII/ptolemy/actor/lib/test/auto/Clock11.xml (RunModel)" time="0.018" />
  <testcase classname="ptolemy.util.test.junit.AutoTests" name="[49] /home/travis/build/icyphy/ptII/ptolemy/actor/lib/test/auto/Clock12.xml (RunModel)" time="0.02" />
  <testcase classname="ptolemy.util.test.junit.AutoTests" name="[50] /home/travis/build/icyphy/ptII/ptolemy/actor/lib/test/auto/Clock13.xml (RunModel)" time="0.016" />
  <testcase classname="ptolemy.util.test.junit.AutoTests" name="[51] /home/travis/build/icyphy/ptII/ptolemy/actor/lib/test/auto/Clock14.xml (RunModel)" time="0.02" />
  <testcase classname="ptolemy.util.test.junit.AutoTests" name="[52] /home/travis/build/icyphy/ptII/ptolemy/actor/lib/test/auto/Clock15.xml (RunModel)" time="0.032" />
  <testcase classname="ptolemy.util.test.junit.AutoTests" name="[53] /home/travis/build/icyphy/ptII/ptolemy/actor/lib/test/auto/Clock16.xml (RunModel)" time="0.111" />
  <testcase classname="ptolemy.util.test.junit.AutoTests" name="[54] /home/travis/build/icyphy/ptII/ptolemy/actor/lib/test/auto/Clock17.xml (RunModel)" time="0.056" />
  <testcase classname="ptolemy.util.test.junit.AutoTests" name="[55] /home/travis/build/icyphy/ptII/ptolemy/actor/lib/test/auto/Clock18.xml (RunModel)" time="0.054" />
  <testcase classname="ptolemy.util.test.junit.AutoTests" name="[56] /home/travis/build/icyphy/ptII/ptolemy/actor/lib/test/auto/Clock19.xml (RunModel)" time="0.038" />
  <testcase classname="ptolemy.util.test.junit.AutoTests" name="[57] /home/travis/build/icyphy/ptII/ptolemy/actor/lib/test/auto/Clock2.xml (RunModel)" time="0.011" />
  <testcase classname="ptolemy.util.test.junit.AutoTests" name="[58] /home/travis/build/icyphy/ptII/ptolemy/actor/lib/test/auto/Clock20.xml (RunModel)" time="0.019" />
  <testcase classname="ptolemy.util.test.junit.AutoTests" name="[59] /home/travis/build/icyphy/ptII/ptolemy/actor/lib/test/auto/Clock21.xml (RunModel)" time="0.016" />
  <testcase classname="ptolemy.util.test.junit.AutoTests" name="[60] /home/travis/build/icyphy/ptII/ptolemy/actor/lib/test/auto/Clock22.xml (RunModel)" time="0.017" />
  <testcase classname="ptolemy.util.test.junit.AutoTests" name="[61] /home/travis/build/icyphy/ptII/ptolemy/actor/lib/test/auto/Clock23.xml (RunModel)" time="0.018" />
  <testcase classname="ptolemy.util.test.junit.AutoTests" name="[62] /home/travis/build/icyphy/ptII/ptolemy/actor/lib/test/auto/Clock24.xml (RunModel)" time="0.015" />
  <testcase classname="ptolemy.util.test.junit.AutoTests" name="[63] /home/travis/build/icyphy/ptII/ptolemy/actor/lib/test/auto/Clock4.xml (RunModel)" time="0.011" />
  <testcase classname="ptolemy.util.test.junit.AutoTests" name="[64] /home/travis/build/icyphy/ptII/ptolemy/actor/lib/test/auto/Clock5.xml (RunModel)" time="0.015" />
  <testcase classname="ptolemy.util.test.junit.AutoTests" name="[65] /home/travis/build/icyphy/ptII/ptolemy/actor/lib/test/auto/Clock6.xml (RunModel)" time="0.014" />
  <testcase classname="ptolemy.util.test.junit.AutoTests" name="[66] /home/travis/build/icyphy/ptII/ptolemy/actor/lib/test/auto/Clock7.xml (RunModel)" time="0.029" />
  <testcase classname="ptolemy.util.test.junit.AutoTests" name="[67] /home/travis/build/icyphy/ptII/ptolemy/actor/lib/test/auto/Clock8.xml (RunModel)" time="0.018" />
  <testcase classname="ptolemy.util.test.junit.AutoTests" name="[68] /home/travis/build/icyphy/ptII/ptolemy/actor/lib/test/auto/Clock9.xml (RunModel)" time="0.018" />
  <testcase classname="ptolemy.util.test.junit.AutoTests" name="[69] /home/travis/build/icyphy/ptII/ptolemy/actor/lib/test/auto/CommDistDiscard.xml (RunModel)" time="0.024" />
  <testcase classname="ptolemy.util.test.junit.AutoTests" name="[70] /home/travis/build/icyphy/ptII/ptolemy/actor/lib/test/auto/Commutator.xml (RunModel)" time="0.014" />
  <testcase classname="ptolemy.util.test.junit.AutoTests" name="[71] /home/travis/build/icyphy/ptII/ptolemy/actor/lib/test/auto/Commutator2.xml (RunModel)" time="0.012" />
  <testcase classname="ptolemy.util.test.junit.AutoTests" name="[72] /home/travis/build/icyphy/ptII/ptolemy/actor/lib/test/auto/Commutator3.xml (RunModel)" time="0.012" />
  <testcase classname="ptolemy.util.test.junit.AutoTests" name="[73] /home/travis/build/icyphy/ptII/ptolemy/actor/lib/test/auto/Compare.xml (RunModel)" time="0.02" />
  <testcase classname="ptolemy.util.test.junit.AutoTests" name="[74] /home/travis/build/icyphy/ptII/ptolemy/actor/lib/test/auto/CompareDE.xml (RunModel)" time="0.02" />
  <testcase classname="ptolemy.util.test.junit.AutoTests" name="[75] /home/travis/build/icyphy/ptII/ptolemy/actor/lib/test/auto/ComplexDivide.xml (RunModel)" time="0.009" />
  <testcase classname="ptolemy.util.test.junit.AutoTests" name="[76] /home/travis/build/icyphy/ptII/ptolemy/actor/lib/test/auto/ComputeHistogram.xml (RunModel)" time="0.078" />
  <testcase classname="ptolemy.util.test.junit.AutoTests" name="[77] /home/travis/build/icyphy/ptII/ptolemy/actor/lib/test/auto/ConfigurationSelect.xml (RunModel)" time="0.026" />
  <testcase classname="ptolemy.util.test.junit.AutoTests" name="[78] /home/travis/build/icyphy/ptII/ptolemy/actor/lib/test/auto/ConfigurationSelect2.xml (RunModel)" time="0.019" />
  <testcase classname="ptolemy.util.test.junit.AutoTests" name="[79] /home/travis/build/icyphy/ptII/ptolemy/actor/lib/test/auto/ConfigurationSwitch.xml (RunModel)" time="0.024" />
  <testcase classname="ptolemy.util.test.junit.AutoTests" name="[80] /home/travis/build/icyphy/ptII/ptolemy/actor/lib/test/auto/ConfigurationSwitch2.xml (RunModel)" time="0.027" />
  <testcase classname="ptolemy.util.test.junit.AutoTests" name="[81] /home/travis/build/icyphy/ptII/ptolemy/actor/lib/test/auto/ConfigurationSwitchCloningBugWithClassRelationGroup.xml (RunModel)" time="0.02" />
  <testcase classname="ptolemy.util.test.junit.AutoTests" name="[82] /home/travis/build/icyphy/ptII/ptolemy/actor/lib/test/auto/ConfigurationSwitchSelectSDF.xml (RunModel)" time="0.018" />
  <testcase classname="ptolemy.util.test.junit.AutoTests" name="[83] /home/travis/build/icyphy/ptII/ptolemy/actor/lib/test/auto/ConfigurationSwitchSelectSDF2.xml (RunModel)" time="0.012" />
  <testcase classname="ptolemy.util.test.junit.AutoTests" name="[84] /home/travis/build/icyphy/ptII/ptolemy/actor/lib/test/auto/Const.xml (RunModel)" time="0.007" />
  <testcase classname="ptolemy.util.test.junit.AutoTests" name="[85] /home/travis/build/icyphy/ptII/ptolemy/actor/lib/test/auto/Const2.xml (RunModel)" time="0.009" />
  <testcase classname="ptolemy.util.test.junit.AutoTests" name="[86] /home/travis/build/icyphy/ptII/ptolemy/actor/lib/test/auto/Const3.xml (RunModel)" time="0.006" />
  <testcase classname="ptolemy.util.test.junit.AutoTests" name="[87] /home/travis/build/icyphy/ptII/ptolemy/actor/lib/test/auto/ConstantPublisherPort1.xml (RunModel)" time="0.02" />
  <testcase classname="ptolemy.util.test.junit.AutoTests" name="[88] /home/travis/build/icyphy/ptII/ptolemy/actor/lib/test/auto/ConstantPublisherPort2.xml (RunModel)" time="0.023" />
  <testcase classname="ptolemy.util.test.junit.AutoTests" name="[89] /home/travis/build/icyphy/ptII/ptolemy/actor/lib/test/auto/ConstantPublisherPort3.xml (RunModel)" time="0.032" />
  <testcase classname="ptolemy.util.test.junit.AutoTests" name="[90] /home/travis/build/icyphy/ptII/ptolemy/actor/lib/test/auto/ConstantPublisherPort4.xml (RunModel)" time="0.022" />
  <testcase classname="ptolemy.util.test.junit.AutoTests" name="[91] /home/travis/build/icyphy/ptII/ptolemy/actor/lib/test/auto/ConstantPublisherPort5.xml (RunModel)" time="0.05" />
  <testcase classname="ptolemy.util.test.junit.AutoTests" name="[92] /home/travis/build/icyphy/ptII/ptolemy/actor/lib/test/auto/ConstantPublisherPort6.xml (RunModel)" time="0.033" />
  <testcase classname="ptolemy.util.test.junit.AutoTests" name="[93] /home/travis/build/icyphy/ptII/ptolemy/actor/lib/test/auto/ConstantPublisherPort7.xml (RunModel)" time="0.037" />
  <testcase classname="ptolemy.util.test.junit.AutoTests" name="[94] /home/travis/build/icyphy/ptII/ptolemy/actor/lib/test/auto/ConstraintMonitor1.xml (RunModel)" time="0.04" />
  <testcase classname="ptolemy.util.test.junit.AutoTests" name="[95] /home/travis/build/icyphy/ptII/ptolemy/actor/lib/test/auto/ConstraintMonitor2.xml (RunModel)" time="0.013" />
  <testcase classname="ptolemy.util.test.junit.AutoTests" name="[96] /home/travis/build/icyphy/ptII/ptolemy/actor/lib/test/auto/ConstraintMonitor3.xml (RunModel)" time="0.018" />
  <testcase classname="ptolemy.util.test.junit.AutoTests" name="[97] /home/travis/build/icyphy/ptII/ptolemy/actor/lib/test/auto/ConstraintMonitor4.xml (RunModel)" time="0.012" />
  <testcase classname="ptolemy.util.test.junit.AutoTests" name="[98] /home/travis/build/icyphy/ptII/ptolemy/actor/lib/test/auto/ConstraintMonitor5.xml (RunModel)" time="0.014" />
  <testcase classname="ptolemy.util.test.junit.AutoTests" name="[99] /home/travis/build/icyphy/ptII/ptolemy/actor/lib/test/auto/ConstraintMonitor6.xml (RunModel)" time="0.019" />
  <testcase classname="ptolemy.util.test.junit.AutoTests" name="[100] /home/travis/build/icyphy/ptII/ptolemy/actor/lib/test/auto/ConstraintMonitor7.xml (RunModel)" time="0.019" />
  <testcase classname="ptolemy.util.test.junit.AutoTests" name="[101] /home/travis/build/icyphy/ptII/ptolemy/actor/lib/test/auto/ConstraintMonitor8.xml (RunModel)" time="0.018" />
  <testcase classname="ptolemy.util.test.junit.AutoTests" name="[102] /home/travis/build/icyphy/ptII/ptolemy/actor/lib/test/auto/Counter.xml (RunModel)" time="0.015" />
  <testcase classname="ptolemy.util.test.junit.AutoTests" name="[103] /home/travis/build/icyphy/ptII/ptolemy/actor/lib/test/auto/CurrentTimeSDF.xml (RunModel)" time="0.009" />
  <testcase classname="ptolemy.util.test.junit.AutoTests" name="[104] /home/travis/build/icyphy/ptII/ptolemy/actor/lib/test/auto/DB.xml (RunModel)" time="0.012" />
  <testcase classname="ptolemy.util.test.junit.AutoTests" name="[105] /home/travis/build/icyphy/ptII/ptolemy/actor/lib/test/auto/DBDE.xml (RunModel)" time="0.013" />
  <testcase classname="ptolemy.util.test.junit.AutoTests" name="[106] /home/travis/build/icyphy/ptII/ptolemy/actor/lib/test/auto/DateConstructor.xml (RunModel)" time="0.074" />
  <testcase classname="ptolemy.util.test.junit.AutoTests" name="[107] /home/travis/build/icyphy/ptII/ptolemy/actor/lib/test/auto/DelayTime.xml (RunModel)" time="0.018" />
  <testcase classname="ptolemy.util.test.junit.AutoTests" name="[108] /home/travis/build/icyphy/ptII/ptolemy/actor/lib/test/auto/Dictionary1.xml (RunModel)" time="0.02" />
  <testcase classname="ptolemy.util.test.junit.AutoTests" name="[109] /home/travis/build/icyphy/ptII/ptolemy/actor/lib/test/auto/Dictionary2.xml (RunModel)" time="0.019" />
  <testcase classname="ptolemy.util.test.junit.AutoTests" name="[110] /home/travis/build/icyphy/ptII/ptolemy/actor/lib/test/auto/Dictionary3.xml (RunModel)" time="0.014" />
  <testcase classname="ptolemy.util.test.junit.AutoTests" name="[111] /home/travis/build/icyphy/ptII/ptolemy/actor/lib/test/auto/Dictionary4.xml (RunModel)" time="0.022" />
  <testcase classname="ptolemy.util.test.junit.AutoTests" name="[112] /home/travis/build/icyphy/ptII/ptolemy/actor/lib/test/auto/Differential.xml (RunModel)" time="0.012" />
  <testcase classname="ptolemy.util.test.junit.AutoTests" name="[113] /home/travis/build/icyphy/ptII/ptolemy/actor/lib/test/auto/Director.xml (RunModel)" time="0.013" />
  <testcase classname="ptolemy.util.test.junit.AutoTests" name="[114] /home/travis/build/icyphy/ptII/ptolemy/actor/lib/test/auto/DiscreteClock.xml (RunModel)" time="0.009" />
  <testcase classname="ptolemy.util.test.junit.AutoTests" name="[115] /home/travis/build/icyphy/ptII/ptolemy/actor/lib/test/auto/DiscreteClock10.xml (RunModel)" time="0.013" />
  <testcase classname="ptolemy.util.test.junit.AutoTests" name="[116] /home/travis/build/icyphy/ptII/ptolemy/actor/lib/test/auto/DiscreteClock11.xml (RunModel)" time="0.014" />
  <testcase classname="ptolemy.util.test.junit.AutoTests" name="[117] /home/travis/build/icyphy/ptII/ptolemy/actor/lib/test/auto/DiscreteClock12.xml (RunModel)" time="0.016" />
  <testcase classname="ptolemy.util.test.junit.AutoTests" name="[118] /home/travis/build/icyphy/ptII/ptolemy/actor/lib/test/auto/DiscreteClock13.xml (RunModel)" time="0.019" />
  <testcase classname="ptolemy.util.test.junit.AutoTests" name="[119] /home/travis/build/icyphy/ptII/ptolemy/actor/lib/test/auto/DiscreteClock14.xml (RunModel)" time="0.019" />
  <testcase classname="ptolemy.util.test.junit.AutoTests" name="[120] /home/travis/build/icyphy/ptII/ptolemy/actor/lib/test/auto/DiscreteClock15.xml (RunModel)" time="0.017" />
  <testcase classname="ptolemy.util.test.junit.AutoTests" name="[121] /home/travis/build/icyphy/ptII/ptolemy/actor/lib/test/auto/DiscreteClock16.xml (RunModel)" time="0.048" />
  <testcase classname="ptolemy.util.test.junit.AutoTests" name="[122] /home/travis/build/icyphy/ptII/ptolemy/actor/lib/test/auto/DiscreteClock17.xml (RunModel)" time="0.049" />
  <testcase classname="ptolemy.util.test.junit.AutoTests" name="[123] /home/travis/build/icyphy/ptII/ptolemy/actor/lib/test/auto/DiscreteClock18.xml (RunModel)" time="0.05" />
  <testcase classname="ptolemy.util.test.junit.AutoTests" name="[124] /home/travis/build/icyphy/ptII/ptolemy/actor/lib/test/auto/DiscreteClock19.xml (RunModel)" time="0.05" />
  <testcase classname="ptolemy.util.test.junit.AutoTests" name="[125] /home/travis/build/icyphy/ptII/ptolemy/actor/lib/test/auto/DiscreteClock2.xml (RunModel)" time="0.019" />
  <testcase classname="ptolemy.util.test.junit.AutoTests" name="[126] /home/travis/build/icyphy/ptII/ptolemy/actor/lib/test/auto/DiscreteClock20.xml (RunModel)" time="0.014" />
  <testcase classname="ptolemy.util.test.junit.AutoTests" name="[127] /home/travis/build/icyphy/ptII/ptolemy/actor/lib/test/auto/DiscreteClock21.xml (RunModel)" time="0.032" />
  <testcase classname="ptolemy.util.test.junit.AutoTests" name="[128] /home/travis/build/icyphy/ptII/ptolemy/actor/lib/test/auto/DiscreteClock22.xml (RunModel)" time="0.014" />
  <testcase classname="ptolemy.util.test.junit.AutoTests" name="[129] /home/travis/build/icyphy/ptII/ptolemy/actor/lib/test/auto/DiscreteClock23.xml (RunModel)" time="0.018" />
  <testcase classname="ptolemy.util.test.junit.AutoTests" name="[130] /home/travis/build/icyphy/ptII/ptolemy/actor/lib/test/auto/DiscreteClock24.xml (RunModel)" time="0.015" />
  <testcase classname="ptolemy.util.test.junit.AutoTests" name="[131] /home/travis/build/icyphy/ptII/ptolemy/actor/lib/test/auto/DiscreteClock4.xml (RunModel)" time="0.013" />
  <testcase classname="ptolemy.util.test.junit.AutoTests" name="[132] /home/travis/build/icyphy/ptII/ptolemy/actor/lib/test/auto/DiscreteClock5.xml (RunModel)" time="0.01" />
  <testcase classname="ptolemy.util.test.junit.AutoTests" name="[133] /home/travis/build/icyphy/ptII/ptolemy/actor/lib/test/auto/DiscreteClock6.xml (RunModel)" time="0.013" />
  <testcase classname="ptolemy.util.test.junit.AutoTests" name="[134] /home/travis/build/icyphy/ptII/ptolemy/actor/lib/test/auto/DiscreteClock7.xml (RunModel)" time="0.011" />
  <testcase classname="ptolemy.util.test.junit.AutoTests" name="[135] /home/travis/build/icyphy/ptII/ptolemy/actor/lib/test/auto/DiscreteClock8.xml (RunModel)" time="0.024" />
  <testcase classname="ptolemy.util.test.junit.AutoTests" name="[136] /home/travis/build/icyphy/ptII/ptolemy/actor/lib/test/auto/DiscreteClock9.xml (RunModel)" time="0.017" />
  <testcase classname="ptolemy.util.test.junit.AutoTests" name="[137] /home/travis/build/icyphy/ptII/ptolemy/actor/lib/test/auto/DisplayArray.xml (RunModel)" time="0.011" />
  <testcase classname="ptolemy.util.test.junit.AutoTests" name="[138] /home/travis/build/icyphy/ptII/ptolemy/actor/lib/test/auto/Distributor.xml (RunModel)" time="0.01" />
  <testcase classname="ptolemy.util.test.junit.AutoTests" name="[139] /home/travis/build/icyphy/ptII/ptolemy/actor/lib/test/auto/Distributor2.xml (RunModel)" time="0.011" />
  <testcase classname="ptolemy.util.test.junit.AutoTests" name="[140] /home/travis/build/icyphy/ptII/ptolemy/actor/lib/test/auto/DownSample.xml (RunModel)" time="0.03" />
  <testcase classname="ptolemy.util.test.junit.AutoTests" name="[141] /home/travis/build/icyphy/ptII/ptolemy/actor/lib/test/auto/ElectronicUnitBase1.xml (RunModel)" time="0.057" />
  <testcase classname="ptolemy.util.test.junit.AutoTests" name="[142] /home/travis/build/icyphy/ptII/ptolemy/actor/lib/test/auto/ElementsToArray.xml (RunModel)" time="0.011" />
  <testcase classname="ptolemy.util.test.junit.AutoTests" name="[143] /home/travis/build/icyphy/ptII/ptolemy/actor/lib/test/auto/Equals.xml (RunModel)" time="0.015" />
  <testcase classname="ptolemy.util.test.junit.AutoTests" name="[144] /home/travis/build/icyphy/ptII/ptolemy/actor/lib/test/auto/Exec.xml (RunModel)" time="0.031" />
  <testcase classname="ptolemy.util.test.junit.AutoTests" name="[145] /home/travis/build/icyphy/ptII/ptolemy/actor/lib/test/auto/ExecEnvironment.xml (RunModel)" time="0.044" />
  <testcase classname="ptolemy.util.test.junit.AutoTests" name="[146] /home/travis/build/icyphy/ptII/ptolemy/actor/lib/test/auto/ExecNonZeroReturnOutput.xml (RunModel)" time="0.225" />
  <testcase classname="ptolemy.util.test.junit.AutoTests" name="[147] /home/travis/build/icyphy/ptII/ptolemy/actor/lib/test/auto/ExecRunDemos.xml (RunModel)" time="11.126" />
  <testcase classname="ptolemy.util.test.junit.AutoTests" name="[148] /home/travis/build/icyphy/ptII/ptolemy/actor/lib/test/auto/ExecStop.xml (RunModel)" time="5.038" />
  <testcase classname="ptolemy.util.test.junit.AutoTests" name="[149] /home/travis/build/icyphy/ptII/ptolemy/actor/lib/test/auto/ExecutionTimeSDF.xml (RunModel)" time="6.041" />
  <testcase classname="ptolemy.util.test.junit.AutoTests" name="[150] /home/travis/build/icyphy/ptII/ptolemy/actor/lib/test/auto/Expression1.xml (RunModel)" time="0.012" />
  <testcase classname="ptolemy.util.test.junit.AutoTests" name="[151] /home/travis/build/icyphy/ptII/ptolemy/actor/lib/test/auto/Expression10.xml (RunModel)" time="0.039" />
  <testcase classname="ptolemy.util.test.junit.AutoTests" name="[152] /home/travis/build/icyphy/ptII/ptolemy/actor/lib/test/auto/Expression11.xml (RunModel)" time="0.012" />
  <testcase classname="ptolemy.util.test.junit.AutoTests" name="[153] /home/travis/build/icyphy/ptII/ptolemy/actor/lib/test/auto/Expression12.xml (RunModel)" time="0.018" />
  <testcase classname="ptolemy.util.test.junit.AutoTests" name="[154] /home/travis/build/icyphy/ptII/ptolemy/actor/lib/test/auto/Expression13.xml (RunModel)" time="0.018" />
  <testcase classname="ptolemy.util.test.junit.AutoTests" name="[155] /home/travis/build/icyphy/ptII/ptolemy/actor/lib/test/auto/Expression14.xml (RunModel)" time="0.021" />
  <testcase classname="ptolemy.util.test.junit.AutoTests" name="[156] /home/travis/build/icyphy/ptII/ptolemy/actor/lib/test/auto/Expression15.xml (RunModel)" time="0.007" />
  <testcase classname="ptolemy.util.test.junit.AutoTests" name="[157] /home/travis/build/icyphy/ptII/ptolemy/actor/lib/test/auto/Expression16.xml (RunModel)" time="0.017" />
  <testcase classname="ptolemy.util.test.junit.AutoTests" name="[158] /home/travis/build/icyphy/ptII/ptolemy/actor/lib/test/auto/Expression17.xml (RunModel)" time="0.014" />
  <testcase classname="ptolemy.util.test.junit.AutoTests" name="[159] /home/travis/build/icyphy/ptII/ptolemy/actor/lib/test/auto/Expression18.xml (RunModel)" time="0.012" />
  <testcase classname="ptolemy.util.test.junit.AutoTests" name="[160] /home/travis/build/icyphy/ptII/ptolemy/actor/lib/test/auto/Expression2.xml (RunModel)" time="0.014" />
  <testcase classname="ptolemy.util.test.junit.AutoTests" name="[161] /home/travis/build/icyphy/ptII/ptolemy/actor/lib/test/auto/Expression3.xml (RunModel)" time="0.015" />
  <testcase classname="ptolemy.util.test.junit.AutoTests" name="[162] /home/travis/build/icyphy/ptII/ptolemy/actor/lib/test/auto/Expression4.xml (RunModel)" time="0.019" />
  <testcase classname="ptolemy.util.test.junit.AutoTests" name="[163] /home/travis/build/icyphy/ptII/ptolemy/actor/lib/test/auto/Expression5.xml (RunModel)" time="0.014" />
  <testcase classname="ptolemy.util.test.junit.AutoTests" name="[164] /home/travis/build/icyphy/ptII/ptolemy/actor/lib/test/auto/Expression6.xml (RunModel)" time="0.01" />
  <testcase classname="ptolemy.util.test.junit.AutoTests" name="[165] /home/travis/build/icyphy/ptII/ptolemy/actor/lib/test/auto/Expression7.xml (RunModel)" time="0.012" />
  <testcase classname="ptolemy.util.test.junit.AutoTests" name="[166] /home/travis/build/icyphy/ptII/ptolemy/actor/lib/test/auto/Expression8.xml (RunModel)" time="0.016" />
  <testcase classname="ptolemy.util.test.junit.AutoTests" name="[167] /home/travis/build/icyphy/ptII/ptolemy/actor/lib/test/auto/Expression9.xml (RunModel)" time="0.008" />
  <testcase classname="ptolemy.util.test.junit.AutoTests" name="[168] /home/travis/build/icyphy/ptII/ptolemy/actor/lib/test/auto/ExpressionConcatenateArrayType.xml (RunModel)" time="0.029" />
  <testcase classname="ptolemy.util.test.junit.AutoTests" name="[169] /home/travis/build/icyphy/ptII/ptolemy/actor/lib/test/auto/ExpressionConcatenateArrayType2.xml (RunModel)" time="0.024" />
  <testcase classname="ptolemy.util.test.junit.AutoTests" name="[170] /home/travis/build/icyphy/ptII/ptolemy/actor/lib/test/auto/ExpressionFix.xml (RunModel)" time="0.043" />
  <testcase classname="ptolemy.util.test.junit.AutoTests" name="[171] /home/travis/build/icyphy/ptII/ptolemy/actor/lib/test/auto/ExpressionFix2.xml (RunModel)" time="0.015" />
  <testcase classname="ptolemy.util.test.junit.AutoTests" name="[172] /home/travis/build/icyphy/ptII/ptolemy/actor/lib/test/auto/ExpressionFix3.xml (RunModel)" time="0.012" />
  <testcase classname="ptolemy.util.test.junit.AutoTests" name="[173] /home/travis/build/icyphy/ptII/ptolemy/actor/lib/test/auto/FileWriter1.xml (RunModel)" time="0.01" />
  <testcase classname="ptolemy.util.test.junit.AutoTests" name="[174] /home/travis/build/icyphy/ptII/ptolemy/actor/lib/test/auto/FileWriter2.xml (RunModel)" time="0.011" />
  <testcase classname="ptolemy.util.test.junit.AutoTests" name="[175] /home/travis/build/icyphy/ptII/ptolemy/actor/lib/test/auto/FileWriter3.xml (RunModel)" time="0.018" />
  <testcase classname="ptolemy.util.test.junit.AutoTests" name="[176] /home/travis/build/icyphy/ptII/ptolemy/actor/lib/test/auto/Gaussian.xml (RunModel)" time="0.024" />
  <testcase classname="ptolemy.util.test.junit.AutoTests" name="[177] /home/travis/build/icyphy/ptII/ptolemy/actor/lib/test/auto/Gaussian1.xml (RunModel)" time="0.023" />
  <testcase classname="ptolemy.util.test.junit.AutoTests" name="[178] /home/travis/build/icyphy/ptII/ptolemy/actor/lib/test/auto/Gaussian2.xml (RunModel)" time="0.02" />
  <testcase classname="ptolemy.util.test.junit.AutoTests" name="[179] /home/travis/build/icyphy/ptII/ptolemy/actor/lib/test/auto/GradientAdaptiveLattice.xml (RunModel)" time="0.018" />
  <testcase classname="ptolemy.util.test.junit.AutoTests" name="[180] /home/travis/build/icyphy/ptII/ptolemy/actor/lib/test/auto/IIR.xml (RunModel)" time="0.011" />
  <testcase classname="ptolemy.util.test.junit.AutoTests" name="[181] /home/travis/build/icyphy/ptII/ptolemy/actor/lib/test/auto/InputOutputTransparentPorts.xml (RunModel)" time="0.019" />
  <testcase classname="ptolemy.util.test.junit.AutoTests" name="[182] /home/travis/build/icyphy/ptII/ptolemy/actor/lib/test/auto/Interpolator.xml (RunModel)" time="0.012" />
  <testcase classname="ptolemy.util.test.junit.AutoTests" name="[183] /home/travis/build/icyphy/ptII/ptolemy/actor/lib/test/auto/InterpolatorFiringLimitDE.xml (RunModel)" time="0.014" />
  <testcase classname="ptolemy.util.test.junit.AutoTests" name="[184] /home/travis/build/icyphy/ptII/ptolemy/actor/lib/test/auto/Lattice.xml (RunModel)" time="0.009" />
  <testcase classname="ptolemy.util.test.junit.AutoTests" name="[185] /home/travis/build/icyphy/ptII/ptolemy/actor/lib/test/auto/LazyAOCTestLazy.xml (RunModel)" time="0.036" />
  <testcase classname="ptolemy.util.test.junit.AutoTests" name="[186] /home/travis/build/icyphy/ptII/ptolemy/actor/lib/test/auto/LazyAOCTestNonLazy.xml (RunModel)" time="0.061" />
  <testcase classname="ptolemy.util.test.junit.AutoTests" name="[187] /home/travis/build/icyphy/ptII/ptolemy/actor/lib/test/auto/LazyInnerClass.xml (RunModel)" time="0.06" />
  <testcase classname="ptolemy.util.test.junit.AutoTests" name="[188] /home/travis/build/icyphy/ptII/ptolemy/actor/lib/test/auto/LazyPubSub.xml (RunModel)" time="0.072" />
  <testcase classname="ptolemy.util.test.junit.AutoTests" name="[189] /home/travis/build/icyphy/ptII/ptolemy/actor/lib/test/auto/LazyPubSub2.xml (RunModel)" time="0.047" />
  <testcase classname="ptolemy.util.test.junit.AutoTests" name="[190] /home/travis/build/icyphy/ptII/ptolemy/actor/lib/test/auto/LazyPubSub3.xml (RunModel)" time="0.029" />
  <testcase classname="ptolemy.util.test.junit.AutoTests" name="[191] /home/travis/build/icyphy/ptII/ptolemy/actor/lib/test/auto/LazySubClassModel.xml (RunModel)" time="0.028" />
  <testcase classname="ptolemy.util.test.junit.AutoTests" name="[192] /home/travis/build/icyphy/ptII/ptolemy/actor/lib/test/auto/LevelCrossTest1.xml (RunModel)" time="0.013" />
  <testcase classname="ptolemy.util.test.junit.AutoTests" name="[193] /home/travis/build/icyphy/ptII/ptolemy/actor/lib/test/auto/LevelCrossTest10.xml (RunModel)" time="0.019" />
  <testcase classname="ptolemy.util.test.junit.AutoTests" name="[194] /home/travis/build/icyphy/ptII/ptolemy/actor/lib/test/auto/LevelCrossTest11.xml (RunModel)" time="0.035" />
  <testcase classname="ptolemy.util.test.junit.AutoTests" name="[195] /home/travis/build/icyphy/ptII/ptolemy/actor/lib/test/auto/LevelCrossTest12.xml (RunModel)" time="0.02" />
  <testcase classname="ptolemy.util.test.junit.AutoTests" name="[196] /home/travis/build/icyphy/ptII/ptolemy/actor/lib/test/auto/LevelCrossTest13.xml (RunModel)" time="0.015" />
  <testcase classname="ptolemy.util.test.junit.AutoTests" name="[197] /home/travis/build/icyphy/ptII/ptolemy/actor/lib/test/auto/LevelCrossTest2.xml (RunModel)" time="0.012" />
  <testcase classname="ptolemy.util.test.junit.AutoTests" name="[198] /home/travis/build/icyphy/ptII/ptolemy/actor/lib/test/auto/LevelCrossTest3.xml (RunModel)" time="0.016" />
  <testcase classname="ptolemy.util.test.junit.AutoTests" name="[199] /home/travis/build/icyphy/ptII/ptolemy/actor/lib/test/auto/LevelCrossTest4.xml (RunModel)" time="0.015" />
  <testcase classname="ptolemy.util.test.junit.AutoTests" name="[200] /home/travis/build/icyphy/ptII/ptolemy/actor/lib/test/auto/LevelCrossTest5.xml (RunModel)" time="0.016" />
  <testcase classname="ptolemy.util.test.junit.AutoTests" name="[201] /home/travis/build/icyphy/ptII/ptolemy/actor/lib/test/auto/LevelCrossTest6.xml (RunModel)" time="0.015" />
  <testcase classname="ptolemy.util.test.junit.AutoTests" name="[202] /home/travis/build/icyphy/ptII/ptolemy/actor/lib/test/auto/LevelCrossTest7.xml (RunModel)" time="0.023" />
  <testcase classname="ptolemy.util.test.junit.AutoTests" name="[203] /home/travis/build/icyphy/ptII/ptolemy/actor/lib/test/auto/LevelCrossTest8.xml (RunModel)" time="0.016" />
  <testcase classname="ptolemy.util.test.junit.AutoTests" name="[204] /home/travis/build/icyphy/ptII/ptolemy/actor/lib/test/auto/LevelCrossTest9.xml (RunModel)" time="0.019" />
  <testcase classname="ptolemy.util.test.junit.AutoTests" name="[205] /home/travis/build/icyphy/ptII/ptolemy/actor/lib/test/auto/LevinsonDurbin.xml (RunModel)" time="0.019" />
  <testcase classname="ptolemy.util.test.junit.AutoTests" name="[206] /home/travis/build/icyphy/ptII/ptolemy/actor/lib/test/auto/LevinsonDurbin2.xml (RunModel)" time="0.014" />
  <testcase classname="ptolemy.util.test.junit.AutoTests" name="[207] /home/travis/build/icyphy/ptII/ptolemy/actor/lib/test/auto/LevinsonDurbin3.xml (RunModel)" time="0.01" />
  <testcase classname="ptolemy.util.test.junit.AutoTests" name="[208] /home/travis/build/icyphy/ptII/ptolemy/actor/lib/test/auto/Limiter.xml (RunModel)" time="0.043" />
  <testcase classname="ptolemy.util.test.junit.AutoTests" name="[209] /home/travis/build/icyphy/ptII/ptolemy/actor/lib/test/auto/LinearDifferenceEquationSystem.xml (RunModel)" time="0.039" />
  <testcase classname="ptolemy.util.test.junit.AutoTests" name="[210] /home/travis/build/icyphy/ptII/ptolemy/actor/lib/test/auto/LookupTable.xml (RunModel)" time="0.012" />
  <testcase classname="ptolemy.util.test.junit.AutoTests" name="[211] /home/travis/build/icyphy/ptII/ptolemy/actor/lib/test/auto/MathFunction.xml (RunModel)" time="0.021" />
  <testcase classname="ptolemy.util.test.junit.AutoTests" name="[212] /home/travis/build/icyphy/ptII/ptolemy/actor/lib/test/auto/MathFunction2.xml (RunModel)" time="0.011" />
  <testcase classname="ptolemy.util.test.junit.AutoTests" name="[213] /home/travis/build/icyphy/ptII/ptolemy/actor/lib/test/auto/MathFunction3.xml (RunModel)" time="0.018" />
  <testcase classname="ptolemy.util.test.junit.AutoTests" name="[214] /home/travis/build/icyphy/ptII/ptolemy/actor/lib/test/auto/MatrixCropBoolean.xml (RunModel)" time="0.013" />
  <testcase classname="ptolemy.util.test.junit.AutoTests" name="[215] /home/travis/build/icyphy/ptII/ptolemy/actor/lib/test/auto/MatrixCropComplex.xml (RunModel)" time="0.011" />
  <testcase classname="ptolemy.util.test.junit.AutoTests" name="[216] /home/travis/build/icyphy/ptII/ptolemy/actor/lib/test/auto/MatrixCropDouble.xml (RunModel)" time="0.01" />
  <testcase classname="ptolemy.util.test.junit.AutoTests" name="[217] /home/travis/build/icyphy/ptII/ptolemy/actor/lib/test/auto/MatrixCropFix.xml (RunModel)" time="0.016" />
  <testcase classname="ptolemy.util.test.junit.AutoTests" name="[218] /home/travis/build/icyphy/ptII/ptolemy/actor/lib/test/auto/MatrixCropInt.xml (RunModel)" time="0.012" />
  <testcase classname="ptolemy.util.test.junit.AutoTests" name="[219] /home/travis/build/icyphy/ptII/ptolemy/actor/lib/test/auto/MatrixCropLong.xml (RunModel)" time="0.011" />
  <testcase classname="ptolemy.util.test.junit.AutoTests" name="[220] /home/travis/build/icyphy/ptII/ptolemy/actor/lib/test/auto/MatrixToArray.xml (RunModel)" time="0.066" />
  <testcase classname="ptolemy.util.test.junit.AutoTests" name="[221] /home/travis/build/icyphy/ptII/ptolemy/actor/lib/test/auto/MaxIndex.xml (RunModel)" time="0.013" />
  <testcase classname="ptolemy.util.test.junit.AutoTests" name="[222] /home/travis/build/icyphy/ptII/ptolemy/actor/lib/test/auto/Maximum.xml (RunModel)" time="0.018" />
  <testcase classname="ptolemy.util.test.junit.AutoTests" name="[223] /home/travis/build/icyphy/ptII/ptolemy/actor/lib/test/auto/MaximumComplex.xml (RunModel)" time="0.018" />
  <testcase classname="ptolemy.util.test.junit.AutoTests" name="[224] /home/travis/build/icyphy/ptII/ptolemy/actor/lib/test/auto/MethodCallTest.xml (RunModel)" time="0.027" />
  <testcase classname="ptolemy.util.test.junit.AutoTests" name="[225] /home/travis/build/icyphy/ptII/ptolemy/actor/lib/test/auto/Minimum.xml (RunModel)" time="0.018" />
  <testcase classname="ptolemy.util.test.junit.AutoTests" name="[226] /home/travis/build/icyphy/ptII/ptolemy/actor/lib/test/auto/MinimumComplex.xml (RunModel)" time="0.031" />
  <testcase classname="ptolemy.util.test.junit.AutoTests" name="[227] /home/travis/build/icyphy/ptII/ptolemy/actor/lib/test/auto/MinimumMultiports.xml (RunModel)" time="0.033" />
  <testcase classname="ptolemy.util.test.junit.AutoTests" name="[228] /home/travis/build/icyphy/ptII/ptolemy/actor/lib/test/auto/ModifyDate.xml (RunModel)" time="0.048" />
  <testcase classname="ptolemy.util.test.junit.AutoTests" name="[229] /home/travis/build/icyphy/ptII/ptolemy/actor/lib/test/auto/ModifyDate2.xml (RunModel)" time="0.036" />
  <testcase classname="ptolemy.util.test.junit.AutoTests" name="[230] /home/travis/build/icyphy/ptII/ptolemy/actor/lib/test/auto/MovingAverage.xml (RunModel)" time="0.014" />
  <testcase classname="ptolemy.util.test.junit.AutoTests" name="[231] /home/travis/build/icyphy/ptII/ptolemy/actor/lib/test/auto/MovingMaximum.xml (RunModel)" time="0.013" />
  <testcase classname="ptolemy.util.test.junit.AutoTests" name="[232] /home/travis/build/icyphy/ptII/ptolemy/actor/lib/test/auto/MultipleLinksToSameRelation.xml (RunModel)" time="0.009" />
  <testcase classname="ptolemy.util.test.junit.AutoTests" name="[233] /home/travis/build/icyphy/ptII/ptolemy/actor/lib/test/auto/MultipleLinksToSameRelationDE.xml (RunModel)" time="0.037" />
  <testcase classname="ptolemy.util.test.junit.AutoTests" name="[234] /home/travis/build/icyphy/ptII/ptolemy/actor/lib/test/auto/Multiplexor.xml (RunModel)" time="0.013" />
  <testcase classname="ptolemy.util.test.junit.AutoTests" name="[235] /home/travis/build/icyphy/ptII/ptolemy/actor/lib/test/auto/Multiplexor1.xml (RunModel)" time="0.014" />
  <testcase classname="ptolemy.util.test.junit.AutoTests" name="[236] /home/travis/build/icyphy/ptII/ptolemy/actor/lib/test/auto/Multiplexor2.xml (RunModel)" time="0.014" />
  <testcase classname="ptolemy.util.test.junit.AutoTests" name="[237] /home/travis/build/icyphy/ptII/ptolemy/actor/lib/test/auto/Multiplexor3.xml (RunModel)" time="0.01" />
  <testcase classname="ptolemy.util.test.junit.AutoTests" name="[238] /home/travis/build/icyphy/ptII/ptolemy/actor/lib/test/auto/MultiplexorDE.xml (RunModel)" time="0.018" />
  <testcase classname="ptolemy.util.test.junit.AutoTests" name="[239] /home/travis/build/icyphy/ptII/ptolemy/actor/lib/test/auto/MultiportBroadcastTest.xml (RunModel)" time="0.113" />
  <testcase classname="ptolemy.util.test.junit.AutoTests" name="[240] /home/travis/build/icyphy/ptII/ptolemy/actor/lib/test/auto/MultiportOutHangDuringGetWidth.xml (RunModel)" time="0.045" />
  <testcase classname="ptolemy.util.test.junit.AutoTests" name="[241] /home/travis/build/icyphy/ptII/ptolemy/actor/lib/test/auto/NilToken.xml (RunModel)" time="0.015" />
  <testcase classname="ptolemy.util.test.junit.AutoTests" name="[242] /home/travis/build/icyphy/ptII/ptolemy/actor/lib/test/auto/NilTokenNonStrictTest.xml (RunModel)" time="0.014" />
  <testcase classname="ptolemy.util.test.junit.AutoTests" name="[243] /home/travis/build/icyphy/ptII/ptolemy/actor/lib/test/auto/NilTokenRecord.xml (RunModel)" time="0.038" />
  <testcase classname="ptolemy.util.test.junit.AutoTests" name="[244] /home/travis/build/icyphy/ptII/ptolemy/actor/lib/test/auto/NilTokenTypeTest.xml (RunModel)" time="0.031" />
  <testcase classname="ptolemy.util.test.junit.AutoTests" name="[245] /home/travis/build/icyphy/ptII/ptolemy/actor/lib/test/auto/ObjectToken1.xml (RunModel)" time="0.009" />
  <testcase classname="ptolemy.util.test.junit.AutoTests" name="[246] /home/travis/build/icyphy/ptII/ptolemy/actor/lib/test/auto/OrderedMerge.xml (RunModel)" time="0.025" />
  <testcase classname="ptolemy.util.test.junit.AutoTests" name="[247] /home/travis/build/icyphy/ptII/ptolemy/actor/lib/test/auto/OrderedRecordDisassembler.xml (RunModel)" time="0.021" />
  <testcase classname="ptolemy.util.test.junit.AutoTests" name="[248] /home/travis/build/icyphy/ptII/ptolemy/actor/lib/test/auto/OrderedRecordDisassembler2.xml (RunModel)" time="0.021" />
  <testcase classname="ptolemy.util.test.junit.AutoTests" name="[249] /home/travis/build/icyphy/ptII/ptolemy/actor/lib/test/auto/OrderedRecordUpdater.xml (RunModel)" time="0.012" />
  <testcase classname="ptolemy.util.test.junit.AutoTests" name="[250] /home/travis/build/icyphy/ptII/ptolemy/actor/lib/test/auto/OrderedRecordUpdater2.xml (RunModel)" time="0.02" />
  <testcase classname="ptolemy.util.test.junit.AutoTests" name="[251] /home/travis/build/icyphy/ptII/ptolemy/actor/lib/test/auto/PhaseUnwrap.xml (RunModel)" time="0.015" />
  <testcase classname="ptolemy.util.test.junit.AutoTests" name="[252] /home/travis/build/icyphy/ptII/ptolemy/actor/lib/test/auto/PoissonClock.xml (RunModel)" time="0.012" />
  <testcase classname="ptolemy.util.test.junit.AutoTests" name="[253] /home/travis/build/icyphy/ptII/ptolemy/actor/lib/test/auto/PoissonClock2.xml (RunModel)" time="0.008" />
  <testcase classname="ptolemy.util.test.junit.AutoTests" name="[254] /home/travis/build/icyphy/ptII/ptolemy/actor/lib/test/auto/PoissonClock3.xml (RunModel)" time="0.032" />
  <testcase classname="ptolemy.util.test.junit.AutoTests" name="[255] /home/travis/build/icyphy/ptII/ptolemy/actor/lib/test/auto/PubSubWithInitialTokens.xml (RunModel)" time="0.02" />
  <testcase classname="ptolemy.util.test.junit.AutoTests" name="[256] /home/travis/build/icyphy/ptII/ptolemy/actor/lib/test/auto/PubSubWithInitialTokens2.xml (RunModel)" time="0.015" />
  <testcase classname="ptolemy.util.test.junit.AutoTests" name="[257] /home/travis/build/icyphy/ptII/ptolemy/actor/lib/test/auto/PublisherClassNoParameter.xml (RunModel)" time="0.028" />
  <testcase classname="ptolemy.util.test.junit.AutoTests" name="[258] /home/travis/build/icyphy/ptII/ptolemy/actor/lib/test/auto/PublisherClassParameter.xml (RunModel)" time="0.025" />
  <testcase classname="ptolemy.util.test.junit.AutoTests" name="[259] /home/travis/build/icyphy/ptII/ptolemy/actor/lib/test/auto/PublisherNonStrictTest.xml (RunModel)" time="0.017" />
  <testcase classname="ptolemy.util.test.junit.AutoTests" name="[260] /home/travis/build/icyphy/ptII/ptolemy/actor/lib/test/auto/PublisherPort1.xml (RunModel)" time="0.013" />
  <testcase classname="ptolemy.util.test.junit.AutoTests" name="[261] /home/travis/build/icyphy/ptII/ptolemy/actor/lib/test/auto/PublisherPort2.xml (RunModel)" time="0.009" />
  <testcase classname="ptolemy.util.test.junit.AutoTests" name="[262] /home/travis/build/icyphy/ptII/ptolemy/actor/lib/test/auto/PublisherPort3.xml (RunModel)" time="0.013" />
  <testcase classname="ptolemy.util.test.junit.AutoTests" name="[263] /home/travis/build/icyphy/ptII/ptolemy/actor/lib/test/auto/PublisherPort4.xml (RunModel)" time="0.013" />
  <testcase classname="ptolemy.util.test.junit.AutoTests" name="[264] /home/travis/build/icyphy/ptII/ptolemy/actor/lib/test/auto/PublisherPort5.xml (RunModel)" time="0.029" />
  <testcase classname="ptolemy.util.test.junit.AutoTests" name="[265] /home/travis/build/icyphy/ptII/ptolemy/actor/lib/test/auto/PublisherPort5LookAlike.xml (RunModel)" time="0.035" />
  <testcase classname="ptolemy.util.test.junit.AutoTests" name="[266] /home/travis/build/icyphy/ptII/ptolemy/actor/lib/test/auto/PublisherPort6.xml (RunModel)" time="0.017" />
  <testcase classname="ptolemy.util.test.junit.AutoTests" name="[267] /home/travis/build/icyphy/ptII/ptolemy/actor/lib/test/auto/PublisherPort7.xml (RunModel)" time="0.019" />
  <testcase classname="ptolemy.util.test.junit.AutoTests" name="[268] /home/travis/build/icyphy/ptII/ptolemy/actor/lib/test/auto/PublisherPort8.xml (RunModel)" time="0.03" />
  <testcase classname="ptolemy.util.test.junit.AutoTests" name="[269] /home/travis/build/icyphy/ptII/ptolemy/actor/lib/test/auto/PublisherPortSubscriberChannelVariablesAOC2.xml (RunModel)" time="0.037" />
  <testcase classname="ptolemy.util.test.junit.AutoTests" name="[270] /home/travis/build/icyphy/ptII/ptolemy/actor/lib/test/auto/PublisherPortSubscriberOpaqueWidthInference.xml (RunModel)" time="0.04" />
  <testcase classname="ptolemy.util.test.junit.AutoTests" name="[271] /home/travis/build/icyphy/ptII/ptolemy/actor/lib/test/auto/PublisherPortSubscriberPortAdjacent.xml (RunModel)" time="0.023" />
  <testcase classname="ptolemy.util.test.junit.AutoTests" name="[272] /home/travis/build/icyphy/ptII/ptolemy/actor/lib/test/auto/PublisherPortSubscriberPortExpression.xml (RunModel)" time="0.022" />
  <testcase classname="ptolemy.util.test.junit.AutoTests" name="[273] /home/travis/build/icyphy/ptII/ptolemy/actor/lib/test/auto/PublisherPortSubscriberPortOpaqueD3Reverse.xml (RunModel)" time="0.023" />
  <testcase classname="ptolemy.util.test.junit.AutoTests" name="[274] /home/travis/build/icyphy/ptII/ptolemy/actor/lib/test/auto/PublisherPortSubscriberPortOpaqueWidthInference.xml (RunModel)" time="0.031" />
  <testcase classname="ptolemy.util.test.junit.AutoTests" name="[275] /home/travis/build/icyphy/ptII/ptolemy/actor/lib/test/auto/PublisherPortToplevelSubscriberPortAOC.xml (RunModel)" time="0.013" />
  <testcase classname="ptolemy.util.test.junit.AutoTests" name="[276] /home/travis/build/icyphy/ptII/ptolemy/actor/lib/test/auto/PublisherSubscriber.xml (RunModel)" time="0.017" />
  <testcase classname="ptolemy.util.test.junit.AutoTests" name="[277] /home/travis/build/icyphy/ptII/ptolemy/actor/lib/test/auto/PublisherSubscriber10.xml (RunModel)" time="0.026" />
  <testcase classname="ptolemy.util.test.junit.AutoTests" name="[278] /home/travis/build/icyphy/ptII/ptolemy/actor/lib/test/auto/PublisherSubscriber10InitialOutputs.xml (RunModel)" time="0.037" />
  <testcase classname="ptolemy.util.test.junit.AutoTests" name="[279] /home/travis/build/icyphy/ptII/ptolemy/actor/lib/test/auto/PublisherSubscriber11.xml (RunModel)" time="0.022" />
  <testcase classname="ptolemy.util.test.junit.AutoTests" name="[280] /home/travis/build/icyphy/ptII/ptolemy/actor/lib/test/auto/PublisherSubscriber12.xml (RunModel)" time="0.018" />
  <testcase classname="ptolemy.util.test.junit.AutoTests" name="[281] /home/travis/build/icyphy/ptII/ptolemy/actor/lib/test/auto/PublisherSubscriber13.xml (RunModel)" time="0.011" />
  <testcase classname="ptolemy.util.test.junit.AutoTests" name="[282] /home/travis/build/icyphy/ptII/ptolemy/actor/lib/test/auto/PublisherSubscriber14.xml (RunModel)" time="0.025" />
  <testcase classname="ptolemy.util.test.junit.AutoTests" name="[283] /home/travis/build/icyphy/ptII/ptolemy/actor/lib/test/auto/PublisherSubscriber2.xml (RunModel)" time="0.012" />
  <testcase classname="ptolemy.util.test.junit.AutoTests" name="[284] /home/travis/build/icyphy/ptII/ptolemy/actor/lib/test/auto/PublisherSubscriber3.xml (RunModel)" time="0.011" />
  <testcase classname="ptolemy.util.test.junit.AutoTests" name="[285] /home/travis/build/icyphy/ptII/ptolemy/actor/lib/test/auto/PublisherSubscriber4.xml (RunModel)" time="0.01" />
  <testcase classname="ptolemy.util.test.junit.AutoTests" name="[286] /home/travis/build/icyphy/ptII/ptolemy/actor/lib/test/auto/PublisherSubscriber5.xml (RunModel)" time="0.013" />
  <testcase classname="ptolemy.util.test.junit.AutoTests" name="[287] /home/travis/build/icyphy/ptII/ptolemy/actor/lib/test/auto/PublisherSubscriber6.xml (RunModel)" time="0.014" />
  <testcase classname="ptolemy.util.test.junit.AutoTests" name="[288] /home/travis/build/icyphy/ptII/ptolemy/actor/lib/test/auto/PublisherSubscriber7.xml (RunModel)" time="0.021" />
  <testcase classname="ptolemy.util.test.junit.AutoTests" name="[289] /home/travis/build/icyphy/ptII/ptolemy/actor/lib/test/auto/PublisherSubscriber8.xml (RunModel)" time="0.034" />
  <testcase classname="ptolemy.util.test.junit.AutoTests" name="[290] /home/travis/build/icyphy/ptII/ptolemy/actor/lib/test/auto/PublisherSubscriber9.xml (RunModel)" time="0.019" />
  <testcase classname="ptolemy.util.test.junit.AutoTests" name="[291] /home/travis/build/icyphy/ptII/ptolemy/actor/lib/test/auto/PublisherSubscriberAdjacent.xml (RunModel)" time="0.02" />
  <testcase classname="ptolemy.util.test.junit.AutoTests" name="[292] /home/travis/build/icyphy/ptII/ptolemy/actor/lib/test/auto/PublisherSubscriberChannelVariablesAOC2.xml (RunModel)" time="0.034" />
  <testcase classname="ptolemy.util.test.junit.AutoTests" name="[293] /home/travis/build/icyphy/ptII/ptolemy/actor/lib/test/auto/PublisherSubscriberD3.xml (RunModel)" time="0.016" />
  <testcase classname="ptolemy.util.test.junit.AutoTests" name="[294] /home/travis/build/icyphy/ptII/ptolemy/actor/lib/test/auto/PublisherSubscriberD3Reverse.xml (RunModel)" time="0.013" />
  <testcase classname="ptolemy.util.test.junit.AutoTests" name="[295] /home/travis/build/icyphy/ptII/ptolemy/actor/lib/test/auto/PublisherSubscriberExpression.xml (RunModel)" time="0.022" />
  <testcase classname="ptolemy.util.test.junit.AutoTests" name="[296] /home/travis/build/icyphy/ptII/ptolemy/actor/lib/test/auto/PublisherSubscriberOpaque.xml (RunModel)" time="0.015" />
  <testcase classname="ptolemy.util.test.junit.AutoTests" name="[297] /home/travis/build/icyphy/ptII/ptolemy/actor/lib/test/auto/PublisherSubscriberOpaqueD3.xml (RunModel)" time="0.022" />
  <testcase classname="ptolemy.util.test.junit.AutoTests" name="[298] /home/travis/build/icyphy/ptII/ptolemy/actor/lib/test/auto/PublisherSubscriberOpaqueD3Reverse.xml (RunModel)" time="0.023" />
  <testcase classname="ptolemy.util.test.junit.AutoTests" name="[299] /home/travis/build/icyphy/ptII/ptolemy/actor/lib/test/auto/PublisherSubscriberOpaqueWidthInference.xml (RunModel)" time="0.016" />
  <testcase classname="ptolemy.util.test.junit.AutoTests" name="[300] /home/travis/build/icyphy/ptII/ptolemy/actor/lib/test/auto/PublisherTestSubscriber.xml (RunModel)" time="0.016" />
  <testcase classname="ptolemy.util.test.junit.AutoTests" name="[301] /home/travis/build/icyphy/ptII/ptolemy/actor/lib/test/auto/PublisherToplevelSubscriberPortAOC.xml (RunModel)" time="0.029" />
  <testcase classname="ptolemy.util.test.junit.AutoTests" name="[302] /home/travis/build/icyphy/ptII/ptolemy/actor/lib/test/auto/PulseFiringLimitDE.xml (RunModel)" time="0.016" />
  <testcase classname="ptolemy.util.test.junit.AutoTests" name="[303] /home/travis/build/icyphy/ptII/ptolemy/actor/lib/test/auto/Ramp1.xml (RunModel)" time="0.006" />
  <testcase classname="ptolemy.util.test.junit.AutoTests" name="[304] /home/travis/build/icyphy/ptII/ptolemy/actor/lib/test/auto/RampFiringLimitDE.xml (RunModel)" time="0.013" />
  <testcase classname="ptolemy.util.test.junit.AutoTests" name="[305] /home/travis/build/icyphy/ptII/ptolemy/actor/lib/test/auto/RampFiringLimitSDF.xml (RunModel)" time="0.011" />
  <testcase classname="ptolemy.util.test.junit.AutoTests" name="[306] /home/travis/build/icyphy/ptII/ptolemy/actor/lib/test/auto/RandomInteger.xml (RunModel)" time="0.01" />
  <testcase classname="ptolemy.util.test.junit.AutoTests" name="[307] /home/travis/build/icyphy/ptII/ptolemy/actor/lib/test/auto/ReadFile1.xml (RunModel)" time="0.008" />
  <testcase classname="ptolemy.util.test.junit.AutoTests" name="[308] /home/travis/build/icyphy/ptII/ptolemy/actor/lib/test/auto/ReadFile2.xml (RunModel)" time="0.008" />
  <testcase classname="ptolemy.util.test.junit.AutoTests" name="[309] /home/travis/build/icyphy/ptII/ptolemy/actor/lib/test/auto/Reader.xml (RunModel)" time="0.01" />
  <testcase classname="ptolemy.util.test.junit.AutoTests" name="[310] /home/travis/build/icyphy/ptII/ptolemy/actor/lib/test/auto/RecordAssemblerDisplayNameTest.xml (RunModel)" time="3.886" />
  <testcase classname="ptolemy.util.test.junit.AutoTests" name="[311] /home/travis/build/icyphy/ptII/ptolemy/actor/lib/test/auto/RecordAssemblerTypeError.xml (RunModel)" time="0.034" />
  <testcase classname="ptolemy.util.test.junit.AutoTests" name="[312] /home/travis/build/icyphy/ptII/ptolemy/actor/lib/test/auto/RecordDisassember.xml (RunModel)" time="0.015" />
  <testcase classname="ptolemy.util.test.junit.AutoTests" name="[313] /home/travis/build/icyphy/ptII/ptolemy/actor/lib/test/auto/RecordDisassemberDisplayNameTest.xml (RunModel)" time="0.016" />
  <testcase classname="ptolemy.util.test.junit.AutoTests" name="[314] /home/travis/build/icyphy/ptII/ptolemy/actor/lib/test/auto/RecordDisassembler.xml (RunModel)" time="0.011" />
  <testcase classname="ptolemy.util.test.junit.AutoTests" name="[315] /home/travis/build/icyphy/ptII/ptolemy/actor/lib/test/auto/RecordDisassembler2.xml (RunModel)" time="0.01" />
  <testcase classname="ptolemy.util.test.junit.AutoTests" name="[316] /home/travis/build/icyphy/ptII/ptolemy/actor/lib/test/auto/RecordUpdater.xml (RunModel)" time="0.009" />
  <testcase classname="ptolemy.util.test.junit.AutoTests" name="[317] /home/travis/build/icyphy/ptII/ptolemy/actor/lib/test/auto/RecordUpdater2.xml (RunModel)" time="0.01" />
  <testcase classname="ptolemy.util.test.junit.AutoTests" name="[318] /home/travis/build/icyphy/ptII/ptolemy/actor/lib/test/auto/RecursiveLattice.xml (RunModel)" time="0.008" />
  <testcase classname="ptolemy.util.test.junit.AutoTests" name="[319] /home/travis/build/icyphy/ptII/ptolemy/actor/lib/test/auto/Router.xml (RunModel)" time="3.025" />
  <testcase classname="ptolemy.util.test.junit.AutoTests" name="[320] /home/travis/build/icyphy/ptII/ptolemy/actor/lib/test/auto/Router2.xml (RunModel)" time="3.035" />
  <testcase classname="ptolemy.util.test.junit.AutoTests" name="[321] /home/travis/build/icyphy/ptII/ptolemy/actor/lib/test/auto/RunningMaximum.xml (RunModel)" time="0.021" />
  <testcase classname="ptolemy.util.test.junit.AutoTests" name="[322] /home/travis/build/icyphy/ptII/ptolemy/actor/lib/test/auto/RunningMinimum.xml (RunModel)" time="0.01" />
  <testcase classname="ptolemy.util.test.junit.AutoTests" name="[323] /home/travis/build/icyphy/ptII/ptolemy/actor/lib/test/auto/Scale.xml (RunModel)" time="0.006" />
  <testcase classname="ptolemy.util.test.junit.AutoTests" name="[324] /home/travis/build/icyphy/ptII/ptolemy/actor/lib/test/auto/Scale2.xml (RunModel)" time="0.009" />
  <testcase classname="ptolemy.util.test.junit.AutoTests" name="[325] /home/travis/build/icyphy/ptII/ptolemy/actor/lib/test/auto/Scale3.xml (RunModel)" time="0.012" />
  <testcase classname="ptolemy.util.test.junit.AutoTests" name="[326] /home/travis/build/icyphy/ptII/ptolemy/actor/lib/test/auto/ScaleArray.xml (RunModel)" time="0.007" />
  <testcase classname="ptolemy.util.test.junit.AutoTests" name="[327] /home/travis/build/icyphy/ptII/ptolemy/actor/lib/test/auto/ScaleArray2.xml (RunModel)" time="0.008" />
  <testcase classname="ptolemy.util.test.junit.AutoTests" name="[328] /home/travis/build/icyphy/ptII/ptolemy/actor/lib/test/auto/ScaleMatrix.xml (RunModel)" time="0.156" />
  <testcase classname="ptolemy.util.test.junit.AutoTests" name="[329] /home/travis/build/icyphy/ptII/ptolemy/actor/lib/test/auto/Select.xml (RunModel)" time="0.014" />
  <testcase classname="ptolemy.util.test.junit.AutoTests" name="[330] /home/travis/build/icyphy/ptII/ptolemy/actor/lib/test/auto/Select2.xml (RunModel)" time="0.008" />
  <testcase classname="ptolemy.util.test.junit.AutoTests" name="[331] /home/travis/build/icyphy/ptII/ptolemy/actor/lib/test/auto/SequenceToArray2.xml (RunModel)" time="0.141" />
  <testcase classname="ptolemy.util.test.junit.AutoTests" name="[332] /home/travis/build/icyphy/ptII/ptolemy/actor/lib/test/auto/SequentialClock.xml (RunModel)" time="0.009" />
  <testcase classname="ptolemy.util.test.junit.AutoTests" name="[333] /home/travis/build/icyphy/ptII/ptolemy/actor/lib/test/auto/SetVariable.xml (RunModel)" time="0.01" />
  <testcase classname="ptolemy.util.test.junit.AutoTests" name="[334] /home/travis/build/icyphy/ptII/ptolemy/actor/lib/test/auto/SetVariable2.xml (RunModel)" time="0.011" />
  <testcase classname="ptolemy.util.test.junit.AutoTests" name="[335] /home/travis/build/icyphy/ptII/ptolemy/actor/lib/test/auto/SetVariable3.xml (RunModel)" time="0.015" />
  <testcase classname="ptolemy.util.test.junit.AutoTests" name="[336] /home/travis/build/icyphy/ptII/ptolemy/actor/lib/test/auto/SetVariable4.xml (RunModel)" time="0.026" />
  <testcase classname="ptolemy.util.test.junit.AutoTests" name="[337] /home/travis/build/icyphy/ptII/ptolemy/actor/lib/test/auto/SetVariable5.xml (RunModel)" time="0.035" />
  <testcase classname="ptolemy.util.test.junit.AutoTests" name="[338] /home/travis/build/icyphy/ptII/ptolemy/actor/lib/test/auto/Sinewave.xml (RunModel)" time="0.027" />
  <testcase classname="ptolemy.util.test.junit.AutoTests" name="[339] /home/travis/build/icyphy/ptII/ptolemy/actor/lib/test/auto/Sinewave2.xml (RunModel)" time="0.027" />
  <testcase classname="ptolemy.util.test.junit.AutoTests" name="[340] /home/travis/build/icyphy/ptII/ptolemy/actor/lib/test/auto/Sinewave3.xml (RunModel)" time="0.02" />
  <testcase classname="ptolemy.util.test.junit.AutoTests" name="[341] /home/travis/build/icyphy/ptII/ptolemy/actor/lib/test/auto/SingleEvent.xml (RunModel)" time="0.031" />
  <testcase classname="ptolemy.util.test.junit.AutoTests" name="[342] /home/travis/build/icyphy/ptII/ptolemy/actor/lib/test/auto/Sleep.xml (RunModel)" time="6.022" />
  <testcase classname="ptolemy.util.test.junit.AutoTests" name="[343] /home/travis/build/icyphy/ptII/ptolemy/actor/lib/test/auto/SleepMultipleFire.xml (RunModel)" time="1.019" />
  <testcase classname="ptolemy.util.test.junit.AutoTests" name="[344] /home/travis/build/icyphy/ptII/ptolemy/actor/lib/test/auto/StopDE.xml (RunModel)" time="0.033" />
  <testcase classname="ptolemy.util.test.junit.AutoTests" name="[345] /home/travis/build/icyphy/ptII/ptolemy/actor/lib/test/auto/StopSDF.xml (RunModel)" time="0.015" />
  <testcase classname="ptolemy.util.test.junit.AutoTests" name="[346] /home/travis/build/icyphy/ptII/ptolemy/actor/lib/test/auto/StringConstant.xml (RunModel)" time="0.022" />
  <testcase classname="ptolemy.util.test.junit.AutoTests" name="[347] /home/travis/build/icyphy/ptII/ptolemy/actor/lib/test/auto/SubscriberPortInitialValues1.xml (RunModel)" time="0.035" />
  <testcase classname="ptolemy.util.test.junit.AutoTests" name="[348] /home/travis/build/icyphy/ptII/ptolemy/actor/lib/test/auto/SubscriberPortInitialValues13.xml (RunModel)" time="0.041" />
  <testcase classname="ptolemy.util.test.junit.AutoTests" name="[349] /home/travis/build/icyphy/ptII/ptolemy/actor/lib/test/auto/SubscriberPortInitialValues14.xml (RunModel)" time="0.021" />
  <testcase classname="ptolemy.util.test.junit.AutoTests" name="[350] /home/travis/build/icyphy/ptII/ptolemy/actor/lib/test/auto/SubscriberPortInitialValues2.xml (RunModel)" time="0.021" />
  <testcase classname="ptolemy.util.test.junit.AutoTests" name="[351] /home/travis/build/icyphy/ptII/ptolemy/actor/lib/test/auto/SubscriberPortInitialValues3.xml (RunModel)" time="0.022" />
  <testcase classname="ptolemy.util.test.junit.AutoTests" name="[352] /home/travis/build/icyphy/ptII/ptolemy/actor/lib/test/auto/SubscriptionAggregator.xml (RunModel)" time="0.011" />
  <testcase classname="ptolemy.util.test.junit.AutoTests" name="[353] /home/travis/build/icyphy/ptII/ptolemy/actor/lib/test/auto/SubscriptionAggregator2.xml (RunModel)" time="0.011" />
  <testcase classname="ptolemy.util.test.junit.AutoTests" name="[354] /home/travis/build/icyphy/ptII/ptolemy/actor/lib/test/auto/SubscriptionAggregator3.xml (RunModel)" time="0.016" />
  <testcase classname="ptolemy.util.test.junit.AutoTests" name="[355] /home/travis/build/icyphy/ptII/ptolemy/actor/lib/test/auto/SubscriptionAggregatorMultiply.xml (RunModel)" time="0.016" />
  <testcase classname="ptolemy.util.test.junit.AutoTests" name="[356] /home/travis/build/icyphy/ptII/ptolemy/actor/lib/test/auto/SubscriptionAggregatorPortMultiply1.xml (RunModel)" time="0.013" />
  <testcase classname="ptolemy.util.test.junit.AutoTests" name="[357] /home/travis/build/icyphy/ptII/ptolemy/actor/lib/test/auto/Switch.xml (RunModel)" time="0.016" />
  <testcase classname="ptolemy.util.test.junit.AutoTests" name="[358] /home/travis/build/icyphy/ptII/ptolemy/actor/lib/test/auto/Switch2.xml (RunModel)" time="0.01" />
  <testcase classname="ptolemy.util.test.junit.AutoTests" name="[359] /home/travis/build/icyphy/ptII/ptolemy/actor/lib/test/auto/SwitchDE.xml (RunModel)" time="0.014" />
  <testcase classname="ptolemy.util.test.junit.AutoTests" name="[360] /home/travis/build/icyphy/ptII/ptolemy/actor/lib/test/auto/SynchronizerDE.xml (RunModel)" time="0.021" />
  <testcase classname="ptolemy.util.test.junit.AutoTests" name="[361] /home/travis/build/icyphy/ptII/ptolemy/actor/lib/test/auto/Test.xml (RunModel)" time="0.02" />
  <testcase classname="ptolemy.util.test.junit.AutoTests" name="[362] /home/travis/build/icyphy/ptII/ptolemy/actor/lib/test/auto/TestExceptionAttribute1.xml (RunModel)" time="0.011" />
  <testcase classname="ptolemy.util.test.junit.AutoTests" name="[363] /home/travis/build/icyphy/ptII/ptolemy/actor/lib/test/auto/TestExceptionAttribute2.xml (RunModel)" time="0.007" />
  <testcase classname="ptolemy.util.test.junit.AutoTests" name="[364] /home/travis/build/icyphy/ptII/ptolemy/actor/lib/test/auto/TestExceptionAttribute3.xml (RunModel)" time="0.011" />
  <testcase classname="ptolemy.util.test.junit.AutoTests" name="[365] /home/travis/build/icyphy/ptII/ptolemy/actor/lib/test/auto/TestExceptionAttribute4.xml (RunModel)" time="0.008" />
  <testcase classname="ptolemy.util.test.junit.AutoTests" name="[366] /home/travis/build/icyphy/ptII/ptolemy/actor/lib/test/auto/TestExceptionHandler1.xml (RunModel)" time="0.007" />
  <testcase classname="ptolemy.util.test.junit.AutoTests" name="[367] /home/travis/build/icyphy/ptII/ptolemy/actor/lib/test/auto/TestExceptionHandler2.xml (RunModel)" time="0.008" />
  <testcase classname="ptolemy.util.test.junit.AutoTests" name="[368] /home/travis/build/icyphy/ptII/ptolemy/actor/lib/test/auto/TestExceptionHandler3.xml (RunModel)" time="0.005" />
  <testcase classname="ptolemy.util.test.junit.AutoTests" name="[369] /home/travis/build/icyphy/ptII/ptolemy/actor/lib/test/auto/TestExceptionHandler4.xml (RunModel)" time="0.006" />
  <testcase classname="ptolemy.util.test.junit.AutoTests" name="[370] /home/travis/build/icyphy/ptII/ptolemy/actor/lib/test/auto/TestRequireCorrectOrder.xml (RunModel)" time="0.008" />
  <testcase classname="ptolemy.util.test.junit.AutoTests" name="[371] /home/travis/build/icyphy/ptII/ptolemy/actor/lib/test/auto/TestSimple.xml (RunModel)" time="0.006" />
  <testcase classname="ptolemy.util.test.junit.AutoTests" name="[372] /home/travis/build/icyphy/ptII/ptolemy/actor/lib/test/auto/ThrowModelError.xml (RunModel)" time="0.01" />
  <testcase classname="ptolemy.util.test.junit.AutoTests" name="[373] /home/travis/build/icyphy/ptII/ptolemy/actor/lib/test/auto/TimeDelayMicrosteps.xml (RunModel)" time="0.012" />
  <testcase classname="ptolemy.util.test.junit.AutoTests" name="[374] /home/travis/build/icyphy/ptII/ptolemy/actor/lib/test/auto/TimeDelayMicrosteps2.xml (RunModel)" time="0.019" />
  <testcase classname="ptolemy.util.test.junit.AutoTests" name="[375] /home/travis/build/icyphy/ptII/ptolemy/actor/lib/test/auto/TimeDelayMicrosteps3.xml (RunModel)" time="0.013" />
  <testcase classname="ptolemy.util.test.junit.AutoTests" name="[376] /home/travis/build/icyphy/ptII/ptolemy/actor/lib/test/auto/TimeDelayVariableMicrosteps.xml (RunModel)" time="0.012" />
  <testcase classname="ptolemy.util.test.junit.AutoTests" name="[377] /home/travis/build/icyphy/ptII/ptolemy/actor/lib/test/auto/TimeGap.xml (RunModel)" time="0.038" />
  <testcase classname="ptolemy.util.test.junit.AutoTests" name="[378] /home/travis/build/icyphy/ptII/ptolemy/actor/lib/test/auto/TimeGap2.xml (RunModel)" time="0.012" />
  <testcase classname="ptolemy.util.test.junit.AutoTests" name="[379] /home/travis/build/icyphy/ptII/ptolemy/actor/lib/test/auto/TimedSinewave.xml (RunModel)" time="0.065" />
  <testcase classname="ptolemy.util.test.junit.AutoTests" name="[380] /home/travis/build/icyphy/ptII/ptolemy/actor/lib/test/auto/TimedSinewavePhase.xml (RunModel)" time="0.035" />
  <testcase classname="ptolemy.util.test.junit.AutoTests" name="[381] /home/travis/build/icyphy/ptII/ptolemy/actor/lib/test/auto/Timer.xml (RunModel)" time="0.016" />
  <testcase classname="ptolemy.util.test.junit.AutoTests" name="[382] /home/travis/build/icyphy/ptII/ptolemy/actor/lib/test/auto/TriangularDistTestModel.xml (RunModel)" time="0.016" />
  <testcase classname="ptolemy.util.test.junit.AutoTests" name="[383] /home/travis/build/icyphy/ptII/ptolemy/actor/lib/test/auto/TrigFunction.xml (RunModel)" time="0.008" />
  <testcase classname="ptolemy.util.test.junit.AutoTests" name="[384] /home/travis/build/icyphy/ptII/ptolemy/actor/lib/test/auto/TrigFunctionDE.xml (RunModel)" time="0.01" />
  <testcase classname="ptolemy.util.test.junit.AutoTests" name="[385] /home/travis/build/icyphy/ptII/ptolemy/actor/lib/test/auto/TrigFunctionInverse.xml (RunModel)" time="0.01" />
  <testcase classname="ptolemy.util.test.junit.AutoTests" name="[386] /home/travis/build/icyphy/ptII/ptolemy/actor/lib/test/auto/TrigFunctionTan.xml (RunModel)" time="0.008" />
  <testcase classname="ptolemy.util.test.junit.AutoTests" name="[387] /home/travis/build/icyphy/ptII/ptolemy/actor/lib/test/auto/TriggeredClock.xml (RunModel)" time="0.008" />
  <testcase classname="ptolemy.util.test.junit.AutoTests" name="[388] /home/travis/build/icyphy/ptII/ptolemy/actor/lib/test/auto/URLDirectoryReader.xml (RunModel)" time="0.11" />
  <testcase classname="ptolemy.util.test.junit.AutoTests" name="[389] /home/travis/build/icyphy/ptII/ptolemy/actor/lib/test/auto/URLDirectoryReader3.xml (RunModel)" time="1.384" />
  <testcase classname="ptolemy.util.test.junit.AutoTests" name="[390] /home/travis/build/icyphy/ptII/ptolemy/actor/lib/test/auto/UnaryMathFunction.xml (RunModel)" time="0.047" />
  <testcase classname="ptolemy.util.test.junit.AutoTests" name="[391] /home/travis/build/icyphy/ptII/ptolemy/actor/lib/test/auto/Uniform.xml (RunModel)" time="0.011" />
  <testcase classname="ptolemy.util.test.junit.AutoTests" name="[392] /home/travis/build/icyphy/ptII/ptolemy/actor/lib/test/auto/UnionDisassemblerTest.xml (RunModel)" time="0.016" />
  <testcase classname="ptolemy.util.test.junit.AutoTests" name="[393] /home/travis/build/icyphy/ptII/ptolemy/actor/lib/test/auto/UtilityFunctions.xml (RunModel)" time="0.006" />
  <testcase classname="ptolemy.util.test.junit.AutoTests" name="[394] /home/travis/build/icyphy/ptII/ptolemy/actor/lib/test/auto/VariableSleep.xml (RunModel)" time="0.512" />
  <testcase classname="ptolemy.util.test.junit.AutoTests" name="[395] /home/travis/build/icyphy/ptII/ptolemy/actor/lib/test/auto/VectorAssemblerDisassemblerCT.xml (RunModel)" time="0.13" />
  <testcase classname="ptolemy.util.test.junit.AutoTests" name="[396] /home/travis/build/icyphy/ptII/ptolemy/actor/lib/test/auto/VectorAssemblerDisassemblerDE.xml (RunModel)" time="0.013" />
  <testcase classname="ptolemy.util.test.junit.AutoTests" name="[397] /home/travis/build/icyphy/ptII/ptolemy/actor/lib/test/auto/VectorAssemblerDisassemblerSDF.xml (RunModel)" time="0.012" />
  <testcase classname="ptolemy.util.test.junit.AutoTests" name="[398] /home/travis/build/icyphy/ptII/ptolemy/actor/lib/test/auto/WallClockTime.xml (RunModel)" time="1.013" />
  <testcase classname="ptolemy.util.test.junit.AutoTests" name="[399] /home/travis/build/icyphy/ptII/ptolemy/actor/lib/test/auto/WidthTestWithSubscriberPublisher.xml (RunModel)" time="0.046" />
  <testcase classname="ptolemy.util.test.junit.AutoTests" name="[400] /home/travis/build/icyphy/ptII/ptolemy/actor/lib/test/auto/WidthTestWithSubscriberPublisher2.xml (RunModel)" time="0.016" />
  <testcase classname="ptolemy.util.test.junit.AutoTests" name="[401] /home/travis/build/icyphy/ptII/ptolemy/actor/lib/test/auto/WidthTestWithSubscriberPublisher3.xml (RunModel)" time="0.02" />
  <testcase classname="ptolemy.util.test.junit.AutoTests" name="[402] /home/travis/build/icyphy/ptII/ptolemy/actor/lib/test/auto/Writer.xml (RunModel)" time="0.01" />
  <testcase classname="ptolemy.util.test.junit.AutoTests" name="[403] /home/travis/build/icyphy/ptII/ptolemy/actor/lib/test/auto/array.xml (RunModel)" time="0.011" />
  <testcase classname="ptolemy.util.test.junit.AutoTests" name="[404] /home/travis/build/icyphy/ptII/ptolemy/actor/lib/test/auto/array2.xml (RunModel)" time="0.031" />
  <testcase classname="ptolemy.util.test.junit.AutoTests" name="[405] /home/travis/build/icyphy/ptII/ptolemy/actor/lib/test/auto/arrayType.xml (RunModel)" time="0.02" />
  <testcase classname="ptolemy.util.test.junit.AutoTests" name="[406] /home/travis/build/icyphy/ptII/ptolemy/actor/lib/test/auto/arrayType10.xml (RunModel)" time="0.03" />
  <testcase classname="ptolemy.util.test.junit.AutoTests" name="[407] /home/travis/build/icyphy/ptII/ptolemy/actor/lib/test/auto/arrayType11.xml (RunModel)" time="0.009" />
  <testcase classname="ptolemy.util.test.junit.AutoTests" name="[408] /home/travis/build/icyphy/ptII/ptolemy/actor/lib/test/auto/arrayType12.xml (RunModel)" time="0.011" />
  <testcase classname="ptolemy.util.test.junit.AutoTests" name="[409] /home/travis/build/icyphy/ptII/ptolemy/actor/lib/test/auto/arrayType13.xml (RunModel)" time="0.01" />
  <testcase classname="ptolemy.util.test.junit.AutoTests" name="[410] /home/travis/build/icyphy/ptII/ptolemy/actor/lib/test/auto/arrayType14.xml (RunModel)" time="0.01" />
  <testcase classname="ptolemy.util.test.junit.AutoTests" name="[411] /home/travis/build/icyphy/ptII/ptolemy/actor/lib/test/auto/arrayType15.xml (RunModel)" time="0.011" />
  <testcase classname="ptolemy.util.test.junit.AutoTests" name="[412] /home/travis/build/icyphy/ptII/ptolemy/actor/lib/test/auto/arrayType16.xml (RunModel)" time="0.009" />
  <testcase classname="ptolemy.util.test.junit.AutoTests" name="[413] /home/travis/build/icyphy/ptII/ptolemy/actor/lib/test/auto/arrayType17.xml (RunModel)" time="0.011" />
  <testcase classname="ptolemy.util.test.junit.AutoTests" name="[414] /home/travis/build/icyphy/ptII/ptolemy/actor/lib/test/auto/arrayType18.xml (RunModel)" time="0.009" />
  <testcase classname="ptolemy.util.test.junit.AutoTests" name="[415] /home/travis/build/icyphy/ptII/ptolemy/actor/lib/test/auto/arrayType19.xml (RunModel)" time="0.009" />
  <testcase classname="ptolemy.util.test.junit.AutoTests" name="[416] /home/travis/build/icyphy/ptII/ptolemy/actor/lib/test/auto/arrayType2.xml (RunModel)" time="0.009" />
  <testcase classname="ptolemy.util.test.junit.AutoTests" name="[417] /home/travis/build/icyphy/ptII/ptolemy/actor/lib/test/auto/arrayType20.xml (RunModel)" time="0.009" />
  <testcase classname="ptolemy.util.test.junit.AutoTests" name="[418] /home/travis/build/icyphy/ptII/ptolemy/actor/lib/test/auto/arrayType21.xml (RunModel)" time="0.009" />
  <testcase classname="ptolemy.util.test.junit.AutoTests" name="[419] /home/travis/build/icyphy/ptII/ptolemy/actor/lib/test/auto/arrayType22.xml (RunModel)" time="0.009" />
  <testcase classname="ptolemy.util.test.junit.AutoTests" name="[420] /home/travis/build/icyphy/ptII/ptolemy/actor/lib/test/auto/arrayType23.xml (RunModel)" time="0.01" />
  <testcase classname="ptolemy.util.test.junit.AutoTests" name="[421] /home/travis/build/icyphy/ptII/ptolemy/actor/lib/test/auto/arrayType24.xml (RunModel)" time="0.009" />
  <testcase classname="ptolemy.util.test.junit.AutoTests" name="[422] /home/travis/build/icyphy/ptII/ptolemy/actor/lib/test/auto/arrayType25.xml (RunModel)" time="0.009" />
  <testcase classname="ptolemy.util.test.junit.AutoTests" name="[423] /home/travis/build/icyphy/ptII/ptolemy/actor/lib/test/auto/arrayType26.xml (RunModel)" time="0.01" />
  <testcase classname="ptolemy.util.test.junit.AutoTests" name="[424] /home/travis/build/icyphy/ptII/ptolemy/actor/lib/test/auto/arrayType27.xml (RunModel)" time="0.012" />
  <testcase classname="ptolemy.util.test.junit.AutoTests" name="[425] /home/travis/build/icyphy/ptII/ptolemy/actor/lib/test/auto/arrayType28.xml (RunModel)" time="0.012" />
  <testcase classname="ptolemy.util.test.junit.AutoTests" name="[426] /home/travis/build/icyphy/ptII/ptolemy/actor/lib/test/auto/arrayType3.xml (RunModel)" time="0.009" />
  <testcase classname="ptolemy.util.test.junit.AutoTests" name="[427] /home/travis/build/icyphy/ptII/ptolemy/actor/lib/test/auto/arrayType4.xml (RunModel)" time="0.01" />
  <testcase classname="ptolemy.util.test.junit.AutoTests" name="[428] /home/travis/build/icyphy/ptII/ptolemy/actor/lib/test/auto/arrayType5.xml (RunModel)" time="0.009" />
  <testcase classname="ptolemy.util.test.junit.AutoTests" name="[429] /home/travis/build/icyphy/ptII/ptolemy/actor/lib/test/auto/arrayType6.xml (RunModel)" time="0.009" />
  <testcase classname="ptolemy.util.test.junit.AutoTests" name="[430] /home/travis/build/icyphy/ptII/ptolemy/actor/lib/test/auto/arrayType7.xml (RunModel)" time="0.009" />
  <testcase classname="ptolemy.util.test.junit.AutoTests" name="[431] /home/travis/build/icyphy/ptII/ptolemy/actor/lib/test/auto/arrayType8.xml (RunModel)" time="0.018" />
  <testcase classname="ptolemy.util.test.junit.AutoTests" name="[432] /home/travis/build/icyphy/ptII/ptolemy/actor/lib/test/auto/arrayType9.xml (RunModel)" time="0.017" />
  <testcase classname="ptolemy.util.test.junit.AutoTests" name="[433] /home/travis/build/icyphy/ptII/ptolemy/actor/lib/test/auto/cast.xml (RunModel)" time="0.03" />
  <testcase classname="ptolemy.util.test.junit.AutoTests" name="[434] /home/travis/build/icyphy/ptII/ptolemy/actor/lib/test/auto/compositeMultiPort.xml (RunModel)" time="0.057" />
  <testcase classname="ptolemy.util.test.junit.AutoTests" name="[435] /home/travis/build/icyphy/ptII/ptolemy/actor/lib/test/auto/expressionCastInference.xml (RunModel)" time="0.043" />
  <testcase classname="ptolemy.util.test.junit.AutoTests" name="[436] /home/travis/build/icyphy/ptII/ptolemy/actor/lib/test/auto/expressionCastInference2.xml (RunModel)" time="0.079" />
  <testcase classname="ptolemy.util.test.junit.AutoTests" name="[437] /home/travis/build/icyphy/ptII/ptolemy/actor/lib/test/auto/expressionInference.xml (RunModel)" time="0.032" />
  <testcase classname="ptolemy.util.test.junit.AutoTests" name="[438] /home/travis/build/icyphy/ptII/ptolemy/actor/lib/test/auto/expression_bug.xml (RunModel)" time="0.035" />
  <testcase classname="ptolemy.util.test.junit.AutoTests" name="[439] /home/travis/build/icyphy/ptII/ptolemy/actor/lib/test/auto/factorial.xml (RunModel)" time="0.052" />
  <testcase classname="ptolemy.util.test.junit.AutoTests" name="[440] /home/travis/build/icyphy/ptII/ptolemy/actor/lib/test/auto/filterTest1.xml (RunModel)" time="0.013" />
  <testcase classname="ptolemy.util.test.junit.AutoTests" name="[441] /home/travis/build/icyphy/ptII/ptolemy/actor/lib/test/auto/funcApplyInConst.xml (RunModel)" time="0.007" />
  <testcase classname="ptolemy.util.test.junit.AutoTests" name="[442] /home/travis/build/icyphy/ptII/ptolemy/actor/lib/test/auto/funcApplyInExpr.xml (RunModel)" time="0.006" />
  <testcase classname="ptolemy.util.test.junit.AutoTests" name="[443] /home/travis/build/icyphy/ptII/ptolemy/actor/lib/test/auto/function.xml (RunModel)" time="0.019" />
  <testcase classname="ptolemy.util.test.junit.AutoTests" name="[444] /home/travis/build/icyphy/ptII/ptolemy/actor/lib/test/auto/function2.xml (RunModel)" time="0.009" />
  <testcase classname="ptolemy.util.test.junit.AutoTests" name="[445] /home/travis/build/icyphy/ptII/ptolemy/actor/lib/test/auto/function3.xml (RunModel)" time="0.007" />
  <testcase classname="ptolemy.util.test.junit.AutoTests" name="[446] /home/travis/build/icyphy/ptII/ptolemy/actor/lib/test/auto/functionClosureTest1.xml (RunModel)" time="0.011" />
  <testcase classname="ptolemy.util.test.junit.AutoTests" name="[447] /home/travis/build/icyphy/ptII/ptolemy/actor/lib/test/auto/functionClosureTest2.xml (RunModel)" time="0.006" />
  <testcase classname="ptolemy.util.test.junit.AutoTests" name="[448] /home/travis/build/icyphy/ptII/ptolemy/actor/lib/test/auto/functionClosureTest3.xml (RunModel)" time="0.009" />
  <testcase classname="ptolemy.util.test.junit.AutoTests" name="[449] /home/travis/build/icyphy/ptII/ptolemy/actor/lib/test/auto/functionClosureTest4.xml (RunModel)" time="0.014" />
  <testcase classname="ptolemy.util.test.junit.AutoTests" name="[450] /home/travis/build/icyphy/ptII/ptolemy/actor/lib/test/auto/functionClosureTest5.xml (RunModel)" time="0.012" />
  <testcase classname="ptolemy.util.test.junit.AutoTests" name="[451] /home/travis/build/icyphy/ptII/ptolemy/actor/lib/test/auto/functionClosureTest6.xml (RunModel)" time="0.008" />
  <testcase classname="ptolemy.util.test.junit.AutoTests" name="[452] /home/travis/build/icyphy/ptII/ptolemy/actor/lib/test/auto/functionsOnArcs.xml (RunModel)" time="0.013" />
  <testcase classname="ptolemy.util.test.junit.AutoTests" name="[453] /home/travis/build/icyphy/ptII/ptolemy/actor/lib/test/auto/functionsOnArcsHOF.xml (RunModel)" time="0.012" />
  <testcase classname="ptolemy.util.test.junit.AutoTests" name="[454] /home/travis/build/icyphy/ptII/ptolemy/actor/lib/test/auto/logic.xml (RunModel)" time="0.018" />
  <testcase classname="ptolemy.util.test.junit.AutoTests" name="[455] /home/travis/build/icyphy/ptII/ptolemy/actor/lib/test/auto/matrixType.xml (RunModel)" time="0.009" />
  <testcase classname="ptolemy.util.test.junit.AutoTests" name="[456] /home/travis/build/icyphy/ptII/ptolemy/actor/lib/test/auto/matrixType10.xml (RunModel)" time="0.009" />
  <testcase classname="ptolemy.util.test.junit.AutoTests" name="[457] /home/travis/build/icyphy/ptII/ptolemy/actor/lib/test/auto/matrixType11.xml (RunModel)" time="0.008" />
  <testcase classname="ptolemy.util.test.junit.AutoTests" name="[458] /home/travis/build/icyphy/ptII/ptolemy/actor/lib/test/auto/matrixType12.xml (RunModel)" time="0.012" />
  <testcase classname="ptolemy.util.test.junit.AutoTests" name="[459] /home/travis/build/icyphy/ptII/ptolemy/actor/lib/test/auto/matrixType13.xml (RunModel)" time="0.009" />
  <testcase classname="ptolemy.util.test.junit.AutoTests" name="[460] /home/travis/build/icyphy/ptII/ptolemy/actor/lib/test/auto/matrixType14.xml (RunModel)" time="0.011" />
  <testcase classname="ptolemy.util.test.junit.AutoTests" name="[461] /home/travis/build/icyphy/ptII/ptolemy/actor/lib/test/auto/matrixType2.xml (RunModel)" time="0.009" />
  <testcase classname="ptolemy.util.test.junit.AutoTests" name="[462] /home/travis/build/icyphy/ptII/ptolemy/actor/lib/test/auto/matrixType3.xml (RunModel)" time="0.011" />
  <testcase classname="ptolemy.util.test.junit.AutoTests" name="[463] /home/travis/build/icyphy/ptII/ptolemy/actor/lib/test/auto/matrixType4.xml (RunModel)" time="0.008" />
  <testcase classname="ptolemy.util.test.junit.AutoTests" name="[464] /home/travis/build/icyphy/ptII/ptolemy/actor/lib/test/auto/matrixType5.xml (RunModel)" time="0.008" />
  <testcase classname="ptolemy.util.test.junit.AutoTests" name="[465] /home/travis/build/icyphy/ptII/ptolemy/actor/lib/test/auto/matrixType6.xml (RunModel)" time="0.008" />
  <testcase classname="ptolemy.util.test.junit.AutoTests" name="[466] /home/travis/build/icyphy/ptII/ptolemy/actor/lib/test/auto/matrixType7.xml (RunModel)" time="0.008" />
  <testcase classname="ptolemy.util.test.junit.AutoTests" name="[467] /home/travis/build/icyphy/ptII/ptolemy/actor/lib/test/auto/matrixType8.xml (RunModel)" time="0.008" />
  <testcase classname="ptolemy.util.test.junit.AutoTests" name="[468] /home/travis/build/icyphy/ptII/ptolemy/actor/lib/test/auto/matrixType9.xml (RunModel)" time="0.008" />
  <testcase classname="ptolemy.util.test.junit.AutoTests" name="[469] /home/travis/build/icyphy/ptII/ptolemy/actor/lib/test/auto/paraFunctest.xml (RunModel)" time="0.007" />
  <testcase classname="ptolemy.util.test.junit.AutoTests" name="[470] /home/travis/build/icyphy/ptII/ptolemy/actor/lib/test/auto/paraFunctest2.xml (RunModel)" time="0.009" />
  <testcase classname="ptolemy.util.test.junit.AutoTests" name="[471] /home/travis/build/icyphy/ptII/ptolemy/actor/lib/test/auto/parameterPassing.xml (RunModel)" time="0.008" />
  <testcase classname="ptolemy.util.test.junit.AutoTests" name="[472] /home/travis/build/icyphy/ptII/ptolemy/actor/lib/test/auto/record.xml (RunModel)" time="0.009" />
  <testcase classname="ptolemy.util.test.junit.AutoTests" name="[473] /home/travis/build/icyphy/ptII/ptolemy/actor/lib/test/auto/sizedarray1.xml (RunModel)" time="0.009" />
  <testcase classname="ptolemy.util.test.junit.AutoTests" name="[474] /home/travis/build/icyphy/ptII/ptolemy/actor/lib/test/auto/sizedarray2.xml (RunModel)" time="0.01" />
  <testcase classname="ptolemy.util.test.junit.AutoTests" name="[475] /home/travis/build/icyphy/ptII/ptolemy/actor/lib/test/auto/twoPublishers.xml (RunModel)" time="0.026" />
  <system-out><![CDATA[/home/travis/build/icyphy/ptII/ptolemy/actor/lib/test/AbsoluteValue.tcl
testDefs.tcl: setting time out to 9000 seconds at Mon Oct 21 06:11:30 UTC 2019
106 ms. Memory: 120832K Free: 85956K (71%)
5 ms. Memory: 120832K Free: 84411K (70%)
5 ms. Memory: 120832K Free: 83394K (69%)
5 ms. Memory: 120832K Free: 82884K (69%)
/home/travis/build/icyphy/ptII/ptolemy/actor/lib/test/AddSubtract.tcl
26 ms. Memory: 120832K Free: 80836K (67%)
14 ms. Memory: 120832K Free: 79812K (66%)
15 ms. Memory: 120832K Free: 79298K (66%)
9 ms. Memory: 120832K Free: 78259K (65%)
42 ms. Memory: 120832K Free: 75716K (63%)
6 ms. Memory: 120832K Free: 74692K (62%)
/home/travis/build/icyphy/ptII/ptolemy/actor/lib/test/Average.tcl
8 ms. Memory: 120832K Free: 73139K (61%)
7 ms. Memory: 120832K Free: 71620K (59%)
/home/travis/build/icyphy/ptII/ptolemy/actor/lib/test/Bernoulli.tcl
10 ms. Memory: 120832K Free: 70067K (58%)
6 ms. Memory: 120832K Free: 70067K (58%)
/home/travis/build/icyphy/ptII/ptolemy/actor/lib/test/Clock.tcl
preinitializing
resolving types
initializing
executing number 1
wrapping up
idle
38 ms. Memory: 120832K Free: 67010K (55%)
Completed execution with 5 iterations
preinitializing
resolving types
initializing
executing number 1
wrapping up
idle
14 ms. Memory: 120832K Free: 66500K (55%)
Completed execution with 5 iterations
preinitializing
resolving types
initializing
executing number 1
wrapping up
idle
4 ms. Memory: 120832K Free: 65986K (55%)
Completed execution with 5 iterations
/home/travis/build/icyphy/ptII/ptolemy/actor/lib/test/Commutator.tcl
15 ms. Memory: 120832K Free: 63938K (53%)
16 ms. Memory: 120832K Free: 62899K (52%)
21 ms. Memory: 120832K Free: 57284K (47%)
/home/travis/build/icyphy/ptII/ptolemy/actor/lib/test/Const.tcl
21 ms. Memory: 120832K Free: 55731K (46%)
2 ms. Memory: 120832K Free: 55236K (46%)
3 ms. Memory: 120832K Free: 54722K (45%)
7 ms. Memory: 120832K Free: 54212K (45%)
6 ms. Memory: 120832K Free: 53188K (44%)
26 ms. Memory: 120832K Free: 51650K (43%)
13 ms. Memory: 120832K Free: 50611K (42%)
8 ms. Memory: 120832K Free: 49602K (41%)
/home/travis/build/icyphy/ptII/ptolemy/actor/lib/test/CurrentTime.tcl
preinitializing
resolving types
initializing
executing number 1
wrapping up
idle
8 ms. Memory: 120832K Free: 48068K (40%)
Completed execution with 11 iterations
/home/travis/build/icyphy/ptII/ptolemy/actor/lib/test/DB.tcl
5 ms. Memory: 120832K Free: 46020K (38%)
28 ms. Memory: 120832K Free: 107064K (89%)
2 ms. Memory: 120832K Free: 106554K (88%)
/home/travis/build/icyphy/ptII/ptolemy/actor/lib/test/DiscreteRandomSource.tcl
preinitializing
resolving types
initializing
executing number 1
wrapping up
idle
4 ms. Memory: 120832K Free: 105530K (87%)
Completed execution with 4 iterations
preinitializing
resolving types
initializing
executing number 1
wrapping up
idle
3 ms. Memory: 120832K Free: 105010K (87%)
Completed execution with 4 iterations
preinitializing
resolving types
initializing
executing number 1
wrapping up
idle
2 ms. Memory: 120832K Free: 103992K (86%)
Completed execution with 4 iterations
preinitializing
resolving types
initializing
executing number 1
wrapping up
idle
2 ms. Memory: 120832K Free: 103992K (86%)
Completed execution with 4 iterations
preinitializing
resolving types
initializing
executing number 1
wrapping up
idle
12 ms. Memory: 120832K Free: 103482K (86%)
Completed execution with 4 iterations
/home/travis/build/icyphy/ptII/ptolemy/actor/lib/test/Distributor.tcl
22 ms. Memory: 120832K Free: 105965K (88%)
12 ms. Memory: 120832K Free: 105430K (87%)
StreamChangeRequest.changeExecuted(): <deleteEntity name="rec2"/> succeeded
StreamChangeRequest.changeExecuted(): <deleteRelation name="r2"/> succeeded
StreamChangeRequest.changeExecuted(): Record firings per iteration succeeded
4 ms. Memory: 120832K Free: 102975K (85%)
/home/travis/build/icyphy/ptII/ptolemy/actor/lib/test/Exit.tcl
Exit.tcl: this will print a message about Manager.exitAfterWrapup, which can be ignored.
11 ms. Memory: 120832K Free: 99718K (83%)
/home/travis/build/icyphy/ptII/ptolemy/actor/lib/test/Expression.tcl
26 ms. Memory: 120832K Free: 96605K (80%)
11 ms. Memory: 120832K Free: 95840K (79%)
3 ms. Memory: 120832K Free: 95182K (79%)
preinitializing
resolving types
initializing
executing number 1
wrapping up
idle
11 ms. Memory: 120832K Free: 93792K (78%)
Completed execution with 6 iterations
4 ms. Memory: 120832K Free: 92768K (77%)
2 ms. Memory: 120832K Free: 92110K (76%)
13 ms. Memory: 120832K Free: 90718K (75%)
7 ms. Memory: 120832K Free: 89679K (74%)
9 ms. Memory: 120832K Free: 88411K (73%)
/home/travis/build/icyphy/ptII/ptolemy/actor/lib/test/Gaussian.tcl
9 ms. Memory: 120832K Free: 105705K (87%)
sleeping 1 seconds: ...................................................................................................................................................................................................................................................................................................................................................................................................................................................................................................................................................................................................................................................................................................................................................................................................................................................................................................................................................................................................................................................................................................................................................................................................................................................................................................................................................................................................................................................................................................................................................................................................................................................................................................................................................................................................................................................................................................................................................................................................................................................................................................................................................................................................................................................................................................................................................................................................................................................................................................................................................................................................................................................................................................................................................................................................................................................................................................................................................................................................................................................................................................................................................................................................................................................................................................................................................................................................................................................................................................................................................................................................................................................................................................................................................................................................................................................................................................................................................................................................................................................................................................................................................................................................................................................................................................................................................................................................................................................................................................................................................................................................................................................................................................................................................................................................................................................................................................................................................................................................................................................................................................................................................................................................................................................................................................................................................................................................................................................................................................................................................................................................................................................................................................................................................................................................................................................................................................................................................................................................................................................................................................................................................................................................................................................................................................................................................................................................................................................................................................................................................................................................................................................................................................................................................................................................................................................................................................................................................................................................................................................................................................................................................................................................................................................................................................................................................................................................................................................................................................................................................................................................................................................................................................................................................................................................................................................................................................................................................................................................................................................................................................................................................................................................................................................................................................................................................................................................................................................................................................................................................................................................................................................................................................................................................................................................................................................................................................................................................................................................................................................................................................................................................................................................................................................................................................................................................................................................................................................................................................................................................................................................................................................................................................................................................................................................................................................................................................................................................................................................................................................................................................................................................................................................................................................................................................................................................................................................................................................................................................................................................................................................................................................................................................................................................................................................................................................................................................................................................................................................................................................................................................................................................................................................................................................................................................................................................................................................................................................................................................................................................................................................................................................................................................................................................................................................................................................................................................................................................................................................................................................................................................................................................................................................................................................................................................................................................................................................................................................................................................................................................................................................................................................................................................................................................................................................................................................................................................................................................................................................................................................................................................................................................................................................................................................................................................................................................................................................................................................................................................................................................................................................................................................................................................................................................................................................................................................................................................................................................................................................................................................................................................................................................................................................................................................................................................................................................................................................................................................................................................................................................................................................................................................................................................................................................................................................................................................................................................................................................................................................................................................................................................................................................................................................................................................................................................................................................................................................................................................................................................................................................................................................................................................................................................................................................................................................................................................................................................................................................................................................................................................................................................................................................................................................................................................................................................................................................................................................................................................................................................................................................................................................................................................................................................................................................................................................................................................................................................................................................................................................................................................................................................................................................................................................................................................................................................................................................................................................................................................................................................................................................................................................................................................................................................................................................................................................................................................................................................................................................................................................................................................................................................................................................................................................................................................................................................................................................................................................................................................................................................................................................................................................................................................................................................................................................................................................................................................................................................................................................................................................................................................................................................................................................................................................................................................................................................................................................................................................................................................................................................................................................................................................................................................................................................................................................................................................................................................................................................................................................................................................................................................................................................................................................................................................................................................................................................................................................................................................................................................................................................................................................................................................................................................................................................................................................................................................................................................................................................................................................................................................................................................................................................................................................................................................................................................................................................................................................................................................................................................................................................................................................................................................................................................................................................................................................................................................................................................................................................................................................................................................................................................................................................................................................................................................................................................................................................................................................................................................................................................................................................................................................................................................................................................................................................................................................................................................................................................................................................................................................................................................................................................................................................................................................................................................................................................................................................................................................................................................................................................................................................................................................................................................................................................................................................................................................................................................................................................................................................................................................................................................................................................................................................................................................................................................................................................................................................................................................................................................................................................................................................................................................................................................................................................................................................................................................................................................................................................................................................................................................................................................................................................................................................................................................................................................................................................................................................................................................................................................................................................................................................................................................................................................................................................................................................................................................................................................................................................................................................................................................................................................................................................................................................................................................................................................................................................................................................................................................................................................................................................................................................................................................................................................................................................................................................................................................................................................................................................................................................................................................................................................................................................................................................................................................................................................................................................................................................................................................................................................................................................................................................................................................................................................................................................................................................................................................................................................................................................................................................................................................................................................................................................................................................................................................................................................................................................................................................................................................................................................................................................................................................................................................................................................................................................................................................................................................................................................................................................................................................................................................................................................................................................................................................................................................................................................................................................................................................................................................................................................................................................................................................................................................................................................................................................................................................................................................................................................................................................................................................................................................................................................................................................................................................................................................................................................................................................................................................................................................................................................................................................................................................................................................................................................................................................................................................................................................................................................................................................................................................................................................................................................................................................................................................................................................................................................................................................................................................................................................................................................................................................................................................................................................................................................................................................................................................................................................................................................................................................................................................................................................................................................................................................................................................................................................................................................................................................................................................................................................................................................................................................................................................................................................................................................................................................................................................................................................................................................................................................................................................................................................................................................................................................................................................................................................................................................................................................................................................................................................................................................................................................................................................................................................................................................................................................................................................................................................................................................................................................................................................................................................................................................................................................................................................................................................................................................................................................................................................................................................................................................................................................................................................................................................................................................................................................................................................................................................................................................................................................................................................................................................................................................................................................................................................................................................................................................................................................................................................................................................................................................................................................................................................................................................................................................................................................................................................................................................................................................................................................................................................................................................................................................................................................................................................................................................................................................................................................................................................................................................................................................................................................................................................................................................................................................................................................................................................................................................................................................................................................................................................................................................................................................................................................................................................................................................................................................................................................................................................................................................................................................................................................................................................................................................................................................................................................................................................................................................................................................................................................................................................................................................................................................................................................................................................................................................................................................................................................................................................................................................................................................................................................................................................................................................................................................................................................................................................................................................................................................................................................................................................................................................................................................................................................................................................................................................................................................................................................................................................................................................................................................................................................................................................................................................................................................................................................................................................................................................................................................................................................................................................................................................................................................................................................................................................................................................................................................................................................................................................................................................................................................................................................................................................................................................................................................................................................................................................................................................................................................................................................................................................................................................................................................................................................................................................................................................................................................................................................................................................................................................................................................................................................................................................................................................................................................................................................................................................................................................................................................................................................................................................................................................................................................................................................................................................................................................................................................................................................................................................................................................................................................................................................................................................................................................................................................................................................................................................................................................................................................................................................................................................................................................................................................................................................................................................................................................................................................................................................................................................................................................................................................................................................................................................................................................................................................................................................................................................................................................................................................................................................................................................................................................................................................................................................................................................................................................................................................................................................................................................................................................................................................................................................................................................................................................................................................................................................................................................................................................................................................................................................................................................................................................................................................................................................................................................................................................................................................................................................................................................................................................................................................................................................................................................................................................................................................................................................................................................................................................................................................................................................................................................5 ms. Memory: 145408K Free: 76152K (52%)
3 ms. Memory: 145408K Free: 75128K (52%)
2 ms. Memory: 145408K Free: 74600K (51%)
10 ms. Memory: 145408K Free: 74104K (51%)
2 ms. Memory: 145408K Free: 73560K (51%)
/home/travis/build/icyphy/ptII/ptolemy/actor/lib/test/IIR.tcl
/home/travis/build/icyphy/ptII/ptolemy/actor/lib/test/Interpolator.tcl
6 ms. Memory: 145408K Free: 69494K (48%)
2 ms. Memory: 145408K Free: 68984K (47%)
2 ms. Memory: 145408K Free: 68456K (47%)
1 ms. Memory: 145408K Free: 67960K (47%)
3 ms. Memory: 145408K Free: 130168K (90%)
2 ms. Memory: 145408K Free: 129640K (89%)
2 ms. Memory: 145408K Free: 128616K (88%)
4 ms. Memory: 145408K Free: 127606K (88%)
2 ms. Memory: 145408K Free: 127096K (87%)
3 ms. Memory: 145408K Free: 126072K (87%)
/home/travis/build/icyphy/ptII/ptolemy/actor/lib/test/MathFunction.tcl
5 ms. Memory: 145408K Free: 124024K (85%)
2 ms. Memory: 145408K Free: 123000K (85%)
7 ms. Memory: 145408K Free: 121462K (84%)
4 ms. Memory: 145408K Free: 120952K (83%)
12 ms. Memory: 145408K Free: 119414K (82%)
13 ms. Memory: 145408K Free: 117880K (81%)
/home/travis/build/icyphy/ptII/ptolemy/actor/lib/test/Maximum.tcl
4 ms. Memory: 145408K Free: 115832K (80%)
1 ms. Memory: 145408K Free: 114808K (79%)
2 ms. Memory: 145408K Free: 114288K (79%)
2 ms. Memory: 145408K Free: 113784K (78%)
/home/travis/build/icyphy/ptII/ptolemy/actor/lib/test/Minimum.tcl
4 ms. Memory: 145408K Free: 112232K (77%)
2 ms. Memory: 145408K Free: 111222K (76%)
2 ms. Memory: 145408K Free: 110712K (76%)
1 ms. Memory: 145408K Free: 110198K (76%)
/home/travis/build/icyphy/ptII/ptolemy/actor/lib/test/MultiplyDivide.tcl
4 ms. Memory: 145408K Free: 108120K (74%)
3 ms. Memory: 145408K Free: 107638K (74%)
3 ms. Memory: 145408K Free: 106616K (73%)
3 ms. Memory: 145408K Free: 106088K (73%)
2 ms. Memory: 145408K Free: 105078K (72%)
/home/travis/build/icyphy/ptII/ptolemy/actor/lib/test/OrderedMerge.tcl
Connections changed on port: inputA
Connections changed on port: inputB
Connections changed on port: output
Connections changed on port: output
Connections changed on port: output
Connections changed on port: input
.top. Preinitializing ...
Invoking preinitialize():  .top.OrderedMerge
Called preinitialize()
Invoking preinitialize():  .top.Ramp
Called preinitialize()
Invoking preinitialize():  .top.Ramp2
Called preinitialize()
Invoking preinitialize():  .top.Test
Called preinitialize()
Connections changed on port: inputA
Connections changed on port: output
Connections changed on port: output
Connections changed on port: input
Connections changed on port: inputB
Connections changed on port: output
.top. Finished preinitialize().
Called initialize().
Invoking initialize():  .top.OrderedMerge
Initializing actor: .top.OrderedMerge
Adding a thread: .top.OrderedMerge
Invoking initialize():  .top.Ramp
Initializing actor: .top.Ramp
Adding a thread: .top.Ramp
Invoking initialize():  .top.Ramp2
Initializing actor: .top.Ramp2
Adding a thread: .top.Ramp2
Invoking initialize():  .top.Test
Initializing actor: .top.Test
Adding a thread: .top.Test
Called fire().
Checking for deadlock:
-- Starting thread.
Called initialize()
Called prefire()
Called fire()
-- Starting thread.
Called initialize()
-- Starting thread.
Called initialize()
Called prefire()
-- Starting thread.
Called initialize()
Called prefire()
Called fire()
Called prefire()
Called fire()
Called fire()
There are 0 Blocked actors, 0 Stopped actors, and 4 active threads.
Waiting for actors to stop.
Called postfire()
Called postfire()
Called prefire()
Called prefire()
Called fire()
Called fire()
Called postfire()
Called prefire()
Called fire()
Checking for deadlock:
There are 1 Blocked actors, 0 Stopped actors, and 4 active threads.
Waiting for actors to stop.
Read input token from inputA with value 0.0
Checking for deadlock:
There are 3 Blocked actors, 0 Stopped actors, and 4 active threads.
Waiting for actors to stop.
Next port to read input from is inputB
Called postfire()
Called prefire()
Called fire()
Read input token from inputB with value 0.0
Called postfire()
Called prefire()
Called fire()
Sent output token with value 0.0
Next port to read input from is inputA
Called postfire()
Called prefire()
Called fire()
Checking for deadlock:
Read input token from inputA with value 1.0
-- Read input: 0.0, which is expected to match: 0.0
Called prefire()
Called fire()
There are 1 Blocked actors, 0 Stopped actors, and 4 active threads.
Waiting for actors to stop.
Checking for deadlock:
There are 2 Blocked actors, 0 Stopped actors, and 4 active threads.
Waiting for actors to stop.
Sent output token with value 0.0
Next port to read input from is inputB
Called postfire()
Called prefire()
Called fire()
Read input token from inputB with value 1.5
Checking for deadlock:
There are 1 Blocked actors, 0 Stopped actors, and 4 active threads.
Waiting for actors to stop.
-- Read input: 0.0, which is expected to match: 0.0
Called prefire()
Called fire()
Called postfire()
Called postfire()
Checking for deadlock:
Called prefire()
Called prefire()
Called fire()
Called fire()
There are 1 Blocked actors, 0 Stopped actors, and 4 active threads.
Waiting for actors to stop.
Sent output token with value 1.0
Next port to read input from is inputA
Called postfire()
Called prefire()
Called fire()
Read input token from inputA with value 2.0
Checking for deadlock:
There are 2 Blocked actors, 0 Stopped actors, and 4 active threads.
Waiting for actors to stop.
Called postfire()
-- Read input: 1.0, which is expected to match: 1.0
Called prefire()
Called fire()
Called prefire()
Called fire()
Checking for deadlock:
There are 3 Blocked actors, 0 Stopped actors, and 4 active threads.
Waiting for actors to stop.
-- Read input: 1.5, which is expected to match: 1.5
Called prefire()
Called fire()
Sent output token with value 1.5
Next port to read input from is inputB
Called postfire()
Called prefire()
Called fire()
Read input token from inputB with value 3.0
Sent output token with value 2.0
Next port to read input from is inputA
Called postfire()
Called prefire()
Called fire()
Read input token from inputA with value 3.0
Checking for deadlock:
There are 1 Blocked actors, 0 Stopped actors, and 4 active threads.
Waiting for actors to stop.
Called postfire()
Called postfire()
Called prefire()
Called fire()
-- Read input: 2.0, which is expected to match: 2.0
Called prefire()
Called fire()
Called prefire()
Called fire()
Sent output token with value 3.0
Next port to read input from is inputB
Called postfire()
Called prefire()
Called fire()
Read input token from inputB with value 4.5
Checking for deadlock:
There are 2 Blocked actors, 0 Stopped actors, and 4 active threads.
Waiting for actors to stop.
-- Read input: 3.0, which is expected to match: 3.0
Called prefire()
Called fire()
Called postfire()
Called prefire()
Called fire()
Checking for deadlock:
There are 3 Blocked actors, 0 Stopped actors, and 4 active threads.
Waiting for actors to stop.
-- Read input: 3.0, which is expected to match: 3.0
Called prefire()
Called fire()
Checking for deadlock:
There are 3 Blocked actors, 0 Stopped actors, and 4 active threads.
Waiting for actors to stop.
Sent output token with value 3.0
Next port to read input from is inputA
Called postfire()
Called prefire()
Called fire()
Checking for deadlock:
Called postfire()
There are 2 Blocked actors, 0 Stopped actors, and 4 active threads.
Called prefire()
Waiting for actors to stop.
Called fire()
Checking for deadlock:
There are 3 Blocked actors, 0 Stopped actors, and 4 active threads.
Waiting for actors to stop.
Read input token from inputA with value 4.0
Checking for deadlock:
There are 2 Blocked actors, 0 Stopped actors, and 4 active threads.
Waiting for actors to stop.
-- Read input: 4.0, which is expected to match: 4.0
Called prefire()
Called fire()
Past the end of training data. Read and discard all inputs.
Checking for deadlock:
There are 3 Blocked actors, 0 Stopped actors, and 4 active threads.
Waiting for actors to stop.
Sent output token with value 4.0
Next port to read input from is inputA
Called postfire()
Called prefire()
Called fire()
Called postfire()
Called prefire()
Called fire()
Checking for deadlock:
There are 3 Blocked actors, 0 Stopped actors, and 4 active threads.
Waiting for actors to stop.
Read input token from inputA with value 5.0
Called prefire()
Called fire()
Past the end of training data. Read and discard all inputs.
Checking for deadlock:
There are 3 Blocked actors, 0 Stopped actors, and 4 active threads.
Waiting for actors to stop.
Sent output token with value 4.5
Next port to read input from is inputB
Called postfire()
Called prefire()
Called fire()
Read input token from inputB with value 6.0
Sent output token with value 5.0
Next port to read input from is inputA
Called postfire()
Called prefire()
Called fire()
Read input token from inputA with value 6.0
Checking for deadlock:
There are 1 Blocked actors, 0 Stopped actors, and 4 active threads.
Waiting for actors to stop.
Called postfire()
Called postfire()
Called prefire()
Called prefire()
Called fire()
Called fire()
Called prefire()
Called fire()
Past the end of training data. Read and discard all inputs.
Checking for deadlock:
There are 3 Blocked actors, 0 Stopped actors, and 4 active threads.
Waiting for actors to stop.
Called prefire()
Called fire()
Past the end of training data. Read and discard all inputs.
Checking for deadlock:
There are 3 Blocked actors, 0 Stopped actors, and 4 active threads.
Waiting for actors to stop.
Sent output token with value 6.0
Next port to read input from is inputB
Called postfire()
Called prefire()
Called fire()
Checking for deadlock:
Called postfire()
There are 2 Blocked actors, 0 Stopped actors, and 4 active threads.
Called prefire()
Waiting for actors to stop.
Called fire()
Read input token from inputB with value 7.5
Sent output token with value 6.0
Next port to read input from is inputA
Called postfire()
Called prefire()
Called fire()
Read input token from inputA with value 7.0
Checking for deadlock:
There are 2 Blocked actors, 0 Stopped actors, and 4 active threads.
Waiting for actors to stop.
Called postfire()
Called prefire()
Called prefire()
Called fire()
Called fire()
Past the end of training data. Read and discard all inputs.
Checking for deadlock:
There are 3 Blocked actors, 0 Stopped actors, and 4 active threads.
Waiting for actors to stop.
Called prefire()
Called fire()
Past the end of training data. Read and discard all inputs.
Checking for deadlock:
There are 3 Blocked actors, 0 Stopped actors, and 4 active threads.
Waiting for actors to stop.
Sent output token with value 7.0
Next port to read input from is inputA
Called postfire()
Called prefire()
Called fire()
Read input token from inputA with value 8.0
-- Thread wrapup() called.
Called wrapup()
Sent output token with value 7.5
Next port to read input from is inputB
Called postfire()
Called prefire()
Called fire()
Thread .top.Ramp is exiting.
-- Thread stopped.
Checking for deadlock:
There are 1 Blocked actors, 0 Stopped actors, and 3 active threads.
Waiting for actors to stop.
Called prefire()
Called fire()
Past the end of training data. Read and discard all inputs.
Called postfire()
Called prefire()
Called fire()
Checking for deadlock:
There are 2 Blocked actors, 0 Stopped actors, and 3 active threads.
Waiting for actors to stop.
Read input token from inputB with value 9.0
Called prefire()
Called fire()
Past the end of training data. Read and discard all inputs.
Checking for deadlock:
There are 2 Blocked actors, 0 Stopped actors, and 3 active threads.
Waiting for actors to stop.
Sent output token with value 8.0
Next port to read input from is inputA
Called postfire()
Called prefire()
Called fire()
Read input token from inputA with value 9.0
Called prefire()
Called fire()
Past the end of training data. Read and discard all inputs.
Checking for deadlock:
There are 2 Blocked actors, 0 Stopped actors, and 3 active threads.
Waiting for actors to stop.
Sent output token with value 9.0
Next port to read input from is inputB
Called postfire()
Called prefire()
Called fire()
Checking for deadlock:
There are 1 Blocked actors, 0 Stopped actors, and 3 active threads.
Waiting for actors to stop.
Called postfire()
Called prefire()
Called fire()
Checking for deadlock:
There are 2 Blocked actors, 0 Stopped actors, and 3 active threads.
Waiting for actors to stop.
Read input token from inputB with value 10.5
Checking for deadlock:
There are 1 Blocked actors, 0 Stopped actors, and 3 active threads.
Waiting for actors to stop.
Called prefire()
Called fire()
Past the end of training data. Read and discard all inputs.
Checking for deadlock:
There are 2 Blocked actors, 0 Stopped actors, and 3 active threads.
Waiting for actors to stop.
Sent output token with value 9.0
Next port to read input from is inputA
Called postfire()
Called prefire()
Called fire()
Checking for deadlock:
There are 3 Blocked actors, 0 Stopped actors, and 3 active threads.
Actors have stopped.
Checking for deadlock:
There are 3 Blocked actors, 0 Stopped actors, and 3 active threads.
Deadlock detected.
Resolving Deadlock
Checking for deadlock:
There are 3 Blocked actors, 0 Stopped actors, and 3 active threads.
Artificial Deadlock - increasing queue capacity.
increasing the capacity of receiver ptolemy.actor.TypedIOPort {.top.OrderedMerge.inputB} to 2
-- Thread wrapup() called.
Called wrapup()
Thread .top.Ramp2 is exiting.
-- Thread stopped.
Director: Called postfire().
Called postfire().
_stopRequested = false
_stopFireRequested = false
Returning from postfire(): true
Called fire().
Checking for deadlock:
There are 2 Blocked actors, 0 Stopped actors, and 2 active threads.
Actors have stopped.
Checking for deadlock:
There are 2 Blocked actors, 0 Stopped actors, and 2 active threads.
Deadlock detected.
Resolving Deadlock
Checking for deadlock:
There are 2 Blocked actors, 0 Stopped actors, and 2 active threads.
Deadlock detected: no processes blocked on write, but some are blocked on read.
Called postfire().
_stopRequested = false
_stopFireRequested = false
Returning from postfire(): false
Finished deactivating branches.
Called wrapup().
-- Thread wrapup() called.
Called wrapup()
Thread .top.Test is exiting.
-- Thread stopped.
-- Blocked Receiver call threw TerminateProcessException.
-- Thread wrapup() called.
Called wrapup()
Thread .top.OrderedMerge is exiting.
-- Thread stopped.
-- Blocked Receiver call threw TerminateProcessException.
55 ms. Memory: 145408K Free: 99958K (69%)
.top. Preinitializing ...
Invoking preinitialize():  .top.OrderedMerge
Called preinitialize()
Invoking preinitialize():  .top.Ramp
Called preinitialize()
Invoking preinitialize():  .top.Ramp2
Called preinitialize()
Invoking preinitialize():  .top.Test
Called preinitialize()
.top. Finished preinitialize().
Called initialize().
Invoking initialize():  .top.OrderedMerge
Initializing actor: .top.OrderedMerge
Adding a thread: .top.OrderedMerge
Invoking initialize():  .top.Ramp
Initializing actor: .top.Ramp
Adding a thread: .top.Ramp
Invoking initialize():  .top.Ramp2
Initializing actor: .top.Ramp2
Adding a thread: .top.Ramp2
Invoking initialize():  .top.Test
Initializing actor: .top.Test
Adding a thread: .top.Test
-- Starting thread.
Called initialize()
Called prefire()
Called fire()
-- Starting thread.
Called initialize()
Called prefire()
Called fire()
Called postfire()
Called prefire()
Called fire()
-- Starting thread.
Called initialize()
Called prefire()
Called fire()
Called postfire()
Called prefire()
Called fire()
Called fire().
Checking for deadlock:
There are 3 Blocked actors, 0 Stopped actors, and 4 active threads.
Waiting for actors to stop.
-- Starting thread.
Called initialize()
Called prefire()
Called fire()
Checking for deadlock:
There are 2 Blocked actors, 0 Stopped actors, and 4 active threads.
Waiting for actors to stop.
Called postfire()
Called prefire()
Called fire()
Checking for deadlock:
There are 3 Blocked actors, 0 Stopped actors, and 4 active threads.
Waiting for actors to stop.
Read input token from inputA with value 0.0
Next port to read input from is inputB
Called postfire()
Called prefire()
Called fire()
Called postfire()
Called prefire()
Called fire()
Checking for deadlock:
There are 3 Blocked actors, 0 Stopped actors, and 4 active threads.
Waiting for actors to stop.
Read input token from inputB with value 0.0
Checking for deadlock:
There are 2 Blocked actors, 0 Stopped actors, and 4 active threads.
Waiting for actors to stop.
-- Read input: 0.0, which is expected to match: 0.0
Called prefire()
Called fire()
Checking for deadlock:
There are 3 Blocked actors, 0 Stopped actors, and 4 active threads.
Waiting for actors to stop.
Sent output token with value 0.0
Next port to read input from is inputA
Called postfire()
Called prefire()
Called fire()
Checking for deadlock:
There are 2 Blocked actors, 0 Stopped actors, and 4 active threads.
Waiting for actors to stop.
Called postfire()
Called prefire()
Called fire()
Checking for deadlock:
There are 3 Blocked actors, 0 Stopped actors, and 4 active threads.
Waiting for actors to stop.
Read input token from inputA with value 1.0
Checking for deadlock:
There are 2 Blocked actors, 0 Stopped actors, and 4 active threads.
Waiting for actors to stop.
-- Read input: 0.0, which is expected to match: 0.0
Called prefire()
Called fire()
Checking for deadlock:
There are 3 Blocked actors, 0 Stopped actors, and 4 active threads.
Waiting for actors to stop.
Sent output token with value 0.0
Next port to read input from is inputB
Called postfire()
Called prefire()
Called fire()
Called postfire()
Called prefire()
Called fire()
Checking for deadlock:
There are 3 Blocked actors, 0 Stopped actors, and 4 active threads.
Waiting for actors to stop.
Read input token from inputB with value 1.5
-- Read input: 1.0, which is expected to match: 1.0
Called prefire()
Called fire()
Checking for deadlock:
There are 3 Blocked actors, 0 Stopped actors, and 4 active threads.
Waiting for actors to stop.
Sent output token with value 1.0
Next port to read input from is inputA
Called postfire()
Called prefire()
Called fire()
Checking for deadlock:
There are 2 Blocked actors, 0 Stopped actors, and 4 active threads.
Waiting for actors to stop.
Called postfire()
Called prefire()
Called fire()
Checking for deadlock:
There are 3 Blocked actors, 0 Stopped actors, and 4 active threads.
Waiting for actors to stop.
Read input token from inputA with value 2.0
Checking for deadlock:
There are 2 Blocked actors, 0 Stopped actors, and 4 active threads.
Waiting for actors to stop.
-- Read input: 1.5, which is expected to match: 1.5
Called prefire()
Called fire()
Checking for deadlock:
There are 3 Blocked actors, 0 Stopped actors, and 4 active threads.
Waiting for actors to stop.
Sent output token with value 1.5
Next port to read input from is inputB
Called postfire()
Called prefire()
Called fire()
Checking for deadlock:
There are 2 Blocked actors, 0 Stopped actors, and 4 active threads.
Waiting for actors to stop.
Called postfire()
Called prefire()
Called fire()
Checking for deadlock:
There are 3 Blocked actors, 0 Stopped actors, and 4 active threads.
Waiting for actors to stop.
Read input token from inputB with value 3.0
Checking for deadlock:
There are 2 Blocked actors, 0 Stopped actors, and 4 active threads.
Waiting for actors to stop.
-- Read input: 2.0, which is expected to match: 2.0
Called prefire()
Called fire()
Checking for deadlock:
There are 3 Blocked actors, 0 Stopped actors, and 4 active threads.
Waiting for actors to stop.
Sent output token with value 2.0
Next port to read input from is inputA
Called postfire()
Called prefire()
Called fire()
Checking for deadlock:
There are 2 Blocked actors, 0 Stopped actors, and 4 active threads.
Waiting for actors to stop.
Called postfire()
Called prefire()
Called fire()
Checking for deadlock:
There are 3 Blocked actors, 0 Stopped actors, and 4 active threads.
Waiting for actors to stop.
Read input token from inputA with value 3.0
Checking for deadlock:
There are 2 Blocked actors, 0 Stopped actors, and 4 active threads.
Waiting for actors to stop.
-- Read input: 3.0, which is expected to match: 3.0
Called prefire()
Called fire()
Checking for deadlock:
There are 3 Blocked actors, 0 Stopped actors, and 4 active threads.
Waiting for actors to stop.
Sent output token with value 3.0
Next port to read input from is inputB
Called postfire()
Called prefire()
Called fire()
Called postfire()
Called prefire()
Called fire()
Checking for deadlock:
There are 3 Blocked actors, 0 Stopped actors, and 4 active threads.
Waiting for actors to stop.
Read input token from inputB with value 4.5
-- Read input: 3.0, which is expected to match: 3.0
Called prefire()
Called fire()
Checking for deadlock:
There are 3 Blocked actors, 0 Stopped actors, and 4 active threads.
Waiting for actors to stop.
Sent output token with value 3.0
Next port to read input from is inputA
Called postfire()
Called prefire()
Called fire()
Checking for deadlock:
There are 2 Blocked actors, 0 Stopped actors, and 4 active threads.
Waiting for actors to stop.
Called postfire()
Called prefire()
Called fire()
Checking for deadlock:
There are 3 Blocked actors, 0 Stopped actors, and 4 active threads.
Waiting for actors to stop.
Read input token from inputA with value 4.0
Checking for deadlock:
There are 2 Blocked actors, 0 Stopped actors, and 4 active threads.
Waiting for actors to stop.
-- Read input: 4.0, which is expected to match: 4.0
Called prefire()
Called fire()
Past the end of training data. Read and discard all inputs.
Checking for deadlock:
There are 3 Blocked actors, 0 Stopped actors, and 4 active threads.
Waiting for actors to stop.
Sent output token with value 4.0
Next port to read input from is inputA
Called postfire()
Called prefire()
Called fire()
Checking for deadlock:
There are 2 Blocked actors, 0 Stopped actors, and 4 active threads.
Waiting for actors to stop.
Called postfire()
Called prefire()
Called fire()
Checking for deadlock:
There are 3 Blocked actors, 0 Stopped actors, and 4 active threads.
Waiting for actors to stop.
Read input token from inputA with value 5.0
Checking for deadlock:
There are 2 Blocked actors, 0 Stopped actors, and 4 active threads.
Waiting for actors to stop.
Called prefire()
Called fire()
Past the end of training data. Read and discard all inputs.
Checking for deadlock:
There are 3 Blocked actors, 0 Stopped actors, and 4 active threads.
Waiting for actors to stop.
Sent output token with value 4.5
Next port to read input from is inputB
Called postfire()
Called prefire()
Called fire()
Called postfire()
Called prefire()
Called fire()
Checking for deadlock:
There are 3 Blocked actors, 0 Stopped actors, and 4 active threads.
Waiting for actors to stop.
Read input token from inputB with value 6.0
Called prefire()
Called fire()
Past the end of training data. Read and discard all inputs.
Checking for deadlock:
There are 3 Blocked actors, 0 Stopped actors, and 4 active threads.
Waiting for actors to stop.
Sent output token with value 5.0
Next port to read input from is inputA
Called postfire()
Called prefire()
Called fire()
Checking for deadlock:
There are 2 Blocked actors, 0 Stopped actors, and 4 active threads.
Waiting for actors to stop.
Called postfire()
Called prefire()
Called fire()
Checking for deadlock:
There are 3 Blocked actors, 0 Stopped actors, and 4 active threads.
Waiting for actors to stop.
Read input token from inputA with value 6.0
Checking for deadlock:
There are 2 Blocked actors, 0 Stopped actors, and 4 active threads.
Waiting for actors to stop.
Called prefire()
Called fire()
Past the end of training data. Read and discard all inputs.
Checking for deadlock:
There are 3 Blocked actors, 0 Stopped actors, and 4 active threads.
Waiting for actors to stop.
Sent output token with value 6.0
Next port to read input from is inputB
Called postfire()
Called prefire()
Called fire()
Checking for deadlock:
There are 2 Blocked actors, 0 Stopped actors, and 4 active threads.
Waiting for actors to stop.
Called postfire()
Called prefire()
Called fire()
Checking for deadlock:
There are 3 Blocked actors, 0 Stopped actors, and 4 active threads.
Waiting for actors to stop.
Read input token from inputB with value 7.5
Checking for deadlock:
There are 2 Blocked actors, 0 Stopped actors, and 4 active threads.
Waiting for actors to stop.
Called prefire()
Called fire()
Past the end of training data. Read and discard all inputs.
Checking for deadlock:
There are 3 Blocked actors, 0 Stopped actors, and 4 active threads.
Waiting for actors to stop.
Sent output token with value 6.0
Next port to read input from is inputA
Called postfire()
Called prefire()
Called fire()
Called postfire()
Called prefire()
Called fire()
Checking for deadlock:
There are 3 Blocked actors, 0 Stopped actors, and 4 active threads.
Waiting for actors to stop.
Read input token from inputA with value 7.0
Called prefire()
Called fire()
Past the end of training data. Read and discard all inputs.
Checking for deadlock:
There are 3 Blocked actors, 0 Stopped actors, and 4 active threads.
Waiting for actors to stop.
Sent output token with value 7.0
Next port to read input from is inputA
Called postfire()
Called prefire()
Called fire()
-- Thread wrapup() called.
Called wrapup()
Thread .top.Ramp is exiting.
-- Thread stopped.
Checking for deadlock:
There are 2 Blocked actors, 0 Stopped actors, and 3 active threads.
Waiting for actors to stop.
Read input token from inputA with value 8.0
Checking for deadlock:
There are 1 Blocked actors, 0 Stopped actors, and 3 active threads.
Waiting for actors to stop.
Called prefire()
Called fire()
Past the end of training data. Read and discard all inputs.
Checking for deadlock:
There are 2 Blocked actors, 0 Stopped actors, and 3 active threads.
Waiting for actors to stop.
Sent output token with value 7.5
Next port to read input from is inputB
Called postfire()
Called prefire()
Called fire()
Checking for deadlock:
There are 1 Blocked actors, 0 Stopped actors, and 3 active threads.
Waiting for actors to stop.
Called postfire()
Called prefire()
Called fire()
Checking for deadlock:
There are 2 Blocked actors, 0 Stopped actors, and 3 active threads.
Waiting for actors to stop.
Read input token from inputB with value 9.0
Checking for deadlock:
There are 1 Blocked actors, 0 Stopped actors, and 3 active threads.
Waiting for actors to stop.
Called prefire()
Called fire()
Past the end of training data. Read and discard all inputs.
Checking for deadlock:
There are 2 Blocked actors, 0 Stopped actors, and 3 active threads.
Waiting for actors to stop.
Sent output token with value 8.0
Next port to read input from is inputA
Called postfire()
Called prefire()
Called fire()
Read input token from inputA with value 9.0
Called prefire()
Called fire()
Past the end of training data. Read and discard all inputs.
Checking for deadlock:
There are 2 Blocked actors, 0 Stopped actors, and 3 active threads.
Waiting for actors to stop.
Sent output token with value 9.0
Next port to read input from is inputB
Called postfire()
Called prefire()
Called fire()
Called postfire()
Called prefire()
Called fire()
Checking for deadlock:
There are 2 Blocked actors, 0 Stopped actors, and 3 active threads.
Waiting for actors to stop.
Read input token from inputB with value 10.5
Called prefire()
Called fire()
Past the end of training data. Read and discard all inputs.
Checking for deadlock:
There are 2 Blocked actors, 0 Stopped actors, and 3 active threads.
Waiting for actors to stop.
Sent output token with value 9.0
Next port to read input from is inputA
Called postfire()
Called prefire()
Called fire()
Checking for deadlock:
There are 3 Blocked actors, 0 Stopped actors, and 3 active threads.
Actors have stopped.
Checking for deadlock:
There are 3 Blocked actors, 0 Stopped actors, and 3 active threads.
Deadlock detected.
Resolving Deadlock
Checking for deadlock:
There are 3 Blocked actors, 0 Stopped actors, and 3 active threads.
Artificial Deadlock - increasing queue capacity.
increasing the capacity of receiver ptolemy.actor.TypedIOPort {.top.OrderedMerge.inputB} to 2
Director: Called postfire().
Called postfire().
_stopRequested = false
_stopFireRequested = false
Returning from postfire(): true
Called fire().
Checking for deadlock:
There are 2 Blocked actors, 0 Stopped actors, and 3 active threads.
Waiting for actors to stop.
-- Thread wrapup() called.
Called wrapup()
Thread .top.Ramp2 is exiting.
-- Thread stopped.
Checking for deadlock:
There are 2 Blocked actors, 0 Stopped actors, and 2 active threads.
Actors have stopped.
Checking for deadlock:
There are 2 Blocked actors, 0 Stopped actors, and 2 active threads.
Deadlock detected.
Resolving Deadlock
Checking for deadlock:
There are 2 Blocked actors, 0 Stopped actors, and 2 active threads.
Deadlock detected: no processes blocked on write, but some are blocked on read.
Called postfire().
_stopRequested = false
_stopFireRequested = false
Returning from postfire(): false
Finished deactivating branches.
Called wrapup().
-- Thread wrapup() called.
Called wrapup()
-- Thread wrapup() called.
Called wrapup()
Thread .top.Test is exiting.
-- Thread stopped.
-- Blocked Receiver call threw TerminateProcessException.
Thread .top.OrderedMerge is exiting.
-- Thread stopped.
-- Blocked Receiver call threw TerminateProcessException.
35 ms. Memory: 145408K Free: 97910K (67%)
/home/travis/build/icyphy/ptII/ptolemy/actor/lib/test/Publisher.tcl
16 ms. Memory: 145408K Free: 91766K (63%)
4 ms. Memory: 145408K Free: 86136K (59%)
11 ms. Memory: 145408K Free: 82536K (57%)
4 ms. Memory: 145408K Free: 81526K (56%)
6 ms. Memory: 145408K Free: 81016K (56%)
3 ms. Memory: 145408K Free: 79992K (55%)
3 ms. Memory: 145408K Free: 78968K (54%)
3 ms. Memory: 145408K Free: 78440K (54%)
20 ms. Memory: 145408K Free: 120282K (83%)
3 ms. Memory: 145408K Free: 116186K (80%)
2 ms. Memory: 145408K Free: 115676K (80%)
3 ms. Memory: 145408K Free: 113628K (78%)
15 ms. Memory: 145408K Free: 105946K (73%)
7 ms. Memory: 145408K Free: 96220K (66%)
14 ms. Memory: 145408K Free: 84956K (58%)
/home/travis/build/icyphy/ptII/ptolemy/actor/lib/test/Pulse.tcl
3 ms. Memory: 145408K Free: 115917K (80%)
2 ms. Memory: 145408K Free: 115397K (79%)
1 ms. Memory: 145408K Free: 114893K (79%)
2 ms. Memory: 145408K Free: 114349K (79%)
1 ms. Memory: 145408K Free: 113869K (78%)
7 ms. Memory: 145408K Free: 112845K (78%)
2 ms. Memory: 145408K Free: 111821K (77%)
2 ms. Memory: 145408K Free: 110797K (76%)
2 ms. Memory: 145408K Free: 110253K (76%)
/home/travis/build/icyphy/ptII/ptolemy/actor/lib/test/Ramp.tcl
3 ms. Memory: 145408K Free: 108235K (74%)
2 ms. Memory: 145408K Free: 107725K (74%)
2 ms. Memory: 145408K Free: 106701K (73%)
2 ms. Memory: 145408K Free: 106173K (73%)
3 ms. Memory: 145408K Free: 105163K (72%)
5 ms. Memory: 145408K Free: 104653K (72%)
4 ms. Memory: 145408K Free: 103629K (71%)
5 actors
4000 microseconds per iteration to create
6 ms. Memory: 145408K Free: 101067K (70%)
2 ms. Memory: 145408K Free: 100029K (69%)
2 ms. Memory: 145408K Free: 99533K (68%)
2 ms. Memory: 145408K Free: 99005K (68%)
50 actors
34000 microseconds per iteration to create
46 ms. Memory: 145408K Free: 83149K (57%)
5 ms. Memory: 145408K Free: 82125K (56%)
14 ms. Memory: 145408K Free: 81101K (56%)
10 ms. Memory: 145408K Free: 80077K (55%)
500 actors
1793000 microseconds per iteration to create
312 ms. Memory: 175104K Free: 92875K (53%)
60 ms. Memory: 175104K Free: 87245K (50%)
47 ms. Memory: 175104K Free: 81611K (47%)
45 ms. Memory: 175104K Free: 76477K (44%)
/home/travis/build/icyphy/ptII/ptolemy/actor/lib/test/RampContinuous.tcl
22 ms. Memory: 175104K Free: 74957K (43%)
/home/travis/build/icyphy/ptII/ptolemy/actor/lib/test/RecordAssembler.tcl
16 ms. Memory: 175104K Free: 73413K (42%)
9 ms. Memory: 175104K Free: 72381K (41%)
/home/travis/build/icyphy/ptII/ptolemy/actor/lib/test/RecordDisassembler.tcl
26 ms. Memory: 175104K Free: 70861K (40%)
3 ms. Memory: 175104K Free: 69837K (40%)
8 ms. Memory: 175104K Free: 68813K (39%)
/home/travis/build/icyphy/ptII/ptolemy/actor/lib/test/Scale.tcl
7 ms. Memory: 175104K Free: 66765K (38%)
1 ms. Memory: 175104K Free: 66237K (38%)
2 ms. Memory: 175104K Free: 65227K (37%)
3 ms. Memory: 175104K Free: 64715K (37%)
2 ms. Memory: 175104K Free: 63693K (36%)
/home/travis/build/icyphy/ptII/ptolemy/actor/lib/test/SequentialClock.tcl
preinitializing
resolving types
initializing
executing number 1
wrapping up
idle
3 ms. Memory: 175104K Free: 62155K (35%)
Completed execution with 5 iterations
preinitializing
resolving types
initializing
executing number 1
wrapping up
idle
1 ms. Memory: 175104K Free: 61645K (35%)
Completed execution with 5 iterations
preinitializing
resolving types
initializing
executing number 1
wrapping up
idle
1 ms. Memory: 175104K Free: 61117K (35%)
Completed execution with 5 iterations
/home/travis/build/icyphy/ptII/ptolemy/actor/lib/test/SetVariable.tcl
26 ms. Memory: 175104K Free: 152054K (87%)


==== $PTII/ptolemy/actor/lib/test/SetVariable.tcl: SetVariable-3.1 changeFailed
==== Contents of test case:

    #Uses 2.1 above
    jdkCaptureErr {
        # This test was failing if we ran Exit.tcl and then this test.
        # MessageHandler.error() now actually throws the Exception.
	catch {$setVariable changeFailed [java::null]  [java::new Exception {Test exception for SetVariable.changeFailed()}]} errMsg
    } results
    list [string range $results 0 89] "\n" $errMsg

==== Result was:
{java.lang.Exception: Test exception for SetVariable.changeFailed()
	at java.base/jdk.inter} {
} {java.lang.RuntimeException: java.lang.Exception: Test exception for SetVariable.changeFailed()}
---- Result should have been:
{Failed to set variable.
java.lang.Exception: Test exception for SetVariable.changeFailed()} {
} {java.lang.RuntimeException: java.lang.Exception: Test exception for SetVariable.changeFailed()}
---- SetVariable-3.1 FAILED
/home/travis/build/icyphy/ptII/ptolemy/actor/lib/test/Sinewave.tcl
/home/travis/build/icyphy/ptII/ptolemy/actor/lib/test/SubscriptionAggregator.tcl
7 ms. Memory: 175104K Free: 139766K (80%)
2 ms. Memory: 175104K Free: 139221K (80%)
1 ms. Memory: 175104K Free: 138742K (79%)
3 ms. Memory: 175104K Free: 138221K (79%)
2 ms. Memory: 175104K Free: 134646K (77%)
8 ms. Memory: 175104K Free: 132598K (76%)
...............................................................1247 ms. Memory: 231424K Free: 179688K (78%)
/home/travis/build/icyphy/ptII/ptolemy/actor/lib/test/Test.tcl
 The next command will produce a warning about training mode,
   which may be ignored.
5 ms. Memory: 231424K Free: 177642K (77%)
3 ms. Memory: 231424K Free: 176618K (76%)
5 ms. Memory: 231424K Free: 176073K (76%)
2 ms. Memory: 231424K Free: 175594K (76%)
2 ms. Memory: 231424K Free: 174570K (75%)
3 ms. Memory: 231424K Free: 173546K (75%)
4 ms. Memory: 231424K Free: 172522K (75%)
 The next command will produce a warning about training mode,
   which may be ignored.
4 ms. Memory: 231424K Free: 169960K (73%)
 The next command will produce a warning about training mode,
   which may be ignored.
2 ms. Memory: 231424K Free: 168929K (73%)
5 ms. Memory: 231424K Free: 168426K (73%)
1 ms. Memory: 231424K Free: 167897K (73%)
2 ms. Memory: 231424K Free: 167402K (72%)
12 ms. Memory: 231424K Free: 166378K (72%)
3 ms. Memory: 231424K Free: 162282K (70%)
/home/travis/build/icyphy/ptII/ptolemy/actor/lib/test/TestExceptionHandler.tcl
 The next command will produce a warning about training mode,
   which may be ignored.
3 ms. Memory: 231424K Free: 161258K (70%)
1 ms. Memory: 231424K Free: 160729K (69%)
1 ms. Memory: 231424K Free: 160234K (69%)
/home/travis/build/icyphy/ptII/ptolemy/actor/lib/test/UnionDisassembler.tcl
15 ms. Memory: 231424K Free: 153066K (66%)
/home/travis/build/icyphy/ptII/ptolemy/actor/lib/test/VariableClock.tcl
preinitializing
resolving types
initializing
executing number 1
wrapping up
idle
3 ms. Memory: 231424K Free: 151018K (65%)
Completed execution with 11 iterations
preinitializing
resolving types
initializing
executing number 1
wrapping up
idle
3 ms. Memory: 231424K Free: 149465K (65%)
Completed execution with 10 iterations
10/21/19 06:11:39
Failed: 1  Total Tests: 234  ((Passed: 233, Newly Passed: 0)  Known Failed: 0) /home/travis/build/icyphy/ptII/ptolemy/actor/lib/test
----------------- testing (KnownFailure) /home/travis/build/icyphy/ptII/ptolemy/actor/lib/test/auto/knownFailedTests/PublisherPortToplevelSubscriber.xml
1 ms. Memory: 231424K Free: 145898K (63%)
Known Failure: java.lang.reflect.InvocationTargetException
----------------- testing (KnownFailure) /home/travis/build/icyphy/ptII/ptolemy/actor/lib/test/auto/knownFailedTests/PublisherSubscriberPortToplevel.xml
0 ms. Memory: 231424K Free: 142312K (61%)
Known Failure: java.lang.reflect.InvocationTargetException
----------------- testing (KnownFailure) /home/travis/build/icyphy/ptII/ptolemy/actor/lib/test/auto/knownFailedTests/PublisherSubscriptionAggregatorPort.xml
0 ms. Memory: 231424K Free: 138216K (60%)
Known Failure: java.lang.reflect.InvocationTargetException
----------------- testing (KnownFailure) /home/travis/build/icyphy/ptII/ptolemy/actor/lib/test/auto/knownFailedTests/sizedarray3.xml
11 ms. Memory: 231424K Free: 134120K (58%)
Known Failure: java.lang.reflect.InvocationTargetException
No auto/linux-amd64/*.xml tests in /home/travis/build/icyphy/ptII/ptolemy/actor/lib/test
AutoTests.java: About to close Vertx.
AutoTests.java: Vertx closed.

===========================================================================================
----------------- testing Mon Oct 21 06:11:40 UTC 2019 /home/travis/build/icyphy/ptII/ptolemy/actor/lib/test/auto/AbsoluteValue.xml
----------------- Instantiating /home/travis/build/icyphy/ptII/ptolemy/actor/lib/test/auto/AbsoluteValue.xml
3 ms. Memory: 231424K Free: 111592K (48%)
----------------- Invoking toplevel() on ptolemy.moml.MoMLSimpleApplication@313e0de4
----------------- Done invoking toplevel() on ptolemy.moml.MoMLSimpleApplication@313e0de4
reloadAllAccessors: .AbsoluteValue

===========================================================================================
----------------- testing Mon Oct 21 06:11:40 UTC 2019 /home/travis/build/icyphy/ptII/ptolemy/actor/lib/test/auto/AbsoluteValue2.xml
----------------- Instantiating /home/travis/build/icyphy/ptII/ptolemy/actor/lib/test/auto/AbsoluteValue2.xml
15 ms. Memory: 231424K Free: 104424K (45%)
----------------- Invoking toplevel() on ptolemy.moml.MoMLSimpleApplication@3319fef8
----------------- Done invoking toplevel() on ptolemy.moml.MoMLSimpleApplication@3319fef8
reloadAllAccessors: .AbsoluteValue2

===========================================================================================
----------------- testing Mon Oct 21 06:11:40 UTC 2019 /home/travis/build/icyphy/ptII/ptolemy/actor/lib/test/auto/Accumulator.xml
----------------- Instantiating /home/travis/build/icyphy/ptII/ptolemy/actor/lib/test/auto/Accumulator.xml
6 ms. Memory: 231424K Free: 98280K (42%)
----------------- Invoking toplevel() on ptolemy.moml.MoMLSimpleApplication@22581d5e
----------------- Done invoking toplevel() on ptolemy.moml.MoMLSimpleApplication@22581d5e
reloadAllAccessors: .Accumulator

===========================================================================================
----------------- testing Mon Oct 21 06:11:40 UTC 2019 /home/travis/build/icyphy/ptII/ptolemy/actor/lib/test/auto/Accumulator2.xml
----------------- Instantiating /home/travis/build/icyphy/ptII/ptolemy/actor/lib/test/auto/Accumulator2.xml
4 ms. Memory: 231424K Free: 93160K (40%)
----------------- Invoking toplevel() on ptolemy.moml.MoMLSimpleApplication@75e6d49e
----------------- Done invoking toplevel() on ptolemy.moml.MoMLSimpleApplication@75e6d49e
reloadAllAccessors: .Accumulator2

===========================================================================================
----------------- testing Mon Oct 21 06:11:40 UTC 2019 /home/travis/build/icyphy/ptII/ptolemy/actor/lib/test/auto/Accumulator3.xml
----------------- Instantiating /home/travis/build/icyphy/ptII/ptolemy/actor/lib/test/auto/Accumulator3.xml
3 ms. Memory: 231424K Free: 88554K (38%)
----------------- Invoking toplevel() on ptolemy.moml.MoMLSimpleApplication@4c489c01
----------------- Done invoking toplevel() on ptolemy.moml.MoMLSimpleApplication@4c489c01
reloadAllAccessors: .Accumulator3

===========================================================================================
----------------- testing Mon Oct 21 06:11:40 UTC 2019 /home/travis/build/icyphy/ptII/ptolemy/actor/lib/test/auto/ArrayAppend.xml
----------------- Instantiating /home/travis/build/icyphy/ptII/ptolemy/actor/lib/test/auto/ArrayAppend.xml
6 ms. Memory: 427008K Free: 369152K (86%)
----------------- Invoking toplevel() on ptolemy.moml.MoMLSimpleApplication@77686206
----------------- Done invoking toplevel() on ptolemy.moml.MoMLSimpleApplication@77686206
reloadAllAccessors: .ArrayAppend

===========================================================================================
----------------- testing Mon Oct 21 06:11:40 UTC 2019 /home/travis/build/icyphy/ptII/ptolemy/actor/lib/test/auto/ArrayAppend2.xml
----------------- Instantiating /home/travis/build/icyphy/ptII/ptolemy/actor/lib/test/auto/ArrayAppend2.xml
450 ms. Memory: 427008K Free: 286208K (67%)
----------------- Invoking toplevel() on ptolemy.moml.MoMLSimpleApplication@5fa6d937
----------------- Done invoking toplevel() on ptolemy.moml.MoMLSimpleApplication@5fa6d937
reloadAllAccessors: .ArrayAppend2

===========================================================================================
----------------- testing Mon Oct 21 06:11:41 UTC 2019 /home/travis/build/icyphy/ptII/ptolemy/actor/lib/test/auto/ArrayAppend3.xml
----------------- Instantiating /home/travis/build/icyphy/ptII/ptolemy/actor/lib/test/auto/ArrayAppend3.xml
10 ms. Memory: 427008K Free: 281598K (66%)
----------------- Invoking toplevel() on ptolemy.moml.MoMLSimpleApplication@4245a56e
----------------- Done invoking toplevel() on ptolemy.moml.MoMLSimpleApplication@4245a56e
reloadAllAccessors: .ArrayAppend3

===========================================================================================
----------------- testing Mon Oct 21 06:11:41 UTC 2019 /home/travis/build/icyphy/ptII/ptolemy/actor/lib/test/auto/ArrayAppend4.xml
----------------- Instantiating /home/travis/build/icyphy/ptII/ptolemy/actor/lib/test/auto/ArrayAppend4.xml
3 ms. Memory: 427008K Free: 275454K (65%)
----------------- Invoking toplevel() on ptolemy.moml.MoMLSimpleApplication@22e26ad0
----------------- Done invoking toplevel() on ptolemy.moml.MoMLSimpleApplication@22e26ad0
reloadAllAccessors: .ArrayAppend4

===========================================================================================
----------------- testing Mon Oct 21 06:11:41 UTC 2019 /home/travis/build/icyphy/ptII/ptolemy/actor/lib/test/auto/ArrayAppend5.xml
----------------- Instantiating /home/travis/build/icyphy/ptII/ptolemy/actor/lib/test/auto/ArrayAppend5.xml
5 ms. Memory: 427008K Free: 270334K (63%)
----------------- Invoking toplevel() on ptolemy.moml.MoMLSimpleApplication@6743d6a2
----------------- Done invoking toplevel() on ptolemy.moml.MoMLSimpleApplication@6743d6a2
reloadAllAccessors: .ArrayAppend5

===========================================================================================
----------------- testing Mon Oct 21 06:11:41 UTC 2019 /home/travis/build/icyphy/ptII/ptolemy/actor/lib/test/auto/ArrayAppend6.xml
----------------- Instantiating /home/travis/build/icyphy/ptII/ptolemy/actor/lib/test/auto/ArrayAppend6.xml
4 ms. Memory: 427008K Free: 265214K (62%)
----------------- Invoking toplevel() on ptolemy.moml.MoMLSimpleApplication@64449b0f
----------------- Done invoking toplevel() on ptolemy.moml.MoMLSimpleApplication@64449b0f
reloadAllAccessors: .ArrayAppend6

===========================================================================================
----------------- testing Mon Oct 21 06:11:41 UTC 2019 /home/travis/build/icyphy/ptII/ptolemy/actor/lib/test/auto/ArrayAppendPerformanceTest.xml
----------------- Instantiating /home/travis/build/icyphy/ptII/ptolemy/actor/lib/test/auto/ArrayAppendPerformanceTest.xml
54 ms. Memory: 427008K Free: 253950K (59%)
----------------- Invoking toplevel() on ptolemy.moml.MoMLSimpleApplication@7b25bb26
----------------- Done invoking toplevel() on ptolemy.moml.MoMLSimpleApplication@7b25bb26
reloadAllAccessors: .ArrayAppendPerformanceTest

===========================================================================================
----------------- testing Mon Oct 21 06:11:41 UTC 2019 /home/travis/build/icyphy/ptII/ptolemy/actor/lib/test/auto/ArrayAppendWithEmptyInput.xml
----------------- Instantiating /home/travis/build/icyphy/ptII/ptolemy/actor/lib/test/auto/ArrayAppendWithEmptyInput.xml
19 ms. Memory: 427008K Free: 246272K (58%)
----------------- Invoking toplevel() on ptolemy.moml.MoMLSimpleApplication@568678f
----------------- Done invoking toplevel() on ptolemy.moml.MoMLSimpleApplication@568678f
reloadAllAccessors: .ArrayAppendWithEmptyInput

===========================================================================================
----------------- testing Mon Oct 21 06:11:41 UTC 2019 /home/travis/build/icyphy/ptII/ptolemy/actor/lib/test/auto/ArrayAverage.xml
----------------- Instantiating /home/travis/build/icyphy/ptII/ptolemy/actor/lib/test/auto/ArrayAverage.xml
20 ms. Memory: 427008K Free: 238080K (56%)
----------------- Invoking toplevel() on ptolemy.moml.MoMLSimpleApplication@33d11359
----------------- Done invoking toplevel() on ptolemy.moml.MoMLSimpleApplication@33d11359
reloadAllAccessors: .ArrayAverage

===========================================================================================
----------------- testing Mon Oct 21 06:11:41 UTC 2019 /home/travis/build/icyphy/ptII/ptolemy/actor/lib/test/auto/ArrayContains.xml
----------------- Instantiating /home/travis/build/icyphy/ptII/ptolemy/actor/lib/test/auto/ArrayContains.xml
10 ms. Memory: 427008K Free: 232446K (54%)
----------------- Invoking toplevel() on ptolemy.moml.MoMLSimpleApplication@40b5163b
----------------- Done invoking toplevel() on ptolemy.moml.MoMLSimpleApplication@40b5163b
reloadAllAccessors: .ArrayContains

===========================================================================================
----------------- testing Mon Oct 21 06:11:41 UTC 2019 /home/travis/build/icyphy/ptII/ptolemy/actor/lib/test/auto/ArrayElement.xml
----------------- Instantiating /home/travis/build/icyphy/ptII/ptolemy/actor/lib/test/auto/ArrayElement.xml
14 ms. Memory: 427008K Free: 226302K (53%)
----------------- Invoking toplevel() on ptolemy.moml.MoMLSimpleApplication@5edd0542
----------------- Done invoking toplevel() on ptolemy.moml.MoMLSimpleApplication@5edd0542
reloadAllAccessors: .ArrayElement

===========================================================================================
----------------- testing Mon Oct 21 06:11:41 UTC 2019 /home/travis/build/icyphy/ptII/ptolemy/actor/lib/test/auto/ArrayElementAsMatrix.xml
----------------- Instantiating /home/travis/build/icyphy/ptII/ptolemy/actor/lib/test/auto/ArrayElementAsMatrix.xml
15 ms. Memory: 427008K Free: 216576K (51%)
----------------- Invoking toplevel() on ptolemy.moml.MoMLSimpleApplication@df52d72
----------------- Done invoking toplevel() on ptolemy.moml.MoMLSimpleApplication@df52d72
reloadAllAccessors: .ArrayElementAsMatrix

===========================================================================================
----------------- testing Mon Oct 21 06:11:41 UTC 2019 /home/travis/build/icyphy/ptII/ptolemy/actor/lib/test/auto/ArrayElementI.xml
----------------- Instantiating /home/travis/build/icyphy/ptII/ptolemy/actor/lib/test/auto/ArrayElementI.xml
3 ms. Memory: 427008K Free: 370688K (87%)
----------------- Invoking toplevel() on ptolemy.moml.MoMLSimpleApplication@289b6581
----------------- Done invoking toplevel() on ptolemy.moml.MoMLSimpleApplication@289b6581
reloadAllAccessors: .ArrayElementI

===========================================================================================
----------------- testing Mon Oct 21 06:11:41 UTC 2019 /home/travis/build/icyphy/ptII/ptolemy/actor/lib/test/auto/ArrayExtract.xml
----------------- Instantiating /home/travis/build/icyphy/ptII/ptolemy/actor/lib/test/auto/ArrayExtract.xml
5 ms. Memory: 427008K Free: 361982K (85%)
----------------- Invoking toplevel() on ptolemy.moml.MoMLSimpleApplication@7a97eee
----------------- Done invoking toplevel() on ptolemy.moml.MoMLSimpleApplication@7a97eee
reloadAllAccessors: .ArrayExtract

===========================================================================================
----------------- testing Mon Oct 21 06:11:41 UTC 2019 /home/travis/build/icyphy/ptII/ptolemy/actor/lib/test/auto/ArrayExtract2.xml
----------------- Instantiating /home/travis/build/icyphy/ptII/ptolemy/actor/lib/test/auto/ArrayExtract2.xml
4 ms. Memory: 427008K Free: 356847K (84%)
----------------- Invoking toplevel() on ptolemy.moml.MoMLSimpleApplication@a4781f3
----------------- Done invoking toplevel() on ptolemy.moml.MoMLSimpleApplication@a4781f3
reloadAllAccessors: .ArrayExtract2

===========================================================================================
----------------- testing Mon Oct 21 06:11:41 UTC 2019 /home/travis/build/icyphy/ptII/ptolemy/actor/lib/test/auto/ArrayLength.xml
----------------- Instantiating /home/travis/build/icyphy/ptII/ptolemy/actor/lib/test/auto/ArrayLength.xml
2 ms. Memory: 427008K Free: 352766K (83%)
----------------- Invoking toplevel() on ptolemy.moml.MoMLSimpleApplication@6871ee98
----------------- Done invoking toplevel() on ptolemy.moml.MoMLSimpleApplication@6871ee98
reloadAllAccessors: .ArrayLength

===========================================================================================
----------------- testing Mon Oct 21 06:11:41 UTC 2019 /home/travis/build/icyphy/ptII/ptolemy/actor/lib/test/auto/ArrayLevelCrossing.xml
----------------- Instantiating /home/travis/build/icyphy/ptII/ptolemy/actor/lib/test/auto/ArrayLevelCrossing.xml
5 ms. Memory: 427008K Free: 345055K (81%)
----------------- Invoking toplevel() on ptolemy.moml.MoMLSimpleApplication@68f37a2
----------------- Done invoking toplevel() on ptolemy.moml.MoMLSimpleApplication@68f37a2
reloadAllAccessors: .ArrayLevelCrossing

===========================================================================================
----------------- testing Mon Oct 21 06:11:41 UTC 2019 /home/travis/build/icyphy/ptII/ptolemy/actor/lib/test/auto/ArrayLevelCrossing2.xml
----------------- Instantiating /home/travis/build/icyphy/ptII/ptolemy/actor/lib/test/auto/ArrayLevelCrossing2.xml
6 ms. Memory: 427008K Free: 337391K (79%)
----------------- Invoking toplevel() on ptolemy.moml.MoMLSimpleApplication@70569a48
----------------- Done invoking toplevel() on ptolemy.moml.MoMLSimpleApplication@70569a48
reloadAllAccessors: .ArrayLevelCrossing2

===========================================================================================
----------------- testing Mon Oct 21 06:11:42 UTC 2019 /home/travis/build/icyphy/ptII/ptolemy/actor/lib/test/auto/ArrayPeakSearch.xml
----------------- Instantiating /home/travis/build/icyphy/ptII/ptolemy/actor/lib/test/auto/ArrayPeakSearch.xml
5 ms. Memory: 427008K Free: 328704K (77%)
----------------- Invoking toplevel() on ptolemy.moml.MoMLSimpleApplication@5a2bd208
----------------- Done invoking toplevel() on ptolemy.moml.MoMLSimpleApplication@5a2bd208
reloadAllAccessors: .ArrayPeakSearch

===========================================================================================
----------------- testing Mon Oct 21 06:11:42 UTC 2019 /home/travis/build/icyphy/ptII/ptolemy/actor/lib/test/auto/ArrayPeakSearch2.xml
----------------- Instantiating /home/travis/build/icyphy/ptII/ptolemy/actor/lib/test/auto/ArrayPeakSearch2.xml
6 ms. Memory: 427008K Free: 317935K (74%)
----------------- Invoking toplevel() on ptolemy.moml.MoMLSimpleApplication@6816724
----------------- Done invoking toplevel() on ptolemy.moml.MoMLSimpleApplication@6816724
reloadAllAccessors: .ArrayPeakSearch2

===========================================================================================
----------------- testing Mon Oct 21 06:11:42 UTC 2019 /home/travis/build/icyphy/ptII/ptolemy/actor/lib/test/auto/ArrayPeakSearch3.xml
----------------- Instantiating /home/travis/build/icyphy/ptII/ptolemy/actor/lib/test/auto/ArrayPeakSearch3.xml
7 ms. Memory: 427008K Free: 309248K (72%)
----------------- Invoking toplevel() on ptolemy.moml.MoMLSimpleApplication@69bff14c
----------------- Done invoking toplevel() on ptolemy.moml.MoMLSimpleApplication@69bff14c
reloadAllAccessors: .ArrayPeakSearch3

===========================================================================================
----------------- testing Mon Oct 21 06:11:42 UTC 2019 /home/travis/build/icyphy/ptII/ptolemy/actor/lib/test/auto/ArrayRemoveElement.xml
----------------- Instantiating /home/travis/build/icyphy/ptII/ptolemy/actor/lib/test/auto/ArrayRemoveElement.xml
4 ms. Memory: 427008K Free: 301056K (71%)
----------------- Invoking toplevel() on ptolemy.moml.MoMLSimpleApplication@619d4eb8
----------------- Done invoking toplevel() on ptolemy.moml.MoMLSimpleApplication@619d4eb8
reloadAllAccessors: .ArrayRemoveElement

===========================================================================================
----------------- testing Mon Oct 21 06:11:42 UTC 2019 /home/travis/build/icyphy/ptII/ptolemy/actor/lib/test/auto/ArraySort.xml
----------------- Instantiating /home/travis/build/icyphy/ptII/ptolemy/actor/lib/test/auto/ArraySort.xml
12 ms. Memory: 427008K Free: 292350K (68%)
----------------- Invoking toplevel() on ptolemy.moml.MoMLSimpleApplication@3dcef467
----------------- Done invoking toplevel() on ptolemy.moml.MoMLSimpleApplication@3dcef467
reloadAllAccessors: .ArraySort

===========================================================================================
----------------- testing Mon Oct 21 06:11:42 UTC 2019 /home/travis/build/icyphy/ptII/ptolemy/actor/lib/test/auto/ArraySum.xml
----------------- Instantiating /home/travis/build/icyphy/ptII/ptolemy/actor/lib/test/auto/ArraySum.xml
7 ms. Memory: 427008K Free: 286720K (67%)
----------------- Invoking toplevel() on ptolemy.moml.MoMLSimpleApplication@378594ec
----------------- Done invoking toplevel() on ptolemy.moml.MoMLSimpleApplication@378594ec
reloadAllAccessors: .ArraySum

===========================================================================================
----------------- testing Mon Oct 21 06:11:42 UTC 2019 /home/travis/build/icyphy/ptII/ptolemy/actor/lib/test/auto/ArrayToElements.xml
----------------- Instantiating /home/travis/build/icyphy/ptII/ptolemy/actor/lib/test/auto/ArrayToElements.xml
4 ms. Memory: 427008K Free: 281600K (66%)
----------------- Invoking toplevel() on ptolemy.moml.MoMLSimpleApplication@34baaef8
----------------- Done invoking toplevel() on ptolemy.moml.MoMLSimpleApplication@34baaef8
reloadAllAccessors: .ArrayToElements

===========================================================================================
----------------- testing Mon Oct 21 06:11:42 UTC 2019 /home/travis/build/icyphy/ptII/ptolemy/actor/lib/test/auto/ArrayToMatrix.xml
----------------- Instantiating /home/travis/build/icyphy/ptII/ptolemy/actor/lib/test/auto/ArrayToMatrix.xml
30 ms. Memory: 427008K Free: 266750K (62%)
----------------- Invoking toplevel() on ptolemy.moml.MoMLSimpleApplication@12707f2f
----------------- Done invoking toplevel() on ptolemy.moml.MoMLSimpleApplication@12707f2f
reloadAllAccessors: .ArrayToMatrix

===========================================================================================
----------------- testing Mon Oct 21 06:11:42 UTC 2019 /home/travis/build/icyphy/ptII/ptolemy/actor/lib/test/auto/ArrayUpdate1.xml
----------------- Instantiating /home/travis/build/icyphy/ptII/ptolemy/actor/lib/test/auto/ArrayUpdate1.xml
5 ms. Memory: 427008K Free: 262144K (61%)
----------------- Invoking toplevel() on ptolemy.moml.MoMLSimpleApplication@7262f062
----------------- Done invoking toplevel() on ptolemy.moml.MoMLSimpleApplication@7262f062
reloadAllAccessors: .ArrayUpdate1

===========================================================================================
----------------- testing Mon Oct 21 06:11:42 UTC 2019 /home/travis/build/icyphy/ptII/ptolemy/actor/lib/test/auto/ArrayUpdate2.xml
----------------- Instantiating /home/travis/build/icyphy/ptII/ptolemy/actor/lib/test/auto/ArrayUpdate2.xml
8 ms. Memory: 427008K Free: 255471K (60%)
----------------- Invoking toplevel() on ptolemy.moml.MoMLSimpleApplication@7ad5603b
----------------- Done invoking toplevel() on ptolemy.moml.MoMLSimpleApplication@7ad5603b
reloadAllAccessors: .ArrayUpdate2

===========================================================================================
----------------- testing Mon Oct 21 06:11:42 UTC 2019 /home/travis/build/icyphy/ptII/ptolemy/actor/lib/test/auto/ArrayUpdate3.xml
----------------- Instantiating /home/travis/build/icyphy/ptII/ptolemy/actor/lib/test/auto/ArrayUpdate3.xml
5 ms. Memory: 427008K Free: 250880K (59%)
----------------- Invoking toplevel() on ptolemy.moml.MoMLSimpleApplication@15d94cb6
----------------- Done invoking toplevel() on ptolemy.moml.MoMLSimpleApplication@15d94cb6
reloadAllAccessors: .ArrayUpdate3

===========================================================================================
----------------- testing Mon Oct 21 06:11:42 UTC 2019 /home/travis/build/icyphy/ptII/ptolemy/actor/lib/test/auto/Assert1.xml
----------------- Instantiating /home/travis/build/icyphy/ptII/ptolemy/actor/lib/test/auto/Assert1.xml
4 ms. Memory: 427008K Free: 246270K (58%)
----------------- Invoking toplevel() on ptolemy.moml.MoMLSimpleApplication@3737c643
----------------- Done invoking toplevel() on ptolemy.moml.MoMLSimpleApplication@3737c643
reloadAllAccessors: .Assert1

===========================================================================================
----------------- testing Mon Oct 21 06:11:42 UTC 2019 /home/travis/build/icyphy/ptII/ptolemy/actor/lib/test/auto/Assert2.xml
----------------- Instantiating /home/travis/build/icyphy/ptII/ptolemy/actor/lib/test/auto/Assert2.xml
2 ms. Memory: 427008K Free: 241150K (56%)
----------------- Invoking toplevel() on ptolemy.moml.MoMLSimpleApplication@7a33d92a
----------------- Done invoking toplevel() on ptolemy.moml.MoMLSimpleApplication@7a33d92a
reloadAllAccessors: .Assert2

===========================================================================================
----------------- testing Mon Oct 21 06:11:42 UTC 2019 /home/travis/build/icyphy/ptII/ptolemy/actor/lib/test/auto/BooleanMultiplexor.xml
----------------- Instantiating /home/travis/build/icyphy/ptII/ptolemy/actor/lib/test/auto/BooleanMultiplexor.xml
2 ms. Memory: 427008K Free: 235520K (55%)
----------------- Invoking toplevel() on ptolemy.moml.MoMLSimpleApplication@d690c57
----------------- Done invoking toplevel() on ptolemy.moml.MoMLSimpleApplication@d690c57
reloadAllAccessors: .BooleanMultiplexor

===========================================================================================
----------------- testing Mon Oct 21 06:11:42 UTC 2019 /home/travis/build/icyphy/ptII/ptolemy/actor/lib/test/auto/BooleanMultiplexor2.xml
----------------- Instantiating /home/travis/build/icyphy/ptII/ptolemy/actor/lib/test/auto/BooleanMultiplexor2.xml
13 ms. Memory: 427008K Free: 229374K (54%)
----------------- Invoking toplevel() on ptolemy.moml.MoMLSimpleApplication@51da9e59
----------------- Done invoking toplevel() on ptolemy.moml.MoMLSimpleApplication@51da9e59
reloadAllAccessors: .BooleanMultiplexor2

===========================================================================================
----------------- testing Mon Oct 21 06:11:42 UTC 2019 /home/travis/build/icyphy/ptII/ptolemy/actor/lib/test/auto/BooleanMultiplexor3.xml
----------------- Instantiating /home/travis/build/icyphy/ptII/ptolemy/actor/lib/test/auto/BooleanMultiplexor3.xml
5 ms. Memory: 427008K Free: 225280K (53%)
----------------- Invoking toplevel() on ptolemy.moml.MoMLSimpleApplication@77f19f6c
----------------- Done invoking toplevel() on ptolemy.moml.MoMLSimpleApplication@77f19f6c
reloadAllAccessors: .BooleanMultiplexor3

===========================================================================================
----------------- testing Mon Oct 21 06:11:42 UTC 2019 /home/travis/build/icyphy/ptII/ptolemy/actor/lib/test/auto/BooleanSelect.xml
----------------- Instantiating /home/travis/build/icyphy/ptII/ptolemy/actor/lib/test/auto/BooleanSelect.xml
9 ms. Memory: 427008K Free: 219628K (51%)
----------------- Invoking toplevel() on ptolemy.moml.MoMLSimpleApplication@24c2fcb1
----------------- Done invoking toplevel() on ptolemy.moml.MoMLSimpleApplication@24c2fcb1
reloadAllAccessors: .BooleanSelect

===========================================================================================
----------------- testing Mon Oct 21 06:11:42 UTC 2019 /home/travis/build/icyphy/ptII/ptolemy/actor/lib/test/auto/BooleanSelect2.xml
----------------- Instantiating /home/travis/build/icyphy/ptII/ptolemy/actor/lib/test/auto/BooleanSelect2.xml
1 ms. Memory: 427008K Free: 215040K (50%)
----------------- Invoking toplevel() on ptolemy.moml.MoMLSimpleApplication@75d687d5
----------------- Done invoking toplevel() on ptolemy.moml.MoMLSimpleApplication@75d687d5
reloadAllAccessors: .BooleanSelect2

===========================================================================================
----------------- testing Mon Oct 21 06:11:42 UTC 2019 /home/travis/build/icyphy/ptII/ptolemy/actor/lib/test/auto/BooleanSwitch.xml
----------------- Instantiating /home/travis/build/icyphy/ptII/ptolemy/actor/lib/test/auto/BooleanSwitch.xml
14 ms. Memory: 427008K Free: 208896K (49%)
----------------- Invoking toplevel() on ptolemy.moml.MoMLSimpleApplication@6e4f718b
----------------- Done invoking toplevel() on ptolemy.moml.MoMLSimpleApplication@6e4f718b
reloadAllAccessors: .BooleanSwitch

===========================================================================================
----------------- testing Mon Oct 21 06:11:42 UTC 2019 /home/travis/build/icyphy/ptII/ptolemy/actor/lib/test/auto/BooleanSwitch2.xml
----------------- Instantiating /home/travis/build/icyphy/ptII/ptolemy/actor/lib/test/auto/BooleanSwitch2.xml
2 ms. Memory: 427008K Free: 204286K (48%)
----------------- Invoking toplevel() on ptolemy.moml.MoMLSimpleApplication@3997afc1
----------------- Done invoking toplevel() on ptolemy.moml.MoMLSimpleApplication@3997afc1
reloadAllAccessors: .BooleanSwitch2

===========================================================================================
----------------- testing Mon Oct 21 06:11:42 UTC 2019 /home/travis/build/icyphy/ptII/ptolemy/actor/lib/test/auto/BooleanSwitchCloningBugWithClassRelationGroup.xml
----------------- Instantiating /home/travis/build/icyphy/ptII/ptolemy/actor/lib/test/auto/BooleanSwitchCloningBugWithClassRelationGroup.xml
3 ms. Memory: 427008K Free: 198142K (46%)
----------------- Invoking toplevel() on ptolemy.moml.MoMLSimpleApplication@265df504
----------------- Done invoking toplevel() on ptolemy.moml.MoMLSimpleApplication@265df504
reloadAllAccessors: .BooleanSwitchCloningBugWithClassRelationGroup

===========================================================================================
----------------- testing Mon Oct 21 06:11:42 UTC 2019 /home/travis/build/icyphy/ptII/ptolemy/actor/lib/test/auto/BusActors.xml
----------------- Instantiating /home/travis/build/icyphy/ptII/ptolemy/actor/lib/test/auto/BusActors.xml
4 ms. Memory: 427008K Free: 190464K (45%)
----------------- Invoking toplevel() on ptolemy.moml.MoMLSimpleApplication@34bb3485
----------------- Done invoking toplevel() on ptolemy.moml.MoMLSimpleApplication@34bb3485
reloadAllAccessors: .BusActors

===========================================================================================
----------------- testing Mon Oct 21 06:11:42 UTC 2019 /home/travis/build/icyphy/ptII/ptolemy/actor/lib/test/auto/ClassWrapper.xml
----------------- Instantiating /home/travis/build/icyphy/ptII/ptolemy/actor/lib/test/auto/ClassWrapper.xml
5 ms. Memory: 427008K Free: 186368K (44%)
----------------- Invoking toplevel() on ptolemy.moml.MoMLSimpleApplication@25eb4ca
----------------- Done invoking toplevel() on ptolemy.moml.MoMLSimpleApplication@25eb4ca
reloadAllAccessors: .ClassWrapper

===========================================================================================
----------------- testing Mon Oct 21 06:11:42 UTC 2019 /home/travis/build/icyphy/ptII/ptolemy/actor/lib/test/auto/Clock.xml
----------------- Instantiating /home/travis/build/icyphy/ptII/ptolemy/actor/lib/test/auto/Clock.xml
1 ms. Memory: 427008K Free: 182272K (43%)
----------------- Invoking toplevel() on ptolemy.moml.MoMLSimpleApplication@130fa4fd
----------------- Done invoking toplevel() on ptolemy.moml.MoMLSimpleApplication@130fa4fd
reloadAllAccessors: .Clock

===========================================================================================
----------------- testing Mon Oct 21 06:11:42 UTC 2019 /home/travis/build/icyphy/ptII/ptolemy/actor/lib/test/auto/Clock10.xml
----------------- Instantiating /home/travis/build/icyphy/ptII/ptolemy/actor/lib/test/auto/Clock10.xml
5 ms. Memory: 427008K Free: 176638K (41%)
----------------- Invoking toplevel() on ptolemy.moml.MoMLSimpleApplication@268f8499
----------------- Done invoking toplevel() on ptolemy.moml.MoMLSimpleApplication@268f8499
reloadAllAccessors: .Clock10

===========================================================================================
----------------- testing Mon Oct 21 06:11:42 UTC 2019 /home/travis/build/icyphy/ptII/ptolemy/actor/lib/test/auto/Clock11.xml
----------------- Instantiating /home/travis/build/icyphy/ptII/ptolemy/actor/lib/test/auto/Clock11.xml
5 ms. Memory: 427008K Free: 170494K (40%)
----------------- Invoking toplevel() on ptolemy.moml.MoMLSimpleApplication@5e79d5bb
----------------- Done invoking toplevel() on ptolemy.moml.MoMLSimpleApplication@5e79d5bb
reloadAllAccessors: .Clock11

===========================================================================================
----------------- testing Mon Oct 21 06:11:42 UTC 2019 /home/travis/build/icyphy/ptII/ptolemy/actor/lib/test/auto/Clock12.xml
----------------- Instantiating /home/travis/build/icyphy/ptII/ptolemy/actor/lib/test/auto/Clock12.xml
4 ms. Memory: 427008K Free: 164350K (38%)
----------------- Invoking toplevel() on ptolemy.moml.MoMLSimpleApplication@76b92c6c
----------------- Done invoking toplevel() on ptolemy.moml.MoMLSimpleApplication@76b92c6c
reloadAllAccessors: .Clock12

===========================================================================================
----------------- testing Mon Oct 21 06:11:42 UTC 2019 /home/travis/build/icyphy/ptII/ptolemy/actor/lib/test/auto/Clock13.xml
----------------- Instantiating /home/travis/build/icyphy/ptII/ptolemy/actor/lib/test/auto/Clock13.xml
5 ms. Memory: 427008K Free: 158720K (37%)
----------------- Invoking toplevel() on ptolemy.moml.MoMLSimpleApplication@578ff9a3
----------------- Done invoking toplevel() on ptolemy.moml.MoMLSimpleApplication@578ff9a3
reloadAllAccessors: .Clock13

===========================================================================================
----------------- testing Mon Oct 21 06:11:42 UTC 2019 /home/travis/build/icyphy/ptII/ptolemy/actor/lib/test/auto/Clock14.xml
----------------- Instantiating /home/travis/build/icyphy/ptII/ptolemy/actor/lib/test/auto/Clock14.xml
6 ms. Memory: 427008K Free: 152576K (36%)
----------------- Invoking toplevel() on ptolemy.moml.MoMLSimpleApplication@e355f8e
----------------- Done invoking toplevel() on ptolemy.moml.MoMLSimpleApplication@e355f8e
reloadAllAccessors: .Clock14

===========================================================================================
----------------- testing Mon Oct 21 06:11:42 UTC 2019 /home/travis/build/icyphy/ptII/ptolemy/actor/lib/test/auto/Clock15.xml
----------------- Instantiating /home/travis/build/icyphy/ptII/ptolemy/actor/lib/test/auto/Clock15.xml
2 ms. Memory: 427008K Free: 373313K (87%)
----------------- Invoking toplevel() on ptolemy.moml.MoMLSimpleApplication@7daae4b9
----------------- Done invoking toplevel() on ptolemy.moml.MoMLSimpleApplication@7daae4b9
reloadAllAccessors: .Clock15

===========================================================================================
----------------- testing Mon Oct 21 06:11:42 UTC 2019 /home/travis/build/icyphy/ptII/ptolemy/actor/lib/test/auto/Clock16.xml
----------------- Instantiating /home/travis/build/icyphy/ptII/ptolemy/actor/lib/test/auto/Clock16.xml
38 ms. Memory: 427008K Free: 357953K (84%)
----------------- Invoking toplevel() on ptolemy.moml.MoMLSimpleApplication@39abd379
----------------- Done invoking toplevel() on ptolemy.moml.MoMLSimpleApplication@39abd379
reloadAllAccessors: .Clock16

===========================================================================================
----------------- testing Mon Oct 21 06:11:43 UTC 2019 /home/travis/build/icyphy/ptII/ptolemy/actor/lib/test/auto/Clock17.xml
----------------- Instantiating /home/travis/build/icyphy/ptII/ptolemy/actor/lib/test/auto/Clock17.xml
27 ms. Memory: 427008K Free: 343601K (80%)
----------------- Invoking toplevel() on ptolemy.moml.MoMLSimpleApplication@1e8dee32
----------------- Done invoking toplevel() on ptolemy.moml.MoMLSimpleApplication@1e8dee32
reloadAllAccessors: .Clock17

===========================================================================================
----------------- testing Mon Oct 21 06:11:43 UTC 2019 /home/travis/build/icyphy/ptII/ptolemy/actor/lib/test/auto/Clock18.xml
----------------- Instantiating /home/travis/build/icyphy/ptII/ptolemy/actor/lib/test/auto/Clock18.xml
11 ms. Memory: 427008K Free: 330305K (77%)
----------------- Invoking toplevel() on ptolemy.moml.MoMLSimpleApplication@430e6d18
----------------- Done invoking toplevel() on ptolemy.moml.MoMLSimpleApplication@430e6d18
reloadAllAccessors: .Clock18

===========================================================================================
----------------- testing Mon Oct 21 06:11:43 UTC 2019 /home/travis/build/icyphy/ptII/ptolemy/actor/lib/test/auto/Clock19.xml
----------------- Instantiating /home/travis/build/icyphy/ptII/ptolemy/actor/lib/test/auto/Clock19.xml
13 ms. Memory: 427008K Free: 317007K (74%)
----------------- Invoking toplevel() on ptolemy.moml.MoMLSimpleApplication@1bd1e82a
----------------- Done invoking toplevel() on ptolemy.moml.MoMLSimpleApplication@1bd1e82a
reloadAllAccessors: .Clock19

===========================================================================================
----------------- testing Mon Oct 21 06:11:43 UTC 2019 /home/travis/build/icyphy/ptII/ptolemy/actor/lib/test/auto/Clock2.xml
----------------- Instantiating /home/travis/build/icyphy/ptII/ptolemy/actor/lib/test/auto/Clock2.xml
5 ms. Memory: 427008K Free: 312897K (73%)
----------------- Invoking toplevel() on ptolemy.moml.MoMLSimpleApplication@58a2e7a5
----------------- Done invoking toplevel() on ptolemy.moml.MoMLSimpleApplication@58a2e7a5
reloadAllAccessors: .Clock2

===========================================================================================
----------------- testing Mon Oct 21 06:11:43 UTC 2019 /home/travis/build/icyphy/ptII/ptolemy/actor/lib/test/auto/Clock20.xml
----------------- Instantiating /home/travis/build/icyphy/ptII/ptolemy/actor/lib/test/auto/Clock20.xml
7 ms. Memory: 427008K Free: 307281K (72%)
----------------- Invoking toplevel() on ptolemy.moml.MoMLSimpleApplication@57828845
----------------- Done invoking toplevel() on ptolemy.moml.MoMLSimpleApplication@57828845
reloadAllAccessors: .Clock20

===========================================================================================
----------------- testing Mon Oct 21 06:11:43 UTC 2019 /home/travis/build/icyphy/ptII/ptolemy/actor/lib/test/auto/Clock21.xml
----------------- Instantiating /home/travis/build/icyphy/ptII/ptolemy/actor/lib/test/auto/Clock21.xml
5 ms. Memory: 427008K Free: 301647K (71%)
----------------- Invoking toplevel() on ptolemy.moml.MoMLSimpleApplication@6fb6d113
----------------- Done invoking toplevel() on ptolemy.moml.MoMLSimpleApplication@6fb6d113
reloadAllAccessors: .Clock21

===========================================================================================
----------------- testing Mon Oct 21 06:11:43 UTC 2019 /home/travis/build/icyphy/ptII/ptolemy/actor/lib/test/auto/Clock22.xml
----------------- Instantiating /home/travis/build/icyphy/ptII/ptolemy/actor/lib/test/auto/Clock22.xml
4 ms. Memory: 427008K Free: 296527K (69%)
----------------- Invoking toplevel() on ptolemy.moml.MoMLSimpleApplication@2a90ba54
----------------- Done invoking toplevel() on ptolemy.moml.MoMLSimpleApplication@2a90ba54
reloadAllAccessors: .Clock22

===========================================================================================
----------------- testing Mon Oct 21 06:11:43 UTC 2019 /home/travis/build/icyphy/ptII/ptolemy/actor/lib/test/auto/Clock23.xml
----------------- Instantiating /home/travis/build/icyphy/ptII/ptolemy/actor/lib/test/auto/Clock23.xml
7 ms. Memory: 427008K Free: 290897K (68%)
----------------- Invoking toplevel() on ptolemy.moml.MoMLSimpleApplication@3cd13602
----------------- Done invoking toplevel() on ptolemy.moml.MoMLSimpleApplication@3cd13602
reloadAllAccessors: .Clock23

===========================================================================================
----------------- testing Mon Oct 21 06:11:43 UTC 2019 /home/travis/build/icyphy/ptII/ptolemy/actor/lib/test/auto/Clock24.xml
----------------- Instantiating /home/travis/build/icyphy/ptII/ptolemy/actor/lib/test/auto/Clock24.xml
5 ms. Memory: 427008K Free: 285777K (67%)
----------------- Invoking toplevel() on ptolemy.moml.MoMLSimpleApplication@6eb22eee
----------------- Done invoking toplevel() on ptolemy.moml.MoMLSimpleApplication@6eb22eee
reloadAllAccessors: .Clock24

===========================================================================================
----------------- testing Mon Oct 21 06:11:43 UTC 2019 /home/travis/build/icyphy/ptII/ptolemy/actor/lib/test/auto/Clock4.xml
----------------- Instantiating /home/travis/build/icyphy/ptII/ptolemy/actor/lib/test/auto/Clock4.xml
2 ms. Memory: 427008K Free: 280657K (66%)
----------------- Invoking toplevel() on ptolemy.moml.MoMLSimpleApplication@43fef36d
----------------- Done invoking toplevel() on ptolemy.moml.MoMLSimpleApplication@43fef36d
reloadAllAccessors: .Clock4

===========================================================================================
----------------- testing Mon Oct 21 06:11:43 UTC 2019 /home/travis/build/icyphy/ptII/ptolemy/actor/lib/test/auto/Clock5.xml
----------------- Instantiating /home/travis/build/icyphy/ptII/ptolemy/actor/lib/test/auto/Clock5.xml
7 ms. Memory: 427008K Free: 275537K (65%)
----------------- Invoking toplevel() on ptolemy.moml.MoMLSimpleApplication@5a340edf
----------------- Done invoking toplevel() on ptolemy.moml.MoMLSimpleApplication@5a340edf
reloadAllAccessors: .Clock5

===========================================================================================
----------------- testing Mon Oct 21 06:11:43 UTC 2019 /home/travis/build/icyphy/ptII/ptolemy/actor/lib/test/auto/Clock6.xml
----------------- Instantiating /home/travis/build/icyphy/ptII/ptolemy/actor/lib/test/auto/Clock6.xml
2 ms. Memory: 427008K Free: 270927K (63%)
----------------- Invoking toplevel() on ptolemy.moml.MoMLSimpleApplication@4b7371db
----------------- Done invoking toplevel() on ptolemy.moml.MoMLSimpleApplication@4b7371db
reloadAllAccessors: .Clock6

===========================================================================================
----------------- testing Mon Oct 21 06:11:43 UTC 2019 /home/travis/build/icyphy/ptII/ptolemy/actor/lib/test/auto/Clock7.xml
----------------- Instantiating /home/travis/build/icyphy/ptII/ptolemy/actor/lib/test/auto/Clock7.xml
2 ms. Memory: 427008K Free: 265807K (62%)
----------------- Invoking toplevel() on ptolemy.moml.MoMLSimpleApplication@5149807b
----------------- Done invoking toplevel() on ptolemy.moml.MoMLSimpleApplication@5149807b
reloadAllAccessors: .Clock7

===========================================================================================
----------------- testing Mon Oct 21 06:11:43 UTC 2019 /home/travis/build/icyphy/ptII/ptolemy/actor/lib/test/auto/Clock8.xml
----------------- Instantiating /home/travis/build/icyphy/ptII/ptolemy/actor/lib/test/auto/Clock8.xml
6 ms. Memory: 427008K Free: 260657K (61%)
----------------- Invoking toplevel() on ptolemy.moml.MoMLSimpleApplication@67228f7a
----------------- Done invoking toplevel() on ptolemy.moml.MoMLSimpleApplication@67228f7a
reloadAllAccessors: .Clock8

===========================================================================================
----------------- testing Mon Oct 21 06:11:43 UTC 2019 /home/travis/build/icyphy/ptII/ptolemy/actor/lib/test/auto/Clock9.xml
----------------- Instantiating /home/travis/build/icyphy/ptII/ptolemy/actor/lib/test/auto/Clock9.xml
5 ms. Memory: 427008K Free: 255057K (60%)
----------------- Invoking toplevel() on ptolemy.moml.MoMLSimpleApplication@35276e03
----------------- Done invoking toplevel() on ptolemy.moml.MoMLSimpleApplication@35276e03
reloadAllAccessors: .Clock9

===========================================================================================
----------------- testing Mon Oct 21 06:11:43 UTC 2019 /home/travis/build/icyphy/ptII/ptolemy/actor/lib/test/auto/CommDistDiscard.xml
----------------- Instantiating /home/travis/build/icyphy/ptII/ptolemy/actor/lib/test/auto/CommDistDiscard.xml
5 ms. Memory: 427008K Free: 249937K (59%)
----------------- Invoking toplevel() on ptolemy.moml.MoMLSimpleApplication@33eca9d7
----------------- Done invoking toplevel() on ptolemy.moml.MoMLSimpleApplication@33eca9d7
reloadAllAccessors: .CommDistDiscard

===========================================================================================
----------------- testing Mon Oct 21 06:11:43 UTC 2019 /home/travis/build/icyphy/ptII/ptolemy/actor/lib/test/auto/Commutator.xml
----------------- Instantiating /home/travis/build/icyphy/ptII/ptolemy/actor/lib/test/auto/Commutator.xml
2 ms. Memory: 427008K Free: 245327K (57%)
----------------- Invoking toplevel() on ptolemy.moml.MoMLSimpleApplication@47ed1ffe
----------------- Done invoking toplevel() on ptolemy.moml.MoMLSimpleApplication@47ed1ffe
reloadAllAccessors: .Commutator

===========================================================================================
----------------- testing Mon Oct 21 06:11:43 UTC 2019 /home/travis/build/icyphy/ptII/ptolemy/actor/lib/test/auto/Commutator2.xml
----------------- Instantiating /home/travis/build/icyphy/ptII/ptolemy/actor/lib/test/auto/Commutator2.xml
2 ms. Memory: 427008K Free: 240721K (56%)
----------------- Invoking toplevel() on ptolemy.moml.MoMLSimpleApplication@6e706b5f
----------------- Done invoking toplevel() on ptolemy.moml.MoMLSimpleApplication@6e706b5f
reloadAllAccessors: .Commutator2

===========================================================================================
----------------- testing Mon Oct 21 06:11:43 UTC 2019 /home/travis/build/icyphy/ptII/ptolemy/actor/lib/test/auto/Commutator3.xml
----------------- Instantiating /home/travis/build/icyphy/ptII/ptolemy/actor/lib/test/auto/Commutator3.xml
2 ms. Memory: 427008K Free: 236625K (55%)
----------------- Invoking toplevel() on ptolemy.moml.MoMLSimpleApplication@7c49de9e
----------------- Done invoking toplevel() on ptolemy.moml.MoMLSimpleApplication@7c49de9e
reloadAllAccessors: .Commutator3

===========================================================================================
----------------- testing Mon Oct 21 06:11:43 UTC 2019 /home/travis/build/icyphy/ptII/ptolemy/actor/lib/test/auto/Compare.xml
----------------- Instantiating /home/travis/build/icyphy/ptII/ptolemy/actor/lib/test/auto/Compare.xml
3 ms. Memory: 427008K Free: 229967K (54%)
----------------- Invoking toplevel() on ptolemy.moml.MoMLSimpleApplication@560719eb
----------------- Done invoking toplevel() on ptolemy.moml.MoMLSimpleApplication@560719eb
reloadAllAccessors: .Compare

===========================================================================================
----------------- testing Mon Oct 21 06:11:43 UTC 2019 /home/travis/build/icyphy/ptII/ptolemy/actor/lib/test/auto/CompareDE.xml
----------------- Instantiating /home/travis/build/icyphy/ptII/ptolemy/actor/lib/test/auto/CompareDE.xml
4 ms. Memory: 427008K Free: 223313K (52%)
----------------- Invoking toplevel() on ptolemy.moml.MoMLSimpleApplication@37995009
----------------- Done invoking toplevel() on ptolemy.moml.MoMLSimpleApplication@37995009
reloadAllAccessors: .CompareDE

===========================================================================================
----------------- testing Mon Oct 21 06:11:43 UTC 2019 /home/travis/build/icyphy/ptII/ptolemy/actor/lib/test/auto/ComplexDivide.xml
----------------- Instantiating /home/travis/build/icyphy/ptII/ptolemy/actor/lib/test/auto/ComplexDivide.xml
2 ms. Memory: 427008K Free: 219217K (51%)
----------------- Invoking toplevel() on ptolemy.moml.MoMLSimpleApplication@72ff5378
----------------- Done invoking toplevel() on ptolemy.moml.MoMLSimpleApplication@72ff5378
reloadAllAccessors: .ComplexDivide

===========================================================================================
----------------- testing Mon Oct 21 06:11:43 UTC 2019 /home/travis/build/icyphy/ptII/ptolemy/actor/lib/test/auto/ComputeHistogram.xml
----------------- Instantiating /home/travis/build/icyphy/ptII/ptolemy/actor/lib/test/auto/ComputeHistogram.xml
38 ms. Memory: 427008K Free: 205905K (48%)
----------------- Invoking toplevel() on ptolemy.moml.MoMLSimpleApplication@31be7008
----------------- Done invoking toplevel() on ptolemy.moml.MoMLSimpleApplication@31be7008
reloadAllAccessors: .ComputeHistogram

===========================================================================================
----------------- testing Mon Oct 21 06:11:43 UTC 2019 /home/travis/build/icyphy/ptII/ptolemy/actor/lib/test/auto/ConfigurationSelect.xml
----------------- Instantiating /home/travis/build/icyphy/ptII/ptolemy/actor/lib/test/auto/ConfigurationSelect.xml
11 ms. Memory: 427008K Free: 200785K (47%)
----------------- Invoking toplevel() on ptolemy.moml.MoMLSimpleApplication@2978baaf
----------------- Done invoking toplevel() on ptolemy.moml.MoMLSimpleApplication@2978baaf
reloadAllAccessors: .ConfigurationSelect

===========================================================================================
----------------- testing Mon Oct 21 06:11:43 UTC 2019 /home/travis/build/icyphy/ptII/ptolemy/actor/lib/test/auto/ConfigurationSelect2.xml
----------------- Instantiating /home/travis/build/icyphy/ptII/ptolemy/actor/lib/test/auto/ConfigurationSelect2.xml
2 ms. Memory: 427008K Free: 196175K (46%)
----------------- Invoking toplevel() on ptolemy.moml.MoMLSimpleApplication@fd88a96
----------------- Done invoking toplevel() on ptolemy.moml.MoMLSimpleApplication@fd88a96
reloadAllAccessors: .ConfigurationSelect2

===========================================================================================
----------------- testing Mon Oct 21 06:11:43 UTC 2019 /home/travis/build/icyphy/ptII/ptolemy/actor/lib/test/auto/ConfigurationSwitch.xml
----------------- Instantiating /home/travis/build/icyphy/ptII/ptolemy/actor/lib/test/auto/ConfigurationSwitch.xml
2 ms. Memory: 427008K Free: 190545K (45%)
----------------- Invoking toplevel() on ptolemy.moml.MoMLSimpleApplication@ed09627
----------------- Done invoking toplevel() on ptolemy.moml.MoMLSimpleApplication@ed09627
reloadAllAccessors: .ConfigurationSwitch

===========================================================================================
----------------- testing Mon Oct 21 06:11:43 UTC 2019 /home/travis/build/icyphy/ptII/ptolemy/actor/lib/test/auto/ConfigurationSwitch2.xml
----------------- Instantiating /home/travis/build/icyphy/ptII/ptolemy/actor/lib/test/auto/ConfigurationSwitch2.xml
4 ms. Memory: 427008K Free: 185425K (43%)
----------------- Invoking toplevel() on ptolemy.moml.MoMLSimpleApplication@461312b5
----------------- Done invoking toplevel() on ptolemy.moml.MoMLSimpleApplication@461312b5
reloadAllAccessors: .ConfigurationSwitch2

===========================================================================================
----------------- testing Mon Oct 21 06:11:43 UTC 2019 /home/travis/build/icyphy/ptII/ptolemy/actor/lib/test/auto/ConfigurationSwitchCloningBugWithClassRelationGroup.xml
----------------- Instantiating /home/travis/build/icyphy/ptII/ptolemy/actor/lib/test/auto/ConfigurationSwitchCloningBugWithClassRelationGroup.xml
2 ms. Memory: 427008K Free: 178767K (42%)
----------------- Invoking toplevel() on ptolemy.moml.MoMLSimpleApplication@7be58d48
----------------- Done invoking toplevel() on ptolemy.moml.MoMLSimpleApplication@7be58d48
reloadAllAccessors: .ConfigurationSwitchCloningBugWithClassRelationGroup

===========================================================================================
----------------- testing Mon Oct 21 06:11:43 UTC 2019 /home/travis/build/icyphy/ptII/ptolemy/actor/lib/test/auto/ConfigurationSwitchSelectSDF.xml
----------------- Instantiating /home/travis/build/icyphy/ptII/ptolemy/actor/lib/test/auto/ConfigurationSwitchSelectSDF.xml
4 ms. Memory: 427008K Free: 173647K (41%)
----------------- Invoking toplevel() on ptolemy.moml.MoMLSimpleApplication@396a68f4
----------------- Done invoking toplevel() on ptolemy.moml.MoMLSimpleApplication@396a68f4
reloadAllAccessors: .ConfigurationSwitchSelectSDF

===========================================================================================
----------------- testing Mon Oct 21 06:11:43 UTC 2019 /home/travis/build/icyphy/ptII/ptolemy/actor/lib/test/auto/ConfigurationSwitchSelectSDF2.xml
----------------- Instantiating /home/travis/build/icyphy/ptII/ptolemy/actor/lib/test/auto/ConfigurationSwitchSelectSDF2.xml
2 ms. Memory: 427008K Free: 167503K (39%)
----------------- Invoking toplevel() on ptolemy.moml.MoMLSimpleApplication@307f7021
----------------- Done invoking toplevel() on ptolemy.moml.MoMLSimpleApplication@307f7021
reloadAllAccessors: .ConfigurationSwitchSelectSDF2

===========================================================================================
----------------- testing Mon Oct 21 06:11:43 UTC 2019 /home/travis/build/icyphy/ptII/ptolemy/actor/lib/test/auto/Const.xml
----------------- Instantiating /home/travis/build/icyphy/ptII/ptolemy/actor/lib/test/auto/Const.xml
1 ms. Memory: 427008K Free: 163921K (38%)
----------------- Invoking toplevel() on ptolemy.moml.MoMLSimpleApplication@79db95bb
----------------- Done invoking toplevel() on ptolemy.moml.MoMLSimpleApplication@79db95bb
reloadAllAccessors: .Const

===========================================================================================
----------------- testing Mon Oct 21 06:11:43 UTC 2019 /home/travis/build/icyphy/ptII/ptolemy/actor/lib/test/auto/Const2.xml
----------------- Instantiating /home/travis/build/icyphy/ptII/ptolemy/actor/lib/test/auto/Const2.xml
1 ms. Memory: 427008K Free: 160335K (38%)
----------------- Invoking toplevel() on ptolemy.moml.MoMLSimpleApplication@bf6cf44
----------------- Done invoking toplevel() on ptolemy.moml.MoMLSimpleApplication@bf6cf44
reloadAllAccessors: .Const2

===========================================================================================
----------------- testing Mon Oct 21 06:11:43 UTC 2019 /home/travis/build/icyphy/ptII/ptolemy/actor/lib/test/auto/Const3.xml
----------------- Instantiating /home/travis/build/icyphy/ptII/ptolemy/actor/lib/test/auto/Const3.xml
1 ms. Memory: 427008K Free: 157263K (37%)
----------------- Invoking toplevel() on ptolemy.moml.MoMLSimpleApplication@2fd83f38
----------------- Done invoking toplevel() on ptolemy.moml.MoMLSimpleApplication@2fd83f38
reloadAllAccessors: .Const3

===========================================================================================
----------------- testing Mon Oct 21 06:11:43 UTC 2019 /home/travis/build/icyphy/ptII/ptolemy/actor/lib/test/auto/ConstantPublisherPort1.xml
----------------- Instantiating /home/travis/build/icyphy/ptII/ptolemy/actor/lib/test/auto/ConstantPublisherPort1.xml
5 ms. Memory: 427008K Free: 149071K (35%)
----------------- Invoking toplevel() on ptolemy.moml.MoMLSimpleApplication@216606a7
----------------- Done invoking toplevel() on ptolemy.moml.MoMLSimpleApplication@216606a7
reloadAllAccessors: .ConstantPublisherPort1

===========================================================================================
----------------- testing Mon Oct 21 06:11:43 UTC 2019 /home/travis/build/icyphy/ptII/ptolemy/actor/lib/test/auto/ConstantPublisherPort2.xml
----------------- Instantiating /home/travis/build/icyphy/ptII/ptolemy/actor/lib/test/auto/ConstantPublisherPort2.xml
10 ms. Memory: 427008K Free: 140879K (33%)
----------------- Invoking toplevel() on ptolemy.moml.MoMLSimpleApplication@7c1a55ae
----------------- Done invoking toplevel() on ptolemy.moml.MoMLSimpleApplication@7c1a55ae
reloadAllAccessors: .ConstantPublisherPort2

===========================================================================================
----------------- testing Mon Oct 21 06:11:44 UTC 2019 /home/travis/build/icyphy/ptII/ptolemy/actor/lib/test/auto/ConstantPublisherPort3.xml
----------------- Instantiating /home/travis/build/icyphy/ptII/ptolemy/actor/lib/test/auto/ConstantPublisherPort3.xml
16 ms. Memory: 427008K Free: 133201K (31%)
----------------- Invoking toplevel() on ptolemy.moml.MoMLSimpleApplication@1f5e7a9a
----------------- Done invoking toplevel() on ptolemy.moml.MoMLSimpleApplication@1f5e7a9a
reloadAllAccessors: .ConstantPublisherPort3

===========================================================================================
----------------- testing Mon Oct 21 06:11:44 UTC 2019 /home/travis/build/icyphy/ptII/ptolemy/actor/lib/test/auto/ConstantPublisherPort4.xml
----------------- Instantiating /home/travis/build/icyphy/ptII/ptolemy/actor/lib/test/auto/ConstantPublisherPort4.xml
6 ms. Memory: 427008K Free: 126543K (30%)
----------------- Invoking toplevel() on ptolemy.moml.MoMLSimpleApplication@71ea8058
----------------- Done invoking toplevel() on ptolemy.moml.MoMLSimpleApplication@71ea8058
reloadAllAccessors: .ConstantPublisherPort4

===========================================================================================
----------------- testing Mon Oct 21 06:11:44 UTC 2019 /home/travis/build/icyphy/ptII/ptolemy/actor/lib/test/auto/ConstantPublisherPort5.xml
----------------- Instantiating /home/travis/build/icyphy/ptII/ptolemy/actor/lib/test/auto/ConstantPublisherPort5.xml
25 ms. Memory: 427008K Free: 370171K (87%)
----------------- Invoking toplevel() on ptolemy.moml.MoMLSimpleApplication@1a9c3b52
----------------- Done invoking toplevel() on ptolemy.moml.MoMLSimpleApplication@1a9c3b52
reloadAllAccessors: .ConstantPublisherPort5

===========================================================================================
----------------- testing Mon Oct 21 06:11:44 UTC 2019 /home/travis/build/icyphy/ptII/ptolemy/actor/lib/test/auto/ConstantPublisherPort6.xml
----------------- Instantiating /home/travis/build/icyphy/ptII/ptolemy/actor/lib/test/auto/ConstantPublisherPort6.xml
14 ms. Memory: 427008K Free: 360958K (85%)
----------------- Invoking toplevel() on ptolemy.moml.MoMLSimpleApplication@6a0aa348
----------------- Done invoking toplevel() on ptolemy.moml.MoMLSimpleApplication@6a0aa348
reloadAllAccessors: .ConstantPublisherPort6

===========================================================================================
----------------- testing Mon Oct 21 06:11:44 UTC 2019 /home/travis/build/icyphy/ptII/ptolemy/actor/lib/test/auto/ConstantPublisherPort7.xml
----------------- Instantiating /home/travis/build/icyphy/ptII/ptolemy/actor/lib/test/auto/ConstantPublisherPort7.xml
18 ms. Memory: 427008K Free: 351232K (82%)
----------------- Invoking toplevel() on ptolemy.moml.MoMLSimpleApplication@31ce5dd4
----------------- Done invoking toplevel() on ptolemy.moml.MoMLSimpleApplication@31ce5dd4
reloadAllAccessors: .ConstantPublisherPort7

===========================================================================================
----------------- testing Mon Oct 21 06:11:44 UTC 2019 /home/travis/build/icyphy/ptII/ptolemy/actor/lib/test/auto/ConstraintMonitor1.xml
----------------- Instantiating /home/travis/build/icyphy/ptII/ptolemy/actor/lib/test/auto/ConstraintMonitor1.xml
5 ms. Memory: 427008K Free: 346622K (81%)
----------------- Invoking toplevel() on ptolemy.moml.MoMLSimpleApplication@57761dff
----------------- Done invoking toplevel() on ptolemy.moml.MoMLSimpleApplication@57761dff
reloadAllAccessors: .ConstraintMonitor1

===========================================================================================
----------------- testing Mon Oct 21 06:11:44 UTC 2019 /home/travis/build/icyphy/ptII/ptolemy/actor/lib/test/auto/ConstraintMonitor2.xml
----------------- Instantiating /home/travis/build/icyphy/ptII/ptolemy/actor/lib/test/auto/ConstraintMonitor2.xml
4 ms. Memory: 427008K Free: 342016K (80%)
----------------- Invoking toplevel() on ptolemy.moml.MoMLSimpleApplication@39b97ed6
----------------- Done invoking toplevel() on ptolemy.moml.MoMLSimpleApplication@39b97ed6
reloadAllAccessors: .ConstraintMonitor2

===========================================================================================
----------------- testing Mon Oct 21 06:11:44 UTC 2019 /home/travis/build/icyphy/ptII/ptolemy/actor/lib/test/auto/ConstraintMonitor3.xml
----------------- Instantiating /home/travis/build/icyphy/ptII/ptolemy/actor/lib/test/auto/ConstraintMonitor3.xml
5 ms. Memory: 427008K Free: 337406K (79%)
----------------- Invoking toplevel() on ptolemy.moml.MoMLSimpleApplication@7bf8474e
----------------- Done invoking toplevel() on ptolemy.moml.MoMLSimpleApplication@7bf8474e
reloadAllAccessors: .ConstraintMonitor3

===========================================================================================
----------------- testing Mon Oct 21 06:11:44 UTC 2019 /home/travis/build/icyphy/ptII/ptolemy/actor/lib/test/auto/ConstraintMonitor4.xml
----------------- Instantiating /home/travis/build/icyphy/ptII/ptolemy/actor/lib/test/auto/ConstraintMonitor4.xml
1 ms. Memory: 427008K Free: 332800K (78%)
----------------- Invoking toplevel() on ptolemy.moml.MoMLSimpleApplication@3943abb0
----------------- Done invoking toplevel() on ptolemy.moml.MoMLSimpleApplication@3943abb0
reloadAllAccessors: .ConstraintMonitor4

===========================================================================================
----------------- testing Mon Oct 21 06:11:44 UTC 2019 /home/travis/build/icyphy/ptII/ptolemy/actor/lib/test/auto/ConstraintMonitor5.xml
----------------- Instantiating /home/travis/build/icyphy/ptII/ptolemy/actor/lib/test/auto/ConstraintMonitor5.xml
4 ms. Memory: 427008K Free: 327166K (77%)
----------------- Invoking toplevel() on ptolemy.moml.MoMLSimpleApplication@331828f6
----------------- Done invoking toplevel() on ptolemy.moml.MoMLSimpleApplication@331828f6
reloadAllAccessors: .ConstraintMonitor5

===========================================================================================
----------------- testing Mon Oct 21 06:11:44 UTC 2019 /home/travis/build/icyphy/ptII/ptolemy/actor/lib/test/auto/ConstraintMonitor6.xml
----------------- Instantiating /home/travis/build/icyphy/ptII/ptolemy/actor/lib/test/auto/ConstraintMonitor6.xml
6 ms. Memory: 427008K Free: 321536K (75%)
----------------- Invoking toplevel() on ptolemy.moml.MoMLSimpleApplication@22aabcb2
----------------- Done invoking toplevel() on ptolemy.moml.MoMLSimpleApplication@22aabcb2
reloadAllAccessors: .ConstraintMonitor6

===========================================================================================
----------------- testing Mon Oct 21 06:11:44 UTC 2019 /home/travis/build/icyphy/ptII/ptolemy/actor/lib/test/auto/ConstraintMonitor7.xml
----------------- Instantiating /home/travis/build/icyphy/ptII/ptolemy/actor/lib/test/auto/ConstraintMonitor7.xml
5 ms. Memory: 427008K Free: 314863K (74%)
----------------- Invoking toplevel() on ptolemy.moml.MoMLSimpleApplication@490bbf8c
----------------- Done invoking toplevel() on ptolemy.moml.MoMLSimpleApplication@490bbf8c
reloadAllAccessors: .ConstraintMonitor7

===========================================================================================
----------------- testing Mon Oct 21 06:11:44 UTC 2019 /home/travis/build/icyphy/ptII/ptolemy/actor/lib/test/auto/ConstraintMonitor8.xml
----------------- Instantiating /home/travis/build/icyphy/ptII/ptolemy/actor/lib/test/auto/ConstraintMonitor8.xml
7 ms. Memory: 427008K Free: 307200K (72%)
----------------- Invoking toplevel() on ptolemy.moml.MoMLSimpleApplication@35a0ad42
----------------- Done invoking toplevel() on ptolemy.moml.MoMLSimpleApplication@35a0ad42
reloadAllAccessors: .ConstraintMonitor8

===========================================================================================
----------------- testing Mon Oct 21 06:11:44 UTC 2019 /home/travis/build/icyphy/ptII/ptolemy/actor/lib/test/auto/Counter.xml
----------------- Instantiating /home/travis/build/icyphy/ptII/ptolemy/actor/lib/test/auto/Counter.xml
3 ms. Memory: 427008K Free: 302590K (71%)
----------------- Invoking toplevel() on ptolemy.moml.MoMLSimpleApplication@1d54dba9
----------------- Done invoking toplevel() on ptolemy.moml.MoMLSimpleApplication@1d54dba9
reloadAllAccessors: .Counter

===========================================================================================
----------------- testing Mon Oct 21 06:11:44 UTC 2019 /home/travis/build/icyphy/ptII/ptolemy/actor/lib/test/auto/CurrentTimeSDF.xml
----------------- Instantiating /home/travis/build/icyphy/ptII/ptolemy/actor/lib/test/auto/CurrentTimeSDF.xml
1 ms. Memory: 427008K Free: 298494K (70%)
----------------- Invoking toplevel() on ptolemy.moml.MoMLSimpleApplication@5d794c02
----------------- Done invoking toplevel() on ptolemy.moml.MoMLSimpleApplication@5d794c02
reloadAllAccessors: .CurrentTimeSDF

===========================================================================================
----------------- testing Mon Oct 21 06:11:44 UTC 2019 /home/travis/build/icyphy/ptII/ptolemy/actor/lib/test/auto/DB.xml
----------------- Instantiating /home/travis/build/icyphy/ptII/ptolemy/actor/lib/test/auto/DB.xml
1 ms. Memory: 427008K Free: 293374K (69%)
----------------- Invoking toplevel() on ptolemy.moml.MoMLSimpleApplication@7a64a050
----------------- Done invoking toplevel() on ptolemy.moml.MoMLSimpleApplication@7a64a050
reloadAllAccessors: .DB

===========================================================================================
----------------- testing Mon Oct 21 06:11:44 UTC 2019 /home/travis/build/icyphy/ptII/ptolemy/actor/lib/test/auto/DBDE.xml
----------------- Instantiating /home/travis/build/icyphy/ptII/ptolemy/actor/lib/test/auto/DBDE.xml
2 ms. Memory: 427008K Free: 287744K (67%)
----------------- Invoking toplevel() on ptolemy.moml.MoMLSimpleApplication@5dcd03bc
----------------- Done invoking toplevel() on ptolemy.moml.MoMLSimpleApplication@5dcd03bc
reloadAllAccessors: .DBDE

===========================================================================================
----------------- testing Mon Oct 21 06:11:44 UTC 2019 /home/travis/build/icyphy/ptII/ptolemy/actor/lib/test/auto/DateConstructor.xml
----------------- Instantiating /home/travis/build/icyphy/ptII/ptolemy/actor/lib/test/auto/DateConstructor.xml
32 ms. Memory: 427008K Free: 269822K (63%)
----------------- Invoking toplevel() on ptolemy.moml.MoMLSimpleApplication@76e463ec
----------------- Done invoking toplevel() on ptolemy.moml.MoMLSimpleApplication@76e463ec
reloadAllAccessors: .DateConstructor

===========================================================================================
----------------- testing Mon Oct 21 06:11:44 UTC 2019 /home/travis/build/icyphy/ptII/ptolemy/actor/lib/test/auto/DelayTime.xml
----------------- Instantiating /home/travis/build/icyphy/ptII/ptolemy/actor/lib/test/auto/DelayTime.xml
7 ms. Memory: 427008K Free: 264702K (62%)
----------------- Invoking toplevel() on ptolemy.moml.MoMLSimpleApplication@53391edc
----------------- Done invoking toplevel() on ptolemy.moml.MoMLSimpleApplication@53391edc
reloadAllAccessors: .DelayTime

===========================================================================================
----------------- testing Mon Oct 21 06:11:44 UTC 2019 /home/travis/build/icyphy/ptII/ptolemy/actor/lib/test/auto/Dictionary1.xml
----------------- Instantiating /home/travis/build/icyphy/ptII/ptolemy/actor/lib/test/auto/Dictionary1.xml
1 ms. Memory: 427008K Free: 259582K (61%)
----------------- Invoking toplevel() on ptolemy.moml.MoMLSimpleApplication@59028655
----------------- Done invoking toplevel() on ptolemy.moml.MoMLSimpleApplication@59028655
reloadAllAccessors: .Dictionary1

===========================================================================================
----------------- testing Mon Oct 21 06:11:44 UTC 2019 /home/travis/build/icyphy/ptII/ptolemy/actor/lib/test/auto/Dictionary2.xml
----------------- Instantiating /home/travis/build/icyphy/ptII/ptolemy/actor/lib/test/auto/Dictionary2.xml
2 ms. Memory: 427008K Free: 253952K (59%)
----------------- Invoking toplevel() on ptolemy.moml.MoMLSimpleApplication@6bb64262
----------------- Done invoking toplevel() on ptolemy.moml.MoMLSimpleApplication@6bb64262
reloadAllAccessors: .Dictionary2

===========================================================================================
----------------- testing Mon Oct 21 06:11:44 UTC 2019 /home/travis/build/icyphy/ptII/ptolemy/actor/lib/test/auto/Dictionary3.xml
----------------- Instantiating /home/travis/build/icyphy/ptII/ptolemy/actor/lib/test/auto/Dictionary3.xml
1 ms. Memory: 427008K Free: 248318K (58%)
----------------- Invoking toplevel() on ptolemy.moml.MoMLSimpleApplication@4fd99091
----------------- Done invoking toplevel() on ptolemy.moml.MoMLSimpleApplication@4fd99091
reloadAllAccessors: .Dictionary3

===========================================================================================
----------------- testing Mon Oct 21 06:11:44 UTC 2019 /home/travis/build/icyphy/ptII/ptolemy/actor/lib/test/auto/Dictionary4.xml
----------------- Instantiating /home/travis/build/icyphy/ptII/ptolemy/actor/lib/test/auto/Dictionary4.xml
6 ms. Memory: 427008K Free: 241664K (57%)
----------------- Invoking toplevel() on ptolemy.moml.MoMLSimpleApplication@3e00b889
----------------- Done invoking toplevel() on ptolemy.moml.MoMLSimpleApplication@3e00b889
reloadAllAccessors: .Dictionary4

===========================================================================================
----------------- testing Mon Oct 21 06:11:44 UTC 2019 /home/travis/build/icyphy/ptII/ptolemy/actor/lib/test/auto/Differential.xml
----------------- Instantiating /home/travis/build/icyphy/ptII/ptolemy/actor/lib/test/auto/Differential.xml
4 ms. Memory: 427008K Free: 237054K (56%)
----------------- Invoking toplevel() on ptolemy.moml.MoMLSimpleApplication@631734ff
----------------- Done invoking toplevel() on ptolemy.moml.MoMLSimpleApplication@631734ff
reloadAllAccessors: .Differential

===========================================================================================
----------------- testing Mon Oct 21 06:11:44 UTC 2019 /home/travis/build/icyphy/ptII/ptolemy/actor/lib/test/auto/Director.xml
----------------- Instantiating /home/travis/build/icyphy/ptII/ptolemy/actor/lib/test/auto/Director.xml
4 ms. Memory: 427008K Free: 233472K (55%)
----------------- Invoking toplevel() on ptolemy.moml.MoMLSimpleApplication@11b8bf31
----------------- Done invoking toplevel() on ptolemy.moml.MoMLSimpleApplication@11b8bf31
reloadAllAccessors: .Director

===========================================================================================
----------------- testing Mon Oct 21 06:11:44 UTC 2019 /home/travis/build/icyphy/ptII/ptolemy/actor/lib/test/auto/DiscreteClock.xml
----------------- Instantiating /home/travis/build/icyphy/ptII/ptolemy/actor/lib/test/auto/DiscreteClock.xml
2 ms. Memory: 427008K Free: 229376K (54%)
----------------- Invoking toplevel() on ptolemy.moml.MoMLSimpleApplication@65006121
----------------- Done invoking toplevel() on ptolemy.moml.MoMLSimpleApplication@65006121
reloadAllAccessors: .DiscreteClock

===========================================================================================
----------------- testing Mon Oct 21 06:11:44 UTC 2019 /home/travis/build/icyphy/ptII/ptolemy/actor/lib/test/auto/DiscreteClock10.xml
----------------- Instantiating /home/travis/build/icyphy/ptII/ptolemy/actor/lib/test/auto/DiscreteClock10.xml
3 ms. Memory: 427008K Free: 223742K (52%)
----------------- Invoking toplevel() on ptolemy.moml.MoMLSimpleApplication@39a1ba55
----------------- Done invoking toplevel() on ptolemy.moml.MoMLSimpleApplication@39a1ba55
reloadAllAccessors: .DiscreteClock10

===========================================================================================
----------------- testing Mon Oct 21 06:11:44 UTC 2019 /home/travis/build/icyphy/ptII/ptolemy/actor/lib/test/auto/DiscreteClock11.xml
----------------- Instantiating /home/travis/build/icyphy/ptII/ptolemy/actor/lib/test/auto/DiscreteClock11.xml
2 ms. Memory: 427008K Free: 217598K (51%)
----------------- Invoking toplevel() on ptolemy.moml.MoMLSimpleApplication@77ad0f9e
----------------- Done invoking toplevel() on ptolemy.moml.MoMLSimpleApplication@77ad0f9e
reloadAllAccessors: .DiscreteClock11

===========================================================================================
----------------- testing Mon Oct 21 06:11:44 UTC 2019 /home/travis/build/icyphy/ptII/ptolemy/actor/lib/test/auto/DiscreteClock12.xml
----------------- Instantiating /home/travis/build/icyphy/ptII/ptolemy/actor/lib/test/auto/DiscreteClock12.xml
3 ms. Memory: 427008K Free: 211454K (50%)
----------------- Invoking toplevel() on ptolemy.moml.MoMLSimpleApplication@54286ce9
----------------- Done invoking toplevel() on ptolemy.moml.MoMLSimpleApplication@54286ce9
reloadAllAccessors: .DiscreteClock12

===========================================================================================
----------------- testing Mon Oct 21 06:11:44 UTC 2019 /home/travis/build/icyphy/ptII/ptolemy/actor/lib/test/auto/DiscreteClock13.xml
----------------- Instantiating /home/travis/build/icyphy/ptII/ptolemy/actor/lib/test/auto/DiscreteClock13.xml
7 ms. Memory: 427008K Free: 205295K (48%)
----------------- Invoking toplevel() on ptolemy.moml.MoMLSimpleApplication@37e191b7
----------------- Done invoking toplevel() on ptolemy.moml.MoMLSimpleApplication@37e191b7
reloadAllAccessors: .DiscreteClock13

===========================================================================================
----------------- testing Mon Oct 21 06:11:44 UTC 2019 /home/travis/build/icyphy/ptII/ptolemy/actor/lib/test/auto/DiscreteClock14.xml
----------------- Instantiating /home/travis/build/icyphy/ptII/ptolemy/actor/lib/test/auto/DiscreteClock14.xml
8 ms. Memory: 427008K Free: 199680K (47%)
----------------- Invoking toplevel() on ptolemy.moml.MoMLSimpleApplication@119375d7
----------------- Done invoking toplevel() on ptolemy.moml.MoMLSimpleApplication@119375d7
reloadAllAccessors: .DiscreteClock14

===========================================================================================
----------------- testing Mon Oct 21 06:11:44 UTC 2019 /home/travis/build/icyphy/ptII/ptolemy/actor/lib/test/auto/DiscreteClock15.xml
----------------- Instantiating /home/travis/build/icyphy/ptII/ptolemy/actor/lib/test/auto/DiscreteClock15.xml
5 ms. Memory: 427008K Free: 193536K (45%)
----------------- Invoking toplevel() on ptolemy.moml.MoMLSimpleApplication@494c1a8a
----------------- Done invoking toplevel() on ptolemy.moml.MoMLSimpleApplication@494c1a8a
reloadAllAccessors: .DiscreteClock15

===========================================================================================
----------------- testing Mon Oct 21 06:11:44 UTC 2019 /home/travis/build/icyphy/ptII/ptolemy/actor/lib/test/auto/DiscreteClock16.xml
----------------- Instantiating /home/travis/build/icyphy/ptII/ptolemy/actor/lib/test/auto/DiscreteClock16.xml
19 ms. Memory: 427008K Free: 179710K (42%)
----------------- Invoking toplevel() on ptolemy.moml.MoMLSimpleApplication@54e70f80
----------------- Done invoking toplevel() on ptolemy.moml.MoMLSimpleApplication@54e70f80
reloadAllAccessors: .DiscreteClock16

===========================================================================================
----------------- testing Mon Oct 21 06:11:44 UTC 2019 /home/travis/build/icyphy/ptII/ptolemy/actor/lib/test/auto/DiscreteClock17.xml
----------------- Instantiating /home/travis/build/icyphy/ptII/ptolemy/actor/lib/test/auto/DiscreteClock17.xml
25 ms. Memory: 427008K Free: 164864K (39%)
----------------- Invoking toplevel() on ptolemy.moml.MoMLSimpleApplication@6ec1421
----------------- Done invoking toplevel() on ptolemy.moml.MoMLSimpleApplication@6ec1421
reloadAllAccessors: .DiscreteClock17

===========================================================================================
----------------- testing Mon Oct 21 06:11:44 UTC 2019 /home/travis/build/icyphy/ptII/ptolemy/actor/lib/test/auto/DiscreteClock18.xml
----------------- Instantiating /home/travis/build/icyphy/ptII/ptolemy/actor/lib/test/auto/DiscreteClock18.xml
27 ms. Memory: 427008K Free: 151552K (35%)
----------------- Invoking toplevel() on ptolemy.moml.MoMLSimpleApplication@4f652a16
----------------- Done invoking toplevel() on ptolemy.moml.MoMLSimpleApplication@4f652a16
reloadAllAccessors: .DiscreteClock18

===========================================================================================
----------------- testing Mon Oct 21 06:11:45 UTC 2019 /home/travis/build/icyphy/ptII/ptolemy/actor/lib/test/auto/DiscreteClock19.xml
----------------- Instantiating /home/travis/build/icyphy/ptII/ptolemy/actor/lib/test/auto/DiscreteClock19.xml
21 ms. Memory: 427008K Free: 137711K (32%)
----------------- Invoking toplevel() on ptolemy.moml.MoMLSimpleApplication@43e6fedd
----------------- Done invoking toplevel() on ptolemy.moml.MoMLSimpleApplication@43e6fedd
reloadAllAccessors: .DiscreteClock19

===========================================================================================
----------------- testing Mon Oct 21 06:11:45 UTC 2019 /home/travis/build/icyphy/ptII/ptolemy/actor/lib/test/auto/DiscreteClock2.xml
----------------- Instantiating /home/travis/build/icyphy/ptII/ptolemy/actor/lib/test/auto/DiscreteClock2.xml
4 ms. Memory: 427008K Free: 132599K (31%)
----------------- Invoking toplevel() on ptolemy.moml.MoMLSimpleApplication@21868e53
----------------- Done invoking toplevel() on ptolemy.moml.MoMLSimpleApplication@21868e53
reloadAllAccessors: .DiscreteClock2

===========================================================================================
----------------- testing Mon Oct 21 06:11:45 UTC 2019 /home/travis/build/icyphy/ptII/ptolemy/actor/lib/test/auto/DiscreteClock20.xml
----------------- Instantiating /home/travis/build/icyphy/ptII/ptolemy/actor/lib/test/auto/DiscreteClock20.xml
4 ms. Memory: 427008K Free: 126974K (30%)
----------------- Invoking toplevel() on ptolemy.moml.MoMLSimpleApplication@197b4768
----------------- Done invoking toplevel() on ptolemy.moml.MoMLSimpleApplication@197b4768
reloadAllAccessors: .DiscreteClock20

===========================================================================================
----------------- testing Mon Oct 21 06:11:45 UTC 2019 /home/travis/build/icyphy/ptII/ptolemy/actor/lib/test/auto/DiscreteClock21.xml
----------------- Instantiating /home/travis/build/icyphy/ptII/ptolemy/actor/lib/test/auto/DiscreteClock21.xml
23 ms. Memory: 427008K Free: 374216K (88%)
----------------- Invoking toplevel() on ptolemy.moml.MoMLSimpleApplication@30754bb
----------------- Done invoking toplevel() on ptolemy.moml.MoMLSimpleApplication@30754bb
reloadAllAccessors: .DiscreteClock21

===========================================================================================
----------------- testing Mon Oct 21 06:11:45 UTC 2019 /home/travis/build/icyphy/ptII/ptolemy/actor/lib/test/auto/DiscreteClock22.xml
----------------- Instantiating /home/travis/build/icyphy/ptII/ptolemy/actor/lib/test/auto/DiscreteClock22.xml
5 ms. Memory: 427008K Free: 368580K (86%)
----------------- Invoking toplevel() on ptolemy.moml.MoMLSimpleApplication@7a5cb890
----------------- Done invoking toplevel() on ptolemy.moml.MoMLSimpleApplication@7a5cb890
reloadAllAccessors: .DiscreteClock22

===========================================================================================
----------------- testing Mon Oct 21 06:11:45 UTC 2019 /home/travis/build/icyphy/ptII/ptolemy/actor/lib/test/auto/DiscreteClock23.xml
----------------- Instantiating /home/travis/build/icyphy/ptII/ptolemy/actor/lib/test/auto/DiscreteClock23.xml
9 ms. Memory: 427008K Free: 362950K (85%)
----------------- Invoking toplevel() on ptolemy.moml.MoMLSimpleApplication@445469f7
----------------- Done invoking toplevel() on ptolemy.moml.MoMLSimpleApplication@445469f7
reloadAllAccessors: .DiscreteClock23

===========================================================================================
----------------- testing Mon Oct 21 06:11:45 UTC 2019 /home/travis/build/icyphy/ptII/ptolemy/actor/lib/test/auto/DiscreteClock24.xml
----------------- Instantiating /home/travis/build/icyphy/ptII/ptolemy/actor/lib/test/auto/DiscreteClock24.xml
5 ms. Memory: 427008K Free: 357316K (84%)
----------------- Invoking toplevel() on ptolemy.moml.MoMLSimpleApplication@49cd9642
----------------- Done invoking toplevel() on ptolemy.moml.MoMLSimpleApplication@49cd9642
reloadAllAccessors: .DiscreteClock24

===========================================================================================
----------------- testing Mon Oct 21 06:11:45 UTC 2019 /home/travis/build/icyphy/ptII/ptolemy/actor/lib/test/auto/DiscreteClock4.xml
----------------- Instantiating /home/travis/build/icyphy/ptII/ptolemy/actor/lib/test/auto/DiscreteClock4.xml
4 ms. Memory: 427008K Free: 351686K (82%)
----------------- Invoking toplevel() on ptolemy.moml.MoMLSimpleApplication@320241ec
----------------- Done invoking toplevel() on ptolemy.moml.MoMLSimpleApplication@320241ec
reloadAllAccessors: .DiscreteClock4

===========================================================================================
----------------- testing Mon Oct 21 06:11:45 UTC 2019 /home/travis/build/icyphy/ptII/ptolemy/actor/lib/test/auto/DiscreteClock5.xml
----------------- Instantiating /home/travis/build/icyphy/ptII/ptolemy/actor/lib/test/auto/DiscreteClock5.xml
2 ms. Memory: 427008K Free: 346566K (81%)
----------------- Invoking toplevel() on ptolemy.moml.MoMLSimpleApplication@42e2758b
----------------- Done invoking toplevel() on ptolemy.moml.MoMLSimpleApplication@42e2758b
reloadAllAccessors: .DiscreteClock5

===========================================================================================
----------------- testing Mon Oct 21 06:11:45 UTC 2019 /home/travis/build/icyphy/ptII/ptolemy/actor/lib/test/auto/DiscreteClock6.xml
----------------- Instantiating /home/travis/build/icyphy/ptII/ptolemy/actor/lib/test/auto/DiscreteClock6.xml
1 ms. Memory: 427008K Free: 341956K (80%)
----------------- Invoking toplevel() on ptolemy.moml.MoMLSimpleApplication@2975c7b
----------------- Done invoking toplevel() on ptolemy.moml.MoMLSimpleApplication@2975c7b
reloadAllAccessors: .DiscreteClock6

===========================================================================================
----------------- testing Mon Oct 21 06:11:45 UTC 2019 /home/travis/build/icyphy/ptII/ptolemy/actor/lib/test/auto/DiscreteClock7.xml
----------------- Instantiating /home/travis/build/icyphy/ptII/ptolemy/actor/lib/test/auto/DiscreteClock7.xml
1 ms. Memory: 427008K Free: 336836K (79%)
----------------- Invoking toplevel() on ptolemy.moml.MoMLSimpleApplication@45c84d15
----------------- Done invoking toplevel() on ptolemy.moml.MoMLSimpleApplication@45c84d15
reloadAllAccessors: .DiscreteClock7

===========================================================================================
----------------- testing Mon Oct 21 06:11:45 UTC 2019 /home/travis/build/icyphy/ptII/ptolemy/actor/lib/test/auto/DiscreteClock8.xml
----------------- Instantiating /home/travis/build/icyphy/ptII/ptolemy/actor/lib/test/auto/DiscreteClock8.xml
2 ms. Memory: 427008K Free: 331206K (78%)
----------------- Invoking toplevel() on ptolemy.moml.MoMLSimpleApplication@4bb6cb21
----------------- Done invoking toplevel() on ptolemy.moml.MoMLSimpleApplication@4bb6cb21
reloadAllAccessors: .DiscreteClock8

===========================================================================================
----------------- testing Mon Oct 21 06:11:45 UTC 2019 /home/travis/build/icyphy/ptII/ptolemy/actor/lib/test/auto/DiscreteClock9.xml
----------------- Instantiating /home/travis/build/icyphy/ptII/ptolemy/actor/lib/test/auto/DiscreteClock9.xml
5 ms. Memory: 427008K Free: 325558K (76%)
----------------- Invoking toplevel() on ptolemy.moml.MoMLSimpleApplication@5a2f5d74
----------------- Done invoking toplevel() on ptolemy.moml.MoMLSimpleApplication@5a2f5d74
reloadAllAccessors: .DiscreteClock9

===========================================================================================
----------------- testing Mon Oct 21 06:11:45 UTC 2019 /home/travis/build/icyphy/ptII/ptolemy/actor/lib/test/auto/DisplayArray.xml
----------------- Instantiating /home/travis/build/icyphy/ptII/ptolemy/actor/lib/test/auto/DisplayArray.xml
3 ms. Memory: 427008K Free: 321990K (75%)
----------------- Invoking toplevel() on ptolemy.moml.MoMLSimpleApplication@4109b07a
----------------- Done invoking toplevel() on ptolemy.moml.MoMLSimpleApplication@4109b07a
reloadAllAccessors: .DisplayArray

===========================================================================================
----------------- testing Mon Oct 21 06:11:45 UTC 2019 /home/travis/build/icyphy/ptII/ptolemy/actor/lib/test/auto/Distributor.xml
----------------- Instantiating /home/travis/build/icyphy/ptII/ptolemy/actor/lib/test/auto/Distributor.xml
2 ms. Memory: 427008K Free: 316870K (74%)
----------------- Invoking toplevel() on ptolemy.moml.MoMLSimpleApplication@69d9002b
----------------- Done invoking toplevel() on ptolemy.moml.MoMLSimpleApplication@69d9002b
reloadAllAccessors: .Distributor

===========================================================================================
----------------- testing Mon Oct 21 06:11:45 UTC 2019 /home/travis/build/icyphy/ptII/ptolemy/actor/lib/test/auto/Distributor2.xml
----------------- Instantiating /home/travis/build/icyphy/ptII/ptolemy/actor/lib/test/auto/Distributor2.xml
1 ms. Memory: 427008K Free: 311750K (73%)
----------------- Invoking toplevel() on ptolemy.moml.MoMLSimpleApplication@6cd9b2d9
----------------- Done invoking toplevel() on ptolemy.moml.MoMLSimpleApplication@6cd9b2d9
reloadAllAccessors: .Distributor2

===========================================================================================
----------------- testing Mon Oct 21 06:11:45 UTC 2019 /home/travis/build/icyphy/ptII/ptolemy/actor/lib/test/auto/DownSample.xml
----------------- Instantiating /home/travis/build/icyphy/ptII/ptolemy/actor/lib/test/auto/DownSample.xml
2 ms. Memory: 427008K Free: 307140K (72%)
----------------- Invoking toplevel() on ptolemy.moml.MoMLSimpleApplication@1a406ecd
----------------- Done invoking toplevel() on ptolemy.moml.MoMLSimpleApplication@1a406ecd
reloadAllAccessors: .DownSample

===========================================================================================
----------------- testing Mon Oct 21 06:11:45 UTC 2019 /home/travis/build/icyphy/ptII/ptolemy/actor/lib/test/auto/ElectronicUnitBase1.xml
----------------- Instantiating /home/travis/build/icyphy/ptII/ptolemy/actor/lib/test/auto/ElectronicUnitBase1.xml
18 ms. Memory: 427008K Free: 291780K (68%)
----------------- Invoking toplevel() on ptolemy.moml.MoMLSimpleApplication@470654fe
----------------- Done invoking toplevel() on ptolemy.moml.MoMLSimpleApplication@470654fe
reloadAllAccessors: .ElectronicUnitBase1

===========================================================================================
----------------- testing Mon Oct 21 06:11:45 UTC 2019 /home/travis/build/icyphy/ptII/ptolemy/actor/lib/test/auto/ElementsToArray.xml
----------------- Instantiating /home/travis/build/icyphy/ptII/ptolemy/actor/lib/test/auto/ElementsToArray.xml
3 ms. Memory: 427008K Free: 286660K (67%)
----------------- Invoking toplevel() on ptolemy.moml.MoMLSimpleApplication@100d5391
----------------- Done invoking toplevel() on ptolemy.moml.MoMLSimpleApplication@100d5391
reloadAllAccessors: .ElementsToArray

===========================================================================================
----------------- testing Mon Oct 21 06:11:45 UTC 2019 /home/travis/build/icyphy/ptII/ptolemy/actor/lib/test/auto/Equals.xml
----------------- Instantiating /home/travis/build/icyphy/ptII/ptolemy/actor/lib/test/auto/Equals.xml
3 ms. Memory: 427008K Free: 282054K (66%)
----------------- Invoking toplevel() on ptolemy.moml.MoMLSimpleApplication@56968836
----------------- Done invoking toplevel() on ptolemy.moml.MoMLSimpleApplication@56968836
reloadAllAccessors: .Equals

===========================================================================================
----------------- testing Mon Oct 21 06:11:45 UTC 2019 /home/travis/build/icyphy/ptII/ptolemy/actor/lib/test/auto/Exec.xml
----------------- Instantiating /home/travis/build/icyphy/ptII/ptolemy/actor/lib/test/auto/Exec.xml
19 ms. Memory: 427008K Free: 275910K (65%)
----------------- Invoking toplevel() on ptolemy.moml.MoMLSimpleApplication@46b5e0b
----------------- Done invoking toplevel() on ptolemy.moml.MoMLSimpleApplication@46b5e0b
reloadAllAccessors: .Exec

===========================================================================================
----------------- testing Mon Oct 21 06:11:45 UTC 2019 /home/travis/build/icyphy/ptII/ptolemy/actor/lib/test/auto/ExecEnvironment.xml
----------------- Instantiating /home/travis/build/icyphy/ptII/ptolemy/actor/lib/test/auto/ExecEnvironment.xml
30 ms. Memory: 427008K Free: 270262K (63%)
----------------- Invoking toplevel() on ptolemy.moml.MoMLSimpleApplication@66480779
----------------- Done invoking toplevel() on ptolemy.moml.MoMLSimpleApplication@66480779
reloadAllAccessors: .ExecEnvironment

===========================================================================================
----------------- testing Mon Oct 21 06:11:45 UTC 2019 /home/travis/build/icyphy/ptII/ptolemy/actor/lib/test/auto/ExecNonZeroReturnOutput.xml
----------------- Instantiating /home/travis/build/icyphy/ptII/ptolemy/actor/lib/test/auto/ExecNonZeroReturnOutput.xml
199 ms. Memory: 427008K Free: 259012K (61%)
----------------- Invoking toplevel() on ptolemy.moml.MoMLSimpleApplication@7358060a
----------------- Done invoking toplevel() on ptolemy.moml.MoMLSimpleApplication@7358060a
reloadAllAccessors: .ExecNonZeroReturnOutput

===========================================================================================
----------------- testing Mon Oct 21 06:11:45 UTC 2019 /home/travis/build/icyphy/ptII/ptolemy/actor/lib/test/auto/ExecRunDemos.xml
----------------- Instantiating /home/travis/build/icyphy/ptII/ptolemy/actor/lib/test/auto/ExecRunDemos.xml
Finished: 77 ms. Memory: 120832K Free: 104482K (86%)

Finished: 91 ms. Memory: 120832K Free: 109779K (91%)

Finished: 119 ms. Memory: 120832K Free: 110777K (92%)

Finished: 83 ms. Memory: 120832K Free: 111550K (92%)

Finished: 99 ms. Memory: 120832K Free: 104074K (86%)

11077 ms. Memory: 427008K Free: 237508K (56%)
----------------- Invoking toplevel() on ptolemy.moml.MoMLSimpleApplication@79c299c5
----------------- Done invoking toplevel() on ptolemy.moml.MoMLSimpleApplication@79c299c5
reloadAllAccessors: .ExecRunDemos

===========================================================================================
----------------- testing Mon Oct 21 06:11:56 UTC 2019 /home/travis/build/icyphy/ptII/ptolemy/actor/lib/test/auto/ExecStop.xml
----------------- Instantiating /home/travis/build/icyphy/ptII/ptolemy/actor/lib/test/auto/ExecStop.xml
5017 ms. Memory: 427008K Free: 141766K (33%)
----------------- Invoking toplevel() on ptolemy.moml.MoMLSimpleApplication@5b0e7aeb
----------------- Done invoking toplevel() on ptolemy.moml.MoMLSimpleApplication@5b0e7aeb
reloadAllAccessors: .ExecStop

===========================================================================================
----------------- testing Mon Oct 21 06:12:01 UTC 2019 /home/travis/build/icyphy/ptII/ptolemy/actor/lib/test/auto/ExecutionTimeSDF.xml
----------------- Instantiating /home/travis/build/icyphy/ptII/ptolemy/actor/lib/test/auto/ExecutionTimeSDF.xml
Fired ExecutionTime: 1654000000
Fired ExecutionTime: 1061600000
Fired ExecutionTime: -765767296
6005 ms. Memory: 427008K Free: 129478K (30%)
----------------- Invoking toplevel() on ptolemy.moml.MoMLSimpleApplication@24f218b
----------------- Done invoking toplevel() on ptolemy.moml.MoMLSimpleApplication@24f218b
reloadAllAccessors: .ExecutionTimeSDF

===========================================================================================
----------------- testing Mon Oct 21 06:12:08 UTC 2019 /home/travis/build/icyphy/ptII/ptolemy/actor/lib/test/auto/Expression1.xml
----------------- Instantiating /home/travis/build/icyphy/ptII/ptolemy/actor/lib/test/auto/Expression1.xml
2 ms. Memory: 427008K Free: 125892K (29%)
----------------- Invoking toplevel() on ptolemy.moml.MoMLSimpleApplication@1ca65601
----------------- Done invoking toplevel() on ptolemy.moml.MoMLSimpleApplication@1ca65601
reloadAllAccessors: .Expression1

===========================================================================================
----------------- testing Mon Oct 21 06:12:08 UTC 2019 /home/travis/build/icyphy/ptII/ptolemy/actor/lib/test/auto/Expression10.xml
----------------- Instantiating /home/travis/build/icyphy/ptII/ptolemy/actor/lib/test/auto/Expression10.xml
8 ms. Memory: 427008K Free: 372325K (87%)
----------------- Invoking toplevel() on ptolemy.moml.MoMLSimpleApplication@720b55a
----------------- Done invoking toplevel() on ptolemy.moml.MoMLSimpleApplication@720b55a
reloadAllAccessors: .Expression10

===========================================================================================
----------------- testing Mon Oct 21 06:12:08 UTC 2019 /home/travis/build/icyphy/ptII/ptolemy/actor/lib/test/auto/Expression11.xml
----------------- Instantiating /home/travis/build/icyphy/ptII/ptolemy/actor/lib/test/auto/Expression11.xml
2 ms. Memory: 427008K Free: 367205K (86%)
----------------- Invoking toplevel() on ptolemy.moml.MoMLSimpleApplication@3287af00
----------------- Done invoking toplevel() on ptolemy.moml.MoMLSimpleApplication@3287af00
reloadAllAccessors: .Expression11

===========================================================================================
----------------- testing Mon Oct 21 06:12:08 UTC 2019 /home/travis/build/icyphy/ptII/ptolemy/actor/lib/test/auto/Expression12.xml
----------------- Instantiating /home/travis/build/icyphy/ptII/ptolemy/actor/lib/test/auto/Expression12.xml
5 ms. Memory: 427008K Free: 361575K (85%)
----------------- Invoking toplevel() on ptolemy.moml.MoMLSimpleApplication@680599b5
----------------- Done invoking toplevel() on ptolemy.moml.MoMLSimpleApplication@680599b5
reloadAllAccessors: .Expression12

===========================================================================================
----------------- testing Mon Oct 21 06:12:08 UTC 2019 /home/travis/build/icyphy/ptII/ptolemy/actor/lib/test/auto/Expression13.xml
----------------- Instantiating /home/travis/build/icyphy/ptII/ptolemy/actor/lib/test/auto/Expression13.xml
4 ms. Memory: 427008K Free: 356455K (83%)
----------------- Invoking toplevel() on ptolemy.moml.MoMLSimpleApplication@4a1ffd7b
----------------- Done invoking toplevel() on ptolemy.moml.MoMLSimpleApplication@4a1ffd7b
reloadAllAccessors: .Expression13

===========================================================================================
----------------- testing Mon Oct 21 06:12:08 UTC 2019 /home/travis/build/icyphy/ptII/ptolemy/actor/lib/test/auto/Expression14.xml
----------------- Instantiating /home/travis/build/icyphy/ptII/ptolemy/actor/lib/test/auto/Expression14.xml
8 ms. Memory: 427008K Free: 350311K (82%)
----------------- Invoking toplevel() on ptolemy.moml.MoMLSimpleApplication@347cfb50
----------------- Done invoking toplevel() on ptolemy.moml.MoMLSimpleApplication@347cfb50
reloadAllAccessors: .Expression14

===========================================================================================
----------------- testing Mon Oct 21 06:12:08 UTC 2019 /home/travis/build/icyphy/ptII/ptolemy/actor/lib/test/auto/Expression15.xml
----------------- Instantiating /home/travis/build/icyphy/ptII/ptolemy/actor/lib/test/auto/Expression15.xml
2 ms. Memory: 427008K Free: 346215K (81%)
----------------- Invoking toplevel() on ptolemy.moml.MoMLSimpleApplication@50868872
----------------- Done invoking toplevel() on ptolemy.moml.MoMLSimpleApplication@50868872
reloadAllAccessors: .Expression15

===========================================================================================
----------------- testing Mon Oct 21 06:12:08 UTC 2019 /home/travis/build/icyphy/ptII/ptolemy/actor/lib/test/auto/Expression16.xml
----------------- Instantiating /home/travis/build/icyphy/ptII/ptolemy/actor/lib/test/auto/Expression16.xml
4 ms. Memory: 427008K Free: 341605K (80%)
----------------- Invoking toplevel() on ptolemy.moml.MoMLSimpleApplication@59bb1f40
----------------- Done invoking toplevel() on ptolemy.moml.MoMLSimpleApplication@59bb1f40
reloadAllAccessors: .Expression16

===========================================================================================
----------------- testing Mon Oct 21 06:12:08 UTC 2019 /home/travis/build/icyphy/ptII/ptolemy/actor/lib/test/auto/Expression17.xml
----------------- Instantiating /home/travis/build/icyphy/ptII/ptolemy/actor/lib/test/auto/Expression17.xml
5 ms. Memory: 427008K Free: 336485K (79%)
----------------- Invoking toplevel() on ptolemy.moml.MoMLSimpleApplication@3a2b980c
----------------- Done invoking toplevel() on ptolemy.moml.MoMLSimpleApplication@3a2b980c
reloadAllAccessors: .Expression17

===========================================================================================
----------------- testing Mon Oct 21 06:12:08 UTC 2019 /home/travis/build/icyphy/ptII/ptolemy/actor/lib/test/auto/Expression18.xml
----------------- Instantiating /home/travis/build/icyphy/ptII/ptolemy/actor/lib/test/auto/Expression18.xml
2 ms. Memory: 427008K Free: 330855K (77%)
----------------- Invoking toplevel() on ptolemy.moml.MoMLSimpleApplication@5bca4829
----------------- Done invoking toplevel() on ptolemy.moml.MoMLSimpleApplication@5bca4829
reloadAllAccessors: .Expression18

===========================================================================================
----------------- testing Mon Oct 21 06:12:08 UTC 2019 /home/travis/build/icyphy/ptII/ptolemy/actor/lib/test/auto/Expression2.xml
----------------- Instantiating /home/travis/build/icyphy/ptII/ptolemy/actor/lib/test/auto/Expression2.xml
3 ms. Memory: 427008K Free: 325735K (76%)
----------------- Invoking toplevel() on ptolemy.moml.MoMLSimpleApplication@5d34954b
----------------- Done invoking toplevel() on ptolemy.moml.MoMLSimpleApplication@5d34954b
reloadAllAccessors: .Expression2

===========================================================================================
----------------- testing Mon Oct 21 06:12:08 UTC 2019 /home/travis/build/icyphy/ptII/ptolemy/actor/lib/test/auto/Expression3.xml
----------------- Instantiating /home/travis/build/icyphy/ptII/ptolemy/actor/lib/test/auto/Expression3.xml
6 ms. Memory: 427008K Free: 320615K (75%)
----------------- Invoking toplevel() on ptolemy.moml.MoMLSimpleApplication@4e993b0e
----------------- Done invoking toplevel() on ptolemy.moml.MoMLSimpleApplication@4e993b0e
reloadAllAccessors: .Expression3

===========================================================================================
----------------- testing Mon Oct 21 06:12:08 UTC 2019 /home/travis/build/icyphy/ptII/ptolemy/actor/lib/test/auto/Expression4.xml
----------------- Instantiating /home/travis/build/icyphy/ptII/ptolemy/actor/lib/test/auto/Expression4.xml
5 ms. Memory: 427008K Free: 313447K (73%)
----------------- Invoking toplevel() on ptolemy.moml.MoMLSimpleApplication@440b78f0
----------------- Done invoking toplevel() on ptolemy.moml.MoMLSimpleApplication@440b78f0
reloadAllAccessors: .Expression4

===========================================================================================
----------------- testing Mon Oct 21 06:12:08 UTC 2019 /home/travis/build/icyphy/ptII/ptolemy/actor/lib/test/auto/Expression5.xml
----------------- Instantiating /home/travis/build/icyphy/ptII/ptolemy/actor/lib/test/auto/Expression5.xml
5 ms. Memory: 427008K Free: 308327K (72%)
----------------- Invoking toplevel() on ptolemy.moml.MoMLSimpleApplication@302f6b4d
----------------- Done invoking toplevel() on ptolemy.moml.MoMLSimpleApplication@302f6b4d
reloadAllAccessors: .Expression5

===========================================================================================
----------------- testing Mon Oct 21 06:12:08 UTC 2019 /home/travis/build/icyphy/ptII/ptolemy/actor/lib/test/auto/Expression6.xml
----------------- Instantiating /home/travis/build/icyphy/ptII/ptolemy/actor/lib/test/auto/Expression6.xml
2 ms. Memory: 427008K Free: 303717K (71%)
----------------- Invoking toplevel() on ptolemy.moml.MoMLSimpleApplication@6a46a85c
----------------- Done invoking toplevel() on ptolemy.moml.MoMLSimpleApplication@6a46a85c
reloadAllAccessors: .Expression6

===========================================================================================
----------------- testing Mon Oct 21 06:12:08 UTC 2019 /home/travis/build/icyphy/ptII/ptolemy/actor/lib/test/auto/Expression7.xml
----------------- Instantiating /home/travis/build/icyphy/ptII/ptolemy/actor/lib/test/auto/Expression7.xml
2 ms. Memory: 427008K Free: 298597K (70%)
----------------- Invoking toplevel() on ptolemy.moml.MoMLSimpleApplication@190c279f
----------------- Done invoking toplevel() on ptolemy.moml.MoMLSimpleApplication@190c279f
reloadAllAccessors: .Expression7

===========================================================================================
----------------- testing Mon Oct 21 06:12:08 UTC 2019 /home/travis/build/icyphy/ptII/ptolemy/actor/lib/test/auto/Expression8.xml
----------------- Instantiating /home/travis/build/icyphy/ptII/ptolemy/actor/lib/test/auto/Expression8.xml
9 ms. Memory: 427008K Free: 293477K (69%)
----------------- Invoking toplevel() on ptolemy.moml.MoMLSimpleApplication@2d5fa2e3
----------------- Done invoking toplevel() on ptolemy.moml.MoMLSimpleApplication@2d5fa2e3
reloadAllAccessors: .Expression8

===========================================================================================
----------------- testing Mon Oct 21 06:12:08 UTC 2019 /home/travis/build/icyphy/ptII/ptolemy/actor/lib/test/auto/Expression9.xml
----------------- Instantiating /home/travis/build/icyphy/ptII/ptolemy/actor/lib/test/auto/Expression9.xml
1 ms. Memory: 427008K Free: 289381K (68%)
----------------- Invoking toplevel() on ptolemy.moml.MoMLSimpleApplication@2596f9f4
----------------- Done invoking toplevel() on ptolemy.moml.MoMLSimpleApplication@2596f9f4
reloadAllAccessors: .Expression9

===========================================================================================
----------------- testing Mon Oct 21 06:12:08 UTC 2019 /home/travis/build/icyphy/ptII/ptolemy/actor/lib/test/auto/ExpressionConcatenateArrayType.xml
----------------- Instantiating /home/travis/build/icyphy/ptII/ptolemy/actor/lib/test/auto/ExpressionConcatenateArrayType.xml
3 ms. Memory: 427008K Free: 283237K (66%)
----------------- Invoking toplevel() on ptolemy.moml.MoMLSimpleApplication@610c3367
----------------- Done invoking toplevel() on ptolemy.moml.MoMLSimpleApplication@610c3367
reloadAllAccessors: .ExpressionConcatenateArrayType

===========================================================================================
----------------- testing Mon Oct 21 06:12:08 UTC 2019 /home/travis/build/icyphy/ptII/ptolemy/actor/lib/test/auto/ExpressionConcatenateArrayType2.xml
----------------- Instantiating /home/travis/build/icyphy/ptII/ptolemy/actor/lib/test/auto/ExpressionConcatenateArrayType2.xml
2 ms. Memory: 427008K Free: 277607K (65%)
----------------- Invoking toplevel() on ptolemy.moml.MoMLSimpleApplication@2cd89795
----------------- Done invoking toplevel() on ptolemy.moml.MoMLSimpleApplication@2cd89795
reloadAllAccessors: .ExpressionConcatenateArrayType2

===========================================================================================
----------------- testing Mon Oct 21 06:12:08 UTC 2019 /home/travis/build/icyphy/ptII/ptolemy/actor/lib/test/auto/ExpressionFix.xml
----------------- Instantiating /home/travis/build/icyphy/ptII/ptolemy/actor/lib/test/auto/ExpressionFix.xml
20 ms. Memory: 427008K Free: 270949K (63%)
----------------- Invoking toplevel() on ptolemy.moml.MoMLSimpleApplication@7f15a242
----------------- Done invoking toplevel() on ptolemy.moml.MoMLSimpleApplication@7f15a242
reloadAllAccessors: .ExpressionFix

===========================================================================================
----------------- testing Mon Oct 21 06:12:08 UTC 2019 /home/travis/build/icyphy/ptII/ptolemy/actor/lib/test/auto/ExpressionFix2.xml
----------------- Instantiating /home/travis/build/icyphy/ptII/ptolemy/actor/lib/test/auto/ExpressionFix2.xml
5 ms. Memory: 427008K Free: 266853K (62%)
----------------- Invoking toplevel() on ptolemy.moml.MoMLSimpleApplication@356ea1fe
----------------- Done invoking toplevel() on ptolemy.moml.MoMLSimpleApplication@356ea1fe
reloadAllAccessors: .ExpressionFix2

===========================================================================================
----------------- testing Mon Oct 21 06:12:08 UTC 2019 /home/travis/build/icyphy/ptII/ptolemy/actor/lib/test/auto/ExpressionFix3.xml
----------------- Instantiating /home/travis/build/icyphy/ptII/ptolemy/actor/lib/test/auto/ExpressionFix3.xml
3 ms. Memory: 427008K Free: 262247K (61%)
----------------- Invoking toplevel() on ptolemy.moml.MoMLSimpleApplication@4fde7ad
----------------- Done invoking toplevel() on ptolemy.moml.MoMLSimpleApplication@4fde7ad
reloadAllAccessors: .ExpressionFix3

===========================================================================================
----------------- testing Mon Oct 21 06:12:08 UTC 2019 /home/travis/build/icyphy/ptII/ptolemy/actor/lib/test/auto/FileWriter1.xml
----------------- Instantiating /home/travis/build/icyphy/ptII/ptolemy/actor/lib/test/auto/FileWriter1.xml
2 ms. Memory: 427008K Free: 258151K (60%)
----------------- Invoking toplevel() on ptolemy.moml.MoMLSimpleApplication@190c43dd
----------------- Done invoking toplevel() on ptolemy.moml.MoMLSimpleApplication@190c43dd
reloadAllAccessors: .FileWriter1

===========================================================================================
----------------- testing Mon Oct 21 06:12:08 UTC 2019 /home/travis/build/icyphy/ptII/ptolemy/actor/lib/test/auto/FileWriter2.xml
----------------- Instantiating /home/travis/build/icyphy/ptII/ptolemy/actor/lib/test/auto/FileWriter2.xml
2 ms. Memory: 427008K Free: 253527K (59%)
----------------- Invoking toplevel() on ptolemy.moml.MoMLSimpleApplication@aef3277
----------------- Done invoking toplevel() on ptolemy.moml.MoMLSimpleApplication@aef3277
reloadAllAccessors: .FileWriter2

===========================================================================================
----------------- testing Mon Oct 21 06:12:08 UTC 2019 /home/travis/build/icyphy/ptII/ptolemy/actor/lib/test/auto/FileWriter3.xml
----------------- Instantiating /home/travis/build/icyphy/ptII/ptolemy/actor/lib/test/auto/FileWriter3.xml
4 ms. Memory: 427008K Free: 249959K (59%)
----------------- Invoking toplevel() on ptolemy.moml.MoMLSimpleApplication@979131b
----------------- Done invoking toplevel() on ptolemy.moml.MoMLSimpleApplication@979131b
reloadAllAccessors: .FileWriter3

===========================================================================================
----------------- testing Mon Oct 21 06:12:08 UTC 2019 /home/travis/build/icyphy/ptII/ptolemy/actor/lib/test/auto/Gaussian.xml
----------------- Instantiating /home/travis/build/icyphy/ptII/ptolemy/actor/lib/test/auto/Gaussian.xml
8 ms. Memory: 427008K Free: 245349K (57%)
----------------- Invoking toplevel() on ptolemy.moml.MoMLSimpleApplication@e1b6aaa
----------------- Done invoking toplevel() on ptolemy.moml.MoMLSimpleApplication@e1b6aaa
reloadAllAccessors: .Gaussian

===========================================================================================
----------------- testing Mon Oct 21 06:12:08 UTC 2019 /home/travis/build/icyphy/ptII/ptolemy/actor/lib/test/auto/Gaussian1.xml
----------------- Instantiating /home/travis/build/icyphy/ptII/ptolemy/actor/lib/test/auto/Gaussian1.xml
3 ms. Memory: 427008K Free: 239719K (56%)
----------------- Invoking toplevel() on ptolemy.moml.MoMLSimpleApplication@419bac0f
----------------- Done invoking toplevel() on ptolemy.moml.MoMLSimpleApplication@419bac0f
reloadAllAccessors: .Gaussian1

===========================================================================================
----------------- testing Mon Oct 21 06:12:08 UTC 2019 /home/travis/build/icyphy/ptII/ptolemy/actor/lib/test/auto/Gaussian2.xml
----------------- Instantiating /home/travis/build/icyphy/ptII/ptolemy/actor/lib/test/auto/Gaussian2.xml
2 ms. Memory: 427008K Free: 234071K (55%)
----------------- Invoking toplevel() on ptolemy.moml.MoMLSimpleApplication@59f6fd9f
----------------- Done invoking toplevel() on ptolemy.moml.MoMLSimpleApplication@59f6fd9f
reloadAllAccessors: .Gaussian2

===========================================================================================
----------------- testing Mon Oct 21 06:12:08 UTC 2019 /home/travis/build/icyphy/ptII/ptolemy/actor/lib/test/auto/GradientAdaptiveLattice.xml
----------------- Instantiating /home/travis/build/icyphy/ptII/ptolemy/actor/lib/test/auto/GradientAdaptiveLattice.xml
4 ms. Memory: 427008K Free: 228965K (54%)
----------------- Invoking toplevel() on ptolemy.moml.MoMLSimpleApplication@7fa807d5
----------------- Done invoking toplevel() on ptolemy.moml.MoMLSimpleApplication@7fa807d5
reloadAllAccessors: .GradientAdaptiveLattice

===========================================================================================
----------------- testing Mon Oct 21 06:12:08 UTC 2019 /home/travis/build/icyphy/ptII/ptolemy/actor/lib/test/auto/IIR.xml
----------------- Instantiating /home/travis/build/icyphy/ptII/ptolemy/actor/lib/test/auto/IIR.xml
2 ms. Memory: 427008K Free: 224359K (53%)
----------------- Invoking toplevel() on ptolemy.moml.MoMLSimpleApplication@76ec2a06
----------------- Done invoking toplevel() on ptolemy.moml.MoMLSimpleApplication@76ec2a06
reloadAllAccessors: .IIR

===========================================================================================
----------------- testing Mon Oct 21 06:12:08 UTC 2019 /home/travis/build/icyphy/ptII/ptolemy/actor/lib/test/auto/InputOutputTransparentPorts.xml
----------------- Instantiating /home/travis/build/icyphy/ptII/ptolemy/actor/lib/test/auto/InputOutputTransparentPorts.xml
1 ms. Memory: 427008K Free: 216677K (51%)
----------------- Invoking toplevel() on ptolemy.moml.MoMLSimpleApplication@13f95697
----------------- Done invoking toplevel() on ptolemy.moml.MoMLSimpleApplication@13f95697
reloadAllAccessors: .InputOutputTransparentPorts

===========================================================================================
----------------- testing Mon Oct 21 06:12:08 UTC 2019 /home/travis/build/icyphy/ptII/ptolemy/actor/lib/test/auto/Interpolator.xml
----------------- Instantiating /home/travis/build/icyphy/ptII/ptolemy/actor/lib/test/auto/Interpolator.xml
5 ms. Memory: 427008K Free: 212581K (50%)
----------------- Invoking toplevel() on ptolemy.moml.MoMLSimpleApplication@11a51bb1
----------------- Done invoking toplevel() on ptolemy.moml.MoMLSimpleApplication@11a51bb1
reloadAllAccessors: .Interpolator

===========================================================================================
----------------- testing Mon Oct 21 06:12:08 UTC 2019 /home/travis/build/icyphy/ptII/ptolemy/actor/lib/test/auto/InterpolatorFiringLimitDE.xml
----------------- Instantiating /home/travis/build/icyphy/ptII/ptolemy/actor/lib/test/auto/InterpolatorFiringLimitDE.xml
2 ms. Memory: 427008K Free: 206951K (48%)
----------------- Invoking toplevel() on ptolemy.moml.MoMLSimpleApplication@d8bee7
----------------- Done invoking toplevel() on ptolemy.moml.MoMLSimpleApplication@d8bee7
reloadAllAccessors: .InterpolatorFiringLimitDE

===========================================================================================
----------------- testing Mon Oct 21 06:12:08 UTC 2019 /home/travis/build/icyphy/ptII/ptolemy/actor/lib/test/auto/Lattice.xml
----------------- Instantiating /home/travis/build/icyphy/ptII/ptolemy/actor/lib/test/auto/Lattice.xml
1 ms. Memory: 427008K Free: 202855K (48%)
----------------- Invoking toplevel() on ptolemy.moml.MoMLSimpleApplication@8e0d517
----------------- Done invoking toplevel() on ptolemy.moml.MoMLSimpleApplication@8e0d517
reloadAllAccessors: .Lattice

===========================================================================================
----------------- testing Mon Oct 21 06:12:08 UTC 2019 /home/travis/build/icyphy/ptII/ptolemy/actor/lib/test/auto/LazyAOCTestLazy.xml
----------------- Instantiating /home/travis/build/icyphy/ptII/ptolemy/actor/lib/test/auto/LazyAOCTestLazy.xml
23 ms. Memory: 427008K Free: 196711K (46%)
----------------- Invoking toplevel() on ptolemy.moml.MoMLSimpleApplication@33b48d24
----------------- Done invoking toplevel() on ptolemy.moml.MoMLSimpleApplication@33b48d24
reloadAllAccessors: .LazyAOCTestLazy

===========================================================================================
----------------- testing Mon Oct 21 06:12:08 UTC 2019 /home/travis/build/icyphy/ptII/ptolemy/actor/lib/test/auto/LazyAOCTestNonLazy.xml
----------------- Instantiating /home/travis/build/icyphy/ptII/ptolemy/actor/lib/test/auto/LazyAOCTestNonLazy.xml
2 ms. Memory: 427008K Free: 190053K (45%)
----------------- Invoking toplevel() on ptolemy.moml.MoMLSimpleApplication@20660fb9
----------------- Done invoking toplevel() on ptolemy.moml.MoMLSimpleApplication@20660fb9
reloadAllAccessors: .LazyAOCTestNonLazy

===========================================================================================
----------------- testing Mon Oct 21 06:12:08 UTC 2019 /home/travis/build/icyphy/ptII/ptolemy/actor/lib/test/auto/LazyInnerClass.xml
----------------- Instantiating /home/travis/build/icyphy/ptII/ptolemy/actor/lib/test/auto/LazyInnerClass.xml
20 ms. Memory: 427008K Free: 181351K (42%)
----------------- Invoking toplevel() on ptolemy.moml.MoMLSimpleApplication@694fec4e
----------------- Done invoking toplevel() on ptolemy.moml.MoMLSimpleApplication@694fec4e
reloadAllAccessors: .LazyInnerClass

===========================================================================================
----------------- testing Mon Oct 21 06:12:08 UTC 2019 /home/travis/build/icyphy/ptII/ptolemy/actor/lib/test/auto/LazyPubSub.xml
----------------- Instantiating /home/travis/build/icyphy/ptII/ptolemy/actor/lib/test/auto/LazyPubSub.xml
28 ms. Memory: 427008K Free: 171111K (40%)
----------------- Invoking toplevel() on ptolemy.moml.MoMLSimpleApplication@b70e484
----------------- Done invoking toplevel() on ptolemy.moml.MoMLSimpleApplication@b70e484
reloadAllAccessors: .LazyPubSub

===========================================================================================
----------------- testing Mon Oct 21 06:12:09 UTC 2019 /home/travis/build/icyphy/ptII/ptolemy/actor/lib/test/auto/LazyPubSub2.xml
----------------- Instantiating /home/travis/build/icyphy/ptII/ptolemy/actor/lib/test/auto/LazyPubSub2.xml
21 ms. Memory: 427008K Free: 160871K (38%)
----------------- Invoking toplevel() on ptolemy.moml.MoMLSimpleApplication@6715b57a
----------------- Done invoking toplevel() on ptolemy.moml.MoMLSimpleApplication@6715b57a
reloadAllAccessors: .LazyPubSub2

===========================================================================================
----------------- testing Mon Oct 21 06:12:09 UTC 2019 /home/travis/build/icyphy/ptII/ptolemy/actor/lib/test/auto/LazyPubSub3.xml
----------------- Instantiating /home/travis/build/icyphy/ptII/ptolemy/actor/lib/test/auto/LazyPubSub3.xml
14 ms. Memory: 427008K Free: 150631K (35%)
----------------- Invoking toplevel() on ptolemy.moml.MoMLSimpleApplication@510d828a
----------------- Done invoking toplevel() on ptolemy.moml.MoMLSimpleApplication@510d828a
reloadAllAccessors: .LazyPubSub3

===========================================================================================
----------------- testing Mon Oct 21 06:12:09 UTC 2019 /home/travis/build/icyphy/ptII/ptolemy/actor/lib/test/auto/LazySubClassModel.xml
----------------- Instantiating /home/travis/build/icyphy/ptII/ptolemy/actor/lib/test/auto/LazySubClassModel.xml
2 ms. Memory: 427008K Free: 141415K (33%)
----------------- Invoking toplevel() on ptolemy.moml.MoMLSimpleApplication@4dbac4e9
----------------- Done invoking toplevel() on ptolemy.moml.MoMLSimpleApplication@4dbac4e9
reloadAllAccessors: .LazySubClassModel

===========================================================================================
----------------- testing Mon Oct 21 06:12:09 UTC 2019 /home/travis/build/icyphy/ptII/ptolemy/actor/lib/test/auto/LevelCrossTest1.xml
----------------- Instantiating /home/travis/build/icyphy/ptII/ptolemy/actor/lib/test/auto/LevelCrossTest1.xml
1 ms. Memory: 427008K Free: 136295K (32%)
----------------- Invoking toplevel() on ptolemy.moml.MoMLSimpleApplication@6d8b252c
----------------- Done invoking toplevel() on ptolemy.moml.MoMLSimpleApplication@6d8b252c
reloadAllAccessors: .broken

===========================================================================================
----------------- testing Mon Oct 21 06:12:09 UTC 2019 /home/travis/build/icyphy/ptII/ptolemy/actor/lib/test/auto/LevelCrossTest10.xml
----------------- Instantiating /home/travis/build/icyphy/ptII/ptolemy/actor/lib/test/auto/LevelCrossTest10.xml
1 ms. Memory: 427008K Free: 128613K (30%)
----------------- Invoking toplevel() on ptolemy.moml.MoMLSimpleApplication@75f4185a
----------------- Done invoking toplevel() on ptolemy.moml.MoMLSimpleApplication@75f4185a
reloadAllAccessors: .LevelCrossTest10

===========================================================================================
----------------- testing Mon Oct 21 06:12:09 UTC 2019 /home/travis/build/icyphy/ptII/ptolemy/actor/lib/test/auto/LevelCrossTest11.xml
----------------- Instantiating /home/travis/build/icyphy/ptII/ptolemy/actor/lib/test/auto/LevelCrossTest11.xml
1 ms. Memory: 427008K Free: 372913K (87%)
----------------- Invoking toplevel() on ptolemy.moml.MoMLSimpleApplication@20fb4dd3
----------------- Done invoking toplevel() on ptolemy.moml.MoMLSimpleApplication@20fb4dd3
reloadAllAccessors: .LevelCrossTest11

===========================================================================================
----------------- testing Mon Oct 21 06:12:09 UTC 2019 /home/travis/build/icyphy/ptII/ptolemy/actor/lib/test/auto/LevelCrossTest12.xml
----------------- Instantiating /home/travis/build/icyphy/ptII/ptolemy/actor/lib/test/auto/LevelCrossTest12.xml
2 ms. Memory: 427008K Free: 365745K (86%)
----------------- Invoking toplevel() on ptolemy.moml.MoMLSimpleApplication@59eade2c
----------------- Done invoking toplevel() on ptolemy.moml.MoMLSimpleApplication@59eade2c
reloadAllAccessors: .LevelCrossTest12

===========================================================================================
----------------- testing Mon Oct 21 06:12:09 UTC 2019 /home/travis/build/icyphy/ptII/ptolemy/actor/lib/test/auto/LevelCrossTest13.xml
----------------- Instantiating /home/travis/build/icyphy/ptII/ptolemy/actor/lib/test/auto/LevelCrossTest13.xml
1 ms. Memory: 427008K Free: 358577K (84%)
----------------- Invoking toplevel() on ptolemy.moml.MoMLSimpleApplication@1bdfbe0d
----------------- Done invoking toplevel() on ptolemy.moml.MoMLSimpleApplication@1bdfbe0d
reloadAllAccessors: .LevelCrossTest13

===========================================================================================
----------------- testing Mon Oct 21 06:12:09 UTC 2019 /home/travis/build/icyphy/ptII/ptolemy/actor/lib/test/auto/LevelCrossTest2.xml
----------------- Instantiating /home/travis/build/icyphy/ptII/ptolemy/actor/lib/test/auto/LevelCrossTest2.xml
1 ms. Memory: 427008K Free: 352947K (83%)
----------------- Invoking toplevel() on ptolemy.moml.MoMLSimpleApplication@58f0d75f
----------------- Done invoking toplevel() on ptolemy.moml.MoMLSimpleApplication@58f0d75f
reloadAllAccessors: .broken

===========================================================================================
----------------- testing Mon Oct 21 06:12:09 UTC 2019 /home/travis/build/icyphy/ptII/ptolemy/actor/lib/test/auto/LevelCrossTest3.xml
----------------- Instantiating /home/travis/build/icyphy/ptII/ptolemy/actor/lib/test/auto/LevelCrossTest3.xml
2 ms. Memory: 427008K Free: 346289K (81%)
----------------- Invoking toplevel() on ptolemy.moml.MoMLSimpleApplication@b3ac268
----------------- Done invoking toplevel() on ptolemy.moml.MoMLSimpleApplication@b3ac268
reloadAllAccessors: .LevelCrossTest3

===========================================================================================
----------------- testing Mon Oct 21 06:12:09 UTC 2019 /home/travis/build/icyphy/ptII/ptolemy/actor/lib/test/auto/LevelCrossTest4.xml
----------------- Instantiating /home/travis/build/icyphy/ptII/ptolemy/actor/lib/test/auto/LevelCrossTest4.xml
2 ms. Memory: 427008K Free: 341155K (80%)
----------------- Invoking toplevel() on ptolemy.moml.MoMLSimpleApplication@5cd4413d
----------------- Done invoking toplevel() on ptolemy.moml.MoMLSimpleApplication@5cd4413d
reloadAllAccessors: .broken

===========================================================================================
----------------- testing Mon Oct 21 06:12:09 UTC 2019 /home/travis/build/icyphy/ptII/ptolemy/actor/lib/test/auto/LevelCrossTest5.xml
----------------- Instantiating /home/travis/build/icyphy/ptII/ptolemy/actor/lib/test/auto/LevelCrossTest5.xml
1 ms. Memory: 427008K Free: 334001K (78%)
----------------- Invoking toplevel() on ptolemy.moml.MoMLSimpleApplication@7f9f7b0e
----------------- Done invoking toplevel() on ptolemy.moml.MoMLSimpleApplication@7f9f7b0e
reloadAllAccessors: .LevelCrossTest5

===========================================================================================
----------------- testing Mon Oct 21 06:12:09 UTC 2019 /home/travis/build/icyphy/ptII/ptolemy/actor/lib/test/auto/LevelCrossTest6.xml
----------------- Instantiating /home/travis/build/icyphy/ptII/ptolemy/actor/lib/test/auto/LevelCrossTest6.xml
2 ms. Memory: 427008K Free: 327347K (77%)
----------------- Invoking toplevel() on ptolemy.moml.MoMLSimpleApplication@5f2a9cae
----------------- Done invoking toplevel() on ptolemy.moml.MoMLSimpleApplication@5f2a9cae
reloadAllAccessors: .LevelCrossTest6

===========================================================================================
----------------- testing Mon Oct 21 06:12:09 UTC 2019 /home/travis/build/icyphy/ptII/ptolemy/actor/lib/test/auto/LevelCrossTest7.xml
----------------- Instantiating /home/travis/build/icyphy/ptII/ptolemy/actor/lib/test/auto/LevelCrossTest7.xml
1 ms. Memory: 427008K Free: 319665K (75%)
----------------- Invoking toplevel() on ptolemy.moml.MoMLSimpleApplication@5ee66ea7
----------------- Done invoking toplevel() on ptolemy.moml.MoMLSimpleApplication@5ee66ea7
reloadAllAccessors: .LevelCrossTest7

===========================================================================================
----------------- testing Mon Oct 21 06:12:09 UTC 2019 /home/travis/build/icyphy/ptII/ptolemy/actor/lib/test/auto/LevelCrossTest8.xml
----------------- Instantiating /home/travis/build/icyphy/ptII/ptolemy/actor/lib/test/auto/LevelCrossTest8.xml
1 ms. Memory: 427008K Free: 312497K (73%)
----------------- Invoking toplevel() on ptolemy.moml.MoMLSimpleApplication@350faba6
----------------- Done invoking toplevel() on ptolemy.moml.MoMLSimpleApplication@350faba6
reloadAllAccessors: .LevelCrossTest8

===========================================================================================
----------------- testing Mon Oct 21 06:12:09 UTC 2019 /home/travis/build/icyphy/ptII/ptolemy/actor/lib/test/auto/LevelCrossTest9.xml
----------------- Instantiating /home/travis/build/icyphy/ptII/ptolemy/actor/lib/test/auto/LevelCrossTest9.xml
5 ms. Memory: 427008K Free: 305843K (72%)
----------------- Invoking toplevel() on ptolemy.moml.MoMLSimpleApplication@71bcafb7
----------------- Done invoking toplevel() on ptolemy.moml.MoMLSimpleApplication@71bcafb7
reloadAllAccessors: .LevelCrossTest9

===========================================================================================
----------------- testing Mon Oct 21 06:12:09 UTC 2019 /home/travis/build/icyphy/ptII/ptolemy/actor/lib/test/auto/LevinsonDurbin.xml
----------------- Instantiating /home/travis/build/icyphy/ptII/ptolemy/actor/lib/test/auto/LevinsonDurbin.xml
10 ms. Memory: 427008K Free: 301747K (71%)
----------------- Invoking toplevel() on ptolemy.moml.MoMLSimpleApplication@5b76f15a
----------------- Done invoking toplevel() on ptolemy.moml.MoMLSimpleApplication@5b76f15a
reloadAllAccessors: .LevinsonDurbin

===========================================================================================
----------------- testing Mon Oct 21 06:12:09 UTC 2019 /home/travis/build/icyphy/ptII/ptolemy/actor/lib/test/auto/LevinsonDurbin2.xml
----------------- Instantiating /home/travis/build/icyphy/ptII/ptolemy/actor/lib/test/auto/LevinsonDurbin2.xml
1 ms. Memory: 427008K Free: 297651K (70%)
----------------- Invoking toplevel() on ptolemy.moml.MoMLSimpleApplication@745c7679
----------------- Done invoking toplevel() on ptolemy.moml.MoMLSimpleApplication@745c7679
reloadAllAccessors: .LevinsonDurbin2

===========================================================================================
----------------- testing Mon Oct 21 06:12:09 UTC 2019 /home/travis/build/icyphy/ptII/ptolemy/actor/lib/test/auto/LevinsonDurbin3.xml
----------------- Instantiating /home/travis/build/icyphy/ptII/ptolemy/actor/lib/test/auto/LevinsonDurbin3.xml
2 ms. Memory: 427008K Free: 293555K (69%)
----------------- Invoking toplevel() on ptolemy.moml.MoMLSimpleApplication@4525af
----------------- Done invoking toplevel() on ptolemy.moml.MoMLSimpleApplication@4525af
reloadAllAccessors: .LevinsonDurbin3

===========================================================================================
----------------- testing Mon Oct 21 06:12:09 UTC 2019 /home/travis/build/icyphy/ptII/ptolemy/actor/lib/test/auto/Limiter.xml
----------------- Instantiating /home/travis/build/icyphy/ptII/ptolemy/actor/lib/test/auto/Limiter.xml
7 ms. Memory: 427008K Free: 284339K (67%)
----------------- Invoking toplevel() on ptolemy.moml.MoMLSimpleApplication@2fc5eb4f
----------------- Done invoking toplevel() on ptolemy.moml.MoMLSimpleApplication@2fc5eb4f
reloadAllAccessors: .Limiter

===========================================================================================
----------------- testing Mon Oct 21 06:12:09 UTC 2019 /home/travis/build/icyphy/ptII/ptolemy/actor/lib/test/auto/LinearDifferenceEquationSystem.xml
----------------- Instantiating /home/travis/build/icyphy/ptII/ptolemy/actor/lib/test/auto/LinearDifferenceEquationSystem.xml
3 ms. Memory: 427008K Free: 276657K (65%)
----------------- Invoking toplevel() on ptolemy.moml.MoMLSimpleApplication@7c7bf772
----------------- Done invoking toplevel() on ptolemy.moml.MoMLSimpleApplication@7c7bf772
reloadAllAccessors: .LinearDifferenceEquationSystem

===========================================================================================
----------------- testing Mon Oct 21 06:12:09 UTC 2019 /home/travis/build/icyphy/ptII/ptolemy/actor/lib/test/auto/LookupTable.xml
----------------- Instantiating /home/travis/build/icyphy/ptII/ptolemy/actor/lib/test/auto/LookupTable.xml
2 ms. Memory: 427008K Free: 272051K (64%)
----------------- Invoking toplevel() on ptolemy.moml.MoMLSimpleApplication@5c539662
----------------- Done invoking toplevel() on ptolemy.moml.MoMLSimpleApplication@5c539662
reloadAllAccessors: .LookupTable

===========================================================================================
----------------- testing Mon Oct 21 06:12:09 UTC 2019 /home/travis/build/icyphy/ptII/ptolemy/actor/lib/test/auto/MathFunction.xml
----------------- Instantiating /home/travis/build/icyphy/ptII/ptolemy/actor/lib/test/auto/MathFunction.xml
2 ms. Memory: 427008K Free: 264369K (62%)
----------------- Invoking toplevel() on ptolemy.moml.MoMLSimpleApplication@61b33c12
----------------- Done invoking toplevel() on ptolemy.moml.MoMLSimpleApplication@61b33c12
reloadAllAccessors: .MathFunction

===========================================================================================
----------------- testing Mon Oct 21 06:12:09 UTC 2019 /home/travis/build/icyphy/ptII/ptolemy/actor/lib/test/auto/MathFunction2.xml
----------------- Instantiating /home/travis/build/icyphy/ptII/ptolemy/actor/lib/test/auto/MathFunction2.xml
1 ms. Memory: 427008K Free: 260273K (61%)
----------------- Invoking toplevel() on ptolemy.moml.MoMLSimpleApplication@3b4f9c45
----------------- Done invoking toplevel() on ptolemy.moml.MoMLSimpleApplication@3b4f9c45
reloadAllAccessors: .MathFunction2

===========================================================================================
----------------- testing Mon Oct 21 06:12:09 UTC 2019 /home/travis/build/icyphy/ptII/ptolemy/actor/lib/test/auto/MathFunction3.xml
----------------- Instantiating /home/travis/build/icyphy/ptII/ptolemy/actor/lib/test/auto/MathFunction3.xml
2 ms. Memory: 427008K Free: 253105K (59%)
----------------- Invoking toplevel() on ptolemy.moml.MoMLSimpleApplication@3ea5b44a
----------------- Done invoking toplevel() on ptolemy.moml.MoMLSimpleApplication@3ea5b44a
reloadAllAccessors: .MathFunction3

===========================================================================================
----------------- testing Mon Oct 21 06:12:09 UTC 2019 /home/travis/build/icyphy/ptII/ptolemy/actor/lib/test/auto/MatrixCropBoolean.xml
----------------- Instantiating /home/travis/build/icyphy/ptII/ptolemy/actor/lib/test/auto/MatrixCropBoolean.xml
2 ms. Memory: 427008K Free: 247955K (58%)
----------------- Invoking toplevel() on ptolemy.moml.MoMLSimpleApplication@78298709
----------------- Done invoking toplevel() on ptolemy.moml.MoMLSimpleApplication@78298709
reloadAllAccessors: .MatrixCropBoolean

===========================================================================================
----------------- testing Mon Oct 21 06:12:09 UTC 2019 /home/travis/build/icyphy/ptII/ptolemy/actor/lib/test/auto/MatrixCropComplex.xml
----------------- Instantiating /home/travis/build/icyphy/ptII/ptolemy/actor/lib/test/auto/MatrixCropComplex.xml
2 ms. Memory: 427008K Free: 243379K (57%)
----------------- Invoking toplevel() on ptolemy.moml.MoMLSimpleApplication@5d306146
----------------- Done invoking toplevel() on ptolemy.moml.MoMLSimpleApplication@5d306146
reloadAllAccessors: .MatrixCropComplex

===========================================================================================
----------------- testing Mon Oct 21 06:12:09 UTC 2019 /home/travis/build/icyphy/ptII/ptolemy/actor/lib/test/auto/MatrixCropDouble.xml
----------------- Instantiating /home/travis/build/icyphy/ptII/ptolemy/actor/lib/test/auto/MatrixCropDouble.xml
3 ms. Memory: 427008K Free: 238259K (56%)
----------------- Invoking toplevel() on ptolemy.moml.MoMLSimpleApplication@7d40888
----------------- Done invoking toplevel() on ptolemy.moml.MoMLSimpleApplication@7d40888
reloadAllAccessors: .MatrixCropDouble

===========================================================================================
----------------- testing Mon Oct 21 06:12:09 UTC 2019 /home/travis/build/icyphy/ptII/ptolemy/actor/lib/test/auto/MatrixCropFix.xml
----------------- Instantiating /home/travis/build/icyphy/ptII/ptolemy/actor/lib/test/auto/MatrixCropFix.xml
2 ms. Memory: 427008K Free: 233139K (55%)
----------------- Invoking toplevel() on ptolemy.moml.MoMLSimpleApplication@399c1abe
----------------- Done invoking toplevel() on ptolemy.moml.MoMLSimpleApplication@399c1abe
reloadAllAccessors: .MatrixCropFix

===========================================================================================
----------------- testing Mon Oct 21 06:12:09 UTC 2019 /home/travis/build/icyphy/ptII/ptolemy/actor/lib/test/auto/MatrixCropInt.xml
----------------- Instantiating /home/travis/build/icyphy/ptII/ptolemy/actor/lib/test/auto/MatrixCropInt.xml
2 ms. Memory: 427008K Free: 228019K (53%)
----------------- Invoking toplevel() on ptolemy.moml.MoMLSimpleApplication@209f7355
----------------- Done invoking toplevel() on ptolemy.moml.MoMLSimpleApplication@209f7355
reloadAllAccessors: .MatrixCropInt

===========================================================================================
----------------- testing Mon Oct 21 06:12:09 UTC 2019 /home/travis/build/icyphy/ptII/ptolemy/actor/lib/test/auto/MatrixCropLong.xml
----------------- Instantiating /home/travis/build/icyphy/ptII/ptolemy/actor/lib/test/auto/MatrixCropLong.xml
3 ms. Memory: 427008K Free: 223403K (52%)
----------------- Invoking toplevel() on ptolemy.moml.MoMLSimpleApplication@214eca5b
----------------- Done invoking toplevel() on ptolemy.moml.MoMLSimpleApplication@214eca5b
reloadAllAccessors: .MatrixCropLong

===========================================================================================
----------------- testing Mon Oct 21 06:12:09 UTC 2019 /home/travis/build/icyphy/ptII/ptolemy/actor/lib/test/auto/MatrixToArray.xml
----------------- Instantiating /home/travis/build/icyphy/ptII/ptolemy/actor/lib/test/auto/MatrixToArray.xml
12 ms. Memory: 427008K Free: 208563K (49%)
----------------- Invoking toplevel() on ptolemy.moml.MoMLSimpleApplication@3f7812c5
----------------- Done invoking toplevel() on ptolemy.moml.MoMLSimpleApplication@3f7812c5
reloadAllAccessors: .MatrixToArray

===========================================================================================
----------------- testing Mon Oct 21 06:12:09 UTC 2019 /home/travis/build/icyphy/ptII/ptolemy/actor/lib/test/auto/MaxIndex.xml
----------------- Instantiating /home/travis/build/icyphy/ptII/ptolemy/actor/lib/test/auto/MaxIndex.xml
2 ms. Memory: 427008K Free: 203443K (48%)
----------------- Invoking toplevel() on ptolemy.moml.MoMLSimpleApplication@409819fe
----------------- Done invoking toplevel() on ptolemy.moml.MoMLSimpleApplication@409819fe
reloadAllAccessors: .MaxIndex

===========================================================================================
----------------- testing Mon Oct 21 06:12:09 UTC 2019 /home/travis/build/icyphy/ptII/ptolemy/actor/lib/test/auto/Maximum.xml
----------------- Instantiating /home/travis/build/icyphy/ptII/ptolemy/actor/lib/test/auto/Maximum.xml
6 ms. Memory: 427008K Free: 196755K (46%)
----------------- Invoking toplevel() on ptolemy.moml.MoMLSimpleApplication@7d9b8d5c
----------------- Done invoking toplevel() on ptolemy.moml.MoMLSimpleApplication@7d9b8d5c
reloadAllAccessors: .Maximum

===========================================================================================
----------------- testing Mon Oct 21 06:12:09 UTC 2019 /home/travis/build/icyphy/ptII/ptolemy/actor/lib/test/auto/MaximumComplex.xml
----------------- Instantiating /home/travis/build/icyphy/ptII/ptolemy/actor/lib/test/auto/MaximumComplex.xml
6 ms. Memory: 427008K Free: 190641K (45%)
----------------- Invoking toplevel() on ptolemy.moml.MoMLSimpleApplication@6ff786bf
----------------- Done invoking toplevel() on ptolemy.moml.MoMLSimpleApplication@6ff786bf
reloadAllAccessors: .MaximumComplex

===========================================================================================
----------------- testing Mon Oct 21 06:12:09 UTC 2019 /home/travis/build/icyphy/ptII/ptolemy/actor/lib/test/auto/MethodCallTest.xml
----------------- Instantiating /home/travis/build/icyphy/ptII/ptolemy/actor/lib/test/auto/MethodCallTest.xml
3 ms. Memory: 427008K Free: 183987K (43%)
----------------- Invoking toplevel() on ptolemy.moml.MoMLSimpleApplication@16616d29
----------------- Done invoking toplevel() on ptolemy.moml.MoMLSimpleApplication@16616d29
reloadAllAccessors: .MethodCallTest

===========================================================================================
----------------- testing Mon Oct 21 06:12:09 UTC 2019 /home/travis/build/icyphy/ptII/ptolemy/actor/lib/test/auto/Minimum.xml
----------------- Instantiating /home/travis/build/icyphy/ptII/ptolemy/actor/lib/test/auto/Minimum.xml
3 ms. Memory: 427008K Free: 177315K (42%)
----------------- Invoking toplevel() on ptolemy.moml.MoMLSimpleApplication@7b8d080d
----------------- Done invoking toplevel() on ptolemy.moml.MoMLSimpleApplication@7b8d080d
reloadAllAccessors: .Minimum

===========================================================================================
----------------- testing Mon Oct 21 06:12:09 UTC 2019 /home/travis/build/icyphy/ptII/ptolemy/actor/lib/test/auto/MinimumComplex.xml
----------------- Instantiating /home/travis/build/icyphy/ptII/ptolemy/actor/lib/test/auto/MinimumComplex.xml
4 ms. Memory: 427008K Free: 171171K (40%)
----------------- Invoking toplevel() on ptolemy.moml.MoMLSimpleApplication@59566b7b
----------------- Done invoking toplevel() on ptolemy.moml.MoMLSimpleApplication@59566b7b
reloadAllAccessors: .MinimumComplex

===========================================================================================
----------------- testing Mon Oct 21 06:12:09 UTC 2019 /home/travis/build/icyphy/ptII/ptolemy/actor/lib/test/auto/MinimumMultiports.xml
----------------- Instantiating /home/travis/build/icyphy/ptII/ptolemy/actor/lib/test/auto/MinimumMultiports.xml
4 ms. Memory: 427008K Free: 162483K (38%)
----------------- Invoking toplevel() on ptolemy.moml.MoMLSimpleApplication@30c62537
----------------- Done invoking toplevel() on ptolemy.moml.MoMLSimpleApplication@30c62537
reloadAllAccessors: .MinimumMultiports

===========================================================================================
----------------- testing Mon Oct 21 06:12:10 UTC 2019 /home/travis/build/icyphy/ptII/ptolemy/actor/lib/test/auto/ModifyDate.xml
----------------- Instantiating /home/travis/build/icyphy/ptII/ptolemy/actor/lib/test/auto/ModifyDate.xml
9 ms. Memory: 427008K Free: 149681K (35%)
----------------- Invoking toplevel() on ptolemy.moml.MoMLSimpleApplication@68153449
----------------- Done invoking toplevel() on ptolemy.moml.MoMLSimpleApplication@68153449
reloadAllAccessors: .ModifyDate

===========================================================================================
----------------- testing Mon Oct 21 06:12:10 UTC 2019 /home/travis/build/icyphy/ptII/ptolemy/actor/lib/test/auto/ModifyDate2.xml
----------------- Instantiating /home/travis/build/icyphy/ptII/ptolemy/actor/lib/test/auto/ModifyDate2.xml
10 ms. Memory: 427008K Free: 140979K (33%)
----------------- Invoking toplevel() on ptolemy.moml.MoMLSimpleApplication@12f9d12d
----------------- Done invoking toplevel() on ptolemy.moml.MoMLSimpleApplication@12f9d12d
reloadAllAccessors: .ModifyDate2

===========================================================================================
----------------- testing Mon Oct 21 06:12:10 UTC 2019 /home/travis/build/icyphy/ptII/ptolemy/actor/lib/test/auto/MovingAverage.xml
----------------- Instantiating /home/travis/build/icyphy/ptII/ptolemy/actor/lib/test/auto/MovingAverage.xml
3 ms. Memory: 427008K Free: 135859K (32%)
----------------- Invoking toplevel() on ptolemy.moml.MoMLSimpleApplication@3f84df9d
----------------- Done invoking toplevel() on ptolemy.moml.MoMLSimpleApplication@3f84df9d
reloadAllAccessors: .MovingAverage

===========================================================================================
----------------- testing Mon Oct 21 06:12:10 UTC 2019 /home/travis/build/icyphy/ptII/ptolemy/actor/lib/test/auto/MovingMaximum.xml
----------------- Instantiating /home/travis/build/icyphy/ptII/ptolemy/actor/lib/test/auto/MovingMaximum.xml
1 ms. Memory: 427008K Free: 131249K (31%)
----------------- Invoking toplevel() on ptolemy.moml.MoMLSimpleApplication@6238764a
----------------- Done invoking toplevel() on ptolemy.moml.MoMLSimpleApplication@6238764a
reloadAllAccessors: .MovingMaximum

===========================================================================================
----------------- testing Mon Oct 21 06:12:10 UTC 2019 /home/travis/build/icyphy/ptII/ptolemy/actor/lib/test/auto/MultipleLinksToSameRelation.xml
----------------- Instantiating /home/travis/build/icyphy/ptII/ptolemy/actor/lib/test/auto/MultipleLinksToSameRelation.xml
2 ms. Memory: 427008K Free: 126643K (30%)
----------------- Invoking toplevel() on ptolemy.moml.MoMLSimpleApplication@6eb97aca
----------------- Done invoking toplevel() on ptolemy.moml.MoMLSimpleApplication@6eb97aca
reloadAllAccessors: .MultipleLinksToSameRelation

===========================================================================================
----------------- testing Mon Oct 21 06:12:10 UTC 2019 /home/travis/build/icyphy/ptII/ptolemy/actor/lib/test/auto/MultipleLinksToSameRelationDE.xml
----------------- Instantiating /home/travis/build/icyphy/ptII/ptolemy/actor/lib/test/auto/MultipleLinksToSameRelationDE.xml
2 ms. Memory: 427008K Free: 372842K (87%)
----------------- Invoking toplevel() on ptolemy.moml.MoMLSimpleApplication@6d59308d
----------------- Done invoking toplevel() on ptolemy.moml.MoMLSimpleApplication@6d59308d
reloadAllAccessors: .MultipleLinksToSameRelationDE

===========================================================================================
----------------- testing Mon Oct 21 06:12:10 UTC 2019 /home/travis/build/icyphy/ptII/ptolemy/actor/lib/test/auto/Multiplexor.xml
----------------- Instantiating /home/travis/build/icyphy/ptII/ptolemy/actor/lib/test/auto/Multiplexor.xml
2 ms. Memory: 427008K Free: 366712K (86%)
----------------- Invoking toplevel() on ptolemy.moml.MoMLSimpleApplication@64c7ae90
----------------- Done invoking toplevel() on ptolemy.moml.MoMLSimpleApplication@64c7ae90
reloadAllAccessors: .Multiplexor

===========================================================================================
----------------- testing Mon Oct 21 06:12:10 UTC 2019 /home/travis/build/icyphy/ptII/ptolemy/actor/lib/test/auto/Multiplexor1.xml
----------------- Instantiating /home/travis/build/icyphy/ptII/ptolemy/actor/lib/test/auto/Multiplexor1.xml
3 ms. Memory: 427008K Free: 360538K (84%)
----------------- Invoking toplevel() on ptolemy.moml.MoMLSimpleApplication@b184a36
----------------- Done invoking toplevel() on ptolemy.moml.MoMLSimpleApplication@b184a36
reloadAllAccessors: .Multiplexor1

===========================================================================================
----------------- testing Mon Oct 21 06:12:10 UTC 2019 /home/travis/build/icyphy/ptII/ptolemy/actor/lib/test/auto/Multiplexor2.xml
----------------- Instantiating /home/travis/build/icyphy/ptII/ptolemy/actor/lib/test/auto/Multiplexor2.xml
2 ms. Memory: 427008K Free: 353914K (83%)
----------------- Invoking toplevel() on ptolemy.moml.MoMLSimpleApplication@33366c37
----------------- Done invoking toplevel() on ptolemy.moml.MoMLSimpleApplication@33366c37
reloadAllAccessors: .Multiplexor2

===========================================================================================
----------------- testing Mon Oct 21 06:12:10 UTC 2019 /home/travis/build/icyphy/ptII/ptolemy/actor/lib/test/auto/Multiplexor3.xml
----------------- Instantiating /home/travis/build/icyphy/ptII/ptolemy/actor/lib/test/auto/Multiplexor3.xml
2 ms. Memory: 427008K Free: 349818K (82%)
----------------- Invoking toplevel() on ptolemy.moml.MoMLSimpleApplication@5b70735
----------------- Done invoking toplevel() on ptolemy.moml.MoMLSimpleApplication@5b70735
reloadAllAccessors: .Multiplexor3

===========================================================================================
----------------- testing Mon Oct 21 06:12:10 UTC 2019 /home/travis/build/icyphy/ptII/ptolemy/actor/lib/test/auto/MultiplexorDE.xml
----------------- Instantiating /home/travis/build/icyphy/ptII/ptolemy/actor/lib/test/auto/MultiplexorDE.xml
2 ms. Memory: 427008K Free: 342106K (80%)
----------------- Invoking toplevel() on ptolemy.moml.MoMLSimpleApplication@18c9bd24
----------------- Done invoking toplevel() on ptolemy.moml.MoMLSimpleApplication@18c9bd24
reloadAllAccessors: .MultiplexorDE

===========================================================================================
----------------- testing Mon Oct 21 06:12:10 UTC 2019 /home/travis/build/icyphy/ptII/ptolemy/actor/lib/test/auto/MultiportBroadcastTest.xml
----------------- Instantiating /home/travis/build/icyphy/ptII/ptolemy/actor/lib/test/auto/MultiportBroadcastTest.xml
102 ms. Memory: 427008K Free: 335482K (79%)
----------------- Invoking toplevel() on ptolemy.moml.MoMLSimpleApplication@6e9acd3a
----------------- Done invoking toplevel() on ptolemy.moml.MoMLSimpleApplication@6e9acd3a
reloadAllAccessors: .MultiportBroadcastTest

===========================================================================================
----------------- testing Mon Oct 21 06:12:10 UTC 2019 /home/travis/build/icyphy/ptII/ptolemy/actor/lib/test/auto/MultiportOutHangDuringGetWidth.xml
----------------- Instantiating /home/travis/build/icyphy/ptII/ptolemy/actor/lib/test/auto/MultiportOutHangDuringGetWidth.xml
6 ms. Memory: 427008K Free: 323194K (76%)
----------------- Invoking toplevel() on ptolemy.moml.MoMLSimpleApplication@699cbd47
----------------- Done invoking toplevel() on ptolemy.moml.MoMLSimpleApplication@699cbd47
reloadAllAccessors: .MultiportOutHangDuringGetWidth

===========================================================================================
----------------- testing Mon Oct 21 06:12:10 UTC 2019 /home/travis/build/icyphy/ptII/ptolemy/actor/lib/test/auto/NilToken.xml
----------------- Instantiating /home/travis/build/icyphy/ptII/ptolemy/actor/lib/test/auto/NilToken.xml
1 ms. Memory: 427008K Free: 319098K (75%)
----------------- Invoking toplevel() on ptolemy.moml.MoMLSimpleApplication@132fbb8e
----------------- Done invoking toplevel() on ptolemy.moml.MoMLSimpleApplication@132fbb8e
reloadAllAccessors: .NilToken

===========================================================================================
----------------- testing Mon Oct 21 06:12:10 UTC 2019 /home/travis/build/icyphy/ptII/ptolemy/actor/lib/test/auto/NilTokenNonStrictTest.xml
----------------- Instantiating /home/travis/build/icyphy/ptII/ptolemy/actor/lib/test/auto/NilTokenNonStrictTest.xml
2 ms. Memory: 427008K Free: 314488K (74%)
----------------- Invoking toplevel() on ptolemy.moml.MoMLSimpleApplication@2e6be420
----------------- Done invoking toplevel() on ptolemy.moml.MoMLSimpleApplication@2e6be420
reloadAllAccessors: .NilTokenNonStrictTest

===========================================================================================
----------------- testing Mon Oct 21 06:12:10 UTC 2019 /home/travis/build/icyphy/ptII/ptolemy/actor/lib/test/auto/NilTokenRecord.xml
----------------- Instantiating /home/travis/build/icyphy/ptII/ptolemy/actor/lib/test/auto/NilTokenRecord.xml
15 ms. Memory: 427008K Free: 307834K (72%)
----------------- Invoking toplevel() on ptolemy.moml.MoMLSimpleApplication@29c8dcd5
----------------- Done invoking toplevel() on ptolemy.moml.MoMLSimpleApplication@29c8dcd5
reloadAllAccessors: .NilTokenRecord

===========================================================================================
----------------- testing Mon Oct 21 06:12:10 UTC 2019 /home/travis/build/icyphy/ptII/ptolemy/actor/lib/test/auto/NilTokenTypeTest.xml
----------------- Instantiating /home/travis/build/icyphy/ptII/ptolemy/actor/lib/test/auto/NilTokenTypeTest.xml
7 ms. Memory: 427008K Free: 298104K (70%)
----------------- Invoking toplevel() on ptolemy.moml.MoMLSimpleApplication@1ae7790e
----------------- Done invoking toplevel() on ptolemy.moml.MoMLSimpleApplication@1ae7790e
reloadAllAccessors: .NilTokenTypeTest

===========================================================================================
----------------- testing Mon Oct 21 06:12:10 UTC 2019 /home/travis/build/icyphy/ptII/ptolemy/actor/lib/test/auto/ObjectToken1.xml
----------------- Instantiating /home/travis/build/icyphy/ptII/ptolemy/actor/lib/test/auto/ObjectToken1.xml
3 ms. Memory: 427008K Free: 294008K (69%)
----------------- Invoking toplevel() on ptolemy.moml.MoMLSimpleApplication@6f0d7ef8
----------------- Done invoking toplevel() on ptolemy.moml.MoMLSimpleApplication@6f0d7ef8
reloadAllAccessors: .ObjectToken1

===========================================================================================
----------------- testing Mon Oct 21 06:12:10 UTC 2019 /home/travis/build/icyphy/ptII/ptolemy/actor/lib/test/auto/OrderedMerge.xml
----------------- Instantiating /home/travis/build/icyphy/ptII/ptolemy/actor/lib/test/auto/OrderedMerge.xml
14 ms. Memory: 427008K Free: 288378K (68%)
----------------- Invoking toplevel() on ptolemy.moml.MoMLSimpleApplication@4e27f1cf
----------------- Done invoking toplevel() on ptolemy.moml.MoMLSimpleApplication@4e27f1cf
reloadAllAccessors: .OrderedMerge

===========================================================================================
----------------- testing Mon Oct 21 06:12:10 UTC 2019 /home/travis/build/icyphy/ptII/ptolemy/actor/lib/test/auto/OrderedRecordDisassembler.xml
----------------- Instantiating /home/travis/build/icyphy/ptII/ptolemy/actor/lib/test/auto/OrderedRecordDisassembler.xml
3 ms. Memory: 427008K Free: 283258K (66%)
----------------- Invoking toplevel() on ptolemy.moml.MoMLSimpleApplication@757319c4
----------------- Done invoking toplevel() on ptolemy.moml.MoMLSimpleApplication@757319c4
reloadAllAccessors: .OrderedRecordDisassembler

===========================================================================================
----------------- testing Mon Oct 21 06:12:10 UTC 2019 /home/travis/build/icyphy/ptII/ptolemy/actor/lib/test/auto/OrderedRecordDisassembler2.xml
----------------- Instantiating /home/travis/build/icyphy/ptII/ptolemy/actor/lib/test/auto/OrderedRecordDisassembler2.xml
5 ms. Memory: 427008K Free: 275562K (65%)
----------------- Invoking toplevel() on ptolemy.moml.MoMLSimpleApplication@68960475
----------------- Done invoking toplevel() on ptolemy.moml.MoMLSimpleApplication@68960475
reloadAllAccessors: .OrderedRecordDisassembler2

===========================================================================================
----------------- testing Mon Oct 21 06:12:10 UTC 2019 /home/travis/build/icyphy/ptII/ptolemy/actor/lib/test/auto/OrderedRecordUpdater.xml
----------------- Instantiating /home/travis/build/icyphy/ptII/ptolemy/actor/lib/test/auto/OrderedRecordUpdater.xml
2 ms. Memory: 427008K Free: 270456K (63%)
----------------- Invoking toplevel() on ptolemy.moml.MoMLSimpleApplication@631fe77c
----------------- Done invoking toplevel() on ptolemy.moml.MoMLSimpleApplication@631fe77c
reloadAllAccessors: .RecordUpdater

===========================================================================================
----------------- testing Mon Oct 21 06:12:10 UTC 2019 /home/travis/build/icyphy/ptII/ptolemy/actor/lib/test/auto/OrderedRecordUpdater2.xml
----------------- Instantiating /home/travis/build/icyphy/ptII/ptolemy/actor/lib/test/auto/OrderedRecordUpdater2.xml
3 ms. Memory: 427008K Free: 265336K (62%)
----------------- Invoking toplevel() on ptolemy.moml.MoMLSimpleApplication@3b34cef5
----------------- Done invoking toplevel() on ptolemy.moml.MoMLSimpleApplication@3b34cef5
reloadAllAccessors: .RecordUpdater2

===========================================================================================
----------------- testing Mon Oct 21 06:12:10 UTC 2019 /home/travis/build/icyphy/ptII/ptolemy/actor/lib/test/auto/PhaseUnwrap.xml
----------------- Instantiating /home/travis/build/icyphy/ptII/ptolemy/actor/lib/test/auto/PhaseUnwrap.xml
2 ms. Memory: 427008K Free: 260216K (61%)
----------------- Invoking toplevel() on ptolemy.moml.MoMLSimpleApplication@317e445e
----------------- Done invoking toplevel() on ptolemy.moml.MoMLSimpleApplication@317e445e
reloadAllAccessors: .PhaseUnwrap

===========================================================================================
----------------- testing Mon Oct 21 06:12:10 UTC 2019 /home/travis/build/icyphy/ptII/ptolemy/actor/lib/test/auto/PoissonClock.xml
----------------- Instantiating /home/travis/build/icyphy/ptII/ptolemy/actor/lib/test/auto/PoissonClock.xml
2 ms. Memory: 427008K Free: 256120K (60%)
----------------- Invoking toplevel() on ptolemy.moml.MoMLSimpleApplication@630e6e8e
----------------- Done invoking toplevel() on ptolemy.moml.MoMLSimpleApplication@630e6e8e
reloadAllAccessors: .PoissonClock

===========================================================================================
----------------- testing Mon Oct 21 06:12:10 UTC 2019 /home/travis/build/icyphy/ptII/ptolemy/actor/lib/test/auto/PoissonClock2.xml
----------------- Instantiating /home/travis/build/icyphy/ptII/ptolemy/actor/lib/test/auto/PoissonClock2.xml
1 ms. Memory: 427008K Free: 251514K (59%)
----------------- Invoking toplevel() on ptolemy.moml.MoMLSimpleApplication@2f7b02e4
----------------- Done invoking toplevel() on ptolemy.moml.MoMLSimpleApplication@2f7b02e4
reloadAllAccessors: .PoissonClock2

===========================================================================================
----------------- testing Mon Oct 21 06:12:10 UTC 2019 /home/travis/build/icyphy/ptII/ptolemy/actor/lib/test/auto/PoissonClock3.xml
----------------- Instantiating /home/travis/build/icyphy/ptII/ptolemy/actor/lib/test/auto/PoissonClock3.xml
2 ms. Memory: 427008K Free: 246904K (58%)
----------------- Invoking toplevel() on ptolemy.moml.MoMLSimpleApplication@6b215441
----------------- Done invoking toplevel() on ptolemy.moml.MoMLSimpleApplication@6b215441
reloadAllAccessors: .PoissonClock3

===========================================================================================
----------------- testing Mon Oct 21 06:12:10 UTC 2019 /home/travis/build/icyphy/ptII/ptolemy/actor/lib/test/auto/PubSubWithInitialTokens.xml
----------------- Instantiating /home/travis/build/icyphy/ptII/ptolemy/actor/lib/test/auto/PubSubWithInitialTokens.xml
7 ms. Memory: 427008K Free: 241274K (57%)
----------------- Invoking toplevel() on ptolemy.moml.MoMLSimpleApplication@16598dd2
----------------- Done invoking toplevel() on ptolemy.moml.MoMLSimpleApplication@16598dd2
reloadAllAccessors: .PubSubWithInitialTokens

===========================================================================================
----------------- testing Mon Oct 21 06:12:10 UTC 2019 /home/travis/build/icyphy/ptII/ptolemy/actor/lib/test/auto/PubSubWithInitialTokens2.xml
----------------- Instantiating /home/travis/build/icyphy/ptII/ptolemy/actor/lib/test/auto/PubSubWithInitialTokens2.xml
2 ms. Memory: 427008K Free: 235130K (55%)
----------------- Invoking toplevel() on ptolemy.moml.MoMLSimpleApplication@1293339e
----------------- Done invoking toplevel() on ptolemy.moml.MoMLSimpleApplication@1293339e
reloadAllAccessors: .PubSubWithInitialTokens2

===========================================================================================
----------------- testing Mon Oct 21 06:12:10 UTC 2019 /home/travis/build/icyphy/ptII/ptolemy/actor/lib/test/auto/PublisherClassNoParameter.xml
----------------- Instantiating /home/travis/build/icyphy/ptII/ptolemy/actor/lib/test/auto/PublisherClassNoParameter.xml
3 ms. Memory: 427008K Free: 225400K (53%)
----------------- Invoking toplevel() on ptolemy.moml.MoMLSimpleApplication@4b4a23f5
----------------- Done invoking toplevel() on ptolemy.moml.MoMLSimpleApplication@4b4a23f5
reloadAllAccessors: .PublisherClassNoParameter

===========================================================================================
----------------- testing Mon Oct 21 06:12:10 UTC 2019 /home/travis/build/icyphy/ptII/ptolemy/actor/lib/test/auto/PublisherClassParameter.xml
----------------- Instantiating /home/travis/build/icyphy/ptII/ptolemy/actor/lib/test/auto/PublisherClassParameter.xml
2 ms. Memory: 427008K Free: 215160K (50%)
----------------- Invoking toplevel() on ptolemy.moml.MoMLSimpleApplication@7549f62f
----------------- Done invoking toplevel() on ptolemy.moml.MoMLSimpleApplication@7549f62f
reloadAllAccessors: .PublisherClassParameter

===========================================================================================
----------------- testing Mon Oct 21 06:12:10 UTC 2019 /home/travis/build/icyphy/ptII/ptolemy/actor/lib/test/auto/PublisherNonStrictTest.xml
----------------- Instantiating /home/travis/build/icyphy/ptII/ptolemy/actor/lib/test/auto/PublisherNonStrictTest.xml
3 ms. Memory: 427008K Free: 207482K (49%)
----------------- Invoking toplevel() on ptolemy.moml.MoMLSimpleApplication@2e2fa565
----------------- Done invoking toplevel() on ptolemy.moml.MoMLSimpleApplication@2e2fa565
reloadAllAccessors: .PublisherNonStrictTest

===========================================================================================
----------------- testing Mon Oct 21 06:12:10 UTC 2019 /home/travis/build/icyphy/ptII/ptolemy/actor/lib/test/auto/PublisherPort1.xml
----------------- Instantiating /home/travis/build/icyphy/ptII/ptolemy/actor/lib/test/auto/PublisherPort1.xml
3 ms. Memory: 427008K Free: 201818K (47%)
----------------- Invoking toplevel() on ptolemy.moml.MoMLSimpleApplication@18b61cb4
----------------- Done invoking toplevel() on ptolemy.moml.MoMLSimpleApplication@18b61cb4
reloadAllAccessors: .PublisherPort1

===========================================================================================
----------------- testing Mon Oct 21 06:12:10 UTC 2019 /home/travis/build/icyphy/ptII/ptolemy/actor/lib/test/auto/PublisherPort2.xml
----------------- Instantiating /home/travis/build/icyphy/ptII/ptolemy/actor/lib/test/auto/PublisherPort2.xml
1 ms. Memory: 427008K Free: 196218K (46%)
----------------- Invoking toplevel() on ptolemy.moml.MoMLSimpleApplication@68d1e2d9
----------------- Done invoking toplevel() on ptolemy.moml.MoMLSimpleApplication@68d1e2d9
reloadAllAccessors: .PublisherPort2

===========================================================================================
----------------- testing Mon Oct 21 06:12:10 UTC 2019 /home/travis/build/icyphy/ptII/ptolemy/actor/lib/test/auto/PublisherPort3.xml
----------------- Instantiating /home/travis/build/icyphy/ptII/ptolemy/actor/lib/test/auto/PublisherPort3.xml
3 ms. Memory: 427008K Free: 189530K (44%)
----------------- Invoking toplevel() on ptolemy.moml.MoMLSimpleApplication@59699e85
----------------- Done invoking toplevel() on ptolemy.moml.MoMLSimpleApplication@59699e85
reloadAllAccessors: .PublisherPort3

===========================================================================================
----------------- testing Mon Oct 21 06:12:10 UTC 2019 /home/travis/build/icyphy/ptII/ptolemy/actor/lib/test/auto/PublisherPort4.xml
----------------- Instantiating /home/travis/build/icyphy/ptII/ptolemy/actor/lib/test/auto/PublisherPort4.xml
3 ms. Memory: 427008K Free: 183930K (43%)
----------------- Invoking toplevel() on ptolemy.moml.MoMLSimpleApplication@2d5f0112
----------------- Done invoking toplevel() on ptolemy.moml.MoMLSimpleApplication@2d5f0112
reloadAllAccessors: .PublisherPort4

===========================================================================================
----------------- testing Mon Oct 21 06:12:10 UTC 2019 /home/travis/build/icyphy/ptII/ptolemy/actor/lib/test/auto/PublisherPort5.xml
----------------- Instantiating /home/travis/build/icyphy/ptII/ptolemy/actor/lib/test/auto/PublisherPort5.xml
17 ms. Memory: 427008K Free: 176248K (41%)
----------------- Invoking toplevel() on ptolemy.moml.MoMLSimpleApplication@41cc3f3
----------------- Done invoking toplevel() on ptolemy.moml.MoMLSimpleApplication@41cc3f3
reloadAllAccessors: .PublisherPort5

===========================================================================================
----------------- testing Mon Oct 21 06:12:11 UTC 2019 /home/travis/build/icyphy/ptII/ptolemy/actor/lib/test/auto/PublisherPort5LookAlike.xml
----------------- Instantiating /home/travis/build/icyphy/ptII/ptolemy/actor/lib/test/auto/PublisherPort5LookAlike.xml
10 ms. Memory: 427008K Free: 168570K (39%)
----------------- Invoking toplevel() on ptolemy.moml.MoMLSimpleApplication@7d8532cc
----------------- Done invoking toplevel() on ptolemy.moml.MoMLSimpleApplication@7d8532cc
reloadAllAccessors: .PublisherPort5LookAlike

===========================================================================================
----------------- testing Mon Oct 21 06:12:11 UTC 2019 /home/travis/build/icyphy/ptII/ptolemy/actor/lib/test/auto/PublisherPort6.xml
----------------- Instantiating /home/travis/build/icyphy/ptII/ptolemy/actor/lib/test/auto/PublisherPort6.xml
3 ms. Memory: 427008K Free: 161898K (38%)
----------------- Invoking toplevel() on ptolemy.moml.MoMLSimpleApplication@5ac8f677
----------------- Done invoking toplevel() on ptolemy.moml.MoMLSimpleApplication@5ac8f677
reloadAllAccessors: .PublisherPort6

===========================================================================================
----------------- testing Mon Oct 21 06:12:11 UTC 2019 /home/travis/build/icyphy/ptII/ptolemy/actor/lib/test/auto/PublisherPort7.xml
----------------- Instantiating /home/travis/build/icyphy/ptII/ptolemy/actor/lib/test/auto/PublisherPort7.xml
4 ms. Memory: 427008K Free: 154234K (36%)
----------------- Invoking toplevel() on ptolemy.moml.MoMLSimpleApplication@79ad72d7
----------------- Done invoking toplevel() on ptolemy.moml.MoMLSimpleApplication@79ad72d7
reloadAllAccessors: .PublisherPort7

===========================================================================================
----------------- testing Mon Oct 21 06:12:11 UTC 2019 /home/travis/build/icyphy/ptII/ptolemy/actor/lib/test/auto/PublisherPort8.xml
----------------- Instantiating /home/travis/build/icyphy/ptII/ptolemy/actor/lib/test/auto/PublisherPort8.xml
14 ms. Memory: 427008K Free: 145528K (34%)
----------------- Invoking toplevel() on ptolemy.moml.MoMLSimpleApplication@192ee6f1
----------------- Done invoking toplevel() on ptolemy.moml.MoMLSimpleApplication@192ee6f1
reloadAllAccessors: .PublisherPort8

===========================================================================================
----------------- testing Mon Oct 21 06:12:11 UTC 2019 /home/travis/build/icyphy/ptII/ptolemy/actor/lib/test/auto/PublisherPortSubscriberChannelVariablesAOC2.xml
----------------- Instantiating /home/travis/build/icyphy/ptII/ptolemy/actor/lib/test/auto/PublisherPortSubscriberChannelVariablesAOC2.xml
3 ms. Memory: 427008K Free: 128120K (30%)
----------------- Invoking toplevel() on ptolemy.moml.MoMLSimpleApplication@9f7b372
----------------- Done invoking toplevel() on ptolemy.moml.MoMLSimpleApplication@9f7b372
reloadAllAccessors: .PublisherPortSubscriberChannelVariablesAOC2

===========================================================================================
----------------- testing Mon Oct 21 06:12:11 UTC 2019 /home/travis/build/icyphy/ptII/ptolemy/actor/lib/test/auto/PublisherPortSubscriberOpaqueWidthInference.xml
----------------- Instantiating /home/travis/build/icyphy/ptII/ptolemy/actor/lib/test/auto/PublisherPortSubscriberOpaqueWidthInference.xml
5 ms. Memory: 427008K Free: 370446K (87%)
----------------- Invoking toplevel() on ptolemy.moml.MoMLSimpleApplication@2d4b9a41
----------------- Done invoking toplevel() on ptolemy.moml.MoMLSimpleApplication@2d4b9a41
reloadAllAccessors: .PublisherPortSubscriberOpaqueWidthInference

===========================================================================================
----------------- testing Mon Oct 21 06:12:11 UTC 2019 /home/travis/build/icyphy/ptII/ptolemy/actor/lib/test/auto/PublisherPortSubscriberPortAdjacent.xml
----------------- Instantiating /home/travis/build/icyphy/ptII/ptolemy/actor/lib/test/auto/PublisherPortSubscriberPortAdjacent.xml
2 ms. Memory: 427008K Free: 361744K (85%)
----------------- Invoking toplevel() on ptolemy.moml.MoMLSimpleApplication@2ed4af41
----------------- Done invoking toplevel() on ptolemy.moml.MoMLSimpleApplication@2ed4af41
reloadAllAccessors: .PublisherPortSubscriberPortAdjacent

===========================================================================================
----------------- testing Mon Oct 21 06:12:11 UTC 2019 /home/travis/build/icyphy/ptII/ptolemy/actor/lib/test/auto/PublisherPortSubscriberPortExpression.xml
----------------- Instantiating /home/travis/build/icyphy/ptII/ptolemy/actor/lib/test/auto/PublisherPortSubscriberPortExpression.xml
4 ms. Memory: 427008K Free: 354056K (83%)
----------------- Invoking toplevel() on ptolemy.moml.MoMLSimpleApplication@4e21487a
----------------- Done invoking toplevel() on ptolemy.moml.MoMLSimpleApplication@4e21487a
reloadAllAccessors: .PublisherPortSubscriberPortExpression

===========================================================================================
----------------- testing Mon Oct 21 06:12:11 UTC 2019 /home/travis/build/icyphy/ptII/ptolemy/actor/lib/test/auto/PublisherPortSubscriberPortOpaqueD3Reverse.xml
----------------- Instantiating /home/travis/build/icyphy/ptII/ptolemy/actor/lib/test/auto/PublisherPortSubscriberPortOpaqueD3Reverse.xml
8 ms. Memory: 427008K Free: 343822K (81%)
----------------- Invoking toplevel() on ptolemy.moml.MoMLSimpleApplication@2c5ccf5e
----------------- Done invoking toplevel() on ptolemy.moml.MoMLSimpleApplication@2c5ccf5e
reloadAllAccessors: .PublisherPortSubscriberPortOpaqueD3Reverse

===========================================================================================
----------------- testing Mon Oct 21 06:12:11 UTC 2019 /home/travis/build/icyphy/ptII/ptolemy/actor/lib/test/auto/PublisherPortSubscriberPortOpaqueWidthInference.xml
----------------- Instantiating /home/travis/build/icyphy/ptII/ptolemy/actor/lib/test/auto/PublisherPortSubscriberPortOpaqueWidthInference.xml
5 ms. Memory: 427008K Free: 336144K (79%)
----------------- Invoking toplevel() on ptolemy.moml.MoMLSimpleApplication@340beba5
----------------- Done invoking toplevel() on ptolemy.moml.MoMLSimpleApplication@340beba5
reloadAllAccessors: .PublisherPortSubscriberPortOpaqueWidthInference

===========================================================================================
----------------- testing Mon Oct 21 06:12:11 UTC 2019 /home/travis/build/icyphy/ptII/ptolemy/actor/lib/test/auto/PublisherPortToplevelSubscriberPortAOC.xml
----------------- Instantiating /home/travis/build/icyphy/ptII/ptolemy/actor/lib/test/auto/PublisherPortToplevelSubscriberPortAOC.xml
.PublisherPortToplevelSubscriberPortAOC.TestExceptionAttribute: initialize() was not invoked, but wrapup() was.  This is unusual, but not always a problem.  For example, exporting JNLP will do this.
1 ms. Memory: 427008K Free: 330510K (77%)
----------------- Invoking toplevel() on ptolemy.moml.MoMLSimpleApplication@a16b638
----------------- Done invoking toplevel() on ptolemy.moml.MoMLSimpleApplication@a16b638
reloadAllAccessors: .PublisherPortToplevelSubscriberPortAOC

===========================================================================================
----------------- testing Mon Oct 21 06:12:11 UTC 2019 /home/travis/build/icyphy/ptII/ptolemy/actor/lib/test/auto/PublisherSubscriber.xml
----------------- Instantiating /home/travis/build/icyphy/ptII/ptolemy/actor/lib/test/auto/PublisherSubscriber.xml
3 ms. Memory: 427008K Free: 323328K (76%)
----------------- Invoking toplevel() on ptolemy.moml.MoMLSimpleApplication@5dfb7748
----------------- Done invoking toplevel() on ptolemy.moml.MoMLSimpleApplication@5dfb7748
reloadAllAccessors: .PublisherSubscriber

===========================================================================================
----------------- testing Mon Oct 21 06:12:11 UTC 2019 /home/travis/build/icyphy/ptII/ptolemy/actor/lib/test/auto/PublisherSubscriber10.xml
----------------- Instantiating /home/travis/build/icyphy/ptII/ptolemy/actor/lib/test/auto/PublisherSubscriber10.xml
7 ms. Memory: 427008K Free: 313102K (73%)
----------------- Invoking toplevel() on ptolemy.moml.MoMLSimpleApplication@72c0ca62
----------------- Done invoking toplevel() on ptolemy.moml.MoMLSimpleApplication@72c0ca62
reloadAllAccessors: .PublisherSubscriber10

===========================================================================================
----------------- testing Mon Oct 21 06:12:11 UTC 2019 /home/travis/build/icyphy/ptII/ptolemy/actor/lib/test/auto/PublisherSubscriber10InitialOutputs.xml
----------------- Instantiating /home/travis/build/icyphy/ptII/ptolemy/actor/lib/test/auto/PublisherSubscriber10InitialOutputs.xml
15 ms. Memory: 427008K Free: 303886K (71%)
----------------- Invoking toplevel() on ptolemy.moml.MoMLSimpleApplication@250d3c07
----------------- Done invoking toplevel() on ptolemy.moml.MoMLSimpleApplication@250d3c07
reloadAllAccessors: .PublisherSubscriber10InitialOutputs

===========================================================================================
----------------- testing Mon Oct 21 06:12:11 UTC 2019 /home/travis/build/icyphy/ptII/ptolemy/actor/lib/test/auto/PublisherSubscriber11.xml
----------------- Instantiating /home/travis/build/icyphy/ptII/ptolemy/actor/lib/test/auto/PublisherSubscriber11.xml
4 ms. Memory: 427008K Free: 297232K (70%)
----------------- Invoking toplevel() on ptolemy.moml.MoMLSimpleApplication@225da7e0
----------------- Done invoking toplevel() on ptolemy.moml.MoMLSimpleApplication@225da7e0
reloadAllAccessors: .PublisherSubscriber11

===========================================================================================
----------------- testing Mon Oct 21 06:12:11 UTC 2019 /home/travis/build/icyphy/ptII/ptolemy/actor/lib/test/auto/PublisherSubscriber12.xml
----------------- Instantiating /home/travis/build/icyphy/ptII/ptolemy/actor/lib/test/auto/PublisherSubscriber12.xml
7 ms. Memory: 427008K Free: 290064K (68%)
----------------- Invoking toplevel() on ptolemy.moml.MoMLSimpleApplication@7337f118
----------------- Done invoking toplevel() on ptolemy.moml.MoMLSimpleApplication@7337f118
reloadAllAccessors: .PublisherSubscriber12

===========================================================================================
----------------- testing Mon Oct 21 06:12:11 UTC 2019 /home/travis/build/icyphy/ptII/ptolemy/actor/lib/test/auto/PublisherSubscriber13.xml
----------------- Instantiating /home/travis/build/icyphy/ptII/ptolemy/actor/lib/test/auto/PublisherSubscriber13.xml
2 ms. Memory: 427008K Free: 284400K (67%)
----------------- Invoking toplevel() on ptolemy.moml.MoMLSimpleApplication@1f773b23
----------------- Done invoking toplevel() on ptolemy.moml.MoMLSimpleApplication@1f773b23
reloadAllAccessors: .PublisherSubscriber13

===========================================================================================
----------------- testing Mon Oct 21 06:12:11 UTC 2019 /home/travis/build/icyphy/ptII/ptolemy/actor/lib/test/auto/PublisherSubscriber14.xml
----------------- Instantiating /home/travis/build/icyphy/ptII/ptolemy/actor/lib/test/auto/PublisherSubscriber14.xml
3 ms. Memory: 427008K Free: 275728K (65%)
----------------- Invoking toplevel() on ptolemy.moml.MoMLSimpleApplication@1648b8d7
----------------- Done invoking toplevel() on ptolemy.moml.MoMLSimpleApplication@1648b8d7
reloadAllAccessors: .PublisherSubscriber14

===========================================================================================
----------------- testing Mon Oct 21 06:12:11 UTC 2019 /home/travis/build/icyphy/ptII/ptolemy/actor/lib/test/auto/PublisherSubscriber2.xml
----------------- Instantiating /home/travis/build/icyphy/ptII/ptolemy/actor/lib/test/auto/PublisherSubscriber2.xml
4 ms. Memory: 427008K Free: 270064K (63%)
----------------- Invoking toplevel() on ptolemy.moml.MoMLSimpleApplication@5dd12fb
----------------- Done invoking toplevel() on ptolemy.moml.MoMLSimpleApplication@5dd12fb
reloadAllAccessors: .PublisherSubscriber2

===========================================================================================
----------------- testing Mon Oct 21 06:12:11 UTC 2019 /home/travis/build/icyphy/ptII/ptolemy/actor/lib/test/auto/PublisherSubscriber3.xml
----------------- Instantiating /home/travis/build/icyphy/ptII/ptolemy/actor/lib/test/auto/PublisherSubscriber3.xml
2 ms. Memory: 427008K Free: 263920K (62%)
----------------- Invoking toplevel() on ptolemy.moml.MoMLSimpleApplication@617d69a9
----------------- Done invoking toplevel() on ptolemy.moml.MoMLSimpleApplication@617d69a9
reloadAllAccessors: .PublisherSubscriber3

===========================================================================================
----------------- testing Mon Oct 21 06:12:11 UTC 2019 /home/travis/build/icyphy/ptII/ptolemy/actor/lib/test/auto/PublisherSubscriber4.xml
----------------- Instantiating /home/travis/build/icyphy/ptII/ptolemy/actor/lib/test/auto/PublisherSubscriber4.xml
2 ms. Memory: 427008K Free: 258800K (61%)
----------------- Invoking toplevel() on ptolemy.moml.MoMLSimpleApplication@47fc7632
----------------- Done invoking toplevel() on ptolemy.moml.MoMLSimpleApplication@47fc7632
reloadAllAccessors: .PublisherSubscriber4

===========================================================================================
----------------- testing Mon Oct 21 06:12:11 UTC 2019 /home/travis/build/icyphy/ptII/ptolemy/actor/lib/test/auto/PublisherSubscriber5.xml
----------------- Instantiating /home/travis/build/icyphy/ptII/ptolemy/actor/lib/test/auto/PublisherSubscriber5.xml
2 ms. Memory: 427008K Free: 252176K (59%)
----------------- Invoking toplevel() on ptolemy.moml.MoMLSimpleApplication@6fb3f99c
----------------- Done invoking toplevel() on ptolemy.moml.MoMLSimpleApplication@6fb3f99c
reloadAllAccessors: .PublisherSubscriber5

===========================================================================================
----------------- testing Mon Oct 21 06:12:11 UTC 2019 /home/travis/build/icyphy/ptII/ptolemy/actor/lib/test/auto/PublisherSubscriber6.xml
----------------- Instantiating /home/travis/build/icyphy/ptII/ptolemy/actor/lib/test/auto/PublisherSubscriber6.xml
3 ms. Memory: 427008K Free: 245518K (57%)
----------------- Invoking toplevel() on ptolemy.moml.MoMLSimpleApplication@4b6c6844
----------------- Done invoking toplevel() on ptolemy.moml.MoMLSimpleApplication@4b6c6844
reloadAllAccessors: .PublisherSubscriber6

===========================================================================================
----------------- testing Mon Oct 21 06:12:11 UTC 2019 /home/travis/build/icyphy/ptII/ptolemy/actor/lib/test/auto/PublisherSubscriber7.xml
----------------- Instantiating /home/travis/build/icyphy/ptII/ptolemy/actor/lib/test/auto/PublisherSubscriber7.xml
8 ms. Memory: 427008K Free: 238350K (56%)
----------------- Invoking toplevel() on ptolemy.moml.MoMLSimpleApplication@5ffaebad
----------------- Done invoking toplevel() on ptolemy.moml.MoMLSimpleApplication@5ffaebad
reloadAllAccessors: .PublisherSubscriber7

===========================================================================================
----------------- testing Mon Oct 21 06:12:11 UTC 2019 /home/travis/build/icyphy/ptII/ptolemy/actor/lib/test/auto/PublisherSubscriber8.xml
----------------- Instantiating /home/travis/build/icyphy/ptII/ptolemy/actor/lib/test/auto/PublisherSubscriber8.xml
19 ms. Memory: 427008K Free: 226576K (53%)
----------------- Invoking toplevel() on ptolemy.moml.MoMLSimpleApplication@198248b3
----------------- Done invoking toplevel() on ptolemy.moml.MoMLSimpleApplication@198248b3
reloadAllAccessors: .PublisherSubscriber8

===========================================================================================
----------------- testing Mon Oct 21 06:12:11 UTC 2019 /home/travis/build/icyphy/ptII/ptolemy/actor/lib/test/auto/PublisherSubscriber9.xml
----------------- Instantiating /home/travis/build/icyphy/ptII/ptolemy/actor/lib/test/auto/PublisherSubscriber9.xml
3 ms. Memory: 427008K Free: 219408K (51%)
----------------- Invoking toplevel() on ptolemy.moml.MoMLSimpleApplication@279390a8
----------------- Done invoking toplevel() on ptolemy.moml.MoMLSimpleApplication@279390a8
reloadAllAccessors: .PublisherSubscriber9

===========================================================================================
----------------- testing Mon Oct 21 06:12:11 UTC 2019 /home/travis/build/icyphy/ptII/ptolemy/actor/lib/test/auto/PublisherSubscriberAdjacent.xml
----------------- Instantiating /home/travis/build/icyphy/ptII/ptolemy/actor/lib/test/auto/PublisherSubscriberAdjacent.xml
2 ms. Memory: 427008K Free: 211216K (49%)
----------------- Invoking toplevel() on ptolemy.moml.MoMLSimpleApplication@2c1a1f72
----------------- Done invoking toplevel() on ptolemy.moml.MoMLSimpleApplication@2c1a1f72
reloadAllAccessors: .PublisherSubscriberAdjacent

===========================================================================================
----------------- testing Mon Oct 21 06:12:11 UTC 2019 /home/travis/build/icyphy/ptII/ptolemy/actor/lib/test/auto/PublisherSubscriberChannelVariablesAOC2.xml
----------------- Instantiating /home/travis/build/icyphy/ptII/ptolemy/actor/lib/test/auto/PublisherSubscriberChannelVariablesAOC2.xml
4 ms. Memory: 427008K Free: 195856K (46%)
----------------- Invoking toplevel() on ptolemy.moml.MoMLSimpleApplication@13423749
----------------- Done invoking toplevel() on ptolemy.moml.MoMLSimpleApplication@13423749
reloadAllAccessors: .PublisherSubscriberChannelVariablesAOC2

===========================================================================================
----------------- testing Mon Oct 21 06:12:11 UTC 2019 /home/travis/build/icyphy/ptII/ptolemy/actor/lib/test/auto/PublisherSubscriberD3.xml
----------------- Instantiating /home/travis/build/icyphy/ptII/ptolemy/actor/lib/test/auto/PublisherSubscriberD3.xml
2 ms. Memory: 427008K Free: 188688K (44%)
----------------- Invoking toplevel() on ptolemy.moml.MoMLSimpleApplication@582d269a
----------------- Done invoking toplevel() on ptolemy.moml.MoMLSimpleApplication@582d269a
reloadAllAccessors: .PublisherSubscriberD3

===========================================================================================
----------------- testing Mon Oct 21 06:12:11 UTC 2019 /home/travis/build/icyphy/ptII/ptolemy/actor/lib/test/auto/PublisherSubscriberD3Reverse.xml
----------------- Instantiating /home/travis/build/icyphy/ptII/ptolemy/actor/lib/test/auto/PublisherSubscriberD3Reverse.xml
2 ms. Memory: 427008K Free: 182030K (43%)
----------------- Invoking toplevel() on ptolemy.moml.MoMLSimpleApplication@2793d850
----------------- Done invoking toplevel() on ptolemy.moml.MoMLSimpleApplication@2793d850
reloadAllAccessors: .PublisherSubscriberD3Reverse

===========================================================================================
----------------- testing Mon Oct 21 06:12:11 UTC 2019 /home/travis/build/icyphy/ptII/ptolemy/actor/lib/test/auto/PublisherSubscriberExpression.xml
----------------- Instantiating /home/travis/build/icyphy/ptII/ptolemy/actor/lib/test/auto/PublisherSubscriberExpression.xml
3 ms. Memory: 427008K Free: 173328K (41%)
----------------- Invoking toplevel() on ptolemy.moml.MoMLSimpleApplication@3a9b7620
----------------- Done invoking toplevel() on ptolemy.moml.MoMLSimpleApplication@3a9b7620
reloadAllAccessors: .PublisherSubscriberExpression

===========================================================================================
----------------- testing Mon Oct 21 06:12:11 UTC 2019 /home/travis/build/icyphy/ptII/ptolemy/actor/lib/test/auto/PublisherSubscriberOpaque.xml
----------------- Instantiating /home/travis/build/icyphy/ptII/ptolemy/actor/lib/test/auto/PublisherSubscriberOpaque.xml
3 ms. Memory: 427008K Free: 165136K (39%)
----------------- Invoking toplevel() on ptolemy.moml.MoMLSimpleApplication@457306ef
----------------- Done invoking toplevel() on ptolemy.moml.MoMLSimpleApplication@457306ef
reloadAllAccessors: .PublisherSubscriberOpaque

===========================================================================================
----------------- testing Mon Oct 21 06:12:11 UTC 2019 /home/travis/build/icyphy/ptII/ptolemy/actor/lib/test/auto/PublisherSubscriberOpaqueD3.xml
----------------- Instantiating /home/travis/build/icyphy/ptII/ptolemy/actor/lib/test/auto/PublisherSubscriberOpaqueD3.xml
5 ms. Memory: 427008K Free: 153872K (36%)
----------------- Invoking toplevel() on ptolemy.moml.MoMLSimpleApplication@6a8087cf
----------------- Done invoking toplevel() on ptolemy.moml.MoMLSimpleApplication@6a8087cf
reloadAllAccessors: .PublisherSubscriberOpaqueD3

===========================================================================================
----------------- testing Mon Oct 21 06:12:11 UTC 2019 /home/travis/build/icyphy/ptII/ptolemy/actor/lib/test/auto/PublisherSubscriberOpaqueD3Reverse.xml
----------------- Instantiating /home/travis/build/icyphy/ptII/ptolemy/actor/lib/test/auto/PublisherSubscriberOpaqueD3Reverse.xml
8 ms. Memory: 427008K Free: 143118K (34%)
----------------- Invoking toplevel() on ptolemy.moml.MoMLSimpleApplication@4335d853
----------------- Done invoking toplevel() on ptolemy.moml.MoMLSimpleApplication@4335d853
reloadAllAccessors: .PublisherSubscriberOpaqueD3Reverse

===========================================================================================
----------------- testing Mon Oct 21 06:12:11 UTC 2019 /home/travis/build/icyphy/ptII/ptolemy/actor/lib/test/auto/PublisherSubscriberOpaqueWidthInference.xml
----------------- Instantiating /home/travis/build/icyphy/ptII/ptolemy/actor/lib/test/auto/PublisherSubscriberOpaqueWidthInference.xml
4 ms. Memory: 427008K Free: 134416K (31%)
----------------- Invoking toplevel() on ptolemy.moml.MoMLSimpleApplication@5e970984
----------------- Done invoking toplevel() on ptolemy.moml.MoMLSimpleApplication@5e970984
reloadAllAccessors: .PublisherSubscriberOpaqueWidthInference

===========================================================================================
----------------- testing Mon Oct 21 06:12:11 UTC 2019 /home/travis/build/icyphy/ptII/ptolemy/actor/lib/test/auto/PublisherTestSubscriber.xml
----------------- Instantiating /home/travis/build/icyphy/ptII/ptolemy/actor/lib/test/auto/PublisherTestSubscriber.xml
2 ms. Memory: 427008K Free: 126728K (30%)
----------------- Invoking toplevel() on ptolemy.moml.MoMLSimpleApplication@130c7b7f
----------------- Done invoking toplevel() on ptolemy.moml.MoMLSimpleApplication@130c7b7f
reloadAllAccessors: .PublisherTestSubscriber

===========================================================================================
----------------- testing Mon Oct 21 06:12:11 UTC 2019 /home/travis/build/icyphy/ptII/ptolemy/actor/lib/test/auto/PublisherToplevelSubscriberPortAOC.xml
----------------- Instantiating /home/travis/build/icyphy/ptII/ptolemy/actor/lib/test/auto/PublisherToplevelSubscriberPortAOC.xml
2 ms. Memory: 427008K Free: 370935K (87%)
----------------- Invoking toplevel() on ptolemy.moml.MoMLSimpleApplication@563b574
----------------- Done invoking toplevel() on ptolemy.moml.MoMLSimpleApplication@563b574
reloadAllAccessors: .PublisherToplevelSubscriberPortAOC

===========================================================================================
----------------- testing Mon Oct 21 06:12:11 UTC 2019 /home/travis/build/icyphy/ptII/ptolemy/actor/lib/test/auto/PulseFiringLimitDE.xml
----------------- Instantiating /home/travis/build/icyphy/ptII/ptolemy/actor/lib/test/auto/PulseFiringLimitDE.xml
2 ms. Memory: 427008K Free: 364277K (85%)
----------------- Invoking toplevel() on ptolemy.moml.MoMLSimpleApplication@52dd6427
----------------- Done invoking toplevel() on ptolemy.moml.MoMLSimpleApplication@52dd6427
reloadAllAccessors: .PulseFiringLimitDE

===========================================================================================
----------------- testing Mon Oct 21 06:12:11 UTC 2019 /home/travis/build/icyphy/ptII/ptolemy/actor/lib/test/auto/Ramp1.xml
----------------- Instantiating /home/travis/build/icyphy/ptII/ptolemy/actor/lib/test/auto/Ramp1.xml
1 ms. Memory: 427008K Free: 360181K (84%)
----------------- Invoking toplevel() on ptolemy.moml.MoMLSimpleApplication@47991a0e
----------------- Done invoking toplevel() on ptolemy.moml.MoMLSimpleApplication@47991a0e
reloadAllAccessors: .Ramp1

===========================================================================================
----------------- testing Mon Oct 21 06:12:12 UTC 2019 /home/travis/build/icyphy/ptII/ptolemy/actor/lib/test/auto/RampFiringLimitDE.xml
----------------- Instantiating /home/travis/build/icyphy/ptII/ptolemy/actor/lib/test/auto/RampFiringLimitDE.xml
4 ms. Memory: 427008K Free: 354023K (83%)
----------------- Invoking toplevel() on ptolemy.moml.MoMLSimpleApplication@16f87f99
----------------- Done invoking toplevel() on ptolemy.moml.MoMLSimpleApplication@16f87f99
reloadAllAccessors: .RampFiringLimitDE

===========================================================================================
----------------- testing Mon Oct 21 06:12:12 UTC 2019 /home/travis/build/icyphy/ptII/ptolemy/actor/lib/test/auto/RampFiringLimitSDF.xml
----------------- Instantiating /home/travis/build/icyphy/ptII/ptolemy/actor/lib/test/auto/RampFiringLimitSDF.xml
3 ms. Memory: 427008K Free: 348903K (82%)
----------------- Invoking toplevel() on ptolemy.moml.MoMLSimpleApplication@5c6b8446
----------------- Done invoking toplevel() on ptolemy.moml.MoMLSimpleApplication@5c6b8446
reloadAllAccessors: .RampFiringLimitSDF

===========================================================================================
----------------- testing Mon Oct 21 06:12:12 UTC 2019 /home/travis/build/icyphy/ptII/ptolemy/actor/lib/test/auto/RandomInteger.xml
----------------- Instantiating /home/travis/build/icyphy/ptII/ptolemy/actor/lib/test/auto/RandomInteger.xml
2 ms. Memory: 427008K Free: 344311K (81%)
----------------- Invoking toplevel() on ptolemy.moml.MoMLSimpleApplication@14e87e99
----------------- Done invoking toplevel() on ptolemy.moml.MoMLSimpleApplication@14e87e99
reloadAllAccessors: .RandomInteger

===========================================================================================
----------------- testing Mon Oct 21 06:12:12 UTC 2019 /home/travis/build/icyphy/ptII/ptolemy/actor/lib/test/auto/ReadFile1.xml
----------------- Instantiating /home/travis/build/icyphy/ptII/ptolemy/actor/lib/test/auto/ReadFile1.xml
2 ms. Memory: 427008K Free: 339701K (80%)
----------------- Invoking toplevel() on ptolemy.moml.MoMLSimpleApplication@3627d988
----------------- Done invoking toplevel() on ptolemy.moml.MoMLSimpleApplication@3627d988
reloadAllAccessors: .ReadFile1

===========================================================================================
----------------- testing Mon Oct 21 06:12:12 UTC 2019 /home/travis/build/icyphy/ptII/ptolemy/actor/lib/test/auto/ReadFile2.xml
----------------- Instantiating /home/travis/build/icyphy/ptII/ptolemy/actor/lib/test/auto/ReadFile2.xml
1 ms. Memory: 427008K Free: 335605K (79%)
----------------- Invoking toplevel() on ptolemy.moml.MoMLSimpleApplication@2bfc4ee6
----------------- Done invoking toplevel() on ptolemy.moml.MoMLSimpleApplication@2bfc4ee6
reloadAllAccessors: .ReadFile2

===========================================================================================
----------------- testing Mon Oct 21 06:12:12 UTC 2019 /home/travis/build/icyphy/ptII/ptolemy/actor/lib/test/auto/Reader.xml
----------------- Instantiating /home/travis/build/icyphy/ptII/ptolemy/actor/lib/test/auto/Reader.xml
actor.lib.Reader is obsolete, use actor.lib.io.ExpressionReader instead
1 ms. Memory: 427008K Free: 331509K (78%)
----------------- Invoking toplevel() on ptolemy.moml.MoMLSimpleApplication@1768b0e7
----------------- Done invoking toplevel() on ptolemy.moml.MoMLSimpleApplication@1768b0e7
reloadAllAccessors: .Reader

===========================================================================================
----------------- testing Mon Oct 21 06:12:12 UTC 2019 /home/travis/build/icyphy/ptII/ptolemy/actor/lib/test/auto/RecordAssemblerDisplayNameTest.xml
----------------- Instantiating /home/travis/build/icyphy/ptII/ptolemy/actor/lib/test/auto/RecordAssemblerDisplayNameTest.xml
3875 ms. Memory: 427008K Free: 349923K (82%)
----------------- Invoking toplevel() on ptolemy.moml.MoMLSimpleApplication@386e1c2e
----------------- Done invoking toplevel() on ptolemy.moml.MoMLSimpleApplication@386e1c2e
reloadAllAccessors: .RecordAssemblerDisplayNameTest

===========================================================================================
----------------- testing Mon Oct 21 06:12:15 UTC 2019 /home/travis/build/icyphy/ptII/ptolemy/actor/lib/test/auto/RecordAssemblerTypeError.xml
----------------- Instantiating /home/travis/build/icyphy/ptII/ptolemy/actor/lib/test/auto/RecordAssemblerTypeError.xml
8 ms. Memory: 427008K Free: 340193K (80%)
----------------- Invoking toplevel() on ptolemy.moml.MoMLSimpleApplication@2d117ed8
----------------- Done invoking toplevel() on ptolemy.moml.MoMLSimpleApplication@2d117ed8
reloadAllAccessors: .RecordAssemblerTypeError

===========================================================================================
----------------- testing Mon Oct 21 06:12:16 UTC 2019 /home/travis/build/icyphy/ptII/ptolemy/actor/lib/test/auto/RecordDisassember.xml
----------------- Instantiating /home/travis/build/icyphy/ptII/ptolemy/actor/lib/test/auto/RecordDisassember.xml
3 ms. Memory: 427008K Free: 335043K (78%)
----------------- Invoking toplevel() on ptolemy.moml.MoMLSimpleApplication@5dc46817
----------------- Done invoking toplevel() on ptolemy.moml.MoMLSimpleApplication@5dc46817
reloadAllAccessors: .RecordDisassember

===========================================================================================
----------------- testing Mon Oct 21 06:12:16 UTC 2019 /home/travis/build/icyphy/ptII/ptolemy/actor/lib/test/auto/RecordDisassemberDisplayNameTest.xml
----------------- Instantiating /home/travis/build/icyphy/ptII/ptolemy/actor/lib/test/auto/RecordDisassemberDisplayNameTest.xml
4 ms. Memory: 427008K Free: 327395K (77%)
----------------- Invoking toplevel() on ptolemy.moml.MoMLSimpleApplication@6ebbf317
----------------- Done invoking toplevel() on ptolemy.moml.MoMLSimpleApplication@6ebbf317
reloadAllAccessors: .RecordDisassemberDisplayNameTest

===========================================================================================
----------------- testing Mon Oct 21 06:12:16 UTC 2019 /home/travis/build/icyphy/ptII/ptolemy/actor/lib/test/auto/RecordDisassembler.xml
----------------- Instantiating /home/travis/build/icyphy/ptII/ptolemy/actor/lib/test/auto/RecordDisassembler.xml
2 ms. Memory: 427008K Free: 322275K (75%)
----------------- Invoking toplevel() on ptolemy.moml.MoMLSimpleApplication@28daf634
----------------- Done invoking toplevel() on ptolemy.moml.MoMLSimpleApplication@28daf634
reloadAllAccessors: .RecordDisassembler

===========================================================================================
----------------- testing Mon Oct 21 06:12:16 UTC 2019 /home/travis/build/icyphy/ptII/ptolemy/actor/lib/test/auto/RecordDisassembler2.xml
----------------- Instantiating /home/travis/build/icyphy/ptII/ptolemy/actor/lib/test/auto/RecordDisassembler2.xml
2 ms. Memory: 427008K Free: 317155K (74%)
----------------- Invoking toplevel() on ptolemy.moml.MoMLSimpleApplication@2d0e06ed
----------------- Done invoking toplevel() on ptolemy.moml.MoMLSimpleApplication@2d0e06ed
reloadAllAccessors: .RecordDisassembler2

===========================================================================================
----------------- testing Mon Oct 21 06:12:16 UTC 2019 /home/travis/build/icyphy/ptII/ptolemy/actor/lib/test/auto/RecordUpdater.xml
----------------- Instantiating /home/travis/build/icyphy/ptII/ptolemy/actor/lib/test/auto/RecordUpdater.xml
1 ms. Memory: 427008K Free: 311521K (73%)
----------------- Invoking toplevel() on ptolemy.moml.MoMLSimpleApplication@15c879da
----------------- Done invoking toplevel() on ptolemy.moml.MoMLSimpleApplication@15c879da
reloadAllAccessors: .RecordUpdater

===========================================================================================
----------------- testing Mon Oct 21 06:12:16 UTC 2019 /home/travis/build/icyphy/ptII/ptolemy/actor/lib/test/auto/RecordUpdater2.xml
----------------- Instantiating /home/travis/build/icyphy/ptII/ptolemy/actor/lib/test/auto/RecordUpdater2.xml
2 ms. Memory: 427008K Free: 306401K (72%)
----------------- Invoking toplevel() on ptolemy.moml.MoMLSimpleApplication@6a5c1b6a
----------------- Done invoking toplevel() on ptolemy.moml.MoMLSimpleApplication@6a5c1b6a
reloadAllAccessors: .RecordUpdater2

===========================================================================================
----------------- testing Mon Oct 21 06:12:16 UTC 2019 /home/travis/build/icyphy/ptII/ptolemy/actor/lib/test/auto/RecursiveLattice.xml
----------------- Instantiating /home/travis/build/icyphy/ptII/ptolemy/actor/lib/test/auto/RecursiveLattice.xml
2 ms. Memory: 427008K Free: 302305K (71%)
----------------- Invoking toplevel() on ptolemy.moml.MoMLSimpleApplication@67241b96
----------------- Done invoking toplevel() on ptolemy.moml.MoMLSimpleApplication@67241b96
reloadAllAccessors: .RecursiveLattice

===========================================================================================
----------------- testing Mon Oct 21 06:12:16 UTC 2019 /home/travis/build/icyphy/ptII/ptolemy/actor/lib/test/auto/Router.xml
----------------- Instantiating /home/travis/build/icyphy/ptII/ptolemy/actor/lib/test/auto/Router.xml
3003 ms. Memory: 427008K Free: 291555K (68%)
----------------- Invoking toplevel() on ptolemy.moml.MoMLSimpleApplication@3f26ad59
----------------- Done invoking toplevel() on ptolemy.moml.MoMLSimpleApplication@3f26ad59
reloadAllAccessors: .Router

===========================================================================================
----------------- testing Mon Oct 21 06:12:19 UTC 2019 /home/travis/build/icyphy/ptII/ptolemy/actor/lib/test/auto/Router2.xml
----------------- Instantiating /home/travis/build/icyphy/ptII/ptolemy/actor/lib/test/auto/Router2.xml
3005 ms. Memory: 427008K Free: 279267K (65%)
----------------- Invoking toplevel() on ptolemy.moml.MoMLSimpleApplication@79a1f655
----------------- Done invoking toplevel() on ptolemy.moml.MoMLSimpleApplication@79a1f655
reloadAllAccessors: .Router2

===========================================================================================
----------------- testing Mon Oct 21 06:12:22 UTC 2019 /home/travis/build/icyphy/ptII/ptolemy/actor/lib/test/auto/RunningMaximum.xml
----------------- Instantiating /home/travis/build/icyphy/ptII/ptolemy/actor/lib/test/auto/RunningMaximum.xml
2 ms. Memory: 427008K Free: 274657K (64%)
----------------- Invoking toplevel() on ptolemy.moml.MoMLSimpleApplication@2f49780d
----------------- Done invoking toplevel() on ptolemy.moml.MoMLSimpleApplication@2f49780d
reloadAllAccessors: .RunningMaximum

===========================================================================================
----------------- testing Mon Oct 21 06:12:22 UTC 2019 /home/travis/build/icyphy/ptII/ptolemy/actor/lib/test/auto/RunningMinimum.xml
----------------- Instantiating /home/travis/build/icyphy/ptII/ptolemy/actor/lib/test/auto/RunningMinimum.xml
1 ms. Memory: 427008K Free: 270051K (63%)
----------------- Invoking toplevel() on ptolemy.moml.MoMLSimpleApplication@585a83c5
----------------- Done invoking toplevel() on ptolemy.moml.MoMLSimpleApplication@585a83c5
reloadAllAccessors: .RunningMinimum

===========================================================================================
----------------- testing Mon Oct 21 06:12:22 UTC 2019 /home/travis/build/icyphy/ptII/ptolemy/actor/lib/test/auto/Scale.xml
----------------- Instantiating /home/travis/build/icyphy/ptII/ptolemy/actor/lib/test/auto/Scale.xml
2 ms. Memory: 427008K Free: 265441K (62%)
----------------- Invoking toplevel() on ptolemy.moml.MoMLSimpleApplication@1226c9b8
----------------- Done invoking toplevel() on ptolemy.moml.MoMLSimpleApplication@1226c9b8
reloadAllAccessors: .Scale

===========================================================================================
----------------- testing Mon Oct 21 06:12:22 UTC 2019 /home/travis/build/icyphy/ptII/ptolemy/actor/lib/test/auto/Scale2.xml
----------------- Instantiating /home/travis/build/icyphy/ptII/ptolemy/actor/lib/test/auto/Scale2.xml
2 ms. Memory: 427008K Free: 260321K (61%)
----------------- Invoking toplevel() on ptolemy.moml.MoMLSimpleApplication@12e0e192
----------------- Done invoking toplevel() on ptolemy.moml.MoMLSimpleApplication@12e0e192
reloadAllAccessors: .Scale2

===========================================================================================
----------------- testing Mon Oct 21 06:12:22 UTC 2019 /home/travis/build/icyphy/ptII/ptolemy/actor/lib/test/auto/Scale3.xml
----------------- Instantiating /home/travis/build/icyphy/ptII/ptolemy/actor/lib/test/auto/Scale3.xml
3 ms. Memory: 427008K Free: 254177K (60%)
----------------- Invoking toplevel() on ptolemy.moml.MoMLSimpleApplication@2580bd39
----------------- Done invoking toplevel() on ptolemy.moml.MoMLSimpleApplication@2580bd39
reloadAllAccessors: .Scale3

===========================================================================================
----------------- testing Mon Oct 21 06:12:22 UTC 2019 /home/travis/build/icyphy/ptII/ptolemy/actor/lib/test/auto/ScaleArray.xml
----------------- Instantiating /home/travis/build/icyphy/ptII/ptolemy/actor/lib/test/auto/ScaleArray.xml
2 ms. Memory: 427008K Free: 249571K (58%)
----------------- Invoking toplevel() on ptolemy.moml.MoMLSimpleApplication@25c24823
----------------- Done invoking toplevel() on ptolemy.moml.MoMLSimpleApplication@25c24823
reloadAllAccessors: .ScaleArray

===========================================================================================
----------------- testing Mon Oct 21 06:12:22 UTC 2019 /home/travis/build/icyphy/ptII/ptolemy/actor/lib/test/auto/ScaleArray2.xml
----------------- Instantiating /home/travis/build/icyphy/ptII/ptolemy/actor/lib/test/auto/ScaleArray2.xml
1 ms. Memory: 427008K Free: 244451K (57%)
----------------- Invoking toplevel() on ptolemy.moml.MoMLSimpleApplication@53d98354
----------------- Done invoking toplevel() on ptolemy.moml.MoMLSimpleApplication@53d98354
reloadAllAccessors: .ScaleArray2

===========================================================================================
----------------- testing Mon Oct 21 06:12:22 UTC 2019 /home/travis/build/icyphy/ptII/ptolemy/actor/lib/test/auto/ScaleMatrix.xml
----------------- Instantiating /home/travis/build/icyphy/ptII/ptolemy/actor/lib/test/auto/ScaleMatrix.xml
150 ms. Memory: 427008K Free: 229601K (54%)
----------------- Invoking toplevel() on ptolemy.moml.MoMLSimpleApplication@51c5a38b
----------------- Done invoking toplevel() on ptolemy.moml.MoMLSimpleApplication@51c5a38b
reloadAllAccessors: .ScaleMatrix

===========================================================================================
----------------- testing Mon Oct 21 06:12:22 UTC 2019 /home/travis/build/icyphy/ptII/ptolemy/actor/lib/test/auto/Select.xml
----------------- Instantiating /home/travis/build/icyphy/ptII/ptolemy/actor/lib/test/auto/Select.xml
3 ms. Memory: 427008K Free: 223443K (52%)
----------------- Invoking toplevel() on ptolemy.moml.MoMLSimpleApplication@5ea43a18
----------------- Done invoking toplevel() on ptolemy.moml.MoMLSimpleApplication@5ea43a18
reloadAllAccessors: .Select

===========================================================================================
----------------- testing Mon Oct 21 06:12:22 UTC 2019 /home/travis/build/icyphy/ptII/ptolemy/actor/lib/test/auto/Select2.xml
----------------- Instantiating /home/travis/build/icyphy/ptII/ptolemy/actor/lib/test/auto/Select2.xml
1 ms. Memory: 427008K Free: 218851K (51%)
----------------- Invoking toplevel() on ptolemy.moml.MoMLSimpleApplication@5c0e11f8
----------------- Done invoking toplevel() on ptolemy.moml.MoMLSimpleApplication@5c0e11f8
reloadAllAccessors: .Select2

===========================================================================================
----------------- testing Mon Oct 21 06:12:22 UTC 2019 /home/travis/build/icyphy/ptII/ptolemy/actor/lib/test/auto/SequenceToArray2.xml
----------------- Instantiating /home/travis/build/icyphy/ptII/ptolemy/actor/lib/test/auto/SequenceToArray2.xml
106 ms. Memory: 427008K Free: 193761K (45%)
----------------- Invoking toplevel() on ptolemy.moml.MoMLSimpleApplication@74a08a61
----------------- Done invoking toplevel() on ptolemy.moml.MoMLSimpleApplication@74a08a61
reloadAllAccessors: .SequenceToArray2

===========================================================================================
----------------- testing Mon Oct 21 06:12:22 UTC 2019 /home/travis/build/icyphy/ptII/ptolemy/actor/lib/test/auto/SequentialClock.xml
----------------- Instantiating /home/travis/build/icyphy/ptII/ptolemy/actor/lib/test/auto/SequentialClock.xml
1 ms. Memory: 427008K Free: 189665K (44%)
----------------- Invoking toplevel() on ptolemy.moml.MoMLSimpleApplication@2a80d9ef
----------------- Done invoking toplevel() on ptolemy.moml.MoMLSimpleApplication@2a80d9ef
reloadAllAccessors: .SequentialClock

===========================================================================================
----------------- testing Mon Oct 21 06:12:22 UTC 2019 /home/travis/build/icyphy/ptII/ptolemy/actor/lib/test/auto/SetVariable.xml
----------------- Instantiating /home/travis/build/icyphy/ptII/ptolemy/actor/lib/test/auto/SetVariable.xml
3 ms. Memory: 427008K Free: 185059K (43%)
----------------- Invoking toplevel() on ptolemy.moml.MoMLSimpleApplication@2db79254
----------------- Done invoking toplevel() on ptolemy.moml.MoMLSimpleApplication@2db79254
reloadAllAccessors: .SetVariable

===========================================================================================
----------------- testing Mon Oct 21 06:12:22 UTC 2019 /home/travis/build/icyphy/ptII/ptolemy/actor/lib/test/auto/SetVariable2.xml
----------------- Instantiating /home/travis/build/icyphy/ptII/ptolemy/actor/lib/test/auto/SetVariable2.xml
5 ms. Memory: 427008K Free: 179425K (42%)
----------------- Invoking toplevel() on ptolemy.moml.MoMLSimpleApplication@50134f55
----------------- Done invoking toplevel() on ptolemy.moml.MoMLSimpleApplication@50134f55
reloadAllAccessors: .SetVariable2

===========================================================================================
----------------- testing Mon Oct 21 06:12:22 UTC 2019 /home/travis/build/icyphy/ptII/ptolemy/actor/lib/test/auto/SetVariable3.xml
----------------- Instantiating /home/travis/build/icyphy/ptII/ptolemy/actor/lib/test/auto/SetVariable3.xml
7 ms. Memory: 427008K Free: 174305K (41%)
----------------- Invoking toplevel() on ptolemy.moml.MoMLSimpleApplication@3d57c48d
----------------- Done invoking toplevel() on ptolemy.moml.MoMLSimpleApplication@3d57c48d
reloadAllAccessors: .SetVariable3

===========================================================================================
----------------- testing Mon Oct 21 06:12:22 UTC 2019 /home/travis/build/icyphy/ptII/ptolemy/actor/lib/test/auto/SetVariable4.xml
----------------- Instantiating /home/travis/build/icyphy/ptII/ptolemy/actor/lib/test/auto/SetVariable4.xml
15 ms. Memory: 427008K Free: 164579K (39%)
----------------- Invoking toplevel() on ptolemy.moml.MoMLSimpleApplication@594d7d59
----------------- Done invoking toplevel() on ptolemy.moml.MoMLSimpleApplication@594d7d59
reloadAllAccessors: .SetVariable4

===========================================================================================
----------------- testing Mon Oct 21 06:12:22 UTC 2019 /home/travis/build/icyphy/ptII/ptolemy/actor/lib/test/auto/SetVariable5.xml
----------------- Instantiating /home/travis/build/icyphy/ptII/ptolemy/actor/lib/test/auto/SetVariable5.xml
18 ms. Memory: 427008K Free: 154843K (36%)
----------------- Invoking toplevel() on ptolemy.moml.MoMLSimpleApplication@7f27cd16
----------------- Done invoking toplevel() on ptolemy.moml.MoMLSimpleApplication@7f27cd16
reloadAllAccessors: .SetVariable5

===========================================================================================
----------------- testing Mon Oct 21 06:12:22 UTC 2019 /home/travis/build/icyphy/ptII/ptolemy/actor/lib/test/auto/Sinewave.xml
----------------- Instantiating /home/travis/build/icyphy/ptII/ptolemy/actor/lib/test/auto/Sinewave.xml
5 ms. Memory: 427008K Free: 144099K (34%)
----------------- Invoking toplevel() on ptolemy.moml.MoMLSimpleApplication@10bc68c2
----------------- Done invoking toplevel() on ptolemy.moml.MoMLSimpleApplication@10bc68c2
reloadAllAccessors: .Sinewave

===========================================================================================
----------------- testing Mon Oct 21 06:12:22 UTC 2019 /home/travis/build/icyphy/ptII/ptolemy/actor/lib/test/auto/Sinewave2.xml
----------------- Instantiating /home/travis/build/icyphy/ptII/ptolemy/actor/lib/test/auto/Sinewave2.xml
14 ms. Memory: 427008K Free: 135907K (32%)
----------------- Invoking toplevel() on ptolemy.moml.MoMLSimpleApplication@71f65a41
----------------- Done invoking toplevel() on ptolemy.moml.MoMLSimpleApplication@71f65a41
reloadAllAccessors: .Sinewave2

===========================================================================================
----------------- testing Mon Oct 21 06:12:22 UTC 2019 /home/travis/build/icyphy/ptII/ptolemy/actor/lib/test/auto/Sinewave3.xml
----------------- Instantiating /home/travis/build/icyphy/ptII/ptolemy/actor/lib/test/auto/Sinewave3.xml
7 ms. Memory: 427008K Free: 127171K (30%)
----------------- Invoking toplevel() on ptolemy.moml.MoMLSimpleApplication@742790de
----------------- Done invoking toplevel() on ptolemy.moml.MoMLSimpleApplication@742790de
reloadAllAccessors: .Sinewave3

===========================================================================================
----------------- testing Mon Oct 21 06:12:22 UTC 2019 /home/travis/build/icyphy/ptII/ptolemy/actor/lib/test/auto/SingleEvent.xml
----------------- Instantiating /home/travis/build/icyphy/ptII/ptolemy/actor/lib/test/auto/SingleEvent.xml
23 ms. Memory: 427008K Free: 373764K (88%)
----------------- Invoking toplevel() on ptolemy.moml.MoMLSimpleApplication@7fca4995
----------------- Done invoking toplevel() on ptolemy.moml.MoMLSimpleApplication@7fca4995
reloadAllAccessors: .SingleEvent

===========================================================================================
----------------- testing Mon Oct 21 06:12:22 UTC 2019 /home/travis/build/icyphy/ptII/ptolemy/actor/lib/test/auto/Sleep.xml
----------------- Instantiating /home/travis/build/icyphy/ptII/ptolemy/actor/lib/test/auto/Sleep.xml
6003 ms. Memory: 427008K Free: 367590K (86%)
----------------- Invoking toplevel() on ptolemy.moml.MoMLSimpleApplication@460f4469
----------------- Done invoking toplevel() on ptolemy.moml.MoMLSimpleApplication@460f4469
reloadAllAccessors: .Sleep

===========================================================================================
----------------- testing Mon Oct 21 06:12:28 UTC 2019 /home/travis/build/icyphy/ptII/ptolemy/actor/lib/test/auto/SleepMultipleFire.xml
----------------- Instantiating /home/travis/build/icyphy/ptII/ptolemy/actor/lib/test/auto/SleepMultipleFire.xml
1006 ms. Memory: 427008K Free: 361476K (85%)
----------------- Invoking toplevel() on ptolemy.moml.MoMLSimpleApplication@cb326f1
----------------- Done invoking toplevel() on ptolemy.moml.MoMLSimpleApplication@cb326f1
reloadAllAccessors: .SleepMultipleFire

===========================================================================================
----------------- testing Mon Oct 21 06:12:29 UTC 2019 /home/travis/build/icyphy/ptII/ptolemy/actor/lib/test/auto/StopDE.xml
----------------- Instantiating /home/travis/build/icyphy/ptII/ptolemy/actor/lib/test/auto/StopDE.xml
7 ms. Memory: 427008K Free: 354822K (83%)
----------------- Invoking toplevel() on ptolemy.moml.MoMLSimpleApplication@78a42f0d
----------------- Done invoking toplevel() on ptolemy.moml.MoMLSimpleApplication@78a42f0d
reloadAllAccessors: .StopDE

===========================================================================================
----------------- testing Mon Oct 21 06:12:29 UTC 2019 /home/travis/build/icyphy/ptII/ptolemy/actor/lib/test/auto/StopSDF.xml
----------------- Instantiating /home/travis/build/icyphy/ptII/ptolemy/actor/lib/test/auto/StopSDF.xml
5 ms. Memory: 427008K Free: 349702K (82%)
----------------- Invoking toplevel() on ptolemy.moml.MoMLSimpleApplication@6e3264f3
----------------- Done invoking toplevel() on ptolemy.moml.MoMLSimpleApplication@6e3264f3
reloadAllAccessors: .StopSDF

===========================================================================================
----------------- testing Mon Oct 21 06:12:29 UTC 2019 /home/travis/build/icyphy/ptII/ptolemy/actor/lib/test/auto/StringConstant.xml
----------------- Instantiating /home/travis/build/icyphy/ptII/ptolemy/actor/lib/test/auto/StringConstant.xml
14 ms. Memory: 427008K Free: 344580K (81%)
----------------- Invoking toplevel() on ptolemy.moml.MoMLSimpleApplication@411cfc19
----------------- Done invoking toplevel() on ptolemy.moml.MoMLSimpleApplication@411cfc19
reloadAllAccessors: .StringConstant

===========================================================================================
----------------- testing Mon Oct 21 06:12:30 UTC 2019 /home/travis/build/icyphy/ptII/ptolemy/actor/lib/test/auto/SubscriberPortInitialValues1.xml
----------------- Instantiating /home/travis/build/icyphy/ptII/ptolemy/actor/lib/test/auto/SubscriberPortInitialValues1.xml
13 ms. Memory: 427008K Free: 335876K (79%)
----------------- Invoking toplevel() on ptolemy.moml.MoMLSimpleApplication@6ccb21f5
----------------- Done invoking toplevel() on ptolemy.moml.MoMLSimpleApplication@6ccb21f5
reloadAllAccessors: .SubscriberPortInitialValues1

===========================================================================================
----------------- testing Mon Oct 21 06:12:30 UTC 2019 /home/travis/build/icyphy/ptII/ptolemy/actor/lib/test/auto/SubscriberPortInitialValues13.xml
----------------- Instantiating /home/travis/build/icyphy/ptII/ptolemy/actor/lib/test/auto/SubscriberPortInitialValues13.xml
7 ms. Memory: 427008K Free: 322564K (76%)
----------------- Invoking toplevel() on ptolemy.moml.MoMLSimpleApplication@294ba341
----------------- Done invoking toplevel() on ptolemy.moml.MoMLSimpleApplication@294ba341
reloadAllAccessors: .SubscriberPortInitialValues13

===========================================================================================
----------------- testing Mon Oct 21 06:12:30 UTC 2019 /home/travis/build/icyphy/ptII/ptolemy/actor/lib/test/auto/SubscriberPortInitialValues14.xml
----------------- Instantiating /home/travis/build/icyphy/ptII/ptolemy/actor/lib/test/auto/SubscriberPortInitialValues14.xml
7 ms. Memory: 427008K Free: 314372K (74%)
----------------- Invoking toplevel() on ptolemy.moml.MoMLSimpleApplication@65f3d621
----------------- Done invoking toplevel() on ptolemy.moml.MoMLSimpleApplication@65f3d621
reloadAllAccessors: .SubscriberPortInitialValues14

===========================================================================================
----------------- testing Mon Oct 21 06:12:30 UTC 2019 /home/travis/build/icyphy/ptII/ptolemy/actor/lib/test/auto/SubscriberPortInitialValues2.xml
----------------- Instantiating /home/travis/build/icyphy/ptII/ptolemy/actor/lib/test/auto/SubscriberPortInitialValues2.xml
5 ms. Memory: 427008K Free: 306694K (72%)
----------------- Invoking toplevel() on ptolemy.moml.MoMLSimpleApplication@775f7dd3
----------------- Done invoking toplevel() on ptolemy.moml.MoMLSimpleApplication@775f7dd3
reloadAllAccessors: .SubscriberPortInitialValues2

===========================================================================================
----------------- testing Mon Oct 21 06:12:30 UTC 2019 /home/travis/build/icyphy/ptII/ptolemy/actor/lib/test/auto/SubscriberPortInitialValues3.xml
----------------- Instantiating /home/travis/build/icyphy/ptII/ptolemy/actor/lib/test/auto/SubscriberPortInitialValues3.xml
6 ms. Memory: 427008K Free: 295430K (69%)
----------------- Invoking toplevel() on ptolemy.moml.MoMLSimpleApplication@249890ee
----------------- Done invoking toplevel() on ptolemy.moml.MoMLSimpleApplication@249890ee
reloadAllAccessors: .SubscriberPortInitialValues3

===========================================================================================
----------------- testing Mon Oct 21 06:12:30 UTC 2019 /home/travis/build/icyphy/ptII/ptolemy/actor/lib/test/auto/SubscriptionAggregator.xml
----------------- Instantiating /home/travis/build/icyphy/ptII/ptolemy/actor/lib/test/auto/SubscriptionAggregator.xml
2 ms. Memory: 427008K Free: 288262K (68%)
----------------- Invoking toplevel() on ptolemy.moml.MoMLSimpleApplication@1b66b435
----------------- Done invoking toplevel() on ptolemy.moml.MoMLSimpleApplication@1b66b435
reloadAllAccessors: .SubscriptionAggregator

===========================================================================================
----------------- testing Mon Oct 21 06:12:30 UTC 2019 /home/travis/build/icyphy/ptII/ptolemy/actor/lib/test/auto/SubscriptionAggregator2.xml
----------------- Instantiating /home/travis/build/icyphy/ptII/ptolemy/actor/lib/test/auto/SubscriptionAggregator2.xml
3 ms. Memory: 427008K Free: 281598K (66%)
----------------- Invoking toplevel() on ptolemy.moml.MoMLSimpleApplication@7ce66ad4
----------------- Done invoking toplevel() on ptolemy.moml.MoMLSimpleApplication@7ce66ad4
reloadAllAccessors: .SubscriptionAggregator2

===========================================================================================
----------------- testing Mon Oct 21 06:12:30 UTC 2019 /home/travis/build/icyphy/ptII/ptolemy/actor/lib/test/auto/SubscriptionAggregator3.xml
----------------- Instantiating /home/travis/build/icyphy/ptII/ptolemy/actor/lib/test/auto/SubscriptionAggregator3.xml
3 ms. Memory: 427008K Free: 272388K (64%)
----------------- Invoking toplevel() on ptolemy.moml.MoMLSimpleApplication@74f02dde
----------------- Done invoking toplevel() on ptolemy.moml.MoMLSimpleApplication@74f02dde
reloadAllAccessors: .SubscriptionAggregator3

===========================================================================================
----------------- testing Mon Oct 21 06:12:30 UTC 2019 /home/travis/build/icyphy/ptII/ptolemy/actor/lib/test/auto/SubscriptionAggregatorMultiply.xml
----------------- Instantiating /home/travis/build/icyphy/ptII/ptolemy/actor/lib/test/auto/SubscriptionAggregatorMultiply.xml
5 ms. Memory: 427008K Free: 264196K (62%)
----------------- Invoking toplevel() on ptolemy.moml.MoMLSimpleApplication@9a014cb
----------------- Done invoking toplevel() on ptolemy.moml.MoMLSimpleApplication@9a014cb
reloadAllAccessors: .SubscriptionAggregatorMultiply

===========================================================================================
----------------- testing Mon Oct 21 06:12:30 UTC 2019 /home/travis/build/icyphy/ptII/ptolemy/actor/lib/test/auto/SubscriptionAggregatorPortMultiply1.xml
----------------- Instantiating /home/travis/build/icyphy/ptII/ptolemy/actor/lib/test/auto/SubscriptionAggregatorPortMultiply1.xml
3 ms. Memory: 427008K Free: 256004K (60%)
----------------- Invoking toplevel() on ptolemy.moml.MoMLSimpleApplication@693bf105
----------------- Done invoking toplevel() on ptolemy.moml.MoMLSimpleApplication@693bf105
reloadAllAccessors: .SubscriptionAggregatorPortMultiply1

===========================================================================================
----------------- testing Mon Oct 21 06:12:30 UTC 2019 /home/travis/build/icyphy/ptII/ptolemy/actor/lib/test/auto/Switch.xml
----------------- Instantiating /home/travis/build/icyphy/ptII/ptolemy/actor/lib/test/auto/Switch.xml
6 ms. Memory: 427008K Free: 247302K (58%)
----------------- Invoking toplevel() on ptolemy.moml.MoMLSimpleApplication@e70e9f9
----------------- Done invoking toplevel() on ptolemy.moml.MoMLSimpleApplication@e70e9f9
reloadAllAccessors: .Switch

===========================================================================================
----------------- testing Mon Oct 21 06:12:30 UTC 2019 /home/travis/build/icyphy/ptII/ptolemy/actor/lib/test/auto/Switch2.xml
----------------- Instantiating /home/travis/build/icyphy/ptII/ptolemy/actor/lib/test/auto/Switch2.xml
1 ms. Memory: 427008K Free: 242692K (57%)
----------------- Invoking toplevel() on ptolemy.moml.MoMLSimpleApplication@6623013a
----------------- Done invoking toplevel() on ptolemy.moml.MoMLSimpleApplication@6623013a
reloadAllAccessors: .Switch2

===========================================================================================
----------------- testing Mon Oct 21 06:12:30 UTC 2019 /home/travis/build/icyphy/ptII/ptolemy/actor/lib/test/auto/SwitchDE.xml
----------------- Instantiating /home/travis/build/icyphy/ptII/ptolemy/actor/lib/test/auto/SwitchDE.xml
4 ms. Memory: 427008K Free: 236534K (55%)
----------------- Invoking toplevel() on ptolemy.moml.MoMLSimpleApplication@1be47ea9
----------------- Done invoking toplevel() on ptolemy.moml.MoMLSimpleApplication@1be47ea9
reloadAllAccessors: .SwitchDE

===========================================================================================
----------------- testing Mon Oct 21 06:12:30 UTC 2019 /home/travis/build/icyphy/ptII/ptolemy/actor/lib/test/auto/SynchronizerDE.xml
----------------- Instantiating /home/travis/build/icyphy/ptII/ptolemy/actor/lib/test/auto/SynchronizerDE.xml
7 ms. Memory: 427008K Free: 227846K (53%)
----------------- Invoking toplevel() on ptolemy.moml.MoMLSimpleApplication@1be5c274
----------------- Done invoking toplevel() on ptolemy.moml.MoMLSimpleApplication@1be5c274
reloadAllAccessors: .SynchronizerDE

===========================================================================================
----------------- testing Mon Oct 21 06:12:30 UTC 2019 /home/travis/build/icyphy/ptII/ptolemy/actor/lib/test/auto/Test.xml
----------------- Instantiating /home/travis/build/icyphy/ptII/ptolemy/actor/lib/test/auto/Test.xml
10 ms. Memory: 427008K Free: 222726K (52%)
----------------- Invoking toplevel() on ptolemy.moml.MoMLSimpleApplication@1d1edba3
----------------- Done invoking toplevel() on ptolemy.moml.MoMLSimpleApplication@1d1edba3
reloadAllAccessors: .Test

===========================================================================================
----------------- testing Mon Oct 21 06:12:30 UTC 2019 /home/travis/build/icyphy/ptII/ptolemy/actor/lib/test/auto/TestExceptionAttribute1.xml
----------------- Instantiating /home/travis/build/icyphy/ptII/ptolemy/actor/lib/test/auto/TestExceptionAttribute1.xml
2 ms. Memory: 427008K Free: 218630K (51%)
----------------- Invoking toplevel() on ptolemy.moml.MoMLSimpleApplication@33d6ddfd
----------------- Done invoking toplevel() on ptolemy.moml.MoMLSimpleApplication@33d6ddfd
reloadAllAccessors: .TestExceptionAttribute1

===========================================================================================
----------------- testing Mon Oct 21 06:12:30 UTC 2019 /home/travis/build/icyphy/ptII/ptolemy/actor/lib/test/auto/TestExceptionAttribute2.xml
----------------- Instantiating /home/travis/build/icyphy/ptII/ptolemy/actor/lib/test/auto/TestExceptionAttribute2.xml
1 ms. Memory: 427008K Free: 215044K (50%)
----------------- Invoking toplevel() on ptolemy.moml.MoMLSimpleApplication@4f3fcd3b
----------------- Done invoking toplevel() on ptolemy.moml.MoMLSimpleApplication@4f3fcd3b
reloadAllAccessors: .TestExceptionAttribute2

===========================================================================================
----------------- testing Mon Oct 21 06:12:30 UTC 2019 /home/travis/build/icyphy/ptII/ptolemy/actor/lib/test/auto/TestExceptionAttribute3.xml
----------------- Instantiating /home/travis/build/icyphy/ptII/ptolemy/actor/lib/test/auto/TestExceptionAttribute3.xml
.TestExceptionAttribute3.TestExceptionAttribute: initialize() was not invoked, but wrapup() was.  This is unusual, but not always a problem.  For example, exporting JNLP will do this.
1 ms. Memory: 427008K Free: 211462K (50%)
----------------- Invoking toplevel() on ptolemy.moml.MoMLSimpleApplication@76999e6a
----------------- Done invoking toplevel() on ptolemy.moml.MoMLSimpleApplication@76999e6a
reloadAllAccessors: .TestExceptionAttribute3

===========================================================================================
----------------- testing Mon Oct 21 06:12:30 UTC 2019 /home/travis/build/icyphy/ptII/ptolemy/actor/lib/test/auto/TestExceptionAttribute4.xml
----------------- Instantiating /home/travis/build/icyphy/ptII/ptolemy/actor/lib/test/auto/TestExceptionAttribute4.xml
.TestExceptionAttribute4.TestExceptionAttribute: initialize() was not invoked, but wrapup() was.  This is unusual, but not always a problem.  For example, exporting JNLP will do this.
.TestExceptionAttribute4.TestExceptionAttribute2: initialize() was not invoked, but wrapup() was.  This is unusual, but not always a problem.  For example, exporting JNLP will do this.
0 ms. Memory: 427008K Free: 206852K (48%)
----------------- Invoking toplevel() on ptolemy.moml.MoMLSimpleApplication@1b2d2e02
----------------- Done invoking toplevel() on ptolemy.moml.MoMLSimpleApplication@1b2d2e02
reloadAllAccessors: .TestExceptionAttribute4

===========================================================================================
----------------- testing Mon Oct 21 06:12:30 UTC 2019 /home/travis/build/icyphy/ptII/ptolemy/actor/lib/test/auto/TestExceptionHandler1.xml
----------------- Instantiating /home/travis/build/icyphy/ptII/ptolemy/actor/lib/test/auto/TestExceptionHandler1.xml
0 ms. Memory: 427008K Free: 203270K (48%)
----------------- Invoking toplevel() on ptolemy.moml.MoMLSimpleApplication@39d75eac
----------------- Done invoking toplevel() on ptolemy.moml.MoMLSimpleApplication@39d75eac
reloadAllAccessors: .TestExceptionHandler1

===========================================================================================
----------------- testing Mon Oct 21 06:12:30 UTC 2019 /home/travis/build/icyphy/ptII/ptolemy/actor/lib/test/auto/TestExceptionHandler2.xml
----------------- Instantiating /home/travis/build/icyphy/ptII/ptolemy/actor/lib/test/auto/TestExceptionHandler2.xml
1 ms. Memory: 427008K Free: 199174K (47%)
----------------- Invoking toplevel() on ptolemy.moml.MoMLSimpleApplication@5defe895
----------------- Done invoking toplevel() on ptolemy.moml.MoMLSimpleApplication@5defe895
reloadAllAccessors: .TestExceptionHandler2

===========================================================================================
----------------- testing Mon Oct 21 06:12:30 UTC 2019 /home/travis/build/icyphy/ptII/ptolemy/actor/lib/test/auto/TestExceptionHandler3.xml
----------------- Instantiating /home/travis/build/icyphy/ptII/ptolemy/actor/lib/test/auto/TestExceptionHandler3.xml
1 ms. Memory: 427008K Free: 195588K (46%)
----------------- Invoking toplevel() on ptolemy.moml.MoMLSimpleApplication@4d4cc3c1
----------------- Done invoking toplevel() on ptolemy.moml.MoMLSimpleApplication@4d4cc3c1
reloadAllAccessors: .TestExceptionHandler3

===========================================================================================
----------------- testing Mon Oct 21 06:12:30 UTC 2019 /home/travis/build/icyphy/ptII/ptolemy/actor/lib/test/auto/TestExceptionHandler4.xml
----------------- Instantiating /home/travis/build/icyphy/ptII/ptolemy/actor/lib/test/auto/TestExceptionHandler4.xml
0 ms. Memory: 427008K Free: 191492K (45%)
----------------- Invoking toplevel() on ptolemy.moml.MoMLSimpleApplication@381e7189
----------------- Done invoking toplevel() on ptolemy.moml.MoMLSimpleApplication@381e7189
reloadAllAccessors: .TestExceptionHandler4

===========================================================================================
----------------- testing Mon Oct 21 06:12:30 UTC 2019 /home/travis/build/icyphy/ptII/ptolemy/actor/lib/test/auto/TestRequireCorrectOrder.xml
----------------- Instantiating /home/travis/build/icyphy/ptII/ptolemy/actor/lib/test/auto/TestRequireCorrectOrder.xml
2 ms. Memory: 427008K Free: 185862K (44%)
----------------- Invoking toplevel() on ptolemy.moml.MoMLSimpleApplication@5bb3ecf9
----------------- Done invoking toplevel() on ptolemy.moml.MoMLSimpleApplication@5bb3ecf9
reloadAllAccessors: .TestRequireCorrectOrder

===========================================================================================
----------------- testing Mon Oct 21 06:12:30 UTC 2019 /home/travis/build/icyphy/ptII/ptolemy/actor/lib/test/auto/TestSimple.xml
----------------- Instantiating /home/travis/build/icyphy/ptII/ptolemy/actor/lib/test/auto/TestSimple.xml
1 ms. Memory: 427008K Free: 181252K (42%)
----------------- Invoking toplevel() on ptolemy.moml.MoMLSimpleApplication@4e98d302
----------------- Done invoking toplevel() on ptolemy.moml.MoMLSimpleApplication@4e98d302
reloadAllAccessors: .TestSimple

===========================================================================================
----------------- testing Mon Oct 21 06:12:30 UTC 2019 /home/travis/build/icyphy/ptII/ptolemy/actor/lib/test/auto/ThrowModelError.xml
----------------- Instantiating /home/travis/build/icyphy/ptII/ptolemy/actor/lib/test/auto/ThrowModelError.xml
1 ms. Memory: 427008K Free: 176132K (41%)
----------------- Invoking toplevel() on ptolemy.moml.MoMLSimpleApplication@2a8483de
----------------- Done invoking toplevel() on ptolemy.moml.MoMLSimpleApplication@2a8483de
reloadAllAccessors: .ThrowModelError

===========================================================================================
----------------- testing Mon Oct 21 06:12:30 UTC 2019 /home/travis/build/icyphy/ptII/ptolemy/actor/lib/test/auto/TimeDelayMicrosteps.xml
----------------- Instantiating /home/travis/build/icyphy/ptII/ptolemy/actor/lib/test/auto/TimeDelayMicrosteps.xml
2 ms. Memory: 427008K Free: 169478K (40%)
----------------- Invoking toplevel() on ptolemy.moml.MoMLSimpleApplication@f1a5308
----------------- Done invoking toplevel() on ptolemy.moml.MoMLSimpleApplication@f1a5308
reloadAllAccessors: .TimeDelayMicrosteps

===========================================================================================
----------------- testing Mon Oct 21 06:12:30 UTC 2019 /home/travis/build/icyphy/ptII/ptolemy/actor/lib/test/auto/TimeDelayMicrosteps2.xml
----------------- Instantiating /home/travis/build/icyphy/ptII/ptolemy/actor/lib/test/auto/TimeDelayMicrosteps2.xml
5 ms. Memory: 427008K Free: 162310K (38%)
----------------- Invoking toplevel() on ptolemy.moml.MoMLSimpleApplication@5bbe0332
----------------- Done invoking toplevel() on ptolemy.moml.MoMLSimpleApplication@5bbe0332
reloadAllAccessors: .TimeDelayMicrosteps2

===========================================================================================
----------------- testing Mon Oct 21 06:12:30 UTC 2019 /home/travis/build/icyphy/ptII/ptolemy/actor/lib/test/auto/TimeDelayMicrosteps3.xml
----------------- Instantiating /home/travis/build/icyphy/ptII/ptolemy/actor/lib/test/auto/TimeDelayMicrosteps3.xml
3 ms. Memory: 427008K Free: 155142K (36%)
----------------- Invoking toplevel() on ptolemy.moml.MoMLSimpleApplication@4f53ce1b
----------------- Done invoking toplevel() on ptolemy.moml.MoMLSimpleApplication@4f53ce1b
reloadAllAccessors: .TimeDelayMicrosteps3

===========================================================================================
----------------- testing Mon Oct 21 06:12:30 UTC 2019 /home/travis/build/icyphy/ptII/ptolemy/actor/lib/test/auto/TimeDelayVariableMicrosteps.xml
----------------- Instantiating /home/travis/build/icyphy/ptII/ptolemy/actor/lib/test/auto/TimeDelayVariableMicrosteps.xml
4 ms. Memory: 427008K Free: 148998K (35%)
----------------- Invoking toplevel() on ptolemy.moml.MoMLSimpleApplication@13483a60
----------------- Done invoking toplevel() on ptolemy.moml.MoMLSimpleApplication@13483a60
reloadAllAccessors: .TimeDelayVariableMicrosteps

===========================================================================================
----------------- testing Mon Oct 21 06:12:30 UTC 2019 /home/travis/build/icyphy/ptII/ptolemy/actor/lib/test/auto/TimeGap.xml
----------------- Instantiating /home/travis/build/icyphy/ptII/ptolemy/actor/lib/test/auto/TimeGap.xml
3 ms. Memory: 427008K Free: 143334K (34%)
----------------- Invoking toplevel() on ptolemy.moml.MoMLSimpleApplication@3657bdfa
----------------- Done invoking toplevel() on ptolemy.moml.MoMLSimpleApplication@3657bdfa
reloadAllAccessors: .TimeGap

===========================================================================================
----------------- testing Mon Oct 21 06:12:30 UTC 2019 /home/travis/build/icyphy/ptII/ptolemy/actor/lib/test/auto/TimeGap2.xml
----------------- Instantiating /home/travis/build/icyphy/ptII/ptolemy/actor/lib/test/auto/TimeGap2.xml
2 ms. Memory: 427008K Free: 137734K (32%)
----------------- Invoking toplevel() on ptolemy.moml.MoMLSimpleApplication@6bc05331
----------------- Done invoking toplevel() on ptolemy.moml.MoMLSimpleApplication@6bc05331
reloadAllAccessors: .TimeGap2

===========================================================================================
----------------- testing Mon Oct 21 06:12:30 UTC 2019 /home/travis/build/icyphy/ptII/ptolemy/actor/lib/test/auto/TimedSinewave.xml
----------------- Instantiating /home/travis/build/icyphy/ptII/ptolemy/actor/lib/test/auto/TimedSinewave.xml
35 ms. Memory: 427008K Free: 122884K (29%)
----------------- Invoking toplevel() on ptolemy.moml.MoMLSimpleApplication@fa9ea80
----------------- Done invoking toplevel() on ptolemy.moml.MoMLSimpleApplication@fa9ea80
reloadAllAccessors: .TimedSinewave

===========================================================================================
----------------- testing Mon Oct 21 06:12:30 UTC 2019 /home/travis/build/icyphy/ptII/ptolemy/actor/lib/test/auto/TimedSinewavePhase.xml
----------------- Instantiating /home/travis/build/icyphy/ptII/ptolemy/actor/lib/test/auto/TimedSinewavePhase.xml
9 ms. Memory: 427008K Free: 365533K (86%)
----------------- Invoking toplevel() on ptolemy.moml.MoMLSimpleApplication@3a746c52
----------------- Done invoking toplevel() on ptolemy.moml.MoMLSimpleApplication@3a746c52
reloadAllAccessors: .TimedSinewavePhase

===========================================================================================
----------------- testing Mon Oct 21 06:12:30 UTC 2019 /home/travis/build/icyphy/ptII/ptolemy/actor/lib/test/auto/Timer.xml
----------------- Instantiating /home/travis/build/icyphy/ptII/ptolemy/actor/lib/test/auto/Timer.xml
2 ms. Memory: 427008K Free: 359389K (84%)
----------------- Invoking toplevel() on ptolemy.moml.MoMLSimpleApplication@57ca7f58
----------------- Done invoking toplevel() on ptolemy.moml.MoMLSimpleApplication@57ca7f58
reloadAllAccessors: .Timer

===========================================================================================
----------------- testing Mon Oct 21 06:12:30 UTC 2019 /home/travis/build/icyphy/ptII/ptolemy/actor/lib/test/auto/TriangularDistTestModel.xml
----------------- Instantiating /home/travis/build/icyphy/ptII/ptolemy/actor/lib/test/auto/TriangularDistTestModel.xml
2 ms. Memory: 427008K Free: 353741K (83%)
----------------- Invoking toplevel() on ptolemy.moml.MoMLSimpleApplication@498017f9
----------------- Done invoking toplevel() on ptolemy.moml.MoMLSimpleApplication@498017f9
reloadAllAccessors: .TriangularDistTestModel

===========================================================================================
----------------- testing Mon Oct 21 06:12:30 UTC 2019 /home/travis/build/icyphy/ptII/ptolemy/actor/lib/test/auto/TrigFunction.xml
----------------- Instantiating /home/travis/build/icyphy/ptII/ptolemy/actor/lib/test/auto/TrigFunction.xml
2 ms. Memory: 427008K Free: 348635K (82%)
----------------- Invoking toplevel() on ptolemy.moml.MoMLSimpleApplication@3c33a6c6
----------------- Done invoking toplevel() on ptolemy.moml.MoMLSimpleApplication@3c33a6c6
reloadAllAccessors: .TrigFunction

===========================================================================================
----------------- testing Mon Oct 21 06:12:30 UTC 2019 /home/travis/build/icyphy/ptII/ptolemy/actor/lib/test/auto/TrigFunctionDE.xml
----------------- Instantiating /home/travis/build/icyphy/ptII/ptolemy/actor/lib/test/auto/TrigFunctionDE.xml
1 ms. Memory: 427008K Free: 343005K (80%)
----------------- Invoking toplevel() on ptolemy.moml.MoMLSimpleApplication@5641f7b4
----------------- Done invoking toplevel() on ptolemy.moml.MoMLSimpleApplication@5641f7b4
reloadAllAccessors: .TrigFunctionDE

===========================================================================================
----------------- testing Mon Oct 21 06:12:30 UTC 2019 /home/travis/build/icyphy/ptII/ptolemy/actor/lib/test/auto/TrigFunctionInverse.xml
----------------- Instantiating /home/travis/build/icyphy/ptII/ptolemy/actor/lib/test/auto/TrigFunctionInverse.xml
2 ms. Memory: 427008K Free: 337371K (79%)
----------------- Invoking toplevel() on ptolemy.moml.MoMLSimpleApplication@4cb0ad08
----------------- Done invoking toplevel() on ptolemy.moml.MoMLSimpleApplication@4cb0ad08
reloadAllAccessors: .TrigFunctionInverse

===========================================================================================
----------------- testing Mon Oct 21 06:12:30 UTC 2019 /home/travis/build/icyphy/ptII/ptolemy/actor/lib/test/auto/TrigFunctionTan.xml
----------------- Instantiating /home/travis/build/icyphy/ptII/ptolemy/actor/lib/test/auto/TrigFunctionTan.xml
2 ms. Memory: 427008K Free: 333275K (78%)
----------------- Invoking toplevel() on ptolemy.moml.MoMLSimpleApplication@3e232af2
----------------- Done invoking toplevel() on ptolemy.moml.MoMLSimpleApplication@3e232af2
reloadAllAccessors: .TrigFunctionTan

===========================================================================================
----------------- testing Mon Oct 21 06:12:30 UTC 2019 /home/travis/build/icyphy/ptII/ptolemy/actor/lib/test/auto/TriggeredClock.xml
----------------- Instantiating /home/travis/build/icyphy/ptII/ptolemy/actor/lib/test/auto/TriggeredClock.xml
2 ms. Memory: 427008K Free: 328139K (77%)
----------------- Invoking toplevel() on ptolemy.moml.MoMLSimpleApplication@370862cd
----------------- Done invoking toplevel() on ptolemy.moml.MoMLSimpleApplication@370862cd
reloadAllAccessors: .TriggeredClock

===========================================================================================
----------------- testing Mon Oct 21 06:12:30 UTC 2019 /home/travis/build/icyphy/ptII/ptolemy/actor/lib/test/auto/URLDirectoryReader.xml
----------------- Instantiating /home/travis/build/icyphy/ptII/ptolemy/actor/lib/test/auto/URLDirectoryReader.xml
46 ms. Memory: 427008K Free: 318939K (75%)
----------------- Invoking toplevel() on ptolemy.moml.MoMLSimpleApplication@b78c102
----------------- Done invoking toplevel() on ptolemy.moml.MoMLSimpleApplication@b78c102
reloadAllAccessors: .URLDirectoryReader

===========================================================================================
----------------- testing Mon Oct 21 06:12:30 UTC 2019 /home/travis/build/icyphy/ptII/ptolemy/actor/lib/test/auto/URLDirectoryReader3.xml
----------------- Instantiating /home/travis/build/icyphy/ptII/ptolemy/actor/lib/test/auto/URLDirectoryReader3.xml
1159 ms. Memory: 427008K Free: 365609K (86%)
----------------- Invoking toplevel() on ptolemy.moml.MoMLSimpleApplication@1cdfefc2
----------------- Done invoking toplevel() on ptolemy.moml.MoMLSimpleApplication@1cdfefc2
reloadAllAccessors: .URLDirectoryReader3

===========================================================================================
----------------- testing Mon Oct 21 06:12:32 UTC 2019 /home/travis/build/icyphy/ptII/ptolemy/actor/lib/test/auto/UnaryMathFunction.xml
----------------- Instantiating /home/travis/build/icyphy/ptII/ptolemy/actor/lib/test/auto/UnaryMathFunction.xml
3 ms. Memory: 427008K Free: 357415K (84%)
----------------- Invoking toplevel() on ptolemy.moml.MoMLSimpleApplication@4ac29055
----------------- Done invoking toplevel() on ptolemy.moml.MoMLSimpleApplication@4ac29055
reloadAllAccessors: .UnaryMathFunction

===========================================================================================
----------------- testing Mon Oct 21 06:12:32 UTC 2019 /home/travis/build/icyphy/ptII/ptolemy/actor/lib/test/auto/Uniform.xml
----------------- Instantiating /home/travis/build/icyphy/ptII/ptolemy/actor/lib/test/auto/Uniform.xml
2 ms. Memory: 427008K Free: 352809K (83%)
----------------- Invoking toplevel() on ptolemy.moml.MoMLSimpleApplication@519d7b6d
----------------- Done invoking toplevel() on ptolemy.moml.MoMLSimpleApplication@519d7b6d
reloadAllAccessors: .Uniform

===========================================================================================
----------------- testing Mon Oct 21 06:12:32 UTC 2019 /home/travis/build/icyphy/ptII/ptolemy/actor/lib/test/auto/UnionDisassemblerTest.xml
----------------- Instantiating /home/travis/build/icyphy/ptII/ptolemy/actor/lib/test/auto/UnionDisassemblerTest.xml
7 ms. Memory: 427008K Free: 348713K (82%)
----------------- Invoking toplevel() on ptolemy.moml.MoMLSimpleApplication@2c79a152
----------------- Done invoking toplevel() on ptolemy.moml.MoMLSimpleApplication@2c79a152
reloadAllAccessors: .UnionDisassemblerTest

===========================================================================================
----------------- testing Mon Oct 21 06:12:32 UTC 2019 /home/travis/build/icyphy/ptII/ptolemy/actor/lib/test/auto/UtilityFunctions.xml
----------------- Instantiating /home/travis/build/icyphy/ptII/ptolemy/actor/lib/test/auto/UtilityFunctions.xml
1 ms. Memory: 427008K Free: 344617K (81%)
----------------- Invoking toplevel() on ptolemy.moml.MoMLSimpleApplication@54439dbf
----------------- Done invoking toplevel() on ptolemy.moml.MoMLSimpleApplication@54439dbf
reloadAllAccessors: .UtilityFunctions

===========================================================================================
----------------- testing Mon Oct 21 06:12:32 UTC 2019 /home/travis/build/icyphy/ptII/ptolemy/actor/lib/test/auto/VariableSleep.xml
----------------- Instantiating /home/travis/build/icyphy/ptII/ptolemy/actor/lib/test/auto/VariableSleep.xml
503 ms. Memory: 427008K Free: 338983K (79%)
----------------- Invoking toplevel() on ptolemy.moml.MoMLSimpleApplication@bb94fc0
----------------- Done invoking toplevel() on ptolemy.moml.MoMLSimpleApplication@bb94fc0
reloadAllAccessors: .VariableSleep

===========================================================================================
----------------- testing Mon Oct 21 06:12:32 UTC 2019 /home/travis/build/icyphy/ptII/ptolemy/actor/lib/test/auto/VectorAssemblerDisassemblerCT.xml
----------------- Instantiating /home/travis/build/icyphy/ptII/ptolemy/actor/lib/test/auto/VectorAssemblerDisassemblerCT.xml
88 ms. Memory: 427008K Free: 319017K (75%)
----------------- Invoking toplevel() on ptolemy.moml.MoMLSimpleApplication@44705b5c
----------------- Done invoking toplevel() on ptolemy.moml.MoMLSimpleApplication@44705b5c
reloadAllAccessors: .VectorAssemblerDisassemblerCT

===========================================================================================
----------------- testing Mon Oct 21 06:12:33 UTC 2019 /home/travis/build/icyphy/ptII/ptolemy/actor/lib/test/auto/VectorAssemblerDisassemblerDE.xml
----------------- Instantiating /home/travis/build/icyphy/ptII/ptolemy/actor/lib/test/auto/VectorAssemblerDisassemblerDE.xml
2 ms. Memory: 427008K Free: 311335K (73%)
----------------- Invoking toplevel() on ptolemy.moml.MoMLSimpleApplication@7214af2b
----------------- Done invoking toplevel() on ptolemy.moml.MoMLSimpleApplication@7214af2b
reloadAllAccessors: .VectorAssemblerDisassemblerDE

===========================================================================================
----------------- testing Mon Oct 21 06:12:33 UTC 2019 /home/travis/build/icyphy/ptII/ptolemy/actor/lib/test/auto/VectorAssemblerDisassemblerSDF.xml
----------------- Instantiating /home/travis/build/icyphy/ptII/ptolemy/actor/lib/test/auto/VectorAssemblerDisassemblerSDF.xml
2 ms. Memory: 427008K Free: 304681K (71%)
----------------- Invoking toplevel() on ptolemy.moml.MoMLSimpleApplication@1e13883c
----------------- Done invoking toplevel() on ptolemy.moml.MoMLSimpleApplication@1e13883c
reloadAllAccessors: .VectorAssemblerDisassemblerSDF

===========================================================================================
----------------- testing Mon Oct 21 06:12:33 UTC 2019 /home/travis/build/icyphy/ptII/ptolemy/actor/lib/test/auto/WallClockTime.xml
----------------- Instantiating /home/travis/build/icyphy/ptII/ptolemy/actor/lib/test/auto/WallClockTime.xml
1004 ms. Memory: 427008K Free: 299047K (70%)
----------------- Invoking toplevel() on ptolemy.moml.MoMLSimpleApplication@5a374207
----------------- Done invoking toplevel() on ptolemy.moml.MoMLSimpleApplication@5a374207
reloadAllAccessors: .WallClockTime

===========================================================================================
----------------- testing Mon Oct 21 06:12:34 UTC 2019 /home/travis/build/icyphy/ptII/ptolemy/actor/lib/test/auto/WidthTestWithSubscriberPublisher.xml
----------------- Instantiating /home/travis/build/icyphy/ptII/ptolemy/actor/lib/test/auto/WidthTestWithSubscriberPublisher.xml
9 ms. Memory: 427008K Free: 281639K (66%)
----------------- Invoking toplevel() on ptolemy.moml.MoMLSimpleApplication@54efcd54
----------------- Done invoking toplevel() on ptolemy.moml.MoMLSimpleApplication@54efcd54
reloadAllAccessors: .WidthTestWithSubscriberPublisher

===========================================================================================
----------------- testing Mon Oct 21 06:12:34 UTC 2019 /home/travis/build/icyphy/ptII/ptolemy/actor/lib/test/auto/WidthTestWithSubscriberPublisher2.xml
----------------- Instantiating /home/travis/build/icyphy/ptII/ptolemy/actor/lib/test/auto/WidthTestWithSubscriberPublisher2.xml
3 ms. Memory: 427008K Free: 275495K (65%)
----------------- Invoking toplevel() on ptolemy.moml.MoMLSimpleApplication@48f831c3
----------------- Done invoking toplevel() on ptolemy.moml.MoMLSimpleApplication@48f831c3
reloadAllAccessors: .WidthTestWithSubscriberPublisher2

===========================================================================================
----------------- testing Mon Oct 21 06:12:34 UTC 2019 /home/travis/build/icyphy/ptII/ptolemy/actor/lib/test/auto/WidthTestWithSubscriberPublisher3.xml
----------------- Instantiating /home/travis/build/icyphy/ptII/ptolemy/actor/lib/test/auto/WidthTestWithSubscriberPublisher3.xml
2 ms. Memory: 427008K Free: 268841K (63%)
----------------- Invoking toplevel() on ptolemy.moml.MoMLSimpleApplication@12bd5c97
----------------- Done invoking toplevel() on ptolemy.moml.MoMLSimpleApplication@12bd5c97
reloadAllAccessors: .WidthTestWithSubscriberPublisher3

===========================================================================================
----------------- testing Mon Oct 21 06:12:34 UTC 2019 /home/travis/build/icyphy/ptII/ptolemy/actor/lib/test/auto/Writer.xml
----------------- Instantiating /home/travis/build/icyphy/ptII/ptolemy/actor/lib/test/auto/Writer.xml
0
1
2
3
4
2 ms. Memory: 427008K Free: 264745K (62%)
----------------- Invoking toplevel() on ptolemy.moml.MoMLSimpleApplication@37a3da84
----------------- Done invoking toplevel() on ptolemy.moml.MoMLSimpleApplication@37a3da84
reloadAllAccessors: .Writer

===========================================================================================
----------------- testing Mon Oct 21 06:12:34 UTC 2019 /home/travis/build/icyphy/ptII/ptolemy/actor/lib/test/auto/array.xml
----------------- Instantiating /home/travis/build/icyphy/ptII/ptolemy/actor/lib/test/auto/array.xml
2 ms. Memory: 427008K Free: 260135K (61%)
----------------- Invoking toplevel() on ptolemy.moml.MoMLSimpleApplication@49735db8
----------------- Done invoking toplevel() on ptolemy.moml.MoMLSimpleApplication@49735db8
reloadAllAccessors: .array

===========================================================================================
----------------- testing Mon Oct 21 06:12:34 UTC 2019 /home/travis/build/icyphy/ptII/ptolemy/actor/lib/test/auto/array2.xml
----------------- Instantiating /home/travis/build/icyphy/ptII/ptolemy/actor/lib/test/auto/array2.xml
3 ms. Memory: 427008K Free: 255001K (60%)
----------------- Invoking toplevel() on ptolemy.moml.MoMLSimpleApplication@3939b3bc
----------------- Done invoking toplevel() on ptolemy.moml.MoMLSimpleApplication@3939b3bc
reloadAllAccessors: .array2

===========================================================================================
----------------- testing Mon Oct 21 06:12:34 UTC 2019 /home/travis/build/icyphy/ptII/ptolemy/actor/lib/test/auto/arrayType.xml
----------------- Instantiating /home/travis/build/icyphy/ptII/ptolemy/actor/lib/test/auto/arrayType.xml
2 ms. Memory: 427008K Free: 249385K (58%)
----------------- Invoking toplevel() on ptolemy.moml.MoMLSimpleApplication@699d91b5
----------------- Done invoking toplevel() on ptolemy.moml.MoMLSimpleApplication@699d91b5
reloadAllAccessors: .arrayType

===========================================================================================
----------------- testing Mon Oct 21 06:12:34 UTC 2019 /home/travis/build/icyphy/ptII/ptolemy/actor/lib/test/auto/arrayType10.xml
----------------- Instantiating /home/travis/build/icyphy/ptII/ptolemy/actor/lib/test/auto/arrayType10.xml
3 ms. Memory: 427008K Free: 244775K (57%)
----------------- Invoking toplevel() on ptolemy.moml.MoMLSimpleApplication@53ddc74e
----------------- Done invoking toplevel() on ptolemy.moml.MoMLSimpleApplication@53ddc74e
reloadAllAccessors: .arrayType10

===========================================================================================
----------------- testing Mon Oct 21 06:12:34 UTC 2019 /home/travis/build/icyphy/ptII/ptolemy/actor/lib/test/auto/arrayType11.xml
----------------- Instantiating /home/travis/build/icyphy/ptII/ptolemy/actor/lib/test/auto/arrayType11.xml
1 ms. Memory: 427008K Free: 239655K (56%)
----------------- Invoking toplevel() on ptolemy.moml.MoMLSimpleApplication@52303e93
----------------- Done invoking toplevel() on ptolemy.moml.MoMLSimpleApplication@52303e93
reloadAllAccessors: .arrayType11

===========================================================================================
----------------- testing Mon Oct 21 06:12:34 UTC 2019 /home/travis/build/icyphy/ptII/ptolemy/actor/lib/test/auto/arrayType12.xml
----------------- Instantiating /home/travis/build/icyphy/ptII/ptolemy/actor/lib/test/auto/arrayType12.xml
2 ms. Memory: 427008K Free: 235049K (55%)
----------------- Invoking toplevel() on ptolemy.moml.MoMLSimpleApplication@414c5670
----------------- Done invoking toplevel() on ptolemy.moml.MoMLSimpleApplication@414c5670
reloadAllAccessors: .arrayType12

===========================================================================================
----------------- testing Mon Oct 21 06:12:34 UTC 2019 /home/travis/build/icyphy/ptII/ptolemy/actor/lib/test/auto/arrayType13.xml
----------------- Instantiating /home/travis/build/icyphy/ptII/ptolemy/actor/lib/test/auto/arrayType13.xml
1 ms. Memory: 427008K Free: 229415K (54%)
----------------- Invoking toplevel() on ptolemy.moml.MoMLSimpleApplication@e6aeeea
----------------- Done invoking toplevel() on ptolemy.moml.MoMLSimpleApplication@e6aeeea
reloadAllAccessors: .arrayType13

===========================================================================================
----------------- testing Mon Oct 21 06:12:34 UTC 2019 /home/travis/build/icyphy/ptII/ptolemy/actor/lib/test/auto/arrayType14.xml
----------------- Instantiating /home/travis/build/icyphy/ptII/ptolemy/actor/lib/test/auto/arrayType14.xml
1 ms. Memory: 427008K Free: 224295K (53%)
----------------- Invoking toplevel() on ptolemy.moml.MoMLSimpleApplication@5a291996
----------------- Done invoking toplevel() on ptolemy.moml.MoMLSimpleApplication@5a291996
reloadAllAccessors: .arrayType14

===========================================================================================
----------------- testing Mon Oct 21 06:12:34 UTC 2019 /home/travis/build/icyphy/ptII/ptolemy/actor/lib/test/auto/arrayType15.xml
----------------- Instantiating /home/travis/build/icyphy/ptII/ptolemy/actor/lib/test/auto/arrayType15.xml
3 ms. Memory: 427008K Free: 219175K (51%)
----------------- Invoking toplevel() on ptolemy.moml.MoMLSimpleApplication@75d12568
----------------- Done invoking toplevel() on ptolemy.moml.MoMLSimpleApplication@75d12568
reloadAllAccessors: .arrayType15

===========================================================================================
----------------- testing Mon Oct 21 06:12:34 UTC 2019 /home/travis/build/icyphy/ptII/ptolemy/actor/lib/test/auto/arrayType16.xml
----------------- Instantiating /home/travis/build/icyphy/ptII/ptolemy/actor/lib/test/auto/arrayType16.xml
1 ms. Memory: 427008K Free: 213545K (50%)
----------------- Invoking toplevel() on ptolemy.moml.MoMLSimpleApplication@33d33fe2
----------------- Done invoking toplevel() on ptolemy.moml.MoMLSimpleApplication@33d33fe2
reloadAllAccessors: .arrayType16

===========================================================================================
----------------- testing Mon Oct 21 06:12:34 UTC 2019 /home/travis/build/icyphy/ptII/ptolemy/actor/lib/test/auto/arrayType17.xml
----------------- Instantiating /home/travis/build/icyphy/ptII/ptolemy/actor/lib/test/auto/arrayType17.xml
1 ms. Memory: 427008K Free: 208425K (49%)
----------------- Invoking toplevel() on ptolemy.moml.MoMLSimpleApplication@72376bb9
----------------- Done invoking toplevel() on ptolemy.moml.MoMLSimpleApplication@72376bb9
reloadAllAccessors: .arrayType17

===========================================================================================
----------------- testing Mon Oct 21 06:12:34 UTC 2019 /home/travis/build/icyphy/ptII/ptolemy/actor/lib/test/auto/arrayType18.xml
----------------- Instantiating /home/travis/build/icyphy/ptII/ptolemy/actor/lib/test/auto/arrayType18.xml
2 ms. Memory: 427008K Free: 203815K (48%)
----------------- Invoking toplevel() on ptolemy.moml.MoMLSimpleApplication@4044adbb
----------------- Done invoking toplevel() on ptolemy.moml.MoMLSimpleApplication@4044adbb
reloadAllAccessors: .arrayType18

===========================================================================================
----------------- testing Mon Oct 21 06:12:34 UTC 2019 /home/travis/build/icyphy/ptII/ptolemy/actor/lib/test/auto/arrayType19.xml
----------------- Instantiating /home/travis/build/icyphy/ptII/ptolemy/actor/lib/test/auto/arrayType19.xml
1 ms. Memory: 427008K Free: 198695K (47%)
----------------- Invoking toplevel() on ptolemy.moml.MoMLSimpleApplication@3805a59d
----------------- Done invoking toplevel() on ptolemy.moml.MoMLSimpleApplication@3805a59d
reloadAllAccessors: .arrayType19

===========================================================================================
----------------- testing Mon Oct 21 06:12:34 UTC 2019 /home/travis/build/icyphy/ptII/ptolemy/actor/lib/test/auto/arrayType2.xml
----------------- Instantiating /home/travis/build/icyphy/ptII/ptolemy/actor/lib/test/auto/arrayType2.xml
1 ms. Memory: 427008K Free: 193575K (45%)
----------------- Invoking toplevel() on ptolemy.moml.MoMLSimpleApplication@55cfae3e
----------------- Done invoking toplevel() on ptolemy.moml.MoMLSimpleApplication@55cfae3e
reloadAllAccessors: .arrayType2

===========================================================================================
----------------- testing Mon Oct 21 06:12:34 UTC 2019 /home/travis/build/icyphy/ptII/ptolemy/actor/lib/test/auto/arrayType20.xml
----------------- Instantiating /home/travis/build/icyphy/ptII/ptolemy/actor/lib/test/auto/arrayType20.xml
1 ms. Memory: 427008K Free: 188455K (44%)
----------------- Invoking toplevel() on ptolemy.moml.MoMLSimpleApplication@d2baa0f
----------------- Done invoking toplevel() on ptolemy.moml.MoMLSimpleApplication@d2baa0f
reloadAllAccessors: .arrayType20

===========================================================================================
----------------- testing Mon Oct 21 06:12:34 UTC 2019 /home/travis/build/icyphy/ptII/ptolemy/actor/lib/test/auto/arrayType21.xml
----------------- Instantiating /home/travis/build/icyphy/ptII/ptolemy/actor/lib/test/auto/arrayType21.xml
2 ms. Memory: 427008K Free: 183849K (43%)
----------------- Invoking toplevel() on ptolemy.moml.MoMLSimpleApplication@3e854653
----------------- Done invoking toplevel() on ptolemy.moml.MoMLSimpleApplication@3e854653
reloadAllAccessors: .arrayType21

===========================================================================================
----------------- testing Mon Oct 21 06:12:34 UTC 2019 /home/travis/build/icyphy/ptII/ptolemy/actor/lib/test/auto/arrayType22.xml
----------------- Instantiating /home/travis/build/icyphy/ptII/ptolemy/actor/lib/test/auto/arrayType22.xml
1 ms. Memory: 427008K Free: 179239K (42%)
----------------- Invoking toplevel() on ptolemy.moml.MoMLSimpleApplication@5b62dff8
----------------- Done invoking toplevel() on ptolemy.moml.MoMLSimpleApplication@5b62dff8
reloadAllAccessors: .arrayType22

===========================================================================================
----------------- testing Mon Oct 21 06:12:34 UTC 2019 /home/travis/build/icyphy/ptII/ptolemy/actor/lib/test/auto/arrayType23.xml
----------------- Instantiating /home/travis/build/icyphy/ptII/ptolemy/actor/lib/test/auto/arrayType23.xml
2 ms. Memory: 427008K Free: 174119K (41%)
----------------- Invoking toplevel() on ptolemy.moml.MoMLSimpleApplication@3eb8e4f7
----------------- Done invoking toplevel() on ptolemy.moml.MoMLSimpleApplication@3eb8e4f7
reloadAllAccessors: .arrayType23

===========================================================================================
----------------- testing Mon Oct 21 06:12:34 UTC 2019 /home/travis/build/icyphy/ptII/ptolemy/actor/lib/test/auto/arrayType24.xml
----------------- Instantiating /home/travis/build/icyphy/ptII/ptolemy/actor/lib/test/auto/arrayType24.xml
2 ms. Memory: 427008K Free: 169513K (40%)
----------------- Invoking toplevel() on ptolemy.moml.MoMLSimpleApplication@23fa875c
----------------- Done invoking toplevel() on ptolemy.moml.MoMLSimpleApplication@23fa875c
reloadAllAccessors: .arrayType24

===========================================================================================
----------------- testing Mon Oct 21 06:12:34 UTC 2019 /home/travis/build/icyphy/ptII/ptolemy/actor/lib/test/auto/arrayType25.xml
----------------- Instantiating /home/travis/build/icyphy/ptII/ptolemy/actor/lib/test/auto/arrayType25.xml
2 ms. Memory: 427008K Free: 163879K (38%)
----------------- Invoking toplevel() on ptolemy.moml.MoMLSimpleApplication@46acd075
----------------- Done invoking toplevel() on ptolemy.moml.MoMLSimpleApplication@46acd075
reloadAllAccessors: .arrayType25

===========================================================================================
----------------- testing Mon Oct 21 06:12:34 UTC 2019 /home/travis/build/icyphy/ptII/ptolemy/actor/lib/test/auto/arrayType26.xml
----------------- Instantiating /home/travis/build/icyphy/ptII/ptolemy/actor/lib/test/auto/arrayType26.xml
1 ms. Memory: 427008K Free: 158759K (37%)
----------------- Invoking toplevel() on ptolemy.moml.MoMLSimpleApplication@57e1e4e9
----------------- Done invoking toplevel() on ptolemy.moml.MoMLSimpleApplication@57e1e4e9
reloadAllAccessors: .arrayType26

===========================================================================================
----------------- testing Mon Oct 21 06:12:34 UTC 2019 /home/travis/build/icyphy/ptII/ptolemy/actor/lib/test/auto/arrayType27.xml
----------------- Instantiating /home/travis/build/icyphy/ptII/ptolemy/actor/lib/test/auto/arrayType27.xml
3 ms. Memory: 427008K Free: 153639K (36%)
----------------- Invoking toplevel() on ptolemy.moml.MoMLSimpleApplication@59e364e5
----------------- Done invoking toplevel() on ptolemy.moml.MoMLSimpleApplication@59e364e5
reloadAllAccessors: .arrayType27

===========================================================================================
----------------- testing Mon Oct 21 06:12:34 UTC 2019 /home/travis/build/icyphy/ptII/ptolemy/actor/lib/test/auto/arrayType28.xml
----------------- Instantiating /home/travis/build/icyphy/ptII/ptolemy/actor/lib/test/auto/arrayType28.xml
1 ms. Memory: 427008K Free: 148009K (35%)
----------------- Invoking toplevel() on ptolemy.moml.MoMLSimpleApplication@4cfcb6f4
----------------- Done invoking toplevel() on ptolemy.moml.MoMLSimpleApplication@4cfcb6f4
reloadAllAccessors: .arrayType28

===========================================================================================
----------------- testing Mon Oct 21 06:12:34 UTC 2019 /home/travis/build/icyphy/ptII/ptolemy/actor/lib/test/auto/arrayType3.xml
----------------- Instantiating /home/travis/build/icyphy/ptII/ptolemy/actor/lib/test/auto/arrayType3.xml
2 ms. Memory: 427008K Free: 142889K (33%)
----------------- Invoking toplevel() on ptolemy.moml.MoMLSimpleApplication@1a9b84bf
----------------- Done invoking toplevel() on ptolemy.moml.MoMLSimpleApplication@1a9b84bf
reloadAllAccessors: .arrayType3

===========================================================================================
----------------- testing Mon Oct 21 06:12:34 UTC 2019 /home/travis/build/icyphy/ptII/ptolemy/actor/lib/test/auto/arrayType4.xml
----------------- Instantiating /home/travis/build/icyphy/ptII/ptolemy/actor/lib/test/auto/arrayType4.xml
1 ms. Memory: 427008K Free: 137255K (32%)
----------------- Invoking toplevel() on ptolemy.moml.MoMLSimpleApplication@55b2381a
----------------- Done invoking toplevel() on ptolemy.moml.MoMLSimpleApplication@55b2381a
reloadAllAccessors: .arrayType4

===========================================================================================
----------------- testing Mon Oct 21 06:12:34 UTC 2019 /home/travis/build/icyphy/ptII/ptolemy/actor/lib/test/auto/arrayType5.xml
----------------- Instantiating /home/travis/build/icyphy/ptII/ptolemy/actor/lib/test/auto/arrayType5.xml
2 ms. Memory: 427008K Free: 132135K (31%)
----------------- Invoking toplevel() on ptolemy.moml.MoMLSimpleApplication@6f264dc4
----------------- Done invoking toplevel() on ptolemy.moml.MoMLSimpleApplication@6f264dc4
reloadAllAccessors: .arrayType5

===========================================================================================
----------------- testing Mon Oct 21 06:12:34 UTC 2019 /home/travis/build/icyphy/ptII/ptolemy/actor/lib/test/auto/arrayType6.xml
----------------- Instantiating /home/travis/build/icyphy/ptII/ptolemy/actor/lib/test/auto/arrayType6.xml
1 ms. Memory: 427008K Free: 127529K (30%)
----------------- Invoking toplevel() on ptolemy.moml.MoMLSimpleApplication@29a81320
----------------- Done invoking toplevel() on ptolemy.moml.MoMLSimpleApplication@29a81320
reloadAllAccessors: .arrayType6

===========================================================================================
----------------- testing Mon Oct 21 06:12:34 UTC 2019 /home/travis/build/icyphy/ptII/ptolemy/actor/lib/test/auto/arrayType7.xml
----------------- Instantiating /home/travis/build/icyphy/ptII/ptolemy/actor/lib/test/auto/arrayType7.xml
1 ms. Memory: 427008K Free: 122409K (29%)
----------------- Invoking toplevel() on ptolemy.moml.MoMLSimpleApplication@53e5514
----------------- Done invoking toplevel() on ptolemy.moml.MoMLSimpleApplication@53e5514
reloadAllAccessors: .arrayType7

===========================================================================================
----------------- testing Mon Oct 21 06:12:34 UTC 2019 /home/travis/build/icyphy/ptII/ptolemy/actor/lib/test/auto/arrayType8.xml
----------------- Instantiating /home/travis/build/icyphy/ptII/ptolemy/actor/lib/test/auto/arrayType8.xml
7 ms. Memory: 427008K Free: 368264K (86%)
----------------- Invoking toplevel() on ptolemy.moml.MoMLSimpleApplication@23e8cd36
----------------- Done invoking toplevel() on ptolemy.moml.MoMLSimpleApplication@23e8cd36
reloadAllAccessors: .arrayType8

===========================================================================================
----------------- testing Mon Oct 21 06:12:34 UTC 2019 /home/travis/build/icyphy/ptII/ptolemy/actor/lib/test/auto/arrayType9.xml
----------------- Instantiating /home/travis/build/icyphy/ptII/ptolemy/actor/lib/test/auto/arrayType9.xml
2 ms. Memory: 427008K Free: 363146K (85%)
----------------- Invoking toplevel() on ptolemy.moml.MoMLSimpleApplication@3bae6b6
----------------- Done invoking toplevel() on ptolemy.moml.MoMLSimpleApplication@3bae6b6
reloadAllAccessors: .arrayType9

===========================================================================================
----------------- testing Mon Oct 21 06:12:34 UTC 2019 /home/travis/build/icyphy/ptII/ptolemy/actor/lib/test/auto/cast.xml
----------------- Instantiating /home/travis/build/icyphy/ptII/ptolemy/actor/lib/test/auto/cast.xml
3 ms. Memory: 427008K Free: 358536K (84%)
----------------- Invoking toplevel() on ptolemy.moml.MoMLSimpleApplication@7bd7157f
----------------- Done invoking toplevel() on ptolemy.moml.MoMLSimpleApplication@7bd7157f
reloadAllAccessors: .cast

===========================================================================================
----------------- testing Mon Oct 21 06:12:34 UTC 2019 /home/travis/build/icyphy/ptII/ptolemy/actor/lib/test/auto/compositeMultiPort.xml
----------------- Instantiating /home/travis/build/icyphy/ptII/ptolemy/actor/lib/test/auto/compositeMultiPort.xml
5 ms. Memory: 427008K Free: 349314K (82%)
----------------- Invoking toplevel() on ptolemy.moml.MoMLSimpleApplication@188c0f12
----------------- Done invoking toplevel() on ptolemy.moml.MoMLSimpleApplication@188c0f12
reloadAllAccessors: .compositeMultiPort

===========================================================================================
----------------- testing Mon Oct 21 06:12:34 UTC 2019 /home/travis/build/icyphy/ptII/ptolemy/actor/lib/test/auto/expressionCastInference.xml
----------------- Instantiating /home/travis/build/icyphy/ptII/ptolemy/actor/lib/test/auto/expressionCastInference.xml
13 ms. Memory: 427008K Free: 344714K (81%)
----------------- Invoking toplevel() on ptolemy.moml.MoMLSimpleApplication@4fa11c68
----------------- Done invoking toplevel() on ptolemy.moml.MoMLSimpleApplication@4fa11c68
reloadAllAccessors: .expressionCastInference

===========================================================================================
----------------- testing Mon Oct 21 06:12:34 UTC 2019 /home/travis/build/icyphy/ptII/ptolemy/actor/lib/test/auto/expressionCastInference2.xml
----------------- Instantiating /home/travis/build/icyphy/ptII/ptolemy/actor/lib/test/auto/expressionCastInference2.xml
3 ms. Memory: 427008K Free: 340104K (80%)
----------------- Invoking toplevel() on ptolemy.moml.MoMLSimpleApplication@39bad949
----------------- Done invoking toplevel() on ptolemy.moml.MoMLSimpleApplication@39bad949
reloadAllAccessors: .expressionCastInference2

===========================================================================================
----------------- testing Mon Oct 21 06:12:35 UTC 2019 /home/travis/build/icyphy/ptII/ptolemy/actor/lib/test/auto/expressionInference.xml
----------------- Instantiating /home/travis/build/icyphy/ptII/ptolemy/actor/lib/test/auto/expressionInference.xml
2 ms. Memory: 427008K Free: 335498K (79%)
----------------- Invoking toplevel() on ptolemy.moml.MoMLSimpleApplication@3555994f
----------------- Done invoking toplevel() on ptolemy.moml.MoMLSimpleApplication@3555994f
reloadAllAccessors: .expressionInference

===========================================================================================
----------------- testing Mon Oct 21 06:12:35 UTC 2019 /home/travis/build/icyphy/ptII/ptolemy/actor/lib/test/auto/expression_bug.xml
----------------- Instantiating /home/travis/build/icyphy/ptII/ptolemy/actor/lib/test/auto/expression_bug.xml
5 ms. Memory: 427008K Free: 330888K (77%)
----------------- Invoking toplevel() on ptolemy.moml.MoMLSimpleApplication@2ddb0273
----------------- Done invoking toplevel() on ptolemy.moml.MoMLSimpleApplication@2ddb0273
reloadAllAccessors: .expression_bug

===========================================================================================
----------------- testing Mon Oct 21 06:12:35 UTC 2019 /home/travis/build/icyphy/ptII/ptolemy/actor/lib/test/auto/factorial.xml
----------------- Instantiating /home/travis/build/icyphy/ptII/ptolemy/actor/lib/test/auto/factorial.xml
30 ms. Memory: 427008K Free: 321672K (75%)
----------------- Invoking toplevel() on ptolemy.moml.MoMLSimpleApplication@6d707cd3
----------------- Done invoking toplevel() on ptolemy.moml.MoMLSimpleApplication@6d707cd3
reloadAllAccessors: .factorial

===========================================================================================
----------------- testing Mon Oct 21 06:12:35 UTC 2019 /home/travis/build/icyphy/ptII/ptolemy/actor/lib/test/auto/filterTest1.xml
----------------- Instantiating /home/travis/build/icyphy/ptII/ptolemy/actor/lib/test/auto/filterTest1.xml
3 ms. Memory: 427008K Free: 316042K (74%)
----------------- Invoking toplevel() on ptolemy.moml.MoMLSimpleApplication@cf0a246
----------------- Done invoking toplevel() on ptolemy.moml.MoMLSimpleApplication@cf0a246
reloadAllAccessors: .filterTest1

===========================================================================================
----------------- testing Mon Oct 21 06:12:35 UTC 2019 /home/travis/build/icyphy/ptII/ptolemy/actor/lib/test/auto/funcApplyInConst.xml
----------------- Instantiating /home/travis/build/icyphy/ptII/ptolemy/actor/lib/test/auto/funcApplyInConst.xml
1 ms. Memory: 427008K Free: 311946K (73%)
----------------- Invoking toplevel() on ptolemy.moml.MoMLSimpleApplication@ff9fe9a
----------------- Done invoking toplevel() on ptolemy.moml.MoMLSimpleApplication@ff9fe9a
reloadAllAccessors: .funcApplyInConst

===========================================================================================
----------------- testing Mon Oct 21 06:12:35 UTC 2019 /home/travis/build/icyphy/ptII/ptolemy/actor/lib/test/auto/funcApplyInExpr.xml
----------------- Instantiating /home/travis/build/icyphy/ptII/ptolemy/actor/lib/test/auto/funcApplyInExpr.xml
1 ms. Memory: 427008K Free: 308360K (72%)
----------------- Invoking toplevel() on ptolemy.moml.MoMLSimpleApplication@6ab36872
----------------- Done invoking toplevel() on ptolemy.moml.MoMLSimpleApplication@6ab36872
reloadAllAccessors: .funcApplyInExpr

===========================================================================================
----------------- testing Mon Oct 21 06:12:35 UTC 2019 /home/travis/build/icyphy/ptII/ptolemy/actor/lib/test/auto/function.xml
----------------- Instantiating /home/travis/build/icyphy/ptII/ptolemy/actor/lib/test/auto/function.xml
8 ms. Memory: 427008K Free: 303240K (71%)
----------------- Invoking toplevel() on ptolemy.moml.MoMLSimpleApplication@57b9988b
----------------- Done invoking toplevel() on ptolemy.moml.MoMLSimpleApplication@57b9988b
reloadAllAccessors: .function

===========================================================================================
----------------- testing Mon Oct 21 06:12:35 UTC 2019 /home/travis/build/icyphy/ptII/ptolemy/actor/lib/test/auto/function2.xml
----------------- Instantiating /home/travis/build/icyphy/ptII/ptolemy/actor/lib/test/auto/function2.xml
1 ms. Memory: 427008K Free: 298634K (70%)
----------------- Invoking toplevel() on ptolemy.moml.MoMLSimpleApplication@7370e281
----------------- Done invoking toplevel() on ptolemy.moml.MoMLSimpleApplication@7370e281
reloadAllAccessors: .function2

===========================================================================================
----------------- testing Mon Oct 21 06:12:35 UTC 2019 /home/travis/build/icyphy/ptII/ptolemy/actor/lib/test/auto/function3.xml
----------------- Instantiating /home/travis/build/icyphy/ptII/ptolemy/actor/lib/test/auto/function3.xml
2 ms. Memory: 427008K Free: 295048K (69%)
----------------- Invoking toplevel() on ptolemy.moml.MoMLSimpleApplication@5657eacf
----------------- Done invoking toplevel() on ptolemy.moml.MoMLSimpleApplication@5657eacf
reloadAllAccessors: .function3

===========================================================================================
----------------- testing Mon Oct 21 06:12:35 UTC 2019 /home/travis/build/icyphy/ptII/ptolemy/actor/lib/test/auto/functionClosureTest1.xml
----------------- Instantiating /home/travis/build/icyphy/ptII/ptolemy/actor/lib/test/auto/functionClosureTest1.xml
2 ms. Memory: 427008K Free: 288904K (68%)
----------------- Invoking toplevel() on ptolemy.moml.MoMLSimpleApplication@7e9d8aa6
----------------- Done invoking toplevel() on ptolemy.moml.MoMLSimpleApplication@7e9d8aa6
reloadAllAccessors: .functionClosureTest1

===========================================================================================
----------------- testing Mon Oct 21 06:12:35 UTC 2019 /home/travis/build/icyphy/ptII/ptolemy/actor/lib/test/auto/functionClosureTest2.xml
----------------- Instantiating /home/travis/build/icyphy/ptII/ptolemy/actor/lib/test/auto/functionClosureTest2.xml
1 ms. Memory: 427008K Free: 285322K (67%)
----------------- Invoking toplevel() on ptolemy.moml.MoMLSimpleApplication@1f470b2a
----------------- Done invoking toplevel() on ptolemy.moml.MoMLSimpleApplication@1f470b2a
reloadAllAccessors: .functionClosureTest2

===========================================================================================
----------------- testing Mon Oct 21 06:12:35 UTC 2019 /home/travis/build/icyphy/ptII/ptolemy/actor/lib/test/auto/functionClosureTest3.xml
----------------- Instantiating /home/travis/build/icyphy/ptII/ptolemy/actor/lib/test/auto/functionClosureTest3.xml
2 ms. Memory: 427008K Free: 279674K (65%)
----------------- Invoking toplevel() on ptolemy.moml.MoMLSimpleApplication@1fb4d9a
----------------- Done invoking toplevel() on ptolemy.moml.MoMLSimpleApplication@1fb4d9a
reloadAllAccessors: .functionClosureTest3

===========================================================================================
----------------- testing Mon Oct 21 06:12:35 UTC 2019 /home/travis/build/icyphy/ptII/ptolemy/actor/lib/test/auto/functionClosureTest4.xml
----------------- Instantiating /home/travis/build/icyphy/ptII/ptolemy/actor/lib/test/auto/functionClosureTest4.xml
4 ms. Memory: 427008K Free: 273544K (64%)
----------------- Invoking toplevel() on ptolemy.moml.MoMLSimpleApplication@71ba7acc
----------------- Done invoking toplevel() on ptolemy.moml.MoMLSimpleApplication@71ba7acc
reloadAllAccessors: .functionClosureTest4

===========================================================================================
----------------- testing Mon Oct 21 06:12:35 UTC 2019 /home/travis/build/icyphy/ptII/ptolemy/actor/lib/test/auto/functionClosureTest5.xml
----------------- Instantiating /home/travis/build/icyphy/ptII/ptolemy/actor/lib/test/auto/functionClosureTest5.xml
4 ms. Memory: 427008K Free: 267914K (63%)
----------------- Invoking toplevel() on ptolemy.moml.MoMLSimpleApplication@35e28154
----------------- Done invoking toplevel() on ptolemy.moml.MoMLSimpleApplication@35e28154
reloadAllAccessors: .functionClosureTest5

===========================================================================================
----------------- testing Mon Oct 21 06:12:35 UTC 2019 /home/travis/build/icyphy/ptII/ptolemy/actor/lib/test/auto/functionClosureTest6.xml
----------------- Instantiating /home/travis/build/icyphy/ptII/ptolemy/actor/lib/test/auto/functionClosureTest6.xml
2 ms. Memory: 427008K Free: 263298K (62%)
----------------- Invoking toplevel() on ptolemy.moml.MoMLSimpleApplication@3653d5c9
----------------- Done invoking toplevel() on ptolemy.moml.MoMLSimpleApplication@3653d5c9
reloadAllAccessors: .functionClosureTest6

===========================================================================================
----------------- testing Mon Oct 21 06:12:35 UTC 2019 /home/travis/build/icyphy/ptII/ptolemy/actor/lib/test/auto/functionsOnArcs.xml
----------------- Instantiating /home/travis/build/icyphy/ptII/ptolemy/actor/lib/test/auto/functionsOnArcs.xml
5 ms. Memory: 427008K Free: 257674K (60%)
----------------- Invoking toplevel() on ptolemy.moml.MoMLSimpleApplication@311105b2
----------------- Done invoking toplevel() on ptolemy.moml.MoMLSimpleApplication@311105b2
reloadAllAccessors: .functionsOnArcs

===========================================================================================
----------------- testing Mon Oct 21 06:12:35 UTC 2019 /home/travis/build/icyphy/ptII/ptolemy/actor/lib/test/auto/functionsOnArcsHOF.xml
----------------- Instantiating /home/travis/build/icyphy/ptII/ptolemy/actor/lib/test/auto/functionsOnArcsHOF.xml
4 ms. Memory: 427008K Free: 252040K (59%)
----------------- Invoking toplevel() on ptolemy.moml.MoMLSimpleApplication@40ea63c0
----------------- Done invoking toplevel() on ptolemy.moml.MoMLSimpleApplication@40ea63c0
reloadAllAccessors: .functionsOnArcsHOF

===========================================================================================
----------------- testing Mon Oct 21 06:12:35 UTC 2019 /home/travis/build/icyphy/ptII/ptolemy/actor/lib/test/auto/logic.xml
----------------- Instantiating /home/travis/build/icyphy/ptII/ptolemy/actor/lib/test/auto/logic.xml
2 ms. Memory: 427008K Free: 244362K (57%)
----------------- Invoking toplevel() on ptolemy.moml.MoMLSimpleApplication@31d16e2b
----------------- Done invoking toplevel() on ptolemy.moml.MoMLSimpleApplication@31d16e2b
reloadAllAccessors: .logic

===========================================================================================
----------------- testing Mon Oct 21 06:12:35 UTC 2019 /home/travis/build/icyphy/ptII/ptolemy/actor/lib/test/auto/matrixType.xml
----------------- Instantiating /home/travis/build/icyphy/ptII/ptolemy/actor/lib/test/auto/matrixType.xml
1 ms. Memory: 427008K Free: 239752K (56%)
----------------- Invoking toplevel() on ptolemy.moml.MoMLSimpleApplication@2eed0c2b
----------------- Done invoking toplevel() on ptolemy.moml.MoMLSimpleApplication@2eed0c2b
reloadAllAccessors: .matrixType

===========================================================================================
----------------- testing Mon Oct 21 06:12:35 UTC 2019 /home/travis/build/icyphy/ptII/ptolemy/actor/lib/test/auto/matrixType10.xml
----------------- Instantiating /home/travis/build/icyphy/ptII/ptolemy/actor/lib/test/auto/matrixType10.xml
2 ms. Memory: 427008K Free: 234632K (55%)
----------------- Invoking toplevel() on ptolemy.moml.MoMLSimpleApplication@34bb3208
----------------- Done invoking toplevel() on ptolemy.moml.MoMLSimpleApplication@34bb3208
reloadAllAccessors: .matrixType10

===========================================================================================
----------------- testing Mon Oct 21 06:12:35 UTC 2019 /home/travis/build/icyphy/ptII/ptolemy/actor/lib/test/auto/matrixType11.xml
----------------- Instantiating /home/travis/build/icyphy/ptII/ptolemy/actor/lib/test/auto/matrixType11.xml
1 ms. Memory: 427008K Free: 230026K (54%)
----------------- Invoking toplevel() on ptolemy.moml.MoMLSimpleApplication@7d7e6403
----------------- Done invoking toplevel() on ptolemy.moml.MoMLSimpleApplication@7d7e6403
reloadAllAccessors: .matrixType11

===========================================================================================
----------------- testing Mon Oct 21 06:12:35 UTC 2019 /home/travis/build/icyphy/ptII/ptolemy/actor/lib/test/auto/matrixType12.xml
----------------- Instantiating /home/travis/build/icyphy/ptII/ptolemy/actor/lib/test/auto/matrixType12.xml
1 ms. Memory: 427008K Free: 224906K (53%)
----------------- Invoking toplevel() on ptolemy.moml.MoMLSimpleApplication@662924b8
----------------- Done invoking toplevel() on ptolemy.moml.MoMLSimpleApplication@662924b8
reloadAllAccessors: .matrixType12

===========================================================================================
----------------- testing Mon Oct 21 06:12:35 UTC 2019 /home/travis/build/icyphy/ptII/ptolemy/actor/lib/test/auto/matrixType13.xml
----------------- Instantiating /home/travis/build/icyphy/ptII/ptolemy/actor/lib/test/auto/matrixType13.xml
2 ms. Memory: 427008K Free: 220296K (52%)
----------------- Invoking toplevel() on ptolemy.moml.MoMLSimpleApplication@18bf2740
----------------- Done invoking toplevel() on ptolemy.moml.MoMLSimpleApplication@18bf2740
reloadAllAccessors: .matrixType13

===========================================================================================
----------------- testing Mon Oct 21 06:12:35 UTC 2019 /home/travis/build/icyphy/ptII/ptolemy/actor/lib/test/auto/matrixType14.xml
----------------- Instantiating /home/travis/build/icyphy/ptII/ptolemy/actor/lib/test/auto/matrixType14.xml
1 ms. Memory: 427008K Free: 215176K (50%)
----------------- Invoking toplevel() on ptolemy.moml.MoMLSimpleApplication@2b3ad9f3
----------------- Done invoking toplevel() on ptolemy.moml.MoMLSimpleApplication@2b3ad9f3
reloadAllAccessors: .matrixType14

===========================================================================================
----------------- testing Mon Oct 21 06:12:35 UTC 2019 /home/travis/build/icyphy/ptII/ptolemy/actor/lib/test/auto/matrixType2.xml
----------------- Instantiating /home/travis/build/icyphy/ptII/ptolemy/actor/lib/test/auto/matrixType2.xml
1 ms. Memory: 427008K Free: 210056K (49%)
----------------- Invoking toplevel() on ptolemy.moml.MoMLSimpleApplication@417469e8
----------------- Done invoking toplevel() on ptolemy.moml.MoMLSimpleApplication@417469e8
reloadAllAccessors: .matrixType2

===========================================================================================
----------------- testing Mon Oct 21 06:12:35 UTC 2019 /home/travis/build/icyphy/ptII/ptolemy/actor/lib/test/auto/matrixType3.xml
----------------- Instantiating /home/travis/build/icyphy/ptII/ptolemy/actor/lib/test/auto/matrixType3.xml
4 ms. Memory: 427008K Free: 204936K (48%)
----------------- Invoking toplevel() on ptolemy.moml.MoMLSimpleApplication@5f691da0
----------------- Done invoking toplevel() on ptolemy.moml.MoMLSimpleApplication@5f691da0
reloadAllAccessors: .matrixType3

===========================================================================================
----------------- testing Mon Oct 21 06:12:35 UTC 2019 /home/travis/build/icyphy/ptII/ptolemy/actor/lib/test/auto/matrixType4.xml
----------------- Instantiating /home/travis/build/icyphy/ptII/ptolemy/actor/lib/test/auto/matrixType4.xml
2 ms. Memory: 427008K Free: 200330K (47%)
----------------- Invoking toplevel() on ptolemy.moml.MoMLSimpleApplication@1e6d4455
----------------- Done invoking toplevel() on ptolemy.moml.MoMLSimpleApplication@1e6d4455
reloadAllAccessors: .matrixType4

===========================================================================================
----------------- testing Mon Oct 21 06:12:35 UTC 2019 /home/travis/build/icyphy/ptII/ptolemy/actor/lib/test/auto/matrixType5.xml
----------------- Instantiating /home/travis/build/icyphy/ptII/ptolemy/actor/lib/test/auto/matrixType5.xml
2 ms. Memory: 427008K Free: 195210K (46%)
----------------- Invoking toplevel() on ptolemy.moml.MoMLSimpleApplication@1c2c20aa
----------------- Done invoking toplevel() on ptolemy.moml.MoMLSimpleApplication@1c2c20aa
reloadAllAccessors: .matrixType5

===========================================================================================
----------------- testing Mon Oct 21 06:12:35 UTC 2019 /home/travis/build/icyphy/ptII/ptolemy/actor/lib/test/auto/matrixType6.xml
----------------- Instantiating /home/travis/build/icyphy/ptII/ptolemy/actor/lib/test/auto/matrixType6.xml
2 ms. Memory: 427008K Free: 190600K (45%)
----------------- Invoking toplevel() on ptolemy.moml.MoMLSimpleApplication@1ed9adba
----------------- Done invoking toplevel() on ptolemy.moml.MoMLSimpleApplication@1ed9adba
reloadAllAccessors: .matrixType6

===========================================================================================
----------------- testing Mon Oct 21 06:12:35 UTC 2019 /home/travis/build/icyphy/ptII/ptolemy/actor/lib/test/auto/matrixType7.xml
----------------- Instantiating /home/travis/build/icyphy/ptII/ptolemy/actor/lib/test/auto/matrixType7.xml
1 ms. Memory: 427008K Free: 185480K (43%)
----------------- Invoking toplevel() on ptolemy.moml.MoMLSimpleApplication@5b361a5a
----------------- Done invoking toplevel() on ptolemy.moml.MoMLSimpleApplication@5b361a5a
reloadAllAccessors: .matrixType7

===========================================================================================
----------------- testing Mon Oct 21 06:12:35 UTC 2019 /home/travis/build/icyphy/ptII/ptolemy/actor/lib/test/auto/matrixType8.xml
----------------- Instantiating /home/travis/build/icyphy/ptII/ptolemy/actor/lib/test/auto/matrixType8.xml
2 ms. Memory: 427008K Free: 180874K (42%)
----------------- Invoking toplevel() on ptolemy.moml.MoMLSimpleApplication@6c9130a7
----------------- Done invoking toplevel() on ptolemy.moml.MoMLSimpleApplication@6c9130a7
reloadAllAccessors: .matrixType8

===========================================================================================
----------------- testing Mon Oct 21 06:12:35 UTC 2019 /home/travis/build/icyphy/ptII/ptolemy/actor/lib/test/auto/matrixType9.xml
----------------- Instantiating /home/travis/build/icyphy/ptII/ptolemy/actor/lib/test/auto/matrixType9.xml
1 ms. Memory: 427008K Free: 175754K (41%)
----------------- Invoking toplevel() on ptolemy.moml.MoMLSimpleApplication@217a172b
----------------- Done invoking toplevel() on ptolemy.moml.MoMLSimpleApplication@217a172b
reloadAllAccessors: .matrixType9

===========================================================================================
----------------- testing Mon Oct 21 06:12:35 UTC 2019 /home/travis/build/icyphy/ptII/ptolemy/actor/lib/test/auto/paraFunctest.xml
----------------- Instantiating /home/travis/build/icyphy/ptII/ptolemy/actor/lib/test/auto/paraFunctest.xml
1 ms. Memory: 427008K Free: 172168K (40%)
----------------- Invoking toplevel() on ptolemy.moml.MoMLSimpleApplication@278563cd
----------------- Done invoking toplevel() on ptolemy.moml.MoMLSimpleApplication@278563cd
reloadAllAccessors: .paraFunctest

===========================================================================================
----------------- testing Mon Oct 21 06:12:35 UTC 2019 /home/travis/build/icyphy/ptII/ptolemy/actor/lib/test/auto/paraFunctest2.xml
----------------- Instantiating /home/travis/build/icyphy/ptII/ptolemy/actor/lib/test/auto/paraFunctest2.xml
2 ms. Memory: 427008K Free: 168072K (39%)
----------------- Invoking toplevel() on ptolemy.moml.MoMLSimpleApplication@67c07f20
----------------- Done invoking toplevel() on ptolemy.moml.MoMLSimpleApplication@67c07f20
reloadAllAccessors: .paraFunctest2

===========================================================================================
----------------- testing Mon Oct 21 06:12:35 UTC 2019 /home/travis/build/icyphy/ptII/ptolemy/actor/lib/test/auto/parameterPassing.xml
----------------- Instantiating /home/travis/build/icyphy/ptII/ptolemy/actor/lib/test/auto/parameterPassing.xml
1 ms. Memory: 427008K Free: 163976K (38%)
----------------- Invoking toplevel() on ptolemy.moml.MoMLSimpleApplication@279981b1
----------------- Done invoking toplevel() on ptolemy.moml.MoMLSimpleApplication@279981b1
reloadAllAccessors: .parameterPassing

===========================================================================================
----------------- testing Mon Oct 21 06:12:35 UTC 2019 /home/travis/build/icyphy/ptII/ptolemy/actor/lib/test/auto/record.xml
----------------- Instantiating /home/travis/build/icyphy/ptII/ptolemy/actor/lib/test/auto/record.xml
2 ms. Memory: 427008K Free: 158856K (37%)
----------------- Invoking toplevel() on ptolemy.moml.MoMLSimpleApplication@696d526c
----------------- Done invoking toplevel() on ptolemy.moml.MoMLSimpleApplication@696d526c
reloadAllAccessors: .record

===========================================================================================
----------------- testing Mon Oct 21 06:12:35 UTC 2019 /home/travis/build/icyphy/ptII/ptolemy/actor/lib/test/auto/sizedarray1.xml
----------------- Instantiating /home/travis/build/icyphy/ptII/ptolemy/actor/lib/test/auto/sizedarray1.xml
1 ms. Memory: 427008K Free: 153226K (36%)
----------------- Invoking toplevel() on ptolemy.moml.MoMLSimpleApplication@4f8182f5
----------------- Done invoking toplevel() on ptolemy.moml.MoMLSimpleApplication@4f8182f5
reloadAllAccessors: .sizedarray1

===========================================================================================
----------------- testing Mon Oct 21 06:12:35 UTC 2019 /home/travis/build/icyphy/ptII/ptolemy/actor/lib/test/auto/sizedarray2.xml
----------------- Instantiating /home/travis/build/icyphy/ptII/ptolemy/actor/lib/test/auto/sizedarray2.xml
2 ms. Memory: 427008K Free: 147592K (35%)
----------------- Invoking toplevel() on ptolemy.moml.MoMLSimpleApplication@1c82e6dd
----------------- Done invoking toplevel() on ptolemy.moml.MoMLSimpleApplication@1c82e6dd
reloadAllAccessors: .sizedarray2

===========================================================================================
----------------- testing Mon Oct 21 06:12:35 UTC 2019 /home/travis/build/icyphy/ptII/ptolemy/actor/lib/test/auto/twoPublishers.xml
----------------- Instantiating /home/travis/build/icyphy/ptII/ptolemy/actor/lib/test/auto/twoPublishers.xml
7 ms. Memory: 427008K Free: 136842K (32%)
----------------- Invoking toplevel() on ptolemy.moml.MoMLSimpleApplication@676f2fd0
----------------- Done invoking toplevel() on ptolemy.moml.MoMLSimpleApplication@676f2fd0
reloadAllAccessors: .twoPublishers
AutoTests.java: About to close Vertx.
AutoTests.java: Vertx closed.
]]></system-out>
  <system-err><![CDATA[java.lang.RuntimeException: Execution failed
	at ptolemy.moml.MoMLSimpleApplication$UnloadThread.run(MoMLSimpleApplication.java:402)
Caused by: java.lang.RuntimeException: StringUtilities.exit() was called. Normally, we would exit here because Manager.exitAfterWrapup() was called.  However, because the ptolemy.ptII.exitAfterWrapup property is set, we throw this exception instead.
	at ptolemy.util.StringUtilities.exit(StringUtilities.java:365)
	at ptolemy.actor.Manager.wrapup(Manager.java:1549)
	at ptolemy.actor.Manager.execute(Manager.java:407)
	at ptolemy.actor.Manager.run(Manager.java:1263)
	at ptolemy.actor.Manager$PtolemyRunThread.run(Manager.java:1933)
Warning: '.top.test' is in training mode, set the trainingMode parameter to false before checking in
Warning: '.top.test' is in training mode, set the trainingMode parameter to false before checking in
Warning: '.top.test' is in training mode, set the trainingMode parameter to false before checking in
Warning: '.BooleanSwitch_RegressionTest_WrongTrainingValues.Test' is in training mode, set the trainingMode parameter to false before checking in
Warning: '.BooleanSwitch_RegressionTest_WrongTrainingValues.Test2' is in training mode, set the trainingMode parameter to false before checking in
Warning: '.BooleanSwitch_RegressionTest_WrongTrainingValues.Test2' The test produced 0 tokens.
Warning: '.top.testExceptionHandler' is in training mode, set the trainingMode parameter to false before checking in
java.lang.RuntimeException: Execution failed
	at ptolemy.moml.MoMLSimpleApplication$UnloadThread.run(MoMLSimpleApplication.java:402)
Caused by: ptolemy.kernel.util.IllegalActionException: PublisherPorts cannot be used at the top level, use a Publisher actor instead.
  in .PublisherPortToplevelSubscriber.PublisherPort
	at ptolemy.actor.PublisherPort.preinitialize(PublisherPort.java:403)
	at ptolemy.actor.CompositeActor.preinitialize(CompositeActor.java:1769)
	at ptolemy.actor.Manager.preinitializeAndResolveTypes(Manager.java:1040)
	at ptolemy.actor.Manager.initialize(Manager.java:710)
	at ptolemy.actor.Manager.execute(Manager.java:356)
	at ptolemy.actor.Manager.run(Manager.java:1263)
	at ptolemy.actor.Manager$PtolemyRunThread.run(Manager.java:1933)
java.lang.reflect.InvocationTargetException
	at java.base/jdk.internal.reflect.NativeConstructorAccessorImpl.newInstance0(Native Method)
	at java.base/jdk.internal.reflect.NativeConstructorAccessorImpl.newInstance(NativeConstructorAccessorImpl.java:62)
	at java.base/jdk.internal.reflect.DelegatingConstructorAccessorImpl.newInstance(DelegatingConstructorAccessorImpl.java:45)
	at java.base/java.lang.reflect.Constructor.newInstance(Constructor.java:490)
	at ptolemy.util.test.junit.AutoKnownFailedTests.RunModel(AutoKnownFailedTests.java:105)
	at java.base/jdk.internal.reflect.NativeMethodAccessorImpl.invoke0(Native Method)
	at java.base/jdk.internal.reflect.NativeMethodAccessorImpl.invoke(NativeMethodAccessorImpl.java:62)
	at java.base/jdk.internal.reflect.DelegatingMethodAccessorImpl.invoke(DelegatingMethodAccessorImpl.java:43)
	at java.base/java.lang.reflect.Method.invoke(Method.java:566)
	at org.junit.runners.model.FrameworkMethod$1.runReflectiveCall(FrameworkMethod.java:44)
	at org.junit.internal.runners.model.ReflectiveCallable.run(ReflectiveCallable.java:15)
	at org.junit.runners.model.FrameworkMethod.invokeExplosively(FrameworkMethod.java:41)
	at junitparams.internal.InvokeParameterisedMethod.evaluate(InvokeParameterisedMethod.java:102)
	at org.junit.internal.runners.statements.FailOnTimeout$1.run(FailOnTimeout.java:28)
Caused by: ptolemy.kernel.util.IllegalActionException: PublisherPorts cannot be used at the top level, use a Publisher actor instead.
  in .PublisherPortToplevelSubscriber.PublisherPort
	at ptolemy.actor.PublisherPort.preinitialize(PublisherPort.java:403)
	at ptolemy.actor.CompositeActor.preinitialize(CompositeActor.java:1769)
	at ptolemy.actor.Manager.preinitializeAndResolveTypes(Manager.java:1040)
	at ptolemy.actor.Manager.initialize(Manager.java:710)
	at ptolemy.actor.Manager.execute(Manager.java:356)
	at ptolemy.actor.Manager.run(Manager.java:1263)
	at ptolemy.actor.Manager$PtolemyRunThread.run(Manager.java:1933)
java.lang.RuntimeException: Execution failed
	at ptolemy.moml.MoMLSimpleApplication$UnloadThread.run(MoMLSimpleApplication.java:402)
Caused by: ptolemy.kernel.util.IllegalActionException: SubscriberPorts cannot be used at the top level, use a Subscriber actor instead.
  in .PublisherSubscriberPortToplevel.SubscriberPort
	at ptolemy.actor.SubscriberPort.preinitialize(SubscriberPort.java:328)
	at ptolemy.actor.CompositeActor.preinitialize(CompositeActor.java:1769)
	at ptolemy.actor.Manager.preinitializeAndResolveTypes(Manager.java:1040)
	at ptolemy.actor.Manager.initialize(Manager.java:710)
	at ptolemy.actor.Manager.execute(Manager.java:356)
	at ptolemy.actor.Manager.run(Manager.java:1263)
	at ptolemy.actor.Manager$PtolemyRunThread.run(Manager.java:1933)
java.lang.reflect.InvocationTargetException
	at java.base/jdk.internal.reflect.NativeConstructorAccessorImpl.newInstance0(Native Method)
	at java.base/jdk.internal.reflect.NativeConstructorAccessorImpl.newInstance(NativeConstructorAccessorImpl.java:62)
	at java.base/jdk.internal.reflect.DelegatingConstructorAccessorImpl.newInstance(DelegatingConstructorAccessorImpl.java:45)
	at java.base/java.lang.reflect.Constructor.newInstance(Constructor.java:490)
	at ptolemy.util.test.junit.AutoKnownFailedTests.RunModel(AutoKnownFailedTests.java:105)
	at java.base/jdk.internal.reflect.NativeMethodAccessorImpl.invoke0(Native Method)
	at java.base/jdk.internal.reflect.NativeMethodAccessorImpl.invoke(NativeMethodAccessorImpl.java:62)
	at java.base/jdk.internal.reflect.DelegatingMethodAccessorImpl.invoke(DelegatingMethodAccessorImpl.java:43)
	at java.base/java.lang.reflect.Method.invoke(Method.java:566)
	at org.junit.runners.model.FrameworkMethod$1.runReflectiveCall(FrameworkMethod.java:44)
	at org.junit.internal.runners.model.ReflectiveCallable.run(ReflectiveCallable.java:15)
	at org.junit.runners.model.FrameworkMethod.invokeExplosively(FrameworkMethod.java:41)
	at junitparams.internal.InvokeParameterisedMethod.evaluate(InvokeParameterisedMethod.java:102)
	at org.junit.internal.runners.statements.FailOnTimeout$1.run(FailOnTimeout.java:28)
Caused by: ptolemy.kernel.util.IllegalActionException: SubscriberPorts cannot be used at the top level, use a Subscriber actor instead.
  in .PublisherSubscriberPortToplevel.SubscriberPort
	at ptolemy.actor.SubscriberPort.preinitialize(SubscriberPort.java:328)
	at ptolemy.actor.CompositeActor.preinitialize(CompositeActor.java:1769)
	at ptolemy.actor.Manager.preinitializeAndResolveTypes(Manager.java:1040)
	at ptolemy.actor.Manager.initialize(Manager.java:710)
	at ptolemy.actor.Manager.execute(Manager.java:356)
	at ptolemy.actor.Manager.run(Manager.java:1263)
	at ptolemy.actor.Manager$PtolemyRunThread.run(Manager.java:1933)
java.lang.RuntimeException: Execution failed
	at ptolemy.moml.MoMLSimpleApplication$UnloadThread.run(MoMLSimpleApplication.java:402)
Caused by: ptolemy.kernel.util.IllegalActionException: SubscriptionAggregatorPorts cannot be used at the top level, use a SubscriptionAggregator actor instead.
  in .PublisherSubscriptionAggregatorPort.SubscriptionAggregatorPort
	at ptolemy.actor.SubscriptionAggregatorPort.preinitialize(SubscriptionAggregatorPort.java:353)
	at ptolemy.actor.CompositeActor.preinitialize(CompositeActor.java:1769)
	at ptolemy.actor.Manager.preinitializeAndResolveTypes(Manager.java:1040)
	at ptolemy.actor.Manager.initialize(Manager.java:710)
	at ptolemy.actor.Manager.execute(Manager.java:356)
	at ptolemy.actor.Manager.run(Manager.java:1263)
	at ptolemy.actor.Manager$PtolemyRunThread.run(Manager.java:1933)
java.lang.reflect.InvocationTargetException
	at java.base/jdk.internal.reflect.NativeConstructorAccessorImpl.newInstance0(Native Method)
	at java.base/jdk.internal.reflect.NativeConstructorAccessorImpl.newInstance(NativeConstructorAccessorImpl.java:62)
	at java.base/jdk.internal.reflect.DelegatingConstructorAccessorImpl.newInstance(DelegatingConstructorAccessorImpl.java:45)
	at java.base/java.lang.reflect.Constructor.newInstance(Constructor.java:490)
	at ptolemy.util.test.junit.AutoKnownFailedTests.RunModel(AutoKnownFailedTests.java:105)
	at java.base/jdk.internal.reflect.NativeMethodAccessorImpl.invoke0(Native Method)
	at java.base/jdk.internal.reflect.NativeMethodAccessorImpl.invoke(NativeMethodAccessorImpl.java:62)
	at java.base/jdk.internal.reflect.DelegatingMethodAccessorImpl.invoke(DelegatingMethodAccessorImpl.java:43)
	at java.base/java.lang.reflect.Method.invoke(Method.java:566)
	at org.junit.runners.model.FrameworkMethod$1.runReflectiveCall(FrameworkMethod.java:44)
	at org.junit.internal.runners.model.ReflectiveCallable.run(ReflectiveCallable.java:15)
	at org.junit.runners.model.FrameworkMethod.invokeExplosively(FrameworkMethod.java:41)
	at junitparams.internal.InvokeParameterisedMethod.evaluate(InvokeParameterisedMethod.java:102)
	at org.junit.internal.runners.statements.FailOnTimeout$1.run(FailOnTimeout.java:28)
Caused by: ptolemy.kernel.util.IllegalActionException: SubscriptionAggregatorPorts cannot be used at the top level, use a SubscriptionAggregator actor instead.
  in .PublisherSubscriptionAggregatorPort.SubscriptionAggregatorPort
	at ptolemy.actor.SubscriptionAggregatorPort.preinitialize(SubscriptionAggregatorPort.java:353)
	at ptolemy.actor.CompositeActor.preinitialize(CompositeActor.java:1769)
	at ptolemy.actor.Manager.preinitializeAndResolveTypes(Manager.java:1040)
	at ptolemy.actor.Manager.initialize(Manager.java:710)
	at ptolemy.actor.Manager.execute(Manager.java:356)
	at ptolemy.actor.Manager.run(Manager.java:1263)
	at ptolemy.actor.Manager$PtolemyRunThread.run(Manager.java:1933)
java.lang.RuntimeException: Execution failed
	at ptolemy.moml.MoMLSimpleApplication$UnloadThread.run(MoMLSimpleApplication.java:402)
Caused by: ptolemy.kernel.util.IllegalActionException: TypeTest actor has no training data.
  in .sizedarray3.TypeTest
	at ptolemy.actor.lib.TypeTest.initialize(TypeTest.java:250)
	at ptolemy.actor.Director.initialize(Director.java:938)
	at ptolemy.actor.Director.initialize(Director.java:907)
	at ptolemy.actor.sched.StaticSchedulingDirector.initialize(StaticSchedulingDirector.java:159)
	at ptolemy.domains.sdf.kernel.SDFDirector.initialize(SDFDirector.java:544)
	at ptolemy.actor.CompositeActor.initialize(CompositeActor.java:935)
	at ptolemy.actor.Manager.initialize(Manager.java:724)
	at ptolemy.actor.Manager.execute(Manager.java:356)
	at ptolemy.actor.Manager.run(Manager.java:1263)
	at ptolemy.actor.Manager$PtolemyRunThread.run(Manager.java:1933)
java.lang.reflect.InvocationTargetException
	at java.base/jdk.internal.reflect.NativeConstructorAccessorImpl.newInstance0(Native Method)
	at java.base/jdk.internal.reflect.NativeConstructorAccessorImpl.newInstance(NativeConstructorAccessorImpl.java:62)
	at java.base/jdk.internal.reflect.DelegatingConstructorAccessorImpl.newInstance(DelegatingConstructorAccessorImpl.java:45)
	at java.base/java.lang.reflect.Constructor.newInstance(Constructor.java:490)
	at ptolemy.util.test.junit.AutoKnownFailedTests.RunModel(AutoKnownFailedTests.java:105)
	at java.base/jdk.internal.reflect.NativeMethodAccessorImpl.invoke0(Native Method)
	at java.base/jdk.internal.reflect.NativeMethodAccessorImpl.invoke(NativeMethodAccessorImpl.java:62)
	at java.base/jdk.internal.reflect.DelegatingMethodAccessorImpl.invoke(DelegatingMethodAccessorImpl.java:43)
	at java.base/java.lang.reflect.Method.invoke(Method.java:566)
	at org.junit.runners.model.FrameworkMethod$1.runReflectiveCall(FrameworkMethod.java:44)
	at org.junit.internal.runners.model.ReflectiveCallable.run(ReflectiveCallable.java:15)
	at org.junit.runners.model.FrameworkMethod.invokeExplosively(FrameworkMethod.java:41)
	at junitparams.internal.InvokeParameterisedMethod.evaluate(InvokeParameterisedMethod.java:102)
	at org.junit.internal.runners.statements.FailOnTimeout$1.run(FailOnTimeout.java:28)
Caused by: ptolemy.kernel.util.IllegalActionException: TypeTest actor has no training data.
  in .sizedarray3.TypeTest
	at ptolemy.actor.lib.TypeTest.initialize(TypeTest.java:250)
	at ptolemy.actor.Director.initialize(Director.java:938)
	at ptolemy.actor.Director.initialize(Director.java:907)
	at ptolemy.actor.sched.StaticSchedulingDirector.initialize(StaticSchedulingDirector.java:159)
	at ptolemy.domains.sdf.kernel.SDFDirector.initialize(SDFDirector.java:544)
	at ptolemy.actor.CompositeActor.initialize(CompositeActor.java:935)
	at ptolemy.actor.Manager.initialize(Manager.java:724)
	at ptolemy.actor.Manager.execute(Manager.java:356)
	at ptolemy.actor.Manager.run(Manager.java:1263)
	at ptolemy.actor.Manager$PtolemyRunThread.run(Manager.java:1933)
]]></system-err>
</testsuite>
