<?xml version="1.0" encoding="UTF-8" ?>
<testsuite errors="0" failures="0" hostname="travis-job-ab510610-999c-4f55-9f87-5b8875fa4a48" name="ptolemy.domains.de.lib.test.junit.JUnitTclTest" skipped="0" tests="52" time="3.478" timestamp="2020-01-04T22:21:15">
  <properties>
    <property name="npm.executable" value="npm" />
    <property name="env.TRAVIS_ROOT" value="/" />
    <property name="ptII.mk.exists" value="true" />
    <property name="env.TRAVIS_APP_HOST" value="build.travis-ci.org" />
    <property name="env.rvm_bin_path" value="/home/travis/.rvm/bin" />
    <property name="java.home" value="/usr/local/lib/jvm/openjdk11" />
    <property name="env.TRAVIS_JOB_NUMBER" value="1455.9" />
    <property name="env.TRAVIS_HOME" value="/home/travis" />
    <property name="env.DISPLAY" value=":99.0" />
    <property name="env.TRAVIS_INIT" value="systemd" />
    <property name="env.SSH_TTY" value="/dev/pts/0" />
    <property name="java.net.preferIPv4Stack" value="true" />
    <property name="env.RUN_TESTS" value="true" />
    <property name="timeout.short" value="1000000" />
    <property name="junit.formatter" value="xml" />
    <property name="env.TRAVIS_SUDO" value="true" />
    <property name="env.TRAVIS_JOB_NAME" value="" />
    <property name="env.TRAVIS_STACK_NODE_ATTRIBUTES" value="/.node-attributes.yml" />
    <property name="env.LOGNAME" value="travis" />
    <property name="jsdoc.home" value="node_modules/@terraswarm/jsdoc" />
    <property name="debuglevel" value="source,lines,vars" />
    <property name="checkstyle.formatter" value="xml" />
    <property name="env._system_version" value="16.04" />
    <property name="bin.vergil.makeable" value="true" />
    <property name="sun.os.patch.level" value="unknown" />
    <property name="java.vendor.url" value="http://java.oracle.com/" />
    <property name="env.TRAVIS_BUILD_WEB_URL" value="https://travis-ci.org/icyphy/ptII/builds/632762646" />
    <property name="java.version" value="11.0.2" />
    <property name="env.TZ" value="UTC" />
    <property name="env.TRAVIS_PULL_REQUEST_SHA" value="" />
    <property name="env.PT_NO_NET" value="true" />
    <property name="env.TRAVIS_SECURE_ENV_VARS" value="true" />
    <property name="env._system_type" value="Linux" />
    <property name="java.vendor.url.bug" value="http://bugreport.java.com/bugreport/" />
    <property name="npmjs-org-is-up" value="true" />
    <property name="env.LANGUAGE" value="en_US.UTF-8" />
    <property name="env.SSH_CLIENT" value="10.44.1.63 43162 22" />
    <property name="env.GEM_HOME" value="/home/travis/.rvm/gems/ruby-2.5.3" />
    <property name="env.HAS_ANTARES_THREE_LITTLE_FRONZIES_BADGE" value="true" />
    <property name="java.version.date" value="2019-01-15" />
    <property name="env.PS4" value="+" />
    <property name="ant.project.invoked-targets" value="build,test.core2.xml" />
    <property name="env.TRAVIS_PULL_REQUEST_BRANCH" value="" />
    <property name="env.TRAVIS_REPO_SLUG" value="icyphy/ptII" />
    <property name="env.XDG_DATA_DIRS" value="/usr/local/share:/usr/share:/var/lib/snapd/desktop" />
    <property name="jdk.debug" value="release" />
    <property name="env.TRAVIS_APT_PROXY" value="http://build-cache.travisci.net" />
    <property name="env.TRAVIS_CPU_ARCH" value="amd64" />
    <property name="node.in.path" value="true" />
    <property name="user.name" value="travis" />
    <property name="java.maxmemory" value="1400m" />
    <property name="env.RUBY_VERSION" value="ruby-2.5.3" />
    <property name="env.LANG" value="en_US.UTF-8" />
    <property name="sun.io.unicode.encoding" value="UnicodeLittle" />
    <property name="sun.jnu.encoding" value="UTF-8" />
    <property name="java.runtime.name" value="OpenJDK Runtime Environment" />
    <property name="usefile" value="false" />
    <property name="return.code" value="0" />
    <property name="junit.single.formatter" value="plain" />
    <property name="env.DYLD_LIBRARY_PATH" value="/home/travis/pthla/certi-tools/lib:" />
    <property name="env.DEBIAN_FRONTEND" value="noninteractive" />
    <property name="env.SSH_CONNECTION" value="10.44.1.63 43162 10.20.0.3 22" />
    <property name="env.MYSQL_UNIX_PORT" value="/var/run/mysqld/mysqld.sock" />
    <property name="env.LC_ALL" value="en_US.UTF-8" />
    <property name="env.TRAVIS_ALLOW_FAILURE" value="false" />
    <property name="env.TRAVIS_JOB_WEB_URL" value="https://travis-ci.org/icyphy/ptII/jobs/632762655" />
    <property name="java.specification.name" value="Java Platform API Specification" />
    <property name="node.works" value="true" />
    <property name="user.timezone" value="" />
    <property name="path.separator" value=":" />
    <property name="env.TRAVIS_ENABLE_INFRA_DETECTION" value="true" />
    <property name="env.PYTHON_CFLAGS" value="-g -fstack-protector --param=ssp-buffer-size=4 -Wformat -Werror=format-security" />
    <property name="timeout.long" value="4000000" />
    <property name="env.CERTI_HOME" value="/home/travis/pthla/certi-tools" />
    <property name="ant.file.ptII" value="/home/travis/build/icyphy/ptII/build.xml" />
    <property name="javadoc.packagenames" value="com.*,diva.*,lbnl.*,org.hlacerti.*,org.json.*,org.ptolemy.*,org.terraswarm.*,ptolemy.*,ptserver.*" />
    <property name="file.encoding" value="UTF-8" />
    <property name="env.TRAVIS_PULL_REQUEST_SLUG" value="" />
    <property name="ant.project.default-target" value="build" />
    <property name="env.GIT_ASKPASS" value="echo" />
    <property name="env.HOME" value="/home/travis" />
    <property name="sun.java.command" value="org.apache.tools.ant.taskdefs.optional.junit.JUnitTestRunner ptolemy.domains.de.lib.test.junit.JUnitTclTest skipNonTests=false filtertrace=true haltOnError=false haltOnFailure=false formatter=org.apache.tools.ant.taskdefs.optional.junit.OutErrSummaryJUnitResultFormatter showoutput=true outputtoformatters=true logfailedtests=true threadid=0 logtestlistenerevents=false formatter=org.apache.tools.ant.taskdefs.optional.junit.XMLJUnitResultFormatter,/home/travis/build/icyphy/ptII/reports/junit/TEST-ptolemy.domains.de.lib.test.junit.JUnitTclTest.xml crashfile=/home/travis/build/icyphy/ptII/junitvmwatcher3936950716205756098.properties propsfile=/home/travis/build/icyphy/ptII/junit8125743101569358540.properties" />
    <property name="env.COMPOSER_NO_INTERACTION" value="1" />
    <property name="env.MANPATH" value="/home/travis/.nvm/versions/node/v7.10.1/share/man:/home/travis/.rvm/rubies/ruby-2.5.3/share/man:/usr/local/cmake-3.12.4/man:/usr/local/clang-7.0.0/share/man:/usr/local/man:/usr/local/share/man:/usr/share/man:/home/travis/.rvm/man" />
    <property name="env.TRAVIS_TIMER_ID" value="0fd3239f" />
    <property name="ant.file" value="/home/travis/build/icyphy/ptII/build.xml" />
    <property name="env.TRAVIS_COMMIT_RANGE" value="890f7d9fe666...306228930c82" />
    <property name="env._system_name" value="Ubuntu" />
    <property name="ptII.classpath.optional.property" value="/home/travis/build/icyphy/ptII/lib/bsh-2.0b4.jar:/home/travis/build/icyphy/ptII/lib/ptCal.jar:/home/travis/build/icyphy/ptII/lib/java_cup.jar:/home/travis/build/icyphy/ptII/lib/saxon8.jar:/home/travis/build/icyphy/ptII/lib/saxon8-dom.jar:/home/travis/build/icyphy/ptII/lib/chic.jar:/home/travis/build/icyphy/ptII/lib/ptcolt.jar:/home/travis/build/icyphy/ptII/vendors/misc/itext/iText.jar:/home/travis/build/icyphy/ptII/lib/g4ltl.jar:/home/travis/build/icyphy/ptII/lib/StructuralCoder.jar:/home/travis/build/icyphy/ptII/lib/jcerti.jar:/home/travis/build/icyphy/ptII/lib/javax.mail.jar:/home/travis/build/icyphy/ptII/vendors/JMF-2.1.1e/lib/jmf.jar:/home/travis/build/icyphy/ptII/lib/jna-4.0.0-variadic.jar:/home/travis/build/icyphy/ptII/vendors/misc/joystick/Joystick.jar:/home/travis/build/icyphy/ptII/lib/ptjacl.jar:/home/travis/build/icyphy/ptII/lib/jsoup-1.8.2.jar:/home/travis/build/icyphy/ptII/lib/junit-4.8.2.jar:/home/travis/build/icyphy/ptII/lib/JUnitParams-0.4.0.jar:/home/travis/build/icyphy/ptII/ptolemy/actor/lib/excel/jxl.jar:/home/travis/build/icyphy/ptII/lib/jython.jar:/home/travis/build/icyphy/ptII/lib/kieler.jar:/home/travis/build/icyphy/ptII/vendors/opencv/share/OpenCV/java/opencv-341.jar:/home/travis/build/icyphy/ptII/lib/oscP5.jar:/home/travis/build/icyphy/ptII/lib/nrjavaserial-3.11.0.devel.jar:/home/travis/build/icyphy/ptII/vendors/j3d/lib/Linux/j3dcore.jar:/home/travis/build/icyphy/ptII/vendors/j3d/lib/Linux/j3dutils.jar:/home/travis/build/icyphy/ptII/vendors/j3d/lib/Linux/vecmath.jar:/home/travis/build/icyphy/ptII/vendors/jogl/lib/Linux/gluegen-rt-natives-linux-amd64.jar:/home/travis/build/icyphy/ptII/vendors/jogl/lib/Linux/gluegen-rt.jar:/home/travis/build/icyphy/ptII/vendors/jogl/lib/Linux/jogl-all-natives-linux-amd64.jar:/home/travis/build/icyphy/ptII/vendors/jogl/lib/Linux/jogl-all.jar:/home/travis/build/icyphy/ptII/ptolemy/distributed/jini/jar/jini-core.jar:/home/travis/build/icyphy/ptII/ptolemy/distributed/jini/jar/jini-ext.jar:/home/travis/build/icyphy/ptII/ptolemy/distributed/jini/jar/sun-util.jar:/home/travis/build/icyphy/ptII/lib/protobuf-java-2.4.1.jar:/home/travis/build/icyphy/ptII/lib/org.eclipse.paho.client.mqttv3.jar:/home/travis/build/icyphy/ptII/lib/mapss.jar:/home/travis/build/icyphy/ptII/ptolemy/actor/ptalon/antlr/antlr.jar:/home/travis/build/icyphy/ptII/lib/JRI.jar:/home/travis/build/icyphy/ptII/lib/commons-lang-2.6.jar:/home/travis/build/icyphy/ptII/lib/commons-logging-1.1.1.jar:/home/travis/build/icyphy/ptII/lib/sootclasses.jar:/home/travis/build/icyphy/ptII/ptolemy/actor/lib/database/mysql-connector-java-5.1.6-bin.jar:/home/travis/build/icyphy/ptII/vendors/misc/sphinx4/sphinx4-data-5prealpha.jar:/home/travis/build/icyphy/ptII/vendors/misc/sphinx4/sphinx4-core-5prealpha.jar:/home/travis/build/icyphy/ptII/lib/PDFRenderer.jar:/home/travis/build/icyphy/ptII/lib/svgSalamander.jar:/home/travis/build/icyphy/ptII/lib/rsyntaxtextarea-2.6.0-SNAPSHOT.jar:/home/travis/build/icyphy/ptII/lib/hazelcast-3.8.2.jar:/home/travis/build/icyphy/ptII/lib/jackson-annotations-2.9.0.jar:/home/travis/build/icyphy/ptII/lib/jackson-core-2.9.3.jar:/home/travis/build/icyphy/ptII/lib/jackson-databind-2.9.3.jar:/home/travis/build/icyphy/ptII/lib/netty-buffer-4.1.19.Final.jar:/home/travis/build/icyphy/ptII/lib/netty-codec-4.1.19.Final.jar:/home/travis/build/icyphy/ptII/lib/netty-codec-dns-4.1.19.Final.jar:/home/travis/build/icyphy/ptII/lib/netty-codec-http-4.1.19.Final.jar:/home/travis/build/icyphy/ptII/lib/netty-codec-http2-4.1.19.Final.jar:/home/travis/build/icyphy/ptII/lib/netty-common-4.1.19.Final.jar:/home/travis/build/icyphy/ptII/lib/netty-handler-4.1.19.Final.jar:/home/travis/build/icyphy/ptII/lib/netty-resolver-4.1.19.Final.jar:/home/travis/build/icyphy/ptII/lib/netty-resolver-dns-4.1.19.Final.jar:/home/travis/build/icyphy/ptII/lib/netty-transport-4.1.19.Final.jar:/home/travis/build/icyphy/ptII/lib/vertx-codegen-3.5.1.jar:/home/travis/build/icyphy/ptII/lib/vertx-core-3.5.2-SNAPSHOT.jar:/home/travis/build/icyphy/ptII/lib/vertx-hazelcast-3.5.1.jar:/home/travis/build/icyphy/ptII/lib/vertx-lang-js-3.5.1.jar:/home/travis/build/icyphy/ptII/lib/vertx-service-proxy-3.5.1.jar:/home/travis/build/icyphy/ptII/lib/vertx-web-3.5.1.jar:/home/travis/build/icyphy/ptII/lib/slf4j-api-1.7.13.jar:/home/travis/build/icyphy/ptII/lib/slf4j-simple-1.7.13.jar:/home/travis/build/icyphy/ptII/lib/webcam-capture-0.3.12.jar:/home/travis/build/icyphy/ptII/lib/bridj-0.7.0.jar:/home/travis/build/icyphy/ptII/lib/xbjlib-1.1.0.nrjavaserial.jar" />
    <property name="timeout" value="2400000" />
    <property name="test.batch" value="**/junit/*.java" />
    <property name="env._" value="/usr/bin/timeout" />
    <property name="java.io.tmpdir" value="/tmp" />
    <property name="user.language" value="en" />
    <property name="env.TRAVIS_INTERNAL_RUBY_REGEX" value="^ruby-(2\.[0-4]\.[0-9]|1\.9\.3)" />
    <property name="env.HISTCONTROL" value="ignoredups:ignorespace" />
    <property name="env.GOROOT" value="/home/travis/.gimme/versions/go1.11.1.linux.amd64" />
    <property name="line.separator" value="&#xa;" />
    <property name="target" value="11" />
    <property name="env.TRAVIS_BUILD_DIR" value="/home/travis/build/icyphy/ptII" />
    <property name="env.ANT_OPTS" value="-Xmx2048m" />
    <property name="ant.file.type" value="file" />
    <property name="ptolemy.ptII.batchMode" value="true" />
    <property name="env.HISTSIZE" value="1000" />
    <property name="env.MERB_ENV" value="test" />
    <property name="java.vm.info" value="mixed mode" />
    <property name="source" value="11" />
    <property name="java.vm.specification.name" value="Java Virtual Machine Specification" />
    <property name="env.TRAVIS_TEST_RESULT" value="0" />
    <property name="jsdoc.command" value="node_modules/@terraswarm/jsdoc/jsdoc.js" />
    <property name="npm.works" value="true" />
    <property name="cobertura.dir" value="/home/travis/build/icyphy/ptII/vendors/cobertura-2.0.3" />
    <property name="jsdoc.command.exists" value="true" />
    <property name="env.rvm_path" value="/home/travis/.rvm" />
    <property name="env.GEM_PATH" value="/home/travis/.rvm/gems/ruby-2.5.3:/home/travis/.rvm/gems/ruby-2.5.3@global" />
    <property name="env.LC_CTYPE" value="en_US.UTF-8" />
    <property name="env.TRAVIS_CMD" value="$PTII/bin/ptIITravisBuild.sh $SECONDS" />
    <property name="java.awt.printerjob" value="sun.print.PSPrinterJob" />
    <property name="env.TRAVIS_STACK_NAME" value="sardonyx" />
    <property name="env.TRAVIS_TIMER_START_TIME" value="1578176285751420064" />
    <property name="ant.version" value="Apache Ant(TM) version 1.10.1 compiled on February 2 2017" />
    <property name="ptII.reports" value="/home/travis/build/icyphy/ptII/reports" />
    <property name="env.TRAVIS_STACK_TIMESTAMP" value="2019-03-25 16:16:56 UTC" />
    <property name="ant.file.type.ptII" value="file" />
    <property name="env.RBENV_SHELL" value="bash" />
    <property name="os.name" value="Linux" />
    <property name="java.specification.vendor" value="Oracle Corporation" />
    <property name="env.rvm_version" value="1.29.7 (latest)" />
    <property name="env.TRAVIS_INFRA" value="unknown" />
    <property name="env.TERM" value="xterm" />
    <property name="java.vm.name" value="OpenJDK 64-Bit Server VM" />
    <property name="env.TRAVIS_BUILD_NUMBER" value="1455" />
    <property name="env.CI" value="true" />
    <property name="java.library.path" value="/home/travis/pthla/certi-tools/lib:/usr/lib/jni:/usr/local/share/OpenCV/java/:/usr/share/OpenCV/java::/usr/java/packages/lib:/usr/lib64:/lib64:/lib:/usr/lib" />
    <property name="jdk.module.path" value="/home/travis/build/icyphy/ptII/vendors/javafx/javafx-sdk-11.0.2/lib:" />
    <property name="env.rvm_prefix" value="/home/travis" />
    <property name="env.PATH" value="/home/travis/pthla/certi-tools/share/scripts:/home/travis/.rvm/gems/ruby-2.5.3/bin:/home/travis/.rvm/gems/ruby-2.5.3@global/bin:/home/travis/.rvm/rubies/ruby-2.5.3/bin:/home/travis/.rvm/bin:/home/travis/.nvm/versions/node/v7.10.1/bin:./node_modules/.bin:/home/travis/build/icyphy/ptII/bin:/home/travis/pthla/certi-tools/bin:/home/travis/bin:/home/travis/.local/bin:/usr/local/lib/jvm/openjdk11/bin:/opt/pyenv/shims:/home/travis/.phpenv/shims:/home/travis/perl5/perlbrew/bin:/home/travis/gopath/bin:/home/travis/.gimme/versions/go1.11.1.linux.amd64/bin:/usr/local/maven-3.6.0/bin:/usr/local/cmake-3.12.4/bin:/usr/local/clang-7.0.0/bin:/usr/local/sbin:/usr/local/bin:/usr/sbin:/usr/bin:/sbin:/bin:/snap/bin:/home/travis/.phpenv/bin:/opt/pyenv/bin:/home/travis/.yarn/bin" />
    <property name="env.TRAVIS_OS_NAME" value="linux" />
    <property name="ant.java.version" value="9" />
    <property name="basedir" value="/home/travis/build/icyphy/ptII" />
    <property name="java.class.version" value="55.0" />
    <property name="env.SHLVL" value="3" />
    <property name="env.LD_LIBRARY_PATH" value="/home/travis/pthla/certi-tools/lib:/usr/lib/jni:/usr/local/share/OpenCV/java/:/usr/share/OpenCV/java:" />
    <property name="env.RACK_ENV" value="test" />
    <property name="ant.home" value="/home/travis/build/icyphy/ptII/ant" />
    <property name="env.NVM_DIR" value="/home/travis/.nvm" />
    <property name="env.CERTI_FOM_PATH" value="/home/travis/pthla/certi-tools/share/federations" />
    <property name="env.TRAVIS_BUILD_ID" value="632762646" />
    <property name="env.PYENV_ROOT" value="/opt/pyenv" />
    <property name="env.TRAVIS_UID" value="2000" />
    <property name="prism.verbose" value="true" />
    <property name="env.NVM_BIN" value="/home/travis/.nvm/versions/node/v7.10.1/bin" />
    <property name="env.TRAVIS_COMMIT" value="306228930c82f8432c4c29642b91a70b1d158448" />
    <property name="env._system_arch" value="x86_64" />
    <property name="node.executable" value="node" />
    <property name="sun.boot.library.path" value="/usr/local/lib/jvm/openjdk11/lib" />
    <property name="sun.management.compiler" value="HotSpot 64-Bit Tiered Compilers" />
    <property name="java.awt.graphicsenv" value="sun.awt.X11GraphicsEnvironment" />
    <property name="env.GOPATH" value="/home/travis/gopath" />
    <property name="ptolemy.ptII.dir" value="/home/travis/build/icyphy/ptII" />
    <property name="env.USER" value="travis" />
    <property name="env.HISTFILESIZE" value="2000" />
    <property name="timeout.longest" value="19000000" />
    <property name="env.PERLBREW_SHELLRC_VERSION" value="0.86" />
    <property name="env.TRAVIS_STACK_FEATURES" value="basic couchdb disabled-ipv6 docker docker-compose elasticsearch firefox go-toolchain google-chrome jdk memcached mongodb mysql nodejs_interpreter perl_interpreter perlbrew phantomjs postgresql python_interpreter redis ruby_interpreter sqlite xserver" />
    <property name="env.TRAVIS_PULL_REQUEST" value="false" />
    <property name="env.PYENV_SHELL" value="bash" />
    <property name="ant.project.name" value="ptII" />
    <property name="env.ANSI_RESET" value="\033[0m" />
    <property name="java.vm.specification.version" value="11" />
    <property name="env.TRAVIS_DIST" value="xenial" />
    <property name="env.CERTI_VERSION" value="4.0.0" />
    <property name="env.CERTI_HOST" value="localhost" />
    <property name="awt.toolkit" value="sun.awt.X11.XToolkit" />
    <property name="env.MY_RUBY_HOME" value="/home/travis/.rvm/rubies/ruby-2.5.3" />
    <property name="sun.cpu.isalist" value="" />
    <property name="env.TRAVIS_TMPDIR" value="/tmp/tmp.BxRBIByEvx" />
    <property name="java.vm.compressedOopsMode" value="Zero based" />
    <property name="os.version" value="4.15.0-1028-gcp" />
    <property name="user.home" value="/home/travis" />
    <property name="java.vm.vendor" value="Oracle Corporation" />
    <property name="env.TRAVIS_TAG" value="nightly" />
    <property name="env.ANSI_YELLOW" value="\033[33;1m" />
    <property name="env.TRAVIS_FILTERED" value="redirect_io" />
    <property name="env.ANSI_GREEN" value="\033[32;1m" />
    <property name="env.JAVA_HOME" value="/usr/local/lib/jvm/openjdk11" />
    <property name="javadoc.excludepackagenames" value="adm.cvs2svn.*,build.*,config.*,doc.coding.templates.*,jni.test.jni.meaningOfLife.*,jni.test.jni.testDeux.*,jni.test.jni.testTrois.*,org.terraswarm.accessor.accessors.web.node_modules.*,org.terraswarm.accessor.accessors.web.hosts.cordova.demo.*,org.terraswarm.accessor.accessors.web.hosts.cordova.plugins.*,org.terraswarm.accessor.accessors-svn.*,pt-modules.*,ptolemy.apps.agilent.*,ptolemy.apps.anytimecontrol.*,ptolemy.apps.apes.*,ptolemy.apps.charon.*,ptolemy.apps.crazyboard.*,ptolemy.apps.eclipse.*,ptolemy.apps.etherealSting.*,ptolemy.apps.fullscreen.*,ptolemy.apps.giotto.*,ptolemy.apps.ia.*,ptolemy.apps.interfaces.*,ptolemy.apps.jmf.*,ptolemy.apps.kurt.*,ptolemy.apps.kvm.*,ptolemy.apps.lego.*,ptolemy.apps.lejos.*,ptolemy.apps.midp.*,ptolemy.apps.mobileCoding.*,ptolemy.apps.pendulum.*,ptolemy.apps.rijndael.*,ptolemy.apps.robot.*,ptolemy.apps.security.*,ptolemy.apps.sobel.*,ptolemy.apps.soot.*,ptolemy.apps.throttle.*,ptolemy.apps.tini.*,ptolemy.apps.transmission.*,ptolemy.apps.vergil.*,ptolemy.apps.waba.*,ptolemy.apps.websensor.*,ptolemy.apps.webstart.*,ptolemy.apps.xsl.*,ptolemy.apps.zaurus.*,ptolemy.codegen.c.actor.lib.oldJavaFiles.*,ptolemy.codegen.dsp.lib.*,ptolemy.codegen.kernel.newInterfaces.*,ptolemy.codegen.lib.*,ptolemy.copernicus.kernel.fragment.*,ptolemy.copernicus.shallow.cg.*,ptolemy.domains.giotto.demo.Hierarchy.Hierarchy.*,ptolemy.domains.giotto.demo.Multimode.Multimode.*,ptolemy.domains.giotto.demo.Simple.Simple.*,ptolemy.domains.gr.lib.experimental.*,ptolemy.domains.gro.*,ptolemy.domains.pdf.*,ptolemy.domains.ptinyos.demo.Surge.output.*,ptolemy.moml.test.NoPackageActor.java*,ptolemy.plot.adm.*,ptolemy.plot.servlet.*,reports.*,signed.*,src.*,target.*,vendors.*,ptolemy.copernicus.applet.*,ptolemy.media.viewer.*,ptolemy.actor.corba.*,doc.doclets.*,ptolemy.apps.eclipse.awt.*,ptolemy.backtrack.*,ptolemy.backtrack.ast.*,ptolemy.cg.adapter.generic.program.procedural.c.mbed*,ptolemy.homer.*,ptolemy.actor.lib.jai.*,org.ptolemy.scala.*,diva.util.java2d.svg.*,ptolemy.domains.ptinyos.*,ptolemy.actor.lib.fmi.fmipp.*,,org.terraswarm.accessor.accessors.web.node_modules.*,org.terraswarm.accessor.accessors-svn,ptolemy.apps.*,ptolemy.actor.ptalon.demo.ptinyos.SendAndReceiveCnt.output,ptolemy.actor.ptalon.demo.ptinyos.SenseToLeds.output,ptolemy.domains.ptinyos.demo.CntToLedsAndRfm.output,ptolemy.domains.ptinyos.demo.RfmToLeds.output,ptolemy.domains.ptinyos.demo.SendAndReceiveCnt.output,ptolemy.domains.ptinyos.demo.SenseToLeds.output,ptolemy.actor.lib.jjs.modules.udpSocket.*" />
    <property name="env.PTII" value="/home/travis/build/icyphy/ptII" />
    <property name="env.XDG_SESSION_ID" value="2" />
    <property name="keystore" value="ptKeystore" />
    <property name="env.TRAVIS_COMMIT_MESSAGE" value="Adjusted error message, which changed with version of Python." />
    <property name="junit.output.dir" value="/home/travis/build/icyphy/ptII/reports/junit" />
    <property name="npm.return.code" value="0" />
    <property name="user.dir" value="/home/travis/build/icyphy/ptII/ptolemy/domains/de/lib/test" />
    <property name="env.TRAVIS_NODE_VERSION" value="7" />
    <property name="env.TRAVIS_EVENT_TYPE" value="push" />
    <property name="env.MAIL" value="/var/mail/travis" />
    <property name="env.PERLBREW_ROOT" value="/home/travis/perl5/perlbrew" />
    <property name="env.PWD" value="/home/travis/build/icyphy/ptII" />
    <property name="timeout.npm" value="45000" />
    <property name="env.PT_TRAVIS_TEST_CORE2_XML" value="true" />
    <property name="env.TRAVIS_ARCH" value="amd64" />
    <property name="sun.cpu.endian" value="little" />
    <property name="env.PAGER" value="cat" />
    <property name="env.TRAVIS_BUILD_STAGE_NAME" value="Test" />
    <property name="env.PERLBREW_HOME" value="/home/travis/.perlbrew" />
    <property name="java.vm.version" value="11.0.2+9" />
    <property name="env.RAILS_ENV" value="test" />
    <property name="java.class.path" value="/home/travis/build/icyphy/ptII:/home/travis/build/icyphy/ptII/lib/bsh-2.0b4.jar:/home/travis/build/icyphy/ptII/lib/ptCal.jar:/home/travis/build/icyphy/ptII/lib/java_cup.jar:/home/travis/build/icyphy/ptII/lib/saxon8.jar:/home/travis/build/icyphy/ptII/lib/saxon8-dom.jar:/home/travis/build/icyphy/ptII/lib/chic.jar:/home/travis/build/icyphy/ptII/lib/ptcolt.jar:/home/travis/build/icyphy/ptII/vendors/misc/itext/iText.jar:/home/travis/build/icyphy/ptII/lib/g4ltl.jar:/home/travis/build/icyphy/ptII/lib/StructuralCoder.jar:/home/travis/build/icyphy/ptII/lib/jcerti.jar:/home/travis/build/icyphy/ptII/lib/javax.mail.jar:/home/travis/build/icyphy/ptII/vendors/JMF-2.1.1e/lib/jmf.jar:/home/travis/build/icyphy/ptII/lib/jna-4.0.0-variadic.jar:/home/travis/build/icyphy/ptII/vendors/misc/joystick/Joystick.jar:/home/travis/build/icyphy/ptII/lib/ptjacl.jar:/home/travis/build/icyphy/ptII/lib/jsoup-1.8.2.jar:/home/travis/build/icyphy/ptII/lib/junit-4.8.2.jar:/home/travis/build/icyphy/ptII/lib/JUnitParams-0.4.0.jar:/home/travis/build/icyphy/ptII/ptolemy/actor/lib/excel/jxl.jar:/home/travis/build/icyphy/ptII/lib/jython.jar:/home/travis/build/icyphy/ptII/lib/kieler.jar:/home/travis/build/icyphy/ptII/vendors/opencv/share/OpenCV/java/opencv-341.jar:/home/travis/build/icyphy/ptII/lib/oscP5.jar:/home/travis/build/icyphy/ptII/lib/nrjavaserial-3.11.0.devel.jar:/home/travis/build/icyphy/ptII/vendors/j3d/lib/Linux/j3dcore.jar:/home/travis/build/icyphy/ptII/vendors/j3d/lib/Linux/j3dutils.jar:/home/travis/build/icyphy/ptII/vendors/j3d/lib/Linux/vecmath.jar:/home/travis/build/icyphy/ptII/vendors/jogl/lib/Linux/gluegen-rt-natives-linux-amd64.jar:/home/travis/build/icyphy/ptII/vendors/jogl/lib/Linux/gluegen-rt.jar:/home/travis/build/icyphy/ptII/vendors/jogl/lib/Linux/jogl-all-natives-linux-amd64.jar:/home/travis/build/icyphy/ptII/vendors/jogl/lib/Linux/jogl-all.jar:/home/travis/build/icyphy/ptII/ptolemy/distributed/jini/jar/jini-core.jar:/home/travis/build/icyphy/ptII/ptolemy/distributed/jini/jar/jini-ext.jar:/home/travis/build/icyphy/ptII/ptolemy/distributed/jini/jar/sun-util.jar:/home/travis/build/icyphy/ptII/lib/protobuf-java-2.4.1.jar:/home/travis/build/icyphy/ptII/lib/org.eclipse.paho.client.mqttv3.jar:/home/travis/build/icyphy/ptII/lib/mapss.jar:/home/travis/build/icyphy/ptII/ptolemy/actor/ptalon/antlr/antlr.jar:/home/travis/build/icyphy/ptII/lib/JRI.jar:/home/travis/build/icyphy/ptII/lib/commons-lang-2.6.jar:/home/travis/build/icyphy/ptII/lib/commons-logging-1.1.1.jar:/home/travis/build/icyphy/ptII/lib/sootclasses.jar:/home/travis/build/icyphy/ptII/ptolemy/actor/lib/database/mysql-connector-java-5.1.6-bin.jar:/home/travis/build/icyphy/ptII/vendors/misc/sphinx4/sphinx4-data-5prealpha.jar:/home/travis/build/icyphy/ptII/vendors/misc/sphinx4/sphinx4-core-5prealpha.jar:/home/travis/build/icyphy/ptII/lib/PDFRenderer.jar:/home/travis/build/icyphy/ptII/lib/svgSalamander.jar:/home/travis/build/icyphy/ptII/lib/rsyntaxtextarea-2.6.0-SNAPSHOT.jar:/home/travis/build/icyphy/ptII/lib/hazelcast-3.8.2.jar:/home/travis/build/icyphy/ptII/lib/jackson-annotations-2.9.0.jar:/home/travis/build/icyphy/ptII/lib/jackson-core-2.9.3.jar:/home/travis/build/icyphy/ptII/lib/jackson-databind-2.9.3.jar:/home/travis/build/icyphy/ptII/lib/netty-buffer-4.1.19.Final.jar:/home/travis/build/icyphy/ptII/lib/netty-codec-4.1.19.Final.jar:/home/travis/build/icyphy/ptII/lib/netty-codec-dns-4.1.19.Final.jar:/home/travis/build/icyphy/ptII/lib/netty-codec-http-4.1.19.Final.jar:/home/travis/build/icyphy/ptII/lib/netty-codec-http2-4.1.19.Final.jar:/home/travis/build/icyphy/ptII/lib/netty-common-4.1.19.Final.jar:/home/travis/build/icyphy/ptII/lib/netty-handler-4.1.19.Final.jar:/home/travis/build/icyphy/ptII/lib/netty-resolver-4.1.19.Final.jar:/home/travis/build/icyphy/ptII/lib/netty-resolver-dns-4.1.19.Final.jar:/home/travis/build/icyphy/ptII/lib/netty-transport-4.1.19.Final.jar:/home/travis/build/icyphy/ptII/lib/vertx-codegen-3.5.1.jar:/home/travis/build/icyphy/ptII/lib/vertx-core-3.5.2-SNAPSHOT.jar:/home/travis/build/icyphy/ptII/lib/vertx-hazelcast-3.5.1.jar:/home/travis/build/icyphy/ptII/lib/vertx-lang-js-3.5.1.jar:/home/travis/build/icyphy/ptII/lib/vertx-service-proxy-3.5.1.jar:/home/travis/build/icyphy/ptII/lib/vertx-web-3.5.1.jar:/home/travis/build/icyphy/ptII/lib/slf4j-api-1.7.13.jar:/home/travis/build/icyphy/ptII/lib/slf4j-simple-1.7.13.jar:/home/travis/build/icyphy/ptII/lib/webcam-capture-0.3.12.jar:/home/travis/build/icyphy/ptII/lib/bridj-0.7.0.jar:/home/travis/build/icyphy/ptII/lib/xbjlib-1.1.0.nrjavaserial.jar:/home/travis/build/icyphy/ptII/ptolemy/moml/test:/home/travis/build/icyphy/ptII/ant/lib/ant-launcher.jar:/home/travis/build/icyphy/ptII/ant/lib/ant.jar:/home/travis/build/icyphy/ptII/ant/lib/ant-junit.jar:/home/travis/build/icyphy/ptII/ant/lib/ant-junit4.jar" />
    <property name="ant.library.dir" value="/home/travis/build/icyphy/ptII/ant/lib" />
    <property name="os.arch" value="amd64" />
    <property name="env.CONTINUOUS_INTEGRATION" value="true" />
    <property name="env.TRAVIS_LANGUAGE" value="node_js" />
    <property name="env.TRAVIS_STACK_LANGUAGES" value="__sardonyx__ c c++ clojure cplusplus cpp default generic go groovy java node_js php pure_java python ruby scala" />
    <property name="test.name" value="ptolemy.actor.lib.test.junit.JUnitTclTest" />
    <property name="env.APT_KEY_DONT_WARN_ON_DANGEROUS_USAGE" value="1" />
    <property name="sun.java.launcher" value="SUN_STANDARD" />
    <property name="env.PYTHON_CONFIGURE_OPTS" value="--enable-unicode=ucs4 --with-wide-unicode --enable-shared --enable-ipv6 --enable-loadable-sqlite-extensions --with-computed-gotos" />
    <property name="ant.core.lib" value="/home/travis/build/icyphy/ptII/ant/lib/ant.jar" />
    <property name="java.vm.specification.vendor" value="Oracle Corporation" />
    <property name="env.BCVTB_HOME" value="/home/travis/build/icyphy/ptII/lbnl" />
    <property name="file.separator" value="/" />
    <property name="spotbugs.home" value="/home/travis/build/icyphy/ptII/vendors/spotbugs-3.1.1" />
    <property name="java.runtime.version" value="11.0.2+9" />
    <property name="env.ANSI_CLEAR" value="\033[0K" />
    <property name="javafx.verbose" value="true" />
    <property name="env.HAS_JOSH_K_SEAL_OF_APPROVAL" value="true" />
    <property name="env.XDG_RUNTIME_DIR" value="/run/user/2000" />
    <property name="env.TRAVIS_OSX_IMAGE" value="" />
    <property name="env.TRAVIS_JOB_ID" value="632762655" />
    <property name="env.TRAVIS_BRANCH" value="master" />
    <property name="user.country" value="US" />
    <property name="env.CERTI_HOME_TRAVIS" value="/home/travis/pthla/certi-tools" />
    <property name="env.SHELL" value="/bin/bash" />
    <property name="java.maxmemory.large" value="3200m" />
    <property name="model" value="" />
    <property name="env.CASHER_DIR" value="/home/travis/.casher" />
    <property name="env.NVM_CD_FLAGS" value="" />
    <property name="java.vendor.version" value="18.9" />
    <property name="jshint.executable" value="/home/travis/node_modules/jshint/bin/jshint" />
    <property name="env.JRUBY_OPTS" value=" --client -J-XX:+TieredCompilation -J-XX:TieredStopAtLevel=1 -J-Xss2m -Xcompile.invokedynamic=false" />
    <property name="java.vendor" value="Oracle Corporation" />
    <property name="env.TRAVIS_PRE_CHEF_BOOTSTRAP_TIME" value="2019-03-25T16:16:42" />
    <property name="env.TRAVIS_STACK_JOB_BOARD_REGISTER" value="/.job-board-register.yml" />
    <property name="env.ANSI_RED" value="\033[31;1m" />
    <property name="java.specification.version" value="11" />
    <property name="env.IRBRC" value="/home/travis/.rvm/rubies/ruby-2.5.3/.irbrc" />
    <property name="env.TRAVIS" value="true" />
    <property name="sun.arch.data.model" value="64" />
  </properties>
  <testcase classname="ptolemy.util.test.junit.TclTests" name="[0] /home/travis/build/icyphy/ptII/ptolemy/domains/de/lib/test/Iterations.tcl (RunTclFile)" time="0.329" />
  <testcase classname="ptolemy.util.test.junit.TclTests" name="[1] /home/travis/build/icyphy/ptII/ptolemy/domains/de/lib/test/Sampler.tcl (RunTclFile)" time="0.142" />
  <testcase classname="ptolemy.util.test.junit.TclTests" name="[2] /home/travis/build/icyphy/ptII/ptolemy/domains/de/lib/test/Server.tcl (RunTclFile)" time="0.069" />
  <testcase classname="ptolemy.util.test.junit.TclTests" name="[3] /home/travis/build/icyphy/ptII/ptolemy/domains/de/lib/test/SimpleDelay.tcl (RunTclFile)" time="0.082" />
  <testcase classname="ptolemy.util.test.junit.TclTests" name="[4] /home/travis/build/icyphy/ptII/ptolemy/domains/de/lib/test/TimedDelay.tcl (RunTclFile)" time="0.096" />
  <testcase classname="ptolemy.util.test.junit.TclTests" name="[5] /home/travis/build/icyphy/ptII/ptolemy/domains/de/lib/test/WaitingTime.tcl (RunTclFile)" time="0.005" />
  <testcase classname="ptolemy.util.test.junit.AutoKnownFailedTests" name="[0] ThereAreNoKnowFailedTests (RunModel)" time="0.004" />
  <testcase classname="ptolemy.util.test.junit.AutoNameArchTests" name="[0] ThereAreNoAutoArchTests (RunModel)" time="0.003" />
  <testcase classname="ptolemy.util.test.junit.AutoTests" name="[0] /home/travis/build/icyphy/ptII/ptolemy/domains/de/lib/test/auto/AFDX.xml (RunModel)" time="0.377" />
  <testcase classname="ptolemy.util.test.junit.AutoTests" name="[1] /home/travis/build/icyphy/ptII/ptolemy/domains/de/lib/test/auto/BusConfigureParamsContinuous.xml (RunModel)" time="0.278" />
  <testcase classname="ptolemy.util.test.junit.AutoTests" name="[2] /home/travis/build/icyphy/ptII/ptolemy/domains/de/lib/test/auto/BusConfigureParamsDE.xml (RunModel)" time="0.095" />
  <testcase classname="ptolemy.util.test.junit.AutoTests" name="[3] /home/travis/build/icyphy/ptII/ptolemy/domains/de/lib/test/auto/BusContinuousDifferentValues.xml (RunModel)" time="0.113" />
  <testcase classname="ptolemy.util.test.junit.AutoTests" name="[4] /home/travis/build/icyphy/ptII/ptolemy/domains/de/lib/test/auto/BusContinuousZeroServiceTime.xml (RunModel)" time="0.083" />
  <testcase classname="ptolemy.util.test.junit.AutoTests" name="[5] /home/travis/build/icyphy/ptII/ptolemy/domains/de/lib/test/auto/BusDEDifferentValues.xml (RunModel)" time="0.085" />
  <testcase classname="ptolemy.util.test.junit.AutoTests" name="[6] /home/travis/build/icyphy/ptII/ptolemy/domains/de/lib/test/auto/BusDEZeroServiceTime.xml (RunModel)" time="0.037" />
  <testcase classname="ptolemy.util.test.junit.AutoTests" name="[7] /home/travis/build/icyphy/ptII/ptolemy/domains/de/lib/test/auto/BusError.xml (RunModel)" time="0.087" />
  <testcase classname="ptolemy.util.test.junit.AutoTests" name="[8] /home/travis/build/icyphy/ptII/ptolemy/domains/de/lib/test/auto/Clock.xml (RunModel)" time="0.013" />
  <testcase classname="ptolemy.util.test.junit.AutoTests" name="[9] /home/travis/build/icyphy/ptII/ptolemy/domains/de/lib/test/auto/EventFilter.xml (RunModel)" time="0.034" />
  <testcase classname="ptolemy.util.test.junit.AutoTests" name="[10] /home/travis/build/icyphy/ptII/ptolemy/domains/de/lib/test/auto/Inhibit.xml (RunModel)" time="0.025" />
  <testcase classname="ptolemy.util.test.junit.AutoTests" name="[11] /home/travis/build/icyphy/ptII/ptolemy/domains/de/lib/test/auto/Iterations.xml (RunModel)" time="0.023" />
  <testcase classname="ptolemy.util.test.junit.AutoTests" name="[12] /home/travis/build/icyphy/ptII/ptolemy/domains/de/lib/test/auto/NonInterruptibleTimerTestAssemblyLine.xml (RunModel)" time="0.065" />
  <testcase classname="ptolemy.util.test.junit.AutoTests" name="[13] /home/travis/build/icyphy/ptII/ptolemy/domains/de/lib/test/auto/Previous.xml (RunModel)" time="0.029" />
  <testcase classname="ptolemy.util.test.junit.AutoTests" name="[14] /home/travis/build/icyphy/ptII/ptolemy/domains/de/lib/test/auto/QuantityManager1Bus.xml (RunModel)" time="0.051" />
  <testcase classname="ptolemy.util.test.junit.AutoTests" name="[15] /home/travis/build/icyphy/ptII/ptolemy/domains/de/lib/test/auto/QuantityManager1BusServiceTimeBiggerThanTokenSendPeriod.xml (RunModel)" time="0.053" />
  <testcase classname="ptolemy.util.test.junit.AutoTests" name="[16] /home/travis/build/icyphy/ptII/ptolemy/domains/de/lib/test/auto/QuantityManager2Busses.xml (RunModel)" time="0.065" />
  <testcase classname="ptolemy.util.test.junit.AutoTests" name="[17] /home/travis/build/icyphy/ptII/ptolemy/domains/de/lib/test/auto/QuantityManager2BussesOrderReversed.xml (RunModel)" time="0.069" />
  <testcase classname="ptolemy.util.test.junit.AutoTests" name="[18] /home/travis/build/icyphy/ptII/ptolemy/domains/de/lib/test/auto/QuantityManager3Busses.xml (RunModel)" time="0.066" />
  <testcase classname="ptolemy.util.test.junit.AutoTests" name="[19] /home/travis/build/icyphy/ptII/ptolemy/domains/de/lib/test/auto/QuantizedSampler.xml (RunModel)" time="0.033" />
  <testcase classname="ptolemy.util.test.junit.AutoTests" name="[20] /home/travis/build/icyphy/ptII/ptolemy/domains/de/lib/test/auto/Queue.xml (RunModel)" time="0.019" />
  <testcase classname="ptolemy.util.test.junit.AutoTests" name="[21] /home/travis/build/icyphy/ptII/ptolemy/domains/de/lib/test/auto/Queue2.xml (RunModel)" time="0.016" />
  <testcase classname="ptolemy.util.test.junit.AutoTests" name="[22] /home/travis/build/icyphy/ptII/ptolemy/domains/de/lib/test/auto/Sampler.xml (RunModel)" time="0.044" />
  <testcase classname="ptolemy.util.test.junit.AutoTests" name="[23] /home/travis/build/icyphy/ptII/ptolemy/domains/de/lib/test/auto/Sampler2.xml (RunModel)" time="0.023" />
  <testcase classname="ptolemy.util.test.junit.AutoTests" name="[24] /home/travis/build/icyphy/ptII/ptolemy/domains/de/lib/test/auto/Sampler3.xml (RunModel)" time="0.021" />
  <testcase classname="ptolemy.util.test.junit.AutoTests" name="[25] /home/travis/build/icyphy/ptII/ptolemy/domains/de/lib/test/auto/SamplerUnit.xml (RunModel)" time="0.02" />
  <testcase classname="ptolemy.util.test.junit.AutoTests" name="[26] /home/travis/build/icyphy/ptII/ptolemy/domains/de/lib/test/auto/ServerWithNonZeroDelay.xml (RunModel)" time="0.022" />
  <testcase classname="ptolemy.util.test.junit.AutoTests" name="[27] /home/travis/build/icyphy/ptII/ptolemy/domains/de/lib/test/auto/ServerWithPreemption1.xml (RunModel)" time="0.016" />
  <testcase classname="ptolemy.util.test.junit.AutoTests" name="[28] /home/travis/build/icyphy/ptII/ptolemy/domains/de/lib/test/auto/ServerWithVariableDelay.xml (RunModel)" time="0.017" />
  <testcase classname="ptolemy.util.test.junit.AutoTests" name="[29] /home/travis/build/icyphy/ptII/ptolemy/domains/de/lib/test/auto/ServerWithVariableDelay1.xml (RunModel)" time="0.023" />
  <testcase classname="ptolemy.util.test.junit.AutoTests" name="[30] /home/travis/build/icyphy/ptII/ptolemy/domains/de/lib/test/auto/ServerWithVariableDelay2.xml (RunModel)" time="0.02" />
  <testcase classname="ptolemy.util.test.junit.AutoTests" name="[31] /home/travis/build/icyphy/ptII/ptolemy/domains/de/lib/test/auto/ServerWithVariableDelay3.xml (RunModel)" time="0.022" />
  <testcase classname="ptolemy.util.test.junit.AutoTests" name="[32] /home/travis/build/icyphy/ptII/ptolemy/domains/de/lib/test/auto/ServerWithVariableDelay4.xml (RunModel)" time="0.023" />
  <testcase classname="ptolemy.util.test.junit.AutoTests" name="[33] /home/travis/build/icyphy/ptII/ptolemy/domains/de/lib/test/auto/ServerWithZeroDelay.xml (RunModel)" time="0.016" />
  <testcase classname="ptolemy.util.test.junit.AutoTests" name="[34] /home/travis/build/icyphy/ptII/ptolemy/domains/de/lib/test/auto/SingleEvent.xml (RunModel)" time="0.014" />
  <testcase classname="ptolemy.util.test.junit.AutoTests" name="[35] /home/travis/build/icyphy/ptII/ptolemy/domains/de/lib/test/auto/TimerTestAssemblyLine.xml (RunModel)" time="0.039" />
  <testcase classname="ptolemy.util.test.junit.AutoTests" name="[36] /home/travis/build/icyphy/ptII/ptolemy/domains/de/lib/test/auto/VariableDelay1.xml (RunModel)" time="0.021" />
  <testcase classname="ptolemy.util.test.junit.AutoTests" name="[37] /home/travis/build/icyphy/ptII/ptolemy/domains/de/lib/test/auto/VariableDelay2.xml (RunModel)" time="0.013" />
  <testcase classname="ptolemy.util.test.junit.AutoTests" name="[38] /home/travis/build/icyphy/ptII/ptolemy/domains/de/lib/test/auto/VariableDelay3.xml (RunModel)" time="0.026" />
  <testcase classname="ptolemy.util.test.junit.AutoTests" name="[39] /home/travis/build/icyphy/ptII/ptolemy/domains/de/lib/test/auto/VariableDelay4.xml (RunModel)" time="0.014" />
  <testcase classname="ptolemy.util.test.junit.AutoTests" name="[40] /home/travis/build/icyphy/ptII/ptolemy/domains/de/lib/test/auto/VariableDelay5.xml (RunModel)" time="0.024" />
  <testcase classname="ptolemy.util.test.junit.AutoTests" name="[41] /home/travis/build/icyphy/ptII/ptolemy/domains/de/lib/test/auto/VariableDelay7.xml (RunModel)" time="0.021" />
  <testcase classname="ptolemy.util.test.junit.AutoTests" name="[42] /home/travis/build/icyphy/ptII/ptolemy/domains/de/lib/test/auto/VariableDelay8.xml (RunModel)" time="0.01" />
  <testcase classname="ptolemy.util.test.junit.AutoTests" name="[43] /home/travis/build/icyphy/ptII/ptolemy/domains/de/lib/test/auto/Wire.xml (RunModel)" time="0.017" />
  <system-out><![CDATA[/home/travis/build/icyphy/ptII/ptolemy/domains/de/lib/test/Iterations.tcl
testDefs.tcl: setting time out to 9000 seconds at Sat Jan 04 22:21:15 UTC 2020
/home/travis/build/icyphy/ptII/ptolemy/domains/de/lib/test/Sampler.tcl
32 ms. Memory: 129024K Free: 94152K (73%)
/home/travis/build/icyphy/ptII/ptolemy/domains/de/lib/test/Server.tcl
9 ms. Memory: 129024K Free: 91080K (71%)
5 ms. Memory: 129024K Free: 90551K (70%)
27 ms. Memory: 129024K Free: 88518K (69%)
8 ms. Memory: 129024K Free: 86984K (67%)
/home/travis/build/icyphy/ptII/ptolemy/domains/de/lib/test/SimpleDelay.tcl
7 ms. Memory: 129024K Free: 85439K (66%)
3 ms. Memory: 129024K Free: 84936K (66%)
12 ms. Memory: 129024K Free: 83398K (65%)
8 ms. Memory: 129024K Free: 82359K (64%)
15 ms. Memory: 129024K Free: 81319K (63%)
/home/travis/build/icyphy/ptII/ptolemy/domains/de/lib/test/TimedDelay.tcl
5 ms. Memory: 129024K Free: 79816K (62%)
3 ms. Memory: 129024K Free: 79287K (61%)
2 ms. Memory: 129024K Free: 78271K (61%)
5 ms. Memory: 129024K Free: 76744K (59%)
13 ms. Memory: 129024K Free: 75720K (59%)
/home/travis/build/icyphy/ptII/ptolemy/domains/de/lib/test/WaitingTime.tcl
01/04/20 10:21:16
Failed: 0  Total Tests: 22  ((Passed: 22, Newly Passed: 0)  Known Failed: 0) /home/travis/build/icyphy/ptII/ptolemy/domains/de/lib/test
No auto/knownFailedTests/*.xml tests in /home/travis/build/icyphy/ptII/ptolemy/domains/de/lib/test
No auto/linux-amd64/*.xml tests in /home/travis/build/icyphy/ptII/ptolemy/domains/de/lib/test
AutoTests.java: About to close Vertx.
AutoTests.java: Vertx closed.

===========================================================================================
----------------- testing Sat Jan 04 22:21:16 UTC 2020 /home/travis/build/icyphy/ptII/ptolemy/domains/de/lib/test/auto/AFDX.xml
----------------- Instantiating /home/travis/build/icyphy/ptII/ptolemy/domains/de/lib/test/auto/AFDX.xml
49 ms. Memory: 129024K Free: 93626K (73%)
----------------- Invoking toplevel() on ptolemy.moml.MoMLSimpleApplication@616e3b7c
----------------- Done invoking toplevel() on ptolemy.moml.MoMLSimpleApplication@616e3b7c
reloadAllAccessors: .AFDX

===========================================================================================
----------------- testing Sat Jan 04 22:21:17 UTC 2020 /home/travis/build/icyphy/ptII/ptolemy/domains/de/lib/test/auto/BusConfigureParamsContinuous.xml
----------------- Instantiating /home/travis/build/icyphy/ptII/ptolemy/domains/de/lib/test/auto/BusConfigureParamsContinuous.xml
165 ms. Memory: 129024K Free: 82130K (64%)
----------------- Invoking toplevel() on ptolemy.moml.MoMLSimpleApplication@167b3215
----------------- Done invoking toplevel() on ptolemy.moml.MoMLSimpleApplication@167b3215
reloadAllAccessors: .BusConfigureParamsContinuous

===========================================================================================
----------------- testing Sat Jan 04 22:21:17 UTC 2020 /home/travis/build/icyphy/ptII/ptolemy/domains/de/lib/test/auto/BusConfigureParamsDE.xml
----------------- Instantiating /home/travis/build/icyphy/ptII/ptolemy/domains/de/lib/test/auto/BusConfigureParamsDE.xml
15 ms. Memory: 129024K Free: 106236K (82%)
----------------- Invoking toplevel() on ptolemy.moml.MoMLSimpleApplication@15ba3b15
----------------- Done invoking toplevel() on ptolemy.moml.MoMLSimpleApplication@15ba3b15
reloadAllAccessors: .BusConfigureParamsDE

===========================================================================================
----------------- testing Sat Jan 04 22:21:17 UTC 2020 /home/travis/build/icyphy/ptII/ptolemy/domains/de/lib/test/auto/BusContinuousDifferentValues.xml
----------------- Instantiating /home/travis/build/icyphy/ptII/ptolemy/domains/de/lib/test/auto/BusContinuousDifferentValues.xml
41 ms. Memory: 129024K Free: 95323K (74%)
----------------- Invoking toplevel() on ptolemy.moml.MoMLSimpleApplication@71259e6a
----------------- Done invoking toplevel() on ptolemy.moml.MoMLSimpleApplication@71259e6a
reloadAllAccessors: .BusContinuousDifferentValues

===========================================================================================
----------------- testing Sat Jan 04 22:21:17 UTC 2020 /home/travis/build/icyphy/ptII/ptolemy/domains/de/lib/test/auto/BusContinuousZeroServiceTime.xml
----------------- Instantiating /home/travis/build/icyphy/ptII/ptolemy/domains/de/lib/test/auto/BusContinuousZeroServiceTime.xml
25 ms. Memory: 129024K Free: 84341K (65%)
----------------- Invoking toplevel() on ptolemy.moml.MoMLSimpleApplication@1568aeed
----------------- Done invoking toplevel() on ptolemy.moml.MoMLSimpleApplication@1568aeed
reloadAllAccessors: .BusContinuousZeroServiceTime

===========================================================================================
----------------- testing Sat Jan 04 22:21:17 UTC 2020 /home/travis/build/icyphy/ptII/ptolemy/domains/de/lib/test/auto/BusDEDifferentValues.xml
----------------- Instantiating /home/travis/build/icyphy/ptII/ptolemy/domains/de/lib/test/auto/BusDEDifferentValues.xml
9 ms. Memory: 129024K Free: 74467K (58%)
----------------- Invoking toplevel() on ptolemy.moml.MoMLSimpleApplication@7383459
----------------- Done invoking toplevel() on ptolemy.moml.MoMLSimpleApplication@7383459
reloadAllAccessors: .BusDEDifferentValues

===========================================================================================
----------------- testing Sat Jan 04 22:21:17 UTC 2020 /home/travis/build/icyphy/ptII/ptolemy/domains/de/lib/test/auto/BusDEZeroServiceTime.xml
----------------- Instantiating /home/travis/build/icyphy/ptII/ptolemy/domains/de/lib/test/auto/BusDEZeroServiceTime.xml
5 ms. Memory: 129024K Free: 63831K (49%)
----------------- Invoking toplevel() on ptolemy.moml.MoMLSimpleApplication@5ea35250
----------------- Done invoking toplevel() on ptolemy.moml.MoMLSimpleApplication@5ea35250
reloadAllAccessors: .BusDEZeroServiceTime

===========================================================================================
----------------- testing Sat Jan 04 22:21:17 UTC 2020 /home/travis/build/icyphy/ptII/ptolemy/domains/de/lib/test/auto/BusError.xml
----------------- Instantiating /home/travis/build/icyphy/ptII/ptolemy/domains/de/lib/test/auto/BusError.xml
15 ms. Memory: 129024K Free: 105082K (81%)
----------------- Invoking toplevel() on ptolemy.moml.MoMLSimpleApplication@7af40b25
----------------- Done invoking toplevel() on ptolemy.moml.MoMLSimpleApplication@7af40b25
reloadAllAccessors: .BusError

===========================================================================================
----------------- testing Sat Jan 04 22:21:18 UTC 2020 /home/travis/build/icyphy/ptII/ptolemy/domains/de/lib/test/auto/Clock.xml
----------------- Instantiating /home/travis/build/icyphy/ptII/ptolemy/domains/de/lib/test/auto/Clock.xml
3 ms. Memory: 129024K Free: 101870K (79%)
----------------- Invoking toplevel() on ptolemy.moml.MoMLSimpleApplication@61953fb8
----------------- Done invoking toplevel() on ptolemy.moml.MoMLSimpleApplication@61953fb8
reloadAllAccessors: .Clock

===========================================================================================
----------------- testing Sat Jan 04 22:21:18 UTC 2020 /home/travis/build/icyphy/ptII/ptolemy/domains/de/lib/test/auto/EventFilter.xml
----------------- Instantiating /home/travis/build/icyphy/ptII/ptolemy/domains/de/lib/test/auto/EventFilter.xml
9 ms. Memory: 129024K Free: 97342K (75%)
----------------- Invoking toplevel() on ptolemy.moml.MoMLSimpleApplication@181f1cfa
----------------- Done invoking toplevel() on ptolemy.moml.MoMLSimpleApplication@181f1cfa
reloadAllAccessors: .EventFilter

===========================================================================================
----------------- testing Sat Jan 04 22:21:18 UTC 2020 /home/travis/build/icyphy/ptII/ptolemy/domains/de/lib/test/auto/Inhibit.xml
----------------- Instantiating /home/travis/build/icyphy/ptII/ptolemy/domains/de/lib/test/auto/Inhibit.xml
3 ms. Memory: 129024K Free: 93832K (73%)
----------------- Invoking toplevel() on ptolemy.moml.MoMLSimpleApplication@7519f726
----------------- Done invoking toplevel() on ptolemy.moml.MoMLSimpleApplication@7519f726
reloadAllAccessors: .Inhibit

===========================================================================================
----------------- testing Sat Jan 04 22:21:18 UTC 2020 /home/travis/build/icyphy/ptII/ptolemy/domains/de/lib/test/auto/Iterations.xml
----------------- Instantiating /home/travis/build/icyphy/ptII/ptolemy/domains/de/lib/test/auto/Iterations.xml
5 ms. Memory: 129024K Free: 91152K (71%)
----------------- Invoking toplevel() on ptolemy.moml.MoMLSimpleApplication@14e4746b
----------------- Done invoking toplevel() on ptolemy.moml.MoMLSimpleApplication@14e4746b
reloadAllAccessors: .iterationsTest

===========================================================================================
----------------- testing Sat Jan 04 22:21:18 UTC 2020 /home/travis/build/icyphy/ptII/ptolemy/domains/de/lib/test/auto/NonInterruptibleTimerTestAssemblyLine.xml
----------------- Instantiating /home/travis/build/icyphy/ptII/ptolemy/domains/de/lib/test/auto/NonInterruptibleTimerTestAssemblyLine.xml
11 ms. Memory: 129024K Free: 82976K (64%)
----------------- Invoking toplevel() on ptolemy.moml.MoMLSimpleApplication@152d9bf4
----------------- Done invoking toplevel() on ptolemy.moml.MoMLSimpleApplication@152d9bf4
reloadAllAccessors: .NonpreemptiveTimerTestAssemblyLine

===========================================================================================
----------------- testing Sat Jan 04 22:21:18 UTC 2020 /home/travis/build/icyphy/ptII/ptolemy/domains/de/lib/test/auto/Previous.xml
----------------- Instantiating /home/travis/build/icyphy/ptII/ptolemy/domains/de/lib/test/auto/Previous.xml
4 ms. Memory: 129024K Free: 77886K (60%)
----------------- Invoking toplevel() on ptolemy.moml.MoMLSimpleApplication@16fde473
----------------- Done invoking toplevel() on ptolemy.moml.MoMLSimpleApplication@16fde473
reloadAllAccessors: .Previous

===========================================================================================
----------------- testing Sat Jan 04 22:21:18 UTC 2020 /home/travis/build/icyphy/ptII/ptolemy/domains/de/lib/test/auto/QuantityManager1Bus.xml
----------------- Instantiating /home/travis/build/icyphy/ptII/ptolemy/domains/de/lib/test/auto/QuantityManager1Bus.xml
14 ms. Memory: 129024K Free: 66622K (52%)
----------------- Invoking toplevel() on ptolemy.moml.MoMLSimpleApplication@2da9adec
----------------- Done invoking toplevel() on ptolemy.moml.MoMLSimpleApplication@2da9adec
reloadAllAccessors: .QuantityManager1Bus

===========================================================================================
----------------- testing Sat Jan 04 22:21:18 UTC 2020 /home/travis/build/icyphy/ptII/ptolemy/domains/de/lib/test/auto/QuantityManager1BusServiceTimeBiggerThanTokenSendPeriod.xml
----------------- Instantiating /home/travis/build/icyphy/ptII/ptolemy/domains/de/lib/test/auto/QuantityManager1BusServiceTimeBiggerThanTokenSendPeriod.xml
11 ms. Memory: 129024K Free: 54890K (43%)
----------------- Invoking toplevel() on ptolemy.moml.MoMLSimpleApplication@723b1fc1
----------------- Done invoking toplevel() on ptolemy.moml.MoMLSimpleApplication@723b1fc1
reloadAllAccessors: .QuantityManager1BusServiceTimeBiggerThanTokenSendPeriod

===========================================================================================
----------------- testing Sat Jan 04 22:21:18 UTC 2020 /home/travis/build/icyphy/ptII/ptolemy/domains/de/lib/test/auto/QuantityManager2Busses.xml
----------------- Instantiating /home/travis/build/icyphy/ptII/ptolemy/domains/de/lib/test/auto/QuantityManager2Busses.xml
16 ms. Memory: 129024K Free: 104920K (81%)
----------------- Invoking toplevel() on ptolemy.moml.MoMLSimpleApplication@f96d3c5
----------------- Done invoking toplevel() on ptolemy.moml.MoMLSimpleApplication@f96d3c5
reloadAllAccessors: .QuantityManager2Busses

===========================================================================================
----------------- testing Sat Jan 04 22:21:18 UTC 2020 /home/travis/build/icyphy/ptII/ptolemy/domains/de/lib/test/auto/QuantityManager2BussesOrderReversed.xml
----------------- Instantiating /home/travis/build/icyphy/ptII/ptolemy/domains/de/lib/test/auto/QuantityManager2BussesOrderReversed.xml
14 ms. Memory: 129024K Free: 90018K (70%)
----------------- Invoking toplevel() on ptolemy.moml.MoMLSimpleApplication@604cfa5b
----------------- Done invoking toplevel() on ptolemy.moml.MoMLSimpleApplication@604cfa5b
reloadAllAccessors: .QuantityManager2BussesOrderReversed

===========================================================================================
----------------- testing Sat Jan 04 22:21:18 UTC 2020 /home/travis/build/icyphy/ptII/ptolemy/domains/de/lib/test/auto/QuantityManager3Busses.xml
----------------- Instantiating /home/travis/build/icyphy/ptII/ptolemy/domains/de/lib/test/auto/QuantityManager3Busses.xml
15 ms. Memory: 129024K Free: 73650K (57%)
----------------- Invoking toplevel() on ptolemy.moml.MoMLSimpleApplication@31cfc632
----------------- Done invoking toplevel() on ptolemy.moml.MoMLSimpleApplication@31cfc632
reloadAllAccessors: .QuantityManager3Busses

===========================================================================================
----------------- testing Sat Jan 04 22:21:18 UTC 2020 /home/travis/build/icyphy/ptII/ptolemy/domains/de/lib/test/auto/QuantizedSampler.xml
----------------- Instantiating /home/travis/build/icyphy/ptII/ptolemy/domains/de/lib/test/auto/QuantizedSampler.xml
3 ms. Memory: 129024K Free: 68064K (53%)
----------------- Invoking toplevel() on ptolemy.moml.MoMLSimpleApplication@67225dcf
----------------- Done invoking toplevel() on ptolemy.moml.MoMLSimpleApplication@67225dcf
reloadAllAccessors: .QuantizedSampler

===========================================================================================
----------------- testing Sat Jan 04 22:21:18 UTC 2020 /home/travis/build/icyphy/ptII/ptolemy/domains/de/lib/test/auto/Queue.xml
----------------- Instantiating /home/travis/build/icyphy/ptII/ptolemy/domains/de/lib/test/auto/Queue.xml
4 ms. Memory: 129024K Free: 64409K (50%)
----------------- Invoking toplevel() on ptolemy.moml.MoMLSimpleApplication@35fad7c8
----------------- Done invoking toplevel() on ptolemy.moml.MoMLSimpleApplication@35fad7c8
reloadAllAccessors: .Queue

===========================================================================================
----------------- testing Sat Jan 04 22:21:18 UTC 2020 /home/travis/build/icyphy/ptII/ptolemy/domains/de/lib/test/auto/Queue2.xml
----------------- Instantiating /home/travis/build/icyphy/ptII/ptolemy/domains/de/lib/test/auto/Queue2.xml
2 ms. Memory: 129024K Free: 60918K (47%)
----------------- Invoking toplevel() on ptolemy.moml.MoMLSimpleApplication@3c97a976
----------------- Done invoking toplevel() on ptolemy.moml.MoMLSimpleApplication@3c97a976
reloadAllAccessors: .Queue2

===========================================================================================
----------------- testing Sat Jan 04 22:21:18 UTC 2020 /home/travis/build/icyphy/ptII/ptolemy/domains/de/lib/test/auto/Sampler.xml
----------------- Instantiating /home/travis/build/icyphy/ptII/ptolemy/domains/de/lib/test/auto/Sampler.xml
3 ms. Memory: 129024K Free: 55202K (43%)
----------------- Invoking toplevel() on ptolemy.moml.MoMLSimpleApplication@7ef4b1af
----------------- Done invoking toplevel() on ptolemy.moml.MoMLSimpleApplication@7ef4b1af
reloadAllAccessors: .Sampler

===========================================================================================
----------------- testing Sat Jan 04 22:21:18 UTC 2020 /home/travis/build/icyphy/ptII/ptolemy/domains/de/lib/test/auto/Sampler2.xml
----------------- Instantiating /home/travis/build/icyphy/ptII/ptolemy/domains/de/lib/test/auto/Sampler2.xml
4 ms. Memory: 129024K Free: 50648K (39%)
----------------- Invoking toplevel() on ptolemy.moml.MoMLSimpleApplication@46b774bf
----------------- Done invoking toplevel() on ptolemy.moml.MoMLSimpleApplication@46b774bf
reloadAllAccessors: .Sampler2

===========================================================================================
----------------- testing Sat Jan 04 22:21:18 UTC 2020 /home/travis/build/icyphy/ptII/ptolemy/domains/de/lib/test/auto/Sampler3.xml
----------------- Instantiating /home/travis/build/icyphy/ptII/ptolemy/domains/de/lib/test/auto/Sampler3.xml
4 ms. Memory: 129024K Free: 46566K (36%)
----------------- Invoking toplevel() on ptolemy.moml.MoMLSimpleApplication@3ffabaea
----------------- Done invoking toplevel() on ptolemy.moml.MoMLSimpleApplication@3ffabaea
reloadAllAccessors: .Sampler3

===========================================================================================
----------------- testing Sat Jan 04 22:21:18 UTC 2020 /home/travis/build/icyphy/ptII/ptolemy/domains/de/lib/test/auto/SamplerUnit.xml
----------------- Instantiating /home/travis/build/icyphy/ptII/ptolemy/domains/de/lib/test/auto/SamplerUnit.xml
2 ms. Memory: 165888K Free: 147931K (89%)
----------------- Invoking toplevel() on ptolemy.moml.MoMLSimpleApplication@2ea40369
----------------- Done invoking toplevel() on ptolemy.moml.MoMLSimpleApplication@2ea40369
reloadAllAccessors: .SamplerUnit

===========================================================================================
----------------- testing Sat Jan 04 22:21:18 UTC 2020 /home/travis/build/icyphy/ptII/ptolemy/domains/de/lib/test/auto/ServerWithNonZeroDelay.xml
----------------- Instantiating /home/travis/build/icyphy/ptII/ptolemy/domains/de/lib/test/auto/ServerWithNonZeroDelay.xml
4 ms. Memory: 165888K Free: 143835K (87%)
----------------- Invoking toplevel() on ptolemy.moml.MoMLSimpleApplication@533c8d5a
----------------- Done invoking toplevel() on ptolemy.moml.MoMLSimpleApplication@533c8d5a
reloadAllAccessors: .ServerWithNonZeroDelay

===========================================================================================
----------------- testing Sat Jan 04 22:21:18 UTC 2020 /home/travis/build/icyphy/ptII/ptolemy/domains/de/lib/test/auto/ServerWithPreemption1.xml
----------------- Instantiating /home/travis/build/icyphy/ptII/ptolemy/domains/de/lib/test/auto/ServerWithPreemption1.xml
4 ms. Memory: 165888K Free: 139739K (84%)
----------------- Invoking toplevel() on ptolemy.moml.MoMLSimpleApplication@85d626f
----------------- Done invoking toplevel() on ptolemy.moml.MoMLSimpleApplication@85d626f
reloadAllAccessors: .ServerWithPreemption1

===========================================================================================
----------------- testing Sat Jan 04 22:21:18 UTC 2020 /home/travis/build/icyphy/ptII/ptolemy/domains/de/lib/test/auto/ServerWithVariableDelay.xml
----------------- Instantiating /home/travis/build/icyphy/ptII/ptolemy/domains/de/lib/test/auto/ServerWithVariableDelay.xml
4 ms. Memory: 165888K Free: 135099K (81%)
----------------- Invoking toplevel() on ptolemy.moml.MoMLSimpleApplication@28b513e0
----------------- Done invoking toplevel() on ptolemy.moml.MoMLSimpleApplication@28b513e0
reloadAllAccessors: .ServerWithVariableDelay

===========================================================================================
----------------- testing Sat Jan 04 22:21:18 UTC 2020 /home/travis/build/icyphy/ptII/ptolemy/domains/de/lib/test/auto/ServerWithVariableDelay1.xml
----------------- Instantiating /home/travis/build/icyphy/ptII/ptolemy/domains/de/lib/test/auto/ServerWithVariableDelay1.xml
6 ms. Memory: 165888K Free: 130523K (79%)
----------------- Invoking toplevel() on ptolemy.moml.MoMLSimpleApplication@1a601070
----------------- Done invoking toplevel() on ptolemy.moml.MoMLSimpleApplication@1a601070
reloadAllAccessors: .ServerWithVariableDelay1

===========================================================================================
----------------- testing Sat Jan 04 22:21:18 UTC 2020 /home/travis/build/icyphy/ptII/ptolemy/domains/de/lib/test/auto/ServerWithVariableDelay2.xml
----------------- Instantiating /home/travis/build/icyphy/ptII/ptolemy/domains/de/lib/test/auto/ServerWithVariableDelay2.xml
3 ms. Memory: 165888K Free: 125883K (76%)
----------------- Invoking toplevel() on ptolemy.moml.MoMLSimpleApplication@7c2662c9
----------------- Done invoking toplevel() on ptolemy.moml.MoMLSimpleApplication@7c2662c9
reloadAllAccessors: .ServerWithVariableDelay2

===========================================================================================
----------------- testing Sat Jan 04 22:21:18 UTC 2020 /home/travis/build/icyphy/ptII/ptolemy/domains/de/lib/test/auto/ServerWithVariableDelay3.xml
----------------- Instantiating /home/travis/build/icyphy/ptII/ptolemy/domains/de/lib/test/auto/ServerWithVariableDelay3.xml
4 ms. Memory: 165888K Free: 121307K (73%)
----------------- Invoking toplevel() on ptolemy.moml.MoMLSimpleApplication@71585145
----------------- Done invoking toplevel() on ptolemy.moml.MoMLSimpleApplication@71585145
reloadAllAccessors: .ServerWithVariableDelay3

===========================================================================================
----------------- testing Sat Jan 04 22:21:18 UTC 2020 /home/travis/build/icyphy/ptII/ptolemy/domains/de/lib/test/auto/ServerWithVariableDelay4.xml
----------------- Instantiating /home/travis/build/icyphy/ptII/ptolemy/domains/de/lib/test/auto/ServerWithVariableDelay4.xml
4 ms. Memory: 165888K Free: 116667K (70%)
----------------- Invoking toplevel() on ptolemy.moml.MoMLSimpleApplication@47a71b5e
----------------- Done invoking toplevel() on ptolemy.moml.MoMLSimpleApplication@47a71b5e
reloadAllAccessors: .ServerWithVariableDelay4

===========================================================================================
----------------- testing Sat Jan 04 22:21:18 UTC 2020 /home/travis/build/icyphy/ptII/ptolemy/domains/de/lib/test/auto/ServerWithZeroDelay.xml
----------------- Instantiating /home/travis/build/icyphy/ptII/ptolemy/domains/de/lib/test/auto/ServerWithZeroDelay.xml
2 ms. Memory: 165888K Free: 112601K (68%)
----------------- Invoking toplevel() on ptolemy.moml.MoMLSimpleApplication@818f882
----------------- Done invoking toplevel() on ptolemy.moml.MoMLSimpleApplication@818f882
reloadAllAccessors: .ServerWithZeroDelay

===========================================================================================
----------------- testing Sat Jan 04 22:21:18 UTC 2020 /home/travis/build/icyphy/ptII/ptolemy/domains/de/lib/test/auto/SingleEvent.xml
----------------- Instantiating /home/travis/build/icyphy/ptII/ptolemy/domains/de/lib/test/auto/SingleEvent.xml
1 ms. Memory: 165888K Free: 110043K (66%)
----------------- Invoking toplevel() on ptolemy.moml.MoMLSimpleApplication@147157ca
----------------- Done invoking toplevel() on ptolemy.moml.MoMLSimpleApplication@147157ca
reloadAllAccessors: .SingleEvent

===========================================================================================
----------------- testing Sat Jan 04 22:21:18 UTC 2020 /home/travis/build/icyphy/ptII/ptolemy/domains/de/lib/test/auto/TimerTestAssemblyLine.xml
----------------- Instantiating /home/travis/build/icyphy/ptII/ptolemy/domains/de/lib/test/auto/TimerTestAssemblyLine.xml
7 ms. Memory: 165888K Free: 102361K (62%)
----------------- Invoking toplevel() on ptolemy.moml.MoMLSimpleApplication@264dcca1
----------------- Done invoking toplevel() on ptolemy.moml.MoMLSimpleApplication@264dcca1
reloadAllAccessors: .TimerTest_AssemblyLine

===========================================================================================
----------------- testing Sat Jan 04 22:21:19 UTC 2020 /home/travis/build/icyphy/ptII/ptolemy/domains/de/lib/test/auto/VariableDelay1.xml
----------------- Instantiating /home/travis/build/icyphy/ptII/ptolemy/domains/de/lib/test/auto/VariableDelay1.xml
4 ms. Memory: 165888K Free: 98251K (59%)
----------------- Invoking toplevel() on ptolemy.moml.MoMLSimpleApplication@52308b61
----------------- Done invoking toplevel() on ptolemy.moml.MoMLSimpleApplication@52308b61
reloadAllAccessors: .VariableDelay1

===========================================================================================
----------------- testing Sat Jan 04 22:21:19 UTC 2020 /home/travis/build/icyphy/ptII/ptolemy/domains/de/lib/test/auto/VariableDelay2.xml
----------------- Instantiating /home/travis/build/icyphy/ptII/ptolemy/domains/de/lib/test/auto/VariableDelay2.xml
1 ms. Memory: 165888K Free: 96217K (58%)
----------------- Invoking toplevel() on ptolemy.moml.MoMLSimpleApplication@56cde6c
----------------- Done invoking toplevel() on ptolemy.moml.MoMLSimpleApplication@56cde6c
reloadAllAccessors: .

===========================================================================================
----------------- testing Sat Jan 04 22:21:19 UTC 2020 /home/travis/build/icyphy/ptII/ptolemy/domains/de/lib/test/auto/VariableDelay3.xml
----------------- Instantiating /home/travis/build/icyphy/ptII/ptolemy/domains/de/lib/test/auto/VariableDelay3.xml
5 ms. Memory: 165888K Free: 92121K (56%)
----------------- Invoking toplevel() on ptolemy.moml.MoMLSimpleApplication@6bb97a79
----------------- Done invoking toplevel() on ptolemy.moml.MoMLSimpleApplication@6bb97a79
reloadAllAccessors: .VariableDelay3

===========================================================================================
----------------- testing Sat Jan 04 22:21:19 UTC 2020 /home/travis/build/icyphy/ptII/ptolemy/domains/de/lib/test/auto/VariableDelay4.xml
----------------- Instantiating /home/travis/build/icyphy/ptII/ptolemy/domains/de/lib/test/auto/VariableDelay4.xml
5 ms. Memory: 165888K Free: 88539K (53%)
----------------- Invoking toplevel() on ptolemy.moml.MoMLSimpleApplication@7b488193
----------------- Done invoking toplevel() on ptolemy.moml.MoMLSimpleApplication@7b488193
reloadAllAccessors: .VariableDelay4

===========================================================================================
----------------- testing Sat Jan 04 22:21:19 UTC 2020 /home/travis/build/icyphy/ptII/ptolemy/domains/de/lib/test/auto/VariableDelay5.xml
----------------- Instantiating /home/travis/build/icyphy/ptII/ptolemy/domains/de/lib/test/auto/VariableDelay5.xml
3 ms. Memory: 165888K Free: 83915K (51%)
----------------- Invoking toplevel() on ptolemy.moml.MoMLSimpleApplication@5cdde9de
----------------- Done invoking toplevel() on ptolemy.moml.MoMLSimpleApplication@5cdde9de
reloadAllAccessors: .VariableDelay5

===========================================================================================
----------------- testing Sat Jan 04 22:21:19 UTC 2020 /home/travis/build/icyphy/ptII/ptolemy/domains/de/lib/test/auto/VariableDelay7.xml
----------------- Instantiating /home/travis/build/icyphy/ptII/ptolemy/domains/de/lib/test/auto/VariableDelay7.xml
2 ms. Memory: 165888K Free: 79803K (48%)
----------------- Invoking toplevel() on ptolemy.moml.MoMLSimpleApplication@3d895f21
----------------- Done invoking toplevel() on ptolemy.moml.MoMLSimpleApplication@3d895f21
reloadAllAccessors: .VariableDelay7

===========================================================================================
----------------- testing Sat Jan 04 22:21:19 UTC 2020 /home/travis/build/icyphy/ptII/ptolemy/domains/de/lib/test/auto/VariableDelay8.xml
----------------- Instantiating /home/travis/build/icyphy/ptII/ptolemy/domains/de/lib/test/auto/VariableDelay8.xml
3 ms. Memory: 165888K Free: 76251K (46%)
----------------- Invoking toplevel() on ptolemy.moml.MoMLSimpleApplication@398e306b
----------------- Done invoking toplevel() on ptolemy.moml.MoMLSimpleApplication@398e306b
reloadAllAccessors: .VariableDelay8

===========================================================================================
----------------- testing Sat Jan 04 22:21:19 UTC 2020 /home/travis/build/icyphy/ptII/ptolemy/domains/de/lib/test/auto/Wire.xml
----------------- Instantiating /home/travis/build/icyphy/ptII/ptolemy/domains/de/lib/test/auto/Wire.xml
2 ms. Memory: 165888K Free: 70617K (43%)
----------------- Invoking toplevel() on ptolemy.moml.MoMLSimpleApplication@4176558
----------------- Done invoking toplevel() on ptolemy.moml.MoMLSimpleApplication@4176558
reloadAllAccessors: .Wire
AutoTests.java: About to close Vertx.
AutoTests.java: Vertx closed.
]]></system-out>
  <system-err><![CDATA[]]></system-err>
</testsuite>
