<?xml version="1.0" encoding="UTF-8" ?>
<testsuite errors="0" failures="0" hostname="travis-job-873fe9d3-7b26-4cf6-8af5-33da31643d9c" name="ptolemy.actor.lib.test.junit.JUnitTclTest" skipped="0" tests="517" time="60.683" timestamp="2019-04-06T03:53:42">
  <properties>
    <property name="npm.executable" value="npm" />
    <property name="file.encoding.pkg" value="sun.io" />
    <property name="env.TRAVIS_ROOT" value="/" />
    <property name="ptII.mk.exists" value="true" />
    <property name="env.TRAVIS_APP_HOST" value="build.travis-ci.org" />
    <property name="env.rvm_bin_path" value="/home/travis/.rvm/bin" />
    <property name="java.home" value="/usr/lib/jvm/java-8-oracle/jre" />
    <property name="env.TRAVIS_JOB_NUMBER" value="1076.8" />
    <property name="env.TRAVIS_HOME" value="/home/travis" />
    <property name="env.DISPLAY" value=":99.0" />
    <property name="java.net.preferIPv4Stack" value="true" />
    <property name="env.TRAVIS_INIT" value="upstart" />
    <property name="env.SSH_TTY" value="/dev/pts/0" />
    <property name="env.RUN_TESTS" value="true" />
    <property name="timeout.short" value="1000000" />
    <property name="env.TRAVIS_JOB_NAME" value="" />
    <property name="env.TRAVIS_STACK_NODE_ATTRIBUTES" value="/.node-attributes.yml" />
    <property name="junit.formatter" value="xml" />
    <property name="java.endorsed.dirs" value="/usr/lib/jvm/java-8-oracle/jre/lib/endorsed" />
    <property name="env.TRAVIS_SUDO" value="true" />
    <property name="env.LOGNAME" value="travis" />
    <property name="env.PT_TRAVIS_TEST_CORE1_XML" value="true" />
    <property name="jsdoc.home" value="node_modules/@terraswarm/jsdoc" />
    <property name="debuglevel" value="source,lines,vars" />
    <property name="checkstyle.formatter" value="xml" />
    <property name="bin.vergil.makeable" value="true" />
    <property name="env._system_version" value="14.04" />
    <property name="sun.os.patch.level" value="unknown" />
    <property name="java.vendor.url" value="http://java.oracle.com/" />
    <property name="env.TRAVIS_BUILD_WEB_URL" value="https://travis-ci.org/icyphy/ptII/builds/516469136" />
    <property name="java.version" value="1.8.0_151" />
    <property name="env.TZ" value="UTC" />
    <property name="env.PT_NO_NET" value="true" />
    <property name="env.TRAVIS_PULL_REQUEST_SHA" value="" />
    <property name="env.TRAVIS_SECURE_ENV_VARS" value="true" />
    <property name="env._system_type" value="Linux" />
    <property name="java.vendor.url.bug" value="http://bugreport.sun.com/bugreport/" />
    <property name="env.SSH_CLIENT" value="10.10.19.229 40140 22" />
    <property name="npmjs-org-is-up" value="true" />
    <property name="env.GEM_HOME" value="/home/travis/.rvm/gems/ruby-2.4.1" />
    <property name="env.HAS_ANTARES_THREE_LITTLE_FRONZIES_BADGE" value="true" />
    <property name="env.PS4" value="+" />
    <property name="ant.project.invoked-targets" value="build,test.core1.xml" />
    <property name="env.TRAVIS_PULL_REQUEST_BRANCH" value="" />
    <property name="env.TRAVIS_REPO_SLUG" value="icyphy/ptII" />
    <property name="env.TRAVIS_APT_PROXY" value="http://build-cache.travisci.net" />
    <property name="node.in.path" value="true" />
    <property name="java.maxmemory" value="1400m" />
    <property name="env.RUBY_VERSION" value="ruby-2.4.1" />
    <property name="user.name" value="travis" />
    <property name="env.LANG" value="en_US.UTF-8" />
    <property name="sun.io.unicode.encoding" value="UnicodeLittle" />
    <property name="sun.jnu.encoding" value="UTF-8" />
    <property name="java.runtime.name" value="Java(TM) SE Runtime Environment" />
    <property name="usefile" value="false" />
    <property name="return.code" value="0" />
    <property name="junit.single.formatter" value="plain" />
    <property name="env.DYLD_LIBRARY_PATH" value="/home/travis/pthla/certi-tools/lib:" />
    <property name="env.DEBIAN_FRONTEND" value="noninteractive" />
    <property name="env.SSH_CONNECTION" value="10.10.19.229 40140 10.20.0.75 22" />
    <property name="env.MYSQL_UNIX_PORT" value="/var/run/mysqld/mysqld.sock" />
    <property name="env.TRAVIS_ALLOW_FAILURE" value="false" />
    <property name="env.LC_ALL" value="en_US.UTF-8" />
    <property name="env.TRAVIS_JOB_WEB_URL" value="https://travis-ci.org/icyphy/ptII/jobs/516469144" />
    <property name="java.specification.name" value="Java Platform API Specification" />
    <property name="node.works" value="true" />
    <property name="user.timezone" value="" />
    <property name="path.separator" value=":" />
    <property name="env.TRAVIS_ENABLE_INFRA_DETECTION" value="true" />
    <property name="env.PYTHON_CFLAGS" value="-g -fstack-protector --param=ssp-buffer-size=4 -Wformat -Werror=format-security" />
    <property name="timeout.long" value="4000000" />
    <property name="env.CERTI_HOME" value="/home/travis/pthla/certi-tools" />
    <property name="file.encoding" value="UTF-8" />
    <property name="ant.file.ptII" value="/home/travis/build/icyphy/ptII/build.xml" />
    <property name="javadoc.packagenames" value="com.*,diva.*,lbnl.*,org.hlacerti.*,org.json.*,org.ptolemy.*,org.terraswarm.*,ptolemy.*,ptserver.*" />
    <property name="env.TRAVIS_PULL_REQUEST_SLUG" value="" />
    <property name="ant.project.default-target" value="build" />
    <property name="env.GIT_ASKPASS" value="echo" />
    <property name="env.HOME" value="/home/travis" />
    <property name="sun.java.command" value="org.apache.tools.ant.taskdefs.optional.junit.JUnitTestRunner ptolemy.actor.lib.test.junit.JUnitTclTest skipNonTests=false filtertrace=true haltOnError=false haltOnFailure=false formatter=org.apache.tools.ant.taskdefs.optional.junit.OutErrSummaryJUnitResultFormatter showoutput=true outputtoformatters=true logfailedtests=true threadid=0 logtestlistenerevents=false formatter=org.apache.tools.ant.taskdefs.optional.junit.XMLJUnitResultFormatter,/home/travis/build/icyphy/ptII/reports/junit/TEST-ptolemy.actor.lib.test.junit.JUnitTclTest.xml crashfile=/home/travis/build/icyphy/ptII/junitvmwatcher2462084390378992629.properties propsfile=/home/travis/build/icyphy/ptII/junit4396437033522038612.properties" />
    <property name="env.MANPATH" value="/home/travis/.nvm/versions/node/v7.10.1/share/man:/home/travis/.kiex/elixirs/elixir-1.4.5/man:/home/travis/.rvm/rubies/ruby-2.4.1/share/man:/usr/local/man:/usr/local/cmake-3.9.2/man:/usr/local/clang-5.0.0/share/man:/usr/local/share/man:/usr/share/man:/home/travis/.rvm/man" />
    <property name="env.COMPOSER_NO_INTERACTION" value="1" />
    <property name="env.JDK_SWITCHER_DEFAULT" value="oraclejdk8" />
    <property name="env.TRAVIS_TIMER_ID" value="1f8561a4" />
    <property name="ant.file" value="/home/travis/build/icyphy/ptII/build.xml" />
    <property name="env.TRAVIS_COMMIT_RANGE" value="a94e6f5c0d85f8cff59956fabbc4c5f60396f7bb...790d4dbe3c16542dde6a78fbb251f4fb7b653315" />
    <property name="env._system_name" value="Ubuntu" />
    <property name="timeout" value="2400000" />
    <property name="ptII.classpath.optional.property" value="/home/travis/build/icyphy/ptII/lib/bsh-2.0b4.jar:/home/travis/build/icyphy/ptII/lib/ptCal.jar:/home/travis/build/icyphy/ptII/lib/java_cup.jar:/home/travis/build/icyphy/ptII/lib/saxon8.jar:/home/travis/build/icyphy/ptII/lib/saxon8-dom.jar:/home/travis/build/icyphy/ptII/lib/chic.jar:/home/travis/build/icyphy/ptII/lib/ptcolt.jar:/usr/lib/jvm/java-8-oracle/lib/tools.jar:/home/travis/build/icyphy/ptII/vendors/misc/itext/iText.jar:/home/travis/build/icyphy/ptII/lib/g4ltl.jar:/home/travis/build/icyphy/ptII/lib/StructuralCoder.jar:/home/travis/build/icyphy/ptII/vendors/jai-1_1_2_01/lib/jai_core.jar:/home/travis/build/icyphy/ptII/vendors/jai-1_1_2_01/lib/jai_codec.jar:/home/travis/build/icyphy/ptII/lib/jcerti.jar:/home/travis/build/icyphy/ptII/lib/javax.mail.jar:/home/travis/build/icyphy/ptII/vendors/JMF-2.1.1e/lib/jmf.jar:/home/travis/build/icyphy/ptII/lib/jna-4.0.0-variadic.jar:/home/travis/build/icyphy/ptII/vendors/misc/joystick/Joystick.jar:/home/travis/build/icyphy/ptII/lib/ptjacl.jar:/home/travis/build/icyphy/ptII/lib/jsoup-1.8.2.jar:/home/travis/build/icyphy/ptII/lib/junit-4.8.2.jar:/home/travis/build/icyphy/ptII/lib/JUnitParams-0.4.0.jar:/home/travis/build/icyphy/ptII/ptolemy/actor/lib/excel/jxl.jar:/home/travis/build/icyphy/ptII/lib/jython.jar:/home/travis/build/icyphy/ptII/lib/kieler.jar:/home/travis/build/icyphy/ptII/vendors/opencv/share/OpenCV/java/opencv-341.jar:/home/travis/build/icyphy/ptII/lib/oscP5.jar:/home/travis/build/icyphy/ptII/lib/nrjavaserial-3.11.0.devel.jar:/home/travis/build/icyphy/ptII/vendors/j3d/lib/j3dcore.jar:/home/travis/build/icyphy/ptII/vendors/j3d/lib/j3dutils.jar:/home/travis/build/icyphy/ptII/vendors/j3d/lib/vecmath.jar:/home/travis/build/icyphy/ptII/ptolemy/distributed/jini/jar/jini-core.jar:/home/travis/build/icyphy/ptII/ptolemy/distributed/jini/jar/jini-ext.jar:/home/travis/build/icyphy/ptII/ptolemy/distributed/jini/jar/sun-util.jar:/home/travis/build/icyphy/ptII/lib/protobuf-java-2.4.1.jar:/home/travis/build/icyphy/ptII/lib/org.eclipse.paho.client.mqttv3.jar:/home/travis/build/icyphy/ptII/lib/mapss.jar:/home/travis/build/icyphy/ptII/ptolemy/actor/ptalon/antlr/antlr.jar:/home/travis/build/icyphy/ptII/lib/JRI.jar:/home/travis/build/icyphy/ptII/lib/commons-lang-2.6.jar:/home/travis/build/icyphy/ptII/lib/commons-logging-1.1.1.jar:/home/travis/build/icyphy/ptII/lib/sootclasses.jar:/home/travis/build/icyphy/ptII/ptolemy/actor/lib/database/mysql-connector-java-5.1.6-bin.jar:/home/travis/build/icyphy/ptII/vendors/misc/sphinx4/sphinx4-data-5prealpha.jar:/home/travis/build/icyphy/ptII/vendors/misc/sphinx4/sphinx4-core-5prealpha.jar:/home/travis/build/icyphy/ptII/lib/PDFRenderer.jar:/home/travis/build/icyphy/ptII/lib/svgSalamander.jar:/home/travis/build/icyphy/ptII/lib/rsyntaxtextarea-2.6.0-SNAPSHOT.jar:/home/travis/build/icyphy/ptII/lib/hazelcast-3.8.2.jar:/home/travis/build/icyphy/ptII/lib/jackson-annotations-2.9.0.jar:/home/travis/build/icyphy/ptII/lib/jackson-core-2.9.3.jar:/home/travis/build/icyphy/ptII/lib/jackson-databind-2.9.3.jar:/home/travis/build/icyphy/ptII/lib/netty-buffer-4.1.19.Final.jar:/home/travis/build/icyphy/ptII/lib/netty-codec-4.1.19.Final.jar:/home/travis/build/icyphy/ptII/lib/netty-codec-dns-4.1.19.Final.jar:/home/travis/build/icyphy/ptII/lib/netty-codec-http-4.1.19.Final.jar:/home/travis/build/icyphy/ptII/lib/netty-codec-http2-4.1.19.Final.jar:/home/travis/build/icyphy/ptII/lib/netty-common-4.1.19.Final.jar:/home/travis/build/icyphy/ptII/lib/netty-handler-4.1.19.Final.jar:/home/travis/build/icyphy/ptII/lib/netty-resolver-4.1.19.Final.jar:/home/travis/build/icyphy/ptII/lib/netty-resolver-dns-4.1.19.Final.jar:/home/travis/build/icyphy/ptII/lib/netty-transport-4.1.19.Final.jar:/home/travis/build/icyphy/ptII/lib/vertx-codegen-3.5.1.jar:/home/travis/build/icyphy/ptII/lib/vertx-core-3.5.2-SNAPSHOT.jar:/home/travis/build/icyphy/ptII/lib/vertx-hazelcast-3.5.1.jar:/home/travis/build/icyphy/ptII/lib/vertx-lang-js-3.5.1.jar:/home/travis/build/icyphy/ptII/lib/vertx-service-proxy-3.5.1.jar:/home/travis/build/icyphy/ptII/lib/vertx-web-3.5.1.jar:/home/travis/build/icyphy/ptII/lib/slf4j-api-1.7.13.jar:/home/travis/build/icyphy/ptII/lib/slf4j-simple-1.7.13.jar:/home/travis/build/icyphy/ptII/lib/webcam-capture-0.3.12.jar:/home/travis/build/icyphy/ptII/lib/bridj-0.7.0.jar:/home/travis/build/icyphy/ptII/lib/xbjlib-1.1.0.nrjavaserial.jar" />
    <property name="test.batch" value="**/junit/*.java" />
    <property name="env._" value="/usr/bin/timeout" />
    <property name="java.io.tmpdir" value="/tmp" />
    <property name="env.TRAVIS_INTERNAL_RUBY_REGEX" value="^ruby-(2\.[0-4]\.[0-9]|1\.9\.3)" />
    <property name="user.language" value="en" />
    <property name="env.HISTCONTROL" value="ignoredups:ignorespace" />
    <property name="env.GOROOT" value="/home/travis/.gimme/versions/go1.7.4.linux.amd64" />
    <property name="line.separator" value="&#xa;" />
    <property name="target" value="1.8" />
    <property name="env.TRAVIS_BUILD_DIR" value="/home/travis/build/icyphy/ptII" />
    <property name="env.ANT_OPTS" value="-Xmx2048m" />
    <property name="ant.file.type" value="file" />
    <property name="ptolemy.ptII.batchMode" value="true" />
    <property name="env.HISTSIZE" value="1000" />
    <property name="env.MERB_ENV" value="test" />
    <property name="java.vm.info" value="mixed mode" />
    <property name="source" value="1.8" />
    <property name="java.vm.specification.name" value="Java Virtual Machine Specification" />
    <property name="env.TRAVIS_TEST_RESULT" value="0" />
    <property name="jsdoc.command" value="node_modules/@terraswarm/jsdoc/jsdoc.js" />
    <property name="npm.works" value="true" />
    <property name="cobertura.dir" value="/home/travis/build/icyphy/ptII/vendors/cobertura-2.0.3" />
    <property name="env.rvm_path" value="/home/travis/.rvm" />
    <property name="env.GEM_PATH" value="/home/travis/.rvm/gems/ruby-2.4.1:/home/travis/.rvm/gems/ruby-2.4.1@global" />
    <property name="env.LC_CTYPE" value="en_US.UTF-8" />
    <property name="java.awt.printerjob" value="sun.print.PSPrinterJob" />
    <property name="env.TRAVIS_CMD" value="$PTII/bin/ptIITravisBuild.sh $SECONDS" />
    <property name="env.TRAVIS_STACK_NAME" value="garnet" />
    <property name="env.TRAVIS_TIMER_START_TIME" value="1554522451318145982" />
    <property name="ant.version" value="Apache Ant(TM) version 1.10.1 compiled on February 2 2017" />
    <property name="ptII.reports" value="/home/travis/build/icyphy/ptII/reports" />
    <property name="env.TRAVIS_STACK_TIMESTAMP" value="2017-12-05 19:33:09 UTC" />
    <property name="ant.file.type.ptII" value="file" />
    <property name="env.RBENV_SHELL" value="bash" />
    <property name="os.name" value="Linux" />
    <property name="java.specification.vendor" value="Oracle Corporation" />
    <property name="env.rvm_version" value="1.29.3 (latest)" />
    <property name="env.TRAVIS_INFRA" value="gce" />
    <property name="env.TERM" value="xterm" />
    <property name="java.vm.name" value="Java HotSpot(TM) 64-Bit Server VM" />
    <property name="env.TRAVIS_BUILD_NUMBER" value="1076" />
    <property name="env.CI" value="true" />
    <property name="java.library.path" value="/home/travis/pthla/certi-tools/lib:/usr/lib/jni:/usr/local/share/OpenCV/java/:/usr/share/OpenCV/java::/usr/java/packages/lib/amd64:/usr/lib64:/lib64:/lib:/usr/lib" />
    <property name="env.rvm_prefix" value="/home/travis" />
    <property name="env.PATH" value="/home/travis/pthla/certi-tools/share/scripts:/home/travis/.rvm/gems/ruby-2.4.1/bin:/home/travis/.rvm/gems/ruby-2.4.1@global/bin:/home/travis/.rvm/rubies/ruby-2.4.1/bin:/home/travis/.rvm/bin:/home/travis/.nvm/versions/node/v7.10.1/bin:./node_modules/.bin:/home/travis/build/icyphy/ptII/bin:/home/travis/pthla/certi-tools/bin:/home/travis/bin:/home/travis/.local/bin:/opt/pyenv/shims:/home/travis/.phpenv/shims:/home/travis/perl5/perlbrew/bin:/home/travis/.kiex/elixirs/elixir-1.4.5/bin:/home/travis/.kiex/bin:/home/travis/gopath/bin:/home/travis/.gimme/versions/go1.7.4.linux.amd64/bin:/usr/local/phantomjs/bin:/usr/local/phantomjs:/usr/local/neo4j-3.2.7/bin:/usr/local/maven-3.5.2/bin:/usr/local/cmake-3.9.2/bin:/usr/local/clang-5.0.0/bin:/usr/local/sbin:/usr/local/bin:/usr/sbin:/usr/bin:/sbin:/bin:/home/travis/.phpenv/bin:/opt/pyenv/bin:/home/travis/.yarn/bin" />
    <property name="env.TRAVIS_OS_NAME" value="linux" />
    <property name="ant.java.version" value="1.8" />
    <property name="basedir" value="/home/travis/build/icyphy/ptII" />
    <property name="java.class.version" value="52.0" />
    <property name="env.SHLVL" value="3" />
    <property name="env.LD_LIBRARY_PATH" value="/home/travis/pthla/certi-tools/lib:/usr/lib/jni:/usr/local/share/OpenCV/java/:/usr/share/OpenCV/java:" />
    <property name="env.RACK_ENV" value="test" />
    <property name="ant.home" value="/home/travis/build/icyphy/ptII/ant" />
    <property name="env.PERLBREW_BASHRC_VERSION" value="0.80" />
    <property name="env.NVM_DIR" value="/home/travis/.nvm" />
    <property name="env.TRAVIS_BUILD_ID" value="516469136" />
    <property name="env.CERTI_FOM_PATH" value="/home/travis/pthla/certi-tools/share/federations" />
    <property name="env.PYENV_ROOT" value="/opt/pyenv" />
    <property name="env.TRAVIS_UID" value="2000" />
    <property name="env.rvm_pretty_print_flag" value="auto" />
    <property name="env.NVM_BIN" value="/home/travis/.nvm/versions/node/v7.10.1/bin" />
    <property name="env.TRAVIS_COMMIT" value="790d4dbe3c16542dde6a78fbb251f4fb7b653315" />
    <property name="env._system_arch" value="x86_64" />
    <property name="node.executable" value="node" />
    <property name="sun.boot.library.path" value="/usr/lib/jvm/java-8-oracle/jre/lib/amd64" />
    <property name="sun.management.compiler" value="HotSpot 64-Bit Tiered Compilers" />
    <property name="env.GOPATH" value="/home/travis/gopath" />
    <property name="java.awt.graphicsenv" value="sun.awt.X11GraphicsEnvironment" />
    <property name="ptolemy.ptII.dir" value="/home/travis/build/icyphy/ptII" />
    <property name="env.USER" value="travis" />
    <property name="env.HISTFILESIZE" value="2000" />
    <property name="timeout.longest" value="19000000" />
    <property name="env.TRAVIS_STACK_FEATURES" value="basic cassandra chromium couchdb disabled-ipv6 docker docker-compose elasticsearch firefox go-toolchain google-chrome jdk memcached mongodb mysql neo4j nodejs_interpreter perl_interpreter perlbrew phantomjs postgresql python_interpreter rabbitmq redis riak ruby_interpreter sqlite xserver" />
    <property name="env.TRAVIS_PULL_REQUEST" value="false" />
    <property name="env.PYENV_SHELL" value="bash" />
    <property name="ant.project.name" value="ptII" />
    <property name="java.vm.specification.version" value="1.8" />
    <property name="env.ANSI_RESET" value="\033[0m" />
    <property name="env.TRAVIS_DIST" value="trusty" />
    <property name="env.CERTI_VERSION" value="4.0.0" />
    <property name="env.NLSPATH" value="/usr/dt/lib/nls/msg/%L/%N.cat" />
    <property name="awt.toolkit" value="sun.awt.X11.XToolkit" />
    <property name="env.CERTI_HOST" value="localhost" />
    <property name="env.MY_RUBY_HOME" value="/home/travis/.rvm/rubies/ruby-2.4.1" />
    <property name="sun.cpu.isalist" value="" />
    <property name="env.TRAVIS_TMPDIR" value="/tmp/tmp.QyR8R36pXh" />
    <property name="java.ext.dirs" value="/usr/lib/jvm/java-8-oracle/jre/lib/ext:/usr/java/packages/lib/ext" />
    <property name="os.version" value="4.4.0-101-generic" />
    <property name="user.home" value="/home/travis" />
    <property name="env.MIX_ARCHIVES" value="/home/travis/.kiex/mix/elixir-1.4.5" />
    <property name="java.vm.vendor" value="Oracle Corporation" />
    <property name="env.TRAVIS_TAG" value="nightly" />
    <property name="env.ANSI_YELLOW" value="\033[33;1m" />
    <property name="env.TRAVIS_FILTERED" value="redirect_io" />
    <property name="env.ANSI_GREEN" value="\033[32;1m" />
    <property name="env.JAVA_HOME" value="/usr/lib/jvm/java-8-oracle" />
    <property name="env.PTII" value="/home/travis/build/icyphy/ptII" />
    <property name="javadoc.excludepackagenames" value="adm.cvs2svn.*,build.*,config.*,doc.coding.templates.*,jni.test.jni.meaningOfLife.*,jni.test.jni.testDeux.*,jni.test.jni.testTrois.*,org.terraswarm.accessor.accessors.web.node_modules.*,org.terraswarm.accessor.accessors.web.hosts.cordova.demo.*,org.terraswarm.accessor.accessors.web.hosts.cordova.plugins.*,org.terraswarm.accessor.accessors-svn.*,pt-modules.*,ptolemy.apps.agilent.*,ptolemy.apps.anytimecontrol.*,ptolemy.apps.apes.*,ptolemy.apps.charon.*,ptolemy.apps.crazyboard.*,ptolemy.apps.eclipse.*,ptolemy.apps.etherealSting.*,ptolemy.apps.fullscreen.*,ptolemy.apps.giotto.*,ptolemy.apps.ia.*,ptolemy.apps.interfaces.*,ptolemy.apps.jmf.*,ptolemy.apps.kurt.*,ptolemy.apps.kvm.*,ptolemy.apps.lego.*,ptolemy.apps.lejos.*,ptolemy.apps.midp.*,ptolemy.apps.mobileCoding.*,ptolemy.apps.pendulum.*,ptolemy.apps.rijndael.*,ptolemy.apps.robot.*,ptolemy.apps.security.*,ptolemy.apps.sobel.*,ptolemy.apps.soot.*,ptolemy.apps.throttle.*,ptolemy.apps.tini.*,ptolemy.apps.transmission.*,ptolemy.apps.vergil.*,ptolemy.apps.waba.*,ptolemy.apps.websensor.*,ptolemy.apps.webstart.*,ptolemy.apps.xsl.*,ptolemy.apps.zaurus.*,ptolemy.codegen.c.actor.lib.oldJavaFiles.*,ptolemy.codegen.dsp.lib.*,ptolemy.codegen.kernel.newInterfaces.*,ptolemy.codegen.lib.*,ptolemy.copernicus.kernel.fragment.*,ptolemy.copernicus.shallow.cg.*,ptolemy.domains.giotto.demo.Hierarchy.Hierarchy.*,ptolemy.domains.giotto.demo.Multimode.Multimode.*,ptolemy.domains.giotto.demo.Simple.Simple.*,ptolemy.domains.gr.lib.experimental.*,ptolemy.domains.gro.*,ptolemy.domains.pdf.*,ptolemy.domains.ptinyos.demo.Surge.output.*,ptolemy.moml.test.NoPackageActor.java*,ptolemy.plot.adm.*,ptolemy.plot.servlet.*,reports.*,signed.*,src.*,target.*,vendors.*,ptolemy.apps.eclipse.awt.*,ptolemy.backtrack.*,ptolemy.backtrack.ast.*,ptolemy.cg.adapter.generic.program.procedural.c.mbed*,ptolemy.homer.*,org.ptolemy.scala.*,diva.util.java2d.svg.*,ptolemy.domains.ptinyos.*,ptolemy.actor.lib.fmi.fmipp.*,,org.terraswarm.accessor.accessors.web.node_modules.*,org.terraswarm.accessor.accessors-svn,ptolemy.apps.*,ptolemy.actor.ptalon.demo.ptinyos.SendAndReceiveCnt.output,ptolemy.actor.ptalon.demo.ptinyos.SenseToLeds.output,ptolemy.domains.ptinyos.demo.CntToLedsAndRfm.output,ptolemy.domains.ptinyos.demo.RfmToLeds.output,ptolemy.domains.ptinyos.demo.SendAndReceiveCnt.output,ptolemy.domains.ptinyos.demo.SenseToLeds.output,ptolemy.actor.lib.jjs.modules.udpSocket.*" />
    <property name="env.TRAVIS_COMMIT_MESSAGE" value="Minor updating in manual-ptii-hla.pdf." />
    <property name="keystore" value="ptKeystore" />
    <property name="env.XDG_SESSION_ID" value="2" />
    <property name="junit.output.dir" value="/home/travis/build/icyphy/ptII/reports/junit" />
    <property name="npm.return.code" value="0" />
    <property name="user.dir" value="/home/travis/build/icyphy/ptII/ptolemy/actor/lib/test" />
    <property name="env.TRAVIS_NODE_VERSION" value="7" />
    <property name="env.XFILESEARCHPATH" value="/usr/dt/app-defaults/%L/Dt" />
    <property name="env.TRAVIS_EVENT_TYPE" value="cron" />
    <property name="env.MAIL" value="/var/mail/travis" />
    <property name="env.PWD" value="/home/travis/build/icyphy/ptII" />
    <property name="env.PERLBREW_ROOT" value="/home/travis/perl5/perlbrew" />
    <property name="timeout.npm" value="45000" />
    <property name="env.TRAVIS_ARCH" value="amd64" />
    <property name="env.PAGER" value="cat" />
    <property name="sun.cpu.endian" value="little" />
    <property name="env.TRAVIS_BUILD_STAGE_NAME" value="Test" />
    <property name="env.PERLBREW_HOME" value="/home/travis/.perlbrew" />
    <property name="env.RAILS_ENV" value="test" />
    <property name="java.vm.version" value="25.151-b12" />
    <property name="java.class.path" value="/home/travis/.ptolemyII:/home/travis/.ptolemyII/*:/home/travis/build/icyphy/ptII:/home/travis/build/icyphy/ptII/lib/bsh-2.0b4.jar:/home/travis/build/icyphy/ptII/lib/ptCal.jar:/home/travis/build/icyphy/ptII/lib/java_cup.jar:/home/travis/build/icyphy/ptII/lib/saxon8.jar:/home/travis/build/icyphy/ptII/lib/saxon8-dom.jar:/home/travis/build/icyphy/ptII/lib/chic.jar:/home/travis/build/icyphy/ptII/lib/ptcolt.jar:/usr/lib/jvm/java-8-oracle/lib/tools.jar:/home/travis/build/icyphy/ptII/vendors/misc/itext/iText.jar:/home/travis/build/icyphy/ptII/lib/g4ltl.jar:/home/travis/build/icyphy/ptII/lib/StructuralCoder.jar:/home/travis/build/icyphy/ptII/vendors/jai-1_1_2_01/lib/jai_core.jar:/home/travis/build/icyphy/ptII/vendors/jai-1_1_2_01/lib/jai_codec.jar:/home/travis/build/icyphy/ptII/lib/jcerti.jar:/home/travis/build/icyphy/ptII/lib/javax.mail.jar:/home/travis/build/icyphy/ptII/vendors/JMF-2.1.1e/lib/jmf.jar:/home/travis/build/icyphy/ptII/lib/jna-4.0.0-variadic.jar:/home/travis/build/icyphy/ptII/vendors/misc/joystick/Joystick.jar:/home/travis/build/icyphy/ptII/lib/ptjacl.jar:/home/travis/build/icyphy/ptII/lib/jsoup-1.8.2.jar:/home/travis/build/icyphy/ptII/lib/junit-4.8.2.jar:/home/travis/build/icyphy/ptII/lib/JUnitParams-0.4.0.jar:/home/travis/build/icyphy/ptII/ptolemy/actor/lib/excel/jxl.jar:/home/travis/build/icyphy/ptII/lib/jython.jar:/home/travis/build/icyphy/ptII/lib/kieler.jar:/home/travis/build/icyphy/ptII/vendors/opencv/share/OpenCV/java/opencv-341.jar:/home/travis/build/icyphy/ptII/lib/oscP5.jar:/home/travis/build/icyphy/ptII/lib/nrjavaserial-3.11.0.devel.jar:/home/travis/build/icyphy/ptII/vendors/j3d/lib/j3dcore.jar:/home/travis/build/icyphy/ptII/vendors/j3d/lib/j3dutils.jar:/home/travis/build/icyphy/ptII/vendors/j3d/lib/vecmath.jar:/home/travis/build/icyphy/ptII/ptolemy/distributed/jini/jar/jini-core.jar:/home/travis/build/icyphy/ptII/ptolemy/distributed/jini/jar/jini-ext.jar:/home/travis/build/icyphy/ptII/ptolemy/distributed/jini/jar/sun-util.jar:/home/travis/build/icyphy/ptII/lib/protobuf-java-2.4.1.jar:/home/travis/build/icyphy/ptII/lib/org.eclipse.paho.client.mqttv3.jar:/home/travis/build/icyphy/ptII/lib/mapss.jar:/home/travis/build/icyphy/ptII/ptolemy/actor/ptalon/antlr/antlr.jar:/home/travis/build/icyphy/ptII/lib/JRI.jar:/home/travis/build/icyphy/ptII/lib/commons-lang-2.6.jar:/home/travis/build/icyphy/ptII/lib/commons-logging-1.1.1.jar:/home/travis/build/icyphy/ptII/lib/sootclasses.jar:/home/travis/build/icyphy/ptII/ptolemy/actor/lib/database/mysql-connector-java-5.1.6-bin.jar:/home/travis/build/icyphy/ptII/vendors/misc/sphinx4/sphinx4-data-5prealpha.jar:/home/travis/build/icyphy/ptII/vendors/misc/sphinx4/sphinx4-core-5prealpha.jar:/home/travis/build/icyphy/ptII/lib/PDFRenderer.jar:/home/travis/build/icyphy/ptII/lib/svgSalamander.jar:/home/travis/build/icyphy/ptII/lib/rsyntaxtextarea-2.6.0-SNAPSHOT.jar:/home/travis/build/icyphy/ptII/lib/hazelcast-3.8.2.jar:/home/travis/build/icyphy/ptII/lib/jackson-annotations-2.9.0.jar:/home/travis/build/icyphy/ptII/lib/jackson-core-2.9.3.jar:/home/travis/build/icyphy/ptII/lib/jackson-databind-2.9.3.jar:/home/travis/build/icyphy/ptII/lib/netty-buffer-4.1.19.Final.jar:/home/travis/build/icyphy/ptII/lib/netty-codec-4.1.19.Final.jar:/home/travis/build/icyphy/ptII/lib/netty-codec-dns-4.1.19.Final.jar:/home/travis/build/icyphy/ptII/lib/netty-codec-http-4.1.19.Final.jar:/home/travis/build/icyphy/ptII/lib/netty-codec-http2-4.1.19.Final.jar:/home/travis/build/icyphy/ptII/lib/netty-common-4.1.19.Final.jar:/home/travis/build/icyphy/ptII/lib/netty-handler-4.1.19.Final.jar:/home/travis/build/icyphy/ptII/lib/netty-resolver-4.1.19.Final.jar:/home/travis/build/icyphy/ptII/lib/netty-resolver-dns-4.1.19.Final.jar:/home/travis/build/icyphy/ptII/lib/netty-transport-4.1.19.Final.jar:/home/travis/build/icyphy/ptII/lib/vertx-codegen-3.5.1.jar:/home/travis/build/icyphy/ptII/lib/vertx-core-3.5.2-SNAPSHOT.jar:/home/travis/build/icyphy/ptII/lib/vertx-hazelcast-3.5.1.jar:/home/travis/build/icyphy/ptII/lib/vertx-lang-js-3.5.1.jar:/home/travis/build/icyphy/ptII/lib/vertx-service-proxy-3.5.1.jar:/home/travis/build/icyphy/ptII/lib/vertx-web-3.5.1.jar:/home/travis/build/icyphy/ptII/lib/slf4j-api-1.7.13.jar:/home/travis/build/icyphy/ptII/lib/slf4j-simple-1.7.13.jar:/home/travis/build/icyphy/ptII/lib/webcam-capture-0.3.12.jar:/home/travis/build/icyphy/ptII/lib/bridj-0.7.0.jar:/home/travis/build/icyphy/ptII/lib/xbjlib-1.1.0.nrjavaserial.jar:/home/travis/build/icyphy/ptII/ptolemy/moml/test:/home/travis/build/icyphy/ptII/ant/lib/ant-launcher.jar:/home/travis/build/icyphy/ptII/ant/lib/ant.jar:/home/travis/build/icyphy/ptII/ant/lib/ant-junit.jar:/home/travis/build/icyphy/ptII/ant/lib/ant-junit4.jar" />
    <property name="ant.library.dir" value="/home/travis/build/icyphy/ptII/ant/lib" />
    <property name="os.arch" value="amd64" />
    <property name="env.TRAVIS_LANGUAGE" value="node_js" />
    <property name="env.CONTINUOUS_INTEGRATION" value="true" />
    <property name="env.TRAVIS_STACK_LANGUAGES" value="__garnet__ c c++ clojure cplusplus cpp default go groovy java node_js php pure_java python ruby scala" />
    <property name="test.name" value="ptolemy.actor.lib.test.junit.JUnitTclTest" />
    <property name="sun.java.launcher" value="SUN_STANDARD" />
    <property name="env.PYTHON_CONFIGURE_OPTS" value="--enable-unicode=ucs4 --with-wide-unicode --enable-shared --enable-ipv6 --enable-loadable-sqlite-extensions --with-computed-gotos" />
    <property name="ant.core.lib" value="/home/travis/build/icyphy/ptII/ant/lib/ant.jar" />
    <property name="java.vm.specification.vendor" value="Oracle Corporation" />
    <property name="env.BCVTB_HOME" value="/home/travis/build/icyphy/ptII/lbnl" />
    <property name="file.separator" value="/" />
    <property name="spotbugs.home" value="/home/travis/build/icyphy/ptII/vendors/spotbugs-3.1.1" />
    <property name="java.runtime.version" value="1.8.0_151-b12" />
    <property name="sun.boot.class.path" value="/usr/lib/jvm/java-8-oracle/jre/lib/resources.jar:/usr/lib/jvm/java-8-oracle/jre/lib/rt.jar:/usr/lib/jvm/java-8-oracle/jre/lib/sunrsasign.jar:/usr/lib/jvm/java-8-oracle/jre/lib/jsse.jar:/usr/lib/jvm/java-8-oracle/jre/lib/jce.jar:/usr/lib/jvm/java-8-oracle/jre/lib/charsets.jar:/usr/lib/jvm/java-8-oracle/jre/lib/jfr.jar:/usr/lib/jvm/java-8-oracle/jre/classes" />
    <property name="env.ANSI_CLEAR" value="\033[0K" />
    <property name="env.HAS_JOSH_K_SEAL_OF_APPROVAL" value="true" />
    <property name="env.XDG_RUNTIME_DIR" value="/run/user/2000" />
    <property name="env.TRAVIS_OSX_IMAGE" value="" />
    <property name="env.TRAVIS_BRANCH" value="master" />
    <property name="env.TRAVIS_JOB_ID" value="516469144" />
    <property name="user.country" value="US" />
    <property name="env.CERTI_HOME_TRAVIS" value="/home/travis/pthla/certi-tools" />
    <property name="env.SHELL" value="/bin/bash" />
    <property name="java.maxmemory.large" value="5000m" />
    <property name="model" value="" />
    <property name="env.CASHER_DIR" value="/home/travis/.casher" />
    <property name="env.NVM_CD_FLAGS" value="" />
    <property name="jshint.executable" value="/home/travis/node_modules/jshint/bin/jshint" />
    <property name="java.vendor" value="Oracle Corporation" />
    <property name="env.JRUBY_OPTS" value=" --client -J-XX:+TieredCompilation -J-XX:TieredStopAtLevel=1 -J-Xss2m -Xcompile.invokedynamic=false" />
    <property name="env.TRAVIS_PRE_CHEF_BOOTSTRAP_TIME" value="2017-12-05T19:32:55" />
    <property name="env.TRAVIS_STACK_JOB_BOARD_REGISTER" value="/.job-board-register.yml" />
    <property name="env.ELIXIR_VERSION" value="1.4.5" />
    <property name="env.ANSI_RED" value="\033[31;1m" />
    <property name="java.specification.version" value="1.8" />
    <property name="env.TRAVIS" value="true" />
    <property name="env.IRBRC" value="/home/travis/.rvm/rubies/ruby-2.4.1/.irbrc" />
    <property name="sun.arch.data.model" value="64" />
  </properties>
  <testcase classname="ptolemy.util.test.junit.TclTests" name="[0] /home/travis/build/icyphy/ptII/ptolemy/actor/lib/test/AbsoluteValue.tcl (RunTclFile)" time="0.539" />
  <testcase classname="ptolemy.util.test.junit.TclTests" name="[1] /home/travis/build/icyphy/ptII/ptolemy/actor/lib/test/AddSubtract.tcl (RunTclFile)" time="0.059" />
  <testcase classname="ptolemy.util.test.junit.TclTests" name="[2] /home/travis/build/icyphy/ptII/ptolemy/actor/lib/test/Average.tcl (RunTclFile)" time="0.049" />
  <testcase classname="ptolemy.util.test.junit.TclTests" name="[3] /home/travis/build/icyphy/ptII/ptolemy/actor/lib/test/Bernoulli.tcl (RunTclFile)" time="0.017" />
  <testcase classname="ptolemy.util.test.junit.TclTests" name="[4] /home/travis/build/icyphy/ptII/ptolemy/actor/lib/test/Clock.tcl (RunTclFile)" time="0.088" />
  <testcase classname="ptolemy.util.test.junit.TclTests" name="[5] /home/travis/build/icyphy/ptII/ptolemy/actor/lib/test/Commutator.tcl (RunTclFile)" time="0.12" />
  <testcase classname="ptolemy.util.test.junit.TclTests" name="[6] /home/travis/build/icyphy/ptII/ptolemy/actor/lib/test/Const.tcl (RunTclFile)" time="0.144" />
  <testcase classname="ptolemy.util.test.junit.TclTests" name="[7] /home/travis/build/icyphy/ptII/ptolemy/actor/lib/test/CurrentTime.tcl (RunTclFile)" time="0.043" />
  <testcase classname="ptolemy.util.test.junit.TclTests" name="[8] /home/travis/build/icyphy/ptII/ptolemy/actor/lib/test/DB.tcl (RunTclFile)" time="0.036" />
  <testcase classname="ptolemy.util.test.junit.TclTests" name="[9] /home/travis/build/icyphy/ptII/ptolemy/actor/lib/test/DiscreteRandomSource.tcl (RunTclFile)" time="0.046" />
  <testcase classname="ptolemy.util.test.junit.TclTests" name="[10] /home/travis/build/icyphy/ptII/ptolemy/actor/lib/test/Distributor.tcl (RunTclFile)" time="0.071" />
  <testcase classname="ptolemy.util.test.junit.TclTests" name="[11] /home/travis/build/icyphy/ptII/ptolemy/actor/lib/test/Exit.tcl (RunTclFile)" time="0.063" />
  <testcase classname="ptolemy.util.test.junit.TclTests" name="[12] /home/travis/build/icyphy/ptII/ptolemy/actor/lib/test/Expression.tcl (RunTclFile)" time="0.092" />
  <testcase classname="ptolemy.util.test.junit.TclTests" name="[13] /home/travis/build/icyphy/ptII/ptolemy/actor/lib/test/Gaussian.tcl (RunTclFile)" time="0.677" />
  <testcase classname="ptolemy.util.test.junit.TclTests" name="[14] /home/travis/build/icyphy/ptII/ptolemy/actor/lib/test/IIR.tcl (RunTclFile)" time="0.022" />
  <testcase classname="ptolemy.util.test.junit.TclTests" name="[15] /home/travis/build/icyphy/ptII/ptolemy/actor/lib/test/Interpolator.tcl (RunTclFile)" time="0.052" />
  <testcase classname="ptolemy.util.test.junit.TclTests" name="[16] /home/travis/build/icyphy/ptII/ptolemy/actor/lib/test/MathFunction.tcl (RunTclFile)" time="0.072" />
  <testcase classname="ptolemy.util.test.junit.TclTests" name="[17] /home/travis/build/icyphy/ptII/ptolemy/actor/lib/test/Maximum.tcl (RunTclFile)" time="0.04" />
  <testcase classname="ptolemy.util.test.junit.TclTests" name="[18] /home/travis/build/icyphy/ptII/ptolemy/actor/lib/test/Minimum.tcl (RunTclFile)" time="0.027" />
  <testcase classname="ptolemy.util.test.junit.TclTests" name="[19] /home/travis/build/icyphy/ptII/ptolemy/actor/lib/test/MultiplyDivide.tcl (RunTclFile)" time="0.023" />
  <testcase classname="ptolemy.util.test.junit.TclTests" name="[20] /home/travis/build/icyphy/ptII/ptolemy/actor/lib/test/OrderedMerge.tcl (RunTclFile)" time="0.083" />
  <testcase classname="ptolemy.util.test.junit.TclTests" name="[21] /home/travis/build/icyphy/ptII/ptolemy/actor/lib/test/Publisher.tcl (RunTclFile)" time="0.671" />
  <testcase classname="ptolemy.util.test.junit.TclTests" name="[22] /home/travis/build/icyphy/ptII/ptolemy/actor/lib/test/Pulse.tcl (RunTclFile)" time="0.064" />
  <testcase classname="ptolemy.util.test.junit.TclTests" name="[23] /home/travis/build/icyphy/ptII/ptolemy/actor/lib/test/Ramp.tcl (RunTclFile)" time="1.899" />
  <testcase classname="ptolemy.util.test.junit.TclTests" name="[24] /home/travis/build/icyphy/ptII/ptolemy/actor/lib/test/RampContinuous.tcl (RunTclFile)" time="0.02" />
  <testcase classname="ptolemy.util.test.junit.TclTests" name="[25] /home/travis/build/icyphy/ptII/ptolemy/actor/lib/test/RecordAssembler.tcl (RunTclFile)" time="0.023" />
  <testcase classname="ptolemy.util.test.junit.TclTests" name="[26] /home/travis/build/icyphy/ptII/ptolemy/actor/lib/test/RecordDisassembler.tcl (RunTclFile)" time="0.027" />
  <testcase classname="ptolemy.util.test.junit.TclTests" name="[27] /home/travis/build/icyphy/ptII/ptolemy/actor/lib/test/Scale.tcl (RunTclFile)" time="0.033" />
  <testcase classname="ptolemy.util.test.junit.TclTests" name="[28] /home/travis/build/icyphy/ptII/ptolemy/actor/lib/test/SequentialClock.tcl (RunTclFile)" time="0.02" />
  <testcase classname="ptolemy.util.test.junit.TclTests" name="[29] /home/travis/build/icyphy/ptII/ptolemy/actor/lib/test/SetVariable.tcl (RunTclFile)" time="0.016" />
  <testcase classname="ptolemy.util.test.junit.TclTests" name="[30] /home/travis/build/icyphy/ptII/ptolemy/actor/lib/test/Sinewave.tcl (RunTclFile)" time="0.062" />
  <testcase classname="ptolemy.util.test.junit.TclTests" name="[31] /home/travis/build/icyphy/ptII/ptolemy/actor/lib/test/SubscriptionAggregator.tcl (RunTclFile)" time="1.954" />
  <testcase classname="ptolemy.util.test.junit.TclTests" name="[32] /home/travis/build/icyphy/ptII/ptolemy/actor/lib/test/Test.tcl (RunTclFile)" time="0.066" />
  <testcase classname="ptolemy.util.test.junit.TclTests" name="[33] /home/travis/build/icyphy/ptII/ptolemy/actor/lib/test/TestExceptionHandler.tcl (RunTclFile)" time="0.01" />
  <testcase classname="ptolemy.util.test.junit.TclTests" name="[34] /home/travis/build/icyphy/ptII/ptolemy/actor/lib/test/UnionDisassembler.tcl (RunTclFile)" time="0.04" />
  <testcase classname="ptolemy.util.test.junit.TclTests" name="[35] /home/travis/build/icyphy/ptII/ptolemy/actor/lib/test/VariableClock.tcl (RunTclFile)" time="0.016" />
  <testcase classname="ptolemy.util.test.junit.AutoKnownFailedTests" name="[0] /home/travis/build/icyphy/ptII/ptolemy/actor/lib/test/auto/knownFailedTests/PublisherPortToplevelSubscriber.xml (RunModel)" time="0.022" />
  <testcase classname="ptolemy.util.test.junit.AutoKnownFailedTests" name="[1] /home/travis/build/icyphy/ptII/ptolemy/actor/lib/test/auto/knownFailedTests/PublisherSubscriberPortToplevel.xml (RunModel)" time="0.084" />
  <testcase classname="ptolemy.util.test.junit.AutoKnownFailedTests" name="[2] /home/travis/build/icyphy/ptII/ptolemy/actor/lib/test/auto/knownFailedTests/PublisherSubscriptionAggregatorPort.xml (RunModel)" time="0.018" />
  <testcase classname="ptolemy.util.test.junit.AutoKnownFailedTests" name="[3] /home/travis/build/icyphy/ptII/ptolemy/actor/lib/test/auto/knownFailedTests/sizedarray3.xml (RunModel)" time="0.023" />
  <testcase classname="ptolemy.util.test.junit.AutoNameArchTests" name="[0] ThereAreNoAutoArchTests (RunModel)" time="0.007" />
  <testcase classname="ptolemy.util.test.junit.AutoTests" name="[0] /home/travis/build/icyphy/ptII/ptolemy/actor/lib/test/auto/AbsoluteValue.xml (RunModel)" time="0.112" />
  <testcase classname="ptolemy.util.test.junit.AutoTests" name="[1] /home/travis/build/icyphy/ptII/ptolemy/actor/lib/test/auto/AbsoluteValue2.xml (RunModel)" time="0.054" />
  <testcase classname="ptolemy.util.test.junit.AutoTests" name="[2] /home/travis/build/icyphy/ptII/ptolemy/actor/lib/test/auto/Accumulator.xml (RunModel)" time="0.065" />
  <testcase classname="ptolemy.util.test.junit.AutoTests" name="[3] /home/travis/build/icyphy/ptII/ptolemy/actor/lib/test/auto/Accumulator2.xml (RunModel)" time="0.02" />
  <testcase classname="ptolemy.util.test.junit.AutoTests" name="[4] /home/travis/build/icyphy/ptII/ptolemy/actor/lib/test/auto/Accumulator3.xml (RunModel)" time="0.016" />
  <testcase classname="ptolemy.util.test.junit.AutoTests" name="[5] /home/travis/build/icyphy/ptII/ptolemy/actor/lib/test/auto/ArrayAppend.xml (RunModel)" time="0.03" />
  <testcase classname="ptolemy.util.test.junit.AutoTests" name="[6] /home/travis/build/icyphy/ptII/ptolemy/actor/lib/test/auto/ArrayAppend2.xml (RunModel)" time="0.682" />
  <testcase classname="ptolemy.util.test.junit.AutoTests" name="[7] /home/travis/build/icyphy/ptII/ptolemy/actor/lib/test/auto/ArrayAppend3.xml (RunModel)" time="0.043" />
  <testcase classname="ptolemy.util.test.junit.AutoTests" name="[8] /home/travis/build/icyphy/ptII/ptolemy/actor/lib/test/auto/ArrayAppend4.xml (RunModel)" time="0.032" />
  <testcase classname="ptolemy.util.test.junit.AutoTests" name="[9] /home/travis/build/icyphy/ptII/ptolemy/actor/lib/test/auto/ArrayAppend5.xml (RunModel)" time="0.027" />
  <testcase classname="ptolemy.util.test.junit.AutoTests" name="[10] /home/travis/build/icyphy/ptII/ptolemy/actor/lib/test/auto/ArrayAppend6.xml (RunModel)" time="0.024" />
  <testcase classname="ptolemy.util.test.junit.AutoTests" name="[11] /home/travis/build/icyphy/ptII/ptolemy/actor/lib/test/auto/ArrayAppendPerformanceTest.xml (RunModel)" time="0.039" />
  <testcase classname="ptolemy.util.test.junit.AutoTests" name="[12] /home/travis/build/icyphy/ptII/ptolemy/actor/lib/test/auto/ArrayAppendWithEmptyInput.xml (RunModel)" time="0.034" />
  <testcase classname="ptolemy.util.test.junit.AutoTests" name="[13] /home/travis/build/icyphy/ptII/ptolemy/actor/lib/test/auto/ArrayAverage.xml (RunModel)" time="0.075" />
  <testcase classname="ptolemy.util.test.junit.AutoTests" name="[14] /home/travis/build/icyphy/ptII/ptolemy/actor/lib/test/auto/ArrayContains.xml (RunModel)" time="0.026" />
  <testcase classname="ptolemy.util.test.junit.AutoTests" name="[15] /home/travis/build/icyphy/ptII/ptolemy/actor/lib/test/auto/ArrayElement.xml (RunModel)" time="0.038" />
  <testcase classname="ptolemy.util.test.junit.AutoTests" name="[16] /home/travis/build/icyphy/ptII/ptolemy/actor/lib/test/auto/ArrayElementAsMatrix.xml (RunModel)" time="0.068" />
  <testcase classname="ptolemy.util.test.junit.AutoTests" name="[17] /home/travis/build/icyphy/ptII/ptolemy/actor/lib/test/auto/ArrayElementI.xml (RunModel)" time="0.016" />
  <testcase classname="ptolemy.util.test.junit.AutoTests" name="[18] /home/travis/build/icyphy/ptII/ptolemy/actor/lib/test/auto/ArrayExtract.xml (RunModel)" time="0.03" />
  <testcase classname="ptolemy.util.test.junit.AutoTests" name="[19] /home/travis/build/icyphy/ptII/ptolemy/actor/lib/test/auto/ArrayExtract2.xml (RunModel)" time="0.026" />
  <testcase classname="ptolemy.util.test.junit.AutoTests" name="[20] /home/travis/build/icyphy/ptII/ptolemy/actor/lib/test/auto/ArrayLength.xml (RunModel)" time="0.03" />
  <testcase classname="ptolemy.util.test.junit.AutoTests" name="[21] /home/travis/build/icyphy/ptII/ptolemy/actor/lib/test/auto/ArrayLevelCrossing.xml (RunModel)" time="0.032" />
  <testcase classname="ptolemy.util.test.junit.AutoTests" name="[22] /home/travis/build/icyphy/ptII/ptolemy/actor/lib/test/auto/ArrayLevelCrossing2.xml (RunModel)" time="0.024" />
  <testcase classname="ptolemy.util.test.junit.AutoTests" name="[23] /home/travis/build/icyphy/ptII/ptolemy/actor/lib/test/auto/ArrayPeakSearch.xml (RunModel)" time="0.091" />
  <testcase classname="ptolemy.util.test.junit.AutoTests" name="[24] /home/travis/build/icyphy/ptII/ptolemy/actor/lib/test/auto/ArrayPeakSearch2.xml (RunModel)" time="0.037" />
  <testcase classname="ptolemy.util.test.junit.AutoTests" name="[25] /home/travis/build/icyphy/ptII/ptolemy/actor/lib/test/auto/ArrayPeakSearch3.xml (RunModel)" time="0.03" />
  <testcase classname="ptolemy.util.test.junit.AutoTests" name="[26] /home/travis/build/icyphy/ptII/ptolemy/actor/lib/test/auto/ArrayRemoveElement.xml (RunModel)" time="0.028" />
  <testcase classname="ptolemy.util.test.junit.AutoTests" name="[27] /home/travis/build/icyphy/ptII/ptolemy/actor/lib/test/auto/ArraySort.xml (RunModel)" time="0.052" />
  <testcase classname="ptolemy.util.test.junit.AutoTests" name="[28] /home/travis/build/icyphy/ptII/ptolemy/actor/lib/test/auto/ArraySum.xml (RunModel)" time="0.014" />
  <testcase classname="ptolemy.util.test.junit.AutoTests" name="[29] /home/travis/build/icyphy/ptII/ptolemy/actor/lib/test/auto/ArrayToElements.xml (RunModel)" time="0.015" />
  <testcase classname="ptolemy.util.test.junit.AutoTests" name="[30] /home/travis/build/icyphy/ptII/ptolemy/actor/lib/test/auto/ArrayToMatrix.xml (RunModel)" time="0.058" />
  <testcase classname="ptolemy.util.test.junit.AutoTests" name="[31] /home/travis/build/icyphy/ptII/ptolemy/actor/lib/test/auto/ArrayUpdate1.xml (RunModel)" time="0.018" />
  <testcase classname="ptolemy.util.test.junit.AutoTests" name="[32] /home/travis/build/icyphy/ptII/ptolemy/actor/lib/test/auto/ArrayUpdate2.xml (RunModel)" time="0.022" />
  <testcase classname="ptolemy.util.test.junit.AutoTests" name="[33] /home/travis/build/icyphy/ptII/ptolemy/actor/lib/test/auto/ArrayUpdate3.xml (RunModel)" time="0.018" />
  <testcase classname="ptolemy.util.test.junit.AutoTests" name="[34] /home/travis/build/icyphy/ptII/ptolemy/actor/lib/test/auto/Assert1.xml (RunModel)" time="0.027" />
  <testcase classname="ptolemy.util.test.junit.AutoTests" name="[35] /home/travis/build/icyphy/ptII/ptolemy/actor/lib/test/auto/Assert2.xml (RunModel)" time="0.029" />
  <testcase classname="ptolemy.util.test.junit.AutoTests" name="[36] /home/travis/build/icyphy/ptII/ptolemy/actor/lib/test/auto/BooleanMultiplexor.xml (RunModel)" time="0.027" />
  <testcase classname="ptolemy.util.test.junit.AutoTests" name="[37] /home/travis/build/icyphy/ptII/ptolemy/actor/lib/test/auto/BooleanMultiplexor2.xml (RunModel)" time="0.028" />
  <testcase classname="ptolemy.util.test.junit.AutoTests" name="[38] /home/travis/build/icyphy/ptII/ptolemy/actor/lib/test/auto/BooleanMultiplexor3.xml (RunModel)" time="0.026" />
  <testcase classname="ptolemy.util.test.junit.AutoTests" name="[39] /home/travis/build/icyphy/ptII/ptolemy/actor/lib/test/auto/BooleanSelect.xml (RunModel)" time="0.02" />
  <testcase classname="ptolemy.util.test.junit.AutoTests" name="[40] /home/travis/build/icyphy/ptII/ptolemy/actor/lib/test/auto/BooleanSelect2.xml (RunModel)" time="0.013" />
  <testcase classname="ptolemy.util.test.junit.AutoTests" name="[41] /home/travis/build/icyphy/ptII/ptolemy/actor/lib/test/auto/BooleanSwitch.xml (RunModel)" time="0.022" />
  <testcase classname="ptolemy.util.test.junit.AutoTests" name="[42] /home/travis/build/icyphy/ptII/ptolemy/actor/lib/test/auto/BooleanSwitch2.xml (RunModel)" time="0.014" />
  <testcase classname="ptolemy.util.test.junit.AutoTests" name="[43] /home/travis/build/icyphy/ptII/ptolemy/actor/lib/test/auto/BooleanSwitchCloningBugWithClassRelationGroup.xml (RunModel)" time="0.028" />
  <testcase classname="ptolemy.util.test.junit.AutoTests" name="[44] /home/travis/build/icyphy/ptII/ptolemy/actor/lib/test/auto/BusActors.xml (RunModel)" time="0.034" />
  <testcase classname="ptolemy.util.test.junit.AutoTests" name="[45] /home/travis/build/icyphy/ptII/ptolemy/actor/lib/test/auto/ClassWrapper.xml (RunModel)" time="0.011" />
  <testcase classname="ptolemy.util.test.junit.AutoTests" name="[46] /home/travis/build/icyphy/ptII/ptolemy/actor/lib/test/auto/Clock.xml (RunModel)" time="0.011" />
  <testcase classname="ptolemy.util.test.junit.AutoTests" name="[47] /home/travis/build/icyphy/ptII/ptolemy/actor/lib/test/auto/Clock10.xml (RunModel)" time="0.023" />
  <testcase classname="ptolemy.util.test.junit.AutoTests" name="[48] /home/travis/build/icyphy/ptII/ptolemy/actor/lib/test/auto/Clock11.xml (RunModel)" time="0.022" />
  <testcase classname="ptolemy.util.test.junit.AutoTests" name="[49] /home/travis/build/icyphy/ptII/ptolemy/actor/lib/test/auto/Clock12.xml (RunModel)" time="0.017" />
  <testcase classname="ptolemy.util.test.junit.AutoTests" name="[50] /home/travis/build/icyphy/ptII/ptolemy/actor/lib/test/auto/Clock13.xml (RunModel)" time="0.021" />
  <testcase classname="ptolemy.util.test.junit.AutoTests" name="[51] /home/travis/build/icyphy/ptII/ptolemy/actor/lib/test/auto/Clock14.xml (RunModel)" time="0.02" />
  <testcase classname="ptolemy.util.test.junit.AutoTests" name="[52] /home/travis/build/icyphy/ptII/ptolemy/actor/lib/test/auto/Clock15.xml (RunModel)" time="0.016" />
  <testcase classname="ptolemy.util.test.junit.AutoTests" name="[53] /home/travis/build/icyphy/ptII/ptolemy/actor/lib/test/auto/Clock16.xml (RunModel)" time="0.081" />
  <testcase classname="ptolemy.util.test.junit.AutoTests" name="[54] /home/travis/build/icyphy/ptII/ptolemy/actor/lib/test/auto/Clock17.xml (RunModel)" time="0.047" />
  <testcase classname="ptolemy.util.test.junit.AutoTests" name="[55] /home/travis/build/icyphy/ptII/ptolemy/actor/lib/test/auto/Clock18.xml (RunModel)" time="0.048" />
  <testcase classname="ptolemy.util.test.junit.AutoTests" name="[56] /home/travis/build/icyphy/ptII/ptolemy/actor/lib/test/auto/Clock19.xml (RunModel)" time="0.053" />
  <testcase classname="ptolemy.util.test.junit.AutoTests" name="[57] /home/travis/build/icyphy/ptII/ptolemy/actor/lib/test/auto/Clock2.xml (RunModel)" time="0.017" />
  <testcase classname="ptolemy.util.test.junit.AutoTests" name="[58] /home/travis/build/icyphy/ptII/ptolemy/actor/lib/test/auto/Clock20.xml (RunModel)" time="0.024" />
  <testcase classname="ptolemy.util.test.junit.AutoTests" name="[59] /home/travis/build/icyphy/ptII/ptolemy/actor/lib/test/auto/Clock21.xml (RunModel)" time="0.018" />
  <testcase classname="ptolemy.util.test.junit.AutoTests" name="[60] /home/travis/build/icyphy/ptII/ptolemy/actor/lib/test/auto/Clock22.xml (RunModel)" time="0.018" />
  <testcase classname="ptolemy.util.test.junit.AutoTests" name="[61] /home/travis/build/icyphy/ptII/ptolemy/actor/lib/test/auto/Clock23.xml (RunModel)" time="0.022" />
  <testcase classname="ptolemy.util.test.junit.AutoTests" name="[62] /home/travis/build/icyphy/ptII/ptolemy/actor/lib/test/auto/Clock24.xml (RunModel)" time="0.012" />
  <testcase classname="ptolemy.util.test.junit.AutoTests" name="[63] /home/travis/build/icyphy/ptII/ptolemy/actor/lib/test/auto/Clock4.xml (RunModel)" time="0.014" />
  <testcase classname="ptolemy.util.test.junit.AutoTests" name="[64] /home/travis/build/icyphy/ptII/ptolemy/actor/lib/test/auto/Clock5.xml (RunModel)" time="0.02" />
  <testcase classname="ptolemy.util.test.junit.AutoTests" name="[65] /home/travis/build/icyphy/ptII/ptolemy/actor/lib/test/auto/Clock6.xml (RunModel)" time="0.011" />
  <testcase classname="ptolemy.util.test.junit.AutoTests" name="[66] /home/travis/build/icyphy/ptII/ptolemy/actor/lib/test/auto/Clock7.xml (RunModel)" time="0.011" />
  <testcase classname="ptolemy.util.test.junit.AutoTests" name="[67] /home/travis/build/icyphy/ptII/ptolemy/actor/lib/test/auto/Clock8.xml (RunModel)" time="0.014" />
  <testcase classname="ptolemy.util.test.junit.AutoTests" name="[68] /home/travis/build/icyphy/ptII/ptolemy/actor/lib/test/auto/Clock9.xml (RunModel)" time="0.012" />
  <testcase classname="ptolemy.util.test.junit.AutoTests" name="[69] /home/travis/build/icyphy/ptII/ptolemy/actor/lib/test/auto/CommDistDiscard.xml (RunModel)" time="0.026" />
  <testcase classname="ptolemy.util.test.junit.AutoTests" name="[70] /home/travis/build/icyphy/ptII/ptolemy/actor/lib/test/auto/Commutator.xml (RunModel)" time="0.014" />
  <testcase classname="ptolemy.util.test.junit.AutoTests" name="[71] /home/travis/build/icyphy/ptII/ptolemy/actor/lib/test/auto/Commutator2.xml (RunModel)" time="0.014" />
  <testcase classname="ptolemy.util.test.junit.AutoTests" name="[72] /home/travis/build/icyphy/ptII/ptolemy/actor/lib/test/auto/Commutator3.xml (RunModel)" time="0.013" />
  <testcase classname="ptolemy.util.test.junit.AutoTests" name="[73] /home/travis/build/icyphy/ptII/ptolemy/actor/lib/test/auto/Compare.xml (RunModel)" time="0.02" />
  <testcase classname="ptolemy.util.test.junit.AutoTests" name="[74] /home/travis/build/icyphy/ptII/ptolemy/actor/lib/test/auto/CompareDE.xml (RunModel)" time="0.02" />
  <testcase classname="ptolemy.util.test.junit.AutoTests" name="[75] /home/travis/build/icyphy/ptII/ptolemy/actor/lib/test/auto/ComplexDivide.xml (RunModel)" time="0.009" />
  <testcase classname="ptolemy.util.test.junit.AutoTests" name="[76] /home/travis/build/icyphy/ptII/ptolemy/actor/lib/test/auto/ComputeHistogram.xml (RunModel)" time="0.072" />
  <testcase classname="ptolemy.util.test.junit.AutoTests" name="[77] /home/travis/build/icyphy/ptII/ptolemy/actor/lib/test/auto/ConfigurationSelect.xml (RunModel)" time="0.018" />
  <testcase classname="ptolemy.util.test.junit.AutoTests" name="[78] /home/travis/build/icyphy/ptII/ptolemy/actor/lib/test/auto/ConfigurationSelect2.xml (RunModel)" time="0.013" />
  <testcase classname="ptolemy.util.test.junit.AutoTests" name="[79] /home/travis/build/icyphy/ptII/ptolemy/actor/lib/test/auto/ConfigurationSwitch.xml (RunModel)" time="0.03" />
  <testcase classname="ptolemy.util.test.junit.AutoTests" name="[80] /home/travis/build/icyphy/ptII/ptolemy/actor/lib/test/auto/ConfigurationSwitch2.xml (RunModel)" time="0.015" />
  <testcase classname="ptolemy.util.test.junit.AutoTests" name="[81] /home/travis/build/icyphy/ptII/ptolemy/actor/lib/test/auto/ConfigurationSwitchCloningBugWithClassRelationGroup.xml (RunModel)" time="0.025" />
  <testcase classname="ptolemy.util.test.junit.AutoTests" name="[82] /home/travis/build/icyphy/ptII/ptolemy/actor/lib/test/auto/ConfigurationSwitchSelectSDF.xml (RunModel)" time="0.016" />
  <testcase classname="ptolemy.util.test.junit.AutoTests" name="[83] /home/travis/build/icyphy/ptII/ptolemy/actor/lib/test/auto/ConfigurationSwitchSelectSDF2.xml (RunModel)" time="0.019" />
  <testcase classname="ptolemy.util.test.junit.AutoTests" name="[84] /home/travis/build/icyphy/ptII/ptolemy/actor/lib/test/auto/Const.xml (RunModel)" time="0.007" />
  <testcase classname="ptolemy.util.test.junit.AutoTests" name="[85] /home/travis/build/icyphy/ptII/ptolemy/actor/lib/test/auto/Const2.xml (RunModel)" time="0.011" />
  <testcase classname="ptolemy.util.test.junit.AutoTests" name="[86] /home/travis/build/icyphy/ptII/ptolemy/actor/lib/test/auto/Const3.xml (RunModel)" time="0.007" />
  <testcase classname="ptolemy.util.test.junit.AutoTests" name="[87] /home/travis/build/icyphy/ptII/ptolemy/actor/lib/test/auto/ConstantPublisherPort1.xml (RunModel)" time="0.028" />
  <testcase classname="ptolemy.util.test.junit.AutoTests" name="[88] /home/travis/build/icyphy/ptII/ptolemy/actor/lib/test/auto/ConstantPublisherPort2.xml (RunModel)" time="0.023" />
  <testcase classname="ptolemy.util.test.junit.AutoTests" name="[89] /home/travis/build/icyphy/ptII/ptolemy/actor/lib/test/auto/ConstantPublisherPort3.xml (RunModel)" time="0.021" />
  <testcase classname="ptolemy.util.test.junit.AutoTests" name="[90] /home/travis/build/icyphy/ptII/ptolemy/actor/lib/test/auto/ConstantPublisherPort4.xml (RunModel)" time="0.015" />
  <testcase classname="ptolemy.util.test.junit.AutoTests" name="[91] /home/travis/build/icyphy/ptII/ptolemy/actor/lib/test/auto/ConstantPublisherPort5.xml (RunModel)" time="0.032" />
  <testcase classname="ptolemy.util.test.junit.AutoTests" name="[92] /home/travis/build/icyphy/ptII/ptolemy/actor/lib/test/auto/ConstantPublisherPort6.xml (RunModel)" time="0.032" />
  <testcase classname="ptolemy.util.test.junit.AutoTests" name="[93] /home/travis/build/icyphy/ptII/ptolemy/actor/lib/test/auto/ConstantPublisherPort7.xml (RunModel)" time="0.029" />
  <testcase classname="ptolemy.util.test.junit.AutoTests" name="[94] /home/travis/build/icyphy/ptII/ptolemy/actor/lib/test/auto/ConstraintMonitor1.xml (RunModel)" time="0.029" />
  <testcase classname="ptolemy.util.test.junit.AutoTests" name="[95] /home/travis/build/icyphy/ptII/ptolemy/actor/lib/test/auto/ConstraintMonitor2.xml (RunModel)" time="0.01" />
  <testcase classname="ptolemy.util.test.junit.AutoTests" name="[96] /home/travis/build/icyphy/ptII/ptolemy/actor/lib/test/auto/ConstraintMonitor3.xml (RunModel)" time="0.012" />
  <testcase classname="ptolemy.util.test.junit.AutoTests" name="[97] /home/travis/build/icyphy/ptII/ptolemy/actor/lib/test/auto/ConstraintMonitor4.xml (RunModel)" time="0.011" />
  <testcase classname="ptolemy.util.test.junit.AutoTests" name="[98] /home/travis/build/icyphy/ptII/ptolemy/actor/lib/test/auto/ConstraintMonitor5.xml (RunModel)" time="0.011" />
  <testcase classname="ptolemy.util.test.junit.AutoTests" name="[99] /home/travis/build/icyphy/ptII/ptolemy/actor/lib/test/auto/ConstraintMonitor6.xml (RunModel)" time="0.014" />
  <testcase classname="ptolemy.util.test.junit.AutoTests" name="[100] /home/travis/build/icyphy/ptII/ptolemy/actor/lib/test/auto/ConstraintMonitor7.xml (RunModel)" time="0.017" />
  <testcase classname="ptolemy.util.test.junit.AutoTests" name="[101] /home/travis/build/icyphy/ptII/ptolemy/actor/lib/test/auto/ConstraintMonitor8.xml (RunModel)" time="0.018" />
  <testcase classname="ptolemy.util.test.junit.AutoTests" name="[102] /home/travis/build/icyphy/ptII/ptolemy/actor/lib/test/auto/Counter.xml (RunModel)" time="0.011" />
  <testcase classname="ptolemy.util.test.junit.AutoTests" name="[103] /home/travis/build/icyphy/ptII/ptolemy/actor/lib/test/auto/CurrentTimeSDF.xml (RunModel)" time="0.008" />
  <testcase classname="ptolemy.util.test.junit.AutoTests" name="[104] /home/travis/build/icyphy/ptII/ptolemy/actor/lib/test/auto/DB.xml (RunModel)" time="0.013" />
  <testcase classname="ptolemy.util.test.junit.AutoTests" name="[105] /home/travis/build/icyphy/ptII/ptolemy/actor/lib/test/auto/DBDE.xml (RunModel)" time="0.014" />
  <testcase classname="ptolemy.util.test.junit.AutoTests" name="[106] /home/travis/build/icyphy/ptII/ptolemy/actor/lib/test/auto/DateConstructor.xml (RunModel)" time="0.058" />
  <testcase classname="ptolemy.util.test.junit.AutoTests" name="[107] /home/travis/build/icyphy/ptII/ptolemy/actor/lib/test/auto/DelayTime.xml (RunModel)" time="0.019" />
  <testcase classname="ptolemy.util.test.junit.AutoTests" name="[108] /home/travis/build/icyphy/ptII/ptolemy/actor/lib/test/auto/Dictionary1.xml (RunModel)" time="0.017" />
  <testcase classname="ptolemy.util.test.junit.AutoTests" name="[109] /home/travis/build/icyphy/ptII/ptolemy/actor/lib/test/auto/Dictionary2.xml (RunModel)" time="0.014" />
  <testcase classname="ptolemy.util.test.junit.AutoTests" name="[110] /home/travis/build/icyphy/ptII/ptolemy/actor/lib/test/auto/Dictionary3.xml (RunModel)" time="0.012" />
  <testcase classname="ptolemy.util.test.junit.AutoTests" name="[111] /home/travis/build/icyphy/ptII/ptolemy/actor/lib/test/auto/Dictionary4.xml (RunModel)" time="0.016" />
  <testcase classname="ptolemy.util.test.junit.AutoTests" name="[112] /home/travis/build/icyphy/ptII/ptolemy/actor/lib/test/auto/Differential.xml (RunModel)" time="0.011" />
  <testcase classname="ptolemy.util.test.junit.AutoTests" name="[113] /home/travis/build/icyphy/ptII/ptolemy/actor/lib/test/auto/Director.xml (RunModel)" time="0.01" />
  <testcase classname="ptolemy.util.test.junit.AutoTests" name="[114] /home/travis/build/icyphy/ptII/ptolemy/actor/lib/test/auto/DiscreteClock.xml (RunModel)" time="0.008" />
  <testcase classname="ptolemy.util.test.junit.AutoTests" name="[115] /home/travis/build/icyphy/ptII/ptolemy/actor/lib/test/auto/DiscreteClock10.xml (RunModel)" time="0.011" />
  <testcase classname="ptolemy.util.test.junit.AutoTests" name="[116] /home/travis/build/icyphy/ptII/ptolemy/actor/lib/test/auto/DiscreteClock11.xml (RunModel)" time="0.012" />
  <testcase classname="ptolemy.util.test.junit.AutoTests" name="[117] /home/travis/build/icyphy/ptII/ptolemy/actor/lib/test/auto/DiscreteClock12.xml (RunModel)" time="0.013" />
  <testcase classname="ptolemy.util.test.junit.AutoTests" name="[118] /home/travis/build/icyphy/ptII/ptolemy/actor/lib/test/auto/DiscreteClock13.xml (RunModel)" time="0.016" />
  <testcase classname="ptolemy.util.test.junit.AutoTests" name="[119] /home/travis/build/icyphy/ptII/ptolemy/actor/lib/test/auto/DiscreteClock14.xml (RunModel)" time="0.015" />
  <testcase classname="ptolemy.util.test.junit.AutoTests" name="[120] /home/travis/build/icyphy/ptII/ptolemy/actor/lib/test/auto/DiscreteClock15.xml (RunModel)" time="0.015" />
  <testcase classname="ptolemy.util.test.junit.AutoTests" name="[121] /home/travis/build/icyphy/ptII/ptolemy/actor/lib/test/auto/DiscreteClock16.xml (RunModel)" time="0.515" />
  <testcase classname="ptolemy.util.test.junit.AutoTests" name="[122] /home/travis/build/icyphy/ptII/ptolemy/actor/lib/test/auto/DiscreteClock17.xml (RunModel)" time="0.047" />
  <testcase classname="ptolemy.util.test.junit.AutoTests" name="[123] /home/travis/build/icyphy/ptII/ptolemy/actor/lib/test/auto/DiscreteClock18.xml (RunModel)" time="0.048" />
  <testcase classname="ptolemy.util.test.junit.AutoTests" name="[124] /home/travis/build/icyphy/ptII/ptolemy/actor/lib/test/auto/DiscreteClock19.xml (RunModel)" time="0.04" />
  <testcase classname="ptolemy.util.test.junit.AutoTests" name="[125] /home/travis/build/icyphy/ptII/ptolemy/actor/lib/test/auto/DiscreteClock2.xml (RunModel)" time="0.012" />
  <testcase classname="ptolemy.util.test.junit.AutoTests" name="[126] /home/travis/build/icyphy/ptII/ptolemy/actor/lib/test/auto/DiscreteClock20.xml (RunModel)" time="0.016" />
  <testcase classname="ptolemy.util.test.junit.AutoTests" name="[127] /home/travis/build/icyphy/ptII/ptolemy/actor/lib/test/auto/DiscreteClock21.xml (RunModel)" time="0.013" />
  <testcase classname="ptolemy.util.test.junit.AutoTests" name="[128] /home/travis/build/icyphy/ptII/ptolemy/actor/lib/test/auto/DiscreteClock22.xml (RunModel)" time="0.012" />
  <testcase classname="ptolemy.util.test.junit.AutoTests" name="[129] /home/travis/build/icyphy/ptII/ptolemy/actor/lib/test/auto/DiscreteClock23.xml (RunModel)" time="0.017" />
  <testcase classname="ptolemy.util.test.junit.AutoTests" name="[130] /home/travis/build/icyphy/ptII/ptolemy/actor/lib/test/auto/DiscreteClock24.xml (RunModel)" time="0.012" />
  <testcase classname="ptolemy.util.test.junit.AutoTests" name="[131] /home/travis/build/icyphy/ptII/ptolemy/actor/lib/test/auto/DiscreteClock4.xml (RunModel)" time="0.016" />
  <testcase classname="ptolemy.util.test.junit.AutoTests" name="[132] /home/travis/build/icyphy/ptII/ptolemy/actor/lib/test/auto/DiscreteClock5.xml (RunModel)" time="0.01" />
  <testcase classname="ptolemy.util.test.junit.AutoTests" name="[133] /home/travis/build/icyphy/ptII/ptolemy/actor/lib/test/auto/DiscreteClock6.xml (RunModel)" time="0.008" />
  <testcase classname="ptolemy.util.test.junit.AutoTests" name="[134] /home/travis/build/icyphy/ptII/ptolemy/actor/lib/test/auto/DiscreteClock7.xml (RunModel)" time="0.012" />
  <testcase classname="ptolemy.util.test.junit.AutoTests" name="[135] /home/travis/build/icyphy/ptII/ptolemy/actor/lib/test/auto/DiscreteClock8.xml (RunModel)" time="0.009" />
  <testcase classname="ptolemy.util.test.junit.AutoTests" name="[136] /home/travis/build/icyphy/ptII/ptolemy/actor/lib/test/auto/DiscreteClock9.xml (RunModel)" time="0.012" />
  <testcase classname="ptolemy.util.test.junit.AutoTests" name="[137] /home/travis/build/icyphy/ptII/ptolemy/actor/lib/test/auto/DisplayArray.xml (RunModel)" time="0.019" />
  <testcase classname="ptolemy.util.test.junit.AutoTests" name="[138] /home/travis/build/icyphy/ptII/ptolemy/actor/lib/test/auto/Distributor.xml (RunModel)" time="0.009" />
  <testcase classname="ptolemy.util.test.junit.AutoTests" name="[139] /home/travis/build/icyphy/ptII/ptolemy/actor/lib/test/auto/Distributor2.xml (RunModel)" time="0.01" />
  <testcase classname="ptolemy.util.test.junit.AutoTests" name="[140] /home/travis/build/icyphy/ptII/ptolemy/actor/lib/test/auto/DownSample.xml (RunModel)" time="0.009" />
  <testcase classname="ptolemy.util.test.junit.AutoTests" name="[141] /home/travis/build/icyphy/ptII/ptolemy/actor/lib/test/auto/ElectronicUnitBase1.xml (RunModel)" time="0.059" />
  <testcase classname="ptolemy.util.test.junit.AutoTests" name="[142] /home/travis/build/icyphy/ptII/ptolemy/actor/lib/test/auto/ElementsToArray.xml (RunModel)" time="0.011" />
  <testcase classname="ptolemy.util.test.junit.AutoTests" name="[143] /home/travis/build/icyphy/ptII/ptolemy/actor/lib/test/auto/Equals.xml (RunModel)" time="0.014" />
  <testcase classname="ptolemy.util.test.junit.AutoTests" name="[144] /home/travis/build/icyphy/ptII/ptolemy/actor/lib/test/auto/Exec.xml (RunModel)" time="0.023" />
  <testcase classname="ptolemy.util.test.junit.AutoTests" name="[145] /home/travis/build/icyphy/ptII/ptolemy/actor/lib/test/auto/ExecEnvironment.xml (RunModel)" time="0.036" />
  <testcase classname="ptolemy.util.test.junit.AutoTests" name="[146] /home/travis/build/icyphy/ptII/ptolemy/actor/lib/test/auto/ExecNonZeroReturnOutput.xml (RunModel)" time="0.145" />
  <testcase classname="ptolemy.util.test.junit.AutoTests" name="[147] /home/travis/build/icyphy/ptII/ptolemy/actor/lib/test/auto/ExecRunDemos.xml (RunModel)" time="9.257" />
  <testcase classname="ptolemy.util.test.junit.AutoTests" name="[148] /home/travis/build/icyphy/ptII/ptolemy/actor/lib/test/auto/ExecStop.xml (RunModel)" time="5.032" />
  <testcase classname="ptolemy.util.test.junit.AutoTests" name="[149] /home/travis/build/icyphy/ptII/ptolemy/actor/lib/test/auto/ExecutionTimeSDF.xml (RunModel)" time="6.037" />
  <testcase classname="ptolemy.util.test.junit.AutoTests" name="[150] /home/travis/build/icyphy/ptII/ptolemy/actor/lib/test/auto/Expression1.xml (RunModel)" time="0.016" />
  <testcase classname="ptolemy.util.test.junit.AutoTests" name="[151] /home/travis/build/icyphy/ptII/ptolemy/actor/lib/test/auto/Expression10.xml (RunModel)" time="0.015" />
  <testcase classname="ptolemy.util.test.junit.AutoTests" name="[152] /home/travis/build/icyphy/ptII/ptolemy/actor/lib/test/auto/Expression11.xml (RunModel)" time="0.013" />
  <testcase classname="ptolemy.util.test.junit.AutoTests" name="[153] /home/travis/build/icyphy/ptII/ptolemy/actor/lib/test/auto/Expression12.xml (RunModel)" time="0.017" />
  <testcase classname="ptolemy.util.test.junit.AutoTests" name="[154] /home/travis/build/icyphy/ptII/ptolemy/actor/lib/test/auto/Expression13.xml (RunModel)" time="0.016" />
  <testcase classname="ptolemy.util.test.junit.AutoTests" name="[155] /home/travis/build/icyphy/ptII/ptolemy/actor/lib/test/auto/Expression14.xml (RunModel)" time="0.021" />
  <testcase classname="ptolemy.util.test.junit.AutoTests" name="[156] /home/travis/build/icyphy/ptII/ptolemy/actor/lib/test/auto/Expression15.xml (RunModel)" time="0.012" />
  <testcase classname="ptolemy.util.test.junit.AutoTests" name="[157] /home/travis/build/icyphy/ptII/ptolemy/actor/lib/test/auto/Expression16.xml (RunModel)" time="0.015" />
  <testcase classname="ptolemy.util.test.junit.AutoTests" name="[158] /home/travis/build/icyphy/ptII/ptolemy/actor/lib/test/auto/Expression17.xml (RunModel)" time="0.019" />
  <testcase classname="ptolemy.util.test.junit.AutoTests" name="[159] /home/travis/build/icyphy/ptII/ptolemy/actor/lib/test/auto/Expression18.xml (RunModel)" time="0.012" />
  <testcase classname="ptolemy.util.test.junit.AutoTests" name="[160] /home/travis/build/icyphy/ptII/ptolemy/actor/lib/test/auto/Expression2.xml (RunModel)" time="0.011" />
  <testcase classname="ptolemy.util.test.junit.AutoTests" name="[161] /home/travis/build/icyphy/ptII/ptolemy/actor/lib/test/auto/Expression3.xml (RunModel)" time="0.01" />
  <testcase classname="ptolemy.util.test.junit.AutoTests" name="[162] /home/travis/build/icyphy/ptII/ptolemy/actor/lib/test/auto/Expression4.xml (RunModel)" time="0.018" />
  <testcase classname="ptolemy.util.test.junit.AutoTests" name="[163] /home/travis/build/icyphy/ptII/ptolemy/actor/lib/test/auto/Expression5.xml (RunModel)" time="0.011" />
  <testcase classname="ptolemy.util.test.junit.AutoTests" name="[164] /home/travis/build/icyphy/ptII/ptolemy/actor/lib/test/auto/Expression6.xml (RunModel)" time="0.01" />
  <testcase classname="ptolemy.util.test.junit.AutoTests" name="[165] /home/travis/build/icyphy/ptII/ptolemy/actor/lib/test/auto/Expression7.xml (RunModel)" time="0.011" />
  <testcase classname="ptolemy.util.test.junit.AutoTests" name="[166] /home/travis/build/icyphy/ptII/ptolemy/actor/lib/test/auto/Expression8.xml (RunModel)" time="0.011" />
  <testcase classname="ptolemy.util.test.junit.AutoTests" name="[167] /home/travis/build/icyphy/ptII/ptolemy/actor/lib/test/auto/Expression9.xml (RunModel)" time="0.009" />
  <testcase classname="ptolemy.util.test.junit.AutoTests" name="[168] /home/travis/build/icyphy/ptII/ptolemy/actor/lib/test/auto/ExpressionConcatenateArrayType.xml (RunModel)" time="0.027" />
  <testcase classname="ptolemy.util.test.junit.AutoTests" name="[169] /home/travis/build/icyphy/ptII/ptolemy/actor/lib/test/auto/ExpressionConcatenateArrayType2.xml (RunModel)" time="0.015" />
  <testcase classname="ptolemy.util.test.junit.AutoTests" name="[170] /home/travis/build/icyphy/ptII/ptolemy/actor/lib/test/auto/ExpressionFix.xml (RunModel)" time="0.026" />
  <testcase classname="ptolemy.util.test.junit.AutoTests" name="[171] /home/travis/build/icyphy/ptII/ptolemy/actor/lib/test/auto/ExpressionFix2.xml (RunModel)" time="0.008" />
  <testcase classname="ptolemy.util.test.junit.AutoTests" name="[172] /home/travis/build/icyphy/ptII/ptolemy/actor/lib/test/auto/ExpressionFix3.xml (RunModel)" time="0.01" />
  <testcase classname="ptolemy.util.test.junit.AutoTests" name="[173] /home/travis/build/icyphy/ptII/ptolemy/actor/lib/test/auto/FileWriter1.xml (RunModel)" time="0.009" />
  <testcase classname="ptolemy.util.test.junit.AutoTests" name="[174] /home/travis/build/icyphy/ptII/ptolemy/actor/lib/test/auto/FileWriter2.xml (RunModel)" time="0.012" />
  <testcase classname="ptolemy.util.test.junit.AutoTests" name="[175] /home/travis/build/icyphy/ptII/ptolemy/actor/lib/test/auto/FileWriter3.xml (RunModel)" time="0.012" />
  <testcase classname="ptolemy.util.test.junit.AutoTests" name="[176] /home/travis/build/icyphy/ptII/ptolemy/actor/lib/test/auto/Gaussian.xml (RunModel)" time="0.01" />
  <testcase classname="ptolemy.util.test.junit.AutoTests" name="[177] /home/travis/build/icyphy/ptII/ptolemy/actor/lib/test/auto/Gaussian1.xml (RunModel)" time="0.012" />
  <testcase classname="ptolemy.util.test.junit.AutoTests" name="[178] /home/travis/build/icyphy/ptII/ptolemy/actor/lib/test/auto/Gaussian2.xml (RunModel)" time="0.015" />
  <testcase classname="ptolemy.util.test.junit.AutoTests" name="[179] /home/travis/build/icyphy/ptII/ptolemy/actor/lib/test/auto/GradientAdaptiveLattice.xml (RunModel)" time="0.016" />
  <testcase classname="ptolemy.util.test.junit.AutoTests" name="[180] /home/travis/build/icyphy/ptII/ptolemy/actor/lib/test/auto/IIR.xml (RunModel)" time="0.011" />
  <testcase classname="ptolemy.util.test.junit.AutoTests" name="[181] /home/travis/build/icyphy/ptII/ptolemy/actor/lib/test/auto/InputOutputTransparentPorts.xml (RunModel)" time="0.019" />
  <testcase classname="ptolemy.util.test.junit.AutoTests" name="[182] /home/travis/build/icyphy/ptII/ptolemy/actor/lib/test/auto/Interpolator.xml (RunModel)" time="0.012" />
  <testcase classname="ptolemy.util.test.junit.AutoTests" name="[183] /home/travis/build/icyphy/ptII/ptolemy/actor/lib/test/auto/InterpolatorFiringLimitDE.xml (RunModel)" time="0.013" />
  <testcase classname="ptolemy.util.test.junit.AutoTests" name="[184] /home/travis/build/icyphy/ptII/ptolemy/actor/lib/test/auto/Lattice.xml (RunModel)" time="0.009" />
  <testcase classname="ptolemy.util.test.junit.AutoTests" name="[185] /home/travis/build/icyphy/ptII/ptolemy/actor/lib/test/auto/LazyAOCTestLazy.xml (RunModel)" time="0.049" />
  <testcase classname="ptolemy.util.test.junit.AutoTests" name="[186] /home/travis/build/icyphy/ptII/ptolemy/actor/lib/test/auto/LazyAOCTestNonLazy.xml (RunModel)" time="0.047" />
  <testcase classname="ptolemy.util.test.junit.AutoTests" name="[187] /home/travis/build/icyphy/ptII/ptolemy/actor/lib/test/auto/LazyInnerClass.xml (RunModel)" time="0.056" />
  <testcase classname="ptolemy.util.test.junit.AutoTests" name="[188] /home/travis/build/icyphy/ptII/ptolemy/actor/lib/test/auto/LazyPubSub.xml (RunModel)" time="0.044" />
  <testcase classname="ptolemy.util.test.junit.AutoTests" name="[189] /home/travis/build/icyphy/ptII/ptolemy/actor/lib/test/auto/LazyPubSub2.xml (RunModel)" time="0.034" />
  <testcase classname="ptolemy.util.test.junit.AutoTests" name="[190] /home/travis/build/icyphy/ptII/ptolemy/actor/lib/test/auto/LazyPubSub3.xml (RunModel)" time="0.029" />
  <testcase classname="ptolemy.util.test.junit.AutoTests" name="[191] /home/travis/build/icyphy/ptII/ptolemy/actor/lib/test/auto/LazySubClassModel.xml (RunModel)" time="0.025" />
  <testcase classname="ptolemy.util.test.junit.AutoTests" name="[192] /home/travis/build/icyphy/ptII/ptolemy/actor/lib/test/auto/LevelCrossTest1.xml (RunModel)" time="0.014" />
  <testcase classname="ptolemy.util.test.junit.AutoTests" name="[193] /home/travis/build/icyphy/ptII/ptolemy/actor/lib/test/auto/LevelCrossTest10.xml (RunModel)" time="0.02" />
  <testcase classname="ptolemy.util.test.junit.AutoTests" name="[194] /home/travis/build/icyphy/ptII/ptolemy/actor/lib/test/auto/LevelCrossTest11.xml (RunModel)" time="0.014" />
  <testcase classname="ptolemy.util.test.junit.AutoTests" name="[195] /home/travis/build/icyphy/ptII/ptolemy/actor/lib/test/auto/LevelCrossTest12.xml (RunModel)" time="0.019" />
  <testcase classname="ptolemy.util.test.junit.AutoTests" name="[196] /home/travis/build/icyphy/ptII/ptolemy/actor/lib/test/auto/LevelCrossTest13.xml (RunModel)" time="0.015" />
  <testcase classname="ptolemy.util.test.junit.AutoTests" name="[197] /home/travis/build/icyphy/ptII/ptolemy/actor/lib/test/auto/LevelCrossTest2.xml (RunModel)" time="0.012" />
  <testcase classname="ptolemy.util.test.junit.AutoTests" name="[198] /home/travis/build/icyphy/ptII/ptolemy/actor/lib/test/auto/LevelCrossTest3.xml (RunModel)" time="0.016" />
  <testcase classname="ptolemy.util.test.junit.AutoTests" name="[199] /home/travis/build/icyphy/ptII/ptolemy/actor/lib/test/auto/LevelCrossTest4.xml (RunModel)" time="0.014" />
  <testcase classname="ptolemy.util.test.junit.AutoTests" name="[200] /home/travis/build/icyphy/ptII/ptolemy/actor/lib/test/auto/LevelCrossTest5.xml (RunModel)" time="0.013" />
  <testcase classname="ptolemy.util.test.junit.AutoTests" name="[201] /home/travis/build/icyphy/ptII/ptolemy/actor/lib/test/auto/LevelCrossTest6.xml (RunModel)" time="0.021" />
  <testcase classname="ptolemy.util.test.junit.AutoTests" name="[202] /home/travis/build/icyphy/ptII/ptolemy/actor/lib/test/auto/LevelCrossTest7.xml (RunModel)" time="0.016" />
  <testcase classname="ptolemy.util.test.junit.AutoTests" name="[203] /home/travis/build/icyphy/ptII/ptolemy/actor/lib/test/auto/LevelCrossTest8.xml (RunModel)" time="0.017" />
  <testcase classname="ptolemy.util.test.junit.AutoTests" name="[204] /home/travis/build/icyphy/ptII/ptolemy/actor/lib/test/auto/LevelCrossTest9.xml (RunModel)" time="0.018" />
  <testcase classname="ptolemy.util.test.junit.AutoTests" name="[205] /home/travis/build/icyphy/ptII/ptolemy/actor/lib/test/auto/LevinsonDurbin.xml (RunModel)" time="0.01" />
  <testcase classname="ptolemy.util.test.junit.AutoTests" name="[206] /home/travis/build/icyphy/ptII/ptolemy/actor/lib/test/auto/LevinsonDurbin2.xml (RunModel)" time="0.01" />
  <testcase classname="ptolemy.util.test.junit.AutoTests" name="[207] /home/travis/build/icyphy/ptII/ptolemy/actor/lib/test/auto/LevinsonDurbin3.xml (RunModel)" time="0.013" />
  <testcase classname="ptolemy.util.test.junit.AutoTests" name="[208] /home/travis/build/icyphy/ptII/ptolemy/actor/lib/test/auto/Limiter.xml (RunModel)" time="0.027" />
  <testcase classname="ptolemy.util.test.junit.AutoTests" name="[209] /home/travis/build/icyphy/ptII/ptolemy/actor/lib/test/auto/LinearDifferenceEquationSystem.xml (RunModel)" time="0.023" />
  <testcase classname="ptolemy.util.test.junit.AutoTests" name="[210] /home/travis/build/icyphy/ptII/ptolemy/actor/lib/test/auto/LookupTable.xml (RunModel)" time="0.011" />
  <testcase classname="ptolemy.util.test.junit.AutoTests" name="[211] /home/travis/build/icyphy/ptII/ptolemy/actor/lib/test/auto/MathFunction.xml (RunModel)" time="0.022" />
  <testcase classname="ptolemy.util.test.junit.AutoTests" name="[212] /home/travis/build/icyphy/ptII/ptolemy/actor/lib/test/auto/MathFunction2.xml (RunModel)" time="0.009" />
  <testcase classname="ptolemy.util.test.junit.AutoTests" name="[213] /home/travis/build/icyphy/ptII/ptolemy/actor/lib/test/auto/MathFunction3.xml (RunModel)" time="0.02" />
  <testcase classname="ptolemy.util.test.junit.AutoTests" name="[214] /home/travis/build/icyphy/ptII/ptolemy/actor/lib/test/auto/MatrixCropBoolean.xml (RunModel)" time="0.012" />
  <testcase classname="ptolemy.util.test.junit.AutoTests" name="[215] /home/travis/build/icyphy/ptII/ptolemy/actor/lib/test/auto/MatrixCropComplex.xml (RunModel)" time="0.01" />
  <testcase classname="ptolemy.util.test.junit.AutoTests" name="[216] /home/travis/build/icyphy/ptII/ptolemy/actor/lib/test/auto/MatrixCropDouble.xml (RunModel)" time="0.01" />
  <testcase classname="ptolemy.util.test.junit.AutoTests" name="[217] /home/travis/build/icyphy/ptII/ptolemy/actor/lib/test/auto/MatrixCropFix.xml (RunModel)" time="0.011" />
  <testcase classname="ptolemy.util.test.junit.AutoTests" name="[218] /home/travis/build/icyphy/ptII/ptolemy/actor/lib/test/auto/MatrixCropInt.xml (RunModel)" time="0.009" />
  <testcase classname="ptolemy.util.test.junit.AutoTests" name="[219] /home/travis/build/icyphy/ptII/ptolemy/actor/lib/test/auto/MatrixCropLong.xml (RunModel)" time="0.011" />
  <testcase classname="ptolemy.util.test.junit.AutoTests" name="[220] /home/travis/build/icyphy/ptII/ptolemy/actor/lib/test/auto/MatrixToArray.xml (RunModel)" time="0.054" />
  <testcase classname="ptolemy.util.test.junit.AutoTests" name="[221] /home/travis/build/icyphy/ptII/ptolemy/actor/lib/test/auto/MaxIndex.xml (RunModel)" time="0.012" />
  <testcase classname="ptolemy.util.test.junit.AutoTests" name="[222] /home/travis/build/icyphy/ptII/ptolemy/actor/lib/test/auto/Maximum.xml (RunModel)" time="0.014" />
  <testcase classname="ptolemy.util.test.junit.AutoTests" name="[223] /home/travis/build/icyphy/ptII/ptolemy/actor/lib/test/auto/MaximumComplex.xml (RunModel)" time="0.014" />
  <testcase classname="ptolemy.util.test.junit.AutoTests" name="[224] /home/travis/build/icyphy/ptII/ptolemy/actor/lib/test/auto/MethodCallTest.xml (RunModel)" time="0.02" />
  <testcase classname="ptolemy.util.test.junit.AutoTests" name="[225] /home/travis/build/icyphy/ptII/ptolemy/actor/lib/test/auto/Minimum.xml (RunModel)" time="0.013" />
  <testcase classname="ptolemy.util.test.junit.AutoTests" name="[226] /home/travis/build/icyphy/ptII/ptolemy/actor/lib/test/auto/MinimumComplex.xml (RunModel)" time="0.013" />
  <testcase classname="ptolemy.util.test.junit.AutoTests" name="[227] /home/travis/build/icyphy/ptII/ptolemy/actor/lib/test/auto/MinimumMultiports.xml (RunModel)" time="0.018" />
  <testcase classname="ptolemy.util.test.junit.AutoTests" name="[228] /home/travis/build/icyphy/ptII/ptolemy/actor/lib/test/auto/ModifyDate.xml (RunModel)" time="0.038" />
  <testcase classname="ptolemy.util.test.junit.AutoTests" name="[229] /home/travis/build/icyphy/ptII/ptolemy/actor/lib/test/auto/ModifyDate2.xml (RunModel)" time="0.027" />
  <testcase classname="ptolemy.util.test.junit.AutoTests" name="[230] /home/travis/build/icyphy/ptII/ptolemy/actor/lib/test/auto/MovingAverage.xml (RunModel)" time="0.012" />
  <testcase classname="ptolemy.util.test.junit.AutoTests" name="[231] /home/travis/build/icyphy/ptII/ptolemy/actor/lib/test/auto/MovingMaximum.xml (RunModel)" time="0.011" />
  <testcase classname="ptolemy.util.test.junit.AutoTests" name="[232] /home/travis/build/icyphy/ptII/ptolemy/actor/lib/test/auto/MultipleLinksToSameRelation.xml (RunModel)" time="0.008" />
  <testcase classname="ptolemy.util.test.junit.AutoTests" name="[233] /home/travis/build/icyphy/ptII/ptolemy/actor/lib/test/auto/MultipleLinksToSameRelationDE.xml (RunModel)" time="0.009" />
  <testcase classname="ptolemy.util.test.junit.AutoTests" name="[234] /home/travis/build/icyphy/ptII/ptolemy/actor/lib/test/auto/Multiplexor.xml (RunModel)" time="0.013" />
  <testcase classname="ptolemy.util.test.junit.AutoTests" name="[235] /home/travis/build/icyphy/ptII/ptolemy/actor/lib/test/auto/Multiplexor1.xml (RunModel)" time="0.012" />
  <testcase classname="ptolemy.util.test.junit.AutoTests" name="[236] /home/travis/build/icyphy/ptII/ptolemy/actor/lib/test/auto/Multiplexor2.xml (RunModel)" time="0.015" />
  <testcase classname="ptolemy.util.test.junit.AutoTests" name="[237] /home/travis/build/icyphy/ptII/ptolemy/actor/lib/test/auto/Multiplexor3.xml (RunModel)" time="0.01" />
  <testcase classname="ptolemy.util.test.junit.AutoTests" name="[238] /home/travis/build/icyphy/ptII/ptolemy/actor/lib/test/auto/MultiplexorDE.xml (RunModel)" time="0.022" />
  <testcase classname="ptolemy.util.test.junit.AutoTests" name="[239] /home/travis/build/icyphy/ptII/ptolemy/actor/lib/test/auto/MultiportBroadcastTest.xml (RunModel)" time="0.065" />
  <testcase classname="ptolemy.util.test.junit.AutoTests" name="[240] /home/travis/build/icyphy/ptII/ptolemy/actor/lib/test/auto/MultiportOutHangDuringGetWidth.xml (RunModel)" time="0.03" />
  <testcase classname="ptolemy.util.test.junit.AutoTests" name="[241] /home/travis/build/icyphy/ptII/ptolemy/actor/lib/test/auto/NilToken.xml (RunModel)" time="0.008" />
  <testcase classname="ptolemy.util.test.junit.AutoTests" name="[242] /home/travis/build/icyphy/ptII/ptolemy/actor/lib/test/auto/NilTokenNonStrictTest.xml (RunModel)" time="0.011" />
  <testcase classname="ptolemy.util.test.junit.AutoTests" name="[243] /home/travis/build/icyphy/ptII/ptolemy/actor/lib/test/auto/NilTokenRecord.xml (RunModel)" time="0.021" />
  <testcase classname="ptolemy.util.test.junit.AutoTests" name="[244] /home/travis/build/icyphy/ptII/ptolemy/actor/lib/test/auto/NilTokenTypeTest.xml (RunModel)" time="0.026" />
  <testcase classname="ptolemy.util.test.junit.AutoTests" name="[245] /home/travis/build/icyphy/ptII/ptolemy/actor/lib/test/auto/ObjectToken1.xml (RunModel)" time="0.012" />
  <testcase classname="ptolemy.util.test.junit.AutoTests" name="[246] /home/travis/build/icyphy/ptII/ptolemy/actor/lib/test/auto/OrderedMerge.xml (RunModel)" time="0.011" />
  <testcase classname="ptolemy.util.test.junit.AutoTests" name="[247] /home/travis/build/icyphy/ptII/ptolemy/actor/lib/test/auto/OrderedRecordDisassembler.xml (RunModel)" time="0.019" />
  <testcase classname="ptolemy.util.test.junit.AutoTests" name="[248] /home/travis/build/icyphy/ptII/ptolemy/actor/lib/test/auto/OrderedRecordDisassembler2.xml (RunModel)" time="0.021" />
  <testcase classname="ptolemy.util.test.junit.AutoTests" name="[249] /home/travis/build/icyphy/ptII/ptolemy/actor/lib/test/auto/OrderedRecordUpdater.xml (RunModel)" time="0.011" />
  <testcase classname="ptolemy.util.test.junit.AutoTests" name="[250] /home/travis/build/icyphy/ptII/ptolemy/actor/lib/test/auto/OrderedRecordUpdater2.xml (RunModel)" time="0.027" />
  <testcase classname="ptolemy.util.test.junit.AutoTests" name="[251] /home/travis/build/icyphy/ptII/ptolemy/actor/lib/test/auto/PhaseUnwrap.xml (RunModel)" time="0.012" />
  <testcase classname="ptolemy.util.test.junit.AutoTests" name="[252] /home/travis/build/icyphy/ptII/ptolemy/actor/lib/test/auto/PoissonClock.xml (RunModel)" time="0.011" />
  <testcase classname="ptolemy.util.test.junit.AutoTests" name="[253] /home/travis/build/icyphy/ptII/ptolemy/actor/lib/test/auto/PoissonClock2.xml (RunModel)" time="0.008" />
  <testcase classname="ptolemy.util.test.junit.AutoTests" name="[254] /home/travis/build/icyphy/ptII/ptolemy/actor/lib/test/auto/PoissonClock3.xml (RunModel)" time="0.016" />
  <testcase classname="ptolemy.util.test.junit.AutoTests" name="[255] /home/travis/build/icyphy/ptII/ptolemy/actor/lib/test/auto/PubSubWithInitialTokens.xml (RunModel)" time="0.014" />
  <testcase classname="ptolemy.util.test.junit.AutoTests" name="[256] /home/travis/build/icyphy/ptII/ptolemy/actor/lib/test/auto/PubSubWithInitialTokens2.xml (RunModel)" time="0.015" />
  <testcase classname="ptolemy.util.test.junit.AutoTests" name="[257] /home/travis/build/icyphy/ptII/ptolemy/actor/lib/test/auto/PublisherClassNoParameter.xml (RunModel)" time="0.021" />
  <testcase classname="ptolemy.util.test.junit.AutoTests" name="[258] /home/travis/build/icyphy/ptII/ptolemy/actor/lib/test/auto/PublisherClassParameter.xml (RunModel)" time="0.022" />
  <testcase classname="ptolemy.util.test.junit.AutoTests" name="[259] /home/travis/build/icyphy/ptII/ptolemy/actor/lib/test/auto/PublisherNonStrictTest.xml (RunModel)" time="0.015" />
  <testcase classname="ptolemy.util.test.junit.AutoTests" name="[260] /home/travis/build/icyphy/ptII/ptolemy/actor/lib/test/auto/PublisherPort1.xml (RunModel)" time="0.019" />
  <testcase classname="ptolemy.util.test.junit.AutoTests" name="[261] /home/travis/build/icyphy/ptII/ptolemy/actor/lib/test/auto/PublisherPort2.xml (RunModel)" time="0.014" />
  <testcase classname="ptolemy.util.test.junit.AutoTests" name="[262] /home/travis/build/icyphy/ptII/ptolemy/actor/lib/test/auto/PublisherPort3.xml (RunModel)" time="0.011" />
  <testcase classname="ptolemy.util.test.junit.AutoTests" name="[263] /home/travis/build/icyphy/ptII/ptolemy/actor/lib/test/auto/PublisherPort4.xml (RunModel)" time="0.012" />
  <testcase classname="ptolemy.util.test.junit.AutoTests" name="[264] /home/travis/build/icyphy/ptII/ptolemy/actor/lib/test/auto/PublisherPort5.xml (RunModel)" time="0.015" />
  <testcase classname="ptolemy.util.test.junit.AutoTests" name="[265] /home/travis/build/icyphy/ptII/ptolemy/actor/lib/test/auto/PublisherPort5LookAlike.xml (RunModel)" time="0.018" />
  <testcase classname="ptolemy.util.test.junit.AutoTests" name="[266] /home/travis/build/icyphy/ptII/ptolemy/actor/lib/test/auto/PublisherPort6.xml (RunModel)" time="0.015" />
  <testcase classname="ptolemy.util.test.junit.AutoTests" name="[267] /home/travis/build/icyphy/ptII/ptolemy/actor/lib/test/auto/PublisherPort7.xml (RunModel)" time="0.015" />
  <testcase classname="ptolemy.util.test.junit.AutoTests" name="[268] /home/travis/build/icyphy/ptII/ptolemy/actor/lib/test/auto/PublisherPort8.xml (RunModel)" time="0.017" />
  <testcase classname="ptolemy.util.test.junit.AutoTests" name="[269] /home/travis/build/icyphy/ptII/ptolemy/actor/lib/test/auto/PublisherPortSubscriberChannelVariablesAOC2.xml (RunModel)" time="0.034" />
  <testcase classname="ptolemy.util.test.junit.AutoTests" name="[270] /home/travis/build/icyphy/ptII/ptolemy/actor/lib/test/auto/PublisherPortSubscriberOpaqueWidthInference.xml (RunModel)" time="0.016" />
  <testcase classname="ptolemy.util.test.junit.AutoTests" name="[271] /home/travis/build/icyphy/ptII/ptolemy/actor/lib/test/auto/PublisherPortSubscriberPortAdjacent.xml (RunModel)" time="0.023" />
  <testcase classname="ptolemy.util.test.junit.AutoTests" name="[272] /home/travis/build/icyphy/ptII/ptolemy/actor/lib/test/auto/PublisherPortSubscriberPortExpression.xml (RunModel)" time="0.019" />
  <testcase classname="ptolemy.util.test.junit.AutoTests" name="[273] /home/travis/build/icyphy/ptII/ptolemy/actor/lib/test/auto/PublisherPortSubscriberPortOpaqueD3Reverse.xml (RunModel)" time="0.023" />
  <testcase classname="ptolemy.util.test.junit.AutoTests" name="[274] /home/travis/build/icyphy/ptII/ptolemy/actor/lib/test/auto/PublisherPortSubscriberPortOpaqueWidthInference.xml (RunModel)" time="0.018" />
  <testcase classname="ptolemy.util.test.junit.AutoTests" name="[275] /home/travis/build/icyphy/ptII/ptolemy/actor/lib/test/auto/PublisherPortToplevelSubscriberPortAOC.xml (RunModel)" time="0.013" />
  <testcase classname="ptolemy.util.test.junit.AutoTests" name="[276] /home/travis/build/icyphy/ptII/ptolemy/actor/lib/test/auto/PublisherSubscriber.xml (RunModel)" time="0.016" />
  <testcase classname="ptolemy.util.test.junit.AutoTests" name="[277] /home/travis/build/icyphy/ptII/ptolemy/actor/lib/test/auto/PublisherSubscriber10.xml (RunModel)" time="0.026" />
  <testcase classname="ptolemy.util.test.junit.AutoTests" name="[278] /home/travis/build/icyphy/ptII/ptolemy/actor/lib/test/auto/PublisherSubscriber10InitialOutputs.xml (RunModel)" time="0.031" />
  <testcase classname="ptolemy.util.test.junit.AutoTests" name="[279] /home/travis/build/icyphy/ptII/ptolemy/actor/lib/test/auto/PublisherSubscriber11.xml (RunModel)" time="0.019" />
  <testcase classname="ptolemy.util.test.junit.AutoTests" name="[280] /home/travis/build/icyphy/ptII/ptolemy/actor/lib/test/auto/PublisherSubscriber12.xml (RunModel)" time="0.025" />
  <testcase classname="ptolemy.util.test.junit.AutoTests" name="[281] /home/travis/build/icyphy/ptII/ptolemy/actor/lib/test/auto/PublisherSubscriber13.xml (RunModel)" time="0.01" />
  <testcase classname="ptolemy.util.test.junit.AutoTests" name="[282] /home/travis/build/icyphy/ptII/ptolemy/actor/lib/test/auto/PublisherSubscriber14.xml (RunModel)" time="0.03" />
  <testcase classname="ptolemy.util.test.junit.AutoTests" name="[283] /home/travis/build/icyphy/ptII/ptolemy/actor/lib/test/auto/PublisherSubscriber2.xml (RunModel)" time="0.017" />
  <testcase classname="ptolemy.util.test.junit.AutoTests" name="[284] /home/travis/build/icyphy/ptII/ptolemy/actor/lib/test/auto/PublisherSubscriber3.xml (RunModel)" time="0.01" />
  <testcase classname="ptolemy.util.test.junit.AutoTests" name="[285] /home/travis/build/icyphy/ptII/ptolemy/actor/lib/test/auto/PublisherSubscriber4.xml (RunModel)" time="0.009" />
  <testcase classname="ptolemy.util.test.junit.AutoTests" name="[286] /home/travis/build/icyphy/ptII/ptolemy/actor/lib/test/auto/PublisherSubscriber5.xml (RunModel)" time="0.014" />
  <testcase classname="ptolemy.util.test.junit.AutoTests" name="[287] /home/travis/build/icyphy/ptII/ptolemy/actor/lib/test/auto/PublisherSubscriber6.xml (RunModel)" time="0.026" />
  <testcase classname="ptolemy.util.test.junit.AutoTests" name="[288] /home/travis/build/icyphy/ptII/ptolemy/actor/lib/test/auto/PublisherSubscriber7.xml (RunModel)" time="0.024" />
  <testcase classname="ptolemy.util.test.junit.AutoTests" name="[289] /home/travis/build/icyphy/ptII/ptolemy/actor/lib/test/auto/PublisherSubscriber8.xml (RunModel)" time="0.027" />
  <testcase classname="ptolemy.util.test.junit.AutoTests" name="[290] /home/travis/build/icyphy/ptII/ptolemy/actor/lib/test/auto/PublisherSubscriber9.xml (RunModel)" time="0.016" />
  <testcase classname="ptolemy.util.test.junit.AutoTests" name="[291] /home/travis/build/icyphy/ptII/ptolemy/actor/lib/test/auto/PublisherSubscriberAdjacent.xml (RunModel)" time="0.018" />
  <testcase classname="ptolemy.util.test.junit.AutoTests" name="[292] /home/travis/build/icyphy/ptII/ptolemy/actor/lib/test/auto/PublisherSubscriberChannelVariablesAOC2.xml (RunModel)" time="0.025" />
  <testcase classname="ptolemy.util.test.junit.AutoTests" name="[293] /home/travis/build/icyphy/ptII/ptolemy/actor/lib/test/auto/PublisherSubscriberD3.xml (RunModel)" time="0.013" />
  <testcase classname="ptolemy.util.test.junit.AutoTests" name="[294] /home/travis/build/icyphy/ptII/ptolemy/actor/lib/test/auto/PublisherSubscriberD3Reverse.xml (RunModel)" time="0.012" />
  <testcase classname="ptolemy.util.test.junit.AutoTests" name="[295] /home/travis/build/icyphy/ptII/ptolemy/actor/lib/test/auto/PublisherSubscriberExpression.xml (RunModel)" time="0.016" />
  <testcase classname="ptolemy.util.test.junit.AutoTests" name="[296] /home/travis/build/icyphy/ptII/ptolemy/actor/lib/test/auto/PublisherSubscriberOpaque.xml (RunModel)" time="0.015" />
  <testcase classname="ptolemy.util.test.junit.AutoTests" name="[297] /home/travis/build/icyphy/ptII/ptolemy/actor/lib/test/auto/PublisherSubscriberOpaqueD3.xml (RunModel)" time="0.023" />
  <testcase classname="ptolemy.util.test.junit.AutoTests" name="[298] /home/travis/build/icyphy/ptII/ptolemy/actor/lib/test/auto/PublisherSubscriberOpaqueD3Reverse.xml (RunModel)" time="0.022" />
  <testcase classname="ptolemy.util.test.junit.AutoTests" name="[299] /home/travis/build/icyphy/ptII/ptolemy/actor/lib/test/auto/PublisherSubscriberOpaqueWidthInference.xml (RunModel)" time="0.017" />
  <testcase classname="ptolemy.util.test.junit.AutoTests" name="[300] /home/travis/build/icyphy/ptII/ptolemy/actor/lib/test/auto/PublisherTestSubscriber.xml (RunModel)" time="0.014" />
  <testcase classname="ptolemy.util.test.junit.AutoTests" name="[301] /home/travis/build/icyphy/ptII/ptolemy/actor/lib/test/auto/PublisherToplevelSubscriberPortAOC.xml (RunModel)" time="0.01" />
  <testcase classname="ptolemy.util.test.junit.AutoTests" name="[302] /home/travis/build/icyphy/ptII/ptolemy/actor/lib/test/auto/PulseFiringLimitDE.xml (RunModel)" time="0.016" />
  <testcase classname="ptolemy.util.test.junit.AutoTests" name="[303] /home/travis/build/icyphy/ptII/ptolemy/actor/lib/test/auto/Ramp1.xml (RunModel)" time="0.008" />
  <testcase classname="ptolemy.util.test.junit.AutoTests" name="[304] /home/travis/build/icyphy/ptII/ptolemy/actor/lib/test/auto/RampFiringLimitDE.xml (RunModel)" time="0.013" />
  <testcase classname="ptolemy.util.test.junit.AutoTests" name="[305] /home/travis/build/icyphy/ptII/ptolemy/actor/lib/test/auto/RampFiringLimitSDF.xml (RunModel)" time="0.011" />
  <testcase classname="ptolemy.util.test.junit.AutoTests" name="[306] /home/travis/build/icyphy/ptII/ptolemy/actor/lib/test/auto/RandomInteger.xml (RunModel)" time="0.008" />
  <testcase classname="ptolemy.util.test.junit.AutoTests" name="[307] /home/travis/build/icyphy/ptII/ptolemy/actor/lib/test/auto/ReadFile1.xml (RunModel)" time="0.009" />
  <testcase classname="ptolemy.util.test.junit.AutoTests" name="[308] /home/travis/build/icyphy/ptII/ptolemy/actor/lib/test/auto/ReadFile2.xml (RunModel)" time="0.007" />
  <testcase classname="ptolemy.util.test.junit.AutoTests" name="[309] /home/travis/build/icyphy/ptII/ptolemy/actor/lib/test/auto/Reader.xml (RunModel)" time="0.011" />
  <testcase classname="ptolemy.util.test.junit.AutoTests" name="[310] /home/travis/build/icyphy/ptII/ptolemy/actor/lib/test/auto/RecordAssemblerDisplayNameTest.xml (RunModel)" time="3.357" />
  <testcase classname="ptolemy.util.test.junit.AutoTests" name="[311] /home/travis/build/icyphy/ptII/ptolemy/actor/lib/test/auto/RecordAssemblerTypeError.xml (RunModel)" time="0.037" />
  <testcase classname="ptolemy.util.test.junit.AutoTests" name="[312] /home/travis/build/icyphy/ptII/ptolemy/actor/lib/test/auto/RecordDisassember.xml (RunModel)" time="0.009" />
  <testcase classname="ptolemy.util.test.junit.AutoTests" name="[313] /home/travis/build/icyphy/ptII/ptolemy/actor/lib/test/auto/RecordDisassemberDisplayNameTest.xml (RunModel)" time="0.02" />
  <testcase classname="ptolemy.util.test.junit.AutoTests" name="[314] /home/travis/build/icyphy/ptII/ptolemy/actor/lib/test/auto/RecordDisassembler.xml (RunModel)" time="0.009" />
  <testcase classname="ptolemy.util.test.junit.AutoTests" name="[315] /home/travis/build/icyphy/ptII/ptolemy/actor/lib/test/auto/RecordDisassembler2.xml (RunModel)" time="0.011" />
  <testcase classname="ptolemy.util.test.junit.AutoTests" name="[316] /home/travis/build/icyphy/ptII/ptolemy/actor/lib/test/auto/RecordUpdater.xml (RunModel)" time="0.009" />
  <testcase classname="ptolemy.util.test.junit.AutoTests" name="[317] /home/travis/build/icyphy/ptII/ptolemy/actor/lib/test/auto/RecordUpdater2.xml (RunModel)" time="0.01" />
  <testcase classname="ptolemy.util.test.junit.AutoTests" name="[318] /home/travis/build/icyphy/ptII/ptolemy/actor/lib/test/auto/RecursiveLattice.xml (RunModel)" time="0.008" />
  <testcase classname="ptolemy.util.test.junit.AutoTests" name="[319] /home/travis/build/icyphy/ptII/ptolemy/actor/lib/test/auto/Router.xml (RunModel)" time="3.026" />
  <testcase classname="ptolemy.util.test.junit.AutoTests" name="[320] /home/travis/build/icyphy/ptII/ptolemy/actor/lib/test/auto/Router2.xml (RunModel)" time="3.024" />
  <testcase classname="ptolemy.util.test.junit.AutoTests" name="[321] /home/travis/build/icyphy/ptII/ptolemy/actor/lib/test/auto/RunningMaximum.xml (RunModel)" time="0.02" />
  <testcase classname="ptolemy.util.test.junit.AutoTests" name="[322] /home/travis/build/icyphy/ptII/ptolemy/actor/lib/test/auto/RunningMinimum.xml (RunModel)" time="0.012" />
  <testcase classname="ptolemy.util.test.junit.AutoTests" name="[323] /home/travis/build/icyphy/ptII/ptolemy/actor/lib/test/auto/Scale.xml (RunModel)" time="0.008" />
  <testcase classname="ptolemy.util.test.junit.AutoTests" name="[324] /home/travis/build/icyphy/ptII/ptolemy/actor/lib/test/auto/Scale2.xml (RunModel)" time="0.01" />
  <testcase classname="ptolemy.util.test.junit.AutoTests" name="[325] /home/travis/build/icyphy/ptII/ptolemy/actor/lib/test/auto/Scale3.xml (RunModel)" time="0.015" />
  <testcase classname="ptolemy.util.test.junit.AutoTests" name="[326] /home/travis/build/icyphy/ptII/ptolemy/actor/lib/test/auto/ScaleArray.xml (RunModel)" time="0.008" />
  <testcase classname="ptolemy.util.test.junit.AutoTests" name="[327] /home/travis/build/icyphy/ptII/ptolemy/actor/lib/test/auto/ScaleArray2.xml (RunModel)" time="0.008" />
  <testcase classname="ptolemy.util.test.junit.AutoTests" name="[328] /home/travis/build/icyphy/ptII/ptolemy/actor/lib/test/auto/ScaleMatrix.xml (RunModel)" time="0.109" />
  <testcase classname="ptolemy.util.test.junit.AutoTests" name="[329] /home/travis/build/icyphy/ptII/ptolemy/actor/lib/test/auto/Select.xml (RunModel)" time="0.014" />
  <testcase classname="ptolemy.util.test.junit.AutoTests" name="[330] /home/travis/build/icyphy/ptII/ptolemy/actor/lib/test/auto/Select2.xml (RunModel)" time="0.008" />
  <testcase classname="ptolemy.util.test.junit.AutoTests" name="[331] /home/travis/build/icyphy/ptII/ptolemy/actor/lib/test/auto/SequenceToArray2.xml (RunModel)" time="0.107" />
  <testcase classname="ptolemy.util.test.junit.AutoTests" name="[332] /home/travis/build/icyphy/ptII/ptolemy/actor/lib/test/auto/SequentialClock.xml (RunModel)" time="0.013" />
  <testcase classname="ptolemy.util.test.junit.AutoTests" name="[333] /home/travis/build/icyphy/ptII/ptolemy/actor/lib/test/auto/SetVariable.xml (RunModel)" time="0.012" />
  <testcase classname="ptolemy.util.test.junit.AutoTests" name="[334] /home/travis/build/icyphy/ptII/ptolemy/actor/lib/test/auto/SetVariable2.xml (RunModel)" time="0.012" />
  <testcase classname="ptolemy.util.test.junit.AutoTests" name="[335] /home/travis/build/icyphy/ptII/ptolemy/actor/lib/test/auto/SetVariable3.xml (RunModel)" time="0.02" />
  <testcase classname="ptolemy.util.test.junit.AutoTests" name="[336] /home/travis/build/icyphy/ptII/ptolemy/actor/lib/test/auto/SetVariable4.xml (RunModel)" time="0.039" />
  <testcase classname="ptolemy.util.test.junit.AutoTests" name="[337] /home/travis/build/icyphy/ptII/ptolemy/actor/lib/test/auto/SetVariable5.xml (RunModel)" time="0.037" />
  <testcase classname="ptolemy.util.test.junit.AutoTests" name="[338] /home/travis/build/icyphy/ptII/ptolemy/actor/lib/test/auto/Sinewave.xml (RunModel)" time="0.025" />
  <testcase classname="ptolemy.util.test.junit.AutoTests" name="[339] /home/travis/build/icyphy/ptII/ptolemy/actor/lib/test/auto/Sinewave2.xml (RunModel)" time="0.015" />
  <testcase classname="ptolemy.util.test.junit.AutoTests" name="[340] /home/travis/build/icyphy/ptII/ptolemy/actor/lib/test/auto/Sinewave3.xml (RunModel)" time="0.024" />
  <testcase classname="ptolemy.util.test.junit.AutoTests" name="[341] /home/travis/build/icyphy/ptII/ptolemy/actor/lib/test/auto/SingleEvent.xml (RunModel)" time="0.006" />
  <testcase classname="ptolemy.util.test.junit.AutoTests" name="[342] /home/travis/build/icyphy/ptII/ptolemy/actor/lib/test/auto/Sleep.xml (RunModel)" time="6.018" />
  <testcase classname="ptolemy.util.test.junit.AutoTests" name="[343] /home/travis/build/icyphy/ptII/ptolemy/actor/lib/test/auto/SleepMultipleFire.xml (RunModel)" time="1.019" />
  <testcase classname="ptolemy.util.test.junit.AutoTests" name="[344] /home/travis/build/icyphy/ptII/ptolemy/actor/lib/test/auto/StopDE.xml (RunModel)" time="0.016" />
  <testcase classname="ptolemy.util.test.junit.AutoTests" name="[345] /home/travis/build/icyphy/ptII/ptolemy/actor/lib/test/auto/StopSDF.xml (RunModel)" time="0.033" />
  <testcase classname="ptolemy.util.test.junit.AutoTests" name="[346] /home/travis/build/icyphy/ptII/ptolemy/actor/lib/test/auto/StringConstant.xml (RunModel)" time="0.007" />
  <testcase classname="ptolemy.util.test.junit.AutoTests" name="[347] /home/travis/build/icyphy/ptII/ptolemy/actor/lib/test/auto/SubscriberPortInitialValues1.xml (RunModel)" time="0.015" />
  <testcase classname="ptolemy.util.test.junit.AutoTests" name="[348] /home/travis/build/icyphy/ptII/ptolemy/actor/lib/test/auto/SubscriberPortInitialValues13.xml (RunModel)" time="0.02" />
  <testcase classname="ptolemy.util.test.junit.AutoTests" name="[349] /home/travis/build/icyphy/ptII/ptolemy/actor/lib/test/auto/SubscriberPortInitialValues14.xml (RunModel)" time="0.015" />
  <testcase classname="ptolemy.util.test.junit.AutoTests" name="[350] /home/travis/build/icyphy/ptII/ptolemy/actor/lib/test/auto/SubscriberPortInitialValues2.xml (RunModel)" time="0.014" />
  <testcase classname="ptolemy.util.test.junit.AutoTests" name="[351] /home/travis/build/icyphy/ptII/ptolemy/actor/lib/test/auto/SubscriberPortInitialValues3.xml (RunModel)" time="0.046" />
  <testcase classname="ptolemy.util.test.junit.AutoTests" name="[352] /home/travis/build/icyphy/ptII/ptolemy/actor/lib/test/auto/SubscriptionAggregator.xml (RunModel)" time="0.034" />
  <testcase classname="ptolemy.util.test.junit.AutoTests" name="[353] /home/travis/build/icyphy/ptII/ptolemy/actor/lib/test/auto/SubscriptionAggregator2.xml (RunModel)" time="0.03" />
  <testcase classname="ptolemy.util.test.junit.AutoTests" name="[354] /home/travis/build/icyphy/ptII/ptolemy/actor/lib/test/auto/SubscriptionAggregator3.xml (RunModel)" time="0.037" />
  <testcase classname="ptolemy.util.test.junit.AutoTests" name="[355] /home/travis/build/icyphy/ptII/ptolemy/actor/lib/test/auto/SubscriptionAggregatorMultiply.xml (RunModel)" time="0.015" />
  <testcase classname="ptolemy.util.test.junit.AutoTests" name="[356] /home/travis/build/icyphy/ptII/ptolemy/actor/lib/test/auto/SubscriptionAggregatorPortMultiply1.xml (RunModel)" time="0.013" />
  <testcase classname="ptolemy.util.test.junit.AutoTests" name="[357] /home/travis/build/icyphy/ptII/ptolemy/actor/lib/test/auto/Switch.xml (RunModel)" time="0.013" />
  <testcase classname="ptolemy.util.test.junit.AutoTests" name="[358] /home/travis/build/icyphy/ptII/ptolemy/actor/lib/test/auto/Switch2.xml (RunModel)" time="0.014" />
  <testcase classname="ptolemy.util.test.junit.AutoTests" name="[359] /home/travis/build/icyphy/ptII/ptolemy/actor/lib/test/auto/SwitchDE.xml (RunModel)" time="0.012" />
  <testcase classname="ptolemy.util.test.junit.AutoTests" name="[360] /home/travis/build/icyphy/ptII/ptolemy/actor/lib/test/auto/SynchronizerDE.xml (RunModel)" time="0.016" />
  <testcase classname="ptolemy.util.test.junit.AutoTests" name="[361] /home/travis/build/icyphy/ptII/ptolemy/actor/lib/test/auto/Test.xml (RunModel)" time="0.008" />
  <testcase classname="ptolemy.util.test.junit.AutoTests" name="[362] /home/travis/build/icyphy/ptII/ptolemy/actor/lib/test/auto/TestExceptionAttribute1.xml (RunModel)" time="0.006" />
  <testcase classname="ptolemy.util.test.junit.AutoTests" name="[363] /home/travis/build/icyphy/ptII/ptolemy/actor/lib/test/auto/TestExceptionAttribute2.xml (RunModel)" time="0.006" />
  <testcase classname="ptolemy.util.test.junit.AutoTests" name="[364] /home/travis/build/icyphy/ptII/ptolemy/actor/lib/test/auto/TestExceptionAttribute3.xml (RunModel)" time="0.006" />
  <testcase classname="ptolemy.util.test.junit.AutoTests" name="[365] /home/travis/build/icyphy/ptII/ptolemy/actor/lib/test/auto/TestExceptionAttribute4.xml (RunModel)" time="0.006" />
  <testcase classname="ptolemy.util.test.junit.AutoTests" name="[366] /home/travis/build/icyphy/ptII/ptolemy/actor/lib/test/auto/TestExceptionHandler1.xml (RunModel)" time="0.006" />
  <testcase classname="ptolemy.util.test.junit.AutoTests" name="[367] /home/travis/build/icyphy/ptII/ptolemy/actor/lib/test/auto/TestExceptionHandler2.xml (RunModel)" time="0.006" />
  <testcase classname="ptolemy.util.test.junit.AutoTests" name="[368] /home/travis/build/icyphy/ptII/ptolemy/actor/lib/test/auto/TestExceptionHandler3.xml (RunModel)" time="0.01" />
  <testcase classname="ptolemy.util.test.junit.AutoTests" name="[369] /home/travis/build/icyphy/ptII/ptolemy/actor/lib/test/auto/TestExceptionHandler4.xml (RunModel)" time="0.006" />
  <testcase classname="ptolemy.util.test.junit.AutoTests" name="[370] /home/travis/build/icyphy/ptII/ptolemy/actor/lib/test/auto/TestRequireCorrectOrder.xml (RunModel)" time="0.009" />
  <testcase classname="ptolemy.util.test.junit.AutoTests" name="[371] /home/travis/build/icyphy/ptII/ptolemy/actor/lib/test/auto/TestSimple.xml (RunModel)" time="0.009" />
  <testcase classname="ptolemy.util.test.junit.AutoTests" name="[372] /home/travis/build/icyphy/ptII/ptolemy/actor/lib/test/auto/ThrowModelError.xml (RunModel)" time="0.01" />
  <testcase classname="ptolemy.util.test.junit.AutoTests" name="[373] /home/travis/build/icyphy/ptII/ptolemy/actor/lib/test/auto/TimeDelayMicrosteps.xml (RunModel)" time="0.012" />
  <testcase classname="ptolemy.util.test.junit.AutoTests" name="[374] /home/travis/build/icyphy/ptII/ptolemy/actor/lib/test/auto/TimeDelayMicrosteps2.xml (RunModel)" time="0.014" />
  <testcase classname="ptolemy.util.test.junit.AutoTests" name="[375] /home/travis/build/icyphy/ptII/ptolemy/actor/lib/test/auto/TimeDelayMicrosteps3.xml (RunModel)" time="0.012" />
  <testcase classname="ptolemy.util.test.junit.AutoTests" name="[376] /home/travis/build/icyphy/ptII/ptolemy/actor/lib/test/auto/TimeDelayVariableMicrosteps.xml (RunModel)" time="0.015" />
  <testcase classname="ptolemy.util.test.junit.AutoTests" name="[377] /home/travis/build/icyphy/ptII/ptolemy/actor/lib/test/auto/TimeGap.xml (RunModel)" time="0.02" />
  <testcase classname="ptolemy.util.test.junit.AutoTests" name="[378] /home/travis/build/icyphy/ptII/ptolemy/actor/lib/test/auto/TimeGap2.xml (RunModel)" time="0.015" />
  <testcase classname="ptolemy.util.test.junit.AutoTests" name="[379] /home/travis/build/icyphy/ptII/ptolemy/actor/lib/test/auto/TimedSinewave.xml (RunModel)" time="0.067" />
  <testcase classname="ptolemy.util.test.junit.AutoTests" name="[380] /home/travis/build/icyphy/ptII/ptolemy/actor/lib/test/auto/TimedSinewavePhase.xml (RunModel)" time="0.03" />
  <testcase classname="ptolemy.util.test.junit.AutoTests" name="[381] /home/travis/build/icyphy/ptII/ptolemy/actor/lib/test/auto/Timer.xml (RunModel)" time="0.016" />
  <testcase classname="ptolemy.util.test.junit.AutoTests" name="[382] /home/travis/build/icyphy/ptII/ptolemy/actor/lib/test/auto/TriangularDistTestModel.xml (RunModel)" time="0.017" />
  <testcase classname="ptolemy.util.test.junit.AutoTests" name="[383] /home/travis/build/icyphy/ptII/ptolemy/actor/lib/test/auto/TrigFunction.xml (RunModel)" time="0.008" />
  <testcase classname="ptolemy.util.test.junit.AutoTests" name="[384] /home/travis/build/icyphy/ptII/ptolemy/actor/lib/test/auto/TrigFunctionDE.xml (RunModel)" time="0.011" />
  <testcase classname="ptolemy.util.test.junit.AutoTests" name="[385] /home/travis/build/icyphy/ptII/ptolemy/actor/lib/test/auto/TrigFunctionInverse.xml (RunModel)" time="0.009" />
  <testcase classname="ptolemy.util.test.junit.AutoTests" name="[386] /home/travis/build/icyphy/ptII/ptolemy/actor/lib/test/auto/TrigFunctionTan.xml (RunModel)" time="0.007" />
  <testcase classname="ptolemy.util.test.junit.AutoTests" name="[387] /home/travis/build/icyphy/ptII/ptolemy/actor/lib/test/auto/TriggeredClock.xml (RunModel)" time="0.008" />
  <testcase classname="ptolemy.util.test.junit.AutoTests" name="[388] /home/travis/build/icyphy/ptII/ptolemy/actor/lib/test/auto/URLDirectoryReader.xml (RunModel)" time="0.122" />
  <testcase classname="ptolemy.util.test.junit.AutoTests" name="[389] /home/travis/build/icyphy/ptII/ptolemy/actor/lib/test/auto/URLDirectoryReader3.xml (RunModel)" time="1.292" />
  <testcase classname="ptolemy.util.test.junit.AutoTests" name="[390] /home/travis/build/icyphy/ptII/ptolemy/actor/lib/test/auto/UnaryMathFunction.xml (RunModel)" time="0.034" />
  <testcase classname="ptolemy.util.test.junit.AutoTests" name="[391] /home/travis/build/icyphy/ptII/ptolemy/actor/lib/test/auto/Uniform.xml (RunModel)" time="0.032" />
  <testcase classname="ptolemy.util.test.junit.AutoTests" name="[392] /home/travis/build/icyphy/ptII/ptolemy/actor/lib/test/auto/UnionDisassemblerTest.xml (RunModel)" time="0.021" />
  <testcase classname="ptolemy.util.test.junit.AutoTests" name="[393] /home/travis/build/icyphy/ptII/ptolemy/actor/lib/test/auto/UtilityFunctions.xml (RunModel)" time="0.026" />
  <testcase classname="ptolemy.util.test.junit.AutoTests" name="[394] /home/travis/build/icyphy/ptII/ptolemy/actor/lib/test/auto/VariableSleep.xml (RunModel)" time="0.522" />
  <testcase classname="ptolemy.util.test.junit.AutoTests" name="[395] /home/travis/build/icyphy/ptII/ptolemy/actor/lib/test/auto/VectorAssemblerDisassemblerCT.xml (RunModel)" time="0.09" />
  <testcase classname="ptolemy.util.test.junit.AutoTests" name="[396] /home/travis/build/icyphy/ptII/ptolemy/actor/lib/test/auto/VectorAssemblerDisassemblerDE.xml (RunModel)" time="0.013" />
  <testcase classname="ptolemy.util.test.junit.AutoTests" name="[397] /home/travis/build/icyphy/ptII/ptolemy/actor/lib/test/auto/VectorAssemblerDisassemblerSDF.xml (RunModel)" time="0.012" />
  <testcase classname="ptolemy.util.test.junit.AutoTests" name="[398] /home/travis/build/icyphy/ptII/ptolemy/actor/lib/test/auto/WallClockTime.xml (RunModel)" time="1.012" />
  <testcase classname="ptolemy.util.test.junit.AutoTests" name="[399] /home/travis/build/icyphy/ptII/ptolemy/actor/lib/test/auto/WidthTestWithSubscriberPublisher.xml (RunModel)" time="0.039" />
  <testcase classname="ptolemy.util.test.junit.AutoTests" name="[400] /home/travis/build/icyphy/ptII/ptolemy/actor/lib/test/auto/WidthTestWithSubscriberPublisher2.xml (RunModel)" time="0.02" />
  <testcase classname="ptolemy.util.test.junit.AutoTests" name="[401] /home/travis/build/icyphy/ptII/ptolemy/actor/lib/test/auto/WidthTestWithSubscriberPublisher3.xml (RunModel)" time="0.032" />
  <testcase classname="ptolemy.util.test.junit.AutoTests" name="[402] /home/travis/build/icyphy/ptII/ptolemy/actor/lib/test/auto/Writer.xml (RunModel)" time="0.039" />
  <testcase classname="ptolemy.util.test.junit.AutoTests" name="[403] /home/travis/build/icyphy/ptII/ptolemy/actor/lib/test/auto/array.xml (RunModel)" time="0.031" />
  <testcase classname="ptolemy.util.test.junit.AutoTests" name="[404] /home/travis/build/icyphy/ptII/ptolemy/actor/lib/test/auto/array2.xml (RunModel)" time="0.031" />
  <testcase classname="ptolemy.util.test.junit.AutoTests" name="[405] /home/travis/build/icyphy/ptII/ptolemy/actor/lib/test/auto/arrayType.xml (RunModel)" time="0.032" />
  <testcase classname="ptolemy.util.test.junit.AutoTests" name="[406] /home/travis/build/icyphy/ptII/ptolemy/actor/lib/test/auto/arrayType10.xml (RunModel)" time="0.014" />
  <testcase classname="ptolemy.util.test.junit.AutoTests" name="[407] /home/travis/build/icyphy/ptII/ptolemy/actor/lib/test/auto/arrayType11.xml (RunModel)" time="0.007" />
  <testcase classname="ptolemy.util.test.junit.AutoTests" name="[408] /home/travis/build/icyphy/ptII/ptolemy/actor/lib/test/auto/arrayType12.xml (RunModel)" time="0.008" />
  <testcase classname="ptolemy.util.test.junit.AutoTests" name="[409] /home/travis/build/icyphy/ptII/ptolemy/actor/lib/test/auto/arrayType13.xml (RunModel)" time="0.007" />
  <testcase classname="ptolemy.util.test.junit.AutoTests" name="[410] /home/travis/build/icyphy/ptII/ptolemy/actor/lib/test/auto/arrayType14.xml (RunModel)" time="0.009" />
  <testcase classname="ptolemy.util.test.junit.AutoTests" name="[411] /home/travis/build/icyphy/ptII/ptolemy/actor/lib/test/auto/arrayType15.xml (RunModel)" time="0.008" />
  <testcase classname="ptolemy.util.test.junit.AutoTests" name="[412] /home/travis/build/icyphy/ptII/ptolemy/actor/lib/test/auto/arrayType16.xml (RunModel)" time="0.008" />
  <testcase classname="ptolemy.util.test.junit.AutoTests" name="[413] /home/travis/build/icyphy/ptII/ptolemy/actor/lib/test/auto/arrayType17.xml (RunModel)" time="0.009" />
  <testcase classname="ptolemy.util.test.junit.AutoTests" name="[414] /home/travis/build/icyphy/ptII/ptolemy/actor/lib/test/auto/arrayType18.xml (RunModel)" time="0.008" />
  <testcase classname="ptolemy.util.test.junit.AutoTests" name="[415] /home/travis/build/icyphy/ptII/ptolemy/actor/lib/test/auto/arrayType19.xml (RunModel)" time="0.007" />
  <testcase classname="ptolemy.util.test.junit.AutoTests" name="[416] /home/travis/build/icyphy/ptII/ptolemy/actor/lib/test/auto/arrayType2.xml (RunModel)" time="0.013" />
  <testcase classname="ptolemy.util.test.junit.AutoTests" name="[417] /home/travis/build/icyphy/ptII/ptolemy/actor/lib/test/auto/arrayType20.xml (RunModel)" time="0.009" />
  <testcase classname="ptolemy.util.test.junit.AutoTests" name="[418] /home/travis/build/icyphy/ptII/ptolemy/actor/lib/test/auto/arrayType21.xml (RunModel)" time="0.008" />
  <testcase classname="ptolemy.util.test.junit.AutoTests" name="[419] /home/travis/build/icyphy/ptII/ptolemy/actor/lib/test/auto/arrayType22.xml (RunModel)" time="0.013" />
  <testcase classname="ptolemy.util.test.junit.AutoTests" name="[420] /home/travis/build/icyphy/ptII/ptolemy/actor/lib/test/auto/arrayType23.xml (RunModel)" time="0.008" />
  <testcase classname="ptolemy.util.test.junit.AutoTests" name="[421] /home/travis/build/icyphy/ptII/ptolemy/actor/lib/test/auto/arrayType24.xml (RunModel)" time="0.008" />
  <testcase classname="ptolemy.util.test.junit.AutoTests" name="[422] /home/travis/build/icyphy/ptII/ptolemy/actor/lib/test/auto/arrayType25.xml (RunModel)" time="0.008" />
  <testcase classname="ptolemy.util.test.junit.AutoTests" name="[423] /home/travis/build/icyphy/ptII/ptolemy/actor/lib/test/auto/arrayType26.xml (RunModel)" time="0.009" />
  <testcase classname="ptolemy.util.test.junit.AutoTests" name="[424] /home/travis/build/icyphy/ptII/ptolemy/actor/lib/test/auto/arrayType27.xml (RunModel)" time="0.009" />
  <testcase classname="ptolemy.util.test.junit.AutoTests" name="[425] /home/travis/build/icyphy/ptII/ptolemy/actor/lib/test/auto/arrayType28.xml (RunModel)" time="0.01" />
  <testcase classname="ptolemy.util.test.junit.AutoTests" name="[426] /home/travis/build/icyphy/ptII/ptolemy/actor/lib/test/auto/arrayType3.xml (RunModel)" time="0.009" />
  <testcase classname="ptolemy.util.test.junit.AutoTests" name="[427] /home/travis/build/icyphy/ptII/ptolemy/actor/lib/test/auto/arrayType4.xml (RunModel)" time="0.009" />
  <testcase classname="ptolemy.util.test.junit.AutoTests" name="[428] /home/travis/build/icyphy/ptII/ptolemy/actor/lib/test/auto/arrayType5.xml (RunModel)" time="0.008" />
  <testcase classname="ptolemy.util.test.junit.AutoTests" name="[429] /home/travis/build/icyphy/ptII/ptolemy/actor/lib/test/auto/arrayType6.xml (RunModel)" time="0.008" />
  <testcase classname="ptolemy.util.test.junit.AutoTests" name="[430] /home/travis/build/icyphy/ptII/ptolemy/actor/lib/test/auto/arrayType7.xml (RunModel)" time="0.008" />
  <testcase classname="ptolemy.util.test.junit.AutoTests" name="[431] /home/travis/build/icyphy/ptII/ptolemy/actor/lib/test/auto/arrayType8.xml (RunModel)" time="0.021" />
  <testcase classname="ptolemy.util.test.junit.AutoTests" name="[432] /home/travis/build/icyphy/ptII/ptolemy/actor/lib/test/auto/arrayType9.xml (RunModel)" time="0.008" />
  <testcase classname="ptolemy.util.test.junit.AutoTests" name="[433] /home/travis/build/icyphy/ptII/ptolemy/actor/lib/test/auto/cast.xml (RunModel)" time="0.013" />
  <testcase classname="ptolemy.util.test.junit.AutoTests" name="[434] /home/travis/build/icyphy/ptII/ptolemy/actor/lib/test/auto/compositeMultiPort.xml (RunModel)" time="0.016" />
  <testcase classname="ptolemy.util.test.junit.AutoTests" name="[435] /home/travis/build/icyphy/ptII/ptolemy/actor/lib/test/auto/expressionCastInference.xml (RunModel)" time="0.013" />
  <testcase classname="ptolemy.util.test.junit.AutoTests" name="[436] /home/travis/build/icyphy/ptII/ptolemy/actor/lib/test/auto/expressionCastInference2.xml (RunModel)" time="0.007" />
  <testcase classname="ptolemy.util.test.junit.AutoTests" name="[437] /home/travis/build/icyphy/ptII/ptolemy/actor/lib/test/auto/expressionInference.xml (RunModel)" time="0.006" />
  <testcase classname="ptolemy.util.test.junit.AutoTests" name="[438] /home/travis/build/icyphy/ptII/ptolemy/actor/lib/test/auto/expression_bug.xml (RunModel)" time="0.006" />
  <testcase classname="ptolemy.util.test.junit.AutoTests" name="[439] /home/travis/build/icyphy/ptII/ptolemy/actor/lib/test/auto/factorial.xml (RunModel)" time="0.041" />
  <testcase classname="ptolemy.util.test.junit.AutoTests" name="[440] /home/travis/build/icyphy/ptII/ptolemy/actor/lib/test/auto/filterTest1.xml (RunModel)" time="0.024" />
  <testcase classname="ptolemy.util.test.junit.AutoTests" name="[441] /home/travis/build/icyphy/ptII/ptolemy/actor/lib/test/auto/funcApplyInConst.xml (RunModel)" time="0.006" />
  <testcase classname="ptolemy.util.test.junit.AutoTests" name="[442] /home/travis/build/icyphy/ptII/ptolemy/actor/lib/test/auto/funcApplyInExpr.xml (RunModel)" time="0.007" />
  <testcase classname="ptolemy.util.test.junit.AutoTests" name="[443] /home/travis/build/icyphy/ptII/ptolemy/actor/lib/test/auto/function.xml (RunModel)" time="0.01" />
  <testcase classname="ptolemy.util.test.junit.AutoTests" name="[444] /home/travis/build/icyphy/ptII/ptolemy/actor/lib/test/auto/function2.xml (RunModel)" time="0.009" />
  <testcase classname="ptolemy.util.test.junit.AutoTests" name="[445] /home/travis/build/icyphy/ptII/ptolemy/actor/lib/test/auto/function3.xml (RunModel)" time="0.009" />
  <testcase classname="ptolemy.util.test.junit.AutoTests" name="[446] /home/travis/build/icyphy/ptII/ptolemy/actor/lib/test/auto/functionClosureTest1.xml (RunModel)" time="0.011" />
  <testcase classname="ptolemy.util.test.junit.AutoTests" name="[447] /home/travis/build/icyphy/ptII/ptolemy/actor/lib/test/auto/functionClosureTest2.xml (RunModel)" time="0.006" />
  <testcase classname="ptolemy.util.test.junit.AutoTests" name="[448] /home/travis/build/icyphy/ptII/ptolemy/actor/lib/test/auto/functionClosureTest3.xml (RunModel)" time="0.009" />
  <testcase classname="ptolemy.util.test.junit.AutoTests" name="[449] /home/travis/build/icyphy/ptII/ptolemy/actor/lib/test/auto/functionClosureTest4.xml (RunModel)" time="0.014" />
  <testcase classname="ptolemy.util.test.junit.AutoTests" name="[450] /home/travis/build/icyphy/ptII/ptolemy/actor/lib/test/auto/functionClosureTest5.xml (RunModel)" time="0.011" />
  <testcase classname="ptolemy.util.test.junit.AutoTests" name="[451] /home/travis/build/icyphy/ptII/ptolemy/actor/lib/test/auto/functionClosureTest6.xml (RunModel)" time="0.009" />
  <testcase classname="ptolemy.util.test.junit.AutoTests" name="[452] /home/travis/build/icyphy/ptII/ptolemy/actor/lib/test/auto/functionsOnArcs.xml (RunModel)" time="0.008" />
  <testcase classname="ptolemy.util.test.junit.AutoTests" name="[453] /home/travis/build/icyphy/ptII/ptolemy/actor/lib/test/auto/functionsOnArcsHOF.xml (RunModel)" time="0.015" />
  <testcase classname="ptolemy.util.test.junit.AutoTests" name="[454] /home/travis/build/icyphy/ptII/ptolemy/actor/lib/test/auto/logic.xml (RunModel)" time="0.018" />
  <testcase classname="ptolemy.util.test.junit.AutoTests" name="[455] /home/travis/build/icyphy/ptII/ptolemy/actor/lib/test/auto/matrixType.xml (RunModel)" time="0.009" />
  <testcase classname="ptolemy.util.test.junit.AutoTests" name="[456] /home/travis/build/icyphy/ptII/ptolemy/actor/lib/test/auto/matrixType10.xml (RunModel)" time="0.009" />
  <testcase classname="ptolemy.util.test.junit.AutoTests" name="[457] /home/travis/build/icyphy/ptII/ptolemy/actor/lib/test/auto/matrixType11.xml (RunModel)" time="0.007" />
  <testcase classname="ptolemy.util.test.junit.AutoTests" name="[458] /home/travis/build/icyphy/ptII/ptolemy/actor/lib/test/auto/matrixType12.xml (RunModel)" time="0.01" />
  <testcase classname="ptolemy.util.test.junit.AutoTests" name="[459] /home/travis/build/icyphy/ptII/ptolemy/actor/lib/test/auto/matrixType13.xml (RunModel)" time="0.008" />
  <testcase classname="ptolemy.util.test.junit.AutoTests" name="[460] /home/travis/build/icyphy/ptII/ptolemy/actor/lib/test/auto/matrixType14.xml (RunModel)" time="0.01" />
  <testcase classname="ptolemy.util.test.junit.AutoTests" name="[461] /home/travis/build/icyphy/ptII/ptolemy/actor/lib/test/auto/matrixType2.xml (RunModel)" time="0.009" />
  <testcase classname="ptolemy.util.test.junit.AutoTests" name="[462] /home/travis/build/icyphy/ptII/ptolemy/actor/lib/test/auto/matrixType3.xml (RunModel)" time="0.011" />
  <testcase classname="ptolemy.util.test.junit.AutoTests" name="[463] /home/travis/build/icyphy/ptII/ptolemy/actor/lib/test/auto/matrixType4.xml (RunModel)" time="0.009" />
  <testcase classname="ptolemy.util.test.junit.AutoTests" name="[464] /home/travis/build/icyphy/ptII/ptolemy/actor/lib/test/auto/matrixType5.xml (RunModel)" time="0.007" />
  <testcase classname="ptolemy.util.test.junit.AutoTests" name="[465] /home/travis/build/icyphy/ptII/ptolemy/actor/lib/test/auto/matrixType6.xml (RunModel)" time="0.007" />
  <testcase classname="ptolemy.util.test.junit.AutoTests" name="[466] /home/travis/build/icyphy/ptII/ptolemy/actor/lib/test/auto/matrixType7.xml (RunModel)" time="0.008" />
  <testcase classname="ptolemy.util.test.junit.AutoTests" name="[467] /home/travis/build/icyphy/ptII/ptolemy/actor/lib/test/auto/matrixType8.xml (RunModel)" time="0.008" />
  <testcase classname="ptolemy.util.test.junit.AutoTests" name="[468] /home/travis/build/icyphy/ptII/ptolemy/actor/lib/test/auto/matrixType9.xml (RunModel)" time="0.007" />
  <testcase classname="ptolemy.util.test.junit.AutoTests" name="[469] /home/travis/build/icyphy/ptII/ptolemy/actor/lib/test/auto/paraFunctest.xml (RunModel)" time="0.007" />
  <testcase classname="ptolemy.util.test.junit.AutoTests" name="[470] /home/travis/build/icyphy/ptII/ptolemy/actor/lib/test/auto/paraFunctest2.xml (RunModel)" time="0.007" />
  <testcase classname="ptolemy.util.test.junit.AutoTests" name="[471] /home/travis/build/icyphy/ptII/ptolemy/actor/lib/test/auto/parameterPassing.xml (RunModel)" time="0.008" />
  <testcase classname="ptolemy.util.test.junit.AutoTests" name="[472] /home/travis/build/icyphy/ptII/ptolemy/actor/lib/test/auto/record.xml (RunModel)" time="0.009" />
  <testcase classname="ptolemy.util.test.junit.AutoTests" name="[473] /home/travis/build/icyphy/ptII/ptolemy/actor/lib/test/auto/sizedarray1.xml (RunModel)" time="0.01" />
  <testcase classname="ptolemy.util.test.junit.AutoTests" name="[474] /home/travis/build/icyphy/ptII/ptolemy/actor/lib/test/auto/sizedarray2.xml (RunModel)" time="0.009" />
  <testcase classname="ptolemy.util.test.junit.AutoTests" name="[475] /home/travis/build/icyphy/ptII/ptolemy/actor/lib/test/auto/twoPublishers.xml (RunModel)" time="0.021" />
  <system-out><![CDATA[/home/travis/build/icyphy/ptII/ptolemy/actor/lib/test/AbsoluteValue.tcl
testDefs.tcl: setting time out to 9000 seconds at Sat Apr 06 03:53:43 UTC 2019
83 ms. Memory: 116224K Free: 109658K (94%)
9 ms. Memory: 116224K Free: 108470K (93%)
4 ms. Memory: 116224K Free: 107869K (93%)
3 ms. Memory: 116224K Free: 106674K (92%)
/home/travis/build/icyphy/ptII/ptolemy/actor/lib/test/AddSubtract.tcl
8 ms. Memory: 116224K Free: 104853K (90%)
5 ms. Memory: 116224K Free: 104220K (90%)
5 ms. Memory: 116224K Free: 103025K (89%)
5 ms. Memory: 116224K Free: 102423K (88%)
5 ms. Memory: 116224K Free: 101814K (88%)
4 ms. Memory: 116224K Free: 101196K (87%)
/home/travis/build/icyphy/ptII/ptolemy/actor/lib/test/Average.tcl
14 ms. Memory: 116224K Free: 99376K (86%)
19 ms. Memory: 116224K Free: 98149K (84%)
/home/travis/build/icyphy/ptII/ptolemy/actor/lib/test/Bernoulli.tcl
4 ms. Memory: 116224K Free: 96353K (83%)
2 ms. Memory: 116224K Free: 95759K (82%)
/home/travis/build/icyphy/ptII/ptolemy/actor/lib/test/Clock.tcl
preinitializing
resolving types
initializing
executing number 1
wrapping up
idle
25 ms. Memory: 116224K Free: 93946K (81%)
Completed execution with 5 iterations
preinitializing
resolving types
initializing
executing number 1
wrapping up
idle
3 ms. Memory: 116224K Free: 92743K (80%)
Completed execution with 5 iterations
preinitializing
resolving types
initializing
executing number 1
wrapping up
idle
3 ms. Memory: 116224K Free: 92134K (79%)
Completed execution with 5 iterations
/home/travis/build/icyphy/ptII/ptolemy/actor/lib/test/Commutator.tcl
5 ms. Memory: 116224K Free: 90337K (78%)
19 ms. Memory: 116224K Free: 89134K (77%)
8 ms. Memory: 116224K Free: 84924K (73%)
/home/travis/build/icyphy/ptII/ptolemy/actor/lib/test/Const.tcl
4 ms. Memory: 116224K Free: 83108K (72%)
2 ms. Memory: 116224K Free: 82514K (71%)
5 ms. Memory: 116224K Free: 81307K (70%)
18 ms. Memory: 116224K Free: 110719K (95%)
2 ms. Memory: 116224K Free: 110087K (95%)
24 ms. Memory: 116224K Free: 108895K (94%)
8 ms. Memory: 116224K Free: 107708K (93%)
4 ms. Memory: 116224K Free: 106508K (92%)
/home/travis/build/icyphy/ptII/ptolemy/actor/lib/test/CurrentTime.tcl
preinitializing
resolving types
initializing
executing number 1
wrapping up
idle
15 ms. Memory: 116224K Free: 104676K (90%)
Completed execution with 11 iterations
/home/travis/build/icyphy/ptII/ptolemy/actor/lib/test/DB.tcl
8 ms. Memory: 116224K Free: 102885K (89%)
2 ms. Memory: 116224K Free: 102293K (88%)
4 ms. Memory: 116224K Free: 101701K (88%)
/home/travis/build/icyphy/ptII/ptolemy/actor/lib/test/DiscreteRandomSource.tcl
preinitializing
resolving types
initializing
executing number 1
wrapping up
idle
9 ms. Memory: 116224K Free: 100501K (86%)
Completed execution with 4 iterations
preinitializing
resolving types
initializing
executing number 1
wrapping up
idle
8 ms. Memory: 116224K Free: 99909K (86%)
Completed execution with 4 iterations
preinitializing
resolving types
initializing
executing number 1
wrapping up
idle
2 ms. Memory: 116224K Free: 99318K (85%)
Completed execution with 4 iterations
preinitializing
resolving types
initializing
executing number 1
wrapping up
idle
1 ms. Memory: 116224K Free: 99318K (85%)
Completed execution with 4 iterations
preinitializing
resolving types
initializing
executing number 1
wrapping up
idle
13 ms. Memory: 116224K Free: 98710K (85%)
Completed execution with 4 iterations
/home/travis/build/icyphy/ptII/ptolemy/actor/lib/test/Distributor.tcl
12 ms. Memory: 116224K Free: 96934K (83%)
12 ms. Memory: 116224K Free: 96326K (83%)
StreamChangeRequest.changeExecuted(): <deleteEntity name="rec2"/> succeeded
StreamChangeRequest.changeExecuted(): <deleteRelation name="r2"/> succeeded
StreamChangeRequest.changeExecuted(): Record firings per iteration succeeded
13 ms. Memory: 116224K Free: 93941K (81%)
/home/travis/build/icyphy/ptII/ptolemy/actor/lib/test/Exit.tcl
Exit.tcl: this will print a message about Manager.exitAfterWrapup, which can be ignored.
8 ms. Memory: 116224K Free: 90303K (78%)
/home/travis/build/icyphy/ptII/ptolemy/actor/lib/test/Expression.tcl
9 ms. Memory: 116224K Free: 87897K (76%)
7 ms. Memory: 116224K Free: 87289K (75%)
2 ms. Memory: 116224K Free: 86681K (75%)
preinitializing
resolving types
initializing
executing number 1
wrapping up
idle
4 ms. Memory: 116224K Free: 84881K (73%)
Completed execution with 6 iterations
4 ms. Memory: 116224K Free: 84274K (73%)
2 ms. Memory: 116224K Free: 83650K (72%)
3 ms. Memory: 116224K Free: 82450K (71%)
17 ms. Memory: 116224K Free: 110612K (95%)
4 ms. Memory: 116224K Free: 109405K (94%)
/home/travis/build/icyphy/ptII/ptolemy/actor/lib/test/Gaussian.tcl
3 ms. Memory: 116224K Free: 107587K (93%)
sleeping 1 seconds: ............................................................................................................................................................................................................................................................................................................................................................................................................................................................................................................................................................................................................................................................................................................................................................................................................................................................................................................................................................................................................................................................................................................................................................................................................................................................................................................................................................................................................................................................................................................................................................................................................................................................................................................................................................................................................................................................................................................................................................................................................................................................................................................................................................................................................................................................................................................................................................................................................................................................................................................................................................................................................................................................................................................................................................................................................................................................................................................................................................................................................................................................................................................................................................................................................................................................................................................................................................................................................................................................................................................................................................................................................................................................................................................................................................................................................................................................................................................................................................................................................................................................................................................................................................................................................................................................................................................................................................................................................................................................................................................................................................................................................................................................................................................................................................................................................................................................................................................................................................................................................................................................................................................................................................................................................................................................................................................................................................................................................................................................................................................................................................................................................................................................................................................................................................................................................................................................................................................................................................................................................................................................................................................................................................................................................................................................................................................................................................................................................................................................................................................................................................................................................................................................................................................................................................................................................................................................................................................................................................................................................................................................................................................................................................................................................................................................................................................................................................................................................................................................................................................................................................................................................................................................................................................................................................................................................................................................................................................................................................................................................................................................................................................................................................................................................................................................................................................................................................................................................................................................................................................................................................................................................................................................................................................................................................................................................................................................................................................................................................................................................................................................................................................................................................................................................................................................................................................................................................................................................................................................................................................................................................................................................................................................................................................................................................................................................................................................................................................................................................................................................................................................................................................................................................................................................................................................................................................................................................................................................................................................................................................................................................................................................................................................................................................................................................................................................................................................................................................................................................................................................................................................................................................................................................................................................................................................................................................................................................................................................................................................................................................................................................................................................................................................................................................................................................................................................................................................................................................................................................................................................................................................................................................................................................................................................................................................................................................................................................................................................................................................................................................................................................................................................................................................................................................................................................................................................................................................................................................................................................................................................................................................................................................................................................................................................................................................................................................................................................................................................................................................................................................................................................................................................................................................................................................................................................................................................................................................................................................................................................................................................................................................................................................................................................................................................................................................................................................................................................................................................................................................................................................................................................................................................................................................................................................................................................................................................................................................................................................................................................................................................................................................................................................................................................................................................................................................................................................................................................................................................................................................................................................................................................................................................................................................................................................................................................................................................................................................................................................................................................................................................................................................................................................................................................................................................................................................................................................................................................................................................................................................................................................................................................................................................................................................................................................................................................................................................................................................................................................................................................................................................................................................................................................................................................................................................................................................................................................................................................................................................................................................................................................................................................................................................................................................................................................................................................................................................................................................................................................................................................................................................................................................................................................................................................................................................................................................................................................................................................................................................................................................................................................................................................................................................................................................................................................................................................................................................................................................................................................................................................................................................................................................................................................................................................................................................................................................................................................................................................................................................................................................................................................................................................................................................................................................................................................................................................................................................................................................................................................................................................................................................................................................................................................................................................................................................................................................................................................................................................................................................................................................................................................................................................................................................................................................................................................................................................................................................................................................................................................................................................................................................................................................................................................................................................................................................................................................................................................................................................................................................................................................................................................................................................................................................................................................................................................................................................................................................................................................................................................................................................................................................................................................................................................................................................................................................................................................................................................................................................................................................................................................................................................................................................................................................................................................................................................................................................................................................................................................................................................................................................................................................................................................................................................................................................................................................................................................................................................................................................................................................................................................................................................................................................................................................................................................................................................................................................................................................................................................................................................................................................................................................................................................................................................................................................................................................................................................................................................................................................................................................................................................................................................................................................................................................................................................................................................................................................................................................................................................................................................................................................................................................................................................................................................................................................................................................................................................................................................................................................................................................................................................................................................................................................................................................................................................................................................................................................................................................................................................................................................................................................................................................................................................................................................................................................................................................................................................................................................................................................................................................................................................................................................................................................................................................................................................................................................................................................................................................................................................................................................................................................................................................................................................................................................................................................................................................................................................................................................................................................................................................................................................................................................................................................................................................................................................................................................................................................................................................................................................................................................................................................................................................................................................................................................................................................................................................................................................................................................................................................................................................................................................................................................................................................................................................................................................................................................................................................................................................................................................................................................................................................................................................................................................................................................................................................................................................................................................................................................................................................................................................................................................................................................................................................................................................................................................................................................................................................................................................................................................................................................................................................................................................................................................................................................................................................................................................................................................................................................................................................................................................................................................................................................................................................................................................................................................................................................................................................................................................................................................................................................................................................................................................................................................................................................................................................................................................................................................................................................................................................................................................................................................................................................................................................................................................................................................................................................................................................................................................................................................................................................................................................................................................................................................................................................................................................................................................................................................................................................................................................................................................................................................................................................................................................................................................................................................................................................................................................................................................................................................................................................................................................................................................................................................................................................................................................................................................................................................................................................................................................................................................................................................................................................................................................................................................................................................................................................................................................................................................................................................................................................................................................................................................................................................................................................................................................................................................................................................................................................................................................................................................................................................................................................................................................................................................................................................................................................................................................................................................................................................................................................................................................................................................................................................................................................................................................................................................................................................................................................................................................................................................................................................................................................................................................................................................................................................................................................................................................................................................................................................................................................................................................................................................................................................................................................................................................................................................................................................................................................................................................................................................................................................................................................................................................................................................................................................................................................................................................................................................................................................................................................................................................................................................................................................................................................................................................................................................................................................................................................................................................................................................................................................................................................................................................................................................................................................................................................................................................................................................................................................................................................................................................................................................................................................................................................................................................................................................................................................................................................................................................................................................................................................................................................................................................................................................................................................................................................................................................................................................................................................................................................................................................................................................................................................................................................................................................................................................................................................................................................................................................................................................................................................................................................................................................................................................................................................................................................................................................................................................................................................................................................................................................................................................................................................................................................................................................................................................................................................................................................................................................................................................................................................................................................................................................................................................................................................................................................................................................................................................................................................................................................................................................................................................................................................................................................................................................................................................................................................................................................................................................................................................................................................................................................................................................................................................................................................................................................................................................................................................................................................................................................................................................................................................................................................................................................................................................................................................................................................................................................................................................................................................................................................................................................................................................................................................................................................................................................................................................................................................................................................................................................................................................................................................................................................................................................................................................................................................................................................................................................................................................................................................................................................................................................................................................................................................................................................................................................................................................................................................................................................................................................................................................................................................................................................................................................................................................................................................................................................................................................................................................................................................................................................................................................................................................................................................................................................................................................................................................................................................................................................................................................................................................................................................................................................................................................................................................................................................................................................................................................................................................................................................................................................................................................................................................................................................................................................................................................................................................................................................................................................................................................................................................................................................................................................................................................................................................................................................................................................................................................................................................................................................................................................................................................................................................................................................................................................................................................................................................................................................................................................................................................................................................................................................................................................................................................................................................................................................................................................................................................................................................................................................................................................................................................................................................................................................................................................................................................................................................................................................................................................................................................................................................................................................................................................................................................................................................................................................................................................................................................................................................................................................................................................................................................................................................................................................................................................................................................................................................................................................................................................................................................................................................................................................................................................................................................................................................................................................................................................................................................................................................................................................................................................................................................................................................................................................................................................................................................................................................................................................................................................................................................................................................................................................................................................................................................................................................................................................................................................................................................................................................................................................................................................................................................................................................................................................................................................................................................................................................................................................................................................................................................................................................................................................................................................................................................................................................................................................................................................................................................................................................................................................................................................................................................................................................................................................................................................................................................................................................................................................................................................................................................................................................................................................................................................................................................................................................................................................................................................................................................................................................................................................................................................................................................................................................................................................................................................................................................................................................................................................................................................................................................................................................................................................................................................................................................................................................................................2 ms. Memory: 208896K Free: 140631K (67%)
11 ms. Memory: 208896K Free: 140631K (67%)
2 ms. Memory: 208896K Free: 138187K (66%)
1 ms. Memory: 208896K Free: 138187K (66%)
5 ms. Memory: 208896K Free: 138187K (66%)
/home/travis/build/icyphy/ptII/ptolemy/actor/lib/test/IIR.tcl
/home/travis/build/icyphy/ptII/ptolemy/actor/lib/test/Interpolator.tcl
3 ms. Memory: 208896K Free: 132993K (64%)
2 ms. Memory: 208896K Free: 132993K (64%)
1 ms. Memory: 208896K Free: 132993K (64%)
2 ms. Memory: 208896K Free: 132993K (64%)
2 ms. Memory: 208896K Free: 130565K (63%)
2 ms. Memory: 208896K Free: 130565K (63%)
2 ms. Memory: 208896K Free: 130565K (63%)
2 ms. Memory: 208896K Free: 128137K (61%)
2 ms. Memory: 208896K Free: 128137K (61%)
2 ms. Memory: 208896K Free: 125710K (60%)
/home/travis/build/icyphy/ptII/ptolemy/actor/lib/test/MathFunction.tcl
4 ms. Memory: 208896K Free: 125710K (60%)
2 ms. Memory: 208896K Free: 123282K (59%)
9 ms. Memory: 208896K Free: 123282K (59%)
3 ms. Memory: 208896K Free: 120854K (58%)
10 ms. Memory: 208896K Free: 120854K (58%)
8 ms. Memory: 208896K Free: 118426K (57%)
/home/travis/build/icyphy/ptII/ptolemy/actor/lib/test/Maximum.tcl
5 ms. Memory: 208896K Free: 115999K (56%)
6 ms. Memory: 208896K Free: 115999K (56%)
5 ms. Memory: 208896K Free: 115999K (56%)
2 ms. Memory: 208896K Free: 113571K (54%)
/home/travis/build/icyphy/ptII/ptolemy/actor/lib/test/Minimum.tcl
3 ms. Memory: 208896K Free: 113571K (54%)
2 ms. Memory: 208896K Free: 111143K (53%)
2 ms. Memory: 208896K Free: 111143K (53%)
2 ms. Memory: 208896K Free: 111143K (53%)
/home/travis/build/icyphy/ptII/ptolemy/actor/lib/test/MultiplyDivide.tcl
5 ms. Memory: 208896K Free: 108715K (52%)
3 ms. Memory: 208896K Free: 108715K (52%)
2 ms. Memory: 208896K Free: 106287K (51%)
3 ms. Memory: 208896K Free: 106287K (51%)
2 ms. Memory: 208896K Free: 106287K (51%)
/home/travis/build/icyphy/ptII/ptolemy/actor/lib/test/OrderedMerge.tcl
Connections changed on port: inputA
Connections changed on port: inputB
Connections changed on port: output
Connections changed on port: output
Connections changed on port: output
Connections changed on port: input
.top. Preinitializing ...
Invoking preinitialize():  .top.OrderedMerge
Called preinitialize()
Invoking preinitialize():  .top.Ramp
Called preinitialize()
Invoking preinitialize():  .top.Ramp2
Called preinitialize()
Invoking preinitialize():  .top.Test
Called preinitialize()
Connections changed on port: inputA
Connections changed on port: output
Connections changed on port: inputB
Connections changed on port: output
Connections changed on port: output
Connections changed on port: input
.top. Finished preinitialize().
Called initialize().
Invoking initialize():  .top.OrderedMerge
Initializing actor: .top.OrderedMerge
Adding a thread: .top.OrderedMerge
Invoking initialize():  .top.Ramp
Initializing actor: .top.Ramp
Adding a thread: .top.Ramp
Invoking initialize():  .top.Ramp2
Initializing actor: .top.Ramp2
Adding a thread: .top.Ramp2
Invoking initialize():  .top.Test
Initializing actor: .top.Test
Adding a thread: .top.Test
-- Starting thread.
Called initialize()
Called prefire()
Called fire()
-- Starting thread.
Called initialize()
Called prefire()
Called fire()
Called postfire()
Called prefire()
Called fire()
-- Starting thread.
Called initialize()
Called prefire()
Called fire()
Called postfire()
Called prefire()
Called fire()
Called fire().
Checking for deadlock:
There are 3 Blocked actors, 0 Stopped actors, and 4 active threads.
Waiting for actors to stop.
-- Starting thread.
Called initialize()
Called prefire()
Called fire()
Checking for deadlock:
There are 2 Blocked actors, 0 Stopped actors, and 4 active threads.
Waiting for actors to stop.
Called postfire()
Called prefire()
Called fire()
Checking for deadlock:
There are 3 Blocked actors, 0 Stopped actors, and 4 active threads.
Waiting for actors to stop.
Read input token from inputA with value 0.0
Next port to read input from is inputB
Called postfire()
Called prefire()
Called fire()
Checking for deadlock:
There are 2 Blocked actors, 0 Stopped actors, and 4 active threads.
Waiting for actors to stop.
Called postfire()
Called prefire()
Called fire()
Checking for deadlock:
There are 3 Blocked actors, 0 Stopped actors, and 4 active threads.
Waiting for actors to stop.
Read input token from inputB with value 0.0
Checking for deadlock:
There are 2 Blocked actors, 0 Stopped actors, and 4 active threads.
Waiting for actors to stop.
-- Read input: 0.0, which is expected to match: 0.0
Called prefire()
Called fire()
Checking for deadlock:
There are 3 Blocked actors, 0 Stopped actors, and 4 active threads.
Waiting for actors to stop.
Sent output token with value 0.0
Next port to read input from is inputA
Called postfire()
Called prefire()
Called fire()
Checking for deadlock:
There are 2 Blocked actors, 0 Stopped actors, and 4 active threads.
Waiting for actors to stop.
Called postfire()
Called prefire()
Called fire()
Checking for deadlock:
There are 3 Blocked actors, 0 Stopped actors, and 4 active threads.
Waiting for actors to stop.
Read input token from inputA with value 1.0
Checking for deadlock:
There are 2 Blocked actors, 0 Stopped actors, and 4 active threads.
Waiting for actors to stop.
-- Read input: 0.0, which is expected to match: 0.0
Called prefire()
Called fire()
Checking for deadlock:
There are 3 Blocked actors, 0 Stopped actors, and 4 active threads.
Waiting for actors to stop.
Sent output token with value 0.0
Next port to read input from is inputB
Called postfire()
Called prefire()
Called fire()
Checking for deadlock:
There are 2 Blocked actors, 0 Stopped actors, and 4 active threads.
Waiting for actors to stop.
Called postfire()
Called prefire()
Called fire()
Checking for deadlock:
There are 3 Blocked actors, 0 Stopped actors, and 4 active threads.
Waiting for actors to stop.
Read input token from inputB with value 1.5
Checking for deadlock:
There are 2 Blocked actors, 0 Stopped actors, and 4 active threads.
Waiting for actors to stop.
-- Read input: 1.0, which is expected to match: 1.0
Called prefire()
Called fire()
Checking for deadlock:
There are 3 Blocked actors, 0 Stopped actors, and 4 active threads.
Waiting for actors to stop.
Sent output token with value 1.0
Next port to read input from is inputA
Called postfire()
Called prefire()
Called fire()
Checking for deadlock:
There are 2 Blocked actors, 0 Stopped actors, and 4 active threads.
Waiting for actors to stop.
Called postfire()
Called prefire()
Called fire()
Checking for deadlock:
There are 3 Blocked actors, 0 Stopped actors, and 4 active threads.
Waiting for actors to stop.
Read input token from inputA with value 2.0
Checking for deadlock:
There are 2 Blocked actors, 0 Stopped actors, and 4 active threads.
Waiting for actors to stop.
-- Read input: 1.5, which is expected to match: 1.5
Called prefire()
Called fire()
Checking for deadlock:
There are 3 Blocked actors, 0 Stopped actors, and 4 active threads.
Waiting for actors to stop.
Sent output token with value 1.5
Next port to read input from is inputB
Called postfire()
Called prefire()
Called fire()
Checking for deadlock:
There are 2 Blocked actors, 0 Stopped actors, and 4 active threads.
Waiting for actors to stop.
Called postfire()
Called prefire()
Called fire()
Checking for deadlock:
There are 3 Blocked actors, 0 Stopped actors, and 4 active threads.
Waiting for actors to stop.
Read input token from inputB with value 3.0
Checking for deadlock:
There are 2 Blocked actors, 0 Stopped actors, and 4 active threads.
Waiting for actors to stop.
-- Read input: 2.0, which is expected to match: 2.0
Called prefire()
Called fire()
Checking for deadlock:
There are 3 Blocked actors, 0 Stopped actors, and 4 active threads.
Waiting for actors to stop.
Sent output token with value 2.0
Next port to read input from is inputA
Called postfire()
Called prefire()
Called fire()
Checking for deadlock:
There are 2 Blocked actors, 0 Stopped actors, and 4 active threads.
Waiting for actors to stop.
Called postfire()
Called prefire()
Called fire()
Checking for deadlock:
There are 3 Blocked actors, 0 Stopped actors, and 4 active threads.
Waiting for actors to stop.
Read input token from inputA with value 3.0
Checking for deadlock:
There are 2 Blocked actors, 0 Stopped actors, and 4 active threads.
Waiting for actors to stop.
-- Read input: 3.0, which is expected to match: 3.0
Called prefire()
Called fire()
Checking for deadlock:
There are 3 Blocked actors, 0 Stopped actors, and 4 active threads.
Waiting for actors to stop.
Sent output token with value 3.0
Next port to read input from is inputB
Called postfire()
Called prefire()
Called fire()
Checking for deadlock:
There are 2 Blocked actors, 0 Stopped actors, and 4 active threads.
Waiting for actors to stop.
Called postfire()
Called prefire()
Called fire()
Checking for deadlock:
There are 3 Blocked actors, 0 Stopped actors, and 4 active threads.
Waiting for actors to stop.
Read input token from inputB with value 4.5
Checking for deadlock:
There are 2 Blocked actors, 0 Stopped actors, and 4 active threads.
Waiting for actors to stop.
-- Read input: 3.0, which is expected to match: 3.0
Called prefire()
Called fire()
Checking for deadlock:
There are 3 Blocked actors, 0 Stopped actors, and 4 active threads.
Waiting for actors to stop.
Sent output token with value 3.0
Next port to read input from is inputA
Called postfire()
Called prefire()
Called fire()
Checking for deadlock:
There are 2 Blocked actors, 0 Stopped actors, and 4 active threads.
Waiting for actors to stop.
Called postfire()
Called prefire()
Called fire()
Checking for deadlock:
There are 3 Blocked actors, 0 Stopped actors, and 4 active threads.
Waiting for actors to stop.
Read input token from inputA with value 4.0
Checking for deadlock:
There are 2 Blocked actors, 0 Stopped actors, and 4 active threads.
Waiting for actors to stop.
-- Read input: 4.0, which is expected to match: 4.0
Called prefire()
Called fire()
Past the end of training data. Read and discard all inputs.
Checking for deadlock:
There are 3 Blocked actors, 0 Stopped actors, and 4 active threads.
Waiting for actors to stop.
Sent output token with value 4.0
Next port to read input from is inputA
Called postfire()
Called prefire()
Called fire()
Checking for deadlock:
There are 2 Blocked actors, 0 Stopped actors, and 4 active threads.
Waiting for actors to stop.
Called postfire()
Called prefire()
Called fire()
Checking for deadlock:
There are 3 Blocked actors, 0 Stopped actors, and 4 active threads.
Waiting for actors to stop.
Read input token from inputA with value 5.0
Checking for deadlock:
There are 2 Blocked actors, 0 Stopped actors, and 4 active threads.
Waiting for actors to stop.
Called prefire()
Called fire()
Past the end of training data. Read and discard all inputs.
Checking for deadlock:
There are 3 Blocked actors, 0 Stopped actors, and 4 active threads.
Waiting for actors to stop.
Sent output token with value 4.5
Next port to read input from is inputB
Called postfire()
Called prefire()
Called fire()
Checking for deadlock:
There are 2 Blocked actors, 0 Stopped actors, and 4 active threads.
Waiting for actors to stop.
Called postfire()
Called prefire()
Called fire()
Checking for deadlock:
There are 3 Blocked actors, 0 Stopped actors, and 4 active threads.
Waiting for actors to stop.
Read input token from inputB with value 6.0
Checking for deadlock:
There are 2 Blocked actors, 0 Stopped actors, and 4 active threads.
Waiting for actors to stop.
Called prefire()
Called fire()
Past the end of training data. Read and discard all inputs.
Checking for deadlock:
There are 3 Blocked actors, 0 Stopped actors, and 4 active threads.
Waiting for actors to stop.
Sent output token with value 5.0
Next port to read input from is inputA
Called postfire()
Called prefire()
Called fire()
Checking for deadlock:
There are 2 Blocked actors, 0 Stopped actors, and 4 active threads.
Waiting for actors to stop.
Called postfire()
Called prefire()
Called fire()
Checking for deadlock:
There are 3 Blocked actors, 0 Stopped actors, and 4 active threads.
Waiting for actors to stop.
Read input token from inputA with value 6.0
Checking for deadlock:
There are 2 Blocked actors, 0 Stopped actors, and 4 active threads.
Waiting for actors to stop.
Called prefire()
Called fire()
Past the end of training data. Read and discard all inputs.
Checking for deadlock:
There are 3 Blocked actors, 0 Stopped actors, and 4 active threads.
Waiting for actors to stop.
Sent output token with value 6.0
Next port to read input from is inputB
Called postfire()
Called prefire()
Called fire()
Checking for deadlock:
There are 2 Blocked actors, 0 Stopped actors, and 4 active threads.
Waiting for actors to stop.
Called postfire()
Called prefire()
Called fire()
Checking for deadlock:
There are 3 Blocked actors, 0 Stopped actors, and 4 active threads.
Waiting for actors to stop.
Read input token from inputB with value 7.5
Checking for deadlock:
There are 2 Blocked actors, 0 Stopped actors, and 4 active threads.
Waiting for actors to stop.
Called prefire()
Called fire()
Past the end of training data. Read and discard all inputs.
Checking for deadlock:
There are 3 Blocked actors, 0 Stopped actors, and 4 active threads.
Waiting for actors to stop.
Sent output token with value 6.0
Next port to read input from is inputA
Called postfire()
Called prefire()
Called fire()
Checking for deadlock:
There are 2 Blocked actors, 0 Stopped actors, and 4 active threads.
Waiting for actors to stop.
Called postfire()
Called prefire()
Called fire()
Checking for deadlock:
There are 3 Blocked actors, 0 Stopped actors, and 4 active threads.
Waiting for actors to stop.
Read input token from inputA with value 7.0
Checking for deadlock:
There are 2 Blocked actors, 0 Stopped actors, and 4 active threads.
Waiting for actors to stop.
Called prefire()
Called fire()
Past the end of training data. Read and discard all inputs.
Checking for deadlock:
There are 3 Blocked actors, 0 Stopped actors, and 4 active threads.
Waiting for actors to stop.
Sent output token with value 7.0
Next port to read input from is inputA
Called postfire()
Called prefire()
Called fire()
Checking for deadlock:
There are 2 Blocked actors, 0 Stopped actors, and 4 active threads.
Waiting for actors to stop.
-- Thread wrapup() called.
Called wrapup()
Thread .top.Ramp is exiting.
-- Thread stopped.
Checking for deadlock:
There are 2 Blocked actors, 0 Stopped actors, and 3 active threads.
Waiting for actors to stop.
Read input token from inputA with value 8.0
Checking for deadlock:
There are 1 Blocked actors, 0 Stopped actors, and 3 active threads.
Waiting for actors to stop.
Called prefire()
Called fire()
Past the end of training data. Read and discard all inputs.
Checking for deadlock:
There are 2 Blocked actors, 0 Stopped actors, and 3 active threads.
Waiting for actors to stop.
Sent output token with value 7.5
Next port to read input from is inputB
Called postfire()
Called prefire()
Called fire()
Checking for deadlock:
There are 1 Blocked actors, 0 Stopped actors, and 3 active threads.
Waiting for actors to stop.
Called postfire()
Called prefire()
Called fire()
Checking for deadlock:
There are 2 Blocked actors, 0 Stopped actors, and 3 active threads.
Waiting for actors to stop.
Read input token from inputB with value 9.0
Checking for deadlock:
There are 1 Blocked actors, 0 Stopped actors, and 3 active threads.
Waiting for actors to stop.
Called prefire()
Called fire()
Past the end of training data. Read and discard all inputs.
Checking for deadlock:
There are 2 Blocked actors, 0 Stopped actors, and 3 active threads.
Waiting for actors to stop.
Sent output token with value 8.0
Next port to read input from is inputA
Called postfire()
Called prefire()
Called fire()
Read input token from inputA with value 9.0
Checking for deadlock:
There are 1 Blocked actors, 0 Stopped actors, and 3 active threads.
Waiting for actors to stop.
Called prefire()
Called fire()
Past the end of training data. Read and discard all inputs.
Checking for deadlock:
There are 2 Blocked actors, 0 Stopped actors, and 3 active threads.
Waiting for actors to stop.
Sent output token with value 9.0
Next port to read input from is inputB
Called postfire()
Called prefire()
Called fire()
Checking for deadlock:
There are 1 Blocked actors, 0 Stopped actors, and 3 active threads.
Waiting for actors to stop.
Called postfire()
Called prefire()
Called fire()
Checking for deadlock:
There are 2 Blocked actors, 0 Stopped actors, and 3 active threads.
Waiting for actors to stop.
Read input token from inputB with value 10.5
Checking for deadlock:
There are 1 Blocked actors, 0 Stopped actors, and 3 active threads.
Waiting for actors to stop.
Called prefire()
Called fire()
Past the end of training data. Read and discard all inputs.
Checking for deadlock:
There are 2 Blocked actors, 0 Stopped actors, and 3 active threads.
Waiting for actors to stop.
Sent output token with value 9.0
Next port to read input from is inputA
Called postfire()
Called prefire()
Called fire()
Checking for deadlock:
There are 3 Blocked actors, 0 Stopped actors, and 3 active threads.
Actors have stopped.
Checking for deadlock:
There are 3 Blocked actors, 0 Stopped actors, and 3 active threads.
Deadlock detected.
Resolving Deadlock
Checking for deadlock:
There are 3 Blocked actors, 0 Stopped actors, and 3 active threads.
Artificial Deadlock - increasing queue capacity.
increasing the capacity of receiver ptolemy.actor.TypedIOPort {.top.OrderedMerge.inputB} to 2
Director: Called postfire().
Called postfire().
_stopRequested = false
_stopFireRequested = false
Returning from postfire(): true
Called fire().
Checking for deadlock:
There are 2 Blocked actors, 0 Stopped actors, and 3 active threads.
Waiting for actors to stop.
-- Thread wrapup() called.
Called wrapup()
Thread .top.Ramp2 is exiting.
-- Thread stopped.
Checking for deadlock:
There are 2 Blocked actors, 0 Stopped actors, and 2 active threads.
Actors have stopped.
Checking for deadlock:
There are 2 Blocked actors, 0 Stopped actors, and 2 active threads.
Deadlock detected.
Resolving Deadlock
Checking for deadlock:
There are 2 Blocked actors, 0 Stopped actors, and 2 active threads.
Deadlock detected: no processes blocked on write, but some are blocked on read.
Called postfire().
_stopRequested = false
_stopFireRequested = false
Returning from postfire(): false
Finished deactivating branches.
Called wrapup().
-- Thread wrapup() called.
Called wrapup()
Thread .top.Test is exiting.
-- Thread stopped.
-- Blocked Receiver call threw TerminateProcessException.
-- Thread wrapup() called.
Called wrapup()
Thread .top.OrderedMerge is exiting.
24 ms. Memory: 208896K Free: 98944K (47%)
.top. Preinitializing ...
Invoking preinitialize():  .top.OrderedMerge
Called preinitialize()
Invoking preinitialize():  .top.Ramp
Called preinitialize()
Invoking preinitialize():  .top.Ramp2
Called preinitialize()
Invoking preinitialize():  .top.Test
Called preinitialize()
.top. Finished preinitialize().
Called initialize().
Invoking initialize():  .top.OrderedMerge
Initializing actor: .top.OrderedMerge
Adding a thread: .top.OrderedMerge
Invoking initialize():  .top.Ramp
Initializing actor: .top.Ramp
Adding a thread: .top.Ramp
Invoking initialize():  .top.Ramp2
Initializing actor: .top.Ramp2
Adding a thread: .top.Ramp2
Invoking initialize():  .top.Test
Initializing actor: .top.Test
Adding a thread: .top.Test
-- Thread stopped.
-- Blocked Receiver call threw TerminateProcessException.
-- Starting thread.
Called initialize()
Called prefire()
Called fire()
-- Starting thread.
Called initialize()
Called prefire()
Called fire()
Called postfire()
Called prefire()
Called fire()
-- Starting thread.
Called initialize()
Called prefire()
Called fire()
Called postfire()
Called prefire()
Called fire()
Called fire().
Checking for deadlock:
There are 3 Blocked actors, 0 Stopped actors, and 4 active threads.
Waiting for actors to stop.
-- Starting thread.
Called initialize()
Called prefire()
Called fire()
Checking for deadlock:
There are 2 Blocked actors, 0 Stopped actors, and 4 active threads.
Waiting for actors to stop.
Called postfire()
Called prefire()
Called fire()
Checking for deadlock:
There are 3 Blocked actors, 0 Stopped actors, and 4 active threads.
Waiting for actors to stop.
Read input token from inputA with value 0.0
Next port to read input from is inputB
Called postfire()
Called prefire()
Called fire()
Checking for deadlock:
There are 2 Blocked actors, 0 Stopped actors, and 4 active threads.
Waiting for actors to stop.
Called postfire()
Called prefire()
Called fire()
Checking for deadlock:
There are 3 Blocked actors, 0 Stopped actors, and 4 active threads.
Waiting for actors to stop.
Read input token from inputB with value 0.0
Checking for deadlock:
There are 2 Blocked actors, 0 Stopped actors, and 4 active threads.
Waiting for actors to stop.
-- Read input: 0.0, which is expected to match: 0.0
Called prefire()
Called fire()
Checking for deadlock:
There are 3 Blocked actors, 0 Stopped actors, and 4 active threads.
Waiting for actors to stop.
Sent output token with value 0.0
Next port to read input from is inputA
Called postfire()
Called prefire()
Called fire()
Checking for deadlock:
There are 2 Blocked actors, 0 Stopped actors, and 4 active threads.
Waiting for actors to stop.
Called postfire()
Called prefire()
Called fire()
Checking for deadlock:
There are 3 Blocked actors, 0 Stopped actors, and 4 active threads.
Waiting for actors to stop.
Read input token from inputA with value 1.0
Checking for deadlock:
There are 2 Blocked actors, 0 Stopped actors, and 4 active threads.
Waiting for actors to stop.
-- Read input: 0.0, which is expected to match: 0.0
Called prefire()
Called fire()
Checking for deadlock:
There are 3 Blocked actors, 0 Stopped actors, and 4 active threads.
Waiting for actors to stop.
Sent output token with value 0.0
Next port to read input from is inputB
Called postfire()
Called prefire()
Called fire()
Checking for deadlock:
There are 2 Blocked actors, 0 Stopped actors, and 4 active threads.
Waiting for actors to stop.
Called postfire()
Called prefire()
Called fire()
Checking for deadlock:
There are 3 Blocked actors, 0 Stopped actors, and 4 active threads.
Waiting for actors to stop.
Read input token from inputB with value 1.5
Checking for deadlock:
There are 2 Blocked actors, 0 Stopped actors, and 4 active threads.
Waiting for actors to stop.
-- Read input: 1.0, which is expected to match: 1.0
Called prefire()
Called fire()
Checking for deadlock:
There are 3 Blocked actors, 0 Stopped actors, and 4 active threads.
Waiting for actors to stop.
Sent output token with value 1.0
Next port to read input from is inputA
Called postfire()
Called prefire()
Called fire()
Checking for deadlock:
There are 2 Blocked actors, 0 Stopped actors, and 4 active threads.
Waiting for actors to stop.
Called postfire()
Called prefire()
Called fire()
Checking for deadlock:
There are 3 Blocked actors, 0 Stopped actors, and 4 active threads.
Waiting for actors to stop.
Read input token from inputA with value 2.0
Checking for deadlock:
There are 2 Blocked actors, 0 Stopped actors, and 4 active threads.
Waiting for actors to stop.
-- Read input: 1.5, which is expected to match: 1.5
Called prefire()
Called fire()
Checking for deadlock:
There are 3 Blocked actors, 0 Stopped actors, and 4 active threads.
Waiting for actors to stop.
Sent output token with value 1.5
Next port to read input from is inputB
Called postfire()
Called prefire()
Called fire()
Checking for deadlock:
There are 2 Blocked actors, 0 Stopped actors, and 4 active threads.
Waiting for actors to stop.
Called postfire()
Called prefire()
Called fire()
Checking for deadlock:
There are 3 Blocked actors, 0 Stopped actors, and 4 active threads.
Waiting for actors to stop.
Read input token from inputB with value 3.0
Checking for deadlock:
There are 2 Blocked actors, 0 Stopped actors, and 4 active threads.
Waiting for actors to stop.
-- Read input: 2.0, which is expected to match: 2.0
Called prefire()
Called fire()
Checking for deadlock:
There are 3 Blocked actors, 0 Stopped actors, and 4 active threads.
Waiting for actors to stop.
Sent output token with value 2.0
Next port to read input from is inputA
Called postfire()
Called prefire()
Called fire()
Checking for deadlock:
There are 2 Blocked actors, 0 Stopped actors, and 4 active threads.
Waiting for actors to stop.
Called postfire()
Called prefire()
Called fire()
Checking for deadlock:
There are 3 Blocked actors, 0 Stopped actors, and 4 active threads.
Waiting for actors to stop.
Read input token from inputA with value 3.0
Checking for deadlock:
There are 2 Blocked actors, 0 Stopped actors, and 4 active threads.
Waiting for actors to stop.
-- Read input: 3.0, which is expected to match: 3.0
Called prefire()
Called fire()
Checking for deadlock:
There are 3 Blocked actors, 0 Stopped actors, and 4 active threads.
Waiting for actors to stop.
Sent output token with value 3.0
Next port to read input from is inputB
Called postfire()
Called prefire()
Called fire()
Checking for deadlock:
There are 2 Blocked actors, 0 Stopped actors, and 4 active threads.
Waiting for actors to stop.
Called postfire()
Called prefire()
Called fire()
Checking for deadlock:
There are 3 Blocked actors, 0 Stopped actors, and 4 active threads.
Waiting for actors to stop.
Read input token from inputB with value 4.5
Checking for deadlock:
There are 2 Blocked actors, 0 Stopped actors, and 4 active threads.
Waiting for actors to stop.
-- Read input: 3.0, which is expected to match: 3.0
Called prefire()
Called fire()
Checking for deadlock:
There are 3 Blocked actors, 0 Stopped actors, and 4 active threads.
Waiting for actors to stop.
Sent output token with value 3.0
Next port to read input from is inputA
Called postfire()
Called prefire()
Called fire()
Checking for deadlock:
There are 2 Blocked actors, 0 Stopped actors, and 4 active threads.
Waiting for actors to stop.
Called postfire()
Called prefire()
Called fire()
Checking for deadlock:
There are 3 Blocked actors, 0 Stopped actors, and 4 active threads.
Waiting for actors to stop.
Read input token from inputA with value 4.0
Checking for deadlock:
There are 2 Blocked actors, 0 Stopped actors, and 4 active threads.
Waiting for actors to stop.
-- Read input: 4.0, which is expected to match: 4.0
Called prefire()
Called fire()
Past the end of training data. Read and discard all inputs.
Checking for deadlock:
There are 3 Blocked actors, 0 Stopped actors, and 4 active threads.
Waiting for actors to stop.
Sent output token with value 4.0
Next port to read input from is inputA
Called postfire()
Called prefire()
Called fire()
Checking for deadlock:
There are 2 Blocked actors, 0 Stopped actors, and 4 active threads.
Waiting for actors to stop.
Called postfire()
Called prefire()
Called fire()
Checking for deadlock:
There are 3 Blocked actors, 0 Stopped actors, and 4 active threads.
Waiting for actors to stop.
Read input token from inputA with value 5.0
Checking for deadlock:
There are 2 Blocked actors, 0 Stopped actors, and 4 active threads.
Waiting for actors to stop.
Called prefire()
Called fire()
Past the end of training data. Read and discard all inputs.
Checking for deadlock:
There are 3 Blocked actors, 0 Stopped actors, and 4 active threads.
Waiting for actors to stop.
Sent output token with value 4.5
Next port to read input from is inputB
Called postfire()
Called prefire()
Called fire()
Checking for deadlock:
There are 2 Blocked actors, 0 Stopped actors, and 4 active threads.
Waiting for actors to stop.
Called postfire()
Called prefire()
Called fire()
Checking for deadlock:
There are 3 Blocked actors, 0 Stopped actors, and 4 active threads.
Waiting for actors to stop.
Read input token from inputB with value 6.0
Checking for deadlock:
There are 2 Blocked actors, 0 Stopped actors, and 4 active threads.
Waiting for actors to stop.
Called prefire()
Called fire()
Past the end of training data. Read and discard all inputs.
Checking for deadlock:
There are 3 Blocked actors, 0 Stopped actors, and 4 active threads.
Waiting for actors to stop.
Sent output token with value 5.0
Next port to read input from is inputA
Called postfire()
Called prefire()
Called fire()
Checking for deadlock:
There are 2 Blocked actors, 0 Stopped actors, and 4 active threads.
Waiting for actors to stop.
Called postfire()
Called prefire()
Called fire()
Checking for deadlock:
There are 3 Blocked actors, 0 Stopped actors, and 4 active threads.
Waiting for actors to stop.
Read input token from inputA with value 6.0
Checking for deadlock:
There are 2 Blocked actors, 0 Stopped actors, and 4 active threads.
Waiting for actors to stop.
Called prefire()
Called fire()
Past the end of training data. Read and discard all inputs.
Checking for deadlock:
There are 3 Blocked actors, 0 Stopped actors, and 4 active threads.
Waiting for actors to stop.
Sent output token with value 6.0
Next port to read input from is inputB
Called postfire()
Called prefire()
Called fire()
Checking for deadlock:
There are 2 Blocked actors, 0 Stopped actors, and 4 active threads.
Waiting for actors to stop.
Called postfire()
Called prefire()
Called fire()
Checking for deadlock:
There are 3 Blocked actors, 0 Stopped actors, and 4 active threads.
Waiting for actors to stop.
Read input token from inputB with value 7.5
Checking for deadlock:
There are 2 Blocked actors, 0 Stopped actors, and 4 active threads.
Waiting for actors to stop.
Called prefire()
Called fire()
Past the end of training data. Read and discard all inputs.
Checking for deadlock:
There are 3 Blocked actors, 0 Stopped actors, and 4 active threads.
Waiting for actors to stop.
Sent output token with value 6.0
Next port to read input from is inputA
Called postfire()
Called prefire()
Called fire()
Checking for deadlock:
There are 2 Blocked actors, 0 Stopped actors, and 4 active threads.
Waiting for actors to stop.
Called postfire()
Called prefire()
Called fire()
Checking for deadlock:
There are 3 Blocked actors, 0 Stopped actors, and 4 active threads.
Waiting for actors to stop.
Read input token from inputA with value 7.0
Checking for deadlock:
There are 2 Blocked actors, 0 Stopped actors, and 4 active threads.
Waiting for actors to stop.
Called prefire()
Called fire()
Past the end of training data. Read and discard all inputs.
Checking for deadlock:
There are 3 Blocked actors, 0 Stopped actors, and 4 active threads.
Waiting for actors to stop.
Sent output token with value 7.0
Next port to read input from is inputA
Called postfire()
Called prefire()
Called fire()
Checking for deadlock:
There are 2 Blocked actors, 0 Stopped actors, and 4 active threads.
Waiting for actors to stop.
-- Thread wrapup() called.
Called wrapup()
Thread .top.Ramp is exiting.
Checking for deadlock:
There are 2 Blocked actors, 0 Stopped actors, and 3 active threads.
Waiting for actors to stop.
-- Thread stopped.
Read input token from inputA with value 8.0
Checking for deadlock:
There are 1 Blocked actors, 0 Stopped actors, and 3 active threads.
Waiting for actors to stop.
Called prefire()
Called fire()
Past the end of training data. Read and discard all inputs.
Checking for deadlock:
There are 2 Blocked actors, 0 Stopped actors, and 3 active threads.
Waiting for actors to stop.
Sent output token with value 7.5
Next port to read input from is inputB
Called postfire()
Called prefire()
Called fire()
Checking for deadlock:
There are 1 Blocked actors, 0 Stopped actors, and 3 active threads.
Waiting for actors to stop.
Called postfire()
Called prefire()
Called fire()
Checking for deadlock:
There are 2 Blocked actors, 0 Stopped actors, and 3 active threads.
Waiting for actors to stop.
Read input token from inputB with value 9.0
Checking for deadlock:
There are 1 Blocked actors, 0 Stopped actors, and 3 active threads.
Waiting for actors to stop.
Called prefire()
Called fire()
Past the end of training data. Read and discard all inputs.
Checking for deadlock:
There are 2 Blocked actors, 0 Stopped actors, and 3 active threads.
Waiting for actors to stop.
Sent output token with value 8.0
Next port to read input from is inputA
Called postfire()
Called prefire()
Called fire()
Read input token from inputA with value 9.0
Checking for deadlock:
There are 1 Blocked actors, 0 Stopped actors, and 3 active threads.
Waiting for actors to stop.
Called prefire()
Called fire()
Past the end of training data. Read and discard all inputs.
Checking for deadlock:
There are 2 Blocked actors, 0 Stopped actors, and 3 active threads.
Waiting for actors to stop.
Sent output token with value 9.0
Next port to read input from is inputB
Called postfire()
Called prefire()
Called fire()
Checking for deadlock:
There are 1 Blocked actors, 0 Stopped actors, and 3 active threads.
Waiting for actors to stop.
Called postfire()
Called prefire()
Called fire()
Checking for deadlock:
There are 2 Blocked actors, 0 Stopped actors, and 3 active threads.
Waiting for actors to stop.
Read input token from inputB with value 10.5
Checking for deadlock:
There are 1 Blocked actors, 0 Stopped actors, and 3 active threads.
Waiting for actors to stop.
Called prefire()
Called fire()
Past the end of training data. Read and discard all inputs.
Checking for deadlock:
There are 2 Blocked actors, 0 Stopped actors, and 3 active threads.
Waiting for actors to stop.
Sent output token with value 9.0
Next port to read input from is inputA
Called postfire()
Called prefire()
Called fire()
Checking for deadlock:
There are 3 Blocked actors, 0 Stopped actors, and 3 active threads.
Actors have stopped.
Checking for deadlock:
There are 3 Blocked actors, 0 Stopped actors, and 3 active threads.
Deadlock detected.
Resolving Deadlock
Checking for deadlock:
There are 3 Blocked actors, 0 Stopped actors, and 3 active threads.
Artificial Deadlock - increasing queue capacity.
increasing the capacity of receiver ptolemy.actor.TypedIOPort {.top.OrderedMerge.inputB} to 2
Director: Called postfire().
Called postfire().
_stopRequested = false
_stopFireRequested = false
Returning from postfire(): true
Called fire().
Checking for deadlock:
There are 2 Blocked actors, 0 Stopped actors, and 3 active threads.
Waiting for actors to stop.
-- Thread wrapup() called.
Called wrapup()
Thread .top.Ramp2 is exiting.
-- Thread stopped.
Checking for deadlock:
There are 2 Blocked actors, 0 Stopped actors, and 2 active threads.
Actors have stopped.
Checking for deadlock:
There are 2 Blocked actors, 0 Stopped actors, and 2 active threads.
Deadlock detected.
Resolving Deadlock
Checking for deadlock:
There are 2 Blocked actors, 0 Stopped actors, and 2 active threads.
Deadlock detected: no processes blocked on write, but some are blocked on read.
Called postfire().
_stopRequested = false
_stopFireRequested = false
Returning from postfire(): false
Finished deactivating branches.
Called wrapup().
-- Thread wrapup() called.
Called wrapup()
Thread .top.Test is exiting.
-- Thread stopped.
-- Blocked Receiver call threw TerminateProcessException.
-- Thread wrapup() called.
Called wrapup()
Thread .top.OrderedMerge is exiting.
40 ms. Memory: 208896K Free: 94029K (45%)
/home/travis/build/icyphy/ptII/ptolemy/actor/lib/test/Publisher.tcl
-- Thread stopped.
-- Blocked Receiver call threw TerminateProcessException.
6 ms. Memory: 208896K Free: 86737K (42%)
4 ms. Memory: 208896K Free: 81882K (39%)
3 ms. Memory: 208896K Free: 199830K (96%)
4 ms. Memory: 208896K Free: 197456K (95%)
3 ms. Memory: 208896K Free: 197456K (95%)
3 ms. Memory: 208896K Free: 197456K (95%)
9 ms. Memory: 208896K Free: 195083K (93%)
4 ms. Memory: 208896K Free: 195083K (93%)
1 ms. Memory: 208896K Free: 185573K (89%)
4 ms. Memory: 208896K Free: 180826K (87%)
4 ms. Memory: 208896K Free: 180826K (87%)
1 ms. Memory: 208896K Free: 178453K (85%)
6 ms. Memory: 208896K Free: 171332K (82%)
5 ms. Memory: 208896K Free: 161838K (77%)
5 ms. Memory: 208896K Free: 149971K (72%)
/home/travis/build/icyphy/ptII/ptolemy/actor/lib/test/Pulse.tcl
2 ms. Memory: 208896K Free: 109622K (52%)
1 ms. Memory: 208896K Free: 107248K (51%)
2 ms. Memory: 208896K Free: 107248K (51%)
1 ms. Memory: 208896K Free: 107248K (51%)
1 ms. Memory: 208896K Free: 107248K (51%)
2 ms. Memory: 208896K Free: 104875K (50%)
10 ms. Memory: 208896K Free: 104875K (50%)
2 ms. Memory: 208896K Free: 104875K (50%)
1 ms. Memory: 208896K Free: 102502K (49%)
/home/travis/build/icyphy/ptII/ptolemy/actor/lib/test/Ramp.tcl
2 ms. Memory: 208896K Free: 102502K (49%)
1 ms. Memory: 208896K Free: 100128K (48%)
1 ms. Memory: 208896K Free: 100128K (48%)
2 ms. Memory: 208896K Free: 100128K (48%)
3 ms. Memory: 208896K Free: 97755K (47%)
3 ms. Memory: 208896K Free: 97755K (47%)
4 ms. Memory: 208896K Free: 97755K (47%)
5 actors
19000 microseconds per iteration to create
13 ms. Memory: 208896K Free: 93008K (45%)
3 ms. Memory: 208896K Free: 93008K (45%)
1 ms. Memory: 208896K Free: 93008K (45%)
5 ms. Memory: 208896K Free: 93008K (45%)
50 actors
47000 microseconds per iteration to create
55 ms. Memory: 332288K Free: 319165K (96%)
14 ms. Memory: 332288K Free: 319165K (96%)
8 ms. Memory: 332288K Free: 319165K (96%)
12 ms. Memory: 332288K Free: 314351K (95%)
500 actors
1293000 microseconds per iteration to create
208 ms. Memory: 332288K Free: 145924K (44%)
56 ms. Memory: 332288K Free: 141118K (42%)
62 ms. Memory: 332288K Free: 136313K (41%)
48 ms. Memory: 332288K Free: 131507K (40%)
/home/travis/build/icyphy/ptII/ptolemy/actor/lib/test/RampContinuous.tcl
9 ms. Memory: 332288K Free: 131507K (40%)
/home/travis/build/icyphy/ptII/ptolemy/actor/lib/test/RecordAssembler.tcl
7 ms. Memory: 332288K Free: 126701K (38%)
5 ms. Memory: 332288K Free: 126701K (38%)
/home/travis/build/icyphy/ptII/ptolemy/actor/lib/test/RecordDisassembler.tcl
6 ms. Memory: 332288K Free: 126701K (38%)
3 ms. Memory: 332288K Free: 126701K (38%)
4 ms. Memory: 332288K Free: 121895K (37%)
/home/travis/build/icyphy/ptII/ptolemy/actor/lib/test/Scale.tcl
3 ms. Memory: 332288K Free: 121895K (37%)
2 ms. Memory: 332288K Free: 121895K (37%)
1 ms. Memory: 332288K Free: 121895K (37%)
3 ms. Memory: 332288K Free: 121895K (37%)
3 ms. Memory: 332288K Free: 117074K (35%)
/home/travis/build/icyphy/ptII/ptolemy/actor/lib/test/SequentialClock.tcl
preinitializing
resolving types
initializing
executing number 1
wrapping up
idle
2 ms. Memory: 332288K Free: 117074K (35%)
Completed execution with 5 iterations
preinitializing
resolving types
initializing
executing number 1
wrapping up
idle
1 ms. Memory: 332288K Free: 117074K (35%)
Completed execution with 5 iterations
preinitializing
resolving types
initializing
executing number 1
wrapping up
idle
1 ms. Memory: 332288K Free: 117074K (35%)
Completed execution with 5 iterations
/home/travis/build/icyphy/ptII/ptolemy/actor/lib/test/SetVariable.tcl
7 ms. Memory: 332288K Free: 117074K (35%)
/home/travis/build/icyphy/ptII/ptolemy/actor/lib/test/Sinewave.tcl
/home/travis/build/icyphy/ptII/ptolemy/actor/lib/test/SubscriptionAggregator.tcl
6 ms. Memory: 332288K Free: 102640K (31%)
7 ms. Memory: 332288K Free: 102640K (31%)
5 ms. Memory: 332288K Free: 102640K (31%)
2 ms. Memory: 332288K Free: 97818K (29%)
1 ms. Memory: 332288K Free: 97818K (29%)
3 ms. Memory: 332288K Free: 92996K (28%)
...............................................................888 ms. Memory: 479232K Free: 121586K (25%)
/home/travis/build/icyphy/ptII/ptolemy/actor/lib/test/Test.tcl
 The next command will produce a warning about training mode,
   which may be ignored.
3 ms. Memory: 479232K Free: 113854K (24%)
2 ms. Memory: 479232K Free: 113854K (24%)
1 ms. Memory: 479232K Free: 113854K (24%)
1 ms. Memory: 479232K Free: 113854K (24%)
2 ms. Memory: 479232K Free: 113854K (24%)
2 ms. Memory: 479232K Free: 113854K (24%)
3 ms. Memory: 479232K Free: 113854K (24%)
 The next command will produce a warning about training mode,
   which may be ignored.
3 ms. Memory: 479232K Free: 106106K (22%)
 The next command will produce a warning about training mode,
   which may be ignored.
3 ms. Memory: 479232K Free: 106106K (22%)
1 ms. Memory: 479232K Free: 106106K (22%)
1 ms. Memory: 479232K Free: 106106K (22%)
1 ms. Memory: 479232K Free: 106106K (22%)
2 ms. Memory: 479232K Free: 106106K (22%)
3 ms. Memory: 479232K Free: 98358K (21%)
/home/travis/build/icyphy/ptII/ptolemy/actor/lib/test/TestExceptionHandler.tcl
 The next command will produce a warning about training mode,
   which may be ignored.
1 ms. Memory: 479232K Free: 98358K (21%)
1 ms. Memory: 479232K Free: 98358K (21%)
1 ms. Memory: 479232K Free: 98358K (21%)
/home/travis/build/icyphy/ptII/ptolemy/actor/lib/test/UnionDisassembler.tcl
12 ms. Memory: 479232K Free: 90618K (19%)
/home/travis/build/icyphy/ptII/ptolemy/actor/lib/test/VariableClock.tcl
preinitializing
resolving types
initializing
executing number 1
wrapping up
idle
3 ms. Memory: 479232K Free: 90618K (19%)
Completed execution with 11 iterations
preinitializing
resolving types
initializing
executing number 1
wrapping up
idle
3 ms. Memory: 479232K Free: 90618K (19%)
Completed execution with 10 iterations
04/06/19 03:53:50
Failed: 0  Total Tests: 234  ((Passed: 234, Newly Passed: 0)  Known Failed: 0) /home/travis/build/icyphy/ptII/ptolemy/actor/lib/test
----------------- testing (KnownFailure) /home/travis/build/icyphy/ptII/ptolemy/actor/lib/test/auto/knownFailedTests/PublisherPortToplevelSubscriber.xml
1 ms. Memory: 479232K Free: 82805K (17%)
Known Failure: java.lang.reflect.InvocationTargetException
----------------- testing (KnownFailure) /home/travis/build/icyphy/ptII/ptolemy/actor/lib/test/auto/knownFailedTests/PublisherSubscriberPortToplevel.xml
0 ms. Memory: 479232K Free: 67627K (14%)
Known Failure: java.lang.reflect.InvocationTargetException
----------------- testing (KnownFailure) /home/travis/build/icyphy/ptII/ptolemy/actor/lib/test/auto/knownFailedTests/PublisherSubscriptionAggregatorPort.xml
1 ms. Memory: 481792K Free: 420811K (87%)
Known Failure: java.lang.reflect.InvocationTargetException
----------------- testing (KnownFailure) /home/travis/build/icyphy/ptII/ptolemy/actor/lib/test/auto/knownFailedTests/sizedarray3.xml
4 ms. Memory: 481792K Free: 410393K (85%)
Known Failure: java.lang.reflect.InvocationTargetException
No auto/linux-amd64/*.xml tests in /home/travis/build/icyphy/ptII/ptolemy/actor/lib/test
AutoTests.java: About to close Vertx.
AutoTests.java: Vertx closed.

===========================================================================================
----------------- testing Sat Apr 06 03:53:50 UTC 2019 /home/travis/build/icyphy/ptII/ptolemy/actor/lib/test/auto/AbsoluteValue.xml
----------------- Instantiating /home/travis/build/icyphy/ptII/ptolemy/actor/lib/test/auto/AbsoluteValue.xml
6 ms. Memory: 481792K Free: 363975K (76%)
----------------- Invoking toplevel() on ptolemy.moml.MoMLSimpleApplication@7f2a4962
----------------- Done invoking toplevel() on ptolemy.moml.MoMLSimpleApplication@7f2a4962
reloadAllAccessors: .AbsoluteValue

===========================================================================================
----------------- testing Sat Apr 06 03:53:50 UTC 2019 /home/travis/build/icyphy/ptII/ptolemy/actor/lib/test/auto/AbsoluteValue2.xml
----------------- Instantiating /home/travis/build/icyphy/ptII/ptolemy/actor/lib/test/auto/AbsoluteValue2.xml
15 ms. Memory: 481792K Free: 348646K (72%)
----------------- Invoking toplevel() on ptolemy.moml.MoMLSimpleApplication@4f253636
----------------- Done invoking toplevel() on ptolemy.moml.MoMLSimpleApplication@4f253636
reloadAllAccessors: .AbsoluteValue2

===========================================================================================
----------------- testing Sat Apr 06 03:53:50 UTC 2019 /home/travis/build/icyphy/ptII/ptolemy/actor/lib/test/auto/Accumulator.xml
----------------- Instantiating /home/travis/build/icyphy/ptII/ptolemy/actor/lib/test/auto/Accumulator.xml
7 ms. Memory: 481792K Free: 340817K (71%)
----------------- Invoking toplevel() on ptolemy.moml.MoMLSimpleApplication@4a3e93fb
----------------- Done invoking toplevel() on ptolemy.moml.MoMLSimpleApplication@4a3e93fb
reloadAllAccessors: .Accumulator

===========================================================================================
----------------- testing Sat Apr 06 03:53:51 UTC 2019 /home/travis/build/icyphy/ptII/ptolemy/actor/lib/test/auto/Accumulator2.xml
----------------- Instantiating /home/travis/build/icyphy/ptII/ptolemy/actor/lib/test/auto/Accumulator2.xml
4 ms. Memory: 481792K Free: 333003K (69%)
----------------- Invoking toplevel() on ptolemy.moml.MoMLSimpleApplication@9305d4e
----------------- Done invoking toplevel() on ptolemy.moml.MoMLSimpleApplication@9305d4e
reloadAllAccessors: .Accumulator2

===========================================================================================
----------------- testing Sat Apr 06 03:53:51 UTC 2019 /home/travis/build/icyphy/ptII/ptolemy/actor/lib/test/auto/Accumulator3.xml
----------------- Instantiating /home/travis/build/icyphy/ptII/ptolemy/actor/lib/test/auto/Accumulator3.xml
2 ms. Memory: 481792K Free: 320278K (66%)
----------------- Invoking toplevel() on ptolemy.moml.MoMLSimpleApplication@29fb5d8c
----------------- Done invoking toplevel() on ptolemy.moml.MoMLSimpleApplication@29fb5d8c
reloadAllAccessors: .Accumulator3

===========================================================================================
----------------- testing Sat Apr 06 03:53:51 UTC 2019 /home/travis/build/icyphy/ptII/ptolemy/actor/lib/test/auto/ArrayAppend.xml
----------------- Instantiating /home/travis/build/icyphy/ptII/ptolemy/actor/lib/test/auto/ArrayAppend.xml
6 ms. Memory: 481792K Free: 312465K (65%)
----------------- Invoking toplevel() on ptolemy.moml.MoMLSimpleApplication@3442f0ee
----------------- Done invoking toplevel() on ptolemy.moml.MoMLSimpleApplication@3442f0ee
reloadAllAccessors: .ArrayAppend

===========================================================================================
----------------- testing Sat Apr 06 03:53:51 UTC 2019 /home/travis/build/icyphy/ptII/ptolemy/actor/lib/test/auto/ArrayAppend2.xml
----------------- Instantiating /home/travis/build/icyphy/ptII/ptolemy/actor/lib/test/auto/ArrayAppend2.xml
632 ms. Memory: 481792K Free: 226520K (47%)
----------------- Invoking toplevel() on ptolemy.moml.MoMLSimpleApplication@45d095d4
----------------- Done invoking toplevel() on ptolemy.moml.MoMLSimpleApplication@45d095d4
reloadAllAccessors: .ArrayAppend2

===========================================================================================
----------------- testing Sat Apr 06 03:53:51 UTC 2019 /home/travis/build/icyphy/ptII/ptolemy/actor/lib/test/auto/ArrayAppend3.xml
----------------- Instantiating /home/travis/build/icyphy/ptII/ptolemy/actor/lib/test/auto/ArrayAppend3.xml
5 ms. Memory: 481792K Free: 218707K (45%)
----------------- Invoking toplevel() on ptolemy.moml.MoMLSimpleApplication@4f716f84
----------------- Done invoking toplevel() on ptolemy.moml.MoMLSimpleApplication@4f716f84
reloadAllAccessors: .ArrayAppend3

===========================================================================================
----------------- testing Sat Apr 06 03:53:51 UTC 2019 /home/travis/build/icyphy/ptII/ptolemy/actor/lib/test/auto/ArrayAppend4.xml
----------------- Instantiating /home/travis/build/icyphy/ptII/ptolemy/actor/lib/test/auto/ArrayAppend4.xml
13 ms. Memory: 481792K Free: 203361K (42%)
----------------- Invoking toplevel() on ptolemy.moml.MoMLSimpleApplication@7cee864b
----------------- Done invoking toplevel() on ptolemy.moml.MoMLSimpleApplication@7cee864b
reloadAllAccessors: .ArrayAppend4

===========================================================================================
----------------- testing Sat Apr 06 03:53:51 UTC 2019 /home/travis/build/icyphy/ptII/ptolemy/actor/lib/test/auto/ArrayAppend5.xml
----------------- Instantiating /home/travis/build/icyphy/ptII/ptolemy/actor/lib/test/auto/ArrayAppend5.xml
4 ms. Memory: 481792K Free: 195548K (41%)
----------------- Invoking toplevel() on ptolemy.moml.MoMLSimpleApplication@e53990d
----------------- Done invoking toplevel() on ptolemy.moml.MoMLSimpleApplication@e53990d
reloadAllAccessors: .ArrayAppend5

===========================================================================================
----------------- testing Sat Apr 06 03:53:51 UTC 2019 /home/travis/build/icyphy/ptII/ptolemy/actor/lib/test/auto/ArrayAppend6.xml
----------------- Instantiating /home/travis/build/icyphy/ptII/ptolemy/actor/lib/test/auto/ArrayAppend6.xml
6 ms. Memory: 481792K Free: 187734K (39%)
----------------- Invoking toplevel() on ptolemy.moml.MoMLSimpleApplication@65b04196
----------------- Done invoking toplevel() on ptolemy.moml.MoMLSimpleApplication@65b04196
reloadAllAccessors: .ArrayAppend6

===========================================================================================
----------------- testing Sat Apr 06 03:53:51 UTC 2019 /home/travis/build/icyphy/ptII/ptolemy/actor/lib/test/auto/ArrayAppendPerformanceTest.xml
----------------- Instantiating /home/travis/build/icyphy/ptII/ptolemy/actor/lib/test/auto/ArrayAppendPerformanceTest.xml
16 ms. Memory: 481792K Free: 169784K (35%)
----------------- Invoking toplevel() on ptolemy.moml.MoMLSimpleApplication@63927a4d
----------------- Done invoking toplevel() on ptolemy.moml.MoMLSimpleApplication@63927a4d
reloadAllAccessors: .ArrayAppendPerformanceTest

===========================================================================================
----------------- testing Sat Apr 06 03:53:52 UTC 2019 /home/travis/build/icyphy/ptII/ptolemy/actor/lib/test/auto/ArrayAppendWithEmptyInput.xml
----------------- Instantiating /home/travis/build/icyphy/ptII/ptolemy/actor/lib/test/auto/ArrayAppendWithEmptyInput.xml
9 ms. Memory: 481792K Free: 159343K (33%)
----------------- Invoking toplevel() on ptolemy.moml.MoMLSimpleApplication@45182555
----------------- Done invoking toplevel() on ptolemy.moml.MoMLSimpleApplication@45182555
reloadAllAccessors: .ArrayAppendWithEmptyInput

===========================================================================================
----------------- testing Sat Apr 06 03:53:52 UTC 2019 /home/travis/build/icyphy/ptII/ptolemy/actor/lib/test/auto/ArrayAverage.xml
----------------- Instantiating /home/travis/build/icyphy/ptII/ptolemy/actor/lib/test/auto/ArrayAverage.xml
9 ms. Memory: 481792K Free: 151530K (31%)
----------------- Invoking toplevel() on ptolemy.moml.MoMLSimpleApplication@40b5435a
----------------- Done invoking toplevel() on ptolemy.moml.MoMLSimpleApplication@40b5435a
reloadAllAccessors: .ArrayAverage

===========================================================================================
----------------- testing Sat Apr 06 03:53:52 UTC 2019 /home/travis/build/icyphy/ptII/ptolemy/actor/lib/test/auto/ArrayContains.xml
----------------- Instantiating /home/travis/build/icyphy/ptII/ptolemy/actor/lib/test/auto/ArrayContains.xml
3 ms. Memory: 481792K Free: 136184K (28%)
----------------- Invoking toplevel() on ptolemy.moml.MoMLSimpleApplication@1abd1de9
----------------- Done invoking toplevel() on ptolemy.moml.MoMLSimpleApplication@1abd1de9
reloadAllAccessors: .ArrayContains

===========================================================================================
----------------- testing Sat Apr 06 03:53:52 UTC 2019 /home/travis/build/icyphy/ptII/ptolemy/actor/lib/test/auto/ArrayElement.xml
----------------- Instantiating /home/travis/build/icyphy/ptII/ptolemy/actor/lib/test/auto/ArrayElement.xml
11 ms. Memory: 481792K Free: 128363K (27%)
----------------- Invoking toplevel() on ptolemy.moml.MoMLSimpleApplication@15442e20
----------------- Done invoking toplevel() on ptolemy.moml.MoMLSimpleApplication@15442e20
reloadAllAccessors: .ArrayElement

===========================================================================================
----------------- testing Sat Apr 06 03:53:52 UTC 2019 /home/travis/build/icyphy/ptII/ptolemy/actor/lib/test/auto/ArrayElementAsMatrix.xml
----------------- Instantiating /home/travis/build/icyphy/ptII/ptolemy/actor/lib/test/auto/ArrayElementAsMatrix.xml
22 ms. Memory: 481792K Free: 117929K (24%)
----------------- Invoking toplevel() on ptolemy.moml.MoMLSimpleApplication@afa1aea
----------------- Done invoking toplevel() on ptolemy.moml.MoMLSimpleApplication@afa1aea
reloadAllAccessors: .ArrayElementAsMatrix

===========================================================================================
----------------- testing Sat Apr 06 03:53:52 UTC 2019 /home/travis/build/icyphy/ptII/ptolemy/actor/lib/test/auto/ArrayElementI.xml
----------------- Instantiating /home/travis/build/icyphy/ptII/ptolemy/actor/lib/test/auto/ArrayElementI.xml
3 ms. Memory: 481792K Free: 110108K (23%)
----------------- Invoking toplevel() on ptolemy.moml.MoMLSimpleApplication@5ae74e54
----------------- Done invoking toplevel() on ptolemy.moml.MoMLSimpleApplication@5ae74e54
reloadAllAccessors: .ArrayElementI

===========================================================================================
----------------- testing Sat Apr 06 03:53:52 UTC 2019 /home/travis/build/icyphy/ptII/ptolemy/actor/lib/test/auto/ArrayExtract.xml
----------------- Instantiating /home/travis/build/icyphy/ptII/ptolemy/actor/lib/test/auto/ArrayExtract.xml
4 ms. Memory: 481792K Free: 94771K (20%)
----------------- Invoking toplevel() on ptolemy.moml.MoMLSimpleApplication@5d6b7365
----------------- Done invoking toplevel() on ptolemy.moml.MoMLSimpleApplication@5d6b7365
reloadAllAccessors: .ArrayExtract

===========================================================================================
----------------- testing Sat Apr 06 03:53:52 UTC 2019 /home/travis/build/icyphy/ptII/ptolemy/actor/lib/test/auto/ArrayExtract2.xml
----------------- Instantiating /home/travis/build/icyphy/ptII/ptolemy/actor/lib/test/auto/ArrayExtract2.xml
2 ms. Memory: 481792K Free: 86942K (18%)
----------------- Invoking toplevel() on ptolemy.moml.MoMLSimpleApplication@64dfe855
----------------- Done invoking toplevel() on ptolemy.moml.MoMLSimpleApplication@64dfe855
reloadAllAccessors: .ArrayExtract2

===========================================================================================
----------------- testing Sat Apr 06 03:53:52 UTC 2019 /home/travis/build/icyphy/ptII/ptolemy/actor/lib/test/auto/ArrayLength.xml
----------------- Instantiating /home/travis/build/icyphy/ptII/ptolemy/actor/lib/test/auto/ArrayLength.xml
3 ms. Memory: 481792K Free: 81733K (17%)
----------------- Invoking toplevel() on ptolemy.moml.MoMLSimpleApplication@4f8c8b2e
----------------- Done invoking toplevel() on ptolemy.moml.MoMLSimpleApplication@4f8c8b2e
reloadAllAccessors: .ArrayLength

===========================================================================================
----------------- testing Sat Apr 06 03:53:52 UTC 2019 /home/travis/build/icyphy/ptII/ptolemy/actor/lib/test/auto/ArrayLevelCrossing.xml
----------------- Instantiating /home/travis/build/icyphy/ptII/ptolemy/actor/lib/test/auto/ArrayLevelCrossing.xml
6 ms. Memory: 481792K Free: 63783K (13%)
----------------- Invoking toplevel() on ptolemy.moml.MoMLSimpleApplication@3e8f65a2
----------------- Done invoking toplevel() on ptolemy.moml.MoMLSimpleApplication@3e8f65a2
reloadAllAccessors: .ArrayLevelCrossing

===========================================================================================
----------------- testing Sat Apr 06 03:53:52 UTC 2019 /home/travis/build/icyphy/ptII/ptolemy/actor/lib/test/auto/ArrayLevelCrossing2.xml
----------------- Instantiating /home/travis/build/icyphy/ptII/ptolemy/actor/lib/test/auto/ArrayLevelCrossing2.xml
3 ms. Memory: 481792K Free: 55969K (12%)
----------------- Invoking toplevel() on ptolemy.moml.MoMLSimpleApplication@4723291c
----------------- Done invoking toplevel() on ptolemy.moml.MoMLSimpleApplication@4723291c
reloadAllAccessors: .ArrayLevelCrossing2

===========================================================================================
----------------- testing Sat Apr 06 03:53:52 UTC 2019 /home/travis/build/icyphy/ptII/ptolemy/actor/lib/test/auto/ArrayPeakSearch.xml
----------------- Instantiating /home/travis/build/icyphy/ptII/ptolemy/actor/lib/test/auto/ArrayPeakSearch.xml
3 ms. Memory: 721408K Free: 665522K (92%)
----------------- Invoking toplevel() on ptolemy.moml.MoMLSimpleApplication@645d0007
----------------- Done invoking toplevel() on ptolemy.moml.MoMLSimpleApplication@645d0007
reloadAllAccessors: .ArrayPeakSearch

===========================================================================================
----------------- testing Sat Apr 06 03:53:52 UTC 2019 /home/travis/build/icyphy/ptII/ptolemy/actor/lib/test/auto/ArrayPeakSearch2.xml
----------------- Instantiating /home/travis/build/icyphy/ptII/ptolemy/actor/lib/test/auto/ArrayPeakSearch2.xml
4 ms. Memory: 721408K Free: 644217K (89%)
----------------- Invoking toplevel() on ptolemy.moml.MoMLSimpleApplication@49e6e530
----------------- Done invoking toplevel() on ptolemy.moml.MoMLSimpleApplication@49e6e530
reloadAllAccessors: .ArrayPeakSearch2

===========================================================================================
----------------- testing Sat Apr 06 03:53:52 UTC 2019 /home/travis/build/icyphy/ptII/ptolemy/actor/lib/test/auto/ArrayPeakSearch3.xml
----------------- Instantiating /home/travis/build/icyphy/ptII/ptolemy/actor/lib/test/auto/ArrayPeakSearch3.xml
4 ms. Memory: 721408K Free: 631705K (88%)
----------------- Invoking toplevel() on ptolemy.moml.MoMLSimpleApplication@4ec556d6
----------------- Done invoking toplevel() on ptolemy.moml.MoMLSimpleApplication@4ec556d6
reloadAllAccessors: .ArrayPeakSearch3

===========================================================================================
----------------- testing Sat Apr 06 03:53:52 UTC 2019 /home/travis/build/icyphy/ptII/ptolemy/actor/lib/test/auto/ArrayRemoveElement.xml
----------------- Instantiating /home/travis/build/icyphy/ptII/ptolemy/actor/lib/test/auto/ArrayRemoveElement.xml
4 ms. Memory: 721408K Free: 619194K (86%)
----------------- Invoking toplevel() on ptolemy.moml.MoMLSimpleApplication@52796575
----------------- Done invoking toplevel() on ptolemy.moml.MoMLSimpleApplication@52796575
reloadAllAccessors: .ArrayRemoveElement

===========================================================================================
----------------- testing Sat Apr 06 03:53:52 UTC 2019 /home/travis/build/icyphy/ptII/ptolemy/actor/lib/test/auto/ArraySort.xml
----------------- Instantiating /home/travis/build/icyphy/ptII/ptolemy/actor/lib/test/auto/ArraySort.xml
6 ms. Memory: 721408K Free: 598018K (83%)
----------------- Invoking toplevel() on ptolemy.moml.MoMLSimpleApplication@38bd55c5
----------------- Done invoking toplevel() on ptolemy.moml.MoMLSimpleApplication@38bd55c5
reloadAllAccessors: .ArraySort

===========================================================================================
----------------- testing Sat Apr 06 03:53:52 UTC 2019 /home/travis/build/icyphy/ptII/ptolemy/actor/lib/test/auto/ArraySum.xml
----------------- Instantiating /home/travis/build/icyphy/ptII/ptolemy/actor/lib/test/auto/ArraySum.xml
2 ms. Memory: 721408K Free: 589683K (82%)
----------------- Invoking toplevel() on ptolemy.moml.MoMLSimpleApplication@4bb9d5f1
----------------- Done invoking toplevel() on ptolemy.moml.MoMLSimpleApplication@4bb9d5f1
reloadAllAccessors: .ArraySum

===========================================================================================
----------------- testing Sat Apr 06 03:53:52 UTC 2019 /home/travis/build/icyphy/ptII/ptolemy/actor/lib/test/auto/ArrayToElements.xml
----------------- Instantiating /home/travis/build/icyphy/ptII/ptolemy/actor/lib/test/auto/ArrayToElements.xml
3 ms. Memory: 721408K Free: 581348K (81%)
----------------- Invoking toplevel() on ptolemy.moml.MoMLSimpleApplication@5f07b44a
----------------- Done invoking toplevel() on ptolemy.moml.MoMLSimpleApplication@5f07b44a
reloadAllAccessors: .ArrayToElements

===========================================================================================
----------------- testing Sat Apr 06 03:53:52 UTC 2019 /home/travis/build/icyphy/ptII/ptolemy/actor/lib/test/auto/ArrayToMatrix.xml
----------------- Instantiating /home/travis/build/icyphy/ptII/ptolemy/actor/lib/test/auto/ArrayToMatrix.xml
13 ms. Memory: 721408K Free: 560477K (78%)
----------------- Invoking toplevel() on ptolemy.moml.MoMLSimpleApplication@26eaf5ac
----------------- Done invoking toplevel() on ptolemy.moml.MoMLSimpleApplication@26eaf5ac
reloadAllAccessors: .ArrayToMatrix

===========================================================================================
----------------- testing Sat Apr 06 03:53:52 UTC 2019 /home/travis/build/icyphy/ptII/ptolemy/actor/lib/test/auto/ArrayUpdate1.xml
----------------- Instantiating /home/travis/build/icyphy/ptII/ptolemy/actor/lib/test/auto/ArrayUpdate1.xml
3 ms. Memory: 721408K Free: 543485K (75%)
----------------- Invoking toplevel() on ptolemy.moml.MoMLSimpleApplication@478de64e
----------------- Done invoking toplevel() on ptolemy.moml.MoMLSimpleApplication@478de64e
reloadAllAccessors: .ArrayUpdate1

===========================================================================================
----------------- testing Sat Apr 06 03:53:52 UTC 2019 /home/travis/build/icyphy/ptII/ptolemy/actor/lib/test/auto/ArrayUpdate2.xml
----------------- Instantiating /home/travis/build/icyphy/ptII/ptolemy/actor/lib/test/auto/ArrayUpdate2.xml
5 ms. Memory: 721408K Free: 535150K (74%)
----------------- Invoking toplevel() on ptolemy.moml.MoMLSimpleApplication@6d1172
----------------- Done invoking toplevel() on ptolemy.moml.MoMLSimpleApplication@6d1172
reloadAllAccessors: .ArrayUpdate2

===========================================================================================
----------------- testing Sat Apr 06 03:53:52 UTC 2019 /home/travis/build/icyphy/ptII/ptolemy/actor/lib/test/auto/ArrayUpdate3.xml
----------------- Instantiating /home/travis/build/icyphy/ptII/ptolemy/actor/lib/test/auto/ArrayUpdate3.xml
1 ms. Memory: 721408K Free: 526814K (73%)
----------------- Invoking toplevel() on ptolemy.moml.MoMLSimpleApplication@50ec9bf9
----------------- Done invoking toplevel() on ptolemy.moml.MoMLSimpleApplication@50ec9bf9
reloadAllAccessors: .ArrayUpdate3

===========================================================================================
----------------- testing Sat Apr 06 03:53:52 UTC 2019 /home/travis/build/icyphy/ptII/ptolemy/actor/lib/test/auto/Assert1.xml
----------------- Instantiating /home/travis/build/icyphy/ptII/ptolemy/actor/lib/test/auto/Assert1.xml
5 ms. Memory: 721408K Free: 518479K (72%)
----------------- Invoking toplevel() on ptolemy.moml.MoMLSimpleApplication@5cda5143
----------------- Done invoking toplevel() on ptolemy.moml.MoMLSimpleApplication@5cda5143
reloadAllAccessors: .Assert1

===========================================================================================
----------------- testing Sat Apr 06 03:53:52 UTC 2019 /home/travis/build/icyphy/ptII/ptolemy/actor/lib/test/auto/Assert2.xml
----------------- Instantiating /home/travis/build/icyphy/ptII/ptolemy/actor/lib/test/auto/Assert2.xml
13 ms. Memory: 721408K Free: 501487K (70%)
----------------- Invoking toplevel() on ptolemy.moml.MoMLSimpleApplication@5262826f
----------------- Done invoking toplevel() on ptolemy.moml.MoMLSimpleApplication@5262826f
reloadAllAccessors: .Assert2

===========================================================================================
----------------- testing Sat Apr 06 03:53:53 UTC 2019 /home/travis/build/icyphy/ptII/ptolemy/actor/lib/test/auto/BooleanMultiplexor.xml
----------------- Instantiating /home/travis/build/icyphy/ptII/ptolemy/actor/lib/test/auto/BooleanMultiplexor.xml
2 ms. Memory: 721408K Free: 493151K (68%)
----------------- Invoking toplevel() on ptolemy.moml.MoMLSimpleApplication@5a523685
----------------- Done invoking toplevel() on ptolemy.moml.MoMLSimpleApplication@5a523685
reloadAllAccessors: .BooleanMultiplexor

===========================================================================================
----------------- testing Sat Apr 06 03:53:53 UTC 2019 /home/travis/build/icyphy/ptII/ptolemy/actor/lib/test/auto/BooleanMultiplexor2.xml
----------------- Instantiating /home/travis/build/icyphy/ptII/ptolemy/actor/lib/test/auto/BooleanMultiplexor2.xml
7 ms. Memory: 721408K Free: 480632K (67%)
----------------- Invoking toplevel() on ptolemy.moml.MoMLSimpleApplication@514164d3
----------------- Done invoking toplevel() on ptolemy.moml.MoMLSimpleApplication@514164d3
reloadAllAccessors: .BooleanMultiplexor2

===========================================================================================
----------------- testing Sat Apr 06 03:53:53 UTC 2019 /home/travis/build/icyphy/ptII/ptolemy/actor/lib/test/auto/BooleanMultiplexor3.xml
----------------- Instantiating /home/travis/build/icyphy/ptII/ptolemy/actor/lib/test/auto/BooleanMultiplexor3.xml
4 ms. Memory: 721408K Free: 472297K (65%)
----------------- Invoking toplevel() on ptolemy.moml.MoMLSimpleApplication@a40dc0b
----------------- Done invoking toplevel() on ptolemy.moml.MoMLSimpleApplication@a40dc0b
reloadAllAccessors: .BooleanMultiplexor3

===========================================================================================
----------------- testing Sat Apr 06 03:53:53 UTC 2019 /home/travis/build/icyphy/ptII/ptolemy/actor/lib/test/auto/BooleanSelect.xml
----------------- Instantiating /home/travis/build/icyphy/ptII/ptolemy/actor/lib/test/auto/BooleanSelect.xml
5 ms. Memory: 721408K Free: 455305K (63%)
----------------- Invoking toplevel() on ptolemy.moml.MoMLSimpleApplication@1fd61e4e
----------------- Done invoking toplevel() on ptolemy.moml.MoMLSimpleApplication@1fd61e4e
reloadAllAccessors: .BooleanSelect

===========================================================================================
----------------- testing Sat Apr 06 03:53:53 UTC 2019 /home/travis/build/icyphy/ptII/ptolemy/actor/lib/test/auto/BooleanSelect2.xml
----------------- Instantiating /home/travis/build/icyphy/ptII/ptolemy/actor/lib/test/auto/BooleanSelect2.xml
2 ms. Memory: 721408K Free: 446969K (62%)
----------------- Invoking toplevel() on ptolemy.moml.MoMLSimpleApplication@7eca3e49
----------------- Done invoking toplevel() on ptolemy.moml.MoMLSimpleApplication@7eca3e49
reloadAllAccessors: .BooleanSelect2

===========================================================================================
----------------- testing Sat Apr 06 03:53:53 UTC 2019 /home/travis/build/icyphy/ptII/ptolemy/actor/lib/test/auto/BooleanSwitch.xml
----------------- Instantiating /home/travis/build/icyphy/ptII/ptolemy/actor/lib/test/auto/BooleanSwitch.xml
4 ms. Memory: 721408K Free: 438634K (61%)
----------------- Invoking toplevel() on ptolemy.moml.MoMLSimpleApplication@28dd9a0e
----------------- Done invoking toplevel() on ptolemy.moml.MoMLSimpleApplication@28dd9a0e
reloadAllAccessors: .BooleanSwitch

===========================================================================================
----------------- testing Sat Apr 06 03:53:53 UTC 2019 /home/travis/build/icyphy/ptII/ptolemy/actor/lib/test/auto/BooleanSwitch2.xml
----------------- Instantiating /home/travis/build/icyphy/ptII/ptolemy/actor/lib/test/auto/BooleanSwitch2.xml
1 ms. Memory: 721408K Free: 430298K (60%)
----------------- Invoking toplevel() on ptolemy.moml.MoMLSimpleApplication@3f8001d
----------------- Done invoking toplevel() on ptolemy.moml.MoMLSimpleApplication@3f8001d
reloadAllAccessors: .BooleanSwitch2

===========================================================================================
----------------- testing Sat Apr 06 03:53:53 UTC 2019 /home/travis/build/icyphy/ptII/ptolemy/actor/lib/test/auto/BooleanSwitchCloningBugWithClassRelationGroup.xml
----------------- Instantiating /home/travis/build/icyphy/ptII/ptolemy/actor/lib/test/auto/BooleanSwitchCloningBugWithClassRelationGroup.xml
5 ms. Memory: 721408K Free: 409123K (57%)
----------------- Invoking toplevel() on ptolemy.moml.MoMLSimpleApplication@503548d1
----------------- Done invoking toplevel() on ptolemy.moml.MoMLSimpleApplication@503548d1
reloadAllAccessors: .BooleanSwitchCloningBugWithClassRelationGroup

===========================================================================================
----------------- testing Sat Apr 06 03:53:53 UTC 2019 /home/travis/build/icyphy/ptII/ptolemy/actor/lib/test/auto/BusActors.xml
----------------- Instantiating /home/travis/build/icyphy/ptII/ptolemy/actor/lib/test/auto/BusActors.xml
5 ms. Memory: 721408K Free: 396619K (55%)
----------------- Invoking toplevel() on ptolemy.moml.MoMLSimpleApplication@3da2b33c
----------------- Done invoking toplevel() on ptolemy.moml.MoMLSimpleApplication@3da2b33c
reloadAllAccessors: .BusActors

===========================================================================================
----------------- testing Sat Apr 06 03:53:53 UTC 2019 /home/travis/build/icyphy/ptII/ptolemy/actor/lib/test/auto/ClassWrapper.xml
----------------- Instantiating /home/travis/build/icyphy/ptII/ptolemy/actor/lib/test/auto/ClassWrapper.xml
2 ms. Memory: 721408K Free: 388284K (54%)
----------------- Invoking toplevel() on ptolemy.moml.MoMLSimpleApplication@5923c862
----------------- Done invoking toplevel() on ptolemy.moml.MoMLSimpleApplication@5923c862
reloadAllAccessors: .ClassWrapper

===========================================================================================
----------------- testing Sat Apr 06 03:53:53 UTC 2019 /home/travis/build/icyphy/ptII/ptolemy/actor/lib/test/auto/Clock.xml
----------------- Instantiating /home/travis/build/icyphy/ptII/ptolemy/actor/lib/test/auto/Clock.xml
1 ms. Memory: 721408K Free: 379949K (53%)
----------------- Invoking toplevel() on ptolemy.moml.MoMLSimpleApplication@66a0c948
----------------- Done invoking toplevel() on ptolemy.moml.MoMLSimpleApplication@66a0c948
reloadAllAccessors: .Clock

===========================================================================================
----------------- testing Sat Apr 06 03:53:53 UTC 2019 /home/travis/build/icyphy/ptII/ptolemy/actor/lib/test/auto/Clock10.xml
----------------- Instantiating /home/travis/build/icyphy/ptII/ptolemy/actor/lib/test/auto/Clock10.xml
4 ms. Memory: 721408K Free: 362957K (50%)
----------------- Invoking toplevel() on ptolemy.moml.MoMLSimpleApplication@1a6f801a
----------------- Done invoking toplevel() on ptolemy.moml.MoMLSimpleApplication@1a6f801a
reloadAllAccessors: .Clock10

===========================================================================================
----------------- testing Sat Apr 06 03:53:53 UTC 2019 /home/travis/build/icyphy/ptII/ptolemy/actor/lib/test/auto/Clock11.xml
----------------- Instantiating /home/travis/build/icyphy/ptII/ptolemy/actor/lib/test/auto/Clock11.xml
5 ms. Memory: 721408K Free: 354621K (49%)
----------------- Invoking toplevel() on ptolemy.moml.MoMLSimpleApplication@12ea53fd
----------------- Done invoking toplevel() on ptolemy.moml.MoMLSimpleApplication@12ea53fd
reloadAllAccessors: .Clock11

===========================================================================================
----------------- testing Sat Apr 06 03:53:53 UTC 2019 /home/travis/build/icyphy/ptII/ptolemy/actor/lib/test/auto/Clock12.xml
----------------- Instantiating /home/travis/build/icyphy/ptII/ptolemy/actor/lib/test/auto/Clock12.xml
5 ms. Memory: 721408K Free: 346286K (48%)
----------------- Invoking toplevel() on ptolemy.moml.MoMLSimpleApplication@17503db5
----------------- Done invoking toplevel() on ptolemy.moml.MoMLSimpleApplication@17503db5
reloadAllAccessors: .Clock12

===========================================================================================
----------------- testing Sat Apr 06 03:53:53 UTC 2019 /home/travis/build/icyphy/ptII/ptolemy/actor/lib/test/auto/Clock13.xml
----------------- Instantiating /home/travis/build/icyphy/ptII/ptolemy/actor/lib/test/auto/Clock13.xml
6 ms. Memory: 721408K Free: 337950K (47%)
----------------- Invoking toplevel() on ptolemy.moml.MoMLSimpleApplication@66ec8c7f
----------------- Done invoking toplevel() on ptolemy.moml.MoMLSimpleApplication@66ec8c7f
reloadAllAccessors: .Clock13

===========================================================================================
----------------- testing Sat Apr 06 03:53:53 UTC 2019 /home/travis/build/icyphy/ptII/ptolemy/actor/lib/test/auto/Clock14.xml
----------------- Instantiating /home/travis/build/icyphy/ptII/ptolemy/actor/lib/test/auto/Clock14.xml
8 ms. Memory: 721408K Free: 320958K (44%)
----------------- Invoking toplevel() on ptolemy.moml.MoMLSimpleApplication@7687cd45
----------------- Done invoking toplevel() on ptolemy.moml.MoMLSimpleApplication@7687cd45
reloadAllAccessors: .Clock14

===========================================================================================
----------------- testing Sat Apr 06 03:53:53 UTC 2019 /home/travis/build/icyphy/ptII/ptolemy/actor/lib/test/auto/Clock15.xml
----------------- Instantiating /home/travis/build/icyphy/ptII/ptolemy/actor/lib/test/auto/Clock15.xml
6 ms. Memory: 721408K Free: 312623K (43%)
----------------- Invoking toplevel() on ptolemy.moml.MoMLSimpleApplication@297d0c41
----------------- Done invoking toplevel() on ptolemy.moml.MoMLSimpleApplication@297d0c41
reloadAllAccessors: .Clock15

===========================================================================================
----------------- testing Sat Apr 06 03:53:53 UTC 2019 /home/travis/build/icyphy/ptII/ptolemy/actor/lib/test/auto/Clock16.xml
----------------- Instantiating /home/travis/build/icyphy/ptII/ptolemy/actor/lib/test/auto/Clock16.xml
19 ms. Memory: 721408K Free: 295936K (41%)
----------------- Invoking toplevel() on ptolemy.moml.MoMLSimpleApplication@6af62e3f
----------------- Done invoking toplevel() on ptolemy.moml.MoMLSimpleApplication@6af62e3f
reloadAllAccessors: .Clock16

===========================================================================================
----------------- testing Sat Apr 06 03:53:53 UTC 2019 /home/travis/build/icyphy/ptII/ptolemy/actor/lib/test/auto/Clock17.xml
----------------- Instantiating /home/travis/build/icyphy/ptII/ptolemy/actor/lib/test/auto/Clock17.xml
21 ms. Memory: 721408K Free: 279233K (39%)
----------------- Invoking toplevel() on ptolemy.moml.MoMLSimpleApplication@4d46f122
----------------- Done invoking toplevel() on ptolemy.moml.MoMLSimpleApplication@4d46f122
reloadAllAccessors: .Clock17

===========================================================================================
----------------- testing Sat Apr 06 03:53:53 UTC 2019 /home/travis/build/icyphy/ptII/ptolemy/actor/lib/test/auto/Clock18.xml
----------------- Instantiating /home/travis/build/icyphy/ptII/ptolemy/actor/lib/test/auto/Clock18.xml
15 ms. Memory: 721408K Free: 253889K (35%)
----------------- Invoking toplevel() on ptolemy.moml.MoMLSimpleApplication@18889444
----------------- Done invoking toplevel() on ptolemy.moml.MoMLSimpleApplication@18889444
reloadAllAccessors: .Clock18

===========================================================================================
----------------- testing Sat Apr 06 03:53:53 UTC 2019 /home/travis/build/icyphy/ptII/ptolemy/actor/lib/test/auto/Clock19.xml
----------------- Instantiating /home/travis/build/icyphy/ptII/ptolemy/actor/lib/test/auto/Clock19.xml
20 ms. Memory: 721408K Free: 237195K (33%)
----------------- Invoking toplevel() on ptolemy.moml.MoMLSimpleApplication@253bc5cf
----------------- Done invoking toplevel() on ptolemy.moml.MoMLSimpleApplication@253bc5cf
reloadAllAccessors: .Clock19

===========================================================================================
----------------- testing Sat Apr 06 03:53:53 UTC 2019 /home/travis/build/icyphy/ptII/ptolemy/actor/lib/test/auto/Clock2.xml
----------------- Instantiating /home/travis/build/icyphy/ptII/ptolemy/actor/lib/test/auto/Clock2.xml
9 ms. Memory: 721408K Free: 228859K (32%)
----------------- Invoking toplevel() on ptolemy.moml.MoMLSimpleApplication@5f7d86a2
----------------- Done invoking toplevel() on ptolemy.moml.MoMLSimpleApplication@5f7d86a2
reloadAllAccessors: .Clock2

===========================================================================================
----------------- testing Sat Apr 06 03:53:53 UTC 2019 /home/travis/build/icyphy/ptII/ptolemy/actor/lib/test/auto/Clock20.xml
----------------- Instantiating /home/travis/build/icyphy/ptII/ptolemy/actor/lib/test/auto/Clock20.xml
12 ms. Memory: 721408K Free: 211867K (29%)
----------------- Invoking toplevel() on ptolemy.moml.MoMLSimpleApplication@52e79629
----------------- Done invoking toplevel() on ptolemy.moml.MoMLSimpleApplication@52e79629
reloadAllAccessors: .Clock20

===========================================================================================
----------------- testing Sat Apr 06 03:53:53 UTC 2019 /home/travis/build/icyphy/ptII/ptolemy/actor/lib/test/auto/Clock21.xml
----------------- Instantiating /home/travis/build/icyphy/ptII/ptolemy/actor/lib/test/auto/Clock21.xml
7 ms. Memory: 721408K Free: 203532K (28%)
----------------- Invoking toplevel() on ptolemy.moml.MoMLSimpleApplication@17b374b5
----------------- Done invoking toplevel() on ptolemy.moml.MoMLSimpleApplication@17b374b5
reloadAllAccessors: .Clock21

===========================================================================================
----------------- testing Sat Apr 06 03:53:53 UTC 2019 /home/travis/build/icyphy/ptII/ptolemy/actor/lib/test/auto/Clock22.xml
----------------- Instantiating /home/travis/build/icyphy/ptII/ptolemy/actor/lib/test/auto/Clock22.xml
6 ms. Memory: 721408K Free: 195196K (27%)
----------------- Invoking toplevel() on ptolemy.moml.MoMLSimpleApplication@44cc2ee4
----------------- Done invoking toplevel() on ptolemy.moml.MoMLSimpleApplication@44cc2ee4
reloadAllAccessors: .Clock22

===========================================================================================
----------------- testing Sat Apr 06 03:53:53 UTC 2019 /home/travis/build/icyphy/ptII/ptolemy/actor/lib/test/auto/Clock23.xml
----------------- Instantiating /home/travis/build/icyphy/ptII/ptolemy/actor/lib/test/auto/Clock23.xml
5 ms. Memory: 721408K Free: 186861K (26%)
----------------- Invoking toplevel() on ptolemy.moml.MoMLSimpleApplication@efaf97a
----------------- Done invoking toplevel() on ptolemy.moml.MoMLSimpleApplication@efaf97a
reloadAllAccessors: .Clock23

===========================================================================================
----------------- testing Sat Apr 06 03:53:53 UTC 2019 /home/travis/build/icyphy/ptII/ptolemy/actor/lib/test/auto/Clock24.xml
----------------- Instantiating /home/travis/build/icyphy/ptII/ptolemy/actor/lib/test/auto/Clock24.xml
2 ms. Memory: 721408K Free: 169869K (24%)
----------------- Invoking toplevel() on ptolemy.moml.MoMLSimpleApplication@5a0defe3
----------------- Done invoking toplevel() on ptolemy.moml.MoMLSimpleApplication@5a0defe3
reloadAllAccessors: .Clock24

===========================================================================================
----------------- testing Sat Apr 06 03:53:53 UTC 2019 /home/travis/build/icyphy/ptII/ptolemy/actor/lib/test/auto/Clock4.xml
----------------- Instantiating /home/travis/build/icyphy/ptII/ptolemy/actor/lib/test/auto/Clock4.xml
2 ms. Memory: 721408K Free: 161534K (22%)
----------------- Invoking toplevel() on ptolemy.moml.MoMLSimpleApplication@66a29dda
----------------- Done invoking toplevel() on ptolemy.moml.MoMLSimpleApplication@66a29dda
reloadAllAccessors: .Clock4

===========================================================================================
----------------- testing Sat Apr 06 03:53:53 UTC 2019 /home/travis/build/icyphy/ptII/ptolemy/actor/lib/test/auto/Clock5.xml
----------------- Instantiating /home/travis/build/icyphy/ptII/ptolemy/actor/lib/test/auto/Clock5.xml
4 ms. Memory: 721408K Free: 153198K (21%)
----------------- Invoking toplevel() on ptolemy.moml.MoMLSimpleApplication@217e488f
----------------- Done invoking toplevel() on ptolemy.moml.MoMLSimpleApplication@217e488f
reloadAllAccessors: .Clock5

===========================================================================================
----------------- testing Sat Apr 06 03:53:53 UTC 2019 /home/travis/build/icyphy/ptII/ptolemy/actor/lib/test/auto/Clock6.xml
----------------- Instantiating /home/travis/build/icyphy/ptII/ptolemy/actor/lib/test/auto/Clock6.xml
2 ms. Memory: 721408K Free: 144863K (20%)
----------------- Invoking toplevel() on ptolemy.moml.MoMLSimpleApplication@298f7685
----------------- Done invoking toplevel() on ptolemy.moml.MoMLSimpleApplication@298f7685
reloadAllAccessors: .Clock6

===========================================================================================
----------------- testing Sat Apr 06 03:53:53 UTC 2019 /home/travis/build/icyphy/ptII/ptolemy/actor/lib/test/auto/Clock7.xml
----------------- Instantiating /home/travis/build/icyphy/ptII/ptolemy/actor/lib/test/auto/Clock7.xml
3 ms. Memory: 721408K Free: 127871K (18%)
----------------- Invoking toplevel() on ptolemy.moml.MoMLSimpleApplication@298db458
----------------- Done invoking toplevel() on ptolemy.moml.MoMLSimpleApplication@298db458
reloadAllAccessors: .Clock7

===========================================================================================
----------------- testing Sat Apr 06 03:53:53 UTC 2019 /home/travis/build/icyphy/ptII/ptolemy/actor/lib/test/auto/Clock8.xml
----------------- Instantiating /home/travis/build/icyphy/ptII/ptolemy/actor/lib/test/auto/Clock8.xml
3 ms. Memory: 721408K Free: 119535K (17%)
----------------- Invoking toplevel() on ptolemy.moml.MoMLSimpleApplication@536f2ffc
----------------- Done invoking toplevel() on ptolemy.moml.MoMLSimpleApplication@536f2ffc
reloadAllAccessors: .Clock8

===========================================================================================
----------------- testing Sat Apr 06 03:53:53 UTC 2019 /home/travis/build/icyphy/ptII/ptolemy/actor/lib/test/auto/Clock9.xml
----------------- Instantiating /home/travis/build/icyphy/ptII/ptolemy/actor/lib/test/auto/Clock9.xml
3 ms. Memory: 721408K Free: 111200K (15%)
----------------- Invoking toplevel() on ptolemy.moml.MoMLSimpleApplication@7b055cdf
----------------- Done invoking toplevel() on ptolemy.moml.MoMLSimpleApplication@7b055cdf
reloadAllAccessors: .Clock9

===========================================================================================
----------------- testing Sat Apr 06 03:53:54 UTC 2019 /home/travis/build/icyphy/ptII/ptolemy/actor/lib/test/auto/CommDistDiscard.xml
----------------- Instantiating /home/travis/build/icyphy/ptII/ptolemy/actor/lib/test/auto/CommDistDiscard.xml
4 ms. Memory: 721408K Free: 102864K (14%)
----------------- Invoking toplevel() on ptolemy.moml.MoMLSimpleApplication@730530ce
----------------- Done invoking toplevel() on ptolemy.moml.MoMLSimpleApplication@730530ce
reloadAllAccessors: .CommDistDiscard

===========================================================================================
----------------- testing Sat Apr 06 03:53:54 UTC 2019 /home/travis/build/icyphy/ptII/ptolemy/actor/lib/test/auto/Commutator.xml
----------------- Instantiating /home/travis/build/icyphy/ptII/ptolemy/actor/lib/test/auto/Commutator.xml
2 ms. Memory: 721408K Free: 85872K (12%)
----------------- Invoking toplevel() on ptolemy.moml.MoMLSimpleApplication@373e2b64
----------------- Done invoking toplevel() on ptolemy.moml.MoMLSimpleApplication@373e2b64
reloadAllAccessors: .Commutator

===========================================================================================
----------------- testing Sat Apr 06 03:53:54 UTC 2019 /home/travis/build/icyphy/ptII/ptolemy/actor/lib/test/auto/Commutator2.xml
----------------- Instantiating /home/travis/build/icyphy/ptII/ptolemy/actor/lib/test/auto/Commutator2.xml
2 ms. Memory: 721408K Free: 77537K (11%)
----------------- Invoking toplevel() on ptolemy.moml.MoMLSimpleApplication@38f3b295
----------------- Done invoking toplevel() on ptolemy.moml.MoMLSimpleApplication@38f3b295
reloadAllAccessors: .Commutator2

===========================================================================================
----------------- testing Sat Apr 06 03:53:54 UTC 2019 /home/travis/build/icyphy/ptII/ptolemy/actor/lib/test/auto/Commutator3.xml
----------------- Instantiating /home/travis/build/icyphy/ptII/ptolemy/actor/lib/test/auto/Commutator3.xml
3 ms. Memory: 721408K Free: 69201K (10%)
----------------- Invoking toplevel() on ptolemy.moml.MoMLSimpleApplication@4d4b42dc
----------------- Done invoking toplevel() on ptolemy.moml.MoMLSimpleApplication@4d4b42dc
reloadAllAccessors: .Commutator3

===========================================================================================
----------------- testing Sat Apr 06 03:53:54 UTC 2019 /home/travis/build/icyphy/ptII/ptolemy/actor/lib/test/auto/Compare.xml
----------------- Instantiating /home/travis/build/icyphy/ptII/ptolemy/actor/lib/test/auto/Compare.xml
3 ms. Memory: 721408K Free: 57075K (8%)
----------------- Invoking toplevel() on ptolemy.moml.MoMLSimpleApplication@4a20097d
----------------- Done invoking toplevel() on ptolemy.moml.MoMLSimpleApplication@4a20097d
reloadAllAccessors: .Compare

===========================================================================================
----------------- testing Sat Apr 06 03:53:54 UTC 2019 /home/travis/build/icyphy/ptII/ptolemy/actor/lib/test/auto/CompareDE.xml
----------------- Instantiating /home/travis/build/icyphy/ptII/ptolemy/actor/lib/test/auto/CompareDE.xml
5 ms. Memory: 721920K Free: 665084K (92%)
----------------- Invoking toplevel() on ptolemy.moml.MoMLSimpleApplication@734abb3c
----------------- Done invoking toplevel() on ptolemy.moml.MoMLSimpleApplication@734abb3c
reloadAllAccessors: .CompareDE

===========================================================================================
----------------- testing Sat Apr 06 03:53:54 UTC 2019 /home/travis/build/icyphy/ptII/ptolemy/actor/lib/test/auto/ComplexDivide.xml
----------------- Instantiating /home/travis/build/icyphy/ptII/ptolemy/actor/lib/test/auto/ComplexDivide.xml
1 ms. Memory: 721920K Free: 656749K (91%)
----------------- Invoking toplevel() on ptolemy.moml.MoMLSimpleApplication@5dd4cd7
----------------- Done invoking toplevel() on ptolemy.moml.MoMLSimpleApplication@5dd4cd7
reloadAllAccessors: .ComplexDivide

===========================================================================================
----------------- testing Sat Apr 06 03:53:54 UTC 2019 /home/travis/build/icyphy/ptII/ptolemy/actor/lib/test/auto/ComputeHistogram.xml
----------------- Instantiating /home/travis/build/icyphy/ptII/ptolemy/actor/lib/test/auto/ComputeHistogram.xml
37 ms. Memory: 721920K Free: 639969K (89%)
----------------- Invoking toplevel() on ptolemy.moml.MoMLSimpleApplication@ddf5e1a
----------------- Done invoking toplevel() on ptolemy.moml.MoMLSimpleApplication@ddf5e1a
reloadAllAccessors: .ComputeHistogram

===========================================================================================
----------------- testing Sat Apr 06 03:53:54 UTC 2019 /home/travis/build/icyphy/ptII/ptolemy/actor/lib/test/auto/ConfigurationSelect.xml
----------------- Instantiating /home/travis/build/icyphy/ptII/ptolemy/actor/lib/test/auto/ConfigurationSelect.xml
2 ms. Memory: 721920K Free: 625124K (87%)
----------------- Invoking toplevel() on ptolemy.moml.MoMLSimpleApplication@13402d
----------------- Done invoking toplevel() on ptolemy.moml.MoMLSimpleApplication@13402d
reloadAllAccessors: .ConfigurationSelect

===========================================================================================
----------------- testing Sat Apr 06 03:53:54 UTC 2019 /home/travis/build/icyphy/ptII/ptolemy/actor/lib/test/auto/ConfigurationSelect2.xml
----------------- Instantiating /home/travis/build/icyphy/ptII/ptolemy/actor/lib/test/auto/ConfigurationSelect2.xml
2 ms. Memory: 721920K Free: 616789K (85%)
----------------- Invoking toplevel() on ptolemy.moml.MoMLSimpleApplication@47940c71
----------------- Done invoking toplevel() on ptolemy.moml.MoMLSimpleApplication@47940c71
reloadAllAccessors: .ConfigurationSelect2

===========================================================================================
----------------- testing Sat Apr 06 03:53:54 UTC 2019 /home/travis/build/icyphy/ptII/ptolemy/actor/lib/test/auto/ConfigurationSwitch.xml
----------------- Instantiating /home/travis/build/icyphy/ptII/ptolemy/actor/lib/test/auto/ConfigurationSwitch.xml
2 ms. Memory: 721920K Free: 608453K (84%)
----------------- Invoking toplevel() on ptolemy.moml.MoMLSimpleApplication@65680800
----------------- Done invoking toplevel() on ptolemy.moml.MoMLSimpleApplication@65680800
reloadAllAccessors: .ConfigurationSwitch

===========================================================================================
----------------- testing Sat Apr 06 03:53:54 UTC 2019 /home/travis/build/icyphy/ptII/ptolemy/actor/lib/test/auto/ConfigurationSwitch2.xml
----------------- Instantiating /home/travis/build/icyphy/ptII/ptolemy/actor/lib/test/auto/ConfigurationSwitch2.xml
4 ms. Memory: 721920K Free: 593607K (82%)
----------------- Invoking toplevel() on ptolemy.moml.MoMLSimpleApplication@5712dc73
----------------- Done invoking toplevel() on ptolemy.moml.MoMLSimpleApplication@5712dc73
reloadAllAccessors: .ConfigurationSwitch2

===========================================================================================
----------------- testing Sat Apr 06 03:53:54 UTC 2019 /home/travis/build/icyphy/ptII/ptolemy/actor/lib/test/auto/ConfigurationSwitchCloningBugWithClassRelationGroup.xml
----------------- Instantiating /home/travis/build/icyphy/ptII/ptolemy/actor/lib/test/auto/ConfigurationSwitchCloningBugWithClassRelationGroup.xml
1 ms. Memory: 721920K Free: 581096K (80%)
----------------- Invoking toplevel() on ptolemy.moml.MoMLSimpleApplication@631d37c1
----------------- Done invoking toplevel() on ptolemy.moml.MoMLSimpleApplication@631d37c1
reloadAllAccessors: .ConfigurationSwitchCloningBugWithClassRelationGroup

===========================================================================================
----------------- testing Sat Apr 06 03:53:54 UTC 2019 /home/travis/build/icyphy/ptII/ptolemy/actor/lib/test/auto/ConfigurationSwitchSelectSDF.xml
----------------- Instantiating /home/travis/build/icyphy/ptII/ptolemy/actor/lib/test/auto/ConfigurationSwitchSelectSDF.xml
2 ms. Memory: 721920K Free: 566250K (78%)
----------------- Invoking toplevel() on ptolemy.moml.MoMLSimpleApplication@f8c366a
----------------- Done invoking toplevel() on ptolemy.moml.MoMLSimpleApplication@f8c366a
reloadAllAccessors: .ConfigurationSwitchSelectSDF

===========================================================================================
----------------- testing Sat Apr 06 03:53:54 UTC 2019 /home/travis/build/icyphy/ptII/ptolemy/actor/lib/test/auto/ConfigurationSwitchSelectSDF2.xml
----------------- Instantiating /home/travis/build/icyphy/ptII/ptolemy/actor/lib/test/auto/ConfigurationSwitchSelectSDF2.xml
2 ms. Memory: 721920K Free: 557915K (77%)
----------------- Invoking toplevel() on ptolemy.moml.MoMLSimpleApplication@d7491e9
----------------- Done invoking toplevel() on ptolemy.moml.MoMLSimpleApplication@d7491e9
reloadAllAccessors: .ConfigurationSwitchSelectSDF2

===========================================================================================
----------------- testing Sat Apr 06 03:53:54 UTC 2019 /home/travis/build/icyphy/ptII/ptolemy/actor/lib/test/auto/Const.xml
----------------- Instantiating /home/travis/build/icyphy/ptII/ptolemy/actor/lib/test/auto/Const.xml
2 ms. Memory: 721920K Free: 549579K (76%)
----------------- Invoking toplevel() on ptolemy.moml.MoMLSimpleApplication@3d5eef2e
----------------- Done invoking toplevel() on ptolemy.moml.MoMLSimpleApplication@3d5eef2e
reloadAllAccessors: .Const

===========================================================================================
----------------- testing Sat Apr 06 03:53:54 UTC 2019 /home/travis/build/icyphy/ptII/ptolemy/actor/lib/test/auto/Const2.xml
----------------- Instantiating /home/travis/build/icyphy/ptII/ptolemy/actor/lib/test/auto/Const2.xml
1 ms. Memory: 721920K Free: 534734K (74%)
----------------- Invoking toplevel() on ptolemy.moml.MoMLSimpleApplication@a7c8732
----------------- Done invoking toplevel() on ptolemy.moml.MoMLSimpleApplication@a7c8732
reloadAllAccessors: .Const2

===========================================================================================
----------------- testing Sat Apr 06 03:53:54 UTC 2019 /home/travis/build/icyphy/ptII/ptolemy/actor/lib/test/auto/Const3.xml
----------------- Instantiating /home/travis/build/icyphy/ptII/ptolemy/actor/lib/test/auto/Const3.xml
2 ms. Memory: 721920K Free: 526399K (73%)
----------------- Invoking toplevel() on ptolemy.moml.MoMLSimpleApplication@2efda97d
----------------- Done invoking toplevel() on ptolemy.moml.MoMLSimpleApplication@2efda97d
reloadAllAccessors: .Const3

===========================================================================================
----------------- testing Sat Apr 06 03:53:54 UTC 2019 /home/travis/build/icyphy/ptII/ptolemy/actor/lib/test/auto/ConstantPublisherPort1.xml
----------------- Instantiating /home/travis/build/icyphy/ptII/ptolemy/actor/lib/test/auto/ConstantPublisherPort1.xml
11 ms. Memory: 721920K Free: 513879K (71%)
----------------- Invoking toplevel() on ptolemy.moml.MoMLSimpleApplication@51f15faf
----------------- Done invoking toplevel() on ptolemy.moml.MoMLSimpleApplication@51f15faf
reloadAllAccessors: .ConstantPublisherPort1

===========================================================================================
----------------- testing Sat Apr 06 03:53:54 UTC 2019 /home/travis/build/icyphy/ptII/ptolemy/actor/lib/test/auto/ConstantPublisherPort2.xml
----------------- Instantiating /home/travis/build/icyphy/ptII/ptolemy/actor/lib/test/auto/ConstantPublisherPort2.xml
10 ms. Memory: 721920K Free: 494866K (69%)
----------------- Invoking toplevel() on ptolemy.moml.MoMLSimpleApplication@1f148761
----------------- Done invoking toplevel() on ptolemy.moml.MoMLSimpleApplication@1f148761
reloadAllAccessors: .ConstantPublisherPort2

===========================================================================================
----------------- testing Sat Apr 06 03:53:54 UTC 2019 /home/travis/build/icyphy/ptII/ptolemy/actor/lib/test/auto/ConstantPublisherPort3.xml
----------------- Instantiating /home/travis/build/icyphy/ptII/ptolemy/actor/lib/test/auto/ConstantPublisherPort3.xml
7 ms. Memory: 721920K Free: 482363K (67%)
----------------- Invoking toplevel() on ptolemy.moml.MoMLSimpleApplication@11257f8e
----------------- Done invoking toplevel() on ptolemy.moml.MoMLSimpleApplication@11257f8e
reloadAllAccessors: .ConstantPublisherPort3

===========================================================================================
----------------- testing Sat Apr 06 03:53:54 UTC 2019 /home/travis/build/icyphy/ptII/ptolemy/actor/lib/test/auto/ConstantPublisherPort4.xml
----------------- Instantiating /home/travis/build/icyphy/ptII/ptolemy/actor/lib/test/auto/ConstantPublisherPort4.xml
2 ms. Memory: 721920K Free: 469844K (65%)
----------------- Invoking toplevel() on ptolemy.moml.MoMLSimpleApplication@38151952
----------------- Done invoking toplevel() on ptolemy.moml.MoMLSimpleApplication@38151952
reloadAllAccessors: .ConstantPublisherPort4

===========================================================================================
----------------- testing Sat Apr 06 03:53:54 UTC 2019 /home/travis/build/icyphy/ptII/ptolemy/actor/lib/test/auto/ConstantPublisherPort5.xml
----------------- Instantiating /home/travis/build/icyphy/ptII/ptolemy/actor/lib/test/auto/ConstantPublisherPort5.xml
18 ms. Memory: 721920K Free: 442479K (61%)
----------------- Invoking toplevel() on ptolemy.moml.MoMLSimpleApplication@47814f76
----------------- Done invoking toplevel() on ptolemy.moml.MoMLSimpleApplication@47814f76
reloadAllAccessors: .ConstantPublisherPort5

===========================================================================================
----------------- testing Sat Apr 06 03:53:54 UTC 2019 /home/travis/build/icyphy/ptII/ptolemy/actor/lib/test/auto/ConstantPublisherPort6.xml
----------------- Instantiating /home/travis/build/icyphy/ptII/ptolemy/actor/lib/test/auto/ConstantPublisherPort6.xml
19 ms. Memory: 721920K Free: 417473K (58%)
----------------- Invoking toplevel() on ptolemy.moml.MoMLSimpleApplication@34da2922
----------------- Done invoking toplevel() on ptolemy.moml.MoMLSimpleApplication@34da2922
reloadAllAccessors: .ConstantPublisherPort6

===========================================================================================
----------------- testing Sat Apr 06 03:53:54 UTC 2019 /home/travis/build/icyphy/ptII/ptolemy/actor/lib/test/auto/ConstantPublisherPort7.xml
----------------- Instantiating /home/travis/build/icyphy/ptII/ptolemy/actor/lib/test/auto/ConstantPublisherPort7.xml
13 ms. Memory: 721920K Free: 392458K (54%)
----------------- Invoking toplevel() on ptolemy.moml.MoMLSimpleApplication@2269a3b3
----------------- Done invoking toplevel() on ptolemy.moml.MoMLSimpleApplication@2269a3b3
reloadAllAccessors: .ConstantPublisherPort7

===========================================================================================
----------------- testing Sat Apr 06 03:53:54 UTC 2019 /home/travis/build/icyphy/ptII/ptolemy/actor/lib/test/auto/ConstraintMonitor1.xml
----------------- Instantiating /home/travis/build/icyphy/ptII/ptolemy/actor/lib/test/auto/ConstraintMonitor1.xml
2 ms. Memory: 721920K Free: 377613K (52%)
----------------- Invoking toplevel() on ptolemy.moml.MoMLSimpleApplication@72b475be
----------------- Done invoking toplevel() on ptolemy.moml.MoMLSimpleApplication@72b475be
reloadAllAccessors: .ConstraintMonitor1

===========================================================================================
----------------- testing Sat Apr 06 03:53:54 UTC 2019 /home/travis/build/icyphy/ptII/ptolemy/actor/lib/test/auto/ConstraintMonitor2.xml
----------------- Instantiating /home/travis/build/icyphy/ptII/ptolemy/actor/lib/test/auto/ConstraintMonitor2.xml
1 ms. Memory: 721920K Free: 369278K (51%)
----------------- Invoking toplevel() on ptolemy.moml.MoMLSimpleApplication@40507bd
----------------- Done invoking toplevel() on ptolemy.moml.MoMLSimpleApplication@40507bd
reloadAllAccessors: .ConstraintMonitor2

===========================================================================================
----------------- testing Sat Apr 06 03:53:54 UTC 2019 /home/travis/build/icyphy/ptII/ptolemy/actor/lib/test/auto/ConstraintMonitor3.xml
----------------- Instantiating /home/travis/build/icyphy/ptII/ptolemy/actor/lib/test/auto/ConstraintMonitor3.xml
2 ms. Memory: 721920K Free: 360942K (50%)
----------------- Invoking toplevel() on ptolemy.moml.MoMLSimpleApplication@58ec8a76
----------------- Done invoking toplevel() on ptolemy.moml.MoMLSimpleApplication@58ec8a76
reloadAllAccessors: .ConstraintMonitor3

===========================================================================================
----------------- testing Sat Apr 06 03:53:54 UTC 2019 /home/travis/build/icyphy/ptII/ptolemy/actor/lib/test/auto/ConstraintMonitor4.xml
----------------- Instantiating /home/travis/build/icyphy/ptII/ptolemy/actor/lib/test/auto/ConstraintMonitor4.xml
2 ms. Memory: 721920K Free: 346096K (48%)
----------------- Invoking toplevel() on ptolemy.moml.MoMLSimpleApplication@3392d571
----------------- Done invoking toplevel() on ptolemy.moml.MoMLSimpleApplication@3392d571
reloadAllAccessors: .ConstraintMonitor4

===========================================================================================
----------------- testing Sat Apr 06 03:53:54 UTC 2019 /home/travis/build/icyphy/ptII/ptolemy/actor/lib/test/auto/ConstraintMonitor5.xml
----------------- Instantiating /home/travis/build/icyphy/ptII/ptolemy/actor/lib/test/auto/ConstraintMonitor5.xml
2 ms. Memory: 721920K Free: 337761K (47%)
----------------- Invoking toplevel() on ptolemy.moml.MoMLSimpleApplication@377d06fd
----------------- Done invoking toplevel() on ptolemy.moml.MoMLSimpleApplication@377d06fd
reloadAllAccessors: .ConstraintMonitor5

===========================================================================================
----------------- testing Sat Apr 06 03:53:54 UTC 2019 /home/travis/build/icyphy/ptII/ptolemy/actor/lib/test/auto/ConstraintMonitor6.xml
----------------- Instantiating /home/travis/build/icyphy/ptII/ptolemy/actor/lib/test/auto/ConstraintMonitor6.xml
2 ms. Memory: 721920K Free: 322915K (45%)
----------------- Invoking toplevel() on ptolemy.moml.MoMLSimpleApplication@d7d6704
----------------- Done invoking toplevel() on ptolemy.moml.MoMLSimpleApplication@d7d6704
reloadAllAccessors: .ConstraintMonitor6

===========================================================================================
----------------- testing Sat Apr 06 03:53:54 UTC 2019 /home/travis/build/icyphy/ptII/ptolemy/actor/lib/test/auto/ConstraintMonitor7.xml
----------------- Instantiating /home/travis/build/icyphy/ptII/ptolemy/actor/lib/test/auto/ConstraintMonitor7.xml
7 ms. Memory: 721920K Free: 314580K (44%)
----------------- Invoking toplevel() on ptolemy.moml.MoMLSimpleApplication@3d3190e0
----------------- Done invoking toplevel() on ptolemy.moml.MoMLSimpleApplication@3d3190e0
reloadAllAccessors: .ConstraintMonitor7

===========================================================================================
----------------- testing Sat Apr 06 03:53:54 UTC 2019 /home/travis/build/icyphy/ptII/ptolemy/actor/lib/test/auto/ConstraintMonitor8.xml
----------------- Instantiating /home/travis/build/icyphy/ptII/ptolemy/actor/lib/test/auto/ConstraintMonitor8.xml
7 ms. Memory: 721920K Free: 302061K (42%)
----------------- Invoking toplevel() on ptolemy.moml.MoMLSimpleApplication@3b43135f
----------------- Done invoking toplevel() on ptolemy.moml.MoMLSimpleApplication@3b43135f
reloadAllAccessors: .ConstraintMonitor8

===========================================================================================
----------------- testing Sat Apr 06 03:53:54 UTC 2019 /home/travis/build/icyphy/ptII/ptolemy/actor/lib/test/auto/Counter.xml
----------------- Instantiating /home/travis/build/icyphy/ptII/ptolemy/actor/lib/test/auto/Counter.xml
2 ms. Memory: 721920K Free: 287215K (40%)
----------------- Invoking toplevel() on ptolemy.moml.MoMLSimpleApplication@cb8363a
----------------- Done invoking toplevel() on ptolemy.moml.MoMLSimpleApplication@cb8363a
reloadAllAccessors: .Counter

===========================================================================================
----------------- testing Sat Apr 06 03:53:54 UTC 2019 /home/travis/build/icyphy/ptII/ptolemy/actor/lib/test/auto/CurrentTimeSDF.xml
----------------- Instantiating /home/travis/build/icyphy/ptII/ptolemy/actor/lib/test/auto/CurrentTimeSDF.xml
1 ms. Memory: 721920K Free: 278880K (39%)
----------------- Invoking toplevel() on ptolemy.moml.MoMLSimpleApplication@45356463
----------------- Done invoking toplevel() on ptolemy.moml.MoMLSimpleApplication@45356463
reloadAllAccessors: .CurrentTimeSDF

===========================================================================================
----------------- testing Sat Apr 06 03:53:54 UTC 2019 /home/travis/build/icyphy/ptII/ptolemy/actor/lib/test/auto/DB.xml
----------------- Instantiating /home/travis/build/icyphy/ptII/ptolemy/actor/lib/test/auto/DB.xml
2 ms. Memory: 721920K Free: 270544K (37%)
----------------- Invoking toplevel() on ptolemy.moml.MoMLSimpleApplication@6b38259f
----------------- Done invoking toplevel() on ptolemy.moml.MoMLSimpleApplication@6b38259f
reloadAllAccessors: .DB

===========================================================================================
----------------- testing Sat Apr 06 03:53:54 UTC 2019 /home/travis/build/icyphy/ptII/ptolemy/actor/lib/test/auto/DBDE.xml
----------------- Instantiating /home/travis/build/icyphy/ptII/ptolemy/actor/lib/test/auto/DBDE.xml
2 ms. Memory: 721920K Free: 255699K (35%)
----------------- Invoking toplevel() on ptolemy.moml.MoMLSimpleApplication@2bb4f23c
----------------- Done invoking toplevel() on ptolemy.moml.MoMLSimpleApplication@2bb4f23c
reloadAllAccessors: .DBDE

===========================================================================================
----------------- testing Sat Apr 06 03:53:54 UTC 2019 /home/travis/build/icyphy/ptII/ptolemy/actor/lib/test/auto/DateConstructor.xml
----------------- Instantiating /home/travis/build/icyphy/ptII/ptolemy/actor/lib/test/auto/DateConstructor.xml
15 ms. Memory: 721920K Free: 234828K (33%)
----------------- Invoking toplevel() on ptolemy.moml.MoMLSimpleApplication@7c0f3476
----------------- Done invoking toplevel() on ptolemy.moml.MoMLSimpleApplication@7c0f3476
reloadAllAccessors: .DateConstructor

===========================================================================================
----------------- testing Sat Apr 06 03:53:54 UTC 2019 /home/travis/build/icyphy/ptII/ptolemy/actor/lib/test/auto/DelayTime.xml
----------------- Instantiating /home/travis/build/icyphy/ptII/ptolemy/actor/lib/test/auto/DelayTime.xml
3 ms. Memory: 721920K Free: 226493K (31%)
----------------- Invoking toplevel() on ptolemy.moml.MoMLSimpleApplication@6c5bf8e6
----------------- Done invoking toplevel() on ptolemy.moml.MoMLSimpleApplication@6c5bf8e6
reloadAllAccessors: .DelayTime

===========================================================================================
----------------- testing Sat Apr 06 03:53:55 UTC 2019 /home/travis/build/icyphy/ptII/ptolemy/actor/lib/test/auto/Dictionary1.xml
----------------- Instantiating /home/travis/build/icyphy/ptII/ptolemy/actor/lib/test/auto/Dictionary1.xml
1 ms. Memory: 721920K Free: 211647K (29%)
----------------- Invoking toplevel() on ptolemy.moml.MoMLSimpleApplication@6d2454f1
----------------- Done invoking toplevel() on ptolemy.moml.MoMLSimpleApplication@6d2454f1
reloadAllAccessors: .Dictionary1

===========================================================================================
----------------- testing Sat Apr 06 03:53:55 UTC 2019 /home/travis/build/icyphy/ptII/ptolemy/actor/lib/test/auto/Dictionary2.xml
----------------- Instantiating /home/travis/build/icyphy/ptII/ptolemy/actor/lib/test/auto/Dictionary2.xml
2 ms. Memory: 721920K Free: 203311K (28%)
----------------- Invoking toplevel() on ptolemy.moml.MoMLSimpleApplication@4fb478
----------------- Done invoking toplevel() on ptolemy.moml.MoMLSimpleApplication@4fb478
reloadAllAccessors: .Dictionary2

===========================================================================================
----------------- testing Sat Apr 06 03:53:55 UTC 2019 /home/travis/build/icyphy/ptII/ptolemy/actor/lib/test/auto/Dictionary3.xml
----------------- Instantiating /home/travis/build/icyphy/ptII/ptolemy/actor/lib/test/auto/Dictionary3.xml
1 ms. Memory: 721920K Free: 194976K (27%)
----------------- Invoking toplevel() on ptolemy.moml.MoMLSimpleApplication@46e7d405
----------------- Done invoking toplevel() on ptolemy.moml.MoMLSimpleApplication@46e7d405
reloadAllAccessors: .Dictionary3

===========================================================================================
----------------- testing Sat Apr 06 03:53:55 UTC 2019 /home/travis/build/icyphy/ptII/ptolemy/actor/lib/test/auto/Dictionary4.xml
----------------- Instantiating /home/travis/build/icyphy/ptII/ptolemy/actor/lib/test/auto/Dictionary4.xml
2 ms. Memory: 721920K Free: 175955K (24%)
----------------- Invoking toplevel() on ptolemy.moml.MoMLSimpleApplication@5d368fc
----------------- Done invoking toplevel() on ptolemy.moml.MoMLSimpleApplication@5d368fc
reloadAllAccessors: .Dictionary4

===========================================================================================
----------------- testing Sat Apr 06 03:53:55 UTC 2019 /home/travis/build/icyphy/ptII/ptolemy/actor/lib/test/auto/Differential.xml
----------------- Instantiating /home/travis/build/icyphy/ptII/ptolemy/actor/lib/test/auto/Differential.xml
1 ms. Memory: 721920K Free: 167619K (23%)
----------------- Invoking toplevel() on ptolemy.moml.MoMLSimpleApplication@5986b955
----------------- Done invoking toplevel() on ptolemy.moml.MoMLSimpleApplication@5986b955
reloadAllAccessors: .Differential

===========================================================================================
----------------- testing Sat Apr 06 03:53:55 UTC 2019 /home/travis/build/icyphy/ptII/ptolemy/actor/lib/test/auto/Director.xml
----------------- Instantiating /home/travis/build/icyphy/ptII/ptolemy/actor/lib/test/auto/Director.xml
2 ms. Memory: 721920K Free: 159284K (22%)
----------------- Invoking toplevel() on ptolemy.moml.MoMLSimpleApplication@657cabf3
----------------- Done invoking toplevel() on ptolemy.moml.MoMLSimpleApplication@657cabf3
reloadAllAccessors: .Director

===========================================================================================
----------------- testing Sat Apr 06 03:53:55 UTC 2019 /home/travis/build/icyphy/ptII/ptolemy/actor/lib/test/auto/DiscreteClock.xml
----------------- Instantiating /home/travis/build/icyphy/ptII/ptolemy/actor/lib/test/auto/DiscreteClock.xml
1 ms. Memory: 721920K Free: 144438K (20%)
----------------- Invoking toplevel() on ptolemy.moml.MoMLSimpleApplication@59c3d446
----------------- Done invoking toplevel() on ptolemy.moml.MoMLSimpleApplication@59c3d446
reloadAllAccessors: .DiscreteClock

===========================================================================================
----------------- testing Sat Apr 06 03:53:55 UTC 2019 /home/travis/build/icyphy/ptII/ptolemy/actor/lib/test/auto/DiscreteClock10.xml
----------------- Instantiating /home/travis/build/icyphy/ptII/ptolemy/actor/lib/test/auto/DiscreteClock10.xml
2 ms. Memory: 721920K Free: 136103K (19%)
----------------- Invoking toplevel() on ptolemy.moml.MoMLSimpleApplication@75b5e72f
----------------- Done invoking toplevel() on ptolemy.moml.MoMLSimpleApplication@75b5e72f
reloadAllAccessors: .DiscreteClock10

===========================================================================================
----------------- testing Sat Apr 06 03:53:55 UTC 2019 /home/travis/build/icyphy/ptII/ptolemy/actor/lib/test/auto/DiscreteClock11.xml
----------------- Instantiating /home/travis/build/icyphy/ptII/ptolemy/actor/lib/test/auto/DiscreteClock11.xml
2 ms. Memory: 721920K Free: 121257K (17%)
----------------- Invoking toplevel() on ptolemy.moml.MoMLSimpleApplication@2af1682a
----------------- Done invoking toplevel() on ptolemy.moml.MoMLSimpleApplication@2af1682a
reloadAllAccessors: .DiscreteClock11

===========================================================================================
----------------- testing Sat Apr 06 03:53:55 UTC 2019 /home/travis/build/icyphy/ptII/ptolemy/actor/lib/test/auto/DiscreteClock12.xml
----------------- Instantiating /home/travis/build/icyphy/ptII/ptolemy/actor/lib/test/auto/DiscreteClock12.xml
1 ms. Memory: 721920K Free: 112922K (16%)
----------------- Invoking toplevel() on ptolemy.moml.MoMLSimpleApplication@5de9c42b
----------------- Done invoking toplevel() on ptolemy.moml.MoMLSimpleApplication@5de9c42b
reloadAllAccessors: .DiscreteClock12

===========================================================================================
----------------- testing Sat Apr 06 03:53:55 UTC 2019 /home/travis/build/icyphy/ptII/ptolemy/actor/lib/test/auto/DiscreteClock13.xml
----------------- Instantiating /home/travis/build/icyphy/ptII/ptolemy/actor/lib/test/auto/DiscreteClock13.xml
7 ms. Memory: 721920K Free: 104586K (14%)
----------------- Invoking toplevel() on ptolemy.moml.MoMLSimpleApplication@2586f7d1
----------------- Done invoking toplevel() on ptolemy.moml.MoMLSimpleApplication@2586f7d1
reloadAllAccessors: .DiscreteClock13

===========================================================================================
----------------- testing Sat Apr 06 03:53:55 UTC 2019 /home/travis/build/icyphy/ptII/ptolemy/actor/lib/test/auto/DiscreteClock14.xml
----------------- Instantiating /home/travis/build/icyphy/ptII/ptolemy/actor/lib/test/auto/DiscreteClock14.xml
6 ms. Memory: 721920K Free: 89741K (12%)
----------------- Invoking toplevel() on ptolemy.moml.MoMLSimpleApplication@6f2d5333
----------------- Done invoking toplevel() on ptolemy.moml.MoMLSimpleApplication@6f2d5333
reloadAllAccessors: .DiscreteClock14

===========================================================================================
----------------- testing Sat Apr 06 03:53:55 UTC 2019 /home/travis/build/icyphy/ptII/ptolemy/actor/lib/test/auto/DiscreteClock15.xml
----------------- Instantiating /home/travis/build/icyphy/ptII/ptolemy/actor/lib/test/auto/DiscreteClock15.xml
6 ms. Memory: 721920K Free: 81405K (11%)
----------------- Invoking toplevel() on ptolemy.moml.MoMLSimpleApplication@3c9ba4c8
----------------- Done invoking toplevel() on ptolemy.moml.MoMLSimpleApplication@3c9ba4c8
reloadAllAccessors: .DiscreteClock15

===========================================================================================
----------------- testing Sat Apr 06 03:53:55 UTC 2019 /home/travis/build/icyphy/ptII/ptolemy/actor/lib/test/auto/DiscreteClock16.xml
----------------- Instantiating /home/travis/build/icyphy/ptII/ptolemy/actor/lib/test/auto/DiscreteClock16.xml
15 ms. Memory: 1115136K Free: 1057555K (95%)
----------------- Invoking toplevel() on ptolemy.moml.MoMLSimpleApplication@4916ba67
----------------- Done invoking toplevel() on ptolemy.moml.MoMLSimpleApplication@4916ba67
reloadAllAccessors: .DiscreteClock16

===========================================================================================
----------------- testing Sat Apr 06 03:53:55 UTC 2019 /home/travis/build/icyphy/ptII/ptolemy/actor/lib/test/auto/DiscreteClock17.xml
----------------- Instantiating /home/travis/build/icyphy/ptII/ptolemy/actor/lib/test/auto/DiscreteClock17.xml
15 ms. Memory: 1115136K Free: 1029564K (92%)
----------------- Invoking toplevel() on ptolemy.moml.MoMLSimpleApplication@5236682e
----------------- Done invoking toplevel() on ptolemy.moml.MoMLSimpleApplication@5236682e
reloadAllAccessors: .DiscreteClock17

===========================================================================================
----------------- testing Sat Apr 06 03:53:55 UTC 2019 /home/travis/build/icyphy/ptII/ptolemy/actor/lib/test/auto/DiscreteClock18.xml
----------------- Instantiating /home/travis/build/icyphy/ptII/ptolemy/actor/lib/test/auto/DiscreteClock18.xml
20 ms. Memory: 1115136K Free: 1009554K (91%)
----------------- Invoking toplevel() on ptolemy.moml.MoMLSimpleApplication@2bab351e
----------------- Done invoking toplevel() on ptolemy.moml.MoMLSimpleApplication@2bab351e
reloadAllAccessors: .DiscreteClock18

===========================================================================================
----------------- testing Sat Apr 06 03:53:55 UTC 2019 /home/travis/build/icyphy/ptII/ptolemy/actor/lib/test/auto/DiscreteClock19.xml
----------------- Instantiating /home/travis/build/icyphy/ptII/ptolemy/actor/lib/test/auto/DiscreteClock19.xml
8 ms. Memory: 1115136K Free: 989529K (89%)
----------------- Invoking toplevel() on ptolemy.moml.MoMLSimpleApplication@58474eb
----------------- Done invoking toplevel() on ptolemy.moml.MoMLSimpleApplication@58474eb
reloadAllAccessors: .DiscreteClock19

===========================================================================================
----------------- testing Sat Apr 06 03:53:55 UTC 2019 /home/travis/build/icyphy/ptII/ptolemy/actor/lib/test/auto/DiscreteClock2.xml
----------------- Instantiating /home/travis/build/icyphy/ptII/ptolemy/actor/lib/test/auto/DiscreteClock2.xml
6 ms. Memory: 1115136K Free: 968224K (87%)
----------------- Invoking toplevel() on ptolemy.moml.MoMLSimpleApplication@7c6b6a38
----------------- Done invoking toplevel() on ptolemy.moml.MoMLSimpleApplication@7c6b6a38
reloadAllAccessors: .DiscreteClock2

===========================================================================================
----------------- testing Sat Apr 06 03:53:55 UTC 2019 /home/travis/build/icyphy/ptII/ptolemy/actor/lib/test/auto/DiscreteClock20.xml
----------------- Instantiating /home/travis/build/icyphy/ptII/ptolemy/actor/lib/test/auto/DiscreteClock20.xml
7 ms. Memory: 1115136K Free: 954885K (86%)
----------------- Invoking toplevel() on ptolemy.moml.MoMLSimpleApplication@78ffc525
----------------- Done invoking toplevel() on ptolemy.moml.MoMLSimpleApplication@78ffc525
reloadAllAccessors: .DiscreteClock20

===========================================================================================
----------------- testing Sat Apr 06 03:53:56 UTC 2019 /home/travis/build/icyphy/ptII/ptolemy/actor/lib/test/auto/DiscreteClock21.xml
----------------- Instantiating /home/travis/build/icyphy/ptII/ptolemy/actor/lib/test/auto/DiscreteClock21.xml
3 ms. Memory: 1115136K Free: 941545K (84%)
----------------- Invoking toplevel() on ptolemy.moml.MoMLSimpleApplication@1e019b42
----------------- Done invoking toplevel() on ptolemy.moml.MoMLSimpleApplication@1e019b42
reloadAllAccessors: .DiscreteClock21

===========================================================================================
----------------- testing Sat Apr 06 03:53:56 UTC 2019 /home/travis/build/icyphy/ptII/ptolemy/actor/lib/test/auto/DiscreteClock22.xml
----------------- Instantiating /home/travis/build/icyphy/ptII/ptolemy/actor/lib/test/auto/DiscreteClock22.xml
1 ms. Memory: 1115136K Free: 920241K (83%)
----------------- Invoking toplevel() on ptolemy.moml.MoMLSimpleApplication@789602a7
----------------- Done invoking toplevel() on ptolemy.moml.MoMLSimpleApplication@789602a7
reloadAllAccessors: .DiscreteClock22

===========================================================================================
----------------- testing Sat Apr 06 03:53:56 UTC 2019 /home/travis/build/icyphy/ptII/ptolemy/actor/lib/test/auto/DiscreteClock23.xml
----------------- Instantiating /home/travis/build/icyphy/ptII/ptolemy/actor/lib/test/auto/DiscreteClock23.xml
1 ms. Memory: 1115136K Free: 906901K (81%)
----------------- Invoking toplevel() on ptolemy.moml.MoMLSimpleApplication@159f5f55
----------------- Done invoking toplevel() on ptolemy.moml.MoMLSimpleApplication@159f5f55
reloadAllAccessors: .DiscreteClock23

===========================================================================================
----------------- testing Sat Apr 06 03:53:56 UTC 2019 /home/travis/build/icyphy/ptII/ptolemy/actor/lib/test/auto/DiscreteClock24.xml
----------------- Instantiating /home/travis/build/icyphy/ptII/ptolemy/actor/lib/test/auto/DiscreteClock24.xml
2 ms. Memory: 1115136K Free: 893562K (80%)
----------------- Invoking toplevel() on ptolemy.moml.MoMLSimpleApplication@6e491b16
----------------- Done invoking toplevel() on ptolemy.moml.MoMLSimpleApplication@6e491b16
reloadAllAccessors: .DiscreteClock24

===========================================================================================
----------------- testing Sat Apr 06 03:53:56 UTC 2019 /home/travis/build/icyphy/ptII/ptolemy/actor/lib/test/auto/DiscreteClock4.xml
----------------- Instantiating /home/travis/build/icyphy/ptII/ptolemy/actor/lib/test/auto/DiscreteClock4.xml
3 ms. Memory: 1115136K Free: 880222K (79%)
----------------- Invoking toplevel() on ptolemy.moml.MoMLSimpleApplication@1b964df5
----------------- Done invoking toplevel() on ptolemy.moml.MoMLSimpleApplication@1b964df5
reloadAllAccessors: .DiscreteClock4

===========================================================================================
----------------- testing Sat Apr 06 03:53:56 UTC 2019 /home/travis/build/icyphy/ptII/ptolemy/actor/lib/test/auto/DiscreteClock5.xml
----------------- Instantiating /home/travis/build/icyphy/ptII/ptolemy/actor/lib/test/auto/DiscreteClock5.xml
1 ms. Memory: 1115136K Free: 858917K (77%)
----------------- Invoking toplevel() on ptolemy.moml.MoMLSimpleApplication@6a46999e
----------------- Done invoking toplevel() on ptolemy.moml.MoMLSimpleApplication@6a46999e
reloadAllAccessors: .DiscreteClock5

===========================================================================================
----------------- testing Sat Apr 06 03:53:56 UTC 2019 /home/travis/build/icyphy/ptII/ptolemy/actor/lib/test/auto/DiscreteClock6.xml
----------------- Instantiating /home/travis/build/icyphy/ptII/ptolemy/actor/lib/test/auto/DiscreteClock6.xml
1 ms. Memory: 1115136K Free: 845578K (76%)
----------------- Invoking toplevel() on ptolemy.moml.MoMLSimpleApplication@3f59cf34
----------------- Done invoking toplevel() on ptolemy.moml.MoMLSimpleApplication@3f59cf34
reloadAllAccessors: .DiscreteClock6

===========================================================================================
----------------- testing Sat Apr 06 03:53:56 UTC 2019 /home/travis/build/icyphy/ptII/ptolemy/actor/lib/test/auto/DiscreteClock7.xml
----------------- Instantiating /home/travis/build/icyphy/ptII/ptolemy/actor/lib/test/auto/DiscreteClock7.xml
1 ms. Memory: 1115136K Free: 832239K (75%)
----------------- Invoking toplevel() on ptolemy.moml.MoMLSimpleApplication@7c0b7604
----------------- Done invoking toplevel() on ptolemy.moml.MoMLSimpleApplication@7c0b7604
reloadAllAccessors: .DiscreteClock7

===========================================================================================
----------------- testing Sat Apr 06 03:53:56 UTC 2019 /home/travis/build/icyphy/ptII/ptolemy/actor/lib/test/auto/DiscreteClock8.xml
----------------- Instantiating /home/travis/build/icyphy/ptII/ptolemy/actor/lib/test/auto/DiscreteClock8.xml
2 ms. Memory: 1115136K Free: 810934K (73%)
----------------- Invoking toplevel() on ptolemy.moml.MoMLSimpleApplication@6a7ce240
----------------- Done invoking toplevel() on ptolemy.moml.MoMLSimpleApplication@6a7ce240
reloadAllAccessors: .DiscreteClock8

===========================================================================================
----------------- testing Sat Apr 06 03:53:56 UTC 2019 /home/travis/build/icyphy/ptII/ptolemy/actor/lib/test/auto/DiscreteClock9.xml
----------------- Instantiating /home/travis/build/icyphy/ptII/ptolemy/actor/lib/test/auto/DiscreteClock9.xml
1 ms. Memory: 1115136K Free: 797594K (72%)
----------------- Invoking toplevel() on ptolemy.moml.MoMLSimpleApplication@1c576b4a
----------------- Done invoking toplevel() on ptolemy.moml.MoMLSimpleApplication@1c576b4a
reloadAllAccessors: .DiscreteClock9

===========================================================================================
----------------- testing Sat Apr 06 03:53:56 UTC 2019 /home/travis/build/icyphy/ptII/ptolemy/actor/lib/test/auto/DisplayArray.xml
----------------- Instantiating /home/travis/build/icyphy/ptII/ptolemy/actor/lib/test/auto/DisplayArray.xml
3 ms. Memory: 1115136K Free: 784255K (70%)
----------------- Invoking toplevel() on ptolemy.moml.MoMLSimpleApplication@76889333
----------------- Done invoking toplevel() on ptolemy.moml.MoMLSimpleApplication@76889333
reloadAllAccessors: .DisplayArray

===========================================================================================
----------------- testing Sat Apr 06 03:53:56 UTC 2019 /home/travis/build/icyphy/ptII/ptolemy/actor/lib/test/auto/Distributor.xml
----------------- Instantiating /home/travis/build/icyphy/ptII/ptolemy/actor/lib/test/auto/Distributor.xml
1 ms. Memory: 1115136K Free: 762950K (68%)
----------------- Invoking toplevel() on ptolemy.moml.MoMLSimpleApplication@40910fa
----------------- Done invoking toplevel() on ptolemy.moml.MoMLSimpleApplication@40910fa
reloadAllAccessors: .Distributor

===========================================================================================
----------------- testing Sat Apr 06 03:53:56 UTC 2019 /home/travis/build/icyphy/ptII/ptolemy/actor/lib/test/auto/Distributor2.xml
----------------- Instantiating /home/travis/build/icyphy/ptII/ptolemy/actor/lib/test/auto/Distributor2.xml
2 ms. Memory: 1115136K Free: 749611K (67%)
----------------- Invoking toplevel() on ptolemy.moml.MoMLSimpleApplication@6450abc2
----------------- Done invoking toplevel() on ptolemy.moml.MoMLSimpleApplication@6450abc2
reloadAllAccessors: .Distributor2

===========================================================================================
----------------- testing Sat Apr 06 03:53:56 UTC 2019 /home/travis/build/icyphy/ptII/ptolemy/actor/lib/test/auto/DownSample.xml
----------------- Instantiating /home/travis/build/icyphy/ptII/ptolemy/actor/lib/test/auto/DownSample.xml
1 ms. Memory: 1115136K Free: 736271K (66%)
----------------- Invoking toplevel() on ptolemy.moml.MoMLSimpleApplication@15a369cf
----------------- Done invoking toplevel() on ptolemy.moml.MoMLSimpleApplication@15a369cf
reloadAllAccessors: .DownSample

===========================================================================================
----------------- testing Sat Apr 06 03:53:56 UTC 2019 /home/travis/build/icyphy/ptII/ptolemy/actor/lib/test/auto/ElectronicUnitBase1.xml
----------------- Instantiating /home/travis/build/icyphy/ptII/ptolemy/actor/lib/test/auto/ElectronicUnitBase1.xml
19 ms. Memory: 1115136K Free: 709568K (64%)
----------------- Invoking toplevel() on ptolemy.moml.MoMLSimpleApplication@7953235a
----------------- Done invoking toplevel() on ptolemy.moml.MoMLSimpleApplication@7953235a
reloadAllAccessors: .ElectronicUnitBase1

===========================================================================================
----------------- testing Sat Apr 06 03:53:56 UTC 2019 /home/travis/build/icyphy/ptII/ptolemy/actor/lib/test/auto/ElementsToArray.xml
----------------- Instantiating /home/travis/build/icyphy/ptII/ptolemy/actor/lib/test/auto/ElementsToArray.xml
3 ms. Memory: 1115136K Free: 688263K (62%)
----------------- Invoking toplevel() on ptolemy.moml.MoMLSimpleApplication@3f640e1b
----------------- Done invoking toplevel() on ptolemy.moml.MoMLSimpleApplication@3f640e1b
reloadAllAccessors: .ElementsToArray

===========================================================================================
----------------- testing Sat Apr 06 03:53:56 UTC 2019 /home/travis/build/icyphy/ptII/ptolemy/actor/lib/test/auto/Equals.xml
----------------- Instantiating /home/travis/build/icyphy/ptII/ptolemy/actor/lib/test/auto/Equals.xml
3 ms. Memory: 1115136K Free: 674924K (61%)
----------------- Invoking toplevel() on ptolemy.moml.MoMLSimpleApplication@25c8485a
----------------- Done invoking toplevel() on ptolemy.moml.MoMLSimpleApplication@25c8485a
reloadAllAccessors: .Equals

===========================================================================================
----------------- testing Sat Apr 06 03:53:56 UTC 2019 /home/travis/build/icyphy/ptII/ptolemy/actor/lib/test/auto/Exec.xml
----------------- Instantiating /home/travis/build/icyphy/ptII/ptolemy/actor/lib/test/auto/Exec.xml
13 ms. Memory: 1115136K Free: 644910K (58%)
----------------- Invoking toplevel() on ptolemy.moml.MoMLSimpleApplication@385cef10
----------------- Done invoking toplevel() on ptolemy.moml.MoMLSimpleApplication@385cef10
reloadAllAccessors: .Exec

===========================================================================================
----------------- testing Sat Apr 06 03:53:56 UTC 2019 /home/travis/build/icyphy/ptII/ptolemy/actor/lib/test/auto/ExecEnvironment.xml
----------------- Instantiating /home/travis/build/icyphy/ptII/ptolemy/actor/lib/test/auto/ExecEnvironment.xml
24 ms. Memory: 1115136K Free: 623605K (56%)
----------------- Invoking toplevel() on ptolemy.moml.MoMLSimpleApplication@13c732a
----------------- Done invoking toplevel() on ptolemy.moml.MoMLSimpleApplication@13c732a
reloadAllAccessors: .ExecEnvironment

===========================================================================================
----------------- testing Sat Apr 06 03:53:56 UTC 2019 /home/travis/build/icyphy/ptII/ptolemy/actor/lib/test/auto/ExecNonZeroReturnOutput.xml
----------------- Instantiating /home/travis/build/icyphy/ptII/ptolemy/actor/lib/test/auto/ExecNonZeroReturnOutput.xml
124 ms. Memory: 1115136K Free: 523560K (47%)
----------------- Invoking toplevel() on ptolemy.moml.MoMLSimpleApplication@11a0e2c5
----------------- Done invoking toplevel() on ptolemy.moml.MoMLSimpleApplication@11a0e2c5
reloadAllAccessors: .ExecNonZeroReturnOutput

===========================================================================================
----------------- testing Sat Apr 06 03:53:56 UTC 2019 /home/travis/build/icyphy/ptII/ptolemy/actor/lib/test/auto/ExecRunDemos.xml
----------------- Instantiating /home/travis/build/icyphy/ptII/ptolemy/actor/lib/test/auto/ExecRunDemos.xml
Finished: 57 ms. Memory: 116224K Free: 100672K (87%)

Finished: 33 ms. Memory: 116224K Free: 97676K (84%)

Finished: 44 ms. Memory: 116224K Free: 98219K (85%)

Finished: 57 ms. Memory: 116224K Free: 99544K (86%)

Finished: 38 ms. Memory: 116224K Free: 100658K (87%)

9215 ms. Memory: 1115136K Free: 430175K (39%)
----------------- Invoking toplevel() on ptolemy.moml.MoMLSimpleApplication@23dba940
----------------- Done invoking toplevel() on ptolemy.moml.MoMLSimpleApplication@23dba940
reloadAllAccessors: .ExecRunDemos

===========================================================================================
----------------- testing Sat Apr 06 03:54:05 UTC 2019 /home/travis/build/icyphy/ptII/ptolemy/actor/lib/test/auto/ExecStop.xml
----------------- Instantiating /home/travis/build/icyphy/ptII/ptolemy/actor/lib/test/auto/ExecStop.xml
5012 ms. Memory: 1115136K Free: 223414K (20%)
----------------- Invoking toplevel() on ptolemy.moml.MoMLSimpleApplication@1736bbcf
----------------- Done invoking toplevel() on ptolemy.moml.MoMLSimpleApplication@1736bbcf
reloadAllAccessors: .ExecStop

===========================================================================================
----------------- testing Sat Apr 06 03:54:10 UTC 2019 /home/travis/build/icyphy/ptII/ptolemy/actor/lib/test/auto/ExecutionTimeSDF.xml
----------------- Instantiating /home/travis/build/icyphy/ptII/ptolemy/actor/lib/test/auto/ExecutionTimeSDF.xml
Fired ExecutionTime: -1942967296
Fired ExecutionTime: 978000000
Fired ExecutionTime: -928567296
6008 ms. Memory: 1115136K Free: 195432K (18%)
----------------- Invoking toplevel() on ptolemy.moml.MoMLSimpleApplication@1e864587
----------------- Done invoking toplevel() on ptolemy.moml.MoMLSimpleApplication@1e864587
reloadAllAccessors: .ExecutionTimeSDF

===========================================================================================
----------------- testing Sat Apr 06 03:54:16 UTC 2019 /home/travis/build/icyphy/ptII/ptolemy/actor/lib/test/auto/Expression1.xml
----------------- Instantiating /home/travis/build/icyphy/ptII/ptolemy/actor/lib/test/auto/Expression1.xml
2 ms. Memory: 1115136K Free: 182092K (16%)
----------------- Invoking toplevel() on ptolemy.moml.MoMLSimpleApplication@654c6651
----------------- Done invoking toplevel() on ptolemy.moml.MoMLSimpleApplication@654c6651
reloadAllAccessors: .Expression1

===========================================================================================
----------------- testing Sat Apr 06 03:54:17 UTC 2019 /home/travis/build/icyphy/ptII/ptolemy/actor/lib/test/auto/Expression10.xml
----------------- Instantiating /home/travis/build/icyphy/ptII/ptolemy/actor/lib/test/auto/Expression10.xml
5 ms. Memory: 1115136K Free: 168753K (15%)
----------------- Invoking toplevel() on ptolemy.moml.MoMLSimpleApplication@1b10f39d
----------------- Done invoking toplevel() on ptolemy.moml.MoMLSimpleApplication@1b10f39d
reloadAllAccessors: .Expression10

===========================================================================================
----------------- testing Sat Apr 06 03:54:17 UTC 2019 /home/travis/build/icyphy/ptII/ptolemy/actor/lib/test/auto/Expression11.xml
----------------- Instantiating /home/travis/build/icyphy/ptII/ptolemy/actor/lib/test/auto/Expression11.xml
2 ms. Memory: 1115136K Free: 147448K (13%)
----------------- Invoking toplevel() on ptolemy.moml.MoMLSimpleApplication@5458c51e
----------------- Done invoking toplevel() on ptolemy.moml.MoMLSimpleApplication@5458c51e
reloadAllAccessors: .Expression11

===========================================================================================
----------------- testing Sat Apr 06 03:54:17 UTC 2019 /home/travis/build/icyphy/ptII/ptolemy/actor/lib/test/auto/Expression12.xml
----------------- Instantiating /home/travis/build/icyphy/ptII/ptolemy/actor/lib/test/auto/Expression12.xml
3 ms. Memory: 1115136K Free: 134109K (12%)
----------------- Invoking toplevel() on ptolemy.moml.MoMLSimpleApplication@75c7e620
----------------- Done invoking toplevel() on ptolemy.moml.MoMLSimpleApplication@75c7e620
reloadAllAccessors: .Expression12

===========================================================================================
----------------- testing Sat Apr 06 03:54:17 UTC 2019 /home/travis/build/icyphy/ptII/ptolemy/actor/lib/test/auto/Expression13.xml
----------------- Instantiating /home/travis/build/icyphy/ptII/ptolemy/actor/lib/test/auto/Expression13.xml
5 ms. Memory: 1115136K Free: 120769K (11%)
----------------- Invoking toplevel() on ptolemy.moml.MoMLSimpleApplication@12ded3bd
----------------- Done invoking toplevel() on ptolemy.moml.MoMLSimpleApplication@12ded3bd
reloadAllAccessors: .Expression13

===========================================================================================
----------------- testing Sat Apr 06 03:54:17 UTC 2019 /home/travis/build/icyphy/ptII/ptolemy/actor/lib/test/auto/Expression14.xml
----------------- Instantiating /home/travis/build/icyphy/ptII/ptolemy/actor/lib/test/auto/Expression14.xml
5 ms. Memory: 1115136K Free: 99464K (9%)
----------------- Invoking toplevel() on ptolemy.moml.MoMLSimpleApplication@60e10024
----------------- Done invoking toplevel() on ptolemy.moml.MoMLSimpleApplication@60e10024
reloadAllAccessors: .Expression14

===========================================================================================
----------------- testing Sat Apr 06 03:54:17 UTC 2019 /home/travis/build/icyphy/ptII/ptolemy/actor/lib/test/auto/Expression15.xml
----------------- Instantiating /home/travis/build/icyphy/ptII/ptolemy/actor/lib/test/auto/Expression15.xml
2 ms. Memory: 1115136K Free: 86125K (8%)
----------------- Invoking toplevel() on ptolemy.moml.MoMLSimpleApplication@1431206e
----------------- Done invoking toplevel() on ptolemy.moml.MoMLSimpleApplication@1431206e
reloadAllAccessors: .Expression15

===========================================================================================
----------------- testing Sat Apr 06 03:54:17 UTC 2019 /home/travis/build/icyphy/ptII/ptolemy/actor/lib/test/auto/Expression16.xml
----------------- Instantiating /home/travis/build/icyphy/ptII/ptolemy/actor/lib/test/auto/Expression16.xml
2 ms. Memory: 1115136K Free: 77189K (7%)
----------------- Invoking toplevel() on ptolemy.moml.MoMLSimpleApplication@602c432c
----------------- Done invoking toplevel() on ptolemy.moml.MoMLSimpleApplication@602c432c
reloadAllAccessors: .Expression16

===========================================================================================
----------------- testing Sat Apr 06 03:54:17 UTC 2019 /home/travis/build/icyphy/ptII/ptolemy/actor/lib/test/auto/Expression17.xml
----------------- Instantiating /home/travis/build/icyphy/ptII/ptolemy/actor/lib/test/auto/Expression17.xml
2 ms. Memory: 1115136K Free: 1063570K (95%)
----------------- Invoking toplevel() on ptolemy.moml.MoMLSimpleApplication@597cfecc
----------------- Done invoking toplevel() on ptolemy.moml.MoMLSimpleApplication@597cfecc
reloadAllAccessors: .Expression17

===========================================================================================
----------------- testing Sat Apr 06 03:54:17 UTC 2019 /home/travis/build/icyphy/ptII/ptolemy/actor/lib/test/auto/Expression18.xml
----------------- Instantiating /home/travis/build/icyphy/ptII/ptolemy/actor/lib/test/auto/Expression18.xml
2 ms. Memory: 1115136K Free: 1044495K (94%)
----------------- Invoking toplevel() on ptolemy.moml.MoMLSimpleApplication@3be9e6c1
----------------- Done invoking toplevel() on ptolemy.moml.MoMLSimpleApplication@3be9e6c1
reloadAllAccessors: .Expression18

===========================================================================================
----------------- testing Sat Apr 06 03:54:17 UTC 2019 /home/travis/build/icyphy/ptII/ptolemy/actor/lib/test/auto/Expression2.xml
----------------- Instantiating /home/travis/build/icyphy/ptII/ptolemy/actor/lib/test/auto/Expression2.xml
3 ms. Memory: 1115136K Free: 1031156K (92%)
----------------- Invoking toplevel() on ptolemy.moml.MoMLSimpleApplication@68d9f45a
----------------- Done invoking toplevel() on ptolemy.moml.MoMLSimpleApplication@68d9f45a
reloadAllAccessors: .Expression2

===========================================================================================
----------------- testing Sat Apr 06 03:54:17 UTC 2019 /home/travis/build/icyphy/ptII/ptolemy/actor/lib/test/auto/Expression3.xml
----------------- Instantiating /home/travis/build/icyphy/ptII/ptolemy/actor/lib/test/auto/Expression3.xml
2 ms. Memory: 1115136K Free: 1012081K (91%)
----------------- Invoking toplevel() on ptolemy.moml.MoMLSimpleApplication@541efa62
----------------- Done invoking toplevel() on ptolemy.moml.MoMLSimpleApplication@541efa62
reloadAllAccessors: .Expression3

===========================================================================================
----------------- testing Sat Apr 06 03:54:17 UTC 2019 /home/travis/build/icyphy/ptII/ptolemy/actor/lib/test/auto/Expression4.xml
----------------- Instantiating /home/travis/build/icyphy/ptII/ptolemy/actor/lib/test/auto/Expression4.xml
4 ms. Memory: 1115136K Free: 998742K (90%)
----------------- Invoking toplevel() on ptolemy.moml.MoMLSimpleApplication@2bc1b9dc
----------------- Done invoking toplevel() on ptolemy.moml.MoMLSimpleApplication@2bc1b9dc
reloadAllAccessors: .Expression4

===========================================================================================
----------------- testing Sat Apr 06 03:54:17 UTC 2019 /home/travis/build/icyphy/ptII/ptolemy/actor/lib/test/auto/Expression5.xml
----------------- Instantiating /home/travis/build/icyphy/ptII/ptolemy/actor/lib/test/auto/Expression5.xml
3 ms. Memory: 1115136K Free: 979667K (88%)
----------------- Invoking toplevel() on ptolemy.moml.MoMLSimpleApplication@4dbe6900
----------------- Done invoking toplevel() on ptolemy.moml.MoMLSimpleApplication@4dbe6900
reloadAllAccessors: .Expression5

===========================================================================================
----------------- testing Sat Apr 06 03:54:17 UTC 2019 /home/travis/build/icyphy/ptII/ptolemy/actor/lib/test/auto/Expression6.xml
----------------- Instantiating /home/travis/build/icyphy/ptII/ptolemy/actor/lib/test/auto/Expression6.xml
2 ms. Memory: 1115136K Free: 966328K (87%)
----------------- Invoking toplevel() on ptolemy.moml.MoMLSimpleApplication@3c8de72
----------------- Done invoking toplevel() on ptolemy.moml.MoMLSimpleApplication@3c8de72
reloadAllAccessors: .Expression6

===========================================================================================
----------------- testing Sat Apr 06 03:54:17 UTC 2019 /home/travis/build/icyphy/ptII/ptolemy/actor/lib/test/auto/Expression7.xml
----------------- Instantiating /home/travis/build/icyphy/ptII/ptolemy/actor/lib/test/auto/Expression7.xml
2 ms. Memory: 1115136K Free: 952988K (85%)
----------------- Invoking toplevel() on ptolemy.moml.MoMLSimpleApplication@59cf742e
----------------- Done invoking toplevel() on ptolemy.moml.MoMLSimpleApplication@59cf742e
reloadAllAccessors: .Expression7

===========================================================================================
----------------- testing Sat Apr 06 03:54:17 UTC 2019 /home/travis/build/icyphy/ptII/ptolemy/actor/lib/test/auto/Expression8.xml
----------------- Instantiating /home/travis/build/icyphy/ptII/ptolemy/actor/lib/test/auto/Expression8.xml
4 ms. Memory: 1115136K Free: 933914K (84%)
----------------- Invoking toplevel() on ptolemy.moml.MoMLSimpleApplication@760e3bd2
----------------- Done invoking toplevel() on ptolemy.moml.MoMLSimpleApplication@760e3bd2
reloadAllAccessors: .Expression8

===========================================================================================
----------------- testing Sat Apr 06 03:54:17 UTC 2019 /home/travis/build/icyphy/ptII/ptolemy/actor/lib/test/auto/Expression9.xml
----------------- Instantiating /home/travis/build/icyphy/ptII/ptolemy/actor/lib/test/auto/Expression9.xml
1 ms. Memory: 1115136K Free: 920574K (83%)
----------------- Invoking toplevel() on ptolemy.moml.MoMLSimpleApplication@54ee467c
----------------- Done invoking toplevel() on ptolemy.moml.MoMLSimpleApplication@54ee467c
reloadAllAccessors: .Expression9

===========================================================================================
----------------- testing Sat Apr 06 03:54:17 UTC 2019 /home/travis/build/icyphy/ptII/ptolemy/actor/lib/test/auto/ExpressionConcatenateArrayType.xml
----------------- Instantiating /home/travis/build/icyphy/ptII/ptolemy/actor/lib/test/auto/ExpressionConcatenateArrayType.xml
3 ms. Memory: 1115136K Free: 901442K (81%)
----------------- Invoking toplevel() on ptolemy.moml.MoMLSimpleApplication@60d5710d
----------------- Done invoking toplevel() on ptolemy.moml.MoMLSimpleApplication@60d5710d
reloadAllAccessors: .ExpressionConcatenateArrayType

===========================================================================================
----------------- testing Sat Apr 06 03:54:17 UTC 2019 /home/travis/build/icyphy/ptII/ptolemy/actor/lib/test/auto/ExpressionConcatenateArrayType2.xml
----------------- Instantiating /home/travis/build/icyphy/ptII/ptolemy/actor/lib/test/auto/ExpressionConcatenateArrayType2.xml
2 ms. Memory: 1115136K Free: 888103K (80%)
----------------- Invoking toplevel() on ptolemy.moml.MoMLSimpleApplication@3356eac0
----------------- Done invoking toplevel() on ptolemy.moml.MoMLSimpleApplication@3356eac0
reloadAllAccessors: .ExpressionConcatenateArrayType2

===========================================================================================
----------------- testing Sat Apr 06 03:54:17 UTC 2019 /home/travis/build/icyphy/ptII/ptolemy/actor/lib/test/auto/ExpressionFix.xml
----------------- Instantiating /home/travis/build/icyphy/ptII/ptolemy/actor/lib/test/auto/ExpressionFix.xml
9 ms. Memory: 1115136K Free: 874764K (78%)
----------------- Invoking toplevel() on ptolemy.moml.MoMLSimpleApplication@67d8c9e2
----------------- Done invoking toplevel() on ptolemy.moml.MoMLSimpleApplication@67d8c9e2
reloadAllAccessors: .ExpressionFix

===========================================================================================
----------------- testing Sat Apr 06 03:54:17 UTC 2019 /home/travis/build/icyphy/ptII/ptolemy/actor/lib/test/auto/ExpressionFix2.xml
----------------- Instantiating /home/travis/build/icyphy/ptII/ptolemy/actor/lib/test/auto/ExpressionFix2.xml
2 ms. Memory: 1115136K Free: 855689K (77%)
----------------- Invoking toplevel() on ptolemy.moml.MoMLSimpleApplication@3b15f0ca
----------------- Done invoking toplevel() on ptolemy.moml.MoMLSimpleApplication@3b15f0ca
reloadAllAccessors: .ExpressionFix2

===========================================================================================
----------------- testing Sat Apr 06 03:54:17 UTC 2019 /home/travis/build/icyphy/ptII/ptolemy/actor/lib/test/auto/ExpressionFix3.xml
----------------- Instantiating /home/travis/build/icyphy/ptII/ptolemy/actor/lib/test/auto/ExpressionFix3.xml
2 ms. Memory: 1115136K Free: 842349K (76%)
----------------- Invoking toplevel() on ptolemy.moml.MoMLSimpleApplication@41c128fe
----------------- Done invoking toplevel() on ptolemy.moml.MoMLSimpleApplication@41c128fe
reloadAllAccessors: .ExpressionFix3

===========================================================================================
----------------- testing Sat Apr 06 03:54:17 UTC 2019 /home/travis/build/icyphy/ptII/ptolemy/actor/lib/test/auto/FileWriter1.xml
----------------- Instantiating /home/travis/build/icyphy/ptII/ptolemy/actor/lib/test/auto/FileWriter1.xml
2 ms. Memory: 1115136K Free: 823275K (74%)
----------------- Invoking toplevel() on ptolemy.moml.MoMLSimpleApplication@524066ce
----------------- Done invoking toplevel() on ptolemy.moml.MoMLSimpleApplication@524066ce
reloadAllAccessors: .FileWriter1

===========================================================================================
----------------- testing Sat Apr 06 03:54:17 UTC 2019 /home/travis/build/icyphy/ptII/ptolemy/actor/lib/test/auto/FileWriter2.xml
----------------- Instantiating /home/travis/build/icyphy/ptII/ptolemy/actor/lib/test/auto/FileWriter2.xml
2 ms. Memory: 1115136K Free: 809935K (73%)
----------------- Invoking toplevel() on ptolemy.moml.MoMLSimpleApplication@76593a4f
----------------- Done invoking toplevel() on ptolemy.moml.MoMLSimpleApplication@76593a4f
reloadAllAccessors: .FileWriter2

===========================================================================================
----------------- testing Sat Apr 06 03:54:17 UTC 2019 /home/travis/build/icyphy/ptII/ptolemy/actor/lib/test/auto/FileWriter3.xml
----------------- Instantiating /home/travis/build/icyphy/ptII/ptolemy/actor/lib/test/auto/FileWriter3.xml
2 ms. Memory: 1115136K Free: 790861K (71%)
----------------- Invoking toplevel() on ptolemy.moml.MoMLSimpleApplication@3f8afe47
----------------- Done invoking toplevel() on ptolemy.moml.MoMLSimpleApplication@3f8afe47
reloadAllAccessors: .FileWriter3

===========================================================================================
----------------- testing Sat Apr 06 03:54:17 UTC 2019 /home/travis/build/icyphy/ptII/ptolemy/actor/lib/test/auto/Gaussian.xml
----------------- Instantiating /home/travis/build/icyphy/ptII/ptolemy/actor/lib/test/auto/Gaussian.xml
2 ms. Memory: 1115136K Free: 777521K (70%)
----------------- Invoking toplevel() on ptolemy.moml.MoMLSimpleApplication@219b5f4
----------------- Done invoking toplevel() on ptolemy.moml.MoMLSimpleApplication@219b5f4
reloadAllAccessors: .Gaussian

===========================================================================================
----------------- testing Sat Apr 06 03:54:17 UTC 2019 /home/travis/build/icyphy/ptII/ptolemy/actor/lib/test/auto/Gaussian1.xml
----------------- Instantiating /home/travis/build/icyphy/ptII/ptolemy/actor/lib/test/auto/Gaussian1.xml
2 ms. Memory: 1115136K Free: 764182K (69%)
----------------- Invoking toplevel() on ptolemy.moml.MoMLSimpleApplication@50b99b3d
----------------- Done invoking toplevel() on ptolemy.moml.MoMLSimpleApplication@50b99b3d
reloadAllAccessors: .Gaussian1

===========================================================================================
----------------- testing Sat Apr 06 03:54:17 UTC 2019 /home/travis/build/icyphy/ptII/ptolemy/actor/lib/test/auto/Gaussian2.xml
----------------- Instantiating /home/travis/build/icyphy/ptII/ptolemy/actor/lib/test/auto/Gaussian2.xml
2 ms. Memory: 1115136K Free: 745107K (67%)
----------------- Invoking toplevel() on ptolemy.moml.MoMLSimpleApplication@643f275d
----------------- Done invoking toplevel() on ptolemy.moml.MoMLSimpleApplication@643f275d
reloadAllAccessors: .Gaussian2

===========================================================================================
----------------- testing Sat Apr 06 03:54:17 UTC 2019 /home/travis/build/icyphy/ptII/ptolemy/actor/lib/test/auto/GradientAdaptiveLattice.xml
----------------- Instantiating /home/travis/build/icyphy/ptII/ptolemy/actor/lib/test/auto/GradientAdaptiveLattice.xml
2 ms. Memory: 1115136K Free: 731768K (66%)
----------------- Invoking toplevel() on ptolemy.moml.MoMLSimpleApplication@1f1d6321
----------------- Done invoking toplevel() on ptolemy.moml.MoMLSimpleApplication@1f1d6321
reloadAllAccessors: .GradientAdaptiveLattice

===========================================================================================
----------------- testing Sat Apr 06 03:54:17 UTC 2019 /home/travis/build/icyphy/ptII/ptolemy/actor/lib/test/auto/IIR.xml
----------------- Instantiating /home/travis/build/icyphy/ptII/ptolemy/actor/lib/test/auto/IIR.xml
1 ms. Memory: 1115136K Free: 712693K (64%)
----------------- Invoking toplevel() on ptolemy.moml.MoMLSimpleApplication@4969821c
----------------- Done invoking toplevel() on ptolemy.moml.MoMLSimpleApplication@4969821c
reloadAllAccessors: .IIR

===========================================================================================
----------------- testing Sat Apr 06 03:54:17 UTC 2019 /home/travis/build/icyphy/ptII/ptolemy/actor/lib/test/auto/InputOutputTransparentPorts.xml
----------------- Instantiating /home/travis/build/icyphy/ptII/ptolemy/actor/lib/test/auto/InputOutputTransparentPorts.xml
1 ms. Memory: 1115136K Free: 699353K (63%)
----------------- Invoking toplevel() on ptolemy.moml.MoMLSimpleApplication@5b5cbcdb
----------------- Done invoking toplevel() on ptolemy.moml.MoMLSimpleApplication@5b5cbcdb
reloadAllAccessors: .InputOutputTransparentPorts

===========================================================================================
----------------- testing Sat Apr 06 03:54:17 UTC 2019 /home/travis/build/icyphy/ptII/ptolemy/actor/lib/test/auto/Interpolator.xml
----------------- Instantiating /home/travis/build/icyphy/ptII/ptolemy/actor/lib/test/auto/Interpolator.xml
3 ms. Memory: 1115136K Free: 686014K (62%)
----------------- Invoking toplevel() on ptolemy.moml.MoMLSimpleApplication@316f6031
----------------- Done invoking toplevel() on ptolemy.moml.MoMLSimpleApplication@316f6031
reloadAllAccessors: .Interpolator

===========================================================================================
----------------- testing Sat Apr 06 03:54:17 UTC 2019 /home/travis/build/icyphy/ptII/ptolemy/actor/lib/test/auto/InterpolatorFiringLimitDE.xml
----------------- Instantiating /home/travis/build/icyphy/ptII/ptolemy/actor/lib/test/auto/InterpolatorFiringLimitDE.xml
2 ms. Memory: 1115136K Free: 666939K (60%)
----------------- Invoking toplevel() on ptolemy.moml.MoMLSimpleApplication@25e619b6
----------------- Done invoking toplevel() on ptolemy.moml.MoMLSimpleApplication@25e619b6
reloadAllAccessors: .InterpolatorFiringLimitDE

===========================================================================================
----------------- testing Sat Apr 06 03:54:17 UTC 2019 /home/travis/build/icyphy/ptII/ptolemy/actor/lib/test/auto/Lattice.xml
----------------- Instantiating /home/travis/build/icyphy/ptII/ptolemy/actor/lib/test/auto/Lattice.xml
1 ms. Memory: 1115136K Free: 653600K (59%)
----------------- Invoking toplevel() on ptolemy.moml.MoMLSimpleApplication@7e3990ca
----------------- Done invoking toplevel() on ptolemy.moml.MoMLSimpleApplication@7e3990ca
reloadAllAccessors: .Lattice

===========================================================================================
----------------- testing Sat Apr 06 03:54:17 UTC 2019 /home/travis/build/icyphy/ptII/ptolemy/actor/lib/test/auto/LazyAOCTestLazy.xml
----------------- Instantiating /home/travis/build/icyphy/ptII/ptolemy/actor/lib/test/auto/LazyAOCTestLazy.xml
15 ms. Memory: 1115136K Free: 634525K (57%)
----------------- Invoking toplevel() on ptolemy.moml.MoMLSimpleApplication@5d92b4c4
----------------- Done invoking toplevel() on ptolemy.moml.MoMLSimpleApplication@5d92b4c4
reloadAllAccessors: .LazyAOCTestLazy

===========================================================================================
----------------- testing Sat Apr 06 03:54:17 UTC 2019 /home/travis/build/icyphy/ptII/ptolemy/actor/lib/test/auto/LazyAOCTestNonLazy.xml
----------------- Instantiating /home/travis/build/icyphy/ptII/ptolemy/actor/lib/test/auto/LazyAOCTestNonLazy.xml
3 ms. Memory: 1115136K Free: 621186K (56%)
----------------- Invoking toplevel() on ptolemy.moml.MoMLSimpleApplication@39feb901
----------------- Done invoking toplevel() on ptolemy.moml.MoMLSimpleApplication@39feb901
reloadAllAccessors: .LazyAOCTestNonLazy

===========================================================================================
----------------- testing Sat Apr 06 03:54:17 UTC 2019 /home/travis/build/icyphy/ptII/ptolemy/actor/lib/test/auto/LazyInnerClass.xml
----------------- Instantiating /home/travis/build/icyphy/ptII/ptolemy/actor/lib/test/auto/LazyInnerClass.xml
30 ms. Memory: 1115136K Free: 602111K (54%)
----------------- Invoking toplevel() on ptolemy.moml.MoMLSimpleApplication@11959f8d
----------------- Done invoking toplevel() on ptolemy.moml.MoMLSimpleApplication@11959f8d
reloadAllAccessors: .LazyInnerClass

===========================================================================================
----------------- testing Sat Apr 06 03:54:17 UTC 2019 /home/travis/build/icyphy/ptII/ptolemy/actor/lib/test/auto/LazyPubSub.xml
----------------- Instantiating /home/travis/build/icyphy/ptII/ptolemy/actor/lib/test/auto/LazyPubSub.xml
26 ms. Memory: 1115136K Free: 588771K (53%)
----------------- Invoking toplevel() on ptolemy.moml.MoMLSimpleApplication@212d34b0
----------------- Done invoking toplevel() on ptolemy.moml.MoMLSimpleApplication@212d34b0
reloadAllAccessors: .LazyPubSub

===========================================================================================
----------------- testing Sat Apr 06 03:54:17 UTC 2019 /home/travis/build/icyphy/ptII/ptolemy/actor/lib/test/auto/LazyPubSub2.xml
----------------- Instantiating /home/travis/build/icyphy/ptII/ptolemy/actor/lib/test/auto/LazyPubSub2.xml
19 ms. Memory: 1115136K Free: 575432K (52%)
----------------- Invoking toplevel() on ptolemy.moml.MoMLSimpleApplication@478695b5
----------------- Done invoking toplevel() on ptolemy.moml.MoMLSimpleApplication@478695b5
reloadAllAccessors: .LazyPubSub2

===========================================================================================
----------------- testing Sat Apr 06 03:54:17 UTC 2019 /home/travis/build/icyphy/ptII/ptolemy/actor/lib/test/auto/LazyPubSub3.xml
----------------- Instantiating /home/travis/build/icyphy/ptII/ptolemy/actor/lib/test/auto/LazyPubSub3.xml
15 ms. Memory: 1115136K Free: 556357K (50%)
----------------- Invoking toplevel() on ptolemy.moml.MoMLSimpleApplication@2acda2a
----------------- Done invoking toplevel() on ptolemy.moml.MoMLSimpleApplication@2acda2a
reloadAllAccessors: .LazyPubSub3

===========================================================================================
----------------- testing Sat Apr 06 03:54:17 UTC 2019 /home/travis/build/icyphy/ptII/ptolemy/actor/lib/test/auto/LazySubClassModel.xml
----------------- Instantiating /home/travis/build/icyphy/ptII/ptolemy/actor/lib/test/auto/LazySubClassModel.xml
2 ms. Memory: 1115136K Free: 536348K (48%)
----------------- Invoking toplevel() on ptolemy.moml.MoMLSimpleApplication@716ee269
----------------- Done invoking toplevel() on ptolemy.moml.MoMLSimpleApplication@716ee269
reloadAllAccessors: .LazySubClassModel

===========================================================================================
----------------- testing Sat Apr 06 03:54:17 UTC 2019 /home/travis/build/icyphy/ptII/ptolemy/actor/lib/test/auto/LevelCrossTest1.xml
----------------- Instantiating /home/travis/build/icyphy/ptII/ptolemy/actor/lib/test/auto/LevelCrossTest1.xml
1 ms. Memory: 1115136K Free: 517273K (46%)
----------------- Invoking toplevel() on ptolemy.moml.MoMLSimpleApplication@3f8c7801
----------------- Done invoking toplevel() on ptolemy.moml.MoMLSimpleApplication@3f8c7801
reloadAllAccessors: .broken

===========================================================================================
----------------- testing Sat Apr 06 03:54:18 UTC 2019 /home/travis/build/icyphy/ptII/ptolemy/actor/lib/test/auto/LevelCrossTest10.xml
----------------- Instantiating /home/travis/build/icyphy/ptII/ptolemy/actor/lib/test/auto/LevelCrossTest10.xml
1 ms. Memory: 1115136K Free: 503934K (45%)
----------------- Invoking toplevel() on ptolemy.moml.MoMLSimpleApplication@739133b2
----------------- Done invoking toplevel() on ptolemy.moml.MoMLSimpleApplication@739133b2
reloadAllAccessors: .LevelCrossTest10

===========================================================================================
----------------- testing Sat Apr 06 03:54:18 UTC 2019 /home/travis/build/icyphy/ptII/ptolemy/actor/lib/test/auto/LevelCrossTest11.xml
----------------- Instantiating /home/travis/build/icyphy/ptII/ptolemy/actor/lib/test/auto/LevelCrossTest11.xml
1 ms. Memory: 1115136K Free: 484859K (43%)
----------------- Invoking toplevel() on ptolemy.moml.MoMLSimpleApplication@5a21fb6c
----------------- Done invoking toplevel() on ptolemy.moml.MoMLSimpleApplication@5a21fb6c
reloadAllAccessors: .LevelCrossTest11

===========================================================================================
----------------- testing Sat Apr 06 03:54:18 UTC 2019 /home/travis/build/icyphy/ptII/ptolemy/actor/lib/test/auto/LevelCrossTest12.xml
----------------- Instantiating /home/travis/build/icyphy/ptII/ptolemy/actor/lib/test/auto/LevelCrossTest12.xml
2 ms. Memory: 1115136K Free: 471520K (42%)
----------------- Invoking toplevel() on ptolemy.moml.MoMLSimpleApplication@afa8e6e
----------------- Done invoking toplevel() on ptolemy.moml.MoMLSimpleApplication@afa8e6e
reloadAllAccessors: .LevelCrossTest12

===========================================================================================
----------------- testing Sat Apr 06 03:54:18 UTC 2019 /home/travis/build/icyphy/ptII/ptolemy/actor/lib/test/auto/LevelCrossTest13.xml
----------------- Instantiating /home/travis/build/icyphy/ptII/ptolemy/actor/lib/test/auto/LevelCrossTest13.xml
1 ms. Memory: 1115136K Free: 458181K (41%)
----------------- Invoking toplevel() on ptolemy.moml.MoMLSimpleApplication@16496aef
----------------- Done invoking toplevel() on ptolemy.moml.MoMLSimpleApplication@16496aef
reloadAllAccessors: .LevelCrossTest13

===========================================================================================
----------------- testing Sat Apr 06 03:54:18 UTC 2019 /home/travis/build/icyphy/ptII/ptolemy/actor/lib/test/auto/LevelCrossTest2.xml
----------------- Instantiating /home/travis/build/icyphy/ptII/ptolemy/actor/lib/test/auto/LevelCrossTest2.xml
2 ms. Memory: 1115136K Free: 439106K (39%)
----------------- Invoking toplevel() on ptolemy.moml.MoMLSimpleApplication@3b82361f
----------------- Done invoking toplevel() on ptolemy.moml.MoMLSimpleApplication@3b82361f
reloadAllAccessors: .broken

===========================================================================================
----------------- testing Sat Apr 06 03:54:18 UTC 2019 /home/travis/build/icyphy/ptII/ptolemy/actor/lib/test/auto/LevelCrossTest3.xml
----------------- Instantiating /home/travis/build/icyphy/ptII/ptolemy/actor/lib/test/auto/LevelCrossTest3.xml
3 ms. Memory: 1115136K Free: 425766K (38%)
----------------- Invoking toplevel() on ptolemy.moml.MoMLSimpleApplication@d4cf094
----------------- Done invoking toplevel() on ptolemy.moml.MoMLSimpleApplication@d4cf094
reloadAllAccessors: .LevelCrossTest3

===========================================================================================
----------------- testing Sat Apr 06 03:54:18 UTC 2019 /home/travis/build/icyphy/ptII/ptolemy/actor/lib/test/auto/LevelCrossTest4.xml
----------------- Instantiating /home/travis/build/icyphy/ptII/ptolemy/actor/lib/test/auto/LevelCrossTest4.xml
2 ms. Memory: 1115136K Free: 406691K (36%)
----------------- Invoking toplevel() on ptolemy.moml.MoMLSimpleApplication@319b63e6
----------------- Done invoking toplevel() on ptolemy.moml.MoMLSimpleApplication@319b63e6
reloadAllAccessors: .broken

===========================================================================================
----------------- testing Sat Apr 06 03:54:18 UTC 2019 /home/travis/build/icyphy/ptII/ptolemy/actor/lib/test/auto/LevelCrossTest5.xml
----------------- Instantiating /home/travis/build/icyphy/ptII/ptolemy/actor/lib/test/auto/LevelCrossTest5.xml
2 ms. Memory: 1115136K Free: 393352K (35%)
----------------- Invoking toplevel() on ptolemy.moml.MoMLSimpleApplication@425a878d
----------------- Done invoking toplevel() on ptolemy.moml.MoMLSimpleApplication@425a878d
reloadAllAccessors: .LevelCrossTest5

===========================================================================================
----------------- testing Sat Apr 06 03:54:18 UTC 2019 /home/travis/build/icyphy/ptII/ptolemy/actor/lib/test/auto/LevelCrossTest6.xml
----------------- Instantiating /home/travis/build/icyphy/ptII/ptolemy/actor/lib/test/auto/LevelCrossTest6.xml
2 ms. Memory: 1115136K Free: 380013K (34%)
----------------- Invoking toplevel() on ptolemy.moml.MoMLSimpleApplication@6f163f56
----------------- Done invoking toplevel() on ptolemy.moml.MoMLSimpleApplication@6f163f56
reloadAllAccessors: .LevelCrossTest6

===========================================================================================
----------------- testing Sat Apr 06 03:54:18 UTC 2019 /home/travis/build/icyphy/ptII/ptolemy/actor/lib/test/auto/LevelCrossTest7.xml
----------------- Instantiating /home/travis/build/icyphy/ptII/ptolemy/actor/lib/test/auto/LevelCrossTest7.xml
1 ms. Memory: 1115136K Free: 360938K (32%)
----------------- Invoking toplevel() on ptolemy.moml.MoMLSimpleApplication@4a13498f
----------------- Done invoking toplevel() on ptolemy.moml.MoMLSimpleApplication@4a13498f
reloadAllAccessors: .LevelCrossTest7

===========================================================================================
----------------- testing Sat Apr 06 03:54:18 UTC 2019 /home/travis/build/icyphy/ptII/ptolemy/actor/lib/test/auto/LevelCrossTest8.xml
----------------- Instantiating /home/travis/build/icyphy/ptII/ptolemy/actor/lib/test/auto/LevelCrossTest8.xml
1 ms. Memory: 1115136K Free: 347598K (31%)
----------------- Invoking toplevel() on ptolemy.moml.MoMLSimpleApplication@6b05ee06
----------------- Done invoking toplevel() on ptolemy.moml.MoMLSimpleApplication@6b05ee06
reloadAllAccessors: .LevelCrossTest8

===========================================================================================
----------------- testing Sat Apr 06 03:54:18 UTC 2019 /home/travis/build/icyphy/ptII/ptolemy/actor/lib/test/auto/LevelCrossTest9.xml
----------------- Instantiating /home/travis/build/icyphy/ptII/ptolemy/actor/lib/test/auto/LevelCrossTest9.xml
1 ms. Memory: 1115136K Free: 328524K (29%)
----------------- Invoking toplevel() on ptolemy.moml.MoMLSimpleApplication@1d2a9a34
----------------- Done invoking toplevel() on ptolemy.moml.MoMLSimpleApplication@1d2a9a34
reloadAllAccessors: .LevelCrossTest9

===========================================================================================
----------------- testing Sat Apr 06 03:54:18 UTC 2019 /home/travis/build/icyphy/ptII/ptolemy/actor/lib/test/auto/LevinsonDurbin.xml
----------------- Instantiating /home/travis/build/icyphy/ptII/ptolemy/actor/lib/test/auto/LevinsonDurbin.xml
1 ms. Memory: 1115136K Free: 315184K (28%)
----------------- Invoking toplevel() on ptolemy.moml.MoMLSimpleApplication@4018f475
----------------- Done invoking toplevel() on ptolemy.moml.MoMLSimpleApplication@4018f475
reloadAllAccessors: .LevinsonDurbin

===========================================================================================
----------------- testing Sat Apr 06 03:54:18 UTC 2019 /home/travis/build/icyphy/ptII/ptolemy/actor/lib/test/auto/LevinsonDurbin2.xml
----------------- Instantiating /home/travis/build/icyphy/ptII/ptolemy/actor/lib/test/auto/LevinsonDurbin2.xml
2 ms. Memory: 1115136K Free: 296110K (27%)
----------------- Invoking toplevel() on ptolemy.moml.MoMLSimpleApplication@6648f3e8
----------------- Done invoking toplevel() on ptolemy.moml.MoMLSimpleApplication@6648f3e8
reloadAllAccessors: .LevinsonDurbin2

===========================================================================================
----------------- testing Sat Apr 06 03:54:18 UTC 2019 /home/travis/build/icyphy/ptII/ptolemy/actor/lib/test/auto/LevinsonDurbin3.xml
----------------- Instantiating /home/travis/build/icyphy/ptII/ptolemy/actor/lib/test/auto/LevinsonDurbin3.xml
5 ms. Memory: 1115136K Free: 282770K (25%)
----------------- Invoking toplevel() on ptolemy.moml.MoMLSimpleApplication@30f2bcb0
----------------- Done invoking toplevel() on ptolemy.moml.MoMLSimpleApplication@30f2bcb0
reloadAllAccessors: .LevinsonDurbin3

===========================================================================================
----------------- testing Sat Apr 06 03:54:18 UTC 2019 /home/travis/build/icyphy/ptII/ptolemy/actor/lib/test/auto/Limiter.xml
----------------- Instantiating /home/travis/build/icyphy/ptII/ptolemy/actor/lib/test/auto/Limiter.xml
4 ms. Memory: 1115136K Free: 269431K (24%)
----------------- Invoking toplevel() on ptolemy.moml.MoMLSimpleApplication@1672e305
----------------- Done invoking toplevel() on ptolemy.moml.MoMLSimpleApplication@1672e305
reloadAllAccessors: .Limiter

===========================================================================================
----------------- testing Sat Apr 06 03:54:18 UTC 2019 /home/travis/build/icyphy/ptII/ptolemy/actor/lib/test/auto/LinearDifferenceEquationSystem.xml
----------------- Instantiating /home/travis/build/icyphy/ptII/ptolemy/actor/lib/test/auto/LinearDifferenceEquationSystem.xml
3 ms. Memory: 1115136K Free: 250356K (22%)
----------------- Invoking toplevel() on ptolemy.moml.MoMLSimpleApplication@24a81b6e
----------------- Done invoking toplevel() on ptolemy.moml.MoMLSimpleApplication@24a81b6e
reloadAllAccessors: .LinearDifferenceEquationSystem

===========================================================================================
----------------- testing Sat Apr 06 03:54:18 UTC 2019 /home/travis/build/icyphy/ptII/ptolemy/actor/lib/test/auto/LookupTable.xml
----------------- Instantiating /home/travis/build/icyphy/ptII/ptolemy/actor/lib/test/auto/LookupTable.xml
2 ms. Memory: 1115136K Free: 237017K (21%)
----------------- Invoking toplevel() on ptolemy.moml.MoMLSimpleApplication@6bb7332f
----------------- Done invoking toplevel() on ptolemy.moml.MoMLSimpleApplication@6bb7332f
reloadAllAccessors: .LookupTable

===========================================================================================
----------------- testing Sat Apr 06 03:54:18 UTC 2019 /home/travis/build/icyphy/ptII/ptolemy/actor/lib/test/auto/MathFunction.xml
----------------- Instantiating /home/travis/build/icyphy/ptII/ptolemy/actor/lib/test/auto/MathFunction.xml
2 ms. Memory: 1115136K Free: 217942K (20%)
----------------- Invoking toplevel() on ptolemy.moml.MoMLSimpleApplication@7af1e96a
----------------- Done invoking toplevel() on ptolemy.moml.MoMLSimpleApplication@7af1e96a
reloadAllAccessors: .MathFunction

===========================================================================================
----------------- testing Sat Apr 06 03:54:18 UTC 2019 /home/travis/build/icyphy/ptII/ptolemy/actor/lib/test/auto/MathFunction2.xml
----------------- Instantiating /home/travis/build/icyphy/ptII/ptolemy/actor/lib/test/auto/MathFunction2.xml
1 ms. Memory: 1115136K Free: 204603K (18%)
----------------- Invoking toplevel() on ptolemy.moml.MoMLSimpleApplication@21516443
----------------- Done invoking toplevel() on ptolemy.moml.MoMLSimpleApplication@21516443
reloadAllAccessors: .MathFunction2

===========================================================================================
----------------- testing Sat Apr 06 03:54:18 UTC 2019 /home/travis/build/icyphy/ptII/ptolemy/actor/lib/test/auto/MathFunction3.xml
----------------- Instantiating /home/travis/build/icyphy/ptII/ptolemy/actor/lib/test/auto/MathFunction3.xml
3 ms. Memory: 1115136K Free: 185528K (17%)
----------------- Invoking toplevel() on ptolemy.moml.MoMLSimpleApplication@75c5a282
----------------- Done invoking toplevel() on ptolemy.moml.MoMLSimpleApplication@75c5a282
reloadAllAccessors: .MathFunction3

===========================================================================================
----------------- testing Sat Apr 06 03:54:18 UTC 2019 /home/travis/build/icyphy/ptII/ptolemy/actor/lib/test/auto/MatrixCropBoolean.xml
----------------- Instantiating /home/travis/build/icyphy/ptII/ptolemy/actor/lib/test/auto/MatrixCropBoolean.xml
2 ms. Memory: 1115136K Free: 172189K (15%)
----------------- Invoking toplevel() on ptolemy.moml.MoMLSimpleApplication@da0d74b
----------------- Done invoking toplevel() on ptolemy.moml.MoMLSimpleApplication@da0d74b
reloadAllAccessors: .MatrixCropBoolean

===========================================================================================
----------------- testing Sat Apr 06 03:54:18 UTC 2019 /home/travis/build/icyphy/ptII/ptolemy/actor/lib/test/auto/MatrixCropComplex.xml
----------------- Instantiating /home/travis/build/icyphy/ptII/ptolemy/actor/lib/test/auto/MatrixCropComplex.xml
2 ms. Memory: 1115136K Free: 158849K (14%)
----------------- Invoking toplevel() on ptolemy.moml.MoMLSimpleApplication@2fc38d34
----------------- Done invoking toplevel() on ptolemy.moml.MoMLSimpleApplication@2fc38d34
reloadAllAccessors: .MatrixCropComplex

===========================================================================================
----------------- testing Sat Apr 06 03:54:18 UTC 2019 /home/travis/build/icyphy/ptII/ptolemy/actor/lib/test/auto/MatrixCropDouble.xml
----------------- Instantiating /home/travis/build/icyphy/ptII/ptolemy/actor/lib/test/auto/MatrixCropDouble.xml
1 ms. Memory: 1115136K Free: 139775K (13%)
----------------- Invoking toplevel() on ptolemy.moml.MoMLSimpleApplication@65f45343
----------------- Done invoking toplevel() on ptolemy.moml.MoMLSimpleApplication@65f45343
reloadAllAccessors: .MatrixCropDouble

===========================================================================================
----------------- testing Sat Apr 06 03:54:18 UTC 2019 /home/travis/build/icyphy/ptII/ptolemy/actor/lib/test/auto/MatrixCropFix.xml
----------------- Instantiating /home/travis/build/icyphy/ptII/ptolemy/actor/lib/test/auto/MatrixCropFix.xml
2 ms. Memory: 1115136K Free: 126436K (11%)
----------------- Invoking toplevel() on ptolemy.moml.MoMLSimpleApplication@24cdf47
----------------- Done invoking toplevel() on ptolemy.moml.MoMLSimpleApplication@24cdf47
reloadAllAccessors: .MatrixCropFix

===========================================================================================
----------------- testing Sat Apr 06 03:54:18 UTC 2019 /home/travis/build/icyphy/ptII/ptolemy/actor/lib/test/auto/MatrixCropInt.xml
----------------- Instantiating /home/travis/build/icyphy/ptII/ptolemy/actor/lib/test/auto/MatrixCropInt.xml
2 ms. Memory: 1115136K Free: 107361K (10%)
----------------- Invoking toplevel() on ptolemy.moml.MoMLSimpleApplication@58e930ba
----------------- Done invoking toplevel() on ptolemy.moml.MoMLSimpleApplication@58e930ba
reloadAllAccessors: .MatrixCropInt

===========================================================================================
----------------- testing Sat Apr 06 03:54:18 UTC 2019 /home/travis/build/icyphy/ptII/ptolemy/actor/lib/test/auto/MatrixCropLong.xml
----------------- Instantiating /home/travis/build/icyphy/ptII/ptolemy/actor/lib/test/auto/MatrixCropLong.xml
2 ms. Memory: 1115136K Free: 94021K (8%)
----------------- Invoking toplevel() on ptolemy.moml.MoMLSimpleApplication@b7b8bc6
----------------- Done invoking toplevel() on ptolemy.moml.MoMLSimpleApplication@b7b8bc6
reloadAllAccessors: .MatrixCropLong

===========================================================================================
----------------- testing Sat Apr 06 03:54:18 UTC 2019 /home/travis/build/icyphy/ptII/ptolemy/actor/lib/test/auto/MatrixToArray.xml
----------------- Instantiating /home/travis/build/icyphy/ptII/ptolemy/actor/lib/test/auto/MatrixToArray.xml
5 ms. Memory: 1255936K Free: 1205150K (96%)
----------------- Invoking toplevel() on ptolemy.moml.MoMLSimpleApplication@5a7cd5a
----------------- Done invoking toplevel() on ptolemy.moml.MoMLSimpleApplication@5a7cd5a
reloadAllAccessors: .MatrixToArray

===========================================================================================
----------------- testing Sat Apr 06 03:54:18 UTC 2019 /home/travis/build/icyphy/ptII/ptolemy/actor/lib/test/auto/MaxIndex.xml
----------------- Instantiating /home/travis/build/icyphy/ptII/ptolemy/actor/lib/test/auto/MaxIndex.xml
2 ms. Memory: 1255936K Free: 1184180K (94%)
----------------- Invoking toplevel() on ptolemy.moml.MoMLSimpleApplication@6d2cade1
----------------- Done invoking toplevel() on ptolemy.moml.MoMLSimpleApplication@6d2cade1
reloadAllAccessors: .MaxIndex

===========================================================================================
----------------- testing Sat Apr 06 03:54:18 UTC 2019 /home/travis/build/icyphy/ptII/ptolemy/actor/lib/test/auto/Maximum.xml
----------------- Instantiating /home/travis/build/icyphy/ptII/ptolemy/actor/lib/test/auto/Maximum.xml
2 ms. Memory: 1255936K Free: 1168779K (93%)
----------------- Invoking toplevel() on ptolemy.moml.MoMLSimpleApplication@1060c36a
----------------- Done invoking toplevel() on ptolemy.moml.MoMLSimpleApplication@1060c36a
reloadAllAccessors: .Maximum

===========================================================================================
----------------- testing Sat Apr 06 03:54:18 UTC 2019 /home/travis/build/icyphy/ptII/ptolemy/actor/lib/test/auto/MaximumComplex.xml
----------------- Instantiating /home/travis/build/icyphy/ptII/ptolemy/actor/lib/test/auto/MaximumComplex.xml
3 ms. Memory: 1255936K Free: 1147808K (91%)
----------------- Invoking toplevel() on ptolemy.moml.MoMLSimpleApplication@3d835e76
----------------- Done invoking toplevel() on ptolemy.moml.MoMLSimpleApplication@3d835e76
reloadAllAccessors: .MaximumComplex

===========================================================================================
----------------- testing Sat Apr 06 03:54:18 UTC 2019 /home/travis/build/icyphy/ptII/ptolemy/actor/lib/test/auto/MethodCallTest.xml
----------------- Instantiating /home/travis/build/icyphy/ptII/ptolemy/actor/lib/test/auto/MethodCallTest.xml
2 ms. Memory: 1255936K Free: 1132364K (90%)
----------------- Invoking toplevel() on ptolemy.moml.MoMLSimpleApplication@11591268
----------------- Done invoking toplevel() on ptolemy.moml.MoMLSimpleApplication@11591268
reloadAllAccessors: .MethodCallTest

===========================================================================================
----------------- testing Sat Apr 06 03:54:18 UTC 2019 /home/travis/build/icyphy/ptII/ptolemy/actor/lib/test/auto/Minimum.xml
----------------- Instantiating /home/travis/build/icyphy/ptII/ptolemy/actor/lib/test/auto/Minimum.xml
2 ms. Memory: 1255936K Free: 1111393K (88%)
----------------- Invoking toplevel() on ptolemy.moml.MoMLSimpleApplication@779d5a80
----------------- Done invoking toplevel() on ptolemy.moml.MoMLSimpleApplication@779d5a80
reloadAllAccessors: .Minimum

===========================================================================================
----------------- testing Sat Apr 06 03:54:18 UTC 2019 /home/travis/build/icyphy/ptII/ptolemy/actor/lib/test/auto/MinimumComplex.xml
----------------- Instantiating /home/travis/build/icyphy/ptII/ptolemy/actor/lib/test/auto/MinimumComplex.xml
3 ms. Memory: 1255936K Free: 1095992K (87%)
----------------- Invoking toplevel() on ptolemy.moml.MoMLSimpleApplication@7d1fcf5c
----------------- Done invoking toplevel() on ptolemy.moml.MoMLSimpleApplication@7d1fcf5c
reloadAllAccessors: .MinimumComplex

===========================================================================================
----------------- testing Sat Apr 06 03:54:18 UTC 2019 /home/travis/build/icyphy/ptII/ptolemy/actor/lib/test/auto/MinimumMultiports.xml
----------------- Instantiating /home/travis/build/icyphy/ptII/ptolemy/actor/lib/test/auto/MinimumMultiports.xml
4 ms. Memory: 1255936K Free: 1075021K (86%)
----------------- Invoking toplevel() on ptolemy.moml.MoMLSimpleApplication@7b4fb790
----------------- Done invoking toplevel() on ptolemy.moml.MoMLSimpleApplication@7b4fb790
reloadAllAccessors: .MinimumMultiports

===========================================================================================
----------------- testing Sat Apr 06 03:54:18 UTC 2019 /home/travis/build/icyphy/ptII/ptolemy/actor/lib/test/auto/ModifyDate.xml
----------------- Instantiating /home/travis/build/icyphy/ptII/ptolemy/actor/lib/test/auto/ModifyDate.xml
5 ms. Memory: 1255936K Free: 1051920K (84%)
----------------- Invoking toplevel() on ptolemy.moml.MoMLSimpleApplication@6e2d532e
----------------- Done invoking toplevel() on ptolemy.moml.MoMLSimpleApplication@6e2d532e
reloadAllAccessors: .ModifyDate

===========================================================================================
----------------- testing Sat Apr 06 03:54:18 UTC 2019 /home/travis/build/icyphy/ptII/ptolemy/actor/lib/test/auto/ModifyDate2.xml
----------------- Instantiating /home/travis/build/icyphy/ptII/ptolemy/actor/lib/test/auto/ModifyDate2.xml
3 ms. Memory: 1255936K Free: 1028818K (82%)
----------------- Invoking toplevel() on ptolemy.moml.MoMLSimpleApplication@50e75645
----------------- Done invoking toplevel() on ptolemy.moml.MoMLSimpleApplication@50e75645
reloadAllAccessors: .ModifyDate2

===========================================================================================
----------------- testing Sat Apr 06 03:54:18 UTC 2019 /home/travis/build/icyphy/ptII/ptolemy/actor/lib/test/auto/MovingAverage.xml
----------------- Instantiating /home/travis/build/icyphy/ptII/ptolemy/actor/lib/test/auto/MovingAverage.xml
2 ms. Memory: 1255936K Free: 1007847K (80%)
----------------- Invoking toplevel() on ptolemy.moml.MoMLSimpleApplication@3ff17224
----------------- Done invoking toplevel() on ptolemy.moml.MoMLSimpleApplication@3ff17224
reloadAllAccessors: .MovingAverage

===========================================================================================
----------------- testing Sat Apr 06 03:54:18 UTC 2019 /home/travis/build/icyphy/ptII/ptolemy/actor/lib/test/auto/MovingMaximum.xml
----------------- Instantiating /home/travis/build/icyphy/ptII/ptolemy/actor/lib/test/auto/MovingMaximum.xml
1 ms. Memory: 1255936K Free: 992446K (79%)
----------------- Invoking toplevel() on ptolemy.moml.MoMLSimpleApplication@5465d5ff
----------------- Done invoking toplevel() on ptolemy.moml.MoMLSimpleApplication@5465d5ff
reloadAllAccessors: .MovingMaximum

===========================================================================================
----------------- testing Sat Apr 06 03:54:18 UTC 2019 /home/travis/build/icyphy/ptII/ptolemy/actor/lib/test/auto/MultipleLinksToSameRelation.xml
----------------- Instantiating /home/travis/build/icyphy/ptII/ptolemy/actor/lib/test/auto/MultipleLinksToSameRelation.xml
2 ms. Memory: 1255936K Free: 971475K (77%)
----------------- Invoking toplevel() on ptolemy.moml.MoMLSimpleApplication@3da7b902
----------------- Done invoking toplevel() on ptolemy.moml.MoMLSimpleApplication@3da7b902
reloadAllAccessors: .MultipleLinksToSameRelation

===========================================================================================
----------------- testing Sat Apr 06 03:54:18 UTC 2019 /home/travis/build/icyphy/ptII/ptolemy/actor/lib/test/auto/MultipleLinksToSameRelationDE.xml
----------------- Instantiating /home/travis/build/icyphy/ptII/ptolemy/actor/lib/test/auto/MultipleLinksToSameRelationDE.xml
2 ms. Memory: 1255936K Free: 956074K (76%)
----------------- Invoking toplevel() on ptolemy.moml.MoMLSimpleApplication@dd5e317
----------------- Done invoking toplevel() on ptolemy.moml.MoMLSimpleApplication@dd5e317
reloadAllAccessors: .MultipleLinksToSameRelationDE

===========================================================================================
----------------- testing Sat Apr 06 03:54:18 UTC 2019 /home/travis/build/icyphy/ptII/ptolemy/actor/lib/test/auto/Multiplexor.xml
----------------- Instantiating /home/travis/build/icyphy/ptII/ptolemy/actor/lib/test/auto/Multiplexor.xml
2 ms. Memory: 1255936K Free: 935103K (74%)
----------------- Invoking toplevel() on ptolemy.moml.MoMLSimpleApplication@3857ff5
----------------- Done invoking toplevel() on ptolemy.moml.MoMLSimpleApplication@3857ff5
reloadAllAccessors: .Multiplexor

===========================================================================================
----------------- testing Sat Apr 06 03:54:18 UTC 2019 /home/travis/build/icyphy/ptII/ptolemy/actor/lib/test/auto/Multiplexor1.xml
----------------- Instantiating /home/travis/build/icyphy/ptII/ptolemy/actor/lib/test/auto/Multiplexor1.xml
2 ms. Memory: 1255936K Free: 919702K (73%)
----------------- Invoking toplevel() on ptolemy.moml.MoMLSimpleApplication@5263260f
----------------- Done invoking toplevel() on ptolemy.moml.MoMLSimpleApplication@5263260f
reloadAllAccessors: .Multiplexor1

===========================================================================================
----------------- testing Sat Apr 06 03:54:18 UTC 2019 /home/travis/build/icyphy/ptII/ptolemy/actor/lib/test/auto/Multiplexor2.xml
----------------- Instantiating /home/travis/build/icyphy/ptII/ptolemy/actor/lib/test/auto/Multiplexor2.xml
2 ms. Memory: 1255936K Free: 891223K (71%)
----------------- Invoking toplevel() on ptolemy.moml.MoMLSimpleApplication@71b6048f
----------------- Done invoking toplevel() on ptolemy.moml.MoMLSimpleApplication@71b6048f
reloadAllAccessors: .Multiplexor2

===========================================================================================
----------------- testing Sat Apr 06 03:54:18 UTC 2019 /home/travis/build/icyphy/ptII/ptolemy/actor/lib/test/auto/Multiplexor3.xml
----------------- Instantiating /home/travis/build/icyphy/ptII/ptolemy/actor/lib/test/auto/Multiplexor3.xml
1 ms. Memory: 1255936K Free: 875822K (70%)
----------------- Invoking toplevel() on ptolemy.moml.MoMLSimpleApplication@77785f0a
----------------- Done invoking toplevel() on ptolemy.moml.MoMLSimpleApplication@77785f0a
reloadAllAccessors: .Multiplexor3

===========================================================================================
----------------- testing Sat Apr 06 03:54:18 UTC 2019 /home/travis/build/icyphy/ptII/ptolemy/actor/lib/test/auto/MultiplexorDE.xml
----------------- Instantiating /home/travis/build/icyphy/ptII/ptolemy/actor/lib/test/auto/MultiplexorDE.xml
3 ms. Memory: 1255936K Free: 860421K (69%)
----------------- Invoking toplevel() on ptolemy.moml.MoMLSimpleApplication@625516f2
----------------- Done invoking toplevel() on ptolemy.moml.MoMLSimpleApplication@625516f2
reloadAllAccessors: .MultiplexorDE

===========================================================================================
----------------- testing Sat Apr 06 03:54:19 UTC 2019 /home/travis/build/icyphy/ptII/ptolemy/actor/lib/test/auto/MultiportBroadcastTest.xml
----------------- Instantiating /home/travis/build/icyphy/ptII/ptolemy/actor/lib/test/auto/MultiportBroadcastTest.xml
56 ms. Memory: 1255936K Free: 839450K (67%)
----------------- Invoking toplevel() on ptolemy.moml.MoMLSimpleApplication@793eb479
----------------- Done invoking toplevel() on ptolemy.moml.MoMLSimpleApplication@793eb479
reloadAllAccessors: .MultiportBroadcastTest

===========================================================================================
----------------- testing Sat Apr 06 03:54:19 UTC 2019 /home/travis/build/icyphy/ptII/ptolemy/actor/lib/test/auto/MultiportOutHangDuringGetWidth.xml
----------------- Instantiating /home/travis/build/icyphy/ptII/ptolemy/actor/lib/test/auto/MultiportOutHangDuringGetWidth.xml
5 ms. Memory: 1255936K Free: 816341K (65%)
----------------- Invoking toplevel() on ptolemy.moml.MoMLSimpleApplication@2a9fa5e3
----------------- Done invoking toplevel() on ptolemy.moml.MoMLSimpleApplication@2a9fa5e3
reloadAllAccessors: .MultiportOutHangDuringGetWidth

===========================================================================================
----------------- testing Sat Apr 06 03:54:19 UTC 2019 /home/travis/build/icyphy/ptII/ptolemy/actor/lib/test/auto/NilToken.xml
----------------- Instantiating /home/travis/build/icyphy/ptII/ptolemy/actor/lib/test/auto/NilToken.xml
1 ms. Memory: 1255936K Free: 795370K (63%)
----------------- Invoking toplevel() on ptolemy.moml.MoMLSimpleApplication@4589d5c5
----------------- Done invoking toplevel() on ptolemy.moml.MoMLSimpleApplication@4589d5c5
reloadAllAccessors: .NilToken

===========================================================================================
----------------- testing Sat Apr 06 03:54:19 UTC 2019 /home/travis/build/icyphy/ptII/ptolemy/actor/lib/test/auto/NilTokenNonStrictTest.xml
----------------- Instantiating /home/travis/build/icyphy/ptII/ptolemy/actor/lib/test/auto/NilTokenNonStrictTest.xml
1 ms. Memory: 1255936K Free: 779969K (62%)
----------------- Invoking toplevel() on ptolemy.moml.MoMLSimpleApplication@5fe7d61b
----------------- Done invoking toplevel() on ptolemy.moml.MoMLSimpleApplication@5fe7d61b
reloadAllAccessors: .NilTokenNonStrictTest

===========================================================================================
----------------- testing Sat Apr 06 03:54:19 UTC 2019 /home/travis/build/icyphy/ptII/ptolemy/actor/lib/test/auto/NilTokenRecord.xml
----------------- Instantiating /home/travis/build/icyphy/ptII/ptolemy/actor/lib/test/auto/NilTokenRecord.xml
4 ms. Memory: 1255936K Free: 758998K (60%)
----------------- Invoking toplevel() on ptolemy.moml.MoMLSimpleApplication@2bf4e3ce
----------------- Done invoking toplevel() on ptolemy.moml.MoMLSimpleApplication@2bf4e3ce
reloadAllAccessors: .NilTokenRecord

===========================================================================================
----------------- testing Sat Apr 06 03:54:19 UTC 2019 /home/travis/build/icyphy/ptII/ptolemy/actor/lib/test/auto/NilTokenTypeTest.xml
----------------- Instantiating /home/travis/build/icyphy/ptII/ptolemy/actor/lib/test/auto/NilTokenTypeTest.xml
3 ms. Memory: 1255936K Free: 735881K (59%)
----------------- Invoking toplevel() on ptolemy.moml.MoMLSimpleApplication@3977e526
----------------- Done invoking toplevel() on ptolemy.moml.MoMLSimpleApplication@3977e526
reloadAllAccessors: .NilTokenTypeTest

===========================================================================================
----------------- testing Sat Apr 06 03:54:19 UTC 2019 /home/travis/build/icyphy/ptII/ptolemy/actor/lib/test/auto/ObjectToken1.xml
----------------- Instantiating /home/travis/build/icyphy/ptII/ptolemy/actor/lib/test/auto/ObjectToken1.xml
4 ms. Memory: 1255936K Free: 714909K (57%)
----------------- Invoking toplevel() on ptolemy.moml.MoMLSimpleApplication@2851759b
----------------- Done invoking toplevel() on ptolemy.moml.MoMLSimpleApplication@2851759b
reloadAllAccessors: .ObjectToken1

===========================================================================================
----------------- testing Sat Apr 06 03:54:19 UTC 2019 /home/travis/build/icyphy/ptII/ptolemy/actor/lib/test/auto/OrderedMerge.xml
----------------- Instantiating /home/travis/build/icyphy/ptII/ptolemy/actor/lib/test/auto/OrderedMerge.xml
5 ms. Memory: 1255936K Free: 668706K (53%)
----------------- Invoking toplevel() on ptolemy.moml.MoMLSimpleApplication@36f54437
----------------- Done invoking toplevel() on ptolemy.moml.MoMLSimpleApplication@36f54437
reloadAllAccessors: .OrderedMerge

===========================================================================================
----------------- testing Sat Apr 06 03:54:19 UTC 2019 /home/travis/build/icyphy/ptII/ptolemy/actor/lib/test/auto/OrderedRecordDisassembler.xml
----------------- Instantiating /home/travis/build/icyphy/ptII/ptolemy/actor/lib/test/auto/OrderedRecordDisassembler.xml
3 ms. Memory: 1255936K Free: 653305K (52%)
----------------- Invoking toplevel() on ptolemy.moml.MoMLSimpleApplication@60455e90
----------------- Done invoking toplevel() on ptolemy.moml.MoMLSimpleApplication@60455e90
reloadAllAccessors: .OrderedRecordDisassembler

===========================================================================================
----------------- testing Sat Apr 06 03:54:19 UTC 2019 /home/travis/build/icyphy/ptII/ptolemy/actor/lib/test/auto/OrderedRecordDisassembler2.xml
----------------- Instantiating /home/travis/build/icyphy/ptII/ptolemy/actor/lib/test/auto/OrderedRecordDisassembler2.xml
3 ms. Memory: 1255936K Free: 632334K (50%)
----------------- Invoking toplevel() on ptolemy.moml.MoMLSimpleApplication@7dff5afd
----------------- Done invoking toplevel() on ptolemy.moml.MoMLSimpleApplication@7dff5afd
reloadAllAccessors: .OrderedRecordDisassembler2

===========================================================================================
----------------- testing Sat Apr 06 03:54:19 UTC 2019 /home/travis/build/icyphy/ptII/ptolemy/actor/lib/test/auto/OrderedRecordUpdater.xml
----------------- Instantiating /home/travis/build/icyphy/ptII/ptolemy/actor/lib/test/auto/OrderedRecordUpdater.xml
2 ms. Memory: 1255936K Free: 616933K (49%)
----------------- Invoking toplevel() on ptolemy.moml.MoMLSimpleApplication@120c81ec
----------------- Done invoking toplevel() on ptolemy.moml.MoMLSimpleApplication@120c81ec
reloadAllAccessors: .RecordUpdater

===========================================================================================
----------------- testing Sat Apr 06 03:54:19 UTC 2019 /home/travis/build/icyphy/ptII/ptolemy/actor/lib/test/auto/OrderedRecordUpdater2.xml
----------------- Instantiating /home/travis/build/icyphy/ptII/ptolemy/actor/lib/test/auto/OrderedRecordUpdater2.xml
2 ms. Memory: 1255936K Free: 595962K (47%)
----------------- Invoking toplevel() on ptolemy.moml.MoMLSimpleApplication@73566949
----------------- Done invoking toplevel() on ptolemy.moml.MoMLSimpleApplication@73566949
reloadAllAccessors: .RecordUpdater2

===========================================================================================
----------------- testing Sat Apr 06 03:54:19 UTC 2019 /home/travis/build/icyphy/ptII/ptolemy/actor/lib/test/auto/PhaseUnwrap.xml
----------------- Instantiating /home/travis/build/icyphy/ptII/ptolemy/actor/lib/test/auto/PhaseUnwrap.xml
1 ms. Memory: 1255936K Free: 580561K (46%)
----------------- Invoking toplevel() on ptolemy.moml.MoMLSimpleApplication@367d4c06
----------------- Done invoking toplevel() on ptolemy.moml.MoMLSimpleApplication@367d4c06
reloadAllAccessors: .PhaseUnwrap

===========================================================================================
----------------- testing Sat Apr 06 03:54:19 UTC 2019 /home/travis/build/icyphy/ptII/ptolemy/actor/lib/test/auto/PoissonClock.xml
----------------- Instantiating /home/travis/build/icyphy/ptII/ptolemy/actor/lib/test/auto/PoissonClock.xml
1 ms. Memory: 1255936K Free: 559590K (45%)
----------------- Invoking toplevel() on ptolemy.moml.MoMLSimpleApplication@22e91a25
----------------- Done invoking toplevel() on ptolemy.moml.MoMLSimpleApplication@22e91a25
reloadAllAccessors: .PoissonClock

===========================================================================================
----------------- testing Sat Apr 06 03:54:19 UTC 2019 /home/travis/build/icyphy/ptII/ptolemy/actor/lib/test/auto/PoissonClock2.xml
----------------- Instantiating /home/travis/build/icyphy/ptII/ptolemy/actor/lib/test/auto/PoissonClock2.xml
1 ms. Memory: 1255936K Free: 544189K (43%)
----------------- Invoking toplevel() on ptolemy.moml.MoMLSimpleApplication@6241429a
----------------- Done invoking toplevel() on ptolemy.moml.MoMLSimpleApplication@6241429a
reloadAllAccessors: .PoissonClock2

===========================================================================================
----------------- testing Sat Apr 06 03:54:19 UTC 2019 /home/travis/build/icyphy/ptII/ptolemy/actor/lib/test/auto/PoissonClock3.xml
----------------- Instantiating /home/travis/build/icyphy/ptII/ptolemy/actor/lib/test/auto/PoissonClock3.xml
2 ms. Memory: 1255936K Free: 523218K (42%)
----------------- Invoking toplevel() on ptolemy.moml.MoMLSimpleApplication@5c6ed432
----------------- Done invoking toplevel() on ptolemy.moml.MoMLSimpleApplication@5c6ed432
reloadAllAccessors: .PoissonClock3

===========================================================================================
----------------- testing Sat Apr 06 03:54:19 UTC 2019 /home/travis/build/icyphy/ptII/ptolemy/actor/lib/test/auto/PubSubWithInitialTokens.xml
----------------- Instantiating /home/travis/build/icyphy/ptII/ptolemy/actor/lib/test/auto/PubSubWithInitialTokens.xml
2 ms. Memory: 1255936K Free: 507817K (40%)
----------------- Invoking toplevel() on ptolemy.moml.MoMLSimpleApplication@391a8e5c
----------------- Done invoking toplevel() on ptolemy.moml.MoMLSimpleApplication@391a8e5c
reloadAllAccessors: .PubSubWithInitialTokens

===========================================================================================
----------------- testing Sat Apr 06 03:54:19 UTC 2019 /home/travis/build/icyphy/ptII/ptolemy/actor/lib/test/auto/PubSubWithInitialTokens2.xml
----------------- Instantiating /home/travis/build/icyphy/ptII/ptolemy/actor/lib/test/auto/PubSubWithInitialTokens2.xml
4 ms. Memory: 1255936K Free: 486847K (39%)
----------------- Invoking toplevel() on ptolemy.moml.MoMLSimpleApplication@5836a2c7
----------------- Done invoking toplevel() on ptolemy.moml.MoMLSimpleApplication@5836a2c7
reloadAllAccessors: .PubSubWithInitialTokens2

===========================================================================================
----------------- testing Sat Apr 06 03:54:19 UTC 2019 /home/travis/build/icyphy/ptII/ptolemy/actor/lib/test/auto/PublisherClassNoParameter.xml
----------------- Instantiating /home/travis/build/icyphy/ptII/ptolemy/actor/lib/test/auto/PublisherClassNoParameter.xml
2 ms. Memory: 1255936K Free: 471446K (38%)
----------------- Invoking toplevel() on ptolemy.moml.MoMLSimpleApplication@303c6b80
----------------- Done invoking toplevel() on ptolemy.moml.MoMLSimpleApplication@303c6b80
reloadAllAccessors: .PublisherClassNoParameter

===========================================================================================
----------------- testing Sat Apr 06 03:54:19 UTC 2019 /home/travis/build/icyphy/ptII/ptolemy/actor/lib/test/auto/PublisherClassParameter.xml
----------------- Instantiating /home/travis/build/icyphy/ptII/ptolemy/actor/lib/test/auto/PublisherClassParameter.xml
2 ms. Memory: 1255936K Free: 448328K (36%)
----------------- Invoking toplevel() on ptolemy.moml.MoMLSimpleApplication@10ca4786
----------------- Done invoking toplevel() on ptolemy.moml.MoMLSimpleApplication@10ca4786
reloadAllAccessors: .PublisherClassParameter

===========================================================================================
----------------- testing Sat Apr 06 03:54:19 UTC 2019 /home/travis/build/icyphy/ptII/ptolemy/actor/lib/test/auto/PublisherNonStrictTest.xml
----------------- Instantiating /home/travis/build/icyphy/ptII/ptolemy/actor/lib/test/auto/PublisherNonStrictTest.xml
3 ms. Memory: 1255936K Free: 427357K (34%)
----------------- Invoking toplevel() on ptolemy.moml.MoMLSimpleApplication@29c4a0a4
----------------- Done invoking toplevel() on ptolemy.moml.MoMLSimpleApplication@29c4a0a4
reloadAllAccessors: .PublisherNonStrictTest

===========================================================================================
----------------- testing Sat Apr 06 03:54:19 UTC 2019 /home/travis/build/icyphy/ptII/ptolemy/actor/lib/test/auto/PublisherPort1.xml
----------------- Instantiating /home/travis/build/icyphy/ptII/ptolemy/actor/lib/test/auto/PublisherPort1.xml
10 ms. Memory: 1255936K Free: 411956K (33%)
----------------- Invoking toplevel() on ptolemy.moml.MoMLSimpleApplication@10f0ad95
----------------- Done invoking toplevel() on ptolemy.moml.MoMLSimpleApplication@10f0ad95
reloadAllAccessors: .PublisherPort1

===========================================================================================
----------------- testing Sat Apr 06 03:54:19 UTC 2019 /home/travis/build/icyphy/ptII/ptolemy/actor/lib/test/auto/PublisherPort2.xml
----------------- Instantiating /home/travis/build/icyphy/ptII/ptolemy/actor/lib/test/auto/PublisherPort2.xml
1 ms. Memory: 1255936K Free: 390985K (31%)
----------------- Invoking toplevel() on ptolemy.moml.MoMLSimpleApplication@76df39fd
----------------- Done invoking toplevel() on ptolemy.moml.MoMLSimpleApplication@76df39fd
reloadAllAccessors: .PublisherPort2

===========================================================================================
----------------- testing Sat Apr 06 03:54:19 UTC 2019 /home/travis/build/icyphy/ptII/ptolemy/actor/lib/test/auto/PublisherPort3.xml
----------------- Instantiating /home/travis/build/icyphy/ptII/ptolemy/actor/lib/test/auto/PublisherPort3.xml
3 ms. Memory: 1255936K Free: 375584K (30%)
----------------- Invoking toplevel() on ptolemy.moml.MoMLSimpleApplication@66292aaf
----------------- Done invoking toplevel() on ptolemy.moml.MoMLSimpleApplication@66292aaf
reloadAllAccessors: .PublisherPort3

===========================================================================================
----------------- testing Sat Apr 06 03:54:19 UTC 2019 /home/travis/build/icyphy/ptII/ptolemy/actor/lib/test/auto/PublisherPort4.xml
----------------- Instantiating /home/travis/build/icyphy/ptII/ptolemy/actor/lib/test/auto/PublisherPort4.xml
3 ms. Memory: 1255936K Free: 354614K (28%)
----------------- Invoking toplevel() on ptolemy.moml.MoMLSimpleApplication@1367d55e
----------------- Done invoking toplevel() on ptolemy.moml.MoMLSimpleApplication@1367d55e
reloadAllAccessors: .PublisherPort4

===========================================================================================
----------------- testing Sat Apr 06 03:54:19 UTC 2019 /home/travis/build/icyphy/ptII/ptolemy/actor/lib/test/auto/PublisherPort5.xml
----------------- Instantiating /home/travis/build/icyphy/ptII/ptolemy/actor/lib/test/auto/PublisherPort5.xml
4 ms. Memory: 1255936K Free: 339213K (27%)
----------------- Invoking toplevel() on ptolemy.moml.MoMLSimpleApplication@495cb288
----------------- Done invoking toplevel() on ptolemy.moml.MoMLSimpleApplication@495cb288
reloadAllAccessors: .PublisherPort5

===========================================================================================
----------------- testing Sat Apr 06 03:54:19 UTC 2019 /home/travis/build/icyphy/ptII/ptolemy/actor/lib/test/auto/PublisherPort5LookAlike.xml
----------------- Instantiating /home/travis/build/icyphy/ptII/ptolemy/actor/lib/test/auto/PublisherPort5LookAlike.xml
6 ms. Memory: 1255936K Free: 318242K (25%)
----------------- Invoking toplevel() on ptolemy.moml.MoMLSimpleApplication@1596344f
----------------- Done invoking toplevel() on ptolemy.moml.MoMLSimpleApplication@1596344f
reloadAllAccessors: .PublisherPort5LookAlike

===========================================================================================
----------------- testing Sat Apr 06 03:54:19 UTC 2019 /home/travis/build/icyphy/ptII/ptolemy/actor/lib/test/auto/PublisherPort6.xml
----------------- Instantiating /home/travis/build/icyphy/ptII/ptolemy/actor/lib/test/auto/PublisherPort6.xml
3 ms. Memory: 1255936K Free: 302841K (24%)
----------------- Invoking toplevel() on ptolemy.moml.MoMLSimpleApplication@3a638db8
----------------- Done invoking toplevel() on ptolemy.moml.MoMLSimpleApplication@3a638db8
reloadAllAccessors: .PublisherPort6

===========================================================================================
----------------- testing Sat Apr 06 03:54:19 UTC 2019 /home/travis/build/icyphy/ptII/ptolemy/actor/lib/test/auto/PublisherPort7.xml
----------------- Instantiating /home/travis/build/icyphy/ptII/ptolemy/actor/lib/test/auto/PublisherPort7.xml
4 ms. Memory: 1255936K Free: 287440K (23%)
----------------- Invoking toplevel() on ptolemy.moml.MoMLSimpleApplication@706d56c5
----------------- Done invoking toplevel() on ptolemy.moml.MoMLSimpleApplication@706d56c5
reloadAllAccessors: .PublisherPort7

===========================================================================================
----------------- testing Sat Apr 06 03:54:19 UTC 2019 /home/travis/build/icyphy/ptII/ptolemy/actor/lib/test/auto/PublisherPort8.xml
----------------- Instantiating /home/travis/build/icyphy/ptII/ptolemy/actor/lib/test/auto/PublisherPort8.xml
5 ms. Memory: 1255936K Free: 266469K (21%)
----------------- Invoking toplevel() on ptolemy.moml.MoMLSimpleApplication@fe8b4f
----------------- Done invoking toplevel() on ptolemy.moml.MoMLSimpleApplication@fe8b4f
reloadAllAccessors: .PublisherPort8

===========================================================================================
----------------- testing Sat Apr 06 03:54:19 UTC 2019 /home/travis/build/icyphy/ptII/ptolemy/actor/lib/test/auto/PublisherPortSubscriberChannelVariablesAOC2.xml
----------------- Instantiating /home/travis/build/icyphy/ptII/ptolemy/actor/lib/test/auto/PublisherPortSubscriberChannelVariablesAOC2.xml
3 ms. Memory: 1255936K Free: 243351K (19%)
----------------- Invoking toplevel() on ptolemy.moml.MoMLSimpleApplication@61b42a4a
----------------- Done invoking toplevel() on ptolemy.moml.MoMLSimpleApplication@61b42a4a
reloadAllAccessors: .PublisherPortSubscriberChannelVariablesAOC2

===========================================================================================
----------------- testing Sat Apr 06 03:54:19 UTC 2019 /home/travis/build/icyphy/ptII/ptolemy/actor/lib/test/auto/PublisherPortSubscriberOpaqueWidthInference.xml
----------------- Instantiating /home/travis/build/icyphy/ptII/ptolemy/actor/lib/test/auto/PublisherPortSubscriberOpaqueWidthInference.xml
4 ms. Memory: 1255936K Free: 222380K (18%)
----------------- Invoking toplevel() on ptolemy.moml.MoMLSimpleApplication@1848cffb
----------------- Done invoking toplevel() on ptolemy.moml.MoMLSimpleApplication@1848cffb
reloadAllAccessors: .PublisherPortSubscriberOpaqueWidthInference

===========================================================================================
----------------- testing Sat Apr 06 03:54:19 UTC 2019 /home/travis/build/icyphy/ptII/ptolemy/actor/lib/test/auto/PublisherPortSubscriberPortAdjacent.xml
----------------- Instantiating /home/travis/build/icyphy/ptII/ptolemy/actor/lib/test/auto/PublisherPortSubscriberPortAdjacent.xml
2 ms. Memory: 1255936K Free: 206979K (16%)
----------------- Invoking toplevel() on ptolemy.moml.MoMLSimpleApplication@70799393
----------------- Done invoking toplevel() on ptolemy.moml.MoMLSimpleApplication@70799393
reloadAllAccessors: .PublisherPortSubscriberPortAdjacent

===========================================================================================
----------------- testing Sat Apr 06 03:54:19 UTC 2019 /home/travis/build/icyphy/ptII/ptolemy/actor/lib/test/auto/PublisherPortSubscriberPortExpression.xml
----------------- Instantiating /home/travis/build/icyphy/ptII/ptolemy/actor/lib/test/auto/PublisherPortSubscriberPortExpression.xml
4 ms. Memory: 1255936K Free: 186009K (15%)
----------------- Invoking toplevel() on ptolemy.moml.MoMLSimpleApplication@5ae3328d
----------------- Done invoking toplevel() on ptolemy.moml.MoMLSimpleApplication@5ae3328d
reloadAllAccessors: .PublisherPortSubscriberPortExpression

===========================================================================================
----------------- testing Sat Apr 06 03:54:19 UTC 2019 /home/travis/build/icyphy/ptII/ptolemy/actor/lib/test/auto/PublisherPortSubscriberPortOpaqueD3Reverse.xml
----------------- Instantiating /home/travis/build/icyphy/ptII/ptolemy/actor/lib/test/auto/PublisherPortSubscriberPortOpaqueD3Reverse.xml
8 ms. Memory: 1255936K Free: 170608K (14%)
----------------- Invoking toplevel() on ptolemy.moml.MoMLSimpleApplication@5eb1d972
----------------- Done invoking toplevel() on ptolemy.moml.MoMLSimpleApplication@5eb1d972
reloadAllAccessors: .PublisherPortSubscriberPortOpaqueD3Reverse

===========================================================================================
----------------- testing Sat Apr 06 03:54:19 UTC 2019 /home/travis/build/icyphy/ptII/ptolemy/actor/lib/test/auto/PublisherPortSubscriberPortOpaqueWidthInference.xml
----------------- Instantiating /home/travis/build/icyphy/ptII/ptolemy/actor/lib/test/auto/PublisherPortSubscriberPortOpaqueWidthInference.xml
4 ms. Memory: 1255936K Free: 149637K (12%)
----------------- Invoking toplevel() on ptolemy.moml.MoMLSimpleApplication@18ed4539
----------------- Done invoking toplevel() on ptolemy.moml.MoMLSimpleApplication@18ed4539
reloadAllAccessors: .PublisherPortSubscriberPortOpaqueWidthInference

===========================================================================================
----------------- testing Sat Apr 06 03:54:19 UTC 2019 /home/travis/build/icyphy/ptII/ptolemy/actor/lib/test/auto/PublisherPortToplevelSubscriberPortAOC.xml
----------------- Instantiating /home/travis/build/icyphy/ptII/ptolemy/actor/lib/test/auto/PublisherPortToplevelSubscriberPortAOC.xml
.PublisherPortToplevelSubscriberPortAOC.TestExceptionAttribute: initialize() was not invoked, but wrapup() was.  This is unusual, but not always a problem.  For example, exporting JNLP will do this.
1 ms. Memory: 1255936K Free: 134236K (11%)
----------------- Invoking toplevel() on ptolemy.moml.MoMLSimpleApplication@4ab99cbe
----------------- Done invoking toplevel() on ptolemy.moml.MoMLSimpleApplication@4ab99cbe
reloadAllAccessors: .PublisherPortToplevelSubscriberPortAOC

===========================================================================================
----------------- testing Sat Apr 06 03:54:19 UTC 2019 /home/travis/build/icyphy/ptII/ptolemy/actor/lib/test/auto/PublisherSubscriber.xml
----------------- Instantiating /home/travis/build/icyphy/ptII/ptolemy/actor/lib/test/auto/PublisherSubscriber.xml
4 ms. Memory: 1255936K Free: 113265K (9%)
----------------- Invoking toplevel() on ptolemy.moml.MoMLSimpleApplication@7b697d54
----------------- Done invoking toplevel() on ptolemy.moml.MoMLSimpleApplication@7b697d54
reloadAllAccessors: .PublisherSubscriber

===========================================================================================
----------------- testing Sat Apr 06 03:54:19 UTC 2019 /home/travis/build/icyphy/ptII/ptolemy/actor/lib/test/auto/PublisherSubscriber10.xml
----------------- Instantiating /home/travis/build/icyphy/ptII/ptolemy/actor/lib/test/auto/PublisherSubscriber10.xml
9 ms. Memory: 1255936K Free: 97864K (8%)
----------------- Invoking toplevel() on ptolemy.moml.MoMLSimpleApplication@55c90942
----------------- Done invoking toplevel() on ptolemy.moml.MoMLSimpleApplication@55c90942
reloadAllAccessors: .PublisherSubscriber10

===========================================================================================
----------------- testing Sat Apr 06 03:54:19 UTC 2019 /home/travis/build/icyphy/ptII/ptolemy/actor/lib/test/auto/PublisherSubscriber10InitialOutputs.xml
----------------- Instantiating /home/travis/build/icyphy/ptII/ptolemy/actor/lib/test/auto/PublisherSubscriber10InitialOutputs.xml
14 ms. Memory: 1255936K Free: 82463K (7%)
----------------- Invoking toplevel() on ptolemy.moml.MoMLSimpleApplication@1622d09c
----------------- Done invoking toplevel() on ptolemy.moml.MoMLSimpleApplication@1622d09c
reloadAllAccessors: .PublisherSubscriber10InitialOutputs

===========================================================================================
----------------- testing Sat Apr 06 03:54:20 UTC 2019 /home/travis/build/icyphy/ptII/ptolemy/actor/lib/test/auto/PublisherSubscriber11.xml
----------------- Instantiating /home/travis/build/icyphy/ptII/ptolemy/actor/lib/test/auto/PublisherSubscriber11.xml
3 ms. Memory: 1255936K Free: 61797K (5%)
----------------- Invoking toplevel() on ptolemy.moml.MoMLSimpleApplication@5d863fb1
----------------- Done invoking toplevel() on ptolemy.moml.MoMLSimpleApplication@5d863fb1
reloadAllAccessors: .PublisherSubscriber11

===========================================================================================
----------------- testing Sat Apr 06 03:54:20 UTC 2019 /home/travis/build/icyphy/ptII/ptolemy/actor/lib/test/auto/PublisherSubscriber12.xml
----------------- Instantiating /home/travis/build/icyphy/ptII/ptolemy/actor/lib/test/auto/PublisherSubscriber12.xml
3 ms. Memory: 1272832K Free: 1218525K (96%)
----------------- Invoking toplevel() on ptolemy.moml.MoMLSimpleApplication@70936c8
----------------- Done invoking toplevel() on ptolemy.moml.MoMLSimpleApplication@70936c8
reloadAllAccessors: .PublisherSubscriber12

===========================================================================================
----------------- testing Sat Apr 06 03:54:20 UTC 2019 /home/travis/build/icyphy/ptII/ptolemy/actor/lib/test/auto/PublisherSubscriber13.xml
----------------- Instantiating /home/travis/build/icyphy/ptII/ptolemy/actor/lib/test/auto/PublisherSubscriber13.xml
2 ms. Memory: 1272832K Free: 1198424K (94%)
----------------- Invoking toplevel() on ptolemy.moml.MoMLSimpleApplication@47a0509c
----------------- Done invoking toplevel() on ptolemy.moml.MoMLSimpleApplication@47a0509c
reloadAllAccessors: .PublisherSubscriber13

===========================================================================================
----------------- testing Sat Apr 06 03:54:20 UTC 2019 /home/travis/build/icyphy/ptII/ptolemy/actor/lib/test/auto/PublisherSubscriber14.xml
----------------- Instantiating /home/travis/build/icyphy/ptII/ptolemy/actor/lib/test/auto/PublisherSubscriber14.xml
2 ms. Memory: 1272832K Free: 1178323K (93%)
----------------- Invoking toplevel() on ptolemy.moml.MoMLSimpleApplication@118beb65
----------------- Done invoking toplevel() on ptolemy.moml.MoMLSimpleApplication@118beb65
reloadAllAccessors: .PublisherSubscriber14

===========================================================================================
----------------- testing Sat Apr 06 03:54:20 UTC 2019 /home/travis/build/icyphy/ptII/ptolemy/actor/lib/test/auto/PublisherSubscriber2.xml
----------------- Instantiating /home/travis/build/icyphy/ptII/ptolemy/actor/lib/test/auto/PublisherSubscriber2.xml
5 ms. Memory: 1272832K Free: 1162874K (91%)
----------------- Invoking toplevel() on ptolemy.moml.MoMLSimpleApplication@55b572dd
----------------- Done invoking toplevel() on ptolemy.moml.MoMLSimpleApplication@55b572dd
reloadAllAccessors: .PublisherSubscriber2

===========================================================================================
----------------- testing Sat Apr 06 03:54:20 UTC 2019 /home/travis/build/icyphy/ptII/ptolemy/actor/lib/test/auto/PublisherSubscriber3.xml
----------------- Instantiating /home/travis/build/icyphy/ptII/ptolemy/actor/lib/test/auto/PublisherSubscriber3.xml
2 ms. Memory: 1272832K Free: 1142745K (90%)
----------------- Invoking toplevel() on ptolemy.moml.MoMLSimpleApplication@70a6003
----------------- Done invoking toplevel() on ptolemy.moml.MoMLSimpleApplication@70a6003
reloadAllAccessors: .PublisherSubscriber3

===========================================================================================
----------------- testing Sat Apr 06 03:54:20 UTC 2019 /home/travis/build/icyphy/ptII/ptolemy/actor/lib/test/auto/PublisherSubscriber4.xml
----------------- Instantiating /home/travis/build/icyphy/ptII/ptolemy/actor/lib/test/auto/PublisherSubscriber4.xml
2 ms. Memory: 1272832K Free: 1127297K (89%)
----------------- Invoking toplevel() on ptolemy.moml.MoMLSimpleApplication@1ef80735
----------------- Done invoking toplevel() on ptolemy.moml.MoMLSimpleApplication@1ef80735
reloadAllAccessors: .PublisherSubscriber4

===========================================================================================
----------------- testing Sat Apr 06 03:54:20 UTC 2019 /home/travis/build/icyphy/ptII/ptolemy/actor/lib/test/auto/PublisherSubscriber5.xml
----------------- Instantiating /home/travis/build/icyphy/ptII/ptolemy/actor/lib/test/auto/PublisherSubscriber5.xml
2 ms. Memory: 1272832K Free: 1107196K (87%)
----------------- Invoking toplevel() on ptolemy.moml.MoMLSimpleApplication@774f3794
----------------- Done invoking toplevel() on ptolemy.moml.MoMLSimpleApplication@774f3794
reloadAllAccessors: .PublisherSubscriber5

===========================================================================================
----------------- testing Sat Apr 06 03:54:20 UTC 2019 /home/travis/build/icyphy/ptII/ptolemy/actor/lib/test/auto/PublisherSubscriber6.xml
----------------- Instantiating /home/travis/build/icyphy/ptII/ptolemy/actor/lib/test/auto/PublisherSubscriber6.xml
2 ms. Memory: 1272832K Free: 1091747K (86%)
----------------- Invoking toplevel() on ptolemy.moml.MoMLSimpleApplication@41e924e
----------------- Done invoking toplevel() on ptolemy.moml.MoMLSimpleApplication@41e924e
reloadAllAccessors: .PublisherSubscriber6

===========================================================================================
----------------- testing Sat Apr 06 03:54:20 UTC 2019 /home/travis/build/icyphy/ptII/ptolemy/actor/lib/test/auto/PublisherSubscriber7.xml
----------------- Instantiating /home/travis/build/icyphy/ptII/ptolemy/actor/lib/test/auto/PublisherSubscriber7.xml
7 ms. Memory: 1272832K Free: 1071646K (84%)
----------------- Invoking toplevel() on ptolemy.moml.MoMLSimpleApplication@1a9067de
----------------- Done invoking toplevel() on ptolemy.moml.MoMLSimpleApplication@1a9067de
reloadAllAccessors: .PublisherSubscriber7

===========================================================================================
----------------- testing Sat Apr 06 03:54:20 UTC 2019 /home/travis/build/icyphy/ptII/ptolemy/actor/lib/test/auto/PublisherSubscriber8.xml
----------------- Instantiating /home/travis/build/icyphy/ptII/ptolemy/actor/lib/test/auto/PublisherSubscriber8.xml
9 ms. Memory: 1272832K Free: 978953K (77%)
----------------- Invoking toplevel() on ptolemy.moml.MoMLSimpleApplication@6a70b0e3
----------------- Done invoking toplevel() on ptolemy.moml.MoMLSimpleApplication@6a70b0e3
reloadAllAccessors: .PublisherSubscriber8

===========================================================================================
----------------- testing Sat Apr 06 03:54:20 UTC 2019 /home/travis/build/icyphy/ptII/ptolemy/actor/lib/test/auto/PublisherSubscriber9.xml
----------------- Instantiating /home/travis/build/icyphy/ptII/ptolemy/actor/lib/test/auto/PublisherSubscriber9.xml
3 ms. Memory: 1272832K Free: 958853K (75%)
----------------- Invoking toplevel() on ptolemy.moml.MoMLSimpleApplication@5643ee02
----------------- Done invoking toplevel() on ptolemy.moml.MoMLSimpleApplication@5643ee02
reloadAllAccessors: .PublisherSubscriber9

===========================================================================================
----------------- testing Sat Apr 06 03:54:20 UTC 2019 /home/travis/build/icyphy/ptII/ptolemy/actor/lib/test/auto/PublisherSubscriberAdjacent.xml
----------------- Instantiating /home/travis/build/icyphy/ptII/ptolemy/actor/lib/test/auto/PublisherSubscriberAdjacent.xml
2 ms. Memory: 1272832K Free: 938752K (74%)
----------------- Invoking toplevel() on ptolemy.moml.MoMLSimpleApplication@6ded8e12
----------------- Done invoking toplevel() on ptolemy.moml.MoMLSimpleApplication@6ded8e12
reloadAllAccessors: .PublisherSubscriberAdjacent

===========================================================================================
----------------- testing Sat Apr 06 03:54:20 UTC 2019 /home/travis/build/icyphy/ptII/ptolemy/actor/lib/test/auto/PublisherSubscriberChannelVariablesAOC2.xml
----------------- Instantiating /home/travis/build/icyphy/ptII/ptolemy/actor/lib/test/auto/PublisherSubscriberChannelVariablesAOC2.xml
3 ms. Memory: 1272832K Free: 915563K (72%)
----------------- Invoking toplevel() on ptolemy.moml.MoMLSimpleApplication@1541df19
----------------- Done invoking toplevel() on ptolemy.moml.MoMLSimpleApplication@1541df19
reloadAllAccessors: .PublisherSubscriberChannelVariablesAOC2

===========================================================================================
----------------- testing Sat Apr 06 03:54:20 UTC 2019 /home/travis/build/icyphy/ptII/ptolemy/actor/lib/test/auto/PublisherSubscriberD3.xml
----------------- Instantiating /home/travis/build/icyphy/ptII/ptolemy/actor/lib/test/auto/PublisherSubscriberD3.xml
2 ms. Memory: 1272832K Free: 895462K (70%)
----------------- Invoking toplevel() on ptolemy.moml.MoMLSimpleApplication@457524c4
----------------- Done invoking toplevel() on ptolemy.moml.MoMLSimpleApplication@457524c4
reloadAllAccessors: .PublisherSubscriberD3

===========================================================================================
----------------- testing Sat Apr 06 03:54:20 UTC 2019 /home/travis/build/icyphy/ptII/ptolemy/actor/lib/test/auto/PublisherSubscriberD3Reverse.xml
----------------- Instantiating /home/travis/build/icyphy/ptII/ptolemy/actor/lib/test/auto/PublisherSubscriberD3Reverse.xml
2 ms. Memory: 1272832K Free: 880013K (69%)
----------------- Invoking toplevel() on ptolemy.moml.MoMLSimpleApplication@45418421
----------------- Done invoking toplevel() on ptolemy.moml.MoMLSimpleApplication@45418421
reloadAllAccessors: .PublisherSubscriberD3Reverse

===========================================================================================
----------------- testing Sat Apr 06 03:54:20 UTC 2019 /home/travis/build/icyphy/ptII/ptolemy/actor/lib/test/auto/PublisherSubscriberExpression.xml
----------------- Instantiating /home/travis/build/icyphy/ptII/ptolemy/actor/lib/test/auto/PublisherSubscriberExpression.xml
3 ms. Memory: 1272832K Free: 859912K (68%)
----------------- Invoking toplevel() on ptolemy.moml.MoMLSimpleApplication@63174974
----------------- Done invoking toplevel() on ptolemy.moml.MoMLSimpleApplication@63174974
reloadAllAccessors: .PublisherSubscriberExpression

===========================================================================================
----------------- testing Sat Apr 06 03:54:20 UTC 2019 /home/travis/build/icyphy/ptII/ptolemy/actor/lib/test/auto/PublisherSubscriberOpaque.xml
----------------- Instantiating /home/travis/build/icyphy/ptII/ptolemy/actor/lib/test/auto/PublisherSubscriberOpaque.xml
3 ms. Memory: 1272832K Free: 844464K (66%)
----------------- Invoking toplevel() on ptolemy.moml.MoMLSimpleApplication@5a356c4b
----------------- Done invoking toplevel() on ptolemy.moml.MoMLSimpleApplication@5a356c4b
reloadAllAccessors: .PublisherSubscriberOpaque

===========================================================================================
----------------- testing Sat Apr 06 03:54:20 UTC 2019 /home/travis/build/icyphy/ptII/ptolemy/actor/lib/test/auto/PublisherSubscriberOpaqueD3.xml
----------------- Instantiating /home/travis/build/icyphy/ptII/ptolemy/actor/lib/test/auto/PublisherSubscriberOpaqueD3.xml
4 ms. Memory: 1272832K Free: 816622K (64%)
----------------- Invoking toplevel() on ptolemy.moml.MoMLSimpleApplication@328c8153
----------------- Done invoking toplevel() on ptolemy.moml.MoMLSimpleApplication@328c8153
reloadAllAccessors: .PublisherSubscriberOpaqueD3

===========================================================================================
----------------- testing Sat Apr 06 03:54:20 UTC 2019 /home/travis/build/icyphy/ptII/ptolemy/actor/lib/test/auto/PublisherSubscriberOpaqueD3Reverse.xml
----------------- Instantiating /home/travis/build/icyphy/ptII/ptolemy/actor/lib/test/auto/PublisherSubscriberOpaqueD3Reverse.xml
7 ms. Memory: 1272832K Free: 801173K (63%)
----------------- Invoking toplevel() on ptolemy.moml.MoMLSimpleApplication@34b6575e
----------------- Done invoking toplevel() on ptolemy.moml.MoMLSimpleApplication@34b6575e
reloadAllAccessors: .PublisherSubscriberOpaqueD3Reverse

===========================================================================================
----------------- testing Sat Apr 06 03:54:20 UTC 2019 /home/travis/build/icyphy/ptII/ptolemy/actor/lib/test/auto/PublisherSubscriberOpaqueWidthInference.xml
----------------- Instantiating /home/travis/build/icyphy/ptII/ptolemy/actor/lib/test/auto/PublisherSubscriberOpaqueWidthInference.xml
5 ms. Memory: 1272832K Free: 781072K (61%)
----------------- Invoking toplevel() on ptolemy.moml.MoMLSimpleApplication@2457818a
----------------- Done invoking toplevel() on ptolemy.moml.MoMLSimpleApplication@2457818a
reloadAllAccessors: .PublisherSubscriberOpaqueWidthInference

===========================================================================================
----------------- testing Sat Apr 06 03:54:20 UTC 2019 /home/travis/build/icyphy/ptII/ptolemy/actor/lib/test/auto/PublisherTestSubscriber.xml
----------------- Instantiating /home/travis/build/icyphy/ptII/ptolemy/actor/lib/test/auto/PublisherTestSubscriber.xml
3 ms. Memory: 1272832K Free: 765624K (60%)
----------------- Invoking toplevel() on ptolemy.moml.MoMLSimpleApplication@52d60efb
----------------- Done invoking toplevel() on ptolemy.moml.MoMLSimpleApplication@52d60efb
reloadAllAccessors: .PublisherTestSubscriber

===========================================================================================
----------------- testing Sat Apr 06 03:54:20 UTC 2019 /home/travis/build/icyphy/ptII/ptolemy/actor/lib/test/auto/PublisherToplevelSubscriberPortAOC.xml
----------------- Instantiating /home/travis/build/icyphy/ptII/ptolemy/actor/lib/test/auto/PublisherToplevelSubscriberPortAOC.xml
2 ms. Memory: 1272832K Free: 745523K (59%)
----------------- Invoking toplevel() on ptolemy.moml.MoMLSimpleApplication@5ad2e3e6
----------------- Done invoking toplevel() on ptolemy.moml.MoMLSimpleApplication@5ad2e3e6
reloadAllAccessors: .PublisherToplevelSubscriberPortAOC

===========================================================================================
----------------- testing Sat Apr 06 03:54:20 UTC 2019 /home/travis/build/icyphy/ptII/ptolemy/actor/lib/test/auto/PulseFiringLimitDE.xml
----------------- Instantiating /home/travis/build/icyphy/ptII/ptolemy/actor/lib/test/auto/PulseFiringLimitDE.xml
2 ms. Memory: 1272832K Free: 725422K (57%)
----------------- Invoking toplevel() on ptolemy.moml.MoMLSimpleApplication@d5addc3
----------------- Done invoking toplevel() on ptolemy.moml.MoMLSimpleApplication@d5addc3
reloadAllAccessors: .PulseFiringLimitDE

===========================================================================================
----------------- testing Sat Apr 06 03:54:20 UTC 2019 /home/travis/build/icyphy/ptII/ptolemy/actor/lib/test/auto/Ramp1.xml
----------------- Instantiating /home/travis/build/icyphy/ptII/ptolemy/actor/lib/test/auto/Ramp1.xml
2 ms. Memory: 1272832K Free: 709973K (56%)
----------------- Invoking toplevel() on ptolemy.moml.MoMLSimpleApplication@3536548c
----------------- Done invoking toplevel() on ptolemy.moml.MoMLSimpleApplication@3536548c
reloadAllAccessors: .Ramp1

===========================================================================================
----------------- testing Sat Apr 06 03:54:20 UTC 2019 /home/travis/build/icyphy/ptII/ptolemy/actor/lib/test/auto/RampFiringLimitDE.xml
----------------- Instantiating /home/travis/build/icyphy/ptII/ptolemy/actor/lib/test/auto/RampFiringLimitDE.xml
2 ms. Memory: 1272832K Free: 689873K (54%)
----------------- Invoking toplevel() on ptolemy.moml.MoMLSimpleApplication@42f15235
----------------- Done invoking toplevel() on ptolemy.moml.MoMLSimpleApplication@42f15235
reloadAllAccessors: .RampFiringLimitDE

===========================================================================================
----------------- testing Sat Apr 06 03:54:20 UTC 2019 /home/travis/build/icyphy/ptII/ptolemy/actor/lib/test/auto/RampFiringLimitSDF.xml
----------------- Instantiating /home/travis/build/icyphy/ptII/ptolemy/actor/lib/test/auto/RampFiringLimitSDF.xml
1 ms. Memory: 1272832K Free: 674424K (53%)
----------------- Invoking toplevel() on ptolemy.moml.MoMLSimpleApplication@21d5e5f7
----------------- Done invoking toplevel() on ptolemy.moml.MoMLSimpleApplication@21d5e5f7
reloadAllAccessors: .RampFiringLimitSDF

===========================================================================================
----------------- testing Sat Apr 06 03:54:20 UTC 2019 /home/travis/build/icyphy/ptII/ptolemy/actor/lib/test/auto/RandomInteger.xml
----------------- Instantiating /home/travis/build/icyphy/ptII/ptolemy/actor/lib/test/auto/RandomInteger.xml
1 ms. Memory: 1272832K Free: 654323K (51%)
----------------- Invoking toplevel() on ptolemy.moml.MoMLSimpleApplication@105ce1f2
----------------- Done invoking toplevel() on ptolemy.moml.MoMLSimpleApplication@105ce1f2
reloadAllAccessors: .RandomInteger

===========================================================================================
----------------- testing Sat Apr 06 03:54:20 UTC 2019 /home/travis/build/icyphy/ptII/ptolemy/actor/lib/test/auto/ReadFile1.xml
----------------- Instantiating /home/travis/build/icyphy/ptII/ptolemy/actor/lib/test/auto/ReadFile1.xml
1 ms. Memory: 1272832K Free: 638874K (50%)
----------------- Invoking toplevel() on ptolemy.moml.MoMLSimpleApplication@4d1658df
----------------- Done invoking toplevel() on ptolemy.moml.MoMLSimpleApplication@4d1658df
reloadAllAccessors: .ReadFile1

===========================================================================================
----------------- testing Sat Apr 06 03:54:20 UTC 2019 /home/travis/build/icyphy/ptII/ptolemy/actor/lib/test/auto/ReadFile2.xml
----------------- Instantiating /home/travis/build/icyphy/ptII/ptolemy/actor/lib/test/auto/ReadFile2.xml
1 ms. Memory: 1272832K Free: 618774K (49%)
----------------- Invoking toplevel() on ptolemy.moml.MoMLSimpleApplication@1b6c6211
----------------- Done invoking toplevel() on ptolemy.moml.MoMLSimpleApplication@1b6c6211
reloadAllAccessors: .ReadFile2

===========================================================================================
----------------- testing Sat Apr 06 03:54:20 UTC 2019 /home/travis/build/icyphy/ptII/ptolemy/actor/lib/test/auto/Reader.xml
----------------- Instantiating /home/travis/build/icyphy/ptII/ptolemy/actor/lib/test/auto/Reader.xml
actor.lib.Reader is obsolete, use actor.lib.io.ExpressionReader instead
1 ms. Memory: 1272832K Free: 603325K (47%)
----------------- Invoking toplevel() on ptolemy.moml.MoMLSimpleApplication@46050172
----------------- Done invoking toplevel() on ptolemy.moml.MoMLSimpleApplication@46050172
reloadAllAccessors: .Reader

===========================================================================================
----------------- testing Sat Apr 06 03:54:20 UTC 2019 /home/travis/build/icyphy/ptII/ptolemy/actor/lib/test/auto/RecordAssemblerDisplayNameTest.xml
----------------- Instantiating /home/travis/build/icyphy/ptII/ptolemy/actor/lib/test/auto/RecordAssemblerDisplayNameTest.xml
3347 ms. Memory: 1366016K Free: 582829K (43%)
----------------- Invoking toplevel() on ptolemy.moml.MoMLSimpleApplication@3ecc559c
----------------- Done invoking toplevel() on ptolemy.moml.MoMLSimpleApplication@3ecc559c
reloadAllAccessors: .RecordAssemblerDisplayNameTest

===========================================================================================
----------------- testing Sat Apr 06 03:54:24 UTC 2019 /home/travis/build/icyphy/ptII/ptolemy/actor/lib/test/auto/RecordAssemblerTypeError.xml
----------------- Instantiating /home/travis/build/icyphy/ptII/ptolemy/actor/lib/test/auto/RecordAssemblerTypeError.xml
10 ms. Memory: 1366016K Free: 555861K (41%)
----------------- Invoking toplevel() on ptolemy.moml.MoMLSimpleApplication@400c0c48
----------------- Done invoking toplevel() on ptolemy.moml.MoMLSimpleApplication@400c0c48
reloadAllAccessors: .RecordAssemblerTypeError

===========================================================================================
----------------- testing Sat Apr 06 03:54:24 UTC 2019 /home/travis/build/icyphy/ptII/ptolemy/actor/lib/test/auto/RecordDisassember.xml
----------------- Instantiating /home/travis/build/icyphy/ptII/ptolemy/actor/lib/test/auto/RecordDisassember.xml
3 ms. Memory: 1366016K Free: 539395K (39%)
----------------- Invoking toplevel() on ptolemy.moml.MoMLSimpleApplication@4ce724ba
----------------- Done invoking toplevel() on ptolemy.moml.MoMLSimpleApplication@4ce724ba
reloadAllAccessors: .RecordDisassember

===========================================================================================
----------------- testing Sat Apr 06 03:54:24 UTC 2019 /home/travis/build/icyphy/ptII/ptolemy/actor/lib/test/auto/RecordDisassemberDisplayNameTest.xml
----------------- Instantiating /home/travis/build/icyphy/ptII/ptolemy/actor/lib/test/auto/RecordDisassemberDisplayNameTest.xml
4 ms. Memory: 1366016K Free: 526815K (39%)
----------------- Invoking toplevel() on ptolemy.moml.MoMLSimpleApplication@3351d467
----------------- Done invoking toplevel() on ptolemy.moml.MoMLSimpleApplication@3351d467
reloadAllAccessors: .RecordDisassemberDisplayNameTest

===========================================================================================
----------------- testing Sat Apr 06 03:54:24 UTC 2019 /home/travis/build/icyphy/ptII/ptolemy/actor/lib/test/auto/RecordDisassembler.xml
----------------- Instantiating /home/travis/build/icyphy/ptII/ptolemy/actor/lib/test/auto/RecordDisassembler.xml
2 ms. Memory: 1366016K Free: 510349K (37%)
----------------- Invoking toplevel() on ptolemy.moml.MoMLSimpleApplication@925eac0
----------------- Done invoking toplevel() on ptolemy.moml.MoMLSimpleApplication@925eac0
reloadAllAccessors: .RecordDisassembler

===========================================================================================
----------------- testing Sat Apr 06 03:54:24 UTC 2019 /home/travis/build/icyphy/ptII/ptolemy/actor/lib/test/auto/RecordDisassembler2.xml
----------------- Instantiating /home/travis/build/icyphy/ptII/ptolemy/actor/lib/test/auto/RecordDisassembler2.xml
2 ms. Memory: 1366016K Free: 493883K (36%)
----------------- Invoking toplevel() on ptolemy.moml.MoMLSimpleApplication@38243b0b
----------------- Done invoking toplevel() on ptolemy.moml.MoMLSimpleApplication@38243b0b
reloadAllAccessors: .RecordDisassembler2

===========================================================================================
----------------- testing Sat Apr 06 03:54:24 UTC 2019 /home/travis/build/icyphy/ptII/ptolemy/actor/lib/test/auto/RecordUpdater.xml
----------------- Instantiating /home/travis/build/icyphy/ptII/ptolemy/actor/lib/test/auto/RecordUpdater.xml
2 ms. Memory: 1366016K Free: 481303K (35%)
----------------- Invoking toplevel() on ptolemy.moml.MoMLSimpleApplication@7679ffe0
----------------- Done invoking toplevel() on ptolemy.moml.MoMLSimpleApplication@7679ffe0
reloadAllAccessors: .RecordUpdater

===========================================================================================
----------------- testing Sat Apr 06 03:54:24 UTC 2019 /home/travis/build/icyphy/ptII/ptolemy/actor/lib/test/auto/RecordUpdater2.xml
----------------- Instantiating /home/travis/build/icyphy/ptII/ptolemy/actor/lib/test/auto/RecordUpdater2.xml
2 ms. Memory: 1366016K Free: 464837K (34%)
----------------- Invoking toplevel() on ptolemy.moml.MoMLSimpleApplication@410498bd
----------------- Done invoking toplevel() on ptolemy.moml.MoMLSimpleApplication@410498bd
reloadAllAccessors: .RecordUpdater2

===========================================================================================
----------------- testing Sat Apr 06 03:54:24 UTC 2019 /home/travis/build/icyphy/ptII/ptolemy/actor/lib/test/auto/RecursiveLattice.xml
----------------- Instantiating /home/travis/build/icyphy/ptII/ptolemy/actor/lib/test/auto/RecursiveLattice.xml
1 ms. Memory: 1366016K Free: 448371K (33%)
----------------- Invoking toplevel() on ptolemy.moml.MoMLSimpleApplication@4086608e
----------------- Done invoking toplevel() on ptolemy.moml.MoMLSimpleApplication@4086608e
reloadAllAccessors: .RecursiveLattice

===========================================================================================
----------------- testing Sat Apr 06 03:54:24 UTC 2019 /home/travis/build/icyphy/ptII/ptolemy/actor/lib/test/auto/Router.xml
----------------- Instantiating /home/travis/build/icyphy/ptII/ptolemy/actor/lib/test/auto/Router.xml
3004 ms. Memory: 1366016K Free: 435791K (32%)
----------------- Invoking toplevel() on ptolemy.moml.MoMLSimpleApplication@717d382
----------------- Done invoking toplevel() on ptolemy.moml.MoMLSimpleApplication@717d382
reloadAllAccessors: .Router

===========================================================================================
----------------- testing Sat Apr 06 03:54:27 UTC 2019 /home/travis/build/icyphy/ptII/ptolemy/actor/lib/test/auto/Router2.xml
----------------- Instantiating /home/travis/build/icyphy/ptII/ptolemy/actor/lib/test/auto/Router2.xml
3003 ms. Memory: 1366016K Free: 419325K (31%)
----------------- Invoking toplevel() on ptolemy.moml.MoMLSimpleApplication@761af06
----------------- Done invoking toplevel() on ptolemy.moml.MoMLSimpleApplication@761af06
reloadAllAccessors: .Router2

===========================================================================================
----------------- testing Sat Apr 06 03:54:30 UTC 2019 /home/travis/build/icyphy/ptII/ptolemy/actor/lib/test/auto/RunningMaximum.xml
----------------- Instantiating /home/travis/build/icyphy/ptII/ptolemy/actor/lib/test/auto/RunningMaximum.xml
2 ms. Memory: 1366016K Free: 402859K (29%)
----------------- Invoking toplevel() on ptolemy.moml.MoMLSimpleApplication@639232ae
----------------- Done invoking toplevel() on ptolemy.moml.MoMLSimpleApplication@639232ae
reloadAllAccessors: .RunningMaximum

===========================================================================================
----------------- testing Sat Apr 06 03:54:30 UTC 2019 /home/travis/build/icyphy/ptII/ptolemy/actor/lib/test/auto/RunningMinimum.xml
----------------- Instantiating /home/travis/build/icyphy/ptII/ptolemy/actor/lib/test/auto/RunningMinimum.xml
3 ms. Memory: 1366016K Free: 390280K (29%)
----------------- Invoking toplevel() on ptolemy.moml.MoMLSimpleApplication@303d683c
----------------- Done invoking toplevel() on ptolemy.moml.MoMLSimpleApplication@303d683c
reloadAllAccessors: .RunningMinimum

===========================================================================================
----------------- testing Sat Apr 06 03:54:30 UTC 2019 /home/travis/build/icyphy/ptII/ptolemy/actor/lib/test/auto/Scale.xml
----------------- Instantiating /home/travis/build/icyphy/ptII/ptolemy/actor/lib/test/auto/Scale.xml
2 ms. Memory: 1366016K Free: 373813K (27%)
----------------- Invoking toplevel() on ptolemy.moml.MoMLSimpleApplication@131b0dbf
----------------- Done invoking toplevel() on ptolemy.moml.MoMLSimpleApplication@131b0dbf
reloadAllAccessors: .Scale

===========================================================================================
----------------- testing Sat Apr 06 03:54:30 UTC 2019 /home/travis/build/icyphy/ptII/ptolemy/actor/lib/test/auto/Scale2.xml
----------------- Instantiating /home/travis/build/icyphy/ptII/ptolemy/actor/lib/test/auto/Scale2.xml
1 ms. Memory: 1366016K Free: 357348K (26%)
----------------- Invoking toplevel() on ptolemy.moml.MoMLSimpleApplication@51c0bff7
----------------- Done invoking toplevel() on ptolemy.moml.MoMLSimpleApplication@51c0bff7
reloadAllAccessors: .Scale2

===========================================================================================
----------------- testing Sat Apr 06 03:54:30 UTC 2019 /home/travis/build/icyphy/ptII/ptolemy/actor/lib/test/auto/Scale3.xml
----------------- Instantiating /home/travis/build/icyphy/ptII/ptolemy/actor/lib/test/auto/Scale3.xml
3 ms. Memory: 1366016K Free: 344768K (25%)
----------------- Invoking toplevel() on ptolemy.moml.MoMLSimpleApplication@520ea11b
----------------- Done invoking toplevel() on ptolemy.moml.MoMLSimpleApplication@520ea11b
reloadAllAccessors: .Scale3

===========================================================================================
----------------- testing Sat Apr 06 03:54:30 UTC 2019 /home/travis/build/icyphy/ptII/ptolemy/actor/lib/test/auto/ScaleArray.xml
----------------- Instantiating /home/travis/build/icyphy/ptII/ptolemy/actor/lib/test/auto/ScaleArray.xml
2 ms. Memory: 1366016K Free: 328302K (24%)
----------------- Invoking toplevel() on ptolemy.moml.MoMLSimpleApplication@69f715e9
----------------- Done invoking toplevel() on ptolemy.moml.MoMLSimpleApplication@69f715e9
reloadAllAccessors: .ScaleArray

===========================================================================================
----------------- testing Sat Apr 06 03:54:30 UTC 2019 /home/travis/build/icyphy/ptII/ptolemy/actor/lib/test/auto/ScaleArray2.xml
----------------- Instantiating /home/travis/build/icyphy/ptII/ptolemy/actor/lib/test/auto/ScaleArray2.xml
1 ms. Memory: 1366016K Free: 311836K (23%)
----------------- Invoking toplevel() on ptolemy.moml.MoMLSimpleApplication@5d43fa93
----------------- Done invoking toplevel() on ptolemy.moml.MoMLSimpleApplication@5d43fa93
reloadAllAccessors: .ScaleArray2

===========================================================================================
----------------- testing Sat Apr 06 03:54:30 UTC 2019 /home/travis/build/icyphy/ptII/ptolemy/actor/lib/test/auto/ScaleMatrix.xml
----------------- Instantiating /home/travis/build/icyphy/ptII/ptolemy/actor/lib/test/auto/ScaleMatrix.xml
102 ms. Memory: 1366016K Free: 292966K (21%)
----------------- Invoking toplevel() on ptolemy.moml.MoMLSimpleApplication@634acb62
----------------- Done invoking toplevel() on ptolemy.moml.MoMLSimpleApplication@634acb62
reloadAllAccessors: .ScaleMatrix

===========================================================================================
----------------- testing Sat Apr 06 03:54:30 UTC 2019 /home/travis/build/icyphy/ptII/ptolemy/actor/lib/test/auto/Select.xml
----------------- Instantiating /home/travis/build/icyphy/ptII/ptolemy/actor/lib/test/auto/Select.xml
2 ms. Memory: 1366016K Free: 276500K (20%)
----------------- Invoking toplevel() on ptolemy.moml.MoMLSimpleApplication@2cca3c27
----------------- Done invoking toplevel() on ptolemy.moml.MoMLSimpleApplication@2cca3c27
reloadAllAccessors: .Select

===========================================================================================
----------------- testing Sat Apr 06 03:54:30 UTC 2019 /home/travis/build/icyphy/ptII/ptolemy/actor/lib/test/auto/Select2.xml
----------------- Instantiating /home/travis/build/icyphy/ptII/ptolemy/actor/lib/test/auto/Select2.xml
1 ms. Memory: 1366016K Free: 260034K (19%)
----------------- Invoking toplevel() on ptolemy.moml.MoMLSimpleApplication@2c015762
----------------- Done invoking toplevel() on ptolemy.moml.MoMLSimpleApplication@2c015762
reloadAllAccessors: .Select2

===========================================================================================
----------------- testing Sat Apr 06 03:54:30 UTC 2019 /home/travis/build/icyphy/ptII/ptolemy/actor/lib/test/auto/SequenceToArray2.xml
----------------- Instantiating /home/travis/build/icyphy/ptII/ptolemy/actor/lib/test/auto/SequenceToArray2.xml
71 ms. Memory: 1366016K Free: 184547K (14%)
----------------- Invoking toplevel() on ptolemy.moml.MoMLSimpleApplication@2d47ee91
----------------- Done invoking toplevel() on ptolemy.moml.MoMLSimpleApplication@2d47ee91
reloadAllAccessors: .SequenceToArray2

===========================================================================================
----------------- testing Sat Apr 06 03:54:30 UTC 2019 /home/travis/build/icyphy/ptII/ptolemy/actor/lib/test/auto/SequentialClock.xml
----------------- Instantiating /home/travis/build/icyphy/ptII/ptolemy/actor/lib/test/auto/SequentialClock.xml
1 ms. Memory: 1366016K Free: 168081K (12%)
----------------- Invoking toplevel() on ptolemy.moml.MoMLSimpleApplication@3a8b870
----------------- Done invoking toplevel() on ptolemy.moml.MoMLSimpleApplication@3a8b870
reloadAllAccessors: .SequentialClock

===========================================================================================
----------------- testing Sat Apr 06 03:54:30 UTC 2019 /home/travis/build/icyphy/ptII/ptolemy/actor/lib/test/auto/SetVariable.xml
----------------- Instantiating /home/travis/build/icyphy/ptII/ptolemy/actor/lib/test/auto/SetVariable.xml
2 ms. Memory: 1366016K Free: 151615K (11%)
----------------- Invoking toplevel() on ptolemy.moml.MoMLSimpleApplication@3954d7e1
----------------- Done invoking toplevel() on ptolemy.moml.MoMLSimpleApplication@3954d7e1
reloadAllAccessors: .SetVariable

===========================================================================================
----------------- testing Sat Apr 06 03:54:30 UTC 2019 /home/travis/build/icyphy/ptII/ptolemy/actor/lib/test/auto/SetVariable2.xml
----------------- Instantiating /home/travis/build/icyphy/ptII/ptolemy/actor/lib/test/auto/SetVariable2.xml
4 ms. Memory: 1366016K Free: 135149K (10%)
----------------- Invoking toplevel() on ptolemy.moml.MoMLSimpleApplication@4d71e84c
----------------- Done invoking toplevel() on ptolemy.moml.MoMLSimpleApplication@4d71e84c
reloadAllAccessors: .SetVariable2

===========================================================================================
----------------- testing Sat Apr 06 03:54:30 UTC 2019 /home/travis/build/icyphy/ptII/ptolemy/actor/lib/test/auto/SetVariable3.xml
----------------- Instantiating /home/travis/build/icyphy/ptII/ptolemy/actor/lib/test/auto/SetVariable3.xml
9 ms. Memory: 1366016K Free: 122570K (9%)
----------------- Invoking toplevel() on ptolemy.moml.MoMLSimpleApplication@6aa7ede4
----------------- Done invoking toplevel() on ptolemy.moml.MoMLSimpleApplication@6aa7ede4
reloadAllAccessors: .SetVariable3

===========================================================================================
----------------- testing Sat Apr 06 03:54:30 UTC 2019 /home/travis/build/icyphy/ptII/ptolemy/actor/lib/test/auto/SetVariable4.xml
----------------- Instantiating /home/travis/build/icyphy/ptII/ptolemy/actor/lib/test/auto/SetVariable4.xml
24 ms. Memory: 1371136K Free: 1309161K (95%)
----------------- Invoking toplevel() on ptolemy.moml.MoMLSimpleApplication@736c744
----------------- Done invoking toplevel() on ptolemy.moml.MoMLSimpleApplication@736c744
reloadAllAccessors: .SetVariable4

===========================================================================================
----------------- testing Sat Apr 06 03:54:30 UTC 2019 /home/travis/build/icyphy/ptII/ptolemy/actor/lib/test/auto/SetVariable5.xml
----------------- Instantiating /home/travis/build/icyphy/ptII/ptolemy/actor/lib/test/auto/SetVariable5.xml
13 ms. Memory: 1371136K Free: 1290419K (94%)
----------------- Invoking toplevel() on ptolemy.moml.MoMLSimpleApplication@7286656
----------------- Done invoking toplevel() on ptolemy.moml.MoMLSimpleApplication@7286656
reloadAllAccessors: .SetVariable5

===========================================================================================
----------------- testing Sat Apr 06 03:54:30 UTC 2019 /home/travis/build/icyphy/ptII/ptolemy/actor/lib/test/auto/Sinewave.xml
----------------- Instantiating /home/travis/build/icyphy/ptII/ptolemy/actor/lib/test/auto/Sinewave.xml
4 ms. Memory: 1371136K Free: 1274819K (93%)
----------------- Invoking toplevel() on ptolemy.moml.MoMLSimpleApplication@5a09e5c6
----------------- Done invoking toplevel() on ptolemy.moml.MoMLSimpleApplication@5a09e5c6
reloadAllAccessors: .Sinewave

===========================================================================================
----------------- testing Sat Apr 06 03:54:30 UTC 2019 /home/travis/build/icyphy/ptII/ptolemy/actor/lib/test/auto/Sinewave2.xml
----------------- Instantiating /home/travis/build/icyphy/ptII/ptolemy/actor/lib/test/auto/Sinewave2.xml
5 ms. Memory: 1371136K Free: 1259226K (92%)
----------------- Invoking toplevel() on ptolemy.moml.MoMLSimpleApplication@63ba047b
----------------- Done invoking toplevel() on ptolemy.moml.MoMLSimpleApplication@63ba047b
reloadAllAccessors: .Sinewave2

===========================================================================================
----------------- testing Sat Apr 06 03:54:30 UTC 2019 /home/travis/build/icyphy/ptII/ptolemy/actor/lib/test/auto/Sinewave3.xml
----------------- Instantiating /home/travis/build/icyphy/ptII/ptolemy/actor/lib/test/auto/Sinewave3.xml
11 ms. Memory: 1371136K Free: 1243626K (91%)
----------------- Invoking toplevel() on ptolemy.moml.MoMLSimpleApplication@3eddeb5a
----------------- Done invoking toplevel() on ptolemy.moml.MoMLSimpleApplication@3eddeb5a
reloadAllAccessors: .Sinewave3

===========================================================================================
----------------- testing Sat Apr 06 03:54:30 UTC 2019 /home/travis/build/icyphy/ptII/ptolemy/actor/lib/test/auto/SingleEvent.xml
----------------- Instantiating /home/travis/build/icyphy/ptII/ptolemy/actor/lib/test/auto/SingleEvent.xml
1 ms. Memory: 1371136K Free: 1232236K (90%)
----------------- Invoking toplevel() on ptolemy.moml.MoMLSimpleApplication@3f9e34db
----------------- Done invoking toplevel() on ptolemy.moml.MoMLSimpleApplication@3f9e34db
reloadAllAccessors: .SingleEvent

===========================================================================================
----------------- testing Sat Apr 06 03:54:30 UTC 2019 /home/travis/build/icyphy/ptII/ptolemy/actor/lib/test/auto/Sleep.xml
----------------- Instantiating /home/travis/build/icyphy/ptII/ptolemy/actor/lib/test/auto/Sleep.xml
6003 ms. Memory: 1371136K Free: 1220845K (89%)
----------------- Invoking toplevel() on ptolemy.moml.MoMLSimpleApplication@c5406f2
----------------- Done invoking toplevel() on ptolemy.moml.MoMLSimpleApplication@c5406f2
reloadAllAccessors: .Sleep

===========================================================================================
----------------- testing Sat Apr 06 03:54:36 UTC 2019 /home/travis/build/icyphy/ptII/ptolemy/actor/lib/test/auto/SleepMultipleFire.xml
----------------- Instantiating /home/travis/build/icyphy/ptII/ptolemy/actor/lib/test/auto/SleepMultipleFire.xml
1005 ms. Memory: 1371136K Free: 1209454K (88%)
----------------- Invoking toplevel() on ptolemy.moml.MoMLSimpleApplication@57e55a69
----------------- Done invoking toplevel() on ptolemy.moml.MoMLSimpleApplication@57e55a69
reloadAllAccessors: .SleepMultipleFire

===========================================================================================
----------------- testing Sat Apr 06 03:54:37 UTC 2019 /home/travis/build/icyphy/ptII/ptolemy/actor/lib/test/auto/StopDE.xml
----------------- Instantiating /home/travis/build/icyphy/ptII/ptolemy/actor/lib/test/auto/StopDE.xml
3 ms. Memory: 1371136K Free: 1201068K (88%)
----------------- Invoking toplevel() on ptolemy.moml.MoMLSimpleApplication@1e3a14f8
----------------- Done invoking toplevel() on ptolemy.moml.MoMLSimpleApplication@1e3a14f8
reloadAllAccessors: .StopDE

===========================================================================================
----------------- testing Sat Apr 06 03:54:37 UTC 2019 /home/travis/build/icyphy/ptII/ptolemy/actor/lib/test/auto/StopSDF.xml
----------------- Instantiating /home/travis/build/icyphy/ptII/ptolemy/actor/lib/test/auto/StopSDF.xml
2 ms. Memory: 1371136K Free: 1189677K (87%)
----------------- Invoking toplevel() on ptolemy.moml.MoMLSimpleApplication@69e9b155
----------------- Done invoking toplevel() on ptolemy.moml.MoMLSimpleApplication@69e9b155
reloadAllAccessors: .StopSDF

===========================================================================================
----------------- testing Sat Apr 06 03:54:37 UTC 2019 /home/travis/build/icyphy/ptII/ptolemy/actor/lib/test/auto/StringConstant.xml
----------------- Instantiating /home/travis/build/icyphy/ptII/ptolemy/actor/lib/test/auto/StringConstant.xml
1 ms. Memory: 1371136K Free: 1178286K (86%)
----------------- Invoking toplevel() on ptolemy.moml.MoMLSimpleApplication@3e43ea33
----------------- Done invoking toplevel() on ptolemy.moml.MoMLSimpleApplication@3e43ea33
reloadAllAccessors: .StringConstant

===========================================================================================
----------------- testing Sat Apr 06 03:54:38 UTC 2019 /home/travis/build/icyphy/ptII/ptolemy/actor/lib/test/auto/SubscriberPortInitialValues1.xml
----------------- Instantiating /home/travis/build/icyphy/ptII/ptolemy/actor/lib/test/auto/SubscriberPortInitialValues1.xml
5 ms. Memory: 1371136K Free: 1162686K (85%)
----------------- Invoking toplevel() on ptolemy.moml.MoMLSimpleApplication@3bc34233
----------------- Done invoking toplevel() on ptolemy.moml.MoMLSimpleApplication@3bc34233
reloadAllAccessors: .SubscriberPortInitialValues1

===========================================================================================
----------------- testing Sat Apr 06 03:54:38 UTC 2019 /home/travis/build/icyphy/ptII/ptolemy/actor/lib/test/auto/SubscriberPortInitialValues13.xml
----------------- Instantiating /home/travis/build/icyphy/ptII/ptolemy/actor/lib/test/auto/SubscriberPortInitialValues13.xml
4 ms. Memory: 1371136K Free: 1142884K (83%)
----------------- Invoking toplevel() on ptolemy.moml.MoMLSimpleApplication@753a98cb
----------------- Done invoking toplevel() on ptolemy.moml.MoMLSimpleApplication@753a98cb
reloadAllAccessors: .SubscriberPortInitialValues13

===========================================================================================
----------------- testing Sat Apr 06 03:54:38 UTC 2019 /home/travis/build/icyphy/ptII/ptolemy/actor/lib/test/auto/SubscriberPortInitialValues14.xml
----------------- Instantiating /home/travis/build/icyphy/ptII/ptolemy/actor/lib/test/auto/SubscriberPortInitialValues14.xml
4 ms. Memory: 1371136K Free: 1127292K (82%)
----------------- Invoking toplevel() on ptolemy.moml.MoMLSimpleApplication@34397326
----------------- Done invoking toplevel() on ptolemy.moml.MoMLSimpleApplication@34397326
reloadAllAccessors: .SubscriberPortInitialValues14

===========================================================================================
----------------- testing Sat Apr 06 03:54:38 UTC 2019 /home/travis/build/icyphy/ptII/ptolemy/actor/lib/test/auto/SubscriberPortInitialValues2.xml
----------------- Instantiating /home/travis/build/icyphy/ptII/ptolemy/actor/lib/test/auto/SubscriberPortInitialValues2.xml
4 ms. Memory: 1371136K Free: 1111700K (81%)
----------------- Invoking toplevel() on ptolemy.moml.MoMLSimpleApplication@1ad51598
----------------- Done invoking toplevel() on ptolemy.moml.MoMLSimpleApplication@1ad51598
reloadAllAccessors: .SubscriberPortInitialValues2

===========================================================================================
----------------- testing Sat Apr 06 03:54:38 UTC 2019 /home/travis/build/icyphy/ptII/ptolemy/actor/lib/test/auto/SubscriberPortInitialValues3.xml
----------------- Instantiating /home/travis/build/icyphy/ptII/ptolemy/actor/lib/test/auto/SubscriberPortInitialValues3.xml
4 ms. Memory: 1371136K Free: 1096100K (80%)
----------------- Invoking toplevel() on ptolemy.moml.MoMLSimpleApplication@63e92c90
----------------- Done invoking toplevel() on ptolemy.moml.MoMLSimpleApplication@63e92c90
reloadAllAccessors: .SubscriberPortInitialValues3

===========================================================================================
----------------- testing Sat Apr 06 03:54:38 UTC 2019 /home/travis/build/icyphy/ptII/ptolemy/actor/lib/test/auto/SubscriptionAggregator.xml
----------------- Instantiating /home/travis/build/icyphy/ptII/ptolemy/actor/lib/test/auto/SubscriptionAggregator.xml
7 ms. Memory: 1371136K Free: 1087714K (79%)
----------------- Invoking toplevel() on ptolemy.moml.MoMLSimpleApplication@3e614aea
----------------- Done invoking toplevel() on ptolemy.moml.MoMLSimpleApplication@3e614aea
reloadAllAccessors: .SubscriptionAggregator

===========================================================================================
----------------- testing Sat Apr 06 03:54:38 UTC 2019 /home/travis/build/icyphy/ptII/ptolemy/actor/lib/test/auto/SubscriptionAggregator2.xml
----------------- Instantiating /home/travis/build/icyphy/ptII/ptolemy/actor/lib/test/auto/SubscriptionAggregator2.xml
6 ms. Memory: 1371136K Free: 1076323K (78%)
----------------- Invoking toplevel() on ptolemy.moml.MoMLSimpleApplication@2c9d41d3
----------------- Done invoking toplevel() on ptolemy.moml.MoMLSimpleApplication@2c9d41d3
reloadAllAccessors: .SubscriptionAggregator2

===========================================================================================
----------------- testing Sat Apr 06 03:54:38 UTC 2019 /home/travis/build/icyphy/ptII/ptolemy/actor/lib/test/auto/SubscriptionAggregator3.xml
----------------- Instantiating /home/travis/build/icyphy/ptII/ptolemy/actor/lib/test/auto/SubscriptionAggregator3.xml
3 ms. Memory: 1371136K Free: 1060723K (77%)
----------------- Invoking toplevel() on ptolemy.moml.MoMLSimpleApplication@4a3dba34
----------------- Done invoking toplevel() on ptolemy.moml.MoMLSimpleApplication@4a3dba34
reloadAllAccessors: .SubscriptionAggregator3

===========================================================================================
----------------- testing Sat Apr 06 03:54:38 UTC 2019 /home/travis/build/icyphy/ptII/ptolemy/actor/lib/test/auto/SubscriptionAggregatorMultiply.xml
----------------- Instantiating /home/travis/build/icyphy/ptII/ptolemy/actor/lib/test/auto/SubscriptionAggregatorMultiply.xml
3 ms. Memory: 1371136K Free: 1045131K (76%)
----------------- Invoking toplevel() on ptolemy.moml.MoMLSimpleApplication@5e054f4c
----------------- Done invoking toplevel() on ptolemy.moml.MoMLSimpleApplication@5e054f4c
reloadAllAccessors: .SubscriptionAggregatorMultiply

===========================================================================================
----------------- testing Sat Apr 06 03:54:38 UTC 2019 /home/travis/build/icyphy/ptII/ptolemy/actor/lib/test/auto/SubscriptionAggregatorPortMultiply1.xml
----------------- Instantiating /home/travis/build/icyphy/ptII/ptolemy/actor/lib/test/auto/SubscriptionAggregatorPortMultiply1.xml
3 ms. Memory: 1371136K Free: 1029539K (75%)
----------------- Invoking toplevel() on ptolemy.moml.MoMLSimpleApplication@6d801dca
----------------- Done invoking toplevel() on ptolemy.moml.MoMLSimpleApplication@6d801dca
reloadAllAccessors: .SubscriptionAggregatorPortMultiply1

===========================================================================================
----------------- testing Sat Apr 06 03:54:38 UTC 2019 /home/travis/build/icyphy/ptII/ptolemy/actor/lib/test/auto/Switch.xml
----------------- Instantiating /home/travis/build/icyphy/ptII/ptolemy/actor/lib/test/auto/Switch.xml
4 ms. Memory: 1371136K Free: 992988K (72%)
----------------- Invoking toplevel() on ptolemy.moml.MoMLSimpleApplication@71d8f7c1
----------------- Done invoking toplevel() on ptolemy.moml.MoMLSimpleApplication@71d8f7c1
reloadAllAccessors: .Switch

===========================================================================================
----------------- testing Sat Apr 06 03:54:38 UTC 2019 /home/travis/build/icyphy/ptII/ptolemy/actor/lib/test/auto/Switch2.xml
----------------- Instantiating /home/travis/build/icyphy/ptII/ptolemy/actor/lib/test/auto/Switch2.xml
1 ms. Memory: 1371136K Free: 981598K (72%)
----------------- Invoking toplevel() on ptolemy.moml.MoMLSimpleApplication@37f225a9
----------------- Done invoking toplevel() on ptolemy.moml.MoMLSimpleApplication@37f225a9
reloadAllAccessors: .Switch2

===========================================================================================
----------------- testing Sat Apr 06 03:54:38 UTC 2019 /home/travis/build/icyphy/ptII/ptolemy/actor/lib/test/auto/SwitchDE.xml
----------------- Instantiating /home/travis/build/icyphy/ptII/ptolemy/actor/lib/test/auto/SwitchDE.xml
1 ms. Memory: 1371136K Free: 970207K (71%)
----------------- Invoking toplevel() on ptolemy.moml.MoMLSimpleApplication@4eb1127b
----------------- Done invoking toplevel() on ptolemy.moml.MoMLSimpleApplication@4eb1127b
reloadAllAccessors: .SwitchDE

===========================================================================================
----------------- testing Sat Apr 06 03:54:38 UTC 2019 /home/travis/build/icyphy/ptII/ptolemy/actor/lib/test/auto/SynchronizerDE.xml
----------------- Instantiating /home/travis/build/icyphy/ptII/ptolemy/actor/lib/test/auto/SynchronizerDE.xml
3 ms. Memory: 1371136K Free: 957619K (70%)
----------------- Invoking toplevel() on ptolemy.moml.MoMLSimpleApplication@3afef15f
----------------- Done invoking toplevel() on ptolemy.moml.MoMLSimpleApplication@3afef15f
reloadAllAccessors: .SynchronizerDE

===========================================================================================
----------------- testing Sat Apr 06 03:54:38 UTC 2019 /home/travis/build/icyphy/ptII/ptolemy/actor/lib/test/auto/Test.xml
----------------- Instantiating /home/travis/build/icyphy/ptII/ptolemy/actor/lib/test/auto/Test.xml
2 ms. Memory: 1371136K Free: 946228K (69%)
----------------- Invoking toplevel() on ptolemy.moml.MoMLSimpleApplication@79cf9433
----------------- Done invoking toplevel() on ptolemy.moml.MoMLSimpleApplication@79cf9433
reloadAllAccessors: .Test

===========================================================================================
----------------- testing Sat Apr 06 03:54:38 UTC 2019 /home/travis/build/icyphy/ptII/ptolemy/actor/lib/test/auto/TestExceptionAttribute1.xml
----------------- Instantiating /home/travis/build/icyphy/ptII/ptolemy/actor/lib/test/auto/TestExceptionAttribute1.xml
1 ms. Memory: 1371136K Free: 934837K (68%)
----------------- Invoking toplevel() on ptolemy.moml.MoMLSimpleApplication@79b05ff5
----------------- Done invoking toplevel() on ptolemy.moml.MoMLSimpleApplication@79b05ff5
reloadAllAccessors: .TestExceptionAttribute1

===========================================================================================
----------------- testing Sat Apr 06 03:54:38 UTC 2019 /home/travis/build/icyphy/ptII/ptolemy/actor/lib/test/auto/TestExceptionAttribute2.xml
----------------- Instantiating /home/travis/build/icyphy/ptII/ptolemy/actor/lib/test/auto/TestExceptionAttribute2.xml
1 ms. Memory: 1371136K Free: 923447K (67%)
----------------- Invoking toplevel() on ptolemy.moml.MoMLSimpleApplication@2a7de28a
----------------- Done invoking toplevel() on ptolemy.moml.MoMLSimpleApplication@2a7de28a
reloadAllAccessors: .TestExceptionAttribute2

===========================================================================================
----------------- testing Sat Apr 06 03:54:38 UTC 2019 /home/travis/build/icyphy/ptII/ptolemy/actor/lib/test/auto/TestExceptionAttribute3.xml
----------------- Instantiating /home/travis/build/icyphy/ptII/ptolemy/actor/lib/test/auto/TestExceptionAttribute3.xml
.TestExceptionAttribute3.TestExceptionAttribute: initialize() was not invoked, but wrapup() was.  This is unusual, but not always a problem.  For example, exporting JNLP will do this.
0 ms. Memory: 1371136K Free: 912056K (67%)
----------------- Invoking toplevel() on ptolemy.moml.MoMLSimpleApplication@1ff52501
----------------- Done invoking toplevel() on ptolemy.moml.MoMLSimpleApplication@1ff52501
reloadAllAccessors: .TestExceptionAttribute3

===========================================================================================
----------------- testing Sat Apr 06 03:54:38 UTC 2019 /home/travis/build/icyphy/ptII/ptolemy/actor/lib/test/auto/TestExceptionAttribute4.xml
----------------- Instantiating /home/travis/build/icyphy/ptII/ptolemy/actor/lib/test/auto/TestExceptionAttribute4.xml
.TestExceptionAttribute4.TestExceptionAttribute: initialize() was not invoked, but wrapup() was.  This is unusual, but not always a problem.  For example, exporting JNLP will do this.
.TestExceptionAttribute4.TestExceptionAttribute2: initialize() was not invoked, but wrapup() was.  This is unusual, but not always a problem.  For example, exporting JNLP will do this.
0 ms. Memory: 1371136K Free: 900665K (66%)
----------------- Invoking toplevel() on ptolemy.moml.MoMLSimpleApplication@2ef8ec1b
----------------- Done invoking toplevel() on ptolemy.moml.MoMLSimpleApplication@2ef8ec1b
reloadAllAccessors: .TestExceptionAttribute4

===========================================================================================
----------------- testing Sat Apr 06 03:54:38 UTC 2019 /home/travis/build/icyphy/ptII/ptolemy/actor/lib/test/auto/TestExceptionHandler1.xml
----------------- Instantiating /home/travis/build/icyphy/ptII/ptolemy/actor/lib/test/auto/TestExceptionHandler1.xml
1 ms. Memory: 1371136K Free: 889274K (65%)
----------------- Invoking toplevel() on ptolemy.moml.MoMLSimpleApplication@4b4f9d1f
----------------- Done invoking toplevel() on ptolemy.moml.MoMLSimpleApplication@4b4f9d1f
reloadAllAccessors: .TestExceptionHandler1

===========================================================================================
----------------- testing Sat Apr 06 03:54:38 UTC 2019 /home/travis/build/icyphy/ptII/ptolemy/actor/lib/test/auto/TestExceptionHandler2.xml
----------------- Instantiating /home/travis/build/icyphy/ptII/ptolemy/actor/lib/test/auto/TestExceptionHandler2.xml
2 ms. Memory: 1371136K Free: 877883K (64%)
----------------- Invoking toplevel() on ptolemy.moml.MoMLSimpleApplication@14e0c6e0
----------------- Done invoking toplevel() on ptolemy.moml.MoMLSimpleApplication@14e0c6e0
reloadAllAccessors: .TestExceptionHandler2

===========================================================================================
----------------- testing Sat Apr 06 03:54:38 UTC 2019 /home/travis/build/icyphy/ptII/ptolemy/actor/lib/test/auto/TestExceptionHandler3.xml
----------------- Instantiating /home/travis/build/icyphy/ptII/ptolemy/actor/lib/test/auto/TestExceptionHandler3.xml
0 ms. Memory: 1371136K Free: 866493K (63%)
----------------- Invoking toplevel() on ptolemy.moml.MoMLSimpleApplication@69845e55
----------------- Done invoking toplevel() on ptolemy.moml.MoMLSimpleApplication@69845e55
reloadAllAccessors: .TestExceptionHandler3

===========================================================================================
----------------- testing Sat Apr 06 03:54:38 UTC 2019 /home/travis/build/icyphy/ptII/ptolemy/actor/lib/test/auto/TestExceptionHandler4.xml
----------------- Instantiating /home/travis/build/icyphy/ptII/ptolemy/actor/lib/test/auto/TestExceptionHandler4.xml
1 ms. Memory: 1371136K Free: 858106K (63%)
----------------- Invoking toplevel() on ptolemy.moml.MoMLSimpleApplication@70ec0c21
----------------- Done invoking toplevel() on ptolemy.moml.MoMLSimpleApplication@70ec0c21
reloadAllAccessors: .TestExceptionHandler4

===========================================================================================
----------------- testing Sat Apr 06 03:54:38 UTC 2019 /home/travis/build/icyphy/ptII/ptolemy/actor/lib/test/auto/TestRequireCorrectOrder.xml
----------------- Instantiating /home/travis/build/icyphy/ptII/ptolemy/actor/lib/test/auto/TestRequireCorrectOrder.xml
2 ms. Memory: 1371136K Free: 846715K (62%)
----------------- Invoking toplevel() on ptolemy.moml.MoMLSimpleApplication@56134058
----------------- Done invoking toplevel() on ptolemy.moml.MoMLSimpleApplication@56134058
reloadAllAccessors: .TestRequireCorrectOrder

===========================================================================================
----------------- testing Sat Apr 06 03:54:38 UTC 2019 /home/travis/build/icyphy/ptII/ptolemy/actor/lib/test/auto/TestSimple.xml
----------------- Instantiating /home/travis/build/icyphy/ptII/ptolemy/actor/lib/test/auto/TestSimple.xml
3 ms. Memory: 1371136K Free: 835324K (61%)
----------------- Invoking toplevel() on ptolemy.moml.MoMLSimpleApplication@753a0bdf
----------------- Done invoking toplevel() on ptolemy.moml.MoMLSimpleApplication@753a0bdf
reloadAllAccessors: .TestSimple

===========================================================================================
----------------- testing Sat Apr 06 03:54:38 UTC 2019 /home/travis/build/icyphy/ptII/ptolemy/actor/lib/test/auto/ThrowModelError.xml
----------------- Instantiating /home/travis/build/icyphy/ptII/ptolemy/actor/lib/test/auto/ThrowModelError.xml
1 ms. Memory: 1371136K Free: 823934K (60%)
----------------- Invoking toplevel() on ptolemy.moml.MoMLSimpleApplication@52a7711a
----------------- Done invoking toplevel() on ptolemy.moml.MoMLSimpleApplication@52a7711a
reloadAllAccessors: .ThrowModelError

===========================================================================================
----------------- testing Sat Apr 06 03:54:38 UTC 2019 /home/travis/build/icyphy/ptII/ptolemy/actor/lib/test/auto/TimeDelayMicrosteps.xml
----------------- Instantiating /home/travis/build/icyphy/ptII/ptolemy/actor/lib/test/auto/TimeDelayMicrosteps.xml
3 ms. Memory: 1371136K Free: 812543K (59%)
----------------- Invoking toplevel() on ptolemy.moml.MoMLSimpleApplication@1d42954d
----------------- Done invoking toplevel() on ptolemy.moml.MoMLSimpleApplication@1d42954d
reloadAllAccessors: .TimeDelayMicrosteps

===========================================================================================
----------------- testing Sat Apr 06 03:54:38 UTC 2019 /home/travis/build/icyphy/ptII/ptolemy/actor/lib/test/auto/TimeDelayMicrosteps2.xml
----------------- Instantiating /home/travis/build/icyphy/ptII/ptolemy/actor/lib/test/auto/TimeDelayMicrosteps2.xml
3 ms. Memory: 1371136K Free: 796943K (58%)
----------------- Invoking toplevel() on ptolemy.moml.MoMLSimpleApplication@2bfcf403
----------------- Done invoking toplevel() on ptolemy.moml.MoMLSimpleApplication@2bfcf403
reloadAllAccessors: .TimeDelayMicrosteps2

===========================================================================================
----------------- testing Sat Apr 06 03:54:38 UTC 2019 /home/travis/build/icyphy/ptII/ptolemy/actor/lib/test/auto/TimeDelayMicrosteps3.xml
----------------- Instantiating /home/travis/build/icyphy/ptII/ptolemy/actor/lib/test/auto/TimeDelayMicrosteps3.xml
2 ms. Memory: 1371136K Free: 785552K (57%)
----------------- Invoking toplevel() on ptolemy.moml.MoMLSimpleApplication@707a5ab7
----------------- Done invoking toplevel() on ptolemy.moml.MoMLSimpleApplication@707a5ab7
reloadAllAccessors: .TimeDelayMicrosteps3

===========================================================================================
----------------- testing Sat Apr 06 03:54:38 UTC 2019 /home/travis/build/icyphy/ptII/ptolemy/actor/lib/test/auto/TimeDelayVariableMicrosteps.xml
----------------- Instantiating /home/travis/build/icyphy/ptII/ptolemy/actor/lib/test/auto/TimeDelayVariableMicrosteps.xml
3 ms. Memory: 1371136K Free: 774161K (56%)
----------------- Invoking toplevel() on ptolemy.moml.MoMLSimpleApplication@18ca9679
----------------- Done invoking toplevel() on ptolemy.moml.MoMLSimpleApplication@18ca9679
reloadAllAccessors: .TimeDelayVariableMicrosteps

===========================================================================================
----------------- testing Sat Apr 06 03:54:38 UTC 2019 /home/travis/build/icyphy/ptII/ptolemy/actor/lib/test/auto/TimeGap.xml
----------------- Instantiating /home/travis/build/icyphy/ptII/ptolemy/actor/lib/test/auto/TimeGap.xml
10 ms. Memory: 1371136K Free: 762771K (56%)
----------------- Invoking toplevel() on ptolemy.moml.MoMLSimpleApplication@7bbe0ad
----------------- Done invoking toplevel() on ptolemy.moml.MoMLSimpleApplication@7bbe0ad
reloadAllAccessors: .TimeGap

===========================================================================================
----------------- testing Sat Apr 06 03:54:38 UTC 2019 /home/travis/build/icyphy/ptII/ptolemy/actor/lib/test/auto/TimeGap2.xml
----------------- Instantiating /home/travis/build/icyphy/ptII/ptolemy/actor/lib/test/auto/TimeGap2.xml
1 ms. Memory: 1371136K Free: 754384K (55%)
----------------- Invoking toplevel() on ptolemy.moml.MoMLSimpleApplication@106eb48e
----------------- Done invoking toplevel() on ptolemy.moml.MoMLSimpleApplication@106eb48e
reloadAllAccessors: .TimeGap2

===========================================================================================
----------------- testing Sat Apr 06 03:54:38 UTC 2019 /home/travis/build/icyphy/ptII/ptolemy/actor/lib/test/auto/TimedSinewave.xml
----------------- Instantiating /home/travis/build/icyphy/ptII/ptolemy/actor/lib/test/auto/TimedSinewave.xml
26 ms. Memory: 1371136K Free: 734575K (54%)
----------------- Invoking toplevel() on ptolemy.moml.MoMLSimpleApplication@68ac46f0
----------------- Done invoking toplevel() on ptolemy.moml.MoMLSimpleApplication@68ac46f0
reloadAllAccessors: .TimedSinewave

===========================================================================================
----------------- testing Sat Apr 06 03:54:38 UTC 2019 /home/travis/build/icyphy/ptII/ptolemy/actor/lib/test/auto/TimedSinewavePhase.xml
----------------- Instantiating /home/travis/build/icyphy/ptII/ptolemy/actor/lib/test/auto/TimedSinewavePhase.xml
10 ms. Memory: 1371136K Free: 718975K (52%)
----------------- Invoking toplevel() on ptolemy.moml.MoMLSimpleApplication@6042ffcf
----------------- Done invoking toplevel() on ptolemy.moml.MoMLSimpleApplication@6042ffcf
reloadAllAccessors: .TimedSinewavePhase

===========================================================================================
----------------- testing Sat Apr 06 03:54:38 UTC 2019 /home/travis/build/icyphy/ptII/ptolemy/actor/lib/test/auto/Timer.xml
----------------- Instantiating /home/travis/build/icyphy/ptII/ptolemy/actor/lib/test/auto/Timer.xml
2 ms. Memory: 1371136K Free: 707584K (52%)
----------------- Invoking toplevel() on ptolemy.moml.MoMLSimpleApplication@4f1bed97
----------------- Done invoking toplevel() on ptolemy.moml.MoMLSimpleApplication@4f1bed97
reloadAllAccessors: .Timer

===========================================================================================
----------------- testing Sat Apr 06 03:54:38 UTC 2019 /home/travis/build/icyphy/ptII/ptolemy/actor/lib/test/auto/TriangularDistTestModel.xml
----------------- Instantiating /home/travis/build/icyphy/ptII/ptolemy/actor/lib/test/auto/TriangularDistTestModel.xml
1 ms. Memory: 1371136K Free: 696194K (51%)
----------------- Invoking toplevel() on ptolemy.moml.MoMLSimpleApplication@2a91684c
----------------- Done invoking toplevel() on ptolemy.moml.MoMLSimpleApplication@2a91684c
reloadAllAccessors: .TriangularDistTestModel

===========================================================================================
----------------- testing Sat Apr 06 03:54:38 UTC 2019 /home/travis/build/icyphy/ptII/ptolemy/actor/lib/test/auto/TrigFunction.xml
----------------- Instantiating /home/travis/build/icyphy/ptII/ptolemy/actor/lib/test/auto/TrigFunction.xml
1 ms. Memory: 1371136K Free: 684803K (50%)
----------------- Invoking toplevel() on ptolemy.moml.MoMLSimpleApplication@76078781
----------------- Done invoking toplevel() on ptolemy.moml.MoMLSimpleApplication@76078781
reloadAllAccessors: .TrigFunction

===========================================================================================
----------------- testing Sat Apr 06 03:54:38 UTC 2019 /home/travis/build/icyphy/ptII/ptolemy/actor/lib/test/auto/TrigFunctionDE.xml
----------------- Instantiating /home/travis/build/icyphy/ptII/ptolemy/actor/lib/test/auto/TrigFunctionDE.xml
1 ms. Memory: 1371136K Free: 673412K (49%)
----------------- Invoking toplevel() on ptolemy.moml.MoMLSimpleApplication@1444506b
----------------- Done invoking toplevel() on ptolemy.moml.MoMLSimpleApplication@1444506b
reloadAllAccessors: .TrigFunctionDE

===========================================================================================
----------------- testing Sat Apr 06 03:54:38 UTC 2019 /home/travis/build/icyphy/ptII/ptolemy/actor/lib/test/auto/TrigFunctionInverse.xml
----------------- Instantiating /home/travis/build/icyphy/ptII/ptolemy/actor/lib/test/auto/TrigFunctionInverse.xml
1 ms. Memory: 1371136K Free: 662022K (48%)
----------------- Invoking toplevel() on ptolemy.moml.MoMLSimpleApplication@42e0fffa
----------------- Done invoking toplevel() on ptolemy.moml.MoMLSimpleApplication@42e0fffa
reloadAllAccessors: .TrigFunctionInverse

===========================================================================================
----------------- testing Sat Apr 06 03:54:38 UTC 2019 /home/travis/build/icyphy/ptII/ptolemy/actor/lib/test/auto/TrigFunctionTan.xml
----------------- Instantiating /home/travis/build/icyphy/ptII/ptolemy/actor/lib/test/auto/TrigFunctionTan.xml
1 ms. Memory: 1371136K Free: 650631K (47%)
----------------- Invoking toplevel() on ptolemy.moml.MoMLSimpleApplication@7f8df205
----------------- Done invoking toplevel() on ptolemy.moml.MoMLSimpleApplication@7f8df205
reloadAllAccessors: .TrigFunctionTan

===========================================================================================
----------------- testing Sat Apr 06 03:54:38 UTC 2019 /home/travis/build/icyphy/ptII/ptolemy/actor/lib/test/auto/TriggeredClock.xml
----------------- Instantiating /home/travis/build/icyphy/ptII/ptolemy/actor/lib/test/auto/TriggeredClock.xml
2 ms. Memory: 1371136K Free: 642244K (47%)
----------------- Invoking toplevel() on ptolemy.moml.MoMLSimpleApplication@3b441181
----------------- Done invoking toplevel() on ptolemy.moml.MoMLSimpleApplication@3b441181
reloadAllAccessors: .TriggeredClock

===========================================================================================
----------------- testing Sat Apr 06 03:54:38 UTC 2019 /home/travis/build/icyphy/ptII/ptolemy/actor/lib/test/auto/URLDirectoryReader.xml
----------------- Instantiating /home/travis/build/icyphy/ptII/ptolemy/actor/lib/test/auto/URLDirectoryReader.xml
46 ms. Memory: 1371136K Free: 626660K (46%)
----------------- Invoking toplevel() on ptolemy.moml.MoMLSimpleApplication@66b336d4
----------------- Done invoking toplevel() on ptolemy.moml.MoMLSimpleApplication@66b336d4
reloadAllAccessors: .URLDirectoryReader

===========================================================================================
----------------- testing Sat Apr 06 03:54:39 UTC 2019 /home/travis/build/icyphy/ptII/ptolemy/actor/lib/test/auto/URLDirectoryReader3.xml
----------------- Instantiating /home/travis/build/icyphy/ptII/ptolemy/actor/lib/test/auto/URLDirectoryReader3.xml
1070 ms. Memory: 1371136K Free: 585917K (43%)
----------------- Invoking toplevel() on ptolemy.moml.MoMLSimpleApplication@35210d00
----------------- Done invoking toplevel() on ptolemy.moml.MoMLSimpleApplication@35210d00
reloadAllAccessors: .URLDirectoryReader3

===========================================================================================
----------------- testing Sat Apr 06 03:54:40 UTC 2019 /home/travis/build/icyphy/ptII/ptolemy/actor/lib/test/auto/UnaryMathFunction.xml
----------------- Instantiating /home/travis/build/icyphy/ptII/ptolemy/actor/lib/test/auto/UnaryMathFunction.xml
2 ms. Memory: 1371136K Free: 570332K (42%)
----------------- Invoking toplevel() on ptolemy.moml.MoMLSimpleApplication@248406f0
----------------- Done invoking toplevel() on ptolemy.moml.MoMLSimpleApplication@248406f0
reloadAllAccessors: .UnaryMathFunction

===========================================================================================
----------------- testing Sat Apr 06 03:54:40 UTC 2019 /home/travis/build/icyphy/ptII/ptolemy/actor/lib/test/auto/Uniform.xml
----------------- Instantiating /home/travis/build/icyphy/ptII/ptolemy/actor/lib/test/auto/Uniform.xml
1 ms. Memory: 1371136K Free: 558941K (41%)
----------------- Invoking toplevel() on ptolemy.moml.MoMLSimpleApplication@75faa56a
----------------- Done invoking toplevel() on ptolemy.moml.MoMLSimpleApplication@75faa56a
reloadAllAccessors: .Uniform

===========================================================================================
----------------- testing Sat Apr 06 03:54:40 UTC 2019 /home/travis/build/icyphy/ptII/ptolemy/actor/lib/test/auto/UnionDisassemblerTest.xml
----------------- Instantiating /home/travis/build/icyphy/ptII/ptolemy/actor/lib/test/auto/UnionDisassemblerTest.xml
10 ms. Memory: 1371136K Free: 547550K (40%)
----------------- Invoking toplevel() on ptolemy.moml.MoMLSimpleApplication@36308f3a
----------------- Done invoking toplevel() on ptolemy.moml.MoMLSimpleApplication@36308f3a
reloadAllAccessors: .UnionDisassemblerTest

===========================================================================================
----------------- testing Sat Apr 06 03:54:40 UTC 2019 /home/travis/build/icyphy/ptII/ptolemy/actor/lib/test/auto/UtilityFunctions.xml
----------------- Instantiating /home/travis/build/icyphy/ptII/ptolemy/actor/lib/test/auto/UtilityFunctions.xml
9 ms. Memory: 1371136K Free: 536159K (39%)
----------------- Invoking toplevel() on ptolemy.moml.MoMLSimpleApplication@13f5a2cb
----------------- Done invoking toplevel() on ptolemy.moml.MoMLSimpleApplication@13f5a2cb
reloadAllAccessors: .UtilityFunctions

===========================================================================================
----------------- testing Sat Apr 06 03:54:40 UTC 2019 /home/travis/build/icyphy/ptII/ptolemy/actor/lib/test/auto/VariableSleep.xml
----------------- Instantiating /home/travis/build/icyphy/ptII/ptolemy/actor/lib/test/auto/VariableSleep.xml
504 ms. Memory: 1371136K Free: 524769K (38%)
----------------- Invoking toplevel() on ptolemy.moml.MoMLSimpleApplication@7725d760
----------------- Done invoking toplevel() on ptolemy.moml.MoMLSimpleApplication@7725d760
reloadAllAccessors: .VariableSleep

===========================================================================================
----------------- testing Sat Apr 06 03:54:40 UTC 2019 /home/travis/build/icyphy/ptII/ptolemy/actor/lib/test/auto/VectorAssemblerDisassemblerCT.xml
----------------- Instantiating /home/travis/build/icyphy/ptII/ptolemy/actor/lib/test/auto/VectorAssemblerDisassemblerCT.xml
45 ms. Memory: 1371136K Free: 496559K (36%)
----------------- Invoking toplevel() on ptolemy.moml.MoMLSimpleApplication@5aa1c56a
----------------- Done invoking toplevel() on ptolemy.moml.MoMLSimpleApplication@5aa1c56a
reloadAllAccessors: .VectorAssemblerDisassemblerCT

===========================================================================================
----------------- testing Sat Apr 06 03:54:41 UTC 2019 /home/travis/build/icyphy/ptII/ptolemy/actor/lib/test/auto/VectorAssemblerDisassemblerDE.xml
----------------- Instantiating /home/travis/build/icyphy/ptII/ptolemy/actor/lib/test/auto/VectorAssemblerDisassemblerDE.xml
2 ms. Memory: 1371136K Free: 483963K (35%)
----------------- Invoking toplevel() on ptolemy.moml.MoMLSimpleApplication@307f5f11
----------------- Done invoking toplevel() on ptolemy.moml.MoMLSimpleApplication@307f5f11
reloadAllAccessors: .VectorAssemblerDisassemblerDE

===========================================================================================
----------------- testing Sat Apr 06 03:54:41 UTC 2019 /home/travis/build/icyphy/ptII/ptolemy/actor/lib/test/auto/VectorAssemblerDisassemblerSDF.xml
----------------- Instantiating /home/travis/build/icyphy/ptII/ptolemy/actor/lib/test/auto/VectorAssemblerDisassemblerSDF.xml
2 ms. Memory: 1371136K Free: 472573K (34%)
----------------- Invoking toplevel() on ptolemy.moml.MoMLSimpleApplication@6596b0c
----------------- Done invoking toplevel() on ptolemy.moml.MoMLSimpleApplication@6596b0c
reloadAllAccessors: .VectorAssemblerDisassemblerSDF

===========================================================================================
----------------- testing Sat Apr 06 03:54:41 UTC 2019 /home/travis/build/icyphy/ptII/ptolemy/actor/lib/test/auto/WallClockTime.xml
----------------- Instantiating /home/travis/build/icyphy/ptII/ptolemy/actor/lib/test/auto/WallClockTime.xml
1004 ms. Memory: 1371136K Free: 461182K (34%)
----------------- Invoking toplevel() on ptolemy.moml.MoMLSimpleApplication@4d263119
----------------- Done invoking toplevel() on ptolemy.moml.MoMLSimpleApplication@4d263119
reloadAllAccessors: .WallClockTime

===========================================================================================
----------------- testing Sat Apr 06 03:54:42 UTC 2019 /home/travis/build/icyphy/ptII/ptolemy/actor/lib/test/auto/WidthTestWithSubscriberPublisher.xml
----------------- Instantiating /home/travis/build/icyphy/ptII/ptolemy/actor/lib/test/auto/WidthTestWithSubscriberPublisher.xml
7 ms. Memory: 1371136K Free: 437179K (32%)
----------------- Invoking toplevel() on ptolemy.moml.MoMLSimpleApplication@459fb5e7
----------------- Done invoking toplevel() on ptolemy.moml.MoMLSimpleApplication@459fb5e7
reloadAllAccessors: .WidthTestWithSubscriberPublisher

===========================================================================================
----------------- testing Sat Apr 06 03:54:42 UTC 2019 /home/travis/build/icyphy/ptII/ptolemy/actor/lib/test/auto/WidthTestWithSubscriberPublisher2.xml
----------------- Instantiating /home/travis/build/icyphy/ptII/ptolemy/actor/lib/test/auto/WidthTestWithSubscriberPublisher2.xml
2 ms. Memory: 1371136K Free: 425788K (31%)
----------------- Invoking toplevel() on ptolemy.moml.MoMLSimpleApplication@5606f059
----------------- Done invoking toplevel() on ptolemy.moml.MoMLSimpleApplication@5606f059
reloadAllAccessors: .WidthTestWithSubscriberPublisher2

===========================================================================================
----------------- testing Sat Apr 06 03:54:42 UTC 2019 /home/travis/build/icyphy/ptII/ptolemy/actor/lib/test/auto/WidthTestWithSubscriberPublisher3.xml
----------------- Instantiating /home/travis/build/icyphy/ptII/ptolemy/actor/lib/test/auto/WidthTestWithSubscriberPublisher3.xml
6 ms. Memory: 1371136K Free: 414398K (30%)
----------------- Invoking toplevel() on ptolemy.moml.MoMLSimpleApplication@67910f71
----------------- Done invoking toplevel() on ptolemy.moml.MoMLSimpleApplication@67910f71
reloadAllAccessors: .WidthTestWithSubscriberPublisher3

===========================================================================================
----------------- testing Sat Apr 06 03:54:42 UTC 2019 /home/travis/build/icyphy/ptII/ptolemy/actor/lib/test/auto/Writer.xml
----------------- Instantiating /home/travis/build/icyphy/ptII/ptolemy/actor/lib/test/auto/Writer.xml
0
1
2
3
4
9 ms. Memory: 1371136K Free: 403007K (29%)
----------------- Invoking toplevel() on ptolemy.moml.MoMLSimpleApplication@103b184b
----------------- Done invoking toplevel() on ptolemy.moml.MoMLSimpleApplication@103b184b
reloadAllAccessors: .Writer

===========================================================================================
----------------- testing Sat Apr 06 03:54:42 UTC 2019 /home/travis/build/icyphy/ptII/ptolemy/actor/lib/test/auto/array.xml
----------------- Instantiating /home/travis/build/icyphy/ptII/ptolemy/actor/lib/test/auto/array.xml
10 ms. Memory: 1371136K Free: 391616K (29%)
----------------- Invoking toplevel() on ptolemy.moml.MoMLSimpleApplication@10c798c3
----------------- Done invoking toplevel() on ptolemy.moml.MoMLSimpleApplication@10c798c3
reloadAllAccessors: .array

===========================================================================================
----------------- testing Sat Apr 06 03:54:42 UTC 2019 /home/travis/build/icyphy/ptII/ptolemy/actor/lib/test/auto/array2.xml
----------------- Instantiating /home/travis/build/icyphy/ptII/ptolemy/actor/lib/test/auto/array2.xml
2 ms. Memory: 1371136K Free: 380225K (28%)
----------------- Invoking toplevel() on ptolemy.moml.MoMLSimpleApplication@6c1f24d
----------------- Done invoking toplevel() on ptolemy.moml.MoMLSimpleApplication@6c1f24d
reloadAllAccessors: .array2

===========================================================================================
----------------- testing Sat Apr 06 03:54:42 UTC 2019 /home/travis/build/icyphy/ptII/ptolemy/actor/lib/test/auto/arrayType.xml
----------------- Instantiating /home/travis/build/icyphy/ptII/ptolemy/actor/lib/test/auto/arrayType.xml
2 ms. Memory: 1371136K Free: 368835K (27%)
----------------- Invoking toplevel() on ptolemy.moml.MoMLSimpleApplication@5c7780bc
----------------- Done invoking toplevel() on ptolemy.moml.MoMLSimpleApplication@5c7780bc
reloadAllAccessors: .arrayType

===========================================================================================
----------------- testing Sat Apr 06 03:54:42 UTC 2019 /home/travis/build/icyphy/ptII/ptolemy/actor/lib/test/auto/arrayType10.xml
----------------- Instantiating /home/travis/build/icyphy/ptII/ptolemy/actor/lib/test/auto/arrayType10.xml
2 ms. Memory: 1371136K Free: 360448K (26%)
----------------- Invoking toplevel() on ptolemy.moml.MoMLSimpleApplication@71108cb5
----------------- Done invoking toplevel() on ptolemy.moml.MoMLSimpleApplication@71108cb5
reloadAllAccessors: .arrayType10

===========================================================================================
----------------- testing Sat Apr 06 03:54:42 UTC 2019 /home/travis/build/icyphy/ptII/ptolemy/actor/lib/test/auto/arrayType11.xml
----------------- Instantiating /home/travis/build/icyphy/ptII/ptolemy/actor/lib/test/auto/arrayType11.xml
2 ms. Memory: 1371136K Free: 349058K (25%)
----------------- Invoking toplevel() on ptolemy.moml.MoMLSimpleApplication@5924ea25
----------------- Done invoking toplevel() on ptolemy.moml.MoMLSimpleApplication@5924ea25
reloadAllAccessors: .arrayType11

===========================================================================================
----------------- testing Sat Apr 06 03:54:42 UTC 2019 /home/travis/build/icyphy/ptII/ptolemy/actor/lib/test/auto/arrayType12.xml
----------------- Instantiating /home/travis/build/icyphy/ptII/ptolemy/actor/lib/test/auto/arrayType12.xml
1 ms. Memory: 1371136K Free: 337667K (25%)
----------------- Invoking toplevel() on ptolemy.moml.MoMLSimpleApplication@25dd14e7
----------------- Done invoking toplevel() on ptolemy.moml.MoMLSimpleApplication@25dd14e7
reloadAllAccessors: .arrayType12

===========================================================================================
----------------- testing Sat Apr 06 03:54:42 UTC 2019 /home/travis/build/icyphy/ptII/ptolemy/actor/lib/test/auto/arrayType13.xml
----------------- Instantiating /home/travis/build/icyphy/ptII/ptolemy/actor/lib/test/auto/arrayType13.xml
1 ms. Memory: 1371136K Free: 326276K (24%)
----------------- Invoking toplevel() on ptolemy.moml.MoMLSimpleApplication@409eae4f
----------------- Done invoking toplevel() on ptolemy.moml.MoMLSimpleApplication@409eae4f
reloadAllAccessors: .arrayType13

===========================================================================================
----------------- testing Sat Apr 06 03:54:42 UTC 2019 /home/travis/build/icyphy/ptII/ptolemy/actor/lib/test/auto/arrayType14.xml
----------------- Instantiating /home/travis/build/icyphy/ptII/ptolemy/actor/lib/test/auto/arrayType14.xml
2 ms. Memory: 1371136K Free: 314885K (23%)
----------------- Invoking toplevel() on ptolemy.moml.MoMLSimpleApplication@2233fa2c
----------------- Done invoking toplevel() on ptolemy.moml.MoMLSimpleApplication@2233fa2c
reloadAllAccessors: .arrayType14

===========================================================================================
----------------- testing Sat Apr 06 03:54:42 UTC 2019 /home/travis/build/icyphy/ptII/ptolemy/actor/lib/test/auto/arrayType15.xml
----------------- Instantiating /home/travis/build/icyphy/ptII/ptolemy/actor/lib/test/auto/arrayType15.xml
1 ms. Memory: 1371136K Free: 303495K (22%)
----------------- Invoking toplevel() on ptolemy.moml.MoMLSimpleApplication@7426648e
----------------- Done invoking toplevel() on ptolemy.moml.MoMLSimpleApplication@7426648e
reloadAllAccessors: .arrayType15

===========================================================================================
----------------- testing Sat Apr 06 03:54:42 UTC 2019 /home/travis/build/icyphy/ptII/ptolemy/actor/lib/test/auto/arrayType16.xml
----------------- Instantiating /home/travis/build/icyphy/ptII/ptolemy/actor/lib/test/auto/arrayType16.xml
1 ms. Memory: 1371136K Free: 292104K (21%)
----------------- Invoking toplevel() on ptolemy.moml.MoMLSimpleApplication@3c1dd446
----------------- Done invoking toplevel() on ptolemy.moml.MoMLSimpleApplication@3c1dd446
reloadAllAccessors: .arrayType16

===========================================================================================
----------------- testing Sat Apr 06 03:54:42 UTC 2019 /home/travis/build/icyphy/ptII/ptolemy/actor/lib/test/auto/arrayType17.xml
----------------- Instantiating /home/travis/build/icyphy/ptII/ptolemy/actor/lib/test/auto/arrayType17.xml
1 ms. Memory: 1371136K Free: 280713K (20%)
----------------- Invoking toplevel() on ptolemy.moml.MoMLSimpleApplication@318b2606
----------------- Done invoking toplevel() on ptolemy.moml.MoMLSimpleApplication@318b2606
reloadAllAccessors: .arrayType17

===========================================================================================
----------------- testing Sat Apr 06 03:54:42 UTC 2019 /home/travis/build/icyphy/ptII/ptolemy/actor/lib/test/auto/arrayType18.xml
----------------- Instantiating /home/travis/build/icyphy/ptII/ptolemy/actor/lib/test/auto/arrayType18.xml
1 ms. Memory: 1371136K Free: 269322K (20%)
----------------- Invoking toplevel() on ptolemy.moml.MoMLSimpleApplication@72601d57
----------------- Done invoking toplevel() on ptolemy.moml.MoMLSimpleApplication@72601d57
reloadAllAccessors: .arrayType18

===========================================================================================
----------------- testing Sat Apr 06 03:54:42 UTC 2019 /home/travis/build/icyphy/ptII/ptolemy/actor/lib/test/auto/arrayType19.xml
----------------- Instantiating /home/travis/build/icyphy/ptII/ptolemy/actor/lib/test/auto/arrayType19.xml
1 ms. Memory: 1371136K Free: 257931K (19%)
----------------- Invoking toplevel() on ptolemy.moml.MoMLSimpleApplication@5d08768b
----------------- Done invoking toplevel() on ptolemy.moml.MoMLSimpleApplication@5d08768b
reloadAllAccessors: .arrayType19

===========================================================================================
----------------- testing Sat Apr 06 03:54:42 UTC 2019 /home/travis/build/icyphy/ptII/ptolemy/actor/lib/test/auto/arrayType2.xml
----------------- Instantiating /home/travis/build/icyphy/ptII/ptolemy/actor/lib/test/auto/arrayType2.xml
2 ms. Memory: 1371136K Free: 249545K (18%)
----------------- Invoking toplevel() on ptolemy.moml.MoMLSimpleApplication@4730ba10
----------------- Done invoking toplevel() on ptolemy.moml.MoMLSimpleApplication@4730ba10
reloadAllAccessors: .arrayType2

===========================================================================================
----------------- testing Sat Apr 06 03:54:42 UTC 2019 /home/travis/build/icyphy/ptII/ptolemy/actor/lib/test/auto/arrayType20.xml
----------------- Instantiating /home/travis/build/icyphy/ptII/ptolemy/actor/lib/test/auto/arrayType20.xml
1 ms. Memory: 1371136K Free: 238154K (17%)
----------------- Invoking toplevel() on ptolemy.moml.MoMLSimpleApplication@73b993e5
----------------- Done invoking toplevel() on ptolemy.moml.MoMLSimpleApplication@73b993e5
reloadAllAccessors: .arrayType20

===========================================================================================
----------------- testing Sat Apr 06 03:54:42 UTC 2019 /home/travis/build/icyphy/ptII/ptolemy/actor/lib/test/auto/arrayType21.xml
----------------- Instantiating /home/travis/build/icyphy/ptII/ptolemy/actor/lib/test/auto/arrayType21.xml
1 ms. Memory: 1371136K Free: 226763K (17%)
----------------- Invoking toplevel() on ptolemy.moml.MoMLSimpleApplication@6af4ddea
----------------- Done invoking toplevel() on ptolemy.moml.MoMLSimpleApplication@6af4ddea
reloadAllAccessors: .arrayType21

===========================================================================================
----------------- testing Sat Apr 06 03:54:42 UTC 2019 /home/travis/build/icyphy/ptII/ptolemy/actor/lib/test/auto/arrayType22.xml
----------------- Instantiating /home/travis/build/icyphy/ptII/ptolemy/actor/lib/test/auto/arrayType22.xml
3 ms. Memory: 1371136K Free: 215373K (16%)
----------------- Invoking toplevel() on ptolemy.moml.MoMLSimpleApplication@703e2e10
----------------- Done invoking toplevel() on ptolemy.moml.MoMLSimpleApplication@703e2e10
reloadAllAccessors: .arrayType22

===========================================================================================
----------------- testing Sat Apr 06 03:54:42 UTC 2019 /home/travis/build/icyphy/ptII/ptolemy/actor/lib/test/auto/arrayType23.xml
----------------- Instantiating /home/travis/build/icyphy/ptII/ptolemy/actor/lib/test/auto/arrayType23.xml
1 ms. Memory: 1371136K Free: 203982K (15%)
----------------- Invoking toplevel() on ptolemy.moml.MoMLSimpleApplication@7cf1bf77
----------------- Done invoking toplevel() on ptolemy.moml.MoMLSimpleApplication@7cf1bf77
reloadAllAccessors: .arrayType23

===========================================================================================
----------------- testing Sat Apr 06 03:54:42 UTC 2019 /home/travis/build/icyphy/ptII/ptolemy/actor/lib/test/auto/arrayType24.xml
----------------- Instantiating /home/travis/build/icyphy/ptII/ptolemy/actor/lib/test/auto/arrayType24.xml
1 ms. Memory: 1371136K Free: 192591K (14%)
----------------- Invoking toplevel() on ptolemy.moml.MoMLSimpleApplication@254f7aa2
----------------- Done invoking toplevel() on ptolemy.moml.MoMLSimpleApplication@254f7aa2
reloadAllAccessors: .arrayType24

===========================================================================================
----------------- testing Sat Apr 06 03:54:42 UTC 2019 /home/travis/build/icyphy/ptII/ptolemy/actor/lib/test/auto/arrayType25.xml
----------------- Instantiating /home/travis/build/icyphy/ptII/ptolemy/actor/lib/test/auto/arrayType25.xml
2 ms. Memory: 1371136K Free: 181200K (13%)
----------------- Invoking toplevel() on ptolemy.moml.MoMLSimpleApplication@1bc92bc6
----------------- Done invoking toplevel() on ptolemy.moml.MoMLSimpleApplication@1bc92bc6
reloadAllAccessors: .arrayType25

===========================================================================================
----------------- testing Sat Apr 06 03:54:42 UTC 2019 /home/travis/build/icyphy/ptII/ptolemy/actor/lib/test/auto/arrayType26.xml
----------------- Instantiating /home/travis/build/icyphy/ptII/ptolemy/actor/lib/test/auto/arrayType26.xml
1 ms. Memory: 1371136K Free: 169809K (12%)
----------------- Invoking toplevel() on ptolemy.moml.MoMLSimpleApplication@1d7f1f0c
----------------- Done invoking toplevel() on ptolemy.moml.MoMLSimpleApplication@1d7f1f0c
reloadAllAccessors: .arrayType26

===========================================================================================
----------------- testing Sat Apr 06 03:54:42 UTC 2019 /home/travis/build/icyphy/ptII/ptolemy/actor/lib/test/auto/arrayType27.xml
----------------- Instantiating /home/travis/build/icyphy/ptII/ptolemy/actor/lib/test/auto/arrayType27.xml
2 ms. Memory: 1371136K Free: 158418K (12%)
----------------- Invoking toplevel() on ptolemy.moml.MoMLSimpleApplication@3b9733b0
----------------- Done invoking toplevel() on ptolemy.moml.MoMLSimpleApplication@3b9733b0
reloadAllAccessors: .arrayType27

===========================================================================================
----------------- testing Sat Apr 06 03:54:42 UTC 2019 /home/travis/build/icyphy/ptII/ptolemy/actor/lib/test/auto/arrayType28.xml
----------------- Instantiating /home/travis/build/icyphy/ptII/ptolemy/actor/lib/test/auto/arrayType28.xml
1 ms. Memory: 1371136K Free: 147028K (11%)
----------------- Invoking toplevel() on ptolemy.moml.MoMLSimpleApplication@39ba316b
----------------- Done invoking toplevel() on ptolemy.moml.MoMLSimpleApplication@39ba316b
reloadAllAccessors: .arrayType28

===========================================================================================
----------------- testing Sat Apr 06 03:54:42 UTC 2019 /home/travis/build/icyphy/ptII/ptolemy/actor/lib/test/auto/arrayType3.xml
----------------- Instantiating /home/travis/build/icyphy/ptII/ptolemy/actor/lib/test/auto/arrayType3.xml
2 ms. Memory: 1371136K Free: 135637K (10%)
----------------- Invoking toplevel() on ptolemy.moml.MoMLSimpleApplication@2f13269e
----------------- Done invoking toplevel() on ptolemy.moml.MoMLSimpleApplication@2f13269e
reloadAllAccessors: .arrayType3

===========================================================================================
----------------- testing Sat Apr 06 03:54:42 UTC 2019 /home/travis/build/icyphy/ptII/ptolemy/actor/lib/test/auto/arrayType4.xml
----------------- Instantiating /home/travis/build/icyphy/ptII/ptolemy/actor/lib/test/auto/arrayType4.xml
1 ms. Memory: 1371136K Free: 127250K (9%)
----------------- Invoking toplevel() on ptolemy.moml.MoMLSimpleApplication@16aa3692
----------------- Done invoking toplevel() on ptolemy.moml.MoMLSimpleApplication@16aa3692
reloadAllAccessors: .arrayType4

===========================================================================================
----------------- testing Sat Apr 06 03:54:42 UTC 2019 /home/travis/build/icyphy/ptII/ptolemy/actor/lib/test/auto/arrayType5.xml
----------------- Instantiating /home/travis/build/icyphy/ptII/ptolemy/actor/lib/test/auto/arrayType5.xml
1 ms. Memory: 1371136K Free: 115860K (8%)
----------------- Invoking toplevel() on ptolemy.moml.MoMLSimpleApplication@570783b6
----------------- Done invoking toplevel() on ptolemy.moml.MoMLSimpleApplication@570783b6
reloadAllAccessors: .arrayType5

===========================================================================================
----------------- testing Sat Apr 06 03:54:42 UTC 2019 /home/travis/build/icyphy/ptII/ptolemy/actor/lib/test/auto/arrayType6.xml
----------------- Instantiating /home/travis/build/icyphy/ptII/ptolemy/actor/lib/test/auto/arrayType6.xml
1 ms. Memory: 1371136K Free: 104469K (8%)
----------------- Invoking toplevel() on ptolemy.moml.MoMLSimpleApplication@51c167d3
----------------- Done invoking toplevel() on ptolemy.moml.MoMLSimpleApplication@51c167d3
reloadAllAccessors: .arrayType6

===========================================================================================
----------------- testing Sat Apr 06 03:54:42 UTC 2019 /home/travis/build/icyphy/ptII/ptolemy/actor/lib/test/auto/arrayType7.xml
----------------- Instantiating /home/travis/build/icyphy/ptII/ptolemy/actor/lib/test/auto/arrayType7.xml
1 ms. Memory: 1371136K Free: 93078K (7%)
----------------- Invoking toplevel() on ptolemy.moml.MoMLSimpleApplication@515ef8c
----------------- Done invoking toplevel() on ptolemy.moml.MoMLSimpleApplication@515ef8c
reloadAllAccessors: .arrayType7

===========================================================================================
----------------- testing Sat Apr 06 03:54:42 UTC 2019 /home/travis/build/icyphy/ptII/ptolemy/actor/lib/test/auto/arrayType8.xml
----------------- Instantiating /home/travis/build/icyphy/ptII/ptolemy/actor/lib/test/auto/arrayType8.xml
2 ms. Memory: 1371136K Free: 81688K (6%)
----------------- Invoking toplevel() on ptolemy.moml.MoMLSimpleApplication@3e370f5e
----------------- Done invoking toplevel() on ptolemy.moml.MoMLSimpleApplication@3e370f5e
reloadAllAccessors: .arrayType8

===========================================================================================
----------------- testing Sat Apr 06 03:54:42 UTC 2019 /home/travis/build/icyphy/ptII/ptolemy/actor/lib/test/auto/arrayType9.xml
----------------- Instantiating /home/travis/build/icyphy/ptII/ptolemy/actor/lib/test/auto/arrayType9.xml
2 ms. Memory: 1371136K Free: 73191K (5%)
----------------- Invoking toplevel() on ptolemy.moml.MoMLSimpleApplication@711a312
----------------- Done invoking toplevel() on ptolemy.moml.MoMLSimpleApplication@711a312
reloadAllAccessors: .arrayType9

===========================================================================================
----------------- testing Sat Apr 06 03:54:42 UTC 2019 /home/travis/build/icyphy/ptII/ptolemy/actor/lib/test/auto/cast.xml
----------------- Instantiating /home/travis/build/icyphy/ptII/ptolemy/actor/lib/test/auto/cast.xml
2 ms. Memory: 1436672K Free: 1372212K (96%)
----------------- Invoking toplevel() on ptolemy.moml.MoMLSimpleApplication@3a1d341a
----------------- Done invoking toplevel() on ptolemy.moml.MoMLSimpleApplication@3a1d341a
reloadAllAccessors: .cast

===========================================================================================
----------------- testing Sat Apr 06 03:54:42 UTC 2019 /home/travis/build/icyphy/ptII/ptolemy/actor/lib/test/auto/compositeMultiPort.xml
----------------- Instantiating /home/travis/build/icyphy/ptII/ptolemy/actor/lib/test/auto/compositeMultiPort.xml
3 ms. Memory: 1436672K Free: 1356228K (94%)
----------------- Invoking toplevel() on ptolemy.moml.MoMLSimpleApplication@4a7a2060
----------------- Done invoking toplevel() on ptolemy.moml.MoMLSimpleApplication@4a7a2060
reloadAllAccessors: .compositeMultiPort

===========================================================================================
----------------- testing Sat Apr 06 03:54:42 UTC 2019 /home/travis/build/icyphy/ptII/ptolemy/actor/lib/test/auto/expressionCastInference.xml
----------------- Instantiating /home/travis/build/icyphy/ptII/ptolemy/actor/lib/test/auto/expressionCastInference.xml
2 ms. Memory: 1436672K Free: 1341593K (93%)
----------------- Invoking toplevel() on ptolemy.moml.MoMLSimpleApplication@6355ddb2
----------------- Done invoking toplevel() on ptolemy.moml.MoMLSimpleApplication@6355ddb2
reloadAllAccessors: .expressionCastInference

===========================================================================================
----------------- testing Sat Apr 06 03:54:42 UTC 2019 /home/travis/build/icyphy/ptII/ptolemy/actor/lib/test/auto/expressionCastInference2.xml
----------------- Instantiating /home/travis/build/icyphy/ptII/ptolemy/actor/lib/test/auto/expressionCastInference2.xml
1 ms. Memory: 1436672K Free: 1326959K (92%)
----------------- Invoking toplevel() on ptolemy.moml.MoMLSimpleApplication@34cedc33
----------------- Done invoking toplevel() on ptolemy.moml.MoMLSimpleApplication@34cedc33
reloadAllAccessors: .expressionCastInference2

===========================================================================================
----------------- testing Sat Apr 06 03:54:42 UTC 2019 /home/travis/build/icyphy/ptII/ptolemy/actor/lib/test/auto/expressionInference.xml
----------------- Instantiating /home/travis/build/icyphy/ptII/ptolemy/actor/lib/test/auto/expressionInference.xml
1 ms. Memory: 1436672K Free: 1312325K (91%)
----------------- Invoking toplevel() on ptolemy.moml.MoMLSimpleApplication@5a16ad93
----------------- Done invoking toplevel() on ptolemy.moml.MoMLSimpleApplication@5a16ad93
reloadAllAccessors: .expressionInference

===========================================================================================
----------------- testing Sat Apr 06 03:54:42 UTC 2019 /home/travis/build/icyphy/ptII/ptolemy/actor/lib/test/auto/expression_bug.xml
----------------- Instantiating /home/travis/build/icyphy/ptII/ptolemy/actor/lib/test/auto/expression_bug.xml
1 ms. Memory: 1436672K Free: 1301680K (91%)
----------------- Invoking toplevel() on ptolemy.moml.MoMLSimpleApplication@5dcc74e9
----------------- Done invoking toplevel() on ptolemy.moml.MoMLSimpleApplication@5dcc74e9
reloadAllAccessors: .expression_bug

===========================================================================================
----------------- testing Sat Apr 06 03:54:42 UTC 2019 /home/travis/build/icyphy/ptII/ptolemy/actor/lib/test/auto/factorial.xml
----------------- Instantiating /home/travis/build/icyphy/ptII/ptolemy/actor/lib/test/auto/factorial.xml
28 ms. Memory: 1436672K Free: 1287036K (90%)
----------------- Invoking toplevel() on ptolemy.moml.MoMLSimpleApplication@16e7717
----------------- Done invoking toplevel() on ptolemy.moml.MoMLSimpleApplication@16e7717
reloadAllAccessors: .factorial

===========================================================================================
----------------- testing Sat Apr 06 03:54:42 UTC 2019 /home/travis/build/icyphy/ptII/ptolemy/actor/lib/test/auto/filterTest1.xml
----------------- Instantiating /home/travis/build/icyphy/ptII/ptolemy/actor/lib/test/auto/filterTest1.xml
2 ms. Memory: 1436672K Free: 1272402K (89%)
----------------- Invoking toplevel() on ptolemy.moml.MoMLSimpleApplication@1f53625f
----------------- Done invoking toplevel() on ptolemy.moml.MoMLSimpleApplication@1f53625f
reloadAllAccessors: .filterTest1

===========================================================================================
----------------- testing Sat Apr 06 03:54:42 UTC 2019 /home/travis/build/icyphy/ptII/ptolemy/actor/lib/test/auto/funcApplyInConst.xml
----------------- Instantiating /home/travis/build/icyphy/ptII/ptolemy/actor/lib/test/auto/funcApplyInConst.xml
1 ms. Memory: 1436672K Free: 1261756K (88%)
----------------- Invoking toplevel() on ptolemy.moml.MoMLSimpleApplication@496f4008
----------------- Done invoking toplevel() on ptolemy.moml.MoMLSimpleApplication@496f4008
reloadAllAccessors: .funcApplyInConst

===========================================================================================
----------------- testing Sat Apr 06 03:54:42 UTC 2019 /home/travis/build/icyphy/ptII/ptolemy/actor/lib/test/auto/funcApplyInExpr.xml
----------------- Instantiating /home/travis/build/icyphy/ptII/ptolemy/actor/lib/test/auto/funcApplyInExpr.xml
1 ms. Memory: 1436672K Free: 1247122K (87%)
----------------- Invoking toplevel() on ptolemy.moml.MoMLSimpleApplication@496ff733
----------------- Done invoking toplevel() on ptolemy.moml.MoMLSimpleApplication@496ff733
reloadAllAccessors: .funcApplyInExpr

===========================================================================================
----------------- testing Sat Apr 06 03:54:43 UTC 2019 /home/travis/build/icyphy/ptII/ptolemy/actor/lib/test/auto/function.xml
----------------- Instantiating /home/travis/build/icyphy/ptII/ptolemy/actor/lib/test/auto/function.xml
2 ms. Memory: 1436672K Free: 1232488K (86%)
----------------- Invoking toplevel() on ptolemy.moml.MoMLSimpleApplication@a069f30
----------------- Done invoking toplevel() on ptolemy.moml.MoMLSimpleApplication@a069f30
reloadAllAccessors: .function

===========================================================================================
----------------- testing Sat Apr 06 03:54:43 UTC 2019 /home/travis/build/icyphy/ptII/ptolemy/actor/lib/test/auto/function2.xml
----------------- Instantiating /home/travis/build/icyphy/ptII/ptolemy/actor/lib/test/auto/function2.xml
1 ms. Memory: 1436672K Free: 1221842K (85%)
----------------- Invoking toplevel() on ptolemy.moml.MoMLSimpleApplication@56d5aa47
----------------- Done invoking toplevel() on ptolemy.moml.MoMLSimpleApplication@56d5aa47
reloadAllAccessors: .function2

===========================================================================================
----------------- testing Sat Apr 06 03:54:43 UTC 2019 /home/travis/build/icyphy/ptII/ptolemy/actor/lib/test/auto/function3.xml
----------------- Instantiating /home/travis/build/icyphy/ptII/ptolemy/actor/lib/test/auto/function3.xml
1 ms. Memory: 1436672K Free: 1207208K (84%)
----------------- Invoking toplevel() on ptolemy.moml.MoMLSimpleApplication@5db35a06
----------------- Done invoking toplevel() on ptolemy.moml.MoMLSimpleApplication@5db35a06
reloadAllAccessors: .function3

===========================================================================================
----------------- testing Sat Apr 06 03:54:43 UTC 2019 /home/travis/build/icyphy/ptII/ptolemy/actor/lib/test/auto/functionClosureTest1.xml
----------------- Instantiating /home/travis/build/icyphy/ptII/ptolemy/actor/lib/test/auto/functionClosureTest1.xml
1 ms. Memory: 1436672K Free: 1192573K (83%)
----------------- Invoking toplevel() on ptolemy.moml.MoMLSimpleApplication@12f45529
----------------- Done invoking toplevel() on ptolemy.moml.MoMLSimpleApplication@12f45529
reloadAllAccessors: .functionClosureTest1

===========================================================================================
----------------- testing Sat Apr 06 03:54:43 UTC 2019 /home/travis/build/icyphy/ptII/ptolemy/actor/lib/test/auto/functionClosureTest2.xml
----------------- Instantiating /home/travis/build/icyphy/ptII/ptolemy/actor/lib/test/auto/functionClosureTest2.xml
1 ms. Memory: 1436672K Free: 1181928K (82%)
----------------- Invoking toplevel() on ptolemy.moml.MoMLSimpleApplication@5345f328
----------------- Done invoking toplevel() on ptolemy.moml.MoMLSimpleApplication@5345f328
reloadAllAccessors: .functionClosureTest2

===========================================================================================
----------------- testing Sat Apr 06 03:54:43 UTC 2019 /home/travis/build/icyphy/ptII/ptolemy/actor/lib/test/auto/functionClosureTest3.xml
----------------- Instantiating /home/travis/build/icyphy/ptII/ptolemy/actor/lib/test/auto/functionClosureTest3.xml
2 ms. Memory: 1436672K Free: 1167294K (81%)
----------------- Invoking toplevel() on ptolemy.moml.MoMLSimpleApplication@52b9f3e3
----------------- Done invoking toplevel() on ptolemy.moml.MoMLSimpleApplication@52b9f3e3
reloadAllAccessors: .functionClosureTest3

===========================================================================================
----------------- testing Sat Apr 06 03:54:43 UTC 2019 /home/travis/build/icyphy/ptII/ptolemy/actor/lib/test/auto/functionClosureTest4.xml
----------------- Instantiating /home/travis/build/icyphy/ptII/ptolemy/actor/lib/test/auto/functionClosureTest4.xml
4 ms. Memory: 1436672K Free: 1152660K (80%)
----------------- Invoking toplevel() on ptolemy.moml.MoMLSimpleApplication@7182297a
----------------- Done invoking toplevel() on ptolemy.moml.MoMLSimpleApplication@7182297a
reloadAllAccessors: .functionClosureTest4

===========================================================================================
----------------- testing Sat Apr 06 03:54:43 UTC 2019 /home/travis/build/icyphy/ptII/ptolemy/actor/lib/test/auto/functionClosureTest5.xml
----------------- Instantiating /home/travis/build/icyphy/ptII/ptolemy/actor/lib/test/auto/functionClosureTest5.xml
4 ms. Memory: 1436672K Free: 1138026K (79%)
----------------- Invoking toplevel() on ptolemy.moml.MoMLSimpleApplication@3bbad913
----------------- Done invoking toplevel() on ptolemy.moml.MoMLSimpleApplication@3bbad913
reloadAllAccessors: .functionClosureTest5

===========================================================================================
----------------- testing Sat Apr 06 03:54:43 UTC 2019 /home/travis/build/icyphy/ptII/ptolemy/actor/lib/test/auto/functionClosureTest6.xml
----------------- Instantiating /home/travis/build/icyphy/ptII/ptolemy/actor/lib/test/auto/functionClosureTest6.xml
2 ms. Memory: 1436672K Free: 1127380K (78%)
----------------- Invoking toplevel() on ptolemy.moml.MoMLSimpleApplication@3e1a164a
----------------- Done invoking toplevel() on ptolemy.moml.MoMLSimpleApplication@3e1a164a
reloadAllAccessors: .functionClosureTest6

===========================================================================================
----------------- testing Sat Apr 06 03:54:43 UTC 2019 /home/travis/build/icyphy/ptII/ptolemy/actor/lib/test/auto/functionsOnArcs.xml
----------------- Instantiating /home/travis/build/icyphy/ptII/ptolemy/actor/lib/test/auto/functionsOnArcs.xml
2 ms. Memory: 1436672K Free: 1112746K (77%)
----------------- Invoking toplevel() on ptolemy.moml.MoMLSimpleApplication@a1b60d3
----------------- Done invoking toplevel() on ptolemy.moml.MoMLSimpleApplication@a1b60d3
reloadAllAccessors: .functionsOnArcs

===========================================================================================
----------------- testing Sat Apr 06 03:54:43 UTC 2019 /home/travis/build/icyphy/ptII/ptolemy/actor/lib/test/auto/functionsOnArcsHOF.xml
----------------- Instantiating /home/travis/build/icyphy/ptII/ptolemy/actor/lib/test/auto/functionsOnArcsHOF.xml
7 ms. Memory: 1436672K Free: 1098112K (76%)
----------------- Invoking toplevel() on ptolemy.moml.MoMLSimpleApplication@7b4722e9
----------------- Done invoking toplevel() on ptolemy.moml.MoMLSimpleApplication@7b4722e9
reloadAllAccessors: .functionsOnArcsHOF

===========================================================================================
----------------- testing Sat Apr 06 03:54:43 UTC 2019 /home/travis/build/icyphy/ptII/ptolemy/actor/lib/test/auto/logic.xml
----------------- Instantiating /home/travis/build/icyphy/ptII/ptolemy/actor/lib/test/auto/logic.xml
2 ms. Memory: 1436672K Free: 1087466K (76%)
----------------- Invoking toplevel() on ptolemy.moml.MoMLSimpleApplication@2c17c0a1
----------------- Done invoking toplevel() on ptolemy.moml.MoMLSimpleApplication@2c17c0a1
reloadAllAccessors: .logic

===========================================================================================
----------------- testing Sat Apr 06 03:54:43 UTC 2019 /home/travis/build/icyphy/ptII/ptolemy/actor/lib/test/auto/matrixType.xml
----------------- Instantiating /home/travis/build/icyphy/ptII/ptolemy/actor/lib/test/auto/matrixType.xml
1 ms. Memory: 1436672K Free: 1072832K (75%)
----------------- Invoking toplevel() on ptolemy.moml.MoMLSimpleApplication@40054787
----------------- Done invoking toplevel() on ptolemy.moml.MoMLSimpleApplication@40054787
reloadAllAccessors: .matrixType

===========================================================================================
----------------- testing Sat Apr 06 03:54:43 UTC 2019 /home/travis/build/icyphy/ptII/ptolemy/actor/lib/test/auto/matrixType10.xml
----------------- Instantiating /home/travis/build/icyphy/ptII/ptolemy/actor/lib/test/auto/matrixType10.xml
2 ms. Memory: 1436672K Free: 1058198K (74%)
----------------- Invoking toplevel() on ptolemy.moml.MoMLSimpleApplication@762c4f55
----------------- Done invoking toplevel() on ptolemy.moml.MoMLSimpleApplication@762c4f55
reloadAllAccessors: .matrixType10

===========================================================================================
----------------- testing Sat Apr 06 03:54:43 UTC 2019 /home/travis/build/icyphy/ptII/ptolemy/actor/lib/test/auto/matrixType11.xml
----------------- Instantiating /home/travis/build/icyphy/ptII/ptolemy/actor/lib/test/auto/matrixType11.xml
1 ms. Memory: 1436672K Free: 1047553K (73%)
----------------- Invoking toplevel() on ptolemy.moml.MoMLSimpleApplication@4dae93c0
----------------- Done invoking toplevel() on ptolemy.moml.MoMLSimpleApplication@4dae93c0
reloadAllAccessors: .matrixType11

===========================================================================================
----------------- testing Sat Apr 06 03:54:43 UTC 2019 /home/travis/build/icyphy/ptII/ptolemy/actor/lib/test/auto/matrixType12.xml
----------------- Instantiating /home/travis/build/icyphy/ptII/ptolemy/actor/lib/test/auto/matrixType12.xml
1 ms. Memory: 1436672K Free: 1032918K (72%)
----------------- Invoking toplevel() on ptolemy.moml.MoMLSimpleApplication@7bbce880
----------------- Done invoking toplevel() on ptolemy.moml.MoMLSimpleApplication@7bbce880
reloadAllAccessors: .matrixType12

===========================================================================================
----------------- testing Sat Apr 06 03:54:43 UTC 2019 /home/travis/build/icyphy/ptII/ptolemy/actor/lib/test/auto/matrixType13.xml
----------------- Instantiating /home/travis/build/icyphy/ptII/ptolemy/actor/lib/test/auto/matrixType13.xml
1 ms. Memory: 1436672K Free: 1018284K (71%)
----------------- Invoking toplevel() on ptolemy.moml.MoMLSimpleApplication@2ac54fba
----------------- Done invoking toplevel() on ptolemy.moml.MoMLSimpleApplication@2ac54fba
reloadAllAccessors: .matrixType13

===========================================================================================
----------------- testing Sat Apr 06 03:54:43 UTC 2019 /home/travis/build/icyphy/ptII/ptolemy/actor/lib/test/auto/matrixType14.xml
----------------- Instantiating /home/travis/build/icyphy/ptII/ptolemy/actor/lib/test/auto/matrixType14.xml
1 ms. Memory: 1436672K Free: 1007639K (70%)
----------------- Invoking toplevel() on ptolemy.moml.MoMLSimpleApplication@6fe97813
----------------- Done invoking toplevel() on ptolemy.moml.MoMLSimpleApplication@6fe97813
reloadAllAccessors: .matrixType14

===========================================================================================
----------------- testing Sat Apr 06 03:54:43 UTC 2019 /home/travis/build/icyphy/ptII/ptolemy/actor/lib/test/auto/matrixType2.xml
----------------- Instantiating /home/travis/build/icyphy/ptII/ptolemy/actor/lib/test/auto/matrixType2.xml
2 ms. Memory: 1436672K Free: 993004K (69%)
----------------- Invoking toplevel() on ptolemy.moml.MoMLSimpleApplication@676c4010
----------------- Done invoking toplevel() on ptolemy.moml.MoMLSimpleApplication@676c4010
reloadAllAccessors: .matrixType2

===========================================================================================
----------------- testing Sat Apr 06 03:54:43 UTC 2019 /home/travis/build/icyphy/ptII/ptolemy/actor/lib/test/auto/matrixType3.xml
----------------- Instantiating /home/travis/build/icyphy/ptII/ptolemy/actor/lib/test/auto/matrixType3.xml
3 ms. Memory: 1436672K Free: 978370K (68%)
----------------- Invoking toplevel() on ptolemy.moml.MoMLSimpleApplication@789ca54d
----------------- Done invoking toplevel() on ptolemy.moml.MoMLSimpleApplication@789ca54d
reloadAllAccessors: .matrixType3

===========================================================================================
----------------- testing Sat Apr 06 03:54:43 UTC 2019 /home/travis/build/icyphy/ptII/ptolemy/actor/lib/test/auto/matrixType4.xml
----------------- Instantiating /home/travis/build/icyphy/ptII/ptolemy/actor/lib/test/auto/matrixType4.xml
1 ms. Memory: 1436672K Free: 963736K (67%)
----------------- Invoking toplevel() on ptolemy.moml.MoMLSimpleApplication@4819ae6f
----------------- Done invoking toplevel() on ptolemy.moml.MoMLSimpleApplication@4819ae6f
reloadAllAccessors: .matrixType4

===========================================================================================
----------------- testing Sat Apr 06 03:54:43 UTC 2019 /home/travis/build/icyphy/ptII/ptolemy/actor/lib/test/auto/matrixType5.xml
----------------- Instantiating /home/travis/build/icyphy/ptII/ptolemy/actor/lib/test/auto/matrixType5.xml
1 ms. Memory: 1436672K Free: 953090K (66%)
----------------- Invoking toplevel() on ptolemy.moml.MoMLSimpleApplication@382d56c8
----------------- Done invoking toplevel() on ptolemy.moml.MoMLSimpleApplication@382d56c8
reloadAllAccessors: .matrixType5

===========================================================================================
----------------- testing Sat Apr 06 03:54:43 UTC 2019 /home/travis/build/icyphy/ptII/ptolemy/actor/lib/test/auto/matrixType6.xml
----------------- Instantiating /home/travis/build/icyphy/ptII/ptolemy/actor/lib/test/auto/matrixType6.xml
1 ms. Memory: 1436672K Free: 938456K (65%)
----------------- Invoking toplevel() on ptolemy.moml.MoMLSimpleApplication@3d50b3c1
----------------- Done invoking toplevel() on ptolemy.moml.MoMLSimpleApplication@3d50b3c1
reloadAllAccessors: .matrixType6

===========================================================================================
----------------- testing Sat Apr 06 03:54:43 UTC 2019 /home/travis/build/icyphy/ptII/ptolemy/actor/lib/test/auto/matrixType7.xml
----------------- Instantiating /home/travis/build/icyphy/ptII/ptolemy/actor/lib/test/auto/matrixType7.xml
1 ms. Memory: 1436672K Free: 923822K (64%)
----------------- Invoking toplevel() on ptolemy.moml.MoMLSimpleApplication@3e5c9c40
----------------- Done invoking toplevel() on ptolemy.moml.MoMLSimpleApplication@3e5c9c40
reloadAllAccessors: .matrixType7

===========================================================================================
----------------- testing Sat Apr 06 03:54:43 UTC 2019 /home/travis/build/icyphy/ptII/ptolemy/actor/lib/test/auto/matrixType8.xml
----------------- Instantiating /home/travis/build/icyphy/ptII/ptolemy/actor/lib/test/auto/matrixType8.xml
2 ms. Memory: 1436672K Free: 913176K (64%)
----------------- Invoking toplevel() on ptolemy.moml.MoMLSimpleApplication@627074d5
----------------- Done invoking toplevel() on ptolemy.moml.MoMLSimpleApplication@627074d5
reloadAllAccessors: .matrixType8

===========================================================================================
----------------- testing Sat Apr 06 03:54:43 UTC 2019 /home/travis/build/icyphy/ptII/ptolemy/actor/lib/test/auto/matrixType9.xml
----------------- Instantiating /home/travis/build/icyphy/ptII/ptolemy/actor/lib/test/auto/matrixType9.xml
1 ms. Memory: 1436672K Free: 898542K (63%)
----------------- Invoking toplevel() on ptolemy.moml.MoMLSimpleApplication@5dc37ff
----------------- Done invoking toplevel() on ptolemy.moml.MoMLSimpleApplication@5dc37ff
reloadAllAccessors: .matrixType9

===========================================================================================
----------------- testing Sat Apr 06 03:54:43 UTC 2019 /home/travis/build/icyphy/ptII/ptolemy/actor/lib/test/auto/paraFunctest.xml
----------------- Instantiating /home/travis/build/icyphy/ptII/ptolemy/actor/lib/test/auto/paraFunctest.xml
2 ms. Memory: 1436672K Free: 883907K (62%)
----------------- Invoking toplevel() on ptolemy.moml.MoMLSimpleApplication@7624ba10
----------------- Done invoking toplevel() on ptolemy.moml.MoMLSimpleApplication@7624ba10
reloadAllAccessors: .paraFunctest

===========================================================================================
----------------- testing Sat Apr 06 03:54:43 UTC 2019 /home/travis/build/icyphy/ptII/ptolemy/actor/lib/test/auto/paraFunctest2.xml
----------------- Instantiating /home/travis/build/icyphy/ptII/ptolemy/actor/lib/test/auto/paraFunctest2.xml
1 ms. Memory: 1436672K Free: 873262K (61%)
----------------- Invoking toplevel() on ptolemy.moml.MoMLSimpleApplication@7245c38a
----------------- Done invoking toplevel() on ptolemy.moml.MoMLSimpleApplication@7245c38a
reloadAllAccessors: .paraFunctest2

===========================================================================================
----------------- testing Sat Apr 06 03:54:43 UTC 2019 /home/travis/build/icyphy/ptII/ptolemy/actor/lib/test/auto/parameterPassing.xml
----------------- Instantiating /home/travis/build/icyphy/ptII/ptolemy/actor/lib/test/auto/parameterPassing.xml
1 ms. Memory: 1436672K Free: 858628K (60%)
----------------- Invoking toplevel() on ptolemy.moml.MoMLSimpleApplication@33df15d6
----------------- Done invoking toplevel() on ptolemy.moml.MoMLSimpleApplication@33df15d6
reloadAllAccessors: .parameterPassing

===========================================================================================
----------------- testing Sat Apr 06 03:54:43 UTC 2019 /home/travis/build/icyphy/ptII/ptolemy/actor/lib/test/auto/record.xml
----------------- Instantiating /home/travis/build/icyphy/ptII/ptolemy/actor/lib/test/auto/record.xml
1 ms. Memory: 1436672K Free: 843993K (59%)
----------------- Invoking toplevel() on ptolemy.moml.MoMLSimpleApplication@415ec7f0
----------------- Done invoking toplevel() on ptolemy.moml.MoMLSimpleApplication@415ec7f0
reloadAllAccessors: .record

===========================================================================================
----------------- testing Sat Apr 06 03:54:43 UTC 2019 /home/travis/build/icyphy/ptII/ptolemy/actor/lib/test/auto/sizedarray1.xml
----------------- Instantiating /home/travis/build/icyphy/ptII/ptolemy/actor/lib/test/auto/sizedarray1.xml
2 ms. Memory: 1436672K Free: 829359K (58%)
----------------- Invoking toplevel() on ptolemy.moml.MoMLSimpleApplication@6888d306
----------------- Done invoking toplevel() on ptolemy.moml.MoMLSimpleApplication@6888d306
reloadAllAccessors: .sizedarray1

===========================================================================================
----------------- testing Sat Apr 06 03:54:43 UTC 2019 /home/travis/build/icyphy/ptII/ptolemy/actor/lib/test/auto/sizedarray2.xml
----------------- Instantiating /home/travis/build/icyphy/ptII/ptolemy/actor/lib/test/auto/sizedarray2.xml
2 ms. Memory: 1436672K Free: 818714K (57%)
----------------- Invoking toplevel() on ptolemy.moml.MoMLSimpleApplication@50830f07
----------------- Done invoking toplevel() on ptolemy.moml.MoMLSimpleApplication@50830f07
reloadAllAccessors: .sizedarray2

===========================================================================================
----------------- testing Sat Apr 06 03:54:43 UTC 2019 /home/travis/build/icyphy/ptII/ptolemy/actor/lib/test/auto/twoPublishers.xml
----------------- Instantiating /home/travis/build/icyphy/ptII/ptolemy/actor/lib/test/auto/twoPublishers.xml
4 ms. Memory: 1436672K Free: 798749K (56%)
----------------- Invoking toplevel() on ptolemy.moml.MoMLSimpleApplication@389edffa
----------------- Done invoking toplevel() on ptolemy.moml.MoMLSimpleApplication@389edffa
reloadAllAccessors: .twoPublishers
AutoTests.java: About to close Vertx.
AutoTests.java: Vertx closed.
]]></system-out>
  <system-err><![CDATA[java.lang.RuntimeException: Execution failed
	at ptolemy.moml.MoMLSimpleApplication$UnloadThread.run(MoMLSimpleApplication.java:402)
Caused by: java.lang.RuntimeException: StringUtilities.exit() was called. Normally, we would exit here because Manager.exitAfterWrapup() was called.  However, because the ptolemy.ptII.exitAfterWrapup property is set, we throw this exception instead.
	at ptolemy.util.StringUtilities.exit(StringUtilities.java:363)
	at ptolemy.actor.Manager.wrapup(Manager.java:1531)
	at ptolemy.actor.Manager.execute(Manager.java:407)
	at ptolemy.actor.Manager.run(Manager.java:1263)
	at ptolemy.actor.Manager$PtolemyRunThread.run(Manager.java:1915)
Warning: '.top.test' is in training mode, set the trainingMode parameter to false before checking in
Warning: '.top.test' is in training mode, set the trainingMode parameter to false before checking in
Warning: '.top.test' is in training mode, set the trainingMode parameter to false before checking in
Warning: '.BooleanSwitch_RegressionTest_WrongTrainingValues.Test' is in training mode, set the trainingMode parameter to false before checking in
Warning: '.BooleanSwitch_RegressionTest_WrongTrainingValues.Test2' is in training mode, set the trainingMode parameter to false before checking in
Warning: '.BooleanSwitch_RegressionTest_WrongTrainingValues.Test2' The test produced 0 tokens.
Warning: '.top.testExceptionHandler' is in training mode, set the trainingMode parameter to false before checking in
java.lang.RuntimeException: Execution failed
	at ptolemy.moml.MoMLSimpleApplication$UnloadThread.run(MoMLSimpleApplication.java:402)
Caused by: ptolemy.kernel.util.IllegalActionException: PublisherPorts cannot be used at the top level, use a Publisher actor instead.
  in .PublisherPortToplevelSubscriber.PublisherPort
	at ptolemy.actor.PublisherPort.preinitialize(PublisherPort.java:403)
	at ptolemy.actor.CompositeActor.preinitialize(CompositeActor.java:1769)
	at ptolemy.actor.Manager.preinitializeAndResolveTypes(Manager.java:1040)
	at ptolemy.actor.Manager.initialize(Manager.java:710)
	at ptolemy.actor.Manager.execute(Manager.java:356)
	at ptolemy.actor.Manager.run(Manager.java:1263)
	at ptolemy.actor.Manager$PtolemyRunThread.run(Manager.java:1915)
java.lang.reflect.InvocationTargetException
	at sun.reflect.NativeConstructorAccessorImpl.newInstance0(Native Method)
	at sun.reflect.NativeConstructorAccessorImpl.newInstance(NativeConstructorAccessorImpl.java:62)
	at sun.reflect.DelegatingConstructorAccessorImpl.newInstance(DelegatingConstructorAccessorImpl.java:45)
	at java.lang.reflect.Constructor.newInstance(Constructor.java:423)
	at ptolemy.util.test.junit.AutoKnownFailedTests.RunModel(AutoKnownFailedTests.java:105)
	at sun.reflect.NativeMethodAccessorImpl.invoke0(Native Method)
	at sun.reflect.NativeMethodAccessorImpl.invoke(NativeMethodAccessorImpl.java:62)
	at sun.reflect.DelegatingMethodAccessorImpl.invoke(DelegatingMethodAccessorImpl.java:43)
	at java.lang.reflect.Method.invoke(Method.java:498)
	at org.junit.runners.model.FrameworkMethod$1.runReflectiveCall(FrameworkMethod.java:44)
	at org.junit.internal.runners.model.ReflectiveCallable.run(ReflectiveCallable.java:15)
	at org.junit.runners.model.FrameworkMethod.invokeExplosively(FrameworkMethod.java:41)
	at junitparams.internal.InvokeParameterisedMethod.evaluate(InvokeParameterisedMethod.java:102)
	at org.junit.internal.runners.statements.FailOnTimeout$1.run(FailOnTimeout.java:28)
Caused by: ptolemy.kernel.util.IllegalActionException: PublisherPorts cannot be used at the top level, use a Publisher actor instead.
  in .PublisherPortToplevelSubscriber.PublisherPort
	at ptolemy.actor.PublisherPort.preinitialize(PublisherPort.java:403)
	at ptolemy.actor.CompositeActor.preinitialize(CompositeActor.java:1769)
	at ptolemy.actor.Manager.preinitializeAndResolveTypes(Manager.java:1040)
	at ptolemy.actor.Manager.initialize(Manager.java:710)
	at ptolemy.actor.Manager.execute(Manager.java:356)
	at ptolemy.actor.Manager.run(Manager.java:1263)
	at ptolemy.actor.Manager$PtolemyRunThread.run(Manager.java:1915)
java.lang.RuntimeException: Execution failed
	at ptolemy.moml.MoMLSimpleApplication$UnloadThread.run(MoMLSimpleApplication.java:402)
Caused by: ptolemy.kernel.util.IllegalActionException: SubscriberPorts cannot be used at the top level, use a Subscriber actor instead.
  in .PublisherSubscriberPortToplevel.SubscriberPort
	at ptolemy.actor.SubscriberPort.preinitialize(SubscriberPort.java:328)
	at ptolemy.actor.CompositeActor.preinitialize(CompositeActor.java:1769)
	at ptolemy.actor.Manager.preinitializeAndResolveTypes(Manager.java:1040)
	at ptolemy.actor.Manager.initialize(Manager.java:710)
	at ptolemy.actor.Manager.execute(Manager.java:356)
	at ptolemy.actor.Manager.run(Manager.java:1263)
	at ptolemy.actor.Manager$PtolemyRunThread.run(Manager.java:1915)
java.lang.reflect.InvocationTargetException
	at sun.reflect.NativeConstructorAccessorImpl.newInstance0(Native Method)
	at sun.reflect.NativeConstructorAccessorImpl.newInstance(NativeConstructorAccessorImpl.java:62)
	at sun.reflect.DelegatingConstructorAccessorImpl.newInstance(DelegatingConstructorAccessorImpl.java:45)
	at java.lang.reflect.Constructor.newInstance(Constructor.java:423)
	at ptolemy.util.test.junit.AutoKnownFailedTests.RunModel(AutoKnownFailedTests.java:105)
	at sun.reflect.NativeMethodAccessorImpl.invoke0(Native Method)
	at sun.reflect.NativeMethodAccessorImpl.invoke(NativeMethodAccessorImpl.java:62)
	at sun.reflect.DelegatingMethodAccessorImpl.invoke(DelegatingMethodAccessorImpl.java:43)
	at java.lang.reflect.Method.invoke(Method.java:498)
	at org.junit.runners.model.FrameworkMethod$1.runReflectiveCall(FrameworkMethod.java:44)
	at org.junit.internal.runners.model.ReflectiveCallable.run(ReflectiveCallable.java:15)
	at org.junit.runners.model.FrameworkMethod.invokeExplosively(FrameworkMethod.java:41)
	at junitparams.internal.InvokeParameterisedMethod.evaluate(InvokeParameterisedMethod.java:102)
	at org.junit.internal.runners.statements.FailOnTimeout$1.run(FailOnTimeout.java:28)
Caused by: ptolemy.kernel.util.IllegalActionException: SubscriberPorts cannot be used at the top level, use a Subscriber actor instead.
  in .PublisherSubscriberPortToplevel.SubscriberPort
	at ptolemy.actor.SubscriberPort.preinitialize(SubscriberPort.java:328)
	at ptolemy.actor.CompositeActor.preinitialize(CompositeActor.java:1769)
	at ptolemy.actor.Manager.preinitializeAndResolveTypes(Manager.java:1040)
	at ptolemy.actor.Manager.initialize(Manager.java:710)
	at ptolemy.actor.Manager.execute(Manager.java:356)
	at ptolemy.actor.Manager.run(Manager.java:1263)
	at ptolemy.actor.Manager$PtolemyRunThread.run(Manager.java:1915)
java.lang.RuntimeException: Execution failed
	at ptolemy.moml.MoMLSimpleApplication$UnloadThread.run(MoMLSimpleApplication.java:402)
Caused by: ptolemy.kernel.util.IllegalActionException: SubscriptionAggregatorPorts cannot be used at the top level, use a SubscriptionAggregator actor instead.
  in .PublisherSubscriptionAggregatorPort.SubscriptionAggregatorPort
	at ptolemy.actor.SubscriptionAggregatorPort.preinitialize(SubscriptionAggregatorPort.java:353)
	at ptolemy.actor.CompositeActor.preinitialize(CompositeActor.java:1769)
	at ptolemy.actor.Manager.preinitializeAndResolveTypes(Manager.java:1040)
	at ptolemy.actor.Manager.initialize(Manager.java:710)
	at ptolemy.actor.Manager.execute(Manager.java:356)
	at ptolemy.actor.Manager.run(Manager.java:1263)
	at ptolemy.actor.Manager$PtolemyRunThread.run(Manager.java:1915)
java.lang.reflect.InvocationTargetException
	at sun.reflect.NativeConstructorAccessorImpl.newInstance0(Native Method)
	at sun.reflect.NativeConstructorAccessorImpl.newInstance(NativeConstructorAccessorImpl.java:62)
	at sun.reflect.DelegatingConstructorAccessorImpl.newInstance(DelegatingConstructorAccessorImpl.java:45)
	at java.lang.reflect.Constructor.newInstance(Constructor.java:423)
	at ptolemy.util.test.junit.AutoKnownFailedTests.RunModel(AutoKnownFailedTests.java:105)
	at sun.reflect.NativeMethodAccessorImpl.invoke0(Native Method)
	at sun.reflect.NativeMethodAccessorImpl.invoke(NativeMethodAccessorImpl.java:62)
	at sun.reflect.DelegatingMethodAccessorImpl.invoke(DelegatingMethodAccessorImpl.java:43)
	at java.lang.reflect.Method.invoke(Method.java:498)
	at org.junit.runners.model.FrameworkMethod$1.runReflectiveCall(FrameworkMethod.java:44)
	at org.junit.internal.runners.model.ReflectiveCallable.run(ReflectiveCallable.java:15)
	at org.junit.runners.model.FrameworkMethod.invokeExplosively(FrameworkMethod.java:41)
	at junitparams.internal.InvokeParameterisedMethod.evaluate(InvokeParameterisedMethod.java:102)
	at org.junit.internal.runners.statements.FailOnTimeout$1.run(FailOnTimeout.java:28)
Caused by: ptolemy.kernel.util.IllegalActionException: SubscriptionAggregatorPorts cannot be used at the top level, use a SubscriptionAggregator actor instead.
  in .PublisherSubscriptionAggregatorPort.SubscriptionAggregatorPort
	at ptolemy.actor.SubscriptionAggregatorPort.preinitialize(SubscriptionAggregatorPort.java:353)
	at ptolemy.actor.CompositeActor.preinitialize(CompositeActor.java:1769)
	at ptolemy.actor.Manager.preinitializeAndResolveTypes(Manager.java:1040)
	at ptolemy.actor.Manager.initialize(Manager.java:710)
	at ptolemy.actor.Manager.execute(Manager.java:356)
	at ptolemy.actor.Manager.run(Manager.java:1263)
	at ptolemy.actor.Manager$PtolemyRunThread.run(Manager.java:1915)
java.lang.RuntimeException: Execution failed
	at ptolemy.moml.MoMLSimpleApplication$UnloadThread.run(MoMLSimpleApplication.java:402)
Caused by: ptolemy.kernel.util.IllegalActionException: TypeTest actor has no training data.
  in .sizedarray3.TypeTest
	at ptolemy.actor.lib.TypeTest.initialize(TypeTest.java:250)
	at ptolemy.actor.Director.initialize(Director.java:938)
	at ptolemy.actor.Director.initialize(Director.java:907)
	at ptolemy.actor.sched.StaticSchedulingDirector.initialize(StaticSchedulingDirector.java:159)
	at ptolemy.domains.sdf.kernel.SDFDirector.initialize(SDFDirector.java:544)
	at ptolemy.actor.CompositeActor.initialize(CompositeActor.java:935)
	at ptolemy.actor.Manager.initialize(Manager.java:724)
	at ptolemy.actor.Manager.execute(Manager.java:356)
	at ptolemy.actor.Manager.run(Manager.java:1263)
	at ptolemy.actor.Manager$PtolemyRunThread.run(Manager.java:1915)
java.lang.reflect.InvocationTargetException
	at sun.reflect.NativeConstructorAccessorImpl.newInstance0(Native Method)
	at sun.reflect.NativeConstructorAccessorImpl.newInstance(NativeConstructorAccessorImpl.java:62)
	at sun.reflect.DelegatingConstructorAccessorImpl.newInstance(DelegatingConstructorAccessorImpl.java:45)
	at java.lang.reflect.Constructor.newInstance(Constructor.java:423)
	at ptolemy.util.test.junit.AutoKnownFailedTests.RunModel(AutoKnownFailedTests.java:105)
	at sun.reflect.NativeMethodAccessorImpl.invoke0(Native Method)
	at sun.reflect.NativeMethodAccessorImpl.invoke(NativeMethodAccessorImpl.java:62)
	at sun.reflect.DelegatingMethodAccessorImpl.invoke(DelegatingMethodAccessorImpl.java:43)
	at java.lang.reflect.Method.invoke(Method.java:498)
	at org.junit.runners.model.FrameworkMethod$1.runReflectiveCall(FrameworkMethod.java:44)
	at org.junit.internal.runners.model.ReflectiveCallable.run(ReflectiveCallable.java:15)
	at org.junit.runners.model.FrameworkMethod.invokeExplosively(FrameworkMethod.java:41)
	at junitparams.internal.InvokeParameterisedMethod.evaluate(InvokeParameterisedMethod.java:102)
	at org.junit.internal.runners.statements.FailOnTimeout$1.run(FailOnTimeout.java:28)
Caused by: ptolemy.kernel.util.IllegalActionException: TypeTest actor has no training data.
  in .sizedarray3.TypeTest
	at ptolemy.actor.lib.TypeTest.initialize(TypeTest.java:250)
	at ptolemy.actor.Director.initialize(Director.java:938)
	at ptolemy.actor.Director.initialize(Director.java:907)
	at ptolemy.actor.sched.StaticSchedulingDirector.initialize(StaticSchedulingDirector.java:159)
	at ptolemy.domains.sdf.kernel.SDFDirector.initialize(SDFDirector.java:544)
	at ptolemy.actor.CompositeActor.initialize(CompositeActor.java:935)
	at ptolemy.actor.Manager.initialize(Manager.java:724)
	at ptolemy.actor.Manager.execute(Manager.java:356)
	at ptolemy.actor.Manager.run(Manager.java:1263)
	at ptolemy.actor.Manager$PtolemyRunThread.run(Manager.java:1915)
]]></system-err>
</testsuite>
