<?xml version="1.0" encoding="UTF-8" ?>
<testsuite errors="0" failures="0" hostname="travis-job-2166d78a-e36c-4f82-a21a-a112e3640cef" name="ptolemy.actor.lib.test.junit.JUnitTclTest" skipped="0" tests="517" time="59.006" timestamp="2022-05-11T19:56:15">
  <properties>
    <property name="env.OLDPWD" value="/home/travis/build/icyphy/ptII" />
    <property name="npm.executable" value="npm" />
    <property name="env.TRAVIS_ROOT" value="/" />
    <property name="ptII.mk.exists" value="true" />
    <property name="env.TRAVIS_APP_HOST" value="build.travis-ci.com" />
    <property name="env.rvm_bin_path" value="/home/travis/.rvm/bin" />
    <property name="java.home" value="/usr/local/lib/jvm/openjdk11" />
    <property name="env.TRAVIS_JOB_NUMBER" value="1860.9" />
    <property name="env.TRAVIS_HOME" value="/home/travis" />
    <property name="env.DISPLAY" value=":99.0" />
    <property name="env.TRAVIS_INIT" value="systemd" />
    <property name="env.SSH_TTY" value="/dev/pts/0" />
    <property name="java.net.preferIPv4Stack" value="true" />
    <property name="env.RUN_TESTS" value="true" />
    <property name="timeout.short" value="1000000" />
    <property name="junit.formatter" value="xml" />
    <property name="env.TRAVIS_SUDO" value="true" />
    <property name="env.TRAVIS_JOB_NAME" value="" />
    <property name="env.TRAVIS_STACK_NODE_ATTRIBUTES" value="/.node-attributes.yml" />
    <property name="env.LOGNAME" value="travis" />
    <property name="env.PT_TRAVIS_TEST_CORE1_XML" value="true" />
    <property name="jsdoc.home" value="node_modules/@terraswarm/jsdoc" />
    <property name="debuglevel" value="source,lines,vars" />
    <property name="checkstyle.formatter" value="xml" />
    <property name="bin.vergil.makeable" value="true" />
    <property name="sun.os.patch.level" value="unknown" />
    <property name="java.vendor.url" value="http://java.oracle.com/" />
    <property name="env.TRAVIS_BUILD_WEB_URL" value="https://app.travis-ci.com/icyphy/ptII/builds/250534553" />
    <property name="java.version" value="11.0.2" />
    <property name="env.TZ" value="UTC" />
    <property name="env.TRAVIS_PULL_REQUEST_SHA" value="" />
    <property name="env.PT_NO_NET" value="true" />
    <property name="env.TRAVIS_SECURE_ENV_VARS" value="true" />
    <property name="java.vendor.url.bug" value="http://bugreport.java.com/bugreport/" />
    <property name="npmjs-org-is-up" value="true" />
    <property name="env.LANGUAGE" value="en_US.UTF-8" />
    <property name="env.SSH_CLIENT" value="10.16.1.12 47508 22" />
    <property name="env.GEM_HOME" value="/home/travis/.rvm/gems/ruby-2.5.3" />
    <property name="env.HAS_ANTARES_THREE_LITTLE_FRONZIES_BADGE" value="true" />
    <property name="java.version.date" value="2019-01-15" />
    <property name="env.PS4" value="+" />
    <property name="ant.project.invoked-targets" value="build,test.core1.xml" />
    <property name="env.TRAVIS_PULL_REQUEST_BRANCH" value="" />
    <property name="env.TRAVIS_REPO_SLUG" value="icyphy/ptII" />
    <property name="env.XDG_DATA_DIRS" value="/usr/local/share:/usr/share:/var/lib/snapd/desktop" />
    <property name="jdk.debug" value="release" />
    <property name="env.TRAVIS_APT_PROXY" value="http://build-cache.travisci.net" />
    <property name="env.TRAVIS_CPU_ARCH" value="amd64" />
    <property name="node.in.path" value="true" />
    <property name="user.name" value="travis" />
    <property name="java.maxmemory" value="1400m" />
    <property name="env.RUBY_VERSION" value="ruby-2.5.3" />
    <property name="env.LANG" value="en_US.UTF-8" />
    <property name="sun.io.unicode.encoding" value="UnicodeLittle" />
    <property name="sun.jnu.encoding" value="UTF-8" />
    <property name="java.runtime.name" value="OpenJDK Runtime Environment" />
    <property name="usefile" value="false" />
    <property name="return.code" value="0" />
    <property name="junit.single.formatter" value="plain" />
    <property name="env.DYLD_LIBRARY_PATH" value="/home/travis/pthla/certi-tools/lib:" />
    <property name="env.DEBIAN_FRONTEND" value="noninteractive" />
    <property name="env.SSH_CONNECTION" value="10.16.1.12 47508 10.30.0.100 22" />
    <property name="env.MYSQL_UNIX_PORT" value="/var/run/mysqld/mysqld.sock" />
    <property name="env.LC_ALL" value="en_US.UTF-8" />
    <property name="env.TRAVIS_ALLOW_FAILURE" value="" />
    <property name="env.TRAVIS_JOB_WEB_URL" value="https://app.travis-ci.com/icyphy/ptII/jobs/569911863" />
    <property name="java.specification.name" value="Java Platform API Specification" />
    <property name="node.works" value="true" />
    <property name="user.timezone" value="" />
    <property name="path.separator" value=":" />
    <property name="env.TRAVIS_ENABLE_INFRA_DETECTION" value="true" />
    <property name="env.PYTHON_CFLAGS" value="-g -fstack-protector --param=ssp-buffer-size=4 -Wformat -Werror=format-security" />
    <property name="timeout.long" value="4000000" />
    <property name="env.CERTI_HOME" value="/home/travis/pthla/certi-tools" />
    <property name="ant.file.ptII" value="/home/travis/build/icyphy/ptII/build.xml" />
    <property name="javadoc.packagenames" value="com.*,diva.*,lbnl.*,org.hlacerti.*,org.json.*,org.ptolemy.*,org.terraswarm.*,ptolemy.*,ptserver.*" />
    <property name="file.encoding" value="UTF-8" />
    <property name="env.TRAVIS_PULL_REQUEST_SLUG" value="" />
    <property name="ant.project.default-target" value="build" />
    <property name="env.GIT_ASKPASS" value="echo" />
    <property name="env.HOME" value="/home/travis" />
    <property name="sun.java.command" value="org.apache.tools.ant.taskdefs.optional.junit.JUnitTestRunner ptolemy.actor.lib.test.junit.JUnitTclTest skipNonTests=false filtertrace=true haltOnError=false haltOnFailure=false formatter=org.apache.tools.ant.taskdefs.optional.junit.OutErrSummaryJUnitResultFormatter showoutput=true outputtoformatters=true logfailedtests=true threadid=0 logtestlistenerevents=false formatter=org.apache.tools.ant.taskdefs.optional.junit.XMLJUnitResultFormatter,/home/travis/build/icyphy/ptII/reports/junit/TEST-ptolemy.actor.lib.test.junit.JUnitTclTest.xml crashfile=/home/travis/build/icyphy/ptII/junitvmwatcher904110336704806306.properties propsfile=/home/travis/build/icyphy/ptII/junit6156362151610176925.properties" />
    <property name="env.COMPOSER_NO_INTERACTION" value="1" />
    <property name="env.MANPATH" value="/home/travis/.nvm/versions/node/v7.10.1/share/man:/home/travis/.rvm/rubies/ruby-2.5.3/share/man:/usr/local/cmake-3.12.4/man:/usr/local/clang-7.0.0/share/man:/usr/local/man:/usr/local/share/man:/usr/share/man:/home/travis/.rvm/man" />
    <property name="env.TRAVIS_TIMER_ID" value="3b48a27a" />
    <property name="ant.file" value="/home/travis/build/icyphy/ptII/build.xml" />
    <property name="env.TRAVIS_COMMIT_RANGE" value="8058dcf000028a49a5794cb259e756e0eb9196a8...9dcac6a5b6ad53d4f13b7d3c598835ad8186d905" />
    <property name="ptII.classpath.optional.property" value="/home/travis/build/icyphy/ptII/lib/asm-all-5.2.jar:/home/travis/build/icyphy/ptII/lib/nashorn-core-15.3.jar:/home/travis/build/icyphy/ptII/lib/bsh-2.0b4.jar:/home/travis/build/icyphy/ptII/lib/ptCal.jar:/home/travis/build/icyphy/ptII/lib/java_cup.jar:/home/travis/build/icyphy/ptII/lib/saxon8.jar:/home/travis/build/icyphy/ptII/lib/saxon8-dom.jar:/home/travis/build/icyphy/ptII/lib/chic.jar:/home/travis/build/icyphy/ptII/lib/ptcolt.jar:/home/travis/build/icyphy/ptII/vendors/misc/itext/iText.jar:/home/travis/build/icyphy/ptII/lib/g4ltl.jar:/home/travis/build/icyphy/ptII/lib/StructuralCoder.jar:/home/travis/build/icyphy/ptII/lib/jcerti.jar:/home/travis/build/icyphy/ptII/lib/javax.mail.jar:/home/travis/build/icyphy/ptII/vendors/JMF-2.1.1e/lib/jmf.jar:/home/travis/build/icyphy/ptII/lib/jna-4.0.0-variadic.jar:/home/travis/build/icyphy/ptII/vendors/misc/joystick/Joystick.jar:/home/travis/build/icyphy/ptII/lib/ptjacl.jar:/home/travis/build/icyphy/ptII/lib/jsoup-1.14.2.jar:/home/travis/build/icyphy/ptII/lib/junit-4.8.2.jar:/home/travis/build/icyphy/ptII/lib/JUnitParams-0.4.0.jar:/home/travis/build/icyphy/ptII/ptolemy/actor/lib/excel/jxl.jar:/home/travis/build/icyphy/ptII/lib/jython.jar:/home/travis/build/icyphy/ptII/lib/kieler.jar:/home/travis/build/icyphy/ptII/vendors/opencv/share/OpenCV/java/opencv-341.jar:/home/travis/build/icyphy/ptII/lib/oscP5.jar:/home/travis/build/icyphy/ptII/lib/nrjavaserial-3.11.0.devel.jar:/home/travis/build/icyphy/ptII/vendors/j3d/lib/Linux/j3dcore.jar:/home/travis/build/icyphy/ptII/vendors/j3d/lib/Linux/j3dutils.jar:/home/travis/build/icyphy/ptII/vendors/j3d/lib/Linux/vecmath.jar:/home/travis/build/icyphy/ptII/vendors/jogl/lib/Linux/gluegen-rt-natives-linux-amd64.jar:/home/travis/build/icyphy/ptII/vendors/jogl/lib/Linux/gluegen-rt.jar:/home/travis/build/icyphy/ptII/vendors/jogl/lib/Linux/jogl-all-natives-linux-amd64.jar:/home/travis/build/icyphy/ptII/vendors/jogl/lib/Linux/jogl-all.jar:/home/travis/build/icyphy/ptII/ptolemy/distributed/jini/jar/jini-core.jar:/home/travis/build/icyphy/ptII/ptolemy/distributed/jini/jar/jini-ext.jar:/home/travis/build/icyphy/ptII/ptolemy/distributed/jini/jar/sun-util.jar:/home/travis/build/icyphy/ptII/lib/protobuf-java-2.4.1.jar:/home/travis/build/icyphy/ptII/lib/org.eclipse.paho.client.mqttv3.jar:/home/travis/build/icyphy/ptII/lib/mapss.jar:/home/travis/build/icyphy/ptII/ptolemy/actor/ptalon/antlr/antlr.jar:/home/travis/build/icyphy/ptII/lib/JRI.jar:/home/travis/build/icyphy/ptII/lib/commons-lang-2.6.jar:/home/travis/build/icyphy/ptII/lib/commons-logging-1.1.1.jar:/home/travis/build/icyphy/ptII/lib/sootclasses.jar:/home/travis/build/icyphy/ptII/ptolemy/actor/lib/database/mysql-connector-java-8.0.26.jar:/home/travis/build/icyphy/ptII/vendors/misc/sphinx4/sphinx4-data-5prealpha.jar:/home/travis/build/icyphy/ptII/vendors/misc/sphinx4/sphinx4-core-5prealpha.jar:/home/travis/build/icyphy/ptII/lib/PDFRenderer.jar:/home/travis/build/icyphy/ptII/lib/svgSalamander.jar:/home/travis/build/icyphy/ptII/lib/rsyntaxtextarea-2.6.0-SNAPSHOT.jar:/home/travis/build/icyphy/ptII/lib/hazelcast-3.8.2.jar:/home/travis/build/icyphy/ptII/lib/jackson-annotations-2.9.0.jar:/home/travis/build/icyphy/ptII/lib/jackson-core-2.9.3.jar:/home/travis/build/icyphy/ptII/lib/jackson-databind-2.9.3.jar:/home/travis/build/icyphy/ptII/lib/netty-buffer-4.1.19.Final.jar:/home/travis/build/icyphy/ptII/lib/netty-codec-4.1.19.Final.jar:/home/travis/build/icyphy/ptII/lib/netty-codec-dns-4.1.19.Final.jar:/home/travis/build/icyphy/ptII/lib/netty-codec-http-4.1.19.Final.jar:/home/travis/build/icyphy/ptII/lib/netty-codec-http2-4.1.19.Final.jar:/home/travis/build/icyphy/ptII/lib/netty-common-4.1.19.Final.jar:/home/travis/build/icyphy/ptII/lib/netty-handler-4.1.19.Final.jar:/home/travis/build/icyphy/ptII/lib/netty-resolver-4.1.19.Final.jar:/home/travis/build/icyphy/ptII/lib/netty-resolver-dns-4.1.19.Final.jar:/home/travis/build/icyphy/ptII/lib/netty-transport-4.1.19.Final.jar:/home/travis/build/icyphy/ptII/lib/vertx-codegen-3.5.1.jar:/home/travis/build/icyphy/ptII/lib/vertx-core-3.5.2-SNAPSHOT.jar:/home/travis/build/icyphy/ptII/lib/vertx-hazelcast-3.5.1.jar:/home/travis/build/icyphy/ptII/lib/vertx-lang-js-3.5.1.jar:/home/travis/build/icyphy/ptII/lib/vertx-service-proxy-3.5.1.jar:/home/travis/build/icyphy/ptII/lib/vertx-web-3.5.1.jar:/home/travis/build/icyphy/ptII/lib/slf4j-api-1.7.13.jar:/home/travis/build/icyphy/ptII/lib/slf4j-simple-1.7.13.jar:/home/travis/build/icyphy/ptII/lib/webcam-capture-0.3.12.jar:/home/travis/build/icyphy/ptII/lib/bridj-0.7.0.jar:/home/travis/build/icyphy/ptII/lib/xbjlib-1.1.0.nrjavaserial.jar" />
    <property name="timeout" value="2400000" />
    <property name="test.batch" value="**/junit/*.java" />
    <property name="env._" value="/usr/bin/timeout" />
    <property name="java.io.tmpdir" value="/tmp" />
    <property name="user.language" value="en" />
    <property name="env.TRAVIS_INTERNAL_RUBY_REGEX" value="^ruby-(2\.[0-4]\.[0-9]|1\.9\.3)" />
    <property name="env.HISTCONTROL" value="ignoredups:ignorespace" />
    <property name="env.GOROOT" value="/home/travis/.gimme/versions/go1.11.1.linux.amd64" />
    <property name="line.separator" value="&#xa;" />
    <property name="target" value="11" />
    <property name="env.TRAVIS_BUILD_DIR" value="/home/travis/build/icyphy/ptII" />
    <property name="env.ANT_OPTS" value="-Xmx2048m" />
    <property name="ant.file.type" value="file" />
    <property name="ptolemy.ptII.batchMode" value="true" />
    <property name="env.HISTSIZE" value="1000" />
    <property name="env.MERB_ENV" value="test" />
    <property name="java.vm.info" value="mixed mode" />
    <property name="source" value="11" />
    <property name="java.vm.specification.name" value="Java Virtual Machine Specification" />
    <property name="env.TRAVIS_TEST_RESULT" value="0" />
    <property name="jsdoc.command" value="node_modules/@terraswarm/jsdoc/jsdoc.js" />
    <property name="npm.works" value="true" />
    <property name="cobertura.dir" value="/home/travis/build/icyphy/ptII/vendors/cobertura-2.0.3" />
    <property name="env.rvm_path" value="/home/travis/.rvm" />
    <property name="env.GEM_PATH" value="/home/travis/.rvm/gems/ruby-2.5.3:/home/travis/.rvm/gems/ruby-2.5.3@global" />
    <property name="env.LC_CTYPE" value="en_US.UTF-8" />
    <property name="env.TRAVIS_CMD" value="$PTII/bin/ptIITravisBuild.sh $SECONDS" />
    <property name="java.awt.printerjob" value="sun.print.PSPrinterJob" />
    <property name="env.TRAVIS_STACK_NAME" value="sardonyx" />
    <property name="env.TRAVIS_TIMER_START_TIME" value="1652298624880839341" />
    <property name="ant.version" value="Apache Ant(TM) version 1.10.1 compiled on February 2 2017" />
    <property name="ptII.reports" value="/home/travis/build/icyphy/ptII/reports" />
    <property name="env.TRAVIS_STACK_TIMESTAMP" value="2022-03-21 11:29:05 UTC" />
    <property name="ant.file.type.ptII" value="file" />
    <property name="env.RBENV_SHELL" value="bash" />
    <property name="os.name" value="Linux" />
    <property name="java.specification.vendor" value="Oracle Corporation" />
    <property name="env.rvm_version" value="1.29.12 (latest)" />
    <property name="env.TRAVIS_INFRA" value="unknown" />
    <property name="env.TERM" value="xterm" />
    <property name="java.vm.name" value="OpenJDK 64-Bit Server VM" />
    <property name="env.TRAVIS_BUILD_NUMBER" value="1860" />
    <property name="env.CI" value="true" />
    <property name="java.library.path" value="/home/travis/pthla/certi-tools/lib:/usr/lib/jni:/usr/local/share/OpenCV/java/:/usr/share/OpenCV/java::/usr/java/packages/lib:/usr/lib64:/lib64:/lib:/usr/lib" />
    <property name="jdk.module.path" value="/home/travis/build/icyphy/ptII/vendors/javafx/javafx-sdk-11.0.2/lib:" />
    <property name="env.rvm_prefix" value="/home/travis" />
    <property name="env.PATH" value="/home/travis/pthla/certi-tools/share/scripts:/home/travis/.rvm/gems/ruby-2.5.3/bin:/home/travis/.rvm/gems/ruby-2.5.3@global/bin:/home/travis/.rvm/rubies/ruby-2.5.3/bin:/home/travis/.rvm/bin:./node_modules/.bin:/home/travis/build/icyphy/ptII/bin:/home/travis/pthla/certi-tools/bin:/home/travis/bin:/home/travis/.local/bin:/usr/local/lib/jvm/openjdk11/bin:/opt/pyenv/shims:/home/travis/.phpenv/shims:/home/travis/perl5/perlbrew/bin:/home/travis/.nvm/versions/node/v7.10.1/bin:/home/travis/gopath/bin:/home/travis/.gimme/versions/go1.11.1.linux.amd64/bin:/usr/local/maven-3.6.3/bin:/usr/local/cmake-3.12.4/bin:/usr/local/clang-7.0.0/bin:/usr/local/sbin:/usr/local/bin:/usr/sbin:/usr/bin:/sbin:/bin:/snap/bin:/home/travis/.phpenv/bin:/opt/pyenv/bin:/home/travis/.yarn/bin" />
    <property name="env.TRAVIS_OS_NAME" value="linux" />
    <property name="ant.java.version" value="9" />
    <property name="basedir" value="/home/travis/build/icyphy/ptII" />
    <property name="java.class.version" value="55.0" />
    <property name="env.SHLVL" value="3" />
    <property name="env.LD_LIBRARY_PATH" value="/home/travis/pthla/certi-tools/lib:/usr/lib/jni:/usr/local/share/OpenCV/java/:/usr/share/OpenCV/java:" />
    <property name="env.RACK_ENV" value="test" />
    <property name="ant.home" value="/home/travis/build/icyphy/ptII/ant" />
    <property name="env.NVM_DIR" value="/home/travis/.nvm" />
    <property name="env.CERTI_FOM_PATH" value="/home/travis/pthla/certi-tools/share/federations" />
    <property name="env.TRAVIS_BUILD_ID" value="250534553" />
    <property name="env.PYENV_ROOT" value="/opt/pyenv" />
    <property name="env.TRAVIS_UID" value="2000" />
    <property name="prism.verbose" value="true" />
    <property name="env.NVM_BIN" value="/home/travis/.nvm/versions/node/v7.10.1/bin" />
    <property name="env.TRAVIS_COMMIT" value="9dcac6a5b6ad53d4f13b7d3c598835ad8186d905" />
    <property name="node.executable" value="node" />
    <property name="sun.boot.library.path" value="/usr/local/lib/jvm/openjdk11/lib" />
    <property name="sun.management.compiler" value="HotSpot 64-Bit Tiered Compilers" />
    <property name="java.awt.graphicsenv" value="sun.awt.X11GraphicsEnvironment" />
    <property name="env.GOPATH" value="/home/travis/gopath" />
    <property name="ptolemy.ptII.dir" value="/home/travis/build/icyphy/ptII" />
    <property name="env.USER" value="travis" />
    <property name="env.HISTFILESIZE" value="2000" />
    <property name="env.NVM_INC" value="/home/travis/.nvm/versions/node/v7.10.1/include/node" />
    <property name="timeout.longest" value="19000000" />
    <property name="env.PERLBREW_SHELLRC_VERSION" value="0.94" />
    <property name="env.TRAVIS_STACK_FEATURES" value="basic couchdb disabled-ipv6 docker docker-compose elasticsearch firefox go-toolchain google-chrome jdk memcached mongodb mysql nodejs_interpreter perl_interpreter perlbrew phantomjs postgresql python_interpreter redis ruby_interpreter sqlite xserver" />
    <property name="env.TRAVIS_PULL_REQUEST" value="false" />
    <property name="env.PYENV_SHELL" value="bash" />
    <property name="ant.project.name" value="ptII" />
    <property name="env.ANSI_RESET" value="\033[0m" />
    <property name="java.vm.specification.version" value="11" />
    <property name="env.TRAVIS_DIST" value="xenial" />
    <property name="env.CERTI_VERSION" value="4.0.0" />
    <property name="env.CERTI_HOST" value="localhost" />
    <property name="awt.toolkit" value="sun.awt.X11.XToolkit" />
    <property name="env.MY_RUBY_HOME" value="/home/travis/.rvm/rubies/ruby-2.5.3" />
    <property name="sun.cpu.isalist" value="" />
    <property name="env.TRAVIS_TMPDIR" value="/tmp/tmp.nun7jyHqFm" />
    <property name="java.vm.compressedOopsMode" value="Zero based" />
    <property name="os.version" value="4.15.0-1098-gcp" />
    <property name="user.home" value="/home/travis" />
    <property name="java.vm.vendor" value="Oracle Corporation" />
    <property name="env.TRAVIS_TAG" value="nightly" />
    <property name="env.ANSI_YELLOW" value="\033[33;1m" />
    <property name="env.TRAVIS_FILTERED" value="redirect_io" />
    <property name="env.ANSI_GREEN" value="\033[32;1m" />
    <property name="env.JAVA_HOME" value="/usr/local/lib/jvm/openjdk11" />
    <property name="javadoc.excludepackagenames" value="adm.cvs2svn.*,build.*,config.*,doc.coding.templates.*,jni.test.jni.meaningOfLife.*,jni.test.jni.testDeux.*,jni.test.jni.testTrois.*,org.terraswarm.accessor.accessors.web.node_modules.*,org.terraswarm.accessor.accessors.web.hosts.cordova.demo.*,org.terraswarm.accessor.accessors.web.hosts.cordova.plugins.*,org.terraswarm.accessor.accessors-svn.*,pt-modules.*,ptolemy.apps.agilent.*,ptolemy.apps.anytimecontrol.*,ptolemy.apps.apes.*,ptolemy.apps.charon.*,ptolemy.apps.crazyboard.*,ptolemy.apps.eclipse.*,ptolemy.apps.etherealSting.*,ptolemy.apps.fullscreen.*,ptolemy.apps.giotto.*,ptolemy.apps.ia.*,ptolemy.apps.interfaces.*,ptolemy.apps.jmf.*,ptolemy.apps.kurt.*,ptolemy.apps.kvm.*,ptolemy.apps.lego.*,ptolemy.apps.lejos.*,ptolemy.apps.midp.*,ptolemy.apps.mobileCoding.*,ptolemy.apps.pendulum.*,ptolemy.apps.rijndael.*,ptolemy.apps.robot.*,ptolemy.apps.security.*,ptolemy.apps.sobel.*,ptolemy.apps.soot.*,ptolemy.apps.throttle.*,ptolemy.apps.tini.*,ptolemy.apps.transmission.*,ptolemy.apps.vergil.*,ptolemy.apps.waba.*,ptolemy.apps.websensor.*,ptolemy.apps.webstart.*,ptolemy.apps.xsl.*,ptolemy.apps.zaurus.*,ptolemy.codegen.c.actor.lib.oldJavaFiles.*,ptolemy.codegen.dsp.lib.*,ptolemy.codegen.kernel.newInterfaces.*,ptolemy.codegen.lib.*,ptolemy.copernicus.kernel.fragment.*,ptolemy.copernicus.shallow.cg.*,ptolemy.domains.giotto.demo.Hierarchy.Hierarchy.*,ptolemy.domains.giotto.demo.Multimode.Multimode.*,ptolemy.domains.giotto.demo.Simple.Simple.*,ptolemy.domains.gr.lib.experimental.*,ptolemy.domains.gro.*,ptolemy.domains.pdf.*,ptolemy.domains.ptinyos.demo.Surge.output.*,ptolemy.moml.test.NoPackageActor.java*,ptolemy.plot.adm.*,ptolemy.plot.servlet.*,reports.*,signed.*,src.*,target.*,vendors.*,ptolemy.copernicus.applet.*,ptolemy.media.viewer.*,ptolemy.actor.corba.*,doc.doclets.*,ptolemy.apps.eclipse.awt.*,ptolemy.backtrack.*,ptolemy.backtrack.ast.*,ptolemy.cg.adapter.generic.program.procedural.c.mbed*,ptolemy.homer.*,ptolemy.actor.lib.jai.*,org.ptolemy.scala.*,diva.util.java2d.svg.*,ptolemy.domains.ptinyos.*,ptolemy.actor.lib.fmi.fmipp.*,,org.terraswarm.accessor.accessors.web.node_modules.*,org.terraswarm.accessor.accessors-svn,ptolemy.apps.*,ptolemy.actor.ptalon.demo.ptinyos.SendAndReceiveCnt.output,ptolemy.actor.ptalon.demo.ptinyos.SenseToLeds.output,ptolemy.domains.ptinyos.demo.CntToLedsAndRfm.output,ptolemy.domains.ptinyos.demo.RfmToLeds.output,ptolemy.domains.ptinyos.demo.SendAndReceiveCnt.output,ptolemy.domains.ptinyos.demo.SenseToLeds.output,ptolemy.actor.lib.jjs.modules.udpSocket.*" />
    <property name="env.PTII" value="/home/travis/build/icyphy/ptII" />
    <property name="env.XDG_SESSION_ID" value="2" />
    <property name="keystore" value="ptKeystore" />
    <property name="env.TRAVIS_COMMIT_MESSAGE" value="Use sudo when trying to remove directories.&#xa;&#xa;This could cause problems when run under Darwin and ant." />
    <property name="junit.output.dir" value="/home/travis/build/icyphy/ptII/reports/junit" />
    <property name="npm.return.code" value="0" />
    <property name="user.dir" value="/home/travis/build/icyphy/ptII/ptolemy/actor/lib/test" />
    <property name="env.TRAVIS_NODE_VERSION" value="7" />
    <property name="env.TRAVIS_EVENT_TYPE" value="api" />
    <property name="env.MAIL" value="/var/mail/travis" />
    <property name="env.PERLBREW_ROOT" value="/home/travis/perl5/perlbrew" />
    <property name="env.PWD" value="/home/travis/build/icyphy/ptII" />
    <property name="timeout.npm" value="45000" />
    <property name="env.TRAVIS_ARCH" value="amd64" />
    <property name="sun.cpu.endian" value="little" />
    <property name="env.PAGER" value="cat" />
    <property name="env.TRAVIS_BUILD_STAGE_NAME" value="test" />
    <property name="env.PERLBREW_HOME" value="/home/travis/.perlbrew" />
    <property name="java.vm.version" value="11.0.2+9" />
    <property name="env.RAILS_ENV" value="test" />
    <property name="java.class.path" value="/home/travis/.ptolemyII:/home/travis/.ptolemyII/*:/home/travis/build/icyphy/ptII:/home/travis/build/icyphy/ptII/lib/asm-all-5.2.jar:/home/travis/build/icyphy/ptII/lib/nashorn-core-15.3.jar:/home/travis/build/icyphy/ptII/lib/bsh-2.0b4.jar:/home/travis/build/icyphy/ptII/lib/ptCal.jar:/home/travis/build/icyphy/ptII/lib/java_cup.jar:/home/travis/build/icyphy/ptII/lib/saxon8.jar:/home/travis/build/icyphy/ptII/lib/saxon8-dom.jar:/home/travis/build/icyphy/ptII/lib/chic.jar:/home/travis/build/icyphy/ptII/lib/ptcolt.jar:/home/travis/build/icyphy/ptII/vendors/misc/itext/iText.jar:/home/travis/build/icyphy/ptII/lib/g4ltl.jar:/home/travis/build/icyphy/ptII/lib/StructuralCoder.jar:/home/travis/build/icyphy/ptII/lib/jcerti.jar:/home/travis/build/icyphy/ptII/lib/javax.mail.jar:/home/travis/build/icyphy/ptII/vendors/JMF-2.1.1e/lib/jmf.jar:/home/travis/build/icyphy/ptII/lib/jna-4.0.0-variadic.jar:/home/travis/build/icyphy/ptII/vendors/misc/joystick/Joystick.jar:/home/travis/build/icyphy/ptII/lib/ptjacl.jar:/home/travis/build/icyphy/ptII/lib/jsoup-1.14.2.jar:/home/travis/build/icyphy/ptII/lib/junit-4.8.2.jar:/home/travis/build/icyphy/ptII/lib/JUnitParams-0.4.0.jar:/home/travis/build/icyphy/ptII/ptolemy/actor/lib/excel/jxl.jar:/home/travis/build/icyphy/ptII/lib/jython.jar:/home/travis/build/icyphy/ptII/lib/kieler.jar:/home/travis/build/icyphy/ptII/vendors/opencv/share/OpenCV/java/opencv-341.jar:/home/travis/build/icyphy/ptII/lib/oscP5.jar:/home/travis/build/icyphy/ptII/lib/nrjavaserial-3.11.0.devel.jar:/home/travis/build/icyphy/ptII/vendors/j3d/lib/Linux/j3dcore.jar:/home/travis/build/icyphy/ptII/vendors/j3d/lib/Linux/j3dutils.jar:/home/travis/build/icyphy/ptII/vendors/j3d/lib/Linux/vecmath.jar:/home/travis/build/icyphy/ptII/vendors/jogl/lib/Linux/gluegen-rt-natives-linux-amd64.jar:/home/travis/build/icyphy/ptII/vendors/jogl/lib/Linux/gluegen-rt.jar:/home/travis/build/icyphy/ptII/vendors/jogl/lib/Linux/jogl-all-natives-linux-amd64.jar:/home/travis/build/icyphy/ptII/vendors/jogl/lib/Linux/jogl-all.jar:/home/travis/build/icyphy/ptII/ptolemy/distributed/jini/jar/jini-core.jar:/home/travis/build/icyphy/ptII/ptolemy/distributed/jini/jar/jini-ext.jar:/home/travis/build/icyphy/ptII/ptolemy/distributed/jini/jar/sun-util.jar:/home/travis/build/icyphy/ptII/lib/protobuf-java-2.4.1.jar:/home/travis/build/icyphy/ptII/lib/org.eclipse.paho.client.mqttv3.jar:/home/travis/build/icyphy/ptII/lib/mapss.jar:/home/travis/build/icyphy/ptII/ptolemy/actor/ptalon/antlr/antlr.jar:/home/travis/build/icyphy/ptII/lib/JRI.jar:/home/travis/build/icyphy/ptII/lib/commons-lang-2.6.jar:/home/travis/build/icyphy/ptII/lib/commons-logging-1.1.1.jar:/home/travis/build/icyphy/ptII/lib/sootclasses.jar:/home/travis/build/icyphy/ptII/ptolemy/actor/lib/database/mysql-connector-java-8.0.26.jar:/home/travis/build/icyphy/ptII/vendors/misc/sphinx4/sphinx4-data-5prealpha.jar:/home/travis/build/icyphy/ptII/vendors/misc/sphinx4/sphinx4-core-5prealpha.jar:/home/travis/build/icyphy/ptII/lib/PDFRenderer.jar:/home/travis/build/icyphy/ptII/lib/svgSalamander.jar:/home/travis/build/icyphy/ptII/lib/rsyntaxtextarea-2.6.0-SNAPSHOT.jar:/home/travis/build/icyphy/ptII/lib/hazelcast-3.8.2.jar:/home/travis/build/icyphy/ptII/lib/jackson-annotations-2.9.0.jar:/home/travis/build/icyphy/ptII/lib/jackson-core-2.9.3.jar:/home/travis/build/icyphy/ptII/lib/jackson-databind-2.9.3.jar:/home/travis/build/icyphy/ptII/lib/netty-buffer-4.1.19.Final.jar:/home/travis/build/icyphy/ptII/lib/netty-codec-4.1.19.Final.jar:/home/travis/build/icyphy/ptII/lib/netty-codec-dns-4.1.19.Final.jar:/home/travis/build/icyphy/ptII/lib/netty-codec-http-4.1.19.Final.jar:/home/travis/build/icyphy/ptII/lib/netty-codec-http2-4.1.19.Final.jar:/home/travis/build/icyphy/ptII/lib/netty-common-4.1.19.Final.jar:/home/travis/build/icyphy/ptII/lib/netty-handler-4.1.19.Final.jar:/home/travis/build/icyphy/ptII/lib/netty-resolver-4.1.19.Final.jar:/home/travis/build/icyphy/ptII/lib/netty-resolver-dns-4.1.19.Final.jar:/home/travis/build/icyphy/ptII/lib/netty-transport-4.1.19.Final.jar:/home/travis/build/icyphy/ptII/lib/vertx-codegen-3.5.1.jar:/home/travis/build/icyphy/ptII/lib/vertx-core-3.5.2-SNAPSHOT.jar:/home/travis/build/icyphy/ptII/lib/vertx-hazelcast-3.5.1.jar:/home/travis/build/icyphy/ptII/lib/vertx-lang-js-3.5.1.jar:/home/travis/build/icyphy/ptII/lib/vertx-service-proxy-3.5.1.jar:/home/travis/build/icyphy/ptII/lib/vertx-web-3.5.1.jar:/home/travis/build/icyphy/ptII/lib/slf4j-api-1.7.13.jar:/home/travis/build/icyphy/ptII/lib/slf4j-simple-1.7.13.jar:/home/travis/build/icyphy/ptII/lib/webcam-capture-0.3.12.jar:/home/travis/build/icyphy/ptII/lib/bridj-0.7.0.jar:/home/travis/build/icyphy/ptII/lib/xbjlib-1.1.0.nrjavaserial.jar:/home/travis/build/icyphy/ptII/ptolemy/moml/test:/home/travis/build/icyphy/ptII/ant/lib/ant-launcher.jar:/home/travis/build/icyphy/ptII/ant/lib/ant.jar:/home/travis/build/icyphy/ptII/ant/lib/ant-junit.jar:/home/travis/build/icyphy/ptII/ant/lib/ant-junit4.jar" />
    <property name="ant.library.dir" value="/home/travis/build/icyphy/ptII/ant/lib" />
    <property name="os.arch" value="amd64" />
    <property name="env.CONTINUOUS_INTEGRATION" value="true" />
    <property name="env.TRAVIS_LANGUAGE" value="node_js" />
    <property name="env.TRAVIS_STACK_LANGUAGES" value="__sardonyx__ c c++ clojure cplusplus cpp default generic go groovy java node_js php pure_java python ruby scala" />
    <property name="test.name" value="ptolemy.actor.lib.test.junit.JUnitTclTest" />
    <property name="env.APT_KEY_DONT_WARN_ON_DANGEROUS_USAGE" value="1" />
    <property name="sun.java.launcher" value="SUN_STANDARD" />
    <property name="env.PYTHON_CONFIGURE_OPTS" value="--enable-unicode=ucs4 --with-wide-unicode --enable-shared --enable-ipv6 --enable-loadable-sqlite-extensions --with-computed-gotos" />
    <property name="ant.core.lib" value="/home/travis/build/icyphy/ptII/ant/lib/ant.jar" />
    <property name="java.vm.specification.vendor" value="Oracle Corporation" />
    <property name="env.BCVTB_HOME" value="/home/travis/build/icyphy/ptII/lbnl" />
    <property name="file.separator" value="/" />
    <property name="spotbugs.home" value="/home/travis/build/icyphy/ptII/vendors/spotbugs-3.1.1" />
    <property name="java.runtime.version" value="11.0.2+9" />
    <property name="env.ANSI_CLEAR" value="\033[0K" />
    <property name="javafx.verbose" value="true" />
    <property name="env.HAS_JOSH_K_SEAL_OF_APPROVAL" value="true" />
    <property name="env.XDG_RUNTIME_DIR" value="/run/user/2000" />
    <property name="env.TRAVIS_OSX_IMAGE" value="" />
    <property name="env.TRAVIS_JOB_ID" value="569911863" />
    <property name="env.TRAVIS_BRANCH" value="master" />
    <property name="user.country" value="US" />
    <property name="env.CERTI_HOME_TRAVIS" value="/home/travis/pthla/certi-tools" />
    <property name="env.SHELL" value="/bin/bash" />
    <property name="java.maxmemory.large" value="3200m" />
    <property name="model" value="" />
    <property name="env.CASHER_DIR" value="/home/travis/.casher" />
    <property name="env.NVM_CD_FLAGS" value="" />
    <property name="java.vendor.version" value="18.9" />
    <property name="jshint.executable" value="/home/travis/node_modules/jshint/bin/jshint" />
    <property name="env.JRUBY_OPTS" value=" --client -J-XX:+TieredCompilation -J-XX:TieredStopAtLevel=1 -J-Xss2m -Xcompile.invokedynamic=false" />
    <property name="java.vendor" value="Oracle Corporation" />
    <property name="env.TRAVIS_PRE_CHEF_BOOTSTRAP_TIME" value="2022-03-21T11:28:53" />
    <property name="env.TRAVIS_STACK_JOB_BOARD_REGISTER" value="/.job-board-register.yml" />
    <property name="env.ANSI_RED" value="\033[31;1m" />
    <property name="java.specification.version" value="11" />
    <property name="env.IRBRC" value="/home/travis/.rvm/rubies/ruby-2.5.3/.irbrc" />
    <property name="env.TRAVIS" value="true" />
    <property name="sun.arch.data.model" value="64" />
  </properties>
  <testcase classname="ptolemy.util.test.junit.TclTests" name="[0] /home/travis/build/icyphy/ptII/ptolemy/actor/lib/test/AbsoluteValue.tcl (RunTclFile)" time="0.508" />
  <testcase classname="ptolemy.util.test.junit.TclTests" name="[1] /home/travis/build/icyphy/ptII/ptolemy/actor/lib/test/AddSubtract.tcl (RunTclFile)" time="0.146" />
  <testcase classname="ptolemy.util.test.junit.TclTests" name="[2] /home/travis/build/icyphy/ptII/ptolemy/actor/lib/test/Average.tcl (RunTclFile)" time="0.029" />
  <testcase classname="ptolemy.util.test.junit.TclTests" name="[3] /home/travis/build/icyphy/ptII/ptolemy/actor/lib/test/Bernoulli.tcl (RunTclFile)" time="0.016" />
  <testcase classname="ptolemy.util.test.junit.TclTests" name="[4] /home/travis/build/icyphy/ptII/ptolemy/actor/lib/test/Clock.tcl (RunTclFile)" time="0.055" />
  <testcase classname="ptolemy.util.test.junit.TclTests" name="[5] /home/travis/build/icyphy/ptII/ptolemy/actor/lib/test/Commutator.tcl (RunTclFile)" time="0.149" />
  <testcase classname="ptolemy.util.test.junit.TclTests" name="[6] /home/travis/build/icyphy/ptII/ptolemy/actor/lib/test/Const.tcl (RunTclFile)" time="0.086" />
  <testcase classname="ptolemy.util.test.junit.TclTests" name="[7] /home/travis/build/icyphy/ptII/ptolemy/actor/lib/test/CurrentTime.tcl (RunTclFile)" time="0.039" />
  <testcase classname="ptolemy.util.test.junit.TclTests" name="[8] /home/travis/build/icyphy/ptII/ptolemy/actor/lib/test/DB.tcl (RunTclFile)" time="0.033" />
  <testcase classname="ptolemy.util.test.junit.TclTests" name="[9] /home/travis/build/icyphy/ptII/ptolemy/actor/lib/test/DiscreteRandomSource.tcl (RunTclFile)" time="0.037" />
  <testcase classname="ptolemy.util.test.junit.TclTests" name="[10] /home/travis/build/icyphy/ptII/ptolemy/actor/lib/test/Distributor.tcl (RunTclFile)" time="0.077" />
  <testcase classname="ptolemy.util.test.junit.TclTests" name="[11] /home/travis/build/icyphy/ptII/ptolemy/actor/lib/test/Exit.tcl (RunTclFile)" time="0.094" />
  <testcase classname="ptolemy.util.test.junit.TclTests" name="[12] /home/travis/build/icyphy/ptII/ptolemy/actor/lib/test/Expression.tcl (RunTclFile)" time="0.06" />
  <testcase classname="ptolemy.util.test.junit.TclTests" name="[13] /home/travis/build/icyphy/ptII/ptolemy/actor/lib/test/Gaussian.tcl (RunTclFile)" time="0.575" />
  <testcase classname="ptolemy.util.test.junit.TclTests" name="[14] /home/travis/build/icyphy/ptII/ptolemy/actor/lib/test/IIR.tcl (RunTclFile)" time="0.04" />
  <testcase classname="ptolemy.util.test.junit.TclTests" name="[15] /home/travis/build/icyphy/ptII/ptolemy/actor/lib/test/Interpolator.tcl (RunTclFile)" time="0.101" />
  <testcase classname="ptolemy.util.test.junit.TclTests" name="[16] /home/travis/build/icyphy/ptII/ptolemy/actor/lib/test/MathFunction.tcl (RunTclFile)" time="0.066" />
  <testcase classname="ptolemy.util.test.junit.TclTests" name="[17] /home/travis/build/icyphy/ptII/ptolemy/actor/lib/test/Maximum.tcl (RunTclFile)" time="0.021" />
  <testcase classname="ptolemy.util.test.junit.TclTests" name="[18] /home/travis/build/icyphy/ptII/ptolemy/actor/lib/test/Minimum.tcl (RunTclFile)" time="0.017" />
  <testcase classname="ptolemy.util.test.junit.TclTests" name="[19] /home/travis/build/icyphy/ptII/ptolemy/actor/lib/test/MultiplyDivide.tcl (RunTclFile)" time="0.044" />
  <testcase classname="ptolemy.util.test.junit.TclTests" name="[20] /home/travis/build/icyphy/ptII/ptolemy/actor/lib/test/OrderedMerge.tcl (RunTclFile)" time="0.106" />
  <testcase classname="ptolemy.util.test.junit.TclTests" name="[21] /home/travis/build/icyphy/ptII/ptolemy/actor/lib/test/Publisher.tcl (RunTclFile)" time="0.807" />
  <testcase classname="ptolemy.util.test.junit.TclTests" name="[22] /home/travis/build/icyphy/ptII/ptolemy/actor/lib/test/Pulse.tcl (RunTclFile)" time="0.06" />
  <testcase classname="ptolemy.util.test.junit.TclTests" name="[23] /home/travis/build/icyphy/ptII/ptolemy/actor/lib/test/Ramp.tcl (RunTclFile)" time="1.838" />
  <testcase classname="ptolemy.util.test.junit.TclTests" name="[24] /home/travis/build/icyphy/ptII/ptolemy/actor/lib/test/RampContinuous.tcl (RunTclFile)" time="0.016" />
  <testcase classname="ptolemy.util.test.junit.TclTests" name="[25] /home/travis/build/icyphy/ptII/ptolemy/actor/lib/test/RecordAssembler.tcl (RunTclFile)" time="0.015" />
  <testcase classname="ptolemy.util.test.junit.TclTests" name="[26] /home/travis/build/icyphy/ptII/ptolemy/actor/lib/test/RecordDisassembler.tcl (RunTclFile)" time="0.028" />
  <testcase classname="ptolemy.util.test.junit.TclTests" name="[27] /home/travis/build/icyphy/ptII/ptolemy/actor/lib/test/Scale.tcl (RunTclFile)" time="0.022" />
  <testcase classname="ptolemy.util.test.junit.TclTests" name="[28] /home/travis/build/icyphy/ptII/ptolemy/actor/lib/test/SequentialClock.tcl (RunTclFile)" time="0.011" />
  <testcase classname="ptolemy.util.test.junit.TclTests" name="[29] /home/travis/build/icyphy/ptII/ptolemy/actor/lib/test/SetVariable.tcl (RunTclFile)" time="0.008" />
  <testcase classname="ptolemy.util.test.junit.TclTests" name="[30] /home/travis/build/icyphy/ptII/ptolemy/actor/lib/test/Sinewave.tcl (RunTclFile)" time="0.022" />
  <testcase classname="ptolemy.util.test.junit.TclTests" name="[31] /home/travis/build/icyphy/ptII/ptolemy/actor/lib/test/SubscriptionAggregator.tcl (RunTclFile)" time="1.965" />
  <testcase classname="ptolemy.util.test.junit.TclTests" name="[32] /home/travis/build/icyphy/ptII/ptolemy/actor/lib/test/Test.tcl (RunTclFile)" time="0.068" />
  <testcase classname="ptolemy.util.test.junit.TclTests" name="[33] /home/travis/build/icyphy/ptII/ptolemy/actor/lib/test/TestExceptionHandler.tcl (RunTclFile)" time="0.008" />
  <testcase classname="ptolemy.util.test.junit.TclTests" name="[34] /home/travis/build/icyphy/ptII/ptolemy/actor/lib/test/UnionDisassembler.tcl (RunTclFile)" time="0.041" />
  <testcase classname="ptolemy.util.test.junit.TclTests" name="[35] /home/travis/build/icyphy/ptII/ptolemy/actor/lib/test/VariableClock.tcl (RunTclFile)" time="0.012" />
  <testcase classname="ptolemy.util.test.junit.AutoKnownFailedTests" name="[0] /home/travis/build/icyphy/ptII/ptolemy/actor/lib/test/auto/knownFailedTests/PublisherPortToplevelSubscriber.xml (RunModel)" time="0.074" />
  <testcase classname="ptolemy.util.test.junit.AutoKnownFailedTests" name="[1] /home/travis/build/icyphy/ptII/ptolemy/actor/lib/test/auto/knownFailedTests/PublisherSubscriberPortToplevel.xml (RunModel)" time="0.019" />
  <testcase classname="ptolemy.util.test.junit.AutoKnownFailedTests" name="[2] /home/travis/build/icyphy/ptII/ptolemy/actor/lib/test/auto/knownFailedTests/PublisherSubscriptionAggregatorPort.xml (RunModel)" time="0.033" />
  <testcase classname="ptolemy.util.test.junit.AutoKnownFailedTests" name="[3] /home/travis/build/icyphy/ptII/ptolemy/actor/lib/test/auto/knownFailedTests/sizedarray3.xml (RunModel)" time="0.022" />
  <testcase classname="ptolemy.util.test.junit.AutoNameArchTests" name="[0] ThereAreNoAutoArchTests (RunModel)" time="0.003" />
  <testcase classname="ptolemy.util.test.junit.AutoTests" name="[0] /home/travis/build/icyphy/ptII/ptolemy/actor/lib/test/auto/AbsoluteValue.xml (RunModel)" time="0.068" />
  <testcase classname="ptolemy.util.test.junit.AutoTests" name="[1] /home/travis/build/icyphy/ptII/ptolemy/actor/lib/test/auto/AbsoluteValue2.xml (RunModel)" time="0.052" />
  <testcase classname="ptolemy.util.test.junit.AutoTests" name="[2] /home/travis/build/icyphy/ptII/ptolemy/actor/lib/test/auto/Accumulator.xml (RunModel)" time="0.056" />
  <testcase classname="ptolemy.util.test.junit.AutoTests" name="[3] /home/travis/build/icyphy/ptII/ptolemy/actor/lib/test/auto/Accumulator2.xml (RunModel)" time="0.041" />
  <testcase classname="ptolemy.util.test.junit.AutoTests" name="[4] /home/travis/build/icyphy/ptII/ptolemy/actor/lib/test/auto/Accumulator3.xml (RunModel)" time="0.021" />
  <testcase classname="ptolemy.util.test.junit.AutoTests" name="[5] /home/travis/build/icyphy/ptII/ptolemy/actor/lib/test/auto/ArrayAppend.xml (RunModel)" time="0.043" />
  <testcase classname="ptolemy.util.test.junit.AutoTests" name="[6] /home/travis/build/icyphy/ptII/ptolemy/actor/lib/test/auto/ArrayAppend2.xml (RunModel)" time="0.355" />
  <testcase classname="ptolemy.util.test.junit.AutoTests" name="[7] /home/travis/build/icyphy/ptII/ptolemy/actor/lib/test/auto/ArrayAppend3.xml (RunModel)" time="0.013" />
  <testcase classname="ptolemy.util.test.junit.AutoTests" name="[8] /home/travis/build/icyphy/ptII/ptolemy/actor/lib/test/auto/ArrayAppend4.xml (RunModel)" time="0.011" />
  <testcase classname="ptolemy.util.test.junit.AutoTests" name="[9] /home/travis/build/icyphy/ptII/ptolemy/actor/lib/test/auto/ArrayAppend5.xml (RunModel)" time="0.016" />
  <testcase classname="ptolemy.util.test.junit.AutoTests" name="[10] /home/travis/build/icyphy/ptII/ptolemy/actor/lib/test/auto/ArrayAppend6.xml (RunModel)" time="0.014" />
  <testcase classname="ptolemy.util.test.junit.AutoTests" name="[11] /home/travis/build/icyphy/ptII/ptolemy/actor/lib/test/auto/ArrayAppendPerformanceTest.xml (RunModel)" time="0.047" />
  <testcase classname="ptolemy.util.test.junit.AutoTests" name="[12] /home/travis/build/icyphy/ptII/ptolemy/actor/lib/test/auto/ArrayAppendWithEmptyInput.xml (RunModel)" time="0.034" />
  <testcase classname="ptolemy.util.test.junit.AutoTests" name="[13] /home/travis/build/icyphy/ptII/ptolemy/actor/lib/test/auto/ArrayAverage.xml (RunModel)" time="0.105" />
  <testcase classname="ptolemy.util.test.junit.AutoTests" name="[14] /home/travis/build/icyphy/ptII/ptolemy/actor/lib/test/auto/ArrayContains.xml (RunModel)" time="0.051" />
  <testcase classname="ptolemy.util.test.junit.AutoTests" name="[15] /home/travis/build/icyphy/ptII/ptolemy/actor/lib/test/auto/ArrayElement.xml (RunModel)" time="0.023" />
  <testcase classname="ptolemy.util.test.junit.AutoTests" name="[16] /home/travis/build/icyphy/ptII/ptolemy/actor/lib/test/auto/ArrayElementAsMatrix.xml (RunModel)" time="0.033" />
  <testcase classname="ptolemy.util.test.junit.AutoTests" name="[17] /home/travis/build/icyphy/ptII/ptolemy/actor/lib/test/auto/ArrayElementI.xml (RunModel)" time="0.013" />
  <testcase classname="ptolemy.util.test.junit.AutoTests" name="[18] /home/travis/build/icyphy/ptII/ptolemy/actor/lib/test/auto/ArrayExtract.xml (RunModel)" time="0.019" />
  <testcase classname="ptolemy.util.test.junit.AutoTests" name="[19] /home/travis/build/icyphy/ptII/ptolemy/actor/lib/test/auto/ArrayExtract2.xml (RunModel)" time="0.022" />
  <testcase classname="ptolemy.util.test.junit.AutoTests" name="[20] /home/travis/build/icyphy/ptII/ptolemy/actor/lib/test/auto/ArrayLength.xml (RunModel)" time="0.017" />
  <testcase classname="ptolemy.util.test.junit.AutoTests" name="[21] /home/travis/build/icyphy/ptII/ptolemy/actor/lib/test/auto/ArrayLevelCrossing.xml (RunModel)" time="0.027" />
  <testcase classname="ptolemy.util.test.junit.AutoTests" name="[22] /home/travis/build/icyphy/ptII/ptolemy/actor/lib/test/auto/ArrayLevelCrossing2.xml (RunModel)" time="0.019" />
  <testcase classname="ptolemy.util.test.junit.AutoTests" name="[23] /home/travis/build/icyphy/ptII/ptolemy/actor/lib/test/auto/ArrayPeakSearch.xml (RunModel)" time="0.036" />
  <testcase classname="ptolemy.util.test.junit.AutoTests" name="[24] /home/travis/build/icyphy/ptII/ptolemy/actor/lib/test/auto/ArrayPeakSearch2.xml (RunModel)" time="0.034" />
  <testcase classname="ptolemy.util.test.junit.AutoTests" name="[25] /home/travis/build/icyphy/ptII/ptolemy/actor/lib/test/auto/ArrayPeakSearch3.xml (RunModel)" time="0.033" />
  <testcase classname="ptolemy.util.test.junit.AutoTests" name="[26] /home/travis/build/icyphy/ptII/ptolemy/actor/lib/test/auto/ArrayRemoveElement.xml (RunModel)" time="0.019" />
  <testcase classname="ptolemy.util.test.junit.AutoTests" name="[27] /home/travis/build/icyphy/ptII/ptolemy/actor/lib/test/auto/ArraySort.xml (RunModel)" time="0.025" />
  <testcase classname="ptolemy.util.test.junit.AutoTests" name="[28] /home/travis/build/icyphy/ptII/ptolemy/actor/lib/test/auto/ArraySum.xml (RunModel)" time="0.014" />
  <testcase classname="ptolemy.util.test.junit.AutoTests" name="[29] /home/travis/build/icyphy/ptII/ptolemy/actor/lib/test/auto/ArrayToElements.xml (RunModel)" time="0.016" />
  <testcase classname="ptolemy.util.test.junit.AutoTests" name="[30] /home/travis/build/icyphy/ptII/ptolemy/actor/lib/test/auto/ArrayToMatrix.xml (RunModel)" time="0.04" />
  <testcase classname="ptolemy.util.test.junit.AutoTests" name="[31] /home/travis/build/icyphy/ptII/ptolemy/actor/lib/test/auto/ArrayUpdate1.xml (RunModel)" time="0.016" />
  <testcase classname="ptolemy.util.test.junit.AutoTests" name="[32] /home/travis/build/icyphy/ptII/ptolemy/actor/lib/test/auto/ArrayUpdate2.xml (RunModel)" time="0.029" />
  <testcase classname="ptolemy.util.test.junit.AutoTests" name="[33] /home/travis/build/icyphy/ptII/ptolemy/actor/lib/test/auto/ArrayUpdate3.xml (RunModel)" time="0.009" />
  <testcase classname="ptolemy.util.test.junit.AutoTests" name="[34] /home/travis/build/icyphy/ptII/ptolemy/actor/lib/test/auto/Assert1.xml (RunModel)" time="0.021" />
  <testcase classname="ptolemy.util.test.junit.AutoTests" name="[35] /home/travis/build/icyphy/ptII/ptolemy/actor/lib/test/auto/Assert2.xml (RunModel)" time="0.013" />
  <testcase classname="ptolemy.util.test.junit.AutoTests" name="[36] /home/travis/build/icyphy/ptII/ptolemy/actor/lib/test/auto/BooleanMultiplexor.xml (RunModel)" time="0.012" />
  <testcase classname="ptolemy.util.test.junit.AutoTests" name="[37] /home/travis/build/icyphy/ptII/ptolemy/actor/lib/test/auto/BooleanMultiplexor2.xml (RunModel)" time="0.024" />
  <testcase classname="ptolemy.util.test.junit.AutoTests" name="[38] /home/travis/build/icyphy/ptII/ptolemy/actor/lib/test/auto/BooleanMultiplexor3.xml (RunModel)" time="0.015" />
  <testcase classname="ptolemy.util.test.junit.AutoTests" name="[39] /home/travis/build/icyphy/ptII/ptolemy/actor/lib/test/auto/BooleanSelect.xml (RunModel)" time="0.018" />
  <testcase classname="ptolemy.util.test.junit.AutoTests" name="[40] /home/travis/build/icyphy/ptII/ptolemy/actor/lib/test/auto/BooleanSelect2.xml (RunModel)" time="0.011" />
  <testcase classname="ptolemy.util.test.junit.AutoTests" name="[41] /home/travis/build/icyphy/ptII/ptolemy/actor/lib/test/auto/BooleanSwitch.xml (RunModel)" time="0.023" />
  <testcase classname="ptolemy.util.test.junit.AutoTests" name="[42] /home/travis/build/icyphy/ptII/ptolemy/actor/lib/test/auto/BooleanSwitch2.xml (RunModel)" time="0.017" />
  <testcase classname="ptolemy.util.test.junit.AutoTests" name="[43] /home/travis/build/icyphy/ptII/ptolemy/actor/lib/test/auto/BooleanSwitchCloningBugWithClassRelationGroup.xml (RunModel)" time="0.04" />
  <testcase classname="ptolemy.util.test.junit.AutoTests" name="[44] /home/travis/build/icyphy/ptII/ptolemy/actor/lib/test/auto/BusActors.xml (RunModel)" time="0.037" />
  <testcase classname="ptolemy.util.test.junit.AutoTests" name="[45] /home/travis/build/icyphy/ptII/ptolemy/actor/lib/test/auto/ClassWrapper.xml (RunModel)" time="0.015" />
  <testcase classname="ptolemy.util.test.junit.AutoTests" name="[46] /home/travis/build/icyphy/ptII/ptolemy/actor/lib/test/auto/Clock.xml (RunModel)" time="0.008" />
  <testcase classname="ptolemy.util.test.junit.AutoTests" name="[47] /home/travis/build/icyphy/ptII/ptolemy/actor/lib/test/auto/Clock10.xml (RunModel)" time="0.018" />
  <testcase classname="ptolemy.util.test.junit.AutoTests" name="[48] /home/travis/build/icyphy/ptII/ptolemy/actor/lib/test/auto/Clock11.xml (RunModel)" time="0.017" />
  <testcase classname="ptolemy.util.test.junit.AutoTests" name="[49] /home/travis/build/icyphy/ptII/ptolemy/actor/lib/test/auto/Clock12.xml (RunModel)" time="0.019" />
  <testcase classname="ptolemy.util.test.junit.AutoTests" name="[50] /home/travis/build/icyphy/ptII/ptolemy/actor/lib/test/auto/Clock13.xml (RunModel)" time="0.014" />
  <testcase classname="ptolemy.util.test.junit.AutoTests" name="[51] /home/travis/build/icyphy/ptII/ptolemy/actor/lib/test/auto/Clock14.xml (RunModel)" time="0.017" />
  <testcase classname="ptolemy.util.test.junit.AutoTests" name="[52] /home/travis/build/icyphy/ptII/ptolemy/actor/lib/test/auto/Clock15.xml (RunModel)" time="0.014" />
  <testcase classname="ptolemy.util.test.junit.AutoTests" name="[53] /home/travis/build/icyphy/ptII/ptolemy/actor/lib/test/auto/Clock16.xml (RunModel)" time="0.089" />
  <testcase classname="ptolemy.util.test.junit.AutoTests" name="[54] /home/travis/build/icyphy/ptII/ptolemy/actor/lib/test/auto/Clock17.xml (RunModel)" time="0.066" />
  <testcase classname="ptolemy.util.test.junit.AutoTests" name="[55] /home/travis/build/icyphy/ptII/ptolemy/actor/lib/test/auto/Clock18.xml (RunModel)" time="0.044" />
  <testcase classname="ptolemy.util.test.junit.AutoTests" name="[56] /home/travis/build/icyphy/ptII/ptolemy/actor/lib/test/auto/Clock19.xml (RunModel)" time="0.034" />
  <testcase classname="ptolemy.util.test.junit.AutoTests" name="[57] /home/travis/build/icyphy/ptII/ptolemy/actor/lib/test/auto/Clock2.xml (RunModel)" time="0.011" />
  <testcase classname="ptolemy.util.test.junit.AutoTests" name="[58] /home/travis/build/icyphy/ptII/ptolemy/actor/lib/test/auto/Clock20.xml (RunModel)" time="0.02" />
  <testcase classname="ptolemy.util.test.junit.AutoTests" name="[59] /home/travis/build/icyphy/ptII/ptolemy/actor/lib/test/auto/Clock21.xml (RunModel)" time="0.015" />
  <testcase classname="ptolemy.util.test.junit.AutoTests" name="[60] /home/travis/build/icyphy/ptII/ptolemy/actor/lib/test/auto/Clock22.xml (RunModel)" time="0.014" />
  <testcase classname="ptolemy.util.test.junit.AutoTests" name="[61] /home/travis/build/icyphy/ptII/ptolemy/actor/lib/test/auto/Clock23.xml (RunModel)" time="0.015" />
  <testcase classname="ptolemy.util.test.junit.AutoTests" name="[62] /home/travis/build/icyphy/ptII/ptolemy/actor/lib/test/auto/Clock24.xml (RunModel)" time="0.012" />
  <testcase classname="ptolemy.util.test.junit.AutoTests" name="[63] /home/travis/build/icyphy/ptII/ptolemy/actor/lib/test/auto/Clock4.xml (RunModel)" time="0.009" />
  <testcase classname="ptolemy.util.test.junit.AutoTests" name="[64] /home/travis/build/icyphy/ptII/ptolemy/actor/lib/test/auto/Clock5.xml (RunModel)" time="0.013" />
  <testcase classname="ptolemy.util.test.junit.AutoTests" name="[65] /home/travis/build/icyphy/ptII/ptolemy/actor/lib/test/auto/Clock6.xml (RunModel)" time="0.007" />
  <testcase classname="ptolemy.util.test.junit.AutoTests" name="[66] /home/travis/build/icyphy/ptII/ptolemy/actor/lib/test/auto/Clock7.xml (RunModel)" time="0.008" />
  <testcase classname="ptolemy.util.test.junit.AutoTests" name="[67] /home/travis/build/icyphy/ptII/ptolemy/actor/lib/test/auto/Clock8.xml (RunModel)" time="0.013" />
  <testcase classname="ptolemy.util.test.junit.AutoTests" name="[68] /home/travis/build/icyphy/ptII/ptolemy/actor/lib/test/auto/Clock9.xml (RunModel)" time="0.011" />
  <testcase classname="ptolemy.util.test.junit.AutoTests" name="[69] /home/travis/build/icyphy/ptII/ptolemy/actor/lib/test/auto/CommDistDiscard.xml (RunModel)" time="0.022" />
  <testcase classname="ptolemy.util.test.junit.AutoTests" name="[70] /home/travis/build/icyphy/ptII/ptolemy/actor/lib/test/auto/Commutator.xml (RunModel)" time="0.018" />
  <testcase classname="ptolemy.util.test.junit.AutoTests" name="[71] /home/travis/build/icyphy/ptII/ptolemy/actor/lib/test/auto/Commutator2.xml (RunModel)" time="0.01" />
  <testcase classname="ptolemy.util.test.junit.AutoTests" name="[72] /home/travis/build/icyphy/ptII/ptolemy/actor/lib/test/auto/Commutator3.xml (RunModel)" time="0.011" />
  <testcase classname="ptolemy.util.test.junit.AutoTests" name="[73] /home/travis/build/icyphy/ptII/ptolemy/actor/lib/test/auto/Compare.xml (RunModel)" time="0.028" />
  <testcase classname="ptolemy.util.test.junit.AutoTests" name="[74] /home/travis/build/icyphy/ptII/ptolemy/actor/lib/test/auto/CompareDE.xml (RunModel)" time="0.017" />
  <testcase classname="ptolemy.util.test.junit.AutoTests" name="[75] /home/travis/build/icyphy/ptII/ptolemy/actor/lib/test/auto/ComplexDivide.xml (RunModel)" time="0.008" />
  <testcase classname="ptolemy.util.test.junit.AutoTests" name="[76] /home/travis/build/icyphy/ptII/ptolemy/actor/lib/test/auto/ComputeHistogram.xml (RunModel)" time="0.065" />
  <testcase classname="ptolemy.util.test.junit.AutoTests" name="[77] /home/travis/build/icyphy/ptII/ptolemy/actor/lib/test/auto/ConfigurationSelect.xml (RunModel)" time="0.017" />
  <testcase classname="ptolemy.util.test.junit.AutoTests" name="[78] /home/travis/build/icyphy/ptII/ptolemy/actor/lib/test/auto/ConfigurationSelect2.xml (RunModel)" time="0.015" />
  <testcase classname="ptolemy.util.test.junit.AutoTests" name="[79] /home/travis/build/icyphy/ptII/ptolemy/actor/lib/test/auto/ConfigurationSwitch.xml (RunModel)" time="0.02" />
  <testcase classname="ptolemy.util.test.junit.AutoTests" name="[80] /home/travis/build/icyphy/ptII/ptolemy/actor/lib/test/auto/ConfigurationSwitch2.xml (RunModel)" time="0.02" />
  <testcase classname="ptolemy.util.test.junit.AutoTests" name="[81] /home/travis/build/icyphy/ptII/ptolemy/actor/lib/test/auto/ConfigurationSwitchCloningBugWithClassRelationGroup.xml (RunModel)" time="0.02" />
  <testcase classname="ptolemy.util.test.junit.AutoTests" name="[82] /home/travis/build/icyphy/ptII/ptolemy/actor/lib/test/auto/ConfigurationSwitchSelectSDF.xml (RunModel)" time="0.016" />
  <testcase classname="ptolemy.util.test.junit.AutoTests" name="[83] /home/travis/build/icyphy/ptII/ptolemy/actor/lib/test/auto/ConfigurationSwitchSelectSDF2.xml (RunModel)" time="0.014" />
  <testcase classname="ptolemy.util.test.junit.AutoTests" name="[84] /home/travis/build/icyphy/ptII/ptolemy/actor/lib/test/auto/Const.xml (RunModel)" time="0.005" />
  <testcase classname="ptolemy.util.test.junit.AutoTests" name="[85] /home/travis/build/icyphy/ptII/ptolemy/actor/lib/test/auto/Const2.xml (RunModel)" time="0.007" />
  <testcase classname="ptolemy.util.test.junit.AutoTests" name="[86] /home/travis/build/icyphy/ptII/ptolemy/actor/lib/test/auto/Const3.xml (RunModel)" time="0.004" />
  <testcase classname="ptolemy.util.test.junit.AutoTests" name="[87] /home/travis/build/icyphy/ptII/ptolemy/actor/lib/test/auto/ConstantPublisherPort1.xml (RunModel)" time="0.022" />
  <testcase classname="ptolemy.util.test.junit.AutoTests" name="[88] /home/travis/build/icyphy/ptII/ptolemy/actor/lib/test/auto/ConstantPublisherPort2.xml (RunModel)" time="0.019" />
  <testcase classname="ptolemy.util.test.junit.AutoTests" name="[89] /home/travis/build/icyphy/ptII/ptolemy/actor/lib/test/auto/ConstantPublisherPort3.xml (RunModel)" time="0.024" />
  <testcase classname="ptolemy.util.test.junit.AutoTests" name="[90] /home/travis/build/icyphy/ptII/ptolemy/actor/lib/test/auto/ConstantPublisherPort4.xml (RunModel)" time="0.017" />
  <testcase classname="ptolemy.util.test.junit.AutoTests" name="[91] /home/travis/build/icyphy/ptII/ptolemy/actor/lib/test/auto/ConstantPublisherPort5.xml (RunModel)" time="0.039" />
  <testcase classname="ptolemy.util.test.junit.AutoTests" name="[92] /home/travis/build/icyphy/ptII/ptolemy/actor/lib/test/auto/ConstantPublisherPort6.xml (RunModel)" time="0.032" />
  <testcase classname="ptolemy.util.test.junit.AutoTests" name="[93] /home/travis/build/icyphy/ptII/ptolemy/actor/lib/test/auto/ConstantPublisherPort7.xml (RunModel)" time="0.031" />
  <testcase classname="ptolemy.util.test.junit.AutoTests" name="[94] /home/travis/build/icyphy/ptII/ptolemy/actor/lib/test/auto/ConstraintMonitor1.xml (RunModel)" time="0.039" />
  <testcase classname="ptolemy.util.test.junit.AutoTests" name="[95] /home/travis/build/icyphy/ptII/ptolemy/actor/lib/test/auto/ConstraintMonitor2.xml (RunModel)" time="0.01" />
  <testcase classname="ptolemy.util.test.junit.AutoTests" name="[96] /home/travis/build/icyphy/ptII/ptolemy/actor/lib/test/auto/ConstraintMonitor3.xml (RunModel)" time="0.011" />
  <testcase classname="ptolemy.util.test.junit.AutoTests" name="[97] /home/travis/build/icyphy/ptII/ptolemy/actor/lib/test/auto/ConstraintMonitor4.xml (RunModel)" time="0.012" />
  <testcase classname="ptolemy.util.test.junit.AutoTests" name="[98] /home/travis/build/icyphy/ptII/ptolemy/actor/lib/test/auto/ConstraintMonitor5.xml (RunModel)" time="0.012" />
  <testcase classname="ptolemy.util.test.junit.AutoTests" name="[99] /home/travis/build/icyphy/ptII/ptolemy/actor/lib/test/auto/ConstraintMonitor6.xml (RunModel)" time="0.015" />
  <testcase classname="ptolemy.util.test.junit.AutoTests" name="[100] /home/travis/build/icyphy/ptII/ptolemy/actor/lib/test/auto/ConstraintMonitor7.xml (RunModel)" time="0.014" />
  <testcase classname="ptolemy.util.test.junit.AutoTests" name="[101] /home/travis/build/icyphy/ptII/ptolemy/actor/lib/test/auto/ConstraintMonitor8.xml (RunModel)" time="0.014" />
  <testcase classname="ptolemy.util.test.junit.AutoTests" name="[102] /home/travis/build/icyphy/ptII/ptolemy/actor/lib/test/auto/Counter.xml (RunModel)" time="0.013" />
  <testcase classname="ptolemy.util.test.junit.AutoTests" name="[103] /home/travis/build/icyphy/ptII/ptolemy/actor/lib/test/auto/CurrentTimeSDF.xml (RunModel)" time="0.015" />
  <testcase classname="ptolemy.util.test.junit.AutoTests" name="[104] /home/travis/build/icyphy/ptII/ptolemy/actor/lib/test/auto/DB.xml (RunModel)" time="0.012" />
  <testcase classname="ptolemy.util.test.junit.AutoTests" name="[105] /home/travis/build/icyphy/ptII/ptolemy/actor/lib/test/auto/DBDE.xml (RunModel)" time="0.022" />
  <testcase classname="ptolemy.util.test.junit.AutoTests" name="[106] /home/travis/build/icyphy/ptII/ptolemy/actor/lib/test/auto/DateConstructor.xml (RunModel)" time="0.065" />
  <testcase classname="ptolemy.util.test.junit.AutoTests" name="[107] /home/travis/build/icyphy/ptII/ptolemy/actor/lib/test/auto/DelayTime.xml (RunModel)" time="0.018" />
  <testcase classname="ptolemy.util.test.junit.AutoTests" name="[108] /home/travis/build/icyphy/ptII/ptolemy/actor/lib/test/auto/Dictionary1.xml (RunModel)" time="0.015" />
  <testcase classname="ptolemy.util.test.junit.AutoTests" name="[109] /home/travis/build/icyphy/ptII/ptolemy/actor/lib/test/auto/Dictionary2.xml (RunModel)" time="0.011" />
  <testcase classname="ptolemy.util.test.junit.AutoTests" name="[110] /home/travis/build/icyphy/ptII/ptolemy/actor/lib/test/auto/Dictionary3.xml (RunModel)" time="0.011" />
  <testcase classname="ptolemy.util.test.junit.AutoTests" name="[111] /home/travis/build/icyphy/ptII/ptolemy/actor/lib/test/auto/Dictionary4.xml (RunModel)" time="0.014" />
  <testcase classname="ptolemy.util.test.junit.AutoTests" name="[112] /home/travis/build/icyphy/ptII/ptolemy/actor/lib/test/auto/Differential.xml (RunModel)" time="0.009" />
  <testcase classname="ptolemy.util.test.junit.AutoTests" name="[113] /home/travis/build/icyphy/ptII/ptolemy/actor/lib/test/auto/Director.xml (RunModel)" time="0.007" />
  <testcase classname="ptolemy.util.test.junit.AutoTests" name="[114] /home/travis/build/icyphy/ptII/ptolemy/actor/lib/test/auto/DiscreteClock.xml (RunModel)" time="0.006" />
  <testcase classname="ptolemy.util.test.junit.AutoTests" name="[115] /home/travis/build/icyphy/ptII/ptolemy/actor/lib/test/auto/DiscreteClock10.xml (RunModel)" time="0.011" />
  <testcase classname="ptolemy.util.test.junit.AutoTests" name="[116] /home/travis/build/icyphy/ptII/ptolemy/actor/lib/test/auto/DiscreteClock11.xml (RunModel)" time="0.009" />
  <testcase classname="ptolemy.util.test.junit.AutoTests" name="[117] /home/travis/build/icyphy/ptII/ptolemy/actor/lib/test/auto/DiscreteClock12.xml (RunModel)" time="0.01" />
  <testcase classname="ptolemy.util.test.junit.AutoTests" name="[118] /home/travis/build/icyphy/ptII/ptolemy/actor/lib/test/auto/DiscreteClock13.xml (RunModel)" time="0.012" />
  <testcase classname="ptolemy.util.test.junit.AutoTests" name="[119] /home/travis/build/icyphy/ptII/ptolemy/actor/lib/test/auto/DiscreteClock14.xml (RunModel)" time="0.013" />
  <testcase classname="ptolemy.util.test.junit.AutoTests" name="[120] /home/travis/build/icyphy/ptII/ptolemy/actor/lib/test/auto/DiscreteClock15.xml (RunModel)" time="0.012" />
  <testcase classname="ptolemy.util.test.junit.AutoTests" name="[121] /home/travis/build/icyphy/ptII/ptolemy/actor/lib/test/auto/DiscreteClock16.xml (RunModel)" time="0.039" />
  <testcase classname="ptolemy.util.test.junit.AutoTests" name="[122] /home/travis/build/icyphy/ptII/ptolemy/actor/lib/test/auto/DiscreteClock17.xml (RunModel)" time="0.03" />
  <testcase classname="ptolemy.util.test.junit.AutoTests" name="[123] /home/travis/build/icyphy/ptII/ptolemy/actor/lib/test/auto/DiscreteClock18.xml (RunModel)" time="0.04" />
  <testcase classname="ptolemy.util.test.junit.AutoTests" name="[124] /home/travis/build/icyphy/ptII/ptolemy/actor/lib/test/auto/DiscreteClock19.xml (RunModel)" time="0.039" />
  <testcase classname="ptolemy.util.test.junit.AutoTests" name="[125] /home/travis/build/icyphy/ptII/ptolemy/actor/lib/test/auto/DiscreteClock2.xml (RunModel)" time="0.011" />
  <testcase classname="ptolemy.util.test.junit.AutoTests" name="[126] /home/travis/build/icyphy/ptII/ptolemy/actor/lib/test/auto/DiscreteClock20.xml (RunModel)" time="0.019" />
  <testcase classname="ptolemy.util.test.junit.AutoTests" name="[127] /home/travis/build/icyphy/ptII/ptolemy/actor/lib/test/auto/DiscreteClock21.xml (RunModel)" time="0.013" />
  <testcase classname="ptolemy.util.test.junit.AutoTests" name="[128] /home/travis/build/icyphy/ptII/ptolemy/actor/lib/test/auto/DiscreteClock22.xml (RunModel)" time="0.012" />
  <testcase classname="ptolemy.util.test.junit.AutoTests" name="[129] /home/travis/build/icyphy/ptII/ptolemy/actor/lib/test/auto/DiscreteClock23.xml (RunModel)" time="0.016" />
  <testcase classname="ptolemy.util.test.junit.AutoTests" name="[130] /home/travis/build/icyphy/ptII/ptolemy/actor/lib/test/auto/DiscreteClock24.xml (RunModel)" time="0.01" />
  <testcase classname="ptolemy.util.test.junit.AutoTests" name="[131] /home/travis/build/icyphy/ptII/ptolemy/actor/lib/test/auto/DiscreteClock4.xml (RunModel)" time="0.018" />
  <testcase classname="ptolemy.util.test.junit.AutoTests" name="[132] /home/travis/build/icyphy/ptII/ptolemy/actor/lib/test/auto/DiscreteClock5.xml (RunModel)" time="0.025" />
  <testcase classname="ptolemy.util.test.junit.AutoTests" name="[133] /home/travis/build/icyphy/ptII/ptolemy/actor/lib/test/auto/DiscreteClock6.xml (RunModel)" time="0.009" />
  <testcase classname="ptolemy.util.test.junit.AutoTests" name="[134] /home/travis/build/icyphy/ptII/ptolemy/actor/lib/test/auto/DiscreteClock7.xml (RunModel)" time="0.008" />
  <testcase classname="ptolemy.util.test.junit.AutoTests" name="[135] /home/travis/build/icyphy/ptII/ptolemy/actor/lib/test/auto/DiscreteClock8.xml (RunModel)" time="0.015" />
  <testcase classname="ptolemy.util.test.junit.AutoTests" name="[136] /home/travis/build/icyphy/ptII/ptolemy/actor/lib/test/auto/DiscreteClock9.xml (RunModel)" time="0.009" />
  <testcase classname="ptolemy.util.test.junit.AutoTests" name="[137] /home/travis/build/icyphy/ptII/ptolemy/actor/lib/test/auto/DisplayArray.xml (RunModel)" time="0.005" />
  <testcase classname="ptolemy.util.test.junit.AutoTests" name="[138] /home/travis/build/icyphy/ptII/ptolemy/actor/lib/test/auto/Distributor.xml (RunModel)" time="0.008" />
  <testcase classname="ptolemy.util.test.junit.AutoTests" name="[139] /home/travis/build/icyphy/ptII/ptolemy/actor/lib/test/auto/Distributor2.xml (RunModel)" time="0.01" />
  <testcase classname="ptolemy.util.test.junit.AutoTests" name="[140] /home/travis/build/icyphy/ptII/ptolemy/actor/lib/test/auto/DownSample.xml (RunModel)" time="0.007" />
  <testcase classname="ptolemy.util.test.junit.AutoTests" name="[141] /home/travis/build/icyphy/ptII/ptolemy/actor/lib/test/auto/ElectronicUnitBase1.xml (RunModel)" time="0.074" />
  <testcase classname="ptolemy.util.test.junit.AutoTests" name="[142] /home/travis/build/icyphy/ptII/ptolemy/actor/lib/test/auto/ElementsToArray.xml (RunModel)" time="0.009" />
  <testcase classname="ptolemy.util.test.junit.AutoTests" name="[143] /home/travis/build/icyphy/ptII/ptolemy/actor/lib/test/auto/Equals.xml (RunModel)" time="0.013" />
  <testcase classname="ptolemy.util.test.junit.AutoTests" name="[144] /home/travis/build/icyphy/ptII/ptolemy/actor/lib/test/auto/Exec.xml (RunModel)" time="0.028" />
  <testcase classname="ptolemy.util.test.junit.AutoTests" name="[145] /home/travis/build/icyphy/ptII/ptolemy/actor/lib/test/auto/ExecEnvironment.xml (RunModel)" time="0.033" />
  <testcase classname="ptolemy.util.test.junit.AutoTests" name="[146] /home/travis/build/icyphy/ptII/ptolemy/actor/lib/test/auto/ExecNonZeroReturnOutput.xml (RunModel)" time="0.189" />
  <testcase classname="ptolemy.util.test.junit.AutoTests" name="[147] /home/travis/build/icyphy/ptII/ptolemy/actor/lib/test/auto/ExecRunDemos.xml (RunModel)" time="10.161" />
  <testcase classname="ptolemy.util.test.junit.AutoTests" name="[148] /home/travis/build/icyphy/ptII/ptolemy/actor/lib/test/auto/ExecStop.xml (RunModel)" time="5.033" />
  <testcase classname="ptolemy.util.test.junit.AutoTests" name="[149] /home/travis/build/icyphy/ptII/ptolemy/actor/lib/test/auto/ExecutionTimeSDF.xml (RunModel)" time="6.025" />
  <testcase classname="ptolemy.util.test.junit.AutoTests" name="[150] /home/travis/build/icyphy/ptII/ptolemy/actor/lib/test/auto/Expression1.xml (RunModel)" time="0.014" />
  <testcase classname="ptolemy.util.test.junit.AutoTests" name="[151] /home/travis/build/icyphy/ptII/ptolemy/actor/lib/test/auto/Expression10.xml (RunModel)" time="0.014" />
  <testcase classname="ptolemy.util.test.junit.AutoTests" name="[152] /home/travis/build/icyphy/ptII/ptolemy/actor/lib/test/auto/Expression11.xml (RunModel)" time="0.01" />
  <testcase classname="ptolemy.util.test.junit.AutoTests" name="[153] /home/travis/build/icyphy/ptII/ptolemy/actor/lib/test/auto/Expression12.xml (RunModel)" time="0.013" />
  <testcase classname="ptolemy.util.test.junit.AutoTests" name="[154] /home/travis/build/icyphy/ptII/ptolemy/actor/lib/test/auto/Expression13.xml (RunModel)" time="0.01" />
  <testcase classname="ptolemy.util.test.junit.AutoTests" name="[155] /home/travis/build/icyphy/ptII/ptolemy/actor/lib/test/auto/Expression14.xml (RunModel)" time="0.013" />
  <testcase classname="ptolemy.util.test.junit.AutoTests" name="[156] /home/travis/build/icyphy/ptII/ptolemy/actor/lib/test/auto/Expression15.xml (RunModel)" time="0.006" />
  <testcase classname="ptolemy.util.test.junit.AutoTests" name="[157] /home/travis/build/icyphy/ptII/ptolemy/actor/lib/test/auto/Expression16.xml (RunModel)" time="0.01" />
  <testcase classname="ptolemy.util.test.junit.AutoTests" name="[158] /home/travis/build/icyphy/ptII/ptolemy/actor/lib/test/auto/Expression17.xml (RunModel)" time="0.013" />
  <testcase classname="ptolemy.util.test.junit.AutoTests" name="[159] /home/travis/build/icyphy/ptII/ptolemy/actor/lib/test/auto/Expression18.xml (RunModel)" time="0.011" />
  <testcase classname="ptolemy.util.test.junit.AutoTests" name="[160] /home/travis/build/icyphy/ptII/ptolemy/actor/lib/test/auto/Expression2.xml (RunModel)" time="0.01" />
  <testcase classname="ptolemy.util.test.junit.AutoTests" name="[161] /home/travis/build/icyphy/ptII/ptolemy/actor/lib/test/auto/Expression3.xml (RunModel)" time="0.011" />
  <testcase classname="ptolemy.util.test.junit.AutoTests" name="[162] /home/travis/build/icyphy/ptII/ptolemy/actor/lib/test/auto/Expression4.xml (RunModel)" time="0.02" />
  <testcase classname="ptolemy.util.test.junit.AutoTests" name="[163] /home/travis/build/icyphy/ptII/ptolemy/actor/lib/test/auto/Expression5.xml (RunModel)" time="0.011" />
  <testcase classname="ptolemy.util.test.junit.AutoTests" name="[164] /home/travis/build/icyphy/ptII/ptolemy/actor/lib/test/auto/Expression6.xml (RunModel)" time="0.008" />
  <testcase classname="ptolemy.util.test.junit.AutoTests" name="[165] /home/travis/build/icyphy/ptII/ptolemy/actor/lib/test/auto/Expression7.xml (RunModel)" time="0.01" />
  <testcase classname="ptolemy.util.test.junit.AutoTests" name="[166] /home/travis/build/icyphy/ptII/ptolemy/actor/lib/test/auto/Expression8.xml (RunModel)" time="0.015" />
  <testcase classname="ptolemy.util.test.junit.AutoTests" name="[167] /home/travis/build/icyphy/ptII/ptolemy/actor/lib/test/auto/Expression9.xml (RunModel)" time="0.007" />
  <testcase classname="ptolemy.util.test.junit.AutoTests" name="[168] /home/travis/build/icyphy/ptII/ptolemy/actor/lib/test/auto/ExpressionConcatenateArrayType.xml (RunModel)" time="0.029" />
  <testcase classname="ptolemy.util.test.junit.AutoTests" name="[169] /home/travis/build/icyphy/ptII/ptolemy/actor/lib/test/auto/ExpressionConcatenateArrayType2.xml (RunModel)" time="0.021" />
  <testcase classname="ptolemy.util.test.junit.AutoTests" name="[170] /home/travis/build/icyphy/ptII/ptolemy/actor/lib/test/auto/ExpressionFix.xml (RunModel)" time="0.039" />
  <testcase classname="ptolemy.util.test.junit.AutoTests" name="[171] /home/travis/build/icyphy/ptII/ptolemy/actor/lib/test/auto/ExpressionFix2.xml (RunModel)" time="0.02" />
  <testcase classname="ptolemy.util.test.junit.AutoTests" name="[172] /home/travis/build/icyphy/ptII/ptolemy/actor/lib/test/auto/ExpressionFix3.xml (RunModel)" time="0.009" />
  <testcase classname="ptolemy.util.test.junit.AutoTests" name="[173] /home/travis/build/icyphy/ptII/ptolemy/actor/lib/test/auto/FileWriter1.xml (RunModel)" time="0.007" />
  <testcase classname="ptolemy.util.test.junit.AutoTests" name="[174] /home/travis/build/icyphy/ptII/ptolemy/actor/lib/test/auto/FileWriter2.xml (RunModel)" time="0.007" />
  <testcase classname="ptolemy.util.test.junit.AutoTests" name="[175] /home/travis/build/icyphy/ptII/ptolemy/actor/lib/test/auto/FileWriter3.xml (RunModel)" time="0.018" />
  <testcase classname="ptolemy.util.test.junit.AutoTests" name="[176] /home/travis/build/icyphy/ptII/ptolemy/actor/lib/test/auto/Gaussian.xml (RunModel)" time="0.014" />
  <testcase classname="ptolemy.util.test.junit.AutoTests" name="[177] /home/travis/build/icyphy/ptII/ptolemy/actor/lib/test/auto/Gaussian1.xml (RunModel)" time="0.017" />
  <testcase classname="ptolemy.util.test.junit.AutoTests" name="[178] /home/travis/build/icyphy/ptII/ptolemy/actor/lib/test/auto/Gaussian2.xml (RunModel)" time="0.014" />
  <testcase classname="ptolemy.util.test.junit.AutoTests" name="[179] /home/travis/build/icyphy/ptII/ptolemy/actor/lib/test/auto/GradientAdaptiveLattice.xml (RunModel)" time="0.014" />
  <testcase classname="ptolemy.util.test.junit.AutoTests" name="[180] /home/travis/build/icyphy/ptII/ptolemy/actor/lib/test/auto/IIR.xml (RunModel)" time="0.008" />
  <testcase classname="ptolemy.util.test.junit.AutoTests" name="[181] /home/travis/build/icyphy/ptII/ptolemy/actor/lib/test/auto/InputOutputTransparentPorts.xml (RunModel)" time="0.014" />
  <testcase classname="ptolemy.util.test.junit.AutoTests" name="[182] /home/travis/build/icyphy/ptII/ptolemy/actor/lib/test/auto/Interpolator.xml (RunModel)" time="0.01" />
  <testcase classname="ptolemy.util.test.junit.AutoTests" name="[183] /home/travis/build/icyphy/ptII/ptolemy/actor/lib/test/auto/InterpolatorFiringLimitDE.xml (RunModel)" time="0.013" />
  <testcase classname="ptolemy.util.test.junit.AutoTests" name="[184] /home/travis/build/icyphy/ptII/ptolemy/actor/lib/test/auto/Lattice.xml (RunModel)" time="0.008" />
  <testcase classname="ptolemy.util.test.junit.AutoTests" name="[185] /home/travis/build/icyphy/ptII/ptolemy/actor/lib/test/auto/LazyAOCTestLazy.xml (RunModel)" time="0.018" />
  <testcase classname="ptolemy.util.test.junit.AutoTests" name="[186] /home/travis/build/icyphy/ptII/ptolemy/actor/lib/test/auto/LazyAOCTestNonLazy.xml (RunModel)" time="0.042" />
  <testcase classname="ptolemy.util.test.junit.AutoTests" name="[187] /home/travis/build/icyphy/ptII/ptolemy/actor/lib/test/auto/LazyInnerClass.xml (RunModel)" time="0.04" />
  <testcase classname="ptolemy.util.test.junit.AutoTests" name="[188] /home/travis/build/icyphy/ptII/ptolemy/actor/lib/test/auto/LazyPubSub.xml (RunModel)" time="0.059" />
  <testcase classname="ptolemy.util.test.junit.AutoTests" name="[189] /home/travis/build/icyphy/ptII/ptolemy/actor/lib/test/auto/LazyPubSub2.xml (RunModel)" time="0.02" />
  <testcase classname="ptolemy.util.test.junit.AutoTests" name="[190] /home/travis/build/icyphy/ptII/ptolemy/actor/lib/test/auto/LazyPubSub3.xml (RunModel)" time="0.021" />
  <testcase classname="ptolemy.util.test.junit.AutoTests" name="[191] /home/travis/build/icyphy/ptII/ptolemy/actor/lib/test/auto/LazySubClassModel.xml (RunModel)" time="0.016" />
  <testcase classname="ptolemy.util.test.junit.AutoTests" name="[192] /home/travis/build/icyphy/ptII/ptolemy/actor/lib/test/auto/LevelCrossTest1.xml (RunModel)" time="0.007" />
  <testcase classname="ptolemy.util.test.junit.AutoTests" name="[193] /home/travis/build/icyphy/ptII/ptolemy/actor/lib/test/auto/LevelCrossTest10.xml (RunModel)" time="0.014" />
  <testcase classname="ptolemy.util.test.junit.AutoTests" name="[194] /home/travis/build/icyphy/ptII/ptolemy/actor/lib/test/auto/LevelCrossTest11.xml (RunModel)" time="0.013" />
  <testcase classname="ptolemy.util.test.junit.AutoTests" name="[195] /home/travis/build/icyphy/ptII/ptolemy/actor/lib/test/auto/LevelCrossTest12.xml (RunModel)" time="0.01" />
  <testcase classname="ptolemy.util.test.junit.AutoTests" name="[196] /home/travis/build/icyphy/ptII/ptolemy/actor/lib/test/auto/LevelCrossTest13.xml (RunModel)" time="0.011" />
  <testcase classname="ptolemy.util.test.junit.AutoTests" name="[197] /home/travis/build/icyphy/ptII/ptolemy/actor/lib/test/auto/LevelCrossTest2.xml (RunModel)" time="0.009" />
  <testcase classname="ptolemy.util.test.junit.AutoTests" name="[198] /home/travis/build/icyphy/ptII/ptolemy/actor/lib/test/auto/LevelCrossTest3.xml (RunModel)" time="0.009" />
  <testcase classname="ptolemy.util.test.junit.AutoTests" name="[199] /home/travis/build/icyphy/ptII/ptolemy/actor/lib/test/auto/LevelCrossTest4.xml (RunModel)" time="0.007" />
  <testcase classname="ptolemy.util.test.junit.AutoTests" name="[200] /home/travis/build/icyphy/ptII/ptolemy/actor/lib/test/auto/LevelCrossTest5.xml (RunModel)" time="0.012" />
  <testcase classname="ptolemy.util.test.junit.AutoTests" name="[201] /home/travis/build/icyphy/ptII/ptolemy/actor/lib/test/auto/LevelCrossTest6.xml (RunModel)" time="0.01" />
  <testcase classname="ptolemy.util.test.junit.AutoTests" name="[202] /home/travis/build/icyphy/ptII/ptolemy/actor/lib/test/auto/LevelCrossTest7.xml (RunModel)" time="0.015" />
  <testcase classname="ptolemy.util.test.junit.AutoTests" name="[203] /home/travis/build/icyphy/ptII/ptolemy/actor/lib/test/auto/LevelCrossTest8.xml (RunModel)" time="0.011" />
  <testcase classname="ptolemy.util.test.junit.AutoTests" name="[204] /home/travis/build/icyphy/ptII/ptolemy/actor/lib/test/auto/LevelCrossTest9.xml (RunModel)" time="0.025" />
  <testcase classname="ptolemy.util.test.junit.AutoTests" name="[205] /home/travis/build/icyphy/ptII/ptolemy/actor/lib/test/auto/LevinsonDurbin.xml (RunModel)" time="0.007" />
  <testcase classname="ptolemy.util.test.junit.AutoTests" name="[206] /home/travis/build/icyphy/ptII/ptolemy/actor/lib/test/auto/LevinsonDurbin2.xml (RunModel)" time="0.007" />
  <testcase classname="ptolemy.util.test.junit.AutoTests" name="[207] /home/travis/build/icyphy/ptII/ptolemy/actor/lib/test/auto/LevinsonDurbin3.xml (RunModel)" time="0.007" />
  <testcase classname="ptolemy.util.test.junit.AutoTests" name="[208] /home/travis/build/icyphy/ptII/ptolemy/actor/lib/test/auto/Limiter.xml (RunModel)" time="0.032" />
  <testcase classname="ptolemy.util.test.junit.AutoTests" name="[209] /home/travis/build/icyphy/ptII/ptolemy/actor/lib/test/auto/LinearDifferenceEquationSystem.xml (RunModel)" time="0.019" />
  <testcase classname="ptolemy.util.test.junit.AutoTests" name="[210] /home/travis/build/icyphy/ptII/ptolemy/actor/lib/test/auto/LookupTable.xml (RunModel)" time="0.008" />
  <testcase classname="ptolemy.util.test.junit.AutoTests" name="[211] /home/travis/build/icyphy/ptII/ptolemy/actor/lib/test/auto/MathFunction.xml (RunModel)" time="0.014" />
  <testcase classname="ptolemy.util.test.junit.AutoTests" name="[212] /home/travis/build/icyphy/ptII/ptolemy/actor/lib/test/auto/MathFunction2.xml (RunModel)" time="0.018" />
  <testcase classname="ptolemy.util.test.junit.AutoTests" name="[213] /home/travis/build/icyphy/ptII/ptolemy/actor/lib/test/auto/MathFunction3.xml (RunModel)" time="0.018" />
  <testcase classname="ptolemy.util.test.junit.AutoTests" name="[214] /home/travis/build/icyphy/ptII/ptolemy/actor/lib/test/auto/MatrixCropBoolean.xml (RunModel)" time="0.009" />
  <testcase classname="ptolemy.util.test.junit.AutoTests" name="[215] /home/travis/build/icyphy/ptII/ptolemy/actor/lib/test/auto/MatrixCropComplex.xml (RunModel)" time="0.007" />
  <testcase classname="ptolemy.util.test.junit.AutoTests" name="[216] /home/travis/build/icyphy/ptII/ptolemy/actor/lib/test/auto/MatrixCropDouble.xml (RunModel)" time="0.037" />
  <testcase classname="ptolemy.util.test.junit.AutoTests" name="[217] /home/travis/build/icyphy/ptII/ptolemy/actor/lib/test/auto/MatrixCropFix.xml (RunModel)" time="0.035" />
  <testcase classname="ptolemy.util.test.junit.AutoTests" name="[218] /home/travis/build/icyphy/ptII/ptolemy/actor/lib/test/auto/MatrixCropInt.xml (RunModel)" time="0.03" />
  <testcase classname="ptolemy.util.test.junit.AutoTests" name="[219] /home/travis/build/icyphy/ptII/ptolemy/actor/lib/test/auto/MatrixCropLong.xml (RunModel)" time="0.011" />
  <testcase classname="ptolemy.util.test.junit.AutoTests" name="[220] /home/travis/build/icyphy/ptII/ptolemy/actor/lib/test/auto/MatrixToArray.xml (RunModel)" time="0.045" />
  <testcase classname="ptolemy.util.test.junit.AutoTests" name="[221] /home/travis/build/icyphy/ptII/ptolemy/actor/lib/test/auto/MaxIndex.xml (RunModel)" time="0.01" />
  <testcase classname="ptolemy.util.test.junit.AutoTests" name="[222] /home/travis/build/icyphy/ptII/ptolemy/actor/lib/test/auto/Maximum.xml (RunModel)" time="0.013" />
  <testcase classname="ptolemy.util.test.junit.AutoTests" name="[223] /home/travis/build/icyphy/ptII/ptolemy/actor/lib/test/auto/MaximumComplex.xml (RunModel)" time="0.013" />
  <testcase classname="ptolemy.util.test.junit.AutoTests" name="[224] /home/travis/build/icyphy/ptII/ptolemy/actor/lib/test/auto/MethodCallTest.xml (RunModel)" time="0.017" />
  <testcase classname="ptolemy.util.test.junit.AutoTests" name="[225] /home/travis/build/icyphy/ptII/ptolemy/actor/lib/test/auto/Minimum.xml (RunModel)" time="0.012" />
  <testcase classname="ptolemy.util.test.junit.AutoTests" name="[226] /home/travis/build/icyphy/ptII/ptolemy/actor/lib/test/auto/MinimumComplex.xml (RunModel)" time="0.022" />
  <testcase classname="ptolemy.util.test.junit.AutoTests" name="[227] /home/travis/build/icyphy/ptII/ptolemy/actor/lib/test/auto/MinimumMultiports.xml (RunModel)" time="0.014" />
  <testcase classname="ptolemy.util.test.junit.AutoTests" name="[228] /home/travis/build/icyphy/ptII/ptolemy/actor/lib/test/auto/ModifyDate.xml (RunModel)" time="0.038" />
  <testcase classname="ptolemy.util.test.junit.AutoTests" name="[229] /home/travis/build/icyphy/ptII/ptolemy/actor/lib/test/auto/ModifyDate2.xml (RunModel)" time="0.021" />
  <testcase classname="ptolemy.util.test.junit.AutoTests" name="[230] /home/travis/build/icyphy/ptII/ptolemy/actor/lib/test/auto/MovingAverage.xml (RunModel)" time="0.008" />
  <testcase classname="ptolemy.util.test.junit.AutoTests" name="[231] /home/travis/build/icyphy/ptII/ptolemy/actor/lib/test/auto/MovingMaximum.xml (RunModel)" time="0.008" />
  <testcase classname="ptolemy.util.test.junit.AutoTests" name="[232] /home/travis/build/icyphy/ptII/ptolemy/actor/lib/test/auto/MultipleLinksToSameRelation.xml (RunModel)" time="0.007" />
  <testcase classname="ptolemy.util.test.junit.AutoTests" name="[233] /home/travis/build/icyphy/ptII/ptolemy/actor/lib/test/auto/MultipleLinksToSameRelationDE.xml (RunModel)" time="0.014" />
  <testcase classname="ptolemy.util.test.junit.AutoTests" name="[234] /home/travis/build/icyphy/ptII/ptolemy/actor/lib/test/auto/Multiplexor.xml (RunModel)" time="0.009" />
  <testcase classname="ptolemy.util.test.junit.AutoTests" name="[235] /home/travis/build/icyphy/ptII/ptolemy/actor/lib/test/auto/Multiplexor1.xml (RunModel)" time="0.023" />
  <testcase classname="ptolemy.util.test.junit.AutoTests" name="[236] /home/travis/build/icyphy/ptII/ptolemy/actor/lib/test/auto/Multiplexor2.xml (RunModel)" time="0.019" />
  <testcase classname="ptolemy.util.test.junit.AutoTests" name="[237] /home/travis/build/icyphy/ptII/ptolemy/actor/lib/test/auto/Multiplexor3.xml (RunModel)" time="0.007" />
  <testcase classname="ptolemy.util.test.junit.AutoTests" name="[238] /home/travis/build/icyphy/ptII/ptolemy/actor/lib/test/auto/MultiplexorDE.xml (RunModel)" time="0.013" />
  <testcase classname="ptolemy.util.test.junit.AutoTests" name="[239] /home/travis/build/icyphy/ptII/ptolemy/actor/lib/test/auto/MultiportBroadcastTest.xml (RunModel)" time="0.085" />
  <testcase classname="ptolemy.util.test.junit.AutoTests" name="[240] /home/travis/build/icyphy/ptII/ptolemy/actor/lib/test/auto/MultiportOutHangDuringGetWidth.xml (RunModel)" time="0.027" />
  <testcase classname="ptolemy.util.test.junit.AutoTests" name="[241] /home/travis/build/icyphy/ptII/ptolemy/actor/lib/test/auto/NilToken.xml (RunModel)" time="0.009" />
  <testcase classname="ptolemy.util.test.junit.AutoTests" name="[242] /home/travis/build/icyphy/ptII/ptolemy/actor/lib/test/auto/NilTokenNonStrictTest.xml (RunModel)" time="0.008" />
  <testcase classname="ptolemy.util.test.junit.AutoTests" name="[243] /home/travis/build/icyphy/ptII/ptolemy/actor/lib/test/auto/NilTokenRecord.xml (RunModel)" time="0.019" />
  <testcase classname="ptolemy.util.test.junit.AutoTests" name="[244] /home/travis/build/icyphy/ptII/ptolemy/actor/lib/test/auto/NilTokenTypeTest.xml (RunModel)" time="0.022" />
  <testcase classname="ptolemy.util.test.junit.AutoTests" name="[245] /home/travis/build/icyphy/ptII/ptolemy/actor/lib/test/auto/ObjectToken1.xml (RunModel)" time="0.006" />
  <testcase classname="ptolemy.util.test.junit.AutoTests" name="[246] /home/travis/build/icyphy/ptII/ptolemy/actor/lib/test/auto/OrderedMerge.xml (RunModel)" time="0.012" />
  <testcase classname="ptolemy.util.test.junit.AutoTests" name="[247] /home/travis/build/icyphy/ptII/ptolemy/actor/lib/test/auto/OrderedRecordDisassembler.xml (RunModel)" time="0.014" />
  <testcase classname="ptolemy.util.test.junit.AutoTests" name="[248] /home/travis/build/icyphy/ptII/ptolemy/actor/lib/test/auto/OrderedRecordDisassembler2.xml (RunModel)" time="0.019" />
  <testcase classname="ptolemy.util.test.junit.AutoTests" name="[249] /home/travis/build/icyphy/ptII/ptolemy/actor/lib/test/auto/OrderedRecordUpdater.xml (RunModel)" time="0.008" />
  <testcase classname="ptolemy.util.test.junit.AutoTests" name="[250] /home/travis/build/icyphy/ptII/ptolemy/actor/lib/test/auto/OrderedRecordUpdater2.xml (RunModel)" time="0.014" />
  <testcase classname="ptolemy.util.test.junit.AutoTests" name="[251] /home/travis/build/icyphy/ptII/ptolemy/actor/lib/test/auto/PhaseUnwrap.xml (RunModel)" time="0.01" />
  <testcase classname="ptolemy.util.test.junit.AutoTests" name="[252] /home/travis/build/icyphy/ptII/ptolemy/actor/lib/test/auto/PoissonClock.xml (RunModel)" time="0.008" />
  <testcase classname="ptolemy.util.test.junit.AutoTests" name="[253] /home/travis/build/icyphy/ptII/ptolemy/actor/lib/test/auto/PoissonClock2.xml (RunModel)" time="0.006" />
  <testcase classname="ptolemy.util.test.junit.AutoTests" name="[254] /home/travis/build/icyphy/ptII/ptolemy/actor/lib/test/auto/PoissonClock3.xml (RunModel)" time="0.02" />
  <testcase classname="ptolemy.util.test.junit.AutoTests" name="[255] /home/travis/build/icyphy/ptII/ptolemy/actor/lib/test/auto/PubSubWithInitialTokens.xml (RunModel)" time="0.013" />
  <testcase classname="ptolemy.util.test.junit.AutoTests" name="[256] /home/travis/build/icyphy/ptII/ptolemy/actor/lib/test/auto/PubSubWithInitialTokens2.xml (RunModel)" time="0.008" />
  <testcase classname="ptolemy.util.test.junit.AutoTests" name="[257] /home/travis/build/icyphy/ptII/ptolemy/actor/lib/test/auto/PublisherClassNoParameter.xml (RunModel)" time="0.021" />
  <testcase classname="ptolemy.util.test.junit.AutoTests" name="[258] /home/travis/build/icyphy/ptII/ptolemy/actor/lib/test/auto/PublisherClassParameter.xml (RunModel)" time="0.016" />
  <testcase classname="ptolemy.util.test.junit.AutoTests" name="[259] /home/travis/build/icyphy/ptII/ptolemy/actor/lib/test/auto/PublisherNonStrictTest.xml (RunModel)" time="0.011" />
  <testcase classname="ptolemy.util.test.junit.AutoTests" name="[260] /home/travis/build/icyphy/ptII/ptolemy/actor/lib/test/auto/PublisherPort1.xml (RunModel)" time="0.015" />
  <testcase classname="ptolemy.util.test.junit.AutoTests" name="[261] /home/travis/build/icyphy/ptII/ptolemy/actor/lib/test/auto/PublisherPort2.xml (RunModel)" time="0.007" />
  <testcase classname="ptolemy.util.test.junit.AutoTests" name="[262] /home/travis/build/icyphy/ptII/ptolemy/actor/lib/test/auto/PublisherPort3.xml (RunModel)" time="0.009" />
  <testcase classname="ptolemy.util.test.junit.AutoTests" name="[263] /home/travis/build/icyphy/ptII/ptolemy/actor/lib/test/auto/PublisherPort4.xml (RunModel)" time="0.01" />
  <testcase classname="ptolemy.util.test.junit.AutoTests" name="[264] /home/travis/build/icyphy/ptII/ptolemy/actor/lib/test/auto/PublisherPort5.xml (RunModel)" time="0.013" />
  <testcase classname="ptolemy.util.test.junit.AutoTests" name="[265] /home/travis/build/icyphy/ptII/ptolemy/actor/lib/test/auto/PublisherPort5LookAlike.xml (RunModel)" time="0.016" />
  <testcase classname="ptolemy.util.test.junit.AutoTests" name="[266] /home/travis/build/icyphy/ptII/ptolemy/actor/lib/test/auto/PublisherPort6.xml (RunModel)" time="0.017" />
  <testcase classname="ptolemy.util.test.junit.AutoTests" name="[267] /home/travis/build/icyphy/ptII/ptolemy/actor/lib/test/auto/PublisherPort7.xml (RunModel)" time="0.014" />
  <testcase classname="ptolemy.util.test.junit.AutoTests" name="[268] /home/travis/build/icyphy/ptII/ptolemy/actor/lib/test/auto/PublisherPort8.xml (RunModel)" time="0.015" />
  <testcase classname="ptolemy.util.test.junit.AutoTests" name="[269] /home/travis/build/icyphy/ptII/ptolemy/actor/lib/test/auto/PublisherPortSubscriberChannelVariablesAOC2.xml (RunModel)" time="0.032" />
  <testcase classname="ptolemy.util.test.junit.AutoTests" name="[270] /home/travis/build/icyphy/ptII/ptolemy/actor/lib/test/auto/PublisherPortSubscriberOpaqueWidthInference.xml (RunModel)" time="0.011" />
  <testcase classname="ptolemy.util.test.junit.AutoTests" name="[271] /home/travis/build/icyphy/ptII/ptolemy/actor/lib/test/auto/PublisherPortSubscriberPortAdjacent.xml (RunModel)" time="0.014" />
  <testcase classname="ptolemy.util.test.junit.AutoTests" name="[272] /home/travis/build/icyphy/ptII/ptolemy/actor/lib/test/auto/PublisherPortSubscriberPortExpression.xml (RunModel)" time="0.011" />
  <testcase classname="ptolemy.util.test.junit.AutoTests" name="[273] /home/travis/build/icyphy/ptII/ptolemy/actor/lib/test/auto/PublisherPortSubscriberPortOpaqueD3Reverse.xml (RunModel)" time="0.029" />
  <testcase classname="ptolemy.util.test.junit.AutoTests" name="[274] /home/travis/build/icyphy/ptII/ptolemy/actor/lib/test/auto/PublisherPortSubscriberPortOpaqueWidthInference.xml (RunModel)" time="0.014" />
  <testcase classname="ptolemy.util.test.junit.AutoTests" name="[275] /home/travis/build/icyphy/ptII/ptolemy/actor/lib/test/auto/PublisherPortToplevelSubscriberPortAOC.xml (RunModel)" time="0.008" />
  <testcase classname="ptolemy.util.test.junit.AutoTests" name="[276] /home/travis/build/icyphy/ptII/ptolemy/actor/lib/test/auto/PublisherSubscriber.xml (RunModel)" time="0.009" />
  <testcase classname="ptolemy.util.test.junit.AutoTests" name="[277] /home/travis/build/icyphy/ptII/ptolemy/actor/lib/test/auto/PublisherSubscriber10.xml (RunModel)" time="0.022" />
  <testcase classname="ptolemy.util.test.junit.AutoTests" name="[278] /home/travis/build/icyphy/ptII/ptolemy/actor/lib/test/auto/PublisherSubscriber10InitialOutputs.xml (RunModel)" time="0.023" />
  <testcase classname="ptolemy.util.test.junit.AutoTests" name="[279] /home/travis/build/icyphy/ptII/ptolemy/actor/lib/test/auto/PublisherSubscriber11.xml (RunModel)" time="0.01" />
  <testcase classname="ptolemy.util.test.junit.AutoTests" name="[280] /home/travis/build/icyphy/ptII/ptolemy/actor/lib/test/auto/PublisherSubscriber12.xml (RunModel)" time="0.018" />
  <testcase classname="ptolemy.util.test.junit.AutoTests" name="[281] /home/travis/build/icyphy/ptII/ptolemy/actor/lib/test/auto/PublisherSubscriber13.xml (RunModel)" time="0.008" />
  <testcase classname="ptolemy.util.test.junit.AutoTests" name="[282] /home/travis/build/icyphy/ptII/ptolemy/actor/lib/test/auto/PublisherSubscriber14.xml (RunModel)" time="0.018" />
  <testcase classname="ptolemy.util.test.junit.AutoTests" name="[283] /home/travis/build/icyphy/ptII/ptolemy/actor/lib/test/auto/PublisherSubscriber2.xml (RunModel)" time="0.008" />
  <testcase classname="ptolemy.util.test.junit.AutoTests" name="[284] /home/travis/build/icyphy/ptII/ptolemy/actor/lib/test/auto/PublisherSubscriber3.xml (RunModel)" time="0.008" />
  <testcase classname="ptolemy.util.test.junit.AutoTests" name="[285] /home/travis/build/icyphy/ptII/ptolemy/actor/lib/test/auto/PublisherSubscriber4.xml (RunModel)" time="0.007" />
  <testcase classname="ptolemy.util.test.junit.AutoTests" name="[286] /home/travis/build/icyphy/ptII/ptolemy/actor/lib/test/auto/PublisherSubscriber5.xml (RunModel)" time="0.01" />
  <testcase classname="ptolemy.util.test.junit.AutoTests" name="[287] /home/travis/build/icyphy/ptII/ptolemy/actor/lib/test/auto/PublisherSubscriber6.xml (RunModel)" time="0.012" />
  <testcase classname="ptolemy.util.test.junit.AutoTests" name="[288] /home/travis/build/icyphy/ptII/ptolemy/actor/lib/test/auto/PublisherSubscriber7.xml (RunModel)" time="0.018" />
  <testcase classname="ptolemy.util.test.junit.AutoTests" name="[289] /home/travis/build/icyphy/ptII/ptolemy/actor/lib/test/auto/PublisherSubscriber8.xml (RunModel)" time="0.032" />
  <testcase classname="ptolemy.util.test.junit.AutoTests" name="[290] /home/travis/build/icyphy/ptII/ptolemy/actor/lib/test/auto/PublisherSubscriber9.xml (RunModel)" time="0.033" />
  <testcase classname="ptolemy.util.test.junit.AutoTests" name="[291] /home/travis/build/icyphy/ptII/ptolemy/actor/lib/test/auto/PublisherSubscriberAdjacent.xml (RunModel)" time="0.015" />
  <testcase classname="ptolemy.util.test.junit.AutoTests" name="[292] /home/travis/build/icyphy/ptII/ptolemy/actor/lib/test/auto/PublisherSubscriberChannelVariablesAOC2.xml (RunModel)" time="0.03" />
  <testcase classname="ptolemy.util.test.junit.AutoTests" name="[293] /home/travis/build/icyphy/ptII/ptolemy/actor/lib/test/auto/PublisherSubscriberD3.xml (RunModel)" time="0.012" />
  <testcase classname="ptolemy.util.test.junit.AutoTests" name="[294] /home/travis/build/icyphy/ptII/ptolemy/actor/lib/test/auto/PublisherSubscriberD3Reverse.xml (RunModel)" time="0.015" />
  <testcase classname="ptolemy.util.test.junit.AutoTests" name="[295] /home/travis/build/icyphy/ptII/ptolemy/actor/lib/test/auto/PublisherSubscriberExpression.xml (RunModel)" time="0.015" />
  <testcase classname="ptolemy.util.test.junit.AutoTests" name="[296] /home/travis/build/icyphy/ptII/ptolemy/actor/lib/test/auto/PublisherSubscriberOpaque.xml (RunModel)" time="0.013" />
  <testcase classname="ptolemy.util.test.junit.AutoTests" name="[297] /home/travis/build/icyphy/ptII/ptolemy/actor/lib/test/auto/PublisherSubscriberOpaqueD3.xml (RunModel)" time="0.02" />
  <testcase classname="ptolemy.util.test.junit.AutoTests" name="[298] /home/travis/build/icyphy/ptII/ptolemy/actor/lib/test/auto/PublisherSubscriberOpaqueD3Reverse.xml (RunModel)" time="0.019" />
  <testcase classname="ptolemy.util.test.junit.AutoTests" name="[299] /home/travis/build/icyphy/ptII/ptolemy/actor/lib/test/auto/PublisherSubscriberOpaqueWidthInference.xml (RunModel)" time="0.015" />
  <testcase classname="ptolemy.util.test.junit.AutoTests" name="[300] /home/travis/build/icyphy/ptII/ptolemy/actor/lib/test/auto/PublisherTestSubscriber.xml (RunModel)" time="0.015" />
  <testcase classname="ptolemy.util.test.junit.AutoTests" name="[301] /home/travis/build/icyphy/ptII/ptolemy/actor/lib/test/auto/PublisherToplevelSubscriberPortAOC.xml (RunModel)" time="0.01" />
  <testcase classname="ptolemy.util.test.junit.AutoTests" name="[302] /home/travis/build/icyphy/ptII/ptolemy/actor/lib/test/auto/PulseFiringLimitDE.xml (RunModel)" time="0.015" />
  <testcase classname="ptolemy.util.test.junit.AutoTests" name="[303] /home/travis/build/icyphy/ptII/ptolemy/actor/lib/test/auto/Ramp1.xml (RunModel)" time="0.006" />
  <testcase classname="ptolemy.util.test.junit.AutoTests" name="[304] /home/travis/build/icyphy/ptII/ptolemy/actor/lib/test/auto/RampFiringLimitDE.xml (RunModel)" time="0.011" />
  <testcase classname="ptolemy.util.test.junit.AutoTests" name="[305] /home/travis/build/icyphy/ptII/ptolemy/actor/lib/test/auto/RampFiringLimitSDF.xml (RunModel)" time="0.009" />
  <testcase classname="ptolemy.util.test.junit.AutoTests" name="[306] /home/travis/build/icyphy/ptII/ptolemy/actor/lib/test/auto/RandomInteger.xml (RunModel)" time="0.007" />
  <testcase classname="ptolemy.util.test.junit.AutoTests" name="[307] /home/travis/build/icyphy/ptII/ptolemy/actor/lib/test/auto/ReadFile1.xml (RunModel)" time="0.006" />
  <testcase classname="ptolemy.util.test.junit.AutoTests" name="[308] /home/travis/build/icyphy/ptII/ptolemy/actor/lib/test/auto/ReadFile2.xml (RunModel)" time="0.006" />
  <testcase classname="ptolemy.util.test.junit.AutoTests" name="[309] /home/travis/build/icyphy/ptII/ptolemy/actor/lib/test/auto/Reader.xml (RunModel)" time="0.008" />
  <testcase classname="ptolemy.util.test.junit.AutoTests" name="[310] /home/travis/build/icyphy/ptII/ptolemy/actor/lib/test/auto/RecordAssemblerDisplayNameTest.xml (RunModel)" time="3.57" />
  <testcase classname="ptolemy.util.test.junit.AutoTests" name="[311] /home/travis/build/icyphy/ptII/ptolemy/actor/lib/test/auto/RecordAssemblerTypeError.xml (RunModel)" time="0.028" />
  <testcase classname="ptolemy.util.test.junit.AutoTests" name="[312] /home/travis/build/icyphy/ptII/ptolemy/actor/lib/test/auto/RecordDisassember.xml (RunModel)" time="0.011" />
  <testcase classname="ptolemy.util.test.junit.AutoTests" name="[313] /home/travis/build/icyphy/ptII/ptolemy/actor/lib/test/auto/RecordDisassemberDisplayNameTest.xml (RunModel)" time="0.018" />
  <testcase classname="ptolemy.util.test.junit.AutoTests" name="[314] /home/travis/build/icyphy/ptII/ptolemy/actor/lib/test/auto/RecordDisassembler.xml (RunModel)" time="0.009" />
  <testcase classname="ptolemy.util.test.junit.AutoTests" name="[315] /home/travis/build/icyphy/ptII/ptolemy/actor/lib/test/auto/RecordDisassembler2.xml (RunModel)" time="0.008" />
  <testcase classname="ptolemy.util.test.junit.AutoTests" name="[316] /home/travis/build/icyphy/ptII/ptolemy/actor/lib/test/auto/RecordUpdater.xml (RunModel)" time="0.007" />
  <testcase classname="ptolemy.util.test.junit.AutoTests" name="[317] /home/travis/build/icyphy/ptII/ptolemy/actor/lib/test/auto/RecordUpdater2.xml (RunModel)" time="0.007" />
  <testcase classname="ptolemy.util.test.junit.AutoTests" name="[318] /home/travis/build/icyphy/ptII/ptolemy/actor/lib/test/auto/RecursiveLattice.xml (RunModel)" time="0.007" />
  <testcase classname="ptolemy.util.test.junit.AutoTests" name="[319] /home/travis/build/icyphy/ptII/ptolemy/actor/lib/test/auto/Router.xml (RunModel)" time="3.022" />
  <testcase classname="ptolemy.util.test.junit.AutoTests" name="[320] /home/travis/build/icyphy/ptII/ptolemy/actor/lib/test/auto/Router2.xml (RunModel)" time="3.024" />
  <testcase classname="ptolemy.util.test.junit.AutoTests" name="[321] /home/travis/build/icyphy/ptII/ptolemy/actor/lib/test/auto/RunningMaximum.xml (RunModel)" time="0.017" />
  <testcase classname="ptolemy.util.test.junit.AutoTests" name="[322] /home/travis/build/icyphy/ptII/ptolemy/actor/lib/test/auto/RunningMinimum.xml (RunModel)" time="0.02" />
  <testcase classname="ptolemy.util.test.junit.AutoTests" name="[323] /home/travis/build/icyphy/ptII/ptolemy/actor/lib/test/auto/Scale.xml (RunModel)" time="0.009" />
  <testcase classname="ptolemy.util.test.junit.AutoTests" name="[324] /home/travis/build/icyphy/ptII/ptolemy/actor/lib/test/auto/Scale2.xml (RunModel)" time="0.009" />
  <testcase classname="ptolemy.util.test.junit.AutoTests" name="[325] /home/travis/build/icyphy/ptII/ptolemy/actor/lib/test/auto/Scale3.xml (RunModel)" time="0.014" />
  <testcase classname="ptolemy.util.test.junit.AutoTests" name="[326] /home/travis/build/icyphy/ptII/ptolemy/actor/lib/test/auto/ScaleArray.xml (RunModel)" time="0.008" />
  <testcase classname="ptolemy.util.test.junit.AutoTests" name="[327] /home/travis/build/icyphy/ptII/ptolemy/actor/lib/test/auto/ScaleArray2.xml (RunModel)" time="0.007" />
  <testcase classname="ptolemy.util.test.junit.AutoTests" name="[328] /home/travis/build/icyphy/ptII/ptolemy/actor/lib/test/auto/ScaleMatrix.xml (RunModel)" time="0.101" />
  <testcase classname="ptolemy.util.test.junit.AutoTests" name="[329] /home/travis/build/icyphy/ptII/ptolemy/actor/lib/test/auto/Select.xml (RunModel)" time="0.011" />
  <testcase classname="ptolemy.util.test.junit.AutoTests" name="[330] /home/travis/build/icyphy/ptII/ptolemy/actor/lib/test/auto/Select2.xml (RunModel)" time="0.006" />
  <testcase classname="ptolemy.util.test.junit.AutoTests" name="[331] /home/travis/build/icyphy/ptII/ptolemy/actor/lib/test/auto/SequenceToArray2.xml (RunModel)" time="0.112" />
  <testcase classname="ptolemy.util.test.junit.AutoTests" name="[332] /home/travis/build/icyphy/ptII/ptolemy/actor/lib/test/auto/SequentialClock.xml (RunModel)" time="0.011" />
  <testcase classname="ptolemy.util.test.junit.AutoTests" name="[333] /home/travis/build/icyphy/ptII/ptolemy/actor/lib/test/auto/SetVariable.xml (RunModel)" time="0.006" />
  <testcase classname="ptolemy.util.test.junit.AutoTests" name="[334] /home/travis/build/icyphy/ptII/ptolemy/actor/lib/test/auto/SetVariable2.xml (RunModel)" time="0.008" />
  <testcase classname="ptolemy.util.test.junit.AutoTests" name="[335] /home/travis/build/icyphy/ptII/ptolemy/actor/lib/test/auto/SetVariable3.xml (RunModel)" time="0.012" />
  <testcase classname="ptolemy.util.test.junit.AutoTests" name="[336] /home/travis/build/icyphy/ptII/ptolemy/actor/lib/test/auto/SetVariable4.xml (RunModel)" time="0.034" />
  <testcase classname="ptolemy.util.test.junit.AutoTests" name="[337] /home/travis/build/icyphy/ptII/ptolemy/actor/lib/test/auto/SetVariable5.xml (RunModel)" time="0.028" />
  <testcase classname="ptolemy.util.test.junit.AutoTests" name="[338] /home/travis/build/icyphy/ptII/ptolemy/actor/lib/test/auto/Sinewave.xml (RunModel)" time="0.018" />
  <testcase classname="ptolemy.util.test.junit.AutoTests" name="[339] /home/travis/build/icyphy/ptII/ptolemy/actor/lib/test/auto/Sinewave2.xml (RunModel)" time="0.017" />
  <testcase classname="ptolemy.util.test.junit.AutoTests" name="[340] /home/travis/build/icyphy/ptII/ptolemy/actor/lib/test/auto/Sinewave3.xml (RunModel)" time="0.021" />
  <testcase classname="ptolemy.util.test.junit.AutoTests" name="[341] /home/travis/build/icyphy/ptII/ptolemy/actor/lib/test/auto/SingleEvent.xml (RunModel)" time="0.005" />
  <testcase classname="ptolemy.util.test.junit.AutoTests" name="[342] /home/travis/build/icyphy/ptII/ptolemy/actor/lib/test/auto/Sleep.xml (RunModel)" time="6.012" />
  <testcase classname="ptolemy.util.test.junit.AutoTests" name="[343] /home/travis/build/icyphy/ptII/ptolemy/actor/lib/test/auto/SleepMultipleFire.xml (RunModel)" time="1.018" />
  <testcase classname="ptolemy.util.test.junit.AutoTests" name="[344] /home/travis/build/icyphy/ptII/ptolemy/actor/lib/test/auto/StopDE.xml (RunModel)" time="0.026" />
  <testcase classname="ptolemy.util.test.junit.AutoTests" name="[345] /home/travis/build/icyphy/ptII/ptolemy/actor/lib/test/auto/StopSDF.xml (RunModel)" time="0.018" />
  <testcase classname="ptolemy.util.test.junit.AutoTests" name="[346] /home/travis/build/icyphy/ptII/ptolemy/actor/lib/test/auto/StringConstant.xml (RunModel)" time="0.016" />
  <testcase classname="ptolemy.util.test.junit.AutoTests" name="[347] /home/travis/build/icyphy/ptII/ptolemy/actor/lib/test/auto/SubscriberPortInitialValues1.xml (RunModel)" time="0.021" />
  <testcase classname="ptolemy.util.test.junit.AutoTests" name="[348] /home/travis/build/icyphy/ptII/ptolemy/actor/lib/test/auto/SubscriberPortInitialValues13.xml (RunModel)" time="0.022" />
  <testcase classname="ptolemy.util.test.junit.AutoTests" name="[349] /home/travis/build/icyphy/ptII/ptolemy/actor/lib/test/auto/SubscriberPortInitialValues14.xml (RunModel)" time="0.012" />
  <testcase classname="ptolemy.util.test.junit.AutoTests" name="[350] /home/travis/build/icyphy/ptII/ptolemy/actor/lib/test/auto/SubscriberPortInitialValues2.xml (RunModel)" time="0.02" />
  <testcase classname="ptolemy.util.test.junit.AutoTests" name="[351] /home/travis/build/icyphy/ptII/ptolemy/actor/lib/test/auto/SubscriberPortInitialValues3.xml (RunModel)" time="0.016" />
  <testcase classname="ptolemy.util.test.junit.AutoTests" name="[352] /home/travis/build/icyphy/ptII/ptolemy/actor/lib/test/auto/SubscriptionAggregator.xml (RunModel)" time="0.01" />
  <testcase classname="ptolemy.util.test.junit.AutoTests" name="[353] /home/travis/build/icyphy/ptII/ptolemy/actor/lib/test/auto/SubscriptionAggregator2.xml (RunModel)" time="0.01" />
  <testcase classname="ptolemy.util.test.junit.AutoTests" name="[354] /home/travis/build/icyphy/ptII/ptolemy/actor/lib/test/auto/SubscriptionAggregator3.xml (RunModel)" time="0.013" />
  <testcase classname="ptolemy.util.test.junit.AutoTests" name="[355] /home/travis/build/icyphy/ptII/ptolemy/actor/lib/test/auto/SubscriptionAggregatorMultiply.xml (RunModel)" time="0.012" />
  <testcase classname="ptolemy.util.test.junit.AutoTests" name="[356] /home/travis/build/icyphy/ptII/ptolemy/actor/lib/test/auto/SubscriptionAggregatorPortMultiply1.xml (RunModel)" time="0.011" />
  <testcase classname="ptolemy.util.test.junit.AutoTests" name="[357] /home/travis/build/icyphy/ptII/ptolemy/actor/lib/test/auto/Switch.xml (RunModel)" time="0.013" />
  <testcase classname="ptolemy.util.test.junit.AutoTests" name="[358] /home/travis/build/icyphy/ptII/ptolemy/actor/lib/test/auto/Switch2.xml (RunModel)" time="0.011" />
  <testcase classname="ptolemy.util.test.junit.AutoTests" name="[359] /home/travis/build/icyphy/ptII/ptolemy/actor/lib/test/auto/SwitchDE.xml (RunModel)" time="0.011" />
  <testcase classname="ptolemy.util.test.junit.AutoTests" name="[360] /home/travis/build/icyphy/ptII/ptolemy/actor/lib/test/auto/SynchronizerDE.xml (RunModel)" time="0.019" />
  <testcase classname="ptolemy.util.test.junit.AutoTests" name="[361] /home/travis/build/icyphy/ptII/ptolemy/actor/lib/test/auto/Test.xml (RunModel)" time="0.013" />
  <testcase classname="ptolemy.util.test.junit.AutoTests" name="[362] /home/travis/build/icyphy/ptII/ptolemy/actor/lib/test/auto/TestExceptionAttribute1.xml (RunModel)" time="0.006" />
  <testcase classname="ptolemy.util.test.junit.AutoTests" name="[363] /home/travis/build/icyphy/ptII/ptolemy/actor/lib/test/auto/TestExceptionAttribute2.xml (RunModel)" time="0.01" />
  <testcase classname="ptolemy.util.test.junit.AutoTests" name="[364] /home/travis/build/icyphy/ptII/ptolemy/actor/lib/test/auto/TestExceptionAttribute3.xml (RunModel)" time="0.008" />
  <testcase classname="ptolemy.util.test.junit.AutoTests" name="[365] /home/travis/build/icyphy/ptII/ptolemy/actor/lib/test/auto/TestExceptionAttribute4.xml (RunModel)" time="0.005" />
  <testcase classname="ptolemy.util.test.junit.AutoTests" name="[366] /home/travis/build/icyphy/ptII/ptolemy/actor/lib/test/auto/TestExceptionHandler1.xml (RunModel)" time="0.004" />
  <testcase classname="ptolemy.util.test.junit.AutoTests" name="[367] /home/travis/build/icyphy/ptII/ptolemy/actor/lib/test/auto/TestExceptionHandler2.xml (RunModel)" time="0.011" />
  <testcase classname="ptolemy.util.test.junit.AutoTests" name="[368] /home/travis/build/icyphy/ptII/ptolemy/actor/lib/test/auto/TestExceptionHandler3.xml (RunModel)" time="0.005" />
  <testcase classname="ptolemy.util.test.junit.AutoTests" name="[369] /home/travis/build/icyphy/ptII/ptolemy/actor/lib/test/auto/TestExceptionHandler4.xml (RunModel)" time="0.005" />
  <testcase classname="ptolemy.util.test.junit.AutoTests" name="[370] /home/travis/build/icyphy/ptII/ptolemy/actor/lib/test/auto/TestRequireCorrectOrder.xml (RunModel)" time="0.01" />
  <testcase classname="ptolemy.util.test.junit.AutoTests" name="[371] /home/travis/build/icyphy/ptII/ptolemy/actor/lib/test/auto/TestSimple.xml (RunModel)" time="0.005" />
  <testcase classname="ptolemy.util.test.junit.AutoTests" name="[372] /home/travis/build/icyphy/ptII/ptolemy/actor/lib/test/auto/ThrowModelError.xml (RunModel)" time="0.008" />
  <testcase classname="ptolemy.util.test.junit.AutoTests" name="[373] /home/travis/build/icyphy/ptII/ptolemy/actor/lib/test/auto/TimeDelayMicrosteps.xml (RunModel)" time="0.011" />
  <testcase classname="ptolemy.util.test.junit.AutoTests" name="[374] /home/travis/build/icyphy/ptII/ptolemy/actor/lib/test/auto/TimeDelayMicrosteps2.xml (RunModel)" time="0.014" />
  <testcase classname="ptolemy.util.test.junit.AutoTests" name="[375] /home/travis/build/icyphy/ptII/ptolemy/actor/lib/test/auto/TimeDelayMicrosteps3.xml (RunModel)" time="0.011" />
  <testcase classname="ptolemy.util.test.junit.AutoTests" name="[376] /home/travis/build/icyphy/ptII/ptolemy/actor/lib/test/auto/TimeDelayVariableMicrosteps.xml (RunModel)" time="0.011" />
  <testcase classname="ptolemy.util.test.junit.AutoTests" name="[377] /home/travis/build/icyphy/ptII/ptolemy/actor/lib/test/auto/TimeGap.xml (RunModel)" time="0.012" />
  <testcase classname="ptolemy.util.test.junit.AutoTests" name="[378] /home/travis/build/icyphy/ptII/ptolemy/actor/lib/test/auto/TimeGap2.xml (RunModel)" time="0.01" />
  <testcase classname="ptolemy.util.test.junit.AutoTests" name="[379] /home/travis/build/icyphy/ptII/ptolemy/actor/lib/test/auto/TimedSinewave.xml (RunModel)" time="0.047" />
  <testcase classname="ptolemy.util.test.junit.AutoTests" name="[380] /home/travis/build/icyphy/ptII/ptolemy/actor/lib/test/auto/TimedSinewavePhase.xml (RunModel)" time="0.043" />
  <testcase classname="ptolemy.util.test.junit.AutoTests" name="[381] /home/travis/build/icyphy/ptII/ptolemy/actor/lib/test/auto/Timer.xml (RunModel)" time="0.017" />
  <testcase classname="ptolemy.util.test.junit.AutoTests" name="[382] /home/travis/build/icyphy/ptII/ptolemy/actor/lib/test/auto/TriangularDistTestModel.xml (RunModel)" time="0.017" />
  <testcase classname="ptolemy.util.test.junit.AutoTests" name="[383] /home/travis/build/icyphy/ptII/ptolemy/actor/lib/test/auto/TrigFunction.xml (RunModel)" time="0.009" />
  <testcase classname="ptolemy.util.test.junit.AutoTests" name="[384] /home/travis/build/icyphy/ptII/ptolemy/actor/lib/test/auto/TrigFunctionDE.xml (RunModel)" time="0.01" />
  <testcase classname="ptolemy.util.test.junit.AutoTests" name="[385] /home/travis/build/icyphy/ptII/ptolemy/actor/lib/test/auto/TrigFunctionInverse.xml (RunModel)" time="0.008" />
  <testcase classname="ptolemy.util.test.junit.AutoTests" name="[386] /home/travis/build/icyphy/ptII/ptolemy/actor/lib/test/auto/TrigFunctionTan.xml (RunModel)" time="0.005" />
  <testcase classname="ptolemy.util.test.junit.AutoTests" name="[387] /home/travis/build/icyphy/ptII/ptolemy/actor/lib/test/auto/TriggeredClock.xml (RunModel)" time="0.008" />
  <testcase classname="ptolemy.util.test.junit.AutoTests" name="[388] /home/travis/build/icyphy/ptII/ptolemy/actor/lib/test/auto/URLDirectoryReader.xml (RunModel)" time="0.117" />
  <testcase classname="ptolemy.util.test.junit.AutoTests" name="[389] /home/travis/build/icyphy/ptII/ptolemy/actor/lib/test/auto/URLDirectoryReader3.xml (RunModel)" time="1.359" />
  <testcase classname="ptolemy.util.test.junit.AutoTests" name="[390] /home/travis/build/icyphy/ptII/ptolemy/actor/lib/test/auto/UnaryMathFunction.xml (RunModel)" time="0.023" />
  <testcase classname="ptolemy.util.test.junit.AutoTests" name="[391] /home/travis/build/icyphy/ptII/ptolemy/actor/lib/test/auto/Uniform.xml (RunModel)" time="0.008" />
  <testcase classname="ptolemy.util.test.junit.AutoTests" name="[392] /home/travis/build/icyphy/ptII/ptolemy/actor/lib/test/auto/UnionDisassemblerTest.xml (RunModel)" time="0.022" />
  <testcase classname="ptolemy.util.test.junit.AutoTests" name="[393] /home/travis/build/icyphy/ptII/ptolemy/actor/lib/test/auto/UtilityFunctions.xml (RunModel)" time="0.006" />
  <testcase classname="ptolemy.util.test.junit.AutoTests" name="[394] /home/travis/build/icyphy/ptII/ptolemy/actor/lib/test/auto/VariableSleep.xml (RunModel)" time="0.511" />
  <testcase classname="ptolemy.util.test.junit.AutoTests" name="[395] /home/travis/build/icyphy/ptII/ptolemy/actor/lib/test/auto/VectorAssemblerDisassemblerCT.xml (RunModel)" time="0.097" />
  <testcase classname="ptolemy.util.test.junit.AutoTests" name="[396] /home/travis/build/icyphy/ptII/ptolemy/actor/lib/test/auto/VectorAssemblerDisassemblerDE.xml (RunModel)" time="0.013" />
  <testcase classname="ptolemy.util.test.junit.AutoTests" name="[397] /home/travis/build/icyphy/ptII/ptolemy/actor/lib/test/auto/VectorAssemblerDisassemblerSDF.xml (RunModel)" time="0.01" />
  <testcase classname="ptolemy.util.test.junit.AutoTests" name="[398] /home/travis/build/icyphy/ptII/ptolemy/actor/lib/test/auto/WallClockTime.xml (RunModel)" time="1.009" />
  <testcase classname="ptolemy.util.test.junit.AutoTests" name="[399] /home/travis/build/icyphy/ptII/ptolemy/actor/lib/test/auto/WidthTestWithSubscriberPublisher.xml (RunModel)" time="0.034" />
  <testcase classname="ptolemy.util.test.junit.AutoTests" name="[400] /home/travis/build/icyphy/ptII/ptolemy/actor/lib/test/auto/WidthTestWithSubscriberPublisher2.xml (RunModel)" time="0.012" />
  <testcase classname="ptolemy.util.test.junit.AutoTests" name="[401] /home/travis/build/icyphy/ptII/ptolemy/actor/lib/test/auto/WidthTestWithSubscriberPublisher3.xml (RunModel)" time="0.011" />
  <testcase classname="ptolemy.util.test.junit.AutoTests" name="[402] /home/travis/build/icyphy/ptII/ptolemy/actor/lib/test/auto/Writer.xml (RunModel)" time="0.005" />
  <testcase classname="ptolemy.util.test.junit.AutoTests" name="[403] /home/travis/build/icyphy/ptII/ptolemy/actor/lib/test/auto/array.xml (RunModel)" time="0.02" />
  <testcase classname="ptolemy.util.test.junit.AutoTests" name="[404] /home/travis/build/icyphy/ptII/ptolemy/actor/lib/test/auto/array2.xml (RunModel)" time="0.022" />
  <testcase classname="ptolemy.util.test.junit.AutoTests" name="[405] /home/travis/build/icyphy/ptII/ptolemy/actor/lib/test/auto/arrayType.xml (RunModel)" time="0.009" />
  <testcase classname="ptolemy.util.test.junit.AutoTests" name="[406] /home/travis/build/icyphy/ptII/ptolemy/actor/lib/test/auto/arrayType10.xml (RunModel)" time="0.006" />
  <testcase classname="ptolemy.util.test.junit.AutoTests" name="[407] /home/travis/build/icyphy/ptII/ptolemy/actor/lib/test/auto/arrayType11.xml (RunModel)" time="0.006" />
  <testcase classname="ptolemy.util.test.junit.AutoTests" name="[408] /home/travis/build/icyphy/ptII/ptolemy/actor/lib/test/auto/arrayType12.xml (RunModel)" time="0.007" />
  <testcase classname="ptolemy.util.test.junit.AutoTests" name="[409] /home/travis/build/icyphy/ptII/ptolemy/actor/lib/test/auto/arrayType13.xml (RunModel)" time="0.007" />
  <testcase classname="ptolemy.util.test.junit.AutoTests" name="[410] /home/travis/build/icyphy/ptII/ptolemy/actor/lib/test/auto/arrayType14.xml (RunModel)" time="0.006" />
  <testcase classname="ptolemy.util.test.junit.AutoTests" name="[411] /home/travis/build/icyphy/ptII/ptolemy/actor/lib/test/auto/arrayType15.xml (RunModel)" time="0.007" />
  <testcase classname="ptolemy.util.test.junit.AutoTests" name="[412] /home/travis/build/icyphy/ptII/ptolemy/actor/lib/test/auto/arrayType16.xml (RunModel)" time="0.006" />
  <testcase classname="ptolemy.util.test.junit.AutoTests" name="[413] /home/travis/build/icyphy/ptII/ptolemy/actor/lib/test/auto/arrayType17.xml (RunModel)" time="0.007" />
  <testcase classname="ptolemy.util.test.junit.AutoTests" name="[414] /home/travis/build/icyphy/ptII/ptolemy/actor/lib/test/auto/arrayType18.xml (RunModel)" time="0.006" />
  <testcase classname="ptolemy.util.test.junit.AutoTests" name="[415] /home/travis/build/icyphy/ptII/ptolemy/actor/lib/test/auto/arrayType19.xml (RunModel)" time="0.006" />
  <testcase classname="ptolemy.util.test.junit.AutoTests" name="[416] /home/travis/build/icyphy/ptII/ptolemy/actor/lib/test/auto/arrayType2.xml (RunModel)" time="0.006" />
  <testcase classname="ptolemy.util.test.junit.AutoTests" name="[417] /home/travis/build/icyphy/ptII/ptolemy/actor/lib/test/auto/arrayType20.xml (RunModel)" time="0.007" />
  <testcase classname="ptolemy.util.test.junit.AutoTests" name="[418] /home/travis/build/icyphy/ptII/ptolemy/actor/lib/test/auto/arrayType21.xml (RunModel)" time="0.005" />
  <testcase classname="ptolemy.util.test.junit.AutoTests" name="[419] /home/travis/build/icyphy/ptII/ptolemy/actor/lib/test/auto/arrayType22.xml (RunModel)" time="0.006" />
  <testcase classname="ptolemy.util.test.junit.AutoTests" name="[420] /home/travis/build/icyphy/ptII/ptolemy/actor/lib/test/auto/arrayType23.xml (RunModel)" time="0.035" />
  <testcase classname="ptolemy.util.test.junit.AutoTests" name="[421] /home/travis/build/icyphy/ptII/ptolemy/actor/lib/test/auto/arrayType24.xml (RunModel)" time="0.027" />
  <testcase classname="ptolemy.util.test.junit.AutoTests" name="[422] /home/travis/build/icyphy/ptII/ptolemy/actor/lib/test/auto/arrayType25.xml (RunModel)" time="0.028" />
  <testcase classname="ptolemy.util.test.junit.AutoTests" name="[423] /home/travis/build/icyphy/ptII/ptolemy/actor/lib/test/auto/arrayType26.xml (RunModel)" time="0.014" />
  <testcase classname="ptolemy.util.test.junit.AutoTests" name="[424] /home/travis/build/icyphy/ptII/ptolemy/actor/lib/test/auto/arrayType27.xml (RunModel)" time="0.007" />
  <testcase classname="ptolemy.util.test.junit.AutoTests" name="[425] /home/travis/build/icyphy/ptII/ptolemy/actor/lib/test/auto/arrayType28.xml (RunModel)" time="0.008" />
  <testcase classname="ptolemy.util.test.junit.AutoTests" name="[426] /home/travis/build/icyphy/ptII/ptolemy/actor/lib/test/auto/arrayType3.xml (RunModel)" time="0.006" />
  <testcase classname="ptolemy.util.test.junit.AutoTests" name="[427] /home/travis/build/icyphy/ptII/ptolemy/actor/lib/test/auto/arrayType4.xml (RunModel)" time="0.034" />
  <testcase classname="ptolemy.util.test.junit.AutoTests" name="[428] /home/travis/build/icyphy/ptII/ptolemy/actor/lib/test/auto/arrayType5.xml (RunModel)" time="0.012" />
  <testcase classname="ptolemy.util.test.junit.AutoTests" name="[429] /home/travis/build/icyphy/ptII/ptolemy/actor/lib/test/auto/arrayType6.xml (RunModel)" time="0.011" />
  <testcase classname="ptolemy.util.test.junit.AutoTests" name="[430] /home/travis/build/icyphy/ptII/ptolemy/actor/lib/test/auto/arrayType7.xml (RunModel)" time="0.033" />
  <testcase classname="ptolemy.util.test.junit.AutoTests" name="[431] /home/travis/build/icyphy/ptII/ptolemy/actor/lib/test/auto/arrayType8.xml (RunModel)" time="0.036" />
  <testcase classname="ptolemy.util.test.junit.AutoTests" name="[432] /home/travis/build/icyphy/ptII/ptolemy/actor/lib/test/auto/arrayType9.xml (RunModel)" time="0.015" />
  <testcase classname="ptolemy.util.test.junit.AutoTests" name="[433] /home/travis/build/icyphy/ptII/ptolemy/actor/lib/test/auto/cast.xml (RunModel)" time="0.006" />
  <testcase classname="ptolemy.util.test.junit.AutoTests" name="[434] /home/travis/build/icyphy/ptII/ptolemy/actor/lib/test/auto/compositeMultiPort.xml (RunModel)" time="0.013" />
  <testcase classname="ptolemy.util.test.junit.AutoTests" name="[435] /home/travis/build/icyphy/ptII/ptolemy/actor/lib/test/auto/expressionCastInference.xml (RunModel)" time="0.007" />
  <testcase classname="ptolemy.util.test.junit.AutoTests" name="[436] /home/travis/build/icyphy/ptII/ptolemy/actor/lib/test/auto/expressionCastInference2.xml (RunModel)" time="0.008" />
  <testcase classname="ptolemy.util.test.junit.AutoTests" name="[437] /home/travis/build/icyphy/ptII/ptolemy/actor/lib/test/auto/expressionInference.xml (RunModel)" time="0.005" />
  <testcase classname="ptolemy.util.test.junit.AutoTests" name="[438] /home/travis/build/icyphy/ptII/ptolemy/actor/lib/test/auto/expression_bug.xml (RunModel)" time="0.006" />
  <testcase classname="ptolemy.util.test.junit.AutoTests" name="[439] /home/travis/build/icyphy/ptII/ptolemy/actor/lib/test/auto/factorial.xml (RunModel)" time="0.04" />
  <testcase classname="ptolemy.util.test.junit.AutoTests" name="[440] /home/travis/build/icyphy/ptII/ptolemy/actor/lib/test/auto/filterTest1.xml (RunModel)" time="0.011" />
  <testcase classname="ptolemy.util.test.junit.AutoTests" name="[441] /home/travis/build/icyphy/ptII/ptolemy/actor/lib/test/auto/funcApplyInConst.xml (RunModel)" time="0.004" />
  <testcase classname="ptolemy.util.test.junit.AutoTests" name="[442] /home/travis/build/icyphy/ptII/ptolemy/actor/lib/test/auto/funcApplyInExpr.xml (RunModel)" time="0.004" />
  <testcase classname="ptolemy.util.test.junit.AutoTests" name="[443] /home/travis/build/icyphy/ptII/ptolemy/actor/lib/test/auto/function.xml (RunModel)" time="0.007" />
  <testcase classname="ptolemy.util.test.junit.AutoTests" name="[444] /home/travis/build/icyphy/ptII/ptolemy/actor/lib/test/auto/function2.xml (RunModel)" time="0.007" />
  <testcase classname="ptolemy.util.test.junit.AutoTests" name="[445] /home/travis/build/icyphy/ptII/ptolemy/actor/lib/test/auto/function3.xml (RunModel)" time="0.004" />
  <testcase classname="ptolemy.util.test.junit.AutoTests" name="[446] /home/travis/build/icyphy/ptII/ptolemy/actor/lib/test/auto/functionClosureTest1.xml (RunModel)" time="0.007" />
  <testcase classname="ptolemy.util.test.junit.AutoTests" name="[447] /home/travis/build/icyphy/ptII/ptolemy/actor/lib/test/auto/functionClosureTest2.xml (RunModel)" time="0.005" />
  <testcase classname="ptolemy.util.test.junit.AutoTests" name="[448] /home/travis/build/icyphy/ptII/ptolemy/actor/lib/test/auto/functionClosureTest3.xml (RunModel)" time="0.007" />
  <testcase classname="ptolemy.util.test.junit.AutoTests" name="[449] /home/travis/build/icyphy/ptII/ptolemy/actor/lib/test/auto/functionClosureTest4.xml (RunModel)" time="0.012" />
  <testcase classname="ptolemy.util.test.junit.AutoTests" name="[450] /home/travis/build/icyphy/ptII/ptolemy/actor/lib/test/auto/functionClosureTest5.xml (RunModel)" time="0.009" />
  <testcase classname="ptolemy.util.test.junit.AutoTests" name="[451] /home/travis/build/icyphy/ptII/ptolemy/actor/lib/test/auto/functionClosureTest6.xml (RunModel)" time="0.006" />
  <testcase classname="ptolemy.util.test.junit.AutoTests" name="[452] /home/travis/build/icyphy/ptII/ptolemy/actor/lib/test/auto/functionsOnArcs.xml (RunModel)" time="0.007" />
  <testcase classname="ptolemy.util.test.junit.AutoTests" name="[453] /home/travis/build/icyphy/ptII/ptolemy/actor/lib/test/auto/functionsOnArcsHOF.xml (RunModel)" time="0.009" />
  <testcase classname="ptolemy.util.test.junit.AutoTests" name="[454] /home/travis/build/icyphy/ptII/ptolemy/actor/lib/test/auto/logic.xml (RunModel)" time="0.014" />
  <testcase classname="ptolemy.util.test.junit.AutoTests" name="[455] /home/travis/build/icyphy/ptII/ptolemy/actor/lib/test/auto/matrixType.xml (RunModel)" time="0.006" />
  <testcase classname="ptolemy.util.test.junit.AutoTests" name="[456] /home/travis/build/icyphy/ptII/ptolemy/actor/lib/test/auto/matrixType10.xml (RunModel)" time="0.006" />
  <testcase classname="ptolemy.util.test.junit.AutoTests" name="[457] /home/travis/build/icyphy/ptII/ptolemy/actor/lib/test/auto/matrixType11.xml (RunModel)" time="0.024" />
  <testcase classname="ptolemy.util.test.junit.AutoTests" name="[458] /home/travis/build/icyphy/ptII/ptolemy/actor/lib/test/auto/matrixType12.xml (RunModel)" time="0.009" />
  <testcase classname="ptolemy.util.test.junit.AutoTests" name="[459] /home/travis/build/icyphy/ptII/ptolemy/actor/lib/test/auto/matrixType13.xml (RunModel)" time="0.006" />
  <testcase classname="ptolemy.util.test.junit.AutoTests" name="[460] /home/travis/build/icyphy/ptII/ptolemy/actor/lib/test/auto/matrixType14.xml (RunModel)" time="0.007" />
  <testcase classname="ptolemy.util.test.junit.AutoTests" name="[461] /home/travis/build/icyphy/ptII/ptolemy/actor/lib/test/auto/matrixType2.xml (RunModel)" time="0.006" />
  <testcase classname="ptolemy.util.test.junit.AutoTests" name="[462] /home/travis/build/icyphy/ptII/ptolemy/actor/lib/test/auto/matrixType3.xml (RunModel)" time="0.007" />
  <testcase classname="ptolemy.util.test.junit.AutoTests" name="[463] /home/travis/build/icyphy/ptII/ptolemy/actor/lib/test/auto/matrixType4.xml (RunModel)" time="0.006" />
  <testcase classname="ptolemy.util.test.junit.AutoTests" name="[464] /home/travis/build/icyphy/ptII/ptolemy/actor/lib/test/auto/matrixType5.xml (RunModel)" time="0.006" />
  <testcase classname="ptolemy.util.test.junit.AutoTests" name="[465] /home/travis/build/icyphy/ptII/ptolemy/actor/lib/test/auto/matrixType6.xml (RunModel)" time="0.006" />
  <testcase classname="ptolemy.util.test.junit.AutoTests" name="[466] /home/travis/build/icyphy/ptII/ptolemy/actor/lib/test/auto/matrixType7.xml (RunModel)" time="0.007" />
  <testcase classname="ptolemy.util.test.junit.AutoTests" name="[467] /home/travis/build/icyphy/ptII/ptolemy/actor/lib/test/auto/matrixType8.xml (RunModel)" time="0.008" />
  <testcase classname="ptolemy.util.test.junit.AutoTests" name="[468] /home/travis/build/icyphy/ptII/ptolemy/actor/lib/test/auto/matrixType9.xml (RunModel)" time="0.006" />
  <testcase classname="ptolemy.util.test.junit.AutoTests" name="[469] /home/travis/build/icyphy/ptII/ptolemy/actor/lib/test/auto/paraFunctest.xml (RunModel)" time="0.005" />
  <testcase classname="ptolemy.util.test.junit.AutoTests" name="[470] /home/travis/build/icyphy/ptII/ptolemy/actor/lib/test/auto/paraFunctest2.xml (RunModel)" time="0.009" />
  <testcase classname="ptolemy.util.test.junit.AutoTests" name="[471] /home/travis/build/icyphy/ptII/ptolemy/actor/lib/test/auto/parameterPassing.xml (RunModel)" time="0.005" />
  <testcase classname="ptolemy.util.test.junit.AutoTests" name="[472] /home/travis/build/icyphy/ptII/ptolemy/actor/lib/test/auto/record.xml (RunModel)" time="0.006" />
  <testcase classname="ptolemy.util.test.junit.AutoTests" name="[473] /home/travis/build/icyphy/ptII/ptolemy/actor/lib/test/auto/sizedarray1.xml (RunModel)" time="0.007" />
  <testcase classname="ptolemy.util.test.junit.AutoTests" name="[474] /home/travis/build/icyphy/ptII/ptolemy/actor/lib/test/auto/sizedarray2.xml (RunModel)" time="0.007" />
  <testcase classname="ptolemy.util.test.junit.AutoTests" name="[475] /home/travis/build/icyphy/ptII/ptolemy/actor/lib/test/auto/twoPublishers.xml (RunModel)" time="0.021" />
  <system-out><![CDATA[/home/travis/build/icyphy/ptII/ptolemy/actor/lib/test/AbsoluteValue.tcl
testDefs.tcl: setting time out to 9000 seconds at Wed May 11 19:56:16 UTC 2022
81 ms. Memory: 129024K Free: 92571K (72%)
4 ms. Memory: 129024K Free: 91051K (71%)
5 ms. Memory: 129024K Free: 90027K (70%)
4 ms. Memory: 129024K Free: 89513K (69%)
/home/travis/build/icyphy/ptII/ptolemy/actor/lib/test/AddSubtract.tcl
17 ms. Memory: 129024K Free: 87465K (68%)
13 ms. Memory: 129024K Free: 86953K (67%)
11 ms. Memory: 129024K Free: 85931K (67%)
13 ms. Memory: 129024K Free: 84907K (66%)
55 ms. Memory: 129024K Free: 82345K (64%)
4 ms. Memory: 129024K Free: 81307K (63%)
/home/travis/build/icyphy/ptII/ptolemy/actor/lib/test/Average.tcl
6 ms. Memory: 129024K Free: 79787K (62%)
6 ms. Memory: 129024K Free: 78763K (61%)
/home/travis/build/icyphy/ptII/ptolemy/actor/lib/test/Bernoulli.tcl
4 ms. Memory: 129024K Free: 77195K (60%)
2 ms. Memory: 129024K Free: 76715K (59%)
/home/travis/build/icyphy/ptII/ptolemy/actor/lib/test/Clock.tcl
preinitializing
resolving types
initializing
executing number 1
wrapping up
idle
18 ms. Memory: 129024K Free: 74153K (57%)
Completed execution with 5 iterations
preinitializing
resolving types
initializing
executing number 1
wrapping up
idle
3 ms. Memory: 129024K Free: 73129K (57%)
Completed execution with 5 iterations
preinitializing
resolving types
initializing
executing number 1
wrapping up
idle
3 ms. Memory: 129024K Free: 72619K (56%)
Completed execution with 5 iterations
/home/travis/build/icyphy/ptII/ptolemy/actor/lib/test/Commutator.tcl
6 ms. Memory: 129024K Free: 70571K (55%)
6 ms. Memory: 129024K Free: 69547K (54%)
20 ms. Memory: 129024K Free: 63883K (50%)
/home/travis/build/icyphy/ptII/ptolemy/actor/lib/test/Const.tcl
3 ms. Memory: 129024K Free: 62379K (48%)
2 ms. Memory: 129024K Free: 61865K (48%)
3 ms. Memory: 129024K Free: 61355K (48%)
2 ms. Memory: 129024K Free: 60841K (47%)
2 ms. Memory: 129024K Free: 60331K (47%)
18 ms. Memory: 129024K Free: 58283K (45%)
9 ms. Memory: 129024K Free: 57259K (44%)
10 ms. Memory: 129024K Free: 56739K (44%)
/home/travis/build/icyphy/ptII/ptolemy/actor/lib/test/CurrentTime.tcl
preinitializing
resolving types
initializing
executing number 1
wrapping up
idle
14 ms. Memory: 129024K Free: 54683K (42%)
Completed execution with 11 iterations
/home/travis/build/icyphy/ptII/ptolemy/actor/lib/test/DB.tcl
4 ms. Memory: 129024K Free: 53163K (41%)
1 ms. Memory: 129024K Free: 52139K (40%)
1 ms. Memory: 129024K Free: 52139K (40%)
/home/travis/build/icyphy/ptII/ptolemy/actor/lib/test/DiscreteRandomSource.tcl
preinitializing
resolving types
initializing
executing number 1
wrapping up
idle
5 ms. Memory: 129024K Free: 50587K (39%)
Completed execution with 4 iterations
preinitializing
resolving types
initializing
executing number 1
wrapping up
idle
2 ms. Memory: 129024K Free: 50091K (39%)
Completed execution with 4 iterations
preinitializing
resolving types
initializing
executing number 1
wrapping up
idle
10 ms. Memory: 129024K Free: 49563K (38%)
Completed execution with 4 iterations
preinitializing
resolving types
initializing
executing number 1
wrapping up
idle
3 ms. Memory: 129024K Free: 49067K (38%)
Completed execution with 4 iterations
preinitializing
resolving types
initializing
executing number 1
wrapping up
idle
4 ms. Memory: 129024K Free: 48539K (38%)
Completed execution with 4 iterations
/home/travis/build/icyphy/ptII/ptolemy/actor/lib/test/Distributor.tcl
36 ms. Memory: 129024K Free: 113255K (88%)
8 ms. Memory: 129024K Free: 112755K (87%)
StreamChangeRequest.changeExecuted(): <deleteEntity name="rec2"/> succeeded
StreamChangeRequest.changeExecuted(): <deleteRelation name="r2"/> succeeded
StreamChangeRequest.changeExecuted(): Record firings per iteration succeeded
4 ms. Memory: 129024K Free: 110237K (85%)
/home/travis/build/icyphy/ptII/ptolemy/actor/lib/test/Exit.tcl
Exit.tcl: this will print a message about Manager.exitAfterWrapup, which can be ignored.
9 ms. Memory: 129024K Free: 107149K (83%)
/home/travis/build/icyphy/ptII/ptolemy/actor/lib/test/Expression.tcl
12 ms. Memory: 129024K Free: 111107K (86%)
2 ms. Memory: 129024K Free: 110516K (86%)
3 ms. Memory: 129024K Free: 109637K (85%)
preinitializing
resolving types
initializing
executing number 1
wrapping up
idle
4 ms. Memory: 129024K Free: 108021K (84%)
Completed execution with 6 iterations
3 ms. Memory: 129024K Free: 107444K (83%)
3 ms. Memory: 129024K Free: 106548K (83%)
4 ms. Memory: 129024K Free: 105396K (82%)
4 ms. Memory: 129024K Free: 103910K (81%)
3 ms. Memory: 129024K Free: 102901K (80%)
/home/travis/build/icyphy/ptII/ptolemy/actor/lib/test/Gaussian.tcl
3 ms. Memory: 129024K Free: 101300K (79%)
sleeping 1 seconds: ...........................................................................................................................................................................................................................................................................................................................................................................................................................................................................................................................................................................................................................................................................................................................................................................................................................................................................................................................................................................................................................................................................................................................................................................................................................................................................................................................................................................................................................................................................................................................................................................................................................................................................................................................................................................................................................................................................................................................................................................................................................................................................................................................................................................................................................................................................................................................................................................................................................................................................................................................................................................................................................................................................................................................................................................................................................................................................................................................................................................................................................................................................................................................................................................................................................................................................................................................................................................................................................................................................................................................................................................................................................................................................................................................................................................................................................................................................................................................................................................................................................................................................................................................................................................................................................................................................................................................................................................................................................................................................................................................................................................................................................................................................................................................................................................................................................................................................................................................................................................................................................................................................................................................................................................................................................................................................................................................................................................................................................................................................................................................................................................................................................................................................................................................................................................................................................................................................................................................................................................................................................................................................................................................................................................................................................................................................................................................................................................................................................................................................................................................................................................................................................................................................................................................................................................................................................................................................................................................................................................................................................................................................................................................................................................................................................................................................................................................................................................................................................................................................................................................................................................................................................................................................................................................................................................................................................................................................................................................................................................................................................................................................................................................................................................................................................................................................................................................................................................................................................................................................................................................................................................................................................................................................................................................................................................................................................................................................................................................................................................................................................................................................................................................................................................................................................................................................................................................................................................................................................................................................................................................................................................................................................................................................................................................................................................................................................................................................................................................................................................................................................................................................................................................................................................................................................................................................................................................................................................................................................................................................................................................................................................................................................................................................................................................................................................................................................................................................................................................................................................................................................................................................................................................................................................................................................................................................................................................................................................................................................................................................................................................................................................................................................................................................................................................................................................................................................................................................................................................................................................................................................................................................................................................................................................................................................................................................................................................................................................................................................................................................................................................................................................................................................................................................................................................................................................................................................................................................................................................................................................................................................................................................................................................................................................................................................................................................................................................................................................................................................................................................................................................................................................................................................................................................................................................................................................................................................................................................................................................................................................................................................................................................................................................................................................................................................................................................................................................................................................................................................................................................................................................................................................................................................................................................................................................................................................................................................................................................................................................................................................................................................................................................................................................................................................................................................................................................................................................................................................................................................................................................................................................................................................................................................................................................................................................................................................................................................................................................................................................................................................................................................................................................................................................................................................................................................................................................................................................................................................................................................................................................................................................................................................................................................................................................................................................................................................................................................................................................................................................................................................................................................................................................................................................................................................................................................................................................................................................................................................................................................................................................................................................................................................................................................................................................................................................................................................................................................................................................................................................................................................................................................................................................................................................................................................................................................................................................................................................................................................................................................................................................................................................................................................................................................................................................................................................................................................................................................................................................................................................................................................................................................................................................................................................................................................................................................................................................................................................................................................................................................................................................................................................................................................................................................................................................................................................................................................................................................................................................................................................................................................................................................................................................................................................................................................................................................................................................................................................................................................................................................................................................................................................................................................................................................................................................................................................................................................................................................................................................................................................................................................................................................................................................................................................................................................................................................................................................................................................................................................................................................................................................................................................................................................................................................................................................................................................................................................................................................................................................................................................................................................................................................................................................................................................................................................................................................................................................................................................................................................................................................................................................................................................................................................................................................................................................................................................................................................................................................................................................................................................................................................................................................................................................................................................................................................................................................................................................................................................................................................................................................................................................................................................................................................................................................................................................................................................................................................................................................................................................................................................................................................................................................................................................................................................................................................................................................................................................................................................................................................................................................................................................................................................................................................................................................................................................................................................................................................................................................................................................................................................................................................................................................................................................................................................................................................................................................................................................................................................................................................................................................................................................................................................................................................................................................................................................................................................................................................................................................................................................................................................................................................................................................................................................................................................................................................................................................................................................................................................................................................................................................................................................................................................................................................................................................................................................................................................................................................................................................................................................................................................................................................................................................................................................................................................................................................................................................................................................................................................................................................................................................................................................................................................................................................................................................................................................................................................................................................................................................................................................................................................................................................................................................................................................................................................................................................................................................................................................................................................................................................................................................................................................................................................................................................................................................................................................................................................................................................................................................................................................................................................................................................................................................................................................................................................................................................................................................................................................................................................................................................................................................................................................................................................................................................................................................................................................................................................................................................................................................................................................................................................................................................................................................................................................................................................................................................................................................................................................................................................................................................................................................................................................................................................................................................................................................................................................................................................................................................................................................................................2 ms. Memory: 129024K Free: 87256K (68%)
2 ms. Memory: 129024K Free: 86232K (67%)
1 ms. Memory: 129024K Free: 85704K (66%)
3 ms. Memory: 129024K Free: 84694K (66%)
2 ms. Memory: 129024K Free: 84184K (65%)
/home/travis/build/icyphy/ptII/ptolemy/actor/lib/test/IIR.tcl
/home/travis/build/icyphy/ptII/ptolemy/actor/lib/test/Interpolator.tcl
6 ms. Memory: 129024K Free: 80584K (62%)
4 ms. Memory: 129024K Free: 80088K (62%)
4 ms. Memory: 129024K Free: 79574K (62%)
4 ms. Memory: 129024K Free: 78040K (60%)
2 ms. Memory: 129024K Free: 77520K (60%)
1 ms. Memory: 129024K Free: 76496K (59%)
3 ms. Memory: 129024K Free: 75478K (58%)
8 ms. Memory: 129024K Free: 74968K (58%)
2 ms. Memory: 129024K Free: 73944K (57%)
2 ms. Memory: 129024K Free: 72920K (57%)
/home/travis/build/icyphy/ptII/ptolemy/actor/lib/test/MathFunction.tcl
4 ms. Memory: 129024K Free: 70872K (55%)
2 ms. Memory: 129024K Free: 69848K (54%)
1 ms. Memory: 129024K Free: 68824K (53%)
10 ms. Memory: 129024K Free: 67800K (53%)
3 ms. Memory: 129024K Free: 66776K (52%)
6 ms. Memory: 129024K Free: 64728K (50%)
/home/travis/build/icyphy/ptII/ptolemy/actor/lib/test/Maximum.tcl
3 ms. Memory: 129024K Free: 62680K (49%)
2 ms. Memory: 129024K Free: 62152K (48%)
2 ms. Memory: 129024K Free: 61656K (48%)
2 ms. Memory: 129024K Free: 60632K (47%)
/home/travis/build/icyphy/ptII/ptolemy/actor/lib/test/Minimum.tcl
3 ms. Memory: 129024K Free: 59080K (46%)
1 ms. Memory: 129024K Free: 58584K (45%)
2 ms. Memory: 129024K Free: 58056K (45%)
2 ms. Memory: 129024K Free: 57040K (44%)
/home/travis/build/icyphy/ptII/ptolemy/actor/lib/test/MultiplyDivide.tcl
13 ms. Memory: 129024K Free: 112624K (87%)
6 ms. Memory: 129024K Free: 112128K (87%)
2 ms. Memory: 129024K Free: 111608K (87%)
2 ms. Memory: 129024K Free: 110584K (86%)
2 ms. Memory: 129024K Free: 110080K (85%)
/home/travis/build/icyphy/ptII/ptolemy/actor/lib/test/OrderedMerge.tcl
Connections changed on port: inputA
Connections changed on port: inputB
Connections changed on port: output
Connections changed on port: output
Connections changed on port: output
Connections changed on port: input
.top. Preinitializing ...
Invoking preinitialize():  .top.OrderedMerge
Called preinitialize()
Invoking preinitialize():  .top.Ramp
Called preinitialize()
Invoking preinitialize():  .top.Ramp2
Called preinitialize()
Invoking preinitialize():  .top.Test
Called preinitialize()
Connections changed on port: inputA
Connections changed on port: output
Connections changed on port: output
Connections changed on port: input
Connections changed on port: inputB
Connections changed on port: output
.top. Finished preinitialize().
Called initialize().
Invoking initialize():  .top.OrderedMerge
Initializing actor: .top.OrderedMerge
Adding a thread: .top.OrderedMerge
Invoking initialize():  .top.Ramp
Initializing actor: .top.Ramp
Adding a thread: .top.Ramp
Invoking initialize():  .top.Ramp2
Initializing actor: .top.Ramp2
Adding a thread: .top.Ramp2
Invoking initialize():  .top.Test
Initializing actor: .top.Test
Adding a thread: .top.Test
Called fire().
Checking for deadlock:
-- Starting thread.
Called initialize()
Called prefire()
Called fire()
There are 0 Blocked actors, 0 Stopped actors, and 4 active threads.
Waiting for actors to stop.
-- Starting thread.
Called initialize()
-- Starting thread.
Called initialize()
-- Starting thread.
Called prefire()
Called prefire()
Called fire()
Called initialize()
Called fire()
Called prefire()
Called fire()
Checking for deadlock:
There are 1 Blocked actors, 0 Stopped actors, and 4 active threads.
Waiting for actors to stop.
Called postfire()
Called prefire()
Called fire()
Called postfire()
Called prefire()
Called fire()
Read input token from inputA with value 0.0
Next port to read input from is inputB
Called postfire()
Called prefire()
Called fire()
Read input token from inputB with value 0.0
Sent output token with value 0.0
Next port to read input from is inputA
Called postfire()
Called prefire()
Called fire()
Checking for deadlock:
There are 1 Blocked actors, 0 Stopped actors, and 4 active threads.
Waiting for actors to stop.
Called postfire()
Called prefire()
Called fire()
Called postfire()
Called prefire()
Called fire()
Checking for deadlock:
There are 2 Blocked actors, 0 Stopped actors, and 4 active threads.
Waiting for actors to stop.
Called postfire()
Called prefire()
Called fire()
Checking for deadlock:
There are 2 Blocked actors, 0 Stopped actors, and 4 active threads.
Waiting for actors to stop.
-- Read input: 0.0, which is expected to match: 0.0
Read input token from inputA with value 1.0
Sent output token with value 0.0
Called prefire()
Called fire()
Next port to read input from is inputB
Called postfire()
Called prefire()
-- Read input: 0.0, which is expected to match: 0.0
Called prefire()
Called fire()
Checking for deadlock:
There are 3 Blocked actors, 0 Stopped actors, and 4 active threads.
Waiting for actors to stop.
Called fire()
Called postfire()
Called prefire()
Called fire()
Checking for deadlock:
There are 3 Blocked actors, 0 Stopped actors, and 4 active threads.
Waiting for actors to stop.
Read input token from inputB with value 1.5
-- Read input: 1.0, which is expected to match: 1.0
Called prefire()
Called fire()
Checking for deadlock:
There are 3 Blocked actors, 0 Stopped actors, and 4 active threads.
Waiting for actors to stop.
Sent output token with value 1.0
Next port to read input from is inputA
Called postfire()
Called prefire()
Called fire()
Checking for deadlock:
There are 2 Blocked actors, 0 Stopped actors, and 4 active threads.
Waiting for actors to stop.
Called postfire()
Called prefire()
Called fire()
Checking for deadlock:
There are 3 Blocked actors, 0 Stopped actors, and 4 active threads.
Waiting for actors to stop.
Read input token from inputA with value 2.0
Checking for deadlock:
There are 2 Blocked actors, 0 Stopped actors, and 4 active threads.
Waiting for actors to stop.
-- Read input: 1.5, which is expected to match: 1.5
Called prefire()
Called fire()
Checking for deadlock:
There are 3 Blocked actors, 0 Stopped actors, and 4 active threads.
Waiting for actors to stop.
Sent output token with value 1.5
Next port to read input from is inputB
Called postfire()
Called prefire()
Called fire()
Called postfire()
Called prefire()
Called fire()
Checking for deadlock:
There are 3 Blocked actors, 0 Stopped actors, and 4 active threads.
Waiting for actors to stop.
Read input token from inputB with value 3.0
-- Read input: 2.0, which is expected to match: 2.0
Called prefire()
Called fire()
Checking for deadlock:
There are 3 Blocked actors, 0 Stopped actors, and 4 active threads.
Waiting for actors to stop.
Sent output token with value 2.0
Next port to read input from is inputA
Called postfire()
Called prefire()
Called fire()
Checking for deadlock:
There are 2 Blocked actors, 0 Stopped actors, and 4 active threads.
Waiting for actors to stop.
Called postfire()
Called prefire()
Called fire()
Checking for deadlock:
There are 3 Blocked actors, 0 Stopped actors, and 4 active threads.
Waiting for actors to stop.
Read input token from inputA with value 3.0
Checking for deadlock:
There are 2 Blocked actors, 0 Stopped actors, and 4 active threads.
Waiting for actors to stop.
-- Read input: 3.0, which is expected to match: 3.0
Called prefire()
Called fire()
Checking for deadlock:
There are 3 Blocked actors, 0 Stopped actors, and 4 active threads.
Waiting for actors to stop.
Sent output token with value 3.0
Next port to read input from is inputB
Called postfire()
Called prefire()
Called fire()
Called postfire()
Called prefire()
Called fire()
Checking for deadlock:
There are 3 Blocked actors, 0 Stopped actors, and 4 active threads.
Waiting for actors to stop.
Read input token from inputB with value 4.5
-- Read input: 3.0, which is expected to match: 3.0
Called prefire()
Called fire()
Checking for deadlock:
There are 3 Blocked actors, 0 Stopped actors, and 4 active threads.
Waiting for actors to stop.
Sent output token with value 3.0
Next port to read input from is inputA
Called postfire()
Called prefire()
Called fire()
Checking for deadlock:
There are 2 Blocked actors, 0 Stopped actors, and 4 active threads.
Waiting for actors to stop.
Called postfire()
Called prefire()
Called fire()
Checking for deadlock:
There are 3 Blocked actors, 0 Stopped actors, and 4 active threads.
Waiting for actors to stop.
Read input token from inputA with value 4.0
Checking for deadlock:
There are 2 Blocked actors, 0 Stopped actors, and 4 active threads.
Waiting for actors to stop.
-- Read input: 4.0, which is expected to match: 4.0
Called prefire()
Called fire()
Past the end of training data. Read and discard all inputs.
Checking for deadlock:
There are 3 Blocked actors, 0 Stopped actors, and 4 active threads.
Waiting for actors to stop.
Sent output token with value 4.0
Next port to read input from is inputA
Called postfire()
Called prefire()
Called fire()
Checking for deadlock:
There are 2 Blocked actors, 0 Stopped actors, and 4 active threads.
Waiting for actors to stop.
Called postfire()
Called prefire()
Called fire()
Checking for deadlock:
There are 3 Blocked actors, 0 Stopped actors, and 4 active threads.
Waiting for actors to stop.
Read input token from inputA with value 5.0
Checking for deadlock:
There are 2 Blocked actors, 0 Stopped actors, and 4 active threads.
Waiting for actors to stop.
Called prefire()
Called fire()
Past the end of training data. Read and discard all inputs.
Checking for deadlock:
There are 3 Blocked actors, 0 Stopped actors, and 4 active threads.
Waiting for actors to stop.
Sent output token with value 4.5
Next port to read input from is inputB
Called postfire()
Called prefire()
Called fire()
Called postfire()
Called prefire()
Called fire()
Checking for deadlock:
There are 3 Blocked actors, 0 Stopped actors, and 4 active threads.
Waiting for actors to stop.
Read input token from inputB with value 6.0
Called prefire()
Called fire()
Past the end of training data. Read and discard all inputs.
Checking for deadlock:
There are 3 Blocked actors, 0 Stopped actors, and 4 active threads.
Waiting for actors to stop.
Sent output token with value 5.0
Next port to read input from is inputA
Called postfire()
Called prefire()
Called fire()
Checking for deadlock:
There are 2 Blocked actors, 0 Stopped actors, and 4 active threads.
Waiting for actors to stop.
Called postfire()
Called prefire()
Called fire()
Checking for deadlock:
There are 3 Blocked actors, 0 Stopped actors, and 4 active threads.
Waiting for actors to stop.
Read input token from inputA with value 6.0
Checking for deadlock:
There are 2 Blocked actors, 0 Stopped actors, and 4 active threads.
Waiting for actors to stop.
Called prefire()
Called fire()
Past the end of training data. Read and discard all inputs.
Checking for deadlock:
There are 3 Blocked actors, 0 Stopped actors, and 4 active threads.
Waiting for actors to stop.
Sent output token with value 6.0
Next port to read input from is inputB
Called postfire()
Called prefire()
Called fire()
Called postfire()
Called prefire()
Called fire()
Checking for deadlock:
There are 3 Blocked actors, 0 Stopped actors, and 4 active threads.
Waiting for actors to stop.
Read input token from inputB with value 7.5
Called prefire()
Called fire()
Past the end of training data. Read and discard all inputs.
Checking for deadlock:
There are 3 Blocked actors, 0 Stopped actors, and 4 active threads.
Waiting for actors to stop.
Sent output token with value 6.0
Next port to read input from is inputA
Called postfire()
Called prefire()
Called fire()
Checking for deadlock:
There are 2 Blocked actors, 0 Stopped actors, and 4 active threads.
Waiting for actors to stop.
Called postfire()
Called prefire()
Called fire()
Checking for deadlock:
There are 3 Blocked actors, 0 Stopped actors, and 4 active threads.
Waiting for actors to stop.
Read input token from inputA with value 7.0
Checking for deadlock:
There are 2 Blocked actors, 0 Stopped actors, and 4 active threads.
Waiting for actors to stop.
Called prefire()
Called fire()
Past the end of training data. Read and discard all inputs.
Checking for deadlock:
There are 3 Blocked actors, 0 Stopped actors, and 4 active threads.
Waiting for actors to stop.
Sent output token with value 7.0
Next port to read input from is inputA
Called postfire()
Called prefire()
Called fire()
Checking for deadlock:
There are 2 Blocked actors, 0 Stopped actors, and 4 active threads.
Waiting for actors to stop.
-- Thread wrapup() called.
Called wrapup()
Thread .top.Ramp is exiting.
-- Thread stopped.
Checking for deadlock:
There are 2 Blocked actors, 0 Stopped actors, and 3 active threads.
Waiting for actors to stop.
Read input token from inputA with value 8.0
Called prefire()
Called fire()
Past the end of training data. Read and discard all inputs.
Checking for deadlock:
There are 2 Blocked actors, 0 Stopped actors, and 3 active threads.
Waiting for actors to stop.
Sent output token with value 7.5
Next port to read input from is inputB
Called postfire()
Called prefire()
Called fire()
Checking for deadlock:
There are 1 Blocked actors, 0 Stopped actors, and 3 active threads.
Waiting for actors to stop.
Called postfire()
Called prefire()
Called fire()
Checking for deadlock:
There are 2 Blocked actors, 0 Stopped actors, and 3 active threads.
Waiting for actors to stop.
Read input token from inputB with value 9.0
Checking for deadlock:
There are 1 Blocked actors, 0 Stopped actors, and 3 active threads.
Waiting for actors to stop.
Called prefire()
Called fire()
Past the end of training data. Read and discard all inputs.
Checking for deadlock:
There are 2 Blocked actors, 0 Stopped actors, and 3 active threads.
Waiting for actors to stop.
Sent output token with value 8.0
Next port to read input from is inputA
Called postfire()
Called prefire()
Called fire()
Read input token from inputA with value 9.0
Called prefire()
Called fire()
Past the end of training data. Read and discard all inputs.
Checking for deadlock:
There are 2 Blocked actors, 0 Stopped actors, and 3 active threads.
Waiting for actors to stop.
Sent output token with value 9.0
Next port to read input from is inputB
Called postfire()
Called prefire()
Called fire()
Called postfire()
Called prefire()
Called fire()
Checking for deadlock:
There are 2 Blocked actors, 0 Stopped actors, and 3 active threads.
Waiting for actors to stop.
Read input token from inputB with value 10.5
Called prefire()
Called fire()
Past the end of training data. Read and discard all inputs.
Checking for deadlock:
There are 2 Blocked actors, 0 Stopped actors, and 3 active threads.
Waiting for actors to stop.
Sent output token with value 9.0
Next port to read input from is inputA
Called postfire()
Called prefire()
Called fire()
Checking for deadlock:
There are 3 Blocked actors, 0 Stopped actors, and 3 active threads.
Actors have stopped.
Checking for deadlock:
There are 3 Blocked actors, 0 Stopped actors, and 3 active threads.
Deadlock detected.
Resolving Deadlock
Checking for deadlock:
There are 3 Blocked actors, 0 Stopped actors, and 3 active threads.
Artificial Deadlock - increasing queue capacity.
increasing the capacity of receiver ptolemy.actor.TypedIOPort {.top.OrderedMerge.inputB} to 2
Director: Called postfire().
Called postfire().
_stopRequested = false
_stopFireRequested = false
Returning from postfire(): true
-- Thread wrapup() called.
Called wrapup()
Thread .top.Ramp2 is exiting.
-- Thread stopped.
Called fire().
Checking for deadlock:
There are 2 Blocked actors, 0 Stopped actors, and 2 active threads.
Actors have stopped.
Checking for deadlock:
There are 2 Blocked actors, 0 Stopped actors, and 2 active threads.
Deadlock detected.
Resolving Deadlock
Checking for deadlock:
There are 2 Blocked actors, 0 Stopped actors, and 2 active threads.
Deadlock detected: no processes blocked on write, but some are blocked on read.
Called postfire().
_stopRequested = false
_stopFireRequested = false
Returning from postfire(): false
Finished deactivating branches.
Called wrapup().
-- Thread wrapup() called.
Called wrapup()
Thread .top.Test is exiting.
-- Thread stopped.
-- Blocked Receiver call threw TerminateProcessException.
-- Thread wrapup() called.
Called wrapup()
Thread .top.OrderedMerge is exiting.
-- Thread stopped.
-- Blocked Receiver call threw TerminateProcessException.
55 ms. Memory: 129024K Free: 104960K (81%)
.top. Preinitializing ...
Invoking preinitialize():  .top.OrderedMerge
Called preinitialize()
Invoking preinitialize():  .top.Ramp
Called preinitialize()
Invoking preinitialize():  .top.Ramp2
Called preinitialize()
Invoking preinitialize():  .top.Test
Called preinitialize()
.top. Finished preinitialize().
Called initialize().
Invoking initialize():  .top.OrderedMerge
Initializing actor: .top.OrderedMerge
Adding a thread: .top.OrderedMerge
Invoking initialize():  .top.Ramp
Initializing actor: .top.Ramp
Adding a thread: .top.Ramp
Invoking initialize():  .top.Ramp2
Initializing actor: .top.Ramp2
Adding a thread: .top.Ramp2
Invoking initialize():  .top.Test
Initializing actor: .top.Test
Adding a thread: .top.Test
-- Starting thread.
Called initialize()
Called prefire()
Called fire()
-- Starting thread.
Called initialize()
Called prefire()
Called fire()
Called postfire()
Called prefire()
Called fire()
-- Starting thread.
Called initialize()
Called prefire()
Called fire()
Called postfire()
Called prefire()
Called fire()
Called fire().
Checking for deadlock:
There are 3 Blocked actors, 0 Stopped actors, and 4 active threads.
Waiting for actors to stop.
-- Starting thread.
Called initialize()
Called prefire()
Called fire()
Checking for deadlock:
There are 2 Blocked actors, 0 Stopped actors, and 4 active threads.
Waiting for actors to stop.
Called postfire()
Called prefire()
Called fire()
Checking for deadlock:
There are 3 Blocked actors, 0 Stopped actors, and 4 active threads.
Waiting for actors to stop.
Read input token from inputA with value 0.0
Next port to read input from is inputB
Called postfire()
Called prefire()
Called fire()
Called postfire()
Called prefire()
Called fire()
Checking for deadlock:
There are 3 Blocked actors, 0 Stopped actors, and 4 active threads.
Waiting for actors to stop.
Read input token from inputB with value 0.0
Checking for deadlock:
There are 2 Blocked actors, 0 Stopped actors, and 4 active threads.
Waiting for actors to stop.
-- Read input: 0.0, which is expected to match: 0.0
Called prefire()
Called fire()
Checking for deadlock:
There are 3 Blocked actors, 0 Stopped actors, and 4 active threads.
Waiting for actors to stop.
Sent output token with value 0.0
Next port to read input from is inputA
Called postfire()
Called prefire()
Called fire()
Checking for deadlock:
There are 2 Blocked actors, 0 Stopped actors, and 4 active threads.
Waiting for actors to stop.
Called postfire()
Called prefire()
Called fire()
Checking for deadlock:
There are 3 Blocked actors, 0 Stopped actors, and 4 active threads.
Waiting for actors to stop.
Read input token from inputA with value 1.0
Checking for deadlock:
There are 2 Blocked actors, 0 Stopped actors, and 4 active threads.
Waiting for actors to stop.
-- Read input: 0.0, which is expected to match: 0.0
Called prefire()
Called fire()
Checking for deadlock:
There are 3 Blocked actors, 0 Stopped actors, and 4 active threads.
Waiting for actors to stop.
Sent output token with value 0.0
Next port to read input from is inputB
Called postfire()
Called prefire()
Called fire()
Called postfire()
Called prefire()
Called fire()
Checking for deadlock:
There are 3 Blocked actors, 0 Stopped actors, and 4 active threads.
Waiting for actors to stop.
Read input token from inputB with value 1.5
-- Read input: 1.0, which is expected to match: 1.0
Called prefire()
Called fire()
Checking for deadlock:
There are 3 Blocked actors, 0 Stopped actors, and 4 active threads.
Waiting for actors to stop.
Sent output token with value 1.0
Next port to read input from is inputA
Called postfire()
Called prefire()
Called fire()
Called postfire()
Called prefire()
Called fire()
Checking for deadlock:
There are 3 Blocked actors, 0 Stopped actors, and 4 active threads.
Waiting for actors to stop.
Read input token from inputA with value 2.0
-- Read input: 1.5, which is expected to match: 1.5
Called prefire()
Called fire()
Checking for deadlock:
There are 3 Blocked actors, 0 Stopped actors, and 4 active threads.
Waiting for actors to stop.
Sent output token with value 1.5
Next port to read input from is inputB
Called postfire()
Called prefire()
Called fire()
Called postfire()
Called prefire()
Called fire()
Checking for deadlock:
There are 3 Blocked actors, 0 Stopped actors, and 4 active threads.
Waiting for actors to stop.
Read input token from inputB with value 3.0
-- Read input: 2.0, which is expected to match: 2.0
Called prefire()
Called fire()
Checking for deadlock:
There are 3 Blocked actors, 0 Stopped actors, and 4 active threads.
Waiting for actors to stop.
Sent output token with value 2.0
Next port to read input from is inputA
Called postfire()
Called prefire()
Called fire()
Called postfire()
Called prefire()
Called fire()
Checking for deadlock:
There are 3 Blocked actors, 0 Stopped actors, and 4 active threads.
Waiting for actors to stop.
Read input token from inputA with value 3.0
-- Read input: 3.0, which is expected to match: 3.0
Called prefire()
Called fire()
Checking for deadlock:
There are 3 Blocked actors, 0 Stopped actors, and 4 active threads.
Waiting for actors to stop.
Sent output token with value 3.0
Next port to read input from is inputB
Called postfire()
Called prefire()
Called fire()
Called postfire()
Called prefire()
Called fire()
Checking for deadlock:
There are 3 Blocked actors, 0 Stopped actors, and 4 active threads.
Waiting for actors to stop.
Read input token from inputB with value 4.5
-- Read input: 3.0, which is expected to match: 3.0
Called prefire()
Called fire()
Checking for deadlock:
There are 3 Blocked actors, 0 Stopped actors, and 4 active threads.
Waiting for actors to stop.
Sent output token with value 3.0
Next port to read input from is inputA
Called postfire()
Called prefire()
Called fire()
Called postfire()
Called prefire()
Called fire()
Checking for deadlock:
There are 3 Blocked actors, 0 Stopped actors, and 4 active threads.
Waiting for actors to stop.
Read input token from inputA with value 4.0
-- Read input: 4.0, which is expected to match: 4.0
Called prefire()
Called fire()
Past the end of training data. Read and discard all inputs.
Checking for deadlock:
There are 3 Blocked actors, 0 Stopped actors, and 4 active threads.
Waiting for actors to stop.
Sent output token with value 4.0
Next port to read input from is inputA
Called postfire()
Called prefire()
Called fire()
Called postfire()
Called prefire()
Called fire()
Checking for deadlock:
There are 3 Blocked actors, 0 Stopped actors, and 4 active threads.
Waiting for actors to stop.
Read input token from inputA with value 5.0
Called prefire()
Called fire()
Past the end of training data. Read and discard all inputs.
Checking for deadlock:
There are 3 Blocked actors, 0 Stopped actors, and 4 active threads.
Waiting for actors to stop.
Sent output token with value 4.5
Next port to read input from is inputB
Called postfire()
Called prefire()
Called fire()
Called postfire()
Called prefire()
Called fire()
Checking for deadlock:
There are 3 Blocked actors, 0 Stopped actors, and 4 active threads.
Waiting for actors to stop.
Read input token from inputB with value 6.0
Called prefire()
Called fire()
Past the end of training data. Read and discard all inputs.
Checking for deadlock:
There are 3 Blocked actors, 0 Stopped actors, and 4 active threads.
Waiting for actors to stop.
Sent output token with value 5.0
Next port to read input from is inputA
Called postfire()
Called prefire()
Called fire()
Called postfire()
Called prefire()
Called fire()
Checking for deadlock:
There are 3 Blocked actors, 0 Stopped actors, and 4 active threads.
Waiting for actors to stop.
Read input token from inputA with value 6.0
Called prefire()
Called fire()
Past the end of training data. Read and discard all inputs.
Checking for deadlock:
There are 3 Blocked actors, 0 Stopped actors, and 4 active threads.
Waiting for actors to stop.
Sent output token with value 6.0
Next port to read input from is inputB
Called postfire()
Called prefire()
Called fire()
Called postfire()
Called prefire()
Called fire()
Checking for deadlock:
There are 3 Blocked actors, 0 Stopped actors, and 4 active threads.
Waiting for actors to stop.
Read input token from inputB with value 7.5
Called prefire()
Called fire()
Past the end of training data. Read and discard all inputs.
Checking for deadlock:
There are 3 Blocked actors, 0 Stopped actors, and 4 active threads.
Waiting for actors to stop.
Sent output token with value 6.0
Next port to read input from is inputA
Called postfire()
Called prefire()
Called fire()
Called postfire()
Called prefire()
Called fire()
Checking for deadlock:
There are 3 Blocked actors, 0 Stopped actors, and 4 active threads.
Waiting for actors to stop.
Read input token from inputA with value 7.0
Called prefire()
Called fire()
Past the end of training data. Read and discard all inputs.
Checking for deadlock:
There are 3 Blocked actors, 0 Stopped actors, and 4 active threads.
Waiting for actors to stop.
Sent output token with value 7.0
Next port to read input from is inputA
Called postfire()
Called prefire()
Called fire()
-- Thread wrapup() called.
Called wrapup()
Thread .top.Ramp is exiting.
-- Thread stopped.
Checking for deadlock:
There are 2 Blocked actors, 0 Stopped actors, and 3 active threads.
Waiting for actors to stop.
Read input token from inputA with value 8.0
Called prefire()
Called fire()
Past the end of training data. Read and discard all inputs.
Checking for deadlock:
There are 2 Blocked actors, 0 Stopped actors, and 3 active threads.
Waiting for actors to stop.
Sent output token with value 7.5
Next port to read input from is inputB
Called postfire()
Called prefire()
Called fire()
Called postfire()
Called prefire()
Called fire()
Checking for deadlock:
There are 2 Blocked actors, 0 Stopped actors, and 3 active threads.
Waiting for actors to stop.
Read input token from inputB with value 9.0
Called prefire()
Called fire()
Past the end of training data. Read and discard all inputs.
Checking for deadlock:
There are 2 Blocked actors, 0 Stopped actors, and 3 active threads.
Waiting for actors to stop.
Sent output token with value 8.0
Next port to read input from is inputA
Called postfire()
Called prefire()
Called fire()
Read input token from inputA with value 9.0
Called prefire()
Called fire()
Past the end of training data. Read and discard all inputs.
Checking for deadlock:
There are 2 Blocked actors, 0 Stopped actors, and 3 active threads.
Waiting for actors to stop.
Sent output token with value 9.0
Next port to read input from is inputB
Called postfire()
Called prefire()
Called fire()
Checking for deadlock:
There are 1 Blocked actors, 0 Stopped actors, and 3 active threads.
Waiting for actors to stop.
Called postfire()
Called prefire()
Called fire()
Checking for deadlock:
There are 2 Blocked actors, 0 Stopped actors, and 3 active threads.
Waiting for actors to stop.
Read input token from inputB with value 10.5
Checking for deadlock:
There are 1 Blocked actors, 0 Stopped actors, and 3 active threads.
Waiting for actors to stop.
Called prefire()
Called fire()
Past the end of training data. Read and discard all inputs.
Checking for deadlock:
There are 2 Blocked actors, 0 Stopped actors, and 3 active threads.
Waiting for actors to stop.
Sent output token with value 9.0
Next port to read input from is inputA
Called postfire()
Called prefire()
Called fire()
Checking for deadlock:
There are 3 Blocked actors, 0 Stopped actors, and 3 active threads.
Actors have stopped.
Checking for deadlock:
There are 3 Blocked actors, 0 Stopped actors, and 3 active threads.
Deadlock detected.
Resolving Deadlock
Checking for deadlock:
There are 3 Blocked actors, 0 Stopped actors, and 3 active threads.
Artificial Deadlock - increasing queue capacity.
increasing the capacity of receiver ptolemy.actor.TypedIOPort {.top.OrderedMerge.inputB} to 2
Director: Called postfire().
Called postfire().
_stopRequested = false
_stopFireRequested = false
Returning from postfire(): true
Called fire().
Checking for deadlock:
There are 2 Blocked actors, 0 Stopped actors, and 3 active threads.
Waiting for actors to stop.
-- Thread wrapup() called.
Called wrapup()
Thread .top.Ramp2 is exiting.
-- Thread stopped.
Checking for deadlock:
There are 2 Blocked actors, 0 Stopped actors, and 2 active threads.
Actors have stopped.
Checking for deadlock:
There are 2 Blocked actors, 0 Stopped actors, and 2 active threads.
Deadlock detected.
Resolving Deadlock
Checking for deadlock:
There are 2 Blocked actors, 0 Stopped actors, and 2 active threads.
Deadlock detected: no processes blocked on write, but some are blocked on read.
Called postfire().
_stopRequested = false
_stopFireRequested = false
Returning from postfire(): false
Finished deactivating branches.
Called wrapup().
-- Thread wrapup() called.
Called wrapup()
-- Thread wrapup() called.
Called wrapup()
Thread .top.Test is exiting.
-- Thread stopped.
-- Blocked Receiver call threw TerminateProcessException.
Thread .top.OrderedMerge is exiting.
32 ms. Memory: 129024K Free: 102398K (79%)
/home/travis/build/icyphy/ptII/ptolemy/actor/lib/test/Publisher.tcl
-- Thread stopped.
-- Blocked Receiver call threw TerminateProcessException.
11 ms. Memory: 129024K Free: 96254K (75%)
4 ms. Memory: 129024K Free: 91128K (71%)
5 ms. Memory: 129024K Free: 87552K (68%)
7 ms. Memory: 129024K Free: 86528K (67%)
5 ms. Memory: 129024K Free: 85502K (66%)
11 ms. Memory: 129024K Free: 84990K (66%)
3 ms. Memory: 129024K Free: 83960K (65%)
3 ms. Memory: 129024K Free: 82928K (64%)
40 ms. Memory: 129024K Free: 103698K (80%)
3 ms. Memory: 129024K Free: 99602K (77%)
5 ms. Memory: 129024K Free: 99092K (77%)
8 ms. Memory: 129024K Free: 96516K (75%)
6 ms. Memory: 129024K Free: 89362K (69%)
14 ms. Memory: 129024K Free: 80146K (62%)
5 ms. Memory: 129024K Free: 68882K (53%)
/home/travis/build/icyphy/ptII/ptolemy/actor/lib/test/Pulse.tcl
4 ms. Memory: 169984K Free: 134221K (79%)
8 ms. Memory: 169984K Free: 133693K (79%)
2 ms. Memory: 169984K Free: 133197K (78%)
5 ms. Memory: 169984K Free: 132677K (78%)
4 ms. Memory: 169984K Free: 132173K (78%)
5 ms. Memory: 169984K Free: 131149K (77%)
4 ms. Memory: 169984K Free: 130125K (77%)
3 ms. Memory: 169984K Free: 129611K (76%)
3 ms. Memory: 169984K Free: 128587K (76%)
/home/travis/build/icyphy/ptII/ptolemy/actor/lib/test/Ramp.tcl
6 ms. Memory: 169984K Free: 126525K (74%)
3 ms. Memory: 169984K Free: 126029K (74%)
1 ms. Memory: 169984K Free: 125501K (74%)
6 ms. Memory: 169984K Free: 124477K (73%)
4 ms. Memory: 169984K Free: 123981K (73%)
7 ms. Memory: 169984K Free: 122957K (72%)
5 ms. Memory: 169984K Free: 121933K (72%)
5 actors
5000 microseconds per iteration to create
10 ms. Memory: 169984K Free: 119341K (70%)
2 ms. Memory: 169984K Free: 118347K (70%)
3 ms. Memory: 169984K Free: 117837K (69%)
3 ms. Memory: 169984K Free: 117309K (69%)
50 actors
50000 microseconds per iteration to create
35 ms. Memory: 169984K Free: 101963K (60%)
3 ms. Memory: 169984K Free: 100939K (59%)
13 ms. Memory: 169984K Free: 99915K (59%)
4 ms. Memory: 169984K Free: 98891K (58%)
500 actors
1361000 microseconds per iteration to create
200 ms. Memory: 169984K Free: 105926K (62%)
26 ms. Memory: 169984K Free: 100806K (59%)
27 ms. Memory: 169984K Free: 95686K (56%)
25 ms. Memory: 169984K Free: 90566K (53%)
/home/travis/build/icyphy/ptII/ptolemy/actor/lib/test/RampContinuous.tcl
6 ms. Memory: 169984K Free: 89014K (52%)
/home/travis/build/icyphy/ptII/ptolemy/actor/lib/test/RecordAssembler.tcl
5 ms. Memory: 169984K Free: 87494K (51%)
3 ms. Memory: 169984K Free: 86470K (51%)
/home/travis/build/icyphy/ptII/ptolemy/actor/lib/test/RecordDisassembler.tcl
6 ms. Memory: 169984K Free: 84918K (50%)
4 ms. Memory: 169984K Free: 83878K (49%)
7 ms. Memory: 169984K Free: 82854K (49%)
/home/travis/build/icyphy/ptII/ptolemy/actor/lib/test/Scale.tcl
2 ms. Memory: 169984K Free: 80806K (48%)
1 ms. Memory: 169984K Free: 80326K (47%)
1 ms. Memory: 169984K Free: 79302K (47%)
1 ms. Memory: 169984K Free: 78788K (46%)
4 ms. Memory: 169984K Free: 77750K (46%)
/home/travis/build/icyphy/ptII/ptolemy/actor/lib/test/SequentialClock.tcl
preinitializing
resolving types
initializing
executing number 1
wrapping up
idle
2 ms. Memory: 169984K Free: 76726K (45%)
Completed execution with 5 iterations
preinitializing
resolving types
initializing
executing number 1
wrapping up
idle
1 ms. Memory: 169984K Free: 75716K (45%)
Completed execution with 5 iterations
preinitializing
resolving types
initializing
executing number 1
wrapping up
idle
2 ms. Memory: 169984K Free: 75716K (45%)
Completed execution with 5 iterations
/home/travis/build/icyphy/ptII/ptolemy/actor/lib/test/SetVariable.tcl
3 ms. Memory: 169984K Free: 73654K (43%)
/home/travis/build/icyphy/ptII/ptolemy/actor/lib/test/Sinewave.tcl
/home/travis/build/icyphy/ptII/ptolemy/actor/lib/test/SubscriptionAggregator.tcl
4 ms. Memory: 169984K Free: 62404K (37%)
2 ms. Memory: 169984K Free: 61894K (36%)
1 ms. Memory: 169984K Free: 61380K (36%)
1 ms. Memory: 169984K Free: 60870K (36%)
16 ms. Memory: 169984K Free: 146115K (86%)
8 ms. Memory: 169984K Free: 144082K (85%)
...............................................................869 ms. Memory: 212992K Free: 89816K (42%)
/home/travis/build/icyphy/ptII/ptolemy/actor/lib/test/Test.tcl
 The next command will produce a warning about training mode,
   which may be ignored.
4 ms. Memory: 212992K Free: 87770K (41%)
2 ms. Memory: 212992K Free: 87225K (41%)
2 ms. Memory: 212992K Free: 86746K (41%)
1 ms. Memory: 212992K Free: 85722K (40%)
1 ms. Memory: 212992K Free: 85208K (40%)
2 ms. Memory: 212992K Free: 84153K (40%)
3 ms. Memory: 212992K Free: 82650K (39%)
 The next command will produce a warning about training mode,
   which may be ignored.
3 ms. Memory: 212992K Free: 80602K (38%)
 The next command will produce a warning about training mode,
   which may be ignored.
2 ms. Memory: 212992K Free: 79064K (37%)
1 ms. Memory: 212992K Free: 78554K (37%)
1 ms. Memory: 212992K Free: 78554K (37%)
1 ms. Memory: 212992K Free: 77530K (36%)
5 ms. Memory: 212992K Free: 77016K (36%)
2 ms. Memory: 212992K Free: 72920K (34%)
/home/travis/build/icyphy/ptII/ptolemy/actor/lib/test/TestExceptionHandler.tcl
 The next command will produce a warning about training mode,
   which may be ignored.
2 ms. Memory: 212992K Free: 71889K (34%)
0 ms. Memory: 212992K Free: 71386K (34%)
0 ms. Memory: 212992K Free: 70857K (33%)
/home/travis/build/icyphy/ptII/ptolemy/actor/lib/test/UnionDisassembler.tcl
13 ms. Memory: 212992K Free: 63194K (30%)
/home/travis/build/icyphy/ptII/ptolemy/actor/lib/test/VariableClock.tcl
preinitializing
resolving types
initializing
executing number 1
wrapping up
idle
3 ms. Memory: 212992K Free: 61656K (29%)
Completed execution with 11 iterations
preinitializing
resolving types
initializing
executing number 1
wrapping up
idle
2 ms. Memory: 212992K Free: 60122K (28%)
Completed execution with 10 iterations
05/11/22 07:56:23
Failed: 0  Total Tests: 233  ((Passed: 233, Newly Passed: 0)  Known Failed: 0) /home/travis/build/icyphy/ptII/ptolemy/actor/lib/test
----------------- testing (KnownFailure) /home/travis/build/icyphy/ptII/ptolemy/actor/lib/test/auto/knownFailedTests/PublisherPortToplevelSubscriber.xml
2 ms. Memory: 330752K Free: 282379K (85%)
Known Failure: java.lang.reflect.InvocationTargetException
----------------- testing (KnownFailure) /home/travis/build/icyphy/ptII/ptolemy/actor/lib/test/auto/knownFailedTests/PublisherSubscriberPortToplevel.xml
1 ms. Memory: 330752K Free: 278283K (84%)
Known Failure: java.lang.reflect.InvocationTargetException
----------------- testing (KnownFailure) /home/travis/build/icyphy/ptII/ptolemy/actor/lib/test/auto/knownFailedTests/PublisherSubscriptionAggregatorPort.xml
0 ms. Memory: 330752K Free: 274697K (83%)
Known Failure: java.lang.reflect.InvocationTargetException
----------------- testing (KnownFailure) /home/travis/build/icyphy/ptII/ptolemy/actor/lib/test/auto/knownFailedTests/sizedarray3.xml
4 ms. Memory: 330752K Free: 270091K (82%)
Known Failure: java.lang.reflect.InvocationTargetException
No auto/linux-amd64/*.xml tests in /home/travis/build/icyphy/ptII/ptolemy/actor/lib/test
AutoTests.java: About to close Vertx.
AutoTests.java: Vertx closed.

===========================================================================================
----------------- testing Wed May 11 19:56:23 UTC 2022 /home/travis/build/icyphy/ptII/ptolemy/actor/lib/test/auto/AbsoluteValue.xml
----------------- Instantiating /home/travis/build/icyphy/ptII/ptolemy/actor/lib/test/auto/AbsoluteValue.xml
8 ms. Memory: 330752K Free: 247049K (75%)
----------------- Invoking toplevel() on ptolemy.moml.MoMLSimpleApplication@53f6e0a
----------------- Done invoking toplevel() on ptolemy.moml.MoMLSimpleApplication@53f6e0a
reloadAllAccessors: .AbsoluteValue

===========================================================================================
----------------- testing Wed May 11 19:56:23 UTC 2022 /home/travis/build/icyphy/ptII/ptolemy/actor/lib/test/auto/AbsoluteValue2.xml
----------------- Instantiating /home/travis/build/icyphy/ptII/ptolemy/actor/lib/test/auto/AbsoluteValue2.xml
4 ms. Memory: 330752K Free: 240395K (73%)
----------------- Invoking toplevel() on ptolemy.moml.MoMLSimpleApplication@2b89a56a
----------------- Done invoking toplevel() on ptolemy.moml.MoMLSimpleApplication@2b89a56a
reloadAllAccessors: .AbsoluteValue2

===========================================================================================
----------------- testing Wed May 11 19:56:23 UTC 2022 /home/travis/build/icyphy/ptII/ptolemy/actor/lib/test/auto/Accumulator.xml
----------------- Instantiating /home/travis/build/icyphy/ptII/ptolemy/actor/lib/test/auto/Accumulator.xml
5 ms. Memory: 330752K Free: 234251K (71%)
----------------- Invoking toplevel() on ptolemy.moml.MoMLSimpleApplication@448f838b
----------------- Done invoking toplevel() on ptolemy.moml.MoMLSimpleApplication@448f838b
reloadAllAccessors: .Accumulator

===========================================================================================
----------------- testing Wed May 11 19:56:24 UTC 2022 /home/travis/build/icyphy/ptII/ptolemy/actor/lib/test/auto/Accumulator2.xml
----------------- Instantiating /home/travis/build/icyphy/ptII/ptolemy/actor/lib/test/auto/Accumulator2.xml
3 ms. Memory: 330752K Free: 228617K (69%)
----------------- Invoking toplevel() on ptolemy.moml.MoMLSimpleApplication@10b549f9
----------------- Done invoking toplevel() on ptolemy.moml.MoMLSimpleApplication@10b549f9
reloadAllAccessors: .Accumulator2

===========================================================================================
----------------- testing Wed May 11 19:56:24 UTC 2022 /home/travis/build/icyphy/ptII/ptolemy/actor/lib/test/auto/Accumulator3.xml
----------------- Instantiating /home/travis/build/icyphy/ptII/ptolemy/actor/lib/test/auto/Accumulator3.xml
2 ms. Memory: 330752K Free: 224521K (68%)
----------------- Invoking toplevel() on ptolemy.moml.MoMLSimpleApplication@53d7bc6b
----------------- Done invoking toplevel() on ptolemy.moml.MoMLSimpleApplication@53d7bc6b
reloadAllAccessors: .Accumulator3

===========================================================================================
----------------- testing Wed May 11 19:56:24 UTC 2022 /home/travis/build/icyphy/ptII/ptolemy/actor/lib/test/auto/ArrayAppend.xml
----------------- Instantiating /home/travis/build/icyphy/ptII/ptolemy/actor/lib/test/auto/ArrayAppend.xml
7 ms. Memory: 330752K Free: 218362K (66%)
----------------- Invoking toplevel() on ptolemy.moml.MoMLSimpleApplication@3664d
----------------- Done invoking toplevel() on ptolemy.moml.MoMLSimpleApplication@3664d
reloadAllAccessors: .ArrayAppend

===========================================================================================
----------------- testing Wed May 11 19:56:24 UTC 2022 /home/travis/build/icyphy/ptII/ptolemy/actor/lib/test/auto/ArrayAppend2.xml
----------------- Instantiating /home/travis/build/icyphy/ptII/ptolemy/actor/lib/test/auto/ArrayAppend2.xml
332 ms. Memory: 330752K Free: 146697K (44%)
----------------- Invoking toplevel() on ptolemy.moml.MoMLSimpleApplication@5eaf0577
----------------- Done invoking toplevel() on ptolemy.moml.MoMLSimpleApplication@5eaf0577
reloadAllAccessors: .ArrayAppend2

===========================================================================================
----------------- testing Wed May 11 19:56:24 UTC 2022 /home/travis/build/icyphy/ptII/ptolemy/actor/lib/test/auto/ArrayAppend3.xml
----------------- Instantiating /home/travis/build/icyphy/ptII/ptolemy/actor/lib/test/auto/ArrayAppend3.xml
3 ms. Memory: 330752K Free: 141577K (43%)
----------------- Invoking toplevel() on ptolemy.moml.MoMLSimpleApplication@688e7c73
----------------- Done invoking toplevel() on ptolemy.moml.MoMLSimpleApplication@688e7c73
reloadAllAccessors: .ArrayAppend3

===========================================================================================
----------------- testing Wed May 11 19:56:24 UTC 2022 /home/travis/build/icyphy/ptII/ptolemy/actor/lib/test/auto/ArrayAppend4.xml
----------------- Instantiating /home/travis/build/icyphy/ptII/ptolemy/actor/lib/test/auto/ArrayAppend4.xml
1 ms. Memory: 330752K Free: 136457K (41%)
----------------- Invoking toplevel() on ptolemy.moml.MoMLSimpleApplication@78f04aa4
----------------- Done invoking toplevel() on ptolemy.moml.MoMLSimpleApplication@78f04aa4
reloadAllAccessors: .ArrayAppend4

===========================================================================================
----------------- testing Wed May 11 19:56:24 UTC 2022 /home/travis/build/icyphy/ptII/ptolemy/actor/lib/test/auto/ArrayAppend5.xml
----------------- Instantiating /home/travis/build/icyphy/ptII/ptolemy/actor/lib/test/auto/ArrayAppend5.xml
2 ms. Memory: 330752K Free: 131851K (40%)
----------------- Invoking toplevel() on ptolemy.moml.MoMLSimpleApplication@3b88512d
----------------- Done invoking toplevel() on ptolemy.moml.MoMLSimpleApplication@3b88512d
reloadAllAccessors: .ArrayAppend5

===========================================================================================
----------------- testing Wed May 11 19:56:24 UTC 2022 /home/travis/build/icyphy/ptII/ptolemy/actor/lib/test/auto/ArrayAppend6.xml
----------------- Instantiating /home/travis/build/icyphy/ptII/ptolemy/actor/lib/test/auto/ArrayAppend6.xml
3 ms. Memory: 330752K Free: 126731K (38%)
----------------- Invoking toplevel() on ptolemy.moml.MoMLSimpleApplication@1a2f57ee
----------------- Done invoking toplevel() on ptolemy.moml.MoMLSimpleApplication@1a2f57ee
reloadAllAccessors: .ArrayAppend6

===========================================================================================
----------------- testing Wed May 11 19:56:24 UTC 2022 /home/travis/build/icyphy/ptII/ptolemy/actor/lib/test/auto/ArrayAppendPerformanceTest.xml
----------------- Instantiating /home/travis/build/icyphy/ptII/ptolemy/actor/lib/test/auto/ArrayAppendPerformanceTest.xml
25 ms. Memory: 330752K Free: 116491K (35%)
----------------- Invoking toplevel() on ptolemy.moml.MoMLSimpleApplication@58dad4a1
----------------- Done invoking toplevel() on ptolemy.moml.MoMLSimpleApplication@58dad4a1
reloadAllAccessors: .ArrayAppendPerformanceTest

===========================================================================================
----------------- testing Wed May 11 19:56:24 UTC 2022 /home/travis/build/icyphy/ptII/ptolemy/actor/lib/test/auto/ArrayAppendWithEmptyInput.xml
----------------- Instantiating /home/travis/build/icyphy/ptII/ptolemy/actor/lib/test/auto/ArrayAppendWithEmptyInput.xml
7 ms. Memory: 330752K Free: 108299K (33%)
----------------- Invoking toplevel() on ptolemy.moml.MoMLSimpleApplication@270f0925
----------------- Done invoking toplevel() on ptolemy.moml.MoMLSimpleApplication@270f0925
reloadAllAccessors: .ArrayAppendWithEmptyInput

===========================================================================================
----------------- testing Wed May 11 19:56:24 UTC 2022 /home/travis/build/icyphy/ptII/ptolemy/actor/lib/test/auto/ArrayAverage.xml
----------------- Instantiating /home/travis/build/icyphy/ptII/ptolemy/actor/lib/test/auto/ArrayAverage.xml
12 ms. Memory: 330752K Free: 275966K (83%)
----------------- Invoking toplevel() on ptolemy.moml.MoMLSimpleApplication@61494e64
----------------- Done invoking toplevel() on ptolemy.moml.MoMLSimpleApplication@61494e64
reloadAllAccessors: .ArrayAverage

===========================================================================================
----------------- testing Wed May 11 19:56:24 UTC 2022 /home/travis/build/icyphy/ptII/ptolemy/actor/lib/test/auto/ArrayContains.xml
----------------- Instantiating /home/travis/build/icyphy/ptII/ptolemy/actor/lib/test/auto/ArrayContains.xml
11 ms. Memory: 330752K Free: 269822K (82%)
----------------- Invoking toplevel() on ptolemy.moml.MoMLSimpleApplication@2aafdd15
----------------- Done invoking toplevel() on ptolemy.moml.MoMLSimpleApplication@2aafdd15
reloadAllAccessors: .ArrayContains

===========================================================================================
----------------- testing Wed May 11 19:56:24 UTC 2022 /home/travis/build/icyphy/ptII/ptolemy/actor/lib/test/auto/ArrayElement.xml
----------------- Instantiating /home/travis/build/icyphy/ptII/ptolemy/actor/lib/test/auto/ArrayElement.xml
6 ms. Memory: 330752K Free: 264192K (80%)
----------------- Invoking toplevel() on ptolemy.moml.MoMLSimpleApplication@38862d56
----------------- Done invoking toplevel() on ptolemy.moml.MoMLSimpleApplication@38862d56
reloadAllAccessors: .ArrayElement

===========================================================================================
----------------- testing Wed May 11 19:56:24 UTC 2022 /home/travis/build/icyphy/ptII/ptolemy/actor/lib/test/auto/ArrayElementAsMatrix.xml
----------------- Instantiating /home/travis/build/icyphy/ptII/ptolemy/actor/lib/test/auto/ArrayElementAsMatrix.xml
9 ms. Memory: 330752K Free: 253952K (77%)
----------------- Invoking toplevel() on ptolemy.moml.MoMLSimpleApplication@3fdbf01d
----------------- Done invoking toplevel() on ptolemy.moml.MoMLSimpleApplication@3fdbf01d
reloadAllAccessors: .ArrayElementAsMatrix

===========================================================================================
----------------- testing Wed May 11 19:56:24 UTC 2022 /home/travis/build/icyphy/ptII/ptolemy/actor/lib/test/auto/ArrayElementI.xml
----------------- Instantiating /home/travis/build/icyphy/ptII/ptolemy/actor/lib/test/auto/ArrayElementI.xml
3 ms. Memory: 330752K Free: 248832K (75%)
----------------- Invoking toplevel() on ptolemy.moml.MoMLSimpleApplication@55d2f2ed
----------------- Done invoking toplevel() on ptolemy.moml.MoMLSimpleApplication@55d2f2ed
reloadAllAccessors: .ArrayElementI

===========================================================================================
----------------- testing Wed May 11 19:56:24 UTC 2022 /home/travis/build/icyphy/ptII/ptolemy/actor/lib/test/auto/ArrayExtract.xml
----------------- Instantiating /home/travis/build/icyphy/ptII/ptolemy/actor/lib/test/auto/ArrayExtract.xml
3 ms. Memory: 330752K Free: 240640K (73%)
----------------- Invoking toplevel() on ptolemy.moml.MoMLSimpleApplication@7f4d7c96
----------------- Done invoking toplevel() on ptolemy.moml.MoMLSimpleApplication@7f4d7c96
reloadAllAccessors: .ArrayExtract

===========================================================================================
----------------- testing Wed May 11 19:56:24 UTC 2022 /home/travis/build/icyphy/ptII/ptolemy/actor/lib/test/auto/ArrayExtract2.xml
----------------- Instantiating /home/travis/build/icyphy/ptII/ptolemy/actor/lib/test/auto/ArrayExtract2.xml
2 ms. Memory: 330752K Free: 235520K (71%)
----------------- Invoking toplevel() on ptolemy.moml.MoMLSimpleApplication@1c3ec87
----------------- Done invoking toplevel() on ptolemy.moml.MoMLSimpleApplication@1c3ec87
reloadAllAccessors: .ArrayExtract2

===========================================================================================
----------------- testing Wed May 11 19:56:24 UTC 2022 /home/travis/build/icyphy/ptII/ptolemy/actor/lib/test/auto/ArrayLength.xml
----------------- Instantiating /home/travis/build/icyphy/ptII/ptolemy/actor/lib/test/auto/ArrayLength.xml
2 ms. Memory: 330752K Free: 231424K (70%)
----------------- Invoking toplevel() on ptolemy.moml.MoMLSimpleApplication@66de7940
----------------- Done invoking toplevel() on ptolemy.moml.MoMLSimpleApplication@66de7940
reloadAllAccessors: .ArrayLength

===========================================================================================
----------------- testing Wed May 11 19:56:24 UTC 2022 /home/travis/build/icyphy/ptII/ptolemy/actor/lib/test/auto/ArrayLevelCrossing.xml
----------------- Instantiating /home/travis/build/icyphy/ptII/ptolemy/actor/lib/test/auto/ArrayLevelCrossing.xml
3 ms. Memory: 330752K Free: 223742K (68%)
----------------- Invoking toplevel() on ptolemy.moml.MoMLSimpleApplication@2e79b995
----------------- Done invoking toplevel() on ptolemy.moml.MoMLSimpleApplication@2e79b995
reloadAllAccessors: .ArrayLevelCrossing

===========================================================================================
----------------- testing Wed May 11 19:56:25 UTC 2022 /home/travis/build/icyphy/ptII/ptolemy/actor/lib/test/auto/ArrayLevelCrossing2.xml
----------------- Instantiating /home/travis/build/icyphy/ptII/ptolemy/actor/lib/test/auto/ArrayLevelCrossing2.xml
2 ms. Memory: 330752K Free: 216559K (65%)
----------------- Invoking toplevel() on ptolemy.moml.MoMLSimpleApplication@72f5f1a8
----------------- Done invoking toplevel() on ptolemy.moml.MoMLSimpleApplication@72f5f1a8
reloadAllAccessors: .ArrayLevelCrossing2

===========================================================================================
----------------- testing Wed May 11 19:56:25 UTC 2022 /home/travis/build/icyphy/ptII/ptolemy/actor/lib/test/auto/ArrayPeakSearch.xml
----------------- Instantiating /home/travis/build/icyphy/ptII/ptolemy/actor/lib/test/auto/ArrayPeakSearch.xml
6 ms. Memory: 330752K Free: 207872K (63%)
----------------- Invoking toplevel() on ptolemy.moml.MoMLSimpleApplication@7ae7e89d
----------------- Done invoking toplevel() on ptolemy.moml.MoMLSimpleApplication@7ae7e89d
reloadAllAccessors: .ArrayPeakSearch

===========================================================================================
----------------- testing Wed May 11 19:56:25 UTC 2022 /home/travis/build/icyphy/ptII/ptolemy/actor/lib/test/auto/ArrayPeakSearch2.xml
----------------- Instantiating /home/travis/build/icyphy/ptII/ptolemy/actor/lib/test/auto/ArrayPeakSearch2.xml
5 ms. Memory: 330752K Free: 197087K (60%)
----------------- Invoking toplevel() on ptolemy.moml.MoMLSimpleApplication@1350f095
----------------- Done invoking toplevel() on ptolemy.moml.MoMLSimpleApplication@1350f095
reloadAllAccessors: .ArrayPeakSearch2

===========================================================================================
----------------- testing Wed May 11 19:56:25 UTC 2022 /home/travis/build/icyphy/ptII/ptolemy/actor/lib/test/auto/ArrayPeakSearch3.xml
----------------- Instantiating /home/travis/build/icyphy/ptII/ptolemy/actor/lib/test/auto/ArrayPeakSearch3.xml
3 ms. Memory: 330752K Free: 188416K (57%)
----------------- Invoking toplevel() on ptolemy.moml.MoMLSimpleApplication@5673941f
----------------- Done invoking toplevel() on ptolemy.moml.MoMLSimpleApplication@5673941f
reloadAllAccessors: .ArrayPeakSearch3

===========================================================================================
----------------- testing Wed May 11 19:56:25 UTC 2022 /home/travis/build/icyphy/ptII/ptolemy/actor/lib/test/auto/ArrayRemoveElement.xml
----------------- Instantiating /home/travis/build/icyphy/ptII/ptolemy/actor/lib/test/auto/ArrayRemoveElement.xml
3 ms. Memory: 330752K Free: 180224K (54%)
----------------- Invoking toplevel() on ptolemy.moml.MoMLSimpleApplication@28aaa02c
----------------- Done invoking toplevel() on ptolemy.moml.MoMLSimpleApplication@28aaa02c
reloadAllAccessors: .ArrayRemoveElement

===========================================================================================
----------------- testing Wed May 11 19:56:25 UTC 2022 /home/travis/build/icyphy/ptII/ptolemy/actor/lib/test/auto/ArraySort.xml
----------------- Instantiating /home/travis/build/icyphy/ptII/ptolemy/actor/lib/test/auto/ArraySort.xml
5 ms. Memory: 330752K Free: 171518K (52%)
----------------- Invoking toplevel() on ptolemy.moml.MoMLSimpleApplication@54399572
----------------- Done invoking toplevel() on ptolemy.moml.MoMLSimpleApplication@54399572
reloadAllAccessors: .ArraySort

===========================================================================================
----------------- testing Wed May 11 19:56:25 UTC 2022 /home/travis/build/icyphy/ptII/ptolemy/actor/lib/test/auto/ArraySum.xml
----------------- Instantiating /home/travis/build/icyphy/ptII/ptolemy/actor/lib/test/auto/ArraySum.xml
5 ms. Memory: 330752K Free: 165888K (50%)
----------------- Invoking toplevel() on ptolemy.moml.MoMLSimpleApplication@2bda2d7c
----------------- Done invoking toplevel() on ptolemy.moml.MoMLSimpleApplication@2bda2d7c
reloadAllAccessors: .ArraySum

===========================================================================================
----------------- testing Wed May 11 19:56:25 UTC 2022 /home/travis/build/icyphy/ptII/ptolemy/actor/lib/test/auto/ArrayToElements.xml
----------------- Instantiating /home/travis/build/icyphy/ptII/ptolemy/actor/lib/test/auto/ArrayToElements.xml
7 ms. Memory: 330752K Free: 160768K (49%)
----------------- Invoking toplevel() on ptolemy.moml.MoMLSimpleApplication@779f5376
----------------- Done invoking toplevel() on ptolemy.moml.MoMLSimpleApplication@779f5376
reloadAllAccessors: .ArrayToElements

===========================================================================================
----------------- testing Wed May 11 19:56:25 UTC 2022 /home/travis/build/icyphy/ptII/ptolemy/actor/lib/test/auto/ArrayToMatrix.xml
----------------- Instantiating /home/travis/build/icyphy/ptII/ptolemy/actor/lib/test/auto/ArrayToMatrix.xml
8 ms. Memory: 330752K Free: 146942K (44%)
----------------- Invoking toplevel() on ptolemy.moml.MoMLSimpleApplication@edd591
----------------- Done invoking toplevel() on ptolemy.moml.MoMLSimpleApplication@edd591
reloadAllAccessors: .ArrayToMatrix

===========================================================================================
----------------- testing Wed May 11 19:56:25 UTC 2022 /home/travis/build/icyphy/ptII/ptolemy/actor/lib/test/auto/ArrayUpdate1.xml
----------------- Instantiating /home/travis/build/icyphy/ptII/ptolemy/actor/lib/test/auto/ArrayUpdate1.xml
7 ms. Memory: 330752K Free: 141822K (43%)
----------------- Invoking toplevel() on ptolemy.moml.MoMLSimpleApplication@60c3065
----------------- Done invoking toplevel() on ptolemy.moml.MoMLSimpleApplication@60c3065
reloadAllAccessors: .ArrayUpdate1

===========================================================================================
----------------- testing Wed May 11 19:56:25 UTC 2022 /home/travis/build/icyphy/ptII/ptolemy/actor/lib/test/auto/ArrayUpdate2.xml
----------------- Instantiating /home/travis/build/icyphy/ptII/ptolemy/actor/lib/test/auto/ArrayUpdate2.xml
6 ms. Memory: 330752K Free: 135678K (41%)
----------------- Invoking toplevel() on ptolemy.moml.MoMLSimpleApplication@1cf825b8
----------------- Done invoking toplevel() on ptolemy.moml.MoMLSimpleApplication@1cf825b8
reloadAllAccessors: .ArrayUpdate2

===========================================================================================
----------------- testing Wed May 11 19:56:25 UTC 2022 /home/travis/build/icyphy/ptII/ptolemy/actor/lib/test/auto/ArrayUpdate3.xml
----------------- Instantiating /home/travis/build/icyphy/ptII/ptolemy/actor/lib/test/auto/ArrayUpdate3.xml
2 ms. Memory: 330752K Free: 130558K (39%)
----------------- Invoking toplevel() on ptolemy.moml.MoMLSimpleApplication@3bfc26ca
----------------- Done invoking toplevel() on ptolemy.moml.MoMLSimpleApplication@3bfc26ca
reloadAllAccessors: .ArrayUpdate3

===========================================================================================
----------------- testing Wed May 11 19:56:25 UTC 2022 /home/travis/build/icyphy/ptII/ptolemy/actor/lib/test/auto/Assert1.xml
----------------- Instantiating /home/travis/build/icyphy/ptII/ptolemy/actor/lib/test/auto/Assert1.xml
3 ms. Memory: 330752K Free: 126462K (38%)
----------------- Invoking toplevel() on ptolemy.moml.MoMLSimpleApplication@4fea3ae7
----------------- Done invoking toplevel() on ptolemy.moml.MoMLSimpleApplication@4fea3ae7
reloadAllAccessors: .Assert1

===========================================================================================
----------------- testing Wed May 11 19:56:25 UTC 2022 /home/travis/build/icyphy/ptII/ptolemy/actor/lib/test/auto/Assert2.xml
----------------- Instantiating /home/travis/build/icyphy/ptII/ptolemy/actor/lib/test/auto/Assert2.xml
1 ms. Memory: 330752K Free: 121337K (37%)
----------------- Invoking toplevel() on ptolemy.moml.MoMLSimpleApplication@21f0e033
----------------- Done invoking toplevel() on ptolemy.moml.MoMLSimpleApplication@21f0e033
reloadAllAccessors: .Assert2

===========================================================================================
----------------- testing Wed May 11 19:56:25 UTC 2022 /home/travis/build/icyphy/ptII/ptolemy/actor/lib/test/auto/BooleanMultiplexor.xml
----------------- Instantiating /home/travis/build/icyphy/ptII/ptolemy/actor/lib/test/auto/BooleanMultiplexor.xml
2 ms. Memory: 330752K Free: 116207K (35%)
----------------- Invoking toplevel() on ptolemy.moml.MoMLSimpleApplication@3bf8f625
----------------- Done invoking toplevel() on ptolemy.moml.MoMLSimpleApplication@3bf8f625
reloadAllAccessors: .BooleanMultiplexor

===========================================================================================
----------------- testing Wed May 11 19:56:25 UTC 2022 /home/travis/build/icyphy/ptII/ptolemy/actor/lib/test/auto/BooleanMultiplexor2.xml
----------------- Instantiating /home/travis/build/icyphy/ptII/ptolemy/actor/lib/test/auto/BooleanMultiplexor2.xml
12 ms. Memory: 330752K Free: 109568K (33%)
----------------- Invoking toplevel() on ptolemy.moml.MoMLSimpleApplication@420ab629
----------------- Done invoking toplevel() on ptolemy.moml.MoMLSimpleApplication@420ab629
reloadAllAccessors: .BooleanMultiplexor2

===========================================================================================
----------------- testing Wed May 11 19:56:25 UTC 2022 /home/travis/build/icyphy/ptII/ptolemy/actor/lib/test/auto/BooleanMultiplexor3.xml
----------------- Instantiating /home/travis/build/icyphy/ptII/ptolemy/actor/lib/test/auto/BooleanMultiplexor3.xml
6 ms. Memory: 330752K Free: 105472K (32%)
----------------- Invoking toplevel() on ptolemy.moml.MoMLSimpleApplication@1e212571
----------------- Done invoking toplevel() on ptolemy.moml.MoMLSimpleApplication@1e212571
reloadAllAccessors: .BooleanMultiplexor3

===========================================================================================
----------------- testing Wed May 11 19:56:25 UTC 2022 /home/travis/build/icyphy/ptII/ptolemy/actor/lib/test/auto/BooleanSelect.xml
----------------- Instantiating /home/travis/build/icyphy/ptII/ptolemy/actor/lib/test/auto/BooleanSelect.xml
6 ms. Memory: 330752K Free: 99823K (30%)
----------------- Invoking toplevel() on ptolemy.moml.MoMLSimpleApplication@4d31b450
----------------- Done invoking toplevel() on ptolemy.moml.MoMLSimpleApplication@4d31b450
reloadAllAccessors: .BooleanSelect

===========================================================================================
----------------- testing Wed May 11 19:56:25 UTC 2022 /home/travis/build/icyphy/ptII/ptolemy/actor/lib/test/auto/BooleanSelect2.xml
----------------- Instantiating /home/travis/build/icyphy/ptII/ptolemy/actor/lib/test/auto/BooleanSelect2.xml
1 ms. Memory: 330752K Free: 95232K (29%)
----------------- Invoking toplevel() on ptolemy.moml.MoMLSimpleApplication@18509f51
----------------- Done invoking toplevel() on ptolemy.moml.MoMLSimpleApplication@18509f51
reloadAllAccessors: .BooleanSelect2

===========================================================================================
----------------- testing Wed May 11 19:56:25 UTC 2022 /home/travis/build/icyphy/ptII/ptolemy/actor/lib/test/auto/BooleanSwitch.xml
----------------- Instantiating /home/travis/build/icyphy/ptII/ptolemy/actor/lib/test/auto/BooleanSwitch.xml
4 ms. Memory: 330752K Free: 89598K (27%)
----------------- Invoking toplevel() on ptolemy.moml.MoMLSimpleApplication@17481e19
----------------- Done invoking toplevel() on ptolemy.moml.MoMLSimpleApplication@17481e19
reloadAllAccessors: .BooleanSwitch

===========================================================================================
----------------- testing Wed May 11 19:56:25 UTC 2022 /home/travis/build/icyphy/ptII/ptolemy/actor/lib/test/auto/BooleanSwitch2.xml
----------------- Instantiating /home/travis/build/icyphy/ptII/ptolemy/actor/lib/test/auto/BooleanSwitch2.xml
1 ms. Memory: 330752K Free: 280639K (85%)
----------------- Invoking toplevel() on ptolemy.moml.MoMLSimpleApplication@d316bd5
----------------- Done invoking toplevel() on ptolemy.moml.MoMLSimpleApplication@d316bd5
reloadAllAccessors: .BooleanSwitch2

===========================================================================================
----------------- testing Wed May 11 19:56:25 UTC 2022 /home/travis/build/icyphy/ptII/ptolemy/actor/lib/test/auto/BooleanSwitchCloningBugWithClassRelationGroup.xml
----------------- Instantiating /home/travis/build/icyphy/ptII/ptolemy/actor/lib/test/auto/BooleanSwitchCloningBugWithClassRelationGroup.xml
2 ms. Memory: 330752K Free: 273981K (83%)
----------------- Invoking toplevel() on ptolemy.moml.MoMLSimpleApplication@7604dd79
----------------- Done invoking toplevel() on ptolemy.moml.MoMLSimpleApplication@7604dd79
reloadAllAccessors: .BooleanSwitchCloningBugWithClassRelationGroup

===========================================================================================
----------------- testing Wed May 11 19:56:25 UTC 2022 /home/travis/build/icyphy/ptII/ptolemy/actor/lib/test/auto/BusActors.xml
----------------- Instantiating /home/travis/build/icyphy/ptII/ptolemy/actor/lib/test/auto/BusActors.xml
4 ms. Memory: 330752K Free: 265789K (80%)
----------------- Invoking toplevel() on ptolemy.moml.MoMLSimpleApplication@1dc5691e
----------------- Done invoking toplevel() on ptolemy.moml.MoMLSimpleApplication@1dc5691e
reloadAllAccessors: .BusActors

===========================================================================================
----------------- testing Wed May 11 19:56:25 UTC 2022 /home/travis/build/icyphy/ptII/ptolemy/actor/lib/test/auto/ClassWrapper.xml
----------------- Instantiating /home/travis/build/icyphy/ptII/ptolemy/actor/lib/test/auto/ClassWrapper.xml
2 ms. Memory: 330752K Free: 261693K (79%)
----------------- Invoking toplevel() on ptolemy.moml.MoMLSimpleApplication@2597be97
----------------- Done invoking toplevel() on ptolemy.moml.MoMLSimpleApplication@2597be97
reloadAllAccessors: .ClassWrapper

===========================================================================================
----------------- testing Wed May 11 19:56:25 UTC 2022 /home/travis/build/icyphy/ptII/ptolemy/actor/lib/test/auto/Clock.xml
----------------- Instantiating /home/travis/build/icyphy/ptII/ptolemy/actor/lib/test/auto/Clock.xml
3 ms. Memory: 330752K Free: 257597K (78%)
----------------- Invoking toplevel() on ptolemy.moml.MoMLSimpleApplication@7ab986e7
----------------- Done invoking toplevel() on ptolemy.moml.MoMLSimpleApplication@7ab986e7
reloadAllAccessors: .Clock

===========================================================================================
----------------- testing Wed May 11 19:56:25 UTC 2022 /home/travis/build/icyphy/ptII/ptolemy/actor/lib/test/auto/Clock10.xml
----------------- Instantiating /home/travis/build/icyphy/ptII/ptolemy/actor/lib/test/auto/Clock10.xml
5 ms. Memory: 330752K Free: 251967K (76%)
----------------- Invoking toplevel() on ptolemy.moml.MoMLSimpleApplication@16283bac
----------------- Done invoking toplevel() on ptolemy.moml.MoMLSimpleApplication@16283bac
reloadAllAccessors: .Clock10

===========================================================================================
----------------- testing Wed May 11 19:56:25 UTC 2022 /home/travis/build/icyphy/ptII/ptolemy/actor/lib/test/auto/Clock11.xml
----------------- Instantiating /home/travis/build/icyphy/ptII/ptolemy/actor/lib/test/auto/Clock11.xml
4 ms. Memory: 330752K Free: 245823K (74%)
----------------- Invoking toplevel() on ptolemy.moml.MoMLSimpleApplication@e94029
----------------- Done invoking toplevel() on ptolemy.moml.MoMLSimpleApplication@e94029
reloadAllAccessors: .Clock11

===========================================================================================
----------------- testing Wed May 11 19:56:25 UTC 2022 /home/travis/build/icyphy/ptII/ptolemy/actor/lib/test/auto/Clock12.xml
----------------- Instantiating /home/travis/build/icyphy/ptII/ptolemy/actor/lib/test/auto/Clock12.xml
5 ms. Memory: 330752K Free: 240189K (73%)
----------------- Invoking toplevel() on ptolemy.moml.MoMLSimpleApplication@1479976
----------------- Done invoking toplevel() on ptolemy.moml.MoMLSimpleApplication@1479976
reloadAllAccessors: .Clock12

===========================================================================================
----------------- testing Wed May 11 19:56:25 UTC 2022 /home/travis/build/icyphy/ptII/ptolemy/actor/lib/test/auto/Clock13.xml
----------------- Instantiating /home/travis/build/icyphy/ptII/ptolemy/actor/lib/test/auto/Clock13.xml
3 ms. Memory: 330752K Free: 234015K (71%)
----------------- Invoking toplevel() on ptolemy.moml.MoMLSimpleApplication@55cd82a2
----------------- Done invoking toplevel() on ptolemy.moml.MoMLSimpleApplication@55cd82a2
reloadAllAccessors: .Clock13

===========================================================================================
----------------- testing Wed May 11 19:56:25 UTC 2022 /home/travis/build/icyphy/ptII/ptolemy/actor/lib/test/auto/Clock14.xml
----------------- Instantiating /home/travis/build/icyphy/ptII/ptolemy/actor/lib/test/auto/Clock14.xml
5 ms. Memory: 330752K Free: 228415K (69%)
----------------- Invoking toplevel() on ptolemy.moml.MoMLSimpleApplication@606c1728
----------------- Done invoking toplevel() on ptolemy.moml.MoMLSimpleApplication@606c1728
reloadAllAccessors: .Clock14

===========================================================================================
----------------- testing Wed May 11 19:56:25 UTC 2022 /home/travis/build/icyphy/ptII/ptolemy/actor/lib/test/auto/Clock15.xml
----------------- Instantiating /home/travis/build/icyphy/ptII/ptolemy/actor/lib/test/auto/Clock15.xml
5 ms. Memory: 330752K Free: 222271K (67%)
----------------- Invoking toplevel() on ptolemy.moml.MoMLSimpleApplication@5f0caa15
----------------- Done invoking toplevel() on ptolemy.moml.MoMLSimpleApplication@5f0caa15
reloadAllAccessors: .Clock15

===========================================================================================
----------------- testing Wed May 11 19:56:25 UTC 2022 /home/travis/build/icyphy/ptII/ptolemy/actor/lib/test/auto/Clock16.xml
----------------- Instantiating /home/travis/build/icyphy/ptII/ptolemy/actor/lib/test/auto/Clock16.xml
38 ms. Memory: 330752K Free: 207919K (63%)
----------------- Invoking toplevel() on ptolemy.moml.MoMLSimpleApplication@4f39328f
----------------- Done invoking toplevel() on ptolemy.moml.MoMLSimpleApplication@4f39328f
reloadAllAccessors: .Clock16

===========================================================================================
----------------- testing Wed May 11 19:56:25 UTC 2022 /home/travis/build/icyphy/ptII/ptolemy/actor/lib/test/auto/Clock17.xml
----------------- Instantiating /home/travis/build/icyphy/ptII/ptolemy/actor/lib/test/auto/Clock17.xml
24 ms. Memory: 330752K Free: 194079K (59%)
----------------- Invoking toplevel() on ptolemy.moml.MoMLSimpleApplication@108bb0cf
----------------- Done invoking toplevel() on ptolemy.moml.MoMLSimpleApplication@108bb0cf
reloadAllAccessors: .Clock17

===========================================================================================
----------------- testing Wed May 11 19:56:25 UTC 2022 /home/travis/build/icyphy/ptII/ptolemy/actor/lib/test/auto/Clock18.xml
----------------- Instantiating /home/travis/build/icyphy/ptII/ptolemy/actor/lib/test/auto/Clock18.xml
21 ms. Memory: 330752K Free: 180783K (55%)
----------------- Invoking toplevel() on ptolemy.moml.MoMLSimpleApplication@7d313075
----------------- Done invoking toplevel() on ptolemy.moml.MoMLSimpleApplication@7d313075
reloadAllAccessors: .Clock18

===========================================================================================
----------------- testing Wed May 11 19:56:26 UTC 2022 /home/travis/build/icyphy/ptII/ptolemy/actor/lib/test/auto/Clock19.xml
----------------- Instantiating /home/travis/build/icyphy/ptII/ptolemy/actor/lib/test/auto/Clock19.xml
12 ms. Memory: 330752K Free: 167999K (51%)
----------------- Invoking toplevel() on ptolemy.moml.MoMLSimpleApplication@7a4dfde0
----------------- Done invoking toplevel() on ptolemy.moml.MoMLSimpleApplication@7a4dfde0
reloadAllAccessors: .Clock19

===========================================================================================
----------------- testing Wed May 11 19:56:26 UTC 2022 /home/travis/build/icyphy/ptII/ptolemy/actor/lib/test/auto/Clock2.xml
----------------- Instantiating /home/travis/build/icyphy/ptII/ptolemy/actor/lib/test/auto/Clock2.xml
4 ms. Memory: 330752K Free: 163359K (49%)
----------------- Invoking toplevel() on ptolemy.moml.MoMLSimpleApplication@358eb5c8
----------------- Done invoking toplevel() on ptolemy.moml.MoMLSimpleApplication@358eb5c8
reloadAllAccessors: .Clock2

===========================================================================================
----------------- testing Wed May 11 19:56:26 UTC 2022 /home/travis/build/icyphy/ptII/ptolemy/actor/lib/test/auto/Clock20.xml
----------------- Instantiating /home/travis/build/icyphy/ptII/ptolemy/actor/lib/test/auto/Clock20.xml
10 ms. Memory: 330752K Free: 158269K (48%)
----------------- Invoking toplevel() on ptolemy.moml.MoMLSimpleApplication@f4d4904
----------------- Done invoking toplevel() on ptolemy.moml.MoMLSimpleApplication@f4d4904
reloadAllAccessors: .Clock20

===========================================================================================
----------------- testing Wed May 11 19:56:26 UTC 2022 /home/travis/build/icyphy/ptII/ptolemy/actor/lib/test/auto/Clock21.xml
----------------- Instantiating /home/travis/build/icyphy/ptII/ptolemy/actor/lib/test/auto/Clock21.xml
5 ms. Memory: 330752K Free: 152639K (46%)
----------------- Invoking toplevel() on ptolemy.moml.MoMLSimpleApplication@36f64869
----------------- Done invoking toplevel() on ptolemy.moml.MoMLSimpleApplication@36f64869
reloadAllAccessors: .Clock21

===========================================================================================
----------------- testing Wed May 11 19:56:26 UTC 2022 /home/travis/build/icyphy/ptII/ptolemy/actor/lib/test/auto/Clock22.xml
----------------- Instantiating /home/travis/build/icyphy/ptII/ptolemy/actor/lib/test/auto/Clock22.xml
5 ms. Memory: 330752K Free: 147519K (45%)
----------------- Invoking toplevel() on ptolemy.moml.MoMLSimpleApplication@256a61b9
----------------- Done invoking toplevel() on ptolemy.moml.MoMLSimpleApplication@256a61b9
reloadAllAccessors: .Clock22

===========================================================================================
----------------- testing Wed May 11 19:56:26 UTC 2022 /home/travis/build/icyphy/ptII/ptolemy/actor/lib/test/auto/Clock23.xml
----------------- Instantiating /home/travis/build/icyphy/ptII/ptolemy/actor/lib/test/auto/Clock23.xml
6 ms. Memory: 330752K Free: 141885K (43%)
----------------- Invoking toplevel() on ptolemy.moml.MoMLSimpleApplication@6fa7b860
----------------- Done invoking toplevel() on ptolemy.moml.MoMLSimpleApplication@6fa7b860
reloadAllAccessors: .Clock23

===========================================================================================
----------------- testing Wed May 11 19:56:26 UTC 2022 /home/travis/build/icyphy/ptII/ptolemy/actor/lib/test/auto/Clock24.xml
----------------- Instantiating /home/travis/build/icyphy/ptII/ptolemy/actor/lib/test/auto/Clock24.xml
4 ms. Memory: 330752K Free: 136765K (41%)
----------------- Invoking toplevel() on ptolemy.moml.MoMLSimpleApplication@2637ca4c
----------------- Done invoking toplevel() on ptolemy.moml.MoMLSimpleApplication@2637ca4c
reloadAllAccessors: .Clock24

===========================================================================================
----------------- testing Wed May 11 19:56:26 UTC 2022 /home/travis/build/icyphy/ptII/ptolemy/actor/lib/test/auto/Clock4.xml
----------------- Instantiating /home/travis/build/icyphy/ptII/ptolemy/actor/lib/test/auto/Clock4.xml
1 ms. Memory: 330752K Free: 131615K (40%)
----------------- Invoking toplevel() on ptolemy.moml.MoMLSimpleApplication@7f84f2db
----------------- Done invoking toplevel() on ptolemy.moml.MoMLSimpleApplication@7f84f2db
reloadAllAccessors: .Clock4

===========================================================================================
----------------- testing Wed May 11 19:56:26 UTC 2022 /home/travis/build/icyphy/ptII/ptolemy/actor/lib/test/auto/Clock5.xml
----------------- Instantiating /home/travis/build/icyphy/ptII/ptolemy/actor/lib/test/auto/Clock5.xml
1 ms. Memory: 330752K Free: 126525K (38%)
----------------- Invoking toplevel() on ptolemy.moml.MoMLSimpleApplication@2ab14f81
----------------- Done invoking toplevel() on ptolemy.moml.MoMLSimpleApplication@2ab14f81
reloadAllAccessors: .Clock5

===========================================================================================
----------------- testing Wed May 11 19:56:26 UTC 2022 /home/travis/build/icyphy/ptII/ptolemy/actor/lib/test/auto/Clock6.xml
----------------- Instantiating /home/travis/build/icyphy/ptII/ptolemy/actor/lib/test/auto/Clock6.xml
1 ms. Memory: 330752K Free: 122429K (37%)
----------------- Invoking toplevel() on ptolemy.moml.MoMLSimpleApplication@101eb40c
----------------- Done invoking toplevel() on ptolemy.moml.MoMLSimpleApplication@101eb40c
reloadAllAccessors: .Clock6

===========================================================================================
----------------- testing Wed May 11 19:56:26 UTC 2022 /home/travis/build/icyphy/ptII/ptolemy/actor/lib/test/auto/Clock7.xml
----------------- Instantiating /home/travis/build/icyphy/ptII/ptolemy/actor/lib/test/auto/Clock7.xml
2 ms. Memory: 330752K Free: 117309K (35%)
----------------- Invoking toplevel() on ptolemy.moml.MoMLSimpleApplication@26b76c1d
----------------- Done invoking toplevel() on ptolemy.moml.MoMLSimpleApplication@26b76c1d
reloadAllAccessors: .Clock7

===========================================================================================
----------------- testing Wed May 11 19:56:26 UTC 2022 /home/travis/build/icyphy/ptII/ptolemy/actor/lib/test/auto/Clock8.xml
----------------- Instantiating /home/travis/build/icyphy/ptII/ptolemy/actor/lib/test/auto/Clock8.xml
4 ms. Memory: 330752K Free: 112159K (34%)
----------------- Invoking toplevel() on ptolemy.moml.MoMLSimpleApplication@6e9ded35
----------------- Done invoking toplevel() on ptolemy.moml.MoMLSimpleApplication@6e9ded35
reloadAllAccessors: .Clock8

===========================================================================================
----------------- testing Wed May 11 19:56:26 UTC 2022 /home/travis/build/icyphy/ptII/ptolemy/actor/lib/test/auto/Clock9.xml
----------------- Instantiating /home/travis/build/icyphy/ptII/ptolemy/actor/lib/test/auto/Clock9.xml
3 ms. Memory: 330752K Free: 106559K (32%)
----------------- Invoking toplevel() on ptolemy.moml.MoMLSimpleApplication@1749054b
----------------- Done invoking toplevel() on ptolemy.moml.MoMLSimpleApplication@1749054b
reloadAllAccessors: .Clock9

===========================================================================================
----------------- testing Wed May 11 19:56:26 UTC 2022 /home/travis/build/icyphy/ptII/ptolemy/actor/lib/test/auto/CommDistDiscard.xml
----------------- Instantiating /home/travis/build/icyphy/ptII/ptolemy/actor/lib/test/auto/CommDistDiscard.xml
3 ms. Memory: 330752K Free: 101439K (31%)
----------------- Invoking toplevel() on ptolemy.moml.MoMLSimpleApplication@63cb398b
----------------- Done invoking toplevel() on ptolemy.moml.MoMLSimpleApplication@63cb398b
reloadAllAccessors: .CommDistDiscard

===========================================================================================
----------------- testing Wed May 11 19:56:26 UTC 2022 /home/travis/build/icyphy/ptII/ptolemy/actor/lib/test/auto/Commutator.xml
----------------- Instantiating /home/travis/build/icyphy/ptII/ptolemy/actor/lib/test/auto/Commutator.xml
3 ms. Memory: 330752K Free: 96829K (29%)
----------------- Invoking toplevel() on ptolemy.moml.MoMLSimpleApplication@2b3e61c6
----------------- Done invoking toplevel() on ptolemy.moml.MoMLSimpleApplication@2b3e61c6
reloadAllAccessors: .Commutator

===========================================================================================
----------------- testing Wed May 11 19:56:26 UTC 2022 /home/travis/build/icyphy/ptII/ptolemy/actor/lib/test/auto/Commutator2.xml
----------------- Instantiating /home/travis/build/icyphy/ptII/ptolemy/actor/lib/test/auto/Commutator2.xml
1 ms. Memory: 330752K Free: 92733K (28%)
----------------- Invoking toplevel() on ptolemy.moml.MoMLSimpleApplication@481e2f05
----------------- Done invoking toplevel() on ptolemy.moml.MoMLSimpleApplication@481e2f05
reloadAllAccessors: .Commutator2

===========================================================================================
----------------- testing Wed May 11 19:56:26 UTC 2022 /home/travis/build/icyphy/ptII/ptolemy/actor/lib/test/auto/Commutator3.xml
----------------- Instantiating /home/travis/build/icyphy/ptII/ptolemy/actor/lib/test/auto/Commutator3.xml
2 ms. Memory: 330752K Free: 88127K (27%)
----------------- Invoking toplevel() on ptolemy.moml.MoMLSimpleApplication@d5d1045
----------------- Done invoking toplevel() on ptolemy.moml.MoMLSimpleApplication@d5d1045
reloadAllAccessors: .Commutator3

===========================================================================================
----------------- testing Wed May 11 19:56:26 UTC 2022 /home/travis/build/icyphy/ptII/ptolemy/actor/lib/test/auto/Compare.xml
----------------- Instantiating /home/travis/build/icyphy/ptII/ptolemy/actor/lib/test/auto/Compare.xml
1 ms. Memory: 330752K Free: 277732K (84%)
----------------- Invoking toplevel() on ptolemy.moml.MoMLSimpleApplication@637947f
----------------- Done invoking toplevel() on ptolemy.moml.MoMLSimpleApplication@637947f
reloadAllAccessors: .Compare

===========================================================================================
----------------- testing Wed May 11 19:56:26 UTC 2022 /home/travis/build/icyphy/ptII/ptolemy/actor/lib/test/auto/CompareDE.xml
----------------- Instantiating /home/travis/build/icyphy/ptII/ptolemy/actor/lib/test/auto/CompareDE.xml
4 ms. Memory: 330752K Free: 270580K (82%)
----------------- Invoking toplevel() on ptolemy.moml.MoMLSimpleApplication@2f6739eb
----------------- Done invoking toplevel() on ptolemy.moml.MoMLSimpleApplication@2f6739eb
reloadAllAccessors: .CompareDE

===========================================================================================
----------------- testing Wed May 11 19:56:26 UTC 2022 /home/travis/build/icyphy/ptII/ptolemy/actor/lib/test/auto/ComplexDivide.xml
----------------- Instantiating /home/travis/build/icyphy/ptII/ptolemy/actor/lib/test/auto/ComplexDivide.xml
1 ms. Memory: 330752K Free: 266498K (81%)
----------------- Invoking toplevel() on ptolemy.moml.MoMLSimpleApplication@17aa0b9d
----------------- Done invoking toplevel() on ptolemy.moml.MoMLSimpleApplication@17aa0b9d
reloadAllAccessors: .ComplexDivide

===========================================================================================
----------------- testing Wed May 11 19:56:26 UTC 2022 /home/travis/build/icyphy/ptII/ptolemy/actor/lib/test/auto/ComputeHistogram.xml
----------------- Instantiating /home/travis/build/icyphy/ptII/ptolemy/actor/lib/test/auto/ComputeHistogram.xml
36 ms. Memory: 330752K Free: 254210K (77%)
----------------- Invoking toplevel() on ptolemy.moml.MoMLSimpleApplication@11501b8
----------------- Done invoking toplevel() on ptolemy.moml.MoMLSimpleApplication@11501b8
reloadAllAccessors: .ComputeHistogram

===========================================================================================
----------------- testing Wed May 11 19:56:26 UTC 2022 /home/travis/build/icyphy/ptII/ptolemy/actor/lib/test/auto/ConfigurationSelect.xml
----------------- Instantiating /home/travis/build/icyphy/ptII/ptolemy/actor/lib/test/auto/ConfigurationSelect.xml
8 ms. Memory: 330752K Free: 248580K (75%)
----------------- Invoking toplevel() on ptolemy.moml.MoMLSimpleApplication@6af8eb9b
----------------- Done invoking toplevel() on ptolemy.moml.MoMLSimpleApplication@6af8eb9b
reloadAllAccessors: .ConfigurationSelect

===========================================================================================
----------------- testing Wed May 11 19:56:26 UTC 2022 /home/travis/build/icyphy/ptII/ptolemy/actor/lib/test/auto/ConfigurationSelect2.xml
----------------- Instantiating /home/travis/build/icyphy/ptII/ptolemy/actor/lib/test/auto/ConfigurationSelect2.xml
2 ms. Memory: 330752K Free: 244484K (74%)
----------------- Invoking toplevel() on ptolemy.moml.MoMLSimpleApplication@341c46f
----------------- Done invoking toplevel() on ptolemy.moml.MoMLSimpleApplication@341c46f
reloadAllAccessors: .ConfigurationSelect2

===========================================================================================
----------------- testing Wed May 11 19:56:26 UTC 2022 /home/travis/build/icyphy/ptII/ptolemy/actor/lib/test/auto/ConfigurationSwitch.xml
----------------- Instantiating /home/travis/build/icyphy/ptII/ptolemy/actor/lib/test/auto/ConfigurationSwitch.xml
2 ms. Memory: 330752K Free: 238850K (72%)
----------------- Invoking toplevel() on ptolemy.moml.MoMLSimpleApplication@31cf9fc4
----------------- Done invoking toplevel() on ptolemy.moml.MoMLSimpleApplication@31cf9fc4
reloadAllAccessors: .ConfigurationSwitch

===========================================================================================
----------------- testing Wed May 11 19:56:26 UTC 2022 /home/travis/build/icyphy/ptII/ptolemy/actor/lib/test/auto/ConfigurationSwitch2.xml
----------------- Instantiating /home/travis/build/icyphy/ptII/ptolemy/actor/lib/test/auto/ConfigurationSwitch2.xml
3 ms. Memory: 330752K Free: 233220K (71%)
----------------- Invoking toplevel() on ptolemy.moml.MoMLSimpleApplication@9fc3926
----------------- Done invoking toplevel() on ptolemy.moml.MoMLSimpleApplication@9fc3926
reloadAllAccessors: .ConfigurationSwitch2

===========================================================================================
----------------- testing Wed May 11 19:56:26 UTC 2022 /home/travis/build/icyphy/ptII/ptolemy/actor/lib/test/auto/ConfigurationSwitchCloningBugWithClassRelationGroup.xml
----------------- Instantiating /home/travis/build/icyphy/ptII/ptolemy/actor/lib/test/auto/ConfigurationSwitchCloningBugWithClassRelationGroup.xml
1 ms. Memory: 330752K Free: 227076K (69%)
----------------- Invoking toplevel() on ptolemy.moml.MoMLSimpleApplication@40349525
----------------- Done invoking toplevel() on ptolemy.moml.MoMLSimpleApplication@40349525
reloadAllAccessors: .ConfigurationSwitchCloningBugWithClassRelationGroup

===========================================================================================
----------------- testing Wed May 11 19:56:26 UTC 2022 /home/travis/build/icyphy/ptII/ptolemy/actor/lib/test/auto/ConfigurationSwitchSelectSDF.xml
----------------- Instantiating /home/travis/build/icyphy/ptII/ptolemy/actor/lib/test/auto/ConfigurationSwitchSelectSDF.xml
5 ms. Memory: 330752K Free: 221442K (67%)
----------------- Invoking toplevel() on ptolemy.moml.MoMLSimpleApplication@509de50e
----------------- Done invoking toplevel() on ptolemy.moml.MoMLSimpleApplication@509de50e
reloadAllAccessors: .ConfigurationSwitchSelectSDF

===========================================================================================
----------------- testing Wed May 11 19:56:26 UTC 2022 /home/travis/build/icyphy/ptII/ptolemy/actor/lib/test/auto/ConfigurationSwitchSelectSDF2.xml
----------------- Instantiating /home/travis/build/icyphy/ptII/ptolemy/actor/lib/test/auto/ConfigurationSwitchSelectSDF2.xml
1 ms. Memory: 330752K Free: 215812K (65%)
----------------- Invoking toplevel() on ptolemy.moml.MoMLSimpleApplication@165187b7
----------------- Done invoking toplevel() on ptolemy.moml.MoMLSimpleApplication@165187b7
reloadAllAccessors: .ConfigurationSwitchSelectSDF2

===========================================================================================
----------------- testing Wed May 11 19:56:26 UTC 2022 /home/travis/build/icyphy/ptII/ptolemy/actor/lib/test/auto/Const.xml
----------------- Instantiating /home/travis/build/icyphy/ptII/ptolemy/actor/lib/test/auto/Const.xml
1 ms. Memory: 330752K Free: 212226K (64%)
----------------- Invoking toplevel() on ptolemy.moml.MoMLSimpleApplication@432f54a0
----------------- Done invoking toplevel() on ptolemy.moml.MoMLSimpleApplication@432f54a0
reloadAllAccessors: .Const

===========================================================================================
----------------- testing Wed May 11 19:56:26 UTC 2022 /home/travis/build/icyphy/ptII/ptolemy/actor/lib/test/auto/Const2.xml
----------------- Instantiating /home/travis/build/icyphy/ptII/ptolemy/actor/lib/test/auto/Const2.xml
1 ms. Memory: 330752K Free: 208644K (63%)
----------------- Invoking toplevel() on ptolemy.moml.MoMLSimpleApplication@42eec9cd
----------------- Done invoking toplevel() on ptolemy.moml.MoMLSimpleApplication@42eec9cd
reloadAllAccessors: .Const2

===========================================================================================
----------------- testing Wed May 11 19:56:26 UTC 2022 /home/travis/build/icyphy/ptII/ptolemy/actor/lib/test/auto/Const3.xml
----------------- Instantiating /home/travis/build/icyphy/ptII/ptolemy/actor/lib/test/auto/Const3.xml
1 ms. Memory: 330752K Free: 205572K (62%)
----------------- Invoking toplevel() on ptolemy.moml.MoMLSimpleApplication@5968945a
----------------- Done invoking toplevel() on ptolemy.moml.MoMLSimpleApplication@5968945a
reloadAllAccessors: .Const3

===========================================================================================
----------------- testing Wed May 11 19:56:26 UTC 2022 /home/travis/build/icyphy/ptII/ptolemy/actor/lib/test/auto/ConstantPublisherPort1.xml
----------------- Instantiating /home/travis/build/icyphy/ptII/ptolemy/actor/lib/test/auto/ConstantPublisherPort1.xml
5 ms. Memory: 330752K Free: 196866K (60%)
----------------- Invoking toplevel() on ptolemy.moml.MoMLSimpleApplication@78ada5b0
----------------- Done invoking toplevel() on ptolemy.moml.MoMLSimpleApplication@78ada5b0
reloadAllAccessors: .ConstantPublisherPort1

===========================================================================================
----------------- testing Wed May 11 19:56:26 UTC 2022 /home/travis/build/icyphy/ptII/ptolemy/actor/lib/test/auto/ConstantPublisherPort2.xml
----------------- Instantiating /home/travis/build/icyphy/ptII/ptolemy/actor/lib/test/auto/ConstantPublisherPort2.xml
3 ms. Memory: 330752K Free: 189698K (57%)
----------------- Invoking toplevel() on ptolemy.moml.MoMLSimpleApplication@6bd86d94
----------------- Done invoking toplevel() on ptolemy.moml.MoMLSimpleApplication@6bd86d94
reloadAllAccessors: .ConstantPublisherPort2

===========================================================================================
----------------- testing Wed May 11 19:56:26 UTC 2022 /home/travis/build/icyphy/ptII/ptolemy/actor/lib/test/auto/ConstantPublisherPort3.xml
----------------- Instantiating /home/travis/build/icyphy/ptII/ptolemy/actor/lib/test/auto/ConstantPublisherPort3.xml
5 ms. Memory: 330752K Free: 182020K (55%)
----------------- Invoking toplevel() on ptolemy.moml.MoMLSimpleApplication@6ab4e7f9
----------------- Done invoking toplevel() on ptolemy.moml.MoMLSimpleApplication@6ab4e7f9
reloadAllAccessors: .ConstantPublisherPort3

===========================================================================================
----------------- testing Wed May 11 19:56:26 UTC 2022 /home/travis/build/icyphy/ptII/ptolemy/actor/lib/test/auto/ConstantPublisherPort4.xml
----------------- Instantiating /home/travis/build/icyphy/ptII/ptolemy/actor/lib/test/auto/ConstantPublisherPort4.xml
2 ms. Memory: 330752K Free: 175348K (53%)
----------------- Invoking toplevel() on ptolemy.moml.MoMLSimpleApplication@52ae1d32
----------------- Done invoking toplevel() on ptolemy.moml.MoMLSimpleApplication@52ae1d32
reloadAllAccessors: .ConstantPublisherPort4

===========================================================================================
----------------- testing Wed May 11 19:56:26 UTC 2022 /home/travis/build/icyphy/ptII/ptolemy/actor/lib/test/auto/ConstantPublisherPort5.xml
----------------- Instantiating /home/travis/build/icyphy/ptII/ptolemy/actor/lib/test/auto/ConstantPublisherPort5.xml
26 ms. Memory: 330752K Free: 165636K (50%)
----------------- Invoking toplevel() on ptolemy.moml.MoMLSimpleApplication@1c461126
----------------- Done invoking toplevel() on ptolemy.moml.MoMLSimpleApplication@1c461126
reloadAllAccessors: .ConstantPublisherPort5

===========================================================================================
----------------- testing Wed May 11 19:56:26 UTC 2022 /home/travis/build/icyphy/ptII/ptolemy/actor/lib/test/auto/ConstantPublisherPort6.xml
----------------- Instantiating /home/travis/build/icyphy/ptII/ptolemy/actor/lib/test/auto/ConstantPublisherPort6.xml
17 ms. Memory: 330752K Free: 155906K (47%)
----------------- Invoking toplevel() on ptolemy.moml.MoMLSimpleApplication@44144b3f
----------------- Done invoking toplevel() on ptolemy.moml.MoMLSimpleApplication@44144b3f
reloadAllAccessors: .ConstantPublisherPort6

===========================================================================================
----------------- testing Wed May 11 19:56:26 UTC 2022 /home/travis/build/icyphy/ptII/ptolemy/actor/lib/test/auto/ConstantPublisherPort7.xml
----------------- Instantiating /home/travis/build/icyphy/ptII/ptolemy/actor/lib/test/auto/ConstantPublisherPort7.xml
16 ms. Memory: 330752K Free: 146690K (44%)
----------------- Invoking toplevel() on ptolemy.moml.MoMLSimpleApplication@784e53b8
----------------- Done invoking toplevel() on ptolemy.moml.MoMLSimpleApplication@784e53b8
reloadAllAccessors: .ConstantPublisherPort7

===========================================================================================
----------------- testing Wed May 11 19:56:26 UTC 2022 /home/travis/build/icyphy/ptII/ptolemy/actor/lib/test/auto/ConstraintMonitor1.xml
----------------- Instantiating /home/travis/build/icyphy/ptII/ptolemy/actor/lib/test/auto/ConstraintMonitor1.xml
3 ms. Memory: 330752K Free: 141570K (43%)
----------------- Invoking toplevel() on ptolemy.moml.MoMLSimpleApplication@17906ee6
----------------- Done invoking toplevel() on ptolemy.moml.MoMLSimpleApplication@17906ee6
reloadAllAccessors: .ConstraintMonitor1

===========================================================================================
----------------- testing Wed May 11 19:56:26 UTC 2022 /home/travis/build/icyphy/ptII/ptolemy/actor/lib/test/auto/ConstraintMonitor2.xml
----------------- Instantiating /home/travis/build/icyphy/ptII/ptolemy/actor/lib/test/auto/ConstraintMonitor2.xml
3 ms. Memory: 330752K Free: 137474K (42%)
----------------- Invoking toplevel() on ptolemy.moml.MoMLSimpleApplication@36ec3dfe
----------------- Done invoking toplevel() on ptolemy.moml.MoMLSimpleApplication@36ec3dfe
reloadAllAccessors: .ConstraintMonitor2

===========================================================================================
----------------- testing Wed May 11 19:56:26 UTC 2022 /home/travis/build/icyphy/ptII/ptolemy/actor/lib/test/auto/ConstraintMonitor3.xml
----------------- Instantiating /home/travis/build/icyphy/ptII/ptolemy/actor/lib/test/auto/ConstraintMonitor3.xml
2 ms. Memory: 330752K Free: 132868K (40%)
----------------- Invoking toplevel() on ptolemy.moml.MoMLSimpleApplication@55cd35e3
----------------- Done invoking toplevel() on ptolemy.moml.MoMLSimpleApplication@55cd35e3
reloadAllAccessors: .ConstraintMonitor3

===========================================================================================
----------------- testing Wed May 11 19:56:26 UTC 2022 /home/travis/build/icyphy/ptII/ptolemy/actor/lib/test/auto/ConstraintMonitor4.xml
----------------- Instantiating /home/travis/build/icyphy/ptII/ptolemy/actor/lib/test/auto/ConstraintMonitor4.xml
4 ms. Memory: 330752K Free: 127746K (39%)
----------------- Invoking toplevel() on ptolemy.moml.MoMLSimpleApplication@25de03a6
----------------- Done invoking toplevel() on ptolemy.moml.MoMLSimpleApplication@25de03a6
reloadAllAccessors: .ConstraintMonitor4

===========================================================================================
----------------- testing Wed May 11 19:56:26 UTC 2022 /home/travis/build/icyphy/ptII/ptolemy/actor/lib/test/auto/ConstraintMonitor5.xml
----------------- Instantiating /home/travis/build/icyphy/ptII/ptolemy/actor/lib/test/auto/ConstraintMonitor5.xml
4 ms. Memory: 330752K Free: 123138K (37%)
----------------- Invoking toplevel() on ptolemy.moml.MoMLSimpleApplication@730eb610
----------------- Done invoking toplevel() on ptolemy.moml.MoMLSimpleApplication@730eb610
reloadAllAccessors: .ConstraintMonitor5

===========================================================================================
----------------- testing Wed May 11 19:56:26 UTC 2022 /home/travis/build/icyphy/ptII/ptolemy/actor/lib/test/auto/ConstraintMonitor6.xml
----------------- Instantiating /home/travis/build/icyphy/ptII/ptolemy/actor/lib/test/auto/ConstraintMonitor6.xml
5 ms. Memory: 330752K Free: 116484K (35%)
----------------- Invoking toplevel() on ptolemy.moml.MoMLSimpleApplication@1e18ab31
----------------- Done invoking toplevel() on ptolemy.moml.MoMLSimpleApplication@1e18ab31
reloadAllAccessors: .ConstraintMonitor6

===========================================================================================
----------------- testing Wed May 11 19:56:26 UTC 2022 /home/travis/build/icyphy/ptII/ptolemy/actor/lib/test/auto/ConstraintMonitor7.xml
----------------- Instantiating /home/travis/build/icyphy/ptII/ptolemy/actor/lib/test/auto/ConstraintMonitor7.xml
2 ms. Memory: 330752K Free: 109820K (33%)
----------------- Invoking toplevel() on ptolemy.moml.MoMLSimpleApplication@2183cc47
----------------- Done invoking toplevel() on ptolemy.moml.MoMLSimpleApplication@2183cc47
reloadAllAccessors: .ConstraintMonitor7

===========================================================================================
----------------- testing Wed May 11 19:56:26 UTC 2022 /home/travis/build/icyphy/ptII/ptolemy/actor/lib/test/auto/ConstraintMonitor8.xml
----------------- Instantiating /home/travis/build/icyphy/ptII/ptolemy/actor/lib/test/auto/ConstraintMonitor8.xml
3 ms. Memory: 330752K Free: 103172K (31%)
----------------- Invoking toplevel() on ptolemy.moml.MoMLSimpleApplication@6fa2f889
----------------- Done invoking toplevel() on ptolemy.moml.MoMLSimpleApplication@6fa2f889
reloadAllAccessors: .ConstraintMonitor8

===========================================================================================
----------------- testing Wed May 11 19:56:27 UTC 2022 /home/travis/build/icyphy/ptII/ptolemy/actor/lib/test/auto/Counter.xml
----------------- Instantiating /home/travis/build/icyphy/ptII/ptolemy/actor/lib/test/auto/Counter.xml
3 ms. Memory: 330752K Free: 98052K (30%)
----------------- Invoking toplevel() on ptolemy.moml.MoMLSimpleApplication@5e6cd949
----------------- Done invoking toplevel() on ptolemy.moml.MoMLSimpleApplication@5e6cd949
reloadAllAccessors: .Counter

===========================================================================================
----------------- testing Wed May 11 19:56:27 UTC 2022 /home/travis/build/icyphy/ptII/ptolemy/actor/lib/test/auto/CurrentTimeSDF.xml
----------------- Instantiating /home/travis/build/icyphy/ptII/ptolemy/actor/lib/test/auto/CurrentTimeSDF.xml
10 ms. Memory: 330752K Free: 94466K (29%)
----------------- Invoking toplevel() on ptolemy.moml.MoMLSimpleApplication@68c2e159
----------------- Done invoking toplevel() on ptolemy.moml.MoMLSimpleApplication@68c2e159
reloadAllAccessors: .CurrentTimeSDF

===========================================================================================
----------------- testing Wed May 11 19:56:27 UTC 2022 /home/travis/build/icyphy/ptII/ptolemy/actor/lib/test/auto/DB.xml
----------------- Instantiating /home/travis/build/icyphy/ptII/ptolemy/actor/lib/test/auto/DB.xml
1 ms. Memory: 330752K Free: 88836K (27%)
----------------- Invoking toplevel() on ptolemy.moml.MoMLSimpleApplication@6f9f3f25
----------------- Done invoking toplevel() on ptolemy.moml.MoMLSimpleApplication@6f9f3f25
reloadAllAccessors: .DB

===========================================================================================
----------------- testing Wed May 11 19:56:27 UTC 2022 /home/travis/build/icyphy/ptII/ptolemy/actor/lib/test/auto/DBDE.xml
----------------- Instantiating /home/travis/build/icyphy/ptII/ptolemy/actor/lib/test/auto/DBDE.xml
2 ms. Memory: 330752K Free: 277302K (84%)
----------------- Invoking toplevel() on ptolemy.moml.MoMLSimpleApplication@6ec04dcd
----------------- Done invoking toplevel() on ptolemy.moml.MoMLSimpleApplication@6ec04dcd
reloadAllAccessors: .DBDE

===========================================================================================
----------------- testing Wed May 11 19:56:27 UTC 2022 /home/travis/build/icyphy/ptII/ptolemy/actor/lib/test/auto/DateConstructor.xml
----------------- Instantiating /home/travis/build/icyphy/ptII/ptolemy/actor/lib/test/auto/DateConstructor.xml
28 ms. Memory: 330752K Free: 259380K (78%)
----------------- Invoking toplevel() on ptolemy.moml.MoMLSimpleApplication@66c163e7
----------------- Done invoking toplevel() on ptolemy.moml.MoMLSimpleApplication@66c163e7
reloadAllAccessors: .DateConstructor

===========================================================================================
----------------- testing Wed May 11 19:56:27 UTC 2022 /home/travis/build/icyphy/ptII/ptolemy/actor/lib/test/auto/DelayTime.xml
----------------- Instantiating /home/travis/build/icyphy/ptII/ptolemy/actor/lib/test/auto/DelayTime.xml
7 ms. Memory: 330752K Free: 254260K (77%)
----------------- Invoking toplevel() on ptolemy.moml.MoMLSimpleApplication@3ac26292
----------------- Done invoking toplevel() on ptolemy.moml.MoMLSimpleApplication@3ac26292
reloadAllAccessors: .DelayTime

===========================================================================================
----------------- testing Wed May 11 19:56:27 UTC 2022 /home/travis/build/icyphy/ptII/ptolemy/actor/lib/test/auto/Dictionary1.xml
----------------- Instantiating /home/travis/build/icyphy/ptII/ptolemy/actor/lib/test/auto/Dictionary1.xml
1 ms. Memory: 330752K Free: 248630K (75%)
----------------- Invoking toplevel() on ptolemy.moml.MoMLSimpleApplication@5de9fbfe
----------------- Done invoking toplevel() on ptolemy.moml.MoMLSimpleApplication@5de9fbfe
reloadAllAccessors: .Dictionary1

===========================================================================================
----------------- testing Wed May 11 19:56:27 UTC 2022 /home/travis/build/icyphy/ptII/ptolemy/actor/lib/test/auto/Dictionary2.xml
----------------- Instantiating /home/travis/build/icyphy/ptII/ptolemy/actor/lib/test/auto/Dictionary2.xml
1 ms. Memory: 330752K Free: 243510K (74%)
----------------- Invoking toplevel() on ptolemy.moml.MoMLSimpleApplication@24c835c6
----------------- Done invoking toplevel() on ptolemy.moml.MoMLSimpleApplication@24c835c6
reloadAllAccessors: .Dictionary2

===========================================================================================
----------------- testing Wed May 11 19:56:27 UTC 2022 /home/travis/build/icyphy/ptII/ptolemy/actor/lib/test/auto/Dictionary3.xml
----------------- Instantiating /home/travis/build/icyphy/ptII/ptolemy/actor/lib/test/auto/Dictionary3.xml
1 ms. Memory: 330752K Free: 237876K (72%)
----------------- Invoking toplevel() on ptolemy.moml.MoMLSimpleApplication@2a37eb28
----------------- Done invoking toplevel() on ptolemy.moml.MoMLSimpleApplication@2a37eb28
reloadAllAccessors: .Dictionary3

===========================================================================================
----------------- testing Wed May 11 19:56:27 UTC 2022 /home/travis/build/icyphy/ptII/ptolemy/actor/lib/test/auto/Dictionary4.xml
----------------- Instantiating /home/travis/build/icyphy/ptII/ptolemy/actor/lib/test/auto/Dictionary4.xml
2 ms. Memory: 330752K Free: 230708K (70%)
----------------- Invoking toplevel() on ptolemy.moml.MoMLSimpleApplication@4737e7f9
----------------- Done invoking toplevel() on ptolemy.moml.MoMLSimpleApplication@4737e7f9
reloadAllAccessors: .Dictionary4

===========================================================================================
----------------- testing Wed May 11 19:56:27 UTC 2022 /home/travis/build/icyphy/ptII/ptolemy/actor/lib/test/auto/Differential.xml
----------------- Instantiating /home/travis/build/icyphy/ptII/ptolemy/actor/lib/test/auto/Differential.xml
2 ms. Memory: 330752K Free: 226612K (69%)
----------------- Invoking toplevel() on ptolemy.moml.MoMLSimpleApplication@52b0532c
----------------- Done invoking toplevel() on ptolemy.moml.MoMLSimpleApplication@52b0532c
reloadAllAccessors: .Differential

===========================================================================================
----------------- testing Wed May 11 19:56:27 UTC 2022 /home/travis/build/icyphy/ptII/ptolemy/actor/lib/test/auto/Director.xml
----------------- Instantiating /home/travis/build/icyphy/ptII/ptolemy/actor/lib/test/auto/Director.xml
1 ms. Memory: 330752K Free: 223030K (67%)
----------------- Invoking toplevel() on ptolemy.moml.MoMLSimpleApplication@35cf6922
----------------- Done invoking toplevel() on ptolemy.moml.MoMLSimpleApplication@35cf6922
reloadAllAccessors: .Director

===========================================================================================
----------------- testing Wed May 11 19:56:27 UTC 2022 /home/travis/build/icyphy/ptII/ptolemy/actor/lib/test/auto/DiscreteClock.xml
----------------- Instantiating /home/travis/build/icyphy/ptII/ptolemy/actor/lib/test/auto/DiscreteClock.xml
1 ms. Memory: 330752K Free: 218934K (66%)
----------------- Invoking toplevel() on ptolemy.moml.MoMLSimpleApplication@2a3bc109
----------------- Done invoking toplevel() on ptolemy.moml.MoMLSimpleApplication@2a3bc109
reloadAllAccessors: .DiscreteClock

===========================================================================================
----------------- testing Wed May 11 19:56:27 UTC 2022 /home/travis/build/icyphy/ptII/ptolemy/actor/lib/test/auto/DiscreteClock10.xml
----------------- Instantiating /home/travis/build/icyphy/ptII/ptolemy/actor/lib/test/auto/DiscreteClock10.xml
3 ms. Memory: 330752K Free: 213300K (64%)
----------------- Invoking toplevel() on ptolemy.moml.MoMLSimpleApplication@dcfd22c
----------------- Done invoking toplevel() on ptolemy.moml.MoMLSimpleApplication@dcfd22c
reloadAllAccessors: .DiscreteClock10

===========================================================================================
----------------- testing Wed May 11 19:56:27 UTC 2022 /home/travis/build/icyphy/ptII/ptolemy/actor/lib/test/auto/DiscreteClock11.xml
----------------- Instantiating /home/travis/build/icyphy/ptII/ptolemy/actor/lib/test/auto/DiscreteClock11.xml
1 ms. Memory: 330752K Free: 207156K (63%)
----------------- Invoking toplevel() on ptolemy.moml.MoMLSimpleApplication@33595d0e
----------------- Done invoking toplevel() on ptolemy.moml.MoMLSimpleApplication@33595d0e
reloadAllAccessors: .DiscreteClock11

===========================================================================================
----------------- testing Wed May 11 19:56:27 UTC 2022 /home/travis/build/icyphy/ptII/ptolemy/actor/lib/test/auto/DiscreteClock12.xml
----------------- Instantiating /home/travis/build/icyphy/ptII/ptolemy/actor/lib/test/auto/DiscreteClock12.xml
2 ms. Memory: 330752K Free: 201012K (61%)
----------------- Invoking toplevel() on ptolemy.moml.MoMLSimpleApplication@4858b816
----------------- Done invoking toplevel() on ptolemy.moml.MoMLSimpleApplication@4858b816
reloadAllAccessors: .DiscreteClock12

===========================================================================================
----------------- testing Wed May 11 19:56:27 UTC 2022 /home/travis/build/icyphy/ptII/ptolemy/actor/lib/test/auto/DiscreteClock13.xml
----------------- Instantiating /home/travis/build/icyphy/ptII/ptolemy/actor/lib/test/auto/DiscreteClock13.xml
4 ms. Memory: 330752K Free: 194838K (59%)
----------------- Invoking toplevel() on ptolemy.moml.MoMLSimpleApplication@480a0148
----------------- Done invoking toplevel() on ptolemy.moml.MoMLSimpleApplication@480a0148
reloadAllAccessors: .DiscreteClock13

===========================================================================================
----------------- testing Wed May 11 19:56:27 UTC 2022 /home/travis/build/icyphy/ptII/ptolemy/actor/lib/test/auto/DiscreteClock14.xml
----------------- Instantiating /home/travis/build/icyphy/ptII/ptolemy/actor/lib/test/auto/DiscreteClock14.xml
6 ms. Memory: 330752K Free: 189238K (57%)
----------------- Invoking toplevel() on ptolemy.moml.MoMLSimpleApplication@56022681
----------------- Done invoking toplevel() on ptolemy.moml.MoMLSimpleApplication@56022681
reloadAllAccessors: .DiscreteClock14

===========================================================================================
----------------- testing Wed May 11 19:56:27 UTC 2022 /home/travis/build/icyphy/ptII/ptolemy/actor/lib/test/auto/DiscreteClock15.xml
----------------- Instantiating /home/travis/build/icyphy/ptII/ptolemy/actor/lib/test/auto/DiscreteClock15.xml
4 ms. Memory: 330752K Free: 183094K (55%)
----------------- Invoking toplevel() on ptolemy.moml.MoMLSimpleApplication@7ef4ad3b
----------------- Done invoking toplevel() on ptolemy.moml.MoMLSimpleApplication@7ef4ad3b
reloadAllAccessors: .DiscreteClock15

===========================================================================================
----------------- testing Wed May 11 19:56:27 UTC 2022 /home/travis/build/icyphy/ptII/ptolemy/actor/lib/test/auto/DiscreteClock16.xml
----------------- Instantiating /home/travis/build/icyphy/ptII/ptolemy/actor/lib/test/auto/DiscreteClock16.xml
15 ms. Memory: 330752K Free: 169254K (51%)
----------------- Invoking toplevel() on ptolemy.moml.MoMLSimpleApplication@433b37fd
----------------- Done invoking toplevel() on ptolemy.moml.MoMLSimpleApplication@433b37fd
reloadAllAccessors: .DiscreteClock16

===========================================================================================
----------------- testing Wed May 11 19:56:27 UTC 2022 /home/travis/build/icyphy/ptII/ptolemy/actor/lib/test/auto/DiscreteClock17.xml
----------------- Instantiating /home/travis/build/icyphy/ptII/ptolemy/actor/lib/test/auto/DiscreteClock17.xml
12 ms. Memory: 330752K Free: 154422K (47%)
----------------- Invoking toplevel() on ptolemy.moml.MoMLSimpleApplication@eaf5838
----------------- Done invoking toplevel() on ptolemy.moml.MoMLSimpleApplication@eaf5838
reloadAllAccessors: .DiscreteClock17

===========================================================================================
----------------- testing Wed May 11 19:56:27 UTC 2022 /home/travis/build/icyphy/ptII/ptolemy/actor/lib/test/auto/DiscreteClock18.xml
----------------- Instantiating /home/travis/build/icyphy/ptII/ptolemy/actor/lib/test/auto/DiscreteClock18.xml
22 ms. Memory: 330752K Free: 141606K (43%)
----------------- Invoking toplevel() on ptolemy.moml.MoMLSimpleApplication@1711091d
----------------- Done invoking toplevel() on ptolemy.moml.MoMLSimpleApplication@1711091d
reloadAllAccessors: .DiscreteClock18

===========================================================================================
----------------- testing Wed May 11 19:56:27 UTC 2022 /home/travis/build/icyphy/ptII/ptolemy/actor/lib/test/auto/DiscreteClock19.xml
----------------- Instantiating /home/travis/build/icyphy/ptII/ptolemy/actor/lib/test/auto/DiscreteClock19.xml
14 ms. Memory: 330752K Free: 127270K (38%)
----------------- Invoking toplevel() on ptolemy.moml.MoMLSimpleApplication@2c614fd9
----------------- Done invoking toplevel() on ptolemy.moml.MoMLSimpleApplication@2c614fd9
reloadAllAccessors: .DiscreteClock19

===========================================================================================
----------------- testing Wed May 11 19:56:27 UTC 2022 /home/travis/build/icyphy/ptII/ptolemy/actor/lib/test/auto/DiscreteClock2.xml
----------------- Instantiating /home/travis/build/icyphy/ptII/ptolemy/actor/lib/test/auto/DiscreteClock2.xml
2 ms. Memory: 330752K Free: 122134K (37%)
----------------- Invoking toplevel() on ptolemy.moml.MoMLSimpleApplication@6616241a
----------------- Done invoking toplevel() on ptolemy.moml.MoMLSimpleApplication@6616241a
reloadAllAccessors: .DiscreteClock2

===========================================================================================
----------------- testing Wed May 11 19:56:27 UTC 2022 /home/travis/build/icyphy/ptII/ptolemy/actor/lib/test/auto/DiscreteClock20.xml
----------------- Instantiating /home/travis/build/icyphy/ptII/ptolemy/actor/lib/test/auto/DiscreteClock20.xml
5 ms. Memory: 330752K Free: 116534K (35%)
----------------- Invoking toplevel() on ptolemy.moml.MoMLSimpleApplication@86b0cee
----------------- Done invoking toplevel() on ptolemy.moml.MoMLSimpleApplication@86b0cee
reloadAllAccessors: .DiscreteClock20

===========================================================================================
----------------- testing Wed May 11 19:56:27 UTC 2022 /home/travis/build/icyphy/ptII/ptolemy/actor/lib/test/auto/DiscreteClock21.xml
----------------- Instantiating /home/travis/build/icyphy/ptII/ptolemy/actor/lib/test/auto/DiscreteClock21.xml
2 ms. Memory: 330752K Free: 110900K (34%)
----------------- Invoking toplevel() on ptolemy.moml.MoMLSimpleApplication@4253e629
----------------- Done invoking toplevel() on ptolemy.moml.MoMLSimpleApplication@4253e629
reloadAllAccessors: .DiscreteClock21

===========================================================================================
----------------- testing Wed May 11 19:56:27 UTC 2022 /home/travis/build/icyphy/ptII/ptolemy/actor/lib/test/auto/DiscreteClock22.xml
----------------- Instantiating /home/travis/build/icyphy/ptII/ptolemy/actor/lib/test/auto/DiscreteClock22.xml
2 ms. Memory: 330752K Free: 105270K (32%)
----------------- Invoking toplevel() on ptolemy.moml.MoMLSimpleApplication@2545a046
----------------- Done invoking toplevel() on ptolemy.moml.MoMLSimpleApplication@2545a046
reloadAllAccessors: .DiscreteClock22

===========================================================================================
----------------- testing Wed May 11 19:56:27 UTC 2022 /home/travis/build/icyphy/ptII/ptolemy/actor/lib/test/auto/DiscreteClock23.xml
----------------- Instantiating /home/travis/build/icyphy/ptII/ptolemy/actor/lib/test/auto/DiscreteClock23.xml
9 ms. Memory: 330752K Free: 99636K (30%)
----------------- Invoking toplevel() on ptolemy.moml.MoMLSimpleApplication@2c2a1ef8
----------------- Done invoking toplevel() on ptolemy.moml.MoMLSimpleApplication@2c2a1ef8
reloadAllAccessors: .DiscreteClock23

===========================================================================================
----------------- testing Wed May 11 19:56:27 UTC 2022 /home/travis/build/icyphy/ptII/ptolemy/actor/lib/test/auto/DiscreteClock24.xml
----------------- Instantiating /home/travis/build/icyphy/ptII/ptolemy/actor/lib/test/auto/DiscreteClock24.xml
1 ms. Memory: 330752K Free: 94516K (29%)
----------------- Invoking toplevel() on ptolemy.moml.MoMLSimpleApplication@4b7c0640
----------------- Done invoking toplevel() on ptolemy.moml.MoMLSimpleApplication@4b7c0640
reloadAllAccessors: .DiscreteClock24

===========================================================================================
----------------- testing Wed May 11 19:56:27 UTC 2022 /home/travis/build/icyphy/ptII/ptolemy/actor/lib/test/auto/DiscreteClock4.xml
----------------- Instantiating /home/travis/build/icyphy/ptII/ptolemy/actor/lib/test/auto/DiscreteClock4.xml
3 ms. Memory: 330752K Free: 88886K (27%)
----------------- Invoking toplevel() on ptolemy.moml.MoMLSimpleApplication@12f074df
----------------- Done invoking toplevel() on ptolemy.moml.MoMLSimpleApplication@12f074df
reloadAllAccessors: .DiscreteClock4

===========================================================================================
----------------- testing Wed May 11 19:56:27 UTC 2022 /home/travis/build/icyphy/ptII/ptolemy/actor/lib/test/auto/DiscreteClock5.xml
----------------- Instantiating /home/travis/build/icyphy/ptII/ptolemy/actor/lib/test/auto/DiscreteClock5.xml
1 ms. Memory: 330752K Free: 277642K (84%)
----------------- Invoking toplevel() on ptolemy.moml.MoMLSimpleApplication@763ec8f1
----------------- Done invoking toplevel() on ptolemy.moml.MoMLSimpleApplication@763ec8f1
reloadAllAccessors: .DiscreteClock5

===========================================================================================
----------------- testing Wed May 11 19:56:27 UTC 2022 /home/travis/build/icyphy/ptII/ptolemy/actor/lib/test/auto/DiscreteClock6.xml
----------------- Instantiating /home/travis/build/icyphy/ptII/ptolemy/actor/lib/test/auto/DiscreteClock6.xml
1 ms. Memory: 330752K Free: 273546K (83%)
----------------- Invoking toplevel() on ptolemy.moml.MoMLSimpleApplication@7d0cb9c0
----------------- Done invoking toplevel() on ptolemy.moml.MoMLSimpleApplication@7d0cb9c0
reloadAllAccessors: .DiscreteClock6

===========================================================================================
----------------- testing Wed May 11 19:56:27 UTC 2022 /home/travis/build/icyphy/ptII/ptolemy/actor/lib/test/auto/DiscreteClock7.xml
----------------- Instantiating /home/travis/build/icyphy/ptII/ptolemy/actor/lib/test/auto/DiscreteClock7.xml
1 ms. Memory: 330752K Free: 268936K (81%)
----------------- Invoking toplevel() on ptolemy.moml.MoMLSimpleApplication@1f69a22a
----------------- Done invoking toplevel() on ptolemy.moml.MoMLSimpleApplication@1f69a22a
reloadAllAccessors: .DiscreteClock7

===========================================================================================
----------------- testing Wed May 11 19:56:27 UTC 2022 /home/travis/build/icyphy/ptII/ptolemy/actor/lib/test/auto/DiscreteClock8.xml
----------------- Instantiating /home/travis/build/icyphy/ptII/ptolemy/actor/lib/test/auto/DiscreteClock8.xml
4 ms. Memory: 330752K Free: 263306K (80%)
----------------- Invoking toplevel() on ptolemy.moml.MoMLSimpleApplication@46d892c4
----------------- Done invoking toplevel() on ptolemy.moml.MoMLSimpleApplication@46d892c4
reloadAllAccessors: .DiscreteClock8

===========================================================================================
----------------- testing Wed May 11 19:56:27 UTC 2022 /home/travis/build/icyphy/ptII/ptolemy/actor/lib/test/auto/DiscreteClock9.xml
----------------- Instantiating /home/travis/build/icyphy/ptII/ptolemy/actor/lib/test/auto/DiscreteClock9.xml
4 ms. Memory: 330752K Free: 257666K (78%)
----------------- Invoking toplevel() on ptolemy.moml.MoMLSimpleApplication@599ec2bb
----------------- Done invoking toplevel() on ptolemy.moml.MoMLSimpleApplication@599ec2bb
reloadAllAccessors: .DiscreteClock9

===========================================================================================
----------------- testing Wed May 11 19:56:27 UTC 2022 /home/travis/build/icyphy/ptII/ptolemy/actor/lib/test/auto/DisplayArray.xml
----------------- Instantiating /home/travis/build/icyphy/ptII/ptolemy/actor/lib/test/auto/DisplayArray.xml
1 ms. Memory: 330752K Free: 254600K (77%)
----------------- Invoking toplevel() on ptolemy.moml.MoMLSimpleApplication@55703d72
----------------- Done invoking toplevel() on ptolemy.moml.MoMLSimpleApplication@55703d72
reloadAllAccessors: .DisplayArray

===========================================================================================
----------------- testing Wed May 11 19:56:27 UTC 2022 /home/travis/build/icyphy/ptII/ptolemy/actor/lib/test/auto/Distributor.xml
----------------- Instantiating /home/travis/build/icyphy/ptII/ptolemy/actor/lib/test/auto/Distributor.xml
1 ms. Memory: 330752K Free: 249480K (75%)
----------------- Invoking toplevel() on ptolemy.moml.MoMLSimpleApplication@26ec778f
----------------- Done invoking toplevel() on ptolemy.moml.MoMLSimpleApplication@26ec778f
reloadAllAccessors: .Distributor

===========================================================================================
----------------- testing Wed May 11 19:56:27 UTC 2022 /home/travis/build/icyphy/ptII/ptolemy/actor/lib/test/auto/Distributor2.xml
----------------- Instantiating /home/travis/build/icyphy/ptII/ptolemy/actor/lib/test/auto/Distributor2.xml
1 ms. Memory: 330752K Free: 244360K (74%)
----------------- Invoking toplevel() on ptolemy.moml.MoMLSimpleApplication@7081e30b
----------------- Done invoking toplevel() on ptolemy.moml.MoMLSimpleApplication@7081e30b
reloadAllAccessors: .Distributor2

===========================================================================================
----------------- testing Wed May 11 19:56:27 UTC 2022 /home/travis/build/icyphy/ptII/ptolemy/actor/lib/test/auto/DownSample.xml
----------------- Instantiating /home/travis/build/icyphy/ptII/ptolemy/actor/lib/test/auto/DownSample.xml
2 ms. Memory: 330752K Free: 239754K (72%)
----------------- Invoking toplevel() on ptolemy.moml.MoMLSimpleApplication@6146d6a5
----------------- Done invoking toplevel() on ptolemy.moml.MoMLSimpleApplication@6146d6a5
reloadAllAccessors: .DownSample

===========================================================================================
----------------- testing Wed May 11 19:56:27 UTC 2022 /home/travis/build/icyphy/ptII/ptolemy/actor/lib/test/auto/ElectronicUnitBase1.xml
----------------- Instantiating /home/travis/build/icyphy/ptII/ptolemy/actor/lib/test/auto/ElectronicUnitBase1.xml
19 ms. Memory: 330752K Free: 224394K (68%)
----------------- Invoking toplevel() on ptolemy.moml.MoMLSimpleApplication@33c9dc23
----------------- Done invoking toplevel() on ptolemy.moml.MoMLSimpleApplication@33c9dc23
reloadAllAccessors: .ElectronicUnitBase1

===========================================================================================
----------------- testing Wed May 11 19:56:27 UTC 2022 /home/travis/build/icyphy/ptII/ptolemy/actor/lib/test/auto/ElementsToArray.xml
----------------- Instantiating /home/travis/build/icyphy/ptII/ptolemy/actor/lib/test/auto/ElementsToArray.xml
2 ms. Memory: 330752K Free: 219274K (66%)
----------------- Invoking toplevel() on ptolemy.moml.MoMLSimpleApplication@29b5fe80
----------------- Done invoking toplevel() on ptolemy.moml.MoMLSimpleApplication@29b5fe80
reloadAllAccessors: .ElementsToArray

===========================================================================================
----------------- testing Wed May 11 19:56:27 UTC 2022 /home/travis/build/icyphy/ptII/ptolemy/actor/lib/test/auto/Equals.xml
----------------- Instantiating /home/travis/build/icyphy/ptII/ptolemy/actor/lib/test/auto/Equals.xml
2 ms. Memory: 330752K Free: 214664K (65%)
----------------- Invoking toplevel() on ptolemy.moml.MoMLSimpleApplication@28e453ac
----------------- Done invoking toplevel() on ptolemy.moml.MoMLSimpleApplication@28e453ac
reloadAllAccessors: .Equals

===========================================================================================
----------------- testing Wed May 11 19:56:27 UTC 2022 /home/travis/build/icyphy/ptII/ptolemy/actor/lib/test/auto/Exec.xml
----------------- Instantiating /home/travis/build/icyphy/ptII/ptolemy/actor/lib/test/auto/Exec.xml
18 ms. Memory: 330752K Free: 208506K (63%)
----------------- Invoking toplevel() on ptolemy.moml.MoMLSimpleApplication@7da9b131
----------------- Done invoking toplevel() on ptolemy.moml.MoMLSimpleApplication@7da9b131
reloadAllAccessors: .Exec

===========================================================================================
----------------- testing Wed May 11 19:56:27 UTC 2022 /home/travis/build/icyphy/ptII/ptolemy/actor/lib/test/auto/ExecEnvironment.xml
----------------- Instantiating /home/travis/build/icyphy/ptII/ptolemy/actor/lib/test/auto/ExecEnvironment.xml
22 ms. Memory: 330752K Free: 203386K (61%)
----------------- Invoking toplevel() on ptolemy.moml.MoMLSimpleApplication@70b8875
----------------- Done invoking toplevel() on ptolemy.moml.MoMLSimpleApplication@70b8875
reloadAllAccessors: .ExecEnvironment

===========================================================================================
----------------- testing Wed May 11 19:56:28 UTC 2022 /home/travis/build/icyphy/ptII/ptolemy/actor/lib/test/auto/ExecNonZeroReturnOutput.xml
----------------- Instantiating /home/travis/build/icyphy/ptII/ptolemy/actor/lib/test/auto/ExecNonZeroReturnOutput.xml
171 ms. Memory: 330752K Free: 192136K (58%)
----------------- Invoking toplevel() on ptolemy.moml.MoMLSimpleApplication@71845085
----------------- Done invoking toplevel() on ptolemy.moml.MoMLSimpleApplication@71845085
reloadAllAccessors: .ExecNonZeroReturnOutput

===========================================================================================
----------------- testing Wed May 11 19:56:28 UTC 2022 /home/travis/build/icyphy/ptII/ptolemy/actor/lib/test/auto/ExecRunDemos.xml
----------------- Instantiating /home/travis/build/icyphy/ptII/ptolemy/actor/lib/test/auto/ExecRunDemos.xml
Finished: 76 ms. Memory: 129024K Free: 111748K (87%)

Finished: 45 ms. Memory: 129024K Free: 108792K (84%)

Finished: 96 ms. Memory: 129024K Free: 109075K (85%)

Finished: 57 ms. Memory: 129024K Free: 110578K (86%)

Finished: 58 ms. Memory: 129024K Free: 111352K (86%)

10124 ms. Memory: 330752K Free: 171656K (52%)
----------------- Invoking toplevel() on ptolemy.moml.MoMLSimpleApplication@794f52f
----------------- Done invoking toplevel() on ptolemy.moml.MoMLSimpleApplication@794f52f
reloadAllAccessors: .ExecRunDemos

===========================================================================================
----------------- testing Wed May 11 19:56:38 UTC 2022 /home/travis/build/icyphy/ptII/ptolemy/actor/lib/test/auto/ExecStop.xml
----------------- Instantiating /home/travis/build/icyphy/ptII/ptolemy/actor/lib/test/auto/ExecStop.xml
5022 ms. Memory: 330752K Free: 227164K (69%)
----------------- Invoking toplevel() on ptolemy.moml.MoMLSimpleApplication@34da34d9
----------------- Done invoking toplevel() on ptolemy.moml.MoMLSimpleApplication@34da34d9
reloadAllAccessors: .ExecStop

===========================================================================================
----------------- testing Wed May 11 19:56:43 UTC 2022 /home/travis/build/icyphy/ptII/ptolemy/actor/lib/test/auto/ExecutionTimeSDF.xml
----------------- Instantiating /home/travis/build/icyphy/ptII/ptolemy/actor/lib/test/auto/ExecutionTimeSDF.xml
Fired ExecutionTime: -587367296
Fired ExecutionTime: 1350000000
Fired ExecutionTime: -164967296
6003 ms. Memory: 330752K Free: 214375K (65%)
----------------- Invoking toplevel() on ptolemy.moml.MoMLSimpleApplication@4e426f9
----------------- Done invoking toplevel() on ptolemy.moml.MoMLSimpleApplication@4e426f9
reloadAllAccessors: .ExecutionTimeSDF

===========================================================================================
----------------- testing Wed May 11 19:56:49 UTC 2022 /home/travis/build/icyphy/ptII/ptolemy/actor/lib/test/auto/Expression1.xml
----------------- Instantiating /home/travis/build/icyphy/ptII/ptolemy/actor/lib/test/auto/Expression1.xml
2 ms. Memory: 330752K Free: 210776K (64%)
----------------- Invoking toplevel() on ptolemy.moml.MoMLSimpleApplication@ba8fa40
----------------- Done invoking toplevel() on ptolemy.moml.MoMLSimpleApplication@ba8fa40
reloadAllAccessors: .Expression1

===========================================================================================
----------------- testing Wed May 11 19:56:49 UTC 2022 /home/travis/build/icyphy/ptII/ptolemy/actor/lib/test/auto/Expression10.xml
----------------- Instantiating /home/travis/build/icyphy/ptII/ptolemy/actor/lib/test/auto/Expression10.xml
5 ms. Memory: 330752K Free: 205686K (62%)
----------------- Invoking toplevel() on ptolemy.moml.MoMLSimpleApplication@6822b301
----------------- Done invoking toplevel() on ptolemy.moml.MoMLSimpleApplication@6822b301
reloadAllAccessors: .Expression10

===========================================================================================
----------------- testing Wed May 11 19:56:49 UTC 2022 /home/travis/build/icyphy/ptII/ptolemy/actor/lib/test/auto/Expression11.xml
----------------- Instantiating /home/travis/build/icyphy/ptII/ptolemy/actor/lib/test/auto/Expression11.xml
3 ms. Memory: 330752K Free: 201054K (61%)
----------------- Invoking toplevel() on ptolemy.moml.MoMLSimpleApplication@3a16a868
----------------- Done invoking toplevel() on ptolemy.moml.MoMLSimpleApplication@3a16a868
reloadAllAccessors: .Expression11

===========================================================================================
----------------- testing Wed May 11 19:56:49 UTC 2022 /home/travis/build/icyphy/ptII/ptolemy/actor/lib/test/auto/Expression12.xml
----------------- Instantiating /home/travis/build/icyphy/ptII/ptolemy/actor/lib/test/auto/Expression12.xml
2 ms. Memory: 330752K Free: 195446K (59%)
----------------- Invoking toplevel() on ptolemy.moml.MoMLSimpleApplication@5ed9c5fd
----------------- Done invoking toplevel() on ptolemy.moml.MoMLSimpleApplication@5ed9c5fd
reloadAllAccessors: .Expression12

===========================================================================================
----------------- testing Wed May 11 19:56:49 UTC 2022 /home/travis/build/icyphy/ptII/ptolemy/actor/lib/test/auto/Expression13.xml
----------------- Instantiating /home/travis/build/icyphy/ptII/ptolemy/actor/lib/test/auto/Expression13.xml
2 ms. Memory: 330752K Free: 190326K (58%)
----------------- Invoking toplevel() on ptolemy.moml.MoMLSimpleApplication@3903eb7
----------------- Done invoking toplevel() on ptolemy.moml.MoMLSimpleApplication@3903eb7
reloadAllAccessors: .Expression13

===========================================================================================
----------------- testing Wed May 11 19:56:49 UTC 2022 /home/travis/build/icyphy/ptII/ptolemy/actor/lib/test/auto/Expression14.xml
----------------- Instantiating /home/travis/build/icyphy/ptII/ptolemy/actor/lib/test/auto/Expression14.xml
4 ms. Memory: 330752K Free: 184719K (56%)
----------------- Invoking toplevel() on ptolemy.moml.MoMLSimpleApplication@27663e0
----------------- Done invoking toplevel() on ptolemy.moml.MoMLSimpleApplication@27663e0
reloadAllAccessors: .Expression14

===========================================================================================
----------------- testing Wed May 11 19:56:49 UTC 2022 /home/travis/build/icyphy/ptII/ptolemy/actor/lib/test/auto/Expression15.xml
----------------- Instantiating /home/travis/build/icyphy/ptII/ptolemy/actor/lib/test/auto/Expression15.xml
1 ms. Memory: 330752K Free: 180609K (55%)
----------------- Invoking toplevel() on ptolemy.moml.MoMLSimpleApplication@8069c2c
----------------- Done invoking toplevel() on ptolemy.moml.MoMLSimpleApplication@8069c2c
reloadAllAccessors: .Expression15

===========================================================================================
----------------- testing Wed May 11 19:56:49 UTC 2022 /home/travis/build/icyphy/ptII/ptolemy/actor/lib/test/auto/Expression16.xml
----------------- Instantiating /home/travis/build/icyphy/ptII/ptolemy/actor/lib/test/auto/Expression16.xml
2 ms. Memory: 330752K Free: 175473K (53%)
----------------- Invoking toplevel() on ptolemy.moml.MoMLSimpleApplication@33ebc167
----------------- Done invoking toplevel() on ptolemy.moml.MoMLSimpleApplication@33ebc167
reloadAllAccessors: .Expression16

===========================================================================================
----------------- testing Wed May 11 19:56:49 UTC 2022 /home/travis/build/icyphy/ptII/ptolemy/actor/lib/test/auto/Expression17.xml
----------------- Instantiating /home/travis/build/icyphy/ptII/ptolemy/actor/lib/test/auto/Expression17.xml
3 ms. Memory: 330752K Free: 170870K (52%)
----------------- Invoking toplevel() on ptolemy.moml.MoMLSimpleApplication@15230ca4
----------------- Done invoking toplevel() on ptolemy.moml.MoMLSimpleApplication@15230ca4
reloadAllAccessors: .Expression17

===========================================================================================
----------------- testing Wed May 11 19:56:49 UTC 2022 /home/travis/build/icyphy/ptII/ptolemy/actor/lib/test/auto/Expression18.xml
----------------- Instantiating /home/travis/build/icyphy/ptII/ptolemy/actor/lib/test/auto/Expression18.xml
3 ms. Memory: 330752K Free: 165263K (50%)
----------------- Invoking toplevel() on ptolemy.moml.MoMLSimpleApplication@4e643127
----------------- Done invoking toplevel() on ptolemy.moml.MoMLSimpleApplication@4e643127
reloadAllAccessors: .Expression18

===========================================================================================
----------------- testing Wed May 11 19:56:49 UTC 2022 /home/travis/build/icyphy/ptII/ptolemy/actor/lib/test/auto/Expression2.xml
----------------- Instantiating /home/travis/build/icyphy/ptII/ptolemy/actor/lib/test/auto/Expression2.xml
2 ms. Memory: 330752K Free: 160113K (48%)
----------------- Invoking toplevel() on ptolemy.moml.MoMLSimpleApplication@6e8243fb
----------------- Done invoking toplevel() on ptolemy.moml.MoMLSimpleApplication@6e8243fb
reloadAllAccessors: .Expression2

===========================================================================================
----------------- testing Wed May 11 19:56:49 UTC 2022 /home/travis/build/icyphy/ptII/ptolemy/actor/lib/test/auto/Expression3.xml
----------------- Instantiating /home/travis/build/icyphy/ptII/ptolemy/actor/lib/test/auto/Expression3.xml
5 ms. Memory: 330752K Free: 154993K (47%)
----------------- Invoking toplevel() on ptolemy.moml.MoMLSimpleApplication@5c4c6bd9
----------------- Done invoking toplevel() on ptolemy.moml.MoMLSimpleApplication@5c4c6bd9
reloadAllAccessors: .Expression3

===========================================================================================
----------------- testing Wed May 11 19:56:49 UTC 2022 /home/travis/build/icyphy/ptII/ptolemy/actor/lib/test/auto/Expression4.xml
----------------- Instantiating /home/travis/build/icyphy/ptII/ptolemy/actor/lib/test/auto/Expression4.xml
9 ms. Memory: 330752K Free: 147841K (45%)
----------------- Invoking toplevel() on ptolemy.moml.MoMLSimpleApplication@786c40c4
----------------- Done invoking toplevel() on ptolemy.moml.MoMLSimpleApplication@786c40c4
reloadAllAccessors: .Expression4

===========================================================================================
----------------- testing Wed May 11 19:56:49 UTC 2022 /home/travis/build/icyphy/ptII/ptolemy/actor/lib/test/auto/Expression5.xml
----------------- Instantiating /home/travis/build/icyphy/ptII/ptolemy/actor/lib/test/auto/Expression5.xml
3 ms. Memory: 330752K Free: 142686K (43%)
----------------- Invoking toplevel() on ptolemy.moml.MoMLSimpleApplication@4d81242a
----------------- Done invoking toplevel() on ptolemy.moml.MoMLSimpleApplication@4d81242a
reloadAllAccessors: .Expression5

===========================================================================================
----------------- testing Wed May 11 19:56:49 UTC 2022 /home/travis/build/icyphy/ptII/ptolemy/actor/lib/test/auto/Expression6.xml
----------------- Instantiating /home/travis/build/icyphy/ptII/ptolemy/actor/lib/test/auto/Expression6.xml
2 ms. Memory: 330752K Free: 138094K (42%)
----------------- Invoking toplevel() on ptolemy.moml.MoMLSimpleApplication@552701c7
----------------- Done invoking toplevel() on ptolemy.moml.MoMLSimpleApplication@552701c7
reloadAllAccessors: .Expression6

===========================================================================================
----------------- testing Wed May 11 19:56:49 UTC 2022 /home/travis/build/icyphy/ptII/ptolemy/actor/lib/test/auto/Expression7.xml
----------------- Instantiating /home/travis/build/icyphy/ptII/ptolemy/actor/lib/test/auto/Expression7.xml
2 ms. Memory: 330752K Free: 132982K (40%)
----------------- Invoking toplevel() on ptolemy.moml.MoMLSimpleApplication@7fecad65
----------------- Done invoking toplevel() on ptolemy.moml.MoMLSimpleApplication@7fecad65
reloadAllAccessors: .Expression7

===========================================================================================
----------------- testing Wed May 11 19:56:49 UTC 2022 /home/travis/build/icyphy/ptII/ptolemy/actor/lib/test/auto/Expression8.xml
----------------- Instantiating /home/travis/build/icyphy/ptII/ptolemy/actor/lib/test/auto/Expression8.xml
9 ms. Memory: 330752K Free: 127862K (39%)
----------------- Invoking toplevel() on ptolemy.moml.MoMLSimpleApplication@1131c65
----------------- Done invoking toplevel() on ptolemy.moml.MoMLSimpleApplication@1131c65
reloadAllAccessors: .Expression8

===========================================================================================
----------------- testing Wed May 11 19:56:49 UTC 2022 /home/travis/build/icyphy/ptII/ptolemy/actor/lib/test/auto/Expression9.xml
----------------- Instantiating /home/travis/build/icyphy/ptII/ptolemy/actor/lib/test/auto/Expression9.xml
1 ms. Memory: 330752K Free: 124303K (38%)
----------------- Invoking toplevel() on ptolemy.moml.MoMLSimpleApplication@85db03d
----------------- Done invoking toplevel() on ptolemy.moml.MoMLSimpleApplication@85db03d
reloadAllAccessors: .Expression9

===========================================================================================
----------------- testing Wed May 11 19:56:49 UTC 2022 /home/travis/build/icyphy/ptII/ptolemy/actor/lib/test/auto/ExpressionConcatenateArrayType.xml
----------------- Instantiating /home/travis/build/icyphy/ptII/ptolemy/actor/lib/test/auto/ExpressionConcatenateArrayType.xml
3 ms. Memory: 330752K Free: 117622K (36%)
----------------- Invoking toplevel() on ptolemy.moml.MoMLSimpleApplication@4d35c763
----------------- Done invoking toplevel() on ptolemy.moml.MoMLSimpleApplication@4d35c763
reloadAllAccessors: .ExpressionConcatenateArrayType

===========================================================================================
----------------- testing Wed May 11 19:56:49 UTC 2022 /home/travis/build/icyphy/ptII/ptolemy/actor/lib/test/auto/ExpressionConcatenateArrayType2.xml
----------------- Instantiating /home/travis/build/icyphy/ptII/ptolemy/actor/lib/test/auto/ExpressionConcatenateArrayType2.xml
2 ms. Memory: 330752K Free: 111966K (34%)
----------------- Invoking toplevel() on ptolemy.moml.MoMLSimpleApplication@2f707161
----------------- Done invoking toplevel() on ptolemy.moml.MoMLSimpleApplication@2f707161
reloadAllAccessors: .ExpressionConcatenateArrayType2

===========================================================================================
----------------- testing Wed May 11 19:56:49 UTC 2022 /home/travis/build/icyphy/ptII/ptolemy/actor/lib/test/auto/ExpressionFix.xml
----------------- Instantiating /home/travis/build/icyphy/ptII/ptolemy/actor/lib/test/auto/ExpressionFix.xml
18 ms. Memory: 330752K Free: 105334K (32%)
----------------- Invoking toplevel() on ptolemy.moml.MoMLSimpleApplication@2e646
----------------- Done invoking toplevel() on ptolemy.moml.MoMLSimpleApplication@2e646
reloadAllAccessors: .ExpressionFix

===========================================================================================
----------------- testing Wed May 11 19:56:49 UTC 2022 /home/travis/build/icyphy/ptII/ptolemy/actor/lib/test/auto/ExpressionFix2.xml
----------------- Instantiating /home/travis/build/icyphy/ptII/ptolemy/actor/lib/test/auto/ExpressionFix2.xml
5 ms. Memory: 330752K Free: 101726K (31%)
----------------- Invoking toplevel() on ptolemy.moml.MoMLSimpleApplication@3c636c9b
----------------- Done invoking toplevel() on ptolemy.moml.MoMLSimpleApplication@3c636c9b
reloadAllAccessors: .ExpressionFix2

===========================================================================================
----------------- testing Wed May 11 19:56:49 UTC 2022 /home/travis/build/icyphy/ptII/ptolemy/actor/lib/test/auto/ExpressionFix3.xml
----------------- Instantiating /home/travis/build/icyphy/ptII/ptolemy/actor/lib/test/auto/ExpressionFix3.xml
2 ms. Memory: 330752K Free: 97630K (30%)
----------------- Invoking toplevel() on ptolemy.moml.MoMLSimpleApplication@50c98992
----------------- Done invoking toplevel() on ptolemy.moml.MoMLSimpleApplication@50c98992
reloadAllAccessors: .ExpressionFix3

===========================================================================================
----------------- testing Wed May 11 19:56:49 UTC 2022 /home/travis/build/icyphy/ptII/ptolemy/actor/lib/test/auto/FileWriter1.xml
----------------- Instantiating /home/travis/build/icyphy/ptII/ptolemy/actor/lib/test/auto/FileWriter1.xml
1 ms. Memory: 330752K Free: 93583K (28%)
----------------- Invoking toplevel() on ptolemy.moml.MoMLSimpleApplication@72d819ea
----------------- Done invoking toplevel() on ptolemy.moml.MoMLSimpleApplication@72d819ea
reloadAllAccessors: .FileWriter1

===========================================================================================
----------------- testing Wed May 11 19:56:49 UTC 2022 /home/travis/build/icyphy/ptII/ptolemy/actor/lib/test/auto/FileWriter2.xml
----------------- Instantiating /home/travis/build/icyphy/ptII/ptolemy/actor/lib/test/auto/FileWriter2.xml
2 ms. Memory: 330752K Free: 88950K (27%)
----------------- Invoking toplevel() on ptolemy.moml.MoMLSimpleApplication@5b9c637b
----------------- Done invoking toplevel() on ptolemy.moml.MoMLSimpleApplication@5b9c637b
reloadAllAccessors: .FileWriter2

===========================================================================================
----------------- testing Wed May 11 19:56:49 UTC 2022 /home/travis/build/icyphy/ptII/ptolemy/actor/lib/test/auto/FileWriter3.xml
----------------- Instantiating /home/travis/build/icyphy/ptII/ptolemy/actor/lib/test/auto/FileWriter3.xml
1 ms. Memory: 330752K Free: 279184K (84%)
----------------- Invoking toplevel() on ptolemy.moml.MoMLSimpleApplication@66808cdd
----------------- Done invoking toplevel() on ptolemy.moml.MoMLSimpleApplication@66808cdd
reloadAllAccessors: .FileWriter3

===========================================================================================
----------------- testing Wed May 11 19:56:49 UTC 2022 /home/travis/build/icyphy/ptII/ptolemy/actor/lib/test/auto/Gaussian.xml
----------------- Instantiating /home/travis/build/icyphy/ptII/ptolemy/actor/lib/test/auto/Gaussian.xml
2 ms. Memory: 330752K Free: 274578K (83%)
----------------- Invoking toplevel() on ptolemy.moml.MoMLSimpleApplication@60a676a7
----------------- Done invoking toplevel() on ptolemy.moml.MoMLSimpleApplication@60a676a7
reloadAllAccessors: .Gaussian

===========================================================================================
----------------- testing Wed May 11 19:56:49 UTC 2022 /home/travis/build/icyphy/ptII/ptolemy/actor/lib/test/auto/Gaussian1.xml
----------------- Instantiating /home/travis/build/icyphy/ptII/ptolemy/actor/lib/test/auto/Gaussian1.xml
8 ms. Memory: 330752K Free: 268938K (81%)
----------------- Invoking toplevel() on ptolemy.moml.MoMLSimpleApplication@37d2e051
----------------- Done invoking toplevel() on ptolemy.moml.MoMLSimpleApplication@37d2e051
reloadAllAccessors: .Gaussian1

===========================================================================================
----------------- testing Wed May 11 19:56:49 UTC 2022 /home/travis/build/icyphy/ptII/ptolemy/actor/lib/test/auto/Gaussian2.xml
----------------- Instantiating /home/travis/build/icyphy/ptII/ptolemy/actor/lib/test/auto/Gaussian2.xml
1 ms. Memory: 330752K Free: 263314K (80%)
----------------- Invoking toplevel() on ptolemy.moml.MoMLSimpleApplication@1853954
----------------- Done invoking toplevel() on ptolemy.moml.MoMLSimpleApplication@1853954
reloadAllAccessors: .Gaussian2

===========================================================================================
----------------- testing Wed May 11 19:56:49 UTC 2022 /home/travis/build/icyphy/ptII/ptolemy/actor/lib/test/auto/GradientAdaptiveLattice.xml
----------------- Instantiating /home/travis/build/icyphy/ptII/ptolemy/actor/lib/test/auto/GradientAdaptiveLattice.xml
4 ms. Memory: 330752K Free: 258194K (78%)
----------------- Invoking toplevel() on ptolemy.moml.MoMLSimpleApplication@26c3a44c
----------------- Done invoking toplevel() on ptolemy.moml.MoMLSimpleApplication@26c3a44c
reloadAllAccessors: .GradientAdaptiveLattice

===========================================================================================
----------------- testing Wed May 11 19:56:49 UTC 2022 /home/travis/build/icyphy/ptII/ptolemy/actor/lib/test/auto/IIR.xml
----------------- Instantiating /home/travis/build/icyphy/ptII/ptolemy/actor/lib/test/auto/IIR.xml
1 ms. Memory: 330752K Free: 253584K (77%)
----------------- Invoking toplevel() on ptolemy.moml.MoMLSimpleApplication@fc48d2f
----------------- Done invoking toplevel() on ptolemy.moml.MoMLSimpleApplication@fc48d2f
reloadAllAccessors: .IIR

===========================================================================================
----------------- testing Wed May 11 19:56:49 UTC 2022 /home/travis/build/icyphy/ptII/ptolemy/actor/lib/test/auto/InputOutputTransparentPorts.xml
----------------- Instantiating /home/travis/build/icyphy/ptII/ptolemy/actor/lib/test/auto/InputOutputTransparentPorts.xml
2 ms. Memory: 330752K Free: 246416K (75%)
----------------- Invoking toplevel() on ptolemy.moml.MoMLSimpleApplication@329527e9
----------------- Done invoking toplevel() on ptolemy.moml.MoMLSimpleApplication@329527e9
reloadAllAccessors: .InputOutputTransparentPorts

===========================================================================================
----------------- testing Wed May 11 19:56:49 UTC 2022 /home/travis/build/icyphy/ptII/ptolemy/actor/lib/test/auto/Interpolator.xml
----------------- Instantiating /home/travis/build/icyphy/ptII/ptolemy/actor/lib/test/auto/Interpolator.xml
4 ms. Memory: 330752K Free: 242320K (73%)
----------------- Invoking toplevel() on ptolemy.moml.MoMLSimpleApplication@3042ada0
----------------- Done invoking toplevel() on ptolemy.moml.MoMLSimpleApplication@3042ada0
reloadAllAccessors: .Interpolator

===========================================================================================
----------------- testing Wed May 11 19:56:49 UTC 2022 /home/travis/build/icyphy/ptII/ptolemy/actor/lib/test/auto/InterpolatorFiringLimitDE.xml
----------------- Instantiating /home/travis/build/icyphy/ptII/ptolemy/actor/lib/test/auto/InterpolatorFiringLimitDE.xml
4 ms. Memory: 330752K Free: 236176K (71%)
----------------- Invoking toplevel() on ptolemy.moml.MoMLSimpleApplication@306ffc38
----------------- Done invoking toplevel() on ptolemy.moml.MoMLSimpleApplication@306ffc38
reloadAllAccessors: .InterpolatorFiringLimitDE

===========================================================================================
----------------- testing Wed May 11 19:56:50 UTC 2022 /home/travis/build/icyphy/ptII/ptolemy/actor/lib/test/auto/Lattice.xml
----------------- Instantiating /home/travis/build/icyphy/ptII/ptolemy/actor/lib/test/auto/Lattice.xml
1 ms. Memory: 330752K Free: 232080K (70%)
----------------- Invoking toplevel() on ptolemy.moml.MoMLSimpleApplication@542033dc
----------------- Done invoking toplevel() on ptolemy.moml.MoMLSimpleApplication@542033dc
reloadAllAccessors: .Lattice

===========================================================================================
----------------- testing Wed May 11 19:56:50 UTC 2022 /home/travis/build/icyphy/ptII/ptolemy/actor/lib/test/auto/LazyAOCTestLazy.xml
----------------- Instantiating /home/travis/build/icyphy/ptII/ptolemy/actor/lib/test/auto/LazyAOCTestLazy.xml
7 ms. Memory: 330752K Free: 225906K (68%)
----------------- Invoking toplevel() on ptolemy.moml.MoMLSimpleApplication@11f7f770
----------------- Done invoking toplevel() on ptolemy.moml.MoMLSimpleApplication@11f7f770
reloadAllAccessors: .LazyAOCTestLazy

===========================================================================================
----------------- testing Wed May 11 19:56:50 UTC 2022 /home/travis/build/icyphy/ptII/ptolemy/actor/lib/test/auto/LazyAOCTestNonLazy.xml
----------------- Instantiating /home/travis/build/icyphy/ptII/ptolemy/actor/lib/test/auto/LazyAOCTestNonLazy.xml
1 ms. Memory: 330752K Free: 219792K (66%)
----------------- Invoking toplevel() on ptolemy.moml.MoMLSimpleApplication@231367d1
----------------- Done invoking toplevel() on ptolemy.moml.MoMLSimpleApplication@231367d1
reloadAllAccessors: .LazyAOCTestNonLazy

===========================================================================================
----------------- testing Wed May 11 19:56:50 UTC 2022 /home/travis/build/icyphy/ptII/ptolemy/actor/lib/test/auto/LazyInnerClass.xml
----------------- Instantiating /home/travis/build/icyphy/ptII/ptolemy/actor/lib/test/auto/LazyInnerClass.xml
16 ms. Memory: 330752K Free: 211090K (64%)
----------------- Invoking toplevel() on ptolemy.moml.MoMLSimpleApplication@245ab6e6
----------------- Done invoking toplevel() on ptolemy.moml.MoMLSimpleApplication@245ab6e6
reloadAllAccessors: .LazyInnerClass

===========================================================================================
----------------- testing Wed May 11 19:56:50 UTC 2022 /home/travis/build/icyphy/ptII/ptolemy/actor/lib/test/auto/LazyPubSub.xml
----------------- Instantiating /home/travis/build/icyphy/ptII/ptolemy/actor/lib/test/auto/LazyPubSub.xml
23 ms. Memory: 330752K Free: 200850K (61%)
----------------- Invoking toplevel() on ptolemy.moml.MoMLSimpleApplication@116e81e1
----------------- Done invoking toplevel() on ptolemy.moml.MoMLSimpleApplication@116e81e1
reloadAllAccessors: .LazyPubSub

===========================================================================================
----------------- testing Wed May 11 19:56:50 UTC 2022 /home/travis/build/icyphy/ptII/ptolemy/actor/lib/test/auto/LazyPubSub2.xml
----------------- Instantiating /home/travis/build/icyphy/ptII/ptolemy/actor/lib/test/auto/LazyPubSub2.xml
9 ms. Memory: 330752K Free: 191120K (58%)
----------------- Invoking toplevel() on ptolemy.moml.MoMLSimpleApplication@5213b7f8
----------------- Done invoking toplevel() on ptolemy.moml.MoMLSimpleApplication@5213b7f8
reloadAllAccessors: .LazyPubSub2

===========================================================================================
----------------- testing Wed May 11 19:56:50 UTC 2022 /home/travis/build/icyphy/ptII/ptolemy/actor/lib/test/auto/LazyPubSub3.xml
----------------- Instantiating /home/travis/build/icyphy/ptII/ptolemy/actor/lib/test/auto/LazyPubSub3.xml
11 ms. Memory: 330752K Free: 181394K (55%)
----------------- Invoking toplevel() on ptolemy.moml.MoMLSimpleApplication@5a09b0b9
----------------- Done invoking toplevel() on ptolemy.moml.MoMLSimpleApplication@5a09b0b9
reloadAllAccessors: .LazyPubSub3

===========================================================================================
----------------- testing Wed May 11 19:56:50 UTC 2022 /home/travis/build/icyphy/ptII/ptolemy/actor/lib/test/auto/LazySubClassModel.xml
----------------- Instantiating /home/travis/build/icyphy/ptII/ptolemy/actor/lib/test/auto/LazySubClassModel.xml
2 ms. Memory: 330752K Free: 171664K (52%)
----------------- Invoking toplevel() on ptolemy.moml.MoMLSimpleApplication@568bd724
----------------- Done invoking toplevel() on ptolemy.moml.MoMLSimpleApplication@568bd724
reloadAllAccessors: .LazySubClassModel

===========================================================================================
----------------- testing Wed May 11 19:56:50 UTC 2022 /home/travis/build/icyphy/ptII/ptolemy/actor/lib/test/auto/LevelCrossTest1.xml
----------------- Instantiating /home/travis/build/icyphy/ptII/ptolemy/actor/lib/test/auto/LevelCrossTest1.xml
1 ms. Memory: 330752K Free: 166034K (50%)
----------------- Invoking toplevel() on ptolemy.moml.MoMLSimpleApplication@2a8e888b
----------------- Done invoking toplevel() on ptolemy.moml.MoMLSimpleApplication@2a8e888b
reloadAllAccessors: .broken

===========================================================================================
----------------- testing Wed May 11 19:56:50 UTC 2022 /home/travis/build/icyphy/ptII/ptolemy/actor/lib/test/auto/LevelCrossTest10.xml
----------------- Instantiating /home/travis/build/icyphy/ptII/ptolemy/actor/lib/test/auto/LevelCrossTest10.xml
1 ms. Memory: 330752K Free: 158866K (48%)
----------------- Invoking toplevel() on ptolemy.moml.MoMLSimpleApplication@4f9a179f
----------------- Done invoking toplevel() on ptolemy.moml.MoMLSimpleApplication@4f9a179f
reloadAllAccessors: .LevelCrossTest10

===========================================================================================
----------------- testing Wed May 11 19:56:50 UTC 2022 /home/travis/build/icyphy/ptII/ptolemy/actor/lib/test/auto/LevelCrossTest11.xml
----------------- Instantiating /home/travis/build/icyphy/ptII/ptolemy/actor/lib/test/auto/LevelCrossTest11.xml
1 ms. Memory: 330752K Free: 152208K (46%)
----------------- Invoking toplevel() on ptolemy.moml.MoMLSimpleApplication@1f2ad198
----------------- Done invoking toplevel() on ptolemy.moml.MoMLSimpleApplication@1f2ad198
reloadAllAccessors: .LevelCrossTest11

===========================================================================================
----------------- testing Wed May 11 19:56:50 UTC 2022 /home/travis/build/icyphy/ptII/ptolemy/actor/lib/test/auto/LevelCrossTest12.xml
----------------- Instantiating /home/travis/build/icyphy/ptII/ptolemy/actor/lib/test/auto/LevelCrossTest12.xml
1 ms. Memory: 330752K Free: 145554K (44%)
----------------- Invoking toplevel() on ptolemy.moml.MoMLSimpleApplication@5c937b9d
----------------- Done invoking toplevel() on ptolemy.moml.MoMLSimpleApplication@5c937b9d
reloadAllAccessors: .LevelCrossTest12

===========================================================================================
----------------- testing Wed May 11 19:56:50 UTC 2022 /home/travis/build/icyphy/ptII/ptolemy/actor/lib/test/auto/LevelCrossTest13.xml
----------------- Instantiating /home/travis/build/icyphy/ptII/ptolemy/actor/lib/test/auto/LevelCrossTest13.xml
1 ms. Memory: 330752K Free: 137362K (42%)
----------------- Invoking toplevel() on ptolemy.moml.MoMLSimpleApplication@7ac8e0a6
----------------- Done invoking toplevel() on ptolemy.moml.MoMLSimpleApplication@7ac8e0a6
reloadAllAccessors: .LevelCrossTest13

===========================================================================================
----------------- testing Wed May 11 19:56:50 UTC 2022 /home/travis/build/icyphy/ptII/ptolemy/actor/lib/test/auto/LevelCrossTest2.xml
----------------- Instantiating /home/travis/build/icyphy/ptII/ptolemy/actor/lib/test/auto/LevelCrossTest2.xml
0 ms. Memory: 330752K Free: 131728K (40%)
----------------- Invoking toplevel() on ptolemy.moml.MoMLSimpleApplication@1d65a155
----------------- Done invoking toplevel() on ptolemy.moml.MoMLSimpleApplication@1d65a155
reloadAllAccessors: .broken

===========================================================================================
----------------- testing Wed May 11 19:56:50 UTC 2022 /home/travis/build/icyphy/ptII/ptolemy/actor/lib/test/auto/LevelCrossTest3.xml
----------------- Instantiating /home/travis/build/icyphy/ptII/ptolemy/actor/lib/test/auto/LevelCrossTest3.xml
0 ms. Memory: 330752K Free: 125584K (38%)
----------------- Invoking toplevel() on ptolemy.moml.MoMLSimpleApplication@7c14cf01
----------------- Done invoking toplevel() on ptolemy.moml.MoMLSimpleApplication@7c14cf01
reloadAllAccessors: .LevelCrossTest3

===========================================================================================
----------------- testing Wed May 11 19:56:50 UTC 2022 /home/travis/build/icyphy/ptII/ptolemy/actor/lib/test/auto/LevelCrossTest4.xml
----------------- Instantiating /home/travis/build/icyphy/ptII/ptolemy/actor/lib/test/auto/LevelCrossTest4.xml
1 ms. Memory: 330752K Free: 119954K (36%)
----------------- Invoking toplevel() on ptolemy.moml.MoMLSimpleApplication@24854eec
----------------- Done invoking toplevel() on ptolemy.moml.MoMLSimpleApplication@24854eec
reloadAllAccessors: .broken

===========================================================================================
----------------- testing Wed May 11 19:56:50 UTC 2022 /home/travis/build/icyphy/ptII/ptolemy/actor/lib/test/auto/LevelCrossTest5.xml
----------------- Instantiating /home/travis/build/icyphy/ptII/ptolemy/actor/lib/test/auto/LevelCrossTest5.xml
3 ms. Memory: 330752K Free: 112786K (34%)
----------------- Invoking toplevel() on ptolemy.moml.MoMLSimpleApplication@2576a5f4
----------------- Done invoking toplevel() on ptolemy.moml.MoMLSimpleApplication@2576a5f4
reloadAllAccessors: .LevelCrossTest5

===========================================================================================
----------------- testing Wed May 11 19:56:50 UTC 2022 /home/travis/build/icyphy/ptII/ptolemy/actor/lib/test/auto/LevelCrossTest6.xml
----------------- Instantiating /home/travis/build/icyphy/ptII/ptolemy/actor/lib/test/auto/LevelCrossTest6.xml
0 ms. Memory: 330752K Free: 106642K (32%)
----------------- Invoking toplevel() on ptolemy.moml.MoMLSimpleApplication@332bf8aa
----------------- Done invoking toplevel() on ptolemy.moml.MoMLSimpleApplication@332bf8aa
reloadAllAccessors: .LevelCrossTest6

===========================================================================================
----------------- testing Wed May 11 19:56:50 UTC 2022 /home/travis/build/icyphy/ptII/ptolemy/actor/lib/test/auto/LevelCrossTest7.xml
----------------- Instantiating /home/travis/build/icyphy/ptII/ptolemy/actor/lib/test/auto/LevelCrossTest7.xml
1 ms. Memory: 330752K Free: 98960K (30%)
----------------- Invoking toplevel() on ptolemy.moml.MoMLSimpleApplication@19e77e4e
----------------- Done invoking toplevel() on ptolemy.moml.MoMLSimpleApplication@19e77e4e
reloadAllAccessors: .LevelCrossTest7

===========================================================================================
----------------- testing Wed May 11 19:56:50 UTC 2022 /home/travis/build/icyphy/ptII/ptolemy/actor/lib/test/auto/LevelCrossTest8.xml
----------------- Instantiating /home/travis/build/icyphy/ptII/ptolemy/actor/lib/test/auto/LevelCrossTest8.xml
1 ms. Memory: 330752K Free: 92306K (28%)
----------------- Invoking toplevel() on ptolemy.moml.MoMLSimpleApplication@e10ef4a
----------------- Done invoking toplevel() on ptolemy.moml.MoMLSimpleApplication@e10ef4a
reloadAllAccessors: .LevelCrossTest8

===========================================================================================
----------------- testing Wed May 11 19:56:50 UTC 2022 /home/travis/build/icyphy/ptII/ptolemy/actor/lib/test/auto/LevelCrossTest9.xml
----------------- Instantiating /home/travis/build/icyphy/ptII/ptolemy/actor/lib/test/auto/LevelCrossTest9.xml
15 ms. Memory: 330752K Free: 280097K (85%)
----------------- Invoking toplevel() on ptolemy.moml.MoMLSimpleApplication@d9521c0
----------------- Done invoking toplevel() on ptolemy.moml.MoMLSimpleApplication@d9521c0
reloadAllAccessors: .LevelCrossTest9

===========================================================================================
----------------- testing Wed May 11 19:56:50 UTC 2022 /home/travis/build/icyphy/ptII/ptolemy/actor/lib/test/auto/LevinsonDurbin.xml
----------------- Instantiating /home/travis/build/icyphy/ptII/ptolemy/actor/lib/test/auto/LevinsonDurbin.xml
1 ms. Memory: 330752K Free: 275493K (83%)
----------------- Invoking toplevel() on ptolemy.moml.MoMLSimpleApplication@ceab414
----------------- Done invoking toplevel() on ptolemy.moml.MoMLSimpleApplication@ceab414
reloadAllAccessors: .LevinsonDurbin

===========================================================================================
----------------- testing Wed May 11 19:56:50 UTC 2022 /home/travis/build/icyphy/ptII/ptolemy/actor/lib/test/auto/LevinsonDurbin2.xml
----------------- Instantiating /home/travis/build/icyphy/ptII/ptolemy/actor/lib/test/auto/LevinsonDurbin2.xml
1 ms. Memory: 330752K Free: 271397K (82%)
----------------- Invoking toplevel() on ptolemy.moml.MoMLSimpleApplication@58c036d3
----------------- Done invoking toplevel() on ptolemy.moml.MoMLSimpleApplication@58c036d3
reloadAllAccessors: .LevinsonDurbin2

===========================================================================================
----------------- testing Wed May 11 19:56:50 UTC 2022 /home/travis/build/icyphy/ptII/ptolemy/actor/lib/test/auto/LevinsonDurbin3.xml
----------------- Instantiating /home/travis/build/icyphy/ptII/ptolemy/actor/lib/test/auto/LevinsonDurbin3.xml
1 ms. Memory: 330752K Free: 267301K (81%)
----------------- Invoking toplevel() on ptolemy.moml.MoMLSimpleApplication@690c7bf
----------------- Done invoking toplevel() on ptolemy.moml.MoMLSimpleApplication@690c7bf
reloadAllAccessors: .LevinsonDurbin3

===========================================================================================
----------------- testing Wed May 11 19:56:50 UTC 2022 /home/travis/build/icyphy/ptII/ptolemy/actor/lib/test/auto/Limiter.xml
----------------- Instantiating /home/travis/build/icyphy/ptII/ptolemy/actor/lib/test/auto/Limiter.xml
4 ms. Memory: 330752K Free: 258085K (78%)
----------------- Invoking toplevel() on ptolemy.moml.MoMLSimpleApplication@7a779120
----------------- Done invoking toplevel() on ptolemy.moml.MoMLSimpleApplication@7a779120
reloadAllAccessors: .Limiter

===========================================================================================
----------------- testing Wed May 11 19:56:50 UTC 2022 /home/travis/build/icyphy/ptII/ptolemy/actor/lib/test/auto/LinearDifferenceEquationSystem.xml
----------------- Instantiating /home/travis/build/icyphy/ptII/ptolemy/actor/lib/test/auto/LinearDifferenceEquationSystem.xml
3 ms. Memory: 330752K Free: 250403K (76%)
----------------- Invoking toplevel() on ptolemy.moml.MoMLSimpleApplication@1185c87b
----------------- Done invoking toplevel() on ptolemy.moml.MoMLSimpleApplication@1185c87b
reloadAllAccessors: .LinearDifferenceEquationSystem

===========================================================================================
----------------- testing Wed May 11 19:56:50 UTC 2022 /home/travis/build/icyphy/ptII/ptolemy/actor/lib/test/auto/LookupTable.xml
----------------- Instantiating /home/travis/build/icyphy/ptII/ptolemy/actor/lib/test/auto/LookupTable.xml
1 ms. Memory: 330752K Free: 245797K (74%)
----------------- Invoking toplevel() on ptolemy.moml.MoMLSimpleApplication@4b7e3dd9
----------------- Done invoking toplevel() on ptolemy.moml.MoMLSimpleApplication@4b7e3dd9
reloadAllAccessors: .LookupTable

===========================================================================================
----------------- testing Wed May 11 19:56:50 UTC 2022 /home/travis/build/icyphy/ptII/ptolemy/actor/lib/test/auto/MathFunction.xml
----------------- Instantiating /home/travis/build/icyphy/ptII/ptolemy/actor/lib/test/auto/MathFunction.xml
2 ms. Memory: 330752K Free: 237605K (72%)
----------------- Invoking toplevel() on ptolemy.moml.MoMLSimpleApplication@8333b94
----------------- Done invoking toplevel() on ptolemy.moml.MoMLSimpleApplication@8333b94
reloadAllAccessors: .MathFunction

===========================================================================================
----------------- testing Wed May 11 19:56:50 UTC 2022 /home/travis/build/icyphy/ptII/ptolemy/actor/lib/test/auto/MathFunction2.xml
----------------- Instantiating /home/travis/build/icyphy/ptII/ptolemy/actor/lib/test/auto/MathFunction2.xml
12 ms. Memory: 330752K Free: 233509K (71%)
----------------- Invoking toplevel() on ptolemy.moml.MoMLSimpleApplication@42327db0
----------------- Done invoking toplevel() on ptolemy.moml.MoMLSimpleApplication@42327db0
reloadAllAccessors: .MathFunction2

===========================================================================================
----------------- testing Wed May 11 19:56:50 UTC 2022 /home/travis/build/icyphy/ptII/ptolemy/actor/lib/test/auto/MathFunction3.xml
----------------- Instantiating /home/travis/build/icyphy/ptII/ptolemy/actor/lib/test/auto/MathFunction3.xml
2 ms. Memory: 330752K Free: 226851K (69%)
----------------- Invoking toplevel() on ptolemy.moml.MoMLSimpleApplication@77581561
----------------- Done invoking toplevel() on ptolemy.moml.MoMLSimpleApplication@77581561
reloadAllAccessors: .MathFunction3

===========================================================================================
----------------- testing Wed May 11 19:56:50 UTC 2022 /home/travis/build/icyphy/ptII/ptolemy/actor/lib/test/auto/MatrixCropBoolean.xml
----------------- Instantiating /home/travis/build/icyphy/ptII/ptolemy/actor/lib/test/auto/MatrixCropBoolean.xml
1 ms. Memory: 330752K Free: 222245K (67%)
----------------- Invoking toplevel() on ptolemy.moml.MoMLSimpleApplication@5fac6e14
----------------- Done invoking toplevel() on ptolemy.moml.MoMLSimpleApplication@5fac6e14
reloadAllAccessors: .MatrixCropBoolean

===========================================================================================
----------------- testing Wed May 11 19:56:50 UTC 2022 /home/travis/build/icyphy/ptII/ptolemy/actor/lib/test/auto/MatrixCropComplex.xml
----------------- Instantiating /home/travis/build/icyphy/ptII/ptolemy/actor/lib/test/auto/MatrixCropComplex.xml
1 ms. Memory: 330752K Free: 217605K (66%)
----------------- Invoking toplevel() on ptolemy.moml.MoMLSimpleApplication@3fc35998
----------------- Done invoking toplevel() on ptolemy.moml.MoMLSimpleApplication@3fc35998
reloadAllAccessors: .MatrixCropComplex

===========================================================================================
----------------- testing Wed May 11 19:56:50 UTC 2022 /home/travis/build/icyphy/ptII/ptolemy/actor/lib/test/auto/MatrixCropDouble.xml
----------------- Instantiating /home/travis/build/icyphy/ptII/ptolemy/actor/lib/test/auto/MatrixCropDouble.xml
1 ms. Memory: 330752K Free: 212485K (64%)
----------------- Invoking toplevel() on ptolemy.moml.MoMLSimpleApplication@6a99792a
----------------- Done invoking toplevel() on ptolemy.moml.MoMLSimpleApplication@6a99792a
reloadAllAccessors: .MatrixCropDouble

===========================================================================================
----------------- testing Wed May 11 19:56:50 UTC 2022 /home/travis/build/icyphy/ptII/ptolemy/actor/lib/test/auto/MatrixCropFix.xml
----------------- Instantiating /home/travis/build/icyphy/ptII/ptolemy/actor/lib/test/auto/MatrixCropFix.xml
1 ms. Memory: 330752K Free: 207389K (63%)
----------------- Invoking toplevel() on ptolemy.moml.MoMLSimpleApplication@67697bd7
----------------- Done invoking toplevel() on ptolemy.moml.MoMLSimpleApplication@67697bd7
reloadAllAccessors: .MatrixCropFix

===========================================================================================
----------------- testing Wed May 11 19:56:50 UTC 2022 /home/travis/build/icyphy/ptII/ptolemy/actor/lib/test/auto/MatrixCropInt.xml
----------------- Instantiating /home/travis/build/icyphy/ptII/ptolemy/actor/lib/test/auto/MatrixCropInt.xml
1 ms. Memory: 330752K Free: 202261K (61%)
----------------- Invoking toplevel() on ptolemy.moml.MoMLSimpleApplication@1f37ceb5
----------------- Done invoking toplevel() on ptolemy.moml.MoMLSimpleApplication@1f37ceb5
reloadAllAccessors: .MatrixCropInt

===========================================================================================
----------------- testing Wed May 11 19:56:50 UTC 2022 /home/travis/build/icyphy/ptII/ptolemy/actor/lib/test/auto/MatrixCropLong.xml
----------------- Instantiating /home/travis/build/icyphy/ptII/ptolemy/actor/lib/test/auto/MatrixCropLong.xml
1 ms. Memory: 330752K Free: 197141K (60%)
----------------- Invoking toplevel() on ptolemy.moml.MoMLSimpleApplication@587f199e
----------------- Done invoking toplevel() on ptolemy.moml.MoMLSimpleApplication@587f199e
reloadAllAccessors: .MatrixCropLong

===========================================================================================
----------------- testing Wed May 11 19:56:50 UTC 2022 /home/travis/build/icyphy/ptII/ptolemy/actor/lib/test/auto/MatrixToArray.xml
----------------- Instantiating /home/travis/build/icyphy/ptII/ptolemy/actor/lib/test/auto/MatrixToArray.xml
6 ms. Memory: 330752K Free: 182309K (55%)
----------------- Invoking toplevel() on ptolemy.moml.MoMLSimpleApplication@4a8aa766
----------------- Done invoking toplevel() on ptolemy.moml.MoMLSimpleApplication@4a8aa766
reloadAllAccessors: .MatrixToArray

===========================================================================================
----------------- testing Wed May 11 19:56:50 UTC 2022 /home/travis/build/icyphy/ptII/ptolemy/actor/lib/test/auto/MaxIndex.xml
----------------- Instantiating /home/travis/build/icyphy/ptII/ptolemy/actor/lib/test/auto/MaxIndex.xml
2 ms. Memory: 330752K Free: 177189K (54%)
----------------- Invoking toplevel() on ptolemy.moml.MoMLSimpleApplication@4fead9b4
----------------- Done invoking toplevel() on ptolemy.moml.MoMLSimpleApplication@4fead9b4
reloadAllAccessors: .MaxIndex

===========================================================================================
----------------- testing Wed May 11 19:56:50 UTC 2022 /home/travis/build/icyphy/ptII/ptolemy/actor/lib/test/auto/Maximum.xml
----------------- Instantiating /home/travis/build/icyphy/ptII/ptolemy/actor/lib/test/auto/Maximum.xml
5 ms. Memory: 330752K Free: 170501K (52%)
----------------- Invoking toplevel() on ptolemy.moml.MoMLSimpleApplication@427b1dd0
----------------- Done invoking toplevel() on ptolemy.moml.MoMLSimpleApplication@427b1dd0
reloadAllAccessors: .Maximum

===========================================================================================
----------------- testing Wed May 11 19:56:50 UTC 2022 /home/travis/build/icyphy/ptII/ptolemy/actor/lib/test/auto/MaximumComplex.xml
----------------- Instantiating /home/travis/build/icyphy/ptII/ptolemy/actor/lib/test/auto/MaximumComplex.xml
3 ms. Memory: 330752K Free: 164373K (50%)
----------------- Invoking toplevel() on ptolemy.moml.MoMLSimpleApplication@5bf54db5
----------------- Done invoking toplevel() on ptolemy.moml.MoMLSimpleApplication@5bf54db5
reloadAllAccessors: .MaximumComplex

===========================================================================================
----------------- testing Wed May 11 19:56:50 UTC 2022 /home/travis/build/icyphy/ptII/ptolemy/actor/lib/test/auto/MethodCallTest.xml
----------------- Instantiating /home/travis/build/icyphy/ptII/ptolemy/actor/lib/test/auto/MethodCallTest.xml
2 ms. Memory: 330752K Free: 157733K (48%)
----------------- Invoking toplevel() on ptolemy.moml.MoMLSimpleApplication@7b45564
----------------- Done invoking toplevel() on ptolemy.moml.MoMLSimpleApplication@7b45564
reloadAllAccessors: .MethodCallTest

===========================================================================================
----------------- testing Wed May 11 19:56:50 UTC 2022 /home/travis/build/icyphy/ptII/ptolemy/actor/lib/test/auto/Minimum.xml
----------------- Instantiating /home/travis/build/icyphy/ptII/ptolemy/actor/lib/test/auto/Minimum.xml
3 ms. Memory: 330752K Free: 151589K (46%)
----------------- Invoking toplevel() on ptolemy.moml.MoMLSimpleApplication@61e5116f
----------------- Done invoking toplevel() on ptolemy.moml.MoMLSimpleApplication@61e5116f
reloadAllAccessors: .Minimum

===========================================================================================
----------------- testing Wed May 11 19:56:50 UTC 2022 /home/travis/build/icyphy/ptII/ptolemy/actor/lib/test/auto/MinimumComplex.xml
----------------- Instantiating /home/travis/build/icyphy/ptII/ptolemy/actor/lib/test/auto/MinimumComplex.xml
3 ms. Memory: 330752K Free: 145445K (44%)
----------------- Invoking toplevel() on ptolemy.moml.MoMLSimpleApplication@13361732
----------------- Done invoking toplevel() on ptolemy.moml.MoMLSimpleApplication@13361732
reloadAllAccessors: .MinimumComplex

===========================================================================================
----------------- testing Wed May 11 19:56:50 UTC 2022 /home/travis/build/icyphy/ptII/ptolemy/actor/lib/test/auto/MinimumMultiports.xml
----------------- Instantiating /home/travis/build/icyphy/ptII/ptolemy/actor/lib/test/auto/MinimumMultiports.xml
3 ms. Memory: 330752K Free: 136725K (41%)
----------------- Invoking toplevel() on ptolemy.moml.MoMLSimpleApplication@57497d27
----------------- Done invoking toplevel() on ptolemy.moml.MoMLSimpleApplication@57497d27
reloadAllAccessors: .MinimumMultiports

===========================================================================================
----------------- testing Wed May 11 19:56:50 UTC 2022 /home/travis/build/icyphy/ptII/ptolemy/actor/lib/test/auto/ModifyDate.xml
----------------- Instantiating /home/travis/build/icyphy/ptII/ptolemy/actor/lib/test/auto/ModifyDate.xml
7 ms. Memory: 330752K Free: 123941K (37%)
----------------- Invoking toplevel() on ptolemy.moml.MoMLSimpleApplication@42dd806
----------------- Done invoking toplevel() on ptolemy.moml.MoMLSimpleApplication@42dd806
reloadAllAccessors: .ModifyDate

===========================================================================================
----------------- testing Wed May 11 19:56:50 UTC 2022 /home/travis/build/icyphy/ptII/ptolemy/actor/lib/test/auto/ModifyDate2.xml
----------------- Instantiating /home/travis/build/icyphy/ptII/ptolemy/actor/lib/test/auto/ModifyDate2.xml
2 ms. Memory: 330752K Free: 115235K (35%)
----------------- Invoking toplevel() on ptolemy.moml.MoMLSimpleApplication@3cb2161e
----------------- Done invoking toplevel() on ptolemy.moml.MoMLSimpleApplication@3cb2161e
reloadAllAccessors: .ModifyDate2

===========================================================================================
----------------- testing Wed May 11 19:56:51 UTC 2022 /home/travis/build/icyphy/ptII/ptolemy/actor/lib/test/auto/MovingAverage.xml
----------------- Instantiating /home/travis/build/icyphy/ptII/ptolemy/actor/lib/test/auto/MovingAverage.xml
1 ms. Memory: 330752K Free: 110115K (33%)
----------------- Invoking toplevel() on ptolemy.moml.MoMLSimpleApplication@344a114d
----------------- Done invoking toplevel() on ptolemy.moml.MoMLSimpleApplication@344a114d
reloadAllAccessors: .MovingAverage

===========================================================================================
----------------- testing Wed May 11 19:56:51 UTC 2022 /home/travis/build/icyphy/ptII/ptolemy/actor/lib/test/auto/MovingMaximum.xml
----------------- Instantiating /home/travis/build/icyphy/ptII/ptolemy/actor/lib/test/auto/MovingMaximum.xml
1 ms. Memory: 330752K Free: 105509K (32%)
----------------- Invoking toplevel() on ptolemy.moml.MoMLSimpleApplication@56154885
----------------- Done invoking toplevel() on ptolemy.moml.MoMLSimpleApplication@56154885
reloadAllAccessors: .MovingMaximum

===========================================================================================
----------------- testing Wed May 11 19:56:51 UTC 2022 /home/travis/build/icyphy/ptII/ptolemy/actor/lib/test/auto/MultipleLinksToSameRelation.xml
----------------- Instantiating /home/travis/build/icyphy/ptII/ptolemy/actor/lib/test/auto/MultipleLinksToSameRelation.xml
4 ms. Memory: 330752K Free: 101413K (31%)
----------------- Invoking toplevel() on ptolemy.moml.MoMLSimpleApplication@4112d614
----------------- Done invoking toplevel() on ptolemy.moml.MoMLSimpleApplication@4112d614
reloadAllAccessors: .MultipleLinksToSameRelation

===========================================================================================
----------------- testing Wed May 11 19:56:51 UTC 2022 /home/travis/build/icyphy/ptII/ptolemy/actor/lib/test/auto/MultipleLinksToSameRelationDE.xml
----------------- Instantiating /home/travis/build/icyphy/ptII/ptolemy/actor/lib/test/auto/MultipleLinksToSameRelationDE.xml
9 ms. Memory: 330752K Free: 96797K (29%)
----------------- Invoking toplevel() on ptolemy.moml.MoMLSimpleApplication@34c486da
----------------- Done invoking toplevel() on ptolemy.moml.MoMLSimpleApplication@34c486da
reloadAllAccessors: .MultipleLinksToSameRelationDE

===========================================================================================
----------------- testing Wed May 11 19:56:51 UTC 2022 /home/travis/build/icyphy/ptII/ptolemy/actor/lib/test/auto/Multiplexor.xml
----------------- Instantiating /home/travis/build/icyphy/ptII/ptolemy/actor/lib/test/auto/Multiplexor.xml
1 ms. Memory: 330752K Free: 91173K (28%)
----------------- Invoking toplevel() on ptolemy.moml.MoMLSimpleApplication@5e687bec
----------------- Done invoking toplevel() on ptolemy.moml.MoMLSimpleApplication@5e687bec
reloadAllAccessors: .Multiplexor

===========================================================================================
----------------- testing Wed May 11 19:56:51 UTC 2022 /home/travis/build/icyphy/ptII/ptolemy/actor/lib/test/auto/Multiplexor1.xml
----------------- Instantiating /home/travis/build/icyphy/ptII/ptolemy/actor/lib/test/auto/Multiplexor1.xml
15 ms. Memory: 330752K Free: 280030K (85%)
----------------- Invoking toplevel() on ptolemy.moml.MoMLSimpleApplication@2ba51cc8
----------------- Done invoking toplevel() on ptolemy.moml.MoMLSimpleApplication@2ba51cc8
reloadAllAccessors: .Multiplexor1

===========================================================================================
----------------- testing Wed May 11 19:56:51 UTC 2022 /home/travis/build/icyphy/ptII/ptolemy/actor/lib/test/auto/Multiplexor2.xml
----------------- Instantiating /home/travis/build/icyphy/ptII/ptolemy/actor/lib/test/auto/Multiplexor2.xml
2 ms. Memory: 330752K Free: 272894K (83%)
----------------- Invoking toplevel() on ptolemy.moml.MoMLSimpleApplication@5b6f5797
----------------- Done invoking toplevel() on ptolemy.moml.MoMLSimpleApplication@5b6f5797
reloadAllAccessors: .Multiplexor2

===========================================================================================
----------------- testing Wed May 11 19:56:51 UTC 2022 /home/travis/build/icyphy/ptII/ptolemy/actor/lib/test/auto/Multiplexor3.xml
----------------- Instantiating /home/travis/build/icyphy/ptII/ptolemy/actor/lib/test/auto/Multiplexor3.xml
1 ms. Memory: 330752K Free: 268798K (81%)
----------------- Invoking toplevel() on ptolemy.moml.MoMLSimpleApplication@4fc76171
----------------- Done invoking toplevel() on ptolemy.moml.MoMLSimpleApplication@4fc76171
reloadAllAccessors: .Multiplexor3

===========================================================================================
----------------- testing Wed May 11 19:56:51 UTC 2022 /home/travis/build/icyphy/ptII/ptolemy/actor/lib/test/auto/MultiplexorDE.xml
----------------- Instantiating /home/travis/build/icyphy/ptII/ptolemy/actor/lib/test/auto/MultiplexorDE.xml
3 ms. Memory: 330752K Free: 261120K (79%)
----------------- Invoking toplevel() on ptolemy.moml.MoMLSimpleApplication@507c3bea
----------------- Done invoking toplevel() on ptolemy.moml.MoMLSimpleApplication@507c3bea
reloadAllAccessors: .MultiplexorDE

===========================================================================================
----------------- testing Wed May 11 19:56:51 UTC 2022 /home/travis/build/icyphy/ptII/ptolemy/actor/lib/test/auto/MultiportBroadcastTest.xml
----------------- Instantiating /home/travis/build/icyphy/ptII/ptolemy/actor/lib/test/auto/MultiportBroadcastTest.xml
78 ms. Memory: 330752K Free: 254447K (77%)
----------------- Invoking toplevel() on ptolemy.moml.MoMLSimpleApplication@345bef8
----------------- Done invoking toplevel() on ptolemy.moml.MoMLSimpleApplication@345bef8
reloadAllAccessors: .MultiportBroadcastTest

===========================================================================================
----------------- testing Wed May 11 19:56:51 UTC 2022 /home/travis/build/icyphy/ptII/ptolemy/actor/lib/test/auto/MultiportOutHangDuringGetWidth.xml
----------------- Instantiating /home/travis/build/icyphy/ptII/ptolemy/actor/lib/test/auto/MultiportOutHangDuringGetWidth.xml
4 ms. Memory: 330752K Free: 242159K (73%)
----------------- Invoking toplevel() on ptolemy.moml.MoMLSimpleApplication@51abe6f8
----------------- Done invoking toplevel() on ptolemy.moml.MoMLSimpleApplication@51abe6f8
reloadAllAccessors: .MultiportOutHangDuringGetWidth

===========================================================================================
----------------- testing Wed May 11 19:56:51 UTC 2022 /home/travis/build/icyphy/ptII/ptolemy/actor/lib/test/auto/NilToken.xml
----------------- Instantiating /home/travis/build/icyphy/ptII/ptolemy/actor/lib/test/auto/NilToken.xml
1 ms. Memory: 330752K Free: 238078K (72%)
----------------- Invoking toplevel() on ptolemy.moml.MoMLSimpleApplication@38780039
----------------- Done invoking toplevel() on ptolemy.moml.MoMLSimpleApplication@38780039
reloadAllAccessors: .NilToken

===========================================================================================
----------------- testing Wed May 11 19:56:51 UTC 2022 /home/travis/build/icyphy/ptII/ptolemy/actor/lib/test/auto/NilTokenNonStrictTest.xml
----------------- Instantiating /home/travis/build/icyphy/ptII/ptolemy/actor/lib/test/auto/NilTokenNonStrictTest.xml
1 ms. Memory: 330752K Free: 232958K (70%)
----------------- Invoking toplevel() on ptolemy.moml.MoMLSimpleApplication@60139e1f
----------------- Done invoking toplevel() on ptolemy.moml.MoMLSimpleApplication@60139e1f
reloadAllAccessors: .NilTokenNonStrictTest

===========================================================================================
----------------- testing Wed May 11 19:56:51 UTC 2022 /home/travis/build/icyphy/ptII/ptolemy/actor/lib/test/auto/NilTokenRecord.xml
----------------- Instantiating /home/travis/build/icyphy/ptII/ptolemy/actor/lib/test/auto/NilTokenRecord.xml
5 ms. Memory: 330752K Free: 226304K (68%)
----------------- Invoking toplevel() on ptolemy.moml.MoMLSimpleApplication@157642bf
----------------- Done invoking toplevel() on ptolemy.moml.MoMLSimpleApplication@157642bf
reloadAllAccessors: .NilTokenRecord

===========================================================================================
----------------- testing Wed May 11 19:56:51 UTC 2022 /home/travis/build/icyphy/ptII/ptolemy/actor/lib/test/auto/NilTokenTypeTest.xml
----------------- Instantiating /home/travis/build/icyphy/ptII/ptolemy/actor/lib/test/auto/NilTokenTypeTest.xml
3 ms. Memory: 330752K Free: 216574K (65%)
----------------- Invoking toplevel() on ptolemy.moml.MoMLSimpleApplication@65bc21b6
----------------- Done invoking toplevel() on ptolemy.moml.MoMLSimpleApplication@65bc21b6
reloadAllAccessors: .NilTokenTypeTest

===========================================================================================
----------------- testing Wed May 11 19:56:51 UTC 2022 /home/travis/build/icyphy/ptII/ptolemy/actor/lib/test/auto/ObjectToken1.xml
----------------- Instantiating /home/travis/build/icyphy/ptII/ptolemy/actor/lib/test/auto/ObjectToken1.xml
1 ms. Memory: 330752K Free: 212478K (64%)
----------------- Invoking toplevel() on ptolemy.moml.MoMLSimpleApplication@48b09011
----------------- Done invoking toplevel() on ptolemy.moml.MoMLSimpleApplication@48b09011
reloadAllAccessors: .ObjectToken1

===========================================================================================
----------------- testing Wed May 11 19:56:51 UTC 2022 /home/travis/build/icyphy/ptII/ptolemy/actor/lib/test/auto/OrderedMerge.xml
----------------- Instantiating /home/travis/build/icyphy/ptII/ptolemy/actor/lib/test/auto/OrderedMerge.xml
5 ms. Memory: 330752K Free: 206848K (63%)
----------------- Invoking toplevel() on ptolemy.moml.MoMLSimpleApplication@6d083722
----------------- Done invoking toplevel() on ptolemy.moml.MoMLSimpleApplication@6d083722
reloadAllAccessors: .OrderedMerge

===========================================================================================
----------------- testing Wed May 11 19:56:51 UTC 2022 /home/travis/build/icyphy/ptII/ptolemy/actor/lib/test/auto/OrderedRecordDisassembler.xml
----------------- Instantiating /home/travis/build/icyphy/ptII/ptolemy/actor/lib/test/auto/OrderedRecordDisassembler.xml
2 ms. Memory: 330752K Free: 201728K (61%)
----------------- Invoking toplevel() on ptolemy.moml.MoMLSimpleApplication@24c3fa45
----------------- Done invoking toplevel() on ptolemy.moml.MoMLSimpleApplication@24c3fa45
reloadAllAccessors: .OrderedRecordDisassembler

===========================================================================================
----------------- testing Wed May 11 19:56:51 UTC 2022 /home/travis/build/icyphy/ptII/ptolemy/actor/lib/test/auto/OrderedRecordDisassembler2.xml
----------------- Instantiating /home/travis/build/icyphy/ptII/ptolemy/actor/lib/test/auto/OrderedRecordDisassembler2.xml
4 ms. Memory: 330752K Free: 193536K (59%)
----------------- Invoking toplevel() on ptolemy.moml.MoMLSimpleApplication@412dc34b
----------------- Done invoking toplevel() on ptolemy.moml.MoMLSimpleApplication@412dc34b
reloadAllAccessors: .OrderedRecordDisassembler2

===========================================================================================
----------------- testing Wed May 11 19:56:51 UTC 2022 /home/travis/build/icyphy/ptII/ptolemy/actor/lib/test/auto/OrderedRecordUpdater.xml
----------------- Instantiating /home/travis/build/icyphy/ptII/ptolemy/actor/lib/test/auto/OrderedRecordUpdater.xml
1 ms. Memory: 330752K Free: 188926K (57%)
----------------- Invoking toplevel() on ptolemy.moml.MoMLSimpleApplication@5ef68498
----------------- Done invoking toplevel() on ptolemy.moml.MoMLSimpleApplication@5ef68498
reloadAllAccessors: .RecordUpdater

===========================================================================================
----------------- testing Wed May 11 19:56:51 UTC 2022 /home/travis/build/icyphy/ptII/ptolemy/actor/lib/test/auto/OrderedRecordUpdater2.xml
----------------- Instantiating /home/travis/build/icyphy/ptII/ptolemy/actor/lib/test/auto/OrderedRecordUpdater2.xml
2 ms. Memory: 330752K Free: 183806K (56%)
----------------- Invoking toplevel() on ptolemy.moml.MoMLSimpleApplication@3d122c47
----------------- Done invoking toplevel() on ptolemy.moml.MoMLSimpleApplication@3d122c47
reloadAllAccessors: .RecordUpdater2

===========================================================================================
----------------- testing Wed May 11 19:56:51 UTC 2022 /home/travis/build/icyphy/ptII/ptolemy/actor/lib/test/auto/PhaseUnwrap.xml
----------------- Instantiating /home/travis/build/icyphy/ptII/ptolemy/actor/lib/test/auto/PhaseUnwrap.xml
1 ms. Memory: 330752K Free: 179200K (54%)
----------------- Invoking toplevel() on ptolemy.moml.MoMLSimpleApplication@7a135e33
----------------- Done invoking toplevel() on ptolemy.moml.MoMLSimpleApplication@7a135e33
reloadAllAccessors: .PhaseUnwrap

===========================================================================================
----------------- testing Wed May 11 19:56:51 UTC 2022 /home/travis/build/icyphy/ptII/ptolemy/actor/lib/test/auto/PoissonClock.xml
----------------- Instantiating /home/travis/build/icyphy/ptII/ptolemy/actor/lib/test/auto/PoissonClock.xml
0 ms. Memory: 330752K Free: 175104K (53%)
----------------- Invoking toplevel() on ptolemy.moml.MoMLSimpleApplication@5e75abe1
----------------- Done invoking toplevel() on ptolemy.moml.MoMLSimpleApplication@5e75abe1
reloadAllAccessors: .PoissonClock

===========================================================================================
----------------- testing Wed May 11 19:56:51 UTC 2022 /home/travis/build/icyphy/ptII/ptolemy/actor/lib/test/auto/PoissonClock2.xml
----------------- Instantiating /home/travis/build/icyphy/ptII/ptolemy/actor/lib/test/auto/PoissonClock2.xml
1 ms. Memory: 330752K Free: 170494K (52%)
----------------- Invoking toplevel() on ptolemy.moml.MoMLSimpleApplication@20cc3d70
----------------- Done invoking toplevel() on ptolemy.moml.MoMLSimpleApplication@20cc3d70
reloadAllAccessors: .PoissonClock2

===========================================================================================
----------------- testing Wed May 11 19:56:51 UTC 2022 /home/travis/build/icyphy/ptII/ptolemy/actor/lib/test/auto/PoissonClock3.xml
----------------- Instantiating /home/travis/build/icyphy/ptII/ptolemy/actor/lib/test/auto/PoissonClock3.xml
1 ms. Memory: 330752K Free: 165888K (50%)
----------------- Invoking toplevel() on ptolemy.moml.MoMLSimpleApplication@6c446114
----------------- Done invoking toplevel() on ptolemy.moml.MoMLSimpleApplication@6c446114
reloadAllAccessors: .PoissonClock3

===========================================================================================
----------------- testing Wed May 11 19:56:51 UTC 2022 /home/travis/build/icyphy/ptII/ptolemy/actor/lib/test/auto/PubSubWithInitialTokens.xml
----------------- Instantiating /home/travis/build/icyphy/ptII/ptolemy/actor/lib/test/auto/PubSubWithInitialTokens.xml
2 ms. Memory: 330752K Free: 160247K (48%)
----------------- Invoking toplevel() on ptolemy.moml.MoMLSimpleApplication@4c009897
----------------- Done invoking toplevel() on ptolemy.moml.MoMLSimpleApplication@4c009897
reloadAllAccessors: .PubSubWithInitialTokens

===========================================================================================
----------------- testing Wed May 11 19:56:51 UTC 2022 /home/travis/build/icyphy/ptII/ptolemy/actor/lib/test/auto/PubSubWithInitialTokens2.xml
----------------- Instantiating /home/travis/build/icyphy/ptII/ptolemy/actor/lib/test/auto/PubSubWithInitialTokens2.xml
2 ms. Memory: 330752K Free: 154095K (47%)
----------------- Invoking toplevel() on ptolemy.moml.MoMLSimpleApplication@31a782a4
----------------- Done invoking toplevel() on ptolemy.moml.MoMLSimpleApplication@31a782a4
reloadAllAccessors: .PubSubWithInitialTokens2

===========================================================================================
----------------- testing Wed May 11 19:56:51 UTC 2022 /home/travis/build/icyphy/ptII/ptolemy/actor/lib/test/auto/PublisherClassNoParameter.xml
----------------- Instantiating /home/travis/build/icyphy/ptII/ptolemy/actor/lib/test/auto/PublisherClassNoParameter.xml
3 ms. Memory: 330752K Free: 144384K (44%)
----------------- Invoking toplevel() on ptolemy.moml.MoMLSimpleApplication@21ac66c6
----------------- Done invoking toplevel() on ptolemy.moml.MoMLSimpleApplication@21ac66c6
reloadAllAccessors: .PublisherClassNoParameter

===========================================================================================
----------------- testing Wed May 11 19:56:51 UTC 2022 /home/travis/build/icyphy/ptII/ptolemy/actor/lib/test/auto/PublisherClassParameter.xml
----------------- Instantiating /home/travis/build/icyphy/ptII/ptolemy/actor/lib/test/auto/PublisherClassParameter.xml
2 ms. Memory: 330752K Free: 134144K (41%)
----------------- Invoking toplevel() on ptolemy.moml.MoMLSimpleApplication@6c478c08
----------------- Done invoking toplevel() on ptolemy.moml.MoMLSimpleApplication@6c478c08
reloadAllAccessors: .PublisherClassParameter

===========================================================================================
----------------- testing Wed May 11 19:56:51 UTC 2022 /home/travis/build/icyphy/ptII/ptolemy/actor/lib/test/auto/PublisherNonStrictTest.xml
----------------- Instantiating /home/travis/build/icyphy/ptII/ptolemy/actor/lib/test/auto/PublisherNonStrictTest.xml
2 ms. Memory: 330752K Free: 126455K (38%)
----------------- Invoking toplevel() on ptolemy.moml.MoMLSimpleApplication@6b8179c7
----------------- Done invoking toplevel() on ptolemy.moml.MoMLSimpleApplication@6b8179c7
reloadAllAccessors: .PublisherNonStrictTest

===========================================================================================
----------------- testing Wed May 11 19:56:51 UTC 2022 /home/travis/build/icyphy/ptII/ptolemy/actor/lib/test/auto/PublisherPort1.xml
----------------- Instantiating /home/travis/build/icyphy/ptII/ptolemy/actor/lib/test/auto/PublisherPort1.xml
10 ms. Memory: 330752K Free: 120832K (37%)
----------------- Invoking toplevel() on ptolemy.moml.MoMLSimpleApplication@3e29f896
----------------- Done invoking toplevel() on ptolemy.moml.MoMLSimpleApplication@3e29f896
reloadAllAccessors: .PublisherPort1

===========================================================================================
----------------- testing Wed May 11 19:56:51 UTC 2022 /home/travis/build/icyphy/ptII/ptolemy/actor/lib/test/auto/PublisherPort2.xml
----------------- Instantiating /home/travis/build/icyphy/ptII/ptolemy/actor/lib/test/auto/PublisherPort2.xml
1 ms. Memory: 330752K Free: 115712K (35%)
----------------- Invoking toplevel() on ptolemy.moml.MoMLSimpleApplication@6607070f
----------------- Done invoking toplevel() on ptolemy.moml.MoMLSimpleApplication@6607070f
reloadAllAccessors: .PublisherPort2

===========================================================================================
----------------- testing Wed May 11 19:56:51 UTC 2022 /home/travis/build/icyphy/ptII/ptolemy/actor/lib/test/auto/PublisherPort3.xml
----------------- Instantiating /home/travis/build/icyphy/ptII/ptolemy/actor/lib/test/auto/PublisherPort3.xml
2 ms. Memory: 330752K Free: 109023K (33%)
----------------- Invoking toplevel() on ptolemy.moml.MoMLSimpleApplication@5e8b5cc2
----------------- Done invoking toplevel() on ptolemy.moml.MoMLSimpleApplication@5e8b5cc2
reloadAllAccessors: .PublisherPort3

===========================================================================================
----------------- testing Wed May 11 19:56:51 UTC 2022 /home/travis/build/icyphy/ptII/ptolemy/actor/lib/test/auto/PublisherPort4.xml
----------------- Instantiating /home/travis/build/icyphy/ptII/ptolemy/actor/lib/test/auto/PublisherPort4.xml
2 ms. Memory: 330752K Free: 102895K (31%)
----------------- Invoking toplevel() on ptolemy.moml.MoMLSimpleApplication@7a132be5
----------------- Done invoking toplevel() on ptolemy.moml.MoMLSimpleApplication@7a132be5
reloadAllAccessors: .PublisherPort4

===========================================================================================
----------------- testing Wed May 11 19:56:51 UTC 2022 /home/travis/build/icyphy/ptII/ptolemy/actor/lib/test/auto/PublisherPort5.xml
----------------- Instantiating /home/travis/build/icyphy/ptII/ptolemy/actor/lib/test/auto/PublisherPort5.xml
5 ms. Memory: 330752K Free: 95232K (29%)
----------------- Invoking toplevel() on ptolemy.moml.MoMLSimpleApplication@5314a286
----------------- Done invoking toplevel() on ptolemy.moml.MoMLSimpleApplication@5314a286
reloadAllAccessors: .PublisherPort5

===========================================================================================
----------------- testing Wed May 11 19:56:51 UTC 2022 /home/travis/build/icyphy/ptII/ptolemy/actor/lib/test/auto/PublisherPort5LookAlike.xml
----------------- Instantiating /home/travis/build/icyphy/ptII/ptolemy/actor/lib/test/auto/PublisherPort5LookAlike.xml
6 ms. Memory: 330752K Free: 87550K (26%)
----------------- Invoking toplevel() on ptolemy.moml.MoMLSimpleApplication@4f6bd552
----------------- Done invoking toplevel() on ptolemy.moml.MoMLSimpleApplication@4f6bd552
reloadAllAccessors: .PublisherPort5LookAlike

===========================================================================================
----------------- testing Wed May 11 19:56:51 UTC 2022 /home/travis/build/icyphy/ptII/ptolemy/actor/lib/test/auto/PublisherPort6.xml
----------------- Instantiating /home/travis/build/icyphy/ptII/ptolemy/actor/lib/test/auto/PublisherPort6.xml
1 ms. Memory: 330752K Free: 275456K (83%)
----------------- Invoking toplevel() on ptolemy.moml.MoMLSimpleApplication@1fd89690
----------------- Done invoking toplevel() on ptolemy.moml.MoMLSimpleApplication@1fd89690
reloadAllAccessors: .PublisherPort6

===========================================================================================
----------------- testing Wed May 11 19:56:51 UTC 2022 /home/travis/build/icyphy/ptII/ptolemy/actor/lib/test/auto/PublisherPort7.xml
----------------- Instantiating /home/travis/build/icyphy/ptII/ptolemy/actor/lib/test/auto/PublisherPort7.xml
2 ms. Memory: 330752K Free: 267264K (81%)
----------------- Invoking toplevel() on ptolemy.moml.MoMLSimpleApplication@6b1d44d7
----------------- Done invoking toplevel() on ptolemy.moml.MoMLSimpleApplication@6b1d44d7
reloadAllAccessors: .PublisherPort7

===========================================================================================
----------------- testing Wed May 11 19:56:51 UTC 2022 /home/travis/build/icyphy/ptII/ptolemy/actor/lib/test/auto/PublisherPort8.xml
----------------- Instantiating /home/travis/build/icyphy/ptII/ptolemy/actor/lib/test/auto/PublisherPort8.xml
3 ms. Memory: 330752K Free: 258558K (78%)
----------------- Invoking toplevel() on ptolemy.moml.MoMLSimpleApplication@491b288c
----------------- Done invoking toplevel() on ptolemy.moml.MoMLSimpleApplication@491b288c
reloadAllAccessors: .PublisherPort8

===========================================================================================
----------------- testing Wed May 11 19:56:51 UTC 2022 /home/travis/build/icyphy/ptII/ptolemy/actor/lib/test/auto/PublisherPortSubscriberChannelVariablesAOC2.xml
----------------- Instantiating /home/travis/build/icyphy/ptII/ptolemy/actor/lib/test/auto/PublisherPortSubscriberChannelVariablesAOC2.xml
2 ms. Memory: 330752K Free: 241150K (73%)
----------------- Invoking toplevel() on ptolemy.moml.MoMLSimpleApplication@3679d911
----------------- Done invoking toplevel() on ptolemy.moml.MoMLSimpleApplication@3679d911
reloadAllAccessors: .PublisherPortSubscriberChannelVariablesAOC2

===========================================================================================
----------------- testing Wed May 11 19:56:51 UTC 2022 /home/travis/build/icyphy/ptII/ptolemy/actor/lib/test/auto/PublisherPortSubscriberOpaqueWidthInference.xml
----------------- Instantiating /home/travis/build/icyphy/ptII/ptolemy/actor/lib/test/auto/PublisherPortSubscriberOpaqueWidthInference.xml
3 ms. Memory: 330752K Free: 233472K (71%)
----------------- Invoking toplevel() on ptolemy.moml.MoMLSimpleApplication@27cd45e2
----------------- Done invoking toplevel() on ptolemy.moml.MoMLSimpleApplication@27cd45e2
reloadAllAccessors: .PublisherPortSubscriberOpaqueWidthInference

===========================================================================================
----------------- testing Wed May 11 19:56:51 UTC 2022 /home/travis/build/icyphy/ptII/ptolemy/actor/lib/test/auto/PublisherPortSubscriberPortAdjacent.xml
----------------- Instantiating /home/travis/build/icyphy/ptII/ptolemy/actor/lib/test/auto/PublisherPortSubscriberPortAdjacent.xml
1 ms. Memory: 330752K Free: 225280K (68%)
----------------- Invoking toplevel() on ptolemy.moml.MoMLSimpleApplication@5cbe029d
----------------- Done invoking toplevel() on ptolemy.moml.MoMLSimpleApplication@5cbe029d
reloadAllAccessors: .PublisherPortSubscriberPortAdjacent

===========================================================================================
----------------- testing Wed May 11 19:56:51 UTC 2022 /home/travis/build/icyphy/ptII/ptolemy/actor/lib/test/auto/PublisherPortSubscriberPortExpression.xml
----------------- Instantiating /home/travis/build/icyphy/ptII/ptolemy/actor/lib/test/auto/PublisherPortSubscriberPortExpression.xml
2 ms. Memory: 330752K Free: 217591K (66%)
----------------- Invoking toplevel() on ptolemy.moml.MoMLSimpleApplication@33adb00b
----------------- Done invoking toplevel() on ptolemy.moml.MoMLSimpleApplication@33adb00b
reloadAllAccessors: .PublisherPortSubscriberPortExpression

===========================================================================================
----------------- testing Wed May 11 19:56:51 UTC 2022 /home/travis/build/icyphy/ptII/ptolemy/actor/lib/test/auto/PublisherPortSubscriberPortOpaqueD3Reverse.xml
----------------- Instantiating /home/travis/build/icyphy/ptII/ptolemy/actor/lib/test/auto/PublisherPortSubscriberPortOpaqueD3Reverse.xml
5 ms. Memory: 330752K Free: 207358K (63%)
----------------- Invoking toplevel() on ptolemy.moml.MoMLSimpleApplication@19dd05ac
----------------- Done invoking toplevel() on ptolemy.moml.MoMLSimpleApplication@19dd05ac
reloadAllAccessors: .PublisherPortSubscriberPortOpaqueD3Reverse

===========================================================================================
----------------- testing Wed May 11 19:56:51 UTC 2022 /home/travis/build/icyphy/ptII/ptolemy/actor/lib/test/auto/PublisherPortSubscriberPortOpaqueWidthInference.xml
----------------- Instantiating /home/travis/build/icyphy/ptII/ptolemy/actor/lib/test/auto/PublisherPortSubscriberPortOpaqueWidthInference.xml
3 ms. Memory: 330752K Free: 199680K (60%)
----------------- Invoking toplevel() on ptolemy.moml.MoMLSimpleApplication@153aae0f
----------------- Done invoking toplevel() on ptolemy.moml.MoMLSimpleApplication@153aae0f
reloadAllAccessors: .PublisherPortSubscriberPortOpaqueWidthInference

===========================================================================================
----------------- testing Wed May 11 19:56:51 UTC 2022 /home/travis/build/icyphy/ptII/ptolemy/actor/lib/test/auto/PublisherPortToplevelSubscriberPortAOC.xml
----------------- Instantiating /home/travis/build/icyphy/ptII/ptolemy/actor/lib/test/auto/PublisherPortToplevelSubscriberPortAOC.xml
.PublisherPortToplevelSubscriberPortAOC.TestExceptionAttribute: initialize() was not invoked, but wrapup() was.  This is unusual, but not always a problem.  For example, exporting JNLP will do this.
0 ms. Memory: 330752K Free: 193536K (59%)
----------------- Invoking toplevel() on ptolemy.moml.MoMLSimpleApplication@19534fe1
----------------- Done invoking toplevel() on ptolemy.moml.MoMLSimpleApplication@19534fe1
reloadAllAccessors: .PublisherPortToplevelSubscriberPortAOC

===========================================================================================
----------------- testing Wed May 11 19:56:51 UTC 2022 /home/travis/build/icyphy/ptII/ptolemy/actor/lib/test/auto/PublisherSubscriber.xml
----------------- Instantiating /home/travis/build/icyphy/ptII/ptolemy/actor/lib/test/auto/PublisherSubscriber.xml
2 ms. Memory: 330752K Free: 185823K (56%)
----------------- Invoking toplevel() on ptolemy.moml.MoMLSimpleApplication@41f5c857
----------------- Done invoking toplevel() on ptolemy.moml.MoMLSimpleApplication@41f5c857
reloadAllAccessors: .PublisherSubscriber

===========================================================================================
----------------- testing Wed May 11 19:56:51 UTC 2022 /home/travis/build/icyphy/ptII/ptolemy/actor/lib/test/auto/PublisherSubscriber10.xml
----------------- Instantiating /home/travis/build/icyphy/ptII/ptolemy/actor/lib/test/auto/PublisherSubscriber10.xml
5 ms. Memory: 330752K Free: 176128K (53%)
----------------- Invoking toplevel() on ptolemy.moml.MoMLSimpleApplication@88edee6
----------------- Done invoking toplevel() on ptolemy.moml.MoMLSimpleApplication@88edee6
reloadAllAccessors: .PublisherSubscriber10

===========================================================================================
----------------- testing Wed May 11 19:56:51 UTC 2022 /home/travis/build/icyphy/ptII/ptolemy/actor/lib/test/auto/PublisherSubscriber10InitialOutputs.xml
----------------- Instantiating /home/travis/build/icyphy/ptII/ptolemy/actor/lib/test/auto/PublisherSubscriber10InitialOutputs.xml
14 ms. Memory: 330752K Free: 166912K (50%)
----------------- Invoking toplevel() on ptolemy.moml.MoMLSimpleApplication@51e5451a
----------------- Done invoking toplevel() on ptolemy.moml.MoMLSimpleApplication@51e5451a
reloadAllAccessors: .PublisherSubscriber10InitialOutputs

===========================================================================================
----------------- testing Wed May 11 19:56:51 UTC 2022 /home/travis/build/icyphy/ptII/ptolemy/actor/lib/test/auto/PublisherSubscriber11.xml
----------------- Instantiating /home/travis/build/icyphy/ptII/ptolemy/actor/lib/test/auto/PublisherSubscriber11.xml
3 ms. Memory: 330752K Free: 160768K (49%)
----------------- Invoking toplevel() on ptolemy.moml.MoMLSimpleApplication@4101ac8f
----------------- Done invoking toplevel() on ptolemy.moml.MoMLSimpleApplication@4101ac8f
reloadAllAccessors: .PublisherSubscriber11

===========================================================================================
----------------- testing Wed May 11 19:56:51 UTC 2022 /home/travis/build/icyphy/ptII/ptolemy/actor/lib/test/auto/PublisherSubscriber12.xml
----------------- Instantiating /home/travis/build/icyphy/ptII/ptolemy/actor/lib/test/auto/PublisherSubscriber12.xml
4 ms. Memory: 330752K Free: 153600K (46%)
----------------- Invoking toplevel() on ptolemy.moml.MoMLSimpleApplication@265d7b63
----------------- Done invoking toplevel() on ptolemy.moml.MoMLSimpleApplication@265d7b63
reloadAllAccessors: .PublisherSubscriber12

===========================================================================================
----------------- testing Wed May 11 19:56:51 UTC 2022 /home/travis/build/icyphy/ptII/ptolemy/actor/lib/test/auto/PublisherSubscriber13.xml
----------------- Instantiating /home/travis/build/icyphy/ptII/ptolemy/actor/lib/test/auto/PublisherSubscriber13.xml
1 ms. Memory: 330752K Free: 147966K (45%)
----------------- Invoking toplevel() on ptolemy.moml.MoMLSimpleApplication@53f1603b
----------------- Done invoking toplevel() on ptolemy.moml.MoMLSimpleApplication@53f1603b
reloadAllAccessors: .PublisherSubscriber13

===========================================================================================
----------------- testing Wed May 11 19:56:51 UTC 2022 /home/travis/build/icyphy/ptII/ptolemy/actor/lib/test/auto/PublisherSubscriber14.xml
----------------- Instantiating /home/travis/build/icyphy/ptII/ptolemy/actor/lib/test/auto/PublisherSubscriber14.xml
2 ms. Memory: 330752K Free: 139264K (42%)
----------------- Invoking toplevel() on ptolemy.moml.MoMLSimpleApplication@20df8be1
----------------- Done invoking toplevel() on ptolemy.moml.MoMLSimpleApplication@20df8be1
reloadAllAccessors: .PublisherSubscriber14

===========================================================================================
----------------- testing Wed May 11 19:56:51 UTC 2022 /home/travis/build/icyphy/ptII/ptolemy/actor/lib/test/auto/PublisherSubscriber2.xml
----------------- Instantiating /home/travis/build/icyphy/ptII/ptolemy/actor/lib/test/auto/PublisherSubscriber2.xml
2 ms. Memory: 330752K Free: 133120K (40%)
----------------- Invoking toplevel() on ptolemy.moml.MoMLSimpleApplication@72624292
----------------- Done invoking toplevel() on ptolemy.moml.MoMLSimpleApplication@72624292
reloadAllAccessors: .PublisherSubscriber2

===========================================================================================
----------------- testing Wed May 11 19:56:52 UTC 2022 /home/travis/build/icyphy/ptII/ptolemy/actor/lib/test/auto/PublisherSubscriber3.xml
----------------- Instantiating /home/travis/build/icyphy/ptII/ptolemy/actor/lib/test/auto/PublisherSubscriber3.xml
2 ms. Memory: 330752K Free: 127486K (39%)
----------------- Invoking toplevel() on ptolemy.moml.MoMLSimpleApplication@2bab73fb
----------------- Done invoking toplevel() on ptolemy.moml.MoMLSimpleApplication@2bab73fb
reloadAllAccessors: .PublisherSubscriber3

===========================================================================================
----------------- testing Wed May 11 19:56:52 UTC 2022 /home/travis/build/icyphy/ptII/ptolemy/actor/lib/test/auto/PublisherSubscriber4.xml
----------------- Instantiating /home/travis/build/icyphy/ptII/ptolemy/actor/lib/test/auto/PublisherSubscriber4.xml
1 ms. Memory: 330752K Free: 121856K (37%)
----------------- Invoking toplevel() on ptolemy.moml.MoMLSimpleApplication@3c0ce54
----------------- Done invoking toplevel() on ptolemy.moml.MoMLSimpleApplication@3c0ce54
reloadAllAccessors: .PublisherSubscriber4

===========================================================================================
----------------- testing Wed May 11 19:56:52 UTC 2022 /home/travis/build/icyphy/ptII/ptolemy/actor/lib/test/auto/PublisherSubscriber5.xml
----------------- Instantiating /home/travis/build/icyphy/ptII/ptolemy/actor/lib/test/auto/PublisherSubscriber5.xml
2 ms. Memory: 330752K Free: 115198K (35%)
----------------- Invoking toplevel() on ptolemy.moml.MoMLSimpleApplication@32f24f1c
----------------- Done invoking toplevel() on ptolemy.moml.MoMLSimpleApplication@32f24f1c
reloadAllAccessors: .PublisherSubscriber5

===========================================================================================
----------------- testing Wed May 11 19:56:52 UTC 2022 /home/travis/build/icyphy/ptII/ptolemy/actor/lib/test/auto/PublisherSubscriber6.xml
----------------- Instantiating /home/travis/build/icyphy/ptII/ptolemy/actor/lib/test/auto/PublisherSubscriber6.xml
4 ms. Memory: 330752K Free: 108544K (33%)
----------------- Invoking toplevel() on ptolemy.moml.MoMLSimpleApplication@7252632a
----------------- Done invoking toplevel() on ptolemy.moml.MoMLSimpleApplication@7252632a
reloadAllAccessors: .PublisherSubscriber6

===========================================================================================
----------------- testing Wed May 11 19:56:52 UTC 2022 /home/travis/build/icyphy/ptII/ptolemy/actor/lib/test/auto/PublisherSubscriber7.xml
----------------- Instantiating /home/travis/build/icyphy/ptII/ptolemy/actor/lib/test/auto/PublisherSubscriber7.xml
6 ms. Memory: 330752K Free: 101886K (31%)
----------------- Invoking toplevel() on ptolemy.moml.MoMLSimpleApplication@6383d9de
----------------- Done invoking toplevel() on ptolemy.moml.MoMLSimpleApplication@6383d9de
reloadAllAccessors: .PublisherSubscriber7

===========================================================================================
----------------- testing Wed May 11 19:56:52 UTC 2022 /home/travis/build/icyphy/ptII/ptolemy/actor/lib/test/auto/PublisherSubscriber8.xml
----------------- Instantiating /home/travis/build/icyphy/ptII/ptolemy/actor/lib/test/auto/PublisherSubscriber8.xml
20 ms. Memory: 330752K Free: 90112K (27%)
----------------- Invoking toplevel() on ptolemy.moml.MoMLSimpleApplication@73424db5
----------------- Done invoking toplevel() on ptolemy.moml.MoMLSimpleApplication@73424db5
reloadAllAccessors: .PublisherSubscriber8

===========================================================================================
----------------- testing Wed May 11 19:56:52 UTC 2022 /home/travis/build/icyphy/ptII/ptolemy/actor/lib/test/auto/PublisherSubscriber9.xml
----------------- Instantiating /home/travis/build/icyphy/ptII/ptolemy/actor/lib/test/auto/PublisherSubscriber9.xml
2 ms. Memory: 330752K Free: 276435K (84%)
----------------- Invoking toplevel() on ptolemy.moml.MoMLSimpleApplication@3c6b0bcd
----------------- Done invoking toplevel() on ptolemy.moml.MoMLSimpleApplication@3c6b0bcd
reloadAllAccessors: .PublisherSubscriber9

===========================================================================================
----------------- testing Wed May 11 19:56:52 UTC 2022 /home/travis/build/icyphy/ptII/ptolemy/actor/lib/test/auto/PublisherSubscriberAdjacent.xml
----------------- Instantiating /home/travis/build/icyphy/ptII/ptolemy/actor/lib/test/auto/PublisherSubscriberAdjacent.xml
1 ms. Memory: 330752K Free: 267748K (81%)
----------------- Invoking toplevel() on ptolemy.moml.MoMLSimpleApplication@244e68b8
----------------- Done invoking toplevel() on ptolemy.moml.MoMLSimpleApplication@244e68b8
reloadAllAccessors: .PublisherSubscriberAdjacent

===========================================================================================
----------------- testing Wed May 11 19:56:52 UTC 2022 /home/travis/build/icyphy/ptII/ptolemy/actor/lib/test/auto/PublisherSubscriberChannelVariablesAOC2.xml
----------------- Instantiating /home/travis/build/icyphy/ptII/ptolemy/actor/lib/test/auto/PublisherSubscriberChannelVariablesAOC2.xml
3 ms. Memory: 330752K Free: 252883K (76%)
----------------- Invoking toplevel() on ptolemy.moml.MoMLSimpleApplication@6bf22b48
----------------- Done invoking toplevel() on ptolemy.moml.MoMLSimpleApplication@6bf22b48
reloadAllAccessors: .PublisherSubscriberChannelVariablesAOC2

===========================================================================================
----------------- testing Wed May 11 19:56:52 UTC 2022 /home/travis/build/icyphy/ptII/ptolemy/actor/lib/test/auto/PublisherSubscriberD3.xml
----------------- Instantiating /home/travis/build/icyphy/ptII/ptolemy/actor/lib/test/auto/PublisherSubscriberD3.xml
1 ms. Memory: 330752K Free: 245730K (74%)
----------------- Invoking toplevel() on ptolemy.moml.MoMLSimpleApplication@3bdf934b
----------------- Done invoking toplevel() on ptolemy.moml.MoMLSimpleApplication@3bdf934b
reloadAllAccessors: .PublisherSubscriberD3

===========================================================================================
----------------- testing Wed May 11 19:56:52 UTC 2022 /home/travis/build/icyphy/ptII/ptolemy/actor/lib/test/auto/PublisherSubscriberD3Reverse.xml
----------------- Instantiating /home/travis/build/icyphy/ptII/ptolemy/actor/lib/test/auto/PublisherSubscriberD3Reverse.xml
2 ms. Memory: 330752K Free: 239586K (72%)
----------------- Invoking toplevel() on ptolemy.moml.MoMLSimpleApplication@1942d2b3
----------------- Done invoking toplevel() on ptolemy.moml.MoMLSimpleApplication@1942d2b3
reloadAllAccessors: .PublisherSubscriberD3Reverse

===========================================================================================
----------------- testing Wed May 11 19:56:52 UTC 2022 /home/travis/build/icyphy/ptII/ptolemy/actor/lib/test/auto/PublisherSubscriberExpression.xml
----------------- Instantiating /home/travis/build/icyphy/ptII/ptolemy/actor/lib/test/auto/PublisherSubscriberExpression.xml
3 ms. Memory: 330752K Free: 230884K (70%)
----------------- Invoking toplevel() on ptolemy.moml.MoMLSimpleApplication@2e78e2d5
----------------- Done invoking toplevel() on ptolemy.moml.MoMLSimpleApplication@2e78e2d5
reloadAllAccessors: .PublisherSubscriberExpression

===========================================================================================
----------------- testing Wed May 11 19:56:52 UTC 2022 /home/travis/build/icyphy/ptII/ptolemy/actor/lib/test/auto/PublisherSubscriberOpaque.xml
----------------- Instantiating /home/travis/build/icyphy/ptII/ptolemy/actor/lib/test/auto/PublisherSubscriberOpaque.xml
3 ms. Memory: 330752K Free: 222178K (67%)
----------------- Invoking toplevel() on ptolemy.moml.MoMLSimpleApplication@24c546c0
----------------- Done invoking toplevel() on ptolemy.moml.MoMLSimpleApplication@24c546c0
reloadAllAccessors: .PublisherSubscriberOpaque

===========================================================================================
----------------- testing Wed May 11 19:56:52 UTC 2022 /home/travis/build/icyphy/ptII/ptolemy/actor/lib/test/auto/PublisherSubscriberOpaqueD3.xml
----------------- Instantiating /home/travis/build/icyphy/ptII/ptolemy/actor/lib/test/auto/PublisherSubscriberOpaqueD3.xml
5 ms. Memory: 330752K Free: 210914K (64%)
----------------- Invoking toplevel() on ptolemy.moml.MoMLSimpleApplication@67e05d95
----------------- Done invoking toplevel() on ptolemy.moml.MoMLSimpleApplication@67e05d95
reloadAllAccessors: .PublisherSubscriberOpaqueD3

===========================================================================================
----------------- testing Wed May 11 19:56:52 UTC 2022 /home/travis/build/icyphy/ptII/ptolemy/actor/lib/test/auto/PublisherSubscriberOpaqueD3Reverse.xml
----------------- Instantiating /home/travis/build/icyphy/ptII/ptolemy/actor/lib/test/auto/PublisherSubscriberOpaqueD3Reverse.xml
7 ms. Memory: 330752K Free: 200164K (61%)
----------------- Invoking toplevel() on ptolemy.moml.MoMLSimpleApplication@7fe85abf
----------------- Done invoking toplevel() on ptolemy.moml.MoMLSimpleApplication@7fe85abf
reloadAllAccessors: .PublisherSubscriberOpaqueD3Reverse

===========================================================================================
----------------- testing Wed May 11 19:56:52 UTC 2022 /home/travis/build/icyphy/ptII/ptolemy/actor/lib/test/auto/PublisherSubscriberOpaqueWidthInference.xml
----------------- Instantiating /home/travis/build/icyphy/ptII/ptolemy/actor/lib/test/auto/PublisherSubscriberOpaqueWidthInference.xml
5 ms. Memory: 330752K Free: 191972K (58%)
----------------- Invoking toplevel() on ptolemy.moml.MoMLSimpleApplication@c4a35b4
----------------- Done invoking toplevel() on ptolemy.moml.MoMLSimpleApplication@c4a35b4
reloadAllAccessors: .PublisherSubscriberOpaqueWidthInference

===========================================================================================
----------------- testing Wed May 11 19:56:52 UTC 2022 /home/travis/build/icyphy/ptII/ptolemy/actor/lib/test/auto/PublisherTestSubscriber.xml
----------------- Instantiating /home/travis/build/icyphy/ptII/ptolemy/actor/lib/test/auto/PublisherTestSubscriber.xml
3 ms. Memory: 330752K Free: 184283K (56%)
----------------- Invoking toplevel() on ptolemy.moml.MoMLSimpleApplication@44282850
----------------- Done invoking toplevel() on ptolemy.moml.MoMLSimpleApplication@44282850
reloadAllAccessors: .PublisherTestSubscriber

===========================================================================================
----------------- testing Wed May 11 19:56:52 UTC 2022 /home/travis/build/icyphy/ptII/ptolemy/actor/lib/test/auto/PublisherToplevelSubscriberPortAOC.xml
----------------- Instantiating /home/travis/build/icyphy/ptII/ptolemy/actor/lib/test/auto/PublisherToplevelSubscriberPortAOC.xml
1 ms. Memory: 330752K Free: 177115K (54%)
----------------- Invoking toplevel() on ptolemy.moml.MoMLSimpleApplication@52fcc3c0
----------------- Done invoking toplevel() on ptolemy.moml.MoMLSimpleApplication@52fcc3c0
reloadAllAccessors: .PublisherToplevelSubscriberPortAOC

===========================================================================================
----------------- testing Wed May 11 19:56:52 UTC 2022 /home/travis/build/icyphy/ptII/ptolemy/actor/lib/test/auto/PulseFiringLimitDE.xml
----------------- Instantiating /home/travis/build/icyphy/ptII/ptolemy/actor/lib/test/auto/PulseFiringLimitDE.xml
2 ms. Memory: 330752K Free: 170978K (52%)
----------------- Invoking toplevel() on ptolemy.moml.MoMLSimpleApplication@635eba97
----------------- Done invoking toplevel() on ptolemy.moml.MoMLSimpleApplication@635eba97
reloadAllAccessors: .PulseFiringLimitDE

===========================================================================================
----------------- testing Wed May 11 19:56:52 UTC 2022 /home/travis/build/icyphy/ptII/ptolemy/actor/lib/test/auto/Ramp1.xml
----------------- Instantiating /home/travis/build/icyphy/ptII/ptolemy/actor/lib/test/auto/Ramp1.xml
1 ms. Memory: 330752K Free: 166867K (50%)
----------------- Invoking toplevel() on ptolemy.moml.MoMLSimpleApplication@11f43cc6
----------------- Done invoking toplevel() on ptolemy.moml.MoMLSimpleApplication@11f43cc6
reloadAllAccessors: .Ramp1

===========================================================================================
----------------- testing Wed May 11 19:56:52 UTC 2022 /home/travis/build/icyphy/ptII/ptolemy/actor/lib/test/auto/RampFiringLimitDE.xml
----------------- Instantiating /home/travis/build/icyphy/ptII/ptolemy/actor/lib/test/auto/RampFiringLimitDE.xml
3 ms. Memory: 330752K Free: 160723K (49%)
----------------- Invoking toplevel() on ptolemy.moml.MoMLSimpleApplication@1fcd3432
----------------- Done invoking toplevel() on ptolemy.moml.MoMLSimpleApplication@1fcd3432
reloadAllAccessors: .RampFiringLimitDE

===========================================================================================
----------------- testing Wed May 11 19:56:52 UTC 2022 /home/travis/build/icyphy/ptII/ptolemy/actor/lib/test/auto/RampFiringLimitSDF.xml
----------------- Instantiating /home/travis/build/icyphy/ptII/ptolemy/actor/lib/test/auto/RampFiringLimitSDF.xml
2 ms. Memory: 330752K Free: 155603K (47%)
----------------- Invoking toplevel() on ptolemy.moml.MoMLSimpleApplication@13b75a84
----------------- Done invoking toplevel() on ptolemy.moml.MoMLSimpleApplication@13b75a84
reloadAllAccessors: .RampFiringLimitSDF

===========================================================================================
----------------- testing Wed May 11 19:56:52 UTC 2022 /home/travis/build/icyphy/ptII/ptolemy/actor/lib/test/auto/RandomInteger.xml
----------------- Instantiating /home/travis/build/icyphy/ptII/ptolemy/actor/lib/test/auto/RandomInteger.xml
2 ms. Memory: 330752K Free: 151012K (46%)
----------------- Invoking toplevel() on ptolemy.moml.MoMLSimpleApplication@7dab2f67
----------------- Done invoking toplevel() on ptolemy.moml.MoMLSimpleApplication@7dab2f67
reloadAllAccessors: .RandomInteger

===========================================================================================
----------------- testing Wed May 11 19:56:52 UTC 2022 /home/travis/build/icyphy/ptII/ptolemy/actor/lib/test/auto/ReadFile1.xml
----------------- Instantiating /home/travis/build/icyphy/ptII/ptolemy/actor/lib/test/auto/ReadFile1.xml
1 ms. Memory: 330752K Free: 146395K (44%)
----------------- Invoking toplevel() on ptolemy.moml.MoMLSimpleApplication@71f3794e
----------------- Done invoking toplevel() on ptolemy.moml.MoMLSimpleApplication@71f3794e
reloadAllAccessors: .ReadFile1

===========================================================================================
----------------- testing Wed May 11 19:56:52 UTC 2022 /home/travis/build/icyphy/ptII/ptolemy/actor/lib/test/auto/ReadFile2.xml
----------------- Instantiating /home/travis/build/icyphy/ptII/ptolemy/actor/lib/test/auto/ReadFile2.xml
1 ms. Memory: 330752K Free: 142306K (43%)
----------------- Invoking toplevel() on ptolemy.moml.MoMLSimpleApplication@7dbc636b
----------------- Done invoking toplevel() on ptolemy.moml.MoMLSimpleApplication@7dbc636b
reloadAllAccessors: .ReadFile2

===========================================================================================
----------------- testing Wed May 11 19:56:52 UTC 2022 /home/travis/build/icyphy/ptII/ptolemy/actor/lib/test/auto/Reader.xml
----------------- Instantiating /home/travis/build/icyphy/ptII/ptolemy/actor/lib/test/auto/Reader.xml
actor.lib.Reader is obsolete, use actor.lib.io.ExpressionReader instead
2 ms. Memory: 330752K Free: 138210K (42%)
----------------- Invoking toplevel() on ptolemy.moml.MoMLSimpleApplication@3bf79951
----------------- Done invoking toplevel() on ptolemy.moml.MoMLSimpleApplication@3bf79951
reloadAllAccessors: .Reader

===========================================================================================
----------------- testing Wed May 11 19:56:52 UTC 2022 /home/travis/build/icyphy/ptII/ptolemy/actor/lib/test/auto/RecordAssemblerDisplayNameTest.xml
----------------- Instantiating /home/travis/build/icyphy/ptII/ptolemy/actor/lib/test/auto/RecordAssemblerDisplayNameTest.xml
3561 ms. Memory: 330752K Free: 268995K (81%)
----------------- Invoking toplevel() on ptolemy.moml.MoMLSimpleApplication@5fdf5301
----------------- Done invoking toplevel() on ptolemy.moml.MoMLSimpleApplication@5fdf5301
reloadAllAccessors: .RecordAssemblerDisplayNameTest

===========================================================================================
----------------- testing Wed May 11 19:56:56 UTC 2022 /home/travis/build/icyphy/ptII/ptolemy/actor/lib/test/auto/RecordAssemblerTypeError.xml
----------------- Instantiating /home/travis/build/icyphy/ptII/ptolemy/actor/lib/test/auto/RecordAssemblerTypeError.xml
5 ms. Memory: 330752K Free: 259265K (78%)
----------------- Invoking toplevel() on ptolemy.moml.MoMLSimpleApplication@21a6b71d
----------------- Done invoking toplevel() on ptolemy.moml.MoMLSimpleApplication@21a6b71d
reloadAllAccessors: .RecordAssemblerTypeError

===========================================================================================
----------------- testing Wed May 11 19:56:56 UTC 2022 /home/travis/build/icyphy/ptII/ptolemy/actor/lib/test/auto/RecordDisassember.xml
----------------- Instantiating /home/travis/build/icyphy/ptII/ptolemy/actor/lib/test/auto/RecordDisassember.xml
2 ms. Memory: 330752K Free: 254115K (77%)
----------------- Invoking toplevel() on ptolemy.moml.MoMLSimpleApplication@1ea1c494
----------------- Done invoking toplevel() on ptolemy.moml.MoMLSimpleApplication@1ea1c494
reloadAllAccessors: .RecordDisassember

===========================================================================================
----------------- testing Wed May 11 19:56:56 UTC 2022 /home/travis/build/icyphy/ptII/ptolemy/actor/lib/test/auto/RecordDisassemberDisplayNameTest.xml
----------------- Instantiating /home/travis/build/icyphy/ptII/ptolemy/actor/lib/test/auto/RecordDisassemberDisplayNameTest.xml
5 ms. Memory: 330752K Free: 246467K (75%)
----------------- Invoking toplevel() on ptolemy.moml.MoMLSimpleApplication@45ec490e
----------------- Done invoking toplevel() on ptolemy.moml.MoMLSimpleApplication@45ec490e
reloadAllAccessors: .RecordDisassemberDisplayNameTest

===========================================================================================
----------------- testing Wed May 11 19:56:56 UTC 2022 /home/travis/build/icyphy/ptII/ptolemy/actor/lib/test/auto/RecordDisassembler.xml
----------------- Instantiating /home/travis/build/icyphy/ptII/ptolemy/actor/lib/test/auto/RecordDisassembler.xml
2 ms. Memory: 330752K Free: 241347K (73%)
----------------- Invoking toplevel() on ptolemy.moml.MoMLSimpleApplication@831a3e7
----------------- Done invoking toplevel() on ptolemy.moml.MoMLSimpleApplication@831a3e7
reloadAllAccessors: .RecordDisassembler

===========================================================================================
----------------- testing Wed May 11 19:56:56 UTC 2022 /home/travis/build/icyphy/ptII/ptolemy/actor/lib/test/auto/RecordDisassembler2.xml
----------------- Instantiating /home/travis/build/icyphy/ptII/ptolemy/actor/lib/test/auto/RecordDisassembler2.xml
2 ms. Memory: 330752K Free: 236227K (71%)
----------------- Invoking toplevel() on ptolemy.moml.MoMLSimpleApplication@3925a92f
----------------- Done invoking toplevel() on ptolemy.moml.MoMLSimpleApplication@3925a92f
reloadAllAccessors: .RecordDisassembler2

===========================================================================================
----------------- testing Wed May 11 19:56:56 UTC 2022 /home/travis/build/icyphy/ptII/ptolemy/actor/lib/test/auto/RecordUpdater.xml
----------------- Instantiating /home/travis/build/icyphy/ptII/ptolemy/actor/lib/test/auto/RecordUpdater.xml
1 ms. Memory: 330752K Free: 231107K (70%)
----------------- Invoking toplevel() on ptolemy.moml.MoMLSimpleApplication@57df014e
----------------- Done invoking toplevel() on ptolemy.moml.MoMLSimpleApplication@57df014e
reloadAllAccessors: .RecordUpdater

===========================================================================================
----------------- testing Wed May 11 19:56:56 UTC 2022 /home/travis/build/icyphy/ptII/ptolemy/actor/lib/test/auto/RecordUpdater2.xml
----------------- Instantiating /home/travis/build/icyphy/ptII/ptolemy/actor/lib/test/auto/RecordUpdater2.xml
2 ms. Memory: 330752K Free: 225473K (68%)
----------------- Invoking toplevel() on ptolemy.moml.MoMLSimpleApplication@2d5bcea3
----------------- Done invoking toplevel() on ptolemy.moml.MoMLSimpleApplication@2d5bcea3
reloadAllAccessors: .RecordUpdater2

===========================================================================================
----------------- testing Wed May 11 19:56:56 UTC 2022 /home/travis/build/icyphy/ptII/ptolemy/actor/lib/test/auto/RecursiveLattice.xml
----------------- Instantiating /home/travis/build/icyphy/ptII/ptolemy/actor/lib/test/auto/RecursiveLattice.xml
1 ms. Memory: 330752K Free: 221347K (67%)
----------------- Invoking toplevel() on ptolemy.moml.MoMLSimpleApplication@7257112f
----------------- Done invoking toplevel() on ptolemy.moml.MoMLSimpleApplication@7257112f
reloadAllAccessors: .RecursiveLattice

===========================================================================================
----------------- testing Wed May 11 19:56:56 UTC 2022 /home/travis/build/icyphy/ptII/ptolemy/actor/lib/test/auto/Router.xml
----------------- Instantiating /home/travis/build/icyphy/ptII/ptolemy/actor/lib/test/auto/Router.xml
3004 ms. Memory: 330752K Free: 209603K (63%)
----------------- Invoking toplevel() on ptolemy.moml.MoMLSimpleApplication@6f736adf
----------------- Done invoking toplevel() on ptolemy.moml.MoMLSimpleApplication@6f736adf
reloadAllAccessors: .Router

===========================================================================================
----------------- testing Wed May 11 19:56:59 UTC 2022 /home/travis/build/icyphy/ptII/ptolemy/actor/lib/test/auto/Router2.xml
----------------- Instantiating /home/travis/build/icyphy/ptII/ptolemy/actor/lib/test/auto/Router2.xml
3005 ms. Memory: 330752K Free: 197825K (60%)
----------------- Invoking toplevel() on ptolemy.moml.MoMLSimpleApplication@fa4b7c5
----------------- Done invoking toplevel() on ptolemy.moml.MoMLSimpleApplication@fa4b7c5
reloadAllAccessors: .Router2

===========================================================================================
----------------- testing Wed May 11 19:57:02 UTC 2022 /home/travis/build/icyphy/ptII/ptolemy/actor/lib/test/auto/RunningMaximum.xml
----------------- Instantiating /home/travis/build/icyphy/ptII/ptolemy/actor/lib/test/auto/RunningMaximum.xml
1 ms. Memory: 330752K Free: 192705K (58%)
----------------- Invoking toplevel() on ptolemy.moml.MoMLSimpleApplication@40bd6232
----------------- Done invoking toplevel() on ptolemy.moml.MoMLSimpleApplication@40bd6232
reloadAllAccessors: .RunningMaximum

===========================================================================================
----------------- testing Wed May 11 19:57:02 UTC 2022 /home/travis/build/icyphy/ptII/ptolemy/actor/lib/test/auto/RunningMinimum.xml
----------------- Instantiating /home/travis/build/icyphy/ptII/ptolemy/actor/lib/test/auto/RunningMinimum.xml
1 ms. Memory: 330752K Free: 188099K (57%)
----------------- Invoking toplevel() on ptolemy.moml.MoMLSimpleApplication@185b94c1
----------------- Done invoking toplevel() on ptolemy.moml.MoMLSimpleApplication@185b94c1
reloadAllAccessors: .RunningMinimum

===========================================================================================
----------------- testing Wed May 11 19:57:02 UTC 2022 /home/travis/build/icyphy/ptII/ptolemy/actor/lib/test/auto/Scale.xml
----------------- Instantiating /home/travis/build/icyphy/ptII/ptolemy/actor/lib/test/auto/Scale.xml
2 ms. Memory: 330752K Free: 183489K (55%)
----------------- Invoking toplevel() on ptolemy.moml.MoMLSimpleApplication@526e3dcc
----------------- Done invoking toplevel() on ptolemy.moml.MoMLSimpleApplication@526e3dcc
reloadAllAccessors: .Scale

===========================================================================================
----------------- testing Wed May 11 19:57:02 UTC 2022 /home/travis/build/icyphy/ptII/ptolemy/actor/lib/test/auto/Scale2.xml
----------------- Instantiating /home/travis/build/icyphy/ptII/ptolemy/actor/lib/test/auto/Scale2.xml
1 ms. Memory: 330752K Free: 178883K (54%)
----------------- Invoking toplevel() on ptolemy.moml.MoMLSimpleApplication@179c8e06
----------------- Done invoking toplevel() on ptolemy.moml.MoMLSimpleApplication@179c8e06
reloadAllAccessors: .Scale2

===========================================================================================
----------------- testing Wed May 11 19:57:02 UTC 2022 /home/travis/build/icyphy/ptII/ptolemy/actor/lib/test/auto/Scale3.xml
----------------- Instantiating /home/travis/build/icyphy/ptII/ptolemy/actor/lib/test/auto/Scale3.xml
7 ms. Memory: 330752K Free: 172739K (52%)
----------------- Invoking toplevel() on ptolemy.moml.MoMLSimpleApplication@549b7db1
----------------- Done invoking toplevel() on ptolemy.moml.MoMLSimpleApplication@549b7db1
reloadAllAccessors: .Scale3

===========================================================================================
----------------- testing Wed May 11 19:57:02 UTC 2022 /home/travis/build/icyphy/ptII/ptolemy/actor/lib/test/auto/ScaleArray.xml
----------------- Instantiating /home/travis/build/icyphy/ptII/ptolemy/actor/lib/test/auto/ScaleArray.xml
1 ms. Memory: 330752K Free: 168129K (51%)
----------------- Invoking toplevel() on ptolemy.moml.MoMLSimpleApplication@653ea782
----------------- Done invoking toplevel() on ptolemy.moml.MoMLSimpleApplication@653ea782
reloadAllAccessors: .ScaleArray

===========================================================================================
----------------- testing Wed May 11 19:57:02 UTC 2022 /home/travis/build/icyphy/ptII/ptolemy/actor/lib/test/auto/ScaleArray2.xml
----------------- Instantiating /home/travis/build/icyphy/ptII/ptolemy/actor/lib/test/auto/ScaleArray2.xml
1 ms. Memory: 330752K Free: 163009K (49%)
----------------- Invoking toplevel() on ptolemy.moml.MoMLSimpleApplication@84bbd36
----------------- Done invoking toplevel() on ptolemy.moml.MoMLSimpleApplication@84bbd36
reloadAllAccessors: .ScaleArray2

===========================================================================================
----------------- testing Wed May 11 19:57:02 UTC 2022 /home/travis/build/icyphy/ptII/ptolemy/actor/lib/test/auto/ScaleMatrix.xml
----------------- Instantiating /home/travis/build/icyphy/ptII/ptolemy/actor/lib/test/auto/ScaleMatrix.xml
93 ms. Memory: 330752K Free: 148163K (45%)
----------------- Invoking toplevel() on ptolemy.moml.MoMLSimpleApplication@6ce08599
----------------- Done invoking toplevel() on ptolemy.moml.MoMLSimpleApplication@6ce08599
reloadAllAccessors: .ScaleMatrix

===========================================================================================
----------------- testing Wed May 11 19:57:02 UTC 2022 /home/travis/build/icyphy/ptII/ptolemy/actor/lib/test/auto/Select.xml
----------------- Instantiating /home/travis/build/icyphy/ptII/ptolemy/actor/lib/test/auto/Select.xml
2 ms. Memory: 330752K Free: 142019K (43%)
----------------- Invoking toplevel() on ptolemy.moml.MoMLSimpleApplication@2050e3a7
----------------- Done invoking toplevel() on ptolemy.moml.MoMLSimpleApplication@2050e3a7
reloadAllAccessors: .Select

===========================================================================================
----------------- testing Wed May 11 19:57:02 UTC 2022 /home/travis/build/icyphy/ptII/ptolemy/actor/lib/test/auto/Select2.xml
----------------- Instantiating /home/travis/build/icyphy/ptII/ptolemy/actor/lib/test/auto/Select2.xml
1 ms. Memory: 330752K Free: 137409K (42%)
----------------- Invoking toplevel() on ptolemy.moml.MoMLSimpleApplication@e910951
----------------- Done invoking toplevel() on ptolemy.moml.MoMLSimpleApplication@e910951
reloadAllAccessors: .Select2

===========================================================================================
----------------- testing Wed May 11 19:57:02 UTC 2022 /home/travis/build/icyphy/ptII/ptolemy/actor/lib/test/auto/SequenceToArray2.xml
----------------- Instantiating /home/travis/build/icyphy/ptII/ptolemy/actor/lib/test/auto/SequenceToArray2.xml
84 ms. Memory: 330752K Free: 113347K (34%)
----------------- Invoking toplevel() on ptolemy.moml.MoMLSimpleApplication@50c867b0
----------------- Done invoking toplevel() on ptolemy.moml.MoMLSimpleApplication@50c867b0
reloadAllAccessors: .SequenceToArray2

===========================================================================================
----------------- testing Wed May 11 19:57:02 UTC 2022 /home/travis/build/icyphy/ptII/ptolemy/actor/lib/test/auto/SequentialClock.xml
----------------- Instantiating /home/travis/build/icyphy/ptII/ptolemy/actor/lib/test/auto/SequentialClock.xml
1 ms. Memory: 330752K Free: 109251K (33%)
----------------- Invoking toplevel() on ptolemy.moml.MoMLSimpleApplication@f9b7b8c
----------------- Done invoking toplevel() on ptolemy.moml.MoMLSimpleApplication@f9b7b8c
reloadAllAccessors: .SequentialClock

===========================================================================================
----------------- testing Wed May 11 19:57:02 UTC 2022 /home/travis/build/icyphy/ptII/ptolemy/actor/lib/test/auto/SetVariable.xml
----------------- Instantiating /home/travis/build/icyphy/ptII/ptolemy/actor/lib/test/auto/SetVariable.xml
2 ms. Memory: 330752K Free: 104641K (32%)
----------------- Invoking toplevel() on ptolemy.moml.MoMLSimpleApplication@38b0d837
----------------- Done invoking toplevel() on ptolemy.moml.MoMLSimpleApplication@38b0d837
reloadAllAccessors: .SetVariable

===========================================================================================
----------------- testing Wed May 11 19:57:02 UTC 2022 /home/travis/build/icyphy/ptII/ptolemy/actor/lib/test/auto/SetVariable2.xml
----------------- Instantiating /home/travis/build/icyphy/ptII/ptolemy/actor/lib/test/auto/SetVariable2.xml
3 ms. Memory: 330752K Free: 99521K (30%)
----------------- Invoking toplevel() on ptolemy.moml.MoMLSimpleApplication@27ff9f0c
----------------- Done invoking toplevel() on ptolemy.moml.MoMLSimpleApplication@27ff9f0c
reloadAllAccessors: .SetVariable2

===========================================================================================
----------------- testing Wed May 11 19:57:02 UTC 2022 /home/travis/build/icyphy/ptII/ptolemy/actor/lib/test/auto/SetVariable3.xml
----------------- Instantiating /home/travis/build/icyphy/ptII/ptolemy/actor/lib/test/auto/SetVariable3.xml
6 ms. Memory: 330752K Free: 94401K (29%)
----------------- Invoking toplevel() on ptolemy.moml.MoMLSimpleApplication@38e2402
----------------- Done invoking toplevel() on ptolemy.moml.MoMLSimpleApplication@38e2402
reloadAllAccessors: .SetVariable3

===========================================================================================
----------------- testing Wed May 11 19:57:02 UTC 2022 /home/travis/build/icyphy/ptII/ptolemy/actor/lib/test/auto/SetVariable4.xml
----------------- Instantiating /home/travis/build/icyphy/ptII/ptolemy/actor/lib/test/auto/SetVariable4.xml
27 ms. Memory: 330752K Free: 278289K (84%)
----------------- Invoking toplevel() on ptolemy.moml.MoMLSimpleApplication@7a57e544
----------------- Done invoking toplevel() on ptolemy.moml.MoMLSimpleApplication@7a57e544
reloadAllAccessors: .SetVariable4

===========================================================================================
----------------- testing Wed May 11 19:57:02 UTC 2022 /home/travis/build/icyphy/ptII/ptolemy/actor/lib/test/auto/SetVariable5.xml
----------------- Instantiating /home/travis/build/icyphy/ptII/ptolemy/actor/lib/test/auto/SetVariable5.xml
14 ms. Memory: 330752K Free: 268573K (81%)
----------------- Invoking toplevel() on ptolemy.moml.MoMLSimpleApplication@1bc1670a
----------------- Done invoking toplevel() on ptolemy.moml.MoMLSimpleApplication@1bc1670a
reloadAllAccessors: .SetVariable5

===========================================================================================
----------------- testing Wed May 11 19:57:02 UTC 2022 /home/travis/build/icyphy/ptII/ptolemy/actor/lib/test/auto/Sinewave.xml
----------------- Instantiating /home/travis/build/icyphy/ptII/ptolemy/actor/lib/test/auto/Sinewave.xml
4 ms. Memory: 330752K Free: 257819K (78%)
----------------- Invoking toplevel() on ptolemy.moml.MoMLSimpleApplication@11952c60
----------------- Done invoking toplevel() on ptolemy.moml.MoMLSimpleApplication@11952c60
reloadAllAccessors: .Sinewave

===========================================================================================
----------------- testing Wed May 11 19:57:02 UTC 2022 /home/travis/build/icyphy/ptII/ptolemy/actor/lib/test/auto/Sinewave2.xml
----------------- Instantiating /home/travis/build/icyphy/ptII/ptolemy/actor/lib/test/auto/Sinewave2.xml
6 ms. Memory: 330752K Free: 249627K (75%)
----------------- Invoking toplevel() on ptolemy.moml.MoMLSimpleApplication@52a324e4
----------------- Done invoking toplevel() on ptolemy.moml.MoMLSimpleApplication@52a324e4
reloadAllAccessors: .Sinewave2

===========================================================================================
----------------- testing Wed May 11 19:57:02 UTC 2022 /home/travis/build/icyphy/ptII/ptolemy/actor/lib/test/auto/Sinewave3.xml
----------------- Instantiating /home/travis/build/icyphy/ptII/ptolemy/actor/lib/test/auto/Sinewave3.xml
12 ms. Memory: 330752K Free: 241405K (73%)
----------------- Invoking toplevel() on ptolemy.moml.MoMLSimpleApplication@50e3bdd6
----------------- Done invoking toplevel() on ptolemy.moml.MoMLSimpleApplication@50e3bdd6
reloadAllAccessors: .Sinewave3

===========================================================================================
----------------- testing Wed May 11 19:57:02 UTC 2022 /home/travis/build/icyphy/ptII/ptolemy/actor/lib/test/auto/SingleEvent.xml
----------------- Instantiating /home/travis/build/icyphy/ptII/ptolemy/actor/lib/test/auto/SingleEvent.xml
1 ms. Memory: 330752K Free: 237339K (72%)
----------------- Invoking toplevel() on ptolemy.moml.MoMLSimpleApplication@3aae9813
----------------- Done invoking toplevel() on ptolemy.moml.MoMLSimpleApplication@3aae9813
reloadAllAccessors: .SingleEvent

===========================================================================================
----------------- testing Wed May 11 19:57:02 UTC 2022 /home/travis/build/icyphy/ptII/ptolemy/actor/lib/test/auto/Sleep.xml
----------------- Instantiating /home/travis/build/icyphy/ptII/ptolemy/actor/lib/test/auto/Sleep.xml
6002 ms. Memory: 330752K Free: 232189K (70%)
----------------- Invoking toplevel() on ptolemy.moml.MoMLSimpleApplication@b3f41b0
----------------- Done invoking toplevel() on ptolemy.moml.MoMLSimpleApplication@b3f41b0
reloadAllAccessors: .Sleep

===========================================================================================
----------------- testing Wed May 11 19:57:08 UTC 2022 /home/travis/build/icyphy/ptII/ptolemy/actor/lib/test/auto/SleepMultipleFire.xml
----------------- Instantiating /home/travis/build/icyphy/ptII/ptolemy/actor/lib/test/auto/SleepMultipleFire.xml
1004 ms. Memory: 330752K Free: 226075K (68%)
----------------- Invoking toplevel() on ptolemy.moml.MoMLSimpleApplication@3ccc0e56
----------------- Done invoking toplevel() on ptolemy.moml.MoMLSimpleApplication@3ccc0e56
reloadAllAccessors: .SleepMultipleFire

===========================================================================================
----------------- testing Wed May 11 19:57:09 UTC 2022 /home/travis/build/icyphy/ptII/ptolemy/actor/lib/test/auto/StopDE.xml
----------------- Instantiating /home/travis/build/icyphy/ptII/ptolemy/actor/lib/test/auto/StopDE.xml
11 ms. Memory: 330752K Free: 220445K (67%)
----------------- Invoking toplevel() on ptolemy.moml.MoMLSimpleApplication@63812293
----------------- Done invoking toplevel() on ptolemy.moml.MoMLSimpleApplication@63812293
reloadAllAccessors: .StopDE

===========================================================================================
----------------- testing Wed May 11 19:57:09 UTC 2022 /home/travis/build/icyphy/ptII/ptolemy/actor/lib/test/auto/StopSDF.xml
----------------- Instantiating /home/travis/build/icyphy/ptII/ptolemy/actor/lib/test/auto/StopSDF.xml
2 ms. Memory: 330752K Free: 215325K (65%)
----------------- Invoking toplevel() on ptolemy.moml.MoMLSimpleApplication@72f7af66
----------------- Done invoking toplevel() on ptolemy.moml.MoMLSimpleApplication@72f7af66
reloadAllAccessors: .StopSDF

===========================================================================================
----------------- testing Wed May 11 19:57:09 UTC 2022 /home/travis/build/icyphy/ptII/ptolemy/actor/lib/test/auto/StringConstant.xml
----------------- Instantiating /home/travis/build/icyphy/ptII/ptolemy/actor/lib/test/auto/StringConstant.xml
11 ms. Memory: 330752K Free: 211229K (64%)
----------------- Invoking toplevel() on ptolemy.moml.MoMLSimpleApplication@201ebb5c
----------------- Done invoking toplevel() on ptolemy.moml.MoMLSimpleApplication@201ebb5c
reloadAllAccessors: .StringConstant

===========================================================================================
----------------- testing Wed May 11 19:57:09 UTC 2022 /home/travis/build/icyphy/ptII/ptolemy/actor/lib/test/auto/SubscriberPortInitialValues1.xml
----------------- Instantiating /home/travis/build/icyphy/ptII/ptolemy/actor/lib/test/auto/SubscriberPortInitialValues1.xml
7 ms. Memory: 330752K Free: 202013K (61%)
----------------- Invoking toplevel() on ptolemy.moml.MoMLSimpleApplication@e4c3d2f
----------------- Done invoking toplevel() on ptolemy.moml.MoMLSimpleApplication@e4c3d2f
reloadAllAccessors: .SubscriberPortInitialValues1

===========================================================================================
----------------- testing Wed May 11 19:57:09 UTC 2022 /home/travis/build/icyphy/ptII/ptolemy/actor/lib/test/auto/SubscriberPortInitialValues13.xml
----------------- Instantiating /home/travis/build/icyphy/ptII/ptolemy/actor/lib/test/auto/SubscriberPortInitialValues13.xml
4 ms. Memory: 330752K Free: 189211K (57%)
----------------- Invoking toplevel() on ptolemy.moml.MoMLSimpleApplication@612a3d96
----------------- Done invoking toplevel() on ptolemy.moml.MoMLSimpleApplication@612a3d96
reloadAllAccessors: .SubscriberPortInitialValues13

===========================================================================================
----------------- testing Wed May 11 19:57:09 UTC 2022 /home/travis/build/icyphy/ptII/ptolemy/actor/lib/test/auto/SubscriberPortInitialValues14.xml
----------------- Instantiating /home/travis/build/icyphy/ptII/ptolemy/actor/lib/test/auto/SubscriberPortInitialValues14.xml
4 ms. Memory: 330752K Free: 181533K (55%)
----------------- Invoking toplevel() on ptolemy.moml.MoMLSimpleApplication@2b684ed8
----------------- Done invoking toplevel() on ptolemy.moml.MoMLSimpleApplication@2b684ed8
reloadAllAccessors: .SubscriberPortInitialValues14

===========================================================================================
----------------- testing Wed May 11 19:57:09 UTC 2022 /home/travis/build/icyphy/ptII/ptolemy/actor/lib/test/auto/SubscriberPortInitialValues2.xml
----------------- Instantiating /home/travis/build/icyphy/ptII/ptolemy/actor/lib/test/auto/SubscriberPortInitialValues2.xml
11 ms. Memory: 330752K Free: 173851K (53%)
----------------- Invoking toplevel() on ptolemy.moml.MoMLSimpleApplication@1d302a04
----------------- Done invoking toplevel() on ptolemy.moml.MoMLSimpleApplication@1d302a04
reloadAllAccessors: .SubscriberPortInitialValues2

===========================================================================================
----------------- testing Wed May 11 19:57:09 UTC 2022 /home/travis/build/icyphy/ptII/ptolemy/actor/lib/test/auto/SubscriberPortInitialValues3.xml
----------------- Instantiating /home/travis/build/icyphy/ptII/ptolemy/actor/lib/test/auto/SubscriberPortInitialValues3.xml
3 ms. Memory: 330752K Free: 162587K (49%)
----------------- Invoking toplevel() on ptolemy.moml.MoMLSimpleApplication@6f1fd777
----------------- Done invoking toplevel() on ptolemy.moml.MoMLSimpleApplication@6f1fd777
reloadAllAccessors: .SubscriberPortInitialValues3

===========================================================================================
----------------- testing Wed May 11 19:57:09 UTC 2022 /home/travis/build/icyphy/ptII/ptolemy/actor/lib/test/auto/SubscriptionAggregator.xml
----------------- Instantiating /home/travis/build/icyphy/ptII/ptolemy/actor/lib/test/auto/SubscriptionAggregator.xml
2 ms. Memory: 330752K Free: 155933K (47%)
----------------- Invoking toplevel() on ptolemy.moml.MoMLSimpleApplication@399f36a3
----------------- Done invoking toplevel() on ptolemy.moml.MoMLSimpleApplication@399f36a3
reloadAllAccessors: .SubscriptionAggregator

===========================================================================================
----------------- testing Wed May 11 19:57:09 UTC 2022 /home/travis/build/icyphy/ptII/ptolemy/actor/lib/test/auto/SubscriptionAggregator2.xml
----------------- Instantiating /home/travis/build/icyphy/ptII/ptolemy/actor/lib/test/auto/SubscriptionAggregator2.xml
3 ms. Memory: 330752K Free: 149269K (45%)
----------------- Invoking toplevel() on ptolemy.moml.MoMLSimpleApplication@66aebc90
----------------- Done invoking toplevel() on ptolemy.moml.MoMLSimpleApplication@66aebc90
reloadAllAccessors: .SubscriptionAggregator2

===========================================================================================
----------------- testing Wed May 11 19:57:10 UTC 2022 /home/travis/build/icyphy/ptII/ptolemy/actor/lib/test/auto/SubscriptionAggregator3.xml
----------------- Instantiating /home/travis/build/icyphy/ptII/ptolemy/actor/lib/test/auto/SubscriptionAggregator3.xml
3 ms. Memory: 330752K Free: 140573K (43%)
----------------- Invoking toplevel() on ptolemy.moml.MoMLSimpleApplication@58c3b0c
----------------- Done invoking toplevel() on ptolemy.moml.MoMLSimpleApplication@58c3b0c
reloadAllAccessors: .SubscriptionAggregator3

===========================================================================================
----------------- testing Wed May 11 19:57:10 UTC 2022 /home/travis/build/icyphy/ptII/ptolemy/actor/lib/test/auto/SubscriptionAggregatorMultiply.xml
----------------- Instantiating /home/travis/build/icyphy/ptII/ptolemy/actor/lib/test/auto/SubscriptionAggregatorMultiply.xml
2 ms. Memory: 330752K Free: 131357K (40%)
----------------- Invoking toplevel() on ptolemy.moml.MoMLSimpleApplication@378fea7e
----------------- Done invoking toplevel() on ptolemy.moml.MoMLSimpleApplication@378fea7e
reloadAllAccessors: .SubscriptionAggregatorMultiply

===========================================================================================
----------------- testing Wed May 11 19:57:10 UTC 2022 /home/travis/build/icyphy/ptII/ptolemy/actor/lib/test/auto/SubscriptionAggregatorPortMultiply1.xml
----------------- Instantiating /home/travis/build/icyphy/ptII/ptolemy/actor/lib/test/auto/SubscriptionAggregatorPortMultiply1.xml
3 ms. Memory: 330752K Free: 123165K (37%)
----------------- Invoking toplevel() on ptolemy.moml.MoMLSimpleApplication@61d7e3e1
----------------- Done invoking toplevel() on ptolemy.moml.MoMLSimpleApplication@61d7e3e1
reloadAllAccessors: .SubscriptionAggregatorPortMultiply1

===========================================================================================
----------------- testing Wed May 11 19:57:10 UTC 2022 /home/travis/build/icyphy/ptII/ptolemy/actor/lib/test/auto/Switch.xml
----------------- Instantiating /home/travis/build/icyphy/ptII/ptolemy/actor/lib/test/auto/Switch.xml
5 ms. Memory: 330752K Free: 114973K (35%)
----------------- Invoking toplevel() on ptolemy.moml.MoMLSimpleApplication@24706102
----------------- Done invoking toplevel() on ptolemy.moml.MoMLSimpleApplication@24706102
reloadAllAccessors: .Switch

===========================================================================================
----------------- testing Wed May 11 19:57:10 UTC 2022 /home/travis/build/icyphy/ptII/ptolemy/actor/lib/test/auto/Switch2.xml
----------------- Instantiating /home/travis/build/icyphy/ptII/ptolemy/actor/lib/test/auto/Switch2.xml
2 ms. Memory: 330752K Free: 109853K (33%)
----------------- Invoking toplevel() on ptolemy.moml.MoMLSimpleApplication@778bffff
----------------- Done invoking toplevel() on ptolemy.moml.MoMLSimpleApplication@778bffff
reloadAllAccessors: .Switch2

===========================================================================================
----------------- testing Wed May 11 19:57:10 UTC 2022 /home/travis/build/icyphy/ptII/ptolemy/actor/lib/test/auto/SwitchDE.xml
----------------- Instantiating /home/travis/build/icyphy/ptII/ptolemy/actor/lib/test/auto/SwitchDE.xml
3 ms. Memory: 330752K Free: 103709K (31%)
----------------- Invoking toplevel() on ptolemy.moml.MoMLSimpleApplication@363fc621
----------------- Done invoking toplevel() on ptolemy.moml.MoMLSimpleApplication@363fc621
reloadAllAccessors: .SwitchDE

===========================================================================================
----------------- testing Wed May 11 19:57:10 UTC 2022 /home/travis/build/icyphy/ptII/ptolemy/actor/lib/test/auto/SynchronizerDE.xml
----------------- Instantiating /home/travis/build/icyphy/ptII/ptolemy/actor/lib/test/auto/SynchronizerDE.xml
5 ms. Memory: 330752K Free: 95517K (29%)
----------------- Invoking toplevel() on ptolemy.moml.MoMLSimpleApplication@70be564d
----------------- Done invoking toplevel() on ptolemy.moml.MoMLSimpleApplication@70be564d
reloadAllAccessors: .SynchronizerDE

===========================================================================================
----------------- testing Wed May 11 19:57:10 UTC 2022 /home/travis/build/icyphy/ptII/ptolemy/actor/lib/test/auto/Test.xml
----------------- Instantiating /home/travis/build/icyphy/ptII/ptolemy/actor/lib/test/auto/Test.xml
8 ms. Memory: 330752K Free: 90397K (27%)
----------------- Invoking toplevel() on ptolemy.moml.MoMLSimpleApplication@113b43a0
----------------- Done invoking toplevel() on ptolemy.moml.MoMLSimpleApplication@113b43a0
reloadAllAccessors: .Test

===========================================================================================
----------------- testing Wed May 11 19:57:10 UTC 2022 /home/travis/build/icyphy/ptII/ptolemy/actor/lib/test/auto/TestExceptionAttribute1.xml
----------------- Instantiating /home/travis/build/icyphy/ptII/ptolemy/actor/lib/test/auto/TestExceptionAttribute1.xml
1 ms. Memory: 330752K Free: 86301K (26%)
----------------- Invoking toplevel() on ptolemy.moml.MoMLSimpleApplication@6e60bdd9
----------------- Done invoking toplevel() on ptolemy.moml.MoMLSimpleApplication@6e60bdd9
reloadAllAccessors: .TestExceptionAttribute1

===========================================================================================
----------------- testing Wed May 11 19:57:10 UTC 2022 /home/travis/build/icyphy/ptII/ptolemy/actor/lib/test/auto/TestExceptionAttribute2.xml
----------------- Instantiating /home/travis/build/icyphy/ptII/ptolemy/actor/lib/test/auto/TestExceptionAttribute2.xml
1 ms. Memory: 330752K Free: 278157K (84%)
----------------- Invoking toplevel() on ptolemy.moml.MoMLSimpleApplication@3516c1ef
----------------- Done invoking toplevel() on ptolemy.moml.MoMLSimpleApplication@3516c1ef
reloadAllAccessors: .TestExceptionAttribute2

===========================================================================================
----------------- testing Wed May 11 19:57:10 UTC 2022 /home/travis/build/icyphy/ptII/ptolemy/actor/lib/test/auto/TestExceptionAttribute3.xml
----------------- Instantiating /home/travis/build/icyphy/ptII/ptolemy/actor/lib/test/auto/TestExceptionAttribute3.xml
.TestExceptionAttribute3.TestExceptionAttribute: initialize() was not invoked, but wrapup() was.  This is unusual, but not always a problem.  For example, exporting JNLP will do this.
1 ms. Memory: 330752K Free: 274075K (83%)
----------------- Invoking toplevel() on ptolemy.moml.MoMLSimpleApplication@1f183362
----------------- Done invoking toplevel() on ptolemy.moml.MoMLSimpleApplication@1f183362
reloadAllAccessors: .TestExceptionAttribute3

===========================================================================================
----------------- testing Wed May 11 19:57:10 UTC 2022 /home/travis/build/icyphy/ptII/ptolemy/actor/lib/test/auto/TestExceptionAttribute4.xml
----------------- Instantiating /home/travis/build/icyphy/ptII/ptolemy/actor/lib/test/auto/TestExceptionAttribute4.xml
.TestExceptionAttribute4.TestExceptionAttribute: initialize() was not invoked, but wrapup() was.  This is unusual, but not always a problem.  For example, exporting JNLP will do this.
.TestExceptionAttribute4.TestExceptionAttribute2: initialize() was not invoked, but wrapup() was.  This is unusual, but not always a problem.  For example, exporting JNLP will do this.
1 ms. Memory: 330752K Free: 269979K (82%)
----------------- Invoking toplevel() on ptolemy.moml.MoMLSimpleApplication@6d61a6e1
----------------- Done invoking toplevel() on ptolemy.moml.MoMLSimpleApplication@6d61a6e1
reloadAllAccessors: .TestExceptionAttribute4

===========================================================================================
----------------- testing Wed May 11 19:57:10 UTC 2022 /home/travis/build/icyphy/ptII/ptolemy/actor/lib/test/auto/TestExceptionHandler1.xml
----------------- Instantiating /home/travis/build/icyphy/ptII/ptolemy/actor/lib/test/auto/TestExceptionHandler1.xml
1 ms. Memory: 330752K Free: 266397K (81%)
----------------- Invoking toplevel() on ptolemy.moml.MoMLSimpleApplication@34c86c49
----------------- Done invoking toplevel() on ptolemy.moml.MoMLSimpleApplication@34c86c49
reloadAllAccessors: .TestExceptionHandler1

===========================================================================================
----------------- testing Wed May 11 19:57:10 UTC 2022 /home/travis/build/icyphy/ptII/ptolemy/actor/lib/test/auto/TestExceptionHandler2.xml
----------------- Instantiating /home/travis/build/icyphy/ptII/ptolemy/actor/lib/test/auto/TestExceptionHandler2.xml
1 ms. Memory: 330752K Free: 262301K (79%)
----------------- Invoking toplevel() on ptolemy.moml.MoMLSimpleApplication@556f1cac
----------------- Done invoking toplevel() on ptolemy.moml.MoMLSimpleApplication@556f1cac
reloadAllAccessors: .TestExceptionHandler2

===========================================================================================
----------------- testing Wed May 11 19:57:10 UTC 2022 /home/travis/build/icyphy/ptII/ptolemy/actor/lib/test/auto/TestExceptionHandler3.xml
----------------- Instantiating /home/travis/build/icyphy/ptII/ptolemy/actor/lib/test/auto/TestExceptionHandler3.xml
0 ms. Memory: 330752K Free: 258715K (78%)
----------------- Invoking toplevel() on ptolemy.moml.MoMLSimpleApplication@210677c7
----------------- Done invoking toplevel() on ptolemy.moml.MoMLSimpleApplication@210677c7
reloadAllAccessors: .TestExceptionHandler3

===========================================================================================
----------------- testing Wed May 11 19:57:10 UTC 2022 /home/travis/build/icyphy/ptII/ptolemy/actor/lib/test/auto/TestExceptionHandler4.xml
----------------- Instantiating /home/travis/build/icyphy/ptII/ptolemy/actor/lib/test/auto/TestExceptionHandler4.xml
1 ms. Memory: 330752K Free: 253595K (77%)
----------------- Invoking toplevel() on ptolemy.moml.MoMLSimpleApplication@4634950a
----------------- Done invoking toplevel() on ptolemy.moml.MoMLSimpleApplication@4634950a
reloadAllAccessors: .TestExceptionHandler4

===========================================================================================
----------------- testing Wed May 11 19:57:10 UTC 2022 /home/travis/build/icyphy/ptII/ptolemy/actor/lib/test/auto/TestRequireCorrectOrder.xml
----------------- Instantiating /home/travis/build/icyphy/ptII/ptolemy/actor/lib/test/auto/TestRequireCorrectOrder.xml
5 ms. Memory: 330752K Free: 247965K (75%)
----------------- Invoking toplevel() on ptolemy.moml.MoMLSimpleApplication@1ab3e02d
----------------- Done invoking toplevel() on ptolemy.moml.MoMLSimpleApplication@1ab3e02d
reloadAllAccessors: .TestRequireCorrectOrder

===========================================================================================
----------------- testing Wed May 11 19:57:10 UTC 2022 /home/travis/build/icyphy/ptII/ptolemy/actor/lib/test/auto/TestSimple.xml
----------------- Instantiating /home/travis/build/icyphy/ptII/ptolemy/actor/lib/test/auto/TestSimple.xml
1 ms. Memory: 330752K Free: 243349K (74%)
----------------- Invoking toplevel() on ptolemy.moml.MoMLSimpleApplication@3c78c642
----------------- Done invoking toplevel() on ptolemy.moml.MoMLSimpleApplication@3c78c642
reloadAllAccessors: .TestSimple

===========================================================================================
----------------- testing Wed May 11 19:57:10 UTC 2022 /home/travis/build/icyphy/ptII/ptolemy/actor/lib/test/auto/ThrowModelError.xml
----------------- Instantiating /home/travis/build/icyphy/ptII/ptolemy/actor/lib/test/auto/ThrowModelError.xml
1 ms. Memory: 330752K Free: 238749K (72%)
----------------- Invoking toplevel() on ptolemy.moml.MoMLSimpleApplication@5e7f970e
----------------- Done invoking toplevel() on ptolemy.moml.MoMLSimpleApplication@5e7f970e
reloadAllAccessors: .ThrowModelError

===========================================================================================
----------------- testing Wed May 11 19:57:10 UTC 2022 /home/travis/build/icyphy/ptII/ptolemy/actor/lib/test/auto/TimeDelayMicrosteps.xml
----------------- Instantiating /home/travis/build/icyphy/ptII/ptolemy/actor/lib/test/auto/TimeDelayMicrosteps.xml
3 ms. Memory: 330752K Free: 231581K (70%)
----------------- Invoking toplevel() on ptolemy.moml.MoMLSimpleApplication@52f87825
----------------- Done invoking toplevel() on ptolemy.moml.MoMLSimpleApplication@52f87825
reloadAllAccessors: .TimeDelayMicrosteps

===========================================================================================
----------------- testing Wed May 11 19:57:10 UTC 2022 /home/travis/build/icyphy/ptII/ptolemy/actor/lib/test/auto/TimeDelayMicrosteps2.xml
----------------- Instantiating /home/travis/build/icyphy/ptII/ptolemy/actor/lib/test/auto/TimeDelayMicrosteps2.xml
4 ms. Memory: 330752K Free: 224413K (68%)
----------------- Invoking toplevel() on ptolemy.moml.MoMLSimpleApplication@4062f8a7
----------------- Done invoking toplevel() on ptolemy.moml.MoMLSimpleApplication@4062f8a7
reloadAllAccessors: .TimeDelayMicrosteps2

===========================================================================================
----------------- testing Wed May 11 19:57:10 UTC 2022 /home/travis/build/icyphy/ptII/ptolemy/actor/lib/test/auto/TimeDelayMicrosteps3.xml
----------------- Instantiating /home/travis/build/icyphy/ptII/ptolemy/actor/lib/test/auto/TimeDelayMicrosteps3.xml
3 ms. Memory: 330752K Free: 217741K (66%)
----------------- Invoking toplevel() on ptolemy.moml.MoMLSimpleApplication@62691730
----------------- Done invoking toplevel() on ptolemy.moml.MoMLSimpleApplication@62691730
reloadAllAccessors: .TimeDelayMicrosteps3

===========================================================================================
----------------- testing Wed May 11 19:57:10 UTC 2022 /home/travis/build/icyphy/ptII/ptolemy/actor/lib/test/auto/TimeDelayVariableMicrosteps.xml
----------------- Instantiating /home/travis/build/icyphy/ptII/ptolemy/actor/lib/test/auto/TimeDelayVariableMicrosteps.xml
4 ms. Memory: 330752K Free: 211099K (64%)
----------------- Invoking toplevel() on ptolemy.moml.MoMLSimpleApplication@7387c12c
----------------- Done invoking toplevel() on ptolemy.moml.MoMLSimpleApplication@7387c12c
reloadAllAccessors: .TimeDelayVariableMicrosteps

===========================================================================================
----------------- testing Wed May 11 19:57:10 UTC 2022 /home/travis/build/icyphy/ptII/ptolemy/actor/lib/test/auto/TimeGap.xml
----------------- Instantiating /home/travis/build/icyphy/ptII/ptolemy/actor/lib/test/auto/TimeGap.xml
3 ms. Memory: 330752K Free: 205981K (62%)
----------------- Invoking toplevel() on ptolemy.moml.MoMLSimpleApplication@61aa764f
----------------- Done invoking toplevel() on ptolemy.moml.MoMLSimpleApplication@61aa764f
reloadAllAccessors: .TimeGap

===========================================================================================
----------------- testing Wed May 11 19:57:10 UTC 2022 /home/travis/build/icyphy/ptII/ptolemy/actor/lib/test/auto/TimeGap2.xml
----------------- Instantiating /home/travis/build/icyphy/ptII/ptolemy/actor/lib/test/auto/TimeGap2.xml
1 ms. Memory: 330752K Free: 200317K (61%)
----------------- Invoking toplevel() on ptolemy.moml.MoMLSimpleApplication@211ec70a
----------------- Done invoking toplevel() on ptolemy.moml.MoMLSimpleApplication@211ec70a
reloadAllAccessors: .TimeGap2

===========================================================================================
----------------- testing Wed May 11 19:57:10 UTC 2022 /home/travis/build/icyphy/ptII/ptolemy/actor/lib/test/auto/TimedSinewave.xml
----------------- Instantiating /home/travis/build/icyphy/ptII/ptolemy/actor/lib/test/auto/TimedSinewave.xml
24 ms. Memory: 330752K Free: 185501K (56%)
----------------- Invoking toplevel() on ptolemy.moml.MoMLSimpleApplication@dcf39b2
----------------- Done invoking toplevel() on ptolemy.moml.MoMLSimpleApplication@dcf39b2
reloadAllAccessors: .TimedSinewave

===========================================================================================
----------------- testing Wed May 11 19:57:10 UTC 2022 /home/travis/build/icyphy/ptII/ptolemy/actor/lib/test/auto/TimedSinewavePhase.xml
----------------- Instantiating /home/travis/build/icyphy/ptII/ptolemy/actor/lib/test/auto/TimedSinewavePhase.xml
10 ms. Memory: 330752K Free: 175771K (53%)
----------------- Invoking toplevel() on ptolemy.moml.MoMLSimpleApplication@54464814
----------------- Done invoking toplevel() on ptolemy.moml.MoMLSimpleApplication@54464814
reloadAllAccessors: .TimedSinewavePhase

===========================================================================================
----------------- testing Wed May 11 19:57:10 UTC 2022 /home/travis/build/icyphy/ptII/ptolemy/actor/lib/test/auto/Timer.xml
----------------- Instantiating /home/travis/build/icyphy/ptII/ptolemy/actor/lib/test/auto/Timer.xml
4 ms. Memory: 330752K Free: 170141K (51%)
----------------- Invoking toplevel() on ptolemy.moml.MoMLSimpleApplication@22e37c2b
----------------- Done invoking toplevel() on ptolemy.moml.MoMLSimpleApplication@22e37c2b
reloadAllAccessors: .Timer

===========================================================================================
----------------- testing Wed May 11 19:57:10 UTC 2022 /home/travis/build/icyphy/ptII/ptolemy/actor/lib/test/auto/TriangularDistTestModel.xml
----------------- Instantiating /home/travis/build/icyphy/ptII/ptolemy/actor/lib/test/auto/TriangularDistTestModel.xml
2 ms. Memory: 330752K Free: 163997K (50%)
----------------- Invoking toplevel() on ptolemy.moml.MoMLSimpleApplication@3e619273
----------------- Done invoking toplevel() on ptolemy.moml.MoMLSimpleApplication@3e619273
reloadAllAccessors: .TriangularDistTestModel

===========================================================================================
----------------- testing Wed May 11 19:57:10 UTC 2022 /home/travis/build/icyphy/ptII/ptolemy/actor/lib/test/auto/TrigFunction.xml
----------------- Instantiating /home/travis/build/icyphy/ptII/ptolemy/actor/lib/test/auto/TrigFunction.xml
1 ms. Memory: 330752K Free: 159387K (48%)
----------------- Invoking toplevel() on ptolemy.moml.MoMLSimpleApplication@2bef3399
----------------- Done invoking toplevel() on ptolemy.moml.MoMLSimpleApplication@2bef3399
reloadAllAccessors: .TrigFunction

===========================================================================================
----------------- testing Wed May 11 19:57:10 UTC 2022 /home/travis/build/icyphy/ptII/ptolemy/actor/lib/test/auto/TrigFunctionDE.xml
----------------- Instantiating /home/travis/build/icyphy/ptII/ptolemy/actor/lib/test/auto/TrigFunctionDE.xml
2 ms. Memory: 330752K Free: 153757K (46%)
----------------- Invoking toplevel() on ptolemy.moml.MoMLSimpleApplication@774f3fef
----------------- Done invoking toplevel() on ptolemy.moml.MoMLSimpleApplication@774f3fef
reloadAllAccessors: .TrigFunctionDE

===========================================================================================
----------------- testing Wed May 11 19:57:10 UTC 2022 /home/travis/build/icyphy/ptII/ptolemy/actor/lib/test/auto/TrigFunctionInverse.xml
----------------- Instantiating /home/travis/build/icyphy/ptII/ptolemy/actor/lib/test/auto/TrigFunctionInverse.xml
2 ms. Memory: 330752K Free: 148123K (45%)
----------------- Invoking toplevel() on ptolemy.moml.MoMLSimpleApplication@3b16a65f
----------------- Done invoking toplevel() on ptolemy.moml.MoMLSimpleApplication@3b16a65f
reloadAllAccessors: .TrigFunctionInverse

===========================================================================================
----------------- testing Wed May 11 19:57:10 UTC 2022 /home/travis/build/icyphy/ptII/ptolemy/actor/lib/test/auto/TrigFunctionTan.xml
----------------- Instantiating /home/travis/build/icyphy/ptII/ptolemy/actor/lib/test/auto/TrigFunctionTan.xml
1 ms. Memory: 330752K Free: 144027K (44%)
----------------- Invoking toplevel() on ptolemy.moml.MoMLSimpleApplication@3caad9d3
----------------- Done invoking toplevel() on ptolemy.moml.MoMLSimpleApplication@3caad9d3
reloadAllAccessors: .TrigFunctionTan

===========================================================================================
----------------- testing Wed May 11 19:57:10 UTC 2022 /home/travis/build/icyphy/ptII/ptolemy/actor/lib/test/auto/TriggeredClock.xml
----------------- Instantiating /home/travis/build/icyphy/ptII/ptolemy/actor/lib/test/auto/TriggeredClock.xml
1 ms. Memory: 330752K Free: 139389K (42%)
----------------- Invoking toplevel() on ptolemy.moml.MoMLSimpleApplication@158c74c
----------------- Done invoking toplevel() on ptolemy.moml.MoMLSimpleApplication@158c74c
reloadAllAccessors: .TriggeredClock

===========================================================================================
----------------- testing Wed May 11 19:57:10 UTC 2022 /home/travis/build/icyphy/ptII/ptolemy/actor/lib/test/auto/URLDirectoryReader.xml
----------------- Instantiating /home/travis/build/icyphy/ptII/ptolemy/actor/lib/test/auto/URLDirectoryReader.xml
32 ms. Memory: 330752K Free: 130205K (39%)
----------------- Invoking toplevel() on ptolemy.moml.MoMLSimpleApplication@3c3122f1
----------------- Done invoking toplevel() on ptolemy.moml.MoMLSimpleApplication@3c3122f1
reloadAllAccessors: .URLDirectoryReader

===========================================================================================
----------------- testing Wed May 11 19:57:10 UTC 2022 /home/travis/build/icyphy/ptII/ptolemy/actor/lib/test/auto/URLDirectoryReader3.xml
----------------- Instantiating /home/travis/build/icyphy/ptII/ptolemy/actor/lib/test/auto/URLDirectoryReader3.xml
1050 ms. Memory: 330752K Free: 270765K (82%)
----------------- Invoking toplevel() on ptolemy.moml.MoMLSimpleApplication@55f6fd88
----------------- Done invoking toplevel() on ptolemy.moml.MoMLSimpleApplication@55f6fd88
reloadAllAccessors: .URLDirectoryReader3

===========================================================================================
----------------- testing Wed May 11 19:57:12 UTC 2022 /home/travis/build/icyphy/ptII/ptolemy/actor/lib/test/auto/UnaryMathFunction.xml
----------------- Instantiating /home/travis/build/icyphy/ptII/ptolemy/actor/lib/test/auto/UnaryMathFunction.xml
2 ms. Memory: 330752K Free: 262952K (80%)
----------------- Invoking toplevel() on ptolemy.moml.MoMLSimpleApplication@6306b19a
----------------- Done invoking toplevel() on ptolemy.moml.MoMLSimpleApplication@6306b19a
reloadAllAccessors: .UnaryMathFunction

===========================================================================================
----------------- testing Wed May 11 19:57:12 UTC 2022 /home/travis/build/icyphy/ptII/ptolemy/actor/lib/test/auto/Uniform.xml
----------------- Instantiating /home/travis/build/icyphy/ptII/ptolemy/actor/lib/test/auto/Uniform.xml
1 ms. Memory: 330752K Free: 258346K (78%)
----------------- Invoking toplevel() on ptolemy.moml.MoMLSimpleApplication@756c3791
----------------- Done invoking toplevel() on ptolemy.moml.MoMLSimpleApplication@756c3791
reloadAllAccessors: .Uniform

===========================================================================================
----------------- testing Wed May 11 19:57:12 UTC 2022 /home/travis/build/icyphy/ptII/ptolemy/actor/lib/test/auto/UnionDisassemblerTest.xml
----------------- Instantiating /home/travis/build/icyphy/ptII/ptolemy/actor/lib/test/auto/UnionDisassemblerTest.xml
22 ms. Memory: 330752K Free: 254250K (77%)
----------------- Invoking toplevel() on ptolemy.moml.MoMLSimpleApplication@9011960
----------------- Done invoking toplevel() on ptolemy.moml.MoMLSimpleApplication@9011960
reloadAllAccessors: .UnionDisassemblerTest

===========================================================================================
----------------- testing Wed May 11 19:57:12 UTC 2022 /home/travis/build/icyphy/ptII/ptolemy/actor/lib/test/auto/UtilityFunctions.xml
----------------- Instantiating /home/travis/build/icyphy/ptII/ptolemy/actor/lib/test/auto/UtilityFunctions.xml
1 ms. Memory: 330752K Free: 250154K (76%)
----------------- Invoking toplevel() on ptolemy.moml.MoMLSimpleApplication@37558019
----------------- Done invoking toplevel() on ptolemy.moml.MoMLSimpleApplication@37558019
reloadAllAccessors: .UtilityFunctions

===========================================================================================
----------------- testing Wed May 11 19:57:12 UTC 2022 /home/travis/build/icyphy/ptII/ptolemy/actor/lib/test/auto/VariableSleep.xml
----------------- Instantiating /home/travis/build/icyphy/ptII/ptolemy/actor/lib/test/auto/VariableSleep.xml
502 ms. Memory: 330752K Free: 245034K (74%)
----------------- Invoking toplevel() on ptolemy.moml.MoMLSimpleApplication@5fb07a18
----------------- Done invoking toplevel() on ptolemy.moml.MoMLSimpleApplication@5fb07a18
reloadAllAccessors: .VariableSleep

===========================================================================================
----------------- testing Wed May 11 19:57:12 UTC 2022 /home/travis/build/icyphy/ptII/ptolemy/actor/lib/test/auto/VectorAssemblerDisassemblerCT.xml
----------------- Instantiating /home/travis/build/icyphy/ptII/ptolemy/actor/lib/test/auto/VectorAssemblerDisassemblerCT.xml
62 ms. Memory: 330752K Free: 224040K (68%)
----------------- Invoking toplevel() on ptolemy.moml.MoMLSimpleApplication@47f7923b
----------------- Done invoking toplevel() on ptolemy.moml.MoMLSimpleApplication@47f7923b
reloadAllAccessors: .VectorAssemblerDisassemblerCT

===========================================================================================
----------------- testing Wed May 11 19:57:12 UTC 2022 /home/travis/build/icyphy/ptII/ptolemy/actor/lib/test/auto/VectorAssemblerDisassemblerDE.xml
----------------- Instantiating /home/travis/build/icyphy/ptII/ptolemy/actor/lib/test/auto/VectorAssemblerDisassemblerDE.xml
3 ms. Memory: 330752K Free: 216872K (66%)
----------------- Invoking toplevel() on ptolemy.moml.MoMLSimpleApplication@93bb9bc
----------------- Done invoking toplevel() on ptolemy.moml.MoMLSimpleApplication@93bb9bc
reloadAllAccessors: .VectorAssemblerDisassemblerDE

===========================================================================================
----------------- testing Wed May 11 19:57:12 UTC 2022 /home/travis/build/icyphy/ptII/ptolemy/actor/lib/test/auto/VectorAssemblerDisassemblerSDF.xml
----------------- Instantiating /home/travis/build/icyphy/ptII/ptolemy/actor/lib/test/auto/VectorAssemblerDisassemblerSDF.xml
2 ms. Memory: 330752K Free: 210728K (64%)
----------------- Invoking toplevel() on ptolemy.moml.MoMLSimpleApplication@4098e396
----------------- Done invoking toplevel() on ptolemy.moml.MoMLSimpleApplication@4098e396
reloadAllAccessors: .VectorAssemblerDisassemblerSDF

===========================================================================================
----------------- testing Wed May 11 19:57:12 UTC 2022 /home/travis/build/icyphy/ptII/ptolemy/actor/lib/test/auto/WallClockTime.xml
----------------- Instantiating /home/travis/build/icyphy/ptII/ptolemy/actor/lib/test/auto/WallClockTime.xml
1004 ms. Memory: 330752K Free: 205098K (62%)
----------------- Invoking toplevel() on ptolemy.moml.MoMLSimpleApplication@56b09b60
----------------- Done invoking toplevel() on ptolemy.moml.MoMLSimpleApplication@56b09b60
reloadAllAccessors: .WallClockTime

===========================================================================================
----------------- testing Wed May 11 19:57:13 UTC 2022 /home/travis/build/icyphy/ptII/ptolemy/actor/lib/test/auto/WidthTestWithSubscriberPublisher.xml
----------------- Instantiating /home/travis/build/icyphy/ptII/ptolemy/actor/lib/test/auto/WidthTestWithSubscriberPublisher.xml
6 ms. Memory: 330752K Free: 187176K (57%)
----------------- Invoking toplevel() on ptolemy.moml.MoMLSimpleApplication@44d46d6e
----------------- Done invoking toplevel() on ptolemy.moml.MoMLSimpleApplication@44d46d6e
reloadAllAccessors: .WidthTestWithSubscriberPublisher

===========================================================================================
----------------- testing Wed May 11 19:57:13 UTC 2022 /home/travis/build/icyphy/ptII/ptolemy/actor/lib/test/auto/WidthTestWithSubscriberPublisher2.xml
----------------- Instantiating /home/travis/build/icyphy/ptII/ptolemy/actor/lib/test/auto/WidthTestWithSubscriberPublisher2.xml
2 ms. Memory: 330752K Free: 181032K (55%)
----------------- Invoking toplevel() on ptolemy.moml.MoMLSimpleApplication@4433546a
----------------- Done invoking toplevel() on ptolemy.moml.MoMLSimpleApplication@4433546a
reloadAllAccessors: .WidthTestWithSubscriberPublisher2

===========================================================================================
----------------- testing Wed May 11 19:57:13 UTC 2022 /home/travis/build/icyphy/ptII/ptolemy/actor/lib/test/auto/WidthTestWithSubscriberPublisher3.xml
----------------- Instantiating /home/travis/build/icyphy/ptII/ptolemy/actor/lib/test/auto/WidthTestWithSubscriberPublisher3.xml
1 ms. Memory: 330752K Free: 175402K (53%)
----------------- Invoking toplevel() on ptolemy.moml.MoMLSimpleApplication@4db36c86
----------------- Done invoking toplevel() on ptolemy.moml.MoMLSimpleApplication@4db36c86
reloadAllAccessors: .WidthTestWithSubscriberPublisher3

===========================================================================================
----------------- testing Wed May 11 19:57:13 UTC 2022 /home/travis/build/icyphy/ptII/ptolemy/actor/lib/test/auto/Writer.xml
----------------- Instantiating /home/travis/build/icyphy/ptII/ptolemy/actor/lib/test/auto/Writer.xml
0
1
2
3
4
1 ms. Memory: 330752K Free: 170786K (52%)
----------------- Invoking toplevel() on ptolemy.moml.MoMLSimpleApplication@104effe4
----------------- Done invoking toplevel() on ptolemy.moml.MoMLSimpleApplication@104effe4
reloadAllAccessors: .Writer

===========================================================================================
----------------- testing Wed May 11 19:57:13 UTC 2022 /home/travis/build/icyphy/ptII/ptolemy/actor/lib/test/auto/array.xml
----------------- Instantiating /home/travis/build/icyphy/ptII/ptolemy/actor/lib/test/auto/array.xml
2 ms. Memory: 330752K Free: 166186K (50%)
----------------- Invoking toplevel() on ptolemy.moml.MoMLSimpleApplication@742134c8
----------------- Done invoking toplevel() on ptolemy.moml.MoMLSimpleApplication@742134c8
reloadAllAccessors: .array

===========================================================================================
----------------- testing Wed May 11 19:57:13 UTC 2022 /home/travis/build/icyphy/ptII/ptolemy/actor/lib/test/auto/array2.xml
----------------- Instantiating /home/travis/build/icyphy/ptII/ptolemy/actor/lib/test/auto/array2.xml
5 ms. Memory: 330752K Free: 161066K (49%)
----------------- Invoking toplevel() on ptolemy.moml.MoMLSimpleApplication@55da3650
----------------- Done invoking toplevel() on ptolemy.moml.MoMLSimpleApplication@55da3650
reloadAllAccessors: .array2

===========================================================================================
----------------- testing Wed May 11 19:57:13 UTC 2022 /home/travis/build/icyphy/ptII/ptolemy/actor/lib/test/auto/arrayType.xml
----------------- Instantiating /home/travis/build/icyphy/ptII/ptolemy/actor/lib/test/auto/arrayType.xml
1 ms. Memory: 330752K Free: 155418K (47%)
----------------- Invoking toplevel() on ptolemy.moml.MoMLSimpleApplication@a7a0fe6
----------------- Done invoking toplevel() on ptolemy.moml.MoMLSimpleApplication@a7a0fe6
reloadAllAccessors: .arrayType

===========================================================================================
----------------- testing Wed May 11 19:57:13 UTC 2022 /home/travis/build/icyphy/ptII/ptolemy/actor/lib/test/auto/arrayType10.xml
----------------- Instantiating /home/travis/build/icyphy/ptII/ptolemy/actor/lib/test/auto/arrayType10.xml
1 ms. Memory: 330752K Free: 150826K (46%)
----------------- Invoking toplevel() on ptolemy.moml.MoMLSimpleApplication@71711ab1
----------------- Done invoking toplevel() on ptolemy.moml.MoMLSimpleApplication@71711ab1
reloadAllAccessors: .arrayType10

===========================================================================================
----------------- testing Wed May 11 19:57:13 UTC 2022 /home/travis/build/icyphy/ptII/ptolemy/actor/lib/test/auto/arrayType11.xml
----------------- Instantiating /home/travis/build/icyphy/ptII/ptolemy/actor/lib/test/auto/arrayType11.xml
1 ms. Memory: 330752K Free: 146216K (44%)
----------------- Invoking toplevel() on ptolemy.moml.MoMLSimpleApplication@8e909c8
----------------- Done invoking toplevel() on ptolemy.moml.MoMLSimpleApplication@8e909c8
reloadAllAccessors: .arrayType11

===========================================================================================
----------------- testing Wed May 11 19:57:13 UTC 2022 /home/travis/build/icyphy/ptII/ptolemy/actor/lib/test/auto/arrayType12.xml
----------------- Instantiating /home/travis/build/icyphy/ptII/ptolemy/actor/lib/test/auto/arrayType12.xml
1 ms. Memory: 330752K Free: 141096K (43%)
----------------- Invoking toplevel() on ptolemy.moml.MoMLSimpleApplication@45014ea0
----------------- Done invoking toplevel() on ptolemy.moml.MoMLSimpleApplication@45014ea0
reloadAllAccessors: .arrayType12

===========================================================================================
----------------- testing Wed May 11 19:57:13 UTC 2022 /home/travis/build/icyphy/ptII/ptolemy/actor/lib/test/auto/arrayType13.xml
----------------- Instantiating /home/travis/build/icyphy/ptII/ptolemy/actor/lib/test/auto/arrayType13.xml
1 ms. Memory: 330752K Free: 135976K (41%)
----------------- Invoking toplevel() on ptolemy.moml.MoMLSimpleApplication@6457ab58
----------------- Done invoking toplevel() on ptolemy.moml.MoMLSimpleApplication@6457ab58
reloadAllAccessors: .arrayType13

===========================================================================================
----------------- testing Wed May 11 19:57:13 UTC 2022 /home/travis/build/icyphy/ptII/ptolemy/actor/lib/test/auto/arrayType14.xml
----------------- Instantiating /home/travis/build/icyphy/ptII/ptolemy/actor/lib/test/auto/arrayType14.xml
1 ms. Memory: 330752K Free: 130346K (39%)
----------------- Invoking toplevel() on ptolemy.moml.MoMLSimpleApplication@4ba05a26
----------------- Done invoking toplevel() on ptolemy.moml.MoMLSimpleApplication@4ba05a26
reloadAllAccessors: .arrayType14

===========================================================================================
----------------- testing Wed May 11 19:57:13 UTC 2022 /home/travis/build/icyphy/ptII/ptolemy/actor/lib/test/auto/arrayType15.xml
----------------- Instantiating /home/travis/build/icyphy/ptII/ptolemy/actor/lib/test/auto/arrayType15.xml
2 ms. Memory: 330752K Free: 125226K (38%)
----------------- Invoking toplevel() on ptolemy.moml.MoMLSimpleApplication@62bf58ce
----------------- Done invoking toplevel() on ptolemy.moml.MoMLSimpleApplication@62bf58ce
reloadAllAccessors: .arrayType15

===========================================================================================
----------------- testing Wed May 11 19:57:13 UTC 2022 /home/travis/build/icyphy/ptII/ptolemy/actor/lib/test/auto/arrayType16.xml
----------------- Instantiating /home/travis/build/icyphy/ptII/ptolemy/actor/lib/test/auto/arrayType16.xml
1 ms. Memory: 330752K Free: 120106K (36%)
----------------- Invoking toplevel() on ptolemy.moml.MoMLSimpleApplication@fe23f85
----------------- Done invoking toplevel() on ptolemy.moml.MoMLSimpleApplication@fe23f85
reloadAllAccessors: .arrayType16

===========================================================================================
----------------- testing Wed May 11 19:57:13 UTC 2022 /home/travis/build/icyphy/ptII/ptolemy/actor/lib/test/auto/arrayType17.xml
----------------- Instantiating /home/travis/build/icyphy/ptII/ptolemy/actor/lib/test/auto/arrayType17.xml
1 ms. Memory: 330752K Free: 114458K (35%)
----------------- Invoking toplevel() on ptolemy.moml.MoMLSimpleApplication@f3eab5
----------------- Done invoking toplevel() on ptolemy.moml.MoMLSimpleApplication@f3eab5
reloadAllAccessors: .arrayType17

===========================================================================================
----------------- testing Wed May 11 19:57:13 UTC 2022 /home/travis/build/icyphy/ptII/ptolemy/actor/lib/test/auto/arrayType18.xml
----------------- Instantiating /home/travis/build/icyphy/ptII/ptolemy/actor/lib/test/auto/arrayType18.xml
1 ms. Memory: 330752K Free: 109866K (33%)
----------------- Invoking toplevel() on ptolemy.moml.MoMLSimpleApplication@764876d6
----------------- Done invoking toplevel() on ptolemy.moml.MoMLSimpleApplication@764876d6
reloadAllAccessors: .arrayType18

===========================================================================================
----------------- testing Wed May 11 19:57:14 UTC 2022 /home/travis/build/icyphy/ptII/ptolemy/actor/lib/test/auto/arrayType19.xml
----------------- Instantiating /home/travis/build/icyphy/ptII/ptolemy/actor/lib/test/auto/arrayType19.xml
1 ms. Memory: 330752K Free: 105256K (32%)
----------------- Invoking toplevel() on ptolemy.moml.MoMLSimpleApplication@1a36693b
----------------- Done invoking toplevel() on ptolemy.moml.MoMLSimpleApplication@1a36693b
reloadAllAccessors: .arrayType19

===========================================================================================
----------------- testing Wed May 11 19:57:14 UTC 2022 /home/travis/build/icyphy/ptII/ptolemy/actor/lib/test/auto/arrayType2.xml
----------------- Instantiating /home/travis/build/icyphy/ptII/ptolemy/actor/lib/test/auto/arrayType2.xml
1 ms. Memory: 330752K Free: 99626K (30%)
----------------- Invoking toplevel() on ptolemy.moml.MoMLSimpleApplication@2e637182
----------------- Done invoking toplevel() on ptolemy.moml.MoMLSimpleApplication@2e637182
reloadAllAccessors: .arrayType2

===========================================================================================
----------------- testing Wed May 11 19:57:14 UTC 2022 /home/travis/build/icyphy/ptII/ptolemy/actor/lib/test/auto/arrayType20.xml
----------------- Instantiating /home/travis/build/icyphy/ptII/ptolemy/actor/lib/test/auto/arrayType20.xml
2 ms. Memory: 330752K Free: 95016K (29%)
----------------- Invoking toplevel() on ptolemy.moml.MoMLSimpleApplication@1c16470f
----------------- Done invoking toplevel() on ptolemy.moml.MoMLSimpleApplication@1c16470f
reloadAllAccessors: .arrayType20

===========================================================================================
----------------- testing Wed May 11 19:57:14 UTC 2022 /home/travis/build/icyphy/ptII/ptolemy/actor/lib/test/auto/arrayType21.xml
----------------- Instantiating /home/travis/build/icyphy/ptII/ptolemy/actor/lib/test/auto/arrayType21.xml
1 ms. Memory: 330752K Free: 90410K (27%)
----------------- Invoking toplevel() on ptolemy.moml.MoMLSimpleApplication@5acc380f
----------------- Done invoking toplevel() on ptolemy.moml.MoMLSimpleApplication@5acc380f
reloadAllAccessors: .arrayType21

===========================================================================================
----------------- testing Wed May 11 19:57:14 UTC 2022 /home/travis/build/icyphy/ptII/ptolemy/actor/lib/test/auto/arrayType22.xml
----------------- Instantiating /home/travis/build/icyphy/ptII/ptolemy/actor/lib/test/auto/arrayType22.xml
1 ms. Memory: 330752K Free: 85290K (26%)
----------------- Invoking toplevel() on ptolemy.moml.MoMLSimpleApplication@2d670af3
----------------- Done invoking toplevel() on ptolemy.moml.MoMLSimpleApplication@2d670af3
reloadAllAccessors: .arrayType22

===========================================================================================
----------------- testing Wed May 11 19:57:14 UTC 2022 /home/travis/build/icyphy/ptII/ptolemy/actor/lib/test/auto/arrayType23.xml
----------------- Instantiating /home/travis/build/icyphy/ptII/ptolemy/actor/lib/test/auto/arrayType23.xml
1 ms. Memory: 330752K Free: 273047K (83%)
----------------- Invoking toplevel() on ptolemy.moml.MoMLSimpleApplication@221badcd
----------------- Done invoking toplevel() on ptolemy.moml.MoMLSimpleApplication@221badcd
reloadAllAccessors: .arrayType23

===========================================================================================
----------------- testing Wed May 11 19:57:14 UTC 2022 /home/travis/build/icyphy/ptII/ptolemy/actor/lib/test/auto/arrayType24.xml
----------------- Instantiating /home/travis/build/icyphy/ptII/ptolemy/actor/lib/test/auto/arrayType24.xml
4 ms. Memory: 330752K Free: 268202K (81%)
----------------- Invoking toplevel() on ptolemy.moml.MoMLSimpleApplication@26585b30
----------------- Done invoking toplevel() on ptolemy.moml.MoMLSimpleApplication@26585b30
reloadAllAccessors: .arrayType24

===========================================================================================
----------------- testing Wed May 11 19:57:14 UTC 2022 /home/travis/build/icyphy/ptII/ptolemy/actor/lib/test/auto/arrayType25.xml
----------------- Instantiating /home/travis/build/icyphy/ptII/ptolemy/actor/lib/test/auto/arrayType25.xml
1 ms. Memory: 330752K Free: 262572K (79%)
----------------- Invoking toplevel() on ptolemy.moml.MoMLSimpleApplication@2d44a6a2
----------------- Done invoking toplevel() on ptolemy.moml.MoMLSimpleApplication@2d44a6a2
reloadAllAccessors: .arrayType25

===========================================================================================
----------------- testing Wed May 11 19:57:14 UTC 2022 /home/travis/build/icyphy/ptII/ptolemy/actor/lib/test/auto/arrayType26.xml
----------------- Instantiating /home/travis/build/icyphy/ptII/ptolemy/actor/lib/test/auto/arrayType26.xml
1 ms. Memory: 330752K Free: 257452K (78%)
----------------- Invoking toplevel() on ptolemy.moml.MoMLSimpleApplication@64f8d2b5
----------------- Done invoking toplevel() on ptolemy.moml.MoMLSimpleApplication@64f8d2b5
reloadAllAccessors: .arrayType26

===========================================================================================
----------------- testing Wed May 11 19:57:14 UTC 2022 /home/travis/build/icyphy/ptII/ptolemy/actor/lib/test/auto/arrayType27.xml
----------------- Instantiating /home/travis/build/icyphy/ptII/ptolemy/actor/lib/test/auto/arrayType27.xml
1 ms. Memory: 330752K Free: 251818K (76%)
----------------- Invoking toplevel() on ptolemy.moml.MoMLSimpleApplication@7c8d9980
----------------- Done invoking toplevel() on ptolemy.moml.MoMLSimpleApplication@7c8d9980
reloadAllAccessors: .arrayType27

===========================================================================================
----------------- testing Wed May 11 19:57:14 UTC 2022 /home/travis/build/icyphy/ptII/ptolemy/actor/lib/test/auto/arrayType28.xml
----------------- Instantiating /home/travis/build/icyphy/ptII/ptolemy/actor/lib/test/auto/arrayType28.xml
1 ms. Memory: 330752K Free: 246698K (75%)
----------------- Invoking toplevel() on ptolemy.moml.MoMLSimpleApplication@cb26a8f
----------------- Done invoking toplevel() on ptolemy.moml.MoMLSimpleApplication@cb26a8f
reloadAllAccessors: .arrayType28

===========================================================================================
----------------- testing Wed May 11 19:57:14 UTC 2022 /home/travis/build/icyphy/ptII/ptolemy/actor/lib/test/auto/arrayType3.xml
----------------- Instantiating /home/travis/build/icyphy/ptII/ptolemy/actor/lib/test/auto/arrayType3.xml
1 ms. Memory: 330752K Free: 241564K (73%)
----------------- Invoking toplevel() on ptolemy.moml.MoMLSimpleApplication@38aa3b9
----------------- Done invoking toplevel() on ptolemy.moml.MoMLSimpleApplication@38aa3b9
reloadAllAccessors: .arrayType3

===========================================================================================
----------------- testing Wed May 11 19:57:14 UTC 2022 /home/travis/build/icyphy/ptII/ptolemy/actor/lib/test/auto/arrayType4.xml
----------------- Instantiating /home/travis/build/icyphy/ptII/ptolemy/actor/lib/test/auto/arrayType4.xml
13 ms. Memory: 330752K Free: 235948K (71%)
----------------- Invoking toplevel() on ptolemy.moml.MoMLSimpleApplication@4fc34d7f
----------------- Done invoking toplevel() on ptolemy.moml.MoMLSimpleApplication@4fc34d7f
reloadAllAccessors: .arrayType4

===========================================================================================
----------------- testing Wed May 11 19:57:14 UTC 2022 /home/travis/build/icyphy/ptII/ptolemy/actor/lib/test/auto/arrayType5.xml
----------------- Instantiating /home/travis/build/icyphy/ptII/ptolemy/actor/lib/test/auto/arrayType5.xml
6 ms. Memory: 330752K Free: 230828K (70%)
----------------- Invoking toplevel() on ptolemy.moml.MoMLSimpleApplication@17db1475
----------------- Done invoking toplevel() on ptolemy.moml.MoMLSimpleApplication@17db1475
reloadAllAccessors: .arrayType5

===========================================================================================
----------------- testing Wed May 11 19:57:14 UTC 2022 /home/travis/build/icyphy/ptII/ptolemy/actor/lib/test/auto/arrayType6.xml
----------------- Instantiating /home/travis/build/icyphy/ptII/ptolemy/actor/lib/test/auto/arrayType6.xml
1 ms. Memory: 330752K Free: 225708K (68%)
----------------- Invoking toplevel() on ptolemy.moml.MoMLSimpleApplication@48aa2acf
----------------- Done invoking toplevel() on ptolemy.moml.MoMLSimpleApplication@48aa2acf
reloadAllAccessors: .arrayType6

===========================================================================================
----------------- testing Wed May 11 19:57:14 UTC 2022 /home/travis/build/icyphy/ptII/ptolemy/actor/lib/test/auto/arrayType7.xml
----------------- Instantiating /home/travis/build/icyphy/ptII/ptolemy/actor/lib/test/auto/arrayType7.xml
1 ms. Memory: 330752K Free: 221098K (67%)
----------------- Invoking toplevel() on ptolemy.moml.MoMLSimpleApplication@2b6373cb
----------------- Done invoking toplevel() on ptolemy.moml.MoMLSimpleApplication@2b6373cb
reloadAllAccessors: .arrayType7

===========================================================================================
----------------- testing Wed May 11 19:57:14 UTC 2022 /home/travis/build/icyphy/ptII/ptolemy/actor/lib/test/auto/arrayType8.xml
----------------- Instantiating /home/travis/build/icyphy/ptII/ptolemy/actor/lib/test/auto/arrayType8.xml
1 ms. Memory: 330752K Free: 216492K (65%)
----------------- Invoking toplevel() on ptolemy.moml.MoMLSimpleApplication@2a031de8
----------------- Done invoking toplevel() on ptolemy.moml.MoMLSimpleApplication@2a031de8
reloadAllAccessors: .arrayType8

===========================================================================================
----------------- testing Wed May 11 19:57:14 UTC 2022 /home/travis/build/icyphy/ptII/ptolemy/actor/lib/test/auto/arrayType9.xml
----------------- Instantiating /home/travis/build/icyphy/ptII/ptolemy/actor/lib/test/auto/arrayType9.xml
1 ms. Memory: 330752K Free: 211372K (64%)
----------------- Invoking toplevel() on ptolemy.moml.MoMLSimpleApplication@51654af
----------------- Done invoking toplevel() on ptolemy.moml.MoMLSimpleApplication@51654af
reloadAllAccessors: .arrayType9

===========================================================================================
----------------- testing Wed May 11 19:57:14 UTC 2022 /home/travis/build/icyphy/ptII/ptolemy/actor/lib/test/auto/cast.xml
----------------- Instantiating /home/travis/build/icyphy/ptII/ptolemy/actor/lib/test/auto/cast.xml
2 ms. Memory: 330752K Free: 206762K (63%)
----------------- Invoking toplevel() on ptolemy.moml.MoMLSimpleApplication@55f0fa4d
----------------- Done invoking toplevel() on ptolemy.moml.MoMLSimpleApplication@55f0fa4d
reloadAllAccessors: .cast

===========================================================================================
----------------- testing Wed May 11 19:57:14 UTC 2022 /home/travis/build/icyphy/ptII/ptolemy/actor/lib/test/auto/compositeMultiPort.xml
----------------- Instantiating /home/travis/build/icyphy/ptII/ptolemy/actor/lib/test/auto/compositeMultiPort.xml
3 ms. Memory: 330752K Free: 197516K (60%)
----------------- Invoking toplevel() on ptolemy.moml.MoMLSimpleApplication@2a3e803b
----------------- Done invoking toplevel() on ptolemy.moml.MoMLSimpleApplication@2a3e803b
reloadAllAccessors: .compositeMultiPort

===========================================================================================
----------------- testing Wed May 11 19:57:14 UTC 2022 /home/travis/build/icyphy/ptII/ptolemy/actor/lib/test/auto/expressionCastInference.xml
----------------- Instantiating /home/travis/build/icyphy/ptII/ptolemy/actor/lib/test/auto/expressionCastInference.xml
2 ms. Memory: 330752K Free: 192940K (58%)
----------------- Invoking toplevel() on ptolemy.moml.MoMLSimpleApplication@d689e0f
----------------- Done invoking toplevel() on ptolemy.moml.MoMLSimpleApplication@d689e0f
reloadAllAccessors: .expressionCastInference

===========================================================================================
----------------- testing Wed May 11 19:57:14 UTC 2022 /home/travis/build/icyphy/ptII/ptolemy/actor/lib/test/auto/expressionCastInference2.xml
----------------- Instantiating /home/travis/build/icyphy/ptII/ptolemy/actor/lib/test/auto/expressionCastInference2.xml
1 ms. Memory: 330752K Free: 188330K (57%)
----------------- Invoking toplevel() on ptolemy.moml.MoMLSimpleApplication@6a2267a9
----------------- Done invoking toplevel() on ptolemy.moml.MoMLSimpleApplication@6a2267a9
reloadAllAccessors: .expressionCastInference2

===========================================================================================
----------------- testing Wed May 11 19:57:14 UTC 2022 /home/travis/build/icyphy/ptII/ptolemy/actor/lib/test/auto/expressionInference.xml
----------------- Instantiating /home/travis/build/icyphy/ptII/ptolemy/actor/lib/test/auto/expressionInference.xml
1 ms. Memory: 330752K Free: 183724K (56%)
----------------- Invoking toplevel() on ptolemy.moml.MoMLSimpleApplication@69d1f5ca
----------------- Done invoking toplevel() on ptolemy.moml.MoMLSimpleApplication@69d1f5ca
reloadAllAccessors: .expressionInference

===========================================================================================
----------------- testing Wed May 11 19:57:14 UTC 2022 /home/travis/build/icyphy/ptII/ptolemy/actor/lib/test/auto/expression_bug.xml
----------------- Instantiating /home/travis/build/icyphy/ptII/ptolemy/actor/lib/test/auto/expression_bug.xml
1 ms. Memory: 330752K Free: 179628K (54%)
----------------- Invoking toplevel() on ptolemy.moml.MoMLSimpleApplication@8477f9b
----------------- Done invoking toplevel() on ptolemy.moml.MoMLSimpleApplication@8477f9b
reloadAllAccessors: .expression_bug

===========================================================================================
----------------- testing Wed May 11 19:57:14 UTC 2022 /home/travis/build/icyphy/ptII/ptolemy/actor/lib/test/auto/factorial.xml
----------------- Instantiating /home/travis/build/icyphy/ptII/ptolemy/actor/lib/test/auto/factorial.xml
30 ms. Memory: 330752K Free: 170922K (52%)
----------------- Invoking toplevel() on ptolemy.moml.MoMLSimpleApplication@3adca37e
----------------- Done invoking toplevel() on ptolemy.moml.MoMLSimpleApplication@3adca37e
reloadAllAccessors: .factorial

===========================================================================================
----------------- testing Wed May 11 19:57:14 UTC 2022 /home/travis/build/icyphy/ptII/ptolemy/actor/lib/test/auto/filterTest1.xml
----------------- Instantiating /home/travis/build/icyphy/ptII/ptolemy/actor/lib/test/auto/filterTest1.xml
2 ms. Memory: 330752K Free: 165292K (50%)
----------------- Invoking toplevel() on ptolemy.moml.MoMLSimpleApplication@358bd900
----------------- Done invoking toplevel() on ptolemy.moml.MoMLSimpleApplication@358bd900
reloadAllAccessors: .filterTest1

===========================================================================================
----------------- testing Wed May 11 19:57:14 UTC 2022 /home/travis/build/icyphy/ptII/ptolemy/actor/lib/test/auto/funcApplyInConst.xml
----------------- Instantiating /home/travis/build/icyphy/ptII/ptolemy/actor/lib/test/auto/funcApplyInConst.xml
0 ms. Memory: 330752K Free: 161196K (49%)
----------------- Invoking toplevel() on ptolemy.moml.MoMLSimpleApplication@3ef7a908
----------------- Done invoking toplevel() on ptolemy.moml.MoMLSimpleApplication@3ef7a908
reloadAllAccessors: .funcApplyInConst

===========================================================================================
----------------- testing Wed May 11 19:57:14 UTC 2022 /home/travis/build/icyphy/ptII/ptolemy/actor/lib/test/auto/funcApplyInExpr.xml
----------------- Instantiating /home/travis/build/icyphy/ptII/ptolemy/actor/lib/test/auto/funcApplyInExpr.xml
1 ms. Memory: 330752K Free: 157610K (48%)
----------------- Invoking toplevel() on ptolemy.moml.MoMLSimpleApplication@6117bfe5
----------------- Done invoking toplevel() on ptolemy.moml.MoMLSimpleApplication@6117bfe5
reloadAllAccessors: .funcApplyInExpr

===========================================================================================
----------------- testing Wed May 11 19:57:14 UTC 2022 /home/travis/build/icyphy/ptII/ptolemy/actor/lib/test/auto/function.xml
----------------- Instantiating /home/travis/build/icyphy/ptII/ptolemy/actor/lib/test/auto/function.xml
1 ms. Memory: 330752K Free: 153004K (46%)
----------------- Invoking toplevel() on ptolemy.moml.MoMLSimpleApplication@2cdfaf1a
----------------- Done invoking toplevel() on ptolemy.moml.MoMLSimpleApplication@2cdfaf1a
reloadAllAccessors: .function

===========================================================================================
----------------- testing Wed May 11 19:57:14 UTC 2022 /home/travis/build/icyphy/ptII/ptolemy/actor/lib/test/auto/function2.xml
----------------- Instantiating /home/travis/build/icyphy/ptII/ptolemy/actor/lib/test/auto/function2.xml
2 ms. Memory: 330752K Free: 147884K (45%)
----------------- Invoking toplevel() on ptolemy.moml.MoMLSimpleApplication@2fdefd3e
----------------- Done invoking toplevel() on ptolemy.moml.MoMLSimpleApplication@2fdefd3e
reloadAllAccessors: .function2

===========================================================================================
----------------- testing Wed May 11 19:57:14 UTC 2022 /home/travis/build/icyphy/ptII/ptolemy/actor/lib/test/auto/function3.xml
----------------- Instantiating /home/travis/build/icyphy/ptII/ptolemy/actor/lib/test/auto/function3.xml
1 ms. Memory: 330752K Free: 144298K (44%)
----------------- Invoking toplevel() on ptolemy.moml.MoMLSimpleApplication@3a1b15ed
----------------- Done invoking toplevel() on ptolemy.moml.MoMLSimpleApplication@3a1b15ed
reloadAllAccessors: .function3

===========================================================================================
----------------- testing Wed May 11 19:57:14 UTC 2022 /home/travis/build/icyphy/ptII/ptolemy/actor/lib/test/auto/functionClosureTest1.xml
----------------- Instantiating /home/travis/build/icyphy/ptII/ptolemy/actor/lib/test/auto/functionClosureTest1.xml
1 ms. Memory: 330752K Free: 138124K (42%)
----------------- Invoking toplevel() on ptolemy.moml.MoMLSimpleApplication@790f9fc5
----------------- Done invoking toplevel() on ptolemy.moml.MoMLSimpleApplication@790f9fc5
reloadAllAccessors: .functionClosureTest1

===========================================================================================
----------------- testing Wed May 11 19:57:14 UTC 2022 /home/travis/build/icyphy/ptII/ptolemy/actor/lib/test/auto/functionClosureTest2.xml
----------------- Instantiating /home/travis/build/icyphy/ptII/ptolemy/actor/lib/test/auto/functionClosureTest2.xml
1 ms. Memory: 330752K Free: 134572K (41%)
----------------- Invoking toplevel() on ptolemy.moml.MoMLSimpleApplication@684bf823
----------------- Done invoking toplevel() on ptolemy.moml.MoMLSimpleApplication@684bf823
reloadAllAccessors: .functionClosureTest2

===========================================================================================
----------------- testing Wed May 11 19:57:14 UTC 2022 /home/travis/build/icyphy/ptII/ptolemy/actor/lib/test/auto/functionClosureTest3.xml
----------------- Instantiating /home/travis/build/icyphy/ptII/ptolemy/actor/lib/test/auto/functionClosureTest3.xml
2 ms. Memory: 330752K Free: 128938K (39%)
----------------- Invoking toplevel() on ptolemy.moml.MoMLSimpleApplication@2833f7ed
----------------- Done invoking toplevel() on ptolemy.moml.MoMLSimpleApplication@2833f7ed
reloadAllAccessors: .functionClosureTest3

===========================================================================================
----------------- testing Wed May 11 19:57:14 UTC 2022 /home/travis/build/icyphy/ptII/ptolemy/actor/lib/test/auto/functionClosureTest4.xml
----------------- Instantiating /home/travis/build/icyphy/ptII/ptolemy/actor/lib/test/auto/functionClosureTest4.xml
3 ms. Memory: 330752K Free: 122794K (37%)
----------------- Invoking toplevel() on ptolemy.moml.MoMLSimpleApplication@2adae97c
----------------- Done invoking toplevel() on ptolemy.moml.MoMLSimpleApplication@2adae97c
reloadAllAccessors: .functionClosureTest4

===========================================================================================
----------------- testing Wed May 11 19:57:14 UTC 2022 /home/travis/build/icyphy/ptII/ptolemy/actor/lib/test/auto/functionClosureTest5.xml
----------------- Instantiating /home/travis/build/icyphy/ptII/ptolemy/actor/lib/test/auto/functionClosureTest5.xml
4 ms. Memory: 330752K Free: 117164K (35%)
----------------- Invoking toplevel() on ptolemy.moml.MoMLSimpleApplication@74824186
----------------- Done invoking toplevel() on ptolemy.moml.MoMLSimpleApplication@74824186
reloadAllAccessors: .functionClosureTest5

===========================================================================================
----------------- testing Wed May 11 19:57:14 UTC 2022 /home/travis/build/icyphy/ptII/ptolemy/actor/lib/test/auto/functionClosureTest6.xml
----------------- Instantiating /home/travis/build/icyphy/ptII/ptolemy/actor/lib/test/auto/functionClosureTest6.xml
2 ms. Memory: 330752K Free: 112554K (34%)
----------------- Invoking toplevel() on ptolemy.moml.MoMLSimpleApplication@726b6e52
----------------- Done invoking toplevel() on ptolemy.moml.MoMLSimpleApplication@726b6e52
reloadAllAccessors: .functionClosureTest6

===========================================================================================
----------------- testing Wed May 11 19:57:14 UTC 2022 /home/travis/build/icyphy/ptII/ptolemy/actor/lib/test/auto/functionsOnArcs.xml
----------------- Instantiating /home/travis/build/icyphy/ptII/ptolemy/actor/lib/test/auto/functionsOnArcs.xml
2 ms. Memory: 330752K Free: 107434K (32%)
----------------- Invoking toplevel() on ptolemy.moml.MoMLSimpleApplication@6eb345f4
----------------- Done invoking toplevel() on ptolemy.moml.MoMLSimpleApplication@6eb345f4
reloadAllAccessors: .functionsOnArcs

===========================================================================================
----------------- testing Wed May 11 19:57:14 UTC 2022 /home/travis/build/icyphy/ptII/ptolemy/actor/lib/test/auto/functionsOnArcsHOF.xml
----------------- Instantiating /home/travis/build/icyphy/ptII/ptolemy/actor/lib/test/auto/functionsOnArcsHOF.xml
3 ms. Memory: 330752K Free: 101290K (31%)
----------------- Invoking toplevel() on ptolemy.moml.MoMLSimpleApplication@651f0fd7
----------------- Done invoking toplevel() on ptolemy.moml.MoMLSimpleApplication@651f0fd7
reloadAllAccessors: .functionsOnArcsHOF

===========================================================================================
----------------- testing Wed May 11 19:57:14 UTC 2022 /home/travis/build/icyphy/ptII/ptolemy/actor/lib/test/auto/logic.xml
----------------- Instantiating /home/travis/build/icyphy/ptII/ptolemy/actor/lib/test/auto/logic.xml
2 ms. Memory: 330752K Free: 94122K (28%)
----------------- Invoking toplevel() on ptolemy.moml.MoMLSimpleApplication@2f86bc47
----------------- Done invoking toplevel() on ptolemy.moml.MoMLSimpleApplication@2f86bc47
reloadAllAccessors: .logic

===========================================================================================
----------------- testing Wed May 11 19:57:14 UTC 2022 /home/travis/build/icyphy/ptII/ptolemy/actor/lib/test/auto/matrixType.xml
----------------- Instantiating /home/travis/build/icyphy/ptII/ptolemy/actor/lib/test/auto/matrixType.xml
1 ms. Memory: 330752K Free: 89002K (27%)
----------------- Invoking toplevel() on ptolemy.moml.MoMLSimpleApplication@2179221f
----------------- Done invoking toplevel() on ptolemy.moml.MoMLSimpleApplication@2179221f
reloadAllAccessors: .matrixType

===========================================================================================
----------------- testing Wed May 11 19:57:14 UTC 2022 /home/travis/build/icyphy/ptII/ptolemy/actor/lib/test/auto/matrixType10.xml
----------------- Instantiating /home/travis/build/icyphy/ptII/ptolemy/actor/lib/test/auto/matrixType10.xml
1 ms. Memory: 330752K Free: 84396K (26%)
----------------- Invoking toplevel() on ptolemy.moml.MoMLSimpleApplication@4620cb0c
----------------- Done invoking toplevel() on ptolemy.moml.MoMLSimpleApplication@4620cb0c
reloadAllAccessors: .matrixType10

===========================================================================================
----------------- testing Wed May 11 19:57:14 UTC 2022 /home/travis/build/icyphy/ptII/ptolemy/actor/lib/test/auto/matrixType11.xml
----------------- Instantiating /home/travis/build/icyphy/ptII/ptolemy/actor/lib/test/auto/matrixType11.xml
1 ms. Memory: 330752K Free: 273059K (83%)
----------------- Invoking toplevel() on ptolemy.moml.MoMLSimpleApplication@6dc71390
----------------- Done invoking toplevel() on ptolemy.moml.MoMLSimpleApplication@6dc71390
reloadAllAccessors: .matrixType11

===========================================================================================
----------------- testing Wed May 11 19:57:14 UTC 2022 /home/travis/build/icyphy/ptII/ptolemy/actor/lib/test/auto/matrixType12.xml
----------------- Instantiating /home/travis/build/icyphy/ptII/ptolemy/actor/lib/test/auto/matrixType12.xml
1 ms. Memory: 330752K Free: 267939K (81%)
----------------- Invoking toplevel() on ptolemy.moml.MoMLSimpleApplication@66973773
----------------- Done invoking toplevel() on ptolemy.moml.MoMLSimpleApplication@66973773
reloadAllAccessors: .matrixType12

===========================================================================================
----------------- testing Wed May 11 19:57:14 UTC 2022 /home/travis/build/icyphy/ptII/ptolemy/actor/lib/test/auto/matrixType13.xml
----------------- Instantiating /home/travis/build/icyphy/ptII/ptolemy/actor/lib/test/auto/matrixType13.xml
1 ms. Memory: 330752K Free: 263329K (80%)
----------------- Invoking toplevel() on ptolemy.moml.MoMLSimpleApplication@2b79e2a2
----------------- Done invoking toplevel() on ptolemy.moml.MoMLSimpleApplication@2b79e2a2
reloadAllAccessors: .matrixType13

===========================================================================================
----------------- testing Wed May 11 19:57:14 UTC 2022 /home/travis/build/icyphy/ptII/ptolemy/actor/lib/test/auto/matrixType14.xml
----------------- Instantiating /home/travis/build/icyphy/ptII/ptolemy/actor/lib/test/auto/matrixType14.xml
1 ms. Memory: 330752K Free: 258209K (78%)
----------------- Invoking toplevel() on ptolemy.moml.MoMLSimpleApplication@3c2759e7
----------------- Done invoking toplevel() on ptolemy.moml.MoMLSimpleApplication@3c2759e7
reloadAllAccessors: .matrixType14

===========================================================================================
----------------- testing Wed May 11 19:57:14 UTC 2022 /home/travis/build/icyphy/ptII/ptolemy/actor/lib/test/auto/matrixType2.xml
----------------- Instantiating /home/travis/build/icyphy/ptII/ptolemy/actor/lib/test/auto/matrixType2.xml
1 ms. Memory: 330752K Free: 253089K (77%)
----------------- Invoking toplevel() on ptolemy.moml.MoMLSimpleApplication@1c1f264c
----------------- Done invoking toplevel() on ptolemy.moml.MoMLSimpleApplication@1c1f264c
reloadAllAccessors: .matrixType2

===========================================================================================
----------------- testing Wed May 11 19:57:14 UTC 2022 /home/travis/build/icyphy/ptII/ptolemy/actor/lib/test/auto/matrixType3.xml
----------------- Instantiating /home/travis/build/icyphy/ptII/ptolemy/actor/lib/test/auto/matrixType3.xml
3 ms. Memory: 330752K Free: 247969K (75%)
----------------- Invoking toplevel() on ptolemy.moml.MoMLSimpleApplication@4cdde537
----------------- Done invoking toplevel() on ptolemy.moml.MoMLSimpleApplication@4cdde537
reloadAllAccessors: .matrixType3

===========================================================================================
----------------- testing Wed May 11 19:57:14 UTC 2022 /home/travis/build/icyphy/ptII/ptolemy/actor/lib/test/auto/matrixType4.xml
----------------- Instantiating /home/travis/build/icyphy/ptII/ptolemy/actor/lib/test/auto/matrixType4.xml
1 ms. Memory: 330752K Free: 243363K (74%)
----------------- Invoking toplevel() on ptolemy.moml.MoMLSimpleApplication@2cc24769
----------------- Done invoking toplevel() on ptolemy.moml.MoMLSimpleApplication@2cc24769
reloadAllAccessors: .matrixType4

===========================================================================================
----------------- testing Wed May 11 19:57:14 UTC 2022 /home/travis/build/icyphy/ptII/ptolemy/actor/lib/test/auto/matrixType5.xml
----------------- Instantiating /home/travis/build/icyphy/ptII/ptolemy/actor/lib/test/auto/matrixType5.xml
1 ms. Memory: 330752K Free: 238243K (72%)
----------------- Invoking toplevel() on ptolemy.moml.MoMLSimpleApplication@73a7ec37
----------------- Done invoking toplevel() on ptolemy.moml.MoMLSimpleApplication@73a7ec37
reloadAllAccessors: .matrixType5

===========================================================================================
----------------- testing Wed May 11 19:57:14 UTC 2022 /home/travis/build/icyphy/ptII/ptolemy/actor/lib/test/auto/matrixType6.xml
----------------- Instantiating /home/travis/build/icyphy/ptII/ptolemy/actor/lib/test/auto/matrixType6.xml
1 ms. Memory: 330752K Free: 233633K (71%)
----------------- Invoking toplevel() on ptolemy.moml.MoMLSimpleApplication@4d98903f
----------------- Done invoking toplevel() on ptolemy.moml.MoMLSimpleApplication@4d98903f
reloadAllAccessors: .matrixType6

===========================================================================================
----------------- testing Wed May 11 19:57:14 UTC 2022 /home/travis/build/icyphy/ptII/ptolemy/actor/lib/test/auto/matrixType7.xml
----------------- Instantiating /home/travis/build/icyphy/ptII/ptolemy/actor/lib/test/auto/matrixType7.xml
1 ms. Memory: 330752K Free: 228513K (69%)
----------------- Invoking toplevel() on ptolemy.moml.MoMLSimpleApplication@7e38ed51
----------------- Done invoking toplevel() on ptolemy.moml.MoMLSimpleApplication@7e38ed51
reloadAllAccessors: .matrixType7

===========================================================================================
----------------- testing Wed May 11 19:57:14 UTC 2022 /home/travis/build/icyphy/ptII/ptolemy/actor/lib/test/auto/matrixType8.xml
----------------- Instantiating /home/travis/build/icyphy/ptII/ptolemy/actor/lib/test/auto/matrixType8.xml
1 ms. Memory: 330752K Free: 223907K (68%)
----------------- Invoking toplevel() on ptolemy.moml.MoMLSimpleApplication@68d289c9
----------------- Done invoking toplevel() on ptolemy.moml.MoMLSimpleApplication@68d289c9
reloadAllAccessors: .matrixType8

===========================================================================================
----------------- testing Wed May 11 19:57:14 UTC 2022 /home/travis/build/icyphy/ptII/ptolemy/actor/lib/test/auto/matrixType9.xml
----------------- Instantiating /home/travis/build/icyphy/ptII/ptolemy/actor/lib/test/auto/matrixType9.xml
1 ms. Memory: 330752K Free: 218787K (66%)
----------------- Invoking toplevel() on ptolemy.moml.MoMLSimpleApplication@716f7298
----------------- Done invoking toplevel() on ptolemy.moml.MoMLSimpleApplication@716f7298
reloadAllAccessors: .matrixType9

===========================================================================================
----------------- testing Wed May 11 19:57:14 UTC 2022 /home/travis/build/icyphy/ptII/ptolemy/actor/lib/test/auto/paraFunctest.xml
----------------- Instantiating /home/travis/build/icyphy/ptII/ptolemy/actor/lib/test/auto/paraFunctest.xml
1 ms. Memory: 330752K Free: 215201K (65%)
----------------- Invoking toplevel() on ptolemy.moml.MoMLSimpleApplication@5d597429
----------------- Done invoking toplevel() on ptolemy.moml.MoMLSimpleApplication@5d597429
reloadAllAccessors: .paraFunctest

===========================================================================================
----------------- testing Wed May 11 19:57:14 UTC 2022 /home/travis/build/icyphy/ptII/ptolemy/actor/lib/test/auto/paraFunctest2.xml
----------------- Instantiating /home/travis/build/icyphy/ptII/ptolemy/actor/lib/test/auto/paraFunctest2.xml
2 ms. Memory: 330752K Free: 211105K (64%)
----------------- Invoking toplevel() on ptolemy.moml.MoMLSimpleApplication@3d3ce27b
----------------- Done invoking toplevel() on ptolemy.moml.MoMLSimpleApplication@3d3ce27b
reloadAllAccessors: .paraFunctest2

===========================================================================================
----------------- testing Wed May 11 19:57:14 UTC 2022 /home/travis/build/icyphy/ptII/ptolemy/actor/lib/test/auto/parameterPassing.xml
----------------- Instantiating /home/travis/build/icyphy/ptII/ptolemy/actor/lib/test/auto/parameterPassing.xml
0 ms. Memory: 330752K Free: 207009K (63%)
----------------- Invoking toplevel() on ptolemy.moml.MoMLSimpleApplication@665afe87
----------------- Done invoking toplevel() on ptolemy.moml.MoMLSimpleApplication@665afe87
reloadAllAccessors: .parameterPassing

===========================================================================================
----------------- testing Wed May 11 19:57:14 UTC 2022 /home/travis/build/icyphy/ptII/ptolemy/actor/lib/test/auto/record.xml
----------------- Instantiating /home/travis/build/icyphy/ptII/ptolemy/actor/lib/test/auto/record.xml
2 ms. Memory: 330752K Free: 201889K (61%)
----------------- Invoking toplevel() on ptolemy.moml.MoMLSimpleApplication@5e2fb6f4
----------------- Done invoking toplevel() on ptolemy.moml.MoMLSimpleApplication@5e2fb6f4
reloadAllAccessors: .record

===========================================================================================
----------------- testing Wed May 11 19:57:14 UTC 2022 /home/travis/build/icyphy/ptII/ptolemy/actor/lib/test/auto/sizedarray1.xml
----------------- Instantiating /home/travis/build/icyphy/ptII/ptolemy/actor/lib/test/auto/sizedarray1.xml
1 ms. Memory: 330752K Free: 196769K (59%)
----------------- Invoking toplevel() on ptolemy.moml.MoMLSimpleApplication@360b939
----------------- Done invoking toplevel() on ptolemy.moml.MoMLSimpleApplication@360b939
reloadAllAccessors: .sizedarray1

===========================================================================================
----------------- testing Wed May 11 19:57:14 UTC 2022 /home/travis/build/icyphy/ptII/ptolemy/actor/lib/test/auto/sizedarray2.xml
----------------- Instantiating /home/travis/build/icyphy/ptII/ptolemy/actor/lib/test/auto/sizedarray2.xml
2 ms. Memory: 330752K Free: 191139K (58%)
----------------- Invoking toplevel() on ptolemy.moml.MoMLSimpleApplication@4d891ba
----------------- Done invoking toplevel() on ptolemy.moml.MoMLSimpleApplication@4d891ba
reloadAllAccessors: .sizedarray2

===========================================================================================
----------------- testing Wed May 11 19:57:14 UTC 2022 /home/travis/build/icyphy/ptII/ptolemy/actor/lib/test/auto/twoPublishers.xml
----------------- Instantiating /home/travis/build/icyphy/ptII/ptolemy/actor/lib/test/auto/twoPublishers.xml
6 ms. Memory: 330752K Free: 180379K (55%)
----------------- Invoking toplevel() on ptolemy.moml.MoMLSimpleApplication@5fc5f950
----------------- Done invoking toplevel() on ptolemy.moml.MoMLSimpleApplication@5fc5f950
reloadAllAccessors: .twoPublishers
AutoTests.java: About to close Vertx.
AutoTests.java: Vertx closed.
]]></system-out>
  <system-err><![CDATA[java.lang.RuntimeException: Execution failed
	at ptolemy.moml.MoMLSimpleApplication$UnloadThread.run(MoMLSimpleApplication.java:402)
Caused by: java.lang.RuntimeException: StringUtilities.exit() was called. Normally, we would exit here because Manager.exitAfterWrapup() was called.  However, because the ptolemy.ptII.exitAfterWrapup property is set, we throw this exception instead.
	at ptolemy.util.StringUtilities.exit(StringUtilities.java:365)
	at ptolemy.actor.Manager.wrapup(Manager.java:1549)
	at ptolemy.actor.Manager.execute(Manager.java:407)
	at ptolemy.actor.Manager.run(Manager.java:1263)
	at ptolemy.actor.Manager$PtolemyRunThread.run(Manager.java:1933)
Warning: '.top.test' is in training mode, set the trainingMode parameter to false before checking in
Warning: '.top.test' is in training mode, set the trainingMode parameter to false before checking in
Warning: '.top.test' is in training mode, set the trainingMode parameter to false before checking in
Warning: '.BooleanSwitch_RegressionTest_WrongTrainingValues.Test' is in training mode, set the trainingMode parameter to false before checking in
Warning: '.BooleanSwitch_RegressionTest_WrongTrainingValues.Test2' is in training mode, set the trainingMode parameter to false before checking in
Warning: '.BooleanSwitch_RegressionTest_WrongTrainingValues.Test2' The test produced 0 tokens.
Warning: '.top.testExceptionHandler' is in training mode, set the trainingMode parameter to false before checking in
java.lang.RuntimeException: Execution failed
	at ptolemy.moml.MoMLSimpleApplication$UnloadThread.run(MoMLSimpleApplication.java:402)
Caused by: ptolemy.kernel.util.IllegalActionException: PublisherPorts cannot be used at the top level, use a Publisher actor instead.
  in .PublisherPortToplevelSubscriber.PublisherPort
	at ptolemy.actor.PublisherPort.preinitialize(PublisherPort.java:403)
	at ptolemy.actor.CompositeActor.preinitialize(CompositeActor.java:1769)
	at ptolemy.actor.Manager.preinitializeAndResolveTypes(Manager.java:1040)
	at ptolemy.actor.Manager.initialize(Manager.java:710)
	at ptolemy.actor.Manager.execute(Manager.java:356)
	at ptolemy.actor.Manager.run(Manager.java:1263)
	at ptolemy.actor.Manager$PtolemyRunThread.run(Manager.java:1933)
java.lang.reflect.InvocationTargetException
	at java.base/jdk.internal.reflect.NativeConstructorAccessorImpl.newInstance0(Native Method)
	at java.base/jdk.internal.reflect.NativeConstructorAccessorImpl.newInstance(NativeConstructorAccessorImpl.java:62)
	at java.base/jdk.internal.reflect.DelegatingConstructorAccessorImpl.newInstance(DelegatingConstructorAccessorImpl.java:45)
	at java.base/java.lang.reflect.Constructor.newInstance(Constructor.java:490)
	at ptolemy.util.test.junit.AutoKnownFailedTests.RunModel(AutoKnownFailedTests.java:105)
	at java.base/jdk.internal.reflect.NativeMethodAccessorImpl.invoke0(Native Method)
	at java.base/jdk.internal.reflect.NativeMethodAccessorImpl.invoke(NativeMethodAccessorImpl.java:62)
	at java.base/jdk.internal.reflect.DelegatingMethodAccessorImpl.invoke(DelegatingMethodAccessorImpl.java:43)
	at java.base/java.lang.reflect.Method.invoke(Method.java:566)
	at org.junit.runners.model.FrameworkMethod$1.runReflectiveCall(FrameworkMethod.java:44)
	at org.junit.internal.runners.model.ReflectiveCallable.run(ReflectiveCallable.java:15)
	at org.junit.runners.model.FrameworkMethod.invokeExplosively(FrameworkMethod.java:41)
	at junitparams.internal.InvokeParameterisedMethod.evaluate(InvokeParameterisedMethod.java:102)
	at org.junit.internal.runners.statements.FailOnTimeout$1.run(FailOnTimeout.java:28)
Caused by: ptolemy.kernel.util.IllegalActionException: PublisherPorts cannot be used at the top level, use a Publisher actor instead.
  in .PublisherPortToplevelSubscriber.PublisherPort
	at ptolemy.actor.PublisherPort.preinitialize(PublisherPort.java:403)
	at ptolemy.actor.CompositeActor.preinitialize(CompositeActor.java:1769)
	at ptolemy.actor.Manager.preinitializeAndResolveTypes(Manager.java:1040)
	at ptolemy.actor.Manager.initialize(Manager.java:710)
	at ptolemy.actor.Manager.execute(Manager.java:356)
	at ptolemy.actor.Manager.run(Manager.java:1263)
	at ptolemy.actor.Manager$PtolemyRunThread.run(Manager.java:1933)
java.lang.RuntimeException: Execution failed
	at ptolemy.moml.MoMLSimpleApplication$UnloadThread.run(MoMLSimpleApplication.java:402)
Caused by: ptolemy.kernel.util.IllegalActionException: SubscriberPorts cannot be used at the top level, use a Subscriber actor instead.
  in .PublisherSubscriberPortToplevel.SubscriberPort
	at ptolemy.actor.SubscriberPort.preinitialize(SubscriberPort.java:328)
	at ptolemy.actor.CompositeActor.preinitialize(CompositeActor.java:1769)
	at ptolemy.actor.Manager.preinitializeAndResolveTypes(Manager.java:1040)
	at ptolemy.actor.Manager.initialize(Manager.java:710)
	at ptolemy.actor.Manager.execute(Manager.java:356)
	at ptolemy.actor.Manager.run(Manager.java:1263)
	at ptolemy.actor.Manager$PtolemyRunThread.run(Manager.java:1933)
java.lang.reflect.InvocationTargetException
	at java.base/jdk.internal.reflect.NativeConstructorAccessorImpl.newInstance0(Native Method)
	at java.base/jdk.internal.reflect.NativeConstructorAccessorImpl.newInstance(NativeConstructorAccessorImpl.java:62)
	at java.base/jdk.internal.reflect.DelegatingConstructorAccessorImpl.newInstance(DelegatingConstructorAccessorImpl.java:45)
	at java.base/java.lang.reflect.Constructor.newInstance(Constructor.java:490)
	at ptolemy.util.test.junit.AutoKnownFailedTests.RunModel(AutoKnownFailedTests.java:105)
	at java.base/jdk.internal.reflect.NativeMethodAccessorImpl.invoke0(Native Method)
	at java.base/jdk.internal.reflect.NativeMethodAccessorImpl.invoke(NativeMethodAccessorImpl.java:62)
	at java.base/jdk.internal.reflect.DelegatingMethodAccessorImpl.invoke(DelegatingMethodAccessorImpl.java:43)
	at java.base/java.lang.reflect.Method.invoke(Method.java:566)
	at org.junit.runners.model.FrameworkMethod$1.runReflectiveCall(FrameworkMethod.java:44)
	at org.junit.internal.runners.model.ReflectiveCallable.run(ReflectiveCallable.java:15)
	at org.junit.runners.model.FrameworkMethod.invokeExplosively(FrameworkMethod.java:41)
	at junitparams.internal.InvokeParameterisedMethod.evaluate(InvokeParameterisedMethod.java:102)
	at org.junit.internal.runners.statements.FailOnTimeout$1.run(FailOnTimeout.java:28)
Caused by: ptolemy.kernel.util.IllegalActionException: SubscriberPorts cannot be used at the top level, use a Subscriber actor instead.
  in .PublisherSubscriberPortToplevel.SubscriberPort
	at ptolemy.actor.SubscriberPort.preinitialize(SubscriberPort.java:328)
	at ptolemy.actor.CompositeActor.preinitialize(CompositeActor.java:1769)
	at ptolemy.actor.Manager.preinitializeAndResolveTypes(Manager.java:1040)
	at ptolemy.actor.Manager.initialize(Manager.java:710)
	at ptolemy.actor.Manager.execute(Manager.java:356)
	at ptolemy.actor.Manager.run(Manager.java:1263)
	at ptolemy.actor.Manager$PtolemyRunThread.run(Manager.java:1933)
java.lang.RuntimeException: Execution failed
	at ptolemy.moml.MoMLSimpleApplication$UnloadThread.run(MoMLSimpleApplication.java:402)
Caused by: ptolemy.kernel.util.IllegalActionException: SubscriptionAggregatorPorts cannot be used at the top level, use a SubscriptionAggregator actor instead.
  in .PublisherSubscriptionAggregatorPort.SubscriptionAggregatorPort
	at ptolemy.actor.SubscriptionAggregatorPort.preinitialize(SubscriptionAggregatorPort.java:353)
	at ptolemy.actor.CompositeActor.preinitialize(CompositeActor.java:1769)
	at ptolemy.actor.Manager.preinitializeAndResolveTypes(Manager.java:1040)
	at ptolemy.actor.Manager.initialize(Manager.java:710)
	at ptolemy.actor.Manager.execute(Manager.java:356)
	at ptolemy.actor.Manager.run(Manager.java:1263)
	at ptolemy.actor.Manager$PtolemyRunThread.run(Manager.java:1933)
java.lang.reflect.InvocationTargetException
	at java.base/jdk.internal.reflect.NativeConstructorAccessorImpl.newInstance0(Native Method)
	at java.base/jdk.internal.reflect.NativeConstructorAccessorImpl.newInstance(NativeConstructorAccessorImpl.java:62)
	at java.base/jdk.internal.reflect.DelegatingConstructorAccessorImpl.newInstance(DelegatingConstructorAccessorImpl.java:45)
	at java.base/java.lang.reflect.Constructor.newInstance(Constructor.java:490)
	at ptolemy.util.test.junit.AutoKnownFailedTests.RunModel(AutoKnownFailedTests.java:105)
	at java.base/jdk.internal.reflect.NativeMethodAccessorImpl.invoke0(Native Method)
	at java.base/jdk.internal.reflect.NativeMethodAccessorImpl.invoke(NativeMethodAccessorImpl.java:62)
	at java.base/jdk.internal.reflect.DelegatingMethodAccessorImpl.invoke(DelegatingMethodAccessorImpl.java:43)
	at java.base/java.lang.reflect.Method.invoke(Method.java:566)
	at org.junit.runners.model.FrameworkMethod$1.runReflectiveCall(FrameworkMethod.java:44)
	at org.junit.internal.runners.model.ReflectiveCallable.run(ReflectiveCallable.java:15)
	at org.junit.runners.model.FrameworkMethod.invokeExplosively(FrameworkMethod.java:41)
	at junitparams.internal.InvokeParameterisedMethod.evaluate(InvokeParameterisedMethod.java:102)
	at org.junit.internal.runners.statements.FailOnTimeout$1.run(FailOnTimeout.java:28)
Caused by: ptolemy.kernel.util.IllegalActionException: SubscriptionAggregatorPorts cannot be used at the top level, use a SubscriptionAggregator actor instead.
  in .PublisherSubscriptionAggregatorPort.SubscriptionAggregatorPort
	at ptolemy.actor.SubscriptionAggregatorPort.preinitialize(SubscriptionAggregatorPort.java:353)
	at ptolemy.actor.CompositeActor.preinitialize(CompositeActor.java:1769)
	at ptolemy.actor.Manager.preinitializeAndResolveTypes(Manager.java:1040)
	at ptolemy.actor.Manager.initialize(Manager.java:710)
	at ptolemy.actor.Manager.execute(Manager.java:356)
	at ptolemy.actor.Manager.run(Manager.java:1263)
	at ptolemy.actor.Manager$PtolemyRunThread.run(Manager.java:1933)
java.lang.RuntimeException: Execution failed
	at ptolemy.moml.MoMLSimpleApplication$UnloadThread.run(MoMLSimpleApplication.java:402)
Caused by: ptolemy.kernel.util.IllegalActionException: TypeTest actor has no training data.
  in .sizedarray3.TypeTest
	at ptolemy.actor.lib.TypeTest.initialize(TypeTest.java:250)
	at ptolemy.actor.Director.initialize(Director.java:938)
	at ptolemy.actor.Director.initialize(Director.java:907)
	at ptolemy.actor.sched.StaticSchedulingDirector.initialize(StaticSchedulingDirector.java:159)
	at ptolemy.domains.sdf.kernel.SDFDirector.initialize(SDFDirector.java:544)
	at ptolemy.actor.CompositeActor.initialize(CompositeActor.java:935)
	at ptolemy.actor.Manager.initialize(Manager.java:724)
	at ptolemy.actor.Manager.execute(Manager.java:356)
	at ptolemy.actor.Manager.run(Manager.java:1263)
	at ptolemy.actor.Manager$PtolemyRunThread.run(Manager.java:1933)
java.lang.reflect.InvocationTargetException
	at java.base/jdk.internal.reflect.NativeConstructorAccessorImpl.newInstance0(Native Method)
	at java.base/jdk.internal.reflect.NativeConstructorAccessorImpl.newInstance(NativeConstructorAccessorImpl.java:62)
	at java.base/jdk.internal.reflect.DelegatingConstructorAccessorImpl.newInstance(DelegatingConstructorAccessorImpl.java:45)
	at java.base/java.lang.reflect.Constructor.newInstance(Constructor.java:490)
	at ptolemy.util.test.junit.AutoKnownFailedTests.RunModel(AutoKnownFailedTests.java:105)
	at java.base/jdk.internal.reflect.NativeMethodAccessorImpl.invoke0(Native Method)
	at java.base/jdk.internal.reflect.NativeMethodAccessorImpl.invoke(NativeMethodAccessorImpl.java:62)
	at java.base/jdk.internal.reflect.DelegatingMethodAccessorImpl.invoke(DelegatingMethodAccessorImpl.java:43)
	at java.base/java.lang.reflect.Method.invoke(Method.java:566)
	at org.junit.runners.model.FrameworkMethod$1.runReflectiveCall(FrameworkMethod.java:44)
	at org.junit.internal.runners.model.ReflectiveCallable.run(ReflectiveCallable.java:15)
	at org.junit.runners.model.FrameworkMethod.invokeExplosively(FrameworkMethod.java:41)
	at junitparams.internal.InvokeParameterisedMethod.evaluate(InvokeParameterisedMethod.java:102)
	at org.junit.internal.runners.statements.FailOnTimeout$1.run(FailOnTimeout.java:28)
Caused by: ptolemy.kernel.util.IllegalActionException: TypeTest actor has no training data.
  in .sizedarray3.TypeTest
	at ptolemy.actor.lib.TypeTest.initialize(TypeTest.java:250)
	at ptolemy.actor.Director.initialize(Director.java:938)
	at ptolemy.actor.Director.initialize(Director.java:907)
	at ptolemy.actor.sched.StaticSchedulingDirector.initialize(StaticSchedulingDirector.java:159)
	at ptolemy.domains.sdf.kernel.SDFDirector.initialize(SDFDirector.java:544)
	at ptolemy.actor.CompositeActor.initialize(CompositeActor.java:935)
	at ptolemy.actor.Manager.initialize(Manager.java:724)
	at ptolemy.actor.Manager.execute(Manager.java:356)
	at ptolemy.actor.Manager.run(Manager.java:1263)
	at ptolemy.actor.Manager$PtolemyRunThread.run(Manager.java:1933)
]]></system-err>
</testsuite>
