<?xml version="1.0" encoding="UTF-8" ?>
<testsuite errors="0" failures="0" hostname="travis-job-e79daf24-90d9-4b40-8301-02d38bd86536" name="ptolemy.actor.lib.test.junit.JUnitTclTest" skipped="0" tests="517" time="60.117" timestamp="2020-09-23T16:16:36">
  <properties>
    <property name="npm.executable" value="npm" />
    <property name="env.TRAVIS_ROOT" value="/" />
    <property name="ptII.mk.exists" value="true" />
    <property name="env.TRAVIS_APP_HOST" value="build.travis-ci.org" />
    <property name="env.rvm_bin_path" value="/home/travis/.rvm/bin" />
    <property name="java.home" value="/usr/local/lib/jvm/openjdk11" />
    <property name="env.TRAVIS_JOB_NUMBER" value="1773.8" />
    <property name="env.TRAVIS_HOME" value="/home/travis" />
    <property name="env.DISPLAY" value=":99.0" />
    <property name="env.TRAVIS_INIT" value="systemd" />
    <property name="env.SSH_TTY" value="/dev/pts/0" />
    <property name="java.net.preferIPv4Stack" value="true" />
    <property name="env.RUN_TESTS" value="true" />
    <property name="timeout.short" value="1000000" />
    <property name="junit.formatter" value="xml" />
    <property name="env.TRAVIS_SUDO" value="true" />
    <property name="env.TRAVIS_JOB_NAME" value="" />
    <property name="env.TRAVIS_STACK_NODE_ATTRIBUTES" value="/.node-attributes.yml" />
    <property name="env.LOGNAME" value="travis" />
    <property name="env.PT_TRAVIS_TEST_CORE1_XML" value="true" />
    <property name="jsdoc.home" value="node_modules/@terraswarm/jsdoc" />
    <property name="debuglevel" value="source,lines,vars" />
    <property name="checkstyle.formatter" value="xml" />
    <property name="bin.vergil.makeable" value="true" />
    <property name="sun.os.patch.level" value="unknown" />
    <property name="java.vendor.url" value="http://java.oracle.com/" />
    <property name="env.TRAVIS_BUILD_WEB_URL" value="https://travis-ci.org/icyphy/ptII/builds/729661645" />
    <property name="java.version" value="11.0.2" />
    <property name="env.TZ" value="UTC" />
    <property name="env.TRAVIS_PULL_REQUEST_SHA" value="" />
    <property name="env.PT_NO_NET" value="true" />
    <property name="env.TRAVIS_SECURE_ENV_VARS" value="true" />
    <property name="java.vendor.url.bug" value="http://bugreport.java.com/bugreport/" />
    <property name="npmjs-org-is-up" value="true" />
    <property name="env.LANGUAGE" value="en_US.UTF-8" />
    <property name="env.SSH_CLIENT" value="10.16.6.15 37842 22" />
    <property name="env.GEM_HOME" value="/home/travis/.rvm/gems/ruby-2.5.3" />
    <property name="env.HAS_ANTARES_THREE_LITTLE_FRONZIES_BADGE" value="true" />
    <property name="java.version.date" value="2019-01-15" />
    <property name="env.PS4" value="+" />
    <property name="ant.project.invoked-targets" value="build,test.core1.xml" />
    <property name="env.TRAVIS_PULL_REQUEST_BRANCH" value="" />
    <property name="env.TRAVIS_REPO_SLUG" value="icyphy/ptII" />
    <property name="env.XDG_DATA_DIRS" value="/usr/local/share:/usr/share:/var/lib/snapd/desktop" />
    <property name="jdk.debug" value="release" />
    <property name="env.TRAVIS_APT_PROXY" value="http://build-cache.travisci.net" />
    <property name="env.TRAVIS_CPU_ARCH" value="amd64" />
    <property name="node.in.path" value="true" />
    <property name="user.name" value="travis" />
    <property name="java.maxmemory" value="1400m" />
    <property name="env.RUBY_VERSION" value="ruby-2.5.3" />
    <property name="env.LANG" value="en_US.UTF-8" />
    <property name="sun.io.unicode.encoding" value="UnicodeLittle" />
    <property name="sun.jnu.encoding" value="UTF-8" />
    <property name="java.runtime.name" value="OpenJDK Runtime Environment" />
    <property name="usefile" value="false" />
    <property name="return.code" value="0" />
    <property name="junit.single.formatter" value="plain" />
    <property name="env.DYLD_LIBRARY_PATH" value="/home/travis/pthla/certi-tools/lib:" />
    <property name="env.DEBIAN_FRONTEND" value="noninteractive" />
    <property name="env.SSH_CONNECTION" value="10.16.6.15 37842 10.20.1.1 22" />
    <property name="env.MYSQL_UNIX_PORT" value="/var/run/mysqld/mysqld.sock" />
    <property name="env.LC_ALL" value="en_US.UTF-8" />
    <property name="env.TRAVIS_ALLOW_FAILURE" value="" />
    <property name="env.TRAVIS_JOB_WEB_URL" value="https://travis-ci.org/icyphy/ptII/jobs/729661653" />
    <property name="java.specification.name" value="Java Platform API Specification" />
    <property name="node.works" value="true" />
    <property name="user.timezone" value="" />
    <property name="path.separator" value=":" />
    <property name="env.TRAVIS_ENABLE_INFRA_DETECTION" value="true" />
    <property name="env.PYTHON_CFLAGS" value="-g -fstack-protector --param=ssp-buffer-size=4 -Wformat -Werror=format-security" />
    <property name="timeout.long" value="4000000" />
    <property name="env.CERTI_HOME" value="/home/travis/pthla/certi-tools" />
    <property name="ant.file.ptII" value="/home/travis/build/icyphy/ptII/build.xml" />
    <property name="javadoc.packagenames" value="com.*,diva.*,lbnl.*,org.hlacerti.*,org.json.*,org.ptolemy.*,org.terraswarm.*,ptolemy.*,ptserver.*" />
    <property name="file.encoding" value="UTF-8" />
    <property name="env.TRAVIS_PULL_REQUEST_SLUG" value="" />
    <property name="ant.project.default-target" value="build" />
    <property name="env.GIT_ASKPASS" value="echo" />
    <property name="env.HOME" value="/home/travis" />
    <property name="sun.java.command" value="org.apache.tools.ant.taskdefs.optional.junit.JUnitTestRunner ptolemy.actor.lib.test.junit.JUnitTclTest skipNonTests=false filtertrace=true haltOnError=false haltOnFailure=false formatter=org.apache.tools.ant.taskdefs.optional.junit.OutErrSummaryJUnitResultFormatter showoutput=true outputtoformatters=true logfailedtests=true threadid=0 logtestlistenerevents=false formatter=org.apache.tools.ant.taskdefs.optional.junit.XMLJUnitResultFormatter,/home/travis/build/icyphy/ptII/reports/junit/TEST-ptolemy.actor.lib.test.junit.JUnitTclTest.xml crashfile=/home/travis/build/icyphy/ptII/junitvmwatcher1011802865180527286.properties propsfile=/home/travis/build/icyphy/ptII/junit15800526582651546286.properties" />
    <property name="env.COMPOSER_NO_INTERACTION" value="1" />
    <property name="env.MANPATH" value="/home/travis/.nvm/versions/node/v7.10.1/share/man:/home/travis/.rvm/rubies/ruby-2.5.3/share/man:/usr/local/cmake-3.12.4/man:/usr/local/clang-7.0.0/share/man:/usr/local/man:/usr/local/share/man:/usr/share/man:/home/travis/.rvm/man" />
    <property name="env.TRAVIS_TIMER_ID" value="056deec0" />
    <property name="ant.file" value="/home/travis/build/icyphy/ptII/build.xml" />
    <property name="env.TRAVIS_COMMIT_RANGE" value="3bb573e462e9b4151952318d01b7e361e9f419ad...74248200255084cca0f8d02e5ad09f36c0965423" />
    <property name="ptII.classpath.optional.property" value="/home/travis/build/icyphy/ptII/lib/bsh-2.0b4.jar:/home/travis/build/icyphy/ptII/lib/ptCal.jar:/home/travis/build/icyphy/ptII/lib/java_cup.jar:/home/travis/build/icyphy/ptII/lib/saxon8.jar:/home/travis/build/icyphy/ptII/lib/saxon8-dom.jar:/home/travis/build/icyphy/ptII/lib/chic.jar:/home/travis/build/icyphy/ptII/lib/ptcolt.jar:/home/travis/build/icyphy/ptII/vendors/misc/itext/iText.jar:/home/travis/build/icyphy/ptII/lib/g4ltl.jar:/home/travis/build/icyphy/ptII/lib/StructuralCoder.jar:/home/travis/build/icyphy/ptII/lib/jcerti.jar:/home/travis/build/icyphy/ptII/lib/javax.mail.jar:/home/travis/build/icyphy/ptII/vendors/JMF-2.1.1e/lib/jmf.jar:/home/travis/build/icyphy/ptII/lib/jna-4.0.0-variadic.jar:/home/travis/build/icyphy/ptII/vendors/misc/joystick/Joystick.jar:/home/travis/build/icyphy/ptII/lib/ptjacl.jar:/home/travis/build/icyphy/ptII/lib/jsoup-1.8.2.jar:/home/travis/build/icyphy/ptII/lib/junit-4.8.2.jar:/home/travis/build/icyphy/ptII/lib/JUnitParams-0.4.0.jar:/home/travis/build/icyphy/ptII/ptolemy/actor/lib/excel/jxl.jar:/home/travis/build/icyphy/ptII/lib/jython.jar:/home/travis/build/icyphy/ptII/lib/kieler.jar:/home/travis/build/icyphy/ptII/vendors/opencv/share/OpenCV/java/opencv-341.jar:/home/travis/build/icyphy/ptII/lib/oscP5.jar:/home/travis/build/icyphy/ptII/lib/nrjavaserial-3.11.0.devel.jar:/home/travis/build/icyphy/ptII/vendors/j3d/lib/Linux/j3dcore.jar:/home/travis/build/icyphy/ptII/vendors/j3d/lib/Linux/j3dutils.jar:/home/travis/build/icyphy/ptII/vendors/j3d/lib/Linux/vecmath.jar:/home/travis/build/icyphy/ptII/vendors/jogl/lib/Linux/gluegen-rt-natives-linux-amd64.jar:/home/travis/build/icyphy/ptII/vendors/jogl/lib/Linux/gluegen-rt.jar:/home/travis/build/icyphy/ptII/vendors/jogl/lib/Linux/jogl-all-natives-linux-amd64.jar:/home/travis/build/icyphy/ptII/vendors/jogl/lib/Linux/jogl-all.jar:/home/travis/build/icyphy/ptII/ptolemy/distributed/jini/jar/jini-core.jar:/home/travis/build/icyphy/ptII/ptolemy/distributed/jini/jar/jini-ext.jar:/home/travis/build/icyphy/ptII/ptolemy/distributed/jini/jar/sun-util.jar:/home/travis/build/icyphy/ptII/lib/protobuf-java-2.4.1.jar:/home/travis/build/icyphy/ptII/lib/org.eclipse.paho.client.mqttv3.jar:/home/travis/build/icyphy/ptII/lib/mapss.jar:/home/travis/build/icyphy/ptII/ptolemy/actor/ptalon/antlr/antlr.jar:/home/travis/build/icyphy/ptII/lib/JRI.jar:/home/travis/build/icyphy/ptII/lib/commons-lang-2.6.jar:/home/travis/build/icyphy/ptII/lib/commons-logging-1.1.1.jar:/home/travis/build/icyphy/ptII/lib/sootclasses.jar:/home/travis/build/icyphy/ptII/ptolemy/actor/lib/database/mysql-connector-java-5.1.6-bin.jar:/home/travis/build/icyphy/ptII/vendors/misc/sphinx4/sphinx4-data-5prealpha.jar:/home/travis/build/icyphy/ptII/vendors/misc/sphinx4/sphinx4-core-5prealpha.jar:/home/travis/build/icyphy/ptII/lib/PDFRenderer.jar:/home/travis/build/icyphy/ptII/lib/svgSalamander.jar:/home/travis/build/icyphy/ptII/lib/rsyntaxtextarea-2.6.0-SNAPSHOT.jar:/home/travis/build/icyphy/ptII/lib/hazelcast-3.8.2.jar:/home/travis/build/icyphy/ptII/lib/jackson-annotations-2.9.0.jar:/home/travis/build/icyphy/ptII/lib/jackson-core-2.9.3.jar:/home/travis/build/icyphy/ptII/lib/jackson-databind-2.9.3.jar:/home/travis/build/icyphy/ptII/lib/netty-buffer-4.1.19.Final.jar:/home/travis/build/icyphy/ptII/lib/netty-codec-4.1.19.Final.jar:/home/travis/build/icyphy/ptII/lib/netty-codec-dns-4.1.19.Final.jar:/home/travis/build/icyphy/ptII/lib/netty-codec-http-4.1.19.Final.jar:/home/travis/build/icyphy/ptII/lib/netty-codec-http2-4.1.19.Final.jar:/home/travis/build/icyphy/ptII/lib/netty-common-4.1.19.Final.jar:/home/travis/build/icyphy/ptII/lib/netty-handler-4.1.19.Final.jar:/home/travis/build/icyphy/ptII/lib/netty-resolver-4.1.19.Final.jar:/home/travis/build/icyphy/ptII/lib/netty-resolver-dns-4.1.19.Final.jar:/home/travis/build/icyphy/ptII/lib/netty-transport-4.1.19.Final.jar:/home/travis/build/icyphy/ptII/lib/vertx-codegen-3.5.1.jar:/home/travis/build/icyphy/ptII/lib/vertx-core-3.5.2-SNAPSHOT.jar:/home/travis/build/icyphy/ptII/lib/vertx-hazelcast-3.5.1.jar:/home/travis/build/icyphy/ptII/lib/vertx-lang-js-3.5.1.jar:/home/travis/build/icyphy/ptII/lib/vertx-service-proxy-3.5.1.jar:/home/travis/build/icyphy/ptII/lib/vertx-web-3.5.1.jar:/home/travis/build/icyphy/ptII/lib/slf4j-api-1.7.13.jar:/home/travis/build/icyphy/ptII/lib/slf4j-simple-1.7.13.jar:/home/travis/build/icyphy/ptII/lib/webcam-capture-0.3.12.jar:/home/travis/build/icyphy/ptII/lib/bridj-0.7.0.jar:/home/travis/build/icyphy/ptII/lib/xbjlib-1.1.0.nrjavaserial.jar" />
    <property name="timeout" value="2400000" />
    <property name="test.batch" value="**/junit/*.java" />
    <property name="env._" value="/usr/bin/timeout" />
    <property name="java.io.tmpdir" value="/tmp" />
    <property name="user.language" value="en" />
    <property name="env.TRAVIS_INTERNAL_RUBY_REGEX" value="^ruby-(2\.[0-4]\.[0-9]|1\.9\.3)" />
    <property name="env.HISTCONTROL" value="ignoredups:ignorespace" />
    <property name="env.GOROOT" value="/home/travis/.gimme/versions/go1.11.1.linux.amd64" />
    <property name="line.separator" value="&#xa;" />
    <property name="target" value="11" />
    <property name="env.TRAVIS_BUILD_DIR" value="/home/travis/build/icyphy/ptII" />
    <property name="env.ANT_OPTS" value="-Xmx2048m" />
    <property name="ant.file.type" value="file" />
    <property name="ptolemy.ptII.batchMode" value="true" />
    <property name="env.HISTSIZE" value="1000" />
    <property name="env.MERB_ENV" value="test" />
    <property name="java.vm.info" value="mixed mode" />
    <property name="source" value="11" />
    <property name="java.vm.specification.name" value="Java Virtual Machine Specification" />
    <property name="env.TRAVIS_TEST_RESULT" value="0" />
    <property name="jsdoc.command" value="node_modules/@terraswarm/jsdoc/jsdoc.js" />
    <property name="npm.works" value="true" />
    <property name="cobertura.dir" value="/home/travis/build/icyphy/ptII/vendors/cobertura-2.0.3" />
    <property name="jsdoc.command.exists" value="true" />
    <property name="env.rvm_path" value="/home/travis/.rvm" />
    <property name="env.GEM_PATH" value="/home/travis/.rvm/gems/ruby-2.5.3:/home/travis/.rvm/gems/ruby-2.5.3@global" />
    <property name="env.LC_CTYPE" value="en_US.UTF-8" />
    <property name="env.TRAVIS_CMD" value="$PTII/bin/ptIITravisBuild.sh $SECONDS" />
    <property name="java.awt.printerjob" value="sun.print.PSPrinterJob" />
    <property name="env.TRAVIS_STACK_NAME" value="sardonyx" />
    <property name="env.TRAVIS_TIMER_START_TIME" value="1600877182227680091" />
    <property name="ant.version" value="Apache Ant(TM) version 1.10.1 compiled on February 2 2017" />
    <property name="ptII.reports" value="/home/travis/build/icyphy/ptII/reports" />
    <property name="env.TRAVIS_STACK_TIMESTAMP" value="2020-06-24 13:13:18 UTC" />
    <property name="ant.file.type.ptII" value="file" />
    <property name="env.RBENV_SHELL" value="bash" />
    <property name="os.name" value="Linux" />
    <property name="java.specification.vendor" value="Oracle Corporation" />
    <property name="env.rvm_version" value="1.29.10 (latest)" />
    <property name="env.TRAVIS_INFRA" value="unknown" />
    <property name="env.TERM" value="xterm" />
    <property name="java.vm.name" value="OpenJDK 64-Bit Server VM" />
    <property name="env.TRAVIS_BUILD_NUMBER" value="1773" />
    <property name="env.CI" value="true" />
    <property name="java.library.path" value="/home/travis/pthla/certi-tools/lib:/usr/lib/jni:/usr/local/share/OpenCV/java/:/usr/share/OpenCV/java::/usr/java/packages/lib:/usr/lib64:/lib64:/lib:/usr/lib" />
    <property name="jdk.module.path" value="/home/travis/build/icyphy/ptII/vendors/javafx/javafx-sdk-11.0.2/lib:" />
    <property name="env.rvm_prefix" value="/home/travis" />
    <property name="env.PATH" value="/home/travis/pthla/certi-tools/share/scripts:/home/travis/.rvm/gems/ruby-2.5.3/bin:/home/travis/.rvm/gems/ruby-2.5.3@global/bin:/home/travis/.rvm/rubies/ruby-2.5.3/bin:/home/travis/.rvm/bin:/home/travis/.nvm/versions/node/v7.10.1/bin:./node_modules/.bin:/home/travis/build/icyphy/ptII/bin:/home/travis/pthla/certi-tools/bin:/home/travis/bin:/home/travis/.local/bin:/usr/local/lib/jvm/openjdk11/bin:/opt/pyenv/shims:/home/travis/.phpenv/shims:/home/travis/perl5/perlbrew/bin:/home/travis/gopath/bin:/home/travis/.gimme/versions/go1.11.1.linux.amd64/bin:/usr/local/maven-3.6.3/bin:/usr/local/cmake-3.12.4/bin:/usr/local/clang-7.0.0/bin:/usr/local/sbin:/usr/local/bin:/usr/sbin:/usr/bin:/sbin:/bin:/snap/bin:/home/travis/.phpenv/bin:/opt/pyenv/bin:/home/travis/.yarn/bin" />
    <property name="env.TRAVIS_OS_NAME" value="linux" />
    <property name="ant.java.version" value="9" />
    <property name="basedir" value="/home/travis/build/icyphy/ptII" />
    <property name="java.class.version" value="55.0" />
    <property name="env.SHLVL" value="3" />
    <property name="env.LD_LIBRARY_PATH" value="/home/travis/pthla/certi-tools/lib:/usr/lib/jni:/usr/local/share/OpenCV/java/:/usr/share/OpenCV/java:" />
    <property name="env.RACK_ENV" value="test" />
    <property name="ant.home" value="/home/travis/build/icyphy/ptII/ant" />
    <property name="env.NVM_DIR" value="/home/travis/.nvm" />
    <property name="env.CERTI_FOM_PATH" value="/home/travis/pthla/certi-tools/share/federations" />
    <property name="env.TRAVIS_BUILD_ID" value="729661645" />
    <property name="env.PYENV_ROOT" value="/opt/pyenv" />
    <property name="env.TRAVIS_UID" value="2000" />
    <property name="prism.verbose" value="true" />
    <property name="env.NVM_BIN" value="/home/travis/.nvm/versions/node/v7.10.1/bin" />
    <property name="env.TRAVIS_COMMIT" value="74248200255084cca0f8d02e5ad09f36c0965423" />
    <property name="node.executable" value="node" />
    <property name="sun.boot.library.path" value="/usr/local/lib/jvm/openjdk11/lib" />
    <property name="sun.management.compiler" value="HotSpot 64-Bit Tiered Compilers" />
    <property name="java.awt.graphicsenv" value="sun.awt.X11GraphicsEnvironment" />
    <property name="env.GOPATH" value="/home/travis/gopath" />
    <property name="ptolemy.ptII.dir" value="/home/travis/build/icyphy/ptII" />
    <property name="env.USER" value="travis" />
    <property name="env.HISTFILESIZE" value="2000" />
    <property name="env.NVM_INC" value="/home/travis/.nvm/versions/node/v7.10.1/include/node" />
    <property name="timeout.longest" value="19000000" />
    <property name="env.PERLBREW_SHELLRC_VERSION" value="0.88" />
    <property name="env.TRAVIS_STACK_FEATURES" value="basic couchdb disabled-ipv6 docker docker-compose elasticsearch firefox go-toolchain google-chrome jdk memcached mongodb mysql nodejs_interpreter perl_interpreter perlbrew phantomjs postgresql python_interpreter redis ruby_interpreter sqlite xserver" />
    <property name="env.TRAVIS_PULL_REQUEST" value="false" />
    <property name="env.PYENV_SHELL" value="bash" />
    <property name="ant.project.name" value="ptII" />
    <property name="env.ANSI_RESET" value="\033[0m" />
    <property name="java.vm.specification.version" value="11" />
    <property name="env.TRAVIS_DIST" value="xenial" />
    <property name="env.CERTI_VERSION" value="4.0.0" />
    <property name="env.CERTI_HOST" value="localhost" />
    <property name="awt.toolkit" value="sun.awt.X11.XToolkit" />
    <property name="env.MY_RUBY_HOME" value="/home/travis/.rvm/rubies/ruby-2.5.3" />
    <property name="sun.cpu.isalist" value="" />
    <property name="env.TRAVIS_TMPDIR" value="/tmp/tmp.2sPsGX3YUi" />
    <property name="java.vm.compressedOopsMode" value="Zero based" />
    <property name="os.version" value="4.15.0-1077-gcp" />
    <property name="user.home" value="/home/travis" />
    <property name="java.vm.vendor" value="Oracle Corporation" />
    <property name="env.TRAVIS_TAG" value="nightly" />
    <property name="env.ANSI_YELLOW" value="\033[33;1m" />
    <property name="env.TRAVIS_FILTERED" value="redirect_io" />
    <property name="env.ANSI_GREEN" value="\033[32;1m" />
    <property name="env.JAVA_HOME" value="/usr/local/lib/jvm/openjdk11" />
    <property name="javadoc.excludepackagenames" value="adm.cvs2svn.*,build.*,config.*,doc.coding.templates.*,jni.test.jni.meaningOfLife.*,jni.test.jni.testDeux.*,jni.test.jni.testTrois.*,org.terraswarm.accessor.accessors.web.node_modules.*,org.terraswarm.accessor.accessors.web.hosts.cordova.demo.*,org.terraswarm.accessor.accessors.web.hosts.cordova.plugins.*,org.terraswarm.accessor.accessors-svn.*,pt-modules.*,ptolemy.apps.agilent.*,ptolemy.apps.anytimecontrol.*,ptolemy.apps.apes.*,ptolemy.apps.charon.*,ptolemy.apps.crazyboard.*,ptolemy.apps.eclipse.*,ptolemy.apps.etherealSting.*,ptolemy.apps.fullscreen.*,ptolemy.apps.giotto.*,ptolemy.apps.ia.*,ptolemy.apps.interfaces.*,ptolemy.apps.jmf.*,ptolemy.apps.kurt.*,ptolemy.apps.kvm.*,ptolemy.apps.lego.*,ptolemy.apps.lejos.*,ptolemy.apps.midp.*,ptolemy.apps.mobileCoding.*,ptolemy.apps.pendulum.*,ptolemy.apps.rijndael.*,ptolemy.apps.robot.*,ptolemy.apps.security.*,ptolemy.apps.sobel.*,ptolemy.apps.soot.*,ptolemy.apps.throttle.*,ptolemy.apps.tini.*,ptolemy.apps.transmission.*,ptolemy.apps.vergil.*,ptolemy.apps.waba.*,ptolemy.apps.websensor.*,ptolemy.apps.webstart.*,ptolemy.apps.xsl.*,ptolemy.apps.zaurus.*,ptolemy.codegen.c.actor.lib.oldJavaFiles.*,ptolemy.codegen.dsp.lib.*,ptolemy.codegen.kernel.newInterfaces.*,ptolemy.codegen.lib.*,ptolemy.copernicus.kernel.fragment.*,ptolemy.copernicus.shallow.cg.*,ptolemy.domains.giotto.demo.Hierarchy.Hierarchy.*,ptolemy.domains.giotto.demo.Multimode.Multimode.*,ptolemy.domains.giotto.demo.Simple.Simple.*,ptolemy.domains.gr.lib.experimental.*,ptolemy.domains.gro.*,ptolemy.domains.pdf.*,ptolemy.domains.ptinyos.demo.Surge.output.*,ptolemy.moml.test.NoPackageActor.java*,ptolemy.plot.adm.*,ptolemy.plot.servlet.*,reports.*,signed.*,src.*,target.*,vendors.*,ptolemy.copernicus.applet.*,ptolemy.media.viewer.*,ptolemy.actor.corba.*,doc.doclets.*,ptolemy.apps.eclipse.awt.*,ptolemy.backtrack.*,ptolemy.backtrack.ast.*,ptolemy.cg.adapter.generic.program.procedural.c.mbed*,ptolemy.homer.*,ptolemy.actor.lib.jai.*,org.ptolemy.scala.*,diva.util.java2d.svg.*,ptolemy.domains.ptinyos.*,ptolemy.actor.lib.fmi.fmipp.*,,org.terraswarm.accessor.accessors.web.node_modules.*,org.terraswarm.accessor.accessors-svn,ptolemy.apps.*,ptolemy.actor.ptalon.demo.ptinyos.SendAndReceiveCnt.output,ptolemy.actor.ptalon.demo.ptinyos.SenseToLeds.output,ptolemy.domains.ptinyos.demo.CntToLedsAndRfm.output,ptolemy.domains.ptinyos.demo.RfmToLeds.output,ptolemy.domains.ptinyos.demo.SendAndReceiveCnt.output,ptolemy.domains.ptinyos.demo.SenseToLeds.output,ptolemy.actor.lib.jjs.modules.udpSocket.*" />
    <property name="env.PTII" value="/home/travis/build/icyphy/ptII" />
    <property name="env.XDG_SESSION_ID" value="2" />
    <property name="keystore" value="ptKeystore" />
    <property name="env.TRAVIS_COMMIT_MESSAGE" value="Exclude org/hlacerti/newModels1516e/VariableArrayPTIIJavaFed" />
    <property name="junit.output.dir" value="/home/travis/build/icyphy/ptII/reports/junit" />
    <property name="npm.return.code" value="0" />
    <property name="user.dir" value="/home/travis/build/icyphy/ptII/ptolemy/actor/lib/test" />
    <property name="env.TRAVIS_NODE_VERSION" value="7" />
    <property name="env.TRAVIS_EVENT_TYPE" value="cron" />
    <property name="env.MAIL" value="/var/mail/travis" />
    <property name="env.PERLBREW_ROOT" value="/home/travis/perl5/perlbrew" />
    <property name="env.PWD" value="/home/travis/build/icyphy/ptII" />
    <property name="timeout.npm" value="45000" />
    <property name="env.TRAVIS_ARCH" value="amd64" />
    <property name="sun.cpu.endian" value="little" />
    <property name="env.PAGER" value="cat" />
    <property name="env.TRAVIS_BUILD_STAGE_NAME" value="test" />
    <property name="env.PERLBREW_HOME" value="/home/travis/.perlbrew" />
    <property name="java.vm.version" value="11.0.2+9" />
    <property name="env.RAILS_ENV" value="test" />
    <property name="java.class.path" value="/home/travis/.ptolemyII:/home/travis/.ptolemyII/*:/home/travis/build/icyphy/ptII:/home/travis/build/icyphy/ptII/lib/bsh-2.0b4.jar:/home/travis/build/icyphy/ptII/lib/ptCal.jar:/home/travis/build/icyphy/ptII/lib/java_cup.jar:/home/travis/build/icyphy/ptII/lib/saxon8.jar:/home/travis/build/icyphy/ptII/lib/saxon8-dom.jar:/home/travis/build/icyphy/ptII/lib/chic.jar:/home/travis/build/icyphy/ptII/lib/ptcolt.jar:/home/travis/build/icyphy/ptII/vendors/misc/itext/iText.jar:/home/travis/build/icyphy/ptII/lib/g4ltl.jar:/home/travis/build/icyphy/ptII/lib/StructuralCoder.jar:/home/travis/build/icyphy/ptII/lib/jcerti.jar:/home/travis/build/icyphy/ptII/lib/javax.mail.jar:/home/travis/build/icyphy/ptII/vendors/JMF-2.1.1e/lib/jmf.jar:/home/travis/build/icyphy/ptII/lib/jna-4.0.0-variadic.jar:/home/travis/build/icyphy/ptII/vendors/misc/joystick/Joystick.jar:/home/travis/build/icyphy/ptII/lib/ptjacl.jar:/home/travis/build/icyphy/ptII/lib/jsoup-1.8.2.jar:/home/travis/build/icyphy/ptII/lib/junit-4.8.2.jar:/home/travis/build/icyphy/ptII/lib/JUnitParams-0.4.0.jar:/home/travis/build/icyphy/ptII/ptolemy/actor/lib/excel/jxl.jar:/home/travis/build/icyphy/ptII/lib/jython.jar:/home/travis/build/icyphy/ptII/lib/kieler.jar:/home/travis/build/icyphy/ptII/vendors/opencv/share/OpenCV/java/opencv-341.jar:/home/travis/build/icyphy/ptII/lib/oscP5.jar:/home/travis/build/icyphy/ptII/lib/nrjavaserial-3.11.0.devel.jar:/home/travis/build/icyphy/ptII/vendors/j3d/lib/Linux/j3dcore.jar:/home/travis/build/icyphy/ptII/vendors/j3d/lib/Linux/j3dutils.jar:/home/travis/build/icyphy/ptII/vendors/j3d/lib/Linux/vecmath.jar:/home/travis/build/icyphy/ptII/vendors/jogl/lib/Linux/gluegen-rt-natives-linux-amd64.jar:/home/travis/build/icyphy/ptII/vendors/jogl/lib/Linux/gluegen-rt.jar:/home/travis/build/icyphy/ptII/vendors/jogl/lib/Linux/jogl-all-natives-linux-amd64.jar:/home/travis/build/icyphy/ptII/vendors/jogl/lib/Linux/jogl-all.jar:/home/travis/build/icyphy/ptII/ptolemy/distributed/jini/jar/jini-core.jar:/home/travis/build/icyphy/ptII/ptolemy/distributed/jini/jar/jini-ext.jar:/home/travis/build/icyphy/ptII/ptolemy/distributed/jini/jar/sun-util.jar:/home/travis/build/icyphy/ptII/lib/protobuf-java-2.4.1.jar:/home/travis/build/icyphy/ptII/lib/org.eclipse.paho.client.mqttv3.jar:/home/travis/build/icyphy/ptII/lib/mapss.jar:/home/travis/build/icyphy/ptII/ptolemy/actor/ptalon/antlr/antlr.jar:/home/travis/build/icyphy/ptII/lib/JRI.jar:/home/travis/build/icyphy/ptII/lib/commons-lang-2.6.jar:/home/travis/build/icyphy/ptII/lib/commons-logging-1.1.1.jar:/home/travis/build/icyphy/ptII/lib/sootclasses.jar:/home/travis/build/icyphy/ptII/ptolemy/actor/lib/database/mysql-connector-java-5.1.6-bin.jar:/home/travis/build/icyphy/ptII/vendors/misc/sphinx4/sphinx4-data-5prealpha.jar:/home/travis/build/icyphy/ptII/vendors/misc/sphinx4/sphinx4-core-5prealpha.jar:/home/travis/build/icyphy/ptII/lib/PDFRenderer.jar:/home/travis/build/icyphy/ptII/lib/svgSalamander.jar:/home/travis/build/icyphy/ptII/lib/rsyntaxtextarea-2.6.0-SNAPSHOT.jar:/home/travis/build/icyphy/ptII/lib/hazelcast-3.8.2.jar:/home/travis/build/icyphy/ptII/lib/jackson-annotations-2.9.0.jar:/home/travis/build/icyphy/ptII/lib/jackson-core-2.9.3.jar:/home/travis/build/icyphy/ptII/lib/jackson-databind-2.9.3.jar:/home/travis/build/icyphy/ptII/lib/netty-buffer-4.1.19.Final.jar:/home/travis/build/icyphy/ptII/lib/netty-codec-4.1.19.Final.jar:/home/travis/build/icyphy/ptII/lib/netty-codec-dns-4.1.19.Final.jar:/home/travis/build/icyphy/ptII/lib/netty-codec-http-4.1.19.Final.jar:/home/travis/build/icyphy/ptII/lib/netty-codec-http2-4.1.19.Final.jar:/home/travis/build/icyphy/ptII/lib/netty-common-4.1.19.Final.jar:/home/travis/build/icyphy/ptII/lib/netty-handler-4.1.19.Final.jar:/home/travis/build/icyphy/ptII/lib/netty-resolver-4.1.19.Final.jar:/home/travis/build/icyphy/ptII/lib/netty-resolver-dns-4.1.19.Final.jar:/home/travis/build/icyphy/ptII/lib/netty-transport-4.1.19.Final.jar:/home/travis/build/icyphy/ptII/lib/vertx-codegen-3.5.1.jar:/home/travis/build/icyphy/ptII/lib/vertx-core-3.5.2-SNAPSHOT.jar:/home/travis/build/icyphy/ptII/lib/vertx-hazelcast-3.5.1.jar:/home/travis/build/icyphy/ptII/lib/vertx-lang-js-3.5.1.jar:/home/travis/build/icyphy/ptII/lib/vertx-service-proxy-3.5.1.jar:/home/travis/build/icyphy/ptII/lib/vertx-web-3.5.1.jar:/home/travis/build/icyphy/ptII/lib/slf4j-api-1.7.13.jar:/home/travis/build/icyphy/ptII/lib/slf4j-simple-1.7.13.jar:/home/travis/build/icyphy/ptII/lib/webcam-capture-0.3.12.jar:/home/travis/build/icyphy/ptII/lib/bridj-0.7.0.jar:/home/travis/build/icyphy/ptII/lib/xbjlib-1.1.0.nrjavaserial.jar:/home/travis/build/icyphy/ptII/ptolemy/moml/test:/home/travis/build/icyphy/ptII/ant/lib/ant-launcher.jar:/home/travis/build/icyphy/ptII/ant/lib/ant.jar:/home/travis/build/icyphy/ptII/ant/lib/ant-junit.jar:/home/travis/build/icyphy/ptII/ant/lib/ant-junit4.jar" />
    <property name="ant.library.dir" value="/home/travis/build/icyphy/ptII/ant/lib" />
    <property name="os.arch" value="amd64" />
    <property name="env.CONTINUOUS_INTEGRATION" value="true" />
    <property name="env.TRAVIS_LANGUAGE" value="node_js" />
    <property name="env.TRAVIS_STACK_LANGUAGES" value="__sardonyx__ c c++ clojure cplusplus cpp default generic go groovy java node_js php pure_java python ruby scala" />
    <property name="test.name" value="ptolemy.actor.lib.test.junit.JUnitTclTest" />
    <property name="env.APT_KEY_DONT_WARN_ON_DANGEROUS_USAGE" value="1" />
    <property name="sun.java.launcher" value="SUN_STANDARD" />
    <property name="env.PYTHON_CONFIGURE_OPTS" value="--enable-unicode=ucs4 --with-wide-unicode --enable-shared --enable-ipv6 --enable-loadable-sqlite-extensions --with-computed-gotos" />
    <property name="ant.core.lib" value="/home/travis/build/icyphy/ptII/ant/lib/ant.jar" />
    <property name="java.vm.specification.vendor" value="Oracle Corporation" />
    <property name="env.BCVTB_HOME" value="/home/travis/build/icyphy/ptII/lbnl" />
    <property name="file.separator" value="/" />
    <property name="spotbugs.home" value="/home/travis/build/icyphy/ptII/vendors/spotbugs-3.1.1" />
    <property name="java.runtime.version" value="11.0.2+9" />
    <property name="env.ANSI_CLEAR" value="\033[0K" />
    <property name="javafx.verbose" value="true" />
    <property name="env.HAS_JOSH_K_SEAL_OF_APPROVAL" value="true" />
    <property name="env.XDG_RUNTIME_DIR" value="/run/user/2000" />
    <property name="env.TRAVIS_OSX_IMAGE" value="" />
    <property name="env.TRAVIS_JOB_ID" value="729661653" />
    <property name="env.TRAVIS_BRANCH" value="master" />
    <property name="user.country" value="US" />
    <property name="env.CERTI_HOME_TRAVIS" value="/home/travis/pthla/certi-tools" />
    <property name="env.SHELL" value="/bin/bash" />
    <property name="java.maxmemory.large" value="3200m" />
    <property name="model" value="" />
    <property name="env.CASHER_DIR" value="/home/travis/.casher" />
    <property name="env.NVM_CD_FLAGS" value="" />
    <property name="java.vendor.version" value="18.9" />
    <property name="jshint.executable" value="/home/travis/node_modules/jshint/bin/jshint" />
    <property name="env.JRUBY_OPTS" value=" --client -J-XX:+TieredCompilation -J-XX:TieredStopAtLevel=1 -J-Xss2m -Xcompile.invokedynamic=false" />
    <property name="java.vendor" value="Oracle Corporation" />
    <property name="env.TRAVIS_PRE_CHEF_BOOTSTRAP_TIME" value="2020-06-24T13:13:03" />
    <property name="env.TRAVIS_STACK_JOB_BOARD_REGISTER" value="/.job-board-register.yml" />
    <property name="env.ANSI_RED" value="\033[31;1m" />
    <property name="java.specification.version" value="11" />
    <property name="env.IRBRC" value="/home/travis/.rvm/rubies/ruby-2.5.3/.irbrc" />
    <property name="env.TRAVIS" value="true" />
    <property name="sun.arch.data.model" value="64" />
  </properties>
  <testcase classname="ptolemy.util.test.junit.TclTests" name="[0] /home/travis/build/icyphy/ptII/ptolemy/actor/lib/test/AbsoluteValue.tcl (RunTclFile)" time="0.492" />
  <testcase classname="ptolemy.util.test.junit.TclTests" name="[1] /home/travis/build/icyphy/ptII/ptolemy/actor/lib/test/AddSubtract.tcl (RunTclFile)" time="0.097" />
  <testcase classname="ptolemy.util.test.junit.TclTests" name="[2] /home/travis/build/icyphy/ptII/ptolemy/actor/lib/test/Average.tcl (RunTclFile)" time="0.054" />
  <testcase classname="ptolemy.util.test.junit.TclTests" name="[3] /home/travis/build/icyphy/ptII/ptolemy/actor/lib/test/Bernoulli.tcl (RunTclFile)" time="0.039" />
  <testcase classname="ptolemy.util.test.junit.TclTests" name="[4] /home/travis/build/icyphy/ptII/ptolemy/actor/lib/test/Clock.tcl (RunTclFile)" time="0.111" />
  <testcase classname="ptolemy.util.test.junit.TclTests" name="[5] /home/travis/build/icyphy/ptII/ptolemy/actor/lib/test/Commutator.tcl (RunTclFile)" time="0.127" />
  <testcase classname="ptolemy.util.test.junit.TclTests" name="[6] /home/travis/build/icyphy/ptII/ptolemy/actor/lib/test/Const.tcl (RunTclFile)" time="0.098" />
  <testcase classname="ptolemy.util.test.junit.TclTests" name="[7] /home/travis/build/icyphy/ptII/ptolemy/actor/lib/test/CurrentTime.tcl (RunTclFile)" time="0.039" />
  <testcase classname="ptolemy.util.test.junit.TclTests" name="[8] /home/travis/build/icyphy/ptII/ptolemy/actor/lib/test/DB.tcl (RunTclFile)" time="0.034" />
  <testcase classname="ptolemy.util.test.junit.TclTests" name="[9] /home/travis/build/icyphy/ptII/ptolemy/actor/lib/test/DiscreteRandomSource.tcl (RunTclFile)" time="0.023" />
  <testcase classname="ptolemy.util.test.junit.TclTests" name="[10] /home/travis/build/icyphy/ptII/ptolemy/actor/lib/test/Distributor.tcl (RunTclFile)" time="0.063" />
  <testcase classname="ptolemy.util.test.junit.TclTests" name="[11] /home/travis/build/icyphy/ptII/ptolemy/actor/lib/test/Exit.tcl (RunTclFile)" time="0.079" />
  <testcase classname="ptolemy.util.test.junit.TclTests" name="[12] /home/travis/build/icyphy/ptII/ptolemy/actor/lib/test/Expression.tcl (RunTclFile)" time="0.118" />
  <testcase classname="ptolemy.util.test.junit.TclTests" name="[13] /home/travis/build/icyphy/ptII/ptolemy/actor/lib/test/Gaussian.tcl (RunTclFile)" time="0.965" />
  <testcase classname="ptolemy.util.test.junit.TclTests" name="[14] /home/travis/build/icyphy/ptII/ptolemy/actor/lib/test/IIR.tcl (RunTclFile)" time="0.044" />
  <testcase classname="ptolemy.util.test.junit.TclTests" name="[15] /home/travis/build/icyphy/ptII/ptolemy/actor/lib/test/Interpolator.tcl (RunTclFile)" time="0.089" />
  <testcase classname="ptolemy.util.test.junit.TclTests" name="[16] /home/travis/build/icyphy/ptII/ptolemy/actor/lib/test/MathFunction.tcl (RunTclFile)" time="0.039" />
  <testcase classname="ptolemy.util.test.junit.TclTests" name="[17] /home/travis/build/icyphy/ptII/ptolemy/actor/lib/test/Maximum.tcl (RunTclFile)" time="0.036" />
  <testcase classname="ptolemy.util.test.junit.TclTests" name="[18] /home/travis/build/icyphy/ptII/ptolemy/actor/lib/test/Minimum.tcl (RunTclFile)" time="0.029" />
  <testcase classname="ptolemy.util.test.junit.TclTests" name="[19] /home/travis/build/icyphy/ptII/ptolemy/actor/lib/test/MultiplyDivide.tcl (RunTclFile)" time="0.064" />
  <testcase classname="ptolemy.util.test.junit.TclTests" name="[20] /home/travis/build/icyphy/ptII/ptolemy/actor/lib/test/OrderedMerge.tcl (RunTclFile)" time="0.196" />
  <testcase classname="ptolemy.util.test.junit.TclTests" name="[21] /home/travis/build/icyphy/ptII/ptolemy/actor/lib/test/Publisher.tcl (RunTclFile)" time="0.784" />
  <testcase classname="ptolemy.util.test.junit.TclTests" name="[22] /home/travis/build/icyphy/ptII/ptolemy/actor/lib/test/Pulse.tcl (RunTclFile)" time="0.033" />
  <testcase classname="ptolemy.util.test.junit.TclTests" name="[23] /home/travis/build/icyphy/ptII/ptolemy/actor/lib/test/Ramp.tcl (RunTclFile)" time="2.015" />
  <testcase classname="ptolemy.util.test.junit.TclTests" name="[24] /home/travis/build/icyphy/ptII/ptolemy/actor/lib/test/RampContinuous.tcl (RunTclFile)" time="0.016" />
  <testcase classname="ptolemy.util.test.junit.TclTests" name="[25] /home/travis/build/icyphy/ptII/ptolemy/actor/lib/test/RecordAssembler.tcl (RunTclFile)" time="0.013" />
  <testcase classname="ptolemy.util.test.junit.TclTests" name="[26] /home/travis/build/icyphy/ptII/ptolemy/actor/lib/test/RecordDisassembler.tcl (RunTclFile)" time="0.018" />
  <testcase classname="ptolemy.util.test.junit.TclTests" name="[27] /home/travis/build/icyphy/ptII/ptolemy/actor/lib/test/Scale.tcl (RunTclFile)" time="0.015" />
  <testcase classname="ptolemy.util.test.junit.TclTests" name="[28] /home/travis/build/icyphy/ptII/ptolemy/actor/lib/test/SequentialClock.tcl (RunTclFile)" time="0.011" />
  <testcase classname="ptolemy.util.test.junit.TclTests" name="[29] /home/travis/build/icyphy/ptII/ptolemy/actor/lib/test/SetVariable.tcl (RunTclFile)" time="0.008" />
  <testcase classname="ptolemy.util.test.junit.TclTests" name="[30] /home/travis/build/icyphy/ptII/ptolemy/actor/lib/test/Sinewave.tcl (RunTclFile)" time="0.028" />
  <testcase classname="ptolemy.util.test.junit.TclTests" name="[31] /home/travis/build/icyphy/ptII/ptolemy/actor/lib/test/SubscriptionAggregator.tcl (RunTclFile)" time="2.002" />
  <testcase classname="ptolemy.util.test.junit.TclTests" name="[32] /home/travis/build/icyphy/ptII/ptolemy/actor/lib/test/Test.tcl (RunTclFile)" time="0.129" />
  <testcase classname="ptolemy.util.test.junit.TclTests" name="[33] /home/travis/build/icyphy/ptII/ptolemy/actor/lib/test/TestExceptionHandler.tcl (RunTclFile)" time="0.012" />
  <testcase classname="ptolemy.util.test.junit.TclTests" name="[34] /home/travis/build/icyphy/ptII/ptolemy/actor/lib/test/UnionDisassembler.tcl (RunTclFile)" time="0.067" />
  <testcase classname="ptolemy.util.test.junit.TclTests" name="[35] /home/travis/build/icyphy/ptII/ptolemy/actor/lib/test/VariableClock.tcl (RunTclFile)" time="0.077" />
  <testcase classname="ptolemy.util.test.junit.AutoKnownFailedTests" name="[0] /home/travis/build/icyphy/ptII/ptolemy/actor/lib/test/auto/knownFailedTests/PublisherPortToplevelSubscriber.xml (RunModel)" time="0.025" />
  <testcase classname="ptolemy.util.test.junit.AutoKnownFailedTests" name="[1] /home/travis/build/icyphy/ptII/ptolemy/actor/lib/test/auto/knownFailedTests/PublisherSubscriberPortToplevel.xml (RunModel)" time="0.016" />
  <testcase classname="ptolemy.util.test.junit.AutoKnownFailedTests" name="[2] /home/travis/build/icyphy/ptII/ptolemy/actor/lib/test/auto/knownFailedTests/PublisherSubscriptionAggregatorPort.xml (RunModel)" time="0.018" />
  <testcase classname="ptolemy.util.test.junit.AutoKnownFailedTests" name="[3] /home/travis/build/icyphy/ptII/ptolemy/actor/lib/test/auto/knownFailedTests/sizedarray3.xml (RunModel)" time="0.026" />
  <testcase classname="ptolemy.util.test.junit.AutoNameArchTests" name="[0] ThereAreNoAutoArchTests (RunModel)" time="0.003" />
  <testcase classname="ptolemy.util.test.junit.AutoTests" name="[0] /home/travis/build/icyphy/ptII/ptolemy/actor/lib/test/auto/AbsoluteValue.xml (RunModel)" time="0.072" />
  <testcase classname="ptolemy.util.test.junit.AutoTests" name="[1] /home/travis/build/icyphy/ptII/ptolemy/actor/lib/test/auto/AbsoluteValue2.xml (RunModel)" time="0.053" />
  <testcase classname="ptolemy.util.test.junit.AutoTests" name="[2] /home/travis/build/icyphy/ptII/ptolemy/actor/lib/test/auto/Accumulator.xml (RunModel)" time="0.055" />
  <testcase classname="ptolemy.util.test.junit.AutoTests" name="[3] /home/travis/build/icyphy/ptII/ptolemy/actor/lib/test/auto/Accumulator2.xml (RunModel)" time="0.043" />
  <testcase classname="ptolemy.util.test.junit.AutoTests" name="[4] /home/travis/build/icyphy/ptII/ptolemy/actor/lib/test/auto/Accumulator3.xml (RunModel)" time="0.041" />
  <testcase classname="ptolemy.util.test.junit.AutoTests" name="[5] /home/travis/build/icyphy/ptII/ptolemy/actor/lib/test/auto/ArrayAppend.xml (RunModel)" time="0.039" />
  <testcase classname="ptolemy.util.test.junit.AutoTests" name="[6] /home/travis/build/icyphy/ptII/ptolemy/actor/lib/test/auto/ArrayAppend2.xml (RunModel)" time="0.438" />
  <testcase classname="ptolemy.util.test.junit.AutoTests" name="[7] /home/travis/build/icyphy/ptII/ptolemy/actor/lib/test/auto/ArrayAppend3.xml (RunModel)" time="0.015" />
  <testcase classname="ptolemy.util.test.junit.AutoTests" name="[8] /home/travis/build/icyphy/ptII/ptolemy/actor/lib/test/auto/ArrayAppend4.xml (RunModel)" time="0.013" />
  <testcase classname="ptolemy.util.test.junit.AutoTests" name="[9] /home/travis/build/icyphy/ptII/ptolemy/actor/lib/test/auto/ArrayAppend5.xml (RunModel)" time="0.014" />
  <testcase classname="ptolemy.util.test.junit.AutoTests" name="[10] /home/travis/build/icyphy/ptII/ptolemy/actor/lib/test/auto/ArrayAppend6.xml (RunModel)" time="0.013" />
  <testcase classname="ptolemy.util.test.junit.AutoTests" name="[11] /home/travis/build/icyphy/ptII/ptolemy/actor/lib/test/auto/ArrayAppendPerformanceTest.xml (RunModel)" time="0.049" />
  <testcase classname="ptolemy.util.test.junit.AutoTests" name="[12] /home/travis/build/icyphy/ptII/ptolemy/actor/lib/test/auto/ArrayAppendWithEmptyInput.xml (RunModel)" time="0.063" />
  <testcase classname="ptolemy.util.test.junit.AutoTests" name="[13] /home/travis/build/icyphy/ptII/ptolemy/actor/lib/test/auto/ArrayAverage.xml (RunModel)" time="0.057" />
  <testcase classname="ptolemy.util.test.junit.AutoTests" name="[14] /home/travis/build/icyphy/ptII/ptolemy/actor/lib/test/auto/ArrayContains.xml (RunModel)" time="0.031" />
  <testcase classname="ptolemy.util.test.junit.AutoTests" name="[15] /home/travis/build/icyphy/ptII/ptolemy/actor/lib/test/auto/ArrayElement.xml (RunModel)" time="0.031" />
  <testcase classname="ptolemy.util.test.junit.AutoTests" name="[16] /home/travis/build/icyphy/ptII/ptolemy/actor/lib/test/auto/ArrayElementAsMatrix.xml (RunModel)" time="0.069" />
  <testcase classname="ptolemy.util.test.junit.AutoTests" name="[17] /home/travis/build/icyphy/ptII/ptolemy/actor/lib/test/auto/ArrayElementI.xml (RunModel)" time="0.015" />
  <testcase classname="ptolemy.util.test.junit.AutoTests" name="[18] /home/travis/build/icyphy/ptII/ptolemy/actor/lib/test/auto/ArrayExtract.xml (RunModel)" time="0.024" />
  <testcase classname="ptolemy.util.test.junit.AutoTests" name="[19] /home/travis/build/icyphy/ptII/ptolemy/actor/lib/test/auto/ArrayExtract2.xml (RunModel)" time="0.018" />
  <testcase classname="ptolemy.util.test.junit.AutoTests" name="[20] /home/travis/build/icyphy/ptII/ptolemy/actor/lib/test/auto/ArrayLength.xml (RunModel)" time="0.022" />
  <testcase classname="ptolemy.util.test.junit.AutoTests" name="[21] /home/travis/build/icyphy/ptII/ptolemy/actor/lib/test/auto/ArrayLevelCrossing.xml (RunModel)" time="0.029" />
  <testcase classname="ptolemy.util.test.junit.AutoTests" name="[22] /home/travis/build/icyphy/ptII/ptolemy/actor/lib/test/auto/ArrayLevelCrossing2.xml (RunModel)" time="0.021" />
  <testcase classname="ptolemy.util.test.junit.AutoTests" name="[23] /home/travis/build/icyphy/ptII/ptolemy/actor/lib/test/auto/ArrayPeakSearch.xml (RunModel)" time="0.041" />
  <testcase classname="ptolemy.util.test.junit.AutoTests" name="[24] /home/travis/build/icyphy/ptII/ptolemy/actor/lib/test/auto/ArrayPeakSearch2.xml (RunModel)" time="0.031" />
  <testcase classname="ptolemy.util.test.junit.AutoTests" name="[25] /home/travis/build/icyphy/ptII/ptolemy/actor/lib/test/auto/ArrayPeakSearch3.xml (RunModel)" time="0.032" />
  <testcase classname="ptolemy.util.test.junit.AutoTests" name="[26] /home/travis/build/icyphy/ptII/ptolemy/actor/lib/test/auto/ArrayRemoveElement.xml (RunModel)" time="0.024" />
  <testcase classname="ptolemy.util.test.junit.AutoTests" name="[27] /home/travis/build/icyphy/ptII/ptolemy/actor/lib/test/auto/ArraySort.xml (RunModel)" time="0.028" />
  <testcase classname="ptolemy.util.test.junit.AutoTests" name="[28] /home/travis/build/icyphy/ptII/ptolemy/actor/lib/test/auto/ArraySum.xml (RunModel)" time="0.018" />
  <testcase classname="ptolemy.util.test.junit.AutoTests" name="[29] /home/travis/build/icyphy/ptII/ptolemy/actor/lib/test/auto/ArrayToElements.xml (RunModel)" time="0.018" />
  <testcase classname="ptolemy.util.test.junit.AutoTests" name="[30] /home/travis/build/icyphy/ptII/ptolemy/actor/lib/test/auto/ArrayToMatrix.xml (RunModel)" time="0.071" />
  <testcase classname="ptolemy.util.test.junit.AutoTests" name="[31] /home/travis/build/icyphy/ptII/ptolemy/actor/lib/test/auto/ArrayUpdate1.xml (RunModel)" time="0.023" />
  <testcase classname="ptolemy.util.test.junit.AutoTests" name="[32] /home/travis/build/icyphy/ptII/ptolemy/actor/lib/test/auto/ArrayUpdate2.xml (RunModel)" time="0.021" />
  <testcase classname="ptolemy.util.test.junit.AutoTests" name="[33] /home/travis/build/icyphy/ptII/ptolemy/actor/lib/test/auto/ArrayUpdate3.xml (RunModel)" time="0.013" />
  <testcase classname="ptolemy.util.test.junit.AutoTests" name="[34] /home/travis/build/icyphy/ptII/ptolemy/actor/lib/test/auto/Assert1.xml (RunModel)" time="0.021" />
  <testcase classname="ptolemy.util.test.junit.AutoTests" name="[35] /home/travis/build/icyphy/ptII/ptolemy/actor/lib/test/auto/Assert2.xml (RunModel)" time="0.019" />
  <testcase classname="ptolemy.util.test.junit.AutoTests" name="[36] /home/travis/build/icyphy/ptII/ptolemy/actor/lib/test/auto/BooleanMultiplexor.xml (RunModel)" time="0.016" />
  <testcase classname="ptolemy.util.test.junit.AutoTests" name="[37] /home/travis/build/icyphy/ptII/ptolemy/actor/lib/test/auto/BooleanMultiplexor2.xml (RunModel)" time="0.028" />
  <testcase classname="ptolemy.util.test.junit.AutoTests" name="[38] /home/travis/build/icyphy/ptII/ptolemy/actor/lib/test/auto/BooleanMultiplexor3.xml (RunModel)" time="0.021" />
  <testcase classname="ptolemy.util.test.junit.AutoTests" name="[39] /home/travis/build/icyphy/ptII/ptolemy/actor/lib/test/auto/BooleanSelect.xml (RunModel)" time="0.024" />
  <testcase classname="ptolemy.util.test.junit.AutoTests" name="[40] /home/travis/build/icyphy/ptII/ptolemy/actor/lib/test/auto/BooleanSelect2.xml (RunModel)" time="0.014" />
  <testcase classname="ptolemy.util.test.junit.AutoTests" name="[41] /home/travis/build/icyphy/ptII/ptolemy/actor/lib/test/auto/BooleanSwitch.xml (RunModel)" time="0.03" />
  <testcase classname="ptolemy.util.test.junit.AutoTests" name="[42] /home/travis/build/icyphy/ptII/ptolemy/actor/lib/test/auto/BooleanSwitch2.xml (RunModel)" time="0.02" />
  <testcase classname="ptolemy.util.test.junit.AutoTests" name="[43] /home/travis/build/icyphy/ptII/ptolemy/actor/lib/test/auto/BooleanSwitchCloningBugWithClassRelationGroup.xml (RunModel)" time="0.034" />
  <testcase classname="ptolemy.util.test.junit.AutoTests" name="[44] /home/travis/build/icyphy/ptII/ptolemy/actor/lib/test/auto/BusActors.xml (RunModel)" time="0.036" />
  <testcase classname="ptolemy.util.test.junit.AutoTests" name="[45] /home/travis/build/icyphy/ptII/ptolemy/actor/lib/test/auto/ClassWrapper.xml (RunModel)" time="0.022" />
  <testcase classname="ptolemy.util.test.junit.AutoTests" name="[46] /home/travis/build/icyphy/ptII/ptolemy/actor/lib/test/auto/Clock.xml (RunModel)" time="0.011" />
  <testcase classname="ptolemy.util.test.junit.AutoTests" name="[47] /home/travis/build/icyphy/ptII/ptolemy/actor/lib/test/auto/Clock10.xml (RunModel)" time="0.017" />
  <testcase classname="ptolemy.util.test.junit.AutoTests" name="[48] /home/travis/build/icyphy/ptII/ptolemy/actor/lib/test/auto/Clock11.xml (RunModel)" time="0.018" />
  <testcase classname="ptolemy.util.test.junit.AutoTests" name="[49] /home/travis/build/icyphy/ptII/ptolemy/actor/lib/test/auto/Clock12.xml (RunModel)" time="0.022" />
  <testcase classname="ptolemy.util.test.junit.AutoTests" name="[50] /home/travis/build/icyphy/ptII/ptolemy/actor/lib/test/auto/Clock13.xml (RunModel)" time="0.02" />
  <testcase classname="ptolemy.util.test.junit.AutoTests" name="[51] /home/travis/build/icyphy/ptII/ptolemy/actor/lib/test/auto/Clock14.xml (RunModel)" time="0.019" />
  <testcase classname="ptolemy.util.test.junit.AutoTests" name="[52] /home/travis/build/icyphy/ptII/ptolemy/actor/lib/test/auto/Clock15.xml (RunModel)" time="0.02" />
  <testcase classname="ptolemy.util.test.junit.AutoTests" name="[53] /home/travis/build/icyphy/ptII/ptolemy/actor/lib/test/auto/Clock16.xml (RunModel)" time="0.098" />
  <testcase classname="ptolemy.util.test.junit.AutoTests" name="[54] /home/travis/build/icyphy/ptII/ptolemy/actor/lib/test/auto/Clock17.xml (RunModel)" time="0.073" />
  <testcase classname="ptolemy.util.test.junit.AutoTests" name="[55] /home/travis/build/icyphy/ptII/ptolemy/actor/lib/test/auto/Clock18.xml (RunModel)" time="0.06" />
  <testcase classname="ptolemy.util.test.junit.AutoTests" name="[56] /home/travis/build/icyphy/ptII/ptolemy/actor/lib/test/auto/Clock19.xml (RunModel)" time="0.046" />
  <testcase classname="ptolemy.util.test.junit.AutoTests" name="[57] /home/travis/build/icyphy/ptII/ptolemy/actor/lib/test/auto/Clock2.xml (RunModel)" time="0.014" />
  <testcase classname="ptolemy.util.test.junit.AutoTests" name="[58] /home/travis/build/icyphy/ptII/ptolemy/actor/lib/test/auto/Clock20.xml (RunModel)" time="0.016" />
  <testcase classname="ptolemy.util.test.junit.AutoTests" name="[59] /home/travis/build/icyphy/ptII/ptolemy/actor/lib/test/auto/Clock21.xml (RunModel)" time="0.014" />
  <testcase classname="ptolemy.util.test.junit.AutoTests" name="[60] /home/travis/build/icyphy/ptII/ptolemy/actor/lib/test/auto/Clock22.xml (RunModel)" time="0.017" />
  <testcase classname="ptolemy.util.test.junit.AutoTests" name="[61] /home/travis/build/icyphy/ptII/ptolemy/actor/lib/test/auto/Clock23.xml (RunModel)" time="0.02" />
  <testcase classname="ptolemy.util.test.junit.AutoTests" name="[62] /home/travis/build/icyphy/ptII/ptolemy/actor/lib/test/auto/Clock24.xml (RunModel)" time="0.014" />
  <testcase classname="ptolemy.util.test.junit.AutoTests" name="[63] /home/travis/build/icyphy/ptII/ptolemy/actor/lib/test/auto/Clock4.xml (RunModel)" time="0.013" />
  <testcase classname="ptolemy.util.test.junit.AutoTests" name="[64] /home/travis/build/icyphy/ptII/ptolemy/actor/lib/test/auto/Clock5.xml (RunModel)" time="0.009" />
  <testcase classname="ptolemy.util.test.junit.AutoTests" name="[65] /home/travis/build/icyphy/ptII/ptolemy/actor/lib/test/auto/Clock6.xml (RunModel)" time="0.007" />
  <testcase classname="ptolemy.util.test.junit.AutoTests" name="[66] /home/travis/build/icyphy/ptII/ptolemy/actor/lib/test/auto/Clock7.xml (RunModel)" time="0.008" />
  <testcase classname="ptolemy.util.test.junit.AutoTests" name="[67] /home/travis/build/icyphy/ptII/ptolemy/actor/lib/test/auto/Clock8.xml (RunModel)" time="0.012" />
  <testcase classname="ptolemy.util.test.junit.AutoTests" name="[68] /home/travis/build/icyphy/ptII/ptolemy/actor/lib/test/auto/Clock9.xml (RunModel)" time="0.011" />
  <testcase classname="ptolemy.util.test.junit.AutoTests" name="[69] /home/travis/build/icyphy/ptII/ptolemy/actor/lib/test/auto/CommDistDiscard.xml (RunModel)" time="0.017" />
  <testcase classname="ptolemy.util.test.junit.AutoTests" name="[70] /home/travis/build/icyphy/ptII/ptolemy/actor/lib/test/auto/Commutator.xml (RunModel)" time="0.011" />
  <testcase classname="ptolemy.util.test.junit.AutoTests" name="[71] /home/travis/build/icyphy/ptII/ptolemy/actor/lib/test/auto/Commutator2.xml (RunModel)" time="0.011" />
  <testcase classname="ptolemy.util.test.junit.AutoTests" name="[72] /home/travis/build/icyphy/ptII/ptolemy/actor/lib/test/auto/Commutator3.xml (RunModel)" time="0.011" />
  <testcase classname="ptolemy.util.test.junit.AutoTests" name="[73] /home/travis/build/icyphy/ptII/ptolemy/actor/lib/test/auto/Compare.xml (RunModel)" time="0.018" />
  <testcase classname="ptolemy.util.test.junit.AutoTests" name="[74] /home/travis/build/icyphy/ptII/ptolemy/actor/lib/test/auto/CompareDE.xml (RunModel)" time="0.025" />
  <testcase classname="ptolemy.util.test.junit.AutoTests" name="[75] /home/travis/build/icyphy/ptII/ptolemy/actor/lib/test/auto/ComplexDivide.xml (RunModel)" time="0.011" />
  <testcase classname="ptolemy.util.test.junit.AutoTests" name="[76] /home/travis/build/icyphy/ptII/ptolemy/actor/lib/test/auto/ComputeHistogram.xml (RunModel)" time="0.047" />
  <testcase classname="ptolemy.util.test.junit.AutoTests" name="[77] /home/travis/build/icyphy/ptII/ptolemy/actor/lib/test/auto/ConfigurationSelect.xml (RunModel)" time="0.018" />
  <testcase classname="ptolemy.util.test.junit.AutoTests" name="[78] /home/travis/build/icyphy/ptII/ptolemy/actor/lib/test/auto/ConfigurationSelect2.xml (RunModel)" time="0.013" />
  <testcase classname="ptolemy.util.test.junit.AutoTests" name="[79] /home/travis/build/icyphy/ptII/ptolemy/actor/lib/test/auto/ConfigurationSwitch.xml (RunModel)" time="0.018" />
  <testcase classname="ptolemy.util.test.junit.AutoTests" name="[80] /home/travis/build/icyphy/ptII/ptolemy/actor/lib/test/auto/ConfigurationSwitch2.xml (RunModel)" time="0.029" />
  <testcase classname="ptolemy.util.test.junit.AutoTests" name="[81] /home/travis/build/icyphy/ptII/ptolemy/actor/lib/test/auto/ConfigurationSwitchCloningBugWithClassRelationGroup.xml (RunModel)" time="0.02" />
  <testcase classname="ptolemy.util.test.junit.AutoTests" name="[82] /home/travis/build/icyphy/ptII/ptolemy/actor/lib/test/auto/ConfigurationSwitchSelectSDF.xml (RunModel)" time="0.016" />
  <testcase classname="ptolemy.util.test.junit.AutoTests" name="[83] /home/travis/build/icyphy/ptII/ptolemy/actor/lib/test/auto/ConfigurationSwitchSelectSDF2.xml (RunModel)" time="0.011" />
  <testcase classname="ptolemy.util.test.junit.AutoTests" name="[84] /home/travis/build/icyphy/ptII/ptolemy/actor/lib/test/auto/Const.xml (RunModel)" time="0.01" />
  <testcase classname="ptolemy.util.test.junit.AutoTests" name="[85] /home/travis/build/icyphy/ptII/ptolemy/actor/lib/test/auto/Const2.xml (RunModel)" time="0.01" />
  <testcase classname="ptolemy.util.test.junit.AutoTests" name="[86] /home/travis/build/icyphy/ptII/ptolemy/actor/lib/test/auto/Const3.xml (RunModel)" time="0.006" />
  <testcase classname="ptolemy.util.test.junit.AutoTests" name="[87] /home/travis/build/icyphy/ptII/ptolemy/actor/lib/test/auto/ConstantPublisherPort1.xml (RunModel)" time="0.018" />
  <testcase classname="ptolemy.util.test.junit.AutoTests" name="[88] /home/travis/build/icyphy/ptII/ptolemy/actor/lib/test/auto/ConstantPublisherPort2.xml (RunModel)" time="0.022" />
  <testcase classname="ptolemy.util.test.junit.AutoTests" name="[89] /home/travis/build/icyphy/ptII/ptolemy/actor/lib/test/auto/ConstantPublisherPort3.xml (RunModel)" time="0.019" />
  <testcase classname="ptolemy.util.test.junit.AutoTests" name="[90] /home/travis/build/icyphy/ptII/ptolemy/actor/lib/test/auto/ConstantPublisherPort4.xml (RunModel)" time="0.015" />
  <testcase classname="ptolemy.util.test.junit.AutoTests" name="[91] /home/travis/build/icyphy/ptII/ptolemy/actor/lib/test/auto/ConstantPublisherPort5.xml (RunModel)" time="0.044" />
  <testcase classname="ptolemy.util.test.junit.AutoTests" name="[92] /home/travis/build/icyphy/ptII/ptolemy/actor/lib/test/auto/ConstantPublisherPort6.xml (RunModel)" time="0.027" />
  <testcase classname="ptolemy.util.test.junit.AutoTests" name="[93] /home/travis/build/icyphy/ptII/ptolemy/actor/lib/test/auto/ConstantPublisherPort7.xml (RunModel)" time="0.029" />
  <testcase classname="ptolemy.util.test.junit.AutoTests" name="[94] /home/travis/build/icyphy/ptII/ptolemy/actor/lib/test/auto/ConstraintMonitor1.xml (RunModel)" time="0.035" />
  <testcase classname="ptolemy.util.test.junit.AutoTests" name="[95] /home/travis/build/icyphy/ptII/ptolemy/actor/lib/test/auto/ConstraintMonitor2.xml (RunModel)" time="0.015" />
  <testcase classname="ptolemy.util.test.junit.AutoTests" name="[96] /home/travis/build/icyphy/ptII/ptolemy/actor/lib/test/auto/ConstraintMonitor3.xml (RunModel)" time="0.017" />
  <testcase classname="ptolemy.util.test.junit.AutoTests" name="[97] /home/travis/build/icyphy/ptII/ptolemy/actor/lib/test/auto/ConstraintMonitor4.xml (RunModel)" time="0.011" />
  <testcase classname="ptolemy.util.test.junit.AutoTests" name="[98] /home/travis/build/icyphy/ptII/ptolemy/actor/lib/test/auto/ConstraintMonitor5.xml (RunModel)" time="0.011" />
  <testcase classname="ptolemy.util.test.junit.AutoTests" name="[99] /home/travis/build/icyphy/ptII/ptolemy/actor/lib/test/auto/ConstraintMonitor6.xml (RunModel)" time="0.012" />
  <testcase classname="ptolemy.util.test.junit.AutoTests" name="[100] /home/travis/build/icyphy/ptII/ptolemy/actor/lib/test/auto/ConstraintMonitor7.xml (RunModel)" time="0.017" />
  <testcase classname="ptolemy.util.test.junit.AutoTests" name="[101] /home/travis/build/icyphy/ptII/ptolemy/actor/lib/test/auto/ConstraintMonitor8.xml (RunModel)" time="0.015" />
  <testcase classname="ptolemy.util.test.junit.AutoTests" name="[102] /home/travis/build/icyphy/ptII/ptolemy/actor/lib/test/auto/Counter.xml (RunModel)" time="0.014" />
  <testcase classname="ptolemy.util.test.junit.AutoTests" name="[103] /home/travis/build/icyphy/ptII/ptolemy/actor/lib/test/auto/CurrentTimeSDF.xml (RunModel)" time="0.009" />
  <testcase classname="ptolemy.util.test.junit.AutoTests" name="[104] /home/travis/build/icyphy/ptII/ptolemy/actor/lib/test/auto/DB.xml (RunModel)" time="0.01" />
  <testcase classname="ptolemy.util.test.junit.AutoTests" name="[105] /home/travis/build/icyphy/ptII/ptolemy/actor/lib/test/auto/DBDE.xml (RunModel)" time="0.024" />
  <testcase classname="ptolemy.util.test.junit.AutoTests" name="[106] /home/travis/build/icyphy/ptII/ptolemy/actor/lib/test/auto/DateConstructor.xml (RunModel)" time="0.067" />
  <testcase classname="ptolemy.util.test.junit.AutoTests" name="[107] /home/travis/build/icyphy/ptII/ptolemy/actor/lib/test/auto/DelayTime.xml (RunModel)" time="0.014" />
  <testcase classname="ptolemy.util.test.junit.AutoTests" name="[108] /home/travis/build/icyphy/ptII/ptolemy/actor/lib/test/auto/Dictionary1.xml (RunModel)" time="0.016" />
  <testcase classname="ptolemy.util.test.junit.AutoTests" name="[109] /home/travis/build/icyphy/ptII/ptolemy/actor/lib/test/auto/Dictionary2.xml (RunModel)" time="0.014" />
  <testcase classname="ptolemy.util.test.junit.AutoTests" name="[110] /home/travis/build/icyphy/ptII/ptolemy/actor/lib/test/auto/Dictionary3.xml (RunModel)" time="0.012" />
  <testcase classname="ptolemy.util.test.junit.AutoTests" name="[111] /home/travis/build/icyphy/ptII/ptolemy/actor/lib/test/auto/Dictionary4.xml (RunModel)" time="0.018" />
  <testcase classname="ptolemy.util.test.junit.AutoTests" name="[112] /home/travis/build/icyphy/ptII/ptolemy/actor/lib/test/auto/Differential.xml (RunModel)" time="0.01" />
  <testcase classname="ptolemy.util.test.junit.AutoTests" name="[113] /home/travis/build/icyphy/ptII/ptolemy/actor/lib/test/auto/Director.xml (RunModel)" time="0.009" />
  <testcase classname="ptolemy.util.test.junit.AutoTests" name="[114] /home/travis/build/icyphy/ptII/ptolemy/actor/lib/test/auto/DiscreteClock.xml (RunModel)" time="0.007" />
  <testcase classname="ptolemy.util.test.junit.AutoTests" name="[115] /home/travis/build/icyphy/ptII/ptolemy/actor/lib/test/auto/DiscreteClock10.xml (RunModel)" time="0.011" />
  <testcase classname="ptolemy.util.test.junit.AutoTests" name="[116] /home/travis/build/icyphy/ptII/ptolemy/actor/lib/test/auto/DiscreteClock11.xml (RunModel)" time="0.01" />
  <testcase classname="ptolemy.util.test.junit.AutoTests" name="[117] /home/travis/build/icyphy/ptII/ptolemy/actor/lib/test/auto/DiscreteClock12.xml (RunModel)" time="0.013" />
  <testcase classname="ptolemy.util.test.junit.AutoTests" name="[118] /home/travis/build/icyphy/ptII/ptolemy/actor/lib/test/auto/DiscreteClock13.xml (RunModel)" time="0.014" />
  <testcase classname="ptolemy.util.test.junit.AutoTests" name="[119] /home/travis/build/icyphy/ptII/ptolemy/actor/lib/test/auto/DiscreteClock14.xml (RunModel)" time="0.012" />
  <testcase classname="ptolemy.util.test.junit.AutoTests" name="[120] /home/travis/build/icyphy/ptII/ptolemy/actor/lib/test/auto/DiscreteClock15.xml (RunModel)" time="0.013" />
  <testcase classname="ptolemy.util.test.junit.AutoTests" name="[121] /home/travis/build/icyphy/ptII/ptolemy/actor/lib/test/auto/DiscreteClock16.xml (RunModel)" time="0.039" />
  <testcase classname="ptolemy.util.test.junit.AutoTests" name="[122] /home/travis/build/icyphy/ptII/ptolemy/actor/lib/test/auto/DiscreteClock17.xml (RunModel)" time="0.051" />
  <testcase classname="ptolemy.util.test.junit.AutoTests" name="[123] /home/travis/build/icyphy/ptII/ptolemy/actor/lib/test/auto/DiscreteClock18.xml (RunModel)" time="0.041" />
  <testcase classname="ptolemy.util.test.junit.AutoTests" name="[124] /home/travis/build/icyphy/ptII/ptolemy/actor/lib/test/auto/DiscreteClock19.xml (RunModel)" time="0.045" />
  <testcase classname="ptolemy.util.test.junit.AutoTests" name="[125] /home/travis/build/icyphy/ptII/ptolemy/actor/lib/test/auto/DiscreteClock2.xml (RunModel)" time="0.01" />
  <testcase classname="ptolemy.util.test.junit.AutoTests" name="[126] /home/travis/build/icyphy/ptII/ptolemy/actor/lib/test/auto/DiscreteClock20.xml (RunModel)" time="0.02" />
  <testcase classname="ptolemy.util.test.junit.AutoTests" name="[127] /home/travis/build/icyphy/ptII/ptolemy/actor/lib/test/auto/DiscreteClock21.xml (RunModel)" time="0.017" />
  <testcase classname="ptolemy.util.test.junit.AutoTests" name="[128] /home/travis/build/icyphy/ptII/ptolemy/actor/lib/test/auto/DiscreteClock22.xml (RunModel)" time="0.014" />
  <testcase classname="ptolemy.util.test.junit.AutoTests" name="[129] /home/travis/build/icyphy/ptII/ptolemy/actor/lib/test/auto/DiscreteClock23.xml (RunModel)" time="0.024" />
  <testcase classname="ptolemy.util.test.junit.AutoTests" name="[130] /home/travis/build/icyphy/ptII/ptolemy/actor/lib/test/auto/DiscreteClock24.xml (RunModel)" time="0.013" />
  <testcase classname="ptolemy.util.test.junit.AutoTests" name="[131] /home/travis/build/icyphy/ptII/ptolemy/actor/lib/test/auto/DiscreteClock4.xml (RunModel)" time="0.011" />
  <testcase classname="ptolemy.util.test.junit.AutoTests" name="[132] /home/travis/build/icyphy/ptII/ptolemy/actor/lib/test/auto/DiscreteClock5.xml (RunModel)" time="0.009" />
  <testcase classname="ptolemy.util.test.junit.AutoTests" name="[133] /home/travis/build/icyphy/ptII/ptolemy/actor/lib/test/auto/DiscreteClock6.xml (RunModel)" time="0.009" />
  <testcase classname="ptolemy.util.test.junit.AutoTests" name="[134] /home/travis/build/icyphy/ptII/ptolemy/actor/lib/test/auto/DiscreteClock7.xml (RunModel)" time="0.009" />
  <testcase classname="ptolemy.util.test.junit.AutoTests" name="[135] /home/travis/build/icyphy/ptII/ptolemy/actor/lib/test/auto/DiscreteClock8.xml (RunModel)" time="0.02" />
  <testcase classname="ptolemy.util.test.junit.AutoTests" name="[136] /home/travis/build/icyphy/ptII/ptolemy/actor/lib/test/auto/DiscreteClock9.xml (RunModel)" time="0.012" />
  <testcase classname="ptolemy.util.test.junit.AutoTests" name="[137] /home/travis/build/icyphy/ptII/ptolemy/actor/lib/test/auto/DisplayArray.xml (RunModel)" time="0.008" />
  <testcase classname="ptolemy.util.test.junit.AutoTests" name="[138] /home/travis/build/icyphy/ptII/ptolemy/actor/lib/test/auto/Distributor.xml (RunModel)" time="0.008" />
  <testcase classname="ptolemy.util.test.junit.AutoTests" name="[139] /home/travis/build/icyphy/ptII/ptolemy/actor/lib/test/auto/Distributor2.xml (RunModel)" time="0.008" />
  <testcase classname="ptolemy.util.test.junit.AutoTests" name="[140] /home/travis/build/icyphy/ptII/ptolemy/actor/lib/test/auto/DownSample.xml (RunModel)" time="0.011" />
  <testcase classname="ptolemy.util.test.junit.AutoTests" name="[141] /home/travis/build/icyphy/ptII/ptolemy/actor/lib/test/auto/ElectronicUnitBase1.xml (RunModel)" time="0.061" />
  <testcase classname="ptolemy.util.test.junit.AutoTests" name="[142] /home/travis/build/icyphy/ptII/ptolemy/actor/lib/test/auto/ElementsToArray.xml (RunModel)" time="0.01" />
  <testcase classname="ptolemy.util.test.junit.AutoTests" name="[143] /home/travis/build/icyphy/ptII/ptolemy/actor/lib/test/auto/Equals.xml (RunModel)" time="0.016" />
  <testcase classname="ptolemy.util.test.junit.AutoTests" name="[144] /home/travis/build/icyphy/ptII/ptolemy/actor/lib/test/auto/Exec.xml (RunModel)" time="0.028" />
  <testcase classname="ptolemy.util.test.junit.AutoTests" name="[145] /home/travis/build/icyphy/ptII/ptolemy/actor/lib/test/auto/ExecEnvironment.xml (RunModel)" time="0.033" />
  <testcase classname="ptolemy.util.test.junit.AutoTests" name="[146] /home/travis/build/icyphy/ptII/ptolemy/actor/lib/test/auto/ExecNonZeroReturnOutput.xml (RunModel)" time="0.19" />
  <testcase classname="ptolemy.util.test.junit.AutoTests" name="[147] /home/travis/build/icyphy/ptII/ptolemy/actor/lib/test/auto/ExecRunDemos.xml (RunModel)" time="10.121" />
  <testcase classname="ptolemy.util.test.junit.AutoTests" name="[148] /home/travis/build/icyphy/ptII/ptolemy/actor/lib/test/auto/ExecStop.xml (RunModel)" time="5.031" />
  <testcase classname="ptolemy.util.test.junit.AutoTests" name="[149] /home/travis/build/icyphy/ptII/ptolemy/actor/lib/test/auto/ExecutionTimeSDF.xml (RunModel)" time="6.026" />
  <testcase classname="ptolemy.util.test.junit.AutoTests" name="[150] /home/travis/build/icyphy/ptII/ptolemy/actor/lib/test/auto/Expression1.xml (RunModel)" time="0.007" />
  <testcase classname="ptolemy.util.test.junit.AutoTests" name="[151] /home/travis/build/icyphy/ptII/ptolemy/actor/lib/test/auto/Expression10.xml (RunModel)" time="0.013" />
  <testcase classname="ptolemy.util.test.junit.AutoTests" name="[152] /home/travis/build/icyphy/ptII/ptolemy/actor/lib/test/auto/Expression11.xml (RunModel)" time="0.025" />
  <testcase classname="ptolemy.util.test.junit.AutoTests" name="[153] /home/travis/build/icyphy/ptII/ptolemy/actor/lib/test/auto/Expression12.xml (RunModel)" time="0.012" />
  <testcase classname="ptolemy.util.test.junit.AutoTests" name="[154] /home/travis/build/icyphy/ptII/ptolemy/actor/lib/test/auto/Expression13.xml (RunModel)" time="0.011" />
  <testcase classname="ptolemy.util.test.junit.AutoTests" name="[155] /home/travis/build/icyphy/ptII/ptolemy/actor/lib/test/auto/Expression14.xml (RunModel)" time="0.014" />
  <testcase classname="ptolemy.util.test.junit.AutoTests" name="[156] /home/travis/build/icyphy/ptII/ptolemy/actor/lib/test/auto/Expression15.xml (RunModel)" time="0.007" />
  <testcase classname="ptolemy.util.test.junit.AutoTests" name="[157] /home/travis/build/icyphy/ptII/ptolemy/actor/lib/test/auto/Expression16.xml (RunModel)" time="0.011" />
  <testcase classname="ptolemy.util.test.junit.AutoTests" name="[158] /home/travis/build/icyphy/ptII/ptolemy/actor/lib/test/auto/Expression17.xml (RunModel)" time="0.011" />
  <testcase classname="ptolemy.util.test.junit.AutoTests" name="[159] /home/travis/build/icyphy/ptII/ptolemy/actor/lib/test/auto/Expression18.xml (RunModel)" time="0.012" />
  <testcase classname="ptolemy.util.test.junit.AutoTests" name="[160] /home/travis/build/icyphy/ptII/ptolemy/actor/lib/test/auto/Expression2.xml (RunModel)" time="0.012" />
  <testcase classname="ptolemy.util.test.junit.AutoTests" name="[161] /home/travis/build/icyphy/ptII/ptolemy/actor/lib/test/auto/Expression3.xml (RunModel)" time="0.013" />
  <testcase classname="ptolemy.util.test.junit.AutoTests" name="[162] /home/travis/build/icyphy/ptII/ptolemy/actor/lib/test/auto/Expression4.xml (RunModel)" time="0.017" />
  <testcase classname="ptolemy.util.test.junit.AutoTests" name="[163] /home/travis/build/icyphy/ptII/ptolemy/actor/lib/test/auto/Expression5.xml (RunModel)" time="0.017" />
  <testcase classname="ptolemy.util.test.junit.AutoTests" name="[164] /home/travis/build/icyphy/ptII/ptolemy/actor/lib/test/auto/Expression6.xml (RunModel)" time="0.009" />
  <testcase classname="ptolemy.util.test.junit.AutoTests" name="[165] /home/travis/build/icyphy/ptII/ptolemy/actor/lib/test/auto/Expression7.xml (RunModel)" time="0.011" />
  <testcase classname="ptolemy.util.test.junit.AutoTests" name="[166] /home/travis/build/icyphy/ptII/ptolemy/actor/lib/test/auto/Expression8.xml (RunModel)" time="0.013" />
  <testcase classname="ptolemy.util.test.junit.AutoTests" name="[167] /home/travis/build/icyphy/ptII/ptolemy/actor/lib/test/auto/Expression9.xml (RunModel)" time="0.007" />
  <testcase classname="ptolemy.util.test.junit.AutoTests" name="[168] /home/travis/build/icyphy/ptII/ptolemy/actor/lib/test/auto/ExpressionConcatenateArrayType.xml (RunModel)" time="0.025" />
  <testcase classname="ptolemy.util.test.junit.AutoTests" name="[169] /home/travis/build/icyphy/ptII/ptolemy/actor/lib/test/auto/ExpressionConcatenateArrayType2.xml (RunModel)" time="0.019" />
  <testcase classname="ptolemy.util.test.junit.AutoTests" name="[170] /home/travis/build/icyphy/ptII/ptolemy/actor/lib/test/auto/ExpressionFix.xml (RunModel)" time="0.04" />
  <testcase classname="ptolemy.util.test.junit.AutoTests" name="[171] /home/travis/build/icyphy/ptII/ptolemy/actor/lib/test/auto/ExpressionFix2.xml (RunModel)" time="0.012" />
  <testcase classname="ptolemy.util.test.junit.AutoTests" name="[172] /home/travis/build/icyphy/ptII/ptolemy/actor/lib/test/auto/ExpressionFix3.xml (RunModel)" time="0.01" />
  <testcase classname="ptolemy.util.test.junit.AutoTests" name="[173] /home/travis/build/icyphy/ptII/ptolemy/actor/lib/test/auto/FileWriter1.xml (RunModel)" time="0.009" />
  <testcase classname="ptolemy.util.test.junit.AutoTests" name="[174] /home/travis/build/icyphy/ptII/ptolemy/actor/lib/test/auto/FileWriter2.xml (RunModel)" time="0.011" />
  <testcase classname="ptolemy.util.test.junit.AutoTests" name="[175] /home/travis/build/icyphy/ptII/ptolemy/actor/lib/test/auto/FileWriter3.xml (RunModel)" time="0.012" />
  <testcase classname="ptolemy.util.test.junit.AutoTests" name="[176] /home/travis/build/icyphy/ptII/ptolemy/actor/lib/test/auto/Gaussian.xml (RunModel)" time="0.012" />
  <testcase classname="ptolemy.util.test.junit.AutoTests" name="[177] /home/travis/build/icyphy/ptII/ptolemy/actor/lib/test/auto/Gaussian1.xml (RunModel)" time="0.012" />
  <testcase classname="ptolemy.util.test.junit.AutoTests" name="[178] /home/travis/build/icyphy/ptII/ptolemy/actor/lib/test/auto/Gaussian2.xml (RunModel)" time="0.022" />
  <testcase classname="ptolemy.util.test.junit.AutoTests" name="[179] /home/travis/build/icyphy/ptII/ptolemy/actor/lib/test/auto/GradientAdaptiveLattice.xml (RunModel)" time="0.014" />
  <testcase classname="ptolemy.util.test.junit.AutoTests" name="[180] /home/travis/build/icyphy/ptII/ptolemy/actor/lib/test/auto/IIR.xml (RunModel)" time="0.01" />
  <testcase classname="ptolemy.util.test.junit.AutoTests" name="[181] /home/travis/build/icyphy/ptII/ptolemy/actor/lib/test/auto/InputOutputTransparentPorts.xml (RunModel)" time="0.016" />
  <testcase classname="ptolemy.util.test.junit.AutoTests" name="[182] /home/travis/build/icyphy/ptII/ptolemy/actor/lib/test/auto/Interpolator.xml (RunModel)" time="0.01" />
  <testcase classname="ptolemy.util.test.junit.AutoTests" name="[183] /home/travis/build/icyphy/ptII/ptolemy/actor/lib/test/auto/InterpolatorFiringLimitDE.xml (RunModel)" time="0.012" />
  <testcase classname="ptolemy.util.test.junit.AutoTests" name="[184] /home/travis/build/icyphy/ptII/ptolemy/actor/lib/test/auto/Lattice.xml (RunModel)" time="0.008" />
  <testcase classname="ptolemy.util.test.junit.AutoTests" name="[185] /home/travis/build/icyphy/ptII/ptolemy/actor/lib/test/auto/LazyAOCTestLazy.xml (RunModel)" time="0.04" />
  <testcase classname="ptolemy.util.test.junit.AutoTests" name="[186] /home/travis/build/icyphy/ptII/ptolemy/actor/lib/test/auto/LazyAOCTestNonLazy.xml (RunModel)" time="0.041" />
  <testcase classname="ptolemy.util.test.junit.AutoTests" name="[187] /home/travis/build/icyphy/ptII/ptolemy/actor/lib/test/auto/LazyInnerClass.xml (RunModel)" time="0.055" />
  <testcase classname="ptolemy.util.test.junit.AutoTests" name="[188] /home/travis/build/icyphy/ptII/ptolemy/actor/lib/test/auto/LazyPubSub.xml (RunModel)" time="0.034" />
  <testcase classname="ptolemy.util.test.junit.AutoTests" name="[189] /home/travis/build/icyphy/ptII/ptolemy/actor/lib/test/auto/LazyPubSub2.xml (RunModel)" time="0.029" />
  <testcase classname="ptolemy.util.test.junit.AutoTests" name="[190] /home/travis/build/icyphy/ptII/ptolemy/actor/lib/test/auto/LazyPubSub3.xml (RunModel)" time="0.021" />
  <testcase classname="ptolemy.util.test.junit.AutoTests" name="[191] /home/travis/build/icyphy/ptII/ptolemy/actor/lib/test/auto/LazySubClassModel.xml (RunModel)" time="0.021" />
  <testcase classname="ptolemy.util.test.junit.AutoTests" name="[192] /home/travis/build/icyphy/ptII/ptolemy/actor/lib/test/auto/LevelCrossTest1.xml (RunModel)" time="0.009" />
  <testcase classname="ptolemy.util.test.junit.AutoTests" name="[193] /home/travis/build/icyphy/ptII/ptolemy/actor/lib/test/auto/LevelCrossTest10.xml (RunModel)" time="0.012" />
  <testcase classname="ptolemy.util.test.junit.AutoTests" name="[194] /home/travis/build/icyphy/ptII/ptolemy/actor/lib/test/auto/LevelCrossTest11.xml (RunModel)" time="0.011" />
  <testcase classname="ptolemy.util.test.junit.AutoTests" name="[195] /home/travis/build/icyphy/ptII/ptolemy/actor/lib/test/auto/LevelCrossTest12.xml (RunModel)" time="0.027" />
  <testcase classname="ptolemy.util.test.junit.AutoTests" name="[196] /home/travis/build/icyphy/ptII/ptolemy/actor/lib/test/auto/LevelCrossTest13.xml (RunModel)" time="0.012" />
  <testcase classname="ptolemy.util.test.junit.AutoTests" name="[197] /home/travis/build/icyphy/ptII/ptolemy/actor/lib/test/auto/LevelCrossTest2.xml (RunModel)" time="0.008" />
  <testcase classname="ptolemy.util.test.junit.AutoTests" name="[198] /home/travis/build/icyphy/ptII/ptolemy/actor/lib/test/auto/LevelCrossTest3.xml (RunModel)" time="0.01" />
  <testcase classname="ptolemy.util.test.junit.AutoTests" name="[199] /home/travis/build/icyphy/ptII/ptolemy/actor/lib/test/auto/LevelCrossTest4.xml (RunModel)" time="0.008" />
  <testcase classname="ptolemy.util.test.junit.AutoTests" name="[200] /home/travis/build/icyphy/ptII/ptolemy/actor/lib/test/auto/LevelCrossTest5.xml (RunModel)" time="0.011" />
  <testcase classname="ptolemy.util.test.junit.AutoTests" name="[201] /home/travis/build/icyphy/ptII/ptolemy/actor/lib/test/auto/LevelCrossTest6.xml (RunModel)" time="0.012" />
  <testcase classname="ptolemy.util.test.junit.AutoTests" name="[202] /home/travis/build/icyphy/ptII/ptolemy/actor/lib/test/auto/LevelCrossTest7.xml (RunModel)" time="0.012" />
  <testcase classname="ptolemy.util.test.junit.AutoTests" name="[203] /home/travis/build/icyphy/ptII/ptolemy/actor/lib/test/auto/LevelCrossTest8.xml (RunModel)" time="0.023" />
  <testcase classname="ptolemy.util.test.junit.AutoTests" name="[204] /home/travis/build/icyphy/ptII/ptolemy/actor/lib/test/auto/LevelCrossTest9.xml (RunModel)" time="0.012" />
  <testcase classname="ptolemy.util.test.junit.AutoTests" name="[205] /home/travis/build/icyphy/ptII/ptolemy/actor/lib/test/auto/LevinsonDurbin.xml (RunModel)" time="0.017" />
  <testcase classname="ptolemy.util.test.junit.AutoTests" name="[206] /home/travis/build/icyphy/ptII/ptolemy/actor/lib/test/auto/LevinsonDurbin2.xml (RunModel)" time="0.013" />
  <testcase classname="ptolemy.util.test.junit.AutoTests" name="[207] /home/travis/build/icyphy/ptII/ptolemy/actor/lib/test/auto/LevinsonDurbin3.xml (RunModel)" time="0.008" />
  <testcase classname="ptolemy.util.test.junit.AutoTests" name="[208] /home/travis/build/icyphy/ptII/ptolemy/actor/lib/test/auto/Limiter.xml (RunModel)" time="0.034" />
  <testcase classname="ptolemy.util.test.junit.AutoTests" name="[209] /home/travis/build/icyphy/ptII/ptolemy/actor/lib/test/auto/LinearDifferenceEquationSystem.xml (RunModel)" time="0.019" />
  <testcase classname="ptolemy.util.test.junit.AutoTests" name="[210] /home/travis/build/icyphy/ptII/ptolemy/actor/lib/test/auto/LookupTable.xml (RunModel)" time="0.013" />
  <testcase classname="ptolemy.util.test.junit.AutoTests" name="[211] /home/travis/build/icyphy/ptII/ptolemy/actor/lib/test/auto/MathFunction.xml (RunModel)" time="0.016" />
  <testcase classname="ptolemy.util.test.junit.AutoTests" name="[212] /home/travis/build/icyphy/ptII/ptolemy/actor/lib/test/auto/MathFunction2.xml (RunModel)" time="0.01" />
  <testcase classname="ptolemy.util.test.junit.AutoTests" name="[213] /home/travis/build/icyphy/ptII/ptolemy/actor/lib/test/auto/MathFunction3.xml (RunModel)" time="0.015" />
  <testcase classname="ptolemy.util.test.junit.AutoTests" name="[214] /home/travis/build/icyphy/ptII/ptolemy/actor/lib/test/auto/MatrixCropBoolean.xml (RunModel)" time="0.013" />
  <testcase classname="ptolemy.util.test.junit.AutoTests" name="[215] /home/travis/build/icyphy/ptII/ptolemy/actor/lib/test/auto/MatrixCropComplex.xml (RunModel)" time="0.008" />
  <testcase classname="ptolemy.util.test.junit.AutoTests" name="[216] /home/travis/build/icyphy/ptII/ptolemy/actor/lib/test/auto/MatrixCropDouble.xml (RunModel)" time="0.008" />
  <testcase classname="ptolemy.util.test.junit.AutoTests" name="[217] /home/travis/build/icyphy/ptII/ptolemy/actor/lib/test/auto/MatrixCropFix.xml (RunModel)" time="0.011" />
  <testcase classname="ptolemy.util.test.junit.AutoTests" name="[218] /home/travis/build/icyphy/ptII/ptolemy/actor/lib/test/auto/MatrixCropInt.xml (RunModel)" time="0.008" />
  <testcase classname="ptolemy.util.test.junit.AutoTests" name="[219] /home/travis/build/icyphy/ptII/ptolemy/actor/lib/test/auto/MatrixCropLong.xml (RunModel)" time="0.011" />
  <testcase classname="ptolemy.util.test.junit.AutoTests" name="[220] /home/travis/build/icyphy/ptII/ptolemy/actor/lib/test/auto/MatrixToArray.xml (RunModel)" time="0.046" />
  <testcase classname="ptolemy.util.test.junit.AutoTests" name="[221] /home/travis/build/icyphy/ptII/ptolemy/actor/lib/test/auto/MaxIndex.xml (RunModel)" time="0.022" />
  <testcase classname="ptolemy.util.test.junit.AutoTests" name="[222] /home/travis/build/icyphy/ptII/ptolemy/actor/lib/test/auto/Maximum.xml (RunModel)" time="0.016" />
  <testcase classname="ptolemy.util.test.junit.AutoTests" name="[223] /home/travis/build/icyphy/ptII/ptolemy/actor/lib/test/auto/MaximumComplex.xml (RunModel)" time="0.013" />
  <testcase classname="ptolemy.util.test.junit.AutoTests" name="[224] /home/travis/build/icyphy/ptII/ptolemy/actor/lib/test/auto/MethodCallTest.xml (RunModel)" time="0.024" />
  <testcase classname="ptolemy.util.test.junit.AutoTests" name="[225] /home/travis/build/icyphy/ptII/ptolemy/actor/lib/test/auto/Minimum.xml (RunModel)" time="0.013" />
  <testcase classname="ptolemy.util.test.junit.AutoTests" name="[226] /home/travis/build/icyphy/ptII/ptolemy/actor/lib/test/auto/MinimumComplex.xml (RunModel)" time="0.023" />
  <testcase classname="ptolemy.util.test.junit.AutoTests" name="[227] /home/travis/build/icyphy/ptII/ptolemy/actor/lib/test/auto/MinimumMultiports.xml (RunModel)" time="0.015" />
  <testcase classname="ptolemy.util.test.junit.AutoTests" name="[228] /home/travis/build/icyphy/ptII/ptolemy/actor/lib/test/auto/ModifyDate.xml (RunModel)" time="0.036" />
  <testcase classname="ptolemy.util.test.junit.AutoTests" name="[229] /home/travis/build/icyphy/ptII/ptolemy/actor/lib/test/auto/ModifyDate2.xml (RunModel)" time="0.026" />
  <testcase classname="ptolemy.util.test.junit.AutoTests" name="[230] /home/travis/build/icyphy/ptII/ptolemy/actor/lib/test/auto/MovingAverage.xml (RunModel)" time="0.01" />
  <testcase classname="ptolemy.util.test.junit.AutoTests" name="[231] /home/travis/build/icyphy/ptII/ptolemy/actor/lib/test/auto/MovingMaximum.xml (RunModel)" time="0.009" />
  <testcase classname="ptolemy.util.test.junit.AutoTests" name="[232] /home/travis/build/icyphy/ptII/ptolemy/actor/lib/test/auto/MultipleLinksToSameRelation.xml (RunModel)" time="0.005" />
  <testcase classname="ptolemy.util.test.junit.AutoTests" name="[233] /home/travis/build/icyphy/ptII/ptolemy/actor/lib/test/auto/MultipleLinksToSameRelationDE.xml (RunModel)" time="0.007" />
  <testcase classname="ptolemy.util.test.junit.AutoTests" name="[234] /home/travis/build/icyphy/ptII/ptolemy/actor/lib/test/auto/Multiplexor.xml (RunModel)" time="0.01" />
  <testcase classname="ptolemy.util.test.junit.AutoTests" name="[235] /home/travis/build/icyphy/ptII/ptolemy/actor/lib/test/auto/Multiplexor1.xml (RunModel)" time="0.01" />
  <testcase classname="ptolemy.util.test.junit.AutoTests" name="[236] /home/travis/build/icyphy/ptII/ptolemy/actor/lib/test/auto/Multiplexor2.xml (RunModel)" time="0.012" />
  <testcase classname="ptolemy.util.test.junit.AutoTests" name="[237] /home/travis/build/icyphy/ptII/ptolemy/actor/lib/test/auto/Multiplexor3.xml (RunModel)" time="0.007" />
  <testcase classname="ptolemy.util.test.junit.AutoTests" name="[238] /home/travis/build/icyphy/ptII/ptolemy/actor/lib/test/auto/MultiplexorDE.xml (RunModel)" time="0.014" />
  <testcase classname="ptolemy.util.test.junit.AutoTests" name="[239] /home/travis/build/icyphy/ptII/ptolemy/actor/lib/test/auto/MultiportBroadcastTest.xml (RunModel)" time="0.057" />
  <testcase classname="ptolemy.util.test.junit.AutoTests" name="[240] /home/travis/build/icyphy/ptII/ptolemy/actor/lib/test/auto/MultiportOutHangDuringGetWidth.xml (RunModel)" time="0.039" />
  <testcase classname="ptolemy.util.test.junit.AutoTests" name="[241] /home/travis/build/icyphy/ptII/ptolemy/actor/lib/test/auto/NilToken.xml (RunModel)" time="0.011" />
  <testcase classname="ptolemy.util.test.junit.AutoTests" name="[242] /home/travis/build/icyphy/ptII/ptolemy/actor/lib/test/auto/NilTokenNonStrictTest.xml (RunModel)" time="0.029" />
  <testcase classname="ptolemy.util.test.junit.AutoTests" name="[243] /home/travis/build/icyphy/ptII/ptolemy/actor/lib/test/auto/NilTokenRecord.xml (RunModel)" time="0.018" />
  <testcase classname="ptolemy.util.test.junit.AutoTests" name="[244] /home/travis/build/icyphy/ptII/ptolemy/actor/lib/test/auto/NilTokenTypeTest.xml (RunModel)" time="0.022" />
  <testcase classname="ptolemy.util.test.junit.AutoTests" name="[245] /home/travis/build/icyphy/ptII/ptolemy/actor/lib/test/auto/ObjectToken1.xml (RunModel)" time="0.008" />
  <testcase classname="ptolemy.util.test.junit.AutoTests" name="[246] /home/travis/build/icyphy/ptII/ptolemy/actor/lib/test/auto/OrderedMerge.xml (RunModel)" time="0.014" />
  <testcase classname="ptolemy.util.test.junit.AutoTests" name="[247] /home/travis/build/icyphy/ptII/ptolemy/actor/lib/test/auto/OrderedRecordDisassembler.xml (RunModel)" time="0.013" />
  <testcase classname="ptolemy.util.test.junit.AutoTests" name="[248] /home/travis/build/icyphy/ptII/ptolemy/actor/lib/test/auto/OrderedRecordDisassembler2.xml (RunModel)" time="0.015" />
  <testcase classname="ptolemy.util.test.junit.AutoTests" name="[249] /home/travis/build/icyphy/ptII/ptolemy/actor/lib/test/auto/OrderedRecordUpdater.xml (RunModel)" time="0.008" />
  <testcase classname="ptolemy.util.test.junit.AutoTests" name="[250] /home/travis/build/icyphy/ptII/ptolemy/actor/lib/test/auto/OrderedRecordUpdater2.xml (RunModel)" time="0.009" />
  <testcase classname="ptolemy.util.test.junit.AutoTests" name="[251] /home/travis/build/icyphy/ptII/ptolemy/actor/lib/test/auto/PhaseUnwrap.xml (RunModel)" time="0.01" />
  <testcase classname="ptolemy.util.test.junit.AutoTests" name="[252] /home/travis/build/icyphy/ptII/ptolemy/actor/lib/test/auto/PoissonClock.xml (RunModel)" time="0.009" />
  <testcase classname="ptolemy.util.test.junit.AutoTests" name="[253] /home/travis/build/icyphy/ptII/ptolemy/actor/lib/test/auto/PoissonClock2.xml (RunModel)" time="0.006" />
  <testcase classname="ptolemy.util.test.junit.AutoTests" name="[254] /home/travis/build/icyphy/ptII/ptolemy/actor/lib/test/auto/PoissonClock3.xml (RunModel)" time="0.024" />
  <testcase classname="ptolemy.util.test.junit.AutoTests" name="[255] /home/travis/build/icyphy/ptII/ptolemy/actor/lib/test/auto/PubSubWithInitialTokens.xml (RunModel)" time="0.014" />
  <testcase classname="ptolemy.util.test.junit.AutoTests" name="[256] /home/travis/build/icyphy/ptII/ptolemy/actor/lib/test/auto/PubSubWithInitialTokens2.xml (RunModel)" time="0.011" />
  <testcase classname="ptolemy.util.test.junit.AutoTests" name="[257] /home/travis/build/icyphy/ptII/ptolemy/actor/lib/test/auto/PublisherClassNoParameter.xml (RunModel)" time="0.021" />
  <testcase classname="ptolemy.util.test.junit.AutoTests" name="[258] /home/travis/build/icyphy/ptII/ptolemy/actor/lib/test/auto/PublisherClassParameter.xml (RunModel)" time="0.02" />
  <testcase classname="ptolemy.util.test.junit.AutoTests" name="[259] /home/travis/build/icyphy/ptII/ptolemy/actor/lib/test/auto/PublisherNonStrictTest.xml (RunModel)" time="0.013" />
  <testcase classname="ptolemy.util.test.junit.AutoTests" name="[260] /home/travis/build/icyphy/ptII/ptolemy/actor/lib/test/auto/PublisherPort1.xml (RunModel)" time="0.009" />
  <testcase classname="ptolemy.util.test.junit.AutoTests" name="[261] /home/travis/build/icyphy/ptII/ptolemy/actor/lib/test/auto/PublisherPort2.xml (RunModel)" time="0.009" />
  <testcase classname="ptolemy.util.test.junit.AutoTests" name="[262] /home/travis/build/icyphy/ptII/ptolemy/actor/lib/test/auto/PublisherPort3.xml (RunModel)" time="0.021" />
  <testcase classname="ptolemy.util.test.junit.AutoTests" name="[263] /home/travis/build/icyphy/ptII/ptolemy/actor/lib/test/auto/PublisherPort4.xml (RunModel)" time="0.019" />
  <testcase classname="ptolemy.util.test.junit.AutoTests" name="[264] /home/travis/build/icyphy/ptII/ptolemy/actor/lib/test/auto/PublisherPort5.xml (RunModel)" time="0.013" />
  <testcase classname="ptolemy.util.test.junit.AutoTests" name="[265] /home/travis/build/icyphy/ptII/ptolemy/actor/lib/test/auto/PublisherPort5LookAlike.xml (RunModel)" time="0.017" />
  <testcase classname="ptolemy.util.test.junit.AutoTests" name="[266] /home/travis/build/icyphy/ptII/ptolemy/actor/lib/test/auto/PublisherPort6.xml (RunModel)" time="0.011" />
  <testcase classname="ptolemy.util.test.junit.AutoTests" name="[267] /home/travis/build/icyphy/ptII/ptolemy/actor/lib/test/auto/PublisherPort7.xml (RunModel)" time="0.014" />
  <testcase classname="ptolemy.util.test.junit.AutoTests" name="[268] /home/travis/build/icyphy/ptII/ptolemy/actor/lib/test/auto/PublisherPort8.xml (RunModel)" time="0.015" />
  <testcase classname="ptolemy.util.test.junit.AutoTests" name="[269] /home/travis/build/icyphy/ptII/ptolemy/actor/lib/test/auto/PublisherPortSubscriberChannelVariablesAOC2.xml (RunModel)" time="0.029" />
  <testcase classname="ptolemy.util.test.junit.AutoTests" name="[270] /home/travis/build/icyphy/ptII/ptolemy/actor/lib/test/auto/PublisherPortSubscriberOpaqueWidthInference.xml (RunModel)" time="0.015" />
  <testcase classname="ptolemy.util.test.junit.AutoTests" name="[271] /home/travis/build/icyphy/ptII/ptolemy/actor/lib/test/auto/PublisherPortSubscriberPortAdjacent.xml (RunModel)" time="0.016" />
  <testcase classname="ptolemy.util.test.junit.AutoTests" name="[272] /home/travis/build/icyphy/ptII/ptolemy/actor/lib/test/auto/PublisherPortSubscriberPortExpression.xml (RunModel)" time="0.021" />
  <testcase classname="ptolemy.util.test.junit.AutoTests" name="[273] /home/travis/build/icyphy/ptII/ptolemy/actor/lib/test/auto/PublisherPortSubscriberPortOpaqueD3Reverse.xml (RunModel)" time="0.017" />
  <testcase classname="ptolemy.util.test.junit.AutoTests" name="[274] /home/travis/build/icyphy/ptII/ptolemy/actor/lib/test/auto/PublisherPortSubscriberPortOpaqueWidthInference.xml (RunModel)" time="0.017" />
  <testcase classname="ptolemy.util.test.junit.AutoTests" name="[275] /home/travis/build/icyphy/ptII/ptolemy/actor/lib/test/auto/PublisherPortToplevelSubscriberPortAOC.xml (RunModel)" time="0.009" />
  <testcase classname="ptolemy.util.test.junit.AutoTests" name="[276] /home/travis/build/icyphy/ptII/ptolemy/actor/lib/test/auto/PublisherSubscriber.xml (RunModel)" time="0.011" />
  <testcase classname="ptolemy.util.test.junit.AutoTests" name="[277] /home/travis/build/icyphy/ptII/ptolemy/actor/lib/test/auto/PublisherSubscriber10.xml (RunModel)" time="0.019" />
  <testcase classname="ptolemy.util.test.junit.AutoTests" name="[278] /home/travis/build/icyphy/ptII/ptolemy/actor/lib/test/auto/PublisherSubscriber10InitialOutputs.xml (RunModel)" time="0.025" />
  <testcase classname="ptolemy.util.test.junit.AutoTests" name="[279] /home/travis/build/icyphy/ptII/ptolemy/actor/lib/test/auto/PublisherSubscriber11.xml (RunModel)" time="0.015" />
  <testcase classname="ptolemy.util.test.junit.AutoTests" name="[280] /home/travis/build/icyphy/ptII/ptolemy/actor/lib/test/auto/PublisherSubscriber12.xml (RunModel)" time="0.019" />
  <testcase classname="ptolemy.util.test.junit.AutoTests" name="[281] /home/travis/build/icyphy/ptII/ptolemy/actor/lib/test/auto/PublisherSubscriber13.xml (RunModel)" time="0.008" />
  <testcase classname="ptolemy.util.test.junit.AutoTests" name="[282] /home/travis/build/icyphy/ptII/ptolemy/actor/lib/test/auto/PublisherSubscriber14.xml (RunModel)" time="0.019" />
  <testcase classname="ptolemy.util.test.junit.AutoTests" name="[283] /home/travis/build/icyphy/ptII/ptolemy/actor/lib/test/auto/PublisherSubscriber2.xml (RunModel)" time="0.009" />
  <testcase classname="ptolemy.util.test.junit.AutoTests" name="[284] /home/travis/build/icyphy/ptII/ptolemy/actor/lib/test/auto/PublisherSubscriber3.xml (RunModel)" time="0.014" />
  <testcase classname="ptolemy.util.test.junit.AutoTests" name="[285] /home/travis/build/icyphy/ptII/ptolemy/actor/lib/test/auto/PublisherSubscriber4.xml (RunModel)" time="0.007" />
  <testcase classname="ptolemy.util.test.junit.AutoTests" name="[286] /home/travis/build/icyphy/ptII/ptolemy/actor/lib/test/auto/PublisherSubscriber5.xml (RunModel)" time="0.009" />
  <testcase classname="ptolemy.util.test.junit.AutoTests" name="[287] /home/travis/build/icyphy/ptII/ptolemy/actor/lib/test/auto/PublisherSubscriber6.xml (RunModel)" time="0.014" />
  <testcase classname="ptolemy.util.test.junit.AutoTests" name="[288] /home/travis/build/icyphy/ptII/ptolemy/actor/lib/test/auto/PublisherSubscriber7.xml (RunModel)" time="0.019" />
  <testcase classname="ptolemy.util.test.junit.AutoTests" name="[289] /home/travis/build/icyphy/ptII/ptolemy/actor/lib/test/auto/PublisherSubscriber8.xml (RunModel)" time="0.03" />
  <testcase classname="ptolemy.util.test.junit.AutoTests" name="[290] /home/travis/build/icyphy/ptII/ptolemy/actor/lib/test/auto/PublisherSubscriber9.xml (RunModel)" time="0.016" />
  <testcase classname="ptolemy.util.test.junit.AutoTests" name="[291] /home/travis/build/icyphy/ptII/ptolemy/actor/lib/test/auto/PublisherSubscriberAdjacent.xml (RunModel)" time="0.014" />
  <testcase classname="ptolemy.util.test.junit.AutoTests" name="[292] /home/travis/build/icyphy/ptII/ptolemy/actor/lib/test/auto/PublisherSubscriberChannelVariablesAOC2.xml (RunModel)" time="0.024" />
  <testcase classname="ptolemy.util.test.junit.AutoTests" name="[293] /home/travis/build/icyphy/ptII/ptolemy/actor/lib/test/auto/PublisherSubscriberD3.xml (RunModel)" time="0.011" />
  <testcase classname="ptolemy.util.test.junit.AutoTests" name="[294] /home/travis/build/icyphy/ptII/ptolemy/actor/lib/test/auto/PublisherSubscriberD3Reverse.xml (RunModel)" time="0.014" />
  <testcase classname="ptolemy.util.test.junit.AutoTests" name="[295] /home/travis/build/icyphy/ptII/ptolemy/actor/lib/test/auto/PublisherSubscriberExpression.xml (RunModel)" time="0.014" />
  <testcase classname="ptolemy.util.test.junit.AutoTests" name="[296] /home/travis/build/icyphy/ptII/ptolemy/actor/lib/test/auto/PublisherSubscriberOpaque.xml (RunModel)" time="0.03" />
  <testcase classname="ptolemy.util.test.junit.AutoTests" name="[297] /home/travis/build/icyphy/ptII/ptolemy/actor/lib/test/auto/PublisherSubscriberOpaqueD3.xml (RunModel)" time="0.021" />
  <testcase classname="ptolemy.util.test.junit.AutoTests" name="[298] /home/travis/build/icyphy/ptII/ptolemy/actor/lib/test/auto/PublisherSubscriberOpaqueD3Reverse.xml (RunModel)" time="0.022" />
  <testcase classname="ptolemy.util.test.junit.AutoTests" name="[299] /home/travis/build/icyphy/ptII/ptolemy/actor/lib/test/auto/PublisherSubscriberOpaqueWidthInference.xml (RunModel)" time="0.018" />
  <testcase classname="ptolemy.util.test.junit.AutoTests" name="[300] /home/travis/build/icyphy/ptII/ptolemy/actor/lib/test/auto/PublisherTestSubscriber.xml (RunModel)" time="0.013" />
  <testcase classname="ptolemy.util.test.junit.AutoTests" name="[301] /home/travis/build/icyphy/ptII/ptolemy/actor/lib/test/auto/PublisherToplevelSubscriberPortAOC.xml (RunModel)" time="0.009" />
  <testcase classname="ptolemy.util.test.junit.AutoTests" name="[302] /home/travis/build/icyphy/ptII/ptolemy/actor/lib/test/auto/PulseFiringLimitDE.xml (RunModel)" time="0.014" />
  <testcase classname="ptolemy.util.test.junit.AutoTests" name="[303] /home/travis/build/icyphy/ptII/ptolemy/actor/lib/test/auto/Ramp1.xml (RunModel)" time="0.006" />
  <testcase classname="ptolemy.util.test.junit.AutoTests" name="[304] /home/travis/build/icyphy/ptII/ptolemy/actor/lib/test/auto/RampFiringLimitDE.xml (RunModel)" time="0.01" />
  <testcase classname="ptolemy.util.test.junit.AutoTests" name="[305] /home/travis/build/icyphy/ptII/ptolemy/actor/lib/test/auto/RampFiringLimitSDF.xml (RunModel)" time="0.008" />
  <testcase classname="ptolemy.util.test.junit.AutoTests" name="[306] /home/travis/build/icyphy/ptII/ptolemy/actor/lib/test/auto/RandomInteger.xml (RunModel)" time="0.008" />
  <testcase classname="ptolemy.util.test.junit.AutoTests" name="[307] /home/travis/build/icyphy/ptII/ptolemy/actor/lib/test/auto/ReadFile1.xml (RunModel)" time="0.007" />
  <testcase classname="ptolemy.util.test.junit.AutoTests" name="[308] /home/travis/build/icyphy/ptII/ptolemy/actor/lib/test/auto/ReadFile2.xml (RunModel)" time="0.009" />
  <testcase classname="ptolemy.util.test.junit.AutoTests" name="[309] /home/travis/build/icyphy/ptII/ptolemy/actor/lib/test/auto/Reader.xml (RunModel)" time="0.013" />
  <testcase classname="ptolemy.util.test.junit.AutoTests" name="[310] /home/travis/build/icyphy/ptII/ptolemy/actor/lib/test/auto/RecordAssemblerDisplayNameTest.xml (RunModel)" time="3.018" />
  <testcase classname="ptolemy.util.test.junit.AutoTests" name="[311] /home/travis/build/icyphy/ptII/ptolemy/actor/lib/test/auto/RecordAssemblerTypeError.xml (RunModel)" time="0.043" />
  <testcase classname="ptolemy.util.test.junit.AutoTests" name="[312] /home/travis/build/icyphy/ptII/ptolemy/actor/lib/test/auto/RecordDisassember.xml (RunModel)" time="0.021" />
  <testcase classname="ptolemy.util.test.junit.AutoTests" name="[313] /home/travis/build/icyphy/ptII/ptolemy/actor/lib/test/auto/RecordDisassemberDisplayNameTest.xml (RunModel)" time="0.034" />
  <testcase classname="ptolemy.util.test.junit.AutoTests" name="[314] /home/travis/build/icyphy/ptII/ptolemy/actor/lib/test/auto/RecordDisassembler.xml (RunModel)" time="0.009" />
  <testcase classname="ptolemy.util.test.junit.AutoTests" name="[315] /home/travis/build/icyphy/ptII/ptolemy/actor/lib/test/auto/RecordDisassembler2.xml (RunModel)" time="0.01" />
  <testcase classname="ptolemy.util.test.junit.AutoTests" name="[316] /home/travis/build/icyphy/ptII/ptolemy/actor/lib/test/auto/RecordUpdater.xml (RunModel)" time="0.007" />
  <testcase classname="ptolemy.util.test.junit.AutoTests" name="[317] /home/travis/build/icyphy/ptII/ptolemy/actor/lib/test/auto/RecordUpdater2.xml (RunModel)" time="0.008" />
  <testcase classname="ptolemy.util.test.junit.AutoTests" name="[318] /home/travis/build/icyphy/ptII/ptolemy/actor/lib/test/auto/RecursiveLattice.xml (RunModel)" time="0.007" />
  <testcase classname="ptolemy.util.test.junit.AutoTests" name="[319] /home/travis/build/icyphy/ptII/ptolemy/actor/lib/test/auto/Router.xml (RunModel)" time="3.023" />
  <testcase classname="ptolemy.util.test.junit.AutoTests" name="[320] /home/travis/build/icyphy/ptII/ptolemy/actor/lib/test/auto/Router2.xml (RunModel)" time="3.037" />
  <testcase classname="ptolemy.util.test.junit.AutoTests" name="[321] /home/travis/build/icyphy/ptII/ptolemy/actor/lib/test/auto/RunningMaximum.xml (RunModel)" time="0.017" />
  <testcase classname="ptolemy.util.test.junit.AutoTests" name="[322] /home/travis/build/icyphy/ptII/ptolemy/actor/lib/test/auto/RunningMinimum.xml (RunModel)" time="0.016" />
  <testcase classname="ptolemy.util.test.junit.AutoTests" name="[323] /home/travis/build/icyphy/ptII/ptolemy/actor/lib/test/auto/Scale.xml (RunModel)" time="0.007" />
  <testcase classname="ptolemy.util.test.junit.AutoTests" name="[324] /home/travis/build/icyphy/ptII/ptolemy/actor/lib/test/auto/Scale2.xml (RunModel)" time="0.008" />
  <testcase classname="ptolemy.util.test.junit.AutoTests" name="[325] /home/travis/build/icyphy/ptII/ptolemy/actor/lib/test/auto/Scale3.xml (RunModel)" time="0.012" />
  <testcase classname="ptolemy.util.test.junit.AutoTests" name="[326] /home/travis/build/icyphy/ptII/ptolemy/actor/lib/test/auto/ScaleArray.xml (RunModel)" time="0.006" />
  <testcase classname="ptolemy.util.test.junit.AutoTests" name="[327] /home/travis/build/icyphy/ptII/ptolemy/actor/lib/test/auto/ScaleArray2.xml (RunModel)" time="0.006" />
  <testcase classname="ptolemy.util.test.junit.AutoTests" name="[328] /home/travis/build/icyphy/ptII/ptolemy/actor/lib/test/auto/ScaleMatrix.xml (RunModel)" time="0.1" />
  <testcase classname="ptolemy.util.test.junit.AutoTests" name="[329] /home/travis/build/icyphy/ptII/ptolemy/actor/lib/test/auto/Select.xml (RunModel)" time="0.023" />
  <testcase classname="ptolemy.util.test.junit.AutoTests" name="[330] /home/travis/build/icyphy/ptII/ptolemy/actor/lib/test/auto/Select2.xml (RunModel)" time="0.011" />
  <testcase classname="ptolemy.util.test.junit.AutoTests" name="[331] /home/travis/build/icyphy/ptII/ptolemy/actor/lib/test/auto/SequenceToArray2.xml (RunModel)" time="0.112" />
  <testcase classname="ptolemy.util.test.junit.AutoTests" name="[332] /home/travis/build/icyphy/ptII/ptolemy/actor/lib/test/auto/SequentialClock.xml (RunModel)" time="0.011" />
  <testcase classname="ptolemy.util.test.junit.AutoTests" name="[333] /home/travis/build/icyphy/ptII/ptolemy/actor/lib/test/auto/SetVariable.xml (RunModel)" time="0.012" />
  <testcase classname="ptolemy.util.test.junit.AutoTests" name="[334] /home/travis/build/icyphy/ptII/ptolemy/actor/lib/test/auto/SetVariable2.xml (RunModel)" time="0.01" />
  <testcase classname="ptolemy.util.test.junit.AutoTests" name="[335] /home/travis/build/icyphy/ptII/ptolemy/actor/lib/test/auto/SetVariable3.xml (RunModel)" time="0.014" />
  <testcase classname="ptolemy.util.test.junit.AutoTests" name="[336] /home/travis/build/icyphy/ptII/ptolemy/actor/lib/test/auto/SetVariable4.xml (RunModel)" time="0.029" />
  <testcase classname="ptolemy.util.test.junit.AutoTests" name="[337] /home/travis/build/icyphy/ptII/ptolemy/actor/lib/test/auto/SetVariable5.xml (RunModel)" time="0.035" />
  <testcase classname="ptolemy.util.test.junit.AutoTests" name="[338] /home/travis/build/icyphy/ptII/ptolemy/actor/lib/test/auto/Sinewave.xml (RunModel)" time="0.029" />
  <testcase classname="ptolemy.util.test.junit.AutoTests" name="[339] /home/travis/build/icyphy/ptII/ptolemy/actor/lib/test/auto/Sinewave2.xml (RunModel)" time="0.015" />
  <testcase classname="ptolemy.util.test.junit.AutoTests" name="[340] /home/travis/build/icyphy/ptII/ptolemy/actor/lib/test/auto/Sinewave3.xml (RunModel)" time="0.018" />
  <testcase classname="ptolemy.util.test.junit.AutoTests" name="[341] /home/travis/build/icyphy/ptII/ptolemy/actor/lib/test/auto/SingleEvent.xml (RunModel)" time="0.005" />
  <testcase classname="ptolemy.util.test.junit.AutoTests" name="[342] /home/travis/build/icyphy/ptII/ptolemy/actor/lib/test/auto/Sleep.xml (RunModel)" time="6.017" />
  <testcase classname="ptolemy.util.test.junit.AutoTests" name="[343] /home/travis/build/icyphy/ptII/ptolemy/actor/lib/test/auto/SleepMultipleFire.xml (RunModel)" time="1.017" />
  <testcase classname="ptolemy.util.test.junit.AutoTests" name="[344] /home/travis/build/icyphy/ptII/ptolemy/actor/lib/test/auto/StopDE.xml (RunModel)" time="0.013" />
  <testcase classname="ptolemy.util.test.junit.AutoTests" name="[345] /home/travis/build/icyphy/ptII/ptolemy/actor/lib/test/auto/StopSDF.xml (RunModel)" time="0.012" />
  <testcase classname="ptolemy.util.test.junit.AutoTests" name="[346] /home/travis/build/icyphy/ptII/ptolemy/actor/lib/test/auto/StringConstant.xml (RunModel)" time="0.014" />
  <testcase classname="ptolemy.util.test.junit.AutoTests" name="[347] /home/travis/build/icyphy/ptII/ptolemy/actor/lib/test/auto/SubscriberPortInitialValues1.xml (RunModel)" time="0.021" />
  <testcase classname="ptolemy.util.test.junit.AutoTests" name="[348] /home/travis/build/icyphy/ptII/ptolemy/actor/lib/test/auto/SubscriberPortInitialValues13.xml (RunModel)" time="0.03" />
  <testcase classname="ptolemy.util.test.junit.AutoTests" name="[349] /home/travis/build/icyphy/ptII/ptolemy/actor/lib/test/auto/SubscriberPortInitialValues14.xml (RunModel)" time="0.014" />
  <testcase classname="ptolemy.util.test.junit.AutoTests" name="[350] /home/travis/build/icyphy/ptII/ptolemy/actor/lib/test/auto/SubscriberPortInitialValues2.xml (RunModel)" time="0.013" />
  <testcase classname="ptolemy.util.test.junit.AutoTests" name="[351] /home/travis/build/icyphy/ptII/ptolemy/actor/lib/test/auto/SubscriberPortInitialValues3.xml (RunModel)" time="0.018" />
  <testcase classname="ptolemy.util.test.junit.AutoTests" name="[352] /home/travis/build/icyphy/ptII/ptolemy/actor/lib/test/auto/SubscriptionAggregator.xml (RunModel)" time="0.01" />
  <testcase classname="ptolemy.util.test.junit.AutoTests" name="[353] /home/travis/build/icyphy/ptII/ptolemy/actor/lib/test/auto/SubscriptionAggregator2.xml (RunModel)" time="0.009" />
  <testcase classname="ptolemy.util.test.junit.AutoTests" name="[354] /home/travis/build/icyphy/ptII/ptolemy/actor/lib/test/auto/SubscriptionAggregator3.xml (RunModel)" time="0.015" />
  <testcase classname="ptolemy.util.test.junit.AutoTests" name="[355] /home/travis/build/icyphy/ptII/ptolemy/actor/lib/test/auto/SubscriptionAggregatorMultiply.xml (RunModel)" time="0.013" />
  <testcase classname="ptolemy.util.test.junit.AutoTests" name="[356] /home/travis/build/icyphy/ptII/ptolemy/actor/lib/test/auto/SubscriptionAggregatorPortMultiply1.xml (RunModel)" time="0.011" />
  <testcase classname="ptolemy.util.test.junit.AutoTests" name="[357] /home/travis/build/icyphy/ptII/ptolemy/actor/lib/test/auto/Switch.xml (RunModel)" time="0.016" />
  <testcase classname="ptolemy.util.test.junit.AutoTests" name="[358] /home/travis/build/icyphy/ptII/ptolemy/actor/lib/test/auto/Switch2.xml (RunModel)" time="0.013" />
  <testcase classname="ptolemy.util.test.junit.AutoTests" name="[359] /home/travis/build/icyphy/ptII/ptolemy/actor/lib/test/auto/SwitchDE.xml (RunModel)" time="0.012" />
  <testcase classname="ptolemy.util.test.junit.AutoTests" name="[360] /home/travis/build/icyphy/ptII/ptolemy/actor/lib/test/auto/SynchronizerDE.xml (RunModel)" time="0.02" />
  <testcase classname="ptolemy.util.test.junit.AutoTests" name="[361] /home/travis/build/icyphy/ptII/ptolemy/actor/lib/test/auto/Test.xml (RunModel)" time="0.008" />
  <testcase classname="ptolemy.util.test.junit.AutoTests" name="[362] /home/travis/build/icyphy/ptII/ptolemy/actor/lib/test/auto/TestExceptionAttribute1.xml (RunModel)" time="0.006" />
  <testcase classname="ptolemy.util.test.junit.AutoTests" name="[363] /home/travis/build/icyphy/ptII/ptolemy/actor/lib/test/auto/TestExceptionAttribute2.xml (RunModel)" time="0.006" />
  <testcase classname="ptolemy.util.test.junit.AutoTests" name="[364] /home/travis/build/icyphy/ptII/ptolemy/actor/lib/test/auto/TestExceptionAttribute3.xml (RunModel)" time="0.009" />
  <testcase classname="ptolemy.util.test.junit.AutoTests" name="[365] /home/travis/build/icyphy/ptII/ptolemy/actor/lib/test/auto/TestExceptionAttribute4.xml (RunModel)" time="0.007" />
  <testcase classname="ptolemy.util.test.junit.AutoTests" name="[366] /home/travis/build/icyphy/ptII/ptolemy/actor/lib/test/auto/TestExceptionHandler1.xml (RunModel)" time="0.006" />
  <testcase classname="ptolemy.util.test.junit.AutoTests" name="[367] /home/travis/build/icyphy/ptII/ptolemy/actor/lib/test/auto/TestExceptionHandler2.xml (RunModel)" time="0.011" />
  <testcase classname="ptolemy.util.test.junit.AutoTests" name="[368] /home/travis/build/icyphy/ptII/ptolemy/actor/lib/test/auto/TestExceptionHandler3.xml (RunModel)" time="0.005" />
  <testcase classname="ptolemy.util.test.junit.AutoTests" name="[369] /home/travis/build/icyphy/ptII/ptolemy/actor/lib/test/auto/TestExceptionHandler4.xml (RunModel)" time="0.005" />
  <testcase classname="ptolemy.util.test.junit.AutoTests" name="[370] /home/travis/build/icyphy/ptII/ptolemy/actor/lib/test/auto/TestRequireCorrectOrder.xml (RunModel)" time="0.016" />
  <testcase classname="ptolemy.util.test.junit.AutoTests" name="[371] /home/travis/build/icyphy/ptII/ptolemy/actor/lib/test/auto/TestSimple.xml (RunModel)" time="0.009" />
  <testcase classname="ptolemy.util.test.junit.AutoTests" name="[372] /home/travis/build/icyphy/ptII/ptolemy/actor/lib/test/auto/ThrowModelError.xml (RunModel)" time="0.01" />
  <testcase classname="ptolemy.util.test.junit.AutoTests" name="[373] /home/travis/build/icyphy/ptII/ptolemy/actor/lib/test/auto/TimeDelayMicrosteps.xml (RunModel)" time="0.012" />
  <testcase classname="ptolemy.util.test.junit.AutoTests" name="[374] /home/travis/build/icyphy/ptII/ptolemy/actor/lib/test/auto/TimeDelayMicrosteps2.xml (RunModel)" time="0.024" />
  <testcase classname="ptolemy.util.test.junit.AutoTests" name="[375] /home/travis/build/icyphy/ptII/ptolemy/actor/lib/test/auto/TimeDelayMicrosteps3.xml (RunModel)" time="0.015" />
  <testcase classname="ptolemy.util.test.junit.AutoTests" name="[376] /home/travis/build/icyphy/ptII/ptolemy/actor/lib/test/auto/TimeDelayVariableMicrosteps.xml (RunModel)" time="0.01" />
  <testcase classname="ptolemy.util.test.junit.AutoTests" name="[377] /home/travis/build/icyphy/ptII/ptolemy/actor/lib/test/auto/TimeGap.xml (RunModel)" time="0.014" />
  <testcase classname="ptolemy.util.test.junit.AutoTests" name="[378] /home/travis/build/icyphy/ptII/ptolemy/actor/lib/test/auto/TimeGap2.xml (RunModel)" time="0.012" />
  <testcase classname="ptolemy.util.test.junit.AutoTests" name="[379] /home/travis/build/icyphy/ptII/ptolemy/actor/lib/test/auto/TimedSinewave.xml (RunModel)" time="0.043" />
  <testcase classname="ptolemy.util.test.junit.AutoTests" name="[380] /home/travis/build/icyphy/ptII/ptolemy/actor/lib/test/auto/TimedSinewavePhase.xml (RunModel)" time="0.034" />
  <testcase classname="ptolemy.util.test.junit.AutoTests" name="[381] /home/travis/build/icyphy/ptII/ptolemy/actor/lib/test/auto/Timer.xml (RunModel)" time="0.016" />
  <testcase classname="ptolemy.util.test.junit.AutoTests" name="[382] /home/travis/build/icyphy/ptII/ptolemy/actor/lib/test/auto/TriangularDistTestModel.xml (RunModel)" time="0.015" />
  <testcase classname="ptolemy.util.test.junit.AutoTests" name="[383] /home/travis/build/icyphy/ptII/ptolemy/actor/lib/test/auto/TrigFunction.xml (RunModel)" time="0.007" />
  <testcase classname="ptolemy.util.test.junit.AutoTests" name="[384] /home/travis/build/icyphy/ptII/ptolemy/actor/lib/test/auto/TrigFunctionDE.xml (RunModel)" time="0.009" />
  <testcase classname="ptolemy.util.test.junit.AutoTests" name="[385] /home/travis/build/icyphy/ptII/ptolemy/actor/lib/test/auto/TrigFunctionInverse.xml (RunModel)" time="0.008" />
  <testcase classname="ptolemy.util.test.junit.AutoTests" name="[386] /home/travis/build/icyphy/ptII/ptolemy/actor/lib/test/auto/TrigFunctionTan.xml (RunModel)" time="0.005" />
  <testcase classname="ptolemy.util.test.junit.AutoTests" name="[387] /home/travis/build/icyphy/ptII/ptolemy/actor/lib/test/auto/TriggeredClock.xml (RunModel)" time="0.007" />
  <testcase classname="ptolemy.util.test.junit.AutoTests" name="[388] /home/travis/build/icyphy/ptII/ptolemy/actor/lib/test/auto/URLDirectoryReader.xml (RunModel)" time="0.091" />
  <testcase classname="ptolemy.util.test.junit.AutoTests" name="[389] /home/travis/build/icyphy/ptII/ptolemy/actor/lib/test/auto/URLDirectoryReader3.xml (RunModel)" time="1.508" />
  <testcase classname="ptolemy.util.test.junit.AutoTests" name="[390] /home/travis/build/icyphy/ptII/ptolemy/actor/lib/test/auto/UnaryMathFunction.xml (RunModel)" time="0.025" />
  <testcase classname="ptolemy.util.test.junit.AutoTests" name="[391] /home/travis/build/icyphy/ptII/ptolemy/actor/lib/test/auto/Uniform.xml (RunModel)" time="0.011" />
  <testcase classname="ptolemy.util.test.junit.AutoTests" name="[392] /home/travis/build/icyphy/ptII/ptolemy/actor/lib/test/auto/UnionDisassemblerTest.xml (RunModel)" time="0.016" />
  <testcase classname="ptolemy.util.test.junit.AutoTests" name="[393] /home/travis/build/icyphy/ptII/ptolemy/actor/lib/test/auto/UtilityFunctions.xml (RunModel)" time="0.01" />
  <testcase classname="ptolemy.util.test.junit.AutoTests" name="[394] /home/travis/build/icyphy/ptII/ptolemy/actor/lib/test/auto/VariableSleep.xml (RunModel)" time="0.514" />
  <testcase classname="ptolemy.util.test.junit.AutoTests" name="[395] /home/travis/build/icyphy/ptII/ptolemy/actor/lib/test/auto/VectorAssemblerDisassemblerCT.xml (RunModel)" time="0.103" />
  <testcase classname="ptolemy.util.test.junit.AutoTests" name="[396] /home/travis/build/icyphy/ptII/ptolemy/actor/lib/test/auto/VectorAssemblerDisassemblerDE.xml (RunModel)" time="0.012" />
  <testcase classname="ptolemy.util.test.junit.AutoTests" name="[397] /home/travis/build/icyphy/ptII/ptolemy/actor/lib/test/auto/VectorAssemblerDisassemblerSDF.xml (RunModel)" time="0.01" />
  <testcase classname="ptolemy.util.test.junit.AutoTests" name="[398] /home/travis/build/icyphy/ptII/ptolemy/actor/lib/test/auto/WallClockTime.xml (RunModel)" time="1.011" />
  <testcase classname="ptolemy.util.test.junit.AutoTests" name="[399] /home/travis/build/icyphy/ptII/ptolemy/actor/lib/test/auto/WidthTestWithSubscriberPublisher.xml (RunModel)" time="0.036" />
  <testcase classname="ptolemy.util.test.junit.AutoTests" name="[400] /home/travis/build/icyphy/ptII/ptolemy/actor/lib/test/auto/WidthTestWithSubscriberPublisher2.xml (RunModel)" time="0.019" />
  <testcase classname="ptolemy.util.test.junit.AutoTests" name="[401] /home/travis/build/icyphy/ptII/ptolemy/actor/lib/test/auto/WidthTestWithSubscriberPublisher3.xml (RunModel)" time="0.01" />
  <testcase classname="ptolemy.util.test.junit.AutoTests" name="[402] /home/travis/build/icyphy/ptII/ptolemy/actor/lib/test/auto/Writer.xml (RunModel)" time="0.007" />
  <testcase classname="ptolemy.util.test.junit.AutoTests" name="[403] /home/travis/build/icyphy/ptII/ptolemy/actor/lib/test/auto/array.xml (RunModel)" time="0.009" />
  <testcase classname="ptolemy.util.test.junit.AutoTests" name="[404] /home/travis/build/icyphy/ptII/ptolemy/actor/lib/test/auto/array2.xml (RunModel)" time="0.013" />
  <testcase classname="ptolemy.util.test.junit.AutoTests" name="[405] /home/travis/build/icyphy/ptII/ptolemy/actor/lib/test/auto/arrayType.xml (RunModel)" time="0.01" />
  <testcase classname="ptolemy.util.test.junit.AutoTests" name="[406] /home/travis/build/icyphy/ptII/ptolemy/actor/lib/test/auto/arrayType10.xml (RunModel)" time="0.006" />
  <testcase classname="ptolemy.util.test.junit.AutoTests" name="[407] /home/travis/build/icyphy/ptII/ptolemy/actor/lib/test/auto/arrayType11.xml (RunModel)" time="0.007" />
  <testcase classname="ptolemy.util.test.junit.AutoTests" name="[408] /home/travis/build/icyphy/ptII/ptolemy/actor/lib/test/auto/arrayType12.xml (RunModel)" time="0.008" />
  <testcase classname="ptolemy.util.test.junit.AutoTests" name="[409] /home/travis/build/icyphy/ptII/ptolemy/actor/lib/test/auto/arrayType13.xml (RunModel)" time="0.007" />
  <testcase classname="ptolemy.util.test.junit.AutoTests" name="[410] /home/travis/build/icyphy/ptII/ptolemy/actor/lib/test/auto/arrayType14.xml (RunModel)" time="0.008" />
  <testcase classname="ptolemy.util.test.junit.AutoTests" name="[411] /home/travis/build/icyphy/ptII/ptolemy/actor/lib/test/auto/arrayType15.xml (RunModel)" time="0.008" />
  <testcase classname="ptolemy.util.test.junit.AutoTests" name="[412] /home/travis/build/icyphy/ptII/ptolemy/actor/lib/test/auto/arrayType16.xml (RunModel)" time="0.007" />
  <testcase classname="ptolemy.util.test.junit.AutoTests" name="[413] /home/travis/build/icyphy/ptII/ptolemy/actor/lib/test/auto/arrayType17.xml (RunModel)" time="0.007" />
  <testcase classname="ptolemy.util.test.junit.AutoTests" name="[414] /home/travis/build/icyphy/ptII/ptolemy/actor/lib/test/auto/arrayType18.xml (RunModel)" time="0.006" />
  <testcase classname="ptolemy.util.test.junit.AutoTests" name="[415] /home/travis/build/icyphy/ptII/ptolemy/actor/lib/test/auto/arrayType19.xml (RunModel)" time="0.006" />
  <testcase classname="ptolemy.util.test.junit.AutoTests" name="[416] /home/travis/build/icyphy/ptII/ptolemy/actor/lib/test/auto/arrayType2.xml (RunModel)" time="0.007" />
  <testcase classname="ptolemy.util.test.junit.AutoTests" name="[417] /home/travis/build/icyphy/ptII/ptolemy/actor/lib/test/auto/arrayType20.xml (RunModel)" time="0.008" />
  <testcase classname="ptolemy.util.test.junit.AutoTests" name="[418] /home/travis/build/icyphy/ptII/ptolemy/actor/lib/test/auto/arrayType21.xml (RunModel)" time="0.008" />
  <testcase classname="ptolemy.util.test.junit.AutoTests" name="[419] /home/travis/build/icyphy/ptII/ptolemy/actor/lib/test/auto/arrayType22.xml (RunModel)" time="0.008" />
  <testcase classname="ptolemy.util.test.junit.AutoTests" name="[420] /home/travis/build/icyphy/ptII/ptolemy/actor/lib/test/auto/arrayType23.xml (RunModel)" time="0.007" />
  <testcase classname="ptolemy.util.test.junit.AutoTests" name="[421] /home/travis/build/icyphy/ptII/ptolemy/actor/lib/test/auto/arrayType24.xml (RunModel)" time="0.011" />
  <testcase classname="ptolemy.util.test.junit.AutoTests" name="[422] /home/travis/build/icyphy/ptII/ptolemy/actor/lib/test/auto/arrayType25.xml (RunModel)" time="0.008" />
  <testcase classname="ptolemy.util.test.junit.AutoTests" name="[423] /home/travis/build/icyphy/ptII/ptolemy/actor/lib/test/auto/arrayType26.xml (RunModel)" time="0.008" />
  <testcase classname="ptolemy.util.test.junit.AutoTests" name="[424] /home/travis/build/icyphy/ptII/ptolemy/actor/lib/test/auto/arrayType27.xml (RunModel)" time="0.008" />
  <testcase classname="ptolemy.util.test.junit.AutoTests" name="[425] /home/travis/build/icyphy/ptII/ptolemy/actor/lib/test/auto/arrayType28.xml (RunModel)" time="0.009" />
  <testcase classname="ptolemy.util.test.junit.AutoTests" name="[426] /home/travis/build/icyphy/ptII/ptolemy/actor/lib/test/auto/arrayType3.xml (RunModel)" time="0.007" />
  <testcase classname="ptolemy.util.test.junit.AutoTests" name="[427] /home/travis/build/icyphy/ptII/ptolemy/actor/lib/test/auto/arrayType4.xml (RunModel)" time="0.007" />
  <testcase classname="ptolemy.util.test.junit.AutoTests" name="[428] /home/travis/build/icyphy/ptII/ptolemy/actor/lib/test/auto/arrayType5.xml (RunModel)" time="0.012" />
  <testcase classname="ptolemy.util.test.junit.AutoTests" name="[429] /home/travis/build/icyphy/ptII/ptolemy/actor/lib/test/auto/arrayType6.xml (RunModel)" time="0.008" />
  <testcase classname="ptolemy.util.test.junit.AutoTests" name="[430] /home/travis/build/icyphy/ptII/ptolemy/actor/lib/test/auto/arrayType7.xml (RunModel)" time="0.007" />
  <testcase classname="ptolemy.util.test.junit.AutoTests" name="[431] /home/travis/build/icyphy/ptII/ptolemy/actor/lib/test/auto/arrayType8.xml (RunModel)" time="0.009" />
  <testcase classname="ptolemy.util.test.junit.AutoTests" name="[432] /home/travis/build/icyphy/ptII/ptolemy/actor/lib/test/auto/arrayType9.xml (RunModel)" time="0.007" />
  <testcase classname="ptolemy.util.test.junit.AutoTests" name="[433] /home/travis/build/icyphy/ptII/ptolemy/actor/lib/test/auto/cast.xml (RunModel)" time="0.018" />
  <testcase classname="ptolemy.util.test.junit.AutoTests" name="[434] /home/travis/build/icyphy/ptII/ptolemy/actor/lib/test/auto/compositeMultiPort.xml (RunModel)" time="0.015" />
  <testcase classname="ptolemy.util.test.junit.AutoTests" name="[435] /home/travis/build/icyphy/ptII/ptolemy/actor/lib/test/auto/expressionCastInference.xml (RunModel)" time="0.007" />
  <testcase classname="ptolemy.util.test.junit.AutoTests" name="[436] /home/travis/build/icyphy/ptII/ptolemy/actor/lib/test/auto/expressionCastInference2.xml (RunModel)" time="0.006" />
  <testcase classname="ptolemy.util.test.junit.AutoTests" name="[437] /home/travis/build/icyphy/ptII/ptolemy/actor/lib/test/auto/expressionInference.xml (RunModel)" time="0.006" />
  <testcase classname="ptolemy.util.test.junit.AutoTests" name="[438] /home/travis/build/icyphy/ptII/ptolemy/actor/lib/test/auto/expression_bug.xml (RunModel)" time="0.006" />
  <testcase classname="ptolemy.util.test.junit.AutoTests" name="[439] /home/travis/build/icyphy/ptII/ptolemy/actor/lib/test/auto/factorial.xml (RunModel)" time="0.065" />
  <testcase classname="ptolemy.util.test.junit.AutoTests" name="[440] /home/travis/build/icyphy/ptII/ptolemy/actor/lib/test/auto/filterTest1.xml (RunModel)" time="0.047" />
  <testcase classname="ptolemy.util.test.junit.AutoTests" name="[441] /home/travis/build/icyphy/ptII/ptolemy/actor/lib/test/auto/funcApplyInConst.xml (RunModel)" time="0.029" />
  <testcase classname="ptolemy.util.test.junit.AutoTests" name="[442] /home/travis/build/icyphy/ptII/ptolemy/actor/lib/test/auto/funcApplyInExpr.xml (RunModel)" time="0.027" />
  <testcase classname="ptolemy.util.test.junit.AutoTests" name="[443] /home/travis/build/icyphy/ptII/ptolemy/actor/lib/test/auto/function.xml (RunModel)" time="0.028" />
  <testcase classname="ptolemy.util.test.junit.AutoTests" name="[444] /home/travis/build/icyphy/ptII/ptolemy/actor/lib/test/auto/function2.xml (RunModel)" time="0.048" />
  <testcase classname="ptolemy.util.test.junit.AutoTests" name="[445] /home/travis/build/icyphy/ptII/ptolemy/actor/lib/test/auto/function3.xml (RunModel)" time="0.031" />
  <testcase classname="ptolemy.util.test.junit.AutoTests" name="[446] /home/travis/build/icyphy/ptII/ptolemy/actor/lib/test/auto/functionClosureTest1.xml (RunModel)" time="0.032" />
  <testcase classname="ptolemy.util.test.junit.AutoTests" name="[447] /home/travis/build/icyphy/ptII/ptolemy/actor/lib/test/auto/functionClosureTest2.xml (RunModel)" time="0.007" />
  <testcase classname="ptolemy.util.test.junit.AutoTests" name="[448] /home/travis/build/icyphy/ptII/ptolemy/actor/lib/test/auto/functionClosureTest3.xml (RunModel)" time="0.009" />
  <testcase classname="ptolemy.util.test.junit.AutoTests" name="[449] /home/travis/build/icyphy/ptII/ptolemy/actor/lib/test/auto/functionClosureTest4.xml (RunModel)" time="0.035" />
  <testcase classname="ptolemy.util.test.junit.AutoTests" name="[450] /home/travis/build/icyphy/ptII/ptolemy/actor/lib/test/auto/functionClosureTest5.xml (RunModel)" time="0.032" />
  <testcase classname="ptolemy.util.test.junit.AutoTests" name="[451] /home/travis/build/icyphy/ptII/ptolemy/actor/lib/test/auto/functionClosureTest6.xml (RunModel)" time="0.008" />
  <testcase classname="ptolemy.util.test.junit.AutoTests" name="[452] /home/travis/build/icyphy/ptII/ptolemy/actor/lib/test/auto/functionsOnArcs.xml (RunModel)" time="0.01" />
  <testcase classname="ptolemy.util.test.junit.AutoTests" name="[453] /home/travis/build/icyphy/ptII/ptolemy/actor/lib/test/auto/functionsOnArcsHOF.xml (RunModel)" time="0.015" />
  <testcase classname="ptolemy.util.test.junit.AutoTests" name="[454] /home/travis/build/icyphy/ptII/ptolemy/actor/lib/test/auto/logic.xml (RunModel)" time="0.025" />
  <testcase classname="ptolemy.util.test.junit.AutoTests" name="[455] /home/travis/build/icyphy/ptII/ptolemy/actor/lib/test/auto/matrixType.xml (RunModel)" time="0.008" />
  <testcase classname="ptolemy.util.test.junit.AutoTests" name="[456] /home/travis/build/icyphy/ptII/ptolemy/actor/lib/test/auto/matrixType10.xml (RunModel)" time="0.007" />
  <testcase classname="ptolemy.util.test.junit.AutoTests" name="[457] /home/travis/build/icyphy/ptII/ptolemy/actor/lib/test/auto/matrixType11.xml (RunModel)" time="0.007" />
  <testcase classname="ptolemy.util.test.junit.AutoTests" name="[458] /home/travis/build/icyphy/ptII/ptolemy/actor/lib/test/auto/matrixType12.xml (RunModel)" time="0.009" />
  <testcase classname="ptolemy.util.test.junit.AutoTests" name="[459] /home/travis/build/icyphy/ptII/ptolemy/actor/lib/test/auto/matrixType13.xml (RunModel)" time="0.007" />
  <testcase classname="ptolemy.util.test.junit.AutoTests" name="[460] /home/travis/build/icyphy/ptII/ptolemy/actor/lib/test/auto/matrixType14.xml (RunModel)" time="0.008" />
  <testcase classname="ptolemy.util.test.junit.AutoTests" name="[461] /home/travis/build/icyphy/ptII/ptolemy/actor/lib/test/auto/matrixType2.xml (RunModel)" time="0.008" />
  <testcase classname="ptolemy.util.test.junit.AutoTests" name="[462] /home/travis/build/icyphy/ptII/ptolemy/actor/lib/test/auto/matrixType3.xml (RunModel)" time="0.009" />
  <testcase classname="ptolemy.util.test.junit.AutoTests" name="[463] /home/travis/build/icyphy/ptII/ptolemy/actor/lib/test/auto/matrixType4.xml (RunModel)" time="0.007" />
  <testcase classname="ptolemy.util.test.junit.AutoTests" name="[464] /home/travis/build/icyphy/ptII/ptolemy/actor/lib/test/auto/matrixType5.xml (RunModel)" time="0.006" />
  <testcase classname="ptolemy.util.test.junit.AutoTests" name="[465] /home/travis/build/icyphy/ptII/ptolemy/actor/lib/test/auto/matrixType6.xml (RunModel)" time="0.006" />
  <testcase classname="ptolemy.util.test.junit.AutoTests" name="[466] /home/travis/build/icyphy/ptII/ptolemy/actor/lib/test/auto/matrixType7.xml (RunModel)" time="0.006" />
  <testcase classname="ptolemy.util.test.junit.AutoTests" name="[467] /home/travis/build/icyphy/ptII/ptolemy/actor/lib/test/auto/matrixType8.xml (RunModel)" time="0.007" />
  <testcase classname="ptolemy.util.test.junit.AutoTests" name="[468] /home/travis/build/icyphy/ptII/ptolemy/actor/lib/test/auto/matrixType9.xml (RunModel)" time="0.007" />
  <testcase classname="ptolemy.util.test.junit.AutoTests" name="[469] /home/travis/build/icyphy/ptII/ptolemy/actor/lib/test/auto/paraFunctest.xml (RunModel)" time="0.005" />
  <testcase classname="ptolemy.util.test.junit.AutoTests" name="[470] /home/travis/build/icyphy/ptII/ptolemy/actor/lib/test/auto/paraFunctest2.xml (RunModel)" time="0.009" />
  <testcase classname="ptolemy.util.test.junit.AutoTests" name="[471] /home/travis/build/icyphy/ptII/ptolemy/actor/lib/test/auto/parameterPassing.xml (RunModel)" time="0.007" />
  <testcase classname="ptolemy.util.test.junit.AutoTests" name="[472] /home/travis/build/icyphy/ptII/ptolemy/actor/lib/test/auto/record.xml (RunModel)" time="0.008" />
  <testcase classname="ptolemy.util.test.junit.AutoTests" name="[473] /home/travis/build/icyphy/ptII/ptolemy/actor/lib/test/auto/sizedarray1.xml (RunModel)" time="0.008" />
  <testcase classname="ptolemy.util.test.junit.AutoTests" name="[474] /home/travis/build/icyphy/ptII/ptolemy/actor/lib/test/auto/sizedarray2.xml (RunModel)" time="0.008" />
  <testcase classname="ptolemy.util.test.junit.AutoTests" name="[475] /home/travis/build/icyphy/ptII/ptolemy/actor/lib/test/auto/twoPublishers.xml (RunModel)" time="0.022" />
  <system-out><![CDATA[/home/travis/build/icyphy/ptII/ptolemy/actor/lib/test/AbsoluteValue.tcl
testDefs.tcl: setting time out to 9000 seconds at Wed Sep 23 16:16:36 UTC 2020
92 ms. Memory: 129024K Free: 93128K (72%)
8 ms. Memory: 129024K Free: 91080K (71%)
15 ms. Memory: 129024K Free: 90559K (70%)
8 ms. Memory: 129024K Free: 89527K (69%)
/home/travis/build/icyphy/ptII/ptolemy/actor/lib/test/AddSubtract.tcl
9 ms. Memory: 129024K Free: 87494K (68%)
5 ms. Memory: 129024K Free: 86984K (67%)
5 ms. Memory: 129024K Free: 85960K (67%)
7 ms. Memory: 129024K Free: 85439K (66%)
42 ms. Memory: 129024K Free: 82374K (64%)
6 ms. Memory: 129024K Free: 81350K (63%)
/home/travis/build/icyphy/ptII/ptolemy/actor/lib/test/Average.tcl
6 ms. Memory: 129024K Free: 79816K (62%)
27 ms. Memory: 129024K Free: 78792K (61%)
/home/travis/build/icyphy/ptII/ptolemy/actor/lib/test/Bernoulli.tcl
5 ms. Memory: 129024K Free: 77239K (60%)
10 ms. Memory: 129024K Free: 76744K (59%)
/home/travis/build/icyphy/ptII/ptolemy/actor/lib/test/Clock.tcl
preinitializing
resolving types
initializing
executing number 1
wrapping up
idle
32 ms. Memory: 129024K Free: 74182K (57%)
Completed execution with 5 iterations
preinitializing
resolving types
initializing
executing number 1
wrapping up
idle
10 ms. Memory: 129024K Free: 73127K (57%)
Completed execution with 5 iterations
preinitializing
resolving types
initializing
executing number 1
wrapping up
idle
8 ms. Memory: 129024K Free: 72648K (56%)
Completed execution with 5 iterations
/home/travis/build/icyphy/ptII/ptolemy/actor/lib/test/Commutator.tcl
6 ms. Memory: 129024K Free: 70600K (55%)
18 ms. Memory: 129024K Free: 69576K (54%)
9 ms. Memory: 129024K Free: 63927K (50%)
/home/travis/build/icyphy/ptII/ptolemy/actor/lib/test/Const.tcl
3 ms. Memory: 129024K Free: 62408K (48%)
2 ms. Memory: 129024K Free: 61887K (48%)
3 ms. Memory: 129024K Free: 61384K (48%)
2 ms. Memory: 129024K Free: 60870K (47%)
2 ms. Memory: 129024K Free: 60360K (47%)
19 ms. Memory: 129024K Free: 58822K (46%)
6 ms. Memory: 129024K Free: 57288K (44%)
3 ms. Memory: 129024K Free: 56774K (44%)
/home/travis/build/icyphy/ptII/ptolemy/actor/lib/test/CurrentTime.tcl
preinitializing
resolving types
initializing
executing number 1
wrapping up
idle
25 ms. Memory: 129024K Free: 54695K (42%)
Completed execution with 11 iterations
/home/travis/build/icyphy/ptII/ptolemy/actor/lib/test/DB.tcl
6 ms. Memory: 129024K Free: 53192K (41%)
6 ms. Memory: 129024K Free: 52678K (41%)
2 ms. Memory: 129024K Free: 52168K (40%)
/home/travis/build/icyphy/ptII/ptolemy/actor/lib/test/DiscreteRandomSource.tcl
preinitializing
resolving types
initializing
executing number 1
wrapping up
idle
4 ms. Memory: 129024K Free: 50615K (39%)
Completed execution with 4 iterations
preinitializing
resolving types
initializing
executing number 1
wrapping up
idle
2 ms. Memory: 129024K Free: 50120K (39%)
Completed execution with 4 iterations
preinitializing
resolving types
initializing
executing number 1
wrapping up
idle
3 ms. Memory: 129024K Free: 49606K (38%)
Completed execution with 4 iterations
preinitializing
resolving types
initializing
executing number 1
wrapping up
idle
3 ms. Memory: 129024K Free: 49096K (38%)
Completed execution with 4 iterations
preinitializing
resolving types
initializing
executing number 1
wrapping up
idle
3 ms. Memory: 129024K Free: 48582K (38%)
Completed execution with 4 iterations
/home/travis/build/icyphy/ptII/ptolemy/actor/lib/test/Distributor.tcl
21 ms. Memory: 129024K Free: 113476K (88%)
5 ms. Memory: 129024K Free: 112944K (88%)
StreamChangeRequest.changeExecuted(): <deleteEntity name="rec2"/> succeeded
StreamChangeRequest.changeExecuted(): <deleteRelation name="r2"/> succeeded
StreamChangeRequest.changeExecuted(): Record firings per iteration succeeded
5 ms. Memory: 129024K Free: 110388K (86%)
/home/travis/build/icyphy/ptII/ptolemy/actor/lib/test/Exit.tcl
Exit.tcl: this will print a message about Manager.exitAfterWrapup, which can be ignored.
3 ms. Memory: 129024K Free: 107366K (83%)
/home/travis/build/icyphy/ptII/ptolemy/actor/lib/test/Expression.tcl
20 ms. Memory: 129024K Free: 103750K (80%)
12 ms. Memory: 129024K Free: 103250K (80%)
2 ms. Memory: 129024K Free: 102704K (80%)
preinitializing
resolving types
initializing
executing number 1
wrapping up
idle
9 ms. Memory: 129024K Free: 101172K (78%)
Completed execution with 6 iterations
8 ms. Memory: 129024K Free: 100194K (78%)
2 ms. Memory: 129024K Free: 99646K (77%)
9 ms. Memory: 129024K Free: 98116K (76%)
10 ms. Memory: 129024K Free: 97091K (75%)
3 ms. Memory: 129024K Free: 95544K (74%)
/home/travis/build/icyphy/ptII/ptolemy/actor/lib/test/Gaussian.tcl
6 ms. Memory: 129024K Free: 94050K (73%)
sleeping 1 seconds: ...........................................................................................................................................................................................................................................................................................................................................................................................................................................................................................................................................................................................................................................................................................................................................................................................................................................................................................................................................................................................................................................................................................................................................................................................................................................................................................................................................................................................................................................................................................................................................................................................................................................................................................................................................................................................................................................................................................................................................................................................................................................................................................................................................................................................................................................................................................................................................................................................................................................................................................................................................................................................................................................................................................................................................................................................................................................................................................................................................................................................................................................................................................................................................................................................................................................................................................................................................................................................................................................................................................................................................................................................................................................................................................................................................................................................................................................................................................................................................................................................................................................................................................................................................................................................................................................................................................................................................................................................................................................................................................................................................................................................................................................................................................................................................................................................................................................................................................................................................................................................................................................................................................................................................................................................................................................................................................................................................................................................................................................................................................................................................................................................................................................................................................................................................................................................................................................................................................................................................................................................................................................................................................................................................................................................................................................................................................................................................................................................................................................................................................................................................................................................................................................................................................................................................................................................................................................................................................................................................................................................................................................................................................................................................................................................................................................................................................................................................................................................................................................................................................................................................................................................................................................................................................................................................................................................................................................................................................................................................................................................................................................................................................................................................................................................................................................................................................................................................................................................................................................................................................................................................................................................................................................................................................................................................................................................................................................................................................................................................................................................................................................................................................................................................................................................................................................................................................................................................................................................................................................................................................................................................................................................................................................................................................................................................................................................................................................................................................................................................................................................................................................................................................................................................................................................................................................................................................................................................................................................................................................................................................................................................................................................................................................................................................................................................................................................................................................................................................................................................................................................................................................................................................................................................................................................................................................................................................................................................................................................................................................................................................................................................................................................................................................................................................................................................................................................................................................................................................................................................................................................................................................................................................................................................................................................................................................................................................................................................................................................................................................................................................................................................................................................................................................................................................................................................................................................................................................................................................................................................................................................................................................................................................................................................................................................................................................................................................................................................................................................................................................................................................................................................................................................................................................................................................................................................................................................................................................................................................................................................................................................................................................................................................................................................................................................................................................................................................................................................................................................................................................................................................................................................................................................................................................................................................................................................................................................................................................................................................................................................................................................................................................................................................................................................................................................................................................................................................................................................................................................................................................................................................................................................................................................................................................................................................................................................................................................................................................................................................................................................................................................................................................................................................................................................................................................................................................................................................................................................................................................................................................................................................................................................................................................................................................................................................................................................................................................................................................................................................................................................................................................................................................................................................................................................................................................................................................................................................................................................................................................................................................................................................................................................................................................................................................................................................................................................................................................................................................................................................................................................................................................................................................................................................................................................................................................................................................................................................................................................................................................................................................................................................................................................................................................................................................................................................................................................................................................................................................................................................................................................................................................................................................................................................................................................................................................................................................................................................................................................................................................................................................................................................................................................................................................................................................................................................................................................................................................................................................................................................................................................................................................................................................................................................................................................................................................................................................................................................................................................................................................................................................................................................................................................................................................................................................................................................................................................................................................................................................................................................................................................................................................................................................................................................................................................................................................................................................................................................................................................................................................................................................................................................................................................................................................................................................................................................................................................................................................................................................................................................................................................................................................................................................................................................................................................................................................................................................................................................................................................................................................................................................................................................................................................................................................................................................................................................................................................................................................................................................................................................................................................................................................................................................................................................................................................................................................................................................................................................................................................................................................................................................................................................................................................................................................................................................................................................................................................................................................................................................................................................................................................................................................................................................................................................................................................................................................................................................................................................................................................................................................................................................................................................................................................................................................................................................................................................................................................................................................................................................................................................................................................................................................................................................................................................................................................................................................................................................................................................................................................................................................................................................................................................................................................................................................................................................................................................................................................................................................................................................................................................................................................................................................................................................................................................................................................................................................................................................................................................................................................................................................................................................................................................................................................................................................................................................................................................................................................................................................................................................................................................................................................................................................................................................................................................................................................................................................................................................................................................................................................................................................................................................................................................................................................................................................................................................................................................................................................................................................................................................................................................................................................................................................................................................................................................................................................................................................................................................................................................................................................................................................................................................................................................................................................................................................................................................................................................................................................................................................................................................................................................................................................................................................................................................................................................................................................................................................................................................................................................................................................................................................................................................................................................................................................................................................................................................................................................................................................................................................................................................................................................................................................................................................................................................................................................................................................................................................................................................................................................................................................................................................................................................................................................................................................................................................................................................................................................................................................................................................................................................................................................................................................................................................................................................................................................................................................................................................................................................................................................................................................................................................................................................................................................................................................................................................................................................................................................................................................................................................................................................................................................................................................................................................................................................................................................................................................................................................................................................................................................................................................................................................................................................................................................................................................................................................................................................................................................................................................................................................................................................................................................................................................................................................................................................................................................................................................................................................................................................................................................................................................................................................................................................................................................................................................................................................................................................................................................................................................................................................................................................................................................................................................................................................................................................................................................................................................................................................................................................................................................................................................................................................................................................................................................................................................................................................................................................................................................................................................................................................................................................................................................................................................................................................................................................................................................................................................................................................................................................................................................................................................................................................................................................................................................................................................................................................................................................................................................................................................................................................................................................................................................................................................................................................................................................................................................................................................................................................................................................................................................................................................................................................................................................................................................................................................................................................................................................................................................................................................................................................................................................................................................................................................................................................................................................................................................................................................................................................................................................................................................................................................................................................................................................................................................................................................................................................................................................................................................................................................................................................................................................................................................................................................................................................................................................................................................................................................................................................................................................................................................................................................................................................................................................................................................................................................................................................................................................................................................................................................................................................................................................................................................................................................................................................................................................................................................................................................................................................................................................................................................................................................................................................................................................................................................................................................................................................................................................................................................................................................................................................................................................................................................................................................................................................................................................................................................................................................................................................................................................................................................................................................................................................................................................................................................................................................................................................................................................................................................................................................................................................................................................................................................................................................................................................................................................................................................................................................................................................................................................................................................................................................................................................................................................................................................................................................................................................................................................................................................................................................................................................................................................................................................................................................................................................................................................................................................................................................................................................................................................................................................................................................................................................................................................................................................................................................................................................................................................................................................................................................................................................................................................................................................................................................................................................................................................................................................................................................................................................................................................................................................................................................................................................................................................................................................................................................................................................................................................................................................................................................................................................................................................................................................................................................................................................................................................................................................................................................................................................................................................................................................................................................................................................................................................................................................................................................................................................................................................................................................................................................................................................................................................................................................................................................................................................................................................................................................................................................................................................................................................................................................................................................................................................................................................................................................................................................................................................................................................................................................................................................................................................................................................................................................................................................................................................................................................................................................................................................................................................................................................................................................................................................................................................................................................................................................................................................................................................................................................................................................................................................................................................................................................................................................................................................................................................................................................................................................................................................................................................................................................................................................................................................................................................................................................................................................................................................................................................................................................................................................................................................................................................................................................................................................................................................................................................................................................................................................................................................................................................................................................................................................................................................................................................................................................................................................................................................................................................................................................................................................................................................................................................................................................................................................................................................................................................................................................................................................................................................................................................................................................................................................................................................................................................................................................................................................................................................................................................................................................................................................................................................................................................................................................................................................................................................................................................................................................................................................................................................................................................................................................................................................................................................................................................................................................................................................................................................................................................................................................................................................................................................................................................................................................................................................................................................................................................................................................................................................................................................................................................................................................................................................................................................................................................................................................................................................................................................................................................................................................................................................................................................................................................................................................................................................................................................................................................................................................................................................................................................................................................................................................................................................................................................................................................................................................................................................................................................................................................................................................................................................................................................................................................................................................................................................................................................................................................................................................................................................................................................................................................................................................................................................................................................................................................................................................................................................................................................................................................................................................................................................................................................................................................................................................................................................................................................................................................................................................................................................................................................................................................................................................................................................................................................................................................................................................................................................................................................................................................................................................................................................................................................................................................................................................................................................................................................................................................................................................................................................................................................................................................................................................................................................................................................................................................................................................................................................................................................................................................................................................................................................................................................................................................................................................................................................................................................................................................................................................................................................................................................................................................................................................................................................................................................................................................................................................................................................................................................................................................................................................................................................................................................................................................................................................................................................................................................................................................................................................................................................................................................................................................................................................................................................................................................................................................................................................................................................................................................................................................................................................................................................................................................................................................................................................................................................................................................................................................................................................................................................................................................................................................................................................................................................................................................................................................................................................................................................................................................................................................................................................................................................................................................................................................................................................................................................................................................................................................................................................................................................................................................................................................................................................................................................................................................................................................................................................................................................................................................................................................................................................................................................................................................................................................................................................................................................................................................................................................................................................................................................................................................................................................................................................................................................................................................................................................................................................................................................................................................................................................................................................................................................................................................................................................................................................................................................................................................................................................................................................................................................................................................................................................................................................................................................................................................................................................................................................................................................................................................................................................................................................................................................................................................................................................................................................................................................................................................................................................................................................................................................................................................................................................................................................................................................................................................................................................................................................................................................................................................................................................................................................................................................................................................................................................................................................................................................................................................................................................................................................................................................................................................................................................................................................................................................................................................................................................................................................................................................................................................................................................................................................................................................................................................................................................................................................................................................................................................................................................................................................................................................................................................................................................................................................................................................................................................................................................................................................................................................................................................................................................................................................................................................................................................................................................................................................................................................................................................................................................................................................................................................................................................................................................................................................................................................................................................................................................................................................................................................................................................................................................................................................................................................................................................................................................................................................................................................................................................................................................................................................................................................................................................................................................................................................................................................................................................................................................................................................................................................................................................................................................................................................................................................................................................................................................................................................................................................................................................................................................................................................................................................................................................................................................................................................................................................................................................................................................................................................................................................................................................................................................................................................................................................................................................................................................................................................................................................................................................................................................................................................................................................................................................................................................................................................................................................................................................................................................................................................................................................................................................................................................................................................................................................................................................................................................................................3 ms. Memory: 129024K Free: 106025K (82%)
2 ms. Memory: 129024K Free: 105511K (82%)
2 ms. Memory: 129024K Free: 105001K (81%)
2 ms. Memory: 129024K Free: 103977K (81%)
6 ms. Memory: 129024K Free: 103449K (80%)
/home/travis/build/icyphy/ptII/ptolemy/actor/lib/test/IIR.tcl
/home/travis/build/icyphy/ptII/ptolemy/actor/lib/test/Interpolator.tcl
5 ms. Memory: 129024K Free: 99881K (77%)
2 ms. Memory: 129024K Free: 99367K (77%)
2 ms. Memory: 129024K Free: 98857K (77%)
1 ms. Memory: 129024K Free: 97833K (76%)
6 ms. Memory: 129024K Free: 97305K (75%)
2 ms. Memory: 129024K Free: 96281K (75%)
2 ms. Memory: 129024K Free: 95257K (74%)
11 ms. Memory: 129024K Free: 94761K (73%)
2 ms. Memory: 129024K Free: 93737K (73%)
2 ms. Memory: 129024K Free: 92713K (72%)
/home/travis/build/icyphy/ptII/ptolemy/actor/lib/test/MathFunction.tcl
4 ms. Memory: 129024K Free: 90665K (70%)
2 ms. Memory: 129024K Free: 89641K (69%)
2 ms. Memory: 129024K Free: 88617K (69%)
2 ms. Memory: 129024K Free: 87593K (68%)
3 ms. Memory: 129024K Free: 86569K (67%)
5 ms. Memory: 129024K Free: 84521K (66%)
/home/travis/build/icyphy/ptII/ptolemy/actor/lib/test/Maximum.tcl
4 ms. Memory: 129024K Free: 82473K (64%)
2 ms. Memory: 129024K Free: 81959K (64%)
5 ms. Memory: 129024K Free: 81449K (63%)
8 ms. Memory: 129024K Free: 80425K (62%)
/home/travis/build/icyphy/ptII/ptolemy/actor/lib/test/Minimum.tcl
3 ms. Memory: 129024K Free: 78873K (61%)
4 ms. Memory: 129024K Free: 78377K (61%)
3 ms. Memory: 129024K Free: 77863K (60%)
4 ms. Memory: 129024K Free: 76825K (60%)
/home/travis/build/icyphy/ptII/ptolemy/actor/lib/test/MultiplyDivide.tcl
12 ms. Memory: 129024K Free: 74777K (58%)
8 ms. Memory: 129024K Free: 74281K (58%)
2 ms. Memory: 129024K Free: 73761K (57%)
12 ms. Memory: 129024K Free: 72743K (56%)
19 ms. Memory: 129024K Free: 72233K (56%)
/home/travis/build/icyphy/ptII/ptolemy/actor/lib/test/OrderedMerge.tcl
Connections changed on port: inputA
Connections changed on port: inputB
Connections changed on port: output
Connections changed on port: output
Connections changed on port: output
Connections changed on port: input
.top. Preinitializing ...
Invoking preinitialize():  .top.OrderedMerge
Called preinitialize()
Invoking preinitialize():  .top.Ramp
Called preinitialize()
Invoking preinitialize():  .top.Ramp2
Called preinitialize()
Invoking preinitialize():  .top.Test
Called preinitialize()
Connections changed on port: inputA
Connections changed on port: output
Connections changed on port: output
Connections changed on port: input
Connections changed on port: inputB
Connections changed on port: output
.top. Finished preinitialize().
Called initialize().
Invoking initialize():  .top.OrderedMerge
Initializing actor: .top.OrderedMerge
Adding a thread: .top.OrderedMerge
Invoking initialize():  .top.Ramp
Initializing actor: .top.Ramp
Adding a thread: .top.Ramp
Invoking initialize():  .top.Ramp2
Initializing actor: .top.Ramp2
Adding a thread: .top.Ramp2
Invoking initialize():  .top.Test
Initializing actor: .top.Test
Adding a thread: .top.Test
-- Starting thread.
Called initialize()
Called prefire()
Called fire()
-- Starting thread.
Called initialize()
Called fire().
Checking for deadlock:
-- Starting thread.
Called initialize()
-- Starting thread.
Called initialize()
Called prefire()
Called fire()
Called prefire()
Called fire()
Called prefire()
Called fire()
There are 1 Blocked actors, 0 Stopped actors, and 4 active threads.
Waiting for actors to stop.
Called postfire()
Called prefire()
Called fire()
Called postfire()
Called prefire()
Called fire()
Checking for deadlock:
There are 2 Blocked actors, 0 Stopped actors, and 4 active threads.
Waiting for actors to stop.
Called postfire()
Called prefire()
Called fire()
Read input token from inputA with value 0.0
Next port to read input from is inputB
Called postfire()
Called prefire()
Called fire()
Read input token from inputB with value 0.0
Sent output token with value 0.0
Next port to read input from is inputA
Called postfire()
Called prefire()
Called fire()
Read input token from inputA with value 1.0
Checking for deadlock:
There are 1 Blocked actors, 0 Stopped actors, and 4 active threads.
Waiting for actors to stop.
-- Read input: 0.0, which is expected to match: 0.0
Called prefire()
Called fire()
Called postfire()
Called prefire()
Called fire()
Called postfire()
Called prefire()
Checking for deadlock:
Called fire()
There are 2 Blocked actors, 0 Stopped actors, and 4 active threads.
Waiting for actors to stop.
Sent output token with value 0.0
-- Read input: 0.0, which is expected to match: 0.0
Called prefire()
Next port to read input from is inputB
Called postfire()
Checking for deadlock:
Called fire()
Called prefire()
Called fire()
There are 2 Blocked actors, 0 Stopped actors, and 4 active threads.
Waiting for actors to stop.
Checking for deadlock:
Read input token from inputB with value 1.5
There are 2 Blocked actors, 0 Stopped actors, and 4 active threads.
Waiting for actors to stop.
Called postfire()
Called prefire()
Called fire()
Sent output token with value 1.0
Next port to read input from is inputA
Called postfire()
Called prefire()
Called fire()
-- Read input: 1.0, which is expected to match: 1.0
Called prefire()
Called fire()
Read input token from inputA with value 2.0
Sent output token with value 1.5
Next port to read input from is inputB
Called postfire()
Called prefire()
Called fire()
Read input token from inputB with value 3.0
Checking for deadlock:
There are 1 Blocked actors, 0 Stopped actors, and 4 active threads.
Waiting for actors to stop.
Called postfire()
Called prefire()
Called fire()
-- Read input: 1.5, which is expected to match: 1.5
Called prefire()
Called fire()
Called postfire()
Called prefire()
Called fire()
Checking for deadlock:
There are 3 Blocked actors, 0 Stopped actors, and 4 active threads.
Waiting for actors to stop.
Sent output token with value 2.0
-- Read input: 2.0, which is expected to match: 2.0
Next port to read input from is inputA
Called postfire()
Called prefire()
Called prefire()
Called fire()
Called fire()
Checking for deadlock:
There are 3 Blocked actors, 0 Stopped actors, and 4 active threads.
Waiting for actors to stop.
Called postfire()
Called prefire()
Called fire()
Read input token from inputA with value 3.0
Checking for deadlock:
There are 2 Blocked actors, 0 Stopped actors, and 4 active threads.
Sent output token with value 3.0
Waiting for actors to stop.
Next port to read input from is inputB
Called postfire()
Called prefire()
Called fire()
-- Read input: 3.0, which is expected to match: 3.0
Called prefire()
Read input token from inputB with value 4.5
Called fire()
Sent output token with value 3.0
Next port to read input from is inputA
-- Read input: 3.0, which is expected to match: 3.0
Called postfire()
Called prefire()
Called fire()
Called prefire()
Called fire()
Called postfire()
Called prefire()
Called fire()
Read input token from inputA with value 4.0
Called postfire()
Called prefire()
Called fire()
-- Read input: 4.0, which is expected to match: 4.0
Called prefire()
Called fire()
Past the end of training data. Read and discard all inputs.
Checking for deadlock:
There are 3 Blocked actors, 0 Stopped actors, and 4 active threads.
Waiting for actors to stop.
Sent output token with value 4.0
Next port to read input from is inputA
Called postfire()
Called prefire()
Called fire()
Read input token from inputA with value 5.0
Called postfire()
Called prefire()
Called fire()
Sent output token with value 4.5
Checking for deadlock:
Next port to read input from is inputB
Called postfire()
There are 2 Blocked actors, 0 Stopped actors, and 4 active threads.
Waiting for actors to stop.
Called prefire()
Called fire()
Checking for deadlock:
Read input token from inputB with value 6.0
There are 1 Blocked actors, 0 Stopped actors, and 4 active threads.
Waiting for actors to stop.
Called prefire()
Called fire()
Past the end of training data. Read and discard all inputs.
Checking for deadlock:
There are 2 Blocked actors, 0 Stopped actors, and 4 active threads.
Waiting for actors to stop.
Called postfire()
Called prefire()
Called fire()
Checking for deadlock:
There are 3 Blocked actors, 0 Stopped actors, and 4 active threads.
Waiting for actors to stop.
Sent output token with value 5.0
Called prefire()
Called fire()
Past the end of training data. Read and discard all inputs.
Checking for deadlock:
Next port to read input from is inputA
Called postfire()
There are 3 Blocked actors, 0 Stopped actors, and 4 active threads.
Called prefire()
Waiting for actors to stop.
Called fire()
Read input token from inputA with value 6.0
Called postfire()
Called prefire()
Called fire()
Checking for deadlock:
Sent output token with value 6.0
There are 2 Blocked actors, 0 Stopped actors, and 4 active threads.
Waiting for actors to stop.
Next port to read input from is inputB
Called postfire()
Called prefire()
Called fire()
Called prefire()
Called fire()
Past the end of training data. Read and discard all inputs.
Read input token from inputB with value 7.5
Called postfire()
Called prefire()
Called fire()
Sent output token with value 6.0
Checking for deadlock:
There are 2 Blocked actors, 0 Stopped actors, and 4 active threads.
Next port to read input from is inputA
Waiting for actors to stop.
Called postfire()
Called prefire()
Called fire()
Checking for deadlock:
There are 1 Blocked actors, 0 Stopped actors, and 4 active threads.
Waiting for actors to stop.
Read input token from inputA with value 7.0
Called prefire()
Called fire()
Past the end of training data. Read and discard all inputs.
Sent output token with value 7.0
Called prefire()
Next port to read input from is inputA
Called postfire()
Called prefire()
Called fire()
Called postfire()
Called prefire()
Called fire()
Read input token from inputA with value 8.0
-- Thread wrapup() called.
Called wrapup()
Sent output token with value 7.5
Next port to read input from is inputB
Called postfire()
Called prefire()
Called fire()
Called fire()
Past the end of training data. Read and discard all inputs.
Thread .top.Ramp is exiting.
-- Thread stopped.
Checking for deadlock:
There are 1 Blocked actors, 0 Stopped actors, and 3 active threads.
Waiting for actors to stop.
Called prefire()
Called fire()
Past the end of training data. Read and discard all inputs.
Read input token from inputB with value 9.0
Called postfire()
Called prefire()
Called fire()
Checking for deadlock:
Sent output token with value 8.0
There are 1 Blocked actors, 0 Stopped actors, and 3 active threads.
Waiting for actors to stop.
Next port to read input from is inputA
Called postfire()
Called prefire()
Called fire()
Called prefire()
Past the end of training data. Read and discard all inputs.
Called fire()
Checking for deadlock:
There are 2 Blocked actors, 0 Stopped actors, and 3 active threads.
Waiting for actors to stop.
Read input token from inputA with value 9.0
Called prefire()
Called fire()
Sent output token with value 9.0
Checking for deadlock:
Past the end of training data. Read and discard all inputs.
Next port to read input from is inputB
Called postfire()
Called prefire()
Called fire()
There are 1 Blocked actors, 0 Stopped actors, and 3 active threads.
Waiting for actors to stop.
Called postfire()
Called prefire()
Called fire()
Read input token from inputB with value 10.5
Checking for deadlock:
There are 1 Blocked actors, 0 Stopped actors, and 3 active threads.
Sent output token with value 9.0
Next port to read input from is inputA
Called postfire()
Called prefire()
Called fire()
Waiting for actors to stop.
Called prefire()
Called fire()
Past the end of training data. Read and discard all inputs.
Checking for deadlock:
There are 3 Blocked actors, 0 Stopped actors, and 3 active threads.
Actors have stopped.
Checking for deadlock:
There are 3 Blocked actors, 0 Stopped actors, and 3 active threads.
Deadlock detected.
Resolving Deadlock
Checking for deadlock:
There are 3 Blocked actors, 0 Stopped actors, and 3 active threads.
Artificial Deadlock - increasing queue capacity.
increasing the capacity of receiver ptolemy.actor.TypedIOPort {.top.OrderedMerge.inputB} to 2
-- Thread wrapup() called.
Called wrapup()
Thread .top.Ramp2 is exiting.
-- Thread stopped.
Director: Called postfire().
Called postfire().
_stopRequested = false
_stopFireRequested = false
Returning from postfire(): true
Called fire().
Checking for deadlock:
There are 2 Blocked actors, 0 Stopped actors, and 2 active threads.
Actors have stopped.
Checking for deadlock:
There are 2 Blocked actors, 0 Stopped actors, and 2 active threads.
Deadlock detected.
Resolving Deadlock
Checking for deadlock:
There are 2 Blocked actors, 0 Stopped actors, and 2 active threads.
Deadlock detected: no processes blocked on write, but some are blocked on read.
Called postfire().
_stopRequested = false
_stopFireRequested = false
Returning from postfire(): false
Finished deactivating branches.
Called wrapup().
-- Thread wrapup() called.
Called wrapup()
-- Thread wrapup() called.
Called wrapup()
Thread .top.OrderedMerge is exiting.
-- Thread stopped.
-- Blocked Receiver call threw TerminateProcessException.
Thread .top.Test is exiting.
-- Thread stopped.
-- Blocked Receiver call threw TerminateProcessException.
104 ms. Memory: 129024K Free: 67113K (52%)
.top. Preinitializing ...
Invoking preinitialize():  .top.OrderedMerge
Called preinitialize()
Invoking preinitialize():  .top.Ramp
Called preinitialize()
Invoking preinitialize():  .top.Ramp2
Called preinitialize()
Invoking preinitialize():  .top.Test
Called preinitialize()
.top. Finished preinitialize().
Called initialize().
Invoking initialize():  .top.OrderedMerge
Initializing actor: .top.OrderedMerge
Adding a thread: .top.OrderedMerge
Invoking initialize():  .top.Ramp
Initializing actor: .top.Ramp
Adding a thread: .top.Ramp
Invoking initialize():  .top.Ramp2
Initializing actor: .top.Ramp2
Adding a thread: .top.Ramp2
Invoking initialize():  .top.Test
Initializing actor: .top.Test
Adding a thread: .top.Test
-- Starting thread.
Called initialize()
Called prefire()
Called fire()
-- Starting thread.
Called initialize()
Called prefire()
Called fire()
Called postfire()
Called prefire()
Called fire()
-- Starting thread.
Called initialize()
Called prefire()
Called fire()
Called postfire()
Called prefire()
Called fire()
Called fire().
Checking for deadlock:
There are 3 Blocked actors, 0 Stopped actors, and 4 active threads.
Waiting for actors to stop.
-- Starting thread.
Called initialize()
Called prefire()
Called fire()
Checking for deadlock:
There are 2 Blocked actors, 0 Stopped actors, and 4 active threads.
Waiting for actors to stop.
Called postfire()
Read input token from inputA with value 0.0
Called prefire()
Called fire()
Checking for deadlock:
There are 3 Blocked actors, 0 Stopped actors, and 4 active threads.
Waiting for actors to stop.
Next port to read input from is inputB
Called postfire()
Called prefire()
Called fire()
Checking for deadlock:
There are 2 Blocked actors, 0 Stopped actors, and 4 active threads.
Waiting for actors to stop.
Read input token from inputB with value 0.0
Called postfire()
Called prefire()
Called fire()
Sent output token with value 0.0
Checking for deadlock:
There are 2 Blocked actors, 0 Stopped actors, and 4 active threads.
Waiting for actors to stop.
Next port to read input from is inputA
Called postfire()
-- Read input: 0.0, which is expected to match: 0.0
Called prefire()
Called prefire()
Called fire()
Checking for deadlock:
There are 3 Blocked actors, 0 Stopped actors, and 4 active threads.
Waiting for actors to stop.
Called fire()
Checking for deadlock:
Read input token from inputA with value 1.0
There are 2 Blocked actors, 0 Stopped actors, and 4 active threads.
Waiting for actors to stop.
Sent output token with value 0.0
Next port to read input from is inputB
Called postfire()
-- Read input: 0.0, which is expected to match: 0.0
Called prefire()
Called fire()
Called postfire()
Called prefire()
Called fire()
Called prefire()
Called fire()
Checking for deadlock:
Read input token from inputB with value 1.5
There are 2 Blocked actors, 0 Stopped actors, and 4 active threads.
Waiting for actors to stop.
Called postfire()
Called prefire()
Called fire()
Sent output token with value 1.0
Next port to read input from is inputA
Called postfire()
Called prefire()
Called fire()
Read input token from inputA with value 2.0
-- Read input: 1.0, which is expected to match: 1.0
Called prefire()
Sent output token with value 1.5
Called fire()
-- Read input: 1.5, which is expected to match: 1.5
Called prefire()
Called fire()
Checking for deadlock:
There are 2 Blocked actors, 0 Stopped actors, and 4 active threads.
Waiting for actors to stop.
Called postfire()
Called prefire()
Called fire()
Checking for deadlock:
There are 3 Blocked actors, 0 Stopped actors, and 4 active threads.
Waiting for actors to stop.
Next port to read input from is inputB
Called postfire()
Called prefire()
Called fire()
Read input token from inputB with value 3.0
Sent output token with value 2.0
-- Read input: 2.0, which is expected to match: 2.0
Called prefire()
Called fire()
Checking for deadlock:
There are 2 Blocked actors, 0 Stopped actors, and 4 active threads.
Waiting for actors to stop.
Called postfire()
Called prefire()
Called fire()
Next port to read input from is inputA
Called postfire()
Called prefire()
Called fire()
Checking for deadlock:
There are 3 Blocked actors, 0 Stopped actors, and 4 active threads.
Waiting for actors to stop.
Checking for deadlock:
Read input token from inputA with value 3.0
There are 2 Blocked actors, 0 Stopped actors, and 4 active threads.
Waiting for actors to stop.
Called postfire()
Called prefire()
Sent output token with value 3.0
Called fire()
Next port to read input from is inputB
Called postfire()
Called prefire()
Called fire()
Read input token from inputB with value 4.5
-- Read input: 3.0, which is expected to match: 3.0
Called prefire()
Sent output token with value 3.0
Called fire()
Next port to read input from is inputA
Called postfire()
Called prefire()
Called fire()
-- Read input: 3.0, which is expected to match: 3.0
Read input token from inputA with value 4.0
Called prefire()
Called fire()
Sent output token with value 4.0
Next port to read input from is inputA
Called postfire()
Called prefire()
Called fire()
-- Read input: 4.0, which is expected to match: 4.0
Called prefire()
Called fire()
Past the end of training data. Read and discard all inputs.
Checking for deadlock:
There are 2 Blocked actors, 0 Stopped actors, and 4 active threads.
Waiting for actors to stop.
Called postfire()
Called prefire()
Called fire()
Called postfire()
Called prefire()
Called fire()
Checking for deadlock:
There are 3 Blocked actors, 0 Stopped actors, and 4 active threads.
Waiting for actors to stop.
Checking for deadlock:
Read input token from inputA with value 5.0
There are 2 Blocked actors, 0 Stopped actors, and 4 active threads.
Waiting for actors to stop.
Called postfire()
Sent output token with value 4.5
Called prefire()
Called fire()
Next port to read input from is inputB
Called postfire()
Called prefire()
Called fire()
Checking for deadlock:
There are 2 Blocked actors, 0 Stopped actors, and 4 active threads.
Waiting for actors to stop.
Called prefire()
Called fire()
Past the end of training data. Read and discard all inputs.
Checking for deadlock:
There are 3 Blocked actors, 0 Stopped actors, and 4 active threads.
Waiting for actors to stop.
Read input token from inputB with value 6.0
Checking for deadlock:
There are 2 Blocked actors, 0 Stopped actors, and 4 active threads.
Waiting for actors to stop.
Called postfire()
Called prefire()
Called fire()
Checking for deadlock:
There are 2 Blocked actors, 0 Stopped actors, and 4 active threads.
Waiting for actors to stop.
Called prefire()
Called fire()
Past the end of training data. Read and discard all inputs.
Checking for deadlock:
There are 3 Blocked actors, 0 Stopped actors, and 4 active threads.
Waiting for actors to stop.
Sent output token with value 5.0
Next port to read input from is inputA
Called postfire()
Called prefire()
Called fire()
Checking for deadlock:
There are 2 Blocked actors, 0 Stopped actors, and 4 active threads.
Waiting for actors to stop.
Called postfire()
Called prefire()
Called fire()
Checking for deadlock:
Read input token from inputA with value 6.0
There are 3 Blocked actors, 0 Stopped actors, and 4 active threads.
Waiting for actors to stop.
Called prefire()
Called fire()
Sent output token with value 6.0
Checking for deadlock:
There are 2 Blocked actors, 0 Stopped actors, and 4 active threads.
Waiting for actors to stop.
Next port to read input from is inputB
Called postfire()
Called prefire()
Past the end of training data. Read and discard all inputs.
Called fire()
Called postfire()
Called prefire()
Read input token from inputB with value 7.5
Checking for deadlock:
There are 2 Blocked actors, 0 Stopped actors, and 4 active threads.
Waiting for actors to stop.
Called fire()
Sent output token with value 6.0
Called prefire()
Called fire()
Past the end of training data. Read and discard all inputs.
Next port to read input from is inputA
Called postfire()
Called prefire()
Called fire()
Checking for deadlock:
There are 3 Blocked actors, 0 Stopped actors, and 4 active threads.
Waiting for actors to stop.
Called postfire()
Called prefire()
Called fire()
Read input token from inputA with value 7.0
Sent output token with value 7.0
Checking for deadlock:
Next port to read input from is inputA
Called postfire()
There are 2 Blocked actors, 0 Stopped actors, and 4 active threads.
Called prefire()
Waiting for actors to stop.
Called fire()
Called prefire()
Called fire()
Past the end of training data. Read and discard all inputs.
Read input token from inputA with value 8.0
Checking for deadlock:
There are 1 Blocked actors, 0 Stopped actors, and 4 active threads.
Waiting for actors to stop.
Sent output token with value 7.5
-- Thread wrapup() called.
Called wrapup()
Next port to read input from is inputB
Called postfire()
Called prefire()
Thread .top.Ramp is exiting.
Called fire()
-- Thread stopped.
Read input token from inputB with value 9.0
Called postfire()
Called prefire()
Called fire()
Called prefire()
Called fire()
Past the end of training data. Read and discard all inputs.
Called prefire()
Sent output token with value 8.0
Called fire()
Past the end of training data. Read and discard all inputs.
Next port to read input from is inputA
Called postfire()
Checking for deadlock:
Called prefire()
Called fire()
There are 2 Blocked actors, 0 Stopped actors, and 3 active threads.
Waiting for actors to stop.
Read input token from inputA with value 9.0
Sent output token with value 9.0
Called prefire()
Called fire()
Past the end of training data. Read and discard all inputs.
Next port to read input from is inputB
Called postfire()
Called prefire()
Called fire()
Checking for deadlock:
There are 2 Blocked actors, 0 Stopped actors, and 3 active threads.
Waiting for actors to stop.
Checking for deadlock:
There are 1 Blocked actors, 0 Stopped actors, and 3 active threads.
Read input token from inputB with value 10.5
Waiting for actors to stop.
Called postfire()
Sent output token with value 9.0
Checking for deadlock:
There are 0 Blocked actors, 0 Stopped actors, and 3 active threads.
Waiting for actors to stop.
Next port to read input from is inputA
Called postfire()
Called prefire()
Called fire()
Called prefire()
Called fire()
Past the end of training data. Read and discard all inputs.
Called prefire()
Called fire()
Checking for deadlock:
There are 3 Blocked actors, 0 Stopped actors, and 3 active threads.
Actors have stopped.
Checking for deadlock:
There are 3 Blocked actors, 0 Stopped actors, and 3 active threads.
Deadlock detected.
Resolving Deadlock
Checking for deadlock:
There are 3 Blocked actors, 0 Stopped actors, and 3 active threads.
Artificial Deadlock - increasing queue capacity.
increasing the capacity of receiver ptolemy.actor.TypedIOPort {.top.OrderedMerge.inputB} to 2
Director: Called postfire().
Called postfire().
_stopRequested = false
_stopFireRequested = false
Returning from postfire(): true
Called fire().
Checking for deadlock:
There are 2 Blocked actors, 0 Stopped actors, and 3 active threads.
Waiting for actors to stop.
-- Thread wrapup() called.
Called wrapup()
Thread .top.Ramp2 is exiting.
-- Thread stopped.
Checking for deadlock:
There are 2 Blocked actors, 0 Stopped actors, and 2 active threads.
Actors have stopped.
Checking for deadlock:
There are 2 Blocked actors, 0 Stopped actors, and 2 active threads.
Deadlock detected.
Resolving Deadlock
Checking for deadlock:
There are 2 Blocked actors, 0 Stopped actors, and 2 active threads.
Deadlock detected: no processes blocked on write, but some are blocked on read.
Called postfire().
_stopRequested = false
_stopFireRequested = false
Returning from postfire(): false
Finished deactivating branches.
Called wrapup().
-- Thread wrapup() called.
Called wrapup()
-- Thread wrapup() called.
Called wrapup()
Thread .top.Test is exiting.
-- Thread stopped.
-- Blocked Receiver call threw TerminateProcessException.
Thread .top.OrderedMerge is exiting.
-- Thread stopped.
-- Blocked Receiver call threw TerminateProcessException.
57 ms. Memory: 129024K Free: 64551K (50%)
/home/travis/build/icyphy/ptII/ptolemy/actor/lib/test/Publisher.tcl
6 ms. Memory: 129024K Free: 58377K (45%)
4 ms. Memory: 129024K Free: 53287K (41%)
6 ms. Memory: 129024K Free: 49705K (39%)
4 ms. Memory: 129024K Free: 48681K (38%)
3 ms. Memory: 129024K Free: 47657K (37%)
12 ms. Memory: 129024K Free: 47129K (37%)
10 ms. Memory: 155648K Free: 139085K (89%)
3 ms. Memory: 155648K Free: 138045K (89%)
16 ms. Memory: 155648K Free: 129637K (83%)
3 ms. Memory: 155648K Free: 125511K (81%)
3 ms. Memory: 155648K Free: 125031K (80%)
3 ms. Memory: 155648K Free: 122983K (79%)
11 ms. Memory: 155648K Free: 115301K (74%)
13 ms. Memory: 155648K Free: 105575K (68%)
5 ms. Memory: 155648K Free: 94807K (61%)
/home/travis/build/icyphy/ptII/ptolemy/actor/lib/test/Pulse.tcl
1 ms. Memory: 155648K Free: 117030K (75%)
1 ms. Memory: 155648K Free: 116502K (75%)
1 ms. Memory: 155648K Free: 116006K (75%)
2 ms. Memory: 155648K Free: 115486K (74%)
0 ms. Memory: 155648K Free: 114982K (74%)
5 ms. Memory: 155648K Free: 113958K (73%)
2 ms. Memory: 155648K Free: 112934K (73%)
1 ms. Memory: 155648K Free: 111910K (72%)
1 ms. Memory: 155648K Free: 111390K (72%)
/home/travis/build/icyphy/ptII/ptolemy/actor/lib/test/Ramp.tcl
2 ms. Memory: 155648K Free: 109334K (70%)
7 ms. Memory: 155648K Free: 108838K (70%)
2 ms. Memory: 155648K Free: 107814K (69%)
3 ms. Memory: 155648K Free: 107286K (69%)
8 ms. Memory: 155648K Free: 106276K (68%)
9 ms. Memory: 155648K Free: 105766K (68%)
7 ms. Memory: 155648K Free: 104742K (67%)
5 actors
7000 microseconds per iteration to create
10 ms. Memory: 155648K Free: 102099K (66%)
1 ms. Memory: 155648K Free: 101150K (65%)
2 ms. Memory: 155648K Free: 100646K (65%)
2 ms. Memory: 155648K Free: 100118K (64%)
50 actors
28000 microseconds per iteration to create
24 ms. Memory: 155648K Free: 84772K (54%)
5 ms. Memory: 155648K Free: 83748K (54%)
12 ms. Memory: 155648K Free: 82724K (53%)
4 ms. Memory: 155648K Free: 81190K (52%)
500 actors
1498000 microseconds per iteration to create
221 ms. Memory: 187392K Free: 87538K (47%)
31 ms. Memory: 187392K Free: 82418K (44%)
72 ms. Memory: 187392K Free: 160928K (86%)
37 ms. Memory: 187392K Free: 155808K (83%)
/home/travis/build/icyphy/ptII/ptolemy/actor/lib/test/RampContinuous.tcl
7 ms. Memory: 187392K Free: 154250K (82%)
/home/travis/build/icyphy/ptII/ptolemy/actor/lib/test/RecordAssembler.tcl
4 ms. Memory: 187392K Free: 152736K (82%)
2 ms. Memory: 187392K Free: 151712K (81%)
/home/travis/build/icyphy/ptII/ptolemy/actor/lib/test/RecordDisassembler.tcl
5 ms. Memory: 187392K Free: 150159K (80%)
2 ms. Memory: 187392K Free: 149150K (80%)
2 ms. Memory: 187392K Free: 148126K (79%)
/home/travis/build/icyphy/ptII/ptolemy/actor/lib/test/Scale.tcl
2 ms. Memory: 187392K Free: 146078K (78%)
1 ms. Memory: 187392K Free: 145568K (78%)
1 ms. Memory: 187392K Free: 144544K (77%)
2 ms. Memory: 187392K Free: 144015K (77%)
2 ms. Memory: 187392K Free: 142999K (76%)
/home/travis/build/icyphy/ptII/ptolemy/actor/lib/test/SequentialClock.tcl
preinitializing
resolving types
initializing
executing number 1
wrapping up
idle
2 ms. Memory: 187392K Free: 141982K (76%)
Completed execution with 5 iterations
preinitializing
resolving types
initializing
executing number 1
wrapping up
idle
1 ms. Memory: 187392K Free: 140943K (75%)
Completed execution with 5 iterations
preinitializing
resolving types
initializing
executing number 1
wrapping up
idle
1 ms. Memory: 187392K Free: 140448K (75%)
Completed execution with 5 iterations
/home/travis/build/icyphy/ptII/ptolemy/actor/lib/test/SetVariable.tcl
4 ms. Memory: 187392K Free: 138910K (74%)
/home/travis/build/icyphy/ptII/ptolemy/actor/lib/test/Sinewave.tcl
/home/travis/build/icyphy/ptII/ptolemy/actor/lib/test/SubscriptionAggregator.tcl
4 ms. Memory: 187392K Free: 127615K (68%)
2 ms. Memory: 187392K Free: 126622K (68%)
0 ms. Memory: 187392K Free: 126112K (67%)
1 ms. Memory: 187392K Free: 126112K (67%)
2 ms. Memory: 187392K Free: 122016K (65%)
8 ms. Memory: 187392K Free: 119968K (64%)
...............................................................898 ms. Memory: 288768K Free: 126247K (44%)
/home/travis/build/icyphy/ptII/ptolemy/actor/lib/test/Test.tcl
 The next command will produce a warning about training mode,
   which may be ignored.
4 ms. Memory: 288768K Free: 124199K (43%)
9 ms. Memory: 288768K Free: 123175K (43%)
7 ms. Memory: 288768K Free: 122647K (42%)
1 ms. Memory: 288768K Free: 122151K (42%)
1 ms. Memory: 288768K Free: 121607K (42%)
10 ms. Memory: 288768K Free: 120103K (42%)
2 ms. Memory: 288768K Free: 119079K (41%)
 The next command will produce a warning about training mode,
   which may be ignored.
9 ms. Memory: 288768K Free: 116503K (40%)
 The next command will produce a warning about training mode,
   which may be ignored.
2 ms. Memory: 288768K Free: 115479K (40%)
1 ms. Memory: 288768K Free: 114983K (40%)
1 ms. Memory: 288768K Free: 114469K (40%)
9 ms. Memory: 288768K Free: 113959K (39%)
5 ms. Memory: 288768K Free: 112935K (39%)
3 ms. Memory: 288768K Free: 109343K (38%)
/home/travis/build/icyphy/ptII/ptolemy/actor/lib/test/TestExceptionHandler.tcl
 The next command will produce a warning about training mode,
   which may be ignored.
3 ms. Memory: 288768K Free: 107815K (37%)
1 ms. Memory: 288768K Free: 107301K (37%)
0 ms. Memory: 288768K Free: 106791K (37%)
/home/travis/build/icyphy/ptII/ptolemy/actor/lib/test/UnionDisassembler.tcl
23 ms. Memory: 288768K Free: 99623K (34%)
/home/travis/build/icyphy/ptII/ptolemy/actor/lib/test/VariableClock.tcl
preinitializing
52 ms. Memory: 288768K Free: 241447K (84%)
7 ms. Memory: 288768K Free: 239889K (83%)
09/23/20 04:16:44
Failed: 0  Total Tests: 233  ((Passed: 233, Newly Passed: 0)  Known Failed: 0) /home/travis/build/icyphy/ptII/ptolemy/actor/lib/test
----------------- testing (KnownFailure) /home/travis/build/icyphy/ptII/ptolemy/actor/lib/test/auto/knownFailedTests/PublisherPortToplevelSubscriber.xml
2 ms. Memory: 288768K Free: 236837K (82%)
Known Failure: java.lang.reflect.InvocationTargetException
----------------- testing (KnownFailure) /home/travis/build/icyphy/ptII/ptolemy/actor/lib/test/auto/knownFailedTests/PublisherSubscriberPortToplevel.xml
0 ms. Memory: 288768K Free: 232741K (81%)
Known Failure: java.lang.reflect.InvocationTargetException
----------------- testing (KnownFailure) /home/travis/build/icyphy/ptII/ptolemy/actor/lib/test/auto/knownFailedTests/PublisherSubscriptionAggregatorPort.xml
1 ms. Memory: 288768K Free: 228615K (79%)
Known Failure: java.lang.reflect.InvocationTargetException
----------------- testing (KnownFailure) /home/travis/build/icyphy/ptII/ptolemy/actor/lib/test/auto/knownFailedTests/sizedarray3.xml
4 ms. Memory: 288768K Free: 223525K (77%)
Known Failure: java.lang.reflect.InvocationTargetException
No auto/linux-amd64/*.xml tests in /home/travis/build/icyphy/ptII/ptolemy/actor/lib/test
AutoTests.java: About to close Vertx.
AutoTests.java: Vertx closed.

===========================================================================================
----------------- testing Wed Sep 23 16:16:45 UTC 2020 /home/travis/build/icyphy/ptII/ptolemy/actor/lib/test/auto/AbsoluteValue.xml
----------------- Instantiating /home/travis/build/icyphy/ptII/ptolemy/actor/lib/test/auto/AbsoluteValue.xml
11 ms. Memory: 288768K Free: 200997K (70%)
----------------- Invoking toplevel() on ptolemy.moml.MoMLSimpleApplication@603f2c9a
----------------- Done invoking toplevel() on ptolemy.moml.MoMLSimpleApplication@603f2c9a
reloadAllAccessors: .AbsoluteValue

===========================================================================================
----------------- testing Wed Sep 23 16:16:45 UTC 2020 /home/travis/build/icyphy/ptII/ptolemy/actor/lib/test/auto/AbsoluteValue2.xml
----------------- Instantiating /home/travis/build/icyphy/ptII/ptolemy/actor/lib/test/auto/AbsoluteValue2.xml
5 ms. Memory: 288768K Free: 194343K (67%)
----------------- Invoking toplevel() on ptolemy.moml.MoMLSimpleApplication@6581b361
----------------- Done invoking toplevel() on ptolemy.moml.MoMLSimpleApplication@6581b361
reloadAllAccessors: .AbsoluteValue2

===========================================================================================
----------------- testing Wed Sep 23 16:16:45 UTC 2020 /home/travis/build/icyphy/ptII/ptolemy/actor/lib/test/auto/Accumulator.xml
----------------- Instantiating /home/travis/build/icyphy/ptII/ptolemy/actor/lib/test/auto/Accumulator.xml
6 ms. Memory: 288768K Free: 187685K (65%)
----------------- Invoking toplevel() on ptolemy.moml.MoMLSimpleApplication@56129d0c
----------------- Done invoking toplevel() on ptolemy.moml.MoMLSimpleApplication@56129d0c
reloadAllAccessors: .Accumulator

===========================================================================================
----------------- testing Wed Sep 23 16:16:45 UTC 2020 /home/travis/build/icyphy/ptII/ptolemy/actor/lib/test/auto/Accumulator2.xml
----------------- Instantiating /home/travis/build/icyphy/ptII/ptolemy/actor/lib/test/auto/Accumulator2.xml
3 ms. Memory: 288768K Free: 182565K (63%)
----------------- Invoking toplevel() on ptolemy.moml.MoMLSimpleApplication@7413fcf0
----------------- Done invoking toplevel() on ptolemy.moml.MoMLSimpleApplication@7413fcf0
reloadAllAccessors: .Accumulator2

===========================================================================================
----------------- testing Wed Sep 23 16:16:45 UTC 2020 /home/travis/build/icyphy/ptII/ptolemy/actor/lib/test/auto/Accumulator3.xml
----------------- Instantiating /home/travis/build/icyphy/ptII/ptolemy/actor/lib/test/auto/Accumulator3.xml
17 ms. Memory: 288768K Free: 177959K (62%)
----------------- Invoking toplevel() on ptolemy.moml.MoMLSimpleApplication@6770d3c4
----------------- Done invoking toplevel() on ptolemy.moml.MoMLSimpleApplication@6770d3c4
reloadAllAccessors: .Accumulator3

===========================================================================================
----------------- testing Wed Sep 23 16:16:45 UTC 2020 /home/travis/build/icyphy/ptII/ptolemy/actor/lib/test/auto/ArrayAppend.xml
----------------- Instantiating /home/travis/build/icyphy/ptII/ptolemy/actor/lib/test/auto/ArrayAppend.xml
7 ms. Memory: 288768K Free: 172311K (60%)
----------------- Invoking toplevel() on ptolemy.moml.MoMLSimpleApplication@553fe254
----------------- Done invoking toplevel() on ptolemy.moml.MoMLSimpleApplication@553fe254
reloadAllAccessors: .ArrayAppend

===========================================================================================
----------------- testing Wed Sep 23 16:16:45 UTC 2020 /home/travis/build/icyphy/ptII/ptolemy/actor/lib/test/auto/ArrayAppend2.xml
----------------- Instantiating /home/travis/build/icyphy/ptII/ptolemy/actor/lib/test/auto/ArrayAppend2.xml
423 ms. Memory: 288768K Free: 240627K (83%)
----------------- Invoking toplevel() on ptolemy.moml.MoMLSimpleApplication@2a9e5f7
----------------- Done invoking toplevel() on ptolemy.moml.MoMLSimpleApplication@2a9e5f7
reloadAllAccessors: .ArrayAppend2

===========================================================================================
----------------- testing Wed Sep 23 16:16:45 UTC 2020 /home/travis/build/icyphy/ptII/ptolemy/actor/lib/test/auto/ArrayAppend3.xml
----------------- Instantiating /home/travis/build/icyphy/ptII/ptolemy/actor/lib/test/auto/ArrayAppend3.xml
2 ms. Memory: 288768K Free: 234483K (81%)
----------------- Invoking toplevel() on ptolemy.moml.MoMLSimpleApplication@60ca874b
----------------- Done invoking toplevel() on ptolemy.moml.MoMLSimpleApplication@60ca874b
reloadAllAccessors: .ArrayAppend3

===========================================================================================
----------------- testing Wed Sep 23 16:16:45 UTC 2020 /home/travis/build/icyphy/ptII/ptolemy/actor/lib/test/auto/ArrayAppend4.xml
----------------- Instantiating /home/travis/build/icyphy/ptII/ptolemy/actor/lib/test/auto/ArrayAppend4.xml
2 ms. Memory: 288768K Free: 229363K (79%)
----------------- Invoking toplevel() on ptolemy.moml.MoMLSimpleApplication@4b30ae74
----------------- Done invoking toplevel() on ptolemy.moml.MoMLSimpleApplication@4b30ae74
reloadAllAccessors: .ArrayAppend4

===========================================================================================
----------------- testing Wed Sep 23 16:16:45 UTC 2020 /home/travis/build/icyphy/ptII/ptolemy/actor/lib/test/auto/ArrayAppend5.xml
----------------- Instantiating /home/travis/build/icyphy/ptII/ptolemy/actor/lib/test/auto/ArrayAppend5.xml
2 ms. Memory: 288768K Free: 224243K (78%)
----------------- Invoking toplevel() on ptolemy.moml.MoMLSimpleApplication@4802e382
----------------- Done invoking toplevel() on ptolemy.moml.MoMLSimpleApplication@4802e382
reloadAllAccessors: .ArrayAppend5

===========================================================================================
----------------- testing Wed Sep 23 16:16:45 UTC 2020 /home/travis/build/icyphy/ptII/ptolemy/actor/lib/test/auto/ArrayAppend6.xml
----------------- Instantiating /home/travis/build/icyphy/ptII/ptolemy/actor/lib/test/auto/ArrayAppend6.xml
1 ms. Memory: 288768K Free: 219123K (76%)
----------------- Invoking toplevel() on ptolemy.moml.MoMLSimpleApplication@43474c6f
----------------- Done invoking toplevel() on ptolemy.moml.MoMLSimpleApplication@43474c6f
reloadAllAccessors: .ArrayAppend6

===========================================================================================
----------------- testing Wed Sep 23 16:16:46 UTC 2020 /home/travis/build/icyphy/ptII/ptolemy/actor/lib/test/auto/ArrayAppendPerformanceTest.xml
----------------- Instantiating /home/travis/build/icyphy/ptII/ptolemy/actor/lib/test/auto/ArrayAppendPerformanceTest.xml
31 ms. Memory: 288768K Free: 208373K (72%)
----------------- Invoking toplevel() on ptolemy.moml.MoMLSimpleApplication@40886082
----------------- Done invoking toplevel() on ptolemy.moml.MoMLSimpleApplication@40886082
reloadAllAccessors: .ArrayAppendPerformanceTest

===========================================================================================
----------------- testing Wed Sep 23 16:16:46 UTC 2020 /home/travis/build/icyphy/ptII/ptolemy/actor/lib/test/auto/ArrayAppendWithEmptyInput.xml
----------------- Instantiating /home/travis/build/icyphy/ptII/ptolemy/actor/lib/test/auto/ArrayAppendWithEmptyInput.xml
21 ms. Memory: 288768K Free: 200181K (69%)
----------------- Invoking toplevel() on ptolemy.moml.MoMLSimpleApplication@496e056b
----------------- Done invoking toplevel() on ptolemy.moml.MoMLSimpleApplication@496e056b
reloadAllAccessors: .ArrayAppendWithEmptyInput

===========================================================================================
----------------- testing Wed Sep 23 16:16:46 UTC 2020 /home/travis/build/icyphy/ptII/ptolemy/actor/lib/test/auto/ArrayAverage.xml
----------------- Instantiating /home/travis/build/icyphy/ptII/ptolemy/actor/lib/test/auto/ArrayAverage.xml
5 ms. Memory: 288768K Free: 192499K (67%)
----------------- Invoking toplevel() on ptolemy.moml.MoMLSimpleApplication@3ed998bd
----------------- Done invoking toplevel() on ptolemy.moml.MoMLSimpleApplication@3ed998bd
reloadAllAccessors: .ArrayAverage

===========================================================================================
----------------- testing Wed Sep 23 16:16:46 UTC 2020 /home/travis/build/icyphy/ptII/ptolemy/actor/lib/test/auto/ArrayContains.xml
----------------- Instantiating /home/travis/build/icyphy/ptII/ptolemy/actor/lib/test/auto/ArrayContains.xml
3 ms. Memory: 288768K Free: 186355K (65%)
----------------- Invoking toplevel() on ptolemy.moml.MoMLSimpleApplication@53fba6ae
----------------- Done invoking toplevel() on ptolemy.moml.MoMLSimpleApplication@53fba6ae
reloadAllAccessors: .ArrayContains

===========================================================================================
----------------- testing Wed Sep 23 16:16:46 UTC 2020 /home/travis/build/icyphy/ptII/ptolemy/actor/lib/test/auto/ArrayElement.xml
----------------- Instantiating /home/travis/build/icyphy/ptII/ptolemy/actor/lib/test/auto/ArrayElement.xml
6 ms. Memory: 288768K Free: 181205K (63%)
----------------- Invoking toplevel() on ptolemy.moml.MoMLSimpleApplication@5f3f3e04
----------------- Done invoking toplevel() on ptolemy.moml.MoMLSimpleApplication@5f3f3e04
reloadAllAccessors: .ArrayElement

===========================================================================================
----------------- testing Wed Sep 23 16:16:46 UTC 2020 /home/travis/build/icyphy/ptII/ptolemy/actor/lib/test/auto/ArrayElementAsMatrix.xml
----------------- Instantiating /home/travis/build/icyphy/ptII/ptolemy/actor/lib/test/auto/ArrayElementAsMatrix.xml
21 ms. Memory: 288768K Free: 170995K (59%)
----------------- Invoking toplevel() on ptolemy.moml.MoMLSimpleApplication@7e786d06
----------------- Done invoking toplevel() on ptolemy.moml.MoMLSimpleApplication@7e786d06
reloadAllAccessors: .ArrayElementAsMatrix

===========================================================================================
----------------- testing Wed Sep 23 16:16:46 UTC 2020 /home/travis/build/icyphy/ptII/ptolemy/actor/lib/test/auto/ArrayElementI.xml
----------------- Instantiating /home/travis/build/icyphy/ptII/ptolemy/actor/lib/test/auto/ArrayElementI.xml
3 ms. Memory: 288768K Free: 166389K (58%)
----------------- Invoking toplevel() on ptolemy.moml.MoMLSimpleApplication@2db69330
----------------- Done invoking toplevel() on ptolemy.moml.MoMLSimpleApplication@2db69330
reloadAllAccessors: .ArrayElementI

===========================================================================================
----------------- testing Wed Sep 23 16:16:46 UTC 2020 /home/travis/build/icyphy/ptII/ptolemy/actor/lib/test/auto/ArrayExtract.xml
----------------- Instantiating /home/travis/build/icyphy/ptII/ptolemy/actor/lib/test/auto/ArrayExtract.xml
4 ms. Memory: 288768K Free: 158197K (55%)
----------------- Invoking toplevel() on ptolemy.moml.MoMLSimpleApplication@4f27d405
----------------- Done invoking toplevel() on ptolemy.moml.MoMLSimpleApplication@4f27d405
reloadAllAccessors: .ArrayExtract

===========================================================================================
----------------- testing Wed Sep 23 16:16:46 UTC 2020 /home/travis/build/icyphy/ptII/ptolemy/actor/lib/test/auto/ArrayExtract2.xml
----------------- Instantiating /home/travis/build/icyphy/ptII/ptolemy/actor/lib/test/auto/ArrayExtract2.xml
1 ms. Memory: 288768K Free: 152549K (53%)
----------------- Invoking toplevel() on ptolemy.moml.MoMLSimpleApplication@63a6dcc2
----------------- Done invoking toplevel() on ptolemy.moml.MoMLSimpleApplication@63a6dcc2
reloadAllAccessors: .ArrayExtract2

===========================================================================================
----------------- testing Wed Sep 23 16:16:46 UTC 2020 /home/travis/build/icyphy/ptII/ptolemy/actor/lib/test/auto/ArrayLength.xml
----------------- Instantiating /home/travis/build/icyphy/ptII/ptolemy/actor/lib/test/auto/ArrayLength.xml
3 ms. Memory: 288768K Free: 148981K (52%)
----------------- Invoking toplevel() on ptolemy.moml.MoMLSimpleApplication@6884ff19
----------------- Done invoking toplevel() on ptolemy.moml.MoMLSimpleApplication@6884ff19
reloadAllAccessors: .ArrayLength

===========================================================================================
----------------- testing Wed Sep 23 16:16:46 UTC 2020 /home/travis/build/icyphy/ptII/ptolemy/actor/lib/test/auto/ArrayLevelCrossing.xml
----------------- Instantiating /home/travis/build/icyphy/ptII/ptolemy/actor/lib/test/auto/ArrayLevelCrossing.xml
3 ms. Memory: 288768K Free: 140789K (49%)
----------------- Invoking toplevel() on ptolemy.moml.MoMLSimpleApplication@9946cd9
----------------- Done invoking toplevel() on ptolemy.moml.MoMLSimpleApplication@9946cd9
reloadAllAccessors: .ArrayLevelCrossing

===========================================================================================
----------------- testing Wed Sep 23 16:16:46 UTC 2020 /home/travis/build/icyphy/ptII/ptolemy/actor/lib/test/auto/ArrayLevelCrossing2.xml
----------------- Instantiating /home/travis/build/icyphy/ptII/ptolemy/actor/lib/test/auto/ArrayLevelCrossing2.xml
2 ms. Memory: 288768K Free: 133621K (46%)
----------------- Invoking toplevel() on ptolemy.moml.MoMLSimpleApplication@31dfb7bf
----------------- Done invoking toplevel() on ptolemy.moml.MoMLSimpleApplication@31dfb7bf
reloadAllAccessors: .ArrayLevelCrossing2

===========================================================================================
----------------- testing Wed Sep 23 16:16:46 UTC 2020 /home/travis/build/icyphy/ptII/ptolemy/actor/lib/test/auto/ArrayPeakSearch.xml
----------------- Instantiating /home/travis/build/icyphy/ptII/ptolemy/actor/lib/test/auto/ArrayPeakSearch.xml
6 ms. Memory: 288768K Free: 124405K (43%)
----------------- Invoking toplevel() on ptolemy.moml.MoMLSimpleApplication@631905b2
----------------- Done invoking toplevel() on ptolemy.moml.MoMLSimpleApplication@631905b2
reloadAllAccessors: .ArrayPeakSearch

===========================================================================================
----------------- testing Wed Sep 23 16:16:46 UTC 2020 /home/travis/build/icyphy/ptII/ptolemy/actor/lib/test/auto/ArrayPeakSearch2.xml
----------------- Instantiating /home/travis/build/icyphy/ptII/ptolemy/actor/lib/test/auto/ArrayPeakSearch2.xml
4 ms. Memory: 288768K Free: 114165K (40%)
----------------- Invoking toplevel() on ptolemy.moml.MoMLSimpleApplication@1624bf19
----------------- Done invoking toplevel() on ptolemy.moml.MoMLSimpleApplication@1624bf19
reloadAllAccessors: .ArrayPeakSearch2

===========================================================================================
----------------- testing Wed Sep 23 16:16:46 UTC 2020 /home/travis/build/icyphy/ptII/ptolemy/actor/lib/test/auto/ArrayPeakSearch3.xml
----------------- Instantiating /home/travis/build/icyphy/ptII/ptolemy/actor/lib/test/auto/ArrayPeakSearch3.xml
4 ms. Memory: 288768K Free: 104949K (36%)
----------------- Invoking toplevel() on ptolemy.moml.MoMLSimpleApplication@1be402a6
----------------- Done invoking toplevel() on ptolemy.moml.MoMLSimpleApplication@1be402a6
reloadAllAccessors: .ArrayPeakSearch3

===========================================================================================
----------------- testing Wed Sep 23 16:16:46 UTC 2020 /home/travis/build/icyphy/ptII/ptolemy/actor/lib/test/auto/ArrayRemoveElement.xml
----------------- Instantiating /home/travis/build/icyphy/ptII/ptolemy/actor/lib/test/auto/ArrayRemoveElement.xml
2 ms. Memory: 288768K Free: 97267K (34%)
----------------- Invoking toplevel() on ptolemy.moml.MoMLSimpleApplication@162775b9
----------------- Done invoking toplevel() on ptolemy.moml.MoMLSimpleApplication@162775b9
reloadAllAccessors: .ArrayRemoveElement

===========================================================================================
----------------- testing Wed Sep 23 16:16:46 UTC 2020 /home/travis/build/icyphy/ptII/ptolemy/actor/lib/test/auto/ArraySort.xml
----------------- Instantiating /home/travis/build/icyphy/ptII/ptolemy/actor/lib/test/auto/ArraySort.xml
5 ms. Memory: 288768K Free: 88051K (30%)
----------------- Invoking toplevel() on ptolemy.moml.MoMLSimpleApplication@a5d4cd8
----------------- Done invoking toplevel() on ptolemy.moml.MoMLSimpleApplication@a5d4cd8
reloadAllAccessors: .ArraySort

===========================================================================================
----------------- testing Wed Sep 23 16:16:46 UTC 2020 /home/travis/build/icyphy/ptII/ptolemy/actor/lib/test/auto/ArraySum.xml
----------------- Instantiating /home/travis/build/icyphy/ptII/ptolemy/actor/lib/test/auto/ArraySum.xml
8 ms. Memory: 288768K Free: 82931K (29%)
----------------- Invoking toplevel() on ptolemy.moml.MoMLSimpleApplication@2e1ae15e
----------------- Done invoking toplevel() on ptolemy.moml.MoMLSimpleApplication@2e1ae15e
reloadAllAccessors: .ArraySum

===========================================================================================
----------------- testing Wed Sep 23 16:16:46 UTC 2020 /home/travis/build/icyphy/ptII/ptolemy/actor/lib/test/auto/ArrayToElements.xml
----------------- Instantiating /home/travis/build/icyphy/ptII/ptolemy/actor/lib/test/auto/ArrayToElements.xml
8 ms. Memory: 288768K Free: 77301K (27%)
----------------- Invoking toplevel() on ptolemy.moml.MoMLSimpleApplication@2cac9ede
----------------- Done invoking toplevel() on ptolemy.moml.MoMLSimpleApplication@2cac9ede
reloadAllAccessors: .ArrayToElements

===========================================================================================
----------------- testing Wed Sep 23 16:16:46 UTC 2020 /home/travis/build/icyphy/ptII/ptolemy/actor/lib/test/auto/ArrayToMatrix.xml
----------------- Instantiating /home/travis/build/icyphy/ptII/ptolemy/actor/lib/test/auto/ArrayToMatrix.xml
22 ms. Memory: 509952K Free: 452595K (89%)
----------------- Invoking toplevel() on ptolemy.moml.MoMLSimpleApplication@f34a14c
----------------- Done invoking toplevel() on ptolemy.moml.MoMLSimpleApplication@f34a14c
reloadAllAccessors: .ArrayToMatrix

===========================================================================================
----------------- testing Wed Sep 23 16:16:46 UTC 2020 /home/travis/build/icyphy/ptII/ptolemy/actor/lib/test/auto/ArrayUpdate1.xml
----------------- Instantiating /home/travis/build/icyphy/ptII/ptolemy/actor/lib/test/auto/ArrayUpdate1.xml
5 ms. Memory: 509952K Free: 447475K (88%)
----------------- Invoking toplevel() on ptolemy.moml.MoMLSimpleApplication@66a7e3cd
----------------- Done invoking toplevel() on ptolemy.moml.MoMLSimpleApplication@66a7e3cd
reloadAllAccessors: .ArrayUpdate1

===========================================================================================
----------------- testing Wed Sep 23 16:16:46 UTC 2020 /home/travis/build/icyphy/ptII/ptolemy/actor/lib/test/auto/ArrayUpdate2.xml
----------------- Instantiating /home/travis/build/icyphy/ptII/ptolemy/actor/lib/test/auto/ArrayUpdate2.xml
7 ms. Memory: 509952K Free: 441331K (87%)
----------------- Invoking toplevel() on ptolemy.moml.MoMLSimpleApplication@e8bf0b3
----------------- Done invoking toplevel() on ptolemy.moml.MoMLSimpleApplication@e8bf0b3
reloadAllAccessors: .ArrayUpdate2

===========================================================================================
----------------- testing Wed Sep 23 16:16:46 UTC 2020 /home/travis/build/icyphy/ptII/ptolemy/actor/lib/test/auto/ArrayUpdate3.xml
----------------- Instantiating /home/travis/build/icyphy/ptII/ptolemy/actor/lib/test/auto/ArrayUpdate3.xml
3 ms. Memory: 509952K Free: 436211K (86%)
----------------- Invoking toplevel() on ptolemy.moml.MoMLSimpleApplication@35ed3b39
----------------- Done invoking toplevel() on ptolemy.moml.MoMLSimpleApplication@35ed3b39
reloadAllAccessors: .ArrayUpdate3

===========================================================================================
----------------- testing Wed Sep 23 16:16:46 UTC 2020 /home/travis/build/icyphy/ptII/ptolemy/actor/lib/test/auto/Assert1.xml
----------------- Instantiating /home/travis/build/icyphy/ptII/ptolemy/actor/lib/test/auto/Assert1.xml
3 ms. Memory: 509952K Free: 432115K (85%)
----------------- Invoking toplevel() on ptolemy.moml.MoMLSimpleApplication@46c4573c
----------------- Done invoking toplevel() on ptolemy.moml.MoMLSimpleApplication@46c4573c
reloadAllAccessors: .Assert1

===========================================================================================
----------------- testing Wed Sep 23 16:16:46 UTC 2020 /home/travis/build/icyphy/ptII/ptolemy/actor/lib/test/auto/Assert2.xml
----------------- Instantiating /home/travis/build/icyphy/ptII/ptolemy/actor/lib/test/auto/Assert2.xml
2 ms. Memory: 509952K Free: 426995K (84%)
----------------- Invoking toplevel() on ptolemy.moml.MoMLSimpleApplication@5e17ba09
----------------- Done invoking toplevel() on ptolemy.moml.MoMLSimpleApplication@5e17ba09
reloadAllAccessors: .Assert2

===========================================================================================
----------------- testing Wed Sep 23 16:16:46 UTC 2020 /home/travis/build/icyphy/ptII/ptolemy/actor/lib/test/auto/BooleanMultiplexor.xml
----------------- Instantiating /home/travis/build/icyphy/ptII/ptolemy/actor/lib/test/auto/BooleanMultiplexor.xml
2 ms. Memory: 509952K Free: 421845K (83%)
----------------- Invoking toplevel() on ptolemy.moml.MoMLSimpleApplication@d9e91d8
----------------- Done invoking toplevel() on ptolemy.moml.MoMLSimpleApplication@d9e91d8
reloadAllAccessors: .BooleanMultiplexor

===========================================================================================
----------------- testing Wed Sep 23 16:16:46 UTC 2020 /home/travis/build/icyphy/ptII/ptolemy/actor/lib/test/auto/BooleanMultiplexor2.xml
----------------- Instantiating /home/travis/build/icyphy/ptII/ptolemy/actor/lib/test/auto/BooleanMultiplexor2.xml
8 ms. Memory: 509952K Free: 415221K (81%)
----------------- Invoking toplevel() on ptolemy.moml.MoMLSimpleApplication@7882733a
----------------- Done invoking toplevel() on ptolemy.moml.MoMLSimpleApplication@7882733a
reloadAllAccessors: .BooleanMultiplexor2

===========================================================================================
----------------- testing Wed Sep 23 16:16:46 UTC 2020 /home/travis/build/icyphy/ptII/ptolemy/actor/lib/test/auto/BooleanMultiplexor3.xml
----------------- Instantiating /home/travis/build/icyphy/ptII/ptolemy/actor/lib/test/auto/BooleanMultiplexor3.xml
5 ms. Memory: 509952K Free: 411125K (81%)
----------------- Invoking toplevel() on ptolemy.moml.MoMLSimpleApplication@4f122921
----------------- Done invoking toplevel() on ptolemy.moml.MoMLSimpleApplication@4f122921
reloadAllAccessors: .BooleanMultiplexor3

===========================================================================================
----------------- testing Wed Sep 23 16:16:47 UTC 2020 /home/travis/build/icyphy/ptII/ptolemy/actor/lib/test/auto/BooleanSelect.xml
----------------- Instantiating /home/travis/build/icyphy/ptII/ptolemy/actor/lib/test/auto/BooleanSelect.xml
9 ms. Memory: 509952K Free: 405461K (80%)
----------------- Invoking toplevel() on ptolemy.moml.MoMLSimpleApplication@23535517
----------------- Done invoking toplevel() on ptolemy.moml.MoMLSimpleApplication@23535517
reloadAllAccessors: .BooleanSelect

===========================================================================================
----------------- testing Wed Sep 23 16:16:47 UTC 2020 /home/travis/build/icyphy/ptII/ptolemy/actor/lib/test/auto/BooleanSelect2.xml
----------------- Instantiating /home/travis/build/icyphy/ptII/ptolemy/actor/lib/test/auto/BooleanSelect2.xml
2 ms. Memory: 509952K Free: 400885K (79%)
----------------- Invoking toplevel() on ptolemy.moml.MoMLSimpleApplication@46100d9f
----------------- Done invoking toplevel() on ptolemy.moml.MoMLSimpleApplication@46100d9f
reloadAllAccessors: .BooleanSelect2

===========================================================================================
----------------- testing Wed Sep 23 16:16:47 UTC 2020 /home/travis/build/icyphy/ptII/ptolemy/actor/lib/test/auto/BooleanSwitch.xml
----------------- Instantiating /home/travis/build/icyphy/ptII/ptolemy/actor/lib/test/auto/BooleanSwitch.xml
5 ms. Memory: 509952K Free: 395251K (78%)
----------------- Invoking toplevel() on ptolemy.moml.MoMLSimpleApplication@7c81322a
----------------- Done invoking toplevel() on ptolemy.moml.MoMLSimpleApplication@7c81322a
reloadAllAccessors: .BooleanSwitch

===========================================================================================
----------------- testing Wed Sep 23 16:16:47 UTC 2020 /home/travis/build/icyphy/ptII/ptolemy/actor/lib/test/auto/BooleanSwitch2.xml
----------------- Instantiating /home/travis/build/icyphy/ptII/ptolemy/actor/lib/test/auto/BooleanSwitch2.xml
1 ms. Memory: 509952K Free: 390645K (77%)
----------------- Invoking toplevel() on ptolemy.moml.MoMLSimpleApplication@4110046b
----------------- Done invoking toplevel() on ptolemy.moml.MoMLSimpleApplication@4110046b
reloadAllAccessors: .BooleanSwitch2

===========================================================================================
----------------- testing Wed Sep 23 16:16:47 UTC 2020 /home/travis/build/icyphy/ptII/ptolemy/actor/lib/test/auto/BooleanSwitchCloningBugWithClassRelationGroup.xml
----------------- Instantiating /home/travis/build/icyphy/ptII/ptolemy/actor/lib/test/auto/BooleanSwitchCloningBugWithClassRelationGroup.xml
4 ms. Memory: 509952K Free: 384501K (75%)
----------------- Invoking toplevel() on ptolemy.moml.MoMLSimpleApplication@3e830dca
----------------- Done invoking toplevel() on ptolemy.moml.MoMLSimpleApplication@3e830dca
reloadAllAccessors: .BooleanSwitchCloningBugWithClassRelationGroup

===========================================================================================
----------------- testing Wed Sep 23 16:16:47 UTC 2020 /home/travis/build/icyphy/ptII/ptolemy/actor/lib/test/auto/BusActors.xml
----------------- Instantiating /home/travis/build/icyphy/ptII/ptolemy/actor/lib/test/auto/BusActors.xml
6 ms. Memory: 509952K Free: 376309K (74%)
----------------- Invoking toplevel() on ptolemy.moml.MoMLSimpleApplication@4c4cc5ec
----------------- Done invoking toplevel() on ptolemy.moml.MoMLSimpleApplication@4c4cc5ec
reloadAllAccessors: .BusActors

===========================================================================================
----------------- testing Wed Sep 23 16:16:47 UTC 2020 /home/travis/build/icyphy/ptII/ptolemy/actor/lib/test/auto/ClassWrapper.xml
----------------- Instantiating /home/travis/build/icyphy/ptII/ptolemy/actor/lib/test/auto/ClassWrapper.xml
4 ms. Memory: 509952K Free: 372213K (73%)
----------------- Invoking toplevel() on ptolemy.moml.MoMLSimpleApplication@b79f36e
----------------- Done invoking toplevel() on ptolemy.moml.MoMLSimpleApplication@b79f36e
reloadAllAccessors: .ClassWrapper

===========================================================================================
----------------- testing Wed Sep 23 16:16:47 UTC 2020 /home/travis/build/icyphy/ptII/ptolemy/actor/lib/test/auto/Clock.xml
----------------- Instantiating /home/travis/build/icyphy/ptII/ptolemy/actor/lib/test/auto/Clock.xml
3 ms. Memory: 509952K Free: 368117K (72%)
----------------- Invoking toplevel() on ptolemy.moml.MoMLSimpleApplication@3c326718
----------------- Done invoking toplevel() on ptolemy.moml.MoMLSimpleApplication@3c326718
reloadAllAccessors: .Clock

===========================================================================================
----------------- testing Wed Sep 23 16:16:47 UTC 2020 /home/travis/build/icyphy/ptII/ptolemy/actor/lib/test/auto/Clock10.xml
----------------- Instantiating /home/travis/build/icyphy/ptII/ptolemy/actor/lib/test/auto/Clock10.xml
3 ms. Memory: 509952K Free: 362483K (71%)
----------------- Invoking toplevel() on ptolemy.moml.MoMLSimpleApplication@429e455
----------------- Done invoking toplevel() on ptolemy.moml.MoMLSimpleApplication@429e455
reloadAllAccessors: .Clock10

===========================================================================================
----------------- testing Wed Sep 23 16:16:47 UTC 2020 /home/travis/build/icyphy/ptII/ptolemy/actor/lib/test/auto/Clock11.xml
----------------- Instantiating /home/travis/build/icyphy/ptII/ptolemy/actor/lib/test/auto/Clock11.xml
5 ms. Memory: 509952K Free: 356339K (70%)
----------------- Invoking toplevel() on ptolemy.moml.MoMLSimpleApplication@b064510
----------------- Done invoking toplevel() on ptolemy.moml.MoMLSimpleApplication@b064510
reloadAllAccessors: .Clock11

===========================================================================================
----------------- testing Wed Sep 23 16:16:47 UTC 2020 /home/travis/build/icyphy/ptII/ptolemy/actor/lib/test/auto/Clock12.xml
----------------- Instantiating /home/travis/build/icyphy/ptII/ptolemy/actor/lib/test/auto/Clock12.xml
6 ms. Memory: 509952K Free: 350709K (69%)
----------------- Invoking toplevel() on ptolemy.moml.MoMLSimpleApplication@5be206e3
----------------- Done invoking toplevel() on ptolemy.moml.MoMLSimpleApplication@5be206e3
reloadAllAccessors: .Clock12

===========================================================================================
----------------- testing Wed Sep 23 16:16:47 UTC 2020 /home/travis/build/icyphy/ptII/ptolemy/actor/lib/test/auto/Clock13.xml
----------------- Instantiating /home/travis/build/icyphy/ptII/ptolemy/actor/lib/test/auto/Clock13.xml
4 ms. Memory: 509952K Free: 344565K (68%)
----------------- Invoking toplevel() on ptolemy.moml.MoMLSimpleApplication@77368a47
----------------- Done invoking toplevel() on ptolemy.moml.MoMLSimpleApplication@77368a47
reloadAllAccessors: .Clock13

===========================================================================================
----------------- testing Wed Sep 23 16:16:47 UTC 2020 /home/travis/build/icyphy/ptII/ptolemy/actor/lib/test/auto/Clock14.xml
----------------- Instantiating /home/travis/build/icyphy/ptII/ptolemy/actor/lib/test/auto/Clock14.xml
4 ms. Memory: 509952K Free: 338925K (66%)
----------------- Invoking toplevel() on ptolemy.moml.MoMLSimpleApplication@2eec8629
----------------- Done invoking toplevel() on ptolemy.moml.MoMLSimpleApplication@2eec8629
reloadAllAccessors: .Clock14

===========================================================================================
----------------- testing Wed Sep 23 16:16:47 UTC 2020 /home/travis/build/icyphy/ptII/ptolemy/actor/lib/test/auto/Clock15.xml
----------------- Instantiating /home/travis/build/icyphy/ptII/ptolemy/actor/lib/test/auto/Clock15.xml
6 ms. Memory: 509952K Free: 332757K (65%)
----------------- Invoking toplevel() on ptolemy.moml.MoMLSimpleApplication@7fddc416
----------------- Done invoking toplevel() on ptolemy.moml.MoMLSimpleApplication@7fddc416
reloadAllAccessors: .Clock15

===========================================================================================
----------------- testing Wed Sep 23 16:16:47 UTC 2020 /home/travis/build/icyphy/ptII/ptolemy/actor/lib/test/auto/Clock16.xml
----------------- Instantiating /home/travis/build/icyphy/ptII/ptolemy/actor/lib/test/auto/Clock16.xml
37 ms. Memory: 509952K Free: 317427K (62%)
----------------- Invoking toplevel() on ptolemy.moml.MoMLSimpleApplication@3a22d95c
----------------- Done invoking toplevel() on ptolemy.moml.MoMLSimpleApplication@3a22d95c
reloadAllAccessors: .Clock16

===========================================================================================
----------------- testing Wed Sep 23 16:16:47 UTC 2020 /home/travis/build/icyphy/ptII/ptolemy/actor/lib/test/auto/Clock17.xml
----------------- Instantiating /home/travis/build/icyphy/ptII/ptolemy/actor/lib/test/auto/Clock17.xml
28 ms. Memory: 509952K Free: 303605K (60%)
----------------- Invoking toplevel() on ptolemy.moml.MoMLSimpleApplication@599b56a2
----------------- Done invoking toplevel() on ptolemy.moml.MoMLSimpleApplication@599b56a2
reloadAllAccessors: .Clock17

===========================================================================================
----------------- testing Wed Sep 23 16:16:47 UTC 2020 /home/travis/build/icyphy/ptII/ptolemy/actor/lib/test/auto/Clock18.xml
----------------- Instantiating /home/travis/build/icyphy/ptII/ptolemy/actor/lib/test/auto/Clock18.xml
29 ms. Memory: 509952K Free: 290293K (57%)
----------------- Invoking toplevel() on ptolemy.moml.MoMLSimpleApplication@3aa1a522
----------------- Done invoking toplevel() on ptolemy.moml.MoMLSimpleApplication@3aa1a522
reloadAllAccessors: .Clock18

===========================================================================================
----------------- testing Wed Sep 23 16:16:47 UTC 2020 /home/travis/build/icyphy/ptII/ptolemy/actor/lib/test/auto/Clock19.xml
----------------- Instantiating /home/travis/build/icyphy/ptII/ptolemy/actor/lib/test/auto/Clock19.xml
15 ms. Memory: 509952K Free: 277491K (54%)
----------------- Invoking toplevel() on ptolemy.moml.MoMLSimpleApplication@7801321e
----------------- Done invoking toplevel() on ptolemy.moml.MoMLSimpleApplication@7801321e
reloadAllAccessors: .Clock19

===========================================================================================
----------------- testing Wed Sep 23 16:16:47 UTC 2020 /home/travis/build/icyphy/ptII/ptolemy/actor/lib/test/auto/Clock2.xml
----------------- Instantiating /home/travis/build/icyphy/ptII/ptolemy/actor/lib/test/auto/Clock2.xml
4 ms. Memory: 509952K Free: 272885K (54%)
----------------- Invoking toplevel() on ptolemy.moml.MoMLSimpleApplication@bdb3148
----------------- Done invoking toplevel() on ptolemy.moml.MoMLSimpleApplication@bdb3148
reloadAllAccessors: .Clock2

===========================================================================================
----------------- testing Wed Sep 23 16:16:47 UTC 2020 /home/travis/build/icyphy/ptII/ptolemy/actor/lib/test/auto/Clock20.xml
----------------- Instantiating /home/travis/build/icyphy/ptII/ptolemy/actor/lib/test/auto/Clock20.xml
4 ms. Memory: 509952K Free: 267765K (53%)
----------------- Invoking toplevel() on ptolemy.moml.MoMLSimpleApplication@5843e5dc
----------------- Done invoking toplevel() on ptolemy.moml.MoMLSimpleApplication@5843e5dc
reloadAllAccessors: .Clock20

===========================================================================================
----------------- testing Wed Sep 23 16:16:47 UTC 2020 /home/travis/build/icyphy/ptII/ptolemy/actor/lib/test/auto/Clock21.xml
----------------- Instantiating /home/travis/build/icyphy/ptII/ptolemy/actor/lib/test/auto/Clock21.xml
2 ms. Memory: 509952K Free: 262131K (51%)
----------------- Invoking toplevel() on ptolemy.moml.MoMLSimpleApplication@a8d9f91
----------------- Done invoking toplevel() on ptolemy.moml.MoMLSimpleApplication@a8d9f91
reloadAllAccessors: .Clock21

===========================================================================================
----------------- testing Wed Sep 23 16:16:47 UTC 2020 /home/travis/build/icyphy/ptII/ptolemy/actor/lib/test/auto/Clock22.xml
----------------- Instantiating /home/travis/build/icyphy/ptII/ptolemy/actor/lib/test/auto/Clock22.xml
3 ms. Memory: 509952K Free: 256501K (50%)
----------------- Invoking toplevel() on ptolemy.moml.MoMLSimpleApplication@76be30c0
----------------- Done invoking toplevel() on ptolemy.moml.MoMLSimpleApplication@76be30c0
reloadAllAccessors: .Clock22

===========================================================================================
----------------- testing Wed Sep 23 16:16:47 UTC 2020 /home/travis/build/icyphy/ptII/ptolemy/actor/lib/test/auto/Clock23.xml
----------------- Instantiating /home/travis/build/icyphy/ptII/ptolemy/actor/lib/test/auto/Clock23.xml
6 ms. Memory: 509952K Free: 251381K (49%)
----------------- Invoking toplevel() on ptolemy.moml.MoMLSimpleApplication@d3eeb9f
----------------- Done invoking toplevel() on ptolemy.moml.MoMLSimpleApplication@d3eeb9f
reloadAllAccessors: .Clock23

===========================================================================================
----------------- testing Wed Sep 23 16:16:47 UTC 2020 /home/travis/build/icyphy/ptII/ptolemy/actor/lib/test/auto/Clock24.xml
----------------- Instantiating /home/travis/build/icyphy/ptII/ptolemy/actor/lib/test/auto/Clock24.xml
2 ms. Memory: 509952K Free: 245747K (48%)
----------------- Invoking toplevel() on ptolemy.moml.MoMLSimpleApplication@4603115
----------------- Done invoking toplevel() on ptolemy.moml.MoMLSimpleApplication@4603115
reloadAllAccessors: .Clock24

===========================================================================================
----------------- testing Wed Sep 23 16:16:47 UTC 2020 /home/travis/build/icyphy/ptII/ptolemy/actor/lib/test/auto/Clock4.xml
----------------- Instantiating /home/travis/build/icyphy/ptII/ptolemy/actor/lib/test/auto/Clock4.xml
2 ms. Memory: 509952K Free: 241141K (47%)
----------------- Invoking toplevel() on ptolemy.moml.MoMLSimpleApplication@240d7343
----------------- Done invoking toplevel() on ptolemy.moml.MoMLSimpleApplication@240d7343
reloadAllAccessors: .Clock4

===========================================================================================
----------------- testing Wed Sep 23 16:16:47 UTC 2020 /home/travis/build/icyphy/ptII/ptolemy/actor/lib/test/auto/Clock5.xml
----------------- Instantiating /home/travis/build/icyphy/ptII/ptolemy/actor/lib/test/auto/Clock5.xml
2 ms. Memory: 509952K Free: 235501K (46%)
----------------- Invoking toplevel() on ptolemy.moml.MoMLSimpleApplication@54080ebb
----------------- Done invoking toplevel() on ptolemy.moml.MoMLSimpleApplication@54080ebb
reloadAllAccessors: .Clock5

===========================================================================================
----------------- testing Wed Sep 23 16:16:47 UTC 2020 /home/travis/build/icyphy/ptII/ptolemy/actor/lib/test/auto/Clock6.xml
----------------- Instantiating /home/travis/build/icyphy/ptII/ptolemy/actor/lib/test/auto/Clock6.xml
1 ms. Memory: 509952K Free: 231411K (45%)
----------------- Invoking toplevel() on ptolemy.moml.MoMLSimpleApplication@2e0e7837
----------------- Done invoking toplevel() on ptolemy.moml.MoMLSimpleApplication@2e0e7837
reloadAllAccessors: .Clock6

===========================================================================================
----------------- testing Wed Sep 23 16:16:47 UTC 2020 /home/travis/build/icyphy/ptII/ptolemy/actor/lib/test/auto/Clock7.xml
----------------- Instantiating /home/travis/build/icyphy/ptII/ptolemy/actor/lib/test/auto/Clock7.xml
1 ms. Memory: 509952K Free: 226291K (44%)
----------------- Invoking toplevel() on ptolemy.moml.MoMLSimpleApplication@3809f804
----------------- Done invoking toplevel() on ptolemy.moml.MoMLSimpleApplication@3809f804
reloadAllAccessors: .Clock7

===========================================================================================
----------------- testing Wed Sep 23 16:16:47 UTC 2020 /home/travis/build/icyphy/ptII/ptolemy/actor/lib/test/auto/Clock8.xml
----------------- Instantiating /home/travis/build/icyphy/ptII/ptolemy/actor/lib/test/auto/Clock8.xml
4 ms. Memory: 509952K Free: 220661K (43%)
----------------- Invoking toplevel() on ptolemy.moml.MoMLSimpleApplication@79fb7499
----------------- Done invoking toplevel() on ptolemy.moml.MoMLSimpleApplication@79fb7499
reloadAllAccessors: .Clock8

===========================================================================================
----------------- testing Wed Sep 23 16:16:47 UTC 2020 /home/travis/build/icyphy/ptII/ptolemy/actor/lib/test/auto/Clock9.xml
----------------- Instantiating /home/travis/build/icyphy/ptII/ptolemy/actor/lib/test/auto/Clock9.xml
4 ms. Memory: 509952K Free: 215541K (42%)
----------------- Invoking toplevel() on ptolemy.moml.MoMLSimpleApplication@6b865e91
----------------- Done invoking toplevel() on ptolemy.moml.MoMLSimpleApplication@6b865e91
reloadAllAccessors: .Clock9

===========================================================================================
----------------- testing Wed Sep 23 16:16:47 UTC 2020 /home/travis/build/icyphy/ptII/ptolemy/actor/lib/test/auto/CommDistDiscard.xml
----------------- Instantiating /home/travis/build/icyphy/ptII/ptolemy/actor/lib/test/auto/CommDistDiscard.xml
2 ms. Memory: 509952K Free: 209907K (41%)
----------------- Invoking toplevel() on ptolemy.moml.MoMLSimpleApplication@6d726bfa
----------------- Done invoking toplevel() on ptolemy.moml.MoMLSimpleApplication@6d726bfa
reloadAllAccessors: .CommDistDiscard

===========================================================================================
----------------- testing Wed Sep 23 16:16:47 UTC 2020 /home/travis/build/icyphy/ptII/ptolemy/actor/lib/test/auto/Commutator.xml
----------------- Instantiating /home/travis/build/icyphy/ptII/ptolemy/actor/lib/test/auto/Commutator.xml
2 ms. Memory: 509952K Free: 205811K (40%)
----------------- Invoking toplevel() on ptolemy.moml.MoMLSimpleApplication@48b10084
----------------- Done invoking toplevel() on ptolemy.moml.MoMLSimpleApplication@48b10084
reloadAllAccessors: .Commutator

===========================================================================================
----------------- testing Wed Sep 23 16:16:47 UTC 2020 /home/travis/build/icyphy/ptII/ptolemy/actor/lib/test/auto/Commutator2.xml
----------------- Instantiating /home/travis/build/icyphy/ptII/ptolemy/actor/lib/test/auto/Commutator2.xml
2 ms. Memory: 509952K Free: 201205K (39%)
----------------- Invoking toplevel() on ptolemy.moml.MoMLSimpleApplication@6d9aec49
----------------- Done invoking toplevel() on ptolemy.moml.MoMLSimpleApplication@6d9aec49
reloadAllAccessors: .Commutator2

===========================================================================================
----------------- testing Wed Sep 23 16:16:47 UTC 2020 /home/travis/build/icyphy/ptII/ptolemy/actor/lib/test/auto/Commutator3.xml
----------------- Instantiating /home/travis/build/icyphy/ptII/ptolemy/actor/lib/test/auto/Commutator3.xml
2 ms. Memory: 509952K Free: 196595K (39%)
----------------- Invoking toplevel() on ptolemy.moml.MoMLSimpleApplication@5ff57e8c
----------------- Done invoking toplevel() on ptolemy.moml.MoMLSimpleApplication@5ff57e8c
reloadAllAccessors: .Commutator3

===========================================================================================
----------------- testing Wed Sep 23 16:16:47 UTC 2020 /home/travis/build/icyphy/ptII/ptolemy/actor/lib/test/auto/Compare.xml
----------------- Instantiating /home/travis/build/icyphy/ptII/ptolemy/actor/lib/test/auto/Compare.xml
2 ms. Memory: 509952K Free: 189941K (37%)
----------------- Invoking toplevel() on ptolemy.moml.MoMLSimpleApplication@1dbe627e
----------------- Done invoking toplevel() on ptolemy.moml.MoMLSimpleApplication@1dbe627e
reloadAllAccessors: .Compare

===========================================================================================
----------------- testing Wed Sep 23 16:16:48 UTC 2020 /home/travis/build/icyphy/ptII/ptolemy/actor/lib/test/auto/CompareDE.xml
----------------- Instantiating /home/travis/build/icyphy/ptII/ptolemy/actor/lib/test/auto/CompareDE.xml
2 ms. Memory: 509952K Free: 456677K (90%)
----------------- Invoking toplevel() on ptolemy.moml.MoMLSimpleApplication@11151cf7
----------------- Done invoking toplevel() on ptolemy.moml.MoMLSimpleApplication@11151cf7
reloadAllAccessors: .CompareDE

===========================================================================================
----------------- testing Wed Sep 23 16:16:48 UTC 2020 /home/travis/build/icyphy/ptII/ptolemy/actor/lib/test/auto/ComplexDivide.xml
----------------- Instantiating /home/travis/build/icyphy/ptII/ptolemy/actor/lib/test/auto/ComplexDivide.xml
2 ms. Memory: 509952K Free: 452595K (89%)
----------------- Invoking toplevel() on ptolemy.moml.MoMLSimpleApplication@6263bd36
----------------- Done invoking toplevel() on ptolemy.moml.MoMLSimpleApplication@6263bd36
reloadAllAccessors: .ComplexDivide

===========================================================================================
----------------- testing Wed Sep 23 16:16:48 UTC 2020 /home/travis/build/icyphy/ptII/ptolemy/actor/lib/test/auto/ComputeHistogram.xml
----------------- Instantiating /home/travis/build/icyphy/ptII/ptolemy/actor/lib/test/auto/ComputeHistogram.xml
21 ms. Memory: 509952K Free: 439795K (86%)
----------------- Invoking toplevel() on ptolemy.moml.MoMLSimpleApplication@385c0b57
----------------- Done invoking toplevel() on ptolemy.moml.MoMLSimpleApplication@385c0b57
reloadAllAccessors: .ComputeHistogram

===========================================================================================
----------------- testing Wed Sep 23 16:16:48 UTC 2020 /home/travis/build/icyphy/ptII/ptolemy/actor/lib/test/auto/ConfigurationSelect.xml
----------------- Instantiating /home/travis/build/icyphy/ptII/ptolemy/actor/lib/test/auto/ConfigurationSelect.xml
8 ms. Memory: 509952K Free: 434677K (85%)
----------------- Invoking toplevel() on ptolemy.moml.MoMLSimpleApplication@27a8ee12
----------------- Done invoking toplevel() on ptolemy.moml.MoMLSimpleApplication@27a8ee12
reloadAllAccessors: .ConfigurationSelect

===========================================================================================
----------------- testing Wed Sep 23 16:16:48 UTC 2020 /home/travis/build/icyphy/ptII/ptolemy/actor/lib/test/auto/ConfigurationSelect2.xml
----------------- Instantiating /home/travis/build/icyphy/ptII/ptolemy/actor/lib/test/auto/ConfigurationSelect2.xml
2 ms. Memory: 509952K Free: 430067K (84%)
----------------- Invoking toplevel() on ptolemy.moml.MoMLSimpleApplication@74d82de7
----------------- Done invoking toplevel() on ptolemy.moml.MoMLSimpleApplication@74d82de7
reloadAllAccessors: .ConfigurationSelect2

===========================================================================================
----------------- testing Wed Sep 23 16:16:48 UTC 2020 /home/travis/build/icyphy/ptII/ptolemy/actor/lib/test/auto/ConfigurationSwitch.xml
----------------- Instantiating /home/travis/build/icyphy/ptII/ptolemy/actor/lib/test/auto/ConfigurationSwitch.xml
2 ms. Memory: 509952K Free: 424437K (83%)
----------------- Invoking toplevel() on ptolemy.moml.MoMLSimpleApplication@77fd167a
----------------- Done invoking toplevel() on ptolemy.moml.MoMLSimpleApplication@77fd167a
reloadAllAccessors: .ConfigurationSwitch

===========================================================================================
----------------- testing Wed Sep 23 16:16:48 UTC 2020 /home/travis/build/icyphy/ptII/ptolemy/actor/lib/test/auto/ConfigurationSwitch2.xml
----------------- Instantiating /home/travis/build/icyphy/ptII/ptolemy/actor/lib/test/auto/ConfigurationSwitch2.xml
2 ms. Memory: 509952K Free: 419317K (82%)
----------------- Invoking toplevel() on ptolemy.moml.MoMLSimpleApplication@79c43a1f
----------------- Done invoking toplevel() on ptolemy.moml.MoMLSimpleApplication@79c43a1f
reloadAllAccessors: .ConfigurationSwitch2

===========================================================================================
----------------- testing Wed Sep 23 16:16:48 UTC 2020 /home/travis/build/icyphy/ptII/ptolemy/actor/lib/test/auto/ConfigurationSwitchCloningBugWithClassRelationGroup.xml
----------------- Instantiating /home/travis/build/icyphy/ptII/ptolemy/actor/lib/test/auto/ConfigurationSwitchCloningBugWithClassRelationGroup.xml
1 ms. Memory: 509952K Free: 412659K (81%)
----------------- Invoking toplevel() on ptolemy.moml.MoMLSimpleApplication@3b1b15bd
----------------- Done invoking toplevel() on ptolemy.moml.MoMLSimpleApplication@3b1b15bd
reloadAllAccessors: .ConfigurationSwitchCloningBugWithClassRelationGroup

===========================================================================================
----------------- testing Wed Sep 23 16:16:48 UTC 2020 /home/travis/build/icyphy/ptII/ptolemy/actor/lib/test/auto/ConfigurationSwitchSelectSDF.xml
----------------- Instantiating /home/travis/build/icyphy/ptII/ptolemy/actor/lib/test/auto/ConfigurationSwitchSelectSDF.xml
2 ms. Memory: 509952K Free: 407539K (80%)
----------------- Invoking toplevel() on ptolemy.moml.MoMLSimpleApplication@2cec947a
----------------- Done invoking toplevel() on ptolemy.moml.MoMLSimpleApplication@2cec947a
reloadAllAccessors: .ConfigurationSwitchSelectSDF

===========================================================================================
----------------- testing Wed Sep 23 16:16:48 UTC 2020 /home/travis/build/icyphy/ptII/ptolemy/actor/lib/test/auto/ConfigurationSwitchSelectSDF2.xml
----------------- Instantiating /home/travis/build/icyphy/ptII/ptolemy/actor/lib/test/auto/ConfigurationSwitchSelectSDF2.xml
2 ms. Memory: 509952K Free: 401395K (79%)
----------------- Invoking toplevel() on ptolemy.moml.MoMLSimpleApplication@18b2d76f
----------------- Done invoking toplevel() on ptolemy.moml.MoMLSimpleApplication@18b2d76f
reloadAllAccessors: .ConfigurationSwitchSelectSDF2

===========================================================================================
----------------- testing Wed Sep 23 16:16:48 UTC 2020 /home/travis/build/icyphy/ptII/ptolemy/actor/lib/test/auto/Const.xml
----------------- Instantiating /home/travis/build/icyphy/ptII/ptolemy/actor/lib/test/auto/Const.xml
5 ms. Memory: 509952K Free: 397813K (78%)
----------------- Invoking toplevel() on ptolemy.moml.MoMLSimpleApplication@6ce77b7f
----------------- Done invoking toplevel() on ptolemy.moml.MoMLSimpleApplication@6ce77b7f
reloadAllAccessors: .Const

===========================================================================================
----------------- testing Wed Sep 23 16:16:48 UTC 2020 /home/travis/build/icyphy/ptII/ptolemy/actor/lib/test/auto/Const2.xml
----------------- Instantiating /home/travis/build/icyphy/ptII/ptolemy/actor/lib/test/auto/Const2.xml
1 ms. Memory: 509952K Free: 394227K (77%)
----------------- Invoking toplevel() on ptolemy.moml.MoMLSimpleApplication@5bca009a
----------------- Done invoking toplevel() on ptolemy.moml.MoMLSimpleApplication@5bca009a
reloadAllAccessors: .Const2

===========================================================================================
----------------- testing Wed Sep 23 16:16:48 UTC 2020 /home/travis/build/icyphy/ptII/ptolemy/actor/lib/test/auto/Const3.xml
----------------- Instantiating /home/travis/build/icyphy/ptII/ptolemy/actor/lib/test/auto/Const3.xml
1 ms. Memory: 509952K Free: 391155K (77%)
----------------- Invoking toplevel() on ptolemy.moml.MoMLSimpleApplication@62b7b1da
----------------- Done invoking toplevel() on ptolemy.moml.MoMLSimpleApplication@62b7b1da
reloadAllAccessors: .Const3

===========================================================================================
----------------- testing Wed Sep 23 16:16:48 UTC 2020 /home/travis/build/icyphy/ptII/ptolemy/actor/lib/test/auto/ConstantPublisherPort1.xml
----------------- Instantiating /home/travis/build/icyphy/ptII/ptolemy/actor/lib/test/auto/ConstantPublisherPort1.xml
5 ms. Memory: 509952K Free: 381939K (75%)
----------------- Invoking toplevel() on ptolemy.moml.MoMLSimpleApplication@105567c1
----------------- Done invoking toplevel() on ptolemy.moml.MoMLSimpleApplication@105567c1
reloadAllAccessors: .ConstantPublisherPort1

===========================================================================================
----------------- testing Wed Sep 23 16:16:48 UTC 2020 /home/travis/build/icyphy/ptII/ptolemy/actor/lib/test/auto/ConstantPublisherPort2.xml
----------------- Instantiating /home/travis/build/icyphy/ptII/ptolemy/actor/lib/test/auto/ConstantPublisherPort2.xml
10 ms. Memory: 509952K Free: 374771K (73%)
----------------- Invoking toplevel() on ptolemy.moml.MoMLSimpleApplication@59925edb
----------------- Done invoking toplevel() on ptolemy.moml.MoMLSimpleApplication@59925edb
reloadAllAccessors: .ConstantPublisherPort2

===========================================================================================
----------------- testing Wed Sep 23 16:16:48 UTC 2020 /home/travis/build/icyphy/ptII/ptolemy/actor/lib/test/auto/ConstantPublisherPort3.xml
----------------- Instantiating /home/travis/build/icyphy/ptII/ptolemy/actor/lib/test/auto/ConstantPublisherPort3.xml
5 ms. Memory: 509952K Free: 367093K (72%)
----------------- Invoking toplevel() on ptolemy.moml.MoMLSimpleApplication@276abc0d
----------------- Done invoking toplevel() on ptolemy.moml.MoMLSimpleApplication@276abc0d
reloadAllAccessors: .ConstantPublisherPort3

===========================================================================================
----------------- testing Wed Sep 23 16:16:48 UTC 2020 /home/travis/build/icyphy/ptII/ptolemy/actor/lib/test/auto/ConstantPublisherPort4.xml
----------------- Instantiating /home/travis/build/icyphy/ptII/ptolemy/actor/lib/test/auto/ConstantPublisherPort4.xml
2 ms. Memory: 509952K Free: 359925K (71%)
----------------- Invoking toplevel() on ptolemy.moml.MoMLSimpleApplication@159022b6
----------------- Done invoking toplevel() on ptolemy.moml.MoMLSimpleApplication@159022b6
reloadAllAccessors: .ConstantPublisherPort4

===========================================================================================
----------------- testing Wed Sep 23 16:16:48 UTC 2020 /home/travis/build/icyphy/ptII/ptolemy/actor/lib/test/auto/ConstantPublisherPort5.xml
----------------- Instantiating /home/travis/build/icyphy/ptII/ptolemy/actor/lib/test/auto/ConstantPublisherPort5.xml
25 ms. Memory: 509952K Free: 350709K (69%)
----------------- Invoking toplevel() on ptolemy.moml.MoMLSimpleApplication@739c257f
----------------- Done invoking toplevel() on ptolemy.moml.MoMLSimpleApplication@739c257f
reloadAllAccessors: .ConstantPublisherPort5

===========================================================================================
----------------- testing Wed Sep 23 16:16:48 UTC 2020 /home/travis/build/icyphy/ptII/ptolemy/actor/lib/test/auto/ConstantPublisherPort6.xml
----------------- Instantiating /home/travis/build/icyphy/ptII/ptolemy/actor/lib/test/auto/ConstantPublisherPort6.xml
13 ms. Memory: 509952K Free: 341493K (67%)
----------------- Invoking toplevel() on ptolemy.moml.MoMLSimpleApplication@7785105b
----------------- Done invoking toplevel() on ptolemy.moml.MoMLSimpleApplication@7785105b
reloadAllAccessors: .ConstantPublisherPort6

===========================================================================================
----------------- testing Wed Sep 23 16:16:48 UTC 2020 /home/travis/build/icyphy/ptII/ptolemy/actor/lib/test/auto/ConstantPublisherPort7.xml
----------------- Instantiating /home/travis/build/icyphy/ptII/ptolemy/actor/lib/test/auto/ConstantPublisherPort7.xml
12 ms. Memory: 509952K Free: 332787K (65%)
----------------- Invoking toplevel() on ptolemy.moml.MoMLSimpleApplication@62258e42
----------------- Done invoking toplevel() on ptolemy.moml.MoMLSimpleApplication@62258e42
reloadAllAccessors: .ConstantPublisherPort7

===========================================================================================
----------------- testing Wed Sep 23 16:16:48 UTC 2020 /home/travis/build/icyphy/ptII/ptolemy/actor/lib/test/auto/ConstraintMonitor1.xml
----------------- Instantiating /home/travis/build/icyphy/ptII/ptolemy/actor/lib/test/auto/ConstraintMonitor1.xml
3 ms. Memory: 509952K Free: 327667K (64%)
----------------- Invoking toplevel() on ptolemy.moml.MoMLSimpleApplication@138c878e
----------------- Done invoking toplevel() on ptolemy.moml.MoMLSimpleApplication@138c878e
reloadAllAccessors: .ConstraintMonitor1

===========================================================================================
----------------- testing Wed Sep 23 16:16:48 UTC 2020 /home/travis/build/icyphy/ptII/ptolemy/actor/lib/test/auto/ConstraintMonitor2.xml
----------------- Instantiating /home/travis/build/icyphy/ptII/ptolemy/actor/lib/test/auto/ConstraintMonitor2.xml
4 ms. Memory: 509952K Free: 323061K (63%)
----------------- Invoking toplevel() on ptolemy.moml.MoMLSimpleApplication@47bafa39
----------------- Done invoking toplevel() on ptolemy.moml.MoMLSimpleApplication@47bafa39
reloadAllAccessors: .ConstraintMonitor2

===========================================================================================
----------------- testing Wed Sep 23 16:16:48 UTC 2020 /home/travis/build/icyphy/ptII/ptolemy/actor/lib/test/auto/ConstraintMonitor3.xml
----------------- Instantiating /home/travis/build/icyphy/ptII/ptolemy/actor/lib/test/auto/ConstraintMonitor3.xml
4 ms. Memory: 509952K Free: 318451K (62%)
----------------- Invoking toplevel() on ptolemy.moml.MoMLSimpleApplication@51101e7f
----------------- Done invoking toplevel() on ptolemy.moml.MoMLSimpleApplication@51101e7f
reloadAllAccessors: .ConstraintMonitor3

===========================================================================================
----------------- testing Wed Sep 23 16:16:48 UTC 2020 /home/travis/build/icyphy/ptII/ptolemy/actor/lib/test/auto/ConstraintMonitor4.xml
----------------- Instantiating /home/travis/build/icyphy/ptII/ptolemy/actor/lib/test/auto/ConstraintMonitor4.xml
1 ms. Memory: 509952K Free: 313331K (61%)
----------------- Invoking toplevel() on ptolemy.moml.MoMLSimpleApplication@72dd58d7
----------------- Done invoking toplevel() on ptolemy.moml.MoMLSimpleApplication@72dd58d7
reloadAllAccessors: .ConstraintMonitor4

===========================================================================================
----------------- testing Wed Sep 23 16:16:48 UTC 2020 /home/travis/build/icyphy/ptII/ptolemy/actor/lib/test/auto/ConstraintMonitor5.xml
----------------- Instantiating /home/travis/build/icyphy/ptII/ptolemy/actor/lib/test/auto/ConstraintMonitor5.xml
4 ms. Memory: 509952K Free: 308211K (60%)
----------------- Invoking toplevel() on ptolemy.moml.MoMLSimpleApplication@17ac4a1f
----------------- Done invoking toplevel() on ptolemy.moml.MoMLSimpleApplication@17ac4a1f
reloadAllAccessors: .ConstraintMonitor5

===========================================================================================
----------------- testing Wed Sep 23 16:16:48 UTC 2020 /home/travis/build/icyphy/ptII/ptolemy/actor/lib/test/auto/ConstraintMonitor6.xml
----------------- Instantiating /home/travis/build/icyphy/ptII/ptolemy/actor/lib/test/auto/ConstraintMonitor6.xml
2 ms. Memory: 509952K Free: 302053K (59%)
----------------- Invoking toplevel() on ptolemy.moml.MoMLSimpleApplication@445c61fa
----------------- Done invoking toplevel() on ptolemy.moml.MoMLSimpleApplication@445c61fa
reloadAllAccessors: .ConstraintMonitor6

===========================================================================================
----------------- testing Wed Sep 23 16:16:48 UTC 2020 /home/travis/build/icyphy/ptII/ptolemy/actor/lib/test/auto/ConstraintMonitor7.xml
----------------- Instantiating /home/travis/build/icyphy/ptII/ptolemy/actor/lib/test/auto/ConstraintMonitor7.xml
4 ms. Memory: 509952K Free: 295917K (58%)
----------------- Invoking toplevel() on ptolemy.moml.MoMLSimpleApplication@12555929
----------------- Done invoking toplevel() on ptolemy.moml.MoMLSimpleApplication@12555929
reloadAllAccessors: .ConstraintMonitor7

===========================================================================================
----------------- testing Wed Sep 23 16:16:48 UTC 2020 /home/travis/build/icyphy/ptII/ptolemy/actor/lib/test/auto/ConstraintMonitor8.xml
----------------- Instantiating /home/travis/build/icyphy/ptII/ptolemy/actor/lib/test/auto/ConstraintMonitor8.xml
6 ms. Memory: 509952K Free: 288755K (57%)
----------------- Invoking toplevel() on ptolemy.moml.MoMLSimpleApplication@51748906
----------------- Done invoking toplevel() on ptolemy.moml.MoMLSimpleApplication@51748906
reloadAllAccessors: .ConstraintMonitor8

===========================================================================================
----------------- testing Wed Sep 23 16:16:48 UTC 2020 /home/travis/build/icyphy/ptII/ptolemy/actor/lib/test/auto/Counter.xml
----------------- Instantiating /home/travis/build/icyphy/ptII/ptolemy/actor/lib/test/auto/Counter.xml
2 ms. Memory: 509952K Free: 283635K (56%)
----------------- Invoking toplevel() on ptolemy.moml.MoMLSimpleApplication@5e6cd949
----------------- Done invoking toplevel() on ptolemy.moml.MoMLSimpleApplication@5e6cd949
reloadAllAccessors: .Counter

===========================================================================================
----------------- testing Wed Sep 23 16:16:48 UTC 2020 /home/travis/build/icyphy/ptII/ptolemy/actor/lib/test/auto/CurrentTimeSDF.xml
----------------- Instantiating /home/travis/build/icyphy/ptII/ptolemy/actor/lib/test/auto/CurrentTimeSDF.xml
1 ms. Memory: 509952K Free: 279539K (55%)
----------------- Invoking toplevel() on ptolemy.moml.MoMLSimpleApplication@2edf4da5
----------------- Done invoking toplevel() on ptolemy.moml.MoMLSimpleApplication@2edf4da5
reloadAllAccessors: .CurrentTimeSDF

===========================================================================================
----------------- testing Wed Sep 23 16:16:48 UTC 2020 /home/travis/build/icyphy/ptII/ptolemy/actor/lib/test/auto/DB.xml
----------------- Instantiating /home/travis/build/icyphy/ptII/ptolemy/actor/lib/test/auto/DB.xml
2 ms. Memory: 509952K Free: 274933K (54%)
----------------- Invoking toplevel() on ptolemy.moml.MoMLSimpleApplication@bb4328a
----------------- Done invoking toplevel() on ptolemy.moml.MoMLSimpleApplication@bb4328a
reloadAllAccessors: .DB

===========================================================================================
----------------- testing Wed Sep 23 16:16:48 UTC 2020 /home/travis/build/icyphy/ptII/ptolemy/actor/lib/test/auto/DBDE.xml
----------------- Instantiating /home/travis/build/icyphy/ptII/ptolemy/actor/lib/test/auto/DBDE.xml
1 ms. Memory: 509952K Free: 268789K (53%)
----------------- Invoking toplevel() on ptolemy.moml.MoMLSimpleApplication@5b454b4c
----------------- Done invoking toplevel() on ptolemy.moml.MoMLSimpleApplication@5b454b4c
reloadAllAccessors: .DBDE

===========================================================================================
----------------- testing Wed Sep 23 16:16:48 UTC 2020 /home/travis/build/icyphy/ptII/ptolemy/actor/lib/test/auto/DateConstructor.xml
----------------- Instantiating /home/travis/build/icyphy/ptII/ptolemy/actor/lib/test/auto/DateConstructor.xml
30 ms. Memory: 509952K Free: 251381K (49%)
----------------- Invoking toplevel() on ptolemy.moml.MoMLSimpleApplication@325c09ba
----------------- Done invoking toplevel() on ptolemy.moml.MoMLSimpleApplication@325c09ba
reloadAllAccessors: .DateConstructor

===========================================================================================
----------------- testing Wed Sep 23 16:16:48 UTC 2020 /home/travis/build/icyphy/ptII/ptolemy/actor/lib/test/auto/DelayTime.xml
----------------- Instantiating /home/travis/build/icyphy/ptII/ptolemy/actor/lib/test/auto/DelayTime.xml
6 ms. Memory: 509952K Free: 246771K (48%)
----------------- Invoking toplevel() on ptolemy.moml.MoMLSimpleApplication@3d03286e
----------------- Done invoking toplevel() on ptolemy.moml.MoMLSimpleApplication@3d03286e
reloadAllAccessors: .DelayTime

===========================================================================================
----------------- testing Wed Sep 23 16:16:48 UTC 2020 /home/travis/build/icyphy/ptII/ptolemy/actor/lib/test/auto/Dictionary1.xml
----------------- Instantiating /home/travis/build/icyphy/ptII/ptolemy/actor/lib/test/auto/Dictionary1.xml
2 ms. Memory: 509952K Free: 241141K (47%)
----------------- Invoking toplevel() on ptolemy.moml.MoMLSimpleApplication@61d27731
----------------- Done invoking toplevel() on ptolemy.moml.MoMLSimpleApplication@61d27731
reloadAllAccessors: .Dictionary1

===========================================================================================
----------------- testing Wed Sep 23 16:16:48 UTC 2020 /home/travis/build/icyphy/ptII/ptolemy/actor/lib/test/auto/Dictionary2.xml
----------------- Instantiating /home/travis/build/icyphy/ptII/ptolemy/actor/lib/test/auto/Dictionary2.xml
4 ms. Memory: 509952K Free: 235507K (46%)
----------------- Invoking toplevel() on ptolemy.moml.MoMLSimpleApplication@644f1b29
----------------- Done invoking toplevel() on ptolemy.moml.MoMLSimpleApplication@644f1b29
reloadAllAccessors: .Dictionary2

===========================================================================================
----------------- testing Wed Sep 23 16:16:48 UTC 2020 /home/travis/build/icyphy/ptII/ptolemy/actor/lib/test/auto/Dictionary3.xml
----------------- Instantiating /home/travis/build/icyphy/ptII/ptolemy/actor/lib/test/auto/Dictionary3.xml
1 ms. Memory: 509952K Free: 230387K (45%)
----------------- Invoking toplevel() on ptolemy.moml.MoMLSimpleApplication@4b4ccb71
----------------- Done invoking toplevel() on ptolemy.moml.MoMLSimpleApplication@4b4ccb71
reloadAllAccessors: .Dictionary3

===========================================================================================
----------------- testing Wed Sep 23 16:16:48 UTC 2020 /home/travis/build/icyphy/ptII/ptolemy/actor/lib/test/auto/Dictionary4.xml
----------------- Instantiating /home/travis/build/icyphy/ptII/ptolemy/actor/lib/test/auto/Dictionary4.xml
2 ms. Memory: 509952K Free: 223219K (44%)
----------------- Invoking toplevel() on ptolemy.moml.MoMLSimpleApplication@6945b90
----------------- Done invoking toplevel() on ptolemy.moml.MoMLSimpleApplication@6945b90
reloadAllAccessors: .Dictionary4

===========================================================================================
----------------- testing Wed Sep 23 16:16:48 UTC 2020 /home/travis/build/icyphy/ptII/ptolemy/actor/lib/test/auto/Differential.xml
----------------- Instantiating /home/travis/build/icyphy/ptII/ptolemy/actor/lib/test/auto/Differential.xml
3 ms. Memory: 509952K Free: 218613K (43%)
----------------- Invoking toplevel() on ptolemy.moml.MoMLSimpleApplication@52b0532c
----------------- Done invoking toplevel() on ptolemy.moml.MoMLSimpleApplication@52b0532c
reloadAllAccessors: .Differential

===========================================================================================
----------------- testing Wed Sep 23 16:16:48 UTC 2020 /home/travis/build/icyphy/ptII/ptolemy/actor/lib/test/auto/Director.xml
----------------- Instantiating /home/travis/build/icyphy/ptII/ptolemy/actor/lib/test/auto/Director.xml
3 ms. Memory: 509952K Free: 215541K (42%)
----------------- Invoking toplevel() on ptolemy.moml.MoMLSimpleApplication@4d65ccaa
----------------- Done invoking toplevel() on ptolemy.moml.MoMLSimpleApplication@4d65ccaa
reloadAllAccessors: .Director

===========================================================================================
----------------- testing Wed Sep 23 16:16:48 UTC 2020 /home/travis/build/icyphy/ptII/ptolemy/actor/lib/test/auto/DiscreteClock.xml
----------------- Instantiating /home/travis/build/icyphy/ptII/ptolemy/actor/lib/test/auto/DiscreteClock.xml
1 ms. Memory: 509952K Free: 211445K (41%)
----------------- Invoking toplevel() on ptolemy.moml.MoMLSimpleApplication@7f07ac58
----------------- Done invoking toplevel() on ptolemy.moml.MoMLSimpleApplication@7f07ac58
reloadAllAccessors: .DiscreteClock

===========================================================================================
----------------- testing Wed Sep 23 16:16:48 UTC 2020 /home/travis/build/icyphy/ptII/ptolemy/actor/lib/test/auto/DiscreteClock10.xml
----------------- Instantiating /home/travis/build/icyphy/ptII/ptolemy/actor/lib/test/auto/DiscreteClock10.xml
3 ms. Memory: 509952K Free: 205301K (40%)
----------------- Invoking toplevel() on ptolemy.moml.MoMLSimpleApplication@60c1755c
----------------- Done invoking toplevel() on ptolemy.moml.MoMLSimpleApplication@60c1755c
reloadAllAccessors: .DiscreteClock10

===========================================================================================
----------------- testing Wed Sep 23 16:16:48 UTC 2020 /home/travis/build/icyphy/ptII/ptolemy/actor/lib/test/auto/DiscreteClock11.xml
----------------- Instantiating /home/travis/build/icyphy/ptII/ptolemy/actor/lib/test/auto/DiscreteClock11.xml
1 ms. Memory: 509952K Free: 199157K (39%)
----------------- Invoking toplevel() on ptolemy.moml.MoMLSimpleApplication@118bb17f
----------------- Done invoking toplevel() on ptolemy.moml.MoMLSimpleApplication@118bb17f
reloadAllAccessors: .DiscreteClock11

===========================================================================================
----------------- testing Wed Sep 23 16:16:48 UTC 2020 /home/travis/build/icyphy/ptII/ptolemy/actor/lib/test/auto/DiscreteClock12.xml
----------------- Instantiating /home/travis/build/icyphy/ptII/ptolemy/actor/lib/test/auto/DiscreteClock12.xml
2 ms. Memory: 509952K Free: 193523K (38%)
----------------- Invoking toplevel() on ptolemy.moml.MoMLSimpleApplication@4858b816
----------------- Done invoking toplevel() on ptolemy.moml.MoMLSimpleApplication@4858b816
reloadAllAccessors: .DiscreteClock12

===========================================================================================
----------------- testing Wed Sep 23 16:16:48 UTC 2020 /home/travis/build/icyphy/ptII/ptolemy/actor/lib/test/auto/DiscreteClock13.xml
----------------- Instantiating /home/travis/build/icyphy/ptII/ptolemy/actor/lib/test/auto/DiscreteClock13.xml
4 ms. Memory: 509952K Free: 187373K (37%)
----------------- Invoking toplevel() on ptolemy.moml.MoMLSimpleApplication@480a0148
----------------- Done invoking toplevel() on ptolemy.moml.MoMLSimpleApplication@480a0148
reloadAllAccessors: .DiscreteClock13

===========================================================================================
----------------- testing Wed Sep 23 16:16:49 UTC 2020 /home/travis/build/icyphy/ptII/ptolemy/actor/lib/test/auto/DiscreteClock14.xml
----------------- Instantiating /home/travis/build/icyphy/ptII/ptolemy/actor/lib/test/auto/DiscreteClock14.xml
5 ms. Memory: 509952K Free: 181205K (36%)
----------------- Invoking toplevel() on ptolemy.moml.MoMLSimpleApplication@56022681
----------------- Done invoking toplevel() on ptolemy.moml.MoMLSimpleApplication@56022681
reloadAllAccessors: .DiscreteClock14

===========================================================================================
----------------- testing Wed Sep 23 16:16:49 UTC 2020 /home/travis/build/icyphy/ptII/ptolemy/actor/lib/test/auto/DiscreteClock15.xml
----------------- Instantiating /home/travis/build/icyphy/ptII/ptolemy/actor/lib/test/auto/DiscreteClock15.xml
4 ms. Memory: 509952K Free: 175061K (34%)
----------------- Invoking toplevel() on ptolemy.moml.MoMLSimpleApplication@7ef4ad3b
----------------- Done invoking toplevel() on ptolemy.moml.MoMLSimpleApplication@7ef4ad3b
reloadAllAccessors: .DiscreteClock15

===========================================================================================
----------------- testing Wed Sep 23 16:16:49 UTC 2020 /home/travis/build/icyphy/ptII/ptolemy/actor/lib/test/auto/DiscreteClock16.xml
----------------- Instantiating /home/travis/build/icyphy/ptII/ptolemy/actor/lib/test/auto/DiscreteClock16.xml
16 ms. Memory: 509952K Free: 161765K (32%)
----------------- Invoking toplevel() on ptolemy.moml.MoMLSimpleApplication@433b37fd
----------------- Done invoking toplevel() on ptolemy.moml.MoMLSimpleApplication@433b37fd
reloadAllAccessors: .DiscreteClock16

===========================================================================================
----------------- testing Wed Sep 23 16:16:49 UTC 2020 /home/travis/build/icyphy/ptII/ptolemy/actor/lib/test/auto/DiscreteClock17.xml
----------------- Instantiating /home/travis/build/icyphy/ptII/ptolemy/actor/lib/test/auto/DiscreteClock17.xml
14 ms. Memory: 509952K Free: 449676K (88%)
----------------- Invoking toplevel() on ptolemy.moml.MoMLSimpleApplication@eaf5838
----------------- Done invoking toplevel() on ptolemy.moml.MoMLSimpleApplication@eaf5838
reloadAllAccessors: .DiscreteClock17

===========================================================================================
----------------- testing Wed Sep 23 16:16:49 UTC 2020 /home/travis/build/icyphy/ptII/ptolemy/actor/lib/test/auto/DiscreteClock18.xml
----------------- Instantiating /home/travis/build/icyphy/ptII/ptolemy/actor/lib/test/auto/DiscreteClock18.xml
22 ms. Memory: 509952K Free: 435868K (85%)
----------------- Invoking toplevel() on ptolemy.moml.MoMLSimpleApplication@98a44ec
----------------- Done invoking toplevel() on ptolemy.moml.MoMLSimpleApplication@98a44ec
reloadAllAccessors: .DiscreteClock18

===========================================================================================
----------------- testing Wed Sep 23 16:16:49 UTC 2020 /home/travis/build/icyphy/ptII/ptolemy/actor/lib/test/auto/DiscreteClock19.xml
----------------- Instantiating /home/travis/build/icyphy/ptII/ptolemy/actor/lib/test/auto/DiscreteClock19.xml
18 ms. Memory: 509952K Free: 422028K (83%)
----------------- Invoking toplevel() on ptolemy.moml.MoMLSimpleApplication@185cc1d3
----------------- Done invoking toplevel() on ptolemy.moml.MoMLSimpleApplication@185cc1d3
reloadAllAccessors: .DiscreteClock19

===========================================================================================
----------------- testing Wed Sep 23 16:16:49 UTC 2020 /home/travis/build/icyphy/ptII/ptolemy/actor/lib/test/auto/DiscreteClock2.xml
----------------- Instantiating /home/travis/build/icyphy/ptII/ptolemy/actor/lib/test/auto/DiscreteClock2.xml
4 ms. Memory: 509952K Free: 416892K (82%)
----------------- Invoking toplevel() on ptolemy.moml.MoMLSimpleApplication@3ab1ed5
----------------- Done invoking toplevel() on ptolemy.moml.MoMLSimpleApplication@3ab1ed5
reloadAllAccessors: .DiscreteClock2

===========================================================================================
----------------- testing Wed Sep 23 16:16:49 UTC 2020 /home/travis/build/icyphy/ptII/ptolemy/actor/lib/test/auto/DiscreteClock20.xml
----------------- Instantiating /home/travis/build/icyphy/ptII/ptolemy/actor/lib/test/auto/DiscreteClock20.xml
9 ms. Memory: 509952K Free: 411292K (81%)
----------------- Invoking toplevel() on ptolemy.moml.MoMLSimpleApplication@400203ef
----------------- Done invoking toplevel() on ptolemy.moml.MoMLSimpleApplication@400203ef
reloadAllAccessors: .DiscreteClock20

===========================================================================================
----------------- testing Wed Sep 23 16:16:49 UTC 2020 /home/travis/build/icyphy/ptII/ptolemy/actor/lib/test/auto/DiscreteClock21.xml
----------------- Instantiating /home/travis/build/icyphy/ptII/ptolemy/actor/lib/test/auto/DiscreteClock21.xml
5 ms. Memory: 509952K Free: 406172K (80%)
----------------- Invoking toplevel() on ptolemy.moml.MoMLSimpleApplication@4253e629
----------------- Done invoking toplevel() on ptolemy.moml.MoMLSimpleApplication@4253e629
reloadAllAccessors: .DiscreteClock21

===========================================================================================
----------------- testing Wed Sep 23 16:16:49 UTC 2020 /home/travis/build/icyphy/ptII/ptolemy/actor/lib/test/auto/DiscreteClock22.xml
----------------- Instantiating /home/travis/build/icyphy/ptII/ptolemy/actor/lib/test/auto/DiscreteClock22.xml
6 ms. Memory: 509952K Free: 400538K (79%)
----------------- Invoking toplevel() on ptolemy.moml.MoMLSimpleApplication@2545a046
----------------- Done invoking toplevel() on ptolemy.moml.MoMLSimpleApplication@2545a046
reloadAllAccessors: .DiscreteClock22

===========================================================================================
----------------- testing Wed Sep 23 16:16:49 UTC 2020 /home/travis/build/icyphy/ptII/ptolemy/actor/lib/test/auto/DiscreteClock23.xml
----------------- Instantiating /home/travis/build/icyphy/ptII/ptolemy/actor/lib/test/auto/DiscreteClock23.xml
9 ms. Memory: 509952K Free: 394908K (77%)
----------------- Invoking toplevel() on ptolemy.moml.MoMLSimpleApplication@2c2a1ef8
----------------- Done invoking toplevel() on ptolemy.moml.MoMLSimpleApplication@2c2a1ef8
reloadAllAccessors: .DiscreteClock23

===========================================================================================
----------------- testing Wed Sep 23 16:16:49 UTC 2020 /home/travis/build/icyphy/ptII/ptolemy/actor/lib/test/auto/DiscreteClock24.xml
----------------- Instantiating /home/travis/build/icyphy/ptII/ptolemy/actor/lib/test/auto/DiscreteClock24.xml
5 ms. Memory: 509952K Free: 389274K (76%)
----------------- Invoking toplevel() on ptolemy.moml.MoMLSimpleApplication@4b7c0640
----------------- Done invoking toplevel() on ptolemy.moml.MoMLSimpleApplication@4b7c0640
reloadAllAccessors: .DiscreteClock24

===========================================================================================
----------------- testing Wed Sep 23 16:16:49 UTC 2020 /home/travis/build/icyphy/ptII/ptolemy/actor/lib/test/auto/DiscreteClock4.xml
----------------- Instantiating /home/travis/build/icyphy/ptII/ptolemy/actor/lib/test/auto/DiscreteClock4.xml
3 ms. Memory: 509952K Free: 384154K (75%)
----------------- Invoking toplevel() on ptolemy.moml.MoMLSimpleApplication@12f074df
----------------- Done invoking toplevel() on ptolemy.moml.MoMLSimpleApplication@12f074df
reloadAllAccessors: .DiscreteClock4

===========================================================================================
----------------- testing Wed Sep 23 16:16:49 UTC 2020 /home/travis/build/icyphy/ptII/ptolemy/actor/lib/test/auto/DiscreteClock5.xml
----------------- Instantiating /home/travis/build/icyphy/ptII/ptolemy/actor/lib/test/auto/DiscreteClock5.xml
2 ms. Memory: 509952K Free: 378524K (74%)
----------------- Invoking toplevel() on ptolemy.moml.MoMLSimpleApplication@763ec8f1
----------------- Done invoking toplevel() on ptolemy.moml.MoMLSimpleApplication@763ec8f1
reloadAllAccessors: .DiscreteClock5

===========================================================================================
----------------- testing Wed Sep 23 16:16:49 UTC 2020 /home/travis/build/icyphy/ptII/ptolemy/actor/lib/test/auto/DiscreteClock6.xml
----------------- Instantiating /home/travis/build/icyphy/ptII/ptolemy/actor/lib/test/auto/DiscreteClock6.xml
1 ms. Memory: 509952K Free: 373914K (73%)
----------------- Invoking toplevel() on ptolemy.moml.MoMLSimpleApplication@4981be06
----------------- Done invoking toplevel() on ptolemy.moml.MoMLSimpleApplication@4981be06
reloadAllAccessors: .DiscreteClock6

===========================================================================================
----------------- testing Wed Sep 23 16:16:49 UTC 2020 /home/travis/build/icyphy/ptII/ptolemy/actor/lib/test/auto/DiscreteClock7.xml
----------------- Instantiating /home/travis/build/icyphy/ptII/ptolemy/actor/lib/test/auto/DiscreteClock7.xml
1 ms. Memory: 509952K Free: 368794K (72%)
----------------- Invoking toplevel() on ptolemy.moml.MoMLSimpleApplication@93f4343
----------------- Done invoking toplevel() on ptolemy.moml.MoMLSimpleApplication@93f4343
reloadAllAccessors: .DiscreteClock7

===========================================================================================
----------------- testing Wed Sep 23 16:16:49 UTC 2020 /home/travis/build/icyphy/ptII/ptolemy/actor/lib/test/auto/DiscreteClock8.xml
----------------- Instantiating /home/travis/build/icyphy/ptII/ptolemy/actor/lib/test/auto/DiscreteClock8.xml
4 ms. Memory: 509952K Free: 363644K (71%)
----------------- Invoking toplevel() on ptolemy.moml.MoMLSimpleApplication@3bf1adba
----------------- Done invoking toplevel() on ptolemy.moml.MoMLSimpleApplication@3bf1adba
reloadAllAccessors: .DiscreteClock8

===========================================================================================
----------------- testing Wed Sep 23 16:16:49 UTC 2020 /home/travis/build/icyphy/ptII/ptolemy/actor/lib/test/auto/DiscreteClock9.xml
----------------- Instantiating /home/travis/build/icyphy/ptII/ptolemy/actor/lib/test/auto/DiscreteClock9.xml
4 ms. Memory: 509952K Free: 357516K (70%)
----------------- Invoking toplevel() on ptolemy.moml.MoMLSimpleApplication@78b0b6e1
----------------- Done invoking toplevel() on ptolemy.moml.MoMLSimpleApplication@78b0b6e1
reloadAllAccessors: .DiscreteClock9

===========================================================================================
----------------- testing Wed Sep 23 16:16:49 UTC 2020 /home/travis/build/icyphy/ptII/ptolemy/actor/lib/test/auto/DisplayArray.xml
----------------- Instantiating /home/travis/build/icyphy/ptII/ptolemy/actor/lib/test/auto/DisplayArray.xml
1 ms. Memory: 509952K Free: 353948K (69%)
----------------- Invoking toplevel() on ptolemy.moml.MoMLSimpleApplication@2b10728d
----------------- Done invoking toplevel() on ptolemy.moml.MoMLSimpleApplication@2b10728d
reloadAllAccessors: .DisplayArray

===========================================================================================
----------------- testing Wed Sep 23 16:16:49 UTC 2020 /home/travis/build/icyphy/ptII/ptolemy/actor/lib/test/auto/Distributor.xml
----------------- Instantiating /home/travis/build/icyphy/ptII/ptolemy/actor/lib/test/auto/Distributor.xml
1 ms. Memory: 509952K Free: 348828K (68%)
----------------- Invoking toplevel() on ptolemy.moml.MoMLSimpleApplication@59a53410
----------------- Done invoking toplevel() on ptolemy.moml.MoMLSimpleApplication@59a53410
reloadAllAccessors: .Distributor

===========================================================================================
----------------- testing Wed Sep 23 16:16:49 UTC 2020 /home/travis/build/icyphy/ptII/ptolemy/actor/lib/test/auto/Distributor2.xml
----------------- Instantiating /home/travis/build/icyphy/ptII/ptolemy/actor/lib/test/auto/Distributor2.xml
2 ms. Memory: 509952K Free: 343708K (67%)
----------------- Invoking toplevel() on ptolemy.moml.MoMLSimpleApplication@1572e1c9
----------------- Done invoking toplevel() on ptolemy.moml.MoMLSimpleApplication@1572e1c9
reloadAllAccessors: .Distributor2

===========================================================================================
----------------- testing Wed Sep 23 16:16:49 UTC 2020 /home/travis/build/icyphy/ptII/ptolemy/actor/lib/test/auto/DownSample.xml
----------------- Instantiating /home/travis/build/icyphy/ptII/ptolemy/actor/lib/test/auto/DownSample.xml
2 ms. Memory: 509952K Free: 339612K (67%)
----------------- Invoking toplevel() on ptolemy.moml.MoMLSimpleApplication@711be999
----------------- Done invoking toplevel() on ptolemy.moml.MoMLSimpleApplication@711be999
reloadAllAccessors: .DownSample

===========================================================================================
----------------- testing Wed Sep 23 16:16:49 UTC 2020 /home/travis/build/icyphy/ptII/ptolemy/actor/lib/test/auto/ElectronicUnitBase1.xml
----------------- Instantiating /home/travis/build/icyphy/ptII/ptolemy/actor/lib/test/auto/ElectronicUnitBase1.xml
17 ms. Memory: 509952K Free: 323228K (63%)
----------------- Invoking toplevel() on ptolemy.moml.MoMLSimpleApplication@33c9dc23
----------------- Done invoking toplevel() on ptolemy.moml.MoMLSimpleApplication@33c9dc23
reloadAllAccessors: .ElectronicUnitBase1

===========================================================================================
----------------- testing Wed Sep 23 16:16:49 UTC 2020 /home/travis/build/icyphy/ptII/ptolemy/actor/lib/test/auto/ElementsToArray.xml
----------------- Instantiating /home/travis/build/icyphy/ptII/ptolemy/actor/lib/test/auto/ElementsToArray.xml
3 ms. Memory: 509952K Free: 318108K (62%)
----------------- Invoking toplevel() on ptolemy.moml.MoMLSimpleApplication@29b5fe80
----------------- Done invoking toplevel() on ptolemy.moml.MoMLSimpleApplication@29b5fe80
reloadAllAccessors: .ElementsToArray

===========================================================================================
----------------- testing Wed Sep 23 16:16:49 UTC 2020 /home/travis/build/icyphy/ptII/ptolemy/actor/lib/test/auto/Equals.xml
----------------- Instantiating /home/travis/build/icyphy/ptII/ptolemy/actor/lib/test/auto/Equals.xml
3 ms. Memory: 509952K Free: 313498K (61%)
----------------- Invoking toplevel() on ptolemy.moml.MoMLSimpleApplication@3cd1e287
----------------- Done invoking toplevel() on ptolemy.moml.MoMLSimpleApplication@3cd1e287
reloadAllAccessors: .Equals

===========================================================================================
----------------- testing Wed Sep 23 16:16:49 UTC 2020 /home/travis/build/icyphy/ptII/ptolemy/actor/lib/test/auto/Exec.xml
----------------- Instantiating /home/travis/build/icyphy/ptII/ptolemy/actor/lib/test/auto/Exec.xml
17 ms. Memory: 509952K Free: 307354K (60%)
----------------- Invoking toplevel() on ptolemy.moml.MoMLSimpleApplication@13d9b067
----------------- Done invoking toplevel() on ptolemy.moml.MoMLSimpleApplication@13d9b067
reloadAllAccessors: .Exec

===========================================================================================
----------------- testing Wed Sep 23 16:16:49 UTC 2020 /home/travis/build/icyphy/ptII/ptolemy/actor/lib/test/auto/ExecEnvironment.xml
----------------- Instantiating /home/travis/build/icyphy/ptII/ptolemy/actor/lib/test/auto/ExecEnvironment.xml
19 ms. Memory: 509952K Free: 302220K (59%)
----------------- Invoking toplevel() on ptolemy.moml.MoMLSimpleApplication@2d49940a
----------------- Done invoking toplevel() on ptolemy.moml.MoMLSimpleApplication@2d49940a
reloadAllAccessors: .ExecEnvironment

===========================================================================================
----------------- testing Wed Sep 23 16:16:49 UTC 2020 /home/travis/build/icyphy/ptII/ptolemy/actor/lib/test/auto/ExecNonZeroReturnOutput.xml
----------------- Instantiating /home/travis/build/icyphy/ptII/ptolemy/actor/lib/test/auto/ExecNonZeroReturnOutput.xml
163 ms. Memory: 509952K Free: 290967K (57%)
----------------- Invoking toplevel() on ptolemy.moml.MoMLSimpleApplication@785f25c9
----------------- Done invoking toplevel() on ptolemy.moml.MoMLSimpleApplication@785f25c9
reloadAllAccessors: .ExecNonZeroReturnOutput

===========================================================================================
----------------- testing Wed Sep 23 16:16:49 UTC 2020 /home/travis/build/icyphy/ptII/ptolemy/actor/lib/test/auto/ExecRunDemos.xml
----------------- Instantiating /home/travis/build/icyphy/ptII/ptolemy/actor/lib/test/auto/ExecRunDemos.xml
Finished: 65 ms. Memory: 129024K Free: 112219K (87%)

Finished: 71 ms. Memory: 129024K Free: 109429K (85%)

Finished: 74 ms. Memory: 129024K Free: 109806K (85%)

Finished: 66 ms. Memory: 129024K Free: 111049K (86%)

Finished: 66 ms. Memory: 129024K Free: 111893K (87%)

10073 ms. Memory: 509952K Free: 269466K (53%)
----------------- Invoking toplevel() on ptolemy.moml.MoMLSimpleApplication@1e318252
----------------- Done invoking toplevel() on ptolemy.moml.MoMLSimpleApplication@1e318252
reloadAllAccessors: .ExecRunDemos

===========================================================================================
----------------- testing Wed Sep 23 16:17:00 UTC 2020 /home/travis/build/icyphy/ptII/ptolemy/actor/lib/test/auto/ExecStop.xml
----------------- Instantiating /home/travis/build/icyphy/ptII/ptolemy/actor/lib/test/auto/ExecStop.xml
5015 ms. Memory: 509952K Free: 433378K (85%)
----------------- Invoking toplevel() on ptolemy.moml.MoMLSimpleApplication@2d37ad16
----------------- Done invoking toplevel() on ptolemy.moml.MoMLSimpleApplication@2d37ad16
reloadAllAccessors: .ExecStop

===========================================================================================
----------------- testing Wed Sep 23 16:17:05 UTC 2020 /home/travis/build/icyphy/ptII/ptolemy/actor/lib/test/auto/ExecutionTimeSDF.xml
----------------- Instantiating /home/travis/build/icyphy/ptII/ptolemy/actor/lib/test/auto/ExecutionTimeSDF.xml
Fired ExecutionTime: -1102567296
Fired ExecutionTime: 1334800000
Fired ExecutionTime: -172167296
6005 ms. Memory: 509952K Free: 421076K (83%)
----------------- Invoking toplevel() on ptolemy.moml.MoMLSimpleApplication@eae0971
----------------- Done invoking toplevel() on ptolemy.moml.MoMLSimpleApplication@eae0971
reloadAllAccessors: .ExecutionTimeSDF

===========================================================================================
----------------- testing Wed Sep 23 16:17:11 UTC 2020 /home/travis/build/icyphy/ptII/ptolemy/actor/lib/test/auto/Expression1.xml
----------------- Instantiating /home/travis/build/icyphy/ptII/ptolemy/actor/lib/test/auto/Expression1.xml
1 ms. Memory: 509952K Free: 417508K (82%)
----------------- Invoking toplevel() on ptolemy.moml.MoMLSimpleApplication@654c7b26
----------------- Done invoking toplevel() on ptolemy.moml.MoMLSimpleApplication@654c7b26
reloadAllAccessors: .Expression1

===========================================================================================
----------------- testing Wed Sep 23 16:17:11 UTC 2020 /home/travis/build/icyphy/ptII/ptolemy/actor/lib/test/auto/Expression10.xml
----------------- Instantiating /home/travis/build/icyphy/ptII/ptolemy/actor/lib/test/auto/Expression10.xml
4 ms. Memory: 509952K Free: 412388K (81%)
----------------- Invoking toplevel() on ptolemy.moml.MoMLSimpleApplication@1a6dd12c
----------------- Done invoking toplevel() on ptolemy.moml.MoMLSimpleApplication@1a6dd12c
reloadAllAccessors: .Expression10

===========================================================================================
----------------- testing Wed Sep 23 16:17:11 UTC 2020 /home/travis/build/icyphy/ptII/ptolemy/actor/lib/test/auto/Expression11.xml
----------------- Instantiating /home/travis/build/icyphy/ptII/ptolemy/actor/lib/test/auto/Expression11.xml
3 ms. Memory: 509952K Free: 407778K (80%)
----------------- Invoking toplevel() on ptolemy.moml.MoMLSimpleApplication@4511ce3a
----------------- Done invoking toplevel() on ptolemy.moml.MoMLSimpleApplication@4511ce3a
reloadAllAccessors: .Expression11

===========================================================================================
----------------- testing Wed Sep 23 16:17:11 UTC 2020 /home/travis/build/icyphy/ptII/ptolemy/actor/lib/test/auto/Expression12.xml
----------------- Instantiating /home/travis/build/icyphy/ptII/ptolemy/actor/lib/test/auto/Expression12.xml
2 ms. Memory: 509952K Free: 402148K (79%)
----------------- Invoking toplevel() on ptolemy.moml.MoMLSimpleApplication@75c20f15
----------------- Done invoking toplevel() on ptolemy.moml.MoMLSimpleApplication@75c20f15
reloadAllAccessors: .Expression12

===========================================================================================
----------------- testing Wed Sep 23 16:17:11 UTC 2020 /home/travis/build/icyphy/ptII/ptolemy/actor/lib/test/auto/Expression13.xml
----------------- Instantiating /home/travis/build/icyphy/ptII/ptolemy/actor/lib/test/auto/Expression13.xml
3 ms. Memory: 509952K Free: 397028K (78%)
----------------- Invoking toplevel() on ptolemy.moml.MoMLSimpleApplication@4b315c2e
----------------- Done invoking toplevel() on ptolemy.moml.MoMLSimpleApplication@4b315c2e
reloadAllAccessors: .Expression13

===========================================================================================
----------------- testing Wed Sep 23 16:17:11 UTC 2020 /home/travis/build/icyphy/ptII/ptolemy/actor/lib/test/auto/Expression14.xml
----------------- Instantiating /home/travis/build/icyphy/ptII/ptolemy/actor/lib/test/auto/Expression14.xml
4 ms. Memory: 509952K Free: 390884K (77%)
----------------- Invoking toplevel() on ptolemy.moml.MoMLSimpleApplication@67959b9c
----------------- Done invoking toplevel() on ptolemy.moml.MoMLSimpleApplication@67959b9c
reloadAllAccessors: .Expression14

===========================================================================================
----------------- testing Wed Sep 23 16:17:11 UTC 2020 /home/travis/build/icyphy/ptII/ptolemy/actor/lib/test/auto/Expression15.xml
----------------- Instantiating /home/travis/build/icyphy/ptII/ptolemy/actor/lib/test/auto/Expression15.xml
1 ms. Memory: 509952K Free: 387298K (76%)
----------------- Invoking toplevel() on ptolemy.moml.MoMLSimpleApplication@2a7280ab
----------------- Done invoking toplevel() on ptolemy.moml.MoMLSimpleApplication@2a7280ab
reloadAllAccessors: .Expression15

===========================================================================================
----------------- testing Wed Sep 23 16:17:11 UTC 2020 /home/travis/build/icyphy/ptII/ptolemy/actor/lib/test/auto/Expression16.xml
----------------- Instantiating /home/travis/build/icyphy/ptII/ptolemy/actor/lib/test/auto/Expression16.xml
4 ms. Memory: 509952K Free: 382178K (75%)
----------------- Invoking toplevel() on ptolemy.moml.MoMLSimpleApplication@72945542
----------------- Done invoking toplevel() on ptolemy.moml.MoMLSimpleApplication@72945542
reloadAllAccessors: .Expression16

===========================================================================================
----------------- testing Wed Sep 23 16:17:11 UTC 2020 /home/travis/build/icyphy/ptII/ptolemy/actor/lib/test/auto/Expression17.xml
----------------- Instantiating /home/travis/build/icyphy/ptII/ptolemy/actor/lib/test/auto/Expression17.xml
4 ms. Memory: 509952K Free: 377058K (74%)
----------------- Invoking toplevel() on ptolemy.moml.MoMLSimpleApplication@62802ac7
----------------- Done invoking toplevel() on ptolemy.moml.MoMLSimpleApplication@62802ac7
reloadAllAccessors: .Expression17

===========================================================================================
----------------- testing Wed Sep 23 16:17:11 UTC 2020 /home/travis/build/icyphy/ptII/ptolemy/actor/lib/test/auto/Expression18.xml
----------------- Instantiating /home/travis/build/icyphy/ptII/ptolemy/actor/lib/test/auto/Expression18.xml
3 ms. Memory: 509952K Free: 371938K (73%)
----------------- Invoking toplevel() on ptolemy.moml.MoMLSimpleApplication@3cd4ffbe
----------------- Done invoking toplevel() on ptolemy.moml.MoMLSimpleApplication@3cd4ffbe
reloadAllAccessors: .Expression18

===========================================================================================
----------------- testing Wed Sep 23 16:17:11 UTC 2020 /home/travis/build/icyphy/ptII/ptolemy/actor/lib/test/auto/Expression2.xml
----------------- Instantiating /home/travis/build/icyphy/ptII/ptolemy/actor/lib/test/auto/Expression2.xml
3 ms. Memory: 509952K Free: 366818K (72%)
----------------- Invoking toplevel() on ptolemy.moml.MoMLSimpleApplication@10827f42
----------------- Done invoking toplevel() on ptolemy.moml.MoMLSimpleApplication@10827f42
reloadAllAccessors: .Expression2

===========================================================================================
----------------- testing Wed Sep 23 16:17:11 UTC 2020 /home/travis/build/icyphy/ptII/ptolemy/actor/lib/test/auto/Expression3.xml
----------------- Instantiating /home/travis/build/icyphy/ptII/ptolemy/actor/lib/test/auto/Expression3.xml
6 ms. Memory: 509952K Free: 361698K (71%)
----------------- Invoking toplevel() on ptolemy.moml.MoMLSimpleApplication@3099631c
----------------- Done invoking toplevel() on ptolemy.moml.MoMLSimpleApplication@3099631c
reloadAllAccessors: .Expression3

===========================================================================================
----------------- testing Wed Sep 23 16:17:11 UTC 2020 /home/travis/build/icyphy/ptII/ptolemy/actor/lib/test/auto/Expression4.xml
----------------- Instantiating /home/travis/build/icyphy/ptII/ptolemy/actor/lib/test/auto/Expression4.xml
5 ms. Memory: 509952K Free: 354530K (70%)
----------------- Invoking toplevel() on ptolemy.moml.MoMLSimpleApplication@7445c27a
----------------- Done invoking toplevel() on ptolemy.moml.MoMLSimpleApplication@7445c27a
reloadAllAccessors: .Expression4

===========================================================================================
----------------- testing Wed Sep 23 16:17:11 UTC 2020 /home/travis/build/icyphy/ptII/ptolemy/actor/lib/test/auto/Expression5.xml
----------------- Instantiating /home/travis/build/icyphy/ptII/ptolemy/actor/lib/test/auto/Expression5.xml
5 ms. Memory: 509952K Free: 349410K (69%)
----------------- Invoking toplevel() on ptolemy.moml.MoMLSimpleApplication@40ccccf9
----------------- Done invoking toplevel() on ptolemy.moml.MoMLSimpleApplication@40ccccf9
reloadAllAccessors: .Expression5

===========================================================================================
----------------- testing Wed Sep 23 16:17:11 UTC 2020 /home/travis/build/icyphy/ptII/ptolemy/actor/lib/test/auto/Expression6.xml
----------------- Instantiating /home/travis/build/icyphy/ptII/ptolemy/actor/lib/test/auto/Expression6.xml
2 ms. Memory: 509952K Free: 344804K (68%)
----------------- Invoking toplevel() on ptolemy.moml.MoMLSimpleApplication@52dac903
----------------- Done invoking toplevel() on ptolemy.moml.MoMLSimpleApplication@52dac903
reloadAllAccessors: .Expression6

===========================================================================================
----------------- testing Wed Sep 23 16:17:11 UTC 2020 /home/travis/build/icyphy/ptII/ptolemy/actor/lib/test/auto/Expression7.xml
----------------- Instantiating /home/travis/build/icyphy/ptII/ptolemy/actor/lib/test/auto/Expression7.xml
2 ms. Memory: 509952K Free: 339684K (67%)
----------------- Invoking toplevel() on ptolemy.moml.MoMLSimpleApplication@34df58f8
----------------- Done invoking toplevel() on ptolemy.moml.MoMLSimpleApplication@34df58f8
reloadAllAccessors: .Expression7

===========================================================================================
----------------- testing Wed Sep 23 16:17:11 UTC 2020 /home/travis/build/icyphy/ptII/ptolemy/actor/lib/test/auto/Expression8.xml
----------------- Instantiating /home/travis/build/icyphy/ptII/ptolemy/actor/lib/test/auto/Expression8.xml
8 ms. Memory: 509952K Free: 334564K (66%)
----------------- Invoking toplevel() on ptolemy.moml.MoMLSimpleApplication@fb3867e
----------------- Done invoking toplevel() on ptolemy.moml.MoMLSimpleApplication@fb3867e
reloadAllAccessors: .Expression8

===========================================================================================
----------------- testing Wed Sep 23 16:17:11 UTC 2020 /home/travis/build/icyphy/ptII/ptolemy/actor/lib/test/auto/Expression9.xml
----------------- Instantiating /home/travis/build/icyphy/ptII/ptolemy/actor/lib/test/auto/Expression9.xml
1 ms. Memory: 509952K Free: 330468K (65%)
----------------- Invoking toplevel() on ptolemy.moml.MoMLSimpleApplication@188ec78b
----------------- Done invoking toplevel() on ptolemy.moml.MoMLSimpleApplication@188ec78b
reloadAllAccessors: .Expression9

===========================================================================================
----------------- testing Wed Sep 23 16:17:11 UTC 2020 /home/travis/build/icyphy/ptII/ptolemy/actor/lib/test/auto/ExpressionConcatenateArrayType.xml
----------------- Instantiating /home/travis/build/icyphy/ptII/ptolemy/actor/lib/test/auto/ExpressionConcatenateArrayType.xml
3 ms. Memory: 509952K Free: 324324K (64%)
----------------- Invoking toplevel() on ptolemy.moml.MoMLSimpleApplication@40d429d5
----------------- Done invoking toplevel() on ptolemy.moml.MoMLSimpleApplication@40d429d5
reloadAllAccessors: .ExpressionConcatenateArrayType

===========================================================================================
----------------- testing Wed Sep 23 16:17:11 UTC 2020 /home/travis/build/icyphy/ptII/ptolemy/actor/lib/test/auto/ExpressionConcatenateArrayType2.xml
----------------- Instantiating /home/travis/build/icyphy/ptII/ptolemy/actor/lib/test/auto/ExpressionConcatenateArrayType2.xml
2 ms. Memory: 509952K Free: 318690K (62%)
----------------- Invoking toplevel() on ptolemy.moml.MoMLSimpleApplication@1514b45c
----------------- Done invoking toplevel() on ptolemy.moml.MoMLSimpleApplication@1514b45c
reloadAllAccessors: .ExpressionConcatenateArrayType2

===========================================================================================
----------------- testing Wed Sep 23 16:17:11 UTC 2020 /home/travis/build/icyphy/ptII/ptolemy/actor/lib/test/auto/ExpressionFix.xml
----------------- Instantiating /home/travis/build/icyphy/ptII/ptolemy/actor/lib/test/auto/ExpressionFix.xml
19 ms. Memory: 509952K Free: 312036K (61%)
----------------- Invoking toplevel() on ptolemy.moml.MoMLSimpleApplication@5cc49c88
----------------- Done invoking toplevel() on ptolemy.moml.MoMLSimpleApplication@5cc49c88
reloadAllAccessors: .ExpressionFix

===========================================================================================
----------------- testing Wed Sep 23 16:17:11 UTC 2020 /home/travis/build/icyphy/ptII/ptolemy/actor/lib/test/auto/ExpressionFix2.xml
----------------- Instantiating /home/travis/build/icyphy/ptII/ptolemy/actor/lib/test/auto/ExpressionFix2.xml
3 ms. Memory: 509952K Free: 307940K (60%)
----------------- Invoking toplevel() on ptolemy.moml.MoMLSimpleApplication@1e0c23bf
----------------- Done invoking toplevel() on ptolemy.moml.MoMLSimpleApplication@1e0c23bf
reloadAllAccessors: .ExpressionFix2

===========================================================================================
----------------- testing Wed Sep 23 16:17:11 UTC 2020 /home/travis/build/icyphy/ptII/ptolemy/actor/lib/test/auto/ExpressionFix3.xml
----------------- Instantiating /home/travis/build/icyphy/ptII/ptolemy/actor/lib/test/auto/ExpressionFix3.xml
2 ms. Memory: 509952K Free: 303330K (59%)
----------------- Invoking toplevel() on ptolemy.moml.MoMLSimpleApplication@4ec523a7
----------------- Done invoking toplevel() on ptolemy.moml.MoMLSimpleApplication@4ec523a7
reloadAllAccessors: .ExpressionFix3

===========================================================================================
----------------- testing Wed Sep 23 16:17:11 UTC 2020 /home/travis/build/icyphy/ptII/ptolemy/actor/lib/test/auto/FileWriter1.xml
----------------- Instantiating /home/travis/build/icyphy/ptII/ptolemy/actor/lib/test/auto/FileWriter1.xml
3 ms. Memory: 509952K Free: 299234K (59%)
----------------- Invoking toplevel() on ptolemy.moml.MoMLSimpleApplication@36bd22a3
----------------- Done invoking toplevel() on ptolemy.moml.MoMLSimpleApplication@36bd22a3
reloadAllAccessors: .FileWriter1

===========================================================================================
----------------- testing Wed Sep 23 16:17:11 UTC 2020 /home/travis/build/icyphy/ptII/ptolemy/actor/lib/test/auto/FileWriter2.xml
----------------- Instantiating /home/travis/build/icyphy/ptII/ptolemy/actor/lib/test/auto/FileWriter2.xml
5 ms. Memory: 509952K Free: 295124K (58%)
----------------- Invoking toplevel() on ptolemy.moml.MoMLSimpleApplication@49768201
----------------- Done invoking toplevel() on ptolemy.moml.MoMLSimpleApplication@49768201
reloadAllAccessors: .FileWriter2

===========================================================================================
----------------- testing Wed Sep 23 16:17:11 UTC 2020 /home/travis/build/icyphy/ptII/ptolemy/actor/lib/test/auto/FileWriter3.xml
----------------- Instantiating /home/travis/build/icyphy/ptII/ptolemy/actor/lib/test/auto/FileWriter3.xml
4 ms. Memory: 509952K Free: 291042K (57%)
----------------- Invoking toplevel() on ptolemy.moml.MoMLSimpleApplication@53071510
----------------- Done invoking toplevel() on ptolemy.moml.MoMLSimpleApplication@53071510
reloadAllAccessors: .FileWriter3

===========================================================================================
----------------- testing Wed Sep 23 16:17:11 UTC 2020 /home/travis/build/icyphy/ptII/ptolemy/actor/lib/test/auto/Gaussian.xml
----------------- Instantiating /home/travis/build/icyphy/ptII/ptolemy/actor/lib/test/auto/Gaussian.xml
2 ms. Memory: 509952K Free: 286436K (56%)
----------------- Invoking toplevel() on ptolemy.moml.MoMLSimpleApplication@24913968
----------------- Done invoking toplevel() on ptolemy.moml.MoMLSimpleApplication@24913968
reloadAllAccessors: .Gaussian

===========================================================================================
----------------- testing Wed Sep 23 16:17:11 UTC 2020 /home/travis/build/icyphy/ptII/ptolemy/actor/lib/test/auto/Gaussian1.xml
----------------- Instantiating /home/travis/build/icyphy/ptII/ptolemy/actor/lib/test/auto/Gaussian1.xml
1 ms. Memory: 509952K Free: 280796K (55%)
----------------- Invoking toplevel() on ptolemy.moml.MoMLSimpleApplication@4daccc64
----------------- Done invoking toplevel() on ptolemy.moml.MoMLSimpleApplication@4daccc64
reloadAllAccessors: .Gaussian1

===========================================================================================
----------------- testing Wed Sep 23 16:17:11 UTC 2020 /home/travis/build/icyphy/ptII/ptolemy/actor/lib/test/auto/Gaussian2.xml
----------------- Instantiating /home/travis/build/icyphy/ptII/ptolemy/actor/lib/test/auto/Gaussian2.xml
9 ms. Memory: 509952K Free: 275172K (54%)
----------------- Invoking toplevel() on ptolemy.moml.MoMLSimpleApplication@6961b6f1
----------------- Done invoking toplevel() on ptolemy.moml.MoMLSimpleApplication@6961b6f1
reloadAllAccessors: .Gaussian2

===========================================================================================
----------------- testing Wed Sep 23 16:17:11 UTC 2020 /home/travis/build/icyphy/ptII/ptolemy/actor/lib/test/auto/GradientAdaptiveLattice.xml
----------------- Instantiating /home/travis/build/icyphy/ptII/ptolemy/actor/lib/test/auto/GradientAdaptiveLattice.xml
2 ms. Memory: 509952K Free: 270052K (53%)
----------------- Invoking toplevel() on ptolemy.moml.MoMLSimpleApplication@4e5b483e
----------------- Done invoking toplevel() on ptolemy.moml.MoMLSimpleApplication@4e5b483e
reloadAllAccessors: .GradientAdaptiveLattice

===========================================================================================
----------------- testing Wed Sep 23 16:17:11 UTC 2020 /home/travis/build/icyphy/ptII/ptolemy/actor/lib/test/auto/IIR.xml
----------------- Instantiating /home/travis/build/icyphy/ptII/ptolemy/actor/lib/test/auto/IIR.xml
1 ms. Memory: 509952K Free: 265442K (52%)
----------------- Invoking toplevel() on ptolemy.moml.MoMLSimpleApplication@78842438
----------------- Done invoking toplevel() on ptolemy.moml.MoMLSimpleApplication@78842438
reloadAllAccessors: .IIR

===========================================================================================
----------------- testing Wed Sep 23 16:17:11 UTC 2020 /home/travis/build/icyphy/ptII/ptolemy/actor/lib/test/auto/InputOutputTransparentPorts.xml
----------------- Instantiating /home/travis/build/icyphy/ptII/ptolemy/actor/lib/test/auto/InputOutputTransparentPorts.xml
1 ms. Memory: 509952K Free: 258274K (51%)
----------------- Invoking toplevel() on ptolemy.moml.MoMLSimpleApplication@e1ccef3
----------------- Done invoking toplevel() on ptolemy.moml.MoMLSimpleApplication@e1ccef3
reloadAllAccessors: .InputOutputTransparentPorts

===========================================================================================
----------------- testing Wed Sep 23 16:17:11 UTC 2020 /home/travis/build/icyphy/ptII/ptolemy/actor/lib/test/auto/Interpolator.xml
----------------- Instantiating /home/travis/build/icyphy/ptII/ptolemy/actor/lib/test/auto/Interpolator.xml
4 ms. Memory: 509952K Free: 254178K (50%)
----------------- Invoking toplevel() on ptolemy.moml.MoMLSimpleApplication@4f0bff7c
----------------- Done invoking toplevel() on ptolemy.moml.MoMLSimpleApplication@4f0bff7c
reloadAllAccessors: .Interpolator

===========================================================================================
----------------- testing Wed Sep 23 16:17:11 UTC 2020 /home/travis/build/icyphy/ptII/ptolemy/actor/lib/test/auto/InterpolatorFiringLimitDE.xml
----------------- Instantiating /home/travis/build/icyphy/ptII/ptolemy/actor/lib/test/auto/InterpolatorFiringLimitDE.xml
2 ms. Memory: 509952K Free: 248548K (49%)
----------------- Invoking toplevel() on ptolemy.moml.MoMLSimpleApplication@8a7026c
----------------- Done invoking toplevel() on ptolemy.moml.MoMLSimpleApplication@8a7026c
reloadAllAccessors: .InterpolatorFiringLimitDE

===========================================================================================
----------------- testing Wed Sep 23 16:17:11 UTC 2020 /home/travis/build/icyphy/ptII/ptolemy/actor/lib/test/auto/Lattice.xml
----------------- Instantiating /home/travis/build/icyphy/ptII/ptolemy/actor/lib/test/auto/Lattice.xml
1 ms. Memory: 509952K Free: 244452K (48%)
----------------- Invoking toplevel() on ptolemy.moml.MoMLSimpleApplication@64469d9d
----------------- Done invoking toplevel() on ptolemy.moml.MoMLSimpleApplication@64469d9d
reloadAllAccessors: .Lattice

===========================================================================================
----------------- testing Wed Sep 23 16:17:11 UTC 2020 /home/travis/build/icyphy/ptII/ptolemy/actor/lib/test/auto/LazyAOCTestLazy.xml
----------------- Instantiating /home/travis/build/icyphy/ptII/ptolemy/actor/lib/test/auto/LazyAOCTestLazy.xml
14 ms. Memory: 509952K Free: 238308K (47%)
----------------- Invoking toplevel() on ptolemy.moml.MoMLSimpleApplication@3982f9f0
----------------- Done invoking toplevel() on ptolemy.moml.MoMLSimpleApplication@3982f9f0
reloadAllAccessors: .LazyAOCTestLazy

===========================================================================================
----------------- testing Wed Sep 23 16:17:11 UTC 2020 /home/travis/build/icyphy/ptII/ptolemy/actor/lib/test/auto/LazyAOCTestNonLazy.xml
----------------- Instantiating /home/travis/build/icyphy/ptII/ptolemy/actor/lib/test/auto/LazyAOCTestNonLazy.xml
2 ms. Memory: 509952K Free: 231650K (45%)
----------------- Invoking toplevel() on ptolemy.moml.MoMLSimpleApplication@f9008f9
----------------- Done invoking toplevel() on ptolemy.moml.MoMLSimpleApplication@f9008f9
reloadAllAccessors: .LazyAOCTestNonLazy

===========================================================================================
----------------- testing Wed Sep 23 16:17:11 UTC 2020 /home/travis/build/icyphy/ptII/ptolemy/actor/lib/test/auto/LazyInnerClass.xml
----------------- Instantiating /home/travis/build/icyphy/ptII/ptolemy/actor/lib/test/auto/LazyInnerClass.xml
23 ms. Memory: 509952K Free: 222948K (44%)
----------------- Invoking toplevel() on ptolemy.moml.MoMLSimpleApplication@37b78baf
----------------- Done invoking toplevel() on ptolemy.moml.MoMLSimpleApplication@37b78baf
reloadAllAccessors: .LazyInnerClass

===========================================================================================
----------------- testing Wed Sep 23 16:17:11 UTC 2020 /home/travis/build/icyphy/ptII/ptolemy/actor/lib/test/auto/LazyPubSub.xml
----------------- Instantiating /home/travis/build/icyphy/ptII/ptolemy/actor/lib/test/auto/LazyPubSub.xml
12 ms. Memory: 509952K Free: 213188K (42%)
----------------- Invoking toplevel() on ptolemy.moml.MoMLSimpleApplication@6ee6d455
----------------- Done invoking toplevel() on ptolemy.moml.MoMLSimpleApplication@6ee6d455
reloadAllAccessors: .LazyPubSub

===========================================================================================
----------------- testing Wed Sep 23 16:17:11 UTC 2020 /home/travis/build/icyphy/ptII/ptolemy/actor/lib/test/auto/LazyPubSub2.xml
----------------- Instantiating /home/travis/build/icyphy/ptII/ptolemy/actor/lib/test/auto/LazyPubSub2.xml
13 ms. Memory: 509952K Free: 203492K (40%)
----------------- Invoking toplevel() on ptolemy.moml.MoMLSimpleApplication@1b4b9470
----------------- Done invoking toplevel() on ptolemy.moml.MoMLSimpleApplication@1b4b9470
reloadAllAccessors: .LazyPubSub2

===========================================================================================
----------------- testing Wed Sep 23 16:17:11 UTC 2020 /home/travis/build/icyphy/ptII/ptolemy/actor/lib/test/auto/LazyPubSub3.xml
----------------- Instantiating /home/travis/build/icyphy/ptII/ptolemy/actor/lib/test/auto/LazyPubSub3.xml
8 ms. Memory: 509952K Free: 193252K (38%)
----------------- Invoking toplevel() on ptolemy.moml.MoMLSimpleApplication@4ba25460
----------------- Done invoking toplevel() on ptolemy.moml.MoMLSimpleApplication@4ba25460
reloadAllAccessors: .LazyPubSub3

===========================================================================================
----------------- testing Wed Sep 23 16:17:11 UTC 2020 /home/travis/build/icyphy/ptII/ptolemy/actor/lib/test/auto/LazySubClassModel.xml
----------------- Instantiating /home/travis/build/icyphy/ptII/ptolemy/actor/lib/test/auto/LazySubClassModel.xml
2 ms. Memory: 509952K Free: 183522K (36%)
----------------- Invoking toplevel() on ptolemy.moml.MoMLSimpleApplication@4153128b
----------------- Done invoking toplevel() on ptolemy.moml.MoMLSimpleApplication@4153128b
reloadAllAccessors: .LazySubClassModel

===========================================================================================
----------------- testing Wed Sep 23 16:17:11 UTC 2020 /home/travis/build/icyphy/ptII/ptolemy/actor/lib/test/auto/LevelCrossTest1.xml
----------------- Instantiating /home/travis/build/icyphy/ptII/ptolemy/actor/lib/test/auto/LevelCrossTest1.xml
1 ms. Memory: 509952K Free: 177892K (35%)
----------------- Invoking toplevel() on ptolemy.moml.MoMLSimpleApplication@4fa0b05a
----------------- Done invoking toplevel() on ptolemy.moml.MoMLSimpleApplication@4fa0b05a
reloadAllAccessors: .broken

===========================================================================================
----------------- testing Wed Sep 23 16:17:11 UTC 2020 /home/travis/build/icyphy/ptII/ptolemy/actor/lib/test/auto/LevelCrossTest10.xml
----------------- Instantiating /home/travis/build/icyphy/ptII/ptolemy/actor/lib/test/auto/LevelCrossTest10.xml
1 ms. Memory: 509952K Free: 171234K (34%)
----------------- Invoking toplevel() on ptolemy.moml.MoMLSimpleApplication@15efa50b
----------------- Done invoking toplevel() on ptolemy.moml.MoMLSimpleApplication@15efa50b
reloadAllAccessors: .LevelCrossTest10

===========================================================================================
----------------- testing Wed Sep 23 16:17:12 UTC 2020 /home/travis/build/icyphy/ptII/ptolemy/actor/lib/test/auto/LevelCrossTest11.xml
----------------- Instantiating /home/travis/build/icyphy/ptII/ptolemy/actor/lib/test/auto/LevelCrossTest11.xml
0 ms. Memory: 509952K Free: 164066K (32%)
----------------- Invoking toplevel() on ptolemy.moml.MoMLSimpleApplication@5452e8a8
----------------- Done invoking toplevel() on ptolemy.moml.MoMLSimpleApplication@5452e8a8
reloadAllAccessors: .LevelCrossTest11

===========================================================================================
----------------- testing Wed Sep 23 16:17:12 UTC 2020 /home/travis/build/icyphy/ptII/ptolemy/actor/lib/test/auto/LevelCrossTest12.xml
----------------- Instantiating /home/travis/build/icyphy/ptII/ptolemy/actor/lib/test/auto/LevelCrossTest12.xml
2 ms. Memory: 509952K Free: 459225K (90%)
----------------- Invoking toplevel() on ptolemy.moml.MoMLSimpleApplication@2a6a1cc7
----------------- Done invoking toplevel() on ptolemy.moml.MoMLSimpleApplication@2a6a1cc7
reloadAllAccessors: .LevelCrossTest12

===========================================================================================
----------------- testing Wed Sep 23 16:17:12 UTC 2020 /home/travis/build/icyphy/ptII/ptolemy/actor/lib/test/auto/LevelCrossTest13.xml
----------------- Instantiating /home/travis/build/icyphy/ptII/ptolemy/actor/lib/test/auto/LevelCrossTest13.xml
1 ms. Memory: 509952K Free: 451349K (89%)
----------------- Invoking toplevel() on ptolemy.moml.MoMLSimpleApplication@30b84308
----------------- Done invoking toplevel() on ptolemy.moml.MoMLSimpleApplication@30b84308
reloadAllAccessors: .LevelCrossTest13

===========================================================================================
----------------- testing Wed Sep 23 16:17:12 UTC 2020 /home/travis/build/icyphy/ptII/ptolemy/actor/lib/test/auto/LevelCrossTest2.xml
----------------- Instantiating /home/travis/build/icyphy/ptII/ptolemy/actor/lib/test/auto/LevelCrossTest2.xml
1 ms. Memory: 509952K Free: 445719K (87%)
----------------- Invoking toplevel() on ptolemy.moml.MoMLSimpleApplication@2f4337e
----------------- Done invoking toplevel() on ptolemy.moml.MoMLSimpleApplication@2f4337e
reloadAllAccessors: .broken

===========================================================================================
----------------- testing Wed Sep 23 16:17:12 UTC 2020 /home/travis/build/icyphy/ptII/ptolemy/actor/lib/test/auto/LevelCrossTest3.xml
----------------- Instantiating /home/travis/build/icyphy/ptII/ptolemy/actor/lib/test/auto/LevelCrossTest3.xml
1 ms. Memory: 509952K Free: 439575K (86%)
----------------- Invoking toplevel() on ptolemy.moml.MoMLSimpleApplication@51c97fa4
----------------- Done invoking toplevel() on ptolemy.moml.MoMLSimpleApplication@51c97fa4
reloadAllAccessors: .LevelCrossTest3

===========================================================================================
----------------- testing Wed Sep 23 16:17:12 UTC 2020 /home/travis/build/icyphy/ptII/ptolemy/actor/lib/test/auto/LevelCrossTest4.xml
----------------- Instantiating /home/travis/build/icyphy/ptII/ptolemy/actor/lib/test/auto/LevelCrossTest4.xml
1 ms. Memory: 509952K Free: 434455K (85%)
----------------- Invoking toplevel() on ptolemy.moml.MoMLSimpleApplication@663f9551
----------------- Done invoking toplevel() on ptolemy.moml.MoMLSimpleApplication@663f9551
reloadAllAccessors: .broken

===========================================================================================
----------------- testing Wed Sep 23 16:17:12 UTC 2020 /home/travis/build/icyphy/ptII/ptolemy/actor/lib/test/auto/LevelCrossTest5.xml
----------------- Instantiating /home/travis/build/icyphy/ptII/ptolemy/actor/lib/test/auto/LevelCrossTest5.xml
1 ms. Memory: 509952K Free: 427287K (84%)
----------------- Invoking toplevel() on ptolemy.moml.MoMLSimpleApplication@1c1066d9
----------------- Done invoking toplevel() on ptolemy.moml.MoMLSimpleApplication@1c1066d9
reloadAllAccessors: .LevelCrossTest5

===========================================================================================
----------------- testing Wed Sep 23 16:17:12 UTC 2020 /home/travis/build/icyphy/ptII/ptolemy/actor/lib/test/auto/LevelCrossTest6.xml
----------------- Instantiating /home/travis/build/icyphy/ptII/ptolemy/actor/lib/test/auto/LevelCrossTest6.xml
1 ms. Memory: 509952K Free: 420629K (82%)
----------------- Invoking toplevel() on ptolemy.moml.MoMLSimpleApplication@5390277f
----------------- Done invoking toplevel() on ptolemy.moml.MoMLSimpleApplication@5390277f
reloadAllAccessors: .LevelCrossTest6

===========================================================================================
----------------- testing Wed Sep 23 16:17:12 UTC 2020 /home/travis/build/icyphy/ptII/ptolemy/actor/lib/test/auto/LevelCrossTest7.xml
----------------- Instantiating /home/travis/build/icyphy/ptII/ptolemy/actor/lib/test/auto/LevelCrossTest7.xml
1 ms. Memory: 509952K Free: 412951K (81%)
----------------- Invoking toplevel() on ptolemy.moml.MoMLSimpleApplication@27cb7ef5
----------------- Done invoking toplevel() on ptolemy.moml.MoMLSimpleApplication@27cb7ef5
reloadAllAccessors: .LevelCrossTest7

===========================================================================================
----------------- testing Wed Sep 23 16:17:12 UTC 2020 /home/travis/build/icyphy/ptII/ptolemy/actor/lib/test/auto/LevelCrossTest8.xml
----------------- Instantiating /home/travis/build/icyphy/ptII/ptolemy/actor/lib/test/auto/LevelCrossTest8.xml
1 ms. Memory: 509952K Free: 405783K (80%)
----------------- Invoking toplevel() on ptolemy.moml.MoMLSimpleApplication@74665ed1
----------------- Done invoking toplevel() on ptolemy.moml.MoMLSimpleApplication@74665ed1
reloadAllAccessors: .LevelCrossTest8

===========================================================================================
----------------- testing Wed Sep 23 16:17:12 UTC 2020 /home/travis/build/icyphy/ptII/ptolemy/actor/lib/test/auto/LevelCrossTest9.xml
----------------- Instantiating /home/travis/build/icyphy/ptII/ptolemy/actor/lib/test/auto/LevelCrossTest9.xml
1 ms. Memory: 509952K Free: 399639K (78%)
----------------- Invoking toplevel() on ptolemy.moml.MoMLSimpleApplication@5efccb47
----------------- Done invoking toplevel() on ptolemy.moml.MoMLSimpleApplication@5efccb47
reloadAllAccessors: .LevelCrossTest9

===========================================================================================
----------------- testing Wed Sep 23 16:17:12 UTC 2020 /home/travis/build/icyphy/ptII/ptolemy/actor/lib/test/auto/LevinsonDurbin.xml
----------------- Instantiating /home/travis/build/icyphy/ptII/ptolemy/actor/lib/test/auto/LevinsonDurbin.xml
1 ms. Memory: 509952K Free: 395543K (78%)
----------------- Invoking toplevel() on ptolemy.moml.MoMLSimpleApplication@3d371af1
----------------- Done invoking toplevel() on ptolemy.moml.MoMLSimpleApplication@3d371af1
reloadAllAccessors: .LevinsonDurbin

===========================================================================================
----------------- testing Wed Sep 23 16:17:12 UTC 2020 /home/travis/build/icyphy/ptII/ptolemy/actor/lib/test/auto/LevinsonDurbin2.xml
----------------- Instantiating /home/travis/build/icyphy/ptII/ptolemy/actor/lib/test/auto/LevinsonDurbin2.xml
3 ms. Memory: 509952K Free: 391447K (77%)
----------------- Invoking toplevel() on ptolemy.moml.MoMLSimpleApplication@3ab26aca
----------------- Done invoking toplevel() on ptolemy.moml.MoMLSimpleApplication@3ab26aca
reloadAllAccessors: .LevinsonDurbin2

===========================================================================================
----------------- testing Wed Sep 23 16:17:12 UTC 2020 /home/travis/build/icyphy/ptII/ptolemy/actor/lib/test/auto/LevinsonDurbin3.xml
----------------- Instantiating /home/travis/build/icyphy/ptII/ptolemy/actor/lib/test/auto/LevinsonDurbin3.xml
3 ms. Memory: 509952K Free: 387351K (76%)
----------------- Invoking toplevel() on ptolemy.moml.MoMLSimpleApplication@47e3fe63
----------------- Done invoking toplevel() on ptolemy.moml.MoMLSimpleApplication@47e3fe63
reloadAllAccessors: .LevinsonDurbin3

===========================================================================================
----------------- testing Wed Sep 23 16:17:12 UTC 2020 /home/travis/build/icyphy/ptII/ptolemy/actor/lib/test/auto/Limiter.xml
----------------- Instantiating /home/travis/build/icyphy/ptII/ptolemy/actor/lib/test/auto/Limiter.xml
3 ms. Memory: 509952K Free: 378135K (74%)
----------------- Invoking toplevel() on ptolemy.moml.MoMLSimpleApplication@590751ba
----------------- Done invoking toplevel() on ptolemy.moml.MoMLSimpleApplication@590751ba
reloadAllAccessors: .Limiter

===========================================================================================
----------------- testing Wed Sep 23 16:17:12 UTC 2020 /home/travis/build/icyphy/ptII/ptolemy/actor/lib/test/auto/LinearDifferenceEquationSystem.xml
----------------- Instantiating /home/travis/build/icyphy/ptII/ptolemy/actor/lib/test/auto/LinearDifferenceEquationSystem.xml
3 ms. Memory: 509952K Free: 370967K (73%)
----------------- Invoking toplevel() on ptolemy.moml.MoMLSimpleApplication@a9116d4
----------------- Done invoking toplevel() on ptolemy.moml.MoMLSimpleApplication@a9116d4
reloadAllAccessors: .LinearDifferenceEquationSystem

===========================================================================================
----------------- testing Wed Sep 23 16:17:12 UTC 2020 /home/travis/build/icyphy/ptII/ptolemy/actor/lib/test/auto/LookupTable.xml
----------------- Instantiating /home/travis/build/icyphy/ptII/ptolemy/actor/lib/test/auto/LookupTable.xml
1 ms. Memory: 509952K Free: 366357K (72%)
----------------- Invoking toplevel() on ptolemy.moml.MoMLSimpleApplication@2db19541
----------------- Done invoking toplevel() on ptolemy.moml.MoMLSimpleApplication@2db19541
reloadAllAccessors: .LookupTable

===========================================================================================
----------------- testing Wed Sep 23 16:17:12 UTC 2020 /home/travis/build/icyphy/ptII/ptolemy/actor/lib/test/auto/MathFunction.xml
----------------- Instantiating /home/travis/build/icyphy/ptII/ptolemy/actor/lib/test/auto/MathFunction.xml
2 ms. Memory: 509952K Free: 358165K (70%)
----------------- Invoking toplevel() on ptolemy.moml.MoMLSimpleApplication@eadba95
----------------- Done invoking toplevel() on ptolemy.moml.MoMLSimpleApplication@eadba95
reloadAllAccessors: .MathFunction

===========================================================================================
----------------- testing Wed Sep 23 16:17:12 UTC 2020 /home/travis/build/icyphy/ptII/ptolemy/actor/lib/test/auto/MathFunction2.xml
----------------- Instantiating /home/travis/build/icyphy/ptII/ptolemy/actor/lib/test/auto/MathFunction2.xml
1 ms. Memory: 509952K Free: 354069K (69%)
----------------- Invoking toplevel() on ptolemy.moml.MoMLSimpleApplication@689eb586
----------------- Done invoking toplevel() on ptolemy.moml.MoMLSimpleApplication@689eb586
reloadAllAccessors: .MathFunction2

===========================================================================================
----------------- testing Wed Sep 23 16:17:12 UTC 2020 /home/travis/build/icyphy/ptII/ptolemy/actor/lib/test/auto/MathFunction3.xml
----------------- Instantiating /home/travis/build/icyphy/ptII/ptolemy/actor/lib/test/auto/MathFunction3.xml
2 ms. Memory: 509952K Free: 346901K (68%)
----------------- Invoking toplevel() on ptolemy.moml.MoMLSimpleApplication@46f3fac
----------------- Done invoking toplevel() on ptolemy.moml.MoMLSimpleApplication@46f3fac
reloadAllAccessors: .MathFunction3

===========================================================================================
----------------- testing Wed Sep 23 16:17:12 UTC 2020 /home/travis/build/icyphy/ptII/ptolemy/actor/lib/test/auto/MatrixCropBoolean.xml
----------------- Instantiating /home/travis/build/icyphy/ptII/ptolemy/actor/lib/test/auto/MatrixCropBoolean.xml
1 ms. Memory: 509952K Free: 341751K (67%)
----------------- Invoking toplevel() on ptolemy.moml.MoMLSimpleApplication@5cb45c79
----------------- Done invoking toplevel() on ptolemy.moml.MoMLSimpleApplication@5cb45c79
reloadAllAccessors: .MatrixCropBoolean

===========================================================================================
----------------- testing Wed Sep 23 16:17:12 UTC 2020 /home/travis/build/icyphy/ptII/ptolemy/actor/lib/test/auto/MatrixCropComplex.xml
----------------- Instantiating /home/travis/build/icyphy/ptII/ptolemy/actor/lib/test/auto/MatrixCropComplex.xml
2 ms. Memory: 509952K Free: 336631K (66%)
----------------- Invoking toplevel() on ptolemy.moml.MoMLSimpleApplication@334c0374
----------------- Done invoking toplevel() on ptolemy.moml.MoMLSimpleApplication@334c0374
reloadAllAccessors: .MatrixCropComplex

===========================================================================================
----------------- testing Wed Sep 23 16:17:12 UTC 2020 /home/travis/build/icyphy/ptII/ptolemy/actor/lib/test/auto/MatrixCropDouble.xml
----------------- Instantiating /home/travis/build/icyphy/ptII/ptolemy/actor/lib/test/auto/MatrixCropDouble.xml
2 ms. Memory: 509952K Free: 331527K (65%)
----------------- Invoking toplevel() on ptolemy.moml.MoMLSimpleApplication@31091294
----------------- Done invoking toplevel() on ptolemy.moml.MoMLSimpleApplication@31091294
reloadAllAccessors: .MatrixCropDouble

===========================================================================================
----------------- testing Wed Sep 23 16:17:12 UTC 2020 /home/travis/build/icyphy/ptII/ptolemy/actor/lib/test/auto/MatrixCropFix.xml
----------------- Instantiating /home/travis/build/icyphy/ptII/ptolemy/actor/lib/test/auto/MatrixCropFix.xml
2 ms. Memory: 509952K Free: 326415K (64%)
----------------- Invoking toplevel() on ptolemy.moml.MoMLSimpleApplication@77314509
----------------- Done invoking toplevel() on ptolemy.moml.MoMLSimpleApplication@77314509
reloadAllAccessors: .MatrixCropFix

===========================================================================================
----------------- testing Wed Sep 23 16:17:12 UTC 2020 /home/travis/build/icyphy/ptII/ptolemy/actor/lib/test/auto/MatrixCropInt.xml
----------------- Instantiating /home/travis/build/icyphy/ptII/ptolemy/actor/lib/test/auto/MatrixCropInt.xml
2 ms. Memory: 509952K Free: 321271K (63%)
----------------- Invoking toplevel() on ptolemy.moml.MoMLSimpleApplication@7916b128
----------------- Done invoking toplevel() on ptolemy.moml.MoMLSimpleApplication@7916b128
reloadAllAccessors: .MatrixCropInt

===========================================================================================
----------------- testing Wed Sep 23 16:17:12 UTC 2020 /home/travis/build/icyphy/ptII/ptolemy/actor/lib/test/auto/MatrixCropLong.xml
----------------- Instantiating /home/travis/build/icyphy/ptII/ptolemy/actor/lib/test/auto/MatrixCropLong.xml
2 ms. Memory: 509952K Free: 316695K (62%)
----------------- Invoking toplevel() on ptolemy.moml.MoMLSimpleApplication@17104086
----------------- Done invoking toplevel() on ptolemy.moml.MoMLSimpleApplication@17104086
reloadAllAccessors: .MatrixCropLong

===========================================================================================
----------------- testing Wed Sep 23 16:17:12 UTC 2020 /home/travis/build/icyphy/ptII/ptolemy/actor/lib/test/auto/MatrixToArray.xml
----------------- Instantiating /home/travis/build/icyphy/ptII/ptolemy/actor/lib/test/auto/MatrixToArray.xml
5 ms. Memory: 509952K Free: 301335K (59%)
----------------- Invoking toplevel() on ptolemy.moml.MoMLSimpleApplication@3164ec54
----------------- Done invoking toplevel() on ptolemy.moml.MoMLSimpleApplication@3164ec54
reloadAllAccessors: .MatrixToArray

===========================================================================================
----------------- testing Wed Sep 23 16:17:12 UTC 2020 /home/travis/build/icyphy/ptII/ptolemy/actor/lib/test/auto/MaxIndex.xml
----------------- Instantiating /home/travis/build/icyphy/ptII/ptolemy/actor/lib/test/auto/MaxIndex.xml
7 ms. Memory: 509952K Free: 296215K (58%)
----------------- Invoking toplevel() on ptolemy.moml.MoMLSimpleApplication@7ecb5bf4
----------------- Done invoking toplevel() on ptolemy.moml.MoMLSimpleApplication@7ecb5bf4
reloadAllAccessors: .MaxIndex

===========================================================================================
----------------- testing Wed Sep 23 16:17:12 UTC 2020 /home/travis/build/icyphy/ptII/ptolemy/actor/lib/test/auto/Maximum.xml
----------------- Instantiating /home/travis/build/icyphy/ptII/ptolemy/actor/lib/test/auto/Maximum.xml
6 ms. Memory: 509952K Free: 289527K (57%)
----------------- Invoking toplevel() on ptolemy.moml.MoMLSimpleApplication@41a293a2
----------------- Done invoking toplevel() on ptolemy.moml.MoMLSimpleApplication@41a293a2
reloadAllAccessors: .Maximum

===========================================================================================
----------------- testing Wed Sep 23 16:17:12 UTC 2020 /home/travis/build/icyphy/ptII/ptolemy/actor/lib/test/auto/MaximumComplex.xml
----------------- Instantiating /home/travis/build/icyphy/ptII/ptolemy/actor/lib/test/auto/MaximumComplex.xml
4 ms. Memory: 509952K Free: 283413K (56%)
----------------- Invoking toplevel() on ptolemy.moml.MoMLSimpleApplication@5c3dcdaa
----------------- Done invoking toplevel() on ptolemy.moml.MoMLSimpleApplication@5c3dcdaa
reloadAllAccessors: .MaximumComplex

===========================================================================================
----------------- testing Wed Sep 23 16:17:12 UTC 2020 /home/travis/build/icyphy/ptII/ptolemy/actor/lib/test/auto/MethodCallTest.xml
----------------- Instantiating /home/travis/build/icyphy/ptII/ptolemy/actor/lib/test/auto/MethodCallTest.xml
2 ms. Memory: 509952K Free: 276759K (54%)
----------------- Invoking toplevel() on ptolemy.moml.MoMLSimpleApplication@40618c07
----------------- Done invoking toplevel() on ptolemy.moml.MoMLSimpleApplication@40618c07
reloadAllAccessors: .MethodCallTest

===========================================================================================
----------------- testing Wed Sep 23 16:17:12 UTC 2020 /home/travis/build/icyphy/ptII/ptolemy/actor/lib/test/auto/Minimum.xml
----------------- Instantiating /home/travis/build/icyphy/ptII/ptolemy/actor/lib/test/auto/Minimum.xml
3 ms. Memory: 509952K Free: 270087K (53%)
----------------- Invoking toplevel() on ptolemy.moml.MoMLSimpleApplication@346b8cb
----------------- Done invoking toplevel() on ptolemy.moml.MoMLSimpleApplication@346b8cb
reloadAllAccessors: .Minimum

===========================================================================================
----------------- testing Wed Sep 23 16:17:12 UTC 2020 /home/travis/build/icyphy/ptII/ptolemy/actor/lib/test/auto/MinimumComplex.xml
----------------- Instantiating /home/travis/build/icyphy/ptII/ptolemy/actor/lib/test/auto/MinimumComplex.xml
2 ms. Memory: 509952K Free: 263943K (52%)
----------------- Invoking toplevel() on ptolemy.moml.MoMLSimpleApplication@5bf54db5
----------------- Done invoking toplevel() on ptolemy.moml.MoMLSimpleApplication@5bf54db5
reloadAllAccessors: .MinimumComplex

===========================================================================================
----------------- testing Wed Sep 23 16:17:12 UTC 2020 /home/travis/build/icyphy/ptII/ptolemy/actor/lib/test/auto/MinimumMultiports.xml
----------------- Instantiating /home/travis/build/icyphy/ptII/ptolemy/actor/lib/test/auto/MinimumMultiports.xml
3 ms. Memory: 509952K Free: 255255K (50%)
----------------- Invoking toplevel() on ptolemy.moml.MoMLSimpleApplication@1d2029b2
----------------- Done invoking toplevel() on ptolemy.moml.MoMLSimpleApplication@1d2029b2
reloadAllAccessors: .MinimumMultiports

===========================================================================================
----------------- testing Wed Sep 23 16:17:12 UTC 2020 /home/travis/build/icyphy/ptII/ptolemy/actor/lib/test/auto/ModifyDate.xml
----------------- Instantiating /home/travis/build/icyphy/ptII/ptolemy/actor/lib/test/auto/ModifyDate.xml
6 ms. Memory: 509952K Free: 242453K (48%)
----------------- Invoking toplevel() on ptolemy.moml.MoMLSimpleApplication@3e84b258
----------------- Done invoking toplevel() on ptolemy.moml.MoMLSimpleApplication@3e84b258
reloadAllAccessors: .ModifyDate

===========================================================================================
----------------- testing Wed Sep 23 16:17:12 UTC 2020 /home/travis/build/icyphy/ptII/ptolemy/actor/lib/test/auto/ModifyDate2.xml
----------------- Instantiating /home/travis/build/icyphy/ptII/ptolemy/actor/lib/test/auto/ModifyDate2.xml
2 ms. Memory: 509952K Free: 233751K (46%)
----------------- Invoking toplevel() on ptolemy.moml.MoMLSimpleApplication@12daa04a
----------------- Done invoking toplevel() on ptolemy.moml.MoMLSimpleApplication@12daa04a
reloadAllAccessors: .ModifyDate2

===========================================================================================
----------------- testing Wed Sep 23 16:17:12 UTC 2020 /home/travis/build/icyphy/ptII/ptolemy/actor/lib/test/auto/MovingAverage.xml
----------------- Instantiating /home/travis/build/icyphy/ptII/ptolemy/actor/lib/test/auto/MovingAverage.xml
1 ms. Memory: 509952K Free: 228631K (45%)
----------------- Invoking toplevel() on ptolemy.moml.MoMLSimpleApplication@7b7917f2
----------------- Done invoking toplevel() on ptolemy.moml.MoMLSimpleApplication@7b7917f2
reloadAllAccessors: .MovingAverage

===========================================================================================
----------------- testing Wed Sep 23 16:17:12 UTC 2020 /home/travis/build/icyphy/ptII/ptolemy/actor/lib/test/auto/MovingMaximum.xml
----------------- Instantiating /home/travis/build/icyphy/ptII/ptolemy/actor/lib/test/auto/MovingMaximum.xml
1 ms. Memory: 509952K Free: 224021K (44%)
----------------- Invoking toplevel() on ptolemy.moml.MoMLSimpleApplication@7b894ca7
----------------- Done invoking toplevel() on ptolemy.moml.MoMLSimpleApplication@7b894ca7
reloadAllAccessors: .MovingMaximum

===========================================================================================
----------------- testing Wed Sep 23 16:17:12 UTC 2020 /home/travis/build/icyphy/ptII/ptolemy/actor/lib/test/auto/MultipleLinksToSameRelation.xml
----------------- Instantiating /home/travis/build/icyphy/ptII/ptolemy/actor/lib/test/auto/MultipleLinksToSameRelation.xml
1 ms. Memory: 509952K Free: 219925K (43%)
----------------- Invoking toplevel() on ptolemy.moml.MoMLSimpleApplication@4ab20952
----------------- Done invoking toplevel() on ptolemy.moml.MoMLSimpleApplication@4ab20952
reloadAllAccessors: .MultipleLinksToSameRelation

===========================================================================================
----------------- testing Wed Sep 23 16:17:12 UTC 2020 /home/travis/build/icyphy/ptII/ptolemy/actor/lib/test/auto/MultipleLinksToSameRelationDE.xml
----------------- Instantiating /home/travis/build/icyphy/ptII/ptolemy/actor/lib/test/auto/MultipleLinksToSameRelationDE.xml
1 ms. Memory: 509952K Free: 215319K (42%)
----------------- Invoking toplevel() on ptolemy.moml.MoMLSimpleApplication@5b179918
----------------- Done invoking toplevel() on ptolemy.moml.MoMLSimpleApplication@5b179918
reloadAllAccessors: .MultipleLinksToSameRelationDE

===========================================================================================
----------------- testing Wed Sep 23 16:17:12 UTC 2020 /home/travis/build/icyphy/ptII/ptolemy/actor/lib/test/auto/Multiplexor.xml
----------------- Instantiating /home/travis/build/icyphy/ptII/ptolemy/actor/lib/test/auto/Multiplexor.xml
1 ms. Memory: 509952K Free: 209685K (41%)
----------------- Invoking toplevel() on ptolemy.moml.MoMLSimpleApplication@58d72fa1
----------------- Done invoking toplevel() on ptolemy.moml.MoMLSimpleApplication@58d72fa1
reloadAllAccessors: .Multiplexor

===========================================================================================
----------------- testing Wed Sep 23 16:17:12 UTC 2020 /home/travis/build/icyphy/ptII/ptolemy/actor/lib/test/auto/Multiplexor1.xml
----------------- Instantiating /home/travis/build/icyphy/ptII/ptolemy/actor/lib/test/auto/Multiplexor1.xml
1 ms. Memory: 509952K Free: 204055K (40%)
----------------- Invoking toplevel() on ptolemy.moml.MoMLSimpleApplication@606b781
----------------- Done invoking toplevel() on ptolemy.moml.MoMLSimpleApplication@606b781
reloadAllAccessors: .Multiplexor1

===========================================================================================
----------------- testing Wed Sep 23 16:17:12 UTC 2020 /home/travis/build/icyphy/ptII/ptolemy/actor/lib/test/auto/Multiplexor2.xml
----------------- Instantiating /home/travis/build/icyphy/ptII/ptolemy/actor/lib/test/auto/Multiplexor2.xml
2 ms. Memory: 509952K Free: 197397K (39%)
----------------- Invoking toplevel() on ptolemy.moml.MoMLSimpleApplication@7f27367c
----------------- Done invoking toplevel() on ptolemy.moml.MoMLSimpleApplication@7f27367c
reloadAllAccessors: .Multiplexor2

===========================================================================================
----------------- testing Wed Sep 23 16:17:12 UTC 2020 /home/travis/build/icyphy/ptII/ptolemy/actor/lib/test/auto/Multiplexor3.xml
----------------- Instantiating /home/travis/build/icyphy/ptII/ptolemy/actor/lib/test/auto/Multiplexor3.xml
1 ms. Memory: 509952K Free: 193301K (38%)
----------------- Invoking toplevel() on ptolemy.moml.MoMLSimpleApplication@24dfaf6d
----------------- Done invoking toplevel() on ptolemy.moml.MoMLSimpleApplication@24dfaf6d
reloadAllAccessors: .Multiplexor3

===========================================================================================
----------------- testing Wed Sep 23 16:17:12 UTC 2020 /home/travis/build/icyphy/ptII/ptolemy/actor/lib/test/auto/MultiplexorDE.xml
----------------- Instantiating /home/travis/build/icyphy/ptII/ptolemy/actor/lib/test/auto/MultiplexorDE.xml
2 ms. Memory: 509952K Free: 185623K (36%)
----------------- Invoking toplevel() on ptolemy.moml.MoMLSimpleApplication@293bddd1
----------------- Done invoking toplevel() on ptolemy.moml.MoMLSimpleApplication@293bddd1
reloadAllAccessors: .MultiplexorDE

===========================================================================================
----------------- testing Wed Sep 23 16:17:12 UTC 2020 /home/travis/build/icyphy/ptII/ptolemy/actor/lib/test/auto/MultiportBroadcastTest.xml
----------------- Instantiating /home/travis/build/icyphy/ptII/ptolemy/actor/lib/test/auto/MultiportBroadcastTest.xml
49 ms. Memory: 509952K Free: 178959K (35%)
----------------- Invoking toplevel() on ptolemy.moml.MoMLSimpleApplication@63fbfb06
----------------- Done invoking toplevel() on ptolemy.moml.MoMLSimpleApplication@63fbfb06
reloadAllAccessors: .MultiportBroadcastTest

===========================================================================================
----------------- testing Wed Sep 23 16:17:12 UTC 2020 /home/travis/build/icyphy/ptII/ptolemy/actor/lib/test/auto/MultiportOutHangDuringGetWidth.xml
----------------- Instantiating /home/travis/build/icyphy/ptII/ptolemy/actor/lib/test/auto/MultiportOutHangDuringGetWidth.xml
5 ms. Memory: 509952K Free: 166167K (33%)
----------------- Invoking toplevel() on ptolemy.moml.MoMLSimpleApplication@48be1760
----------------- Done invoking toplevel() on ptolemy.moml.MoMLSimpleApplication@48be1760
reloadAllAccessors: .MultiportOutHangDuringGetWidth

===========================================================================================
----------------- testing Wed Sep 23 16:17:12 UTC 2020 /home/travis/build/icyphy/ptII/ptolemy/actor/lib/test/auto/NilToken.xml
----------------- Instantiating /home/travis/build/icyphy/ptII/ptolemy/actor/lib/test/auto/NilToken.xml
1 ms. Memory: 509952K Free: 162071K (32%)
----------------- Invoking toplevel() on ptolemy.moml.MoMLSimpleApplication@2f57fe3
----------------- Done invoking toplevel() on ptolemy.moml.MoMLSimpleApplication@2f57fe3
reloadAllAccessors: .NilToken

===========================================================================================
----------------- testing Wed Sep 23 16:17:12 UTC 2020 /home/travis/build/icyphy/ptII/ptolemy/actor/lib/test/auto/NilTokenNonStrictTest.xml
----------------- Instantiating /home/travis/build/icyphy/ptII/ptolemy/actor/lib/test/auto/NilTokenNonStrictTest.xml
2 ms. Memory: 509952K Free: 458477K (90%)
----------------- Invoking toplevel() on ptolemy.moml.MoMLSimpleApplication@59348054
----------------- Done invoking toplevel() on ptolemy.moml.MoMLSimpleApplication@59348054
reloadAllAccessors: .NilTokenNonStrictTest

===========================================================================================
----------------- testing Wed Sep 23 16:17:13 UTC 2020 /home/travis/build/icyphy/ptII/ptolemy/actor/lib/test/auto/NilTokenRecord.xml
----------------- Instantiating /home/travis/build/icyphy/ptII/ptolemy/actor/lib/test/auto/NilTokenRecord.xml
4 ms. Memory: 509952K Free: 451309K (89%)
----------------- Invoking toplevel() on ptolemy.moml.MoMLSimpleApplication@29ad2474
----------------- Done invoking toplevel() on ptolemy.moml.MoMLSimpleApplication@29ad2474
reloadAllAccessors: .NilTokenRecord

===========================================================================================
----------------- testing Wed Sep 23 16:17:13 UTC 2020 /home/travis/build/icyphy/ptII/ptolemy/actor/lib/test/auto/NilTokenTypeTest.xml
----------------- Instantiating /home/travis/build/icyphy/ptII/ptolemy/actor/lib/test/auto/NilTokenTypeTest.xml
6 ms. Memory: 509952K Free: 441583K (87%)
----------------- Invoking toplevel() on ptolemy.moml.MoMLSimpleApplication@35d63d84
----------------- Done invoking toplevel() on ptolemy.moml.MoMLSimpleApplication@35d63d84
reloadAllAccessors: .NilTokenTypeTest

===========================================================================================
----------------- testing Wed Sep 23 16:17:13 UTC 2020 /home/travis/build/icyphy/ptII/ptolemy/actor/lib/test/auto/ObjectToken1.xml
----------------- Instantiating /home/travis/build/icyphy/ptII/ptolemy/actor/lib/test/auto/ObjectToken1.xml
2 ms. Memory: 509952K Free: 437487K (86%)
----------------- Invoking toplevel() on ptolemy.moml.MoMLSimpleApplication@1ade3932
----------------- Done invoking toplevel() on ptolemy.moml.MoMLSimpleApplication@1ade3932
reloadAllAccessors: .ObjectToken1

===========================================================================================
----------------- testing Wed Sep 23 16:17:13 UTC 2020 /home/travis/build/icyphy/ptII/ptolemy/actor/lib/test/auto/OrderedMerge.xml
----------------- Instantiating /home/travis/build/icyphy/ptII/ptolemy/actor/lib/test/auto/OrderedMerge.xml
9 ms. Memory: 509952K Free: 431853K (85%)
----------------- Invoking toplevel() on ptolemy.moml.MoMLSimpleApplication@5cc55c32
----------------- Done invoking toplevel() on ptolemy.moml.MoMLSimpleApplication@5cc55c32
reloadAllAccessors: .OrderedMerge

===========================================================================================
----------------- testing Wed Sep 23 16:17:13 UTC 2020 /home/travis/build/icyphy/ptII/ptolemy/actor/lib/test/auto/OrderedRecordDisassembler.xml
----------------- Instantiating /home/travis/build/icyphy/ptII/ptolemy/actor/lib/test/auto/OrderedRecordDisassembler.xml
2 ms. Memory: 509952K Free: 426703K (84%)
----------------- Invoking toplevel() on ptolemy.moml.MoMLSimpleApplication@49054fd
----------------- Done invoking toplevel() on ptolemy.moml.MoMLSimpleApplication@49054fd
reloadAllAccessors: .OrderedRecordDisassembler

===========================================================================================
----------------- testing Wed Sep 23 16:17:13 UTC 2020 /home/travis/build/icyphy/ptII/ptolemy/actor/lib/test/auto/OrderedRecordDisassembler2.xml
----------------- Instantiating /home/travis/build/icyphy/ptII/ptolemy/actor/lib/test/auto/OrderedRecordDisassembler2.xml
4 ms. Memory: 509952K Free: 419055K (82%)
----------------- Invoking toplevel() on ptolemy.moml.MoMLSimpleApplication@71bdfe3a
----------------- Done invoking toplevel() on ptolemy.moml.MoMLSimpleApplication@71bdfe3a
reloadAllAccessors: .OrderedRecordDisassembler2

===========================================================================================
----------------- testing Wed Sep 23 16:17:13 UTC 2020 /home/travis/build/icyphy/ptII/ptolemy/actor/lib/test/auto/OrderedRecordUpdater.xml
----------------- Instantiating /home/travis/build/icyphy/ptII/ptolemy/actor/lib/test/auto/OrderedRecordUpdater.xml
2 ms. Memory: 509952K Free: 413935K (81%)
----------------- Invoking toplevel() on ptolemy.moml.MoMLSimpleApplication@776fca1
----------------- Done invoking toplevel() on ptolemy.moml.MoMLSimpleApplication@776fca1
reloadAllAccessors: .RecordUpdater

===========================================================================================
----------------- testing Wed Sep 23 16:17:13 UTC 2020 /home/travis/build/icyphy/ptII/ptolemy/actor/lib/test/auto/OrderedRecordUpdater2.xml
----------------- Instantiating /home/travis/build/icyphy/ptII/ptolemy/actor/lib/test/auto/OrderedRecordUpdater2.xml
1 ms. Memory: 509952K Free: 408815K (80%)
----------------- Invoking toplevel() on ptolemy.moml.MoMLSimpleApplication@5800c968
----------------- Done invoking toplevel() on ptolemy.moml.MoMLSimpleApplication@5800c968
reloadAllAccessors: .RecordUpdater2

===========================================================================================
----------------- testing Wed Sep 23 16:17:13 UTC 2020 /home/travis/build/icyphy/ptII/ptolemy/actor/lib/test/auto/PhaseUnwrap.xml
----------------- Instantiating /home/travis/build/icyphy/ptII/ptolemy/actor/lib/test/auto/PhaseUnwrap.xml
1 ms. Memory: 509952K Free: 404205K (79%)
----------------- Invoking toplevel() on ptolemy.moml.MoMLSimpleApplication@7c76b639
----------------- Done invoking toplevel() on ptolemy.moml.MoMLSimpleApplication@7c76b639
reloadAllAccessors: .PhaseUnwrap

===========================================================================================
----------------- testing Wed Sep 23 16:17:13 UTC 2020 /home/travis/build/icyphy/ptII/ptolemy/actor/lib/test/auto/PoissonClock.xml
----------------- Instantiating /home/travis/build/icyphy/ptII/ptolemy/actor/lib/test/auto/PoissonClock.xml
2 ms. Memory: 509952K Free: 400109K (78%)
----------------- Invoking toplevel() on ptolemy.moml.MoMLSimpleApplication@36dea02a
----------------- Done invoking toplevel() on ptolemy.moml.MoMLSimpleApplication@36dea02a
reloadAllAccessors: .PoissonClock

===========================================================================================
----------------- testing Wed Sep 23 16:17:13 UTC 2020 /home/travis/build/icyphy/ptII/ptolemy/actor/lib/test/auto/PoissonClock2.xml
----------------- Instantiating /home/travis/build/icyphy/ptII/ptolemy/actor/lib/test/auto/PoissonClock2.xml
1 ms. Memory: 509952K Free: 395503K (78%)
----------------- Invoking toplevel() on ptolemy.moml.MoMLSimpleApplication@2e3f7c28
----------------- Done invoking toplevel() on ptolemy.moml.MoMLSimpleApplication@2e3f7c28
reloadAllAccessors: .PoissonClock2

===========================================================================================
----------------- testing Wed Sep 23 16:17:13 UTC 2020 /home/travis/build/icyphy/ptII/ptolemy/actor/lib/test/auto/PoissonClock3.xml
----------------- Instantiating /home/travis/build/icyphy/ptII/ptolemy/actor/lib/test/auto/PoissonClock3.xml
1 ms. Memory: 509952K Free: 390893K (77%)
----------------- Invoking toplevel() on ptolemy.moml.MoMLSimpleApplication@7a565b6a
----------------- Done invoking toplevel() on ptolemy.moml.MoMLSimpleApplication@7a565b6a
reloadAllAccessors: .PoissonClock3

===========================================================================================
----------------- testing Wed Sep 23 16:17:13 UTC 2020 /home/travis/build/icyphy/ptII/ptolemy/actor/lib/test/auto/PubSubWithInitialTokens.xml
----------------- Instantiating /home/travis/build/icyphy/ptII/ptolemy/actor/lib/test/auto/PubSubWithInitialTokens.xml
2 ms. Memory: 509952K Free: 385263K (76%)
----------------- Invoking toplevel() on ptolemy.moml.MoMLSimpleApplication@4866bfd4
----------------- Done invoking toplevel() on ptolemy.moml.MoMLSimpleApplication@4866bfd4
reloadAllAccessors: .PubSubWithInitialTokens

===========================================================================================
----------------- testing Wed Sep 23 16:17:13 UTC 2020 /home/travis/build/icyphy/ptII/ptolemy/actor/lib/test/auto/PubSubWithInitialTokens2.xml
----------------- Instantiating /home/travis/build/icyphy/ptII/ptolemy/actor/lib/test/auto/PubSubWithInitialTokens2.xml
2 ms. Memory: 509952K Free: 378591K (74%)
----------------- Invoking toplevel() on ptolemy.moml.MoMLSimpleApplication@1ca51d39
----------------- Done invoking toplevel() on ptolemy.moml.MoMLSimpleApplication@1ca51d39
reloadAllAccessors: .PubSubWithInitialTokens2

===========================================================================================
----------------- testing Wed Sep 23 16:17:13 UTC 2020 /home/travis/build/icyphy/ptII/ptolemy/actor/lib/test/auto/PublisherClassNoParameter.xml
----------------- Instantiating /home/travis/build/icyphy/ptII/ptolemy/actor/lib/test/auto/PublisherClassNoParameter.xml
2 ms. Memory: 509952K Free: 368879K (72%)
----------------- Invoking toplevel() on ptolemy.moml.MoMLSimpleApplication@6ed9e331
----------------- Done invoking toplevel() on ptolemy.moml.MoMLSimpleApplication@6ed9e331
reloadAllAccessors: .PublisherClassNoParameter

===========================================================================================
----------------- testing Wed Sep 23 16:17:13 UTC 2020 /home/travis/build/icyphy/ptII/ptolemy/actor/lib/test/auto/PublisherClassParameter.xml
----------------- Instantiating /home/travis/build/icyphy/ptII/ptolemy/actor/lib/test/auto/PublisherClassParameter.xml
2 ms. Memory: 509952K Free: 358639K (70%)
----------------- Invoking toplevel() on ptolemy.moml.MoMLSimpleApplication@7b454792
----------------- Done invoking toplevel() on ptolemy.moml.MoMLSimpleApplication@7b454792
reloadAllAccessors: .PublisherClassParameter

===========================================================================================
----------------- testing Wed Sep 23 16:17:13 UTC 2020 /home/travis/build/icyphy/ptII/ptolemy/actor/lib/test/auto/PublisherNonStrictTest.xml
----------------- Instantiating /home/travis/build/icyphy/ptII/ptolemy/actor/lib/test/auto/PublisherNonStrictTest.xml
2 ms. Memory: 509952K Free: 350951K (69%)
----------------- Invoking toplevel() on ptolemy.moml.MoMLSimpleApplication@3634bb32
----------------- Done invoking toplevel() on ptolemy.moml.MoMLSimpleApplication@3634bb32
reloadAllAccessors: .PublisherNonStrictTest

===========================================================================================
----------------- testing Wed Sep 23 16:17:13 UTC 2020 /home/travis/build/icyphy/ptII/ptolemy/actor/lib/test/auto/PublisherPort1.xml
----------------- Instantiating /home/travis/build/icyphy/ptII/ptolemy/actor/lib/test/auto/PublisherPort1.xml
2 ms. Memory: 509952K Free: 345327K (68%)
----------------- Invoking toplevel() on ptolemy.moml.MoMLSimpleApplication@6125b438
----------------- Done invoking toplevel() on ptolemy.moml.MoMLSimpleApplication@6125b438
reloadAllAccessors: .PublisherPort1

===========================================================================================
----------------- testing Wed Sep 23 16:17:13 UTC 2020 /home/travis/build/icyphy/ptII/ptolemy/actor/lib/test/auto/PublisherPort2.xml
----------------- Instantiating /home/travis/build/icyphy/ptII/ptolemy/actor/lib/test/auto/PublisherPort2.xml
1 ms. Memory: 509952K Free: 340207K (67%)
----------------- Invoking toplevel() on ptolemy.moml.MoMLSimpleApplication@13244dac
----------------- Done invoking toplevel() on ptolemy.moml.MoMLSimpleApplication@13244dac
reloadAllAccessors: .PublisherPort2

===========================================================================================
----------------- testing Wed Sep 23 16:17:13 UTC 2020 /home/travis/build/icyphy/ptII/ptolemy/actor/lib/test/auto/PublisherPort3.xml
----------------- Instantiating /home/travis/build/icyphy/ptII/ptolemy/actor/lib/test/auto/PublisherPort3.xml
14 ms. Memory: 509952K Free: 333519K (65%)
----------------- Invoking toplevel() on ptolemy.moml.MoMLSimpleApplication@7d852c7d
----------------- Done invoking toplevel() on ptolemy.moml.MoMLSimpleApplication@7d852c7d
reloadAllAccessors: .PublisherPort3

===========================================================================================
----------------- testing Wed Sep 23 16:17:13 UTC 2020 /home/travis/build/icyphy/ptII/ptolemy/actor/lib/test/auto/PublisherPort4.xml
----------------- Instantiating /home/travis/build/icyphy/ptII/ptolemy/actor/lib/test/auto/PublisherPort4.xml
3 ms. Memory: 509952K Free: 327919K (64%)
----------------- Invoking toplevel() on ptolemy.moml.MoMLSimpleApplication@57846030
----------------- Done invoking toplevel() on ptolemy.moml.MoMLSimpleApplication@57846030
reloadAllAccessors: .PublisherPort4

===========================================================================================
----------------- testing Wed Sep 23 16:17:13 UTC 2020 /home/travis/build/icyphy/ptII/ptolemy/actor/lib/test/auto/PublisherPort5.xml
----------------- Instantiating /home/travis/build/icyphy/ptII/ptolemy/actor/lib/test/auto/PublisherPort5.xml
4 ms. Memory: 509952K Free: 320237K (63%)
----------------- Invoking toplevel() on ptolemy.moml.MoMLSimpleApplication@7ed9e075
----------------- Done invoking toplevel() on ptolemy.moml.MoMLSimpleApplication@7ed9e075
reloadAllAccessors: .PublisherPort5

===========================================================================================
----------------- testing Wed Sep 23 16:17:13 UTC 2020 /home/travis/build/icyphy/ptII/ptolemy/actor/lib/test/auto/PublisherPort5LookAlike.xml
----------------- Instantiating /home/travis/build/icyphy/ptII/ptolemy/actor/lib/test/auto/PublisherPort5LookAlike.xml
8 ms. Memory: 509952K Free: 312039K (61%)
----------------- Invoking toplevel() on ptolemy.moml.MoMLSimpleApplication@60385675
----------------- Done invoking toplevel() on ptolemy.moml.MoMLSimpleApplication@60385675
reloadAllAccessors: .PublisherPort5LookAlike

===========================================================================================
----------------- testing Wed Sep 23 16:17:13 UTC 2020 /home/travis/build/icyphy/ptII/ptolemy/actor/lib/test/auto/PublisherPort6.xml
----------------- Instantiating /home/travis/build/icyphy/ptII/ptolemy/actor/lib/test/auto/PublisherPort6.xml
2 ms. Memory: 509952K Free: 305391K (60%)
----------------- Invoking toplevel() on ptolemy.moml.MoMLSimpleApplication@73385421
----------------- Done invoking toplevel() on ptolemy.moml.MoMLSimpleApplication@73385421
reloadAllAccessors: .PublisherPort6

===========================================================================================
----------------- testing Wed Sep 23 16:17:13 UTC 2020 /home/travis/build/icyphy/ptII/ptolemy/actor/lib/test/auto/PublisherPort7.xml
----------------- Instantiating /home/travis/build/icyphy/ptII/ptolemy/actor/lib/test/auto/PublisherPort7.xml
4 ms. Memory: 509952K Free: 297709K (58%)
----------------- Invoking toplevel() on ptolemy.moml.MoMLSimpleApplication@717ec77e
----------------- Done invoking toplevel() on ptolemy.moml.MoMLSimpleApplication@717ec77e
reloadAllAccessors: .PublisherPort7

===========================================================================================
----------------- testing Wed Sep 23 16:17:13 UTC 2020 /home/travis/build/icyphy/ptII/ptolemy/actor/lib/test/auto/PublisherPort8.xml
----------------- Instantiating /home/travis/build/icyphy/ptII/ptolemy/actor/lib/test/auto/PublisherPort8.xml
4 ms. Memory: 509952K Free: 289007K (57%)
----------------- Invoking toplevel() on ptolemy.moml.MoMLSimpleApplication@67cab5e2
----------------- Done invoking toplevel() on ptolemy.moml.MoMLSimpleApplication@67cab5e2
reloadAllAccessors: .PublisherPort8

===========================================================================================
----------------- testing Wed Sep 23 16:17:13 UTC 2020 /home/travis/build/icyphy/ptII/ptolemy/actor/lib/test/auto/PublisherPortSubscriberChannelVariablesAOC2.xml
----------------- Instantiating /home/travis/build/icyphy/ptII/ptolemy/actor/lib/test/auto/PublisherPortSubscriberChannelVariablesAOC2.xml
3 ms. Memory: 509952K Free: 271599K (53%)
----------------- Invoking toplevel() on ptolemy.moml.MoMLSimpleApplication@4d61adb9
----------------- Done invoking toplevel() on ptolemy.moml.MoMLSimpleApplication@4d61adb9
reloadAllAccessors: .PublisherPortSubscriberChannelVariablesAOC2

===========================================================================================
----------------- testing Wed Sep 23 16:17:13 UTC 2020 /home/travis/build/icyphy/ptII/ptolemy/actor/lib/test/auto/PublisherPortSubscriberOpaqueWidthInference.xml
----------------- Instantiating /home/travis/build/icyphy/ptII/ptolemy/actor/lib/test/auto/PublisherPortSubscriberOpaqueWidthInference.xml
4 ms. Memory: 509952K Free: 263407K (52%)
----------------- Invoking toplevel() on ptolemy.moml.MoMLSimpleApplication@200d01
----------------- Done invoking toplevel() on ptolemy.moml.MoMLSimpleApplication@200d01
reloadAllAccessors: .PublisherPortSubscriberOpaqueWidthInference

===========================================================================================
----------------- testing Wed Sep 23 16:17:13 UTC 2020 /home/travis/build/icyphy/ptII/ptolemy/actor/lib/test/auto/PublisherPortSubscriberPortAdjacent.xml
----------------- Instantiating /home/travis/build/icyphy/ptII/ptolemy/actor/lib/test/auto/PublisherPortSubscriberPortAdjacent.xml
2 ms. Memory: 509952K Free: 255215K (50%)
----------------- Invoking toplevel() on ptolemy.moml.MoMLSimpleApplication@2c1feaf3
----------------- Done invoking toplevel() on ptolemy.moml.MoMLSimpleApplication@2c1feaf3
reloadAllAccessors: .PublisherPortSubscriberPortAdjacent

===========================================================================================
----------------- testing Wed Sep 23 16:17:13 UTC 2020 /home/travis/build/icyphy/ptII/ptolemy/actor/lib/test/auto/PublisherPortSubscriberPortExpression.xml
----------------- Instantiating /home/travis/build/icyphy/ptII/ptolemy/actor/lib/test/auto/PublisherPortSubscriberPortExpression.xml
10 ms. Memory: 509952K Free: 247519K (49%)
----------------- Invoking toplevel() on ptolemy.moml.MoMLSimpleApplication@2ff50346
----------------- Done invoking toplevel() on ptolemy.moml.MoMLSimpleApplication@2ff50346
reloadAllAccessors: .PublisherPortSubscriberPortExpression

===========================================================================================
----------------- testing Wed Sep 23 16:17:13 UTC 2020 /home/travis/build/icyphy/ptII/ptolemy/actor/lib/test/auto/PublisherPortSubscriberPortOpaqueD3Reverse.xml
----------------- Instantiating /home/travis/build/icyphy/ptII/ptolemy/actor/lib/test/auto/PublisherPortSubscriberPortOpaqueD3Reverse.xml
6 ms. Memory: 509952K Free: 236783K (46%)
----------------- Invoking toplevel() on ptolemy.moml.MoMLSimpleApplication@2aeed7c6
----------------- Done invoking toplevel() on ptolemy.moml.MoMLSimpleApplication@2aeed7c6
reloadAllAccessors: .PublisherPortSubscriberPortOpaqueD3Reverse

===========================================================================================
----------------- testing Wed Sep 23 16:17:13 UTC 2020 /home/travis/build/icyphy/ptII/ptolemy/actor/lib/test/auto/PublisherPortSubscriberPortOpaqueWidthInference.xml
----------------- Instantiating /home/travis/build/icyphy/ptII/ptolemy/actor/lib/test/auto/PublisherPortSubscriberPortOpaqueWidthInference.xml
3 ms. Memory: 509952K Free: 229087K (45%)
----------------- Invoking toplevel() on ptolemy.moml.MoMLSimpleApplication@44b10f93
----------------- Done invoking toplevel() on ptolemy.moml.MoMLSimpleApplication@44b10f93
reloadAllAccessors: .PublisherPortSubscriberPortOpaqueWidthInference

===========================================================================================
----------------- testing Wed Sep 23 16:17:13 UTC 2020 /home/travis/build/icyphy/ptII/ptolemy/actor/lib/test/auto/PublisherPortToplevelSubscriberPortAOC.xml
----------------- Instantiating /home/travis/build/icyphy/ptII/ptolemy/actor/lib/test/auto/PublisherPortToplevelSubscriberPortAOC.xml
.PublisherPortToplevelSubscriberPortAOC.TestExceptionAttribute: initialize() was not invoked, but wrapup() was.  This is unusual, but not always a problem.  For example, exporting JNLP will do this.
0 ms. Memory: 509952K Free: 222957K (44%)
----------------- Invoking toplevel() on ptolemy.moml.MoMLSimpleApplication@19534fe1
----------------- Done invoking toplevel() on ptolemy.moml.MoMLSimpleApplication@19534fe1
reloadAllAccessors: .PublisherPortToplevelSubscriberPortAOC

===========================================================================================
----------------- testing Wed Sep 23 16:17:13 UTC 2020 /home/travis/build/icyphy/ptII/ptolemy/actor/lib/test/auto/PublisherSubscriber.xml
----------------- Instantiating /home/travis/build/icyphy/ptII/ptolemy/actor/lib/test/auto/PublisherSubscriber.xml
2 ms. Memory: 509952K Free: 215279K (42%)
----------------- Invoking toplevel() on ptolemy.moml.MoMLSimpleApplication@22ad13ae
----------------- Done invoking toplevel() on ptolemy.moml.MoMLSimpleApplication@22ad13ae
reloadAllAccessors: .PublisherSubscriber

===========================================================================================
----------------- testing Wed Sep 23 16:17:13 UTC 2020 /home/travis/build/icyphy/ptII/ptolemy/actor/lib/test/auto/PublisherSubscriber10.xml
----------------- Instantiating /home/travis/build/icyphy/ptII/ptolemy/actor/lib/test/auto/PublisherSubscriber10.xml
5 ms. Memory: 509952K Free: 205549K (40%)
----------------- Invoking toplevel() on ptolemy.moml.MoMLSimpleApplication@2bdbb11c
----------------- Done invoking toplevel() on ptolemy.moml.MoMLSimpleApplication@2bdbb11c
reloadAllAccessors: .PublisherSubscriber10

===========================================================================================
----------------- testing Wed Sep 23 16:17:13 UTC 2020 /home/travis/build/icyphy/ptII/ptolemy/actor/lib/test/auto/PublisherSubscriber10InitialOutputs.xml
----------------- Instantiating /home/travis/build/icyphy/ptII/ptolemy/actor/lib/test/auto/PublisherSubscriber10InitialOutputs.xml
12 ms. Memory: 509952K Free: 196333K (39%)
----------------- Invoking toplevel() on ptolemy.moml.MoMLSimpleApplication@39f1e77d
----------------- Done invoking toplevel() on ptolemy.moml.MoMLSimpleApplication@39f1e77d
reloadAllAccessors: .PublisherSubscriber10InitialOutputs

===========================================================================================
----------------- testing Wed Sep 23 16:17:13 UTC 2020 /home/travis/build/icyphy/ptII/ptolemy/actor/lib/test/auto/PublisherSubscriber11.xml
----------------- Instantiating /home/travis/build/icyphy/ptII/ptolemy/actor/lib/test/auto/PublisherSubscriber11.xml
3 ms. Memory: 509952K Free: 190159K (37%)
----------------- Invoking toplevel() on ptolemy.moml.MoMLSimpleApplication@47e8118f
----------------- Done invoking toplevel() on ptolemy.moml.MoMLSimpleApplication@47e8118f
reloadAllAccessors: .PublisherSubscriber11

===========================================================================================
----------------- testing Wed Sep 23 16:17:13 UTC 2020 /home/travis/build/icyphy/ptII/ptolemy/actor/lib/test/auto/PublisherSubscriber12.xml
----------------- Instantiating /home/travis/build/icyphy/ptII/ptolemy/actor/lib/test/auto/PublisherSubscriber12.xml
5 ms. Memory: 509952K Free: 183021K (36%)
----------------- Invoking toplevel() on ptolemy.moml.MoMLSimpleApplication@57bf14ab
----------------- Done invoking toplevel() on ptolemy.moml.MoMLSimpleApplication@57bf14ab
reloadAllAccessors: .PublisherSubscriber12

===========================================================================================
----------------- testing Wed Sep 23 16:17:13 UTC 2020 /home/travis/build/icyphy/ptII/ptolemy/actor/lib/test/auto/PublisherSubscriber13.xml
----------------- Instantiating /home/travis/build/icyphy/ptII/ptolemy/actor/lib/test/auto/PublisherSubscriber13.xml
2 ms. Memory: 509952K Free: 177391K (35%)
----------------- Invoking toplevel() on ptolemy.moml.MoMLSimpleApplication@957bcfc
----------------- Done invoking toplevel() on ptolemy.moml.MoMLSimpleApplication@957bcfc
reloadAllAccessors: .PublisherSubscriber13

===========================================================================================
----------------- testing Wed Sep 23 16:17:13 UTC 2020 /home/travis/build/icyphy/ptII/ptolemy/actor/lib/test/auto/PublisherSubscriber14.xml
----------------- Instantiating /home/travis/build/icyphy/ptII/ptolemy/actor/lib/test/auto/PublisherSubscriber14.xml
1 ms. Memory: 509952K Free: 168671K (33%)
----------------- Invoking toplevel() on ptolemy.moml.MoMLSimpleApplication@20df8be1
----------------- Done invoking toplevel() on ptolemy.moml.MoMLSimpleApplication@20df8be1
reloadAllAccessors: .PublisherSubscriber14

===========================================================================================
----------------- testing Wed Sep 23 16:17:13 UTC 2020 /home/travis/build/icyphy/ptII/ptolemy/actor/lib/test/auto/PublisherSubscriber2.xml
----------------- Instantiating /home/travis/build/icyphy/ptII/ptolemy/actor/lib/test/auto/PublisherSubscriber2.xml
2 ms. Memory: 509952K Free: 163055K (32%)
----------------- Invoking toplevel() on ptolemy.moml.MoMLSimpleApplication@5943a141
----------------- Done invoking toplevel() on ptolemy.moml.MoMLSimpleApplication@5943a141
reloadAllAccessors: .PublisherSubscriber2

===========================================================================================
----------------- testing Wed Sep 23 16:17:13 UTC 2020 /home/travis/build/icyphy/ptII/ptolemy/actor/lib/test/auto/PublisherSubscriber3.xml
----------------- Instantiating /home/travis/build/icyphy/ptII/ptolemy/actor/lib/test/auto/PublisherSubscriber3.xml
2 ms. Memory: 509952K Free: 458196K (90%)
----------------- Invoking toplevel() on ptolemy.moml.MoMLSimpleApplication@2bab73fb
----------------- Done invoking toplevel() on ptolemy.moml.MoMLSimpleApplication@2bab73fb
reloadAllAccessors: .PublisherSubscriber3

===========================================================================================
----------------- testing Wed Sep 23 16:17:13 UTC 2020 /home/travis/build/icyphy/ptII/ptolemy/actor/lib/test/auto/PublisherSubscriber4.xml
----------------- Instantiating /home/travis/build/icyphy/ptII/ptolemy/actor/lib/test/auto/PublisherSubscriber4.xml
2 ms. Memory: 509952K Free: 452572K (89%)
----------------- Invoking toplevel() on ptolemy.moml.MoMLSimpleApplication@6fb5dac2
----------------- Done invoking toplevel() on ptolemy.moml.MoMLSimpleApplication@6fb5dac2
reloadAllAccessors: .PublisherSubscriber4

===========================================================================================
----------------- testing Wed Sep 23 16:17:13 UTC 2020 /home/travis/build/icyphy/ptII/ptolemy/actor/lib/test/auto/PublisherSubscriber5.xml
----------------- Instantiating /home/travis/build/icyphy/ptII/ptolemy/actor/lib/test/auto/PublisherSubscriber5.xml
2 ms. Memory: 509952K Free: 445900K (87%)
----------------- Invoking toplevel() on ptolemy.moml.MoMLSimpleApplication@449b53cf
----------------- Done invoking toplevel() on ptolemy.moml.MoMLSimpleApplication@449b53cf
reloadAllAccessors: .PublisherSubscriber5

===========================================================================================
----------------- testing Wed Sep 23 16:17:13 UTC 2020 /home/travis/build/icyphy/ptII/ptolemy/actor/lib/test/auto/PublisherSubscriber6.xml
----------------- Instantiating /home/travis/build/icyphy/ptII/ptolemy/actor/lib/test/auto/PublisherSubscriber6.xml
3 ms. Memory: 509952K Free: 439260K (86%)
----------------- Invoking toplevel() on ptolemy.moml.MoMLSimpleApplication@25706222
----------------- Done invoking toplevel() on ptolemy.moml.MoMLSimpleApplication@25706222
reloadAllAccessors: .PublisherSubscriber6

===========================================================================================
----------------- testing Wed Sep 23 16:17:13 UTC 2020 /home/travis/build/icyphy/ptII/ptolemy/actor/lib/test/auto/PublisherSubscriber7.xml
----------------- Instantiating /home/travis/build/icyphy/ptII/ptolemy/actor/lib/test/auto/PublisherSubscriber7.xml
8 ms. Memory: 509952K Free: 432588K (85%)
----------------- Invoking toplevel() on ptolemy.moml.MoMLSimpleApplication@5ccb1f18
----------------- Done invoking toplevel() on ptolemy.moml.MoMLSimpleApplication@5ccb1f18
reloadAllAccessors: .PublisherSubscriber7

===========================================================================================
----------------- testing Wed Sep 23 16:17:13 UTC 2020 /home/travis/build/icyphy/ptII/ptolemy/actor/lib/test/auto/PublisherSubscriber8.xml
----------------- Instantiating /home/travis/build/icyphy/ptII/ptolemy/actor/lib/test/auto/PublisherSubscriber8.xml
18 ms. Memory: 509952K Free: 420828K (83%)
----------------- Invoking toplevel() on ptolemy.moml.MoMLSimpleApplication@bebb93f
----------------- Done invoking toplevel() on ptolemy.moml.MoMLSimpleApplication@bebb93f
reloadAllAccessors: .PublisherSubscriber8

===========================================================================================
----------------- testing Wed Sep 23 16:17:13 UTC 2020 /home/travis/build/icyphy/ptII/ptolemy/actor/lib/test/auto/PublisherSubscriber9.xml
----------------- Instantiating /home/travis/build/icyphy/ptII/ptolemy/actor/lib/test/auto/PublisherSubscriber9.xml
3 ms. Memory: 509952K Free: 413140K (81%)
----------------- Invoking toplevel() on ptolemy.moml.MoMLSimpleApplication@328f462
----------------- Done invoking toplevel() on ptolemy.moml.MoMLSimpleApplication@328f462
reloadAllAccessors: .PublisherSubscriber9

===========================================================================================
----------------- testing Wed Sep 23 16:17:13 UTC 2020 /home/travis/build/icyphy/ptII/ptolemy/actor/lib/test/auto/PublisherSubscriberAdjacent.xml
----------------- Instantiating /home/travis/build/icyphy/ptII/ptolemy/actor/lib/test/auto/PublisherSubscriberAdjacent.xml
2 ms. Memory: 509952K Free: 404954K (79%)
----------------- Invoking toplevel() on ptolemy.moml.MoMLSimpleApplication@7743bd98
----------------- Done invoking toplevel() on ptolemy.moml.MoMLSimpleApplication@7743bd98
reloadAllAccessors: .PublisherSubscriberAdjacent

===========================================================================================
----------------- testing Wed Sep 23 16:17:13 UTC 2020 /home/travis/build/icyphy/ptII/ptolemy/actor/lib/test/auto/PublisherSubscriberChannelVariablesAOC2.xml
----------------- Instantiating /home/travis/build/icyphy/ptII/ptolemy/actor/lib/test/auto/PublisherSubscriberChannelVariablesAOC2.xml
3 ms. Memory: 509952K Free: 390108K (76%)
----------------- Invoking toplevel() on ptolemy.moml.MoMLSimpleApplication@7e2abccc
----------------- Done invoking toplevel() on ptolemy.moml.MoMLSimpleApplication@7e2abccc
reloadAllAccessors: .PublisherSubscriberChannelVariablesAOC2

===========================================================================================
----------------- testing Wed Sep 23 16:17:13 UTC 2020 /home/travis/build/icyphy/ptII/ptolemy/actor/lib/test/auto/PublisherSubscriberD3.xml
----------------- Instantiating /home/travis/build/icyphy/ptII/ptolemy/actor/lib/test/auto/PublisherSubscriberD3.xml
2 ms. Memory: 509952K Free: 382940K (75%)
----------------- Invoking toplevel() on ptolemy.moml.MoMLSimpleApplication@494c92f4
----------------- Done invoking toplevel() on ptolemy.moml.MoMLSimpleApplication@494c92f4
reloadAllAccessors: .PublisherSubscriberD3

===========================================================================================
----------------- testing Wed Sep 23 16:17:13 UTC 2020 /home/travis/build/icyphy/ptII/ptolemy/actor/lib/test/auto/PublisherSubscriberD3Reverse.xml
----------------- Instantiating /home/travis/build/icyphy/ptII/ptolemy/actor/lib/test/auto/PublisherSubscriberD3Reverse.xml
2 ms. Memory: 509952K Free: 376796K (74%)
----------------- Invoking toplevel() on ptolemy.moml.MoMLSimpleApplication@25518d0e
----------------- Done invoking toplevel() on ptolemy.moml.MoMLSimpleApplication@25518d0e
reloadAllAccessors: .PublisherSubscriberD3Reverse

===========================================================================================
----------------- testing Wed Sep 23 16:17:14 UTC 2020 /home/travis/build/icyphy/ptII/ptolemy/actor/lib/test/auto/PublisherSubscriberExpression.xml
----------------- Instantiating /home/travis/build/icyphy/ptII/ptolemy/actor/lib/test/auto/PublisherSubscriberExpression.xml
3 ms. Memory: 509952K Free: 368076K (72%)
----------------- Invoking toplevel() on ptolemy.moml.MoMLSimpleApplication@3d008a0
----------------- Done invoking toplevel() on ptolemy.moml.MoMLSimpleApplication@3d008a0
reloadAllAccessors: .PublisherSubscriberExpression

===========================================================================================
----------------- testing Wed Sep 23 16:17:14 UTC 2020 /home/travis/build/icyphy/ptII/ptolemy/actor/lib/test/auto/PublisherSubscriberOpaque.xml
----------------- Instantiating /home/travis/build/icyphy/ptII/ptolemy/actor/lib/test/auto/PublisherSubscriberOpaque.xml
4 ms. Memory: 509952K Free: 359898K (71%)
----------------- Invoking toplevel() on ptolemy.moml.MoMLSimpleApplication@3301d1f4
----------------- Done invoking toplevel() on ptolemy.moml.MoMLSimpleApplication@3301d1f4
reloadAllAccessors: .PublisherSubscriberOpaque

===========================================================================================
----------------- testing Wed Sep 23 16:17:14 UTC 2020 /home/travis/build/icyphy/ptII/ptolemy/actor/lib/test/auto/PublisherSubscriberOpaqueD3.xml
----------------- Instantiating /home/travis/build/icyphy/ptII/ptolemy/actor/lib/test/auto/PublisherSubscriberOpaqueD3.xml
4 ms. Memory: 509952K Free: 348634K (68%)
----------------- Invoking toplevel() on ptolemy.moml.MoMLSimpleApplication@67e05d95
----------------- Done invoking toplevel() on ptolemy.moml.MoMLSimpleApplication@67e05d95
reloadAllAccessors: .PublisherSubscriberOpaqueD3

===========================================================================================
----------------- testing Wed Sep 23 16:17:14 UTC 2020 /home/travis/build/icyphy/ptII/ptolemy/actor/lib/test/auto/PublisherSubscriberOpaqueD3Reverse.xml
----------------- Instantiating /home/travis/build/icyphy/ptII/ptolemy/actor/lib/test/auto/PublisherSubscriberOpaqueD3Reverse.xml
7 ms. Memory: 509952K Free: 337884K (66%)
----------------- Invoking toplevel() on ptolemy.moml.MoMLSimpleApplication@7fe85abf
----------------- Done invoking toplevel() on ptolemy.moml.MoMLSimpleApplication@7fe85abf
reloadAllAccessors: .PublisherSubscriberOpaqueD3Reverse

===========================================================================================
----------------- testing Wed Sep 23 16:17:14 UTC 2020 /home/travis/build/icyphy/ptII/ptolemy/actor/lib/test/auto/PublisherSubscriberOpaqueWidthInference.xml
----------------- Instantiating /home/travis/build/icyphy/ptII/ptolemy/actor/lib/test/auto/PublisherSubscriberOpaqueWidthInference.xml
4 ms. Memory: 509952K Free: 329692K (65%)
----------------- Invoking toplevel() on ptolemy.moml.MoMLSimpleApplication@61188c74
----------------- Done invoking toplevel() on ptolemy.moml.MoMLSimpleApplication@61188c74
reloadAllAccessors: .PublisherSubscriberOpaqueWidthInference

===========================================================================================
----------------- testing Wed Sep 23 16:17:14 UTC 2020 /home/travis/build/icyphy/ptII/ptolemy/actor/lib/test/auto/PublisherTestSubscriber.xml
----------------- Instantiating /home/travis/build/icyphy/ptII/ptolemy/actor/lib/test/auto/PublisherTestSubscriber.xml
3 ms. Memory: 509952K Free: 321500K (63%)
----------------- Invoking toplevel() on ptolemy.moml.MoMLSimpleApplication@736f0078
----------------- Done invoking toplevel() on ptolemy.moml.MoMLSimpleApplication@736f0078
reloadAllAccessors: .PublisherTestSubscriber

===========================================================================================
----------------- testing Wed Sep 23 16:17:14 UTC 2020 /home/travis/build/icyphy/ptII/ptolemy/actor/lib/test/auto/PublisherToplevelSubscriberPortAOC.xml
----------------- Instantiating /home/travis/build/icyphy/ptII/ptolemy/actor/lib/test/auto/PublisherToplevelSubscriberPortAOC.xml
2 ms. Memory: 509952K Free: 315356K (62%)
----------------- Invoking toplevel() on ptolemy.moml.MoMLSimpleApplication@1429b53e
----------------- Done invoking toplevel() on ptolemy.moml.MoMLSimpleApplication@1429b53e
reloadAllAccessors: .PublisherToplevelSubscriberPortAOC

===========================================================================================
----------------- testing Wed Sep 23 16:17:14 UTC 2020 /home/travis/build/icyphy/ptII/ptolemy/actor/lib/test/auto/PulseFiringLimitDE.xml
----------------- Instantiating /home/travis/build/icyphy/ptII/ptolemy/actor/lib/test/auto/PulseFiringLimitDE.xml
2 ms. Memory: 509952K Free: 309212K (61%)
----------------- Invoking toplevel() on ptolemy.moml.MoMLSimpleApplication@635eba97
----------------- Done invoking toplevel() on ptolemy.moml.MoMLSimpleApplication@635eba97
reloadAllAccessors: .PulseFiringLimitDE

===========================================================================================
----------------- testing Wed Sep 23 16:17:14 UTC 2020 /home/travis/build/icyphy/ptII/ptolemy/actor/lib/test/auto/Ramp1.xml
----------------- Instantiating /home/travis/build/icyphy/ptII/ptolemy/actor/lib/test/auto/Ramp1.xml
1 ms. Memory: 509952K Free: 305116K (60%)
----------------- Invoking toplevel() on ptolemy.moml.MoMLSimpleApplication@797b43d
----------------- Done invoking toplevel() on ptolemy.moml.MoMLSimpleApplication@797b43d
reloadAllAccessors: .Ramp1

===========================================================================================
----------------- testing Wed Sep 23 16:17:14 UTC 2020 /home/travis/build/icyphy/ptII/ptolemy/actor/lib/test/auto/RampFiringLimitDE.xml
----------------- Instantiating /home/travis/build/icyphy/ptII/ptolemy/actor/lib/test/auto/RampFiringLimitDE.xml
3 ms. Memory: 509952K Free: 298444K (59%)
----------------- Invoking toplevel() on ptolemy.moml.MoMLSimpleApplication@2b2cd738
----------------- Done invoking toplevel() on ptolemy.moml.MoMLSimpleApplication@2b2cd738
reloadAllAccessors: .RampFiringLimitDE

===========================================================================================
----------------- testing Wed Sep 23 16:17:14 UTC 2020 /home/travis/build/icyphy/ptII/ptolemy/actor/lib/test/auto/RampFiringLimitSDF.xml
----------------- Instantiating /home/travis/build/icyphy/ptII/ptolemy/actor/lib/test/auto/RampFiringLimitSDF.xml
2 ms. Memory: 509952K Free: 293308K (58%)
----------------- Invoking toplevel() on ptolemy.moml.MoMLSimpleApplication@3cdfd4f
----------------- Done invoking toplevel() on ptolemy.moml.MoMLSimpleApplication@3cdfd4f
reloadAllAccessors: .RampFiringLimitSDF

===========================================================================================
----------------- testing Wed Sep 23 16:17:14 UTC 2020 /home/travis/build/icyphy/ptII/ptolemy/actor/lib/test/auto/RandomInteger.xml
----------------- Instantiating /home/travis/build/icyphy/ptII/ptolemy/actor/lib/test/auto/RandomInteger.xml
1 ms. Memory: 509952K Free: 289242K (57%)
----------------- Invoking toplevel() on ptolemy.moml.MoMLSimpleApplication@2ebfc210
----------------- Done invoking toplevel() on ptolemy.moml.MoMLSimpleApplication@2ebfc210
reloadAllAccessors: .RandomInteger

===========================================================================================
----------------- testing Wed Sep 23 16:17:14 UTC 2020 /home/travis/build/icyphy/ptII/ptolemy/actor/lib/test/auto/ReadFile1.xml
----------------- Instantiating /home/travis/build/icyphy/ptII/ptolemy/actor/lib/test/auto/ReadFile1.xml
1 ms. Memory: 509952K Free: 284636K (56%)
----------------- Invoking toplevel() on ptolemy.moml.MoMLSimpleApplication@41577b0b
----------------- Done invoking toplevel() on ptolemy.moml.MoMLSimpleApplication@41577b0b
reloadAllAccessors: .ReadFile1

===========================================================================================
----------------- testing Wed Sep 23 16:17:14 UTC 2020 /home/travis/build/icyphy/ptII/ptolemy/actor/lib/test/auto/ReadFile2.xml
----------------- Instantiating /home/travis/build/icyphy/ptII/ptolemy/actor/lib/test/auto/ReadFile2.xml
2 ms. Memory: 509952K Free: 280026K (55%)
----------------- Invoking toplevel() on ptolemy.moml.MoMLSimpleApplication@6c2a6a66
----------------- Done invoking toplevel() on ptolemy.moml.MoMLSimpleApplication@6c2a6a66
reloadAllAccessors: .ReadFile2

===========================================================================================
----------------- testing Wed Sep 23 16:17:14 UTC 2020 /home/travis/build/icyphy/ptII/ptolemy/actor/lib/test/auto/Reader.xml
----------------- Instantiating /home/travis/build/icyphy/ptII/ptolemy/actor/lib/test/auto/Reader.xml
actor.lib.Reader is obsolete, use actor.lib.io.ExpressionReader instead
4 ms. Memory: 509952K Free: 275930K (54%)
----------------- Invoking toplevel() on ptolemy.moml.MoMLSimpleApplication@62d77da
----------------- Done invoking toplevel() on ptolemy.moml.MoMLSimpleApplication@62d77da
reloadAllAccessors: .Reader

===========================================================================================
----------------- testing Wed Sep 23 16:17:14 UTC 2020 /home/travis/build/icyphy/ptII/ptolemy/actor/lib/test/auto/RecordAssemblerDisplayNameTest.xml
----------------- Instantiating /home/travis/build/icyphy/ptII/ptolemy/actor/lib/test/auto/RecordAssemblerDisplayNameTest.xml
3009 ms. Memory: 509952K Free: 282840K (55%)
----------------- Invoking toplevel() on ptolemy.moml.MoMLSimpleApplication@16de65e8
----------------- Done invoking toplevel() on ptolemy.moml.MoMLSimpleApplication@16de65e8
reloadAllAccessors: .RecordAssemblerDisplayNameTest

===========================================================================================
----------------- testing Wed Sep 23 16:17:17 UTC 2020 /home/travis/build/icyphy/ptII/ptolemy/actor/lib/test/auto/RecordAssemblerTypeError.xml
----------------- Instantiating /home/travis/build/icyphy/ptII/ptolemy/actor/lib/test/auto/RecordAssemblerTypeError.xml
21 ms. Memory: 509952K Free: 273110K (54%)
----------------- Invoking toplevel() on ptolemy.moml.MoMLSimpleApplication@79cb236
----------------- Done invoking toplevel() on ptolemy.moml.MoMLSimpleApplication@79cb236
reloadAllAccessors: .RecordAssemblerTypeError

===========================================================================================
----------------- testing Wed Sep 23 16:17:17 UTC 2020 /home/travis/build/icyphy/ptII/ptolemy/actor/lib/test/auto/RecordDisassember.xml
----------------- Instantiating /home/travis/build/icyphy/ptII/ptolemy/actor/lib/test/auto/RecordDisassember.xml
13 ms. Memory: 509952K Free: 267976K (53%)
----------------- Invoking toplevel() on ptolemy.moml.MoMLSimpleApplication@4653db4c
----------------- Done invoking toplevel() on ptolemy.moml.MoMLSimpleApplication@4653db4c
reloadAllAccessors: .RecordDisassember

===========================================================================================
----------------- testing Wed Sep 23 16:17:17 UTC 2020 /home/travis/build/icyphy/ptII/ptolemy/actor/lib/test/auto/RecordDisassemberDisplayNameTest.xml
----------------- Instantiating /home/travis/build/icyphy/ptII/ptolemy/actor/lib/test/auto/RecordDisassemberDisplayNameTest.xml
13 ms. Memory: 509952K Free: 260312K (51%)
----------------- Invoking toplevel() on ptolemy.moml.MoMLSimpleApplication@34fe79e0
----------------- Done invoking toplevel() on ptolemy.moml.MoMLSimpleApplication@34fe79e0
reloadAllAccessors: .RecordDisassemberDisplayNameTest

===========================================================================================
----------------- testing Wed Sep 23 16:17:17 UTC 2020 /home/travis/build/icyphy/ptII/ptolemy/actor/lib/test/auto/RecordDisassembler.xml
----------------- Instantiating /home/travis/build/icyphy/ptII/ptolemy/actor/lib/test/auto/RecordDisassembler.xml
3 ms. Memory: 509952K Free: 255192K (50%)
----------------- Invoking toplevel() on ptolemy.moml.MoMLSimpleApplication@44ab99c4
----------------- Done invoking toplevel() on ptolemy.moml.MoMLSimpleApplication@44ab99c4
reloadAllAccessors: .RecordDisassembler

===========================================================================================
----------------- testing Wed Sep 23 16:17:17 UTC 2020 /home/travis/build/icyphy/ptII/ptolemy/actor/lib/test/auto/RecordDisassembler2.xml
----------------- Instantiating /home/travis/build/icyphy/ptII/ptolemy/actor/lib/test/auto/RecordDisassembler2.xml
3 ms. Memory: 509952K Free: 249048K (49%)
----------------- Invoking toplevel() on ptolemy.moml.MoMLSimpleApplication@36a4888d
----------------- Done invoking toplevel() on ptolemy.moml.MoMLSimpleApplication@36a4888d
reloadAllAccessors: .RecordDisassembler2

===========================================================================================
----------------- testing Wed Sep 23 16:17:17 UTC 2020 /home/travis/build/icyphy/ptII/ptolemy/actor/lib/test/auto/RecordUpdater.xml
----------------- Instantiating /home/travis/build/icyphy/ptII/ptolemy/actor/lib/test/auto/RecordUpdater.xml
2 ms. Memory: 509952K Free: 243928K (48%)
----------------- Invoking toplevel() on ptolemy.moml.MoMLSimpleApplication@4f6df90
----------------- Done invoking toplevel() on ptolemy.moml.MoMLSimpleApplication@4f6df90
reloadAllAccessors: .RecordUpdater

===========================================================================================
----------------- testing Wed Sep 23 16:17:17 UTC 2020 /home/travis/build/icyphy/ptII/ptolemy/actor/lib/test/auto/RecordUpdater2.xml
----------------- Instantiating /home/travis/build/icyphy/ptII/ptolemy/actor/lib/test/auto/RecordUpdater2.xml
3 ms. Memory: 509952K Free: 238808K (47%)
----------------- Invoking toplevel() on ptolemy.moml.MoMLSimpleApplication@2c65fc76
----------------- Done invoking toplevel() on ptolemy.moml.MoMLSimpleApplication@2c65fc76
reloadAllAccessors: .RecordUpdater2

===========================================================================================
----------------- testing Wed Sep 23 16:17:17 UTC 2020 /home/travis/build/icyphy/ptII/ptolemy/actor/lib/test/auto/RecursiveLattice.xml
----------------- Instantiating /home/travis/build/icyphy/ptII/ptolemy/actor/lib/test/auto/RecursiveLattice.xml
1 ms. Memory: 509952K Free: 234712K (46%)
----------------- Invoking toplevel() on ptolemy.moml.MoMLSimpleApplication@c9b9992
----------------- Done invoking toplevel() on ptolemy.moml.MoMLSimpleApplication@c9b9992
reloadAllAccessors: .RecursiveLattice

===========================================================================================
----------------- testing Wed Sep 23 16:17:17 UTC 2020 /home/travis/build/icyphy/ptII/ptolemy/actor/lib/test/auto/Router.xml
----------------- Instantiating /home/travis/build/icyphy/ptII/ptolemy/actor/lib/test/auto/Router.xml
3005 ms. Memory: 509952K Free: 224472K (44%)
----------------- Invoking toplevel() on ptolemy.moml.MoMLSimpleApplication@3753fb5c
----------------- Done invoking toplevel() on ptolemy.moml.MoMLSimpleApplication@3753fb5c
reloadAllAccessors: .Router

===========================================================================================
----------------- testing Wed Sep 23 16:17:20 UTC 2020 /home/travis/build/icyphy/ptII/ptolemy/actor/lib/test/auto/Router2.xml
----------------- Instantiating /home/travis/build/icyphy/ptII/ptolemy/actor/lib/test/auto/Router2.xml
3002 ms. Memory: 509952K Free: 213718K (42%)
----------------- Invoking toplevel() on ptolemy.moml.MoMLSimpleApplication@7b92f563
----------------- Done invoking toplevel() on ptolemy.moml.MoMLSimpleApplication@7b92f563
reloadAllAccessors: .Router2

===========================================================================================
----------------- testing Wed Sep 23 16:17:23 UTC 2020 /home/travis/build/icyphy/ptII/ptolemy/actor/lib/test/auto/RunningMaximum.xml
----------------- Instantiating /home/travis/build/icyphy/ptII/ptolemy/actor/lib/test/auto/RunningMaximum.xml
3 ms. Memory: 509952K Free: 209112K (41%)
----------------- Invoking toplevel() on ptolemy.moml.MoMLSimpleApplication@4ea03fd2
----------------- Done invoking toplevel() on ptolemy.moml.MoMLSimpleApplication@4ea03fd2
reloadAllAccessors: .RunningMaximum

===========================================================================================
----------------- testing Wed Sep 23 16:17:23 UTC 2020 /home/travis/build/icyphy/ptII/ptolemy/actor/lib/test/auto/RunningMinimum.xml
----------------- Instantiating /home/travis/build/icyphy/ptII/ptolemy/actor/lib/test/auto/RunningMinimum.xml
8 ms. Memory: 509952K Free: 204502K (40%)
----------------- Invoking toplevel() on ptolemy.moml.MoMLSimpleApplication@be3053e
----------------- Done invoking toplevel() on ptolemy.moml.MoMLSimpleApplication@be3053e
reloadAllAccessors: .RunningMinimum

===========================================================================================
----------------- testing Wed Sep 23 16:17:23 UTC 2020 /home/travis/build/icyphy/ptII/ptolemy/actor/lib/test/auto/Scale.xml
----------------- Instantiating /home/travis/build/icyphy/ptII/ptolemy/actor/lib/test/auto/Scale.xml
1 ms. Memory: 509952K Free: 199896K (39%)
----------------- Invoking toplevel() on ptolemy.moml.MoMLSimpleApplication@413b7eee
----------------- Done invoking toplevel() on ptolemy.moml.MoMLSimpleApplication@413b7eee
reloadAllAccessors: .Scale

===========================================================================================
----------------- testing Wed Sep 23 16:17:23 UTC 2020 /home/travis/build/icyphy/ptII/ptolemy/actor/lib/test/auto/Scale2.xml
----------------- Instantiating /home/travis/build/icyphy/ptII/ptolemy/actor/lib/test/auto/Scale2.xml
1 ms. Memory: 509952K Free: 194776K (38%)
----------------- Invoking toplevel() on ptolemy.moml.MoMLSimpleApplication@207bf12d
----------------- Done invoking toplevel() on ptolemy.moml.MoMLSimpleApplication@207bf12d
reloadAllAccessors: .Scale2

===========================================================================================
----------------- testing Wed Sep 23 16:17:23 UTC 2020 /home/travis/build/icyphy/ptII/ptolemy/actor/lib/test/auto/Scale3.xml
----------------- Instantiating /home/travis/build/icyphy/ptII/ptolemy/actor/lib/test/auto/Scale3.xml
3 ms. Memory: 509952K Free: 188118K (37%)
----------------- Invoking toplevel() on ptolemy.moml.MoMLSimpleApplication@5c0c4da2
----------------- Done invoking toplevel() on ptolemy.moml.MoMLSimpleApplication@5c0c4da2
reloadAllAccessors: .Scale3

===========================================================================================
----------------- testing Wed Sep 23 16:17:23 UTC 2020 /home/travis/build/icyphy/ptII/ptolemy/actor/lib/test/auto/ScaleArray.xml
----------------- Instantiating /home/travis/build/icyphy/ptII/ptolemy/actor/lib/test/auto/ScaleArray.xml
1 ms. Memory: 509952K Free: 183512K (36%)
----------------- Invoking toplevel() on ptolemy.moml.MoMLSimpleApplication@653ea782
----------------- Done invoking toplevel() on ptolemy.moml.MoMLSimpleApplication@653ea782
reloadAllAccessors: .ScaleArray

===========================================================================================
----------------- testing Wed Sep 23 16:17:23 UTC 2020 /home/travis/build/icyphy/ptII/ptolemy/actor/lib/test/auto/ScaleArray2.xml
----------------- Instantiating /home/travis/build/icyphy/ptII/ptolemy/actor/lib/test/auto/ScaleArray2.xml
1 ms. Memory: 509952K Free: 178392K (35%)
----------------- Invoking toplevel() on ptolemy.moml.MoMLSimpleApplication@84bbd36
----------------- Done invoking toplevel() on ptolemy.moml.MoMLSimpleApplication@84bbd36
reloadAllAccessors: .ScaleArray2

===========================================================================================
----------------- testing Wed Sep 23 16:17:23 UTC 2020 /home/travis/build/icyphy/ptII/ptolemy/actor/lib/test/auto/ScaleMatrix.xml
----------------- Instantiating /home/travis/build/icyphy/ptII/ptolemy/actor/lib/test/auto/ScaleMatrix.xml
95 ms. Memory: 509952K Free: 165590K (32%)
----------------- Invoking toplevel() on ptolemy.moml.MoMLSimpleApplication@71910e3e
----------------- Done invoking toplevel() on ptolemy.moml.MoMLSimpleApplication@71910e3e
reloadAllAccessors: .ScaleMatrix

===========================================================================================
----------------- testing Wed Sep 23 16:17:23 UTC 2020 /home/travis/build/icyphy/ptII/ptolemy/actor/lib/test/auto/Select.xml
----------------- Instantiating /home/travis/build/icyphy/ptII/ptolemy/actor/lib/test/auto/Select.xml
2 ms. Memory: 509952K Free: 159416K (31%)
----------------- Invoking toplevel() on ptolemy.moml.MoMLSimpleApplication@11e654c9
----------------- Done invoking toplevel() on ptolemy.moml.MoMLSimpleApplication@11e654c9
reloadAllAccessors: .Select

===========================================================================================
----------------- testing Wed Sep 23 16:17:23 UTC 2020 /home/travis/build/icyphy/ptII/ptolemy/actor/lib/test/auto/Select2.xml
----------------- Instantiating /home/travis/build/icyphy/ptII/ptolemy/actor/lib/test/auto/Select2.xml
1 ms. Memory: 509952K Free: 456349K (89%)
----------------- Invoking toplevel() on ptolemy.moml.MoMLSimpleApplication@56d09524
----------------- Done invoking toplevel() on ptolemy.moml.MoMLSimpleApplication@56d09524
reloadAllAccessors: .Select2

===========================================================================================
----------------- testing Wed Sep 23 16:17:23 UTC 2020 /home/travis/build/icyphy/ptII/ptolemy/actor/lib/test/auto/SequenceToArray2.xml
----------------- Instantiating /home/travis/build/icyphy/ptII/ptolemy/actor/lib/test/auto/SequenceToArray2.xml
79 ms. Memory: 509952K Free: 431773K (85%)
----------------- Invoking toplevel() on ptolemy.moml.MoMLSimpleApplication@70f23672
----------------- Done invoking toplevel() on ptolemy.moml.MoMLSimpleApplication@70f23672
reloadAllAccessors: .SequenceToArray2

===========================================================================================
----------------- testing Wed Sep 23 16:17:23 UTC 2020 /home/travis/build/icyphy/ptII/ptolemy/actor/lib/test/auto/SequentialClock.xml
----------------- Instantiating /home/travis/build/icyphy/ptII/ptolemy/actor/lib/test/auto/SequentialClock.xml
1 ms. Memory: 509952K Free: 427677K (84%)
----------------- Invoking toplevel() on ptolemy.moml.MoMLSimpleApplication@ce1b62f
----------------- Done invoking toplevel() on ptolemy.moml.MoMLSimpleApplication@ce1b62f
reloadAllAccessors: .SequentialClock

===========================================================================================
----------------- testing Wed Sep 23 16:17:23 UTC 2020 /home/travis/build/icyphy/ptII/ptolemy/actor/lib/test/auto/SetVariable.xml
----------------- Instantiating /home/travis/build/icyphy/ptII/ptolemy/actor/lib/test/auto/SetVariable.xml
5 ms. Memory: 509952K Free: 423067K (83%)
----------------- Invoking toplevel() on ptolemy.moml.MoMLSimpleApplication@48cf7aa0
----------------- Done invoking toplevel() on ptolemy.moml.MoMLSimpleApplication@48cf7aa0
reloadAllAccessors: .SetVariable

===========================================================================================
----------------- testing Wed Sep 23 16:17:23 UTC 2020 /home/travis/build/icyphy/ptII/ptolemy/actor/lib/test/auto/SetVariable2.xml
----------------- Instantiating /home/travis/build/icyphy/ptII/ptolemy/actor/lib/test/auto/SetVariable2.xml
2 ms. Memory: 509952K Free: 417437K (82%)
----------------- Invoking toplevel() on ptolemy.moml.MoMLSimpleApplication@2a9c5294
----------------- Done invoking toplevel() on ptolemy.moml.MoMLSimpleApplication@2a9c5294
reloadAllAccessors: .SetVariable2

===========================================================================================
----------------- testing Wed Sep 23 16:17:23 UTC 2020 /home/travis/build/icyphy/ptII/ptolemy/actor/lib/test/auto/SetVariable3.xml
----------------- Instantiating /home/travis/build/icyphy/ptII/ptolemy/actor/lib/test/auto/SetVariable3.xml
6 ms. Memory: 509952K Free: 412317K (81%)
----------------- Invoking toplevel() on ptolemy.moml.MoMLSimpleApplication@23d7ca01
----------------- Done invoking toplevel() on ptolemy.moml.MoMLSimpleApplication@23d7ca01
reloadAllAccessors: .SetVariable3

===========================================================================================
----------------- testing Wed Sep 23 16:17:23 UTC 2020 /home/travis/build/icyphy/ptII/ptolemy/actor/lib/test/auto/SetVariable4.xml
----------------- Instantiating /home/travis/build/icyphy/ptII/ptolemy/actor/lib/test/auto/SetVariable4.xml
19 ms. Memory: 509952K Free: 402077K (79%)
----------------- Invoking toplevel() on ptolemy.moml.MoMLSimpleApplication@7e6b1def
----------------- Done invoking toplevel() on ptolemy.moml.MoMLSimpleApplication@7e6b1def
reloadAllAccessors: .SetVariable4

===========================================================================================
----------------- testing Wed Sep 23 16:17:23 UTC 2020 /home/travis/build/icyphy/ptII/ptolemy/actor/lib/test/auto/SetVariable5.xml
----------------- Instantiating /home/travis/build/icyphy/ptII/ptolemy/actor/lib/test/auto/SetVariable5.xml
18 ms. Memory: 509952K Free: 392347K (77%)
----------------- Invoking toplevel() on ptolemy.moml.MoMLSimpleApplication@1e7f663
----------------- Done invoking toplevel() on ptolemy.moml.MoMLSimpleApplication@1e7f663
reloadAllAccessors: .SetVariable5

===========================================================================================
----------------- testing Wed Sep 23 16:17:24 UTC 2020 /home/travis/build/icyphy/ptII/ptolemy/actor/lib/test/auto/Sinewave.xml
----------------- Instantiating /home/travis/build/icyphy/ptII/ptolemy/actor/lib/test/auto/Sinewave.xml
12 ms. Memory: 509952K Free: 382107K (75%)
----------------- Invoking toplevel() on ptolemy.moml.MoMLSimpleApplication@2cfd8c90
----------------- Done invoking toplevel() on ptolemy.moml.MoMLSimpleApplication@2cfd8c90
reloadAllAccessors: .Sinewave

===========================================================================================
----------------- testing Wed Sep 23 16:17:24 UTC 2020 /home/travis/build/icyphy/ptII/ptolemy/actor/lib/test/auto/Sinewave2.xml
----------------- Instantiating /home/travis/build/icyphy/ptII/ptolemy/actor/lib/test/auto/Sinewave2.xml
7 ms. Memory: 509952K Free: 374429K (73%)
----------------- Invoking toplevel() on ptolemy.moml.MoMLSimpleApplication@7f09b31c
----------------- Done invoking toplevel() on ptolemy.moml.MoMLSimpleApplication@7f09b31c
reloadAllAccessors: .Sinewave2

===========================================================================================
----------------- testing Wed Sep 23 16:17:24 UTC 2020 /home/travis/build/icyphy/ptII/ptolemy/actor/lib/test/auto/Sinewave3.xml
----------------- Instantiating /home/travis/build/icyphy/ptII/ptolemy/actor/lib/test/auto/Sinewave3.xml
8 ms. Memory: 509952K Free: 365709K (72%)
----------------- Invoking toplevel() on ptolemy.moml.MoMLSimpleApplication@564d20f1
----------------- Done invoking toplevel() on ptolemy.moml.MoMLSimpleApplication@564d20f1
reloadAllAccessors: .Sinewave3

===========================================================================================
----------------- testing Wed Sep 23 16:17:24 UTC 2020 /home/travis/build/icyphy/ptII/ptolemy/actor/lib/test/auto/SingleEvent.xml
----------------- Instantiating /home/travis/build/icyphy/ptII/ptolemy/actor/lib/test/auto/SingleEvent.xml
1 ms. Memory: 509952K Free: 361627K (71%)
----------------- Invoking toplevel() on ptolemy.moml.MoMLSimpleApplication@5a2ae544
----------------- Done invoking toplevel() on ptolemy.moml.MoMLSimpleApplication@5a2ae544
reloadAllAccessors: .SingleEvent

===========================================================================================
----------------- testing Wed Sep 23 16:17:24 UTC 2020 /home/travis/build/icyphy/ptII/ptolemy/actor/lib/test/auto/Sleep.xml
----------------- Instantiating /home/travis/build/icyphy/ptII/ptolemy/actor/lib/test/auto/Sleep.xml
6002 ms. Memory: 509952K Free: 355997K (70%)
----------------- Invoking toplevel() on ptolemy.moml.MoMLSimpleApplication@686e799f
----------------- Done invoking toplevel() on ptolemy.moml.MoMLSimpleApplication@686e799f
reloadAllAccessors: .Sleep

===========================================================================================
----------------- testing Wed Sep 23 16:17:30 UTC 2020 /home/travis/build/icyphy/ptII/ptolemy/actor/lib/test/auto/SleepMultipleFire.xml
----------------- Instantiating /home/travis/build/icyphy/ptII/ptolemy/actor/lib/test/auto/SleepMultipleFire.xml
1004 ms. Memory: 509952K Free: 349853K (69%)
----------------- Invoking toplevel() on ptolemy.moml.MoMLSimpleApplication@786ac2c1
----------------- Done invoking toplevel() on ptolemy.moml.MoMLSimpleApplication@786ac2c1
reloadAllAccessors: .SleepMultipleFire

===========================================================================================
----------------- testing Wed Sep 23 16:17:31 UTC 2020 /home/travis/build/icyphy/ptII/ptolemy/actor/lib/test/auto/StopDE.xml
----------------- Instantiating /home/travis/build/icyphy/ptII/ptolemy/actor/lib/test/auto/StopDE.xml
2 ms. Memory: 509952K Free: 344219K (68%)
----------------- Invoking toplevel() on ptolemy.moml.MoMLSimpleApplication@7cc0a9de
----------------- Done invoking toplevel() on ptolemy.moml.MoMLSimpleApplication@7cc0a9de
reloadAllAccessors: .StopDE

===========================================================================================
----------------- testing Wed Sep 23 16:17:31 UTC 2020 /home/travis/build/icyphy/ptII/ptolemy/actor/lib/test/auto/StopSDF.xml
----------------- Instantiating /home/travis/build/icyphy/ptII/ptolemy/actor/lib/test/auto/StopSDF.xml
3 ms. Memory: 509952K Free: 339099K (66%)
----------------- Invoking toplevel() on ptolemy.moml.MoMLSimpleApplication@490bcef1
----------------- Done invoking toplevel() on ptolemy.moml.MoMLSimpleApplication@490bcef1
reloadAllAccessors: .StopSDF

===========================================================================================
----------------- testing Wed Sep 23 16:17:31 UTC 2020 /home/travis/build/icyphy/ptII/ptolemy/actor/lib/test/auto/StringConstant.xml
----------------- Instantiating /home/travis/build/icyphy/ptII/ptolemy/actor/lib/test/auto/StringConstant.xml
9 ms. Memory: 509952K Free: 333979K (65%)
----------------- Invoking toplevel() on ptolemy.moml.MoMLSimpleApplication@20546728
----------------- Done invoking toplevel() on ptolemy.moml.MoMLSimpleApplication@20546728
reloadAllAccessors: .StringConstant

===========================================================================================
----------------- testing Wed Sep 23 16:17:31 UTC 2020 /home/travis/build/icyphy/ptII/ptolemy/actor/lib/test/auto/SubscriberPortInitialValues1.xml
----------------- Instantiating /home/travis/build/icyphy/ptII/ptolemy/actor/lib/test/auto/SubscriberPortInitialValues1.xml
10 ms. Memory: 509952K Free: 325277K (64%)
----------------- Invoking toplevel() on ptolemy.moml.MoMLSimpleApplication@46f8c255
----------------- Done invoking toplevel() on ptolemy.moml.MoMLSimpleApplication@46f8c255
reloadAllAccessors: .SubscriberPortInitialValues1

===========================================================================================
----------------- testing Wed Sep 23 16:17:31 UTC 2020 /home/travis/build/icyphy/ptII/ptolemy/actor/lib/test/auto/SubscriberPortInitialValues13.xml
----------------- Instantiating /home/travis/build/icyphy/ptII/ptolemy/actor/lib/test/auto/SubscriberPortInitialValues13.xml
4 ms. Memory: 509952K Free: 312475K (61%)
----------------- Invoking toplevel() on ptolemy.moml.MoMLSimpleApplication@3ca249c1
----------------- Done invoking toplevel() on ptolemy.moml.MoMLSimpleApplication@3ca249c1
reloadAllAccessors: .SubscriberPortInitialValues13

===========================================================================================
----------------- testing Wed Sep 23 16:17:31 UTC 2020 /home/travis/build/icyphy/ptII/ptolemy/actor/lib/test/auto/SubscriberPortInitialValues14.xml
----------------- Instantiating /home/travis/build/icyphy/ptII/ptolemy/actor/lib/test/auto/SubscriberPortInitialValues14.xml
5 ms. Memory: 509952K Free: 304283K (60%)
----------------- Invoking toplevel() on ptolemy.moml.MoMLSimpleApplication@1e32970b
----------------- Done invoking toplevel() on ptolemy.moml.MoMLSimpleApplication@1e32970b
reloadAllAccessors: .SubscriberPortInitialValues14

===========================================================================================
----------------- testing Wed Sep 23 16:17:31 UTC 2020 /home/travis/build/icyphy/ptII/ptolemy/actor/lib/test/auto/SubscriberPortInitialValues2.xml
----------------- Instantiating /home/travis/build/icyphy/ptII/ptolemy/actor/lib/test/auto/SubscriberPortInitialValues2.xml
4 ms. Memory: 509952K Free: 296605K (58%)
----------------- Invoking toplevel() on ptolemy.moml.MoMLSimpleApplication@280dbfdb
----------------- Done invoking toplevel() on ptolemy.moml.MoMLSimpleApplication@280dbfdb
reloadAllAccessors: .SubscriberPortInitialValues2

===========================================================================================
----------------- testing Wed Sep 23 16:17:31 UTC 2020 /home/travis/build/icyphy/ptII/ptolemy/actor/lib/test/auto/SubscriberPortInitialValues3.xml
----------------- Instantiating /home/travis/build/icyphy/ptII/ptolemy/actor/lib/test/auto/SubscriberPortInitialValues3.xml
4 ms. Memory: 509952K Free: 285851K (56%)
----------------- Invoking toplevel() on ptolemy.moml.MoMLSimpleApplication@771f1cb7
----------------- Done invoking toplevel() on ptolemy.moml.MoMLSimpleApplication@771f1cb7
reloadAllAccessors: .SubscriberPortInitialValues3

===========================================================================================
----------------- testing Wed Sep 23 16:17:31 UTC 2020 /home/travis/build/icyphy/ptII/ptolemy/actor/lib/test/auto/SubscriptionAggregator.xml
----------------- Instantiating /home/travis/build/icyphy/ptII/ptolemy/actor/lib/test/auto/SubscriptionAggregator.xml
3 ms. Memory: 509952K Free: 278669K (55%)
----------------- Invoking toplevel() on ptolemy.moml.MoMLSimpleApplication@42a41d9f
----------------- Done invoking toplevel() on ptolemy.moml.MoMLSimpleApplication@42a41d9f
reloadAllAccessors: .SubscriptionAggregator

===========================================================================================
----------------- testing Wed Sep 23 16:17:31 UTC 2020 /home/travis/build/icyphy/ptII/ptolemy/actor/lib/test/auto/SubscriptionAggregator2.xml
----------------- Instantiating /home/travis/build/icyphy/ptII/ptolemy/actor/lib/test/auto/SubscriptionAggregator2.xml
2 ms. Memory: 509952K Free: 272029K (53%)
----------------- Invoking toplevel() on ptolemy.moml.MoMLSimpleApplication@17bfe1be
----------------- Done invoking toplevel() on ptolemy.moml.MoMLSimpleApplication@17bfe1be
reloadAllAccessors: .SubscriptionAggregator2

===========================================================================================
----------------- testing Wed Sep 23 16:17:31 UTC 2020 /home/travis/build/icyphy/ptII/ptolemy/actor/lib/test/auto/SubscriptionAggregator3.xml
----------------- Instantiating /home/travis/build/icyphy/ptII/ptolemy/actor/lib/test/auto/SubscriptionAggregator3.xml
4 ms. Memory: 509952K Free: 263317K (52%)
----------------- Invoking toplevel() on ptolemy.moml.MoMLSimpleApplication@3f359ac1
----------------- Done invoking toplevel() on ptolemy.moml.MoMLSimpleApplication@3f359ac1
reloadAllAccessors: .SubscriptionAggregator3

===========================================================================================
----------------- testing Wed Sep 23 16:17:31 UTC 2020 /home/travis/build/icyphy/ptII/ptolemy/actor/lib/test/auto/SubscriptionAggregatorMultiply.xml
----------------- Instantiating /home/travis/build/icyphy/ptII/ptolemy/actor/lib/test/auto/SubscriptionAggregatorMultiply.xml
2 ms. Memory: 509952K Free: 254621K (50%)
----------------- Invoking toplevel() on ptolemy.moml.MoMLSimpleApplication@4545d24c
----------------- Done invoking toplevel() on ptolemy.moml.MoMLSimpleApplication@4545d24c
reloadAllAccessors: .SubscriptionAggregatorMultiply

===========================================================================================
----------------- testing Wed Sep 23 16:17:31 UTC 2020 /home/travis/build/icyphy/ptII/ptolemy/actor/lib/test/auto/SubscriptionAggregatorPortMultiply1.xml
----------------- Instantiating /home/travis/build/icyphy/ptII/ptolemy/actor/lib/test/auto/SubscriptionAggregatorPortMultiply1.xml
3 ms. Memory: 509952K Free: 246429K (48%)
----------------- Invoking toplevel() on ptolemy.moml.MoMLSimpleApplication@65216f64
----------------- Done invoking toplevel() on ptolemy.moml.MoMLSimpleApplication@65216f64
reloadAllAccessors: .SubscriptionAggregatorPortMultiply1

===========================================================================================
----------------- testing Wed Sep 23 16:17:31 UTC 2020 /home/travis/build/icyphy/ptII/ptolemy/actor/lib/test/auto/Switch.xml
----------------- Instantiating /home/travis/build/icyphy/ptII/ptolemy/actor/lib/test/auto/Switch.xml
6 ms. Memory: 509952K Free: 237723K (47%)
----------------- Invoking toplevel() on ptolemy.moml.MoMLSimpleApplication@6602a735
----------------- Done invoking toplevel() on ptolemy.moml.MoMLSimpleApplication@6602a735
reloadAllAccessors: .Switch

===========================================================================================
----------------- testing Wed Sep 23 16:17:31 UTC 2020 /home/travis/build/icyphy/ptII/ptolemy/actor/lib/test/auto/Switch2.xml
----------------- Instantiating /home/travis/build/icyphy/ptII/ptolemy/actor/lib/test/auto/Switch2.xml
1 ms. Memory: 509952K Free: 233117K (46%)
----------------- Invoking toplevel() on ptolemy.moml.MoMLSimpleApplication@773fc6db
----------------- Done invoking toplevel() on ptolemy.moml.MoMLSimpleApplication@773fc6db
reloadAllAccessors: .Switch2

===========================================================================================
----------------- testing Wed Sep 23 16:17:31 UTC 2020 /home/travis/build/icyphy/ptII/ptolemy/actor/lib/test/auto/SwitchDE.xml
----------------- Instantiating /home/travis/build/icyphy/ptII/ptolemy/actor/lib/test/auto/SwitchDE.xml
2 ms. Memory: 509952K Free: 226973K (45%)
----------------- Invoking toplevel() on ptolemy.moml.MoMLSimpleApplication@588583c2
----------------- Done invoking toplevel() on ptolemy.moml.MoMLSimpleApplication@588583c2
reloadAllAccessors: .SwitchDE

===========================================================================================
----------------- testing Wed Sep 23 16:17:31 UTC 2020 /home/travis/build/icyphy/ptII/ptolemy/actor/lib/test/auto/SynchronizerDE.xml
----------------- Instantiating /home/travis/build/icyphy/ptII/ptolemy/actor/lib/test/auto/SynchronizerDE.xml
8 ms. Memory: 509952K Free: 218237K (43%)
----------------- Invoking toplevel() on ptolemy.moml.MoMLSimpleApplication@4d556067
----------------- Done invoking toplevel() on ptolemy.moml.MoMLSimpleApplication@4d556067
reloadAllAccessors: .SynchronizerDE

===========================================================================================
----------------- testing Wed Sep 23 16:17:31 UTC 2020 /home/travis/build/icyphy/ptII/ptolemy/actor/lib/test/auto/Test.xml
----------------- Instantiating /home/travis/build/icyphy/ptII/ptolemy/actor/lib/test/auto/Test.xml
3 ms. Memory: 509952K Free: 213133K (42%)
----------------- Invoking toplevel() on ptolemy.moml.MoMLSimpleApplication@599d90bb
----------------- Done invoking toplevel() on ptolemy.moml.MoMLSimpleApplication@599d90bb
reloadAllAccessors: .Test

===========================================================================================
----------------- testing Wed Sep 23 16:17:31 UTC 2020 /home/travis/build/icyphy/ptII/ptolemy/actor/lib/test/auto/TestExceptionAttribute1.xml
----------------- Instantiating /home/travis/build/icyphy/ptII/ptolemy/actor/lib/test/auto/TestExceptionAttribute1.xml
1 ms. Memory: 509952K Free: 209051K (41%)
----------------- Invoking toplevel() on ptolemy.moml.MoMLSimpleApplication@2bfc25c8
----------------- Done invoking toplevel() on ptolemy.moml.MoMLSimpleApplication@2bfc25c8
reloadAllAccessors: .TestExceptionAttribute1

===========================================================================================
----------------- testing Wed Sep 23 16:17:31 UTC 2020 /home/travis/build/icyphy/ptII/ptolemy/actor/lib/test/auto/TestExceptionAttribute2.xml
----------------- Instantiating /home/travis/build/icyphy/ptII/ptolemy/actor/lib/test/auto/TestExceptionAttribute2.xml
1 ms. Memory: 509952K Free: 205469K (40%)
----------------- Invoking toplevel() on ptolemy.moml.MoMLSimpleApplication@7db7d688
----------------- Done invoking toplevel() on ptolemy.moml.MoMLSimpleApplication@7db7d688
reloadAllAccessors: .TestExceptionAttribute2

===========================================================================================
----------------- testing Wed Sep 23 16:17:31 UTC 2020 /home/travis/build/icyphy/ptII/ptolemy/actor/lib/test/auto/TestExceptionAttribute3.xml
----------------- Instantiating /home/travis/build/icyphy/ptII/ptolemy/actor/lib/test/auto/TestExceptionAttribute3.xml
.TestExceptionAttribute3.TestExceptionAttribute: initialize() was not invoked, but wrapup() was.  This is unusual, but not always a problem.  For example, exporting JNLP will do this.
1 ms. Memory: 509952K Free: 201883K (40%)
----------------- Invoking toplevel() on ptolemy.moml.MoMLSimpleApplication@58278757
----------------- Done invoking toplevel() on ptolemy.moml.MoMLSimpleApplication@58278757
reloadAllAccessors: .TestExceptionAttribute3

===========================================================================================
----------------- testing Wed Sep 23 16:17:31 UTC 2020 /home/travis/build/icyphy/ptII/ptolemy/actor/lib/test/auto/TestExceptionAttribute4.xml
----------------- Instantiating /home/travis/build/icyphy/ptII/ptolemy/actor/lib/test/auto/TestExceptionAttribute4.xml
.TestExceptionAttribute4.TestExceptionAttribute: initialize() was not invoked, but wrapup() was.  This is unusual, but not always a problem.  For example, exporting JNLP will do this.
.TestExceptionAttribute4.TestExceptionAttribute2: initialize() was not invoked, but wrapup() was.  This is unusual, but not always a problem.  For example, exporting JNLP will do this.
0 ms. Memory: 509952K Free: 197277K (39%)
----------------- Invoking toplevel() on ptolemy.moml.MoMLSimpleApplication@614df272
----------------- Done invoking toplevel() on ptolemy.moml.MoMLSimpleApplication@614df272
reloadAllAccessors: .TestExceptionAttribute4

===========================================================================================
----------------- testing Wed Sep 23 16:17:31 UTC 2020 /home/travis/build/icyphy/ptII/ptolemy/actor/lib/test/auto/TestExceptionHandler1.xml
----------------- Instantiating /home/travis/build/icyphy/ptII/ptolemy/actor/lib/test/auto/TestExceptionHandler1.xml
1 ms. Memory: 509952K Free: 193691K (38%)
----------------- Invoking toplevel() on ptolemy.moml.MoMLSimpleApplication@12108b8d
----------------- Done invoking toplevel() on ptolemy.moml.MoMLSimpleApplication@12108b8d
reloadAllAccessors: .TestExceptionHandler1

===========================================================================================
----------------- testing Wed Sep 23 16:17:31 UTC 2020 /home/travis/build/icyphy/ptII/ptolemy/actor/lib/test/auto/TestExceptionHandler2.xml
----------------- Instantiating /home/travis/build/icyphy/ptII/ptolemy/actor/lib/test/auto/TestExceptionHandler2.xml
2 ms. Memory: 509952K Free: 190109K (37%)
----------------- Invoking toplevel() on ptolemy.moml.MoMLSimpleApplication@2ab86e0e
----------------- Done invoking toplevel() on ptolemy.moml.MoMLSimpleApplication@2ab86e0e
reloadAllAccessors: .TestExceptionHandler2

===========================================================================================
----------------- testing Wed Sep 23 16:17:31 UTC 2020 /home/travis/build/icyphy/ptII/ptolemy/actor/lib/test/auto/TestExceptionHandler3.xml
----------------- Instantiating /home/travis/build/icyphy/ptII/ptolemy/actor/lib/test/auto/TestExceptionHandler3.xml
0 ms. Memory: 509952K Free: 186013K (36%)
----------------- Invoking toplevel() on ptolemy.moml.MoMLSimpleApplication@6d5bc39
----------------- Done invoking toplevel() on ptolemy.moml.MoMLSimpleApplication@6d5bc39
reloadAllAccessors: .TestExceptionHandler3

===========================================================================================
----------------- testing Wed Sep 23 16:17:31 UTC 2020 /home/travis/build/icyphy/ptII/ptolemy/actor/lib/test/auto/TestExceptionHandler4.xml
----------------- Instantiating /home/travis/build/icyphy/ptII/ptolemy/actor/lib/test/auto/TestExceptionHandler4.xml
1 ms. Memory: 509952K Free: 181917K (36%)
----------------- Invoking toplevel() on ptolemy.moml.MoMLSimpleApplication@4242611b
----------------- Done invoking toplevel() on ptolemy.moml.MoMLSimpleApplication@4242611b
reloadAllAccessors: .TestExceptionHandler4

===========================================================================================
----------------- testing Wed Sep 23 16:17:31 UTC 2020 /home/travis/build/icyphy/ptII/ptolemy/actor/lib/test/auto/TestRequireCorrectOrder.xml
----------------- Instantiating /home/travis/build/icyphy/ptII/ptolemy/actor/lib/test/auto/TestRequireCorrectOrder.xml
8 ms. Memory: 509952K Free: 176253K (35%)
----------------- Invoking toplevel() on ptolemy.moml.MoMLSimpleApplication@2075fb26
----------------- Done invoking toplevel() on ptolemy.moml.MoMLSimpleApplication@2075fb26
reloadAllAccessors: .TestRequireCorrectOrder

===========================================================================================
----------------- testing Wed Sep 23 16:17:31 UTC 2020 /home/travis/build/icyphy/ptII/ptolemy/actor/lib/test/auto/TestSimple.xml
----------------- Instantiating /home/travis/build/icyphy/ptII/ptolemy/actor/lib/test/auto/TestSimple.xml
2 ms. Memory: 509952K Free: 172187K (34%)
----------------- Invoking toplevel() on ptolemy.moml.MoMLSimpleApplication@9a20961
----------------- Done invoking toplevel() on ptolemy.moml.MoMLSimpleApplication@9a20961
reloadAllAccessors: .TestSimple

===========================================================================================
----------------- testing Wed Sep 23 16:17:31 UTC 2020 /home/travis/build/icyphy/ptII/ptolemy/actor/lib/test/auto/ThrowModelError.xml
----------------- Instantiating /home/travis/build/icyphy/ptII/ptolemy/actor/lib/test/auto/ThrowModelError.xml
1 ms. Memory: 509952K Free: 167067K (33%)
----------------- Invoking toplevel() on ptolemy.moml.MoMLSimpleApplication@5b78008b
----------------- Done invoking toplevel() on ptolemy.moml.MoMLSimpleApplication@5b78008b
reloadAllAccessors: .ThrowModelError

===========================================================================================
----------------- testing Wed Sep 23 16:17:31 UTC 2020 /home/travis/build/icyphy/ptII/ptolemy/actor/lib/test/auto/TimeDelayMicrosteps.xml
----------------- Instantiating /home/travis/build/icyphy/ptII/ptolemy/actor/lib/test/auto/TimeDelayMicrosteps.xml
3 ms. Memory: 509952K Free: 160413K (31%)
----------------- Invoking toplevel() on ptolemy.moml.MoMLSimpleApplication@415577f9
----------------- Done invoking toplevel() on ptolemy.moml.MoMLSimpleApplication@415577f9
reloadAllAccessors: .TimeDelayMicrosteps

===========================================================================================
----------------- testing Wed Sep 23 16:17:31 UTC 2020 /home/travis/build/icyphy/ptII/ptolemy/actor/lib/test/auto/TimeDelayMicrosteps2.xml
----------------- Instantiating /home/travis/build/icyphy/ptII/ptolemy/actor/lib/test/auto/TimeDelayMicrosteps2.xml
3 ms. Memory: 509952K Free: 454585K (89%)
----------------- Invoking toplevel() on ptolemy.moml.MoMLSimpleApplication@28ef2f17
----------------- Done invoking toplevel() on ptolemy.moml.MoMLSimpleApplication@28ef2f17
reloadAllAccessors: .TimeDelayMicrosteps2

===========================================================================================
----------------- testing Wed Sep 23 16:17:31 UTC 2020 /home/travis/build/icyphy/ptII/ptolemy/actor/lib/test/auto/TimeDelayMicrosteps3.xml
----------------- Instantiating /home/travis/build/icyphy/ptII/ptolemy/actor/lib/test/auto/TimeDelayMicrosteps3.xml
2 ms. Memory: 509952K Free: 447417K (88%)
----------------- Invoking toplevel() on ptolemy.moml.MoMLSimpleApplication@16170776
----------------- Done invoking toplevel() on ptolemy.moml.MoMLSimpleApplication@16170776
reloadAllAccessors: .TimeDelayMicrosteps3

===========================================================================================
----------------- testing Wed Sep 23 16:17:31 UTC 2020 /home/travis/build/icyphy/ptII/ptolemy/actor/lib/test/auto/TimeDelayVariableMicrosteps.xml
----------------- Instantiating /home/travis/build/icyphy/ptII/ptolemy/actor/lib/test/auto/TimeDelayVariableMicrosteps.xml
2 ms. Memory: 509952K Free: 440759K (86%)
----------------- Invoking toplevel() on ptolemy.moml.MoMLSimpleApplication@697f959f
----------------- Done invoking toplevel() on ptolemy.moml.MoMLSimpleApplication@697f959f
reloadAllAccessors: .TimeDelayVariableMicrosteps

===========================================================================================
----------------- testing Wed Sep 23 16:17:31 UTC 2020 /home/travis/build/icyphy/ptII/ptolemy/actor/lib/test/auto/TimeGap.xml
----------------- Instantiating /home/travis/build/icyphy/ptII/ptolemy/actor/lib/test/auto/TimeGap.xml
3 ms. Memory: 509952K Free: 435129K (85%)
----------------- Invoking toplevel() on ptolemy.moml.MoMLSimpleApplication@2f356ce9
----------------- Done invoking toplevel() on ptolemy.moml.MoMLSimpleApplication@2f356ce9
reloadAllAccessors: .TimeGap

===========================================================================================
----------------- testing Wed Sep 23 16:17:31 UTC 2020 /home/travis/build/icyphy/ptII/ptolemy/actor/lib/test/auto/TimeGap2.xml
----------------- Instantiating /home/travis/build/icyphy/ptII/ptolemy/actor/lib/test/auto/TimeGap2.xml
1 ms. Memory: 509952K Free: 429465K (84%)
----------------- Invoking toplevel() on ptolemy.moml.MoMLSimpleApplication@6b663e9
----------------- Done invoking toplevel() on ptolemy.moml.MoMLSimpleApplication@6b663e9
reloadAllAccessors: .TimeGap2

===========================================================================================
----------------- testing Wed Sep 23 16:17:31 UTC 2020 /home/travis/build/icyphy/ptII/ptolemy/actor/lib/test/auto/TimedSinewave.xml
----------------- Instantiating /home/travis/build/icyphy/ptII/ptolemy/actor/lib/test/auto/TimedSinewave.xml
21 ms. Memory: 509952K Free: 415159K (81%)
----------------- Invoking toplevel() on ptolemy.moml.MoMLSimpleApplication@2baed4cd
----------------- Done invoking toplevel() on ptolemy.moml.MoMLSimpleApplication@2baed4cd
reloadAllAccessors: .TimedSinewave

===========================================================================================
----------------- testing Wed Sep 23 16:17:31 UTC 2020 /home/travis/build/icyphy/ptII/ptolemy/actor/lib/test/auto/TimedSinewavePhase.xml
----------------- Instantiating /home/travis/build/icyphy/ptII/ptolemy/actor/lib/test/auto/TimedSinewavePhase.xml
8 ms. Memory: 509952K Free: 405433K (80%)
----------------- Invoking toplevel() on ptolemy.moml.MoMLSimpleApplication@2503c75a
----------------- Done invoking toplevel() on ptolemy.moml.MoMLSimpleApplication@2503c75a
reloadAllAccessors: .TimedSinewavePhase

===========================================================================================
----------------- testing Wed Sep 23 16:17:31 UTC 2020 /home/travis/build/icyphy/ptII/ptolemy/actor/lib/test/auto/Timer.xml
----------------- Instantiating /home/travis/build/icyphy/ptII/ptolemy/actor/lib/test/auto/Timer.xml
4 ms. Memory: 509952K Free: 399289K (78%)
----------------- Invoking toplevel() on ptolemy.moml.MoMLSimpleApplication@788a6eac
----------------- Done invoking toplevel() on ptolemy.moml.MoMLSimpleApplication@788a6eac
reloadAllAccessors: .Timer

===========================================================================================
----------------- testing Wed Sep 23 16:17:31 UTC 2020 /home/travis/build/icyphy/ptII/ptolemy/actor/lib/test/auto/TriangularDistTestModel.xml
----------------- Instantiating /home/travis/build/icyphy/ptII/ptolemy/actor/lib/test/auto/TriangularDistTestModel.xml
1 ms. Memory: 509952K Free: 393641K (77%)
----------------- Invoking toplevel() on ptolemy.moml.MoMLSimpleApplication@350cbf8
----------------- Done invoking toplevel() on ptolemy.moml.MoMLSimpleApplication@350cbf8
reloadAllAccessors: .TriangularDistTestModel

===========================================================================================
----------------- testing Wed Sep 23 16:17:31 UTC 2020 /home/travis/build/icyphy/ptII/ptolemy/actor/lib/test/auto/TrigFunction.xml
----------------- Instantiating /home/travis/build/icyphy/ptII/ptolemy/actor/lib/test/auto/TrigFunction.xml
1 ms. Memory: 509952K Free: 389049K (76%)
----------------- Invoking toplevel() on ptolemy.moml.MoMLSimpleApplication@19b84465
----------------- Done invoking toplevel() on ptolemy.moml.MoMLSimpleApplication@19b84465
reloadAllAccessors: .TrigFunction

===========================================================================================
----------------- testing Wed Sep 23 16:17:31 UTC 2020 /home/travis/build/icyphy/ptII/ptolemy/actor/lib/test/auto/TrigFunctionDE.xml
----------------- Instantiating /home/travis/build/icyphy/ptII/ptolemy/actor/lib/test/auto/TrigFunctionDE.xml
2 ms. Memory: 509952K Free: 382905K (75%)
----------------- Invoking toplevel() on ptolemy.moml.MoMLSimpleApplication@35125ce
----------------- Done invoking toplevel() on ptolemy.moml.MoMLSimpleApplication@35125ce
reloadAllAccessors: .TrigFunctionDE

===========================================================================================
----------------- testing Wed Sep 23 16:17:31 UTC 2020 /home/travis/build/icyphy/ptII/ptolemy/actor/lib/test/auto/TrigFunctionInverse.xml
----------------- Instantiating /home/travis/build/icyphy/ptII/ptolemy/actor/lib/test/auto/TrigFunctionInverse.xml
2 ms. Memory: 509952K Free: 377785K (74%)
----------------- Invoking toplevel() on ptolemy.moml.MoMLSimpleApplication@6399748d
----------------- Done invoking toplevel() on ptolemy.moml.MoMLSimpleApplication@6399748d
reloadAllAccessors: .TrigFunctionInverse

===========================================================================================
----------------- testing Wed Sep 23 16:17:31 UTC 2020 /home/travis/build/icyphy/ptII/ptolemy/actor/lib/test/auto/TrigFunctionTan.xml
----------------- Instantiating /home/travis/build/icyphy/ptII/ptolemy/actor/lib/test/auto/TrigFunctionTan.xml
1 ms. Memory: 509952K Free: 372665K (73%)
----------------- Invoking toplevel() on ptolemy.moml.MoMLSimpleApplication@34d51b2
----------------- Done invoking toplevel() on ptolemy.moml.MoMLSimpleApplication@34d51b2
reloadAllAccessors: .TrigFunctionTan

===========================================================================================
----------------- testing Wed Sep 23 16:17:31 UTC 2020 /home/travis/build/icyphy/ptII/ptolemy/actor/lib/test/auto/TriggeredClock.xml
----------------- Instantiating /home/travis/build/icyphy/ptII/ptolemy/actor/lib/test/auto/TriggeredClock.xml
1 ms. Memory: 509952K Free: 367545K (72%)
----------------- Invoking toplevel() on ptolemy.moml.MoMLSimpleApplication@7634abad
----------------- Done invoking toplevel() on ptolemy.moml.MoMLSimpleApplication@7634abad
reloadAllAccessors: .TriggeredClock

===========================================================================================
----------------- testing Wed Sep 23 16:17:31 UTC 2020 /home/travis/build/icyphy/ptII/ptolemy/actor/lib/test/auto/URLDirectoryReader.xml
----------------- Instantiating /home/travis/build/icyphy/ptII/ptolemy/actor/lib/test/auto/URLDirectoryReader.xml
29 ms. Memory: 509952K Free: 357305K (70%)
----------------- Invoking toplevel() on ptolemy.moml.MoMLSimpleApplication@3a5fe31d
----------------- Done invoking toplevel() on ptolemy.moml.MoMLSimpleApplication@3a5fe31d
reloadAllAccessors: .URLDirectoryReader

===========================================================================================
----------------- testing Wed Sep 23 16:17:32 UTC 2020 /home/travis/build/icyphy/ptII/ptolemy/actor/lib/test/auto/URLDirectoryReader3.xml
----------------- Instantiating /home/travis/build/icyphy/ptII/ptolemy/actor/lib/test/auto/URLDirectoryReader3.xml
1175 ms. Memory: 509952K Free: 451763K (89%)
----------------- Invoking toplevel() on ptolemy.moml.MoMLSimpleApplication@5b14bcf9
----------------- Done invoking toplevel() on ptolemy.moml.MoMLSimpleApplication@5b14bcf9
reloadAllAccessors: .URLDirectoryReader3

===========================================================================================
----------------- testing Wed Sep 23 16:17:33 UTC 2020 /home/travis/build/icyphy/ptII/ptolemy/actor/lib/test/auto/UnaryMathFunction.xml
----------------- Instantiating /home/travis/build/icyphy/ptII/ptolemy/actor/lib/test/auto/UnaryMathFunction.xml
2 ms. Memory: 509952K Free: 443570K (87%)
----------------- Invoking toplevel() on ptolemy.moml.MoMLSimpleApplication@565b04af
----------------- Done invoking toplevel() on ptolemy.moml.MoMLSimpleApplication@565b04af
reloadAllAccessors: .UnaryMathFunction

===========================================================================================
----------------- testing Wed Sep 23 16:17:33 UTC 2020 /home/travis/build/icyphy/ptII/ptolemy/actor/lib/test/auto/Uniform.xml
----------------- Instantiating /home/travis/build/icyphy/ptII/ptolemy/actor/lib/test/auto/Uniform.xml
1 ms. Memory: 509952K Free: 438960K (86%)
----------------- Invoking toplevel() on ptolemy.moml.MoMLSimpleApplication@19104b86
----------------- Done invoking toplevel() on ptolemy.moml.MoMLSimpleApplication@19104b86
reloadAllAccessors: .Uniform

===========================================================================================
----------------- testing Wed Sep 23 16:17:33 UTC 2020 /home/travis/build/icyphy/ptII/ptolemy/actor/lib/test/auto/UnionDisassemblerTest.xml
----------------- Instantiating /home/travis/build/icyphy/ptII/ptolemy/actor/lib/test/auto/UnionDisassemblerTest.xml
14 ms. Memory: 509952K Free: 434858K (85%)
----------------- Invoking toplevel() on ptolemy.moml.MoMLSimpleApplication@141bffe7
----------------- Done invoking toplevel() on ptolemy.moml.MoMLSimpleApplication@141bffe7
reloadAllAccessors: .UnionDisassemblerTest

===========================================================================================
----------------- testing Wed Sep 23 16:17:33 UTC 2020 /home/travis/build/icyphy/ptII/ptolemy/actor/lib/test/auto/UtilityFunctions.xml
----------------- Instantiating /home/travis/build/icyphy/ptII/ptolemy/actor/lib/test/auto/UtilityFunctions.xml
1 ms. Memory: 509952K Free: 430768K (84%)
----------------- Invoking toplevel() on ptolemy.moml.MoMLSimpleApplication@5ee7d486
----------------- Done invoking toplevel() on ptolemy.moml.MoMLSimpleApplication@5ee7d486
reloadAllAccessors: .UtilityFunctions

===========================================================================================
----------------- testing Wed Sep 23 16:17:33 UTC 2020 /home/travis/build/icyphy/ptII/ptolemy/actor/lib/test/auto/VariableSleep.xml
----------------- Instantiating /home/travis/build/icyphy/ptII/ptolemy/actor/lib/test/auto/VariableSleep.xml
502 ms. Memory: 509952K Free: 425138K (83%)
----------------- Invoking toplevel() on ptolemy.moml.MoMLSimpleApplication@25689152
----------------- Done invoking toplevel() on ptolemy.moml.MoMLSimpleApplication@25689152
reloadAllAccessors: .VariableSleep

===========================================================================================
----------------- testing Wed Sep 23 16:17:34 UTC 2020 /home/travis/build/icyphy/ptII/ptolemy/actor/lib/test/auto/VectorAssemblerDisassemblerCT.xml
----------------- Instantiating /home/travis/build/icyphy/ptII/ptolemy/actor/lib/test/auto/VectorAssemblerDisassemblerCT.xml
68 ms. Memory: 509952K Free: 405168K (79%)
----------------- Invoking toplevel() on ptolemy.moml.MoMLSimpleApplication@70ee6cce
----------------- Done invoking toplevel() on ptolemy.moml.MoMLSimpleApplication@70ee6cce
reloadAllAccessors: .VectorAssemblerDisassemblerCT

===========================================================================================
----------------- testing Wed Sep 23 16:17:34 UTC 2020 /home/travis/build/icyphy/ptII/ptolemy/actor/lib/test/auto/VectorAssemblerDisassemblerDE.xml
----------------- Instantiating /home/travis/build/icyphy/ptII/ptolemy/actor/lib/test/auto/VectorAssemblerDisassemblerDE.xml
3 ms. Memory: 509952K Free: 397490K (78%)
----------------- Invoking toplevel() on ptolemy.moml.MoMLSimpleApplication@6d921ba5
----------------- Done invoking toplevel() on ptolemy.moml.MoMLSimpleApplication@6d921ba5
reloadAllAccessors: .VectorAssemblerDisassemblerDE

===========================================================================================
----------------- testing Wed Sep 23 16:17:34 UTC 2020 /home/travis/build/icyphy/ptII/ptolemy/actor/lib/test/auto/VectorAssemblerDisassemblerSDF.xml
----------------- Instantiating /home/travis/build/icyphy/ptII/ptolemy/actor/lib/test/auto/VectorAssemblerDisassemblerSDF.xml
2 ms. Memory: 509952K Free: 391346K (77%)
----------------- Invoking toplevel() on ptolemy.moml.MoMLSimpleApplication@6f78f339
----------------- Done invoking toplevel() on ptolemy.moml.MoMLSimpleApplication@6f78f339
reloadAllAccessors: .VectorAssemblerDisassemblerSDF

===========================================================================================
----------------- testing Wed Sep 23 16:17:34 UTC 2020 /home/travis/build/icyphy/ptII/ptolemy/actor/lib/test/auto/WallClockTime.xml
----------------- Instantiating /home/travis/build/icyphy/ptII/ptolemy/actor/lib/test/auto/WallClockTime.xml
1004 ms. Memory: 509952K Free: 385712K (76%)
----------------- Invoking toplevel() on ptolemy.moml.MoMLSimpleApplication@2d05c3c1
----------------- Done invoking toplevel() on ptolemy.moml.MoMLSimpleApplication@2d05c3c1
reloadAllAccessors: .WallClockTime

===========================================================================================
----------------- testing Wed Sep 23 16:17:35 UTC 2020 /home/travis/build/icyphy/ptII/ptolemy/actor/lib/test/auto/WidthTestWithSubscriberPublisher.xml
----------------- Instantiating /home/travis/build/icyphy/ptII/ptolemy/actor/lib/test/auto/WidthTestWithSubscriberPublisher.xml
7 ms. Memory: 509952K Free: 367794K (72%)
----------------- Invoking toplevel() on ptolemy.moml.MoMLSimpleApplication@3390b108
----------------- Done invoking toplevel() on ptolemy.moml.MoMLSimpleApplication@3390b108
reloadAllAccessors: .WidthTestWithSubscriberPublisher

===========================================================================================
----------------- testing Wed Sep 23 16:17:35 UTC 2020 /home/travis/build/icyphy/ptII/ptolemy/actor/lib/test/auto/WidthTestWithSubscriberPublisher2.xml
----------------- Instantiating /home/travis/build/icyphy/ptII/ptolemy/actor/lib/test/auto/WidthTestWithSubscriberPublisher2.xml
4 ms. Memory: 509952K Free: 361136K (71%)
----------------- Invoking toplevel() on ptolemy.moml.MoMLSimpleApplication@5b37ce89
----------------- Done invoking toplevel() on ptolemy.moml.MoMLSimpleApplication@5b37ce89
reloadAllAccessors: .WidthTestWithSubscriberPublisher2

===========================================================================================
----------------- testing Wed Sep 23 16:17:35 UTC 2020 /home/travis/build/icyphy/ptII/ptolemy/actor/lib/test/auto/WidthTestWithSubscriberPublisher3.xml
----------------- Instantiating /home/travis/build/icyphy/ptII/ptolemy/actor/lib/test/auto/WidthTestWithSubscriberPublisher3.xml
2 ms. Memory: 509952K Free: 354992K (70%)
----------------- Invoking toplevel() on ptolemy.moml.MoMLSimpleApplication@40efdf3a
----------------- Done invoking toplevel() on ptolemy.moml.MoMLSimpleApplication@40efdf3a
reloadAllAccessors: .WidthTestWithSubscriberPublisher3

===========================================================================================
----------------- testing Wed Sep 23 16:17:35 UTC 2020 /home/travis/build/icyphy/ptII/ptolemy/actor/lib/test/auto/Writer.xml
----------------- Instantiating /home/travis/build/icyphy/ptII/ptolemy/actor/lib/test/auto/Writer.xml
0
1
2
3
4
1 ms. Memory: 509952K Free: 350890K (69%)
----------------- Invoking toplevel() on ptolemy.moml.MoMLSimpleApplication@1bc02e75
----------------- Done invoking toplevel() on ptolemy.moml.MoMLSimpleApplication@1bc02e75
reloadAllAccessors: .Writer

===========================================================================================
----------------- testing Wed Sep 23 16:17:35 UTC 2020 /home/travis/build/icyphy/ptII/ptolemy/actor/lib/test/auto/array.xml
----------------- Instantiating /home/travis/build/icyphy/ptII/ptolemy/actor/lib/test/auto/array.xml
3 ms. Memory: 509952K Free: 346290K (68%)
----------------- Invoking toplevel() on ptolemy.moml.MoMLSimpleApplication@7e38ed51
----------------- Done invoking toplevel() on ptolemy.moml.MoMLSimpleApplication@7e38ed51
reloadAllAccessors: .array

===========================================================================================
----------------- testing Wed Sep 23 16:17:35 UTC 2020 /home/travis/build/icyphy/ptII/ptolemy/actor/lib/test/auto/array2.xml
----------------- Instantiating /home/travis/build/icyphy/ptII/ptolemy/actor/lib/test/auto/array2.xml
4 ms. Memory: 509952K Free: 340642K (67%)
----------------- Invoking toplevel() on ptolemy.moml.MoMLSimpleApplication@387d8db9
----------------- Done invoking toplevel() on ptolemy.moml.MoMLSimpleApplication@387d8db9
reloadAllAccessors: .array2

===========================================================================================
----------------- testing Wed Sep 23 16:17:35 UTC 2020 /home/travis/build/icyphy/ptII/ptolemy/actor/lib/test/auto/arrayType.xml
----------------- Instantiating /home/travis/build/icyphy/ptII/ptolemy/actor/lib/test/auto/arrayType.xml
1 ms. Memory: 509952K Free: 335536K (66%)
----------------- Invoking toplevel() on ptolemy.moml.MoMLSimpleApplication@152a56db
----------------- Done invoking toplevel() on ptolemy.moml.MoMLSimpleApplication@152a56db
reloadAllAccessors: .arrayType

===========================================================================================
----------------- testing Wed Sep 23 16:17:35 UTC 2020 /home/travis/build/icyphy/ptII/ptolemy/actor/lib/test/auto/arrayType10.xml
----------------- Instantiating /home/travis/build/icyphy/ptII/ptolemy/actor/lib/test/auto/arrayType10.xml
1 ms. Memory: 509952K Free: 330416K (65%)
----------------- Invoking toplevel() on ptolemy.moml.MoMLSimpleApplication@65543584
----------------- Done invoking toplevel() on ptolemy.moml.MoMLSimpleApplication@65543584
reloadAllAccessors: .arrayType10

===========================================================================================
----------------- testing Wed Sep 23 16:17:35 UTC 2020 /home/travis/build/icyphy/ptII/ptolemy/actor/lib/test/auto/arrayType11.xml
----------------- Instantiating /home/travis/build/icyphy/ptII/ptolemy/actor/lib/test/auto/arrayType11.xml
1 ms. Memory: 509952K Free: 325810K (64%)
----------------- Invoking toplevel() on ptolemy.moml.MoMLSimpleApplication@3a88ee33
----------------- Done invoking toplevel() on ptolemy.moml.MoMLSimpleApplication@3a88ee33
reloadAllAccessors: .arrayType11

===========================================================================================
----------------- testing Wed Sep 23 16:17:35 UTC 2020 /home/travis/build/icyphy/ptII/ptolemy/actor/lib/test/auto/arrayType12.xml
----------------- Instantiating /home/travis/build/icyphy/ptII/ptolemy/actor/lib/test/auto/arrayType12.xml
1 ms. Memory: 509952K Free: 321186K (63%)
----------------- Invoking toplevel() on ptolemy.moml.MoMLSimpleApplication@18fe1813
----------------- Done invoking toplevel() on ptolemy.moml.MoMLSimpleApplication@18fe1813
reloadAllAccessors: .arrayType12

===========================================================================================
----------------- testing Wed Sep 23 16:17:35 UTC 2020 /home/travis/build/icyphy/ptII/ptolemy/actor/lib/test/auto/arrayType13.xml
----------------- Instantiating /home/travis/build/icyphy/ptII/ptolemy/actor/lib/test/auto/arrayType13.xml
1 ms. Memory: 509952K Free: 315570K (62%)
----------------- Invoking toplevel() on ptolemy.moml.MoMLSimpleApplication@4a713a5a
----------------- Done invoking toplevel() on ptolemy.moml.MoMLSimpleApplication@4a713a5a
reloadAllAccessors: .arrayType13

===========================================================================================
----------------- testing Wed Sep 23 16:17:35 UTC 2020 /home/travis/build/icyphy/ptII/ptolemy/actor/lib/test/auto/arrayType14.xml
----------------- Instantiating /home/travis/build/icyphy/ptII/ptolemy/actor/lib/test/auto/arrayType14.xml
1 ms. Memory: 509952K Free: 310450K (61%)
----------------- Invoking toplevel() on ptolemy.moml.MoMLSimpleApplication@5ff4e35c
----------------- Done invoking toplevel() on ptolemy.moml.MoMLSimpleApplication@5ff4e35c
reloadAllAccessors: .arrayType14

===========================================================================================
----------------- testing Wed Sep 23 16:17:35 UTC 2020 /home/travis/build/icyphy/ptII/ptolemy/actor/lib/test/auto/arrayType15.xml
----------------- Instantiating /home/travis/build/icyphy/ptII/ptolemy/actor/lib/test/auto/arrayType15.xml
3 ms. Memory: 509952K Free: 305330K (60%)
----------------- Invoking toplevel() on ptolemy.moml.MoMLSimpleApplication@30a1de99
----------------- Done invoking toplevel() on ptolemy.moml.MoMLSimpleApplication@30a1de99
reloadAllAccessors: .arrayType15

===========================================================================================
----------------- testing Wed Sep 23 16:17:35 UTC 2020 /home/travis/build/icyphy/ptII/ptolemy/actor/lib/test/auto/arrayType16.xml
----------------- Instantiating /home/travis/build/icyphy/ptII/ptolemy/actor/lib/test/auto/arrayType16.xml
2 ms. Memory: 509952K Free: 299696K (59%)
----------------- Invoking toplevel() on ptolemy.moml.MoMLSimpleApplication@7c33da60
----------------- Done invoking toplevel() on ptolemy.moml.MoMLSimpleApplication@7c33da60
reloadAllAccessors: .arrayType16

===========================================================================================
----------------- testing Wed Sep 23 16:17:35 UTC 2020 /home/travis/build/icyphy/ptII/ptolemy/actor/lib/test/auto/arrayType17.xml
----------------- Instantiating /home/travis/build/icyphy/ptII/ptolemy/actor/lib/test/auto/arrayType17.xml
2 ms. Memory: 509952K Free: 294576K (58%)
----------------- Invoking toplevel() on ptolemy.moml.MoMLSimpleApplication@385f68e0
----------------- Done invoking toplevel() on ptolemy.moml.MoMLSimpleApplication@385f68e0
reloadAllAccessors: .arrayType17

===========================================================================================
----------------- testing Wed Sep 23 16:17:35 UTC 2020 /home/travis/build/icyphy/ptII/ptolemy/actor/lib/test/auto/arrayType18.xml
----------------- Instantiating /home/travis/build/icyphy/ptII/ptolemy/actor/lib/test/auto/arrayType18.xml
1 ms. Memory: 509952K Free: 289970K (57%)
----------------- Invoking toplevel() on ptolemy.moml.MoMLSimpleApplication@620951e3
----------------- Done invoking toplevel() on ptolemy.moml.MoMLSimpleApplication@620951e3
reloadAllAccessors: .arrayType18

===========================================================================================
----------------- testing Wed Sep 23 16:17:35 UTC 2020 /home/travis/build/icyphy/ptII/ptolemy/actor/lib/test/auto/arrayType19.xml
----------------- Instantiating /home/travis/build/icyphy/ptII/ptolemy/actor/lib/test/auto/arrayType19.xml
1 ms. Memory: 509952K Free: 284850K (56%)
----------------- Invoking toplevel() on ptolemy.moml.MoMLSimpleApplication@71c2b59
----------------- Done invoking toplevel() on ptolemy.moml.MoMLSimpleApplication@71c2b59
reloadAllAccessors: .arrayType19

===========================================================================================
----------------- testing Wed Sep 23 16:17:35 UTC 2020 /home/travis/build/icyphy/ptII/ptolemy/actor/lib/test/auto/arrayType2.xml
----------------- Instantiating /home/travis/build/icyphy/ptII/ptolemy/actor/lib/test/auto/arrayType2.xml
1 ms. Memory: 509952K Free: 279730K (55%)
----------------- Invoking toplevel() on ptolemy.moml.MoMLSimpleApplication@a184b3d
----------------- Done invoking toplevel() on ptolemy.moml.MoMLSimpleApplication@a184b3d
reloadAllAccessors: .arrayType2

===========================================================================================
----------------- testing Wed Sep 23 16:17:35 UTC 2020 /home/travis/build/icyphy/ptII/ptolemy/actor/lib/test/auto/arrayType20.xml
----------------- Instantiating /home/travis/build/icyphy/ptII/ptolemy/actor/lib/test/auto/arrayType20.xml
1 ms. Memory: 509952K Free: 274096K (54%)
----------------- Invoking toplevel() on ptolemy.moml.MoMLSimpleApplication@741cfec6
----------------- Done invoking toplevel() on ptolemy.moml.MoMLSimpleApplication@741cfec6
reloadAllAccessors: .arrayType20

===========================================================================================
----------------- testing Wed Sep 23 16:17:35 UTC 2020 /home/travis/build/icyphy/ptII/ptolemy/actor/lib/test/auto/arrayType21.xml
----------------- Instantiating /home/travis/build/icyphy/ptII/ptolemy/actor/lib/test/auto/arrayType21.xml
2 ms. Memory: 509952K Free: 269490K (53%)
----------------- Invoking toplevel() on ptolemy.moml.MoMLSimpleApplication@7e9d72da
----------------- Done invoking toplevel() on ptolemy.moml.MoMLSimpleApplication@7e9d72da
reloadAllAccessors: .arrayType21

===========================================================================================
----------------- testing Wed Sep 23 16:17:35 UTC 2020 /home/travis/build/icyphy/ptII/ptolemy/actor/lib/test/auto/arrayType22.xml
----------------- Instantiating /home/travis/build/icyphy/ptII/ptolemy/actor/lib/test/auto/arrayType22.xml
1 ms. Memory: 509952K Free: 264880K (52%)
----------------- Invoking toplevel() on ptolemy.moml.MoMLSimpleApplication@d7d31a5
----------------- Done invoking toplevel() on ptolemy.moml.MoMLSimpleApplication@d7d31a5
reloadAllAccessors: .arrayType22

===========================================================================================
----------------- testing Wed Sep 23 16:17:35 UTC 2020 /home/travis/build/icyphy/ptII/ptolemy/actor/lib/test/auto/arrayType23.xml
----------------- Instantiating /home/travis/build/icyphy/ptII/ptolemy/actor/lib/test/auto/arrayType23.xml
1 ms. Memory: 509952K Free: 259760K (51%)
----------------- Invoking toplevel() on ptolemy.moml.MoMLSimpleApplication@7cc936d3
----------------- Done invoking toplevel() on ptolemy.moml.MoMLSimpleApplication@7cc936d3
reloadAllAccessors: .arrayType23

===========================================================================================
----------------- testing Wed Sep 23 16:17:35 UTC 2020 /home/travis/build/icyphy/ptII/ptolemy/actor/lib/test/auto/arrayType24.xml
----------------- Instantiating /home/travis/build/icyphy/ptII/ptolemy/actor/lib/test/auto/arrayType24.xml
4 ms. Memory: 509952K Free: 255154K (50%)
----------------- Invoking toplevel() on ptolemy.moml.MoMLSimpleApplication@5a9d8943
----------------- Done invoking toplevel() on ptolemy.moml.MoMLSimpleApplication@5a9d8943
reloadAllAccessors: .arrayType24

===========================================================================================
----------------- testing Wed Sep 23 16:17:35 UTC 2020 /home/travis/build/icyphy/ptII/ptolemy/actor/lib/test/auto/arrayType25.xml
----------------- Instantiating /home/travis/build/icyphy/ptII/ptolemy/actor/lib/test/auto/arrayType25.xml
1 ms. Memory: 509952K Free: 249520K (49%)
----------------- Invoking toplevel() on ptolemy.moml.MoMLSimpleApplication@1623d017
----------------- Done invoking toplevel() on ptolemy.moml.MoMLSimpleApplication@1623d017
reloadAllAccessors: .arrayType25

===========================================================================================
----------------- testing Wed Sep 23 16:17:35 UTC 2020 /home/travis/build/icyphy/ptII/ptolemy/actor/lib/test/auto/arrayType26.xml
----------------- Instantiating /home/travis/build/icyphy/ptII/ptolemy/actor/lib/test/auto/arrayType26.xml
1 ms. Memory: 509952K Free: 244400K (48%)
----------------- Invoking toplevel() on ptolemy.moml.MoMLSimpleApplication@5cc0750c
----------------- Done invoking toplevel() on ptolemy.moml.MoMLSimpleApplication@5cc0750c
reloadAllAccessors: .arrayType26

===========================================================================================
----------------- testing Wed Sep 23 16:17:35 UTC 2020 /home/travis/build/icyphy/ptII/ptolemy/actor/lib/test/auto/arrayType27.xml
----------------- Instantiating /home/travis/build/icyphy/ptII/ptolemy/actor/lib/test/auto/arrayType27.xml
1 ms. Memory: 509952K Free: 239280K (47%)
----------------- Invoking toplevel() on ptolemy.moml.MoMLSimpleApplication@582d009e
----------------- Done invoking toplevel() on ptolemy.moml.MoMLSimpleApplication@582d009e
reloadAllAccessors: .arrayType27

===========================================================================================
----------------- testing Wed Sep 23 16:17:35 UTC 2020 /home/travis/build/icyphy/ptII/ptolemy/actor/lib/test/auto/arrayType28.xml
----------------- Instantiating /home/travis/build/icyphy/ptII/ptolemy/actor/lib/test/auto/arrayType28.xml
2 ms. Memory: 509952K Free: 233650K (46%)
----------------- Invoking toplevel() on ptolemy.moml.MoMLSimpleApplication@4629aaf3
----------------- Done invoking toplevel() on ptolemy.moml.MoMLSimpleApplication@4629aaf3
reloadAllAccessors: .arrayType28

===========================================================================================
----------------- testing Wed Sep 23 16:17:35 UTC 2020 /home/travis/build/icyphy/ptII/ptolemy/actor/lib/test/auto/arrayType3.xml
----------------- Instantiating /home/travis/build/icyphy/ptII/ptolemy/actor/lib/test/auto/arrayType3.xml
1 ms. Memory: 509952K Free: 228530K (45%)
----------------- Invoking toplevel() on ptolemy.moml.MoMLSimpleApplication@3afbe02
----------------- Done invoking toplevel() on ptolemy.moml.MoMLSimpleApplication@3afbe02
reloadAllAccessors: .arrayType3

===========================================================================================
----------------- testing Wed Sep 23 16:17:35 UTC 2020 /home/travis/build/icyphy/ptII/ptolemy/actor/lib/test/auto/arrayType4.xml
----------------- Instantiating /home/travis/build/icyphy/ptII/ptolemy/actor/lib/test/auto/arrayType4.xml
2 ms. Memory: 509952K Free: 222896K (44%)
----------------- Invoking toplevel() on ptolemy.moml.MoMLSimpleApplication@7f158fcf
----------------- Done invoking toplevel() on ptolemy.moml.MoMLSimpleApplication@7f158fcf
reloadAllAccessors: .arrayType4

===========================================================================================
----------------- testing Wed Sep 23 16:17:35 UTC 2020 /home/travis/build/icyphy/ptII/ptolemy/actor/lib/test/auto/arrayType5.xml
----------------- Instantiating /home/travis/build/icyphy/ptII/ptolemy/actor/lib/test/auto/arrayType5.xml
6 ms. Memory: 509952K Free: 217776K (43%)
----------------- Invoking toplevel() on ptolemy.moml.MoMLSimpleApplication@23e4c230
----------------- Done invoking toplevel() on ptolemy.moml.MoMLSimpleApplication@23e4c230
reloadAllAccessors: .arrayType5

===========================================================================================
----------------- testing Wed Sep 23 16:17:35 UTC 2020 /home/travis/build/icyphy/ptII/ptolemy/actor/lib/test/auto/arrayType6.xml
----------------- Instantiating /home/travis/build/icyphy/ptII/ptolemy/actor/lib/test/auto/arrayType6.xml
1 ms. Memory: 509952K Free: 213170K (42%)
----------------- Invoking toplevel() on ptolemy.moml.MoMLSimpleApplication@5566b875
----------------- Done invoking toplevel() on ptolemy.moml.MoMLSimpleApplication@5566b875
reloadAllAccessors: .arrayType6

===========================================================================================
----------------- testing Wed Sep 23 16:17:35 UTC 2020 /home/travis/build/icyphy/ptII/ptolemy/actor/lib/test/auto/arrayType7.xml
----------------- Instantiating /home/travis/build/icyphy/ptII/ptolemy/actor/lib/test/auto/arrayType7.xml
1 ms. Memory: 509952K Free: 208050K (41%)
----------------- Invoking toplevel() on ptolemy.moml.MoMLSimpleApplication@6bafebec
----------------- Done invoking toplevel() on ptolemy.moml.MoMLSimpleApplication@6bafebec
reloadAllAccessors: .arrayType7

===========================================================================================
----------------- testing Wed Sep 23 16:17:35 UTC 2020 /home/travis/build/icyphy/ptII/ptolemy/actor/lib/test/auto/arrayType8.xml
----------------- Instantiating /home/travis/build/icyphy/ptII/ptolemy/actor/lib/test/auto/arrayType8.xml
1 ms. Memory: 509952K Free: 203440K (40%)
----------------- Invoking toplevel() on ptolemy.moml.MoMLSimpleApplication@38401f46
----------------- Done invoking toplevel() on ptolemy.moml.MoMLSimpleApplication@38401f46
reloadAllAccessors: .arrayType8

===========================================================================================
----------------- testing Wed Sep 23 16:17:35 UTC 2020 /home/travis/build/icyphy/ptII/ptolemy/actor/lib/test/auto/arrayType9.xml
----------------- Instantiating /home/travis/build/icyphy/ptII/ptolemy/actor/lib/test/auto/arrayType9.xml
1 ms. Memory: 509952K Free: 198320K (39%)
----------------- Invoking toplevel() on ptolemy.moml.MoMLSimpleApplication@54d8a6a0
----------------- Done invoking toplevel() on ptolemy.moml.MoMLSimpleApplication@54d8a6a0
reloadAllAccessors: .arrayType9

===========================================================================================
----------------- testing Wed Sep 23 16:17:35 UTC 2020 /home/travis/build/icyphy/ptII/ptolemy/actor/lib/test/auto/cast.xml
----------------- Instantiating /home/travis/build/icyphy/ptII/ptolemy/actor/lib/test/auto/cast.xml
12 ms. Memory: 509952K Free: 193714K (38%)
----------------- Invoking toplevel() on ptolemy.moml.MoMLSimpleApplication@39911959
----------------- Done invoking toplevel() on ptolemy.moml.MoMLSimpleApplication@39911959
reloadAllAccessors: .cast

===========================================================================================
----------------- testing Wed Sep 23 16:17:35 UTC 2020 /home/travis/build/icyphy/ptII/ptolemy/actor/lib/test/auto/compositeMultiPort.xml
----------------- Instantiating /home/travis/build/icyphy/ptII/ptolemy/actor/lib/test/auto/compositeMultiPort.xml
3 ms. Memory: 509952K Free: 184498K (36%)
----------------- Invoking toplevel() on ptolemy.moml.MoMLSimpleApplication@5fe04ddd
----------------- Done invoking toplevel() on ptolemy.moml.MoMLSimpleApplication@5fe04ddd
reloadAllAccessors: .compositeMultiPort

===========================================================================================
----------------- testing Wed Sep 23 16:17:35 UTC 2020 /home/travis/build/icyphy/ptII/ptolemy/actor/lib/test/auto/expressionCastInference.xml
----------------- Instantiating /home/travis/build/icyphy/ptII/ptolemy/actor/lib/test/auto/expressionCastInference.xml
3 ms. Memory: 509952K Free: 179888K (35%)
----------------- Invoking toplevel() on ptolemy.moml.MoMLSimpleApplication@73485c4f
----------------- Done invoking toplevel() on ptolemy.moml.MoMLSimpleApplication@73485c4f
reloadAllAccessors: .expressionCastInference

===========================================================================================
----------------- testing Wed Sep 23 16:17:35 UTC 2020 /home/travis/build/icyphy/ptII/ptolemy/actor/lib/test/auto/expressionCastInference2.xml
----------------- Instantiating /home/travis/build/icyphy/ptII/ptolemy/actor/lib/test/auto/expressionCastInference2.xml
2 ms. Memory: 509952K Free: 175282K (34%)
----------------- Invoking toplevel() on ptolemy.moml.MoMLSimpleApplication@7d799d88
----------------- Done invoking toplevel() on ptolemy.moml.MoMLSimpleApplication@7d799d88
reloadAllAccessors: .expressionCastInference2

===========================================================================================
----------------- testing Wed Sep 23 16:17:35 UTC 2020 /home/travis/build/icyphy/ptII/ptolemy/actor/lib/test/auto/expressionInference.xml
----------------- Instantiating /home/travis/build/icyphy/ptII/ptolemy/actor/lib/test/auto/expressionInference.xml
1 ms. Memory: 509952K Free: 170672K (33%)
----------------- Invoking toplevel() on ptolemy.moml.MoMLSimpleApplication@7667a5b4
----------------- Done invoking toplevel() on ptolemy.moml.MoMLSimpleApplication@7667a5b4
reloadAllAccessors: .expressionInference

===========================================================================================
----------------- testing Wed Sep 23 16:17:35 UTC 2020 /home/travis/build/icyphy/ptII/ptolemy/actor/lib/test/auto/expression_bug.xml
----------------- Instantiating /home/travis/build/icyphy/ptII/ptolemy/actor/lib/test/auto/expression_bug.xml
1 ms. Memory: 509952K Free: 166576K (33%)
----------------- Invoking toplevel() on ptolemy.moml.MoMLSimpleApplication@717b861f
----------------- Done invoking toplevel() on ptolemy.moml.MoMLSimpleApplication@717b861f
reloadAllAccessors: .expression_bug

===========================================================================================
----------------- testing Wed Sep 23 16:17:35 UTC 2020 /home/travis/build/icyphy/ptII/ptolemy/actor/lib/test/auto/factorial.xml
----------------- Instantiating /home/travis/build/icyphy/ptII/ptolemy/actor/lib/test/auto/factorial.xml
55 ms. Memory: 509952K Free: 456384K (89%)
----------------- Invoking toplevel() on ptolemy.moml.MoMLSimpleApplication@76f5c28e
----------------- Done invoking toplevel() on ptolemy.moml.MoMLSimpleApplication@76f5c28e
reloadAllAccessors: .factorial

===========================================================================================
----------------- testing Wed Sep 23 16:17:35 UTC 2020 /home/travis/build/icyphy/ptII/ptolemy/actor/lib/test/auto/filterTest1.xml
----------------- Instantiating /home/travis/build/icyphy/ptII/ptolemy/actor/lib/test/auto/filterTest1.xml
3 ms. Memory: 509952K Free: 450066K (88%)
----------------- Invoking toplevel() on ptolemy.moml.MoMLSimpleApplication@5f6560f1
----------------- Done invoking toplevel() on ptolemy.moml.MoMLSimpleApplication@5f6560f1
reloadAllAccessors: .filterTest1

===========================================================================================
----------------- testing Wed Sep 23 16:17:35 UTC 2020 /home/travis/build/icyphy/ptII/ptolemy/actor/lib/test/auto/funcApplyInConst.xml
----------------- Instantiating /home/travis/build/icyphy/ptII/ptolemy/actor/lib/test/auto/funcApplyInConst.xml
1 ms. Memory: 509952K Free: 446480K (88%)
----------------- Invoking toplevel() on ptolemy.moml.MoMLSimpleApplication@7ef34112
----------------- Done invoking toplevel() on ptolemy.moml.MoMLSimpleApplication@7ef34112
reloadAllAccessors: .funcApplyInConst

===========================================================================================
----------------- testing Wed Sep 23 16:17:35 UTC 2020 /home/travis/build/icyphy/ptII/ptolemy/actor/lib/test/auto/funcApplyInExpr.xml
----------------- Instantiating /home/travis/build/icyphy/ptII/ptolemy/actor/lib/test/auto/funcApplyInExpr.xml
2 ms. Memory: 509952K Free: 442384K (87%)
----------------- Invoking toplevel() on ptolemy.moml.MoMLSimpleApplication@6a0e82c1
----------------- Done invoking toplevel() on ptolemy.moml.MoMLSimpleApplication@6a0e82c1
reloadAllAccessors: .funcApplyInExpr

===========================================================================================
----------------- testing Wed Sep 23 16:17:35 UTC 2020 /home/travis/build/icyphy/ptII/ptolemy/actor/lib/test/auto/function.xml
----------------- Instantiating /home/travis/build/icyphy/ptII/ptolemy/actor/lib/test/auto/function.xml
2 ms. Memory: 509952K Free: 437778K (86%)
----------------- Invoking toplevel() on ptolemy.moml.MoMLSimpleApplication@505c8bd0
----------------- Done invoking toplevel() on ptolemy.moml.MoMLSimpleApplication@505c8bd0
reloadAllAccessors: .function

===========================================================================================
----------------- testing Wed Sep 23 16:17:36 UTC 2020 /home/travis/build/icyphy/ptII/ptolemy/actor/lib/test/auto/function2.xml
----------------- Instantiating /home/travis/build/icyphy/ptII/ptolemy/actor/lib/test/auto/function2.xml
2 ms. Memory: 509952K Free: 432144K (85%)
----------------- Invoking toplevel() on ptolemy.moml.MoMLSimpleApplication@4b60eb81
----------------- Done invoking toplevel() on ptolemy.moml.MoMLSimpleApplication@4b60eb81
reloadAllAccessors: .function2

===========================================================================================
----------------- testing Wed Sep 23 16:17:36 UTC 2020 /home/travis/build/icyphy/ptII/ptolemy/actor/lib/test/auto/function3.xml
----------------- Instantiating /home/travis/build/icyphy/ptII/ptolemy/actor/lib/test/auto/function3.xml
2 ms. Memory: 509952K Free: 428562K (84%)
----------------- Invoking toplevel() on ptolemy.moml.MoMLSimpleApplication@5f7b9225
----------------- Done invoking toplevel() on ptolemy.moml.MoMLSimpleApplication@5f7b9225
reloadAllAccessors: .function3

===========================================================================================
----------------- testing Wed Sep 23 16:17:36 UTC 2020 /home/travis/build/icyphy/ptII/ptolemy/actor/lib/test/auto/functionClosureTest1.xml
----------------- Instantiating /home/travis/build/icyphy/ptII/ptolemy/actor/lib/test/auto/functionClosureTest1.xml
2 ms. Memory: 509952K Free: 422418K (83%)
----------------- Invoking toplevel() on ptolemy.moml.MoMLSimpleApplication@59d85220
----------------- Done invoking toplevel() on ptolemy.moml.MoMLSimpleApplication@59d85220
reloadAllAccessors: .functionClosureTest1

===========================================================================================
----------------- testing Wed Sep 23 16:17:36 UTC 2020 /home/travis/build/icyphy/ptII/ptolemy/actor/lib/test/auto/functionClosureTest2.xml
----------------- Instantiating /home/travis/build/icyphy/ptII/ptolemy/actor/lib/test/auto/functionClosureTest2.xml
2 ms. Memory: 509952K Free: 418832K (82%)
----------------- Invoking toplevel() on ptolemy.moml.MoMLSimpleApplication@6d88b1c3
----------------- Done invoking toplevel() on ptolemy.moml.MoMLSimpleApplication@6d88b1c3
reloadAllAccessors: .functionClosureTest2

===========================================================================================
----------------- testing Wed Sep 23 16:17:36 UTC 2020 /home/travis/build/icyphy/ptII/ptolemy/actor/lib/test/auto/functionClosureTest3.xml
----------------- Instantiating /home/travis/build/icyphy/ptII/ptolemy/actor/lib/test/auto/functionClosureTest3.xml
1 ms. Memory: 509952K Free: 412674K (81%)
----------------- Invoking toplevel() on ptolemy.moml.MoMLSimpleApplication@403176d6
----------------- Done invoking toplevel() on ptolemy.moml.MoMLSimpleApplication@403176d6
reloadAllAccessors: .functionClosureTest3

===========================================================================================
----------------- testing Wed Sep 23 16:17:36 UTC 2020 /home/travis/build/icyphy/ptII/ptolemy/actor/lib/test/auto/functionClosureTest4.xml
----------------- Instantiating /home/travis/build/icyphy/ptII/ptolemy/actor/lib/test/auto/functionClosureTest4.xml
3 ms. Memory: 509952K Free: 406544K (80%)
----------------- Invoking toplevel() on ptolemy.moml.MoMLSimpleApplication@7b9a8a97
----------------- Done invoking toplevel() on ptolemy.moml.MoMLSimpleApplication@7b9a8a97
reloadAllAccessors: .functionClosureTest4

===========================================================================================
----------------- testing Wed Sep 23 16:17:36 UTC 2020 /home/travis/build/icyphy/ptII/ptolemy/actor/lib/test/auto/functionClosureTest5.xml
----------------- Instantiating /home/travis/build/icyphy/ptII/ptolemy/actor/lib/test/auto/functionClosureTest5.xml
9 ms. Memory: 509952K Free: 400914K (79%)
----------------- Invoking toplevel() on ptolemy.moml.MoMLSimpleApplication@708620b8
----------------- Done invoking toplevel() on ptolemy.moml.MoMLSimpleApplication@708620b8
reloadAllAccessors: .functionClosureTest5

===========================================================================================
----------------- testing Wed Sep 23 16:17:36 UTC 2020 /home/travis/build/icyphy/ptII/ptolemy/actor/lib/test/auto/functionClosureTest6.xml
----------------- Instantiating /home/travis/build/icyphy/ptII/ptolemy/actor/lib/test/auto/functionClosureTest6.xml
2 ms. Memory: 509952K Free: 396290K (78%)
----------------- Invoking toplevel() on ptolemy.moml.MoMLSimpleApplication@47fa2236
----------------- Done invoking toplevel() on ptolemy.moml.MoMLSimpleApplication@47fa2236
reloadAllAccessors: .functionClosureTest6

===========================================================================================
----------------- testing Wed Sep 23 16:17:36 UTC 2020 /home/travis/build/icyphy/ptII/ptolemy/actor/lib/test/auto/functionsOnArcs.xml
----------------- Instantiating /home/travis/build/icyphy/ptII/ptolemy/actor/lib/test/auto/functionsOnArcs.xml
1 ms. Memory: 509952K Free: 390674K (77%)
----------------- Invoking toplevel() on ptolemy.moml.MoMLSimpleApplication@ca45b8c
----------------- Done invoking toplevel() on ptolemy.moml.MoMLSimpleApplication@ca45b8c
reloadAllAccessors: .functionsOnArcs

===========================================================================================
----------------- testing Wed Sep 23 16:17:36 UTC 2020 /home/travis/build/icyphy/ptII/ptolemy/actor/lib/test/auto/functionsOnArcsHOF.xml
----------------- Instantiating /home/travis/build/icyphy/ptII/ptolemy/actor/lib/test/auto/functionsOnArcsHOF.xml
6 ms. Memory: 509952K Free: 385040K (76%)
----------------- Invoking toplevel() on ptolemy.moml.MoMLSimpleApplication@4b4d892b
----------------- Done invoking toplevel() on ptolemy.moml.MoMLSimpleApplication@4b4d892b
reloadAllAccessors: .functionsOnArcsHOF

===========================================================================================
----------------- testing Wed Sep 23 16:17:36 UTC 2020 /home/travis/build/icyphy/ptII/ptolemy/actor/lib/test/auto/logic.xml
----------------- Instantiating /home/travis/build/icyphy/ptII/ptolemy/actor/lib/test/auto/logic.xml
2 ms. Memory: 509952K Free: 377362K (74%)
----------------- Invoking toplevel() on ptolemy.moml.MoMLSimpleApplication@19071ea5
----------------- Done invoking toplevel() on ptolemy.moml.MoMLSimpleApplication@19071ea5
reloadAllAccessors: .logic

===========================================================================================
----------------- testing Wed Sep 23 16:17:36 UTC 2020 /home/travis/build/icyphy/ptII/ptolemy/actor/lib/test/auto/matrixType.xml
----------------- Instantiating /home/travis/build/icyphy/ptII/ptolemy/actor/lib/test/auto/matrixType.xml
2 ms. Memory: 509952K Free: 372752K (73%)
----------------- Invoking toplevel() on ptolemy.moml.MoMLSimpleApplication@6a81fd09
----------------- Done invoking toplevel() on ptolemy.moml.MoMLSimpleApplication@6a81fd09
reloadAllAccessors: .matrixType

===========================================================================================
----------------- testing Wed Sep 23 16:17:36 UTC 2020 /home/travis/build/icyphy/ptII/ptolemy/actor/lib/test/auto/matrixType10.xml
----------------- Instantiating /home/travis/build/icyphy/ptII/ptolemy/actor/lib/test/auto/matrixType10.xml
2 ms. Memory: 509952K Free: 367632K (72%)
----------------- Invoking toplevel() on ptolemy.moml.MoMLSimpleApplication@9dfd45a
----------------- Done invoking toplevel() on ptolemy.moml.MoMLSimpleApplication@9dfd45a
reloadAllAccessors: .matrixType10

===========================================================================================
----------------- testing Wed Sep 23 16:17:36 UTC 2020 /home/travis/build/icyphy/ptII/ptolemy/actor/lib/test/auto/matrixType11.xml
----------------- Instantiating /home/travis/build/icyphy/ptII/ptolemy/actor/lib/test/auto/matrixType11.xml
2 ms. Memory: 509952K Free: 363026K (71%)
----------------- Invoking toplevel() on ptolemy.moml.MoMLSimpleApplication@253d6879
----------------- Done invoking toplevel() on ptolemy.moml.MoMLSimpleApplication@253d6879
reloadAllAccessors: .matrixType11

===========================================================================================
----------------- testing Wed Sep 23 16:17:36 UTC 2020 /home/travis/build/icyphy/ptII/ptolemy/actor/lib/test/auto/matrixType12.xml
----------------- Instantiating /home/travis/build/icyphy/ptII/ptolemy/actor/lib/test/auto/matrixType12.xml
1 ms. Memory: 509952K Free: 357906K (70%)
----------------- Invoking toplevel() on ptolemy.moml.MoMLSimpleApplication@147935e2
----------------- Done invoking toplevel() on ptolemy.moml.MoMLSimpleApplication@147935e2
reloadAllAccessors: .matrixType12

===========================================================================================
----------------- testing Wed Sep 23 16:17:36 UTC 2020 /home/travis/build/icyphy/ptII/ptolemy/actor/lib/test/auto/matrixType13.xml
----------------- Instantiating /home/travis/build/icyphy/ptII/ptolemy/actor/lib/test/auto/matrixType13.xml
1 ms. Memory: 509952K Free: 353296K (69%)
----------------- Invoking toplevel() on ptolemy.moml.MoMLSimpleApplication@787e0d89
----------------- Done invoking toplevel() on ptolemy.moml.MoMLSimpleApplication@787e0d89
reloadAllAccessors: .matrixType13

===========================================================================================
----------------- testing Wed Sep 23 16:17:36 UTC 2020 /home/travis/build/icyphy/ptII/ptolemy/actor/lib/test/auto/matrixType14.xml
----------------- Instantiating /home/travis/build/icyphy/ptII/ptolemy/actor/lib/test/auto/matrixType14.xml
2 ms. Memory: 509952K Free: 348176K (68%)
----------------- Invoking toplevel() on ptolemy.moml.MoMLSimpleApplication@5d4c87c0
----------------- Done invoking toplevel() on ptolemy.moml.MoMLSimpleApplication@5d4c87c0
reloadAllAccessors: .matrixType14

===========================================================================================
----------------- testing Wed Sep 23 16:17:36 UTC 2020 /home/travis/build/icyphy/ptII/ptolemy/actor/lib/test/auto/matrixType2.xml
----------------- Instantiating /home/travis/build/icyphy/ptII/ptolemy/actor/lib/test/auto/matrixType2.xml
2 ms. Memory: 509952K Free: 343056K (67%)
----------------- Invoking toplevel() on ptolemy.moml.MoMLSimpleApplication@40e3e001
----------------- Done invoking toplevel() on ptolemy.moml.MoMLSimpleApplication@40e3e001
reloadAllAccessors: .matrixType2

===========================================================================================
----------------- testing Wed Sep 23 16:17:36 UTC 2020 /home/travis/build/icyphy/ptII/ptolemy/actor/lib/test/auto/matrixType3.xml
----------------- Instantiating /home/travis/build/icyphy/ptII/ptolemy/actor/lib/test/auto/matrixType3.xml
3 ms. Memory: 509952K Free: 337936K (66%)
----------------- Invoking toplevel() on ptolemy.moml.MoMLSimpleApplication@29a81320
----------------- Done invoking toplevel() on ptolemy.moml.MoMLSimpleApplication@29a81320
reloadAllAccessors: .matrixType3

===========================================================================================
----------------- testing Wed Sep 23 16:17:36 UTC 2020 /home/travis/build/icyphy/ptII/ptolemy/actor/lib/test/auto/matrixType4.xml
----------------- Instantiating /home/travis/build/icyphy/ptII/ptolemy/actor/lib/test/auto/matrixType4.xml
2 ms. Memory: 509952K Free: 333330K (65%)
----------------- Invoking toplevel() on ptolemy.moml.MoMLSimpleApplication@4db3cbc1
----------------- Done invoking toplevel() on ptolemy.moml.MoMLSimpleApplication@4db3cbc1
reloadAllAccessors: .matrixType4

===========================================================================================
----------------- testing Wed Sep 23 16:17:36 UTC 2020 /home/travis/build/icyphy/ptII/ptolemy/actor/lib/test/auto/matrixType5.xml
----------------- Instantiating /home/travis/build/icyphy/ptII/ptolemy/actor/lib/test/auto/matrixType5.xml
1 ms. Memory: 509952K Free: 328210K (64%)
----------------- Invoking toplevel() on ptolemy.moml.MoMLSimpleApplication@3d7b0b88
----------------- Done invoking toplevel() on ptolemy.moml.MoMLSimpleApplication@3d7b0b88
reloadAllAccessors: .matrixType5

===========================================================================================
----------------- testing Wed Sep 23 16:17:36 UTC 2020 /home/travis/build/icyphy/ptII/ptolemy/actor/lib/test/auto/matrixType6.xml
----------------- Instantiating /home/travis/build/icyphy/ptII/ptolemy/actor/lib/test/auto/matrixType6.xml
1 ms. Memory: 509952K Free: 323600K (63%)
----------------- Invoking toplevel() on ptolemy.moml.MoMLSimpleApplication@78828953
----------------- Done invoking toplevel() on ptolemy.moml.MoMLSimpleApplication@78828953
reloadAllAccessors: .matrixType6

===========================================================================================
----------------- testing Wed Sep 23 16:17:36 UTC 2020 /home/travis/build/icyphy/ptII/ptolemy/actor/lib/test/auto/matrixType7.xml
----------------- Instantiating /home/travis/build/icyphy/ptII/ptolemy/actor/lib/test/auto/matrixType7.xml
1 ms. Memory: 509952K Free: 318480K (62%)
----------------- Invoking toplevel() on ptolemy.moml.MoMLSimpleApplication@6cbbfd1
----------------- Done invoking toplevel() on ptolemy.moml.MoMLSimpleApplication@6cbbfd1
reloadAllAccessors: .matrixType7

===========================================================================================
----------------- testing Wed Sep 23 16:17:36 UTC 2020 /home/travis/build/icyphy/ptII/ptolemy/actor/lib/test/auto/matrixType8.xml
----------------- Instantiating /home/travis/build/icyphy/ptII/ptolemy/actor/lib/test/auto/matrixType8.xml
2 ms. Memory: 509952K Free: 313874K (62%)
----------------- Invoking toplevel() on ptolemy.moml.MoMLSimpleApplication@4768da23
----------------- Done invoking toplevel() on ptolemy.moml.MoMLSimpleApplication@4768da23
reloadAllAccessors: .matrixType8

===========================================================================================
----------------- testing Wed Sep 23 16:17:36 UTC 2020 /home/travis/build/icyphy/ptII/ptolemy/actor/lib/test/auto/matrixType9.xml
----------------- Instantiating /home/travis/build/icyphy/ptII/ptolemy/actor/lib/test/auto/matrixType9.xml
1 ms. Memory: 509952K Free: 308754K (61%)
----------------- Invoking toplevel() on ptolemy.moml.MoMLSimpleApplication@5085a710
----------------- Done invoking toplevel() on ptolemy.moml.MoMLSimpleApplication@5085a710
reloadAllAccessors: .matrixType9

===========================================================================================
----------------- testing Wed Sep 23 16:17:36 UTC 2020 /home/travis/build/icyphy/ptII/ptolemy/actor/lib/test/auto/paraFunctest.xml
----------------- Instantiating /home/travis/build/icyphy/ptII/ptolemy/actor/lib/test/auto/paraFunctest.xml
1 ms. Memory: 509952K Free: 305168K (60%)
----------------- Invoking toplevel() on ptolemy.moml.MoMLSimpleApplication@7c1f32c5
----------------- Done invoking toplevel() on ptolemy.moml.MoMLSimpleApplication@7c1f32c5
reloadAllAccessors: .paraFunctest

===========================================================================================
----------------- testing Wed Sep 23 16:17:36 UTC 2020 /home/travis/build/icyphy/ptII/ptolemy/actor/lib/test/auto/paraFunctest2.xml
----------------- Instantiating /home/travis/build/icyphy/ptII/ptolemy/actor/lib/test/auto/paraFunctest2.xml
1 ms. Memory: 509952K Free: 301072K (59%)
----------------- Invoking toplevel() on ptolemy.moml.MoMLSimpleApplication@4eb574e
----------------- Done invoking toplevel() on ptolemy.moml.MoMLSimpleApplication@4eb574e
reloadAllAccessors: .paraFunctest2

===========================================================================================
----------------- testing Wed Sep 23 16:17:36 UTC 2020 /home/travis/build/icyphy/ptII/ptolemy/actor/lib/test/auto/parameterPassing.xml
----------------- Instantiating /home/travis/build/icyphy/ptII/ptolemy/actor/lib/test/auto/parameterPassing.xml
1 ms. Memory: 509952K Free: 296976K (58%)
----------------- Invoking toplevel() on ptolemy.moml.MoMLSimpleApplication@28d0627d
----------------- Done invoking toplevel() on ptolemy.moml.MoMLSimpleApplication@28d0627d
reloadAllAccessors: .parameterPassing

===========================================================================================
----------------- testing Wed Sep 23 16:17:36 UTC 2020 /home/travis/build/icyphy/ptII/ptolemy/actor/lib/test/auto/record.xml
----------------- Instantiating /home/travis/build/icyphy/ptII/ptolemy/actor/lib/test/auto/record.xml
2 ms. Memory: 509952K Free: 291856K (57%)
----------------- Invoking toplevel() on ptolemy.moml.MoMLSimpleApplication@1dc22480
----------------- Done invoking toplevel() on ptolemy.moml.MoMLSimpleApplication@1dc22480
reloadAllAccessors: .record

===========================================================================================
----------------- testing Wed Sep 23 16:17:36 UTC 2020 /home/travis/build/icyphy/ptII/ptolemy/actor/lib/test/auto/sizedarray1.xml
----------------- Instantiating /home/travis/build/icyphy/ptII/ptolemy/actor/lib/test/auto/sizedarray1.xml
1 ms. Memory: 509952K Free: 286736K (56%)
----------------- Invoking toplevel() on ptolemy.moml.MoMLSimpleApplication@5b91f8ba
----------------- Done invoking toplevel() on ptolemy.moml.MoMLSimpleApplication@5b91f8ba
reloadAllAccessors: .sizedarray1

===========================================================================================
----------------- testing Wed Sep 23 16:17:36 UTC 2020 /home/travis/build/icyphy/ptII/ptolemy/actor/lib/test/auto/sizedarray2.xml
----------------- Instantiating /home/travis/build/icyphy/ptII/ptolemy/actor/lib/test/auto/sizedarray2.xml
2 ms. Memory: 509952K Free: 281106K (55%)
----------------- Invoking toplevel() on ptolemy.moml.MoMLSimpleApplication@570b12ed
----------------- Done invoking toplevel() on ptolemy.moml.MoMLSimpleApplication@570b12ed
reloadAllAccessors: .sizedarray2

===========================================================================================
----------------- testing Wed Sep 23 16:17:36 UTC 2020 /home/travis/build/icyphy/ptII/ptolemy/actor/lib/test/auto/twoPublishers.xml
----------------- Instantiating /home/travis/build/icyphy/ptII/ptolemy/actor/lib/test/auto/twoPublishers.xml
5 ms. Memory: 509952K Free: 270866K (53%)
----------------- Invoking toplevel() on ptolemy.moml.MoMLSimpleApplication@5c571862
----------------- Done invoking toplevel() on ptolemy.moml.MoMLSimpleApplication@5c571862
reloadAllAccessors: .twoPublishers
AutoTests.java: About to close Vertx.
AutoTests.java: Vertx closed.
]]></system-out>
  <system-err><![CDATA[java.lang.RuntimeException: Execution failed
	at ptolemy.moml.MoMLSimpleApplication$UnloadThread.run(MoMLSimpleApplication.java:402)
Caused by: java.lang.RuntimeException: StringUtilities.exit() was called. Normally, we would exit here because Manager.exitAfterWrapup() was called.  However, because the ptolemy.ptII.exitAfterWrapup property is set, we throw this exception instead.
	at ptolemy.util.StringUtilities.exit(StringUtilities.java:365)
	at ptolemy.actor.Manager.wrapup(Manager.java:1549)
	at ptolemy.actor.Manager.execute(Manager.java:407)
	at ptolemy.actor.Manager.run(Manager.java:1263)
	at ptolemy.actor.Manager$PtolemyRunThread.run(Manager.java:1933)
Warning: '.top.test' is in training mode, set the trainingMode parameter to false before checking in
Warning: '.top.test' is in training mode, set the trainingMode parameter to false before checking in
Warning: '.top.test' is in training mode, set the trainingMode parameter to false before checking in
Warning: '.BooleanSwitch_RegressionTest_WrongTrainingValues.Test' is in training mode, set the trainingMode parameter to false before checking in
Warning: '.BooleanSwitch_RegressionTest_WrongTrainingValues.Test2' is in training mode, set the trainingMode parameter to false before checking in
Warning: '.BooleanSwitch_RegressionTest_WrongTrainingValues.Test2' The test produced 0 tokens.
Warning: '.top.testExceptionHandler' is in training mode, set the trainingMode parameter to false before checking in
java.lang.RuntimeException: Execution failed
	at ptolemy.moml.MoMLSimpleApplication$UnloadThread.run(MoMLSimpleApplication.java:402)
Caused by: ptolemy.kernel.util.IllegalActionException: PublisherPorts cannot be used at the top level, use a Publisher actor instead.
  in .PublisherPortToplevelSubscriber.PublisherPort
	at ptolemy.actor.PublisherPort.preinitialize(PublisherPort.java:403)
	at ptolemy.actor.CompositeActor.preinitialize(CompositeActor.java:1769)
	at ptolemy.actor.Manager.preinitializeAndResolveTypes(Manager.java:1040)
	at ptolemy.actor.Manager.initialize(Manager.java:710)
	at ptolemy.actor.Manager.execute(Manager.java:356)
	at ptolemy.actor.Manager.run(Manager.java:1263)
	at ptolemy.actor.Manager$PtolemyRunThread.run(Manager.java:1933)
java.lang.reflect.InvocationTargetException
	at java.base/jdk.internal.reflect.NativeConstructorAccessorImpl.newInstance0(Native Method)
	at java.base/jdk.internal.reflect.NativeConstructorAccessorImpl.newInstance(NativeConstructorAccessorImpl.java:62)
	at java.base/jdk.internal.reflect.DelegatingConstructorAccessorImpl.newInstance(DelegatingConstructorAccessorImpl.java:45)
	at java.base/java.lang.reflect.Constructor.newInstance(Constructor.java:490)
	at ptolemy.util.test.junit.AutoKnownFailedTests.RunModel(AutoKnownFailedTests.java:105)
	at java.base/jdk.internal.reflect.NativeMethodAccessorImpl.invoke0(Native Method)
	at java.base/jdk.internal.reflect.NativeMethodAccessorImpl.invoke(NativeMethodAccessorImpl.java:62)
	at java.base/jdk.internal.reflect.DelegatingMethodAccessorImpl.invoke(DelegatingMethodAccessorImpl.java:43)
	at java.base/java.lang.reflect.Method.invoke(Method.java:566)
	at org.junit.runners.model.FrameworkMethod$1.runReflectiveCall(FrameworkMethod.java:44)
	at org.junit.internal.runners.model.ReflectiveCallable.run(ReflectiveCallable.java:15)
	at org.junit.runners.model.FrameworkMethod.invokeExplosively(FrameworkMethod.java:41)
	at junitparams.internal.InvokeParameterisedMethod.evaluate(InvokeParameterisedMethod.java:102)
	at org.junit.internal.runners.statements.FailOnTimeout$1.run(FailOnTimeout.java:28)
Caused by: ptolemy.kernel.util.IllegalActionException: PublisherPorts cannot be used at the top level, use a Publisher actor instead.
  in .PublisherPortToplevelSubscriber.PublisherPort
	at ptolemy.actor.PublisherPort.preinitialize(PublisherPort.java:403)
	at ptolemy.actor.CompositeActor.preinitialize(CompositeActor.java:1769)
	at ptolemy.actor.Manager.preinitializeAndResolveTypes(Manager.java:1040)
	at ptolemy.actor.Manager.initialize(Manager.java:710)
	at ptolemy.actor.Manager.execute(Manager.java:356)
	at ptolemy.actor.Manager.run(Manager.java:1263)
	at ptolemy.actor.Manager$PtolemyRunThread.run(Manager.java:1933)
java.lang.RuntimeException: Execution failed
	at ptolemy.moml.MoMLSimpleApplication$UnloadThread.run(MoMLSimpleApplication.java:402)
Caused by: ptolemy.kernel.util.IllegalActionException: SubscriberPorts cannot be used at the top level, use a Subscriber actor instead.
  in .PublisherSubscriberPortToplevel.SubscriberPort
	at ptolemy.actor.SubscriberPort.preinitialize(SubscriberPort.java:328)
	at ptolemy.actor.CompositeActor.preinitialize(CompositeActor.java:1769)
	at ptolemy.actor.Manager.preinitializeAndResolveTypes(Manager.java:1040)
	at ptolemy.actor.Manager.initialize(Manager.java:710)
	at ptolemy.actor.Manager.execute(Manager.java:356)
	at ptolemy.actor.Manager.run(Manager.java:1263)
	at ptolemy.actor.Manager$PtolemyRunThread.run(Manager.java:1933)
java.lang.reflect.InvocationTargetException
	at java.base/jdk.internal.reflect.NativeConstructorAccessorImpl.newInstance0(Native Method)
	at java.base/jdk.internal.reflect.NativeConstructorAccessorImpl.newInstance(NativeConstructorAccessorImpl.java:62)
	at java.base/jdk.internal.reflect.DelegatingConstructorAccessorImpl.newInstance(DelegatingConstructorAccessorImpl.java:45)
	at java.base/java.lang.reflect.Constructor.newInstance(Constructor.java:490)
	at ptolemy.util.test.junit.AutoKnownFailedTests.RunModel(AutoKnownFailedTests.java:105)
	at java.base/jdk.internal.reflect.NativeMethodAccessorImpl.invoke0(Native Method)
	at java.base/jdk.internal.reflect.NativeMethodAccessorImpl.invoke(NativeMethodAccessorImpl.java:62)
	at java.base/jdk.internal.reflect.DelegatingMethodAccessorImpl.invoke(DelegatingMethodAccessorImpl.java:43)
	at java.base/java.lang.reflect.Method.invoke(Method.java:566)
	at org.junit.runners.model.FrameworkMethod$1.runReflectiveCall(FrameworkMethod.java:44)
	at org.junit.internal.runners.model.ReflectiveCallable.run(ReflectiveCallable.java:15)
	at org.junit.runners.model.FrameworkMethod.invokeExplosively(FrameworkMethod.java:41)
	at junitparams.internal.InvokeParameterisedMethod.evaluate(InvokeParameterisedMethod.java:102)
	at org.junit.internal.runners.statements.FailOnTimeout$1.run(FailOnTimeout.java:28)
Caused by: ptolemy.kernel.util.IllegalActionException: SubscriberPorts cannot be used at the top level, use a Subscriber actor instead.
  in .PublisherSubscriberPortToplevel.SubscriberPort
	at ptolemy.actor.SubscriberPort.preinitialize(SubscriberPort.java:328)
	at ptolemy.actor.CompositeActor.preinitialize(CompositeActor.java:1769)
	at ptolemy.actor.Manager.preinitializeAndResolveTypes(Manager.java:1040)
	at ptolemy.actor.Manager.initialize(Manager.java:710)
	at ptolemy.actor.Manager.execute(Manager.java:356)
	at ptolemy.actor.Manager.run(Manager.java:1263)
	at ptolemy.actor.Manager$PtolemyRunThread.run(Manager.java:1933)
java.lang.RuntimeException: Execution failed
	at ptolemy.moml.MoMLSimpleApplication$UnloadThread.run(MoMLSimpleApplication.java:402)
Caused by: ptolemy.kernel.util.IllegalActionException: SubscriptionAggregatorPorts cannot be used at the top level, use a SubscriptionAggregator actor instead.
  in .PublisherSubscriptionAggregatorPort.SubscriptionAggregatorPort
	at ptolemy.actor.SubscriptionAggregatorPort.preinitialize(SubscriptionAggregatorPort.java:353)
	at ptolemy.actor.CompositeActor.preinitialize(CompositeActor.java:1769)
	at ptolemy.actor.Manager.preinitializeAndResolveTypes(Manager.java:1040)
	at ptolemy.actor.Manager.initialize(Manager.java:710)
	at ptolemy.actor.Manager.execute(Manager.java:356)
	at ptolemy.actor.Manager.run(Manager.java:1263)
	at ptolemy.actor.Manager$PtolemyRunThread.run(Manager.java:1933)
java.lang.reflect.InvocationTargetException
	at java.base/jdk.internal.reflect.NativeConstructorAccessorImpl.newInstance0(Native Method)
	at java.base/jdk.internal.reflect.NativeConstructorAccessorImpl.newInstance(NativeConstructorAccessorImpl.java:62)
	at java.base/jdk.internal.reflect.DelegatingConstructorAccessorImpl.newInstance(DelegatingConstructorAccessorImpl.java:45)
	at java.base/java.lang.reflect.Constructor.newInstance(Constructor.java:490)
	at ptolemy.util.test.junit.AutoKnownFailedTests.RunModel(AutoKnownFailedTests.java:105)
	at java.base/jdk.internal.reflect.NativeMethodAccessorImpl.invoke0(Native Method)
	at java.base/jdk.internal.reflect.NativeMethodAccessorImpl.invoke(NativeMethodAccessorImpl.java:62)
	at java.base/jdk.internal.reflect.DelegatingMethodAccessorImpl.invoke(DelegatingMethodAccessorImpl.java:43)
	at java.base/java.lang.reflect.Method.invoke(Method.java:566)
	at org.junit.runners.model.FrameworkMethod$1.runReflectiveCall(FrameworkMethod.java:44)
	at org.junit.internal.runners.model.ReflectiveCallable.run(ReflectiveCallable.java:15)
	at org.junit.runners.model.FrameworkMethod.invokeExplosively(FrameworkMethod.java:41)
	at junitparams.internal.InvokeParameterisedMethod.evaluate(InvokeParameterisedMethod.java:102)
	at org.junit.internal.runners.statements.FailOnTimeout$1.run(FailOnTimeout.java:28)
Caused by: ptolemy.kernel.util.IllegalActionException: SubscriptionAggregatorPorts cannot be used at the top level, use a SubscriptionAggregator actor instead.
  in .PublisherSubscriptionAggregatorPort.SubscriptionAggregatorPort
	at ptolemy.actor.SubscriptionAggregatorPort.preinitialize(SubscriptionAggregatorPort.java:353)
	at ptolemy.actor.CompositeActor.preinitialize(CompositeActor.java:1769)
	at ptolemy.actor.Manager.preinitializeAndResolveTypes(Manager.java:1040)
	at ptolemy.actor.Manager.initialize(Manager.java:710)
	at ptolemy.actor.Manager.execute(Manager.java:356)
	at ptolemy.actor.Manager.run(Manager.java:1263)
	at ptolemy.actor.Manager$PtolemyRunThread.run(Manager.java:1933)
java.lang.RuntimeException: Execution failed
	at ptolemy.moml.MoMLSimpleApplication$UnloadThread.run(MoMLSimpleApplication.java:402)
Caused by: ptolemy.kernel.util.IllegalActionException: TypeTest actor has no training data.
  in .sizedarray3.TypeTest
	at ptolemy.actor.lib.TypeTest.initialize(TypeTest.java:250)
	at ptolemy.actor.Director.initialize(Director.java:938)
	at ptolemy.actor.Director.initialize(Director.java:907)
	at ptolemy.actor.sched.StaticSchedulingDirector.initialize(StaticSchedulingDirector.java:159)
	at ptolemy.domains.sdf.kernel.SDFDirector.initialize(SDFDirector.java:544)
	at ptolemy.actor.CompositeActor.initialize(CompositeActor.java:935)
	at ptolemy.actor.Manager.initialize(Manager.java:724)
	at ptolemy.actor.Manager.execute(Manager.java:356)
	at ptolemy.actor.Manager.run(Manager.java:1263)
	at ptolemy.actor.Manager$PtolemyRunThread.run(Manager.java:1933)
java.lang.reflect.InvocationTargetException
	at java.base/jdk.internal.reflect.NativeConstructorAccessorImpl.newInstance0(Native Method)
	at java.base/jdk.internal.reflect.NativeConstructorAccessorImpl.newInstance(NativeConstructorAccessorImpl.java:62)
	at java.base/jdk.internal.reflect.DelegatingConstructorAccessorImpl.newInstance(DelegatingConstructorAccessorImpl.java:45)
	at java.base/java.lang.reflect.Constructor.newInstance(Constructor.java:490)
	at ptolemy.util.test.junit.AutoKnownFailedTests.RunModel(AutoKnownFailedTests.java:105)
	at java.base/jdk.internal.reflect.NativeMethodAccessorImpl.invoke0(Native Method)
	at java.base/jdk.internal.reflect.NativeMethodAccessorImpl.invoke(NativeMethodAccessorImpl.java:62)
	at java.base/jdk.internal.reflect.DelegatingMethodAccessorImpl.invoke(DelegatingMethodAccessorImpl.java:43)
	at java.base/java.lang.reflect.Method.invoke(Method.java:566)
	at org.junit.runners.model.FrameworkMethod$1.runReflectiveCall(FrameworkMethod.java:44)
	at org.junit.internal.runners.model.ReflectiveCallable.run(ReflectiveCallable.java:15)
	at org.junit.runners.model.FrameworkMethod.invokeExplosively(FrameworkMethod.java:41)
	at junitparams.internal.InvokeParameterisedMethod.evaluate(InvokeParameterisedMethod.java:102)
	at org.junit.internal.runners.statements.FailOnTimeout$1.run(FailOnTimeout.java:28)
Caused by: ptolemy.kernel.util.IllegalActionException: TypeTest actor has no training data.
  in .sizedarray3.TypeTest
	at ptolemy.actor.lib.TypeTest.initialize(TypeTest.java:250)
	at ptolemy.actor.Director.initialize(Director.java:938)
	at ptolemy.actor.Director.initialize(Director.java:907)
	at ptolemy.actor.sched.StaticSchedulingDirector.initialize(StaticSchedulingDirector.java:159)
	at ptolemy.domains.sdf.kernel.SDFDirector.initialize(SDFDirector.java:544)
	at ptolemy.actor.CompositeActor.initialize(CompositeActor.java:935)
	at ptolemy.actor.Manager.initialize(Manager.java:724)
	at ptolemy.actor.Manager.execute(Manager.java:356)
	at ptolemy.actor.Manager.run(Manager.java:1263)
	at ptolemy.actor.Manager$PtolemyRunThread.run(Manager.java:1933)
]]></system-err>
</testsuite>
