<?xml version="1.0" encoding="UTF-8" ?>
<testsuite errors="0" failures="0" hostname="travis-job-bb68a24d-182a-4588-a33b-cbc16fd4c440" name="ptolemy.actor.lib.test.junit.JUnitTclTest" skipped="0" tests="517" time="61.284" timestamp="2020-06-18T14:47:20">
  <properties>
    <property name="npm.executable" value="npm" />
    <property name="env.TRAVIS_ROOT" value="/" />
    <property name="ptII.mk.exists" value="true" />
    <property name="env.TRAVIS_APP_HOST" value="build.travis-ci.org" />
    <property name="env.rvm_bin_path" value="/home/travis/.rvm/bin" />
    <property name="java.home" value="/usr/local/lib/jvm/openjdk11" />
    <property name="env.TRAVIS_JOB_NUMBER" value="1666.8" />
    <property name="env.TRAVIS_HOME" value="/home/travis" />
    <property name="env.DISPLAY" value=":99.0" />
    <property name="env.TRAVIS_INIT" value="systemd" />
    <property name="env.SSH_TTY" value="/dev/pts/0" />
    <property name="java.net.preferIPv4Stack" value="true" />
    <property name="env.RUN_TESTS" value="true" />
    <property name="timeout.short" value="1000000" />
    <property name="junit.formatter" value="xml" />
    <property name="env.TRAVIS_SUDO" value="true" />
    <property name="env.TRAVIS_JOB_NAME" value="" />
    <property name="env.TRAVIS_STACK_NODE_ATTRIBUTES" value="/.node-attributes.yml" />
    <property name="env.LOGNAME" value="travis" />
    <property name="env.PT_TRAVIS_TEST_CORE1_XML" value="true" />
    <property name="jsdoc.home" value="node_modules/@terraswarm/jsdoc" />
    <property name="debuglevel" value="source,lines,vars" />
    <property name="checkstyle.formatter" value="xml" />
    <property name="env._system_version" value="16.04" />
    <property name="bin.vergil.makeable" value="true" />
    <property name="sun.os.patch.level" value="unknown" />
    <property name="java.vendor.url" value="http://java.oracle.com/" />
    <property name="env.TRAVIS_BUILD_WEB_URL" value="https://travis-ci.org/icyphy/ptII/builds/699717714" />
    <property name="java.version" value="11.0.2" />
    <property name="env.TZ" value="UTC" />
    <property name="env.TRAVIS_PULL_REQUEST_SHA" value="" />
    <property name="env.PT_NO_NET" value="true" />
    <property name="env.TRAVIS_SECURE_ENV_VARS" value="true" />
    <property name="env._system_type" value="Linux" />
    <property name="java.vendor.url.bug" value="http://bugreport.java.com/bugreport/" />
    <property name="npmjs-org-is-up" value="true" />
    <property name="env.LANGUAGE" value="en_US.UTF-8" />
    <property name="env.SSH_CLIENT" value="10.52.6.34 48742 22" />
    <property name="env.GEM_HOME" value="/home/travis/.rvm/gems/ruby-2.5.3" />
    <property name="env.HAS_ANTARES_THREE_LITTLE_FRONZIES_BADGE" value="true" />
    <property name="java.version.date" value="2019-01-15" />
    <property name="env.PS4" value="+" />
    <property name="ant.project.invoked-targets" value="build,test.core1.xml" />
    <property name="env.TRAVIS_PULL_REQUEST_BRANCH" value="" />
    <property name="env.TRAVIS_REPO_SLUG" value="icyphy/ptII" />
    <property name="env.XDG_DATA_DIRS" value="/usr/local/share:/usr/share:/var/lib/snapd/desktop" />
    <property name="jdk.debug" value="release" />
    <property name="env.TRAVIS_APT_PROXY" value="http://build-cache.travisci.net" />
    <property name="env.TRAVIS_CPU_ARCH" value="amd64" />
    <property name="node.in.path" value="true" />
    <property name="user.name" value="travis" />
    <property name="java.maxmemory" value="1400m" />
    <property name="env.RUBY_VERSION" value="ruby-2.5.3" />
    <property name="env.LANG" value="en_US.UTF-8" />
    <property name="sun.io.unicode.encoding" value="UnicodeLittle" />
    <property name="sun.jnu.encoding" value="UTF-8" />
    <property name="java.runtime.name" value="OpenJDK Runtime Environment" />
    <property name="usefile" value="false" />
    <property name="return.code" value="0" />
    <property name="junit.single.formatter" value="plain" />
    <property name="env.DYLD_LIBRARY_PATH" value="/home/travis/pthla/certi-tools/lib:" />
    <property name="env.DEBIAN_FRONTEND" value="noninteractive" />
    <property name="env.SSH_CONNECTION" value="10.52.6.34 48742 10.20.1.131 22" />
    <property name="env.MYSQL_UNIX_PORT" value="/var/run/mysqld/mysqld.sock" />
    <property name="env.LC_ALL" value="en_US.UTF-8" />
    <property name="env.TRAVIS_ALLOW_FAILURE" value="" />
    <property name="env.TRAVIS_JOB_WEB_URL" value="https://travis-ci.org/icyphy/ptII/jobs/699717722" />
    <property name="java.specification.name" value="Java Platform API Specification" />
    <property name="node.works" value="true" />
    <property name="user.timezone" value="" />
    <property name="path.separator" value=":" />
    <property name="env.TRAVIS_ENABLE_INFRA_DETECTION" value="true" />
    <property name="env.PYTHON_CFLAGS" value="-g -fstack-protector --param=ssp-buffer-size=4 -Wformat -Werror=format-security" />
    <property name="timeout.long" value="4000000" />
    <property name="env.CERTI_HOME" value="/home/travis/pthla/certi-tools" />
    <property name="ant.file.ptII" value="/home/travis/build/icyphy/ptII/build.xml" />
    <property name="javadoc.packagenames" value="com.*,diva.*,lbnl.*,org.hlacerti.*,org.json.*,org.ptolemy.*,org.terraswarm.*,ptolemy.*,ptserver.*" />
    <property name="file.encoding" value="UTF-8" />
    <property name="env.TRAVIS_PULL_REQUEST_SLUG" value="" />
    <property name="ant.project.default-target" value="build" />
    <property name="env.GIT_ASKPASS" value="echo" />
    <property name="env.HOME" value="/home/travis" />
    <property name="sun.java.command" value="org.apache.tools.ant.taskdefs.optional.junit.JUnitTestRunner ptolemy.actor.lib.test.junit.JUnitTclTest skipNonTests=false filtertrace=true haltOnError=false haltOnFailure=false formatter=org.apache.tools.ant.taskdefs.optional.junit.OutErrSummaryJUnitResultFormatter showoutput=true outputtoformatters=true logfailedtests=true threadid=0 logtestlistenerevents=false formatter=org.apache.tools.ant.taskdefs.optional.junit.XMLJUnitResultFormatter,/home/travis/build/icyphy/ptII/reports/junit/TEST-ptolemy.actor.lib.test.junit.JUnitTclTest.xml crashfile=/home/travis/build/icyphy/ptII/junitvmwatcher8559258078477484912.properties propsfile=/home/travis/build/icyphy/ptII/junit5676381063489856351.properties" />
    <property name="env.COMPOSER_NO_INTERACTION" value="1" />
    <property name="env.MANPATH" value="/home/travis/.nvm/versions/node/v7.10.1/share/man:/home/travis/.rvm/rubies/ruby-2.5.3/share/man:/usr/local/cmake-3.12.4/man:/usr/local/clang-7.0.0/share/man:/usr/local/man:/usr/local/share/man:/usr/share/man:/home/travis/.rvm/man" />
    <property name="env.TRAVIS_TIMER_ID" value="0ac5fb1c" />
    <property name="ant.file" value="/home/travis/build/icyphy/ptII/build.xml" />
    <property name="env.TRAVIS_COMMIT_RANGE" value="3e950cfe0f3c004454147d0a7dfedd7f8d8e77cc...52bfcaaec950ad6b43d11ffdb9cd3f924b0c1f76" />
    <property name="env._system_name" value="Ubuntu" />
    <property name="ptII.classpath.optional.property" value="/home/travis/build/icyphy/ptII/lib/bsh-2.0b4.jar:/home/travis/build/icyphy/ptII/lib/ptCal.jar:/home/travis/build/icyphy/ptII/lib/java_cup.jar:/home/travis/build/icyphy/ptII/lib/saxon8.jar:/home/travis/build/icyphy/ptII/lib/saxon8-dom.jar:/home/travis/build/icyphy/ptII/lib/chic.jar:/home/travis/build/icyphy/ptII/lib/ptcolt.jar:/home/travis/build/icyphy/ptII/vendors/misc/itext/iText.jar:/home/travis/build/icyphy/ptII/lib/g4ltl.jar:/home/travis/build/icyphy/ptII/lib/StructuralCoder.jar:/home/travis/build/icyphy/ptII/lib/jcerti.jar:/home/travis/build/icyphy/ptII/lib/javax.mail.jar:/home/travis/build/icyphy/ptII/vendors/JMF-2.1.1e/lib/jmf.jar:/home/travis/build/icyphy/ptII/lib/jna-4.0.0-variadic.jar:/home/travis/build/icyphy/ptII/vendors/misc/joystick/Joystick.jar:/home/travis/build/icyphy/ptII/lib/ptjacl.jar:/home/travis/build/icyphy/ptII/lib/jsoup-1.8.2.jar:/home/travis/build/icyphy/ptII/lib/junit-4.8.2.jar:/home/travis/build/icyphy/ptII/lib/JUnitParams-0.4.0.jar:/home/travis/build/icyphy/ptII/ptolemy/actor/lib/excel/jxl.jar:/home/travis/build/icyphy/ptII/lib/jython.jar:/home/travis/build/icyphy/ptII/lib/kieler.jar:/home/travis/build/icyphy/ptII/vendors/opencv/share/OpenCV/java/opencv-341.jar:/home/travis/build/icyphy/ptII/lib/oscP5.jar:/home/travis/build/icyphy/ptII/lib/nrjavaserial-3.11.0.devel.jar:/home/travis/build/icyphy/ptII/vendors/j3d/lib/Linux/j3dcore.jar:/home/travis/build/icyphy/ptII/vendors/j3d/lib/Linux/j3dutils.jar:/home/travis/build/icyphy/ptII/vendors/j3d/lib/Linux/vecmath.jar:/home/travis/build/icyphy/ptII/vendors/jogl/lib/Linux/gluegen-rt-natives-linux-amd64.jar:/home/travis/build/icyphy/ptII/vendors/jogl/lib/Linux/gluegen-rt.jar:/home/travis/build/icyphy/ptII/vendors/jogl/lib/Linux/jogl-all-natives-linux-amd64.jar:/home/travis/build/icyphy/ptII/vendors/jogl/lib/Linux/jogl-all.jar:/home/travis/build/icyphy/ptII/ptolemy/distributed/jini/jar/jini-core.jar:/home/travis/build/icyphy/ptII/ptolemy/distributed/jini/jar/jini-ext.jar:/home/travis/build/icyphy/ptII/ptolemy/distributed/jini/jar/sun-util.jar:/home/travis/build/icyphy/ptII/lib/protobuf-java-2.4.1.jar:/home/travis/build/icyphy/ptII/lib/org.eclipse.paho.client.mqttv3.jar:/home/travis/build/icyphy/ptII/lib/mapss.jar:/home/travis/build/icyphy/ptII/ptolemy/actor/ptalon/antlr/antlr.jar:/home/travis/build/icyphy/ptII/lib/JRI.jar:/home/travis/build/icyphy/ptII/lib/commons-lang-2.6.jar:/home/travis/build/icyphy/ptII/lib/commons-logging-1.1.1.jar:/home/travis/build/icyphy/ptII/lib/sootclasses.jar:/home/travis/build/icyphy/ptII/ptolemy/actor/lib/database/mysql-connector-java-5.1.6-bin.jar:/home/travis/build/icyphy/ptII/vendors/misc/sphinx4/sphinx4-data-5prealpha.jar:/home/travis/build/icyphy/ptII/vendors/misc/sphinx4/sphinx4-core-5prealpha.jar:/home/travis/build/icyphy/ptII/lib/PDFRenderer.jar:/home/travis/build/icyphy/ptII/lib/svgSalamander.jar:/home/travis/build/icyphy/ptII/lib/rsyntaxtextarea-2.6.0-SNAPSHOT.jar:/home/travis/build/icyphy/ptII/lib/hazelcast-3.8.2.jar:/home/travis/build/icyphy/ptII/lib/jackson-annotations-2.9.0.jar:/home/travis/build/icyphy/ptII/lib/jackson-core-2.9.3.jar:/home/travis/build/icyphy/ptII/lib/jackson-databind-2.9.3.jar:/home/travis/build/icyphy/ptII/lib/netty-buffer-4.1.19.Final.jar:/home/travis/build/icyphy/ptII/lib/netty-codec-4.1.19.Final.jar:/home/travis/build/icyphy/ptII/lib/netty-codec-dns-4.1.19.Final.jar:/home/travis/build/icyphy/ptII/lib/netty-codec-http-4.1.19.Final.jar:/home/travis/build/icyphy/ptII/lib/netty-codec-http2-4.1.19.Final.jar:/home/travis/build/icyphy/ptII/lib/netty-common-4.1.19.Final.jar:/home/travis/build/icyphy/ptII/lib/netty-handler-4.1.19.Final.jar:/home/travis/build/icyphy/ptII/lib/netty-resolver-4.1.19.Final.jar:/home/travis/build/icyphy/ptII/lib/netty-resolver-dns-4.1.19.Final.jar:/home/travis/build/icyphy/ptII/lib/netty-transport-4.1.19.Final.jar:/home/travis/build/icyphy/ptII/lib/vertx-codegen-3.5.1.jar:/home/travis/build/icyphy/ptII/lib/vertx-core-3.5.2-SNAPSHOT.jar:/home/travis/build/icyphy/ptII/lib/vertx-hazelcast-3.5.1.jar:/home/travis/build/icyphy/ptII/lib/vertx-lang-js-3.5.1.jar:/home/travis/build/icyphy/ptII/lib/vertx-service-proxy-3.5.1.jar:/home/travis/build/icyphy/ptII/lib/vertx-web-3.5.1.jar:/home/travis/build/icyphy/ptII/lib/slf4j-api-1.7.13.jar:/home/travis/build/icyphy/ptII/lib/slf4j-simple-1.7.13.jar:/home/travis/build/icyphy/ptII/lib/webcam-capture-0.3.12.jar:/home/travis/build/icyphy/ptII/lib/bridj-0.7.0.jar:/home/travis/build/icyphy/ptII/lib/xbjlib-1.1.0.nrjavaserial.jar" />
    <property name="timeout" value="2400000" />
    <property name="test.batch" value="**/junit/*.java" />
    <property name="env._" value="/usr/bin/timeout" />
    <property name="java.io.tmpdir" value="/tmp" />
    <property name="user.language" value="en" />
    <property name="env.TRAVIS_INTERNAL_RUBY_REGEX" value="^ruby-(2\.[0-4]\.[0-9]|1\.9\.3)" />
    <property name="env.HISTCONTROL" value="ignoredups:ignorespace" />
    <property name="env.GOROOT" value="/home/travis/.gimme/versions/go1.11.1.linux.amd64" />
    <property name="line.separator" value="&#xa;" />
    <property name="target" value="11" />
    <property name="env.TRAVIS_BUILD_DIR" value="/home/travis/build/icyphy/ptII" />
    <property name="env.ANT_OPTS" value="-Xmx2048m" />
    <property name="ant.file.type" value="file" />
    <property name="ptolemy.ptII.batchMode" value="true" />
    <property name="env.HISTSIZE" value="1000" />
    <property name="env.MERB_ENV" value="test" />
    <property name="java.vm.info" value="mixed mode" />
    <property name="source" value="11" />
    <property name="java.vm.specification.name" value="Java Virtual Machine Specification" />
    <property name="env.TRAVIS_TEST_RESULT" value="0" />
    <property name="jsdoc.command" value="node_modules/@terraswarm/jsdoc/jsdoc.js" />
    <property name="npm.works" value="true" />
    <property name="cobertura.dir" value="/home/travis/build/icyphy/ptII/vendors/cobertura-2.0.3" />
    <property name="jsdoc.command.exists" value="true" />
    <property name="env.rvm_path" value="/home/travis/.rvm" />
    <property name="env.GEM_PATH" value="/home/travis/.rvm/gems/ruby-2.5.3:/home/travis/.rvm/gems/ruby-2.5.3@global" />
    <property name="env.LC_CTYPE" value="en_US.UTF-8" />
    <property name="env.TRAVIS_CMD" value="$PTII/bin/ptIITravisBuild.sh $SECONDS" />
    <property name="java.awt.printerjob" value="sun.print.PSPrinterJob" />
    <property name="env.TRAVIS_STACK_NAME" value="sardonyx" />
    <property name="env.TRAVIS_TIMER_START_TIME" value="1592491002559180305" />
    <property name="ant.version" value="Apache Ant(TM) version 1.10.1 compiled on February 2 2017" />
    <property name="ptII.reports" value="/home/travis/build/icyphy/ptII/reports" />
    <property name="env.TRAVIS_STACK_TIMESTAMP" value="2019-03-25 16:16:56 UTC" />
    <property name="ant.file.type.ptII" value="file" />
    <property name="env.RBENV_SHELL" value="bash" />
    <property name="os.name" value="Linux" />
    <property name="java.specification.vendor" value="Oracle Corporation" />
    <property name="env.rvm_version" value="1.29.7 (latest)" />
    <property name="env.TRAVIS_INFRA" value="unknown" />
    <property name="env.TERM" value="xterm" />
    <property name="java.vm.name" value="OpenJDK 64-Bit Server VM" />
    <property name="env.TRAVIS_BUILD_NUMBER" value="1666" />
    <property name="env.CI" value="true" />
    <property name="java.library.path" value="/home/travis/pthla/certi-tools/lib:/usr/lib/jni:/usr/local/share/OpenCV/java/:/usr/share/OpenCV/java::/usr/java/packages/lib:/usr/lib64:/lib64:/lib:/usr/lib" />
    <property name="jdk.module.path" value="/home/travis/build/icyphy/ptII/vendors/javafx/javafx-sdk-11.0.2/lib:" />
    <property name="env.rvm_prefix" value="/home/travis" />
    <property name="env.PATH" value="/home/travis/pthla/certi-tools/share/scripts:/home/travis/.rvm/gems/ruby-2.5.3/bin:/home/travis/.rvm/gems/ruby-2.5.3@global/bin:/home/travis/.rvm/rubies/ruby-2.5.3/bin:/home/travis/.rvm/bin:/home/travis/.nvm/versions/node/v7.10.1/bin:./node_modules/.bin:/home/travis/build/icyphy/ptII/bin:/home/travis/pthla/certi-tools/bin:/home/travis/bin:/home/travis/.local/bin:/usr/local/lib/jvm/openjdk11/bin:/opt/pyenv/shims:/home/travis/.phpenv/shims:/home/travis/perl5/perlbrew/bin:/home/travis/gopath/bin:/home/travis/.gimme/versions/go1.11.1.linux.amd64/bin:/usr/local/maven-3.6.0/bin:/usr/local/cmake-3.12.4/bin:/usr/local/clang-7.0.0/bin:/usr/local/sbin:/usr/local/bin:/usr/sbin:/usr/bin:/sbin:/bin:/snap/bin:/home/travis/.phpenv/bin:/opt/pyenv/bin:/home/travis/.yarn/bin" />
    <property name="env.TRAVIS_OS_NAME" value="linux" />
    <property name="ant.java.version" value="9" />
    <property name="basedir" value="/home/travis/build/icyphy/ptII" />
    <property name="java.class.version" value="55.0" />
    <property name="env.SHLVL" value="3" />
    <property name="env.LD_LIBRARY_PATH" value="/home/travis/pthla/certi-tools/lib:/usr/lib/jni:/usr/local/share/OpenCV/java/:/usr/share/OpenCV/java:" />
    <property name="env.RACK_ENV" value="test" />
    <property name="ant.home" value="/home/travis/build/icyphy/ptII/ant" />
    <property name="env.NVM_DIR" value="/home/travis/.nvm" />
    <property name="env.CERTI_FOM_PATH" value="/home/travis/pthla/certi-tools/share/federations" />
    <property name="env.TRAVIS_BUILD_ID" value="699717714" />
    <property name="env.PYENV_ROOT" value="/opt/pyenv" />
    <property name="env.TRAVIS_UID" value="2000" />
    <property name="prism.verbose" value="true" />
    <property name="env.NVM_BIN" value="/home/travis/.nvm/versions/node/v7.10.1/bin" />
    <property name="env.TRAVIS_COMMIT" value="52bfcaaec950ad6b43d11ffdb9cd3f924b0c1f76" />
    <property name="env._system_arch" value="x86_64" />
    <property name="node.executable" value="node" />
    <property name="sun.boot.library.path" value="/usr/local/lib/jvm/openjdk11/lib" />
    <property name="sun.management.compiler" value="HotSpot 64-Bit Tiered Compilers" />
    <property name="java.awt.graphicsenv" value="sun.awt.X11GraphicsEnvironment" />
    <property name="env.GOPATH" value="/home/travis/gopath" />
    <property name="ptolemy.ptII.dir" value="/home/travis/build/icyphy/ptII" />
    <property name="env.USER" value="travis" />
    <property name="env.HISTFILESIZE" value="2000" />
    <property name="env.NVM_INC" value="/home/travis/.nvm/versions/node/v7.10.1/include/node" />
    <property name="timeout.longest" value="19000000" />
    <property name="env.PERLBREW_SHELLRC_VERSION" value="0.86" />
    <property name="env.TRAVIS_STACK_FEATURES" value="basic couchdb disabled-ipv6 docker docker-compose elasticsearch firefox go-toolchain google-chrome jdk memcached mongodb mysql nodejs_interpreter perl_interpreter perlbrew phantomjs postgresql python_interpreter redis ruby_interpreter sqlite xserver" />
    <property name="env.TRAVIS_PULL_REQUEST" value="false" />
    <property name="env.PYENV_SHELL" value="bash" />
    <property name="ant.project.name" value="ptII" />
    <property name="env.ANSI_RESET" value="\033[0m" />
    <property name="java.vm.specification.version" value="11" />
    <property name="env.TRAVIS_DIST" value="xenial" />
    <property name="env.CERTI_VERSION" value="4.0.0" />
    <property name="env.CERTI_HOST" value="localhost" />
    <property name="awt.toolkit" value="sun.awt.X11.XToolkit" />
    <property name="env.MY_RUBY_HOME" value="/home/travis/.rvm/rubies/ruby-2.5.3" />
    <property name="sun.cpu.isalist" value="" />
    <property name="env.TRAVIS_TMPDIR" value="/tmp/tmp.wBmvuMC61N" />
    <property name="java.vm.compressedOopsMode" value="Zero based" />
    <property name="os.version" value="4.15.0-1028-gcp" />
    <property name="user.home" value="/home/travis" />
    <property name="java.vm.vendor" value="Oracle Corporation" />
    <property name="env.TRAVIS_TAG" value="nightly" />
    <property name="env.ANSI_YELLOW" value="\033[33;1m" />
    <property name="env.TRAVIS_FILTERED" value="redirect_io" />
    <property name="env.ANSI_GREEN" value="\033[32;1m" />
    <property name="env.JAVA_HOME" value="/usr/local/lib/jvm/openjdk11" />
    <property name="javadoc.excludepackagenames" value="adm.cvs2svn.*,build.*,config.*,doc.coding.templates.*,jni.test.jni.meaningOfLife.*,jni.test.jni.testDeux.*,jni.test.jni.testTrois.*,org.terraswarm.accessor.accessors.web.node_modules.*,org.terraswarm.accessor.accessors.web.hosts.cordova.demo.*,org.terraswarm.accessor.accessors.web.hosts.cordova.plugins.*,org.terraswarm.accessor.accessors-svn.*,pt-modules.*,ptolemy.apps.agilent.*,ptolemy.apps.anytimecontrol.*,ptolemy.apps.apes.*,ptolemy.apps.charon.*,ptolemy.apps.crazyboard.*,ptolemy.apps.eclipse.*,ptolemy.apps.etherealSting.*,ptolemy.apps.fullscreen.*,ptolemy.apps.giotto.*,ptolemy.apps.ia.*,ptolemy.apps.interfaces.*,ptolemy.apps.jmf.*,ptolemy.apps.kurt.*,ptolemy.apps.kvm.*,ptolemy.apps.lego.*,ptolemy.apps.lejos.*,ptolemy.apps.midp.*,ptolemy.apps.mobileCoding.*,ptolemy.apps.pendulum.*,ptolemy.apps.rijndael.*,ptolemy.apps.robot.*,ptolemy.apps.security.*,ptolemy.apps.sobel.*,ptolemy.apps.soot.*,ptolemy.apps.throttle.*,ptolemy.apps.tini.*,ptolemy.apps.transmission.*,ptolemy.apps.vergil.*,ptolemy.apps.waba.*,ptolemy.apps.websensor.*,ptolemy.apps.webstart.*,ptolemy.apps.xsl.*,ptolemy.apps.zaurus.*,ptolemy.codegen.c.actor.lib.oldJavaFiles.*,ptolemy.codegen.dsp.lib.*,ptolemy.codegen.kernel.newInterfaces.*,ptolemy.codegen.lib.*,ptolemy.copernicus.kernel.fragment.*,ptolemy.copernicus.shallow.cg.*,ptolemy.domains.giotto.demo.Hierarchy.Hierarchy.*,ptolemy.domains.giotto.demo.Multimode.Multimode.*,ptolemy.domains.giotto.demo.Simple.Simple.*,ptolemy.domains.gr.lib.experimental.*,ptolemy.domains.gro.*,ptolemy.domains.pdf.*,ptolemy.domains.ptinyos.demo.Surge.output.*,ptolemy.moml.test.NoPackageActor.java*,ptolemy.plot.adm.*,ptolemy.plot.servlet.*,reports.*,signed.*,src.*,target.*,vendors.*,ptolemy.copernicus.applet.*,ptolemy.media.viewer.*,ptolemy.actor.corba.*,doc.doclets.*,ptolemy.apps.eclipse.awt.*,ptolemy.backtrack.*,ptolemy.backtrack.ast.*,ptolemy.cg.adapter.generic.program.procedural.c.mbed*,ptolemy.homer.*,ptolemy.actor.lib.jai.*,org.ptolemy.scala.*,diva.util.java2d.svg.*,ptolemy.domains.ptinyos.*,ptolemy.actor.lib.fmi.fmipp.*,,org.terraswarm.accessor.accessors.web.node_modules.*,org.terraswarm.accessor.accessors-svn,ptolemy.apps.*,ptolemy.actor.ptalon.demo.ptinyos.SendAndReceiveCnt.output,ptolemy.actor.ptalon.demo.ptinyos.SenseToLeds.output,ptolemy.domains.ptinyos.demo.CntToLedsAndRfm.output,ptolemy.domains.ptinyos.demo.RfmToLeds.output,ptolemy.domains.ptinyos.demo.SendAndReceiveCnt.output,ptolemy.domains.ptinyos.demo.SenseToLeds.output,ptolemy.actor.lib.jjs.modules.udpSocket.*" />
    <property name="env.PTII" value="/home/travis/build/icyphy/ptII" />
    <property name="env.XDG_SESSION_ID" value="2" />
    <property name="keystore" value="ptKeystore" />
    <property name="env.TRAVIS_COMMIT_MESSAGE" value="Updating models using array data type." />
    <property name="junit.output.dir" value="/home/travis/build/icyphy/ptII/reports/junit" />
    <property name="npm.return.code" value="0" />
    <property name="user.dir" value="/home/travis/build/icyphy/ptII/ptolemy/actor/lib/test" />
    <property name="env.TRAVIS_NODE_VERSION" value="7" />
    <property name="env.TRAVIS_EVENT_TYPE" value="cron" />
    <property name="env.MAIL" value="/var/mail/travis" />
    <property name="env.PERLBREW_ROOT" value="/home/travis/perl5/perlbrew" />
    <property name="env.PWD" value="/home/travis/build/icyphy/ptII" />
    <property name="timeout.npm" value="45000" />
    <property name="env.TRAVIS_ARCH" value="amd64" />
    <property name="sun.cpu.endian" value="little" />
    <property name="env.PAGER" value="cat" />
    <property name="env.TRAVIS_BUILD_STAGE_NAME" value="test" />
    <property name="env.PERLBREW_HOME" value="/home/travis/.perlbrew" />
    <property name="java.vm.version" value="11.0.2+9" />
    <property name="env.RAILS_ENV" value="test" />
    <property name="java.class.path" value="/home/travis/.ptolemyII:/home/travis/.ptolemyII/*:/home/travis/build/icyphy/ptII:/home/travis/build/icyphy/ptII/lib/bsh-2.0b4.jar:/home/travis/build/icyphy/ptII/lib/ptCal.jar:/home/travis/build/icyphy/ptII/lib/java_cup.jar:/home/travis/build/icyphy/ptII/lib/saxon8.jar:/home/travis/build/icyphy/ptII/lib/saxon8-dom.jar:/home/travis/build/icyphy/ptII/lib/chic.jar:/home/travis/build/icyphy/ptII/lib/ptcolt.jar:/home/travis/build/icyphy/ptII/vendors/misc/itext/iText.jar:/home/travis/build/icyphy/ptII/lib/g4ltl.jar:/home/travis/build/icyphy/ptII/lib/StructuralCoder.jar:/home/travis/build/icyphy/ptII/lib/jcerti.jar:/home/travis/build/icyphy/ptII/lib/javax.mail.jar:/home/travis/build/icyphy/ptII/vendors/JMF-2.1.1e/lib/jmf.jar:/home/travis/build/icyphy/ptII/lib/jna-4.0.0-variadic.jar:/home/travis/build/icyphy/ptII/vendors/misc/joystick/Joystick.jar:/home/travis/build/icyphy/ptII/lib/ptjacl.jar:/home/travis/build/icyphy/ptII/lib/jsoup-1.8.2.jar:/home/travis/build/icyphy/ptII/lib/junit-4.8.2.jar:/home/travis/build/icyphy/ptII/lib/JUnitParams-0.4.0.jar:/home/travis/build/icyphy/ptII/ptolemy/actor/lib/excel/jxl.jar:/home/travis/build/icyphy/ptII/lib/jython.jar:/home/travis/build/icyphy/ptII/lib/kieler.jar:/home/travis/build/icyphy/ptII/vendors/opencv/share/OpenCV/java/opencv-341.jar:/home/travis/build/icyphy/ptII/lib/oscP5.jar:/home/travis/build/icyphy/ptII/lib/nrjavaserial-3.11.0.devel.jar:/home/travis/build/icyphy/ptII/vendors/j3d/lib/Linux/j3dcore.jar:/home/travis/build/icyphy/ptII/vendors/j3d/lib/Linux/j3dutils.jar:/home/travis/build/icyphy/ptII/vendors/j3d/lib/Linux/vecmath.jar:/home/travis/build/icyphy/ptII/vendors/jogl/lib/Linux/gluegen-rt-natives-linux-amd64.jar:/home/travis/build/icyphy/ptII/vendors/jogl/lib/Linux/gluegen-rt.jar:/home/travis/build/icyphy/ptII/vendors/jogl/lib/Linux/jogl-all-natives-linux-amd64.jar:/home/travis/build/icyphy/ptII/vendors/jogl/lib/Linux/jogl-all.jar:/home/travis/build/icyphy/ptII/ptolemy/distributed/jini/jar/jini-core.jar:/home/travis/build/icyphy/ptII/ptolemy/distributed/jini/jar/jini-ext.jar:/home/travis/build/icyphy/ptII/ptolemy/distributed/jini/jar/sun-util.jar:/home/travis/build/icyphy/ptII/lib/protobuf-java-2.4.1.jar:/home/travis/build/icyphy/ptII/lib/org.eclipse.paho.client.mqttv3.jar:/home/travis/build/icyphy/ptII/lib/mapss.jar:/home/travis/build/icyphy/ptII/ptolemy/actor/ptalon/antlr/antlr.jar:/home/travis/build/icyphy/ptII/lib/JRI.jar:/home/travis/build/icyphy/ptII/lib/commons-lang-2.6.jar:/home/travis/build/icyphy/ptII/lib/commons-logging-1.1.1.jar:/home/travis/build/icyphy/ptII/lib/sootclasses.jar:/home/travis/build/icyphy/ptII/ptolemy/actor/lib/database/mysql-connector-java-5.1.6-bin.jar:/home/travis/build/icyphy/ptII/vendors/misc/sphinx4/sphinx4-data-5prealpha.jar:/home/travis/build/icyphy/ptII/vendors/misc/sphinx4/sphinx4-core-5prealpha.jar:/home/travis/build/icyphy/ptII/lib/PDFRenderer.jar:/home/travis/build/icyphy/ptII/lib/svgSalamander.jar:/home/travis/build/icyphy/ptII/lib/rsyntaxtextarea-2.6.0-SNAPSHOT.jar:/home/travis/build/icyphy/ptII/lib/hazelcast-3.8.2.jar:/home/travis/build/icyphy/ptII/lib/jackson-annotations-2.9.0.jar:/home/travis/build/icyphy/ptII/lib/jackson-core-2.9.3.jar:/home/travis/build/icyphy/ptII/lib/jackson-databind-2.9.3.jar:/home/travis/build/icyphy/ptII/lib/netty-buffer-4.1.19.Final.jar:/home/travis/build/icyphy/ptII/lib/netty-codec-4.1.19.Final.jar:/home/travis/build/icyphy/ptII/lib/netty-codec-dns-4.1.19.Final.jar:/home/travis/build/icyphy/ptII/lib/netty-codec-http-4.1.19.Final.jar:/home/travis/build/icyphy/ptII/lib/netty-codec-http2-4.1.19.Final.jar:/home/travis/build/icyphy/ptII/lib/netty-common-4.1.19.Final.jar:/home/travis/build/icyphy/ptII/lib/netty-handler-4.1.19.Final.jar:/home/travis/build/icyphy/ptII/lib/netty-resolver-4.1.19.Final.jar:/home/travis/build/icyphy/ptII/lib/netty-resolver-dns-4.1.19.Final.jar:/home/travis/build/icyphy/ptII/lib/netty-transport-4.1.19.Final.jar:/home/travis/build/icyphy/ptII/lib/vertx-codegen-3.5.1.jar:/home/travis/build/icyphy/ptII/lib/vertx-core-3.5.2-SNAPSHOT.jar:/home/travis/build/icyphy/ptII/lib/vertx-hazelcast-3.5.1.jar:/home/travis/build/icyphy/ptII/lib/vertx-lang-js-3.5.1.jar:/home/travis/build/icyphy/ptII/lib/vertx-service-proxy-3.5.1.jar:/home/travis/build/icyphy/ptII/lib/vertx-web-3.5.1.jar:/home/travis/build/icyphy/ptII/lib/slf4j-api-1.7.13.jar:/home/travis/build/icyphy/ptII/lib/slf4j-simple-1.7.13.jar:/home/travis/build/icyphy/ptII/lib/webcam-capture-0.3.12.jar:/home/travis/build/icyphy/ptII/lib/bridj-0.7.0.jar:/home/travis/build/icyphy/ptII/lib/xbjlib-1.1.0.nrjavaserial.jar:/home/travis/build/icyphy/ptII/ptolemy/moml/test:/home/travis/build/icyphy/ptII/ant/lib/ant-launcher.jar:/home/travis/build/icyphy/ptII/ant/lib/ant.jar:/home/travis/build/icyphy/ptII/ant/lib/ant-junit.jar:/home/travis/build/icyphy/ptII/ant/lib/ant-junit4.jar" />
    <property name="ant.library.dir" value="/home/travis/build/icyphy/ptII/ant/lib" />
    <property name="os.arch" value="amd64" />
    <property name="env.CONTINUOUS_INTEGRATION" value="true" />
    <property name="env.TRAVIS_LANGUAGE" value="node_js" />
    <property name="env.TRAVIS_STACK_LANGUAGES" value="__sardonyx__ c c++ clojure cplusplus cpp default generic go groovy java node_js php pure_java python ruby scala" />
    <property name="test.name" value="ptolemy.actor.lib.test.junit.JUnitTclTest" />
    <property name="env.APT_KEY_DONT_WARN_ON_DANGEROUS_USAGE" value="1" />
    <property name="sun.java.launcher" value="SUN_STANDARD" />
    <property name="env.PYTHON_CONFIGURE_OPTS" value="--enable-unicode=ucs4 --with-wide-unicode --enable-shared --enable-ipv6 --enable-loadable-sqlite-extensions --with-computed-gotos" />
    <property name="ant.core.lib" value="/home/travis/build/icyphy/ptII/ant/lib/ant.jar" />
    <property name="java.vm.specification.vendor" value="Oracle Corporation" />
    <property name="env.BCVTB_HOME" value="/home/travis/build/icyphy/ptII/lbnl" />
    <property name="file.separator" value="/" />
    <property name="spotbugs.home" value="/home/travis/build/icyphy/ptII/vendors/spotbugs-3.1.1" />
    <property name="java.runtime.version" value="11.0.2+9" />
    <property name="env.ANSI_CLEAR" value="\033[0K" />
    <property name="javafx.verbose" value="true" />
    <property name="env.HAS_JOSH_K_SEAL_OF_APPROVAL" value="true" />
    <property name="env.XDG_RUNTIME_DIR" value="/run/user/2000" />
    <property name="env.TRAVIS_OSX_IMAGE" value="" />
    <property name="env.TRAVIS_JOB_ID" value="699717722" />
    <property name="env.TRAVIS_BRANCH" value="master" />
    <property name="user.country" value="US" />
    <property name="env.CERTI_HOME_TRAVIS" value="/home/travis/pthla/certi-tools" />
    <property name="env.SHELL" value="/bin/bash" />
    <property name="java.maxmemory.large" value="3200m" />
    <property name="model" value="" />
    <property name="env.CASHER_DIR" value="/home/travis/.casher" />
    <property name="env.NVM_CD_FLAGS" value="" />
    <property name="java.vendor.version" value="18.9" />
    <property name="jshint.executable" value="/home/travis/node_modules/jshint/bin/jshint" />
    <property name="env.JRUBY_OPTS" value=" --client -J-XX:+TieredCompilation -J-XX:TieredStopAtLevel=1 -J-Xss2m -Xcompile.invokedynamic=false" />
    <property name="java.vendor" value="Oracle Corporation" />
    <property name="env.TRAVIS_PRE_CHEF_BOOTSTRAP_TIME" value="2019-03-25T16:16:42" />
    <property name="env.TRAVIS_STACK_JOB_BOARD_REGISTER" value="/.job-board-register.yml" />
    <property name="env.ANSI_RED" value="\033[31;1m" />
    <property name="java.specification.version" value="11" />
    <property name="env.IRBRC" value="/home/travis/.rvm/rubies/ruby-2.5.3/.irbrc" />
    <property name="env.TRAVIS" value="true" />
    <property name="sun.arch.data.model" value="64" />
  </properties>
  <testcase classname="ptolemy.util.test.junit.TclTests" name="[0] /home/travis/build/icyphy/ptII/ptolemy/actor/lib/test/AbsoluteValue.tcl (RunTclFile)" time="0.631" />
  <testcase classname="ptolemy.util.test.junit.TclTests" name="[1] /home/travis/build/icyphy/ptII/ptolemy/actor/lib/test/AddSubtract.tcl (RunTclFile)" time="0.188" />
  <testcase classname="ptolemy.util.test.junit.TclTests" name="[2] /home/travis/build/icyphy/ptII/ptolemy/actor/lib/test/Average.tcl (RunTclFile)" time="0.028" />
  <testcase classname="ptolemy.util.test.junit.TclTests" name="[3] /home/travis/build/icyphy/ptII/ptolemy/actor/lib/test/Bernoulli.tcl (RunTclFile)" time="0.016" />
  <testcase classname="ptolemy.util.test.junit.TclTests" name="[4] /home/travis/build/icyphy/ptII/ptolemy/actor/lib/test/Clock.tcl (RunTclFile)" time="0.101" />
  <testcase classname="ptolemy.util.test.junit.TclTests" name="[5] /home/travis/build/icyphy/ptII/ptolemy/actor/lib/test/Commutator.tcl (RunTclFile)" time="0.147" />
  <testcase classname="ptolemy.util.test.junit.TclTests" name="[6] /home/travis/build/icyphy/ptII/ptolemy/actor/lib/test/Const.tcl (RunTclFile)" time="0.112" />
  <testcase classname="ptolemy.util.test.junit.TclTests" name="[7] /home/travis/build/icyphy/ptII/ptolemy/actor/lib/test/CurrentTime.tcl (RunTclFile)" time="0.037" />
  <testcase classname="ptolemy.util.test.junit.TclTests" name="[8] /home/travis/build/icyphy/ptII/ptolemy/actor/lib/test/DB.tcl (RunTclFile)" time="0.024" />
  <testcase classname="ptolemy.util.test.junit.TclTests" name="[9] /home/travis/build/icyphy/ptII/ptolemy/actor/lib/test/DiscreteRandomSource.tcl (RunTclFile)" time="0.048" />
  <testcase classname="ptolemy.util.test.junit.TclTests" name="[10] /home/travis/build/icyphy/ptII/ptolemy/actor/lib/test/Distributor.tcl (RunTclFile)" time="0.07" />
  <testcase classname="ptolemy.util.test.junit.TclTests" name="[11] /home/travis/build/icyphy/ptII/ptolemy/actor/lib/test/Exit.tcl (RunTclFile)" time="0.069" />
  <testcase classname="ptolemy.util.test.junit.TclTests" name="[12] /home/travis/build/icyphy/ptII/ptolemy/actor/lib/test/Expression.tcl (RunTclFile)" time="0.06" />
  <testcase classname="ptolemy.util.test.junit.TclTests" name="[13] /home/travis/build/icyphy/ptII/ptolemy/actor/lib/test/Gaussian.tcl (RunTclFile)" time="0.632" />
  <testcase classname="ptolemy.util.test.junit.TclTests" name="[14] /home/travis/build/icyphy/ptII/ptolemy/actor/lib/test/IIR.tcl (RunTclFile)" time="0.036" />
  <testcase classname="ptolemy.util.test.junit.TclTests" name="[15] /home/travis/build/icyphy/ptII/ptolemy/actor/lib/test/Interpolator.tcl (RunTclFile)" time="0.113" />
  <testcase classname="ptolemy.util.test.junit.TclTests" name="[16] /home/travis/build/icyphy/ptII/ptolemy/actor/lib/test/MathFunction.tcl (RunTclFile)" time="0.054" />
  <testcase classname="ptolemy.util.test.junit.TclTests" name="[17] /home/travis/build/icyphy/ptII/ptolemy/actor/lib/test/Maximum.tcl (RunTclFile)" time="0.041" />
  <testcase classname="ptolemy.util.test.junit.TclTests" name="[18] /home/travis/build/icyphy/ptII/ptolemy/actor/lib/test/Minimum.tcl (RunTclFile)" time="0.028" />
  <testcase classname="ptolemy.util.test.junit.TclTests" name="[19] /home/travis/build/icyphy/ptII/ptolemy/actor/lib/test/MultiplyDivide.tcl (RunTclFile)" time="0.041" />
  <testcase classname="ptolemy.util.test.junit.TclTests" name="[20] /home/travis/build/icyphy/ptII/ptolemy/actor/lib/test/OrderedMerge.tcl (RunTclFile)" time="0.091" />
  <testcase classname="ptolemy.util.test.junit.TclTests" name="[21] /home/travis/build/icyphy/ptII/ptolemy/actor/lib/test/Publisher.tcl (RunTclFile)" time="0.814" />
  <testcase classname="ptolemy.util.test.junit.TclTests" name="[22] /home/travis/build/icyphy/ptII/ptolemy/actor/lib/test/Pulse.tcl (RunTclFile)" time="0.084" />
  <testcase classname="ptolemy.util.test.junit.TclTests" name="[23] /home/travis/build/icyphy/ptII/ptolemy/actor/lib/test/Ramp.tcl (RunTclFile)" time="1.892" />
  <testcase classname="ptolemy.util.test.junit.TclTests" name="[24] /home/travis/build/icyphy/ptII/ptolemy/actor/lib/test/RampContinuous.tcl (RunTclFile)" time="0.018" />
  <testcase classname="ptolemy.util.test.junit.TclTests" name="[25] /home/travis/build/icyphy/ptII/ptolemy/actor/lib/test/RecordAssembler.tcl (RunTclFile)" time="0.015" />
  <testcase classname="ptolemy.util.test.junit.TclTests" name="[26] /home/travis/build/icyphy/ptII/ptolemy/actor/lib/test/RecordDisassembler.tcl (RunTclFile)" time="0.032" />
  <testcase classname="ptolemy.util.test.junit.TclTests" name="[27] /home/travis/build/icyphy/ptII/ptolemy/actor/lib/test/Scale.tcl (RunTclFile)" time="0.027" />
  <testcase classname="ptolemy.util.test.junit.TclTests" name="[28] /home/travis/build/icyphy/ptII/ptolemy/actor/lib/test/SequentialClock.tcl (RunTclFile)" time="0.012" />
  <testcase classname="ptolemy.util.test.junit.TclTests" name="[29] /home/travis/build/icyphy/ptII/ptolemy/actor/lib/test/SetVariable.tcl (RunTclFile)" time="0.008" />
  <testcase classname="ptolemy.util.test.junit.TclTests" name="[30] /home/travis/build/icyphy/ptII/ptolemy/actor/lib/test/Sinewave.tcl (RunTclFile)" time="0.025" />
  <testcase classname="ptolemy.util.test.junit.TclTests" name="[31] /home/travis/build/icyphy/ptII/ptolemy/actor/lib/test/SubscriptionAggregator.tcl (RunTclFile)" time="2.132" />
  <testcase classname="ptolemy.util.test.junit.TclTests" name="[32] /home/travis/build/icyphy/ptII/ptolemy/actor/lib/test/Test.tcl (RunTclFile)" time="0.125" />
  <testcase classname="ptolemy.util.test.junit.TclTests" name="[33] /home/travis/build/icyphy/ptII/ptolemy/actor/lib/test/TestExceptionHandler.tcl (RunTclFile)" time="0.012" />
  <testcase classname="ptolemy.util.test.junit.TclTests" name="[34] /home/travis/build/icyphy/ptII/ptolemy/actor/lib/test/UnionDisassembler.tcl (RunTclFile)" time="0.071" />
  <testcase classname="ptolemy.util.test.junit.TclTests" name="[35] /home/travis/build/icyphy/ptII/ptolemy/actor/lib/test/VariableClock.tcl (RunTclFile)" time="0.031" />
  <testcase classname="ptolemy.util.test.junit.AutoKnownFailedTests" name="[0] /home/travis/build/icyphy/ptII/ptolemy/actor/lib/test/auto/knownFailedTests/PublisherPortToplevelSubscriber.xml (RunModel)" time="0.03" />
  <testcase classname="ptolemy.util.test.junit.AutoKnownFailedTests" name="[1] /home/travis/build/icyphy/ptII/ptolemy/actor/lib/test/auto/knownFailedTests/PublisherSubscriberPortToplevel.xml (RunModel)" time="0.029" />
  <testcase classname="ptolemy.util.test.junit.AutoKnownFailedTests" name="[2] /home/travis/build/icyphy/ptII/ptolemy/actor/lib/test/auto/knownFailedTests/PublisherSubscriptionAggregatorPort.xml (RunModel)" time="0.018" />
  <testcase classname="ptolemy.util.test.junit.AutoKnownFailedTests" name="[3] /home/travis/build/icyphy/ptII/ptolemy/actor/lib/test/auto/knownFailedTests/sizedarray3.xml (RunModel)" time="0.043" />
  <testcase classname="ptolemy.util.test.junit.AutoNameArchTests" name="[0] ThereAreNoAutoArchTests (RunModel)" time="0.001" />
  <testcase classname="ptolemy.util.test.junit.AutoTests" name="[0] /home/travis/build/icyphy/ptII/ptolemy/actor/lib/test/auto/AbsoluteValue.xml (RunModel)" time="0.087" />
  <testcase classname="ptolemy.util.test.junit.AutoTests" name="[1] /home/travis/build/icyphy/ptII/ptolemy/actor/lib/test/auto/AbsoluteValue2.xml (RunModel)" time="0.051" />
  <testcase classname="ptolemy.util.test.junit.AutoTests" name="[2] /home/travis/build/icyphy/ptII/ptolemy/actor/lib/test/auto/Accumulator.xml (RunModel)" time="0.033" />
  <testcase classname="ptolemy.util.test.junit.AutoTests" name="[3] /home/travis/build/icyphy/ptII/ptolemy/actor/lib/test/auto/Accumulator2.xml (RunModel)" time="0.015" />
  <testcase classname="ptolemy.util.test.junit.AutoTests" name="[4] /home/travis/build/icyphy/ptII/ptolemy/actor/lib/test/auto/Accumulator3.xml (RunModel)" time="0.095" />
  <testcase classname="ptolemy.util.test.junit.AutoTests" name="[5] /home/travis/build/icyphy/ptII/ptolemy/actor/lib/test/auto/ArrayAppend.xml (RunModel)" time="0.034" />
  <testcase classname="ptolemy.util.test.junit.AutoTests" name="[6] /home/travis/build/icyphy/ptII/ptolemy/actor/lib/test/auto/ArrayAppend2.xml (RunModel)" time="0.328" />
  <testcase classname="ptolemy.util.test.junit.AutoTests" name="[7] /home/travis/build/icyphy/ptII/ptolemy/actor/lib/test/auto/ArrayAppend3.xml (RunModel)" time="0.018" />
  <testcase classname="ptolemy.util.test.junit.AutoTests" name="[8] /home/travis/build/icyphy/ptII/ptolemy/actor/lib/test/auto/ArrayAppend4.xml (RunModel)" time="0.042" />
  <testcase classname="ptolemy.util.test.junit.AutoTests" name="[9] /home/travis/build/icyphy/ptII/ptolemy/actor/lib/test/auto/ArrayAppend5.xml (RunModel)" time="0.021" />
  <testcase classname="ptolemy.util.test.junit.AutoTests" name="[10] /home/travis/build/icyphy/ptII/ptolemy/actor/lib/test/auto/ArrayAppend6.xml (RunModel)" time="0.02" />
  <testcase classname="ptolemy.util.test.junit.AutoTests" name="[11] /home/travis/build/icyphy/ptII/ptolemy/actor/lib/test/auto/ArrayAppendPerformanceTest.xml (RunModel)" time="0.062" />
  <testcase classname="ptolemy.util.test.junit.AutoTests" name="[12] /home/travis/build/icyphy/ptII/ptolemy/actor/lib/test/auto/ArrayAppendWithEmptyInput.xml (RunModel)" time="0.052" />
  <testcase classname="ptolemy.util.test.junit.AutoTests" name="[13] /home/travis/build/icyphy/ptII/ptolemy/actor/lib/test/auto/ArrayAverage.xml (RunModel)" time="0.046" />
  <testcase classname="ptolemy.util.test.junit.AutoTests" name="[14] /home/travis/build/icyphy/ptII/ptolemy/actor/lib/test/auto/ArrayContains.xml (RunModel)" time="0.03" />
  <testcase classname="ptolemy.util.test.junit.AutoTests" name="[15] /home/travis/build/icyphy/ptII/ptolemy/actor/lib/test/auto/ArrayElement.xml (RunModel)" time="0.028" />
  <testcase classname="ptolemy.util.test.junit.AutoTests" name="[16] /home/travis/build/icyphy/ptII/ptolemy/actor/lib/test/auto/ArrayElementAsMatrix.xml (RunModel)" time="0.096" />
  <testcase classname="ptolemy.util.test.junit.AutoTests" name="[17] /home/travis/build/icyphy/ptII/ptolemy/actor/lib/test/auto/ArrayElementI.xml (RunModel)" time="0.034" />
  <testcase classname="ptolemy.util.test.junit.AutoTests" name="[18] /home/travis/build/icyphy/ptII/ptolemy/actor/lib/test/auto/ArrayExtract.xml (RunModel)" time="0.03" />
  <testcase classname="ptolemy.util.test.junit.AutoTests" name="[19] /home/travis/build/icyphy/ptII/ptolemy/actor/lib/test/auto/ArrayExtract2.xml (RunModel)" time="0.02" />
  <testcase classname="ptolemy.util.test.junit.AutoTests" name="[20] /home/travis/build/icyphy/ptII/ptolemy/actor/lib/test/auto/ArrayLength.xml (RunModel)" time="0.025" />
  <testcase classname="ptolemy.util.test.junit.AutoTests" name="[21] /home/travis/build/icyphy/ptII/ptolemy/actor/lib/test/auto/ArrayLevelCrossing.xml (RunModel)" time="0.026" />
  <testcase classname="ptolemy.util.test.junit.AutoTests" name="[22] /home/travis/build/icyphy/ptII/ptolemy/actor/lib/test/auto/ArrayLevelCrossing2.xml (RunModel)" time="0.024" />
  <testcase classname="ptolemy.util.test.junit.AutoTests" name="[23] /home/travis/build/icyphy/ptII/ptolemy/actor/lib/test/auto/ArrayPeakSearch.xml (RunModel)" time="0.044" />
  <testcase classname="ptolemy.util.test.junit.AutoTests" name="[24] /home/travis/build/icyphy/ptII/ptolemy/actor/lib/test/auto/ArrayPeakSearch2.xml (RunModel)" time="0.038" />
  <testcase classname="ptolemy.util.test.junit.AutoTests" name="[25] /home/travis/build/icyphy/ptII/ptolemy/actor/lib/test/auto/ArrayPeakSearch3.xml (RunModel)" time="0.034" />
  <testcase classname="ptolemy.util.test.junit.AutoTests" name="[26] /home/travis/build/icyphy/ptII/ptolemy/actor/lib/test/auto/ArrayRemoveElement.xml (RunModel)" time="0.03" />
  <testcase classname="ptolemy.util.test.junit.AutoTests" name="[27] /home/travis/build/icyphy/ptII/ptolemy/actor/lib/test/auto/ArraySort.xml (RunModel)" time="0.034" />
  <testcase classname="ptolemy.util.test.junit.AutoTests" name="[28] /home/travis/build/icyphy/ptII/ptolemy/actor/lib/test/auto/ArraySum.xml (RunModel)" time="0.015" />
  <testcase classname="ptolemy.util.test.junit.AutoTests" name="[29] /home/travis/build/icyphy/ptII/ptolemy/actor/lib/test/auto/ArrayToElements.xml (RunModel)" time="0.017" />
  <testcase classname="ptolemy.util.test.junit.AutoTests" name="[30] /home/travis/build/icyphy/ptII/ptolemy/actor/lib/test/auto/ArrayToMatrix.xml (RunModel)" time="0.046" />
  <testcase classname="ptolemy.util.test.junit.AutoTests" name="[31] /home/travis/build/icyphy/ptII/ptolemy/actor/lib/test/auto/ArrayUpdate1.xml (RunModel)" time="0.011" />
  <testcase classname="ptolemy.util.test.junit.AutoTests" name="[32] /home/travis/build/icyphy/ptII/ptolemy/actor/lib/test/auto/ArrayUpdate2.xml (RunModel)" time="0.014" />
  <testcase classname="ptolemy.util.test.junit.AutoTests" name="[33] /home/travis/build/icyphy/ptII/ptolemy/actor/lib/test/auto/ArrayUpdate3.xml (RunModel)" time="0.023" />
  <testcase classname="ptolemy.util.test.junit.AutoTests" name="[34] /home/travis/build/icyphy/ptII/ptolemy/actor/lib/test/auto/Assert1.xml (RunModel)" time="0.02" />
  <testcase classname="ptolemy.util.test.junit.AutoTests" name="[35] /home/travis/build/icyphy/ptII/ptolemy/actor/lib/test/auto/Assert2.xml (RunModel)" time="0.018" />
  <testcase classname="ptolemy.util.test.junit.AutoTests" name="[36] /home/travis/build/icyphy/ptII/ptolemy/actor/lib/test/auto/BooleanMultiplexor.xml (RunModel)" time="0.025" />
  <testcase classname="ptolemy.util.test.junit.AutoTests" name="[37] /home/travis/build/icyphy/ptII/ptolemy/actor/lib/test/auto/BooleanMultiplexor2.xml (RunModel)" time="0.025" />
  <testcase classname="ptolemy.util.test.junit.AutoTests" name="[38] /home/travis/build/icyphy/ptII/ptolemy/actor/lib/test/auto/BooleanMultiplexor3.xml (RunModel)" time="0.018" />
  <testcase classname="ptolemy.util.test.junit.AutoTests" name="[39] /home/travis/build/icyphy/ptII/ptolemy/actor/lib/test/auto/BooleanSelect.xml (RunModel)" time="0.048" />
  <testcase classname="ptolemy.util.test.junit.AutoTests" name="[40] /home/travis/build/icyphy/ptII/ptolemy/actor/lib/test/auto/BooleanSelect2.xml (RunModel)" time="0.018" />
  <testcase classname="ptolemy.util.test.junit.AutoTests" name="[41] /home/travis/build/icyphy/ptII/ptolemy/actor/lib/test/auto/BooleanSwitch.xml (RunModel)" time="0.02" />
  <testcase classname="ptolemy.util.test.junit.AutoTests" name="[42] /home/travis/build/icyphy/ptII/ptolemy/actor/lib/test/auto/BooleanSwitch2.xml (RunModel)" time="0.013" />
  <testcase classname="ptolemy.util.test.junit.AutoTests" name="[43] /home/travis/build/icyphy/ptII/ptolemy/actor/lib/test/auto/BooleanSwitchCloningBugWithClassRelationGroup.xml (RunModel)" time="0.029" />
  <testcase classname="ptolemy.util.test.junit.AutoTests" name="[44] /home/travis/build/icyphy/ptII/ptolemy/actor/lib/test/auto/BusActors.xml (RunModel)" time="0.052" />
  <testcase classname="ptolemy.util.test.junit.AutoTests" name="[45] /home/travis/build/icyphy/ptII/ptolemy/actor/lib/test/auto/ClassWrapper.xml (RunModel)" time="0.022" />
  <testcase classname="ptolemy.util.test.junit.AutoTests" name="[46] /home/travis/build/icyphy/ptII/ptolemy/actor/lib/test/auto/Clock.xml (RunModel)" time="0.009" />
  <testcase classname="ptolemy.util.test.junit.AutoTests" name="[47] /home/travis/build/icyphy/ptII/ptolemy/actor/lib/test/auto/Clock10.xml (RunModel)" time="0.016" />
  <testcase classname="ptolemy.util.test.junit.AutoTests" name="[48] /home/travis/build/icyphy/ptII/ptolemy/actor/lib/test/auto/Clock11.xml (RunModel)" time="0.016" />
  <testcase classname="ptolemy.util.test.junit.AutoTests" name="[49] /home/travis/build/icyphy/ptII/ptolemy/actor/lib/test/auto/Clock12.xml (RunModel)" time="0.017" />
  <testcase classname="ptolemy.util.test.junit.AutoTests" name="[50] /home/travis/build/icyphy/ptII/ptolemy/actor/lib/test/auto/Clock13.xml (RunModel)" time="0.014" />
  <testcase classname="ptolemy.util.test.junit.AutoTests" name="[51] /home/travis/build/icyphy/ptII/ptolemy/actor/lib/test/auto/Clock14.xml (RunModel)" time="0.022" />
  <testcase classname="ptolemy.util.test.junit.AutoTests" name="[52] /home/travis/build/icyphy/ptII/ptolemy/actor/lib/test/auto/Clock15.xml (RunModel)" time="0.012" />
  <testcase classname="ptolemy.util.test.junit.AutoTests" name="[53] /home/travis/build/icyphy/ptII/ptolemy/actor/lib/test/auto/Clock16.xml (RunModel)" time="0.084" />
  <testcase classname="ptolemy.util.test.junit.AutoTests" name="[54] /home/travis/build/icyphy/ptII/ptolemy/actor/lib/test/auto/Clock17.xml (RunModel)" time="0.063" />
  <testcase classname="ptolemy.util.test.junit.AutoTests" name="[55] /home/travis/build/icyphy/ptII/ptolemy/actor/lib/test/auto/Clock18.xml (RunModel)" time="0.046" />
  <testcase classname="ptolemy.util.test.junit.AutoTests" name="[56] /home/travis/build/icyphy/ptII/ptolemy/actor/lib/test/auto/Clock19.xml (RunModel)" time="0.035" />
  <testcase classname="ptolemy.util.test.junit.AutoTests" name="[57] /home/travis/build/icyphy/ptII/ptolemy/actor/lib/test/auto/Clock2.xml (RunModel)" time="0.015" />
  <testcase classname="ptolemy.util.test.junit.AutoTests" name="[58] /home/travis/build/icyphy/ptII/ptolemy/actor/lib/test/auto/Clock20.xml (RunModel)" time="0.027" />
  <testcase classname="ptolemy.util.test.junit.AutoTests" name="[59] /home/travis/build/icyphy/ptII/ptolemy/actor/lib/test/auto/Clock21.xml (RunModel)" time="0.016" />
  <testcase classname="ptolemy.util.test.junit.AutoTests" name="[60] /home/travis/build/icyphy/ptII/ptolemy/actor/lib/test/auto/Clock22.xml (RunModel)" time="0.013" />
  <testcase classname="ptolemy.util.test.junit.AutoTests" name="[61] /home/travis/build/icyphy/ptII/ptolemy/actor/lib/test/auto/Clock23.xml (RunModel)" time="0.036" />
  <testcase classname="ptolemy.util.test.junit.AutoTests" name="[62] /home/travis/build/icyphy/ptII/ptolemy/actor/lib/test/auto/Clock24.xml (RunModel)" time="0.017" />
  <testcase classname="ptolemy.util.test.junit.AutoTests" name="[63] /home/travis/build/icyphy/ptII/ptolemy/actor/lib/test/auto/Clock4.xml (RunModel)" time="0.01" />
  <testcase classname="ptolemy.util.test.junit.AutoTests" name="[64] /home/travis/build/icyphy/ptII/ptolemy/actor/lib/test/auto/Clock5.xml (RunModel)" time="0.012" />
  <testcase classname="ptolemy.util.test.junit.AutoTests" name="[65] /home/travis/build/icyphy/ptII/ptolemy/actor/lib/test/auto/Clock6.xml (RunModel)" time="0.013" />
  <testcase classname="ptolemy.util.test.junit.AutoTests" name="[66] /home/travis/build/icyphy/ptII/ptolemy/actor/lib/test/auto/Clock7.xml (RunModel)" time="0.009" />
  <testcase classname="ptolemy.util.test.junit.AutoTests" name="[67] /home/travis/build/icyphy/ptII/ptolemy/actor/lib/test/auto/Clock8.xml (RunModel)" time="0.013" />
  <testcase classname="ptolemy.util.test.junit.AutoTests" name="[68] /home/travis/build/icyphy/ptII/ptolemy/actor/lib/test/auto/Clock9.xml (RunModel)" time="0.016" />
  <testcase classname="ptolemy.util.test.junit.AutoTests" name="[69] /home/travis/build/icyphy/ptII/ptolemy/actor/lib/test/auto/CommDistDiscard.xml (RunModel)" time="0.025" />
  <testcase classname="ptolemy.util.test.junit.AutoTests" name="[70] /home/travis/build/icyphy/ptII/ptolemy/actor/lib/test/auto/Commutator.xml (RunModel)" time="0.013" />
  <testcase classname="ptolemy.util.test.junit.AutoTests" name="[71] /home/travis/build/icyphy/ptII/ptolemy/actor/lib/test/auto/Commutator2.xml (RunModel)" time="0.011" />
  <testcase classname="ptolemy.util.test.junit.AutoTests" name="[72] /home/travis/build/icyphy/ptII/ptolemy/actor/lib/test/auto/Commutator3.xml (RunModel)" time="0.014" />
  <testcase classname="ptolemy.util.test.junit.AutoTests" name="[73] /home/travis/build/icyphy/ptII/ptolemy/actor/lib/test/auto/Compare.xml (RunModel)" time="0.021" />
  <testcase classname="ptolemy.util.test.junit.AutoTests" name="[74] /home/travis/build/icyphy/ptII/ptolemy/actor/lib/test/auto/CompareDE.xml (RunModel)" time="0.039" />
  <testcase classname="ptolemy.util.test.junit.AutoTests" name="[75] /home/travis/build/icyphy/ptII/ptolemy/actor/lib/test/auto/ComplexDivide.xml (RunModel)" time="0.016" />
  <testcase classname="ptolemy.util.test.junit.AutoTests" name="[76] /home/travis/build/icyphy/ptII/ptolemy/actor/lib/test/auto/ComputeHistogram.xml (RunModel)" time="0.077" />
  <testcase classname="ptolemy.util.test.junit.AutoTests" name="[77] /home/travis/build/icyphy/ptII/ptolemy/actor/lib/test/auto/ConfigurationSelect.xml (RunModel)" time="0.021" />
  <testcase classname="ptolemy.util.test.junit.AutoTests" name="[78] /home/travis/build/icyphy/ptII/ptolemy/actor/lib/test/auto/ConfigurationSelect2.xml (RunModel)" time="0.016" />
  <testcase classname="ptolemy.util.test.junit.AutoTests" name="[79] /home/travis/build/icyphy/ptII/ptolemy/actor/lib/test/auto/ConfigurationSwitch.xml (RunModel)" time="0.024" />
  <testcase classname="ptolemy.util.test.junit.AutoTests" name="[80] /home/travis/build/icyphy/ptII/ptolemy/actor/lib/test/auto/ConfigurationSwitch2.xml (RunModel)" time="0.03" />
  <testcase classname="ptolemy.util.test.junit.AutoTests" name="[81] /home/travis/build/icyphy/ptII/ptolemy/actor/lib/test/auto/ConfigurationSwitchCloningBugWithClassRelationGroup.xml (RunModel)" time="0.019" />
  <testcase classname="ptolemy.util.test.junit.AutoTests" name="[82] /home/travis/build/icyphy/ptII/ptolemy/actor/lib/test/auto/ConfigurationSwitchSelectSDF.xml (RunModel)" time="0.015" />
  <testcase classname="ptolemy.util.test.junit.AutoTests" name="[83] /home/travis/build/icyphy/ptII/ptolemy/actor/lib/test/auto/ConfigurationSwitchSelectSDF2.xml (RunModel)" time="0.017" />
  <testcase classname="ptolemy.util.test.junit.AutoTests" name="[84] /home/travis/build/icyphy/ptII/ptolemy/actor/lib/test/auto/Const.xml (RunModel)" time="0.007" />
  <testcase classname="ptolemy.util.test.junit.AutoTests" name="[85] /home/travis/build/icyphy/ptII/ptolemy/actor/lib/test/auto/Const2.xml (RunModel)" time="0.011" />
  <testcase classname="ptolemy.util.test.junit.AutoTests" name="[86] /home/travis/build/icyphy/ptII/ptolemy/actor/lib/test/auto/Const3.xml (RunModel)" time="0.008" />
  <testcase classname="ptolemy.util.test.junit.AutoTests" name="[87] /home/travis/build/icyphy/ptII/ptolemy/actor/lib/test/auto/ConstantPublisherPort1.xml (RunModel)" time="0.028" />
  <testcase classname="ptolemy.util.test.junit.AutoTests" name="[88] /home/travis/build/icyphy/ptII/ptolemy/actor/lib/test/auto/ConstantPublisherPort2.xml (RunModel)" time="0.024" />
  <testcase classname="ptolemy.util.test.junit.AutoTests" name="[89] /home/travis/build/icyphy/ptII/ptolemy/actor/lib/test/auto/ConstantPublisherPort3.xml (RunModel)" time="0.02" />
  <testcase classname="ptolemy.util.test.junit.AutoTests" name="[90] /home/travis/build/icyphy/ptII/ptolemy/actor/lib/test/auto/ConstantPublisherPort4.xml (RunModel)" time="0.027" />
  <testcase classname="ptolemy.util.test.junit.AutoTests" name="[91] /home/travis/build/icyphy/ptII/ptolemy/actor/lib/test/auto/ConstantPublisherPort5.xml (RunModel)" time="0.037" />
  <testcase classname="ptolemy.util.test.junit.AutoTests" name="[92] /home/travis/build/icyphy/ptII/ptolemy/actor/lib/test/auto/ConstantPublisherPort6.xml (RunModel)" time="0.028" />
  <testcase classname="ptolemy.util.test.junit.AutoTests" name="[93] /home/travis/build/icyphy/ptII/ptolemy/actor/lib/test/auto/ConstantPublisherPort7.xml (RunModel)" time="0.032" />
  <testcase classname="ptolemy.util.test.junit.AutoTests" name="[94] /home/travis/build/icyphy/ptII/ptolemy/actor/lib/test/auto/ConstraintMonitor1.xml (RunModel)" time="0.038" />
  <testcase classname="ptolemy.util.test.junit.AutoTests" name="[95] /home/travis/build/icyphy/ptII/ptolemy/actor/lib/test/auto/ConstraintMonitor2.xml (RunModel)" time="0.009" />
  <testcase classname="ptolemy.util.test.junit.AutoTests" name="[96] /home/travis/build/icyphy/ptII/ptolemy/actor/lib/test/auto/ConstraintMonitor3.xml (RunModel)" time="0.009" />
  <testcase classname="ptolemy.util.test.junit.AutoTests" name="[97] /home/travis/build/icyphy/ptII/ptolemy/actor/lib/test/auto/ConstraintMonitor4.xml (RunModel)" time="0.009" />
  <testcase classname="ptolemy.util.test.junit.AutoTests" name="[98] /home/travis/build/icyphy/ptII/ptolemy/actor/lib/test/auto/ConstraintMonitor5.xml (RunModel)" time="0.015" />
  <testcase classname="ptolemy.util.test.junit.AutoTests" name="[99] /home/travis/build/icyphy/ptII/ptolemy/actor/lib/test/auto/ConstraintMonitor6.xml (RunModel)" time="0.012" />
  <testcase classname="ptolemy.util.test.junit.AutoTests" name="[100] /home/travis/build/icyphy/ptII/ptolemy/actor/lib/test/auto/ConstraintMonitor7.xml (RunModel)" time="0.048" />
  <testcase classname="ptolemy.util.test.junit.AutoTests" name="[101] /home/travis/build/icyphy/ptII/ptolemy/actor/lib/test/auto/ConstraintMonitor8.xml (RunModel)" time="0.021" />
  <testcase classname="ptolemy.util.test.junit.AutoTests" name="[102] /home/travis/build/icyphy/ptII/ptolemy/actor/lib/test/auto/Counter.xml (RunModel)" time="0.018" />
  <testcase classname="ptolemy.util.test.junit.AutoTests" name="[103] /home/travis/build/icyphy/ptII/ptolemy/actor/lib/test/auto/CurrentTimeSDF.xml (RunModel)" time="0.026" />
  <testcase classname="ptolemy.util.test.junit.AutoTests" name="[104] /home/travis/build/icyphy/ptII/ptolemy/actor/lib/test/auto/DB.xml (RunModel)" time="0.01" />
  <testcase classname="ptolemy.util.test.junit.AutoTests" name="[105] /home/travis/build/icyphy/ptII/ptolemy/actor/lib/test/auto/DBDE.xml (RunModel)" time="0.013" />
  <testcase classname="ptolemy.util.test.junit.AutoTests" name="[106] /home/travis/build/icyphy/ptII/ptolemy/actor/lib/test/auto/DateConstructor.xml (RunModel)" time="0.066" />
  <testcase classname="ptolemy.util.test.junit.AutoTests" name="[107] /home/travis/build/icyphy/ptII/ptolemy/actor/lib/test/auto/DelayTime.xml (RunModel)" time="0.017" />
  <testcase classname="ptolemy.util.test.junit.AutoTests" name="[108] /home/travis/build/icyphy/ptII/ptolemy/actor/lib/test/auto/Dictionary1.xml (RunModel)" time="0.019" />
  <testcase classname="ptolemy.util.test.junit.AutoTests" name="[109] /home/travis/build/icyphy/ptII/ptolemy/actor/lib/test/auto/Dictionary2.xml (RunModel)" time="0.016" />
  <testcase classname="ptolemy.util.test.junit.AutoTests" name="[110] /home/travis/build/icyphy/ptII/ptolemy/actor/lib/test/auto/Dictionary3.xml (RunModel)" time="0.014" />
  <testcase classname="ptolemy.util.test.junit.AutoTests" name="[111] /home/travis/build/icyphy/ptII/ptolemy/actor/lib/test/auto/Dictionary4.xml (RunModel)" time="0.018" />
  <testcase classname="ptolemy.util.test.junit.AutoTests" name="[112] /home/travis/build/icyphy/ptII/ptolemy/actor/lib/test/auto/Differential.xml (RunModel)" time="0.011" />
  <testcase classname="ptolemy.util.test.junit.AutoTests" name="[113] /home/travis/build/icyphy/ptII/ptolemy/actor/lib/test/auto/Director.xml (RunModel)" time="0.011" />
  <testcase classname="ptolemy.util.test.junit.AutoTests" name="[114] /home/travis/build/icyphy/ptII/ptolemy/actor/lib/test/auto/DiscreteClock.xml (RunModel)" time="0.009" />
  <testcase classname="ptolemy.util.test.junit.AutoTests" name="[115] /home/travis/build/icyphy/ptII/ptolemy/actor/lib/test/auto/DiscreteClock10.xml (RunModel)" time="0.011" />
  <testcase classname="ptolemy.util.test.junit.AutoTests" name="[116] /home/travis/build/icyphy/ptII/ptolemy/actor/lib/test/auto/DiscreteClock11.xml (RunModel)" time="0.011" />
  <testcase classname="ptolemy.util.test.junit.AutoTests" name="[117] /home/travis/build/icyphy/ptII/ptolemy/actor/lib/test/auto/DiscreteClock12.xml (RunModel)" time="0.013" />
  <testcase classname="ptolemy.util.test.junit.AutoTests" name="[118] /home/travis/build/icyphy/ptII/ptolemy/actor/lib/test/auto/DiscreteClock13.xml (RunModel)" time="0.012" />
  <testcase classname="ptolemy.util.test.junit.AutoTests" name="[119] /home/travis/build/icyphy/ptII/ptolemy/actor/lib/test/auto/DiscreteClock14.xml (RunModel)" time="0.013" />
  <testcase classname="ptolemy.util.test.junit.AutoTests" name="[120] /home/travis/build/icyphy/ptII/ptolemy/actor/lib/test/auto/DiscreteClock15.xml (RunModel)" time="0.013" />
  <testcase classname="ptolemy.util.test.junit.AutoTests" name="[121] /home/travis/build/icyphy/ptII/ptolemy/actor/lib/test/auto/DiscreteClock16.xml (RunModel)" time="0.043" />
  <testcase classname="ptolemy.util.test.junit.AutoTests" name="[122] /home/travis/build/icyphy/ptII/ptolemy/actor/lib/test/auto/DiscreteClock17.xml (RunModel)" time="0.038" />
  <testcase classname="ptolemy.util.test.junit.AutoTests" name="[123] /home/travis/build/icyphy/ptII/ptolemy/actor/lib/test/auto/DiscreteClock18.xml (RunModel)" time="0.042" />
  <testcase classname="ptolemy.util.test.junit.AutoTests" name="[124] /home/travis/build/icyphy/ptII/ptolemy/actor/lib/test/auto/DiscreteClock19.xml (RunModel)" time="0.05" />
  <testcase classname="ptolemy.util.test.junit.AutoTests" name="[125] /home/travis/build/icyphy/ptII/ptolemy/actor/lib/test/auto/DiscreteClock2.xml (RunModel)" time="0.01" />
  <testcase classname="ptolemy.util.test.junit.AutoTests" name="[126] /home/travis/build/icyphy/ptII/ptolemy/actor/lib/test/auto/DiscreteClock20.xml (RunModel)" time="0.018" />
  <testcase classname="ptolemy.util.test.junit.AutoTests" name="[127] /home/travis/build/icyphy/ptII/ptolemy/actor/lib/test/auto/DiscreteClock21.xml (RunModel)" time="0.016" />
  <testcase classname="ptolemy.util.test.junit.AutoTests" name="[128] /home/travis/build/icyphy/ptII/ptolemy/actor/lib/test/auto/DiscreteClock22.xml (RunModel)" time="0.018" />
  <testcase classname="ptolemy.util.test.junit.AutoTests" name="[129] /home/travis/build/icyphy/ptII/ptolemy/actor/lib/test/auto/DiscreteClock23.xml (RunModel)" time="0.012" />
  <testcase classname="ptolemy.util.test.junit.AutoTests" name="[130] /home/travis/build/icyphy/ptII/ptolemy/actor/lib/test/auto/DiscreteClock24.xml (RunModel)" time="0.011" />
  <testcase classname="ptolemy.util.test.junit.AutoTests" name="[131] /home/travis/build/icyphy/ptII/ptolemy/actor/lib/test/auto/DiscreteClock4.xml (RunModel)" time="0.011" />
  <testcase classname="ptolemy.util.test.junit.AutoTests" name="[132] /home/travis/build/icyphy/ptII/ptolemy/actor/lib/test/auto/DiscreteClock5.xml (RunModel)" time="0.009" />
  <testcase classname="ptolemy.util.test.junit.AutoTests" name="[133] /home/travis/build/icyphy/ptII/ptolemy/actor/lib/test/auto/DiscreteClock6.xml (RunModel)" time="0.007" />
  <testcase classname="ptolemy.util.test.junit.AutoTests" name="[134] /home/travis/build/icyphy/ptII/ptolemy/actor/lib/test/auto/DiscreteClock7.xml (RunModel)" time="0.008" />
  <testcase classname="ptolemy.util.test.junit.AutoTests" name="[135] /home/travis/build/icyphy/ptII/ptolemy/actor/lib/test/auto/DiscreteClock8.xml (RunModel)" time="0.009" />
  <testcase classname="ptolemy.util.test.junit.AutoTests" name="[136] /home/travis/build/icyphy/ptII/ptolemy/actor/lib/test/auto/DiscreteClock9.xml (RunModel)" time="0.012" />
  <testcase classname="ptolemy.util.test.junit.AutoTests" name="[137] /home/travis/build/icyphy/ptII/ptolemy/actor/lib/test/auto/DisplayArray.xml (RunModel)" time="0.013" />
  <testcase classname="ptolemy.util.test.junit.AutoTests" name="[138] /home/travis/build/icyphy/ptII/ptolemy/actor/lib/test/auto/Distributor.xml (RunModel)" time="0.008" />
  <testcase classname="ptolemy.util.test.junit.AutoTests" name="[139] /home/travis/build/icyphy/ptII/ptolemy/actor/lib/test/auto/Distributor2.xml (RunModel)" time="0.009" />
  <testcase classname="ptolemy.util.test.junit.AutoTests" name="[140] /home/travis/build/icyphy/ptII/ptolemy/actor/lib/test/auto/DownSample.xml (RunModel)" time="0.019" />
  <testcase classname="ptolemy.util.test.junit.AutoTests" name="[141] /home/travis/build/icyphy/ptII/ptolemy/actor/lib/test/auto/ElectronicUnitBase1.xml (RunModel)" time="0.084" />
  <testcase classname="ptolemy.util.test.junit.AutoTests" name="[142] /home/travis/build/icyphy/ptII/ptolemy/actor/lib/test/auto/ElementsToArray.xml (RunModel)" time="0.015" />
  <testcase classname="ptolemy.util.test.junit.AutoTests" name="[143] /home/travis/build/icyphy/ptII/ptolemy/actor/lib/test/auto/Equals.xml (RunModel)" time="0.017" />
  <testcase classname="ptolemy.util.test.junit.AutoTests" name="[144] /home/travis/build/icyphy/ptII/ptolemy/actor/lib/test/auto/Exec.xml (RunModel)" time="0.025" />
  <testcase classname="ptolemy.util.test.junit.AutoTests" name="[145] /home/travis/build/icyphy/ptII/ptolemy/actor/lib/test/auto/ExecEnvironment.xml (RunModel)" time="0.044" />
  <testcase classname="ptolemy.util.test.junit.AutoTests" name="[146] /home/travis/build/icyphy/ptII/ptolemy/actor/lib/test/auto/ExecNonZeroReturnOutput.xml (RunModel)" time="0.151" />
  <testcase classname="ptolemy.util.test.junit.AutoTests" name="[147] /home/travis/build/icyphy/ptII/ptolemy/actor/lib/test/auto/ExecRunDemos.xml (RunModel)" time="10.17" />
  <testcase classname="ptolemy.util.test.junit.AutoTests" name="[148] /home/travis/build/icyphy/ptII/ptolemy/actor/lib/test/auto/ExecStop.xml (RunModel)" time="5.043" />
  <testcase classname="ptolemy.util.test.junit.AutoTests" name="[149] /home/travis/build/icyphy/ptII/ptolemy/actor/lib/test/auto/ExecutionTimeSDF.xml (RunModel)" time="6.059" />
  <testcase classname="ptolemy.util.test.junit.AutoTests" name="[150] /home/travis/build/icyphy/ptII/ptolemy/actor/lib/test/auto/Expression1.xml (RunModel)" time="0.014" />
  <testcase classname="ptolemy.util.test.junit.AutoTests" name="[151] /home/travis/build/icyphy/ptII/ptolemy/actor/lib/test/auto/Expression10.xml (RunModel)" time="0.028" />
  <testcase classname="ptolemy.util.test.junit.AutoTests" name="[152] /home/travis/build/icyphy/ptII/ptolemy/actor/lib/test/auto/Expression11.xml (RunModel)" time="0.009" />
  <testcase classname="ptolemy.util.test.junit.AutoTests" name="[153] /home/travis/build/icyphy/ptII/ptolemy/actor/lib/test/auto/Expression12.xml (RunModel)" time="0.01" />
  <testcase classname="ptolemy.util.test.junit.AutoTests" name="[154] /home/travis/build/icyphy/ptII/ptolemy/actor/lib/test/auto/Expression13.xml (RunModel)" time="0.01" />
  <testcase classname="ptolemy.util.test.junit.AutoTests" name="[155] /home/travis/build/icyphy/ptII/ptolemy/actor/lib/test/auto/Expression14.xml (RunModel)" time="0.017" />
  <testcase classname="ptolemy.util.test.junit.AutoTests" name="[156] /home/travis/build/icyphy/ptII/ptolemy/actor/lib/test/auto/Expression15.xml (RunModel)" time="0.007" />
  <testcase classname="ptolemy.util.test.junit.AutoTests" name="[157] /home/travis/build/icyphy/ptII/ptolemy/actor/lib/test/auto/Expression16.xml (RunModel)" time="0.012" />
  <testcase classname="ptolemy.util.test.junit.AutoTests" name="[158] /home/travis/build/icyphy/ptII/ptolemy/actor/lib/test/auto/Expression17.xml (RunModel)" time="0.009" />
  <testcase classname="ptolemy.util.test.junit.AutoTests" name="[159] /home/travis/build/icyphy/ptII/ptolemy/actor/lib/test/auto/Expression18.xml (RunModel)" time="0.039" />
  <testcase classname="ptolemy.util.test.junit.AutoTests" name="[160] /home/travis/build/icyphy/ptII/ptolemy/actor/lib/test/auto/Expression2.xml (RunModel)" time="0.013" />
  <testcase classname="ptolemy.util.test.junit.AutoTests" name="[161] /home/travis/build/icyphy/ptII/ptolemy/actor/lib/test/auto/Expression3.xml (RunModel)" time="0.014" />
  <testcase classname="ptolemy.util.test.junit.AutoTests" name="[162] /home/travis/build/icyphy/ptII/ptolemy/actor/lib/test/auto/Expression4.xml (RunModel)" time="0.02" />
  <testcase classname="ptolemy.util.test.junit.AutoTests" name="[163] /home/travis/build/icyphy/ptII/ptolemy/actor/lib/test/auto/Expression5.xml (RunModel)" time="0.012" />
  <testcase classname="ptolemy.util.test.junit.AutoTests" name="[164] /home/travis/build/icyphy/ptII/ptolemy/actor/lib/test/auto/Expression6.xml (RunModel)" time="0.009" />
  <testcase classname="ptolemy.util.test.junit.AutoTests" name="[165] /home/travis/build/icyphy/ptII/ptolemy/actor/lib/test/auto/Expression7.xml (RunModel)" time="0.011" />
  <testcase classname="ptolemy.util.test.junit.AutoTests" name="[166] /home/travis/build/icyphy/ptII/ptolemy/actor/lib/test/auto/Expression8.xml (RunModel)" time="0.015" />
  <testcase classname="ptolemy.util.test.junit.AutoTests" name="[167] /home/travis/build/icyphy/ptII/ptolemy/actor/lib/test/auto/Expression9.xml (RunModel)" time="0.008" />
  <testcase classname="ptolemy.util.test.junit.AutoTests" name="[168] /home/travis/build/icyphy/ptII/ptolemy/actor/lib/test/auto/ExpressionConcatenateArrayType.xml (RunModel)" time="0.04" />
  <testcase classname="ptolemy.util.test.junit.AutoTests" name="[169] /home/travis/build/icyphy/ptII/ptolemy/actor/lib/test/auto/ExpressionConcatenateArrayType2.xml (RunModel)" time="0.021" />
  <testcase classname="ptolemy.util.test.junit.AutoTests" name="[170] /home/travis/build/icyphy/ptII/ptolemy/actor/lib/test/auto/ExpressionFix.xml (RunModel)" time="0.046" />
  <testcase classname="ptolemy.util.test.junit.AutoTests" name="[171] /home/travis/build/icyphy/ptII/ptolemy/actor/lib/test/auto/ExpressionFix2.xml (RunModel)" time="0.013" />
  <testcase classname="ptolemy.util.test.junit.AutoTests" name="[172] /home/travis/build/icyphy/ptII/ptolemy/actor/lib/test/auto/ExpressionFix3.xml (RunModel)" time="0.012" />
  <testcase classname="ptolemy.util.test.junit.AutoTests" name="[173] /home/travis/build/icyphy/ptII/ptolemy/actor/lib/test/auto/FileWriter1.xml (RunModel)" time="0.009" />
  <testcase classname="ptolemy.util.test.junit.AutoTests" name="[174] /home/travis/build/icyphy/ptII/ptolemy/actor/lib/test/auto/FileWriter2.xml (RunModel)" time="0.014" />
  <testcase classname="ptolemy.util.test.junit.AutoTests" name="[175] /home/travis/build/icyphy/ptII/ptolemy/actor/lib/test/auto/FileWriter3.xml (RunModel)" time="0.013" />
  <testcase classname="ptolemy.util.test.junit.AutoTests" name="[176] /home/travis/build/icyphy/ptII/ptolemy/actor/lib/test/auto/Gaussian.xml (RunModel)" time="0.01" />
  <testcase classname="ptolemy.util.test.junit.AutoTests" name="[177] /home/travis/build/icyphy/ptII/ptolemy/actor/lib/test/auto/Gaussian1.xml (RunModel)" time="0.014" />
  <testcase classname="ptolemy.util.test.junit.AutoTests" name="[178] /home/travis/build/icyphy/ptII/ptolemy/actor/lib/test/auto/Gaussian2.xml (RunModel)" time="0.027" />
  <testcase classname="ptolemy.util.test.junit.AutoTests" name="[179] /home/travis/build/icyphy/ptII/ptolemy/actor/lib/test/auto/GradientAdaptiveLattice.xml (RunModel)" time="0.017" />
  <testcase classname="ptolemy.util.test.junit.AutoTests" name="[180] /home/travis/build/icyphy/ptII/ptolemy/actor/lib/test/auto/IIR.xml (RunModel)" time="0.012" />
  <testcase classname="ptolemy.util.test.junit.AutoTests" name="[181] /home/travis/build/icyphy/ptII/ptolemy/actor/lib/test/auto/InputOutputTransparentPorts.xml (RunModel)" time="0.019" />
  <testcase classname="ptolemy.util.test.junit.AutoTests" name="[182] /home/travis/build/icyphy/ptII/ptolemy/actor/lib/test/auto/Interpolator.xml (RunModel)" time="0.013" />
  <testcase classname="ptolemy.util.test.junit.AutoTests" name="[183] /home/travis/build/icyphy/ptII/ptolemy/actor/lib/test/auto/InterpolatorFiringLimitDE.xml (RunModel)" time="0.015" />
  <testcase classname="ptolemy.util.test.junit.AutoTests" name="[184] /home/travis/build/icyphy/ptII/ptolemy/actor/lib/test/auto/Lattice.xml (RunModel)" time="0.009" />
  <testcase classname="ptolemy.util.test.junit.AutoTests" name="[185] /home/travis/build/icyphy/ptII/ptolemy/actor/lib/test/auto/LazyAOCTestLazy.xml (RunModel)" time="0.036" />
  <testcase classname="ptolemy.util.test.junit.AutoTests" name="[186] /home/travis/build/icyphy/ptII/ptolemy/actor/lib/test/auto/LazyAOCTestNonLazy.xml (RunModel)" time="0.047" />
  <testcase classname="ptolemy.util.test.junit.AutoTests" name="[187] /home/travis/build/icyphy/ptII/ptolemy/actor/lib/test/auto/LazyInnerClass.xml (RunModel)" time="0.047" />
  <testcase classname="ptolemy.util.test.junit.AutoTests" name="[188] /home/travis/build/icyphy/ptII/ptolemy/actor/lib/test/auto/LazyPubSub.xml (RunModel)" time="0.038" />
  <testcase classname="ptolemy.util.test.junit.AutoTests" name="[189] /home/travis/build/icyphy/ptII/ptolemy/actor/lib/test/auto/LazyPubSub2.xml (RunModel)" time="0.04" />
  <testcase classname="ptolemy.util.test.junit.AutoTests" name="[190] /home/travis/build/icyphy/ptII/ptolemy/actor/lib/test/auto/LazyPubSub3.xml (RunModel)" time="0.032" />
  <testcase classname="ptolemy.util.test.junit.AutoTests" name="[191] /home/travis/build/icyphy/ptII/ptolemy/actor/lib/test/auto/LazySubClassModel.xml (RunModel)" time="0.024" />
  <testcase classname="ptolemy.util.test.junit.AutoTests" name="[192] /home/travis/build/icyphy/ptII/ptolemy/actor/lib/test/auto/LevelCrossTest1.xml (RunModel)" time="0.01" />
  <testcase classname="ptolemy.util.test.junit.AutoTests" name="[193] /home/travis/build/icyphy/ptII/ptolemy/actor/lib/test/auto/LevelCrossTest10.xml (RunModel)" time="0.015" />
  <testcase classname="ptolemy.util.test.junit.AutoTests" name="[194] /home/travis/build/icyphy/ptII/ptolemy/actor/lib/test/auto/LevelCrossTest11.xml (RunModel)" time="0.015" />
  <testcase classname="ptolemy.util.test.junit.AutoTests" name="[195] /home/travis/build/icyphy/ptII/ptolemy/actor/lib/test/auto/LevelCrossTest12.xml (RunModel)" time="0.018" />
  <testcase classname="ptolemy.util.test.junit.AutoTests" name="[196] /home/travis/build/icyphy/ptII/ptolemy/actor/lib/test/auto/LevelCrossTest13.xml (RunModel)" time="0.017" />
  <testcase classname="ptolemy.util.test.junit.AutoTests" name="[197] /home/travis/build/icyphy/ptII/ptolemy/actor/lib/test/auto/LevelCrossTest2.xml (RunModel)" time="0.009" />
  <testcase classname="ptolemy.util.test.junit.AutoTests" name="[198] /home/travis/build/icyphy/ptII/ptolemy/actor/lib/test/auto/LevelCrossTest3.xml (RunModel)" time="0.013" />
  <testcase classname="ptolemy.util.test.junit.AutoTests" name="[199] /home/travis/build/icyphy/ptII/ptolemy/actor/lib/test/auto/LevelCrossTest4.xml (RunModel)" time="0.011" />
  <testcase classname="ptolemy.util.test.junit.AutoTests" name="[200] /home/travis/build/icyphy/ptII/ptolemy/actor/lib/test/auto/LevelCrossTest5.xml (RunModel)" time="0.011" />
  <testcase classname="ptolemy.util.test.junit.AutoTests" name="[201] /home/travis/build/icyphy/ptII/ptolemy/actor/lib/test/auto/LevelCrossTest6.xml (RunModel)" time="0.017" />
  <testcase classname="ptolemy.util.test.junit.AutoTests" name="[202] /home/travis/build/icyphy/ptII/ptolemy/actor/lib/test/auto/LevelCrossTest7.xml (RunModel)" time="0.022" />
  <testcase classname="ptolemy.util.test.junit.AutoTests" name="[203] /home/travis/build/icyphy/ptII/ptolemy/actor/lib/test/auto/LevelCrossTest8.xml (RunModel)" time="0.049" />
  <testcase classname="ptolemy.util.test.junit.AutoTests" name="[204] /home/travis/build/icyphy/ptII/ptolemy/actor/lib/test/auto/LevelCrossTest9.xml (RunModel)" time="0.023" />
  <testcase classname="ptolemy.util.test.junit.AutoTests" name="[205] /home/travis/build/icyphy/ptII/ptolemy/actor/lib/test/auto/LevinsonDurbin.xml (RunModel)" time="0.014" />
  <testcase classname="ptolemy.util.test.junit.AutoTests" name="[206] /home/travis/build/icyphy/ptII/ptolemy/actor/lib/test/auto/LevinsonDurbin2.xml (RunModel)" time="0.009" />
  <testcase classname="ptolemy.util.test.junit.AutoTests" name="[207] /home/travis/build/icyphy/ptII/ptolemy/actor/lib/test/auto/LevinsonDurbin3.xml (RunModel)" time="0.009" />
  <testcase classname="ptolemy.util.test.junit.AutoTests" name="[208] /home/travis/build/icyphy/ptII/ptolemy/actor/lib/test/auto/Limiter.xml (RunModel)" time="0.035" />
  <testcase classname="ptolemy.util.test.junit.AutoTests" name="[209] /home/travis/build/icyphy/ptII/ptolemy/actor/lib/test/auto/LinearDifferenceEquationSystem.xml (RunModel)" time="0.02" />
  <testcase classname="ptolemy.util.test.junit.AutoTests" name="[210] /home/travis/build/icyphy/ptII/ptolemy/actor/lib/test/auto/LookupTable.xml (RunModel)" time="0.01" />
  <testcase classname="ptolemy.util.test.junit.AutoTests" name="[211] /home/travis/build/icyphy/ptII/ptolemy/actor/lib/test/auto/MathFunction.xml (RunModel)" time="0.019" />
  <testcase classname="ptolemy.util.test.junit.AutoTests" name="[212] /home/travis/build/icyphy/ptII/ptolemy/actor/lib/test/auto/MathFunction2.xml (RunModel)" time="0.012" />
  <testcase classname="ptolemy.util.test.junit.AutoTests" name="[213] /home/travis/build/icyphy/ptII/ptolemy/actor/lib/test/auto/MathFunction3.xml (RunModel)" time="0.019" />
  <testcase classname="ptolemy.util.test.junit.AutoTests" name="[214] /home/travis/build/icyphy/ptII/ptolemy/actor/lib/test/auto/MatrixCropBoolean.xml (RunModel)" time="0.013" />
  <testcase classname="ptolemy.util.test.junit.AutoTests" name="[215] /home/travis/build/icyphy/ptII/ptolemy/actor/lib/test/auto/MatrixCropComplex.xml (RunModel)" time="0.011" />
  <testcase classname="ptolemy.util.test.junit.AutoTests" name="[216] /home/travis/build/icyphy/ptII/ptolemy/actor/lib/test/auto/MatrixCropDouble.xml (RunModel)" time="0.01" />
  <testcase classname="ptolemy.util.test.junit.AutoTests" name="[217] /home/travis/build/icyphy/ptII/ptolemy/actor/lib/test/auto/MatrixCropFix.xml (RunModel)" time="0.014" />
  <testcase classname="ptolemy.util.test.junit.AutoTests" name="[218] /home/travis/build/icyphy/ptII/ptolemy/actor/lib/test/auto/MatrixCropInt.xml (RunModel)" time="0.01" />
  <testcase classname="ptolemy.util.test.junit.AutoTests" name="[219] /home/travis/build/icyphy/ptII/ptolemy/actor/lib/test/auto/MatrixCropLong.xml (RunModel)" time="0.008" />
  <testcase classname="ptolemy.util.test.junit.AutoTests" name="[220] /home/travis/build/icyphy/ptII/ptolemy/actor/lib/test/auto/MatrixToArray.xml (RunModel)" time="0.046" />
  <testcase classname="ptolemy.util.test.junit.AutoTests" name="[221] /home/travis/build/icyphy/ptII/ptolemy/actor/lib/test/auto/MaxIndex.xml (RunModel)" time="0.023" />
  <testcase classname="ptolemy.util.test.junit.AutoTests" name="[222] /home/travis/build/icyphy/ptII/ptolemy/actor/lib/test/auto/Maximum.xml (RunModel)" time="0.013" />
  <testcase classname="ptolemy.util.test.junit.AutoTests" name="[223] /home/travis/build/icyphy/ptII/ptolemy/actor/lib/test/auto/MaximumComplex.xml (RunModel)" time="0.016" />
  <testcase classname="ptolemy.util.test.junit.AutoTests" name="[224] /home/travis/build/icyphy/ptII/ptolemy/actor/lib/test/auto/MethodCallTest.xml (RunModel)" time="0.022" />
  <testcase classname="ptolemy.util.test.junit.AutoTests" name="[225] /home/travis/build/icyphy/ptII/ptolemy/actor/lib/test/auto/Minimum.xml (RunModel)" time="0.015" />
  <testcase classname="ptolemy.util.test.junit.AutoTests" name="[226] /home/travis/build/icyphy/ptII/ptolemy/actor/lib/test/auto/MinimumComplex.xml (RunModel)" time="0.027" />
  <testcase classname="ptolemy.util.test.junit.AutoTests" name="[227] /home/travis/build/icyphy/ptII/ptolemy/actor/lib/test/auto/MinimumMultiports.xml (RunModel)" time="0.017" />
  <testcase classname="ptolemy.util.test.junit.AutoTests" name="[228] /home/travis/build/icyphy/ptII/ptolemy/actor/lib/test/auto/ModifyDate.xml (RunModel)" time="0.04" />
  <testcase classname="ptolemy.util.test.junit.AutoTests" name="[229] /home/travis/build/icyphy/ptII/ptolemy/actor/lib/test/auto/ModifyDate2.xml (RunModel)" time="0.034" />
  <testcase classname="ptolemy.util.test.junit.AutoTests" name="[230] /home/travis/build/icyphy/ptII/ptolemy/actor/lib/test/auto/MovingAverage.xml (RunModel)" time="0.011" />
  <testcase classname="ptolemy.util.test.junit.AutoTests" name="[231] /home/travis/build/icyphy/ptII/ptolemy/actor/lib/test/auto/MovingMaximum.xml (RunModel)" time="0.011" />
  <testcase classname="ptolemy.util.test.junit.AutoTests" name="[232] /home/travis/build/icyphy/ptII/ptolemy/actor/lib/test/auto/MultipleLinksToSameRelation.xml (RunModel)" time="0.008" />
  <testcase classname="ptolemy.util.test.junit.AutoTests" name="[233] /home/travis/build/icyphy/ptII/ptolemy/actor/lib/test/auto/MultipleLinksToSameRelationDE.xml (RunModel)" time="0.008" />
  <testcase classname="ptolemy.util.test.junit.AutoTests" name="[234] /home/travis/build/icyphy/ptII/ptolemy/actor/lib/test/auto/Multiplexor.xml (RunModel)" time="0.012" />
  <testcase classname="ptolemy.util.test.junit.AutoTests" name="[235] /home/travis/build/icyphy/ptII/ptolemy/actor/lib/test/auto/Multiplexor1.xml (RunModel)" time="0.013" />
  <testcase classname="ptolemy.util.test.junit.AutoTests" name="[236] /home/travis/build/icyphy/ptII/ptolemy/actor/lib/test/auto/Multiplexor2.xml (RunModel)" time="0.013" />
  <testcase classname="ptolemy.util.test.junit.AutoTests" name="[237] /home/travis/build/icyphy/ptII/ptolemy/actor/lib/test/auto/Multiplexor3.xml (RunModel)" time="0.008" />
  <testcase classname="ptolemy.util.test.junit.AutoTests" name="[238] /home/travis/build/icyphy/ptII/ptolemy/actor/lib/test/auto/MultiplexorDE.xml (RunModel)" time="0.017" />
  <testcase classname="ptolemy.util.test.junit.AutoTests" name="[239] /home/travis/build/icyphy/ptII/ptolemy/actor/lib/test/auto/MultiportBroadcastTest.xml (RunModel)" time="0.095" />
  <testcase classname="ptolemy.util.test.junit.AutoTests" name="[240] /home/travis/build/icyphy/ptII/ptolemy/actor/lib/test/auto/MultiportOutHangDuringGetWidth.xml (RunModel)" time="0.035" />
  <testcase classname="ptolemy.util.test.junit.AutoTests" name="[241] /home/travis/build/icyphy/ptII/ptolemy/actor/lib/test/auto/NilToken.xml (RunModel)" time="0.007" />
  <testcase classname="ptolemy.util.test.junit.AutoTests" name="[242] /home/travis/build/icyphy/ptII/ptolemy/actor/lib/test/auto/NilTokenNonStrictTest.xml (RunModel)" time="0.009" />
  <testcase classname="ptolemy.util.test.junit.AutoTests" name="[243] /home/travis/build/icyphy/ptII/ptolemy/actor/lib/test/auto/NilTokenRecord.xml (RunModel)" time="0.019" />
  <testcase classname="ptolemy.util.test.junit.AutoTests" name="[244] /home/travis/build/icyphy/ptII/ptolemy/actor/lib/test/auto/NilTokenTypeTest.xml (RunModel)" time="0.064" />
  <testcase classname="ptolemy.util.test.junit.AutoTests" name="[245] /home/travis/build/icyphy/ptII/ptolemy/actor/lib/test/auto/ObjectToken1.xml (RunModel)" time="0.007" />
  <testcase classname="ptolemy.util.test.junit.AutoTests" name="[246] /home/travis/build/icyphy/ptII/ptolemy/actor/lib/test/auto/OrderedMerge.xml (RunModel)" time="0.025" />
  <testcase classname="ptolemy.util.test.junit.AutoTests" name="[247] /home/travis/build/icyphy/ptII/ptolemy/actor/lib/test/auto/OrderedRecordDisassembler.xml (RunModel)" time="0.017" />
  <testcase classname="ptolemy.util.test.junit.AutoTests" name="[248] /home/travis/build/icyphy/ptII/ptolemy/actor/lib/test/auto/OrderedRecordDisassembler2.xml (RunModel)" time="0.018" />
  <testcase classname="ptolemy.util.test.junit.AutoTests" name="[249] /home/travis/build/icyphy/ptII/ptolemy/actor/lib/test/auto/OrderedRecordUpdater.xml (RunModel)" time="0.011" />
  <testcase classname="ptolemy.util.test.junit.AutoTests" name="[250] /home/travis/build/icyphy/ptII/ptolemy/actor/lib/test/auto/OrderedRecordUpdater2.xml (RunModel)" time="0.018" />
  <testcase classname="ptolemy.util.test.junit.AutoTests" name="[251] /home/travis/build/icyphy/ptII/ptolemy/actor/lib/test/auto/PhaseUnwrap.xml (RunModel)" time="0.013" />
  <testcase classname="ptolemy.util.test.junit.AutoTests" name="[252] /home/travis/build/icyphy/ptII/ptolemy/actor/lib/test/auto/PoissonClock.xml (RunModel)" time="0.011" />
  <testcase classname="ptolemy.util.test.junit.AutoTests" name="[253] /home/travis/build/icyphy/ptII/ptolemy/actor/lib/test/auto/PoissonClock2.xml (RunModel)" time="0.007" />
  <testcase classname="ptolemy.util.test.junit.AutoTests" name="[254] /home/travis/build/icyphy/ptII/ptolemy/actor/lib/test/auto/PoissonClock3.xml (RunModel)" time="0.023" />
  <testcase classname="ptolemy.util.test.junit.AutoTests" name="[255] /home/travis/build/icyphy/ptII/ptolemy/actor/lib/test/auto/PubSubWithInitialTokens.xml (RunModel)" time="0.015" />
  <testcase classname="ptolemy.util.test.junit.AutoTests" name="[256] /home/travis/build/icyphy/ptII/ptolemy/actor/lib/test/auto/PubSubWithInitialTokens2.xml (RunModel)" time="0.022" />
  <testcase classname="ptolemy.util.test.junit.AutoTests" name="[257] /home/travis/build/icyphy/ptII/ptolemy/actor/lib/test/auto/PublisherClassNoParameter.xml (RunModel)" time="0.027" />
  <testcase classname="ptolemy.util.test.junit.AutoTests" name="[258] /home/travis/build/icyphy/ptII/ptolemy/actor/lib/test/auto/PublisherClassParameter.xml (RunModel)" time="0.019" />
  <testcase classname="ptolemy.util.test.junit.AutoTests" name="[259] /home/travis/build/icyphy/ptII/ptolemy/actor/lib/test/auto/PublisherNonStrictTest.xml (RunModel)" time="0.014" />
  <testcase classname="ptolemy.util.test.junit.AutoTests" name="[260] /home/travis/build/icyphy/ptII/ptolemy/actor/lib/test/auto/PublisherPort1.xml (RunModel)" time="0.021" />
  <testcase classname="ptolemy.util.test.junit.AutoTests" name="[261] /home/travis/build/icyphy/ptII/ptolemy/actor/lib/test/auto/PublisherPort2.xml (RunModel)" time="0.009" />
  <testcase classname="ptolemy.util.test.junit.AutoTests" name="[262] /home/travis/build/icyphy/ptII/ptolemy/actor/lib/test/auto/PublisherPort3.xml (RunModel)" time="0.01" />
  <testcase classname="ptolemy.util.test.junit.AutoTests" name="[263] /home/travis/build/icyphy/ptII/ptolemy/actor/lib/test/auto/PublisherPort4.xml (RunModel)" time="0.011" />
  <testcase classname="ptolemy.util.test.junit.AutoTests" name="[264] /home/travis/build/icyphy/ptII/ptolemy/actor/lib/test/auto/PublisherPort5.xml (RunModel)" time="0.012" />
  <testcase classname="ptolemy.util.test.junit.AutoTests" name="[265] /home/travis/build/icyphy/ptII/ptolemy/actor/lib/test/auto/PublisherPort5LookAlike.xml (RunModel)" time="0.016" />
  <testcase classname="ptolemy.util.test.junit.AutoTests" name="[266] /home/travis/build/icyphy/ptII/ptolemy/actor/lib/test/auto/PublisherPort6.xml (RunModel)" time="0.011" />
  <testcase classname="ptolemy.util.test.junit.AutoTests" name="[267] /home/travis/build/icyphy/ptII/ptolemy/actor/lib/test/auto/PublisherPort7.xml (RunModel)" time="0.015" />
  <testcase classname="ptolemy.util.test.junit.AutoTests" name="[268] /home/travis/build/icyphy/ptII/ptolemy/actor/lib/test/auto/PublisherPort8.xml (RunModel)" time="0.015" />
  <testcase classname="ptolemy.util.test.junit.AutoTests" name="[269] /home/travis/build/icyphy/ptII/ptolemy/actor/lib/test/auto/PublisherPortSubscriberChannelVariablesAOC2.xml (RunModel)" time="0.032" />
  <testcase classname="ptolemy.util.test.junit.AutoTests" name="[270] /home/travis/build/icyphy/ptII/ptolemy/actor/lib/test/auto/PublisherPortSubscriberOpaqueWidthInference.xml (RunModel)" time="0.014" />
  <testcase classname="ptolemy.util.test.junit.AutoTests" name="[271] /home/travis/build/icyphy/ptII/ptolemy/actor/lib/test/auto/PublisherPortSubscriberPortAdjacent.xml (RunModel)" time="0.02" />
  <testcase classname="ptolemy.util.test.junit.AutoTests" name="[272] /home/travis/build/icyphy/ptII/ptolemy/actor/lib/test/auto/PublisherPortSubscriberPortExpression.xml (RunModel)" time="0.025" />
  <testcase classname="ptolemy.util.test.junit.AutoTests" name="[273] /home/travis/build/icyphy/ptII/ptolemy/actor/lib/test/auto/PublisherPortSubscriberPortOpaqueD3Reverse.xml (RunModel)" time="0.032" />
  <testcase classname="ptolemy.util.test.junit.AutoTests" name="[274] /home/travis/build/icyphy/ptII/ptolemy/actor/lib/test/auto/PublisherPortSubscriberPortOpaqueWidthInference.xml (RunModel)" time="0.013" />
  <testcase classname="ptolemy.util.test.junit.AutoTests" name="[275] /home/travis/build/icyphy/ptII/ptolemy/actor/lib/test/auto/PublisherPortToplevelSubscriberPortAOC.xml (RunModel)" time="0.01" />
  <testcase classname="ptolemy.util.test.junit.AutoTests" name="[276] /home/travis/build/icyphy/ptII/ptolemy/actor/lib/test/auto/PublisherSubscriber.xml (RunModel)" time="0.012" />
  <testcase classname="ptolemy.util.test.junit.AutoTests" name="[277] /home/travis/build/icyphy/ptII/ptolemy/actor/lib/test/auto/PublisherSubscriber10.xml (RunModel)" time="0.017" />
  <testcase classname="ptolemy.util.test.junit.AutoTests" name="[278] /home/travis/build/icyphy/ptII/ptolemy/actor/lib/test/auto/PublisherSubscriber10InitialOutputs.xml (RunModel)" time="0.032" />
  <testcase classname="ptolemy.util.test.junit.AutoTests" name="[279] /home/travis/build/icyphy/ptII/ptolemy/actor/lib/test/auto/PublisherSubscriber11.xml (RunModel)" time="0.016" />
  <testcase classname="ptolemy.util.test.junit.AutoTests" name="[280] /home/travis/build/icyphy/ptII/ptolemy/actor/lib/test/auto/PublisherSubscriber12.xml (RunModel)" time="0.012" />
  <testcase classname="ptolemy.util.test.junit.AutoTests" name="[281] /home/travis/build/icyphy/ptII/ptolemy/actor/lib/test/auto/PublisherSubscriber13.xml (RunModel)" time="0.016" />
  <testcase classname="ptolemy.util.test.junit.AutoTests" name="[282] /home/travis/build/icyphy/ptII/ptolemy/actor/lib/test/auto/PublisherSubscriber14.xml (RunModel)" time="0.057" />
  <testcase classname="ptolemy.util.test.junit.AutoTests" name="[283] /home/travis/build/icyphy/ptII/ptolemy/actor/lib/test/auto/PublisherSubscriber2.xml (RunModel)" time="0.01" />
  <testcase classname="ptolemy.util.test.junit.AutoTests" name="[284] /home/travis/build/icyphy/ptII/ptolemy/actor/lib/test/auto/PublisherSubscriber3.xml (RunModel)" time="0.008" />
  <testcase classname="ptolemy.util.test.junit.AutoTests" name="[285] /home/travis/build/icyphy/ptII/ptolemy/actor/lib/test/auto/PublisherSubscriber4.xml (RunModel)" time="0.008" />
  <testcase classname="ptolemy.util.test.junit.AutoTests" name="[286] /home/travis/build/icyphy/ptII/ptolemy/actor/lib/test/auto/PublisherSubscriber5.xml (RunModel)" time="0.011" />
  <testcase classname="ptolemy.util.test.junit.AutoTests" name="[287] /home/travis/build/icyphy/ptII/ptolemy/actor/lib/test/auto/PublisherSubscriber6.xml (RunModel)" time="0.015" />
  <testcase classname="ptolemy.util.test.junit.AutoTests" name="[288] /home/travis/build/icyphy/ptII/ptolemy/actor/lib/test/auto/PublisherSubscriber7.xml (RunModel)" time="0.02" />
  <testcase classname="ptolemy.util.test.junit.AutoTests" name="[289] /home/travis/build/icyphy/ptII/ptolemy/actor/lib/test/auto/PublisherSubscriber8.xml (RunModel)" time="0.021" />
  <testcase classname="ptolemy.util.test.junit.AutoTests" name="[290] /home/travis/build/icyphy/ptII/ptolemy/actor/lib/test/auto/PublisherSubscriber9.xml (RunModel)" time="0.022" />
  <testcase classname="ptolemy.util.test.junit.AutoTests" name="[291] /home/travis/build/icyphy/ptII/ptolemy/actor/lib/test/auto/PublisherSubscriberAdjacent.xml (RunModel)" time="0.019" />
  <testcase classname="ptolemy.util.test.junit.AutoTests" name="[292] /home/travis/build/icyphy/ptII/ptolemy/actor/lib/test/auto/PublisherSubscriberChannelVariablesAOC2.xml (RunModel)" time="0.026" />
  <testcase classname="ptolemy.util.test.junit.AutoTests" name="[293] /home/travis/build/icyphy/ptII/ptolemy/actor/lib/test/auto/PublisherSubscriberD3.xml (RunModel)" time="0.011" />
  <testcase classname="ptolemy.util.test.junit.AutoTests" name="[294] /home/travis/build/icyphy/ptII/ptolemy/actor/lib/test/auto/PublisherSubscriberD3Reverse.xml (RunModel)" time="0.01" />
  <testcase classname="ptolemy.util.test.junit.AutoTests" name="[295] /home/travis/build/icyphy/ptII/ptolemy/actor/lib/test/auto/PublisherSubscriberExpression.xml (RunModel)" time="0.019" />
  <testcase classname="ptolemy.util.test.junit.AutoTests" name="[296] /home/travis/build/icyphy/ptII/ptolemy/actor/lib/test/auto/PublisherSubscriberOpaque.xml (RunModel)" time="0.016" />
  <testcase classname="ptolemy.util.test.junit.AutoTests" name="[297] /home/travis/build/icyphy/ptII/ptolemy/actor/lib/test/auto/PublisherSubscriberOpaqueD3.xml (RunModel)" time="0.023" />
  <testcase classname="ptolemy.util.test.junit.AutoTests" name="[298] /home/travis/build/icyphy/ptII/ptolemy/actor/lib/test/auto/PublisherSubscriberOpaqueD3Reverse.xml (RunModel)" time="0.02" />
  <testcase classname="ptolemy.util.test.junit.AutoTests" name="[299] /home/travis/build/icyphy/ptII/ptolemy/actor/lib/test/auto/PublisherSubscriberOpaqueWidthInference.xml (RunModel)" time="0.014" />
  <testcase classname="ptolemy.util.test.junit.AutoTests" name="[300] /home/travis/build/icyphy/ptII/ptolemy/actor/lib/test/auto/PublisherTestSubscriber.xml (RunModel)" time="0.016" />
  <testcase classname="ptolemy.util.test.junit.AutoTests" name="[301] /home/travis/build/icyphy/ptII/ptolemy/actor/lib/test/auto/PublisherToplevelSubscriberPortAOC.xml (RunModel)" time="0.011" />
  <testcase classname="ptolemy.util.test.junit.AutoTests" name="[302] /home/travis/build/icyphy/ptII/ptolemy/actor/lib/test/auto/PulseFiringLimitDE.xml (RunModel)" time="0.016" />
  <testcase classname="ptolemy.util.test.junit.AutoTests" name="[303] /home/travis/build/icyphy/ptII/ptolemy/actor/lib/test/auto/Ramp1.xml (RunModel)" time="0.008" />
  <testcase classname="ptolemy.util.test.junit.AutoTests" name="[304] /home/travis/build/icyphy/ptII/ptolemy/actor/lib/test/auto/RampFiringLimitDE.xml (RunModel)" time="0.011" />
  <testcase classname="ptolemy.util.test.junit.AutoTests" name="[305] /home/travis/build/icyphy/ptII/ptolemy/actor/lib/test/auto/RampFiringLimitSDF.xml (RunModel)" time="0.01" />
  <testcase classname="ptolemy.util.test.junit.AutoTests" name="[306] /home/travis/build/icyphy/ptII/ptolemy/actor/lib/test/auto/RandomInteger.xml (RunModel)" time="0.008" />
  <testcase classname="ptolemy.util.test.junit.AutoTests" name="[307] /home/travis/build/icyphy/ptII/ptolemy/actor/lib/test/auto/ReadFile1.xml (RunModel)" time="0.009" />
  <testcase classname="ptolemy.util.test.junit.AutoTests" name="[308] /home/travis/build/icyphy/ptII/ptolemy/actor/lib/test/auto/ReadFile2.xml (RunModel)" time="0.008" />
  <testcase classname="ptolemy.util.test.junit.AutoTests" name="[309] /home/travis/build/icyphy/ptII/ptolemy/actor/lib/test/auto/Reader.xml (RunModel)" time="0.013" />
  <testcase classname="ptolemy.util.test.junit.AutoTests" name="[310] /home/travis/build/icyphy/ptII/ptolemy/actor/lib/test/auto/RecordAssemblerDisplayNameTest.xml (RunModel)" time="3.62" />
  <testcase classname="ptolemy.util.test.junit.AutoTests" name="[311] /home/travis/build/icyphy/ptII/ptolemy/actor/lib/test/auto/RecordAssemblerTypeError.xml (RunModel)" time="0.036" />
  <testcase classname="ptolemy.util.test.junit.AutoTests" name="[312] /home/travis/build/icyphy/ptII/ptolemy/actor/lib/test/auto/RecordDisassember.xml (RunModel)" time="0.017" />
  <testcase classname="ptolemy.util.test.junit.AutoTests" name="[313] /home/travis/build/icyphy/ptII/ptolemy/actor/lib/test/auto/RecordDisassemberDisplayNameTest.xml (RunModel)" time="0.018" />
  <testcase classname="ptolemy.util.test.junit.AutoTests" name="[314] /home/travis/build/icyphy/ptII/ptolemy/actor/lib/test/auto/RecordDisassembler.xml (RunModel)" time="0.01" />
  <testcase classname="ptolemy.util.test.junit.AutoTests" name="[315] /home/travis/build/icyphy/ptII/ptolemy/actor/lib/test/auto/RecordDisassembler2.xml (RunModel)" time="0.008" />
  <testcase classname="ptolemy.util.test.junit.AutoTests" name="[316] /home/travis/build/icyphy/ptII/ptolemy/actor/lib/test/auto/RecordUpdater.xml (RunModel)" time="0.007" />
  <testcase classname="ptolemy.util.test.junit.AutoTests" name="[317] /home/travis/build/icyphy/ptII/ptolemy/actor/lib/test/auto/RecordUpdater2.xml (RunModel)" time="0.008" />
  <testcase classname="ptolemy.util.test.junit.AutoTests" name="[318] /home/travis/build/icyphy/ptII/ptolemy/actor/lib/test/auto/RecursiveLattice.xml (RunModel)" time="0.007" />
  <testcase classname="ptolemy.util.test.junit.AutoTests" name="[319] /home/travis/build/icyphy/ptII/ptolemy/actor/lib/test/auto/Router.xml (RunModel)" time="3.022" />
  <testcase classname="ptolemy.util.test.junit.AutoTests" name="[320] /home/travis/build/icyphy/ptII/ptolemy/actor/lib/test/auto/Router2.xml (RunModel)" time="3.021" />
  <testcase classname="ptolemy.util.test.junit.AutoTests" name="[321] /home/travis/build/icyphy/ptII/ptolemy/actor/lib/test/auto/RunningMaximum.xml (RunModel)" time="0.016" />
  <testcase classname="ptolemy.util.test.junit.AutoTests" name="[322] /home/travis/build/icyphy/ptII/ptolemy/actor/lib/test/auto/RunningMinimum.xml (RunModel)" time="0.029" />
  <testcase classname="ptolemy.util.test.junit.AutoTests" name="[323] /home/travis/build/icyphy/ptII/ptolemy/actor/lib/test/auto/Scale.xml (RunModel)" time="0.008" />
  <testcase classname="ptolemy.util.test.junit.AutoTests" name="[324] /home/travis/build/icyphy/ptII/ptolemy/actor/lib/test/auto/Scale2.xml (RunModel)" time="0.01" />
  <testcase classname="ptolemy.util.test.junit.AutoTests" name="[325] /home/travis/build/icyphy/ptII/ptolemy/actor/lib/test/auto/Scale3.xml (RunModel)" time="0.013" />
  <testcase classname="ptolemy.util.test.junit.AutoTests" name="[326] /home/travis/build/icyphy/ptII/ptolemy/actor/lib/test/auto/ScaleArray.xml (RunModel)" time="0.007" />
  <testcase classname="ptolemy.util.test.junit.AutoTests" name="[327] /home/travis/build/icyphy/ptII/ptolemy/actor/lib/test/auto/ScaleArray2.xml (RunModel)" time="0.012" />
  <testcase classname="ptolemy.util.test.junit.AutoTests" name="[328] /home/travis/build/icyphy/ptII/ptolemy/actor/lib/test/auto/ScaleMatrix.xml (RunModel)" time="0.168" />
  <testcase classname="ptolemy.util.test.junit.AutoTests" name="[329] /home/travis/build/icyphy/ptII/ptolemy/actor/lib/test/auto/Select.xml (RunModel)" time="0.013" />
  <testcase classname="ptolemy.util.test.junit.AutoTests" name="[330] /home/travis/build/icyphy/ptII/ptolemy/actor/lib/test/auto/Select2.xml (RunModel)" time="0.008" />
  <testcase classname="ptolemy.util.test.junit.AutoTests" name="[331] /home/travis/build/icyphy/ptII/ptolemy/actor/lib/test/auto/SequenceToArray2.xml (RunModel)" time="0.131" />
  <testcase classname="ptolemy.util.test.junit.AutoTests" name="[332] /home/travis/build/icyphy/ptII/ptolemy/actor/lib/test/auto/SequentialClock.xml (RunModel)" time="0.011" />
  <testcase classname="ptolemy.util.test.junit.AutoTests" name="[333] /home/travis/build/icyphy/ptII/ptolemy/actor/lib/test/auto/SetVariable.xml (RunModel)" time="0.009" />
  <testcase classname="ptolemy.util.test.junit.AutoTests" name="[334] /home/travis/build/icyphy/ptII/ptolemy/actor/lib/test/auto/SetVariable2.xml (RunModel)" time="0.01" />
  <testcase classname="ptolemy.util.test.junit.AutoTests" name="[335] /home/travis/build/icyphy/ptII/ptolemy/actor/lib/test/auto/SetVariable3.xml (RunModel)" time="0.014" />
  <testcase classname="ptolemy.util.test.junit.AutoTests" name="[336] /home/travis/build/icyphy/ptII/ptolemy/actor/lib/test/auto/SetVariable4.xml (RunModel)" time="0.024" />
  <testcase classname="ptolemy.util.test.junit.AutoTests" name="[337] /home/travis/build/icyphy/ptII/ptolemy/actor/lib/test/auto/SetVariable5.xml (RunModel)" time="0.037" />
  <testcase classname="ptolemy.util.test.junit.AutoTests" name="[338] /home/travis/build/icyphy/ptII/ptolemy/actor/lib/test/auto/Sinewave.xml (RunModel)" time="0.062" />
  <testcase classname="ptolemy.util.test.junit.AutoTests" name="[339] /home/travis/build/icyphy/ptII/ptolemy/actor/lib/test/auto/Sinewave2.xml (RunModel)" time="0.023" />
  <testcase classname="ptolemy.util.test.junit.AutoTests" name="[340] /home/travis/build/icyphy/ptII/ptolemy/actor/lib/test/auto/Sinewave3.xml (RunModel)" time="0.021" />
  <testcase classname="ptolemy.util.test.junit.AutoTests" name="[341] /home/travis/build/icyphy/ptII/ptolemy/actor/lib/test/auto/SingleEvent.xml (RunModel)" time="0.006" />
  <testcase classname="ptolemy.util.test.junit.AutoTests" name="[342] /home/travis/build/icyphy/ptII/ptolemy/actor/lib/test/auto/Sleep.xml (RunModel)" time="6.013" />
  <testcase classname="ptolemy.util.test.junit.AutoTests" name="[343] /home/travis/build/icyphy/ptII/ptolemy/actor/lib/test/auto/SleepMultipleFire.xml (RunModel)" time="1.034" />
  <testcase classname="ptolemy.util.test.junit.AutoTests" name="[344] /home/travis/build/icyphy/ptII/ptolemy/actor/lib/test/auto/StopDE.xml (RunModel)" time="0.014" />
  <testcase classname="ptolemy.util.test.junit.AutoTests" name="[345] /home/travis/build/icyphy/ptII/ptolemy/actor/lib/test/auto/StopSDF.xml (RunModel)" time="0.026" />
  <testcase classname="ptolemy.util.test.junit.AutoTests" name="[346] /home/travis/build/icyphy/ptII/ptolemy/actor/lib/test/auto/StringConstant.xml (RunModel)" time="0.014" />
  <testcase classname="ptolemy.util.test.junit.AutoTests" name="[347] /home/travis/build/icyphy/ptII/ptolemy/actor/lib/test/auto/SubscriberPortInitialValues1.xml (RunModel)" time="0.024" />
  <testcase classname="ptolemy.util.test.junit.AutoTests" name="[348] /home/travis/build/icyphy/ptII/ptolemy/actor/lib/test/auto/SubscriberPortInitialValues13.xml (RunModel)" time="0.024" />
  <testcase classname="ptolemy.util.test.junit.AutoTests" name="[349] /home/travis/build/icyphy/ptII/ptolemy/actor/lib/test/auto/SubscriberPortInitialValues14.xml (RunModel)" time="0.014" />
  <testcase classname="ptolemy.util.test.junit.AutoTests" name="[350] /home/travis/build/icyphy/ptII/ptolemy/actor/lib/test/auto/SubscriberPortInitialValues2.xml (RunModel)" time="0.016" />
  <testcase classname="ptolemy.util.test.junit.AutoTests" name="[351] /home/travis/build/icyphy/ptII/ptolemy/actor/lib/test/auto/SubscriberPortInitialValues3.xml (RunModel)" time="0.017" />
  <testcase classname="ptolemy.util.test.junit.AutoTests" name="[352] /home/travis/build/icyphy/ptII/ptolemy/actor/lib/test/auto/SubscriptionAggregator.xml (RunModel)" time="0.012" />
  <testcase classname="ptolemy.util.test.junit.AutoTests" name="[353] /home/travis/build/icyphy/ptII/ptolemy/actor/lib/test/auto/SubscriptionAggregator2.xml (RunModel)" time="0.011" />
  <testcase classname="ptolemy.util.test.junit.AutoTests" name="[354] /home/travis/build/icyphy/ptII/ptolemy/actor/lib/test/auto/SubscriptionAggregator3.xml (RunModel)" time="0.016" />
  <testcase classname="ptolemy.util.test.junit.AutoTests" name="[355] /home/travis/build/icyphy/ptII/ptolemy/actor/lib/test/auto/SubscriptionAggregatorMultiply.xml (RunModel)" time="0.014" />
  <testcase classname="ptolemy.util.test.junit.AutoTests" name="[356] /home/travis/build/icyphy/ptII/ptolemy/actor/lib/test/auto/SubscriptionAggregatorPortMultiply1.xml (RunModel)" time="0.014" />
  <testcase classname="ptolemy.util.test.junit.AutoTests" name="[357] /home/travis/build/icyphy/ptII/ptolemy/actor/lib/test/auto/Switch.xml (RunModel)" time="0.017" />
  <testcase classname="ptolemy.util.test.junit.AutoTests" name="[358] /home/travis/build/icyphy/ptII/ptolemy/actor/lib/test/auto/Switch2.xml (RunModel)" time="0.011" />
  <testcase classname="ptolemy.util.test.junit.AutoTests" name="[359] /home/travis/build/icyphy/ptII/ptolemy/actor/lib/test/auto/SwitchDE.xml (RunModel)" time="0.013" />
  <testcase classname="ptolemy.util.test.junit.AutoTests" name="[360] /home/travis/build/icyphy/ptII/ptolemy/actor/lib/test/auto/SynchronizerDE.xml (RunModel)" time="0.02" />
  <testcase classname="ptolemy.util.test.junit.AutoTests" name="[361] /home/travis/build/icyphy/ptII/ptolemy/actor/lib/test/auto/Test.xml (RunModel)" time="0.009" />
  <testcase classname="ptolemy.util.test.junit.AutoTests" name="[362] /home/travis/build/icyphy/ptII/ptolemy/actor/lib/test/auto/TestExceptionAttribute1.xml (RunModel)" time="0.008" />
  <testcase classname="ptolemy.util.test.junit.AutoTests" name="[363] /home/travis/build/icyphy/ptII/ptolemy/actor/lib/test/auto/TestExceptionAttribute2.xml (RunModel)" time="0.014" />
  <testcase classname="ptolemy.util.test.junit.AutoTests" name="[364] /home/travis/build/icyphy/ptII/ptolemy/actor/lib/test/auto/TestExceptionAttribute3.xml (RunModel)" time="0.014" />
  <testcase classname="ptolemy.util.test.junit.AutoTests" name="[365] /home/travis/build/icyphy/ptII/ptolemy/actor/lib/test/auto/TestExceptionAttribute4.xml (RunModel)" time="0.007" />
  <testcase classname="ptolemy.util.test.junit.AutoTests" name="[366] /home/travis/build/icyphy/ptII/ptolemy/actor/lib/test/auto/TestExceptionHandler1.xml (RunModel)" time="0.005" />
  <testcase classname="ptolemy.util.test.junit.AutoTests" name="[367] /home/travis/build/icyphy/ptII/ptolemy/actor/lib/test/auto/TestExceptionHandler2.xml (RunModel)" time="0.005" />
  <testcase classname="ptolemy.util.test.junit.AutoTests" name="[368] /home/travis/build/icyphy/ptII/ptolemy/actor/lib/test/auto/TestExceptionHandler3.xml (RunModel)" time="0.007" />
  <testcase classname="ptolemy.util.test.junit.AutoTests" name="[369] /home/travis/build/icyphy/ptII/ptolemy/actor/lib/test/auto/TestExceptionHandler4.xml (RunModel)" time="0.005" />
  <testcase classname="ptolemy.util.test.junit.AutoTests" name="[370] /home/travis/build/icyphy/ptII/ptolemy/actor/lib/test/auto/TestRequireCorrectOrder.xml (RunModel)" time="0.019" />
  <testcase classname="ptolemy.util.test.junit.AutoTests" name="[371] /home/travis/build/icyphy/ptII/ptolemy/actor/lib/test/auto/TestSimple.xml (RunModel)" time="0.008" />
  <testcase classname="ptolemy.util.test.junit.AutoTests" name="[372] /home/travis/build/icyphy/ptII/ptolemy/actor/lib/test/auto/ThrowModelError.xml (RunModel)" time="0.01" />
  <testcase classname="ptolemy.util.test.junit.AutoTests" name="[373] /home/travis/build/icyphy/ptII/ptolemy/actor/lib/test/auto/TimeDelayMicrosteps.xml (RunModel)" time="0.018" />
  <testcase classname="ptolemy.util.test.junit.AutoTests" name="[374] /home/travis/build/icyphy/ptII/ptolemy/actor/lib/test/auto/TimeDelayMicrosteps2.xml (RunModel)" time="0.014" />
  <testcase classname="ptolemy.util.test.junit.AutoTests" name="[375] /home/travis/build/icyphy/ptII/ptolemy/actor/lib/test/auto/TimeDelayMicrosteps3.xml (RunModel)" time="0.011" />
  <testcase classname="ptolemy.util.test.junit.AutoTests" name="[376] /home/travis/build/icyphy/ptII/ptolemy/actor/lib/test/auto/TimeDelayVariableMicrosteps.xml (RunModel)" time="0.012" />
  <testcase classname="ptolemy.util.test.junit.AutoTests" name="[377] /home/travis/build/icyphy/ptII/ptolemy/actor/lib/test/auto/TimeGap.xml (RunModel)" time="0.017" />
  <testcase classname="ptolemy.util.test.junit.AutoTests" name="[378] /home/travis/build/icyphy/ptII/ptolemy/actor/lib/test/auto/TimeGap2.xml (RunModel)" time="0.011" />
  <testcase classname="ptolemy.util.test.junit.AutoTests" name="[379] /home/travis/build/icyphy/ptII/ptolemy/actor/lib/test/auto/TimedSinewave.xml (RunModel)" time="0.043" />
  <testcase classname="ptolemy.util.test.junit.AutoTests" name="[380] /home/travis/build/icyphy/ptII/ptolemy/actor/lib/test/auto/TimedSinewavePhase.xml (RunModel)" time="0.043" />
  <testcase classname="ptolemy.util.test.junit.AutoTests" name="[381] /home/travis/build/icyphy/ptII/ptolemy/actor/lib/test/auto/Timer.xml (RunModel)" time="0.015" />
  <testcase classname="ptolemy.util.test.junit.AutoTests" name="[382] /home/travis/build/icyphy/ptII/ptolemy/actor/lib/test/auto/TriangularDistTestModel.xml (RunModel)" time="0.016" />
  <testcase classname="ptolemy.util.test.junit.AutoTests" name="[383] /home/travis/build/icyphy/ptII/ptolemy/actor/lib/test/auto/TrigFunction.xml (RunModel)" time="0.008" />
  <testcase classname="ptolemy.util.test.junit.AutoTests" name="[384] /home/travis/build/icyphy/ptII/ptolemy/actor/lib/test/auto/TrigFunctionDE.xml (RunModel)" time="0.01" />
  <testcase classname="ptolemy.util.test.junit.AutoTests" name="[385] /home/travis/build/icyphy/ptII/ptolemy/actor/lib/test/auto/TrigFunctionInverse.xml (RunModel)" time="0.009" />
  <testcase classname="ptolemy.util.test.junit.AutoTests" name="[386] /home/travis/build/icyphy/ptII/ptolemy/actor/lib/test/auto/TrigFunctionTan.xml (RunModel)" time="0.006" />
  <testcase classname="ptolemy.util.test.junit.AutoTests" name="[387] /home/travis/build/icyphy/ptII/ptolemy/actor/lib/test/auto/TriggeredClock.xml (RunModel)" time="0.007" />
  <testcase classname="ptolemy.util.test.junit.AutoTests" name="[388] /home/travis/build/icyphy/ptII/ptolemy/actor/lib/test/auto/URLDirectoryReader.xml (RunModel)" time="0.121" />
  <testcase classname="ptolemy.util.test.junit.AutoTests" name="[389] /home/travis/build/icyphy/ptII/ptolemy/actor/lib/test/auto/URLDirectoryReader3.xml (RunModel)" time="1.676" />
  <testcase classname="ptolemy.util.test.junit.AutoTests" name="[390] /home/travis/build/icyphy/ptII/ptolemy/actor/lib/test/auto/UnaryMathFunction.xml (RunModel)" time="0.02" />
  <testcase classname="ptolemy.util.test.junit.AutoTests" name="[391] /home/travis/build/icyphy/ptII/ptolemy/actor/lib/test/auto/Uniform.xml (RunModel)" time="0.013" />
  <testcase classname="ptolemy.util.test.junit.AutoTests" name="[392] /home/travis/build/icyphy/ptII/ptolemy/actor/lib/test/auto/UnionDisassemblerTest.xml (RunModel)" time="0.019" />
  <testcase classname="ptolemy.util.test.junit.AutoTests" name="[393] /home/travis/build/icyphy/ptII/ptolemy/actor/lib/test/auto/UtilityFunctions.xml (RunModel)" time="0.007" />
  <testcase classname="ptolemy.util.test.junit.AutoTests" name="[394] /home/travis/build/icyphy/ptII/ptolemy/actor/lib/test/auto/VariableSleep.xml (RunModel)" time="0.512" />
  <testcase classname="ptolemy.util.test.junit.AutoTests" name="[395] /home/travis/build/icyphy/ptII/ptolemy/actor/lib/test/auto/VectorAssemblerDisassemblerCT.xml (RunModel)" time="0.104" />
  <testcase classname="ptolemy.util.test.junit.AutoTests" name="[396] /home/travis/build/icyphy/ptII/ptolemy/actor/lib/test/auto/VectorAssemblerDisassemblerDE.xml (RunModel)" time="0.012" />
  <testcase classname="ptolemy.util.test.junit.AutoTests" name="[397] /home/travis/build/icyphy/ptII/ptolemy/actor/lib/test/auto/VectorAssemblerDisassemblerSDF.xml (RunModel)" time="0.011" />
  <testcase classname="ptolemy.util.test.junit.AutoTests" name="[398] /home/travis/build/icyphy/ptII/ptolemy/actor/lib/test/auto/WallClockTime.xml (RunModel)" time="1.016" />
  <testcase classname="ptolemy.util.test.junit.AutoTests" name="[399] /home/travis/build/icyphy/ptII/ptolemy/actor/lib/test/auto/WidthTestWithSubscriberPublisher.xml (RunModel)" time="0.041" />
  <testcase classname="ptolemy.util.test.junit.AutoTests" name="[400] /home/travis/build/icyphy/ptII/ptolemy/actor/lib/test/auto/WidthTestWithSubscriberPublisher2.xml (RunModel)" time="0.015" />
  <testcase classname="ptolemy.util.test.junit.AutoTests" name="[401] /home/travis/build/icyphy/ptII/ptolemy/actor/lib/test/auto/WidthTestWithSubscriberPublisher3.xml (RunModel)" time="0.011" />
  <testcase classname="ptolemy.util.test.junit.AutoTests" name="[402] /home/travis/build/icyphy/ptII/ptolemy/actor/lib/test/auto/Writer.xml (RunModel)" time="0.006" />
  <testcase classname="ptolemy.util.test.junit.AutoTests" name="[403] /home/travis/build/icyphy/ptII/ptolemy/actor/lib/test/auto/array.xml (RunModel)" time="0.022" />
  <testcase classname="ptolemy.util.test.junit.AutoTests" name="[404] /home/travis/build/icyphy/ptII/ptolemy/actor/lib/test/auto/array2.xml (RunModel)" time="0.014" />
  <testcase classname="ptolemy.util.test.junit.AutoTests" name="[405] /home/travis/build/icyphy/ptII/ptolemy/actor/lib/test/auto/arrayType.xml (RunModel)" time="0.009" />
  <testcase classname="ptolemy.util.test.junit.AutoTests" name="[406] /home/travis/build/icyphy/ptII/ptolemy/actor/lib/test/auto/arrayType10.xml (RunModel)" time="0.007" />
  <testcase classname="ptolemy.util.test.junit.AutoTests" name="[407] /home/travis/build/icyphy/ptII/ptolemy/actor/lib/test/auto/arrayType11.xml (RunModel)" time="0.007" />
  <testcase classname="ptolemy.util.test.junit.AutoTests" name="[408] /home/travis/build/icyphy/ptII/ptolemy/actor/lib/test/auto/arrayType12.xml (RunModel)" time="0.007" />
  <testcase classname="ptolemy.util.test.junit.AutoTests" name="[409] /home/travis/build/icyphy/ptII/ptolemy/actor/lib/test/auto/arrayType13.xml (RunModel)" time="0.008" />
  <testcase classname="ptolemy.util.test.junit.AutoTests" name="[410] /home/travis/build/icyphy/ptII/ptolemy/actor/lib/test/auto/arrayType14.xml (RunModel)" time="0.008" />
  <testcase classname="ptolemy.util.test.junit.AutoTests" name="[411] /home/travis/build/icyphy/ptII/ptolemy/actor/lib/test/auto/arrayType15.xml (RunModel)" time="0.009" />
  <testcase classname="ptolemy.util.test.junit.AutoTests" name="[412] /home/travis/build/icyphy/ptII/ptolemy/actor/lib/test/auto/arrayType16.xml (RunModel)" time="0.008" />
  <testcase classname="ptolemy.util.test.junit.AutoTests" name="[413] /home/travis/build/icyphy/ptII/ptolemy/actor/lib/test/auto/arrayType17.xml (RunModel)" time="0.009" />
  <testcase classname="ptolemy.util.test.junit.AutoTests" name="[414] /home/travis/build/icyphy/ptII/ptolemy/actor/lib/test/auto/arrayType18.xml (RunModel)" time="0.007" />
  <testcase classname="ptolemy.util.test.junit.AutoTests" name="[415] /home/travis/build/icyphy/ptII/ptolemy/actor/lib/test/auto/arrayType19.xml (RunModel)" time="0.007" />
  <testcase classname="ptolemy.util.test.junit.AutoTests" name="[416] /home/travis/build/icyphy/ptII/ptolemy/actor/lib/test/auto/arrayType2.xml (RunModel)" time="0.007" />
  <testcase classname="ptolemy.util.test.junit.AutoTests" name="[417] /home/travis/build/icyphy/ptII/ptolemy/actor/lib/test/auto/arrayType20.xml (RunModel)" time="0.008" />
  <testcase classname="ptolemy.util.test.junit.AutoTests" name="[418] /home/travis/build/icyphy/ptII/ptolemy/actor/lib/test/auto/arrayType21.xml (RunModel)" time="0.007" />
  <testcase classname="ptolemy.util.test.junit.AutoTests" name="[419] /home/travis/build/icyphy/ptII/ptolemy/actor/lib/test/auto/arrayType22.xml (RunModel)" time="0.008" />
  <testcase classname="ptolemy.util.test.junit.AutoTests" name="[420] /home/travis/build/icyphy/ptII/ptolemy/actor/lib/test/auto/arrayType23.xml (RunModel)" time="0.007" />
  <testcase classname="ptolemy.util.test.junit.AutoTests" name="[421] /home/travis/build/icyphy/ptII/ptolemy/actor/lib/test/auto/arrayType24.xml (RunModel)" time="0.009" />
  <testcase classname="ptolemy.util.test.junit.AutoTests" name="[422] /home/travis/build/icyphy/ptII/ptolemy/actor/lib/test/auto/arrayType25.xml (RunModel)" time="0.008" />
  <testcase classname="ptolemy.util.test.junit.AutoTests" name="[423] /home/travis/build/icyphy/ptII/ptolemy/actor/lib/test/auto/arrayType26.xml (RunModel)" time="0.008" />
  <testcase classname="ptolemy.util.test.junit.AutoTests" name="[424] /home/travis/build/icyphy/ptII/ptolemy/actor/lib/test/auto/arrayType27.xml (RunModel)" time="0.007" />
  <testcase classname="ptolemy.util.test.junit.AutoTests" name="[425] /home/travis/build/icyphy/ptII/ptolemy/actor/lib/test/auto/arrayType28.xml (RunModel)" time="0.015" />
  <testcase classname="ptolemy.util.test.junit.AutoTests" name="[426] /home/travis/build/icyphy/ptII/ptolemy/actor/lib/test/auto/arrayType3.xml (RunModel)" time="0.01" />
  <testcase classname="ptolemy.util.test.junit.AutoTests" name="[427] /home/travis/build/icyphy/ptII/ptolemy/actor/lib/test/auto/arrayType4.xml (RunModel)" time="0.007" />
  <testcase classname="ptolemy.util.test.junit.AutoTests" name="[428] /home/travis/build/icyphy/ptII/ptolemy/actor/lib/test/auto/arrayType5.xml (RunModel)" time="0.008" />
  <testcase classname="ptolemy.util.test.junit.AutoTests" name="[429] /home/travis/build/icyphy/ptII/ptolemy/actor/lib/test/auto/arrayType6.xml (RunModel)" time="0.008" />
  <testcase classname="ptolemy.util.test.junit.AutoTests" name="[430] /home/travis/build/icyphy/ptII/ptolemy/actor/lib/test/auto/arrayType7.xml (RunModel)" time="0.024" />
  <testcase classname="ptolemy.util.test.junit.AutoTests" name="[431] /home/travis/build/icyphy/ptII/ptolemy/actor/lib/test/auto/arrayType8.xml (RunModel)" time="0.009" />
  <testcase classname="ptolemy.util.test.junit.AutoTests" name="[432] /home/travis/build/icyphy/ptII/ptolemy/actor/lib/test/auto/arrayType9.xml (RunModel)" time="0.007" />
  <testcase classname="ptolemy.util.test.junit.AutoTests" name="[433] /home/travis/build/icyphy/ptII/ptolemy/actor/lib/test/auto/cast.xml (RunModel)" time="0.008" />
  <testcase classname="ptolemy.util.test.junit.AutoTests" name="[434] /home/travis/build/icyphy/ptII/ptolemy/actor/lib/test/auto/compositeMultiPort.xml (RunModel)" time="0.017" />
  <testcase classname="ptolemy.util.test.junit.AutoTests" name="[435] /home/travis/build/icyphy/ptII/ptolemy/actor/lib/test/auto/expressionCastInference.xml (RunModel)" time="0.039" />
  <testcase classname="ptolemy.util.test.junit.AutoTests" name="[436] /home/travis/build/icyphy/ptII/ptolemy/actor/lib/test/auto/expressionCastInference2.xml (RunModel)" time="0.034" />
  <testcase classname="ptolemy.util.test.junit.AutoTests" name="[437] /home/travis/build/icyphy/ptII/ptolemy/actor/lib/test/auto/expressionInference.xml (RunModel)" time="0.03" />
  <testcase classname="ptolemy.util.test.junit.AutoTests" name="[438] /home/travis/build/icyphy/ptII/ptolemy/actor/lib/test/auto/expression_bug.xml (RunModel)" time="0.032" />
  <testcase classname="ptolemy.util.test.junit.AutoTests" name="[439] /home/travis/build/icyphy/ptII/ptolemy/actor/lib/test/auto/factorial.xml (RunModel)" time="0.087" />
  <testcase classname="ptolemy.util.test.junit.AutoTests" name="[440] /home/travis/build/icyphy/ptII/ptolemy/actor/lib/test/auto/filterTest1.xml (RunModel)" time="0.015" />
  <testcase classname="ptolemy.util.test.junit.AutoTests" name="[441] /home/travis/build/icyphy/ptII/ptolemy/actor/lib/test/auto/funcApplyInConst.xml (RunModel)" time="0.005" />
  <testcase classname="ptolemy.util.test.junit.AutoTests" name="[442] /home/travis/build/icyphy/ptII/ptolemy/actor/lib/test/auto/funcApplyInExpr.xml (RunModel)" time="0.005" />
  <testcase classname="ptolemy.util.test.junit.AutoTests" name="[443] /home/travis/build/icyphy/ptII/ptolemy/actor/lib/test/auto/function.xml (RunModel)" time="0.01" />
  <testcase classname="ptolemy.util.test.junit.AutoTests" name="[444] /home/travis/build/icyphy/ptII/ptolemy/actor/lib/test/auto/function2.xml (RunModel)" time="0.022" />
  <testcase classname="ptolemy.util.test.junit.AutoTests" name="[445] /home/travis/build/icyphy/ptII/ptolemy/actor/lib/test/auto/function3.xml (RunModel)" time="0.007" />
  <testcase classname="ptolemy.util.test.junit.AutoTests" name="[446] /home/travis/build/icyphy/ptII/ptolemy/actor/lib/test/auto/functionClosureTest1.xml (RunModel)" time="0.009" />
  <testcase classname="ptolemy.util.test.junit.AutoTests" name="[447] /home/travis/build/icyphy/ptII/ptolemy/actor/lib/test/auto/functionClosureTest2.xml (RunModel)" time="0.007" />
  <testcase classname="ptolemy.util.test.junit.AutoTests" name="[448] /home/travis/build/icyphy/ptII/ptolemy/actor/lib/test/auto/functionClosureTest3.xml (RunModel)" time="0.008" />
  <testcase classname="ptolemy.util.test.junit.AutoTests" name="[449] /home/travis/build/icyphy/ptII/ptolemy/actor/lib/test/auto/functionClosureTest4.xml (RunModel)" time="0.014" />
  <testcase classname="ptolemy.util.test.junit.AutoTests" name="[450] /home/travis/build/icyphy/ptII/ptolemy/actor/lib/test/auto/functionClosureTest5.xml (RunModel)" time="0.012" />
  <testcase classname="ptolemy.util.test.junit.AutoTests" name="[451] /home/travis/build/icyphy/ptII/ptolemy/actor/lib/test/auto/functionClosureTest6.xml (RunModel)" time="0.007" />
  <testcase classname="ptolemy.util.test.junit.AutoTests" name="[452] /home/travis/build/icyphy/ptII/ptolemy/actor/lib/test/auto/functionsOnArcs.xml (RunModel)" time="0.009" />
  <testcase classname="ptolemy.util.test.junit.AutoTests" name="[453] /home/travis/build/icyphy/ptII/ptolemy/actor/lib/test/auto/functionsOnArcsHOF.xml (RunModel)" time="0.01" />
  <testcase classname="ptolemy.util.test.junit.AutoTests" name="[454] /home/travis/build/icyphy/ptII/ptolemy/actor/lib/test/auto/logic.xml (RunModel)" time="0.015" />
  <testcase classname="ptolemy.util.test.junit.AutoTests" name="[455] /home/travis/build/icyphy/ptII/ptolemy/actor/lib/test/auto/matrixType.xml (RunModel)" time="0.007" />
  <testcase classname="ptolemy.util.test.junit.AutoTests" name="[456] /home/travis/build/icyphy/ptII/ptolemy/actor/lib/test/auto/matrixType10.xml (RunModel)" time="0.008" />
  <testcase classname="ptolemy.util.test.junit.AutoTests" name="[457] /home/travis/build/icyphy/ptII/ptolemy/actor/lib/test/auto/matrixType11.xml (RunModel)" time="0.006" />
  <testcase classname="ptolemy.util.test.junit.AutoTests" name="[458] /home/travis/build/icyphy/ptII/ptolemy/actor/lib/test/auto/matrixType12.xml (RunModel)" time="0.009" />
  <testcase classname="ptolemy.util.test.junit.AutoTests" name="[459] /home/travis/build/icyphy/ptII/ptolemy/actor/lib/test/auto/matrixType13.xml (RunModel)" time="0.008" />
  <testcase classname="ptolemy.util.test.junit.AutoTests" name="[460] /home/travis/build/icyphy/ptII/ptolemy/actor/lib/test/auto/matrixType14.xml (RunModel)" time="0.009" />
  <testcase classname="ptolemy.util.test.junit.AutoTests" name="[461] /home/travis/build/icyphy/ptII/ptolemy/actor/lib/test/auto/matrixType2.xml (RunModel)" time="0.007" />
  <testcase classname="ptolemy.util.test.junit.AutoTests" name="[462] /home/travis/build/icyphy/ptII/ptolemy/actor/lib/test/auto/matrixType3.xml (RunModel)" time="0.009" />
  <testcase classname="ptolemy.util.test.junit.AutoTests" name="[463] /home/travis/build/icyphy/ptII/ptolemy/actor/lib/test/auto/matrixType4.xml (RunModel)" time="0.008" />
  <testcase classname="ptolemy.util.test.junit.AutoTests" name="[464] /home/travis/build/icyphy/ptII/ptolemy/actor/lib/test/auto/matrixType5.xml (RunModel)" time="0.007" />
  <testcase classname="ptolemy.util.test.junit.AutoTests" name="[465] /home/travis/build/icyphy/ptII/ptolemy/actor/lib/test/auto/matrixType6.xml (RunModel)" time="0.007" />
  <testcase classname="ptolemy.util.test.junit.AutoTests" name="[466] /home/travis/build/icyphy/ptII/ptolemy/actor/lib/test/auto/matrixType7.xml (RunModel)" time="0.008" />
  <testcase classname="ptolemy.util.test.junit.AutoTests" name="[467] /home/travis/build/icyphy/ptII/ptolemy/actor/lib/test/auto/matrixType8.xml (RunModel)" time="0.008" />
  <testcase classname="ptolemy.util.test.junit.AutoTests" name="[468] /home/travis/build/icyphy/ptII/ptolemy/actor/lib/test/auto/matrixType9.xml (RunModel)" time="0.007" />
  <testcase classname="ptolemy.util.test.junit.AutoTests" name="[469] /home/travis/build/icyphy/ptII/ptolemy/actor/lib/test/auto/paraFunctest.xml (RunModel)" time="0.006" />
  <testcase classname="ptolemy.util.test.junit.AutoTests" name="[470] /home/travis/build/icyphy/ptII/ptolemy/actor/lib/test/auto/paraFunctest2.xml (RunModel)" time="0.011" />
  <testcase classname="ptolemy.util.test.junit.AutoTests" name="[471] /home/travis/build/icyphy/ptII/ptolemy/actor/lib/test/auto/parameterPassing.xml (RunModel)" time="0.012" />
  <testcase classname="ptolemy.util.test.junit.AutoTests" name="[472] /home/travis/build/icyphy/ptII/ptolemy/actor/lib/test/auto/record.xml (RunModel)" time="0.008" />
  <testcase classname="ptolemy.util.test.junit.AutoTests" name="[473] /home/travis/build/icyphy/ptII/ptolemy/actor/lib/test/auto/sizedarray1.xml (RunModel)" time="0.009" />
  <testcase classname="ptolemy.util.test.junit.AutoTests" name="[474] /home/travis/build/icyphy/ptII/ptolemy/actor/lib/test/auto/sizedarray2.xml (RunModel)" time="0.01" />
  <testcase classname="ptolemy.util.test.junit.AutoTests" name="[475] /home/travis/build/icyphy/ptII/ptolemy/actor/lib/test/auto/twoPublishers.xml (RunModel)" time="0.024" />
  <system-out><![CDATA[/home/travis/build/icyphy/ptII/ptolemy/actor/lib/test/AbsoluteValue.tcl
testDefs.tcl: setting time out to 9000 seconds at Thu Jun 18 14:47:20 UTC 2020
104 ms. Memory: 129024K Free: 93128K (72%)
8 ms. Memory: 129024K Free: 91080K (71%)
13 ms. Memory: 129024K Free: 90559K (70%)
10 ms. Memory: 129024K Free: 89527K (69%)
/home/travis/build/icyphy/ptII/ptolemy/actor/lib/test/AddSubtract.tcl
18 ms. Memory: 129024K Free: 87494K (68%)
13 ms. Memory: 129024K Free: 86984K (67%)
12 ms. Memory: 129024K Free: 85960K (67%)
15 ms. Memory: 129024K Free: 85439K (66%)
70 ms. Memory: 129024K Free: 82374K (64%)
12 ms. Memory: 129024K Free: 81350K (63%)
/home/travis/build/icyphy/ptII/ptolemy/actor/lib/test/Average.tcl
5 ms. Memory: 129024K Free: 79816K (62%)
6 ms. Memory: 129024K Free: 78792K (61%)
/home/travis/build/icyphy/ptII/ptolemy/actor/lib/test/Bernoulli.tcl
4 ms. Memory: 129024K Free: 77239K (60%)
2 ms. Memory: 129024K Free: 76744K (59%)
/home/travis/build/icyphy/ptII/ptolemy/actor/lib/test/Clock.tcl
preinitializing
resolving types
initializing
executing number 1
wrapping up
idle
31 ms. Memory: 129024K Free: 74182K (57%)
Completed execution with 5 iterations
preinitializing
resolving types
initializing
executing number 1
wrapping up
idle
3 ms. Memory: 129024K Free: 73127K (57%)
Completed execution with 5 iterations
preinitializing
resolving types
initializing
executing number 1
wrapping up
idle
9 ms. Memory: 129024K Free: 72648K (56%)
Completed execution with 5 iterations
/home/travis/build/icyphy/ptII/ptolemy/actor/lib/test/Commutator.tcl
11 ms. Memory: 129024K Free: 70600K (55%)
6 ms. Memory: 129024K Free: 69576K (54%)
12 ms. Memory: 129024K Free: 63927K (50%)
/home/travis/build/icyphy/ptII/ptolemy/actor/lib/test/Const.tcl
4 ms. Memory: 129024K Free: 62408K (48%)
2 ms. Memory: 129024K Free: 61887K (48%)
6 ms. Memory: 129024K Free: 61384K (48%)
2 ms. Memory: 129024K Free: 60870K (47%)
12 ms. Memory: 129024K Free: 60360K (47%)
11 ms. Memory: 129024K Free: 58822K (46%)
4 ms. Memory: 129024K Free: 57288K (44%)
8 ms. Memory: 129024K Free: 56774K (44%)
/home/travis/build/icyphy/ptII/ptolemy/actor/lib/test/CurrentTime.tcl
preinitializing
resolving types
initializing
executing number 1
wrapping up
idle
18 ms. Memory: 129024K Free: 54695K (42%)
Completed execution with 11 iterations
/home/travis/build/icyphy/ptII/ptolemy/actor/lib/test/DB.tcl
4 ms. Memory: 129024K Free: 52678K (41%)
5 ms. Memory: 129024K Free: 52168K (40%)
2 ms. Memory: 129024K Free: 51654K (40%)
/home/travis/build/icyphy/ptII/ptolemy/actor/lib/test/DiscreteRandomSource.tcl
preinitializing
resolving types
initializing
executing number 1
wrapping up
idle
4 ms. Memory: 129024K Free: 50120K (39%)
Completed execution with 4 iterations
preinitializing
resolving types
initializing
executing number 1
wrapping up
idle
9 ms. Memory: 129024K Free: 49575K (38%)
Completed execution with 4 iterations
preinitializing
resolving types
initializing
executing number 1
wrapping up
idle
4 ms. Memory: 129024K Free: 49096K (38%)
Completed execution with 4 iterations
preinitializing
resolving types
initializing
executing number 1
wrapping up
idle
7 ms. Memory: 129024K Free: 48575K (38%)
Completed execution with 4 iterations
preinitializing
resolving types
initializing
executing number 1
wrapping up
idle
3 ms. Memory: 129024K Free: 48072K (37%)
Completed execution with 4 iterations
/home/travis/build/icyphy/ptII/ptolemy/actor/lib/test/Distributor.tcl
4 ms. Memory: 129024K Free: 113092K (88%)
3 ms. Memory: 129024K Free: 112682K (87%)
StreamChangeRequest.changeExecuted(): <deleteEntity name="rec2"/> succeeded
StreamChangeRequest.changeExecuted(): <deleteRelation name="r2"/> succeeded
StreamChangeRequest.changeExecuted(): Record firings per iteration succeeded
4 ms. Memory: 129024K Free: 110166K (85%)
/home/travis/build/icyphy/ptII/ptolemy/actor/lib/test/Exit.tcl
Exit.tcl: this will print a message about Manager.exitAfterWrapup, which can be ignored.
6 ms. Memory: 129024K Free: 107226K (83%)
/home/travis/build/icyphy/ptII/ptolemy/actor/lib/test/Expression.tcl
11 ms. Memory: 129024K Free: 103551K (80%)
3 ms. Memory: 129024K Free: 102982K (80%)
2 ms. Memory: 129024K Free: 102490K (79%)
preinitializing
resolving types
initializing
executing number 1
wrapping up
idle
4 ms. Memory: 129024K Free: 100950K (78%)
Completed execution with 6 iterations
3 ms. Memory: 129024K Free: 99910K (77%)
2 ms. Memory: 129024K Free: 99426K (77%)
4 ms. Memory: 129024K Free: 97892K (76%)
4 ms. Memory: 129024K Free: 96838K (75%)
3 ms. Memory: 129024K Free: 95822K (74%)
/home/travis/build/icyphy/ptII/ptolemy/actor/lib/test/Gaussian.tcl
4 ms. Memory: 129024K Free: 93765K (73%)
sleeping 1 seconds: ......................................................................................................................................................................................................................................................................................................................................................................................................................................................................................................................................................................................................................................................................................................................................................................................................................................................................................................................................................................................................................................................................................................................................................................................................................................................................................................................................................................................................................................................................................................................................................................................................................................................................................................................................................................................................................................................................................................................................................................................................................................................................................................................................................................................................................................................................................................................................................................................................................................................................................................................................................................................................................................................................................................................................................................................................................................................................................................................................................................................................................................................................................................................................................................................................................................................................................................................................................................................................................................................................................................................................................................................................................................................................................................................................................................................................................................................................................................................................................................................................................................................................................................................................................................................................................................................................................................................................................................................................................................................................................................................................................................................................................................................................................................................................................................................................................................................................................................................................................................................................................................................................................................................................................................................................................................................................................................................................................................................................................................................................................................................................................................................................................................................................................................................................................................................................................................................................................................................................................................................................................................................................................................................................................................................................................................................................................................................................................................................................................................................................................................................................................................................................................................................................................................................................................................................................................................................................................................................................................................................................................................................................................................................................................................................................................................................................................................................................................................................................................................................................................................................................................................................................................................................................................................................................................................................................................................................................................................................................................................................................................................................................................................................................................................................................................................................................................................................................................................................................................................................................................................................................................................................................................................................................................................................................................................................................................................................................................................................................................................................................................................................................................................................................................................................................................................................................................................................................................................................................................................................................................................................................................................................................................................................................................................................................................................................................................................................................................................................................................................................................................................................................................................................................................................................................................................................................................................................................................................................................................................................................................................................................................................................................................................................................................................................................................................................................................................................................................................................................................................................................................................................................................................................................................................................................................................................................................................................................................................................................................................................................................................................................................................................................................................................................................................................................................................................................................................................................................................................................................................................................................................................................................................................................................................................................................................................................................................................................................................................................................................................................................................................................................................................................................................................................................................................................................................................................................................................................................................................................................................................................................................................................................................................................................................................................................................................................................................................................................................................................................................................................................................................................................................................................................................................................................................................................................................................................................................................................................................................................................................................................................................................................................................................................................................................................................................................................................................................................................................................................................................................................................................................................................................................................................................................................................................................................................................................................................................................................................................................................................................................................................................................................................................................................................................................................................................................................................................................................................................................................................................................................................................................................................................................................................................................................................................................................................................................................................................................................................................................................................................................................................................................................................................................................................................................................................................................................................................................................................................................................................................................................................................................................................................................................................................................................................................................................................................................................................................................................................................................................................................................................................................................................................................................................................................................................................................................................................................................................................................................................................................................................................................................................................................................................................................................................................................................................................................................................................................................................................................................................................................................................................................................................................................................................................................................................................................................................................................................................................................................................................................................................................................................................................................................................................................................................................................................................................................................................................................................................................................................................................................................................................................................................................................................................................................................................................................................................................................................................................................................................................................................................................................................................................................................................................................................................................................................................................................................................................................................................................................................................................................................................................................................................................................................................................................................................................................................................................................................................................................................................................................................................................................................................................................................................................................................................................................................................................................................................................................................................................................................................................................................................................................................................................................................................................................................................................................................................................................................................................................................................................................................................................................................................................................................................................................................................................................................................................................................................................................................................................................................................................................................................................................................................................................................................................................................................................................................................................................................................................................................................................................................................................................................................................................................................................................................................................................................................................................................................................................................................................................................................................................................................................................................................................................................................................................................................................................................................................................................................................................................................................................................................................................................................................................................................................................................................................................................................................................................................................................................................................................................................................................................................................................................................................................................................................................................................................................................................................................................................................................................................................................................................................................................................................................................................................................................................................................................................................................................................................................................................................................................................................................................................................................................................................................................................................................................................................................................................................................................................................................................................................................................................................................................................................................................................................................................................................................................................................................................................................................................................................................................................................................................................................................................................................................................................................................................................................................................................................................................................................................................................................................................................................................................................................................................................................................................................................................................................................................................................................................................................................................................................................................................................................................................................................................................................................................................................................................................................................................................................................................................................................................................................................................................................................................................................................................................................................................................................................................................................................................................................................................................................................................................................................................................................................................................................................................................................................................................................................................................................................................................................................................................................................................................................................................................................................................................................................................................................................................................................................................................................................................................................................................................................................................................................................................................................................................................................................................................................................................................................................................................................................................................................................................................................................................................................................................................................................................................................................................................................................................................................................................................................................................................................................................................................................................................................................................................................................................................................................................................................................................................................................................................................................................................................................................................................................................................................................................................................................................................................................................................................................................................................................................................................................................................................................................................................................................................................................................................................................................................................................................................................................................................................................................................................................................................................................................................................................................................................................................................................................................................................................................................................................................................................................................................................................................................................................................................................................................................................................................................................................................................................................................................................................................................................................................................................................................................................................................................................................................................................................................................................................................................................................................................................................................................................................................................................................................................................................................................................................................................................................................................................................................................................................................................................................................................................................................................................................................................................................................................................................................................................................................................................................................................................................................................................................................................................................................................................................................................................................................................................................................................................................................................................................................................................................................................................................................................................................................................................................................................................................................................................................................................................................................................................................................................................................................................................................................................................................................................................................................................................................................................................................................................................................................................................................................................................................................................................................................................................................................................................................................................................................................................................................................................................................................................................................................................................................................................................................................................................................................................................................................................................................................................................................................................................................................................................................................................................................................................................................................................................................................................................................................................................................................................................................................................................................................................................................................................................................................................................................................................................................................................................................................................................................................................................................................................................................................................................................................................................2 ms. Memory: 129024K Free: 110480K (86%)
3 ms. Memory: 129024K Free: 109984K (85%)
1 ms. Memory: 129024K Free: 109470K (85%)
2 ms. Memory: 129024K Free: 108960K (84%)
3 ms. Memory: 129024K Free: 107936K (84%)
/home/travis/build/icyphy/ptII/ptolemy/actor/lib/test/IIR.tcl
/home/travis/build/icyphy/ptII/ptolemy/actor/lib/test/Interpolator.tcl
4 ms. Memory: 129024K Free: 104344K (81%)
2 ms. Memory: 129024K Free: 103840K (80%)
2 ms. Memory: 129024K Free: 103326K (80%)
2 ms. Memory: 129024K Free: 102288K (79%)
15 ms. Memory: 129024K Free: 101792K (79%)
2 ms. Memory: 129024K Free: 100768K (78%)
2 ms. Memory: 129024K Free: 99744K (77%)
10 ms. Memory: 129024K Free: 99200K (77%)
2 ms. Memory: 129024K Free: 98192K (76%)
2 ms. Memory: 129024K Free: 97168K (75%)
/home/travis/build/icyphy/ptII/ptolemy/actor/lib/test/MathFunction.tcl
11 ms. Memory: 129024K Free: 95134K (74%)
2 ms. Memory: 129024K Free: 94110K (73%)
2 ms. Memory: 129024K Free: 93072K (72%)
2 ms. Memory: 129024K Free: 92048K (71%)
3 ms. Memory: 129024K Free: 91008K (71%)
5 ms. Memory: 129024K Free: 88990K (69%)
/home/travis/build/icyphy/ptII/ptolemy/actor/lib/test/Maximum.tcl
4 ms. Memory: 129024K Free: 86942K (67%)
5 ms. Memory: 129024K Free: 86432K (67%)
5 ms. Memory: 129024K Free: 85912K (67%)
4 ms. Memory: 129024K Free: 84894K (66%)
/home/travis/build/icyphy/ptII/ptolemy/actor/lib/test/Minimum.tcl
6 ms. Memory: 129024K Free: 83360K (65%)
3 ms. Memory: 129024K Free: 82832K (64%)
3 ms. Memory: 129024K Free: 82336K (64%)
3 ms. Memory: 129024K Free: 81312K (63%)
/home/travis/build/icyphy/ptII/ptolemy/actor/lib/test/MultiplyDivide.tcl
9 ms. Memory: 129024K Free: 79744K (62%)
9 ms. Memory: 129024K Free: 78736K (61%)
2 ms. Memory: 129024K Free: 78240K (61%)
7 ms. Memory: 129024K Free: 77216K (60%)
3 ms. Memory: 129024K Free: 76688K (59%)
/home/travis/build/icyphy/ptII/ptolemy/actor/lib/test/OrderedMerge.tcl
Connections changed on port: inputA
Connections changed on port: inputB
Connections changed on port: output
Connections changed on port: output
Connections changed on port: output
Connections changed on port: input
.top. Preinitializing ...
Invoking preinitialize():  .top.OrderedMerge
Called preinitialize()
Invoking preinitialize():  .top.Ramp
Called preinitialize()
Invoking preinitialize():  .top.Ramp2
Called preinitialize()
Invoking preinitialize():  .top.Test
Called preinitialize()
Connections changed on port: inputA
Connections changed on port: output
Connections changed on port: output
Connections changed on port: input
Connections changed on port: inputB
Connections changed on port: output
.top. Finished preinitialize().
Called initialize().
Invoking initialize():  .top.OrderedMerge
Initializing actor: .top.OrderedMerge
Adding a thread: .top.OrderedMerge
Invoking initialize():  .top.Ramp
Initializing actor: .top.Ramp
Adding a thread: .top.Ramp
Invoking initialize():  .top.Ramp2
Initializing actor: .top.Ramp2
Adding a thread: .top.Ramp2
Invoking initialize():  .top.Test
Initializing actor: .top.Test
Adding a thread: .top.Test
Called fire().
Checking for deadlock:
-- Starting thread.
-- Starting thread.
Called initialize()
-- Starting thread.
Called initialize()
Called prefire()
Called fire()
Called initialize()
Called prefire()
Called prefire()
-- Starting thread.
Called initialize()
Called fire()
Called prefire()
Called fire()
Called fire()
There are 0 Blocked actors, 0 Stopped actors, and 4 active threads.
Waiting for actors to stop.
Called postfire()
Called prefire()
Called fire()
Called postfire()
Called prefire()
Called fire()
Called postfire()
Called prefire()
Called fire()
Checking for deadlock:
Read input token from inputA with value 0.0
There are 3 Blocked actors, 0 Stopped actors, and 4 active threads.
Waiting for actors to stop.
Next port to read input from is inputB
Called postfire()
Called prefire()
Called fire()
Read input token from inputB with value 0.0
Called postfire()
Called prefire()
Called fire()
Sent output token with value 0.0
Next port to read input from is inputA
Called postfire()
Called prefire()
Called fire()
Read input token from inputA with value 1.0
Called postfire()
Called prefire()
Called fire()
Checking for deadlock:
There are 2 Blocked actors, 0 Stopped actors, and 4 active threads.
Waiting for actors to stop.
-- Read input: 0.0, which is expected to match: 0.0
Called prefire()
Called fire()
Sent output token with value 0.0
Next port to read input from is inputB
Called postfire()
Called prefire()
Called fire()
Read input token from inputB with value 1.5
Called postfire()
Called prefire()
Called fire()
-- Read input: 0.0, which is expected to match: 0.0
Called prefire()
Called fire()
Checking for deadlock:
There are 3 Blocked actors, 0 Stopped actors, and 4 active threads.
Waiting for actors to stop.
Sent output token with value 1.0
Next port to read input from is inputA
Called postfire()
Called prefire()
Called fire()
Read input token from inputA with value 2.0
-- Read input: 1.0, which is expected to match: 1.0
Called prefire()
Called fire()
Called postfire()
Called prefire()
Called fire()
Checking for deadlock:
There are 3 Blocked actors, 0 Stopped actors, and 4 active threads.
Waiting for actors to stop.
Sent output token with value 1.5
Next port to read input from is inputB
Called postfire()
Called prefire()
Called fire()
Read input token from inputB with value 3.0
-- Read input: 1.5, which is expected to match: 1.5
Called prefire()
Called fire()
Checking for deadlock:
There are 2 Blocked actors, 0 Stopped actors, and 4 active threads.
Waiting for actors to stop.
Sent output token with value 2.0
Next port to read input from is inputA
Called postfire()
Called prefire()
Called fire()
Read input token from inputA with value 3.0
-- Read input: 2.0, which is expected to match: 2.0
Called prefire()
Called fire()
Called postfire()
Called prefire()
Called fire()
Called postfire()
Called prefire()
Called fire()
Checking for deadlock:
There are 3 Blocked actors, 0 Stopped actors, and 4 active threads.
Waiting for actors to stop.
Sent output token with value 3.0
Next port to read input from is inputB
Called postfire()
Called prefire()
Called fire()
Read input token from inputB with value 4.5
Called postfire()
Called prefire()
Called fire()
-- Read input: 3.0, which is expected to match: 3.0
Called prefire()
Called fire()
Checking for deadlock:
There are 3 Blocked actors, 0 Stopped actors, and 4 active threads.
Waiting for actors to stop.
Sent output token with value 3.0
Next port to read input from is inputA
Called postfire()
Called prefire()
Called fire()
Read input token from inputA with value 4.0
-- Read input: 3.0, which is expected to match: 3.0
Called prefire()
Called fire()
Checking for deadlock:
There are 2 Blocked actors, 0 Stopped actors, and 4 active threads.
Waiting for actors to stop.
Called postfire()
Called prefire()
Called fire()
Checking for deadlock:
Sent output token with value 4.0
Next port to read input from is inputA
Called postfire()
Called prefire()
Called fire()
There are 2 Blocked actors, 0 Stopped actors, and 4 active threads.
Waiting for actors to stop.
-- Read input: 4.0, which is expected to match: 4.0
Called prefire()
Called fire()
Past the end of training data. Read and discard all inputs.
Called postfire()
Called prefire()
Called fire()
Read input token from inputA with value 5.0
Sent output token with value 4.5
Next port to read input from is inputB
Called postfire()
Called prefire()
Called fire()
Read input token from inputB with value 6.0
Checking for deadlock:
There are 2 Blocked actors, 0 Stopped actors, and 4 active threads.
Waiting for actors to stop.
Called postfire()
Called prefire()
Called fire()
Called prefire()
Called fire()
Past the end of training data. Read and discard all inputs.
Checking for deadlock:
There are 3 Blocked actors, 0 Stopped actors, and 4 active threads.
Waiting for actors to stop.
Sent output token with value 5.0
Next port to read input from is inputA
Called postfire()
Called prefire()
Called fire()
Read input token from inputA with value 6.0
Called prefire()
Called fire()
Past the end of training data. Read and discard all inputs.
Checking for deadlock:
There are 2 Blocked actors, 0 Stopped actors, and 4 active threads.
Waiting for actors to stop.
Called postfire()
Called prefire()
Called fire()
Sent output token with value 6.0
Next port to read input from is inputB
Called postfire()
Called prefire()
Called fire()
Read input token from inputB with value 7.5
Checking for deadlock:
There are 2 Blocked actors, 0 Stopped actors, and 4 active threads.
Waiting for actors to stop.
Called prefire()
Called fire()
Past the end of training data. Read and discard all inputs.
Called postfire()
Called prefire()
Called fire()
Checking for deadlock:
There are 3 Blocked actors, 0 Stopped actors, and 4 active threads.
Waiting for actors to stop.
Sent output token with value 6.0
Next port to read input from is inputA
Called postfire()
Called prefire()
Called fire()
Read input token from inputA with value 7.0
Called prefire()
Called fire()
Past the end of training data. Read and discard all inputs.
Called postfire()
Called prefire()
Called fire()
Checking for deadlock:
There are 3 Blocked actors, 0 Stopped actors, and 4 active threads.
Waiting for actors to stop.
Called prefire()
Called fire()
Past the end of training data. Read and discard all inputs.
Sent output token with value 7.0
Next port to read input from is inputA
Called postfire()
Called prefire()
Called fire()
Read input token from inputA with value 8.0
Sent output token with value 7.5
Next port to read input from is inputB
Called postfire()
Called prefire()
Called fire()
Read input token from inputB with value 9.0
Checking for deadlock:
There are 1 Blocked actors, 0 Stopped actors, and 4 active threads.
Waiting for actors to stop.
Called prefire()
Called fire()
Past the end of training data. Read and discard all inputs.
-- Thread wrapup() called.
Called wrapup()
Thread .top.Ramp is exiting.
-- Thread stopped.
Checking for deadlock:
There are 1 Blocked actors, 0 Stopped actors, and 3 active threads.
Waiting for actors to stop.
Sent output token with value 8.0
Next port to read input from is inputA
Called postfire()
Called prefire()
Called fire()
Read input token from inputA with value 9.0
Called postfire()
Called prefire()
Called fire()
Called prefire()
Called fire()
Past the end of training data. Read and discard all inputs.
Sent output token with value 9.0
Next port to read input from is inputB
Called postfire()
Called prefire()
Called fire()
Read input token from inputB with value 10.5
Checking for deadlock:
There are 1 Blocked actors, 0 Stopped actors, and 3 active threads.
Waiting for actors to stop.
Called prefire()
Called fire()
Past the end of training data. Read and discard all inputs.
Called postfire()
Called prefire()
Called fire()
Checking for deadlock:
There are 2 Blocked actors, 0 Stopped actors, and 3 active threads.
Waiting for actors to stop.
Sent output token with value 9.0
Next port to read input from is inputA
Called postfire()
Called prefire()
Called fire()
Called prefire()
Called fire()
Past the end of training data. Read and discard all inputs.
Checking for deadlock:
There are 3 Blocked actors, 0 Stopped actors, and 3 active threads.
Actors have stopped.
Checking for deadlock:
There are 3 Blocked actors, 0 Stopped actors, and 3 active threads.
Deadlock detected.
Resolving Deadlock
Checking for deadlock:
There are 3 Blocked actors, 0 Stopped actors, and 3 active threads.
Artificial Deadlock - increasing queue capacity.
increasing the capacity of receiver ptolemy.actor.TypedIOPort {.top.OrderedMerge.inputB} to 2
-- Thread wrapup() called.
Called wrapup()
Thread .top.Ramp2 is exiting.
-- Thread stopped.
Director: Called postfire().
Called postfire().
_stopRequested = false
_stopFireRequested = false
Returning from postfire(): true
Called fire().
Checking for deadlock:
There are 2 Blocked actors, 0 Stopped actors, and 2 active threads.
Actors have stopped.
Checking for deadlock:
There are 2 Blocked actors, 0 Stopped actors, and 2 active threads.
Deadlock detected.
Resolving Deadlock
Checking for deadlock:
There are 2 Blocked actors, 0 Stopped actors, and 2 active threads.
Deadlock detected: no processes blocked on write, but some are blocked on read.
Called postfire().
_stopRequested = false
_stopFireRequested = false
Returning from postfire(): false
Finished deactivating branches.
Called wrapup().
-- Thread wrapup() called.
Called wrapup()
Thread .top.OrderedMerge is exiting.
-- Thread stopped.
-- Blocked Receiver call threw TerminateProcessException.
-- Thread wrapup() called.
Called wrapup()
Thread .top.Test is exiting.
-- Thread stopped.
-- Blocked Receiver call threw TerminateProcessException.
47 ms. Memory: 129024K Free: 71582K (55%)
.top. Preinitializing ...
Invoking preinitialize():  .top.OrderedMerge
Called preinitialize()
Invoking preinitialize():  .top.Ramp
Called preinitialize()
Invoking preinitialize():  .top.Ramp2
Called preinitialize()
Invoking preinitialize():  .top.Test
Called preinitialize()
.top. Finished preinitialize().
Called initialize().
Invoking initialize():  .top.OrderedMerge
Initializing actor: .top.OrderedMerge
Adding a thread: .top.OrderedMerge
Invoking initialize():  .top.Ramp
Initializing actor: .top.Ramp
Adding a thread: .top.Ramp
Invoking initialize():  .top.Ramp2
Initializing actor: .top.Ramp2
Adding a thread: .top.Ramp2
Invoking initialize():  .top.Test
Initializing actor: .top.Test
Adding a thread: .top.Test
-- Starting thread.
Called initialize()
Called prefire()
Called fire()
-- Starting thread.
Called initialize()
Called prefire()
Called fire()
Called postfire()
Called prefire()
Called fire()
-- Starting thread.
Called fire().
Called initialize()
Checking for deadlock:
There are 2 Blocked actors, 0 Stopped actors, and 4 active threads.
Waiting for actors to stop.
-- Starting thread.
Called initialize()
Called prefire()
Called fire()
Called prefire()
Called fire()
Called postfire()
Called prefire()
Called fire()
Checking for deadlock:
There are 3 Blocked actors, 0 Stopped actors, and 4 active threads.
Waiting for actors to stop.
Checking for deadlock:
There are 2 Blocked actors, 0 Stopped actors, and 4 active threads.
Waiting for actors to stop.
Called postfire()
Called prefire()
Called fire()
Checking for deadlock:
There are 3 Blocked actors, 0 Stopped actors, and 4 active threads.
Waiting for actors to stop.
Read input token from inputA with value 0.0
Next port to read input from is inputB
Called postfire()
Called prefire()
Called fire()
Checking for deadlock:
There are 2 Blocked actors, 0 Stopped actors, and 4 active threads.
Waiting for actors to stop.
Called postfire()
Called prefire()
Called fire()
Checking for deadlock:
There are 3 Blocked actors, 0 Stopped actors, and 4 active threads.
Waiting for actors to stop.
Read input token from inputB with value 0.0
Checking for deadlock:
There are 2 Blocked actors, 0 Stopped actors, and 4 active threads.
Waiting for actors to stop.
-- Read input: 0.0, which is expected to match: 0.0
Called prefire()
Called fire()
Checking for deadlock:
There are 3 Blocked actors, 0 Stopped actors, and 4 active threads.
Waiting for actors to stop.
Sent output token with value 0.0
Next port to read input from is inputA
Called postfire()
Called prefire()
Called fire()
Called postfire()
Called prefire()
Called fire()
Checking for deadlock:
There are 3 Blocked actors, 0 Stopped actors, and 4 active threads.
Waiting for actors to stop.
Read input token from inputA with value 1.0
-- Read input: 0.0, which is expected to match: 0.0
Called prefire()
Called fire()
Checking for deadlock:
There are 3 Blocked actors, 0 Stopped actors, and 4 active threads.
Waiting for actors to stop.
Sent output token with value 0.0
Next port to read input from is inputB
Called postfire()
Called prefire()
Called fire()
Checking for deadlock:
There are 2 Blocked actors, 0 Stopped actors, and 4 active threads.
Waiting for actors to stop.
Called postfire()
Called prefire()
Called fire()
Checking for deadlock:
There are 3 Blocked actors, 0 Stopped actors, and 4 active threads.
Waiting for actors to stop.
Read input token from inputB with value 1.5
Checking for deadlock:
There are 2 Blocked actors, 0 Stopped actors, and 4 active threads.
Waiting for actors to stop.
-- Read input: 1.0, which is expected to match: 1.0
Called prefire()
Called fire()
Checking for deadlock:
There are 3 Blocked actors, 0 Stopped actors, and 4 active threads.
Waiting for actors to stop.
Sent output token with value 1.0
Next port to read input from is inputA
Called postfire()
Called prefire()
Called fire()
Called postfire()
Called prefire()
Called fire()
Checking for deadlock:
There are 3 Blocked actors, 0 Stopped actors, and 4 active threads.
Waiting for actors to stop.
Read input token from inputA with value 2.0
-- Read input: 1.5, which is expected to match: 1.5
Called prefire()
Called fire()
Checking for deadlock:
There are 3 Blocked actors, 0 Stopped actors, and 4 active threads.
Waiting for actors to stop.
Sent output token with value 1.5
Next port to read input from is inputB
Called postfire()
Called prefire()
Called fire()
Checking for deadlock:
There are 2 Blocked actors, 0 Stopped actors, and 4 active threads.
Waiting for actors to stop.
Called postfire()
Called prefire()
Called fire()
Checking for deadlock:
There are 3 Blocked actors, 0 Stopped actors, and 4 active threads.
Waiting for actors to stop.
Read input token from inputB with value 3.0
Checking for deadlock:
There are 2 Blocked actors, 0 Stopped actors, and 4 active threads.
Waiting for actors to stop.
-- Read input: 2.0, which is expected to match: 2.0
Called prefire()
Called fire()
Checking for deadlock:
There are 3 Blocked actors, 0 Stopped actors, and 4 active threads.
Waiting for actors to stop.
Sent output token with value 2.0
Next port to read input from is inputA
Called postfire()
Called prefire()
Called fire()
Called postfire()
Called prefire()
Called fire()
Checking for deadlock:
There are 3 Blocked actors, 0 Stopped actors, and 4 active threads.
Waiting for actors to stop.
Read input token from inputA with value 3.0
-- Read input: 3.0, which is expected to match: 3.0
Called prefire()
Called fire()
Checking for deadlock:
There are 3 Blocked actors, 0 Stopped actors, and 4 active threads.
Waiting for actors to stop.
Sent output token with value 3.0
Next port to read input from is inputB
Called postfire()
Called prefire()
Called fire()
Checking for deadlock:
There are 2 Blocked actors, 0 Stopped actors, and 4 active threads.
Waiting for actors to stop.
Called postfire()
Called prefire()
Called fire()
Checking for deadlock:
There are 3 Blocked actors, 0 Stopped actors, and 4 active threads.
Waiting for actors to stop.
Read input token from inputB with value 4.5
Checking for deadlock:
There are 2 Blocked actors, 0 Stopped actors, and 4 active threads.
Waiting for actors to stop.
-- Read input: 3.0, which is expected to match: 3.0
Called prefire()
Called fire()
Checking for deadlock:
There are 3 Blocked actors, 0 Stopped actors, and 4 active threads.
Waiting for actors to stop.
Sent output token with value 3.0
Next port to read input from is inputA
Called postfire()
Called prefire()
Called fire()
Called postfire()
Called prefire()
Called fire()
Checking for deadlock:
There are 3 Blocked actors, 0 Stopped actors, and 4 active threads.
Waiting for actors to stop.
Read input token from inputA with value 4.0
-- Read input: 4.0, which is expected to match: 4.0
Called prefire()
Called fire()
Past the end of training data. Read and discard all inputs.
Checking for deadlock:
There are 3 Blocked actors, 0 Stopped actors, and 4 active threads.
Waiting for actors to stop.
Sent output token with value 4.0
Next port to read input from is inputA
Called postfire()
Called prefire()
Called fire()
Called postfire()
Called prefire()
Called fire()
Checking for deadlock:
There are 3 Blocked actors, 0 Stopped actors, and 4 active threads.
Waiting for actors to stop.
Read input token from inputA with value 5.0
Called prefire()
Called fire()
Past the end of training data. Read and discard all inputs.
Checking for deadlock:
There are 3 Blocked actors, 0 Stopped actors, and 4 active threads.
Waiting for actors to stop.
Sent output token with value 4.5
Next port to read input from is inputB
Called postfire()
Called prefire()
Called fire()
Checking for deadlock:
There are 2 Blocked actors, 0 Stopped actors, and 4 active threads.
Waiting for actors to stop.
Called postfire()
Called prefire()
Called fire()
Checking for deadlock:
There are 3 Blocked actors, 0 Stopped actors, and 4 active threads.
Waiting for actors to stop.
Read input token from inputB with value 6.0
Checking for deadlock:
There are 2 Blocked actors, 0 Stopped actors, and 4 active threads.
Waiting for actors to stop.
Called prefire()
Called fire()
Past the end of training data. Read and discard all inputs.
Checking for deadlock:
There are 3 Blocked actors, 0 Stopped actors, and 4 active threads.
Waiting for actors to stop.
Sent output token with value 5.0
Next port to read input from is inputA
Called postfire()
Called prefire()
Called fire()
Called postfire()
Called prefire()
Called fire()
Checking for deadlock:
There are 3 Blocked actors, 0 Stopped actors, and 4 active threads.
Waiting for actors to stop.
Read input token from inputA with value 6.0
Called prefire()
Called fire()
Past the end of training data. Read and discard all inputs.
Checking for deadlock:
There are 3 Blocked actors, 0 Stopped actors, and 4 active threads.
Waiting for actors to stop.
Sent output token with value 6.0
Next port to read input from is inputB
Called postfire()
Called prefire()
Called fire()
Checking for deadlock:
There are 2 Blocked actors, 0 Stopped actors, and 4 active threads.
Waiting for actors to stop.
Called postfire()
Called prefire()
Called fire()
Checking for deadlock:
There are 3 Blocked actors, 0 Stopped actors, and 4 active threads.
Waiting for actors to stop.
Read input token from inputB with value 7.5
Checking for deadlock:
There are 2 Blocked actors, 0 Stopped actors, and 4 active threads.
Waiting for actors to stop.
Called prefire()
Called fire()
Past the end of training data. Read and discard all inputs.
Checking for deadlock:
There are 3 Blocked actors, 0 Stopped actors, and 4 active threads.
Waiting for actors to stop.
Sent output token with value 6.0
Next port to read input from is inputA
Called postfire()
Called prefire()
Called fire()
Called postfire()
Called prefire()
Called fire()
Checking for deadlock:
There are 3 Blocked actors, 0 Stopped actors, and 4 active threads.
Waiting for actors to stop.
Read input token from inputA with value 7.0
Called prefire()
Called fire()
Past the end of training data. Read and discard all inputs.
Checking for deadlock:
There are 3 Blocked actors, 0 Stopped actors, and 4 active threads.
Waiting for actors to stop.
Sent output token with value 7.0
Next port to read input from is inputA
Called postfire()
Called prefire()
Called fire()
-- Thread wrapup() called.
Called wrapup()
Thread .top.Ramp is exiting.
-- Thread stopped.
Checking for deadlock:
There are 2 Blocked actors, 0 Stopped actors, and 3 active threads.
Waiting for actors to stop.
Read input token from inputA with value 8.0
Checking for deadlock:
There are 1 Blocked actors, 0 Stopped actors, and 3 active threads.
Waiting for actors to stop.
Called prefire()
Called fire()
Past the end of training data. Read and discard all inputs.
Checking for deadlock:
There are 2 Blocked actors, 0 Stopped actors, and 3 active threads.
Waiting for actors to stop.
Sent output token with value 7.5
Next port to read input from is inputB
Called postfire()
Called prefire()
Called fire()
Checking for deadlock:
There are 1 Blocked actors, 0 Stopped actors, and 3 active threads.
Waiting for actors to stop.
Called postfire()
Called prefire()
Called fire()
Checking for deadlock:
There are 2 Blocked actors, 0 Stopped actors, and 3 active threads.
Waiting for actors to stop.
Read input token from inputB with value 9.0
Checking for deadlock:
There are 1 Blocked actors, 0 Stopped actors, and 3 active threads.
Waiting for actors to stop.
Called prefire()
Called fire()
Past the end of training data. Read and discard all inputs.
Checking for deadlock:
There are 2 Blocked actors, 0 Stopped actors, and 3 active threads.
Waiting for actors to stop.
Sent output token with value 8.0
Next port to read input from is inputA
Called postfire()
Called prefire()
Called fire()
Read input token from inputA with value 9.0
Called prefire()
Called fire()
Past the end of training data. Read and discard all inputs.
Checking for deadlock:
There are 2 Blocked actors, 0 Stopped actors, and 3 active threads.
Waiting for actors to stop.
Sent output token with value 9.0
Next port to read input from is inputB
Called postfire()
Called prefire()
Called fire()
Called postfire()
Called prefire()
Called fire()
Checking for deadlock:
There are 2 Blocked actors, 0 Stopped actors, and 3 active threads.
Waiting for actors to stop.
Read input token from inputB with value 10.5
Called prefire()
Called fire()
Past the end of training data. Read and discard all inputs.
Checking for deadlock:
There are 2 Blocked actors, 0 Stopped actors, and 3 active threads.
Waiting for actors to stop.
Sent output token with value 9.0
Next port to read input from is inputA
Called postfire()
Called prefire()
Called fire()
Checking for deadlock:
There are 3 Blocked actors, 0 Stopped actors, and 3 active threads.
Actors have stopped.
Checking for deadlock:
There are 3 Blocked actors, 0 Stopped actors, and 3 active threads.
Deadlock detected.
Resolving Deadlock
Checking for deadlock:
There are 3 Blocked actors, 0 Stopped actors, and 3 active threads.
Artificial Deadlock - increasing queue capacity.
increasing the capacity of receiver ptolemy.actor.TypedIOPort {.top.OrderedMerge.inputB} to 2
Director: Called postfire().
Called postfire().
_stopRequested = false
_stopFireRequested = false
Returning from postfire(): true
Called fire().
Checking for deadlock:
There are 2 Blocked actors, 0 Stopped actors, and 3 active threads.
Waiting for actors to stop.
-- Thread wrapup() called.
Called wrapup()
Thread .top.Ramp2 is exiting.
-- Thread stopped.
Checking for deadlock:
There are 2 Blocked actors, 0 Stopped actors, and 2 active threads.
Actors have stopped.
Checking for deadlock:
There are 2 Blocked actors, 0 Stopped actors, and 2 active threads.
Deadlock detected.
Resolving Deadlock
Checking for deadlock:
There are 2 Blocked actors, 0 Stopped actors, and 2 active threads.
Deadlock detected: no processes blocked on write, but some are blocked on read.
Called postfire().
_stopRequested = false
_stopFireRequested = false
Returning from postfire(): false
Finished deactivating branches.
Called wrapup().
-- Thread wrapup() called.
Called wrapup()
-- Thread wrapup() called.
Called wrapup()
Thread .top.Test is exiting.
-- Thread stopped.
-- Blocked Receiver call threw TerminateProcessException.
Thread .top.OrderedMerge is exiting.
29 ms. Memory: 129024K Free: 69534K (54%)
/home/travis/build/icyphy/ptII/ptolemy/actor/lib/test/Publisher.tcl
-- Thread stopped.
-- Blocked Receiver call threw TerminateProcessException.
15 ms. Memory: 129024K Free: 63390K (49%)
26 ms. Memory: 129024K Free: 110688K (86%)
7 ms. Memory: 129024K Free: 106987K (83%)
4 ms. Memory: 129024K Free: 106072K (82%)
5 ms. Memory: 129024K Free: 105040K (81%)
12 ms. Memory: 129024K Free: 104030K (81%)
2 ms. Memory: 129024K Free: 103520K (80%)
9 ms. Memory: 129024K Free: 102496K (79%)
17 ms. Memory: 129024K Free: 92766K (72%)
8 ms. Memory: 129024K Free: 88670K (69%)
2 ms. Memory: 129024K Free: 88160K (68%)
3 ms. Memory: 129024K Free: 86112K (67%)
6 ms. Memory: 129024K Free: 78430K (61%)
5 ms. Memory: 129024K Free: 68704K (53%)
5 ms. Memory: 129024K Free: 57440K (45%)
/home/travis/build/icyphy/ptII/ptolemy/actor/lib/test/Pulse.tcl
4 ms. Memory: 159744K Free: 114644K (72%)
10 ms. Memory: 159744K Free: 114148K (71%)
2 ms. Memory: 159744K Free: 113634K (71%)
10 ms. Memory: 159744K Free: 113124K (71%)
2 ms. Memory: 159744K Free: 112610K (70%)
14 ms. Memory: 159744K Free: 111076K (70%)
10 ms. Memory: 159744K Free: 110052K (69%)
1 ms. Memory: 159744K Free: 109532K (69%)
1 ms. Memory: 159744K Free: 109028K (68%)
/home/travis/build/icyphy/ptII/ptolemy/actor/lib/test/Ramp.tcl
5 ms. Memory: 159744K Free: 106980K (67%)
4 ms. Memory: 159744K Free: 105956K (66%)
2 ms. Memory: 159744K Free: 105428K (66%)
1 ms. Memory: 159744K Free: 104404K (65%)
6 ms. Memory: 159744K Free: 103908K (65%)
8 ms. Memory: 159744K Free: 102884K (64%)
5 ms. Memory: 159744K Free: 101860K (64%)
5 actors
8000 microseconds per iteration to create
10 ms. Memory: 159744K Free: 99284K (62%)
1 ms. Memory: 159744K Free: 98788K (62%)
6 ms. Memory: 159744K Free: 98268K (62%)
2 ms. Memory: 159744K Free: 97236K (61%)
50 actors
46000 microseconds per iteration to create
42 ms. Memory: 159744K Free: 81890K (51%)
5 ms. Memory: 159744K Free: 80866K (51%)
12 ms. Memory: 159744K Free: 79843K (50%)
7 ms. Memory: 159744K Free: 78818K (49%)
500 actors
1325000 microseconds per iteration to create
229 ms. Memory: 159744K Free: 70020K (44%)
41 ms. Memory: 159744K Free: 64900K (41%)
42 ms. Memory: 159744K Free: 59780K (37%)
51 ms. Memory: 159744K Free: 134726K (84%)
/home/travis/build/icyphy/ptII/ptolemy/actor/lib/test/RampContinuous.tcl
8 ms. Memory: 159744K Free: 133132K (83%)
/home/travis/build/icyphy/ptII/ptolemy/actor/lib/test/RecordAssembler.tcl
5 ms. Memory: 159744K Free: 131654K (82%)
3 ms. Memory: 159744K Free: 130630K (82%)
/home/travis/build/icyphy/ptII/ptolemy/actor/lib/test/RecordDisassembler.tcl
13 ms. Memory: 159744K Free: 128582K (80%)
5 ms. Memory: 159744K Free: 128054K (80%)
4 ms. Memory: 159744K Free: 126534K (79%)
/home/travis/build/icyphy/ptII/ptolemy/actor/lib/test/Scale.tcl
3 ms. Memory: 159744K Free: 124996K (78%)
1 ms. Memory: 159744K Free: 123972K (78%)
2 ms. Memory: 159744K Free: 123462K (77%)
3 ms. Memory: 159744K Free: 122438K (77%)
2 ms. Memory: 159744K Free: 121918K (76%)
/home/travis/build/icyphy/ptII/ptolemy/actor/lib/test/SequentialClock.tcl
preinitializing
resolving types
initializing
executing number 1
wrapping up
idle
2 ms. Memory: 159744K Free: 120390K (75%)
Completed execution with 5 iterations
preinitializing
resolving types
initializing
executing number 1
wrapping up
idle
2 ms. Memory: 159744K Free: 119862K (75%)
Completed execution with 5 iterations
preinitializing
resolving types
initializing
executing number 1
wrapping up
idle
1 ms. Memory: 159744K Free: 119366K (75%)
Completed execution with 5 iterations
/home/travis/build/icyphy/ptII/ptolemy/actor/lib/test/SetVariable.tcl
4 ms. Memory: 159744K Free: 117814K (74%)
/home/travis/build/icyphy/ptII/ptolemy/actor/lib/test/Sinewave.tcl
/home/travis/build/icyphy/ptII/ptolemy/actor/lib/test/SubscriptionAggregator.tcl
4 ms. Memory: 159744K Free: 106054K (66%)
2 ms. Memory: 159744K Free: 105540K (66%)
1 ms. Memory: 159744K Free: 105030K (66%)
0 ms. Memory: 159744K Free: 104502K (65%)
1 ms. Memory: 159744K Free: 100934K (63%)
8 ms. Memory: 159744K Free: 98886K (62%)
...............................................................1032 ms. Memory: 279552K Free: 192581K (69%)
/home/travis/build/icyphy/ptII/ptolemy/actor/lib/test/Test.tcl
 The next command will produce a warning about training mode,
   which may be ignored.
8 ms. Memory: 279552K Free: 190535K (68%)
8 ms. Memory: 279552K Free: 190006K (68%)
1 ms. Memory: 279552K Free: 188966K (68%)
5 ms. Memory: 279552K Free: 188487K (67%)
3 ms. Memory: 279552K Free: 187973K (67%)
3 ms. Memory: 279552K Free: 186918K (67%)
4 ms. Memory: 279552K Free: 185415K (66%)
 The next command will produce a warning about training mode,
   which may be ignored.
5 ms. Memory: 279552K Free: 182838K (65%)
 The next command will produce a warning about training mode,
   which may be ignored.
3 ms. Memory: 279552K Free: 181822K (65%)
1 ms. Memory: 279552K Free: 181319K (65%)
1 ms. Memory: 279552K Free: 180790K (65%)
3 ms. Memory: 279552K Free: 180295K (64%)
8 ms. Memory: 279552K Free: 179271K (64%)
5 ms. Memory: 279552K Free: 175678K (63%)
/home/travis/build/icyphy/ptII/ptolemy/actor/lib/test/TestExceptionHandler.tcl
 The next command will produce a warning about training mode,
   which may be ignored.
3 ms. Memory: 279552K Free: 174151K (62%)
1 ms. Memory: 279552K Free: 173622K (62%)
1 ms. Memory: 279552K Free: 173127K (62%)
/home/travis/build/icyphy/ptII/ptolemy/actor/lib/test/UnionDisassembler.tcl
25 ms. Memory: 279552K Free: 165957K (59%)
/home/travis/build/icyphy/ptII/ptolemy/actor/lib/test/VariableClock.tcl
preinitializing
resolving types
initializing
executing number 1
wrapping up
idle
10 ms. Memory: 279552K Free: 163911K (59%)
Completed execution with 11 iterations
preinitializing
resolving types
initializing
executing number 1
wrapping up
idle
5 ms. Memory: 279552K Free: 162358K (58%)
Completed execution with 10 iterations
06/18/20 02:47:28
Failed: 0  Total Tests: 233  ((Passed: 233, Newly Passed: 0)  Known Failed: 0) /home/travis/build/icyphy/ptII/ptolemy/actor/lib/test
----------------- testing (KnownFailure) /home/travis/build/icyphy/ptII/ptolemy/actor/lib/test/auto/knownFailedTests/PublisherPortToplevelSubscriber.xml
0 ms. Memory: 279552K Free: 159301K (57%)
Known Failure: java.lang.reflect.InvocationTargetException
----------------- testing (KnownFailure) /home/travis/build/icyphy/ptII/ptolemy/actor/lib/test/auto/knownFailedTests/PublisherSubscriberPortToplevel.xml
1 ms. Memory: 279552K Free: 155205K (56%)
Known Failure: java.lang.reflect.InvocationTargetException
----------------- testing (KnownFailure) /home/travis/build/icyphy/ptII/ptolemy/actor/lib/test/auto/knownFailedTests/PublisherSubscriptionAggregatorPort.xml
0 ms. Memory: 279552K Free: 150599K (54%)
Known Failure: java.lang.reflect.InvocationTargetException
----------------- testing (KnownFailure) /home/travis/build/icyphy/ptII/ptolemy/actor/lib/test/auto/knownFailedTests/sizedarray3.xml
15 ms. Memory: 279552K Free: 146503K (52%)
Known Failure: java.lang.reflect.InvocationTargetException
No auto/linux-amd64/*.xml tests in /home/travis/build/icyphy/ptII/ptolemy/actor/lib/test
AutoTests.java: About to close Vertx.
AutoTests.java: Vertx closed.

===========================================================================================
----------------- testing Thu Jun 18 14:47:29 UTC 2020 /home/travis/build/icyphy/ptII/ptolemy/actor/lib/test/auto/AbsoluteValue.xml
----------------- Instantiating /home/travis/build/icyphy/ptII/ptolemy/actor/lib/test/auto/AbsoluteValue.xml
4 ms. Memory: 279552K Free: 123461K (44%)
----------------- Invoking toplevel() on ptolemy.moml.MoMLSimpleApplication@5b1159fb
----------------- Done invoking toplevel() on ptolemy.moml.MoMLSimpleApplication@5b1159fb
reloadAllAccessors: .AbsoluteValue

===========================================================================================
----------------- testing Thu Jun 18 14:47:29 UTC 2020 /home/travis/build/icyphy/ptII/ptolemy/actor/lib/test/auto/AbsoluteValue2.xml
----------------- Instantiating /home/travis/build/icyphy/ptII/ptolemy/actor/lib/test/auto/AbsoluteValue2.xml
8 ms. Memory: 279552K Free: 116807K (42%)
----------------- Invoking toplevel() on ptolemy.moml.MoMLSimpleApplication@71d1a171
----------------- Done invoking toplevel() on ptolemy.moml.MoMLSimpleApplication@71d1a171
reloadAllAccessors: .AbsoluteValue2

===========================================================================================
----------------- testing Thu Jun 18 14:47:29 UTC 2020 /home/travis/build/icyphy/ptII/ptolemy/actor/lib/test/auto/Accumulator.xml
----------------- Instantiating /home/travis/build/icyphy/ptII/ptolemy/actor/lib/test/auto/Accumulator.xml
5 ms. Memory: 279552K Free: 110149K (39%)
----------------- Invoking toplevel() on ptolemy.moml.MoMLSimpleApplication@525f9839
----------------- Done invoking toplevel() on ptolemy.moml.MoMLSimpleApplication@525f9839
reloadAllAccessors: .Accumulator

===========================================================================================
----------------- testing Thu Jun 18 14:47:29 UTC 2020 /home/travis/build/icyphy/ptII/ptolemy/actor/lib/test/auto/Accumulator2.xml
----------------- Instantiating /home/travis/build/icyphy/ptII/ptolemy/actor/lib/test/auto/Accumulator2.xml
3 ms. Memory: 279552K Free: 105029K (38%)
----------------- Invoking toplevel() on ptolemy.moml.MoMLSimpleApplication@7947b693
----------------- Done invoking toplevel() on ptolemy.moml.MoMLSimpleApplication@7947b693
reloadAllAccessors: .Accumulator2

===========================================================================================
----------------- testing Thu Jun 18 14:47:29 UTC 2020 /home/travis/build/icyphy/ptII/ptolemy/actor/lib/test/auto/Accumulator3.xml
----------------- Instantiating /home/travis/build/icyphy/ptII/ptolemy/actor/lib/test/auto/Accumulator3.xml
18 ms. Memory: 279552K Free: 230383K (82%)
----------------- Invoking toplevel() on ptolemy.moml.MoMLSimpleApplication@2e7c8de9
----------------- Done invoking toplevel() on ptolemy.moml.MoMLSimpleApplication@2e7c8de9
reloadAllAccessors: .Accumulator3

===========================================================================================
----------------- testing Thu Jun 18 14:47:29 UTC 2020 /home/travis/build/icyphy/ptII/ptolemy/actor/lib/test/auto/ArrayAppend.xml
----------------- Instantiating /home/travis/build/icyphy/ptII/ptolemy/actor/lib/test/auto/ArrayAppend.xml
4 ms. Memory: 279552K Free: 224239K (80%)
----------------- Invoking toplevel() on ptolemy.moml.MoMLSimpleApplication@408f77c3
----------------- Done invoking toplevel() on ptolemy.moml.MoMLSimpleApplication@408f77c3
reloadAllAccessors: .ArrayAppend

===========================================================================================
----------------- testing Thu Jun 18 14:47:29 UTC 2020 /home/travis/build/icyphy/ptII/ptolemy/actor/lib/test/auto/ArrayAppend2.xml
----------------- Instantiating /home/travis/build/icyphy/ptII/ptolemy/actor/lib/test/auto/ArrayAppend2.xml
301 ms. Memory: 279552K Free: 150016K (54%)
----------------- Invoking toplevel() on ptolemy.moml.MoMLSimpleApplication@56e8b511
----------------- Done invoking toplevel() on ptolemy.moml.MoMLSimpleApplication@56e8b511
reloadAllAccessors: .ArrayAppend2

===========================================================================================
----------------- testing Thu Jun 18 14:47:29 UTC 2020 /home/travis/build/icyphy/ptII/ptolemy/actor/lib/test/auto/ArrayAppend3.xml
----------------- Instantiating /home/travis/build/icyphy/ptII/ptolemy/actor/lib/test/auto/ArrayAppend3.xml
4 ms. Memory: 279552K Free: 144382K (52%)
----------------- Invoking toplevel() on ptolemy.moml.MoMLSimpleApplication@631849eb
----------------- Done invoking toplevel() on ptolemy.moml.MoMLSimpleApplication@631849eb
reloadAllAccessors: .ArrayAppend3

===========================================================================================
----------------- testing Thu Jun 18 14:47:29 UTC 2020 /home/travis/build/icyphy/ptII/ptolemy/actor/lib/test/auto/ArrayAppend4.xml
----------------- Instantiating /home/travis/build/icyphy/ptII/ptolemy/actor/lib/test/auto/ArrayAppend4.xml
3 ms. Memory: 279552K Free: 139262K (50%)
----------------- Invoking toplevel() on ptolemy.moml.MoMLSimpleApplication@6a882c5b
----------------- Done invoking toplevel() on ptolemy.moml.MoMLSimpleApplication@6a882c5b
reloadAllAccessors: .ArrayAppend4

===========================================================================================
----------------- testing Thu Jun 18 14:47:29 UTC 2020 /home/travis/build/icyphy/ptII/ptolemy/actor/lib/test/auto/ArrayAppend5.xml
----------------- Instantiating /home/travis/build/icyphy/ptII/ptolemy/actor/lib/test/auto/ArrayAppend5.xml
3 ms. Memory: 279552K Free: 134142K (48%)
----------------- Invoking toplevel() on ptolemy.moml.MoMLSimpleApplication@2fab0e62
----------------- Done invoking toplevel() on ptolemy.moml.MoMLSimpleApplication@2fab0e62
reloadAllAccessors: .ArrayAppend5

===========================================================================================
----------------- testing Thu Jun 18 14:47:29 UTC 2020 /home/travis/build/icyphy/ptII/ptolemy/actor/lib/test/auto/ArrayAppend6.xml
----------------- Instantiating /home/travis/build/icyphy/ptII/ptolemy/actor/lib/test/auto/ArrayAppend6.xml
3 ms. Memory: 279552K Free: 128512K (46%)
----------------- Invoking toplevel() on ptolemy.moml.MoMLSimpleApplication@2d9ec7c
----------------- Done invoking toplevel() on ptolemy.moml.MoMLSimpleApplication@2d9ec7c
reloadAllAccessors: .ArrayAppend6

===========================================================================================
----------------- testing Thu Jun 18 14:47:29 UTC 2020 /home/travis/build/icyphy/ptII/ptolemy/actor/lib/test/auto/ArrayAppendPerformanceTest.xml
----------------- Instantiating /home/travis/build/icyphy/ptII/ptolemy/actor/lib/test/auto/ArrayAppendPerformanceTest.xml
36 ms. Memory: 279552K Free: 117758K (42%)
----------------- Invoking toplevel() on ptolemy.moml.MoMLSimpleApplication@7946fa22
----------------- Done invoking toplevel() on ptolemy.moml.MoMLSimpleApplication@7946fa22
reloadAllAccessors: .ArrayAppendPerformanceTest

===========================================================================================
----------------- testing Thu Jun 18 14:47:30 UTC 2020 /home/travis/build/icyphy/ptII/ptolemy/actor/lib/test/auto/ArrayAppendWithEmptyInput.xml
----------------- Instantiating /home/travis/build/icyphy/ptII/ptolemy/actor/lib/test/auto/ArrayAppendWithEmptyInput.xml
17 ms. Memory: 279552K Free: 110080K (39%)
----------------- Invoking toplevel() on ptolemy.moml.MoMLSimpleApplication@77287700
----------------- Done invoking toplevel() on ptolemy.moml.MoMLSimpleApplication@77287700
reloadAllAccessors: .ArrayAppendWithEmptyInput

===========================================================================================
----------------- testing Thu Jun 18 14:47:30 UTC 2020 /home/travis/build/icyphy/ptII/ptolemy/actor/lib/test/auto/ArrayAverage.xml
----------------- Instantiating /home/travis/build/icyphy/ptII/ptolemy/actor/lib/test/auto/ArrayAverage.xml
11 ms. Memory: 279552K Free: 102398K (37%)
----------------- Invoking toplevel() on ptolemy.moml.MoMLSimpleApplication@6e204d6
----------------- Done invoking toplevel() on ptolemy.moml.MoMLSimpleApplication@6e204d6
reloadAllAccessors: .ArrayAverage

===========================================================================================
----------------- testing Thu Jun 18 14:47:30 UTC 2020 /home/travis/build/icyphy/ptII/ptolemy/actor/lib/test/auto/ArrayContains.xml
----------------- Instantiating /home/travis/build/icyphy/ptII/ptolemy/actor/lib/test/auto/ArrayContains.xml
3 ms. Memory: 279552K Free: 96254K (34%)
----------------- Invoking toplevel() on ptolemy.moml.MoMLSimpleApplication@4d4f6472
----------------- Done invoking toplevel() on ptolemy.moml.MoMLSimpleApplication@4d4f6472
reloadAllAccessors: .ArrayContains

===========================================================================================
----------------- testing Thu Jun 18 14:47:30 UTC 2020 /home/travis/build/icyphy/ptII/ptolemy/actor/lib/test/auto/ArrayElement.xml
----------------- Instantiating /home/travis/build/icyphy/ptII/ptolemy/actor/lib/test/auto/ArrayElement.xml
8 ms. Memory: 279552K Free: 90624K (32%)
----------------- Invoking toplevel() on ptolemy.moml.MoMLSimpleApplication@608ced55
----------------- Done invoking toplevel() on ptolemy.moml.MoMLSimpleApplication@608ced55
reloadAllAccessors: .ArrayElement

===========================================================================================
----------------- testing Thu Jun 18 14:47:30 UTC 2020 /home/travis/build/icyphy/ptII/ptolemy/actor/lib/test/auto/ArrayElementAsMatrix.xml
----------------- Instantiating /home/travis/build/icyphy/ptII/ptolemy/actor/lib/test/auto/ArrayElementAsMatrix.xml
26 ms. Memory: 279552K Free: 222349K (80%)
----------------- Invoking toplevel() on ptolemy.moml.MoMLSimpleApplication@1cdcffea
----------------- Done invoking toplevel() on ptolemy.moml.MoMLSimpleApplication@1cdcffea
reloadAllAccessors: .ArrayElementAsMatrix

===========================================================================================
----------------- testing Thu Jun 18 14:47:30 UTC 2020 /home/travis/build/icyphy/ptII/ptolemy/actor/lib/test/auto/ArrayElementI.xml
----------------- Instantiating /home/travis/build/icyphy/ptII/ptolemy/actor/lib/test/auto/ArrayElementI.xml
4 ms. Memory: 279552K Free: 217739K (78%)
----------------- Invoking toplevel() on ptolemy.moml.MoMLSimpleApplication@202a1cae
----------------- Done invoking toplevel() on ptolemy.moml.MoMLSimpleApplication@202a1cae
reloadAllAccessors: .ArrayElementI

===========================================================================================
----------------- testing Thu Jun 18 14:47:30 UTC 2020 /home/travis/build/icyphy/ptII/ptolemy/actor/lib/test/auto/ArrayExtract.xml
----------------- Instantiating /home/travis/build/icyphy/ptII/ptolemy/actor/lib/test/auto/ArrayExtract.xml
5 ms. Memory: 279552K Free: 209037K (75%)
----------------- Invoking toplevel() on ptolemy.moml.MoMLSimpleApplication@fca12c9
----------------- Done invoking toplevel() on ptolemy.moml.MoMLSimpleApplication@fca12c9
reloadAllAccessors: .ArrayExtract

===========================================================================================
----------------- testing Thu Jun 18 14:47:30 UTC 2020 /home/travis/build/icyphy/ptII/ptolemy/actor/lib/test/auto/ArrayExtract2.xml
----------------- Instantiating /home/travis/build/icyphy/ptII/ptolemy/actor/lib/test/auto/ArrayExtract2.xml
3 ms. Memory: 279552K Free: 203917K (73%)
----------------- Invoking toplevel() on ptolemy.moml.MoMLSimpleApplication@16332e1c
----------------- Done invoking toplevel() on ptolemy.moml.MoMLSimpleApplication@16332e1c
reloadAllAccessors: .ArrayExtract2

===========================================================================================
----------------- testing Thu Jun 18 14:47:30 UTC 2020 /home/travis/build/icyphy/ptII/ptolemy/actor/lib/test/auto/ArrayLength.xml
----------------- Instantiating /home/travis/build/icyphy/ptII/ptolemy/actor/lib/test/auto/ArrayLength.xml
2 ms. Memory: 279552K Free: 200331K (72%)
----------------- Invoking toplevel() on ptolemy.moml.MoMLSimpleApplication@4599c863
----------------- Done invoking toplevel() on ptolemy.moml.MoMLSimpleApplication@4599c863
reloadAllAccessors: .ArrayLength

===========================================================================================
----------------- testing Thu Jun 18 14:47:30 UTC 2020 /home/travis/build/icyphy/ptII/ptolemy/actor/lib/test/auto/ArrayLevelCrossing.xml
----------------- Instantiating /home/travis/build/icyphy/ptII/ptolemy/actor/lib/test/auto/ArrayLevelCrossing.xml
4 ms. Memory: 279552K Free: 192139K (69%)
----------------- Invoking toplevel() on ptolemy.moml.MoMLSimpleApplication@74bde07
----------------- Done invoking toplevel() on ptolemy.moml.MoMLSimpleApplication@74bde07
reloadAllAccessors: .ArrayLevelCrossing

===========================================================================================
----------------- testing Thu Jun 18 14:47:30 UTC 2020 /home/travis/build/icyphy/ptII/ptolemy/actor/lib/test/auto/ArrayLevelCrossing2.xml
----------------- Instantiating /home/travis/build/icyphy/ptII/ptolemy/actor/lib/test/auto/ArrayLevelCrossing2.xml
4 ms. Memory: 279552K Free: 185485K (66%)
----------------- Invoking toplevel() on ptolemy.moml.MoMLSimpleApplication@215fcaf8
----------------- Done invoking toplevel() on ptolemy.moml.MoMLSimpleApplication@215fcaf8
reloadAllAccessors: .ArrayLevelCrossing2

===========================================================================================
----------------- testing Thu Jun 18 14:47:30 UTC 2020 /home/travis/build/icyphy/ptII/ptolemy/actor/lib/test/auto/ArrayPeakSearch.xml
----------------- Instantiating /home/travis/build/icyphy/ptII/ptolemy/actor/lib/test/auto/ArrayPeakSearch.xml
6 ms. Memory: 279552K Free: 176269K (63%)
----------------- Invoking toplevel() on ptolemy.moml.MoMLSimpleApplication@477c4a03
----------------- Done invoking toplevel() on ptolemy.moml.MoMLSimpleApplication@477c4a03
reloadAllAccessors: .ArrayPeakSearch

===========================================================================================
----------------- testing Thu Jun 18 14:47:30 UTC 2020 /home/travis/build/icyphy/ptII/ptolemy/actor/lib/test/auto/ArrayPeakSearch2.xml
----------------- Instantiating /home/travis/build/icyphy/ptII/ptolemy/actor/lib/test/auto/ArrayPeakSearch2.xml
5 ms. Memory: 279552K Free: 166029K (59%)
----------------- Invoking toplevel() on ptolemy.moml.MoMLSimpleApplication@402ef7ec
----------------- Done invoking toplevel() on ptolemy.moml.MoMLSimpleApplication@402ef7ec
reloadAllAccessors: .ArrayPeakSearch2

===========================================================================================
----------------- testing Thu Jun 18 14:47:30 UTC 2020 /home/travis/build/icyphy/ptII/ptolemy/actor/lib/test/auto/ArrayPeakSearch3.xml
----------------- Instantiating /home/travis/build/icyphy/ptII/ptolemy/actor/lib/test/auto/ArrayPeakSearch3.xml
5 ms. Memory: 279552K Free: 156813K (56%)
----------------- Invoking toplevel() on ptolemy.moml.MoMLSimpleApplication@219e23f0
----------------- Done invoking toplevel() on ptolemy.moml.MoMLSimpleApplication@219e23f0
reloadAllAccessors: .ArrayPeakSearch3

===========================================================================================
----------------- testing Thu Jun 18 14:47:30 UTC 2020 /home/travis/build/icyphy/ptII/ptolemy/actor/lib/test/auto/ArrayRemoveElement.xml
----------------- Instantiating /home/travis/build/icyphy/ptII/ptolemy/actor/lib/test/auto/ArrayRemoveElement.xml
3 ms. Memory: 279552K Free: 149131K (53%)
----------------- Invoking toplevel() on ptolemy.moml.MoMLSimpleApplication@476695f0
----------------- Done invoking toplevel() on ptolemy.moml.MoMLSimpleApplication@476695f0
reloadAllAccessors: .ArrayRemoveElement

===========================================================================================
----------------- testing Thu Jun 18 14:47:30 UTC 2020 /home/travis/build/icyphy/ptII/ptolemy/actor/lib/test/auto/ArraySort.xml
----------------- Instantiating /home/travis/build/icyphy/ptII/ptolemy/actor/lib/test/auto/ArraySort.xml
10 ms. Memory: 279552K Free: 139915K (50%)
----------------- Invoking toplevel() on ptolemy.moml.MoMLSimpleApplication@645db742
----------------- Done invoking toplevel() on ptolemy.moml.MoMLSimpleApplication@645db742
reloadAllAccessors: .ArraySort

===========================================================================================
----------------- testing Thu Jun 18 14:47:30 UTC 2020 /home/travis/build/icyphy/ptII/ptolemy/actor/lib/test/auto/ArraySum.xml
----------------- Instantiating /home/travis/build/icyphy/ptII/ptolemy/actor/lib/test/auto/ArraySum.xml
5 ms. Memory: 279552K Free: 134795K (48%)
----------------- Invoking toplevel() on ptolemy.moml.MoMLSimpleApplication@61e1c92d
----------------- Done invoking toplevel() on ptolemy.moml.MoMLSimpleApplication@61e1c92d
reloadAllAccessors: .ArraySum

===========================================================================================
----------------- testing Thu Jun 18 14:47:30 UTC 2020 /home/travis/build/icyphy/ptII/ptolemy/actor/lib/test/auto/ArrayToElements.xml
----------------- Instantiating /home/travis/build/icyphy/ptII/ptolemy/actor/lib/test/auto/ArrayToElements.xml
8 ms. Memory: 279552K Free: 129675K (46%)
----------------- Invoking toplevel() on ptolemy.moml.MoMLSimpleApplication@52d5dd9a
----------------- Done invoking toplevel() on ptolemy.moml.MoMLSimpleApplication@52d5dd9a
reloadAllAccessors: .ArrayToElements

===========================================================================================
----------------- testing Thu Jun 18 14:47:30 UTC 2020 /home/travis/build/icyphy/ptII/ptolemy/actor/lib/test/auto/ArrayToMatrix.xml
----------------- Instantiating /home/travis/build/icyphy/ptII/ptolemy/actor/lib/test/auto/ArrayToMatrix.xml
11 ms. Memory: 279552K Free: 115339K (41%)
----------------- Invoking toplevel() on ptolemy.moml.MoMLSimpleApplication@387570f
----------------- Done invoking toplevel() on ptolemy.moml.MoMLSimpleApplication@387570f
reloadAllAccessors: .ArrayToMatrix

===========================================================================================
----------------- testing Thu Jun 18 14:47:30 UTC 2020 /home/travis/build/icyphy/ptII/ptolemy/actor/lib/test/auto/ArrayUpdate1.xml
----------------- Instantiating /home/travis/build/icyphy/ptII/ptolemy/actor/lib/test/auto/ArrayUpdate1.xml
2 ms. Memory: 279552K Free: 110733K (40%)
----------------- Invoking toplevel() on ptolemy.moml.MoMLSimpleApplication@67cf0fd5
----------------- Done invoking toplevel() on ptolemy.moml.MoMLSimpleApplication@67cf0fd5
reloadAllAccessors: .ArrayUpdate1

===========================================================================================
----------------- testing Thu Jun 18 14:47:30 UTC 2020 /home/travis/build/icyphy/ptII/ptolemy/actor/lib/test/auto/ArrayUpdate2.xml
----------------- Instantiating /home/travis/build/icyphy/ptII/ptolemy/actor/lib/test/auto/ArrayUpdate2.xml
5 ms. Memory: 279552K Free: 104044K (37%)
----------------- Invoking toplevel() on ptolemy.moml.MoMLSimpleApplication@35388d5e
----------------- Done invoking toplevel() on ptolemy.moml.MoMLSimpleApplication@35388d5e
reloadAllAccessors: .ArrayUpdate2

===========================================================================================
----------------- testing Thu Jun 18 14:47:30 UTC 2020 /home/travis/build/icyphy/ptII/ptolemy/actor/lib/test/auto/ArrayUpdate3.xml
----------------- Instantiating /home/travis/build/icyphy/ptII/ptolemy/actor/lib/test/auto/ArrayUpdate3.xml
3 ms. Memory: 279552K Free: 99469K (36%)
----------------- Invoking toplevel() on ptolemy.moml.MoMLSimpleApplication@49e3c34
----------------- Done invoking toplevel() on ptolemy.moml.MoMLSimpleApplication@49e3c34
reloadAllAccessors: .ArrayUpdate3

===========================================================================================
----------------- testing Thu Jun 18 14:47:30 UTC 2020 /home/travis/build/icyphy/ptII/ptolemy/actor/lib/test/auto/Assert1.xml
----------------- Instantiating /home/travis/build/icyphy/ptII/ptolemy/actor/lib/test/auto/Assert1.xml
7 ms. Memory: 279552K Free: 94859K (34%)
----------------- Invoking toplevel() on ptolemy.moml.MoMLSimpleApplication@17bd3f4f
----------------- Done invoking toplevel() on ptolemy.moml.MoMLSimpleApplication@17bd3f4f
reloadAllAccessors: .Assert1

===========================================================================================
----------------- testing Thu Jun 18 14:47:30 UTC 2020 /home/travis/build/icyphy/ptII/ptolemy/actor/lib/test/auto/Assert2.xml
----------------- Instantiating /home/travis/build/icyphy/ptII/ptolemy/actor/lib/test/auto/Assert2.xml
4 ms. Memory: 279552K Free: 89739K (32%)
----------------- Invoking toplevel() on ptolemy.moml.MoMLSimpleApplication@496abde1
----------------- Done invoking toplevel() on ptolemy.moml.MoMLSimpleApplication@496abde1
reloadAllAccessors: .Assert2

===========================================================================================
----------------- testing Thu Jun 18 14:47:30 UTC 2020 /home/travis/build/icyphy/ptII/ptolemy/actor/lib/test/auto/BooleanMultiplexor.xml
----------------- Instantiating /home/travis/build/icyphy/ptII/ptolemy/actor/lib/test/auto/BooleanMultiplexor.xml
2 ms. Memory: 279552K Free: 84109K (30%)
----------------- Invoking toplevel() on ptolemy.moml.MoMLSimpleApplication@59009b36
----------------- Done invoking toplevel() on ptolemy.moml.MoMLSimpleApplication@59009b36
reloadAllAccessors: .BooleanMultiplexor

===========================================================================================
----------------- testing Thu Jun 18 14:47:30 UTC 2020 /home/travis/build/icyphy/ptII/ptolemy/actor/lib/test/auto/BooleanMultiplexor2.xml
----------------- Instantiating /home/travis/build/icyphy/ptII/ptolemy/actor/lib/test/auto/BooleanMultiplexor2.xml
12 ms. Memory: 279552K Free: 77965K (28%)
----------------- Invoking toplevel() on ptolemy.moml.MoMLSimpleApplication@3d8b0c72
----------------- Done invoking toplevel() on ptolemy.moml.MoMLSimpleApplication@3d8b0c72
reloadAllAccessors: .BooleanMultiplexor2

===========================================================================================
----------------- testing Thu Jun 18 14:47:30 UTC 2020 /home/travis/build/icyphy/ptII/ptolemy/actor/lib/test/auto/BooleanMultiplexor3.xml
----------------- Instantiating /home/travis/build/icyphy/ptII/ptolemy/actor/lib/test/auto/BooleanMultiplexor3.xml
3 ms. Memory: 279552K Free: 73869K (26%)
----------------- Invoking toplevel() on ptolemy.moml.MoMLSimpleApplication@210e1d15
----------------- Done invoking toplevel() on ptolemy.moml.MoMLSimpleApplication@210e1d15
reloadAllAccessors: .BooleanMultiplexor3

===========================================================================================
----------------- testing Thu Jun 18 14:47:31 UTC 2020 /home/travis/build/icyphy/ptII/ptolemy/actor/lib/test/auto/BooleanSelect.xml
----------------- Instantiating /home/travis/build/icyphy/ptII/ptolemy/actor/lib/test/auto/BooleanSelect.xml
8 ms. Memory: 279552K Free: 226921K (81%)
----------------- Invoking toplevel() on ptolemy.moml.MoMLSimpleApplication@5a2944de
----------------- Done invoking toplevel() on ptolemy.moml.MoMLSimpleApplication@5a2944de
reloadAllAccessors: .BooleanSelect

===========================================================================================
----------------- testing Thu Jun 18 14:47:31 UTC 2020 /home/travis/build/icyphy/ptII/ptolemy/actor/lib/test/auto/BooleanSelect2.xml
----------------- Instantiating /home/travis/build/icyphy/ptII/ptolemy/actor/lib/test/auto/BooleanSelect2.xml
4 ms. Memory: 279552K Free: 222349K (80%)
----------------- Invoking toplevel() on ptolemy.moml.MoMLSimpleApplication@f699463
----------------- Done invoking toplevel() on ptolemy.moml.MoMLSimpleApplication@f699463
reloadAllAccessors: .BooleanSelect2

===========================================================================================
----------------- testing Thu Jun 18 14:47:31 UTC 2020 /home/travis/build/icyphy/ptII/ptolemy/actor/lib/test/auto/BooleanSwitch.xml
----------------- Instantiating /home/travis/build/icyphy/ptII/ptolemy/actor/lib/test/auto/BooleanSwitch.xml
8 ms. Memory: 279552K Free: 216205K (77%)
----------------- Invoking toplevel() on ptolemy.moml.MoMLSimpleApplication@3a61437d
----------------- Done invoking toplevel() on ptolemy.moml.MoMLSimpleApplication@3a61437d
reloadAllAccessors: .BooleanSwitch

===========================================================================================
----------------- testing Thu Jun 18 14:47:31 UTC 2020 /home/travis/build/icyphy/ptII/ptolemy/actor/lib/test/auto/BooleanSwitch2.xml
----------------- Instantiating /home/travis/build/icyphy/ptII/ptolemy/actor/lib/test/auto/BooleanSwitch2.xml
2 ms. Memory: 279552K Free: 212109K (76%)
----------------- Invoking toplevel() on ptolemy.moml.MoMLSimpleApplication@78f17d3a
----------------- Done invoking toplevel() on ptolemy.moml.MoMLSimpleApplication@78f17d3a
reloadAllAccessors: .BooleanSwitch2

===========================================================================================
----------------- testing Thu Jun 18 14:47:31 UTC 2020 /home/travis/build/icyphy/ptII/ptolemy/actor/lib/test/auto/BooleanSwitchCloningBugWithClassRelationGroup.xml
----------------- Instantiating /home/travis/build/icyphy/ptII/ptolemy/actor/lib/test/auto/BooleanSwitchCloningBugWithClassRelationGroup.xml
4 ms. Memory: 279552K Free: 205451K (73%)
----------------- Invoking toplevel() on ptolemy.moml.MoMLSimpleApplication@7fc712d5
----------------- Done invoking toplevel() on ptolemy.moml.MoMLSimpleApplication@7fc712d5
reloadAllAccessors: .BooleanSwitchCloningBugWithClassRelationGroup

===========================================================================================
----------------- testing Thu Jun 18 14:47:31 UTC 2020 /home/travis/build/icyphy/ptII/ptolemy/actor/lib/test/auto/BusActors.xml
----------------- Instantiating /home/travis/build/icyphy/ptII/ptolemy/actor/lib/test/auto/BusActors.xml
3 ms. Memory: 279552K Free: 197773K (71%)
----------------- Invoking toplevel() on ptolemy.moml.MoMLSimpleApplication@48a0f497
----------------- Done invoking toplevel() on ptolemy.moml.MoMLSimpleApplication@48a0f497
reloadAllAccessors: .BusActors

===========================================================================================
----------------- testing Thu Jun 18 14:47:31 UTC 2020 /home/travis/build/icyphy/ptII/ptolemy/actor/lib/test/auto/ClassWrapper.xml
----------------- Instantiating /home/travis/build/icyphy/ptII/ptolemy/actor/lib/test/auto/ClassWrapper.xml
4 ms. Memory: 279552K Free: 193163K (69%)
----------------- Invoking toplevel() on ptolemy.moml.MoMLSimpleApplication@1f7fab7a
----------------- Done invoking toplevel() on ptolemy.moml.MoMLSimpleApplication@1f7fab7a
reloadAllAccessors: .ClassWrapper

===========================================================================================
----------------- testing Thu Jun 18 14:47:31 UTC 2020 /home/travis/build/icyphy/ptII/ptolemy/actor/lib/test/auto/Clock.xml
----------------- Instantiating /home/travis/build/icyphy/ptII/ptolemy/actor/lib/test/auto/Clock.xml
1 ms. Memory: 279552K Free: 189581K (68%)
----------------- Invoking toplevel() on ptolemy.moml.MoMLSimpleApplication@fb7ac43
----------------- Done invoking toplevel() on ptolemy.moml.MoMLSimpleApplication@fb7ac43
reloadAllAccessors: .Clock

===========================================================================================
----------------- testing Thu Jun 18 14:47:31 UTC 2020 /home/travis/build/icyphy/ptII/ptolemy/actor/lib/test/auto/Clock10.xml
----------------- Instantiating /home/travis/build/icyphy/ptII/ptolemy/actor/lib/test/auto/Clock10.xml
4 ms. Memory: 279552K Free: 183437K (66%)
----------------- Invoking toplevel() on ptolemy.moml.MoMLSimpleApplication@7882fb2f
----------------- Done invoking toplevel() on ptolemy.moml.MoMLSimpleApplication@7882fb2f
reloadAllAccessors: .Clock10

===========================================================================================
----------------- testing Thu Jun 18 14:47:31 UTC 2020 /home/travis/build/icyphy/ptII/ptolemy/actor/lib/test/auto/Clock11.xml
----------------- Instantiating /home/travis/build/icyphy/ptII/ptolemy/actor/lib/test/auto/Clock11.xml
3 ms. Memory: 279552K Free: 177803K (64%)
----------------- Invoking toplevel() on ptolemy.moml.MoMLSimpleApplication@494776ca
----------------- Done invoking toplevel() on ptolemy.moml.MoMLSimpleApplication@494776ca
reloadAllAccessors: .Clock11

===========================================================================================
----------------- testing Thu Jun 18 14:47:31 UTC 2020 /home/travis/build/icyphy/ptII/ptolemy/actor/lib/test/auto/Clock12.xml
----------------- Instantiating /home/travis/build/icyphy/ptII/ptolemy/actor/lib/test/auto/Clock12.xml
4 ms. Memory: 279552K Free: 171659K (61%)
----------------- Invoking toplevel() on ptolemy.moml.MoMLSimpleApplication@34450179
----------------- Done invoking toplevel() on ptolemy.moml.MoMLSimpleApplication@34450179
reloadAllAccessors: .Clock12

===========================================================================================
----------------- testing Thu Jun 18 14:47:31 UTC 2020 /home/travis/build/icyphy/ptII/ptolemy/actor/lib/test/auto/Clock13.xml
----------------- Instantiating /home/travis/build/icyphy/ptII/ptolemy/actor/lib/test/auto/Clock13.xml
2 ms. Memory: 279552K Free: 166029K (59%)
----------------- Invoking toplevel() on ptolemy.moml.MoMLSimpleApplication@4fb4fd3c
----------------- Done invoking toplevel() on ptolemy.moml.MoMLSimpleApplication@4fb4fd3c
reloadAllAccessors: .Clock13

===========================================================================================
----------------- testing Thu Jun 18 14:47:31 UTC 2020 /home/travis/build/icyphy/ptII/ptolemy/actor/lib/test/auto/Clock14.xml
----------------- Instantiating /home/travis/build/icyphy/ptII/ptolemy/actor/lib/test/auto/Clock14.xml
9 ms. Memory: 279552K Free: 159885K (57%)
----------------- Invoking toplevel() on ptolemy.moml.MoMLSimpleApplication@4bb4df39
----------------- Done invoking toplevel() on ptolemy.moml.MoMLSimpleApplication@4bb4df39
reloadAllAccessors: .Clock14

===========================================================================================
----------------- testing Thu Jun 18 14:47:31 UTC 2020 /home/travis/build/icyphy/ptII/ptolemy/actor/lib/test/auto/Clock15.xml
----------------- Instantiating /home/travis/build/icyphy/ptII/ptolemy/actor/lib/test/auto/Clock15.xml
4 ms. Memory: 279552K Free: 154220K (55%)
----------------- Invoking toplevel() on ptolemy.moml.MoMLSimpleApplication@519c9437
----------------- Done invoking toplevel() on ptolemy.moml.MoMLSimpleApplication@519c9437
reloadAllAccessors: .Clock15

===========================================================================================
----------------- testing Thu Jun 18 14:47:31 UTC 2020 /home/travis/build/icyphy/ptII/ptolemy/actor/lib/test/auto/Clock16.xml
----------------- Instantiating /home/travis/build/icyphy/ptII/ptolemy/actor/lib/test/auto/Clock16.xml
30 ms. Memory: 279552K Free: 138876K (50%)
----------------- Invoking toplevel() on ptolemy.moml.MoMLSimpleApplication@337a52d2
----------------- Done invoking toplevel() on ptolemy.moml.MoMLSimpleApplication@337a52d2
reloadAllAccessors: .Clock16

===========================================================================================
----------------- testing Thu Jun 18 14:47:31 UTC 2020 /home/travis/build/icyphy/ptII/ptolemy/actor/lib/test/auto/Clock17.xml
----------------- Instantiating /home/travis/build/icyphy/ptII/ptolemy/actor/lib/test/auto/Clock17.xml
25 ms. Memory: 279552K Free: 125069K (45%)
----------------- Invoking toplevel() on ptolemy.moml.MoMLSimpleApplication@398349b4
----------------- Done invoking toplevel() on ptolemy.moml.MoMLSimpleApplication@398349b4
reloadAllAccessors: .Clock17

===========================================================================================
----------------- testing Thu Jun 18 14:47:31 UTC 2020 /home/travis/build/icyphy/ptII/ptolemy/actor/lib/test/auto/Clock18.xml
----------------- Instantiating /home/travis/build/icyphy/ptII/ptolemy/actor/lib/test/auto/Clock18.xml
22 ms. Memory: 279552K Free: 111228K (40%)
----------------- Invoking toplevel() on ptolemy.moml.MoMLSimpleApplication@236893cc
----------------- Done invoking toplevel() on ptolemy.moml.MoMLSimpleApplication@236893cc
reloadAllAccessors: .Clock18

===========================================================================================
----------------- testing Thu Jun 18 14:47:31 UTC 2020 /home/travis/build/icyphy/ptII/ptolemy/actor/lib/test/auto/Clock19.xml
----------------- Instantiating /home/travis/build/icyphy/ptII/ptolemy/actor/lib/test/auto/Clock19.xml
13 ms. Memory: 279552K Free: 98445K (35%)
----------------- Invoking toplevel() on ptolemy.moml.MoMLSimpleApplication@68809db1
----------------- Done invoking toplevel() on ptolemy.moml.MoMLSimpleApplication@68809db1
reloadAllAccessors: .Clock19

===========================================================================================
----------------- testing Thu Jun 18 14:47:31 UTC 2020 /home/travis/build/icyphy/ptII/ptolemy/actor/lib/test/auto/Clock2.xml
----------------- Instantiating /home/travis/build/icyphy/ptII/ptolemy/actor/lib/test/auto/Clock2.xml
7 ms. Memory: 279552K Free: 93804K (34%)
----------------- Invoking toplevel() on ptolemy.moml.MoMLSimpleApplication@28874ec5
----------------- Done invoking toplevel() on ptolemy.moml.MoMLSimpleApplication@28874ec5
reloadAllAccessors: .Clock2

===========================================================================================
----------------- testing Thu Jun 18 14:47:31 UTC 2020 /home/travis/build/icyphy/ptII/ptolemy/actor/lib/test/auto/Clock20.xml
----------------- Instantiating /home/travis/build/icyphy/ptII/ptolemy/actor/lib/test/auto/Clock20.xml
17 ms. Memory: 279552K Free: 88715K (32%)
----------------- Invoking toplevel() on ptolemy.moml.MoMLSimpleApplication@7fe4f233
----------------- Done invoking toplevel() on ptolemy.moml.MoMLSimpleApplication@7fe4f233
reloadAllAccessors: .Clock20

===========================================================================================
----------------- testing Thu Jun 18 14:47:31 UTC 2020 /home/travis/build/icyphy/ptII/ptolemy/actor/lib/test/auto/Clock21.xml
----------------- Instantiating /home/travis/build/icyphy/ptII/ptolemy/actor/lib/test/auto/Clock21.xml
4 ms. Memory: 279552K Free: 83085K (30%)
----------------- Invoking toplevel() on ptolemy.moml.MoMLSimpleApplication@21e26fae
----------------- Done invoking toplevel() on ptolemy.moml.MoMLSimpleApplication@21e26fae
reloadAllAccessors: .Clock21

===========================================================================================
----------------- testing Thu Jun 18 14:47:31 UTC 2020 /home/travis/build/icyphy/ptII/ptolemy/actor/lib/test/auto/Clock22.xml
----------------- Instantiating /home/travis/build/icyphy/ptII/ptolemy/actor/lib/test/auto/Clock22.xml
5 ms. Memory: 279552K Free: 77965K (28%)
----------------- Invoking toplevel() on ptolemy.moml.MoMLSimpleApplication@6528fcca
----------------- Done invoking toplevel() on ptolemy.moml.MoMLSimpleApplication@6528fcca
reloadAllAccessors: .Clock22

===========================================================================================
----------------- testing Thu Jun 18 14:47:31 UTC 2020 /home/travis/build/icyphy/ptII/ptolemy/actor/lib/test/auto/Clock23.xml
----------------- Instantiating /home/travis/build/icyphy/ptII/ptolemy/actor/lib/test/auto/Clock23.xml
27 ms. Memory: 465920K Free: 417560K (90%)
----------------- Invoking toplevel() on ptolemy.moml.MoMLSimpleApplication@32424dba
----------------- Done invoking toplevel() on ptolemy.moml.MoMLSimpleApplication@32424dba
reloadAllAccessors: .Clock23

===========================================================================================
----------------- testing Thu Jun 18 14:47:31 UTC 2020 /home/travis/build/icyphy/ptII/ptolemy/actor/lib/test/auto/Clock24.xml
----------------- Instantiating /home/travis/build/icyphy/ptII/ptolemy/actor/lib/test/auto/Clock24.xml
4 ms. Memory: 465920K Free: 411275K (88%)
----------------- Invoking toplevel() on ptolemy.moml.MoMLSimpleApplication@673d135a
----------------- Done invoking toplevel() on ptolemy.moml.MoMLSimpleApplication@673d135a
reloadAllAccessors: .Clock24

===========================================================================================
----------------- testing Thu Jun 18 14:47:31 UTC 2020 /home/travis/build/icyphy/ptII/ptolemy/actor/lib/test/auto/Clock4.xml
----------------- Instantiating /home/travis/build/icyphy/ptII/ptolemy/actor/lib/test/auto/Clock4.xml
2 ms. Memory: 465920K Free: 406669K (87%)
----------------- Invoking toplevel() on ptolemy.moml.MoMLSimpleApplication@2c5b127b
----------------- Done invoking toplevel() on ptolemy.moml.MoMLSimpleApplication@2c5b127b
reloadAllAccessors: .Clock4

===========================================================================================
----------------- testing Thu Jun 18 14:47:31 UTC 2020 /home/travis/build/icyphy/ptII/ptolemy/actor/lib/test/auto/Clock5.xml
----------------- Instantiating /home/travis/build/icyphy/ptII/ptolemy/actor/lib/test/auto/Clock5.xml
2 ms. Memory: 465920K Free: 401028K (86%)
----------------- Invoking toplevel() on ptolemy.moml.MoMLSimpleApplication@3fdf6b2b
----------------- Done invoking toplevel() on ptolemy.moml.MoMLSimpleApplication@3fdf6b2b
reloadAllAccessors: .Clock5

===========================================================================================
----------------- testing Thu Jun 18 14:47:31 UTC 2020 /home/travis/build/icyphy/ptII/ptolemy/actor/lib/test/auto/Clock6.xml
----------------- Instantiating /home/travis/build/icyphy/ptII/ptolemy/actor/lib/test/auto/Clock6.xml
2 ms. Memory: 465920K Free: 396939K (85%)
----------------- Invoking toplevel() on ptolemy.moml.MoMLSimpleApplication@3639f478
----------------- Done invoking toplevel() on ptolemy.moml.MoMLSimpleApplication@3639f478
reloadAllAccessors: .Clock6

===========================================================================================
----------------- testing Thu Jun 18 14:47:31 UTC 2020 /home/travis/build/icyphy/ptII/ptolemy/actor/lib/test/auto/Clock7.xml
----------------- Instantiating /home/travis/build/icyphy/ptII/ptolemy/actor/lib/test/auto/Clock7.xml
2 ms. Memory: 465920K Free: 391819K (84%)
----------------- Invoking toplevel() on ptolemy.moml.MoMLSimpleApplication@259f4998
----------------- Done invoking toplevel() on ptolemy.moml.MoMLSimpleApplication@259f4998
reloadAllAccessors: .Clock7

===========================================================================================
----------------- testing Thu Jun 18 14:47:31 UTC 2020 /home/travis/build/icyphy/ptII/ptolemy/actor/lib/test/auto/Clock8.xml
----------------- Instantiating /home/travis/build/icyphy/ptII/ptolemy/actor/lib/test/auto/Clock8.xml
3 ms. Memory: 465920K Free: 386668K (83%)
----------------- Invoking toplevel() on ptolemy.moml.MoMLSimpleApplication@24b38a09
----------------- Done invoking toplevel() on ptolemy.moml.MoMLSimpleApplication@24b38a09
reloadAllAccessors: .Clock8

===========================================================================================
----------------- testing Thu Jun 18 14:47:31 UTC 2020 /home/travis/build/icyphy/ptII/ptolemy/actor/lib/test/auto/Clock9.xml
----------------- Instantiating /home/travis/build/icyphy/ptII/ptolemy/actor/lib/test/auto/Clock9.xml
5 ms. Memory: 465920K Free: 381069K (82%)
----------------- Invoking toplevel() on ptolemy.moml.MoMLSimpleApplication@1258e93a
----------------- Done invoking toplevel() on ptolemy.moml.MoMLSimpleApplication@1258e93a
reloadAllAccessors: .Clock9

===========================================================================================
----------------- testing Thu Jun 18 14:47:31 UTC 2020 /home/travis/build/icyphy/ptII/ptolemy/actor/lib/test/auto/CommDistDiscard.xml
----------------- Instantiating /home/travis/build/icyphy/ptII/ptolemy/actor/lib/test/auto/CommDistDiscard.xml
6 ms. Memory: 465920K Free: 375435K (81%)
----------------- Invoking toplevel() on ptolemy.moml.MoMLSimpleApplication@63fc9e3d
----------------- Done invoking toplevel() on ptolemy.moml.MoMLSimpleApplication@63fc9e3d
reloadAllAccessors: .CommDistDiscard

===========================================================================================
----------------- testing Thu Jun 18 14:47:31 UTC 2020 /home/travis/build/icyphy/ptII/ptolemy/actor/lib/test/auto/Commutator.xml
----------------- Instantiating /home/travis/build/icyphy/ptII/ptolemy/actor/lib/test/auto/Commutator.xml
2 ms. Memory: 465920K Free: 371339K (80%)
----------------- Invoking toplevel() on ptolemy.moml.MoMLSimpleApplication@30e6666d
----------------- Done invoking toplevel() on ptolemy.moml.MoMLSimpleApplication@30e6666d
reloadAllAccessors: .Commutator

===========================================================================================
----------------- testing Thu Jun 18 14:47:31 UTC 2020 /home/travis/build/icyphy/ptII/ptolemy/actor/lib/test/auto/Commutator2.xml
----------------- Instantiating /home/travis/build/icyphy/ptII/ptolemy/actor/lib/test/auto/Commutator2.xml
1 ms. Memory: 465920K Free: 366733K (79%)
----------------- Invoking toplevel() on ptolemy.moml.MoMLSimpleApplication@3cd37f57
----------------- Done invoking toplevel() on ptolemy.moml.MoMLSimpleApplication@3cd37f57
reloadAllAccessors: .Commutator2

===========================================================================================
----------------- testing Thu Jun 18 14:47:31 UTC 2020 /home/travis/build/icyphy/ptII/ptolemy/actor/lib/test/auto/Commutator3.xml
----------------- Instantiating /home/travis/build/icyphy/ptII/ptolemy/actor/lib/test/auto/Commutator3.xml
2 ms. Memory: 465920K Free: 362637K (78%)
----------------- Invoking toplevel() on ptolemy.moml.MoMLSimpleApplication@3b304cfc
----------------- Done invoking toplevel() on ptolemy.moml.MoMLSimpleApplication@3b304cfc
reloadAllAccessors: .Commutator3

===========================================================================================
----------------- testing Thu Jun 18 14:47:31 UTC 2020 /home/travis/build/icyphy/ptII/ptolemy/actor/lib/test/auto/Compare.xml
----------------- Instantiating /home/travis/build/icyphy/ptII/ptolemy/actor/lib/test/auto/Compare.xml
3 ms. Memory: 465920K Free: 355979K (76%)
----------------- Invoking toplevel() on ptolemy.moml.MoMLSimpleApplication@18e9c528
----------------- Done invoking toplevel() on ptolemy.moml.MoMLSimpleApplication@18e9c528
reloadAllAccessors: .Compare

===========================================================================================
----------------- testing Thu Jun 18 14:47:31 UTC 2020 /home/travis/build/icyphy/ptII/ptolemy/actor/lib/test/auto/CompareDE.xml
----------------- Instantiating /home/travis/build/icyphy/ptII/ptolemy/actor/lib/test/auto/CompareDE.xml
7 ms. Memory: 465920K Free: 349325K (75%)
----------------- Invoking toplevel() on ptolemy.moml.MoMLSimpleApplication@3922453d
----------------- Done invoking toplevel() on ptolemy.moml.MoMLSimpleApplication@3922453d
reloadAllAccessors: .CompareDE

===========================================================================================
----------------- testing Thu Jun 18 14:47:31 UTC 2020 /home/travis/build/icyphy/ptII/ptolemy/actor/lib/test/auto/ComplexDivide.xml
----------------- Instantiating /home/travis/build/icyphy/ptII/ptolemy/actor/lib/test/auto/ComplexDivide.xml
6 ms. Memory: 465920K Free: 345229K (74%)
----------------- Invoking toplevel() on ptolemy.moml.MoMLSimpleApplication@7059838a
----------------- Done invoking toplevel() on ptolemy.moml.MoMLSimpleApplication@7059838a
reloadAllAccessors: .ComplexDivide

===========================================================================================
----------------- testing Thu Jun 18 14:47:32 UTC 2020 /home/travis/build/icyphy/ptII/ptolemy/actor/lib/test/auto/ComputeHistogram.xml
----------------- Instantiating /home/travis/build/icyphy/ptII/ptolemy/actor/lib/test/auto/ComputeHistogram.xml
35 ms. Memory: 465920K Free: 332427K (71%)
----------------- Invoking toplevel() on ptolemy.moml.MoMLSimpleApplication@2c2c2d5f
----------------- Done invoking toplevel() on ptolemy.moml.MoMLSimpleApplication@2c2c2d5f
reloadAllAccessors: .ComputeHistogram

===========================================================================================
----------------- testing Thu Jun 18 14:47:32 UTC 2020 /home/travis/build/icyphy/ptII/ptolemy/actor/lib/test/auto/ConfigurationSelect.xml
----------------- Instantiating /home/travis/build/icyphy/ptII/ptolemy/actor/lib/test/auto/ConfigurationSelect.xml
10 ms. Memory: 465920K Free: 327300K (70%)
----------------- Invoking toplevel() on ptolemy.moml.MoMLSimpleApplication@1119f81f
----------------- Done invoking toplevel() on ptolemy.moml.MoMLSimpleApplication@1119f81f
reloadAllAccessors: .ConfigurationSelect

===========================================================================================
----------------- testing Thu Jun 18 14:47:32 UTC 2020 /home/travis/build/icyphy/ptII/ptolemy/actor/lib/test/auto/ConfigurationSelect2.xml
----------------- Instantiating /home/travis/build/icyphy/ptII/ptolemy/actor/lib/test/auto/ConfigurationSelect2.xml
2 ms. Memory: 465920K Free: 322701K (69%)
----------------- Invoking toplevel() on ptolemy.moml.MoMLSimpleApplication@7bc0a2f4
----------------- Done invoking toplevel() on ptolemy.moml.MoMLSimpleApplication@7bc0a2f4
reloadAllAccessors: .ConfigurationSelect2

===========================================================================================
----------------- testing Thu Jun 18 14:47:32 UTC 2020 /home/travis/build/icyphy/ptII/ptolemy/actor/lib/test/auto/ConfigurationSwitch.xml
----------------- Instantiating /home/travis/build/icyphy/ptII/ptolemy/actor/lib/test/auto/ConfigurationSwitch.xml
9 ms. Memory: 465920K Free: 317581K (68%)
----------------- Invoking toplevel() on ptolemy.moml.MoMLSimpleApplication@55c1168a
----------------- Done invoking toplevel() on ptolemy.moml.MoMLSimpleApplication@55c1168a
reloadAllAccessors: .ConfigurationSwitch

===========================================================================================
----------------- testing Thu Jun 18 14:47:32 UTC 2020 /home/travis/build/icyphy/ptII/ptolemy/actor/lib/test/auto/ConfigurationSwitch2.xml
----------------- Instantiating /home/travis/build/icyphy/ptII/ptolemy/actor/lib/test/auto/ConfigurationSwitch2.xml
4 ms. Memory: 465920K Free: 311947K (67%)
----------------- Invoking toplevel() on ptolemy.moml.MoMLSimpleApplication@338d18ce
----------------- Done invoking toplevel() on ptolemy.moml.MoMLSimpleApplication@338d18ce
reloadAllAccessors: .ConfigurationSwitch2

===========================================================================================
----------------- testing Thu Jun 18 14:47:32 UTC 2020 /home/travis/build/icyphy/ptII/ptolemy/actor/lib/test/auto/ConfigurationSwitchCloningBugWithClassRelationGroup.xml
----------------- Instantiating /home/travis/build/icyphy/ptII/ptolemy/actor/lib/test/auto/ConfigurationSwitchCloningBugWithClassRelationGroup.xml
1 ms. Memory: 465920K Free: 305293K (66%)
----------------- Invoking toplevel() on ptolemy.moml.MoMLSimpleApplication@23f0140b
----------------- Done invoking toplevel() on ptolemy.moml.MoMLSimpleApplication@23f0140b
reloadAllAccessors: .ConfigurationSwitchCloningBugWithClassRelationGroup

===========================================================================================
----------------- testing Thu Jun 18 14:47:32 UTC 2020 /home/travis/build/icyphy/ptII/ptolemy/actor/lib/test/auto/ConfigurationSwitchSelectSDF.xml
----------------- Instantiating /home/travis/build/icyphy/ptII/ptolemy/actor/lib/test/auto/ConfigurationSwitchSelectSDF.xml
3 ms. Memory: 465920K Free: 299659K (64%)
----------------- Invoking toplevel() on ptolemy.moml.MoMLSimpleApplication@1b90468c
----------------- Done invoking toplevel() on ptolemy.moml.MoMLSimpleApplication@1b90468c
reloadAllAccessors: .ConfigurationSwitchSelectSDF

===========================================================================================
----------------- testing Thu Jun 18 14:47:32 UTC 2020 /home/travis/build/icyphy/ptII/ptolemy/actor/lib/test/auto/ConfigurationSwitchSelectSDF2.xml
----------------- Instantiating /home/travis/build/icyphy/ptII/ptolemy/actor/lib/test/auto/ConfigurationSwitchSelectSDF2.xml
3 ms. Memory: 465920K Free: 293515K (63%)
----------------- Invoking toplevel() on ptolemy.moml.MoMLSimpleApplication@52a43b80
----------------- Done invoking toplevel() on ptolemy.moml.MoMLSimpleApplication@52a43b80
reloadAllAccessors: .ConfigurationSwitchSelectSDF2

===========================================================================================
----------------- testing Thu Jun 18 14:47:32 UTC 2020 /home/travis/build/icyphy/ptII/ptolemy/actor/lib/test/auto/Const.xml
----------------- Instantiating /home/travis/build/icyphy/ptII/ptolemy/actor/lib/test/auto/Const.xml
1 ms. Memory: 465920K Free: 290443K (62%)
----------------- Invoking toplevel() on ptolemy.moml.MoMLSimpleApplication@d103826
----------------- Done invoking toplevel() on ptolemy.moml.MoMLSimpleApplication@d103826
reloadAllAccessors: .Const

===========================================================================================
----------------- testing Thu Jun 18 14:47:32 UTC 2020 /home/travis/build/icyphy/ptII/ptolemy/actor/lib/test/auto/Const2.xml
----------------- Instantiating /home/travis/build/icyphy/ptII/ptolemy/actor/lib/test/auto/Const2.xml
1 ms. Memory: 465920K Free: 286347K (61%)
----------------- Invoking toplevel() on ptolemy.moml.MoMLSimpleApplication@7286cfec
----------------- Done invoking toplevel() on ptolemy.moml.MoMLSimpleApplication@7286cfec
reloadAllAccessors: .Const2

===========================================================================================
----------------- testing Thu Jun 18 14:47:32 UTC 2020 /home/travis/build/icyphy/ptII/ptolemy/actor/lib/test/auto/Const3.xml
----------------- Instantiating /home/travis/build/icyphy/ptII/ptolemy/actor/lib/test/auto/Const3.xml
1 ms. Memory: 465920K Free: 283275K (61%)
----------------- Invoking toplevel() on ptolemy.moml.MoMLSimpleApplication@4e205036
----------------- Done invoking toplevel() on ptolemy.moml.MoMLSimpleApplication@4e205036
reloadAllAccessors: .Const3

===========================================================================================
----------------- testing Thu Jun 18 14:47:32 UTC 2020 /home/travis/build/icyphy/ptII/ptolemy/actor/lib/test/auto/ConstantPublisherPort1.xml
----------------- Instantiating /home/travis/build/icyphy/ptII/ptolemy/actor/lib/test/auto/ConstantPublisherPort1.xml
8 ms. Memory: 465920K Free: 274573K (59%)
----------------- Invoking toplevel() on ptolemy.moml.MoMLSimpleApplication@25ae6d76
----------------- Done invoking toplevel() on ptolemy.moml.MoMLSimpleApplication@25ae6d76
reloadAllAccessors: .ConstantPublisherPort1

===========================================================================================
----------------- testing Thu Jun 18 14:47:32 UTC 2020 /home/travis/build/icyphy/ptII/ptolemy/actor/lib/test/auto/ConstantPublisherPort2.xml
----------------- Instantiating /home/travis/build/icyphy/ptII/ptolemy/actor/lib/test/auto/ConstantPublisherPort2.xml
10 ms. Memory: 465920K Free: 266891K (57%)
----------------- Invoking toplevel() on ptolemy.moml.MoMLSimpleApplication@21b262de
----------------- Done invoking toplevel() on ptolemy.moml.MoMLSimpleApplication@21b262de
reloadAllAccessors: .ConstantPublisherPort2

===========================================================================================
----------------- testing Thu Jun 18 14:47:32 UTC 2020 /home/travis/build/icyphy/ptII/ptolemy/actor/lib/test/auto/ConstantPublisherPort3.xml
----------------- Instantiating /home/travis/build/icyphy/ptII/ptolemy/actor/lib/test/auto/ConstantPublisherPort3.xml
6 ms. Memory: 465920K Free: 259723K (56%)
----------------- Invoking toplevel() on ptolemy.moml.MoMLSimpleApplication@47a331a8
----------------- Done invoking toplevel() on ptolemy.moml.MoMLSimpleApplication@47a331a8
reloadAllAccessors: .ConstantPublisherPort3

===========================================================================================
----------------- testing Thu Jun 18 14:47:32 UTC 2020 /home/travis/build/icyphy/ptII/ptolemy/actor/lib/test/auto/ConstantPublisherPort4.xml
----------------- Instantiating /home/travis/build/icyphy/ptII/ptolemy/actor/lib/test/auto/ConstantPublisherPort4.xml
3 ms. Memory: 465920K Free: 252555K (54%)
----------------- Invoking toplevel() on ptolemy.moml.MoMLSimpleApplication@5e4ecf44
----------------- Done invoking toplevel() on ptolemy.moml.MoMLSimpleApplication@5e4ecf44
reloadAllAccessors: .ConstantPublisherPort4

===========================================================================================
----------------- testing Thu Jun 18 14:47:32 UTC 2020 /home/travis/build/icyphy/ptII/ptolemy/actor/lib/test/auto/ConstantPublisherPort5.xml
----------------- Instantiating /home/travis/build/icyphy/ptII/ptolemy/actor/lib/test/auto/ConstantPublisherPort5.xml
23 ms. Memory: 465920K Free: 243339K (52%)
----------------- Invoking toplevel() on ptolemy.moml.MoMLSimpleApplication@281456ce
----------------- Done invoking toplevel() on ptolemy.moml.MoMLSimpleApplication@281456ce
reloadAllAccessors: .ConstantPublisherPort5

===========================================================================================
----------------- testing Thu Jun 18 14:47:32 UTC 2020 /home/travis/build/icyphy/ptII/ptolemy/actor/lib/test/auto/ConstantPublisherPort6.xml
----------------- Instantiating /home/travis/build/icyphy/ptII/ptolemy/actor/lib/test/auto/ConstantPublisherPort6.xml
7 ms. Memory: 465920K Free: 235147K (50%)
----------------- Invoking toplevel() on ptolemy.moml.MoMLSimpleApplication@1984e661
----------------- Done invoking toplevel() on ptolemy.moml.MoMLSimpleApplication@1984e661
reloadAllAccessors: .ConstantPublisherPort6

===========================================================================================
----------------- testing Thu Jun 18 14:47:32 UTC 2020 /home/travis/build/icyphy/ptII/ptolemy/actor/lib/test/auto/ConstantPublisherPort7.xml
----------------- Instantiating /home/travis/build/icyphy/ptII/ptolemy/actor/lib/test/auto/ConstantPublisherPort7.xml
17 ms. Memory: 465920K Free: 225931K (48%)
----------------- Invoking toplevel() on ptolemy.moml.MoMLSimpleApplication@5fc37789
----------------- Done invoking toplevel() on ptolemy.moml.MoMLSimpleApplication@5fc37789
reloadAllAccessors: .ConstantPublisherPort7

===========================================================================================
----------------- testing Thu Jun 18 14:47:32 UTC 2020 /home/travis/build/icyphy/ptII/ptolemy/actor/lib/test/auto/ConstraintMonitor1.xml
----------------- Instantiating /home/travis/build/icyphy/ptII/ptolemy/actor/lib/test/auto/ConstraintMonitor1.xml
8 ms. Memory: 465920K Free: 220301K (47%)
----------------- Invoking toplevel() on ptolemy.moml.MoMLSimpleApplication@7d773614
----------------- Done invoking toplevel() on ptolemy.moml.MoMLSimpleApplication@7d773614
reloadAllAccessors: .ConstraintMonitor1

===========================================================================================
----------------- testing Thu Jun 18 14:47:32 UTC 2020 /home/travis/build/icyphy/ptII/ptolemy/actor/lib/test/auto/ConstraintMonitor2.xml
----------------- Instantiating /home/travis/build/icyphy/ptII/ptolemy/actor/lib/test/auto/ConstraintMonitor2.xml
1 ms. Memory: 465920K Free: 216205K (46%)
----------------- Invoking toplevel() on ptolemy.moml.MoMLSimpleApplication@6d71196d
----------------- Done invoking toplevel() on ptolemy.moml.MoMLSimpleApplication@6d71196d
reloadAllAccessors: .ConstraintMonitor2

===========================================================================================
----------------- testing Thu Jun 18 14:47:32 UTC 2020 /home/travis/build/icyphy/ptII/ptolemy/actor/lib/test/auto/ConstraintMonitor3.xml
----------------- Instantiating /home/travis/build/icyphy/ptII/ptolemy/actor/lib/test/auto/ConstraintMonitor3.xml
1 ms. Memory: 465920K Free: 211595K (45%)
----------------- Invoking toplevel() on ptolemy.moml.MoMLSimpleApplication@788e5e1f
----------------- Done invoking toplevel() on ptolemy.moml.MoMLSimpleApplication@788e5e1f
reloadAllAccessors: .ConstraintMonitor3

===========================================================================================
----------------- testing Thu Jun 18 14:47:32 UTC 2020 /home/travis/build/icyphy/ptII/ptolemy/actor/lib/test/auto/ConstraintMonitor4.xml
----------------- Instantiating /home/travis/build/icyphy/ptII/ptolemy/actor/lib/test/auto/ConstraintMonitor4.xml
1 ms. Memory: 465920K Free: 206475K (44%)
----------------- Invoking toplevel() on ptolemy.moml.MoMLSimpleApplication@7c04c730
----------------- Done invoking toplevel() on ptolemy.moml.MoMLSimpleApplication@7c04c730
reloadAllAccessors: .ConstraintMonitor4

===========================================================================================
----------------- testing Thu Jun 18 14:47:32 UTC 2020 /home/travis/build/icyphy/ptII/ptolemy/actor/lib/test/auto/ConstraintMonitor5.xml
----------------- Instantiating /home/travis/build/icyphy/ptII/ptolemy/actor/lib/test/auto/ConstraintMonitor5.xml
6 ms. Memory: 465920K Free: 201355K (43%)
----------------- Invoking toplevel() on ptolemy.moml.MoMLSimpleApplication@47132b37
----------------- Done invoking toplevel() on ptolemy.moml.MoMLSimpleApplication@47132b37
reloadAllAccessors: .ConstraintMonitor5

===========================================================================================
----------------- testing Thu Jun 18 14:47:32 UTC 2020 /home/travis/build/icyphy/ptII/ptolemy/actor/lib/test/auto/ConstraintMonitor6.xml
----------------- Instantiating /home/travis/build/icyphy/ptII/ptolemy/actor/lib/test/auto/ConstraintMonitor6.xml
2 ms. Memory: 465920K Free: 195204K (42%)
----------------- Invoking toplevel() on ptolemy.moml.MoMLSimpleApplication@57946bb5
----------------- Done invoking toplevel() on ptolemy.moml.MoMLSimpleApplication@57946bb5
reloadAllAccessors: .ConstraintMonitor6

===========================================================================================
----------------- testing Thu Jun 18 14:47:32 UTC 2020 /home/travis/build/icyphy/ptII/ptolemy/actor/lib/test/auto/ConstraintMonitor7.xml
----------------- Instantiating /home/travis/build/icyphy/ptII/ptolemy/actor/lib/test/auto/ConstraintMonitor7.xml
8 ms. Memory: 465920K Free: 413820K (89%)
----------------- Invoking toplevel() on ptolemy.moml.MoMLSimpleApplication@3a23d4fd
----------------- Done invoking toplevel() on ptolemy.moml.MoMLSimpleApplication@3a23d4fd
reloadAllAccessors: .ConstraintMonitor7

===========================================================================================
----------------- testing Thu Jun 18 14:47:32 UTC 2020 /home/travis/build/icyphy/ptII/ptolemy/actor/lib/test/auto/ConstraintMonitor8.xml
----------------- Instantiating /home/travis/build/icyphy/ptII/ptolemy/actor/lib/test/auto/ConstraintMonitor8.xml
7 ms. Memory: 465920K Free: 406157K (87%)
----------------- Invoking toplevel() on ptolemy.moml.MoMLSimpleApplication@1f50515b
----------------- Done invoking toplevel() on ptolemy.moml.MoMLSimpleApplication@1f50515b
reloadAllAccessors: .ConstraintMonitor8

===========================================================================================
----------------- testing Thu Jun 18 14:47:32 UTC 2020 /home/travis/build/icyphy/ptII/ptolemy/actor/lib/test/auto/Counter.xml
----------------- Instantiating /home/travis/build/icyphy/ptII/ptolemy/actor/lib/test/auto/Counter.xml
3 ms. Memory: 465920K Free: 400523K (86%)
----------------- Invoking toplevel() on ptolemy.moml.MoMLSimpleApplication@36cdec5
----------------- Done invoking toplevel() on ptolemy.moml.MoMLSimpleApplication@36cdec5
reloadAllAccessors: .Counter

===========================================================================================
----------------- testing Thu Jun 18 14:47:32 UTC 2020 /home/travis/build/icyphy/ptII/ptolemy/actor/lib/test/auto/CurrentTimeSDF.xml
----------------- Instantiating /home/travis/build/icyphy/ptII/ptolemy/actor/lib/test/auto/CurrentTimeSDF.xml
2 ms. Memory: 465920K Free: 396427K (85%)
----------------- Invoking toplevel() on ptolemy.moml.MoMLSimpleApplication@73d80e02
----------------- Done invoking toplevel() on ptolemy.moml.MoMLSimpleApplication@73d80e02
reloadAllAccessors: .CurrentTimeSDF

===========================================================================================
----------------- testing Thu Jun 18 14:47:32 UTC 2020 /home/travis/build/icyphy/ptII/ptolemy/actor/lib/test/auto/DB.xml
----------------- Instantiating /home/travis/build/icyphy/ptII/ptolemy/actor/lib/test/auto/DB.xml
2 ms. Memory: 465920K Free: 391307K (84%)
----------------- Invoking toplevel() on ptolemy.moml.MoMLSimpleApplication@27ab7dc
----------------- Done invoking toplevel() on ptolemy.moml.MoMLSimpleApplication@27ab7dc
reloadAllAccessors: .DB

===========================================================================================
----------------- testing Thu Jun 18 14:47:32 UTC 2020 /home/travis/build/icyphy/ptII/ptolemy/actor/lib/test/auto/DBDE.xml
----------------- Instantiating /home/travis/build/icyphy/ptII/ptolemy/actor/lib/test/auto/DBDE.xml
2 ms. Memory: 465920K Free: 385132K (83%)
----------------- Invoking toplevel() on ptolemy.moml.MoMLSimpleApplication@64505db7
----------------- Done invoking toplevel() on ptolemy.moml.MoMLSimpleApplication@64505db7
reloadAllAccessors: .DBDE

===========================================================================================
----------------- testing Thu Jun 18 14:47:32 UTC 2020 /home/travis/build/icyphy/ptII/ptolemy/actor/lib/test/auto/DateConstructor.xml
----------------- Instantiating /home/travis/build/icyphy/ptII/ptolemy/actor/lib/test/auto/DateConstructor.xml
25 ms. Memory: 465920K Free: 367245K (79%)
----------------- Invoking toplevel() on ptolemy.moml.MoMLSimpleApplication@6d635563
----------------- Done invoking toplevel() on ptolemy.moml.MoMLSimpleApplication@6d635563
reloadAllAccessors: .DateConstructor

===========================================================================================
----------------- testing Thu Jun 18 14:47:32 UTC 2020 /home/travis/build/icyphy/ptII/ptolemy/actor/lib/test/auto/DelayTime.xml
----------------- Instantiating /home/travis/build/icyphy/ptII/ptolemy/actor/lib/test/auto/DelayTime.xml
7 ms. Memory: 465920K Free: 362635K (78%)
----------------- Invoking toplevel() on ptolemy.moml.MoMLSimpleApplication@4e4ea8d7
----------------- Done invoking toplevel() on ptolemy.moml.MoMLSimpleApplication@4e4ea8d7
reloadAllAccessors: .DelayTime

===========================================================================================
----------------- testing Thu Jun 18 14:47:32 UTC 2020 /home/travis/build/icyphy/ptII/ptolemy/actor/lib/test/auto/Dictionary1.xml
----------------- Instantiating /home/travis/build/icyphy/ptII/ptolemy/actor/lib/test/auto/Dictionary1.xml
2 ms. Memory: 465920K Free: 357005K (77%)
----------------- Invoking toplevel() on ptolemy.moml.MoMLSimpleApplication@21a39ffa
----------------- Done invoking toplevel() on ptolemy.moml.MoMLSimpleApplication@21a39ffa
reloadAllAccessors: .Dictionary1

===========================================================================================
----------------- testing Thu Jun 18 14:47:32 UTC 2020 /home/travis/build/icyphy/ptII/ptolemy/actor/lib/test/auto/Dictionary2.xml
----------------- Instantiating /home/travis/build/icyphy/ptII/ptolemy/actor/lib/test/auto/Dictionary2.xml
4 ms. Memory: 465920K Free: 351371K (75%)
----------------- Invoking toplevel() on ptolemy.moml.MoMLSimpleApplication@37591122
----------------- Done invoking toplevel() on ptolemy.moml.MoMLSimpleApplication@37591122
reloadAllAccessors: .Dictionary2

===========================================================================================
----------------- testing Thu Jun 18 14:47:32 UTC 2020 /home/travis/build/icyphy/ptII/ptolemy/actor/lib/test/auto/Dictionary3.xml
----------------- Instantiating /home/travis/build/icyphy/ptII/ptolemy/actor/lib/test/auto/Dictionary3.xml
1 ms. Memory: 465920K Free: 346251K (74%)
----------------- Invoking toplevel() on ptolemy.moml.MoMLSimpleApplication@1f5f02da
----------------- Done invoking toplevel() on ptolemy.moml.MoMLSimpleApplication@1f5f02da
reloadAllAccessors: .Dictionary3

===========================================================================================
----------------- testing Thu Jun 18 14:47:32 UTC 2020 /home/travis/build/icyphy/ptII/ptolemy/actor/lib/test/auto/Dictionary4.xml
----------------- Instantiating /home/travis/build/icyphy/ptII/ptolemy/actor/lib/test/auto/Dictionary4.xml
5 ms. Memory: 465920K Free: 339083K (73%)
----------------- Invoking toplevel() on ptolemy.moml.MoMLSimpleApplication@285ad078
----------------- Done invoking toplevel() on ptolemy.moml.MoMLSimpleApplication@285ad078
reloadAllAccessors: .Dictionary4

===========================================================================================
----------------- testing Thu Jun 18 14:47:32 UTC 2020 /home/travis/build/icyphy/ptII/ptolemy/actor/lib/test/auto/Differential.xml
----------------- Instantiating /home/travis/build/icyphy/ptII/ptolemy/actor/lib/test/auto/Differential.xml
3 ms. Memory: 465920K Free: 334477K (72%)
----------------- Invoking toplevel() on ptolemy.moml.MoMLSimpleApplication@660962a8
----------------- Done invoking toplevel() on ptolemy.moml.MoMLSimpleApplication@660962a8
reloadAllAccessors: .Differential

===========================================================================================
----------------- testing Thu Jun 18 14:47:32 UTC 2020 /home/travis/build/icyphy/ptII/ptolemy/actor/lib/test/auto/Director.xml
----------------- Instantiating /home/travis/build/icyphy/ptII/ptolemy/actor/lib/test/auto/Director.xml
4 ms. Memory: 465920K Free: 330891K (71%)
----------------- Invoking toplevel() on ptolemy.moml.MoMLSimpleApplication@3d6ef4db
----------------- Done invoking toplevel() on ptolemy.moml.MoMLSimpleApplication@3d6ef4db
reloadAllAccessors: .Director

===========================================================================================
----------------- testing Thu Jun 18 14:47:33 UTC 2020 /home/travis/build/icyphy/ptII/ptolemy/actor/lib/test/auto/DiscreteClock.xml
----------------- Instantiating /home/travis/build/icyphy/ptII/ptolemy/actor/lib/test/auto/DiscreteClock.xml
1 ms. Memory: 465920K Free: 327309K (70%)
----------------- Invoking toplevel() on ptolemy.moml.MoMLSimpleApplication@1a7fde09
----------------- Done invoking toplevel() on ptolemy.moml.MoMLSimpleApplication@1a7fde09
reloadAllAccessors: .DiscreteClock

===========================================================================================
----------------- testing Thu Jun 18 14:47:33 UTC 2020 /home/travis/build/icyphy/ptII/ptolemy/actor/lib/test/auto/DiscreteClock10.xml
----------------- Instantiating /home/travis/build/icyphy/ptII/ptolemy/actor/lib/test/auto/DiscreteClock10.xml
2 ms. Memory: 465920K Free: 321165K (69%)
----------------- Invoking toplevel() on ptolemy.moml.MoMLSimpleApplication@2245ab43
----------------- Done invoking toplevel() on ptolemy.moml.MoMLSimpleApplication@2245ab43
reloadAllAccessors: .DiscreteClock10

===========================================================================================
----------------- testing Thu Jun 18 14:47:33 UTC 2020 /home/travis/build/icyphy/ptII/ptolemy/actor/lib/test/auto/DiscreteClock11.xml
----------------- Instantiating /home/travis/build/icyphy/ptII/ptolemy/actor/lib/test/auto/DiscreteClock11.xml
2 ms. Memory: 465920K Free: 315021K (68%)
----------------- Invoking toplevel() on ptolemy.moml.MoMLSimpleApplication@39e90d39
----------------- Done invoking toplevel() on ptolemy.moml.MoMLSimpleApplication@39e90d39
reloadAllAccessors: .DiscreteClock11

===========================================================================================
----------------- testing Thu Jun 18 14:47:33 UTC 2020 /home/travis/build/icyphy/ptII/ptolemy/actor/lib/test/auto/DiscreteClock12.xml
----------------- Instantiating /home/travis/build/icyphy/ptII/ptolemy/actor/lib/test/auto/DiscreteClock12.xml
2 ms. Memory: 465920K Free: 309387K (66%)
----------------- Invoking toplevel() on ptolemy.moml.MoMLSimpleApplication@8f81142
----------------- Done invoking toplevel() on ptolemy.moml.MoMLSimpleApplication@8f81142
reloadAllAccessors: .DiscreteClock12

===========================================================================================
----------------- testing Thu Jun 18 14:47:33 UTC 2020 /home/travis/build/icyphy/ptII/ptolemy/actor/lib/test/auto/DiscreteClock13.xml
----------------- Instantiating /home/travis/build/icyphy/ptII/ptolemy/actor/lib/test/auto/DiscreteClock13.xml
4 ms. Memory: 465920K Free: 303236K (65%)
----------------- Invoking toplevel() on ptolemy.moml.MoMLSimpleApplication@4e028334
----------------- Done invoking toplevel() on ptolemy.moml.MoMLSimpleApplication@4e028334
reloadAllAccessors: .DiscreteClock13

===========================================================================================
----------------- testing Thu Jun 18 14:47:33 UTC 2020 /home/travis/build/icyphy/ptII/ptolemy/actor/lib/test/auto/DiscreteClock14.xml
----------------- Instantiating /home/travis/build/icyphy/ptII/ptolemy/actor/lib/test/auto/DiscreteClock14.xml
5 ms. Memory: 465920K Free: 297068K (64%)
----------------- Invoking toplevel() on ptolemy.moml.MoMLSimpleApplication@4bad5a79
----------------- Done invoking toplevel() on ptolemy.moml.MoMLSimpleApplication@4bad5a79
reloadAllAccessors: .DiscreteClock14

===========================================================================================
----------------- testing Thu Jun 18 14:47:33 UTC 2020 /home/travis/build/icyphy/ptII/ptolemy/actor/lib/test/auto/DiscreteClock15.xml
----------------- Instantiating /home/travis/build/icyphy/ptII/ptolemy/actor/lib/test/auto/DiscreteClock15.xml
5 ms. Memory: 465920K Free: 290924K (62%)
----------------- Invoking toplevel() on ptolemy.moml.MoMLSimpleApplication@3128eece
----------------- Done invoking toplevel() on ptolemy.moml.MoMLSimpleApplication@3128eece
reloadAllAccessors: .DiscreteClock15

===========================================================================================
----------------- testing Thu Jun 18 14:47:33 UTC 2020 /home/travis/build/icyphy/ptII/ptolemy/actor/lib/test/auto/DiscreteClock16.xml
----------------- Instantiating /home/travis/build/icyphy/ptII/ptolemy/actor/lib/test/auto/DiscreteClock16.xml
16 ms. Memory: 465920K Free: 277133K (59%)
----------------- Invoking toplevel() on ptolemy.moml.MoMLSimpleApplication@5525d3c1
----------------- Done invoking toplevel() on ptolemy.moml.MoMLSimpleApplication@5525d3c1
reloadAllAccessors: .DiscreteClock16

===========================================================================================
----------------- testing Thu Jun 18 14:47:33 UTC 2020 /home/travis/build/icyphy/ptII/ptolemy/actor/lib/test/auto/DiscreteClock17.xml
----------------- Instantiating /home/travis/build/icyphy/ptII/ptolemy/actor/lib/test/auto/DiscreteClock17.xml
17 ms. Memory: 465920K Free: 263292K (57%)
----------------- Invoking toplevel() on ptolemy.moml.MoMLSimpleApplication@658aacac
----------------- Done invoking toplevel() on ptolemy.moml.MoMLSimpleApplication@658aacac
reloadAllAccessors: .DiscreteClock17

===========================================================================================
----------------- testing Thu Jun 18 14:47:33 UTC 2020 /home/travis/build/icyphy/ptII/ptolemy/actor/lib/test/auto/DiscreteClock18.xml
----------------- Instantiating /home/travis/build/icyphy/ptII/ptolemy/actor/lib/test/auto/DiscreteClock18.xml
21 ms. Memory: 465920K Free: 249485K (54%)
----------------- Invoking toplevel() on ptolemy.moml.MoMLSimpleApplication@376a1ba1
----------------- Done invoking toplevel() on ptolemy.moml.MoMLSimpleApplication@376a1ba1
reloadAllAccessors: .DiscreteClock18

===========================================================================================
----------------- testing Thu Jun 18 14:47:33 UTC 2020 /home/travis/build/icyphy/ptII/ptolemy/actor/lib/test/auto/DiscreteClock19.xml
----------------- Instantiating /home/travis/build/icyphy/ptII/ptolemy/actor/lib/test/auto/DiscreteClock19.xml
18 ms. Memory: 465920K Free: 235626K (51%)
----------------- Invoking toplevel() on ptolemy.moml.MoMLSimpleApplication@47a89960
----------------- Done invoking toplevel() on ptolemy.moml.MoMLSimpleApplication@47a89960
reloadAllAccessors: .DiscreteClock19

===========================================================================================
----------------- testing Thu Jun 18 14:47:33 UTC 2020 /home/travis/build/icyphy/ptII/ptolemy/actor/lib/test/auto/DiscreteClock2.xml
----------------- Instantiating /home/travis/build/icyphy/ptII/ptolemy/actor/lib/test/auto/DiscreteClock2.xml
3 ms. Memory: 465920K Free: 230532K (49%)
----------------- Invoking toplevel() on ptolemy.moml.MoMLSimpleApplication@53d57bf9
----------------- Done invoking toplevel() on ptolemy.moml.MoMLSimpleApplication@53d57bf9
reloadAllAccessors: .DiscreteClock2

===========================================================================================
----------------- testing Thu Jun 18 14:47:33 UTC 2020 /home/travis/build/icyphy/ptII/ptolemy/actor/lib/test/auto/DiscreteClock20.xml
----------------- Instantiating /home/travis/build/icyphy/ptII/ptolemy/actor/lib/test/auto/DiscreteClock20.xml
8 ms. Memory: 465920K Free: 225419K (48%)
----------------- Invoking toplevel() on ptolemy.moml.MoMLSimpleApplication@13ae1bca
----------------- Done invoking toplevel() on ptolemy.moml.MoMLSimpleApplication@13ae1bca
reloadAllAccessors: .DiscreteClock20

===========================================================================================
----------------- testing Thu Jun 18 14:47:33 UTC 2020 /home/travis/build/icyphy/ptII/ptolemy/actor/lib/test/auto/DiscreteClock21.xml
----------------- Instantiating /home/travis/build/icyphy/ptII/ptolemy/actor/lib/test/auto/DiscreteClock21.xml
5 ms. Memory: 465920K Free: 219789K (47%)
----------------- Invoking toplevel() on ptolemy.moml.MoMLSimpleApplication@1481247b
----------------- Done invoking toplevel() on ptolemy.moml.MoMLSimpleApplication@1481247b
reloadAllAccessors: .DiscreteClock21

===========================================================================================
----------------- testing Thu Jun 18 14:47:33 UTC 2020 /home/travis/build/icyphy/ptII/ptolemy/actor/lib/test/auto/DiscreteClock22.xml
----------------- Instantiating /home/travis/build/icyphy/ptII/ptolemy/actor/lib/test/auto/DiscreteClock22.xml
5 ms. Memory: 465920K Free: 214155K (46%)
----------------- Invoking toplevel() on ptolemy.moml.MoMLSimpleApplication@dede4e4
----------------- Done invoking toplevel() on ptolemy.moml.MoMLSimpleApplication@dede4e4
reloadAllAccessors: .DiscreteClock22

===========================================================================================
----------------- testing Thu Jun 18 14:47:33 UTC 2020 /home/travis/build/icyphy/ptII/ptolemy/actor/lib/test/auto/DiscreteClock23.xml
----------------- Instantiating /home/travis/build/icyphy/ptII/ptolemy/actor/lib/test/auto/DiscreteClock23.xml
3 ms. Memory: 465920K Free: 208525K (45%)
----------------- Invoking toplevel() on ptolemy.moml.MoMLSimpleApplication@6b06dc7e
----------------- Done invoking toplevel() on ptolemy.moml.MoMLSimpleApplication@6b06dc7e
reloadAllAccessors: .DiscreteClock23

===========================================================================================
----------------- testing Thu Jun 18 14:47:33 UTC 2020 /home/travis/build/icyphy/ptII/ptolemy/actor/lib/test/auto/DiscreteClock24.xml
----------------- Instantiating /home/travis/build/icyphy/ptII/ptolemy/actor/lib/test/auto/DiscreteClock24.xml
2 ms. Memory: 465920K Free: 203405K (44%)
----------------- Invoking toplevel() on ptolemy.moml.MoMLSimpleApplication@37e0cf90
----------------- Done invoking toplevel() on ptolemy.moml.MoMLSimpleApplication@37e0cf90
reloadAllAccessors: .DiscreteClock24

===========================================================================================
----------------- testing Thu Jun 18 14:47:33 UTC 2020 /home/travis/build/icyphy/ptII/ptolemy/actor/lib/test/auto/DiscreteClock4.xml
----------------- Instantiating /home/travis/build/icyphy/ptII/ptolemy/actor/lib/test/auto/DiscreteClock4.xml
2 ms. Memory: 465920K Free: 197756K (42%)
----------------- Invoking toplevel() on ptolemy.moml.MoMLSimpleApplication@718bcd47
----------------- Done invoking toplevel() on ptolemy.moml.MoMLSimpleApplication@718bcd47
reloadAllAccessors: .DiscreteClock4

===========================================================================================
----------------- testing Thu Jun 18 14:47:33 UTC 2020 /home/travis/build/icyphy/ptII/ptolemy/actor/lib/test/auto/DiscreteClock5.xml
----------------- Instantiating /home/travis/build/icyphy/ptII/ptolemy/actor/lib/test/auto/DiscreteClock5.xml
1 ms. Memory: 465920K Free: 192141K (41%)
----------------- Invoking toplevel() on ptolemy.moml.MoMLSimpleApplication@1cebbdc9
----------------- Done invoking toplevel() on ptolemy.moml.MoMLSimpleApplication@1cebbdc9
reloadAllAccessors: .DiscreteClock5

===========================================================================================
----------------- testing Thu Jun 18 14:47:33 UTC 2020 /home/travis/build/icyphy/ptII/ptolemy/actor/lib/test/auto/DiscreteClock6.xml
----------------- Instantiating /home/travis/build/icyphy/ptII/ptolemy/actor/lib/test/auto/DiscreteClock6.xml
1 ms. Memory: 465920K Free: 187531K (40%)
----------------- Invoking toplevel() on ptolemy.moml.MoMLSimpleApplication@4591f24e
----------------- Done invoking toplevel() on ptolemy.moml.MoMLSimpleApplication@4591f24e
reloadAllAccessors: .DiscreteClock6

===========================================================================================
----------------- testing Thu Jun 18 14:47:33 UTC 2020 /home/travis/build/icyphy/ptII/ptolemy/actor/lib/test/auto/DiscreteClock7.xml
----------------- Instantiating /home/travis/build/icyphy/ptII/ptolemy/actor/lib/test/auto/DiscreteClock7.xml
1 ms. Memory: 465920K Free: 183435K (39%)
----------------- Invoking toplevel() on ptolemy.moml.MoMLSimpleApplication@260af693
----------------- Done invoking toplevel() on ptolemy.moml.MoMLSimpleApplication@260af693
reloadAllAccessors: .DiscreteClock7

===========================================================================================
----------------- testing Thu Jun 18 14:47:33 UTC 2020 /home/travis/build/icyphy/ptII/ptolemy/actor/lib/test/auto/DiscreteClock8.xml
----------------- Instantiating /home/travis/build/icyphy/ptII/ptolemy/actor/lib/test/auto/DiscreteClock8.xml
2 ms. Memory: 465920K Free: 177805K (38%)
----------------- Invoking toplevel() on ptolemy.moml.MoMLSimpleApplication@31cb1ef3
----------------- Done invoking toplevel() on ptolemy.moml.MoMLSimpleApplication@31cb1ef3
reloadAllAccessors: .DiscreteClock8

===========================================================================================
----------------- testing Thu Jun 18 14:47:33 UTC 2020 /home/travis/build/icyphy/ptII/ptolemy/actor/lib/test/auto/DiscreteClock9.xml
----------------- Instantiating /home/travis/build/icyphy/ptII/ptolemy/actor/lib/test/auto/DiscreteClock9.xml
2 ms. Memory: 465920K Free: 171661K (37%)
----------------- Invoking toplevel() on ptolemy.moml.MoMLSimpleApplication@5313c8c5
----------------- Done invoking toplevel() on ptolemy.moml.MoMLSimpleApplication@5313c8c5
reloadAllAccessors: .DiscreteClock9

===========================================================================================
----------------- testing Thu Jun 18 14:47:33 UTC 2020 /home/travis/build/icyphy/ptII/ptolemy/actor/lib/test/auto/DisplayArray.xml
----------------- Instantiating /home/travis/build/icyphy/ptII/ptolemy/actor/lib/test/auto/DisplayArray.xml
1 ms. Memory: 465920K Free: 168075K (36%)
----------------- Invoking toplevel() on ptolemy.moml.MoMLSimpleApplication@19ca2f63
----------------- Done invoking toplevel() on ptolemy.moml.MoMLSimpleApplication@19ca2f63
reloadAllAccessors: .DisplayArray

===========================================================================================
----------------- testing Thu Jun 18 14:47:33 UTC 2020 /home/travis/build/icyphy/ptII/ptolemy/actor/lib/test/auto/Distributor.xml
----------------- Instantiating /home/travis/build/icyphy/ptII/ptolemy/actor/lib/test/auto/Distributor.xml
2 ms. Memory: 465920K Free: 162955K (35%)
----------------- Invoking toplevel() on ptolemy.moml.MoMLSimpleApplication@19773426
----------------- Done invoking toplevel() on ptolemy.moml.MoMLSimpleApplication@19773426
reloadAllAccessors: .Distributor

===========================================================================================
----------------- testing Thu Jun 18 14:47:33 UTC 2020 /home/travis/build/icyphy/ptII/ptolemy/actor/lib/test/auto/Distributor2.xml
----------------- Instantiating /home/travis/build/icyphy/ptII/ptolemy/actor/lib/test/auto/Distributor2.xml
1 ms. Memory: 465920K Free: 158349K (34%)
----------------- Invoking toplevel() on ptolemy.moml.MoMLSimpleApplication@34777bbf
----------------- Done invoking toplevel() on ptolemy.moml.MoMLSimpleApplication@34777bbf
reloadAllAccessors: .Distributor2

===========================================================================================
----------------- testing Thu Jun 18 14:47:33 UTC 2020 /home/travis/build/icyphy/ptII/ptolemy/actor/lib/test/auto/DownSample.xml
----------------- Instantiating /home/travis/build/icyphy/ptII/ptolemy/actor/lib/test/auto/DownSample.xml
2 ms. Memory: 465920K Free: 153739K (33%)
----------------- Invoking toplevel() on ptolemy.moml.MoMLSimpleApplication@3f204f9a
----------------- Done invoking toplevel() on ptolemy.moml.MoMLSimpleApplication@3f204f9a
reloadAllAccessors: .DownSample

===========================================================================================
----------------- testing Thu Jun 18 14:47:33 UTC 2020 /home/travis/build/icyphy/ptII/ptolemy/actor/lib/test/auto/ElectronicUnitBase1.xml
----------------- Instantiating /home/travis/build/icyphy/ptII/ptolemy/actor/lib/test/auto/ElectronicUnitBase1.xml
15 ms. Memory: 465920K Free: 402573K (86%)
----------------- Invoking toplevel() on ptolemy.moml.MoMLSimpleApplication@64d439c
----------------- Done invoking toplevel() on ptolemy.moml.MoMLSimpleApplication@64d439c
reloadAllAccessors: .ElectronicUnitBase1

===========================================================================================
----------------- testing Thu Jun 18 14:47:33 UTC 2020 /home/travis/build/icyphy/ptII/ptolemy/actor/lib/test/auto/ElementsToArray.xml
----------------- Instantiating /home/travis/build/icyphy/ptII/ptolemy/actor/lib/test/auto/ElementsToArray.xml
3 ms. Memory: 465920K Free: 397453K (85%)
----------------- Invoking toplevel() on ptolemy.moml.MoMLSimpleApplication@1763e2ad
----------------- Done invoking toplevel() on ptolemy.moml.MoMLSimpleApplication@1763e2ad
reloadAllAccessors: .ElementsToArray

===========================================================================================
----------------- testing Thu Jun 18 14:47:33 UTC 2020 /home/travis/build/icyphy/ptII/ptolemy/actor/lib/test/auto/Equals.xml
----------------- Instantiating /home/travis/build/icyphy/ptII/ptolemy/actor/lib/test/auto/Equals.xml
3 ms. Memory: 465920K Free: 392843K (84%)
----------------- Invoking toplevel() on ptolemy.moml.MoMLSimpleApplication@379a8be9
----------------- Done invoking toplevel() on ptolemy.moml.MoMLSimpleApplication@379a8be9
reloadAllAccessors: .Equals

===========================================================================================
----------------- testing Thu Jun 18 14:47:33 UTC 2020 /home/travis/build/icyphy/ptII/ptolemy/actor/lib/test/auto/Exec.xml
----------------- Instantiating /home/travis/build/icyphy/ptII/ptolemy/actor/lib/test/auto/Exec.xml
15 ms. Memory: 465920K Free: 386699K (83%)
----------------- Invoking toplevel() on ptolemy.moml.MoMLSimpleApplication@7a2a119
----------------- Done invoking toplevel() on ptolemy.moml.MoMLSimpleApplication@7a2a119
reloadAllAccessors: .Exec

===========================================================================================
----------------- testing Thu Jun 18 14:47:33 UTC 2020 /home/travis/build/icyphy/ptII/ptolemy/actor/lib/test/auto/ExecEnvironment.xml
----------------- Instantiating /home/travis/build/icyphy/ptII/ptolemy/actor/lib/test/auto/ExecEnvironment.xml
31 ms. Memory: 465920K Free: 381067K (82%)
----------------- Invoking toplevel() on ptolemy.moml.MoMLSimpleApplication@5189e64c
----------------- Done invoking toplevel() on ptolemy.moml.MoMLSimpleApplication@5189e64c
reloadAllAccessors: .ExecEnvironment

===========================================================================================
----------------- testing Thu Jun 18 14:47:33 UTC 2020 /home/travis/build/icyphy/ptII/ptolemy/actor/lib/test/auto/ExecNonZeroReturnOutput.xml
----------------- Instantiating /home/travis/build/icyphy/ptII/ptolemy/actor/lib/test/auto/ExecNonZeroReturnOutput.xml
133 ms. Memory: 465920K Free: 370315K (79%)
----------------- Invoking toplevel() on ptolemy.moml.MoMLSimpleApplication@390e1f42
----------------- Done invoking toplevel() on ptolemy.moml.MoMLSimpleApplication@390e1f42
reloadAllAccessors: .ExecNonZeroReturnOutput

===========================================================================================
----------------- testing Thu Jun 18 14:47:33 UTC 2020 /home/travis/build/icyphy/ptII/ptolemy/actor/lib/test/auto/ExecRunDemos.xml
----------------- Instantiating /home/travis/build/icyphy/ptII/ptolemy/actor/lib/test/auto/ExecRunDemos.xml
Finished: 55 ms. Memory: 129024K Free: 112284K (87%)

Finished: 80 ms. Memory: 129024K Free: 109499K (85%)

Finished: 72 ms. Memory: 129024K Free: 109590K (85%)

Finished: 73 ms. Memory: 129024K Free: 110898K (86%)

Finished: 61 ms. Memory: 129024K Free: 112072K (87%)

10139 ms. Memory: 465920K Free: 348811K (75%)
----------------- Invoking toplevel() on ptolemy.moml.MoMLSimpleApplication@6a293069
----------------- Done invoking toplevel() on ptolemy.moml.MoMLSimpleApplication@6a293069
reloadAllAccessors: .ExecRunDemos

===========================================================================================
----------------- testing Thu Jun 18 14:47:44 UTC 2020 /home/travis/build/icyphy/ptII/ptolemy/actor/lib/test/auto/ExecStop.xml
----------------- Instantiating /home/travis/build/icyphy/ptII/ptolemy/actor/lib/test/auto/ExecStop.xml
5021 ms. Memory: 465920K Free: 204941K (44%)
----------------- Invoking toplevel() on ptolemy.moml.MoMLSimpleApplication@2b56614f
----------------- Done invoking toplevel() on ptolemy.moml.MoMLSimpleApplication@2b56614f
reloadAllAccessors: .ExecStop

===========================================================================================
----------------- testing Thu Jun 18 14:47:49 UTC 2020 /home/travis/build/icyphy/ptII/ptolemy/actor/lib/test/auto/ExecutionTimeSDF.xml
----------------- Instantiating /home/travis/build/icyphy/ptII/ptolemy/actor/lib/test/auto/ExecutionTimeSDF.xml
Fired ExecutionTime: -410967296
Fired ExecutionTime: 1336800000
Fired ExecutionTime: -19767296
6004 ms. Memory: 465920K Free: 192653K (41%)
----------------- Invoking toplevel() on ptolemy.moml.MoMLSimpleApplication@58a0103b
----------------- Done invoking toplevel() on ptolemy.moml.MoMLSimpleApplication@58a0103b
reloadAllAccessors: .ExecutionTimeSDF

===========================================================================================
----------------- testing Thu Jun 18 14:47:55 UTC 2020 /home/travis/build/icyphy/ptII/ptolemy/actor/lib/test/auto/Expression1.xml
----------------- Instantiating /home/travis/build/icyphy/ptII/ptolemy/actor/lib/test/auto/Expression1.xml
2 ms. Memory: 465920K Free: 189067K (41%)
----------------- Invoking toplevel() on ptolemy.moml.MoMLSimpleApplication@34b309ae
----------------- Done invoking toplevel() on ptolemy.moml.MoMLSimpleApplication@34b309ae
reloadAllAccessors: .Expression1

===========================================================================================
----------------- testing Thu Jun 18 14:47:55 UTC 2020 /home/travis/build/icyphy/ptII/ptolemy/actor/lib/test/auto/Expression10.xml
----------------- Instantiating /home/travis/build/icyphy/ptII/ptolemy/actor/lib/test/auto/Expression10.xml
11 ms. Memory: 465920K Free: 183947K (39%)
----------------- Invoking toplevel() on ptolemy.moml.MoMLSimpleApplication@31571b68
----------------- Done invoking toplevel() on ptolemy.moml.MoMLSimpleApplication@31571b68
reloadAllAccessors: .Expression10

===========================================================================================
----------------- testing Thu Jun 18 14:47:55 UTC 2020 /home/travis/build/icyphy/ptII/ptolemy/actor/lib/test/auto/Expression11.xml
----------------- Instantiating /home/travis/build/icyphy/ptII/ptolemy/actor/lib/test/auto/Expression11.xml
2 ms. Memory: 465920K Free: 179339K (38%)
----------------- Invoking toplevel() on ptolemy.moml.MoMLSimpleApplication@5a586550
----------------- Done invoking toplevel() on ptolemy.moml.MoMLSimpleApplication@5a586550
reloadAllAccessors: .Expression11

===========================================================================================
----------------- testing Thu Jun 18 14:47:55 UTC 2020 /home/travis/build/icyphy/ptII/ptolemy/actor/lib/test/auto/Expression12.xml
----------------- Instantiating /home/travis/build/icyphy/ptII/ptolemy/actor/lib/test/auto/Expression12.xml
2 ms. Memory: 465920K Free: 173197K (37%)
----------------- Invoking toplevel() on ptolemy.moml.MoMLSimpleApplication@7ddcbf1d
----------------- Done invoking toplevel() on ptolemy.moml.MoMLSimpleApplication@7ddcbf1d
reloadAllAccessors: .Expression12

===========================================================================================
----------------- testing Thu Jun 18 14:47:55 UTC 2020 /home/travis/build/icyphy/ptII/ptolemy/actor/lib/test/auto/Expression13.xml
----------------- Instantiating /home/travis/build/icyphy/ptII/ptolemy/actor/lib/test/auto/Expression13.xml
3 ms. Memory: 465920K Free: 168077K (36%)
----------------- Invoking toplevel() on ptolemy.moml.MoMLSimpleApplication@e994567
----------------- Done invoking toplevel() on ptolemy.moml.MoMLSimpleApplication@e994567
reloadAllAccessors: .Expression13

===========================================================================================
----------------- testing Thu Jun 18 14:47:55 UTC 2020 /home/travis/build/icyphy/ptII/ptolemy/actor/lib/test/auto/Expression14.xml
----------------- Instantiating /home/travis/build/icyphy/ptII/ptolemy/actor/lib/test/auto/Expression14.xml
6 ms. Memory: 465920K Free: 161933K (35%)
----------------- Invoking toplevel() on ptolemy.moml.MoMLSimpleApplication@37ea91d2
----------------- Done invoking toplevel() on ptolemy.moml.MoMLSimpleApplication@37ea91d2
reloadAllAccessors: .Expression14

===========================================================================================
----------------- testing Thu Jun 18 14:47:55 UTC 2020 /home/travis/build/icyphy/ptII/ptolemy/actor/lib/test/auto/Expression15.xml
----------------- Instantiating /home/travis/build/icyphy/ptII/ptolemy/actor/lib/test/auto/Expression15.xml
1 ms. Memory: 465920K Free: 158347K (34%)
----------------- Invoking toplevel() on ptolemy.moml.MoMLSimpleApplication@529cd4ec
----------------- Done invoking toplevel() on ptolemy.moml.MoMLSimpleApplication@529cd4ec
reloadAllAccessors: .Expression15

===========================================================================================
----------------- testing Thu Jun 18 14:47:55 UTC 2020 /home/travis/build/icyphy/ptII/ptolemy/actor/lib/test/auto/Expression16.xml
----------------- Instantiating /home/travis/build/icyphy/ptII/ptolemy/actor/lib/test/auto/Expression16.xml
3 ms. Memory: 465920K Free: 153227K (33%)
----------------- Invoking toplevel() on ptolemy.moml.MoMLSimpleApplication@14f24a4c
----------------- Done invoking toplevel() on ptolemy.moml.MoMLSimpleApplication@14f24a4c
reloadAllAccessors: .Expression16

===========================================================================================
----------------- testing Thu Jun 18 14:47:55 UTC 2020 /home/travis/build/icyphy/ptII/ptolemy/actor/lib/test/auto/Expression17.xml
----------------- Instantiating /home/travis/build/icyphy/ptII/ptolemy/actor/lib/test/auto/Expression17.xml
2 ms. Memory: 465920K Free: 148107K (32%)
----------------- Invoking toplevel() on ptolemy.moml.MoMLSimpleApplication@1eaf582c
----------------- Done invoking toplevel() on ptolemy.moml.MoMLSimpleApplication@1eaf582c
reloadAllAccessors: .Expression17

===========================================================================================
----------------- testing Thu Jun 18 14:47:55 UTC 2020 /home/travis/build/icyphy/ptII/ptolemy/actor/lib/test/auto/Expression18.xml
----------------- Instantiating /home/travis/build/icyphy/ptII/ptolemy/actor/lib/test/auto/Expression18.xml
3 ms. Memory: 465920K Free: 413835K (89%)
----------------- Invoking toplevel() on ptolemy.moml.MoMLSimpleApplication@d649429
----------------- Done invoking toplevel() on ptolemy.moml.MoMLSimpleApplication@d649429
reloadAllAccessors: .Expression18

===========================================================================================
----------------- testing Thu Jun 18 14:47:55 UTC 2020 /home/travis/build/icyphy/ptII/ptolemy/actor/lib/test/auto/Expression2.xml
----------------- Instantiating /home/travis/build/icyphy/ptII/ptolemy/actor/lib/test/auto/Expression2.xml
2 ms. Memory: 465920K Free: 408205K (88%)
----------------- Invoking toplevel() on ptolemy.moml.MoMLSimpleApplication@452e3bd8
----------------- Done invoking toplevel() on ptolemy.moml.MoMLSimpleApplication@452e3bd8
reloadAllAccessors: .Expression2

===========================================================================================
----------------- testing Thu Jun 18 14:47:55 UTC 2020 /home/travis/build/icyphy/ptII/ptolemy/actor/lib/test/auto/Expression3.xml
----------------- Instantiating /home/travis/build/icyphy/ptII/ptolemy/actor/lib/test/auto/Expression3.xml
6 ms. Memory: 465920K Free: 403085K (87%)
----------------- Invoking toplevel() on ptolemy.moml.MoMLSimpleApplication@702ffb37
----------------- Done invoking toplevel() on ptolemy.moml.MoMLSimpleApplication@702ffb37
reloadAllAccessors: .Expression3

===========================================================================================
----------------- testing Thu Jun 18 14:47:55 UTC 2020 /home/travis/build/icyphy/ptII/ptolemy/actor/lib/test/auto/Expression4.xml
----------------- Instantiating /home/travis/build/icyphy/ptII/ptolemy/actor/lib/test/auto/Expression4.xml
6 ms. Memory: 465920K Free: 395403K (85%)
----------------- Invoking toplevel() on ptolemy.moml.MoMLSimpleApplication@74e78414
----------------- Done invoking toplevel() on ptolemy.moml.MoMLSimpleApplication@74e78414
reloadAllAccessors: .Expression4

===========================================================================================
----------------- testing Thu Jun 18 14:47:55 UTC 2020 /home/travis/build/icyphy/ptII/ptolemy/actor/lib/test/auto/Expression5.xml
----------------- Instantiating /home/travis/build/icyphy/ptII/ptolemy/actor/lib/test/auto/Expression5.xml
4 ms. Memory: 465920K Free: 390283K (84%)
----------------- Invoking toplevel() on ptolemy.moml.MoMLSimpleApplication@6e0877e1
----------------- Done invoking toplevel() on ptolemy.moml.MoMLSimpleApplication@6e0877e1
reloadAllAccessors: .Expression5

===========================================================================================
----------------- testing Thu Jun 18 14:47:55 UTC 2020 /home/travis/build/icyphy/ptII/ptolemy/actor/lib/test/auto/Expression6.xml
----------------- Instantiating /home/travis/build/icyphy/ptII/ptolemy/actor/lib/test/auto/Expression6.xml
2 ms. Memory: 465920K Free: 385677K (83%)
----------------- Invoking toplevel() on ptolemy.moml.MoMLSimpleApplication@49965d45
----------------- Done invoking toplevel() on ptolemy.moml.MoMLSimpleApplication@49965d45
reloadAllAccessors: .Expression6

===========================================================================================
----------------- testing Thu Jun 18 14:47:55 UTC 2020 /home/travis/build/icyphy/ptII/ptolemy/actor/lib/test/auto/Expression7.xml
----------------- Instantiating /home/travis/build/icyphy/ptII/ptolemy/actor/lib/test/auto/Expression7.xml
2 ms. Memory: 465920K Free: 381067K (82%)
----------------- Invoking toplevel() on ptolemy.moml.MoMLSimpleApplication@21a3529b
----------------- Done invoking toplevel() on ptolemy.moml.MoMLSimpleApplication@21a3529b
reloadAllAccessors: .Expression7

===========================================================================================
----------------- testing Thu Jun 18 14:47:55 UTC 2020 /home/travis/build/icyphy/ptII/ptolemy/actor/lib/test/auto/Expression8.xml
----------------- Instantiating /home/travis/build/icyphy/ptII/ptolemy/actor/lib/test/auto/Expression8.xml
9 ms. Memory: 465920K Free: 375947K (81%)
----------------- Invoking toplevel() on ptolemy.moml.MoMLSimpleApplication@2cfd8bb0
----------------- Done invoking toplevel() on ptolemy.moml.MoMLSimpleApplication@2cfd8bb0
reloadAllAccessors: .Expression8

===========================================================================================
----------------- testing Thu Jun 18 14:47:55 UTC 2020 /home/travis/build/icyphy/ptII/ptolemy/actor/lib/test/auto/Expression9.xml
----------------- Instantiating /home/travis/build/icyphy/ptII/ptolemy/actor/lib/test/auto/Expression9.xml
1 ms. Memory: 465920K Free: 371851K (80%)
----------------- Invoking toplevel() on ptolemy.moml.MoMLSimpleApplication@7d862d00
----------------- Done invoking toplevel() on ptolemy.moml.MoMLSimpleApplication@7d862d00
reloadAllAccessors: .Expression9

===========================================================================================
----------------- testing Thu Jun 18 14:47:55 UTC 2020 /home/travis/build/icyphy/ptII/ptolemy/actor/lib/test/auto/ExpressionConcatenateArrayType.xml
----------------- Instantiating /home/travis/build/icyphy/ptII/ptolemy/actor/lib/test/auto/ExpressionConcatenateArrayType.xml
2 ms. Memory: 465920K Free: 365197K (78%)
----------------- Invoking toplevel() on ptolemy.moml.MoMLSimpleApplication@35591816
----------------- Done invoking toplevel() on ptolemy.moml.MoMLSimpleApplication@35591816
reloadAllAccessors: .ExpressionConcatenateArrayType

===========================================================================================
----------------- testing Thu Jun 18 14:47:55 UTC 2020 /home/travis/build/icyphy/ptII/ptolemy/actor/lib/test/auto/ExpressionConcatenateArrayType2.xml
----------------- Instantiating /home/travis/build/icyphy/ptII/ptolemy/actor/lib/test/auto/ExpressionConcatenateArrayType2.xml
3 ms. Memory: 465920K Free: 359563K (77%)
----------------- Invoking toplevel() on ptolemy.moml.MoMLSimpleApplication@2943f0e9
----------------- Done invoking toplevel() on ptolemy.moml.MoMLSimpleApplication@2943f0e9
reloadAllAccessors: .ExpressionConcatenateArrayType2

===========================================================================================
----------------- testing Thu Jun 18 14:47:55 UTC 2020 /home/travis/build/icyphy/ptII/ptolemy/actor/lib/test/auto/ExpressionFix.xml
----------------- Instantiating /home/travis/build/icyphy/ptII/ptolemy/actor/lib/test/auto/ExpressionFix.xml
24 ms. Memory: 465920K Free: 352909K (76%)
----------------- Invoking toplevel() on ptolemy.moml.MoMLSimpleApplication@290487c4
----------------- Done invoking toplevel() on ptolemy.moml.MoMLSimpleApplication@290487c4
reloadAllAccessors: .ExpressionFix

===========================================================================================
----------------- testing Thu Jun 18 14:47:55 UTC 2020 /home/travis/build/icyphy/ptII/ptolemy/actor/lib/test/auto/ExpressionFix2.xml
----------------- Instantiating /home/travis/build/icyphy/ptII/ptolemy/actor/lib/test/auto/ExpressionFix2.xml
4 ms. Memory: 465920K Free: 348299K (75%)
----------------- Invoking toplevel() on ptolemy.moml.MoMLSimpleApplication@6c6b5d09
----------------- Done invoking toplevel() on ptolemy.moml.MoMLSimpleApplication@6c6b5d09
reloadAllAccessors: .ExpressionFix2

===========================================================================================
----------------- testing Thu Jun 18 14:47:55 UTC 2020 /home/travis/build/icyphy/ptII/ptolemy/actor/lib/test/auto/ExpressionFix3.xml
----------------- Instantiating /home/travis/build/icyphy/ptII/ptolemy/actor/lib/test/auto/ExpressionFix3.xml
3 ms. Memory: 465920K Free: 344203K (74%)
----------------- Invoking toplevel() on ptolemy.moml.MoMLSimpleApplication@324b7d1
----------------- Done invoking toplevel() on ptolemy.moml.MoMLSimpleApplication@324b7d1
reloadAllAccessors: .ExpressionFix3

===========================================================================================
----------------- testing Thu Jun 18 14:47:55 UTC 2020 /home/travis/build/icyphy/ptII/ptolemy/actor/lib/test/auto/FileWriter1.xml
----------------- Instantiating /home/travis/build/icyphy/ptII/ptolemy/actor/lib/test/auto/FileWriter1.xml
1 ms. Memory: 465920K Free: 340107K (73%)
----------------- Invoking toplevel() on ptolemy.moml.MoMLSimpleApplication@719d7553
----------------- Done invoking toplevel() on ptolemy.moml.MoMLSimpleApplication@719d7553
reloadAllAccessors: .FileWriter1

===========================================================================================
----------------- testing Thu Jun 18 14:47:55 UTC 2020 /home/travis/build/icyphy/ptII/ptolemy/actor/lib/test/auto/FileWriter2.xml
----------------- Instantiating /home/travis/build/icyphy/ptII/ptolemy/actor/lib/test/auto/FileWriter2.xml
2 ms. Memory: 465920K Free: 335501K (72%)
----------------- Invoking toplevel() on ptolemy.moml.MoMLSimpleApplication@5d638e6c
----------------- Done invoking toplevel() on ptolemy.moml.MoMLSimpleApplication@5d638e6c
reloadAllAccessors: .FileWriter2

===========================================================================================
----------------- testing Thu Jun 18 14:47:55 UTC 2020 /home/travis/build/icyphy/ptII/ptolemy/actor/lib/test/auto/FileWriter3.xml
----------------- Instantiating /home/travis/build/icyphy/ptII/ptolemy/actor/lib/test/auto/FileWriter3.xml
3 ms. Memory: 465920K Free: 331405K (71%)
----------------- Invoking toplevel() on ptolemy.moml.MoMLSimpleApplication@395a9da5
----------------- Done invoking toplevel() on ptolemy.moml.MoMLSimpleApplication@395a9da5
reloadAllAccessors: .FileWriter3

===========================================================================================
----------------- testing Thu Jun 18 14:47:55 UTC 2020 /home/travis/build/icyphy/ptII/ptolemy/actor/lib/test/auto/Gaussian.xml
----------------- Instantiating /home/travis/build/icyphy/ptII/ptolemy/actor/lib/test/auto/Gaussian.xml
2 ms. Memory: 465920K Free: 326795K (70%)
----------------- Invoking toplevel() on ptolemy.moml.MoMLSimpleApplication@3eb36652
----------------- Done invoking toplevel() on ptolemy.moml.MoMLSimpleApplication@3eb36652
reloadAllAccessors: .Gaussian

===========================================================================================
----------------- testing Thu Jun 18 14:47:55 UTC 2020 /home/travis/build/icyphy/ptII/ptolemy/actor/lib/test/auto/Gaussian1.xml
----------------- Instantiating /home/travis/build/icyphy/ptII/ptolemy/actor/lib/test/auto/Gaussian1.xml
2 ms. Memory: 465920K Free: 321165K (69%)
----------------- Invoking toplevel() on ptolemy.moml.MoMLSimpleApplication@2ce38f6e
----------------- Done invoking toplevel() on ptolemy.moml.MoMLSimpleApplication@2ce38f6e
reloadAllAccessors: .Gaussian1

===========================================================================================
----------------- testing Thu Jun 18 14:47:55 UTC 2020 /home/travis/build/icyphy/ptII/ptolemy/actor/lib/test/auto/Gaussian2.xml
----------------- Instantiating /home/travis/build/icyphy/ptII/ptolemy/actor/lib/test/auto/Gaussian2.xml
9 ms. Memory: 465920K Free: 315516K (68%)
----------------- Invoking toplevel() on ptolemy.moml.MoMLSimpleApplication@134f9b9e
----------------- Done invoking toplevel() on ptolemy.moml.MoMLSimpleApplication@134f9b9e
reloadAllAccessors: .Gaussian2

===========================================================================================
----------------- testing Thu Jun 18 14:47:55 UTC 2020 /home/travis/build/icyphy/ptII/ptolemy/actor/lib/test/auto/GradientAdaptiveLattice.xml
----------------- Instantiating /home/travis/build/icyphy/ptII/ptolemy/actor/lib/test/auto/GradientAdaptiveLattice.xml
2 ms. Memory: 465920K Free: 310925K (67%)
----------------- Invoking toplevel() on ptolemy.moml.MoMLSimpleApplication@17feecae
----------------- Done invoking toplevel() on ptolemy.moml.MoMLSimpleApplication@17feecae
reloadAllAccessors: .GradientAdaptiveLattice

===========================================================================================
----------------- testing Thu Jun 18 14:47:55 UTC 2020 /home/travis/build/icyphy/ptII/ptolemy/actor/lib/test/auto/IIR.xml
----------------- Instantiating /home/travis/build/icyphy/ptII/ptolemy/actor/lib/test/auto/IIR.xml
3 ms. Memory: 465920K Free: 306315K (66%)
----------------- Invoking toplevel() on ptolemy.moml.MoMLSimpleApplication@3eef6d6b
----------------- Done invoking toplevel() on ptolemy.moml.MoMLSimpleApplication@3eef6d6b
reloadAllAccessors: .IIR

===========================================================================================
----------------- testing Thu Jun 18 14:47:55 UTC 2020 /home/travis/build/icyphy/ptII/ptolemy/actor/lib/test/auto/InputOutputTransparentPorts.xml
----------------- Instantiating /home/travis/build/icyphy/ptII/ptolemy/actor/lib/test/auto/InputOutputTransparentPorts.xml
2 ms. Memory: 465920K Free: 299147K (64%)
----------------- Invoking toplevel() on ptolemy.moml.MoMLSimpleApplication@25ca1493
----------------- Done invoking toplevel() on ptolemy.moml.MoMLSimpleApplication@25ca1493
reloadAllAccessors: .InputOutputTransparentPorts

===========================================================================================
----------------- testing Thu Jun 18 14:47:55 UTC 2020 /home/travis/build/icyphy/ptII/ptolemy/actor/lib/test/auto/Interpolator.xml
----------------- Instantiating /home/travis/build/icyphy/ptII/ptolemy/actor/lib/test/auto/Interpolator.xml
4 ms. Memory: 465920K Free: 295036K (63%)
----------------- Invoking toplevel() on ptolemy.moml.MoMLSimpleApplication@7e70d4d4
----------------- Done invoking toplevel() on ptolemy.moml.MoMLSimpleApplication@7e70d4d4
reloadAllAccessors: .Interpolator

===========================================================================================
----------------- testing Thu Jun 18 14:47:55 UTC 2020 /home/travis/build/icyphy/ptII/ptolemy/actor/lib/test/auto/InterpolatorFiringLimitDE.xml
----------------- Instantiating /home/travis/build/icyphy/ptII/ptolemy/actor/lib/test/auto/InterpolatorFiringLimitDE.xml
2 ms. Memory: 465920K Free: 288397K (62%)
----------------- Invoking toplevel() on ptolemy.moml.MoMLSimpleApplication@31c49aa3
----------------- Done invoking toplevel() on ptolemy.moml.MoMLSimpleApplication@31c49aa3
reloadAllAccessors: .InterpolatorFiringLimitDE

===========================================================================================
----------------- testing Thu Jun 18 14:47:55 UTC 2020 /home/travis/build/icyphy/ptII/ptolemy/actor/lib/test/auto/Lattice.xml
----------------- Instantiating /home/travis/build/icyphy/ptII/ptolemy/actor/lib/test/auto/Lattice.xml
1 ms. Memory: 465920K Free: 284301K (61%)
----------------- Invoking toplevel() on ptolemy.moml.MoMLSimpleApplication@5f9fa344
----------------- Done invoking toplevel() on ptolemy.moml.MoMLSimpleApplication@5f9fa344
reloadAllAccessors: .Lattice

===========================================================================================
----------------- testing Thu Jun 18 14:47:55 UTC 2020 /home/travis/build/icyphy/ptII/ptolemy/actor/lib/test/auto/LazyAOCTestLazy.xml
----------------- Instantiating /home/travis/build/icyphy/ptII/ptolemy/actor/lib/test/auto/LazyAOCTestLazy.xml
22 ms. Memory: 465920K Free: 278157K (60%)
----------------- Invoking toplevel() on ptolemy.moml.MoMLSimpleApplication@2e62cd24
----------------- Done invoking toplevel() on ptolemy.moml.MoMLSimpleApplication@2e62cd24
reloadAllAccessors: .LazyAOCTestLazy

===========================================================================================
----------------- testing Thu Jun 18 14:47:55 UTC 2020 /home/travis/build/icyphy/ptII/ptolemy/actor/lib/test/auto/LazyAOCTestNonLazy.xml
----------------- Instantiating /home/travis/build/icyphy/ptII/ptolemy/actor/lib/test/auto/LazyAOCTestNonLazy.xml
3 ms. Memory: 465920K Free: 271499K (58%)
----------------- Invoking toplevel() on ptolemy.moml.MoMLSimpleApplication@7f6d09e0
----------------- Done invoking toplevel() on ptolemy.moml.MoMLSimpleApplication@7f6d09e0
reloadAllAccessors: .LazyAOCTestNonLazy

===========================================================================================
----------------- testing Thu Jun 18 14:47:55 UTC 2020 /home/travis/build/icyphy/ptII/ptolemy/actor/lib/test/auto/LazyInnerClass.xml
----------------- Instantiating /home/travis/build/icyphy/ptII/ptolemy/actor/lib/test/auto/LazyInnerClass.xml
20 ms. Memory: 465920K Free: 262797K (56%)
----------------- Invoking toplevel() on ptolemy.moml.MoMLSimpleApplication@5839b34a
----------------- Done invoking toplevel() on ptolemy.moml.MoMLSimpleApplication@5839b34a
reloadAllAccessors: .LazyInnerClass

===========================================================================================
----------------- testing Thu Jun 18 14:47:56 UTC 2020 /home/travis/build/icyphy/ptII/ptolemy/actor/lib/test/auto/LazyPubSub.xml
----------------- Instantiating /home/travis/build/icyphy/ptII/ptolemy/actor/lib/test/auto/LazyPubSub.xml
12 ms. Memory: 465920K Free: 253067K (54%)
----------------- Invoking toplevel() on ptolemy.moml.MoMLSimpleApplication@46b8fb7a
----------------- Done invoking toplevel() on ptolemy.moml.MoMLSimpleApplication@46b8fb7a
reloadAllAccessors: .LazyPubSub

===========================================================================================
----------------- testing Thu Jun 18 14:47:56 UTC 2020 /home/travis/build/icyphy/ptII/ptolemy/actor/lib/test/auto/LazyPubSub2.xml
----------------- Instantiating /home/travis/build/icyphy/ptII/ptolemy/actor/lib/test/auto/LazyPubSub2.xml
22 ms. Memory: 465920K Free: 241803K (52%)
----------------- Invoking toplevel() on ptolemy.moml.MoMLSimpleApplication@69dc6d5a
----------------- Done invoking toplevel() on ptolemy.moml.MoMLSimpleApplication@69dc6d5a
reloadAllAccessors: .LazyPubSub2

===========================================================================================
----------------- testing Thu Jun 18 14:47:56 UTC 2020 /home/travis/build/icyphy/ptII/ptolemy/actor/lib/test/auto/LazyPubSub3.xml
----------------- Instantiating /home/travis/build/icyphy/ptII/ptolemy/actor/lib/test/auto/LazyPubSub3.xml
14 ms. Memory: 465920K Free: 231563K (50%)
----------------- Invoking toplevel() on ptolemy.moml.MoMLSimpleApplication@766171de
----------------- Done invoking toplevel() on ptolemy.moml.MoMLSimpleApplication@766171de
reloadAllAccessors: .LazyPubSub3

===========================================================================================
----------------- testing Thu Jun 18 14:47:56 UTC 2020 /home/travis/build/icyphy/ptII/ptolemy/actor/lib/test/auto/LazySubClassModel.xml
----------------- Instantiating /home/travis/build/icyphy/ptII/ptolemy/actor/lib/test/auto/LazySubClassModel.xml
2 ms. Memory: 465920K Free: 222347K (48%)
----------------- Invoking toplevel() on ptolemy.moml.MoMLSimpleApplication@a9e858e
----------------- Done invoking toplevel() on ptolemy.moml.MoMLSimpleApplication@a9e858e
reloadAllAccessors: .LazySubClassModel

===========================================================================================
----------------- testing Thu Jun 18 14:47:56 UTC 2020 /home/travis/build/icyphy/ptII/ptolemy/actor/lib/test/auto/LevelCrossTest1.xml
----------------- Instantiating /home/travis/build/icyphy/ptII/ptolemy/actor/lib/test/auto/LevelCrossTest1.xml
1 ms. Memory: 465920K Free: 216717K (47%)
----------------- Invoking toplevel() on ptolemy.moml.MoMLSimpleApplication@111f6177
----------------- Done invoking toplevel() on ptolemy.moml.MoMLSimpleApplication@111f6177
reloadAllAccessors: .broken

===========================================================================================
----------------- testing Thu Jun 18 14:47:56 UTC 2020 /home/travis/build/icyphy/ptII/ptolemy/actor/lib/test/auto/LevelCrossTest10.xml
----------------- Instantiating /home/travis/build/icyphy/ptII/ptolemy/actor/lib/test/auto/LevelCrossTest10.xml
2 ms. Memory: 465920K Free: 209035K (45%)
----------------- Invoking toplevel() on ptolemy.moml.MoMLSimpleApplication@5daed36f
----------------- Done invoking toplevel() on ptolemy.moml.MoMLSimpleApplication@5daed36f
reloadAllAccessors: .LevelCrossTest10

===========================================================================================
----------------- testing Thu Jun 18 14:47:56 UTC 2020 /home/travis/build/icyphy/ptII/ptolemy/actor/lib/test/auto/LevelCrossTest11.xml
----------------- Instantiating /home/travis/build/icyphy/ptII/ptolemy/actor/lib/test/auto/LevelCrossTest11.xml
1 ms. Memory: 465920K Free: 201867K (43%)
----------------- Invoking toplevel() on ptolemy.moml.MoMLSimpleApplication@36405
----------------- Done invoking toplevel() on ptolemy.moml.MoMLSimpleApplication@36405
reloadAllAccessors: .LevelCrossTest11

===========================================================================================
----------------- testing Thu Jun 18 14:47:56 UTC 2020 /home/travis/build/icyphy/ptII/ptolemy/actor/lib/test/auto/LevelCrossTest12.xml
----------------- Instantiating /home/travis/build/icyphy/ptII/ptolemy/actor/lib/test/auto/LevelCrossTest12.xml
1 ms. Memory: 465920K Free: 195213K (42%)
----------------- Invoking toplevel() on ptolemy.moml.MoMLSimpleApplication@4af72720
----------------- Done invoking toplevel() on ptolemy.moml.MoMLSimpleApplication@4af72720
reloadAllAccessors: .LevelCrossTest12

===========================================================================================
----------------- testing Thu Jun 18 14:47:56 UTC 2020 /home/travis/build/icyphy/ptII/ptolemy/actor/lib/test/auto/LevelCrossTest13.xml
----------------- Instantiating /home/travis/build/icyphy/ptII/ptolemy/actor/lib/test/auto/LevelCrossTest13.xml
4 ms. Memory: 465920K Free: 187531K (40%)
----------------- Invoking toplevel() on ptolemy.moml.MoMLSimpleApplication@3a060141
----------------- Done invoking toplevel() on ptolemy.moml.MoMLSimpleApplication@3a060141
reloadAllAccessors: .LevelCrossTest13

===========================================================================================
----------------- testing Thu Jun 18 14:47:56 UTC 2020 /home/travis/build/icyphy/ptII/ptolemy/actor/lib/test/auto/LevelCrossTest2.xml
----------------- Instantiating /home/travis/build/icyphy/ptII/ptolemy/actor/lib/test/auto/LevelCrossTest2.xml
2 ms. Memory: 465920K Free: 181901K (39%)
----------------- Invoking toplevel() on ptolemy.moml.MoMLSimpleApplication@2d6d4e05
----------------- Done invoking toplevel() on ptolemy.moml.MoMLSimpleApplication@2d6d4e05
reloadAllAccessors: .broken

===========================================================================================
----------------- testing Thu Jun 18 14:47:56 UTC 2020 /home/travis/build/icyphy/ptII/ptolemy/actor/lib/test/auto/LevelCrossTest3.xml
----------------- Instantiating /home/travis/build/icyphy/ptII/ptolemy/actor/lib/test/auto/LevelCrossTest3.xml
2 ms. Memory: 465920K Free: 175757K (38%)
----------------- Invoking toplevel() on ptolemy.moml.MoMLSimpleApplication@2cf21f06
----------------- Done invoking toplevel() on ptolemy.moml.MoMLSimpleApplication@2cf21f06
reloadAllAccessors: .LevelCrossTest3

===========================================================================================
----------------- testing Thu Jun 18 14:47:56 UTC 2020 /home/travis/build/icyphy/ptII/ptolemy/actor/lib/test/auto/LevelCrossTest4.xml
----------------- Instantiating /home/travis/build/icyphy/ptII/ptolemy/actor/lib/test/auto/LevelCrossTest4.xml
1 ms. Memory: 465920K Free: 170123K (37%)
----------------- Invoking toplevel() on ptolemy.moml.MoMLSimpleApplication@3fbe7c05
----------------- Done invoking toplevel() on ptolemy.moml.MoMLSimpleApplication@3fbe7c05
reloadAllAccessors: .broken

===========================================================================================
----------------- testing Thu Jun 18 14:47:56 UTC 2020 /home/travis/build/icyphy/ptII/ptolemy/actor/lib/test/auto/LevelCrossTest5.xml
----------------- Instantiating /home/travis/build/icyphy/ptII/ptolemy/actor/lib/test/auto/LevelCrossTest5.xml
1 ms. Memory: 465920K Free: 163469K (35%)
----------------- Invoking toplevel() on ptolemy.moml.MoMLSimpleApplication@3c181511
----------------- Done invoking toplevel() on ptolemy.moml.MoMLSimpleApplication@3c181511
reloadAllAccessors: .LevelCrossTest5

===========================================================================================
----------------- testing Thu Jun 18 14:47:56 UTC 2020 /home/travis/build/icyphy/ptII/ptolemy/actor/lib/test/auto/LevelCrossTest6.xml
----------------- Instantiating /home/travis/build/icyphy/ptII/ptolemy/actor/lib/test/auto/LevelCrossTest6.xml
1 ms. Memory: 465920K Free: 155787K (33%)
----------------- Invoking toplevel() on ptolemy.moml.MoMLSimpleApplication@3797fd93
----------------- Done invoking toplevel() on ptolemy.moml.MoMLSimpleApplication@3797fd93
reloadAllAccessors: .LevelCrossTest6

===========================================================================================
----------------- testing Thu Jun 18 14:47:56 UTC 2020 /home/travis/build/icyphy/ptII/ptolemy/actor/lib/test/auto/LevelCrossTest7.xml
----------------- Instantiating /home/travis/build/icyphy/ptII/ptolemy/actor/lib/test/auto/LevelCrossTest7.xml
9 ms. Memory: 465920K Free: 148619K (32%)
----------------- Invoking toplevel() on ptolemy.moml.MoMLSimpleApplication@6c2a6753
----------------- Done invoking toplevel() on ptolemy.moml.MoMLSimpleApplication@6c2a6753
reloadAllAccessors: .LevelCrossTest7

===========================================================================================
----------------- testing Thu Jun 18 14:47:56 UTC 2020 /home/travis/build/icyphy/ptII/ptolemy/actor/lib/test/auto/LevelCrossTest8.xml
----------------- Instantiating /home/travis/build/icyphy/ptII/ptolemy/actor/lib/test/auto/LevelCrossTest8.xml
5 ms. Memory: 465920K Free: 410765K (88%)
----------------- Invoking toplevel() on ptolemy.moml.MoMLSimpleApplication@61a7cf82
----------------- Done invoking toplevel() on ptolemy.moml.MoMLSimpleApplication@61a7cf82
reloadAllAccessors: .LevelCrossTest8

===========================================================================================
----------------- testing Thu Jun 18 14:47:56 UTC 2020 /home/travis/build/icyphy/ptII/ptolemy/actor/lib/test/auto/LevelCrossTest9.xml
----------------- Instantiating /home/travis/build/icyphy/ptII/ptolemy/actor/lib/test/auto/LevelCrossTest9.xml
9 ms. Memory: 465920K Free: 403597K (87%)
----------------- Invoking toplevel() on ptolemy.moml.MoMLSimpleApplication@126be235
----------------- Done invoking toplevel() on ptolemy.moml.MoMLSimpleApplication@126be235
reloadAllAccessors: .LevelCrossTest9

===========================================================================================
----------------- testing Thu Jun 18 14:47:56 UTC 2020 /home/travis/build/icyphy/ptII/ptolemy/actor/lib/test/auto/LevinsonDurbin.xml
----------------- Instantiating /home/travis/build/icyphy/ptII/ptolemy/actor/lib/test/auto/LevinsonDurbin.xml
1 ms. Memory: 465920K Free: 399501K (86%)
----------------- Invoking toplevel() on ptolemy.moml.MoMLSimpleApplication@9bb73bd
----------------- Done invoking toplevel() on ptolemy.moml.MoMLSimpleApplication@9bb73bd
reloadAllAccessors: .LevinsonDurbin

===========================================================================================
----------------- testing Thu Jun 18 14:47:56 UTC 2020 /home/travis/build/icyphy/ptII/ptolemy/actor/lib/test/auto/LevinsonDurbin2.xml
----------------- Instantiating /home/travis/build/icyphy/ptII/ptolemy/actor/lib/test/auto/LevinsonDurbin2.xml
1 ms. Memory: 465920K Free: 395405K (85%)
----------------- Invoking toplevel() on ptolemy.moml.MoMLSimpleApplication@713eb71f
----------------- Done invoking toplevel() on ptolemy.moml.MoMLSimpleApplication@713eb71f
reloadAllAccessors: .LevinsonDurbin2

===========================================================================================
----------------- testing Thu Jun 18 14:47:56 UTC 2020 /home/travis/build/icyphy/ptII/ptolemy/actor/lib/test/auto/LevinsonDurbin3.xml
----------------- Instantiating /home/travis/build/icyphy/ptII/ptolemy/actor/lib/test/auto/LevinsonDurbin3.xml
2 ms. Memory: 465920K Free: 391309K (84%)
----------------- Invoking toplevel() on ptolemy.moml.MoMLSimpleApplication@672d92ec
----------------- Done invoking toplevel() on ptolemy.moml.MoMLSimpleApplication@672d92ec
reloadAllAccessors: .LevinsonDurbin3

===========================================================================================
----------------- testing Thu Jun 18 14:47:56 UTC 2020 /home/travis/build/icyphy/ptII/ptolemy/actor/lib/test/auto/Limiter.xml
----------------- Instantiating /home/travis/build/icyphy/ptII/ptolemy/actor/lib/test/auto/Limiter.xml
4 ms. Memory: 465920K Free: 382093K (82%)
----------------- Invoking toplevel() on ptolemy.moml.MoMLSimpleApplication@6276ddee
----------------- Done invoking toplevel() on ptolemy.moml.MoMLSimpleApplication@6276ddee
reloadAllAccessors: .Limiter

===========================================================================================
----------------- testing Thu Jun 18 14:47:56 UTC 2020 /home/travis/build/icyphy/ptII/ptolemy/actor/lib/test/auto/LinearDifferenceEquationSystem.xml
----------------- Instantiating /home/travis/build/icyphy/ptII/ptolemy/actor/lib/test/auto/LinearDifferenceEquationSystem.xml
5 ms. Memory: 465920K Free: 374925K (80%)
----------------- Invoking toplevel() on ptolemy.moml.MoMLSimpleApplication@2b869725
----------------- Done invoking toplevel() on ptolemy.moml.MoMLSimpleApplication@2b869725
reloadAllAccessors: .LinearDifferenceEquationSystem

===========================================================================================
----------------- testing Thu Jun 18 14:47:56 UTC 2020 /home/travis/build/icyphy/ptII/ptolemy/actor/lib/test/auto/LookupTable.xml
----------------- Instantiating /home/travis/build/icyphy/ptII/ptolemy/actor/lib/test/auto/LookupTable.xml
1 ms. Memory: 465920K Free: 370315K (79%)
----------------- Invoking toplevel() on ptolemy.moml.MoMLSimpleApplication@556259bb
----------------- Done invoking toplevel() on ptolemy.moml.MoMLSimpleApplication@556259bb
reloadAllAccessors: .LookupTable

===========================================================================================
----------------- testing Thu Jun 18 14:47:56 UTC 2020 /home/travis/build/icyphy/ptII/ptolemy/actor/lib/test/auto/MathFunction.xml
----------------- Instantiating /home/travis/build/icyphy/ptII/ptolemy/actor/lib/test/auto/MathFunction.xml
2 ms. Memory: 465920K Free: 362123K (78%)
----------------- Invoking toplevel() on ptolemy.moml.MoMLSimpleApplication@14a92b0
----------------- Done invoking toplevel() on ptolemy.moml.MoMLSimpleApplication@14a92b0
reloadAllAccessors: .MathFunction

===========================================================================================
----------------- testing Thu Jun 18 14:47:56 UTC 2020 /home/travis/build/icyphy/ptII/ptolemy/actor/lib/test/auto/MathFunction2.xml
----------------- Instantiating /home/travis/build/icyphy/ptII/ptolemy/actor/lib/test/auto/MathFunction2.xml
3 ms. Memory: 465920K Free: 358027K (77%)
----------------- Invoking toplevel() on ptolemy.moml.MoMLSimpleApplication@6597d386
----------------- Done invoking toplevel() on ptolemy.moml.MoMLSimpleApplication@6597d386
reloadAllAccessors: .MathFunction2

===========================================================================================
----------------- testing Thu Jun 18 14:47:56 UTC 2020 /home/travis/build/icyphy/ptII/ptolemy/actor/lib/test/auto/MathFunction3.xml
----------------- Instantiating /home/travis/build/icyphy/ptII/ptolemy/actor/lib/test/auto/MathFunction3.xml
2 ms. Memory: 465920K Free: 350859K (75%)
----------------- Invoking toplevel() on ptolemy.moml.MoMLSimpleApplication@593eab53
----------------- Done invoking toplevel() on ptolemy.moml.MoMLSimpleApplication@593eab53
reloadAllAccessors: .MathFunction3

===========================================================================================
----------------- testing Thu Jun 18 14:47:56 UTC 2020 /home/travis/build/icyphy/ptII/ptolemy/actor/lib/test/auto/MatrixCropBoolean.xml
----------------- Instantiating /home/travis/build/icyphy/ptII/ptolemy/actor/lib/test/auto/MatrixCropBoolean.xml
1 ms. Memory: 465920K Free: 345708K (74%)
----------------- Invoking toplevel() on ptolemy.moml.MoMLSimpleApplication@3b9e67fa
----------------- Done invoking toplevel() on ptolemy.moml.MoMLSimpleApplication@3b9e67fa
reloadAllAccessors: .MatrixCropBoolean

===========================================================================================
----------------- testing Thu Jun 18 14:47:56 UTC 2020 /home/travis/build/icyphy/ptII/ptolemy/actor/lib/test/auto/MatrixCropComplex.xml
----------------- Instantiating /home/travis/build/icyphy/ptII/ptolemy/actor/lib/test/auto/MatrixCropComplex.xml
1 ms. Memory: 465920K Free: 340588K (73%)
----------------- Invoking toplevel() on ptolemy.moml.MoMLSimpleApplication@3d3cd313
----------------- Done invoking toplevel() on ptolemy.moml.MoMLSimpleApplication@3d3cd313
reloadAllAccessors: .MatrixCropComplex

===========================================================================================
----------------- testing Thu Jun 18 14:47:56 UTC 2020 /home/travis/build/icyphy/ptII/ptolemy/actor/lib/test/auto/MatrixCropDouble.xml
----------------- Instantiating /home/travis/build/icyphy/ptII/ptolemy/actor/lib/test/auto/MatrixCropDouble.xml
3 ms. Memory: 465920K Free: 335468K (72%)
----------------- Invoking toplevel() on ptolemy.moml.MoMLSimpleApplication@7f18db43
----------------- Done invoking toplevel() on ptolemy.moml.MoMLSimpleApplication@7f18db43
reloadAllAccessors: .MatrixCropDouble

===========================================================================================
----------------- testing Thu Jun 18 14:47:56 UTC 2020 /home/travis/build/icyphy/ptII/ptolemy/actor/lib/test/auto/MatrixCropFix.xml
----------------- Instantiating /home/travis/build/icyphy/ptII/ptolemy/actor/lib/test/auto/MatrixCropFix.xml
1 ms. Memory: 465920K Free: 330348K (71%)
----------------- Invoking toplevel() on ptolemy.moml.MoMLSimpleApplication@72cde625
----------------- Done invoking toplevel() on ptolemy.moml.MoMLSimpleApplication@72cde625
reloadAllAccessors: .MatrixCropFix

===========================================================================================
----------------- testing Thu Jun 18 14:47:56 UTC 2020 /home/travis/build/icyphy/ptII/ptolemy/actor/lib/test/auto/MatrixCropInt.xml
----------------- Instantiating /home/travis/build/icyphy/ptII/ptolemy/actor/lib/test/auto/MatrixCropInt.xml
1 ms. Memory: 465920K Free: 325228K (70%)
----------------- Invoking toplevel() on ptolemy.moml.MoMLSimpleApplication@44bfebf4
----------------- Done invoking toplevel() on ptolemy.moml.MoMLSimpleApplication@44bfebf4
reloadAllAccessors: .MatrixCropInt

===========================================================================================
----------------- testing Thu Jun 18 14:47:56 UTC 2020 /home/travis/build/icyphy/ptII/ptolemy/actor/lib/test/auto/MatrixCropLong.xml
----------------- Instantiating /home/travis/build/icyphy/ptII/ptolemy/actor/lib/test/auto/MatrixCropLong.xml
2 ms. Memory: 465920K Free: 320108K (69%)
----------------- Invoking toplevel() on ptolemy.moml.MoMLSimpleApplication@35ba40e6
----------------- Done invoking toplevel() on ptolemy.moml.MoMLSimpleApplication@35ba40e6
reloadAllAccessors: .MatrixCropLong

===========================================================================================
----------------- testing Thu Jun 18 14:47:56 UTC 2020 /home/travis/build/icyphy/ptII/ptolemy/actor/lib/test/auto/MatrixToArray.xml
----------------- Instantiating /home/travis/build/icyphy/ptII/ptolemy/actor/lib/test/auto/MatrixToArray.xml
12 ms. Memory: 465920K Free: 304779K (65%)
----------------- Invoking toplevel() on ptolemy.moml.MoMLSimpleApplication@7a731e50
----------------- Done invoking toplevel() on ptolemy.moml.MoMLSimpleApplication@7a731e50
reloadAllAccessors: .MatrixToArray

===========================================================================================
----------------- testing Thu Jun 18 14:47:56 UTC 2020 /home/travis/build/icyphy/ptII/ptolemy/actor/lib/test/auto/MaxIndex.xml
----------------- Instantiating /home/travis/build/icyphy/ptII/ptolemy/actor/lib/test/auto/MaxIndex.xml
3 ms. Memory: 465920K Free: 299659K (64%)
----------------- Invoking toplevel() on ptolemy.moml.MoMLSimpleApplication@1e1174fb
----------------- Done invoking toplevel() on ptolemy.moml.MoMLSimpleApplication@1e1174fb
reloadAllAccessors: .MaxIndex

===========================================================================================
----------------- testing Thu Jun 18 14:47:56 UTC 2020 /home/travis/build/icyphy/ptII/ptolemy/actor/lib/test/auto/Maximum.xml
----------------- Instantiating /home/travis/build/icyphy/ptII/ptolemy/actor/lib/test/auto/Maximum.xml
3 ms. Memory: 465920K Free: 293005K (63%)
----------------- Invoking toplevel() on ptolemy.moml.MoMLSimpleApplication@727f4aff
----------------- Done invoking toplevel() on ptolemy.moml.MoMLSimpleApplication@727f4aff
reloadAllAccessors: .Maximum

===========================================================================================
----------------- testing Thu Jun 18 14:47:56 UTC 2020 /home/travis/build/icyphy/ptII/ptolemy/actor/lib/test/auto/MaximumComplex.xml
----------------- Instantiating /home/travis/build/icyphy/ptII/ptolemy/actor/lib/test/auto/MaximumComplex.xml
4 ms. Memory: 465920K Free: 286861K (62%)
----------------- Invoking toplevel() on ptolemy.moml.MoMLSimpleApplication@71aa4446
----------------- Done invoking toplevel() on ptolemy.moml.MoMLSimpleApplication@71aa4446
reloadAllAccessors: .MaximumComplex

===========================================================================================
----------------- testing Thu Jun 18 14:47:56 UTC 2020 /home/travis/build/icyphy/ptII/ptolemy/actor/lib/test/auto/MethodCallTest.xml
----------------- Instantiating /home/travis/build/icyphy/ptII/ptolemy/actor/lib/test/auto/MethodCallTest.xml
2 ms. Memory: 465920K Free: 280203K (60%)
----------------- Invoking toplevel() on ptolemy.moml.MoMLSimpleApplication@5078c4ef
----------------- Done invoking toplevel() on ptolemy.moml.MoMLSimpleApplication@5078c4ef
reloadAllAccessors: .MethodCallTest

===========================================================================================
----------------- testing Thu Jun 18 14:47:56 UTC 2020 /home/travis/build/icyphy/ptII/ptolemy/actor/lib/test/auto/Minimum.xml
----------------- Instantiating /home/travis/build/icyphy/ptII/ptolemy/actor/lib/test/auto/Minimum.xml
3 ms. Memory: 465920K Free: 273549K (59%)
----------------- Invoking toplevel() on ptolemy.moml.MoMLSimpleApplication@67fd79ca
----------------- Done invoking toplevel() on ptolemy.moml.MoMLSimpleApplication@67fd79ca
reloadAllAccessors: .Minimum

===========================================================================================
----------------- testing Thu Jun 18 14:47:56 UTC 2020 /home/travis/build/icyphy/ptII/ptolemy/actor/lib/test/auto/MinimumComplex.xml
----------------- Instantiating /home/travis/build/icyphy/ptII/ptolemy/actor/lib/test/auto/MinimumComplex.xml
4 ms. Memory: 465920K Free: 267405K (57%)
----------------- Invoking toplevel() on ptolemy.moml.MoMLSimpleApplication@3fb0d484
----------------- Done invoking toplevel() on ptolemy.moml.MoMLSimpleApplication@3fb0d484
reloadAllAccessors: .MinimumComplex

===========================================================================================
----------------- testing Thu Jun 18 14:47:56 UTC 2020 /home/travis/build/icyphy/ptII/ptolemy/actor/lib/test/auto/MinimumMultiports.xml
----------------- Instantiating /home/travis/build/icyphy/ptII/ptolemy/actor/lib/test/auto/MinimumMultiports.xml
3 ms. Memory: 465920K Free: 258692K (56%)
----------------- Invoking toplevel() on ptolemy.moml.MoMLSimpleApplication@4ddfc4ab
----------------- Done invoking toplevel() on ptolemy.moml.MoMLSimpleApplication@4ddfc4ab
reloadAllAccessors: .MinimumMultiports

===========================================================================================
----------------- testing Thu Jun 18 14:47:56 UTC 2020 /home/travis/build/icyphy/ptII/ptolemy/actor/lib/test/auto/ModifyDate.xml
----------------- Instantiating /home/travis/build/icyphy/ptII/ptolemy/actor/lib/test/auto/ModifyDate.xml
7 ms. Memory: 465920K Free: 245387K (53%)
----------------- Invoking toplevel() on ptolemy.moml.MoMLSimpleApplication@5104d5d1
----------------- Done invoking toplevel() on ptolemy.moml.MoMLSimpleApplication@5104d5d1
reloadAllAccessors: .ModifyDate

===========================================================================================
----------------- testing Thu Jun 18 14:47:56 UTC 2020 /home/travis/build/icyphy/ptII/ptolemy/actor/lib/test/auto/ModifyDate2.xml
----------------- Instantiating /home/travis/build/icyphy/ptII/ptolemy/actor/lib/test/auto/ModifyDate2.xml
4 ms. Memory: 465920K Free: 236685K (51%)
----------------- Invoking toplevel() on ptolemy.moml.MoMLSimpleApplication@257031
----------------- Done invoking toplevel() on ptolemy.moml.MoMLSimpleApplication@257031
reloadAllAccessors: .ModifyDate2

===========================================================================================
----------------- testing Thu Jun 18 14:47:57 UTC 2020 /home/travis/build/icyphy/ptII/ptolemy/actor/lib/test/auto/MovingAverage.xml
----------------- Instantiating /home/travis/build/icyphy/ptII/ptolemy/actor/lib/test/auto/MovingAverage.xml
2 ms. Memory: 465920K Free: 231565K (50%)
----------------- Invoking toplevel() on ptolemy.moml.MoMLSimpleApplication@79ae4c1e
----------------- Done invoking toplevel() on ptolemy.moml.MoMLSimpleApplication@79ae4c1e
reloadAllAccessors: .MovingAverage

===========================================================================================
----------------- testing Thu Jun 18 14:47:57 UTC 2020 /home/travis/build/icyphy/ptII/ptolemy/actor/lib/test/auto/MovingMaximum.xml
----------------- Instantiating /home/travis/build/icyphy/ptII/ptolemy/actor/lib/test/auto/MovingMaximum.xml
2 ms. Memory: 465920K Free: 226955K (49%)
----------------- Invoking toplevel() on ptolemy.moml.MoMLSimpleApplication@12df26e6
----------------- Done invoking toplevel() on ptolemy.moml.MoMLSimpleApplication@12df26e6
reloadAllAccessors: .MovingMaximum

===========================================================================================
----------------- testing Thu Jun 18 14:47:57 UTC 2020 /home/travis/build/icyphy/ptII/ptolemy/actor/lib/test/auto/MultipleLinksToSameRelation.xml
----------------- Instantiating /home/travis/build/icyphy/ptII/ptolemy/actor/lib/test/auto/MultipleLinksToSameRelation.xml
2 ms. Memory: 465920K Free: 222859K (48%)
----------------- Invoking toplevel() on ptolemy.moml.MoMLSimpleApplication@55e81bb4
----------------- Done invoking toplevel() on ptolemy.moml.MoMLSimpleApplication@55e81bb4
reloadAllAccessors: .MultipleLinksToSameRelation

===========================================================================================
----------------- testing Thu Jun 18 14:47:57 UTC 2020 /home/travis/build/icyphy/ptII/ptolemy/actor/lib/test/auto/MultipleLinksToSameRelationDE.xml
----------------- Instantiating /home/travis/build/icyphy/ptII/ptolemy/actor/lib/test/auto/MultipleLinksToSameRelationDE.xml
2 ms. Memory: 465920K Free: 218253K (47%)
----------------- Invoking toplevel() on ptolemy.moml.MoMLSimpleApplication@29b9a09
----------------- Done invoking toplevel() on ptolemy.moml.MoMLSimpleApplication@29b9a09
reloadAllAccessors: .MultipleLinksToSameRelationDE

===========================================================================================
----------------- testing Thu Jun 18 14:47:57 UTC 2020 /home/travis/build/icyphy/ptII/ptolemy/actor/lib/test/auto/Multiplexor.xml
----------------- Instantiating /home/travis/build/icyphy/ptII/ptolemy/actor/lib/test/auto/Multiplexor.xml
2 ms. Memory: 465920K Free: 212619K (46%)
----------------- Invoking toplevel() on ptolemy.moml.MoMLSimpleApplication@1059e14b
----------------- Done invoking toplevel() on ptolemy.moml.MoMLSimpleApplication@1059e14b
reloadAllAccessors: .Multiplexor

===========================================================================================
----------------- testing Thu Jun 18 14:47:57 UTC 2020 /home/travis/build/icyphy/ptII/ptolemy/actor/lib/test/auto/Multiplexor1.xml
----------------- Instantiating /home/travis/build/icyphy/ptII/ptolemy/actor/lib/test/auto/Multiplexor1.xml
2 ms. Memory: 465920K Free: 206989K (44%)
----------------- Invoking toplevel() on ptolemy.moml.MoMLSimpleApplication@377fcac4
----------------- Done invoking toplevel() on ptolemy.moml.MoMLSimpleApplication@377fcac4
reloadAllAccessors: .Multiplexor1

===========================================================================================
----------------- testing Thu Jun 18 14:47:57 UTC 2020 /home/travis/build/icyphy/ptII/ptolemy/actor/lib/test/auto/Multiplexor2.xml
----------------- Instantiating /home/travis/build/icyphy/ptII/ptolemy/actor/lib/test/auto/Multiplexor2.xml
2 ms. Memory: 465920K Free: 200331K (43%)
----------------- Invoking toplevel() on ptolemy.moml.MoMLSimpleApplication@5181fdcf
----------------- Done invoking toplevel() on ptolemy.moml.MoMLSimpleApplication@5181fdcf
reloadAllAccessors: .Multiplexor2

===========================================================================================
----------------- testing Thu Jun 18 14:47:57 UTC 2020 /home/travis/build/icyphy/ptII/ptolemy/actor/lib/test/auto/Multiplexor3.xml
----------------- Instantiating /home/travis/build/icyphy/ptII/ptolemy/actor/lib/test/auto/Multiplexor3.xml
2 ms. Memory: 465920K Free: 196235K (42%)
----------------- Invoking toplevel() on ptolemy.moml.MoMLSimpleApplication@5810d141
----------------- Done invoking toplevel() on ptolemy.moml.MoMLSimpleApplication@5810d141
reloadAllAccessors: .Multiplexor3

===========================================================================================
----------------- testing Thu Jun 18 14:47:57 UTC 2020 /home/travis/build/icyphy/ptII/ptolemy/actor/lib/test/auto/MultiplexorDE.xml
----------------- Instantiating /home/travis/build/icyphy/ptII/ptolemy/actor/lib/test/auto/MultiplexorDE.xml
2 ms. Memory: 465920K Free: 188557K (40%)
----------------- Invoking toplevel() on ptolemy.moml.MoMLSimpleApplication@1d4cd419
----------------- Done invoking toplevel() on ptolemy.moml.MoMLSimpleApplication@1d4cd419
reloadAllAccessors: .MultiplexorDE

===========================================================================================
----------------- testing Thu Jun 18 14:47:57 UTC 2020 /home/travis/build/icyphy/ptII/ptolemy/actor/lib/test/auto/MultiportBroadcastTest.xml
----------------- Instantiating /home/travis/build/icyphy/ptII/ptolemy/actor/lib/test/auto/MultiportBroadcastTest.xml
86 ms. Memory: 465920K Free: 181389K (39%)
----------------- Invoking toplevel() on ptolemy.moml.MoMLSimpleApplication@3c332abb
----------------- Done invoking toplevel() on ptolemy.moml.MoMLSimpleApplication@3c332abb
reloadAllAccessors: .MultiportBroadcastTest

===========================================================================================
----------------- testing Thu Jun 18 14:47:57 UTC 2020 /home/travis/build/icyphy/ptII/ptolemy/actor/lib/test/auto/MultiportOutHangDuringGetWidth.xml
----------------- Instantiating /home/travis/build/icyphy/ptII/ptolemy/actor/lib/test/auto/MultiportOutHangDuringGetWidth.xml
6 ms. Memory: 465920K Free: 169101K (36%)
----------------- Invoking toplevel() on ptolemy.moml.MoMLSimpleApplication@a75d4ca
----------------- Done invoking toplevel() on ptolemy.moml.MoMLSimpleApplication@a75d4ca
reloadAllAccessors: .MultiportOutHangDuringGetWidth

===========================================================================================
----------------- testing Thu Jun 18 14:47:57 UTC 2020 /home/travis/build/icyphy/ptII/ptolemy/actor/lib/test/auto/NilToken.xml
----------------- Instantiating /home/travis/build/icyphy/ptII/ptolemy/actor/lib/test/auto/NilToken.xml
2 ms. Memory: 465920K Free: 165005K (35%)
----------------- Invoking toplevel() on ptolemy.moml.MoMLSimpleApplication@5b43090
----------------- Done invoking toplevel() on ptolemy.moml.MoMLSimpleApplication@5b43090
reloadAllAccessors: .NilToken

===========================================================================================
----------------- testing Thu Jun 18 14:47:57 UTC 2020 /home/travis/build/icyphy/ptII/ptolemy/actor/lib/test/auto/NilTokenNonStrictTest.xml
----------------- Instantiating /home/travis/build/icyphy/ptII/ptolemy/actor/lib/test/auto/NilTokenNonStrictTest.xml
1 ms. Memory: 465920K Free: 160395K (34%)
----------------- Invoking toplevel() on ptolemy.moml.MoMLSimpleApplication@45ddd3db
----------------- Done invoking toplevel() on ptolemy.moml.MoMLSimpleApplication@45ddd3db
reloadAllAccessors: .NilTokenNonStrictTest

===========================================================================================
----------------- testing Thu Jun 18 14:47:57 UTC 2020 /home/travis/build/icyphy/ptII/ptolemy/actor/lib/test/auto/NilTokenRecord.xml
----------------- Instantiating /home/travis/build/icyphy/ptII/ptolemy/actor/lib/test/auto/NilTokenRecord.xml
4 ms. Memory: 465920K Free: 153741K (33%)
----------------- Invoking toplevel() on ptolemy.moml.MoMLSimpleApplication@118b0145
----------------- Done invoking toplevel() on ptolemy.moml.MoMLSimpleApplication@118b0145
reloadAllAccessors: .NilTokenRecord

===========================================================================================
----------------- testing Thu Jun 18 14:47:57 UTC 2020 /home/travis/build/icyphy/ptII/ptolemy/actor/lib/test/auto/NilTokenTypeTest.xml
----------------- Instantiating /home/travis/build/icyphy/ptII/ptolemy/actor/lib/test/auto/NilTokenTypeTest.xml
8 ms. Memory: 465920K Free: 414062K (89%)
----------------- Invoking toplevel() on ptolemy.moml.MoMLSimpleApplication@22db5ff4
----------------- Done invoking toplevel() on ptolemy.moml.MoMLSimpleApplication@22db5ff4
reloadAllAccessors: .NilTokenTypeTest

===========================================================================================
----------------- testing Thu Jun 18 14:47:57 UTC 2020 /home/travis/build/icyphy/ptII/ptolemy/actor/lib/test/auto/ObjectToken1.xml
----------------- Instantiating /home/travis/build/icyphy/ptII/ptolemy/actor/lib/test/auto/ObjectToken1.xml
1 ms. Memory: 465920K Free: 409456K (88%)
----------------- Invoking toplevel() on ptolemy.moml.MoMLSimpleApplication@7f77e86c
----------------- Done invoking toplevel() on ptolemy.moml.MoMLSimpleApplication@7f77e86c
reloadAllAccessors: .ObjectToken1

===========================================================================================
----------------- testing Thu Jun 18 14:47:57 UTC 2020 /home/travis/build/icyphy/ptII/ptolemy/actor/lib/test/auto/OrderedMerge.xml
----------------- Instantiating /home/travis/build/icyphy/ptII/ptolemy/actor/lib/test/auto/OrderedMerge.xml
16 ms. Memory: 465920K Free: 403822K (87%)
----------------- Invoking toplevel() on ptolemy.moml.MoMLSimpleApplication@24e40bcb
----------------- Done invoking toplevel() on ptolemy.moml.MoMLSimpleApplication@24e40bcb
reloadAllAccessors: .OrderedMerge

===========================================================================================
----------------- testing Thu Jun 18 14:47:57 UTC 2020 /home/travis/build/icyphy/ptII/ptolemy/actor/lib/test/auto/OrderedRecordDisassembler.xml
----------------- Instantiating /home/travis/build/icyphy/ptII/ptolemy/actor/lib/test/auto/OrderedRecordDisassembler.xml
3 ms. Memory: 465920K Free: 398672K (86%)
----------------- Invoking toplevel() on ptolemy.moml.MoMLSimpleApplication@7be2c59c
----------------- Done invoking toplevel() on ptolemy.moml.MoMLSimpleApplication@7be2c59c
reloadAllAccessors: .OrderedRecordDisassembler

===========================================================================================
----------------- testing Thu Jun 18 14:47:57 UTC 2020 /home/travis/build/icyphy/ptII/ptolemy/actor/lib/test/auto/OrderedRecordDisassembler2.xml
----------------- Instantiating /home/travis/build/icyphy/ptII/ptolemy/actor/lib/test/auto/OrderedRecordDisassembler2.xml
4 ms. Memory: 465920K Free: 391024K (84%)
----------------- Invoking toplevel() on ptolemy.moml.MoMLSimpleApplication@157cb517
----------------- Done invoking toplevel() on ptolemy.moml.MoMLSimpleApplication@157cb517
reloadAllAccessors: .OrderedRecordDisassembler2

===========================================================================================
----------------- testing Thu Jun 18 14:47:57 UTC 2020 /home/travis/build/icyphy/ptII/ptolemy/actor/lib/test/auto/OrderedRecordUpdater.xml
----------------- Instantiating /home/travis/build/icyphy/ptII/ptolemy/actor/lib/test/auto/OrderedRecordUpdater.xml
1 ms. Memory: 465920K Free: 386414K (83%)
----------------- Invoking toplevel() on ptolemy.moml.MoMLSimpleApplication@8bede01
----------------- Done invoking toplevel() on ptolemy.moml.MoMLSimpleApplication@8bede01
reloadAllAccessors: .RecordUpdater

===========================================================================================
----------------- testing Thu Jun 18 14:47:57 UTC 2020 /home/travis/build/icyphy/ptII/ptolemy/actor/lib/test/auto/OrderedRecordUpdater2.xml
----------------- Instantiating /home/travis/build/icyphy/ptII/ptolemy/actor/lib/test/auto/OrderedRecordUpdater2.xml
3 ms. Memory: 465920K Free: 381294K (82%)
----------------- Invoking toplevel() on ptolemy.moml.MoMLSimpleApplication@d78d7ae
----------------- Done invoking toplevel() on ptolemy.moml.MoMLSimpleApplication@d78d7ae
reloadAllAccessors: .RecordUpdater2

===========================================================================================
----------------- testing Thu Jun 18 14:47:57 UTC 2020 /home/travis/build/icyphy/ptII/ptolemy/actor/lib/test/auto/PhaseUnwrap.xml
----------------- Instantiating /home/travis/build/icyphy/ptII/ptolemy/actor/lib/test/auto/PhaseUnwrap.xml
2 ms. Memory: 465920K Free: 376688K (81%)
----------------- Invoking toplevel() on ptolemy.moml.MoMLSimpleApplication@49dfae3b
----------------- Done invoking toplevel() on ptolemy.moml.MoMLSimpleApplication@49dfae3b
reloadAllAccessors: .PhaseUnwrap

===========================================================================================
----------------- testing Thu Jun 18 14:47:57 UTC 2020 /home/travis/build/icyphy/ptII/ptolemy/actor/lib/test/auto/PoissonClock.xml
----------------- Instantiating /home/travis/build/icyphy/ptII/ptolemy/actor/lib/test/auto/PoissonClock.xml
1 ms. Memory: 465920K Free: 372592K (80%)
----------------- Invoking toplevel() on ptolemy.moml.MoMLSimpleApplication@72a3984e
----------------- Done invoking toplevel() on ptolemy.moml.MoMLSimpleApplication@72a3984e
reloadAllAccessors: .PoissonClock

===========================================================================================
----------------- testing Thu Jun 18 14:47:57 UTC 2020 /home/travis/build/icyphy/ptII/ptolemy/actor/lib/test/auto/PoissonClock2.xml
----------------- Instantiating /home/travis/build/icyphy/ptII/ptolemy/actor/lib/test/auto/PoissonClock2.xml
2 ms. Memory: 465920K Free: 367982K (79%)
----------------- Invoking toplevel() on ptolemy.moml.MoMLSimpleApplication@193198b3
----------------- Done invoking toplevel() on ptolemy.moml.MoMLSimpleApplication@193198b3
reloadAllAccessors: .PoissonClock2

===========================================================================================
----------------- testing Thu Jun 18 14:47:57 UTC 2020 /home/travis/build/icyphy/ptII/ptolemy/actor/lib/test/auto/PoissonClock3.xml
----------------- Instantiating /home/travis/build/icyphy/ptII/ptolemy/actor/lib/test/auto/PoissonClock3.xml
2 ms. Memory: 465920K Free: 363376K (78%)
----------------- Invoking toplevel() on ptolemy.moml.MoMLSimpleApplication@58ec0b57
----------------- Done invoking toplevel() on ptolemy.moml.MoMLSimpleApplication@58ec0b57
reloadAllAccessors: .PoissonClock3

===========================================================================================
----------------- testing Thu Jun 18 14:47:57 UTC 2020 /home/travis/build/icyphy/ptII/ptolemy/actor/lib/test/auto/PubSubWithInitialTokens.xml
----------------- Instantiating /home/travis/build/icyphy/ptII/ptolemy/actor/lib/test/auto/PubSubWithInitialTokens.xml
2 ms. Memory: 465920K Free: 357712K (77%)
----------------- Invoking toplevel() on ptolemy.moml.MoMLSimpleApplication@2cb47c3a
----------------- Done invoking toplevel() on ptolemy.moml.MoMLSimpleApplication@2cb47c3a
reloadAllAccessors: .PubSubWithInitialTokens

===========================================================================================
----------------- testing Thu Jun 18 14:47:57 UTC 2020 /home/travis/build/icyphy/ptII/ptolemy/actor/lib/test/auto/PubSubWithInitialTokens2.xml
----------------- Instantiating /home/travis/build/icyphy/ptII/ptolemy/actor/lib/test/auto/PubSubWithInitialTokens2.xml
12 ms. Memory: 465920K Free: 351592K (75%)
----------------- Invoking toplevel() on ptolemy.moml.MoMLSimpleApplication@6042d86f
----------------- Done invoking toplevel() on ptolemy.moml.MoMLSimpleApplication@6042d86f
reloadAllAccessors: .PubSubWithInitialTokens2

===========================================================================================
----------------- testing Thu Jun 18 14:47:57 UTC 2020 /home/travis/build/icyphy/ptII/ptolemy/actor/lib/test/auto/PublisherClassNoParameter.xml
----------------- Instantiating /home/travis/build/icyphy/ptII/ptolemy/actor/lib/test/auto/PublisherClassNoParameter.xml
3 ms. Memory: 465920K Free: 341344K (73%)
----------------- Invoking toplevel() on ptolemy.moml.MoMLSimpleApplication@62ed802c
----------------- Done invoking toplevel() on ptolemy.moml.MoMLSimpleApplication@62ed802c
reloadAllAccessors: .PublisherClassNoParameter

===========================================================================================
----------------- testing Thu Jun 18 14:47:57 UTC 2020 /home/travis/build/icyphy/ptII/ptolemy/actor/lib/test/auto/PublisherClassParameter.xml
----------------- Instantiating /home/travis/build/icyphy/ptII/ptolemy/actor/lib/test/auto/PublisherClassParameter.xml
2 ms. Memory: 465920K Free: 331112K (71%)
----------------- Invoking toplevel() on ptolemy.moml.MoMLSimpleApplication@70bc84d2
----------------- Done invoking toplevel() on ptolemy.moml.MoMLSimpleApplication@70bc84d2
reloadAllAccessors: .PublisherClassParameter

===========================================================================================
----------------- testing Thu Jun 18 14:47:57 UTC 2020 /home/travis/build/icyphy/ptII/ptolemy/actor/lib/test/auto/PublisherNonStrictTest.xml
----------------- Instantiating /home/travis/build/icyphy/ptII/ptolemy/actor/lib/test/auto/PublisherNonStrictTest.xml
2 ms. Memory: 465920K Free: 322920K (69%)
----------------- Invoking toplevel() on ptolemy.moml.MoMLSimpleApplication@765917f5
----------------- Done invoking toplevel() on ptolemy.moml.MoMLSimpleApplication@765917f5
reloadAllAccessors: .PublisherNonStrictTest

===========================================================================================
----------------- testing Thu Jun 18 14:47:57 UTC 2020 /home/travis/build/icyphy/ptII/ptolemy/actor/lib/test/auto/PublisherPort1.xml
----------------- Instantiating /home/travis/build/icyphy/ptII/ptolemy/actor/lib/test/auto/PublisherPort1.xml
13 ms. Memory: 465920K Free: 317296K (68%)
----------------- Invoking toplevel() on ptolemy.moml.MoMLSimpleApplication@235ca3c5
----------------- Done invoking toplevel() on ptolemy.moml.MoMLSimpleApplication@235ca3c5
reloadAllAccessors: .PublisherPort1

===========================================================================================
----------------- testing Thu Jun 18 14:47:57 UTC 2020 /home/travis/build/icyphy/ptII/ptolemy/actor/lib/test/auto/PublisherPort2.xml
----------------- Instantiating /home/travis/build/icyphy/ptII/ptolemy/actor/lib/test/auto/PublisherPort2.xml
2 ms. Memory: 465920K Free: 312176K (67%)
----------------- Invoking toplevel() on ptolemy.moml.MoMLSimpleApplication@58ce4e51
----------------- Done invoking toplevel() on ptolemy.moml.MoMLSimpleApplication@58ce4e51
reloadAllAccessors: .PublisherPort2

===========================================================================================
----------------- testing Thu Jun 18 14:47:57 UTC 2020 /home/travis/build/icyphy/ptII/ptolemy/actor/lib/test/auto/PublisherPort3.xml
----------------- Instantiating /home/travis/build/icyphy/ptII/ptolemy/actor/lib/test/auto/PublisherPort3.xml
3 ms. Memory: 465920K Free: 305488K (66%)
----------------- Invoking toplevel() on ptolemy.moml.MoMLSimpleApplication@1c165c87
----------------- Done invoking toplevel() on ptolemy.moml.MoMLSimpleApplication@1c165c87
reloadAllAccessors: .PublisherPort3

===========================================================================================
----------------- testing Thu Jun 18 14:47:57 UTC 2020 /home/travis/build/icyphy/ptII/ptolemy/actor/lib/test/auto/PublisherPort4.xml
----------------- Instantiating /home/travis/build/icyphy/ptII/ptolemy/actor/lib/test/auto/PublisherPort4.xml
2 ms. Memory: 465920K Free: 299888K (64%)
----------------- Invoking toplevel() on ptolemy.moml.MoMLSimpleApplication@64fb415b
----------------- Done invoking toplevel() on ptolemy.moml.MoMLSimpleApplication@64fb415b
reloadAllAccessors: .PublisherPort4

===========================================================================================
----------------- testing Thu Jun 18 14:47:57 UTC 2020 /home/travis/build/icyphy/ptII/ptolemy/actor/lib/test/auto/PublisherPort5.xml
----------------- Instantiating /home/travis/build/icyphy/ptII/ptolemy/actor/lib/test/auto/PublisherPort5.xml
3 ms. Memory: 465920K Free: 292206K (63%)
----------------- Invoking toplevel() on ptolemy.moml.MoMLSimpleApplication@1a2d73e7
----------------- Done invoking toplevel() on ptolemy.moml.MoMLSimpleApplication@1a2d73e7
reloadAllAccessors: .PublisherPort5

===========================================================================================
----------------- testing Thu Jun 18 14:47:57 UTC 2020 /home/travis/build/icyphy/ptII/ptolemy/actor/lib/test/auto/PublisherPort5LookAlike.xml
----------------- Instantiating /home/travis/build/icyphy/ptII/ptolemy/actor/lib/test/auto/PublisherPort5LookAlike.xml
7 ms. Memory: 465920K Free: 284014K (61%)
----------------- Invoking toplevel() on ptolemy.moml.MoMLSimpleApplication@2236c5c2
----------------- Done invoking toplevel() on ptolemy.moml.MoMLSimpleApplication@2236c5c2
reloadAllAccessors: .PublisherPort5LookAlike

===========================================================================================
----------------- testing Thu Jun 18 14:47:57 UTC 2020 /home/travis/build/icyphy/ptII/ptolemy/actor/lib/test/auto/PublisherPort6.xml
----------------- Instantiating /home/travis/build/icyphy/ptII/ptolemy/actor/lib/test/auto/PublisherPort6.xml
2 ms. Memory: 465920K Free: 277360K (60%)
----------------- Invoking toplevel() on ptolemy.moml.MoMLSimpleApplication@4110b8b
----------------- Done invoking toplevel() on ptolemy.moml.MoMLSimpleApplication@4110b8b
reloadAllAccessors: .PublisherPort6

===========================================================================================
----------------- testing Thu Jun 18 14:47:57 UTC 2020 /home/travis/build/icyphy/ptII/ptolemy/actor/lib/test/auto/PublisherPort7.xml
----------------- Instantiating /home/travis/build/icyphy/ptII/ptolemy/actor/lib/test/auto/PublisherPort7.xml
4 ms. Memory: 465920K Free: 269678K (58%)
----------------- Invoking toplevel() on ptolemy.moml.MoMLSimpleApplication@49e361e2
----------------- Done invoking toplevel() on ptolemy.moml.MoMLSimpleApplication@49e361e2
reloadAllAccessors: .PublisherPort7

===========================================================================================
----------------- testing Thu Jun 18 14:47:57 UTC 2020 /home/travis/build/icyphy/ptII/ptolemy/actor/lib/test/auto/PublisherPort8.xml
----------------- Instantiating /home/travis/build/icyphy/ptII/ptolemy/actor/lib/test/auto/PublisherPort8.xml
4 ms. Memory: 465920K Free: 260976K (56%)
----------------- Invoking toplevel() on ptolemy.moml.MoMLSimpleApplication@313309c5
----------------- Done invoking toplevel() on ptolemy.moml.MoMLSimpleApplication@313309c5
reloadAllAccessors: .PublisherPort8

===========================================================================================
----------------- testing Thu Jun 18 14:47:57 UTC 2020 /home/travis/build/icyphy/ptII/ptolemy/actor/lib/test/auto/PublisherPortSubscriberChannelVariablesAOC2.xml
----------------- Instantiating /home/travis/build/icyphy/ptII/ptolemy/actor/lib/test/auto/PublisherPortSubscriberChannelVariablesAOC2.xml
3 ms. Memory: 465920K Free: 243568K (52%)
----------------- Invoking toplevel() on ptolemy.moml.MoMLSimpleApplication@2d38e9c0
----------------- Done invoking toplevel() on ptolemy.moml.MoMLSimpleApplication@2d38e9c0
reloadAllAccessors: .PublisherPortSubscriberChannelVariablesAOC2

===========================================================================================
----------------- testing Thu Jun 18 14:47:57 UTC 2020 /home/travis/build/icyphy/ptII/ptolemy/actor/lib/test/auto/PublisherPortSubscriberOpaqueWidthInference.xml
----------------- Instantiating /home/travis/build/icyphy/ptII/ptolemy/actor/lib/test/auto/PublisherPortSubscriberOpaqueWidthInference.xml
3 ms. Memory: 465920K Free: 235872K (51%)
----------------- Invoking toplevel() on ptolemy.moml.MoMLSimpleApplication@5f216887
----------------- Done invoking toplevel() on ptolemy.moml.MoMLSimpleApplication@5f216887
reloadAllAccessors: .PublisherPortSubscriberOpaqueWidthInference

===========================================================================================
----------------- testing Thu Jun 18 14:47:57 UTC 2020 /home/travis/build/icyphy/ptII/ptolemy/actor/lib/test/auto/PublisherPortSubscriberPortAdjacent.xml
----------------- Instantiating /home/travis/build/icyphy/ptII/ptolemy/actor/lib/test/auto/PublisherPortSubscriberPortAdjacent.xml
3 ms. Memory: 465920K Free: 227694K (49%)
----------------- Invoking toplevel() on ptolemy.moml.MoMLSimpleApplication@6a32b55d
----------------- Done invoking toplevel() on ptolemy.moml.MoMLSimpleApplication@6a32b55d
reloadAllAccessors: .PublisherPortSubscriberPortAdjacent

===========================================================================================
----------------- testing Thu Jun 18 14:47:57 UTC 2020 /home/travis/build/icyphy/ptII/ptolemy/actor/lib/test/auto/PublisherPortSubscriberPortExpression.xml
----------------- Instantiating /home/travis/build/icyphy/ptII/ptolemy/actor/lib/test/auto/PublisherPortSubscriberPortExpression.xml
6 ms. Memory: 465920K Free: 220016K (47%)
----------------- Invoking toplevel() on ptolemy.moml.MoMLSimpleApplication@1b569c41
----------------- Done invoking toplevel() on ptolemy.moml.MoMLSimpleApplication@1b569c41
reloadAllAccessors: .PublisherPortSubscriberPortExpression

===========================================================================================
----------------- testing Thu Jun 18 14:47:57 UTC 2020 /home/travis/build/icyphy/ptII/ptolemy/actor/lib/test/auto/PublisherPortSubscriberPortOpaqueD3Reverse.xml
----------------- Instantiating /home/travis/build/icyphy/ptII/ptolemy/actor/lib/test/auto/PublisherPortSubscriberPortOpaqueD3Reverse.xml
6 ms. Memory: 465920K Free: 209262K (45%)
----------------- Invoking toplevel() on ptolemy.moml.MoMLSimpleApplication@7f7933d3
----------------- Done invoking toplevel() on ptolemy.moml.MoMLSimpleApplication@7f7933d3
reloadAllAccessors: .PublisherPortSubscriberPortOpaqueD3Reverse

===========================================================================================
----------------- testing Thu Jun 18 14:47:58 UTC 2020 /home/travis/build/icyphy/ptII/ptolemy/actor/lib/test/auto/PublisherPortSubscriberPortOpaqueWidthInference.xml
----------------- Instantiating /home/travis/build/icyphy/ptII/ptolemy/actor/lib/test/auto/PublisherPortSubscriberPortOpaqueWidthInference.xml
2 ms. Memory: 465920K Free: 201584K (43%)
----------------- Invoking toplevel() on ptolemy.moml.MoMLSimpleApplication@677d17ec
----------------- Done invoking toplevel() on ptolemy.moml.MoMLSimpleApplication@677d17ec
reloadAllAccessors: .PublisherPortSubscriberPortOpaqueWidthInference

===========================================================================================
----------------- testing Thu Jun 18 14:47:58 UTC 2020 /home/travis/build/icyphy/ptII/ptolemy/actor/lib/test/auto/PublisherPortToplevelSubscriberPortAOC.xml
----------------- Instantiating /home/travis/build/icyphy/ptII/ptolemy/actor/lib/test/auto/PublisherPortToplevelSubscriberPortAOC.xml
.PublisherPortToplevelSubscriberPortAOC.TestExceptionAttribute: initialize() was not invoked, but wrapup() was.  This is unusual, but not always a problem.  For example, exporting JNLP will do this.
1 ms. Memory: 465920K Free: 195950K (42%)
----------------- Invoking toplevel() on ptolemy.moml.MoMLSimpleApplication@675f3f4a
----------------- Done invoking toplevel() on ptolemy.moml.MoMLSimpleApplication@675f3f4a
reloadAllAccessors: .PublisherPortToplevelSubscriberPortAOC

===========================================================================================
----------------- testing Thu Jun 18 14:47:58 UTC 2020 /home/travis/build/icyphy/ptII/ptolemy/actor/lib/test/auto/PublisherSubscriber.xml
----------------- Instantiating /home/travis/build/icyphy/ptII/ptolemy/actor/lib/test/auto/PublisherSubscriber.xml
2 ms. Memory: 465920K Free: 188752K (41%)
----------------- Invoking toplevel() on ptolemy.moml.MoMLSimpleApplication@3417333d
----------------- Done invoking toplevel() on ptolemy.moml.MoMLSimpleApplication@3417333d
reloadAllAccessors: .PublisherSubscriber

===========================================================================================
----------------- testing Thu Jun 18 14:47:58 UTC 2020 /home/travis/build/icyphy/ptII/ptolemy/actor/lib/test/auto/PublisherSubscriber10.xml
----------------- Instantiating /home/travis/build/icyphy/ptII/ptolemy/actor/lib/test/auto/PublisherSubscriber10.xml
5 ms. Memory: 465920K Free: 179056K (38%)
----------------- Invoking toplevel() on ptolemy.moml.MoMLSimpleApplication@377081a8
----------------- Done invoking toplevel() on ptolemy.moml.MoMLSimpleApplication@377081a8
reloadAllAccessors: .PublisherSubscriber10

===========================================================================================
----------------- testing Thu Jun 18 14:47:58 UTC 2020 /home/travis/build/icyphy/ptII/ptolemy/actor/lib/test/auto/PublisherSubscriber10InitialOutputs.xml
----------------- Instantiating /home/travis/build/icyphy/ptII/ptolemy/actor/lib/test/auto/PublisherSubscriber10InitialOutputs.xml
10 ms. Memory: 465920K Free: 169840K (36%)
----------------- Invoking toplevel() on ptolemy.moml.MoMLSimpleApplication@51a7f2c1
----------------- Done invoking toplevel() on ptolemy.moml.MoMLSimpleApplication@51a7f2c1
reloadAllAccessors: .PublisherSubscriber10InitialOutputs

===========================================================================================
----------------- testing Thu Jun 18 14:47:58 UTC 2020 /home/travis/build/icyphy/ptII/ptolemy/actor/lib/test/auto/PublisherSubscriber11.xml
----------------- Instantiating /home/travis/build/icyphy/ptII/ptolemy/actor/lib/test/auto/PublisherSubscriber11.xml
3 ms. Memory: 465920K Free: 163696K (35%)
----------------- Invoking toplevel() on ptolemy.moml.MoMLSimpleApplication@34f59ab9
----------------- Done invoking toplevel() on ptolemy.moml.MoMLSimpleApplication@34f59ab9
reloadAllAccessors: .PublisherSubscriber11

===========================================================================================
----------------- testing Thu Jun 18 14:47:58 UTC 2020 /home/travis/build/icyphy/ptII/ptolemy/actor/lib/test/auto/PublisherSubscriber12.xml
----------------- Instantiating /home/travis/build/icyphy/ptII/ptolemy/actor/lib/test/auto/PublisherSubscriber12.xml
5 ms. Memory: 465920K Free: 156528K (34%)
----------------- Invoking toplevel() on ptolemy.moml.MoMLSimpleApplication@7bf87d11
----------------- Done invoking toplevel() on ptolemy.moml.MoMLSimpleApplication@7bf87d11
reloadAllAccessors: .PublisherSubscriber12

===========================================================================================
----------------- testing Thu Jun 18 14:47:58 UTC 2020 /home/travis/build/icyphy/ptII/ptolemy/actor/lib/test/auto/PublisherSubscriber13.xml
----------------- Instantiating /home/travis/build/icyphy/ptII/ptolemy/actor/lib/test/auto/PublisherSubscriber13.xml
2 ms. Memory: 465920K Free: 150864K (32%)
----------------- Invoking toplevel() on ptolemy.moml.MoMLSimpleApplication@36d01938
----------------- Done invoking toplevel() on ptolemy.moml.MoMLSimpleApplication@36d01938
reloadAllAccessors: .PublisherSubscriber13

===========================================================================================
----------------- testing Thu Jun 18 14:47:58 UTC 2020 /home/travis/build/icyphy/ptII/ptolemy/actor/lib/test/auto/PublisherSubscriber14.xml
----------------- Instantiating /home/travis/build/icyphy/ptII/ptolemy/actor/lib/test/auto/PublisherSubscriber14.xml
1 ms. Memory: 465920K Free: 410765K (88%)
----------------- Invoking toplevel() on ptolemy.moml.MoMLSimpleApplication@8946bba
----------------- Done invoking toplevel() on ptolemy.moml.MoMLSimpleApplication@8946bba
reloadAllAccessors: .PublisherSubscriber14

===========================================================================================
----------------- testing Thu Jun 18 14:47:58 UTC 2020 /home/travis/build/icyphy/ptII/ptolemy/actor/lib/test/auto/PublisherSubscriber2.xml
----------------- Instantiating /home/travis/build/icyphy/ptII/ptolemy/actor/lib/test/auto/PublisherSubscriber2.xml
2 ms. Memory: 465920K Free: 404621K (87%)
----------------- Invoking toplevel() on ptolemy.moml.MoMLSimpleApplication@1261c404
----------------- Done invoking toplevel() on ptolemy.moml.MoMLSimpleApplication@1261c404
reloadAllAccessors: .PublisherSubscriber2

===========================================================================================
----------------- testing Thu Jun 18 14:47:58 UTC 2020 /home/travis/build/icyphy/ptII/ptolemy/actor/lib/test/auto/PublisherSubscriber3.xml
----------------- Instantiating /home/travis/build/icyphy/ptII/ptolemy/actor/lib/test/auto/PublisherSubscriber3.xml
2 ms. Memory: 465920K Free: 398956K (86%)
----------------- Invoking toplevel() on ptolemy.moml.MoMLSimpleApplication@fff1f6a
----------------- Done invoking toplevel() on ptolemy.moml.MoMLSimpleApplication@fff1f6a
reloadAllAccessors: .PublisherSubscriber3

===========================================================================================
----------------- testing Thu Jun 18 14:47:58 UTC 2020 /home/travis/build/icyphy/ptII/ptolemy/actor/lib/test/auto/PublisherSubscriber4.xml
----------------- Instantiating /home/travis/build/icyphy/ptII/ptolemy/actor/lib/test/auto/PublisherSubscriber4.xml
1 ms. Memory: 465920K Free: 393357K (84%)
----------------- Invoking toplevel() on ptolemy.moml.MoMLSimpleApplication@1a75ce13
----------------- Done invoking toplevel() on ptolemy.moml.MoMLSimpleApplication@1a75ce13
reloadAllAccessors: .PublisherSubscriber4

===========================================================================================
----------------- testing Thu Jun 18 14:47:58 UTC 2020 /home/travis/build/icyphy/ptII/ptolemy/actor/lib/test/auto/PublisherSubscriber5.xml
----------------- Instantiating /home/travis/build/icyphy/ptII/ptolemy/actor/lib/test/auto/PublisherSubscriber5.xml
2 ms. Memory: 465920K Free: 386699K (83%)
----------------- Invoking toplevel() on ptolemy.moml.MoMLSimpleApplication@5f1c035f
----------------- Done invoking toplevel() on ptolemy.moml.MoMLSimpleApplication@5f1c035f
reloadAllAccessors: .PublisherSubscriber5

===========================================================================================
----------------- testing Thu Jun 18 14:47:58 UTC 2020 /home/travis/build/icyphy/ptII/ptolemy/actor/lib/test/auto/PublisherSubscriber6.xml
----------------- Instantiating /home/travis/build/icyphy/ptII/ptolemy/actor/lib/test/auto/PublisherSubscriber6.xml
4 ms. Memory: 465920K Free: 380045K (82%)
----------------- Invoking toplevel() on ptolemy.moml.MoMLSimpleApplication@4f525b42
----------------- Done invoking toplevel() on ptolemy.moml.MoMLSimpleApplication@4f525b42
reloadAllAccessors: .PublisherSubscriber6

===========================================================================================
----------------- testing Thu Jun 18 14:47:58 UTC 2020 /home/travis/build/icyphy/ptII/ptolemy/actor/lib/test/auto/PublisherSubscriber7.xml
----------------- Instantiating /home/travis/build/icyphy/ptII/ptolemy/actor/lib/test/auto/PublisherSubscriber7.xml
6 ms. Memory: 465920K Free: 372877K (80%)
----------------- Invoking toplevel() on ptolemy.moml.MoMLSimpleApplication@5619202d
----------------- Done invoking toplevel() on ptolemy.moml.MoMLSimpleApplication@5619202d
reloadAllAccessors: .PublisherSubscriber7

===========================================================================================
----------------- testing Thu Jun 18 14:47:58 UTC 2020 /home/travis/build/icyphy/ptII/ptolemy/actor/lib/test/auto/PublisherSubscriber8.xml
----------------- Instantiating /home/travis/build/icyphy/ptII/ptolemy/actor/lib/test/auto/PublisherSubscriber8.xml
10 ms. Memory: 465920K Free: 361099K (78%)
----------------- Invoking toplevel() on ptolemy.moml.MoMLSimpleApplication@5527746a
----------------- Done invoking toplevel() on ptolemy.moml.MoMLSimpleApplication@5527746a
reloadAllAccessors: .PublisherSubscriber8

===========================================================================================
----------------- testing Thu Jun 18 14:47:58 UTC 2020 /home/travis/build/icyphy/ptII/ptolemy/actor/lib/test/auto/PublisherSubscriber9.xml
----------------- Instantiating /home/travis/build/icyphy/ptII/ptolemy/actor/lib/test/auto/PublisherSubscriber9.xml
4 ms. Memory: 465920K Free: 353924K (76%)
----------------- Invoking toplevel() on ptolemy.moml.MoMLSimpleApplication@6e2b750d
----------------- Done invoking toplevel() on ptolemy.moml.MoMLSimpleApplication@6e2b750d
reloadAllAccessors: .PublisherSubscriber9

===========================================================================================
----------------- testing Thu Jun 18 14:47:58 UTC 2020 /home/travis/build/icyphy/ptII/ptolemy/actor/lib/test/auto/PublisherSubscriberAdjacent.xml
----------------- Instantiating /home/travis/build/icyphy/ptII/ptolemy/actor/lib/test/auto/PublisherSubscriberAdjacent.xml
1 ms. Memory: 465920K Free: 345739K (74%)
----------------- Invoking toplevel() on ptolemy.moml.MoMLSimpleApplication@48660ea1
----------------- Done invoking toplevel() on ptolemy.moml.MoMLSimpleApplication@48660ea1
reloadAllAccessors: .PublisherSubscriberAdjacent

===========================================================================================
----------------- testing Thu Jun 18 14:47:58 UTC 2020 /home/travis/build/icyphy/ptII/ptolemy/actor/lib/test/auto/PublisherSubscriberChannelVariablesAOC2.xml
----------------- Instantiating /home/travis/build/icyphy/ptII/ptolemy/actor/lib/test/auto/PublisherSubscriberChannelVariablesAOC2.xml
2 ms. Memory: 465920K Free: 330893K (71%)
----------------- Invoking toplevel() on ptolemy.moml.MoMLSimpleApplication@13d1e23a
----------------- Done invoking toplevel() on ptolemy.moml.MoMLSimpleApplication@13d1e23a
reloadAllAccessors: .PublisherSubscriberChannelVariablesAOC2

===========================================================================================
----------------- testing Thu Jun 18 14:47:58 UTC 2020 /home/travis/build/icyphy/ptII/ptolemy/actor/lib/test/auto/PublisherSubscriberD3.xml
----------------- Instantiating /home/travis/build/icyphy/ptII/ptolemy/actor/lib/test/auto/PublisherSubscriberD3.xml
2 ms. Memory: 465920K Free: 323211K (69%)
----------------- Invoking toplevel() on ptolemy.moml.MoMLSimpleApplication@280cf906
----------------- Done invoking toplevel() on ptolemy.moml.MoMLSimpleApplication@280cf906
reloadAllAccessors: .PublisherSubscriberD3

===========================================================================================
----------------- testing Thu Jun 18 14:47:58 UTC 2020 /home/travis/build/icyphy/ptII/ptolemy/actor/lib/test/auto/PublisherSubscriberD3Reverse.xml
----------------- Instantiating /home/travis/build/icyphy/ptII/ptolemy/actor/lib/test/auto/PublisherSubscriberD3Reverse.xml
1 ms. Memory: 465920K Free: 317067K (68%)
----------------- Invoking toplevel() on ptolemy.moml.MoMLSimpleApplication@26749020
----------------- Done invoking toplevel() on ptolemy.moml.MoMLSimpleApplication@26749020
reloadAllAccessors: .PublisherSubscriberD3Reverse

===========================================================================================
----------------- testing Thu Jun 18 14:47:58 UTC 2020 /home/travis/build/icyphy/ptII/ptolemy/actor/lib/test/auto/PublisherSubscriberExpression.xml
----------------- Instantiating /home/travis/build/icyphy/ptII/ptolemy/actor/lib/test/auto/PublisherSubscriberExpression.xml
5 ms. Memory: 465920K Free: 308860K (66%)
----------------- Invoking toplevel() on ptolemy.moml.MoMLSimpleApplication@305c0021
----------------- Done invoking toplevel() on ptolemy.moml.MoMLSimpleApplication@305c0021
reloadAllAccessors: .PublisherSubscriberExpression

===========================================================================================
----------------- testing Thu Jun 18 14:47:58 UTC 2020 /home/travis/build/icyphy/ptII/ptolemy/actor/lib/test/auto/PublisherSubscriberOpaque.xml
----------------- Instantiating /home/travis/build/icyphy/ptII/ptolemy/actor/lib/test/auto/PublisherSubscriberOpaque.xml
5 ms. Memory: 465920K Free: 300668K (65%)
----------------- Invoking toplevel() on ptolemy.moml.MoMLSimpleApplication@4e06d32c
----------------- Done invoking toplevel() on ptolemy.moml.MoMLSimpleApplication@4e06d32c
reloadAllAccessors: .PublisherSubscriberOpaque

===========================================================================================
----------------- testing Thu Jun 18 14:47:58 UTC 2020 /home/travis/build/icyphy/ptII/ptolemy/actor/lib/test/auto/PublisherSubscriberOpaqueD3.xml
----------------- Instantiating /home/travis/build/icyphy/ptII/ptolemy/actor/lib/test/auto/PublisherSubscriberOpaqueD3.xml
5 ms. Memory: 465920K Free: 288909K (62%)
----------------- Invoking toplevel() on ptolemy.moml.MoMLSimpleApplication@111f7069
----------------- Done invoking toplevel() on ptolemy.moml.MoMLSimpleApplication@111f7069
reloadAllAccessors: .PublisherSubscriberOpaqueD3

===========================================================================================
----------------- testing Thu Jun 18 14:47:58 UTC 2020 /home/travis/build/icyphy/ptII/ptolemy/actor/lib/test/auto/PublisherSubscriberOpaqueD3Reverse.xml
----------------- Instantiating /home/travis/build/icyphy/ptII/ptolemy/actor/lib/test/auto/PublisherSubscriberOpaqueD3Reverse.xml
7 ms. Memory: 465920K Free: 277645K (60%)
----------------- Invoking toplevel() on ptolemy.moml.MoMLSimpleApplication@61232001
----------------- Done invoking toplevel() on ptolemy.moml.MoMLSimpleApplication@61232001
reloadAllAccessors: .PublisherSubscriberOpaqueD3Reverse

===========================================================================================
----------------- testing Thu Jun 18 14:47:58 UTC 2020 /home/travis/build/icyphy/ptII/ptolemy/actor/lib/test/auto/PublisherSubscriberOpaqueWidthInference.xml
----------------- Instantiating /home/travis/build/icyphy/ptII/ptolemy/actor/lib/test/auto/PublisherSubscriberOpaqueWidthInference.xml
4 ms. Memory: 465920K Free: 269453K (58%)
----------------- Invoking toplevel() on ptolemy.moml.MoMLSimpleApplication@1d3012b0
----------------- Done invoking toplevel() on ptolemy.moml.MoMLSimpleApplication@1d3012b0
reloadAllAccessors: .PublisherSubscriberOpaqueWidthInference

===========================================================================================
----------------- testing Thu Jun 18 14:47:58 UTC 2020 /home/travis/build/icyphy/ptII/ptolemy/actor/lib/test/auto/PublisherTestSubscriber.xml
----------------- Instantiating /home/travis/build/icyphy/ptII/ptolemy/actor/lib/test/auto/PublisherTestSubscriber.xml
3 ms. Memory: 465920K Free: 261764K (56%)
----------------- Invoking toplevel() on ptolemy.moml.MoMLSimpleApplication@5174d9d5
----------------- Done invoking toplevel() on ptolemy.moml.MoMLSimpleApplication@5174d9d5
reloadAllAccessors: .PublisherTestSubscriber

===========================================================================================
----------------- testing Thu Jun 18 14:47:58 UTC 2020 /home/travis/build/icyphy/ptII/ptolemy/actor/lib/test/auto/PublisherToplevelSubscriberPortAOC.xml
----------------- Instantiating /home/travis/build/icyphy/ptII/ptolemy/actor/lib/test/auto/PublisherToplevelSubscriberPortAOC.xml
2 ms. Memory: 465920K Free: 255596K (55%)
----------------- Invoking toplevel() on ptolemy.moml.MoMLSimpleApplication@282ed05c
----------------- Done invoking toplevel() on ptolemy.moml.MoMLSimpleApplication@282ed05c
reloadAllAccessors: .PublisherToplevelSubscriberPortAOC

===========================================================================================
----------------- testing Thu Jun 18 14:47:58 UTC 2020 /home/travis/build/icyphy/ptII/ptolemy/actor/lib/test/auto/PulseFiringLimitDE.xml
----------------- Instantiating /home/travis/build/icyphy/ptII/ptolemy/actor/lib/test/auto/PulseFiringLimitDE.xml
2 ms. Memory: 465920K Free: 248459K (53%)
----------------- Invoking toplevel() on ptolemy.moml.MoMLSimpleApplication@603b26b5
----------------- Done invoking toplevel() on ptolemy.moml.MoMLSimpleApplication@603b26b5
reloadAllAccessors: .PulseFiringLimitDE

===========================================================================================
----------------- testing Thu Jun 18 14:47:58 UTC 2020 /home/travis/build/icyphy/ptII/ptolemy/actor/lib/test/auto/Ramp1.xml
----------------- Instantiating /home/travis/build/icyphy/ptII/ptolemy/actor/lib/test/auto/Ramp1.xml
1 ms. Memory: 465920K Free: 244348K (52%)
----------------- Invoking toplevel() on ptolemy.moml.MoMLSimpleApplication@41b29dcd
----------------- Done invoking toplevel() on ptolemy.moml.MoMLSimpleApplication@41b29dcd
reloadAllAccessors: .Ramp1

===========================================================================================
----------------- testing Thu Jun 18 14:47:58 UTC 2020 /home/travis/build/icyphy/ptII/ptolemy/actor/lib/test/auto/RampFiringLimitDE.xml
----------------- Instantiating /home/travis/build/icyphy/ptII/ptolemy/actor/lib/test/auto/RampFiringLimitDE.xml
2 ms. Memory: 465920K Free: 238204K (51%)
----------------- Invoking toplevel() on ptolemy.moml.MoMLSimpleApplication@194e0441
----------------- Done invoking toplevel() on ptolemy.moml.MoMLSimpleApplication@194e0441
reloadAllAccessors: .RampFiringLimitDE

===========================================================================================
----------------- testing Thu Jun 18 14:47:58 UTC 2020 /home/travis/build/icyphy/ptII/ptolemy/actor/lib/test/auto/RampFiringLimitSDF.xml
----------------- Instantiating /home/travis/build/icyphy/ptII/ptolemy/actor/lib/test/auto/RampFiringLimitSDF.xml
2 ms. Memory: 465920K Free: 233084K (50%)
----------------- Invoking toplevel() on ptolemy.moml.MoMLSimpleApplication@76e6ab2
----------------- Done invoking toplevel() on ptolemy.moml.MoMLSimpleApplication@76e6ab2
reloadAllAccessors: .RampFiringLimitSDF

===========================================================================================
----------------- testing Thu Jun 18 14:47:58 UTC 2020 /home/travis/build/icyphy/ptII/ptolemy/actor/lib/test/auto/RandomInteger.xml
----------------- Instantiating /home/travis/build/icyphy/ptII/ptolemy/actor/lib/test/auto/RandomInteger.xml
1 ms. Memory: 465920K Free: 229003K (49%)
----------------- Invoking toplevel() on ptolemy.moml.MoMLSimpleApplication@65c5d700
----------------- Done invoking toplevel() on ptolemy.moml.MoMLSimpleApplication@65c5d700
reloadAllAccessors: .RandomInteger

===========================================================================================
----------------- testing Thu Jun 18 14:47:58 UTC 2020 /home/travis/build/icyphy/ptII/ptolemy/actor/lib/test/auto/ReadFile1.xml
----------------- Instantiating /home/travis/build/icyphy/ptII/ptolemy/actor/lib/test/auto/ReadFile1.xml
1 ms. Memory: 465920K Free: 223883K (48%)
----------------- Invoking toplevel() on ptolemy.moml.MoMLSimpleApplication@2fef55e0
----------------- Done invoking toplevel() on ptolemy.moml.MoMLSimpleApplication@2fef55e0
reloadAllAccessors: .ReadFile1

===========================================================================================
----------------- testing Thu Jun 18 14:47:58 UTC 2020 /home/travis/build/icyphy/ptII/ptolemy/actor/lib/test/auto/ReadFile2.xml
----------------- Instantiating /home/travis/build/icyphy/ptII/ptolemy/actor/lib/test/auto/ReadFile2.xml
1 ms. Memory: 465920K Free: 219787K (47%)
----------------- Invoking toplevel() on ptolemy.moml.MoMLSimpleApplication@51d9be05
----------------- Done invoking toplevel() on ptolemy.moml.MoMLSimpleApplication@51d9be05
reloadAllAccessors: .ReadFile2

===========================================================================================
----------------- testing Thu Jun 18 14:47:58 UTC 2020 /home/travis/build/icyphy/ptII/ptolemy/actor/lib/test/auto/Reader.xml
----------------- Instantiating /home/travis/build/icyphy/ptII/ptolemy/actor/lib/test/auto/Reader.xml
actor.lib.Reader is obsolete, use actor.lib.io.ExpressionReader instead
5 ms. Memory: 465920K Free: 215691K (46%)
----------------- Invoking toplevel() on ptolemy.moml.MoMLSimpleApplication@199458eb
----------------- Done invoking toplevel() on ptolemy.moml.MoMLSimpleApplication@199458eb
reloadAllAccessors: .Reader

===========================================================================================
----------------- testing Thu Jun 18 14:47:58 UTC 2020 /home/travis/build/icyphy/ptII/ptolemy/actor/lib/test/auto/RecordAssemblerDisplayNameTest.xml
----------------- Instantiating /home/travis/build/icyphy/ptII/ptolemy/actor/lib/test/auto/RecordAssemblerDisplayNameTest.xml
3610 ms. Memory: 465920K Free: 339597K (73%)
----------------- Invoking toplevel() on ptolemy.moml.MoMLSimpleApplication@10290d7
----------------- Done invoking toplevel() on ptolemy.moml.MoMLSimpleApplication@10290d7
reloadAllAccessors: .RecordAssemblerDisplayNameTest

===========================================================================================
----------------- testing Thu Jun 18 14:48:02 UTC 2020 /home/travis/build/icyphy/ptII/ptolemy/actor/lib/test/auto/RecordAssemblerTypeError.xml
----------------- Instantiating /home/travis/build/icyphy/ptII/ptolemy/actor/lib/test/auto/RecordAssemblerTypeError.xml
13 ms. Memory: 465920K Free: 329867K (71%)
----------------- Invoking toplevel() on ptolemy.moml.MoMLSimpleApplication@1f57761e
----------------- Done invoking toplevel() on ptolemy.moml.MoMLSimpleApplication@1f57761e
reloadAllAccessors: .RecordAssemblerTypeError

===========================================================================================
----------------- testing Thu Jun 18 14:48:02 UTC 2020 /home/travis/build/icyphy/ptII/ptolemy/actor/lib/test/auto/RecordDisassember.xml
----------------- Instantiating /home/travis/build/icyphy/ptII/ptolemy/actor/lib/test/auto/RecordDisassember.xml
11 ms. Memory: 465920K Free: 325261K (70%)
----------------- Invoking toplevel() on ptolemy.moml.MoMLSimpleApplication@5841cdf0
----------------- Done invoking toplevel() on ptolemy.moml.MoMLSimpleApplication@5841cdf0
reloadAllAccessors: .RecordDisassember

===========================================================================================
----------------- testing Thu Jun 18 14:48:02 UTC 2020 /home/travis/build/icyphy/ptII/ptolemy/actor/lib/test/auto/RecordDisassemberDisplayNameTest.xml
----------------- Instantiating /home/travis/build/icyphy/ptII/ptolemy/actor/lib/test/auto/RecordDisassemberDisplayNameTest.xml
5 ms. Memory: 465920K Free: 317069K (68%)
----------------- Invoking toplevel() on ptolemy.moml.MoMLSimpleApplication@2ae7a238
----------------- Done invoking toplevel() on ptolemy.moml.MoMLSimpleApplication@2ae7a238
reloadAllAccessors: .RecordDisassemberDisplayNameTest

===========================================================================================
----------------- testing Thu Jun 18 14:48:02 UTC 2020 /home/travis/build/icyphy/ptII/ptolemy/actor/lib/test/auto/RecordDisassembler.xml
----------------- Instantiating /home/travis/build/icyphy/ptII/ptolemy/actor/lib/test/auto/RecordDisassembler.xml
2 ms. Memory: 465920K Free: 311949K (67%)
----------------- Invoking toplevel() on ptolemy.moml.MoMLSimpleApplication@4da3fd1e
----------------- Done invoking toplevel() on ptolemy.moml.MoMLSimpleApplication@4da3fd1e
reloadAllAccessors: .RecordDisassembler

===========================================================================================
----------------- testing Thu Jun 18 14:48:02 UTC 2020 /home/travis/build/icyphy/ptII/ptolemy/actor/lib/test/auto/RecordDisassembler2.xml
----------------- Instantiating /home/travis/build/icyphy/ptII/ptolemy/actor/lib/test/auto/RecordDisassembler2.xml
2 ms. Memory: 465920K Free: 306829K (66%)
----------------- Invoking toplevel() on ptolemy.moml.MoMLSimpleApplication@133d1515
----------------- Done invoking toplevel() on ptolemy.moml.MoMLSimpleApplication@133d1515
reloadAllAccessors: .RecordDisassembler2

===========================================================================================
----------------- testing Thu Jun 18 14:48:02 UTC 2020 /home/travis/build/icyphy/ptII/ptolemy/actor/lib/test/auto/RecordUpdater.xml
----------------- Instantiating /home/travis/build/icyphy/ptII/ptolemy/actor/lib/test/auto/RecordUpdater.xml
2 ms. Memory: 465920K Free: 302219K (65%)
----------------- Invoking toplevel() on ptolemy.moml.MoMLSimpleApplication@53ae5b28
----------------- Done invoking toplevel() on ptolemy.moml.MoMLSimpleApplication@53ae5b28
reloadAllAccessors: .RecordUpdater

===========================================================================================
----------------- testing Thu Jun 18 14:48:02 UTC 2020 /home/travis/build/icyphy/ptII/ptolemy/actor/lib/test/auto/RecordUpdater2.xml
----------------- Instantiating /home/travis/build/icyphy/ptII/ptolemy/actor/lib/test/auto/RecordUpdater2.xml
1 ms. Memory: 465920K Free: 297099K (64%)
----------------- Invoking toplevel() on ptolemy.moml.MoMLSimpleApplication@74db020a
----------------- Done invoking toplevel() on ptolemy.moml.MoMLSimpleApplication@74db020a
reloadAllAccessors: .RecordUpdater2

===========================================================================================
----------------- testing Thu Jun 18 14:48:02 UTC 2020 /home/travis/build/icyphy/ptII/ptolemy/actor/lib/test/auto/RecursiveLattice.xml
----------------- Instantiating /home/travis/build/icyphy/ptII/ptolemy/actor/lib/test/auto/RecursiveLattice.xml
2 ms. Memory: 465920K Free: 292493K (63%)
----------------- Invoking toplevel() on ptolemy.moml.MoMLSimpleApplication@4caee150
----------------- Done invoking toplevel() on ptolemy.moml.MoMLSimpleApplication@4caee150
reloadAllAccessors: .RecursiveLattice

===========================================================================================
----------------- testing Thu Jun 18 14:48:02 UTC 2020 /home/travis/build/icyphy/ptII/ptolemy/actor/lib/test/auto/Router.xml
----------------- Instantiating /home/travis/build/icyphy/ptII/ptolemy/actor/lib/test/auto/Router.xml
3003 ms. Memory: 465920K Free: 281229K (60%)
----------------- Invoking toplevel() on ptolemy.moml.MoMLSimpleApplication@7ea3b1a0
----------------- Done invoking toplevel() on ptolemy.moml.MoMLSimpleApplication@7ea3b1a0
reloadAllAccessors: .Router

===========================================================================================
----------------- testing Thu Jun 18 14:48:05 UTC 2020 /home/travis/build/icyphy/ptII/ptolemy/actor/lib/test/auto/Router2.xml
----------------- Instantiating /home/travis/build/icyphy/ptII/ptolemy/actor/lib/test/auto/Router2.xml
3003 ms. Memory: 465920K Free: 269965K (58%)
----------------- Invoking toplevel() on ptolemy.moml.MoMLSimpleApplication@614994b4
----------------- Done invoking toplevel() on ptolemy.moml.MoMLSimpleApplication@614994b4
reloadAllAccessors: .Router2

===========================================================================================
----------------- testing Thu Jun 18 14:48:08 UTC 2020 /home/travis/build/icyphy/ptII/ptolemy/actor/lib/test/auto/RunningMaximum.xml
----------------- Instantiating /home/travis/build/icyphy/ptII/ptolemy/actor/lib/test/auto/RunningMaximum.xml
1 ms. Memory: 465920K Free: 265355K (57%)
----------------- Invoking toplevel() on ptolemy.moml.MoMLSimpleApplication@10f8e30e
----------------- Done invoking toplevel() on ptolemy.moml.MoMLSimpleApplication@10f8e30e
reloadAllAccessors: .RunningMaximum

===========================================================================================
----------------- testing Thu Jun 18 14:48:08 UTC 2020 /home/travis/build/icyphy/ptII/ptolemy/actor/lib/test/auto/RunningMinimum.xml
----------------- Instantiating /home/travis/build/icyphy/ptII/ptolemy/actor/lib/test/auto/RunningMinimum.xml
13 ms. Memory: 465920K Free: 260749K (56%)
----------------- Invoking toplevel() on ptolemy.moml.MoMLSimpleApplication@7c2db316
----------------- Done invoking toplevel() on ptolemy.moml.MoMLSimpleApplication@7c2db316
reloadAllAccessors: .RunningMinimum

===========================================================================================
----------------- testing Thu Jun 18 14:48:08 UTC 2020 /home/travis/build/icyphy/ptII/ptolemy/actor/lib/test/auto/Scale.xml
----------------- Instantiating /home/travis/build/icyphy/ptII/ptolemy/actor/lib/test/auto/Scale.xml
1 ms. Memory: 465920K Free: 256139K (55%)
----------------- Invoking toplevel() on ptolemy.moml.MoMLSimpleApplication@4a505cef
----------------- Done invoking toplevel() on ptolemy.moml.MoMLSimpleApplication@4a505cef
reloadAllAccessors: .Scale

===========================================================================================
----------------- testing Thu Jun 18 14:48:08 UTC 2020 /home/travis/build/icyphy/ptII/ptolemy/actor/lib/test/auto/Scale2.xml
----------------- Instantiating /home/travis/build/icyphy/ptII/ptolemy/actor/lib/test/auto/Scale2.xml
2 ms. Memory: 465920K Free: 251533K (54%)
----------------- Invoking toplevel() on ptolemy.moml.MoMLSimpleApplication@41595074
----------------- Done invoking toplevel() on ptolemy.moml.MoMLSimpleApplication@41595074
reloadAllAccessors: .Scale2

===========================================================================================
----------------- testing Thu Jun 18 14:48:08 UTC 2020 /home/travis/build/icyphy/ptII/ptolemy/actor/lib/test/auto/Scale3.xml
----------------- Instantiating /home/travis/build/icyphy/ptII/ptolemy/actor/lib/test/auto/Scale3.xml
5 ms. Memory: 465920K Free: 244875K (53%)
----------------- Invoking toplevel() on ptolemy.moml.MoMLSimpleApplication@39e12ead
----------------- Done invoking toplevel() on ptolemy.moml.MoMLSimpleApplication@39e12ead
reloadAllAccessors: .Scale3

===========================================================================================
----------------- testing Thu Jun 18 14:48:08 UTC 2020 /home/travis/build/icyphy/ptII/ptolemy/actor/lib/test/auto/ScaleArray.xml
----------------- Instantiating /home/travis/build/icyphy/ptII/ptolemy/actor/lib/test/auto/ScaleArray.xml
1 ms. Memory: 465920K Free: 240269K (52%)
----------------- Invoking toplevel() on ptolemy.moml.MoMLSimpleApplication@b16a747
----------------- Done invoking toplevel() on ptolemy.moml.MoMLSimpleApplication@b16a747
reloadAllAccessors: .ScaleArray

===========================================================================================
----------------- testing Thu Jun 18 14:48:08 UTC 2020 /home/travis/build/icyphy/ptII/ptolemy/actor/lib/test/auto/ScaleArray2.xml
----------------- Instantiating /home/travis/build/icyphy/ptII/ptolemy/actor/lib/test/auto/ScaleArray2.xml
5 ms. Memory: 465920K Free: 235659K (51%)
----------------- Invoking toplevel() on ptolemy.moml.MoMLSimpleApplication@49ac6446
----------------- Done invoking toplevel() on ptolemy.moml.MoMLSimpleApplication@49ac6446
reloadAllAccessors: .ScaleArray2

===========================================================================================
----------------- testing Thu Jun 18 14:48:08 UTC 2020 /home/travis/build/icyphy/ptII/ptolemy/actor/lib/test/auto/ScaleMatrix.xml
----------------- Instantiating /home/travis/build/icyphy/ptII/ptolemy/actor/lib/test/auto/ScaleMatrix.xml
161 ms. Memory: 465920K Free: 222861K (48%)
----------------- Invoking toplevel() on ptolemy.moml.MoMLSimpleApplication@35937e0e
----------------- Done invoking toplevel() on ptolemy.moml.MoMLSimpleApplication@35937e0e
reloadAllAccessors: .ScaleMatrix

===========================================================================================
----------------- testing Thu Jun 18 14:48:08 UTC 2020 /home/travis/build/icyphy/ptII/ptolemy/actor/lib/test/auto/Select.xml
----------------- Instantiating /home/travis/build/icyphy/ptII/ptolemy/actor/lib/test/auto/Select.xml
2 ms. Memory: 465920K Free: 216717K (47%)
----------------- Invoking toplevel() on ptolemy.moml.MoMLSimpleApplication@36f734d6
----------------- Done invoking toplevel() on ptolemy.moml.MoMLSimpleApplication@36f734d6
reloadAllAccessors: .Select

===========================================================================================
----------------- testing Thu Jun 18 14:48:08 UTC 2020 /home/travis/build/icyphy/ptII/ptolemy/actor/lib/test/auto/Select2.xml
----------------- Instantiating /home/travis/build/icyphy/ptII/ptolemy/actor/lib/test/auto/Select2.xml
1 ms. Memory: 465920K Free: 211597K (45%)
----------------- Invoking toplevel() on ptolemy.moml.MoMLSimpleApplication@1f9212a6
----------------- Done invoking toplevel() on ptolemy.moml.MoMLSimpleApplication@1f9212a6
reloadAllAccessors: .Select2

===========================================================================================
----------------- testing Thu Jun 18 14:48:08 UTC 2020 /home/travis/build/icyphy/ptII/ptolemy/actor/lib/test/auto/SequenceToArray2.xml
----------------- Instantiating /home/travis/build/icyphy/ptII/ptolemy/actor/lib/test/auto/SequenceToArray2.xml
100 ms. Memory: 465920K Free: 187021K (40%)
----------------- Invoking toplevel() on ptolemy.moml.MoMLSimpleApplication@68acd496
----------------- Done invoking toplevel() on ptolemy.moml.MoMLSimpleApplication@68acd496
reloadAllAccessors: .SequenceToArray2

===========================================================================================
----------------- testing Thu Jun 18 14:48:08 UTC 2020 /home/travis/build/icyphy/ptII/ptolemy/actor/lib/test/auto/SequentialClock.xml
----------------- Instantiating /home/travis/build/icyphy/ptII/ptolemy/actor/lib/test/auto/SequentialClock.xml
1 ms. Memory: 465920K Free: 182925K (39%)
----------------- Invoking toplevel() on ptolemy.moml.MoMLSimpleApplication@44f62795
----------------- Done invoking toplevel() on ptolemy.moml.MoMLSimpleApplication@44f62795
reloadAllAccessors: .SequentialClock

===========================================================================================
----------------- testing Thu Jun 18 14:48:08 UTC 2020 /home/travis/build/icyphy/ptII/ptolemy/actor/lib/test/auto/SetVariable.xml
----------------- Instantiating /home/travis/build/icyphy/ptII/ptolemy/actor/lib/test/auto/SetVariable.xml
3 ms. Memory: 465920K Free: 178315K (38%)
----------------- Invoking toplevel() on ptolemy.moml.MoMLSimpleApplication@108acd7e
----------------- Done invoking toplevel() on ptolemy.moml.MoMLSimpleApplication@108acd7e
reloadAllAccessors: .SetVariable

===========================================================================================
----------------- testing Thu Jun 18 14:48:09 UTC 2020 /home/travis/build/icyphy/ptII/ptolemy/actor/lib/test/auto/SetVariable2.xml
----------------- Instantiating /home/travis/build/icyphy/ptII/ptolemy/actor/lib/test/auto/SetVariable2.xml
3 ms. Memory: 465920K Free: 173195K (37%)
----------------- Invoking toplevel() on ptolemy.moml.MoMLSimpleApplication@4768e285
----------------- Done invoking toplevel() on ptolemy.moml.MoMLSimpleApplication@4768e285
reloadAllAccessors: .SetVariable2

===========================================================================================
----------------- testing Thu Jun 18 14:48:09 UTC 2020 /home/travis/build/icyphy/ptII/ptolemy/actor/lib/test/auto/SetVariable3.xml
----------------- Instantiating /home/travis/build/icyphy/ptII/ptolemy/actor/lib/test/auto/SetVariable3.xml
6 ms. Memory: 465920K Free: 167565K (36%)
----------------- Invoking toplevel() on ptolemy.moml.MoMLSimpleApplication@206dd3c7
----------------- Done invoking toplevel() on ptolemy.moml.MoMLSimpleApplication@206dd3c7
reloadAllAccessors: .SetVariable3

===========================================================================================
----------------- testing Thu Jun 18 14:48:09 UTC 2020 /home/travis/build/icyphy/ptII/ptolemy/actor/lib/test/auto/SetVariable4.xml
----------------- Instantiating /home/travis/build/icyphy/ptII/ptolemy/actor/lib/test/auto/SetVariable4.xml
15 ms. Memory: 465920K Free: 158349K (34%)
----------------- Invoking toplevel() on ptolemy.moml.MoMLSimpleApplication@652baf0f
----------------- Done invoking toplevel() on ptolemy.moml.MoMLSimpleApplication@652baf0f
reloadAllAccessors: .SetVariable4

===========================================================================================
----------------- testing Thu Jun 18 14:48:09 UTC 2020 /home/travis/build/icyphy/ptII/ptolemy/actor/lib/test/auto/SetVariable5.xml
----------------- Instantiating /home/travis/build/icyphy/ptII/ptolemy/actor/lib/test/auto/SetVariable5.xml
18 ms. Memory: 465920K Free: 149133K (32%)
----------------- Invoking toplevel() on ptolemy.moml.MoMLSimpleApplication@671c31dd
----------------- Done invoking toplevel() on ptolemy.moml.MoMLSimpleApplication@671c31dd
reloadAllAccessors: .SetVariable5

===========================================================================================
----------------- testing Thu Jun 18 14:48:09 UTC 2020 /home/travis/build/icyphy/ptII/ptolemy/actor/lib/test/auto/Sinewave.xml
----------------- Instantiating /home/travis/build/icyphy/ptII/ptolemy/actor/lib/test/auto/Sinewave.xml
4 ms. Memory: 465920K Free: 407702K (88%)
----------------- Invoking toplevel() on ptolemy.moml.MoMLSimpleApplication@4426b5ef
----------------- Done invoking toplevel() on ptolemy.moml.MoMLSimpleApplication@4426b5ef
reloadAllAccessors: .Sinewave

===========================================================================================
----------------- testing Thu Jun 18 14:48:09 UTC 2020 /home/travis/build/icyphy/ptII/ptolemy/actor/lib/test/auto/Sinewave2.xml
----------------- Instantiating /home/travis/build/icyphy/ptII/ptolemy/actor/lib/test/auto/Sinewave2.xml
6 ms. Memory: 465920K Free: 398982K (86%)
----------------- Invoking toplevel() on ptolemy.moml.MoMLSimpleApplication@7a7e4c43
----------------- Done invoking toplevel() on ptolemy.moml.MoMLSimpleApplication@7a7e4c43
reloadAllAccessors: .Sinewave2

===========================================================================================
----------------- testing Thu Jun 18 14:48:09 UTC 2020 /home/travis/build/icyphy/ptII/ptolemy/actor/lib/test/auto/Sinewave3.xml
----------------- Instantiating /home/travis/build/icyphy/ptII/ptolemy/actor/lib/test/auto/Sinewave3.xml
10 ms. Memory: 465920K Free: 390774K (84%)
----------------- Invoking toplevel() on ptolemy.moml.MoMLSimpleApplication@763d49e1
----------------- Done invoking toplevel() on ptolemy.moml.MoMLSimpleApplication@763d49e1
reloadAllAccessors: .Sinewave3

===========================================================================================
----------------- testing Thu Jun 18 14:48:09 UTC 2020 /home/travis/build/icyphy/ptII/ptolemy/actor/lib/test/auto/SingleEvent.xml
----------------- Instantiating /home/travis/build/icyphy/ptII/ptolemy/actor/lib/test/auto/SingleEvent.xml
1 ms. Memory: 465920K Free: 386708K (83%)
----------------- Invoking toplevel() on ptolemy.moml.MoMLSimpleApplication@18f36754
----------------- Done invoking toplevel() on ptolemy.moml.MoMLSimpleApplication@18f36754
reloadAllAccessors: .SingleEvent

===========================================================================================
----------------- testing Thu Jun 18 14:48:09 UTC 2020 /home/travis/build/icyphy/ptII/ptolemy/actor/lib/test/auto/Sleep.xml
----------------- Instantiating /home/travis/build/icyphy/ptII/ptolemy/actor/lib/test/auto/Sleep.xml
6003 ms. Memory: 465920K Free: 380534K (82%)
----------------- Invoking toplevel() on ptolemy.moml.MoMLSimpleApplication@2382e05e
----------------- Done invoking toplevel() on ptolemy.moml.MoMLSimpleApplication@2382e05e
reloadAllAccessors: .Sleep

===========================================================================================
----------------- testing Thu Jun 18 14:48:15 UTC 2020 /home/travis/build/icyphy/ptII/ptolemy/actor/lib/test/auto/SleepMultipleFire.xml
----------------- Instantiating /home/travis/build/icyphy/ptII/ptolemy/actor/lib/test/auto/SleepMultipleFire.xml
1005 ms. Memory: 465920K Free: 374934K (80%)
----------------- Invoking toplevel() on ptolemy.moml.MoMLSimpleApplication@1b1b131b
----------------- Done invoking toplevel() on ptolemy.moml.MoMLSimpleApplication@1b1b131b
reloadAllAccessors: .SleepMultipleFire

===========================================================================================
----------------- testing Thu Jun 18 14:48:16 UTC 2020 /home/travis/build/icyphy/ptII/ptolemy/actor/lib/test/auto/StopDE.xml
----------------- Instantiating /home/travis/build/icyphy/ptII/ptolemy/actor/lib/test/auto/StopDE.xml
5 ms. Memory: 465920K Free: 369300K (79%)
----------------- Invoking toplevel() on ptolemy.moml.MoMLSimpleApplication@182d02ea
----------------- Done invoking toplevel() on ptolemy.moml.MoMLSimpleApplication@182d02ea
reloadAllAccessors: .StopDE

===========================================================================================
----------------- testing Thu Jun 18 14:48:16 UTC 2020 /home/travis/build/icyphy/ptII/ptolemy/actor/lib/test/auto/StopSDF.xml
----------------- Instantiating /home/travis/build/icyphy/ptII/ptolemy/actor/lib/test/auto/StopSDF.xml
7 ms. Memory: 465920K Free: 364180K (78%)
----------------- Invoking toplevel() on ptolemy.moml.MoMLSimpleApplication@488e7d20
----------------- Done invoking toplevel() on ptolemy.moml.MoMLSimpleApplication@488e7d20
reloadAllAccessors: .StopSDF

===========================================================================================
----------------- testing Thu Jun 18 14:48:16 UTC 2020 /home/travis/build/icyphy/ptII/ptolemy/actor/lib/test/auto/StringConstant.xml
----------------- Instantiating /home/travis/build/icyphy/ptII/ptolemy/actor/lib/test/auto/StringConstant.xml
8 ms. Memory: 465920K Free: 359572K (77%)
----------------- Invoking toplevel() on ptolemy.moml.MoMLSimpleApplication@52d60251
----------------- Done invoking toplevel() on ptolemy.moml.MoMLSimpleApplication@52d60251
reloadAllAccessors: .StringConstant

===========================================================================================
----------------- testing Thu Jun 18 14:48:16 UTC 2020 /home/travis/build/icyphy/ptII/ptolemy/actor/lib/test/auto/SubscriberPortInitialValues1.xml
----------------- Instantiating /home/travis/build/icyphy/ptII/ptolemy/actor/lib/test/auto/SubscriberPortInitialValues1.xml
6 ms. Memory: 465920K Free: 350868K (75%)
----------------- Invoking toplevel() on ptolemy.moml.MoMLSimpleApplication@5330cee8
----------------- Done invoking toplevel() on ptolemy.moml.MoMLSimpleApplication@5330cee8
reloadAllAccessors: .SubscriberPortInitialValues1

===========================================================================================
----------------- testing Thu Jun 18 14:48:16 UTC 2020 /home/travis/build/icyphy/ptII/ptolemy/actor/lib/test/auto/SubscriberPortInitialValues13.xml
----------------- Instantiating /home/travis/build/icyphy/ptII/ptolemy/actor/lib/test/auto/SubscriberPortInitialValues13.xml
5 ms. Memory: 465920K Free: 338070K (73%)
----------------- Invoking toplevel() on ptolemy.moml.MoMLSimpleApplication@7d29a8c3
----------------- Done invoking toplevel() on ptolemy.moml.MoMLSimpleApplication@7d29a8c3
reloadAllAccessors: .SubscriberPortInitialValues13

===========================================================================================
----------------- testing Thu Jun 18 14:48:16 UTC 2020 /home/travis/build/icyphy/ptII/ptolemy/actor/lib/test/auto/SubscriberPortInitialValues14.xml
----------------- Instantiating /home/travis/build/icyphy/ptII/ptolemy/actor/lib/test/auto/SubscriberPortInitialValues14.xml
4 ms. Memory: 465920K Free: 330388K (71%)
----------------- Invoking toplevel() on ptolemy.moml.MoMLSimpleApplication@781f0265
----------------- Done invoking toplevel() on ptolemy.moml.MoMLSimpleApplication@781f0265
reloadAllAccessors: .SubscriberPortInitialValues14

===========================================================================================
----------------- testing Thu Jun 18 14:48:16 UTC 2020 /home/travis/build/icyphy/ptII/ptolemy/actor/lib/test/auto/SubscriberPortInitialValues2.xml
----------------- Instantiating /home/travis/build/icyphy/ptII/ptolemy/actor/lib/test/auto/SubscriberPortInitialValues2.xml
4 ms. Memory: 465920K Free: 322196K (69%)
----------------- Invoking toplevel() on ptolemy.moml.MoMLSimpleApplication@7ff0bcc8
----------------- Done invoking toplevel() on ptolemy.moml.MoMLSimpleApplication@7ff0bcc8
reloadAllAccessors: .SubscriberPortInitialValues2

===========================================================================================
----------------- testing Thu Jun 18 14:48:16 UTC 2020 /home/travis/build/icyphy/ptII/ptolemy/actor/lib/test/auto/SubscriberPortInitialValues3.xml
----------------- Instantiating /home/travis/build/icyphy/ptII/ptolemy/actor/lib/test/auto/SubscriberPortInitialValues3.xml
4 ms. Memory: 465920K Free: 311446K (67%)
----------------- Invoking toplevel() on ptolemy.moml.MoMLSimpleApplication@2249c1e5
----------------- Done invoking toplevel() on ptolemy.moml.MoMLSimpleApplication@2249c1e5
reloadAllAccessors: .SubscriberPortInitialValues3

===========================================================================================
----------------- testing Thu Jun 18 14:48:16 UTC 2020 /home/travis/build/icyphy/ptII/ptolemy/actor/lib/test/auto/SubscriptionAggregator.xml
----------------- Instantiating /home/travis/build/icyphy/ptII/ptolemy/actor/lib/test/auto/SubscriptionAggregator.xml
3 ms. Memory: 465920K Free: 304774K (65%)
----------------- Invoking toplevel() on ptolemy.moml.MoMLSimpleApplication@67c90cfc
----------------- Done invoking toplevel() on ptolemy.moml.MoMLSimpleApplication@67c90cfc
reloadAllAccessors: .SubscriptionAggregator

===========================================================================================
----------------- testing Thu Jun 18 14:48:16 UTC 2020 /home/travis/build/icyphy/ptII/ptolemy/actor/lib/test/auto/SubscriptionAggregator2.xml
----------------- Instantiating /home/travis/build/icyphy/ptII/ptolemy/actor/lib/test/auto/SubscriptionAggregator2.xml
2 ms. Memory: 465920K Free: 298134K (64%)
----------------- Invoking toplevel() on ptolemy.moml.MoMLSimpleApplication@5ef7861
----------------- Done invoking toplevel() on ptolemy.moml.MoMLSimpleApplication@5ef7861
reloadAllAccessors: .SubscriptionAggregator2

===========================================================================================
----------------- testing Thu Jun 18 14:48:16 UTC 2020 /home/travis/build/icyphy/ptII/ptolemy/actor/lib/test/auto/SubscriptionAggregator3.xml
----------------- Instantiating /home/travis/build/icyphy/ptII/ptolemy/actor/lib/test/auto/SubscriptionAggregator3.xml
4 ms. Memory: 465920K Free: 288918K (62%)
----------------- Invoking toplevel() on ptolemy.moml.MoMLSimpleApplication@7ea8b651
----------------- Done invoking toplevel() on ptolemy.moml.MoMLSimpleApplication@7ea8b651
reloadAllAccessors: .SubscriptionAggregator3

===========================================================================================
----------------- testing Thu Jun 18 14:48:16 UTC 2020 /home/travis/build/icyphy/ptII/ptolemy/actor/lib/test/auto/SubscriptionAggregatorMultiply.xml
----------------- Instantiating /home/travis/build/icyphy/ptII/ptolemy/actor/lib/test/auto/SubscriptionAggregatorMultiply.xml
3 ms. Memory: 465920K Free: 280726K (60%)
----------------- Invoking toplevel() on ptolemy.moml.MoMLSimpleApplication@4c571ceb
----------------- Done invoking toplevel() on ptolemy.moml.MoMLSimpleApplication@4c571ceb
reloadAllAccessors: .SubscriptionAggregatorMultiply

===========================================================================================
----------------- testing Thu Jun 18 14:48:16 UTC 2020 /home/travis/build/icyphy/ptII/ptolemy/actor/lib/test/auto/SubscriptionAggregatorPortMultiply1.xml
----------------- Instantiating /home/travis/build/icyphy/ptII/ptolemy/actor/lib/test/auto/SubscriptionAggregatorPortMultiply1.xml
3 ms. Memory: 465920K Free: 273044K (59%)
----------------- Invoking toplevel() on ptolemy.moml.MoMLSimpleApplication@5350966c
----------------- Done invoking toplevel() on ptolemy.moml.MoMLSimpleApplication@5350966c
reloadAllAccessors: .SubscriptionAggregatorPortMultiply1

===========================================================================================
----------------- testing Thu Jun 18 14:48:16 UTC 2020 /home/travis/build/icyphy/ptII/ptolemy/actor/lib/test/auto/Switch.xml
----------------- Instantiating /home/travis/build/icyphy/ptII/ptolemy/actor/lib/test/auto/Switch.xml
7 ms. Memory: 465920K Free: 264852K (57%)
----------------- Invoking toplevel() on ptolemy.moml.MoMLSimpleApplication@1a90f00c
----------------- Done invoking toplevel() on ptolemy.moml.MoMLSimpleApplication@1a90f00c
reloadAllAccessors: .Switch

===========================================================================================
----------------- testing Thu Jun 18 14:48:16 UTC 2020 /home/travis/build/icyphy/ptII/ptolemy/actor/lib/test/auto/Switch2.xml
----------------- Instantiating /home/travis/build/icyphy/ptII/ptolemy/actor/lib/test/auto/Switch2.xml
1 ms. Memory: 465920K Free: 259732K (56%)
----------------- Invoking toplevel() on ptolemy.moml.MoMLSimpleApplication@4366df9d
----------------- Done invoking toplevel() on ptolemy.moml.MoMLSimpleApplication@4366df9d
reloadAllAccessors: .Switch2

===========================================================================================
----------------- testing Thu Jun 18 14:48:16 UTC 2020 /home/travis/build/icyphy/ptII/ptolemy/actor/lib/test/auto/SwitchDE.xml
----------------- Instantiating /home/travis/build/icyphy/ptII/ptolemy/actor/lib/test/auto/SwitchDE.xml
4 ms. Memory: 465920K Free: 253574K (54%)
----------------- Invoking toplevel() on ptolemy.moml.MoMLSimpleApplication@58b32510
----------------- Done invoking toplevel() on ptolemy.moml.MoMLSimpleApplication@58b32510
reloadAllAccessors: .SwitchDE

===========================================================================================
----------------- testing Thu Jun 18 14:48:16 UTC 2020 /home/travis/build/icyphy/ptII/ptolemy/actor/lib/test/auto/SynchronizerDE.xml
----------------- Instantiating /home/travis/build/icyphy/ptII/ptolemy/actor/lib/test/auto/SynchronizerDE.xml
7 ms. Memory: 465920K Free: 245366K (53%)
----------------- Invoking toplevel() on ptolemy.moml.MoMLSimpleApplication@4b7fd535
----------------- Done invoking toplevel() on ptolemy.moml.MoMLSimpleApplication@4b7fd535
reloadAllAccessors: .SynchronizerDE

===========================================================================================
----------------- testing Thu Jun 18 14:48:16 UTC 2020 /home/travis/build/icyphy/ptII/ptolemy/actor/lib/test/auto/Test.xml
----------------- Instantiating /home/travis/build/icyphy/ptII/ptolemy/actor/lib/test/auto/Test.xml
2 ms. Memory: 465920K Free: 239766K (51%)
----------------- Invoking toplevel() on ptolemy.moml.MoMLSimpleApplication@37a2f55a
----------------- Done invoking toplevel() on ptolemy.moml.MoMLSimpleApplication@37a2f55a
reloadAllAccessors: .Test

===========================================================================================
----------------- testing Thu Jun 18 14:48:16 UTC 2020 /home/travis/build/icyphy/ptII/ptolemy/actor/lib/test/auto/TestExceptionAttribute1.xml
----------------- Instantiating /home/travis/build/icyphy/ptII/ptolemy/actor/lib/test/auto/TestExceptionAttribute1.xml
2 ms. Memory: 465920K Free: 235156K (50%)
----------------- Invoking toplevel() on ptolemy.moml.MoMLSimpleApplication@e5753d5
----------------- Done invoking toplevel() on ptolemy.moml.MoMLSimpleApplication@e5753d5
reloadAllAccessors: .TestExceptionAttribute1

===========================================================================================
----------------- testing Thu Jun 18 14:48:16 UTC 2020 /home/travis/build/icyphy/ptII/ptolemy/actor/lib/test/auto/TestExceptionAttribute2.xml
----------------- Instantiating /home/travis/build/icyphy/ptII/ptolemy/actor/lib/test/auto/TestExceptionAttribute2.xml
1 ms. Memory: 465920K Free: 231574K (50%)
----------------- Invoking toplevel() on ptolemy.moml.MoMLSimpleApplication@61c8324c
----------------- Done invoking toplevel() on ptolemy.moml.MoMLSimpleApplication@61c8324c
reloadAllAccessors: .TestExceptionAttribute2

===========================================================================================
----------------- testing Thu Jun 18 14:48:16 UTC 2020 /home/travis/build/icyphy/ptII/ptolemy/actor/lib/test/auto/TestExceptionAttribute3.xml
----------------- Instantiating /home/travis/build/icyphy/ptII/ptolemy/actor/lib/test/auto/TestExceptionAttribute3.xml
.TestExceptionAttribute3.TestExceptionAttribute: initialize() was not invoked, but wrapup() was.  This is unusual, but not always a problem.  For example, exporting JNLP will do this.
1 ms. Memory: 465920K Free: 227478K (49%)
----------------- Invoking toplevel() on ptolemy.moml.MoMLSimpleApplication@5f2a4849
----------------- Done invoking toplevel() on ptolemy.moml.MoMLSimpleApplication@5f2a4849
reloadAllAccessors: .TestExceptionAttribute3

===========================================================================================
----------------- testing Thu Jun 18 14:48:16 UTC 2020 /home/travis/build/icyphy/ptII/ptolemy/actor/lib/test/auto/TestExceptionAttribute4.xml
----------------- Instantiating /home/travis/build/icyphy/ptII/ptolemy/actor/lib/test/auto/TestExceptionAttribute4.xml
.TestExceptionAttribute4.TestExceptionAttribute: initialize() was not invoked, but wrapup() was.  This is unusual, but not always a problem.  For example, exporting JNLP will do this.
.TestExceptionAttribute4.TestExceptionAttribute2: initialize() was not invoked, but wrapup() was.  This is unusual, but not always a problem.  For example, exporting JNLP will do this.
1 ms. Memory: 465920K Free: 223382K (48%)
----------------- Invoking toplevel() on ptolemy.moml.MoMLSimpleApplication@11a6e142
----------------- Done invoking toplevel() on ptolemy.moml.MoMLSimpleApplication@11a6e142
reloadAllAccessors: .TestExceptionAttribute4

===========================================================================================
----------------- testing Thu Jun 18 14:48:16 UTC 2020 /home/travis/build/icyphy/ptII/ptolemy/actor/lib/test/auto/TestExceptionHandler1.xml
----------------- Instantiating /home/travis/build/icyphy/ptII/ptolemy/actor/lib/test/auto/TestExceptionHandler1.xml
1 ms. Memory: 465920K Free: 219796K (47%)
----------------- Invoking toplevel() on ptolemy.moml.MoMLSimpleApplication@5c0de709
----------------- Done invoking toplevel() on ptolemy.moml.MoMLSimpleApplication@5c0de709
reloadAllAccessors: .TestExceptionHandler1

===========================================================================================
----------------- testing Thu Jun 18 14:48:16 UTC 2020 /home/travis/build/icyphy/ptII/ptolemy/actor/lib/test/auto/TestExceptionHandler2.xml
----------------- Instantiating /home/travis/build/icyphy/ptII/ptolemy/actor/lib/test/auto/TestExceptionHandler2.xml
1 ms. Memory: 465920K Free: 216214K (46%)
----------------- Invoking toplevel() on ptolemy.moml.MoMLSimpleApplication@125b4842
----------------- Done invoking toplevel() on ptolemy.moml.MoMLSimpleApplication@125b4842
reloadAllAccessors: .TestExceptionHandler2

===========================================================================================
----------------- testing Thu Jun 18 14:48:16 UTC 2020 /home/travis/build/icyphy/ptII/ptolemy/actor/lib/test/auto/TestExceptionHandler3.xml
----------------- Instantiating /home/travis/build/icyphy/ptII/ptolemy/actor/lib/test/auto/TestExceptionHandler3.xml
1 ms. Memory: 465920K Free: 212118K (46%)
----------------- Invoking toplevel() on ptolemy.moml.MoMLSimpleApplication@3f68384d
----------------- Done invoking toplevel() on ptolemy.moml.MoMLSimpleApplication@3f68384d
reloadAllAccessors: .TestExceptionHandler3

===========================================================================================
----------------- testing Thu Jun 18 14:48:16 UTC 2020 /home/travis/build/icyphy/ptII/ptolemy/actor/lib/test/auto/TestExceptionHandler4.xml
----------------- Instantiating /home/travis/build/icyphy/ptII/ptolemy/actor/lib/test/auto/TestExceptionHandler4.xml
0 ms. Memory: 465920K Free: 208022K (45%)
----------------- Invoking toplevel() on ptolemy.moml.MoMLSimpleApplication@22f3df12
----------------- Done invoking toplevel() on ptolemy.moml.MoMLSimpleApplication@22f3df12
reloadAllAccessors: .TestExceptionHandler4

===========================================================================================
----------------- testing Thu Jun 18 14:48:16 UTC 2020 /home/travis/build/icyphy/ptII/ptolemy/actor/lib/test/auto/TestRequireCorrectOrder.xml
----------------- Instantiating /home/travis/build/icyphy/ptII/ptolemy/actor/lib/test/auto/TestRequireCorrectOrder.xml
12 ms. Memory: 465920K Free: 202902K (44%)
----------------- Invoking toplevel() on ptolemy.moml.MoMLSimpleApplication@2c0b3bf9
----------------- Done invoking toplevel() on ptolemy.moml.MoMLSimpleApplication@2c0b3bf9
reloadAllAccessors: .TestRequireCorrectOrder

===========================================================================================
----------------- testing Thu Jun 18 14:48:16 UTC 2020 /home/travis/build/icyphy/ptII/ptolemy/actor/lib/test/auto/TestSimple.xml
----------------- Instantiating /home/travis/build/icyphy/ptII/ptolemy/actor/lib/test/auto/TestSimple.xml
2 ms. Memory: 465920K Free: 198292K (43%)
----------------- Invoking toplevel() on ptolemy.moml.MoMLSimpleApplication@3f511c8f
----------------- Done invoking toplevel() on ptolemy.moml.MoMLSimpleApplication@3f511c8f
reloadAllAccessors: .TestSimple

===========================================================================================
----------------- testing Thu Jun 18 14:48:16 UTC 2020 /home/travis/build/icyphy/ptII/ptolemy/actor/lib/test/auto/ThrowModelError.xml
----------------- Instantiating /home/travis/build/icyphy/ptII/ptolemy/actor/lib/test/auto/ThrowModelError.xml
1 ms. Memory: 465920K Free: 193686K (42%)
----------------- Invoking toplevel() on ptolemy.moml.MoMLSimpleApplication@1f892b1f
----------------- Done invoking toplevel() on ptolemy.moml.MoMLSimpleApplication@1f892b1f
reloadAllAccessors: .ThrowModelError

===========================================================================================
----------------- testing Thu Jun 18 14:48:16 UTC 2020 /home/travis/build/icyphy/ptII/ptolemy/actor/lib/test/auto/TimeDelayMicrosteps.xml
----------------- Instantiating /home/travis/build/icyphy/ptII/ptolemy/actor/lib/test/auto/TimeDelayMicrosteps.xml
6 ms. Memory: 465920K Free: 187022K (40%)
----------------- Invoking toplevel() on ptolemy.moml.MoMLSimpleApplication@af8d505
----------------- Done invoking toplevel() on ptolemy.moml.MoMLSimpleApplication@af8d505
reloadAllAccessors: .TimeDelayMicrosteps

===========================================================================================
----------------- testing Thu Jun 18 14:48:16 UTC 2020 /home/travis/build/icyphy/ptII/ptolemy/actor/lib/test/auto/TimeDelayMicrosteps2.xml
----------------- Instantiating /home/travis/build/icyphy/ptII/ptolemy/actor/lib/test/auto/TimeDelayMicrosteps2.xml
4 ms. Memory: 465920K Free: 179350K (38%)
----------------- Invoking toplevel() on ptolemy.moml.MoMLSimpleApplication@4a750482
----------------- Done invoking toplevel() on ptolemy.moml.MoMLSimpleApplication@4a750482
reloadAllAccessors: .TimeDelayMicrosteps2

===========================================================================================
----------------- testing Thu Jun 18 14:48:16 UTC 2020 /home/travis/build/icyphy/ptII/ptolemy/actor/lib/test/auto/TimeDelayMicrosteps3.xml
----------------- Instantiating /home/travis/build/icyphy/ptII/ptolemy/actor/lib/test/auto/TimeDelayMicrosteps3.xml
3 ms. Memory: 465920K Free: 172662K (37%)
----------------- Invoking toplevel() on ptolemy.moml.MoMLSimpleApplication@45990889
----------------- Done invoking toplevel() on ptolemy.moml.MoMLSimpleApplication@45990889
reloadAllAccessors: .TimeDelayMicrosteps3

===========================================================================================
----------------- testing Thu Jun 18 14:48:16 UTC 2020 /home/travis/build/icyphy/ptII/ptolemy/actor/lib/test/auto/TimeDelayVariableMicrosteps.xml
----------------- Instantiating /home/travis/build/icyphy/ptII/ptolemy/actor/lib/test/auto/TimeDelayVariableMicrosteps.xml
4 ms. Memory: 465920K Free: 166548K (36%)
----------------- Invoking toplevel() on ptolemy.moml.MoMLSimpleApplication@62d23b4c
----------------- Done invoking toplevel() on ptolemy.moml.MoMLSimpleApplication@62d23b4c
reloadAllAccessors: .TimeDelayVariableMicrosteps

===========================================================================================
----------------- testing Thu Jun 18 14:48:16 UTC 2020 /home/travis/build/icyphy/ptII/ptolemy/actor/lib/test/auto/TimeGap.xml
----------------- Instantiating /home/travis/build/icyphy/ptII/ptolemy/actor/lib/test/auto/TimeGap.xml
3 ms. Memory: 465920K Free: 160918K (35%)
----------------- Invoking toplevel() on ptolemy.moml.MoMLSimpleApplication@4ba00a41
----------------- Done invoking toplevel() on ptolemy.moml.MoMLSimpleApplication@4ba00a41
reloadAllAccessors: .TimeGap

===========================================================================================
----------------- testing Thu Jun 18 14:48:16 UTC 2020 /home/travis/build/icyphy/ptII/ptolemy/actor/lib/test/auto/TimeGap2.xml
----------------- Instantiating /home/travis/build/icyphy/ptII/ptolemy/actor/lib/test/auto/TimeGap2.xml
2 ms. Memory: 465920K Free: 155278K (33%)
----------------- Invoking toplevel() on ptolemy.moml.MoMLSimpleApplication@5ddf8e17
----------------- Done invoking toplevel() on ptolemy.moml.MoMLSimpleApplication@5ddf8e17
reloadAllAccessors: .TimeGap2

===========================================================================================
----------------- testing Thu Jun 18 14:48:16 UTC 2020 /home/travis/build/icyphy/ptII/ptolemy/actor/lib/test/auto/TimedSinewave.xml
----------------- Instantiating /home/travis/build/icyphy/ptII/ptolemy/actor/lib/test/auto/TimedSinewave.xml
13 ms. Memory: 465920K Free: 140948K (30%)
----------------- Invoking toplevel() on ptolemy.moml.MoMLSimpleApplication@2356f6ad
----------------- Done invoking toplevel() on ptolemy.moml.MoMLSimpleApplication@2356f6ad
reloadAllAccessors: .TimedSinewave

===========================================================================================
----------------- testing Thu Jun 18 14:48:16 UTC 2020 /home/travis/build/icyphy/ptII/ptolemy/actor/lib/test/auto/TimedSinewavePhase.xml
----------------- Instantiating /home/travis/build/icyphy/ptII/ptolemy/actor/lib/test/auto/TimedSinewavePhase.xml
10 ms. Memory: 465920K Free: 406702K (87%)
----------------- Invoking toplevel() on ptolemy.moml.MoMLSimpleApplication@319373a1
----------------- Done invoking toplevel() on ptolemy.moml.MoMLSimpleApplication@319373a1
reloadAllAccessors: .TimedSinewavePhase

===========================================================================================
----------------- testing Thu Jun 18 14:48:16 UTC 2020 /home/travis/build/icyphy/ptII/ptolemy/actor/lib/test/auto/Timer.xml
----------------- Instantiating /home/travis/build/icyphy/ptII/ptolemy/actor/lib/test/auto/Timer.xml
1 ms. Memory: 465920K Free: 400552K (86%)
----------------- Invoking toplevel() on ptolemy.moml.MoMLSimpleApplication@3c577d4d
----------------- Done invoking toplevel() on ptolemy.moml.MoMLSimpleApplication@3c577d4d
reloadAllAccessors: .Timer

===========================================================================================
----------------- testing Thu Jun 18 14:48:16 UTC 2020 /home/travis/build/icyphy/ptII/ptolemy/actor/lib/test/auto/TriangularDistTestModel.xml
----------------- Instantiating /home/travis/build/icyphy/ptII/ptolemy/actor/lib/test/auto/TriangularDistTestModel.xml
1 ms. Memory: 465920K Free: 394400K (85%)
----------------- Invoking toplevel() on ptolemy.moml.MoMLSimpleApplication@60cf51ed
----------------- Done invoking toplevel() on ptolemy.moml.MoMLSimpleApplication@60cf51ed
reloadAllAccessors: .TriangularDistTestModel

===========================================================================================
----------------- testing Thu Jun 18 14:48:17 UTC 2020 /home/travis/build/icyphy/ptII/ptolemy/actor/lib/test/auto/TrigFunction.xml
----------------- Instantiating /home/travis/build/icyphy/ptII/ptolemy/actor/lib/test/auto/TrigFunction.xml
1 ms. Memory: 465920K Free: 389294K (84%)
----------------- Invoking toplevel() on ptolemy.moml.MoMLSimpleApplication@6b683ed8
----------------- Done invoking toplevel() on ptolemy.moml.MoMLSimpleApplication@6b683ed8
reloadAllAccessors: .TrigFunction

===========================================================================================
----------------- testing Thu Jun 18 14:48:17 UTC 2020 /home/travis/build/icyphy/ptII/ptolemy/actor/lib/test/auto/TrigFunctionDE.xml
----------------- Instantiating /home/travis/build/icyphy/ptII/ptolemy/actor/lib/test/auto/TrigFunctionDE.xml
1 ms. Memory: 465920K Free: 383664K (82%)
----------------- Invoking toplevel() on ptolemy.moml.MoMLSimpleApplication@77e6d6b9
----------------- Done invoking toplevel() on ptolemy.moml.MoMLSimpleApplication@77e6d6b9
reloadAllAccessors: .TrigFunctionDE

===========================================================================================
----------------- testing Thu Jun 18 14:48:17 UTC 2020 /home/travis/build/icyphy/ptII/ptolemy/actor/lib/test/auto/TrigFunctionInverse.xml
----------------- Instantiating /home/travis/build/icyphy/ptII/ptolemy/actor/lib/test/auto/TrigFunctionInverse.xml
2 ms. Memory: 465920K Free: 378030K (81%)
----------------- Invoking toplevel() on ptolemy.moml.MoMLSimpleApplication@75bfb6ab
----------------- Done invoking toplevel() on ptolemy.moml.MoMLSimpleApplication@75bfb6ab
reloadAllAccessors: .TrigFunctionInverse

===========================================================================================
----------------- testing Thu Jun 18 14:48:17 UTC 2020 /home/travis/build/icyphy/ptII/ptolemy/actor/lib/test/auto/TrigFunctionTan.xml
----------------- Instantiating /home/travis/build/icyphy/ptII/ptolemy/actor/lib/test/auto/TrigFunctionTan.xml
1 ms. Memory: 465920K Free: 373934K (80%)
----------------- Invoking toplevel() on ptolemy.moml.MoMLSimpleApplication@5744cbea
----------------- Done invoking toplevel() on ptolemy.moml.MoMLSimpleApplication@5744cbea
reloadAllAccessors: .TrigFunctionTan

===========================================================================================
----------------- testing Thu Jun 18 14:48:17 UTC 2020 /home/travis/build/icyphy/ptII/ptolemy/actor/lib/test/auto/TriggeredClock.xml
----------------- Instantiating /home/travis/build/icyphy/ptII/ptolemy/actor/lib/test/auto/TriggeredClock.xml
1 ms. Memory: 465920K Free: 367784K (79%)
----------------- Invoking toplevel() on ptolemy.moml.MoMLSimpleApplication@5e77877a
----------------- Done invoking toplevel() on ptolemy.moml.MoMLSimpleApplication@5e77877a
reloadAllAccessors: .TriggeredClock

===========================================================================================
----------------- testing Thu Jun 18 14:48:17 UTC 2020 /home/travis/build/icyphy/ptII/ptolemy/actor/lib/test/auto/URLDirectoryReader.xml
----------------- Instantiating /home/travis/build/icyphy/ptII/ptolemy/actor/lib/test/auto/URLDirectoryReader.xml
41 ms. Memory: 465920K Free: 359598K (77%)
----------------- Invoking toplevel() on ptolemy.moml.MoMLSimpleApplication@5401c4da
----------------- Done invoking toplevel() on ptolemy.moml.MoMLSimpleApplication@5401c4da
reloadAllAccessors: .URLDirectoryReader

===========================================================================================
----------------- testing Thu Jun 18 14:48:17 UTC 2020 /home/travis/build/icyphy/ptII/ptolemy/actor/lib/test/auto/URLDirectoryReader3.xml
----------------- Instantiating /home/travis/build/icyphy/ptII/ptolemy/actor/lib/test/auto/URLDirectoryReader3.xml
1347 ms. Memory: 465920K Free: 405428K (87%)
----------------- Invoking toplevel() on ptolemy.moml.MoMLSimpleApplication@12186122
----------------- Done invoking toplevel() on ptolemy.moml.MoMLSimpleApplication@12186122
reloadAllAccessors: .URLDirectoryReader3

===========================================================================================
----------------- testing Thu Jun 18 14:48:18 UTC 2020 /home/travis/build/icyphy/ptII/ptolemy/actor/lib/test/auto/UnaryMathFunction.xml
----------------- Instantiating /home/travis/build/icyphy/ptII/ptolemy/actor/lib/test/auto/UnaryMathFunction.xml
2 ms. Memory: 465920K Free: 397234K (85%)
----------------- Invoking toplevel() on ptolemy.moml.MoMLSimpleApplication@55e5bf23
----------------- Done invoking toplevel() on ptolemy.moml.MoMLSimpleApplication@55e5bf23
reloadAllAccessors: .UnaryMathFunction

===========================================================================================
----------------- testing Thu Jun 18 14:48:18 UTC 2020 /home/travis/build/icyphy/ptII/ptolemy/actor/lib/test/auto/Uniform.xml
----------------- Instantiating /home/travis/build/icyphy/ptII/ptolemy/actor/lib/test/auto/Uniform.xml
2 ms. Memory: 465920K Free: 392624K (84%)
----------------- Invoking toplevel() on ptolemy.moml.MoMLSimpleApplication@3bcc579c
----------------- Done invoking toplevel() on ptolemy.moml.MoMLSimpleApplication@3bcc579c
reloadAllAccessors: .Uniform

===========================================================================================
----------------- testing Thu Jun 18 14:48:18 UTC 2020 /home/travis/build/icyphy/ptII/ptolemy/actor/lib/test/auto/UnionDisassemblerTest.xml
----------------- Instantiating /home/travis/build/icyphy/ptII/ptolemy/actor/lib/test/auto/UnionDisassemblerTest.xml
17 ms. Memory: 465920K Free: 388514K (83%)
----------------- Invoking toplevel() on ptolemy.moml.MoMLSimpleApplication@1a7e75dc
----------------- Done invoking toplevel() on ptolemy.moml.MoMLSimpleApplication@1a7e75dc
reloadAllAccessors: .UnionDisassemblerTest

===========================================================================================
----------------- testing Thu Jun 18 14:48:18 UTC 2020 /home/travis/build/icyphy/ptII/ptolemy/actor/lib/test/auto/UtilityFunctions.xml
----------------- Instantiating /home/travis/build/icyphy/ptII/ptolemy/actor/lib/test/auto/UtilityFunctions.xml
1 ms. Memory: 465920K Free: 384946K (83%)
----------------- Invoking toplevel() on ptolemy.moml.MoMLSimpleApplication@593dea5
----------------- Done invoking toplevel() on ptolemy.moml.MoMLSimpleApplication@593dea5
reloadAllAccessors: .UtilityFunctions

===========================================================================================
----------------- testing Thu Jun 18 14:48:18 UTC 2020 /home/travis/build/icyphy/ptII/ptolemy/actor/lib/test/auto/VariableSleep.xml
----------------- Instantiating /home/travis/build/icyphy/ptII/ptolemy/actor/lib/test/auto/VariableSleep.xml
503 ms. Memory: 465920K Free: 379826K (82%)
----------------- Invoking toplevel() on ptolemy.moml.MoMLSimpleApplication@5e086a69
----------------- Done invoking toplevel() on ptolemy.moml.MoMLSimpleApplication@5e086a69
reloadAllAccessors: .VariableSleep

===========================================================================================
----------------- testing Thu Jun 18 14:48:19 UTC 2020 /home/travis/build/icyphy/ptII/ptolemy/actor/lib/test/auto/VectorAssemblerDisassemblerCT.xml
----------------- Instantiating /home/travis/build/icyphy/ptII/ptolemy/actor/lib/test/auto/VectorAssemblerDisassemblerCT.xml
65 ms. Memory: 465920K Free: 359346K (77%)
----------------- Invoking toplevel() on ptolemy.moml.MoMLSimpleApplication@1f266c47
----------------- Done invoking toplevel() on ptolemy.moml.MoMLSimpleApplication@1f266c47
reloadAllAccessors: .VectorAssemblerDisassemblerCT

===========================================================================================
----------------- testing Thu Jun 18 14:48:19 UTC 2020 /home/travis/build/icyphy/ptII/ptolemy/actor/lib/test/auto/VectorAssemblerDisassemblerDE.xml
----------------- Instantiating /home/travis/build/icyphy/ptII/ptolemy/actor/lib/test/auto/VectorAssemblerDisassemblerDE.xml
3 ms. Memory: 465920K Free: 352178K (76%)
----------------- Invoking toplevel() on ptolemy.moml.MoMLSimpleApplication@295a0ab4
----------------- Done invoking toplevel() on ptolemy.moml.MoMLSimpleApplication@295a0ab4
reloadAllAccessors: .VectorAssemblerDisassemblerDE

===========================================================================================
----------------- testing Thu Jun 18 14:48:19 UTC 2020 /home/travis/build/icyphy/ptII/ptolemy/actor/lib/test/auto/VectorAssemblerDisassemblerSDF.xml
----------------- Instantiating /home/travis/build/icyphy/ptII/ptolemy/actor/lib/test/auto/VectorAssemblerDisassemblerSDF.xml
2 ms. Memory: 465920K Free: 345010K (74%)
----------------- Invoking toplevel() on ptolemy.moml.MoMLSimpleApplication@469f09f3
----------------- Done invoking toplevel() on ptolemy.moml.MoMLSimpleApplication@469f09f3
reloadAllAccessors: .VectorAssemblerDisassemblerSDF

===========================================================================================
----------------- testing Thu Jun 18 14:48:19 UTC 2020 /home/travis/build/icyphy/ptII/ptolemy/actor/lib/test/auto/WallClockTime.xml
----------------- Instantiating /home/travis/build/icyphy/ptII/ptolemy/actor/lib/test/auto/WallClockTime.xml
1004 ms. Memory: 465920K Free: 339890K (73%)
----------------- Invoking toplevel() on ptolemy.moml.MoMLSimpleApplication@2f89943a
----------------- Done invoking toplevel() on ptolemy.moml.MoMLSimpleApplication@2f89943a
reloadAllAccessors: .WallClockTime

===========================================================================================
----------------- testing Thu Jun 18 14:48:20 UTC 2020 /home/travis/build/icyphy/ptII/ptolemy/actor/lib/test/auto/WidthTestWithSubscriberPublisher.xml
----------------- Instantiating /home/travis/build/icyphy/ptII/ptolemy/actor/lib/test/auto/WidthTestWithSubscriberPublisher.xml
12 ms. Memory: 465920K Free: 321968K (69%)
----------------- Invoking toplevel() on ptolemy.moml.MoMLSimpleApplication@2cc918ba
----------------- Done invoking toplevel() on ptolemy.moml.MoMLSimpleApplication@2cc918ba
reloadAllAccessors: .WidthTestWithSubscriberPublisher

===========================================================================================
----------------- testing Thu Jun 18 14:48:20 UTC 2020 /home/travis/build/icyphy/ptII/ptolemy/actor/lib/test/auto/WidthTestWithSubscriberPublisher2.xml
----------------- Instantiating /home/travis/build/icyphy/ptII/ptolemy/actor/lib/test/auto/WidthTestWithSubscriberPublisher2.xml
2 ms. Memory: 465920K Free: 315314K (68%)
----------------- Invoking toplevel() on ptolemy.moml.MoMLSimpleApplication@b6b7977
----------------- Done invoking toplevel() on ptolemy.moml.MoMLSimpleApplication@b6b7977
reloadAllAccessors: .WidthTestWithSubscriberPublisher2

===========================================================================================
----------------- testing Thu Jun 18 14:48:20 UTC 2020 /home/travis/build/icyphy/ptII/ptolemy/actor/lib/test/auto/WidthTestWithSubscriberPublisher3.xml
----------------- Instantiating /home/travis/build/icyphy/ptII/ptolemy/actor/lib/test/auto/WidthTestWithSubscriberPublisher3.xml
1 ms. Memory: 465920K Free: 309680K (66%)
----------------- Invoking toplevel() on ptolemy.moml.MoMLSimpleApplication@2fdb061a
----------------- Done invoking toplevel() on ptolemy.moml.MoMLSimpleApplication@2fdb061a
reloadAllAccessors: .WidthTestWithSubscriberPublisher3

===========================================================================================
----------------- testing Thu Jun 18 14:48:20 UTC 2020 /home/travis/build/icyphy/ptII/ptolemy/actor/lib/test/auto/Writer.xml
----------------- Instantiating /home/travis/build/icyphy/ptII/ptolemy/actor/lib/test/auto/Writer.xml
0
1
2
3
4
1 ms. Memory: 465920K Free: 305554K (66%)
----------------- Invoking toplevel() on ptolemy.moml.MoMLSimpleApplication@40d79c4
----------------- Done invoking toplevel() on ptolemy.moml.MoMLSimpleApplication@40d79c4
reloadAllAccessors: .Writer

===========================================================================================
----------------- testing Thu Jun 18 14:48:20 UTC 2020 /home/travis/build/icyphy/ptII/ptolemy/actor/lib/test/auto/array.xml
----------------- Instantiating /home/travis/build/icyphy/ptII/ptolemy/actor/lib/test/auto/array.xml
3 ms. Memory: 465920K Free: 300464K (64%)
----------------- Invoking toplevel() on ptolemy.moml.MoMLSimpleApplication@6c27c45d
----------------- Done invoking toplevel() on ptolemy.moml.MoMLSimpleApplication@6c27c45d
reloadAllAccessors: .array

===========================================================================================
----------------- testing Thu Jun 18 14:48:20 UTC 2020 /home/travis/build/icyphy/ptII/ptolemy/actor/lib/test/auto/array2.xml
----------------- Instantiating /home/travis/build/icyphy/ptII/ptolemy/actor/lib/test/auto/array2.xml
5 ms. Memory: 465920K Free: 295858K (63%)
----------------- Invoking toplevel() on ptolemy.moml.MoMLSimpleApplication@727e44f
----------------- Done invoking toplevel() on ptolemy.moml.MoMLSimpleApplication@727e44f
reloadAllAccessors: .array2

===========================================================================================
----------------- testing Thu Jun 18 14:48:20 UTC 2020 /home/travis/build/icyphy/ptII/ptolemy/actor/lib/test/auto/arrayType.xml
----------------- Instantiating /home/travis/build/icyphy/ptII/ptolemy/actor/lib/test/auto/arrayType.xml
2 ms. Memory: 465920K Free: 290224K (62%)
----------------- Invoking toplevel() on ptolemy.moml.MoMLSimpleApplication@2d8a7b72
----------------- Done invoking toplevel() on ptolemy.moml.MoMLSimpleApplication@2d8a7b72
reloadAllAccessors: .arrayType

===========================================================================================
----------------- testing Thu Jun 18 14:48:20 UTC 2020 /home/travis/build/icyphy/ptII/ptolemy/actor/lib/test/auto/arrayType10.xml
----------------- Instantiating /home/travis/build/icyphy/ptII/ptolemy/actor/lib/test/auto/arrayType10.xml
2 ms. Memory: 465920K Free: 285618K (61%)
----------------- Invoking toplevel() on ptolemy.moml.MoMLSimpleApplication@52b05e33
----------------- Done invoking toplevel() on ptolemy.moml.MoMLSimpleApplication@52b05e33
reloadAllAccessors: .arrayType10

===========================================================================================
----------------- testing Thu Jun 18 14:48:20 UTC 2020 /home/travis/build/icyphy/ptII/ptolemy/actor/lib/test/auto/arrayType11.xml
----------------- Instantiating /home/travis/build/icyphy/ptII/ptolemy/actor/lib/test/auto/arrayType11.xml
1 ms. Memory: 465920K Free: 280498K (60%)
----------------- Invoking toplevel() on ptolemy.moml.MoMLSimpleApplication@68ba9da5
----------------- Done invoking toplevel() on ptolemy.moml.MoMLSimpleApplication@68ba9da5
reloadAllAccessors: .arrayType11

===========================================================================================
----------------- testing Thu Jun 18 14:48:20 UTC 2020 /home/travis/build/icyphy/ptII/ptolemy/actor/lib/test/auto/arrayType12.xml
----------------- Instantiating /home/travis/build/icyphy/ptII/ptolemy/actor/lib/test/auto/arrayType12.xml
1 ms. Memory: 465920K Free: 275378K (59%)
----------------- Invoking toplevel() on ptolemy.moml.MoMLSimpleApplication@342ae2ee
----------------- Done invoking toplevel() on ptolemy.moml.MoMLSimpleApplication@342ae2ee
reloadAllAccessors: .arrayType12

===========================================================================================
----------------- testing Thu Jun 18 14:48:20 UTC 2020 /home/travis/build/icyphy/ptII/ptolemy/actor/lib/test/auto/arrayType13.xml
----------------- Instantiating /home/travis/build/icyphy/ptII/ptolemy/actor/lib/test/auto/arrayType13.xml
1 ms. Memory: 465920K Free: 270258K (58%)
----------------- Invoking toplevel() on ptolemy.moml.MoMLSimpleApplication@3a8da35b
----------------- Done invoking toplevel() on ptolemy.moml.MoMLSimpleApplication@3a8da35b
reloadAllAccessors: .arrayType13

===========================================================================================
----------------- testing Thu Jun 18 14:48:20 UTC 2020 /home/travis/build/icyphy/ptII/ptolemy/actor/lib/test/auto/arrayType14.xml
----------------- Instantiating /home/travis/build/icyphy/ptII/ptolemy/actor/lib/test/auto/arrayType14.xml
1 ms. Memory: 465920K Free: 264624K (57%)
----------------- Invoking toplevel() on ptolemy.moml.MoMLSimpleApplication@3c556eba
----------------- Done invoking toplevel() on ptolemy.moml.MoMLSimpleApplication@3c556eba
reloadAllAccessors: .arrayType14

===========================================================================================
----------------- testing Thu Jun 18 14:48:20 UTC 2020 /home/travis/build/icyphy/ptII/ptolemy/actor/lib/test/auto/arrayType15.xml
----------------- Instantiating /home/travis/build/icyphy/ptII/ptolemy/actor/lib/test/auto/arrayType15.xml
3 ms. Memory: 465920K Free: 259504K (56%)
----------------- Invoking toplevel() on ptolemy.moml.MoMLSimpleApplication@1e85b71d
----------------- Done invoking toplevel() on ptolemy.moml.MoMLSimpleApplication@1e85b71d
reloadAllAccessors: .arrayType15

===========================================================================================
----------------- testing Thu Jun 18 14:48:20 UTC 2020 /home/travis/build/icyphy/ptII/ptolemy/actor/lib/test/auto/arrayType16.xml
----------------- Instantiating /home/travis/build/icyphy/ptII/ptolemy/actor/lib/test/auto/arrayType16.xml
2 ms. Memory: 465920K Free: 253874K (54%)
----------------- Invoking toplevel() on ptolemy.moml.MoMLSimpleApplication@5a291996
----------------- Done invoking toplevel() on ptolemy.moml.MoMLSimpleApplication@5a291996
reloadAllAccessors: .arrayType16

===========================================================================================
----------------- testing Thu Jun 18 14:48:20 UTC 2020 /home/travis/build/icyphy/ptII/ptolemy/actor/lib/test/auto/arrayType17.xml
----------------- Instantiating /home/travis/build/icyphy/ptII/ptolemy/actor/lib/test/auto/arrayType17.xml
3 ms. Memory: 465920K Free: 248754K (53%)
----------------- Invoking toplevel() on ptolemy.moml.MoMLSimpleApplication@21a82fce
----------------- Done invoking toplevel() on ptolemy.moml.MoMLSimpleApplication@21a82fce
reloadAllAccessors: .arrayType17

===========================================================================================
----------------- testing Thu Jun 18 14:48:20 UTC 2020 /home/travis/build/icyphy/ptII/ptolemy/actor/lib/test/auto/arrayType18.xml
----------------- Instantiating /home/travis/build/icyphy/ptII/ptolemy/actor/lib/test/auto/arrayType18.xml
1 ms. Memory: 465920K Free: 243634K (52%)
----------------- Invoking toplevel() on ptolemy.moml.MoMLSimpleApplication@2d130ced
----------------- Done invoking toplevel() on ptolemy.moml.MoMLSimpleApplication@2d130ced
reloadAllAccessors: .arrayType18

===========================================================================================
----------------- testing Thu Jun 18 14:48:20 UTC 2020 /home/travis/build/icyphy/ptII/ptolemy/actor/lib/test/auto/arrayType19.xml
----------------- Instantiating /home/travis/build/icyphy/ptII/ptolemy/actor/lib/test/auto/arrayType19.xml
1 ms. Memory: 465920K Free: 239024K (51%)
----------------- Invoking toplevel() on ptolemy.moml.MoMLSimpleApplication@5421fff8
----------------- Done invoking toplevel() on ptolemy.moml.MoMLSimpleApplication@5421fff8
reloadAllAccessors: .arrayType19

===========================================================================================
----------------- testing Thu Jun 18 14:48:20 UTC 2020 /home/travis/build/icyphy/ptII/ptolemy/actor/lib/test/auto/arrayType2.xml
----------------- Instantiating /home/travis/build/icyphy/ptII/ptolemy/actor/lib/test/auto/arrayType2.xml
1 ms. Memory: 465920K Free: 233904K (50%)
----------------- Invoking toplevel() on ptolemy.moml.MoMLSimpleApplication@771d7f39
----------------- Done invoking toplevel() on ptolemy.moml.MoMLSimpleApplication@771d7f39
reloadAllAccessors: .arrayType2

===========================================================================================
----------------- testing Thu Jun 18 14:48:20 UTC 2020 /home/travis/build/icyphy/ptII/ptolemy/actor/lib/test/auto/arrayType20.xml
----------------- Instantiating /home/travis/build/icyphy/ptII/ptolemy/actor/lib/test/auto/arrayType20.xml
2 ms. Memory: 465920K Free: 228784K (49%)
----------------- Invoking toplevel() on ptolemy.moml.MoMLSimpleApplication@61ddf487
----------------- Done invoking toplevel() on ptolemy.moml.MoMLSimpleApplication@61ddf487
reloadAllAccessors: .arrayType20

===========================================================================================
----------------- testing Thu Jun 18 14:48:20 UTC 2020 /home/travis/build/icyphy/ptII/ptolemy/actor/lib/test/auto/arrayType21.xml
----------------- Instantiating /home/travis/build/icyphy/ptII/ptolemy/actor/lib/test/auto/arrayType21.xml
2 ms. Memory: 465920K Free: 224178K (48%)
----------------- Invoking toplevel() on ptolemy.moml.MoMLSimpleApplication@510f7b80
----------------- Done invoking toplevel() on ptolemy.moml.MoMLSimpleApplication@510f7b80
reloadAllAccessors: .arrayType21

===========================================================================================
----------------- testing Thu Jun 18 14:48:20 UTC 2020 /home/travis/build/icyphy/ptII/ptolemy/actor/lib/test/auto/arrayType22.xml
----------------- Instantiating /home/travis/build/icyphy/ptII/ptolemy/actor/lib/test/auto/arrayType22.xml
1 ms. Memory: 465920K Free: 219058K (47%)
----------------- Invoking toplevel() on ptolemy.moml.MoMLSimpleApplication@47a041f
----------------- Done invoking toplevel() on ptolemy.moml.MoMLSimpleApplication@47a041f
reloadAllAccessors: .arrayType22

===========================================================================================
----------------- testing Thu Jun 18 14:48:20 UTC 2020 /home/travis/build/icyphy/ptII/ptolemy/actor/lib/test/auto/arrayType23.xml
----------------- Instantiating /home/travis/build/icyphy/ptII/ptolemy/actor/lib/test/auto/arrayType23.xml
2 ms. Memory: 465920K Free: 214448K (46%)
----------------- Invoking toplevel() on ptolemy.moml.MoMLSimpleApplication@71b6cc39
----------------- Done invoking toplevel() on ptolemy.moml.MoMLSimpleApplication@71b6cc39
reloadAllAccessors: .arrayType23

===========================================================================================
----------------- testing Thu Jun 18 14:48:20 UTC 2020 /home/travis/build/icyphy/ptII/ptolemy/actor/lib/test/auto/arrayType24.xml
----------------- Instantiating /home/travis/build/icyphy/ptII/ptolemy/actor/lib/test/auto/arrayType24.xml
2 ms. Memory: 465920K Free: 209328K (45%)
----------------- Invoking toplevel() on ptolemy.moml.MoMLSimpleApplication@43b078ba
----------------- Done invoking toplevel() on ptolemy.moml.MoMLSimpleApplication@43b078ba
reloadAllAccessors: .arrayType24

===========================================================================================
----------------- testing Thu Jun 18 14:48:20 UTC 2020 /home/travis/build/icyphy/ptII/ptolemy/actor/lib/test/auto/arrayType25.xml
----------------- Instantiating /home/travis/build/icyphy/ptII/ptolemy/actor/lib/test/auto/arrayType25.xml
1 ms. Memory: 465920K Free: 204208K (44%)
----------------- Invoking toplevel() on ptolemy.moml.MoMLSimpleApplication@548d87a
----------------- Done invoking toplevel() on ptolemy.moml.MoMLSimpleApplication@548d87a
reloadAllAccessors: .arrayType25

===========================================================================================
----------------- testing Thu Jun 18 14:48:20 UTC 2020 /home/travis/build/icyphy/ptII/ptolemy/actor/lib/test/auto/arrayType26.xml
----------------- Instantiating /home/travis/build/icyphy/ptII/ptolemy/actor/lib/test/auto/arrayType26.xml
2 ms. Memory: 465920K Free: 198578K (43%)
----------------- Invoking toplevel() on ptolemy.moml.MoMLSimpleApplication@46acd075
----------------- Done invoking toplevel() on ptolemy.moml.MoMLSimpleApplication@46acd075
reloadAllAccessors: .arrayType26

===========================================================================================
----------------- testing Thu Jun 18 14:48:20 UTC 2020 /home/travis/build/icyphy/ptII/ptolemy/actor/lib/test/auto/arrayType27.xml
----------------- Instantiating /home/travis/build/icyphy/ptII/ptolemy/actor/lib/test/auto/arrayType27.xml
1 ms. Memory: 465920K Free: 193458K (42%)
----------------- Invoking toplevel() on ptolemy.moml.MoMLSimpleApplication@137e2daf
----------------- Done invoking toplevel() on ptolemy.moml.MoMLSimpleApplication@137e2daf
reloadAllAccessors: .arrayType27

===========================================================================================
----------------- testing Thu Jun 18 14:48:20 UTC 2020 /home/travis/build/icyphy/ptII/ptolemy/actor/lib/test/auto/arrayType28.xml
----------------- Instantiating /home/travis/build/icyphy/ptII/ptolemy/actor/lib/test/auto/arrayType28.xml
8 ms. Memory: 465920K Free: 187824K (40%)
----------------- Invoking toplevel() on ptolemy.moml.MoMLSimpleApplication@13ba64b4
----------------- Done invoking toplevel() on ptolemy.moml.MoMLSimpleApplication@13ba64b4
reloadAllAccessors: .arrayType28

===========================================================================================
----------------- testing Thu Jun 18 14:48:21 UTC 2020 /home/travis/build/icyphy/ptII/ptolemy/actor/lib/test/auto/arrayType3.xml
----------------- Instantiating /home/travis/build/icyphy/ptII/ptolemy/actor/lib/test/auto/arrayType3.xml
1 ms. Memory: 465920K Free: 182704K (39%)
----------------- Invoking toplevel() on ptolemy.moml.MoMLSimpleApplication@405ccf4c
----------------- Done invoking toplevel() on ptolemy.moml.MoMLSimpleApplication@405ccf4c
reloadAllAccessors: .arrayType3

===========================================================================================
----------------- testing Thu Jun 18 14:48:21 UTC 2020 /home/travis/build/icyphy/ptII/ptolemy/actor/lib/test/auto/arrayType4.xml
----------------- Instantiating /home/travis/build/icyphy/ptII/ptolemy/actor/lib/test/auto/arrayType4.xml
2 ms. Memory: 465920K Free: 177584K (38%)
----------------- Invoking toplevel() on ptolemy.moml.MoMLSimpleApplication@59990c8e
----------------- Done invoking toplevel() on ptolemy.moml.MoMLSimpleApplication@59990c8e
reloadAllAccessors: .arrayType4

===========================================================================================
----------------- testing Thu Jun 18 14:48:21 UTC 2020 /home/travis/build/icyphy/ptII/ptolemy/actor/lib/test/auto/arrayType5.xml
----------------- Instantiating /home/travis/build/icyphy/ptII/ptolemy/actor/lib/test/auto/arrayType5.xml
2 ms. Memory: 465920K Free: 171954K (37%)
----------------- Invoking toplevel() on ptolemy.moml.MoMLSimpleApplication@720bc16c
----------------- Done invoking toplevel() on ptolemy.moml.MoMLSimpleApplication@720bc16c
reloadAllAccessors: .arrayType5

===========================================================================================
----------------- testing Thu Jun 18 14:48:21 UTC 2020 /home/travis/build/icyphy/ptII/ptolemy/actor/lib/test/auto/arrayType6.xml
----------------- Instantiating /home/travis/build/icyphy/ptII/ptolemy/actor/lib/test/auto/arrayType6.xml
2 ms. Memory: 465920K Free: 167344K (36%)
----------------- Invoking toplevel() on ptolemy.moml.MoMLSimpleApplication@19fc903e
----------------- Done invoking toplevel() on ptolemy.moml.MoMLSimpleApplication@19fc903e
reloadAllAccessors: .arrayType6

===========================================================================================
----------------- testing Thu Jun 18 14:48:21 UTC 2020 /home/travis/build/icyphy/ptII/ptolemy/actor/lib/test/auto/arrayType7.xml
----------------- Instantiating /home/travis/build/icyphy/ptII/ptolemy/actor/lib/test/auto/arrayType7.xml
7 ms. Memory: 465920K Free: 162224K (35%)
----------------- Invoking toplevel() on ptolemy.moml.MoMLSimpleApplication@29a81320
----------------- Done invoking toplevel() on ptolemy.moml.MoMLSimpleApplication@29a81320
reloadAllAccessors: .arrayType7

===========================================================================================
----------------- testing Thu Jun 18 14:48:21 UTC 2020 /home/travis/build/icyphy/ptII/ptolemy/actor/lib/test/auto/arrayType8.xml
----------------- Instantiating /home/travis/build/icyphy/ptII/ptolemy/actor/lib/test/auto/arrayType8.xml
1 ms. Memory: 465920K Free: 157618K (34%)
----------------- Invoking toplevel() on ptolemy.moml.MoMLSimpleApplication@2d1913cf
----------------- Done invoking toplevel() on ptolemy.moml.MoMLSimpleApplication@2d1913cf
reloadAllAccessors: .arrayType8

===========================================================================================
----------------- testing Thu Jun 18 14:48:21 UTC 2020 /home/travis/build/icyphy/ptII/ptolemy/actor/lib/test/auto/arrayType9.xml
----------------- Instantiating /home/travis/build/icyphy/ptII/ptolemy/actor/lib/test/auto/arrayType9.xml
1 ms. Memory: 465920K Free: 152498K (33%)
----------------- Invoking toplevel() on ptolemy.moml.MoMLSimpleApplication@3d7b0b88
----------------- Done invoking toplevel() on ptolemy.moml.MoMLSimpleApplication@3d7b0b88
reloadAllAccessors: .arrayType9

===========================================================================================
----------------- testing Thu Jun 18 14:48:21 UTC 2020 /home/travis/build/icyphy/ptII/ptolemy/actor/lib/test/auto/cast.xml
----------------- Instantiating /home/travis/build/icyphy/ptII/ptolemy/actor/lib/test/auto/cast.xml
2 ms. Memory: 465920K Free: 147888K (32%)
----------------- Invoking toplevel() on ptolemy.moml.MoMLSimpleApplication@58e38992
----------------- Done invoking toplevel() on ptolemy.moml.MoMLSimpleApplication@58e38992
reloadAllAccessors: .cast

===========================================================================================
----------------- testing Thu Jun 18 14:48:21 UTC 2020 /home/travis/build/icyphy/ptII/ptolemy/actor/lib/test/auto/compositeMultiPort.xml
----------------- Instantiating /home/travis/build/icyphy/ptII/ptolemy/actor/lib/test/auto/compositeMultiPort.xml
3 ms. Memory: 465920K Free: 138642K (30%)
----------------- Invoking toplevel() on ptolemy.moml.MoMLSimpleApplication@252dd4f6
----------------- Done invoking toplevel() on ptolemy.moml.MoMLSimpleApplication@252dd4f6
reloadAllAccessors: .compositeMultiPort

===========================================================================================
----------------- testing Thu Jun 18 14:48:21 UTC 2020 /home/travis/build/icyphy/ptII/ptolemy/actor/lib/test/auto/expressionCastInference.xml
----------------- Instantiating /home/travis/build/icyphy/ptII/ptolemy/actor/lib/test/auto/expressionCastInference.xml
3 ms. Memory: 465920K Free: 407552K (87%)
----------------- Invoking toplevel() on ptolemy.moml.MoMLSimpleApplication@7d408a2b
----------------- Done invoking toplevel() on ptolemy.moml.MoMLSimpleApplication@7d408a2b
reloadAllAccessors: .expressionCastInference

===========================================================================================
----------------- testing Thu Jun 18 14:48:21 UTC 2020 /home/travis/build/icyphy/ptII/ptolemy/actor/lib/test/auto/expressionCastInference2.xml
----------------- Instantiating /home/travis/build/icyphy/ptII/ptolemy/actor/lib/test/auto/expressionCastInference2.xml
3 ms. Memory: 465920K Free: 402432K (86%)
----------------- Invoking toplevel() on ptolemy.moml.MoMLSimpleApplication@227f6144
----------------- Done invoking toplevel() on ptolemy.moml.MoMLSimpleApplication@227f6144
reloadAllAccessors: .expressionCastInference2

===========================================================================================
----------------- testing Thu Jun 18 14:48:21 UTC 2020 /home/travis/build/icyphy/ptII/ptolemy/actor/lib/test/auto/expressionInference.xml
----------------- Instantiating /home/travis/build/icyphy/ptII/ptolemy/actor/lib/test/auto/expressionInference.xml
2 ms. Memory: 465920K Free: 398336K (85%)
----------------- Invoking toplevel() on ptolemy.moml.MoMLSimpleApplication@39bad949
----------------- Done invoking toplevel() on ptolemy.moml.MoMLSimpleApplication@39bad949
reloadAllAccessors: .expressionInference

===========================================================================================
----------------- testing Thu Jun 18 14:48:21 UTC 2020 /home/travis/build/icyphy/ptII/ptolemy/actor/lib/test/auto/expression_bug.xml
----------------- Instantiating /home/travis/build/icyphy/ptII/ptolemy/actor/lib/test/auto/expression_bug.xml
1 ms. Memory: 465920K Free: 393726K (85%)
----------------- Invoking toplevel() on ptolemy.moml.MoMLSimpleApplication@4a2c06e6
----------------- Done invoking toplevel() on ptolemy.moml.MoMLSimpleApplication@4a2c06e6
reloadAllAccessors: .expression_bug

===========================================================================================
----------------- testing Thu Jun 18 14:48:21 UTC 2020 /home/travis/build/icyphy/ptII/ptolemy/actor/lib/test/auto/factorial.xml
----------------- Instantiating /home/travis/build/icyphy/ptII/ptolemy/actor/lib/test/auto/factorial.xml
31 ms. Memory: 465920K Free: 385534K (83%)
----------------- Invoking toplevel() on ptolemy.moml.MoMLSimpleApplication@166cfe1c
----------------- Done invoking toplevel() on ptolemy.moml.MoMLSimpleApplication@166cfe1c
reloadAllAccessors: .factorial

===========================================================================================
----------------- testing Thu Jun 18 14:48:21 UTC 2020 /home/travis/build/icyphy/ptII/ptolemy/actor/lib/test/auto/filterTest1.xml
----------------- Instantiating /home/travis/build/icyphy/ptII/ptolemy/actor/lib/test/auto/filterTest1.xml
3 ms. Memory: 465920K Free: 378880K (81%)
----------------- Invoking toplevel() on ptolemy.moml.MoMLSimpleApplication@7f2cb21e
----------------- Done invoking toplevel() on ptolemy.moml.MoMLSimpleApplication@7f2cb21e
reloadAllAccessors: .filterTest1

===========================================================================================
----------------- testing Thu Jun 18 14:48:21 UTC 2020 /home/travis/build/icyphy/ptII/ptolemy/actor/lib/test/auto/funcApplyInConst.xml
----------------- Instantiating /home/travis/build/icyphy/ptII/ptolemy/actor/lib/test/auto/funcApplyInConst.xml
0 ms. Memory: 465920K Free: 375294K (81%)
----------------- Invoking toplevel() on ptolemy.moml.MoMLSimpleApplication@63384783
----------------- Done invoking toplevel() on ptolemy.moml.MoMLSimpleApplication@63384783
reloadAllAccessors: .funcApplyInConst

===========================================================================================
----------------- testing Thu Jun 18 14:48:21 UTC 2020 /home/travis/build/icyphy/ptII/ptolemy/actor/lib/test/auto/funcApplyInExpr.xml
----------------- Instantiating /home/travis/build/icyphy/ptII/ptolemy/actor/lib/test/auto/funcApplyInExpr.xml
1 ms. Memory: 465920K Free: 371198K (80%)
----------------- Invoking toplevel() on ptolemy.moml.MoMLSimpleApplication@443ae513
----------------- Done invoking toplevel() on ptolemy.moml.MoMLSimpleApplication@443ae513
reloadAllAccessors: .funcApplyInExpr

===========================================================================================
----------------- testing Thu Jun 18 14:48:21 UTC 2020 /home/travis/build/icyphy/ptII/ptolemy/actor/lib/test/auto/function.xml
----------------- Instantiating /home/travis/build/icyphy/ptII/ptolemy/actor/lib/test/auto/function.xml
2 ms. Memory: 465920K Free: 366592K (79%)
----------------- Invoking toplevel() on ptolemy.moml.MoMLSimpleApplication@2c4a9a5
----------------- Done invoking toplevel() on ptolemy.moml.MoMLSimpleApplication@2c4a9a5
reloadAllAccessors: .function

===========================================================================================
----------------- testing Thu Jun 18 14:48:21 UTC 2020 /home/travis/build/icyphy/ptII/ptolemy/actor/lib/test/auto/function2.xml
----------------- Instantiating /home/travis/build/icyphy/ptII/ptolemy/actor/lib/test/auto/function2.xml
2 ms. Memory: 465920K Free: 361472K (78%)
----------------- Invoking toplevel() on ptolemy.moml.MoMLSimpleApplication@139dc2c2
----------------- Done invoking toplevel() on ptolemy.moml.MoMLSimpleApplication@139dc2c2
reloadAllAccessors: .function2

===========================================================================================
----------------- testing Thu Jun 18 14:48:21 UTC 2020 /home/travis/build/icyphy/ptII/ptolemy/actor/lib/test/auto/function3.xml
----------------- Instantiating /home/travis/build/icyphy/ptII/ptolemy/actor/lib/test/auto/function3.xml
1 ms. Memory: 465920K Free: 357886K (77%)
----------------- Invoking toplevel() on ptolemy.moml.MoMLSimpleApplication@1ef9da10
----------------- Done invoking toplevel() on ptolemy.moml.MoMLSimpleApplication@1ef9da10
reloadAllAccessors: .function3

===========================================================================================
----------------- testing Thu Jun 18 14:48:21 UTC 2020 /home/travis/build/icyphy/ptII/ptolemy/actor/lib/test/auto/functionClosureTest1.xml
----------------- Instantiating /home/travis/build/icyphy/ptII/ptolemy/actor/lib/test/auto/functionClosureTest1.xml
1 ms. Memory: 465920K Free: 351735K (75%)
----------------- Invoking toplevel() on ptolemy.moml.MoMLSimpleApplication@644981b7
----------------- Done invoking toplevel() on ptolemy.moml.MoMLSimpleApplication@644981b7
reloadAllAccessors: .functionClosureTest1

===========================================================================================
----------------- testing Thu Jun 18 14:48:21 UTC 2020 /home/travis/build/icyphy/ptII/ptolemy/actor/lib/test/auto/functionClosureTest2.xml
----------------- Instantiating /home/travis/build/icyphy/ptII/ptolemy/actor/lib/test/auto/functionClosureTest2.xml
1 ms. Memory: 465920K Free: 347646K (75%)
----------------- Invoking toplevel() on ptolemy.moml.MoMLSimpleApplication@656c57cc
----------------- Done invoking toplevel() on ptolemy.moml.MoMLSimpleApplication@656c57cc
reloadAllAccessors: .functionClosureTest2

===========================================================================================
----------------- testing Thu Jun 18 14:48:21 UTC 2020 /home/travis/build/icyphy/ptII/ptolemy/actor/lib/test/auto/functionClosureTest3.xml
----------------- Instantiating /home/travis/build/icyphy/ptII/ptolemy/actor/lib/test/auto/functionClosureTest3.xml
2 ms. Memory: 465920K Free: 342526K (74%)
----------------- Invoking toplevel() on ptolemy.moml.MoMLSimpleApplication@2f739f38
----------------- Done invoking toplevel() on ptolemy.moml.MoMLSimpleApplication@2f739f38
reloadAllAccessors: .functionClosureTest3

===========================================================================================
----------------- testing Thu Jun 18 14:48:21 UTC 2020 /home/travis/build/icyphy/ptII/ptolemy/actor/lib/test/auto/functionClosureTest4.xml
----------------- Instantiating /home/travis/build/icyphy/ptII/ptolemy/actor/lib/test/auto/functionClosureTest4.xml
4 ms. Memory: 465920K Free: 335872K (72%)
----------------- Invoking toplevel() on ptolemy.moml.MoMLSimpleApplication@1a34404f
----------------- Done invoking toplevel() on ptolemy.moml.MoMLSimpleApplication@1a34404f
reloadAllAccessors: .functionClosureTest4

===========================================================================================
----------------- testing Thu Jun 18 14:48:21 UTC 2020 /home/travis/build/icyphy/ptII/ptolemy/actor/lib/test/auto/functionClosureTest5.xml
----------------- Instantiating /home/travis/build/icyphy/ptII/ptolemy/actor/lib/test/auto/functionClosureTest5.xml
3 ms. Memory: 465920K Free: 330752K (71%)
----------------- Invoking toplevel() on ptolemy.moml.MoMLSimpleApplication@652ef325
----------------- Done invoking toplevel() on ptolemy.moml.MoMLSimpleApplication@652ef325
reloadAllAccessors: .functionClosureTest5

===========================================================================================
----------------- testing Thu Jun 18 14:48:21 UTC 2020 /home/travis/build/icyphy/ptII/ptolemy/actor/lib/test/auto/functionClosureTest6.xml
----------------- Instantiating /home/travis/build/icyphy/ptII/ptolemy/actor/lib/test/auto/functionClosureTest6.xml
1 ms. Memory: 465920K Free: 325632K (70%)
----------------- Invoking toplevel() on ptolemy.moml.MoMLSimpleApplication@5eeb92cb
----------------- Done invoking toplevel() on ptolemy.moml.MoMLSimpleApplication@5eeb92cb
reloadAllAccessors: .functionClosureTest6

===========================================================================================
----------------- testing Thu Jun 18 14:48:21 UTC 2020 /home/travis/build/icyphy/ptII/ptolemy/actor/lib/test/auto/functionsOnArcs.xml
----------------- Instantiating /home/travis/build/icyphy/ptII/ptolemy/actor/lib/test/auto/functionsOnArcs.xml
1 ms. Memory: 465920K Free: 320512K (69%)
----------------- Invoking toplevel() on ptolemy.moml.MoMLSimpleApplication@115f6e98
----------------- Done invoking toplevel() on ptolemy.moml.MoMLSimpleApplication@115f6e98
reloadAllAccessors: .functionsOnArcs

===========================================================================================
----------------- testing Thu Jun 18 14:48:21 UTC 2020 /home/travis/build/icyphy/ptII/ptolemy/actor/lib/test/auto/functionsOnArcsHOF.xml
----------------- Instantiating /home/travis/build/icyphy/ptII/ptolemy/actor/lib/test/auto/functionsOnArcsHOF.xml
3 ms. Memory: 465920K Free: 314368K (67%)
----------------- Invoking toplevel() on ptolemy.moml.MoMLSimpleApplication@4c5f3a90
----------------- Done invoking toplevel() on ptolemy.moml.MoMLSimpleApplication@4c5f3a90
reloadAllAccessors: .functionsOnArcsHOF

===========================================================================================
----------------- testing Thu Jun 18 14:48:21 UTC 2020 /home/travis/build/icyphy/ptII/ptolemy/actor/lib/test/auto/logic.xml
----------------- Instantiating /home/travis/build/icyphy/ptII/ptolemy/actor/lib/test/auto/logic.xml
2 ms. Memory: 465920K Free: 307200K (66%)
----------------- Invoking toplevel() on ptolemy.moml.MoMLSimpleApplication@363f54c8
----------------- Done invoking toplevel() on ptolemy.moml.MoMLSimpleApplication@363f54c8
reloadAllAccessors: .logic

===========================================================================================
----------------- testing Thu Jun 18 14:48:21 UTC 2020 /home/travis/build/icyphy/ptII/ptolemy/actor/lib/test/auto/matrixType.xml
----------------- Instantiating /home/travis/build/icyphy/ptII/ptolemy/actor/lib/test/auto/matrixType.xml
1 ms. Memory: 465920K Free: 301566K (65%)
----------------- Invoking toplevel() on ptolemy.moml.MoMLSimpleApplication@22aa3e1a
----------------- Done invoking toplevel() on ptolemy.moml.MoMLSimpleApplication@22aa3e1a
reloadAllAccessors: .matrixType

===========================================================================================
----------------- testing Thu Jun 18 14:48:21 UTC 2020 /home/travis/build/icyphy/ptII/ptolemy/actor/lib/test/auto/matrixType10.xml
----------------- Instantiating /home/travis/build/icyphy/ptII/ptolemy/actor/lib/test/auto/matrixType10.xml
2 ms. Memory: 465920K Free: 296960K (64%)
----------------- Invoking toplevel() on ptolemy.moml.MoMLSimpleApplication@2205ab39
----------------- Done invoking toplevel() on ptolemy.moml.MoMLSimpleApplication@2205ab39
reloadAllAccessors: .matrixType10

===========================================================================================
----------------- testing Thu Jun 18 14:48:21 UTC 2020 /home/travis/build/icyphy/ptII/ptolemy/actor/lib/test/auto/matrixType11.xml
----------------- Instantiating /home/travis/build/icyphy/ptII/ptolemy/actor/lib/test/auto/matrixType11.xml
1 ms. Memory: 465920K Free: 291840K (63%)
----------------- Invoking toplevel() on ptolemy.moml.MoMLSimpleApplication@40f7fc14
----------------- Done invoking toplevel() on ptolemy.moml.MoMLSimpleApplication@40f7fc14
reloadAllAccessors: .matrixType11

===========================================================================================
----------------- testing Thu Jun 18 14:48:21 UTC 2020 /home/travis/build/icyphy/ptII/ptolemy/actor/lib/test/auto/matrixType12.xml
----------------- Instantiating /home/travis/build/icyphy/ptII/ptolemy/actor/lib/test/auto/matrixType12.xml
1 ms. Memory: 465920K Free: 287230K (62%)
----------------- Invoking toplevel() on ptolemy.moml.MoMLSimpleApplication@61cbdedf
----------------- Done invoking toplevel() on ptolemy.moml.MoMLSimpleApplication@61cbdedf
reloadAllAccessors: .matrixType12

===========================================================================================
----------------- testing Thu Jun 18 14:48:21 UTC 2020 /home/travis/build/icyphy/ptII/ptolemy/actor/lib/test/auto/matrixType13.xml
----------------- Instantiating /home/travis/build/icyphy/ptII/ptolemy/actor/lib/test/auto/matrixType13.xml
1 ms. Memory: 465920K Free: 282110K (61%)
----------------- Invoking toplevel() on ptolemy.moml.MoMLSimpleApplication@66ba4955
----------------- Done invoking toplevel() on ptolemy.moml.MoMLSimpleApplication@66ba4955
reloadAllAccessors: .matrixType13

===========================================================================================
----------------- testing Thu Jun 18 14:48:21 UTC 2020 /home/travis/build/icyphy/ptII/ptolemy/actor/lib/test/auto/matrixType14.xml
----------------- Instantiating /home/travis/build/icyphy/ptII/ptolemy/actor/lib/test/auto/matrixType14.xml
1 ms. Memory: 465920K Free: 276990K (59%)
----------------- Invoking toplevel() on ptolemy.moml.MoMLSimpleApplication@5b5f34a7
----------------- Done invoking toplevel() on ptolemy.moml.MoMLSimpleApplication@5b5f34a7
reloadAllAccessors: .matrixType14

===========================================================================================
----------------- testing Thu Jun 18 14:48:21 UTC 2020 /home/travis/build/icyphy/ptII/ptolemy/actor/lib/test/auto/matrixType2.xml
----------------- Instantiating /home/travis/build/icyphy/ptII/ptolemy/actor/lib/test/auto/matrixType2.xml
1 ms. Memory: 465920K Free: 271870K (58%)
----------------- Invoking toplevel() on ptolemy.moml.MoMLSimpleApplication@56d6fec9
----------------- Done invoking toplevel() on ptolemy.moml.MoMLSimpleApplication@56d6fec9
reloadAllAccessors: .matrixType2

===========================================================================================
----------------- testing Thu Jun 18 14:48:21 UTC 2020 /home/travis/build/icyphy/ptII/ptolemy/actor/lib/test/auto/matrixType3.xml
----------------- Instantiating /home/travis/build/icyphy/ptII/ptolemy/actor/lib/test/auto/matrixType3.xml
3 ms. Memory: 465920K Free: 266750K (57%)
----------------- Invoking toplevel() on ptolemy.moml.MoMLSimpleApplication@3b0cc07e
----------------- Done invoking toplevel() on ptolemy.moml.MoMLSimpleApplication@3b0cc07e
reloadAllAccessors: .matrixType3

===========================================================================================
----------------- testing Thu Jun 18 14:48:21 UTC 2020 /home/travis/build/icyphy/ptII/ptolemy/actor/lib/test/auto/matrixType4.xml
----------------- Instantiating /home/travis/build/icyphy/ptII/ptolemy/actor/lib/test/auto/matrixType4.xml
1 ms. Memory: 465920K Free: 262144K (56%)
----------------- Invoking toplevel() on ptolemy.moml.MoMLSimpleApplication@65281f11
----------------- Done invoking toplevel() on ptolemy.moml.MoMLSimpleApplication@65281f11
reloadAllAccessors: .matrixType4

===========================================================================================
----------------- testing Thu Jun 18 14:48:21 UTC 2020 /home/travis/build/icyphy/ptII/ptolemy/actor/lib/test/auto/matrixType5.xml
----------------- Instantiating /home/travis/build/icyphy/ptII/ptolemy/actor/lib/test/auto/matrixType5.xml
1 ms. Memory: 465920K Free: 257024K (55%)
----------------- Invoking toplevel() on ptolemy.moml.MoMLSimpleApplication@1e807b84
----------------- Done invoking toplevel() on ptolemy.moml.MoMLSimpleApplication@1e807b84
reloadAllAccessors: .matrixType5

===========================================================================================
----------------- testing Thu Jun 18 14:48:21 UTC 2020 /home/travis/build/icyphy/ptII/ptolemy/actor/lib/test/auto/matrixType6.xml
----------------- Instantiating /home/travis/build/icyphy/ptII/ptolemy/actor/lib/test/auto/matrixType6.xml
1 ms. Memory: 465920K Free: 252414K (54%)
----------------- Invoking toplevel() on ptolemy.moml.MoMLSimpleApplication@71c73322
----------------- Done invoking toplevel() on ptolemy.moml.MoMLSimpleApplication@71c73322
reloadAllAccessors: .matrixType6

===========================================================================================
----------------- testing Thu Jun 18 14:48:21 UTC 2020 /home/travis/build/icyphy/ptII/ptolemy/actor/lib/test/auto/matrixType7.xml
----------------- Instantiating /home/travis/build/icyphy/ptII/ptolemy/actor/lib/test/auto/matrixType7.xml
2 ms. Memory: 465920K Free: 247294K (53%)
----------------- Invoking toplevel() on ptolemy.moml.MoMLSimpleApplication@1ed9adba
----------------- Done invoking toplevel() on ptolemy.moml.MoMLSimpleApplication@1ed9adba
reloadAllAccessors: .matrixType7

===========================================================================================
----------------- testing Thu Jun 18 14:48:21 UTC 2020 /home/travis/build/icyphy/ptII/ptolemy/actor/lib/test/auto/matrixType8.xml
----------------- Instantiating /home/travis/build/icyphy/ptII/ptolemy/actor/lib/test/auto/matrixType8.xml
1 ms. Memory: 465920K Free: 241664K (52%)
----------------- Invoking toplevel() on ptolemy.moml.MoMLSimpleApplication@4ad219b7
----------------- Done invoking toplevel() on ptolemy.moml.MoMLSimpleApplication@4ad219b7
reloadAllAccessors: .matrixType8

===========================================================================================
----------------- testing Thu Jun 18 14:48:21 UTC 2020 /home/travis/build/icyphy/ptII/ptolemy/actor/lib/test/auto/matrixType9.xml
----------------- Instantiating /home/travis/build/icyphy/ptII/ptolemy/actor/lib/test/auto/matrixType9.xml
1 ms. Memory: 465920K Free: 237054K (51%)
----------------- Invoking toplevel() on ptolemy.moml.MoMLSimpleApplication@2fcebe03
----------------- Done invoking toplevel() on ptolemy.moml.MoMLSimpleApplication@2fcebe03
reloadAllAccessors: .matrixType9

===========================================================================================
----------------- testing Thu Jun 18 14:48:21 UTC 2020 /home/travis/build/icyphy/ptII/ptolemy/actor/lib/test/auto/paraFunctest.xml
----------------- Instantiating /home/travis/build/icyphy/ptII/ptolemy/actor/lib/test/auto/paraFunctest.xml
2 ms. Memory: 465920K Free: 232958K (50%)
----------------- Invoking toplevel() on ptolemy.moml.MoMLSimpleApplication@15a2849e
----------------- Done invoking toplevel() on ptolemy.moml.MoMLSimpleApplication@15a2849e
reloadAllAccessors: .paraFunctest

===========================================================================================
----------------- testing Thu Jun 18 14:48:21 UTC 2020 /home/travis/build/icyphy/ptII/ptolemy/actor/lib/test/auto/paraFunctest2.xml
----------------- Instantiating /home/travis/build/icyphy/ptII/ptolemy/actor/lib/test/auto/paraFunctest2.xml
2 ms. Memory: 465920K Free: 229376K (49%)
----------------- Invoking toplevel() on ptolemy.moml.MoMLSimpleApplication@26da3520
----------------- Done invoking toplevel() on ptolemy.moml.MoMLSimpleApplication@26da3520
reloadAllAccessors: .paraFunctest2

===========================================================================================
----------------- testing Thu Jun 18 14:48:21 UTC 2020 /home/travis/build/icyphy/ptII/ptolemy/actor/lib/test/auto/parameterPassing.xml
----------------- Instantiating /home/travis/build/icyphy/ptII/ptolemy/actor/lib/test/auto/parameterPassing.xml
1 ms. Memory: 465920K Free: 224766K (48%)
----------------- Invoking toplevel() on ptolemy.moml.MoMLSimpleApplication@46aba1e1
----------------- Done invoking toplevel() on ptolemy.moml.MoMLSimpleApplication@46aba1e1
reloadAllAccessors: .parameterPassing

===========================================================================================
----------------- testing Thu Jun 18 14:48:21 UTC 2020 /home/travis/build/icyphy/ptII/ptolemy/actor/lib/test/auto/record.xml
----------------- Instantiating /home/travis/build/icyphy/ptII/ptolemy/actor/lib/test/auto/record.xml
3 ms. Memory: 465920K Free: 219646K (47%)
----------------- Invoking toplevel() on ptolemy.moml.MoMLSimpleApplication@7bda56b1
----------------- Done invoking toplevel() on ptolemy.moml.MoMLSimpleApplication@7bda56b1
reloadAllAccessors: .record

===========================================================================================
----------------- testing Thu Jun 18 14:48:21 UTC 2020 /home/travis/build/icyphy/ptII/ptolemy/actor/lib/test/auto/sizedarray1.xml
----------------- Instantiating /home/travis/build/icyphy/ptII/ptolemy/actor/lib/test/auto/sizedarray1.xml
1 ms. Memory: 465920K Free: 214526K (46%)
----------------- Invoking toplevel() on ptolemy.moml.MoMLSimpleApplication@2bf43417
----------------- Done invoking toplevel() on ptolemy.moml.MoMLSimpleApplication@2bf43417
reloadAllAccessors: .sizedarray1

===========================================================================================
----------------- testing Thu Jun 18 14:48:21 UTC 2020 /home/travis/build/icyphy/ptII/ptolemy/actor/lib/test/auto/sizedarray2.xml
----------------- Instantiating /home/travis/build/icyphy/ptII/ptolemy/actor/lib/test/auto/sizedarray2.xml
3 ms. Memory: 465920K Free: 208896K (45%)
----------------- Invoking toplevel() on ptolemy.moml.MoMLSimpleApplication@740a46cd
----------------- Done invoking toplevel() on ptolemy.moml.MoMLSimpleApplication@740a46cd
reloadAllAccessors: .sizedarray2

===========================================================================================
----------------- testing Thu Jun 18 14:48:21 UTC 2020 /home/travis/build/icyphy/ptII/ptolemy/actor/lib/test/auto/twoPublishers.xml
----------------- Instantiating /home/travis/build/icyphy/ptII/ptolemy/actor/lib/test/auto/twoPublishers.xml
6 ms. Memory: 465920K Free: 198656K (43%)
----------------- Invoking toplevel() on ptolemy.moml.MoMLSimpleApplication@342b029
----------------- Done invoking toplevel() on ptolemy.moml.MoMLSimpleApplication@342b029
reloadAllAccessors: .twoPublishers
AutoTests.java: About to close Vertx.
AutoTests.java: Vertx closed.
]]></system-out>
  <system-err><![CDATA[java.lang.RuntimeException: Execution failed
	at ptolemy.moml.MoMLSimpleApplication$UnloadThread.run(MoMLSimpleApplication.java:402)
Caused by: java.lang.RuntimeException: StringUtilities.exit() was called. Normally, we would exit here because Manager.exitAfterWrapup() was called.  However, because the ptolemy.ptII.exitAfterWrapup property is set, we throw this exception instead.
	at ptolemy.util.StringUtilities.exit(StringUtilities.java:365)
	at ptolemy.actor.Manager.wrapup(Manager.java:1549)
	at ptolemy.actor.Manager.execute(Manager.java:407)
	at ptolemy.actor.Manager.run(Manager.java:1263)
	at ptolemy.actor.Manager$PtolemyRunThread.run(Manager.java:1933)
Warning: '.top.test' is in training mode, set the trainingMode parameter to false before checking in
Warning: '.top.test' is in training mode, set the trainingMode parameter to false before checking in
Warning: '.top.test' is in training mode, set the trainingMode parameter to false before checking in
Warning: '.BooleanSwitch_RegressionTest_WrongTrainingValues.Test' is in training mode, set the trainingMode parameter to false before checking in
Warning: '.BooleanSwitch_RegressionTest_WrongTrainingValues.Test2' is in training mode, set the trainingMode parameter to false before checking in
Warning: '.BooleanSwitch_RegressionTest_WrongTrainingValues.Test2' The test produced 0 tokens.
Warning: '.top.testExceptionHandler' is in training mode, set the trainingMode parameter to false before checking in
java.lang.RuntimeException: Execution failed
	at ptolemy.moml.MoMLSimpleApplication$UnloadThread.run(MoMLSimpleApplication.java:402)
Caused by: ptolemy.kernel.util.IllegalActionException: PublisherPorts cannot be used at the top level, use a Publisher actor instead.
  in .PublisherPortToplevelSubscriber.PublisherPort
	at ptolemy.actor.PublisherPort.preinitialize(PublisherPort.java:403)
	at ptolemy.actor.CompositeActor.preinitialize(CompositeActor.java:1769)
	at ptolemy.actor.Manager.preinitializeAndResolveTypes(Manager.java:1040)
	at ptolemy.actor.Manager.initialize(Manager.java:710)
	at ptolemy.actor.Manager.execute(Manager.java:356)
	at ptolemy.actor.Manager.run(Manager.java:1263)
	at ptolemy.actor.Manager$PtolemyRunThread.run(Manager.java:1933)
java.lang.reflect.InvocationTargetException
	at java.base/jdk.internal.reflect.NativeConstructorAccessorImpl.newInstance0(Native Method)
	at java.base/jdk.internal.reflect.NativeConstructorAccessorImpl.newInstance(NativeConstructorAccessorImpl.java:62)
	at java.base/jdk.internal.reflect.DelegatingConstructorAccessorImpl.newInstance(DelegatingConstructorAccessorImpl.java:45)
	at java.base/java.lang.reflect.Constructor.newInstance(Constructor.java:490)
	at ptolemy.util.test.junit.AutoKnownFailedTests.RunModel(AutoKnownFailedTests.java:105)
	at java.base/jdk.internal.reflect.NativeMethodAccessorImpl.invoke0(Native Method)
	at java.base/jdk.internal.reflect.NativeMethodAccessorImpl.invoke(NativeMethodAccessorImpl.java:62)
	at java.base/jdk.internal.reflect.DelegatingMethodAccessorImpl.invoke(DelegatingMethodAccessorImpl.java:43)
	at java.base/java.lang.reflect.Method.invoke(Method.java:566)
	at org.junit.runners.model.FrameworkMethod$1.runReflectiveCall(FrameworkMethod.java:44)
	at org.junit.internal.runners.model.ReflectiveCallable.run(ReflectiveCallable.java:15)
	at org.junit.runners.model.FrameworkMethod.invokeExplosively(FrameworkMethod.java:41)
	at junitparams.internal.InvokeParameterisedMethod.evaluate(InvokeParameterisedMethod.java:102)
	at org.junit.internal.runners.statements.FailOnTimeout$1.run(FailOnTimeout.java:28)
Caused by: ptolemy.kernel.util.IllegalActionException: PublisherPorts cannot be used at the top level, use a Publisher actor instead.
  in .PublisherPortToplevelSubscriber.PublisherPort
	at ptolemy.actor.PublisherPort.preinitialize(PublisherPort.java:403)
	at ptolemy.actor.CompositeActor.preinitialize(CompositeActor.java:1769)
	at ptolemy.actor.Manager.preinitializeAndResolveTypes(Manager.java:1040)
	at ptolemy.actor.Manager.initialize(Manager.java:710)
	at ptolemy.actor.Manager.execute(Manager.java:356)
	at ptolemy.actor.Manager.run(Manager.java:1263)
	at ptolemy.actor.Manager$PtolemyRunThread.run(Manager.java:1933)
java.lang.RuntimeException: Execution failed
	at ptolemy.moml.MoMLSimpleApplication$UnloadThread.run(MoMLSimpleApplication.java:402)
Caused by: ptolemy.kernel.util.IllegalActionException: SubscriberPorts cannot be used at the top level, use a Subscriber actor instead.
  in .PublisherSubscriberPortToplevel.SubscriberPort
	at ptolemy.actor.SubscriberPort.preinitialize(SubscriberPort.java:328)
	at ptolemy.actor.CompositeActor.preinitialize(CompositeActor.java:1769)
	at ptolemy.actor.Manager.preinitializeAndResolveTypes(Manager.java:1040)
	at ptolemy.actor.Manager.initialize(Manager.java:710)
	at ptolemy.actor.Manager.execute(Manager.java:356)
	at ptolemy.actor.Manager.run(Manager.java:1263)
	at ptolemy.actor.Manager$PtolemyRunThread.run(Manager.java:1933)
java.lang.reflect.InvocationTargetException
	at java.base/jdk.internal.reflect.NativeConstructorAccessorImpl.newInstance0(Native Method)
	at java.base/jdk.internal.reflect.NativeConstructorAccessorImpl.newInstance(NativeConstructorAccessorImpl.java:62)
	at java.base/jdk.internal.reflect.DelegatingConstructorAccessorImpl.newInstance(DelegatingConstructorAccessorImpl.java:45)
	at java.base/java.lang.reflect.Constructor.newInstance(Constructor.java:490)
	at ptolemy.util.test.junit.AutoKnownFailedTests.RunModel(AutoKnownFailedTests.java:105)
	at java.base/jdk.internal.reflect.NativeMethodAccessorImpl.invoke0(Native Method)
	at java.base/jdk.internal.reflect.NativeMethodAccessorImpl.invoke(NativeMethodAccessorImpl.java:62)
	at java.base/jdk.internal.reflect.DelegatingMethodAccessorImpl.invoke(DelegatingMethodAccessorImpl.java:43)
	at java.base/java.lang.reflect.Method.invoke(Method.java:566)
	at org.junit.runners.model.FrameworkMethod$1.runReflectiveCall(FrameworkMethod.java:44)
	at org.junit.internal.runners.model.ReflectiveCallable.run(ReflectiveCallable.java:15)
	at org.junit.runners.model.FrameworkMethod.invokeExplosively(FrameworkMethod.java:41)
	at junitparams.internal.InvokeParameterisedMethod.evaluate(InvokeParameterisedMethod.java:102)
	at org.junit.internal.runners.statements.FailOnTimeout$1.run(FailOnTimeout.java:28)
Caused by: ptolemy.kernel.util.IllegalActionException: SubscriberPorts cannot be used at the top level, use a Subscriber actor instead.
  in .PublisherSubscriberPortToplevel.SubscriberPort
	at ptolemy.actor.SubscriberPort.preinitialize(SubscriberPort.java:328)
	at ptolemy.actor.CompositeActor.preinitialize(CompositeActor.java:1769)
	at ptolemy.actor.Manager.preinitializeAndResolveTypes(Manager.java:1040)
	at ptolemy.actor.Manager.initialize(Manager.java:710)
	at ptolemy.actor.Manager.execute(Manager.java:356)
	at ptolemy.actor.Manager.run(Manager.java:1263)
	at ptolemy.actor.Manager$PtolemyRunThread.run(Manager.java:1933)
java.lang.RuntimeException: Execution failed
	at ptolemy.moml.MoMLSimpleApplication$UnloadThread.run(MoMLSimpleApplication.java:402)
Caused by: ptolemy.kernel.util.IllegalActionException: SubscriptionAggregatorPorts cannot be used at the top level, use a SubscriptionAggregator actor instead.
  in .PublisherSubscriptionAggregatorPort.SubscriptionAggregatorPort
	at ptolemy.actor.SubscriptionAggregatorPort.preinitialize(SubscriptionAggregatorPort.java:353)
	at ptolemy.actor.CompositeActor.preinitialize(CompositeActor.java:1769)
	at ptolemy.actor.Manager.preinitializeAndResolveTypes(Manager.java:1040)
	at ptolemy.actor.Manager.initialize(Manager.java:710)
	at ptolemy.actor.Manager.execute(Manager.java:356)
	at ptolemy.actor.Manager.run(Manager.java:1263)
	at ptolemy.actor.Manager$PtolemyRunThread.run(Manager.java:1933)
java.lang.reflect.InvocationTargetException
	at java.base/jdk.internal.reflect.NativeConstructorAccessorImpl.newInstance0(Native Method)
	at java.base/jdk.internal.reflect.NativeConstructorAccessorImpl.newInstance(NativeConstructorAccessorImpl.java:62)
	at java.base/jdk.internal.reflect.DelegatingConstructorAccessorImpl.newInstance(DelegatingConstructorAccessorImpl.java:45)
	at java.base/java.lang.reflect.Constructor.newInstance(Constructor.java:490)
	at ptolemy.util.test.junit.AutoKnownFailedTests.RunModel(AutoKnownFailedTests.java:105)
	at java.base/jdk.internal.reflect.NativeMethodAccessorImpl.invoke0(Native Method)
	at java.base/jdk.internal.reflect.NativeMethodAccessorImpl.invoke(NativeMethodAccessorImpl.java:62)
	at java.base/jdk.internal.reflect.DelegatingMethodAccessorImpl.invoke(DelegatingMethodAccessorImpl.java:43)
	at java.base/java.lang.reflect.Method.invoke(Method.java:566)
	at org.junit.runners.model.FrameworkMethod$1.runReflectiveCall(FrameworkMethod.java:44)
	at org.junit.internal.runners.model.ReflectiveCallable.run(ReflectiveCallable.java:15)
	at org.junit.runners.model.FrameworkMethod.invokeExplosively(FrameworkMethod.java:41)
	at junitparams.internal.InvokeParameterisedMethod.evaluate(InvokeParameterisedMethod.java:102)
	at org.junit.internal.runners.statements.FailOnTimeout$1.run(FailOnTimeout.java:28)
Caused by: ptolemy.kernel.util.IllegalActionException: SubscriptionAggregatorPorts cannot be used at the top level, use a SubscriptionAggregator actor instead.
  in .PublisherSubscriptionAggregatorPort.SubscriptionAggregatorPort
	at ptolemy.actor.SubscriptionAggregatorPort.preinitialize(SubscriptionAggregatorPort.java:353)
	at ptolemy.actor.CompositeActor.preinitialize(CompositeActor.java:1769)
	at ptolemy.actor.Manager.preinitializeAndResolveTypes(Manager.java:1040)
	at ptolemy.actor.Manager.initialize(Manager.java:710)
	at ptolemy.actor.Manager.execute(Manager.java:356)
	at ptolemy.actor.Manager.run(Manager.java:1263)
	at ptolemy.actor.Manager$PtolemyRunThread.run(Manager.java:1933)
java.lang.RuntimeException: Execution failed
	at ptolemy.moml.MoMLSimpleApplication$UnloadThread.run(MoMLSimpleApplication.java:402)
Caused by: ptolemy.kernel.util.IllegalActionException: TypeTest actor has no training data.
  in .sizedarray3.TypeTest
	at ptolemy.actor.lib.TypeTest.initialize(TypeTest.java:250)
	at ptolemy.actor.Director.initialize(Director.java:938)
	at ptolemy.actor.Director.initialize(Director.java:907)
	at ptolemy.actor.sched.StaticSchedulingDirector.initialize(StaticSchedulingDirector.java:159)
	at ptolemy.domains.sdf.kernel.SDFDirector.initialize(SDFDirector.java:544)
	at ptolemy.actor.CompositeActor.initialize(CompositeActor.java:935)
	at ptolemy.actor.Manager.initialize(Manager.java:724)
	at ptolemy.actor.Manager.execute(Manager.java:356)
	at ptolemy.actor.Manager.run(Manager.java:1263)
	at ptolemy.actor.Manager$PtolemyRunThread.run(Manager.java:1933)
java.lang.reflect.InvocationTargetException
	at java.base/jdk.internal.reflect.NativeConstructorAccessorImpl.newInstance0(Native Method)
	at java.base/jdk.internal.reflect.NativeConstructorAccessorImpl.newInstance(NativeConstructorAccessorImpl.java:62)
	at java.base/jdk.internal.reflect.DelegatingConstructorAccessorImpl.newInstance(DelegatingConstructorAccessorImpl.java:45)
	at java.base/java.lang.reflect.Constructor.newInstance(Constructor.java:490)
	at ptolemy.util.test.junit.AutoKnownFailedTests.RunModel(AutoKnownFailedTests.java:105)
	at java.base/jdk.internal.reflect.NativeMethodAccessorImpl.invoke0(Native Method)
	at java.base/jdk.internal.reflect.NativeMethodAccessorImpl.invoke(NativeMethodAccessorImpl.java:62)
	at java.base/jdk.internal.reflect.DelegatingMethodAccessorImpl.invoke(DelegatingMethodAccessorImpl.java:43)
	at java.base/java.lang.reflect.Method.invoke(Method.java:566)
	at org.junit.runners.model.FrameworkMethod$1.runReflectiveCall(FrameworkMethod.java:44)
	at org.junit.internal.runners.model.ReflectiveCallable.run(ReflectiveCallable.java:15)
	at org.junit.runners.model.FrameworkMethod.invokeExplosively(FrameworkMethod.java:41)
	at junitparams.internal.InvokeParameterisedMethod.evaluate(InvokeParameterisedMethod.java:102)
	at org.junit.internal.runners.statements.FailOnTimeout$1.run(FailOnTimeout.java:28)
Caused by: ptolemy.kernel.util.IllegalActionException: TypeTest actor has no training data.
  in .sizedarray3.TypeTest
	at ptolemy.actor.lib.TypeTest.initialize(TypeTest.java:250)
	at ptolemy.actor.Director.initialize(Director.java:938)
	at ptolemy.actor.Director.initialize(Director.java:907)
	at ptolemy.actor.sched.StaticSchedulingDirector.initialize(StaticSchedulingDirector.java:159)
	at ptolemy.domains.sdf.kernel.SDFDirector.initialize(SDFDirector.java:544)
	at ptolemy.actor.CompositeActor.initialize(CompositeActor.java:935)
	at ptolemy.actor.Manager.initialize(Manager.java:724)
	at ptolemy.actor.Manager.execute(Manager.java:356)
	at ptolemy.actor.Manager.run(Manager.java:1263)
	at ptolemy.actor.Manager$PtolemyRunThread.run(Manager.java:1933)
]]></system-err>
</testsuite>
