<?xml version="1.0" encoding="UTF-8" ?>
<testsuite errors="0" failures="1" hostname="travis-job-083c0adb-6533-4161-ab09-9b00e52577af" name="ptolemy.actor.lib.test.junit.JUnitTclTest" skipped="0" tests="517" time="70.01" timestamp="2019-08-30T05:37:41">
  <properties>
    <property name="npm.executable" value="npm" />
    <property name="env.TRAVIS_ROOT" value="/" />
    <property name="ptII.mk.exists" value="true" />
    <property name="env.TRAVIS_APP_HOST" value="build.travis-ci.org" />
    <property name="env.rvm_bin_path" value="/home/travis/.rvm/bin" />
    <property name="java.home" value="/usr/local/lib/jvm/openjdk11" />
    <property name="env.TRAVIS_JOB_NUMBER" value="1312.8" />
    <property name="env.TRAVIS_HOME" value="/home/travis" />
    <property name="env.DISPLAY" value=":99.0" />
    <property name="env.TRAVIS_INIT" value="systemd" />
    <property name="env.SSH_TTY" value="/dev/pts/0" />
    <property name="java.net.preferIPv4Stack" value="true" />
    <property name="env.RUN_TESTS" value="true" />
    <property name="timeout.short" value="1000000" />
    <property name="junit.formatter" value="xml" />
    <property name="env.TRAVIS_SUDO" value="true" />
    <property name="env.TRAVIS_JOB_NAME" value="" />
    <property name="env.TRAVIS_STACK_NODE_ATTRIBUTES" value="/.node-attributes.yml" />
    <property name="env.LOGNAME" value="travis" />
    <property name="env.PT_TRAVIS_TEST_CORE1_XML" value="true" />
    <property name="jsdoc.home" value="node_modules/@terraswarm/jsdoc" />
    <property name="debuglevel" value="source,lines,vars" />
    <property name="checkstyle.formatter" value="xml" />
    <property name="env._system_version" value="16.04" />
    <property name="bin.vergil.makeable" value="true" />
    <property name="sun.os.patch.level" value="unknown" />
    <property name="java.vendor.url" value="http://java.oracle.com/" />
    <property name="env.TRAVIS_BUILD_WEB_URL" value="https://travis-ci.org/icyphy/ptII/builds/578651701" />
    <property name="java.version" value="11.0.2" />
    <property name="env.TZ" value="UTC" />
    <property name="env.TRAVIS_PULL_REQUEST_SHA" value="" />
    <property name="env.PT_NO_NET" value="true" />
    <property name="env.TRAVIS_SECURE_ENV_VARS" value="true" />
    <property name="env._system_type" value="Linux" />
    <property name="java.vendor.url.bug" value="http://bugreport.java.com/bugreport/" />
    <property name="npmjs-org-is-up" value="true" />
    <property name="env.LANGUAGE" value="en_US.UTF-8" />
    <property name="env.SSH_CLIENT" value="10.24.12.20 44108 22" />
    <property name="env.GEM_HOME" value="/home/travis/.rvm/gems/ruby-2.5.3" />
    <property name="env.HAS_ANTARES_THREE_LITTLE_FRONZIES_BADGE" value="true" />
    <property name="java.version.date" value="2019-01-15" />
    <property name="env.PS4" value="+" />
    <property name="ant.project.invoked-targets" value="build,test.core1.xml" />
    <property name="env.TRAVIS_PULL_REQUEST_BRANCH" value="" />
    <property name="env.TRAVIS_REPO_SLUG" value="icyphy/ptII" />
    <property name="env.XDG_DATA_DIRS" value="/usr/local/share:/usr/share:/var/lib/snapd/desktop" />
    <property name="jdk.debug" value="release" />
    <property name="env.TRAVIS_APT_PROXY" value="http://apt.cache.travis-ci.com" />
    <property name="node.in.path" value="true" />
    <property name="user.name" value="travis" />
    <property name="java.maxmemory" value="1400m" />
    <property name="env.RUBY_VERSION" value="ruby-2.5.3" />
    <property name="env.LANG" value="en_US.UTF-8" />
    <property name="sun.io.unicode.encoding" value="UnicodeLittle" />
    <property name="sun.jnu.encoding" value="UTF-8" />
    <property name="java.runtime.name" value="OpenJDK Runtime Environment" />
    <property name="usefile" value="false" />
    <property name="return.code" value="0" />
    <property name="junit.single.formatter" value="plain" />
    <property name="env.DYLD_LIBRARY_PATH" value="/home/travis/pthla/certi-tools/lib:" />
    <property name="env.DEBIAN_FRONTEND" value="noninteractive" />
    <property name="env.SSH_CONNECTION" value="10.24.12.20 44108 10.20.1.195 22" />
    <property name="env.MYSQL_UNIX_PORT" value="/var/run/mysqld/mysqld.sock" />
    <property name="env.LC_ALL" value="en_US.UTF-8" />
    <property name="env.TRAVIS_ALLOW_FAILURE" value="false" />
    <property name="env.TRAVIS_JOB_WEB_URL" value="https://travis-ci.org/icyphy/ptII/jobs/578651709" />
    <property name="java.specification.name" value="Java Platform API Specification" />
    <property name="node.works" value="true" />
    <property name="user.timezone" value="" />
    <property name="path.separator" value=":" />
    <property name="env.TRAVIS_ENABLE_INFRA_DETECTION" value="true" />
    <property name="env.PYTHON_CFLAGS" value="-g -fstack-protector --param=ssp-buffer-size=4 -Wformat -Werror=format-security" />
    <property name="timeout.long" value="4000000" />
    <property name="env.CERTI_HOME" value="/home/travis/pthla/certi-tools" />
    <property name="ant.file.ptII" value="/home/travis/build/icyphy/ptII/build.xml" />
    <property name="javadoc.packagenames" value="com.*,diva.*,lbnl.*,org.hlacerti.*,org.json.*,org.ptolemy.*,org.terraswarm.*,ptolemy.*,ptserver.*" />
    <property name="file.encoding" value="UTF-8" />
    <property name="env.TRAVIS_PULL_REQUEST_SLUG" value="" />
    <property name="ant.project.default-target" value="build" />
    <property name="env.GIT_ASKPASS" value="echo" />
    <property name="env.HOME" value="/home/travis" />
    <property name="sun.java.command" value="org.apache.tools.ant.taskdefs.optional.junit.JUnitTestRunner ptolemy.actor.lib.test.junit.JUnitTclTest skipNonTests=false filtertrace=true haltOnError=false haltOnFailure=false formatter=org.apache.tools.ant.taskdefs.optional.junit.OutErrSummaryJUnitResultFormatter showoutput=true outputtoformatters=true logfailedtests=true threadid=0 logtestlistenerevents=false formatter=org.apache.tools.ant.taskdefs.optional.junit.XMLJUnitResultFormatter,/home/travis/build/icyphy/ptII/reports/junit/TEST-ptolemy.actor.lib.test.junit.JUnitTclTest.xml crashfile=/home/travis/build/icyphy/ptII/junitvmwatcher11473038287395693367.properties propsfile=/home/travis/build/icyphy/ptII/junit8512405316452726938.properties" />
    <property name="env.COMPOSER_NO_INTERACTION" value="1" />
    <property name="env.MANPATH" value="/home/travis/.nvm/versions/node/v7.10.1/share/man:/home/travis/.rvm/rubies/ruby-2.5.3/share/man:/usr/local/cmake-3.12.4/man:/usr/local/clang-7.0.0/share/man:/usr/local/man:/usr/local/share/man:/usr/share/man:/home/travis/.rvm/man" />
    <property name="env.TRAVIS_TIMER_ID" value="00722838" />
    <property name="ant.file" value="/home/travis/build/icyphy/ptII/build.xml" />
    <property name="env.TRAVIS_COMMIT_RANGE" value="42e172ae347fdc5d0e580488fa33ff6bc00cac99...f9c12c6b2ccbd758ceec4e9ffc44e2f31da246f0" />
    <property name="env._system_name" value="Ubuntu" />
    <property name="ptII.classpath.optional.property" value="/home/travis/build/icyphy/ptII/lib/bsh-2.0b4.jar:/home/travis/build/icyphy/ptII/lib/ptCal.jar:/home/travis/build/icyphy/ptII/lib/java_cup.jar:/home/travis/build/icyphy/ptII/lib/saxon8.jar:/home/travis/build/icyphy/ptII/lib/saxon8-dom.jar:/home/travis/build/icyphy/ptII/lib/chic.jar:/home/travis/build/icyphy/ptII/lib/ptcolt.jar:/home/travis/build/icyphy/ptII/vendors/misc/itext/iText.jar:/home/travis/build/icyphy/ptII/lib/g4ltl.jar:/home/travis/build/icyphy/ptII/lib/StructuralCoder.jar:/home/travis/build/icyphy/ptII/lib/jcerti.jar:/home/travis/build/icyphy/ptII/lib/javax.mail.jar:/home/travis/build/icyphy/ptII/vendors/JMF-2.1.1e/lib/jmf.jar:/home/travis/build/icyphy/ptII/lib/jna-4.0.0-variadic.jar:/home/travis/build/icyphy/ptII/vendors/misc/joystick/Joystick.jar:/home/travis/build/icyphy/ptII/lib/ptjacl.jar:/home/travis/build/icyphy/ptII/lib/jsoup-1.8.2.jar:/home/travis/build/icyphy/ptII/lib/junit-4.8.2.jar:/home/travis/build/icyphy/ptII/lib/JUnitParams-0.4.0.jar:/home/travis/build/icyphy/ptII/ptolemy/actor/lib/excel/jxl.jar:/home/travis/build/icyphy/ptII/lib/jython.jar:/home/travis/build/icyphy/ptII/lib/kieler.jar:/home/travis/build/icyphy/ptII/vendors/opencv/share/OpenCV/java/opencv-341.jar:/home/travis/build/icyphy/ptII/lib/oscP5.jar:/home/travis/build/icyphy/ptII/lib/nrjavaserial-3.11.0.devel.jar:/home/travis/build/icyphy/ptII/vendors/j3d/lib/Linux/j3dcore.jar:/home/travis/build/icyphy/ptII/vendors/j3d/lib/Linux/j3dutils.jar:/home/travis/build/icyphy/ptII/vendors/j3d/lib/Linux/vecmath.jar:/home/travis/build/icyphy/ptII/vendors/jogl/lib/Linux/gluegen-rt-natives-linux-amd64.jar:/home/travis/build/icyphy/ptII/vendors/jogl/lib/Linux/gluegen-rt.jar:/home/travis/build/icyphy/ptII/vendors/jogl/lib/Linux/jogl-all-natives-linux-amd64.jar:/home/travis/build/icyphy/ptII/vendors/jogl/lib/Linux/jogl-all.jar:/home/travis/build/icyphy/ptII/ptolemy/distributed/jini/jar/jini-core.jar:/home/travis/build/icyphy/ptII/ptolemy/distributed/jini/jar/jini-ext.jar:/home/travis/build/icyphy/ptII/ptolemy/distributed/jini/jar/sun-util.jar:/home/travis/build/icyphy/ptII/lib/protobuf-java-2.4.1.jar:/home/travis/build/icyphy/ptII/lib/org.eclipse.paho.client.mqttv3.jar:/home/travis/build/icyphy/ptII/lib/mapss.jar:/home/travis/build/icyphy/ptII/ptolemy/actor/ptalon/antlr/antlr.jar:/home/travis/build/icyphy/ptII/lib/JRI.jar:/home/travis/build/icyphy/ptII/lib/commons-lang-2.6.jar:/home/travis/build/icyphy/ptII/lib/commons-logging-1.1.1.jar:/home/travis/build/icyphy/ptII/lib/sootclasses.jar:/home/travis/build/icyphy/ptII/ptolemy/actor/lib/database/mysql-connector-java-5.1.6-bin.jar:/home/travis/build/icyphy/ptII/vendors/misc/sphinx4/sphinx4-data-5prealpha.jar:/home/travis/build/icyphy/ptII/vendors/misc/sphinx4/sphinx4-core-5prealpha.jar:/home/travis/build/icyphy/ptII/lib/PDFRenderer.jar:/home/travis/build/icyphy/ptII/lib/svgSalamander.jar:/home/travis/build/icyphy/ptII/lib/rsyntaxtextarea-2.6.0-SNAPSHOT.jar:/home/travis/build/icyphy/ptII/lib/hazelcast-3.8.2.jar:/home/travis/build/icyphy/ptII/lib/jackson-annotations-2.9.0.jar:/home/travis/build/icyphy/ptII/lib/jackson-core-2.9.3.jar:/home/travis/build/icyphy/ptII/lib/jackson-databind-2.9.3.jar:/home/travis/build/icyphy/ptII/lib/netty-buffer-4.1.19.Final.jar:/home/travis/build/icyphy/ptII/lib/netty-codec-4.1.19.Final.jar:/home/travis/build/icyphy/ptII/lib/netty-codec-dns-4.1.19.Final.jar:/home/travis/build/icyphy/ptII/lib/netty-codec-http-4.1.19.Final.jar:/home/travis/build/icyphy/ptII/lib/netty-codec-http2-4.1.19.Final.jar:/home/travis/build/icyphy/ptII/lib/netty-common-4.1.19.Final.jar:/home/travis/build/icyphy/ptII/lib/netty-handler-4.1.19.Final.jar:/home/travis/build/icyphy/ptII/lib/netty-resolver-4.1.19.Final.jar:/home/travis/build/icyphy/ptII/lib/netty-resolver-dns-4.1.19.Final.jar:/home/travis/build/icyphy/ptII/lib/netty-transport-4.1.19.Final.jar:/home/travis/build/icyphy/ptII/lib/vertx-codegen-3.5.1.jar:/home/travis/build/icyphy/ptII/lib/vertx-core-3.5.2-SNAPSHOT.jar:/home/travis/build/icyphy/ptII/lib/vertx-hazelcast-3.5.1.jar:/home/travis/build/icyphy/ptII/lib/vertx-lang-js-3.5.1.jar:/home/travis/build/icyphy/ptII/lib/vertx-service-proxy-3.5.1.jar:/home/travis/build/icyphy/ptII/lib/vertx-web-3.5.1.jar:/home/travis/build/icyphy/ptII/lib/slf4j-api-1.7.13.jar:/home/travis/build/icyphy/ptII/lib/slf4j-simple-1.7.13.jar:/home/travis/build/icyphy/ptII/lib/webcam-capture-0.3.12.jar:/home/travis/build/icyphy/ptII/lib/bridj-0.7.0.jar:/home/travis/build/icyphy/ptII/lib/xbjlib-1.1.0.nrjavaserial.jar" />
    <property name="timeout" value="2400000" />
    <property name="test.batch" value="**/junit/*.java" />
    <property name="env._" value="/usr/bin/timeout" />
    <property name="java.io.tmpdir" value="/tmp" />
    <property name="user.language" value="en" />
    <property name="env.TRAVIS_INTERNAL_RUBY_REGEX" value="^ruby-(2\.[0-4]\.[0-9]|1\.9\.3)" />
    <property name="env.HISTCONTROL" value="ignoredups:ignorespace" />
    <property name="env.GOROOT" value="/home/travis/.gimme/versions/go1.11.1.linux.amd64" />
    <property name="line.separator" value="&#xa;" />
    <property name="target" value="11" />
    <property name="env.TRAVIS_BUILD_DIR" value="/home/travis/build/icyphy/ptII" />
    <property name="env.ANT_OPTS" value="-Xmx2048m" />
    <property name="ant.file.type" value="file" />
    <property name="ptolemy.ptII.batchMode" value="true" />
    <property name="env.HISTSIZE" value="1000" />
    <property name="env.MERB_ENV" value="test" />
    <property name="java.vm.info" value="mixed mode" />
    <property name="source" value="11" />
    <property name="java.vm.specification.name" value="Java Virtual Machine Specification" />
    <property name="env.TRAVIS_TEST_RESULT" value="0" />
    <property name="jsdoc.command" value="node_modules/@terraswarm/jsdoc/jsdoc.js" />
    <property name="npm.works" value="true" />
    <property name="cobertura.dir" value="/home/travis/build/icyphy/ptII/vendors/cobertura-2.0.3" />
    <property name="jsdoc.command.exists" value="true" />
    <property name="env.rvm_path" value="/home/travis/.rvm" />
    <property name="env.GEM_PATH" value="/home/travis/.rvm/gems/ruby-2.5.3:/home/travis/.rvm/gems/ruby-2.5.3@global" />
    <property name="env.LC_CTYPE" value="en_US.UTF-8" />
    <property name="env.TRAVIS_CMD" value="$PTII/bin/ptIITravisBuild.sh $SECONDS" />
    <property name="java.awt.printerjob" value="sun.print.PSPrinterJob" />
    <property name="env.TRAVIS_STACK_NAME" value="sardonyx" />
    <property name="env.TRAVIS_TIMER_START_TIME" value="1567142732623555684" />
    <property name="ant.version" value="Apache Ant(TM) version 1.10.1 compiled on February 2 2017" />
    <property name="ptII.reports" value="/home/travis/build/icyphy/ptII/reports" />
    <property name="env.TRAVIS_STACK_TIMESTAMP" value="2019-03-25 16:16:56 UTC" />
    <property name="ant.file.type.ptII" value="file" />
    <property name="env.RBENV_SHELL" value="bash" />
    <property name="os.name" value="Linux" />
    <property name="java.specification.vendor" value="Oracle Corporation" />
    <property name="env.rvm_version" value="1.29.7 (latest)" />
    <property name="env.TRAVIS_INFRA" value="gce" />
    <property name="env.TERM" value="xterm" />
    <property name="java.vm.name" value="OpenJDK 64-Bit Server VM" />
    <property name="env.TRAVIS_BUILD_NUMBER" value="1312" />
    <property name="env.CI" value="true" />
    <property name="java.library.path" value="/home/travis/pthla/certi-tools/lib:/usr/lib/jni:/usr/local/share/OpenCV/java/:/usr/share/OpenCV/java::/usr/java/packages/lib:/usr/lib64:/lib64:/lib:/usr/lib" />
    <property name="jdk.module.path" value="/home/travis/build/icyphy/ptII/vendors/javafx/javafx-sdk-11.0.2/lib:" />
    <property name="env.rvm_prefix" value="/home/travis" />
    <property name="env.PATH" value="/home/travis/pthla/certi-tools/share/scripts:/home/travis/.rvm/gems/ruby-2.5.3/bin:/home/travis/.rvm/gems/ruby-2.5.3@global/bin:/home/travis/.rvm/rubies/ruby-2.5.3/bin:/home/travis/.rvm/bin:/home/travis/.nvm/versions/node/v7.10.1/bin:./node_modules/.bin:/home/travis/build/icyphy/ptII/bin:/home/travis/pthla/certi-tools/bin:/home/travis/bin:/home/travis/.local/bin:/usr/local/lib/jvm/openjdk11/bin:/opt/pyenv/shims:/home/travis/.phpenv/shims:/home/travis/perl5/perlbrew/bin:/home/travis/gopath/bin:/home/travis/.gimme/versions/go1.11.1.linux.amd64/bin:/usr/local/maven-3.6.0/bin:/usr/local/cmake-3.12.4/bin:/usr/local/clang-7.0.0/bin:/usr/local/sbin:/usr/local/bin:/usr/sbin:/usr/bin:/sbin:/bin:/snap/bin:/home/travis/.phpenv/bin:/opt/pyenv/bin:/home/travis/.yarn/bin" />
    <property name="env.TRAVIS_OS_NAME" value="linux" />
    <property name="ant.java.version" value="9" />
    <property name="basedir" value="/home/travis/build/icyphy/ptII" />
    <property name="java.class.version" value="55.0" />
    <property name="env.SHLVL" value="3" />
    <property name="env.LD_LIBRARY_PATH" value="/home/travis/pthla/certi-tools/lib:/usr/lib/jni:/usr/local/share/OpenCV/java/:/usr/share/OpenCV/java:" />
    <property name="env.RACK_ENV" value="test" />
    <property name="ant.home" value="/home/travis/build/icyphy/ptII/ant" />
    <property name="env.NVM_DIR" value="/home/travis/.nvm" />
    <property name="env.CERTI_FOM_PATH" value="/home/travis/pthla/certi-tools/share/federations" />
    <property name="env.TRAVIS_BUILD_ID" value="578651701" />
    <property name="env.PYENV_ROOT" value="/opt/pyenv" />
    <property name="env.TRAVIS_UID" value="2000" />
    <property name="prism.verbose" value="true" />
    <property name="env.NVM_BIN" value="/home/travis/.nvm/versions/node/v7.10.1/bin" />
    <property name="env.TRAVIS_COMMIT" value="f9c12c6b2ccbd758ceec4e9ffc44e2f31da246f0" />
    <property name="env._system_arch" value="x86_64" />
    <property name="node.executable" value="node" />
    <property name="sun.boot.library.path" value="/usr/local/lib/jvm/openjdk11/lib" />
    <property name="sun.management.compiler" value="HotSpot 64-Bit Tiered Compilers" />
    <property name="java.awt.graphicsenv" value="sun.awt.X11GraphicsEnvironment" />
    <property name="env.GOPATH" value="/home/travis/gopath" />
    <property name="ptolemy.ptII.dir" value="/home/travis/build/icyphy/ptII" />
    <property name="env.USER" value="travis" />
    <property name="env.HISTFILESIZE" value="2000" />
    <property name="timeout.longest" value="19000000" />
    <property name="env.PERLBREW_SHELLRC_VERSION" value="0.86" />
    <property name="env.TRAVIS_STACK_FEATURES" value="basic couchdb disabled-ipv6 docker docker-compose elasticsearch firefox go-toolchain google-chrome jdk memcached mongodb mysql nodejs_interpreter perl_interpreter perlbrew phantomjs postgresql python_interpreter redis ruby_interpreter sqlite xserver" />
    <property name="env.TRAVIS_PULL_REQUEST" value="false" />
    <property name="env.PYENV_SHELL" value="bash" />
    <property name="ant.project.name" value="ptII" />
    <property name="env.ANSI_RESET" value="\033[0m" />
    <property name="java.vm.specification.version" value="11" />
    <property name="env.TRAVIS_DIST" value="xenial" />
    <property name="env.CERTI_VERSION" value="4.0.0" />
    <property name="env.CERTI_HOST" value="localhost" />
    <property name="awt.toolkit" value="sun.awt.X11.XToolkit" />
    <property name="env.MY_RUBY_HOME" value="/home/travis/.rvm/rubies/ruby-2.5.3" />
    <property name="sun.cpu.isalist" value="" />
    <property name="env.TRAVIS_TMPDIR" value="/tmp/tmp.nDedrdSdij" />
    <property name="java.vm.compressedOopsMode" value="Zero based" />
    <property name="os.version" value="4.15.0-1028-gcp" />
    <property name="user.home" value="/home/travis" />
    <property name="java.vm.vendor" value="Oracle Corporation" />
    <property name="env.TRAVIS_TAG" value="nightly" />
    <property name="env.ANSI_YELLOW" value="\033[33;1m" />
    <property name="env.TRAVIS_FILTERED" value="redirect_io" />
    <property name="env.ANSI_GREEN" value="\033[32;1m" />
    <property name="env.JAVA_HOME" value="/usr/local/lib/jvm/openjdk11" />
    <property name="javadoc.excludepackagenames" value="adm.cvs2svn.*,build.*,config.*,doc.coding.templates.*,jni.test.jni.meaningOfLife.*,jni.test.jni.testDeux.*,jni.test.jni.testTrois.*,org.terraswarm.accessor.accessors.web.node_modules.*,org.terraswarm.accessor.accessors.web.hosts.cordova.demo.*,org.terraswarm.accessor.accessors.web.hosts.cordova.plugins.*,org.terraswarm.accessor.accessors-svn.*,pt-modules.*,ptolemy.apps.agilent.*,ptolemy.apps.anytimecontrol.*,ptolemy.apps.apes.*,ptolemy.apps.charon.*,ptolemy.apps.crazyboard.*,ptolemy.apps.eclipse.*,ptolemy.apps.etherealSting.*,ptolemy.apps.fullscreen.*,ptolemy.apps.giotto.*,ptolemy.apps.ia.*,ptolemy.apps.interfaces.*,ptolemy.apps.jmf.*,ptolemy.apps.kurt.*,ptolemy.apps.kvm.*,ptolemy.apps.lego.*,ptolemy.apps.lejos.*,ptolemy.apps.midp.*,ptolemy.apps.mobileCoding.*,ptolemy.apps.pendulum.*,ptolemy.apps.rijndael.*,ptolemy.apps.robot.*,ptolemy.apps.security.*,ptolemy.apps.sobel.*,ptolemy.apps.soot.*,ptolemy.apps.throttle.*,ptolemy.apps.tini.*,ptolemy.apps.transmission.*,ptolemy.apps.vergil.*,ptolemy.apps.waba.*,ptolemy.apps.websensor.*,ptolemy.apps.webstart.*,ptolemy.apps.xsl.*,ptolemy.apps.zaurus.*,ptolemy.codegen.c.actor.lib.oldJavaFiles.*,ptolemy.codegen.dsp.lib.*,ptolemy.codegen.kernel.newInterfaces.*,ptolemy.codegen.lib.*,ptolemy.copernicus.kernel.fragment.*,ptolemy.copernicus.shallow.cg.*,ptolemy.domains.giotto.demo.Hierarchy.Hierarchy.*,ptolemy.domains.giotto.demo.Multimode.Multimode.*,ptolemy.domains.giotto.demo.Simple.Simple.*,ptolemy.domains.gr.lib.experimental.*,ptolemy.domains.gro.*,ptolemy.domains.pdf.*,ptolemy.domains.ptinyos.demo.Surge.output.*,ptolemy.moml.test.NoPackageActor.java*,ptolemy.plot.adm.*,ptolemy.plot.servlet.*,reports.*,signed.*,src.*,target.*,vendors.*,ptolemy.copernicus.applet.*,ptolemy.media.viewer.*,ptolemy.actor.corba.*,doc.doclets.*,ptolemy.apps.eclipse.awt.*,ptolemy.backtrack.*,ptolemy.backtrack.ast.*,ptolemy.cg.adapter.generic.program.procedural.c.mbed*,ptolemy.homer.*,ptolemy.actor.lib.jai.*,org.ptolemy.scala.*,diva.util.java2d.svg.*,ptolemy.domains.ptinyos.*,ptolemy.actor.lib.fmi.fmipp.*,,org.terraswarm.accessor.accessors.web.node_modules.*,org.terraswarm.accessor.accessors-svn,ptolemy.apps.*,ptolemy.actor.ptalon.demo.ptinyos.SendAndReceiveCnt.output,ptolemy.actor.ptalon.demo.ptinyos.SenseToLeds.output,ptolemy.domains.ptinyos.demo.CntToLedsAndRfm.output,ptolemy.domains.ptinyos.demo.RfmToLeds.output,ptolemy.domains.ptinyos.demo.SendAndReceiveCnt.output,ptolemy.domains.ptinyos.demo.SenseToLeds.output,ptolemy.actor.lib.jjs.modules.udpSocket.*" />
    <property name="env.PTII" value="/home/travis/build/icyphy/ptII" />
    <property name="env.XDG_SESSION_ID" value="2" />
    <property name="keystore" value="ptKeystore" />
    <property name="env.TRAVIS_COMMIT_MESSAGE" value="Removed mention of svn." />
    <property name="junit.output.dir" value="/home/travis/build/icyphy/ptII/reports/junit" />
    <property name="npm.return.code" value="0" />
    <property name="user.dir" value="/home/travis/build/icyphy/ptII/ptolemy/actor/lib/test" />
    <property name="env.TRAVIS_NODE_VERSION" value="7" />
    <property name="env.TRAVIS_EVENT_TYPE" value="cron" />
    <property name="env.MAIL" value="/var/mail/travis" />
    <property name="env.PERLBREW_ROOT" value="/home/travis/perl5/perlbrew" />
    <property name="env.PWD" value="/home/travis/build/icyphy/ptII" />
    <property name="timeout.npm" value="45000" />
    <property name="env.TRAVIS_ARCH" value="amd64" />
    <property name="sun.cpu.endian" value="little" />
    <property name="env.PAGER" value="cat" />
    <property name="env.TRAVIS_BUILD_STAGE_NAME" value="Test" />
    <property name="env.PERLBREW_HOME" value="/home/travis/.perlbrew" />
    <property name="java.vm.version" value="11.0.2+9" />
    <property name="env.RAILS_ENV" value="test" />
    <property name="java.class.path" value="/home/travis/.ptolemyII:/home/travis/.ptolemyII/*:/home/travis/build/icyphy/ptII:/home/travis/build/icyphy/ptII/lib/bsh-2.0b4.jar:/home/travis/build/icyphy/ptII/lib/ptCal.jar:/home/travis/build/icyphy/ptII/lib/java_cup.jar:/home/travis/build/icyphy/ptII/lib/saxon8.jar:/home/travis/build/icyphy/ptII/lib/saxon8-dom.jar:/home/travis/build/icyphy/ptII/lib/chic.jar:/home/travis/build/icyphy/ptII/lib/ptcolt.jar:/home/travis/build/icyphy/ptII/vendors/misc/itext/iText.jar:/home/travis/build/icyphy/ptII/lib/g4ltl.jar:/home/travis/build/icyphy/ptII/lib/StructuralCoder.jar:/home/travis/build/icyphy/ptII/lib/jcerti.jar:/home/travis/build/icyphy/ptII/lib/javax.mail.jar:/home/travis/build/icyphy/ptII/vendors/JMF-2.1.1e/lib/jmf.jar:/home/travis/build/icyphy/ptII/lib/jna-4.0.0-variadic.jar:/home/travis/build/icyphy/ptII/vendors/misc/joystick/Joystick.jar:/home/travis/build/icyphy/ptII/lib/ptjacl.jar:/home/travis/build/icyphy/ptII/lib/jsoup-1.8.2.jar:/home/travis/build/icyphy/ptII/lib/junit-4.8.2.jar:/home/travis/build/icyphy/ptII/lib/JUnitParams-0.4.0.jar:/home/travis/build/icyphy/ptII/ptolemy/actor/lib/excel/jxl.jar:/home/travis/build/icyphy/ptII/lib/jython.jar:/home/travis/build/icyphy/ptII/lib/kieler.jar:/home/travis/build/icyphy/ptII/vendors/opencv/share/OpenCV/java/opencv-341.jar:/home/travis/build/icyphy/ptII/lib/oscP5.jar:/home/travis/build/icyphy/ptII/lib/nrjavaserial-3.11.0.devel.jar:/home/travis/build/icyphy/ptII/vendors/j3d/lib/Linux/j3dcore.jar:/home/travis/build/icyphy/ptII/vendors/j3d/lib/Linux/j3dutils.jar:/home/travis/build/icyphy/ptII/vendors/j3d/lib/Linux/vecmath.jar:/home/travis/build/icyphy/ptII/vendors/jogl/lib/Linux/gluegen-rt-natives-linux-amd64.jar:/home/travis/build/icyphy/ptII/vendors/jogl/lib/Linux/gluegen-rt.jar:/home/travis/build/icyphy/ptII/vendors/jogl/lib/Linux/jogl-all-natives-linux-amd64.jar:/home/travis/build/icyphy/ptII/vendors/jogl/lib/Linux/jogl-all.jar:/home/travis/build/icyphy/ptII/ptolemy/distributed/jini/jar/jini-core.jar:/home/travis/build/icyphy/ptII/ptolemy/distributed/jini/jar/jini-ext.jar:/home/travis/build/icyphy/ptII/ptolemy/distributed/jini/jar/sun-util.jar:/home/travis/build/icyphy/ptII/lib/protobuf-java-2.4.1.jar:/home/travis/build/icyphy/ptII/lib/org.eclipse.paho.client.mqttv3.jar:/home/travis/build/icyphy/ptII/lib/mapss.jar:/home/travis/build/icyphy/ptII/ptolemy/actor/ptalon/antlr/antlr.jar:/home/travis/build/icyphy/ptII/lib/JRI.jar:/home/travis/build/icyphy/ptII/lib/commons-lang-2.6.jar:/home/travis/build/icyphy/ptII/lib/commons-logging-1.1.1.jar:/home/travis/build/icyphy/ptII/lib/sootclasses.jar:/home/travis/build/icyphy/ptII/ptolemy/actor/lib/database/mysql-connector-java-5.1.6-bin.jar:/home/travis/build/icyphy/ptII/vendors/misc/sphinx4/sphinx4-data-5prealpha.jar:/home/travis/build/icyphy/ptII/vendors/misc/sphinx4/sphinx4-core-5prealpha.jar:/home/travis/build/icyphy/ptII/lib/PDFRenderer.jar:/home/travis/build/icyphy/ptII/lib/svgSalamander.jar:/home/travis/build/icyphy/ptII/lib/rsyntaxtextarea-2.6.0-SNAPSHOT.jar:/home/travis/build/icyphy/ptII/lib/hazelcast-3.8.2.jar:/home/travis/build/icyphy/ptII/lib/jackson-annotations-2.9.0.jar:/home/travis/build/icyphy/ptII/lib/jackson-core-2.9.3.jar:/home/travis/build/icyphy/ptII/lib/jackson-databind-2.9.3.jar:/home/travis/build/icyphy/ptII/lib/netty-buffer-4.1.19.Final.jar:/home/travis/build/icyphy/ptII/lib/netty-codec-4.1.19.Final.jar:/home/travis/build/icyphy/ptII/lib/netty-codec-dns-4.1.19.Final.jar:/home/travis/build/icyphy/ptII/lib/netty-codec-http-4.1.19.Final.jar:/home/travis/build/icyphy/ptII/lib/netty-codec-http2-4.1.19.Final.jar:/home/travis/build/icyphy/ptII/lib/netty-common-4.1.19.Final.jar:/home/travis/build/icyphy/ptII/lib/netty-handler-4.1.19.Final.jar:/home/travis/build/icyphy/ptII/lib/netty-resolver-4.1.19.Final.jar:/home/travis/build/icyphy/ptII/lib/netty-resolver-dns-4.1.19.Final.jar:/home/travis/build/icyphy/ptII/lib/netty-transport-4.1.19.Final.jar:/home/travis/build/icyphy/ptII/lib/vertx-codegen-3.5.1.jar:/home/travis/build/icyphy/ptII/lib/vertx-core-3.5.2-SNAPSHOT.jar:/home/travis/build/icyphy/ptII/lib/vertx-hazelcast-3.5.1.jar:/home/travis/build/icyphy/ptII/lib/vertx-lang-js-3.5.1.jar:/home/travis/build/icyphy/ptII/lib/vertx-service-proxy-3.5.1.jar:/home/travis/build/icyphy/ptII/lib/vertx-web-3.5.1.jar:/home/travis/build/icyphy/ptII/lib/slf4j-api-1.7.13.jar:/home/travis/build/icyphy/ptII/lib/slf4j-simple-1.7.13.jar:/home/travis/build/icyphy/ptII/lib/webcam-capture-0.3.12.jar:/home/travis/build/icyphy/ptII/lib/bridj-0.7.0.jar:/home/travis/build/icyphy/ptII/lib/xbjlib-1.1.0.nrjavaserial.jar:/home/travis/build/icyphy/ptII/ptolemy/moml/test:/home/travis/build/icyphy/ptII/ant/lib/ant-launcher.jar:/home/travis/build/icyphy/ptII/ant/lib/ant.jar:/home/travis/build/icyphy/ptII/ant/lib/ant-junit.jar:/home/travis/build/icyphy/ptII/ant/lib/ant-junit4.jar" />
    <property name="ant.library.dir" value="/home/travis/build/icyphy/ptII/ant/lib" />
    <property name="os.arch" value="amd64" />
    <property name="env.CONTINUOUS_INTEGRATION" value="true" />
    <property name="env.TRAVIS_LANGUAGE" value="node_js" />
    <property name="env.TRAVIS_STACK_LANGUAGES" value="__sardonyx__ c c++ clojure cplusplus cpp default generic go groovy java node_js php pure_java python ruby scala" />
    <property name="test.name" value="ptolemy.actor.lib.test.junit.JUnitTclTest" />
    <property name="env.APT_KEY_DONT_WARN_ON_DANGEROUS_USAGE" value="1" />
    <property name="sun.java.launcher" value="SUN_STANDARD" />
    <property name="env.PYTHON_CONFIGURE_OPTS" value="--enable-unicode=ucs4 --with-wide-unicode --enable-shared --enable-ipv6 --enable-loadable-sqlite-extensions --with-computed-gotos" />
    <property name="ant.core.lib" value="/home/travis/build/icyphy/ptII/ant/lib/ant.jar" />
    <property name="java.vm.specification.vendor" value="Oracle Corporation" />
    <property name="env.BCVTB_HOME" value="/home/travis/build/icyphy/ptII/lbnl" />
    <property name="file.separator" value="/" />
    <property name="spotbugs.home" value="/home/travis/build/icyphy/ptII/vendors/spotbugs-3.1.1" />
    <property name="java.runtime.version" value="11.0.2+9" />
    <property name="env.ANSI_CLEAR" value="\033[0K" />
    <property name="javafx.verbose" value="true" />
    <property name="env.HAS_JOSH_K_SEAL_OF_APPROVAL" value="true" />
    <property name="env.XDG_RUNTIME_DIR" value="/run/user/2000" />
    <property name="env.TRAVIS_OSX_IMAGE" value="" />
    <property name="env.TRAVIS_JOB_ID" value="578651709" />
    <property name="env.TRAVIS_BRANCH" value="master" />
    <property name="user.country" value="US" />
    <property name="env.CERTI_HOME_TRAVIS" value="/home/travis/pthla/certi-tools" />
    <property name="env.SHELL" value="/bin/bash" />
    <property name="java.maxmemory.large" value="3200m" />
    <property name="model" value="" />
    <property name="env.CASHER_DIR" value="/home/travis/.casher" />
    <property name="env.NVM_CD_FLAGS" value="" />
    <property name="java.vendor.version" value="18.9" />
    <property name="jshint.executable" value="/home/travis/node_modules/jshint/bin/jshint" />
    <property name="env.JRUBY_OPTS" value=" --client -J-XX:+TieredCompilation -J-XX:TieredStopAtLevel=1 -J-Xss2m -Xcompile.invokedynamic=false" />
    <property name="java.vendor" value="Oracle Corporation" />
    <property name="env.TRAVIS_PRE_CHEF_BOOTSTRAP_TIME" value="2019-03-25T16:16:42" />
    <property name="env.TRAVIS_STACK_JOB_BOARD_REGISTER" value="/.job-board-register.yml" />
    <property name="env.ANSI_RED" value="\033[31;1m" />
    <property name="java.specification.version" value="11" />
    <property name="env.IRBRC" value="/home/travis/.rvm/rubies/ruby-2.5.3/.irbrc" />
    <property name="env.TRAVIS" value="true" />
    <property name="sun.arch.data.model" value="64" />
  </properties>
  <testcase classname="ptolemy.util.test.junit.TclTests" name="[0] /home/travis/build/icyphy/ptII/ptolemy/actor/lib/test/AbsoluteValue.tcl (RunTclFile)" time="0.611" />
  <testcase classname="ptolemy.util.test.junit.TclTests" name="[1] /home/travis/build/icyphy/ptII/ptolemy/actor/lib/test/AddSubtract.tcl (RunTclFile)" time="0.223" />
  <testcase classname="ptolemy.util.test.junit.TclTests" name="[2] /home/travis/build/icyphy/ptII/ptolemy/actor/lib/test/Average.tcl (RunTclFile)" time="0.074" />
  <testcase classname="ptolemy.util.test.junit.TclTests" name="[3] /home/travis/build/icyphy/ptII/ptolemy/actor/lib/test/Bernoulli.tcl (RunTclFile)" time="0.042" />
  <testcase classname="ptolemy.util.test.junit.TclTests" name="[4] /home/travis/build/icyphy/ptII/ptolemy/actor/lib/test/Clock.tcl (RunTclFile)" time="0.141" />
  <testcase classname="ptolemy.util.test.junit.TclTests" name="[5] /home/travis/build/icyphy/ptII/ptolemy/actor/lib/test/Commutator.tcl (RunTclFile)" time="0.201" />
  <testcase classname="ptolemy.util.test.junit.TclTests" name="[6] /home/travis/build/icyphy/ptII/ptolemy/actor/lib/test/Const.tcl (RunTclFile)" time="0.17" />
  <testcase classname="ptolemy.util.test.junit.TclTests" name="[7] /home/travis/build/icyphy/ptII/ptolemy/actor/lib/test/CurrentTime.tcl (RunTclFile)" time="0.049" />
  <testcase classname="ptolemy.util.test.junit.TclTests" name="[8] /home/travis/build/icyphy/ptII/ptolemy/actor/lib/test/DB.tcl (RunTclFile)" time="0.073" />
  <testcase classname="ptolemy.util.test.junit.TclTests" name="[9] /home/travis/build/icyphy/ptII/ptolemy/actor/lib/test/DiscreteRandomSource.tcl (RunTclFile)" time="0.055" />
  <testcase classname="ptolemy.util.test.junit.TclTests" name="[10] /home/travis/build/icyphy/ptII/ptolemy/actor/lib/test/Distributor.tcl (RunTclFile)" time="0.04" />
  <testcase classname="ptolemy.util.test.junit.TclTests" name="[11] /home/travis/build/icyphy/ptII/ptolemy/actor/lib/test/Exit.tcl (RunTclFile)" time="0.082" />
  <testcase classname="ptolemy.util.test.junit.TclTests" name="[12] /home/travis/build/icyphy/ptII/ptolemy/actor/lib/test/Expression.tcl (RunTclFile)" time="0.122" />
  <testcase classname="ptolemy.util.test.junit.TclTests" name="[13] /home/travis/build/icyphy/ptII/ptolemy/actor/lib/test/Gaussian.tcl (RunTclFile)" time="0.58" />
  <testcase classname="ptolemy.util.test.junit.TclTests" name="[14] /home/travis/build/icyphy/ptII/ptolemy/actor/lib/test/IIR.tcl (RunTclFile)" time="0.055" />
  <testcase classname="ptolemy.util.test.junit.TclTests" name="[15] /home/travis/build/icyphy/ptII/ptolemy/actor/lib/test/Interpolator.tcl (RunTclFile)" time="0.139" />
  <testcase classname="ptolemy.util.test.junit.TclTests" name="[16] /home/travis/build/icyphy/ptII/ptolemy/actor/lib/test/MathFunction.tcl (RunTclFile)" time="0.105" />
  <testcase classname="ptolemy.util.test.junit.TclTests" name="[17] /home/travis/build/icyphy/ptII/ptolemy/actor/lib/test/Maximum.tcl (RunTclFile)" time="0.048" />
  <testcase classname="ptolemy.util.test.junit.TclTests" name="[18] /home/travis/build/icyphy/ptII/ptolemy/actor/lib/test/Minimum.tcl (RunTclFile)" time="0.039" />
  <testcase classname="ptolemy.util.test.junit.TclTests" name="[19] /home/travis/build/icyphy/ptII/ptolemy/actor/lib/test/MultiplyDivide.tcl (RunTclFile)" time="0.031" />
  <testcase classname="ptolemy.util.test.junit.TclTests" name="[20] /home/travis/build/icyphy/ptII/ptolemy/actor/lib/test/OrderedMerge.tcl (RunTclFile)" time="0.128" />
  <testcase classname="ptolemy.util.test.junit.TclTests" name="[21] /home/travis/build/icyphy/ptII/ptolemy/actor/lib/test/Publisher.tcl (RunTclFile)" time="1.079" />
  <testcase classname="ptolemy.util.test.junit.TclTests" name="[22] /home/travis/build/icyphy/ptII/ptolemy/actor/lib/test/Pulse.tcl (RunTclFile)" time="0.062" />
  <testcase classname="ptolemy.util.test.junit.TclTests" name="[23] /home/travis/build/icyphy/ptII/ptolemy/actor/lib/test/Ramp.tcl (RunTclFile)" time="2.62" />
  <testcase classname="ptolemy.util.test.junit.TclTests" name="[24] /home/travis/build/icyphy/ptII/ptolemy/actor/lib/test/RampContinuous.tcl (RunTclFile)" time="0.021" />
  <testcase classname="ptolemy.util.test.junit.TclTests" name="[25] /home/travis/build/icyphy/ptII/ptolemy/actor/lib/test/RecordAssembler.tcl (RunTclFile)" time="0.019" />
  <testcase classname="ptolemy.util.test.junit.TclTests" name="[26] /home/travis/build/icyphy/ptII/ptolemy/actor/lib/test/RecordDisassembler.tcl (RunTclFile)" time="0.024" />
  <testcase classname="ptolemy.util.test.junit.TclTests" name="[27] /home/travis/build/icyphy/ptII/ptolemy/actor/lib/test/Scale.tcl (RunTclFile)" time="0.049" />
  <testcase classname="ptolemy.util.test.junit.TclTests" name="[28] /home/travis/build/icyphy/ptII/ptolemy/actor/lib/test/SequentialClock.tcl (RunTclFile)" time="0.025" />
  <testcase classname="ptolemy.util.test.junit.TclTests" name="[29] /home/travis/build/icyphy/ptII/ptolemy/actor/lib/test/SetVariable.tcl (RunTclFile)" time="0.031">
    <failure message="Number of failed tests is has increased. expected:&lt;0&gt; but was:&lt;1&gt;" type="junit.framework.AssertionFailedError">junit.framework.AssertionFailedError: Number of failed tests is has increased. expected:&lt;0&gt; but was:&lt;1&gt;
	at ptolemy.util.test.junit.TclTests.RunTclFile(TclTests.java:286)
	at jdk.internal.reflect.GeneratedMethodAccessor19.invoke(Unknown Source)
	at java.base/jdk.internal.reflect.DelegatingMethodAccessorImpl.invoke(DelegatingMethodAccessorImpl.java:43)
	at junitparams.internal.InvokeParameterisedMethod.evaluate(InvokeParameterisedMethod.java:102)
	at junitparams.internal.ParameterisedTestMethodRunner.runMethodInvoker(ParameterisedTestMethodRunner.java:47)
	at junitparams.internal.ParameterisedTestMethodRunner.runTestMethod(ParameterisedTestMethodRunner.java:41)
	at junitparams.internal.ParameterisedTestClassRunner.runParameterisedTest(ParameterisedTestClassRunner.java:143)
	at junitparams.JUnitParamsRunner.runChild(JUnitParamsRunner.java:237)
	at junitparams.JUnitParamsRunner.runChild(JUnitParamsRunner.java:215)
</failure>
  </testcase>
  <testcase classname="ptolemy.util.test.junit.TclTests" name="[30] /home/travis/build/icyphy/ptII/ptolemy/actor/lib/test/Sinewave.tcl (RunTclFile)" time="0.077" />
  <testcase classname="ptolemy.util.test.junit.TclTests" name="[31] /home/travis/build/icyphy/ptII/ptolemy/actor/lib/test/SubscriptionAggregator.tcl (RunTclFile)" time="3.144" />
  <testcase classname="ptolemy.util.test.junit.TclTests" name="[32] /home/travis/build/icyphy/ptII/ptolemy/actor/lib/test/Test.tcl (RunTclFile)" time="0.126" />
  <testcase classname="ptolemy.util.test.junit.TclTests" name="[33] /home/travis/build/icyphy/ptII/ptolemy/actor/lib/test/TestExceptionHandler.tcl (RunTclFile)" time="0.016" />
  <testcase classname="ptolemy.util.test.junit.TclTests" name="[34] /home/travis/build/icyphy/ptII/ptolemy/actor/lib/test/UnionDisassembler.tcl (RunTclFile)" time="0.096" />
  <testcase classname="ptolemy.util.test.junit.TclTests" name="[35] /home/travis/build/icyphy/ptII/ptolemy/actor/lib/test/VariableClock.tcl (RunTclFile)" time="0.029" />
  <testcase classname="ptolemy.util.test.junit.AutoKnownFailedTests" name="[0] /home/travis/build/icyphy/ptII/ptolemy/actor/lib/test/auto/knownFailedTests/PublisherPortToplevelSubscriber.xml (RunModel)" time="0.134" />
  <testcase classname="ptolemy.util.test.junit.AutoKnownFailedTests" name="[1] /home/travis/build/icyphy/ptII/ptolemy/actor/lib/test/auto/knownFailedTests/PublisherSubscriberPortToplevel.xml (RunModel)" time="0.037" />
  <testcase classname="ptolemy.util.test.junit.AutoKnownFailedTests" name="[2] /home/travis/build/icyphy/ptII/ptolemy/actor/lib/test/auto/knownFailedTests/PublisherSubscriptionAggregatorPort.xml (RunModel)" time="0.02" />
  <testcase classname="ptolemy.util.test.junit.AutoKnownFailedTests" name="[3] /home/travis/build/icyphy/ptII/ptolemy/actor/lib/test/auto/knownFailedTests/sizedarray3.xml (RunModel)" time="0.028" />
  <testcase classname="ptolemy.util.test.junit.AutoNameArchTests" name="[0] ThereAreNoAutoArchTests (RunModel)" time="0.005" />
  <testcase classname="ptolemy.util.test.junit.AutoTests" name="[0] /home/travis/build/icyphy/ptII/ptolemy/actor/lib/test/auto/AbsoluteValue.xml (RunModel)" time="0.101" />
  <testcase classname="ptolemy.util.test.junit.AutoTests" name="[1] /home/travis/build/icyphy/ptII/ptolemy/actor/lib/test/auto/AbsoluteValue2.xml (RunModel)" time="0.082" />
  <testcase classname="ptolemy.util.test.junit.AutoTests" name="[2] /home/travis/build/icyphy/ptII/ptolemy/actor/lib/test/auto/Accumulator.xml (RunModel)" time="0.073" />
  <testcase classname="ptolemy.util.test.junit.AutoTests" name="[3] /home/travis/build/icyphy/ptII/ptolemy/actor/lib/test/auto/Accumulator2.xml (RunModel)" time="0.054" />
  <testcase classname="ptolemy.util.test.junit.AutoTests" name="[4] /home/travis/build/icyphy/ptII/ptolemy/actor/lib/test/auto/Accumulator3.xml (RunModel)" time="0.056" />
  <testcase classname="ptolemy.util.test.junit.AutoTests" name="[5] /home/travis/build/icyphy/ptII/ptolemy/actor/lib/test/auto/ArrayAppend.xml (RunModel)" time="0.035" />
  <testcase classname="ptolemy.util.test.junit.AutoTests" name="[6] /home/travis/build/icyphy/ptII/ptolemy/actor/lib/test/auto/ArrayAppend2.xml (RunModel)" time="0.476" />
  <testcase classname="ptolemy.util.test.junit.AutoTests" name="[7] /home/travis/build/icyphy/ptII/ptolemy/actor/lib/test/auto/ArrayAppend3.xml (RunModel)" time="0.039" />
  <testcase classname="ptolemy.util.test.junit.AutoTests" name="[8] /home/travis/build/icyphy/ptII/ptolemy/actor/lib/test/auto/ArrayAppend4.xml (RunModel)" time="0.019" />
  <testcase classname="ptolemy.util.test.junit.AutoTests" name="[9] /home/travis/build/icyphy/ptII/ptolemy/actor/lib/test/auto/ArrayAppend5.xml (RunModel)" time="0.025" />
  <testcase classname="ptolemy.util.test.junit.AutoTests" name="[10] /home/travis/build/icyphy/ptII/ptolemy/actor/lib/test/auto/ArrayAppend6.xml (RunModel)" time="0.029" />
  <testcase classname="ptolemy.util.test.junit.AutoTests" name="[11] /home/travis/build/icyphy/ptII/ptolemy/actor/lib/test/auto/ArrayAppendPerformanceTest.xml (RunModel)" time="0.074" />
  <testcase classname="ptolemy.util.test.junit.AutoTests" name="[12] /home/travis/build/icyphy/ptII/ptolemy/actor/lib/test/auto/ArrayAppendWithEmptyInput.xml (RunModel)" time="0.077" />
  <testcase classname="ptolemy.util.test.junit.AutoTests" name="[13] /home/travis/build/icyphy/ptII/ptolemy/actor/lib/test/auto/ArrayAverage.xml (RunModel)" time="0.07" />
  <testcase classname="ptolemy.util.test.junit.AutoTests" name="[14] /home/travis/build/icyphy/ptII/ptolemy/actor/lib/test/auto/ArrayContains.xml (RunModel)" time="0.058" />
  <testcase classname="ptolemy.util.test.junit.AutoTests" name="[15] /home/travis/build/icyphy/ptII/ptolemy/actor/lib/test/auto/ArrayElement.xml (RunModel)" time="0.044" />
  <testcase classname="ptolemy.util.test.junit.AutoTests" name="[16] /home/travis/build/icyphy/ptII/ptolemy/actor/lib/test/auto/ArrayElementAsMatrix.xml (RunModel)" time="0.061" />
  <testcase classname="ptolemy.util.test.junit.AutoTests" name="[17] /home/travis/build/icyphy/ptII/ptolemy/actor/lib/test/auto/ArrayElementI.xml (RunModel)" time="0.032" />
  <testcase classname="ptolemy.util.test.junit.AutoTests" name="[18] /home/travis/build/icyphy/ptII/ptolemy/actor/lib/test/auto/ArrayExtract.xml (RunModel)" time="0.054" />
  <testcase classname="ptolemy.util.test.junit.AutoTests" name="[19] /home/travis/build/icyphy/ptII/ptolemy/actor/lib/test/auto/ArrayExtract2.xml (RunModel)" time="0.024" />
  <testcase classname="ptolemy.util.test.junit.AutoTests" name="[20] /home/travis/build/icyphy/ptII/ptolemy/actor/lib/test/auto/ArrayLength.xml (RunModel)" time="0.025" />
  <testcase classname="ptolemy.util.test.junit.AutoTests" name="[21] /home/travis/build/icyphy/ptII/ptolemy/actor/lib/test/auto/ArrayLevelCrossing.xml (RunModel)" time="0.035" />
  <testcase classname="ptolemy.util.test.junit.AutoTests" name="[22] /home/travis/build/icyphy/ptII/ptolemy/actor/lib/test/auto/ArrayLevelCrossing2.xml (RunModel)" time="0.034" />
  <testcase classname="ptolemy.util.test.junit.AutoTests" name="[23] /home/travis/build/icyphy/ptII/ptolemy/actor/lib/test/auto/ArrayPeakSearch.xml (RunModel)" time="0.049" />
  <testcase classname="ptolemy.util.test.junit.AutoTests" name="[24] /home/travis/build/icyphy/ptII/ptolemy/actor/lib/test/auto/ArrayPeakSearch2.xml (RunModel)" time="0.055" />
  <testcase classname="ptolemy.util.test.junit.AutoTests" name="[25] /home/travis/build/icyphy/ptII/ptolemy/actor/lib/test/auto/ArrayPeakSearch3.xml (RunModel)" time="0.047" />
  <testcase classname="ptolemy.util.test.junit.AutoTests" name="[26] /home/travis/build/icyphy/ptII/ptolemy/actor/lib/test/auto/ArrayRemoveElement.xml (RunModel)" time="0.042" />
  <testcase classname="ptolemy.util.test.junit.AutoTests" name="[27] /home/travis/build/icyphy/ptII/ptolemy/actor/lib/test/auto/ArraySort.xml (RunModel)" time="0.049" />
  <testcase classname="ptolemy.util.test.junit.AutoTests" name="[28] /home/travis/build/icyphy/ptII/ptolemy/actor/lib/test/auto/ArraySum.xml (RunModel)" time="0.022" />
  <testcase classname="ptolemy.util.test.junit.AutoTests" name="[29] /home/travis/build/icyphy/ptII/ptolemy/actor/lib/test/auto/ArrayToElements.xml (RunModel)" time="0.026" />
  <testcase classname="ptolemy.util.test.junit.AutoTests" name="[30] /home/travis/build/icyphy/ptII/ptolemy/actor/lib/test/auto/ArrayToMatrix.xml (RunModel)" time="0.069" />
  <testcase classname="ptolemy.util.test.junit.AutoTests" name="[31] /home/travis/build/icyphy/ptII/ptolemy/actor/lib/test/auto/ArrayUpdate1.xml (RunModel)" time="0.021" />
  <testcase classname="ptolemy.util.test.junit.AutoTests" name="[32] /home/travis/build/icyphy/ptII/ptolemy/actor/lib/test/auto/ArrayUpdate2.xml (RunModel)" time="0.025" />
  <testcase classname="ptolemy.util.test.junit.AutoTests" name="[33] /home/travis/build/icyphy/ptII/ptolemy/actor/lib/test/auto/ArrayUpdate3.xml (RunModel)" time="0.016" />
  <testcase classname="ptolemy.util.test.junit.AutoTests" name="[34] /home/travis/build/icyphy/ptII/ptolemy/actor/lib/test/auto/Assert1.xml (RunModel)" time="0.03" />
  <testcase classname="ptolemy.util.test.junit.AutoTests" name="[35] /home/travis/build/icyphy/ptII/ptolemy/actor/lib/test/auto/Assert2.xml (RunModel)" time="0.027" />
  <testcase classname="ptolemy.util.test.junit.AutoTests" name="[36] /home/travis/build/icyphy/ptII/ptolemy/actor/lib/test/auto/BooleanMultiplexor.xml (RunModel)" time="0.021" />
  <testcase classname="ptolemy.util.test.junit.AutoTests" name="[37] /home/travis/build/icyphy/ptII/ptolemy/actor/lib/test/auto/BooleanMultiplexor2.xml (RunModel)" time="0.031" />
  <testcase classname="ptolemy.util.test.junit.AutoTests" name="[38] /home/travis/build/icyphy/ptII/ptolemy/actor/lib/test/auto/BooleanMultiplexor3.xml (RunModel)" time="0.022" />
  <testcase classname="ptolemy.util.test.junit.AutoTests" name="[39] /home/travis/build/icyphy/ptII/ptolemy/actor/lib/test/auto/BooleanSelect.xml (RunModel)" time="0.028" />
  <testcase classname="ptolemy.util.test.junit.AutoTests" name="[40] /home/travis/build/icyphy/ptII/ptolemy/actor/lib/test/auto/BooleanSelect2.xml (RunModel)" time="0.019" />
  <testcase classname="ptolemy.util.test.junit.AutoTests" name="[41] /home/travis/build/icyphy/ptII/ptolemy/actor/lib/test/auto/BooleanSwitch.xml (RunModel)" time="0.025" />
  <testcase classname="ptolemy.util.test.junit.AutoTests" name="[42] /home/travis/build/icyphy/ptII/ptolemy/actor/lib/test/auto/BooleanSwitch2.xml (RunModel)" time="0.026" />
  <testcase classname="ptolemy.util.test.junit.AutoTests" name="[43] /home/travis/build/icyphy/ptII/ptolemy/actor/lib/test/auto/BooleanSwitchCloningBugWithClassRelationGroup.xml (RunModel)" time="0.029" />
  <testcase classname="ptolemy.util.test.junit.AutoTests" name="[44] /home/travis/build/icyphy/ptII/ptolemy/actor/lib/test/auto/BusActors.xml (RunModel)" time="0.055" />
  <testcase classname="ptolemy.util.test.junit.AutoTests" name="[45] /home/travis/build/icyphy/ptII/ptolemy/actor/lib/test/auto/ClassWrapper.xml (RunModel)" time="0.016" />
  <testcase classname="ptolemy.util.test.junit.AutoTests" name="[46] /home/travis/build/icyphy/ptII/ptolemy/actor/lib/test/auto/Clock.xml (RunModel)" time="0.011" />
  <testcase classname="ptolemy.util.test.junit.AutoTests" name="[47] /home/travis/build/icyphy/ptII/ptolemy/actor/lib/test/auto/Clock10.xml (RunModel)" time="0.023" />
  <testcase classname="ptolemy.util.test.junit.AutoTests" name="[48] /home/travis/build/icyphy/ptII/ptolemy/actor/lib/test/auto/Clock11.xml (RunModel)" time="0.022" />
  <testcase classname="ptolemy.util.test.junit.AutoTests" name="[49] /home/travis/build/icyphy/ptII/ptolemy/actor/lib/test/auto/Clock12.xml (RunModel)" time="0.025" />
  <testcase classname="ptolemy.util.test.junit.AutoTests" name="[50] /home/travis/build/icyphy/ptII/ptolemy/actor/lib/test/auto/Clock13.xml (RunModel)" time="0.021" />
  <testcase classname="ptolemy.util.test.junit.AutoTests" name="[51] /home/travis/build/icyphy/ptII/ptolemy/actor/lib/test/auto/Clock14.xml (RunModel)" time="0.023" />
  <testcase classname="ptolemy.util.test.junit.AutoTests" name="[52] /home/travis/build/icyphy/ptII/ptolemy/actor/lib/test/auto/Clock15.xml (RunModel)" time="0.016" />
  <testcase classname="ptolemy.util.test.junit.AutoTests" name="[53] /home/travis/build/icyphy/ptII/ptolemy/actor/lib/test/auto/Clock16.xml (RunModel)" time="0.112" />
  <testcase classname="ptolemy.util.test.junit.AutoTests" name="[54] /home/travis/build/icyphy/ptII/ptolemy/actor/lib/test/auto/Clock17.xml (RunModel)" time="0.087" />
  <testcase classname="ptolemy.util.test.junit.AutoTests" name="[55] /home/travis/build/icyphy/ptII/ptolemy/actor/lib/test/auto/Clock18.xml (RunModel)" time="0.06" />
  <testcase classname="ptolemy.util.test.junit.AutoTests" name="[56] /home/travis/build/icyphy/ptII/ptolemy/actor/lib/test/auto/Clock19.xml (RunModel)" time="0.048" />
  <testcase classname="ptolemy.util.test.junit.AutoTests" name="[57] /home/travis/build/icyphy/ptII/ptolemy/actor/lib/test/auto/Clock2.xml (RunModel)" time="0.021" />
  <testcase classname="ptolemy.util.test.junit.AutoTests" name="[58] /home/travis/build/icyphy/ptII/ptolemy/actor/lib/test/auto/Clock20.xml (RunModel)" time="0.025" />
  <testcase classname="ptolemy.util.test.junit.AutoTests" name="[59] /home/travis/build/icyphy/ptII/ptolemy/actor/lib/test/auto/Clock21.xml (RunModel)" time="0.02" />
  <testcase classname="ptolemy.util.test.junit.AutoTests" name="[60] /home/travis/build/icyphy/ptII/ptolemy/actor/lib/test/auto/Clock22.xml (RunModel)" time="0.016" />
  <testcase classname="ptolemy.util.test.junit.AutoTests" name="[61] /home/travis/build/icyphy/ptII/ptolemy/actor/lib/test/auto/Clock23.xml (RunModel)" time="0.02" />
  <testcase classname="ptolemy.util.test.junit.AutoTests" name="[62] /home/travis/build/icyphy/ptII/ptolemy/actor/lib/test/auto/Clock24.xml (RunModel)" time="0.017" />
  <testcase classname="ptolemy.util.test.junit.AutoTests" name="[63] /home/travis/build/icyphy/ptII/ptolemy/actor/lib/test/auto/Clock4.xml (RunModel)" time="0.014" />
  <testcase classname="ptolemy.util.test.junit.AutoTests" name="[64] /home/travis/build/icyphy/ptII/ptolemy/actor/lib/test/auto/Clock5.xml (RunModel)" time="0.02" />
  <testcase classname="ptolemy.util.test.junit.AutoTests" name="[65] /home/travis/build/icyphy/ptII/ptolemy/actor/lib/test/auto/Clock6.xml (RunModel)" time="0.01" />
  <testcase classname="ptolemy.util.test.junit.AutoTests" name="[66] /home/travis/build/icyphy/ptII/ptolemy/actor/lib/test/auto/Clock7.xml (RunModel)" time="0.012" />
  <testcase classname="ptolemy.util.test.junit.AutoTests" name="[67] /home/travis/build/icyphy/ptII/ptolemy/actor/lib/test/auto/Clock8.xml (RunModel)" time="0.017" />
  <testcase classname="ptolemy.util.test.junit.AutoTests" name="[68] /home/travis/build/icyphy/ptII/ptolemy/actor/lib/test/auto/Clock9.xml (RunModel)" time="0.016" />
  <testcase classname="ptolemy.util.test.junit.AutoTests" name="[69] /home/travis/build/icyphy/ptII/ptolemy/actor/lib/test/auto/CommDistDiscard.xml (RunModel)" time="0.025" />
  <testcase classname="ptolemy.util.test.junit.AutoTests" name="[70] /home/travis/build/icyphy/ptII/ptolemy/actor/lib/test/auto/Commutator.xml (RunModel)" time="0.016" />
  <testcase classname="ptolemy.util.test.junit.AutoTests" name="[71] /home/travis/build/icyphy/ptII/ptolemy/actor/lib/test/auto/Commutator2.xml (RunModel)" time="0.013" />
  <testcase classname="ptolemy.util.test.junit.AutoTests" name="[72] /home/travis/build/icyphy/ptII/ptolemy/actor/lib/test/auto/Commutator3.xml (RunModel)" time="0.015" />
  <testcase classname="ptolemy.util.test.junit.AutoTests" name="[73] /home/travis/build/icyphy/ptII/ptolemy/actor/lib/test/auto/Compare.xml (RunModel)" time="0.031" />
  <testcase classname="ptolemy.util.test.junit.AutoTests" name="[74] /home/travis/build/icyphy/ptII/ptolemy/actor/lib/test/auto/CompareDE.xml (RunModel)" time="0.033" />
  <testcase classname="ptolemy.util.test.junit.AutoTests" name="[75] /home/travis/build/icyphy/ptII/ptolemy/actor/lib/test/auto/ComplexDivide.xml (RunModel)" time="0.011" />
  <testcase classname="ptolemy.util.test.junit.AutoTests" name="[76] /home/travis/build/icyphy/ptII/ptolemy/actor/lib/test/auto/ComputeHistogram.xml (RunModel)" time="0.079" />
  <testcase classname="ptolemy.util.test.junit.AutoTests" name="[77] /home/travis/build/icyphy/ptII/ptolemy/actor/lib/test/auto/ConfigurationSelect.xml (RunModel)" time="0.023" />
  <testcase classname="ptolemy.util.test.junit.AutoTests" name="[78] /home/travis/build/icyphy/ptII/ptolemy/actor/lib/test/auto/ConfigurationSelect2.xml (RunModel)" time="0.017" />
  <testcase classname="ptolemy.util.test.junit.AutoTests" name="[79] /home/travis/build/icyphy/ptII/ptolemy/actor/lib/test/auto/ConfigurationSwitch.xml (RunModel)" time="0.024" />
  <testcase classname="ptolemy.util.test.junit.AutoTests" name="[80] /home/travis/build/icyphy/ptII/ptolemy/actor/lib/test/auto/ConfigurationSwitch2.xml (RunModel)" time="0.027" />
  <testcase classname="ptolemy.util.test.junit.AutoTests" name="[81] /home/travis/build/icyphy/ptII/ptolemy/actor/lib/test/auto/ConfigurationSwitchCloningBugWithClassRelationGroup.xml (RunModel)" time="0.02" />
  <testcase classname="ptolemy.util.test.junit.AutoTests" name="[82] /home/travis/build/icyphy/ptII/ptolemy/actor/lib/test/auto/ConfigurationSwitchSelectSDF.xml (RunModel)" time="0.016" />
  <testcase classname="ptolemy.util.test.junit.AutoTests" name="[83] /home/travis/build/icyphy/ptII/ptolemy/actor/lib/test/auto/ConfigurationSwitchSelectSDF2.xml (RunModel)" time="0.023" />
  <testcase classname="ptolemy.util.test.junit.AutoTests" name="[84] /home/travis/build/icyphy/ptII/ptolemy/actor/lib/test/auto/Const.xml (RunModel)" time="0.008" />
  <testcase classname="ptolemy.util.test.junit.AutoTests" name="[85] /home/travis/build/icyphy/ptII/ptolemy/actor/lib/test/auto/Const2.xml (RunModel)" time="0.017" />
  <testcase classname="ptolemy.util.test.junit.AutoTests" name="[86] /home/travis/build/icyphy/ptII/ptolemy/actor/lib/test/auto/Const3.xml (RunModel)" time="0.007" />
  <testcase classname="ptolemy.util.test.junit.AutoTests" name="[87] /home/travis/build/icyphy/ptII/ptolemy/actor/lib/test/auto/ConstantPublisherPort1.xml (RunModel)" time="0.03" />
  <testcase classname="ptolemy.util.test.junit.AutoTests" name="[88] /home/travis/build/icyphy/ptII/ptolemy/actor/lib/test/auto/ConstantPublisherPort2.xml (RunModel)" time="0.037" />
  <testcase classname="ptolemy.util.test.junit.AutoTests" name="[89] /home/travis/build/icyphy/ptII/ptolemy/actor/lib/test/auto/ConstantPublisherPort3.xml (RunModel)" time="0.038" />
  <testcase classname="ptolemy.util.test.junit.AutoTests" name="[90] /home/travis/build/icyphy/ptII/ptolemy/actor/lib/test/auto/ConstantPublisherPort4.xml (RunModel)" time="0.02" />
  <testcase classname="ptolemy.util.test.junit.AutoTests" name="[91] /home/travis/build/icyphy/ptII/ptolemy/actor/lib/test/auto/ConstantPublisherPort5.xml (RunModel)" time="0.052" />
  <testcase classname="ptolemy.util.test.junit.AutoTests" name="[92] /home/travis/build/icyphy/ptII/ptolemy/actor/lib/test/auto/ConstantPublisherPort6.xml (RunModel)" time="0.036" />
  <testcase classname="ptolemy.util.test.junit.AutoTests" name="[93] /home/travis/build/icyphy/ptII/ptolemy/actor/lib/test/auto/ConstantPublisherPort7.xml (RunModel)" time="0.04" />
  <testcase classname="ptolemy.util.test.junit.AutoTests" name="[94] /home/travis/build/icyphy/ptII/ptolemy/actor/lib/test/auto/ConstraintMonitor1.xml (RunModel)" time="0.042" />
  <testcase classname="ptolemy.util.test.junit.AutoTests" name="[95] /home/travis/build/icyphy/ptII/ptolemy/actor/lib/test/auto/ConstraintMonitor2.xml (RunModel)" time="0.017" />
  <testcase classname="ptolemy.util.test.junit.AutoTests" name="[96] /home/travis/build/icyphy/ptII/ptolemy/actor/lib/test/auto/ConstraintMonitor3.xml (RunModel)" time="0.022" />
  <testcase classname="ptolemy.util.test.junit.AutoTests" name="[97] /home/travis/build/icyphy/ptII/ptolemy/actor/lib/test/auto/ConstraintMonitor4.xml (RunModel)" time="0.016" />
  <testcase classname="ptolemy.util.test.junit.AutoTests" name="[98] /home/travis/build/icyphy/ptII/ptolemy/actor/lib/test/auto/ConstraintMonitor5.xml (RunModel)" time="0.021" />
  <testcase classname="ptolemy.util.test.junit.AutoTests" name="[99] /home/travis/build/icyphy/ptII/ptolemy/actor/lib/test/auto/ConstraintMonitor6.xml (RunModel)" time="0.025" />
  <testcase classname="ptolemy.util.test.junit.AutoTests" name="[100] /home/travis/build/icyphy/ptII/ptolemy/actor/lib/test/auto/ConstraintMonitor7.xml (RunModel)" time="0.019" />
  <testcase classname="ptolemy.util.test.junit.AutoTests" name="[101] /home/travis/build/icyphy/ptII/ptolemy/actor/lib/test/auto/ConstraintMonitor8.xml (RunModel)" time="0.03" />
  <testcase classname="ptolemy.util.test.junit.AutoTests" name="[102] /home/travis/build/icyphy/ptII/ptolemy/actor/lib/test/auto/Counter.xml (RunModel)" time="0.014" />
  <testcase classname="ptolemy.util.test.junit.AutoTests" name="[103] /home/travis/build/icyphy/ptII/ptolemy/actor/lib/test/auto/CurrentTimeSDF.xml (RunModel)" time="0.01" />
  <testcase classname="ptolemy.util.test.junit.AutoTests" name="[104] /home/travis/build/icyphy/ptII/ptolemy/actor/lib/test/auto/DB.xml (RunModel)" time="0.013" />
  <testcase classname="ptolemy.util.test.junit.AutoTests" name="[105] /home/travis/build/icyphy/ptII/ptolemy/actor/lib/test/auto/DBDE.xml (RunModel)" time="0.016" />
  <testcase classname="ptolemy.util.test.junit.AutoTests" name="[106] /home/travis/build/icyphy/ptII/ptolemy/actor/lib/test/auto/DateConstructor.xml (RunModel)" time="0.078" />
  <testcase classname="ptolemy.util.test.junit.AutoTests" name="[107] /home/travis/build/icyphy/ptII/ptolemy/actor/lib/test/auto/DelayTime.xml (RunModel)" time="0.022" />
  <testcase classname="ptolemy.util.test.junit.AutoTests" name="[108] /home/travis/build/icyphy/ptII/ptolemy/actor/lib/test/auto/Dictionary1.xml (RunModel)" time="0.023" />
  <testcase classname="ptolemy.util.test.junit.AutoTests" name="[109] /home/travis/build/icyphy/ptII/ptolemy/actor/lib/test/auto/Dictionary2.xml (RunModel)" time="0.02" />
  <testcase classname="ptolemy.util.test.junit.AutoTests" name="[110] /home/travis/build/icyphy/ptII/ptolemy/actor/lib/test/auto/Dictionary3.xml (RunModel)" time="0.015" />
  <testcase classname="ptolemy.util.test.junit.AutoTests" name="[111] /home/travis/build/icyphy/ptII/ptolemy/actor/lib/test/auto/Dictionary4.xml (RunModel)" time="0.025" />
  <testcase classname="ptolemy.util.test.junit.AutoTests" name="[112] /home/travis/build/icyphy/ptII/ptolemy/actor/lib/test/auto/Differential.xml (RunModel)" time="0.014" />
  <testcase classname="ptolemy.util.test.junit.AutoTests" name="[113] /home/travis/build/icyphy/ptII/ptolemy/actor/lib/test/auto/Director.xml (RunModel)" time="0.011" />
  <testcase classname="ptolemy.util.test.junit.AutoTests" name="[114] /home/travis/build/icyphy/ptII/ptolemy/actor/lib/test/auto/DiscreteClock.xml (RunModel)" time="0.01" />
  <testcase classname="ptolemy.util.test.junit.AutoTests" name="[115] /home/travis/build/icyphy/ptII/ptolemy/actor/lib/test/auto/DiscreteClock10.xml (RunModel)" time="0.014" />
  <testcase classname="ptolemy.util.test.junit.AutoTests" name="[116] /home/travis/build/icyphy/ptII/ptolemy/actor/lib/test/auto/DiscreteClock11.xml (RunModel)" time="0.015" />
  <testcase classname="ptolemy.util.test.junit.AutoTests" name="[117] /home/travis/build/icyphy/ptII/ptolemy/actor/lib/test/auto/DiscreteClock12.xml (RunModel)" time="0.019" />
  <testcase classname="ptolemy.util.test.junit.AutoTests" name="[118] /home/travis/build/icyphy/ptII/ptolemy/actor/lib/test/auto/DiscreteClock13.xml (RunModel)" time="0.018" />
  <testcase classname="ptolemy.util.test.junit.AutoTests" name="[119] /home/travis/build/icyphy/ptII/ptolemy/actor/lib/test/auto/DiscreteClock14.xml (RunModel)" time="0.017" />
  <testcase classname="ptolemy.util.test.junit.AutoTests" name="[120] /home/travis/build/icyphy/ptII/ptolemy/actor/lib/test/auto/DiscreteClock15.xml (RunModel)" time="0.017" />
  <testcase classname="ptolemy.util.test.junit.AutoTests" name="[121] /home/travis/build/icyphy/ptII/ptolemy/actor/lib/test/auto/DiscreteClock16.xml (RunModel)" time="0.055" />
  <testcase classname="ptolemy.util.test.junit.AutoTests" name="[122] /home/travis/build/icyphy/ptII/ptolemy/actor/lib/test/auto/DiscreteClock17.xml (RunModel)" time="0.06" />
  <testcase classname="ptolemy.util.test.junit.AutoTests" name="[123] /home/travis/build/icyphy/ptII/ptolemy/actor/lib/test/auto/DiscreteClock18.xml (RunModel)" time="0.055" />
  <testcase classname="ptolemy.util.test.junit.AutoTests" name="[124] /home/travis/build/icyphy/ptII/ptolemy/actor/lib/test/auto/DiscreteClock19.xml (RunModel)" time="0.057" />
  <testcase classname="ptolemy.util.test.junit.AutoTests" name="[125] /home/travis/build/icyphy/ptII/ptolemy/actor/lib/test/auto/DiscreteClock2.xml (RunModel)" time="0.013" />
  <testcase classname="ptolemy.util.test.junit.AutoTests" name="[126] /home/travis/build/icyphy/ptII/ptolemy/actor/lib/test/auto/DiscreteClock20.xml (RunModel)" time="0.023" />
  <testcase classname="ptolemy.util.test.junit.AutoTests" name="[127] /home/travis/build/icyphy/ptII/ptolemy/actor/lib/test/auto/DiscreteClock21.xml (RunModel)" time="0.02" />
  <testcase classname="ptolemy.util.test.junit.AutoTests" name="[128] /home/travis/build/icyphy/ptII/ptolemy/actor/lib/test/auto/DiscreteClock22.xml (RunModel)" time="0.015" />
  <testcase classname="ptolemy.util.test.junit.AutoTests" name="[129] /home/travis/build/icyphy/ptII/ptolemy/actor/lib/test/auto/DiscreteClock23.xml (RunModel)" time="0.024" />
  <testcase classname="ptolemy.util.test.junit.AutoTests" name="[130] /home/travis/build/icyphy/ptII/ptolemy/actor/lib/test/auto/DiscreteClock24.xml (RunModel)" time="0.016" />
  <testcase classname="ptolemy.util.test.junit.AutoTests" name="[131] /home/travis/build/icyphy/ptII/ptolemy/actor/lib/test/auto/DiscreteClock4.xml (RunModel)" time="0.013" />
  <testcase classname="ptolemy.util.test.junit.AutoTests" name="[132] /home/travis/build/icyphy/ptII/ptolemy/actor/lib/test/auto/DiscreteClock5.xml (RunModel)" time="0.011" />
  <testcase classname="ptolemy.util.test.junit.AutoTests" name="[133] /home/travis/build/icyphy/ptII/ptolemy/actor/lib/test/auto/DiscreteClock6.xml (RunModel)" time="0.012" />
  <testcase classname="ptolemy.util.test.junit.AutoTests" name="[134] /home/travis/build/icyphy/ptII/ptolemy/actor/lib/test/auto/DiscreteClock7.xml (RunModel)" time="0.028" />
  <testcase classname="ptolemy.util.test.junit.AutoTests" name="[135] /home/travis/build/icyphy/ptII/ptolemy/actor/lib/test/auto/DiscreteClock8.xml (RunModel)" time="0.013" />
  <testcase classname="ptolemy.util.test.junit.AutoTests" name="[136] /home/travis/build/icyphy/ptII/ptolemy/actor/lib/test/auto/DiscreteClock9.xml (RunModel)" time="0.018" />
  <testcase classname="ptolemy.util.test.junit.AutoTests" name="[137] /home/travis/build/icyphy/ptII/ptolemy/actor/lib/test/auto/DisplayArray.xml (RunModel)" time="0.011" />
  <testcase classname="ptolemy.util.test.junit.AutoTests" name="[138] /home/travis/build/icyphy/ptII/ptolemy/actor/lib/test/auto/Distributor.xml (RunModel)" time="0.011" />
  <testcase classname="ptolemy.util.test.junit.AutoTests" name="[139] /home/travis/build/icyphy/ptII/ptolemy/actor/lib/test/auto/Distributor2.xml (RunModel)" time="0.013" />
  <testcase classname="ptolemy.util.test.junit.AutoTests" name="[140] /home/travis/build/icyphy/ptII/ptolemy/actor/lib/test/auto/DownSample.xml (RunModel)" time="0.011" />
  <testcase classname="ptolemy.util.test.junit.AutoTests" name="[141] /home/travis/build/icyphy/ptII/ptolemy/actor/lib/test/auto/ElectronicUnitBase1.xml (RunModel)" time="0.105" />
  <testcase classname="ptolemy.util.test.junit.AutoTests" name="[142] /home/travis/build/icyphy/ptII/ptolemy/actor/lib/test/auto/ElementsToArray.xml (RunModel)" time="0.014" />
  <testcase classname="ptolemy.util.test.junit.AutoTests" name="[143] /home/travis/build/icyphy/ptII/ptolemy/actor/lib/test/auto/Equals.xml (RunModel)" time="0.017" />
  <testcase classname="ptolemy.util.test.junit.AutoTests" name="[144] /home/travis/build/icyphy/ptII/ptolemy/actor/lib/test/auto/Exec.xml (RunModel)" time="0.037" />
  <testcase classname="ptolemy.util.test.junit.AutoTests" name="[145] /home/travis/build/icyphy/ptII/ptolemy/actor/lib/test/auto/ExecEnvironment.xml (RunModel)" time="0.039" />
  <testcase classname="ptolemy.util.test.junit.AutoTests" name="[146] /home/travis/build/icyphy/ptII/ptolemy/actor/lib/test/auto/ExecNonZeroReturnOutput.xml (RunModel)" time="0.232" />
  <testcase classname="ptolemy.util.test.junit.AutoTests" name="[147] /home/travis/build/icyphy/ptII/ptolemy/actor/lib/test/auto/ExecRunDemos.xml (RunModel)" time="11.532" />
  <testcase classname="ptolemy.util.test.junit.AutoTests" name="[148] /home/travis/build/icyphy/ptII/ptolemy/actor/lib/test/auto/ExecStop.xml (RunModel)" time="5.04" />
  <testcase classname="ptolemy.util.test.junit.AutoTests" name="[149] /home/travis/build/icyphy/ptII/ptolemy/actor/lib/test/auto/ExecutionTimeSDF.xml (RunModel)" time="6.045" />
  <testcase classname="ptolemy.util.test.junit.AutoTests" name="[150] /home/travis/build/icyphy/ptII/ptolemy/actor/lib/test/auto/Expression1.xml (RunModel)" time="0.011" />
  <testcase classname="ptolemy.util.test.junit.AutoTests" name="[151] /home/travis/build/icyphy/ptII/ptolemy/actor/lib/test/auto/Expression10.xml (RunModel)" time="0.021" />
  <testcase classname="ptolemy.util.test.junit.AutoTests" name="[152] /home/travis/build/icyphy/ptII/ptolemy/actor/lib/test/auto/Expression11.xml (RunModel)" time="0.019" />
  <testcase classname="ptolemy.util.test.junit.AutoTests" name="[153] /home/travis/build/icyphy/ptII/ptolemy/actor/lib/test/auto/Expression12.xml (RunModel)" time="0.023" />
  <testcase classname="ptolemy.util.test.junit.AutoTests" name="[154] /home/travis/build/icyphy/ptII/ptolemy/actor/lib/test/auto/Expression13.xml (RunModel)" time="0.019" />
  <testcase classname="ptolemy.util.test.junit.AutoTests" name="[155] /home/travis/build/icyphy/ptII/ptolemy/actor/lib/test/auto/Expression14.xml (RunModel)" time="0.032" />
  <testcase classname="ptolemy.util.test.junit.AutoTests" name="[156] /home/travis/build/icyphy/ptII/ptolemy/actor/lib/test/auto/Expression15.xml (RunModel)" time="0.012" />
  <testcase classname="ptolemy.util.test.junit.AutoTests" name="[157] /home/travis/build/icyphy/ptII/ptolemy/actor/lib/test/auto/Expression16.xml (RunModel)" time="0.018" />
  <testcase classname="ptolemy.util.test.junit.AutoTests" name="[158] /home/travis/build/icyphy/ptII/ptolemy/actor/lib/test/auto/Expression17.xml (RunModel)" time="0.017" />
  <testcase classname="ptolemy.util.test.junit.AutoTests" name="[159] /home/travis/build/icyphy/ptII/ptolemy/actor/lib/test/auto/Expression18.xml (RunModel)" time="0.016" />
  <testcase classname="ptolemy.util.test.junit.AutoTests" name="[160] /home/travis/build/icyphy/ptII/ptolemy/actor/lib/test/auto/Expression2.xml (RunModel)" time="0.015" />
  <testcase classname="ptolemy.util.test.junit.AutoTests" name="[161] /home/travis/build/icyphy/ptII/ptolemy/actor/lib/test/auto/Expression3.xml (RunModel)" time="0.017" />
  <testcase classname="ptolemy.util.test.junit.AutoTests" name="[162] /home/travis/build/icyphy/ptII/ptolemy/actor/lib/test/auto/Expression4.xml (RunModel)" time="0.027" />
  <testcase classname="ptolemy.util.test.junit.AutoTests" name="[163] /home/travis/build/icyphy/ptII/ptolemy/actor/lib/test/auto/Expression5.xml (RunModel)" time="0.016" />
  <testcase classname="ptolemy.util.test.junit.AutoTests" name="[164] /home/travis/build/icyphy/ptII/ptolemy/actor/lib/test/auto/Expression6.xml (RunModel)" time="0.011" />
  <testcase classname="ptolemy.util.test.junit.AutoTests" name="[165] /home/travis/build/icyphy/ptII/ptolemy/actor/lib/test/auto/Expression7.xml (RunModel)" time="0.014" />
  <testcase classname="ptolemy.util.test.junit.AutoTests" name="[166] /home/travis/build/icyphy/ptII/ptolemy/actor/lib/test/auto/Expression8.xml (RunModel)" time="0.02" />
  <testcase classname="ptolemy.util.test.junit.AutoTests" name="[167] /home/travis/build/icyphy/ptII/ptolemy/actor/lib/test/auto/Expression9.xml (RunModel)" time="0.01" />
  <testcase classname="ptolemy.util.test.junit.AutoTests" name="[168] /home/travis/build/icyphy/ptII/ptolemy/actor/lib/test/auto/ExpressionConcatenateArrayType.xml (RunModel)" time="0.045" />
  <testcase classname="ptolemy.util.test.junit.AutoTests" name="[169] /home/travis/build/icyphy/ptII/ptolemy/actor/lib/test/auto/ExpressionConcatenateArrayType2.xml (RunModel)" time="0.03" />
  <testcase classname="ptolemy.util.test.junit.AutoTests" name="[170] /home/travis/build/icyphy/ptII/ptolemy/actor/lib/test/auto/ExpressionFix.xml (RunModel)" time="0.062" />
  <testcase classname="ptolemy.util.test.junit.AutoTests" name="[171] /home/travis/build/icyphy/ptII/ptolemy/actor/lib/test/auto/ExpressionFix2.xml (RunModel)" time="0.019" />
  <testcase classname="ptolemy.util.test.junit.AutoTests" name="[172] /home/travis/build/icyphy/ptII/ptolemy/actor/lib/test/auto/ExpressionFix3.xml (RunModel)" time="0.016" />
  <testcase classname="ptolemy.util.test.junit.AutoTests" name="[173] /home/travis/build/icyphy/ptII/ptolemy/actor/lib/test/auto/FileWriter1.xml (RunModel)" time="0.013" />
  <testcase classname="ptolemy.util.test.junit.AutoTests" name="[174] /home/travis/build/icyphy/ptII/ptolemy/actor/lib/test/auto/FileWriter2.xml (RunModel)" time="0.012" />
  <testcase classname="ptolemy.util.test.junit.AutoTests" name="[175] /home/travis/build/icyphy/ptII/ptolemy/actor/lib/test/auto/FileWriter3.xml (RunModel)" time="0.019" />
  <testcase classname="ptolemy.util.test.junit.AutoTests" name="[176] /home/travis/build/icyphy/ptII/ptolemy/actor/lib/test/auto/Gaussian.xml (RunModel)" time="0.019" />
  <testcase classname="ptolemy.util.test.junit.AutoTests" name="[177] /home/travis/build/icyphy/ptII/ptolemy/actor/lib/test/auto/Gaussian1.xml (RunModel)" time="0.028" />
  <testcase classname="ptolemy.util.test.junit.AutoTests" name="[178] /home/travis/build/icyphy/ptII/ptolemy/actor/lib/test/auto/Gaussian2.xml (RunModel)" time="0.022" />
  <testcase classname="ptolemy.util.test.junit.AutoTests" name="[179] /home/travis/build/icyphy/ptII/ptolemy/actor/lib/test/auto/GradientAdaptiveLattice.xml (RunModel)" time="0.021" />
  <testcase classname="ptolemy.util.test.junit.AutoTests" name="[180] /home/travis/build/icyphy/ptII/ptolemy/actor/lib/test/auto/IIR.xml (RunModel)" time="0.017" />
  <testcase classname="ptolemy.util.test.junit.AutoTests" name="[181] /home/travis/build/icyphy/ptII/ptolemy/actor/lib/test/auto/InputOutputTransparentPorts.xml (RunModel)" time="0.026" />
  <testcase classname="ptolemy.util.test.junit.AutoTests" name="[182] /home/travis/build/icyphy/ptII/ptolemy/actor/lib/test/auto/Interpolator.xml (RunModel)" time="0.017" />
  <testcase classname="ptolemy.util.test.junit.AutoTests" name="[183] /home/travis/build/icyphy/ptII/ptolemy/actor/lib/test/auto/InterpolatorFiringLimitDE.xml (RunModel)" time="0.017" />
  <testcase classname="ptolemy.util.test.junit.AutoTests" name="[184] /home/travis/build/icyphy/ptII/ptolemy/actor/lib/test/auto/Lattice.xml (RunModel)" time="0.012" />
  <testcase classname="ptolemy.util.test.junit.AutoTests" name="[185] /home/travis/build/icyphy/ptII/ptolemy/actor/lib/test/auto/LazyAOCTestLazy.xml (RunModel)" time="0.035" />
  <testcase classname="ptolemy.util.test.junit.AutoTests" name="[186] /home/travis/build/icyphy/ptII/ptolemy/actor/lib/test/auto/LazyAOCTestNonLazy.xml (RunModel)" time="0.061" />
  <testcase classname="ptolemy.util.test.junit.AutoTests" name="[187] /home/travis/build/icyphy/ptII/ptolemy/actor/lib/test/auto/LazyInnerClass.xml (RunModel)" time="0.059" />
  <testcase classname="ptolemy.util.test.junit.AutoTests" name="[188] /home/travis/build/icyphy/ptII/ptolemy/actor/lib/test/auto/LazyPubSub.xml (RunModel)" time="0.078" />
  <testcase classname="ptolemy.util.test.junit.AutoTests" name="[189] /home/travis/build/icyphy/ptII/ptolemy/actor/lib/test/auto/LazyPubSub2.xml (RunModel)" time="0.037" />
  <testcase classname="ptolemy.util.test.junit.AutoTests" name="[190] /home/travis/build/icyphy/ptII/ptolemy/actor/lib/test/auto/LazyPubSub3.xml (RunModel)" time="0.037" />
  <testcase classname="ptolemy.util.test.junit.AutoTests" name="[191] /home/travis/build/icyphy/ptII/ptolemy/actor/lib/test/auto/LazySubClassModel.xml (RunModel)" time="0.029" />
  <testcase classname="ptolemy.util.test.junit.AutoTests" name="[192] /home/travis/build/icyphy/ptII/ptolemy/actor/lib/test/auto/LevelCrossTest1.xml (RunModel)" time="0.015" />
  <testcase classname="ptolemy.util.test.junit.AutoTests" name="[193] /home/travis/build/icyphy/ptII/ptolemy/actor/lib/test/auto/LevelCrossTest10.xml (RunModel)" time="0.022" />
  <testcase classname="ptolemy.util.test.junit.AutoTests" name="[194] /home/travis/build/icyphy/ptII/ptolemy/actor/lib/test/auto/LevelCrossTest11.xml (RunModel)" time="0.023" />
  <testcase classname="ptolemy.util.test.junit.AutoTests" name="[195] /home/travis/build/icyphy/ptII/ptolemy/actor/lib/test/auto/LevelCrossTest12.xml (RunModel)" time="0.023" />
  <testcase classname="ptolemy.util.test.junit.AutoTests" name="[196] /home/travis/build/icyphy/ptII/ptolemy/actor/lib/test/auto/LevelCrossTest13.xml (RunModel)" time="0.019" />
  <testcase classname="ptolemy.util.test.junit.AutoTests" name="[197] /home/travis/build/icyphy/ptII/ptolemy/actor/lib/test/auto/LevelCrossTest2.xml (RunModel)" time="0.016" />
  <testcase classname="ptolemy.util.test.junit.AutoTests" name="[198] /home/travis/build/icyphy/ptII/ptolemy/actor/lib/test/auto/LevelCrossTest3.xml (RunModel)" time="0.017" />
  <testcase classname="ptolemy.util.test.junit.AutoTests" name="[199] /home/travis/build/icyphy/ptII/ptolemy/actor/lib/test/auto/LevelCrossTest4.xml (RunModel)" time="0.015" />
  <testcase classname="ptolemy.util.test.junit.AutoTests" name="[200] /home/travis/build/icyphy/ptII/ptolemy/actor/lib/test/auto/LevelCrossTest5.xml (RunModel)" time="0.017" />
  <testcase classname="ptolemy.util.test.junit.AutoTests" name="[201] /home/travis/build/icyphy/ptII/ptolemy/actor/lib/test/auto/LevelCrossTest6.xml (RunModel)" time="0.017" />
  <testcase classname="ptolemy.util.test.junit.AutoTests" name="[202] /home/travis/build/icyphy/ptII/ptolemy/actor/lib/test/auto/LevelCrossTest7.xml (RunModel)" time="0.026" />
  <testcase classname="ptolemy.util.test.junit.AutoTests" name="[203] /home/travis/build/icyphy/ptII/ptolemy/actor/lib/test/auto/LevelCrossTest8.xml (RunModel)" time="0.019" />
  <testcase classname="ptolemy.util.test.junit.AutoTests" name="[204] /home/travis/build/icyphy/ptII/ptolemy/actor/lib/test/auto/LevelCrossTest9.xml (RunModel)" time="0.018" />
  <testcase classname="ptolemy.util.test.junit.AutoTests" name="[205] /home/travis/build/icyphy/ptII/ptolemy/actor/lib/test/auto/LevinsonDurbin.xml (RunModel)" time="0.022" />
  <testcase classname="ptolemy.util.test.junit.AutoTests" name="[206] /home/travis/build/icyphy/ptII/ptolemy/actor/lib/test/auto/LevinsonDurbin2.xml (RunModel)" time="0.011" />
  <testcase classname="ptolemy.util.test.junit.AutoTests" name="[207] /home/travis/build/icyphy/ptII/ptolemy/actor/lib/test/auto/LevinsonDurbin3.xml (RunModel)" time="0.019" />
  <testcase classname="ptolemy.util.test.junit.AutoTests" name="[208] /home/travis/build/icyphy/ptII/ptolemy/actor/lib/test/auto/Limiter.xml (RunModel)" time="0.051" />
  <testcase classname="ptolemy.util.test.junit.AutoTests" name="[209] /home/travis/build/icyphy/ptII/ptolemy/actor/lib/test/auto/LinearDifferenceEquationSystem.xml (RunModel)" time="0.027" />
  <testcase classname="ptolemy.util.test.junit.AutoTests" name="[210] /home/travis/build/icyphy/ptII/ptolemy/actor/lib/test/auto/LookupTable.xml (RunModel)" time="0.013" />
  <testcase classname="ptolemy.util.test.junit.AutoTests" name="[211] /home/travis/build/icyphy/ptII/ptolemy/actor/lib/test/auto/MathFunction.xml (RunModel)" time="0.039" />
  <testcase classname="ptolemy.util.test.junit.AutoTests" name="[212] /home/travis/build/icyphy/ptII/ptolemy/actor/lib/test/auto/MathFunction2.xml (RunModel)" time="0.018" />
  <testcase classname="ptolemy.util.test.junit.AutoTests" name="[213] /home/travis/build/icyphy/ptII/ptolemy/actor/lib/test/auto/MathFunction3.xml (RunModel)" time="0.025" />
  <testcase classname="ptolemy.util.test.junit.AutoTests" name="[214] /home/travis/build/icyphy/ptII/ptolemy/actor/lib/test/auto/MatrixCropBoolean.xml (RunModel)" time="0.017" />
  <testcase classname="ptolemy.util.test.junit.AutoTests" name="[215] /home/travis/build/icyphy/ptII/ptolemy/actor/lib/test/auto/MatrixCropComplex.xml (RunModel)" time="0.013" />
  <testcase classname="ptolemy.util.test.junit.AutoTests" name="[216] /home/travis/build/icyphy/ptII/ptolemy/actor/lib/test/auto/MatrixCropDouble.xml (RunModel)" time="0.015" />
  <testcase classname="ptolemy.util.test.junit.AutoTests" name="[217] /home/travis/build/icyphy/ptII/ptolemy/actor/lib/test/auto/MatrixCropFix.xml (RunModel)" time="0.016" />
  <testcase classname="ptolemy.util.test.junit.AutoTests" name="[218] /home/travis/build/icyphy/ptII/ptolemy/actor/lib/test/auto/MatrixCropInt.xml (RunModel)" time="0.011" />
  <testcase classname="ptolemy.util.test.junit.AutoTests" name="[219] /home/travis/build/icyphy/ptII/ptolemy/actor/lib/test/auto/MatrixCropLong.xml (RunModel)" time="0.011" />
  <testcase classname="ptolemy.util.test.junit.AutoTests" name="[220] /home/travis/build/icyphy/ptII/ptolemy/actor/lib/test/auto/MatrixToArray.xml (RunModel)" time="0.066" />
  <testcase classname="ptolemy.util.test.junit.AutoTests" name="[221] /home/travis/build/icyphy/ptII/ptolemy/actor/lib/test/auto/MaxIndex.xml (RunModel)" time="0.021" />
  <testcase classname="ptolemy.util.test.junit.AutoTests" name="[222] /home/travis/build/icyphy/ptII/ptolemy/actor/lib/test/auto/Maximum.xml (RunModel)" time="0.016" />
  <testcase classname="ptolemy.util.test.junit.AutoTests" name="[223] /home/travis/build/icyphy/ptII/ptolemy/actor/lib/test/auto/MaximumComplex.xml (RunModel)" time="0.02" />
  <testcase classname="ptolemy.util.test.junit.AutoTests" name="[224] /home/travis/build/icyphy/ptII/ptolemy/actor/lib/test/auto/MethodCallTest.xml (RunModel)" time="0.027" />
  <testcase classname="ptolemy.util.test.junit.AutoTests" name="[225] /home/travis/build/icyphy/ptII/ptolemy/actor/lib/test/auto/Minimum.xml (RunModel)" time="0.017" />
  <testcase classname="ptolemy.util.test.junit.AutoTests" name="[226] /home/travis/build/icyphy/ptII/ptolemy/actor/lib/test/auto/MinimumComplex.xml (RunModel)" time="0.032" />
  <testcase classname="ptolemy.util.test.junit.AutoTests" name="[227] /home/travis/build/icyphy/ptII/ptolemy/actor/lib/test/auto/MinimumMultiports.xml (RunModel)" time="0.021" />
  <testcase classname="ptolemy.util.test.junit.AutoTests" name="[228] /home/travis/build/icyphy/ptII/ptolemy/actor/lib/test/auto/ModifyDate.xml (RunModel)" time="0.051" />
  <testcase classname="ptolemy.util.test.junit.AutoTests" name="[229] /home/travis/build/icyphy/ptII/ptolemy/actor/lib/test/auto/ModifyDate2.xml (RunModel)" time="0.044" />
  <testcase classname="ptolemy.util.test.junit.AutoTests" name="[230] /home/travis/build/icyphy/ptII/ptolemy/actor/lib/test/auto/MovingAverage.xml (RunModel)" time="0.014" />
  <testcase classname="ptolemy.util.test.junit.AutoTests" name="[231] /home/travis/build/icyphy/ptII/ptolemy/actor/lib/test/auto/MovingMaximum.xml (RunModel)" time="0.012" />
  <testcase classname="ptolemy.util.test.junit.AutoTests" name="[232] /home/travis/build/icyphy/ptII/ptolemy/actor/lib/test/auto/MultipleLinksToSameRelation.xml (RunModel)" time="0.009" />
  <testcase classname="ptolemy.util.test.junit.AutoTests" name="[233] /home/travis/build/icyphy/ptII/ptolemy/actor/lib/test/auto/MultipleLinksToSameRelationDE.xml (RunModel)" time="0.01" />
  <testcase classname="ptolemy.util.test.junit.AutoTests" name="[234] /home/travis/build/icyphy/ptII/ptolemy/actor/lib/test/auto/Multiplexor.xml (RunModel)" time="0.014" />
  <testcase classname="ptolemy.util.test.junit.AutoTests" name="[235] /home/travis/build/icyphy/ptII/ptolemy/actor/lib/test/auto/Multiplexor1.xml (RunModel)" time="0.015" />
  <testcase classname="ptolemy.util.test.junit.AutoTests" name="[236] /home/travis/build/icyphy/ptII/ptolemy/actor/lib/test/auto/Multiplexor2.xml (RunModel)" time="0.018" />
  <testcase classname="ptolemy.util.test.junit.AutoTests" name="[237] /home/travis/build/icyphy/ptII/ptolemy/actor/lib/test/auto/Multiplexor3.xml (RunModel)" time="0.013" />
  <testcase classname="ptolemy.util.test.junit.AutoTests" name="[238] /home/travis/build/icyphy/ptII/ptolemy/actor/lib/test/auto/MultiplexorDE.xml (RunModel)" time="0.031" />
  <testcase classname="ptolemy.util.test.junit.AutoTests" name="[239] /home/travis/build/icyphy/ptII/ptolemy/actor/lib/test/auto/MultiportBroadcastTest.xml (RunModel)" time="0.077" />
  <testcase classname="ptolemy.util.test.junit.AutoTests" name="[240] /home/travis/build/icyphy/ptII/ptolemy/actor/lib/test/auto/MultiportOutHangDuringGetWidth.xml (RunModel)" time="0.048" />
  <testcase classname="ptolemy.util.test.junit.AutoTests" name="[241] /home/travis/build/icyphy/ptII/ptolemy/actor/lib/test/auto/NilToken.xml (RunModel)" time="0.015" />
  <testcase classname="ptolemy.util.test.junit.AutoTests" name="[242] /home/travis/build/icyphy/ptII/ptolemy/actor/lib/test/auto/NilTokenNonStrictTest.xml (RunModel)" time="0.013" />
  <testcase classname="ptolemy.util.test.junit.AutoTests" name="[243] /home/travis/build/icyphy/ptII/ptolemy/actor/lib/test/auto/NilTokenRecord.xml (RunModel)" time="0.029" />
  <testcase classname="ptolemy.util.test.junit.AutoTests" name="[244] /home/travis/build/icyphy/ptII/ptolemy/actor/lib/test/auto/NilTokenTypeTest.xml (RunModel)" time="0.052" />
  <testcase classname="ptolemy.util.test.junit.AutoTests" name="[245] /home/travis/build/icyphy/ptII/ptolemy/actor/lib/test/auto/ObjectToken1.xml (RunModel)" time="0.013" />
  <testcase classname="ptolemy.util.test.junit.AutoTests" name="[246] /home/travis/build/icyphy/ptII/ptolemy/actor/lib/test/auto/OrderedMerge.xml (RunModel)" time="0.024" />
  <testcase classname="ptolemy.util.test.junit.AutoTests" name="[247] /home/travis/build/icyphy/ptII/ptolemy/actor/lib/test/auto/OrderedRecordDisassembler.xml (RunModel)" time="0.023" />
  <testcase classname="ptolemy.util.test.junit.AutoTests" name="[248] /home/travis/build/icyphy/ptII/ptolemy/actor/lib/test/auto/OrderedRecordDisassembler2.xml (RunModel)" time="0.025" />
  <testcase classname="ptolemy.util.test.junit.AutoTests" name="[249] /home/travis/build/icyphy/ptII/ptolemy/actor/lib/test/auto/OrderedRecordUpdater.xml (RunModel)" time="0.013" />
  <testcase classname="ptolemy.util.test.junit.AutoTests" name="[250] /home/travis/build/icyphy/ptII/ptolemy/actor/lib/test/auto/OrderedRecordUpdater2.xml (RunModel)" time="0.022" />
  <testcase classname="ptolemy.util.test.junit.AutoTests" name="[251] /home/travis/build/icyphy/ptII/ptolemy/actor/lib/test/auto/PhaseUnwrap.xml (RunModel)" time="0.015" />
  <testcase classname="ptolemy.util.test.junit.AutoTests" name="[252] /home/travis/build/icyphy/ptII/ptolemy/actor/lib/test/auto/PoissonClock.xml (RunModel)" time="0.013" />
  <testcase classname="ptolemy.util.test.junit.AutoTests" name="[253] /home/travis/build/icyphy/ptII/ptolemy/actor/lib/test/auto/PoissonClock2.xml (RunModel)" time="0.011" />
  <testcase classname="ptolemy.util.test.junit.AutoTests" name="[254] /home/travis/build/icyphy/ptII/ptolemy/actor/lib/test/auto/PoissonClock3.xml (RunModel)" time="0.033" />
  <testcase classname="ptolemy.util.test.junit.AutoTests" name="[255] /home/travis/build/icyphy/ptII/ptolemy/actor/lib/test/auto/PubSubWithInitialTokens.xml (RunModel)" time="0.021" />
  <testcase classname="ptolemy.util.test.junit.AutoTests" name="[256] /home/travis/build/icyphy/ptII/ptolemy/actor/lib/test/auto/PubSubWithInitialTokens2.xml (RunModel)" time="0.024" />
  <testcase classname="ptolemy.util.test.junit.AutoTests" name="[257] /home/travis/build/icyphy/ptII/ptolemy/actor/lib/test/auto/PublisherClassNoParameter.xml (RunModel)" time="0.038" />
  <testcase classname="ptolemy.util.test.junit.AutoTests" name="[258] /home/travis/build/icyphy/ptII/ptolemy/actor/lib/test/auto/PublisherClassParameter.xml (RunModel)" time="0.028" />
  <testcase classname="ptolemy.util.test.junit.AutoTests" name="[259] /home/travis/build/icyphy/ptII/ptolemy/actor/lib/test/auto/PublisherNonStrictTest.xml (RunModel)" time="0.019" />
  <testcase classname="ptolemy.util.test.junit.AutoTests" name="[260] /home/travis/build/icyphy/ptII/ptolemy/actor/lib/test/auto/PublisherPort1.xml (RunModel)" time="0.023" />
  <testcase classname="ptolemy.util.test.junit.AutoTests" name="[261] /home/travis/build/icyphy/ptII/ptolemy/actor/lib/test/auto/PublisherPort2.xml (RunModel)" time="0.016" />
  <testcase classname="ptolemy.util.test.junit.AutoTests" name="[262] /home/travis/build/icyphy/ptII/ptolemy/actor/lib/test/auto/PublisherPort3.xml (RunModel)" time="0.015" />
  <testcase classname="ptolemy.util.test.junit.AutoTests" name="[263] /home/travis/build/icyphy/ptII/ptolemy/actor/lib/test/auto/PublisherPort4.xml (RunModel)" time="0.015" />
  <testcase classname="ptolemy.util.test.junit.AutoTests" name="[264] /home/travis/build/icyphy/ptII/ptolemy/actor/lib/test/auto/PublisherPort5.xml (RunModel)" time="0.018" />
  <testcase classname="ptolemy.util.test.junit.AutoTests" name="[265] /home/travis/build/icyphy/ptII/ptolemy/actor/lib/test/auto/PublisherPort5LookAlike.xml (RunModel)" time="0.023" />
  <testcase classname="ptolemy.util.test.junit.AutoTests" name="[266] /home/travis/build/icyphy/ptII/ptolemy/actor/lib/test/auto/PublisherPort6.xml (RunModel)" time="0.015" />
  <testcase classname="ptolemy.util.test.junit.AutoTests" name="[267] /home/travis/build/icyphy/ptII/ptolemy/actor/lib/test/auto/PublisherPort7.xml (RunModel)" time="0.02" />
  <testcase classname="ptolemy.util.test.junit.AutoTests" name="[268] /home/travis/build/icyphy/ptII/ptolemy/actor/lib/test/auto/PublisherPort8.xml (RunModel)" time="0.027" />
  <testcase classname="ptolemy.util.test.junit.AutoTests" name="[269] /home/travis/build/icyphy/ptII/ptolemy/actor/lib/test/auto/PublisherPortSubscriberChannelVariablesAOC2.xml (RunModel)" time="0.05" />
  <testcase classname="ptolemy.util.test.junit.AutoTests" name="[270] /home/travis/build/icyphy/ptII/ptolemy/actor/lib/test/auto/PublisherPortSubscriberOpaqueWidthInference.xml (RunModel)" time="0.019" />
  <testcase classname="ptolemy.util.test.junit.AutoTests" name="[271] /home/travis/build/icyphy/ptII/ptolemy/actor/lib/test/auto/PublisherPortSubscriberPortAdjacent.xml (RunModel)" time="0.024" />
  <testcase classname="ptolemy.util.test.junit.AutoTests" name="[272] /home/travis/build/icyphy/ptII/ptolemy/actor/lib/test/auto/PublisherPortSubscriberPortExpression.xml (RunModel)" time="0.026" />
  <testcase classname="ptolemy.util.test.junit.AutoTests" name="[273] /home/travis/build/icyphy/ptII/ptolemy/actor/lib/test/auto/PublisherPortSubscriberPortOpaqueD3Reverse.xml (RunModel)" time="0.027" />
  <testcase classname="ptolemy.util.test.junit.AutoTests" name="[274] /home/travis/build/icyphy/ptII/ptolemy/actor/lib/test/auto/PublisherPortSubscriberPortOpaqueWidthInference.xml (RunModel)" time="0.018" />
  <testcase classname="ptolemy.util.test.junit.AutoTests" name="[275] /home/travis/build/icyphy/ptII/ptolemy/actor/lib/test/auto/PublisherPortToplevelSubscriberPortAOC.xml (RunModel)" time="0.014" />
  <testcase classname="ptolemy.util.test.junit.AutoTests" name="[276] /home/travis/build/icyphy/ptII/ptolemy/actor/lib/test/auto/PublisherSubscriber.xml (RunModel)" time="0.016" />
  <testcase classname="ptolemy.util.test.junit.AutoTests" name="[277] /home/travis/build/icyphy/ptII/ptolemy/actor/lib/test/auto/PublisherSubscriber10.xml (RunModel)" time="0.029" />
  <testcase classname="ptolemy.util.test.junit.AutoTests" name="[278] /home/travis/build/icyphy/ptII/ptolemy/actor/lib/test/auto/PublisherSubscriber10InitialOutputs.xml (RunModel)" time="0.023" />
  <testcase classname="ptolemy.util.test.junit.AutoTests" name="[279] /home/travis/build/icyphy/ptII/ptolemy/actor/lib/test/auto/PublisherSubscriber11.xml (RunModel)" time="0.014" />
  <testcase classname="ptolemy.util.test.junit.AutoTests" name="[280] /home/travis/build/icyphy/ptII/ptolemy/actor/lib/test/auto/PublisherSubscriber12.xml (RunModel)" time="0.015" />
  <testcase classname="ptolemy.util.test.junit.AutoTests" name="[281] /home/travis/build/icyphy/ptII/ptolemy/actor/lib/test/auto/PublisherSubscriber13.xml (RunModel)" time="0.012" />
  <testcase classname="ptolemy.util.test.junit.AutoTests" name="[282] /home/travis/build/icyphy/ptII/ptolemy/actor/lib/test/auto/PublisherSubscriber14.xml (RunModel)" time="0.025" />
  <testcase classname="ptolemy.util.test.junit.AutoTests" name="[283] /home/travis/build/icyphy/ptII/ptolemy/actor/lib/test/auto/PublisherSubscriber2.xml (RunModel)" time="0.012" />
  <testcase classname="ptolemy.util.test.junit.AutoTests" name="[284] /home/travis/build/icyphy/ptII/ptolemy/actor/lib/test/auto/PublisherSubscriber3.xml (RunModel)" time="0.012" />
  <testcase classname="ptolemy.util.test.junit.AutoTests" name="[285] /home/travis/build/icyphy/ptII/ptolemy/actor/lib/test/auto/PublisherSubscriber4.xml (RunModel)" time="0.013" />
  <testcase classname="ptolemy.util.test.junit.AutoTests" name="[286] /home/travis/build/icyphy/ptII/ptolemy/actor/lib/test/auto/PublisherSubscriber5.xml (RunModel)" time="0.015" />
  <testcase classname="ptolemy.util.test.junit.AutoTests" name="[287] /home/travis/build/icyphy/ptII/ptolemy/actor/lib/test/auto/PublisherSubscriber6.xml (RunModel)" time="0.015" />
  <testcase classname="ptolemy.util.test.junit.AutoTests" name="[288] /home/travis/build/icyphy/ptII/ptolemy/actor/lib/test/auto/PublisherSubscriber7.xml (RunModel)" time="0.036" />
  <testcase classname="ptolemy.util.test.junit.AutoTests" name="[289] /home/travis/build/icyphy/ptII/ptolemy/actor/lib/test/auto/PublisherSubscriber8.xml (RunModel)" time="0.045" />
  <testcase classname="ptolemy.util.test.junit.AutoTests" name="[290] /home/travis/build/icyphy/ptII/ptolemy/actor/lib/test/auto/PublisherSubscriber9.xml (RunModel)" time="0.02" />
  <testcase classname="ptolemy.util.test.junit.AutoTests" name="[291] /home/travis/build/icyphy/ptII/ptolemy/actor/lib/test/auto/PublisherSubscriberAdjacent.xml (RunModel)" time="0.02" />
  <testcase classname="ptolemy.util.test.junit.AutoTests" name="[292] /home/travis/build/icyphy/ptII/ptolemy/actor/lib/test/auto/PublisherSubscriberChannelVariablesAOC2.xml (RunModel)" time="0.038" />
  <testcase classname="ptolemy.util.test.junit.AutoTests" name="[293] /home/travis/build/icyphy/ptII/ptolemy/actor/lib/test/auto/PublisherSubscriberD3.xml (RunModel)" time="0.017" />
  <testcase classname="ptolemy.util.test.junit.AutoTests" name="[294] /home/travis/build/icyphy/ptII/ptolemy/actor/lib/test/auto/PublisherSubscriberD3Reverse.xml (RunModel)" time="0.018" />
  <testcase classname="ptolemy.util.test.junit.AutoTests" name="[295] /home/travis/build/icyphy/ptII/ptolemy/actor/lib/test/auto/PublisherSubscriberExpression.xml (RunModel)" time="0.023" />
  <testcase classname="ptolemy.util.test.junit.AutoTests" name="[296] /home/travis/build/icyphy/ptII/ptolemy/actor/lib/test/auto/PublisherSubscriberOpaque.xml (RunModel)" time="0.041" />
  <testcase classname="ptolemy.util.test.junit.AutoTests" name="[297] /home/travis/build/icyphy/ptII/ptolemy/actor/lib/test/auto/PublisherSubscriberOpaqueD3.xml (RunModel)" time="0.048" />
  <testcase classname="ptolemy.util.test.junit.AutoTests" name="[298] /home/travis/build/icyphy/ptII/ptolemy/actor/lib/test/auto/PublisherSubscriberOpaqueD3Reverse.xml (RunModel)" time="0.027" />
  <testcase classname="ptolemy.util.test.junit.AutoTests" name="[299] /home/travis/build/icyphy/ptII/ptolemy/actor/lib/test/auto/PublisherSubscriberOpaqueWidthInference.xml (RunModel)" time="0.019" />
  <testcase classname="ptolemy.util.test.junit.AutoTests" name="[300] /home/travis/build/icyphy/ptII/ptolemy/actor/lib/test/auto/PublisherTestSubscriber.xml (RunModel)" time="0.018" />
  <testcase classname="ptolemy.util.test.junit.AutoTests" name="[301] /home/travis/build/icyphy/ptII/ptolemy/actor/lib/test/auto/PublisherToplevelSubscriberPortAOC.xml (RunModel)" time="0.017" />
  <testcase classname="ptolemy.util.test.junit.AutoTests" name="[302] /home/travis/build/icyphy/ptII/ptolemy/actor/lib/test/auto/PulseFiringLimitDE.xml (RunModel)" time="0.017" />
  <testcase classname="ptolemy.util.test.junit.AutoTests" name="[303] /home/travis/build/icyphy/ptII/ptolemy/actor/lib/test/auto/Ramp1.xml (RunModel)" time="0.009" />
  <testcase classname="ptolemy.util.test.junit.AutoTests" name="[304] /home/travis/build/icyphy/ptII/ptolemy/actor/lib/test/auto/RampFiringLimitDE.xml (RunModel)" time="0.016" />
  <testcase classname="ptolemy.util.test.junit.AutoTests" name="[305] /home/travis/build/icyphy/ptII/ptolemy/actor/lib/test/auto/RampFiringLimitSDF.xml (RunModel)" time="0.012" />
  <testcase classname="ptolemy.util.test.junit.AutoTests" name="[306] /home/travis/build/icyphy/ptII/ptolemy/actor/lib/test/auto/RandomInteger.xml (RunModel)" time="0.011" />
  <testcase classname="ptolemy.util.test.junit.AutoTests" name="[307] /home/travis/build/icyphy/ptII/ptolemy/actor/lib/test/auto/ReadFile1.xml (RunModel)" time="0.01" />
  <testcase classname="ptolemy.util.test.junit.AutoTests" name="[308] /home/travis/build/icyphy/ptII/ptolemy/actor/lib/test/auto/ReadFile2.xml (RunModel)" time="0.009" />
  <testcase classname="ptolemy.util.test.junit.AutoTests" name="[309] /home/travis/build/icyphy/ptII/ptolemy/actor/lib/test/auto/Reader.xml (RunModel)" time="0.021" />
  <testcase classname="ptolemy.util.test.junit.AutoTests" name="[310] /home/travis/build/icyphy/ptII/ptolemy/actor/lib/test/auto/RecordAssemblerDisplayNameTest.xml (RunModel)" time="5.473" />
  <testcase classname="ptolemy.util.test.junit.AutoTests" name="[311] /home/travis/build/icyphy/ptII/ptolemy/actor/lib/test/auto/RecordAssemblerTypeError.xml (RunModel)" time="0.041" />
  <testcase classname="ptolemy.util.test.junit.AutoTests" name="[312] /home/travis/build/icyphy/ptII/ptolemy/actor/lib/test/auto/RecordDisassember.xml (RunModel)" time="0.023" />
  <testcase classname="ptolemy.util.test.junit.AutoTests" name="[313] /home/travis/build/icyphy/ptII/ptolemy/actor/lib/test/auto/RecordDisassemberDisplayNameTest.xml (RunModel)" time="0.034" />
  <testcase classname="ptolemy.util.test.junit.AutoTests" name="[314] /home/travis/build/icyphy/ptII/ptolemy/actor/lib/test/auto/RecordDisassembler.xml (RunModel)" time="0.011" />
  <testcase classname="ptolemy.util.test.junit.AutoTests" name="[315] /home/travis/build/icyphy/ptII/ptolemy/actor/lib/test/auto/RecordDisassembler2.xml (RunModel)" time="0.014" />
  <testcase classname="ptolemy.util.test.junit.AutoTests" name="[316] /home/travis/build/icyphy/ptII/ptolemy/actor/lib/test/auto/RecordUpdater.xml (RunModel)" time="0.012" />
  <testcase classname="ptolemy.util.test.junit.AutoTests" name="[317] /home/travis/build/icyphy/ptII/ptolemy/actor/lib/test/auto/RecordUpdater2.xml (RunModel)" time="0.01" />
  <testcase classname="ptolemy.util.test.junit.AutoTests" name="[318] /home/travis/build/icyphy/ptII/ptolemy/actor/lib/test/auto/RecursiveLattice.xml (RunModel)" time="0.01" />
  <testcase classname="ptolemy.util.test.junit.AutoTests" name="[319] /home/travis/build/icyphy/ptII/ptolemy/actor/lib/test/auto/Router.xml (RunModel)" time="3.028" />
  <testcase classname="ptolemy.util.test.junit.AutoTests" name="[320] /home/travis/build/icyphy/ptII/ptolemy/actor/lib/test/auto/Router2.xml (RunModel)" time="3.027" />
  <testcase classname="ptolemy.util.test.junit.AutoTests" name="[321] /home/travis/build/icyphy/ptII/ptolemy/actor/lib/test/auto/RunningMaximum.xml (RunModel)" time="0.026" />
  <testcase classname="ptolemy.util.test.junit.AutoTests" name="[322] /home/travis/build/icyphy/ptII/ptolemy/actor/lib/test/auto/RunningMinimum.xml (RunModel)" time="0.026" />
  <testcase classname="ptolemy.util.test.junit.AutoTests" name="[323] /home/travis/build/icyphy/ptII/ptolemy/actor/lib/test/auto/Scale.xml (RunModel)" time="0.017" />
  <testcase classname="ptolemy.util.test.junit.AutoTests" name="[324] /home/travis/build/icyphy/ptII/ptolemy/actor/lib/test/auto/Scale2.xml (RunModel)" time="0.012" />
  <testcase classname="ptolemy.util.test.junit.AutoTests" name="[325] /home/travis/build/icyphy/ptII/ptolemy/actor/lib/test/auto/Scale3.xml (RunModel)" time="0.016" />
  <testcase classname="ptolemy.util.test.junit.AutoTests" name="[326] /home/travis/build/icyphy/ptII/ptolemy/actor/lib/test/auto/ScaleArray.xml (RunModel)" time="0.009" />
  <testcase classname="ptolemy.util.test.junit.AutoTests" name="[327] /home/travis/build/icyphy/ptII/ptolemy/actor/lib/test/auto/ScaleArray2.xml (RunModel)" time="0.009" />
  <testcase classname="ptolemy.util.test.junit.AutoTests" name="[328] /home/travis/build/icyphy/ptII/ptolemy/actor/lib/test/auto/ScaleMatrix.xml (RunModel)" time="0.203" />
  <testcase classname="ptolemy.util.test.junit.AutoTests" name="[329] /home/travis/build/icyphy/ptII/ptolemy/actor/lib/test/auto/Select.xml (RunModel)" time="0.017" />
  <testcase classname="ptolemy.util.test.junit.AutoTests" name="[330] /home/travis/build/icyphy/ptII/ptolemy/actor/lib/test/auto/Select2.xml (RunModel)" time="0.01" />
  <testcase classname="ptolemy.util.test.junit.AutoTests" name="[331] /home/travis/build/icyphy/ptII/ptolemy/actor/lib/test/auto/SequenceToArray2.xml (RunModel)" time="0.163" />
  <testcase classname="ptolemy.util.test.junit.AutoTests" name="[332] /home/travis/build/icyphy/ptII/ptolemy/actor/lib/test/auto/SequentialClock.xml (RunModel)" time="0.013" />
  <testcase classname="ptolemy.util.test.junit.AutoTests" name="[333] /home/travis/build/icyphy/ptII/ptolemy/actor/lib/test/auto/SetVariable.xml (RunModel)" time="0.011" />
  <testcase classname="ptolemy.util.test.junit.AutoTests" name="[334] /home/travis/build/icyphy/ptII/ptolemy/actor/lib/test/auto/SetVariable2.xml (RunModel)" time="0.012" />
  <testcase classname="ptolemy.util.test.junit.AutoTests" name="[335] /home/travis/build/icyphy/ptII/ptolemy/actor/lib/test/auto/SetVariable3.xml (RunModel)" time="0.018" />
  <testcase classname="ptolemy.util.test.junit.AutoTests" name="[336] /home/travis/build/icyphy/ptII/ptolemy/actor/lib/test/auto/SetVariable4.xml (RunModel)" time="0.038" />
  <testcase classname="ptolemy.util.test.junit.AutoTests" name="[337] /home/travis/build/icyphy/ptII/ptolemy/actor/lib/test/auto/SetVariable5.xml (RunModel)" time="0.052" />
  <testcase classname="ptolemy.util.test.junit.AutoTests" name="[338] /home/travis/build/icyphy/ptII/ptolemy/actor/lib/test/auto/Sinewave.xml (RunModel)" time="0.037" />
  <testcase classname="ptolemy.util.test.junit.AutoTests" name="[339] /home/travis/build/icyphy/ptII/ptolemy/actor/lib/test/auto/Sinewave2.xml (RunModel)" time="0.023" />
  <testcase classname="ptolemy.util.test.junit.AutoTests" name="[340] /home/travis/build/icyphy/ptII/ptolemy/actor/lib/test/auto/Sinewave3.xml (RunModel)" time="0.022" />
  <testcase classname="ptolemy.util.test.junit.AutoTests" name="[341] /home/travis/build/icyphy/ptII/ptolemy/actor/lib/test/auto/SingleEvent.xml (RunModel)" time="0.009" />
  <testcase classname="ptolemy.util.test.junit.AutoTests" name="[342] /home/travis/build/icyphy/ptII/ptolemy/actor/lib/test/auto/Sleep.xml (RunModel)" time="6.023" />
  <testcase classname="ptolemy.util.test.junit.AutoTests" name="[343] /home/travis/build/icyphy/ptII/ptolemy/actor/lib/test/auto/SleepMultipleFire.xml (RunModel)" time="1.028" />
  <testcase classname="ptolemy.util.test.junit.AutoTests" name="[344] /home/travis/build/icyphy/ptII/ptolemy/actor/lib/test/auto/StopDE.xml (RunModel)" time="0.019" />
  <testcase classname="ptolemy.util.test.junit.AutoTests" name="[345] /home/travis/build/icyphy/ptII/ptolemy/actor/lib/test/auto/StopSDF.xml (RunModel)" time="0.015" />
  <testcase classname="ptolemy.util.test.junit.AutoTests" name="[346] /home/travis/build/icyphy/ptII/ptolemy/actor/lib/test/auto/StringConstant.xml (RunModel)" time="0.02" />
  <testcase classname="ptolemy.util.test.junit.AutoTests" name="[347] /home/travis/build/icyphy/ptII/ptolemy/actor/lib/test/auto/SubscriberPortInitialValues1.xml (RunModel)" time="0.023" />
  <testcase classname="ptolemy.util.test.junit.AutoTests" name="[348] /home/travis/build/icyphy/ptII/ptolemy/actor/lib/test/auto/SubscriberPortInitialValues13.xml (RunModel)" time="0.031" />
  <testcase classname="ptolemy.util.test.junit.AutoTests" name="[349] /home/travis/build/icyphy/ptII/ptolemy/actor/lib/test/auto/SubscriberPortInitialValues14.xml (RunModel)" time="0.017" />
  <testcase classname="ptolemy.util.test.junit.AutoTests" name="[350] /home/travis/build/icyphy/ptII/ptolemy/actor/lib/test/auto/SubscriberPortInitialValues2.xml (RunModel)" time="0.022" />
  <testcase classname="ptolemy.util.test.junit.AutoTests" name="[351] /home/travis/build/icyphy/ptII/ptolemy/actor/lib/test/auto/SubscriberPortInitialValues3.xml (RunModel)" time="0.024" />
  <testcase classname="ptolemy.util.test.junit.AutoTests" name="[352] /home/travis/build/icyphy/ptII/ptolemy/actor/lib/test/auto/SubscriptionAggregator.xml (RunModel)" time="0.013" />
  <testcase classname="ptolemy.util.test.junit.AutoTests" name="[353] /home/travis/build/icyphy/ptII/ptolemy/actor/lib/test/auto/SubscriptionAggregator2.xml (RunModel)" time="0.013" />
  <testcase classname="ptolemy.util.test.junit.AutoTests" name="[354] /home/travis/build/icyphy/ptII/ptolemy/actor/lib/test/auto/SubscriptionAggregator3.xml (RunModel)" time="0.023" />
  <testcase classname="ptolemy.util.test.junit.AutoTests" name="[355] /home/travis/build/icyphy/ptII/ptolemy/actor/lib/test/auto/SubscriptionAggregatorMultiply.xml (RunModel)" time="0.03" />
  <testcase classname="ptolemy.util.test.junit.AutoTests" name="[356] /home/travis/build/icyphy/ptII/ptolemy/actor/lib/test/auto/SubscriptionAggregatorPortMultiply1.xml (RunModel)" time="0.02" />
  <testcase classname="ptolemy.util.test.junit.AutoTests" name="[357] /home/travis/build/icyphy/ptII/ptolemy/actor/lib/test/auto/Switch.xml (RunModel)" time="0.021" />
  <testcase classname="ptolemy.util.test.junit.AutoTests" name="[358] /home/travis/build/icyphy/ptII/ptolemy/actor/lib/test/auto/Switch2.xml (RunModel)" time="0.014" />
  <testcase classname="ptolemy.util.test.junit.AutoTests" name="[359] /home/travis/build/icyphy/ptII/ptolemy/actor/lib/test/auto/SwitchDE.xml (RunModel)" time="0.017" />
  <testcase classname="ptolemy.util.test.junit.AutoTests" name="[360] /home/travis/build/icyphy/ptII/ptolemy/actor/lib/test/auto/SynchronizerDE.xml (RunModel)" time="0.028" />
  <testcase classname="ptolemy.util.test.junit.AutoTests" name="[361] /home/travis/build/icyphy/ptII/ptolemy/actor/lib/test/auto/Test.xml (RunModel)" time="0.016" />
  <testcase classname="ptolemy.util.test.junit.AutoTests" name="[362] /home/travis/build/icyphy/ptII/ptolemy/actor/lib/test/auto/TestExceptionAttribute1.xml (RunModel)" time="0.013" />
  <testcase classname="ptolemy.util.test.junit.AutoTests" name="[363] /home/travis/build/icyphy/ptII/ptolemy/actor/lib/test/auto/TestExceptionAttribute2.xml (RunModel)" time="0.009" />
  <testcase classname="ptolemy.util.test.junit.AutoTests" name="[364] /home/travis/build/icyphy/ptII/ptolemy/actor/lib/test/auto/TestExceptionAttribute3.xml (RunModel)" time="0.013" />
  <testcase classname="ptolemy.util.test.junit.AutoTests" name="[365] /home/travis/build/icyphy/ptII/ptolemy/actor/lib/test/auto/TestExceptionAttribute4.xml (RunModel)" time="0.009" />
  <testcase classname="ptolemy.util.test.junit.AutoTests" name="[366] /home/travis/build/icyphy/ptII/ptolemy/actor/lib/test/auto/TestExceptionHandler1.xml (RunModel)" time="0.008" />
  <testcase classname="ptolemy.util.test.junit.AutoTests" name="[367] /home/travis/build/icyphy/ptII/ptolemy/actor/lib/test/auto/TestExceptionHandler2.xml (RunModel)" time="0.012" />
  <testcase classname="ptolemy.util.test.junit.AutoTests" name="[368] /home/travis/build/icyphy/ptII/ptolemy/actor/lib/test/auto/TestExceptionHandler3.xml (RunModel)" time="0.007" />
  <testcase classname="ptolemy.util.test.junit.AutoTests" name="[369] /home/travis/build/icyphy/ptII/ptolemy/actor/lib/test/auto/TestExceptionHandler4.xml (RunModel)" time="0.006" />
  <testcase classname="ptolemy.util.test.junit.AutoTests" name="[370] /home/travis/build/icyphy/ptII/ptolemy/actor/lib/test/auto/TestRequireCorrectOrder.xml (RunModel)" time="0.012" />
  <testcase classname="ptolemy.util.test.junit.AutoTests" name="[371] /home/travis/build/icyphy/ptII/ptolemy/actor/lib/test/auto/TestSimple.xml (RunModel)" time="0.007" />
  <testcase classname="ptolemy.util.test.junit.AutoTests" name="[372] /home/travis/build/icyphy/ptII/ptolemy/actor/lib/test/auto/ThrowModelError.xml (RunModel)" time="0.012" />
  <testcase classname="ptolemy.util.test.junit.AutoTests" name="[373] /home/travis/build/icyphy/ptII/ptolemy/actor/lib/test/auto/TimeDelayMicrosteps.xml (RunModel)" time="0.017" />
  <testcase classname="ptolemy.util.test.junit.AutoTests" name="[374] /home/travis/build/icyphy/ptII/ptolemy/actor/lib/test/auto/TimeDelayMicrosteps2.xml (RunModel)" time="0.02" />
  <testcase classname="ptolemy.util.test.junit.AutoTests" name="[375] /home/travis/build/icyphy/ptII/ptolemy/actor/lib/test/auto/TimeDelayMicrosteps3.xml (RunModel)" time="0.016" />
  <testcase classname="ptolemy.util.test.junit.AutoTests" name="[376] /home/travis/build/icyphy/ptII/ptolemy/actor/lib/test/auto/TimeDelayVariableMicrosteps.xml (RunModel)" time="0.016" />
  <testcase classname="ptolemy.util.test.junit.AutoTests" name="[377] /home/travis/build/icyphy/ptII/ptolemy/actor/lib/test/auto/TimeGap.xml (RunModel)" time="0.017" />
  <testcase classname="ptolemy.util.test.junit.AutoTests" name="[378] /home/travis/build/icyphy/ptII/ptolemy/actor/lib/test/auto/TimeGap2.xml (RunModel)" time="0.012" />
  <testcase classname="ptolemy.util.test.junit.AutoTests" name="[379] /home/travis/build/icyphy/ptII/ptolemy/actor/lib/test/auto/TimedSinewave.xml (RunModel)" time="0.079" />
  <testcase classname="ptolemy.util.test.junit.AutoTests" name="[380] /home/travis/build/icyphy/ptII/ptolemy/actor/lib/test/auto/TimedSinewavePhase.xml (RunModel)" time="0.048" />
  <testcase classname="ptolemy.util.test.junit.AutoTests" name="[381] /home/travis/build/icyphy/ptII/ptolemy/actor/lib/test/auto/Timer.xml (RunModel)" time="0.025" />
  <testcase classname="ptolemy.util.test.junit.AutoTests" name="[382] /home/travis/build/icyphy/ptII/ptolemy/actor/lib/test/auto/TriangularDistTestModel.xml (RunModel)" time="0.02" />
  <testcase classname="ptolemy.util.test.junit.AutoTests" name="[383] /home/travis/build/icyphy/ptII/ptolemy/actor/lib/test/auto/TrigFunction.xml (RunModel)" time="0.009" />
  <testcase classname="ptolemy.util.test.junit.AutoTests" name="[384] /home/travis/build/icyphy/ptII/ptolemy/actor/lib/test/auto/TrigFunctionDE.xml (RunModel)" time="0.012" />
  <testcase classname="ptolemy.util.test.junit.AutoTests" name="[385] /home/travis/build/icyphy/ptII/ptolemy/actor/lib/test/auto/TrigFunctionInverse.xml (RunModel)" time="0.012" />
  <testcase classname="ptolemy.util.test.junit.AutoTests" name="[386] /home/travis/build/icyphy/ptII/ptolemy/actor/lib/test/auto/TrigFunctionTan.xml (RunModel)" time="0.009" />
  <testcase classname="ptolemy.util.test.junit.AutoTests" name="[387] /home/travis/build/icyphy/ptII/ptolemy/actor/lib/test/auto/TriggeredClock.xml (RunModel)" time="0.011" />
  <testcase classname="ptolemy.util.test.junit.AutoTests" name="[388] /home/travis/build/icyphy/ptII/ptolemy/actor/lib/test/auto/URLDirectoryReader.xml (RunModel)" time="0.121" />
  <testcase classname="ptolemy.util.test.junit.AutoTests" name="[389] /home/travis/build/icyphy/ptII/ptolemy/actor/lib/test/auto/URLDirectoryReader3.xml (RunModel)" time="1.477" />
  <testcase classname="ptolemy.util.test.junit.AutoTests" name="[390] /home/travis/build/icyphy/ptII/ptolemy/actor/lib/test/auto/UnaryMathFunction.xml (RunModel)" time="0.033" />
  <testcase classname="ptolemy.util.test.junit.AutoTests" name="[391] /home/travis/build/icyphy/ptII/ptolemy/actor/lib/test/auto/Uniform.xml (RunModel)" time="0.017" />
  <testcase classname="ptolemy.util.test.junit.AutoTests" name="[392] /home/travis/build/icyphy/ptII/ptolemy/actor/lib/test/auto/UnionDisassemblerTest.xml (RunModel)" time="0.011" />
  <testcase classname="ptolemy.util.test.junit.AutoTests" name="[393] /home/travis/build/icyphy/ptII/ptolemy/actor/lib/test/auto/UtilityFunctions.xml (RunModel)" time="0.008" />
  <testcase classname="ptolemy.util.test.junit.AutoTests" name="[394] /home/travis/build/icyphy/ptII/ptolemy/actor/lib/test/auto/VariableSleep.xml (RunModel)" time="0.514" />
  <testcase classname="ptolemy.util.test.junit.AutoTests" name="[395] /home/travis/build/icyphy/ptII/ptolemy/actor/lib/test/auto/VectorAssemblerDisassemblerCT.xml (RunModel)" time="0.141" />
  <testcase classname="ptolemy.util.test.junit.AutoTests" name="[396] /home/travis/build/icyphy/ptII/ptolemy/actor/lib/test/auto/VectorAssemblerDisassemblerDE.xml (RunModel)" time="0.017" />
  <testcase classname="ptolemy.util.test.junit.AutoTests" name="[397] /home/travis/build/icyphy/ptII/ptolemy/actor/lib/test/auto/VectorAssemblerDisassemblerSDF.xml (RunModel)" time="0.014" />
  <testcase classname="ptolemy.util.test.junit.AutoTests" name="[398] /home/travis/build/icyphy/ptII/ptolemy/actor/lib/test/auto/WallClockTime.xml (RunModel)" time="1.015" />
  <testcase classname="ptolemy.util.test.junit.AutoTests" name="[399] /home/travis/build/icyphy/ptII/ptolemy/actor/lib/test/auto/WidthTestWithSubscriberPublisher.xml (RunModel)" time="0.058" />
  <testcase classname="ptolemy.util.test.junit.AutoTests" name="[400] /home/travis/build/icyphy/ptII/ptolemy/actor/lib/test/auto/WidthTestWithSubscriberPublisher2.xml (RunModel)" time="0.019" />
  <testcase classname="ptolemy.util.test.junit.AutoTests" name="[401] /home/travis/build/icyphy/ptII/ptolemy/actor/lib/test/auto/WidthTestWithSubscriberPublisher3.xml (RunModel)" time="0.012" />
  <testcase classname="ptolemy.util.test.junit.AutoTests" name="[402] /home/travis/build/icyphy/ptII/ptolemy/actor/lib/test/auto/Writer.xml (RunModel)" time="0.009" />
  <testcase classname="ptolemy.util.test.junit.AutoTests" name="[403] /home/travis/build/icyphy/ptII/ptolemy/actor/lib/test/auto/array.xml (RunModel)" time="0.01" />
  <testcase classname="ptolemy.util.test.junit.AutoTests" name="[404] /home/travis/build/icyphy/ptII/ptolemy/actor/lib/test/auto/array2.xml (RunModel)" time="0.053" />
  <testcase classname="ptolemy.util.test.junit.AutoTests" name="[405] /home/travis/build/icyphy/ptII/ptolemy/actor/lib/test/auto/arrayType.xml (RunModel)" time="0.012" />
  <testcase classname="ptolemy.util.test.junit.AutoTests" name="[406] /home/travis/build/icyphy/ptII/ptolemy/actor/lib/test/auto/arrayType10.xml (RunModel)" time="0.01" />
  <testcase classname="ptolemy.util.test.junit.AutoTests" name="[407] /home/travis/build/icyphy/ptII/ptolemy/actor/lib/test/auto/arrayType11.xml (RunModel)" time="0.01" />
  <testcase classname="ptolemy.util.test.junit.AutoTests" name="[408] /home/travis/build/icyphy/ptII/ptolemy/actor/lib/test/auto/arrayType12.xml (RunModel)" time="0.01" />
  <testcase classname="ptolemy.util.test.junit.AutoTests" name="[409] /home/travis/build/icyphy/ptII/ptolemy/actor/lib/test/auto/arrayType13.xml (RunModel)" time="0.01" />
  <testcase classname="ptolemy.util.test.junit.AutoTests" name="[410] /home/travis/build/icyphy/ptII/ptolemy/actor/lib/test/auto/arrayType14.xml (RunModel)" time="0.01" />
  <testcase classname="ptolemy.util.test.junit.AutoTests" name="[411] /home/travis/build/icyphy/ptII/ptolemy/actor/lib/test/auto/arrayType15.xml (RunModel)" time="0.013" />
  <testcase classname="ptolemy.util.test.junit.AutoTests" name="[412] /home/travis/build/icyphy/ptII/ptolemy/actor/lib/test/auto/arrayType16.xml (RunModel)" time="0.011" />
  <testcase classname="ptolemy.util.test.junit.AutoTests" name="[413] /home/travis/build/icyphy/ptII/ptolemy/actor/lib/test/auto/arrayType17.xml (RunModel)" time="0.011" />
  <testcase classname="ptolemy.util.test.junit.AutoTests" name="[414] /home/travis/build/icyphy/ptII/ptolemy/actor/lib/test/auto/arrayType18.xml (RunModel)" time="0.009" />
  <testcase classname="ptolemy.util.test.junit.AutoTests" name="[415] /home/travis/build/icyphy/ptII/ptolemy/actor/lib/test/auto/arrayType19.xml (RunModel)" time="0.01" />
  <testcase classname="ptolemy.util.test.junit.AutoTests" name="[416] /home/travis/build/icyphy/ptII/ptolemy/actor/lib/test/auto/arrayType2.xml (RunModel)" time="0.01" />
  <testcase classname="ptolemy.util.test.junit.AutoTests" name="[417] /home/travis/build/icyphy/ptII/ptolemy/actor/lib/test/auto/arrayType20.xml (RunModel)" time="0.011" />
  <testcase classname="ptolemy.util.test.junit.AutoTests" name="[418] /home/travis/build/icyphy/ptII/ptolemy/actor/lib/test/auto/arrayType21.xml (RunModel)" time="0.009" />
  <testcase classname="ptolemy.util.test.junit.AutoTests" name="[419] /home/travis/build/icyphy/ptII/ptolemy/actor/lib/test/auto/arrayType22.xml (RunModel)" time="0.009" />
  <testcase classname="ptolemy.util.test.junit.AutoTests" name="[420] /home/travis/build/icyphy/ptII/ptolemy/actor/lib/test/auto/arrayType23.xml (RunModel)" time="0.009" />
  <testcase classname="ptolemy.util.test.junit.AutoTests" name="[421] /home/travis/build/icyphy/ptII/ptolemy/actor/lib/test/auto/arrayType24.xml (RunModel)" time="0.01" />
  <testcase classname="ptolemy.util.test.junit.AutoTests" name="[422] /home/travis/build/icyphy/ptII/ptolemy/actor/lib/test/auto/arrayType25.xml (RunModel)" time="0.01" />
  <testcase classname="ptolemy.util.test.junit.AutoTests" name="[423] /home/travis/build/icyphy/ptII/ptolemy/actor/lib/test/auto/arrayType26.xml (RunModel)" time="0.01" />
  <testcase classname="ptolemy.util.test.junit.AutoTests" name="[424] /home/travis/build/icyphy/ptII/ptolemy/actor/lib/test/auto/arrayType27.xml (RunModel)" time="0.01" />
  <testcase classname="ptolemy.util.test.junit.AutoTests" name="[425] /home/travis/build/icyphy/ptII/ptolemy/actor/lib/test/auto/arrayType28.xml (RunModel)" time="0.014" />
  <testcase classname="ptolemy.util.test.junit.AutoTests" name="[426] /home/travis/build/icyphy/ptII/ptolemy/actor/lib/test/auto/arrayType3.xml (RunModel)" time="0.012" />
  <testcase classname="ptolemy.util.test.junit.AutoTests" name="[427] /home/travis/build/icyphy/ptII/ptolemy/actor/lib/test/auto/arrayType4.xml (RunModel)" time="0.01" />
  <testcase classname="ptolemy.util.test.junit.AutoTests" name="[428] /home/travis/build/icyphy/ptII/ptolemy/actor/lib/test/auto/arrayType5.xml (RunModel)" time="0.01" />
  <testcase classname="ptolemy.util.test.junit.AutoTests" name="[429] /home/travis/build/icyphy/ptII/ptolemy/actor/lib/test/auto/arrayType6.xml (RunModel)" time="0.01" />
  <testcase classname="ptolemy.util.test.junit.AutoTests" name="[430] /home/travis/build/icyphy/ptII/ptolemy/actor/lib/test/auto/arrayType7.xml (RunModel)" time="0.022" />
  <testcase classname="ptolemy.util.test.junit.AutoTests" name="[431] /home/travis/build/icyphy/ptII/ptolemy/actor/lib/test/auto/arrayType8.xml (RunModel)" time="0.011" />
  <testcase classname="ptolemy.util.test.junit.AutoTests" name="[432] /home/travis/build/icyphy/ptII/ptolemy/actor/lib/test/auto/arrayType9.xml (RunModel)" time="0.009" />
  <testcase classname="ptolemy.util.test.junit.AutoTests" name="[433] /home/travis/build/icyphy/ptII/ptolemy/actor/lib/test/auto/cast.xml (RunModel)" time="0.01" />
  <testcase classname="ptolemy.util.test.junit.AutoTests" name="[434] /home/travis/build/icyphy/ptII/ptolemy/actor/lib/test/auto/compositeMultiPort.xml (RunModel)" time="0.032" />
  <testcase classname="ptolemy.util.test.junit.AutoTests" name="[435] /home/travis/build/icyphy/ptII/ptolemy/actor/lib/test/auto/expressionCastInference.xml (RunModel)" time="0.048" />
  <testcase classname="ptolemy.util.test.junit.AutoTests" name="[436] /home/travis/build/icyphy/ptII/ptolemy/actor/lib/test/auto/expressionCastInference2.xml (RunModel)" time="0.035" />
  <testcase classname="ptolemy.util.test.junit.AutoTests" name="[437] /home/travis/build/icyphy/ptII/ptolemy/actor/lib/test/auto/expressionInference.xml (RunModel)" time="0.04" />
  <testcase classname="ptolemy.util.test.junit.AutoTests" name="[438] /home/travis/build/icyphy/ptII/ptolemy/actor/lib/test/auto/expression_bug.xml (RunModel)" time="0.062" />
  <testcase classname="ptolemy.util.test.junit.AutoTests" name="[439] /home/travis/build/icyphy/ptII/ptolemy/actor/lib/test/auto/factorial.xml (RunModel)" time="0.114" />
  <testcase classname="ptolemy.util.test.junit.AutoTests" name="[440] /home/travis/build/icyphy/ptII/ptolemy/actor/lib/test/auto/filterTest1.xml (RunModel)" time="0.038" />
  <testcase classname="ptolemy.util.test.junit.AutoTests" name="[441] /home/travis/build/icyphy/ptII/ptolemy/actor/lib/test/auto/funcApplyInConst.xml (RunModel)" time="0.007" />
  <testcase classname="ptolemy.util.test.junit.AutoTests" name="[442] /home/travis/build/icyphy/ptII/ptolemy/actor/lib/test/auto/funcApplyInExpr.xml (RunModel)" time="0.006" />
  <testcase classname="ptolemy.util.test.junit.AutoTests" name="[443] /home/travis/build/icyphy/ptII/ptolemy/actor/lib/test/auto/function.xml (RunModel)" time="0.013" />
  <testcase classname="ptolemy.util.test.junit.AutoTests" name="[444] /home/travis/build/icyphy/ptII/ptolemy/actor/lib/test/auto/function2.xml (RunModel)" time="0.011" />
  <testcase classname="ptolemy.util.test.junit.AutoTests" name="[445] /home/travis/build/icyphy/ptII/ptolemy/actor/lib/test/auto/function3.xml (RunModel)" time="0.007" />
  <testcase classname="ptolemy.util.test.junit.AutoTests" name="[446] /home/travis/build/icyphy/ptII/ptolemy/actor/lib/test/auto/functionClosureTest1.xml (RunModel)" time="0.011" />
  <testcase classname="ptolemy.util.test.junit.AutoTests" name="[447] /home/travis/build/icyphy/ptII/ptolemy/actor/lib/test/auto/functionClosureTest2.xml (RunModel)" time="0.007" />
  <testcase classname="ptolemy.util.test.junit.AutoTests" name="[448] /home/travis/build/icyphy/ptII/ptolemy/actor/lib/test/auto/functionClosureTest3.xml (RunModel)" time="0.01" />
  <testcase classname="ptolemy.util.test.junit.AutoTests" name="[449] /home/travis/build/icyphy/ptII/ptolemy/actor/lib/test/auto/functionClosureTest4.xml (RunModel)" time="0.017" />
  <testcase classname="ptolemy.util.test.junit.AutoTests" name="[450] /home/travis/build/icyphy/ptII/ptolemy/actor/lib/test/auto/functionClosureTest5.xml (RunModel)" time="0.013" />
  <testcase classname="ptolemy.util.test.junit.AutoTests" name="[451] /home/travis/build/icyphy/ptII/ptolemy/actor/lib/test/auto/functionClosureTest6.xml (RunModel)" time="0.009" />
  <testcase classname="ptolemy.util.test.junit.AutoTests" name="[452] /home/travis/build/icyphy/ptII/ptolemy/actor/lib/test/auto/functionsOnArcs.xml (RunModel)" time="0.011" />
  <testcase classname="ptolemy.util.test.junit.AutoTests" name="[453] /home/travis/build/icyphy/ptII/ptolemy/actor/lib/test/auto/functionsOnArcsHOF.xml (RunModel)" time="0.015" />
  <testcase classname="ptolemy.util.test.junit.AutoTests" name="[454] /home/travis/build/icyphy/ptII/ptolemy/actor/lib/test/auto/logic.xml (RunModel)" time="0.02" />
  <testcase classname="ptolemy.util.test.junit.AutoTests" name="[455] /home/travis/build/icyphy/ptII/ptolemy/actor/lib/test/auto/matrixType.xml (RunModel)" time="0.011" />
  <testcase classname="ptolemy.util.test.junit.AutoTests" name="[456] /home/travis/build/icyphy/ptII/ptolemy/actor/lib/test/auto/matrixType10.xml (RunModel)" time="0.011" />
  <testcase classname="ptolemy.util.test.junit.AutoTests" name="[457] /home/travis/build/icyphy/ptII/ptolemy/actor/lib/test/auto/matrixType11.xml (RunModel)" time="0.009" />
  <testcase classname="ptolemy.util.test.junit.AutoTests" name="[458] /home/travis/build/icyphy/ptII/ptolemy/actor/lib/test/auto/matrixType12.xml (RunModel)" time="0.013" />
  <testcase classname="ptolemy.util.test.junit.AutoTests" name="[459] /home/travis/build/icyphy/ptII/ptolemy/actor/lib/test/auto/matrixType13.xml (RunModel)" time="0.009" />
  <testcase classname="ptolemy.util.test.junit.AutoTests" name="[460] /home/travis/build/icyphy/ptII/ptolemy/actor/lib/test/auto/matrixType14.xml (RunModel)" time="0.012" />
  <testcase classname="ptolemy.util.test.junit.AutoTests" name="[461] /home/travis/build/icyphy/ptII/ptolemy/actor/lib/test/auto/matrixType2.xml (RunModel)" time="0.011" />
  <testcase classname="ptolemy.util.test.junit.AutoTests" name="[462] /home/travis/build/icyphy/ptII/ptolemy/actor/lib/test/auto/matrixType3.xml (RunModel)" time="0.014" />
  <testcase classname="ptolemy.util.test.junit.AutoTests" name="[463] /home/travis/build/icyphy/ptII/ptolemy/actor/lib/test/auto/matrixType4.xml (RunModel)" time="0.01" />
  <testcase classname="ptolemy.util.test.junit.AutoTests" name="[464] /home/travis/build/icyphy/ptII/ptolemy/actor/lib/test/auto/matrixType5.xml (RunModel)" time="0.01" />
  <testcase classname="ptolemy.util.test.junit.AutoTests" name="[465] /home/travis/build/icyphy/ptII/ptolemy/actor/lib/test/auto/matrixType6.xml (RunModel)" time="0.009" />
  <testcase classname="ptolemy.util.test.junit.AutoTests" name="[466] /home/travis/build/icyphy/ptII/ptolemy/actor/lib/test/auto/matrixType7.xml (RunModel)" time="0.011" />
  <testcase classname="ptolemy.util.test.junit.AutoTests" name="[467] /home/travis/build/icyphy/ptII/ptolemy/actor/lib/test/auto/matrixType8.xml (RunModel)" time="0.011" />
  <testcase classname="ptolemy.util.test.junit.AutoTests" name="[468] /home/travis/build/icyphy/ptII/ptolemy/actor/lib/test/auto/matrixType9.xml (RunModel)" time="0.01" />
  <testcase classname="ptolemy.util.test.junit.AutoTests" name="[469] /home/travis/build/icyphy/ptII/ptolemy/actor/lib/test/auto/paraFunctest.xml (RunModel)" time="0.008" />
  <testcase classname="ptolemy.util.test.junit.AutoTests" name="[470] /home/travis/build/icyphy/ptII/ptolemy/actor/lib/test/auto/paraFunctest2.xml (RunModel)" time="0.012" />
  <testcase classname="ptolemy.util.test.junit.AutoTests" name="[471] /home/travis/build/icyphy/ptII/ptolemy/actor/lib/test/auto/parameterPassing.xml (RunModel)" time="0.009" />
  <testcase classname="ptolemy.util.test.junit.AutoTests" name="[472] /home/travis/build/icyphy/ptII/ptolemy/actor/lib/test/auto/record.xml (RunModel)" time="0.011" />
  <testcase classname="ptolemy.util.test.junit.AutoTests" name="[473] /home/travis/build/icyphy/ptII/ptolemy/actor/lib/test/auto/sizedarray1.xml (RunModel)" time="0.012" />
  <testcase classname="ptolemy.util.test.junit.AutoTests" name="[474] /home/travis/build/icyphy/ptII/ptolemy/actor/lib/test/auto/sizedarray2.xml (RunModel)" time="0.013" />
  <testcase classname="ptolemy.util.test.junit.AutoTests" name="[475] /home/travis/build/icyphy/ptII/ptolemy/actor/lib/test/auto/twoPublishers.xml (RunModel)" time="0.027" />
  <system-out><![CDATA[/home/travis/build/icyphy/ptII/ptolemy/actor/lib/test/AbsoluteValue.tcl
testDefs.tcl: setting time out to 9000 seconds at Fri Aug 30 05:37:41 UTC 2019
118 ms. Memory: 120832K Free: 85427K (71%)
6 ms. Memory: 120832K Free: 83907K (69%)
5 ms. Memory: 120832K Free: 82883K (69%)
5 ms. Memory: 120832K Free: 82369K (68%)
/home/travis/build/icyphy/ptII/ptolemy/actor/lib/test/AddSubtract.tcl
22 ms. Memory: 120832K Free: 80307K (66%)
20 ms. Memory: 120832K Free: 79795K (66%)
12 ms. Memory: 120832K Free: 78787K (65%)
13 ms. Memory: 120832K Free: 77763K (64%)
88 ms. Memory: 120832K Free: 75201K (62%)
13 ms. Memory: 120832K Free: 74163K (61%)
/home/travis/build/icyphy/ptII/ptolemy/actor/lib/test/Average.tcl
20 ms. Memory: 120832K Free: 72643K (60%)
15 ms. Memory: 120832K Free: 71619K (59%)
/home/travis/build/icyphy/ptII/ptolemy/actor/lib/test/Bernoulli.tcl
13 ms. Memory: 120832K Free: 69571K (58%)
3 ms. Memory: 120832K Free: 69571K (58%)
/home/travis/build/icyphy/ptII/ptolemy/actor/lib/test/Clock.tcl
preinitializing
resolving types
initializing
executing number 1
wrapping up
idle
49 ms. Memory: 120832K Free: 66499K (55%)
Completed execution with 5 iterations
preinitializing
resolving types
initializing
executing number 1
wrapping up
idle
5 ms. Memory: 120832K Free: 65971K (55%)
Completed execution with 5 iterations
preinitializing
resolving types
initializing
executing number 1
wrapping up
idle
14 ms. Memory: 120832K Free: 65475K (54%)
Completed execution with 5 iterations
/home/travis/build/icyphy/ptII/ptolemy/actor/lib/test/Commutator.tcl
13 ms. Memory: 120832K Free: 63427K (52%)
11 ms. Memory: 120832K Free: 62403K (52%)
15 ms. Memory: 120832K Free: 56769K (47%)
/home/travis/build/icyphy/ptII/ptolemy/actor/lib/test/Const.tcl
13 ms. Memory: 120832K Free: 55235K (46%)
2 ms. Memory: 120832K Free: 54707K (45%)
6 ms. Memory: 120832K Free: 54211K (45%)
3 ms. Memory: 120832K Free: 53697K (44%)
4 ms. Memory: 120832K Free: 52673K (44%)
25 ms. Memory: 120832K Free: 51139K (42%)
16 ms. Memory: 120832K Free: 50115K (41%)
4 ms. Memory: 120832K Free: 49091K (41%)
/home/travis/build/icyphy/ptII/ptolemy/actor/lib/test/CurrentTime.tcl
preinitializing
resolving types
initializing
executing number 1
wrapping up
idle
21 ms. Memory: 120832K Free: 47523K (39%)
Completed execution with 11 iterations
/home/travis/build/icyphy/ptII/ptolemy/actor/lib/test/DB.tcl
29 ms. Memory: 120832K Free: 107119K (89%)
4 ms. Memory: 120832K Free: 106609K (88%)
2 ms. Memory: 120832K Free: 106095K (88%)
/home/travis/build/icyphy/ptII/ptolemy/actor/lib/test/DiscreteRandomSource.tcl
preinitializing
resolving types
initializing
executing number 1
wrapping up
idle
4 ms. Memory: 120832K Free: 104561K (87%)
Completed execution with 4 iterations
preinitializing
resolving types
initializing
executing number 1
wrapping up
idle
5 ms. Memory: 120832K Free: 104047K (86%)
Completed execution with 4 iterations
preinitializing
resolving types
initializing
executing number 1
wrapping up
idle
3 ms. Memory: 120832K Free: 103537K (86%)
Completed execution with 4 iterations
preinitializing
resolving types
initializing
executing number 1
wrapping up
idle
12 ms. Memory: 120832K Free: 103537K (86%)
Completed execution with 4 iterations
preinitializing
resolving types
initializing
executing number 1
wrapping up
idle
6 ms. Memory: 120832K Free: 102992K (85%)
Completed execution with 4 iterations
/home/travis/build/icyphy/ptII/ptolemy/actor/lib/test/Distributor.tcl
5 ms. Memory: 120832K Free: 101489K (84%)
4 ms. Memory: 120832K Free: 100465K (83%)
StreamChangeRequest.changeExecuted(): <deleteEntity name="rec2"/> succeeded
StreamChangeRequest.changeExecuted(): <deleteRelation name="r2"/> succeeded
StreamChangeRequest.changeExecuted(): Record firings per iteration succeeded
6 ms. Memory: 120832K Free: 97903K (81%)
/home/travis/build/icyphy/ptII/ptolemy/actor/lib/test/Exit.tcl
Exit.tcl: this will print a message about Manager.exitAfterWrapup, which can be ignored.
4 ms. Memory: 120832K Free: 94769K (78%)
/home/travis/build/icyphy/ptII/ptolemy/actor/lib/test/Expression.tcl
15 ms. Memory: 120832K Free: 91759K (76%)
9 ms. Memory: 120832K Free: 91249K (76%)
8 ms. Memory: 120832K Free: 90225K (75%)
preinitializing
resolving types
initializing
executing number 1
wrapping up
idle
6 ms. Memory: 120832K Free: 105275K (87%)
Completed execution with 6 iterations
4 ms. Memory: 120832K Free: 104265K (86%)
3 ms. Memory: 120832K Free: 103755K (86%)
6 ms. Memory: 120832K Free: 102203K (85%)
9 ms. Memory: 120832K Free: 101193K (84%)
9 ms. Memory: 120832K Free: 100169K (83%)
/home/travis/build/icyphy/ptII/ptolemy/actor/lib/test/Gaussian.tcl
6 ms. Memory: 120832K Free: 98121K (81%)
sleeping 1 seconds: ............................................................................................................................................................................................................................................................................................................................................................................................................................................................................................................................................................................................................................................................................................................................................................................................................................................................................................................................................................................................................................................................................................................................................................................................................................................................................................................................................................................................................................................................................................................................................................................................................................................................................................................................................................................................................................................................................................................................................................................................................................................................................................................................................................................................................................................................................................................................................................................................................................................................................................................................................................................................................................................................................................................................................................................................................................................................................................................................................................................................................................................................................................................................................................................................................................................................................................................................................................................................................................................................................................................................................................................................................................................................................................................................................................................................................................................................................................................................................................................................................................................................................................................................................................................................................................................................................................................................................................................................................................................................................................................................................................................................................................................................................................................................................................................................................................................................................................................................................................................................................................................................................................................................................................................................................................................................................................................................................................................................................................................................................................................................................................................................................................................................................................................................................................................................................................................................................................................................................................................................................................................................................................................................................................................................................................................................................................................................................................................................................................................................................................................................................................................................................................................................................................................................................................................................................................................................................................................................................................................................................................................................................................................................................................................................................................................................................................................................................................................................................................................................................................................................................................................................................................................................................................................................................................................................................................................................................................................................................................................................................................................................................................................................................................................................................................................................................................................................................................................................................................................................................................................................................................................................................................................................................................................................................................................................................................................................................................................................................................................................................................................................................................................................................................................................................................................................................................................................................................................................................................................................................................................................................................................................................................................................................................................................................................................................................................................................................................................................................................................................................................................................................................................................................................................................................................................................................................................................................................................................................................................................................................................................................................................................................................................................................................................................................................................................................................................................................................................................................................................................................................................................................................................................................................................................................................................................................................................................................................................................................................................................................................................................................................................................................................................................................................................................................................................................................................................................................................................................................................................................................................................................................................................................................................................................................................................................................................................................................................................................................................................................................................................................................................................................................................................................................................................................................................................................................................................................................................................................................................................................................................................................................................................................................................................................................................................................................................................................................................................................................................................................................................................................................................................................................................................................................................................................................................................................................................................................................................................................................................................................................................................................................................................................................................................................................................................................................................................................................................................................................................................................................................................................................................................................................................................................................................................................................................................................................................................................................................................................................................................................................................................................................................................................................................................................................................................................................................................................................................................................................................................................................................................................................................................................................................................................................................................................................................................................................................................................................................................................................................................................................................................................................................................................................................................................................................................................................................................................................................................................................................................................................................................................................................................................................................................................................................................................................................................................................................................................................................................................................................................................................................................................................................................................................................................................................................................................................................................................................................................................................................................................................................................................................................................................................................................................................................................................................................................................................................................................................................................................................................................................................................................................................................................................................................................................................................................3 ms. Memory: 120832K Free: 91459K (76%)
3 ms. Memory: 120832K Free: 90907K (75%)
5 ms. Memory: 120832K Free: 89921K (74%)
10 ms. Memory: 120832K Free: 89411K (74%)
2 ms. Memory: 120832K Free: 88883K (74%)
/home/travis/build/icyphy/ptII/ptolemy/actor/lib/test/IIR.tcl
/home/travis/build/icyphy/ptII/ptolemy/actor/lib/test/Interpolator.tcl
4 ms. Memory: 120832K Free: 84801K (70%)
3 ms. Memory: 120832K Free: 84291K (70%)
4 ms. Memory: 120832K Free: 83763K (69%)
3 ms. Memory: 120832K Free: 83267K (69%)
3 ms. Memory: 120832K Free: 82243K (68%)
3 ms. Memory: 120832K Free: 81715K (68%)
3 ms. Memory: 120832K Free: 80691K (67%)
3 ms. Memory: 120832K Free: 79675K (66%)
9 ms. Memory: 120832K Free: 79169K (66%)
8 ms. Memory: 120832K Free: 78147K (65%)
/home/travis/build/icyphy/ptII/ptolemy/actor/lib/test/MathFunction.tcl
8 ms. Memory: 120832K Free: 76099K (63%)
3 ms. Memory: 120832K Free: 75075K (62%)
2 ms. Memory: 120832K Free: 73537K (61%)
10 ms. Memory: 120832K Free: 73027K (60%)
17 ms. Memory: 120832K Free: 71489K (59%)
9 ms. Memory: 120832K Free: 69955K (58%)
/home/travis/build/icyphy/ptII/ptolemy/actor/lib/test/Maximum.tcl
6 ms. Memory: 120832K Free: 67907K (56%)
6 ms. Memory: 120832K Free: 66883K (55%)
11 ms. Memory: 120832K Free: 66355K (55%)
3 ms. Memory: 120832K Free: 65859K (55%)
/home/travis/build/icyphy/ptII/ptolemy/actor/lib/test/Minimum.tcl
7 ms. Memory: 120832K Free: 64307K (53%)
7 ms. Memory: 120832K Free: 63297K (52%)
1 ms. Memory: 120832K Free: 62787K (52%)
2 ms. Memory: 120832K Free: 62273K (52%)
/home/travis/build/icyphy/ptII/ptolemy/actor/lib/test/MultiplyDivide.tcl
5 ms. Memory: 120832K Free: 60195K (50%)
3 ms. Memory: 120832K Free: 59713K (49%)
2 ms. Memory: 120832K Free: 58691K (49%)
4 ms. Memory: 120832K Free: 58163K (48%)
7 ms. Memory: 120832K Free: 105573K (87%)
/home/travis/build/icyphy/ptII/ptolemy/actor/lib/test/OrderedMerge.tcl
Connections changed on port: inputA
Connections changed on port: inputB
Connections changed on port: output
Connections changed on port: output
Connections changed on port: output
Connections changed on port: input
.top. Preinitializing ...
Invoking preinitialize():  .top.OrderedMerge
Called preinitialize()
Invoking preinitialize():  .top.Ramp
Called preinitialize()
Invoking preinitialize():  .top.Ramp2
Called preinitialize()
Invoking preinitialize():  .top.Test
Called preinitialize()
Connections changed on port: inputA
Connections changed on port: output
Connections changed on port: output
Connections changed on port: input
Connections changed on port: inputB
Connections changed on port: output
.top. Finished preinitialize().
Called initialize().
Invoking initialize():  .top.OrderedMerge
Initializing actor: .top.OrderedMerge
Adding a thread: .top.OrderedMerge
Invoking initialize():  .top.Ramp
Initializing actor: .top.Ramp
Adding a thread: .top.Ramp
Invoking initialize():  .top.Ramp2
Initializing actor: .top.Ramp2
Adding a thread: .top.Ramp2
Invoking initialize():  .top.Test
Initializing actor: .top.Test
Adding a thread: .top.Test
Called fire().
Checking for deadlock:
-- Starting thread.
Called initialize()
Called prefire()
Called fire()
-- Starting thread.
Called initialize()
Called prefire()
Called fire()
-- Starting thread.
Called initialize()
There are 0 Blocked actors, 0 Stopped actors, and 4 active threads.
Waiting for actors to stop.
-- Starting thread.
Called initialize()
Called prefire()
Called fire()
Called prefire()
Called fire()
Called postfire()
Called prefire()
Called fire()
Checking for deadlock:
Called postfire()
There are 1 Blocked actors, 0 Stopped actors, and 4 active threads.
Called prefire()
Waiting for actors to stop.
Called fire()
Read input token from inputA with value 0.0
Next port to read input from is inputB
Called postfire()
Called prefire()
Called fire()
Read input token from inputB with value 0.0
Sent output token with value 0.0
Next port to read input from is inputA
Called postfire()
Called prefire()
Called fire()
Checking for deadlock:
There are 1 Blocked actors, 0 Stopped actors, and 4 active threads.
Waiting for actors to stop.
Called postfire()
Called prefire()
Called fire()
-- Read input: 0.0, which is expected to match: 0.0
Called prefire()
Called fire()
Called postfire()
Called prefire()
Called fire()
Checking for deadlock:
There are 3 Blocked actors, 0 Stopped actors, and 4 active threads.
Waiting for actors to stop.
Read input token from inputA with value 1.0
Sent output token with value 0.0
Next port to read input from is inputB
Called postfire()
Called prefire()
Called fire()
Read input token from inputB with value 1.5
Checking for deadlock:
There are 1 Blocked actors, 0 Stopped actors, and 4 active threads.
Waiting for actors to stop.
Called postfire()
Called postfire()
Called prefire()
Called fire()
-- Read input: 0.0, which is expected to match: 0.0
Called prefire()
Called fire()
Called prefire()
Called fire()
Sent output token with value 1.0
Next port to read input from is inputA
Called postfire()
Called prefire()
Called fire()
Read input token from inputA with value 2.0
Checking for deadlock:
There are 2 Blocked actors, 0 Stopped actors, and 4 active threads.
Waiting for actors to stop.
-- Read input: 1.0, which is expected to match: 1.0
Called prefire()
Called fire()
Called postfire()
Called prefire()
Checking for deadlock:
Called fire()
There are 2 Blocked actors, 0 Stopped actors, and 4 active threads.
Waiting for actors to stop.
Sent output token with value 1.5
Next port to read input from is inputB
Called postfire()
Called prefire()
Called fire()
Read input token from inputB with value 3.0
Checking for deadlock:
There are 2 Blocked actors, 0 Stopped actors, and 4 active threads.
Waiting for actors to stop.
Called postfire()
Called prefire()
Called fire()
-- Read input: 1.5, which is expected to match: 1.5
Called prefire()
Called fire()
Checking for deadlock:
There are 3 Blocked actors, 0 Stopped actors, and 4 active threads.
Waiting for actors to stop.
Sent output token with value 2.0
-- Read input: 2.0, which is expected to match: 2.0
Called prefire()
Called fire()
Next port to read input from is inputA
Called postfire()
Called prefire()
Called fire()
Read input token from inputA with value 3.0
Sent output token with value 3.0
Next port to read input from is inputB
Called postfire()
Called prefire()
Called fire()
Read input token from inputB with value 4.5
Checking for deadlock:
There are 1 Blocked actors, 0 Stopped actors, and 4 active threads.
Waiting for actors to stop.
Called postfire()
Called prefire()
Called fire()
-- Read input: 3.0, which is expected to match: 3.0
Called prefire()
Called fire()
Called postfire()
Called prefire()
Called fire()
Sent output token with value 3.0
Next port to read input from is inputA
Called postfire()
Called prefire()
Called fire()
Read input token from inputA with value 4.0
Checking for deadlock:
There are 2 Blocked actors, 0 Stopped actors, and 4 active threads.
Waiting for actors to stop.
-- Read input: 3.0, which is expected to match: 3.0
Called prefire()
Called fire()
Called postfire()
Called prefire()
Called fire()
Checking for deadlock:
There are 2 Blocked actors, 0 Stopped actors, and 4 active threads.
Waiting for actors to stop.
-- Read input: 4.0, which is expected to match: 4.0
Called prefire()
Called fire()
Past the end of training data. Read and discard all inputs.
Sent output token with value 4.0
Next port to read input from is inputA
Called postfire()
Called prefire()
Called fire()
Read input token from inputA with value 5.0
Sent output token with value 4.5
Next port to read input from is inputB
Called postfire()
Called prefire()
Called fire()
Read input token from inputB with value 6.0
Checking for deadlock:
There are 1 Blocked actors, 0 Stopped actors, and 4 active threads.
Waiting for actors to stop.
Called postfire()
Called prefire()
Called fire()
Called prefire()
Checking for deadlock:
Called postfire()
There are 1 Blocked actors, 0 Stopped actors, and 4 active threads.
Waiting for actors to stop.
Called prefire()
Called fire()
Sent output token with value 5.0
Called fire()
Past the end of training data. Read and discard all inputs.
Called prefire()
Called fire()
Past the end of training data. Read and discard all inputs.
Checking for deadlock:
There are 3 Blocked actors, 0 Stopped actors, and 4 active threads.
Waiting for actors to stop.
Next port to read input from is inputA
Called postfire()
Called prefire()
Called fire()
Checking for deadlock:
Called postfire()
Read input token from inputA with value 6.0
There are 2 Blocked actors, 0 Stopped actors, and 4 active threads.
Called prefire()
Waiting for actors to stop.
Called fire()
Called prefire()
Called fire()
Past the end of training data. Read and discard all inputs.
Checking for deadlock:
There are 3 Blocked actors, 0 Stopped actors, and 4 active threads.
Waiting for actors to stop.
Sent output token with value 6.0
Next port to read input from is inputB
Called postfire()
Called prefire()
Called fire()
Called postfire()
Called prefire()
Called fire()
Checking for deadlock:
There are 3 Blocked actors, 0 Stopped actors, and 4 active threads.
Waiting for actors to stop.
Read input token from inputB with value 7.5
Called prefire()
Called fire()
Past the end of training data. Read and discard all inputs.
Checking for deadlock:
There are 3 Blocked actors, 0 Stopped actors, and 4 active threads.
Waiting for actors to stop.
Sent output token with value 6.0
Next port to read input from is inputA
Called postfire()
Called prefire()
Called fire()
Checking for deadlock:
Called postfire()
There are 2 Blocked actors, 0 Stopped actors, and 4 active threads.
Waiting for actors to stop.
Called prefire()
Called fire()
Read input token from inputA with value 7.0
Checking for deadlock:
There are 3 Blocked actors, 0 Stopped actors, and 4 active threads.
Waiting for actors to stop.
Checking for deadlock:
There are 2 Blocked actors, 0 Stopped actors, and 4 active threads.
Waiting for actors to stop.
Called prefire()
Called fire()
Past the end of training data. Read and discard all inputs.
Checking for deadlock:
There are 3 Blocked actors, 0 Stopped actors, and 4 active threads.
Waiting for actors to stop.
Sent output token with value 7.0
Next port to read input from is inputA
Called postfire()
Called prefire()
Called fire()
Read input token from inputA with value 8.0
-- Thread wrapup() called.
Called wrapup()
Sent output token with value 7.5
Next port to read input from is inputB
Called postfire()
Called prefire()
Called fire()
Thread .top.Ramp is exiting.
Checking for deadlock:
-- Thread stopped.
There are 1 Blocked actors, 0 Stopped actors, and 3 active threads.
Waiting for actors to stop.
Called prefire()
Called fire()
Past the end of training data. Read and discard all inputs.
Called postfire()
Called prefire()
Called fire()
Checking for deadlock:
There are 2 Blocked actors, 0 Stopped actors, and 3 active threads.
Waiting for actors to stop.
Read input token from inputB with value 9.0
Called prefire()
Called fire()
Past the end of training data. Read and discard all inputs.
Checking for deadlock:
There are 2 Blocked actors, 0 Stopped actors, and 3 active threads.
Waiting for actors to stop.
Sent output token with value 8.0
Next port to read input from is inputA
Called postfire()
Called prefire()
Called fire()
Read input token from inputA with value 9.0
Called prefire()
Called fire()
Past the end of training data. Read and discard all inputs.
Checking for deadlock:
There are 2 Blocked actors, 0 Stopped actors, and 3 active threads.
Waiting for actors to stop.
Sent output token with value 9.0
Next port to read input from is inputB
Called postfire()
Called prefire()
Called fire()
Checking for deadlock:
There are 1 Blocked actors, 0 Stopped actors, and 3 active threads.
Waiting for actors to stop.
Called postfire()
Called prefire()
Called fire()
Checking for deadlock:
There are 2 Blocked actors, 0 Stopped actors, and 3 active threads.
Waiting for actors to stop.
Read input token from inputB with value 10.5
Checking for deadlock:
There are 1 Blocked actors, 0 Stopped actors, and 3 active threads.
Waiting for actors to stop.
Called prefire()
Called fire()
Past the end of training data. Read and discard all inputs.
Checking for deadlock:
There are 2 Blocked actors, 0 Stopped actors, and 3 active threads.
Waiting for actors to stop.
Sent output token with value 9.0
Next port to read input from is inputA
Called postfire()
Called prefire()
Called fire()
Checking for deadlock:
There are 3 Blocked actors, 0 Stopped actors, and 3 active threads.
Actors have stopped.
Checking for deadlock:
There are 3 Blocked actors, 0 Stopped actors, and 3 active threads.
Deadlock detected.
Resolving Deadlock
Checking for deadlock:
There are 3 Blocked actors, 0 Stopped actors, and 3 active threads.
Artificial Deadlock - increasing queue capacity.
increasing the capacity of receiver ptolemy.actor.TypedIOPort {.top.OrderedMerge.inputB} to 2
-- Thread wrapup() called.
Called wrapup()
Thread .top.Ramp2 is exiting.
-- Thread stopped.
Director: Called postfire().
Called postfire().
_stopRequested = false
_stopFireRequested = false
Returning from postfire(): true
Called fire().
Checking for deadlock:
There are 2 Blocked actors, 0 Stopped actors, and 2 active threads.
Actors have stopped.
Checking for deadlock:
There are 2 Blocked actors, 0 Stopped actors, and 2 active threads.
Deadlock detected.
Resolving Deadlock
Checking for deadlock:
There are 2 Blocked actors, 0 Stopped actors, and 2 active threads.
Deadlock detected: no processes blocked on write, but some are blocked on read.
Called postfire().
_stopRequested = false
_stopFireRequested = false
Returning from postfire(): false
Finished deactivating branches.
Called wrapup().
-- Thread wrapup() called.
Called wrapup()
Thread .top.Test is exiting.
-- Thread stopped.
-- Blocked Receiver call threw TerminateProcessException.
-- Thread wrapup() called.
Called wrapup()
Thread .top.OrderedMerge is exiting.
-- Thread stopped.
-- Blocked Receiver call threw TerminateProcessException.
75 ms. Memory: 120832K Free: 100967K (84%)
.top. Preinitializing ...
Invoking preinitialize():  .top.OrderedMerge
Called preinitialize()
Invoking preinitialize():  .top.Ramp
Called preinitialize()
Invoking preinitialize():  .top.Ramp2
Called preinitialize()
Invoking preinitialize():  .top.Test
Called preinitialize()
.top. Finished preinitialize().
Called initialize().
Invoking initialize():  .top.OrderedMerge
Initializing actor: .top.OrderedMerge
Adding a thread: .top.OrderedMerge
Invoking initialize():  .top.Ramp
Initializing actor: .top.Ramp
Adding a thread: .top.Ramp
Invoking initialize():  .top.Ramp2
Initializing actor: .top.Ramp2
Adding a thread: .top.Ramp2
Invoking initialize():  .top.Test
Initializing actor: .top.Test
Adding a thread: .top.Test
-- Starting thread.
Called initialize()
Called prefire()
Called fire()
-- Starting thread.
Called initialize()
Called prefire()
Called fire()
Called postfire()
Called prefire()
Called fire()
-- Starting thread.
Called initialize()
Called prefire()
Called fire()
Called postfire()
Called prefire()
Called fire()
Called fire().
Checking for deadlock:
There are 3 Blocked actors, 0 Stopped actors, and 4 active threads.
Waiting for actors to stop.
-- Starting thread.
Called initialize()
Called prefire()
Called fire()
Checking for deadlock:
There are 2 Blocked actors, 0 Stopped actors, and 4 active threads.
Waiting for actors to stop.
Called postfire()
Called prefire()
Called fire()
Checking for deadlock:
There are 3 Blocked actors, 0 Stopped actors, and 4 active threads.
Waiting for actors to stop.
Read input token from inputA with value 0.0
Next port to read input from is inputB
Called postfire()
Called prefire()
Called fire()
Called postfire()
Called prefire()
Called fire()
Checking for deadlock:
There are 3 Blocked actors, 0 Stopped actors, and 4 active threads.
Waiting for actors to stop.
Read input token from inputB with value 0.0
Checking for deadlock:
There are 2 Blocked actors, 0 Stopped actors, and 4 active threads.
Waiting for actors to stop.
-- Read input: 0.0, which is expected to match: 0.0
Called prefire()
Called fire()
Checking for deadlock:
There are 3 Blocked actors, 0 Stopped actors, and 4 active threads.
Waiting for actors to stop.
Sent output token with value 0.0
Next port to read input from is inputA
Called postfire()
Called prefire()
Called fire()
Checking for deadlock:
There are 2 Blocked actors, 0 Stopped actors, and 4 active threads.
Waiting for actors to stop.
Called postfire()
Called prefire()
Called fire()
Checking for deadlock:
There are 3 Blocked actors, 0 Stopped actors, and 4 active threads.
Waiting for actors to stop.
Read input token from inputA with value 1.0
Checking for deadlock:
There are 2 Blocked actors, 0 Stopped actors, and 4 active threads.
Waiting for actors to stop.
-- Read input: 0.0, which is expected to match: 0.0
Called prefire()
Called fire()
Checking for deadlock:
There are 3 Blocked actors, 0 Stopped actors, and 4 active threads.
Waiting for actors to stop.
Sent output token with value 0.0
Next port to read input from is inputB
Called postfire()
Called prefire()
Called fire()
Called postfire()
Called prefire()
Called fire()
Checking for deadlock:
There are 3 Blocked actors, 0 Stopped actors, and 4 active threads.
Waiting for actors to stop.
Read input token from inputB with value 1.5
-- Read input: 1.0, which is expected to match: 1.0
Called prefire()
Called fire()
Checking for deadlock:
There are 3 Blocked actors, 0 Stopped actors, and 4 active threads.
Waiting for actors to stop.
Sent output token with value 1.0
Next port to read input from is inputA
Called postfire()
Called prefire()
Called fire()
Checking for deadlock:
There are 2 Blocked actors, 0 Stopped actors, and 4 active threads.
Waiting for actors to stop.
Called postfire()
Called prefire()
Called fire()
Checking for deadlock:
There are 3 Blocked actors, 0 Stopped actors, and 4 active threads.
Waiting for actors to stop.
Read input token from inputA with value 2.0
Checking for deadlock:
There are 2 Blocked actors, 0 Stopped actors, and 4 active threads.
Waiting for actors to stop.
-- Read input: 1.5, which is expected to match: 1.5
Called prefire()
Called fire()
Checking for deadlock:
There are 3 Blocked actors, 0 Stopped actors, and 4 active threads.
Waiting for actors to stop.
Sent output token with value 1.5
Next port to read input from is inputB
Called postfire()
Called prefire()
Called fire()
Checking for deadlock:
There are 2 Blocked actors, 0 Stopped actors, and 4 active threads.
Waiting for actors to stop.
Called postfire()
Called prefire()
Called fire()
Checking for deadlock:
There are 3 Blocked actors, 0 Stopped actors, and 4 active threads.
Waiting for actors to stop.
Read input token from inputB with value 3.0
Checking for deadlock:
There are 2 Blocked actors, 0 Stopped actors, and 4 active threads.
Waiting for actors to stop.
-- Read input: 2.0, which is expected to match: 2.0
Called prefire()
Called fire()
Checking for deadlock:
There are 3 Blocked actors, 0 Stopped actors, and 4 active threads.
Waiting for actors to stop.
Sent output token with value 2.0
Next port to read input from is inputA
Called postfire()
Called prefire()
Called fire()
Checking for deadlock:
There are 2 Blocked actors, 0 Stopped actors, and 4 active threads.
Waiting for actors to stop.
Called postfire()
Called prefire()
Called fire()
Checking for deadlock:
There are 3 Blocked actors, 0 Stopped actors, and 4 active threads.
Waiting for actors to stop.
Read input token from inputA with value 3.0
Checking for deadlock:
There are 2 Blocked actors, 0 Stopped actors, and 4 active threads.
Waiting for actors to stop.
-- Read input: 3.0, which is expected to match: 3.0
Called prefire()
Called fire()
Checking for deadlock:
There are 3 Blocked actors, 0 Stopped actors, and 4 active threads.
Waiting for actors to stop.
Sent output token with value 3.0
Next port to read input from is inputB
Called postfire()
Called prefire()
Called fire()
Called postfire()
Called prefire()
Called fire()
Checking for deadlock:
There are 3 Blocked actors, 0 Stopped actors, and 4 active threads.
Waiting for actors to stop.
Read input token from inputB with value 4.5
-- Read input: 3.0, which is expected to match: 3.0
Called prefire()
Called fire()
Checking for deadlock:
There are 3 Blocked actors, 0 Stopped actors, and 4 active threads.
Waiting for actors to stop.
Sent output token with value 3.0
Next port to read input from is inputA
Called postfire()
Called prefire()
Called fire()
Checking for deadlock:
There are 2 Blocked actors, 0 Stopped actors, and 4 active threads.
Waiting for actors to stop.
Called postfire()
Called prefire()
Called fire()
Checking for deadlock:
There are 3 Blocked actors, 0 Stopped actors, and 4 active threads.
Waiting for actors to stop.
Read input token from inputA with value 4.0
Checking for deadlock:
There are 2 Blocked actors, 0 Stopped actors, and 4 active threads.
Waiting for actors to stop.
-- Read input: 4.0, which is expected to match: 4.0
Called prefire()
Called fire()
Past the end of training data. Read and discard all inputs.
Checking for deadlock:
There are 3 Blocked actors, 0 Stopped actors, and 4 active threads.
Waiting for actors to stop.
Sent output token with value 4.0
Next port to read input from is inputA
Called postfire()
Called prefire()
Called fire()
Checking for deadlock:
There are 2 Blocked actors, 0 Stopped actors, and 4 active threads.
Waiting for actors to stop.
Called postfire()
Called prefire()
Called fire()
Checking for deadlock:
There are 3 Blocked actors, 0 Stopped actors, and 4 active threads.
Waiting for actors to stop.
Read input token from inputA with value 5.0
Checking for deadlock:
There are 2 Blocked actors, 0 Stopped actors, and 4 active threads.
Waiting for actors to stop.
Called prefire()
Called fire()
Past the end of training data. Read and discard all inputs.
Checking for deadlock:
There are 3 Blocked actors, 0 Stopped actors, and 4 active threads.
Waiting for actors to stop.
Sent output token with value 4.5
Next port to read input from is inputB
Called postfire()
Called prefire()
Called fire()
Called postfire()
Called prefire()
Called fire()
Checking for deadlock:
There are 3 Blocked actors, 0 Stopped actors, and 4 active threads.
Waiting for actors to stop.
Read input token from inputB with value 6.0
Called prefire()
Called fire()
Past the end of training data. Read and discard all inputs.
Checking for deadlock:
There are 3 Blocked actors, 0 Stopped actors, and 4 active threads.
Waiting for actors to stop.
Sent output token with value 5.0
Next port to read input from is inputA
Called postfire()
Called prefire()
Called fire()
Checking for deadlock:
There are 2 Blocked actors, 0 Stopped actors, and 4 active threads.
Waiting for actors to stop.
Called postfire()
Called prefire()
Called fire()
Checking for deadlock:
There are 3 Blocked actors, 0 Stopped actors, and 4 active threads.
Waiting for actors to stop.
Read input token from inputA with value 6.0
Checking for deadlock:
There are 2 Blocked actors, 0 Stopped actors, and 4 active threads.
Waiting for actors to stop.
Called prefire()
Called fire()
Past the end of training data. Read and discard all inputs.
Checking for deadlock:
There are 3 Blocked actors, 0 Stopped actors, and 4 active threads.
Waiting for actors to stop.
Sent output token with value 6.0
Next port to read input from is inputB
Called postfire()
Called prefire()
Called fire()
Checking for deadlock:
There are 2 Blocked actors, 0 Stopped actors, and 4 active threads.
Waiting for actors to stop.
Called postfire()
Called prefire()
Called fire()
Checking for deadlock:
There are 3 Blocked actors, 0 Stopped actors, and 4 active threads.
Waiting for actors to stop.
Read input token from inputB with value 7.5
Checking for deadlock:
There are 2 Blocked actors, 0 Stopped actors, and 4 active threads.
Waiting for actors to stop.
Called prefire()
Called fire()
Past the end of training data. Read and discard all inputs.
Checking for deadlock:
There are 3 Blocked actors, 0 Stopped actors, and 4 active threads.
Waiting for actors to stop.
Sent output token with value 6.0
Next port to read input from is inputA
Called postfire()
Called prefire()
Called fire()
Called postfire()
Called prefire()
Called fire()
Checking for deadlock:
There are 3 Blocked actors, 0 Stopped actors, and 4 active threads.
Waiting for actors to stop.
Read input token from inputA with value 7.0
Called prefire()
Called fire()
Past the end of training data. Read and discard all inputs.
Checking for deadlock:
There are 3 Blocked actors, 0 Stopped actors, and 4 active threads.
Waiting for actors to stop.
Sent output token with value 7.0
Next port to read input from is inputA
Called postfire()
Called prefire()
Called fire()
-- Thread wrapup() called.
Called wrapup()
Thread .top.Ramp is exiting.
-- Thread stopped.
Checking for deadlock:
There are 2 Blocked actors, 0 Stopped actors, and 3 active threads.
Waiting for actors to stop.
Read input token from inputA with value 8.0
Checking for deadlock:
There are 1 Blocked actors, 0 Stopped actors, and 3 active threads.
Waiting for actors to stop.
Called prefire()
Called fire()
Past the end of training data. Read and discard all inputs.
Checking for deadlock:
There are 2 Blocked actors, 0 Stopped actors, and 3 active threads.
Waiting for actors to stop.
Sent output token with value 7.5
Next port to read input from is inputB
Called postfire()
Called prefire()
Called fire()
Checking for deadlock:
There are 1 Blocked actors, 0 Stopped actors, and 3 active threads.
Waiting for actors to stop.
Called postfire()
Called prefire()
Called fire()
Checking for deadlock:
There are 2 Blocked actors, 0 Stopped actors, and 3 active threads.
Waiting for actors to stop.
Read input token from inputB with value 9.0
Checking for deadlock:
There are 1 Blocked actors, 0 Stopped actors, and 3 active threads.
Waiting for actors to stop.
Called prefire()
Called fire()
Past the end of training data. Read and discard all inputs.
Checking for deadlock:
There are 2 Blocked actors, 0 Stopped actors, and 3 active threads.
Waiting for actors to stop.
Sent output token with value 8.0
Next port to read input from is inputA
Called postfire()
Called prefire()
Called fire()
Read input token from inputA with value 9.0
Called prefire()
Called fire()
Past the end of training data. Read and discard all inputs.
Checking for deadlock:
There are 2 Blocked actors, 0 Stopped actors, and 3 active threads.
Waiting for actors to stop.
Sent output token with value 9.0
Next port to read input from is inputB
Called postfire()
Called prefire()
Called fire()
Called postfire()
Called prefire()
Called fire()
Checking for deadlock:
There are 2 Blocked actors, 0 Stopped actors, and 3 active threads.
Waiting for actors to stop.
Read input token from inputB with value 10.5
Called prefire()
Called fire()
Past the end of training data. Read and discard all inputs.
Checking for deadlock:
There are 2 Blocked actors, 0 Stopped actors, and 3 active threads.
Waiting for actors to stop.
Sent output token with value 9.0
Next port to read input from is inputA
Called postfire()
Called prefire()
Called fire()
Checking for deadlock:
There are 3 Blocked actors, 0 Stopped actors, and 3 active threads.
Actors have stopped.
Checking for deadlock:
There are 3 Blocked actors, 0 Stopped actors, and 3 active threads.
Deadlock detected.
Resolving Deadlock
Checking for deadlock:
There are 3 Blocked actors, 0 Stopped actors, and 3 active threads.
Artificial Deadlock - increasing queue capacity.
increasing the capacity of receiver ptolemy.actor.TypedIOPort {.top.OrderedMerge.inputB} to 2
Director: Called postfire().
Called postfire().
_stopRequested = false
_stopFireRequested = false
Returning from postfire(): true
Called fire().
Checking for deadlock:
There are 2 Blocked actors, 0 Stopped actors, and 3 active threads.
Waiting for actors to stop.
-- Thread wrapup() called.
Called wrapup()
Thread .top.Ramp2 is exiting.
-- Thread stopped.
Checking for deadlock:
There are 2 Blocked actors, 0 Stopped actors, and 2 active threads.
Actors have stopped.
Checking for deadlock:
There are 2 Blocked actors, 0 Stopped actors, and 2 active threads.
Deadlock detected.
Resolving Deadlock
Checking for deadlock:
There are 2 Blocked actors, 0 Stopped actors, and 2 active threads.
Deadlock detected: no processes blocked on write, but some are blocked on read.
Called postfire().
_stopRequested = false
_stopFireRequested = false
Returning from postfire(): false
Finished deactivating branches.
Called wrapup().
-- Thread wrapup() called.
Called wrapup()
-- Thread wrapup() called.
Called wrapup()
Thread .top.Test is exiting.
-- Thread stopped.
-- Blocked Receiver call threw TerminateProcessException.
Thread .top.OrderedMerge is exiting.
-- Thread stopped.
-- Blocked Receiver call threw TerminateProcessException.
35 ms. Memory: 120832K Free: 98405K (81%)
/home/travis/build/icyphy/ptII/ptolemy/actor/lib/test/Publisher.tcl
18 ms. Memory: 120832K Free: 92247K (76%)
15 ms. Memory: 120832K Free: 86631K (72%)
3 ms. Memory: 120832K Free: 83045K (69%)
12 ms. Memory: 120832K Free: 81991K (68%)
3 ms. Memory: 120832K Free: 81511K (67%)
4 ms. Memory: 120832K Free: 80487K (67%)
13 ms. Memory: 120832K Free: 104652K (87%)
12 ms. Memory: 120832K Free: 103628K (86%)
34 ms. Memory: 120832K Free: 93898K (78%)
4 ms. Memory: 120832K Free: 89802K (74%)
2 ms. Memory: 120832K Free: 89292K (74%)
4 ms. Memory: 120832K Free: 87244K (72%)
16 ms. Memory: 120832K Free: 79562K (66%)
10 ms. Memory: 120832K Free: 69836K (58%)
24 ms. Memory: 120832K Free: 59068K (49%)
/home/travis/build/icyphy/ptII/ptolemy/actor/lib/test/Pulse.tcl
3 ms. Memory: 120832K Free: 74583K (62%)
2 ms. Memory: 120832K Free: 74073K (61%)
1 ms. Memory: 120832K Free: 73553K (61%)
1 ms. Memory: 120832K Free: 73049K (60%)
1 ms. Memory: 120832K Free: 72535K (60%)
8 ms. Memory: 120832K Free: 71431K (59%)
7 ms. Memory: 120832K Free: 70487K (58%)
6 ms. Memory: 120832K Free: 69463K (57%)
5 ms. Memory: 120832K Free: 68953K (57%)
/home/travis/build/icyphy/ptII/ptolemy/actor/lib/test/Ramp.tcl
4 ms. Memory: 120832K Free: 66905K (55%)
2 ms. Memory: 120832K Free: 66377K (55%)
2 ms. Memory: 120832K Free: 65353K (54%)
2 ms. Memory: 120832K Free: 64857K (54%)
5 ms. Memory: 120832K Free: 63833K (53%)
5 ms. Memory: 120832K Free: 63305K (52%)
6 ms. Memory: 120832K Free: 62289K (52%)
5 actors
5000 microseconds per iteration to create
7 ms. Memory: 120832K Free: 59193K (49%)
2 ms. Memory: 120832K Free: 58713K (49%)
2 ms. Memory: 120832K Free: 58193K (48%)
3 ms. Memory: 120832K Free: 57689K (48%)
50 actors
56000 microseconds per iteration to create
81 ms. Memory: 145408K Free: 121829K (84%)
21 ms. Memory: 145408K Free: 120805K (83%)
14 ms. Memory: 145408K Free: 119795K (82%)
15 ms. Memory: 145408K Free: 118757K (82%)
500 actors
1834000 microseconds per iteration to create
359 ms. Memory: 145408K Free: 89588K (62%)
52 ms. Memory: 145408K Free: 84468K (58%)
62 ms. Memory: 145408K Free: 79348K (55%)
50 ms. Memory: 145408K Free: 74228K (51%)
/home/travis/build/icyphy/ptII/ptolemy/actor/lib/test/RampContinuous.tcl
9 ms. Memory: 145408K Free: 72676K (50%)
/home/travis/build/icyphy/ptII/ptolemy/actor/lib/test/RecordAssembler.tcl
6 ms. Memory: 145408K Free: 71156K (49%)
4 ms. Memory: 145408K Free: 70132K (48%)
/home/travis/build/icyphy/ptII/ptolemy/actor/lib/test/RecordDisassembler.tcl
7 ms. Memory: 145408K Free: 68084K (47%)
3 ms. Memory: 145408K Free: 67540K (46%)
3 ms. Memory: 145408K Free: 66532K (46%)
/home/travis/build/icyphy/ptII/ptolemy/actor/lib/test/Scale.tcl
3 ms. Memory: 145408K Free: 64498K (44%)
2 ms. Memory: 145408K Free: 63988K (44%)
1 ms. Memory: 145408K Free: 62964K (43%)
5 ms. Memory: 145408K Free: 61938K (43%)
5 ms. Memory: 145408K Free: 61426K (42%)
/home/travis/build/icyphy/ptII/ptolemy/actor/lib/test/SequentialClock.tcl
preinitializing
resolving types
initializing
executing number 1
wrapping up
idle
7 ms. Memory: 145408K Free: 59892K (41%)
Completed execution with 5 iterations
preinitializing
resolving types
initializing
executing number 1
wrapping up
idle
1 ms. Memory: 145408K Free: 59348K (41%)
Completed execution with 5 iterations
preinitializing
resolving types
initializing
executing number 1
wrapping up
idle
1 ms. Memory: 145408K Free: 58868K (40%)
Completed execution with 5 iterations
/home/travis/build/icyphy/ptII/ptolemy/actor/lib/test/SetVariable.tcl
5 ms. Memory: 145408K Free: 57330K (39%)


==== $PTII/ptolemy/actor/lib/test/SetVariable.tcl: SetVariable-3.1 changeFailed
==== Contents of test case:

    #Uses 2.1 above
    jdkCaptureErr {
        # This test was failing if we ran Exit.tcl and then this test.
        # MessageHandler.error() now actually throws the Exception.
	catch {$setVariable changeFailed [java::null]  [java::new Exception {Test exception for SetVariable.changeFailed()}]} errMsg
    } results
    list [string range $results 0 89] "\n" $errMsg

==== Result was:
{java.lang.Exception: Test exception for SetVariable.changeFailed()
	at java.base/jdk.inter} {
} {java.lang.RuntimeException: java.lang.Exception: Test exception for SetVariable.changeFailed()}
---- Result should have been:
{Failed to set variable.
java.lang.Exception: Test exception for SetVariable.changeFailed()} {
} {java.lang.RuntimeException: java.lang.Exception: Test exception for SetVariable.changeFailed()}
---- SetVariable-3.1 FAILED
/home/travis/build/icyphy/ptII/ptolemy/actor/lib/test/Sinewave.tcl
/home/travis/build/icyphy/ptII/ptolemy/actor/lib/test/SubscriptionAggregator.tcl
7 ms. Memory: 145408K Free: 115864K (80%)
14 ms. Memory: 145408K Free: 115354K (79%)
1 ms. Memory: 145408K Free: 114840K (79%)
2 ms. Memory: 145408K Free: 114330K (79%)
2 ms. Memory: 145408K Free: 110729K (76%)
10 ms. Memory: 145408K Free: 108696K (75%)
...............................................................1440 ms. Memory: 256000K Free: 132122K (52%)
/home/travis/build/icyphy/ptII/ptolemy/actor/lib/test/Test.tcl
 The next command will produce a warning about training mode,
   which may be ignored.
6 ms. Memory: 256000K Free: 130081K (51%)
6 ms. Memory: 256000K Free: 129571K (51%)
1 ms. Memory: 256000K Free: 128547K (50%)
1 ms. Memory: 256000K Free: 128027K (50%)
3 ms. Memory: 256000K Free: 127523K (50%)
3 ms. Memory: 256000K Free: 126499K (49%)
4 ms. Memory: 256000K Free: 124947K (49%)
 The next command will produce a warning about training mode,
   which may be ignored.
17 ms. Memory: 256000K Free: 122899K (48%)
 The next command will produce a warning about training mode,
   which may be ignored.
2 ms. Memory: 256000K Free: 121379K (47%)
2 ms. Memory: 256000K Free: 120851K (47%)
1 ms. Memory: 256000K Free: 120355K (47%)
3 ms. Memory: 256000K Free: 119827K (47%)
9 ms. Memory: 256000K Free: 118817K (46%)
5 ms. Memory: 256000K Free: 115235K (45%)
/home/travis/build/icyphy/ptII/ptolemy/actor/lib/test/TestExceptionHandler.tcl
 The next command will produce a warning about training mode,
   which may be ignored.
3 ms. Memory: 256000K Free: 113683K (44%)
1 ms. Memory: 256000K Free: 113187K (44%)
1 ms. Memory: 256000K Free: 112667K (44%)
/home/travis/build/icyphy/ptII/ptolemy/actor/lib/test/UnionDisassembler.tcl
39 ms. Memory: 256000K Free: 105505K (41%)
/home/travis/build/icyphy/ptII/ptolemy/actor/lib/test/VariableClock.tcl
preinitializing
resolving types
initializing
executing number 1
wrapping up
idle
12 ms. Memory: 256000K Free: 103971K (41%)
Completed execution with 11 iterations
preinitializing
resolving types
initializing
executing number 1
wrapping up
idle
3 ms. Memory: 256000K Free: 102419K (40%)
Completed execution with 10 iterations
08/30/19 05:37:52
Failed: 1  Total Tests: 234  ((Passed: 233, Newly Passed: 0)  Known Failed: 0) /home/travis/build/icyphy/ptII/ptolemy/actor/lib/test
----------------- testing (KnownFailure) /home/travis/build/icyphy/ptII/ptolemy/actor/lib/test/auto/knownFailedTests/PublisherPortToplevelSubscriber.xml
0 ms. Memory: 256000K Free: 98851K (39%)
Known Failure: java.lang.reflect.InvocationTargetException
----------------- testing (KnownFailure) /home/travis/build/icyphy/ptII/ptolemy/actor/lib/test/auto/knownFailedTests/PublisherSubscriberPortToplevel.xml
0 ms. Memory: 256000K Free: 206336K (81%)
Known Failure: java.lang.reflect.InvocationTargetException
----------------- testing (KnownFailure) /home/travis/build/icyphy/ptII/ptolemy/actor/lib/test/auto/knownFailedTests/PublisherSubscriptionAggregatorPort.xml
1 ms. Memory: 256000K Free: 202240K (79%)
Known Failure: java.lang.reflect.InvocationTargetException
----------------- testing (KnownFailure) /home/travis/build/icyphy/ptII/ptolemy/actor/lib/test/auto/knownFailedTests/sizedarray3.xml
7 ms. Memory: 256000K Free: 198144K (77%)
Known Failure: java.lang.reflect.InvocationTargetException
No auto/linux-amd64/*.xml tests in /home/travis/build/icyphy/ptII/ptolemy/actor/lib/test
AutoTests.java: About to close Vertx.
AutoTests.java: Vertx closed.

===========================================================================================
----------------- testing Fri Aug 30 05:37:52 UTC 2019 /home/travis/build/icyphy/ptII/ptolemy/actor/lib/test/auto/AbsoluteValue.xml
----------------- Instantiating /home/travis/build/icyphy/ptII/ptolemy/actor/lib/test/auto/AbsoluteValue.xml
13 ms. Memory: 256000K Free: 175102K (68%)
----------------- Invoking toplevel() on ptolemy.moml.MoMLSimpleApplication@20b0b4b6
----------------- Done invoking toplevel() on ptolemy.moml.MoMLSimpleApplication@20b0b4b6
reloadAllAccessors: .AbsoluteValue

===========================================================================================
----------------- testing Fri Aug 30 05:37:52 UTC 2019 /home/travis/build/icyphy/ptII/ptolemy/actor/lib/test/auto/AbsoluteValue2.xml
----------------- Instantiating /home/travis/build/icyphy/ptII/ptolemy/actor/lib/test/auto/AbsoluteValue2.xml
6 ms. Memory: 256000K Free: 168448K (66%)
----------------- Invoking toplevel() on ptolemy.moml.MoMLSimpleApplication@6a4dddc2
----------------- Done invoking toplevel() on ptolemy.moml.MoMLSimpleApplication@6a4dddc2
reloadAllAccessors: .AbsoluteValue2

===========================================================================================
----------------- testing Fri Aug 30 05:37:52 UTC 2019 /home/travis/build/icyphy/ptII/ptolemy/actor/lib/test/auto/Accumulator.xml
----------------- Instantiating /home/travis/build/icyphy/ptII/ptolemy/actor/lib/test/auto/Accumulator.xml
7 ms. Memory: 256000K Free: 162304K (63%)
----------------- Invoking toplevel() on ptolemy.moml.MoMLSimpleApplication@788a3db4
----------------- Done invoking toplevel() on ptolemy.moml.MoMLSimpleApplication@788a3db4
reloadAllAccessors: .Accumulator

===========================================================================================
----------------- testing Fri Aug 30 05:37:52 UTC 2019 /home/travis/build/icyphy/ptII/ptolemy/actor/lib/test/auto/Accumulator2.xml
----------------- Instantiating /home/travis/build/icyphy/ptII/ptolemy/actor/lib/test/auto/Accumulator2.xml
8 ms. Memory: 256000K Free: 156670K (61%)
----------------- Invoking toplevel() on ptolemy.moml.MoMLSimpleApplication@83c1c07
----------------- Done invoking toplevel() on ptolemy.moml.MoMLSimpleApplication@83c1c07
reloadAllAccessors: .Accumulator2

===========================================================================================
----------------- testing Fri Aug 30 05:37:53 UTC 2019 /home/travis/build/icyphy/ptII/ptolemy/actor/lib/test/auto/Accumulator3.xml
----------------- Instantiating /home/travis/build/icyphy/ptII/ptolemy/actor/lib/test/auto/Accumulator3.xml
9 ms. Memory: 256000K Free: 152574K (60%)
----------------- Invoking toplevel() on ptolemy.moml.MoMLSimpleApplication@547fbaad
----------------- Done invoking toplevel() on ptolemy.moml.MoMLSimpleApplication@547fbaad
reloadAllAccessors: .Accumulator3

===========================================================================================
----------------- testing Fri Aug 30 05:37:53 UTC 2019 /home/travis/build/icyphy/ptII/ptolemy/actor/lib/test/auto/ArrayAppend.xml
----------------- Instantiating /home/travis/build/icyphy/ptII/ptolemy/actor/lib/test/auto/ArrayAppend.xml
5 ms. Memory: 256000K Free: 146415K (57%)
----------------- Invoking toplevel() on ptolemy.moml.MoMLSimpleApplication@489c3185
----------------- Done invoking toplevel() on ptolemy.moml.MoMLSimpleApplication@489c3185
reloadAllAccessors: .ArrayAppend

===========================================================================================
----------------- testing Fri Aug 30 05:37:53 UTC 2019 /home/travis/build/icyphy/ptII/ptolemy/actor/lib/test/auto/ArrayAppend2.xml
----------------- Instantiating /home/travis/build/icyphy/ptII/ptolemy/actor/lib/test/auto/ArrayAppend2.xml
455 ms. Memory: 256000K Free: 198144K (77%)
----------------- Invoking toplevel() on ptolemy.moml.MoMLSimpleApplication@37d788f8
----------------- Done invoking toplevel() on ptolemy.moml.MoMLSimpleApplication@37d788f8
reloadAllAccessors: .ArrayAppend2

===========================================================================================
----------------- testing Fri Aug 30 05:37:53 UTC 2019 /home/travis/build/icyphy/ptII/ptolemy/actor/lib/test/auto/ArrayAppend3.xml
----------------- Instantiating /home/travis/build/icyphy/ptII/ptolemy/actor/lib/test/auto/ArrayAppend3.xml
3 ms. Memory: 256000K Free: 192000K (75%)
----------------- Invoking toplevel() on ptolemy.moml.MoMLSimpleApplication@59a76fb8
----------------- Done invoking toplevel() on ptolemy.moml.MoMLSimpleApplication@59a76fb8
reloadAllAccessors: .ArrayAppend3

===========================================================================================
----------------- testing Fri Aug 30 05:37:53 UTC 2019 /home/travis/build/icyphy/ptII/ptolemy/actor/lib/test/auto/ArrayAppend4.xml
----------------- Instantiating /home/travis/build/icyphy/ptII/ptolemy/actor/lib/test/auto/ArrayAppend4.xml
2 ms. Memory: 256000K Free: 186880K (73%)
----------------- Invoking toplevel() on ptolemy.moml.MoMLSimpleApplication@5485b7cf
----------------- Done invoking toplevel() on ptolemy.moml.MoMLSimpleApplication@5485b7cf
reloadAllAccessors: .ArrayAppend4

===========================================================================================
----------------- testing Fri Aug 30 05:37:53 UTC 2019 /home/travis/build/icyphy/ptII/ptolemy/actor/lib/test/auto/ArrayAppend5.xml
----------------- Instantiating /home/travis/build/icyphy/ptII/ptolemy/actor/lib/test/auto/ArrayAppend5.xml
10 ms. Memory: 256000K Free: 181760K (71%)
----------------- Invoking toplevel() on ptolemy.moml.MoMLSimpleApplication@5367e045
----------------- Done invoking toplevel() on ptolemy.moml.MoMLSimpleApplication@5367e045
reloadAllAccessors: .ArrayAppend5

===========================================================================================
----------------- testing Fri Aug 30 05:37:53 UTC 2019 /home/travis/build/icyphy/ptII/ptolemy/actor/lib/test/auto/ArrayAppend6.xml
----------------- Instantiating /home/travis/build/icyphy/ptII/ptolemy/actor/lib/test/auto/ArrayAppend6.xml
4 ms. Memory: 256000K Free: 176126K (69%)
----------------- Invoking toplevel() on ptolemy.moml.MoMLSimpleApplication@180d80d6
----------------- Done invoking toplevel() on ptolemy.moml.MoMLSimpleApplication@180d80d6
reloadAllAccessors: .ArrayAppend6

===========================================================================================
----------------- testing Fri Aug 30 05:37:53 UTC 2019 /home/travis/build/icyphy/ptII/ptolemy/actor/lib/test/auto/ArrayAppendPerformanceTest.xml
----------------- Instantiating /home/travis/build/icyphy/ptII/ptolemy/actor/lib/test/auto/ArrayAppendPerformanceTest.xml
38 ms. Memory: 256000K Free: 165376K (65%)
----------------- Invoking toplevel() on ptolemy.moml.MoMLSimpleApplication@e396f72
----------------- Done invoking toplevel() on ptolemy.moml.MoMLSimpleApplication@e396f72
reloadAllAccessors: .ArrayAppendPerformanceTest

===========================================================================================
----------------- testing Fri Aug 30 05:37:53 UTC 2019 /home/travis/build/icyphy/ptII/ptolemy/actor/lib/test/auto/ArrayAppendWithEmptyInput.xml
----------------- Instantiating /home/travis/build/icyphy/ptII/ptolemy/actor/lib/test/auto/ArrayAppendWithEmptyInput.xml
20 ms. Memory: 256000K Free: 157184K (61%)
----------------- Invoking toplevel() on ptolemy.moml.MoMLSimpleApplication@4a906732
----------------- Done invoking toplevel() on ptolemy.moml.MoMLSimpleApplication@4a906732
reloadAllAccessors: .ArrayAppendWithEmptyInput

===========================================================================================
----------------- testing Fri Aug 30 05:37:53 UTC 2019 /home/travis/build/icyphy/ptII/ptolemy/actor/lib/test/auto/ArrayAverage.xml
----------------- Instantiating /home/travis/build/icyphy/ptII/ptolemy/actor/lib/test/auto/ArrayAverage.xml
5 ms. Memory: 256000K Free: 149502K (58%)
----------------- Invoking toplevel() on ptolemy.moml.MoMLSimpleApplication@713bdcf6
----------------- Done invoking toplevel() on ptolemy.moml.MoMLSimpleApplication@713bdcf6
reloadAllAccessors: .ArrayAverage

===========================================================================================
----------------- testing Fri Aug 30 05:37:53 UTC 2019 /home/travis/build/icyphy/ptII/ptolemy/actor/lib/test/auto/ArrayContains.xml
----------------- Instantiating /home/travis/build/icyphy/ptII/ptolemy/actor/lib/test/auto/ArrayContains.xml
16 ms. Memory: 256000K Free: 143358K (56%)
----------------- Invoking toplevel() on ptolemy.moml.MoMLSimpleApplication@4fba2567
----------------- Done invoking toplevel() on ptolemy.moml.MoMLSimpleApplication@4fba2567
reloadAllAccessors: .ArrayContains

===========================================================================================
----------------- testing Fri Aug 30 05:37:54 UTC 2019 /home/travis/build/icyphy/ptII/ptolemy/actor/lib/test/auto/ArrayElement.xml
----------------- Instantiating /home/travis/build/icyphy/ptII/ptolemy/actor/lib/test/auto/ArrayElement.xml
10 ms. Memory: 256000K Free: 137728K (54%)
----------------- Invoking toplevel() on ptolemy.moml.MoMLSimpleApplication@2c192ce8
----------------- Done invoking toplevel() on ptolemy.moml.MoMLSimpleApplication@2c192ce8
reloadAllAccessors: .ArrayElement

===========================================================================================
----------------- testing Fri Aug 30 05:37:54 UTC 2019 /home/travis/build/icyphy/ptII/ptolemy/actor/lib/test/auto/ArrayElementAsMatrix.xml
----------------- Instantiating /home/travis/build/icyphy/ptII/ptolemy/actor/lib/test/auto/ArrayElementAsMatrix.xml
22 ms. Memory: 256000K Free: 127998K (50%)
----------------- Invoking toplevel() on ptolemy.moml.MoMLSimpleApplication@18f50044
----------------- Done invoking toplevel() on ptolemy.moml.MoMLSimpleApplication@18f50044
reloadAllAccessors: .ArrayElementAsMatrix

===========================================================================================
----------------- testing Fri Aug 30 05:37:54 UTC 2019 /home/travis/build/icyphy/ptII/ptolemy/actor/lib/test/auto/ArrayElementI.xml
----------------- Instantiating /home/travis/build/icyphy/ptII/ptolemy/actor/lib/test/auto/ArrayElementI.xml
7 ms. Memory: 256000K Free: 122368K (48%)
----------------- Invoking toplevel() on ptolemy.moml.MoMLSimpleApplication@2e38412b
----------------- Done invoking toplevel() on ptolemy.moml.MoMLSimpleApplication@2e38412b
reloadAllAccessors: .ArrayElementI

===========================================================================================
----------------- testing Fri Aug 30 05:37:54 UTC 2019 /home/travis/build/icyphy/ptII/ptolemy/actor/lib/test/auto/ArrayExtract.xml
----------------- Instantiating /home/travis/build/icyphy/ptII/ptolemy/actor/lib/test/auto/ArrayExtract.xml
7 ms. Memory: 256000K Free: 114176K (45%)
----------------- Invoking toplevel() on ptolemy.moml.MoMLSimpleApplication@43ada470
----------------- Done invoking toplevel() on ptolemy.moml.MoMLSimpleApplication@43ada470
reloadAllAccessors: .ArrayExtract

===========================================================================================
----------------- testing Fri Aug 30 05:37:54 UTC 2019 /home/travis/build/icyphy/ptII/ptolemy/actor/lib/test/auto/ArrayExtract2.xml
----------------- Instantiating /home/travis/build/icyphy/ptII/ptolemy/actor/lib/test/auto/ArrayExtract2.xml
4 ms. Memory: 256000K Free: 109056K (43%)
----------------- Invoking toplevel() on ptolemy.moml.MoMLSimpleApplication@70ac0f55
----------------- Done invoking toplevel() on ptolemy.moml.MoMLSimpleApplication@70ac0f55
reloadAllAccessors: .ArrayExtract2

===========================================================================================
----------------- testing Fri Aug 30 05:37:54 UTC 2019 /home/travis/build/icyphy/ptII/ptolemy/actor/lib/test/auto/ArrayLength.xml
----------------- Instantiating /home/travis/build/icyphy/ptII/ptolemy/actor/lib/test/auto/ArrayLength.xml
2 ms. Memory: 256000K Free: 105470K (41%)
----------------- Invoking toplevel() on ptolemy.moml.MoMLSimpleApplication@6fd8c470
----------------- Done invoking toplevel() on ptolemy.moml.MoMLSimpleApplication@6fd8c470
reloadAllAccessors: .ArrayLength

===========================================================================================
----------------- testing Fri Aug 30 05:37:54 UTC 2019 /home/travis/build/icyphy/ptII/ptolemy/actor/lib/test/auto/ArrayLevelCrossing.xml
----------------- Instantiating /home/travis/build/icyphy/ptII/ptolemy/actor/lib/test/auto/ArrayLevelCrossing.xml
5 ms. Memory: 256000K Free: 97278K (38%)
----------------- Invoking toplevel() on ptolemy.moml.MoMLSimpleApplication@1d26ea02
----------------- Done invoking toplevel() on ptolemy.moml.MoMLSimpleApplication@1d26ea02
reloadAllAccessors: .ArrayLevelCrossing

===========================================================================================
----------------- testing Fri Aug 30 05:37:54 UTC 2019 /home/travis/build/icyphy/ptII/ptolemy/actor/lib/test/auto/ArrayLevelCrossing2.xml
----------------- Instantiating /home/travis/build/icyphy/ptII/ptolemy/actor/lib/test/auto/ArrayLevelCrossing2.xml
3 ms. Memory: 256000K Free: 90624K (35%)
----------------- Invoking toplevel() on ptolemy.moml.MoMLSimpleApplication@f4d1bfa
----------------- Done invoking toplevel() on ptolemy.moml.MoMLSimpleApplication@f4d1bfa
reloadAllAccessors: .ArrayLevelCrossing2

===========================================================================================
----------------- testing Fri Aug 30 05:37:54 UTC 2019 /home/travis/build/icyphy/ptII/ptolemy/actor/lib/test/auto/ArrayPeakSearch.xml
----------------- Instantiating /home/travis/build/icyphy/ptII/ptolemy/actor/lib/test/auto/ArrayPeakSearch.xml
7 ms. Memory: 256000K Free: 81408K (32%)
----------------- Invoking toplevel() on ptolemy.moml.MoMLSimpleApplication@65e80151
----------------- Done invoking toplevel() on ptolemy.moml.MoMLSimpleApplication@65e80151
reloadAllAccessors: .ArrayPeakSearch

===========================================================================================
----------------- testing Fri Aug 30 05:37:54 UTC 2019 /home/travis/build/icyphy/ptII/ptolemy/actor/lib/test/auto/ArrayPeakSearch2.xml
----------------- Instantiating /home/travis/build/icyphy/ptII/ptolemy/actor/lib/test/auto/ArrayPeakSearch2.xml
6 ms. Memory: 256000K Free: 71168K (28%)
----------------- Invoking toplevel() on ptolemy.moml.MoMLSimpleApplication@58c0c97c
----------------- Done invoking toplevel() on ptolemy.moml.MoMLSimpleApplication@58c0c97c
reloadAllAccessors: .ArrayPeakSearch2

===========================================================================================
----------------- testing Fri Aug 30 05:37:54 UTC 2019 /home/travis/build/icyphy/ptII/ptolemy/actor/lib/test/auto/ArrayPeakSearch3.xml
----------------- Instantiating /home/travis/build/icyphy/ptII/ptolemy/actor/lib/test/auto/ArrayPeakSearch3.xml
5 ms. Memory: 256000K Free: 61952K (24%)
----------------- Invoking toplevel() on ptolemy.moml.MoMLSimpleApplication@5662da87
----------------- Done invoking toplevel() on ptolemy.moml.MoMLSimpleApplication@5662da87
reloadAllAccessors: .ArrayPeakSearch3

===========================================================================================
----------------- testing Fri Aug 30 05:37:54 UTC 2019 /home/travis/build/icyphy/ptII/ptolemy/actor/lib/test/auto/ArrayRemoveElement.xml
----------------- Instantiating /home/travis/build/icyphy/ptII/ptolemy/actor/lib/test/auto/ArrayRemoveElement.xml
4 ms. Memory: 256000K Free: 205310K (80%)
----------------- Invoking toplevel() on ptolemy.moml.MoMLSimpleApplication@6c9554aa
----------------- Done invoking toplevel() on ptolemy.moml.MoMLSimpleApplication@6c9554aa
reloadAllAccessors: .ArrayRemoveElement

===========================================================================================
----------------- testing Fri Aug 30 05:37:54 UTC 2019 /home/travis/build/icyphy/ptII/ptolemy/actor/lib/test/auto/ArraySort.xml
----------------- Instantiating /home/travis/build/icyphy/ptII/ptolemy/actor/lib/test/auto/ArraySort.xml
12 ms. Memory: 256000K Free: 196094K (77%)
----------------- Invoking toplevel() on ptolemy.moml.MoMLSimpleApplication@4f81e162
----------------- Done invoking toplevel() on ptolemy.moml.MoMLSimpleApplication@4f81e162
reloadAllAccessors: .ArraySort

===========================================================================================
----------------- testing Fri Aug 30 05:37:54 UTC 2019 /home/travis/build/icyphy/ptII/ptolemy/actor/lib/test/auto/ArraySum.xml
----------------- Instantiating /home/travis/build/icyphy/ptII/ptolemy/actor/lib/test/auto/ArraySum.xml
3 ms. Memory: 256000K Free: 190974K (75%)
----------------- Invoking toplevel() on ptolemy.moml.MoMLSimpleApplication@16e86b3f
----------------- Done invoking toplevel() on ptolemy.moml.MoMLSimpleApplication@16e86b3f
reloadAllAccessors: .ArraySum

===========================================================================================
----------------- testing Fri Aug 30 05:37:54 UTC 2019 /home/travis/build/icyphy/ptII/ptolemy/actor/lib/test/auto/ArrayToElements.xml
----------------- Instantiating /home/travis/build/icyphy/ptII/ptolemy/actor/lib/test/auto/ArrayToElements.xml
5 ms. Memory: 256000K Free: 185344K (72%)
----------------- Invoking toplevel() on ptolemy.moml.MoMLSimpleApplication@7e5c858f
----------------- Done invoking toplevel() on ptolemy.moml.MoMLSimpleApplication@7e5c858f
reloadAllAccessors: .ArrayToElements

===========================================================================================
----------------- testing Fri Aug 30 05:37:54 UTC 2019 /home/travis/build/icyphy/ptII/ptolemy/actor/lib/test/auto/ArrayToMatrix.xml
----------------- Instantiating /home/travis/build/icyphy/ptII/ptolemy/actor/lib/test/auto/ArrayToMatrix.xml
9 ms. Memory: 256000K Free: 171518K (67%)
----------------- Invoking toplevel() on ptolemy.moml.MoMLSimpleApplication@5a153585
----------------- Done invoking toplevel() on ptolemy.moml.MoMLSimpleApplication@5a153585
reloadAllAccessors: .ArrayToMatrix

===========================================================================================
----------------- testing Fri Aug 30 05:37:54 UTC 2019 /home/travis/build/icyphy/ptII/ptolemy/actor/lib/test/auto/ArrayUpdate1.xml
----------------- Instantiating /home/travis/build/icyphy/ptII/ptolemy/actor/lib/test/auto/ArrayUpdate1.xml
3 ms. Memory: 256000K Free: 166398K (65%)
----------------- Invoking toplevel() on ptolemy.moml.MoMLSimpleApplication@350628b9
----------------- Done invoking toplevel() on ptolemy.moml.MoMLSimpleApplication@350628b9
reloadAllAccessors: .ArrayUpdate1

===========================================================================================
----------------- testing Fri Aug 30 05:37:54 UTC 2019 /home/travis/build/icyphy/ptII/ptolemy/actor/lib/test/auto/ArrayUpdate2.xml
----------------- Instantiating /home/travis/build/icyphy/ptII/ptolemy/actor/lib/test/auto/ArrayUpdate2.xml
5 ms. Memory: 256000K Free: 160239K (63%)
----------------- Invoking toplevel() on ptolemy.moml.MoMLSimpleApplication@5c6a2011
----------------- Done invoking toplevel() on ptolemy.moml.MoMLSimpleApplication@5c6a2011
reloadAllAccessors: .ArrayUpdate2

===========================================================================================
----------------- testing Fri Aug 30 05:37:54 UTC 2019 /home/travis/build/icyphy/ptII/ptolemy/actor/lib/test/auto/ArrayUpdate3.xml
----------------- Instantiating /home/travis/build/icyphy/ptII/ptolemy/actor/lib/test/auto/ArrayUpdate3.xml
2 ms. Memory: 256000K Free: 155134K (61%)
----------------- Invoking toplevel() on ptolemy.moml.MoMLSimpleApplication@61246a2a
----------------- Done invoking toplevel() on ptolemy.moml.MoMLSimpleApplication@61246a2a
reloadAllAccessors: .ArrayUpdate3

===========================================================================================
----------------- testing Fri Aug 30 05:37:54 UTC 2019 /home/travis/build/icyphy/ptII/ptolemy/actor/lib/test/auto/Assert1.xml
----------------- Instantiating /home/travis/build/icyphy/ptII/ptolemy/actor/lib/test/auto/Assert1.xml
7 ms. Memory: 256000K Free: 151038K (59%)
----------------- Invoking toplevel() on ptolemy.moml.MoMLSimpleApplication@6f2fb3da
----------------- Done invoking toplevel() on ptolemy.moml.MoMLSimpleApplication@6f2fb3da
reloadAllAccessors: .Assert1

===========================================================================================
----------------- testing Fri Aug 30 05:37:54 UTC 2019 /home/travis/build/icyphy/ptII/ptolemy/actor/lib/test/auto/Assert2.xml
----------------- Instantiating /home/travis/build/icyphy/ptII/ptolemy/actor/lib/test/auto/Assert2.xml
2 ms. Memory: 256000K Free: 145918K (57%)
----------------- Invoking toplevel() on ptolemy.moml.MoMLSimpleApplication@70aced61
----------------- Done invoking toplevel() on ptolemy.moml.MoMLSimpleApplication@70aced61
reloadAllAccessors: .Assert2

===========================================================================================
----------------- testing Fri Aug 30 05:37:54 UTC 2019 /home/travis/build/icyphy/ptII/ptolemy/actor/lib/test/auto/BooleanMultiplexor.xml
----------------- Instantiating /home/travis/build/icyphy/ptII/ptolemy/actor/lib/test/auto/BooleanMultiplexor.xml
2 ms. Memory: 256000K Free: 140767K (55%)
----------------- Invoking toplevel() on ptolemy.moml.MoMLSimpleApplication@62b3d90f
----------------- Done invoking toplevel() on ptolemy.moml.MoMLSimpleApplication@62b3d90f
reloadAllAccessors: .BooleanMultiplexor

===========================================================================================
----------------- testing Fri Aug 30 05:37:54 UTC 2019 /home/travis/build/icyphy/ptII/ptolemy/actor/lib/test/auto/BooleanMultiplexor2.xml
----------------- Instantiating /home/travis/build/icyphy/ptII/ptolemy/actor/lib/test/auto/BooleanMultiplexor2.xml
14 ms. Memory: 256000K Free: 134144K (52%)
----------------- Invoking toplevel() on ptolemy.moml.MoMLSimpleApplication@4071a184
----------------- Done invoking toplevel() on ptolemy.moml.MoMLSimpleApplication@4071a184
reloadAllAccessors: .BooleanMultiplexor2

===========================================================================================
----------------- testing Fri Aug 30 05:37:54 UTC 2019 /home/travis/build/icyphy/ptII/ptolemy/actor/lib/test/auto/BooleanMultiplexor3.xml
----------------- Instantiating /home/travis/build/icyphy/ptII/ptolemy/actor/lib/test/auto/BooleanMultiplexor3.xml
3 ms. Memory: 256000K Free: 130048K (51%)
----------------- Invoking toplevel() on ptolemy.moml.MoMLSimpleApplication@36f29b78
----------------- Done invoking toplevel() on ptolemy.moml.MoMLSimpleApplication@36f29b78
reloadAllAccessors: .BooleanMultiplexor3

===========================================================================================
----------------- testing Fri Aug 30 05:37:55 UTC 2019 /home/travis/build/icyphy/ptII/ptolemy/actor/lib/test/auto/BooleanSelect.xml
----------------- Instantiating /home/travis/build/icyphy/ptII/ptolemy/actor/lib/test/auto/BooleanSelect.xml
3 ms. Memory: 256000K Free: 124383K (49%)
----------------- Invoking toplevel() on ptolemy.moml.MoMLSimpleApplication@58ede9ea
----------------- Done invoking toplevel() on ptolemy.moml.MoMLSimpleApplication@58ede9ea
reloadAllAccessors: .BooleanSelect

===========================================================================================
----------------- testing Fri Aug 30 05:37:55 UTC 2019 /home/travis/build/icyphy/ptII/ptolemy/actor/lib/test/auto/BooleanSelect2.xml
----------------- Instantiating /home/travis/build/icyphy/ptII/ptolemy/actor/lib/test/auto/BooleanSelect2.xml
2 ms. Memory: 256000K Free: 119808K (47%)
----------------- Invoking toplevel() on ptolemy.moml.MoMLSimpleApplication@2851be58
----------------- Done invoking toplevel() on ptolemy.moml.MoMLSimpleApplication@2851be58
reloadAllAccessors: .BooleanSelect2

===========================================================================================
----------------- testing Fri Aug 30 05:37:55 UTC 2019 /home/travis/build/icyphy/ptII/ptolemy/actor/lib/test/auto/BooleanSwitch.xml
----------------- Instantiating /home/travis/build/icyphy/ptII/ptolemy/actor/lib/test/auto/BooleanSwitch.xml
7 ms. Memory: 256000K Free: 114174K (45%)
----------------- Invoking toplevel() on ptolemy.moml.MoMLSimpleApplication@29aa63f7
----------------- Done invoking toplevel() on ptolemy.moml.MoMLSimpleApplication@29aa63f7
reloadAllAccessors: .BooleanSwitch

===========================================================================================
----------------- testing Fri Aug 30 05:37:55 UTC 2019 /home/travis/build/icyphy/ptII/ptolemy/actor/lib/test/auto/BooleanSwitch2.xml
----------------- Instantiating /home/travis/build/icyphy/ptII/ptolemy/actor/lib/test/auto/BooleanSwitch2.xml
2 ms. Memory: 256000K Free: 109568K (43%)
----------------- Invoking toplevel() on ptolemy.moml.MoMLSimpleApplication@63b19716
----------------- Done invoking toplevel() on ptolemy.moml.MoMLSimpleApplication@63b19716
reloadAllAccessors: .BooleanSwitch2

===========================================================================================
----------------- testing Fri Aug 30 05:37:55 UTC 2019 /home/travis/build/icyphy/ptII/ptolemy/actor/lib/test/auto/BooleanSwitchCloningBugWithClassRelationGroup.xml
----------------- Instantiating /home/travis/build/icyphy/ptII/ptolemy/actor/lib/test/auto/BooleanSwitchCloningBugWithClassRelationGroup.xml
3 ms. Memory: 256000K Free: 103424K (40%)
----------------- Invoking toplevel() on ptolemy.moml.MoMLSimpleApplication@4e35f46f
----------------- Done invoking toplevel() on ptolemy.moml.MoMLSimpleApplication@4e35f46f
reloadAllAccessors: .BooleanSwitchCloningBugWithClassRelationGroup

===========================================================================================
----------------- testing Fri Aug 30 05:37:55 UTC 2019 /home/travis/build/icyphy/ptII/ptolemy/actor/lib/test/auto/BusActors.xml
----------------- Instantiating /home/travis/build/icyphy/ptII/ptolemy/actor/lib/test/auto/BusActors.xml
8 ms. Memory: 256000K Free: 95232K (37%)
----------------- Invoking toplevel() on ptolemy.moml.MoMLSimpleApplication@622390c7
----------------- Done invoking toplevel() on ptolemy.moml.MoMLSimpleApplication@622390c7
reloadAllAccessors: .BusActors

===========================================================================================
----------------- testing Fri Aug 30 05:37:55 UTC 2019 /home/travis/build/icyphy/ptII/ptolemy/actor/lib/test/auto/ClassWrapper.xml
----------------- Instantiating /home/travis/build/icyphy/ptII/ptolemy/actor/lib/test/auto/ClassWrapper.xml
3 ms. Memory: 256000K Free: 91136K (36%)
----------------- Invoking toplevel() on ptolemy.moml.MoMLSimpleApplication@3c3fbdea
----------------- Done invoking toplevel() on ptolemy.moml.MoMLSimpleApplication@3c3fbdea
reloadAllAccessors: .ClassWrapper

===========================================================================================
----------------- testing Fri Aug 30 05:37:55 UTC 2019 /home/travis/build/icyphy/ptII/ptolemy/actor/lib/test/auto/Clock.xml
----------------- Instantiating /home/travis/build/icyphy/ptII/ptolemy/actor/lib/test/auto/Clock.xml
2 ms. Memory: 256000K Free: 87040K (34%)
----------------- Invoking toplevel() on ptolemy.moml.MoMLSimpleApplication@12eb8c7c
----------------- Done invoking toplevel() on ptolemy.moml.MoMLSimpleApplication@12eb8c7c
reloadAllAccessors: .Clock

===========================================================================================
----------------- testing Fri Aug 30 05:37:55 UTC 2019 /home/travis/build/icyphy/ptII/ptolemy/actor/lib/test/auto/Clock10.xml
----------------- Instantiating /home/travis/build/icyphy/ptII/ptolemy/actor/lib/test/auto/Clock10.xml
5 ms. Memory: 256000K Free: 81406K (32%)
----------------- Invoking toplevel() on ptolemy.moml.MoMLSimpleApplication@7ee3ca5b
----------------- Done invoking toplevel() on ptolemy.moml.MoMLSimpleApplication@7ee3ca5b
reloadAllAccessors: .Clock10

===========================================================================================
----------------- testing Fri Aug 30 05:37:55 UTC 2019 /home/travis/build/icyphy/ptII/ptolemy/actor/lib/test/auto/Clock11.xml
----------------- Instantiating /home/travis/build/icyphy/ptII/ptolemy/actor/lib/test/auto/Clock11.xml
3 ms. Memory: 256000K Free: 75259K (29%)
----------------- Invoking toplevel() on ptolemy.moml.MoMLSimpleApplication@37353a78
----------------- Done invoking toplevel() on ptolemy.moml.MoMLSimpleApplication@37353a78
reloadAllAccessors: .Clock11

===========================================================================================
----------------- testing Fri Aug 30 05:37:55 UTC 2019 /home/travis/build/icyphy/ptII/ptolemy/actor/lib/test/auto/Clock12.xml
----------------- Instantiating /home/travis/build/icyphy/ptII/ptolemy/actor/lib/test/auto/Clock12.xml
6 ms. Memory: 256000K Free: 69632K (27%)
----------------- Invoking toplevel() on ptolemy.moml.MoMLSimpleApplication@5e9e04e5
----------------- Done invoking toplevel() on ptolemy.moml.MoMLSimpleApplication@5e9e04e5
reloadAllAccessors: .Clock12

===========================================================================================
----------------- testing Fri Aug 30 05:37:55 UTC 2019 /home/travis/build/icyphy/ptII/ptolemy/actor/lib/test/auto/Clock13.xml
----------------- Instantiating /home/travis/build/icyphy/ptII/ptolemy/actor/lib/test/auto/Clock13.xml
7 ms. Memory: 256000K Free: 63488K (25%)
----------------- Invoking toplevel() on ptolemy.moml.MoMLSimpleApplication@71f34d5c
----------------- Done invoking toplevel() on ptolemy.moml.MoMLSimpleApplication@71f34d5c
reloadAllAccessors: .Clock13

===========================================================================================
----------------- testing Fri Aug 30 05:37:55 UTC 2019 /home/travis/build/icyphy/ptII/ptolemy/actor/lib/test/auto/Clock14.xml
----------------- Instantiating /home/travis/build/icyphy/ptII/ptolemy/actor/lib/test/auto/Clock14.xml
6 ms. Memory: 256000K Free: 57839K (23%)
----------------- Invoking toplevel() on ptolemy.moml.MoMLSimpleApplication@412bf676
----------------- Done invoking toplevel() on ptolemy.moml.MoMLSimpleApplication@412bf676
reloadAllAccessors: .Clock14

===========================================================================================
----------------- testing Fri Aug 30 05:37:55 UTC 2019 /home/travis/build/icyphy/ptII/ptolemy/actor/lib/test/auto/Clock15.xml
----------------- Instantiating /home/travis/build/icyphy/ptII/ptolemy/actor/lib/test/auto/Clock15.xml
6 ms. Memory: 256000K Free: 203438K (79%)
----------------- Invoking toplevel() on ptolemy.moml.MoMLSimpleApplication@ebfbe30
----------------- Done invoking toplevel() on ptolemy.moml.MoMLSimpleApplication@ebfbe30
reloadAllAccessors: .Clock15

===========================================================================================
----------------- testing Fri Aug 30 05:37:55 UTC 2019 /home/travis/build/icyphy/ptII/ptolemy/actor/lib/test/auto/Clock16.xml
----------------- Instantiating /home/travis/build/icyphy/ptII/ptolemy/actor/lib/test/auto/Clock16.xml
42 ms. Memory: 256000K Free: 188094K (73%)
----------------- Invoking toplevel() on ptolemy.moml.MoMLSimpleApplication@338d5e05
----------------- Done invoking toplevel() on ptolemy.moml.MoMLSimpleApplication@338d5e05
reloadAllAccessors: .Clock16

===========================================================================================
----------------- testing Fri Aug 30 05:37:55 UTC 2019 /home/travis/build/icyphy/ptII/ptolemy/actor/lib/test/auto/Clock17.xml
----------------- Instantiating /home/travis/build/icyphy/ptII/ptolemy/actor/lib/test/auto/Clock17.xml
34 ms. Memory: 256000K Free: 174286K (68%)
----------------- Invoking toplevel() on ptolemy.moml.MoMLSimpleApplication@500595d7
----------------- Done invoking toplevel() on ptolemy.moml.MoMLSimpleApplication@500595d7
reloadAllAccessors: .Clock17

===========================================================================================
----------------- testing Fri Aug 30 05:37:55 UTC 2019 /home/travis/build/icyphy/ptII/ptolemy/actor/lib/test/auto/Clock18.xml
----------------- Instantiating /home/travis/build/icyphy/ptII/ptolemy/actor/lib/test/auto/Clock18.xml
26 ms. Memory: 256000K Free: 160460K (63%)
----------------- Invoking toplevel() on ptolemy.moml.MoMLSimpleApplication@f7dcc03
----------------- Done invoking toplevel() on ptolemy.moml.MoMLSimpleApplication@f7dcc03
reloadAllAccessors: .Clock18

===========================================================================================
----------------- testing Fri Aug 30 05:37:55 UTC 2019 /home/travis/build/icyphy/ptII/ptolemy/actor/lib/test/auto/Clock19.xml
----------------- Instantiating /home/travis/build/icyphy/ptII/ptolemy/actor/lib/test/auto/Clock19.xml
17 ms. Memory: 256000K Free: 147662K (58%)
----------------- Invoking toplevel() on ptolemy.moml.MoMLSimpleApplication@374229f1
----------------- Done invoking toplevel() on ptolemy.moml.MoMLSimpleApplication@374229f1
reloadAllAccessors: .Clock19

===========================================================================================
----------------- testing Fri Aug 30 05:37:55 UTC 2019 /home/travis/build/icyphy/ptII/ptolemy/actor/lib/test/auto/Clock2.xml
----------------- Instantiating /home/travis/build/icyphy/ptII/ptolemy/actor/lib/test/auto/Clock2.xml
8 ms. Memory: 256000K Free: 143046K (56%)
----------------- Invoking toplevel() on ptolemy.moml.MoMLSimpleApplication@507f305b
----------------- Done invoking toplevel() on ptolemy.moml.MoMLSimpleApplication@507f305b
reloadAllAccessors: .Clock2

===========================================================================================
----------------- testing Fri Aug 30 05:37:55 UTC 2019 /home/travis/build/icyphy/ptII/ptolemy/actor/lib/test/auto/Clock20.xml
----------------- Instantiating /home/travis/build/icyphy/ptII/ptolemy/actor/lib/test/auto/Clock20.xml
12 ms. Memory: 256000K Free: 137422K (54%)
----------------- Invoking toplevel() on ptolemy.moml.MoMLSimpleApplication@51b6e24c
----------------- Done invoking toplevel() on ptolemy.moml.MoMLSimpleApplication@51b6e24c
reloadAllAccessors: .Clock20

===========================================================================================
----------------- testing Fri Aug 30 05:37:55 UTC 2019 /home/travis/build/icyphy/ptII/ptolemy/actor/lib/test/auto/Clock21.xml
----------------- Instantiating /home/travis/build/icyphy/ptII/ptolemy/actor/lib/test/auto/Clock21.xml
6 ms. Memory: 256000K Free: 131788K (51%)
----------------- Invoking toplevel() on ptolemy.moml.MoMLSimpleApplication@7a11eb16
----------------- Done invoking toplevel() on ptolemy.moml.MoMLSimpleApplication@7a11eb16
reloadAllAccessors: .Clock21

===========================================================================================
----------------- testing Fri Aug 30 05:37:55 UTC 2019 /home/travis/build/icyphy/ptII/ptolemy/actor/lib/test/auto/Clock22.xml
----------------- Instantiating /home/travis/build/icyphy/ptII/ptolemy/actor/lib/test/auto/Clock22.xml
6 ms. Memory: 256000K Free: 126158K (49%)
----------------- Invoking toplevel() on ptolemy.moml.MoMLSimpleApplication@442639a4
----------------- Done invoking toplevel() on ptolemy.moml.MoMLSimpleApplication@442639a4
reloadAllAccessors: .Clock22

===========================================================================================
----------------- testing Fri Aug 30 05:37:55 UTC 2019 /home/travis/build/icyphy/ptII/ptolemy/actor/lib/test/auto/Clock23.xml
----------------- Instantiating /home/travis/build/icyphy/ptII/ptolemy/actor/lib/test/auto/Clock23.xml
6 ms. Memory: 256000K Free: 121038K (47%)
----------------- Invoking toplevel() on ptolemy.moml.MoMLSimpleApplication@1f81324f
----------------- Done invoking toplevel() on ptolemy.moml.MoMLSimpleApplication@1f81324f
reloadAllAccessors: .Clock23

===========================================================================================
----------------- testing Fri Aug 30 05:37:55 UTC 2019 /home/travis/build/icyphy/ptII/ptolemy/actor/lib/test/auto/Clock24.xml
----------------- Instantiating /home/travis/build/icyphy/ptII/ptolemy/actor/lib/test/auto/Clock24.xml
5 ms. Memory: 256000K Free: 115404K (45%)
----------------- Invoking toplevel() on ptolemy.moml.MoMLSimpleApplication@68a8fd9d
----------------- Done invoking toplevel() on ptolemy.moml.MoMLSimpleApplication@68a8fd9d
reloadAllAccessors: .Clock24

===========================================================================================
----------------- testing Fri Aug 30 05:37:55 UTC 2019 /home/travis/build/icyphy/ptII/ptolemy/actor/lib/test/auto/Clock4.xml
----------------- Instantiating /home/travis/build/icyphy/ptII/ptolemy/actor/lib/test/auto/Clock4.xml
2 ms. Memory: 256000K Free: 110798K (43%)
----------------- Invoking toplevel() on ptolemy.moml.MoMLSimpleApplication@35726de8
----------------- Done invoking toplevel() on ptolemy.moml.MoMLSimpleApplication@35726de8
reloadAllAccessors: .Clock4

===========================================================================================
----------------- testing Fri Aug 30 05:37:55 UTC 2019 /home/travis/build/icyphy/ptII/ptolemy/actor/lib/test/auto/Clock5.xml
----------------- Instantiating /home/travis/build/icyphy/ptII/ptolemy/actor/lib/test/auto/Clock5.xml
3 ms. Memory: 256000K Free: 105158K (41%)
----------------- Invoking toplevel() on ptolemy.moml.MoMLSimpleApplication@293b5c88
----------------- Done invoking toplevel() on ptolemy.moml.MoMLSimpleApplication@293b5c88
reloadAllAccessors: .Clock5

===========================================================================================
----------------- testing Fri Aug 30 05:37:55 UTC 2019 /home/travis/build/icyphy/ptII/ptolemy/actor/lib/test/auto/Clock6.xml
----------------- Instantiating /home/travis/build/icyphy/ptII/ptolemy/actor/lib/test/auto/Clock6.xml
2 ms. Memory: 256000K Free: 101068K (39%)
----------------- Invoking toplevel() on ptolemy.moml.MoMLSimpleApplication@4f90527a
----------------- Done invoking toplevel() on ptolemy.moml.MoMLSimpleApplication@4f90527a
reloadAllAccessors: .Clock6

===========================================================================================
----------------- testing Fri Aug 30 05:37:55 UTC 2019 /home/travis/build/icyphy/ptII/ptolemy/actor/lib/test/auto/Clock7.xml
----------------- Instantiating /home/travis/build/icyphy/ptII/ptolemy/actor/lib/test/auto/Clock7.xml
3 ms. Memory: 256000K Free: 95948K (37%)
----------------- Invoking toplevel() on ptolemy.moml.MoMLSimpleApplication@268616ab
----------------- Done invoking toplevel() on ptolemy.moml.MoMLSimpleApplication@268616ab
reloadAllAccessors: .Clock7

===========================================================================================
----------------- testing Fri Aug 30 05:37:56 UTC 2019 /home/travis/build/icyphy/ptII/ptolemy/actor/lib/test/auto/Clock8.xml
----------------- Instantiating /home/travis/build/icyphy/ptII/ptolemy/actor/lib/test/auto/Clock8.xml
5 ms. Memory: 256000K Free: 90318K (35%)
----------------- Invoking toplevel() on ptolemy.moml.MoMLSimpleApplication@475c5fa9
----------------- Done invoking toplevel() on ptolemy.moml.MoMLSimpleApplication@475c5fa9
reloadAllAccessors: .Clock8

===========================================================================================
----------------- testing Fri Aug 30 05:37:56 UTC 2019 /home/travis/build/icyphy/ptII/ptolemy/actor/lib/test/auto/Clock9.xml
----------------- Instantiating /home/travis/build/icyphy/ptII/ptolemy/actor/lib/test/auto/Clock9.xml
4 ms. Memory: 256000K Free: 85198K (33%)
----------------- Invoking toplevel() on ptolemy.moml.MoMLSimpleApplication@7bbc0607
----------------- Done invoking toplevel() on ptolemy.moml.MoMLSimpleApplication@7bbc0607
reloadAllAccessors: .Clock9

===========================================================================================
----------------- testing Fri Aug 30 05:37:56 UTC 2019 /home/travis/build/icyphy/ptII/ptolemy/actor/lib/test/auto/CommDistDiscard.xml
----------------- Instantiating /home/travis/build/icyphy/ptII/ptolemy/actor/lib/test/auto/CommDistDiscard.xml
5 ms. Memory: 256000K Free: 79564K (31%)
----------------- Invoking toplevel() on ptolemy.moml.MoMLSimpleApplication@53bd80b0
----------------- Done invoking toplevel() on ptolemy.moml.MoMLSimpleApplication@53bd80b0
reloadAllAccessors: .CommDistDiscard

===========================================================================================
----------------- testing Fri Aug 30 05:37:56 UTC 2019 /home/travis/build/icyphy/ptII/ptolemy/actor/lib/test/auto/Commutator.xml
----------------- Instantiating /home/travis/build/icyphy/ptII/ptolemy/actor/lib/test/auto/Commutator.xml
2 ms. Memory: 256000K Free: 75468K (29%)
----------------- Invoking toplevel() on ptolemy.moml.MoMLSimpleApplication@169f04c4
----------------- Done invoking toplevel() on ptolemy.moml.MoMLSimpleApplication@169f04c4
reloadAllAccessors: .Commutator

===========================================================================================
----------------- testing Fri Aug 30 05:37:56 UTC 2019 /home/travis/build/icyphy/ptII/ptolemy/actor/lib/test/auto/Commutator2.xml
----------------- Instantiating /home/travis/build/icyphy/ptII/ptolemy/actor/lib/test/auto/Commutator2.xml
4 ms. Memory: 256000K Free: 70862K (28%)
----------------- Invoking toplevel() on ptolemy.moml.MoMLSimpleApplication@7c49de9e
----------------- Done invoking toplevel() on ptolemy.moml.MoMLSimpleApplication@7c49de9e
reloadAllAccessors: .Commutator2

===========================================================================================
----------------- testing Fri Aug 30 05:37:56 UTC 2019 /home/travis/build/icyphy/ptII/ptolemy/actor/lib/test/auto/Commutator3.xml
----------------- Instantiating /home/travis/build/icyphy/ptII/ptolemy/actor/lib/test/auto/Commutator3.xml
3 ms. Memory: 256000K Free: 66252K (26%)
----------------- Invoking toplevel() on ptolemy.moml.MoMLSimpleApplication@43b50793
----------------- Done invoking toplevel() on ptolemy.moml.MoMLSimpleApplication@43b50793
reloadAllAccessors: .Commutator3

===========================================================================================
----------------- testing Fri Aug 30 05:37:56 UTC 2019 /home/travis/build/icyphy/ptII/ptolemy/actor/lib/test/auto/Compare.xml
----------------- Instantiating /home/travis/build/icyphy/ptII/ptolemy/actor/lib/test/auto/Compare.xml
3 ms. Memory: 256000K Free: 60108K (23%)
----------------- Invoking toplevel() on ptolemy.moml.MoMLSimpleApplication@7eb768d6
----------------- Done invoking toplevel() on ptolemy.moml.MoMLSimpleApplication@7eb768d6
reloadAllAccessors: .Compare

===========================================================================================
----------------- testing Fri Aug 30 05:37:56 UTC 2019 /home/travis/build/icyphy/ptII/ptolemy/actor/lib/test/auto/CompareDE.xml
----------------- Instantiating /home/travis/build/icyphy/ptII/ptolemy/actor/lib/test/auto/CompareDE.xml
6 ms. Memory: 256000K Free: 204800K (80%)
----------------- Invoking toplevel() on ptolemy.moml.MoMLSimpleApplication@1c059b19
----------------- Done invoking toplevel() on ptolemy.moml.MoMLSimpleApplication@1c059b19
reloadAllAccessors: .CompareDE

===========================================================================================
----------------- testing Fri Aug 30 05:37:56 UTC 2019 /home/travis/build/icyphy/ptII/ptolemy/actor/lib/test/auto/ComplexDivide.xml
----------------- Instantiating /home/travis/build/icyphy/ptII/ptolemy/actor/lib/test/auto/ComplexDivide.xml
2 ms. Memory: 256000K Free: 200704K (78%)
----------------- Invoking toplevel() on ptolemy.moml.MoMLSimpleApplication@444331e9
----------------- Done invoking toplevel() on ptolemy.moml.MoMLSimpleApplication@444331e9
reloadAllAccessors: .ComplexDivide

===========================================================================================
----------------- testing Fri Aug 30 05:37:56 UTC 2019 /home/travis/build/icyphy/ptII/ptolemy/actor/lib/test/auto/ComputeHistogram.xml
----------------- Instantiating /home/travis/build/icyphy/ptII/ptolemy/actor/lib/test/auto/ComputeHistogram.xml
39 ms. Memory: 256000K Free: 187902K (73%)
----------------- Invoking toplevel() on ptolemy.moml.MoMLSimpleApplication@7a3d2e3b
----------------- Done invoking toplevel() on ptolemy.moml.MoMLSimpleApplication@7a3d2e3b
reloadAllAccessors: .ComputeHistogram

===========================================================================================
----------------- testing Fri Aug 30 05:37:56 UTC 2019 /home/travis/build/icyphy/ptII/ptolemy/actor/lib/test/auto/ConfigurationSelect.xml
----------------- Instantiating /home/travis/build/icyphy/ptII/ptolemy/actor/lib/test/auto/ConfigurationSelect.xml
3 ms. Memory: 256000K Free: 182767K (71%)
----------------- Invoking toplevel() on ptolemy.moml.MoMLSimpleApplication@7dd0c0f3
----------------- Done invoking toplevel() on ptolemy.moml.MoMLSimpleApplication@7dd0c0f3
reloadAllAccessors: .ConfigurationSelect

===========================================================================================
----------------- testing Fri Aug 30 05:37:56 UTC 2019 /home/travis/build/icyphy/ptII/ptolemy/actor/lib/test/auto/ConfigurationSelect2.xml
----------------- Instantiating /home/travis/build/icyphy/ptII/ptolemy/actor/lib/test/auto/ConfigurationSelect2.xml
2 ms. Memory: 256000K Free: 178176K (70%)
----------------- Invoking toplevel() on ptolemy.moml.MoMLSimpleApplication@1396b8b
----------------- Done invoking toplevel() on ptolemy.moml.MoMLSimpleApplication@1396b8b
reloadAllAccessors: .ConfigurationSelect2

===========================================================================================
----------------- testing Fri Aug 30 05:37:56 UTC 2019 /home/travis/build/icyphy/ptII/ptolemy/actor/lib/test/auto/ConfigurationSwitch.xml
----------------- Instantiating /home/travis/build/icyphy/ptII/ptolemy/actor/lib/test/auto/ConfigurationSwitch.xml
2 ms. Memory: 256000K Free: 172542K (67%)
----------------- Invoking toplevel() on ptolemy.moml.MoMLSimpleApplication@688e03b6
----------------- Done invoking toplevel() on ptolemy.moml.MoMLSimpleApplication@688e03b6
reloadAllAccessors: .ConfigurationSwitch

===========================================================================================
----------------- testing Fri Aug 30 05:37:56 UTC 2019 /home/travis/build/icyphy/ptII/ptolemy/actor/lib/test/auto/ConfigurationSwitch2.xml
----------------- Instantiating /home/travis/build/icyphy/ptII/ptolemy/actor/lib/test/auto/ConfigurationSwitch2.xml
2 ms. Memory: 256000K Free: 167422K (65%)
----------------- Invoking toplevel() on ptolemy.moml.MoMLSimpleApplication@5d46e342
----------------- Done invoking toplevel() on ptolemy.moml.MoMLSimpleApplication@5d46e342
reloadAllAccessors: .ConfigurationSwitch2

===========================================================================================
----------------- testing Fri Aug 30 05:37:56 UTC 2019 /home/travis/build/icyphy/ptII/ptolemy/actor/lib/test/auto/ConfigurationSwitchCloningBugWithClassRelationGroup.xml
----------------- Instantiating /home/travis/build/icyphy/ptII/ptolemy/actor/lib/test/auto/ConfigurationSwitchCloningBugWithClassRelationGroup.xml
1 ms. Memory: 256000K Free: 160768K (63%)
----------------- Invoking toplevel() on ptolemy.moml.MoMLSimpleApplication@2af02d64
----------------- Done invoking toplevel() on ptolemy.moml.MoMLSimpleApplication@2af02d64
reloadAllAccessors: .ConfigurationSwitchCloningBugWithClassRelationGroup

===========================================================================================
----------------- testing Fri Aug 30 05:37:56 UTC 2019 /home/travis/build/icyphy/ptII/ptolemy/actor/lib/test/auto/ConfigurationSwitchSelectSDF.xml
----------------- Instantiating /home/travis/build/icyphy/ptII/ptolemy/actor/lib/test/auto/ConfigurationSwitchSelectSDF.xml
3 ms. Memory: 256000K Free: 155648K (61%)
----------------- Invoking toplevel() on ptolemy.moml.MoMLSimpleApplication@ee5568e
----------------- Done invoking toplevel() on ptolemy.moml.MoMLSimpleApplication@ee5568e
reloadAllAccessors: .ConfigurationSwitchSelectSDF

===========================================================================================
----------------- testing Fri Aug 30 05:37:56 UTC 2019 /home/travis/build/icyphy/ptII/ptolemy/actor/lib/test/auto/ConfigurationSwitchSelectSDF2.xml
----------------- Instantiating /home/travis/build/icyphy/ptII/ptolemy/actor/lib/test/auto/ConfigurationSwitchSelectSDF2.xml
3 ms. Memory: 256000K Free: 149504K (58%)
----------------- Invoking toplevel() on ptolemy.moml.MoMLSimpleApplication@3dc1801d
----------------- Done invoking toplevel() on ptolemy.moml.MoMLSimpleApplication@3dc1801d
reloadAllAccessors: .ConfigurationSwitchSelectSDF2

===========================================================================================
----------------- testing Fri Aug 30 05:37:56 UTC 2019 /home/travis/build/icyphy/ptII/ptolemy/actor/lib/test/auto/Const.xml
----------------- Instantiating /home/travis/build/icyphy/ptII/ptolemy/actor/lib/test/auto/Const.xml
1 ms. Memory: 256000K Free: 145918K (57%)
----------------- Invoking toplevel() on ptolemy.moml.MoMLSimpleApplication@28447c1e
----------------- Done invoking toplevel() on ptolemy.moml.MoMLSimpleApplication@28447c1e
reloadAllAccessors: .Const

===========================================================================================
----------------- testing Fri Aug 30 05:37:56 UTC 2019 /home/travis/build/icyphy/ptII/ptolemy/actor/lib/test/auto/Const2.xml
----------------- Instantiating /home/travis/build/icyphy/ptII/ptolemy/actor/lib/test/auto/Const2.xml
1 ms. Memory: 256000K Free: 142336K (56%)
----------------- Invoking toplevel() on ptolemy.moml.MoMLSimpleApplication@377437c7
----------------- Done invoking toplevel() on ptolemy.moml.MoMLSimpleApplication@377437c7
reloadAllAccessors: .Const2

===========================================================================================
----------------- testing Fri Aug 30 05:37:56 UTC 2019 /home/travis/build/icyphy/ptII/ptolemy/actor/lib/test/auto/Const3.xml
----------------- Instantiating /home/travis/build/icyphy/ptII/ptolemy/actor/lib/test/auto/Const3.xml
1 ms. Memory: 256000K Free: 139264K (54%)
----------------- Invoking toplevel() on ptolemy.moml.MoMLSimpleApplication@4f10d8d7
----------------- Done invoking toplevel() on ptolemy.moml.MoMLSimpleApplication@4f10d8d7
reloadAllAccessors: .Const3

===========================================================================================
----------------- testing Fri Aug 30 05:37:56 UTC 2019 /home/travis/build/icyphy/ptII/ptolemy/actor/lib/test/auto/ConstantPublisherPort1.xml
----------------- Instantiating /home/travis/build/icyphy/ptII/ptolemy/actor/lib/test/auto/ConstantPublisherPort1.xml
7 ms. Memory: 256000K Free: 130558K (51%)
----------------- Invoking toplevel() on ptolemy.moml.MoMLSimpleApplication@2a4f624a
----------------- Done invoking toplevel() on ptolemy.moml.MoMLSimpleApplication@2a4f624a
reloadAllAccessors: .ConstantPublisherPort1

===========================================================================================
----------------- testing Fri Aug 30 05:37:56 UTC 2019 /home/travis/build/icyphy/ptII/ptolemy/actor/lib/test/auto/ConstantPublisherPort2.xml
----------------- Instantiating /home/travis/build/icyphy/ptII/ptolemy/actor/lib/test/auto/ConstantPublisherPort2.xml
16 ms. Memory: 256000K Free: 122880K (48%)
----------------- Invoking toplevel() on ptolemy.moml.MoMLSimpleApplication@743f7b1f
----------------- Done invoking toplevel() on ptolemy.moml.MoMLSimpleApplication@743f7b1f
reloadAllAccessors: .ConstantPublisherPort2

===========================================================================================
----------------- testing Fri Aug 30 05:37:56 UTC 2019 /home/travis/build/icyphy/ptII/ptolemy/actor/lib/test/auto/ConstantPublisherPort3.xml
----------------- Instantiating /home/travis/build/icyphy/ptII/ptolemy/actor/lib/test/auto/ConstantPublisherPort3.xml
6 ms. Memory: 256000K Free: 115198K (45%)
----------------- Invoking toplevel() on ptolemy.moml.MoMLSimpleApplication@5e234151
----------------- Done invoking toplevel() on ptolemy.moml.MoMLSimpleApplication@5e234151
reloadAllAccessors: .ConstantPublisherPort3

===========================================================================================
----------------- testing Fri Aug 30 05:37:56 UTC 2019 /home/travis/build/icyphy/ptII/ptolemy/actor/lib/test/auto/ConstantPublisherPort4.xml
----------------- Instantiating /home/travis/build/icyphy/ptII/ptolemy/actor/lib/test/auto/ConstantPublisherPort4.xml
3 ms. Memory: 256000K Free: 108015K (42%)
----------------- Invoking toplevel() on ptolemy.moml.MoMLSimpleApplication@5098139d
----------------- Done invoking toplevel() on ptolemy.moml.MoMLSimpleApplication@5098139d
reloadAllAccessors: .ConstantPublisherPort4

===========================================================================================
----------------- testing Fri Aug 30 05:37:56 UTC 2019 /home/travis/build/icyphy/ptII/ptolemy/actor/lib/test/auto/ConstantPublisherPort5.xml
----------------- Instantiating /home/travis/build/icyphy/ptII/ptolemy/actor/lib/test/auto/ConstantPublisherPort5.xml
32 ms. Memory: 256000K Free: 98814K (39%)
----------------- Invoking toplevel() on ptolemy.moml.MoMLSimpleApplication@3d594d4c
----------------- Done invoking toplevel() on ptolemy.moml.MoMLSimpleApplication@3d594d4c
reloadAllAccessors: .ConstantPublisherPort5

===========================================================================================
----------------- testing Fri Aug 30 05:37:56 UTC 2019 /home/travis/build/icyphy/ptII/ptolemy/actor/lib/test/auto/ConstantPublisherPort6.xml
----------------- Instantiating /home/travis/build/icyphy/ptII/ptolemy/actor/lib/test/auto/ConstantPublisherPort6.xml
21 ms. Memory: 256000K Free: 89598K (35%)
----------------- Invoking toplevel() on ptolemy.moml.MoMLSimpleApplication@21432d12
----------------- Done invoking toplevel() on ptolemy.moml.MoMLSimpleApplication@21432d12
reloadAllAccessors: .ConstantPublisherPort6

===========================================================================================
----------------- testing Fri Aug 30 05:37:56 UTC 2019 /home/travis/build/icyphy/ptII/ptolemy/actor/lib/test/auto/ConstantPublisherPort7.xml
----------------- Instantiating /home/travis/build/icyphy/ptII/ptolemy/actor/lib/test/auto/ConstantPublisherPort7.xml
22 ms. Memory: 256000K Free: 80382K (31%)
----------------- Invoking toplevel() on ptolemy.moml.MoMLSimpleApplication@25f5172f
----------------- Done invoking toplevel() on ptolemy.moml.MoMLSimpleApplication@25f5172f
reloadAllAccessors: .ConstantPublisherPort7

===========================================================================================
----------------- testing Fri Aug 30 05:37:56 UTC 2019 /home/travis/build/icyphy/ptII/ptolemy/actor/lib/test/auto/ConstraintMonitor1.xml
----------------- Instantiating /home/travis/build/icyphy/ptII/ptolemy/actor/lib/test/auto/ConstraintMonitor1.xml
4 ms. Memory: 256000K Free: 75774K (30%)
----------------- Invoking toplevel() on ptolemy.moml.MoMLSimpleApplication@4d51b276
----------------- Done invoking toplevel() on ptolemy.moml.MoMLSimpleApplication@4d51b276
reloadAllAccessors: .ConstraintMonitor1

===========================================================================================
----------------- testing Fri Aug 30 05:37:56 UTC 2019 /home/travis/build/icyphy/ptII/ptolemy/actor/lib/test/auto/ConstraintMonitor2.xml
----------------- Instantiating /home/travis/build/icyphy/ptII/ptolemy/actor/lib/test/auto/ConstraintMonitor2.xml
5 ms. Memory: 256000K Free: 71166K (28%)
----------------- Invoking toplevel() on ptolemy.moml.MoMLSimpleApplication@39b97ed6
----------------- Done invoking toplevel() on ptolemy.moml.MoMLSimpleApplication@39b97ed6
reloadAllAccessors: .ConstraintMonitor2

===========================================================================================
----------------- testing Fri Aug 30 05:37:56 UTC 2019 /home/travis/build/icyphy/ptII/ptolemy/actor/lib/test/auto/ConstraintMonitor3.xml
----------------- Instantiating /home/travis/build/icyphy/ptII/ptolemy/actor/lib/test/auto/ConstraintMonitor3.xml
5 ms. Memory: 256000K Free: 66560K (26%)
----------------- Invoking toplevel() on ptolemy.moml.MoMLSimpleApplication@21c01735
----------------- Done invoking toplevel() on ptolemy.moml.MoMLSimpleApplication@21c01735
reloadAllAccessors: .ConstraintMonitor3

===========================================================================================
----------------- testing Fri Aug 30 05:37:56 UTC 2019 /home/travis/build/icyphy/ptII/ptolemy/actor/lib/test/auto/ConstraintMonitor4.xml
----------------- Instantiating /home/travis/build/icyphy/ptII/ptolemy/actor/lib/test/auto/ConstraintMonitor4.xml
5 ms. Memory: 256000K Free: 61950K (24%)
----------------- Invoking toplevel() on ptolemy.moml.MoMLSimpleApplication@49703071
----------------- Done invoking toplevel() on ptolemy.moml.MoMLSimpleApplication@49703071
reloadAllAccessors: .ConstraintMonitor4

===========================================================================================
----------------- testing Fri Aug 30 05:37:56 UTC 2019 /home/travis/build/icyphy/ptII/ptolemy/actor/lib/test/auto/ConstraintMonitor5.xml
----------------- Instantiating /home/travis/build/icyphy/ptII/ptolemy/actor/lib/test/auto/ConstraintMonitor5.xml
10 ms. Memory: 256000K Free: 208393K (81%)
----------------- Invoking toplevel() on ptolemy.moml.MoMLSimpleApplication@49da2407
----------------- Done invoking toplevel() on ptolemy.moml.MoMLSimpleApplication@49da2407
reloadAllAccessors: .ConstraintMonitor5

===========================================================================================
----------------- testing Fri Aug 30 05:37:57 UTC 2019 /home/travis/build/icyphy/ptII/ptolemy/actor/lib/test/auto/ConstraintMonitor6.xml
----------------- Instantiating /home/travis/build/icyphy/ptII/ptolemy/actor/lib/test/auto/ConstraintMonitor6.xml
13 ms. Memory: 256000K Free: 201739K (79%)
----------------- Invoking toplevel() on ptolemy.moml.MoMLSimpleApplication@3d40cbc3
----------------- Done invoking toplevel() on ptolemy.moml.MoMLSimpleApplication@3d40cbc3
reloadAllAccessors: .ConstraintMonitor6

===========================================================================================
----------------- testing Fri Aug 30 05:37:57 UTC 2019 /home/travis/build/icyphy/ptII/ptolemy/actor/lib/test/auto/ConstraintMonitor7.xml
----------------- Instantiating /home/travis/build/icyphy/ptII/ptolemy/actor/lib/test/auto/ConstraintMonitor7.xml
3 ms. Memory: 256000K Free: 196075K (77%)
----------------- Invoking toplevel() on ptolemy.moml.MoMLSimpleApplication@2a7fe453
----------------- Done invoking toplevel() on ptolemy.moml.MoMLSimpleApplication@2a7fe453
reloadAllAccessors: .ConstraintMonitor7

===========================================================================================
----------------- testing Fri Aug 30 05:37:57 UTC 2019 /home/travis/build/icyphy/ptII/ptolemy/actor/lib/test/auto/ConstraintMonitor8.xml
----------------- Instantiating /home/travis/build/icyphy/ptII/ptolemy/actor/lib/test/auto/ConstraintMonitor8.xml
16 ms. Memory: 256000K Free: 188427K (74%)
----------------- Invoking toplevel() on ptolemy.moml.MoMLSimpleApplication@5b278715
----------------- Done invoking toplevel() on ptolemy.moml.MoMLSimpleApplication@5b278715
reloadAllAccessors: .ConstraintMonitor8

===========================================================================================
----------------- testing Fri Aug 30 05:37:57 UTC 2019 /home/travis/build/icyphy/ptII/ptolemy/actor/lib/test/auto/Counter.xml
----------------- Instantiating /home/travis/build/icyphy/ptII/ptolemy/actor/lib/test/auto/Counter.xml
2 ms. Memory: 256000K Free: 183307K (72%)
----------------- Invoking toplevel() on ptolemy.moml.MoMLSimpleApplication@41a5d2ec
----------------- Done invoking toplevel() on ptolemy.moml.MoMLSimpleApplication@41a5d2ec
reloadAllAccessors: .Counter

===========================================================================================
----------------- testing Fri Aug 30 05:37:57 UTC 2019 /home/travis/build/icyphy/ptII/ptolemy/actor/lib/test/auto/CurrentTimeSDF.xml
----------------- Instantiating /home/travis/build/icyphy/ptII/ptolemy/actor/lib/test/auto/CurrentTimeSDF.xml
2 ms. Memory: 256000K Free: 179211K (70%)
----------------- Invoking toplevel() on ptolemy.moml.MoMLSimpleApplication@62757577
----------------- Done invoking toplevel() on ptolemy.moml.MoMLSimpleApplication@62757577
reloadAllAccessors: .CurrentTimeSDF

===========================================================================================
----------------- testing Fri Aug 30 05:37:57 UTC 2019 /home/travis/build/icyphy/ptII/ptolemy/actor/lib/test/auto/DB.xml
----------------- Instantiating /home/travis/build/icyphy/ptII/ptolemy/actor/lib/test/auto/DB.xml
2 ms. Memory: 256000K Free: 174601K (68%)
----------------- Invoking toplevel() on ptolemy.moml.MoMLSimpleApplication@50ba8bb0
----------------- Done invoking toplevel() on ptolemy.moml.MoMLSimpleApplication@50ba8bb0
reloadAllAccessors: .DB

===========================================================================================
----------------- testing Fri Aug 30 05:37:57 UTC 2019 /home/travis/build/icyphy/ptII/ptolemy/actor/lib/test/auto/DBDE.xml
----------------- Instantiating /home/travis/build/icyphy/ptII/ptolemy/actor/lib/test/auto/DBDE.xml
2 ms. Memory: 256000K Free: 168427K (66%)
----------------- Invoking toplevel() on ptolemy.moml.MoMLSimpleApplication@3a330f6
----------------- Done invoking toplevel() on ptolemy.moml.MoMLSimpleApplication@3a330f6
reloadAllAccessors: .DBDE

===========================================================================================
----------------- testing Fri Aug 30 05:37:57 UTC 2019 /home/travis/build/icyphy/ptII/ptolemy/actor/lib/test/auto/DateConstructor.xml
----------------- Instantiating /home/travis/build/icyphy/ptII/ptolemy/actor/lib/test/auto/DateConstructor.xml
33 ms. Memory: 256000K Free: 150539K (59%)
----------------- Invoking toplevel() on ptolemy.moml.MoMLSimpleApplication@3c80e14
----------------- Done invoking toplevel() on ptolemy.moml.MoMLSimpleApplication@3c80e14
reloadAllAccessors: .DateConstructor

===========================================================================================
----------------- testing Fri Aug 30 05:37:57 UTC 2019 /home/travis/build/icyphy/ptII/ptolemy/actor/lib/test/auto/DelayTime.xml
----------------- Instantiating /home/travis/build/icyphy/ptII/ptolemy/actor/lib/test/auto/DelayTime.xml
6 ms. Memory: 256000K Free: 145929K (57%)
----------------- Invoking toplevel() on ptolemy.moml.MoMLSimpleApplication@2fbad5be
----------------- Done invoking toplevel() on ptolemy.moml.MoMLSimpleApplication@2fbad5be
reloadAllAccessors: .DelayTime

===========================================================================================
----------------- testing Fri Aug 30 05:37:57 UTC 2019 /home/travis/build/icyphy/ptII/ptolemy/actor/lib/test/auto/Dictionary1.xml
----------------- Instantiating /home/travis/build/icyphy/ptII/ptolemy/actor/lib/test/auto/Dictionary1.xml
2 ms. Memory: 256000K Free: 140299K (55%)
----------------- Invoking toplevel() on ptolemy.moml.MoMLSimpleApplication@b6731c5
----------------- Done invoking toplevel() on ptolemy.moml.MoMLSimpleApplication@b6731c5
reloadAllAccessors: .Dictionary1

===========================================================================================
----------------- testing Fri Aug 30 05:37:57 UTC 2019 /home/travis/build/icyphy/ptII/ptolemy/actor/lib/test/auto/Dictionary2.xml
----------------- Instantiating /home/travis/build/icyphy/ptII/ptolemy/actor/lib/test/auto/Dictionary2.xml
5 ms. Memory: 256000K Free: 134665K (53%)
----------------- Invoking toplevel() on ptolemy.moml.MoMLSimpleApplication@e747555
----------------- Done invoking toplevel() on ptolemy.moml.MoMLSimpleApplication@e747555
reloadAllAccessors: .Dictionary2

===========================================================================================
----------------- testing Fri Aug 30 05:37:57 UTC 2019 /home/travis/build/icyphy/ptII/ptolemy/actor/lib/test/auto/Dictionary3.xml
----------------- Instantiating /home/travis/build/icyphy/ptII/ptolemy/actor/lib/test/auto/Dictionary3.xml
2 ms. Memory: 256000K Free: 129545K (51%)
----------------- Invoking toplevel() on ptolemy.moml.MoMLSimpleApplication@4fd99091
----------------- Done invoking toplevel() on ptolemy.moml.MoMLSimpleApplication@4fd99091
reloadAllAccessors: .Dictionary3

===========================================================================================
----------------- testing Fri Aug 30 05:37:57 UTC 2019 /home/travis/build/icyphy/ptII/ptolemy/actor/lib/test/auto/Dictionary4.xml
----------------- Instantiating /home/travis/build/icyphy/ptII/ptolemy/actor/lib/test/auto/Dictionary4.xml
6 ms. Memory: 256000K Free: 122377K (48%)
----------------- Invoking toplevel() on ptolemy.moml.MoMLSimpleApplication@3e00b889
----------------- Done invoking toplevel() on ptolemy.moml.MoMLSimpleApplication@3e00b889
reloadAllAccessors: .Dictionary4

===========================================================================================
----------------- testing Fri Aug 30 05:37:57 UTC 2019 /home/travis/build/icyphy/ptII/ptolemy/actor/lib/test/auto/Differential.xml
----------------- Instantiating /home/travis/build/icyphy/ptII/ptolemy/actor/lib/test/auto/Differential.xml
4 ms. Memory: 256000K Free: 117771K (46%)
----------------- Invoking toplevel() on ptolemy.moml.MoMLSimpleApplication@3c76cf38
----------------- Done invoking toplevel() on ptolemy.moml.MoMLSimpleApplication@3c76cf38
reloadAllAccessors: .Differential

===========================================================================================
----------------- testing Fri Aug 30 05:37:57 UTC 2019 /home/travis/build/icyphy/ptII/ptolemy/actor/lib/test/auto/Director.xml
----------------- Instantiating /home/travis/build/icyphy/ptII/ptolemy/actor/lib/test/auto/Director.xml
2 ms. Memory: 256000K Free: 114185K (45%)
----------------- Invoking toplevel() on ptolemy.moml.MoMLSimpleApplication@72d560fb
----------------- Done invoking toplevel() on ptolemy.moml.MoMLSimpleApplication@72d560fb
reloadAllAccessors: .Director

===========================================================================================
----------------- testing Fri Aug 30 05:37:57 UTC 2019 /home/travis/build/icyphy/ptII/ptolemy/actor/lib/test/auto/DiscreteClock.xml
----------------- Instantiating /home/travis/build/icyphy/ptII/ptolemy/actor/lib/test/auto/DiscreteClock.xml
2 ms. Memory: 256000K Free: 110603K (43%)
----------------- Invoking toplevel() on ptolemy.moml.MoMLSimpleApplication@5e3ba50b
----------------- Done invoking toplevel() on ptolemy.moml.MoMLSimpleApplication@5e3ba50b
reloadAllAccessors: .DiscreteClock

===========================================================================================
----------------- testing Fri Aug 30 05:37:57 UTC 2019 /home/travis/build/icyphy/ptII/ptolemy/actor/lib/test/auto/DiscreteClock10.xml
----------------- Instantiating /home/travis/build/icyphy/ptII/ptolemy/actor/lib/test/auto/DiscreteClock10.xml
3 ms. Memory: 256000K Free: 104459K (41%)
----------------- Invoking toplevel() on ptolemy.moml.MoMLSimpleApplication@755a4a89
----------------- Done invoking toplevel() on ptolemy.moml.MoMLSimpleApplication@755a4a89
reloadAllAccessors: .DiscreteClock10

===========================================================================================
----------------- testing Fri Aug 30 05:37:57 UTC 2019 /home/travis/build/icyphy/ptII/ptolemy/actor/lib/test/auto/DiscreteClock11.xml
----------------- Instantiating /home/travis/build/icyphy/ptII/ptolemy/actor/lib/test/auto/DiscreteClock11.xml
3 ms. Memory: 256000K Free: 98315K (38%)
----------------- Invoking toplevel() on ptolemy.moml.MoMLSimpleApplication@77ad0f9e
----------------- Done invoking toplevel() on ptolemy.moml.MoMLSimpleApplication@77ad0f9e
reloadAllAccessors: .DiscreteClock11

===========================================================================================
----------------- testing Fri Aug 30 05:37:57 UTC 2019 /home/travis/build/icyphy/ptII/ptolemy/actor/lib/test/auto/DiscreteClock12.xml
----------------- Instantiating /home/travis/build/icyphy/ptII/ptolemy/actor/lib/test/auto/DiscreteClock12.xml
6 ms. Memory: 256000K Free: 92681K (36%)
----------------- Invoking toplevel() on ptolemy.moml.MoMLSimpleApplication@54286ce9
----------------- Done invoking toplevel() on ptolemy.moml.MoMLSimpleApplication@54286ce9
reloadAllAccessors: .DiscreteClock12

===========================================================================================
----------------- testing Fri Aug 30 05:37:57 UTC 2019 /home/travis/build/icyphy/ptII/ptolemy/actor/lib/test/auto/DiscreteClock13.xml
----------------- Instantiating /home/travis/build/icyphy/ptII/ptolemy/actor/lib/test/auto/DiscreteClock13.xml
6 ms. Memory: 256000K Free: 86531K (34%)
----------------- Invoking toplevel() on ptolemy.moml.MoMLSimpleApplication@2d271be6
----------------- Done invoking toplevel() on ptolemy.moml.MoMLSimpleApplication@2d271be6
reloadAllAccessors: .DiscreteClock13

===========================================================================================
----------------- testing Fri Aug 30 05:37:57 UTC 2019 /home/travis/build/icyphy/ptII/ptolemy/actor/lib/test/auto/DiscreteClock14.xml
----------------- Instantiating /home/travis/build/icyphy/ptII/ptolemy/actor/lib/test/auto/DiscreteClock14.xml
6 ms. Memory: 256000K Free: 80363K (31%)
----------------- Invoking toplevel() on ptolemy.moml.MoMLSimpleApplication@3ad8e4a3
----------------- Done invoking toplevel() on ptolemy.moml.MoMLSimpleApplication@3ad8e4a3
reloadAllAccessors: .DiscreteClock14

===========================================================================================
----------------- testing Fri Aug 30 05:37:57 UTC 2019 /home/travis/build/icyphy/ptII/ptolemy/actor/lib/test/auto/DiscreteClock15.xml
----------------- Instantiating /home/travis/build/icyphy/ptII/ptolemy/actor/lib/test/auto/DiscreteClock15.xml
6 ms. Memory: 256000K Free: 74243K (29%)
----------------- Invoking toplevel() on ptolemy.moml.MoMLSimpleApplication@13077d80
----------------- Done invoking toplevel() on ptolemy.moml.MoMLSimpleApplication@13077d80
reloadAllAccessors: .DiscreteClock15

===========================================================================================
----------------- testing Fri Aug 30 05:37:57 UTC 2019 /home/travis/build/icyphy/ptII/ptolemy/actor/lib/test/auto/DiscreteClock16.xml
----------------- Instantiating /home/travis/build/icyphy/ptII/ptolemy/actor/lib/test/auto/DiscreteClock16.xml
20 ms. Memory: 256000K Free: 60923K (24%)
----------------- Invoking toplevel() on ptolemy.moml.MoMLSimpleApplication@2dc57374
----------------- Done invoking toplevel() on ptolemy.moml.MoMLSimpleApplication@2dc57374
reloadAllAccessors: .DiscreteClock16

===========================================================================================
----------------- testing Fri Aug 30 05:37:57 UTC 2019 /home/travis/build/icyphy/ptII/ptolemy/actor/lib/test/auto/DiscreteClock17.xml
----------------- Instantiating /home/travis/build/icyphy/ptII/ptolemy/actor/lib/test/auto/DiscreteClock17.xml
19 ms. Memory: 256000K Free: 197645K (77%)
----------------- Invoking toplevel() on ptolemy.moml.MoMLSimpleApplication@ab5b1d8
----------------- Done invoking toplevel() on ptolemy.moml.MoMLSimpleApplication@ab5b1d8
reloadAllAccessors: .DiscreteClock17

===========================================================================================
----------------- testing Fri Aug 30 05:37:57 UTC 2019 /home/travis/build/icyphy/ptII/ptolemy/actor/lib/test/auto/DiscreteClock18.xml
----------------- Instantiating /home/travis/build/icyphy/ptII/ptolemy/actor/lib/test/auto/DiscreteClock18.xml
28 ms. Memory: 256000K Free: 183829K (72%)
----------------- Invoking toplevel() on ptolemy.moml.MoMLSimpleApplication@7c51dce8
----------------- Done invoking toplevel() on ptolemy.moml.MoMLSimpleApplication@7c51dce8
reloadAllAccessors: .DiscreteClock18

===========================================================================================
----------------- testing Fri Aug 30 05:37:57 UTC 2019 /home/travis/build/icyphy/ptII/ptolemy/actor/lib/test/auto/DiscreteClock19.xml
----------------- Instantiating /home/travis/build/icyphy/ptII/ptolemy/actor/lib/test/auto/DiscreteClock19.xml
21 ms. Memory: 256000K Free: 169989K (66%)
----------------- Invoking toplevel() on ptolemy.moml.MoMLSimpleApplication@763b9e80
----------------- Done invoking toplevel() on ptolemy.moml.MoMLSimpleApplication@763b9e80
reloadAllAccessors: .DiscreteClock19

===========================================================================================
----------------- testing Fri Aug 30 05:37:57 UTC 2019 /home/travis/build/icyphy/ptII/ptolemy/actor/lib/test/auto/DiscreteClock2.xml
----------------- Instantiating /home/travis/build/icyphy/ptII/ptolemy/actor/lib/test/auto/DiscreteClock2.xml
4 ms. Memory: 256000K Free: 164877K (64%)
----------------- Invoking toplevel() on ptolemy.moml.MoMLSimpleApplication@28fa6c39
----------------- Done invoking toplevel() on ptolemy.moml.MoMLSimpleApplication@28fa6c39
reloadAllAccessors: .DiscreteClock2

===========================================================================================
----------------- testing Fri Aug 30 05:37:57 UTC 2019 /home/travis/build/icyphy/ptII/ptolemy/actor/lib/test/auto/DiscreteClock20.xml
----------------- Instantiating /home/travis/build/icyphy/ptII/ptolemy/actor/lib/test/auto/DiscreteClock20.xml
9 ms. Memory: 256000K Free: 159253K (62%)
----------------- Invoking toplevel() on ptolemy.moml.MoMLSimpleApplication@1c299df5
----------------- Done invoking toplevel() on ptolemy.moml.MoMLSimpleApplication@1c299df5
reloadAllAccessors: .DiscreteClock20

===========================================================================================
----------------- testing Fri Aug 30 05:37:57 UTC 2019 /home/travis/build/icyphy/ptII/ptolemy/actor/lib/test/auto/DiscreteClock21.xml
----------------- Instantiating /home/travis/build/icyphy/ptII/ptolemy/actor/lib/test/auto/DiscreteClock21.xml
6 ms. Memory: 256000K Free: 154133K (60%)
----------------- Invoking toplevel() on ptolemy.moml.MoMLSimpleApplication@66fdcba6
----------------- Done invoking toplevel() on ptolemy.moml.MoMLSimpleApplication@66fdcba6
reloadAllAccessors: .DiscreteClock21

===========================================================================================
----------------- testing Fri Aug 30 05:37:57 UTC 2019 /home/travis/build/icyphy/ptII/ptolemy/actor/lib/test/auto/DiscreteClock22.xml
----------------- Instantiating /home/travis/build/icyphy/ptII/ptolemy/actor/lib/test/auto/DiscreteClock22.xml
5 ms. Memory: 256000K Free: 148499K (58%)
----------------- Invoking toplevel() on ptolemy.moml.MoMLSimpleApplication@7e9c6770
----------------- Done invoking toplevel() on ptolemy.moml.MoMLSimpleApplication@7e9c6770
reloadAllAccessors: .DiscreteClock22

===========================================================================================
----------------- testing Fri Aug 30 05:37:57 UTC 2019 /home/travis/build/icyphy/ptII/ptolemy/actor/lib/test/auto/DiscreteClock23.xml
----------------- Instantiating /home/travis/build/icyphy/ptII/ptolemy/actor/lib/test/auto/DiscreteClock23.xml
12 ms. Memory: 256000K Free: 142869K (56%)
----------------- Invoking toplevel() on ptolemy.moml.MoMLSimpleApplication@21c0bebb
----------------- Done invoking toplevel() on ptolemy.moml.MoMLSimpleApplication@21c0bebb
reloadAllAccessors: .DiscreteClock23

===========================================================================================
----------------- testing Fri Aug 30 05:37:57 UTC 2019 /home/travis/build/icyphy/ptII/ptolemy/actor/lib/test/auto/DiscreteClock24.xml
----------------- Instantiating /home/travis/build/icyphy/ptII/ptolemy/actor/lib/test/auto/DiscreteClock24.xml
5 ms. Memory: 256000K Free: 137235K (54%)
----------------- Invoking toplevel() on ptolemy.moml.MoMLSimpleApplication@33985843
----------------- Done invoking toplevel() on ptolemy.moml.MoMLSimpleApplication@33985843
reloadAllAccessors: .DiscreteClock24

===========================================================================================
----------------- testing Fri Aug 30 05:37:57 UTC 2019 /home/travis/build/icyphy/ptII/ptolemy/actor/lib/test/auto/DiscreteClock4.xml
----------------- Instantiating /home/travis/build/icyphy/ptII/ptolemy/actor/lib/test/auto/DiscreteClock4.xml
5 ms. Memory: 256000K Free: 132109K (52%)
----------------- Invoking toplevel() on ptolemy.moml.MoMLSimpleApplication@66f27b5f
----------------- Done invoking toplevel() on ptolemy.moml.MoMLSimpleApplication@66f27b5f
reloadAllAccessors: .DiscreteClock4

===========================================================================================
----------------- testing Fri Aug 30 05:37:57 UTC 2019 /home/travis/build/icyphy/ptII/ptolemy/actor/lib/test/auto/DiscreteClock5.xml
----------------- Instantiating /home/travis/build/icyphy/ptII/ptolemy/actor/lib/test/auto/DiscreteClock5.xml
2 ms. Memory: 256000K Free: 126485K (49%)
----------------- Invoking toplevel() on ptolemy.moml.MoMLSimpleApplication@2fc6e392
----------------- Done invoking toplevel() on ptolemy.moml.MoMLSimpleApplication@2fc6e392
reloadAllAccessors: .DiscreteClock5

===========================================================================================
----------------- testing Fri Aug 30 05:37:58 UTC 2019 /home/travis/build/icyphy/ptII/ptolemy/actor/lib/test/auto/DiscreteClock6.xml
----------------- Instantiating /home/travis/build/icyphy/ptII/ptolemy/actor/lib/test/auto/DiscreteClock6.xml
2 ms. Memory: 256000K Free: 121875K (48%)
----------------- Invoking toplevel() on ptolemy.moml.MoMLSimpleApplication@30b7951c
----------------- Done invoking toplevel() on ptolemy.moml.MoMLSimpleApplication@30b7951c
reloadAllAccessors: .DiscreteClock6

===========================================================================================
----------------- testing Fri Aug 30 05:37:58 UTC 2019 /home/travis/build/icyphy/ptII/ptolemy/actor/lib/test/auto/DiscreteClock7.xml
----------------- Instantiating /home/travis/build/icyphy/ptII/ptolemy/actor/lib/test/auto/DiscreteClock7.xml
2 ms. Memory: 256000K Free: 116755K (46%)
----------------- Invoking toplevel() on ptolemy.moml.MoMLSimpleApplication@714f00ac
----------------- Done invoking toplevel() on ptolemy.moml.MoMLSimpleApplication@714f00ac
reloadAllAccessors: .DiscreteClock7

===========================================================================================
----------------- testing Fri Aug 30 05:37:58 UTC 2019 /home/travis/build/icyphy/ptII/ptolemy/actor/lib/test/auto/DiscreteClock8.xml
----------------- Instantiating /home/travis/build/icyphy/ptII/ptolemy/actor/lib/test/auto/DiscreteClock8.xml
2 ms. Memory: 256000K Free: 111605K (44%)
----------------- Invoking toplevel() on ptolemy.moml.MoMLSimpleApplication@28293708
----------------- Done invoking toplevel() on ptolemy.moml.MoMLSimpleApplication@28293708
reloadAllAccessors: .DiscreteClock8

===========================================================================================
----------------- testing Fri Aug 30 05:37:58 UTC 2019 /home/travis/build/icyphy/ptII/ptolemy/actor/lib/test/auto/DiscreteClock9.xml
----------------- Instantiating /home/travis/build/icyphy/ptII/ptolemy/actor/lib/test/auto/DiscreteClock9.xml
4 ms. Memory: 256000K Free: 105461K (41%)
----------------- Invoking toplevel() on ptolemy.moml.MoMLSimpleApplication@6977ee32
----------------- Done invoking toplevel() on ptolemy.moml.MoMLSimpleApplication@6977ee32
reloadAllAccessors: .DiscreteClock9

===========================================================================================
----------------- testing Fri Aug 30 05:37:58 UTC 2019 /home/travis/build/icyphy/ptII/ptolemy/actor/lib/test/auto/DisplayArray.xml
----------------- Instantiating /home/travis/build/icyphy/ptII/ptolemy/actor/lib/test/auto/DisplayArray.xml
3 ms. Memory: 256000K Free: 101909K (40%)
----------------- Invoking toplevel() on ptolemy.moml.MoMLSimpleApplication@2b18eabc
----------------- Done invoking toplevel() on ptolemy.moml.MoMLSimpleApplication@2b18eabc
reloadAllAccessors: .DisplayArray

===========================================================================================
----------------- testing Fri Aug 30 05:37:58 UTC 2019 /home/travis/build/icyphy/ptII/ptolemy/actor/lib/test/auto/Distributor.xml
----------------- Instantiating /home/travis/build/icyphy/ptII/ptolemy/actor/lib/test/auto/Distributor.xml
2 ms. Memory: 256000K Free: 96789K (38%)
----------------- Invoking toplevel() on ptolemy.moml.MoMLSimpleApplication@54335f06
----------------- Done invoking toplevel() on ptolemy.moml.MoMLSimpleApplication@54335f06
reloadAllAccessors: .Distributor

===========================================================================================
----------------- testing Fri Aug 30 05:37:58 UTC 2019 /home/travis/build/icyphy/ptII/ptolemy/actor/lib/test/auto/Distributor2.xml
----------------- Instantiating /home/travis/build/icyphy/ptII/ptolemy/actor/lib/test/auto/Distributor2.xml
2 ms. Memory: 256000K Free: 91669K (36%)
----------------- Invoking toplevel() on ptolemy.moml.MoMLSimpleApplication@1c423b22
----------------- Done invoking toplevel() on ptolemy.moml.MoMLSimpleApplication@1c423b22
reloadAllAccessors: .Distributor2

===========================================================================================
----------------- testing Fri Aug 30 05:37:58 UTC 2019 /home/travis/build/icyphy/ptII/ptolemy/actor/lib/test/auto/DownSample.xml
----------------- Instantiating /home/travis/build/icyphy/ptII/ptolemy/actor/lib/test/auto/DownSample.xml
2 ms. Memory: 256000K Free: 87059K (34%)
----------------- Invoking toplevel() on ptolemy.moml.MoMLSimpleApplication@482d47bf
----------------- Done invoking toplevel() on ptolemy.moml.MoMLSimpleApplication@482d47bf
reloadAllAccessors: .DownSample

===========================================================================================
----------------- testing Fri Aug 30 05:37:58 UTC 2019 /home/travis/build/icyphy/ptII/ptolemy/actor/lib/test/auto/ElectronicUnitBase1.xml
----------------- Instantiating /home/travis/build/icyphy/ptII/ptolemy/actor/lib/test/auto/ElectronicUnitBase1.xml
22 ms. Memory: 256000K Free: 71189K (28%)
----------------- Invoking toplevel() on ptolemy.moml.MoMLSimpleApplication@29bfc54d
----------------- Done invoking toplevel() on ptolemy.moml.MoMLSimpleApplication@29bfc54d
reloadAllAccessors: .ElectronicUnitBase1

===========================================================================================
----------------- testing Fri Aug 30 05:37:58 UTC 2019 /home/travis/build/icyphy/ptII/ptolemy/actor/lib/test/auto/ElementsToArray.xml
----------------- Instantiating /home/travis/build/icyphy/ptII/ptolemy/actor/lib/test/auto/ElementsToArray.xml
4 ms. Memory: 256000K Free: 66069K (26%)
----------------- Invoking toplevel() on ptolemy.moml.MoMLSimpleApplication@aacebac
----------------- Done invoking toplevel() on ptolemy.moml.MoMLSimpleApplication@aacebac
reloadAllAccessors: .ElementsToArray

===========================================================================================
----------------- testing Fri Aug 30 05:37:58 UTC 2019 /home/travis/build/icyphy/ptII/ptolemy/actor/lib/test/auto/Equals.xml
----------------- Instantiating /home/travis/build/icyphy/ptII/ptolemy/actor/lib/test/auto/Equals.xml
4 ms. Memory: 256000K Free: 61459K (24%)
----------------- Invoking toplevel() on ptolemy.moml.MoMLSimpleApplication@62f677c2
----------------- Done invoking toplevel() on ptolemy.moml.MoMLSimpleApplication@62f677c2
reloadAllAccessors: .Equals

===========================================================================================
----------------- testing Fri Aug 30 05:37:58 UTC 2019 /home/travis/build/icyphy/ptII/ptolemy/actor/lib/test/auto/Exec.xml
----------------- Instantiating /home/travis/build/icyphy/ptII/ptolemy/actor/lib/test/auto/Exec.xml
17 ms. Memory: 443392K Free: 393825K (89%)
----------------- Invoking toplevel() on ptolemy.moml.MoMLSimpleApplication@5334d615
----------------- Done invoking toplevel() on ptolemy.moml.MoMLSimpleApplication@5334d615
reloadAllAccessors: .Exec

===========================================================================================
----------------- testing Fri Aug 30 05:37:58 UTC 2019 /home/travis/build/icyphy/ptII/ptolemy/actor/lib/test/auto/ExecEnvironment.xml
----------------- Instantiating /home/travis/build/icyphy/ptII/ptolemy/actor/lib/test/auto/ExecEnvironment.xml
23 ms. Memory: 443392K Free: 388707K (88%)
----------------- Invoking toplevel() on ptolemy.moml.MoMLSimpleApplication@220a2653
----------------- Done invoking toplevel() on ptolemy.moml.MoMLSimpleApplication@220a2653
reloadAllAccessors: .ExecEnvironment

===========================================================================================
----------------- testing Fri Aug 30 05:37:58 UTC 2019 /home/travis/build/icyphy/ptII/ptolemy/actor/lib/test/auto/ExecNonZeroReturnOutput.xml
----------------- Instantiating /home/travis/build/icyphy/ptII/ptolemy/actor/lib/test/auto/ExecNonZeroReturnOutput.xml
208 ms. Memory: 443392K Free: 376929K (85%)
----------------- Invoking toplevel() on ptolemy.moml.MoMLSimpleApplication@698a218
----------------- Done invoking toplevel() on ptolemy.moml.MoMLSimpleApplication@698a218
reloadAllAccessors: .ExecNonZeroReturnOutput

===========================================================================================
----------------- testing Fri Aug 30 05:37:58 UTC 2019 /home/travis/build/icyphy/ptII/ptolemy/actor/lib/test/auto/ExecRunDemos.xml
----------------- Instantiating /home/travis/build/icyphy/ptII/ptolemy/actor/lib/test/auto/ExecRunDemos.xml
Finished: 115 ms. Memory: 120832K Free: 104049K (86%)

Finished: 66 ms. Memory: 120832K Free: 110720K (92%)

Finished: 143 ms. Memory: 120832K Free: 111088K (92%)

Finished: 111 ms. Memory: 120832K Free: 111663K (92%)

Finished: 93 ms. Memory: 120832K Free: 103982K (86%)

11475 ms. Memory: 443392K Free: 355937K (80%)
----------------- Invoking toplevel() on ptolemy.moml.MoMLSimpleApplication@3d4ab579
----------------- Done invoking toplevel() on ptolemy.moml.MoMLSimpleApplication@3d4ab579
reloadAllAccessors: .ExecRunDemos

===========================================================================================
----------------- testing Fri Aug 30 05:38:10 UTC 2019 /home/travis/build/icyphy/ptII/ptolemy/actor/lib/test/auto/ExecStop.xml
----------------- Instantiating /home/travis/build/icyphy/ptII/ptolemy/actor/lib/test/auto/ExecStop.xml
5019 ms. Memory: 443392K Free: 262241K (59%)
----------------- Invoking toplevel() on ptolemy.moml.MoMLSimpleApplication@474fe3c8
----------------- Done invoking toplevel() on ptolemy.moml.MoMLSimpleApplication@474fe3c8
reloadAllAccessors: .ExecStop

===========================================================================================
----------------- testing Fri Aug 30 05:38:15 UTC 2019 /home/travis/build/icyphy/ptII/ptolemy/actor/lib/test/auto/ExecutionTimeSDF.xml
----------------- Instantiating /home/travis/build/icyphy/ptII/ptolemy/actor/lib/test/auto/ExecutionTimeSDF.xml
Fired ExecutionTime: -1061767296
Fired ExecutionTime: 839200000
Fired ExecutionTime: 830400000
6007 ms. Memory: 443392K Free: 249939K (56%)
----------------- Invoking toplevel() on ptolemy.moml.MoMLSimpleApplication@6916ac93
----------------- Done invoking toplevel() on ptolemy.moml.MoMLSimpleApplication@6916ac93
reloadAllAccessors: .ExecutionTimeSDF

===========================================================================================
----------------- testing Fri Aug 30 05:38:21 UTC 2019 /home/travis/build/icyphy/ptII/ptolemy/actor/lib/test/auto/Expression1.xml
----------------- Instantiating /home/travis/build/icyphy/ptII/ptolemy/actor/lib/test/auto/Expression1.xml
2 ms. Memory: 443392K Free: 246881K (56%)
----------------- Invoking toplevel() on ptolemy.moml.MoMLSimpleApplication@343ba881
----------------- Done invoking toplevel() on ptolemy.moml.MoMLSimpleApplication@343ba881
reloadAllAccessors: .Expression1

===========================================================================================
----------------- testing Fri Aug 30 05:38:21 UTC 2019 /home/travis/build/icyphy/ptII/ptolemy/actor/lib/test/auto/Expression10.xml
----------------- Instantiating /home/travis/build/icyphy/ptII/ptolemy/actor/lib/test/auto/Expression10.xml
7 ms. Memory: 443392K Free: 241251K (54%)
----------------- Invoking toplevel() on ptolemy.moml.MoMLSimpleApplication@638e0613
----------------- Done invoking toplevel() on ptolemy.moml.MoMLSimpleApplication@638e0613
reloadAllAccessors: .Expression10

===========================================================================================
----------------- testing Fri Aug 30 05:38:21 UTC 2019 /home/travis/build/icyphy/ptII/ptolemy/actor/lib/test/auto/Expression11.xml
----------------- Instantiating /home/travis/build/icyphy/ptII/ptolemy/actor/lib/test/auto/Expression11.xml
4 ms. Memory: 443392K Free: 237153K (53%)
----------------- Invoking toplevel() on ptolemy.moml.MoMLSimpleApplication@375db4a1
----------------- Done invoking toplevel() on ptolemy.moml.MoMLSimpleApplication@375db4a1
reloadAllAccessors: .Expression11

===========================================================================================
----------------- testing Fri Aug 30 05:38:21 UTC 2019 /home/travis/build/icyphy/ptII/ptolemy/actor/lib/test/auto/Expression12.xml
----------------- Instantiating /home/travis/build/icyphy/ptII/ptolemy/actor/lib/test/auto/Expression12.xml
4 ms. Memory: 443392K Free: 231011K (52%)
----------------- Invoking toplevel() on ptolemy.moml.MoMLSimpleApplication@51dafef
----------------- Done invoking toplevel() on ptolemy.moml.MoMLSimpleApplication@51dafef
reloadAllAccessors: .Expression12

===========================================================================================
----------------- testing Fri Aug 30 05:38:21 UTC 2019 /home/travis/build/icyphy/ptII/ptolemy/actor/lib/test/auto/Expression13.xml
----------------- Instantiating /home/travis/build/icyphy/ptII/ptolemy/actor/lib/test/auto/Expression13.xml
4 ms. Memory: 443392K Free: 226401K (51%)
----------------- Invoking toplevel() on ptolemy.moml.MoMLSimpleApplication@7e7292fc
----------------- Done invoking toplevel() on ptolemy.moml.MoMLSimpleApplication@7e7292fc
reloadAllAccessors: .Expression13

===========================================================================================
----------------- testing Fri Aug 30 05:38:21 UTC 2019 /home/travis/build/icyphy/ptII/ptolemy/actor/lib/test/auto/Expression14.xml
----------------- Instantiating /home/travis/build/icyphy/ptII/ptolemy/actor/lib/test/auto/Expression14.xml
9 ms. Memory: 443392K Free: 220257K (50%)
----------------- Invoking toplevel() on ptolemy.moml.MoMLSimpleApplication@23f0d8cf
----------------- Done invoking toplevel() on ptolemy.moml.MoMLSimpleApplication@23f0d8cf
reloadAllAccessors: .Expression14

===========================================================================================
----------------- testing Fri Aug 30 05:38:21 UTC 2019 /home/travis/build/icyphy/ptII/ptolemy/actor/lib/test/auto/Expression15.xml
----------------- Instantiating /home/travis/build/icyphy/ptII/ptolemy/actor/lib/test/auto/Expression15.xml
2 ms. Memory: 443392K Free: 216161K (49%)
----------------- Invoking toplevel() on ptolemy.moml.MoMLSimpleApplication@6b5557c3
----------------- Done invoking toplevel() on ptolemy.moml.MoMLSimpleApplication@6b5557c3
reloadAllAccessors: .Expression15

===========================================================================================
----------------- testing Fri Aug 30 05:38:21 UTC 2019 /home/travis/build/icyphy/ptII/ptolemy/actor/lib/test/auto/Expression16.xml
----------------- Instantiating /home/travis/build/icyphy/ptII/ptolemy/actor/lib/test/auto/Expression16.xml
5 ms. Memory: 443392K Free: 211555K (48%)
----------------- Invoking toplevel() on ptolemy.moml.MoMLSimpleApplication@7596ccb1
----------------- Done invoking toplevel() on ptolemy.moml.MoMLSimpleApplication@7596ccb1
reloadAllAccessors: .Expression16

===========================================================================================
----------------- testing Fri Aug 30 05:38:21 UTC 2019 /home/travis/build/icyphy/ptII/ptolemy/actor/lib/test/auto/Expression17.xml
----------------- Instantiating /home/travis/build/icyphy/ptII/ptolemy/actor/lib/test/auto/Expression17.xml
5 ms. Memory: 443392K Free: 206435K (47%)
----------------- Invoking toplevel() on ptolemy.moml.MoMLSimpleApplication@632c25f6
----------------- Done invoking toplevel() on ptolemy.moml.MoMLSimpleApplication@632c25f6
reloadAllAccessors: .Expression17

===========================================================================================
----------------- testing Fri Aug 30 05:38:21 UTC 2019 /home/travis/build/icyphy/ptII/ptolemy/actor/lib/test/auto/Expression18.xml
----------------- Instantiating /home/travis/build/icyphy/ptII/ptolemy/actor/lib/test/auto/Expression18.xml
3 ms. Memory: 443392K Free: 201825K (46%)
----------------- Invoking toplevel() on ptolemy.moml.MoMLSimpleApplication@74aae03b
----------------- Done invoking toplevel() on ptolemy.moml.MoMLSimpleApplication@74aae03b
reloadAllAccessors: .Expression18

===========================================================================================
----------------- testing Fri Aug 30 05:38:21 UTC 2019 /home/travis/build/icyphy/ptII/ptolemy/actor/lib/test/auto/Expression2.xml
----------------- Instantiating /home/travis/build/icyphy/ptII/ptolemy/actor/lib/test/auto/Expression2.xml
3 ms. Memory: 443392K Free: 196195K (44%)
----------------- Invoking toplevel() on ptolemy.moml.MoMLSimpleApplication@110baa97
----------------- Done invoking toplevel() on ptolemy.moml.MoMLSimpleApplication@110baa97
reloadAllAccessors: .Expression2

===========================================================================================
----------------- testing Fri Aug 30 05:38:21 UTC 2019 /home/travis/build/icyphy/ptII/ptolemy/actor/lib/test/auto/Expression3.xml
----------------- Instantiating /home/travis/build/icyphy/ptII/ptolemy/actor/lib/test/auto/Expression3.xml
8 ms. Memory: 443392K Free: 191075K (43%)
----------------- Invoking toplevel() on ptolemy.moml.MoMLSimpleApplication@5f47647e
----------------- Done invoking toplevel() on ptolemy.moml.MoMLSimpleApplication@5f47647e
reloadAllAccessors: .Expression3

===========================================================================================
----------------- testing Fri Aug 30 05:38:21 UTC 2019 /home/travis/build/icyphy/ptII/ptolemy/actor/lib/test/auto/Expression4.xml
----------------- Instantiating /home/travis/build/icyphy/ptII/ptolemy/actor/lib/test/auto/Expression4.xml
7 ms. Memory: 443392K Free: 183907K (41%)
----------------- Invoking toplevel() on ptolemy.moml.MoMLSimpleApplication@74e78414
----------------- Done invoking toplevel() on ptolemy.moml.MoMLSimpleApplication@74e78414
reloadAllAccessors: .Expression4

===========================================================================================
----------------- testing Fri Aug 30 05:38:21 UTC 2019 /home/travis/build/icyphy/ptII/ptolemy/actor/lib/test/auto/Expression5.xml
----------------- Instantiating /home/travis/build/icyphy/ptII/ptolemy/actor/lib/test/auto/Expression5.xml
4 ms. Memory: 443392K Free: 178787K (40%)
----------------- Invoking toplevel() on ptolemy.moml.MoMLSimpleApplication@6e0877e1
----------------- Done invoking toplevel() on ptolemy.moml.MoMLSimpleApplication@6e0877e1
reloadAllAccessors: .Expression5

===========================================================================================
----------------- testing Fri Aug 30 05:38:21 UTC 2019 /home/travis/build/icyphy/ptII/ptolemy/actor/lib/test/auto/Expression6.xml
----------------- Instantiating /home/travis/build/icyphy/ptII/ptolemy/actor/lib/test/auto/Expression6.xml
3 ms. Memory: 443392K Free: 174691K (39%)
----------------- Invoking toplevel() on ptolemy.moml.MoMLSimpleApplication@7d91d85a
----------------- Done invoking toplevel() on ptolemy.moml.MoMLSimpleApplication@7d91d85a
reloadAllAccessors: .Expression6

===========================================================================================
----------------- testing Fri Aug 30 05:38:21 UTC 2019 /home/travis/build/icyphy/ptII/ptolemy/actor/lib/test/auto/Expression7.xml
----------------- Instantiating /home/travis/build/icyphy/ptII/ptolemy/actor/lib/test/auto/Expression7.xml
3 ms. Memory: 443392K Free: 169571K (38%)
----------------- Invoking toplevel() on ptolemy.moml.MoMLSimpleApplication@20e24a3d
----------------- Done invoking toplevel() on ptolemy.moml.MoMLSimpleApplication@20e24a3d
reloadAllAccessors: .Expression7

===========================================================================================
----------------- testing Fri Aug 30 05:38:21 UTC 2019 /home/travis/build/icyphy/ptII/ptolemy/actor/lib/test/auto/Expression8.xml
----------------- Instantiating /home/travis/build/icyphy/ptII/ptolemy/actor/lib/test/auto/Expression8.xml
9 ms. Memory: 443392K Free: 164451K (37%)
----------------- Invoking toplevel() on ptolemy.moml.MoMLSimpleApplication@68a8f2a5
----------------- Done invoking toplevel() on ptolemy.moml.MoMLSimpleApplication@68a8f2a5
reloadAllAccessors: .Expression8

===========================================================================================
----------------- testing Fri Aug 30 05:38:21 UTC 2019 /home/travis/build/icyphy/ptII/ptolemy/actor/lib/test/auto/Expression9.xml
----------------- Instantiating /home/travis/build/icyphy/ptII/ptolemy/actor/lib/test/auto/Expression9.xml
1 ms. Memory: 443392K Free: 160865K (36%)
----------------- Invoking toplevel() on ptolemy.moml.MoMLSimpleApplication@5f54eff5
----------------- Done invoking toplevel() on ptolemy.moml.MoMLSimpleApplication@5f54eff5
reloadAllAccessors: .Expression9

===========================================================================================
----------------- testing Fri Aug 30 05:38:21 UTC 2019 /home/travis/build/icyphy/ptII/ptolemy/actor/lib/test/auto/ExpressionConcatenateArrayType.xml
----------------- Instantiating /home/travis/build/icyphy/ptII/ptolemy/actor/lib/test/auto/ExpressionConcatenateArrayType.xml
4 ms. Memory: 443392K Free: 392378K (88%)
----------------- Invoking toplevel() on ptolemy.moml.MoMLSimpleApplication@a3b0515
----------------- Done invoking toplevel() on ptolemy.moml.MoMLSimpleApplication@a3b0515
reloadAllAccessors: .ExpressionConcatenateArrayType

===========================================================================================
----------------- testing Fri Aug 30 05:38:21 UTC 2019 /home/travis/build/icyphy/ptII/ptolemy/actor/lib/test/auto/ExpressionConcatenateArrayType2.xml
----------------- Instantiating /home/travis/build/icyphy/ptII/ptolemy/actor/lib/test/auto/ExpressionConcatenateArrayType2.xml
2 ms. Memory: 443392K Free: 386744K (87%)
----------------- Invoking toplevel() on ptolemy.moml.MoMLSimpleApplication@1cffa177
----------------- Done invoking toplevel() on ptolemy.moml.MoMLSimpleApplication@1cffa177
reloadAllAccessors: .ExpressionConcatenateArrayType2

===========================================================================================
----------------- testing Fri Aug 30 05:38:21 UTC 2019 /home/travis/build/icyphy/ptII/ptolemy/actor/lib/test/auto/ExpressionFix.xml
----------------- Instantiating /home/travis/build/icyphy/ptII/ptolemy/actor/lib/test/auto/ExpressionFix.xml
31 ms. Memory: 443392K Free: 380090K (86%)
----------------- Invoking toplevel() on ptolemy.moml.MoMLSimpleApplication@663d8675
----------------- Done invoking toplevel() on ptolemy.moml.MoMLSimpleApplication@663d8675
reloadAllAccessors: .ExpressionFix

===========================================================================================
----------------- testing Fri Aug 30 05:38:21 UTC 2019 /home/travis/build/icyphy/ptII/ptolemy/actor/lib/test/auto/ExpressionFix2.xml
----------------- Instantiating /home/travis/build/icyphy/ptII/ptolemy/actor/lib/test/auto/ExpressionFix2.xml
6 ms. Memory: 443392K Free: 376504K (85%)
----------------- Invoking toplevel() on ptolemy.moml.MoMLSimpleApplication@71664d93
----------------- Done invoking toplevel() on ptolemy.moml.MoMLSimpleApplication@71664d93
reloadAllAccessors: .ExpressionFix2

===========================================================================================
----------------- testing Fri Aug 30 05:38:21 UTC 2019 /home/travis/build/icyphy/ptII/ptolemy/actor/lib/test/auto/ExpressionFix3.xml
----------------- Instantiating /home/travis/build/icyphy/ptII/ptolemy/actor/lib/test/auto/ExpressionFix3.xml
4 ms. Memory: 443392K Free: 371898K (84%)
----------------- Invoking toplevel() on ptolemy.moml.MoMLSimpleApplication@2fed5642
----------------- Done invoking toplevel() on ptolemy.moml.MoMLSimpleApplication@2fed5642
reloadAllAccessors: .ExpressionFix3

===========================================================================================
----------------- testing Fri Aug 30 05:38:21 UTC 2019 /home/travis/build/icyphy/ptII/ptolemy/actor/lib/test/auto/FileWriter1.xml
----------------- Instantiating /home/travis/build/icyphy/ptII/ptolemy/actor/lib/test/auto/FileWriter1.xml
3 ms. Memory: 443392K Free: 367802K (83%)
----------------- Invoking toplevel() on ptolemy.moml.MoMLSimpleApplication@597d845e
----------------- Done invoking toplevel() on ptolemy.moml.MoMLSimpleApplication@597d845e
reloadAllAccessors: .FileWriter1

===========================================================================================
----------------- testing Fri Aug 30 05:38:21 UTC 2019 /home/travis/build/icyphy/ptII/ptolemy/actor/lib/test/auto/FileWriter2.xml
----------------- Instantiating /home/travis/build/icyphy/ptII/ptolemy/actor/lib/test/auto/FileWriter2.xml
3 ms. Memory: 443392K Free: 364186K (82%)
----------------- Invoking toplevel() on ptolemy.moml.MoMLSimpleApplication@5fcb1b0c
----------------- Done invoking toplevel() on ptolemy.moml.MoMLSimpleApplication@5fcb1b0c
reloadAllAccessors: .FileWriter2

===========================================================================================
----------------- testing Fri Aug 30 05:38:21 UTC 2019 /home/travis/build/icyphy/ptII/ptolemy/actor/lib/test/auto/FileWriter3.xml
----------------- Instantiating /home/travis/build/icyphy/ptII/ptolemy/actor/lib/test/auto/FileWriter3.xml
2 ms. Memory: 443392K Free: 360120K (81%)
----------------- Invoking toplevel() on ptolemy.moml.MoMLSimpleApplication@bc07927
----------------- Done invoking toplevel() on ptolemy.moml.MoMLSimpleApplication@bc07927
reloadAllAccessors: .FileWriter3

===========================================================================================
----------------- testing Fri Aug 30 05:38:21 UTC 2019 /home/travis/build/icyphy/ptII/ptolemy/actor/lib/test/auto/Gaussian.xml
----------------- Instantiating /home/travis/build/icyphy/ptII/ptolemy/actor/lib/test/auto/Gaussian.xml
4 ms. Memory: 443392K Free: 355514K (80%)
----------------- Invoking toplevel() on ptolemy.moml.MoMLSimpleApplication@47eb4fbe
----------------- Done invoking toplevel() on ptolemy.moml.MoMLSimpleApplication@47eb4fbe
reloadAllAccessors: .Gaussian

===========================================================================================
----------------- testing Fri Aug 30 05:38:22 UTC 2019 /home/travis/build/icyphy/ptII/ptolemy/actor/lib/test/auto/Gaussian1.xml
----------------- Instantiating /home/travis/build/icyphy/ptII/ptolemy/actor/lib/test/auto/Gaussian1.xml
13 ms. Memory: 443392K Free: 350394K (79%)
----------------- Invoking toplevel() on ptolemy.moml.MoMLSimpleApplication@37f1141d
----------------- Done invoking toplevel() on ptolemy.moml.MoMLSimpleApplication@37f1141d
reloadAllAccessors: .Gaussian1

===========================================================================================
----------------- testing Fri Aug 30 05:38:22 UTC 2019 /home/travis/build/icyphy/ptII/ptolemy/actor/lib/test/auto/Gaussian2.xml
----------------- Instantiating /home/travis/build/icyphy/ptII/ptolemy/actor/lib/test/auto/Gaussian2.xml
3 ms. Memory: 443392K Free: 344730K (78%)
----------------- Invoking toplevel() on ptolemy.moml.MoMLSimpleApplication@2f56dae4
----------------- Done invoking toplevel() on ptolemy.moml.MoMLSimpleApplication@2f56dae4
reloadAllAccessors: .Gaussian2

===========================================================================================
----------------- testing Fri Aug 30 05:38:22 UTC 2019 /home/travis/build/icyphy/ptII/ptolemy/actor/lib/test/auto/GradientAdaptiveLattice.xml
----------------- Instantiating /home/travis/build/icyphy/ptII/ptolemy/actor/lib/test/auto/GradientAdaptiveLattice.xml
6 ms. Memory: 443392K Free: 339640K (77%)
----------------- Invoking toplevel() on ptolemy.moml.MoMLSimpleApplication@337f45cc
----------------- Done invoking toplevel() on ptolemy.moml.MoMLSimpleApplication@337f45cc
reloadAllAccessors: .GradientAdaptiveLattice

===========================================================================================
----------------- testing Fri Aug 30 05:38:22 UTC 2019 /home/travis/build/icyphy/ptII/ptolemy/actor/lib/test/auto/IIR.xml
----------------- Instantiating /home/travis/build/icyphy/ptII/ptolemy/actor/lib/test/auto/IIR.xml
2 ms. Memory: 443392K Free: 335544K (76%)
----------------- Invoking toplevel() on ptolemy.moml.MoMLSimpleApplication@415c91b2
----------------- Done invoking toplevel() on ptolemy.moml.MoMLSimpleApplication@415c91b2
reloadAllAccessors: .IIR

===========================================================================================
----------------- testing Fri Aug 30 05:38:22 UTC 2019 /home/travis/build/icyphy/ptII/ptolemy/actor/lib/test/auto/InputOutputTransparentPorts.xml
----------------- Instantiating /home/travis/build/icyphy/ptII/ptolemy/actor/lib/test/auto/InputOutputTransparentPorts.xml
2 ms. Memory: 443392K Free: 328376K (74%)
----------------- Invoking toplevel() on ptolemy.moml.MoMLSimpleApplication@a1f5d94
----------------- Done invoking toplevel() on ptolemy.moml.MoMLSimpleApplication@a1f5d94
reloadAllAccessors: .InputOutputTransparentPorts

===========================================================================================
----------------- testing Fri Aug 30 05:38:22 UTC 2019 /home/travis/build/icyphy/ptII/ptolemy/actor/lib/test/auto/Interpolator.xml
----------------- Instantiating /home/travis/build/icyphy/ptII/ptolemy/actor/lib/test/auto/Interpolator.xml
7 ms. Memory: 443392K Free: 324280K (73%)
----------------- Invoking toplevel() on ptolemy.moml.MoMLSimpleApplication@3e968ac9
----------------- Done invoking toplevel() on ptolemy.moml.MoMLSimpleApplication@3e968ac9
reloadAllAccessors: .Interpolator

===========================================================================================
----------------- testing Fri Aug 30 05:38:22 UTC 2019 /home/travis/build/icyphy/ptII/ptolemy/actor/lib/test/auto/InterpolatorFiringLimitDE.xml
----------------- Instantiating /home/travis/build/icyphy/ptII/ptolemy/actor/lib/test/auto/InterpolatorFiringLimitDE.xml
3 ms. Memory: 443392K Free: 318650K (72%)
----------------- Invoking toplevel() on ptolemy.moml.MoMLSimpleApplication@4eee1157
----------------- Done invoking toplevel() on ptolemy.moml.MoMLSimpleApplication@4eee1157
reloadAllAccessors: .InterpolatorFiringLimitDE

===========================================================================================
----------------- testing Fri Aug 30 05:38:22 UTC 2019 /home/travis/build/icyphy/ptII/ptolemy/actor/lib/test/auto/Lattice.xml
----------------- Instantiating /home/travis/build/icyphy/ptII/ptolemy/actor/lib/test/auto/Lattice.xml
2 ms. Memory: 443392K Free: 314554K (71%)
----------------- Invoking toplevel() on ptolemy.moml.MoMLSimpleApplication@4c5ea098
----------------- Done invoking toplevel() on ptolemy.moml.MoMLSimpleApplication@4c5ea098
reloadAllAccessors: .Lattice

===========================================================================================
----------------- testing Fri Aug 30 05:38:22 UTC 2019 /home/travis/build/icyphy/ptII/ptolemy/actor/lib/test/auto/LazyAOCTestLazy.xml
----------------- Instantiating /home/travis/build/icyphy/ptII/ptolemy/actor/lib/test/auto/LazyAOCTestLazy.xml
19 ms. Memory: 443392K Free: 308410K (70%)
----------------- Invoking toplevel() on ptolemy.moml.MoMLSimpleApplication@94cd3d8
----------------- Done invoking toplevel() on ptolemy.moml.MoMLSimpleApplication@94cd3d8
reloadAllAccessors: .LazyAOCTestLazy

===========================================================================================
----------------- testing Fri Aug 30 05:38:22 UTC 2019 /home/travis/build/icyphy/ptII/ptolemy/actor/lib/test/auto/LazyAOCTestNonLazy.xml
----------------- Instantiating /home/travis/build/icyphy/ptII/ptolemy/actor/lib/test/auto/LazyAOCTestNonLazy.xml
2 ms. Memory: 443392K Free: 302266K (68%)
----------------- Invoking toplevel() on ptolemy.moml.MoMLSimpleApplication@c06647c
----------------- Done invoking toplevel() on ptolemy.moml.MoMLSimpleApplication@c06647c
reloadAllAccessors: .LazyAOCTestNonLazy

===========================================================================================
----------------- testing Fri Aug 30 05:38:22 UTC 2019 /home/travis/build/icyphy/ptII/ptolemy/actor/lib/test/auto/LazyInnerClass.xml
----------------- Instantiating /home/travis/build/icyphy/ptII/ptolemy/actor/lib/test/auto/LazyInnerClass.xml
19 ms. Memory: 443392K Free: 293530K (66%)
----------------- Invoking toplevel() on ptolemy.moml.MoMLSimpleApplication@3822460f
----------------- Done invoking toplevel() on ptolemy.moml.MoMLSimpleApplication@3822460f
reloadAllAccessors: .LazyInnerClass

===========================================================================================
----------------- testing Fri Aug 30 05:38:22 UTC 2019 /home/travis/build/icyphy/ptII/ptolemy/actor/lib/test/auto/LazyPubSub.xml
----------------- Instantiating /home/travis/build/icyphy/ptII/ptolemy/actor/lib/test/auto/LazyPubSub.xml
29 ms. Memory: 443392K Free: 283320K (64%)
----------------- Invoking toplevel() on ptolemy.moml.MoMLSimpleApplication@3691b369
----------------- Done invoking toplevel() on ptolemy.moml.MoMLSimpleApplication@3691b369
reloadAllAccessors: .LazyPubSub

===========================================================================================
----------------- testing Fri Aug 30 05:38:22 UTC 2019 /home/travis/build/icyphy/ptII/ptolemy/actor/lib/test/auto/LazyPubSub2.xml
----------------- Instantiating /home/travis/build/icyphy/ptII/ptolemy/actor/lib/test/auto/LazyPubSub2.xml
18 ms. Memory: 443392K Free: 273594K (62%)
----------------- Invoking toplevel() on ptolemy.moml.MoMLSimpleApplication@7db9965e
----------------- Done invoking toplevel() on ptolemy.moml.MoMLSimpleApplication@7db9965e
reloadAllAccessors: .LazyPubSub2

===========================================================================================
----------------- testing Fri Aug 30 05:38:22 UTC 2019 /home/travis/build/icyphy/ptII/ptolemy/actor/lib/test/auto/LazyPubSub3.xml
----------------- Instantiating /home/travis/build/icyphy/ptII/ptolemy/actor/lib/test/auto/LazyPubSub3.xml
19 ms. Memory: 443392K Free: 263354K (59%)
----------------- Invoking toplevel() on ptolemy.moml.MoMLSimpleApplication@6e8b784e
----------------- Done invoking toplevel() on ptolemy.moml.MoMLSimpleApplication@6e8b784e
reloadAllAccessors: .LazyPubSub3

===========================================================================================
----------------- testing Fri Aug 30 05:38:22 UTC 2019 /home/travis/build/icyphy/ptII/ptolemy/actor/lib/test/auto/LazySubClassModel.xml
----------------- Instantiating /home/travis/build/icyphy/ptII/ptolemy/actor/lib/test/auto/LazySubClassModel.xml
2 ms. Memory: 443392K Free: 253624K (57%)
----------------- Invoking toplevel() on ptolemy.moml.MoMLSimpleApplication@124d4778
----------------- Done invoking toplevel() on ptolemy.moml.MoMLSimpleApplication@124d4778
reloadAllAccessors: .LazySubClassModel

===========================================================================================
----------------- testing Fri Aug 30 05:38:22 UTC 2019 /home/travis/build/icyphy/ptII/ptolemy/actor/lib/test/auto/LevelCrossTest1.xml
----------------- Instantiating /home/travis/build/icyphy/ptII/ptolemy/actor/lib/test/auto/LevelCrossTest1.xml
2 ms. Memory: 443392K Free: 248504K (56%)
----------------- Invoking toplevel() on ptolemy.moml.MoMLSimpleApplication@7add8c20
----------------- Done invoking toplevel() on ptolemy.moml.MoMLSimpleApplication@7add8c20
reloadAllAccessors: .broken

===========================================================================================
----------------- testing Fri Aug 30 05:38:22 UTC 2019 /home/travis/build/icyphy/ptII/ptolemy/actor/lib/test/auto/LevelCrossTest10.xml
----------------- Instantiating /home/travis/build/icyphy/ptII/ptolemy/actor/lib/test/auto/LevelCrossTest10.xml
1 ms. Memory: 443392K Free: 240312K (54%)
----------------- Invoking toplevel() on ptolemy.moml.MoMLSimpleApplication@7bcb1921
----------------- Done invoking toplevel() on ptolemy.moml.MoMLSimpleApplication@7bcb1921
reloadAllAccessors: .LevelCrossTest10

===========================================================================================
----------------- testing Fri Aug 30 05:38:22 UTC 2019 /home/travis/build/icyphy/ptII/ptolemy/actor/lib/test/auto/LevelCrossTest11.xml
----------------- Instantiating /home/travis/build/icyphy/ptII/ptolemy/actor/lib/test/auto/LevelCrossTest11.xml
4 ms. Memory: 443392K Free: 233144K (53%)
----------------- Invoking toplevel() on ptolemy.moml.MoMLSimpleApplication@172f240c
----------------- Done invoking toplevel() on ptolemy.moml.MoMLSimpleApplication@172f240c
reloadAllAccessors: .LevelCrossTest11

===========================================================================================
----------------- testing Fri Aug 30 05:38:22 UTC 2019 /home/travis/build/icyphy/ptII/ptolemy/actor/lib/test/auto/LevelCrossTest12.xml
----------------- Instantiating /home/travis/build/icyphy/ptII/ptolemy/actor/lib/test/auto/LevelCrossTest12.xml
2 ms. Memory: 443392K Free: 225976K (51%)
----------------- Invoking toplevel() on ptolemy.moml.MoMLSimpleApplication@746e874c
----------------- Done invoking toplevel() on ptolemy.moml.MoMLSimpleApplication@746e874c
reloadAllAccessors: .LevelCrossTest12

===========================================================================================
----------------- testing Fri Aug 30 05:38:22 UTC 2019 /home/travis/build/icyphy/ptII/ptolemy/actor/lib/test/auto/LevelCrossTest13.xml
----------------- Instantiating /home/travis/build/icyphy/ptII/ptolemy/actor/lib/test/auto/LevelCrossTest13.xml
2 ms. Memory: 443392K Free: 218298K (49%)
----------------- Invoking toplevel() on ptolemy.moml.MoMLSimpleApplication@4c031eb6
----------------- Done invoking toplevel() on ptolemy.moml.MoMLSimpleApplication@4c031eb6
reloadAllAccessors: .LevelCrossTest13

===========================================================================================
----------------- testing Fri Aug 30 05:38:22 UTC 2019 /home/travis/build/icyphy/ptII/ptolemy/actor/lib/test/auto/LevelCrossTest2.xml
----------------- Instantiating /home/travis/build/icyphy/ptII/ptolemy/actor/lib/test/auto/LevelCrossTest2.xml
1 ms. Memory: 443392K Free: 212664K (48%)
----------------- Invoking toplevel() on ptolemy.moml.MoMLSimpleApplication@d67e58b
----------------- Done invoking toplevel() on ptolemy.moml.MoMLSimpleApplication@d67e58b
reloadAllAccessors: .broken

===========================================================================================
----------------- testing Fri Aug 30 05:38:22 UTC 2019 /home/travis/build/icyphy/ptII/ptolemy/actor/lib/test/auto/LevelCrossTest3.xml
----------------- Instantiating /home/travis/build/icyphy/ptII/ptolemy/actor/lib/test/auto/LevelCrossTest3.xml
1 ms. Memory: 443392K Free: 206010K (46%)
----------------- Invoking toplevel() on ptolemy.moml.MoMLSimpleApplication@623e630f
----------------- Done invoking toplevel() on ptolemy.moml.MoMLSimpleApplication@623e630f
reloadAllAccessors: .LevelCrossTest3

===========================================================================================
----------------- testing Fri Aug 30 05:38:22 UTC 2019 /home/travis/build/icyphy/ptII/ptolemy/actor/lib/test/auto/LevelCrossTest4.xml
----------------- Instantiating /home/travis/build/icyphy/ptII/ptolemy/actor/lib/test/auto/LevelCrossTest4.xml
2 ms. Memory: 443392K Free: 200890K (45%)
----------------- Invoking toplevel() on ptolemy.moml.MoMLSimpleApplication@6a0de8ec
----------------- Done invoking toplevel() on ptolemy.moml.MoMLSimpleApplication@6a0de8ec
reloadAllAccessors: .broken

===========================================================================================
----------------- testing Fri Aug 30 05:38:22 UTC 2019 /home/travis/build/icyphy/ptII/ptolemy/actor/lib/test/auto/LevelCrossTest5.xml
----------------- Instantiating /home/travis/build/icyphy/ptII/ptolemy/actor/lib/test/auto/LevelCrossTest5.xml
1 ms. Memory: 443392K Free: 194746K (44%)
----------------- Invoking toplevel() on ptolemy.moml.MoMLSimpleApplication@7ba201fd
----------------- Done invoking toplevel() on ptolemy.moml.MoMLSimpleApplication@7ba201fd
reloadAllAccessors: .LevelCrossTest5

===========================================================================================
----------------- testing Fri Aug 30 05:38:22 UTC 2019 /home/travis/build/icyphy/ptII/ptolemy/actor/lib/test/auto/LevelCrossTest6.xml
----------------- Instantiating /home/travis/build/icyphy/ptII/ptolemy/actor/lib/test/auto/LevelCrossTest6.xml
2 ms. Memory: 443392K Free: 188088K (42%)
----------------- Invoking toplevel() on ptolemy.moml.MoMLSimpleApplication@5cb1af97
----------------- Done invoking toplevel() on ptolemy.moml.MoMLSimpleApplication@5cb1af97
reloadAllAccessors: .LevelCrossTest6

===========================================================================================
----------------- testing Fri Aug 30 05:38:22 UTC 2019 /home/travis/build/icyphy/ptII/ptolemy/actor/lib/test/auto/LevelCrossTest7.xml
----------------- Instantiating /home/travis/build/icyphy/ptII/ptolemy/actor/lib/test/auto/LevelCrossTest7.xml
1 ms. Memory: 443392K Free: 180410K (41%)
----------------- Invoking toplevel() on ptolemy.moml.MoMLSimpleApplication@71769599
----------------- Done invoking toplevel() on ptolemy.moml.MoMLSimpleApplication@71769599
reloadAllAccessors: .LevelCrossTest7

===========================================================================================
----------------- testing Fri Aug 30 05:38:22 UTC 2019 /home/travis/build/icyphy/ptII/ptolemy/actor/lib/test/auto/LevelCrossTest8.xml
----------------- Instantiating /home/travis/build/icyphy/ptII/ptolemy/actor/lib/test/auto/LevelCrossTest8.xml
2 ms. Memory: 443392K Free: 173242K (39%)
----------------- Invoking toplevel() on ptolemy.moml.MoMLSimpleApplication@2cc747b2
----------------- Done invoking toplevel() on ptolemy.moml.MoMLSimpleApplication@2cc747b2
reloadAllAccessors: .LevelCrossTest8

===========================================================================================
----------------- testing Fri Aug 30 05:38:22 UTC 2019 /home/travis/build/icyphy/ptII/ptolemy/actor/lib/test/auto/LevelCrossTest9.xml
----------------- Instantiating /home/travis/build/icyphy/ptII/ptolemy/actor/lib/test/auto/LevelCrossTest9.xml
2 ms. Memory: 443392K Free: 166074K (37%)
----------------- Invoking toplevel() on ptolemy.moml.MoMLSimpleApplication@2aeac119
----------------- Done invoking toplevel() on ptolemy.moml.MoMLSimpleApplication@2aeac119
reloadAllAccessors: .LevelCrossTest9

===========================================================================================
----------------- testing Fri Aug 30 05:38:22 UTC 2019 /home/travis/build/icyphy/ptII/ptolemy/actor/lib/test/auto/LevinsonDurbin.xml
----------------- Instantiating /home/travis/build/icyphy/ptII/ptolemy/actor/lib/test/auto/LevinsonDurbin.xml
13 ms. Memory: 443392K Free: 161978K (37%)
----------------- Invoking toplevel() on ptolemy.moml.MoMLSimpleApplication@7d27cfb4
----------------- Done invoking toplevel() on ptolemy.moml.MoMLSimpleApplication@7d27cfb4
reloadAllAccessors: .LevinsonDurbin

===========================================================================================
----------------- testing Fri Aug 30 05:38:22 UTC 2019 /home/travis/build/icyphy/ptII/ptolemy/actor/lib/test/auto/LevinsonDurbin2.xml
----------------- Instantiating /home/travis/build/icyphy/ptII/ptolemy/actor/lib/test/auto/LevinsonDurbin2.xml
1 ms. Memory: 443392K Free: 158392K (36%)
----------------- Invoking toplevel() on ptolemy.moml.MoMLSimpleApplication@3762e684
----------------- Done invoking toplevel() on ptolemy.moml.MoMLSimpleApplication@3762e684
reloadAllAccessors: .LevinsonDurbin2

===========================================================================================
----------------- testing Fri Aug 30 05:38:22 UTC 2019 /home/travis/build/icyphy/ptII/ptolemy/actor/lib/test/auto/LevinsonDurbin3.xml
----------------- Instantiating /home/travis/build/icyphy/ptII/ptolemy/actor/lib/test/auto/LevinsonDurbin3.xml
3 ms. Memory: 443392K Free: 154296K (35%)
----------------- Invoking toplevel() on ptolemy.moml.MoMLSimpleApplication@5f70b3a6
----------------- Done invoking toplevel() on ptolemy.moml.MoMLSimpleApplication@5f70b3a6
reloadAllAccessors: .LevinsonDurbin3

===========================================================================================
----------------- testing Fri Aug 30 05:38:22 UTC 2019 /home/travis/build/icyphy/ptII/ptolemy/actor/lib/test/auto/Limiter.xml
----------------- Instantiating /home/travis/build/icyphy/ptII/ptolemy/actor/lib/test/auto/Limiter.xml
5 ms. Memory: 443392K Free: 145066K (33%)
----------------- Invoking toplevel() on ptolemy.moml.MoMLSimpleApplication@3cd9e30f
----------------- Done invoking toplevel() on ptolemy.moml.MoMLSimpleApplication@3cd9e30f
reloadAllAccessors: .Limiter

===========================================================================================
----------------- testing Fri Aug 30 05:38:22 UTC 2019 /home/travis/build/icyphy/ptII/ptolemy/actor/lib/test/auto/LinearDifferenceEquationSystem.xml
----------------- Instantiating /home/travis/build/icyphy/ptII/ptolemy/actor/lib/test/auto/LinearDifferenceEquationSystem.xml
4 ms. Memory: 443392K Free: 137912K (31%)
----------------- Invoking toplevel() on ptolemy.moml.MoMLSimpleApplication@7a9b5847
----------------- Done invoking toplevel() on ptolemy.moml.MoMLSimpleApplication@7a9b5847
reloadAllAccessors: .LinearDifferenceEquationSystem

===========================================================================================
----------------- testing Fri Aug 30 05:38:23 UTC 2019 /home/travis/build/icyphy/ptII/ptolemy/actor/lib/test/auto/LookupTable.xml
----------------- Instantiating /home/travis/build/icyphy/ptII/ptolemy/actor/lib/test/auto/LookupTable.xml
2 ms. Memory: 443392K Free: 133816K (30%)
----------------- Invoking toplevel() on ptolemy.moml.MoMLSimpleApplication@37d7dcbd
----------------- Done invoking toplevel() on ptolemy.moml.MoMLSimpleApplication@37d7dcbd
reloadAllAccessors: .LookupTable

===========================================================================================
----------------- testing Fri Aug 30 05:38:23 UTC 2019 /home/travis/build/icyphy/ptII/ptolemy/actor/lib/test/auto/MathFunction.xml
----------------- Instantiating /home/travis/build/icyphy/ptII/ptolemy/actor/lib/test/auto/MathFunction.xml
2 ms. Memory: 443392K Free: 387701K (87%)
----------------- Invoking toplevel() on ptolemy.moml.MoMLSimpleApplication@5f03a361
----------------- Done invoking toplevel() on ptolemy.moml.MoMLSimpleApplication@5f03a361
reloadAllAccessors: .MathFunction

===========================================================================================
----------------- testing Fri Aug 30 05:38:23 UTC 2019 /home/travis/build/icyphy/ptII/ptolemy/actor/lib/test/auto/MathFunction2.xml
----------------- Instantiating /home/travis/build/icyphy/ptII/ptolemy/actor/lib/test/auto/MathFunction2.xml
5 ms. Memory: 443392K Free: 383605K (87%)
----------------- Invoking toplevel() on ptolemy.moml.MoMLSimpleApplication@26620501
----------------- Done invoking toplevel() on ptolemy.moml.MoMLSimpleApplication@26620501
reloadAllAccessors: .MathFunction2

===========================================================================================
----------------- testing Fri Aug 30 05:38:23 UTC 2019 /home/travis/build/icyphy/ptII/ptolemy/actor/lib/test/auto/MathFunction3.xml
----------------- Instantiating /home/travis/build/icyphy/ptII/ptolemy/actor/lib/test/auto/MathFunction3.xml
3 ms. Memory: 443392K Free: 376437K (85%)
----------------- Invoking toplevel() on ptolemy.moml.MoMLSimpleApplication@555a1c5c
----------------- Done invoking toplevel() on ptolemy.moml.MoMLSimpleApplication@555a1c5c
reloadAllAccessors: .MathFunction3

===========================================================================================
----------------- testing Fri Aug 30 05:38:23 UTC 2019 /home/travis/build/icyphy/ptII/ptolemy/actor/lib/test/auto/MatrixCropBoolean.xml
----------------- Instantiating /home/travis/build/icyphy/ptII/ptolemy/actor/lib/test/auto/MatrixCropBoolean.xml
2 ms. Memory: 443392K Free: 371831K (84%)
----------------- Invoking toplevel() on ptolemy.moml.MoMLSimpleApplication@3d100bd7
----------------- Done invoking toplevel() on ptolemy.moml.MoMLSimpleApplication@3d100bd7
reloadAllAccessors: .MatrixCropBoolean

===========================================================================================
----------------- testing Fri Aug 30 05:38:23 UTC 2019 /home/travis/build/icyphy/ptII/ptolemy/actor/lib/test/auto/MatrixCropComplex.xml
----------------- Instantiating /home/travis/build/icyphy/ptII/ptolemy/actor/lib/test/auto/MatrixCropComplex.xml
2 ms. Memory: 443392K Free: 367215K (83%)
----------------- Invoking toplevel() on ptolemy.moml.MoMLSimpleApplication@88e2c23
----------------- Done invoking toplevel() on ptolemy.moml.MoMLSimpleApplication@88e2c23
reloadAllAccessors: .MatrixCropComplex

===========================================================================================
----------------- testing Fri Aug 30 05:38:23 UTC 2019 /home/travis/build/icyphy/ptII/ptolemy/actor/lib/test/auto/MatrixCropDouble.xml
----------------- Instantiating /home/travis/build/icyphy/ptII/ptolemy/actor/lib/test/auto/MatrixCropDouble.xml
4 ms. Memory: 443392K Free: 361591K (82%)
----------------- Invoking toplevel() on ptolemy.moml.MoMLSimpleApplication@2d947b2f
----------------- Done invoking toplevel() on ptolemy.moml.MoMLSimpleApplication@2d947b2f
reloadAllAccessors: .MatrixCropDouble

===========================================================================================
----------------- testing Fri Aug 30 05:38:23 UTC 2019 /home/travis/build/icyphy/ptII/ptolemy/actor/lib/test/auto/MatrixCropFix.xml
----------------- Instantiating /home/travis/build/icyphy/ptII/ptolemy/actor/lib/test/auto/MatrixCropFix.xml
2 ms. Memory: 443392K Free: 356471K (80%)
----------------- Invoking toplevel() on ptolemy.moml.MoMLSimpleApplication@1e324b76
----------------- Done invoking toplevel() on ptolemy.moml.MoMLSimpleApplication@1e324b76
reloadAllAccessors: .MatrixCropFix

===========================================================================================
----------------- testing Fri Aug 30 05:38:23 UTC 2019 /home/travis/build/icyphy/ptII/ptolemy/actor/lib/test/auto/MatrixCropInt.xml
----------------- Instantiating /home/travis/build/icyphy/ptII/ptolemy/actor/lib/test/auto/MatrixCropInt.xml
2 ms. Memory: 443392K Free: 351831K (79%)
----------------- Invoking toplevel() on ptolemy.moml.MoMLSimpleApplication@61a7ae0b
----------------- Done invoking toplevel() on ptolemy.moml.MoMLSimpleApplication@61a7ae0b
reloadAllAccessors: .MatrixCropInt

===========================================================================================
----------------- testing Fri Aug 30 05:38:23 UTC 2019 /home/travis/build/icyphy/ptII/ptolemy/actor/lib/test/auto/MatrixCropLong.xml
----------------- Instantiating /home/travis/build/icyphy/ptII/ptolemy/actor/lib/test/auto/MatrixCropLong.xml
2 ms. Memory: 443392K Free: 346735K (78%)
----------------- Invoking toplevel() on ptolemy.moml.MoMLSimpleApplication@7527371e
----------------- Done invoking toplevel() on ptolemy.moml.MoMLSimpleApplication@7527371e
reloadAllAccessors: .MatrixCropLong

===========================================================================================
----------------- testing Fri Aug 30 05:38:23 UTC 2019 /home/travis/build/icyphy/ptII/ptolemy/actor/lib/test/auto/MatrixToArray.xml
----------------- Instantiating /home/travis/build/icyphy/ptII/ptolemy/actor/lib/test/auto/MatrixToArray.xml
8 ms. Memory: 443392K Free: 331381K (75%)
----------------- Invoking toplevel() on ptolemy.moml.MoMLSimpleApplication@74d5e5d9
----------------- Done invoking toplevel() on ptolemy.moml.MoMLSimpleApplication@74d5e5d9
reloadAllAccessors: .MatrixToArray

===========================================================================================
----------------- testing Fri Aug 30 05:38:23 UTC 2019 /home/travis/build/icyphy/ptII/ptolemy/actor/lib/test/auto/MaxIndex.xml
----------------- Instantiating /home/travis/build/icyphy/ptII/ptolemy/actor/lib/test/auto/MaxIndex.xml
9 ms. Memory: 443392K Free: 326261K (74%)
----------------- Invoking toplevel() on ptolemy.moml.MoMLSimpleApplication@3f610801
----------------- Done invoking toplevel() on ptolemy.moml.MoMLSimpleApplication@3f610801
reloadAllAccessors: .MaxIndex

===========================================================================================
----------------- testing Fri Aug 30 05:38:23 UTC 2019 /home/travis/build/icyphy/ptII/ptolemy/actor/lib/test/auto/Maximum.xml
----------------- Instantiating /home/travis/build/icyphy/ptII/ptolemy/actor/lib/test/auto/Maximum.xml
3 ms. Memory: 443392K Free: 320087K (72%)
----------------- Invoking toplevel() on ptolemy.moml.MoMLSimpleApplication@f946bcd
----------------- Done invoking toplevel() on ptolemy.moml.MoMLSimpleApplication@f946bcd
reloadAllAccessors: .Maximum

===========================================================================================
----------------- testing Fri Aug 30 05:38:23 UTC 2019 /home/travis/build/icyphy/ptII/ptolemy/actor/lib/test/auto/MaximumComplex.xml
----------------- Instantiating /home/travis/build/icyphy/ptII/ptolemy/actor/lib/test/auto/MaximumComplex.xml
5 ms. Memory: 443392K Free: 313943K (71%)
----------------- Invoking toplevel() on ptolemy.moml.MoMLSimpleApplication@6ee4c19c
----------------- Done invoking toplevel() on ptolemy.moml.MoMLSimpleApplication@6ee4c19c
reloadAllAccessors: .MaximumComplex

===========================================================================================
----------------- testing Fri Aug 30 05:38:23 UTC 2019 /home/travis/build/icyphy/ptII/ptolemy/actor/lib/test/auto/MethodCallTest.xml
----------------- Instantiating /home/travis/build/icyphy/ptII/ptolemy/actor/lib/test/auto/MethodCallTest.xml
4 ms. Memory: 443392K Free: 307319K (69%)
----------------- Invoking toplevel() on ptolemy.moml.MoMLSimpleApplication@7a82b8e6
----------------- Done invoking toplevel() on ptolemy.moml.MoMLSimpleApplication@7a82b8e6
reloadAllAccessors: .MethodCallTest

===========================================================================================
----------------- testing Fri Aug 30 05:38:23 UTC 2019 /home/travis/build/icyphy/ptII/ptolemy/actor/lib/test/auto/Minimum.xml
----------------- Instantiating /home/travis/build/icyphy/ptII/ptolemy/actor/lib/test/auto/Minimum.xml
3 ms. Memory: 443392K Free: 300647K (68%)
----------------- Invoking toplevel() on ptolemy.moml.MoMLSimpleApplication@2a8707fe
----------------- Done invoking toplevel() on ptolemy.moml.MoMLSimpleApplication@2a8707fe
reloadAllAccessors: .Minimum

===========================================================================================
----------------- testing Fri Aug 30 05:38:23 UTC 2019 /home/travis/build/icyphy/ptII/ptolemy/actor/lib/test/auto/MinimumComplex.xml
----------------- Instantiating /home/travis/build/icyphy/ptII/ptolemy/actor/lib/test/auto/MinimumComplex.xml
4 ms. Memory: 443392K Free: 294503K (66%)
----------------- Invoking toplevel() on ptolemy.moml.MoMLSimpleApplication@46186d8a
----------------- Done invoking toplevel() on ptolemy.moml.MoMLSimpleApplication@46186d8a
reloadAllAccessors: .MinimumComplex

===========================================================================================
----------------- testing Fri Aug 30 05:38:23 UTC 2019 /home/travis/build/icyphy/ptII/ptolemy/actor/lib/test/auto/MinimumMultiports.xml
----------------- Instantiating /home/travis/build/icyphy/ptII/ptolemy/actor/lib/test/auto/MinimumMultiports.xml
4 ms. Memory: 443392K Free: 285815K (64%)
----------------- Invoking toplevel() on ptolemy.moml.MoMLSimpleApplication@78c798dd
----------------- Done invoking toplevel() on ptolemy.moml.MoMLSimpleApplication@78c798dd
reloadAllAccessors: .MinimumMultiports

===========================================================================================
----------------- testing Fri Aug 30 05:38:23 UTC 2019 /home/travis/build/icyphy/ptII/ptolemy/actor/lib/test/auto/ModifyDate.xml
----------------- Instantiating /home/travis/build/icyphy/ptII/ptolemy/actor/lib/test/auto/ModifyDate.xml
8 ms. Memory: 443392K Free: 273527K (62%)
----------------- Invoking toplevel() on ptolemy.moml.MoMLSimpleApplication@7c783d5d
----------------- Done invoking toplevel() on ptolemy.moml.MoMLSimpleApplication@7c783d5d
reloadAllAccessors: .ModifyDate

===========================================================================================
----------------- testing Fri Aug 30 05:38:23 UTC 2019 /home/travis/build/icyphy/ptII/ptolemy/actor/lib/test/auto/ModifyDate2.xml
----------------- Instantiating /home/travis/build/icyphy/ptII/ptolemy/actor/lib/test/auto/ModifyDate2.xml
9 ms. Memory: 443392K Free: 264821K (60%)
----------------- Invoking toplevel() on ptolemy.moml.MoMLSimpleApplication@3e854b7d
----------------- Done invoking toplevel() on ptolemy.moml.MoMLSimpleApplication@3e854b7d
reloadAllAccessors: .ModifyDate2

===========================================================================================
----------------- testing Fri Aug 30 05:38:23 UTC 2019 /home/travis/build/icyphy/ptII/ptolemy/actor/lib/test/auto/MovingAverage.xml
----------------- Instantiating /home/travis/build/icyphy/ptII/ptolemy/actor/lib/test/auto/MovingAverage.xml
2 ms. Memory: 443392K Free: 259701K (59%)
----------------- Invoking toplevel() on ptolemy.moml.MoMLSimpleApplication@6d770f3e
----------------- Done invoking toplevel() on ptolemy.moml.MoMLSimpleApplication@6d770f3e
reloadAllAccessors: .MovingAverage

===========================================================================================
----------------- testing Fri Aug 30 05:38:23 UTC 2019 /home/travis/build/icyphy/ptII/ptolemy/actor/lib/test/auto/MovingMaximum.xml
----------------- Instantiating /home/travis/build/icyphy/ptII/ptolemy/actor/lib/test/auto/MovingMaximum.xml
2 ms. Memory: 443392K Free: 255095K (58%)
----------------- Invoking toplevel() on ptolemy.moml.MoMLSimpleApplication@1bd8145e
----------------- Done invoking toplevel() on ptolemy.moml.MoMLSimpleApplication@1bd8145e
reloadAllAccessors: .MovingMaximum

===========================================================================================
----------------- testing Fri Aug 30 05:38:23 UTC 2019 /home/travis/build/icyphy/ptII/ptolemy/actor/lib/test/auto/MultipleLinksToSameRelation.xml
----------------- Instantiating /home/travis/build/icyphy/ptII/ptolemy/actor/lib/test/auto/MultipleLinksToSameRelation.xml
2 ms. Memory: 443392K Free: 251509K (57%)
----------------- Invoking toplevel() on ptolemy.moml.MoMLSimpleApplication@5e937c86
----------------- Done invoking toplevel() on ptolemy.moml.MoMLSimpleApplication@5e937c86
reloadAllAccessors: .MultipleLinksToSameRelation

===========================================================================================
----------------- testing Fri Aug 30 05:38:23 UTC 2019 /home/travis/build/icyphy/ptII/ptolemy/actor/lib/test/auto/MultipleLinksToSameRelationDE.xml
----------------- Instantiating /home/travis/build/icyphy/ptII/ptolemy/actor/lib/test/auto/MultipleLinksToSameRelationDE.xml
2 ms. Memory: 443392K Free: 246903K (56%)
----------------- Invoking toplevel() on ptolemy.moml.MoMLSimpleApplication@1a10efb4
----------------- Done invoking toplevel() on ptolemy.moml.MoMLSimpleApplication@1a10efb4
reloadAllAccessors: .MultipleLinksToSameRelationDE

===========================================================================================
----------------- testing Fri Aug 30 05:38:23 UTC 2019 /home/travis/build/icyphy/ptII/ptolemy/actor/lib/test/auto/Multiplexor.xml
----------------- Instantiating /home/travis/build/icyphy/ptII/ptolemy/actor/lib/test/auto/Multiplexor.xml
2 ms. Memory: 443392K Free: 241269K (54%)
----------------- Invoking toplevel() on ptolemy.moml.MoMLSimpleApplication@79a84cc1
----------------- Done invoking toplevel() on ptolemy.moml.MoMLSimpleApplication@79a84cc1
reloadAllAccessors: .Multiplexor

===========================================================================================
----------------- testing Fri Aug 30 05:38:23 UTC 2019 /home/travis/build/icyphy/ptII/ptolemy/actor/lib/test/auto/Multiplexor1.xml
----------------- Instantiating /home/travis/build/icyphy/ptII/ptolemy/actor/lib/test/auto/Multiplexor1.xml
3 ms. Memory: 443392K Free: 235095K (53%)
----------------- Invoking toplevel() on ptolemy.moml.MoMLSimpleApplication@6ac9799e
----------------- Done invoking toplevel() on ptolemy.moml.MoMLSimpleApplication@6ac9799e
reloadAllAccessors: .Multiplexor1

===========================================================================================
----------------- testing Fri Aug 30 05:38:23 UTC 2019 /home/travis/build/icyphy/ptII/ptolemy/actor/lib/test/auto/Multiplexor2.xml
----------------- Instantiating /home/travis/build/icyphy/ptII/ptolemy/actor/lib/test/auto/Multiplexor2.xml
3 ms. Memory: 443392K Free: 228471K (52%)
----------------- Invoking toplevel() on ptolemy.moml.MoMLSimpleApplication@5c479e1a
----------------- Done invoking toplevel() on ptolemy.moml.MoMLSimpleApplication@5c479e1a
reloadAllAccessors: .Multiplexor2

===========================================================================================
----------------- testing Fri Aug 30 05:38:23 UTC 2019 /home/travis/build/icyphy/ptII/ptolemy/actor/lib/test/auto/Multiplexor3.xml
----------------- Instantiating /home/travis/build/icyphy/ptII/ptolemy/actor/lib/test/auto/Multiplexor3.xml
3 ms. Memory: 443392K Free: 224375K (51%)
----------------- Invoking toplevel() on ptolemy.moml.MoMLSimpleApplication@51f52417
----------------- Done invoking toplevel() on ptolemy.moml.MoMLSimpleApplication@51f52417
reloadAllAccessors: .Multiplexor3

===========================================================================================
----------------- testing Fri Aug 30 05:38:23 UTC 2019 /home/travis/build/icyphy/ptII/ptolemy/actor/lib/test/auto/MultiplexorDE.xml
----------------- Instantiating /home/travis/build/icyphy/ptII/ptolemy/actor/lib/test/auto/MultiplexorDE.xml
3 ms. Memory: 443392K Free: 217207K (49%)
----------------- Invoking toplevel() on ptolemy.moml.MoMLSimpleApplication@14b02c6a
----------------- Done invoking toplevel() on ptolemy.moml.MoMLSimpleApplication@14b02c6a
reloadAllAccessors: .MultiplexorDE

===========================================================================================
----------------- testing Fri Aug 30 05:38:23 UTC 2019 /home/travis/build/icyphy/ptII/ptolemy/actor/lib/test/auto/MultiportBroadcastTest.xml
----------------- Instantiating /home/travis/build/icyphy/ptII/ptolemy/actor/lib/test/auto/MultiportBroadcastTest.xml
66 ms. Memory: 443392K Free: 211063K (48%)
----------------- Invoking toplevel() on ptolemy.moml.MoMLSimpleApplication@29d2c53b
----------------- Done invoking toplevel() on ptolemy.moml.MoMLSimpleApplication@29d2c53b
reloadAllAccessors: .MultiportBroadcastTest

===========================================================================================
----------------- testing Fri Aug 30 05:38:23 UTC 2019 /home/travis/build/icyphy/ptII/ptolemy/actor/lib/test/auto/MultiportOutHangDuringGetWidth.xml
----------------- Instantiating /home/travis/build/icyphy/ptII/ptolemy/actor/lib/test/auto/MultiportOutHangDuringGetWidth.xml
9 ms. Memory: 443392K Free: 199271K (45%)
----------------- Invoking toplevel() on ptolemy.moml.MoMLSimpleApplication@1e161812
----------------- Done invoking toplevel() on ptolemy.moml.MoMLSimpleApplication@1e161812
reloadAllAccessors: .MultiportOutHangDuringGetWidth

===========================================================================================
----------------- testing Fri Aug 30 05:38:23 UTC 2019 /home/travis/build/icyphy/ptII/ptolemy/actor/lib/test/auto/NilToken.xml
----------------- Instantiating /home/travis/build/icyphy/ptII/ptolemy/actor/lib/test/auto/NilToken.xml
2 ms. Memory: 443392K Free: 195189K (44%)
----------------- Invoking toplevel() on ptolemy.moml.MoMLSimpleApplication@29b994d7
----------------- Done invoking toplevel() on ptolemy.moml.MoMLSimpleApplication@29b994d7
reloadAllAccessors: .NilToken

===========================================================================================
----------------- testing Fri Aug 30 05:38:23 UTC 2019 /home/travis/build/icyphy/ptII/ptolemy/actor/lib/test/auto/NilTokenNonStrictTest.xml
----------------- Instantiating /home/travis/build/icyphy/ptII/ptolemy/actor/lib/test/auto/NilTokenNonStrictTest.xml
2 ms. Memory: 443392K Free: 190069K (43%)
----------------- Invoking toplevel() on ptolemy.moml.MoMLSimpleApplication@e6ad05c
----------------- Done invoking toplevel() on ptolemy.moml.MoMLSimpleApplication@e6ad05c
reloadAllAccessors: .NilTokenNonStrictTest

===========================================================================================
----------------- testing Fri Aug 30 05:38:23 UTC 2019 /home/travis/build/icyphy/ptII/ptolemy/actor/lib/test/auto/NilTokenRecord.xml
----------------- Instantiating /home/travis/build/icyphy/ptII/ptolemy/actor/lib/test/auto/NilTokenRecord.xml
6 ms. Memory: 443392K Free: 183415K (41%)
----------------- Invoking toplevel() on ptolemy.moml.MoMLSimpleApplication@7a8de779
----------------- Done invoking toplevel() on ptolemy.moml.MoMLSimpleApplication@7a8de779
reloadAllAccessors: .NilTokenRecord

===========================================================================================
----------------- testing Fri Aug 30 05:38:23 UTC 2019 /home/travis/build/icyphy/ptII/ptolemy/actor/lib/test/auto/NilTokenTypeTest.xml
----------------- Instantiating /home/travis/build/icyphy/ptII/ptolemy/actor/lib/test/auto/NilTokenTypeTest.xml
14 ms. Memory: 443392K Free: 174199K (39%)
----------------- Invoking toplevel() on ptolemy.moml.MoMLSimpleApplication@2cbea09b
----------------- Done invoking toplevel() on ptolemy.moml.MoMLSimpleApplication@2cbea09b
reloadAllAccessors: .NilTokenTypeTest

===========================================================================================
----------------- testing Fri Aug 30 05:38:24 UTC 2019 /home/travis/build/icyphy/ptII/ptolemy/actor/lib/test/auto/ObjectToken1.xml
----------------- Instantiating /home/travis/build/icyphy/ptII/ptolemy/actor/lib/test/auto/ObjectToken1.xml
3 ms. Memory: 443392K Free: 170103K (38%)
----------------- Invoking toplevel() on ptolemy.moml.MoMLSimpleApplication@6e7fd0c3
----------------- Done invoking toplevel() on ptolemy.moml.MoMLSimpleApplication@6e7fd0c3
reloadAllAccessors: .ObjectToken1

===========================================================================================
----------------- testing Fri Aug 30 05:38:24 UTC 2019 /home/travis/build/icyphy/ptII/ptolemy/actor/lib/test/auto/OrderedMerge.xml
----------------- Instantiating /home/travis/build/icyphy/ptII/ptolemy/actor/lib/test/auto/OrderedMerge.xml
11 ms. Memory: 443392K Free: 164469K (37%)
----------------- Invoking toplevel() on ptolemy.moml.MoMLSimpleApplication@130668dc
----------------- Done invoking toplevel() on ptolemy.moml.MoMLSimpleApplication@130668dc
reloadAllAccessors: .OrderedMerge

===========================================================================================
----------------- testing Fri Aug 30 05:38:24 UTC 2019 /home/travis/build/icyphy/ptII/ptolemy/actor/lib/test/auto/OrderedRecordDisassembler.xml
----------------- Instantiating /home/travis/build/icyphy/ptII/ptolemy/actor/lib/test/auto/OrderedRecordDisassembler.xml
6 ms. Memory: 443392K Free: 159319K (36%)
----------------- Invoking toplevel() on ptolemy.moml.MoMLSimpleApplication@5362432
----------------- Done invoking toplevel() on ptolemy.moml.MoMLSimpleApplication@5362432
reloadAllAccessors: .OrderedRecordDisassembler

===========================================================================================
----------------- testing Fri Aug 30 05:38:24 UTC 2019 /home/travis/build/icyphy/ptII/ptolemy/actor/lib/test/auto/OrderedRecordDisassembler2.xml
----------------- Instantiating /home/travis/build/icyphy/ptII/ptolemy/actor/lib/test/auto/OrderedRecordDisassembler2.xml
5 ms. Memory: 443392K Free: 151671K (34%)
----------------- Invoking toplevel() on ptolemy.moml.MoMLSimpleApplication@3c49f609
----------------- Done invoking toplevel() on ptolemy.moml.MoMLSimpleApplication@3c49f609
reloadAllAccessors: .OrderedRecordDisassembler2

===========================================================================================
----------------- testing Fri Aug 30 05:38:24 UTC 2019 /home/travis/build/icyphy/ptII/ptolemy/actor/lib/test/auto/OrderedRecordUpdater.xml
----------------- Instantiating /home/travis/build/icyphy/ptII/ptolemy/actor/lib/test/auto/OrderedRecordUpdater.xml
2 ms. Memory: 443392K Free: 146551K (33%)
----------------- Invoking toplevel() on ptolemy.moml.MoMLSimpleApplication@7d68726f
----------------- Done invoking toplevel() on ptolemy.moml.MoMLSimpleApplication@7d68726f
reloadAllAccessors: .RecordUpdater

===========================================================================================
----------------- testing Fri Aug 30 05:38:24 UTC 2019 /home/travis/build/icyphy/ptII/ptolemy/actor/lib/test/auto/OrderedRecordUpdater2.xml
----------------- Instantiating /home/travis/build/icyphy/ptII/ptolemy/actor/lib/test/auto/OrderedRecordUpdater2.xml
3 ms. Memory: 443392K Free: 141431K (32%)
----------------- Invoking toplevel() on ptolemy.moml.MoMLSimpleApplication@6870b38e
----------------- Done invoking toplevel() on ptolemy.moml.MoMLSimpleApplication@6870b38e
reloadAllAccessors: .RecordUpdater2

===========================================================================================
----------------- testing Fri Aug 30 05:38:24 UTC 2019 /home/travis/build/icyphy/ptII/ptolemy/actor/lib/test/auto/PhaseUnwrap.xml
----------------- Instantiating /home/travis/build/icyphy/ptII/ptolemy/actor/lib/test/auto/PhaseUnwrap.xml
2 ms. Memory: 443392K Free: 137335K (31%)
----------------- Invoking toplevel() on ptolemy.moml.MoMLSimpleApplication@641ea1b0
----------------- Done invoking toplevel() on ptolemy.moml.MoMLSimpleApplication@641ea1b0
reloadAllAccessors: .PhaseUnwrap

===========================================================================================
----------------- testing Fri Aug 30 05:38:24 UTC 2019 /home/travis/build/icyphy/ptII/ptolemy/actor/lib/test/auto/PoissonClock.xml
----------------- Instantiating /home/travis/build/icyphy/ptII/ptolemy/actor/lib/test/auto/PoissonClock.xml
2 ms. Memory: 443392K Free: 133239K (30%)
----------------- Invoking toplevel() on ptolemy.moml.MoMLSimpleApplication@2912e0b5
----------------- Done invoking toplevel() on ptolemy.moml.MoMLSimpleApplication@2912e0b5
reloadAllAccessors: .PoissonClock

===========================================================================================
----------------- testing Fri Aug 30 05:38:24 UTC 2019 /home/travis/build/icyphy/ptII/ptolemy/actor/lib/test/auto/PoissonClock2.xml
----------------- Instantiating /home/travis/build/icyphy/ptII/ptolemy/actor/lib/test/auto/PoissonClock2.xml
2 ms. Memory: 443392K Free: 390711K (88%)
----------------- Invoking toplevel() on ptolemy.moml.MoMLSimpleApplication@24cac5b5
----------------- Done invoking toplevel() on ptolemy.moml.MoMLSimpleApplication@24cac5b5
reloadAllAccessors: .PoissonClock2

===========================================================================================
----------------- testing Fri Aug 30 05:38:24 UTC 2019 /home/travis/build/icyphy/ptII/ptolemy/actor/lib/test/auto/PoissonClock3.xml
----------------- Instantiating /home/travis/build/icyphy/ptII/ptolemy/actor/lib/test/auto/PoissonClock3.xml
3 ms. Memory: 443392K Free: 386105K (87%)
----------------- Invoking toplevel() on ptolemy.moml.MoMLSimpleApplication@550ea244
----------------- Done invoking toplevel() on ptolemy.moml.MoMLSimpleApplication@550ea244
reloadAllAccessors: .PoissonClock3

===========================================================================================
----------------- testing Fri Aug 30 05:38:24 UTC 2019 /home/travis/build/icyphy/ptII/ptolemy/actor/lib/test/auto/PubSubWithInitialTokens.xml
----------------- Instantiating /home/travis/build/icyphy/ptII/ptolemy/actor/lib/test/auto/PubSubWithInitialTokens.xml
3 ms. Memory: 443392K Free: 380441K (86%)
----------------- Invoking toplevel() on ptolemy.moml.MoMLSimpleApplication@49221d8e
----------------- Done invoking toplevel() on ptolemy.moml.MoMLSimpleApplication@49221d8e
reloadAllAccessors: .PubSubWithInitialTokens

===========================================================================================
----------------- testing Fri Aug 30 05:38:24 UTC 2019 /home/travis/build/icyphy/ptII/ptolemy/actor/lib/test/auto/PubSubWithInitialTokens2.xml
----------------- Instantiating /home/travis/build/icyphy/ptII/ptolemy/actor/lib/test/auto/PubSubWithInitialTokens2.xml
4 ms. Memory: 443392K Free: 374321K (84%)
----------------- Invoking toplevel() on ptolemy.moml.MoMLSimpleApplication@7660dabf
----------------- Done invoking toplevel() on ptolemy.moml.MoMLSimpleApplication@7660dabf
reloadAllAccessors: .PubSubWithInitialTokens2

===========================================================================================
----------------- testing Fri Aug 30 05:38:24 UTC 2019 /home/travis/build/icyphy/ptII/ptolemy/actor/lib/test/auto/PublisherClassNoParameter.xml
----------------- Instantiating /home/travis/build/icyphy/ptII/ptolemy/actor/lib/test/auto/PublisherClassNoParameter.xml
9 ms. Memory: 443392K Free: 364601K (82%)
----------------- Invoking toplevel() on ptolemy.moml.MoMLSimpleApplication@1a8aef7a
----------------- Done invoking toplevel() on ptolemy.moml.MoMLSimpleApplication@1a8aef7a
reloadAllAccessors: .PublisherClassNoParameter

===========================================================================================
----------------- testing Fri Aug 30 05:38:24 UTC 2019 /home/travis/build/icyphy/ptII/ptolemy/actor/lib/test/auto/PublisherClassParameter.xml
----------------- Instantiating /home/travis/build/icyphy/ptII/ptolemy/actor/lib/test/auto/PublisherClassParameter.xml
3 ms. Memory: 443392K Free: 354857K (80%)
----------------- Invoking toplevel() on ptolemy.moml.MoMLSimpleApplication@1f2abef8
----------------- Done invoking toplevel() on ptolemy.moml.MoMLSimpleApplication@1f2abef8
reloadAllAccessors: .PublisherClassParameter

===========================================================================================
----------------- testing Fri Aug 30 05:38:24 UTC 2019 /home/travis/build/icyphy/ptII/ptolemy/actor/lib/test/auto/PublisherNonStrictTest.xml
----------------- Instantiating /home/travis/build/icyphy/ptII/ptolemy/actor/lib/test/auto/PublisherNonStrictTest.xml
4 ms. Memory: 443392K Free: 347193K (78%)
----------------- Invoking toplevel() on ptolemy.moml.MoMLSimpleApplication@743c485d
----------------- Done invoking toplevel() on ptolemy.moml.MoMLSimpleApplication@743c485d
reloadAllAccessors: .PublisherNonStrictTest

===========================================================================================
----------------- testing Fri Aug 30 05:38:24 UTC 2019 /home/travis/build/icyphy/ptII/ptolemy/actor/lib/test/auto/PublisherPort1.xml
----------------- Instantiating /home/travis/build/icyphy/ptII/ptolemy/actor/lib/test/auto/PublisherPort1.xml
13 ms. Memory: 443392K Free: 341545K (77%)
----------------- Invoking toplevel() on ptolemy.moml.MoMLSimpleApplication@664c1eb9
----------------- Done invoking toplevel() on ptolemy.moml.MoMLSimpleApplication@664c1eb9
reloadAllAccessors: .PublisherPort1

===========================================================================================
----------------- testing Fri Aug 30 05:38:24 UTC 2019 /home/travis/build/icyphy/ptII/ptolemy/actor/lib/test/auto/PublisherPort2.xml
----------------- Instantiating /home/travis/build/icyphy/ptII/ptolemy/actor/lib/test/auto/PublisherPort2.xml
2 ms. Memory: 443392K Free: 336439K (76%)
----------------- Invoking toplevel() on ptolemy.moml.MoMLSimpleApplication@1e2db46f
----------------- Done invoking toplevel() on ptolemy.moml.MoMLSimpleApplication@1e2db46f
reloadAllAccessors: .PublisherPort2

===========================================================================================
----------------- testing Fri Aug 30 05:38:24 UTC 2019 /home/travis/build/icyphy/ptII/ptolemy/actor/lib/test/auto/PublisherPort3.xml
----------------- Instantiating /home/travis/build/icyphy/ptII/ptolemy/actor/lib/test/auto/PublisherPort3.xml
4 ms. Memory: 443392K Free: 329785K (74%)
----------------- Invoking toplevel() on ptolemy.moml.MoMLSimpleApplication@44006981
----------------- Done invoking toplevel() on ptolemy.moml.MoMLSimpleApplication@44006981
reloadAllAccessors: .PublisherPort3

===========================================================================================
----------------- testing Fri Aug 30 05:38:24 UTC 2019 /home/travis/build/icyphy/ptII/ptolemy/actor/lib/test/auto/PublisherPort4.xml
----------------- Instantiating /home/travis/build/icyphy/ptII/ptolemy/actor/lib/test/auto/PublisherPort4.xml
3 ms. Memory: 443392K Free: 324137K (73%)
----------------- Invoking toplevel() on ptolemy.moml.MoMLSimpleApplication@71e26aef
----------------- Done invoking toplevel() on ptolemy.moml.MoMLSimpleApplication@71e26aef
reloadAllAccessors: .PublisherPort4

===========================================================================================
----------------- testing Fri Aug 30 05:38:24 UTC 2019 /home/travis/build/icyphy/ptII/ptolemy/actor/lib/test/auto/PublisherPort5.xml
----------------- Instantiating /home/travis/build/icyphy/ptII/ptolemy/actor/lib/test/auto/PublisherPort5.xml
4 ms. Memory: 443392K Free: 316473K (71%)
----------------- Invoking toplevel() on ptolemy.moml.MoMLSimpleApplication@1eaa44f5
----------------- Done invoking toplevel() on ptolemy.moml.MoMLSimpleApplication@1eaa44f5
reloadAllAccessors: .PublisherPort5

===========================================================================================
----------------- testing Fri Aug 30 05:38:24 UTC 2019 /home/travis/build/icyphy/ptII/ptolemy/actor/lib/test/auto/PublisherPort5LookAlike.xml
----------------- Instantiating /home/travis/build/icyphy/ptII/ptolemy/actor/lib/test/auto/PublisherPort5LookAlike.xml
9 ms. Memory: 443392K Free: 308791K (70%)
----------------- Invoking toplevel() on ptolemy.moml.MoMLSimpleApplication@39936c25
----------------- Done invoking toplevel() on ptolemy.moml.MoMLSimpleApplication@39936c25
reloadAllAccessors: .PublisherPort5LookAlike

===========================================================================================
----------------- testing Fri Aug 30 05:38:24 UTC 2019 /home/travis/build/icyphy/ptII/ptolemy/actor/lib/test/auto/PublisherPort6.xml
----------------- Instantiating /home/travis/build/icyphy/ptII/ptolemy/actor/lib/test/auto/PublisherPort6.xml
3 ms. Memory: 443392K Free: 302137K (68%)
----------------- Invoking toplevel() on ptolemy.moml.MoMLSimpleApplication@61059842
----------------- Done invoking toplevel() on ptolemy.moml.MoMLSimpleApplication@61059842
reloadAllAccessors: .PublisherPort6

===========================================================================================
----------------- testing Fri Aug 30 05:38:24 UTC 2019 /home/travis/build/icyphy/ptII/ptolemy/actor/lib/test/auto/PublisherPort7.xml
----------------- Instantiating /home/travis/build/icyphy/ptII/ptolemy/actor/lib/test/auto/PublisherPort7.xml
4 ms. Memory: 443392K Free: 294455K (66%)
----------------- Invoking toplevel() on ptolemy.moml.MoMLSimpleApplication@716a8407
----------------- Done invoking toplevel() on ptolemy.moml.MoMLSimpleApplication@716a8407
reloadAllAccessors: .PublisherPort7

===========================================================================================
----------------- testing Fri Aug 30 05:38:24 UTC 2019 /home/travis/build/icyphy/ptII/ptolemy/actor/lib/test/auto/PublisherPort8.xml
----------------- Instantiating /home/travis/build/icyphy/ptII/ptolemy/actor/lib/test/auto/PublisherPort8.xml
10 ms. Memory: 443392K Free: 286263K (65%)
----------------- Invoking toplevel() on ptolemy.moml.MoMLSimpleApplication@6618f3cf
----------------- Done invoking toplevel() on ptolemy.moml.MoMLSimpleApplication@6618f3cf
reloadAllAccessors: .PublisherPort8

===========================================================================================
----------------- testing Fri Aug 30 05:38:24 UTC 2019 /home/travis/build/icyphy/ptII/ptolemy/actor/lib/test/auto/PublisherPortSubscriberChannelVariablesAOC2.xml
----------------- Instantiating /home/travis/build/icyphy/ptII/ptolemy/actor/lib/test/auto/PublisherPortSubscriberChannelVariablesAOC2.xml
4 ms. Memory: 443392K Free: 268855K (61%)
----------------- Invoking toplevel() on ptolemy.moml.MoMLSimpleApplication@4743a5b7
----------------- Done invoking toplevel() on ptolemy.moml.MoMLSimpleApplication@4743a5b7
reloadAllAccessors: .PublisherPortSubscriberChannelVariablesAOC2

===========================================================================================
----------------- testing Fri Aug 30 05:38:24 UTC 2019 /home/travis/build/icyphy/ptII/ptolemy/actor/lib/test/auto/PublisherPortSubscriberOpaqueWidthInference.xml
----------------- Instantiating /home/travis/build/icyphy/ptII/ptolemy/actor/lib/test/auto/PublisherPortSubscriberOpaqueWidthInference.xml
5 ms. Memory: 443392K Free: 260649K (59%)
----------------- Invoking toplevel() on ptolemy.moml.MoMLSimpleApplication@41390943
----------------- Done invoking toplevel() on ptolemy.moml.MoMLSimpleApplication@41390943
reloadAllAccessors: .PublisherPortSubscriberOpaqueWidthInference

===========================================================================================
----------------- testing Fri Aug 30 05:38:24 UTC 2019 /home/travis/build/icyphy/ptII/ptolemy/actor/lib/test/auto/PublisherPortSubscriberPortAdjacent.xml
----------------- Instantiating /home/travis/build/icyphy/ptII/ptolemy/actor/lib/test/auto/PublisherPortSubscriberPortAdjacent.xml
2 ms. Memory: 443392K Free: 252471K (57%)
----------------- Invoking toplevel() on ptolemy.moml.MoMLSimpleApplication@79defafa
----------------- Done invoking toplevel() on ptolemy.moml.MoMLSimpleApplication@79defafa
reloadAllAccessors: .PublisherPortSubscriberPortAdjacent

===========================================================================================
----------------- testing Fri Aug 30 05:38:24 UTC 2019 /home/travis/build/icyphy/ptII/ptolemy/actor/lib/test/auto/PublisherPortSubscriberPortExpression.xml
----------------- Instantiating /home/travis/build/icyphy/ptII/ptolemy/actor/lib/test/auto/PublisherPortSubscriberPortExpression.xml
10 ms. Memory: 443392K Free: 244793K (55%)
----------------- Invoking toplevel() on ptolemy.moml.MoMLSimpleApplication@290c99d5
----------------- Done invoking toplevel() on ptolemy.moml.MoMLSimpleApplication@290c99d5
reloadAllAccessors: .PublisherPortSubscriberPortExpression

===========================================================================================
----------------- testing Fri Aug 30 05:38:24 UTC 2019 /home/travis/build/icyphy/ptII/ptolemy/actor/lib/test/auto/PublisherPortSubscriberPortOpaqueD3Reverse.xml
----------------- Instantiating /home/travis/build/icyphy/ptII/ptolemy/actor/lib/test/auto/PublisherPortSubscriberPortOpaqueD3Reverse.xml
9 ms. Memory: 443392K Free: 234553K (53%)
----------------- Invoking toplevel() on ptolemy.moml.MoMLSimpleApplication@64b56469
----------------- Done invoking toplevel() on ptolemy.moml.MoMLSimpleApplication@64b56469
reloadAllAccessors: .PublisherPortSubscriberPortOpaqueD3Reverse

===========================================================================================
----------------- testing Fri Aug 30 05:38:24 UTC 2019 /home/travis/build/icyphy/ptII/ptolemy/actor/lib/test/auto/PublisherPortSubscriberPortOpaqueWidthInference.xml
----------------- Instantiating /home/travis/build/icyphy/ptII/ptolemy/actor/lib/test/auto/PublisherPortSubscriberPortOpaqueWidthInference.xml
4 ms. Memory: 443392K Free: 226857K (51%)
----------------- Invoking toplevel() on ptolemy.moml.MoMLSimpleApplication@8853c47
----------------- Done invoking toplevel() on ptolemy.moml.MoMLSimpleApplication@8853c47
reloadAllAccessors: .PublisherPortSubscriberPortOpaqueWidthInference

===========================================================================================
----------------- testing Fri Aug 30 05:38:24 UTC 2019 /home/travis/build/icyphy/ptII/ptolemy/actor/lib/test/auto/PublisherPortToplevelSubscriberPortAOC.xml
----------------- Instantiating /home/travis/build/icyphy/ptII/ptolemy/actor/lib/test/auto/PublisherPortToplevelSubscriberPortAOC.xml
.PublisherPortToplevelSubscriberPortAOC.TestExceptionAttribute: initialize() was not invoked, but wrapup() was.  This is unusual, but not always a problem.  For example, exporting JNLP will do this.
1 ms. Memory: 443392K Free: 221241K (50%)
----------------- Invoking toplevel() on ptolemy.moml.MoMLSimpleApplication@366cd936
----------------- Done invoking toplevel() on ptolemy.moml.MoMLSimpleApplication@366cd936
reloadAllAccessors: .PublisherPortToplevelSubscriberPortAOC

===========================================================================================
----------------- testing Fri Aug 30 05:38:24 UTC 2019 /home/travis/build/icyphy/ptII/ptolemy/actor/lib/test/auto/PublisherSubscriber.xml
----------------- Instantiating /home/travis/build/icyphy/ptII/ptolemy/actor/lib/test/auto/PublisherSubscriber.xml
4 ms. Memory: 443392K Free: 213529K (48%)
----------------- Invoking toplevel() on ptolemy.moml.MoMLSimpleApplication@7010d57a
----------------- Done invoking toplevel() on ptolemy.moml.MoMLSimpleApplication@7010d57a
reloadAllAccessors: .PublisherSubscriber

===========================================================================================
----------------- testing Fri Aug 30 05:38:24 UTC 2019 /home/travis/build/icyphy/ptII/ptolemy/actor/lib/test/auto/PublisherSubscriber10.xml
----------------- Instantiating /home/travis/build/icyphy/ptII/ptolemy/actor/lib/test/auto/PublisherSubscriber10.xml
11 ms. Memory: 443392K Free: 203833K (46%)
----------------- Invoking toplevel() on ptolemy.moml.MoMLSimpleApplication@4451c719
----------------- Done invoking toplevel() on ptolemy.moml.MoMLSimpleApplication@4451c719
reloadAllAccessors: .PublisherSubscriber10

===========================================================================================
----------------- testing Fri Aug 30 05:38:24 UTC 2019 /home/travis/build/icyphy/ptII/ptolemy/actor/lib/test/auto/PublisherSubscriber10InitialOutputs.xml
----------------- Instantiating /home/travis/build/icyphy/ptII/ptolemy/actor/lib/test/auto/PublisherSubscriber10InitialOutputs.xml
6 ms. Memory: 443392K Free: 194617K (44%)
----------------- Invoking toplevel() on ptolemy.moml.MoMLSimpleApplication@4c24828c
----------------- Done invoking toplevel() on ptolemy.moml.MoMLSimpleApplication@4c24828c
reloadAllAccessors: .PublisherSubscriber10InitialOutputs

===========================================================================================
----------------- testing Fri Aug 30 05:38:24 UTC 2019 /home/travis/build/icyphy/ptII/ptolemy/actor/lib/test/auto/PublisherSubscriber11.xml
----------------- Instantiating /home/travis/build/icyphy/ptII/ptolemy/actor/lib/test/auto/PublisherSubscriber11.xml
3 ms. Memory: 443392K Free: 188473K (43%)
----------------- Invoking toplevel() on ptolemy.moml.MoMLSimpleApplication@14b6a191
----------------- Done invoking toplevel() on ptolemy.moml.MoMLSimpleApplication@14b6a191
reloadAllAccessors: .PublisherSubscriber11

===========================================================================================
----------------- testing Fri Aug 30 05:38:24 UTC 2019 /home/travis/build/icyphy/ptII/ptolemy/actor/lib/test/auto/PublisherSubscriber12.xml
----------------- Instantiating /home/travis/build/icyphy/ptII/ptolemy/actor/lib/test/auto/PublisherSubscriber12.xml
3 ms. Memory: 443392K Free: 181305K (41%)
----------------- Invoking toplevel() on ptolemy.moml.MoMLSimpleApplication@13f8a3ef
----------------- Done invoking toplevel() on ptolemy.moml.MoMLSimpleApplication@13f8a3ef
reloadAllAccessors: .PublisherSubscriber12

===========================================================================================
----------------- testing Fri Aug 30 05:38:24 UTC 2019 /home/travis/build/icyphy/ptII/ptolemy/actor/lib/test/auto/PublisherSubscriber13.xml
----------------- Instantiating /home/travis/build/icyphy/ptII/ptolemy/actor/lib/test/auto/PublisherSubscriber13.xml
3 ms. Memory: 443392K Free: 175641K (40%)
----------------- Invoking toplevel() on ptolemy.moml.MoMLSimpleApplication@4102e55
----------------- Done invoking toplevel() on ptolemy.moml.MoMLSimpleApplication@4102e55
reloadAllAccessors: .PublisherSubscriber13

===========================================================================================
----------------- testing Fri Aug 30 05:38:24 UTC 2019 /home/travis/build/icyphy/ptII/ptolemy/actor/lib/test/auto/PublisherSubscriber14.xml
----------------- Instantiating /home/travis/build/icyphy/ptII/ptolemy/actor/lib/test/auto/PublisherSubscriber14.xml
3 ms. Memory: 443392K Free: 166969K (38%)
----------------- Invoking toplevel() on ptolemy.moml.MoMLSimpleApplication@efacc5f
----------------- Done invoking toplevel() on ptolemy.moml.MoMLSimpleApplication@efacc5f
reloadAllAccessors: .PublisherSubscriber14

===========================================================================================
----------------- testing Fri Aug 30 05:38:24 UTC 2019 /home/travis/build/icyphy/ptII/ptolemy/actor/lib/test/auto/PublisherSubscriber2.xml
----------------- Instantiating /home/travis/build/icyphy/ptII/ptolemy/actor/lib/test/auto/PublisherSubscriber2.xml
3 ms. Memory: 443392K Free: 161849K (37%)
----------------- Invoking toplevel() on ptolemy.moml.MoMLSimpleApplication@1a39ed83
----------------- Done invoking toplevel() on ptolemy.moml.MoMLSimpleApplication@1a39ed83
reloadAllAccessors: .PublisherSubscriber2

===========================================================================================
----------------- testing Fri Aug 30 05:38:24 UTC 2019 /home/travis/build/icyphy/ptII/ptolemy/actor/lib/test/auto/PublisherSubscriber3.xml
----------------- Instantiating /home/travis/build/icyphy/ptII/ptolemy/actor/lib/test/auto/PublisherSubscriber3.xml
3 ms. Memory: 443392K Free: 156185K (35%)
----------------- Invoking toplevel() on ptolemy.moml.MoMLSimpleApplication@285ce882
----------------- Done invoking toplevel() on ptolemy.moml.MoMLSimpleApplication@285ce882
reloadAllAccessors: .PublisherSubscriber3

===========================================================================================
----------------- testing Fri Aug 30 05:38:25 UTC 2019 /home/travis/build/icyphy/ptII/ptolemy/actor/lib/test/auto/PublisherSubscriber4.xml
----------------- Instantiating /home/travis/build/icyphy/ptII/ptolemy/actor/lib/test/auto/PublisherSubscriber4.xml
2 ms. Memory: 443392K Free: 151065K (34%)
----------------- Invoking toplevel() on ptolemy.moml.MoMLSimpleApplication@4c76c6f5
----------------- Done invoking toplevel() on ptolemy.moml.MoMLSimpleApplication@4c76c6f5
reloadAllAccessors: .PublisherSubscriber4

===========================================================================================
----------------- testing Fri Aug 30 05:38:25 UTC 2019 /home/travis/build/icyphy/ptII/ptolemy/actor/lib/test/auto/PublisherSubscriber5.xml
----------------- Instantiating /home/travis/build/icyphy/ptII/ptolemy/actor/lib/test/auto/PublisherSubscriber5.xml
3 ms. Memory: 443392K Free: 144441K (33%)
----------------- Invoking toplevel() on ptolemy.moml.MoMLSimpleApplication@288856a3
----------------- Done invoking toplevel() on ptolemy.moml.MoMLSimpleApplication@288856a3
reloadAllAccessors: .PublisherSubscriber5

===========================================================================================
----------------- testing Fri Aug 30 05:38:25 UTC 2019 /home/travis/build/icyphy/ptII/ptolemy/actor/lib/test/auto/PublisherSubscriber6.xml
----------------- Instantiating /home/travis/build/icyphy/ptII/ptolemy/actor/lib/test/auto/PublisherSubscriber6.xml
2 ms. Memory: 443392K Free: 137777K (31%)
----------------- Invoking toplevel() on ptolemy.moml.MoMLSimpleApplication@295a8eeb
----------------- Done invoking toplevel() on ptolemy.moml.MoMLSimpleApplication@295a8eeb
reloadAllAccessors: .PublisherSubscriber6

===========================================================================================
----------------- testing Fri Aug 30 05:38:25 UTC 2019 /home/travis/build/icyphy/ptII/ptolemy/actor/lib/test/auto/PublisherSubscriber7.xml
----------------- Instantiating /home/travis/build/icyphy/ptII/ptolemy/actor/lib/test/auto/PublisherSubscriber7.xml
3 ms. Memory: 443392K Free: 392463K (89%)
----------------- Invoking toplevel() on ptolemy.moml.MoMLSimpleApplication@35ef996b
----------------- Done invoking toplevel() on ptolemy.moml.MoMLSimpleApplication@35ef996b
reloadAllAccessors: .PublisherSubscriber7

===========================================================================================
----------------- testing Fri Aug 30 05:38:25 UTC 2019 /home/travis/build/icyphy/ptII/ptolemy/actor/lib/test/auto/PublisherSubscriber8.xml
----------------- Instantiating /home/travis/build/icyphy/ptII/ptolemy/actor/lib/test/auto/PublisherSubscriber8.xml
28 ms. Memory: 443392K Free: 380689K (86%)
----------------- Invoking toplevel() on ptolemy.moml.MoMLSimpleApplication@508d9dbe
----------------- Done invoking toplevel() on ptolemy.moml.MoMLSimpleApplication@508d9dbe
reloadAllAccessors: .PublisherSubscriber8

===========================================================================================
----------------- testing Fri Aug 30 05:38:25 UTC 2019 /home/travis/build/icyphy/ptII/ptolemy/actor/lib/test/auto/PublisherSubscriber9.xml
----------------- Instantiating /home/travis/build/icyphy/ptII/ptolemy/actor/lib/test/auto/PublisherSubscriber9.xml
3 ms. Memory: 443392K Free: 373521K (84%)
----------------- Invoking toplevel() on ptolemy.moml.MoMLSimpleApplication@38e22139
----------------- Done invoking toplevel() on ptolemy.moml.MoMLSimpleApplication@38e22139
reloadAllAccessors: .PublisherSubscriber9

===========================================================================================
----------------- testing Fri Aug 30 05:38:25 UTC 2019 /home/travis/build/icyphy/ptII/ptolemy/actor/lib/test/auto/PublisherSubscriberAdjacent.xml
----------------- Instantiating /home/travis/build/icyphy/ptII/ptolemy/actor/lib/test/auto/PublisherSubscriberAdjacent.xml
2 ms. Memory: 443392K Free: 364815K (82%)
----------------- Invoking toplevel() on ptolemy.moml.MoMLSimpleApplication@45084889
----------------- Done invoking toplevel() on ptolemy.moml.MoMLSimpleApplication@45084889
reloadAllAccessors: .PublisherSubscriberAdjacent

===========================================================================================
----------------- testing Fri Aug 30 05:38:25 UTC 2019 /home/travis/build/icyphy/ptII/ptolemy/actor/lib/test/auto/PublisherSubscriberChannelVariablesAOC2.xml
----------------- Instantiating /home/travis/build/icyphy/ptII/ptolemy/actor/lib/test/auto/PublisherSubscriberChannelVariablesAOC2.xml
4 ms. Memory: 443392K Free: 349441K (79%)
----------------- Invoking toplevel() on ptolemy.moml.MoMLSimpleApplication@19715bf0
----------------- Done invoking toplevel() on ptolemy.moml.MoMLSimpleApplication@19715bf0
reloadAllAccessors: .PublisherSubscriberChannelVariablesAOC2

===========================================================================================
----------------- testing Fri Aug 30 05:38:25 UTC 2019 /home/travis/build/icyphy/ptII/ptolemy/actor/lib/test/auto/PublisherSubscriberD3.xml
----------------- Instantiating /home/travis/build/icyphy/ptII/ptolemy/actor/lib/test/auto/PublisherSubscriberD3.xml
2 ms. Memory: 443392K Free: 342287K (77%)
----------------- Invoking toplevel() on ptolemy.moml.MoMLSimpleApplication@5f4181c6
----------------- Done invoking toplevel() on ptolemy.moml.MoMLSimpleApplication@5f4181c6
reloadAllAccessors: .PublisherSubscriberD3

===========================================================================================
----------------- testing Fri Aug 30 05:38:25 UTC 2019 /home/travis/build/icyphy/ptII/ptolemy/actor/lib/test/auto/PublisherSubscriberD3Reverse.xml
----------------- Instantiating /home/travis/build/icyphy/ptII/ptolemy/actor/lib/test/auto/PublisherSubscriberD3Reverse.xml
2 ms. Memory: 443392K Free: 336143K (76%)
----------------- Invoking toplevel() on ptolemy.moml.MoMLSimpleApplication@297909e4
----------------- Done invoking toplevel() on ptolemy.moml.MoMLSimpleApplication@297909e4
reloadAllAccessors: .PublisherSubscriberD3Reverse

===========================================================================================
----------------- testing Fri Aug 30 05:38:25 UTC 2019 /home/travis/build/icyphy/ptII/ptolemy/actor/lib/test/auto/PublisherSubscriberExpression.xml
----------------- Instantiating /home/travis/build/icyphy/ptII/ptolemy/actor/lib/test/auto/PublisherSubscriberExpression.xml
4 ms. Memory: 443392K Free: 327921K (74%)
----------------- Invoking toplevel() on ptolemy.moml.MoMLSimpleApplication@3e8b5ab2
----------------- Done invoking toplevel() on ptolemy.moml.MoMLSimpleApplication@3e8b5ab2
reloadAllAccessors: .PublisherSubscriberExpression

===========================================================================================
----------------- testing Fri Aug 30 05:38:25 UTC 2019 /home/travis/build/icyphy/ptII/ptolemy/actor/lib/test/auto/PublisherSubscriberOpaque.xml
----------------- Instantiating /home/travis/build/icyphy/ptII/ptolemy/actor/lib/test/auto/PublisherSubscriberOpaque.xml
4 ms. Memory: 443392K Free: 319249K (72%)
----------------- Invoking toplevel() on ptolemy.moml.MoMLSimpleApplication@6e722c71
----------------- Done invoking toplevel() on ptolemy.moml.MoMLSimpleApplication@6e722c71
reloadAllAccessors: .PublisherSubscriberOpaque

===========================================================================================
----------------- testing Fri Aug 30 05:38:25 UTC 2019 /home/travis/build/icyphy/ptII/ptolemy/actor/lib/test/auto/PublisherSubscriberOpaqueD3.xml
----------------- Instantiating /home/travis/build/icyphy/ptII/ptolemy/actor/lib/test/auto/PublisherSubscriberOpaqueD3.xml
7 ms. Memory: 443392K Free: 307985K (69%)
----------------- Invoking toplevel() on ptolemy.moml.MoMLSimpleApplication@732ebfe9
----------------- Done invoking toplevel() on ptolemy.moml.MoMLSimpleApplication@732ebfe9
reloadAllAccessors: .PublisherSubscriberOpaqueD3

===========================================================================================
----------------- testing Fri Aug 30 05:38:25 UTC 2019 /home/travis/build/icyphy/ptII/ptolemy/actor/lib/test/auto/PublisherSubscriberOpaqueD3Reverse.xml
----------------- Instantiating /home/travis/build/icyphy/ptII/ptolemy/actor/lib/test/auto/PublisherSubscriberOpaqueD3Reverse.xml
9 ms. Memory: 443392K Free: 297231K (67%)
----------------- Invoking toplevel() on ptolemy.moml.MoMLSimpleApplication@7e023a72
----------------- Done invoking toplevel() on ptolemy.moml.MoMLSimpleApplication@7e023a72
reloadAllAccessors: .PublisherSubscriberOpaqueD3Reverse

===========================================================================================
----------------- testing Fri Aug 30 05:38:25 UTC 2019 /home/travis/build/icyphy/ptII/ptolemy/actor/lib/test/auto/PublisherSubscriberOpaqueWidthInference.xml
----------------- Instantiating /home/travis/build/icyphy/ptII/ptolemy/actor/lib/test/auto/PublisherSubscriberOpaqueWidthInference.xml
5 ms. Memory: 443392K Free: 289025K (65%)
----------------- Invoking toplevel() on ptolemy.moml.MoMLSimpleApplication@4c3e043e
----------------- Done invoking toplevel() on ptolemy.moml.MoMLSimpleApplication@4c3e043e
reloadAllAccessors: .PublisherSubscriberOpaqueWidthInference

===========================================================================================
----------------- testing Fri Aug 30 05:38:25 UTC 2019 /home/travis/build/icyphy/ptII/ptolemy/actor/lib/test/auto/PublisherTestSubscriber.xml
----------------- Instantiating /home/travis/build/icyphy/ptII/ptolemy/actor/lib/test/auto/PublisherTestSubscriber.xml
3 ms. Memory: 443392K Free: 281361K (63%)
----------------- Invoking toplevel() on ptolemy.moml.MoMLSimpleApplication@3a4d2acf
----------------- Done invoking toplevel() on ptolemy.moml.MoMLSimpleApplication@3a4d2acf
reloadAllAccessors: .PublisherTestSubscriber

===========================================================================================
----------------- testing Fri Aug 30 05:38:25 UTC 2019 /home/travis/build/icyphy/ptII/ptolemy/actor/lib/test/auto/PublisherToplevelSubscriberPortAOC.xml
----------------- Instantiating /home/travis/build/icyphy/ptII/ptolemy/actor/lib/test/auto/PublisherToplevelSubscriberPortAOC.xml
2 ms. Memory: 443392K Free: 275217K (62%)
----------------- Invoking toplevel() on ptolemy.moml.MoMLSimpleApplication@23c22060
----------------- Done invoking toplevel() on ptolemy.moml.MoMLSimpleApplication@23c22060
reloadAllAccessors: .PublisherToplevelSubscriberPortAOC

===========================================================================================
----------------- testing Fri Aug 30 05:38:25 UTC 2019 /home/travis/build/icyphy/ptII/ptolemy/actor/lib/test/auto/PulseFiringLimitDE.xml
----------------- Instantiating /home/travis/build/icyphy/ptII/ptolemy/actor/lib/test/auto/PulseFiringLimitDE.xml
3 ms. Memory: 443392K Free: 269073K (61%)
----------------- Invoking toplevel() on ptolemy.moml.MoMLSimpleApplication@4168d6a5
----------------- Done invoking toplevel() on ptolemy.moml.MoMLSimpleApplication@4168d6a5
reloadAllAccessors: .PulseFiringLimitDE

===========================================================================================
----------------- testing Fri Aug 30 05:38:25 UTC 2019 /home/travis/build/icyphy/ptII/ptolemy/actor/lib/test/auto/Ramp1.xml
----------------- Instantiating /home/travis/build/icyphy/ptII/ptolemy/actor/lib/test/auto/Ramp1.xml
1 ms. Memory: 443392K Free: 264977K (60%)
----------------- Invoking toplevel() on ptolemy.moml.MoMLSimpleApplication@4828ef0a
----------------- Done invoking toplevel() on ptolemy.moml.MoMLSimpleApplication@4828ef0a
reloadAllAccessors: .Ramp1

===========================================================================================
----------------- testing Fri Aug 30 05:38:25 UTC 2019 /home/travis/build/icyphy/ptII/ptolemy/actor/lib/test/auto/RampFiringLimitDE.xml
----------------- Instantiating /home/travis/build/icyphy/ptII/ptolemy/actor/lib/test/auto/RampFiringLimitDE.xml
5 ms. Memory: 443392K Free: 258305K (58%)
----------------- Invoking toplevel() on ptolemy.moml.MoMLSimpleApplication@194e0441
----------------- Done invoking toplevel() on ptolemy.moml.MoMLSimpleApplication@194e0441
reloadAllAccessors: .RampFiringLimitDE

===========================================================================================
----------------- testing Fri Aug 30 05:38:25 UTC 2019 /home/travis/build/icyphy/ptII/ptolemy/actor/lib/test/auto/RampFiringLimitSDF.xml
----------------- Instantiating /home/travis/build/icyphy/ptII/ptolemy/actor/lib/test/auto/RampFiringLimitSDF.xml
3 ms. Memory: 443392K Free: 253185K (57%)
----------------- Invoking toplevel() on ptolemy.moml.MoMLSimpleApplication@76e6ab2
----------------- Done invoking toplevel() on ptolemy.moml.MoMLSimpleApplication@76e6ab2
reloadAllAccessors: .RampFiringLimitSDF

===========================================================================================
----------------- testing Fri Aug 30 05:38:25 UTC 2019 /home/travis/build/icyphy/ptII/ptolemy/actor/lib/test/auto/RandomInteger.xml
----------------- Instantiating /home/travis/build/icyphy/ptII/ptolemy/actor/lib/test/auto/RandomInteger.xml
1 ms. Memory: 443392K Free: 249103K (56%)
----------------- Invoking toplevel() on ptolemy.moml.MoMLSimpleApplication@21459aca
----------------- Done invoking toplevel() on ptolemy.moml.MoMLSimpleApplication@21459aca
reloadAllAccessors: .RandomInteger

===========================================================================================
----------------- testing Fri Aug 30 05:38:25 UTC 2019 /home/travis/build/icyphy/ptII/ptolemy/actor/lib/test/auto/ReadFile1.xml
----------------- Instantiating /home/travis/build/icyphy/ptII/ptolemy/actor/lib/test/auto/ReadFile1.xml
2 ms. Memory: 443392K Free: 244497K (55%)
----------------- Invoking toplevel() on ptolemy.moml.MoMLSimpleApplication@2fef55e0
----------------- Done invoking toplevel() on ptolemy.moml.MoMLSimpleApplication@2fef55e0
reloadAllAccessors: .ReadFile1

===========================================================================================
----------------- testing Fri Aug 30 05:38:25 UTC 2019 /home/travis/build/icyphy/ptII/ptolemy/actor/lib/test/auto/ReadFile2.xml
----------------- Instantiating /home/travis/build/icyphy/ptII/ptolemy/actor/lib/test/auto/ReadFile2.xml
2 ms. Memory: 443392K Free: 240401K (54%)
----------------- Invoking toplevel() on ptolemy.moml.MoMLSimpleApplication@51d9be05
----------------- Done invoking toplevel() on ptolemy.moml.MoMLSimpleApplication@51d9be05
reloadAllAccessors: .ReadFile2

===========================================================================================
----------------- testing Fri Aug 30 05:38:25 UTC 2019 /home/travis/build/icyphy/ptII/ptolemy/actor/lib/test/auto/Reader.xml
----------------- Instantiating /home/travis/build/icyphy/ptII/ptolemy/actor/lib/test/auto/Reader.xml
actor.lib.Reader is obsolete, use actor.lib.io.ExpressionReader instead
6 ms. Memory: 443392K Free: 236305K (53%)
----------------- Invoking toplevel() on ptolemy.moml.MoMLSimpleApplication@7486dd57
----------------- Done invoking toplevel() on ptolemy.moml.MoMLSimpleApplication@7486dd57
reloadAllAccessors: .Reader

===========================================================================================
----------------- testing Fri Aug 30 05:38:25 UTC 2019 /home/travis/build/icyphy/ptII/ptolemy/actor/lib/test/auto/RecordAssemblerDisplayNameTest.xml
----------------- Instantiating /home/travis/build/icyphy/ptII/ptolemy/actor/lib/test/auto/RecordAssemblerDisplayNameTest.xml
5457 ms. Memory: 443392K Free: 320800K (72%)
----------------- Invoking toplevel() on ptolemy.moml.MoMLSimpleApplication@578a631c
----------------- Done invoking toplevel() on ptolemy.moml.MoMLSimpleApplication@578a631c
reloadAllAccessors: .RecordAssemblerDisplayNameTest

===========================================================================================
----------------- testing Fri Aug 30 05:38:31 UTC 2019 /home/travis/build/icyphy/ptII/ptolemy/actor/lib/test/auto/RecordAssemblerTypeError.xml
----------------- Instantiating /home/travis/build/icyphy/ptII/ptolemy/actor/lib/test/auto/RecordAssemblerTypeError.xml
6 ms. Memory: 443392K Free: 311074K (70%)
----------------- Invoking toplevel() on ptolemy.moml.MoMLSimpleApplication@2c52f637
----------------- Done invoking toplevel() on ptolemy.moml.MoMLSimpleApplication@2c52f637
reloadAllAccessors: .RecordAssemblerTypeError

===========================================================================================
----------------- testing Fri Aug 30 05:38:31 UTC 2019 /home/travis/build/icyphy/ptII/ptolemy/actor/lib/test/auto/RecordDisassember.xml
----------------- Instantiating /home/travis/build/icyphy/ptII/ptolemy/actor/lib/test/auto/RecordDisassember.xml
15 ms. Memory: 443392K Free: 306434K (69%)
----------------- Invoking toplevel() on ptolemy.moml.MoMLSimpleApplication@31e8d49d
----------------- Done invoking toplevel() on ptolemy.moml.MoMLSimpleApplication@31e8d49d
reloadAllAccessors: .RecordDisassember

===========================================================================================
----------------- testing Fri Aug 30 05:38:31 UTC 2019 /home/travis/build/icyphy/ptII/ptolemy/actor/lib/test/auto/RecordDisassemberDisplayNameTest.xml
----------------- Instantiating /home/travis/build/icyphy/ptII/ptolemy/actor/lib/test/auto/RecordDisassemberDisplayNameTest.xml
7 ms. Memory: 443392K Free: 298786K (67%)
----------------- Invoking toplevel() on ptolemy.moml.MoMLSimpleApplication@5e6795f9
----------------- Done invoking toplevel() on ptolemy.moml.MoMLSimpleApplication@5e6795f9
reloadAllAccessors: .RecordDisassemberDisplayNameTest

===========================================================================================
----------------- testing Fri Aug 30 05:38:31 UTC 2019 /home/travis/build/icyphy/ptII/ptolemy/actor/lib/test/auto/RecordDisassembler.xml
----------------- Instantiating /home/travis/build/icyphy/ptII/ptolemy/actor/lib/test/auto/RecordDisassembler.xml
2 ms. Memory: 443392K Free: 293666K (66%)
----------------- Invoking toplevel() on ptolemy.moml.MoMLSimpleApplication@5befcca8
----------------- Done invoking toplevel() on ptolemy.moml.MoMLSimpleApplication@5befcca8
reloadAllAccessors: .RecordDisassembler

===========================================================================================
----------------- testing Fri Aug 30 05:38:31 UTC 2019 /home/travis/build/icyphy/ptII/ptolemy/actor/lib/test/auto/RecordDisassembler2.xml
----------------- Instantiating /home/travis/build/icyphy/ptII/ptolemy/actor/lib/test/auto/RecordDisassembler2.xml
4 ms. Memory: 443392K Free: 288546K (65%)
----------------- Invoking toplevel() on ptolemy.moml.MoMLSimpleApplication@154746b3
----------------- Done invoking toplevel() on ptolemy.moml.MoMLSimpleApplication@154746b3
reloadAllAccessors: .RecordDisassembler2

===========================================================================================
----------------- testing Fri Aug 30 05:38:31 UTC 2019 /home/travis/build/icyphy/ptII/ptolemy/actor/lib/test/auto/RecordUpdater.xml
----------------- Instantiating /home/travis/build/icyphy/ptII/ptolemy/actor/lib/test/auto/RecordUpdater.xml
4 ms. Memory: 443392K Free: 283936K (64%)
----------------- Invoking toplevel() on ptolemy.moml.MoMLSimpleApplication@629c4775
----------------- Done invoking toplevel() on ptolemy.moml.MoMLSimpleApplication@629c4775
reloadAllAccessors: .RecordUpdater

===========================================================================================
----------------- testing Fri Aug 30 05:38:31 UTC 2019 /home/travis/build/icyphy/ptII/ptolemy/actor/lib/test/auto/RecordUpdater2.xml
----------------- Instantiating /home/travis/build/icyphy/ptII/ptolemy/actor/lib/test/auto/RecordUpdater2.xml
2 ms. Memory: 443392K Free: 278816K (63%)
----------------- Invoking toplevel() on ptolemy.moml.MoMLSimpleApplication@1712f454
----------------- Done invoking toplevel() on ptolemy.moml.MoMLSimpleApplication@1712f454
reloadAllAccessors: .RecordUpdater2

===========================================================================================
----------------- testing Fri Aug 30 05:38:31 UTC 2019 /home/travis/build/icyphy/ptII/ptolemy/actor/lib/test/auto/RecursiveLattice.xml
----------------- Instantiating /home/travis/build/icyphy/ptII/ptolemy/actor/lib/test/auto/RecursiveLattice.xml
2 ms. Memory: 443392K Free: 274720K (62%)
----------------- Invoking toplevel() on ptolemy.moml.MoMLSimpleApplication@49e796ed
----------------- Done invoking toplevel() on ptolemy.moml.MoMLSimpleApplication@49e796ed
reloadAllAccessors: .RecursiveLattice

===========================================================================================
----------------- testing Fri Aug 30 05:38:31 UTC 2019 /home/travis/build/icyphy/ptII/ptolemy/actor/lib/test/auto/Router.xml
----------------- Instantiating /home/travis/build/icyphy/ptII/ptolemy/actor/lib/test/auto/Router.xml
3004 ms. Memory: 443392K Free: 262432K (59%)
----------------- Invoking toplevel() on ptolemy.moml.MoMLSimpleApplication@5abe496d
----------------- Done invoking toplevel() on ptolemy.moml.MoMLSimpleApplication@5abe496d
reloadAllAccessors: .Router

===========================================================================================
----------------- testing Fri Aug 30 05:38:34 UTC 2019 /home/travis/build/icyphy/ptII/ptolemy/actor/lib/test/auto/Router2.xml
----------------- Instantiating /home/travis/build/icyphy/ptII/ptolemy/actor/lib/test/auto/Router2.xml
3005 ms. Memory: 443392K Free: 251682K (57%)
----------------- Invoking toplevel() on ptolemy.moml.MoMLSimpleApplication@7539f496
----------------- Done invoking toplevel() on ptolemy.moml.MoMLSimpleApplication@7539f496
reloadAllAccessors: .Router2

===========================================================================================
----------------- testing Fri Aug 30 05:38:37 UTC 2019 /home/travis/build/icyphy/ptII/ptolemy/actor/lib/test/auto/RunningMaximum.xml
----------------- Instantiating /home/travis/build/icyphy/ptII/ptolemy/actor/lib/test/auto/RunningMaximum.xml
8 ms. Memory: 443392K Free: 247072K (56%)
----------------- Invoking toplevel() on ptolemy.moml.MoMLSimpleApplication@7e7df1df
----------------- Done invoking toplevel() on ptolemy.moml.MoMLSimpleApplication@7e7df1df
reloadAllAccessors: .RunningMaximum

===========================================================================================
----------------- testing Fri Aug 30 05:38:37 UTC 2019 /home/travis/build/icyphy/ptII/ptolemy/actor/lib/test/auto/RunningMinimum.xml
----------------- Instantiating /home/travis/build/icyphy/ptII/ptolemy/actor/lib/test/auto/RunningMinimum.xml
15 ms. Memory: 443392K Free: 241952K (55%)
----------------- Invoking toplevel() on ptolemy.moml.MoMLSimpleApplication@20a2d07a
----------------- Done invoking toplevel() on ptolemy.moml.MoMLSimpleApplication@20a2d07a
reloadAllAccessors: .RunningMinimum

===========================================================================================
----------------- testing Fri Aug 30 05:38:37 UTC 2019 /home/travis/build/icyphy/ptII/ptolemy/actor/lib/test/auto/Scale.xml
----------------- Instantiating /home/travis/build/icyphy/ptII/ptolemy/actor/lib/test/auto/Scale.xml
3 ms. Memory: 443392K Free: 237346K (54%)
----------------- Invoking toplevel() on ptolemy.moml.MoMLSimpleApplication@525abc20
----------------- Done invoking toplevel() on ptolemy.moml.MoMLSimpleApplication@525abc20
reloadAllAccessors: .Scale

===========================================================================================
----------------- testing Fri Aug 30 05:38:37 UTC 2019 /home/travis/build/icyphy/ptII/ptolemy/actor/lib/test/auto/Scale2.xml
----------------- Instantiating /home/travis/build/icyphy/ptII/ptolemy/actor/lib/test/auto/Scale2.xml
2 ms. Memory: 443392K Free: 232736K (52%)
----------------- Invoking toplevel() on ptolemy.moml.MoMLSimpleApplication@5f16b63c
----------------- Done invoking toplevel() on ptolemy.moml.MoMLSimpleApplication@5f16b63c
reloadAllAccessors: .Scale2

===========================================================================================
----------------- testing Fri Aug 30 05:38:37 UTC 2019 /home/travis/build/icyphy/ptII/ptolemy/actor/lib/test/auto/Scale3.xml
----------------- Instantiating /home/travis/build/icyphy/ptII/ptolemy/actor/lib/test/auto/Scale3.xml
4 ms. Memory: 443392K Free: 226082K (51%)
----------------- Invoking toplevel() on ptolemy.moml.MoMLSimpleApplication@c230302
----------------- Done invoking toplevel() on ptolemy.moml.MoMLSimpleApplication@c230302
reloadAllAccessors: .Scale3

===========================================================================================
----------------- testing Fri Aug 30 05:38:37 UTC 2019 /home/travis/build/icyphy/ptII/ptolemy/actor/lib/test/auto/ScaleArray.xml
----------------- Instantiating /home/travis/build/icyphy/ptII/ptolemy/actor/lib/test/auto/ScaleArray.xml
2 ms. Memory: 443392K Free: 221472K (50%)
----------------- Invoking toplevel() on ptolemy.moml.MoMLSimpleApplication@7f865920
----------------- Done invoking toplevel() on ptolemy.moml.MoMLSimpleApplication@7f865920
reloadAllAccessors: .ScaleArray

===========================================================================================
----------------- testing Fri Aug 30 05:38:37 UTC 2019 /home/travis/build/icyphy/ptII/ptolemy/actor/lib/test/auto/ScaleArray2.xml
----------------- Instantiating /home/travis/build/icyphy/ptII/ptolemy/actor/lib/test/auto/ScaleArray2.xml
1 ms. Memory: 443392K Free: 216866K (49%)
----------------- Invoking toplevel() on ptolemy.moml.MoMLSimpleApplication@e7f1eb7
----------------- Done invoking toplevel() on ptolemy.moml.MoMLSimpleApplication@e7f1eb7
reloadAllAccessors: .ScaleArray2

===========================================================================================
----------------- testing Fri Aug 30 05:38:37 UTC 2019 /home/travis/build/icyphy/ptII/ptolemy/actor/lib/test/auto/ScaleMatrix.xml
----------------- Instantiating /home/travis/build/icyphy/ptII/ptolemy/actor/lib/test/auto/ScaleMatrix.xml
194 ms. Memory: 443392K Free: 203554K (46%)
----------------- Invoking toplevel() on ptolemy.moml.MoMLSimpleApplication@6ecbf05f
----------------- Done invoking toplevel() on ptolemy.moml.MoMLSimpleApplication@6ecbf05f
reloadAllAccessors: .ScaleMatrix

===========================================================================================
----------------- testing Fri Aug 30 05:38:37 UTC 2019 /home/travis/build/icyphy/ptII/ptolemy/actor/lib/test/auto/Select.xml
----------------- Instantiating /home/travis/build/icyphy/ptII/ptolemy/actor/lib/test/auto/Select.xml
3 ms. Memory: 443392K Free: 197410K (45%)
----------------- Invoking toplevel() on ptolemy.moml.MoMLSimpleApplication@3dd2570
----------------- Done invoking toplevel() on ptolemy.moml.MoMLSimpleApplication@3dd2570
reloadAllAccessors: .Select

===========================================================================================
----------------- testing Fri Aug 30 05:38:37 UTC 2019 /home/travis/build/icyphy/ptII/ptolemy/actor/lib/test/auto/Select2.xml
----------------- Instantiating /home/travis/build/icyphy/ptII/ptolemy/actor/lib/test/auto/Select2.xml
2 ms. Memory: 443392K Free: 192800K (43%)
----------------- Invoking toplevel() on ptolemy.moml.MoMLSimpleApplication@181ea504
----------------- Done invoking toplevel() on ptolemy.moml.MoMLSimpleApplication@181ea504
reloadAllAccessors: .Select2

===========================================================================================
----------------- testing Fri Aug 30 05:38:37 UTC 2019 /home/travis/build/icyphy/ptII/ptolemy/actor/lib/test/auto/SequenceToArray2.xml
----------------- Instantiating /home/travis/build/icyphy/ptII/ptolemy/actor/lib/test/auto/SequenceToArray2.xml
120 ms. Memory: 443392K Free: 168738K (38%)
----------------- Invoking toplevel() on ptolemy.moml.MoMLSimpleApplication@1f29c139
----------------- Done invoking toplevel() on ptolemy.moml.MoMLSimpleApplication@1f29c139
reloadAllAccessors: .SequenceToArray2

===========================================================================================
----------------- testing Fri Aug 30 05:38:37 UTC 2019 /home/travis/build/icyphy/ptII/ptolemy/actor/lib/test/auto/SequentialClock.xml
----------------- Instantiating /home/travis/build/icyphy/ptII/ptolemy/actor/lib/test/auto/SequentialClock.xml
1 ms. Memory: 443392K Free: 164642K (37%)
----------------- Invoking toplevel() on ptolemy.moml.MoMLSimpleApplication@378eface
----------------- Done invoking toplevel() on ptolemy.moml.MoMLSimpleApplication@378eface
reloadAllAccessors: .SequentialClock

===========================================================================================
----------------- testing Fri Aug 30 05:38:37 UTC 2019 /home/travis/build/icyphy/ptII/ptolemy/actor/lib/test/auto/SetVariable.xml
----------------- Instantiating /home/travis/build/icyphy/ptII/ptolemy/actor/lib/test/auto/SetVariable.xml
3 ms. Memory: 443392K Free: 160032K (36%)
----------------- Invoking toplevel() on ptolemy.moml.MoMLSimpleApplication@689f2ef1
----------------- Done invoking toplevel() on ptolemy.moml.MoMLSimpleApplication@689f2ef1
reloadAllAccessors: .SetVariable

===========================================================================================
----------------- testing Fri Aug 30 05:38:37 UTC 2019 /home/travis/build/icyphy/ptII/ptolemy/actor/lib/test/auto/SetVariable2.xml
----------------- Instantiating /home/travis/build/icyphy/ptII/ptolemy/actor/lib/test/auto/SetVariable2.xml
4 ms. Memory: 443392K Free: 154912K (35%)
----------------- Invoking toplevel() on ptolemy.moml.MoMLSimpleApplication@13b51a2b
----------------- Done invoking toplevel() on ptolemy.moml.MoMLSimpleApplication@13b51a2b
reloadAllAccessors: .SetVariable2

===========================================================================================
----------------- testing Fri Aug 30 05:38:37 UTC 2019 /home/travis/build/icyphy/ptII/ptolemy/actor/lib/test/auto/SetVariable3.xml
----------------- Instantiating /home/travis/build/icyphy/ptII/ptolemy/actor/lib/test/auto/SetVariable3.xml
7 ms. Memory: 443392K Free: 149792K (34%)
----------------- Invoking toplevel() on ptolemy.moml.MoMLSimpleApplication@3b7d789a
----------------- Done invoking toplevel() on ptolemy.moml.MoMLSimpleApplication@3b7d789a
reloadAllAccessors: .SetVariable3

===========================================================================================
----------------- testing Fri Aug 30 05:38:37 UTC 2019 /home/travis/build/icyphy/ptII/ptolemy/actor/lib/test/auto/SetVariable4.xml
----------------- Instantiating /home/travis/build/icyphy/ptII/ptolemy/actor/lib/test/auto/SetVariable4.xml
24 ms. Memory: 443392K Free: 140066K (32%)
----------------- Invoking toplevel() on ptolemy.moml.MoMLSimpleApplication@206a7157
----------------- Done invoking toplevel() on ptolemy.moml.MoMLSimpleApplication@206a7157
reloadAllAccessors: .SetVariable4

===========================================================================================
----------------- testing Fri Aug 30 05:38:38 UTC 2019 /home/travis/build/icyphy/ptII/ptolemy/actor/lib/test/auto/SetVariable5.xml
----------------- Instantiating /home/travis/build/icyphy/ptII/ptolemy/actor/lib/test/auto/SetVariable5.xml
30 ms. Memory: 443392K Free: 392804K (89%)
----------------- Invoking toplevel() on ptolemy.moml.MoMLSimpleApplication@34b3c111
----------------- Done invoking toplevel() on ptolemy.moml.MoMLSimpleApplication@34b3c111
reloadAllAccessors: .SetVariable5

===========================================================================================
----------------- testing Fri Aug 30 05:38:38 UTC 2019 /home/travis/build/icyphy/ptII/ptolemy/actor/lib/test/auto/Sinewave.xml
----------------- Instantiating /home/travis/build/icyphy/ptII/ptolemy/actor/lib/test/auto/Sinewave.xml
12 ms. Memory: 443392K Free: 382052K (86%)
----------------- Invoking toplevel() on ptolemy.moml.MoMLSimpleApplication@73c282a9
----------------- Done invoking toplevel() on ptolemy.moml.MoMLSimpleApplication@73c282a9
reloadAllAccessors: .Sinewave

===========================================================================================
----------------- testing Fri Aug 30 05:38:38 UTC 2019 /home/travis/build/icyphy/ptII/ptolemy/actor/lib/test/auto/Sinewave2.xml
----------------- Instantiating /home/travis/build/icyphy/ptII/ptolemy/actor/lib/test/auto/Sinewave2.xml
8 ms. Memory: 443392K Free: 373860K (84%)
----------------- Invoking toplevel() on ptolemy.moml.MoMLSimpleApplication@485bc6dd
----------------- Done invoking toplevel() on ptolemy.moml.MoMLSimpleApplication@485bc6dd
reloadAllAccessors: .Sinewave2

===========================================================================================
----------------- testing Fri Aug 30 05:38:38 UTC 2019 /home/travis/build/icyphy/ptII/ptolemy/actor/lib/test/auto/Sinewave3.xml
----------------- Instantiating /home/travis/build/icyphy/ptII/ptolemy/actor/lib/test/auto/Sinewave3.xml
7 ms. Memory: 443392K Free: 365654K (82%)
----------------- Invoking toplevel() on ptolemy.moml.MoMLSimpleApplication@742790de
----------------- Done invoking toplevel() on ptolemy.moml.MoMLSimpleApplication@742790de
reloadAllAccessors: .Sinewave3

===========================================================================================
----------------- testing Fri Aug 30 05:38:38 UTC 2019 /home/travis/build/icyphy/ptII/ptolemy/actor/lib/test/auto/SingleEvent.xml
----------------- Instantiating /home/travis/build/icyphy/ptII/ptolemy/actor/lib/test/auto/SingleEvent.xml
1 ms. Memory: 443392K Free: 361062K (81%)
----------------- Invoking toplevel() on ptolemy.moml.MoMLSimpleApplication@7fca4995
----------------- Done invoking toplevel() on ptolemy.moml.MoMLSimpleApplication@7fca4995
reloadAllAccessors: .SingleEvent

===========================================================================================
----------------- testing Fri Aug 30 05:38:38 UTC 2019 /home/travis/build/icyphy/ptII/ptolemy/actor/lib/test/auto/Sleep.xml
----------------- Instantiating /home/travis/build/icyphy/ptII/ptolemy/actor/lib/test/auto/Sleep.xml
6005 ms. Memory: 443392K Free: 355428K (80%)
----------------- Invoking toplevel() on ptolemy.moml.MoMLSimpleApplication@696f5d3e
----------------- Done invoking toplevel() on ptolemy.moml.MoMLSimpleApplication@696f5d3e
reloadAllAccessors: .Sleep

===========================================================================================
----------------- testing Fri Aug 30 05:38:44 UTC 2019 /home/travis/build/icyphy/ptII/ptolemy/actor/lib/test/auto/SleepMultipleFire.xml
----------------- Instantiating /home/travis/build/icyphy/ptII/ptolemy/actor/lib/test/auto/SleepMultipleFire.xml
1007 ms. Memory: 443392K Free: 349798K (79%)
----------------- Invoking toplevel() on ptolemy.moml.MoMLSimpleApplication@378cd7d3
----------------- Done invoking toplevel() on ptolemy.moml.MoMLSimpleApplication@378cd7d3
reloadAllAccessors: .SleepMultipleFire

===========================================================================================
----------------- testing Fri Aug 30 05:38:45 UTC 2019 /home/travis/build/icyphy/ptII/ptolemy/actor/lib/test/auto/StopDE.xml
----------------- Instantiating /home/travis/build/icyphy/ptII/ptolemy/actor/lib/test/auto/StopDE.xml
4 ms. Memory: 443392K Free: 344164K (78%)
----------------- Invoking toplevel() on ptolemy.moml.MoMLSimpleApplication@6e69c5eb
----------------- Done invoking toplevel() on ptolemy.moml.MoMLSimpleApplication@6e69c5eb
reloadAllAccessors: .StopDE

===========================================================================================
----------------- testing Fri Aug 30 05:38:45 UTC 2019 /home/travis/build/icyphy/ptII/ptolemy/actor/lib/test/auto/StopSDF.xml
----------------- Instantiating /home/travis/build/icyphy/ptII/ptolemy/actor/lib/test/auto/StopSDF.xml
4 ms. Memory: 443392K Free: 339044K (76%)
----------------- Invoking toplevel() on ptolemy.moml.MoMLSimpleApplication@4515af4e
----------------- Done invoking toplevel() on ptolemy.moml.MoMLSimpleApplication@4515af4e
reloadAllAccessors: .StopSDF

===========================================================================================
----------------- testing Fri Aug 30 05:38:45 UTC 2019 /home/travis/build/icyphy/ptII/ptolemy/actor/lib/test/auto/StringConstant.xml
----------------- Instantiating /home/travis/build/icyphy/ptII/ptolemy/actor/lib/test/auto/StringConstant.xml
12 ms. Memory: 443392K Free: 334948K (76%)
----------------- Invoking toplevel() on ptolemy.moml.MoMLSimpleApplication@65425d95
----------------- Done invoking toplevel() on ptolemy.moml.MoMLSimpleApplication@65425d95
reloadAllAccessors: .StringConstant

===========================================================================================
----------------- testing Fri Aug 30 05:38:45 UTC 2019 /home/travis/build/icyphy/ptII/ptolemy/actor/lib/test/auto/SubscriberPortInitialValues1.xml
----------------- Instantiating /home/travis/build/icyphy/ptII/ptolemy/actor/lib/test/auto/SubscriberPortInitialValues1.xml
7 ms. Memory: 443392K Free: 326246K (74%)
----------------- Invoking toplevel() on ptolemy.moml.MoMLSimpleApplication@38b7a795
----------------- Done invoking toplevel() on ptolemy.moml.MoMLSimpleApplication@38b7a795
reloadAllAccessors: .SubscriberPortInitialValues1

===========================================================================================
----------------- testing Fri Aug 30 05:38:45 UTC 2019 /home/travis/build/icyphy/ptII/ptolemy/actor/lib/test/auto/SubscriberPortInitialValues13.xml
----------------- Instantiating /home/travis/build/icyphy/ptII/ptolemy/actor/lib/test/auto/SubscriberPortInitialValues13.xml
6 ms. Memory: 443392K Free: 313444K (71%)
----------------- Invoking toplevel() on ptolemy.moml.MoMLSimpleApplication@2df8638
----------------- Done invoking toplevel() on ptolemy.moml.MoMLSimpleApplication@2df8638
reloadAllAccessors: .SubscriberPortInitialValues13

===========================================================================================
----------------- testing Fri Aug 30 05:38:45 UTC 2019 /home/travis/build/icyphy/ptII/ptolemy/actor/lib/test/auto/SubscriberPortInitialValues14.xml
----------------- Instantiating /home/travis/build/icyphy/ptII/ptolemy/actor/lib/test/auto/SubscriberPortInitialValues14.xml
5 ms. Memory: 443392K Free: 305252K (69%)
----------------- Invoking toplevel() on ptolemy.moml.MoMLSimpleApplication@1c8627d3
----------------- Done invoking toplevel() on ptolemy.moml.MoMLSimpleApplication@1c8627d3
reloadAllAccessors: .SubscriberPortInitialValues14

===========================================================================================
----------------- testing Fri Aug 30 05:38:45 UTC 2019 /home/travis/build/icyphy/ptII/ptolemy/actor/lib/test/auto/SubscriberPortInitialValues2.xml
----------------- Instantiating /home/travis/build/icyphy/ptII/ptolemy/actor/lib/test/auto/SubscriberPortInitialValues2.xml
8 ms. Memory: 443392K Free: 297574K (67%)
----------------- Invoking toplevel() on ptolemy.moml.MoMLSimpleApplication@7afeb027
----------------- Done invoking toplevel() on ptolemy.moml.MoMLSimpleApplication@7afeb027
reloadAllAccessors: .SubscriberPortInitialValues2

===========================================================================================
----------------- testing Fri Aug 30 05:38:45 UTC 2019 /home/travis/build/icyphy/ptII/ptolemy/actor/lib/test/auto/SubscriberPortInitialValues3.xml
----------------- Instantiating /home/travis/build/icyphy/ptII/ptolemy/actor/lib/test/auto/SubscriberPortInitialValues3.xml
5 ms. Memory: 443392K Free: 286310K (65%)
----------------- Invoking toplevel() on ptolemy.moml.MoMLSimpleApplication@15e7f052
----------------- Done invoking toplevel() on ptolemy.moml.MoMLSimpleApplication@15e7f052
reloadAllAccessors: .SubscriberPortInitialValues3

===========================================================================================
----------------- testing Fri Aug 30 05:38:45 UTC 2019 /home/travis/build/icyphy/ptII/ptolemy/actor/lib/test/auto/SubscriptionAggregator.xml
----------------- Instantiating /home/travis/build/icyphy/ptII/ptolemy/actor/lib/test/auto/SubscriptionAggregator.xml
3 ms. Memory: 443392K Free: 279638K (63%)
----------------- Invoking toplevel() on ptolemy.moml.MoMLSimpleApplication@35b7641f
----------------- Done invoking toplevel() on ptolemy.moml.MoMLSimpleApplication@35b7641f
reloadAllAccessors: .SubscriptionAggregator

===========================================================================================
----------------- testing Fri Aug 30 05:38:45 UTC 2019 /home/travis/build/icyphy/ptII/ptolemy/actor/lib/test/auto/SubscriptionAggregator2.xml
----------------- Instantiating /home/travis/build/icyphy/ptII/ptolemy/actor/lib/test/auto/SubscriptionAggregator2.xml
3 ms. Memory: 443392K Free: 272998K (62%)
----------------- Invoking toplevel() on ptolemy.moml.MoMLSimpleApplication@51c041e9
----------------- Done invoking toplevel() on ptolemy.moml.MoMLSimpleApplication@51c041e9
reloadAllAccessors: .SubscriptionAggregator2

===========================================================================================
----------------- testing Fri Aug 30 05:38:45 UTC 2019 /home/travis/build/icyphy/ptII/ptolemy/actor/lib/test/auto/SubscriptionAggregator3.xml
----------------- Instantiating /home/travis/build/icyphy/ptII/ptolemy/actor/lib/test/auto/SubscriptionAggregator3.xml
4 ms. Memory: 443392K Free: 264286K (60%)
----------------- Invoking toplevel() on ptolemy.moml.MoMLSimpleApplication@191948bc
----------------- Done invoking toplevel() on ptolemy.moml.MoMLSimpleApplication@191948bc
reloadAllAccessors: .SubscriptionAggregator3

===========================================================================================
----------------- testing Fri Aug 30 05:38:45 UTC 2019 /home/travis/build/icyphy/ptII/ptolemy/actor/lib/test/auto/SubscriptionAggregatorMultiply.xml
----------------- Instantiating /home/travis/build/icyphy/ptII/ptolemy/actor/lib/test/auto/SubscriptionAggregatorMultiply.xml
17 ms. Memory: 443392K Free: 256094K (58%)
----------------- Invoking toplevel() on ptolemy.moml.MoMLSimpleApplication@1055cb26
----------------- Done invoking toplevel() on ptolemy.moml.MoMLSimpleApplication@1055cb26
reloadAllAccessors: .SubscriptionAggregatorMultiply

===========================================================================================
----------------- testing Fri Aug 30 05:38:45 UTC 2019 /home/travis/build/icyphy/ptII/ptolemy/actor/lib/test/auto/SubscriptionAggregatorPortMultiply1.xml
----------------- Instantiating /home/travis/build/icyphy/ptII/ptolemy/actor/lib/test/auto/SubscriptionAggregatorPortMultiply1.xml
5 ms. Memory: 443392K Free: 248422K (56%)
----------------- Invoking toplevel() on ptolemy.moml.MoMLSimpleApplication@48b143cb
----------------- Done invoking toplevel() on ptolemy.moml.MoMLSimpleApplication@48b143cb
reloadAllAccessors: .SubscriptionAggregatorPortMultiply1

===========================================================================================
----------------- testing Fri Aug 30 05:38:45 UTC 2019 /home/travis/build/icyphy/ptII/ptolemy/actor/lib/test/auto/Switch.xml
----------------- Instantiating /home/travis/build/icyphy/ptII/ptolemy/actor/lib/test/auto/Switch.xml
9 ms. Memory: 443392K Free: 240230K (54%)
----------------- Invoking toplevel() on ptolemy.moml.MoMLSimpleApplication@4dd5a5d8
----------------- Done invoking toplevel() on ptolemy.moml.MoMLSimpleApplication@4dd5a5d8
reloadAllAccessors: .Switch

===========================================================================================
----------------- testing Fri Aug 30 05:38:45 UTC 2019 /home/travis/build/icyphy/ptII/ptolemy/actor/lib/test/auto/Switch2.xml
----------------- Instantiating /home/travis/build/icyphy/ptII/ptolemy/actor/lib/test/auto/Switch2.xml
2 ms. Memory: 443392K Free: 235620K (53%)
----------------- Invoking toplevel() on ptolemy.moml.MoMLSimpleApplication@3b2d99e6
----------------- Done invoking toplevel() on ptolemy.moml.MoMLSimpleApplication@3b2d99e6
reloadAllAccessors: .Switch2

===========================================================================================
----------------- testing Fri Aug 30 05:38:45 UTC 2019 /home/travis/build/icyphy/ptII/ptolemy/actor/lib/test/auto/SwitchDE.xml
----------------- Instantiating /home/travis/build/icyphy/ptII/ptolemy/actor/lib/test/auto/SwitchDE.xml
4 ms. Memory: 443392K Free: 229462K (52%)
----------------- Invoking toplevel() on ptolemy.moml.MoMLSimpleApplication@32301fea
----------------- Done invoking toplevel() on ptolemy.moml.MoMLSimpleApplication@32301fea
reloadAllAccessors: .SwitchDE

===========================================================================================
----------------- testing Fri Aug 30 05:38:45 UTC 2019 /home/travis/build/icyphy/ptII/ptolemy/actor/lib/test/auto/SynchronizerDE.xml
----------------- Instantiating /home/travis/build/icyphy/ptII/ptolemy/actor/lib/test/auto/SynchronizerDE.xml
9 ms. Memory: 443392K Free: 221270K (50%)
----------------- Invoking toplevel() on ptolemy.moml.MoMLSimpleApplication@b34066a
----------------- Done invoking toplevel() on ptolemy.moml.MoMLSimpleApplication@b34066a
reloadAllAccessors: .SynchronizerDE

===========================================================================================
----------------- testing Fri Aug 30 05:38:45 UTC 2019 /home/travis/build/icyphy/ptII/ptolemy/actor/lib/test/auto/Test.xml
----------------- Instantiating /home/travis/build/icyphy/ptII/ptolemy/actor/lib/test/auto/Test.xml
9 ms. Memory: 443392K Free: 216150K (49%)
----------------- Invoking toplevel() on ptolemy.moml.MoMLSimpleApplication@575e385d
----------------- Done invoking toplevel() on ptolemy.moml.MoMLSimpleApplication@575e385d
reloadAllAccessors: .Test

===========================================================================================
----------------- testing Fri Aug 30 05:38:45 UTC 2019 /home/travis/build/icyphy/ptII/ptolemy/actor/lib/test/auto/TestExceptionAttribute1.xml
----------------- Instantiating /home/travis/build/icyphy/ptII/ptolemy/actor/lib/test/auto/TestExceptionAttribute1.xml
2 ms. Memory: 443392K Free: 212582K (48%)
----------------- Invoking toplevel() on ptolemy.moml.MoMLSimpleApplication@7ca1fed8
----------------- Done invoking toplevel() on ptolemy.moml.MoMLSimpleApplication@7ca1fed8
reloadAllAccessors: .TestExceptionAttribute1

===========================================================================================
----------------- testing Fri Aug 30 05:38:45 UTC 2019 /home/travis/build/icyphy/ptII/ptolemy/actor/lib/test/auto/TestExceptionAttribute2.xml
----------------- Instantiating /home/travis/build/icyphy/ptII/ptolemy/actor/lib/test/auto/TestExceptionAttribute2.xml
1 ms. Memory: 443392K Free: 208486K (47%)
----------------- Invoking toplevel() on ptolemy.moml.MoMLSimpleApplication@3518e396
----------------- Done invoking toplevel() on ptolemy.moml.MoMLSimpleApplication@3518e396
reloadAllAccessors: .TestExceptionAttribute2

===========================================================================================
----------------- testing Fri Aug 30 05:38:45 UTC 2019 /home/travis/build/icyphy/ptII/ptolemy/actor/lib/test/auto/TestExceptionAttribute3.xml
----------------- Instantiating /home/travis/build/icyphy/ptII/ptolemy/actor/lib/test/auto/TestExceptionAttribute3.xml
.TestExceptionAttribute3.TestExceptionAttribute: initialize() was not invoked, but wrapup() was.  This is unusual, but not always a problem.  For example, exporting JNLP will do this.
1 ms. Memory: 443392K Free: 204900K (46%)
----------------- Invoking toplevel() on ptolemy.moml.MoMLSimpleApplication@19b8eb71
----------------- Done invoking toplevel() on ptolemy.moml.MoMLSimpleApplication@19b8eb71
reloadAllAccessors: .TestExceptionAttribute3

===========================================================================================
----------------- testing Fri Aug 30 05:38:45 UTC 2019 /home/travis/build/icyphy/ptII/ptolemy/actor/lib/test/auto/TestExceptionAttribute4.xml
----------------- Instantiating /home/travis/build/icyphy/ptII/ptolemy/actor/lib/test/auto/TestExceptionAttribute4.xml
.TestExceptionAttribute4.TestExceptionAttribute: initialize() was not invoked, but wrapup() was.  This is unusual, but not always a problem.  For example, exporting JNLP will do this.
.TestExceptionAttribute4.TestExceptionAttribute2: initialize() was not invoked, but wrapup() was.  This is unusual, but not always a problem.  For example, exporting JNLP will do this.
1 ms. Memory: 443392K Free: 200804K (45%)
----------------- Invoking toplevel() on ptolemy.moml.MoMLSimpleApplication@49dd3e64
----------------- Done invoking toplevel() on ptolemy.moml.MoMLSimpleApplication@49dd3e64
reloadAllAccessors: .TestExceptionAttribute4

===========================================================================================
----------------- testing Fri Aug 30 05:38:45 UTC 2019 /home/travis/build/icyphy/ptII/ptolemy/actor/lib/test/auto/TestExceptionHandler1.xml
----------------- Instantiating /home/travis/build/icyphy/ptII/ptolemy/actor/lib/test/auto/TestExceptionHandler1.xml
1 ms. Memory: 443392K Free: 197222K (44%)
----------------- Invoking toplevel() on ptolemy.moml.MoMLSimpleApplication@78726e41
----------------- Done invoking toplevel() on ptolemy.moml.MoMLSimpleApplication@78726e41
reloadAllAccessors: .TestExceptionHandler1

===========================================================================================
----------------- testing Fri Aug 30 05:38:45 UTC 2019 /home/travis/build/icyphy/ptII/ptolemy/actor/lib/test/auto/TestExceptionHandler2.xml
----------------- Instantiating /home/travis/build/icyphy/ptII/ptolemy/actor/lib/test/auto/TestExceptionHandler2.xml
2 ms. Memory: 443392K Free: 193636K (44%)
----------------- Invoking toplevel() on ptolemy.moml.MoMLSimpleApplication@59063789
----------------- Done invoking toplevel() on ptolemy.moml.MoMLSimpleApplication@59063789
reloadAllAccessors: .TestExceptionHandler2

===========================================================================================
----------------- testing Fri Aug 30 05:38:45 UTC 2019 /home/travis/build/icyphy/ptII/ptolemy/actor/lib/test/auto/TestExceptionHandler3.xml
----------------- Instantiating /home/travis/build/icyphy/ptII/ptolemy/actor/lib/test/auto/TestExceptionHandler3.xml
1 ms. Memory: 443392K Free: 190054K (43%)
----------------- Invoking toplevel() on ptolemy.moml.MoMLSimpleApplication@7f04e5de
----------------- Done invoking toplevel() on ptolemy.moml.MoMLSimpleApplication@7f04e5de
reloadAllAccessors: .TestExceptionHandler3

===========================================================================================
----------------- testing Fri Aug 30 05:38:45 UTC 2019 /home/travis/build/icyphy/ptII/ptolemy/actor/lib/test/auto/TestExceptionHandler4.xml
----------------- Instantiating /home/travis/build/icyphy/ptII/ptolemy/actor/lib/test/auto/TestExceptionHandler4.xml
1 ms. Memory: 443392K Free: 185958K (42%)
----------------- Invoking toplevel() on ptolemy.moml.MoMLSimpleApplication@237ba6c7
----------------- Done invoking toplevel() on ptolemy.moml.MoMLSimpleApplication@237ba6c7
reloadAllAccessors: .TestExceptionHandler4

===========================================================================================
----------------- testing Fri Aug 30 05:38:45 UTC 2019 /home/travis/build/icyphy/ptII/ptolemy/actor/lib/test/auto/TestRequireCorrectOrder.xml
----------------- Instantiating /home/travis/build/icyphy/ptII/ptolemy/actor/lib/test/auto/TestRequireCorrectOrder.xml
3 ms. Memory: 443392K Free: 180838K (41%)
----------------- Invoking toplevel() on ptolemy.moml.MoMLSimpleApplication@3f4b4400
----------------- Done invoking toplevel() on ptolemy.moml.MoMLSimpleApplication@3f4b4400
reloadAllAccessors: .TestRequireCorrectOrder

===========================================================================================
----------------- testing Fri Aug 30 05:38:45 UTC 2019 /home/travis/build/icyphy/ptII/ptolemy/actor/lib/test/auto/TestSimple.xml
----------------- Instantiating /home/travis/build/icyphy/ptII/ptolemy/actor/lib/test/auto/TestSimple.xml
2 ms. Memory: 443392K Free: 176222K (40%)
----------------- Invoking toplevel() on ptolemy.moml.MoMLSimpleApplication@1b4e1d72
----------------- Done invoking toplevel() on ptolemy.moml.MoMLSimpleApplication@1b4e1d72
reloadAllAccessors: .TestSimple

===========================================================================================
----------------- testing Fri Aug 30 05:38:45 UTC 2019 /home/travis/build/icyphy/ptII/ptolemy/actor/lib/test/auto/ThrowModelError.xml
----------------- Instantiating /home/travis/build/icyphy/ptII/ptolemy/actor/lib/test/auto/ThrowModelError.xml
2 ms. Memory: 443392K Free: 171108K (39%)
----------------- Invoking toplevel() on ptolemy.moml.MoMLSimpleApplication@2c89f8a8
----------------- Done invoking toplevel() on ptolemy.moml.MoMLSimpleApplication@2c89f8a8
reloadAllAccessors: .ThrowModelError

===========================================================================================
----------------- testing Fri Aug 30 05:38:45 UTC 2019 /home/travis/build/icyphy/ptII/ptolemy/actor/lib/test/auto/TimeDelayMicrosteps.xml
----------------- Instantiating /home/travis/build/icyphy/ptII/ptolemy/actor/lib/test/auto/TimeDelayMicrosteps.xml
4 ms. Memory: 443392K Free: 164454K (37%)
----------------- Invoking toplevel() on ptolemy.moml.MoMLSimpleApplication@4c9ac37a
----------------- Done invoking toplevel() on ptolemy.moml.MoMLSimpleApplication@4c9ac37a
reloadAllAccessors: .TimeDelayMicrosteps

===========================================================================================
----------------- testing Fri Aug 30 05:38:45 UTC 2019 /home/travis/build/icyphy/ptII/ptolemy/actor/lib/test/auto/TimeDelayMicrosteps2.xml
----------------- Instantiating /home/travis/build/icyphy/ptII/ptolemy/actor/lib/test/auto/TimeDelayMicrosteps2.xml
5 ms. Memory: 443392K Free: 157286K (35%)
----------------- Invoking toplevel() on ptolemy.moml.MoMLSimpleApplication@7e84da90
----------------- Done invoking toplevel() on ptolemy.moml.MoMLSimpleApplication@7e84da90
reloadAllAccessors: .TimeDelayMicrosteps2

===========================================================================================
----------------- testing Fri Aug 30 05:38:45 UTC 2019 /home/travis/build/icyphy/ptII/ptolemy/actor/lib/test/auto/TimeDelayMicrosteps3.xml
----------------- Instantiating /home/travis/build/icyphy/ptII/ptolemy/actor/lib/test/auto/TimeDelayMicrosteps3.xml
3 ms. Memory: 443392K Free: 150598K (34%)
----------------- Invoking toplevel() on ptolemy.moml.MoMLSimpleApplication@188a9e09
----------------- Done invoking toplevel() on ptolemy.moml.MoMLSimpleApplication@188a9e09
reloadAllAccessors: .TimeDelayMicrosteps3

===========================================================================================
----------------- testing Fri Aug 30 05:38:45 UTC 2019 /home/travis/build/icyphy/ptII/ptolemy/actor/lib/test/auto/TimeDelayVariableMicrosteps.xml
----------------- Instantiating /home/travis/build/icyphy/ptII/ptolemy/actor/lib/test/auto/TimeDelayVariableMicrosteps.xml
4 ms. Memory: 443392K Free: 143974K (32%)
----------------- Invoking toplevel() on ptolemy.moml.MoMLSimpleApplication@678c0d91
----------------- Done invoking toplevel() on ptolemy.moml.MoMLSimpleApplication@678c0d91
reloadAllAccessors: .TimeDelayVariableMicrosteps

===========================================================================================
----------------- testing Fri Aug 30 05:38:45 UTC 2019 /home/travis/build/icyphy/ptII/ptolemy/actor/lib/test/auto/TimeGap.xml
----------------- Instantiating /home/travis/build/icyphy/ptII/ptolemy/actor/lib/test/auto/TimeGap.xml
4 ms. Memory: 443392K Free: 138854K (31%)
----------------- Invoking toplevel() on ptolemy.moml.MoMLSimpleApplication@59eba131
----------------- Done invoking toplevel() on ptolemy.moml.MoMLSimpleApplication@59eba131
reloadAllAccessors: .TimeGap

===========================================================================================
----------------- testing Fri Aug 30 05:38:45 UTC 2019 /home/travis/build/icyphy/ptII/ptolemy/actor/lib/test/auto/TimeGap2.xml
----------------- Instantiating /home/travis/build/icyphy/ptII/ptolemy/actor/lib/test/auto/TimeGap2.xml
3 ms. Memory: 443392K Free: 133214K (30%)
----------------- Invoking toplevel() on ptolemy.moml.MoMLSimpleApplication@574991bc
----------------- Done invoking toplevel() on ptolemy.moml.MoMLSimpleApplication@574991bc
reloadAllAccessors: .TimeGap2

===========================================================================================
----------------- testing Fri Aug 30 05:38:45 UTC 2019 /home/travis/build/icyphy/ptII/ptolemy/actor/lib/test/auto/TimedSinewave.xml
----------------- Instantiating /home/travis/build/icyphy/ptII/ptolemy/actor/lib/test/auto/TimedSinewave.xml
36 ms. Memory: 443392K Free: 380386K (86%)
----------------- Invoking toplevel() on ptolemy.moml.MoMLSimpleApplication@135820a4
----------------- Done invoking toplevel() on ptolemy.moml.MoMLSimpleApplication@135820a4
reloadAllAccessors: .TimedSinewave

===========================================================================================
----------------- testing Fri Aug 30 05:38:46 UTC 2019 /home/travis/build/icyphy/ptII/ptolemy/actor/lib/test/auto/TimedSinewavePhase.xml
----------------- Instantiating /home/travis/build/icyphy/ptII/ptolemy/actor/lib/test/auto/TimedSinewavePhase.xml
13 ms. Memory: 443392K Free: 370656K (84%)
----------------- Invoking toplevel() on ptolemy.moml.MoMLSimpleApplication@4cfb3813
----------------- Done invoking toplevel() on ptolemy.moml.MoMLSimpleApplication@4cfb3813
reloadAllAccessors: .TimedSinewavePhase

===========================================================================================
----------------- testing Fri Aug 30 05:38:46 UTC 2019 /home/travis/build/icyphy/ptII/ptolemy/actor/lib/test/auto/Timer.xml
----------------- Instantiating /home/travis/build/icyphy/ptII/ptolemy/actor/lib/test/auto/Timer.xml
5 ms. Memory: 443392K Free: 365026K (82%)
----------------- Invoking toplevel() on ptolemy.moml.MoMLSimpleApplication@48e8f4ae
----------------- Done invoking toplevel() on ptolemy.moml.MoMLSimpleApplication@48e8f4ae
reloadAllAccessors: .Timer

===========================================================================================
----------------- testing Fri Aug 30 05:38:46 UTC 2019 /home/travis/build/icyphy/ptII/ptolemy/actor/lib/test/auto/TriangularDistTestModel.xml
----------------- Instantiating /home/travis/build/icyphy/ptII/ptolemy/actor/lib/test/auto/TriangularDistTestModel.xml
2 ms. Memory: 443392K Free: 359378K (81%)
----------------- Invoking toplevel() on ptolemy.moml.MoMLSimpleApplication@4b8f1dec
----------------- Done invoking toplevel() on ptolemy.moml.MoMLSimpleApplication@4b8f1dec
reloadAllAccessors: .TriangularDistTestModel

===========================================================================================
----------------- testing Fri Aug 30 05:38:46 UTC 2019 /home/travis/build/icyphy/ptII/ptolemy/actor/lib/test/auto/TrigFunction.xml
----------------- Instantiating /home/travis/build/icyphy/ptII/ptolemy/actor/lib/test/auto/TrigFunction.xml
2 ms. Memory: 443392K Free: 354786K (80%)
----------------- Invoking toplevel() on ptolemy.moml.MoMLSimpleApplication@7a08dc06
----------------- Done invoking toplevel() on ptolemy.moml.MoMLSimpleApplication@7a08dc06
reloadAllAccessors: .TrigFunction

===========================================================================================
----------------- testing Fri Aug 30 05:38:46 UTC 2019 /home/travis/build/icyphy/ptII/ptolemy/actor/lib/test/auto/TrigFunctionDE.xml
----------------- Instantiating /home/travis/build/icyphy/ptII/ptolemy/actor/lib/test/auto/TrigFunctionDE.xml
2 ms. Memory: 443392K Free: 349152K (79%)
----------------- Invoking toplevel() on ptolemy.moml.MoMLSimpleApplication@4d975653
----------------- Done invoking toplevel() on ptolemy.moml.MoMLSimpleApplication@4d975653
reloadAllAccessors: .TrigFunctionDE

===========================================================================================
----------------- testing Fri Aug 30 05:38:46 UTC 2019 /home/travis/build/icyphy/ptII/ptolemy/actor/lib/test/auto/TrigFunctionInverse.xml
----------------- Instantiating /home/travis/build/icyphy/ptII/ptolemy/actor/lib/test/auto/TrigFunctionInverse.xml
2 ms. Memory: 443392K Free: 344032K (78%)
----------------- Invoking toplevel() on ptolemy.moml.MoMLSimpleApplication@7f7769f
----------------- Done invoking toplevel() on ptolemy.moml.MoMLSimpleApplication@7f7769f
reloadAllAccessors: .TrigFunctionInverse

===========================================================================================
----------------- testing Fri Aug 30 05:38:46 UTC 2019 /home/travis/build/icyphy/ptII/ptolemy/actor/lib/test/auto/TrigFunctionTan.xml
----------------- Instantiating /home/travis/build/icyphy/ptII/ptolemy/actor/lib/test/auto/TrigFunctionTan.xml
2 ms. Memory: 443392K Free: 338912K (76%)
----------------- Invoking toplevel() on ptolemy.moml.MoMLSimpleApplication@698f3b73
----------------- Done invoking toplevel() on ptolemy.moml.MoMLSimpleApplication@698f3b73
reloadAllAccessors: .TrigFunctionTan

===========================================================================================
----------------- testing Fri Aug 30 05:38:46 UTC 2019 /home/travis/build/icyphy/ptII/ptolemy/actor/lib/test/auto/TriggeredClock.xml
----------------- Instantiating /home/travis/build/icyphy/ptII/ptolemy/actor/lib/test/auto/TriggeredClock.xml
1 ms. Memory: 443392K Free: 333786K (75%)
----------------- Invoking toplevel() on ptolemy.moml.MoMLSimpleApplication@2ea2209c
----------------- Done invoking toplevel() on ptolemy.moml.MoMLSimpleApplication@2ea2209c
reloadAllAccessors: .TriggeredClock

===========================================================================================
----------------- testing Fri Aug 30 05:38:46 UTC 2019 /home/travis/build/icyphy/ptII/ptolemy/actor/lib/test/auto/URLDirectoryReader.xml
----------------- Instantiating /home/travis/build/icyphy/ptII/ptolemy/actor/lib/test/auto/URLDirectoryReader.xml
38 ms. Memory: 443392K Free: 323552K (73%)
----------------- Invoking toplevel() on ptolemy.moml.MoMLSimpleApplication@251169e8
----------------- Done invoking toplevel() on ptolemy.moml.MoMLSimpleApplication@251169e8
reloadAllAccessors: .URLDirectoryReader

===========================================================================================
----------------- testing Fri Aug 30 05:38:46 UTC 2019 /home/travis/build/icyphy/ptII/ptolemy/actor/lib/test/auto/URLDirectoryReader3.xml
----------------- Instantiating /home/travis/build/icyphy/ptII/ptolemy/actor/lib/test/auto/URLDirectoryReader3.xml
1258 ms. Memory: 443392K Free: 384791K (87%)
----------------- Invoking toplevel() on ptolemy.moml.MoMLSimpleApplication@12186122
----------------- Done invoking toplevel() on ptolemy.moml.MoMLSimpleApplication@12186122
reloadAllAccessors: .URLDirectoryReader3

===========================================================================================
----------------- testing Fri Aug 30 05:38:47 UTC 2019 /home/travis/build/icyphy/ptII/ptolemy/actor/lib/test/auto/UnaryMathFunction.xml
----------------- Instantiating /home/travis/build/icyphy/ptII/ptolemy/actor/lib/test/auto/UnaryMathFunction.xml
3 ms. Memory: 443392K Free: 376599K (85%)
----------------- Invoking toplevel() on ptolemy.moml.MoMLSimpleApplication@667d65a0
----------------- Done invoking toplevel() on ptolemy.moml.MoMLSimpleApplication@667d65a0
reloadAllAccessors: .UnaryMathFunction

===========================================================================================
----------------- testing Fri Aug 30 05:38:47 UTC 2019 /home/travis/build/icyphy/ptII/ptolemy/actor/lib/test/auto/Uniform.xml
----------------- Instantiating /home/travis/build/icyphy/ptII/ptolemy/actor/lib/test/auto/Uniform.xml
1 ms. Memory: 443392K Free: 371983K (84%)
----------------- Invoking toplevel() on ptolemy.moml.MoMLSimpleApplication@12302e2f
----------------- Done invoking toplevel() on ptolemy.moml.MoMLSimpleApplication@12302e2f
reloadAllAccessors: .Uniform

===========================================================================================
----------------- testing Fri Aug 30 05:38:47 UTC 2019 /home/travis/build/icyphy/ptII/ptolemy/actor/lib/test/auto/UnionDisassemblerTest.xml
----------------- Instantiating /home/travis/build/icyphy/ptII/ptolemy/actor/lib/test/auto/UnionDisassemblerTest.xml
9 ms. Memory: 443392K Free: 368407K (83%)
----------------- Invoking toplevel() on ptolemy.moml.MoMLSimpleApplication@571028
----------------- Done invoking toplevel() on ptolemy.moml.MoMLSimpleApplication@571028
reloadAllAccessors: .UnionDisassemblerTest

===========================================================================================
----------------- testing Fri Aug 30 05:38:47 UTC 2019 /home/travis/build/icyphy/ptII/ptolemy/actor/lib/test/auto/UtilityFunctions.xml
----------------- Instantiating /home/travis/build/icyphy/ptII/ptolemy/actor/lib/test/auto/UtilityFunctions.xml
2 ms. Memory: 443392K Free: 364807K (82%)
----------------- Invoking toplevel() on ptolemy.moml.MoMLSimpleApplication@751205e8
----------------- Done invoking toplevel() on ptolemy.moml.MoMLSimpleApplication@751205e8
reloadAllAccessors: .UtilityFunctions

===========================================================================================
----------------- testing Fri Aug 30 05:38:47 UTC 2019 /home/travis/build/icyphy/ptII/ptolemy/actor/lib/test/auto/VariableSleep.xml
----------------- Instantiating /home/travis/build/icyphy/ptII/ptolemy/actor/lib/test/auto/VariableSleep.xml
504 ms. Memory: 443392K Free: 359701K (81%)
----------------- Invoking toplevel() on ptolemy.moml.MoMLSimpleApplication@15f1e400
----------------- Done invoking toplevel() on ptolemy.moml.MoMLSimpleApplication@15f1e400
reloadAllAccessors: .VariableSleep

===========================================================================================
----------------- testing Fri Aug 30 05:38:48 UTC 2019 /home/travis/build/icyphy/ptII/ptolemy/actor/lib/test/auto/VectorAssemblerDisassemblerCT.xml
----------------- Instantiating /home/travis/build/icyphy/ptII/ptolemy/actor/lib/test/auto/VectorAssemblerDisassemblerCT.xml
87 ms. Memory: 443392K Free: 339221K (77%)
----------------- Invoking toplevel() on ptolemy.moml.MoMLSimpleApplication@3b2a7960
----------------- Done invoking toplevel() on ptolemy.moml.MoMLSimpleApplication@3b2a7960
reloadAllAccessors: .VectorAssemblerDisassemblerCT

===========================================================================================
----------------- testing Fri Aug 30 05:38:48 UTC 2019 /home/travis/build/icyphy/ptII/ptolemy/actor/lib/test/auto/VectorAssemblerDisassemblerDE.xml
----------------- Instantiating /home/travis/build/icyphy/ptII/ptolemy/actor/lib/test/auto/VectorAssemblerDisassemblerDE.xml
3 ms. Memory: 443392K Free: 332053K (75%)
----------------- Invoking toplevel() on ptolemy.moml.MoMLSimpleApplication@3772bae1
----------------- Done invoking toplevel() on ptolemy.moml.MoMLSimpleApplication@3772bae1
reloadAllAccessors: .VectorAssemblerDisassemblerDE

===========================================================================================
----------------- testing Fri Aug 30 05:38:48 UTC 2019 /home/travis/build/icyphy/ptII/ptolemy/actor/lib/test/auto/VectorAssemblerDisassemblerSDF.xml
----------------- Instantiating /home/travis/build/icyphy/ptII/ptolemy/actor/lib/test/auto/VectorAssemblerDisassemblerSDF.xml
3 ms. Memory: 443392K Free: 325399K (73%)
----------------- Invoking toplevel() on ptolemy.moml.MoMLSimpleApplication@1e13883c
----------------- Done invoking toplevel() on ptolemy.moml.MoMLSimpleApplication@1e13883c
reloadAllAccessors: .VectorAssemblerDisassemblerSDF

===========================================================================================
----------------- testing Fri Aug 30 05:38:48 UTC 2019 /home/travis/build/icyphy/ptII/ptolemy/actor/lib/test/auto/WallClockTime.xml
----------------- Instantiating /home/travis/build/icyphy/ptII/ptolemy/actor/lib/test/auto/WallClockTime.xml
1005 ms. Memory: 443392K Free: 320279K (72%)
----------------- Invoking toplevel() on ptolemy.moml.MoMLSimpleApplication@5a374207
----------------- Done invoking toplevel() on ptolemy.moml.MoMLSimpleApplication@5a374207
reloadAllAccessors: .WallClockTime

===========================================================================================
----------------- testing Fri Aug 30 05:38:49 UTC 2019 /home/travis/build/icyphy/ptII/ptolemy/actor/lib/test/auto/WidthTestWithSubscriberPublisher.xml
----------------- Instantiating /home/travis/build/icyphy/ptII/ptolemy/actor/lib/test/auto/WidthTestWithSubscriberPublisher.xml
9 ms. Memory: 443392K Free: 302357K (68%)
----------------- Invoking toplevel() on ptolemy.moml.MoMLSimpleApplication@7ce4bcd1
----------------- Done invoking toplevel() on ptolemy.moml.MoMLSimpleApplication@7ce4bcd1
reloadAllAccessors: .WidthTestWithSubscriberPublisher

===========================================================================================
----------------- testing Fri Aug 30 05:38:49 UTC 2019 /home/travis/build/icyphy/ptII/ptolemy/actor/lib/test/auto/WidthTestWithSubscriberPublisher2.xml
----------------- Instantiating /home/travis/build/icyphy/ptII/ptolemy/actor/lib/test/auto/WidthTestWithSubscriberPublisher2.xml
2 ms. Memory: 443392K Free: 295703K (67%)
----------------- Invoking toplevel() on ptolemy.moml.MoMLSimpleApplication@48f831c3
----------------- Done invoking toplevel() on ptolemy.moml.MoMLSimpleApplication@48f831c3
reloadAllAccessors: .WidthTestWithSubscriberPublisher2

===========================================================================================
----------------- testing Fri Aug 30 05:38:49 UTC 2019 /home/travis/build/icyphy/ptII/ptolemy/actor/lib/test/auto/WidthTestWithSubscriberPublisher3.xml
----------------- Instantiating /home/travis/build/icyphy/ptII/ptolemy/actor/lib/test/auto/WidthTestWithSubscriberPublisher3.xml
1 ms. Memory: 443392K Free: 290069K (65%)
----------------- Invoking toplevel() on ptolemy.moml.MoMLSimpleApplication@12bd5c97
----------------- Done invoking toplevel() on ptolemy.moml.MoMLSimpleApplication@12bd5c97
reloadAllAccessors: .WidthTestWithSubscriberPublisher3

===========================================================================================
----------------- testing Fri Aug 30 05:38:49 UTC 2019 /home/travis/build/icyphy/ptII/ptolemy/actor/lib/test/auto/Writer.xml
----------------- Instantiating /home/travis/build/icyphy/ptII/ptolemy/actor/lib/test/auto/Writer.xml
0
1
2
3
4
1 ms. Memory: 443392K Free: 285959K (64%)
----------------- Invoking toplevel() on ptolemy.moml.MoMLSimpleApplication@62aefe31
----------------- Done invoking toplevel() on ptolemy.moml.MoMLSimpleApplication@62aefe31
reloadAllAccessors: .Writer

===========================================================================================
----------------- testing Fri Aug 30 05:38:49 UTC 2019 /home/travis/build/icyphy/ptII/ptolemy/actor/lib/test/auto/array.xml
----------------- Instantiating /home/travis/build/icyphy/ptII/ptolemy/actor/lib/test/auto/array.xml
3 ms. Memory: 443392K Free: 281367K (63%)
----------------- Invoking toplevel() on ptolemy.moml.MoMLSimpleApplication@6c27c45d
----------------- Done invoking toplevel() on ptolemy.moml.MoMLSimpleApplication@6c27c45d
reloadAllAccessors: .array

===========================================================================================
----------------- testing Fri Aug 30 05:38:49 UTC 2019 /home/travis/build/icyphy/ptII/ptolemy/actor/lib/test/auto/array2.xml
----------------- Instantiating /home/travis/build/icyphy/ptII/ptolemy/actor/lib/test/auto/array2.xml
16 ms. Memory: 443392K Free: 276743K (62%)
----------------- Invoking toplevel() on ptolemy.moml.MoMLSimpleApplication@4d7e2a8a
----------------- Done invoking toplevel() on ptolemy.moml.MoMLSimpleApplication@4d7e2a8a
reloadAllAccessors: .array2

===========================================================================================
----------------- testing Fri Aug 30 05:38:49 UTC 2019 /home/travis/build/icyphy/ptII/ptolemy/actor/lib/test/auto/arrayType.xml
----------------- Instantiating /home/travis/build/icyphy/ptII/ptolemy/actor/lib/test/auto/arrayType.xml
2 ms. Memory: 443392K Free: 271127K (61%)
----------------- Invoking toplevel() on ptolemy.moml.MoMLSimpleApplication@2cb78829
----------------- Done invoking toplevel() on ptolemy.moml.MoMLSimpleApplication@2cb78829
reloadAllAccessors: .arrayType

===========================================================================================
----------------- testing Fri Aug 30 05:38:49 UTC 2019 /home/travis/build/icyphy/ptII/ptolemy/actor/lib/test/auto/arrayType10.xml
----------------- Instantiating /home/travis/build/icyphy/ptII/ptolemy/actor/lib/test/auto/arrayType10.xml
2 ms. Memory: 443392K Free: 266517K (60%)
----------------- Invoking toplevel() on ptolemy.moml.MoMLSimpleApplication@68ba9da5
----------------- Done invoking toplevel() on ptolemy.moml.MoMLSimpleApplication@68ba9da5
reloadAllAccessors: .arrayType10

===========================================================================================
----------------- testing Fri Aug 30 05:38:49 UTC 2019 /home/travis/build/icyphy/ptII/ptolemy/actor/lib/test/auto/arrayType11.xml
----------------- Instantiating /home/travis/build/icyphy/ptII/ptolemy/actor/lib/test/auto/arrayType11.xml
1 ms. Memory: 443392K Free: 261911K (59%)
----------------- Invoking toplevel() on ptolemy.moml.MoMLSimpleApplication@5a308cd8
----------------- Done invoking toplevel() on ptolemy.moml.MoMLSimpleApplication@5a308cd8
reloadAllAccessors: .arrayType11

===========================================================================================
----------------- testing Fri Aug 30 05:38:49 UTC 2019 /home/travis/build/icyphy/ptII/ptolemy/actor/lib/test/auto/arrayType12.xml
----------------- Instantiating /home/travis/build/icyphy/ptII/ptolemy/actor/lib/test/auto/arrayType12.xml
1 ms. Memory: 443392K Free: 257301K (58%)
----------------- Invoking toplevel() on ptolemy.moml.MoMLSimpleApplication@6b720ca9
----------------- Done invoking toplevel() on ptolemy.moml.MoMLSimpleApplication@6b720ca9
reloadAllAccessors: .arrayType12

===========================================================================================
----------------- testing Fri Aug 30 05:38:49 UTC 2019 /home/travis/build/icyphy/ptII/ptolemy/actor/lib/test/auto/arrayType13.xml
----------------- Instantiating /home/travis/build/icyphy/ptII/ptolemy/actor/lib/test/auto/arrayType13.xml
2 ms. Memory: 443392K Free: 252181K (57%)
----------------- Invoking toplevel() on ptolemy.moml.MoMLSimpleApplication@3c556eba
----------------- Done invoking toplevel() on ptolemy.moml.MoMLSimpleApplication@3c556eba
reloadAllAccessors: .arrayType13

===========================================================================================
----------------- testing Fri Aug 30 05:38:49 UTC 2019 /home/travis/build/icyphy/ptII/ptolemy/actor/lib/test/auto/arrayType14.xml
----------------- Instantiating /home/travis/build/icyphy/ptII/ptolemy/actor/lib/test/auto/arrayType14.xml
1 ms. Memory: 443392K Free: 246551K (56%)
----------------- Invoking toplevel() on ptolemy.moml.MoMLSimpleApplication@503bc603
----------------- Done invoking toplevel() on ptolemy.moml.MoMLSimpleApplication@503bc603
reloadAllAccessors: .arrayType14

===========================================================================================
----------------- testing Fri Aug 30 05:38:49 UTC 2019 /home/travis/build/icyphy/ptII/ptolemy/actor/lib/test/auto/arrayType15.xml
----------------- Instantiating /home/travis/build/icyphy/ptII/ptolemy/actor/lib/test/auto/arrayType15.xml
3 ms. Memory: 443392K Free: 241431K (54%)
----------------- Invoking toplevel() on ptolemy.moml.MoMLSimpleApplication@112d663e
----------------- Done invoking toplevel() on ptolemy.moml.MoMLSimpleApplication@112d663e
reloadAllAccessors: .arrayType15

===========================================================================================
----------------- testing Fri Aug 30 05:38:49 UTC 2019 /home/travis/build/icyphy/ptII/ptolemy/actor/lib/test/auto/arrayType16.xml
----------------- Instantiating /home/travis/build/icyphy/ptII/ptolemy/actor/lib/test/auto/arrayType16.xml
2 ms. Memory: 443392K Free: 236311K (53%)
----------------- Invoking toplevel() on ptolemy.moml.MoMLSimpleApplication@33d33fe2
----------------- Done invoking toplevel() on ptolemy.moml.MoMLSimpleApplication@33d33fe2
reloadAllAccessors: .arrayType16

===========================================================================================
----------------- testing Fri Aug 30 05:38:49 UTC 2019 /home/travis/build/icyphy/ptII/ptolemy/actor/lib/test/auto/arrayType17.xml
----------------- Instantiating /home/travis/build/icyphy/ptII/ptolemy/actor/lib/test/auto/arrayType17.xml
2 ms. Memory: 443392K Free: 231191K (52%)
----------------- Invoking toplevel() on ptolemy.moml.MoMLSimpleApplication@72376bb9
----------------- Done invoking toplevel() on ptolemy.moml.MoMLSimpleApplication@72376bb9
reloadAllAccessors: .arrayType17

===========================================================================================
----------------- testing Fri Aug 30 05:38:49 UTC 2019 /home/travis/build/icyphy/ptII/ptolemy/actor/lib/test/auto/arrayType18.xml
----------------- Instantiating /home/travis/build/icyphy/ptII/ptolemy/actor/lib/test/auto/arrayType18.xml
1 ms. Memory: 443392K Free: 226071K (51%)
----------------- Invoking toplevel() on ptolemy.moml.MoMLSimpleApplication@4044adbb
----------------- Done invoking toplevel() on ptolemy.moml.MoMLSimpleApplication@4044adbb
reloadAllAccessors: .arrayType18

===========================================================================================
----------------- testing Fri Aug 30 05:38:49 UTC 2019 /home/travis/build/icyphy/ptII/ptolemy/actor/lib/test/auto/arrayType19.xml
----------------- Instantiating /home/travis/build/icyphy/ptII/ptolemy/actor/lib/test/auto/arrayType19.xml
2 ms. Memory: 443392K Free: 221461K (50%)
----------------- Invoking toplevel() on ptolemy.moml.MoMLSimpleApplication@3805a59d
----------------- Done invoking toplevel() on ptolemy.moml.MoMLSimpleApplication@3805a59d
reloadAllAccessors: .arrayType19

===========================================================================================
----------------- testing Fri Aug 30 05:38:49 UTC 2019 /home/travis/build/icyphy/ptII/ptolemy/actor/lib/test/auto/arrayType2.xml
----------------- Instantiating /home/travis/build/icyphy/ptII/ptolemy/actor/lib/test/auto/arrayType2.xml
2 ms. Memory: 443392K Free: 216341K (49%)
----------------- Invoking toplevel() on ptolemy.moml.MoMLSimpleApplication@67f9c45f
----------------- Done invoking toplevel() on ptolemy.moml.MoMLSimpleApplication@67f9c45f
reloadAllAccessors: .arrayType2

===========================================================================================
----------------- testing Fri Aug 30 05:38:50 UTC 2019 /home/travis/build/icyphy/ptII/ptolemy/actor/lib/test/auto/arrayType20.xml
----------------- Instantiating /home/travis/build/icyphy/ptII/ptolemy/actor/lib/test/auto/arrayType20.xml
1 ms. Memory: 443392K Free: 211735K (48%)
----------------- Invoking toplevel() on ptolemy.moml.MoMLSimpleApplication@561b53c0
----------------- Done invoking toplevel() on ptolemy.moml.MoMLSimpleApplication@561b53c0
reloadAllAccessors: .arrayType20

===========================================================================================
----------------- testing Fri Aug 30 05:38:50 UTC 2019 /home/travis/build/icyphy/ptII/ptolemy/actor/lib/test/auto/arrayType21.xml
----------------- Instantiating /home/travis/build/icyphy/ptII/ptolemy/actor/lib/test/auto/arrayType21.xml
2 ms. Memory: 443392K Free: 206615K (47%)
----------------- Invoking toplevel() on ptolemy.moml.MoMLSimpleApplication@47a041f
----------------- Done invoking toplevel() on ptolemy.moml.MoMLSimpleApplication@47a041f
reloadAllAccessors: .arrayType21

===========================================================================================
----------------- testing Fri Aug 30 05:38:50 UTC 2019 /home/travis/build/icyphy/ptII/ptolemy/actor/lib/test/auto/arrayType22.xml
----------------- Instantiating /home/travis/build/icyphy/ptII/ptolemy/actor/lib/test/auto/arrayType22.xml
2 ms. Memory: 443392K Free: 202005K (46%)
----------------- Invoking toplevel() on ptolemy.moml.MoMLSimpleApplication@342d9943
----------------- Done invoking toplevel() on ptolemy.moml.MoMLSimpleApplication@342d9943
reloadAllAccessors: .arrayType22

===========================================================================================
----------------- testing Fri Aug 30 05:38:50 UTC 2019 /home/travis/build/icyphy/ptII/ptolemy/actor/lib/test/auto/arrayType23.xml
----------------- Instantiating /home/travis/build/icyphy/ptII/ptolemy/actor/lib/test/auto/arrayType23.xml
1 ms. Memory: 443392K Free: 197399K (45%)
----------------- Invoking toplevel() on ptolemy.moml.MoMLSimpleApplication@40ec7dba
----------------- Done invoking toplevel() on ptolemy.moml.MoMLSimpleApplication@40ec7dba
reloadAllAccessors: .arrayType23

===========================================================================================
----------------- testing Fri Aug 30 05:38:50 UTC 2019 /home/travis/build/icyphy/ptII/ptolemy/actor/lib/test/auto/arrayType24.xml
----------------- Instantiating /home/travis/build/icyphy/ptII/ptolemy/actor/lib/test/auto/arrayType24.xml
1 ms. Memory: 443392K Free: 192789K (43%)
----------------- Invoking toplevel() on ptolemy.moml.MoMLSimpleApplication@38fd1798
----------------- Done invoking toplevel() on ptolemy.moml.MoMLSimpleApplication@38fd1798
reloadAllAccessors: .arrayType24

===========================================================================================
----------------- testing Fri Aug 30 05:38:50 UTC 2019 /home/travis/build/icyphy/ptII/ptolemy/actor/lib/test/auto/arrayType25.xml
----------------- Instantiating /home/travis/build/icyphy/ptII/ptolemy/actor/lib/test/auto/arrayType25.xml
2 ms. Memory: 443392K Free: 187159K (42%)
----------------- Invoking toplevel() on ptolemy.moml.MoMLSimpleApplication@15d12abd
----------------- Done invoking toplevel() on ptolemy.moml.MoMLSimpleApplication@15d12abd
reloadAllAccessors: .arrayType25

===========================================================================================
----------------- testing Fri Aug 30 05:38:50 UTC 2019 /home/travis/build/icyphy/ptII/ptolemy/actor/lib/test/auto/arrayType26.xml
----------------- Instantiating /home/travis/build/icyphy/ptII/ptolemy/actor/lib/test/auto/arrayType26.xml
1 ms. Memory: 443392K Free: 182039K (41%)
----------------- Invoking toplevel() on ptolemy.moml.MoMLSimpleApplication@1ecfe01b
----------------- Done invoking toplevel() on ptolemy.moml.MoMLSimpleApplication@1ecfe01b
reloadAllAccessors: .arrayType26

===========================================================================================
----------------- testing Fri Aug 30 05:38:50 UTC 2019 /home/travis/build/icyphy/ptII/ptolemy/actor/lib/test/auto/arrayType27.xml
----------------- Instantiating /home/travis/build/icyphy/ptII/ptolemy/actor/lib/test/auto/arrayType27.xml
2 ms. Memory: 443392K Free: 176919K (40%)
----------------- Invoking toplevel() on ptolemy.moml.MoMLSimpleApplication@59e364e5
----------------- Done invoking toplevel() on ptolemy.moml.MoMLSimpleApplication@59e364e5
reloadAllAccessors: .arrayType27

===========================================================================================
----------------- testing Fri Aug 30 05:38:50 UTC 2019 /home/travis/build/icyphy/ptII/ptolemy/actor/lib/test/auto/arrayType28.xml
----------------- Instantiating /home/travis/build/icyphy/ptII/ptolemy/actor/lib/test/auto/arrayType28.xml
3 ms. Memory: 443392K Free: 171799K (39%)
----------------- Invoking toplevel() on ptolemy.moml.MoMLSimpleApplication@da0ad8b
----------------- Done invoking toplevel() on ptolemy.moml.MoMLSimpleApplication@da0ad8b
reloadAllAccessors: .arrayType28

===========================================================================================
----------------- testing Fri Aug 30 05:38:50 UTC 2019 /home/travis/build/icyphy/ptII/ptolemy/actor/lib/test/auto/arrayType3.xml
----------------- Instantiating /home/travis/build/icyphy/ptII/ptolemy/actor/lib/test/auto/arrayType3.xml
2 ms. Memory: 443392K Free: 166165K (37%)
----------------- Invoking toplevel() on ptolemy.moml.MoMLSimpleApplication@5d4c87c0
----------------- Done invoking toplevel() on ptolemy.moml.MoMLSimpleApplication@5d4c87c0
reloadAllAccessors: .arrayType3

===========================================================================================
----------------- testing Fri Aug 30 05:38:50 UTC 2019 /home/travis/build/icyphy/ptII/ptolemy/actor/lib/test/auto/arrayType4.xml
----------------- Instantiating /home/travis/build/icyphy/ptII/ptolemy/actor/lib/test/auto/arrayType4.xml
1 ms. Memory: 443392K Free: 161045K (36%)
----------------- Invoking toplevel() on ptolemy.moml.MoMLSimpleApplication@2504cf5a
----------------- Done invoking toplevel() on ptolemy.moml.MoMLSimpleApplication@2504cf5a
reloadAllAccessors: .arrayType4

===========================================================================================
----------------- testing Fri Aug 30 05:38:50 UTC 2019 /home/travis/build/icyphy/ptII/ptolemy/actor/lib/test/auto/arrayType5.xml
----------------- Instantiating /home/travis/build/icyphy/ptII/ptolemy/actor/lib/test/auto/arrayType5.xml
1 ms. Memory: 443392K Free: 155925K (35%)
----------------- Invoking toplevel() on ptolemy.moml.MoMLSimpleApplication@42fe3009
----------------- Done invoking toplevel() on ptolemy.moml.MoMLSimpleApplication@42fe3009
reloadAllAccessors: .arrayType5

===========================================================================================
----------------- testing Fri Aug 30 05:38:50 UTC 2019 /home/travis/build/icyphy/ptII/ptolemy/actor/lib/test/auto/arrayType6.xml
----------------- Instantiating /home/travis/build/icyphy/ptII/ptolemy/actor/lib/test/auto/arrayType6.xml
2 ms. Memory: 443392K Free: 151319K (34%)
----------------- Invoking toplevel() on ptolemy.moml.MoMLSimpleApplication@53e5514
----------------- Done invoking toplevel() on ptolemy.moml.MoMLSimpleApplication@53e5514
reloadAllAccessors: .arrayType6

===========================================================================================
----------------- testing Fri Aug 30 05:38:50 UTC 2019 /home/travis/build/icyphy/ptII/ptolemy/actor/lib/test/auto/arrayType7.xml
----------------- Instantiating /home/travis/build/icyphy/ptII/ptolemy/actor/lib/test/auto/arrayType7.xml
1 ms. Memory: 443392K Free: 146199K (33%)
----------------- Invoking toplevel() on ptolemy.moml.MoMLSimpleApplication@91f278a
----------------- Done invoking toplevel() on ptolemy.moml.MoMLSimpleApplication@91f278a
reloadAllAccessors: .arrayType7

===========================================================================================
----------------- testing Fri Aug 30 05:38:50 UTC 2019 /home/travis/build/icyphy/ptII/ptolemy/actor/lib/test/auto/arrayType8.xml
----------------- Instantiating /home/travis/build/icyphy/ptII/ptolemy/actor/lib/test/auto/arrayType8.xml
1 ms. Memory: 443392K Free: 141589K (32%)
----------------- Invoking toplevel() on ptolemy.moml.MoMLSimpleApplication@720f172e
----------------- Done invoking toplevel() on ptolemy.moml.MoMLSimpleApplication@720f172e
reloadAllAccessors: .arrayType8

===========================================================================================
----------------- testing Fri Aug 30 05:38:50 UTC 2019 /home/travis/build/icyphy/ptII/ptolemy/actor/lib/test/auto/arrayType9.xml
----------------- Instantiating /home/travis/build/icyphy/ptII/ptolemy/actor/lib/test/auto/arrayType9.xml
1 ms. Memory: 443392K Free: 136983K (31%)
----------------- Invoking toplevel() on ptolemy.moml.MoMLSimpleApplication@6cbbfd1
----------------- Done invoking toplevel() on ptolemy.moml.MoMLSimpleApplication@6cbbfd1
reloadAllAccessors: .arrayType9

===========================================================================================
----------------- testing Fri Aug 30 05:38:50 UTC 2019 /home/travis/build/icyphy/ptII/ptolemy/actor/lib/test/auto/cast.xml
----------------- Instantiating /home/travis/build/icyphy/ptII/ptolemy/actor/lib/test/auto/cast.xml
2 ms. Memory: 443392K Free: 131863K (30%)
----------------- Invoking toplevel() on ptolemy.moml.MoMLSimpleApplication@6690d71b
----------------- Done invoking toplevel() on ptolemy.moml.MoMLSimpleApplication@6690d71b
reloadAllAccessors: .cast

===========================================================================================
----------------- testing Fri Aug 30 05:38:50 UTC 2019 /home/travis/build/icyphy/ptII/ptolemy/actor/lib/test/auto/compositeMultiPort.xml
----------------- Instantiating /home/travis/build/icyphy/ptII/ptolemy/actor/lib/test/auto/compositeMultiPort.xml
5 ms. Memory: 443392K Free: 382722K (86%)
----------------- Invoking toplevel() on ptolemy.moml.MoMLSimpleApplication@28220e4a
----------------- Done invoking toplevel() on ptolemy.moml.MoMLSimpleApplication@28220e4a
reloadAllAccessors: .compositeMultiPort

===========================================================================================
----------------- testing Fri Aug 30 05:38:50 UTC 2019 /home/travis/build/icyphy/ptII/ptolemy/actor/lib/test/auto/expressionCastInference.xml
----------------- Instantiating /home/travis/build/icyphy/ptII/ptolemy/actor/lib/test/auto/expressionCastInference.xml
12 ms. Memory: 443392K Free: 378112K (85%)
----------------- Invoking toplevel() on ptolemy.moml.MoMLSimpleApplication@4fa11c68
----------------- Done invoking toplevel() on ptolemy.moml.MoMLSimpleApplication@4fa11c68
reloadAllAccessors: .expressionCastInference

===========================================================================================
----------------- testing Fri Aug 30 05:38:50 UTC 2019 /home/travis/build/icyphy/ptII/ptolemy/actor/lib/test/auto/expressionCastInference2.xml
----------------- Instantiating /home/travis/build/icyphy/ptII/ptolemy/actor/lib/test/auto/expressionCastInference2.xml
3 ms. Memory: 443392K Free: 373506K (84%)
----------------- Invoking toplevel() on ptolemy.moml.MoMLSimpleApplication@425c2e3c
----------------- Done invoking toplevel() on ptolemy.moml.MoMLSimpleApplication@425c2e3c
reloadAllAccessors: .expressionCastInference2

===========================================================================================
----------------- testing Fri Aug 30 05:38:50 UTC 2019 /home/travis/build/icyphy/ptII/ptolemy/actor/lib/test/auto/expressionInference.xml
----------------- Instantiating /home/travis/build/icyphy/ptII/ptolemy/actor/lib/test/auto/expressionInference.xml
2 ms. Memory: 443392K Free: 368896K (83%)
----------------- Invoking toplevel() on ptolemy.moml.MoMLSimpleApplication@5698db2c
----------------- Done invoking toplevel() on ptolemy.moml.MoMLSimpleApplication@5698db2c
reloadAllAccessors: .expressionInference

===========================================================================================
----------------- testing Fri Aug 30 05:38:50 UTC 2019 /home/travis/build/icyphy/ptII/ptolemy/actor/lib/test/auto/expression_bug.xml
----------------- Instantiating /home/travis/build/icyphy/ptII/ptolemy/actor/lib/test/auto/expression_bug.xml
9 ms. Memory: 443392K Free: 364800K (82%)
----------------- Invoking toplevel() on ptolemy.moml.MoMLSimpleApplication@7b60806d
----------------- Done invoking toplevel() on ptolemy.moml.MoMLSimpleApplication@7b60806d
reloadAllAccessors: .expression_bug

===========================================================================================
----------------- testing Fri Aug 30 05:38:50 UTC 2019 /home/travis/build/icyphy/ptII/ptolemy/actor/lib/test/auto/factorial.xml
----------------- Instantiating /home/travis/build/icyphy/ptII/ptolemy/actor/lib/test/auto/factorial.xml
77 ms. Memory: 443392K Free: 356608K (80%)
----------------- Invoking toplevel() on ptolemy.moml.MoMLSimpleApplication@2f19fd4
----------------- Done invoking toplevel() on ptolemy.moml.MoMLSimpleApplication@2f19fd4
reloadAllAccessors: .factorial

===========================================================================================
----------------- testing Fri Aug 30 05:38:50 UTC 2019 /home/travis/build/icyphy/ptII/ptolemy/actor/lib/test/auto/filterTest1.xml
----------------- Instantiating /home/travis/build/icyphy/ptII/ptolemy/actor/lib/test/auto/filterTest1.xml
4 ms. Memory: 443392K Free: 350450K (79%)
----------------- Invoking toplevel() on ptolemy.moml.MoMLSimpleApplication@7f2cb21e
----------------- Done invoking toplevel() on ptolemy.moml.MoMLSimpleApplication@7f2cb21e
reloadAllAccessors: .filterTest1

===========================================================================================
----------------- testing Fri Aug 30 05:38:50 UTC 2019 /home/travis/build/icyphy/ptII/ptolemy/actor/lib/test/auto/funcApplyInConst.xml
----------------- Instantiating /home/travis/build/icyphy/ptII/ptolemy/actor/lib/test/auto/funcApplyInConst.xml
1 ms. Memory: 443392K Free: 346882K (78%)
----------------- Invoking toplevel() on ptolemy.moml.MoMLSimpleApplication@224db8e
----------------- Done invoking toplevel() on ptolemy.moml.MoMLSimpleApplication@224db8e
reloadAllAccessors: .funcApplyInConst

===========================================================================================
----------------- testing Fri Aug 30 05:38:50 UTC 2019 /home/travis/build/icyphy/ptII/ptolemy/actor/lib/test/auto/funcApplyInExpr.xml
----------------- Instantiating /home/travis/build/icyphy/ptII/ptolemy/actor/lib/test/auto/funcApplyInExpr.xml
1 ms. Memory: 443392K Free: 343296K (77%)
----------------- Invoking toplevel() on ptolemy.moml.MoMLSimpleApplication@6ffbcc59
----------------- Done invoking toplevel() on ptolemy.moml.MoMLSimpleApplication@6ffbcc59
reloadAllAccessors: .funcApplyInExpr

===========================================================================================
----------------- testing Fri Aug 30 05:38:50 UTC 2019 /home/travis/build/icyphy/ptII/ptolemy/actor/lib/test/auto/function.xml
----------------- Instantiating /home/travis/build/icyphy/ptII/ptolemy/actor/lib/test/auto/function.xml
2 ms. Memory: 443392K Free: 338176K (76%)
----------------- Invoking toplevel() on ptolemy.moml.MoMLSimpleApplication@71706530
----------------- Done invoking toplevel() on ptolemy.moml.MoMLSimpleApplication@71706530
reloadAllAccessors: .function

===========================================================================================
----------------- testing Fri Aug 30 05:38:50 UTC 2019 /home/travis/build/icyphy/ptII/ptolemy/actor/lib/test/auto/function2.xml
----------------- Instantiating /home/travis/build/icyphy/ptII/ptolemy/actor/lib/test/auto/function2.xml
4 ms. Memory: 443392K Free: 333570K (75%)
----------------- Invoking toplevel() on ptolemy.moml.MoMLSimpleApplication@bb90c75
----------------- Done invoking toplevel() on ptolemy.moml.MoMLSimpleApplication@bb90c75
reloadAllAccessors: .function2

===========================================================================================
----------------- testing Fri Aug 30 05:38:50 UTC 2019 /home/travis/build/icyphy/ptII/ptolemy/actor/lib/test/auto/function3.xml
----------------- Instantiating /home/travis/build/icyphy/ptII/ptolemy/actor/lib/test/auto/function3.xml
2 ms. Memory: 443392K Free: 329984K (74%)
----------------- Invoking toplevel() on ptolemy.moml.MoMLSimpleApplication@587ffa1b
----------------- Done invoking toplevel() on ptolemy.moml.MoMLSimpleApplication@587ffa1b
reloadAllAccessors: .function3

===========================================================================================
----------------- testing Fri Aug 30 05:38:50 UTC 2019 /home/travis/build/icyphy/ptII/ptolemy/actor/lib/test/auto/functionClosureTest1.xml
----------------- Instantiating /home/travis/build/icyphy/ptII/ptolemy/actor/lib/test/auto/functionClosureTest1.xml
2 ms. Memory: 443392K Free: 323834K (73%)
----------------- Invoking toplevel() on ptolemy.moml.MoMLSimpleApplication@7da9bd9f
----------------- Done invoking toplevel() on ptolemy.moml.MoMLSimpleApplication@7da9bd9f
reloadAllAccessors: .functionClosureTest1

===========================================================================================
----------------- testing Fri Aug 30 05:38:50 UTC 2019 /home/travis/build/icyphy/ptII/ptolemy/actor/lib/test/auto/functionClosureTest2.xml
----------------- Instantiating /home/travis/build/icyphy/ptII/ptolemy/actor/lib/test/auto/functionClosureTest2.xml
2 ms. Memory: 443392K Free: 320258K (72%)
----------------- Invoking toplevel() on ptolemy.moml.MoMLSimpleApplication@eafc440
----------------- Done invoking toplevel() on ptolemy.moml.MoMLSimpleApplication@eafc440
reloadAllAccessors: .functionClosureTest2

===========================================================================================
----------------- testing Fri Aug 30 05:38:50 UTC 2019 /home/travis/build/icyphy/ptII/ptolemy/actor/lib/test/auto/functionClosureTest3.xml
----------------- Instantiating /home/travis/build/icyphy/ptII/ptolemy/actor/lib/test/auto/functionClosureTest3.xml
3 ms. Memory: 443392K Free: 315138K (71%)
----------------- Invoking toplevel() on ptolemy.moml.MoMLSimpleApplication@45115ce7
----------------- Done invoking toplevel() on ptolemy.moml.MoMLSimpleApplication@45115ce7
reloadAllAccessors: .functionClosureTest3

===========================================================================================
----------------- testing Fri Aug 30 05:38:50 UTC 2019 /home/travis/build/icyphy/ptII/ptolemy/actor/lib/test/auto/functionClosureTest4.xml
----------------- Instantiating /home/travis/build/icyphy/ptII/ptolemy/actor/lib/test/auto/functionClosureTest4.xml
5 ms. Memory: 443392K Free: 308480K (70%)
----------------- Invoking toplevel() on ptolemy.moml.MoMLSimpleApplication@27f5e74d
----------------- Done invoking toplevel() on ptolemy.moml.MoMLSimpleApplication@27f5e74d
reloadAllAccessors: .functionClosureTest4

===========================================================================================
----------------- testing Fri Aug 30 05:38:50 UTC 2019 /home/travis/build/icyphy/ptII/ptolemy/actor/lib/test/auto/functionClosureTest5.xml
----------------- Instantiating /home/travis/build/icyphy/ptII/ptolemy/actor/lib/test/auto/functionClosureTest5.xml
4 ms. Memory: 443392K Free: 303346K (68%)
----------------- Invoking toplevel() on ptolemy.moml.MoMLSimpleApplication@77aa2b5b
----------------- Done invoking toplevel() on ptolemy.moml.MoMLSimpleApplication@77aa2b5b
reloadAllAccessors: .functionClosureTest5

===========================================================================================
----------------- testing Fri Aug 30 05:38:50 UTC 2019 /home/travis/build/icyphy/ptII/ptolemy/actor/lib/test/auto/functionClosureTest6.xml
----------------- Instantiating /home/travis/build/icyphy/ptII/ptolemy/actor/lib/test/auto/functionClosureTest6.xml
1 ms. Memory: 443392K Free: 298754K (67%)
----------------- Invoking toplevel() on ptolemy.moml.MoMLSimpleApplication@2d8adb0a
----------------- Done invoking toplevel() on ptolemy.moml.MoMLSimpleApplication@2d8adb0a
reloadAllAccessors: .functionClosureTest6

===========================================================================================
----------------- testing Fri Aug 30 05:38:50 UTC 2019 /home/travis/build/icyphy/ptII/ptolemy/actor/lib/test/auto/functionsOnArcs.xml
----------------- Instantiating /home/travis/build/icyphy/ptII/ptolemy/actor/lib/test/auto/functionsOnArcs.xml
2 ms. Memory: 443392K Free: 293120K (66%)
----------------- Invoking toplevel() on ptolemy.moml.MoMLSimpleApplication@115f6e98
----------------- Done invoking toplevel() on ptolemy.moml.MoMLSimpleApplication@115f6e98
reloadAllAccessors: .functionsOnArcs

===========================================================================================
----------------- testing Fri Aug 30 05:38:50 UTC 2019 /home/travis/build/icyphy/ptII/ptolemy/actor/lib/test/auto/functionsOnArcsHOF.xml
----------------- Instantiating /home/travis/build/icyphy/ptII/ptolemy/actor/lib/test/auto/functionsOnArcsHOF.xml
4 ms. Memory: 443392K Free: 287490K (65%)
----------------- Invoking toplevel() on ptolemy.moml.MoMLSimpleApplication@4c5f3a90
----------------- Done invoking toplevel() on ptolemy.moml.MoMLSimpleApplication@4c5f3a90
reloadAllAccessors: .functionsOnArcsHOF

===========================================================================================
----------------- testing Fri Aug 30 05:38:50 UTC 2019 /home/travis/build/icyphy/ptII/ptolemy/actor/lib/test/auto/logic.xml
----------------- Instantiating /home/travis/build/icyphy/ptII/ptolemy/actor/lib/test/auto/logic.xml
2 ms. Memory: 443392K Free: 280322K (63%)
----------------- Invoking toplevel() on ptolemy.moml.MoMLSimpleApplication@363f54c8
----------------- Done invoking toplevel() on ptolemy.moml.MoMLSimpleApplication@363f54c8
reloadAllAccessors: .logic

===========================================================================================
----------------- testing Fri Aug 30 05:38:50 UTC 2019 /home/travis/build/icyphy/ptII/ptolemy/actor/lib/test/auto/matrixType.xml
----------------- Instantiating /home/travis/build/icyphy/ptII/ptolemy/actor/lib/test/auto/matrixType.xml
2 ms. Memory: 443392K Free: 274688K (62%)
----------------- Invoking toplevel() on ptolemy.moml.MoMLSimpleApplication@22aa3e1a
----------------- Done invoking toplevel() on ptolemy.moml.MoMLSimpleApplication@22aa3e1a
reloadAllAccessors: .matrixType

===========================================================================================
----------------- testing Fri Aug 30 05:38:50 UTC 2019 /home/travis/build/icyphy/ptII/ptolemy/actor/lib/test/auto/matrixType10.xml
----------------- Instantiating /home/travis/build/icyphy/ptII/ptolemy/actor/lib/test/auto/matrixType10.xml
2 ms. Memory: 443392K Free: 270082K (61%)
----------------- Invoking toplevel() on ptolemy.moml.MoMLSimpleApplication@741a51b0
----------------- Done invoking toplevel() on ptolemy.moml.MoMLSimpleApplication@741a51b0
reloadAllAccessors: .matrixType10

===========================================================================================
----------------- testing Fri Aug 30 05:38:50 UTC 2019 /home/travis/build/icyphy/ptII/ptolemy/actor/lib/test/auto/matrixType11.xml
----------------- Instantiating /home/travis/build/icyphy/ptII/ptolemy/actor/lib/test/auto/matrixType11.xml
2 ms. Memory: 443392K Free: 265472K (60%)
----------------- Invoking toplevel() on ptolemy.moml.MoMLSimpleApplication@40f7fc14
----------------- Done invoking toplevel() on ptolemy.moml.MoMLSimpleApplication@40f7fc14
reloadAllAccessors: .matrixType11

===========================================================================================
----------------- testing Fri Aug 30 05:38:50 UTC 2019 /home/travis/build/icyphy/ptII/ptolemy/actor/lib/test/auto/matrixType12.xml
----------------- Instantiating /home/travis/build/icyphy/ptII/ptolemy/actor/lib/test/auto/matrixType12.xml
1 ms. Memory: 443392K Free: 260352K (59%)
----------------- Invoking toplevel() on ptolemy.moml.MoMLSimpleApplication@69e32167
----------------- Done invoking toplevel() on ptolemy.moml.MoMLSimpleApplication@69e32167
reloadAllAccessors: .matrixType12

===========================================================================================
----------------- testing Fri Aug 30 05:38:50 UTC 2019 /home/travis/build/icyphy/ptII/ptolemy/actor/lib/test/auto/matrixType13.xml
----------------- Instantiating /home/travis/build/icyphy/ptII/ptolemy/actor/lib/test/auto/matrixType13.xml
2 ms. Memory: 443392K Free: 255746K (58%)
----------------- Invoking toplevel() on ptolemy.moml.MoMLSimpleApplication@3341eaac
----------------- Done invoking toplevel() on ptolemy.moml.MoMLSimpleApplication@3341eaac
reloadAllAccessors: .matrixType13

===========================================================================================
----------------- testing Fri Aug 30 05:38:50 UTC 2019 /home/travis/build/icyphy/ptII/ptolemy/actor/lib/test/auto/matrixType14.xml
----------------- Instantiating /home/travis/build/icyphy/ptII/ptolemy/actor/lib/test/auto/matrixType14.xml
2 ms. Memory: 443392K Free: 251136K (57%)
----------------- Invoking toplevel() on ptolemy.moml.MoMLSimpleApplication@5b5f34a7
----------------- Done invoking toplevel() on ptolemy.moml.MoMLSimpleApplication@5b5f34a7
reloadAllAccessors: .matrixType14

===========================================================================================
----------------- testing Fri Aug 30 05:38:50 UTC 2019 /home/travis/build/icyphy/ptII/ptolemy/actor/lib/test/auto/matrixType2.xml
----------------- Instantiating /home/travis/build/icyphy/ptII/ptolemy/actor/lib/test/auto/matrixType2.xml
2 ms. Memory: 443392K Free: 246016K (55%)
----------------- Invoking toplevel() on ptolemy.moml.MoMLSimpleApplication@56d6fec9
----------------- Done invoking toplevel() on ptolemy.moml.MoMLSimpleApplication@56d6fec9
reloadAllAccessors: .matrixType2

===========================================================================================
----------------- testing Fri Aug 30 05:38:51 UTC 2019 /home/travis/build/icyphy/ptII/ptolemy/actor/lib/test/auto/matrixType3.xml
----------------- Instantiating /home/travis/build/icyphy/ptII/ptolemy/actor/lib/test/auto/matrixType3.xml
4 ms. Memory: 443392K Free: 241410K (54%)
----------------- Invoking toplevel() on ptolemy.moml.MoMLSimpleApplication@3b0cc07e
----------------- Done invoking toplevel() on ptolemy.moml.MoMLSimpleApplication@3b0cc07e
reloadAllAccessors: .matrixType3

===========================================================================================
----------------- testing Fri Aug 30 05:38:51 UTC 2019 /home/travis/build/icyphy/ptII/ptolemy/actor/lib/test/auto/matrixType4.xml
----------------- Instantiating /home/travis/build/icyphy/ptII/ptolemy/actor/lib/test/auto/matrixType4.xml
2 ms. Memory: 443392K Free: 236290K (53%)
----------------- Invoking toplevel() on ptolemy.moml.MoMLSimpleApplication@65281f11
----------------- Done invoking toplevel() on ptolemy.moml.MoMLSimpleApplication@65281f11
reloadAllAccessors: .matrixType4

===========================================================================================
----------------- testing Fri Aug 30 05:38:51 UTC 2019 /home/travis/build/icyphy/ptII/ptolemy/actor/lib/test/auto/matrixType5.xml
----------------- Instantiating /home/travis/build/icyphy/ptII/ptolemy/actor/lib/test/auto/matrixType5.xml
1 ms. Memory: 443392K Free: 231680K (52%)
----------------- Invoking toplevel() on ptolemy.moml.MoMLSimpleApplication@1e807b84
----------------- Done invoking toplevel() on ptolemy.moml.MoMLSimpleApplication@1e807b84
reloadAllAccessors: .matrixType5

===========================================================================================
----------------- testing Fri Aug 30 05:38:51 UTC 2019 /home/travis/build/icyphy/ptII/ptolemy/actor/lib/test/auto/matrixType6.xml
----------------- Instantiating /home/travis/build/icyphy/ptII/ptolemy/actor/lib/test/auto/matrixType6.xml
2 ms. Memory: 443392K Free: 227074K (51%)
----------------- Invoking toplevel() on ptolemy.moml.MoMLSimpleApplication@71c73322
----------------- Done invoking toplevel() on ptolemy.moml.MoMLSimpleApplication@71c73322
reloadAllAccessors: .matrixType6

===========================================================================================
----------------- testing Fri Aug 30 05:38:51 UTC 2019 /home/travis/build/icyphy/ptII/ptolemy/actor/lib/test/auto/matrixType7.xml
----------------- Instantiating /home/travis/build/icyphy/ptII/ptolemy/actor/lib/test/auto/matrixType7.xml
2 ms. Memory: 443392K Free: 221954K (50%)
----------------- Invoking toplevel() on ptolemy.moml.MoMLSimpleApplication@28c1bda4
----------------- Done invoking toplevel() on ptolemy.moml.MoMLSimpleApplication@28c1bda4
reloadAllAccessors: .matrixType7

===========================================================================================
----------------- testing Fri Aug 30 05:38:51 UTC 2019 /home/travis/build/icyphy/ptII/ptolemy/actor/lib/test/auto/matrixType8.xml
----------------- Instantiating /home/travis/build/icyphy/ptII/ptolemy/actor/lib/test/auto/matrixType8.xml
2 ms. Memory: 443392K Free: 217344K (49%)
----------------- Invoking toplevel() on ptolemy.moml.MoMLSimpleApplication@23756387
----------------- Done invoking toplevel() on ptolemy.moml.MoMLSimpleApplication@23756387
reloadAllAccessors: .matrixType8

===========================================================================================
----------------- testing Fri Aug 30 05:38:51 UTC 2019 /home/travis/build/icyphy/ptII/ptolemy/actor/lib/test/auto/matrixType9.xml
----------------- Instantiating /home/travis/build/icyphy/ptII/ptolemy/actor/lib/test/auto/matrixType9.xml
1 ms. Memory: 443392K Free: 212224K (48%)
----------------- Invoking toplevel() on ptolemy.moml.MoMLSimpleApplication@6f87adeb
----------------- Done invoking toplevel() on ptolemy.moml.MoMLSimpleApplication@6f87adeb
reloadAllAccessors: .matrixType9

===========================================================================================
----------------- testing Fri Aug 30 05:38:51 UTC 2019 /home/travis/build/icyphy/ptII/ptolemy/actor/lib/test/auto/paraFunctest.xml
----------------- Instantiating /home/travis/build/icyphy/ptII/ptolemy/actor/lib/test/auto/paraFunctest.xml
2 ms. Memory: 443392K Free: 207618K (47%)
----------------- Invoking toplevel() on ptolemy.moml.MoMLSimpleApplication@43ae4e3a
----------------- Done invoking toplevel() on ptolemy.moml.MoMLSimpleApplication@43ae4e3a
reloadAllAccessors: .paraFunctest

===========================================================================================
----------------- testing Fri Aug 30 05:38:51 UTC 2019 /home/travis/build/icyphy/ptII/ptolemy/actor/lib/test/auto/paraFunctest2.xml
----------------- Instantiating /home/travis/build/icyphy/ptII/ptolemy/actor/lib/test/auto/paraFunctest2.xml
2 ms. Memory: 443392K Free: 203008K (46%)
----------------- Invoking toplevel() on ptolemy.moml.MoMLSimpleApplication@ab07d6f
----------------- Done invoking toplevel() on ptolemy.moml.MoMLSimpleApplication@ab07d6f
reloadAllAccessors: .paraFunctest2

===========================================================================================
----------------- testing Fri Aug 30 05:38:51 UTC 2019 /home/travis/build/icyphy/ptII/ptolemy/actor/lib/test/auto/parameterPassing.xml
----------------- Instantiating /home/travis/build/icyphy/ptII/ptolemy/actor/lib/test/auto/parameterPassing.xml
1 ms. Memory: 443392K Free: 198402K (45%)
----------------- Invoking toplevel() on ptolemy.moml.MoMLSimpleApplication@477069a6
----------------- Done invoking toplevel() on ptolemy.moml.MoMLSimpleApplication@477069a6
reloadAllAccessors: .parameterPassing

===========================================================================================
----------------- testing Fri Aug 30 05:38:51 UTC 2019 /home/travis/build/icyphy/ptII/ptolemy/actor/lib/test/auto/record.xml
----------------- Instantiating /home/travis/build/icyphy/ptII/ptolemy/actor/lib/test/auto/record.xml
3 ms. Memory: 443392K Free: 193792K (44%)
----------------- Invoking toplevel() on ptolemy.moml.MoMLSimpleApplication@284d3bd4
----------------- Done invoking toplevel() on ptolemy.moml.MoMLSimpleApplication@284d3bd4
reloadAllAccessors: .record

===========================================================================================
----------------- testing Fri Aug 30 05:38:51 UTC 2019 /home/travis/build/icyphy/ptII/ptolemy/actor/lib/test/auto/sizedarray1.xml
----------------- Instantiating /home/travis/build/icyphy/ptII/ptolemy/actor/lib/test/auto/sizedarray1.xml
2 ms. Memory: 443392K Free: 188672K (43%)
----------------- Invoking toplevel() on ptolemy.moml.MoMLSimpleApplication@144f7238
----------------- Done invoking toplevel() on ptolemy.moml.MoMLSimpleApplication@144f7238
reloadAllAccessors: .sizedarray1

===========================================================================================
----------------- testing Fri Aug 30 05:38:51 UTC 2019 /home/travis/build/icyphy/ptII/ptolemy/actor/lib/test/auto/sizedarray2.xml
----------------- Instantiating /home/travis/build/icyphy/ptII/ptolemy/actor/lib/test/auto/sizedarray2.xml
3 ms. Memory: 443392K Free: 182528K (41%)
----------------- Invoking toplevel() on ptolemy.moml.MoMLSimpleApplication@573c04db
----------------- Done invoking toplevel() on ptolemy.moml.MoMLSimpleApplication@573c04db
reloadAllAccessors: .sizedarray2

===========================================================================================
----------------- testing Fri Aug 30 05:38:51 UTC 2019 /home/travis/build/icyphy/ptII/ptolemy/actor/lib/test/auto/twoPublishers.xml
----------------- Instantiating /home/travis/build/icyphy/ptII/ptolemy/actor/lib/test/auto/twoPublishers.xml
7 ms. Memory: 443392K Free: 172288K (39%)
----------------- Invoking toplevel() on ptolemy.moml.MoMLSimpleApplication@27c6ad53
----------------- Done invoking toplevel() on ptolemy.moml.MoMLSimpleApplication@27c6ad53
reloadAllAccessors: .twoPublishers
AutoTests.java: About to close Vertx.
AutoTests.java: Vertx closed.
]]></system-out>
  <system-err><![CDATA[java.lang.RuntimeException: Execution failed
	at ptolemy.moml.MoMLSimpleApplication$UnloadThread.run(MoMLSimpleApplication.java:402)
Caused by: java.lang.RuntimeException: StringUtilities.exit() was called. Normally, we would exit here because Manager.exitAfterWrapup() was called.  However, because the ptolemy.ptII.exitAfterWrapup property is set, we throw this exception instead.
	at ptolemy.util.StringUtilities.exit(StringUtilities.java:365)
	at ptolemy.actor.Manager.wrapup(Manager.java:1549)
	at ptolemy.actor.Manager.execute(Manager.java:407)
	at ptolemy.actor.Manager.run(Manager.java:1263)
	at ptolemy.actor.Manager$PtolemyRunThread.run(Manager.java:1933)
Warning: '.top.test' is in training mode, set the trainingMode parameter to false before checking in
Warning: '.top.test' is in training mode, set the trainingMode parameter to false before checking in
Warning: '.top.test' is in training mode, set the trainingMode parameter to false before checking in
Warning: '.BooleanSwitch_RegressionTest_WrongTrainingValues.Test' is in training mode, set the trainingMode parameter to false before checking in
Warning: '.BooleanSwitch_RegressionTest_WrongTrainingValues.Test2' is in training mode, set the trainingMode parameter to false before checking in
Warning: '.BooleanSwitch_RegressionTest_WrongTrainingValues.Test2' The test produced 0 tokens.
Warning: '.top.testExceptionHandler' is in training mode, set the trainingMode parameter to false before checking in
java.lang.RuntimeException: Execution failed
	at ptolemy.moml.MoMLSimpleApplication$UnloadThread.run(MoMLSimpleApplication.java:402)
Caused by: ptolemy.kernel.util.IllegalActionException: PublisherPorts cannot be used at the top level, use a Publisher actor instead.
  in .PublisherPortToplevelSubscriber.PublisherPort
	at ptolemy.actor.PublisherPort.preinitialize(PublisherPort.java:403)
	at ptolemy.actor.CompositeActor.preinitialize(CompositeActor.java:1769)
	at ptolemy.actor.Manager.preinitializeAndResolveTypes(Manager.java:1040)
	at ptolemy.actor.Manager.initialize(Manager.java:710)
	at ptolemy.actor.Manager.execute(Manager.java:356)
	at ptolemy.actor.Manager.run(Manager.java:1263)
	at ptolemy.actor.Manager$PtolemyRunThread.run(Manager.java:1933)
java.lang.reflect.InvocationTargetException
	at java.base/jdk.internal.reflect.NativeConstructorAccessorImpl.newInstance0(Native Method)
	at java.base/jdk.internal.reflect.NativeConstructorAccessorImpl.newInstance(NativeConstructorAccessorImpl.java:62)
	at java.base/jdk.internal.reflect.DelegatingConstructorAccessorImpl.newInstance(DelegatingConstructorAccessorImpl.java:45)
	at java.base/java.lang.reflect.Constructor.newInstance(Constructor.java:490)
	at ptolemy.util.test.junit.AutoKnownFailedTests.RunModel(AutoKnownFailedTests.java:105)
	at java.base/jdk.internal.reflect.NativeMethodAccessorImpl.invoke0(Native Method)
	at java.base/jdk.internal.reflect.NativeMethodAccessorImpl.invoke(NativeMethodAccessorImpl.java:62)
	at java.base/jdk.internal.reflect.DelegatingMethodAccessorImpl.invoke(DelegatingMethodAccessorImpl.java:43)
	at java.base/java.lang.reflect.Method.invoke(Method.java:566)
	at org.junit.runners.model.FrameworkMethod$1.runReflectiveCall(FrameworkMethod.java:44)
	at org.junit.internal.runners.model.ReflectiveCallable.run(ReflectiveCallable.java:15)
	at org.junit.runners.model.FrameworkMethod.invokeExplosively(FrameworkMethod.java:41)
	at junitparams.internal.InvokeParameterisedMethod.evaluate(InvokeParameterisedMethod.java:102)
	at org.junit.internal.runners.statements.FailOnTimeout$1.run(FailOnTimeout.java:28)
Caused by: ptolemy.kernel.util.IllegalActionException: PublisherPorts cannot be used at the top level, use a Publisher actor instead.
  in .PublisherPortToplevelSubscriber.PublisherPort
	at ptolemy.actor.PublisherPort.preinitialize(PublisherPort.java:403)
	at ptolemy.actor.CompositeActor.preinitialize(CompositeActor.java:1769)
	at ptolemy.actor.Manager.preinitializeAndResolveTypes(Manager.java:1040)
	at ptolemy.actor.Manager.initialize(Manager.java:710)
	at ptolemy.actor.Manager.execute(Manager.java:356)
	at ptolemy.actor.Manager.run(Manager.java:1263)
	at ptolemy.actor.Manager$PtolemyRunThread.run(Manager.java:1933)
java.lang.RuntimeException: Execution failed
	at ptolemy.moml.MoMLSimpleApplication$UnloadThread.run(MoMLSimpleApplication.java:402)
Caused by: ptolemy.kernel.util.IllegalActionException: SubscriberPorts cannot be used at the top level, use a Subscriber actor instead.
  in .PublisherSubscriberPortToplevel.SubscriberPort
	at ptolemy.actor.SubscriberPort.preinitialize(SubscriberPort.java:328)
	at ptolemy.actor.CompositeActor.preinitialize(CompositeActor.java:1769)
	at ptolemy.actor.Manager.preinitializeAndResolveTypes(Manager.java:1040)
	at ptolemy.actor.Manager.initialize(Manager.java:710)
	at ptolemy.actor.Manager.execute(Manager.java:356)
	at ptolemy.actor.Manager.run(Manager.java:1263)
	at ptolemy.actor.Manager$PtolemyRunThread.run(Manager.java:1933)
java.lang.reflect.InvocationTargetException
	at java.base/jdk.internal.reflect.NativeConstructorAccessorImpl.newInstance0(Native Method)
	at java.base/jdk.internal.reflect.NativeConstructorAccessorImpl.newInstance(NativeConstructorAccessorImpl.java:62)
	at java.base/jdk.internal.reflect.DelegatingConstructorAccessorImpl.newInstance(DelegatingConstructorAccessorImpl.java:45)
	at java.base/java.lang.reflect.Constructor.newInstance(Constructor.java:490)
	at ptolemy.util.test.junit.AutoKnownFailedTests.RunModel(AutoKnownFailedTests.java:105)
	at java.base/jdk.internal.reflect.NativeMethodAccessorImpl.invoke0(Native Method)
	at java.base/jdk.internal.reflect.NativeMethodAccessorImpl.invoke(NativeMethodAccessorImpl.java:62)
	at java.base/jdk.internal.reflect.DelegatingMethodAccessorImpl.invoke(DelegatingMethodAccessorImpl.java:43)
	at java.base/java.lang.reflect.Method.invoke(Method.java:566)
	at org.junit.runners.model.FrameworkMethod$1.runReflectiveCall(FrameworkMethod.java:44)
	at org.junit.internal.runners.model.ReflectiveCallable.run(ReflectiveCallable.java:15)
	at org.junit.runners.model.FrameworkMethod.invokeExplosively(FrameworkMethod.java:41)
	at junitparams.internal.InvokeParameterisedMethod.evaluate(InvokeParameterisedMethod.java:102)
	at org.junit.internal.runners.statements.FailOnTimeout$1.run(FailOnTimeout.java:28)
Caused by: ptolemy.kernel.util.IllegalActionException: SubscriberPorts cannot be used at the top level, use a Subscriber actor instead.
  in .PublisherSubscriberPortToplevel.SubscriberPort
	at ptolemy.actor.SubscriberPort.preinitialize(SubscriberPort.java:328)
	at ptolemy.actor.CompositeActor.preinitialize(CompositeActor.java:1769)
	at ptolemy.actor.Manager.preinitializeAndResolveTypes(Manager.java:1040)
	at ptolemy.actor.Manager.initialize(Manager.java:710)
	at ptolemy.actor.Manager.execute(Manager.java:356)
	at ptolemy.actor.Manager.run(Manager.java:1263)
	at ptolemy.actor.Manager$PtolemyRunThread.run(Manager.java:1933)
java.lang.RuntimeException: Execution failed
	at ptolemy.moml.MoMLSimpleApplication$UnloadThread.run(MoMLSimpleApplication.java:402)
Caused by: ptolemy.kernel.util.IllegalActionException: SubscriptionAggregatorPorts cannot be used at the top level, use a SubscriptionAggregator actor instead.
  in .PublisherSubscriptionAggregatorPort.SubscriptionAggregatorPort
	at ptolemy.actor.SubscriptionAggregatorPort.preinitialize(SubscriptionAggregatorPort.java:353)
	at ptolemy.actor.CompositeActor.preinitialize(CompositeActor.java:1769)
	at ptolemy.actor.Manager.preinitializeAndResolveTypes(Manager.java:1040)
	at ptolemy.actor.Manager.initialize(Manager.java:710)
	at ptolemy.actor.Manager.execute(Manager.java:356)
	at ptolemy.actor.Manager.run(Manager.java:1263)
	at ptolemy.actor.Manager$PtolemyRunThread.run(Manager.java:1933)
java.lang.reflect.InvocationTargetException
	at java.base/jdk.internal.reflect.NativeConstructorAccessorImpl.newInstance0(Native Method)
	at java.base/jdk.internal.reflect.NativeConstructorAccessorImpl.newInstance(NativeConstructorAccessorImpl.java:62)
	at java.base/jdk.internal.reflect.DelegatingConstructorAccessorImpl.newInstance(DelegatingConstructorAccessorImpl.java:45)
	at java.base/java.lang.reflect.Constructor.newInstance(Constructor.java:490)
	at ptolemy.util.test.junit.AutoKnownFailedTests.RunModel(AutoKnownFailedTests.java:105)
	at java.base/jdk.internal.reflect.NativeMethodAccessorImpl.invoke0(Native Method)
	at java.base/jdk.internal.reflect.NativeMethodAccessorImpl.invoke(NativeMethodAccessorImpl.java:62)
	at java.base/jdk.internal.reflect.DelegatingMethodAccessorImpl.invoke(DelegatingMethodAccessorImpl.java:43)
	at java.base/java.lang.reflect.Method.invoke(Method.java:566)
	at org.junit.runners.model.FrameworkMethod$1.runReflectiveCall(FrameworkMethod.java:44)
	at org.junit.internal.runners.model.ReflectiveCallable.run(ReflectiveCallable.java:15)
	at org.junit.runners.model.FrameworkMethod.invokeExplosively(FrameworkMethod.java:41)
	at junitparams.internal.InvokeParameterisedMethod.evaluate(InvokeParameterisedMethod.java:102)
	at org.junit.internal.runners.statements.FailOnTimeout$1.run(FailOnTimeout.java:28)
Caused by: ptolemy.kernel.util.IllegalActionException: SubscriptionAggregatorPorts cannot be used at the top level, use a SubscriptionAggregator actor instead.
  in .PublisherSubscriptionAggregatorPort.SubscriptionAggregatorPort
	at ptolemy.actor.SubscriptionAggregatorPort.preinitialize(SubscriptionAggregatorPort.java:353)
	at ptolemy.actor.CompositeActor.preinitialize(CompositeActor.java:1769)
	at ptolemy.actor.Manager.preinitializeAndResolveTypes(Manager.java:1040)
	at ptolemy.actor.Manager.initialize(Manager.java:710)
	at ptolemy.actor.Manager.execute(Manager.java:356)
	at ptolemy.actor.Manager.run(Manager.java:1263)
	at ptolemy.actor.Manager$PtolemyRunThread.run(Manager.java:1933)
java.lang.RuntimeException: Execution failed
	at ptolemy.moml.MoMLSimpleApplication$UnloadThread.run(MoMLSimpleApplication.java:402)
Caused by: ptolemy.kernel.util.IllegalActionException: TypeTest actor has no training data.
  in .sizedarray3.TypeTest
	at ptolemy.actor.lib.TypeTest.initialize(TypeTest.java:250)
	at ptolemy.actor.Director.initialize(Director.java:938)
	at ptolemy.actor.Director.initialize(Director.java:907)
	at ptolemy.actor.sched.StaticSchedulingDirector.initialize(StaticSchedulingDirector.java:159)
	at ptolemy.domains.sdf.kernel.SDFDirector.initialize(SDFDirector.java:544)
	at ptolemy.actor.CompositeActor.initialize(CompositeActor.java:935)
	at ptolemy.actor.Manager.initialize(Manager.java:724)
	at ptolemy.actor.Manager.execute(Manager.java:356)
	at ptolemy.actor.Manager.run(Manager.java:1263)
	at ptolemy.actor.Manager$PtolemyRunThread.run(Manager.java:1933)
java.lang.reflect.InvocationTargetException
	at java.base/jdk.internal.reflect.NativeConstructorAccessorImpl.newInstance0(Native Method)
	at java.base/jdk.internal.reflect.NativeConstructorAccessorImpl.newInstance(NativeConstructorAccessorImpl.java:62)
	at java.base/jdk.internal.reflect.DelegatingConstructorAccessorImpl.newInstance(DelegatingConstructorAccessorImpl.java:45)
	at java.base/java.lang.reflect.Constructor.newInstance(Constructor.java:490)
	at ptolemy.util.test.junit.AutoKnownFailedTests.RunModel(AutoKnownFailedTests.java:105)
	at java.base/jdk.internal.reflect.NativeMethodAccessorImpl.invoke0(Native Method)
	at java.base/jdk.internal.reflect.NativeMethodAccessorImpl.invoke(NativeMethodAccessorImpl.java:62)
	at java.base/jdk.internal.reflect.DelegatingMethodAccessorImpl.invoke(DelegatingMethodAccessorImpl.java:43)
	at java.base/java.lang.reflect.Method.invoke(Method.java:566)
	at org.junit.runners.model.FrameworkMethod$1.runReflectiveCall(FrameworkMethod.java:44)
	at org.junit.internal.runners.model.ReflectiveCallable.run(ReflectiveCallable.java:15)
	at org.junit.runners.model.FrameworkMethod.invokeExplosively(FrameworkMethod.java:41)
	at junitparams.internal.InvokeParameterisedMethod.evaluate(InvokeParameterisedMethod.java:102)
	at org.junit.internal.runners.statements.FailOnTimeout$1.run(FailOnTimeout.java:28)
Caused by: ptolemy.kernel.util.IllegalActionException: TypeTest actor has no training data.
  in .sizedarray3.TypeTest
	at ptolemy.actor.lib.TypeTest.initialize(TypeTest.java:250)
	at ptolemy.actor.Director.initialize(Director.java:938)
	at ptolemy.actor.Director.initialize(Director.java:907)
	at ptolemy.actor.sched.StaticSchedulingDirector.initialize(StaticSchedulingDirector.java:159)
	at ptolemy.domains.sdf.kernel.SDFDirector.initialize(SDFDirector.java:544)
	at ptolemy.actor.CompositeActor.initialize(CompositeActor.java:935)
	at ptolemy.actor.Manager.initialize(Manager.java:724)
	at ptolemy.actor.Manager.execute(Manager.java:356)
	at ptolemy.actor.Manager.run(Manager.java:1263)
	at ptolemy.actor.Manager$PtolemyRunThread.run(Manager.java:1933)
]]></system-err>
</testsuite>
