<?xml version="1.0" encoding="UTF-8" ?>
<testsuite errors="0" failures="0" hostname="travis-job-a6846cf2-c3df-4a48-b0b1-69eb5c6b4844" name="ptolemy.actor.lib.test.junit.JUnitTclTest" skipped="0" tests="518" time="64.317" timestamp="2018-06-03T20:23:51">
  <properties>
    <property name="npm.executable" value="npm" />
    <property name="file.encoding.pkg" value="sun.io" />
    <property name="ptII.mk.exists" value="true" />
    <property name="env.rvm_bin_path" value="/home/travis/.rvm/bin" />
    <property name="java.home" value="/usr/lib/jvm/java-8-oracle/jre" />
    <property name="env.TRAVIS_JOB_NUMBER" value="517.7" />
    <property name="env.DISPLAY" value=":99.0" />
    <property name="java.net.preferIPv4Stack" value="true" />
    <property name="env.SSH_TTY" value="/dev/pts/0" />
    <property name="env.RUN_TESTS" value="true" />
    <property name="timeout.short" value="1000000" />
    <property name="env.TRAVIS_STACK_NODE_ATTRIBUTES" value="/.node-attributes.yml" />
    <property name="junit.formatter" value="xml" />
    <property name="java.endorsed.dirs" value="/usr/lib/jvm/java-8-oracle/jre/lib/endorsed" />
    <property name="env.TRAVIS_SUDO" value="true" />
    <property name="env.LOGNAME" value="travis" />
    <property name="env.PT_TRAVIS_TEST_CORE1_XML" value="true" />
    <property name="jsdoc.home" value="node_modules/@terraswarm/jsdoc" />
    <property name="debuglevel" value="source,lines,vars" />
    <property name="checkstyle.formatter" value="xml" />
    <property name="bin.vergil.makeable" value="true" />
    <property name="env._system_version" value="14.04" />
    <property name="sun.os.patch.level" value="unknown" />
    <property name="java.vendor.url" value="http://java.oracle.com/" />
    <property name="java.version" value="1.8.0_151" />
    <property name="env.TZ" value="UTC" />
    <property name="env.PT_NO_NET" value="true" />
    <property name="env.TRAVIS_PULL_REQUEST_SHA" value="" />
    <property name="env.TRAVIS_SECURE_ENV_VARS" value="true" />
    <property name="env._system_type" value="Linux" />
    <property name="java.vendor.url.bug" value="http://bugreport.sun.com/bugreport/" />
    <property name="env.SSH_CLIENT" value="10.10.16.8 37814 22" />
    <property name="npmjs-org-is-up" value="true" />
    <property name="env.GEM_HOME" value="/home/travis/.rvm/gems/ruby-2.4.1" />
    <property name="env.HAS_ANTARES_THREE_LITTLE_FRONZIES_BADGE" value="true" />
    <property name="env.PS4" value="+" />
    <property name="ant.project.invoked-targets" value="build,test.core1.xml" />
    <property name="env.TRAVIS_PULL_REQUEST_BRANCH" value="" />
    <property name="env.TRAVIS_REPO_SLUG" value="icyphy/ptII" />
    <property name="node.in.path" value="true" />
    <property name="java.maxmemory" value="1400m" />
    <property name="env.RUBY_VERSION" value="ruby-2.4.1" />
    <property name="user.name" value="travis" />
    <property name="env.LANG" value="en_US.UTF-8" />
    <property name="sun.io.unicode.encoding" value="UnicodeLittle" />
    <property name="sun.jnu.encoding" value="UTF-8" />
    <property name="java.runtime.name" value="Java(TM) SE Runtime Environment" />
    <property name="usefile" value="false" />
    <property name="return.code" value="0" />
    <property name="junit.single.formatter" value="plain" />
    <property name="env.DYLD_LIBRARY_PATH" value="/home/travis/pthla/certi-tools/lib:" />
    <property name="env.DEBIAN_FRONTEND" value="noninteractive" />
    <property name="env.SSH_CONNECTION" value="10.10.16.8 37814 10.20.0.78 22" />
    <property name="env.MYSQL_UNIX_PORT" value="/var/run/mysqld/mysqld.sock" />
    <property name="env.TRAVIS_ALLOW_FAILURE" value="false" />
    <property name="env.LC_ALL" value="en_US.UTF-8" />
    <property name="java.specification.name" value="Java Platform API Specification" />
    <property name="node.works" value="true" />
    <property name="user.timezone" value="" />
    <property name="path.separator" value=":" />
    <property name="env.PYTHON_CFLAGS" value="-g -fstack-protector --param=ssp-buffer-size=4 -Wformat -Werror=format-security" />
    <property name="timeout.long" value="4000000" />
    <property name="env.CERTI_HOME" value="/home/travis/pthla/certi-tools" />
    <property name="file.encoding" value="UTF-8" />
    <property name="ant.file.ptII" value="/home/travis/build/icyphy/ptII/build.xml" />
    <property name="javadoc.packagenames" value="com.*,diva.*,lbnl.*,org.hlacerti.*,org.json.*,org.ptolemy.*,org.terraswarm.*,ptolemy.*,ptserver.*" />
    <property name="env.TRAVIS_PULL_REQUEST_SLUG" value="" />
    <property name="ant.project.default-target" value="build" />
    <property name="env.GIT_ASKPASS" value="echo" />
    <property name="env.HOME" value="/home/travis" />
    <property name="sun.java.command" value="org.apache.tools.ant.taskdefs.optional.junit.JUnitTestRunner ptolemy.actor.lib.test.junit.JUnitTclTest skipNonTests=false filtertrace=true haltOnError=false haltOnFailure=false formatter=org.apache.tools.ant.taskdefs.optional.junit.OutErrSummaryJUnitResultFormatter showoutput=true outputtoformatters=true logfailedtests=true threadid=0 logtestlistenerevents=false formatter=org.apache.tools.ant.taskdefs.optional.junit.XMLJUnitResultFormatter,/home/travis/build/icyphy/ptII/reports/junit/TEST-ptolemy.actor.lib.test.junit.JUnitTclTest.xml crashfile=/home/travis/build/icyphy/ptII/junitvmwatcher8747862745689797956.properties propsfile=/home/travis/build/icyphy/ptII/junit263978649618200327.properties" />
    <property name="env.MANPATH" value="/home/travis/.nvm/versions/node/v7.10.1/share/man:/home/travis/.kiex/elixirs/elixir-1.4.5/man:/home/travis/.rvm/rubies/ruby-2.4.1/share/man:/usr/local/man:/usr/local/cmake-3.9.2/man:/usr/local/clang-5.0.0/share/man:/usr/local/share/man:/usr/share/man:/home/travis/.rvm/man" />
    <property name="env.COMPOSER_NO_INTERACTION" value="1" />
    <property name="env.JDK_SWITCHER_DEFAULT" value="oraclejdk8" />
    <property name="ant.file" value="/home/travis/build/icyphy/ptII/build.xml" />
    <property name="env.TRAVIS_COMMIT_RANGE" value="ad198737fdb7...9cc51f1fd5fd" />
    <property name="env._system_name" value="Ubuntu" />
    <property name="timeout" value="2400000" />
    <property name="ptII.classpath.optional.property" value="/home/travis/build/icyphy/ptII/lib/bsh-2.0b4.jar:/home/travis/build/icyphy/ptII/lib/ptCal.jar:/home/travis/build/icyphy/ptII/lib/java_cup.jar:/home/travis/build/icyphy/ptII/lib/saxon8.jar:/home/travis/build/icyphy/ptII/lib/saxon8-dom.jar:/home/travis/build/icyphy/ptII/lib/chic.jar:/home/travis/build/icyphy/ptII/lib/ptcolt.jar:/usr/lib/jvm/java-8-oracle/lib/tools.jar:/usr/lib/eclipse/plugins/org.eclipse.jdt.core_3.8.2.dist.jar:/usr/lib/eclipse/plugins/org.eclipse.core.runtime_3.8.0.dist.jar:/usr/lib/eclipse/plugins/org.eclipse.osgi_3.8.1.dist.jar:/usr/lib/eclipse/plugins/org.eclipse.core.resources_3.8.1.dist.jar:/usr/lib/eclipse/plugins/org.eclipse.equinox.common_3.6.100.dist.jar:/usr/lib/eclipse/plugins/org.eclipse.core.jobs_3.5.200.dist.jar:/usr/lib/eclipse/plugins/org.eclipse.core.contenttype_3.4.200.dist.jar:/usr/lib/eclipse/plugins/org.eclipse.equinox.preferences_3.5.0.dist.jar:/usr/lib/eclipse/plugins/org.eclipse.text_3.5.200.dist.jar:/usr/lib/eclipse/plugins/org.eclipse.ui.workbench_3.8.1.dist.jar:/usr/lib/eclipse/plugins/org.eclipse.jface_3.8.0.dist.jar:/usr/lib/eclipse/plugins/org.eclipse.swt_3.8.2.jar:/usr/lib/eclipse/plugins/org.eclipse.jface.text_3.8.1.dist.jar:/usr/lib/eclipse/plugins/org.eclipse.ui.workbench.texteditor_3.8.0.dist.jar:/usr/lib/eclipse/plugins/org.eclipse.ui.editors_3.8.0.dist.jar:/usr/lib/eclipse/plugins/org.eclipse.core.commands_3.6.1.dist.jar:/usr/lib/eclipse/plugins/org.eclipse.equinox.registry_3.5.200.dist.jar:/usr/lib/eclipse/plugins/org.eclipse.ui.console_3.5.100.dist.jar:/usr/lib/eclipse/plugins/org.eclipse.ui.forms_3.5.200.dist.jar:/usr/lib/eclipse/plugins/org.eclipse.ui.ide_3.8.1.dist.jar:/home/travis/build/icyphy/ptII/vendors/oracle/dbxml.jar:/home/travis/build/icyphy/ptII/vendors/oracle/db.jar:/home/travis/build/icyphy/ptII/vendors/misc/itext/iText.jar:/home/travis/build/icyphy/ptII/lib/g4ltl.jar:/home/travis/build/icyphy/ptII/lib/StructuralCoder.jar:/home/travis/build/icyphy/ptII/lib/org-openide-util.jar:/home/travis/build/icyphy/ptII/lib/org-openide-util-lookup.jar:/home/travis/build/icyphy/ptII/lib/org-netbeans-api-visual.jar:/home/travis/build/icyphy/ptII/vendors/jai-1_1_2_01/lib/jai_core.jar:/home/travis/build/icyphy/ptII/vendors/jai-1_1_2_01/lib/jai_codec.jar:/home/travis/build/icyphy/ptII/lib/jcerti.jar:/home/travis/build/icyphy/ptII/lib/smack.jar:/home/travis/build/icyphy/ptII/lib/smackx.jar:/home/travis/build/icyphy/ptII/lib/jetty-all-8.1.5-v20120716.jar:/home/travis/build/icyphy/ptII/lib/javax.servlet-api-3.0.1.jar:/home/travis/build/icyphy/ptII/lib/javax.mail.jar:/home/travis/build/icyphy/ptII/vendors/JMF-2.1.1e/lib/jmf.jar:/home/travis/build/icyphy/ptII/lib/jna-4.0.0-variadic.jar:/home/travis/build/icyphy/ptII/vendors/misc/joystick/Joystick.jar:/home/travis/build/icyphy/ptII/lib/ptjacl.jar:/home/travis/build/icyphy/ptII/lib/jsoup-1.8.2.jar:/home/travis/build/icyphy/ptII/lib/junit-4.8.2.jar:/home/travis/build/icyphy/ptII/lib/JUnitParams-0.4.0.jar:/home/travis/build/icyphy/ptII/ptolemy/actor/lib/excel/jxl.jar:/home/travis/build/icyphy/ptII/lib/jython.jar:/home/travis/build/icyphy/ptII/lib/kieler.jar:/home/travis/build/icyphy/ptII/vendors/opencv/share/OpenCV/java/opencv-341.jar:/home/travis/build/icyphy/ptII/lib/oscP5.jar:/home/travis/build/icyphy/ptII/lib/nrjavaserial-3.11.0.devel.jar:/usr/share/java/j3dcore.jar:/usr/share/java/j3dutils.jar:/usr/share/java/vecmath.jar:/home/travis/build/icyphy/ptII/ptolemy/distributed/jini/jar/jini-core.jar:/home/travis/build/icyphy/ptII/ptolemy/distributed/jini/jar/jini-ext.jar:/home/travis/build/icyphy/ptII/ptolemy/distributed/jini/jar/sun-util.jar:/home/travis/build/icyphy/ptII/lib/protobuf-java-2.4.1.jar:/home/travis/build/icyphy/ptII/lib/org.eclipse.paho.client.mqttv3.jar:/home/travis/build/icyphy/ptII/ptserver/lib/hessian-4.0.7.jar:/home/travis/build/icyphy/ptII/ptserver/lib/wmqtt.jar:/home/travis/build/icyphy/ptII/lib/mapss.jar:/home/travis/build/icyphy/ptII/ptolemy/actor/ptalon/antlr/antlr.jar:/home/travis/build/icyphy/ptII/lib/JRI.jar:/home/travis/build/icyphy/ptII/lib/commons-lang-2.6.jar:/home/travis/build/icyphy/ptII/lib/commons-logging-1.1.1.jar:/home/travis/build/icyphy/ptII/lib/sootclasses.jar:/home/travis/build/icyphy/ptII/ptolemy/actor/lib/database/mysql-connector-java-5.1.6-bin.jar:/home/travis/build/icyphy/ptII/vendors/misc/sphinx4/sphinx4-data-5prealpha.jar:/home/travis/build/icyphy/ptII/vendors/misc/sphinx4/sphinx4-core-5prealpha.jar:/home/travis/build/icyphy/ptII/lib/PDFRenderer.jar:/home/travis/build/icyphy/ptII/lib/svgSalamander.jar:/home/travis/build/icyphy/ptII/lib/rsyntaxtextarea-2.6.0-SNAPSHOT.jar:/home/travis/build/icyphy/ptII/lib/hazelcast-3.8.2.jar:/home/travis/build/icyphy/ptII/lib/jackson-annotations-2.9.0.jar:/home/travis/build/icyphy/ptII/lib/jackson-core-2.9.3.jar:/home/travis/build/icyphy/ptII/lib/jackson-databind-2.9.3.jar:/home/travis/build/icyphy/ptII/lib/netty-buffer-4.1.19.Final.jar:/home/travis/build/icyphy/ptII/lib/netty-codec-4.1.19.Final.jar:/home/travis/build/icyphy/ptII/lib/netty-codec-dns-4.1.19.Final.jar:/home/travis/build/icyphy/ptII/lib/netty-codec-http-4.1.19.Final.jar:/home/travis/build/icyphy/ptII/lib/netty-codec-http2-4.1.19.Final.jar:/home/travis/build/icyphy/ptII/lib/netty-common-4.1.19.Final.jar:/home/travis/build/icyphy/ptII/lib/netty-handler-4.1.19.Final.jar:/home/travis/build/icyphy/ptII/lib/netty-resolver-4.1.19.Final.jar:/home/travis/build/icyphy/ptII/lib/netty-resolver-dns-4.1.19.Final.jar:/home/travis/build/icyphy/ptII/lib/netty-transport-4.1.19.Final.jar:/home/travis/build/icyphy/ptII/lib/vertx-codegen-3.5.1.jar:/home/travis/build/icyphy/ptII/lib/vertx-core-3.5.2-SNAPSHOT.jar:/home/travis/build/icyphy/ptII/lib/vertx-hazelcast-3.5.1.jar:/home/travis/build/icyphy/ptII/lib/vertx-lang-js-3.5.1.jar:/home/travis/build/icyphy/ptII/lib/vertx-service-proxy-3.5.1.jar:/home/travis/build/icyphy/ptII/lib/vertx-web-3.5.1.jar:/home/travis/build/icyphy/ptII/lib/slf4j-api-1.7.13.jar:/home/travis/build/icyphy/ptII/lib/slf4j-simple-1.7.13.jar:/home/travis/build/icyphy/ptII/lib/webcam-capture-0.3.12.jar:/home/travis/build/icyphy/ptII/lib/bridj-0.7.0.jar:/home/travis/build/icyphy/ptII/lib/xbjlib-1.1.0.nrjavaserial.jar" />
    <property name="test.batch" value="**/junit/*.java" />
    <property name="env._" value="/usr/bin/timeout" />
    <property name="java.io.tmpdir" value="/tmp" />
    <property name="user.language" value="en" />
    <property name="env.HISTCONTROL" value="ignoredups:ignorespace" />
    <property name="env.GOROOT" value="/home/travis/.gimme/versions/go1.7.4.linux.amd64" />
    <property name="line.separator" value="&#xa;" />
    <property name="target" value="1.8" />
    <property name="env.TRAVIS_BUILD_DIR" value="/home/travis/build/icyphy/ptII" />
    <property name="env.ANT_OPTS" value="-Xmx2048m" />
    <property name="ant.file.type" value="file" />
    <property name="ptolemy.ptII.batchMode" value="true" />
    <property name="env.HISTSIZE" value="1000" />
    <property name="env.MERB_ENV" value="test" />
    <property name="java.vm.info" value="mixed mode" />
    <property name="source" value="1.8" />
    <property name="java.vm.specification.name" value="Java Virtual Machine Specification" />
    <property name="env.TRAVIS_TEST_RESULT" value="0" />
    <property name="jsdoc.command" value="node_modules/@terraswarm/jsdoc/jsdoc.js" />
    <property name="npm.works" value="true" />
    <property name="cobertura.dir" value="/home/travis/build/icyphy/ptII/vendors/cobertura-2.0.3" />
    <property name="env.rvm_path" value="/home/travis/.rvm" />
    <property name="env.GEM_PATH" value="/home/travis/.rvm/gems/ruby-2.4.1:/home/travis/.rvm/gems/ruby-2.4.1@global" />
    <property name="env.LC_CTYPE" value="en_US.UTF-8" />
    <property name="java.awt.printerjob" value="sun.print.PSPrinterJob" />
    <property name="env.TRAVIS_STACK_NAME" value="garnet" />
    <property name="ant.version" value="Apache Ant(TM) version 1.10.1 compiled on February 2 2017" />
    <property name="ptII.reports" value="/home/travis/build/icyphy/ptII/reports" />
    <property name="env.TRAVIS_STACK_TIMESTAMP" value="2017-12-05 19:33:09 UTC" />
    <property name="ant.file.type.ptII" value="file" />
    <property name="env.RBENV_SHELL" value="bash" />
    <property name="os.name" value="Linux" />
    <property name="java.specification.vendor" value="Oracle Corporation" />
    <property name="env.rvm_version" value="1.29.3 (latest)" />
    <property name="env.TERM" value="xterm" />
    <property name="java.vm.name" value="Java HotSpot(TM) 64-Bit Server VM" />
    <property name="env.TRAVIS_BUILD_NUMBER" value="517" />
    <property name="env.CI" value="true" />
    <property name="java.library.path" value="/home/travis/pthla/certi-tools/lib:/usr/lib/jni:/usr/local/share/OpenCV/java/:/usr/share/OpenCV/java::/usr/java/packages/lib/amd64:/usr/lib64:/lib64:/lib:/usr/lib" />
    <property name="env.rvm_prefix" value="/home/travis" />
    <property name="env.PATH" value="/home/travis/pthla/certi-tools/share/scripts:/home/travis/.rvm/gems/ruby-2.4.1/bin:/home/travis/.rvm/gems/ruby-2.4.1@global/bin:/home/travis/.rvm/rubies/ruby-2.4.1/bin:/home/travis/.rvm/bin:/home/travis/.nvm/versions/node/v7.10.1/bin:./node_modules/.bin:/home/travis/build/icyphy/ptII/bin:/home/travis/pthla/certi-tools/bin:/home/travis/bin:/home/travis/.local/bin:/opt/pyenv/shims:/home/travis/.phpenv/shims:/home/travis/perl5/perlbrew/bin:/home/travis/.kiex/elixirs/elixir-1.4.5/bin:/home/travis/.kiex/bin:/home/travis/gopath/bin:/home/travis/.gimme/versions/go1.7.4.linux.amd64/bin:/usr/local/phantomjs/bin:/usr/local/phantomjs:/usr/local/neo4j-3.2.7/bin:/usr/local/maven-3.5.2/bin:/usr/local/cmake-3.9.2/bin:/usr/local/clang-5.0.0/bin:/usr/local/sbin:/usr/local/bin:/usr/sbin:/usr/bin:/sbin:/bin:/home/travis/.phpenv/bin:/opt/pyenv/bin:/home/travis/.yarn/bin" />
    <property name="env.TRAVIS_OS_NAME" value="linux" />
    <property name="ant.java.version" value="1.8" />
    <property name="basedir" value="/home/travis/build/icyphy/ptII" />
    <property name="java.class.version" value="52.0" />
    <property name="env.SHLVL" value="3" />
    <property name="env.LD_LIBRARY_PATH" value="/home/travis/pthla/certi-tools/lib:/usr/lib/jni:/usr/local/share/OpenCV/java/:/usr/share/OpenCV/java:" />
    <property name="env.RACK_ENV" value="test" />
    <property name="ant.home" value="/home/travis/build/icyphy/ptII/ant" />
    <property name="env.NVM_DIR" value="/home/travis/.nvm" />
    <property name="env.PERLBREW_BASHRC_VERSION" value="0.80" />
    <property name="env.CERTI_FOM_PATH" value="/home/travis/pthla/certi-tools/share/federations" />
    <property name="env.TRAVIS_BUILD_ID" value="387482250" />
    <property name="env.PYENV_ROOT" value="/opt/pyenv" />
    <property name="env.TRAVIS_UID" value="2000" />
    <property name="env.rvm_pretty_print_flag" value="auto" />
    <property name="env.NVM_BIN" value="/home/travis/.nvm/versions/node/v7.10.1/bin" />
    <property name="env.TRAVIS_COMMIT" value="9cc51f1fd5fda2df49e1251f39f1d44872c12004" />
    <property name="env._system_arch" value="x86_64" />
    <property name="node.executable" value="node" />
    <property name="sun.boot.library.path" value="/usr/lib/jvm/java-8-oracle/jre/lib/amd64" />
    <property name="sun.management.compiler" value="HotSpot 64-Bit Tiered Compilers" />
    <property name="env.GOPATH" value="/home/travis/gopath" />
    <property name="java.awt.graphicsenv" value="sun.awt.X11GraphicsEnvironment" />
    <property name="ptolemy.ptII.dir" value="/home/travis/build/icyphy/ptII" />
    <property name="env.USER" value="travis" />
    <property name="env.HISTFILESIZE" value="2000" />
    <property name="timeout.longest" value="19000000" />
    <property name="env.TRAVIS_STACK_FEATURES" value="basic cassandra chromium couchdb disabled-ipv6 docker docker-compose elasticsearch firefox go-toolchain google-chrome jdk memcached mongodb mysql neo4j nodejs_interpreter perl_interpreter perlbrew phantomjs postgresql python_interpreter rabbitmq redis riak ruby_interpreter sqlite xserver" />
    <property name="env.TRAVIS_PULL_REQUEST" value="false" />
    <property name="env.PYENV_SHELL" value="bash" />
    <property name="ant.project.name" value="ptII" />
    <property name="java.vm.specification.version" value="1.8" />
    <property name="env.CERTI_VERSION" value="4.0.0" />
    <property name="env.NLSPATH" value="/usr/dt/lib/nls/msg/%L/%N.cat" />
    <property name="awt.toolkit" value="sun.awt.X11.XToolkit" />
    <property name="env.CERTI_HOST" value="localhost" />
    <property name="env.MY_RUBY_HOME" value="/home/travis/.rvm/rubies/ruby-2.4.1" />
    <property name="sun.cpu.isalist" value="" />
    <property name="java.ext.dirs" value="/usr/lib/jvm/java-8-oracle/jre/lib/ext:/usr/java/packages/lib/ext" />
    <property name="os.version" value="4.4.0-101-generic" />
    <property name="user.home" value="/home/travis" />
    <property name="env.MIX_ARCHIVES" value="/home/travis/.kiex/mix/elixir-1.4.5" />
    <property name="java.vm.vendor" value="Oracle Corporation" />
    <property name="env.TRAVIS_TAG" value="nightly" />
    <property name="env.TRAVIS_FILTERED" value="redirect_io" />
    <property name="javadoc.excludepackagenames" value="adm.cvs2svn.*,build.*,config.*,doc.coding.templates.*,jni.test.jni.meaningOfLife.*,jni.test.jni.testDeux.*,jni.test.jni.testTrois.*,org.terraswarm.accessor.accessors.web.node_modules.*,org.terraswarm.accessor.accessors.web.hosts.cordova.demo.*,org.terraswarm.accessor.accessors.web.hosts.cordova.plugins.*,org.terraswarm.accessor.accessors-svn.*,pt-modules.*,ptolemy.apps.agilent.*,ptolemy.apps.anytimecontrol.*,ptolemy.apps.apes.*,ptolemy.apps.charon.*,ptolemy.apps.crazyboard.*,ptolemy.apps.eclipse.*,ptolemy.apps.etherealSting.*,ptolemy.apps.fullscreen.*,ptolemy.apps.giotto.*,ptolemy.apps.ia.*,ptolemy.apps.interfaces.*,ptolemy.apps.jmf.*,ptolemy.apps.kurt.*,ptolemy.apps.kvm.*,ptolemy.apps.lego.*,ptolemy.apps.lejos.*,ptolemy.apps.midp.*,ptolemy.apps.mobileCoding.*,ptolemy.apps.pendulum.*,ptolemy.apps.rijndael.*,ptolemy.apps.robot.*,ptolemy.apps.security.*,ptolemy.apps.sobel.*,ptolemy.apps.soot.*,ptolemy.apps.throttle.*,ptolemy.apps.tini.*,ptolemy.apps.transmission.*,ptolemy.apps.vergil.*,ptolemy.apps.waba.*,ptolemy.apps.websensor.*,ptolemy.apps.webstart.*,ptolemy.apps.xsl.*,ptolemy.apps.zaurus.*,ptolemy.backtrack.eclipse.plugin.*,ptolemy.backtrack.test.*,ptolemy.codegen.c.actor.lib.oldJavaFiles.*,ptolemy.codegen.dsp.lib.*,ptolemy.codegen.kernel.newInterfaces.*,ptolemy.codegen.lib.*,ptolemy.copernicus.kernel.fragment.*,ptolemy.copernicus.shallow.cg.*,ptolemy.domains.giotto.demo.Hierarchy.Hierarchy.*,ptolemy.domains.giotto.demo.Multimode.Multimode.*,ptolemy.domains.giotto.demo.Simple.Simple.*,ptolemy.domains.gr.lib.experimental.*,ptolemy.domains.gro.*,ptolemy.domains.pdf.*,ptolemy.domains.ptinyos.demo.Surge.output.*,ptolemy.moml.test.NoPackageActor.java*,ptolemy.plot.adm.*,ptolemy.plot.servlet.*,reports.*,signed.*,src.*,target.*,vendors.*,ptolemy.cg.adapter.generic.program.procedural.c.mbed*,ptolemy.actor.lib.fmi.fmus.omc*,ptolemy.domains.openmodelica*,ptdb.kernel.bl.save.test.*,ptdb.kernel.bl.load.test.*,ptdb.kernel.bl.search.test.*,ptdb.kernel.bl.migration.test.*,ptdb.kernel.database.test.*,ptdb.test.*,ptdb.gui.test.*,org.ptolemy.scala.*,diva.util.java2d.svg.*,ptolemy.domains.ptinyos.*,ptolemy.actor.lib.fmi.fmipp.*,,org.terraswarm.accessor.accessors.web.node_modules.*,org.terraswarm.accessor.accessors-svn,ptolemy.actor.ptalon.demo.ptinyos.SendAndReceiveCnt.output,ptolemy.actor.ptalon.demo.ptinyos.SenseToLeds.output,ptolemy.domains.ptinyos.demo.CntToLedsAndRfm.output,ptolemy.domains.ptinyos.demo.RfmToLeds.output,ptolemy.domains.ptinyos.demo.SendAndReceiveCnt.output,ptolemy.domains.ptinyos.demo.SenseToLeds.output" />
    <property name="env.JAVA_HOME" value="/usr/lib/jvm/java-8-oracle" />
    <property name="env.PTII" value="/home/travis/build/icyphy/ptII" />
    <property name="env.TRAVIS_COMMIT_MESSAGE" value="Avoid deadlock by deferring creation of enableBackwardTypeInference parameter." />
    <property name="keystore" value="ptKeystore" />
    <property name="env.XDG_SESSION_ID" value="2" />
    <property name="junit.output.dir" value="/home/travis/build/icyphy/ptII/reports/junit" />
    <property name="npm.return.code" value="0" />
    <property name="user.dir" value="/home/travis/build/icyphy/ptII/ptolemy/actor/lib/test" />
    <property name="env.TRAVIS_NODE_VERSION" value="7" />
    <property name="env.XFILESEARCHPATH" value="/usr/dt/app-defaults/%L/Dt" />
    <property name="env.TRAVIS_EVENT_TYPE" value="push" />
    <property name="env.MAIL" value="/var/mail/travis" />
    <property name="env.PWD" value="/home/travis/build/icyphy/ptII" />
    <property name="env.PERLBREW_ROOT" value="/home/travis/perl5/perlbrew" />
    <property name="timeout.npm" value="45000" />
    <property name="env.PAGER" value="cat" />
    <property name="sun.cpu.endian" value="little" />
    <property name="env.TRAVIS_BUILD_STAGE_NAME" value="Test" />
    <property name="env.PERLBREW_HOME" value="/home/travis/.perlbrew" />
    <property name="env.RAILS_ENV" value="test" />
    <property name="java.vm.version" value="25.151-b12" />
    <property name="java.class.path" value="/home/travis/.ptolemyII:/home/travis/.ptolemyII/*:/home/travis/build/icyphy/ptII:/home/travis/build/icyphy/ptII/lib/bsh-2.0b4.jar:/home/travis/build/icyphy/ptII/lib/ptCal.jar:/home/travis/build/icyphy/ptII/lib/java_cup.jar:/home/travis/build/icyphy/ptII/lib/saxon8.jar:/home/travis/build/icyphy/ptII/lib/saxon8-dom.jar:/home/travis/build/icyphy/ptII/lib/chic.jar:/home/travis/build/icyphy/ptII/lib/ptcolt.jar:/usr/lib/jvm/java-8-oracle/lib/tools.jar:/usr/lib/eclipse/plugins/org.eclipse.jdt.core_3.8.2.dist.jar:/usr/lib/eclipse/plugins/org.eclipse.core.runtime_3.8.0.dist.jar:/usr/lib/eclipse/plugins/org.eclipse.osgi_3.8.1.dist.jar:/usr/lib/eclipse/plugins/org.eclipse.core.resources_3.8.1.dist.jar:/usr/lib/eclipse/plugins/org.eclipse.equinox.common_3.6.100.dist.jar:/usr/lib/eclipse/plugins/org.eclipse.core.jobs_3.5.200.dist.jar:/usr/lib/eclipse/plugins/org.eclipse.core.contenttype_3.4.200.dist.jar:/usr/lib/eclipse/plugins/org.eclipse.equinox.preferences_3.5.0.dist.jar:/usr/lib/eclipse/plugins/org.eclipse.text_3.5.200.dist.jar:/usr/lib/eclipse/plugins/org.eclipse.ui.workbench_3.8.1.dist.jar:/usr/lib/eclipse/plugins/org.eclipse.jface_3.8.0.dist.jar:/usr/lib/eclipse/plugins/org.eclipse.swt_3.8.2.jar:/usr/lib/eclipse/plugins/org.eclipse.jface.text_3.8.1.dist.jar:/usr/lib/eclipse/plugins/org.eclipse.ui.workbench.texteditor_3.8.0.dist.jar:/usr/lib/eclipse/plugins/org.eclipse.ui.editors_3.8.0.dist.jar:/usr/lib/eclipse/plugins/org.eclipse.core.commands_3.6.1.dist.jar:/usr/lib/eclipse/plugins/org.eclipse.equinox.registry_3.5.200.dist.jar:/usr/lib/eclipse/plugins/org.eclipse.ui.console_3.5.100.dist.jar:/usr/lib/eclipse/plugins/org.eclipse.ui.forms_3.5.200.dist.jar:/usr/lib/eclipse/plugins/org.eclipse.ui.ide_3.8.1.dist.jar:/home/travis/build/icyphy/ptII/vendors/oracle/dbxml.jar:/home/travis/build/icyphy/ptII/vendors/oracle/db.jar:/home/travis/build/icyphy/ptII/vendors/misc/itext/iText.jar:/home/travis/build/icyphy/ptII/lib/g4ltl.jar:/home/travis/build/icyphy/ptII/lib/StructuralCoder.jar:/home/travis/build/icyphy/ptII/lib/org-openide-util.jar:/home/travis/build/icyphy/ptII/lib/org-openide-util-lookup.jar:/home/travis/build/icyphy/ptII/lib/org-netbeans-api-visual.jar:/home/travis/build/icyphy/ptII/vendors/jai-1_1_2_01/lib/jai_core.jar:/home/travis/build/icyphy/ptII/vendors/jai-1_1_2_01/lib/jai_codec.jar:/home/travis/build/icyphy/ptII/lib/jcerti.jar:/home/travis/build/icyphy/ptII/lib/smack.jar:/home/travis/build/icyphy/ptII/lib/smackx.jar:/home/travis/build/icyphy/ptII/lib/jetty-all-8.1.5-v20120716.jar:/home/travis/build/icyphy/ptII/lib/javax.servlet-api-3.0.1.jar:/home/travis/build/icyphy/ptII/lib/javax.mail.jar:/home/travis/build/icyphy/ptII/vendors/JMF-2.1.1e/lib/jmf.jar:/home/travis/build/icyphy/ptII/lib/jna-4.0.0-variadic.jar:/home/travis/build/icyphy/ptII/vendors/misc/joystick/Joystick.jar:/home/travis/build/icyphy/ptII/lib/ptjacl.jar:/home/travis/build/icyphy/ptII/lib/jsoup-1.8.2.jar:/home/travis/build/icyphy/ptII/lib/junit-4.8.2.jar:/home/travis/build/icyphy/ptII/lib/JUnitParams-0.4.0.jar:/home/travis/build/icyphy/ptII/ptolemy/actor/lib/excel/jxl.jar:/home/travis/build/icyphy/ptII/lib/jython.jar:/home/travis/build/icyphy/ptII/lib/kieler.jar:/home/travis/build/icyphy/ptII/vendors/opencv/share/OpenCV/java/opencv-341.jar:/home/travis/build/icyphy/ptII/lib/oscP5.jar:/home/travis/build/icyphy/ptII/lib/nrjavaserial-3.11.0.devel.jar:/usr/share/java/j3dcore.jar:/usr/share/java/j3dutils.jar:/usr/share/java/vecmath.jar:/home/travis/build/icyphy/ptII/ptolemy/distributed/jini/jar/jini-core.jar:/home/travis/build/icyphy/ptII/ptolemy/distributed/jini/jar/jini-ext.jar:/home/travis/build/icyphy/ptII/ptolemy/distributed/jini/jar/sun-util.jar:/home/travis/build/icyphy/ptII/lib/protobuf-java-2.4.1.jar:/home/travis/build/icyphy/ptII/lib/org.eclipse.paho.client.mqttv3.jar:/home/travis/build/icyphy/ptII/ptserver/lib/hessian-4.0.7.jar:/home/travis/build/icyphy/ptII/ptserver/lib/wmqtt.jar:/home/travis/build/icyphy/ptII/lib/mapss.jar:/home/travis/build/icyphy/ptII/ptolemy/actor/ptalon/antlr/antlr.jar:/home/travis/build/icyphy/ptII/lib/JRI.jar:/home/travis/build/icyphy/ptII/lib/commons-lang-2.6.jar:/home/travis/build/icyphy/ptII/lib/commons-logging-1.1.1.jar:/home/travis/build/icyphy/ptII/lib/sootclasses.jar:/home/travis/build/icyphy/ptII/ptolemy/actor/lib/database/mysql-connector-java-5.1.6-bin.jar:/home/travis/build/icyphy/ptII/vendors/misc/sphinx4/sphinx4-data-5prealpha.jar:/home/travis/build/icyphy/ptII/vendors/misc/sphinx4/sphinx4-core-5prealpha.jar:/home/travis/build/icyphy/ptII/lib/PDFRenderer.jar:/home/travis/build/icyphy/ptII/lib/svgSalamander.jar:/home/travis/build/icyphy/ptII/lib/rsyntaxtextarea-2.6.0-SNAPSHOT.jar:/home/travis/build/icyphy/ptII/lib/hazelcast-3.8.2.jar:/home/travis/build/icyphy/ptII/lib/jackson-annotations-2.9.0.jar:/home/travis/build/icyphy/ptII/lib/jackson-core-2.9.3.jar:/home/travis/build/icyphy/ptII/lib/jackson-databind-2.9.3.jar:/home/travis/build/icyphy/ptII/lib/netty-buffer-4.1.19.Final.jar:/home/travis/build/icyphy/ptII/lib/netty-codec-4.1.19.Final.jar:/home/travis/build/icyphy/ptII/lib/netty-codec-dns-4.1.19.Final.jar:/home/travis/build/icyphy/ptII/lib/netty-codec-http-4.1.19.Final.jar:/home/travis/build/icyphy/ptII/lib/netty-codec-http2-4.1.19.Final.jar:/home/travis/build/icyphy/ptII/lib/netty-common-4.1.19.Final.jar:/home/travis/build/icyphy/ptII/lib/netty-handler-4.1.19.Final.jar:/home/travis/build/icyphy/ptII/lib/netty-resolver-4.1.19.Final.jar:/home/travis/build/icyphy/ptII/lib/netty-resolver-dns-4.1.19.Final.jar:/home/travis/build/icyphy/ptII/lib/netty-transport-4.1.19.Final.jar:/home/travis/build/icyphy/ptII/lib/vertx-codegen-3.5.1.jar:/home/travis/build/icyphy/ptII/lib/vertx-core-3.5.2-SNAPSHOT.jar:/home/travis/build/icyphy/ptII/lib/vertx-hazelcast-3.5.1.jar:/home/travis/build/icyphy/ptII/lib/vertx-lang-js-3.5.1.jar:/home/travis/build/icyphy/ptII/lib/vertx-service-proxy-3.5.1.jar:/home/travis/build/icyphy/ptII/lib/vertx-web-3.5.1.jar:/home/travis/build/icyphy/ptII/lib/slf4j-api-1.7.13.jar:/home/travis/build/icyphy/ptII/lib/slf4j-simple-1.7.13.jar:/home/travis/build/icyphy/ptII/lib/webcam-capture-0.3.12.jar:/home/travis/build/icyphy/ptII/lib/bridj-0.7.0.jar:/home/travis/build/icyphy/ptII/lib/xbjlib-1.1.0.nrjavaserial.jar:/home/travis/build/icyphy/ptII/ptolemy/moml/test:/home/travis/build/icyphy/ptII/ant/lib/ant-launcher.jar:/home/travis/build/icyphy/ptII/ant/lib/ant.jar:/home/travis/build/icyphy/ptII/ant/lib/ant-junit.jar:/home/travis/build/icyphy/ptII/ant/lib/ant-junit4.jar" />
    <property name="ant.library.dir" value="/home/travis/build/icyphy/ptII/ant/lib" />
    <property name="os.arch" value="amd64" />
    <property name="env.TRAVIS_LANGUAGE" value="node_js" />
    <property name="env.CONTINUOUS_INTEGRATION" value="true" />
    <property name="env.TRAVIS_STACK_LANGUAGES" value="__garnet__ c c++ clojure cplusplus cpp default go groovy java node_js php pure_java python ruby scala" />
    <property name="test.name" value="ptolemy.actor.lib.test.junit.JUnitTclTest" />
    <property name="sun.java.launcher" value="SUN_STANDARD" />
    <property name="env.PYTHON_CONFIGURE_OPTS" value="--enable-unicode=ucs4 --with-wide-unicode --enable-shared --enable-ipv6 --enable-loadable-sqlite-extensions --with-computed-gotos" />
    <property name="ant.core.lib" value="/home/travis/build/icyphy/ptII/ant/lib/ant.jar" />
    <property name="java.vm.specification.vendor" value="Oracle Corporation" />
    <property name="env.BCVTB_HOME" value="/home/travis/build/icyphy/ptII/lbnl" />
    <property name="file.separator" value="/" />
    <property name="java.runtime.version" value="1.8.0_151-b12" />
    <property name="spotbugs.home" value="/home/travis/build/icyphy/ptII/vendors/spotbugs-3.1.1" />
    <property name="sun.boot.class.path" value="/usr/lib/jvm/java-8-oracle/jre/lib/resources.jar:/usr/lib/jvm/java-8-oracle/jre/lib/rt.jar:/usr/lib/jvm/java-8-oracle/jre/lib/sunrsasign.jar:/usr/lib/jvm/java-8-oracle/jre/lib/jsse.jar:/usr/lib/jvm/java-8-oracle/jre/lib/jce.jar:/usr/lib/jvm/java-8-oracle/jre/lib/charsets.jar:/usr/lib/jvm/java-8-oracle/jre/lib/jfr.jar:/usr/lib/jvm/java-8-oracle/jre/classes" />
    <property name="env.HAS_JOSH_K_SEAL_OF_APPROVAL" value="true" />
    <property name="env.TRAVIS_OSX_IMAGE" value="" />
    <property name="env.XDG_RUNTIME_DIR" value="/run/user/2000" />
    <property name="env.TRAVIS_BRANCH" value="master" />
    <property name="env.TRAVIS_JOB_ID" value="387482257" />
    <property name="env.CERTI_HOME_TRAVIS" value="/home/travis/pthla/certi-tools" />
    <property name="user.country" value="US" />
    <property name="env.SHELL" value="/bin/bash" />
    <property name="java.maxmemory.large" value="5000m" />
    <property name="model" value="" />
    <property name="env.CASHER_DIR" value="/home/travis/.casher" />
    <property name="env.NVM_CD_FLAGS" value="" />
    <property name="jshint.executable" value="/home/travis/node_modules/jshint/bin/jshint" />
    <property name="java.vendor" value="Oracle Corporation" />
    <property name="env.JRUBY_OPTS" value=" --client -J-XX:+TieredCompilation -J-XX:TieredStopAtLevel=1 -J-Xss2m -Xcompile.invokedynamic=false" />
    <property name="env.TRAVIS_PRE_CHEF_BOOTSTRAP_TIME" value="2017-12-05T19:32:55" />
    <property name="env.TRAVIS_STACK_JOB_BOARD_REGISTER" value="/.job-board-register.yml" />
    <property name="env.ELIXIR_VERSION" value="1.4.5" />
    <property name="java.specification.version" value="1.8" />
    <property name="env.IRBRC" value="/home/travis/.rvm/rubies/ruby-2.4.1/.irbrc" />
    <property name="env.TRAVIS" value="true" />
    <property name="sun.arch.data.model" value="64" />
  </properties>
  <testcase classname="ptolemy.util.test.junit.TclTests" name="[0] /home/travis/build/icyphy/ptII/ptolemy/actor/lib/test/AbsoluteValue.tcl (RunTclFile)" time="0.476" />
  <testcase classname="ptolemy.util.test.junit.TclTests" name="[1] /home/travis/build/icyphy/ptII/ptolemy/actor/lib/test/AddSubtract.tcl (RunTclFile)" time="0.111" />
  <testcase classname="ptolemy.util.test.junit.TclTests" name="[2] /home/travis/build/icyphy/ptII/ptolemy/actor/lib/test/Average.tcl (RunTclFile)" time="0.064" />
  <testcase classname="ptolemy.util.test.junit.TclTests" name="[3] /home/travis/build/icyphy/ptII/ptolemy/actor/lib/test/Bernoulli.tcl (RunTclFile)" time="0.032" />
  <testcase classname="ptolemy.util.test.junit.TclTests" name="[4] /home/travis/build/icyphy/ptII/ptolemy/actor/lib/test/Clock.tcl (RunTclFile)" time="0.112" />
  <testcase classname="ptolemy.util.test.junit.TclTests" name="[5] /home/travis/build/icyphy/ptII/ptolemy/actor/lib/test/Commutator.tcl (RunTclFile)" time="0.119" />
  <testcase classname="ptolemy.util.test.junit.TclTests" name="[6] /home/travis/build/icyphy/ptII/ptolemy/actor/lib/test/Const.tcl (RunTclFile)" time="0.086" />
  <testcase classname="ptolemy.util.test.junit.TclTests" name="[7] /home/travis/build/icyphy/ptII/ptolemy/actor/lib/test/CurrentTime.tcl (RunTclFile)" time="0.033" />
  <testcase classname="ptolemy.util.test.junit.TclTests" name="[8] /home/travis/build/icyphy/ptII/ptolemy/actor/lib/test/DB.tcl (RunTclFile)" time="0.037" />
  <testcase classname="ptolemy.util.test.junit.TclTests" name="[9] /home/travis/build/icyphy/ptII/ptolemy/actor/lib/test/DiscreteRandomSource.tcl (RunTclFile)" time="0.028" />
  <testcase classname="ptolemy.util.test.junit.TclTests" name="[10] /home/travis/build/icyphy/ptII/ptolemy/actor/lib/test/Distributor.tcl (RunTclFile)" time="0.034" />
  <testcase classname="ptolemy.util.test.junit.TclTests" name="[11] /home/travis/build/icyphy/ptII/ptolemy/actor/lib/test/Exit.tcl (RunTclFile)" time="0.041" />
  <testcase classname="ptolemy.util.test.junit.TclTests" name="[12] /home/travis/build/icyphy/ptII/ptolemy/actor/lib/test/Expression.tcl (RunTclFile)" time="0.065" />
  <testcase classname="ptolemy.util.test.junit.TclTests" name="[13] /home/travis/build/icyphy/ptII/ptolemy/actor/lib/test/Gaussian.tcl (RunTclFile)" time="0.378" />
  <testcase classname="ptolemy.util.test.junit.TclTests" name="[14] /home/travis/build/icyphy/ptII/ptolemy/actor/lib/test/IIR.tcl (RunTclFile)" time="0.024" />
  <testcase classname="ptolemy.util.test.junit.TclTests" name="[15] /home/travis/build/icyphy/ptII/ptolemy/actor/lib/test/Interpolator.tcl (RunTclFile)" time="0.057" />
  <testcase classname="ptolemy.util.test.junit.TclTests" name="[16] /home/travis/build/icyphy/ptII/ptolemy/actor/lib/test/MathFunction.tcl (RunTclFile)" time="0.045" />
  <testcase classname="ptolemy.util.test.junit.TclTests" name="[17] /home/travis/build/icyphy/ptII/ptolemy/actor/lib/test/Maximum.tcl (RunTclFile)" time="0.041" />
  <testcase classname="ptolemy.util.test.junit.TclTests" name="[18] /home/travis/build/icyphy/ptII/ptolemy/actor/lib/test/Minimum.tcl (RunTclFile)" time="0.044" />
  <testcase classname="ptolemy.util.test.junit.TclTests" name="[19] /home/travis/build/icyphy/ptII/ptolemy/actor/lib/test/MultiplyDivide.tcl (RunTclFile)" time="0.052" />
  <testcase classname="ptolemy.util.test.junit.TclTests" name="[20] /home/travis/build/icyphy/ptII/ptolemy/actor/lib/test/OrderedMerge.tcl (RunTclFile)" time="0.111" />
  <testcase classname="ptolemy.util.test.junit.TclTests" name="[21] /home/travis/build/icyphy/ptII/ptolemy/actor/lib/test/Publisher.tcl (RunTclFile)" time="0.911" />
  <testcase classname="ptolemy.util.test.junit.TclTests" name="[22] /home/travis/build/icyphy/ptII/ptolemy/actor/lib/test/Pulse.tcl (RunTclFile)" time="0.068" />
  <testcase classname="ptolemy.util.test.junit.TclTests" name="[23] /home/travis/build/icyphy/ptII/ptolemy/actor/lib/test/Ramp.tcl (RunTclFile)" time="2.069" />
  <testcase classname="ptolemy.util.test.junit.TclTests" name="[24] /home/travis/build/icyphy/ptII/ptolemy/actor/lib/test/RampContinuous.tcl (RunTclFile)" time="0.022" />
  <testcase classname="ptolemy.util.test.junit.TclTests" name="[25] /home/travis/build/icyphy/ptII/ptolemy/actor/lib/test/RecordAssembler.tcl (RunTclFile)" time="0.016" />
  <testcase classname="ptolemy.util.test.junit.TclTests" name="[26] /home/travis/build/icyphy/ptII/ptolemy/actor/lib/test/RecordDisassembler.tcl (RunTclFile)" time="0.025" />
  <testcase classname="ptolemy.util.test.junit.TclTests" name="[27] /home/travis/build/icyphy/ptII/ptolemy/actor/lib/test/Scale.tcl (RunTclFile)" time="0.021" />
  <testcase classname="ptolemy.util.test.junit.TclTests" name="[28] /home/travis/build/icyphy/ptII/ptolemy/actor/lib/test/SequentialClock.tcl (RunTclFile)" time="0.012" />
  <testcase classname="ptolemy.util.test.junit.TclTests" name="[29] /home/travis/build/icyphy/ptII/ptolemy/actor/lib/test/SetVariable.tcl (RunTclFile)" time="0.013" />
  <testcase classname="ptolemy.util.test.junit.TclTests" name="[30] /home/travis/build/icyphy/ptII/ptolemy/actor/lib/test/Sinewave.tcl (RunTclFile)" time="0.04" />
  <testcase classname="ptolemy.util.test.junit.TclTests" name="[31] /home/travis/build/icyphy/ptII/ptolemy/actor/lib/test/SubscriptionAggregator.tcl (RunTclFile)" time="2.069" />
  <testcase classname="ptolemy.util.test.junit.TclTests" name="[32] /home/travis/build/icyphy/ptII/ptolemy/actor/lib/test/Test.tcl (RunTclFile)" time="0.123" />
  <testcase classname="ptolemy.util.test.junit.TclTests" name="[33] /home/travis/build/icyphy/ptII/ptolemy/actor/lib/test/TestExceptionHandler.tcl (RunTclFile)" time="0.011" />
  <testcase classname="ptolemy.util.test.junit.TclTests" name="[34] /home/travis/build/icyphy/ptII/ptolemy/actor/lib/test/UnionDisassembler.tcl (RunTclFile)" time="0.042" />
  <testcase classname="ptolemy.util.test.junit.TclTests" name="[35] /home/travis/build/icyphy/ptII/ptolemy/actor/lib/test/VariableClock.tcl (RunTclFile)" time="0.018" />
  <testcase classname="ptolemy.util.test.junit.AutoKnownFailedTests" name="[0] /home/travis/build/icyphy/ptII/ptolemy/actor/lib/test/auto/knownFailedTests/PublisherPortToplevelSubscriber.xml (RunModel)" time="0.013" />
  <testcase classname="ptolemy.util.test.junit.AutoKnownFailedTests" name="[1] /home/travis/build/icyphy/ptII/ptolemy/actor/lib/test/auto/knownFailedTests/PublisherSubscriberPortToplevel.xml (RunModel)" time="0.014" />
  <testcase classname="ptolemy.util.test.junit.AutoKnownFailedTests" name="[2] /home/travis/build/icyphy/ptII/ptolemy/actor/lib/test/auto/knownFailedTests/PublisherSubscriptionAggregatorPort.xml (RunModel)" time="0.016" />
  <testcase classname="ptolemy.util.test.junit.AutoKnownFailedTests" name="[3] /home/travis/build/icyphy/ptII/ptolemy/actor/lib/test/auto/knownFailedTests/sizedarray3.xml (RunModel)" time="0.022" />
  <testcase classname="ptolemy.util.test.junit.AutoNameArchTests" name="[0] ThereAreNoAutoArchTests (RunModel)" time="0.001" />
  <testcase classname="ptolemy.util.test.junit.AutoTests" name="[0] /home/travis/build/icyphy/ptII/ptolemy/actor/lib/test/auto/AbsoluteValue.xml (RunModel)" time="0.101" />
  <testcase classname="ptolemy.util.test.junit.AutoTests" name="[1] /home/travis/build/icyphy/ptII/ptolemy/actor/lib/test/auto/AbsoluteValue2.xml (RunModel)" time="0.08" />
  <testcase classname="ptolemy.util.test.junit.AutoTests" name="[2] /home/travis/build/icyphy/ptII/ptolemy/actor/lib/test/auto/Accumulator.xml (RunModel)" time="0.058" />
  <testcase classname="ptolemy.util.test.junit.AutoTests" name="[3] /home/travis/build/icyphy/ptII/ptolemy/actor/lib/test/auto/Accumulator2.xml (RunModel)" time="0.063" />
  <testcase classname="ptolemy.util.test.junit.AutoTests" name="[4] /home/travis/build/icyphy/ptII/ptolemy/actor/lib/test/auto/Accumulator3.xml (RunModel)" time="0.037" />
  <testcase classname="ptolemy.util.test.junit.AutoTests" name="[5] /home/travis/build/icyphy/ptII/ptolemy/actor/lib/test/auto/ArrayAppend.xml (RunModel)" time="0.037" />
  <testcase classname="ptolemy.util.test.junit.AutoTests" name="[6] /home/travis/build/icyphy/ptII/ptolemy/actor/lib/test/auto/ArrayAppend2.xml (RunModel)" time="0.502" />
  <testcase classname="ptolemy.util.test.junit.AutoTests" name="[7] /home/travis/build/icyphy/ptII/ptolemy/actor/lib/test/auto/ArrayAppend3.xml (RunModel)" time="0.015" />
  <testcase classname="ptolemy.util.test.junit.AutoTests" name="[8] /home/travis/build/icyphy/ptII/ptolemy/actor/lib/test/auto/ArrayAppend4.xml (RunModel)" time="0.018" />
  <testcase classname="ptolemy.util.test.junit.AutoTests" name="[9] /home/travis/build/icyphy/ptII/ptolemy/actor/lib/test/auto/ArrayAppend5.xml (RunModel)" time="0.023" />
  <testcase classname="ptolemy.util.test.junit.AutoTests" name="[10] /home/travis/build/icyphy/ptII/ptolemy/actor/lib/test/auto/ArrayAppend6.xml (RunModel)" time="0.045" />
  <testcase classname="ptolemy.util.test.junit.AutoTests" name="[11] /home/travis/build/icyphy/ptII/ptolemy/actor/lib/test/auto/ArrayAppendPerformanceTest.xml (RunModel)" time="0.05" />
  <testcase classname="ptolemy.util.test.junit.AutoTests" name="[12] /home/travis/build/icyphy/ptII/ptolemy/actor/lib/test/auto/ArrayAppendWithEmptyInput.xml (RunModel)" time="0.064" />
  <testcase classname="ptolemy.util.test.junit.AutoTests" name="[13] /home/travis/build/icyphy/ptII/ptolemy/actor/lib/test/auto/ArrayAverage.xml (RunModel)" time="0.039" />
  <testcase classname="ptolemy.util.test.junit.AutoTests" name="[14] /home/travis/build/icyphy/ptII/ptolemy/actor/lib/test/auto/ArrayContains.xml (RunModel)" time="0.023" />
  <testcase classname="ptolemy.util.test.junit.AutoTests" name="[15] /home/travis/build/icyphy/ptII/ptolemy/actor/lib/test/auto/ArrayElement.xml (RunModel)" time="0.02" />
  <testcase classname="ptolemy.util.test.junit.AutoTests" name="[16] /home/travis/build/icyphy/ptII/ptolemy/actor/lib/test/auto/ArrayElementAsMatrix.xml (RunModel)" time="0.045" />
  <testcase classname="ptolemy.util.test.junit.AutoTests" name="[17] /home/travis/build/icyphy/ptII/ptolemy/actor/lib/test/auto/ArrayElementI.xml (RunModel)" time="0.017" />
  <testcase classname="ptolemy.util.test.junit.AutoTests" name="[18] /home/travis/build/icyphy/ptII/ptolemy/actor/lib/test/auto/ArrayExtract.xml (RunModel)" time="0.045" />
  <testcase classname="ptolemy.util.test.junit.AutoTests" name="[19] /home/travis/build/icyphy/ptII/ptolemy/actor/lib/test/auto/ArrayExtract2.xml (RunModel)" time="0.025" />
  <testcase classname="ptolemy.util.test.junit.AutoTests" name="[20] /home/travis/build/icyphy/ptII/ptolemy/actor/lib/test/auto/ArrayLength.xml (RunModel)" time="0.024" />
  <testcase classname="ptolemy.util.test.junit.AutoTests" name="[21] /home/travis/build/icyphy/ptII/ptolemy/actor/lib/test/auto/ArrayLevelCrossing.xml (RunModel)" time="0.04" />
  <testcase classname="ptolemy.util.test.junit.AutoTests" name="[22] /home/travis/build/icyphy/ptII/ptolemy/actor/lib/test/auto/ArrayLevelCrossing2.xml (RunModel)" time="0.026" />
  <testcase classname="ptolemy.util.test.junit.AutoTests" name="[23] /home/travis/build/icyphy/ptII/ptolemy/actor/lib/test/auto/ArrayPeakSearch.xml (RunModel)" time="0.045" />
  <testcase classname="ptolemy.util.test.junit.AutoTests" name="[24] /home/travis/build/icyphy/ptII/ptolemy/actor/lib/test/auto/ArrayPeakSearch2.xml (RunModel)" time="0.041" />
  <testcase classname="ptolemy.util.test.junit.AutoTests" name="[25] /home/travis/build/icyphy/ptII/ptolemy/actor/lib/test/auto/ArrayPeakSearch3.xml (RunModel)" time="0.032" />
  <testcase classname="ptolemy.util.test.junit.AutoTests" name="[26] /home/travis/build/icyphy/ptII/ptolemy/actor/lib/test/auto/ArrayRemoveElement.xml (RunModel)" time="0.047" />
  <testcase classname="ptolemy.util.test.junit.AutoTests" name="[27] /home/travis/build/icyphy/ptII/ptolemy/actor/lib/test/auto/ArraySort.xml (RunModel)" time="0.054" />
  <testcase classname="ptolemy.util.test.junit.AutoTests" name="[28] /home/travis/build/icyphy/ptII/ptolemy/actor/lib/test/auto/ArraySum.xml (RunModel)" time="0.034" />
  <testcase classname="ptolemy.util.test.junit.AutoTests" name="[29] /home/travis/build/icyphy/ptII/ptolemy/actor/lib/test/auto/ArrayToElements.xml (RunModel)" time="0.021" />
  <testcase classname="ptolemy.util.test.junit.AutoTests" name="[30] /home/travis/build/icyphy/ptII/ptolemy/actor/lib/test/auto/ArrayToMatrix.xml (RunModel)" time="0.056" />
  <testcase classname="ptolemy.util.test.junit.AutoTests" name="[31] /home/travis/build/icyphy/ptII/ptolemy/actor/lib/test/auto/ArrayUpdate1.xml (RunModel)" time="0.018" />
  <testcase classname="ptolemy.util.test.junit.AutoTests" name="[32] /home/travis/build/icyphy/ptII/ptolemy/actor/lib/test/auto/ArrayUpdate2.xml (RunModel)" time="0.019" />
  <testcase classname="ptolemy.util.test.junit.AutoTests" name="[33] /home/travis/build/icyphy/ptII/ptolemy/actor/lib/test/auto/ArrayUpdate3.xml (RunModel)" time="0.017" />
  <testcase classname="ptolemy.util.test.junit.AutoTests" name="[34] /home/travis/build/icyphy/ptII/ptolemy/actor/lib/test/auto/Assert1.xml (RunModel)" time="0.019" />
  <testcase classname="ptolemy.util.test.junit.AutoTests" name="[35] /home/travis/build/icyphy/ptII/ptolemy/actor/lib/test/auto/Assert2.xml (RunModel)" time="0.016" />
  <testcase classname="ptolemy.util.test.junit.AutoTests" name="[36] /home/travis/build/icyphy/ptII/ptolemy/actor/lib/test/auto/BooleanMultiplexor.xml (RunModel)" time="0.015" />
  <testcase classname="ptolemy.util.test.junit.AutoTests" name="[37] /home/travis/build/icyphy/ptII/ptolemy/actor/lib/test/auto/BooleanMultiplexor2.xml (RunModel)" time="0.028" />
  <testcase classname="ptolemy.util.test.junit.AutoTests" name="[38] /home/travis/build/icyphy/ptII/ptolemy/actor/lib/test/auto/BooleanMultiplexor3.xml (RunModel)" time="0.032" />
  <testcase classname="ptolemy.util.test.junit.AutoTests" name="[39] /home/travis/build/icyphy/ptII/ptolemy/actor/lib/test/auto/BooleanSelect.xml (RunModel)" time="0.027" />
  <testcase classname="ptolemy.util.test.junit.AutoTests" name="[40] /home/travis/build/icyphy/ptII/ptolemy/actor/lib/test/auto/BooleanSelect2.xml (RunModel)" time="0.014" />
  <testcase classname="ptolemy.util.test.junit.AutoTests" name="[41] /home/travis/build/icyphy/ptII/ptolemy/actor/lib/test/auto/BooleanSwitch.xml (RunModel)" time="0.02" />
  <testcase classname="ptolemy.util.test.junit.AutoTests" name="[42] /home/travis/build/icyphy/ptII/ptolemy/actor/lib/test/auto/BooleanSwitch2.xml (RunModel)" time="0.015" />
  <testcase classname="ptolemy.util.test.junit.AutoTests" name="[43] /home/travis/build/icyphy/ptII/ptolemy/actor/lib/test/auto/BooleanSwitchCloningBugWithClassRelationGroup.xml (RunModel)" time="0.032" />
  <testcase classname="ptolemy.util.test.junit.AutoTests" name="[44] /home/travis/build/icyphy/ptII/ptolemy/actor/lib/test/auto/BusActors.xml (RunModel)" time="0.037" />
  <testcase classname="ptolemy.util.test.junit.AutoTests" name="[45] /home/travis/build/icyphy/ptII/ptolemy/actor/lib/test/auto/ClassWrapper.xml (RunModel)" time="0.063" />
  <testcase classname="ptolemy.util.test.junit.AutoTests" name="[46] /home/travis/build/icyphy/ptII/ptolemy/actor/lib/test/auto/Clock.xml (RunModel)" time="0.015" />
  <testcase classname="ptolemy.util.test.junit.AutoTests" name="[47] /home/travis/build/icyphy/ptII/ptolemy/actor/lib/test/auto/Clock10.xml (RunModel)" time="0.023" />
  <testcase classname="ptolemy.util.test.junit.AutoTests" name="[48] /home/travis/build/icyphy/ptII/ptolemy/actor/lib/test/auto/Clock11.xml (RunModel)" time="0.028" />
  <testcase classname="ptolemy.util.test.junit.AutoTests" name="[49] /home/travis/build/icyphy/ptII/ptolemy/actor/lib/test/auto/Clock12.xml (RunModel)" time="0.028" />
  <testcase classname="ptolemy.util.test.junit.AutoTests" name="[50] /home/travis/build/icyphy/ptII/ptolemy/actor/lib/test/auto/Clock13.xml (RunModel)" time="0.026" />
  <testcase classname="ptolemy.util.test.junit.AutoTests" name="[51] /home/travis/build/icyphy/ptII/ptolemy/actor/lib/test/auto/Clock14.xml (RunModel)" time="0.023" />
  <testcase classname="ptolemy.util.test.junit.AutoTests" name="[52] /home/travis/build/icyphy/ptII/ptolemy/actor/lib/test/auto/Clock15.xml (RunModel)" time="0.017" />
  <testcase classname="ptolemy.util.test.junit.AutoTests" name="[53] /home/travis/build/icyphy/ptII/ptolemy/actor/lib/test/auto/Clock16.xml (RunModel)" time="0.084" />
  <testcase classname="ptolemy.util.test.junit.AutoTests" name="[54] /home/travis/build/icyphy/ptII/ptolemy/actor/lib/test/auto/Clock17.xml (RunModel)" time="0.037" />
  <testcase classname="ptolemy.util.test.junit.AutoTests" name="[55] /home/travis/build/icyphy/ptII/ptolemy/actor/lib/test/auto/Clock18.xml (RunModel)" time="0.062" />
  <testcase classname="ptolemy.util.test.junit.AutoTests" name="[56] /home/travis/build/icyphy/ptII/ptolemy/actor/lib/test/auto/Clock19.xml (RunModel)" time="0.036" />
  <testcase classname="ptolemy.util.test.junit.AutoTests" name="[57] /home/travis/build/icyphy/ptII/ptolemy/actor/lib/test/auto/Clock2.xml (RunModel)" time="0.01" />
  <testcase classname="ptolemy.util.test.junit.AutoTests" name="[58] /home/travis/build/icyphy/ptII/ptolemy/actor/lib/test/auto/Clock20.xml (RunModel)" time="0.023" />
  <testcase classname="ptolemy.util.test.junit.AutoTests" name="[59] /home/travis/build/icyphy/ptII/ptolemy/actor/lib/test/auto/Clock21.xml (RunModel)" time="0.013" />
  <testcase classname="ptolemy.util.test.junit.AutoTests" name="[60] /home/travis/build/icyphy/ptII/ptolemy/actor/lib/test/auto/Clock22.xml (RunModel)" time="0.016" />
  <testcase classname="ptolemy.util.test.junit.AutoTests" name="[61] /home/travis/build/icyphy/ptII/ptolemy/actor/lib/test/auto/Clock23.xml (RunModel)" time="0.019" />
  <testcase classname="ptolemy.util.test.junit.AutoTests" name="[62] /home/travis/build/icyphy/ptII/ptolemy/actor/lib/test/auto/Clock24.xml (RunModel)" time="0.013" />
  <testcase classname="ptolemy.util.test.junit.AutoTests" name="[63] /home/travis/build/icyphy/ptII/ptolemy/actor/lib/test/auto/Clock4.xml (RunModel)" time="0.012" />
  <testcase classname="ptolemy.util.test.junit.AutoTests" name="[64] /home/travis/build/icyphy/ptII/ptolemy/actor/lib/test/auto/Clock5.xml (RunModel)" time="0.017" />
  <testcase classname="ptolemy.util.test.junit.AutoTests" name="[65] /home/travis/build/icyphy/ptII/ptolemy/actor/lib/test/auto/Clock6.xml (RunModel)" time="0.011" />
  <testcase classname="ptolemy.util.test.junit.AutoTests" name="[66] /home/travis/build/icyphy/ptII/ptolemy/actor/lib/test/auto/Clock7.xml (RunModel)" time="0.01" />
  <testcase classname="ptolemy.util.test.junit.AutoTests" name="[67] /home/travis/build/icyphy/ptII/ptolemy/actor/lib/test/auto/Clock8.xml (RunModel)" time="0.013" />
  <testcase classname="ptolemy.util.test.junit.AutoTests" name="[68] /home/travis/build/icyphy/ptII/ptolemy/actor/lib/test/auto/Clock9.xml (RunModel)" time="0.012" />
  <testcase classname="ptolemy.util.test.junit.AutoTests" name="[69] /home/travis/build/icyphy/ptII/ptolemy/actor/lib/test/auto/CommDistDiscard.xml (RunModel)" time="0.022" />
  <testcase classname="ptolemy.util.test.junit.AutoTests" name="[70] /home/travis/build/icyphy/ptII/ptolemy/actor/lib/test/auto/Commutator.xml (RunModel)" time="0.016" />
  <testcase classname="ptolemy.util.test.junit.AutoTests" name="[71] /home/travis/build/icyphy/ptII/ptolemy/actor/lib/test/auto/Commutator2.xml (RunModel)" time="0.012" />
  <testcase classname="ptolemy.util.test.junit.AutoTests" name="[72] /home/travis/build/icyphy/ptII/ptolemy/actor/lib/test/auto/Commutator3.xml (RunModel)" time="0.012" />
  <testcase classname="ptolemy.util.test.junit.AutoTests" name="[73] /home/travis/build/icyphy/ptII/ptolemy/actor/lib/test/auto/Compare.xml (RunModel)" time="0.02" />
  <testcase classname="ptolemy.util.test.junit.AutoTests" name="[74] /home/travis/build/icyphy/ptII/ptolemy/actor/lib/test/auto/CompareDE.xml (RunModel)" time="0.023" />
  <testcase classname="ptolemy.util.test.junit.AutoTests" name="[75] /home/travis/build/icyphy/ptII/ptolemy/actor/lib/test/auto/ComplexDivide.xml (RunModel)" time="0.009" />
  <testcase classname="ptolemy.util.test.junit.AutoTests" name="[76] /home/travis/build/icyphy/ptII/ptolemy/actor/lib/test/auto/ComputeHistogram.xml (RunModel)" time="0.078" />
  <testcase classname="ptolemy.util.test.junit.AutoTests" name="[77] /home/travis/build/icyphy/ptII/ptolemy/actor/lib/test/auto/ConfigurationSelect.xml (RunModel)" time="0.02" />
  <testcase classname="ptolemy.util.test.junit.AutoTests" name="[78] /home/travis/build/icyphy/ptII/ptolemy/actor/lib/test/auto/ConfigurationSelect2.xml (RunModel)" time="0.014" />
  <testcase classname="ptolemy.util.test.junit.AutoTests" name="[79] /home/travis/build/icyphy/ptII/ptolemy/actor/lib/test/auto/ConfigurationSwitch.xml (RunModel)" time="0.021" />
  <testcase classname="ptolemy.util.test.junit.AutoTests" name="[80] /home/travis/build/icyphy/ptII/ptolemy/actor/lib/test/auto/ConfigurationSwitch2.xml (RunModel)" time="0.02" />
  <testcase classname="ptolemy.util.test.junit.AutoTests" name="[81] /home/travis/build/icyphy/ptII/ptolemy/actor/lib/test/auto/ConfigurationSwitchCloningBugWithClassRelationGroup.xml (RunModel)" time="0.023" />
  <testcase classname="ptolemy.util.test.junit.AutoTests" name="[82] /home/travis/build/icyphy/ptII/ptolemy/actor/lib/test/auto/ConfigurationSwitchSelectSDF.xml (RunModel)" time="0.017" />
  <testcase classname="ptolemy.util.test.junit.AutoTests" name="[83] /home/travis/build/icyphy/ptII/ptolemy/actor/lib/test/auto/ConfigurationSwitchSelectSDF2.xml (RunModel)" time="0.014" />
  <testcase classname="ptolemy.util.test.junit.AutoTests" name="[84] /home/travis/build/icyphy/ptII/ptolemy/actor/lib/test/auto/Const.xml (RunModel)" time="0.006" />
  <testcase classname="ptolemy.util.test.junit.AutoTests" name="[85] /home/travis/build/icyphy/ptII/ptolemy/actor/lib/test/auto/Const2.xml (RunModel)" time="0.009" />
  <testcase classname="ptolemy.util.test.junit.AutoTests" name="[86] /home/travis/build/icyphy/ptII/ptolemy/actor/lib/test/auto/Const3.xml (RunModel)" time="0.005" />
  <testcase classname="ptolemy.util.test.junit.AutoTests" name="[87] /home/travis/build/icyphy/ptII/ptolemy/actor/lib/test/auto/ConstantPublisherPort1.xml (RunModel)" time="0.027" />
  <testcase classname="ptolemy.util.test.junit.AutoTests" name="[88] /home/travis/build/icyphy/ptII/ptolemy/actor/lib/test/auto/ConstantPublisherPort2.xml (RunModel)" time="0.032" />
  <testcase classname="ptolemy.util.test.junit.AutoTests" name="[89] /home/travis/build/icyphy/ptII/ptolemy/actor/lib/test/auto/ConstantPublisherPort3.xml (RunModel)" time="0.024" />
  <testcase classname="ptolemy.util.test.junit.AutoTests" name="[90] /home/travis/build/icyphy/ptII/ptolemy/actor/lib/test/auto/ConstantPublisherPort4.xml (RunModel)" time="0.024" />
  <testcase classname="ptolemy.util.test.junit.AutoTests" name="[91] /home/travis/build/icyphy/ptII/ptolemy/actor/lib/test/auto/ConstantPublisherPort5.xml (RunModel)" time="0.05" />
  <testcase classname="ptolemy.util.test.junit.AutoTests" name="[92] /home/travis/build/icyphy/ptII/ptolemy/actor/lib/test/auto/ConstantPublisherPort6.xml (RunModel)" time="0.037" />
  <testcase classname="ptolemy.util.test.junit.AutoTests" name="[93] /home/travis/build/icyphy/ptII/ptolemy/actor/lib/test/auto/ConstantPublisherPort7.xml (RunModel)" time="0.034" />
  <testcase classname="ptolemy.util.test.junit.AutoTests" name="[94] /home/travis/build/icyphy/ptII/ptolemy/actor/lib/test/auto/ConstraintMonitor1.xml (RunModel)" time="0.032" />
  <testcase classname="ptolemy.util.test.junit.AutoTests" name="[95] /home/travis/build/icyphy/ptII/ptolemy/actor/lib/test/auto/ConstraintMonitor2.xml (RunModel)" time="0.014" />
  <testcase classname="ptolemy.util.test.junit.AutoTests" name="[96] /home/travis/build/icyphy/ptII/ptolemy/actor/lib/test/auto/ConstraintMonitor3.xml (RunModel)" time="0.022" />
  <testcase classname="ptolemy.util.test.junit.AutoTests" name="[97] /home/travis/build/icyphy/ptII/ptolemy/actor/lib/test/auto/ConstraintMonitor4.xml (RunModel)" time="0.016" />
  <testcase classname="ptolemy.util.test.junit.AutoTests" name="[98] /home/travis/build/icyphy/ptII/ptolemy/actor/lib/test/auto/ConstraintMonitor5.xml (RunModel)" time="0.017" />
  <testcase classname="ptolemy.util.test.junit.AutoTests" name="[99] /home/travis/build/icyphy/ptII/ptolemy/actor/lib/test/auto/ConstraintMonitor6.xml (RunModel)" time="0.021" />
  <testcase classname="ptolemy.util.test.junit.AutoTests" name="[100] /home/travis/build/icyphy/ptII/ptolemy/actor/lib/test/auto/ConstraintMonitor7.xml (RunModel)" time="0.021" />
  <testcase classname="ptolemy.util.test.junit.AutoTests" name="[101] /home/travis/build/icyphy/ptII/ptolemy/actor/lib/test/auto/ConstraintMonitor8.xml (RunModel)" time="0.027" />
  <testcase classname="ptolemy.util.test.junit.AutoTests" name="[102] /home/travis/build/icyphy/ptII/ptolemy/actor/lib/test/auto/Counter.xml (RunModel)" time="0.015" />
  <testcase classname="ptolemy.util.test.junit.AutoTests" name="[103] /home/travis/build/icyphy/ptII/ptolemy/actor/lib/test/auto/CurrentTimeSDF.xml (RunModel)" time="0.011" />
  <testcase classname="ptolemy.util.test.junit.AutoTests" name="[104] /home/travis/build/icyphy/ptII/ptolemy/actor/lib/test/auto/DB.xml (RunModel)" time="0.017" />
  <testcase classname="ptolemy.util.test.junit.AutoTests" name="[105] /home/travis/build/icyphy/ptII/ptolemy/actor/lib/test/auto/DBDE.xml (RunModel)" time="0.02" />
  <testcase classname="ptolemy.util.test.junit.AutoTests" name="[106] /home/travis/build/icyphy/ptII/ptolemy/actor/lib/test/auto/DateConstructor.xml (RunModel)" time="0.064" />
  <testcase classname="ptolemy.util.test.junit.AutoTests" name="[107] /home/travis/build/icyphy/ptII/ptolemy/actor/lib/test/auto/DelayTime.xml (RunModel)" time="0.018" />
  <testcase classname="ptolemy.util.test.junit.AutoTests" name="[108] /home/travis/build/icyphy/ptII/ptolemy/actor/lib/test/auto/Dictionary1.xml (RunModel)" time="0.058" />
  <testcase classname="ptolemy.util.test.junit.AutoTests" name="[109] /home/travis/build/icyphy/ptII/ptolemy/actor/lib/test/auto/Dictionary2.xml (RunModel)" time="0.02" />
  <testcase classname="ptolemy.util.test.junit.AutoTests" name="[110] /home/travis/build/icyphy/ptII/ptolemy/actor/lib/test/auto/Dictionary3.xml (RunModel)" time="0.013" />
  <testcase classname="ptolemy.util.test.junit.AutoTests" name="[111] /home/travis/build/icyphy/ptII/ptolemy/actor/lib/test/auto/Dictionary4.xml (RunModel)" time="0.018" />
  <testcase classname="ptolemy.util.test.junit.AutoTests" name="[112] /home/travis/build/icyphy/ptII/ptolemy/actor/lib/test/auto/Differential.xml (RunModel)" time="0.012" />
  <testcase classname="ptolemy.util.test.junit.AutoTests" name="[113] /home/travis/build/icyphy/ptII/ptolemy/actor/lib/test/auto/Director.xml (RunModel)" time="0.011" />
  <testcase classname="ptolemy.util.test.junit.AutoTests" name="[114] /home/travis/build/icyphy/ptII/ptolemy/actor/lib/test/auto/DiscreteClock.xml (RunModel)" time="0.009" />
  <testcase classname="ptolemy.util.test.junit.AutoTests" name="[115] /home/travis/build/icyphy/ptII/ptolemy/actor/lib/test/auto/DiscreteClock10.xml (RunModel)" time="0.015" />
  <testcase classname="ptolemy.util.test.junit.AutoTests" name="[116] /home/travis/build/icyphy/ptII/ptolemy/actor/lib/test/auto/DiscreteClock11.xml (RunModel)" time="0.014" />
  <testcase classname="ptolemy.util.test.junit.AutoTests" name="[117] /home/travis/build/icyphy/ptII/ptolemy/actor/lib/test/auto/DiscreteClock12.xml (RunModel)" time="0.015" />
  <testcase classname="ptolemy.util.test.junit.AutoTests" name="[118] /home/travis/build/icyphy/ptII/ptolemy/actor/lib/test/auto/DiscreteClock13.xml (RunModel)" time="0.019" />
  <testcase classname="ptolemy.util.test.junit.AutoTests" name="[119] /home/travis/build/icyphy/ptII/ptolemy/actor/lib/test/auto/DiscreteClock14.xml (RunModel)" time="0.017" />
  <testcase classname="ptolemy.util.test.junit.AutoTests" name="[120] /home/travis/build/icyphy/ptII/ptolemy/actor/lib/test/auto/DiscreteClock15.xml (RunModel)" time="0.017" />
  <testcase classname="ptolemy.util.test.junit.AutoTests" name="[121] /home/travis/build/icyphy/ptII/ptolemy/actor/lib/test/auto/DiscreteClock16.xml (RunModel)" time="0.043" />
  <testcase classname="ptolemy.util.test.junit.AutoTests" name="[122] /home/travis/build/icyphy/ptII/ptolemy/actor/lib/test/auto/DiscreteClock17.xml (RunModel)" time="0.043" />
  <testcase classname="ptolemy.util.test.junit.AutoTests" name="[123] /home/travis/build/icyphy/ptII/ptolemy/actor/lib/test/auto/DiscreteClock18.xml (RunModel)" time="0.689" />
  <testcase classname="ptolemy.util.test.junit.AutoTests" name="[124] /home/travis/build/icyphy/ptII/ptolemy/actor/lib/test/auto/DiscreteClock19.xml (RunModel)" time="0.042" />
  <testcase classname="ptolemy.util.test.junit.AutoTests" name="[125] /home/travis/build/icyphy/ptII/ptolemy/actor/lib/test/auto/DiscreteClock2.xml (RunModel)" time="0.014" />
  <testcase classname="ptolemy.util.test.junit.AutoTests" name="[126] /home/travis/build/icyphy/ptII/ptolemy/actor/lib/test/auto/DiscreteClock20.xml (RunModel)" time="0.022" />
  <testcase classname="ptolemy.util.test.junit.AutoTests" name="[127] /home/travis/build/icyphy/ptII/ptolemy/actor/lib/test/auto/DiscreteClock21.xml (RunModel)" time="0.02" />
  <testcase classname="ptolemy.util.test.junit.AutoTests" name="[128] /home/travis/build/icyphy/ptII/ptolemy/actor/lib/test/auto/DiscreteClock22.xml (RunModel)" time="0.02" />
  <testcase classname="ptolemy.util.test.junit.AutoTests" name="[129] /home/travis/build/icyphy/ptII/ptolemy/actor/lib/test/auto/DiscreteClock23.xml (RunModel)" time="0.022" />
  <testcase classname="ptolemy.util.test.junit.AutoTests" name="[130] /home/travis/build/icyphy/ptII/ptolemy/actor/lib/test/auto/DiscreteClock24.xml (RunModel)" time="0.02" />
  <testcase classname="ptolemy.util.test.junit.AutoTests" name="[131] /home/travis/build/icyphy/ptII/ptolemy/actor/lib/test/auto/DiscreteClock4.xml (RunModel)" time="0.012" />
  <testcase classname="ptolemy.util.test.junit.AutoTests" name="[132] /home/travis/build/icyphy/ptII/ptolemy/actor/lib/test/auto/DiscreteClock5.xml (RunModel)" time="0.011" />
  <testcase classname="ptolemy.util.test.junit.AutoTests" name="[133] /home/travis/build/icyphy/ptII/ptolemy/actor/lib/test/auto/DiscreteClock6.xml (RunModel)" time="0.009" />
  <testcase classname="ptolemy.util.test.junit.AutoTests" name="[134] /home/travis/build/icyphy/ptII/ptolemy/actor/lib/test/auto/DiscreteClock7.xml (RunModel)" time="0.011" />
  <testcase classname="ptolemy.util.test.junit.AutoTests" name="[135] /home/travis/build/icyphy/ptII/ptolemy/actor/lib/test/auto/DiscreteClock8.xml (RunModel)" time="0.016" />
  <testcase classname="ptolemy.util.test.junit.AutoTests" name="[136] /home/travis/build/icyphy/ptII/ptolemy/actor/lib/test/auto/DiscreteClock9.xml (RunModel)" time="0.015" />
  <testcase classname="ptolemy.util.test.junit.AutoTests" name="[137] /home/travis/build/icyphy/ptII/ptolemy/actor/lib/test/auto/DisplayArray.xml (RunModel)" time="0.022" />
  <testcase classname="ptolemy.util.test.junit.AutoTests" name="[138] /home/travis/build/icyphy/ptII/ptolemy/actor/lib/test/auto/Distributor.xml (RunModel)" time="0.011" />
  <testcase classname="ptolemy.util.test.junit.AutoTests" name="[139] /home/travis/build/icyphy/ptII/ptolemy/actor/lib/test/auto/Distributor2.xml (RunModel)" time="0.011" />
  <testcase classname="ptolemy.util.test.junit.AutoTests" name="[140] /home/travis/build/icyphy/ptII/ptolemy/actor/lib/test/auto/DownSample.xml (RunModel)" time="0.012" />
  <testcase classname="ptolemy.util.test.junit.AutoTests" name="[141] /home/travis/build/icyphy/ptII/ptolemy/actor/lib/test/auto/ElectronicUnitBase1.xml (RunModel)" time="0.083" />
  <testcase classname="ptolemy.util.test.junit.AutoTests" name="[142] /home/travis/build/icyphy/ptII/ptolemy/actor/lib/test/auto/ElementsToArray.xml (RunModel)" time="0.012" />
  <testcase classname="ptolemy.util.test.junit.AutoTests" name="[143] /home/travis/build/icyphy/ptII/ptolemy/actor/lib/test/auto/Equals.xml (RunModel)" time="0.014" />
  <testcase classname="ptolemy.util.test.junit.AutoTests" name="[144] /home/travis/build/icyphy/ptII/ptolemy/actor/lib/test/auto/Exec.xml (RunModel)" time="0.019" />
  <testcase classname="ptolemy.util.test.junit.AutoTests" name="[145] /home/travis/build/icyphy/ptII/ptolemy/actor/lib/test/auto/ExecEnvironment.xml (RunModel)" time="0.031" />
  <testcase classname="ptolemy.util.test.junit.AutoTests" name="[146] /home/travis/build/icyphy/ptII/ptolemy/actor/lib/test/auto/ExecNonZeroReturnOutput.xml (RunModel)" time="0.147" />
  <testcase classname="ptolemy.util.test.junit.AutoTests" name="[147] /home/travis/build/icyphy/ptII/ptolemy/actor/lib/test/auto/ExecRunDemos.xml (RunModel)" time="10.263" />
  <testcase classname="ptolemy.util.test.junit.AutoTests" name="[148] /home/travis/build/icyphy/ptII/ptolemy/actor/lib/test/auto/ExecStop.xml (RunModel)" time="5.022" />
  <testcase classname="ptolemy.util.test.junit.AutoTests" name="[149] /home/travis/build/icyphy/ptII/ptolemy/actor/lib/test/auto/ExecutionTimePN.xml (RunModel)" time="2.038" />
  <testcase classname="ptolemy.util.test.junit.AutoTests" name="[150] /home/travis/build/icyphy/ptII/ptolemy/actor/lib/test/auto/ExecutionTimeSDF.xml (RunModel)" time="6.064" />
  <testcase classname="ptolemy.util.test.junit.AutoTests" name="[151] /home/travis/build/icyphy/ptII/ptolemy/actor/lib/test/auto/Expression1.xml (RunModel)" time="0.012" />
  <testcase classname="ptolemy.util.test.junit.AutoTests" name="[152] /home/travis/build/icyphy/ptII/ptolemy/actor/lib/test/auto/Expression10.xml (RunModel)" time="0.019" />
  <testcase classname="ptolemy.util.test.junit.AutoTests" name="[153] /home/travis/build/icyphy/ptII/ptolemy/actor/lib/test/auto/Expression11.xml (RunModel)" time="0.012" />
  <testcase classname="ptolemy.util.test.junit.AutoTests" name="[154] /home/travis/build/icyphy/ptII/ptolemy/actor/lib/test/auto/Expression12.xml (RunModel)" time="0.015" />
  <testcase classname="ptolemy.util.test.junit.AutoTests" name="[155] /home/travis/build/icyphy/ptII/ptolemy/actor/lib/test/auto/Expression13.xml (RunModel)" time="0.015" />
  <testcase classname="ptolemy.util.test.junit.AutoTests" name="[156] /home/travis/build/icyphy/ptII/ptolemy/actor/lib/test/auto/Expression14.xml (RunModel)" time="0.019" />
  <testcase classname="ptolemy.util.test.junit.AutoTests" name="[157] /home/travis/build/icyphy/ptII/ptolemy/actor/lib/test/auto/Expression15.xml (RunModel)" time="0.01" />
  <testcase classname="ptolemy.util.test.junit.AutoTests" name="[158] /home/travis/build/icyphy/ptII/ptolemy/actor/lib/test/auto/Expression16.xml (RunModel)" time="0.013" />
  <testcase classname="ptolemy.util.test.junit.AutoTests" name="[159] /home/travis/build/icyphy/ptII/ptolemy/actor/lib/test/auto/Expression17.xml (RunModel)" time="0.012" />
  <testcase classname="ptolemy.util.test.junit.AutoTests" name="[160] /home/travis/build/icyphy/ptII/ptolemy/actor/lib/test/auto/Expression18.xml (RunModel)" time="0.015" />
  <testcase classname="ptolemy.util.test.junit.AutoTests" name="[161] /home/travis/build/icyphy/ptII/ptolemy/actor/lib/test/auto/Expression2.xml (RunModel)" time="0.014" />
  <testcase classname="ptolemy.util.test.junit.AutoTests" name="[162] /home/travis/build/icyphy/ptII/ptolemy/actor/lib/test/auto/Expression3.xml (RunModel)" time="0.012" />
  <testcase classname="ptolemy.util.test.junit.AutoTests" name="[163] /home/travis/build/icyphy/ptII/ptolemy/actor/lib/test/auto/Expression4.xml (RunModel)" time="0.021" />
  <testcase classname="ptolemy.util.test.junit.AutoTests" name="[164] /home/travis/build/icyphy/ptII/ptolemy/actor/lib/test/auto/Expression5.xml (RunModel)" time="0.012" />
  <testcase classname="ptolemy.util.test.junit.AutoTests" name="[165] /home/travis/build/icyphy/ptII/ptolemy/actor/lib/test/auto/Expression6.xml (RunModel)" time="0.01" />
  <testcase classname="ptolemy.util.test.junit.AutoTests" name="[166] /home/travis/build/icyphy/ptII/ptolemy/actor/lib/test/auto/Expression7.xml (RunModel)" time="0.012" />
  <testcase classname="ptolemy.util.test.junit.AutoTests" name="[167] /home/travis/build/icyphy/ptII/ptolemy/actor/lib/test/auto/Expression8.xml (RunModel)" time="0.012" />
  <testcase classname="ptolemy.util.test.junit.AutoTests" name="[168] /home/travis/build/icyphy/ptII/ptolemy/actor/lib/test/auto/Expression9.xml (RunModel)" time="0.01" />
  <testcase classname="ptolemy.util.test.junit.AutoTests" name="[169] /home/travis/build/icyphy/ptII/ptolemy/actor/lib/test/auto/ExpressionConcatenateArrayType.xml (RunModel)" time="0.027" />
  <testcase classname="ptolemy.util.test.junit.AutoTests" name="[170] /home/travis/build/icyphy/ptII/ptolemy/actor/lib/test/auto/ExpressionConcatenateArrayType2.xml (RunModel)" time="0.018" />
  <testcase classname="ptolemy.util.test.junit.AutoTests" name="[171] /home/travis/build/icyphy/ptII/ptolemy/actor/lib/test/auto/ExpressionFix.xml (RunModel)" time="0.029" />
  <testcase classname="ptolemy.util.test.junit.AutoTests" name="[172] /home/travis/build/icyphy/ptII/ptolemy/actor/lib/test/auto/ExpressionFix2.xml (RunModel)" time="0.011" />
  <testcase classname="ptolemy.util.test.junit.AutoTests" name="[173] /home/travis/build/icyphy/ptII/ptolemy/actor/lib/test/auto/ExpressionFix3.xml (RunModel)" time="0.011" />
  <testcase classname="ptolemy.util.test.junit.AutoTests" name="[174] /home/travis/build/icyphy/ptII/ptolemy/actor/lib/test/auto/FileWriter1.xml (RunModel)" time="0.01" />
  <testcase classname="ptolemy.util.test.junit.AutoTests" name="[175] /home/travis/build/icyphy/ptII/ptolemy/actor/lib/test/auto/FileWriter2.xml (RunModel)" time="0.011" />
  <testcase classname="ptolemy.util.test.junit.AutoTests" name="[176] /home/travis/build/icyphy/ptII/ptolemy/actor/lib/test/auto/FileWriter3.xml (RunModel)" time="0.012" />
  <testcase classname="ptolemy.util.test.junit.AutoTests" name="[177] /home/travis/build/icyphy/ptII/ptolemy/actor/lib/test/auto/Gaussian.xml (RunModel)" time="0.01" />
  <testcase classname="ptolemy.util.test.junit.AutoTests" name="[178] /home/travis/build/icyphy/ptII/ptolemy/actor/lib/test/auto/Gaussian1.xml (RunModel)" time="0.013" />
  <testcase classname="ptolemy.util.test.junit.AutoTests" name="[179] /home/travis/build/icyphy/ptII/ptolemy/actor/lib/test/auto/Gaussian2.xml (RunModel)" time="0.018" />
  <testcase classname="ptolemy.util.test.junit.AutoTests" name="[180] /home/travis/build/icyphy/ptII/ptolemy/actor/lib/test/auto/GradientAdaptiveLattice.xml (RunModel)" time="0.016" />
  <testcase classname="ptolemy.util.test.junit.AutoTests" name="[181] /home/travis/build/icyphy/ptII/ptolemy/actor/lib/test/auto/IIR.xml (RunModel)" time="0.011" />
  <testcase classname="ptolemy.util.test.junit.AutoTests" name="[182] /home/travis/build/icyphy/ptII/ptolemy/actor/lib/test/auto/InputOutputTransparentPorts.xml (RunModel)" time="0.024" />
  <testcase classname="ptolemy.util.test.junit.AutoTests" name="[183] /home/travis/build/icyphy/ptII/ptolemy/actor/lib/test/auto/Interpolator.xml (RunModel)" time="0.01" />
  <testcase classname="ptolemy.util.test.junit.AutoTests" name="[184] /home/travis/build/icyphy/ptII/ptolemy/actor/lib/test/auto/InterpolatorFiringLimitDE.xml (RunModel)" time="0.014" />
  <testcase classname="ptolemy.util.test.junit.AutoTests" name="[185] /home/travis/build/icyphy/ptII/ptolemy/actor/lib/test/auto/Lattice.xml (RunModel)" time="0.008" />
  <testcase classname="ptolemy.util.test.junit.AutoTests" name="[186] /home/travis/build/icyphy/ptII/ptolemy/actor/lib/test/auto/LazyAOCTestLazy.xml (RunModel)" time="0.021" />
  <testcase classname="ptolemy.util.test.junit.AutoTests" name="[187] /home/travis/build/icyphy/ptII/ptolemy/actor/lib/test/auto/LazyAOCTestNonLazy.xml (RunModel)" time="0.017" />
  <testcase classname="ptolemy.util.test.junit.AutoTests" name="[188] /home/travis/build/icyphy/ptII/ptolemy/actor/lib/test/auto/LazyInnerClass.xml (RunModel)" time="0.021" />
  <testcase classname="ptolemy.util.test.junit.AutoTests" name="[189] /home/travis/build/icyphy/ptII/ptolemy/actor/lib/test/auto/LazyPubSub.xml (RunModel)" time="0.031" />
  <testcase classname="ptolemy.util.test.junit.AutoTests" name="[190] /home/travis/build/icyphy/ptII/ptolemy/actor/lib/test/auto/LazyPubSub2.xml (RunModel)" time="0.03" />
  <testcase classname="ptolemy.util.test.junit.AutoTests" name="[191] /home/travis/build/icyphy/ptII/ptolemy/actor/lib/test/auto/LazyPubSub3.xml (RunModel)" time="0.026" />
  <testcase classname="ptolemy.util.test.junit.AutoTests" name="[192] /home/travis/build/icyphy/ptII/ptolemy/actor/lib/test/auto/LazySubClassModel.xml (RunModel)" time="0.026" />
  <testcase classname="ptolemy.util.test.junit.AutoTests" name="[193] /home/travis/build/icyphy/ptII/ptolemy/actor/lib/test/auto/LevelCrossTest1.xml (RunModel)" time="0.011" />
  <testcase classname="ptolemy.util.test.junit.AutoTests" name="[194] /home/travis/build/icyphy/ptII/ptolemy/actor/lib/test/auto/LevelCrossTest10.xml (RunModel)" time="0.016" />
  <testcase classname="ptolemy.util.test.junit.AutoTests" name="[195] /home/travis/build/icyphy/ptII/ptolemy/actor/lib/test/auto/LevelCrossTest11.xml (RunModel)" time="0.016" />
  <testcase classname="ptolemy.util.test.junit.AutoTests" name="[196] /home/travis/build/icyphy/ptII/ptolemy/actor/lib/test/auto/LevelCrossTest12.xml (RunModel)" time="0.014" />
  <testcase classname="ptolemy.util.test.junit.AutoTests" name="[197] /home/travis/build/icyphy/ptII/ptolemy/actor/lib/test/auto/LevelCrossTest13.xml (RunModel)" time="0.024" />
  <testcase classname="ptolemy.util.test.junit.AutoTests" name="[198] /home/travis/build/icyphy/ptII/ptolemy/actor/lib/test/auto/LevelCrossTest2.xml (RunModel)" time="0.036" />
  <testcase classname="ptolemy.util.test.junit.AutoTests" name="[199] /home/travis/build/icyphy/ptII/ptolemy/actor/lib/test/auto/LevelCrossTest3.xml (RunModel)" time="0.018" />
  <testcase classname="ptolemy.util.test.junit.AutoTests" name="[200] /home/travis/build/icyphy/ptII/ptolemy/actor/lib/test/auto/LevelCrossTest4.xml (RunModel)" time="0.015" />
  <testcase classname="ptolemy.util.test.junit.AutoTests" name="[201] /home/travis/build/icyphy/ptII/ptolemy/actor/lib/test/auto/LevelCrossTest5.xml (RunModel)" time="0.018" />
  <testcase classname="ptolemy.util.test.junit.AutoTests" name="[202] /home/travis/build/icyphy/ptII/ptolemy/actor/lib/test/auto/LevelCrossTest6.xml (RunModel)" time="0.021" />
  <testcase classname="ptolemy.util.test.junit.AutoTests" name="[203] /home/travis/build/icyphy/ptII/ptolemy/actor/lib/test/auto/LevelCrossTest7.xml (RunModel)" time="0.016" />
  <testcase classname="ptolemy.util.test.junit.AutoTests" name="[204] /home/travis/build/icyphy/ptII/ptolemy/actor/lib/test/auto/LevelCrossTest8.xml (RunModel)" time="0.016" />
  <testcase classname="ptolemy.util.test.junit.AutoTests" name="[205] /home/travis/build/icyphy/ptII/ptolemy/actor/lib/test/auto/LevelCrossTest9.xml (RunModel)" time="0.017" />
  <testcase classname="ptolemy.util.test.junit.AutoTests" name="[206] /home/travis/build/icyphy/ptII/ptolemy/actor/lib/test/auto/LevinsonDurbin.xml (RunModel)" time="0.011" />
  <testcase classname="ptolemy.util.test.junit.AutoTests" name="[207] /home/travis/build/icyphy/ptII/ptolemy/actor/lib/test/auto/LevinsonDurbin2.xml (RunModel)" time="0.009" />
  <testcase classname="ptolemy.util.test.junit.AutoTests" name="[208] /home/travis/build/icyphy/ptII/ptolemy/actor/lib/test/auto/LevinsonDurbin3.xml (RunModel)" time="0.009" />
  <testcase classname="ptolemy.util.test.junit.AutoTests" name="[209] /home/travis/build/icyphy/ptII/ptolemy/actor/lib/test/auto/Limiter.xml (RunModel)" time="0.027" />
  <testcase classname="ptolemy.util.test.junit.AutoTests" name="[210] /home/travis/build/icyphy/ptII/ptolemy/actor/lib/test/auto/LinearDifferenceEquationSystem.xml (RunModel)" time="0.027" />
  <testcase classname="ptolemy.util.test.junit.AutoTests" name="[211] /home/travis/build/icyphy/ptII/ptolemy/actor/lib/test/auto/LookupTable.xml (RunModel)" time="0.011" />
  <testcase classname="ptolemy.util.test.junit.AutoTests" name="[212] /home/travis/build/icyphy/ptII/ptolemy/actor/lib/test/auto/MathFunction.xml (RunModel)" time="0.022" />
  <testcase classname="ptolemy.util.test.junit.AutoTests" name="[213] /home/travis/build/icyphy/ptII/ptolemy/actor/lib/test/auto/MathFunction2.xml (RunModel)" time="0.009" />
  <testcase classname="ptolemy.util.test.junit.AutoTests" name="[214] /home/travis/build/icyphy/ptII/ptolemy/actor/lib/test/auto/MathFunction3.xml (RunModel)" time="0.019" />
  <testcase classname="ptolemy.util.test.junit.AutoTests" name="[215] /home/travis/build/icyphy/ptII/ptolemy/actor/lib/test/auto/MatrixCropBoolean.xml (RunModel)" time="0.011" />
  <testcase classname="ptolemy.util.test.junit.AutoTests" name="[216] /home/travis/build/icyphy/ptII/ptolemy/actor/lib/test/auto/MatrixCropComplex.xml (RunModel)" time="0.01" />
  <testcase classname="ptolemy.util.test.junit.AutoTests" name="[217] /home/travis/build/icyphy/ptII/ptolemy/actor/lib/test/auto/MatrixCropDouble.xml (RunModel)" time="0.01" />
  <testcase classname="ptolemy.util.test.junit.AutoTests" name="[218] /home/travis/build/icyphy/ptII/ptolemy/actor/lib/test/auto/MatrixCropFix.xml (RunModel)" time="0.011" />
  <testcase classname="ptolemy.util.test.junit.AutoTests" name="[219] /home/travis/build/icyphy/ptII/ptolemy/actor/lib/test/auto/MatrixCropInt.xml (RunModel)" time="0.01" />
  <testcase classname="ptolemy.util.test.junit.AutoTests" name="[220] /home/travis/build/icyphy/ptII/ptolemy/actor/lib/test/auto/MatrixCropLong.xml (RunModel)" time="0.01" />
  <testcase classname="ptolemy.util.test.junit.AutoTests" name="[221] /home/travis/build/icyphy/ptII/ptolemy/actor/lib/test/auto/MatrixToArray.xml (RunModel)" time="0.045" />
  <testcase classname="ptolemy.util.test.junit.AutoTests" name="[222] /home/travis/build/icyphy/ptII/ptolemy/actor/lib/test/auto/MaxIndex.xml (RunModel)" time="0.011" />
  <testcase classname="ptolemy.util.test.junit.AutoTests" name="[223] /home/travis/build/icyphy/ptII/ptolemy/actor/lib/test/auto/Maximum.xml (RunModel)" time="0.018" />
  <testcase classname="ptolemy.util.test.junit.AutoTests" name="[224] /home/travis/build/icyphy/ptII/ptolemy/actor/lib/test/auto/MaximumComplex.xml (RunModel)" time="0.014" />
  <testcase classname="ptolemy.util.test.junit.AutoTests" name="[225] /home/travis/build/icyphy/ptII/ptolemy/actor/lib/test/auto/MethodCallTest.xml (RunModel)" time="0.02" />
  <testcase classname="ptolemy.util.test.junit.AutoTests" name="[226] /home/travis/build/icyphy/ptII/ptolemy/actor/lib/test/auto/Minimum.xml (RunModel)" time="0.013" />
  <testcase classname="ptolemy.util.test.junit.AutoTests" name="[227] /home/travis/build/icyphy/ptII/ptolemy/actor/lib/test/auto/MinimumComplex.xml (RunModel)" time="0.014" />
  <testcase classname="ptolemy.util.test.junit.AutoTests" name="[228] /home/travis/build/icyphy/ptII/ptolemy/actor/lib/test/auto/MinimumMultiports.xml (RunModel)" time="0.02" />
  <testcase classname="ptolemy.util.test.junit.AutoTests" name="[229] /home/travis/build/icyphy/ptII/ptolemy/actor/lib/test/auto/ModifyDate.xml (RunModel)" time="0.043" />
  <testcase classname="ptolemy.util.test.junit.AutoTests" name="[230] /home/travis/build/icyphy/ptII/ptolemy/actor/lib/test/auto/ModifyDate2.xml (RunModel)" time="0.031" />
  <testcase classname="ptolemy.util.test.junit.AutoTests" name="[231] /home/travis/build/icyphy/ptII/ptolemy/actor/lib/test/auto/MovingAverage.xml (RunModel)" time="0.012" />
  <testcase classname="ptolemy.util.test.junit.AutoTests" name="[232] /home/travis/build/icyphy/ptII/ptolemy/actor/lib/test/auto/MovingMaximum.xml (RunModel)" time="0.011" />
  <testcase classname="ptolemy.util.test.junit.AutoTests" name="[233] /home/travis/build/icyphy/ptII/ptolemy/actor/lib/test/auto/MultipleLinksToSameRelation.xml (RunModel)" time="0.007" />
  <testcase classname="ptolemy.util.test.junit.AutoTests" name="[234] /home/travis/build/icyphy/ptII/ptolemy/actor/lib/test/auto/MultipleLinksToSameRelationDE.xml (RunModel)" time="0.01" />
  <testcase classname="ptolemy.util.test.junit.AutoTests" name="[235] /home/travis/build/icyphy/ptII/ptolemy/actor/lib/test/auto/Multiplexor.xml (RunModel)" time="0.013" />
  <testcase classname="ptolemy.util.test.junit.AutoTests" name="[236] /home/travis/build/icyphy/ptII/ptolemy/actor/lib/test/auto/Multiplexor1.xml (RunModel)" time="0.012" />
  <testcase classname="ptolemy.util.test.junit.AutoTests" name="[237] /home/travis/build/icyphy/ptII/ptolemy/actor/lib/test/auto/Multiplexor2.xml (RunModel)" time="0.015" />
  <testcase classname="ptolemy.util.test.junit.AutoTests" name="[238] /home/travis/build/icyphy/ptII/ptolemy/actor/lib/test/auto/Multiplexor3.xml (RunModel)" time="0.008" />
  <testcase classname="ptolemy.util.test.junit.AutoTests" name="[239] /home/travis/build/icyphy/ptII/ptolemy/actor/lib/test/auto/MultiplexorDE.xml (RunModel)" time="0.019" />
  <testcase classname="ptolemy.util.test.junit.AutoTests" name="[240] /home/travis/build/icyphy/ptII/ptolemy/actor/lib/test/auto/MultiportBroadcastTest.xml (RunModel)" time="0.099" />
  <testcase classname="ptolemy.util.test.junit.AutoTests" name="[241] /home/travis/build/icyphy/ptII/ptolemy/actor/lib/test/auto/MultiportOutHangDuringGetWidth.xml (RunModel)" time="0.039" />
  <testcase classname="ptolemy.util.test.junit.AutoTests" name="[242] /home/travis/build/icyphy/ptII/ptolemy/actor/lib/test/auto/NilToken.xml (RunModel)" time="0.008" />
  <testcase classname="ptolemy.util.test.junit.AutoTests" name="[243] /home/travis/build/icyphy/ptII/ptolemy/actor/lib/test/auto/NilTokenNonStrictTest.xml (RunModel)" time="0.013" />
  <testcase classname="ptolemy.util.test.junit.AutoTests" name="[244] /home/travis/build/icyphy/ptII/ptolemy/actor/lib/test/auto/NilTokenRecord.xml (RunModel)" time="0.028" />
  <testcase classname="ptolemy.util.test.junit.AutoTests" name="[245] /home/travis/build/icyphy/ptII/ptolemy/actor/lib/test/auto/NilTokenTypeTest.xml (RunModel)" time="0.031" />
  <testcase classname="ptolemy.util.test.junit.AutoTests" name="[246] /home/travis/build/icyphy/ptII/ptolemy/actor/lib/test/auto/ObjectToken1.xml (RunModel)" time="0.01" />
  <testcase classname="ptolemy.util.test.junit.AutoTests" name="[247] /home/travis/build/icyphy/ptII/ptolemy/actor/lib/test/auto/OrderedMerge.xml (RunModel)" time="0.017" />
  <testcase classname="ptolemy.util.test.junit.AutoTests" name="[248] /home/travis/build/icyphy/ptII/ptolemy/actor/lib/test/auto/OrderedRecordDisassembler.xml (RunModel)" time="0.017" />
  <testcase classname="ptolemy.util.test.junit.AutoTests" name="[249] /home/travis/build/icyphy/ptII/ptolemy/actor/lib/test/auto/OrderedRecordDisassembler2.xml (RunModel)" time="0.022" />
  <testcase classname="ptolemy.util.test.junit.AutoTests" name="[250] /home/travis/build/icyphy/ptII/ptolemy/actor/lib/test/auto/OrderedRecordUpdater.xml (RunModel)" time="0.022" />
  <testcase classname="ptolemy.util.test.junit.AutoTests" name="[251] /home/travis/build/icyphy/ptII/ptolemy/actor/lib/test/auto/OrderedRecordUpdater2.xml (RunModel)" time="0.015" />
  <testcase classname="ptolemy.util.test.junit.AutoTests" name="[252] /home/travis/build/icyphy/ptII/ptolemy/actor/lib/test/auto/PhaseUnwrap.xml (RunModel)" time="0.012" />
  <testcase classname="ptolemy.util.test.junit.AutoTests" name="[253] /home/travis/build/icyphy/ptII/ptolemy/actor/lib/test/auto/PoissonClock.xml (RunModel)" time="0.011" />
  <testcase classname="ptolemy.util.test.junit.AutoTests" name="[254] /home/travis/build/icyphy/ptII/ptolemy/actor/lib/test/auto/PoissonClock2.xml (RunModel)" time="0.009" />
  <testcase classname="ptolemy.util.test.junit.AutoTests" name="[255] /home/travis/build/icyphy/ptII/ptolemy/actor/lib/test/auto/PoissonClock3.xml (RunModel)" time="0.014" />
  <testcase classname="ptolemy.util.test.junit.AutoTests" name="[256] /home/travis/build/icyphy/ptII/ptolemy/actor/lib/test/auto/PubSubWithInitialTokens.xml (RunModel)" time="0.014" />
  <testcase classname="ptolemy.util.test.junit.AutoTests" name="[257] /home/travis/build/icyphy/ptII/ptolemy/actor/lib/test/auto/PubSubWithInitialTokens2.xml (RunModel)" time="0.013" />
  <testcase classname="ptolemy.util.test.junit.AutoTests" name="[258] /home/travis/build/icyphy/ptII/ptolemy/actor/lib/test/auto/PublisherClassNoParameter.xml (RunModel)" time="0.027" />
  <testcase classname="ptolemy.util.test.junit.AutoTests" name="[259] /home/travis/build/icyphy/ptII/ptolemy/actor/lib/test/auto/PublisherClassParameter.xml (RunModel)" time="0.024" />
  <testcase classname="ptolemy.util.test.junit.AutoTests" name="[260] /home/travis/build/icyphy/ptII/ptolemy/actor/lib/test/auto/PublisherNonStrictTest.xml (RunModel)" time="0.017" />
  <testcase classname="ptolemy.util.test.junit.AutoTests" name="[261] /home/travis/build/icyphy/ptII/ptolemy/actor/lib/test/auto/PublisherPort1.xml (RunModel)" time="0.012" />
  <testcase classname="ptolemy.util.test.junit.AutoTests" name="[262] /home/travis/build/icyphy/ptII/ptolemy/actor/lib/test/auto/PublisherPort2.xml (RunModel)" time="0.009" />
  <testcase classname="ptolemy.util.test.junit.AutoTests" name="[263] /home/travis/build/icyphy/ptII/ptolemy/actor/lib/test/auto/PublisherPort3.xml (RunModel)" time="0.025" />
  <testcase classname="ptolemy.util.test.junit.AutoTests" name="[264] /home/travis/build/icyphy/ptII/ptolemy/actor/lib/test/auto/PublisherPort4.xml (RunModel)" time="0.024" />
  <testcase classname="ptolemy.util.test.junit.AutoTests" name="[265] /home/travis/build/icyphy/ptII/ptolemy/actor/lib/test/auto/PublisherPort5.xml (RunModel)" time="0.017" />
  <testcase classname="ptolemy.util.test.junit.AutoTests" name="[266] /home/travis/build/icyphy/ptII/ptolemy/actor/lib/test/auto/PublisherPort5LookAlike.xml (RunModel)" time="0.02" />
  <testcase classname="ptolemy.util.test.junit.AutoTests" name="[267] /home/travis/build/icyphy/ptII/ptolemy/actor/lib/test/auto/PublisherPort6.xml (RunModel)" time="0.014" />
  <testcase classname="ptolemy.util.test.junit.AutoTests" name="[268] /home/travis/build/icyphy/ptII/ptolemy/actor/lib/test/auto/PublisherPort7.xml (RunModel)" time="0.016" />
  <testcase classname="ptolemy.util.test.junit.AutoTests" name="[269] /home/travis/build/icyphy/ptII/ptolemy/actor/lib/test/auto/PublisherPort8.xml (RunModel)" time="0.016" />
  <testcase classname="ptolemy.util.test.junit.AutoTests" name="[270] /home/travis/build/icyphy/ptII/ptolemy/actor/lib/test/auto/PublisherPortSubscriberChannelVariablesAOC2.xml (RunModel)" time="0.036" />
  <testcase classname="ptolemy.util.test.junit.AutoTests" name="[271] /home/travis/build/icyphy/ptII/ptolemy/actor/lib/test/auto/PublisherPortSubscriberOpaqueWidthInference.xml (RunModel)" time="0.018" />
  <testcase classname="ptolemy.util.test.junit.AutoTests" name="[272] /home/travis/build/icyphy/ptII/ptolemy/actor/lib/test/auto/PublisherPortSubscriberPortAdjacent.xml (RunModel)" time="0.02" />
  <testcase classname="ptolemy.util.test.junit.AutoTests" name="[273] /home/travis/build/icyphy/ptII/ptolemy/actor/lib/test/auto/PublisherPortSubscriberPortExpression.xml (RunModel)" time="0.018" />
  <testcase classname="ptolemy.util.test.junit.AutoTests" name="[274] /home/travis/build/icyphy/ptII/ptolemy/actor/lib/test/auto/PublisherPortSubscriberPortOpaqueD3Reverse.xml (RunModel)" time="0.021" />
  <testcase classname="ptolemy.util.test.junit.AutoTests" name="[275] /home/travis/build/icyphy/ptII/ptolemy/actor/lib/test/auto/PublisherPortSubscriberPortOpaqueWidthInference.xml (RunModel)" time="0.038" />
  <testcase classname="ptolemy.util.test.junit.AutoTests" name="[276] /home/travis/build/icyphy/ptII/ptolemy/actor/lib/test/auto/PublisherPortToplevelSubscriberPortAOC.xml (RunModel)" time="0.011" />
  <testcase classname="ptolemy.util.test.junit.AutoTests" name="[277] /home/travis/build/icyphy/ptII/ptolemy/actor/lib/test/auto/PublisherSubscriber.xml (RunModel)" time="0.013" />
  <testcase classname="ptolemy.util.test.junit.AutoTests" name="[278] /home/travis/build/icyphy/ptII/ptolemy/actor/lib/test/auto/PublisherSubscriber10.xml (RunModel)" time="0.03" />
  <testcase classname="ptolemy.util.test.junit.AutoTests" name="[279] /home/travis/build/icyphy/ptII/ptolemy/actor/lib/test/auto/PublisherSubscriber10InitialOutputs.xml (RunModel)" time="0.038" />
  <testcase classname="ptolemy.util.test.junit.AutoTests" name="[280] /home/travis/build/icyphy/ptII/ptolemy/actor/lib/test/auto/PublisherSubscriber11.xml (RunModel)" time="0.022" />
  <testcase classname="ptolemy.util.test.junit.AutoTests" name="[281] /home/travis/build/icyphy/ptII/ptolemy/actor/lib/test/auto/PublisherSubscriber12.xml (RunModel)" time="0.016" />
  <testcase classname="ptolemy.util.test.junit.AutoTests" name="[282] /home/travis/build/icyphy/ptII/ptolemy/actor/lib/test/auto/PublisherSubscriber13.xml (RunModel)" time="0.012" />
  <testcase classname="ptolemy.util.test.junit.AutoTests" name="[283] /home/travis/build/icyphy/ptII/ptolemy/actor/lib/test/auto/PublisherSubscriber14.xml (RunModel)" time="0.02" />
  <testcase classname="ptolemy.util.test.junit.AutoTests" name="[284] /home/travis/build/icyphy/ptII/ptolemy/actor/lib/test/auto/PublisherSubscriber2.xml (RunModel)" time="0.01" />
  <testcase classname="ptolemy.util.test.junit.AutoTests" name="[285] /home/travis/build/icyphy/ptII/ptolemy/actor/lib/test/auto/PublisherSubscriber3.xml (RunModel)" time="0.01" />
  <testcase classname="ptolemy.util.test.junit.AutoTests" name="[286] /home/travis/build/icyphy/ptII/ptolemy/actor/lib/test/auto/PublisherSubscriber4.xml (RunModel)" time="0.009" />
  <testcase classname="ptolemy.util.test.junit.AutoTests" name="[287] /home/travis/build/icyphy/ptII/ptolemy/actor/lib/test/auto/PublisherSubscriber5.xml (RunModel)" time="0.013" />
  <testcase classname="ptolemy.util.test.junit.AutoTests" name="[288] /home/travis/build/icyphy/ptII/ptolemy/actor/lib/test/auto/PublisherSubscriber6.xml (RunModel)" time="0.012" />
  <testcase classname="ptolemy.util.test.junit.AutoTests" name="[289] /home/travis/build/icyphy/ptII/ptolemy/actor/lib/test/auto/PublisherSubscriber7.xml (RunModel)" time="0.021" />
  <testcase classname="ptolemy.util.test.junit.AutoTests" name="[290] /home/travis/build/icyphy/ptII/ptolemy/actor/lib/test/auto/PublisherSubscriber8.xml (RunModel)" time="0.035" />
  <testcase classname="ptolemy.util.test.junit.AutoTests" name="[291] /home/travis/build/icyphy/ptII/ptolemy/actor/lib/test/auto/PublisherSubscriber9.xml (RunModel)" time="0.017" />
  <testcase classname="ptolemy.util.test.junit.AutoTests" name="[292] /home/travis/build/icyphy/ptII/ptolemy/actor/lib/test/auto/PublisherSubscriberAdjacent.xml (RunModel)" time="0.021" />
  <testcase classname="ptolemy.util.test.junit.AutoTests" name="[293] /home/travis/build/icyphy/ptII/ptolemy/actor/lib/test/auto/PublisherSubscriberChannelVariablesAOC2.xml (RunModel)" time="0.029" />
  <testcase classname="ptolemy.util.test.junit.AutoTests" name="[294] /home/travis/build/icyphy/ptII/ptolemy/actor/lib/test/auto/PublisherSubscriberD3.xml (RunModel)" time="0.018" />
  <testcase classname="ptolemy.util.test.junit.AutoTests" name="[295] /home/travis/build/icyphy/ptII/ptolemy/actor/lib/test/auto/PublisherSubscriberD3Reverse.xml (RunModel)" time="0.013" />
  <testcase classname="ptolemy.util.test.junit.AutoTests" name="[296] /home/travis/build/icyphy/ptII/ptolemy/actor/lib/test/auto/PublisherSubscriberExpression.xml (RunModel)" time="0.021" />
  <testcase classname="ptolemy.util.test.junit.AutoTests" name="[297] /home/travis/build/icyphy/ptII/ptolemy/actor/lib/test/auto/PublisherSubscriberOpaque.xml (RunModel)" time="0.019" />
  <testcase classname="ptolemy.util.test.junit.AutoTests" name="[298] /home/travis/build/icyphy/ptII/ptolemy/actor/lib/test/auto/PublisherSubscriberOpaqueD3.xml (RunModel)" time="0.025" />
  <testcase classname="ptolemy.util.test.junit.AutoTests" name="[299] /home/travis/build/icyphy/ptII/ptolemy/actor/lib/test/auto/PublisherSubscriberOpaqueD3Reverse.xml (RunModel)" time="0.022" />
  <testcase classname="ptolemy.util.test.junit.AutoTests" name="[300] /home/travis/build/icyphy/ptII/ptolemy/actor/lib/test/auto/PublisherSubscriberOpaqueWidthInference.xml (RunModel)" time="0.022" />
  <testcase classname="ptolemy.util.test.junit.AutoTests" name="[301] /home/travis/build/icyphy/ptII/ptolemy/actor/lib/test/auto/PublisherTestSubscriber.xml (RunModel)" time="0.014" />
  <testcase classname="ptolemy.util.test.junit.AutoTests" name="[302] /home/travis/build/icyphy/ptII/ptolemy/actor/lib/test/auto/PublisherToplevelSubscriberPortAOC.xml (RunModel)" time="0.012" />
  <testcase classname="ptolemy.util.test.junit.AutoTests" name="[303] /home/travis/build/icyphy/ptII/ptolemy/actor/lib/test/auto/PulseFiringLimitDE.xml (RunModel)" time="0.015" />
  <testcase classname="ptolemy.util.test.junit.AutoTests" name="[304] /home/travis/build/icyphy/ptII/ptolemy/actor/lib/test/auto/Ramp1.xml (RunModel)" time="0.006" />
  <testcase classname="ptolemy.util.test.junit.AutoTests" name="[305] /home/travis/build/icyphy/ptII/ptolemy/actor/lib/test/auto/RampFiringLimitDE.xml (RunModel)" time="0.011" />
  <testcase classname="ptolemy.util.test.junit.AutoTests" name="[306] /home/travis/build/icyphy/ptII/ptolemy/actor/lib/test/auto/RampFiringLimitSDF.xml (RunModel)" time="0.012" />
  <testcase classname="ptolemy.util.test.junit.AutoTests" name="[307] /home/travis/build/icyphy/ptII/ptolemy/actor/lib/test/auto/RandomInteger.xml (RunModel)" time="0.008" />
  <testcase classname="ptolemy.util.test.junit.AutoTests" name="[308] /home/travis/build/icyphy/ptII/ptolemy/actor/lib/test/auto/ReadFile1.xml (RunModel)" time="0.01" />
  <testcase classname="ptolemy.util.test.junit.AutoTests" name="[309] /home/travis/build/icyphy/ptII/ptolemy/actor/lib/test/auto/ReadFile2.xml (RunModel)" time="0.007" />
  <testcase classname="ptolemy.util.test.junit.AutoTests" name="[310] /home/travis/build/icyphy/ptII/ptolemy/actor/lib/test/auto/Reader.xml (RunModel)" time="0.009" />
  <testcase classname="ptolemy.util.test.junit.AutoTests" name="[311] /home/travis/build/icyphy/ptII/ptolemy/actor/lib/test/auto/RecordAssemblerDisplayNameTest.xml (RunModel)" time="3.442" />
  <testcase classname="ptolemy.util.test.junit.AutoTests" name="[312] /home/travis/build/icyphy/ptII/ptolemy/actor/lib/test/auto/RecordAssemblerTypeError.xml (RunModel)" time="0.045" />
  <testcase classname="ptolemy.util.test.junit.AutoTests" name="[313] /home/travis/build/icyphy/ptII/ptolemy/actor/lib/test/auto/RecordDisassember.xml (RunModel)" time="0.011" />
  <testcase classname="ptolemy.util.test.junit.AutoTests" name="[314] /home/travis/build/icyphy/ptII/ptolemy/actor/lib/test/auto/RecordDisassemberDisplayNameTest.xml (RunModel)" time="0.019" />
  <testcase classname="ptolemy.util.test.junit.AutoTests" name="[315] /home/travis/build/icyphy/ptII/ptolemy/actor/lib/test/auto/RecordDisassembler.xml (RunModel)" time="0.01" />
  <testcase classname="ptolemy.util.test.junit.AutoTests" name="[316] /home/travis/build/icyphy/ptII/ptolemy/actor/lib/test/auto/RecordDisassembler2.xml (RunModel)" time="0.011" />
  <testcase classname="ptolemy.util.test.junit.AutoTests" name="[317] /home/travis/build/icyphy/ptII/ptolemy/actor/lib/test/auto/RecordUpdater.xml (RunModel)" time="0.009" />
  <testcase classname="ptolemy.util.test.junit.AutoTests" name="[318] /home/travis/build/icyphy/ptII/ptolemy/actor/lib/test/auto/RecordUpdater2.xml (RunModel)" time="0.009" />
  <testcase classname="ptolemy.util.test.junit.AutoTests" name="[319] /home/travis/build/icyphy/ptII/ptolemy/actor/lib/test/auto/RecursiveLattice.xml (RunModel)" time="0.008" />
  <testcase classname="ptolemy.util.test.junit.AutoTests" name="[320] /home/travis/build/icyphy/ptII/ptolemy/actor/lib/test/auto/Router.xml (RunModel)" time="3.027" />
  <testcase classname="ptolemy.util.test.junit.AutoTests" name="[321] /home/travis/build/icyphy/ptII/ptolemy/actor/lib/test/auto/Router2.xml (RunModel)" time="3.061" />
  <testcase classname="ptolemy.util.test.junit.AutoTests" name="[322] /home/travis/build/icyphy/ptII/ptolemy/actor/lib/test/auto/RunningMaximum.xml (RunModel)" time="0.012" />
  <testcase classname="ptolemy.util.test.junit.AutoTests" name="[323] /home/travis/build/icyphy/ptII/ptolemy/actor/lib/test/auto/RunningMinimum.xml (RunModel)" time="0.014" />
  <testcase classname="ptolemy.util.test.junit.AutoTests" name="[324] /home/travis/build/icyphy/ptII/ptolemy/actor/lib/test/auto/Scale.xml (RunModel)" time="0.008" />
  <testcase classname="ptolemy.util.test.junit.AutoTests" name="[325] /home/travis/build/icyphy/ptII/ptolemy/actor/lib/test/auto/Scale2.xml (RunModel)" time="0.01" />
  <testcase classname="ptolemy.util.test.junit.AutoTests" name="[326] /home/travis/build/icyphy/ptII/ptolemy/actor/lib/test/auto/Scale3.xml (RunModel)" time="0.014" />
  <testcase classname="ptolemy.util.test.junit.AutoTests" name="[327] /home/travis/build/icyphy/ptII/ptolemy/actor/lib/test/auto/ScaleArray.xml (RunModel)" time="0.008" />
  <testcase classname="ptolemy.util.test.junit.AutoTests" name="[328] /home/travis/build/icyphy/ptII/ptolemy/actor/lib/test/auto/ScaleArray2.xml (RunModel)" time="0.009" />
  <testcase classname="ptolemy.util.test.junit.AutoTests" name="[329] /home/travis/build/icyphy/ptII/ptolemy/actor/lib/test/auto/ScaleMatrix.xml (RunModel)" time="0.141" />
  <testcase classname="ptolemy.util.test.junit.AutoTests" name="[330] /home/travis/build/icyphy/ptII/ptolemy/actor/lib/test/auto/Select.xml (RunModel)" time="0.02" />
  <testcase classname="ptolemy.util.test.junit.AutoTests" name="[331] /home/travis/build/icyphy/ptII/ptolemy/actor/lib/test/auto/Select2.xml (RunModel)" time="0.009" />
  <testcase classname="ptolemy.util.test.junit.AutoTests" name="[332] /home/travis/build/icyphy/ptII/ptolemy/actor/lib/test/auto/SequenceToArray2.xml (RunModel)" time="0.121" />
  <testcase classname="ptolemy.util.test.junit.AutoTests" name="[333] /home/travis/build/icyphy/ptII/ptolemy/actor/lib/test/auto/SequentialClock.xml (RunModel)" time="0.01" />
  <testcase classname="ptolemy.util.test.junit.AutoTests" name="[334] /home/travis/build/icyphy/ptII/ptolemy/actor/lib/test/auto/SetVariable.xml (RunModel)" time="0.011" />
  <testcase classname="ptolemy.util.test.junit.AutoTests" name="[335] /home/travis/build/icyphy/ptII/ptolemy/actor/lib/test/auto/SetVariable2.xml (RunModel)" time="0.014" />
  <testcase classname="ptolemy.util.test.junit.AutoTests" name="[336] /home/travis/build/icyphy/ptII/ptolemy/actor/lib/test/auto/SetVariable3.xml (RunModel)" time="0.02" />
  <testcase classname="ptolemy.util.test.junit.AutoTests" name="[337] /home/travis/build/icyphy/ptII/ptolemy/actor/lib/test/auto/SetVariable4.xml (RunModel)" time="0.029" />
  <testcase classname="ptolemy.util.test.junit.AutoTests" name="[338] /home/travis/build/icyphy/ptII/ptolemy/actor/lib/test/auto/SetVariable5.xml (RunModel)" time="0.041" />
  <testcase classname="ptolemy.util.test.junit.AutoTests" name="[339] /home/travis/build/icyphy/ptII/ptolemy/actor/lib/test/auto/Sinewave.xml (RunModel)" time="0.026" />
  <testcase classname="ptolemy.util.test.junit.AutoTests" name="[340] /home/travis/build/icyphy/ptII/ptolemy/actor/lib/test/auto/Sinewave2.xml (RunModel)" time="0.016" />
  <testcase classname="ptolemy.util.test.junit.AutoTests" name="[341] /home/travis/build/icyphy/ptII/ptolemy/actor/lib/test/auto/Sinewave3.xml (RunModel)" time="0.024" />
  <testcase classname="ptolemy.util.test.junit.AutoTests" name="[342] /home/travis/build/icyphy/ptII/ptolemy/actor/lib/test/auto/SingleEvent.xml (RunModel)" time="0.012" />
  <testcase classname="ptolemy.util.test.junit.AutoTests" name="[343] /home/travis/build/icyphy/ptII/ptolemy/actor/lib/test/auto/Sleep.xml (RunModel)" time="6.026" />
  <testcase classname="ptolemy.util.test.junit.AutoTests" name="[344] /home/travis/build/icyphy/ptII/ptolemy/actor/lib/test/auto/SleepMultipleFire.xml (RunModel)" time="1.024" />
  <testcase classname="ptolemy.util.test.junit.AutoTests" name="[345] /home/travis/build/icyphy/ptII/ptolemy/actor/lib/test/auto/StopDE.xml (RunModel)" time="0.015" />
  <testcase classname="ptolemy.util.test.junit.AutoTests" name="[346] /home/travis/build/icyphy/ptII/ptolemy/actor/lib/test/auto/StopSDF.xml (RunModel)" time="0.017" />
  <testcase classname="ptolemy.util.test.junit.AutoTests" name="[347] /home/travis/build/icyphy/ptII/ptolemy/actor/lib/test/auto/StringConstant.xml (RunModel)" time="0.009" />
  <testcase classname="ptolemy.util.test.junit.AutoTests" name="[348] /home/travis/build/icyphy/ptII/ptolemy/actor/lib/test/auto/SubscriberPortInitialValues1.xml (RunModel)" time="0.018" />
  <testcase classname="ptolemy.util.test.junit.AutoTests" name="[349] /home/travis/build/icyphy/ptII/ptolemy/actor/lib/test/auto/SubscriberPortInitialValues13.xml (RunModel)" time="0.025" />
  <testcase classname="ptolemy.util.test.junit.AutoTests" name="[350] /home/travis/build/icyphy/ptII/ptolemy/actor/lib/test/auto/SubscriberPortInitialValues14.xml (RunModel)" time="0.015" />
  <testcase classname="ptolemy.util.test.junit.AutoTests" name="[351] /home/travis/build/icyphy/ptII/ptolemy/actor/lib/test/auto/SubscriberPortInitialValues2.xml (RunModel)" time="0.016" />
  <testcase classname="ptolemy.util.test.junit.AutoTests" name="[352] /home/travis/build/icyphy/ptII/ptolemy/actor/lib/test/auto/SubscriberPortInitialValues3.xml (RunModel)" time="0.019" />
  <testcase classname="ptolemy.util.test.junit.AutoTests" name="[353] /home/travis/build/icyphy/ptII/ptolemy/actor/lib/test/auto/SubscriptionAggregator.xml (RunModel)" time="0.012" />
  <testcase classname="ptolemy.util.test.junit.AutoTests" name="[354] /home/travis/build/icyphy/ptII/ptolemy/actor/lib/test/auto/SubscriptionAggregator2.xml (RunModel)" time="0.011" />
  <testcase classname="ptolemy.util.test.junit.AutoTests" name="[355] /home/travis/build/icyphy/ptII/ptolemy/actor/lib/test/auto/SubscriptionAggregator3.xml (RunModel)" time="0.017" />
  <testcase classname="ptolemy.util.test.junit.AutoTests" name="[356] /home/travis/build/icyphy/ptII/ptolemy/actor/lib/test/auto/SubscriptionAggregatorMultiply.xml (RunModel)" time="0.015" />
  <testcase classname="ptolemy.util.test.junit.AutoTests" name="[357] /home/travis/build/icyphy/ptII/ptolemy/actor/lib/test/auto/SubscriptionAggregatorPortMultiply1.xml (RunModel)" time="0.014" />
  <testcase classname="ptolemy.util.test.junit.AutoTests" name="[358] /home/travis/build/icyphy/ptII/ptolemy/actor/lib/test/auto/Switch.xml (RunModel)" time="0.013" />
  <testcase classname="ptolemy.util.test.junit.AutoTests" name="[359] /home/travis/build/icyphy/ptII/ptolemy/actor/lib/test/auto/Switch2.xml (RunModel)" time="0.011" />
  <testcase classname="ptolemy.util.test.junit.AutoTests" name="[360] /home/travis/build/icyphy/ptII/ptolemy/actor/lib/test/auto/SwitchDE.xml (RunModel)" time="0.014" />
  <testcase classname="ptolemy.util.test.junit.AutoTests" name="[361] /home/travis/build/icyphy/ptII/ptolemy/actor/lib/test/auto/SynchronizerDE.xml (RunModel)" time="0.021" />
  <testcase classname="ptolemy.util.test.junit.AutoTests" name="[362] /home/travis/build/icyphy/ptII/ptolemy/actor/lib/test/auto/Test.xml (RunModel)" time="0.009" />
  <testcase classname="ptolemy.util.test.junit.AutoTests" name="[363] /home/travis/build/icyphy/ptII/ptolemy/actor/lib/test/auto/TestExceptionAttribute1.xml (RunModel)" time="0.005" />
  <testcase classname="ptolemy.util.test.junit.AutoTests" name="[364] /home/travis/build/icyphy/ptII/ptolemy/actor/lib/test/auto/TestExceptionAttribute2.xml (RunModel)" time="0.006" />
  <testcase classname="ptolemy.util.test.junit.AutoTests" name="[365] /home/travis/build/icyphy/ptII/ptolemy/actor/lib/test/auto/TestExceptionAttribute3.xml (RunModel)" time="0.006" />
  <testcase classname="ptolemy.util.test.junit.AutoTests" name="[366] /home/travis/build/icyphy/ptII/ptolemy/actor/lib/test/auto/TestExceptionAttribute4.xml (RunModel)" time="0.006" />
  <testcase classname="ptolemy.util.test.junit.AutoTests" name="[367] /home/travis/build/icyphy/ptII/ptolemy/actor/lib/test/auto/TestExceptionHandler1.xml (RunModel)" time="0.006" />
  <testcase classname="ptolemy.util.test.junit.AutoTests" name="[368] /home/travis/build/icyphy/ptII/ptolemy/actor/lib/test/auto/TestExceptionHandler2.xml (RunModel)" time="0.006" />
  <testcase classname="ptolemy.util.test.junit.AutoTests" name="[369] /home/travis/build/icyphy/ptII/ptolemy/actor/lib/test/auto/TestExceptionHandler3.xml (RunModel)" time="0.005" />
  <testcase classname="ptolemy.util.test.junit.AutoTests" name="[370] /home/travis/build/icyphy/ptII/ptolemy/actor/lib/test/auto/TestExceptionHandler4.xml (RunModel)" time="0.007" />
  <testcase classname="ptolemy.util.test.junit.AutoTests" name="[371] /home/travis/build/icyphy/ptII/ptolemy/actor/lib/test/auto/TestRequireCorrectOrder.xml (RunModel)" time="0.01" />
  <testcase classname="ptolemy.util.test.junit.AutoTests" name="[372] /home/travis/build/icyphy/ptII/ptolemy/actor/lib/test/auto/TestSimple.xml (RunModel)" time="0.006" />
  <testcase classname="ptolemy.util.test.junit.AutoTests" name="[373] /home/travis/build/icyphy/ptII/ptolemy/actor/lib/test/auto/ThrowModelError.xml (RunModel)" time="0.011" />
  <testcase classname="ptolemy.util.test.junit.AutoTests" name="[374] /home/travis/build/icyphy/ptII/ptolemy/actor/lib/test/auto/TimeDelayMicrosteps.xml (RunModel)" time="0.014" />
  <testcase classname="ptolemy.util.test.junit.AutoTests" name="[375] /home/travis/build/icyphy/ptII/ptolemy/actor/lib/test/auto/TimeDelayMicrosteps2.xml (RunModel)" time="0.015" />
  <testcase classname="ptolemy.util.test.junit.AutoTests" name="[376] /home/travis/build/icyphy/ptII/ptolemy/actor/lib/test/auto/TimeDelayMicrosteps3.xml (RunModel)" time="0.013" />
  <testcase classname="ptolemy.util.test.junit.AutoTests" name="[377] /home/travis/build/icyphy/ptII/ptolemy/actor/lib/test/auto/TimeDelayVariableMicrosteps.xml (RunModel)" time="0.012" />
  <testcase classname="ptolemy.util.test.junit.AutoTests" name="[378] /home/travis/build/icyphy/ptII/ptolemy/actor/lib/test/auto/TimeGap.xml (RunModel)" time="0.012" />
  <testcase classname="ptolemy.util.test.junit.AutoTests" name="[379] /home/travis/build/icyphy/ptII/ptolemy/actor/lib/test/auto/TimeGap2.xml (RunModel)" time="0.011" />
  <testcase classname="ptolemy.util.test.junit.AutoTests" name="[380] /home/travis/build/icyphy/ptII/ptolemy/actor/lib/test/auto/TimedSinewave.xml (RunModel)" time="0.043" />
  <testcase classname="ptolemy.util.test.junit.AutoTests" name="[381] /home/travis/build/icyphy/ptII/ptolemy/actor/lib/test/auto/TimedSinewavePhase.xml (RunModel)" time="0.025" />
  <testcase classname="ptolemy.util.test.junit.AutoTests" name="[382] /home/travis/build/icyphy/ptII/ptolemy/actor/lib/test/auto/Timer.xml (RunModel)" time="0.012" />
  <testcase classname="ptolemy.util.test.junit.AutoTests" name="[383] /home/travis/build/icyphy/ptII/ptolemy/actor/lib/test/auto/TriangularDistTestModel.xml (RunModel)" time="0.015" />
  <testcase classname="ptolemy.util.test.junit.AutoTests" name="[384] /home/travis/build/icyphy/ptII/ptolemy/actor/lib/test/auto/TrigFunction.xml (RunModel)" time="0.009" />
  <testcase classname="ptolemy.util.test.junit.AutoTests" name="[385] /home/travis/build/icyphy/ptII/ptolemy/actor/lib/test/auto/TrigFunctionDE.xml (RunModel)" time="0.012" />
  <testcase classname="ptolemy.util.test.junit.AutoTests" name="[386] /home/travis/build/icyphy/ptII/ptolemy/actor/lib/test/auto/TrigFunctionInverse.xml (RunModel)" time="0.011" />
  <testcase classname="ptolemy.util.test.junit.AutoTests" name="[387] /home/travis/build/icyphy/ptII/ptolemy/actor/lib/test/auto/TrigFunctionTan.xml (RunModel)" time="0.007" />
  <testcase classname="ptolemy.util.test.junit.AutoTests" name="[388] /home/travis/build/icyphy/ptII/ptolemy/actor/lib/test/auto/TriggeredClock.xml (RunModel)" time="0.009" />
  <testcase classname="ptolemy.util.test.junit.AutoTests" name="[389] /home/travis/build/icyphy/ptII/ptolemy/actor/lib/test/auto/URLDirectoryReader.xml (RunModel)" time="0.075" />
  <testcase classname="ptolemy.util.test.junit.AutoTests" name="[390] /home/travis/build/icyphy/ptII/ptolemy/actor/lib/test/auto/URLDirectoryReader3.xml (RunModel)" time="1.332" />
  <testcase classname="ptolemy.util.test.junit.AutoTests" name="[391] /home/travis/build/icyphy/ptII/ptolemy/actor/lib/test/auto/UnaryMathFunction.xml (RunModel)" time="0.03" />
  <testcase classname="ptolemy.util.test.junit.AutoTests" name="[392] /home/travis/build/icyphy/ptII/ptolemy/actor/lib/test/auto/Uniform.xml (RunModel)" time="0.038" />
  <testcase classname="ptolemy.util.test.junit.AutoTests" name="[393] /home/travis/build/icyphy/ptII/ptolemy/actor/lib/test/auto/UnionDisassemblerTest.xml (RunModel)" time="0.025" />
  <testcase classname="ptolemy.util.test.junit.AutoTests" name="[394] /home/travis/build/icyphy/ptII/ptolemy/actor/lib/test/auto/UtilityFunctions.xml (RunModel)" time="0.03" />
  <testcase classname="ptolemy.util.test.junit.AutoTests" name="[395] /home/travis/build/icyphy/ptII/ptolemy/actor/lib/test/auto/VariableSleep.xml (RunModel)" time="0.537" />
  <testcase classname="ptolemy.util.test.junit.AutoTests" name="[396] /home/travis/build/icyphy/ptII/ptolemy/actor/lib/test/auto/VectorAssemblerDisassemblerCT.xml (RunModel)" time="0.127" />
  <testcase classname="ptolemy.util.test.junit.AutoTests" name="[397] /home/travis/build/icyphy/ptII/ptolemy/actor/lib/test/auto/VectorAssemblerDisassemblerDE.xml (RunModel)" time="0.014" />
  <testcase classname="ptolemy.util.test.junit.AutoTests" name="[398] /home/travis/build/icyphy/ptII/ptolemy/actor/lib/test/auto/VectorAssemblerDisassemblerSDF.xml (RunModel)" time="0.017" />
  <testcase classname="ptolemy.util.test.junit.AutoTests" name="[399] /home/travis/build/icyphy/ptII/ptolemy/actor/lib/test/auto/WallClockTime.xml (RunModel)" time="1.015" />
  <testcase classname="ptolemy.util.test.junit.AutoTests" name="[400] /home/travis/build/icyphy/ptII/ptolemy/actor/lib/test/auto/WidthTestWithSubscriberPublisher.xml (RunModel)" time="0.046" />
  <testcase classname="ptolemy.util.test.junit.AutoTests" name="[401] /home/travis/build/icyphy/ptII/ptolemy/actor/lib/test/auto/WidthTestWithSubscriberPublisher2.xml (RunModel)" time="0.016" />
  <testcase classname="ptolemy.util.test.junit.AutoTests" name="[402] /home/travis/build/icyphy/ptII/ptolemy/actor/lib/test/auto/WidthTestWithSubscriberPublisher3.xml (RunModel)" time="0.03" />
  <testcase classname="ptolemy.util.test.junit.AutoTests" name="[403] /home/travis/build/icyphy/ptII/ptolemy/actor/lib/test/auto/Writer.xml (RunModel)" time="0.007" />
  <testcase classname="ptolemy.util.test.junit.AutoTests" name="[404] /home/travis/build/icyphy/ptII/ptolemy/actor/lib/test/auto/array.xml (RunModel)" time="0.009" />
  <testcase classname="ptolemy.util.test.junit.AutoTests" name="[405] /home/travis/build/icyphy/ptII/ptolemy/actor/lib/test/auto/array2.xml (RunModel)" time="0.013" />
  <testcase classname="ptolemy.util.test.junit.AutoTests" name="[406] /home/travis/build/icyphy/ptII/ptolemy/actor/lib/test/auto/arrayType.xml (RunModel)" time="0.011" />
  <testcase classname="ptolemy.util.test.junit.AutoTests" name="[407] /home/travis/build/icyphy/ptII/ptolemy/actor/lib/test/auto/arrayType10.xml (RunModel)" time="0.01" />
  <testcase classname="ptolemy.util.test.junit.AutoTests" name="[408] /home/travis/build/icyphy/ptII/ptolemy/actor/lib/test/auto/arrayType11.xml (RunModel)" time="0.009" />
  <testcase classname="ptolemy.util.test.junit.AutoTests" name="[409] /home/travis/build/icyphy/ptII/ptolemy/actor/lib/test/auto/arrayType12.xml (RunModel)" time="0.011" />
  <testcase classname="ptolemy.util.test.junit.AutoTests" name="[410] /home/travis/build/icyphy/ptII/ptolemy/actor/lib/test/auto/arrayType13.xml (RunModel)" time="0.01" />
  <testcase classname="ptolemy.util.test.junit.AutoTests" name="[411] /home/travis/build/icyphy/ptII/ptolemy/actor/lib/test/auto/arrayType14.xml (RunModel)" time="0.01" />
  <testcase classname="ptolemy.util.test.junit.AutoTests" name="[412] /home/travis/build/icyphy/ptII/ptolemy/actor/lib/test/auto/arrayType15.xml (RunModel)" time="0.01" />
  <testcase classname="ptolemy.util.test.junit.AutoTests" name="[413] /home/travis/build/icyphy/ptII/ptolemy/actor/lib/test/auto/arrayType16.xml (RunModel)" time="0.01" />
  <testcase classname="ptolemy.util.test.junit.AutoTests" name="[414] /home/travis/build/icyphy/ptII/ptolemy/actor/lib/test/auto/arrayType17.xml (RunModel)" time="0.01" />
  <testcase classname="ptolemy.util.test.junit.AutoTests" name="[415] /home/travis/build/icyphy/ptII/ptolemy/actor/lib/test/auto/arrayType18.xml (RunModel)" time="0.008" />
  <testcase classname="ptolemy.util.test.junit.AutoTests" name="[416] /home/travis/build/icyphy/ptII/ptolemy/actor/lib/test/auto/arrayType19.xml (RunModel)" time="0.01" />
  <testcase classname="ptolemy.util.test.junit.AutoTests" name="[417] /home/travis/build/icyphy/ptII/ptolemy/actor/lib/test/auto/arrayType2.xml (RunModel)" time="0.011" />
  <testcase classname="ptolemy.util.test.junit.AutoTests" name="[418] /home/travis/build/icyphy/ptII/ptolemy/actor/lib/test/auto/arrayType20.xml (RunModel)" time="0.011" />
  <testcase classname="ptolemy.util.test.junit.AutoTests" name="[419] /home/travis/build/icyphy/ptII/ptolemy/actor/lib/test/auto/arrayType21.xml (RunModel)" time="0.01" />
  <testcase classname="ptolemy.util.test.junit.AutoTests" name="[420] /home/travis/build/icyphy/ptII/ptolemy/actor/lib/test/auto/arrayType22.xml (RunModel)" time="0.011" />
  <testcase classname="ptolemy.util.test.junit.AutoTests" name="[421] /home/travis/build/icyphy/ptII/ptolemy/actor/lib/test/auto/arrayType23.xml (RunModel)" time="0.011" />
  <testcase classname="ptolemy.util.test.junit.AutoTests" name="[422] /home/travis/build/icyphy/ptII/ptolemy/actor/lib/test/auto/arrayType24.xml (RunModel)" time="0.011" />
  <testcase classname="ptolemy.util.test.junit.AutoTests" name="[423] /home/travis/build/icyphy/ptII/ptolemy/actor/lib/test/auto/arrayType25.xml (RunModel)" time="0.01" />
  <testcase classname="ptolemy.util.test.junit.AutoTests" name="[424] /home/travis/build/icyphy/ptII/ptolemy/actor/lib/test/auto/arrayType26.xml (RunModel)" time="0.011" />
  <testcase classname="ptolemy.util.test.junit.AutoTests" name="[425] /home/travis/build/icyphy/ptII/ptolemy/actor/lib/test/auto/arrayType27.xml (RunModel)" time="0.037" />
  <testcase classname="ptolemy.util.test.junit.AutoTests" name="[426] /home/travis/build/icyphy/ptII/ptolemy/actor/lib/test/auto/arrayType28.xml (RunModel)" time="0.01" />
  <testcase classname="ptolemy.util.test.junit.AutoTests" name="[427] /home/travis/build/icyphy/ptII/ptolemy/actor/lib/test/auto/arrayType3.xml (RunModel)" time="0.01" />
  <testcase classname="ptolemy.util.test.junit.AutoTests" name="[428] /home/travis/build/icyphy/ptII/ptolemy/actor/lib/test/auto/arrayType4.xml (RunModel)" time="0.01" />
  <testcase classname="ptolemy.util.test.junit.AutoTests" name="[429] /home/travis/build/icyphy/ptII/ptolemy/actor/lib/test/auto/arrayType5.xml (RunModel)" time="0.009" />
  <testcase classname="ptolemy.util.test.junit.AutoTests" name="[430] /home/travis/build/icyphy/ptII/ptolemy/actor/lib/test/auto/arrayType6.xml (RunModel)" time="0.009" />
  <testcase classname="ptolemy.util.test.junit.AutoTests" name="[431] /home/travis/build/icyphy/ptII/ptolemy/actor/lib/test/auto/arrayType7.xml (RunModel)" time="0.009" />
  <testcase classname="ptolemy.util.test.junit.AutoTests" name="[432] /home/travis/build/icyphy/ptII/ptolemy/actor/lib/test/auto/arrayType8.xml (RunModel)" time="0.009" />
  <testcase classname="ptolemy.util.test.junit.AutoTests" name="[433] /home/travis/build/icyphy/ptII/ptolemy/actor/lib/test/auto/arrayType9.xml (RunModel)" time="0.009" />
  <testcase classname="ptolemy.util.test.junit.AutoTests" name="[434] /home/travis/build/icyphy/ptII/ptolemy/actor/lib/test/auto/cast.xml (RunModel)" time="0.01" />
  <testcase classname="ptolemy.util.test.junit.AutoTests" name="[435] /home/travis/build/icyphy/ptII/ptolemy/actor/lib/test/auto/compositeMultiPort.xml (RunModel)" time="0.018" />
  <testcase classname="ptolemy.util.test.junit.AutoTests" name="[436] /home/travis/build/icyphy/ptII/ptolemy/actor/lib/test/auto/expressionCastInference.xml (RunModel)" time="0.008" />
  <testcase classname="ptolemy.util.test.junit.AutoTests" name="[437] /home/travis/build/icyphy/ptII/ptolemy/actor/lib/test/auto/expressionCastInference2.xml (RunModel)" time="0.008" />
  <testcase classname="ptolemy.util.test.junit.AutoTests" name="[438] /home/travis/build/icyphy/ptII/ptolemy/actor/lib/test/auto/expressionInference.xml (RunModel)" time="0.008" />
  <testcase classname="ptolemy.util.test.junit.AutoTests" name="[439] /home/travis/build/icyphy/ptII/ptolemy/actor/lib/test/auto/expression_bug.xml (RunModel)" time="0.008" />
  <testcase classname="ptolemy.util.test.junit.AutoTests" name="[440] /home/travis/build/icyphy/ptII/ptolemy/actor/lib/test/auto/factorial.xml (RunModel)" time="0.046" />
  <testcase classname="ptolemy.util.test.junit.AutoTests" name="[441] /home/travis/build/icyphy/ptII/ptolemy/actor/lib/test/auto/filterTest1.xml (RunModel)" time="0.014" />
  <testcase classname="ptolemy.util.test.junit.AutoTests" name="[442] /home/travis/build/icyphy/ptII/ptolemy/actor/lib/test/auto/funcApplyInConst.xml (RunModel)" time="0.007" />
  <testcase classname="ptolemy.util.test.junit.AutoTests" name="[443] /home/travis/build/icyphy/ptII/ptolemy/actor/lib/test/auto/funcApplyInExpr.xml (RunModel)" time="0.006" />
  <testcase classname="ptolemy.util.test.junit.AutoTests" name="[444] /home/travis/build/icyphy/ptII/ptolemy/actor/lib/test/auto/function.xml (RunModel)" time="0.009" />
  <testcase classname="ptolemy.util.test.junit.AutoTests" name="[445] /home/travis/build/icyphy/ptII/ptolemy/actor/lib/test/auto/function2.xml (RunModel)" time="0.009" />
  <testcase classname="ptolemy.util.test.junit.AutoTests" name="[446] /home/travis/build/icyphy/ptII/ptolemy/actor/lib/test/auto/function3.xml (RunModel)" time="0.008" />
  <testcase classname="ptolemy.util.test.junit.AutoTests" name="[447] /home/travis/build/icyphy/ptII/ptolemy/actor/lib/test/auto/functionClosureTest1.xml (RunModel)" time="0.011" />
  <testcase classname="ptolemy.util.test.junit.AutoTests" name="[448] /home/travis/build/icyphy/ptII/ptolemy/actor/lib/test/auto/functionClosureTest2.xml (RunModel)" time="0.006" />
  <testcase classname="ptolemy.util.test.junit.AutoTests" name="[449] /home/travis/build/icyphy/ptII/ptolemy/actor/lib/test/auto/functionClosureTest3.xml (RunModel)" time="0.01" />
  <testcase classname="ptolemy.util.test.junit.AutoTests" name="[450] /home/travis/build/icyphy/ptII/ptolemy/actor/lib/test/auto/functionClosureTest4.xml (RunModel)" time="0.014" />
  <testcase classname="ptolemy.util.test.junit.AutoTests" name="[451] /home/travis/build/icyphy/ptII/ptolemy/actor/lib/test/auto/functionClosureTest5.xml (RunModel)" time="0.011" />
  <testcase classname="ptolemy.util.test.junit.AutoTests" name="[452] /home/travis/build/icyphy/ptII/ptolemy/actor/lib/test/auto/functionClosureTest6.xml (RunModel)" time="0.009" />
  <testcase classname="ptolemy.util.test.junit.AutoTests" name="[453] /home/travis/build/icyphy/ptII/ptolemy/actor/lib/test/auto/functionsOnArcs.xml (RunModel)" time="0.011" />
  <testcase classname="ptolemy.util.test.junit.AutoTests" name="[454] /home/travis/build/icyphy/ptII/ptolemy/actor/lib/test/auto/functionsOnArcsHOF.xml (RunModel)" time="0.013" />
  <testcase classname="ptolemy.util.test.junit.AutoTests" name="[455] /home/travis/build/icyphy/ptII/ptolemy/actor/lib/test/auto/logic.xml (RunModel)" time="0.018" />
  <testcase classname="ptolemy.util.test.junit.AutoTests" name="[456] /home/travis/build/icyphy/ptII/ptolemy/actor/lib/test/auto/matrixType.xml (RunModel)" time="0.01" />
  <testcase classname="ptolemy.util.test.junit.AutoTests" name="[457] /home/travis/build/icyphy/ptII/ptolemy/actor/lib/test/auto/matrixType10.xml (RunModel)" time="0.009" />
  <testcase classname="ptolemy.util.test.junit.AutoTests" name="[458] /home/travis/build/icyphy/ptII/ptolemy/actor/lib/test/auto/matrixType11.xml (RunModel)" time="0.009" />
  <testcase classname="ptolemy.util.test.junit.AutoTests" name="[459] /home/travis/build/icyphy/ptII/ptolemy/actor/lib/test/auto/matrixType12.xml (RunModel)" time="0.01" />
  <testcase classname="ptolemy.util.test.junit.AutoTests" name="[460] /home/travis/build/icyphy/ptII/ptolemy/actor/lib/test/auto/matrixType13.xml (RunModel)" time="0.008" />
  <testcase classname="ptolemy.util.test.junit.AutoTests" name="[461] /home/travis/build/icyphy/ptII/ptolemy/actor/lib/test/auto/matrixType14.xml (RunModel)" time="0.01" />
  <testcase classname="ptolemy.util.test.junit.AutoTests" name="[462] /home/travis/build/icyphy/ptII/ptolemy/actor/lib/test/auto/matrixType2.xml (RunModel)" time="0.009" />
  <testcase classname="ptolemy.util.test.junit.AutoTests" name="[463] /home/travis/build/icyphy/ptII/ptolemy/actor/lib/test/auto/matrixType3.xml (RunModel)" time="0.009" />
  <testcase classname="ptolemy.util.test.junit.AutoTests" name="[464] /home/travis/build/icyphy/ptII/ptolemy/actor/lib/test/auto/matrixType4.xml (RunModel)" time="0.008" />
  <testcase classname="ptolemy.util.test.junit.AutoTests" name="[465] /home/travis/build/icyphy/ptII/ptolemy/actor/lib/test/auto/matrixType5.xml (RunModel)" time="0.009" />
  <testcase classname="ptolemy.util.test.junit.AutoTests" name="[466] /home/travis/build/icyphy/ptII/ptolemy/actor/lib/test/auto/matrixType6.xml (RunModel)" time="0.009" />
  <testcase classname="ptolemy.util.test.junit.AutoTests" name="[467] /home/travis/build/icyphy/ptII/ptolemy/actor/lib/test/auto/matrixType7.xml (RunModel)" time="0.009" />
  <testcase classname="ptolemy.util.test.junit.AutoTests" name="[468] /home/travis/build/icyphy/ptII/ptolemy/actor/lib/test/auto/matrixType8.xml (RunModel)" time="0.009" />
  <testcase classname="ptolemy.util.test.junit.AutoTests" name="[469] /home/travis/build/icyphy/ptII/ptolemy/actor/lib/test/auto/matrixType9.xml (RunModel)" time="0.009" />
  <testcase classname="ptolemy.util.test.junit.AutoTests" name="[470] /home/travis/build/icyphy/ptII/ptolemy/actor/lib/test/auto/paraFunctest.xml (RunModel)" time="0.007" />
  <testcase classname="ptolemy.util.test.junit.AutoTests" name="[471] /home/travis/build/icyphy/ptII/ptolemy/actor/lib/test/auto/paraFunctest2.xml (RunModel)" time="0.007" />
  <testcase classname="ptolemy.util.test.junit.AutoTests" name="[472] /home/travis/build/icyphy/ptII/ptolemy/actor/lib/test/auto/parameterPassing.xml (RunModel)" time="0.009" />
  <testcase classname="ptolemy.util.test.junit.AutoTests" name="[473] /home/travis/build/icyphy/ptII/ptolemy/actor/lib/test/auto/record.xml (RunModel)" time="0.009" />
  <testcase classname="ptolemy.util.test.junit.AutoTests" name="[474] /home/travis/build/icyphy/ptII/ptolemy/actor/lib/test/auto/sizedarray1.xml (RunModel)" time="0.01" />
  <testcase classname="ptolemy.util.test.junit.AutoTests" name="[475] /home/travis/build/icyphy/ptII/ptolemy/actor/lib/test/auto/sizedarray2.xml (RunModel)" time="0.01" />
  <testcase classname="ptolemy.util.test.junit.AutoTests" name="[476] /home/travis/build/icyphy/ptII/ptolemy/actor/lib/test/auto/twoPublishers.xml (RunModel)" time="0.02" />
  <system-out><![CDATA[/home/travis/build/icyphy/ptII/ptolemy/actor/lib/test/AbsoluteValue.tcl
testDefs.tcl: setting time out to 9000 seconds at Sun Jun 03 20:23:51 UTC 2018
76 ms. Memory: 116224K Free: 107808K (93%)
5 ms. Memory: 116224K Free: 106622K (92%)
5 ms. Memory: 116224K Free: 106016K (91%)
4 ms. Memory: 116224K Free: 104822K (90%)
/home/travis/build/icyphy/ptII/ptolemy/actor/lib/test/AddSubtract.tcl
18 ms. Memory: 116224K Free: 103014K (89%)
10 ms. Memory: 116224K Free: 102409K (88%)
10 ms. Memory: 116224K Free: 101222K (87%)
10 ms. Memory: 116224K Free: 100617K (87%)
7 ms. Memory: 116224K Free: 100012K (86%)
13 ms. Memory: 116224K Free: 99407K (86%)
/home/travis/build/icyphy/ptII/ptolemy/actor/lib/test/Average.tcl
9 ms. Memory: 116224K Free: 97612K (84%)
13 ms. Memory: 116224K Free: 95803K (82%)
/home/travis/build/icyphy/ptII/ptolemy/actor/lib/test/Bernoulli.tcl
4 ms. Memory: 116224K Free: 94582K (81%)
6 ms. Memory: 116224K Free: 93992K (81%)
/home/travis/build/icyphy/ptII/ptolemy/actor/lib/test/Clock.tcl
preinitializing
resolving types
initializing
executing number 1
wrapping up
idle
21 ms. Memory: 116224K Free: 91587K (79%)
Completed execution with 5 iterations
preinitializing
resolving types
initializing
executing number 1
wrapping up
idle
8 ms. Memory: 116224K Free: 90998K (78%)
Completed execution with 5 iterations
preinitializing
resolving types
initializing
executing number 1
wrapping up
idle
7 ms. Memory: 116224K Free: 90385K (78%)
Completed execution with 5 iterations
/home/travis/build/icyphy/ptII/ptolemy/actor/lib/test/Commutator.tcl
13 ms. Memory: 116224K Free: 88616K (76%)
11 ms. Memory: 116224K Free: 87422K (75%)
8 ms. Memory: 116224K Free: 82456K (71%)
/home/travis/build/icyphy/ptII/ptolemy/actor/lib/test/Const.tcl
3 ms. Memory: 116224K Free: 81022K (70%)
12 ms. Memory: 146944K Free: 141521K (96%)
2 ms. Memory: 146944K Free: 141521K (96%)
2 ms. Memory: 146944K Free: 140309K (95%)
2 ms. Memory: 146944K Free: 140309K (95%)
19 ms. Memory: 146944K Free: 136288K (93%)
6 ms. Memory: 146944K Free: 136288K (93%)
3 ms. Memory: 146944K Free: 135092K (92%)
/home/travis/build/icyphy/ptII/ptolemy/actor/lib/test/CurrentTime.tcl
preinitializing
resolving types
initializing
executing number 1
wrapping up
idle
13 ms. Memory: 146944K Free: 132684K (90%)
Completed execution with 11 iterations
/home/travis/build/icyphy/ptII/ptolemy/actor/lib/test/DB.tcl
8 ms. Memory: 146944K Free: 131488K (89%)
1 ms. Memory: 146944K Free: 130292K (89%)
2 ms. Memory: 146944K Free: 130292K (89%)
/home/travis/build/icyphy/ptII/ptolemy/actor/lib/test/DiscreteRandomSource.tcl
preinitializing
resolving types
initializing
executing number 1
wrapping up
idle
4 ms. Memory: 146944K Free: 129096K (88%)
Completed execution with 4 iterations
preinitializing
resolving types
initializing
executing number 1
wrapping up
idle
2 ms. Memory: 146944K Free: 127900K (87%)
Completed execution with 4 iterations
preinitializing
resolving types
initializing
executing number 1
wrapping up
idle
2 ms. Memory: 146944K Free: 127900K (87%)
Completed execution with 4 iterations
preinitializing
resolving types
initializing
executing number 1
wrapping up
idle
2 ms. Memory: 146944K Free: 126695K (86%)
Completed execution with 4 iterations
preinitializing
resolving types
initializing
executing number 1
wrapping up
idle
3 ms. Memory: 146944K Free: 126695K (86%)
Completed execution with 4 iterations
/home/travis/build/icyphy/ptII/ptolemy/actor/lib/test/Distributor.tcl
4 ms. Memory: 146944K Free: 125499K (85%)
3 ms. Memory: 146944K Free: 124303K (85%)
StreamChangeRequest.changeExecuted(): <deleteEntity name="rec2"/> succeeded
StreamChangeRequest.changeExecuted(): <deleteRelation name="r2"/> succeeded
StreamChangeRequest.changeExecuted(): Record firings per iteration succeeded
4 ms. Memory: 146944K Free: 121911K (83%)
/home/travis/build/icyphy/ptII/ptolemy/actor/lib/test/Exit.tcl
Exit.tcl: this will print a message about Manager.exitAfterWrapup, which can be ignored.
3 ms. Memory: 146944K Free: 118904K (81%)
/home/travis/build/icyphy/ptII/ptolemy/actor/lib/test/Expression.tcl
5 ms. Memory: 146944K Free: 115283K (78%)
3 ms. Memory: 146944K Free: 115283K (78%)
3 ms. Memory: 146944K Free: 114084K (78%)
preinitializing
resolving types
initializing
executing number 1
wrapping up
idle
6 ms. Memory: 146944K Free: 112888K (77%)
Completed execution with 6 iterations
4 ms. Memory: 146944K Free: 111692K (76%)
3 ms. Memory: 146944K Free: 110496K (75%)
4 ms. Memory: 146944K Free: 109299K (74%)
3 ms. Memory: 146944K Free: 108103K (74%)
3 ms. Memory: 146944K Free: 106907K (73%)
/home/travis/build/icyphy/ptII/ptolemy/actor/lib/test/Gaussian.tcl
3 ms. Memory: 146944K Free: 105711K (72%)
sleeping 1 seconds: .............................................................................................................................................................................................................................................................................................................................................................................................................................................................................................................................................................................................................................................................................................................................................................................................................................................................................................................................................................................................................................................................................................................................................................................................................................................................................................................................................................................................................................................................................................................................................................................................................................................................................................................................................................................................................................................................................................................................................................................................................................................................................................................................................................................................................................................................................................................................................................................................................................................................................................................................................................................................................................................................................................................................................................................................................................................................................................................................................................................................................................................................................................................................................................................................................................................................................................................................................................................................................................................................................................................................................................................................................................................................................................................................................................................................................................................................................................................................................................................................................................................................................................................................................................................................................................................................................................................................................................................................................................................................................................................................................................................................................................................................................................................................................................................................................................................................................................................................................................................................................................................................................................................................................................................................................................................................................................................................................................................................................................................................................................................................................................................................................................................................................................................................................................................................................................................................................................................................................................................................................................................................................................................................................................................................................................................................................................................................................................................................................................................................................................................................................................................................................................................................................................................................................................................................................................................................................................................................................................................................................................................................................................................................................................................................................................................................................................................................................................................................................................................................................................................................................................................................................................................................................................................................................................................................................................................................................................................................................................................................................................................................................................................................................................................................................................................................................................................................................................................................................................................................................................................................................................................................................................................................................................................................................................................................................................................................................................................................................................................................................................................................................................................................................................................................................................................................................................................................................................................................................................................................................................................................................................................................................................................................................................................................................................................................................................................................................................................................................................................................................................................................................................................................................................................................................................................................................................................................................................................................................................................................................................................................................................................................................................................................................................................................................................................................................................................................................................................................................................................................................................................................................................................................................................................................................................................................................................................................................................................................................................................................................................................................................................................................................................................................................................................................................................................................................................................................................................................................................................................................................................................................................................................................................................................................................................................................................................................................................................................................................................................................................................................................................................................................................................................................................................................................................................................................................................................................................................................................................................................................................................................................................................................................................................................................................................................................................................................................................................................................................................................................................................................................................................................................................................................................................................................................................................................................................................................................................................................................................................................................................................................................................................................................................................................................................................................................................................................................................................................................................................................................................................................................................................................................................2 ms. Memory: 146944K Free: 105904K (72%)
2 ms. Memory: 146944K Free: 104713K (71%)
2 ms. Memory: 146944K Free: 104713K (71%)
1 ms. Memory: 146944K Free: 103522K (70%)
2 ms. Memory: 146944K Free: 103522K (70%)
/home/travis/build/icyphy/ptII/ptolemy/actor/lib/test/IIR.tcl
/home/travis/build/icyphy/ptII/ptolemy/actor/lib/test/Interpolator.tcl
3 ms. Memory: 146944K Free: 98749K (67%)
1 ms. Memory: 146944K Free: 98749K (67%)
1 ms. Memory: 146944K Free: 97558K (66%)
1 ms. Memory: 146944K Free: 97558K (66%)
3 ms. Memory: 146944K Free: 96367K (66%)
2 ms. Memory: 146944K Free: 95176K (65%)
3 ms. Memory: 146944K Free: 95176K (65%)
2 ms. Memory: 146944K Free: 93985K (64%)
2 ms. Memory: 146944K Free: 92794K (63%)
2 ms. Memory: 146944K Free: 91603K (62%)
/home/travis/build/icyphy/ptII/ptolemy/actor/lib/test/MathFunction.tcl
4 ms. Memory: 146944K Free: 90411K (62%)
2 ms. Memory: 146944K Free: 89220K (61%)
2 ms. Memory: 146944K Free: 88029K (60%)
2 ms. Memory: 146944K Free: 86838K (59%)
3 ms. Memory: 146944K Free: 85647K (58%)
5 ms. Memory: 146944K Free: 83265K (57%)
/home/travis/build/icyphy/ptII/ptolemy/actor/lib/test/Maximum.tcl
4 ms. Memory: 146944K Free: 82074K (56%)
2 ms. Memory: 146944K Free: 80883K (55%)
2 ms. Memory: 146944K Free: 80883K (55%)
18 ms. Memory: 208384K Free: 200389K (96%)
/home/travis/build/icyphy/ptII/ptolemy/actor/lib/test/Minimum.tcl
6 ms. Memory: 208384K Free: 200052K (96%)
6 ms. Memory: 208384K Free: 197643K (95%)
6 ms. Memory: 208384K Free: 197643K (95%)
2 ms. Memory: 208384K Free: 197643K (95%)
/home/travis/build/icyphy/ptII/ptolemy/actor/lib/test/MultiplyDivide.tcl
11 ms. Memory: 208384K Free: 195235K (94%)
11 ms. Memory: 208384K Free: 195235K (94%)
2 ms. Memory: 208384K Free: 192826K (93%)
3 ms. Memory: 208384K Free: 192826K (93%)
2 ms. Memory: 208384K Free: 192826K (93%)
/home/travis/build/icyphy/ptII/ptolemy/actor/lib/test/OrderedMerge.tcl
Connections changed on port: inputA
Connections changed on port: inputB
Connections changed on port: output
Connections changed on port: output
Connections changed on port: output
Connections changed on port: input
.top. Preinitializing ...
Invoking preinitialize():  .top.OrderedMerge
Called preinitialize()
Invoking preinitialize():  .top.Ramp
Called preinitialize()
Invoking preinitialize():  .top.Ramp2
Called preinitialize()
Invoking preinitialize():  .top.Test
Called preinitialize()
Connections changed on port: inputA
Connections changed on port: output
Connections changed on port: inputB
Connections changed on port: output
Connections changed on port: output
Connections changed on port: input
.top. Finished preinitialize().
Called initialize().
Invoking initialize():  .top.OrderedMerge
Initializing actor: .top.OrderedMerge
Adding a thread: .top.OrderedMerge
Invoking initialize():  .top.Ramp
Initializing actor: .top.Ramp
Adding a thread: .top.Ramp
Invoking initialize():  .top.Ramp2
Initializing actor: .top.Ramp2
Adding a thread: .top.Ramp2
Invoking initialize():  .top.Test
Initializing actor: .top.Test
Adding a thread: .top.Test
-- Starting thread.
Called initialize()
Called prefire()
Called fire()
-- Starting thread.
Called initialize()
Called prefire()
Called fire()
Called postfire()
Called prefire()
Called fire()
-- Starting thread.
Called initialize()
Called prefire()
Called fire()
Called postfire()
Called prefire()
Called fire()
Called fire().
Checking for deadlock:
There are 3 Blocked actors, 0 Stopped actors, and 4 active threads.
Waiting for actors to stop.
-- Starting thread.
Called initialize()
Called prefire()
Called fire()
Checking for deadlock:
There are 2 Blocked actors, 0 Stopped actors, and 4 active threads.
Waiting for actors to stop.
Called postfire()
Called prefire()
Called fire()
Checking for deadlock:
There are 3 Blocked actors, 0 Stopped actors, and 4 active threads.
Waiting for actors to stop.
Read input token from inputA with value 0.0
Next port to read input from is inputB
Called postfire()
Called prefire()
Called fire()
Checking for deadlock:
There are 2 Blocked actors, 0 Stopped actors, and 4 active threads.
Waiting for actors to stop.
Called postfire()
Called prefire()
Called fire()
Checking for deadlock:
There are 3 Blocked actors, 0 Stopped actors, and 4 active threads.
Waiting for actors to stop.
Read input token from inputB with value 0.0
Checking for deadlock:
There are 2 Blocked actors, 0 Stopped actors, and 4 active threads.
Waiting for actors to stop.
-- Read input: 0.0, which is expected to match: 0.0
Called prefire()
Called fire()
Checking for deadlock:
There are 3 Blocked actors, 0 Stopped actors, and 4 active threads.
Waiting for actors to stop.
Sent output token with value 0.0
Next port to read input from is inputA
Called postfire()
Called prefire()
Called fire()
Called postfire()
Called prefire()
Called fire()
Checking for deadlock:
There are 3 Blocked actors, 0 Stopped actors, and 4 active threads.
Waiting for actors to stop.
Read input token from inputA with value 1.0
-- Read input: 0.0, which is expected to match: 0.0
Called prefire()
Called fire()
Checking for deadlock:
There are 3 Blocked actors, 0 Stopped actors, and 4 active threads.
Waiting for actors to stop.
Sent output token with value 0.0
Next port to read input from is inputB
Called postfire()
Called prefire()
Called fire()
Checking for deadlock:
There are 2 Blocked actors, 0 Stopped actors, and 4 active threads.
Waiting for actors to stop.
Called postfire()
Called prefire()
Called fire()
Checking for deadlock:
There are 3 Blocked actors, 0 Stopped actors, and 4 active threads.
Waiting for actors to stop.
Read input token from inputB with value 1.5
Checking for deadlock:
There are 2 Blocked actors, 0 Stopped actors, and 4 active threads.
Waiting for actors to stop.
-- Read input: 1.0, which is expected to match: 1.0
Called prefire()
Called fire()
Checking for deadlock:
There are 3 Blocked actors, 0 Stopped actors, and 4 active threads.
Waiting for actors to stop.
Sent output token with value 1.0
Next port to read input from is inputA
Called postfire()
Called prefire()
Called fire()
Called postfire()
Called prefire()
Called fire()
Checking for deadlock:
There are 3 Blocked actors, 0 Stopped actors, and 4 active threads.
Waiting for actors to stop.
Read input token from inputA with value 2.0
-- Read input: 1.5, which is expected to match: 1.5
Called prefire()
Called fire()
Checking for deadlock:
There are 3 Blocked actors, 0 Stopped actors, and 4 active threads.
Waiting for actors to stop.
Sent output token with value 1.5
Next port to read input from is inputB
Called postfire()
Called prefire()
Called fire()
Checking for deadlock:
There are 2 Blocked actors, 0 Stopped actors, and 4 active threads.
Waiting for actors to stop.
Called postfire()
Called prefire()
Called fire()
Checking for deadlock:
There are 3 Blocked actors, 0 Stopped actors, and 4 active threads.
Waiting for actors to stop.
Read input token from inputB with value 3.0
Checking for deadlock:
There are 2 Blocked actors, 0 Stopped actors, and 4 active threads.
Waiting for actors to stop.
-- Read input: 2.0, which is expected to match: 2.0
Called prefire()
Called fire()
Checking for deadlock:
There are 3 Blocked actors, 0 Stopped actors, and 4 active threads.
Waiting for actors to stop.
Sent output token with value 2.0
Next port to read input from is inputA
Called postfire()
Called prefire()
Called fire()
Called postfire()
Called prefire()
Called fire()
Checking for deadlock:
There are 3 Blocked actors, 0 Stopped actors, and 4 active threads.
Waiting for actors to stop.
Read input token from inputA with value 3.0
-- Read input: 3.0, which is expected to match: 3.0
Called prefire()
Called fire()
Checking for deadlock:
There are 3 Blocked actors, 0 Stopped actors, and 4 active threads.
Waiting for actors to stop.
Sent output token with value 3.0
Next port to read input from is inputB
Called postfire()
Called prefire()
Called fire()
Checking for deadlock:
There are 2 Blocked actors, 0 Stopped actors, and 4 active threads.
Waiting for actors to stop.
Called postfire()
Called prefire()
Called fire()
Checking for deadlock:
There are 3 Blocked actors, 0 Stopped actors, and 4 active threads.
Waiting for actors to stop.
Read input token from inputB with value 4.5
Checking for deadlock:
There are 2 Blocked actors, 0 Stopped actors, and 4 active threads.
Waiting for actors to stop.
-- Read input: 3.0, which is expected to match: 3.0
Called prefire()
Called fire()
Checking for deadlock:
There are 3 Blocked actors, 0 Stopped actors, and 4 active threads.
Waiting for actors to stop.
Sent output token with value 3.0
Next port to read input from is inputA
Called postfire()
Called prefire()
Called fire()
Called postfire()
Called prefire()
Called fire()
Checking for deadlock:
There are 3 Blocked actors, 0 Stopped actors, and 4 active threads.
Waiting for actors to stop.
Read input token from inputA with value 4.0
-- Read input: 4.0, which is expected to match: 4.0
Called prefire()
Called fire()
Past the end of training data. Read and discard all inputs.
Checking for deadlock:
There are 3 Blocked actors, 0 Stopped actors, and 4 active threads.
Waiting for actors to stop.
Sent output token with value 4.0
Next port to read input from is inputA
Called postfire()
Called prefire()
Called fire()
Called postfire()
Called prefire()
Called fire()
Checking for deadlock:
There are 3 Blocked actors, 0 Stopped actors, and 4 active threads.
Waiting for actors to stop.
Read input token from inputA with value 5.0
Called prefire()
Called fire()
Past the end of training data. Read and discard all inputs.
Checking for deadlock:
There are 3 Blocked actors, 0 Stopped actors, and 4 active threads.
Waiting for actors to stop.
Sent output token with value 4.5
Next port to read input from is inputB
Called postfire()
Called prefire()
Called fire()
Checking for deadlock:
There are 2 Blocked actors, 0 Stopped actors, and 4 active threads.
Waiting for actors to stop.
Called postfire()
Called prefire()
Called fire()
Checking for deadlock:
There are 3 Blocked actors, 0 Stopped actors, and 4 active threads.
Waiting for actors to stop.
Read input token from inputB with value 6.0
Checking for deadlock:
There are 2 Blocked actors, 0 Stopped actors, and 4 active threads.
Waiting for actors to stop.
Called prefire()
Called fire()
Past the end of training data. Read and discard all inputs.
Checking for deadlock:
There are 3 Blocked actors, 0 Stopped actors, and 4 active threads.
Waiting for actors to stop.
Sent output token with value 5.0
Next port to read input from is inputA
Called postfire()
Called prefire()
Called fire()
Called postfire()
Called prefire()
Called fire()
Checking for deadlock:
There are 3 Blocked actors, 0 Stopped actors, and 4 active threads.
Waiting for actors to stop.
Read input token from inputA with value 6.0
Called prefire()
Called fire()
Past the end of training data. Read and discard all inputs.
Checking for deadlock:
There are 3 Blocked actors, 0 Stopped actors, and 4 active threads.
Waiting for actors to stop.
Sent output token with value 6.0
Next port to read input from is inputB
Called postfire()
Called prefire()
Called fire()
Checking for deadlock:
There are 2 Blocked actors, 0 Stopped actors, and 4 active threads.
Waiting for actors to stop.
Called postfire()
Called prefire()
Called fire()
Checking for deadlock:
There are 3 Blocked actors, 0 Stopped actors, and 4 active threads.
Waiting for actors to stop.
Read input token from inputB with value 7.5
Checking for deadlock:
There are 2 Blocked actors, 0 Stopped actors, and 4 active threads.
Waiting for actors to stop.
Called prefire()
Called fire()
Past the end of training data. Read and discard all inputs.
Checking for deadlock:
There are 3 Blocked actors, 0 Stopped actors, and 4 active threads.
Waiting for actors to stop.
Sent output token with value 6.0
Next port to read input from is inputA
Called postfire()
Called prefire()
Called fire()
Called postfire()
Called prefire()
Called fire()
Checking for deadlock:
There are 3 Blocked actors, 0 Stopped actors, and 4 active threads.
Waiting for actors to stop.
Read input token from inputA with value 7.0
Called prefire()
Called fire()
Past the end of training data. Read and discard all inputs.
Checking for deadlock:
There are 3 Blocked actors, 0 Stopped actors, and 4 active threads.
Waiting for actors to stop.
Sent output token with value 7.0
Next port to read input from is inputA
Called postfire()
Called prefire()
Called fire()
-- Thread wrapup() called.
Called wrapup()
Thread .top.Ramp is exiting.
-- Thread stopped.
Checking for deadlock:
There are 2 Blocked actors, 0 Stopped actors, and 3 active threads.
Waiting for actors to stop.
Read input token from inputA with value 8.0
Called prefire()
Called fire()
Past the end of training data. Read and discard all inputs.
Checking for deadlock:
There are 2 Blocked actors, 0 Stopped actors, and 3 active threads.
Waiting for actors to stop.
Sent output token with value 7.5
Next port to read input from is inputB
Called postfire()
Called prefire()
Called fire()
Checking for deadlock:
There are 1 Blocked actors, 0 Stopped actors, and 3 active threads.
Waiting for actors to stop.
Called postfire()
Called prefire()
Called fire()
Checking for deadlock:
There are 2 Blocked actors, 0 Stopped actors, and 3 active threads.
Waiting for actors to stop.
Read input token from inputB with value 9.0
Checking for deadlock:
There are 1 Blocked actors, 0 Stopped actors, and 3 active threads.
Waiting for actors to stop.
Called prefire()
Called fire()
Past the end of training data. Read and discard all inputs.
Checking for deadlock:
There are 2 Blocked actors, 0 Stopped actors, and 3 active threads.
Waiting for actors to stop.
Sent output token with value 8.0
Next port to read input from is inputA
Called postfire()
Called prefire()
Called fire()
Read input token from inputA with value 9.0
Checking for deadlock:
There are 1 Blocked actors, 0 Stopped actors, and 3 active threads.
Waiting for actors to stop.
Called prefire()
Called fire()
Past the end of training data. Read and discard all inputs.
Checking for deadlock:
There are 2 Blocked actors, 0 Stopped actors, and 3 active threads.
Waiting for actors to stop.
Sent output token with value 9.0
Next port to read input from is inputB
Called postfire()
Called prefire()
Called fire()
Checking for deadlock:
There are 1 Blocked actors, 0 Stopped actors, and 3 active threads.
Waiting for actors to stop.
Called postfire()
Called prefire()
Called fire()
Checking for deadlock:
There are 2 Blocked actors, 0 Stopped actors, and 3 active threads.
Waiting for actors to stop.
Read input token from inputB with value 10.5
Checking for deadlock:
There are 1 Blocked actors, 0 Stopped actors, and 3 active threads.
Waiting for actors to stop.
Called prefire()
Called fire()
Past the end of training data. Read and discard all inputs.
Checking for deadlock:
There are 2 Blocked actors, 0 Stopped actors, and 3 active threads.
Waiting for actors to stop.
Sent output token with value 9.0
Next port to read input from is inputA
Called postfire()
Called prefire()
Called fire()
Checking for deadlock:
There are 3 Blocked actors, 0 Stopped actors, and 3 active threads.
Actors have stopped.
Checking for deadlock:
There are 3 Blocked actors, 0 Stopped actors, and 3 active threads.
Deadlock detected.
Resolving Deadlock
Checking for deadlock:
There are 3 Blocked actors, 0 Stopped actors, and 3 active threads.
Artificial Deadlock - increasing queue capacity.
increasing the capacity of receiver ptolemy.actor.TypedIOPort {.top.OrderedMerge.inputB} to 2
Director: Called postfire().
Called postfire().
_stopRequested = false
_stopFireRequested = false
Returning from postfire(): true
Called fire().
Checking for deadlock:
There are 2 Blocked actors, 0 Stopped actors, and 3 active threads.
Waiting for actors to stop.
-- Thread wrapup() called.
Called wrapup()
Thread .top.Ramp2 is exiting.
-- Thread stopped.
Checking for deadlock:
There are 2 Blocked actors, 0 Stopped actors, and 2 active threads.
Actors have stopped.
Checking for deadlock:
There are 2 Blocked actors, 0 Stopped actors, and 2 active threads.
Deadlock detected.
Resolving Deadlock
Checking for deadlock:
There are 2 Blocked actors, 0 Stopped actors, and 2 active threads.
Deadlock detected: no processes blocked on write, but some are blocked on read.
Called postfire().
_stopRequested = false
_stopFireRequested = false
Returning from postfire(): false
Finished deactivating branches.
Called wrapup().
-- Thread wrapup() called.
Called wrapup()
Thread .top.Test is exiting.
-- Thread stopped.
-- Blocked Receiver call threw TerminateProcessException.
-- Thread wrapup() called.
Called wrapup()
Thread .top.OrderedMerge is exiting.
34 ms. Memory: 208384K Free: 185502K (89%)
.top. Preinitializing ...
Invoking preinitialize():  .top.OrderedMerge
Called preinitialize()
Invoking preinitialize():  .top.Ramp
Called preinitialize()
Invoking preinitialize():  .top.Ramp2
Called preinitialize()
Invoking preinitialize():  .top.Test
Called preinitialize()
.top. Finished preinitialize().
Called initialize().
Invoking initialize():  .top.OrderedMerge
Initializing actor: .top.OrderedMerge
Adding a thread: .top.OrderedMerge
Invoking initialize():  .top.Ramp
Initializing actor: .top.Ramp
Adding a thread: .top.Ramp
Invoking initialize():  .top.Ramp2
Initializing actor: .top.Ramp2
Adding a thread: .top.Ramp2
Invoking initialize():  .top.Test
Initializing actor: .top.Test
Adding a thread: .top.Test
-- Starting thread.
Called initialize()
Called prefire()
Called fire()
-- Thread stopped.
-- Blocked Receiver call threw TerminateProcessException.
-- Starting thread.
Called initialize()
Called prefire()
Called fire()
Called postfire()
Called prefire()
Called fire()
-- Starting thread.
Called initialize()
Called prefire()
Called fire()
Called postfire()
Called prefire()
Called fire()
Called fire().
Checking for deadlock:
There are 3 Blocked actors, 0 Stopped actors, and 4 active threads.
Waiting for actors to stop.
-- Starting thread.
Called initialize()
Called prefire()
Called fire()
Checking for deadlock:
There are 2 Blocked actors, 0 Stopped actors, and 4 active threads.
Waiting for actors to stop.
Called postfire()
Called prefire()
Called fire()
Checking for deadlock:
There are 3 Blocked actors, 0 Stopped actors, and 4 active threads.
Waiting for actors to stop.
Read input token from inputA with value 0.0
Next port to read input from is inputB
Called postfire()
Called prefire()
Called fire()
Checking for deadlock:
There are 2 Blocked actors, 0 Stopped actors, and 4 active threads.
Waiting for actors to stop.
Called postfire()
Called prefire()
Called fire()
Read input token from inputB with value 0.0
Checking for deadlock:
There are 3 Blocked actors, 0 Stopped actors, and 4 active threads.
Waiting for actors to stop.
Checking for deadlock:
There are 2 Blocked actors, 0 Stopped actors, and 4 active threads.
Waiting for actors to stop.
Sent output token with value 0.0
-- Read input: 0.0, which is expected to match: 0.0
Next port to read input from is inputA
Called postfire()
Called prefire()
Called fire()
Called prefire()
Called fire()
Checking for deadlock:
There are 3 Blocked actors, 0 Stopped actors, and 4 active threads.
Waiting for actors to stop.
Checking for deadlock:
There are 2 Blocked actors, 0 Stopped actors, and 4 active threads.
Called postfire()
Waiting for actors to stop.
Called prefire()
Called fire()
Checking for deadlock:
There are 3 Blocked actors, 0 Stopped actors, and 4 active threads.
Waiting for actors to stop.
Read input token from inputA with value 1.0
Checking for deadlock:
There are 2 Blocked actors, 0 Stopped actors, and 4 active threads.
Waiting for actors to stop.
Sent output token with value 0.0
-- Read input: 0.0, which is expected to match: 0.0
Called prefire()
Called fire()
Next port to read input from is inputB
Called postfire()
Called prefire()
Called fire()
Checking for deadlock:
There are 3 Blocked actors, 0 Stopped actors, and 4 active threads.
Waiting for actors to stop.
Checking for deadlock:
There are 2 Blocked actors, 0 Stopped actors, and 4 active threads.
Waiting for actors to stop.
Called postfire()
Called prefire()
Called fire()
Checking for deadlock:
There are 3 Blocked actors, 0 Stopped actors, and 4 active threads.
Waiting for actors to stop.
Read input token from inputB with value 1.5
Checking for deadlock:
There are 2 Blocked actors, 0 Stopped actors, and 4 active threads.
Waiting for actors to stop.
Sent output token with value 1.0
-- Read input: 1.0, which is expected to match: 1.0
Next port to read input from is inputA
Called postfire()
Called prefire()
Called prefire()
Called fire()
Called fire()
Called postfire()
Called prefire()
Called fire()
Checking for deadlock:
There are 3 Blocked actors, 0 Stopped actors, and 4 active threads.
Waiting for actors to stop.
Read input token from inputA with value 2.0
-- Read input: 1.5, which is expected to match: 1.5
Called prefire()
Called fire()
Checking for deadlock:
There are 3 Blocked actors, 0 Stopped actors, and 4 active threads.
Waiting for actors to stop.
Sent output token with value 1.5
Next port to read input from is inputB
Called postfire()
Called prefire()
Called fire()
Read input token from inputB with value 3.0
Checking for deadlock:
Called postfire()
There are 1 Blocked actors, 0 Stopped actors, and 4 active threads.
Waiting for actors to stop.
Called prefire()
Called fire()
Checking for deadlock:
There are 2 Blocked actors, 0 Stopped actors, and 4 active threads.
Waiting for actors to stop.
-- Read input: 2.0, which is expected to match: 2.0
Called prefire()
Called fire()
Checking for deadlock:
There are 3 Blocked actors, 0 Stopped actors, and 4 active threads.
Waiting for actors to stop.
Sent output token with value 2.0
Next port to read input from is inputA
Called postfire()
Called prefire()
Called fire()
Read input token from inputA with value 3.0
Sent output token with value 3.0
Next port to read input from is inputB
Called postfire()
Called prefire()
Called fire()
Read input token from inputB with value 4.5
Called postfire()
Called postfire()
Called prefire()
Called prefire()
Called fire()
Called fire()
Checking for deadlock:
There are 2 Blocked actors, 0 Stopped actors, and 4 active threads.
Waiting for actors to stop.
-- Read input: 3.0, which is expected to match: 3.0
Called prefire()
Called fire()
Checking for deadlock:
There are 3 Blocked actors, 0 Stopped actors, and 4 active threads.
Waiting for actors to stop.
Checking for deadlock:
There are 2 Blocked actors, 0 Stopped actors, and 4 active threads.
Waiting for actors to stop.
Sent output token with value 3.0
-- Read input: 3.0, which is expected to match: 3.0
Called prefire()
Called fire()
Next port to read input from is inputA
Called postfire()
Called prefire()
Called fire()
Read input token from inputA with value 4.0
Called postfire()
Called prefire()
Sent output token with value 4.0
Called fire()
Next port to read input from is inputA
Called postfire()
Called prefire()
Called fire()
Checking for deadlock:
There are 2 Blocked actors, 0 Stopped actors, and 4 active threads.
Waiting for actors to stop.
-- Read input: 4.0, which is expected to match: 4.0
Called prefire()
Called fire()
Past the end of training data. Read and discard all inputs.
Checking for deadlock:
There are 2 Blocked actors, 0 Stopped actors, and 4 active threads.
Waiting for actors to stop.
Called postfire()
Called prefire()
Called fire()
Checking for deadlock:
There are 3 Blocked actors, 0 Stopped actors, and 4 active threads.
Waiting for actors to stop.
Read input token from inputA with value 5.0
Called prefire()
Called fire()
Past the end of training data. Read and discard all inputs.
Checking for deadlock:
There are 3 Blocked actors, 0 Stopped actors, and 4 active threads.
Waiting for actors to stop.
Sent output token with value 4.5
Next port to read input from is inputB
Called postfire()
Called prefire()
Called fire()
Checking for deadlock:
There are 2 Blocked actors, 0 Stopped actors, and 4 active threads.
Waiting for actors to stop.
Called postfire()
Called prefire()
Called fire()
Checking for deadlock:
There are 3 Blocked actors, 0 Stopped actors, and 4 active threads.
Waiting for actors to stop.
Read input token from inputB with value 6.0
Checking for deadlock:
There are 2 Blocked actors, 0 Stopped actors, and 4 active threads.
Waiting for actors to stop.
Called prefire()
Called fire()
Past the end of training data. Read and discard all inputs.
Checking for deadlock:
There are 3 Blocked actors, 0 Stopped actors, and 4 active threads.
Waiting for actors to stop.
Sent output token with value 5.0
Next port to read input from is inputA
Called postfire()
Called prefire()
Called fire()
Called postfire()
Called prefire()
Called fire()
Checking for deadlock:
There are 3 Blocked actors, 0 Stopped actors, and 4 active threads.
Waiting for actors to stop.
Read input token from inputA with value 6.0
Called prefire()
Called fire()
Past the end of training data. Read and discard all inputs.
Checking for deadlock:
There are 3 Blocked actors, 0 Stopped actors, and 4 active threads.
Waiting for actors to stop.
Sent output token with value 6.0
Next port to read input from is inputB
Called postfire()
Called prefire()
Called fire()
Checking for deadlock:
There are 2 Blocked actors, 0 Stopped actors, and 4 active threads.
Waiting for actors to stop.
Called postfire()
Called prefire()
Called fire()
Checking for deadlock:
There are 3 Blocked actors, 0 Stopped actors, and 4 active threads.
Waiting for actors to stop.
Read input token from inputB with value 7.5
Checking for deadlock:
There are 2 Blocked actors, 0 Stopped actors, and 4 active threads.
Waiting for actors to stop.
Called prefire()
Called fire()
Past the end of training data. Read and discard all inputs.
Checking for deadlock:
There are 3 Blocked actors, 0 Stopped actors, and 4 active threads.
Waiting for actors to stop.
Sent output token with value 6.0
Next port to read input from is inputA
Called postfire()
Called prefire()
Called fire()
Called postfire()
Called prefire()
Called fire()
Checking for deadlock:
There are 3 Blocked actors, 0 Stopped actors, and 4 active threads.
Waiting for actors to stop.
Read input token from inputA with value 7.0
Called prefire()
Called fire()
Past the end of training data. Read and discard all inputs.
Checking for deadlock:
There are 3 Blocked actors, 0 Stopped actors, and 4 active threads.
Waiting for actors to stop.
Sent output token with value 7.0
Next port to read input from is inputA
Called postfire()
Called prefire()
Called fire()
-- Thread wrapup() called.
Called wrapup()
Thread .top.Ramp is exiting.
-- Thread stopped.
Checking for deadlock:
There are 2 Blocked actors, 0 Stopped actors, and 3 active threads.
Waiting for actors to stop.
Read input token from inputA with value 8.0
Called prefire()
Called fire()
Past the end of training data. Read and discard all inputs.
Checking for deadlock:
There are 2 Blocked actors, 0 Stopped actors, and 3 active threads.
Waiting for actors to stop.
Sent output token with value 7.5
Next port to read input from is inputB
Called postfire()
Called prefire()
Called fire()
Checking for deadlock:
There are 1 Blocked actors, 0 Stopped actors, and 3 active threads.
Waiting for actors to stop.
Called postfire()
Called prefire()
Called fire()
Checking for deadlock:
There are 2 Blocked actors, 0 Stopped actors, and 3 active threads.
Waiting for actors to stop.
Read input token from inputB with value 9.0
Checking for deadlock:
There are 1 Blocked actors, 0 Stopped actors, and 3 active threads.
Waiting for actors to stop.
Called prefire()
Called fire()
Past the end of training data. Read and discard all inputs.
Checking for deadlock:
There are 2 Blocked actors, 0 Stopped actors, and 3 active threads.
Waiting for actors to stop.
Sent output token with value 8.0
Next port to read input from is inputA
Called postfire()
Called prefire()
Called fire()
Read input token from inputA with value 9.0
Checking for deadlock:
There are 1 Blocked actors, 0 Stopped actors, and 3 active threads.
Waiting for actors to stop.
Called prefire()
Called fire()
Past the end of training data. Read and discard all inputs.
Checking for deadlock:
There are 2 Blocked actors, 0 Stopped actors, and 3 active threads.
Waiting for actors to stop.
Sent output token with value 9.0
Next port to read input from is inputB
Called postfire()
Called prefire()
Called fire()
Checking for deadlock:
There are 1 Blocked actors, 0 Stopped actors, and 3 active threads.
Waiting for actors to stop.
Called postfire()
Called prefire()
Called fire()
Checking for deadlock:
There are 2 Blocked actors, 0 Stopped actors, and 3 active threads.
Waiting for actors to stop.
Read input token from inputB with value 10.5
Checking for deadlock:
There are 1 Blocked actors, 0 Stopped actors, and 3 active threads.
Waiting for actors to stop.
Called prefire()
Called fire()
Past the end of training data. Read and discard all inputs.
Checking for deadlock:
There are 2 Blocked actors, 0 Stopped actors, and 3 active threads.
Waiting for actors to stop.
Sent output token with value 9.0
Next port to read input from is inputA
Called postfire()
Called prefire()
Called fire()
Checking for deadlock:
There are 3 Blocked actors, 0 Stopped actors, and 3 active threads.
Actors have stopped.
Checking for deadlock:
There are 3 Blocked actors, 0 Stopped actors, and 3 active threads.
Deadlock detected.
Resolving Deadlock
Checking for deadlock:
There are 3 Blocked actors, 0 Stopped actors, and 3 active threads.
Artificial Deadlock - increasing queue capacity.
increasing the capacity of receiver ptolemy.actor.TypedIOPort {.top.OrderedMerge.inputB} to 2
Director: Called postfire().
Called postfire().
_stopRequested = false
_stopFireRequested = false
Returning from postfire(): true
Called fire().
Checking for deadlock:
There are 2 Blocked actors, 0 Stopped actors, and 3 active threads.
Waiting for actors to stop.
-- Thread wrapup() called.
Called wrapup()
Thread .top.Ramp2 is exiting.
-- Thread stopped.
Checking for deadlock:
There are 2 Blocked actors, 0 Stopped actors, and 2 active threads.
Actors have stopped.
Checking for deadlock:
There are 2 Blocked actors, 0 Stopped actors, and 2 active threads.
Deadlock detected.
Resolving Deadlock
Checking for deadlock:
There are 2 Blocked actors, 0 Stopped actors, and 2 active threads.
Deadlock detected: no processes blocked on write, but some are blocked on read.
Called postfire().
_stopRequested = false
_stopFireRequested = false
Returning from postfire(): false
Finished deactivating branches.
Called wrapup().
-- Thread wrapup() called.
Called wrapup()
Thread .top.Test is exiting.
-- Thread stopped.
-- Blocked Receiver call threw TerminateProcessException.
-- Thread wrapup() called.
Called wrapup()
Thread .top.OrderedMerge is exiting.
50 ms. Memory: 208384K Free: 180587K (87%)
/home/travis/build/icyphy/ptII/ptolemy/actor/lib/test/Publisher.tcl
-- Thread stopped.
-- Blocked Receiver call threw TerminateProcessException.
15 ms. Memory: 208384K Free: 173329K (83%)
12 ms. Memory: 208384K Free: 168512K (81%)
5 ms. Memory: 208384K Free: 163695K (79%)
9 ms. Memory: 208384K Free: 163695K (79%)
6 ms. Memory: 208384K Free: 161254K (77%)
3 ms. Memory: 208384K Free: 161254K (77%)
2 ms. Memory: 208384K Free: 161254K (77%)
14 ms. Memory: 208384K Free: 158846K (76%)
1 ms. Memory: 208384K Free: 151620K (73%)
3 ms. Memory: 208384K Free: 146803K (70%)
2 ms. Memory: 208384K Free: 144395K (69%)
1 ms. Memory: 208384K Free: 144395K (69%)
6 ms. Memory: 208384K Free: 134761K (65%)
10 ms. Memory: 208384K Free: 125126K (60%)
22 ms. Memory: 208384K Free: 113084K (54%)
/home/travis/build/icyphy/ptII/ptolemy/actor/lib/test/Pulse.tcl
6 ms. Memory: 208384K Free: 190934K (92%)
14 ms. Memory: 208384K Free: 190934K (92%)
1 ms. Memory: 208384K Free: 190934K (92%)
2 ms. Memory: 208384K Free: 188551K (90%)
2 ms. Memory: 208384K Free: 188551K (90%)
6 ms. Memory: 208384K Free: 188551K (90%)
3 ms. Memory: 208384K Free: 186168K (89%)
2 ms. Memory: 208384K Free: 186168K (89%)
1 ms. Memory: 208384K Free: 186168K (89%)
/home/travis/build/icyphy/ptII/ptolemy/actor/lib/test/Ramp.tcl
11 ms. Memory: 208384K Free: 183785K (88%)
2 ms. Memory: 208384K Free: 183785K (88%)
2 ms. Memory: 208384K Free: 181401K (87%)
2 ms. Memory: 208384K Free: 181401K (87%)
9 ms. Memory: 208384K Free: 181401K (87%)
8 ms. Memory: 208384K Free: 179018K (86%)
3 ms. Memory: 208384K Free: 179018K (86%)
5 actors
6000 microseconds per iteration to create
11 ms. Memory: 208384K Free: 176635K (85%)
2 ms. Memory: 208384K Free: 174252K (84%)
2 ms. Memory: 208384K Free: 174252K (84%)
1 ms. Memory: 208384K Free: 174252K (84%)
50 actors
45000 microseconds per iteration to create
51 ms. Memory: 208384K Free: 157569K (76%)
5 ms. Memory: 208384K Free: 157569K (76%)
11 ms. Memory: 208384K Free: 155186K (74%)
5 ms. Memory: 208384K Free: 155186K (74%)
500 actors
1456000 microseconds per iteration to create
269 ms. Memory: 332288K Free: 224739K (68%)
43 ms. Memory: 332288K Free: 219951K (66%)
46 ms. Memory: 332288K Free: 215162K (65%)
34 ms. Memory: 332288K Free: 210374K (63%)
/home/travis/build/icyphy/ptII/ptolemy/actor/lib/test/RampContinuous.tcl
7 ms. Memory: 332288K Free: 205578K (62%)
/home/travis/build/icyphy/ptII/ptolemy/actor/lib/test/RecordAssembler.tcl
5 ms. Memory: 332288K Free: 205578K (62%)
4 ms. Memory: 332288K Free: 205578K (62%)
/home/travis/build/icyphy/ptII/ptolemy/actor/lib/test/RecordDisassembler.tcl
5 ms. Memory: 332288K Free: 200789K (60%)
5 ms. Memory: 332288K Free: 200789K (60%)
5 ms. Memory: 332288K Free: 200789K (60%)
/home/travis/build/icyphy/ptII/ptolemy/actor/lib/test/Scale.tcl
3 ms. Memory: 332288K Free: 200789K (60%)
2 ms. Memory: 332288K Free: 200789K (60%)
1 ms. Memory: 332288K Free: 196001K (59%)
2 ms. Memory: 332288K Free: 196001K (59%)
2 ms. Memory: 332288K Free: 196001K (59%)
/home/travis/build/icyphy/ptII/ptolemy/actor/lib/test/SequentialClock.tcl
preinitializing
resolving types
initializing
executing number 1
wrapping up
idle
2 ms. Memory: 332288K Free: 196001K (59%)
Completed execution with 5 iterations
preinitializing
resolving types
initializing
executing number 1
wrapping up
idle
2 ms. Memory: 332288K Free: 196001K (59%)
Completed execution with 5 iterations
preinitializing
resolving types
initializing
executing number 1
wrapping up
idle
1 ms. Memory: 332288K Free: 196001K (59%)
Completed execution with 5 iterations
/home/travis/build/icyphy/ptII/ptolemy/actor/lib/test/SetVariable.tcl
3 ms. Memory: 332288K Free: 191212K (58%)
/home/travis/build/icyphy/ptII/ptolemy/actor/lib/test/Sinewave.tcl
/home/travis/build/icyphy/ptII/ptolemy/actor/lib/test/SubscriptionAggregator.tcl
14 ms. Memory: 332288K Free: 176823K (53%)
2 ms. Memory: 332288K Free: 176823K (53%)
0 ms. Memory: 332288K Free: 176823K (53%)
0 ms. Memory: 332288K Free: 176823K (53%)
1 ms. Memory: 332288K Free: 172026K (52%)
10 ms. Memory: 332288K Free: 172026K (52%)
...............................................................852 ms. Memory: 580096K Free: 374095K (64%)
/home/travis/build/icyphy/ptII/ptolemy/actor/lib/test/Test.tcl
 The next command will produce a warning about training mode,
   which may be ignored.
13 ms. Memory: 580096K Free: 364447K (63%)
10 ms. Memory: 580096K Free: 364447K (63%)
1 ms. Memory: 580096K Free: 364447K (63%)
1 ms. Memory: 580096K Free: 364447K (63%)
1 ms. Memory: 580096K Free: 364447K (63%)
3 ms. Memory: 580096K Free: 364447K (63%)
3 ms. Memory: 580096K Free: 364447K (63%)
 The next command will produce a warning about training mode,
   which may be ignored.
4 ms. Memory: 580096K Free: 364447K (63%)
 The next command will produce a warning about training mode,
   which may be ignored.
10 ms. Memory: 580096K Free: 354799K (61%)
1 ms. Memory: 580096K Free: 354799K (61%)
1 ms. Memory: 580096K Free: 354799K (61%)
1 ms. Memory: 580096K Free: 354799K (61%)
1 ms. Memory: 580096K Free: 354799K (61%)
5 ms. Memory: 580096K Free: 354799K (61%)
/home/travis/build/icyphy/ptII/ptolemy/actor/lib/test/TestExceptionHandler.tcl
 The next command will produce a warning about training mode,
   which may be ignored.
1 ms. Memory: 580096K Free: 354799K (61%)
1 ms. Memory: 580096K Free: 354799K (61%)
1 ms. Memory: 580096K Free: 354799K (61%)
/home/travis/build/icyphy/ptII/ptolemy/actor/lib/test/UnionDisassembler.tcl
12 ms. Memory: 580096K Free: 345143K (59%)
/home/travis/build/icyphy/ptII/ptolemy/actor/lib/test/VariableClock.tcl
preinitializing
resolving types
initializing
executing number 1
wrapping up
idle
8 ms. Memory: 580096K Free: 335495K (58%)
Completed execution with 11 iterations
preinitializing
resolving types
initializing
executing number 1
wrapping up
idle
3 ms. Memory: 580096K Free: 335495K (58%)
Completed execution with 10 iterations
06/03/18 08:23:58
Failed: 0  Total Tests: 234  ((Passed: 234, Newly Passed: 0)  Known Failed: 0) /home/travis/build/icyphy/ptII/ptolemy/actor/lib/test
----------------- testing (KnownFailure) /home/travis/build/icyphy/ptII/ptolemy/actor/lib/test/auto/knownFailedTests/PublisherPortToplevelSubscriber.xml
1 ms. Memory: 580096K Free: 325757K (56%)
Known Failure: java.lang.reflect.InvocationTargetException
----------------- testing (KnownFailure) /home/travis/build/icyphy/ptII/ptolemy/actor/lib/test/auto/knownFailedTests/PublisherSubscriberPortToplevel.xml
0 ms. Memory: 580096K Free: 306280K (53%)
Known Failure: java.lang.reflect.InvocationTargetException
----------------- testing (KnownFailure) /home/travis/build/icyphy/ptII/ptolemy/actor/lib/test/auto/knownFailedTests/PublisherSubscriptionAggregatorPort.xml
3 ms. Memory: 580096K Free: 286803K (49%)
Known Failure: java.lang.reflect.InvocationTargetException
----------------- testing (KnownFailure) /home/travis/build/icyphy/ptII/ptolemy/actor/lib/test/auto/knownFailedTests/sizedarray3.xml
4 ms. Memory: 580096K Free: 267327K (46%)
Known Failure: java.lang.reflect.InvocationTargetException
No auto/linux-amd64/*.xml tests in /home/travis/build/icyphy/ptII/ptolemy/actor/lib/test
AutoTests.java: About to close Vertx.
AutoTests.java: Vertx closed.

===========================================================================================
----------------- testing Sun Jun 03 20:23:59 UTC 2018 /home/travis/build/icyphy/ptII/ptolemy/actor/lib/test/auto/AbsoluteValue.xml
----------------- Instantiating /home/travis/build/icyphy/ptII/ptolemy/actor/lib/test/auto/AbsoluteValue.xml
5 ms. Memory: 580096K Free: 189601K (33%)
----------------- Invoking toplevel() on ptolemy.moml.MoMLSimpleApplication@52dda1ab
----------------- Done invoking toplevel() on ptolemy.moml.MoMLSimpleApplication@52dda1ab
reloadAllAccessors: .AbsoluteValue

===========================================================================================
----------------- testing Sun Jun 03 20:23:59 UTC 2018 /home/travis/build/icyphy/ptII/ptolemy/actor/lib/test/auto/AbsoluteValue2.xml
----------------- Instantiating /home/travis/build/icyphy/ptII/ptolemy/actor/lib/test/auto/AbsoluteValue2.xml
10 ms. Memory: 580096K Free: 165330K (29%)
----------------- Invoking toplevel() on ptolemy.moml.MoMLSimpleApplication@5d3dfd06
----------------- Done invoking toplevel() on ptolemy.moml.MoMLSimpleApplication@5d3dfd06
reloadAllAccessors: .AbsoluteValue2

===========================================================================================
----------------- testing Sun Jun 03 20:23:59 UTC 2018 /home/travis/build/icyphy/ptII/ptolemy/actor/lib/test/auto/Accumulator.xml
----------------- Instantiating /home/travis/build/icyphy/ptII/ptolemy/actor/lib/test/auto/Accumulator.xml
14 ms. Memory: 580096K Free: 155592K (27%)
----------------- Invoking toplevel() on ptolemy.moml.MoMLSimpleApplication@477e430d
----------------- Done invoking toplevel() on ptolemy.moml.MoMLSimpleApplication@477e430d
reloadAllAccessors: .Accumulator

===========================================================================================
----------------- testing Sun Jun 03 20:23:59 UTC 2018 /home/travis/build/icyphy/ptII/ptolemy/actor/lib/test/auto/Accumulator2.xml
----------------- Instantiating /home/travis/build/icyphy/ptII/ptolemy/actor/lib/test/auto/Accumulator2.xml
9 ms. Memory: 580096K Free: 145854K (25%)
----------------- Invoking toplevel() on ptolemy.moml.MoMLSimpleApplication@2a391386
----------------- Done invoking toplevel() on ptolemy.moml.MoMLSimpleApplication@2a391386
reloadAllAccessors: .Accumulator2

===========================================================================================
----------------- testing Sun Jun 03 20:23:59 UTC 2018 /home/travis/build/icyphy/ptII/ptolemy/actor/lib/test/auto/Accumulator3.xml
----------------- Instantiating /home/travis/build/icyphy/ptII/ptolemy/actor/lib/test/auto/Accumulator3.xml
3 ms. Memory: 580096K Free: 136115K (23%)
----------------- Invoking toplevel() on ptolemy.moml.MoMLSimpleApplication@4d3e357b
----------------- Done invoking toplevel() on ptolemy.moml.MoMLSimpleApplication@4d3e357b
reloadAllAccessors: .Accumulator3

===========================================================================================
----------------- testing Sun Jun 03 20:23:59 UTC 2018 /home/travis/build/icyphy/ptII/ptolemy/actor/lib/test/auto/ArrayAppend.xml
----------------- Instantiating /home/travis/build/icyphy/ptII/ptolemy/actor/lib/test/auto/ArrayAppend.xml
8 ms. Memory: 580096K Free: 116730K (20%)
----------------- Invoking toplevel() on ptolemy.moml.MoMLSimpleApplication@42069142
----------------- Done invoking toplevel() on ptolemy.moml.MoMLSimpleApplication@42069142
reloadAllAccessors: .ArrayAppend

===========================================================================================
----------------- testing Sun Jun 03 20:23:59 UTC 2018 /home/travis/build/icyphy/ptII/ptolemy/actor/lib/test/auto/ArrayAppend2.xml
----------------- Instantiating /home/travis/build/icyphy/ptII/ptolemy/actor/lib/test/auto/ArrayAppend2.xml
479 ms. Memory: 581632K Free: 506160K (87%)
----------------- Invoking toplevel() on ptolemy.moml.MoMLSimpleApplication@3814cf22
----------------- Done invoking toplevel() on ptolemy.moml.MoMLSimpleApplication@3814cf22
reloadAllAccessors: .ArrayAppend2

===========================================================================================
----------------- testing Sun Jun 03 20:24:00 UTC 2018 /home/travis/build/icyphy/ptII/ptolemy/actor/lib/test/auto/ArrayAppend3.xml
----------------- Instantiating /home/travis/build/icyphy/ptII/ptolemy/actor/lib/test/auto/ArrayAppend3.xml
3 ms. Memory: 581632K Free: 489206K (84%)
----------------- Invoking toplevel() on ptolemy.moml.MoMLSimpleApplication@3ba197c2
----------------- Done invoking toplevel() on ptolemy.moml.MoMLSimpleApplication@3ba197c2
reloadAllAccessors: .ArrayAppend3

===========================================================================================
----------------- testing Sun Jun 03 20:24:00 UTC 2018 /home/travis/build/icyphy/ptII/ptolemy/actor/lib/test/auto/ArrayAppend4.xml
----------------- Instantiating /home/travis/build/icyphy/ptII/ptolemy/actor/lib/test/auto/ArrayAppend4.xml
2 ms. Memory: 581632K Free: 482714K (83%)
----------------- Invoking toplevel() on ptolemy.moml.MoMLSimpleApplication@7ae9aeff
----------------- Done invoking toplevel() on ptolemy.moml.MoMLSimpleApplication@7ae9aeff
reloadAllAccessors: .ArrayAppend4

===========================================================================================
----------------- testing Sun Jun 03 20:24:00 UTC 2018 /home/travis/build/icyphy/ptII/ptolemy/actor/lib/test/auto/ArrayAppend5.xml
----------------- Instantiating /home/travis/build/icyphy/ptII/ptolemy/actor/lib/test/auto/ArrayAppend5.xml
3 ms. Memory: 581632K Free: 476222K (82%)
----------------- Invoking toplevel() on ptolemy.moml.MoMLSimpleApplication@418ea062
----------------- Done invoking toplevel() on ptolemy.moml.MoMLSimpleApplication@418ea062
reloadAllAccessors: .ArrayAppend5

===========================================================================================
----------------- testing Sun Jun 03 20:24:00 UTC 2018 /home/travis/build/icyphy/ptII/ptolemy/actor/lib/test/auto/ArrayAppend6.xml
----------------- Instantiating /home/travis/build/icyphy/ptII/ptolemy/actor/lib/test/auto/ArrayAppend6.xml
4 ms. Memory: 581632K Free: 461547K (79%)
----------------- Invoking toplevel() on ptolemy.moml.MoMLSimpleApplication@6bbe8a87
----------------- Done invoking toplevel() on ptolemy.moml.MoMLSimpleApplication@6bbe8a87
reloadAllAccessors: .ArrayAppend6

===========================================================================================
----------------- testing Sun Jun 03 20:24:00 UTC 2018 /home/travis/build/icyphy/ptII/ptolemy/actor/lib/test/auto/ArrayAppendPerformanceTest.xml
----------------- Instantiating /home/travis/build/icyphy/ptII/ptolemy/actor/lib/test/auto/ArrayAppendPerformanceTest.xml
20 ms. Memory: 581632K Free: 448530K (77%)
----------------- Invoking toplevel() on ptolemy.moml.MoMLSimpleApplication@70a133db
----------------- Done invoking toplevel() on ptolemy.moml.MoMLSimpleApplication@70a133db
reloadAllAccessors: .ArrayAppendPerformanceTest

===========================================================================================
----------------- testing Sun Jun 03 20:24:00 UTC 2018 /home/travis/build/icyphy/ptII/ptolemy/actor/lib/test/auto/ArrayAppendWithEmptyInput.xml
----------------- Instantiating /home/travis/build/icyphy/ptII/ptolemy/actor/lib/test/auto/ArrayAppendWithEmptyInput.xml
18 ms. Memory: 581632K Free: 433915K (75%)
----------------- Invoking toplevel() on ptolemy.moml.MoMLSimpleApplication@76e5e502
----------------- Done invoking toplevel() on ptolemy.moml.MoMLSimpleApplication@76e5e502
reloadAllAccessors: .ArrayAppendWithEmptyInput

===========================================================================================
----------------- testing Sun Jun 03 20:24:00 UTC 2018 /home/travis/build/icyphy/ptII/ptolemy/actor/lib/test/auto/ArrayAverage.xml
----------------- Instantiating /home/travis/build/icyphy/ptII/ptolemy/actor/lib/test/auto/ArrayAverage.xml
10 ms. Memory: 581632K Free: 424161K (73%)
----------------- Invoking toplevel() on ptolemy.moml.MoMLSimpleApplication@42acdced
----------------- Done invoking toplevel() on ptolemy.moml.MoMLSimpleApplication@42acdced
reloadAllAccessors: .ArrayAverage

===========================================================================================
----------------- testing Sun Jun 03 20:24:00 UTC 2018 /home/travis/build/icyphy/ptII/ptolemy/actor/lib/test/auto/ArrayContains.xml
----------------- Instantiating /home/travis/build/icyphy/ptII/ptolemy/actor/lib/test/auto/ArrayContains.xml
7 ms. Memory: 581632K Free: 406387K (70%)
----------------- Invoking toplevel() on ptolemy.moml.MoMLSimpleApplication@78d940ac
----------------- Done invoking toplevel() on ptolemy.moml.MoMLSimpleApplication@78d940ac
reloadAllAccessors: .ArrayContains

===========================================================================================
----------------- testing Sun Jun 03 20:24:00 UTC 2018 /home/travis/build/icyphy/ptII/ptolemy/actor/lib/test/auto/ArrayElement.xml
----------------- Instantiating /home/travis/build/icyphy/ptII/ptolemy/actor/lib/test/auto/ArrayElement.xml
3 ms. Memory: 581632K Free: 399895K (69%)
----------------- Invoking toplevel() on ptolemy.moml.MoMLSimpleApplication@5cb9b58c
----------------- Done invoking toplevel() on ptolemy.moml.MoMLSimpleApplication@5cb9b58c
reloadAllAccessors: .ArrayElement

===========================================================================================
----------------- testing Sun Jun 03 20:24:00 UTC 2018 /home/travis/build/icyphy/ptII/ptolemy/actor/lib/test/auto/ArrayElementAsMatrix.xml
----------------- Instantiating /home/travis/build/icyphy/ptII/ptolemy/actor/lib/test/auto/ArrayElementAsMatrix.xml
16 ms. Memory: 581632K Free: 390141K (67%)
----------------- Invoking toplevel() on ptolemy.moml.MoMLSimpleApplication@77d65196
----------------- Done invoking toplevel() on ptolemy.moml.MoMLSimpleApplication@77d65196
reloadAllAccessors: .ArrayElementAsMatrix

===========================================================================================
----------------- testing Sun Jun 03 20:24:00 UTC 2018 /home/travis/build/icyphy/ptII/ptolemy/actor/lib/test/auto/ArrayElementI.xml
----------------- Instantiating /home/travis/build/icyphy/ptII/ptolemy/actor/lib/test/auto/ArrayElementI.xml
2 ms. Memory: 581632K Free: 375621K (65%)
----------------- Invoking toplevel() on ptolemy.moml.MoMLSimpleApplication@283351db
----------------- Done invoking toplevel() on ptolemy.moml.MoMLSimpleApplication@283351db
reloadAllAccessors: .ArrayElementI

===========================================================================================
----------------- testing Sun Jun 03 20:24:00 UTC 2018 /home/travis/build/icyphy/ptII/ptolemy/actor/lib/test/auto/ArrayExtract.xml
----------------- Instantiating /home/travis/build/icyphy/ptII/ptolemy/actor/lib/test/auto/ArrayExtract.xml
5 ms. Memory: 581632K Free: 365883K (63%)
----------------- Invoking toplevel() on ptolemy.moml.MoMLSimpleApplication@68c45943
----------------- Done invoking toplevel() on ptolemy.moml.MoMLSimpleApplication@68c45943
reloadAllAccessors: .ArrayExtract

===========================================================================================
----------------- testing Sun Jun 03 20:24:00 UTC 2018 /home/travis/build/icyphy/ptII/ptolemy/actor/lib/test/auto/ArrayExtract2.xml
----------------- Instantiating /home/travis/build/icyphy/ptII/ptolemy/actor/lib/test/auto/ArrayExtract2.xml
2 ms. Memory: 581632K Free: 359391K (62%)
----------------- Invoking toplevel() on ptolemy.moml.MoMLSimpleApplication@4c994a50
----------------- Done invoking toplevel() on ptolemy.moml.MoMLSimpleApplication@4c994a50
reloadAllAccessors: .ArrayExtract2

===========================================================================================
----------------- testing Sun Jun 03 20:24:00 UTC 2018 /home/travis/build/icyphy/ptII/ptolemy/actor/lib/test/auto/ArrayLength.xml
----------------- Instantiating /home/travis/build/icyphy/ptII/ptolemy/actor/lib/test/auto/ArrayLength.xml
2 ms. Memory: 581632K Free: 352898K (61%)
----------------- Invoking toplevel() on ptolemy.moml.MoMLSimpleApplication@1f884820
----------------- Done invoking toplevel() on ptolemy.moml.MoMLSimpleApplication@1f884820
reloadAllAccessors: .ArrayLength

===========================================================================================
----------------- testing Sun Jun 03 20:24:00 UTC 2018 /home/travis/build/icyphy/ptII/ptolemy/actor/lib/test/auto/ArrayLevelCrossing.xml
----------------- Instantiating /home/travis/build/icyphy/ptII/ptolemy/actor/lib/test/auto/ArrayLevelCrossing.xml
6 ms. Memory: 581632K Free: 335117K (58%)
----------------- Invoking toplevel() on ptolemy.moml.MoMLSimpleApplication@7ac4ce94
----------------- Done invoking toplevel() on ptolemy.moml.MoMLSimpleApplication@7ac4ce94
reloadAllAccessors: .ArrayLevelCrossing

===========================================================================================
----------------- testing Sun Jun 03 20:24:00 UTC 2018 /home/travis/build/icyphy/ptII/ptolemy/actor/lib/test/auto/ArrayLevelCrossing2.xml
----------------- Instantiating /home/travis/build/icyphy/ptII/ptolemy/actor/lib/test/auto/ArrayLevelCrossing2.xml
3 ms. Memory: 581632K Free: 325363K (56%)
----------------- Invoking toplevel() on ptolemy.moml.MoMLSimpleApplication@7995f8b
----------------- Done invoking toplevel() on ptolemy.moml.MoMLSimpleApplication@7995f8b
reloadAllAccessors: .ArrayLevelCrossing2

===========================================================================================
----------------- testing Sun Jun 03 20:24:00 UTC 2018 /home/travis/build/icyphy/ptII/ptolemy/actor/lib/test/auto/ArrayPeakSearch.xml
----------------- Instantiating /home/travis/build/icyphy/ptII/ptolemy/actor/lib/test/auto/ArrayPeakSearch.xml
7 ms. Memory: 581632K Free: 312378K (54%)
----------------- Invoking toplevel() on ptolemy.moml.MoMLSimpleApplication@937fc4f
----------------- Done invoking toplevel() on ptolemy.moml.MoMLSimpleApplication@937fc4f
reloadAllAccessors: .ArrayPeakSearch

===========================================================================================
----------------- testing Sun Jun 03 20:24:01 UTC 2018 /home/travis/build/icyphy/ptII/ptolemy/actor/lib/test/auto/ArrayPeakSearch2.xml
----------------- Instantiating /home/travis/build/icyphy/ptII/ptolemy/actor/lib/test/auto/ArrayPeakSearch2.xml
4 ms. Memory: 581632K Free: 299386K (51%)
----------------- Invoking toplevel() on ptolemy.moml.MoMLSimpleApplication@49e6e530
----------------- Done invoking toplevel() on ptolemy.moml.MoMLSimpleApplication@49e6e530
reloadAllAccessors: .ArrayPeakSearch2

===========================================================================================
----------------- testing Sun Jun 03 20:24:01 UTC 2018 /home/travis/build/icyphy/ptII/ptolemy/actor/lib/test/auto/ArrayPeakSearch3.xml
----------------- Instantiating /home/travis/build/icyphy/ptII/ptolemy/actor/lib/test/auto/ArrayPeakSearch3.xml
3 ms. Memory: 581632K Free: 278358K (48%)
----------------- Invoking toplevel() on ptolemy.moml.MoMLSimpleApplication@57daa83
----------------- Done invoking toplevel() on ptolemy.moml.MoMLSimpleApplication@57daa83
reloadAllAccessors: .ArrayPeakSearch3

===========================================================================================
----------------- testing Sun Jun 03 20:24:01 UTC 2018 /home/travis/build/icyphy/ptII/ptolemy/actor/lib/test/auto/ArrayRemoveElement.xml
----------------- Instantiating /home/travis/build/icyphy/ptII/ptolemy/actor/lib/test/auto/ArrayRemoveElement.xml
5 ms. Memory: 581632K Free: 268604K (46%)
----------------- Invoking toplevel() on ptolemy.moml.MoMLSimpleApplication@52796575
----------------- Done invoking toplevel() on ptolemy.moml.MoMLSimpleApplication@52796575
reloadAllAccessors: .ArrayRemoveElement

===========================================================================================
----------------- testing Sun Jun 03 20:24:01 UTC 2018 /home/travis/build/icyphy/ptII/ptolemy/actor/lib/test/auto/ArraySort.xml
----------------- Instantiating /home/travis/build/icyphy/ptII/ptolemy/actor/lib/test/auto/ArraySort.xml
4 ms. Memory: 581632K Free: 252191K (43%)
----------------- Invoking toplevel() on ptolemy.moml.MoMLSimpleApplication@417b2b56
----------------- Done invoking toplevel() on ptolemy.moml.MoMLSimpleApplication@417b2b56
reloadAllAccessors: .ArraySort

===========================================================================================
----------------- testing Sun Jun 03 20:24:01 UTC 2018 /home/travis/build/icyphy/ptII/ptolemy/actor/lib/test/auto/ArraySum.xml
----------------- Instantiating /home/travis/build/icyphy/ptII/ptolemy/actor/lib/test/auto/ArraySum.xml
8 ms. Memory: 581632K Free: 234425K (40%)
----------------- Invoking toplevel() on ptolemy.moml.MoMLSimpleApplication@536c52fd
----------------- Done invoking toplevel() on ptolemy.moml.MoMLSimpleApplication@536c52fd
reloadAllAccessors: .ArraySum

===========================================================================================
----------------- testing Sun Jun 03 20:24:01 UTC 2018 /home/travis/build/icyphy/ptII/ptolemy/actor/lib/test/auto/ArrayToElements.xml
----------------- Instantiating /home/travis/build/icyphy/ptII/ptolemy/actor/lib/test/auto/ArrayToElements.xml
3 ms. Memory: 581632K Free: 224679K (39%)
----------------- Invoking toplevel() on ptolemy.moml.MoMLSimpleApplication@7b0290e9
----------------- Done invoking toplevel() on ptolemy.moml.MoMLSimpleApplication@7b0290e9
reloadAllAccessors: .ArrayToElements

===========================================================================================
----------------- testing Sun Jun 03 20:24:01 UTC 2018 /home/travis/build/icyphy/ptII/ptolemy/actor/lib/test/auto/ArrayToMatrix.xml
----------------- Instantiating /home/travis/build/icyphy/ptII/ptolemy/actor/lib/test/auto/ArrayToMatrix.xml
6 ms. Memory: 581632K Free: 205154K (35%)
----------------- Invoking toplevel() on ptolemy.moml.MoMLSimpleApplication@2da47ea0
----------------- Done invoking toplevel() on ptolemy.moml.MoMLSimpleApplication@2da47ea0
reloadAllAccessors: .ArrayToMatrix

===========================================================================================
----------------- testing Sun Jun 03 20:24:01 UTC 2018 /home/travis/build/icyphy/ptII/ptolemy/actor/lib/test/auto/ArrayUpdate1.xml
----------------- Instantiating /home/travis/build/icyphy/ptII/ptolemy/actor/lib/test/auto/ArrayUpdate1.xml
2 ms. Memory: 581632K Free: 198662K (34%)
----------------- Invoking toplevel() on ptolemy.moml.MoMLSimpleApplication@3be1f495
----------------- Done invoking toplevel() on ptolemy.moml.MoMLSimpleApplication@3be1f495
reloadAllAccessors: .ArrayUpdate1

===========================================================================================
----------------- testing Sun Jun 03 20:24:01 UTC 2018 /home/travis/build/icyphy/ptII/ptolemy/actor/lib/test/auto/ArrayUpdate2.xml
----------------- Instantiating /home/travis/build/icyphy/ptII/ptolemy/actor/lib/test/auto/ArrayUpdate2.xml
2 ms. Memory: 581632K Free: 180880K (31%)
----------------- Invoking toplevel() on ptolemy.moml.MoMLSimpleApplication@e8dcec3
----------------- Done invoking toplevel() on ptolemy.moml.MoMLSimpleApplication@e8dcec3
reloadAllAccessors: .ArrayUpdate2

===========================================================================================
----------------- testing Sun Jun 03 20:24:01 UTC 2018 /home/travis/build/icyphy/ptII/ptolemy/actor/lib/test/auto/ArrayUpdate3.xml
----------------- Instantiating /home/travis/build/icyphy/ptII/ptolemy/actor/lib/test/auto/ArrayUpdate3.xml
1 ms. Memory: 581632K Free: 174388K (30%)
----------------- Invoking toplevel() on ptolemy.moml.MoMLSimpleApplication@3f24e257
----------------- Done invoking toplevel() on ptolemy.moml.MoMLSimpleApplication@3f24e257
reloadAllAccessors: .ArrayUpdate3

===========================================================================================
----------------- testing Sun Jun 03 20:24:01 UTC 2018 /home/travis/build/icyphy/ptII/ptolemy/actor/lib/test/auto/Assert1.xml
----------------- Instantiating /home/travis/build/icyphy/ptII/ptolemy/actor/lib/test/auto/Assert1.xml
2 ms. Memory: 581632K Free: 167896K (29%)
----------------- Invoking toplevel() on ptolemy.moml.MoMLSimpleApplication@3f75a238
----------------- Done invoking toplevel() on ptolemy.moml.MoMLSimpleApplication@3f75a238
reloadAllAccessors: .Assert1

===========================================================================================
----------------- testing Sun Jun 03 20:24:01 UTC 2018 /home/travis/build/icyphy/ptII/ptolemy/actor/lib/test/auto/Assert2.xml
----------------- Instantiating /home/travis/build/icyphy/ptII/ptolemy/actor/lib/test/auto/Assert2.xml
6 ms. Memory: 581632K Free: 161404K (28%)
----------------- Invoking toplevel() on ptolemy.moml.MoMLSimpleApplication@1fb1e59d
----------------- Done invoking toplevel() on ptolemy.moml.MoMLSimpleApplication@1fb1e59d
reloadAllAccessors: .Assert2

===========================================================================================
----------------- testing Sun Jun 03 20:24:01 UTC 2018 /home/travis/build/icyphy/ptII/ptolemy/actor/lib/test/auto/BooleanMultiplexor.xml
----------------- Instantiating /home/travis/build/icyphy/ptII/ptolemy/actor/lib/test/auto/BooleanMultiplexor.xml
2 ms. Memory: 581632K Free: 143622K (25%)
----------------- Invoking toplevel() on ptolemy.moml.MoMLSimpleApplication@30e193db
----------------- Done invoking toplevel() on ptolemy.moml.MoMLSimpleApplication@30e193db
reloadAllAccessors: .BooleanMultiplexor

===========================================================================================
----------------- testing Sun Jun 03 20:24:01 UTC 2018 /home/travis/build/icyphy/ptII/ptolemy/actor/lib/test/auto/BooleanMultiplexor2.xml
----------------- Instantiating /home/travis/build/icyphy/ptII/ptolemy/actor/lib/test/auto/BooleanMultiplexor2.xml
11 ms. Memory: 581632K Free: 133868K (23%)
----------------- Invoking toplevel() on ptolemy.moml.MoMLSimpleApplication@29326ca0
----------------- Done invoking toplevel() on ptolemy.moml.MoMLSimpleApplication@29326ca0
reloadAllAccessors: .BooleanMultiplexor2

===========================================================================================
----------------- testing Sun Jun 03 20:24:01 UTC 2018 /home/travis/build/icyphy/ptII/ptolemy/actor/lib/test/auto/BooleanMultiplexor3.xml
----------------- Instantiating /home/travis/build/icyphy/ptII/ptolemy/actor/lib/test/auto/BooleanMultiplexor3.xml
10 ms. Memory: 581632K Free: 127376K (22%)
----------------- Invoking toplevel() on ptolemy.moml.MoMLSimpleApplication@1c2179cc
----------------- Done invoking toplevel() on ptolemy.moml.MoMLSimpleApplication@1c2179cc
reloadAllAccessors: .BooleanMultiplexor3

===========================================================================================
----------------- testing Sun Jun 03 20:24:01 UTC 2018 /home/travis/build/icyphy/ptII/ptolemy/actor/lib/test/auto/BooleanSelect.xml
----------------- Instantiating /home/travis/build/icyphy/ptII/ptolemy/actor/lib/test/auto/BooleanSelect.xml
9 ms. Memory: 581632K Free: 109594K (19%)
----------------- Invoking toplevel() on ptolemy.moml.MoMLSimpleApplication@6d12a32c
----------------- Done invoking toplevel() on ptolemy.moml.MoMLSimpleApplication@6d12a32c
reloadAllAccessors: .BooleanSelect

===========================================================================================
----------------- testing Sun Jun 03 20:24:01 UTC 2018 /home/travis/build/icyphy/ptII/ptolemy/actor/lib/test/auto/BooleanSelect2.xml
----------------- Instantiating /home/travis/build/icyphy/ptII/ptolemy/actor/lib/test/auto/BooleanSelect2.xml
1 ms. Memory: 581632K Free: 103102K (18%)
----------------- Invoking toplevel() on ptolemy.moml.MoMLSimpleApplication@72eb4eec
----------------- Done invoking toplevel() on ptolemy.moml.MoMLSimpleApplication@72eb4eec
reloadAllAccessors: .BooleanSelect2

===========================================================================================
----------------- testing Sun Jun 03 20:24:01 UTC 2018 /home/travis/build/icyphy/ptII/ptolemy/actor/lib/test/auto/BooleanSwitch.xml
----------------- Instantiating /home/travis/build/icyphy/ptII/ptolemy/actor/lib/test/auto/BooleanSwitch.xml
5 ms. Memory: 581632K Free: 93347K (16%)
----------------- Invoking toplevel() on ptolemy.moml.MoMLSimpleApplication@233f7d24
----------------- Done invoking toplevel() on ptolemy.moml.MoMLSimpleApplication@233f7d24
reloadAllAccessors: .BooleanSwitch

===========================================================================================
----------------- testing Sun Jun 03 20:24:01 UTC 2018 /home/travis/build/icyphy/ptII/ptolemy/actor/lib/test/auto/BooleanSwitch2.xml
----------------- Instantiating /home/travis/build/icyphy/ptII/ptolemy/actor/lib/test/auto/BooleanSwitch2.xml
1 ms. Memory: 581632K Free: 86855K (15%)
----------------- Invoking toplevel() on ptolemy.moml.MoMLSimpleApplication@d017d81
----------------- Done invoking toplevel() on ptolemy.moml.MoMLSimpleApplication@d017d81
reloadAllAccessors: .BooleanSwitch2

===========================================================================================
----------------- testing Sun Jun 03 20:24:01 UTC 2018 /home/travis/build/icyphy/ptII/ptolemy/actor/lib/test/auto/BooleanSwitchCloningBugWithClassRelationGroup.xml
----------------- Instantiating /home/travis/build/icyphy/ptII/ptolemy/actor/lib/test/auto/BooleanSwitchCloningBugWithClassRelationGroup.xml
2 ms. Memory: 581632K Free: 69074K (12%)
----------------- Invoking toplevel() on ptolemy.moml.MoMLSimpleApplication@74b5e3a3
----------------- Done invoking toplevel() on ptolemy.moml.MoMLSimpleApplication@74b5e3a3
reloadAllAccessors: .BooleanSwitchCloningBugWithClassRelationGroup

===========================================================================================
----------------- testing Sun Jun 03 20:24:01 UTC 2018 /home/travis/build/icyphy/ptII/ptolemy/actor/lib/test/auto/BusActors.xml
----------------- Instantiating /home/travis/build/icyphy/ptII/ptolemy/actor/lib/test/auto/BusActors.xml
4 ms. Memory: 581632K Free: 56073K (10%)
----------------- Invoking toplevel() on ptolemy.moml.MoMLSimpleApplication@37a158dc
----------------- Done invoking toplevel() on ptolemy.moml.MoMLSimpleApplication@37a158dc
reloadAllAccessors: .BusActors

===========================================================================================
----------------- testing Sun Jun 03 20:24:01 UTC 2018 /home/travis/build/icyphy/ptII/ptolemy/actor/lib/test/auto/ClassWrapper.xml
----------------- Instantiating /home/travis/build/icyphy/ptII/ptolemy/actor/lib/test/auto/ClassWrapper.xml
8 ms. Memory: 880640K Free: 833049K (95%)
----------------- Invoking toplevel() on ptolemy.moml.MoMLSimpleApplication@5232f32b
----------------- Done invoking toplevel() on ptolemy.moml.MoMLSimpleApplication@5232f32b
reloadAllAccessors: .ClassWrapper

===========================================================================================
----------------- testing Sun Jun 03 20:24:01 UTC 2018 /home/travis/build/icyphy/ptII/ptolemy/actor/lib/test/auto/Clock.xml
----------------- Instantiating /home/travis/build/icyphy/ptII/ptolemy/actor/lib/test/auto/Clock.xml
3 ms. Memory: 880640K Free: 815810K (93%)
----------------- Invoking toplevel() on ptolemy.moml.MoMLSimpleApplication@19a90e19
----------------- Done invoking toplevel() on ptolemy.moml.MoMLSimpleApplication@19a90e19
reloadAllAccessors: .Clock

===========================================================================================
----------------- testing Sun Jun 03 20:24:01 UTC 2018 /home/travis/build/icyphy/ptII/ptolemy/actor/lib/test/auto/Clock10.xml
----------------- Instantiating /home/travis/build/icyphy/ptII/ptolemy/actor/lib/test/auto/Clock10.xml
10 ms. Memory: 880640K Free: 808017K (92%)
----------------- Invoking toplevel() on ptolemy.moml.MoMLSimpleApplication@17503db5
----------------- Done invoking toplevel() on ptolemy.moml.MoMLSimpleApplication@17503db5
reloadAllAccessors: .Clock10

===========================================================================================
----------------- testing Sun Jun 03 20:24:01 UTC 2018 /home/travis/build/icyphy/ptII/ptolemy/actor/lib/test/auto/Clock11.xml
----------------- Instantiating /home/travis/build/icyphy/ptII/ptolemy/actor/lib/test/auto/Clock11.xml
8 ms. Memory: 880640K Free: 800224K (91%)
----------------- Invoking toplevel() on ptolemy.moml.MoMLSimpleApplication@51a653f6
----------------- Done invoking toplevel() on ptolemy.moml.MoMLSimpleApplication@51a653f6
reloadAllAccessors: .Clock11

===========================================================================================
----------------- testing Sun Jun 03 20:24:01 UTC 2018 /home/travis/build/icyphy/ptII/ptolemy/actor/lib/test/auto/Clock12.xml
----------------- Instantiating /home/travis/build/icyphy/ptII/ptolemy/actor/lib/test/auto/Clock12.xml
8 ms. Memory: 880640K Free: 792432K (90%)
----------------- Invoking toplevel() on ptolemy.moml.MoMLSimpleApplication@1cd81d0e
----------------- Done invoking toplevel() on ptolemy.moml.MoMLSimpleApplication@1cd81d0e
reloadAllAccessors: .Clock12

===========================================================================================
----------------- testing Sun Jun 03 20:24:01 UTC 2018 /home/travis/build/icyphy/ptII/ptolemy/actor/lib/test/auto/Clock13.xml
----------------- Instantiating /home/travis/build/icyphy/ptII/ptolemy/actor/lib/test/auto/Clock13.xml
9 ms. Memory: 880640K Free: 775354K (88%)
----------------- Invoking toplevel() on ptolemy.moml.MoMLSimpleApplication@5d84f52f
----------------- Done invoking toplevel() on ptolemy.moml.MoMLSimpleApplication@5d84f52f
reloadAllAccessors: .Clock13

===========================================================================================
----------------- testing Sun Jun 03 20:24:02 UTC 2018 /home/travis/build/icyphy/ptII/ptolemy/actor/lib/test/auto/Clock14.xml
----------------- Instantiating /home/travis/build/icyphy/ptII/ptolemy/actor/lib/test/auto/Clock14.xml
9 ms. Memory: 880640K Free: 767562K (87%)
----------------- Invoking toplevel() on ptolemy.moml.MoMLSimpleApplication@2a5779e0
----------------- Done invoking toplevel() on ptolemy.moml.MoMLSimpleApplication@2a5779e0
reloadAllAccessors: .Clock14

===========================================================================================
----------------- testing Sun Jun 03 20:24:02 UTC 2018 /home/travis/build/icyphy/ptII/ptolemy/actor/lib/test/auto/Clock15.xml
----------------- Instantiating /home/travis/build/icyphy/ptII/ptolemy/actor/lib/test/auto/Clock15.xml
7 ms. Memory: 880640K Free: 759769K (86%)
----------------- Invoking toplevel() on ptolemy.moml.MoMLSimpleApplication@495bcbfa
----------------- Done invoking toplevel() on ptolemy.moml.MoMLSimpleApplication@495bcbfa
reloadAllAccessors: .Clock15

===========================================================================================
----------------- testing Sun Jun 03 20:24:02 UTC 2018 /home/travis/build/icyphy/ptII/ptolemy/actor/lib/test/auto/Clock16.xml
----------------- Instantiating /home/travis/build/icyphy/ptII/ptolemy/actor/lib/test/auto/Clock16.xml
23 ms. Memory: 880640K Free: 744168K (85%)
----------------- Invoking toplevel() on ptolemy.moml.MoMLSimpleApplication@26d2e6f5
----------------- Done invoking toplevel() on ptolemy.moml.MoMLSimpleApplication@26d2e6f5
reloadAllAccessors: .Clock16

===========================================================================================
----------------- testing Sun Jun 03 20:24:02 UTC 2018 /home/travis/build/icyphy/ptII/ptolemy/actor/lib/test/auto/Clock17.xml
----------------- Instantiating /home/travis/build/icyphy/ptII/ptolemy/actor/lib/test/auto/Clock17.xml
10 ms. Memory: 880640K Free: 719282K (82%)
----------------- Invoking toplevel() on ptolemy.moml.MoMLSimpleApplication@1ebc2d1a
----------------- Done invoking toplevel() on ptolemy.moml.MoMLSimpleApplication@1ebc2d1a
reloadAllAccessors: .Clock17

===========================================================================================
----------------- testing Sun Jun 03 20:24:02 UTC 2018 /home/travis/build/icyphy/ptII/ptolemy/actor/lib/test/auto/Clock18.xml
----------------- Instantiating /home/travis/build/icyphy/ptII/ptolemy/actor/lib/test/auto/Clock18.xml
20 ms. Memory: 880640K Free: 703681K (80%)
----------------- Invoking toplevel() on ptolemy.moml.MoMLSimpleApplication@6dc1f70
----------------- Done invoking toplevel() on ptolemy.moml.MoMLSimpleApplication@6dc1f70
reloadAllAccessors: .Clock18

===========================================================================================
----------------- testing Sun Jun 03 20:24:02 UTC 2018 /home/travis/build/icyphy/ptII/ptolemy/actor/lib/test/auto/Clock19.xml
----------------- Instantiating /home/travis/build/icyphy/ptII/ptolemy/actor/lib/test/auto/Clock19.xml
10 ms. Memory: 880640K Free: 688079K (78%)
----------------- Invoking toplevel() on ptolemy.moml.MoMLSimpleApplication@533fea68
----------------- Done invoking toplevel() on ptolemy.moml.MoMLSimpleApplication@533fea68
reloadAllAccessors: .Clock19

===========================================================================================
----------------- testing Sun Jun 03 20:24:02 UTC 2018 /home/travis/build/icyphy/ptII/ptolemy/actor/lib/test/auto/Clock2.xml
----------------- Instantiating /home/travis/build/icyphy/ptII/ptolemy/actor/lib/test/auto/Clock2.xml
3 ms. Memory: 880640K Free: 680287K (77%)
----------------- Invoking toplevel() on ptolemy.moml.MoMLSimpleApplication@7313b2b4
----------------- Done invoking toplevel() on ptolemy.moml.MoMLSimpleApplication@7313b2b4
reloadAllAccessors: .Clock2

===========================================================================================
----------------- testing Sun Jun 03 20:24:02 UTC 2018 /home/travis/build/icyphy/ptII/ptolemy/actor/lib/test/auto/Clock20.xml
----------------- Instantiating /home/travis/build/icyphy/ptII/ptolemy/actor/lib/test/auto/Clock20.xml
11 ms. Memory: 880640K Free: 663209K (75%)
----------------- Invoking toplevel() on ptolemy.moml.MoMLSimpleApplication@4c85fa64
----------------- Done invoking toplevel() on ptolemy.moml.MoMLSimpleApplication@4c85fa64
reloadAllAccessors: .Clock20

===========================================================================================
----------------- testing Sun Jun 03 20:24:02 UTC 2018 /home/travis/build/icyphy/ptII/ptolemy/actor/lib/test/auto/Clock21.xml
----------------- Instantiating /home/travis/build/icyphy/ptII/ptolemy/actor/lib/test/auto/Clock21.xml
2 ms. Memory: 880640K Free: 655416K (74%)
----------------- Invoking toplevel() on ptolemy.moml.MoMLSimpleApplication@17570f99
----------------- Done invoking toplevel() on ptolemy.moml.MoMLSimpleApplication@17570f99
reloadAllAccessors: .Clock21

===========================================================================================
----------------- testing Sun Jun 03 20:24:02 UTC 2018 /home/travis/build/icyphy/ptII/ptolemy/actor/lib/test/auto/Clock22.xml
----------------- Instantiating /home/travis/build/icyphy/ptII/ptolemy/actor/lib/test/auto/Clock22.xml
2 ms. Memory: 880640K Free: 647624K (74%)
----------------- Invoking toplevel() on ptolemy.moml.MoMLSimpleApplication@cba3837
----------------- Done invoking toplevel() on ptolemy.moml.MoMLSimpleApplication@cba3837
reloadAllAccessors: .Clock22

===========================================================================================
----------------- testing Sun Jun 03 20:24:02 UTC 2018 /home/travis/build/icyphy/ptII/ptolemy/actor/lib/test/auto/Clock23.xml
----------------- Instantiating /home/travis/build/icyphy/ptII/ptolemy/actor/lib/test/auto/Clock23.xml
2 ms. Memory: 880640K Free: 639831K (73%)
----------------- Invoking toplevel() on ptolemy.moml.MoMLSimpleApplication@53e90230
----------------- Done invoking toplevel() on ptolemy.moml.MoMLSimpleApplication@53e90230
reloadAllAccessors: .Clock23

===========================================================================================
----------------- testing Sun Jun 03 20:24:02 UTC 2018 /home/travis/build/icyphy/ptII/ptolemy/actor/lib/test/auto/Clock24.xml
----------------- Instantiating /home/travis/build/icyphy/ptII/ptolemy/actor/lib/test/auto/Clock24.xml
3 ms. Memory: 880640K Free: 622754K (71%)
----------------- Invoking toplevel() on ptolemy.moml.MoMLSimpleApplication@6053ad83
----------------- Done invoking toplevel() on ptolemy.moml.MoMLSimpleApplication@6053ad83
reloadAllAccessors: .Clock24

===========================================================================================
----------------- testing Sun Jun 03 20:24:02 UTC 2018 /home/travis/build/icyphy/ptII/ptolemy/actor/lib/test/auto/Clock4.xml
----------------- Instantiating /home/travis/build/icyphy/ptII/ptolemy/actor/lib/test/auto/Clock4.xml
1 ms. Memory: 880640K Free: 614961K (70%)
----------------- Invoking toplevel() on ptolemy.moml.MoMLSimpleApplication@65af20a4
----------------- Done invoking toplevel() on ptolemy.moml.MoMLSimpleApplication@65af20a4
reloadAllAccessors: .Clock4

===========================================================================================
----------------- testing Sun Jun 03 20:24:02 UTC 2018 /home/travis/build/icyphy/ptII/ptolemy/actor/lib/test/auto/Clock5.xml
----------------- Instantiating /home/travis/build/icyphy/ptII/ptolemy/actor/lib/test/auto/Clock5.xml
2 ms. Memory: 880640K Free: 607168K (69%)
----------------- Invoking toplevel() on ptolemy.moml.MoMLSimpleApplication@5596fe1a
----------------- Done invoking toplevel() on ptolemy.moml.MoMLSimpleApplication@5596fe1a
reloadAllAccessors: .Clock5

===========================================================================================
----------------- testing Sun Jun 03 20:24:02 UTC 2018 /home/travis/build/icyphy/ptII/ptolemy/actor/lib/test/auto/Clock6.xml
----------------- Instantiating /home/travis/build/icyphy/ptII/ptolemy/actor/lib/test/auto/Clock6.xml
2 ms. Memory: 880640K Free: 599376K (68%)
----------------- Invoking toplevel() on ptolemy.moml.MoMLSimpleApplication@14fe0cc1
----------------- Done invoking toplevel() on ptolemy.moml.MoMLSimpleApplication@14fe0cc1
reloadAllAccessors: .Clock6

===========================================================================================
----------------- testing Sun Jun 03 20:24:02 UTC 2018 /home/travis/build/icyphy/ptII/ptolemy/actor/lib/test/auto/Clock7.xml
----------------- Instantiating /home/travis/build/icyphy/ptII/ptolemy/actor/lib/test/auto/Clock7.xml
2 ms. Memory: 880640K Free: 582298K (66%)
----------------- Invoking toplevel() on ptolemy.moml.MoMLSimpleApplication@7cb146af
----------------- Done invoking toplevel() on ptolemy.moml.MoMLSimpleApplication@7cb146af
reloadAllAccessors: .Clock7

===========================================================================================
----------------- testing Sun Jun 03 20:24:02 UTC 2018 /home/travis/build/icyphy/ptII/ptolemy/actor/lib/test/auto/Clock8.xml
----------------- Instantiating /home/travis/build/icyphy/ptII/ptolemy/actor/lib/test/auto/Clock8.xml
2 ms. Memory: 880640K Free: 574506K (65%)
----------------- Invoking toplevel() on ptolemy.moml.MoMLSimpleApplication@2ec879b0
----------------- Done invoking toplevel() on ptolemy.moml.MoMLSimpleApplication@2ec879b0
reloadAllAccessors: .Clock8

===========================================================================================
----------------- testing Sun Jun 03 20:24:02 UTC 2018 /home/travis/build/icyphy/ptII/ptolemy/actor/lib/test/auto/Clock9.xml
----------------- Instantiating /home/travis/build/icyphy/ptII/ptolemy/actor/lib/test/auto/Clock9.xml
3 ms. Memory: 880640K Free: 566713K (64%)
----------------- Invoking toplevel() on ptolemy.moml.MoMLSimpleApplication@574944eb
----------------- Done invoking toplevel() on ptolemy.moml.MoMLSimpleApplication@574944eb
reloadAllAccessors: .Clock9

===========================================================================================
----------------- testing Sun Jun 03 20:24:02 UTC 2018 /home/travis/build/icyphy/ptII/ptolemy/actor/lib/test/auto/CommDistDiscard.xml
----------------- Instantiating /home/travis/build/icyphy/ptII/ptolemy/actor/lib/test/auto/CommDistDiscard.xml
4 ms. Memory: 880640K Free: 558920K (63%)
----------------- Invoking toplevel() on ptolemy.moml.MoMLSimpleApplication@5ee16fd4
----------------- Done invoking toplevel() on ptolemy.moml.MoMLSimpleApplication@5ee16fd4
reloadAllAccessors: .CommDistDiscard

===========================================================================================
----------------- testing Sun Jun 03 20:24:02 UTC 2018 /home/travis/build/icyphy/ptII/ptolemy/actor/lib/test/auto/Commutator.xml
----------------- Instantiating /home/travis/build/icyphy/ptII/ptolemy/actor/lib/test/auto/Commutator.xml
1 ms. Memory: 880640K Free: 541843K (62%)
----------------- Invoking toplevel() on ptolemy.moml.MoMLSimpleApplication@610ffbbe
----------------- Done invoking toplevel() on ptolemy.moml.MoMLSimpleApplication@610ffbbe
reloadAllAccessors: .Commutator

===========================================================================================
----------------- testing Sun Jun 03 20:24:02 UTC 2018 /home/travis/build/icyphy/ptII/ptolemy/actor/lib/test/auto/Commutator2.xml
----------------- Instantiating /home/travis/build/icyphy/ptII/ptolemy/actor/lib/test/auto/Commutator2.xml
1 ms. Memory: 880640K Free: 534050K (61%)
----------------- Invoking toplevel() on ptolemy.moml.MoMLSimpleApplication@656b8b54
----------------- Done invoking toplevel() on ptolemy.moml.MoMLSimpleApplication@656b8b54
reloadAllAccessors: .Commutator2

===========================================================================================
----------------- testing Sun Jun 03 20:24:02 UTC 2018 /home/travis/build/icyphy/ptII/ptolemy/actor/lib/test/auto/Commutator3.xml
----------------- Instantiating /home/travis/build/icyphy/ptII/ptolemy/actor/lib/test/auto/Commutator3.xml
2 ms. Memory: 880640K Free: 526258K (60%)
----------------- Invoking toplevel() on ptolemy.moml.MoMLSimpleApplication@59cbb51f
----------------- Done invoking toplevel() on ptolemy.moml.MoMLSimpleApplication@59cbb51f
reloadAllAccessors: .Commutator3

===========================================================================================
----------------- testing Sun Jun 03 20:24:02 UTC 2018 /home/travis/build/icyphy/ptII/ptolemy/actor/lib/test/auto/Compare.xml
----------------- Instantiating /home/travis/build/icyphy/ptII/ptolemy/actor/lib/test/auto/Compare.xml
2 ms. Memory: 880640K Free: 514569K (58%)
----------------- Invoking toplevel() on ptolemy.moml.MoMLSimpleApplication@1dfefd78
----------------- Done invoking toplevel() on ptolemy.moml.MoMLSimpleApplication@1dfefd78
reloadAllAccessors: .Compare

===========================================================================================
----------------- testing Sun Jun 03 20:24:02 UTC 2018 /home/travis/build/icyphy/ptII/ptolemy/actor/lib/test/auto/CompareDE.xml
----------------- Instantiating /home/travis/build/icyphy/ptII/ptolemy/actor/lib/test/auto/CompareDE.xml
5 ms. Memory: 880640K Free: 493579K (56%)
----------------- Invoking toplevel() on ptolemy.moml.MoMLSimpleApplication@654f5ff5
----------------- Done invoking toplevel() on ptolemy.moml.MoMLSimpleApplication@654f5ff5
reloadAllAccessors: .CompareDE

===========================================================================================
----------------- testing Sun Jun 03 20:24:02 UTC 2018 /home/travis/build/icyphy/ptII/ptolemy/actor/lib/test/auto/ComplexDivide.xml
----------------- Instantiating /home/travis/build/icyphy/ptII/ptolemy/actor/lib/test/auto/ComplexDivide.xml
1 ms. Memory: 880640K Free: 485787K (55%)
----------------- Invoking toplevel() on ptolemy.moml.MoMLSimpleApplication@16a6e183
----------------- Done invoking toplevel() on ptolemy.moml.MoMLSimpleApplication@16a6e183
reloadAllAccessors: .ComplexDivide

===========================================================================================
----------------- testing Sun Jun 03 20:24:02 UTC 2018 /home/travis/build/icyphy/ptII/ptolemy/actor/lib/test/auto/ComputeHistogram.xml
----------------- Instantiating /home/travis/build/icyphy/ptII/ptolemy/actor/lib/test/auto/ComputeHistogram.xml
42 ms. Memory: 880640K Free: 470177K (53%)
----------------- Invoking toplevel() on ptolemy.moml.MoMLSimpleApplication@7082c1c3
----------------- Done invoking toplevel() on ptolemy.moml.MoMLSimpleApplication@7082c1c3
reloadAllAccessors: .ComputeHistogram

===========================================================================================
----------------- testing Sun Jun 03 20:24:02 UTC 2018 /home/travis/build/icyphy/ptII/ptolemy/actor/lib/test/auto/ConfigurationSelect.xml
----------------- Instantiating /home/travis/build/icyphy/ptII/ptolemy/actor/lib/test/auto/ConfigurationSelect.xml
2 ms. Memory: 880640K Free: 462385K (53%)
----------------- Invoking toplevel() on ptolemy.moml.MoMLSimpleApplication@79ff52fd
----------------- Done invoking toplevel() on ptolemy.moml.MoMLSimpleApplication@79ff52fd
reloadAllAccessors: .ConfigurationSelect

===========================================================================================
----------------- testing Sun Jun 03 20:24:02 UTC 2018 /home/travis/build/icyphy/ptII/ptolemy/actor/lib/test/auto/ConfigurationSelect2.xml
----------------- Instantiating /home/travis/build/icyphy/ptII/ptolemy/actor/lib/test/auto/ConfigurationSelect2.xml
2 ms. Memory: 880640K Free: 445307K (51%)
----------------- Invoking toplevel() on ptolemy.moml.MoMLSimpleApplication@a40a4de
----------------- Done invoking toplevel() on ptolemy.moml.MoMLSimpleApplication@a40a4de
reloadAllAccessors: .ConfigurationSelect2

===========================================================================================
----------------- testing Sun Jun 03 20:24:02 UTC 2018 /home/travis/build/icyphy/ptII/ptolemy/actor/lib/test/auto/ConfigurationSwitch.xml
----------------- Instantiating /home/travis/build/icyphy/ptII/ptolemy/actor/lib/test/auto/ConfigurationSwitch.xml
2 ms. Memory: 880640K Free: 437515K (50%)
----------------- Invoking toplevel() on ptolemy.moml.MoMLSimpleApplication@5516b569
----------------- Done invoking toplevel() on ptolemy.moml.MoMLSimpleApplication@5516b569
reloadAllAccessors: .ConfigurationSwitch

===========================================================================================
----------------- testing Sun Jun 03 20:24:02 UTC 2018 /home/travis/build/icyphy/ptII/ptolemy/actor/lib/test/auto/ConfigurationSwitch2.xml
----------------- Instantiating /home/travis/build/icyphy/ptII/ptolemy/actor/lib/test/auto/ConfigurationSwitch2.xml
4 ms. Memory: 880640K Free: 429722K (49%)
----------------- Invoking toplevel() on ptolemy.moml.MoMLSimpleApplication@4877d195
----------------- Done invoking toplevel() on ptolemy.moml.MoMLSimpleApplication@4877d195
reloadAllAccessors: .ConfigurationSwitch2

===========================================================================================
----------------- testing Sun Jun 03 20:24:02 UTC 2018 /home/travis/build/icyphy/ptII/ptolemy/actor/lib/test/auto/ConfigurationSwitchCloningBugWithClassRelationGroup.xml
----------------- Instantiating /home/travis/build/icyphy/ptII/ptolemy/actor/lib/test/auto/ConfigurationSwitchCloningBugWithClassRelationGroup.xml
1 ms. Memory: 880640K Free: 418033K (47%)
----------------- Invoking toplevel() on ptolemy.moml.MoMLSimpleApplication@35cd0289
----------------- Done invoking toplevel() on ptolemy.moml.MoMLSimpleApplication@35cd0289
reloadAllAccessors: .ConfigurationSwitchCloningBugWithClassRelationGroup

===========================================================================================
----------------- testing Sun Jun 03 20:24:03 UTC 2018 /home/travis/build/icyphy/ptII/ptolemy/actor/lib/test/auto/ConfigurationSwitchSelectSDF.xml
----------------- Instantiating /home/travis/build/icyphy/ptII/ptolemy/actor/lib/test/auto/ConfigurationSwitchSelectSDF.xml
2 ms. Memory: 880640K Free: 400956K (46%)
----------------- Invoking toplevel() on ptolemy.moml.MoMLSimpleApplication@2b32f78f
----------------- Done invoking toplevel() on ptolemy.moml.MoMLSimpleApplication@2b32f78f
reloadAllAccessors: .ConfigurationSwitchSelectSDF

===========================================================================================
----------------- testing Sun Jun 03 20:24:03 UTC 2018 /home/travis/build/icyphy/ptII/ptolemy/actor/lib/test/auto/ConfigurationSwitchSelectSDF2.xml
----------------- Instantiating /home/travis/build/icyphy/ptII/ptolemy/actor/lib/test/auto/ConfigurationSwitchSelectSDF2.xml
1 ms. Memory: 880640K Free: 393163K (45%)
----------------- Invoking toplevel() on ptolemy.moml.MoMLSimpleApplication@2d7cd038
----------------- Done invoking toplevel() on ptolemy.moml.MoMLSimpleApplication@2d7cd038
reloadAllAccessors: .ConfigurationSwitchSelectSDF2

===========================================================================================
----------------- testing Sun Jun 03 20:24:03 UTC 2018 /home/travis/build/icyphy/ptII/ptolemy/actor/lib/test/auto/Const.xml
----------------- Instantiating /home/travis/build/icyphy/ptII/ptolemy/actor/lib/test/auto/Const.xml
0 ms. Memory: 880640K Free: 385370K (44%)
----------------- Invoking toplevel() on ptolemy.moml.MoMLSimpleApplication@46fa564
----------------- Done invoking toplevel() on ptolemy.moml.MoMLSimpleApplication@46fa564
reloadAllAccessors: .Const

===========================================================================================
----------------- testing Sun Jun 03 20:24:03 UTC 2018 /home/travis/build/icyphy/ptII/ptolemy/actor/lib/test/auto/Const2.xml
----------------- Instantiating /home/travis/build/icyphy/ptII/ptolemy/actor/lib/test/auto/Const2.xml
1 ms. Memory: 880640K Free: 377578K (43%)
----------------- Invoking toplevel() on ptolemy.moml.MoMLSimpleApplication@7e30ec53
----------------- Done invoking toplevel() on ptolemy.moml.MoMLSimpleApplication@7e30ec53
reloadAllAccessors: .Const2

===========================================================================================
----------------- testing Sun Jun 03 20:24:03 UTC 2018 /home/travis/build/icyphy/ptII/ptolemy/actor/lib/test/auto/Const3.xml
----------------- Instantiating /home/travis/build/icyphy/ptII/ptolemy/actor/lib/test/auto/Const3.xml
1 ms. Memory: 880640K Free: 369785K (42%)
----------------- Invoking toplevel() on ptolemy.moml.MoMLSimpleApplication@c9fd00b
----------------- Done invoking toplevel() on ptolemy.moml.MoMLSimpleApplication@c9fd00b
reloadAllAccessors: .Const3

===========================================================================================
----------------- testing Sun Jun 03 20:24:03 UTC 2018 /home/travis/build/icyphy/ptII/ptolemy/actor/lib/test/auto/ConstantPublisherPort1.xml
----------------- Instantiating /home/travis/build/icyphy/ptII/ptolemy/actor/lib/test/auto/ConstantPublisherPort1.xml
8 ms. Memory: 880640K Free: 348796K (40%)
----------------- Invoking toplevel() on ptolemy.moml.MoMLSimpleApplication@72bb3849
----------------- Done invoking toplevel() on ptolemy.moml.MoMLSimpleApplication@72bb3849
reloadAllAccessors: .ConstantPublisherPort1

===========================================================================================
----------------- testing Sun Jun 03 20:24:03 UTC 2018 /home/travis/build/icyphy/ptII/ptolemy/actor/lib/test/auto/ConstantPublisherPort2.xml
----------------- Instantiating /home/travis/build/icyphy/ptII/ptolemy/actor/lib/test/auto/ConstantPublisherPort2.xml
11 ms. Memory: 880640K Free: 337107K (38%)
----------------- Invoking toplevel() on ptolemy.moml.MoMLSimpleApplication@49348d4c
----------------- Done invoking toplevel() on ptolemy.moml.MoMLSimpleApplication@49348d4c
reloadAllAccessors: .ConstantPublisherPort2

===========================================================================================
----------------- testing Sun Jun 03 20:24:03 UTC 2018 /home/travis/build/icyphy/ptII/ptolemy/actor/lib/test/auto/ConstantPublisherPort3.xml
----------------- Instantiating /home/travis/build/icyphy/ptII/ptolemy/actor/lib/test/auto/ConstantPublisherPort3.xml
5 ms. Memory: 880640K Free: 325402K (37%)
----------------- Invoking toplevel() on ptolemy.moml.MoMLSimpleApplication@2ded253
----------------- Done invoking toplevel() on ptolemy.moml.MoMLSimpleApplication@2ded253
reloadAllAccessors: .ConstantPublisherPort3

===========================================================================================
----------------- testing Sun Jun 03 20:24:03 UTC 2018 /home/travis/build/icyphy/ptII/ptolemy/actor/lib/test/auto/ConstantPublisherPort4.xml
----------------- Instantiating /home/travis/build/icyphy/ptII/ptolemy/actor/lib/test/auto/ConstantPublisherPort4.xml
5 ms. Memory: 880640K Free: 313705K (36%)
----------------- Invoking toplevel() on ptolemy.moml.MoMLSimpleApplication@3cb32095
----------------- Done invoking toplevel() on ptolemy.moml.MoMLSimpleApplication@3cb32095
reloadAllAccessors: .ConstantPublisherPort4

===========================================================================================
----------------- testing Sun Jun 03 20:24:03 UTC 2018 /home/travis/build/icyphy/ptII/ptolemy/actor/lib/test/auto/ConstantPublisherPort5.xml
----------------- Instantiating /home/travis/build/icyphy/ptII/ptolemy/actor/lib/test/auto/ConstantPublisherPort5.xml
33 ms. Memory: 880640K Free: 284938K (32%)
----------------- Invoking toplevel() on ptolemy.moml.MoMLSimpleApplication@6d777a2b
----------------- Done invoking toplevel() on ptolemy.moml.MoMLSimpleApplication@6d777a2b
reloadAllAccessors: .ConstantPublisherPort5

===========================================================================================
----------------- testing Sun Jun 03 20:24:03 UTC 2018 /home/travis/build/icyphy/ptII/ptolemy/actor/lib/test/auto/ConstantPublisherPort6.xml
----------------- Instantiating /home/travis/build/icyphy/ptII/ptolemy/actor/lib/test/auto/ConstantPublisherPort6.xml
22 ms. Memory: 880640K Free: 261544K (30%)
----------------- Invoking toplevel() on ptolemy.moml.MoMLSimpleApplication@349b4285
----------------- Done invoking toplevel() on ptolemy.moml.MoMLSimpleApplication@349b4285
reloadAllAccessors: .ConstantPublisherPort6

===========================================================================================
----------------- testing Sun Jun 03 20:24:03 UTC 2018 /home/travis/build/icyphy/ptII/ptolemy/actor/lib/test/auto/ConstantPublisherPort7.xml
----------------- Instantiating /home/travis/build/icyphy/ptII/ptolemy/actor/lib/test/auto/ConstantPublisherPort7.xml
14 ms. Memory: 880640K Free: 238150K (27%)
----------------- Invoking toplevel() on ptolemy.moml.MoMLSimpleApplication@1594f96e
----------------- Done invoking toplevel() on ptolemy.moml.MoMLSimpleApplication@1594f96e
reloadAllAccessors: .ConstantPublisherPort7

===========================================================================================
----------------- testing Sun Jun 03 20:24:03 UTC 2018 /home/travis/build/icyphy/ptII/ptolemy/actor/lib/test/auto/ConstraintMonitor1.xml
----------------- Instantiating /home/travis/build/icyphy/ptII/ptolemy/actor/lib/test/auto/ConstraintMonitor1.xml
3 ms. Memory: 880640K Free: 230358K (26%)
----------------- Invoking toplevel() on ptolemy.moml.MoMLSimpleApplication@112f06e3
----------------- Done invoking toplevel() on ptolemy.moml.MoMLSimpleApplication@112f06e3
reloadAllAccessors: .ConstraintMonitor1

===========================================================================================
----------------- testing Sun Jun 03 20:24:03 UTC 2018 /home/travis/build/icyphy/ptII/ptolemy/actor/lib/test/auto/ConstraintMonitor2.xml
----------------- Instantiating /home/travis/build/icyphy/ptII/ptolemy/actor/lib/test/auto/ConstraintMonitor2.xml
1 ms. Memory: 880640K Free: 213280K (24%)
----------------- Invoking toplevel() on ptolemy.moml.MoMLSimpleApplication@70caf22a
----------------- Done invoking toplevel() on ptolemy.moml.MoMLSimpleApplication@70caf22a
reloadAllAccessors: .ConstraintMonitor2

===========================================================================================
----------------- testing Sun Jun 03 20:24:03 UTC 2018 /home/travis/build/icyphy/ptII/ptolemy/actor/lib/test/auto/ConstraintMonitor3.xml
----------------- Instantiating /home/travis/build/icyphy/ptII/ptolemy/actor/lib/test/auto/ConstraintMonitor3.xml
6 ms. Memory: 880640K Free: 205488K (23%)
----------------- Invoking toplevel() on ptolemy.moml.MoMLSimpleApplication@733f4d63
----------------- Done invoking toplevel() on ptolemy.moml.MoMLSimpleApplication@733f4d63
reloadAllAccessors: .ConstraintMonitor3

===========================================================================================
----------------- testing Sun Jun 03 20:24:03 UTC 2018 /home/travis/build/icyphy/ptII/ptolemy/actor/lib/test/auto/ConstraintMonitor4.xml
----------------- Instantiating /home/travis/build/icyphy/ptII/ptolemy/actor/lib/test/auto/ConstraintMonitor4.xml
5 ms. Memory: 880640K Free: 197695K (22%)
----------------- Invoking toplevel() on ptolemy.moml.MoMLSimpleApplication@562ede3
----------------- Done invoking toplevel() on ptolemy.moml.MoMLSimpleApplication@562ede3
reloadAllAccessors: .ConstraintMonitor4

===========================================================================================
----------------- testing Sun Jun 03 20:24:03 UTC 2018 /home/travis/build/icyphy/ptII/ptolemy/actor/lib/test/auto/ConstraintMonitor5.xml
----------------- Instantiating /home/travis/build/icyphy/ptII/ptolemy/actor/lib/test/auto/ConstraintMonitor5.xml
6 ms. Memory: 880640K Free: 189902K (22%)
----------------- Invoking toplevel() on ptolemy.moml.MoMLSimpleApplication@49a4ef9d
----------------- Done invoking toplevel() on ptolemy.moml.MoMLSimpleApplication@49a4ef9d
reloadAllAccessors: .ConstraintMonitor5

===========================================================================================
----------------- testing Sun Jun 03 20:24:03 UTC 2018 /home/travis/build/icyphy/ptII/ptolemy/actor/lib/test/auto/ConstraintMonitor6.xml
----------------- Instantiating /home/travis/build/icyphy/ptII/ptolemy/actor/lib/test/auto/ConstraintMonitor6.xml
8 ms. Memory: 880640K Free: 168913K (19%)
----------------- Invoking toplevel() on ptolemy.moml.MoMLSimpleApplication@42f62bcd
----------------- Done invoking toplevel() on ptolemy.moml.MoMLSimpleApplication@42f62bcd
reloadAllAccessors: .ConstraintMonitor6

===========================================================================================
----------------- testing Sun Jun 03 20:24:03 UTC 2018 /home/travis/build/icyphy/ptII/ptolemy/actor/lib/test/auto/ConstraintMonitor7.xml
----------------- Instantiating /home/travis/build/icyphy/ptII/ptolemy/actor/lib/test/auto/ConstraintMonitor7.xml
4 ms. Memory: 880640K Free: 157208K (18%)
----------------- Invoking toplevel() on ptolemy.moml.MoMLSimpleApplication@4a316c1d
----------------- Done invoking toplevel() on ptolemy.moml.MoMLSimpleApplication@4a316c1d
reloadAllAccessors: .ConstraintMonitor7

===========================================================================================
----------------- testing Sun Jun 03 20:24:03 UTC 2018 /home/travis/build/icyphy/ptII/ptolemy/actor/lib/test/auto/ConstraintMonitor8.xml
----------------- Instantiating /home/travis/build/icyphy/ptII/ptolemy/actor/lib/test/auto/ConstraintMonitor8.xml
9 ms. Memory: 880640K Free: 145519K (17%)
----------------- Invoking toplevel() on ptolemy.moml.MoMLSimpleApplication@46c0a46e
----------------- Done invoking toplevel() on ptolemy.moml.MoMLSimpleApplication@46c0a46e
reloadAllAccessors: .ConstraintMonitor8

===========================================================================================
----------------- testing Sun Jun 03 20:24:03 UTC 2018 /home/travis/build/icyphy/ptII/ptolemy/actor/lib/test/auto/Counter.xml
----------------- Instantiating /home/travis/build/icyphy/ptII/ptolemy/actor/lib/test/auto/Counter.xml
3 ms. Memory: 880640K Free: 137726K (16%)
----------------- Invoking toplevel() on ptolemy.moml.MoMLSimpleApplication@c08976a
----------------- Done invoking toplevel() on ptolemy.moml.MoMLSimpleApplication@c08976a
reloadAllAccessors: .Counter

===========================================================================================
----------------- testing Sun Jun 03 20:24:03 UTC 2018 /home/travis/build/icyphy/ptII/ptolemy/actor/lib/test/auto/CurrentTimeSDF.xml
----------------- Instantiating /home/travis/build/icyphy/ptII/ptolemy/actor/lib/test/auto/CurrentTimeSDF.xml
1 ms. Memory: 880640K Free: 120649K (14%)
----------------- Invoking toplevel() on ptolemy.moml.MoMLSimpleApplication@98f9c3c
----------------- Done invoking toplevel() on ptolemy.moml.MoMLSimpleApplication@98f9c3c
reloadAllAccessors: .CurrentTimeSDF

===========================================================================================
----------------- testing Sun Jun 03 20:24:03 UTC 2018 /home/travis/build/icyphy/ptII/ptolemy/actor/lib/test/auto/DB.xml
----------------- Instantiating /home/travis/build/icyphy/ptII/ptolemy/actor/lib/test/auto/DB.xml
3 ms. Memory: 880640K Free: 112856K (13%)
----------------- Invoking toplevel() on ptolemy.moml.MoMLSimpleApplication@81da903
----------------- Done invoking toplevel() on ptolemy.moml.MoMLSimpleApplication@81da903
reloadAllAccessors: .DB

===========================================================================================
----------------- testing Sun Jun 03 20:24:03 UTC 2018 /home/travis/build/icyphy/ptII/ptolemy/actor/lib/test/auto/DBDE.xml
----------------- Instantiating /home/travis/build/icyphy/ptII/ptolemy/actor/lib/test/auto/DBDE.xml
4 ms. Memory: 880640K Free: 101167K (11%)
----------------- Invoking toplevel() on ptolemy.moml.MoMLSimpleApplication@4cec73e9
----------------- Done invoking toplevel() on ptolemy.moml.MoMLSimpleApplication@4cec73e9
reloadAllAccessors: .DBDE

===========================================================================================
----------------- testing Sun Jun 03 20:24:03 UTC 2018 /home/travis/build/icyphy/ptII/ptolemy/actor/lib/test/auto/DateConstructor.xml
----------------- Instantiating /home/travis/build/icyphy/ptII/ptolemy/actor/lib/test/auto/DateConstructor.xml
17 ms. Memory: 880640K Free: 81637K (9%)
----------------- Invoking toplevel() on ptolemy.moml.MoMLSimpleApplication@5958354d
----------------- Done invoking toplevel() on ptolemy.moml.MoMLSimpleApplication@5958354d
reloadAllAccessors: .DateConstructor

===========================================================================================
----------------- testing Sun Jun 03 20:24:03 UTC 2018 /home/travis/build/icyphy/ptII/ptolemy/actor/lib/test/auto/DelayTime.xml
----------------- Instantiating /home/travis/build/icyphy/ptII/ptolemy/actor/lib/test/auto/DelayTime.xml
3 ms. Memory: 880640K Free: 64560K (7%)
----------------- Invoking toplevel() on ptolemy.moml.MoMLSimpleApplication@532cbe47
----------------- Done invoking toplevel() on ptolemy.moml.MoMLSimpleApplication@532cbe47
reloadAllAccessors: .DelayTime

===========================================================================================
----------------- testing Sun Jun 03 20:24:03 UTC 2018 /home/travis/build/icyphy/ptII/ptolemy/actor/lib/test/auto/Dictionary1.xml
----------------- Instantiating /home/travis/build/icyphy/ptII/ptolemy/actor/lib/test/auto/Dictionary1.xml
40 ms. Memory: 881664K Free: 838130K (95%)
----------------- Invoking toplevel() on ptolemy.moml.MoMLSimpleApplication@4781704e
----------------- Done invoking toplevel() on ptolemy.moml.MoMLSimpleApplication@4781704e
reloadAllAccessors: .Dictionary1

===========================================================================================
----------------- testing Sun Jun 03 20:24:03 UTC 2018 /home/travis/build/icyphy/ptII/ptolemy/actor/lib/test/auto/Dictionary2.xml
----------------- Instantiating /home/travis/build/icyphy/ptII/ptolemy/actor/lib/test/auto/Dictionary2.xml
3 ms. Memory: 881664K Free: 813545K (92%)
----------------- Invoking toplevel() on ptolemy.moml.MoMLSimpleApplication@4707bfa1
----------------- Done invoking toplevel() on ptolemy.moml.MoMLSimpleApplication@4707bfa1
reloadAllAccessors: .Dictionary2

===========================================================================================
----------------- testing Sun Jun 03 20:24:03 UTC 2018 /home/travis/build/icyphy/ptII/ptolemy/actor/lib/test/auto/Dictionary3.xml
----------------- Instantiating /home/travis/build/icyphy/ptII/ptolemy/actor/lib/test/auto/Dictionary3.xml
2 ms. Memory: 881664K Free: 805752K (91%)
----------------- Invoking toplevel() on ptolemy.moml.MoMLSimpleApplication@5cf8deb4
----------------- Done invoking toplevel() on ptolemy.moml.MoMLSimpleApplication@5cf8deb4
reloadAllAccessors: .Dictionary3

===========================================================================================
----------------- testing Sun Jun 03 20:24:03 UTC 2018 /home/travis/build/icyphy/ptII/ptolemy/actor/lib/test/auto/Dictionary4.xml
----------------- Instantiating /home/travis/build/icyphy/ptII/ptolemy/actor/lib/test/auto/Dictionary4.xml
3 ms. Memory: 881664K Free: 794047K (90%)
----------------- Invoking toplevel() on ptolemy.moml.MoMLSimpleApplication@615419a4
----------------- Done invoking toplevel() on ptolemy.moml.MoMLSimpleApplication@615419a4
reloadAllAccessors: .Dictionary4

===========================================================================================
----------------- testing Sun Jun 03 20:24:04 UTC 2018 /home/travis/build/icyphy/ptII/ptolemy/actor/lib/test/auto/Differential.xml
----------------- Instantiating /home/travis/build/icyphy/ptII/ptolemy/actor/lib/test/auto/Differential.xml
3 ms. Memory: 881664K Free: 779098K (88%)
----------------- Invoking toplevel() on ptolemy.moml.MoMLSimpleApplication@7af9d65
----------------- Done invoking toplevel() on ptolemy.moml.MoMLSimpleApplication@7af9d65
reloadAllAccessors: .Differential

===========================================================================================
----------------- testing Sun Jun 03 20:24:04 UTC 2018 /home/travis/build/icyphy/ptII/ptolemy/actor/lib/test/auto/Director.xml
----------------- Instantiating /home/travis/build/icyphy/ptII/ptolemy/actor/lib/test/auto/Director.xml
2 ms. Memory: 881664K Free: 771305K (87%)
----------------- Invoking toplevel() on ptolemy.moml.MoMLSimpleApplication@6dd86596
----------------- Done invoking toplevel() on ptolemy.moml.MoMLSimpleApplication@6dd86596
reloadAllAccessors: .Director

===========================================================================================
----------------- testing Sun Jun 03 20:24:04 UTC 2018 /home/travis/build/icyphy/ptII/ptolemy/actor/lib/test/auto/DiscreteClock.xml
----------------- Instantiating /home/travis/build/icyphy/ptII/ptolemy/actor/lib/test/auto/DiscreteClock.xml
1 ms. Memory: 881664K Free: 763512K (87%)
----------------- Invoking toplevel() on ptolemy.moml.MoMLSimpleApplication@c618b77
----------------- Done invoking toplevel() on ptolemy.moml.MoMLSimpleApplication@c618b77
reloadAllAccessors: .DiscreteClock

===========================================================================================
----------------- testing Sun Jun 03 20:24:04 UTC 2018 /home/travis/build/icyphy/ptII/ptolemy/actor/lib/test/auto/DiscreteClock10.xml
----------------- Instantiating /home/travis/build/icyphy/ptII/ptolemy/actor/lib/test/auto/DiscreteClock10.xml
4 ms. Memory: 881664K Free: 748668K (85%)
----------------- Invoking toplevel() on ptolemy.moml.MoMLSimpleApplication@31c9b121
----------------- Done invoking toplevel() on ptolemy.moml.MoMLSimpleApplication@31c9b121
reloadAllAccessors: .DiscreteClock10

===========================================================================================
----------------- testing Sun Jun 03 20:24:04 UTC 2018 /home/travis/build/icyphy/ptII/ptolemy/actor/lib/test/auto/DiscreteClock11.xml
----------------- Instantiating /home/travis/build/icyphy/ptII/ptolemy/actor/lib/test/auto/DiscreteClock11.xml
2 ms. Memory: 881664K Free: 740875K (84%)
----------------- Invoking toplevel() on ptolemy.moml.MoMLSimpleApplication@370105f9
----------------- Done invoking toplevel() on ptolemy.moml.MoMLSimpleApplication@370105f9
reloadAllAccessors: .DiscreteClock11

===========================================================================================
----------------- testing Sun Jun 03 20:24:04 UTC 2018 /home/travis/build/icyphy/ptII/ptolemy/actor/lib/test/auto/DiscreteClock12.xml
----------------- Instantiating /home/travis/build/icyphy/ptII/ptolemy/actor/lib/test/auto/DiscreteClock12.xml
3 ms. Memory: 881664K Free: 733083K (83%)
----------------- Invoking toplevel() on ptolemy.moml.MoMLSimpleApplication@ad33585
----------------- Done invoking toplevel() on ptolemy.moml.MoMLSimpleApplication@ad33585
reloadAllAccessors: .DiscreteClock12

===========================================================================================
----------------- testing Sun Jun 03 20:24:04 UTC 2018 /home/travis/build/icyphy/ptII/ptolemy/actor/lib/test/auto/DiscreteClock13.xml
----------------- Instantiating /home/travis/build/icyphy/ptII/ptolemy/actor/lib/test/auto/DiscreteClock13.xml
6 ms. Memory: 881664K Free: 718238K (81%)
----------------- Invoking toplevel() on ptolemy.moml.MoMLSimpleApplication@395d27c7
----------------- Done invoking toplevel() on ptolemy.moml.MoMLSimpleApplication@395d27c7
reloadAllAccessors: .DiscreteClock13

===========================================================================================
----------------- testing Sun Jun 03 20:24:04 UTC 2018 /home/travis/build/icyphy/ptII/ptolemy/actor/lib/test/auto/DiscreteClock14.xml
----------------- Instantiating /home/travis/build/icyphy/ptII/ptolemy/actor/lib/test/auto/DiscreteClock14.xml
6 ms. Memory: 881664K Free: 710446K (81%)
----------------- Invoking toplevel() on ptolemy.moml.MoMLSimpleApplication@29044f13
----------------- Done invoking toplevel() on ptolemy.moml.MoMLSimpleApplication@29044f13
reloadAllAccessors: .DiscreteClock14

===========================================================================================
----------------- testing Sun Jun 03 20:24:04 UTC 2018 /home/travis/build/icyphy/ptII/ptolemy/actor/lib/test/auto/DiscreteClock15.xml
----------------- Instantiating /home/travis/build/icyphy/ptII/ptolemy/actor/lib/test/auto/DiscreteClock15.xml
7 ms. Memory: 881664K Free: 702653K (80%)
----------------- Invoking toplevel() on ptolemy.moml.MoMLSimpleApplication@698d853f
----------------- Done invoking toplevel() on ptolemy.moml.MoMLSimpleApplication@698d853f
reloadAllAccessors: .DiscreteClock15

===========================================================================================
----------------- testing Sun Jun 03 20:24:04 UTC 2018 /home/travis/build/icyphy/ptII/ptolemy/actor/lib/test/auto/DiscreteClock16.xml
----------------- Instantiating /home/travis/build/icyphy/ptII/ptolemy/actor/lib/test/auto/DiscreteClock16.xml
15 ms. Memory: 881664K Free: 680016K (77%)
----------------- Invoking toplevel() on ptolemy.moml.MoMLSimpleApplication@450e2f86
----------------- Done invoking toplevel() on ptolemy.moml.MoMLSimpleApplication@450e2f86
reloadAllAccessors: .DiscreteClock16

===========================================================================================
----------------- testing Sun Jun 03 20:24:04 UTC 2018 /home/travis/build/icyphy/ptII/ptolemy/actor/lib/test/auto/DiscreteClock17.xml
----------------- Instantiating /home/travis/build/icyphy/ptII/ptolemy/actor/lib/test/auto/DiscreteClock17.xml
16 ms. Memory: 881664K Free: 664414K (75%)
----------------- Invoking toplevel() on ptolemy.moml.MoMLSimpleApplication@15d5b3a5
----------------- Done invoking toplevel() on ptolemy.moml.MoMLSimpleApplication@15d5b3a5
reloadAllAccessors: .DiscreteClock17

===========================================================================================
----------------- testing Sun Jun 03 20:24:04 UTC 2018 /home/travis/build/icyphy/ptII/ptolemy/actor/lib/test/auto/DiscreteClock18.xml
----------------- Instantiating /home/travis/build/icyphy/ptII/ptolemy/actor/lib/test/auto/DiscreteClock18.xml
662 ms. Memory: 1369600K Free: 1325870K (97%)
----------------- Invoking toplevel() on ptolemy.moml.MoMLSimpleApplication@1199fa02
----------------- Done invoking toplevel() on ptolemy.moml.MoMLSimpleApplication@1199fa02
reloadAllAccessors: .DiscreteClock18

===========================================================================================
----------------- testing Sun Jun 03 20:24:05 UTC 2018 /home/travis/build/icyphy/ptII/ptolemy/actor/lib/test/auto/DiscreteClock19.xml
----------------- Instantiating /home/travis/build/icyphy/ptII/ptolemy/actor/lib/test/auto/DiscreteClock19.xml
10 ms. Memory: 1369600K Free: 1277151K (93%)
----------------- Invoking toplevel() on ptolemy.moml.MoMLSimpleApplication@10c9ffd1
----------------- Done invoking toplevel() on ptolemy.moml.MoMLSimpleApplication@10c9ffd1
reloadAllAccessors: .DiscreteClock19

===========================================================================================
----------------- testing Sun Jun 03 20:24:05 UTC 2018 /home/travis/build/icyphy/ptII/ptolemy/actor/lib/test/auto/DiscreteClock2.xml
----------------- Instantiating /home/travis/build/icyphy/ptII/ptolemy/actor/lib/test/auto/DiscreteClock2.xml
6 ms. Memory: 1369600K Free: 1264679K (92%)
----------------- Invoking toplevel() on ptolemy.moml.MoMLSimpleApplication@6ebb6fbb
----------------- Done invoking toplevel() on ptolemy.moml.MoMLSimpleApplication@6ebb6fbb
reloadAllAccessors: .DiscreteClock2

===========================================================================================
----------------- testing Sun Jun 03 20:24:05 UTC 2018 /home/travis/build/icyphy/ptII/ptolemy/actor/lib/test/auto/DiscreteClock20.xml
----------------- Instantiating /home/travis/build/icyphy/ptII/ptolemy/actor/lib/test/auto/DiscreteClock20.xml
9 ms. Memory: 1369600K Free: 1252206K (91%)
----------------- Invoking toplevel() on ptolemy.moml.MoMLSimpleApplication@4fc31c33
----------------- Done invoking toplevel() on ptolemy.moml.MoMLSimpleApplication@4fc31c33
reloadAllAccessors: .DiscreteClock20

===========================================================================================
----------------- testing Sun Jun 03 20:24:05 UTC 2018 /home/travis/build/icyphy/ptII/ptolemy/actor/lib/test/auto/DiscreteClock21.xml
----------------- Instantiating /home/travis/build/icyphy/ptII/ptolemy/actor/lib/test/auto/DiscreteClock21.xml
7 ms. Memory: 1369600K Free: 1239734K (91%)
----------------- Invoking toplevel() on ptolemy.moml.MoMLSimpleApplication@4d6f0e57
----------------- Done invoking toplevel() on ptolemy.moml.MoMLSimpleApplication@4d6f0e57
reloadAllAccessors: .DiscreteClock21

===========================================================================================
----------------- testing Sun Jun 03 20:24:05 UTC 2018 /home/travis/build/icyphy/ptII/ptolemy/actor/lib/test/auto/DiscreteClock22.xml
----------------- Instantiating /home/travis/build/icyphy/ptII/ptolemy/actor/lib/test/auto/DiscreteClock22.xml
8 ms. Memory: 1369600K Free: 1215975K (89%)
----------------- Invoking toplevel() on ptolemy.moml.MoMLSimpleApplication@22e642d3
----------------- Done invoking toplevel() on ptolemy.moml.MoMLSimpleApplication@22e642d3
reloadAllAccessors: .DiscreteClock22

===========================================================================================
----------------- testing Sun Jun 03 20:24:05 UTC 2018 /home/travis/build/icyphy/ptII/ptolemy/actor/lib/test/auto/DiscreteClock23.xml
----------------- Instantiating /home/travis/build/icyphy/ptII/ptolemy/actor/lib/test/auto/DiscreteClock23.xml
9 ms. Memory: 1369600K Free: 1203503K (88%)
----------------- Invoking toplevel() on ptolemy.moml.MoMLSimpleApplication@29df7b7f
----------------- Done invoking toplevel() on ptolemy.moml.MoMLSimpleApplication@29df7b7f
reloadAllAccessors: .DiscreteClock23

===========================================================================================
----------------- testing Sun Jun 03 20:24:05 UTC 2018 /home/travis/build/icyphy/ptII/ptolemy/actor/lib/test/auto/DiscreteClock24.xml
----------------- Instantiating /home/travis/build/icyphy/ptII/ptolemy/actor/lib/test/auto/DiscreteClock24.xml
6 ms. Memory: 1369600K Free: 1191031K (87%)
----------------- Invoking toplevel() on ptolemy.moml.MoMLSimpleApplication@3ddd3be
----------------- Done invoking toplevel() on ptolemy.moml.MoMLSimpleApplication@3ddd3be
reloadAllAccessors: .DiscreteClock24

===========================================================================================
----------------- testing Sun Jun 03 20:24:05 UTC 2018 /home/travis/build/icyphy/ptII/ptolemy/actor/lib/test/auto/DiscreteClock4.xml
----------------- Instantiating /home/travis/build/icyphy/ptII/ptolemy/actor/lib/test/auto/DiscreteClock4.xml
3 ms. Memory: 1369600K Free: 1178558K (86%)
----------------- Invoking toplevel() on ptolemy.moml.MoMLSimpleApplication@3e4a6079
----------------- Done invoking toplevel() on ptolemy.moml.MoMLSimpleApplication@3e4a6079
reloadAllAccessors: .DiscreteClock4

===========================================================================================
----------------- testing Sun Jun 03 20:24:05 UTC 2018 /home/travis/build/icyphy/ptII/ptolemy/actor/lib/test/auto/DiscreteClock5.xml
----------------- Instantiating /home/travis/build/icyphy/ptII/ptolemy/actor/lib/test/auto/DiscreteClock5.xml
1 ms. Memory: 1369600K Free: 1166086K (85%)
----------------- Invoking toplevel() on ptolemy.moml.MoMLSimpleApplication@2120633c
----------------- Done invoking toplevel() on ptolemy.moml.MoMLSimpleApplication@2120633c
reloadAllAccessors: .DiscreteClock5

===========================================================================================
----------------- testing Sun Jun 03 20:24:05 UTC 2018 /home/travis/build/icyphy/ptII/ptolemy/actor/lib/test/auto/DiscreteClock6.xml
----------------- Instantiating /home/travis/build/icyphy/ptII/ptolemy/actor/lib/test/auto/DiscreteClock6.xml
1 ms. Memory: 1369600K Free: 1142327K (83%)
----------------- Invoking toplevel() on ptolemy.moml.MoMLSimpleApplication@54ae64a8
----------------- Done invoking toplevel() on ptolemy.moml.MoMLSimpleApplication@54ae64a8
reloadAllAccessors: .DiscreteClock6

===========================================================================================
----------------- testing Sun Jun 03 20:24:05 UTC 2018 /home/travis/build/icyphy/ptII/ptolemy/actor/lib/test/auto/DiscreteClock7.xml
----------------- Instantiating /home/travis/build/icyphy/ptII/ptolemy/actor/lib/test/auto/DiscreteClock7.xml
2 ms. Memory: 1369600K Free: 1129855K (82%)
----------------- Invoking toplevel() on ptolemy.moml.MoMLSimpleApplication@6f0fad55
----------------- Done invoking toplevel() on ptolemy.moml.MoMLSimpleApplication@6f0fad55
reloadAllAccessors: .DiscreteClock7

===========================================================================================
----------------- testing Sun Jun 03 20:24:05 UTC 2018 /home/travis/build/icyphy/ptII/ptolemy/actor/lib/test/auto/DiscreteClock8.xml
----------------- Instantiating /home/travis/build/icyphy/ptII/ptolemy/actor/lib/test/auto/DiscreteClock8.xml
7 ms. Memory: 1369600K Free: 1117383K (82%)
----------------- Invoking toplevel() on ptolemy.moml.MoMLSimpleApplication@6fc88dc1
----------------- Done invoking toplevel() on ptolemy.moml.MoMLSimpleApplication@6fc88dc1
reloadAllAccessors: .DiscreteClock8

===========================================================================================
----------------- testing Sun Jun 03 20:24:05 UTC 2018 /home/travis/build/icyphy/ptII/ptolemy/actor/lib/test/auto/DiscreteClock9.xml
----------------- Instantiating /home/travis/build/icyphy/ptII/ptolemy/actor/lib/test/auto/DiscreteClock9.xml
6 ms. Memory: 1369600K Free: 1104910K (81%)
----------------- Invoking toplevel() on ptolemy.moml.MoMLSimpleApplication@27cc90ca
----------------- Done invoking toplevel() on ptolemy.moml.MoMLSimpleApplication@27cc90ca
reloadAllAccessors: .DiscreteClock9

===========================================================================================
----------------- testing Sun Jun 03 20:24:05 UTC 2018 /home/travis/build/icyphy/ptII/ptolemy/actor/lib/test/auto/DisplayArray.xml
----------------- Instantiating /home/travis/build/icyphy/ptII/ptolemy/actor/lib/test/auto/DisplayArray.xml
1 ms. Memory: 1369600K Free: 1092438K (80%)
----------------- Invoking toplevel() on ptolemy.moml.MoMLSimpleApplication@6258e88d
----------------- Done invoking toplevel() on ptolemy.moml.MoMLSimpleApplication@6258e88d
reloadAllAccessors: .DisplayArray

===========================================================================================
----------------- testing Sun Jun 03 20:24:05 UTC 2018 /home/travis/build/icyphy/ptII/ptolemy/actor/lib/test/auto/Distributor.xml
----------------- Instantiating /home/travis/build/icyphy/ptII/ptolemy/actor/lib/test/auto/Distributor.xml
1 ms. Memory: 1369600K Free: 1068679K (78%)
----------------- Invoking toplevel() on ptolemy.moml.MoMLSimpleApplication@747ff558
----------------- Done invoking toplevel() on ptolemy.moml.MoMLSimpleApplication@747ff558
reloadAllAccessors: .Distributor

===========================================================================================
----------------- testing Sun Jun 03 20:24:05 UTC 2018 /home/travis/build/icyphy/ptII/ptolemy/actor/lib/test/auto/Distributor2.xml
----------------- Instantiating /home/travis/build/icyphy/ptII/ptolemy/actor/lib/test/auto/Distributor2.xml
1 ms. Memory: 1369600K Free: 1056207K (77%)
----------------- Invoking toplevel() on ptolemy.moml.MoMLSimpleApplication@423e3406
----------------- Done invoking toplevel() on ptolemy.moml.MoMLSimpleApplication@423e3406
reloadAllAccessors: .Distributor2

===========================================================================================
----------------- testing Sun Jun 03 20:24:05 UTC 2018 /home/travis/build/icyphy/ptII/ptolemy/actor/lib/test/auto/DownSample.xml
----------------- Instantiating /home/travis/build/icyphy/ptII/ptolemy/actor/lib/test/auto/DownSample.xml
1 ms. Memory: 1369600K Free: 1043734K (76%)
----------------- Invoking toplevel() on ptolemy.moml.MoMLSimpleApplication@5f6fb80d
----------------- Done invoking toplevel() on ptolemy.moml.MoMLSimpleApplication@5f6fb80d
reloadAllAccessors: .DownSample

===========================================================================================
----------------- testing Sun Jun 03 20:24:05 UTC 2018 /home/travis/build/icyphy/ptII/ptolemy/actor/lib/test/auto/ElectronicUnitBase1.xml
----------------- Instantiating /home/travis/build/icyphy/ptII/ptolemy/actor/lib/test/auto/ElectronicUnitBase1.xml
30 ms. Memory: 1369600K Free: 1018758K (74%)
----------------- Invoking toplevel() on ptolemy.moml.MoMLSimpleApplication@357e7066
----------------- Done invoking toplevel() on ptolemy.moml.MoMLSimpleApplication@357e7066
reloadAllAccessors: .ElectronicUnitBase1

===========================================================================================
----------------- testing Sun Jun 03 20:24:05 UTC 2018 /home/travis/build/icyphy/ptII/ptolemy/actor/lib/test/auto/ElementsToArray.xml
----------------- Instantiating /home/travis/build/icyphy/ptII/ptolemy/actor/lib/test/auto/ElementsToArray.xml
3 ms. Memory: 1369600K Free: 1006285K (73%)
----------------- Invoking toplevel() on ptolemy.moml.MoMLSimpleApplication@68cdec7a
----------------- Done invoking toplevel() on ptolemy.moml.MoMLSimpleApplication@68cdec7a
reloadAllAccessors: .ElementsToArray

===========================================================================================
----------------- testing Sun Jun 03 20:24:05 UTC 2018 /home/travis/build/icyphy/ptII/ptolemy/actor/lib/test/auto/Equals.xml
----------------- Instantiating /home/travis/build/icyphy/ptII/ptolemy/actor/lib/test/auto/Equals.xml
3 ms. Memory: 1369600K Free: 982527K (72%)
----------------- Invoking toplevel() on ptolemy.moml.MoMLSimpleApplication@198e66c1
----------------- Done invoking toplevel() on ptolemy.moml.MoMLSimpleApplication@198e66c1
reloadAllAccessors: .Equals

===========================================================================================
----------------- testing Sun Jun 03 20:24:05 UTC 2018 /home/travis/build/icyphy/ptII/ptolemy/actor/lib/test/auto/Exec.xml
----------------- Instantiating /home/travis/build/icyphy/ptII/ptolemy/actor/lib/test/auto/Exec.xml
9 ms. Memory: 1369600K Free: 951346K (69%)
----------------- Invoking toplevel() on ptolemy.moml.MoMLSimpleApplication@50765d87
----------------- Done invoking toplevel() on ptolemy.moml.MoMLSimpleApplication@50765d87
reloadAllAccessors: .Exec

===========================================================================================
----------------- testing Sun Jun 03 20:24:05 UTC 2018 /home/travis/build/icyphy/ptII/ptolemy/actor/lib/test/auto/ExecEnvironment.xml
----------------- Instantiating /home/travis/build/icyphy/ptII/ptolemy/actor/lib/test/auto/ExecEnvironment.xml
20 ms. Memory: 1369600K Free: 926401K (68%)
----------------- Invoking toplevel() on ptolemy.moml.MoMLSimpleApplication@19ec9f3b
----------------- Done invoking toplevel() on ptolemy.moml.MoMLSimpleApplication@19ec9f3b
reloadAllAccessors: .ExecEnvironment

===========================================================================================
----------------- testing Sun Jun 03 20:24:05 UTC 2018 /home/travis/build/icyphy/ptII/ptolemy/actor/lib/test/auto/ExecNonZeroReturnOutput.xml
----------------- Instantiating /home/travis/build/icyphy/ptII/ptolemy/actor/lib/test/auto/ExecNonZeroReturnOutput.xml
127 ms. Memory: 1369600K Free: 832858K (61%)
----------------- Invoking toplevel() on ptolemy.moml.MoMLSimpleApplication@680e4e9a
----------------- Done invoking toplevel() on ptolemy.moml.MoMLSimpleApplication@680e4e9a
reloadAllAccessors: .ExecNonZeroReturnOutput

===========================================================================================
----------------- testing Sun Jun 03 20:24:05 UTC 2018 /home/travis/build/icyphy/ptII/ptolemy/actor/lib/test/auto/ExecRunDemos.xml
----------------- Instantiating /home/travis/build/icyphy/ptII/ptolemy/actor/lib/test/auto/ExecRunDemos.xml
Finished: 86 ms. Memory: 116224K Free: 100789K (87%)

Finished: 80 ms. Memory: 116224K Free: 98295K (85%)

Finished: 45 ms. Memory: 116224K Free: 98340K (85%)

Finished: 58 ms. Memory: 116224K Free: 99536K (86%)

Finished: 39 ms. Memory: 116224K Free: 100823K (87%)

10214 ms. Memory: 1369600K Free: 734234K (54%)
----------------- Invoking toplevel() on ptolemy.moml.MoMLSimpleApplication@11060cfc
----------------- Done invoking toplevel() on ptolemy.moml.MoMLSimpleApplication@11060cfc
reloadAllAccessors: .ExecRunDemos

===========================================================================================
----------------- testing Sun Jun 03 20:24:16 UTC 2018 /home/travis/build/icyphy/ptII/ptolemy/actor/lib/test/auto/ExecStop.xml
----------------- Instantiating /home/travis/build/icyphy/ptII/ptolemy/actor/lib/test/auto/ExecStop.xml
5008 ms. Memory: 1369600K Free: 553384K (40%)
----------------- Invoking toplevel() on ptolemy.moml.MoMLSimpleApplication@378a5afe
----------------- Done invoking toplevel() on ptolemy.moml.MoMLSimpleApplication@378a5afe
reloadAllAccessors: .ExecStop

===========================================================================================
----------------- testing Sun Jun 03 20:24:21 UTC 2018 /home/travis/build/icyphy/ptII/ptolemy/actor/lib/test/auto/ExecutionTimePN.xml
----------------- Instantiating /home/travis/build/icyphy/ptII/ptolemy/actor/lib/test/auto/ExecutionTimePN.xml
Fired ExecutionTime: 528400000
Fired ExecutionTime: 396000000
Fired ExecutionTime: 495600000
2014 ms. Memory: 1369600K Free: 491015K (36%)
----------------- Invoking toplevel() on ptolemy.moml.MoMLSimpleApplication@7ea4a6eb
----------------- Done invoking toplevel() on ptolemy.moml.MoMLSimpleApplication@7ea4a6eb
reloadAllAccessors: .ExecutionTimePN

===========================================================================================
----------------- testing Sun Jun 03 20:24:23 UTC 2018 /home/travis/build/icyphy/ptII/ptolemy/actor/lib/test/auto/ExecutionTimeSDF.xml
----------------- Instantiating /home/travis/build/icyphy/ptII/ptolemy/actor/lib/test/auto/ExecutionTimeSDF.xml
Fired ExecutionTime: 785200000
Fired ExecutionTime: 900400000
Fired ExecutionTime: -1477767296
6012 ms. Memory: 1369600K Free: 472298K (34%)
----------------- Invoking toplevel() on ptolemy.moml.MoMLSimpleApplication@3c655577
----------------- Done invoking toplevel() on ptolemy.moml.MoMLSimpleApplication@3c655577
reloadAllAccessors: .ExecutionTimeSDF

===========================================================================================
----------------- testing Sun Jun 03 20:24:29 UTC 2018 /home/travis/build/icyphy/ptII/ptolemy/actor/lib/test/auto/Expression1.xml
----------------- Instantiating /home/travis/build/icyphy/ptII/ptolemy/actor/lib/test/auto/Expression1.xml
1 ms. Memory: 1369600K Free: 459826K (34%)
----------------- Invoking toplevel() on ptolemy.moml.MoMLSimpleApplication@67514247
----------------- Done invoking toplevel() on ptolemy.moml.MoMLSimpleApplication@67514247
reloadAllAccessors: .Expression1

===========================================================================================
----------------- testing Sun Jun 03 20:24:29 UTC 2018 /home/travis/build/icyphy/ptII/ptolemy/actor/lib/test/auto/Expression10.xml
----------------- Instantiating /home/travis/build/icyphy/ptII/ptolemy/actor/lib/test/auto/Expression10.xml
9 ms. Memory: 1369600K Free: 436067K (32%)
----------------- Invoking toplevel() on ptolemy.moml.MoMLSimpleApplication@2517c4be
----------------- Done invoking toplevel() on ptolemy.moml.MoMLSimpleApplication@2517c4be
reloadAllAccessors: .Expression10

===========================================================================================
----------------- testing Sun Jun 03 20:24:29 UTC 2018 /home/travis/build/icyphy/ptII/ptolemy/actor/lib/test/auto/Expression11.xml
----------------- Instantiating /home/travis/build/icyphy/ptII/ptolemy/actor/lib/test/auto/Expression11.xml
2 ms. Memory: 1369600K Free: 423595K (31%)
----------------- Invoking toplevel() on ptolemy.moml.MoMLSimpleApplication@1cda3ff
----------------- Done invoking toplevel() on ptolemy.moml.MoMLSimpleApplication@1cda3ff
reloadAllAccessors: .Expression11

===========================================================================================
----------------- testing Sun Jun 03 20:24:29 UTC 2018 /home/travis/build/icyphy/ptII/ptolemy/actor/lib/test/auto/Expression12.xml
----------------- Instantiating /home/travis/build/icyphy/ptII/ptolemy/actor/lib/test/auto/Expression12.xml
2 ms. Memory: 1369600K Free: 411122K (30%)
----------------- Invoking toplevel() on ptolemy.moml.MoMLSimpleApplication@6021c1d2
----------------- Done invoking toplevel() on ptolemy.moml.MoMLSimpleApplication@6021c1d2
reloadAllAccessors: .Expression12

===========================================================================================
----------------- testing Sun Jun 03 20:24:29 UTC 2018 /home/travis/build/icyphy/ptII/ptolemy/actor/lib/test/auto/Expression13.xml
----------------- Instantiating /home/travis/build/icyphy/ptII/ptolemy/actor/lib/test/auto/Expression13.xml
3 ms. Memory: 1369600K Free: 398650K (29%)
----------------- Invoking toplevel() on ptolemy.moml.MoMLSimpleApplication@9301045
----------------- Done invoking toplevel() on ptolemy.moml.MoMLSimpleApplication@9301045
reloadAllAccessors: .Expression13

===========================================================================================
----------------- testing Sun Jun 03 20:24:29 UTC 2018 /home/travis/build/icyphy/ptII/ptolemy/actor/lib/test/auto/Expression14.xml
----------------- Instantiating /home/travis/build/icyphy/ptII/ptolemy/actor/lib/test/auto/Expression14.xml
5 ms. Memory: 1369600K Free: 378071K (28%)
----------------- Invoking toplevel() on ptolemy.moml.MoMLSimpleApplication@1b32df1f
----------------- Done invoking toplevel() on ptolemy.moml.MoMLSimpleApplication@1b32df1f
reloadAllAccessors: .Expression14

===========================================================================================
----------------- testing Sun Jun 03 20:24:29 UTC 2018 /home/travis/build/icyphy/ptII/ptolemy/actor/lib/test/auto/Expression15.xml
----------------- Instantiating /home/travis/build/icyphy/ptII/ptolemy/actor/lib/test/auto/Expression15.xml
2 ms. Memory: 1369600K Free: 354312K (26%)
----------------- Invoking toplevel() on ptolemy.moml.MoMLSimpleApplication@37488947
----------------- Done invoking toplevel() on ptolemy.moml.MoMLSimpleApplication@37488947
reloadAllAccessors: .Expression15

===========================================================================================
----------------- testing Sun Jun 03 20:24:29 UTC 2018 /home/travis/build/icyphy/ptII/ptolemy/actor/lib/test/auto/Expression16.xml
----------------- Instantiating /home/travis/build/icyphy/ptII/ptolemy/actor/lib/test/auto/Expression16.xml
3 ms. Memory: 1369600K Free: 341840K (25%)
----------------- Invoking toplevel() on ptolemy.moml.MoMLSimpleApplication@7df778bc
----------------- Done invoking toplevel() on ptolemy.moml.MoMLSimpleApplication@7df778bc
reloadAllAccessors: .Expression16

===========================================================================================
----------------- testing Sun Jun 03 20:24:29 UTC 2018 /home/travis/build/icyphy/ptII/ptolemy/actor/lib/test/auto/Expression17.xml
----------------- Instantiating /home/travis/build/icyphy/ptII/ptolemy/actor/lib/test/auto/Expression17.xml
3 ms. Memory: 1369600K Free: 329367K (24%)
----------------- Invoking toplevel() on ptolemy.moml.MoMLSimpleApplication@74b8c92d
----------------- Done invoking toplevel() on ptolemy.moml.MoMLSimpleApplication@74b8c92d
reloadAllAccessors: .Expression17

===========================================================================================
----------------- testing Sun Jun 03 20:24:29 UTC 2018 /home/travis/build/icyphy/ptII/ptolemy/actor/lib/test/auto/Expression18.xml
----------------- Instantiating /home/travis/build/icyphy/ptII/ptolemy/actor/lib/test/auto/Expression18.xml
2 ms. Memory: 1369600K Free: 316895K (23%)
----------------- Invoking toplevel() on ptolemy.moml.MoMLSimpleApplication@1a86e5c5
----------------- Done invoking toplevel() on ptolemy.moml.MoMLSimpleApplication@1a86e5c5
reloadAllAccessors: .Expression18

===========================================================================================
----------------- testing Sun Jun 03 20:24:29 UTC 2018 /home/travis/build/icyphy/ptII/ptolemy/actor/lib/test/auto/Expression2.xml
----------------- Instantiating /home/travis/build/icyphy/ptII/ptolemy/actor/lib/test/auto/Expression2.xml
3 ms. Memory: 1369600K Free: 304423K (22%)
----------------- Invoking toplevel() on ptolemy.moml.MoMLSimpleApplication@160a7164
----------------- Done invoking toplevel() on ptolemy.moml.MoMLSimpleApplication@160a7164
reloadAllAccessors: .Expression2

===========================================================================================
----------------- testing Sun Jun 03 20:24:29 UTC 2018 /home/travis/build/icyphy/ptII/ptolemy/actor/lib/test/auto/Expression3.xml
----------------- Instantiating /home/travis/build/icyphy/ptII/ptolemy/actor/lib/test/auto/Expression3.xml
2 ms. Memory: 1369600K Free: 280664K (20%)
----------------- Invoking toplevel() on ptolemy.moml.MoMLSimpleApplication@354a9370
----------------- Done invoking toplevel() on ptolemy.moml.MoMLSimpleApplication@354a9370
reloadAllAccessors: .Expression3

===========================================================================================
----------------- testing Sun Jun 03 20:24:29 UTC 2018 /home/travis/build/icyphy/ptII/ptolemy/actor/lib/test/auto/Expression4.xml
----------------- Instantiating /home/travis/build/icyphy/ptII/ptolemy/actor/lib/test/auto/Expression4.xml
3 ms. Memory: 1369600K Free: 268191K (20%)
----------------- Invoking toplevel() on ptolemy.moml.MoMLSimpleApplication@4883e70c
----------------- Done invoking toplevel() on ptolemy.moml.MoMLSimpleApplication@4883e70c
reloadAllAccessors: .Expression4

===========================================================================================
----------------- testing Sun Jun 03 20:24:29 UTC 2018 /home/travis/build/icyphy/ptII/ptolemy/actor/lib/test/auto/Expression5.xml
----------------- Instantiating /home/travis/build/icyphy/ptII/ptolemy/actor/lib/test/auto/Expression5.xml
3 ms. Memory: 1369600K Free: 255719K (19%)
----------------- Invoking toplevel() on ptolemy.moml.MoMLSimpleApplication@1b59e40b
----------------- Done invoking toplevel() on ptolemy.moml.MoMLSimpleApplication@1b59e40b
reloadAllAccessors: .Expression5

===========================================================================================
----------------- testing Sun Jun 03 20:24:29 UTC 2018 /home/travis/build/icyphy/ptII/ptolemy/actor/lib/test/auto/Expression6.xml
----------------- Instantiating /home/travis/build/icyphy/ptII/ptolemy/actor/lib/test/auto/Expression6.xml
2 ms. Memory: 1369600K Free: 243247K (18%)
----------------- Invoking toplevel() on ptolemy.moml.MoMLSimpleApplication@5d6b6b30
----------------- Done invoking toplevel() on ptolemy.moml.MoMLSimpleApplication@5d6b6b30
reloadAllAccessors: .Expression6

===========================================================================================
----------------- testing Sun Jun 03 20:24:29 UTC 2018 /home/travis/build/icyphy/ptII/ptolemy/actor/lib/test/auto/Expression7.xml
----------------- Instantiating /home/travis/build/icyphy/ptII/ptolemy/actor/lib/test/auto/Expression7.xml
2 ms. Memory: 1369600K Free: 230774K (17%)
----------------- Invoking toplevel() on ptolemy.moml.MoMLSimpleApplication@6cc449dc
----------------- Done invoking toplevel() on ptolemy.moml.MoMLSimpleApplication@6cc449dc
reloadAllAccessors: .Expression7

===========================================================================================
----------------- testing Sun Jun 03 20:24:29 UTC 2018 /home/travis/build/icyphy/ptII/ptolemy/actor/lib/test/auto/Expression8.xml
----------------- Instantiating /home/travis/build/icyphy/ptII/ptolemy/actor/lib/test/auto/Expression8.xml
4 ms. Memory: 1369600K Free: 207016K (15%)
----------------- Invoking toplevel() on ptolemy.moml.MoMLSimpleApplication@d702dde
----------------- Done invoking toplevel() on ptolemy.moml.MoMLSimpleApplication@d702dde
reloadAllAccessors: .Expression8

===========================================================================================
----------------- testing Sun Jun 03 20:24:29 UTC 2018 /home/travis/build/icyphy/ptII/ptolemy/actor/lib/test/auto/Expression9.xml
----------------- Instantiating /home/travis/build/icyphy/ptII/ptolemy/actor/lib/test/auto/Expression9.xml
1 ms. Memory: 1369600K Free: 194543K (14%)
----------------- Invoking toplevel() on ptolemy.moml.MoMLSimpleApplication@46cbf89c
----------------- Done invoking toplevel() on ptolemy.moml.MoMLSimpleApplication@46cbf89c
reloadAllAccessors: .Expression9

===========================================================================================
----------------- testing Sun Jun 03 20:24:29 UTC 2018 /home/travis/build/icyphy/ptII/ptolemy/actor/lib/test/auto/ExpressionConcatenateArrayType.xml
----------------- Instantiating /home/travis/build/icyphy/ptII/ptolemy/actor/lib/test/auto/ExpressionConcatenateArrayType.xml
2 ms. Memory: 1369600K Free: 182071K (13%)
----------------- Invoking toplevel() on ptolemy.moml.MoMLSimpleApplication@12cb6136
----------------- Done invoking toplevel() on ptolemy.moml.MoMLSimpleApplication@12cb6136
reloadAllAccessors: .ExpressionConcatenateArrayType

===========================================================================================
----------------- testing Sun Jun 03 20:24:29 UTC 2018 /home/travis/build/icyphy/ptII/ptolemy/actor/lib/test/auto/ExpressionConcatenateArrayType2.xml
----------------- Instantiating /home/travis/build/icyphy/ptII/ptolemy/actor/lib/test/auto/ExpressionConcatenateArrayType2.xml
3 ms. Memory: 1369600K Free: 169599K (12%)
----------------- Invoking toplevel() on ptolemy.moml.MoMLSimpleApplication@4b16b3d4
----------------- Done invoking toplevel() on ptolemy.moml.MoMLSimpleApplication@4b16b3d4
reloadAllAccessors: .ExpressionConcatenateArrayType2

===========================================================================================
----------------- testing Sun Jun 03 20:24:29 UTC 2018 /home/travis/build/icyphy/ptII/ptolemy/actor/lib/test/auto/ExpressionFix.xml
----------------- Instantiating /home/travis/build/icyphy/ptII/ptolemy/actor/lib/test/auto/ExpressionFix.xml
9 ms. Memory: 1369600K Free: 157126K (11%)
----------------- Invoking toplevel() on ptolemy.moml.MoMLSimpleApplication@556b2752
----------------- Done invoking toplevel() on ptolemy.moml.MoMLSimpleApplication@556b2752
reloadAllAccessors: .ExpressionFix

===========================================================================================
----------------- testing Sun Jun 03 20:24:29 UTC 2018 /home/travis/build/icyphy/ptII/ptolemy/actor/lib/test/auto/ExpressionFix2.xml
----------------- Instantiating /home/travis/build/icyphy/ptII/ptolemy/actor/lib/test/auto/ExpressionFix2.xml
3 ms. Memory: 1369600K Free: 133368K (10%)
----------------- Invoking toplevel() on ptolemy.moml.MoMLSimpleApplication@723abe2f
----------------- Done invoking toplevel() on ptolemy.moml.MoMLSimpleApplication@723abe2f
reloadAllAccessors: .ExpressionFix2

===========================================================================================
----------------- testing Sun Jun 03 20:24:29 UTC 2018 /home/travis/build/icyphy/ptII/ptolemy/actor/lib/test/auto/ExpressionFix3.xml
----------------- Instantiating /home/travis/build/icyphy/ptII/ptolemy/actor/lib/test/auto/ExpressionFix3.xml
2 ms. Memory: 1369600K Free: 120895K (9%)
----------------- Invoking toplevel() on ptolemy.moml.MoMLSimpleApplication@14dd566
----------------- Done invoking toplevel() on ptolemy.moml.MoMLSimpleApplication@14dd566
reloadAllAccessors: .ExpressionFix3

===========================================================================================
----------------- testing Sun Jun 03 20:24:29 UTC 2018 /home/travis/build/icyphy/ptII/ptolemy/actor/lib/test/auto/FileWriter1.xml
----------------- Instantiating /home/travis/build/icyphy/ptII/ptolemy/actor/lib/test/auto/FileWriter1.xml
2 ms. Memory: 1369600K Free: 108423K (8%)
----------------- Invoking toplevel() on ptolemy.moml.MoMLSimpleApplication@1f1ad79d
----------------- Done invoking toplevel() on ptolemy.moml.MoMLSimpleApplication@1f1ad79d
reloadAllAccessors: .FileWriter1

===========================================================================================
----------------- testing Sun Jun 03 20:24:29 UTC 2018 /home/travis/build/icyphy/ptII/ptolemy/actor/lib/test/auto/FileWriter2.xml
----------------- Instantiating /home/travis/build/icyphy/ptII/ptolemy/actor/lib/test/auto/FileWriter2.xml
2 ms. Memory: 1369600K Free: 95951K (7%)
----------------- Invoking toplevel() on ptolemy.moml.MoMLSimpleApplication@6249295e
----------------- Done invoking toplevel() on ptolemy.moml.MoMLSimpleApplication@6249295e
reloadAllAccessors: .FileWriter2

===========================================================================================
----------------- testing Sun Jun 03 20:24:29 UTC 2018 /home/travis/build/icyphy/ptII/ptolemy/actor/lib/test/auto/FileWriter3.xml
----------------- Instantiating /home/travis/build/icyphy/ptII/ptolemy/actor/lib/test/auto/FileWriter3.xml
2 ms. Memory: 1369600K Free: 85043K (6%)
----------------- Invoking toplevel() on ptolemy.moml.MoMLSimpleApplication@7686f5e1
----------------- Done invoking toplevel() on ptolemy.moml.MoMLSimpleApplication@7686f5e1
reloadAllAccessors: .FileWriter3

===========================================================================================
----------------- testing Sun Jun 03 20:24:29 UTC 2018 /home/travis/build/icyphy/ptII/ptolemy/actor/lib/test/auto/Gaussian.xml
----------------- Instantiating /home/travis/build/icyphy/ptII/ptolemy/actor/lib/test/auto/Gaussian.xml
2 ms. Memory: 1369600K Free: 1313000K (96%)
----------------- Invoking toplevel() on ptolemy.moml.MoMLSimpleApplication@6b6023f9
----------------- Done invoking toplevel() on ptolemy.moml.MoMLSimpleApplication@6b6023f9
reloadAllAccessors: .Gaussian

===========================================================================================
----------------- testing Sun Jun 03 20:24:29 UTC 2018 /home/travis/build/icyphy/ptII/ptolemy/actor/lib/test/auto/Gaussian1.xml
----------------- Instantiating /home/travis/build/icyphy/ptII/ptolemy/actor/lib/test/auto/Gaussian1.xml
2 ms. Memory: 1369600K Free: 1303022K (95%)
----------------- Invoking toplevel() on ptolemy.moml.MoMLSimpleApplication@18ff6f71
----------------- Done invoking toplevel() on ptolemy.moml.MoMLSimpleApplication@18ff6f71
reloadAllAccessors: .Gaussian1

===========================================================================================
----------------- testing Sun Jun 03 20:24:29 UTC 2018 /home/travis/build/icyphy/ptII/ptolemy/actor/lib/test/auto/Gaussian2.xml
----------------- Instantiating /home/travis/build/icyphy/ptII/ptolemy/actor/lib/test/auto/Gaussian2.xml
1 ms. Memory: 1369600K Free: 1293044K (94%)
----------------- Invoking toplevel() on ptolemy.moml.MoMLSimpleApplication@12fdfd51
----------------- Done invoking toplevel() on ptolemy.moml.MoMLSimpleApplication@12fdfd51
reloadAllAccessors: .Gaussian2

===========================================================================================
----------------- testing Sun Jun 03 20:24:29 UTC 2018 /home/travis/build/icyphy/ptII/ptolemy/actor/lib/test/auto/GradientAdaptiveLattice.xml
----------------- Instantiating /home/travis/build/icyphy/ptII/ptolemy/actor/lib/test/auto/GradientAdaptiveLattice.xml
3 ms. Memory: 1369600K Free: 1283066K (94%)
----------------- Invoking toplevel() on ptolemy.moml.MoMLSimpleApplication@18fb0694
----------------- Done invoking toplevel() on ptolemy.moml.MoMLSimpleApplication@18fb0694
reloadAllAccessors: .GradientAdaptiveLattice

===========================================================================================
----------------- testing Sun Jun 03 20:24:29 UTC 2018 /home/travis/build/icyphy/ptII/ptolemy/actor/lib/test/auto/IIR.xml
----------------- Instantiating /home/travis/build/icyphy/ptII/ptolemy/actor/lib/test/auto/IIR.xml
1 ms. Memory: 1369600K Free: 1264883K (92%)
----------------- Invoking toplevel() on ptolemy.moml.MoMLSimpleApplication@208a44ed
----------------- Done invoking toplevel() on ptolemy.moml.MoMLSimpleApplication@208a44ed
reloadAllAccessors: .IIR

===========================================================================================
----------------- testing Sun Jun 03 20:24:29 UTC 2018 /home/travis/build/icyphy/ptII/ptolemy/actor/lib/test/auto/InputOutputTransparentPorts.xml
----------------- Instantiating /home/travis/build/icyphy/ptII/ptolemy/actor/lib/test/auto/InputOutputTransparentPorts.xml
2 ms. Memory: 1369600K Free: 1249901K (91%)
----------------- Invoking toplevel() on ptolemy.moml.MoMLSimpleApplication@4b163536
----------------- Done invoking toplevel() on ptolemy.moml.MoMLSimpleApplication@4b163536
reloadAllAccessors: .InputOutputTransparentPorts

===========================================================================================
----------------- testing Sun Jun 03 20:24:29 UTC 2018 /home/travis/build/icyphy/ptII/ptolemy/actor/lib/test/auto/Interpolator.xml
----------------- Instantiating /home/travis/build/icyphy/ptII/ptolemy/actor/lib/test/auto/Interpolator.xml
3 ms. Memory: 1369600K Free: 1239923K (91%)
----------------- Invoking toplevel() on ptolemy.moml.MoMLSimpleApplication@328d283a
----------------- Done invoking toplevel() on ptolemy.moml.MoMLSimpleApplication@328d283a
reloadAllAccessors: .Interpolator

===========================================================================================
----------------- testing Sun Jun 03 20:24:29 UTC 2018 /home/travis/build/icyphy/ptII/ptolemy/actor/lib/test/auto/InterpolatorFiringLimitDE.xml
----------------- Instantiating /home/travis/build/icyphy/ptII/ptolemy/actor/lib/test/auto/InterpolatorFiringLimitDE.xml
2 ms. Memory: 1369600K Free: 1221740K (89%)
----------------- Invoking toplevel() on ptolemy.moml.MoMLSimpleApplication@1ac57b27
----------------- Done invoking toplevel() on ptolemy.moml.MoMLSimpleApplication@1ac57b27
reloadAllAccessors: .InterpolatorFiringLimitDE

===========================================================================================
----------------- testing Sun Jun 03 20:24:29 UTC 2018 /home/travis/build/icyphy/ptII/ptolemy/actor/lib/test/auto/Lattice.xml
----------------- Instantiating /home/travis/build/icyphy/ptII/ptolemy/actor/lib/test/auto/Lattice.xml
1 ms. Memory: 1369600K Free: 1211762K (88%)
----------------- Invoking toplevel() on ptolemy.moml.MoMLSimpleApplication@46328b82
----------------- Done invoking toplevel() on ptolemy.moml.MoMLSimpleApplication@46328b82
reloadAllAccessors: .Lattice

===========================================================================================
----------------- testing Sun Jun 03 20:24:29 UTC 2018 /home/travis/build/icyphy/ptII/ptolemy/actor/lib/test/auto/LazyAOCTestLazy.xml
----------------- Instantiating /home/travis/build/icyphy/ptII/ptolemy/actor/lib/test/auto/LazyAOCTestLazy.xml
6 ms. Memory: 1369600K Free: 1201784K (88%)
----------------- Invoking toplevel() on ptolemy.moml.MoMLSimpleApplication@6f67024
----------------- Done invoking toplevel() on ptolemy.moml.MoMLSimpleApplication@6f67024
reloadAllAccessors: .LazyAOCTestLazy

===========================================================================================
----------------- testing Sun Jun 03 20:24:29 UTC 2018 /home/travis/build/icyphy/ptII/ptolemy/actor/lib/test/auto/LazyAOCTestNonLazy.xml
----------------- Instantiating /home/travis/build/icyphy/ptII/ptolemy/actor/lib/test/auto/LazyAOCTestNonLazy.xml
1 ms. Memory: 1369600K Free: 1191806K (87%)
----------------- Invoking toplevel() on ptolemy.moml.MoMLSimpleApplication@39d53d22
----------------- Done invoking toplevel() on ptolemy.moml.MoMLSimpleApplication@39d53d22
reloadAllAccessors: .LazyAOCTestNonLazy

===========================================================================================
----------------- testing Sun Jun 03 20:24:29 UTC 2018 /home/travis/build/icyphy/ptII/ptolemy/actor/lib/test/auto/LazyInnerClass.xml
----------------- Instantiating /home/travis/build/icyphy/ptII/ptolemy/actor/lib/test/auto/LazyInnerClass.xml
12 ms. Memory: 1369600K Free: 1173623K (86%)
----------------- Invoking toplevel() on ptolemy.moml.MoMLSimpleApplication@23afa081
----------------- Done invoking toplevel() on ptolemy.moml.MoMLSimpleApplication@23afa081
reloadAllAccessors: .LazyInnerClass

===========================================================================================
----------------- testing Sun Jun 03 20:24:29 UTC 2018 /home/travis/build/icyphy/ptII/ptolemy/actor/lib/test/auto/LazyPubSub.xml
----------------- Instantiating /home/travis/build/icyphy/ptII/ptolemy/actor/lib/test/auto/LazyPubSub.xml
16 ms. Memory: 1369600K Free: 1158640K (85%)
----------------- Invoking toplevel() on ptolemy.moml.MoMLSimpleApplication@68784e40
----------------- Done invoking toplevel() on ptolemy.moml.MoMLSimpleApplication@68784e40
reloadAllAccessors: .LazyPubSub

===========================================================================================
----------------- testing Sun Jun 03 20:24:30 UTC 2018 /home/travis/build/icyphy/ptII/ptolemy/actor/lib/test/auto/LazyPubSub2.xml
----------------- Instantiating /home/travis/build/icyphy/ptII/ptolemy/actor/lib/test/auto/LazyPubSub2.xml
15 ms. Memory: 1369600K Free: 1143658K (84%)
----------------- Invoking toplevel() on ptolemy.moml.MoMLSimpleApplication@1037de9a
----------------- Done invoking toplevel() on ptolemy.moml.MoMLSimpleApplication@1037de9a
reloadAllAccessors: .LazyPubSub2

===========================================================================================
----------------- testing Sun Jun 03 20:24:30 UTC 2018 /home/travis/build/icyphy/ptII/ptolemy/actor/lib/test/auto/LazyPubSub3.xml
----------------- Instantiating /home/travis/build/icyphy/ptII/ptolemy/actor/lib/test/auto/LazyPubSub3.xml
13 ms. Memory: 1369600K Free: 1128691K (82%)
----------------- Invoking toplevel() on ptolemy.moml.MoMLSimpleApplication@707929d8
----------------- Done invoking toplevel() on ptolemy.moml.MoMLSimpleApplication@707929d8
reloadAllAccessors: .LazyPubSub3

===========================================================================================
----------------- testing Sun Jun 03 20:24:30 UTC 2018 /home/travis/build/icyphy/ptII/ptolemy/actor/lib/test/auto/LazySubClassModel.xml
----------------- Instantiating /home/travis/build/icyphy/ptII/ptolemy/actor/lib/test/auto/LazySubClassModel.xml
2 ms. Memory: 1369600K Free: 1105503K (81%)
----------------- Invoking toplevel() on ptolemy.moml.MoMLSimpleApplication@62812696
----------------- Done invoking toplevel() on ptolemy.moml.MoMLSimpleApplication@62812696
reloadAllAccessors: .LazySubClassModel

===========================================================================================
----------------- testing Sun Jun 03 20:24:30 UTC 2018 /home/travis/build/icyphy/ptII/ptolemy/actor/lib/test/auto/LevelCrossTest1.xml
----------------- Instantiating /home/travis/build/icyphy/ptII/ptolemy/actor/lib/test/auto/LevelCrossTest1.xml
1 ms. Memory: 1369600K Free: 1095525K (80%)
----------------- Invoking toplevel() on ptolemy.moml.MoMLSimpleApplication@6fcfaf6c
----------------- Done invoking toplevel() on ptolemy.moml.MoMLSimpleApplication@6fcfaf6c
reloadAllAccessors: .broken

===========================================================================================
----------------- testing Sun Jun 03 20:24:30 UTC 2018 /home/travis/build/icyphy/ptII/ptolemy/actor/lib/test/auto/LevelCrossTest10.xml
----------------- Instantiating /home/travis/build/icyphy/ptII/ptolemy/actor/lib/test/auto/LevelCrossTest10.xml
1 ms. Memory: 1369600K Free: 1080558K (79%)
----------------- Invoking toplevel() on ptolemy.moml.MoMLSimpleApplication@5aaa3edb
----------------- Done invoking toplevel() on ptolemy.moml.MoMLSimpleApplication@5aaa3edb
reloadAllAccessors: .LevelCrossTest10

===========================================================================================
----------------- testing Sun Jun 03 20:24:30 UTC 2018 /home/travis/build/icyphy/ptII/ptolemy/actor/lib/test/auto/LevelCrossTest11.xml
----------------- Instantiating /home/travis/build/icyphy/ptII/ptolemy/actor/lib/test/auto/LevelCrossTest11.xml
1 ms. Memory: 1369600K Free: 1057386K (77%)
----------------- Invoking toplevel() on ptolemy.moml.MoMLSimpleApplication@391e5321
----------------- Done invoking toplevel() on ptolemy.moml.MoMLSimpleApplication@391e5321
reloadAllAccessors: .LevelCrossTest11

===========================================================================================
----------------- testing Sun Jun 03 20:24:30 UTC 2018 /home/travis/build/icyphy/ptII/ptolemy/actor/lib/test/auto/LevelCrossTest12.xml
----------------- Instantiating /home/travis/build/icyphy/ptII/ptolemy/actor/lib/test/auto/LevelCrossTest12.xml
1 ms. Memory: 1369600K Free: 1047408K (76%)
----------------- Invoking toplevel() on ptolemy.moml.MoMLSimpleApplication@1505b47a
----------------- Done invoking toplevel() on ptolemy.moml.MoMLSimpleApplication@1505b47a
reloadAllAccessors: .LevelCrossTest12

===========================================================================================
----------------- testing Sun Jun 03 20:24:30 UTC 2018 /home/travis/build/icyphy/ptII/ptolemy/actor/lib/test/auto/LevelCrossTest13.xml
----------------- Instantiating /home/travis/build/icyphy/ptII/ptolemy/actor/lib/test/auto/LevelCrossTest13.xml
5 ms. Memory: 1369600K Free: 1032433K (75%)
----------------- Invoking toplevel() on ptolemy.moml.MoMLSimpleApplication@64a9cf1
----------------- Done invoking toplevel() on ptolemy.moml.MoMLSimpleApplication@64a9cf1
reloadAllAccessors: .LevelCrossTest13

===========================================================================================
----------------- testing Sun Jun 03 20:24:30 UTC 2018 /home/travis/build/icyphy/ptII/ptolemy/actor/lib/test/auto/LevelCrossTest2.xml
----------------- Instantiating /home/travis/build/icyphy/ptII/ptolemy/actor/lib/test/auto/LevelCrossTest2.xml
6 ms. Memory: 1369600K Free: 1022346K (75%)
----------------- Invoking toplevel() on ptolemy.moml.MoMLSimpleApplication@5f768e66
----------------- Done invoking toplevel() on ptolemy.moml.MoMLSimpleApplication@5f768e66
reloadAllAccessors: .broken

===========================================================================================
----------------- testing Sun Jun 03 20:24:30 UTC 2018 /home/travis/build/icyphy/ptII/ptolemy/actor/lib/test/auto/LevelCrossTest3.xml
----------------- Instantiating /home/travis/build/icyphy/ptII/ptolemy/actor/lib/test/auto/LevelCrossTest3.xml
3 ms. Memory: 1369600K Free: 1004163K (73%)
----------------- Invoking toplevel() on ptolemy.moml.MoMLSimpleApplication@75308869
----------------- Done invoking toplevel() on ptolemy.moml.MoMLSimpleApplication@75308869
reloadAllAccessors: .LevelCrossTest3

===========================================================================================
----------------- testing Sun Jun 03 20:24:30 UTC 2018 /home/travis/build/icyphy/ptII/ptolemy/actor/lib/test/auto/LevelCrossTest4.xml
----------------- Instantiating /home/travis/build/icyphy/ptII/ptolemy/actor/lib/test/auto/LevelCrossTest4.xml
1 ms. Memory: 1369600K Free: 994185K (73%)
----------------- Invoking toplevel() on ptolemy.moml.MoMLSimpleApplication@344e77fe
----------------- Done invoking toplevel() on ptolemy.moml.MoMLSimpleApplication@344e77fe
reloadAllAccessors: .broken

===========================================================================================
----------------- testing Sun Jun 03 20:24:30 UTC 2018 /home/travis/build/icyphy/ptII/ptolemy/actor/lib/test/auto/LevelCrossTest5.xml
----------------- Instantiating /home/travis/build/icyphy/ptII/ptolemy/actor/lib/test/auto/LevelCrossTest5.xml
4 ms. Memory: 1369600K Free: 979202K (71%)
----------------- Invoking toplevel() on ptolemy.moml.MoMLSimpleApplication@7c92e110
----------------- Done invoking toplevel() on ptolemy.moml.MoMLSimpleApplication@7c92e110
reloadAllAccessors: .LevelCrossTest5

===========================================================================================
----------------- testing Sun Jun 03 20:24:30 UTC 2018 /home/travis/build/icyphy/ptII/ptolemy/actor/lib/test/auto/LevelCrossTest6.xml
----------------- Instantiating /home/travis/build/icyphy/ptII/ptolemy/actor/lib/test/auto/LevelCrossTest6.xml
2 ms. Memory: 1369600K Free: 961019K (70%)
----------------- Invoking toplevel() on ptolemy.moml.MoMLSimpleApplication@15eadf3f
----------------- Done invoking toplevel() on ptolemy.moml.MoMLSimpleApplication@15eadf3f
reloadAllAccessors: .LevelCrossTest6

===========================================================================================
----------------- testing Sun Jun 03 20:24:30 UTC 2018 /home/travis/build/icyphy/ptII/ptolemy/actor/lib/test/auto/LevelCrossTest7.xml
----------------- Instantiating /home/travis/build/icyphy/ptII/ptolemy/actor/lib/test/auto/LevelCrossTest7.xml
1 ms. Memory: 1369600K Free: 946044K (69%)
----------------- Invoking toplevel() on ptolemy.moml.MoMLSimpleApplication@5eee2f2b
----------------- Done invoking toplevel() on ptolemy.moml.MoMLSimpleApplication@5eee2f2b
reloadAllAccessors: .LevelCrossTest7

===========================================================================================
----------------- testing Sun Jun 03 20:24:30 UTC 2018 /home/travis/build/icyphy/ptII/ptolemy/actor/lib/test/auto/LevelCrossTest8.xml
----------------- Instantiating /home/travis/build/icyphy/ptII/ptolemy/actor/lib/test/auto/LevelCrossTest8.xml
1 ms. Memory: 1369600K Free: 931061K (68%)
----------------- Invoking toplevel() on ptolemy.moml.MoMLSimpleApplication@299f79a2
----------------- Done invoking toplevel() on ptolemy.moml.MoMLSimpleApplication@299f79a2
reloadAllAccessors: .LevelCrossTest8

===========================================================================================
----------------- testing Sun Jun 03 20:24:30 UTC 2018 /home/travis/build/icyphy/ptII/ptolemy/actor/lib/test/auto/LevelCrossTest9.xml
----------------- Instantiating /home/travis/build/icyphy/ptII/ptolemy/actor/lib/test/auto/LevelCrossTest9.xml
1 ms. Memory: 1369600K Free: 916078K (67%)
----------------- Invoking toplevel() on ptolemy.moml.MoMLSimpleApplication@53e5e7a
----------------- Done invoking toplevel() on ptolemy.moml.MoMLSimpleApplication@53e5e7a
reloadAllAccessors: .LevelCrossTest9

===========================================================================================
----------------- testing Sun Jun 03 20:24:30 UTC 2018 /home/travis/build/icyphy/ptII/ptolemy/actor/lib/test/auto/LevinsonDurbin.xml
----------------- Instantiating /home/travis/build/icyphy/ptII/ptolemy/actor/lib/test/auto/LevinsonDurbin.xml
2 ms. Memory: 1369600K Free: 897895K (66%)
----------------- Invoking toplevel() on ptolemy.moml.MoMLSimpleApplication@184eeb33
----------------- Done invoking toplevel() on ptolemy.moml.MoMLSimpleApplication@184eeb33
reloadAllAccessors: .LevinsonDurbin

===========================================================================================
----------------- testing Sun Jun 03 20:24:30 UTC 2018 /home/travis/build/icyphy/ptII/ptolemy/actor/lib/test/auto/LevinsonDurbin2.xml
----------------- Instantiating /home/travis/build/icyphy/ptII/ptolemy/actor/lib/test/auto/LevinsonDurbin2.xml
1 ms. Memory: 1369600K Free: 887917K (65%)
----------------- Invoking toplevel() on ptolemy.moml.MoMLSimpleApplication@1e661af5
----------------- Done invoking toplevel() on ptolemy.moml.MoMLSimpleApplication@1e661af5
reloadAllAccessors: .LevinsonDurbin2

===========================================================================================
----------------- testing Sun Jun 03 20:24:30 UTC 2018 /home/travis/build/icyphy/ptII/ptolemy/actor/lib/test/auto/LevinsonDurbin3.xml
----------------- Instantiating /home/travis/build/icyphy/ptII/ptolemy/actor/lib/test/auto/LevinsonDurbin3.xml
1 ms. Memory: 1369600K Free: 877940K (64%)
----------------- Invoking toplevel() on ptolemy.moml.MoMLSimpleApplication@172a5b08
----------------- Done invoking toplevel() on ptolemy.moml.MoMLSimpleApplication@172a5b08
reloadAllAccessors: .LevinsonDurbin3

===========================================================================================
----------------- testing Sun Jun 03 20:24:30 UTC 2018 /home/travis/build/icyphy/ptII/ptolemy/actor/lib/test/auto/Limiter.xml
----------------- Instantiating /home/travis/build/icyphy/ptII/ptolemy/actor/lib/test/auto/Limiter.xml
4 ms. Memory: 1369600K Free: 854752K (62%)
----------------- Invoking toplevel() on ptolemy.moml.MoMLSimpleApplication@71ae8655
----------------- Done invoking toplevel() on ptolemy.moml.MoMLSimpleApplication@71ae8655
reloadAllAccessors: .Limiter

===========================================================================================
----------------- testing Sun Jun 03 20:24:30 UTC 2018 /home/travis/build/icyphy/ptII/ptolemy/actor/lib/test/auto/LinearDifferenceEquationSystem.xml
----------------- Instantiating /home/travis/build/icyphy/ptII/ptolemy/actor/lib/test/auto/LinearDifferenceEquationSystem.xml
3 ms. Memory: 1369600K Free: 839777K (61%)
----------------- Invoking toplevel() on ptolemy.moml.MoMLSimpleApplication@103e453f
----------------- Done invoking toplevel() on ptolemy.moml.MoMLSimpleApplication@103e453f
reloadAllAccessors: .LinearDifferenceEquationSystem

===========================================================================================
----------------- testing Sun Jun 03 20:24:30 UTC 2018 /home/travis/build/icyphy/ptII/ptolemy/actor/lib/test/auto/LookupTable.xml
----------------- Instantiating /home/travis/build/icyphy/ptII/ptolemy/actor/lib/test/auto/LookupTable.xml
1 ms. Memory: 1369600K Free: 829799K (61%)
----------------- Invoking toplevel() on ptolemy.moml.MoMLSimpleApplication@29cf2d1c
----------------- Done invoking toplevel() on ptolemy.moml.MoMLSimpleApplication@29cf2d1c
reloadAllAccessors: .LookupTable

===========================================================================================
----------------- testing Sun Jun 03 20:24:30 UTC 2018 /home/travis/build/icyphy/ptII/ptolemy/actor/lib/test/auto/MathFunction.xml
----------------- Instantiating /home/travis/build/icyphy/ptII/ptolemy/actor/lib/test/auto/MathFunction.xml
1 ms. Memory: 1369600K Free: 814816K (59%)
----------------- Invoking toplevel() on ptolemy.moml.MoMLSimpleApplication@2b323b0b
----------------- Done invoking toplevel() on ptolemy.moml.MoMLSimpleApplication@2b323b0b
reloadAllAccessors: .MathFunction

===========================================================================================
----------------- testing Sun Jun 03 20:24:30 UTC 2018 /home/travis/build/icyphy/ptII/ptolemy/actor/lib/test/auto/MathFunction2.xml
----------------- Instantiating /home/travis/build/icyphy/ptII/ptolemy/actor/lib/test/auto/MathFunction2.xml
1 ms. Memory: 1369600K Free: 796633K (58%)
----------------- Invoking toplevel() on ptolemy.moml.MoMLSimpleApplication@5495f4f0
----------------- Done invoking toplevel() on ptolemy.moml.MoMLSimpleApplication@5495f4f0
reloadAllAccessors: .MathFunction2

===========================================================================================
----------------- testing Sun Jun 03 20:24:30 UTC 2018 /home/travis/build/icyphy/ptII/ptolemy/actor/lib/test/auto/MathFunction3.xml
----------------- Instantiating /home/travis/build/icyphy/ptII/ptolemy/actor/lib/test/auto/MathFunction3.xml
2 ms. Memory: 1369600K Free: 781650K (57%)
----------------- Invoking toplevel() on ptolemy.moml.MoMLSimpleApplication@4940036e
----------------- Done invoking toplevel() on ptolemy.moml.MoMLSimpleApplication@4940036e
reloadAllAccessors: .MathFunction3

===========================================================================================
----------------- testing Sun Jun 03 20:24:30 UTC 2018 /home/travis/build/icyphy/ptII/ptolemy/actor/lib/test/auto/MatrixCropBoolean.xml
----------------- Instantiating /home/travis/build/icyphy/ptII/ptolemy/actor/lib/test/auto/MatrixCropBoolean.xml
1 ms. Memory: 1369600K Free: 771673K (56%)
----------------- Invoking toplevel() on ptolemy.moml.MoMLSimpleApplication@6cd0a1e2
----------------- Done invoking toplevel() on ptolemy.moml.MoMLSimpleApplication@6cd0a1e2
reloadAllAccessors: .MatrixCropBoolean

===========================================================================================
----------------- testing Sun Jun 03 20:24:30 UTC 2018 /home/travis/build/icyphy/ptII/ptolemy/actor/lib/test/auto/MatrixCropComplex.xml
----------------- Instantiating /home/travis/build/icyphy/ptII/ptolemy/actor/lib/test/auto/MatrixCropComplex.xml
2 ms. Memory: 1369600K Free: 753489K (55%)
----------------- Invoking toplevel() on ptolemy.moml.MoMLSimpleApplication@507599a1
----------------- Done invoking toplevel() on ptolemy.moml.MoMLSimpleApplication@507599a1
reloadAllAccessors: .MatrixCropComplex

===========================================================================================
----------------- testing Sun Jun 03 20:24:30 UTC 2018 /home/travis/build/icyphy/ptII/ptolemy/actor/lib/test/auto/MatrixCropDouble.xml
----------------- Instantiating /home/travis/build/icyphy/ptII/ptolemy/actor/lib/test/auto/MatrixCropDouble.xml
2 ms. Memory: 1369600K Free: 743512K (54%)
----------------- Invoking toplevel() on ptolemy.moml.MoMLSimpleApplication@3c32a0f7
----------------- Done invoking toplevel() on ptolemy.moml.MoMLSimpleApplication@3c32a0f7
reloadAllAccessors: .MatrixCropDouble

===========================================================================================
----------------- testing Sun Jun 03 20:24:30 UTC 2018 /home/travis/build/icyphy/ptII/ptolemy/actor/lib/test/auto/MatrixCropFix.xml
----------------- Instantiating /home/travis/build/icyphy/ptII/ptolemy/actor/lib/test/auto/MatrixCropFix.xml
2 ms. Memory: 1369600K Free: 733534K (54%)
----------------- Invoking toplevel() on ptolemy.moml.MoMLSimpleApplication@1b68b555
----------------- Done invoking toplevel() on ptolemy.moml.MoMLSimpleApplication@1b68b555
reloadAllAccessors: .MatrixCropFix

===========================================================================================
----------------- testing Sun Jun 03 20:24:30 UTC 2018 /home/travis/build/icyphy/ptII/ptolemy/actor/lib/test/auto/MatrixCropInt.xml
----------------- Instantiating /home/travis/build/icyphy/ptII/ptolemy/actor/lib/test/auto/MatrixCropInt.xml
2 ms. Memory: 1369600K Free: 723556K (53%)
----------------- Invoking toplevel() on ptolemy.moml.MoMLSimpleApplication@35b1fd48
----------------- Done invoking toplevel() on ptolemy.moml.MoMLSimpleApplication@35b1fd48
reloadAllAccessors: .MatrixCropInt

===========================================================================================
----------------- testing Sun Jun 03 20:24:30 UTC 2018 /home/travis/build/icyphy/ptII/ptolemy/actor/lib/test/auto/MatrixCropLong.xml
----------------- Instantiating /home/travis/build/icyphy/ptII/ptolemy/actor/lib/test/auto/MatrixCropLong.xml
2 ms. Memory: 1369600K Free: 705373K (52%)
----------------- Invoking toplevel() on ptolemy.moml.MoMLSimpleApplication@60df27ce
----------------- Done invoking toplevel() on ptolemy.moml.MoMLSimpleApplication@60df27ce
reloadAllAccessors: .MatrixCropLong

===========================================================================================
----------------- testing Sun Jun 03 20:24:30 UTC 2018 /home/travis/build/icyphy/ptII/ptolemy/actor/lib/test/auto/MatrixToArray.xml
----------------- Instantiating /home/travis/build/icyphy/ptII/ptolemy/actor/lib/test/auto/MatrixToArray.xml
5 ms. Memory: 1369600K Free: 685401K (50%)
----------------- Invoking toplevel() on ptolemy.moml.MoMLSimpleApplication@17e816e0
----------------- Done invoking toplevel() on ptolemy.moml.MoMLSimpleApplication@17e816e0
reloadAllAccessors: .MatrixToArray

===========================================================================================
----------------- testing Sun Jun 03 20:24:30 UTC 2018 /home/travis/build/icyphy/ptII/ptolemy/actor/lib/test/auto/MaxIndex.xml
----------------- Instantiating /home/travis/build/icyphy/ptII/ptolemy/actor/lib/test/auto/MaxIndex.xml
2 ms. Memory: 1369600K Free: 675423K (49%)
----------------- Invoking toplevel() on ptolemy.moml.MoMLSimpleApplication@255e967b
----------------- Done invoking toplevel() on ptolemy.moml.MoMLSimpleApplication@255e967b
reloadAllAccessors: .MaxIndex

===========================================================================================
----------------- testing Sun Jun 03 20:24:30 UTC 2018 /home/travis/build/icyphy/ptII/ptolemy/actor/lib/test/auto/Maximum.xml
----------------- Instantiating /home/travis/build/icyphy/ptII/ptolemy/actor/lib/test/auto/Maximum.xml
2 ms. Memory: 1369600K Free: 657240K (48%)
----------------- Invoking toplevel() on ptolemy.moml.MoMLSimpleApplication@16d1e7e6
----------------- Done invoking toplevel() on ptolemy.moml.MoMLSimpleApplication@16d1e7e6
reloadAllAccessors: .Maximum

===========================================================================================
----------------- testing Sun Jun 03 20:24:30 UTC 2018 /home/travis/build/icyphy/ptII/ptolemy/actor/lib/test/auto/MaximumComplex.xml
----------------- Instantiating /home/travis/build/icyphy/ptII/ptolemy/actor/lib/test/auto/MaximumComplex.xml
2 ms. Memory: 1369600K Free: 647262K (47%)
----------------- Invoking toplevel() on ptolemy.moml.MoMLSimpleApplication@44c7c479
----------------- Done invoking toplevel() on ptolemy.moml.MoMLSimpleApplication@44c7c479
reloadAllAccessors: .MaximumComplex

===========================================================================================
----------------- testing Sun Jun 03 20:24:30 UTC 2018 /home/travis/build/icyphy/ptII/ptolemy/actor/lib/test/auto/MethodCallTest.xml
----------------- Instantiating /home/travis/build/icyphy/ptII/ptolemy/actor/lib/test/auto/MethodCallTest.xml
2 ms. Memory: 1369600K Free: 632280K (46%)
----------------- Invoking toplevel() on ptolemy.moml.MoMLSimpleApplication@55eeb400
----------------- Done invoking toplevel() on ptolemy.moml.MoMLSimpleApplication@55eeb400
reloadAllAccessors: .MethodCallTest

===========================================================================================
----------------- testing Sun Jun 03 20:24:30 UTC 2018 /home/travis/build/icyphy/ptII/ptolemy/actor/lib/test/auto/Minimum.xml
----------------- Instantiating /home/travis/build/icyphy/ptII/ptolemy/actor/lib/test/auto/Minimum.xml
2 ms. Memory: 1369600K Free: 622302K (45%)
----------------- Invoking toplevel() on ptolemy.moml.MoMLSimpleApplication@45275d7c
----------------- Done invoking toplevel() on ptolemy.moml.MoMLSimpleApplication@45275d7c
reloadAllAccessors: .Minimum

===========================================================================================
----------------- testing Sun Jun 03 20:24:30 UTC 2018 /home/travis/build/icyphy/ptII/ptolemy/actor/lib/test/auto/MinimumComplex.xml
----------------- Instantiating /home/travis/build/icyphy/ptII/ptolemy/actor/lib/test/auto/MinimumComplex.xml
2 ms. Memory: 1369600K Free: 604119K (44%)
----------------- Invoking toplevel() on ptolemy.moml.MoMLSimpleApplication@6518df85
----------------- Done invoking toplevel() on ptolemy.moml.MoMLSimpleApplication@6518df85
reloadAllAccessors: .MinimumComplex

===========================================================================================
----------------- testing Sun Jun 03 20:24:30 UTC 2018 /home/travis/build/icyphy/ptII/ptolemy/actor/lib/test/auto/MinimumMultiports.xml
----------------- Instantiating /home/travis/build/icyphy/ptII/ptolemy/actor/lib/test/auto/MinimumMultiports.xml
4 ms. Memory: 1369600K Free: 589152K (43%)
----------------- Invoking toplevel() on ptolemy.moml.MoMLSimpleApplication@f8a0621
----------------- Done invoking toplevel() on ptolemy.moml.MoMLSimpleApplication@f8a0621
reloadAllAccessors: .MinimumMultiports

===========================================================================================
----------------- testing Sun Jun 03 20:24:30 UTC 2018 /home/travis/build/icyphy/ptII/ptolemy/actor/lib/test/auto/ModifyDate.xml
----------------- Instantiating /home/travis/build/icyphy/ptII/ptolemy/actor/lib/test/auto/ModifyDate.xml
5 ms. Memory: 1369600K Free: 569180K (42%)
----------------- Invoking toplevel() on ptolemy.moml.MoMLSimpleApplication@587da446
----------------- Done invoking toplevel() on ptolemy.moml.MoMLSimpleApplication@587da446
reloadAllAccessors: .ModifyDate

===========================================================================================
----------------- testing Sun Jun 03 20:24:30 UTC 2018 /home/travis/build/icyphy/ptII/ptolemy/actor/lib/test/auto/ModifyDate2.xml
----------------- Instantiating /home/travis/build/icyphy/ptII/ptolemy/actor/lib/test/auto/ModifyDate2.xml
2 ms. Memory: 1369600K Free: 546008K (40%)
----------------- Invoking toplevel() on ptolemy.moml.MoMLSimpleApplication@492451f
----------------- Done invoking toplevel() on ptolemy.moml.MoMLSimpleApplication@492451f
reloadAllAccessors: .ModifyDate2

===========================================================================================
----------------- testing Sun Jun 03 20:24:30 UTC 2018 /home/travis/build/icyphy/ptII/ptolemy/actor/lib/test/auto/MovingAverage.xml
----------------- Instantiating /home/travis/build/icyphy/ptII/ptolemy/actor/lib/test/auto/MovingAverage.xml
2 ms. Memory: 1369600K Free: 536030K (39%)
----------------- Invoking toplevel() on ptolemy.moml.MoMLSimpleApplication@6c6b0ebc
----------------- Done invoking toplevel() on ptolemy.moml.MoMLSimpleApplication@6c6b0ebc
reloadAllAccessors: .MovingAverage

===========================================================================================
----------------- testing Sun Jun 03 20:24:30 UTC 2018 /home/travis/build/icyphy/ptII/ptolemy/actor/lib/test/auto/MovingMaximum.xml
----------------- Instantiating /home/travis/build/icyphy/ptII/ptolemy/actor/lib/test/auto/MovingMaximum.xml
1 ms. Memory: 1369600K Free: 526052K (38%)
----------------- Invoking toplevel() on ptolemy.moml.MoMLSimpleApplication@4be4b439
----------------- Done invoking toplevel() on ptolemy.moml.MoMLSimpleApplication@4be4b439
reloadAllAccessors: .MovingMaximum

===========================================================================================
----------------- testing Sun Jun 03 20:24:30 UTC 2018 /home/travis/build/icyphy/ptII/ptolemy/actor/lib/test/auto/MultipleLinksToSameRelation.xml
----------------- Instantiating /home/travis/build/icyphy/ptII/ptolemy/actor/lib/test/auto/MultipleLinksToSameRelation.xml
2 ms. Memory: 1369600K Free: 516074K (38%)
----------------- Invoking toplevel() on ptolemy.moml.MoMLSimpleApplication@12119aa
----------------- Done invoking toplevel() on ptolemy.moml.MoMLSimpleApplication@12119aa
reloadAllAccessors: .MultipleLinksToSameRelation

===========================================================================================
----------------- testing Sun Jun 03 20:24:30 UTC 2018 /home/travis/build/icyphy/ptII/ptolemy/actor/lib/test/auto/MultipleLinksToSameRelationDE.xml
----------------- Instantiating /home/travis/build/icyphy/ptII/ptolemy/actor/lib/test/auto/MultipleLinksToSameRelationDE.xml
2 ms. Memory: 1369600K Free: 497891K (36%)
----------------- Invoking toplevel() on ptolemy.moml.MoMLSimpleApplication@4c66b5d9
----------------- Done invoking toplevel() on ptolemy.moml.MoMLSimpleApplication@4c66b5d9
reloadAllAccessors: .MultipleLinksToSameRelationDE

===========================================================================================
----------------- testing Sun Jun 03 20:24:30 UTC 2018 /home/travis/build/icyphy/ptII/ptolemy/actor/lib/test/auto/Multiplexor.xml
----------------- Instantiating /home/travis/build/icyphy/ptII/ptolemy/actor/lib/test/auto/Multiplexor.xml
2 ms. Memory: 1369600K Free: 487913K (36%)
----------------- Invoking toplevel() on ptolemy.moml.MoMLSimpleApplication@62f490c8
----------------- Done invoking toplevel() on ptolemy.moml.MoMLSimpleApplication@62f490c8
reloadAllAccessors: .Multiplexor

===========================================================================================
----------------- testing Sun Jun 03 20:24:31 UTC 2018 /home/travis/build/icyphy/ptII/ptolemy/actor/lib/test/auto/Multiplexor1.xml
----------------- Instantiating /home/travis/build/icyphy/ptII/ptolemy/actor/lib/test/auto/Multiplexor1.xml
2 ms. Memory: 1369600K Free: 477935K (35%)
----------------- Invoking toplevel() on ptolemy.moml.MoMLSimpleApplication@78e49d05
----------------- Done invoking toplevel() on ptolemy.moml.MoMLSimpleApplication@78e49d05
reloadAllAccessors: .Multiplexor1

===========================================================================================
----------------- testing Sun Jun 03 20:24:31 UTC 2018 /home/travis/build/icyphy/ptII/ptolemy/actor/lib/test/auto/Multiplexor2.xml
----------------- Instantiating /home/travis/build/icyphy/ptII/ptolemy/actor/lib/test/auto/Multiplexor2.xml
3 ms. Memory: 1369600K Free: 459752K (34%)
----------------- Invoking toplevel() on ptolemy.moml.MoMLSimpleApplication@4e0468e1
----------------- Done invoking toplevel() on ptolemy.moml.MoMLSimpleApplication@4e0468e1
reloadAllAccessors: .Multiplexor2

===========================================================================================
----------------- testing Sun Jun 03 20:24:31 UTC 2018 /home/travis/build/icyphy/ptII/ptolemy/actor/lib/test/auto/Multiplexor3.xml
----------------- Instantiating /home/travis/build/icyphy/ptII/ptolemy/actor/lib/test/auto/Multiplexor3.xml
1 ms. Memory: 1369600K Free: 449775K (33%)
----------------- Invoking toplevel() on ptolemy.moml.MoMLSimpleApplication@1bb0cfca
----------------- Done invoking toplevel() on ptolemy.moml.MoMLSimpleApplication@1bb0cfca
reloadAllAccessors: .Multiplexor3

===========================================================================================
----------------- testing Sun Jun 03 20:24:31 UTC 2018 /home/travis/build/icyphy/ptII/ptolemy/actor/lib/test/auto/MultiplexorDE.xml
----------------- Instantiating /home/travis/build/icyphy/ptII/ptolemy/actor/lib/test/auto/MultiplexorDE.xml
2 ms. Memory: 1369600K Free: 434792K (32%)
----------------- Invoking toplevel() on ptolemy.moml.MoMLSimpleApplication@5d7cfbfd
----------------- Done invoking toplevel() on ptolemy.moml.MoMLSimpleApplication@5d7cfbfd
reloadAllAccessors: .MultiplexorDE

===========================================================================================
----------------- testing Sun Jun 03 20:24:31 UTC 2018 /home/travis/build/icyphy/ptII/ptolemy/actor/lib/test/auto/MultiportBroadcastTest.xml
----------------- Instantiating /home/travis/build/icyphy/ptII/ptolemy/actor/lib/test/auto/MultiportBroadcastTest.xml
86 ms. Memory: 1369600K Free: 424814K (31%)
----------------- Invoking toplevel() on ptolemy.moml.MoMLSimpleApplication@cde9479
----------------- Done invoking toplevel() on ptolemy.moml.MoMLSimpleApplication@cde9479
reloadAllAccessors: .MultiportBroadcastTest

===========================================================================================
----------------- testing Sun Jun 03 20:24:31 UTC 2018 /home/travis/build/icyphy/ptII/ptolemy/actor/lib/test/auto/MultiportOutHangDuringGetWidth.xml
----------------- Instantiating /home/travis/build/icyphy/ptII/ptolemy/actor/lib/test/auto/MultiportOutHangDuringGetWidth.xml
5 ms. Memory: 1369600K Free: 396645K (29%)
----------------- Invoking toplevel() on ptolemy.moml.MoMLSimpleApplication@78076441
----------------- Done invoking toplevel() on ptolemy.moml.MoMLSimpleApplication@78076441
reloadAllAccessors: .MultiportOutHangDuringGetWidth

===========================================================================================
----------------- testing Sun Jun 03 20:24:31 UTC 2018 /home/travis/build/icyphy/ptII/ptolemy/actor/lib/test/auto/NilToken.xml
----------------- Instantiating /home/travis/build/icyphy/ptII/ptolemy/actor/lib/test/auto/NilToken.xml
2 ms. Memory: 1369600K Free: 386667K (28%)
----------------- Invoking toplevel() on ptolemy.moml.MoMLSimpleApplication@57352fad
----------------- Done invoking toplevel() on ptolemy.moml.MoMLSimpleApplication@57352fad
reloadAllAccessors: .NilToken

===========================================================================================
----------------- testing Sun Jun 03 20:24:31 UTC 2018 /home/travis/build/icyphy/ptII/ptolemy/actor/lib/test/auto/NilTokenNonStrictTest.xml
----------------- Instantiating /home/travis/build/icyphy/ptII/ptolemy/actor/lib/test/auto/NilTokenNonStrictTest.xml
2 ms. Memory: 1369600K Free: 376689K (28%)
----------------- Invoking toplevel() on ptolemy.moml.MoMLSimpleApplication@7f88458b
----------------- Done invoking toplevel() on ptolemy.moml.MoMLSimpleApplication@7f88458b
reloadAllAccessors: .NilTokenNonStrictTest

===========================================================================================
----------------- testing Sun Jun 03 20:24:31 UTC 2018 /home/travis/build/icyphy/ptII/ptolemy/actor/lib/test/auto/NilTokenRecord.xml
----------------- Instantiating /home/travis/build/icyphy/ptII/ptolemy/actor/lib/test/auto/NilTokenRecord.xml
8 ms. Memory: 1369600K Free: 358506K (26%)
----------------- Invoking toplevel() on ptolemy.moml.MoMLSimpleApplication@2d10bdc
----------------- Done invoking toplevel() on ptolemy.moml.MoMLSimpleApplication@2d10bdc
reloadAllAccessors: .NilTokenRecord

===========================================================================================
----------------- testing Sun Jun 03 20:24:31 UTC 2018 /home/travis/build/icyphy/ptII/ptolemy/actor/lib/test/auto/NilTokenTypeTest.xml
----------------- Instantiating /home/travis/build/icyphy/ptII/ptolemy/actor/lib/test/auto/NilTokenTypeTest.xml
3 ms. Memory: 1369600K Free: 343524K (25%)
----------------- Invoking toplevel() on ptolemy.moml.MoMLSimpleApplication@79f1265c
----------------- Done invoking toplevel() on ptolemy.moml.MoMLSimpleApplication@79f1265c
reloadAllAccessors: .NilTokenTypeTest

===========================================================================================
----------------- testing Sun Jun 03 20:24:31 UTC 2018 /home/travis/build/icyphy/ptII/ptolemy/actor/lib/test/auto/ObjectToken1.xml
----------------- Instantiating /home/travis/build/icyphy/ptII/ptolemy/actor/lib/test/auto/ObjectToken1.xml
2 ms. Memory: 1369600K Free: 333546K (24%)
----------------- Invoking toplevel() on ptolemy.moml.MoMLSimpleApplication@6f241d49
----------------- Done invoking toplevel() on ptolemy.moml.MoMLSimpleApplication@6f241d49
reloadAllAccessors: .ObjectToken1

===========================================================================================
----------------- testing Sun Jun 03 20:24:31 UTC 2018 /home/travis/build/icyphy/ptII/ptolemy/actor/lib/test/auto/OrderedMerge.xml
----------------- Instantiating /home/travis/build/icyphy/ptII/ptolemy/actor/lib/test/auto/OrderedMerge.xml
11 ms. Memory: 1369600K Free: 303612K (22%)
----------------- Invoking toplevel() on ptolemy.moml.MoMLSimpleApplication@6881183c
----------------- Done invoking toplevel() on ptolemy.moml.MoMLSimpleApplication@6881183c
reloadAllAccessors: .OrderedMerge

===========================================================================================
----------------- testing Sun Jun 03 20:24:31 UTC 2018 /home/travis/build/icyphy/ptII/ptolemy/actor/lib/test/auto/OrderedRecordDisassembler.xml
----------------- Instantiating /home/travis/build/icyphy/ptII/ptolemy/actor/lib/test/auto/OrderedRecordDisassembler.xml
3 ms. Memory: 1369600K Free: 285429K (21%)
----------------- Invoking toplevel() on ptolemy.moml.MoMLSimpleApplication@b0fe8
----------------- Done invoking toplevel() on ptolemy.moml.MoMLSimpleApplication@b0fe8
reloadAllAccessors: .OrderedRecordDisassembler

===========================================================================================
----------------- testing Sun Jun 03 20:24:31 UTC 2018 /home/travis/build/icyphy/ptII/ptolemy/actor/lib/test/auto/OrderedRecordDisassembler2.xml
----------------- Instantiating /home/travis/build/icyphy/ptII/ptolemy/actor/lib/test/auto/OrderedRecordDisassembler2.xml
3 ms. Memory: 1369600K Free: 270462K (20%)
----------------- Invoking toplevel() on ptolemy.moml.MoMLSimpleApplication@c5c801a
----------------- Done invoking toplevel() on ptolemy.moml.MoMLSimpleApplication@c5c801a
reloadAllAccessors: .OrderedRecordDisassembler2

===========================================================================================
----------------- testing Sun Jun 03 20:24:31 UTC 2018 /home/travis/build/icyphy/ptII/ptolemy/actor/lib/test/auto/OrderedRecordUpdater.xml
----------------- Instantiating /home/travis/build/icyphy/ptII/ptolemy/actor/lib/test/auto/OrderedRecordUpdater.xml
2 ms. Memory: 1369600K Free: 260484K (19%)
----------------- Invoking toplevel() on ptolemy.moml.MoMLSimpleApplication@3be1353a
----------------- Done invoking toplevel() on ptolemy.moml.MoMLSimpleApplication@3be1353a
reloadAllAccessors: .RecordUpdater

===========================================================================================
----------------- testing Sun Jun 03 20:24:31 UTC 2018 /home/travis/build/icyphy/ptII/ptolemy/actor/lib/test/auto/OrderedRecordUpdater2.xml
----------------- Instantiating /home/travis/build/icyphy/ptII/ptolemy/actor/lib/test/auto/OrderedRecordUpdater2.xml
3 ms. Memory: 1369600K Free: 242301K (18%)
----------------- Invoking toplevel() on ptolemy.moml.MoMLSimpleApplication@31a14f9a
----------------- Done invoking toplevel() on ptolemy.moml.MoMLSimpleApplication@31a14f9a
reloadAllAccessors: .RecordUpdater2

===========================================================================================
----------------- testing Sun Jun 03 20:24:31 UTC 2018 /home/travis/build/icyphy/ptII/ptolemy/actor/lib/test/auto/PhaseUnwrap.xml
----------------- Instantiating /home/travis/build/icyphy/ptII/ptolemy/actor/lib/test/auto/PhaseUnwrap.xml
2 ms. Memory: 1369600K Free: 232323K (17%)
----------------- Invoking toplevel() on ptolemy.moml.MoMLSimpleApplication@22877133
----------------- Done invoking toplevel() on ptolemy.moml.MoMLSimpleApplication@22877133
reloadAllAccessors: .PhaseUnwrap

===========================================================================================
----------------- testing Sun Jun 03 20:24:31 UTC 2018 /home/travis/build/icyphy/ptII/ptolemy/actor/lib/test/auto/PoissonClock.xml
----------------- Instantiating /home/travis/build/icyphy/ptII/ptolemy/actor/lib/test/auto/PoissonClock.xml
3 ms. Memory: 1369600K Free: 222345K (16%)
----------------- Invoking toplevel() on ptolemy.moml.MoMLSimpleApplication@231cb327
----------------- Done invoking toplevel() on ptolemy.moml.MoMLSimpleApplication@231cb327
reloadAllAccessors: .PoissonClock

===========================================================================================
----------------- testing Sun Jun 03 20:24:31 UTC 2018 /home/travis/build/icyphy/ptII/ptolemy/actor/lib/test/auto/PoissonClock2.xml
----------------- Instantiating /home/travis/build/icyphy/ptII/ptolemy/actor/lib/test/auto/PoissonClock2.xml
2 ms. Memory: 1369600K Free: 204162K (15%)
----------------- Invoking toplevel() on ptolemy.moml.MoMLSimpleApplication@a08577a
----------------- Done invoking toplevel() on ptolemy.moml.MoMLSimpleApplication@a08577a
reloadAllAccessors: .PoissonClock2

===========================================================================================
----------------- testing Sun Jun 03 20:24:31 UTC 2018 /home/travis/build/icyphy/ptII/ptolemy/actor/lib/test/auto/PoissonClock3.xml
----------------- Instantiating /home/travis/build/icyphy/ptII/ptolemy/actor/lib/test/auto/PoissonClock3.xml
1 ms. Memory: 1369600K Free: 194185K (14%)
----------------- Invoking toplevel() on ptolemy.moml.MoMLSimpleApplication@7bc01ac4
----------------- Done invoking toplevel() on ptolemy.moml.MoMLSimpleApplication@7bc01ac4
reloadAllAccessors: .PoissonClock3

===========================================================================================
----------------- testing Sun Jun 03 20:24:31 UTC 2018 /home/travis/build/icyphy/ptII/ptolemy/actor/lib/test/auto/PubSubWithInitialTokens.xml
----------------- Instantiating /home/travis/build/icyphy/ptII/ptolemy/actor/lib/test/auto/PubSubWithInitialTokens.xml
2 ms. Memory: 1369600K Free: 184207K (13%)
----------------- Invoking toplevel() on ptolemy.moml.MoMLSimpleApplication@517ccde0
----------------- Done invoking toplevel() on ptolemy.moml.MoMLSimpleApplication@517ccde0
reloadAllAccessors: .PubSubWithInitialTokens

===========================================================================================
----------------- testing Sun Jun 03 20:24:31 UTC 2018 /home/travis/build/icyphy/ptII/ptolemy/actor/lib/test/auto/PubSubWithInitialTokens2.xml
----------------- Instantiating /home/travis/build/icyphy/ptII/ptolemy/actor/lib/test/auto/PubSubWithInitialTokens2.xml
2 ms. Memory: 1369600K Free: 174229K (13%)
----------------- Invoking toplevel() on ptolemy.moml.MoMLSimpleApplication@545443b4
----------------- Done invoking toplevel() on ptolemy.moml.MoMLSimpleApplication@545443b4
reloadAllAccessors: .PubSubWithInitialTokens2

===========================================================================================
----------------- testing Sun Jun 03 20:24:31 UTC 2018 /home/travis/build/icyphy/ptII/ptolemy/actor/lib/test/auto/PublisherClassNoParameter.xml
----------------- Instantiating /home/travis/build/icyphy/ptII/ptolemy/actor/lib/test/auto/PublisherClassNoParameter.xml
3 ms. Memory: 1369600K Free: 151041K (11%)
----------------- Invoking toplevel() on ptolemy.moml.MoMLSimpleApplication@160114f6
----------------- Done invoking toplevel() on ptolemy.moml.MoMLSimpleApplication@160114f6
reloadAllAccessors: .PublisherClassNoParameter

===========================================================================================
----------------- testing Sun Jun 03 20:24:31 UTC 2018 /home/travis/build/icyphy/ptII/ptolemy/actor/lib/test/auto/PublisherClassParameter.xml
----------------- Instantiating /home/travis/build/icyphy/ptII/ptolemy/actor/lib/test/auto/PublisherClassParameter.xml
4 ms. Memory: 1369600K Free: 136058K (10%)
----------------- Invoking toplevel() on ptolemy.moml.MoMLSimpleApplication@57831ea8
----------------- Done invoking toplevel() on ptolemy.moml.MoMLSimpleApplication@57831ea8
reloadAllAccessors: .PublisherClassParameter

===========================================================================================
----------------- testing Sun Jun 03 20:24:31 UTC 2018 /home/travis/build/icyphy/ptII/ptolemy/actor/lib/test/auto/PublisherNonStrictTest.xml
----------------- Instantiating /home/travis/build/icyphy/ptII/ptolemy/actor/lib/test/auto/PublisherNonStrictTest.xml
3 ms. Memory: 1369600K Free: 126080K (9%)
----------------- Invoking toplevel() on ptolemy.moml.MoMLSimpleApplication@5dabd44f
----------------- Done invoking toplevel() on ptolemy.moml.MoMLSimpleApplication@5dabd44f
reloadAllAccessors: .PublisherNonStrictTest

===========================================================================================
----------------- testing Sun Jun 03 20:24:31 UTC 2018 /home/travis/build/icyphy/ptII/ptolemy/actor/lib/test/auto/PublisherPort1.xml
----------------- Instantiating /home/travis/build/icyphy/ptII/ptolemy/actor/lib/test/auto/PublisherPort1.xml
3 ms. Memory: 1369600K Free: 107897K (8%)
----------------- Invoking toplevel() on ptolemy.moml.MoMLSimpleApplication@7bac90cd
----------------- Done invoking toplevel() on ptolemy.moml.MoMLSimpleApplication@7bac90cd
reloadAllAccessors: .PublisherPort1

===========================================================================================
----------------- testing Sun Jun 03 20:24:31 UTC 2018 /home/travis/build/icyphy/ptII/ptolemy/actor/lib/test/auto/PublisherPort2.xml
----------------- Instantiating /home/travis/build/icyphy/ptII/ptolemy/actor/lib/test/auto/PublisherPort2.xml
1 ms. Memory: 1369600K Free: 97919K (7%)
----------------- Invoking toplevel() on ptolemy.moml.MoMLSimpleApplication@132d44c4
----------------- Done invoking toplevel() on ptolemy.moml.MoMLSimpleApplication@132d44c4
reloadAllAccessors: .PublisherPort2

===========================================================================================
----------------- testing Sun Jun 03 20:24:31 UTC 2018 /home/travis/build/icyphy/ptII/ptolemy/actor/lib/test/auto/PublisherPort3.xml
----------------- Instantiating /home/travis/build/icyphy/ptII/ptolemy/actor/lib/test/auto/PublisherPort3.xml
13 ms. Memory: 1369600K Free: 87941K (6%)
----------------- Invoking toplevel() on ptolemy.moml.MoMLSimpleApplication@3c49e4f2
----------------- Done invoking toplevel() on ptolemy.moml.MoMLSimpleApplication@3c49e4f2
reloadAllAccessors: .PublisherPort3

===========================================================================================
----------------- testing Sun Jun 03 20:24:31 UTC 2018 /home/travis/build/icyphy/ptII/ptolemy/actor/lib/test/auto/PublisherPort4.xml
----------------- Instantiating /home/travis/build/icyphy/ptII/ptolemy/actor/lib/test/auto/PublisherPort4.xml
7 ms. Memory: 1518592K Free: 1476759K (97%)
----------------- Invoking toplevel() on ptolemy.moml.MoMLSimpleApplication@636c1f8a
----------------- Done invoking toplevel() on ptolemy.moml.MoMLSimpleApplication@636c1f8a
reloadAllAccessors: .PublisherPort4

===========================================================================================
----------------- testing Sun Jun 03 20:24:31 UTC 2018 /home/travis/build/icyphy/ptII/ptolemy/actor/lib/test/auto/PublisherPort5.xml
----------------- Instantiating /home/travis/build/icyphy/ptII/ptolemy/actor/lib/test/auto/PublisherPort5.xml
3 ms. Memory: 1518592K Free: 1452143K (96%)
----------------- Invoking toplevel() on ptolemy.moml.MoMLSimpleApplication@3ff47d6f
----------------- Done invoking toplevel() on ptolemy.moml.MoMLSimpleApplication@3ff47d6f
reloadAllAccessors: .PublisherPort5

===========================================================================================
----------------- testing Sun Jun 03 20:24:31 UTC 2018 /home/travis/build/icyphy/ptII/ptolemy/actor/lib/test/auto/PublisherPort5LookAlike.xml
----------------- Instantiating /home/travis/build/icyphy/ptII/ptolemy/actor/lib/test/auto/PublisherPort5LookAlike.xml
7 ms. Memory: 1518592K Free: 1437900K (95%)
----------------- Invoking toplevel() on ptolemy.moml.MoMLSimpleApplication@583134e6
----------------- Done invoking toplevel() on ptolemy.moml.MoMLSimpleApplication@583134e6
reloadAllAccessors: .PublisherPort5LookAlike

===========================================================================================
----------------- testing Sun Jun 03 20:24:31 UTC 2018 /home/travis/build/icyphy/ptII/ptolemy/actor/lib/test/auto/PublisherPort6.xml
----------------- Instantiating /home/travis/build/icyphy/ptII/ptolemy/actor/lib/test/auto/PublisherPort6.xml
2 ms. Memory: 1518592K Free: 1423739K (94%)
----------------- Invoking toplevel() on ptolemy.moml.MoMLSimpleApplication@1c947664
----------------- Done invoking toplevel() on ptolemy.moml.MoMLSimpleApplication@1c947664
reloadAllAccessors: .PublisherPort6

===========================================================================================
----------------- testing Sun Jun 03 20:24:31 UTC 2018 /home/travis/build/icyphy/ptII/ptolemy/actor/lib/test/auto/PublisherPort7.xml
----------------- Instantiating /home/travis/build/icyphy/ptII/ptolemy/actor/lib/test/auto/PublisherPort7.xml
4 ms. Memory: 1518592K Free: 1401955K (92%)
----------------- Invoking toplevel() on ptolemy.moml.MoMLSimpleApplication@518a3edc
----------------- Done invoking toplevel() on ptolemy.moml.MoMLSimpleApplication@518a3edc
reloadAllAccessors: .PublisherPort7

===========================================================================================
----------------- testing Sun Jun 03 20:24:31 UTC 2018 /home/travis/build/icyphy/ptII/ptolemy/actor/lib/test/auto/PublisherPort8.xml
----------------- Instantiating /home/travis/build/icyphy/ptII/ptolemy/actor/lib/test/auto/PublisherPort8.xml
4 ms. Memory: 1518592K Free: 1387794K (91%)
----------------- Invoking toplevel() on ptolemy.moml.MoMLSimpleApplication@5432953
----------------- Done invoking toplevel() on ptolemy.moml.MoMLSimpleApplication@5432953
reloadAllAccessors: .PublisherPort8

===========================================================================================
----------------- testing Sun Jun 03 20:24:31 UTC 2018 /home/travis/build/icyphy/ptII/ptolemy/actor/lib/test/auto/PublisherPortSubscriberChannelVariablesAOC2.xml
----------------- Instantiating /home/travis/build/icyphy/ptII/ptolemy/actor/lib/test/auto/PublisherPortSubscriberChannelVariablesAOC2.xml
3 ms. Memory: 1518592K Free: 1359454K (90%)
----------------- Invoking toplevel() on ptolemy.moml.MoMLSimpleApplication@2d36336e
----------------- Done invoking toplevel() on ptolemy.moml.MoMLSimpleApplication@2d36336e
reloadAllAccessors: .PublisherPortSubscriberChannelVariablesAOC2

===========================================================================================
----------------- testing Sun Jun 03 20:24:31 UTC 2018 /home/travis/build/icyphy/ptII/ptolemy/actor/lib/test/auto/PublisherPortSubscriberOpaqueWidthInference.xml
----------------- Instantiating /home/travis/build/icyphy/ptII/ptolemy/actor/lib/test/auto/PublisherPortSubscriberOpaqueWidthInference.xml
4 ms. Memory: 1518592K Free: 1337670K (88%)
----------------- Invoking toplevel() on ptolemy.moml.MoMLSimpleApplication@41acd263
----------------- Done invoking toplevel() on ptolemy.moml.MoMLSimpleApplication@41acd263
reloadAllAccessors: .PublisherPortSubscriberOpaqueWidthInference

===========================================================================================
----------------- testing Sun Jun 03 20:24:31 UTC 2018 /home/travis/build/icyphy/ptII/ptolemy/actor/lib/test/auto/PublisherPortSubscriberPortAdjacent.xml
----------------- Instantiating /home/travis/build/icyphy/ptII/ptolemy/actor/lib/test/auto/PublisherPortSubscriberPortAdjacent.xml
1 ms. Memory: 1518592K Free: 1323508K (87%)
----------------- Invoking toplevel() on ptolemy.moml.MoMLSimpleApplication@311e1447
----------------- Done invoking toplevel() on ptolemy.moml.MoMLSimpleApplication@311e1447
reloadAllAccessors: .PublisherPortSubscriberPortAdjacent

===========================================================================================
----------------- testing Sun Jun 03 20:24:31 UTC 2018 /home/travis/build/icyphy/ptII/ptolemy/actor/lib/test/auto/PublisherPortSubscriberPortExpression.xml
----------------- Instantiating /home/travis/build/icyphy/ptII/ptolemy/actor/lib/test/auto/PublisherPortSubscriberPortExpression.xml
4 ms. Memory: 1518592K Free: 1309347K (86%)
----------------- Invoking toplevel() on ptolemy.moml.MoMLSimpleApplication@186667a6
----------------- Done invoking toplevel() on ptolemy.moml.MoMLSimpleApplication@186667a6
reloadAllAccessors: .PublisherPortSubscriberPortExpression

===========================================================================================
----------------- testing Sun Jun 03 20:24:31 UTC 2018 /home/travis/build/icyphy/ptII/ptolemy/actor/lib/test/auto/PublisherPortSubscriberPortOpaqueD3Reverse.xml
----------------- Instantiating /home/travis/build/icyphy/ptII/ptolemy/actor/lib/test/auto/PublisherPortSubscriberPortOpaqueD3Reverse.xml
6 ms. Memory: 1518592K Free: 1287564K (85%)
----------------- Invoking toplevel() on ptolemy.moml.MoMLSimpleApplication@1e8038d2
----------------- Done invoking toplevel() on ptolemy.moml.MoMLSimpleApplication@1e8038d2
reloadAllAccessors: .PublisherPortSubscriberPortOpaqueD3Reverse

===========================================================================================
----------------- testing Sun Jun 03 20:24:31 UTC 2018 /home/travis/build/icyphy/ptII/ptolemy/actor/lib/test/auto/PublisherPortSubscriberPortOpaqueWidthInference.xml
----------------- Instantiating /home/travis/build/icyphy/ptII/ptolemy/actor/lib/test/auto/PublisherPortSubscriberPortOpaqueWidthInference.xml
4 ms. Memory: 1518592K Free: 1273402K (84%)
----------------- Invoking toplevel() on ptolemy.moml.MoMLSimpleApplication@6c1b6298
----------------- Done invoking toplevel() on ptolemy.moml.MoMLSimpleApplication@6c1b6298
reloadAllAccessors: .PublisherPortSubscriberPortOpaqueWidthInference

===========================================================================================
----------------- testing Sun Jun 03 20:24:32 UTC 2018 /home/travis/build/icyphy/ptII/ptolemy/actor/lib/test/auto/PublisherPortToplevelSubscriberPortAOC.xml
----------------- Instantiating /home/travis/build/icyphy/ptII/ptolemy/actor/lib/test/auto/PublisherPortToplevelSubscriberPortAOC.xml
.PublisherPortToplevelSubscriberPortAOC.TestExceptionAttribute: initialize() was not invoked, but wrapup() was.  This is unusual, but not always a problem.  For example, exporting JNLP will do this.
0 ms. Memory: 1518592K Free: 1259240K (83%)
----------------- Invoking toplevel() on ptolemy.moml.MoMLSimpleApplication@22c93ce6
----------------- Done invoking toplevel() on ptolemy.moml.MoMLSimpleApplication@22c93ce6
reloadAllAccessors: .PublisherPortToplevelSubscriberPortAOC

===========================================================================================
----------------- testing Sun Jun 03 20:24:32 UTC 2018 /home/travis/build/icyphy/ptII/ptolemy/actor/lib/test/auto/PublisherSubscriber.xml
----------------- Instantiating /home/travis/build/icyphy/ptII/ptolemy/actor/lib/test/auto/PublisherSubscriber.xml
3 ms. Memory: 1518592K Free: 1237457K (81%)
----------------- Invoking toplevel() on ptolemy.moml.MoMLSimpleApplication@2cb7a80b
----------------- Done invoking toplevel() on ptolemy.moml.MoMLSimpleApplication@2cb7a80b
reloadAllAccessors: .PublisherSubscriber

===========================================================================================
----------------- testing Sun Jun 03 20:24:32 UTC 2018 /home/travis/build/icyphy/ptII/ptolemy/actor/lib/test/auto/PublisherSubscriber10.xml
----------------- Instantiating /home/travis/build/icyphy/ptII/ptolemy/actor/lib/test/auto/PublisherSubscriber10.xml
10 ms. Memory: 1518592K Free: 1223295K (81%)
----------------- Invoking toplevel() on ptolemy.moml.MoMLSimpleApplication@5114557d
----------------- Done invoking toplevel() on ptolemy.moml.MoMLSimpleApplication@5114557d
reloadAllAccessors: .PublisherSubscriber10

===========================================================================================
----------------- testing Sun Jun 03 20:24:32 UTC 2018 /home/travis/build/icyphy/ptII/ptolemy/actor/lib/test/auto/PublisherSubscriber10InitialOutputs.xml
----------------- Instantiating /home/travis/build/icyphy/ptII/ptolemy/actor/lib/test/auto/PublisherSubscriber10InitialOutputs.xml
10 ms. Memory: 1518592K Free: 1209133K (80%)
----------------- Invoking toplevel() on ptolemy.moml.MoMLSimpleApplication@6c8132ce
----------------- Done invoking toplevel() on ptolemy.moml.MoMLSimpleApplication@6c8132ce
reloadAllAccessors: .PublisherSubscriber10InitialOutputs

===========================================================================================
----------------- testing Sun Jun 03 20:24:32 UTC 2018 /home/travis/build/icyphy/ptII/ptolemy/actor/lib/test/auto/PublisherSubscriber11.xml
----------------- Instantiating /home/travis/build/icyphy/ptII/ptolemy/actor/lib/test/auto/PublisherSubscriber11.xml
4 ms. Memory: 1518592K Free: 1187350K (78%)
----------------- Invoking toplevel() on ptolemy.moml.MoMLSimpleApplication@5badab5
----------------- Done invoking toplevel() on ptolemy.moml.MoMLSimpleApplication@5badab5
reloadAllAccessors: .PublisherSubscriber11

===========================================================================================
----------------- testing Sun Jun 03 20:24:32 UTC 2018 /home/travis/build/icyphy/ptII/ptolemy/actor/lib/test/auto/PublisherSubscriber12.xml
----------------- Instantiating /home/travis/build/icyphy/ptII/ptolemy/actor/lib/test/auto/PublisherSubscriber12.xml
5 ms. Memory: 1518592K Free: 1173188K (77%)
----------------- Invoking toplevel() on ptolemy.moml.MoMLSimpleApplication@768c8775
----------------- Done invoking toplevel() on ptolemy.moml.MoMLSimpleApplication@768c8775
reloadAllAccessors: .PublisherSubscriber12

===========================================================================================
----------------- testing Sun Jun 03 20:24:32 UTC 2018 /home/travis/build/icyphy/ptII/ptolemy/actor/lib/test/auto/PublisherSubscriber13.xml
----------------- Instantiating /home/travis/build/icyphy/ptII/ptolemy/actor/lib/test/auto/PublisherSubscriber13.xml
3 ms. Memory: 1518592K Free: 1159026K (76%)
----------------- Invoking toplevel() on ptolemy.moml.MoMLSimpleApplication@5ceaf817
----------------- Done invoking toplevel() on ptolemy.moml.MoMLSimpleApplication@5ceaf817
reloadAllAccessors: .PublisherSubscriber13

===========================================================================================
----------------- testing Sun Jun 03 20:24:32 UTC 2018 /home/travis/build/icyphy/ptII/ptolemy/actor/lib/test/auto/PublisherSubscriber14.xml
----------------- Instantiating /home/travis/build/icyphy/ptII/ptolemy/actor/lib/test/auto/PublisherSubscriber14.xml
2 ms. Memory: 1518592K Free: 1137243K (75%)
----------------- Invoking toplevel() on ptolemy.moml.MoMLSimpleApplication@46db97c2
----------------- Done invoking toplevel() on ptolemy.moml.MoMLSimpleApplication@46db97c2
reloadAllAccessors: .PublisherSubscriber14

===========================================================================================
----------------- testing Sun Jun 03 20:24:32 UTC 2018 /home/travis/build/icyphy/ptII/ptolemy/actor/lib/test/auto/PublisherSubscriber2.xml
----------------- Instantiating /home/travis/build/icyphy/ptII/ptolemy/actor/lib/test/auto/PublisherSubscriber2.xml
2 ms. Memory: 1518592K Free: 1123082K (74%)
----------------- Invoking toplevel() on ptolemy.moml.MoMLSimpleApplication@6ea847fd
----------------- Done invoking toplevel() on ptolemy.moml.MoMLSimpleApplication@6ea847fd
reloadAllAccessors: .PublisherSubscriber2

===========================================================================================
----------------- testing Sun Jun 03 20:24:32 UTC 2018 /home/travis/build/icyphy/ptII/ptolemy/actor/lib/test/auto/PublisherSubscriber3.xml
----------------- Instantiating /home/travis/build/icyphy/ptII/ptolemy/actor/lib/test/auto/PublisherSubscriber3.xml
2 ms. Memory: 1518592K Free: 1108920K (73%)
----------------- Invoking toplevel() on ptolemy.moml.MoMLSimpleApplication@5c030c9f
----------------- Done invoking toplevel() on ptolemy.moml.MoMLSimpleApplication@5c030c9f
reloadAllAccessors: .PublisherSubscriber3

===========================================================================================
----------------- testing Sun Jun 03 20:24:32 UTC 2018 /home/travis/build/icyphy/ptII/ptolemy/actor/lib/test/auto/PublisherSubscriber4.xml
----------------- Instantiating /home/travis/build/icyphy/ptII/ptolemy/actor/lib/test/auto/PublisherSubscriber4.xml
1 ms. Memory: 1518592K Free: 1094758K (72%)
----------------- Invoking toplevel() on ptolemy.moml.MoMLSimpleApplication@2cd6a827
----------------- Done invoking toplevel() on ptolemy.moml.MoMLSimpleApplication@2cd6a827
reloadAllAccessors: .PublisherSubscriber4

===========================================================================================
----------------- testing Sun Jun 03 20:24:32 UTC 2018 /home/travis/build/icyphy/ptII/ptolemy/actor/lib/test/auto/PublisherSubscriber5.xml
----------------- Instantiating /home/travis/build/icyphy/ptII/ptolemy/actor/lib/test/auto/PublisherSubscriber5.xml
2 ms. Memory: 1518592K Free: 1072975K (71%)
----------------- Invoking toplevel() on ptolemy.moml.MoMLSimpleApplication@3eb4060e
----------------- Done invoking toplevel() on ptolemy.moml.MoMLSimpleApplication@3eb4060e
reloadAllAccessors: .PublisherSubscriber5

===========================================================================================
----------------- testing Sun Jun 03 20:24:32 UTC 2018 /home/travis/build/icyphy/ptII/ptolemy/actor/lib/test/auto/PublisherSubscriber6.xml
----------------- Instantiating /home/travis/build/icyphy/ptII/ptolemy/actor/lib/test/auto/PublisherSubscriber6.xml
2 ms. Memory: 1518592K Free: 1058813K (70%)
----------------- Invoking toplevel() on ptolemy.moml.MoMLSimpleApplication@422638ed
----------------- Done invoking toplevel() on ptolemy.moml.MoMLSimpleApplication@422638ed
reloadAllAccessors: .PublisherSubscriber6

===========================================================================================
----------------- testing Sun Jun 03 20:24:32 UTC 2018 /home/travis/build/icyphy/ptII/ptolemy/actor/lib/test/auto/PublisherSubscriber7.xml
----------------- Instantiating /home/travis/build/icyphy/ptII/ptolemy/actor/lib/test/auto/PublisherSubscriber7.xml
3 ms. Memory: 1518592K Free: 1044651K (69%)
----------------- Invoking toplevel() on ptolemy.moml.MoMLSimpleApplication@1dc5ebb
----------------- Done invoking toplevel() on ptolemy.moml.MoMLSimpleApplication@1dc5ebb
reloadAllAccessors: .PublisherSubscriber7

===========================================================================================
----------------- testing Sun Jun 03 20:24:32 UTC 2018 /home/travis/build/icyphy/ptII/ptolemy/actor/lib/test/auto/PublisherSubscriber8.xml
----------------- Instantiating /home/travis/build/icyphy/ptII/ptolemy/actor/lib/test/auto/PublisherSubscriber8.xml
13 ms. Memory: 1518592K Free: 952058K (63%)
----------------- Invoking toplevel() on ptolemy.moml.MoMLSimpleApplication@4902b0e1
----------------- Done invoking toplevel() on ptolemy.moml.MoMLSimpleApplication@4902b0e1
reloadAllAccessors: .PublisherSubscriber8

===========================================================================================
----------------- testing Sun Jun 03 20:24:32 UTC 2018 /home/travis/build/icyphy/ptII/ptolemy/actor/lib/test/auto/PublisherSubscriber9.xml
----------------- Instantiating /home/travis/build/icyphy/ptII/ptolemy/actor/lib/test/auto/PublisherSubscriber9.xml
2 ms. Memory: 1518592K Free: 937896K (62%)
----------------- Invoking toplevel() on ptolemy.moml.MoMLSimpleApplication@e9aeee0
----------------- Done invoking toplevel() on ptolemy.moml.MoMLSimpleApplication@e9aeee0
reloadAllAccessors: .PublisherSubscriber9

===========================================================================================
----------------- testing Sun Jun 03 20:24:32 UTC 2018 /home/travis/build/icyphy/ptII/ptolemy/actor/lib/test/auto/PublisherSubscriberAdjacent.xml
----------------- Instantiating /home/travis/build/icyphy/ptII/ptolemy/actor/lib/test/auto/PublisherSubscriberAdjacent.xml
1 ms. Memory: 1518592K Free: 923734K (61%)
----------------- Invoking toplevel() on ptolemy.moml.MoMLSimpleApplication@507ca80a
----------------- Done invoking toplevel() on ptolemy.moml.MoMLSimpleApplication@507ca80a
reloadAllAccessors: .PublisherSubscriberAdjacent

===========================================================================================
----------------- testing Sun Jun 03 20:24:32 UTC 2018 /home/travis/build/icyphy/ptII/ptolemy/actor/lib/test/auto/PublisherSubscriberChannelVariablesAOC2.xml
----------------- Instantiating /home/travis/build/icyphy/ptII/ptolemy/actor/lib/test/auto/PublisherSubscriberChannelVariablesAOC2.xml
4 ms. Memory: 1518592K Free: 894862K (59%)
----------------- Invoking toplevel() on ptolemy.moml.MoMLSimpleApplication@360814c4
----------------- Done invoking toplevel() on ptolemy.moml.MoMLSimpleApplication@360814c4
reloadAllAccessors: .PublisherSubscriberChannelVariablesAOC2

===========================================================================================
----------------- testing Sun Jun 03 20:24:32 UTC 2018 /home/travis/build/icyphy/ptII/ptolemy/actor/lib/test/auto/PublisherSubscriberD3.xml
----------------- Instantiating /home/travis/build/icyphy/ptII/ptolemy/actor/lib/test/auto/PublisherSubscriberD3.xml
4 ms. Memory: 1518592K Free: 880700K (58%)
----------------- Invoking toplevel() on ptolemy.moml.MoMLSimpleApplication@1fc538e6
----------------- Done invoking toplevel() on ptolemy.moml.MoMLSimpleApplication@1fc538e6
reloadAllAccessors: .PublisherSubscriberD3

===========================================================================================
----------------- testing Sun Jun 03 20:24:32 UTC 2018 /home/travis/build/icyphy/ptII/ptolemy/actor/lib/test/auto/PublisherSubscriberD3Reverse.xml
----------------- Instantiating /home/travis/build/icyphy/ptII/ptolemy/actor/lib/test/auto/PublisherSubscriberD3Reverse.xml
2 ms. Memory: 1518592K Free: 866539K (57%)
----------------- Invoking toplevel() on ptolemy.moml.MoMLSimpleApplication@77987c80
----------------- Done invoking toplevel() on ptolemy.moml.MoMLSimpleApplication@77987c80
reloadAllAccessors: .PublisherSubscriberD3Reverse

===========================================================================================
----------------- testing Sun Jun 03 20:24:32 UTC 2018 /home/travis/build/icyphy/ptII/ptolemy/actor/lib/test/auto/PublisherSubscriberExpression.xml
----------------- Instantiating /home/travis/build/icyphy/ptII/ptolemy/actor/lib/test/auto/PublisherSubscriberExpression.xml
3 ms. Memory: 1518592K Free: 844755K (56%)
----------------- Invoking toplevel() on ptolemy.moml.MoMLSimpleApplication@7ec446f3
----------------- Done invoking toplevel() on ptolemy.moml.MoMLSimpleApplication@7ec446f3
reloadAllAccessors: .PublisherSubscriberExpression

===========================================================================================
----------------- testing Sun Jun 03 20:24:32 UTC 2018 /home/travis/build/icyphy/ptII/ptolemy/actor/lib/test/auto/PublisherSubscriberOpaque.xml
----------------- Instantiating /home/travis/build/icyphy/ptII/ptolemy/actor/lib/test/auto/PublisherSubscriberOpaque.xml
3 ms. Memory: 1518592K Free: 830593K (55%)
----------------- Invoking toplevel() on ptolemy.moml.MoMLSimpleApplication@21fc06eb
----------------- Done invoking toplevel() on ptolemy.moml.MoMLSimpleApplication@21fc06eb
reloadAllAccessors: .PublisherSubscriberOpaque

===========================================================================================
----------------- testing Sun Jun 03 20:24:32 UTC 2018 /home/travis/build/icyphy/ptII/ptolemy/actor/lib/test/auto/PublisherSubscriberOpaqueD3.xml
----------------- Instantiating /home/travis/build/icyphy/ptII/ptolemy/actor/lib/test/auto/PublisherSubscriberOpaqueD3.xml
6 ms. Memory: 1518592K Free: 809334K (53%)
----------------- Invoking toplevel() on ptolemy.moml.MoMLSimpleApplication@7b2b582d
----------------- Done invoking toplevel() on ptolemy.moml.MoMLSimpleApplication@7b2b582d
reloadAllAccessors: .PublisherSubscriberOpaqueD3

===========================================================================================
----------------- testing Sun Jun 03 20:24:32 UTC 2018 /home/travis/build/icyphy/ptII/ptolemy/actor/lib/test/auto/PublisherSubscriberOpaqueD3Reverse.xml
----------------- Instantiating /home/travis/build/icyphy/ptII/ptolemy/actor/lib/test/auto/PublisherSubscriberOpaqueD3Reverse.xml
6 ms. Memory: 1518592K Free: 787551K (52%)
----------------- Invoking toplevel() on ptolemy.moml.MoMLSimpleApplication@55b14bc9
----------------- Done invoking toplevel() on ptolemy.moml.MoMLSimpleApplication@55b14bc9
reloadAllAccessors: .PublisherSubscriberOpaqueD3Reverse

===========================================================================================
----------------- testing Sun Jun 03 20:24:32 UTC 2018 /home/travis/build/icyphy/ptII/ptolemy/actor/lib/test/auto/PublisherSubscriberOpaqueWidthInference.xml
----------------- Instantiating /home/travis/build/icyphy/ptII/ptolemy/actor/lib/test/auto/PublisherSubscriberOpaqueWidthInference.xml
8 ms. Memory: 1518592K Free: 773389K (51%)
----------------- Invoking toplevel() on ptolemy.moml.MoMLSimpleApplication@27f85e9c
----------------- Done invoking toplevel() on ptolemy.moml.MoMLSimpleApplication@27f85e9c
reloadAllAccessors: .PublisherSubscriberOpaqueWidthInference

===========================================================================================
----------------- testing Sun Jun 03 20:24:32 UTC 2018 /home/travis/build/icyphy/ptII/ptolemy/actor/lib/test/auto/PublisherTestSubscriber.xml
----------------- Instantiating /home/travis/build/icyphy/ptII/ptolemy/actor/lib/test/auto/PublisherTestSubscriber.xml
2 ms. Memory: 1518592K Free: 759228K (50%)
----------------- Invoking toplevel() on ptolemy.moml.MoMLSimpleApplication@3c4ee3bc
----------------- Done invoking toplevel() on ptolemy.moml.MoMLSimpleApplication@3c4ee3bc
reloadAllAccessors: .PublisherTestSubscriber

===========================================================================================
----------------- testing Sun Jun 03 20:24:32 UTC 2018 /home/travis/build/icyphy/ptII/ptolemy/actor/lib/test/auto/PublisherToplevelSubscriberPortAOC.xml
----------------- Instantiating /home/travis/build/icyphy/ptII/ptolemy/actor/lib/test/auto/PublisherToplevelSubscriberPortAOC.xml
2 ms. Memory: 1518592K Free: 737445K (49%)
----------------- Invoking toplevel() on ptolemy.moml.MoMLSimpleApplication@1a0ac6c3
----------------- Done invoking toplevel() on ptolemy.moml.MoMLSimpleApplication@1a0ac6c3
reloadAllAccessors: .PublisherToplevelSubscriberPortAOC

===========================================================================================
----------------- testing Sun Jun 03 20:24:32 UTC 2018 /home/travis/build/icyphy/ptII/ptolemy/actor/lib/test/auto/PulseFiringLimitDE.xml
----------------- Instantiating /home/travis/build/icyphy/ptII/ptolemy/actor/lib/test/auto/PulseFiringLimitDE.xml
2 ms. Memory: 1518592K Free: 723283K (48%)
----------------- Invoking toplevel() on ptolemy.moml.MoMLSimpleApplication@187d9c3d
----------------- Done invoking toplevel() on ptolemy.moml.MoMLSimpleApplication@187d9c3d
reloadAllAccessors: .PulseFiringLimitDE

===========================================================================================
----------------- testing Sun Jun 03 20:24:32 UTC 2018 /home/travis/build/icyphy/ptII/ptolemy/actor/lib/test/auto/Ramp1.xml
----------------- Instantiating /home/travis/build/icyphy/ptII/ptolemy/actor/lib/test/auto/Ramp1.xml
1 ms. Memory: 1518592K Free: 709121K (47%)
----------------- Invoking toplevel() on ptolemy.moml.MoMLSimpleApplication@605e0838
----------------- Done invoking toplevel() on ptolemy.moml.MoMLSimpleApplication@605e0838
reloadAllAccessors: .Ramp1

===========================================================================================
----------------- testing Sun Jun 03 20:24:32 UTC 2018 /home/travis/build/icyphy/ptII/ptolemy/actor/lib/test/auto/RampFiringLimitDE.xml
----------------- Instantiating /home/travis/build/icyphy/ptII/ptolemy/actor/lib/test/auto/RampFiringLimitDE.xml
3 ms. Memory: 1518592K Free: 687338K (45%)
----------------- Invoking toplevel() on ptolemy.moml.MoMLSimpleApplication@7d92e814
----------------- Done invoking toplevel() on ptolemy.moml.MoMLSimpleApplication@7d92e814
reloadAllAccessors: .RampFiringLimitDE

===========================================================================================
----------------- testing Sun Jun 03 20:24:32 UTC 2018 /home/travis/build/icyphy/ptII/ptolemy/actor/lib/test/auto/RampFiringLimitSDF.xml
----------------- Instantiating /home/travis/build/icyphy/ptII/ptolemy/actor/lib/test/auto/RampFiringLimitSDF.xml
2 ms. Memory: 1518592K Free: 673176K (44%)
----------------- Invoking toplevel() on ptolemy.moml.MoMLSimpleApplication@63a58dac
----------------- Done invoking toplevel() on ptolemy.moml.MoMLSimpleApplication@63a58dac
reloadAllAccessors: .RampFiringLimitSDF

===========================================================================================
----------------- testing Sun Jun 03 20:24:32 UTC 2018 /home/travis/build/icyphy/ptII/ptolemy/actor/lib/test/auto/RandomInteger.xml
----------------- Instantiating /home/travis/build/icyphy/ptII/ptolemy/actor/lib/test/auto/RandomInteger.xml
1 ms. Memory: 1518592K Free: 659014K (43%)
----------------- Invoking toplevel() on ptolemy.moml.MoMLSimpleApplication@5f8b187f
----------------- Done invoking toplevel() on ptolemy.moml.MoMLSimpleApplication@5f8b187f
reloadAllAccessors: .RandomInteger

===========================================================================================
----------------- testing Sun Jun 03 20:24:32 UTC 2018 /home/travis/build/icyphy/ptII/ptolemy/actor/lib/test/auto/ReadFile1.xml
----------------- Instantiating /home/travis/build/icyphy/ptII/ptolemy/actor/lib/test/auto/ReadFile1.xml
1 ms. Memory: 1518592K Free: 637231K (42%)
----------------- Invoking toplevel() on ptolemy.moml.MoMLSimpleApplication@7efd016b
----------------- Done invoking toplevel() on ptolemy.moml.MoMLSimpleApplication@7efd016b
reloadAllAccessors: .ReadFile1

===========================================================================================
----------------- testing Sun Jun 03 20:24:32 UTC 2018 /home/travis/build/icyphy/ptII/ptolemy/actor/lib/test/auto/ReadFile2.xml
----------------- Instantiating /home/travis/build/icyphy/ptII/ptolemy/actor/lib/test/auto/ReadFile2.xml
1 ms. Memory: 1518592K Free: 623069K (41%)
----------------- Invoking toplevel() on ptolemy.moml.MoMLSimpleApplication@565f488d
----------------- Done invoking toplevel() on ptolemy.moml.MoMLSimpleApplication@565f488d
reloadAllAccessors: .ReadFile2

===========================================================================================
----------------- testing Sun Jun 03 20:24:32 UTC 2018 /home/travis/build/icyphy/ptII/ptolemy/actor/lib/test/auto/Reader.xml
----------------- Instantiating /home/travis/build/icyphy/ptII/ptolemy/actor/lib/test/auto/Reader.xml
actor.lib.Reader is obsolete, use actor.lib.io.ExpressionReader instead
1 ms. Memory: 1518592K Free: 608907K (40%)
----------------- Invoking toplevel() on ptolemy.moml.MoMLSimpleApplication@ee4fc57
----------------- Done invoking toplevel() on ptolemy.moml.MoMLSimpleApplication@ee4fc57
reloadAllAccessors: .Reader

===========================================================================================
----------------- testing Sun Jun 03 20:24:32 UTC 2018 /home/travis/build/icyphy/ptII/ptolemy/actor/lib/test/auto/RecordAssemblerDisplayNameTest.xml
----------------- Instantiating /home/travis/build/icyphy/ptII/ptolemy/actor/lib/test/auto/RecordAssemblerDisplayNameTest.xml
3431 ms. Memory: 1553920K Free: 807894K (52%)
----------------- Invoking toplevel() on ptolemy.moml.MoMLSimpleApplication@5201f94c
----------------- Done invoking toplevel() on ptolemy.moml.MoMLSimpleApplication@5201f94c
reloadAllAccessors: .RecordAssemblerDisplayNameTest

===========================================================================================
----------------- testing Sun Jun 03 20:24:36 UTC 2018 /home/travis/build/icyphy/ptII/ptolemy/actor/lib/test/auto/RecordAssemblerTypeError.xml
----------------- Instantiating /home/travis/build/icyphy/ptII/ptolemy/actor/lib/test/auto/RecordAssemblerTypeError.xml
11 ms. Memory: 1553920K Free: 776907K (50%)
----------------- Invoking toplevel() on ptolemy.moml.MoMLSimpleApplication@be550d
----------------- Done invoking toplevel() on ptolemy.moml.MoMLSimpleApplication@be550d
reloadAllAccessors: .RecordAssemblerTypeError

===========================================================================================
----------------- testing Sun Jun 03 20:24:36 UTC 2018 /home/travis/build/icyphy/ptII/ptolemy/actor/lib/test/auto/RecordDisassember.xml
----------------- Instantiating /home/travis/build/icyphy/ptII/ptolemy/actor/lib/test/auto/RecordDisassember.xml
3 ms. Memory: 1553920K Free: 762587K (49%)
----------------- Invoking toplevel() on ptolemy.moml.MoMLSimpleApplication@31b6cbaa
----------------- Done invoking toplevel() on ptolemy.moml.MoMLSimpleApplication@31b6cbaa
reloadAllAccessors: .RecordDisassember

===========================================================================================
----------------- testing Sun Jun 03 20:24:36 UTC 2018 /home/travis/build/icyphy/ptII/ptolemy/actor/lib/test/auto/RecordDisassemberDisplayNameTest.xml
----------------- Instantiating /home/travis/build/icyphy/ptII/ptolemy/actor/lib/test/auto/RecordDisassemberDisplayNameTest.xml
5 ms. Memory: 1553920K Free: 742393K (48%)
----------------- Invoking toplevel() on ptolemy.moml.MoMLSimpleApplication@1238c464
----------------- Done invoking toplevel() on ptolemy.moml.MoMLSimpleApplication@1238c464
reloadAllAccessors: .RecordDisassemberDisplayNameTest

===========================================================================================
----------------- testing Sun Jun 03 20:24:36 UTC 2018 /home/travis/build/icyphy/ptII/ptolemy/actor/lib/test/auto/RecordDisassembler.xml
----------------- Instantiating /home/travis/build/icyphy/ptII/ptolemy/actor/lib/test/auto/RecordDisassembler.xml
3 ms. Memory: 1553920K Free: 728073K (47%)
----------------- Invoking toplevel() on ptolemy.moml.MoMLSimpleApplication@5ff88755
----------------- Done invoking toplevel() on ptolemy.moml.MoMLSimpleApplication@5ff88755
reloadAllAccessors: .RecordDisassembler

===========================================================================================
----------------- testing Sun Jun 03 20:24:36 UTC 2018 /home/travis/build/icyphy/ptII/ptolemy/actor/lib/test/auto/RecordDisassembler2.xml
----------------- Instantiating /home/travis/build/icyphy/ptII/ptolemy/actor/lib/test/auto/RecordDisassembler2.xml
2 ms. Memory: 1553920K Free: 707880K (46%)
----------------- Invoking toplevel() on ptolemy.moml.MoMLSimpleApplication@778d7ed4
----------------- Done invoking toplevel() on ptolemy.moml.MoMLSimpleApplication@778d7ed4
reloadAllAccessors: .RecordDisassembler2

===========================================================================================
----------------- testing Sun Jun 03 20:24:36 UTC 2018 /home/travis/build/icyphy/ptII/ptolemy/actor/lib/test/auto/RecordUpdater.xml
----------------- Instantiating /home/travis/build/icyphy/ptII/ptolemy/actor/lib/test/auto/RecordUpdater.xml
2 ms. Memory: 1553920K Free: 693559K (45%)
----------------- Invoking toplevel() on ptolemy.moml.MoMLSimpleApplication@6eb47a46
----------------- Done invoking toplevel() on ptolemy.moml.MoMLSimpleApplication@6eb47a46
reloadAllAccessors: .RecordUpdater

===========================================================================================
----------------- testing Sun Jun 03 20:24:36 UTC 2018 /home/travis/build/icyphy/ptII/ptolemy/actor/lib/test/auto/RecordUpdater2.xml
----------------- Instantiating /home/travis/build/icyphy/ptII/ptolemy/actor/lib/test/auto/RecordUpdater2.xml
2 ms. Memory: 1553920K Free: 679238K (44%)
----------------- Invoking toplevel() on ptolemy.moml.MoMLSimpleApplication@5d208e8a
----------------- Done invoking toplevel() on ptolemy.moml.MoMLSimpleApplication@5d208e8a
reloadAllAccessors: .RecordUpdater2

===========================================================================================
----------------- testing Sun Jun 03 20:24:36 UTC 2018 /home/travis/build/icyphy/ptII/ptolemy/actor/lib/test/auto/RecursiveLattice.xml
----------------- Instantiating /home/travis/build/icyphy/ptII/ptolemy/actor/lib/test/auto/RecursiveLattice.xml
1 ms. Memory: 1553920K Free: 659045K (42%)
----------------- Invoking toplevel() on ptolemy.moml.MoMLSimpleApplication@424d6497
----------------- Done invoking toplevel() on ptolemy.moml.MoMLSimpleApplication@424d6497
reloadAllAccessors: .RecursiveLattice

===========================================================================================
----------------- testing Sun Jun 03 20:24:36 UTC 2018 /home/travis/build/icyphy/ptII/ptolemy/actor/lib/test/auto/Router.xml
----------------- Instantiating /home/travis/build/icyphy/ptII/ptolemy/actor/lib/test/auto/Router.xml
3003 ms. Memory: 1553920K Free: 644724K (41%)
----------------- Invoking toplevel() on ptolemy.moml.MoMLSimpleApplication@144acd70
----------------- Done invoking toplevel() on ptolemy.moml.MoMLSimpleApplication@144acd70
reloadAllAccessors: .Router

===========================================================================================
----------------- testing Sun Jun 03 20:24:39 UTC 2018 /home/travis/build/icyphy/ptII/ptolemy/actor/lib/test/auto/Router2.xml
----------------- Instantiating /home/travis/build/icyphy/ptII/ptolemy/actor/lib/test/auto/Router2.xml
3015 ms. Memory: 1553920K Free: 624531K (40%)
----------------- Invoking toplevel() on ptolemy.moml.MoMLSimpleApplication@6b2ad049
----------------- Done invoking toplevel() on ptolemy.moml.MoMLSimpleApplication@6b2ad049
reloadAllAccessors: .Router2

===========================================================================================
----------------- testing Sun Jun 03 20:24:42 UTC 2018 /home/travis/build/icyphy/ptII/ptolemy/actor/lib/test/auto/RunningMaximum.xml
----------------- Instantiating /home/travis/build/icyphy/ptII/ptolemy/actor/lib/test/auto/RunningMaximum.xml
2 ms. Memory: 1553920K Free: 610210K (39%)
----------------- Invoking toplevel() on ptolemy.moml.MoMLSimpleApplication@56a1d796
----------------- Done invoking toplevel() on ptolemy.moml.MoMLSimpleApplication@56a1d796
reloadAllAccessors: .RunningMaximum

===========================================================================================
----------------- testing Sun Jun 03 20:24:42 UTC 2018 /home/travis/build/icyphy/ptII/ptolemy/actor/lib/test/auto/RunningMinimum.xml
----------------- Instantiating /home/travis/build/icyphy/ptII/ptolemy/actor/lib/test/auto/RunningMinimum.xml
3 ms. Memory: 1553920K Free: 590017K (38%)
----------------- Invoking toplevel() on ptolemy.moml.MoMLSimpleApplication@8a327c3
----------------- Done invoking toplevel() on ptolemy.moml.MoMLSimpleApplication@8a327c3
reloadAllAccessors: .RunningMinimum

===========================================================================================
----------------- testing Sun Jun 03 20:24:42 UTC 2018 /home/travis/build/icyphy/ptII/ptolemy/actor/lib/test/auto/Scale.xml
----------------- Instantiating /home/travis/build/icyphy/ptII/ptolemy/actor/lib/test/auto/Scale.xml
2 ms. Memory: 1553920K Free: 575697K (37%)
----------------- Invoking toplevel() on ptolemy.moml.MoMLSimpleApplication@16dfa3d3
----------------- Done invoking toplevel() on ptolemy.moml.MoMLSimpleApplication@16dfa3d3
reloadAllAccessors: .Scale

===========================================================================================
----------------- testing Sun Jun 03 20:24:42 UTC 2018 /home/travis/build/icyphy/ptII/ptolemy/actor/lib/test/auto/Scale2.xml
----------------- Instantiating /home/travis/build/icyphy/ptII/ptolemy/actor/lib/test/auto/Scale2.xml
1 ms. Memory: 1553920K Free: 561376K (36%)
----------------- Invoking toplevel() on ptolemy.moml.MoMLSimpleApplication@3a1d497d
----------------- Done invoking toplevel() on ptolemy.moml.MoMLSimpleApplication@3a1d497d
reloadAllAccessors: .Scale2

===========================================================================================
----------------- testing Sun Jun 03 20:24:42 UTC 2018 /home/travis/build/icyphy/ptII/ptolemy/actor/lib/test/auto/Scale3.xml
----------------- Instantiating /home/travis/build/icyphy/ptII/ptolemy/actor/lib/test/auto/Scale3.xml
3 ms. Memory: 1553920K Free: 541183K (35%)
----------------- Invoking toplevel() on ptolemy.moml.MoMLSimpleApplication@6f39e18
----------------- Done invoking toplevel() on ptolemy.moml.MoMLSimpleApplication@6f39e18
reloadAllAccessors: .Scale3

===========================================================================================
----------------- testing Sun Jun 03 20:24:42 UTC 2018 /home/travis/build/icyphy/ptII/ptolemy/actor/lib/test/auto/ScaleArray.xml
----------------- Instantiating /home/travis/build/icyphy/ptII/ptolemy/actor/lib/test/auto/ScaleArray.xml
1 ms. Memory: 1553920K Free: 526862K (34%)
----------------- Invoking toplevel() on ptolemy.moml.MoMLSimpleApplication@39d963f2
----------------- Done invoking toplevel() on ptolemy.moml.MoMLSimpleApplication@39d963f2
reloadAllAccessors: .ScaleArray

===========================================================================================
----------------- testing Sun Jun 03 20:24:42 UTC 2018 /home/travis/build/icyphy/ptII/ptolemy/actor/lib/test/auto/ScaleArray2.xml
----------------- Instantiating /home/travis/build/icyphy/ptII/ptolemy/actor/lib/test/auto/ScaleArray2.xml
1 ms. Memory: 1553920K Free: 506669K (33%)
----------------- Invoking toplevel() on ptolemy.moml.MoMLSimpleApplication@581dfe60
----------------- Done invoking toplevel() on ptolemy.moml.MoMLSimpleApplication@581dfe60
reloadAllAccessors: .ScaleArray2

===========================================================================================
----------------- testing Sun Jun 03 20:24:42 UTC 2018 /home/travis/build/icyphy/ptII/ptolemy/actor/lib/test/auto/ScaleMatrix.xml
----------------- Instantiating /home/travis/build/icyphy/ptII/ptolemy/actor/lib/test/auto/ScaleMatrix.xml
134 ms. Memory: 1553920K Free: 485188K (31%)
----------------- Invoking toplevel() on ptolemy.moml.MoMLSimpleApplication@671b3a1b
----------------- Done invoking toplevel() on ptolemy.moml.MoMLSimpleApplication@671b3a1b
reloadAllAccessors: .ScaleMatrix

===========================================================================================
----------------- testing Sun Jun 03 20:24:42 UTC 2018 /home/travis/build/icyphy/ptII/ptolemy/actor/lib/test/auto/Select.xml
----------------- Instantiating /home/travis/build/icyphy/ptII/ptolemy/actor/lib/test/auto/Select.xml
7 ms. Memory: 1553920K Free: 464995K (30%)
----------------- Invoking toplevel() on ptolemy.moml.MoMLSimpleApplication@51f2f18e
----------------- Done invoking toplevel() on ptolemy.moml.MoMLSimpleApplication@51f2f18e
reloadAllAccessors: .Select

===========================================================================================
----------------- testing Sun Jun 03 20:24:42 UTC 2018 /home/travis/build/icyphy/ptII/ptolemy/actor/lib/test/auto/Select2.xml
----------------- Instantiating /home/travis/build/icyphy/ptII/ptolemy/actor/lib/test/auto/Select2.xml
2 ms. Memory: 1553920K Free: 450674K (29%)
----------------- Invoking toplevel() on ptolemy.moml.MoMLSimpleApplication@112a1c30
----------------- Done invoking toplevel() on ptolemy.moml.MoMLSimpleApplication@112a1c30
reloadAllAccessors: .Select2

===========================================================================================
----------------- testing Sun Jun 03 20:24:42 UTC 2018 /home/travis/build/icyphy/ptII/ptolemy/actor/lib/test/auto/SequenceToArray2.xml
----------------- Instantiating /home/travis/build/icyphy/ptII/ptolemy/actor/lib/test/auto/SequenceToArray2.xml
79 ms. Memory: 1553920K Free: 364734K (23%)
----------------- Invoking toplevel() on ptolemy.moml.MoMLSimpleApplication@4290ad77
----------------- Done invoking toplevel() on ptolemy.moml.MoMLSimpleApplication@4290ad77
reloadAllAccessors: .SequenceToArray2

===========================================================================================
----------------- testing Sun Jun 03 20:24:42 UTC 2018 /home/travis/build/icyphy/ptII/ptolemy/actor/lib/test/auto/SequentialClock.xml
----------------- Instantiating /home/travis/build/icyphy/ptII/ptolemy/actor/lib/test/auto/SequentialClock.xml
1 ms. Memory: 1553920K Free: 344541K (22%)
----------------- Invoking toplevel() on ptolemy.moml.MoMLSimpleApplication@1ee53d69
----------------- Done invoking toplevel() on ptolemy.moml.MoMLSimpleApplication@1ee53d69
reloadAllAccessors: .SequentialClock

===========================================================================================
----------------- testing Sun Jun 03 20:24:42 UTC 2018 /home/travis/build/icyphy/ptII/ptolemy/actor/lib/test/auto/SetVariable.xml
----------------- Instantiating /home/travis/build/icyphy/ptII/ptolemy/actor/lib/test/auto/SetVariable.xml
3 ms. Memory: 1553920K Free: 330220K (21%)
----------------- Invoking toplevel() on ptolemy.moml.MoMLSimpleApplication@2bcba921
----------------- Done invoking toplevel() on ptolemy.moml.MoMLSimpleApplication@2bcba921
reloadAllAccessors: .SetVariable

===========================================================================================
----------------- testing Sun Jun 03 20:24:42 UTC 2018 /home/travis/build/icyphy/ptII/ptolemy/actor/lib/test/auto/SetVariable2.xml
----------------- Instantiating /home/travis/build/icyphy/ptII/ptolemy/actor/lib/test/auto/SetVariable2.xml
5 ms. Memory: 1553920K Free: 310027K (20%)
----------------- Invoking toplevel() on ptolemy.moml.MoMLSimpleApplication@3d162941
----------------- Done invoking toplevel() on ptolemy.moml.MoMLSimpleApplication@3d162941
reloadAllAccessors: .SetVariable2

===========================================================================================
----------------- testing Sun Jun 03 20:24:42 UTC 2018 /home/travis/build/icyphy/ptII/ptolemy/actor/lib/test/auto/SetVariable3.xml
----------------- Instantiating /home/travis/build/icyphy/ptII/ptolemy/actor/lib/test/auto/SetVariable3.xml
8 ms. Memory: 1553920K Free: 295706K (19%)
----------------- Invoking toplevel() on ptolemy.moml.MoMLSimpleApplication@358f624
----------------- Done invoking toplevel() on ptolemy.moml.MoMLSimpleApplication@358f624
reloadAllAccessors: .SetVariable3

===========================================================================================
----------------- testing Sun Jun 03 20:24:42 UTC 2018 /home/travis/build/icyphy/ptII/ptolemy/actor/lib/test/auto/SetVariable4.xml
----------------- Instantiating /home/travis/build/icyphy/ptII/ptolemy/actor/lib/test/auto/SetVariable4.xml
17 ms. Memory: 1553920K Free: 231263K (15%)
----------------- Invoking toplevel() on ptolemy.moml.MoMLSimpleApplication@71a1a17d
----------------- Done invoking toplevel() on ptolemy.moml.MoMLSimpleApplication@71a1a17d
reloadAllAccessors: .SetVariable4

===========================================================================================
----------------- testing Sun Jun 03 20:24:42 UTC 2018 /home/travis/build/icyphy/ptII/ptolemy/actor/lib/test/auto/SetVariable5.xml
----------------- Instantiating /home/travis/build/icyphy/ptII/ptolemy/actor/lib/test/auto/SetVariable5.xml
15 ms. Memory: 1553920K Free: 211070K (14%)
----------------- Invoking toplevel() on ptolemy.moml.MoMLSimpleApplication@608d1a1b
----------------- Done invoking toplevel() on ptolemy.moml.MoMLSimpleApplication@608d1a1b
reloadAllAccessors: .SetVariable5

===========================================================================================
----------------- testing Sun Jun 03 20:24:43 UTC 2018 /home/travis/build/icyphy/ptII/ptolemy/actor/lib/test/auto/Sinewave.xml
----------------- Instantiating /home/travis/build/icyphy/ptII/ptolemy/actor/lib/test/auto/Sinewave.xml
4 ms. Memory: 1553920K Free: 189573K (12%)
----------------- Invoking toplevel() on ptolemy.moml.MoMLSimpleApplication@66d01742
----------------- Done invoking toplevel() on ptolemy.moml.MoMLSimpleApplication@66d01742
reloadAllAccessors: .Sinewave

===========================================================================================
----------------- testing Sun Jun 03 20:24:43 UTC 2018 /home/travis/build/icyphy/ptII/ptolemy/actor/lib/test/auto/Sinewave2.xml
----------------- Instantiating /home/travis/build/icyphy/ptII/ptolemy/actor/lib/test/auto/Sinewave2.xml
4 ms. Memory: 1553920K Free: 169380K (11%)
----------------- Invoking toplevel() on ptolemy.moml.MoMLSimpleApplication@aae6543
----------------- Done invoking toplevel() on ptolemy.moml.MoMLSimpleApplication@aae6543
reloadAllAccessors: .Sinewave2

===========================================================================================
----------------- testing Sun Jun 03 20:24:43 UTC 2018 /home/travis/build/icyphy/ptII/ptolemy/actor/lib/test/auto/Sinewave3.xml
----------------- Instantiating /home/travis/build/icyphy/ptII/ptolemy/actor/lib/test/auto/Sinewave3.xml
11 ms. Memory: 1553920K Free: 155059K (10%)
----------------- Invoking toplevel() on ptolemy.moml.MoMLSimpleApplication@2d2c35a7
----------------- Done invoking toplevel() on ptolemy.moml.MoMLSimpleApplication@2d2c35a7
reloadAllAccessors: .Sinewave3

===========================================================================================
----------------- testing Sun Jun 03 20:24:43 UTC 2018 /home/travis/build/icyphy/ptII/ptolemy/actor/lib/test/auto/SingleEvent.xml
----------------- Instantiating /home/travis/build/icyphy/ptII/ptolemy/actor/lib/test/auto/SingleEvent.xml
1 ms. Memory: 1553920K Free: 134866K (9%)
----------------- Invoking toplevel() on ptolemy.moml.MoMLSimpleApplication@4f47ef93
----------------- Done invoking toplevel() on ptolemy.moml.MoMLSimpleApplication@4f47ef93
reloadAllAccessors: .SingleEvent

===========================================================================================
----------------- testing Sun Jun 03 20:24:43 UTC 2018 /home/travis/build/icyphy/ptII/ptolemy/actor/lib/test/auto/Sleep.xml
----------------- Instantiating /home/travis/build/icyphy/ptII/ptolemy/actor/lib/test/auto/Sleep.xml
6003 ms. Memory: 1553920K Free: 120545K (8%)
----------------- Invoking toplevel() on ptolemy.moml.MoMLSimpleApplication@12e7170c
----------------- Done invoking toplevel() on ptolemy.moml.MoMLSimpleApplication@12e7170c
reloadAllAccessors: .Sleep

===========================================================================================
----------------- testing Sun Jun 03 20:24:49 UTC 2018 /home/travis/build/icyphy/ptII/ptolemy/actor/lib/test/auto/SleepMultipleFire.xml
----------------- Instantiating /home/travis/build/icyphy/ptII/ptolemy/actor/lib/test/auto/SleepMultipleFire.xml
1005 ms. Memory: 1553920K Free: 106224K (7%)
----------------- Invoking toplevel() on ptolemy.moml.MoMLSimpleApplication@7d843f9f
----------------- Done invoking toplevel() on ptolemy.moml.MoMLSimpleApplication@7d843f9f
reloadAllAccessors: .SleepMultipleFire

===========================================================================================
----------------- testing Sun Jun 03 20:24:50 UTC 2018 /home/travis/build/icyphy/ptII/ptolemy/actor/lib/test/auto/StopDE.xml
----------------- Instantiating /home/travis/build/icyphy/ptII/ptolemy/actor/lib/test/auto/StopDE.xml
3 ms. Memory: 1553920K Free: 86031K (6%)
----------------- Invoking toplevel() on ptolemy.moml.MoMLSimpleApplication@65064988
----------------- Done invoking toplevel() on ptolemy.moml.MoMLSimpleApplication@65064988
reloadAllAccessors: .StopDE

===========================================================================================
----------------- testing Sun Jun 03 20:24:50 UTC 2018 /home/travis/build/icyphy/ptII/ptolemy/actor/lib/test/auto/StopSDF.xml
----------------- Instantiating /home/travis/build/icyphy/ptII/ptolemy/actor/lib/test/auto/StopSDF.xml
7 ms. Memory: 1662464K Free: 1619090K (97%)
----------------- Invoking toplevel() on ptolemy.moml.MoMLSimpleApplication@1dffca73
----------------- Done invoking toplevel() on ptolemy.moml.MoMLSimpleApplication@1dffca73
reloadAllAccessors: .StopSDF

===========================================================================================
----------------- testing Sun Jun 03 20:24:50 UTC 2018 /home/travis/build/icyphy/ptII/ptolemy/actor/lib/test/auto/StringConstant.xml
----------------- Instantiating /home/travis/build/icyphy/ptII/ptolemy/actor/lib/test/auto/StringConstant.xml
2 ms. Memory: 1662464K Free: 1594835K (96%)
----------------- Invoking toplevel() on ptolemy.moml.MoMLSimpleApplication@69929d5c
----------------- Done invoking toplevel() on ptolemy.moml.MoMLSimpleApplication@69929d5c
reloadAllAccessors: .StringConstant

===========================================================================================
----------------- testing Sun Jun 03 20:24:50 UTC 2018 /home/travis/build/icyphy/ptII/ptolemy/actor/lib/test/auto/SubscriberPortInitialValues1.xml
----------------- Instantiating /home/travis/build/icyphy/ptII/ptolemy/actor/lib/test/auto/SubscriberPortInitialValues1.xml
5 ms. Memory: 1662464K Free: 1574475K (95%)
----------------- Invoking toplevel() on ptolemy.moml.MoMLSimpleApplication@78bbe669
----------------- Done invoking toplevel() on ptolemy.moml.MoMLSimpleApplication@78bbe669
reloadAllAccessors: .SubscriberPortInitialValues1

===========================================================================================
----------------- testing Sun Jun 03 20:24:50 UTC 2018 /home/travis/build/icyphy/ptII/ptolemy/actor/lib/test/auto/SubscriberPortInitialValues13.xml
----------------- Instantiating /home/travis/build/icyphy/ptII/ptolemy/actor/lib/test/auto/SubscriberPortInitialValues13.xml
5 ms. Memory: 1662464K Free: 1551088K (93%)
----------------- Invoking toplevel() on ptolemy.moml.MoMLSimpleApplication@743a35e9
----------------- Done invoking toplevel() on ptolemy.moml.MoMLSimpleApplication@743a35e9
reloadAllAccessors: .SubscriberPortInitialValues13

===========================================================================================
----------------- testing Sun Jun 03 20:24:50 UTC 2018 /home/travis/build/icyphy/ptII/ptolemy/actor/lib/test/auto/SubscriberPortInitialValues14.xml
----------------- Instantiating /home/travis/build/icyphy/ptII/ptolemy/actor/lib/test/auto/SubscriberPortInitialValues14.xml
4 ms. Memory: 1662464K Free: 1530728K (92%)
----------------- Invoking toplevel() on ptolemy.moml.MoMLSimpleApplication@6ce268d7
----------------- Done invoking toplevel() on ptolemy.moml.MoMLSimpleApplication@6ce268d7
reloadAllAccessors: .SubscriberPortInitialValues14

===========================================================================================
----------------- testing Sun Jun 03 20:24:50 UTC 2018 /home/travis/build/icyphy/ptII/ptolemy/actor/lib/test/auto/SubscriberPortInitialValues2.xml
----------------- Instantiating /home/travis/build/icyphy/ptII/ptolemy/actor/lib/test/auto/SubscriberPortInitialValues2.xml
4 ms. Memory: 1662464K Free: 1515148K (91%)
----------------- Invoking toplevel() on ptolemy.moml.MoMLSimpleApplication@3a16046e
----------------- Done invoking toplevel() on ptolemy.moml.MoMLSimpleApplication@3a16046e
reloadAllAccessors: .SubscriberPortInitialValues2

===========================================================================================
----------------- testing Sun Jun 03 20:24:50 UTC 2018 /home/travis/build/icyphy/ptII/ptolemy/actor/lib/test/auto/SubscriberPortInitialValues3.xml
----------------- Instantiating /home/travis/build/icyphy/ptII/ptolemy/actor/lib/test/auto/SubscriberPortInitialValues3.xml
4 ms. Memory: 1662464K Free: 1494788K (90%)
----------------- Invoking toplevel() on ptolemy.moml.MoMLSimpleApplication@78c842f3
----------------- Done invoking toplevel() on ptolemy.moml.MoMLSimpleApplication@78c842f3
reloadAllAccessors: .SubscriberPortInitialValues3

===========================================================================================
----------------- testing Sun Jun 03 20:24:50 UTC 2018 /home/travis/build/icyphy/ptII/ptolemy/actor/lib/test/auto/SubscriptionAggregator.xml
----------------- Instantiating /home/travis/build/icyphy/ptII/ptolemy/actor/lib/test/auto/SubscriptionAggregator.xml
3 ms. Memory: 1662464K Free: 1479208K (89%)
----------------- Invoking toplevel() on ptolemy.moml.MoMLSimpleApplication@120548d1
----------------- Done invoking toplevel() on ptolemy.moml.MoMLSimpleApplication@120548d1
reloadAllAccessors: .SubscriptionAggregator

===========================================================================================
----------------- testing Sun Jun 03 20:24:50 UTC 2018 /home/travis/build/icyphy/ptII/ptolemy/actor/lib/test/auto/SubscriptionAggregator2.xml
----------------- Instantiating /home/travis/build/icyphy/ptII/ptolemy/actor/lib/test/auto/SubscriptionAggregator2.xml
2 ms. Memory: 1662464K Free: 1458847K (88%)
----------------- Invoking toplevel() on ptolemy.moml.MoMLSimpleApplication@643de69d
----------------- Done invoking toplevel() on ptolemy.moml.MoMLSimpleApplication@643de69d
reloadAllAccessors: .SubscriptionAggregator2

===========================================================================================
----------------- testing Sun Jun 03 20:24:50 UTC 2018 /home/travis/build/icyphy/ptII/ptolemy/actor/lib/test/auto/SubscriptionAggregator3.xml
----------------- Instantiating /home/travis/build/icyphy/ptII/ptolemy/actor/lib/test/auto/SubscriptionAggregator3.xml
2 ms. Memory: 1662464K Free: 1443267K (87%)
----------------- Invoking toplevel() on ptolemy.moml.MoMLSimpleApplication@f780704
----------------- Done invoking toplevel() on ptolemy.moml.MoMLSimpleApplication@f780704
reloadAllAccessors: .SubscriptionAggregator3

===========================================================================================
----------------- testing Sun Jun 03 20:24:50 UTC 2018 /home/travis/build/icyphy/ptII/ptolemy/actor/lib/test/auto/SubscriptionAggregatorMultiply.xml
----------------- Instantiating /home/travis/build/icyphy/ptII/ptolemy/actor/lib/test/auto/SubscriptionAggregatorMultiply.xml
3 ms. Memory: 1662464K Free: 1422907K (86%)
----------------- Invoking toplevel() on ptolemy.moml.MoMLSimpleApplication@2f908329
----------------- Done invoking toplevel() on ptolemy.moml.MoMLSimpleApplication@2f908329
reloadAllAccessors: .SubscriptionAggregatorMultiply

===========================================================================================
----------------- testing Sun Jun 03 20:24:50 UTC 2018 /home/travis/build/icyphy/ptII/ptolemy/actor/lib/test/auto/SubscriptionAggregatorPortMultiply1.xml
----------------- Instantiating /home/travis/build/icyphy/ptII/ptolemy/actor/lib/test/auto/SubscriptionAggregatorPortMultiply1.xml
4 ms. Memory: 1662464K Free: 1407326K (85%)
----------------- Invoking toplevel() on ptolemy.moml.MoMLSimpleApplication@64907475
----------------- Done invoking toplevel() on ptolemy.moml.MoMLSimpleApplication@64907475
reloadAllAccessors: .SubscriptionAggregatorPortMultiply1

===========================================================================================
----------------- testing Sun Jun 03 20:24:50 UTC 2018 /home/travis/build/icyphy/ptII/ptolemy/actor/lib/test/auto/Switch.xml
----------------- Instantiating /home/travis/build/icyphy/ptII/ptolemy/actor/lib/test/auto/Switch.xml
4 ms. Memory: 1662464K Free: 1340188K (81%)
----------------- Invoking toplevel() on ptolemy.moml.MoMLSimpleApplication@131b72ea
----------------- Done invoking toplevel() on ptolemy.moml.MoMLSimpleApplication@131b72ea
reloadAllAccessors: .Switch

===========================================================================================
----------------- testing Sun Jun 03 20:24:50 UTC 2018 /home/travis/build/icyphy/ptII/ptolemy/actor/lib/test/auto/Switch2.xml
----------------- Instantiating /home/travis/build/icyphy/ptII/ptolemy/actor/lib/test/auto/Switch2.xml
1 ms. Memory: 1662464K Free: 1324608K (80%)
----------------- Invoking toplevel() on ptolemy.moml.MoMLSimpleApplication@2df90f78
----------------- Done invoking toplevel() on ptolemy.moml.MoMLSimpleApplication@2df90f78
reloadAllAccessors: .Switch2

===========================================================================================
----------------- testing Sun Jun 03 20:24:50 UTC 2018 /home/travis/build/icyphy/ptII/ptolemy/actor/lib/test/auto/SwitchDE.xml
----------------- Instantiating /home/travis/build/icyphy/ptII/ptolemy/actor/lib/test/auto/SwitchDE.xml
2 ms. Memory: 1662464K Free: 1304248K (78%)
----------------- Invoking toplevel() on ptolemy.moml.MoMLSimpleApplication@69667699
----------------- Done invoking toplevel() on ptolemy.moml.MoMLSimpleApplication@69667699
reloadAllAccessors: .SwitchDE

===========================================================================================
----------------- testing Sun Jun 03 20:24:50 UTC 2018 /home/travis/build/icyphy/ptII/ptolemy/actor/lib/test/auto/SynchronizerDE.xml
----------------- Instantiating /home/travis/build/icyphy/ptII/ptolemy/actor/lib/test/auto/SynchronizerDE.xml
4 ms. Memory: 1662464K Free: 1288667K (78%)
----------------- Invoking toplevel() on ptolemy.moml.MoMLSimpleApplication@1d87e0ff
----------------- Done invoking toplevel() on ptolemy.moml.MoMLSimpleApplication@1d87e0ff
reloadAllAccessors: .SynchronizerDE

===========================================================================================
----------------- testing Sun Jun 03 20:24:50 UTC 2018 /home/travis/build/icyphy/ptII/ptolemy/actor/lib/test/auto/Test.xml
----------------- Instantiating /home/travis/build/icyphy/ptII/ptolemy/actor/lib/test/auto/Test.xml
2 ms. Memory: 1662464K Free: 1268307K (76%)
----------------- Invoking toplevel() on ptolemy.moml.MoMLSimpleApplication@76ccb559
----------------- Done invoking toplevel() on ptolemy.moml.MoMLSimpleApplication@76ccb559
reloadAllAccessors: .Test

===========================================================================================
----------------- testing Sun Jun 03 20:24:50 UTC 2018 /home/travis/build/icyphy/ptII/ptolemy/actor/lib/test/auto/TestExceptionAttribute1.xml
----------------- Instantiating /home/travis/build/icyphy/ptII/ptolemy/actor/lib/test/auto/TestExceptionAttribute1.xml
1 ms. Memory: 1662464K Free: 1252727K (75%)
----------------- Invoking toplevel() on ptolemy.moml.MoMLSimpleApplication@225d9121
----------------- Done invoking toplevel() on ptolemy.moml.MoMLSimpleApplication@225d9121
reloadAllAccessors: .TestExceptionAttribute1

===========================================================================================
----------------- testing Sun Jun 03 20:24:50 UTC 2018 /home/travis/build/icyphy/ptII/ptolemy/actor/lib/test/auto/TestExceptionAttribute2.xml
----------------- Instantiating /home/travis/build/icyphy/ptII/ptolemy/actor/lib/test/auto/TestExceptionAttribute2.xml
1 ms. Memory: 1662464K Free: 1232367K (74%)
----------------- Invoking toplevel() on ptolemy.moml.MoMLSimpleApplication@672b467
----------------- Done invoking toplevel() on ptolemy.moml.MoMLSimpleApplication@672b467
reloadAllAccessors: .TestExceptionAttribute2

===========================================================================================
----------------- testing Sun Jun 03 20:24:50 UTC 2018 /home/travis/build/icyphy/ptII/ptolemy/actor/lib/test/auto/TestExceptionAttribute3.xml
----------------- Instantiating /home/travis/build/icyphy/ptII/ptolemy/actor/lib/test/auto/TestExceptionAttribute3.xml
.TestExceptionAttribute3.TestExceptionAttribute: initialize() was not invoked, but wrapup() was.  This is unusual, but not always a problem.  For example, exporting JNLP will do this.
1 ms. Memory: 1662464K Free: 1216787K (73%)
----------------- Invoking toplevel() on ptolemy.moml.MoMLSimpleApplication@2d7e23e4
----------------- Done invoking toplevel() on ptolemy.moml.MoMLSimpleApplication@2d7e23e4
reloadAllAccessors: .TestExceptionAttribute3

===========================================================================================
----------------- testing Sun Jun 03 20:24:50 UTC 2018 /home/travis/build/icyphy/ptII/ptolemy/actor/lib/test/auto/TestExceptionAttribute4.xml
----------------- Instantiating /home/travis/build/icyphy/ptII/ptolemy/actor/lib/test/auto/TestExceptionAttribute4.xml
.TestExceptionAttribute4.TestExceptionAttribute: initialize() was not invoked, but wrapup() was.  This is unusual, but not always a problem.  For example, exporting JNLP will do this.
.TestExceptionAttribute4.TestExceptionAttribute2: initialize() was not invoked, but wrapup() was.  This is unusual, but not always a problem.  For example, exporting JNLP will do this.
1 ms. Memory: 1662464K Free: 1196426K (72%)
----------------- Invoking toplevel() on ptolemy.moml.MoMLSimpleApplication@30c53855
----------------- Done invoking toplevel() on ptolemy.moml.MoMLSimpleApplication@30c53855
reloadAllAccessors: .TestExceptionAttribute4

===========================================================================================
----------------- testing Sun Jun 03 20:24:50 UTC 2018 /home/travis/build/icyphy/ptII/ptolemy/actor/lib/test/auto/TestExceptionHandler1.xml
----------------- Instantiating /home/travis/build/icyphy/ptII/ptolemy/actor/lib/test/auto/TestExceptionHandler1.xml
1 ms. Memory: 1662464K Free: 1180846K (71%)
----------------- Invoking toplevel() on ptolemy.moml.MoMLSimpleApplication@2e9f4d73
----------------- Done invoking toplevel() on ptolemy.moml.MoMLSimpleApplication@2e9f4d73
reloadAllAccessors: .TestExceptionHandler1

===========================================================================================
----------------- testing Sun Jun 03 20:24:50 UTC 2018 /home/travis/build/icyphy/ptII/ptolemy/actor/lib/test/auto/TestExceptionHandler2.xml
----------------- Instantiating /home/travis/build/icyphy/ptII/ptolemy/actor/lib/test/auto/TestExceptionHandler2.xml
1 ms. Memory: 1662464K Free: 1160486K (70%)
----------------- Invoking toplevel() on ptolemy.moml.MoMLSimpleApplication@47fd7272
----------------- Done invoking toplevel() on ptolemy.moml.MoMLSimpleApplication@47fd7272
reloadAllAccessors: .TestExceptionHandler2

===========================================================================================
----------------- testing Sun Jun 03 20:24:50 UTC 2018 /home/travis/build/icyphy/ptII/ptolemy/actor/lib/test/auto/TestExceptionHandler3.xml
----------------- Instantiating /home/travis/build/icyphy/ptII/ptolemy/actor/lib/test/auto/TestExceptionHandler3.xml
0 ms. Memory: 1662464K Free: 1144906K (69%)
----------------- Invoking toplevel() on ptolemy.moml.MoMLSimpleApplication@b1e90f4
----------------- Done invoking toplevel() on ptolemy.moml.MoMLSimpleApplication@b1e90f4
reloadAllAccessors: .TestExceptionHandler3

===========================================================================================
----------------- testing Sun Jun 03 20:24:50 UTC 2018 /home/travis/build/icyphy/ptII/ptolemy/actor/lib/test/auto/TestExceptionHandler4.xml
----------------- Instantiating /home/travis/build/icyphy/ptII/ptolemy/actor/lib/test/auto/TestExceptionHandler4.xml
0 ms. Memory: 1662464K Free: 1124545K (68%)
----------------- Invoking toplevel() on ptolemy.moml.MoMLSimpleApplication@36e12658
----------------- Done invoking toplevel() on ptolemy.moml.MoMLSimpleApplication@36e12658
reloadAllAccessors: .TestExceptionHandler4

===========================================================================================
----------------- testing Sun Jun 03 20:24:50 UTC 2018 /home/travis/build/icyphy/ptII/ptolemy/actor/lib/test/auto/TestRequireCorrectOrder.xml
----------------- Instantiating /home/travis/build/icyphy/ptII/ptolemy/actor/lib/test/auto/TestRequireCorrectOrder.xml
2 ms. Memory: 1662464K Free: 1108965K (67%)
----------------- Invoking toplevel() on ptolemy.moml.MoMLSimpleApplication@368e9af9
----------------- Done invoking toplevel() on ptolemy.moml.MoMLSimpleApplication@368e9af9
reloadAllAccessors: .TestRequireCorrectOrder

===========================================================================================
----------------- testing Sun Jun 03 20:24:50 UTC 2018 /home/travis/build/icyphy/ptII/ptolemy/actor/lib/test/auto/TestSimple.xml
----------------- Instantiating /home/travis/build/icyphy/ptII/ptolemy/actor/lib/test/auto/TestSimple.xml
1 ms. Memory: 1662464K Free: 1088605K (65%)
----------------- Invoking toplevel() on ptolemy.moml.MoMLSimpleApplication@3d9922c9
----------------- Done invoking toplevel() on ptolemy.moml.MoMLSimpleApplication@3d9922c9
reloadAllAccessors: .TestSimple

===========================================================================================
----------------- testing Sun Jun 03 20:24:50 UTC 2018 /home/travis/build/icyphy/ptII/ptolemy/actor/lib/test/auto/ThrowModelError.xml
----------------- Instantiating /home/travis/build/icyphy/ptII/ptolemy/actor/lib/test/auto/ThrowModelError.xml
2 ms. Memory: 1662464K Free: 1068245K (64%)
----------------- Invoking toplevel() on ptolemy.moml.MoMLSimpleApplication@2ab50586
----------------- Done invoking toplevel() on ptolemy.moml.MoMLSimpleApplication@2ab50586
reloadAllAccessors: .ThrowModelError

===========================================================================================
----------------- testing Sun Jun 03 20:24:50 UTC 2018 /home/travis/build/icyphy/ptII/ptolemy/actor/lib/test/auto/TimeDelayMicrosteps.xml
----------------- Instantiating /home/travis/build/icyphy/ptII/ptolemy/actor/lib/test/auto/TimeDelayMicrosteps.xml
3 ms. Memory: 1662464K Free: 1052665K (63%)
----------------- Invoking toplevel() on ptolemy.moml.MoMLSimpleApplication@4a4d1598
----------------- Done invoking toplevel() on ptolemy.moml.MoMLSimpleApplication@4a4d1598
reloadAllAccessors: .TimeDelayMicrosteps

===========================================================================================
----------------- testing Sun Jun 03 20:24:50 UTC 2018 /home/travis/build/icyphy/ptII/ptolemy/actor/lib/test/auto/TimeDelayMicrosteps2.xml
----------------- Instantiating /home/travis/build/icyphy/ptII/ptolemy/actor/lib/test/auto/TimeDelayMicrosteps2.xml
3 ms. Memory: 1662464K Free: 1032304K (62%)
----------------- Invoking toplevel() on ptolemy.moml.MoMLSimpleApplication@2a25c5e5
----------------- Done invoking toplevel() on ptolemy.moml.MoMLSimpleApplication@2a25c5e5
reloadAllAccessors: .TimeDelayMicrosteps2

===========================================================================================
----------------- testing Sun Jun 03 20:24:50 UTC 2018 /home/travis/build/icyphy/ptII/ptolemy/actor/lib/test/auto/TimeDelayMicrosteps3.xml
----------------- Instantiating /home/travis/build/icyphy/ptII/ptolemy/actor/lib/test/auto/TimeDelayMicrosteps3.xml
3 ms. Memory: 1662464K Free: 1016724K (61%)
----------------- Invoking toplevel() on ptolemy.moml.MoMLSimpleApplication@2d6bab19
----------------- Done invoking toplevel() on ptolemy.moml.MoMLSimpleApplication@2d6bab19
reloadAllAccessors: .TimeDelayMicrosteps3

===========================================================================================
----------------- testing Sun Jun 03 20:24:50 UTC 2018 /home/travis/build/icyphy/ptII/ptolemy/actor/lib/test/auto/TimeDelayVariableMicrosteps.xml
----------------- Instantiating /home/travis/build/icyphy/ptII/ptolemy/actor/lib/test/auto/TimeDelayVariableMicrosteps.xml
3 ms. Memory: 1662464K Free: 996364K (60%)
----------------- Invoking toplevel() on ptolemy.moml.MoMLSimpleApplication@37c76d2a
----------------- Done invoking toplevel() on ptolemy.moml.MoMLSimpleApplication@37c76d2a
reloadAllAccessors: .TimeDelayVariableMicrosteps

===========================================================================================
----------------- testing Sun Jun 03 20:24:50 UTC 2018 /home/travis/build/icyphy/ptII/ptolemy/actor/lib/test/auto/TimeGap.xml
----------------- Instantiating /home/travis/build/icyphy/ptII/ptolemy/actor/lib/test/auto/TimeGap.xml
3 ms. Memory: 1662464K Free: 980783K (59%)
----------------- Invoking toplevel() on ptolemy.moml.MoMLSimpleApplication@178888be
----------------- Done invoking toplevel() on ptolemy.moml.MoMLSimpleApplication@178888be
reloadAllAccessors: .TimeGap

===========================================================================================
----------------- testing Sun Jun 03 20:24:50 UTC 2018 /home/travis/build/icyphy/ptII/ptolemy/actor/lib/test/auto/TimeGap2.xml
----------------- Instantiating /home/travis/build/icyphy/ptII/ptolemy/actor/lib/test/auto/TimeGap2.xml
2 ms. Memory: 1662464K Free: 960423K (58%)
----------------- Invoking toplevel() on ptolemy.moml.MoMLSimpleApplication@7a64645d
----------------- Done invoking toplevel() on ptolemy.moml.MoMLSimpleApplication@7a64645d
reloadAllAccessors: .TimeGap2

===========================================================================================
----------------- testing Sun Jun 03 20:24:50 UTC 2018 /home/travis/build/icyphy/ptII/ptolemy/actor/lib/test/auto/TimedSinewave.xml
----------------- Instantiating /home/travis/build/icyphy/ptII/ptolemy/actor/lib/test/auto/TimedSinewave.xml
13 ms. Memory: 1662464K Free: 937053K (56%)
----------------- Invoking toplevel() on ptolemy.moml.MoMLSimpleApplication@982838d
----------------- Done invoking toplevel() on ptolemy.moml.MoMLSimpleApplication@982838d
reloadAllAccessors: .TimedSinewave

===========================================================================================
----------------- testing Sun Jun 03 20:24:50 UTC 2018 /home/travis/build/icyphy/ptII/ptolemy/actor/lib/test/auto/TimedSinewavePhase.xml
----------------- Instantiating /home/travis/build/icyphy/ptII/ptolemy/actor/lib/test/auto/TimedSinewavePhase.xml
10 ms. Memory: 1662464K Free: 916693K (55%)
----------------- Invoking toplevel() on ptolemy.moml.MoMLSimpleApplication@64d16257
----------------- Done invoking toplevel() on ptolemy.moml.MoMLSimpleApplication@64d16257
reloadAllAccessors: .TimedSinewavePhase

===========================================================================================
----------------- testing Sun Jun 03 20:24:50 UTC 2018 /home/travis/build/icyphy/ptII/ptolemy/actor/lib/test/auto/Timer.xml
----------------- Instantiating /home/travis/build/icyphy/ptII/ptolemy/actor/lib/test/auto/Timer.xml
2 ms. Memory: 1662464K Free: 901113K (54%)
----------------- Invoking toplevel() on ptolemy.moml.MoMLSimpleApplication@c6a415
----------------- Done invoking toplevel() on ptolemy.moml.MoMLSimpleApplication@c6a415
reloadAllAccessors: .Timer

===========================================================================================
----------------- testing Sun Jun 03 20:24:50 UTC 2018 /home/travis/build/icyphy/ptII/ptolemy/actor/lib/test/auto/TriangularDistTestModel.xml
----------------- Instantiating /home/travis/build/icyphy/ptII/ptolemy/actor/lib/test/auto/TriangularDistTestModel.xml
2 ms. Memory: 1662464K Free: 880752K (53%)
----------------- Invoking toplevel() on ptolemy.moml.MoMLSimpleApplication@36b9fc1d
----------------- Done invoking toplevel() on ptolemy.moml.MoMLSimpleApplication@36b9fc1d
reloadAllAccessors: .TriangularDistTestModel

===========================================================================================
----------------- testing Sun Jun 03 20:24:50 UTC 2018 /home/travis/build/icyphy/ptII/ptolemy/actor/lib/test/auto/TrigFunction.xml
----------------- Instantiating /home/travis/build/icyphy/ptII/ptolemy/actor/lib/test/auto/TrigFunction.xml
1 ms. Memory: 1662464K Free: 865172K (52%)
----------------- Invoking toplevel() on ptolemy.moml.MoMLSimpleApplication@2724f5e5
----------------- Done invoking toplevel() on ptolemy.moml.MoMLSimpleApplication@2724f5e5
reloadAllAccessors: .TrigFunction

===========================================================================================
----------------- testing Sun Jun 03 20:24:50 UTC 2018 /home/travis/build/icyphy/ptII/ptolemy/actor/lib/test/auto/TrigFunctionDE.xml
----------------- Instantiating /home/travis/build/icyphy/ptII/ptolemy/actor/lib/test/auto/TrigFunctionDE.xml
2 ms. Memory: 1662464K Free: 844812K (51%)
----------------- Invoking toplevel() on ptolemy.moml.MoMLSimpleApplication@1699f2bd
----------------- Done invoking toplevel() on ptolemy.moml.MoMLSimpleApplication@1699f2bd
reloadAllAccessors: .TrigFunctionDE

===========================================================================================
----------------- testing Sun Jun 03 20:24:50 UTC 2018 /home/travis/build/icyphy/ptII/ptolemy/actor/lib/test/auto/TrigFunctionInverse.xml
----------------- Instantiating /home/travis/build/icyphy/ptII/ptolemy/actor/lib/test/auto/TrigFunctionInverse.xml
1 ms. Memory: 1662464K Free: 829232K (50%)
----------------- Invoking toplevel() on ptolemy.moml.MoMLSimpleApplication@70a856b2
----------------- Done invoking toplevel() on ptolemy.moml.MoMLSimpleApplication@70a856b2
reloadAllAccessors: .TrigFunctionInverse

===========================================================================================
----------------- testing Sun Jun 03 20:24:50 UTC 2018 /home/travis/build/icyphy/ptII/ptolemy/actor/lib/test/auto/TrigFunctionTan.xml
----------------- Instantiating /home/travis/build/icyphy/ptII/ptolemy/actor/lib/test/auto/TrigFunctionTan.xml
2 ms. Memory: 1662464K Free: 808872K (49%)
----------------- Invoking toplevel() on ptolemy.moml.MoMLSimpleApplication@537cf2ff
----------------- Done invoking toplevel() on ptolemy.moml.MoMLSimpleApplication@537cf2ff
reloadAllAccessors: .TrigFunctionTan

===========================================================================================
----------------- testing Sun Jun 03 20:24:50 UTC 2018 /home/travis/build/icyphy/ptII/ptolemy/actor/lib/test/auto/TriggeredClock.xml
----------------- Instantiating /home/travis/build/icyphy/ptII/ptolemy/actor/lib/test/auto/TriggeredClock.xml
1 ms. Memory: 1662464K Free: 793291K (48%)
----------------- Invoking toplevel() on ptolemy.moml.MoMLSimpleApplication@533e0e33
----------------- Done invoking toplevel() on ptolemy.moml.MoMLSimpleApplication@533e0e33
reloadAllAccessors: .TriggeredClock

===========================================================================================
----------------- testing Sun Jun 03 20:24:50 UTC 2018 /home/travis/build/icyphy/ptII/ptolemy/actor/lib/test/auto/URLDirectoryReader.xml
----------------- Instantiating /home/travis/build/icyphy/ptII/ptolemy/actor/lib/test/auto/URLDirectoryReader.xml
31 ms. Memory: 1662464K Free: 772931K (46%)
----------------- Invoking toplevel() on ptolemy.moml.MoMLSimpleApplication@9046580
----------------- Done invoking toplevel() on ptolemy.moml.MoMLSimpleApplication@9046580
reloadAllAccessors: .URLDirectoryReader

===========================================================================================
----------------- testing Sun Jun 03 20:24:51 UTC 2018 /home/travis/build/icyphy/ptII/ptolemy/actor/lib/test/auto/URLDirectoryReader3.xml
----------------- Instantiating /home/travis/build/icyphy/ptII/ptolemy/actor/lib/test/auto/URLDirectoryReader3.xml
1128 ms. Memory: 1662464K Free: 718145K (43%)
----------------- Invoking toplevel() on ptolemy.moml.MoMLSimpleApplication@27c3a374
----------------- Done invoking toplevel() on ptolemy.moml.MoMLSimpleApplication@27c3a374
reloadAllAccessors: .URLDirectoryReader3

===========================================================================================
----------------- testing Sun Jun 03 20:24:52 UTC 2018 /home/travis/build/icyphy/ptII/ptolemy/actor/lib/test/auto/UnaryMathFunction.xml
----------------- Instantiating /home/travis/build/icyphy/ptII/ptolemy/actor/lib/test/auto/UnaryMathFunction.xml
2 ms. Memory: 1662464K Free: 697784K (42%)
----------------- Invoking toplevel() on ptolemy.moml.MoMLSimpleApplication@2da90df6
----------------- Done invoking toplevel() on ptolemy.moml.MoMLSimpleApplication@2da90df6
reloadAllAccessors: .UnaryMathFunction

===========================================================================================
----------------- testing Sun Jun 03 20:24:52 UTC 2018 /home/travis/build/icyphy/ptII/ptolemy/actor/lib/test/auto/Uniform.xml
----------------- Instantiating /home/travis/build/icyphy/ptII/ptolemy/actor/lib/test/auto/Uniform.xml
10 ms. Memory: 1662464K Free: 677424K (41%)
----------------- Invoking toplevel() on ptolemy.moml.MoMLSimpleApplication@aa1dce1
----------------- Done invoking toplevel() on ptolemy.moml.MoMLSimpleApplication@aa1dce1
reloadAllAccessors: .Uniform

===========================================================================================
----------------- testing Sun Jun 03 20:24:52 UTC 2018 /home/travis/build/icyphy/ptII/ptolemy/actor/lib/test/auto/UnionDisassemblerTest.xml
----------------- Instantiating /home/travis/build/icyphy/ptII/ptolemy/actor/lib/test/auto/UnionDisassemblerTest.xml
15 ms. Memory: 1662464K Free: 661844K (40%)
----------------- Invoking toplevel() on ptolemy.moml.MoMLSimpleApplication@11afa136
----------------- Done invoking toplevel() on ptolemy.moml.MoMLSimpleApplication@11afa136
reloadAllAccessors: .UnionDisassemblerTest

===========================================================================================
----------------- testing Sun Jun 03 20:24:52 UTC 2018 /home/travis/build/icyphy/ptII/ptolemy/actor/lib/test/auto/UtilityFunctions.xml
----------------- Instantiating /home/travis/build/icyphy/ptII/ptolemy/actor/lib/test/auto/UtilityFunctions.xml
10 ms. Memory: 1662464K Free: 641484K (39%)
----------------- Invoking toplevel() on ptolemy.moml.MoMLSimpleApplication@3dbfb973
----------------- Done invoking toplevel() on ptolemy.moml.MoMLSimpleApplication@3dbfb973
reloadAllAccessors: .UtilityFunctions

===========================================================================================
----------------- testing Sun Jun 03 20:24:52 UTC 2018 /home/travis/build/icyphy/ptII/ptolemy/actor/lib/test/auto/VariableSleep.xml
----------------- Instantiating /home/travis/build/icyphy/ptII/ptolemy/actor/lib/test/auto/VariableSleep.xml
507 ms. Memory: 1662464K Free: 625903K (38%)
----------------- Invoking toplevel() on ptolemy.moml.MoMLSimpleApplication@686e7a3d
----------------- Done invoking toplevel() on ptolemy.moml.MoMLSimpleApplication@686e7a3d
reloadAllAccessors: .VariableSleep

===========================================================================================
----------------- testing Sun Jun 03 20:24:53 UTC 2018 /home/travis/build/icyphy/ptII/ptolemy/actor/lib/test/auto/VectorAssemblerDisassemblerCT.xml
----------------- Instantiating /home/travis/build/icyphy/ptII/ptolemy/actor/lib/test/auto/VectorAssemblerDisassemblerCT.xml
72 ms. Memory: 1662464K Free: 589963K (35%)
----------------- Invoking toplevel() on ptolemy.moml.MoMLSimpleApplication@3fe1012a
----------------- Done invoking toplevel() on ptolemy.moml.MoMLSimpleApplication@3fe1012a
reloadAllAccessors: .VectorAssemblerDisassemblerCT

===========================================================================================
----------------- testing Sun Jun 03 20:24:53 UTC 2018 /home/travis/build/icyphy/ptII/ptolemy/actor/lib/test/auto/VectorAssemblerDisassemblerDE.xml
----------------- Instantiating /home/travis/build/icyphy/ptII/ptolemy/actor/lib/test/auto/VectorAssemblerDisassemblerDE.xml
2 ms. Memory: 1662464K Free: 574383K (35%)
----------------- Invoking toplevel() on ptolemy.moml.MoMLSimpleApplication@7b2a8660
----------------- Done invoking toplevel() on ptolemy.moml.MoMLSimpleApplication@7b2a8660
reloadAllAccessors: .VectorAssemblerDisassemblerDE

===========================================================================================
----------------- testing Sun Jun 03 20:24:53 UTC 2018 /home/travis/build/icyphy/ptII/ptolemy/actor/lib/test/auto/VectorAssemblerDisassemblerSDF.xml
----------------- Instantiating /home/travis/build/icyphy/ptII/ptolemy/actor/lib/test/auto/VectorAssemblerDisassemblerSDF.xml
2 ms. Memory: 1662464K Free: 554023K (33%)
----------------- Invoking toplevel() on ptolemy.moml.MoMLSimpleApplication@fde5541
----------------- Done invoking toplevel() on ptolemy.moml.MoMLSimpleApplication@fde5541
reloadAllAccessors: .VectorAssemblerDisassemblerSDF

===========================================================================================
----------------- testing Sun Jun 03 20:24:53 UTC 2018 /home/travis/build/icyphy/ptII/ptolemy/actor/lib/test/auto/WallClockTime.xml
----------------- Instantiating /home/travis/build/icyphy/ptII/ptolemy/actor/lib/test/auto/WallClockTime.xml
1004 ms. Memory: 1662464K Free: 538442K (32%)
----------------- Invoking toplevel() on ptolemy.moml.MoMLSimpleApplication@578ba89
----------------- Done invoking toplevel() on ptolemy.moml.MoMLSimpleApplication@578ba89
reloadAllAccessors: .WallClockTime

===========================================================================================
----------------- testing Sun Jun 03 20:24:54 UTC 2018 /home/travis/build/icyphy/ptII/ptolemy/actor/lib/test/auto/WidthTestWithSubscriberPublisher.xml
----------------- Instantiating /home/travis/build/icyphy/ptII/ptolemy/actor/lib/test/auto/WidthTestWithSubscriberPublisher.xml
7 ms. Memory: 1662464K Free: 502478K (30%)
----------------- Invoking toplevel() on ptolemy.moml.MoMLSimpleApplication@58331e9c
----------------- Done invoking toplevel() on ptolemy.moml.MoMLSimpleApplication@58331e9c
reloadAllAccessors: .WidthTestWithSubscriberPublisher

===========================================================================================
----------------- testing Sun Jun 03 20:24:54 UTC 2018 /home/travis/build/icyphy/ptII/ptolemy/actor/lib/test/auto/WidthTestWithSubscriberPublisher2.xml
----------------- Instantiating /home/travis/build/icyphy/ptII/ptolemy/actor/lib/test/auto/WidthTestWithSubscriberPublisher2.xml
2 ms. Memory: 1662464K Free: 486898K (29%)
----------------- Invoking toplevel() on ptolemy.moml.MoMLSimpleApplication@4d4bf9c5
----------------- Done invoking toplevel() on ptolemy.moml.MoMLSimpleApplication@4d4bf9c5
reloadAllAccessors: .WidthTestWithSubscriberPublisher2

===========================================================================================
----------------- testing Sun Jun 03 20:24:54 UTC 2018 /home/travis/build/icyphy/ptII/ptolemy/actor/lib/test/auto/WidthTestWithSubscriberPublisher3.xml
----------------- Instantiating /home/travis/build/icyphy/ptII/ptolemy/actor/lib/test/auto/WidthTestWithSubscriberPublisher3.xml
2 ms. Memory: 1662464K Free: 466537K (28%)
----------------- Invoking toplevel() on ptolemy.moml.MoMLSimpleApplication@55a4f66e
----------------- Done invoking toplevel() on ptolemy.moml.MoMLSimpleApplication@55a4f66e
reloadAllAccessors: .WidthTestWithSubscriberPublisher3

===========================================================================================
----------------- testing Sun Jun 03 20:24:54 UTC 2018 /home/travis/build/icyphy/ptII/ptolemy/actor/lib/test/auto/Writer.xml
----------------- Instantiating /home/travis/build/icyphy/ptII/ptolemy/actor/lib/test/auto/Writer.xml
0
1
2
3
4
1 ms. Memory: 1662464K Free: 450957K (27%)
----------------- Invoking toplevel() on ptolemy.moml.MoMLSimpleApplication@41dac3bb
----------------- Done invoking toplevel() on ptolemy.moml.MoMLSimpleApplication@41dac3bb
reloadAllAccessors: .Writer

===========================================================================================
----------------- testing Sun Jun 03 20:24:54 UTC 2018 /home/travis/build/icyphy/ptII/ptolemy/actor/lib/test/auto/array.xml
----------------- Instantiating /home/travis/build/icyphy/ptII/ptolemy/actor/lib/test/auto/array.xml
2 ms. Memory: 1662464K Free: 430597K (26%)
----------------- Invoking toplevel() on ptolemy.moml.MoMLSimpleApplication@519dc603
----------------- Done invoking toplevel() on ptolemy.moml.MoMLSimpleApplication@519dc603
reloadAllAccessors: .array

===========================================================================================
----------------- testing Sun Jun 03 20:24:54 UTC 2018 /home/travis/build/icyphy/ptII/ptolemy/actor/lib/test/auto/array2.xml
----------------- Instantiating /home/travis/build/icyphy/ptII/ptolemy/actor/lib/test/auto/array2.xml
4 ms. Memory: 1662464K Free: 415017K (25%)
----------------- Invoking toplevel() on ptolemy.moml.MoMLSimpleApplication@11377daa
----------------- Done invoking toplevel() on ptolemy.moml.MoMLSimpleApplication@11377daa
reloadAllAccessors: .array2

===========================================================================================
----------------- testing Sun Jun 03 20:24:54 UTC 2018 /home/travis/build/icyphy/ptII/ptolemy/actor/lib/test/auto/arrayType.xml
----------------- Instantiating /home/travis/build/icyphy/ptII/ptolemy/actor/lib/test/auto/arrayType.xml
1 ms. Memory: 1662464K Free: 394657K (24%)
----------------- Invoking toplevel() on ptolemy.moml.MoMLSimpleApplication@2f8ba437
----------------- Done invoking toplevel() on ptolemy.moml.MoMLSimpleApplication@2f8ba437
reloadAllAccessors: .arrayType

===========================================================================================
----------------- testing Sun Jun 03 20:24:54 UTC 2018 /home/travis/build/icyphy/ptII/ptolemy/actor/lib/test/auto/arrayType10.xml
----------------- Instantiating /home/travis/build/icyphy/ptII/ptolemy/actor/lib/test/auto/arrayType10.xml
1 ms. Memory: 1662464K Free: 374296K (23%)
----------------- Invoking toplevel() on ptolemy.moml.MoMLSimpleApplication@7cf1bf77
----------------- Done invoking toplevel() on ptolemy.moml.MoMLSimpleApplication@7cf1bf77
reloadAllAccessors: .arrayType10

===========================================================================================
----------------- testing Sun Jun 03 20:24:54 UTC 2018 /home/travis/build/icyphy/ptII/ptolemy/actor/lib/test/auto/arrayType11.xml
----------------- Instantiating /home/travis/build/icyphy/ptII/ptolemy/actor/lib/test/auto/arrayType11.xml
1 ms. Memory: 1662464K Free: 358716K (22%)
----------------- Invoking toplevel() on ptolemy.moml.MoMLSimpleApplication@27c96773
----------------- Done invoking toplevel() on ptolemy.moml.MoMLSimpleApplication@27c96773
reloadAllAccessors: .arrayType11

===========================================================================================
----------------- testing Sun Jun 03 20:24:54 UTC 2018 /home/travis/build/icyphy/ptII/ptolemy/actor/lib/test/auto/arrayType12.xml
----------------- Instantiating /home/travis/build/icyphy/ptII/ptolemy/actor/lib/test/auto/arrayType12.xml
1 ms. Memory: 1662464K Free: 338356K (20%)
----------------- Invoking toplevel() on ptolemy.moml.MoMLSimpleApplication@42c5cfde
----------------- Done invoking toplevel() on ptolemy.moml.MoMLSimpleApplication@42c5cfde
reloadAllAccessors: .arrayType12

===========================================================================================
----------------- testing Sun Jun 03 20:24:54 UTC 2018 /home/travis/build/icyphy/ptII/ptolemy/actor/lib/test/auto/arrayType13.xml
----------------- Instantiating /home/travis/build/icyphy/ptII/ptolemy/actor/lib/test/auto/arrayType13.xml
2 ms. Memory: 1662464K Free: 322776K (19%)
----------------- Invoking toplevel() on ptolemy.moml.MoMLSimpleApplication@1d7f1f0c
----------------- Done invoking toplevel() on ptolemy.moml.MoMLSimpleApplication@1d7f1f0c
reloadAllAccessors: .arrayType13

===========================================================================================
----------------- testing Sun Jun 03 20:24:54 UTC 2018 /home/travis/build/icyphy/ptII/ptolemy/actor/lib/test/auto/arrayType14.xml
----------------- Instantiating /home/travis/build/icyphy/ptII/ptolemy/actor/lib/test/auto/arrayType14.xml
1 ms. Memory: 1662464K Free: 302415K (18%)
----------------- Invoking toplevel() on ptolemy.moml.MoMLSimpleApplication@3b9733b0
----------------- Done invoking toplevel() on ptolemy.moml.MoMLSimpleApplication@3b9733b0
reloadAllAccessors: .arrayType14

===========================================================================================
----------------- testing Sun Jun 03 20:24:54 UTC 2018 /home/travis/build/icyphy/ptII/ptolemy/actor/lib/test/auto/arrayType15.xml
----------------- Instantiating /home/travis/build/icyphy/ptII/ptolemy/actor/lib/test/auto/arrayType15.xml
2 ms. Memory: 1662464K Free: 286835K (17%)
----------------- Invoking toplevel() on ptolemy.moml.MoMLSimpleApplication@39ba316b
----------------- Done invoking toplevel() on ptolemy.moml.MoMLSimpleApplication@39ba316b
reloadAllAccessors: .arrayType15

===========================================================================================
----------------- testing Sun Jun 03 20:24:54 UTC 2018 /home/travis/build/icyphy/ptII/ptolemy/actor/lib/test/auto/arrayType16.xml
----------------- Instantiating /home/travis/build/icyphy/ptII/ptolemy/actor/lib/test/auto/arrayType16.xml
1 ms. Memory: 1662464K Free: 266475K (16%)
----------------- Invoking toplevel() on ptolemy.moml.MoMLSimpleApplication@2f13269e
----------------- Done invoking toplevel() on ptolemy.moml.MoMLSimpleApplication@2f13269e
reloadAllAccessors: .arrayType16

===========================================================================================
----------------- testing Sun Jun 03 20:24:54 UTC 2018 /home/travis/build/icyphy/ptII/ptolemy/actor/lib/test/auto/arrayType17.xml
----------------- Instantiating /home/travis/build/icyphy/ptII/ptolemy/actor/lib/test/auto/arrayType17.xml
1 ms. Memory: 1662464K Free: 250895K (15%)
----------------- Invoking toplevel() on ptolemy.moml.MoMLSimpleApplication@16aa3692
----------------- Done invoking toplevel() on ptolemy.moml.MoMLSimpleApplication@16aa3692
reloadAllAccessors: .arrayType17

===========================================================================================
----------------- testing Sun Jun 03 20:24:54 UTC 2018 /home/travis/build/icyphy/ptII/ptolemy/actor/lib/test/auto/arrayType18.xml
----------------- Instantiating /home/travis/build/icyphy/ptII/ptolemy/actor/lib/test/auto/arrayType18.xml
1 ms. Memory: 1662464K Free: 230534K (14%)
----------------- Invoking toplevel() on ptolemy.moml.MoMLSimpleApplication@383f4eec
----------------- Done invoking toplevel() on ptolemy.moml.MoMLSimpleApplication@383f4eec
reloadAllAccessors: .arrayType18

===========================================================================================
----------------- testing Sun Jun 03 20:24:54 UTC 2018 /home/travis/build/icyphy/ptII/ptolemy/actor/lib/test/auto/arrayType19.xml
----------------- Instantiating /home/travis/build/icyphy/ptII/ptolemy/actor/lib/test/auto/arrayType19.xml
1 ms. Memory: 1662464K Free: 214954K (13%)
----------------- Invoking toplevel() on ptolemy.moml.MoMLSimpleApplication@51c167d3
----------------- Done invoking toplevel() on ptolemy.moml.MoMLSimpleApplication@51c167d3
reloadAllAccessors: .arrayType19

===========================================================================================
----------------- testing Sun Jun 03 20:24:54 UTC 2018 /home/travis/build/icyphy/ptII/ptolemy/actor/lib/test/auto/arrayType2.xml
----------------- Instantiating /home/travis/build/icyphy/ptII/ptolemy/actor/lib/test/auto/arrayType2.xml
1 ms. Memory: 1662464K Free: 194594K (12%)
----------------- Invoking toplevel() on ptolemy.moml.MoMLSimpleApplication@2800e818
----------------- Done invoking toplevel() on ptolemy.moml.MoMLSimpleApplication@2800e818
reloadAllAccessors: .arrayType2

===========================================================================================
----------------- testing Sun Jun 03 20:24:54 UTC 2018 /home/travis/build/icyphy/ptII/ptolemy/actor/lib/test/auto/arrayType20.xml
----------------- Instantiating /home/travis/build/icyphy/ptII/ptolemy/actor/lib/test/auto/arrayType20.xml
1 ms. Memory: 1662464K Free: 179014K (11%)
----------------- Invoking toplevel() on ptolemy.moml.MoMLSimpleApplication@3e370f5e
----------------- Done invoking toplevel() on ptolemy.moml.MoMLSimpleApplication@3e370f5e
reloadAllAccessors: .arrayType20

===========================================================================================
----------------- testing Sun Jun 03 20:24:54 UTC 2018 /home/travis/build/icyphy/ptII/ptolemy/actor/lib/test/auto/arrayType21.xml
----------------- Instantiating /home/travis/build/icyphy/ptII/ptolemy/actor/lib/test/auto/arrayType21.xml
2 ms. Memory: 1662464K Free: 158653K (10%)
----------------- Invoking toplevel() on ptolemy.moml.MoMLSimpleApplication@711a312
----------------- Done invoking toplevel() on ptolemy.moml.MoMLSimpleApplication@711a312
reloadAllAccessors: .arrayType21

===========================================================================================
----------------- testing Sun Jun 03 20:24:54 UTC 2018 /home/travis/build/icyphy/ptII/ptolemy/actor/lib/test/auto/arrayType22.xml
----------------- Instantiating /home/travis/build/icyphy/ptII/ptolemy/actor/lib/test/auto/arrayType22.xml
2 ms. Memory: 1662464K Free: 143073K (9%)
----------------- Invoking toplevel() on ptolemy.moml.MoMLSimpleApplication@2c0f062b
----------------- Done invoking toplevel() on ptolemy.moml.MoMLSimpleApplication@2c0f062b
reloadAllAccessors: .arrayType22

===========================================================================================
----------------- testing Sun Jun 03 20:24:54 UTC 2018 /home/travis/build/icyphy/ptII/ptolemy/actor/lib/test/auto/arrayType23.xml
----------------- Instantiating /home/travis/build/icyphy/ptII/ptolemy/actor/lib/test/auto/arrayType23.xml
1 ms. Memory: 1662464K Free: 122713K (7%)
----------------- Invoking toplevel() on ptolemy.moml.MoMLSimpleApplication@a8f513f
----------------- Done invoking toplevel() on ptolemy.moml.MoMLSimpleApplication@a8f513f
reloadAllAccessors: .arrayType23

===========================================================================================
----------------- testing Sun Jun 03 20:24:54 UTC 2018 /home/travis/build/icyphy/ptII/ptolemy/actor/lib/test/auto/arrayType24.xml
----------------- Instantiating /home/travis/build/icyphy/ptII/ptolemy/actor/lib/test/auto/arrayType24.xml
1 ms. Memory: 1662464K Free: 102353K (6%)
----------------- Invoking toplevel() on ptolemy.moml.MoMLSimpleApplication@223860ec
----------------- Done invoking toplevel() on ptolemy.moml.MoMLSimpleApplication@223860ec
reloadAllAccessors: .arrayType24

===========================================================================================
----------------- testing Sun Jun 03 20:24:54 UTC 2018 /home/travis/build/icyphy/ptII/ptolemy/actor/lib/test/auto/arrayType25.xml
----------------- Instantiating /home/travis/build/icyphy/ptII/ptolemy/actor/lib/test/auto/arrayType25.xml
2 ms. Memory: 1662464K Free: 86773K (5%)
----------------- Invoking toplevel() on ptolemy.moml.MoMLSimpleApplication@71f4d78e
----------------- Done invoking toplevel() on ptolemy.moml.MoMLSimpleApplication@71f4d78e
reloadAllAccessors: .arrayType25

===========================================================================================
----------------- testing Sun Jun 03 20:24:54 UTC 2018 /home/travis/build/icyphy/ptII/ptolemy/actor/lib/test/auto/arrayType26.xml
----------------- Instantiating /home/travis/build/icyphy/ptII/ptolemy/actor/lib/test/auto/arrayType26.xml
2 ms. Memory: 1662464K Free: 66412K (4%)
----------------- Invoking toplevel() on ptolemy.moml.MoMLSimpleApplication@50c26f7c
----------------- Done invoking toplevel() on ptolemy.moml.MoMLSimpleApplication@50c26f7c
reloadAllAccessors: .arrayType26

===========================================================================================
----------------- testing Sun Jun 03 20:24:54 UTC 2018 /home/travis/build/icyphy/ptII/ptolemy/actor/lib/test/auto/arrayType27.xml
----------------- Instantiating /home/travis/build/icyphy/ptII/ptolemy/actor/lib/test/auto/arrayType27.xml
8 ms. Memory: 1678336K Free: 1612378K (96%)
----------------- Invoking toplevel() on ptolemy.moml.MoMLSimpleApplication@2f0374b1
----------------- Done invoking toplevel() on ptolemy.moml.MoMLSimpleApplication@2f0374b1
reloadAllAccessors: .arrayType27

===========================================================================================
----------------- testing Sun Jun 03 20:24:54 UTC 2018 /home/travis/build/icyphy/ptII/ptolemy/actor/lib/test/auto/arrayType28.xml
----------------- Instantiating /home/travis/build/icyphy/ptII/ptolemy/actor/lib/test/auto/arrayType28.xml
2 ms. Memory: 1678336K Free: 1592285K (95%)
----------------- Invoking toplevel() on ptolemy.moml.MoMLSimpleApplication@7e34cb83
----------------- Done invoking toplevel() on ptolemy.moml.MoMLSimpleApplication@7e34cb83
reloadAllAccessors: .arrayType28

===========================================================================================
----------------- testing Sun Jun 03 20:24:54 UTC 2018 /home/travis/build/icyphy/ptII/ptolemy/actor/lib/test/auto/arrayType3.xml
----------------- Instantiating /home/travis/build/icyphy/ptII/ptolemy/actor/lib/test/auto/arrayType3.xml
2 ms. Memory: 1678336K Free: 1572192K (94%)
----------------- Invoking toplevel() on ptolemy.moml.MoMLSimpleApplication@4bf2a917
----------------- Done invoking toplevel() on ptolemy.moml.MoMLSimpleApplication@4bf2a917
reloadAllAccessors: .arrayType3

===========================================================================================
----------------- testing Sun Jun 03 20:24:54 UTC 2018 /home/travis/build/icyphy/ptII/ptolemy/actor/lib/test/auto/arrayType4.xml
----------------- Instantiating /home/travis/build/icyphy/ptII/ptolemy/actor/lib/test/auto/arrayType4.xml
2 ms. Memory: 1678336K Free: 1556612K (93%)
----------------- Invoking toplevel() on ptolemy.moml.MoMLSimpleApplication@517d56e0
----------------- Done invoking toplevel() on ptolemy.moml.MoMLSimpleApplication@517d56e0
reloadAllAccessors: .arrayType4

===========================================================================================
----------------- testing Sun Jun 03 20:24:54 UTC 2018 /home/travis/build/icyphy/ptII/ptolemy/actor/lib/test/auto/arrayType5.xml
----------------- Instantiating /home/travis/build/icyphy/ptII/ptolemy/actor/lib/test/auto/arrayType5.xml
1 ms. Memory: 1678336K Free: 1536494K (92%)
----------------- Invoking toplevel() on ptolemy.moml.MoMLSimpleApplication@7784a4af
----------------- Done invoking toplevel() on ptolemy.moml.MoMLSimpleApplication@7784a4af
reloadAllAccessors: .arrayType5

===========================================================================================
----------------- testing Sun Jun 03 20:24:54 UTC 2018 /home/travis/build/icyphy/ptII/ptolemy/actor/lib/test/auto/arrayType6.xml
----------------- Instantiating /home/travis/build/icyphy/ptII/ptolemy/actor/lib/test/auto/arrayType6.xml
1 ms. Memory: 1678336K Free: 1520914K (91%)
----------------- Invoking toplevel() on ptolemy.moml.MoMLSimpleApplication@6273fac6
----------------- Done invoking toplevel() on ptolemy.moml.MoMLSimpleApplication@6273fac6
reloadAllAccessors: .arrayType6

===========================================================================================
----------------- testing Sun Jun 03 20:24:54 UTC 2018 /home/travis/build/icyphy/ptII/ptolemy/actor/lib/test/auto/arrayType7.xml
----------------- Instantiating /home/travis/build/icyphy/ptII/ptolemy/actor/lib/test/auto/arrayType7.xml
2 ms. Memory: 1678336K Free: 1500821K (89%)
----------------- Invoking toplevel() on ptolemy.moml.MoMLSimpleApplication@188b0de9
----------------- Done invoking toplevel() on ptolemy.moml.MoMLSimpleApplication@188b0de9
reloadAllAccessors: .arrayType7

===========================================================================================
----------------- testing Sun Jun 03 20:24:54 UTC 2018 /home/travis/build/icyphy/ptII/ptolemy/actor/lib/test/auto/arrayType8.xml
----------------- Instantiating /home/travis/build/icyphy/ptII/ptolemy/actor/lib/test/auto/arrayType8.xml
2 ms. Memory: 1678336K Free: 1485241K (88%)
----------------- Invoking toplevel() on ptolemy.moml.MoMLSimpleApplication@19ca49e5
----------------- Done invoking toplevel() on ptolemy.moml.MoMLSimpleApplication@19ca49e5
reloadAllAccessors: .arrayType8

===========================================================================================
----------------- testing Sun Jun 03 20:24:54 UTC 2018 /home/travis/build/icyphy/ptII/ptolemy/actor/lib/test/auto/arrayType9.xml
----------------- Instantiating /home/travis/build/icyphy/ptII/ptolemy/actor/lib/test/auto/arrayType9.xml
2 ms. Memory: 1678336K Free: 1465148K (87%)
----------------- Invoking toplevel() on ptolemy.moml.MoMLSimpleApplication@1e74adaf
----------------- Done invoking toplevel() on ptolemy.moml.MoMLSimpleApplication@1e74adaf
reloadAllAccessors: .arrayType9

===========================================================================================
----------------- testing Sun Jun 03 20:24:54 UTC 2018 /home/travis/build/icyphy/ptII/ptolemy/actor/lib/test/auto/cast.xml
----------------- Instantiating /home/travis/build/icyphy/ptII/ptolemy/actor/lib/test/auto/cast.xml
1 ms. Memory: 1678336K Free: 1445055K (86%)
----------------- Invoking toplevel() on ptolemy.moml.MoMLSimpleApplication@57cc52cc
----------------- Done invoking toplevel() on ptolemy.moml.MoMLSimpleApplication@57cc52cc
reloadAllAccessors: .cast

===========================================================================================
----------------- testing Sun Jun 03 20:24:54 UTC 2018 /home/travis/build/icyphy/ptII/ptolemy/actor/lib/test/auto/compositeMultiPort.xml
----------------- Instantiating /home/travis/build/icyphy/ptII/ptolemy/actor/lib/test/auto/compositeMultiPort.xml
3 ms. Memory: 1678336K Free: 1429475K (85%)
----------------- Invoking toplevel() on ptolemy.moml.MoMLSimpleApplication@2da32855
----------------- Done invoking toplevel() on ptolemy.moml.MoMLSimpleApplication@2da32855
reloadAllAccessors: .compositeMultiPort

===========================================================================================
----------------- testing Sun Jun 03 20:24:54 UTC 2018 /home/travis/build/icyphy/ptII/ptolemy/actor/lib/test/auto/expressionCastInference.xml
----------------- Instantiating /home/travis/build/icyphy/ptII/ptolemy/actor/lib/test/auto/expressionCastInference.xml
2 ms. Memory: 1678336K Free: 1409382K (84%)
----------------- Invoking toplevel() on ptolemy.moml.MoMLSimpleApplication@1ebc2bbe
----------------- Done invoking toplevel() on ptolemy.moml.MoMLSimpleApplication@1ebc2bbe
reloadAllAccessors: .expressionCastInference

===========================================================================================
----------------- testing Sun Jun 03 20:24:54 UTC 2018 /home/travis/build/icyphy/ptII/ptolemy/actor/lib/test/auto/expressionCastInference2.xml
----------------- Instantiating /home/travis/build/icyphy/ptII/ptolemy/actor/lib/test/auto/expressionCastInference2.xml
2 ms. Memory: 1678336K Free: 1393802K (83%)
----------------- Invoking toplevel() on ptolemy.moml.MoMLSimpleApplication@36856a3
----------------- Done invoking toplevel() on ptolemy.moml.MoMLSimpleApplication@36856a3
reloadAllAccessors: .expressionCastInference2

===========================================================================================
----------------- testing Sun Jun 03 20:24:54 UTC 2018 /home/travis/build/icyphy/ptII/ptolemy/actor/lib/test/auto/expressionInference.xml
----------------- Instantiating /home/travis/build/icyphy/ptII/ptolemy/actor/lib/test/auto/expressionInference.xml
1 ms. Memory: 1678336K Free: 1373709K (82%)
----------------- Invoking toplevel() on ptolemy.moml.MoMLSimpleApplication@525a821b
----------------- Done invoking toplevel() on ptolemy.moml.MoMLSimpleApplication@525a821b
reloadAllAccessors: .expressionInference

===========================================================================================
----------------- testing Sun Jun 03 20:24:54 UTC 2018 /home/travis/build/icyphy/ptII/ptolemy/actor/lib/test/auto/expression_bug.xml
----------------- Instantiating /home/travis/build/icyphy/ptII/ptolemy/actor/lib/test/auto/expression_bug.xml
2 ms. Memory: 1678336K Free: 1353617K (81%)
----------------- Invoking toplevel() on ptolemy.moml.MoMLSimpleApplication@7860db65
----------------- Done invoking toplevel() on ptolemy.moml.MoMLSimpleApplication@7860db65
reloadAllAccessors: .expression_bug

===========================================================================================
----------------- testing Sun Jun 03 20:24:54 UTC 2018 /home/travis/build/icyphy/ptII/ptolemy/actor/lib/test/auto/factorial.xml
----------------- Instantiating /home/travis/build/icyphy/ptII/ptolemy/actor/lib/test/auto/factorial.xml
32 ms. Memory: 1678336K Free: 1338036K (80%)
----------------- Invoking toplevel() on ptolemy.moml.MoMLSimpleApplication@a882f85
----------------- Done invoking toplevel() on ptolemy.moml.MoMLSimpleApplication@a882f85
reloadAllAccessors: .factorial

===========================================================================================
----------------- testing Sun Jun 03 20:24:55 UTC 2018 /home/travis/build/icyphy/ptII/ptolemy/actor/lib/test/auto/filterTest1.xml
----------------- Instantiating /home/travis/build/icyphy/ptII/ptolemy/actor/lib/test/auto/filterTest1.xml
3 ms. Memory: 1678336K Free: 1317943K (79%)
----------------- Invoking toplevel() on ptolemy.moml.MoMLSimpleApplication@7847a1c4
----------------- Done invoking toplevel() on ptolemy.moml.MoMLSimpleApplication@7847a1c4
reloadAllAccessors: .filterTest1

===========================================================================================
----------------- testing Sun Jun 03 20:24:55 UTC 2018 /home/travis/build/icyphy/ptII/ptolemy/actor/lib/test/auto/funcApplyInConst.xml
----------------- Instantiating /home/travis/build/icyphy/ptII/ptolemy/actor/lib/test/auto/funcApplyInConst.xml
1 ms. Memory: 1678336K Free: 1302363K (78%)
----------------- Invoking toplevel() on ptolemy.moml.MoMLSimpleApplication@769f7165
----------------- Done invoking toplevel() on ptolemy.moml.MoMLSimpleApplication@769f7165
reloadAllAccessors: .funcApplyInConst

===========================================================================================
----------------- testing Sun Jun 03 20:24:55 UTC 2018 /home/travis/build/icyphy/ptII/ptolemy/actor/lib/test/auto/funcApplyInExpr.xml
----------------- Instantiating /home/travis/build/icyphy/ptII/ptolemy/actor/lib/test/auto/funcApplyInExpr.xml
1 ms. Memory: 1678336K Free: 1282270K (76%)
----------------- Invoking toplevel() on ptolemy.moml.MoMLSimpleApplication@bbd695d
----------------- Done invoking toplevel() on ptolemy.moml.MoMLSimpleApplication@bbd695d
reloadAllAccessors: .funcApplyInExpr

===========================================================================================
----------------- testing Sun Jun 03 20:24:55 UTC 2018 /home/travis/build/icyphy/ptII/ptolemy/actor/lib/test/auto/function.xml
----------------- Instantiating /home/travis/build/icyphy/ptII/ptolemy/actor/lib/test/auto/function.xml
1 ms. Memory: 1678336K Free: 1266690K (75%)
----------------- Invoking toplevel() on ptolemy.moml.MoMLSimpleApplication@261b665d
----------------- Done invoking toplevel() on ptolemy.moml.MoMLSimpleApplication@261b665d
reloadAllAccessors: .function

===========================================================================================
----------------- testing Sun Jun 03 20:24:55 UTC 2018 /home/travis/build/icyphy/ptII/ptolemy/actor/lib/test/auto/function2.xml
----------------- Instantiating /home/travis/build/icyphy/ptII/ptolemy/actor/lib/test/auto/function2.xml
1 ms. Memory: 1678336K Free: 1246597K (74%)
----------------- Invoking toplevel() on ptolemy.moml.MoMLSimpleApplication@5b0feda6
----------------- Done invoking toplevel() on ptolemy.moml.MoMLSimpleApplication@5b0feda6
reloadAllAccessors: .function2

===========================================================================================
----------------- testing Sun Jun 03 20:24:55 UTC 2018 /home/travis/build/icyphy/ptII/ptolemy/actor/lib/test/auto/function3.xml
----------------- Instantiating /home/travis/build/icyphy/ptII/ptolemy/actor/lib/test/auto/function3.xml
1 ms. Memory: 1678336K Free: 1226504K (73%)
----------------- Invoking toplevel() on ptolemy.moml.MoMLSimpleApplication@56e54532
----------------- Done invoking toplevel() on ptolemy.moml.MoMLSimpleApplication@56e54532
reloadAllAccessors: .function3

===========================================================================================
----------------- testing Sun Jun 03 20:24:55 UTC 2018 /home/travis/build/icyphy/ptII/ptolemy/actor/lib/test/auto/functionClosureTest1.xml
----------------- Instantiating /home/travis/build/icyphy/ptII/ptolemy/actor/lib/test/auto/functionClosureTest1.xml
2 ms. Memory: 1678336K Free: 1210924K (72%)
----------------- Invoking toplevel() on ptolemy.moml.MoMLSimpleApplication@4c43c463
----------------- Done invoking toplevel() on ptolemy.moml.MoMLSimpleApplication@4c43c463
reloadAllAccessors: .functionClosureTest1

===========================================================================================
----------------- testing Sun Jun 03 20:24:55 UTC 2018 /home/travis/build/icyphy/ptII/ptolemy/actor/lib/test/auto/functionClosureTest2.xml
----------------- Instantiating /home/travis/build/icyphy/ptII/ptolemy/actor/lib/test/auto/functionClosureTest2.xml
1 ms. Memory: 1678336K Free: 1190831K (71%)
----------------- Invoking toplevel() on ptolemy.moml.MoMLSimpleApplication@4ad9e279
----------------- Done invoking toplevel() on ptolemy.moml.MoMLSimpleApplication@4ad9e279
reloadAllAccessors: .functionClosureTest2

===========================================================================================
----------------- testing Sun Jun 03 20:24:55 UTC 2018 /home/travis/build/icyphy/ptII/ptolemy/actor/lib/test/auto/functionClosureTest3.xml
----------------- Instantiating /home/travis/build/icyphy/ptII/ptolemy/actor/lib/test/auto/functionClosureTest3.xml
2 ms. Memory: 1678336K Free: 1175251K (70%)
----------------- Invoking toplevel() on ptolemy.moml.MoMLSimpleApplication@306cf77d
----------------- Done invoking toplevel() on ptolemy.moml.MoMLSimpleApplication@306cf77d
reloadAllAccessors: .functionClosureTest3

===========================================================================================
----------------- testing Sun Jun 03 20:24:55 UTC 2018 /home/travis/build/icyphy/ptII/ptolemy/actor/lib/test/auto/functionClosureTest4.xml
----------------- Instantiating /home/travis/build/icyphy/ptII/ptolemy/actor/lib/test/auto/functionClosureTest4.xml
3 ms. Memory: 1678336K Free: 1155158K (69%)
----------------- Invoking toplevel() on ptolemy.moml.MoMLSimpleApplication@11b40e75
----------------- Done invoking toplevel() on ptolemy.moml.MoMLSimpleApplication@11b40e75
reloadAllAccessors: .functionClosureTest4

===========================================================================================
----------------- testing Sun Jun 03 20:24:55 UTC 2018 /home/travis/build/icyphy/ptII/ptolemy/actor/lib/test/auto/functionClosureTest5.xml
----------------- Instantiating /home/travis/build/icyphy/ptII/ptolemy/actor/lib/test/auto/functionClosureTest5.xml
3 ms. Memory: 1678336K Free: 1139578K (68%)
----------------- Invoking toplevel() on ptolemy.moml.MoMLSimpleApplication@169ac507
----------------- Done invoking toplevel() on ptolemy.moml.MoMLSimpleApplication@169ac507
reloadAllAccessors: .functionClosureTest5

===========================================================================================
----------------- testing Sun Jun 03 20:24:55 UTC 2018 /home/travis/build/icyphy/ptII/ptolemy/actor/lib/test/auto/functionClosureTest6.xml
----------------- Instantiating /home/travis/build/icyphy/ptII/ptolemy/actor/lib/test/auto/functionClosureTest6.xml
2 ms. Memory: 1678336K Free: 1119485K (67%)
----------------- Invoking toplevel() on ptolemy.moml.MoMLSimpleApplication@6171fe81
----------------- Done invoking toplevel() on ptolemy.moml.MoMLSimpleApplication@6171fe81
reloadAllAccessors: .functionClosureTest6

===========================================================================================
----------------- testing Sun Jun 03 20:24:55 UTC 2018 /home/travis/build/icyphy/ptII/ptolemy/actor/lib/test/auto/functionsOnArcs.xml
----------------- Instantiating /home/travis/build/icyphy/ptII/ptolemy/actor/lib/test/auto/functionsOnArcs.xml
1 ms. Memory: 1678336K Free: 1099392K (66%)
----------------- Invoking toplevel() on ptolemy.moml.MoMLSimpleApplication@6c2cb43e
----------------- Done invoking toplevel() on ptolemy.moml.MoMLSimpleApplication@6c2cb43e
reloadAllAccessors: .functionsOnArcs

===========================================================================================
----------------- testing Sun Jun 03 20:24:55 UTC 2018 /home/travis/build/icyphy/ptII/ptolemy/actor/lib/test/auto/functionsOnArcsHOF.xml
----------------- Instantiating /home/travis/build/icyphy/ptII/ptolemy/actor/lib/test/auto/functionsOnArcsHOF.xml
2 ms. Memory: 1678336K Free: 1083811K (65%)
----------------- Invoking toplevel() on ptolemy.moml.MoMLSimpleApplication@527c5c1c
----------------- Done invoking toplevel() on ptolemy.moml.MoMLSimpleApplication@527c5c1c
reloadAllAccessors: .functionsOnArcsHOF

===========================================================================================
----------------- testing Sun Jun 03 20:24:55 UTC 2018 /home/travis/build/icyphy/ptII/ptolemy/actor/lib/test/auto/logic.xml
----------------- Instantiating /home/travis/build/icyphy/ptII/ptolemy/actor/lib/test/auto/logic.xml
2 ms. Memory: 1678336K Free: 1063718K (63%)
----------------- Invoking toplevel() on ptolemy.moml.MoMLSimpleApplication@4742be7d
----------------- Done invoking toplevel() on ptolemy.moml.MoMLSimpleApplication@4742be7d
reloadAllAccessors: .logic

===========================================================================================
----------------- testing Sun Jun 03 20:24:55 UTC 2018 /home/travis/build/icyphy/ptII/ptolemy/actor/lib/test/auto/matrixType.xml
----------------- Instantiating /home/travis/build/icyphy/ptII/ptolemy/actor/lib/test/auto/matrixType.xml
1 ms. Memory: 1678336K Free: 1048138K (62%)
----------------- Invoking toplevel() on ptolemy.moml.MoMLSimpleApplication@5cfad715
----------------- Done invoking toplevel() on ptolemy.moml.MoMLSimpleApplication@5cfad715
reloadAllAccessors: .matrixType

===========================================================================================
----------------- testing Sun Jun 03 20:24:55 UTC 2018 /home/travis/build/icyphy/ptII/ptolemy/actor/lib/test/auto/matrixType10.xml
----------------- Instantiating /home/travis/build/icyphy/ptII/ptolemy/actor/lib/test/auto/matrixType10.xml
1 ms. Memory: 1678336K Free: 1028045K (61%)
----------------- Invoking toplevel() on ptolemy.moml.MoMLSimpleApplication@6d169555
----------------- Done invoking toplevel() on ptolemy.moml.MoMLSimpleApplication@6d169555
reloadAllAccessors: .matrixType10

===========================================================================================
----------------- testing Sun Jun 03 20:24:55 UTC 2018 /home/travis/build/icyphy/ptII/ptolemy/actor/lib/test/auto/matrixType11.xml
----------------- Instantiating /home/travis/build/icyphy/ptII/ptolemy/actor/lib/test/auto/matrixType11.xml
1 ms. Memory: 1678336K Free: 1012465K (60%)
----------------- Invoking toplevel() on ptolemy.moml.MoMLSimpleApplication@3b14cbf8
----------------- Done invoking toplevel() on ptolemy.moml.MoMLSimpleApplication@3b14cbf8
reloadAllAccessors: .matrixType11

===========================================================================================
----------------- testing Sun Jun 03 20:24:55 UTC 2018 /home/travis/build/icyphy/ptII/ptolemy/actor/lib/test/auto/matrixType12.xml
----------------- Instantiating /home/travis/build/icyphy/ptII/ptolemy/actor/lib/test/auto/matrixType12.xml
1 ms. Memory: 1678336K Free: 992372K (59%)
----------------- Invoking toplevel() on ptolemy.moml.MoMLSimpleApplication@7e5590cd
----------------- Done invoking toplevel() on ptolemy.moml.MoMLSimpleApplication@7e5590cd
reloadAllAccessors: .matrixType12

===========================================================================================
----------------- testing Sun Jun 03 20:24:55 UTC 2018 /home/travis/build/icyphy/ptII/ptolemy/actor/lib/test/auto/matrixType13.xml
----------------- Instantiating /home/travis/build/icyphy/ptII/ptolemy/actor/lib/test/auto/matrixType13.xml
1 ms. Memory: 1678336K Free: 972279K (58%)
----------------- Invoking toplevel() on ptolemy.moml.MoMLSimpleApplication@51aca1a4
----------------- Done invoking toplevel() on ptolemy.moml.MoMLSimpleApplication@51aca1a4
reloadAllAccessors: .matrixType13

===========================================================================================
----------------- testing Sun Jun 03 20:24:55 UTC 2018 /home/travis/build/icyphy/ptII/ptolemy/actor/lib/test/auto/matrixType14.xml
----------------- Instantiating /home/travis/build/icyphy/ptII/ptolemy/actor/lib/test/auto/matrixType14.xml
1 ms. Memory: 1678336K Free: 956699K (57%)
----------------- Invoking toplevel() on ptolemy.moml.MoMLSimpleApplication@386b395c
----------------- Done invoking toplevel() on ptolemy.moml.MoMLSimpleApplication@386b395c
reloadAllAccessors: .matrixType14

===========================================================================================
----------------- testing Sun Jun 03 20:24:55 UTC 2018 /home/travis/build/icyphy/ptII/ptolemy/actor/lib/test/auto/matrixType2.xml
----------------- Instantiating /home/travis/build/icyphy/ptII/ptolemy/actor/lib/test/auto/matrixType2.xml
1 ms. Memory: 1678336K Free: 936606K (56%)
----------------- Invoking toplevel() on ptolemy.moml.MoMLSimpleApplication@5037c9c8
----------------- Done invoking toplevel() on ptolemy.moml.MoMLSimpleApplication@5037c9c8
reloadAllAccessors: .matrixType2

===========================================================================================
----------------- testing Sun Jun 03 20:24:55 UTC 2018 /home/travis/build/icyphy/ptII/ptolemy/actor/lib/test/auto/matrixType3.xml
----------------- Instantiating /home/travis/build/icyphy/ptII/ptolemy/actor/lib/test/auto/matrixType3.xml
2 ms. Memory: 1678336K Free: 921025K (55%)
----------------- Invoking toplevel() on ptolemy.moml.MoMLSimpleApplication@49653c3d
----------------- Done invoking toplevel() on ptolemy.moml.MoMLSimpleApplication@49653c3d
reloadAllAccessors: .matrixType3

===========================================================================================
----------------- testing Sun Jun 03 20:24:55 UTC 2018 /home/travis/build/icyphy/ptII/ptolemy/actor/lib/test/auto/matrixType4.xml
----------------- Instantiating /home/travis/build/icyphy/ptII/ptolemy/actor/lib/test/auto/matrixType4.xml
1 ms. Memory: 1678336K Free: 900933K (54%)
----------------- Invoking toplevel() on ptolemy.moml.MoMLSimpleApplication@6a955500
----------------- Done invoking toplevel() on ptolemy.moml.MoMLSimpleApplication@6a955500
reloadAllAccessors: .matrixType4

===========================================================================================
----------------- testing Sun Jun 03 20:24:55 UTC 2018 /home/travis/build/icyphy/ptII/ptolemy/actor/lib/test/auto/matrixType5.xml
----------------- Instantiating /home/travis/build/icyphy/ptII/ptolemy/actor/lib/test/auto/matrixType5.xml
1 ms. Memory: 1678336K Free: 880840K (52%)
----------------- Invoking toplevel() on ptolemy.moml.MoMLSimpleApplication@7ae0780d
----------------- Done invoking toplevel() on ptolemy.moml.MoMLSimpleApplication@7ae0780d
reloadAllAccessors: .matrixType5

===========================================================================================
----------------- testing Sun Jun 03 20:24:55 UTC 2018 /home/travis/build/icyphy/ptII/ptolemy/actor/lib/test/auto/matrixType6.xml
----------------- Instantiating /home/travis/build/icyphy/ptII/ptolemy/actor/lib/test/auto/matrixType6.xml
1 ms. Memory: 1678336K Free: 865260K (52%)
----------------- Invoking toplevel() on ptolemy.moml.MoMLSimpleApplication@6ed1fc30
----------------- Done invoking toplevel() on ptolemy.moml.MoMLSimpleApplication@6ed1fc30
reloadAllAccessors: .matrixType6

===========================================================================================
----------------- testing Sun Jun 03 20:24:55 UTC 2018 /home/travis/build/icyphy/ptII/ptolemy/actor/lib/test/auto/matrixType7.xml
----------------- Instantiating /home/travis/build/icyphy/ptII/ptolemy/actor/lib/test/auto/matrixType7.xml
1 ms. Memory: 1678336K Free: 845167K (50%)
----------------- Invoking toplevel() on ptolemy.moml.MoMLSimpleApplication@658f2507
----------------- Done invoking toplevel() on ptolemy.moml.MoMLSimpleApplication@658f2507
reloadAllAccessors: .matrixType7

===========================================================================================
----------------- testing Sun Jun 03 20:24:55 UTC 2018 /home/travis/build/icyphy/ptII/ptolemy/actor/lib/test/auto/matrixType8.xml
----------------- Instantiating /home/travis/build/icyphy/ptII/ptolemy/actor/lib/test/auto/matrixType8.xml
1 ms. Memory: 1678336K Free: 829586K (49%)
----------------- Invoking toplevel() on ptolemy.moml.MoMLSimpleApplication@1e3e2abf
----------------- Done invoking toplevel() on ptolemy.moml.MoMLSimpleApplication@1e3e2abf
reloadAllAccessors: .matrixType8

===========================================================================================
----------------- testing Sun Jun 03 20:24:55 UTC 2018 /home/travis/build/icyphy/ptII/ptolemy/actor/lib/test/auto/matrixType9.xml
----------------- Instantiating /home/travis/build/icyphy/ptII/ptolemy/actor/lib/test/auto/matrixType9.xml
1 ms. Memory: 1678336K Free: 809493K (48%)
----------------- Invoking toplevel() on ptolemy.moml.MoMLSimpleApplication@12be3ebf
----------------- Done invoking toplevel() on ptolemy.moml.MoMLSimpleApplication@12be3ebf
reloadAllAccessors: .matrixType9

===========================================================================================
----------------- testing Sun Jun 03 20:24:55 UTC 2018 /home/travis/build/icyphy/ptII/ptolemy/actor/lib/test/auto/paraFunctest.xml
----------------- Instantiating /home/travis/build/icyphy/ptII/ptolemy/actor/lib/test/auto/paraFunctest.xml
1 ms. Memory: 1678336K Free: 793913K (47%)
----------------- Invoking toplevel() on ptolemy.moml.MoMLSimpleApplication@6036f05b
----------------- Done invoking toplevel() on ptolemy.moml.MoMLSimpleApplication@6036f05b
reloadAllAccessors: .paraFunctest

===========================================================================================
----------------- testing Sun Jun 03 20:24:55 UTC 2018 /home/travis/build/icyphy/ptII/ptolemy/actor/lib/test/auto/paraFunctest2.xml
----------------- Instantiating /home/travis/build/icyphy/ptII/ptolemy/actor/lib/test/auto/paraFunctest2.xml
1 ms. Memory: 1678336K Free: 773820K (46%)
----------------- Invoking toplevel() on ptolemy.moml.MoMLSimpleApplication@615a6bb6
----------------- Done invoking toplevel() on ptolemy.moml.MoMLSimpleApplication@615a6bb6
reloadAllAccessors: .paraFunctest2

===========================================================================================
----------------- testing Sun Jun 03 20:24:55 UTC 2018 /home/travis/build/icyphy/ptII/ptolemy/actor/lib/test/auto/parameterPassing.xml
----------------- Instantiating /home/travis/build/icyphy/ptII/ptolemy/actor/lib/test/auto/parameterPassing.xml
1 ms. Memory: 1678336K Free: 753727K (45%)
----------------- Invoking toplevel() on ptolemy.moml.MoMLSimpleApplication@63c9ee96
----------------- Done invoking toplevel() on ptolemy.moml.MoMLSimpleApplication@63c9ee96
reloadAllAccessors: .parameterPassing

===========================================================================================
----------------- testing Sun Jun 03 20:24:55 UTC 2018 /home/travis/build/icyphy/ptII/ptolemy/actor/lib/test/auto/record.xml
----------------- Instantiating /home/travis/build/icyphy/ptII/ptolemy/actor/lib/test/auto/record.xml
2 ms. Memory: 1678336K Free: 738147K (44%)
----------------- Invoking toplevel() on ptolemy.moml.MoMLSimpleApplication@61702cfc
----------------- Done invoking toplevel() on ptolemy.moml.MoMLSimpleApplication@61702cfc
reloadAllAccessors: .record

===========================================================================================
----------------- testing Sun Jun 03 20:24:55 UTC 2018 /home/travis/build/icyphy/ptII/ptolemy/actor/lib/test/auto/sizedarray1.xml
----------------- Instantiating /home/travis/build/icyphy/ptII/ptolemy/actor/lib/test/auto/sizedarray1.xml
2 ms. Memory: 1678336K Free: 718054K (43%)
----------------- Invoking toplevel() on ptolemy.moml.MoMLSimpleApplication@4c908d56
----------------- Done invoking toplevel() on ptolemy.moml.MoMLSimpleApplication@4c908d56
reloadAllAccessors: .sizedarray1

===========================================================================================
----------------- testing Sun Jun 03 20:24:55 UTC 2018 /home/travis/build/icyphy/ptII/ptolemy/actor/lib/test/auto/sizedarray2.xml
----------------- Instantiating /home/travis/build/icyphy/ptII/ptolemy/actor/lib/test/auto/sizedarray2.xml
1 ms. Memory: 1678336K Free: 702474K (42%)
----------------- Invoking toplevel() on ptolemy.moml.MoMLSimpleApplication@418e304e
----------------- Done invoking toplevel() on ptolemy.moml.MoMLSimpleApplication@418e304e
reloadAllAccessors: .sizedarray2

===========================================================================================
----------------- testing Sun Jun 03 20:24:55 UTC 2018 /home/travis/build/icyphy/ptII/ptolemy/actor/lib/test/auto/twoPublishers.xml
----------------- Instantiating /home/travis/build/icyphy/ptII/ptolemy/actor/lib/test/auto/twoPublishers.xml
2 ms. Memory: 1678336K Free: 674575K (40%)
----------------- Invoking toplevel() on ptolemy.moml.MoMLSimpleApplication@3cb6e0e5
----------------- Done invoking toplevel() on ptolemy.moml.MoMLSimpleApplication@3cb6e0e5
reloadAllAccessors: .twoPublishers
AutoTests.java: About to close Vertx.
AutoTests.java: Vertx closed.
]]></system-out>
  <system-err><![CDATA[java.lang.RuntimeException: Execution failed
	at ptolemy.moml.MoMLSimpleApplication$UnloadThread.run(MoMLSimpleApplication.java:402)
Caused by: java.lang.RuntimeException: Normally, we would exit here because Manager.exitAfterWrapup() was called.  However, because the ptolemy.ptII.exitAfterWrapup property is set, we throw this exception instead.
	at ptolemy.util.StringUtilities.exit(StringUtilities.java:365)
	at ptolemy.actor.Manager.wrapup(Manager.java:1531)
	at ptolemy.actor.Manager.execute(Manager.java:407)
	at ptolemy.actor.Manager.run(Manager.java:1263)
	at ptolemy.actor.Manager$PtolemyRunThread.run(Manager.java:1915)
Warning: '.top.test' is in training mode, set the trainingMode parameter to false before checking in
Warning: '.top.test' is in training mode, set the trainingMode parameter to false before checking in
Warning: '.top.test' is in training mode, set the trainingMode parameter to false before checking in
Warning: '.BooleanSwitch_RegressionTest_WrongTrainingValues.Test' is in training mode, set the trainingMode parameter to false before checking in
Warning: '.BooleanSwitch_RegressionTest_WrongTrainingValues.Test2' is in training mode, set the trainingMode parameter to false before checking in
Warning: '.BooleanSwitch_RegressionTest_WrongTrainingValues.Test2' The test produced 0 tokens.
Warning: '.top.testExceptionHandler' is in training mode, set the trainingMode parameter to false before checking in
java.lang.RuntimeException: Execution failed
	at ptolemy.moml.MoMLSimpleApplication$UnloadThread.run(MoMLSimpleApplication.java:402)
Caused by: ptolemy.kernel.util.IllegalActionException: PublisherPorts cannot be used at the top level, use a Publisher actor instead.
  in .PublisherPortToplevelSubscriber.PublisherPort
	at ptolemy.actor.PublisherPort.preinitialize(PublisherPort.java:403)
	at ptolemy.actor.CompositeActor.preinitialize(CompositeActor.java:1769)
	at ptolemy.actor.Manager.preinitializeAndResolveTypes(Manager.java:1040)
	at ptolemy.actor.Manager.initialize(Manager.java:710)
	at ptolemy.actor.Manager.execute(Manager.java:356)
	at ptolemy.actor.Manager.run(Manager.java:1263)
	at ptolemy.actor.Manager$PtolemyRunThread.run(Manager.java:1915)
java.lang.reflect.InvocationTargetException
	at sun.reflect.NativeConstructorAccessorImpl.newInstance0(Native Method)
	at sun.reflect.NativeConstructorAccessorImpl.newInstance(NativeConstructorAccessorImpl.java:62)
	at sun.reflect.DelegatingConstructorAccessorImpl.newInstance(DelegatingConstructorAccessorImpl.java:45)
	at java.lang.reflect.Constructor.newInstance(Constructor.java:423)
	at ptolemy.util.test.junit.AutoKnownFailedTests.RunModel(AutoKnownFailedTests.java:107)
	at sun.reflect.NativeMethodAccessorImpl.invoke0(Native Method)
	at sun.reflect.NativeMethodAccessorImpl.invoke(NativeMethodAccessorImpl.java:62)
	at sun.reflect.DelegatingMethodAccessorImpl.invoke(DelegatingMethodAccessorImpl.java:43)
	at java.lang.reflect.Method.invoke(Method.java:498)
	at org.junit.runners.model.FrameworkMethod$1.runReflectiveCall(FrameworkMethod.java:44)
	at org.junit.internal.runners.model.ReflectiveCallable.run(ReflectiveCallable.java:15)
	at org.junit.runners.model.FrameworkMethod.invokeExplosively(FrameworkMethod.java:41)
	at junitparams.internal.InvokeParameterisedMethod.evaluate(InvokeParameterisedMethod.java:102)
	at org.junit.internal.runners.statements.FailOnTimeout$1.run(FailOnTimeout.java:28)
Caused by: ptolemy.kernel.util.IllegalActionException: PublisherPorts cannot be used at the top level, use a Publisher actor instead.
  in .PublisherPortToplevelSubscriber.PublisherPort
	at ptolemy.actor.PublisherPort.preinitialize(PublisherPort.java:403)
	at ptolemy.actor.CompositeActor.preinitialize(CompositeActor.java:1769)
	at ptolemy.actor.Manager.preinitializeAndResolveTypes(Manager.java:1040)
	at ptolemy.actor.Manager.initialize(Manager.java:710)
	at ptolemy.actor.Manager.execute(Manager.java:356)
	at ptolemy.actor.Manager.run(Manager.java:1263)
	at ptolemy.actor.Manager$PtolemyRunThread.run(Manager.java:1915)
java.lang.RuntimeException: Execution failed
	at ptolemy.moml.MoMLSimpleApplication$UnloadThread.run(MoMLSimpleApplication.java:402)
Caused by: ptolemy.kernel.util.IllegalActionException: SubscriberPorts cannot be used at the top level, use a Subscriber actor instead.
  in .PublisherSubscriberPortToplevel.SubscriberPort
	at ptolemy.actor.SubscriberPort.preinitialize(SubscriberPort.java:328)
	at ptolemy.actor.CompositeActor.preinitialize(CompositeActor.java:1769)
	at ptolemy.actor.Manager.preinitializeAndResolveTypes(Manager.java:1040)
	at ptolemy.actor.Manager.initialize(Manager.java:710)
	at ptolemy.actor.Manager.execute(Manager.java:356)
	at ptolemy.actor.Manager.run(Manager.java:1263)
	at ptolemy.actor.Manager$PtolemyRunThread.run(Manager.java:1915)
java.lang.reflect.InvocationTargetException
	at sun.reflect.NativeConstructorAccessorImpl.newInstance0(Native Method)
	at sun.reflect.NativeConstructorAccessorImpl.newInstance(NativeConstructorAccessorImpl.java:62)
	at sun.reflect.DelegatingConstructorAccessorImpl.newInstance(DelegatingConstructorAccessorImpl.java:45)
	at java.lang.reflect.Constructor.newInstance(Constructor.java:423)
	at ptolemy.util.test.junit.AutoKnownFailedTests.RunModel(AutoKnownFailedTests.java:107)
	at sun.reflect.NativeMethodAccessorImpl.invoke0(Native Method)
	at sun.reflect.NativeMethodAccessorImpl.invoke(NativeMethodAccessorImpl.java:62)
	at sun.reflect.DelegatingMethodAccessorImpl.invoke(DelegatingMethodAccessorImpl.java:43)
	at java.lang.reflect.Method.invoke(Method.java:498)
	at org.junit.runners.model.FrameworkMethod$1.runReflectiveCall(FrameworkMethod.java:44)
	at org.junit.internal.runners.model.ReflectiveCallable.run(ReflectiveCallable.java:15)
	at org.junit.runners.model.FrameworkMethod.invokeExplosively(FrameworkMethod.java:41)
	at junitparams.internal.InvokeParameterisedMethod.evaluate(InvokeParameterisedMethod.java:102)
	at org.junit.internal.runners.statements.FailOnTimeout$1.run(FailOnTimeout.java:28)
Caused by: ptolemy.kernel.util.IllegalActionException: SubscriberPorts cannot be used at the top level, use a Subscriber actor instead.
  in .PublisherSubscriberPortToplevel.SubscriberPort
	at ptolemy.actor.SubscriberPort.preinitialize(SubscriberPort.java:328)
	at ptolemy.actor.CompositeActor.preinitialize(CompositeActor.java:1769)
	at ptolemy.actor.Manager.preinitializeAndResolveTypes(Manager.java:1040)
	at ptolemy.actor.Manager.initialize(Manager.java:710)
	at ptolemy.actor.Manager.execute(Manager.java:356)
	at ptolemy.actor.Manager.run(Manager.java:1263)
	at ptolemy.actor.Manager$PtolemyRunThread.run(Manager.java:1915)
java.lang.RuntimeException: Execution failed
	at ptolemy.moml.MoMLSimpleApplication$UnloadThread.run(MoMLSimpleApplication.java:402)
Caused by: ptolemy.kernel.util.IllegalActionException: SubscriptionAggregatorPorts cannot be used at the top level, use a SubscriptionAggregator actor instead.
  in .PublisherSubscriptionAggregatorPort.SubscriptionAggregatorPort
	at ptolemy.actor.SubscriptionAggregatorPort.preinitialize(SubscriptionAggregatorPort.java:353)
	at ptolemy.actor.CompositeActor.preinitialize(CompositeActor.java:1769)
	at ptolemy.actor.Manager.preinitializeAndResolveTypes(Manager.java:1040)
	at ptolemy.actor.Manager.initialize(Manager.java:710)
	at ptolemy.actor.Manager.execute(Manager.java:356)
	at ptolemy.actor.Manager.run(Manager.java:1263)
	at ptolemy.actor.Manager$PtolemyRunThread.run(Manager.java:1915)
java.lang.reflect.InvocationTargetException
	at sun.reflect.NativeConstructorAccessorImpl.newInstance0(Native Method)
	at sun.reflect.NativeConstructorAccessorImpl.newInstance(NativeConstructorAccessorImpl.java:62)
	at sun.reflect.DelegatingConstructorAccessorImpl.newInstance(DelegatingConstructorAccessorImpl.java:45)
	at java.lang.reflect.Constructor.newInstance(Constructor.java:423)
	at ptolemy.util.test.junit.AutoKnownFailedTests.RunModel(AutoKnownFailedTests.java:107)
	at sun.reflect.NativeMethodAccessorImpl.invoke0(Native Method)
	at sun.reflect.NativeMethodAccessorImpl.invoke(NativeMethodAccessorImpl.java:62)
	at sun.reflect.DelegatingMethodAccessorImpl.invoke(DelegatingMethodAccessorImpl.java:43)
	at java.lang.reflect.Method.invoke(Method.java:498)
	at org.junit.runners.model.FrameworkMethod$1.runReflectiveCall(FrameworkMethod.java:44)
	at org.junit.internal.runners.model.ReflectiveCallable.run(ReflectiveCallable.java:15)
	at org.junit.runners.model.FrameworkMethod.invokeExplosively(FrameworkMethod.java:41)
	at junitparams.internal.InvokeParameterisedMethod.evaluate(InvokeParameterisedMethod.java:102)
	at org.junit.internal.runners.statements.FailOnTimeout$1.run(FailOnTimeout.java:28)
Caused by: ptolemy.kernel.util.IllegalActionException: SubscriptionAggregatorPorts cannot be used at the top level, use a SubscriptionAggregator actor instead.
  in .PublisherSubscriptionAggregatorPort.SubscriptionAggregatorPort
	at ptolemy.actor.SubscriptionAggregatorPort.preinitialize(SubscriptionAggregatorPort.java:353)
	at ptolemy.actor.CompositeActor.preinitialize(CompositeActor.java:1769)
	at ptolemy.actor.Manager.preinitializeAndResolveTypes(Manager.java:1040)
	at ptolemy.actor.Manager.initialize(Manager.java:710)
	at ptolemy.actor.Manager.execute(Manager.java:356)
	at ptolemy.actor.Manager.run(Manager.java:1263)
	at ptolemy.actor.Manager$PtolemyRunThread.run(Manager.java:1915)
java.lang.RuntimeException: Execution failed
	at ptolemy.moml.MoMLSimpleApplication$UnloadThread.run(MoMLSimpleApplication.java:402)
Caused by: ptolemy.kernel.util.IllegalActionException: TypeTest actor has no training data.
  in .sizedarray3.TypeTest
	at ptolemy.actor.lib.TypeTest.initialize(TypeTest.java:250)
	at ptolemy.actor.Director.initialize(Director.java:938)
	at ptolemy.actor.Director.initialize(Director.java:907)
	at ptolemy.actor.sched.StaticSchedulingDirector.initialize(StaticSchedulingDirector.java:159)
	at ptolemy.domains.sdf.kernel.SDFDirector.initialize(SDFDirector.java:544)
	at ptolemy.actor.CompositeActor.initialize(CompositeActor.java:935)
	at ptolemy.actor.Manager.initialize(Manager.java:724)
	at ptolemy.actor.Manager.execute(Manager.java:356)
	at ptolemy.actor.Manager.run(Manager.java:1263)
	at ptolemy.actor.Manager$PtolemyRunThread.run(Manager.java:1915)
java.lang.reflect.InvocationTargetException
	at sun.reflect.NativeConstructorAccessorImpl.newInstance0(Native Method)
	at sun.reflect.NativeConstructorAccessorImpl.newInstance(NativeConstructorAccessorImpl.java:62)
	at sun.reflect.DelegatingConstructorAccessorImpl.newInstance(DelegatingConstructorAccessorImpl.java:45)
	at java.lang.reflect.Constructor.newInstance(Constructor.java:423)
	at ptolemy.util.test.junit.AutoKnownFailedTests.RunModel(AutoKnownFailedTests.java:107)
	at sun.reflect.NativeMethodAccessorImpl.invoke0(Native Method)
	at sun.reflect.NativeMethodAccessorImpl.invoke(NativeMethodAccessorImpl.java:62)
	at sun.reflect.DelegatingMethodAccessorImpl.invoke(DelegatingMethodAccessorImpl.java:43)
	at java.lang.reflect.Method.invoke(Method.java:498)
	at org.junit.runners.model.FrameworkMethod$1.runReflectiveCall(FrameworkMethod.java:44)
	at org.junit.internal.runners.model.ReflectiveCallable.run(ReflectiveCallable.java:15)
	at org.junit.runners.model.FrameworkMethod.invokeExplosively(FrameworkMethod.java:41)
	at junitparams.internal.InvokeParameterisedMethod.evaluate(InvokeParameterisedMethod.java:102)
	at org.junit.internal.runners.statements.FailOnTimeout$1.run(FailOnTimeout.java:28)
Caused by: ptolemy.kernel.util.IllegalActionException: TypeTest actor has no training data.
  in .sizedarray3.TypeTest
	at ptolemy.actor.lib.TypeTest.initialize(TypeTest.java:250)
	at ptolemy.actor.Director.initialize(Director.java:938)
	at ptolemy.actor.Director.initialize(Director.java:907)
	at ptolemy.actor.sched.StaticSchedulingDirector.initialize(StaticSchedulingDirector.java:159)
	at ptolemy.domains.sdf.kernel.SDFDirector.initialize(SDFDirector.java:544)
	at ptolemy.actor.CompositeActor.initialize(CompositeActor.java:935)
	at ptolemy.actor.Manager.initialize(Manager.java:724)
	at ptolemy.actor.Manager.execute(Manager.java:356)
	at ptolemy.actor.Manager.run(Manager.java:1263)
	at ptolemy.actor.Manager$PtolemyRunThread.run(Manager.java:1915)
ptolemy.kernel.util.InternalErrorException: Exec Stderr Gobbler-7: Failed while reading from java.lang.UNIXProcess$ProcessPipeInputStream@3b217c3b. To avoid this, try setting the ignoreIOExceptionReadErrors parameter to true.null
  in .ExecEnvironment.Exec
Because:
Stream closed
	at ptolemy.actor.lib.Exec$_StreamReaderThread._read(Exec.java:762)
	at ptolemy.actor.lib.Exec$_StreamReaderThread.run(Exec.java:706)
Caused by: java.io.IOException: Stream closed
	at sun.nio.cs.StreamDecoder.ensureOpen(StreamDecoder.java:46)
	at sun.nio.cs.StreamDecoder.read(StreamDecoder.java:148)
	at java.io.InputStreamReader.read(InputStreamReader.java:184)
	at ptolemy.actor.lib.Exec$_StreamReaderThread._read(Exec.java:724)
	... 1 more
Caused by: java.io.IOException: Stream closed
	at sun.nio.cs.StreamDecoder.ensureOpen(StreamDecoder.java:46)
	at sun.nio.cs.StreamDecoder.read(StreamDecoder.java:148)
	at java.io.InputStreamReader.read(InputStreamReader.java:184)
	at ptolemy.actor.lib.Exec$_StreamReaderThread._read(Exec.java:724)
	at ptolemy.actor.lib.Exec$_StreamReaderThread.run(Exec.java:706)
]]></system-err>
</testsuite>
