<?xml version="1.0" encoding="UTF-8" ?>
<testsuite errors="0" failures="0" hostname="travis-job-035b14f6-49ed-406b-af4d-67855eab7d8f" name="ptolemy.domains.de.test.junit.JUnitTclTest" skipped="0" tests="101" time="128.901" timestamp="2019-03-05T14:58:53">
  <properties>
    <property name="npm.executable" value="npm" />
    <property name="file.encoding.pkg" value="sun.io" />
    <property name="env.TRAVIS_ROOT" value="/" />
    <property name="ptII.mk.exists" value="true" />
    <property name="env.TRAVIS_APP_HOST" value="build.travis-ci.org" />
    <property name="env.rvm_bin_path" value="/home/travis/.rvm/bin" />
    <property name="java.home" value="/usr/lib/jvm/java-8-oracle/jre" />
    <property name="env.TRAVIS_JOB_NUMBER" value="1035.9" />
    <property name="env.TRAVIS_HOME" value="/home/travis" />
    <property name="env.DISPLAY" value=":99.0" />
    <property name="java.net.preferIPv4Stack" value="true" />
    <property name="env.TRAVIS_INIT" value="upstart" />
    <property name="env.SSH_TTY" value="/dev/pts/0" />
    <property name="env.RUN_TESTS" value="true" />
    <property name="timeout.short" value="1000000" />
    <property name="env.TRAVIS_JOB_NAME" value="" />
    <property name="env.TRAVIS_STACK_NODE_ATTRIBUTES" value="/.node-attributes.yml" />
    <property name="junit.formatter" value="xml" />
    <property name="java.endorsed.dirs" value="/usr/lib/jvm/java-8-oracle/jre/lib/endorsed" />
    <property name="env.TRAVIS_SUDO" value="true" />
    <property name="env.LOGNAME" value="travis" />
    <property name="jsdoc.home" value="node_modules/@terraswarm/jsdoc" />
    <property name="debuglevel" value="source,lines,vars" />
    <property name="checkstyle.formatter" value="xml" />
    <property name="bin.vergil.makeable" value="true" />
    <property name="env._system_version" value="14.04" />
    <property name="sun.os.patch.level" value="unknown" />
    <property name="java.vendor.url" value="http://java.oracle.com/" />
    <property name="env.TRAVIS_BUILD_WEB_URL" value="https://travis-ci.org/icyphy/ptII/builds/502027664" />
    <property name="java.version" value="1.8.0_151" />
    <property name="env.TZ" value="UTC" />
    <property name="env.PT_NO_NET" value="true" />
    <property name="env.TRAVIS_PULL_REQUEST_SHA" value="" />
    <property name="env.TRAVIS_SECURE_ENV_VARS" value="true" />
    <property name="env._system_type" value="Linux" />
    <property name="java.vendor.url.bug" value="http://bugreport.sun.com/bugreport/" />
    <property name="env.SSH_CLIENT" value="10.10.4.123 33202 22" />
    <property name="npmjs-org-is-up" value="true" />
    <property name="env.GEM_HOME" value="/home/travis/.rvm/gems/ruby-2.4.1" />
    <property name="env.HAS_ANTARES_THREE_LITTLE_FRONZIES_BADGE" value="true" />
    <property name="env.PS4" value="+" />
    <property name="ant.project.invoked-targets" value="build,test.core2.xml" />
    <property name="env.TRAVIS_PULL_REQUEST_BRANCH" value="" />
    <property name="env.TRAVIS_REPO_SLUG" value="icyphy/ptII" />
    <property name="env.TRAVIS_APT_PROXY" value="http://build-cache.travisci.net" />
    <property name="node.in.path" value="true" />
    <property name="java.maxmemory" value="1400m" />
    <property name="env.RUBY_VERSION" value="ruby-2.4.1" />
    <property name="user.name" value="travis" />
    <property name="env.LANG" value="en_US.UTF-8" />
    <property name="sun.io.unicode.encoding" value="UnicodeLittle" />
    <property name="sun.jnu.encoding" value="UTF-8" />
    <property name="java.runtime.name" value="Java(TM) SE Runtime Environment" />
    <property name="usefile" value="false" />
    <property name="return.code" value="0" />
    <property name="junit.single.formatter" value="plain" />
    <property name="env.DYLD_LIBRARY_PATH" value="/home/travis/pthla/certi-tools/lib:" />
    <property name="env.DEBIAN_FRONTEND" value="noninteractive" />
    <property name="env.SSH_CONNECTION" value="10.10.4.123 33202 10.20.8.142 22" />
    <property name="env.MYSQL_UNIX_PORT" value="/var/run/mysqld/mysqld.sock" />
    <property name="env.TRAVIS_ALLOW_FAILURE" value="false" />
    <property name="env.LC_ALL" value="en_US.UTF-8" />
    <property name="env.TRAVIS_JOB_WEB_URL" value="https://travis-ci.org/icyphy/ptII/jobs/502027673" />
    <property name="java.specification.name" value="Java Platform API Specification" />
    <property name="node.works" value="true" />
    <property name="user.timezone" value="" />
    <property name="path.separator" value=":" />
    <property name="env.TRAVIS_ENABLE_INFRA_DETECTION" value="true" />
    <property name="env.PYTHON_CFLAGS" value="-g -fstack-protector --param=ssp-buffer-size=4 -Wformat -Werror=format-security" />
    <property name="timeout.long" value="4000000" />
    <property name="env.CERTI_HOME" value="/home/travis/pthla/certi-tools" />
    <property name="file.encoding" value="UTF-8" />
    <property name="ant.file.ptII" value="/home/travis/build/icyphy/ptII/build.xml" />
    <property name="javadoc.packagenames" value="com.*,diva.*,lbnl.*,org.hlacerti.*,org.json.*,org.ptolemy.*,org.terraswarm.*,ptolemy.*,ptserver.*" />
    <property name="env.TRAVIS_PULL_REQUEST_SLUG" value="" />
    <property name="ant.project.default-target" value="build" />
    <property name="env.GIT_ASKPASS" value="echo" />
    <property name="env.HOME" value="/home/travis" />
    <property name="sun.java.command" value="org.apache.tools.ant.taskdefs.optional.junit.JUnitTestRunner ptolemy.domains.de.test.junit.JUnitTclTest skipNonTests=false filtertrace=true haltOnError=false haltOnFailure=false formatter=org.apache.tools.ant.taskdefs.optional.junit.OutErrSummaryJUnitResultFormatter showoutput=true outputtoformatters=true logfailedtests=true threadid=0 logtestlistenerevents=false formatter=org.apache.tools.ant.taskdefs.optional.junit.XMLJUnitResultFormatter,/home/travis/build/icyphy/ptII/reports/junit/TEST-ptolemy.domains.de.test.junit.JUnitTclTest.xml crashfile=/home/travis/build/icyphy/ptII/junitvmwatcher2733080826752656784.properties propsfile=/home/travis/build/icyphy/ptII/junit422808998254135949.properties" />
    <property name="env.MANPATH" value="/home/travis/.nvm/versions/node/v7.10.1/share/man:/home/travis/.kiex/elixirs/elixir-1.4.5/man:/home/travis/.rvm/rubies/ruby-2.4.1/share/man:/usr/local/man:/usr/local/cmake-3.9.2/man:/usr/local/clang-5.0.0/share/man:/usr/local/share/man:/usr/share/man:/home/travis/.rvm/man" />
    <property name="env.COMPOSER_NO_INTERACTION" value="1" />
    <property name="env.JDK_SWITCHER_DEFAULT" value="oraclejdk8" />
    <property name="env.TRAVIS_TIMER_ID" value="03ab6bf8" />
    <property name="ant.file" value="/home/travis/build/icyphy/ptII/build.xml" />
    <property name="env.TRAVIS_COMMIT_RANGE" value="2b464ce025da...245ca7617a79" />
    <property name="env._system_name" value="Ubuntu" />
    <property name="timeout" value="2400000" />
    <property name="ptII.classpath.optional.property" value="/home/travis/build/icyphy/ptII/lib/bsh-2.0b4.jar:/home/travis/build/icyphy/ptII/lib/ptCal.jar:/home/travis/build/icyphy/ptII/lib/java_cup.jar:/home/travis/build/icyphy/ptII/lib/saxon8.jar:/home/travis/build/icyphy/ptII/lib/saxon8-dom.jar:/home/travis/build/icyphy/ptII/lib/chic.jar:/home/travis/build/icyphy/ptII/lib/ptcolt.jar:/usr/lib/jvm/java-8-oracle/lib/tools.jar:/home/travis/build/icyphy/ptII/vendors/misc/itext/iText.jar:/home/travis/build/icyphy/ptII/lib/g4ltl.jar:/home/travis/build/icyphy/ptII/lib/StructuralCoder.jar:/home/travis/build/icyphy/ptII/vendors/jai-1_1_2_01/lib/jai_core.jar:/home/travis/build/icyphy/ptII/vendors/jai-1_1_2_01/lib/jai_codec.jar:/home/travis/build/icyphy/ptII/lib/jcerti.jar:/home/travis/build/icyphy/ptII/lib/javax.mail.jar:/home/travis/build/icyphy/ptII/vendors/JMF-2.1.1e/lib/jmf.jar:/home/travis/build/icyphy/ptII/lib/jna-4.0.0-variadic.jar:/home/travis/build/icyphy/ptII/vendors/misc/joystick/Joystick.jar:/home/travis/build/icyphy/ptII/lib/ptjacl.jar:/home/travis/build/icyphy/ptII/lib/jsoup-1.8.2.jar:/home/travis/build/icyphy/ptII/lib/junit-4.8.2.jar:/home/travis/build/icyphy/ptII/lib/JUnitParams-0.4.0.jar:/home/travis/build/icyphy/ptII/ptolemy/actor/lib/excel/jxl.jar:/home/travis/build/icyphy/ptII/lib/jython.jar:/home/travis/build/icyphy/ptII/lib/kieler.jar:/home/travis/build/icyphy/ptII/vendors/opencv/share/OpenCV/java/opencv-341.jar:/home/travis/build/icyphy/ptII/lib/oscP5.jar:/home/travis/build/icyphy/ptII/lib/nrjavaserial-3.11.0.devel.jar:/home/travis/build/icyphy/ptII/vendors/j3d/lib/j3dcore.jar:/home/travis/build/icyphy/ptII/vendors/j3d/lib/j3dutils.jar:/home/travis/build/icyphy/ptII/vendors/j3d/lib/vecmath.jar:/home/travis/build/icyphy/ptII/ptolemy/distributed/jini/jar/jini-core.jar:/home/travis/build/icyphy/ptII/ptolemy/distributed/jini/jar/jini-ext.jar:/home/travis/build/icyphy/ptII/ptolemy/distributed/jini/jar/sun-util.jar:/home/travis/build/icyphy/ptII/lib/protobuf-java-2.4.1.jar:/home/travis/build/icyphy/ptII/lib/org.eclipse.paho.client.mqttv3.jar:/home/travis/build/icyphy/ptII/lib/mapss.jar:/home/travis/build/icyphy/ptII/ptolemy/actor/ptalon/antlr/antlr.jar:/home/travis/build/icyphy/ptII/lib/JRI.jar:/home/travis/build/icyphy/ptII/lib/commons-lang-2.6.jar:/home/travis/build/icyphy/ptII/lib/commons-logging-1.1.1.jar:/home/travis/build/icyphy/ptII/lib/sootclasses.jar:/home/travis/build/icyphy/ptII/ptolemy/actor/lib/database/mysql-connector-java-5.1.6-bin.jar:/home/travis/build/icyphy/ptII/vendors/misc/sphinx4/sphinx4-data-5prealpha.jar:/home/travis/build/icyphy/ptII/vendors/misc/sphinx4/sphinx4-core-5prealpha.jar:/home/travis/build/icyphy/ptII/lib/PDFRenderer.jar:/home/travis/build/icyphy/ptII/lib/svgSalamander.jar:/home/travis/build/icyphy/ptII/lib/rsyntaxtextarea-2.6.0-SNAPSHOT.jar:/home/travis/build/icyphy/ptII/lib/hazelcast-3.8.2.jar:/home/travis/build/icyphy/ptII/lib/jackson-annotations-2.9.0.jar:/home/travis/build/icyphy/ptII/lib/jackson-core-2.9.3.jar:/home/travis/build/icyphy/ptII/lib/jackson-databind-2.9.3.jar:/home/travis/build/icyphy/ptII/lib/netty-buffer-4.1.19.Final.jar:/home/travis/build/icyphy/ptII/lib/netty-codec-4.1.19.Final.jar:/home/travis/build/icyphy/ptII/lib/netty-codec-dns-4.1.19.Final.jar:/home/travis/build/icyphy/ptII/lib/netty-codec-http-4.1.19.Final.jar:/home/travis/build/icyphy/ptII/lib/netty-codec-http2-4.1.19.Final.jar:/home/travis/build/icyphy/ptII/lib/netty-common-4.1.19.Final.jar:/home/travis/build/icyphy/ptII/lib/netty-handler-4.1.19.Final.jar:/home/travis/build/icyphy/ptII/lib/netty-resolver-4.1.19.Final.jar:/home/travis/build/icyphy/ptII/lib/netty-resolver-dns-4.1.19.Final.jar:/home/travis/build/icyphy/ptII/lib/netty-transport-4.1.19.Final.jar:/home/travis/build/icyphy/ptII/lib/vertx-codegen-3.5.1.jar:/home/travis/build/icyphy/ptII/lib/vertx-core-3.5.2-SNAPSHOT.jar:/home/travis/build/icyphy/ptII/lib/vertx-hazelcast-3.5.1.jar:/home/travis/build/icyphy/ptII/lib/vertx-lang-js-3.5.1.jar:/home/travis/build/icyphy/ptII/lib/vertx-service-proxy-3.5.1.jar:/home/travis/build/icyphy/ptII/lib/vertx-web-3.5.1.jar:/home/travis/build/icyphy/ptII/lib/slf4j-api-1.7.13.jar:/home/travis/build/icyphy/ptII/lib/slf4j-simple-1.7.13.jar:/home/travis/build/icyphy/ptII/lib/webcam-capture-0.3.12.jar:/home/travis/build/icyphy/ptII/lib/bridj-0.7.0.jar:/home/travis/build/icyphy/ptII/lib/xbjlib-1.1.0.nrjavaserial.jar" />
    <property name="test.batch" value="**/junit/*.java" />
    <property name="env._" value="/usr/bin/timeout" />
    <property name="java.io.tmpdir" value="/tmp" />
    <property name="env.TRAVIS_INTERNAL_RUBY_REGEX" value="^ruby-(2\.[0-4]\.[0-9]|1\.9\.3)" />
    <property name="user.language" value="en" />
    <property name="env.HISTCONTROL" value="ignoredups:ignorespace" />
    <property name="env.GOROOT" value="/home/travis/.gimme/versions/go1.7.4.linux.amd64" />
    <property name="line.separator" value="&#xa;" />
    <property name="target" value="1.8" />
    <property name="env.TRAVIS_BUILD_DIR" value="/home/travis/build/icyphy/ptII" />
    <property name="env.ANT_OPTS" value="-Xmx2048m" />
    <property name="ant.file.type" value="file" />
    <property name="ptolemy.ptII.batchMode" value="true" />
    <property name="env.HISTSIZE" value="1000" />
    <property name="env.MERB_ENV" value="test" />
    <property name="java.vm.info" value="mixed mode" />
    <property name="source" value="1.8" />
    <property name="java.vm.specification.name" value="Java Virtual Machine Specification" />
    <property name="env.TRAVIS_TEST_RESULT" value="0" />
    <property name="jsdoc.command" value="node_modules/@terraswarm/jsdoc/jsdoc.js" />
    <property name="npm.works" value="true" />
    <property name="cobertura.dir" value="/home/travis/build/icyphy/ptII/vendors/cobertura-2.0.3" />
    <property name="env.rvm_path" value="/home/travis/.rvm" />
    <property name="env.GEM_PATH" value="/home/travis/.rvm/gems/ruby-2.4.1:/home/travis/.rvm/gems/ruby-2.4.1@global" />
    <property name="env.LC_CTYPE" value="en_US.UTF-8" />
    <property name="java.awt.printerjob" value="sun.print.PSPrinterJob" />
    <property name="env.TRAVIS_CMD" value="$PTII/bin/ptIITravisBuild.sh $SECONDS" />
    <property name="env.TRAVIS_STACK_NAME" value="garnet" />
    <property name="env.TRAVIS_TIMER_START_TIME" value="1551797435906485059" />
    <property name="ant.version" value="Apache Ant(TM) version 1.10.1 compiled on February 2 2017" />
    <property name="ptII.reports" value="/home/travis/build/icyphy/ptII/reports" />
    <property name="env.TRAVIS_STACK_TIMESTAMP" value="2017-12-05 19:33:09 UTC" />
    <property name="ant.file.type.ptII" value="file" />
    <property name="env.RBENV_SHELL" value="bash" />
    <property name="os.name" value="Linux" />
    <property name="java.specification.vendor" value="Oracle Corporation" />
    <property name="env.rvm_version" value="1.29.3 (latest)" />
    <property name="env.TRAVIS_INFRA" value="gce" />
    <property name="env.TERM" value="xterm" />
    <property name="java.vm.name" value="Java HotSpot(TM) 64-Bit Server VM" />
    <property name="env.TRAVIS_BUILD_NUMBER" value="1035" />
    <property name="env.CI" value="true" />
    <property name="java.library.path" value="/home/travis/pthla/certi-tools/lib:/usr/lib/jni:/usr/local/share/OpenCV/java/:/usr/share/OpenCV/java::/usr/java/packages/lib/amd64:/usr/lib64:/lib64:/lib:/usr/lib" />
    <property name="env.rvm_prefix" value="/home/travis" />
    <property name="env.PATH" value="/home/travis/pthla/certi-tools/share/scripts:/home/travis/.rvm/gems/ruby-2.4.1/bin:/home/travis/.rvm/gems/ruby-2.4.1@global/bin:/home/travis/.rvm/rubies/ruby-2.4.1/bin:/home/travis/.rvm/bin:/home/travis/.nvm/versions/node/v7.10.1/bin:./node_modules/.bin:/home/travis/build/icyphy/ptII/bin:/home/travis/pthla/certi-tools/bin:/home/travis/bin:/home/travis/.local/bin:/opt/pyenv/shims:/home/travis/.phpenv/shims:/home/travis/perl5/perlbrew/bin:/home/travis/.kiex/elixirs/elixir-1.4.5/bin:/home/travis/.kiex/bin:/home/travis/gopath/bin:/home/travis/.gimme/versions/go1.7.4.linux.amd64/bin:/usr/local/phantomjs/bin:/usr/local/phantomjs:/usr/local/neo4j-3.2.7/bin:/usr/local/maven-3.5.2/bin:/usr/local/cmake-3.9.2/bin:/usr/local/clang-5.0.0/bin:/usr/local/sbin:/usr/local/bin:/usr/sbin:/usr/bin:/sbin:/bin:/home/travis/.phpenv/bin:/opt/pyenv/bin:/home/travis/.yarn/bin" />
    <property name="env.TRAVIS_OS_NAME" value="linux" />
    <property name="ant.java.version" value="1.8" />
    <property name="basedir" value="/home/travis/build/icyphy/ptII" />
    <property name="java.class.version" value="52.0" />
    <property name="env.SHLVL" value="3" />
    <property name="env.LD_LIBRARY_PATH" value="/home/travis/pthla/certi-tools/lib:/usr/lib/jni:/usr/local/share/OpenCV/java/:/usr/share/OpenCV/java:" />
    <property name="env.RACK_ENV" value="test" />
    <property name="ant.home" value="/home/travis/build/icyphy/ptII/ant" />
    <property name="env.PERLBREW_BASHRC_VERSION" value="0.80" />
    <property name="env.NVM_DIR" value="/home/travis/.nvm" />
    <property name="env.TRAVIS_BUILD_ID" value="502027664" />
    <property name="env.CERTI_FOM_PATH" value="/home/travis/pthla/certi-tools/share/federations" />
    <property name="env.PYENV_ROOT" value="/opt/pyenv" />
    <property name="env.TRAVIS_UID" value="2000" />
    <property name="env.rvm_pretty_print_flag" value="auto" />
    <property name="env.NVM_BIN" value="/home/travis/.nvm/versions/node/v7.10.1/bin" />
    <property name="env.TRAVIS_COMMIT" value="245ca7617a79c2fdd76846e31ffedc2acd053c39" />
    <property name="env._system_arch" value="x86_64" />
    <property name="node.executable" value="node" />
    <property name="sun.boot.library.path" value="/usr/lib/jvm/java-8-oracle/jre/lib/amd64" />
    <property name="sun.management.compiler" value="HotSpot 64-Bit Tiered Compilers" />
    <property name="env.GOPATH" value="/home/travis/gopath" />
    <property name="java.awt.graphicsenv" value="sun.awt.X11GraphicsEnvironment" />
    <property name="ptolemy.ptII.dir" value="/home/travis/build/icyphy/ptII" />
    <property name="env.USER" value="travis" />
    <property name="env.HISTFILESIZE" value="2000" />
    <property name="timeout.longest" value="19000000" />
    <property name="env.TRAVIS_STACK_FEATURES" value="basic cassandra chromium couchdb disabled-ipv6 docker docker-compose elasticsearch firefox go-toolchain google-chrome jdk memcached mongodb mysql neo4j nodejs_interpreter perl_interpreter perlbrew phantomjs postgresql python_interpreter rabbitmq redis riak ruby_interpreter sqlite xserver" />
    <property name="env.TRAVIS_PULL_REQUEST" value="false" />
    <property name="env.PYENV_SHELL" value="bash" />
    <property name="ant.project.name" value="ptII" />
    <property name="java.vm.specification.version" value="1.8" />
    <property name="env.ANSI_RESET" value="\033[0m" />
    <property name="env.TRAVIS_DIST" value="trusty" />
    <property name="env.CERTI_VERSION" value="4.0.0" />
    <property name="env.NLSPATH" value="/usr/dt/lib/nls/msg/%L/%N.cat" />
    <property name="awt.toolkit" value="sun.awt.X11.XToolkit" />
    <property name="env.CERTI_HOST" value="localhost" />
    <property name="env.MY_RUBY_HOME" value="/home/travis/.rvm/rubies/ruby-2.4.1" />
    <property name="sun.cpu.isalist" value="" />
    <property name="env.TRAVIS_TMPDIR" value="/tmp/tmp.S5BEdaqwOp" />
    <property name="java.ext.dirs" value="/usr/lib/jvm/java-8-oracle/jre/lib/ext:/usr/java/packages/lib/ext" />
    <property name="os.version" value="4.4.0-101-generic" />
    <property name="user.home" value="/home/travis" />
    <property name="env.MIX_ARCHIVES" value="/home/travis/.kiex/mix/elixir-1.4.5" />
    <property name="java.vm.vendor" value="Oracle Corporation" />
    <property name="env.TRAVIS_TAG" value="nightly" />
    <property name="env.ANSI_YELLOW" value="\033[33;1m" />
    <property name="env.TRAVIS_FILTERED" value="redirect_io" />
    <property name="env.ANSI_GREEN" value="\033[32;1m" />
    <property name="env.JAVA_HOME" value="/usr/lib/jvm/java-8-oracle" />
    <property name="env.PTII" value="/home/travis/build/icyphy/ptII" />
    <property name="javadoc.excludepackagenames" value="adm.cvs2svn.*,build.*,config.*,doc.coding.templates.*,jni.test.jni.meaningOfLife.*,jni.test.jni.testDeux.*,jni.test.jni.testTrois.*,org.terraswarm.accessor.accessors.web.node_modules.*,org.terraswarm.accessor.accessors.web.hosts.cordova.demo.*,org.terraswarm.accessor.accessors.web.hosts.cordova.plugins.*,org.terraswarm.accessor.accessors-svn.*,pt-modules.*,ptolemy.apps.agilent.*,ptolemy.apps.anytimecontrol.*,ptolemy.apps.apes.*,ptolemy.apps.charon.*,ptolemy.apps.crazyboard.*,ptolemy.apps.eclipse.*,ptolemy.apps.etherealSting.*,ptolemy.apps.fullscreen.*,ptolemy.apps.giotto.*,ptolemy.apps.ia.*,ptolemy.apps.interfaces.*,ptolemy.apps.jmf.*,ptolemy.apps.kurt.*,ptolemy.apps.kvm.*,ptolemy.apps.lego.*,ptolemy.apps.lejos.*,ptolemy.apps.midp.*,ptolemy.apps.mobileCoding.*,ptolemy.apps.pendulum.*,ptolemy.apps.rijndael.*,ptolemy.apps.robot.*,ptolemy.apps.security.*,ptolemy.apps.sobel.*,ptolemy.apps.soot.*,ptolemy.apps.throttle.*,ptolemy.apps.tini.*,ptolemy.apps.transmission.*,ptolemy.apps.vergil.*,ptolemy.apps.waba.*,ptolemy.apps.websensor.*,ptolemy.apps.webstart.*,ptolemy.apps.xsl.*,ptolemy.apps.zaurus.*,ptolemy.codegen.c.actor.lib.oldJavaFiles.*,ptolemy.codegen.dsp.lib.*,ptolemy.codegen.kernel.newInterfaces.*,ptolemy.codegen.lib.*,ptolemy.copernicus.kernel.fragment.*,ptolemy.copernicus.shallow.cg.*,ptolemy.domains.giotto.demo.Hierarchy.Hierarchy.*,ptolemy.domains.giotto.demo.Multimode.Multimode.*,ptolemy.domains.giotto.demo.Simple.Simple.*,ptolemy.domains.gr.lib.experimental.*,ptolemy.domains.gro.*,ptolemy.domains.pdf.*,ptolemy.domains.ptinyos.demo.Surge.output.*,ptolemy.moml.test.NoPackageActor.java*,ptolemy.plot.adm.*,ptolemy.plot.servlet.*,reports.*,signed.*,src.*,target.*,vendors.*,ptolemy.apps.eclipse.awt.*,ptolemy.backtrack.*,ptolemy.backtrack.ast.*,ptolemy.cg.adapter.generic.program.procedural.c.mbed*,ptolemy.homer.*,org.ptolemy.scala.*,diva.util.java2d.svg.*,ptolemy.domains.ptinyos.*,ptolemy.actor.lib.fmi.fmipp.*,,org.terraswarm.accessor.accessors.web.node_modules.*,org.terraswarm.accessor.accessors-svn,ptolemy.apps.*,ptolemy.actor.ptalon.demo.ptinyos.SendAndReceiveCnt.output,ptolemy.actor.ptalon.demo.ptinyos.SenseToLeds.output,ptolemy.domains.ptinyos.demo.CntToLedsAndRfm.output,ptolemy.domains.ptinyos.demo.RfmToLeds.output,ptolemy.domains.ptinyos.demo.SendAndReceiveCnt.output,ptolemy.domains.ptinyos.demo.SenseToLeds.output,ptolemy.actor.lib.jjs.modules.udpSocket.*" />
    <property name="env.TRAVIS_COMMIT_MESSAGE" value="Added fix for new Java versioning convention" />
    <property name="keystore" value="ptKeystore" />
    <property name="env.XDG_SESSION_ID" value="2" />
    <property name="junit.output.dir" value="/home/travis/build/icyphy/ptII/reports/junit" />
    <property name="npm.return.code" value="0" />
    <property name="user.dir" value="/home/travis/build/icyphy/ptII/ptolemy/domains/de/test" />
    <property name="env.TRAVIS_NODE_VERSION" value="7" />
    <property name="env.XFILESEARCHPATH" value="/usr/dt/app-defaults/%L/Dt" />
    <property name="env.TRAVIS_EVENT_TYPE" value="push" />
    <property name="env.MAIL" value="/var/mail/travis" />
    <property name="env.PWD" value="/home/travis/build/icyphy/ptII" />
    <property name="env.PERLBREW_ROOT" value="/home/travis/perl5/perlbrew" />
    <property name="timeout.npm" value="45000" />
    <property name="env.PT_TRAVIS_TEST_CORE2_XML" value="true" />
    <property name="env.TRAVIS_ARCH" value="amd64" />
    <property name="env.PAGER" value="cat" />
    <property name="sun.cpu.endian" value="little" />
    <property name="env.TRAVIS_BUILD_STAGE_NAME" value="Test" />
    <property name="env.PERLBREW_HOME" value="/home/travis/.perlbrew" />
    <property name="env.RAILS_ENV" value="test" />
    <property name="java.vm.version" value="25.151-b12" />
    <property name="java.class.path" value="/home/travis/build/icyphy/ptII:/home/travis/build/icyphy/ptII/lib/bsh-2.0b4.jar:/home/travis/build/icyphy/ptII/lib/ptCal.jar:/home/travis/build/icyphy/ptII/lib/java_cup.jar:/home/travis/build/icyphy/ptII/lib/saxon8.jar:/home/travis/build/icyphy/ptII/lib/saxon8-dom.jar:/home/travis/build/icyphy/ptII/lib/chic.jar:/home/travis/build/icyphy/ptII/lib/ptcolt.jar:/usr/lib/jvm/java-8-oracle/lib/tools.jar:/home/travis/build/icyphy/ptII/vendors/misc/itext/iText.jar:/home/travis/build/icyphy/ptII/lib/g4ltl.jar:/home/travis/build/icyphy/ptII/lib/StructuralCoder.jar:/home/travis/build/icyphy/ptII/vendors/jai-1_1_2_01/lib/jai_core.jar:/home/travis/build/icyphy/ptII/vendors/jai-1_1_2_01/lib/jai_codec.jar:/home/travis/build/icyphy/ptII/lib/jcerti.jar:/home/travis/build/icyphy/ptII/lib/javax.mail.jar:/home/travis/build/icyphy/ptII/vendors/JMF-2.1.1e/lib/jmf.jar:/home/travis/build/icyphy/ptII/lib/jna-4.0.0-variadic.jar:/home/travis/build/icyphy/ptII/vendors/misc/joystick/Joystick.jar:/home/travis/build/icyphy/ptII/lib/ptjacl.jar:/home/travis/build/icyphy/ptII/lib/jsoup-1.8.2.jar:/home/travis/build/icyphy/ptII/lib/junit-4.8.2.jar:/home/travis/build/icyphy/ptII/lib/JUnitParams-0.4.0.jar:/home/travis/build/icyphy/ptII/ptolemy/actor/lib/excel/jxl.jar:/home/travis/build/icyphy/ptII/lib/jython.jar:/home/travis/build/icyphy/ptII/lib/kieler.jar:/home/travis/build/icyphy/ptII/vendors/opencv/share/OpenCV/java/opencv-341.jar:/home/travis/build/icyphy/ptII/lib/oscP5.jar:/home/travis/build/icyphy/ptII/lib/nrjavaserial-3.11.0.devel.jar:/home/travis/build/icyphy/ptII/vendors/j3d/lib/j3dcore.jar:/home/travis/build/icyphy/ptII/vendors/j3d/lib/j3dutils.jar:/home/travis/build/icyphy/ptII/vendors/j3d/lib/vecmath.jar:/home/travis/build/icyphy/ptII/ptolemy/distributed/jini/jar/jini-core.jar:/home/travis/build/icyphy/ptII/ptolemy/distributed/jini/jar/jini-ext.jar:/home/travis/build/icyphy/ptII/ptolemy/distributed/jini/jar/sun-util.jar:/home/travis/build/icyphy/ptII/lib/protobuf-java-2.4.1.jar:/home/travis/build/icyphy/ptII/lib/org.eclipse.paho.client.mqttv3.jar:/home/travis/build/icyphy/ptII/lib/mapss.jar:/home/travis/build/icyphy/ptII/ptolemy/actor/ptalon/antlr/antlr.jar:/home/travis/build/icyphy/ptII/lib/JRI.jar:/home/travis/build/icyphy/ptII/lib/commons-lang-2.6.jar:/home/travis/build/icyphy/ptII/lib/commons-logging-1.1.1.jar:/home/travis/build/icyphy/ptII/lib/sootclasses.jar:/home/travis/build/icyphy/ptII/ptolemy/actor/lib/database/mysql-connector-java-5.1.6-bin.jar:/home/travis/build/icyphy/ptII/vendors/misc/sphinx4/sphinx4-data-5prealpha.jar:/home/travis/build/icyphy/ptII/vendors/misc/sphinx4/sphinx4-core-5prealpha.jar:/home/travis/build/icyphy/ptII/lib/PDFRenderer.jar:/home/travis/build/icyphy/ptII/lib/svgSalamander.jar:/home/travis/build/icyphy/ptII/lib/rsyntaxtextarea-2.6.0-SNAPSHOT.jar:/home/travis/build/icyphy/ptII/lib/hazelcast-3.8.2.jar:/home/travis/build/icyphy/ptII/lib/jackson-annotations-2.9.0.jar:/home/travis/build/icyphy/ptII/lib/jackson-core-2.9.3.jar:/home/travis/build/icyphy/ptII/lib/jackson-databind-2.9.3.jar:/home/travis/build/icyphy/ptII/lib/netty-buffer-4.1.19.Final.jar:/home/travis/build/icyphy/ptII/lib/netty-codec-4.1.19.Final.jar:/home/travis/build/icyphy/ptII/lib/netty-codec-dns-4.1.19.Final.jar:/home/travis/build/icyphy/ptII/lib/netty-codec-http-4.1.19.Final.jar:/home/travis/build/icyphy/ptII/lib/netty-codec-http2-4.1.19.Final.jar:/home/travis/build/icyphy/ptII/lib/netty-common-4.1.19.Final.jar:/home/travis/build/icyphy/ptII/lib/netty-handler-4.1.19.Final.jar:/home/travis/build/icyphy/ptII/lib/netty-resolver-4.1.19.Final.jar:/home/travis/build/icyphy/ptII/lib/netty-resolver-dns-4.1.19.Final.jar:/home/travis/build/icyphy/ptII/lib/netty-transport-4.1.19.Final.jar:/home/travis/build/icyphy/ptII/lib/vertx-codegen-3.5.1.jar:/home/travis/build/icyphy/ptII/lib/vertx-core-3.5.2-SNAPSHOT.jar:/home/travis/build/icyphy/ptII/lib/vertx-hazelcast-3.5.1.jar:/home/travis/build/icyphy/ptII/lib/vertx-lang-js-3.5.1.jar:/home/travis/build/icyphy/ptII/lib/vertx-service-proxy-3.5.1.jar:/home/travis/build/icyphy/ptII/lib/vertx-web-3.5.1.jar:/home/travis/build/icyphy/ptII/lib/slf4j-api-1.7.13.jar:/home/travis/build/icyphy/ptII/lib/slf4j-simple-1.7.13.jar:/home/travis/build/icyphy/ptII/lib/webcam-capture-0.3.12.jar:/home/travis/build/icyphy/ptII/lib/bridj-0.7.0.jar:/home/travis/build/icyphy/ptII/lib/xbjlib-1.1.0.nrjavaserial.jar:/home/travis/build/icyphy/ptII/ptolemy/moml/test:/home/travis/build/icyphy/ptII/ant/lib/ant-launcher.jar:/home/travis/build/icyphy/ptII/ant/lib/ant.jar:/home/travis/build/icyphy/ptII/ant/lib/ant-junit.jar:/home/travis/build/icyphy/ptII/ant/lib/ant-junit4.jar" />
    <property name="ant.library.dir" value="/home/travis/build/icyphy/ptII/ant/lib" />
    <property name="os.arch" value="amd64" />
    <property name="env.TRAVIS_LANGUAGE" value="node_js" />
    <property name="env.CONTINUOUS_INTEGRATION" value="true" />
    <property name="env.TRAVIS_STACK_LANGUAGES" value="__garnet__ c c++ clojure cplusplus cpp default go groovy java node_js php pure_java python ruby scala" />
    <property name="test.name" value="ptolemy.actor.lib.test.junit.JUnitTclTest" />
    <property name="sun.java.launcher" value="SUN_STANDARD" />
    <property name="env.PYTHON_CONFIGURE_OPTS" value="--enable-unicode=ucs4 --with-wide-unicode --enable-shared --enable-ipv6 --enable-loadable-sqlite-extensions --with-computed-gotos" />
    <property name="ant.core.lib" value="/home/travis/build/icyphy/ptII/ant/lib/ant.jar" />
    <property name="java.vm.specification.vendor" value="Oracle Corporation" />
    <property name="env.BCVTB_HOME" value="/home/travis/build/icyphy/ptII/lbnl" />
    <property name="file.separator" value="/" />
    <property name="spotbugs.home" value="/home/travis/build/icyphy/ptII/vendors/spotbugs-3.1.1" />
    <property name="java.runtime.version" value="1.8.0_151-b12" />
    <property name="sun.boot.class.path" value="/usr/lib/jvm/java-8-oracle/jre/lib/resources.jar:/usr/lib/jvm/java-8-oracle/jre/lib/rt.jar:/usr/lib/jvm/java-8-oracle/jre/lib/sunrsasign.jar:/usr/lib/jvm/java-8-oracle/jre/lib/jsse.jar:/usr/lib/jvm/java-8-oracle/jre/lib/jce.jar:/usr/lib/jvm/java-8-oracle/jre/lib/charsets.jar:/usr/lib/jvm/java-8-oracle/jre/lib/jfr.jar:/usr/lib/jvm/java-8-oracle/jre/classes" />
    <property name="env.ANSI_CLEAR" value="\033[0K" />
    <property name="env.HAS_JOSH_K_SEAL_OF_APPROVAL" value="true" />
    <property name="env.XDG_RUNTIME_DIR" value="/run/user/2000" />
    <property name="env.TRAVIS_OSX_IMAGE" value="" />
    <property name="env.TRAVIS_BRANCH" value="master" />
    <property name="env.TRAVIS_JOB_ID" value="502027673" />
    <property name="user.country" value="US" />
    <property name="env.CERTI_HOME_TRAVIS" value="/home/travis/pthla/certi-tools" />
    <property name="env.SHELL" value="/bin/bash" />
    <property name="java.maxmemory.large" value="5000m" />
    <property name="model" value="" />
    <property name="env.CASHER_DIR" value="/home/travis/.casher" />
    <property name="env.NVM_CD_FLAGS" value="" />
    <property name="jshint.executable" value="/home/travis/node_modules/jshint/bin/jshint" />
    <property name="java.vendor" value="Oracle Corporation" />
    <property name="env.JRUBY_OPTS" value=" --client -J-XX:+TieredCompilation -J-XX:TieredStopAtLevel=1 -J-Xss2m -Xcompile.invokedynamic=false" />
    <property name="env.TRAVIS_PRE_CHEF_BOOTSTRAP_TIME" value="2017-12-05T19:32:55" />
    <property name="env.TRAVIS_STACK_JOB_BOARD_REGISTER" value="/.job-board-register.yml" />
    <property name="env.ELIXIR_VERSION" value="1.4.5" />
    <property name="env.ANSI_RED" value="\033[31;1m" />
    <property name="java.specification.version" value="1.8" />
    <property name="env.TRAVIS" value="true" />
    <property name="env.IRBRC" value="/home/travis/.rvm/rubies/ruby-2.4.1/.irbrc" />
    <property name="sun.arch.data.model" value="64" />
  </properties>
  <testcase classname="ptolemy.util.test.junit.TclTests" name="[0] /home/travis/build/icyphy/ptII/ptolemy/domains/de/test/DependencyLoop.tcl (RunTclFile)" time="0.719" />
  <testcase classname="ptolemy.util.test.junit.TclTests" name="[1] /home/travis/build/icyphy/ptII/ptolemy/domains/de/test/RunDETestsAsQSS.tcl (RunTclFile)" time="88.268" />
  <testcase classname="ptolemy.util.test.junit.AutoKnownFailedTests" name="[0] /home/travis/build/icyphy/ptII/ptolemy/domains/de/test/auto/knownFailedTests/DESDFClockTest.xml (RunModel)" time="2.024" />
  <testcase classname="ptolemy.util.test.junit.AutoKnownFailedTests" name="[1] /home/travis/build/icyphy/ptII/ptolemy/domains/de/test/auto/knownFailedTests/DirectFeedback.xml (RunModel)" time="0.017" />
  <testcase classname="ptolemy.util.test.junit.AutoKnownFailedTests" name="[2] /home/travis/build/icyphy/ptII/ptolemy/domains/de/test/auto/knownFailedTests/FSMSource.xml (RunModel)" time="0.019" />
  <testcase classname="ptolemy.util.test.junit.AutoKnownFailedTests" name="[3] /home/travis/build/icyphy/ptII/ptolemy/domains/de/test/auto/knownFailedTests/HierarchicalModel.xml (RunModel)" time="0.049" />
  <testcase classname="ptolemy.util.test.junit.AutoKnownFailedTests" name="[4] /home/travis/build/icyphy/ptII/ptolemy/domains/de/test/auto/knownFailedTests/dependencyLoop.xml (RunModel)" time="0.036" />
  <testcase classname="ptolemy.util.test.junit.AutoKnownFailedTests" name="[5] /home/travis/build/icyphy/ptII/ptolemy/domains/de/test/auto/knownFailedTests/dependencyLoop2.xml (RunModel)" time="0.055" />
  <testcase classname="ptolemy.util.test.junit.AutoNameArchTests" name="[0] ThereAreNoAutoArchTests (RunModel)" time="0.001" />
  <testcase classname="ptolemy.util.test.junit.AutoTests" name="[0] /home/travis/build/icyphy/ptII/ptolemy/domains/de/test/auto/ActorDepthCalculation_actorWithoutPorts.xml (RunModel)" time="0.02" />
  <testcase classname="ptolemy.util.test.junit.AutoTests" name="[1] /home/travis/build/icyphy/ptII/ptolemy/domains/de/test/auto/AssemblyLine.xml (RunModel)" time="0.026" />
  <testcase classname="ptolemy.util.test.junit.AutoTests" name="[2] /home/travis/build/icyphy/ptII/ptolemy/domains/de/test/auto/CQBug1.xml (RunModel)" time="0.014" />
  <testcase classname="ptolemy.util.test.junit.AutoTests" name="[3] /home/travis/build/icyphy/ptII/ptolemy/domains/de/test/auto/CancelFireAt.xml (RunModel)" time="0.014" />
  <testcase classname="ptolemy.util.test.junit.AutoTests" name="[4] /home/travis/build/icyphy/ptII/ptolemy/domains/de/test/auto/CausalityAndComposabilityAnalysis.xml (RunModel)" time="0.015" />
  <testcase classname="ptolemy.util.test.junit.AutoTests" name="[5] /home/travis/build/icyphy/ptII/ptolemy/domains/de/test/auto/CausalityInterface1.xml (RunModel)" time="0.02" />
  <testcase classname="ptolemy.util.test.junit.AutoTests" name="[6] /home/travis/build/icyphy/ptII/ptolemy/domains/de/test/auto/CausalityInterface15.xml (RunModel)" time="0.016" />
  <testcase classname="ptolemy.util.test.junit.AutoTests" name="[7] /home/travis/build/icyphy/ptII/ptolemy/domains/de/test/auto/CausalityInterface2.xml (RunModel)" time="0.015" />
  <testcase classname="ptolemy.util.test.junit.AutoTests" name="[8] /home/travis/build/icyphy/ptII/ptolemy/domains/de/test/auto/CausalityInterface3.xml (RunModel)" time="0.017" />
  <testcase classname="ptolemy.util.test.junit.AutoTests" name="[9] /home/travis/build/icyphy/ptII/ptolemy/domains/de/test/auto/ClockDrift.xml (RunModel)" time="0.065" />
  <testcase classname="ptolemy.util.test.junit.AutoTests" name="[10] /home/travis/build/icyphy/ptII/ptolemy/domains/de/test/auto/ClockDriftAndValueChange.xml (RunModel)" time="0.043" />
  <testcase classname="ptolemy.util.test.junit.AutoTests" name="[11] /home/travis/build/icyphy/ptII/ptolemy/domains/de/test/auto/ClockDriftChange.xml (RunModel)" time="0.049" />
  <testcase classname="ptolemy.util.test.junit.AutoTests" name="[12] /home/travis/build/icyphy/ptII/ptolemy/domains/de/test/auto/ComposableCausalityAnalysis.xml (RunModel)" time="0.02" />
  <testcase classname="ptolemy.util.test.junit.AutoTests" name="[13] /home/travis/build/icyphy/ptII/ptolemy/domains/de/test/auto/DEFixedPointLimitation.xml (RunModel)" time="0.01" />
  <testcase classname="ptolemy.util.test.junit.AutoTests" name="[14] /home/travis/build/icyphy/ptII/ptolemy/domains/de/test/auto/DEScheduleTest.xml (RunModel)" time="0.04" />
  <testcase classname="ptolemy.util.test.junit.AutoTests" name="[15] /home/travis/build/icyphy/ptII/ptolemy/domains/de/test/auto/DEinDEwithStartTimes.xml (RunModel)" time="0.017" />
  <testcase classname="ptolemy.util.test.junit.AutoTests" name="[16] /home/travis/build/icyphy/ptII/ptolemy/domains/de/test/auto/DEinDEwithStartTimes2.xml (RunModel)" time="0.018" />
  <testcase classname="ptolemy.util.test.junit.AutoTests" name="[17] /home/travis/build/icyphy/ptII/ptolemy/domains/de/test/auto/DateDemo.xml (RunModel)" time="0.033" />
  <testcase classname="ptolemy.util.test.junit.AutoTests" name="[18] /home/travis/build/icyphy/ptII/ptolemy/domains/de/test/auto/DateToEvent.xml (RunModel)" time="2.044" />
  <testcase classname="ptolemy.util.test.junit.AutoTests" name="[19] /home/travis/build/icyphy/ptII/ptolemy/domains/de/test/auto/DepthTest1.xml (RunModel)" time="0.008" />
  <testcase classname="ptolemy.util.test.junit.AutoTests" name="[20] /home/travis/build/icyphy/ptII/ptolemy/domains/de/test/auto/DepthTest2.xml (RunModel)" time="0.017" />
  <testcase classname="ptolemy.util.test.junit.AutoTests" name="[21] /home/travis/build/icyphy/ptII/ptolemy/domains/de/test/auto/DepthTest3.xml (RunModel)" time="0.007" />
  <testcase classname="ptolemy.util.test.junit.AutoTests" name="[22] /home/travis/build/icyphy/ptII/ptolemy/domains/de/test/auto/DepthTest4.xml (RunModel)" time="0.013" />
  <testcase classname="ptolemy.util.test.junit.AutoTests" name="[23] /home/travis/build/icyphy/ptII/ptolemy/domains/de/test/auto/DepthTest5.xml (RunModel)" time="0.014" />
  <testcase classname="ptolemy.util.test.junit.AutoTests" name="[24] /home/travis/build/icyphy/ptII/ptolemy/domains/de/test/auto/DepthTest6.xml (RunModel)" time="0.013" />
  <testcase classname="ptolemy.util.test.junit.AutoTests" name="[25] /home/travis/build/icyphy/ptII/ptolemy/domains/de/test/auto/DepthTest7.xml (RunModel)" time="0.011" />
  <testcase classname="ptolemy.util.test.junit.AutoTests" name="[26] /home/travis/build/icyphy/ptII/ptolemy/domains/de/test/auto/EventToDate.xml (RunModel)" time="3.034" />
  <testcase classname="ptolemy.util.test.junit.AutoTests" name="[27] /home/travis/build/icyphy/ptII/ptolemy/domains/de/test/auto/FSM1.xml (RunModel)" time="0.03" />
  <testcase classname="ptolemy.util.test.junit.AutoTests" name="[28] /home/travis/build/icyphy/ptII/ptolemy/domains/de/test/auto/FSM7.xml (RunModel)" time="0.034" />
  <testcase classname="ptolemy.util.test.junit.AutoTests" name="[29] /home/travis/build/icyphy/ptII/ptolemy/domains/de/test/auto/Inspection.xml (RunModel)" time="0.039" />
  <testcase classname="ptolemy.util.test.junit.AutoTests" name="[30] /home/travis/build/icyphy/ptII/ptolemy/domains/de/test/auto/Iteration.xml (RunModel)" time="0.032" />
  <testcase classname="ptolemy.util.test.junit.AutoTests" name="[31] /home/travis/build/icyphy/ptII/ptolemy/domains/de/test/auto/LineFault.xml (RunModel)" time="0.555" />
  <testcase classname="ptolemy.util.test.junit.AutoTests" name="[32] /home/travis/build/icyphy/ptII/ptolemy/domains/de/test/auto/MergeModel1Add.xml (RunModel)" time="0.039" />
  <testcase classname="ptolemy.util.test.junit.AutoTests" name="[33] /home/travis/build/icyphy/ptII/ptolemy/domains/de/test/auto/MergeModel2Add.xml (RunModel)" time="0.037" />
  <testcase classname="ptolemy.util.test.junit.AutoTests" name="[34] /home/travis/build/icyphy/ptII/ptolemy/domains/de/test/auto/MergeModel3Add.xml (RunModel)" time="0.038" />
  <testcase classname="ptolemy.util.test.junit.AutoTests" name="[35] /home/travis/build/icyphy/ptII/ptolemy/domains/de/test/auto/MergeWithoutDiscard.xml (RunModel)" time="0.01" />
  <testcase classname="ptolemy.util.test.junit.AutoTests" name="[36] /home/travis/build/icyphy/ptII/ptolemy/domains/de/test/auto/Modal1.xml (RunModel)" time="0.031" />
  <testcase classname="ptolemy.util.test.junit.AutoTests" name="[37] /home/travis/build/icyphy/ptII/ptolemy/domains/de/test/auto/Modal2.xml (RunModel)" time="0.04" />
  <testcase classname="ptolemy.util.test.junit.AutoTests" name="[38] /home/travis/build/icyphy/ptII/ptolemy/domains/de/test/auto/Modal3.xml (RunModel)" time="0.036" />
  <testcase classname="ptolemy.util.test.junit.AutoTests" name="[39] /home/travis/build/icyphy/ptII/ptolemy/domains/de/test/auto/Modal4.xml (RunModel)" time="0.026" />
  <testcase classname="ptolemy.util.test.junit.AutoTests" name="[40] /home/travis/build/icyphy/ptII/ptolemy/domains/de/test/auto/Modal5.xml (RunModel)" time="0.026" />
  <testcase classname="ptolemy.util.test.junit.AutoTests" name="[41] /home/travis/build/icyphy/ptII/ptolemy/domains/de/test/auto/Modal6.xml (RunModel)" time="0.026" />
  <testcase classname="ptolemy.util.test.junit.AutoTests" name="[42] /home/travis/build/icyphy/ptII/ptolemy/domains/de/test/auto/Modal7.xml (RunModel)" time="0.028" />
  <testcase classname="ptolemy.util.test.junit.AutoTests" name="[43] /home/travis/build/icyphy/ptII/ptolemy/domains/de/test/auto/ModalModel.xml (RunModel)" time="0.142" />
  <testcase classname="ptolemy.util.test.junit.AutoTests" name="[44] /home/travis/build/icyphy/ptII/ptolemy/domains/de/test/auto/ModalSource.xml (RunModel)" time="0.016" />
  <testcase classname="ptolemy.util.test.junit.AutoTests" name="[45] /home/travis/build/icyphy/ptII/ptolemy/domains/de/test/auto/NonInterruptibleTimerZeroDelay.xml (RunModel)" time="0.01" />
  <testcase classname="ptolemy.util.test.junit.AutoTests" name="[46] /home/travis/build/icyphy/ptII/ptolemy/domains/de/test/auto/OpenQueueingNetwork.xml (RunModel)" time="2.255" />
  <testcase classname="ptolemy.util.test.junit.AutoTests" name="[47] /home/travis/build/icyphy/ptII/ptolemy/domains/de/test/auto/OpenQueuingNetwork.xml (RunModel)" time="0.276" />
  <testcase classname="ptolemy.util.test.junit.AutoTests" name="[48] /home/travis/build/icyphy/ptII/ptolemy/domains/de/test/auto/PeriodicSampler.xml (RunModel)" time="0.011" />
  <testcase classname="ptolemy.util.test.junit.AutoTests" name="[49] /home/travis/build/icyphy/ptII/ptolemy/domains/de/test/auto/PersistentIO.xml (RunModel)" time="0.026" />
  <testcase classname="ptolemy.util.test.junit.AutoTests" name="[50] /home/travis/build/icyphy/ptII/ptolemy/domains/de/test/auto/PortParameterResetOnInitialize.xml (RunModel)" time="0.01" />
  <testcase classname="ptolemy.util.test.junit.AutoTests" name="[51] /home/travis/build/icyphy/ptII/ptolemy/domains/de/test/auto/PortParameterUpdates.xml (RunModel)" time="0.018" />
  <testcase classname="ptolemy.util.test.junit.AutoTests" name="[52] /home/travis/build/icyphy/ptII/ptolemy/domains/de/test/auto/QueueAndServer.xml (RunModel)" time="0.019" />
  <testcase classname="ptolemy.util.test.junit.AutoTests" name="[53] /home/travis/build/icyphy/ptII/ptolemy/domains/de/test/auto/Records.xml (RunModel)" time="0.019" />
  <testcase classname="ptolemy.util.test.junit.AutoTests" name="[54] /home/travis/build/icyphy/ptII/ptolemy/domains/de/test/auto/ResetTransitionWithStartTime1.xml (RunModel)" time="0.023" />
  <testcase classname="ptolemy.util.test.junit.AutoTests" name="[55] /home/travis/build/icyphy/ptII/ptolemy/domains/de/test/auto/ResetTransitionWithStartTime2.xml (RunModel)" time="0.017" />
  <testcase classname="ptolemy.util.test.junit.AutoTests" name="[56] /home/travis/build/icyphy/ptII/ptolemy/domains/de/test/auto/ResetTransitionWithStartTime3.xml (RunModel)" time="0.019" />
  <testcase classname="ptolemy.util.test.junit.AutoTests" name="[57] /home/travis/build/icyphy/ptII/ptolemy/domains/de/test/auto/ResetTransitionWithStartTime4.xml (RunModel)" time="0.018" />
  <testcase classname="ptolemy.util.test.junit.AutoTests" name="[58] /home/travis/build/icyphy/ptII/ptolemy/domains/de/test/auto/ResettableTimer1.xml (RunModel)" time="0.01" />
  <testcase classname="ptolemy.util.test.junit.AutoTests" name="[59] /home/travis/build/icyphy/ptII/ptolemy/domains/de/test/auto/ResettableTimer2.xml (RunModel)" time="0.01" />
  <testcase classname="ptolemy.util.test.junit.AutoTests" name="[60] /home/travis/build/icyphy/ptII/ptolemy/domains/de/test/auto/ResettableTimer3.xml (RunModel)" time="0.008" />
  <testcase classname="ptolemy.util.test.junit.AutoTests" name="[61] /home/travis/build/icyphy/ptII/ptolemy/domains/de/test/auto/ResettableTimer4.xml (RunModel)" time="0.02" />
  <testcase classname="ptolemy.util.test.junit.AutoTests" name="[62] /home/travis/build/icyphy/ptII/ptolemy/domains/de/test/auto/ResettableTimer5.xml (RunModel)" time="0.01" />
  <testcase classname="ptolemy.util.test.junit.AutoTests" name="[63] /home/travis/build/icyphy/ptII/ptolemy/domains/de/test/auto/ResettableTimer6.xml (RunModel)" time="0.014" />
  <testcase classname="ptolemy.util.test.junit.AutoTests" name="[64] /home/travis/build/icyphy/ptII/ptolemy/domains/de/test/auto/ServerZeroDelay.xml (RunModel)" time="0.019" />
  <testcase classname="ptolemy.util.test.junit.AutoTests" name="[65] /home/travis/build/icyphy/ptII/ptolemy/domains/de/test/auto/SmartSender.xml (RunModel)" time="3.009" />
  <testcase classname="ptolemy.util.test.junit.AutoTests" name="[66] /home/travis/build/icyphy/ptII/ptolemy/domains/de/test/auto/ThreadedComposite.xml (RunModel)" time="0.283" />
  <testcase classname="ptolemy.util.test.junit.AutoTests" name="[67] /home/travis/build/icyphy/ptII/ptolemy/domains/de/test/auto/Time.xml (RunModel)" time="0.419" />
  <testcase classname="ptolemy.util.test.junit.AutoTests" name="[68] /home/travis/build/icyphy/ptII/ptolemy/domains/de/test/auto/TimeDelayZeroDelay.xml (RunModel)" time="0.015" />
  <testcase classname="ptolemy.util.test.junit.AutoTests" name="[69] /home/travis/build/icyphy/ptII/ptolemy/domains/de/test/auto/TimerZeroDelay.xml (RunModel)" time="0.012" />
  <testcase classname="ptolemy.util.test.junit.AutoTests" name="[70] /home/travis/build/icyphy/ptII/ptolemy/domains/de/test/auto/TimingParadox.xml (RunModel)" time="0.347" />
  <testcase classname="ptolemy.util.test.junit.AutoTests" name="[71] /home/travis/build/icyphy/ptII/ptolemy/domains/de/test/auto/TransferInputs.xml (RunModel)" time="0.012" />
  <testcase classname="ptolemy.util.test.junit.AutoTests" name="[72] /home/travis/build/icyphy/ptII/ptolemy/domains/de/test/auto/TransferOutputs2.xml (RunModel)" time="0.016" />
  <testcase classname="ptolemy.util.test.junit.AutoTests" name="[73] /home/travis/build/icyphy/ptII/ptolemy/domains/de/test/auto/Trilateration.xml (RunModel)" time="11.491" />
  <testcase classname="ptolemy.util.test.junit.AutoTests" name="[74] /home/travis/build/icyphy/ptII/ptolemy/domains/de/test/auto/TwoSigmaDelta.xml (RunModel)" time="1.993" />
  <testcase classname="ptolemy.util.test.junit.AutoTests" name="[75] /home/travis/build/icyphy/ptII/ptolemy/domains/de/test/auto/VariableDelay.xml (RunModel)" time="0.013" />
  <testcase classname="ptolemy.util.test.junit.AutoTests" name="[76] /home/travis/build/icyphy/ptII/ptolemy/domains/de/test/auto/VariableDelay2.xml (RunModel)" time="0.008" />
  <testcase classname="ptolemy.util.test.junit.AutoTests" name="[77] /home/travis/build/icyphy/ptII/ptolemy/domains/de/test/auto/VariableDelayZeroDelay.xml (RunModel)" time="0.01" />
  <testcase classname="ptolemy.util.test.junit.AutoTests" name="[78] /home/travis/build/icyphy/ptII/ptolemy/domains/de/test/auto/VariableDelayZeroDelay2.xml (RunModel)" time="0.008" />
  <testcase classname="ptolemy.util.test.junit.AutoTests" name="[79] /home/travis/build/icyphy/ptII/ptolemy/domains/de/test/auto/deInCt.xml (RunModel)" time="0.013" />
  <testcase classname="ptolemy.util.test.junit.AutoTests" name="[80] /home/travis/build/icyphy/ptII/ptolemy/domains/de/test/auto/deInCt2.xml (RunModel)" time="0.014" />
  <testcase classname="ptolemy.util.test.junit.AutoTests" name="[81] /home/travis/build/icyphy/ptII/ptolemy/domains/de/test/auto/dynamicCausalityInterface1.xml (RunModel)" time="0.018" />
  <testcase classname="ptolemy.util.test.junit.AutoTests" name="[82] /home/travis/build/icyphy/ptII/ptolemy/domains/de/test/auto/fsm_de_test.xml (RunModel)" time="0.025" />
  <testcase classname="ptolemy.util.test.junit.AutoTests" name="[83] /home/travis/build/icyphy/ptII/ptolemy/domains/de/test/auto/functionDependencyReconstruction.xml (RunModel)" time="0.029" />
  <testcase classname="ptolemy.util.test.junit.AutoTests" name="[84] /home/travis/build/icyphy/ptII/ptolemy/domains/de/test/auto/multirate.xml (RunModel)" time="0.014" />
  <testcase classname="ptolemy.util.test.junit.AutoTests" name="[85] /home/travis/build/icyphy/ptII/ptolemy/domains/de/test/auto/multirate2.xml (RunModel)" time="0.014" />
  <testcase classname="ptolemy.util.test.junit.AutoTests" name="[86] /home/travis/build/icyphy/ptII/ptolemy/domains/de/test/auto/realtime.xml (RunModel)" time="10.011" />
  <testcase classname="ptolemy.util.test.junit.AutoTests" name="[87] /home/travis/build/icyphy/ptII/ptolemy/domains/de/test/auto/relationGroup.xml (RunModel)" time="0.02" />
  <testcase classname="ptolemy.util.test.junit.AutoTests" name="[88] /home/travis/build/icyphy/ptII/ptolemy/domains/de/test/auto/relationGroup2.xml (RunModel)" time="0.007" />
  <testcase classname="ptolemy.util.test.junit.AutoTests" name="[89] /home/travis/build/icyphy/ptII/ptolemy/domains/de/test/auto/sortWithOpaquePorts.xml (RunModel)" time="0.008" />
  <testcase classname="ptolemy.util.test.junit.AutoTests" name="[90] /home/travis/build/icyphy/ptII/ptolemy/domains/de/test/auto/transferInputsandOutputs.xml (RunModel)" time="0.013" />
  <testcase classname="ptolemy.util.test.junit.AutoTests" name="[91] /home/travis/build/icyphy/ptII/ptolemy/domains/de/test/auto/triggerType.xml (RunModel)" time="0.008" />
  <system-out><![CDATA[/home/travis/build/icyphy/ptII/ptolemy/domains/de/test/DependencyLoop.tcl
testDefs.tcl: setting time out to 9000 seconds at Tue Mar 05 14:58:53 UTC 2019
14 ms. Memory: 116224K Free: 97296K (84%)
24 ms. Memory: 146944K Free: 141190K (96%)
/home/travis/build/icyphy/ptII/ptolemy/domains/de/test/RunDETestsAsQSS.tcl
Run the DE tests using ptolemy.domains.qss.test.QSSDirectorTest, which extends QSSDirector and prints a message in the constructors.
------------------ testing $PTII/ptolemy/domains/de/test/auto/knownFailedTests/dependencyLoop.xml (Known Failure) 
7 ms. Memory: 146944K Free: 136940K (93%)


==== $PTIIhome/travis/build/icyphy/ptII/ptolemy/domains/de/test/../../../../: Auto Automatic test in file $PTII/ptolemy/domains/de/test/auto/knownFailedTests/dependencyLoop.xml
==== Contents of test case:

	    # FIXME: we should use $relativeFilename here, but it
	    # might have backslashes under Windows, which causes no end
	    # of trouble.
	    createAndExecute $file
	    list {}
	
.... Test generated KNOWN error:
    while executing
ptolemy.kernel.util.IllegalActionException: Found a zero delay loop containing .dependencyLoop.original
  in .dependencyLoop and .dependencyLoop.original
	at ptolemy.actor.util.CausalityInterfaceForComposites._computeOutputPortDepth(CausalityInterfaceForComposites.java:759)
	at ptolemy.actor.util.CausalityInterfaceForComposites._computeInputDepth(CausalityInterfaceForComposites.java:696)
	at ptolemy.actor.util.CausalityInterfaceForComposites._computeOutputPortDepth(CausalityInterfaceForComposites.java:765)
	at ptolemy.actor.util.CausalityInterfaceForComposites._computeInputDepth(CausalityInterfaceForComposites.java:696)
	at ptolemy.actor.util.CausalityInterfaceForComposites._computeOutputPortDepth(CausalityInterfaceForComposites.java:765)
	at ptolemy.actor.util.CausalityInterfaceForComposites._computeInputDepth(CausalityInterfaceForComposites.java:696)
	at ptolemy.actor.util.CausalityInterfaceForComposites._computeActorDepth(CausalityInterfaceForComposites.java:532)
	at ptolemy.actor.util.CausalityInterfaceForComposites.checkForCycles(CausalityInterfaceForComposites.java:96)
	at ptolemy.domains.de.kernel.DEDirector.preinitialize(DEDirector.java:1338)
	at ptolemy.actor.CompositeActor.preinitialize(CompositeActor.java:1828)
	at ptolemy.actor.Manager.preinitializeAndResolveTypes(Manager.java:1040)
	at ptolemy.actor.Manager.initialize(Manager.java:710)
	at ptolemy.actor.Manager.execute(Manager.java:356)
	at ptolemy.actor.Manager.run(Manager.java:1263)
	at ptolemy.actor.Manager$PtolemyRunThread.run(Manager.java:1915)

    while executing
ptolemy.kernel.util.IllegalActionException: Found a zero delay loop containing .dependencyLoop.original
  in .dependencyLoop and .dependencyLoop.original
    while executing
"java::new ptolemy.moml.MoMLSimpleApplication $file
"
    (procedure "createAndExecute" line 2)
    invoked from within
"createAndExecute $file"
    ("uplevel" body line 5)
    invoked from within
"uplevel $contents_of_test"
------------------ testing $PTII/ptolemy/domains/de/test/auto/knownFailedTests/DESDFClockTest.xml (Known Failure) 
2072 ms. Memory: 146944K Free: 121341K (83%)


==== $PTIIhome/travis/build/icyphy/ptII/ptolemy/domains/de/test/../../../../: Auto Automatic test in file $PTII/ptolemy/domains/de/test/auto/knownFailedTests/DESDFClockTest.xml
==== Contents of test case:

	    # FIXME: we should use $relativeFilename here, but it
	    # might have backslashes under Windows, which causes no end
	    # of trouble.
	    createAndExecute $file
	    list {}
	
.... Test generated KNOWN error:
    while executing
ptolemy.kernel.util.IllegalActionException: Actor is not ready to fire.  Perhaps UpSample.prefire() returned false? Try debugging the actor by selecting "Listen to Actor".  Also, for SDF check moml for tokenConsumptionRate on input.
  in .DESDFClockTest.Play Bell.Copy1:SDF Director and .DESDFClockTest.Play Bell.UpSample
	at ptolemy.actor.sched.StaticSchedulingDirector.fire(StaticSchedulingDirector.java:227)
	at ptolemy.domains.sdf.kernel.SDFDirector.fire(SDFDirector.java:500)
	at ptolemy.actor.CompositeActor.fire(CompositeActor.java:455)
	at ptolemy.domains.de.kernel.DEDirector._fire(DEDirector.java:1949)
	at ptolemy.domains.de.kernel.DEDirector.fire(DEDirector.java:502)
	at ptolemy.actor.CompositeActor.fire(CompositeActor.java:455)
	at ptolemy.actor.Manager.iterate(Manager.java:851)
	at ptolemy.actor.Manager.execute(Manager.java:369)
	at ptolemy.actor.Manager.run(Manager.java:1263)
	at ptolemy.actor.Manager$PtolemyRunThread.run(Manager.java:1915)

    while executing
ptolemy.kernel.util.IllegalActionException: Actor is not ready to fire.  Perhaps UpSample.prefire() returned false? Try debugging the actor by selecting "Listen to Actor".  Also, for SDF check moml for tokenConsumptionRate on input.
  in .DESDFClockTest.Play Bell.Copy1:SDF Director and .DESDFClockTest.Play Bell.UpSample
    while executing
"java::new ptolemy.moml.MoMLSimpleApplication $file
"
    (procedure "createAndExecute" line 2)
    invoked from within
"createAndExecute $file"
    ("uplevel" body line 5)
    invoked from within
"uplevel $contents_of_test"
------------------ testing $PTII/ptolemy/domains/de/test/auto/knownFailedTests/FSMSource.xml (Known Failure) 
28 ms. Memory: 146944K Free: 112418K (77%)
!!!! Auto was marked as failing, but now passes
------------------ testing $PTII/ptolemy/domains/de/test/auto/knownFailedTests/dependencyLoop2.xml (Known Failure) 
6 ms. Memory: 146944K Free: 110543K (75%)


==== $PTIIhome/travis/build/icyphy/ptII/ptolemy/domains/de/test/../../../../: Auto Automatic test in file $PTII/ptolemy/domains/de/test/auto/knownFailedTests/dependencyLoop2.xml
==== Contents of test case:

	    # FIXME: we should use $relativeFilename here, but it
	    # might have backslashes under Windows, which causes no end
	    # of trouble.
	    createAndExecute $file
	    list {}
	
.... Test generated KNOWN error:
    while executing
ptolemy.kernel.util.IllegalActionException: Found a zero delay loop containing .dependencyLoop2.original
  in .dependencyLoop2 and .dependencyLoop2.original
	at ptolemy.actor.util.CausalityInterfaceForComposites._computeOutputPortDepth(CausalityInterfaceForComposites.java:759)
	at ptolemy.actor.util.CausalityInterfaceForComposites._computeInputDepth(CausalityInterfaceForComposites.java:696)
	at ptolemy.actor.util.CausalityInterfaceForComposites._computeOutputPortDepth(CausalityInterfaceForComposites.java:765)
	at ptolemy.actor.util.CausalityInterfaceForComposites._computeInputDepth(CausalityInterfaceForComposites.java:696)
	at ptolemy.actor.util.CausalityInterfaceForComposites._computeOutputPortDepth(CausalityInterfaceForComposites.java:765)
	at ptolemy.actor.util.CausalityInterfaceForComposites._computeInputDepth(CausalityInterfaceForComposites.java:696)
	at ptolemy.actor.util.CausalityInterfaceForComposites._computeActorDepth(CausalityInterfaceForComposites.java:532)
	at ptolemy.actor.util.CausalityInterfaceForComposites.checkForCycles(CausalityInterfaceForComposites.java:96)
	at ptolemy.domains.de.kernel.DEDirector.preinitialize(DEDirector.java:1338)
	at ptolemy.actor.CompositeActor.preinitialize(CompositeActor.java:1828)
	at ptolemy.actor.Manager.preinitializeAndResolveTypes(Manager.java:1040)
	at ptolemy.actor.Manager.initialize(Manager.java:710)
	at ptolemy.actor.Manager.execute(Manager.java:356)
	at ptolemy.actor.Manager.run(Manager.java:1263)
	at ptolemy.actor.Manager$PtolemyRunThread.run(Manager.java:1915)

    while executing
ptolemy.kernel.util.IllegalActionException: Found a zero delay loop containing .dependencyLoop2.original
  in .dependencyLoop2 and .dependencyLoop2.original
    while executing
"java::new ptolemy.moml.MoMLSimpleApplication $file
"
    (procedure "createAndExecute" line 2)
    invoked from within
"createAndExecute $file"
    ("uplevel" body line 5)
    invoked from within
"uplevel $contents_of_test"
------------------ testing $PTII/ptolemy/domains/de/test/auto/knownFailedTests/HierarchicalModel.xml (Known Failure) 
6 ms. Memory: 146944K Free: 90318K (61%)


==== $PTIIhome/travis/build/icyphy/ptII/ptolemy/domains/de/test/../../../../: Auto Automatic test in file $PTII/ptolemy/domains/de/test/auto/knownFailedTests/HierarchicalModel.xml
==== Contents of test case:

	    # FIXME: we should use $relativeFilename here, but it
	    # might have backslashes under Windows, which causes no end
	    # of trouble.
	    createAndExecute $file
	    list {}
	
.... Test generated KNOWN error:
    while executing
ptolemy.kernel.util.IllegalActionException: Found a zero delay loop containing .HierarchicalModel.A
  in .HierarchicalModel and .HierarchicalModel.A
	at ptolemy.actor.util.CausalityInterfaceForComposites._computeOutputPortDepth(CausalityInterfaceForComposites.java:759)
	at ptolemy.actor.util.CausalityInterfaceForComposites._computeInputDepth(CausalityInterfaceForComposites.java:696)
	at ptolemy.actor.util.CausalityInterfaceForComposites._computeOutputPortDepth(CausalityInterfaceForComposites.java:765)
	at ptolemy.actor.util.CausalityInterfaceForComposites._computeInputDepth(CausalityInterfaceForComposites.java:696)
	at ptolemy.actor.util.CausalityInterfaceForComposites._computeOutputPortDepth(CausalityInterfaceForComposites.java:765)
	at ptolemy.actor.util.CausalityInterfaceForComposites._computeInputDepth(CausalityInterfaceForComposites.java:696)
	at ptolemy.actor.util.CausalityInterfaceForComposites._computeActorDepth(CausalityInterfaceForComposites.java:532)
	at ptolemy.actor.util.CausalityInterfaceForComposites.checkForCycles(CausalityInterfaceForComposites.java:96)
	at ptolemy.domains.de.kernel.DEDirector.preinitialize(DEDirector.java:1338)
	at ptolemy.actor.CompositeActor.preinitialize(CompositeActor.java:1828)
	at ptolemy.actor.Manager.preinitializeAndResolveTypes(Manager.java:1040)
	at ptolemy.actor.Manager.initialize(Manager.java:710)
	at ptolemy.actor.Manager.execute(Manager.java:356)
	at ptolemy.actor.Manager.run(Manager.java:1263)
	at ptolemy.actor.Manager$PtolemyRunThread.run(Manager.java:1915)

    while executing
ptolemy.kernel.util.IllegalActionException: Found a zero delay loop containing .HierarchicalModel.A
  in .HierarchicalModel and .HierarchicalModel.A
    while executing
"java::new ptolemy.moml.MoMLSimpleApplication $file
"
    (procedure "createAndExecute" line 2)
    invoked from within
"createAndExecute $file"
    ("uplevel" body line 5)
    invoked from within
"uplevel $contents_of_test"
------------------ testing $PTII/ptolemy/domains/de/test/auto/knownFailedTests/DirectFeedback.xml (Known Failure) 
4 ms. Memory: 146944K Free: 86166K (59%)


==== $PTIIhome/travis/build/icyphy/ptII/ptolemy/domains/de/test/../../../../: Auto Automatic test in file $PTII/ptolemy/domains/de/test/auto/knownFailedTests/DirectFeedback.xml
==== Contents of test case:

	    # FIXME: we should use $relativeFilename here, but it
	    # might have backslashes under Windows, which causes no end
	    # of trouble.
	    createAndExecute $file
	    list {}
	
.... Test generated KNOWN error:
    while executing
ptolemy.kernel.util.IllegalActionException: Test fails in iteration 1.
Value was: 1.0. Should have been: 2.0
  in .DirectFeedback.Test
	at ptolemy.actor.lib.Test.fire(Test.java:268)
	at ptolemy.domains.de.kernel.DEDirector._fire(DEDirector.java:1949)
	at ptolemy.domains.de.kernel.DEDirector.fire(DEDirector.java:502)
	at ptolemy.actor.CompositeActor.fire(CompositeActor.java:455)
	at ptolemy.actor.Manager.iterate(Manager.java:851)
	at ptolemy.actor.Manager.execute(Manager.java:369)
	at ptolemy.actor.Manager.run(Manager.java:1263)
	at ptolemy.actor.Manager$PtolemyRunThread.run(Manager.java:1915)

    while executing
ptolemy.kernel.util.IllegalActionException: Test fails in iteration 1.
Value was: 1.0. Should have been: 2.0
  in .DirectFeedback.Test
    while executing
"java::new ptolemy.moml.MoMLSimpleApplication $file
"
    (procedure "createAndExecute" line 2)
    invoked from within
"createAndExecute $file"
    ("uplevel" body line 5)
    invoked from within
"uplevel $contents_of_test"
------------------ testing $PTII/ptolemy/domains/de/test/auto/ActorDepthCalculation_actorWithoutPorts.xml
auto.tcl: Setting watchdog for 200 seconds at Tue Mar 05 14:58:56 UTC 2019
8 ms. Memory: 146944K Free: 139968K (95%)
ptolemy.util.test.WatchDog.cancel(): canceling Tue Mar 05 14:58:56 UTC 2019
auto.tcl: Setting watchdog for 200 seconds at Tue Mar 05 14:58:56 UTC 2019
4 ms. Memory: 146944K Free: 137660K (94%)
ptolemy.util.test.WatchDog.cancel(): canceling Tue Mar 05 14:58:56 UTC 2019
------------------ testing $PTII/ptolemy/domains/de/test/auto/AssemblyLine.xml
auto.tcl: Setting watchdog for 200 seconds at Tue Mar 05 14:58:57 UTC 2019
11 ms. Memory: 208384K Free: 183370K (88%)
ptolemy.util.test.WatchDog.cancel(): canceling Tue Mar 05 14:58:57 UTC 2019
auto.tcl: Setting watchdog for 200 seconds at Tue Mar 05 14:58:57 UTC 2019
11 ms. Memory: 208384K Free: 183370K (88%)
ptolemy.util.test.WatchDog.cancel(): canceling Tue Mar 05 14:58:57 UTC 2019
------------------ testing $PTII/ptolemy/domains/de/test/auto/CQBug1.xml
auto.tcl: Setting watchdog for 200 seconds at Tue Mar 05 14:58:57 UTC 2019
7 ms. Memory: 208384K Free: 197890K (95%)
ptolemy.util.test.WatchDog.cancel(): canceling Tue Mar 05 14:58:57 UTC 2019
auto.tcl: Setting watchdog for 200 seconds at Tue Mar 05 14:58:57 UTC 2019
3 ms. Memory: 208384K Free: 197890K (95%)
ptolemy.util.test.WatchDog.cancel(): canceling Tue Mar 05 14:58:57 UTC 2019
------------------ testing $PTII/ptolemy/domains/de/test/auto/CancelFireAt.xml
auto.tcl: Setting watchdog for 200 seconds at Tue Mar 05 14:58:57 UTC 2019
11 ms. Memory: 208384K Free: 201558K (97%)
ptolemy.util.test.WatchDog.cancel(): canceling Tue Mar 05 14:58:57 UTC 2019
auto.tcl: Setting watchdog for 200 seconds at Tue Mar 05 14:58:57 UTC 2019
4 ms. Memory: 208384K Free: 199510K (96%)
ptolemy.util.test.WatchDog.cancel(): canceling Tue Mar 05 14:58:57 UTC 2019
------------------ testing $PTII/ptolemy/domains/de/test/auto/CausalityAndComposabilityAnalysis.xml
auto.tcl: Setting watchdog for 200 seconds at Tue Mar 05 14:58:57 UTC 2019
14 ms. Memory: 208384K Free: 198573K (95%)
ptolemy.util.test.WatchDog.cancel(): canceling Tue Mar 05 14:58:57 UTC 2019
auto.tcl: Setting watchdog for 200 seconds at Tue Mar 05 14:58:57 UTC 2019
5 ms. Memory: 208384K Free: 196509K (94%)
ptolemy.util.test.WatchDog.cancel(): canceling Tue Mar 05 14:58:57 UTC 2019
------------------ testing $PTII/ptolemy/domains/de/test/auto/CausalityInterface1.xml
auto.tcl: Setting watchdog for 200 seconds at Tue Mar 05 14:58:57 UTC 2019
17 ms. Memory: 208384K Free: 196446K (94%)
ptolemy.util.test.WatchDog.cancel(): canceling Tue Mar 05 14:58:57 UTC 2019
auto.tcl: Setting watchdog for 200 seconds at Tue Mar 05 14:58:57 UTC 2019
3 ms. Memory: 208384K Free: 196446K (94%)
ptolemy.util.test.WatchDog.cancel(): canceling Tue Mar 05 14:58:57 UTC 2019
------------------ testing $PTII/ptolemy/domains/de/test/auto/CausalityInterface15.xml
auto.tcl: Setting watchdog for 200 seconds at Tue Mar 05 14:58:57 UTC 2019
5 ms. Memory: 208384K Free: 196421K (94%)
ptolemy.util.test.WatchDog.cancel(): canceling Tue Mar 05 14:58:57 UTC 2019
auto.tcl: Setting watchdog for 200 seconds at Tue Mar 05 14:58:57 UTC 2019
4 ms. Memory: 208384K Free: 196421K (94%)
ptolemy.util.test.WatchDog.cancel(): canceling Tue Mar 05 14:58:58 UTC 2019
------------------ testing $PTII/ptolemy/domains/de/test/auto/CausalityInterface2.xml
auto.tcl: Setting watchdog for 200 seconds at Tue Mar 05 14:58:58 UTC 2019
5 ms. Memory: 208384K Free: 196972K (95%)
ptolemy.util.test.WatchDog.cancel(): canceling Tue Mar 05 14:58:58 UTC 2019
auto.tcl: Setting watchdog for 200 seconds at Tue Mar 05 14:58:58 UTC 2019
8 ms. Memory: 208384K Free: 196453K (94%)
ptolemy.util.test.WatchDog.cancel(): canceling Tue Mar 05 14:58:58 UTC 2019
------------------ testing $PTII/ptolemy/domains/de/test/auto/CausalityInterface3.xml
auto.tcl: Setting watchdog for 200 seconds at Tue Mar 05 14:58:58 UTC 2019
4 ms. Memory: 208384K Free: 196450K (94%)
ptolemy.util.test.WatchDog.cancel(): canceling Tue Mar 05 14:58:58 UTC 2019
auto.tcl: Setting watchdog for 200 seconds at Tue Mar 05 14:58:58 UTC 2019
5 ms. Memory: 208384K Free: 196450K (94%)
ptolemy.util.test.WatchDog.cancel(): canceling Tue Mar 05 14:58:58 UTC 2019
------------------ testing $PTII/ptolemy/domains/de/test/auto/ClockDrift.xml
auto.tcl: Setting watchdog for 200 seconds at Tue Mar 05 14:58:58 UTC 2019
86 ms. Memory: 208384K Free: 187806K (90%)
ptolemy.util.test.WatchDog.cancel(): canceling Tue Mar 05 14:58:58 UTC 2019
auto.tcl: Setting watchdog for 200 seconds at Tue Mar 05 14:58:58 UTC 2019
62 ms. Memory: 208384K Free: 185758K (89%)
ptolemy.util.test.WatchDog.cancel(): canceling Tue Mar 05 14:58:58 UTC 2019
------------------ testing $PTII/ptolemy/domains/de/test/auto/ClockDriftAndValueChange.xml
auto.tcl: Setting watchdog for 200 seconds at Tue Mar 05 14:58:58 UTC 2019
26 ms. Memory: 208384K Free: 189705K (91%)
ptolemy.util.test.WatchDog.cancel(): canceling Tue Mar 05 14:58:58 UTC 2019
auto.tcl: Setting watchdog for 200 seconds at Tue Mar 05 14:58:58 UTC 2019
25 ms. Memory: 208384K Free: 185609K (89%)
ptolemy.util.test.WatchDog.cancel(): canceling Tue Mar 05 14:58:58 UTC 2019
------------------ testing $PTII/ptolemy/domains/de/test/auto/ClockDriftChange.xml
auto.tcl: Setting watchdog for 200 seconds at Tue Mar 05 14:58:58 UTC 2019
44 ms. Memory: 208384K Free: 190914K (92%)
ptolemy.util.test.WatchDog.cancel(): canceling Tue Mar 05 14:58:58 UTC 2019
auto.tcl: Setting watchdog for 200 seconds at Tue Mar 05 14:58:58 UTC 2019
31 ms. Memory: 208384K Free: 188866K (91%)
ptolemy.util.test.WatchDog.cancel(): canceling Tue Mar 05 14:58:58 UTC 2019
------------------ testing $PTII/ptolemy/domains/de/test/auto/ComposableCausalityAnalysis.xml
auto.tcl: Setting watchdog for 200 seconds at Tue Mar 05 14:58:58 UTC 2019
3 ms. Memory: 208384K Free: 196306K (94%)
ptolemy.util.test.WatchDog.cancel(): canceling Tue Mar 05 14:58:58 UTC 2019
auto.tcl: Setting watchdog for 200 seconds at Tue Mar 05 14:58:58 UTC 2019
1 ms. Memory: 208384K Free: 194258K (93%)
ptolemy.util.test.WatchDog.cancel(): canceling Tue Mar 05 14:58:58 UTC 2019
------------------ testing $PTII/ptolemy/domains/de/test/auto/DEFixedPointLimitation.xml
auto.tcl: Setting watchdog for 200 seconds at Tue Mar 05 14:58:58 UTC 2019
3 ms. Memory: 208384K Free: 198434K (95%)
ptolemy.util.test.WatchDog.cancel(): canceling Tue Mar 05 14:58:59 UTC 2019
auto.tcl: Setting watchdog for 200 seconds at Tue Mar 05 14:58:59 UTC 2019
1 ms. Memory: 208384K Free: 196386K (94%)
ptolemy.util.test.WatchDog.cancel(): canceling Tue Mar 05 14:58:59 UTC 2019
------------------ testing $PTII/ptolemy/domains/de/test/auto/DEScheduleTest.xml
auto.tcl: Setting watchdog for 200 seconds at Tue Mar 05 14:58:59 UTC 2019
3 ms. Memory: 208384K Free: 198486K (95%)
ptolemy.util.test.WatchDog.cancel(): canceling Tue Mar 05 14:58:59 UTC 2019
auto.tcl: Setting watchdog for 200 seconds at Tue Mar 05 14:58:59 UTC 2019
6 ms. Memory: 208384K Free: 196438K (94%)
ptolemy.util.test.WatchDog.cancel(): canceling Tue Mar 05 14:58:59 UTC 2019
------------------ testing $PTII/ptolemy/domains/de/test/auto/DEinDEwithStartTimes.xml
auto.tcl: Setting watchdog for 200 seconds at Tue Mar 05 14:58:59 UTC 2019
4 ms. Memory: 208384K Free: 196383K (94%)
ptolemy.util.test.WatchDog.cancel(): canceling Tue Mar 05 14:58:59 UTC 2019
auto.tcl: Setting watchdog for 200 seconds at Tue Mar 05 14:58:59 UTC 2019
4 ms. Memory: 208384K Free: 196383K (94%)
ptolemy.util.test.WatchDog.cancel(): canceling Tue Mar 05 14:58:59 UTC 2019
------------------ testing $PTII/ptolemy/domains/de/test/auto/DEinDEwithStartTimes2.xml
auto.tcl: Setting watchdog for 200 seconds at Tue Mar 05 14:58:59 UTC 2019
8 ms. Memory: 208384K Free: 196371K (94%)
ptolemy.util.test.WatchDog.cancel(): canceling Tue Mar 05 14:58:59 UTC 2019
auto.tcl: Setting watchdog for 200 seconds at Tue Mar 05 14:58:59 UTC 2019
4 ms. Memory: 208384K Free: 194307K (93%)
ptolemy.util.test.WatchDog.cancel(): canceling Tue Mar 05 14:58:59 UTC 2019
------------------ testing $PTII/ptolemy/domains/de/test/auto/DateDemo.xml
auto.tcl: Setting watchdog for 200 seconds at Tue Mar 05 14:58:59 UTC 2019
13 ms. Memory: 208384K Free: 188932K (91%)
ptolemy.util.test.WatchDog.cancel(): canceling Tue Mar 05 14:58:59 UTC 2019
auto.tcl: Setting watchdog for 200 seconds at Tue Mar 05 14:58:59 UTC 2019
7 ms. Memory: 208384K Free: 186868K (90%)
ptolemy.util.test.WatchDog.cancel(): canceling Tue Mar 05 14:58:59 UTC 2019
------------------ testing $PTII/ptolemy/domains/de/test/auto/DateToEvent.xml
auto.tcl: Setting watchdog for 200 seconds at Tue Mar 05 14:58:59 UTC 2019
2012 ms. Memory: 208384K Free: 183802K (88%)
ptolemy.util.test.WatchDog.cancel(): canceling Tue Mar 05 14:59:01 UTC 2019
auto.tcl: Setting watchdog for 200 seconds at Tue Mar 05 14:59:01 UTC 2019
2006 ms. Memory: 208384K Free: 183802K (88%)
ptolemy.util.test.WatchDog.cancel(): canceling Tue Mar 05 14:59:03 UTC 2019
------------------ testing $PTII/ptolemy/domains/de/test/auto/DepthTest1.xml
auto.tcl: Setting watchdog for 200 seconds at Tue Mar 05 14:59:03 UTC 2019
2 ms. Memory: 208384K Free: 198012K (95%)
ptolemy.util.test.WatchDog.cancel(): canceling Tue Mar 05 14:59:03 UTC 2019
auto.tcl: Setting watchdog for 200 seconds at Tue Mar 05 14:59:03 UTC 2019
2 ms. Memory: 208384K Free: 198012K (95%)
ptolemy.util.test.WatchDog.cancel(): canceling Tue Mar 05 14:59:03 UTC 2019
------------------ testing $PTII/ptolemy/domains/de/test/auto/DepthTest2.xml
auto.tcl: Setting watchdog for 200 seconds at Tue Mar 05 14:59:03 UTC 2019
8 ms. Memory: 208384K Free: 194334K (93%)
ptolemy.util.test.WatchDog.cancel(): canceling Tue Mar 05 14:59:03 UTC 2019
auto.tcl: Setting watchdog for 200 seconds at Tue Mar 05 14:59:03 UTC 2019
2 ms. Memory: 208384K Free: 194334K (93%)
ptolemy.util.test.WatchDog.cancel(): canceling Tue Mar 05 14:59:03 UTC 2019
------------------ testing $PTII/ptolemy/domains/de/test/auto/DepthTest3.xml
auto.tcl: Setting watchdog for 200 seconds at Tue Mar 05 14:59:03 UTC 2019
3 ms. Memory: 208384K Free: 198348K (95%)
ptolemy.util.test.WatchDog.cancel(): canceling Tue Mar 05 14:59:03 UTC 2019
auto.tcl: Setting watchdog for 200 seconds at Tue Mar 05 14:59:03 UTC 2019
2 ms. Memory: 208384K Free: 198348K (95%)
ptolemy.util.test.WatchDog.cancel(): canceling Tue Mar 05 14:59:03 UTC 2019
------------------ testing $PTII/ptolemy/domains/de/test/auto/DepthTest4.xml
auto.tcl: Setting watchdog for 200 seconds at Tue Mar 05 14:59:03 UTC 2019
5 ms. Memory: 208384K Free: 196355K (94%)
ptolemy.util.test.WatchDog.cancel(): canceling Tue Mar 05 14:59:03 UTC 2019
auto.tcl: Setting watchdog for 200 seconds at Tue Mar 05 14:59:03 UTC 2019
3 ms. Memory: 208384K Free: 196355K (94%)
ptolemy.util.test.WatchDog.cancel(): canceling Tue Mar 05 14:59:03 UTC 2019
------------------ testing $PTII/ptolemy/domains/de/test/auto/DepthTest5.xml
auto.tcl: Setting watchdog for 200 seconds at Tue Mar 05 14:59:03 UTC 2019
3 ms. Memory: 208384K Free: 196318K (94%)
ptolemy.util.test.WatchDog.cancel(): canceling Tue Mar 05 14:59:03 UTC 2019
auto.tcl: Setting watchdog for 200 seconds at Tue Mar 05 14:59:03 UTC 2019
3 ms. Memory: 208384K Free: 196318K (94%)
ptolemy.util.test.WatchDog.cancel(): canceling Tue Mar 05 14:59:03 UTC 2019
------------------ testing $PTII/ptolemy/domains/de/test/auto/DepthTest6.xml
auto.tcl: Setting watchdog for 200 seconds at Tue Mar 05 14:59:03 UTC 2019
10 ms. Memory: 208384K Free: 196310K (94%)
ptolemy.util.test.WatchDog.cancel(): canceling Tue Mar 05 14:59:03 UTC 2019
auto.tcl: Setting watchdog for 200 seconds at Tue Mar 05 14:59:03 UTC 2019
3 ms. Memory: 208384K Free: 196310K (94%)
ptolemy.util.test.WatchDog.cancel(): canceling Tue Mar 05 14:59:03 UTC 2019
------------------ testing $PTII/ptolemy/domains/de/test/auto/DepthTest7.xml
auto.tcl: Setting watchdog for 200 seconds at Tue Mar 05 14:59:04 UTC 2019
3 ms. Memory: 208384K Free: 196259K (94%)
ptolemy.util.test.WatchDog.cancel(): canceling Tue Mar 05 14:59:04 UTC 2019
auto.tcl: Setting watchdog for 200 seconds at Tue Mar 05 14:59:04 UTC 2019
2 ms. Memory: 208384K Free: 196259K (94%)
ptolemy.util.test.WatchDog.cancel(): canceling Tue Mar 05 14:59:04 UTC 2019
------------------ testing $PTII/ptolemy/domains/de/test/auto/EventToDate.xml
auto.tcl: Setting watchdog for 200 seconds at Tue Mar 05 14:59:04 UTC 2019
3008 ms. Memory: 208384K Free: 188081K (90%)
ptolemy.util.test.WatchDog.cancel(): canceling Tue Mar 05 14:59:07 UTC 2019
auto.tcl: Setting watchdog for 200 seconds at Tue Mar 05 14:59:07 UTC 2019
3004 ms. Memory: 208384K Free: 186033K (89%)
ptolemy.util.test.WatchDog.cancel(): canceling Tue Mar 05 14:59:10 UTC 2019
------------------ testing $PTII/ptolemy/domains/de/test/auto/FSM1.xml
auto.tcl: Setting watchdog for 200 seconds at Tue Mar 05 14:59:10 UTC 2019
18 ms. Memory: 208384K Free: 189392K (91%)
ptolemy.util.test.WatchDog.cancel(): canceling Tue Mar 05 14:59:10 UTC 2019
auto.tcl: Setting watchdog for 200 seconds at Tue Mar 05 14:59:10 UTC 2019
15 ms. Memory: 208384K Free: 185280K (89%)
ptolemy.util.test.WatchDog.cancel(): canceling Tue Mar 05 14:59:10 UTC 2019
------------------ testing $PTII/ptolemy/domains/de/test/auto/FSM7.xml
auto.tcl: Setting watchdog for 200 seconds at Tue Mar 05 14:59:10 UTC 2019
15 ms. Memory: 208384K Free: 189602K (91%)
ptolemy.util.test.WatchDog.cancel(): canceling Tue Mar 05 14:59:10 UTC 2019
auto.tcl: Setting watchdog for 200 seconds at Tue Mar 05 14:59:10 UTC 2019
24 ms. Memory: 208384K Free: 185474K (89%)
ptolemy.util.test.WatchDog.cancel(): canceling Tue Mar 05 14:59:10 UTC 2019
------------------ testing $PTII/ptolemy/domains/de/test/auto/Inspection.xml
auto.tcl: Setting watchdog for 200 seconds at Tue Mar 05 14:59:10 UTC 2019
42 ms. Memory: 208384K Free: 189287K (91%)
ptolemy.util.test.WatchDog.cancel(): canceling Tue Mar 05 14:59:10 UTC 2019
auto.tcl: Setting watchdog for 200 seconds at Tue Mar 05 14:59:10 UTC 2019
22 ms. Memory: 208384K Free: 186704K (90%)
ptolemy.util.test.WatchDog.cancel(): canceling Tue Mar 05 14:59:10 UTC 2019
------------------ testing $PTII/ptolemy/domains/de/test/auto/Iteration.xml
auto.tcl: Setting watchdog for 200 seconds at Tue Mar 05 14:59:10 UTC 2019
9 ms. Memory: 208384K Free: 196601K (94%)
ptolemy.util.test.WatchDog.cancel(): canceling Tue Mar 05 14:59:10 UTC 2019
auto.tcl: Setting watchdog for 200 seconds at Tue Mar 05 14:59:10 UTC 2019
6 ms. Memory: 208384K Free: 194017K (93%)
ptolemy.util.test.WatchDog.cancel(): canceling Tue Mar 05 14:59:10 UTC 2019
------------------ testing $PTII/ptolemy/domains/de/test/auto/LineFault.xml
auto.tcl: Setting watchdog for 200 seconds at Tue Mar 05 14:59:10 UTC 2019
769 ms. Memory: 208384K Free: 199859K (96%)
ptolemy.util.test.WatchDog.cancel(): canceling Tue Mar 05 14:59:11 UTC 2019
auto.tcl: Setting watchdog for 200 seconds at Tue Mar 05 14:59:11 UTC 2019
578 ms. Memory: 208384K Free: 142165K (68%)
ptolemy.util.test.WatchDog.cancel(): canceling Tue Mar 05 14:59:12 UTC 2019
------------------ testing $PTII/ptolemy/domains/de/test/auto/MergeModel1Add.xml
auto.tcl: Setting watchdog for 200 seconds at Tue Mar 05 14:59:12 UTC 2019
29 ms. Memory: 331264K Free: 300711K (91%)
ptolemy.util.test.WatchDog.cancel(): canceling Tue Mar 05 14:59:12 UTC 2019
auto.tcl: Setting watchdog for 200 seconds at Tue Mar 05 14:59:12 UTC 2019
13 ms. Memory: 331264K Free: 300711K (91%)
ptolemy.util.test.WatchDog.cancel(): canceling Tue Mar 05 14:59:12 UTC 2019
------------------ testing $PTII/ptolemy/domains/de/test/auto/MergeModel2Add.xml
auto.tcl: Setting watchdog for 200 seconds at Tue Mar 05 14:59:12 UTC 2019
9 ms. Memory: 331264K Free: 305631K (92%)
ptolemy.util.test.WatchDog.cancel(): canceling Tue Mar 05 14:59:12 UTC 2019
auto.tcl: Setting watchdog for 200 seconds at Tue Mar 05 14:59:12 UTC 2019
7 ms. Memory: 331264K Free: 302034K (91%)
ptolemy.util.test.WatchDog.cancel(): canceling Tue Mar 05 14:59:12 UTC 2019
------------------ testing $PTII/ptolemy/domains/de/test/auto/MergeModel3Add.xml
auto.tcl: Setting watchdog for 200 seconds at Tue Mar 05 14:59:12 UTC 2019
10 ms. Memory: 331264K Free: 305649K (92%)
ptolemy.util.test.WatchDog.cancel(): canceling Tue Mar 05 14:59:12 UTC 2019
auto.tcl: Setting watchdog for 200 seconds at Tue Mar 05 14:59:12 UTC 2019
6 ms. Memory: 331264K Free: 302060K (91%)
ptolemy.util.test.WatchDog.cancel(): canceling Tue Mar 05 14:59:12 UTC 2019
------------------ testing $PTII/ptolemy/domains/de/test/auto/MergeWithoutDiscard.xml
auto.tcl: Setting watchdog for 200 seconds at Tue Mar 05 14:59:12 UTC 2019
2 ms. Memory: 331264K Free: 316688K (96%)
ptolemy.util.test.WatchDog.cancel(): canceling Tue Mar 05 14:59:12 UTC 2019
auto.tcl: Setting watchdog for 200 seconds at Tue Mar 05 14:59:12 UTC 2019
1 ms. Memory: 331264K Free: 316688K (96%)
ptolemy.util.test.WatchDog.cancel(): canceling Tue Mar 05 14:59:12 UTC 2019
------------------ testing $PTII/ptolemy/domains/de/test/auto/Modal1.xml
auto.tcl: Setting watchdog for 200 seconds at Tue Mar 05 14:59:12 UTC 2019
13 ms. Memory: 331264K Free: 310240K (94%)
ptolemy.util.test.WatchDog.cancel(): canceling Tue Mar 05 14:59:12 UTC 2019
auto.tcl: Setting watchdog for 200 seconds at Tue Mar 05 14:59:12 UTC 2019
14 ms. Memory: 331264K Free: 306643K (93%)
ptolemy.util.test.WatchDog.cancel(): canceling Tue Mar 05 14:59:12 UTC 2019
------------------ testing $PTII/ptolemy/domains/de/test/auto/Modal2.xml
auto.tcl: Setting watchdog for 200 seconds at Tue Mar 05 14:59:13 UTC 2019
12 ms. Memory: 331264K Free: 310114K (94%)
ptolemy.util.test.WatchDog.cancel(): canceling Tue Mar 05 14:59:13 UTC 2019
auto.tcl: Setting watchdog for 200 seconds at Tue Mar 05 14:59:13 UTC 2019
12 ms. Memory: 331264K Free: 306517K (93%)
ptolemy.util.test.WatchDog.cancel(): canceling Tue Mar 05 14:59:13 UTC 2019
------------------ testing $PTII/ptolemy/domains/de/test/auto/Modal3.xml
auto.tcl: Setting watchdog for 200 seconds at Tue Mar 05 14:59:13 UTC 2019
18 ms. Memory: 331264K Free: 310124K (94%)
ptolemy.util.test.WatchDog.cancel(): canceling Tue Mar 05 14:59:13 UTC 2019
auto.tcl: Setting watchdog for 200 seconds at Tue Mar 05 14:59:13 UTC 2019
12 ms. Memory: 331264K Free: 306527K (93%)
ptolemy.util.test.WatchDog.cancel(): canceling Tue Mar 05 14:59:13 UTC 2019
------------------ testing $PTII/ptolemy/domains/de/test/auto/Modal4.xml
auto.tcl: Setting watchdog for 200 seconds at Tue Mar 05 14:59:13 UTC 2019
15 ms. Memory: 331264K Free: 310150K (94%)
ptolemy.util.test.WatchDog.cancel(): canceling Tue Mar 05 14:59:13 UTC 2019
auto.tcl: Setting watchdog for 200 seconds at Tue Mar 05 14:59:13 UTC 2019
14 ms. Memory: 331264K Free: 306552K (93%)
ptolemy.util.test.WatchDog.cancel(): canceling Tue Mar 05 14:59:13 UTC 2019
------------------ testing $PTII/ptolemy/domains/de/test/auto/Modal5.xml
auto.tcl: Setting watchdog for 200 seconds at Tue Mar 05 14:59:13 UTC 2019
16 ms. Memory: 331264K Free: 310129K (94%)
ptolemy.util.test.WatchDog.cancel(): canceling Tue Mar 05 14:59:13 UTC 2019
auto.tcl: Setting watchdog for 200 seconds at Tue Mar 05 14:59:13 UTC 2019
14 ms. Memory: 331264K Free: 306540K (93%)
ptolemy.util.test.WatchDog.cancel(): canceling Tue Mar 05 14:59:13 UTC 2019
------------------ testing $PTII/ptolemy/domains/de/test/auto/Modal6.xml
auto.tcl: Setting watchdog for 200 seconds at Tue Mar 05 14:59:13 UTC 2019
17 ms. Memory: 331264K Free: 310134K (94%)
ptolemy.util.test.WatchDog.cancel(): canceling Tue Mar 05 14:59:13 UTC 2019
auto.tcl: Setting watchdog for 200 seconds at Tue Mar 05 14:59:13 UTC 2019
16 ms. Memory: 331264K Free: 306536K (93%)
ptolemy.util.test.WatchDog.cancel(): canceling Tue Mar 05 14:59:13 UTC 2019
------------------ testing $PTII/ptolemy/domains/de/test/auto/Modal7.xml
auto.tcl: Setting watchdog for 200 seconds at Tue Mar 05 14:59:13 UTC 2019
17 ms. Memory: 331264K Free: 306521K (93%)
ptolemy.util.test.WatchDog.cancel(): canceling Tue Mar 05 14:59:13 UTC 2019
auto.tcl: Setting watchdog for 200 seconds at Tue Mar 05 14:59:13 UTC 2019
11 ms. Memory: 331264K Free: 302939K (91%)
ptolemy.util.test.WatchDog.cancel(): canceling Tue Mar 05 14:59:13 UTC 2019
------------------ testing $PTII/ptolemy/domains/de/test/auto/ModalModel.xml
auto.tcl: Setting watchdog for 200 seconds at Tue Mar 05 14:59:13 UTC 2019
199 ms. Memory: 331264K Free: 247427K (75%)
ptolemy.util.test.WatchDog.cancel(): canceling Tue Mar 05 14:59:14 UTC 2019
auto.tcl: Setting watchdog for 200 seconds at Tue Mar 05 14:59:14 UTC 2019
177 ms. Memory: 331264K Free: 189959K (57%)
ptolemy.util.test.WatchDog.cancel(): canceling Tue Mar 05 14:59:14 UTC 2019
------------------ testing $PTII/ptolemy/domains/de/test/auto/ModalSource.xml
auto.tcl: Setting watchdog for 200 seconds at Tue Mar 05 14:59:14 UTC 2019
9 ms. Memory: 331264K Free: 316428K (96%)
ptolemy.util.test.WatchDog.cancel(): canceling Tue Mar 05 14:59:14 UTC 2019
auto.tcl: Setting watchdog for 200 seconds at Tue Mar 05 14:59:14 UTC 2019
7 ms. Memory: 331264K Free: 313135K (95%)
ptolemy.util.test.WatchDog.cancel(): canceling Tue Mar 05 14:59:14 UTC 2019
------------------ testing $PTII/ptolemy/domains/de/test/auto/NonInterruptibleTimerZeroDelay.xml
auto.tcl: Setting watchdog for 200 seconds at Tue Mar 05 14:59:14 UTC 2019
5 ms. Memory: 331264K Free: 320812K (97%)
ptolemy.util.test.WatchDog.cancel(): canceling Tue Mar 05 14:59:14 UTC 2019
auto.tcl: Setting watchdog for 200 seconds at Tue Mar 05 14:59:14 UTC 2019
3 ms. Memory: 331264K Free: 317519K (96%)
ptolemy.util.test.WatchDog.cancel(): canceling Tue Mar 05 14:59:14 UTC 2019
------------------ testing $PTII/ptolemy/domains/de/test/auto/OpenQueueingNetwork.xml
auto.tcl: Setting watchdog for 200 seconds at Tue Mar 05 14:59:14 UTC 2019
2659 ms. Memory: 317952K Free: 162840K (51%)
ptolemy.util.test.WatchDog.cancel(): canceling Tue Mar 05 14:59:17 UTC 2019
auto.tcl: Setting watchdog for 200 seconds at Tue Mar 05 14:59:17 UTC 2019
2441 ms. Memory: 287232K Free: 223968K (78%)
ptolemy.util.test.WatchDog.cancel(): canceling Tue Mar 05 14:59:19 UTC 2019
------------------ testing $PTII/ptolemy/domains/de/test/auto/OpenQueuingNetwork.xml
auto.tcl: Setting watchdog for 200 seconds at Tue Mar 05 14:59:19 UTC 2019
232 ms. Memory: 287232K Free: 186316K (65%)
ptolemy.util.test.WatchDog.cancel(): canceling Tue Mar 05 14:59:19 UTC 2019
auto.tcl: Setting watchdog for 200 seconds at Tue Mar 05 14:59:19 UTC 2019
220 ms. Memory: 287232K Free: 123330K (43%)
ptolemy.util.test.WatchDog.cancel(): canceling Tue Mar 05 14:59:20 UTC 2019
------------------ testing $PTII/ptolemy/domains/de/test/auto/PeriodicSampler.xml
auto.tcl: Setting watchdog for 200 seconds at Tue Mar 05 14:59:20 UTC 2019
2 ms. Memory: 289792K Free: 279394K (96%)
ptolemy.util.test.WatchDog.cancel(): canceling Tue Mar 05 14:59:20 UTC 2019
auto.tcl: Setting watchdog for 200 seconds at Tue Mar 05 14:59:20 UTC 2019
2 ms. Memory: 289792K Free: 276524K (95%)
ptolemy.util.test.WatchDog.cancel(): canceling Tue Mar 05 14:59:20 UTC 2019
------------------ testing $PTII/ptolemy/domains/de/test/auto/PersistentIO.xml
auto.tcl: Setting watchdog for 200 seconds at Tue Mar 05 14:59:20 UTC 2019
5 ms. Memory: 287232K Free: 271857K (95%)
ptolemy.util.test.WatchDog.cancel(): canceling Tue Mar 05 14:59:20 UTC 2019
auto.tcl: Setting watchdog for 200 seconds at Tue Mar 05 14:59:20 UTC 2019
3 ms. Memory: 287232K Free: 268987K (94%)
ptolemy.util.test.WatchDog.cancel(): canceling Tue Mar 05 14:59:20 UTC 2019
------------------ testing $PTII/ptolemy/domains/de/test/auto/PortParameterResetOnInitialize.xml
auto.tcl: Setting watchdog for 200 seconds at Tue Mar 05 14:59:20 UTC 2019
3 ms. Memory: 289280K Free: 276627K (96%)
ptolemy.util.test.WatchDog.cancel(): canceling Tue Mar 05 14:59:20 UTC 2019
auto.tcl: Setting watchdog for 200 seconds at Tue Mar 05 14:59:20 UTC 2019
2 ms. Memory: 289280K Free: 276627K (96%)
ptolemy.util.test.WatchDog.cancel(): canceling Tue Mar 05 14:59:20 UTC 2019
------------------ testing $PTII/ptolemy/domains/de/test/auto/PortParameterUpdates.xml
auto.tcl: Setting watchdog for 200 seconds at Tue Mar 05 14:59:20 UTC 2019
6 ms. Memory: 287232K Free: 274721K (96%)
ptolemy.util.test.WatchDog.cancel(): canceling Tue Mar 05 14:59:20 UTC 2019
auto.tcl: Setting watchdog for 200 seconds at Tue Mar 05 14:59:20 UTC 2019
4 ms. Memory: 287232K Free: 271867K (95%)
ptolemy.util.test.WatchDog.cancel(): canceling Tue Mar 05 14:59:20 UTC 2019
------------------ testing $PTII/ptolemy/domains/de/test/auto/QueueAndServer.xml
auto.tcl: Setting watchdog for 200 seconds at Tue Mar 05 14:59:20 UTC 2019
14 ms. Memory: 289280K Free: 273698K (95%)
ptolemy.util.test.WatchDog.cancel(): canceling Tue Mar 05 14:59:20 UTC 2019
auto.tcl: Setting watchdog for 200 seconds at Tue Mar 05 14:59:20 UTC 2019
6 ms. Memory: 289280K Free: 273698K (95%)
ptolemy.util.test.WatchDog.cancel(): canceling Tue Mar 05 14:59:20 UTC 2019
------------------ testing $PTII/ptolemy/domains/de/test/auto/Records.xml
auto.tcl: Setting watchdog for 200 seconds at Tue Mar 05 14:59:20 UTC 2019
7 ms. Memory: 287232K Free: 274478K (96%)
ptolemy.util.test.WatchDog.cancel(): canceling Tue Mar 05 14:59:20 UTC 2019
auto.tcl: Setting watchdog for 200 seconds at Tue Mar 05 14:59:20 UTC 2019
1 ms. Memory: 287232K Free: 274478K (96%)
ptolemy.util.test.WatchDog.cancel(): canceling Tue Mar 05 14:59:20 UTC 2019
------------------ testing $PTII/ptolemy/domains/de/test/auto/ResetTransitionWithStartTime1.xml
auto.tcl: Setting watchdog for 200 seconds at Tue Mar 05 14:59:20 UTC 2019
8 ms. Memory: 288768K Free: 273153K (95%)
ptolemy.util.test.WatchDog.cancel(): canceling Tue Mar 05 14:59:20 UTC 2019
auto.tcl: Setting watchdog for 200 seconds at Tue Mar 05 14:59:20 UTC 2019
6 ms. Memory: 288768K Free: 273153K (95%)
ptolemy.util.test.WatchDog.cancel(): canceling Tue Mar 05 14:59:20 UTC 2019
------------------ testing $PTII/ptolemy/domains/de/test/auto/ResetTransitionWithStartTime2.xml
auto.tcl: Setting watchdog for 200 seconds at Tue Mar 05 14:59:20 UTC 2019
7 ms. Memory: 287232K Free: 271764K (95%)
ptolemy.util.test.WatchDog.cancel(): canceling Tue Mar 05 14:59:20 UTC 2019
auto.tcl: Setting watchdog for 200 seconds at Tue Mar 05 14:59:20 UTC 2019
5 ms. Memory: 287232K Free: 271764K (95%)
ptolemy.util.test.WatchDog.cancel(): canceling Tue Mar 05 14:59:20 UTC 2019
------------------ testing $PTII/ptolemy/domains/de/test/auto/ResetTransitionWithStartTime3.xml
auto.tcl: Setting watchdog for 200 seconds at Tue Mar 05 14:59:20 UTC 2019
5 ms. Memory: 288768K Free: 273143K (95%)
ptolemy.util.test.WatchDog.cancel(): canceling Tue Mar 05 14:59:20 UTC 2019
auto.tcl: Setting watchdog for 200 seconds at Tue Mar 05 14:59:20 UTC 2019
5 ms. Memory: 288768K Free: 273143K (95%)
ptolemy.util.test.WatchDog.cancel(): canceling Tue Mar 05 14:59:20 UTC 2019
------------------ testing $PTII/ptolemy/domains/de/test/auto/ResetTransitionWithStartTime4.xml
auto.tcl: Setting watchdog for 200 seconds at Tue Mar 05 14:59:20 UTC 2019
4 ms. Memory: 287232K Free: 271622K (95%)
ptolemy.util.test.WatchDog.cancel(): canceling Tue Mar 05 14:59:20 UTC 2019
auto.tcl: Setting watchdog for 200 seconds at Tue Mar 05 14:59:20 UTC 2019
3 ms. Memory: 287232K Free: 269564K (94%)
ptolemy.util.test.WatchDog.cancel(): canceling Tue Mar 05 14:59:20 UTC 2019
------------------ testing $PTII/ptolemy/domains/de/test/auto/ResettableTimer1.xml
auto.tcl: Setting watchdog for 200 seconds at Tue Mar 05 14:59:20 UTC 2019
3 ms. Memory: 288768K Free: 276007K (96%)
ptolemy.util.test.WatchDog.cancel(): canceling Tue Mar 05 14:59:21 UTC 2019
auto.tcl: Setting watchdog for 200 seconds at Tue Mar 05 14:59:21 UTC 2019
2 ms. Memory: 288768K Free: 276007K (96%)
ptolemy.util.test.WatchDog.cancel(): canceling Tue Mar 05 14:59:21 UTC 2019
------------------ testing $PTII/ptolemy/domains/de/test/auto/ResettableTimer2.xml
auto.tcl: Setting watchdog for 200 seconds at Tue Mar 05 14:59:21 UTC 2019
3 ms. Memory: 287232K Free: 274685K (96%)
ptolemy.util.test.WatchDog.cancel(): canceling Tue Mar 05 14:59:21 UTC 2019
auto.tcl: Setting watchdog for 200 seconds at Tue Mar 05 14:59:21 UTC 2019
2 ms. Memory: 287232K Free: 274685K (96%)
ptolemy.util.test.WatchDog.cancel(): canceling Tue Mar 05 14:59:21 UTC 2019
------------------ testing $PTII/ptolemy/domains/de/test/auto/ResettableTimer3.xml
auto.tcl: Setting watchdog for 200 seconds at Tue Mar 05 14:59:21 UTC 2019
2 ms. Memory: 288256K Free: 275553K (96%)
ptolemy.util.test.WatchDog.cancel(): canceling Tue Mar 05 14:59:21 UTC 2019
auto.tcl: Setting watchdog for 200 seconds at Tue Mar 05 14:59:21 UTC 2019
1 ms. Memory: 288256K Free: 275553K (96%)
ptolemy.util.test.WatchDog.cancel(): canceling Tue Mar 05 14:59:21 UTC 2019
------------------ testing $PTII/ptolemy/domains/de/test/auto/ResettableTimer4.xml
auto.tcl: Setting watchdog for 200 seconds at Tue Mar 05 14:59:21 UTC 2019
1 ms. Memory: 287232K Free: 274697K (96%)
ptolemy.util.test.WatchDog.cancel(): canceling Tue Mar 05 14:59:21 UTC 2019
auto.tcl: Setting watchdog for 200 seconds at Tue Mar 05 14:59:21 UTC 2019
1 ms. Memory: 287232K Free: 274697K (96%)
ptolemy.util.test.WatchDog.cancel(): canceling Tue Mar 05 14:59:21 UTC 2019
------------------ testing $PTII/ptolemy/domains/de/test/auto/ResettableTimer5.xml
auto.tcl: Setting watchdog for 200 seconds at Tue Mar 05 14:59:21 UTC 2019
2 ms. Memory: 288256K Free: 275564K (96%)
ptolemy.util.test.WatchDog.cancel(): canceling Tue Mar 05 14:59:21 UTC 2019
auto.tcl: Setting watchdog for 200 seconds at Tue Mar 05 14:59:21 UTC 2019
1 ms. Memory: 288256K Free: 275564K (96%)
ptolemy.util.test.WatchDog.cancel(): canceling Tue Mar 05 14:59:21 UTC 2019
------------------ testing $PTII/ptolemy/domains/de/test/auto/ResettableTimer6.xml
auto.tcl: Setting watchdog for 200 seconds at Tue Mar 05 14:59:21 UTC 2019
2 ms. Memory: 287232K Free: 274505K (96%)
ptolemy.util.test.WatchDog.cancel(): canceling Tue Mar 05 14:59:21 UTC 2019
auto.tcl: Setting watchdog for 200 seconds at Tue Mar 05 14:59:21 UTC 2019
2 ms. Memory: 287232K Free: 274505K (96%)
ptolemy.util.test.WatchDog.cancel(): canceling Tue Mar 05 14:59:21 UTC 2019
------------------ testing $PTII/ptolemy/domains/de/test/auto/ServerZeroDelay.xml
auto.tcl: Setting watchdog for 200 seconds at Tue Mar 05 14:59:21 UTC 2019
3 ms. Memory: 288256K Free: 275667K (96%)
ptolemy.util.test.WatchDog.cancel(): canceling Tue Mar 05 14:59:21 UTC 2019
auto.tcl: Setting watchdog for 200 seconds at Tue Mar 05 14:59:21 UTC 2019
2 ms. Memory: 288256K Free: 275667K (96%)
ptolemy.util.test.WatchDog.cancel(): canceling Tue Mar 05 14:59:21 UTC 2019
------------------ testing $PTII/ptolemy/domains/de/test/auto/SmartSender.xml
auto.tcl: Setting watchdog for 200 seconds at Tue Mar 05 14:59:21 UTC 2019
3001 ms. Memory: 287232K Free: 274646K (96%)
ptolemy.util.test.WatchDog.cancel(): canceling Tue Mar 05 14:59:24 UTC 2019
auto.tcl: Setting watchdog for 200 seconds at Tue Mar 05 14:59:24 UTC 2019
3001 ms. Memory: 287232K Free: 274646K (96%)
ptolemy.util.test.WatchDog.cancel(): canceling Tue Mar 05 14:59:27 UTC 2019
------------------ testing $PTII/ptolemy/domains/de/test/auto/ThreadedComposite.xml
auto.tcl: Setting watchdog for 200 seconds at Tue Mar 05 14:59:27 UTC 2019
248 ms. Memory: 288256K Free: 252543K (88%)
ptolemy.util.test.WatchDog.cancel(): canceling Tue Mar 05 14:59:27 UTC 2019
auto.tcl: Setting watchdog for 200 seconds at Tue Mar 05 14:59:27 UTC 2019
136 ms. Memory: 288256K Free: 237339K (82%)
ptolemy.util.test.WatchDog.cancel(): canceling Tue Mar 05 14:59:27 UTC 2019
------------------ testing $PTII/ptolemy/domains/de/test/auto/Time.xml
auto.tcl: Setting watchdog for 200 seconds at Tue Mar 05 14:59:27 UTC 2019
506 ms. Memory: 287232K Free: 218636K (76%)
ptolemy.util.test.WatchDog.cancel(): canceling Tue Mar 05 14:59:28 UTC 2019
auto.tcl: Setting watchdog for 200 seconds at Tue Mar 05 14:59:28 UTC 2019
443 ms. Memory: 287232K Free: 161557K (56%)
ptolemy.util.test.WatchDog.cancel(): canceling Tue Mar 05 14:59:28 UTC 2019
------------------ testing $PTII/ptolemy/domains/de/test/auto/TimeDelayZeroDelay.xml
auto.tcl: Setting watchdog for 200 seconds at Tue Mar 05 14:59:28 UTC 2019
2 ms. Memory: 287744K Free: 275545K (96%)
ptolemy.util.test.WatchDog.cancel(): canceling Tue Mar 05 14:59:29 UTC 2019
auto.tcl: Setting watchdog for 200 seconds at Tue Mar 05 14:59:29 UTC 2019
2 ms. Memory: 287744K Free: 275545K (96%)
ptolemy.util.test.WatchDog.cancel(): canceling Tue Mar 05 14:59:29 UTC 2019
------------------ testing $PTII/ptolemy/domains/de/test/auto/TimerZeroDelay.xml
auto.tcl: Setting watchdog for 200 seconds at Tue Mar 05 14:59:29 UTC 2019
2 ms. Memory: 287232K Free: 275162K (96%)
ptolemy.util.test.WatchDog.cancel(): canceling Tue Mar 05 14:59:29 UTC 2019
auto.tcl: Setting watchdog for 200 seconds at Tue Mar 05 14:59:29 UTC 2019
2 ms. Memory: 287232K Free: 275162K (96%)
ptolemy.util.test.WatchDog.cancel(): canceling Tue Mar 05 14:59:29 UTC 2019
------------------ testing $PTII/ptolemy/domains/de/test/auto/TimingParadox.xml
auto.tcl: Setting watchdog for 200 seconds at Tue Mar 05 14:59:29 UTC 2019
336 ms. Memory: 287744K Free: 209677K (73%)
ptolemy.util.test.WatchDog.cancel(): canceling Tue Mar 05 14:59:29 UTC 2019
auto.tcl: Setting watchdog for 200 seconds at Tue Mar 05 14:59:29 UTC 2019
335 ms. Memory: 287744K Free: 173681K (60%)
ptolemy.util.test.WatchDog.cancel(): canceling Tue Mar 05 14:59:29 UTC 2019
------------------ testing $PTII/ptolemy/domains/de/test/auto/TransferInputs.xml
auto.tcl: Setting watchdog for 200 seconds at Tue Mar 05 14:59:29 UTC 2019
2 ms. Memory: 287744K Free: 274603K (95%)
ptolemy.util.test.WatchDog.cancel(): canceling Tue Mar 05 14:59:30 UTC 2019
auto.tcl: Setting watchdog for 200 seconds at Tue Mar 05 14:59:30 UTC 2019
2 ms. Memory: 287744K Free: 274603K (95%)
ptolemy.util.test.WatchDog.cancel(): canceling Tue Mar 05 14:59:30 UTC 2019
------------------ testing $PTII/ptolemy/domains/de/test/auto/TransferOutputs2.xml
auto.tcl: Setting watchdog for 200 seconds at Tue Mar 05 14:59:30 UTC 2019
3 ms. Memory: 287232K Free: 270547K (94%)
ptolemy.util.test.WatchDog.cancel(): canceling Tue Mar 05 14:59:30 UTC 2019
auto.tcl: Setting watchdog for 200 seconds at Tue Mar 05 14:59:30 UTC 2019
3 ms. Memory: 287232K Free: 267943K (93%)
ptolemy.util.test.WatchDog.cancel(): canceling Tue Mar 05 14:59:30 UTC 2019
------------------ testing $PTII/ptolemy/domains/de/test/auto/Trilateration.xml
auto.tcl: Setting watchdog for 200 seconds at Tue Mar 05 14:59:30 UTC 2019
14257 ms. Memory: 473088K Free: 229363K (48%)
ptolemy.util.test.WatchDog.cancel(): canceling Tue Mar 05 14:59:45 UTC 2019
auto.tcl: Setting watchdog for 200 seconds at Tue Mar 05 14:59:45 UTC 2019
11246 ms. Memory: 352256K Free: 119178K (34%)
ptolemy.util.test.WatchDog.cancel(): canceling Tue Mar 05 14:59:56 UTC 2019
------------------ testing $PTII/ptolemy/domains/de/test/auto/TwoSigmaDelta.xml
auto.tcl: Setting watchdog for 200 seconds at Tue Mar 05 14:59:56 UTC 2019
2648 ms. Memory: 339968K Free: 317541K (93%)
ptolemy.util.test.WatchDog.cancel(): canceling Tue Mar 05 14:59:59 UTC 2019
auto.tcl: Setting watchdog for 200 seconds at Tue Mar 05 14:59:59 UTC 2019
1943 ms. Memory: 339968K Free: 89106K (26%)
ptolemy.util.test.WatchDog.cancel(): canceling Tue Mar 05 15:00:01 UTC 2019
------------------ testing $PTII/ptolemy/domains/de/test/auto/VariableDelay.xml
auto.tcl: Setting watchdog for 200 seconds at Tue Mar 05 15:00:01 UTC 2019
2 ms. Memory: 337408K Free: 325564K (96%)
ptolemy.util.test.WatchDog.cancel(): canceling Tue Mar 05 15:00:01 UTC 2019
auto.tcl: Setting watchdog for 200 seconds at Tue Mar 05 15:00:01 UTC 2019
2 ms. Memory: 337408K Free: 321601K (95%)
ptolemy.util.test.WatchDog.cancel(): canceling Tue Mar 05 15:00:01 UTC 2019
------------------ testing $PTII/ptolemy/domains/de/test/auto/VariableDelay2.xml
auto.tcl: Setting watchdog for 200 seconds at Tue Mar 05 15:00:01 UTC 2019
2 ms. Memory: 339456K Free: 328024K (97%)
ptolemy.util.test.WatchDog.cancel(): canceling Tue Mar 05 15:00:01 UTC 2019
auto.tcl: Setting watchdog for 200 seconds at Tue Mar 05 15:00:01 UTC 2019
2 ms. Memory: 339456K Free: 324069K (95%)
ptolemy.util.test.WatchDog.cancel(): canceling Tue Mar 05 15:00:01 UTC 2019
------------------ testing $PTII/ptolemy/domains/de/test/auto/VariableDelayZeroDelay.xml
auto.tcl: Setting watchdog for 200 seconds at Tue Mar 05 15:00:01 UTC 2019
3 ms. Memory: 337408K Free: 323415K (96%)
ptolemy.util.test.WatchDog.cancel(): canceling Tue Mar 05 15:00:01 UTC 2019
auto.tcl: Setting watchdog for 200 seconds at Tue Mar 05 15:00:01 UTC 2019
2 ms. Memory: 337408K Free: 323415K (96%)
ptolemy.util.test.WatchDog.cancel(): canceling Tue Mar 05 15:00:01 UTC 2019
------------------ testing $PTII/ptolemy/domains/de/test/auto/VariableDelayZeroDelay2.xml
auto.tcl: Setting watchdog for 200 seconds at Tue Mar 05 15:00:01 UTC 2019
1 ms. Memory: 339456K Free: 325461K (96%)
ptolemy.util.test.WatchDog.cancel(): canceling Tue Mar 05 15:00:01 UTC 2019
auto.tcl: Setting watchdog for 200 seconds at Tue Mar 05 15:00:01 UTC 2019
1 ms. Memory: 339456K Free: 321498K (95%)
ptolemy.util.test.WatchDog.cancel(): canceling Tue Mar 05 15:00:01 UTC 2019
------------------ testing $PTII/ptolemy/domains/de/test/auto/deInCt.xml
auto.tcl: Setting watchdog for 200 seconds at Tue Mar 05 15:00:01 UTC 2019
0
1
1
1
0
0
0
0
0
0
1
1
1
0
0
0
1
1
1
0
0
0
0
1
1
1
0
0
0
1
1
1
1
0
0
0
1
1
1
1
18 ms. Memory: 337408K Free: 323410K (96%)
ptolemy.util.test.WatchDog.cancel(): canceling Tue Mar 05 15:00:01 UTC 2019
auto.tcl: Setting watchdog for 200 seconds at Tue Mar 05 15:00:01 UTC 2019
0
1
1
0
0
0
1
1
1
0
0
0
1
1
1
0
0
0
1
1
1
0
0
1
1
0
0
0
1
1
1
0
0
0
0
1
1
1
0
0
0
1
1
1
1
1
0
0
0
0
8 ms. Memory: 337408K Free: 319455K (95%)
ptolemy.util.test.WatchDog.cancel(): canceling Tue Mar 05 15:00:01 UTC 2019
------------------ testing $PTII/ptolemy/domains/de/test/auto/deInCt2.xml
auto.tcl: Setting watchdog for 200 seconds at Tue Mar 05 15:00:01 UTC 2019
0
1
1
1
0
0
1
1
1
0
0
1
1
1
0
0
1
1
1
0
0
1
1
1
0
0
1
1
1
0
0
1
1
1
0
0
1
1
1
0
0
0
14 ms. Memory: 338944K Free: 324940K (96%)
ptolemy.util.test.WatchDog.cancel(): canceling Tue Mar 05 15:00:01 UTC 2019
auto.tcl: Setting watchdog for 200 seconds at Tue Mar 05 15:00:01 UTC 2019
0
1
1
1
0
0
1
1
1
0
0
1
1
1
0
0
1
1
1
0
0
1
1
1
0
0
1
1
1
0
0
1
1
1
0
0
1
1
1
0
0
0
10 ms. Memory: 338944K Free: 320992K (95%)
ptolemy.util.test.WatchDog.cancel(): canceling Tue Mar 05 15:00:01 UTC 2019
------------------ testing $PTII/ptolemy/domains/de/test/auto/dynamicCausalityInterface1.xml
auto.tcl: Setting watchdog for 200 seconds at Tue Mar 05 15:00:01 UTC 2019
1 ms. Memory: 337408K Free: 315479K (94%)
ptolemy.util.test.WatchDog.cancel(): canceling Tue Mar 05 15:00:01 UTC 2019
auto.tcl: Setting watchdog for 200 seconds at Tue Mar 05 15:00:01 UTC 2019
1 ms. Memory: 337408K Free: 315479K (94%)
ptolemy.util.test.WatchDog.cancel(): canceling Tue Mar 05 15:00:01 UTC 2019
------------------ testing $PTII/ptolemy/domains/de/test/auto/fsm_de_test.xml
auto.tcl: Setting watchdog for 200 seconds at Tue Mar 05 15:00:01 UTC 2019
8 ms. Memory: 338944K Free: 320888K (95%)
ptolemy.util.test.WatchDog.cancel(): canceling Tue Mar 05 15:00:01 UTC 2019
auto.tcl: Setting watchdog for 200 seconds at Tue Mar 05 15:00:01 UTC 2019
9 ms. Memory: 338944K Free: 316941K (94%)
ptolemy.util.test.WatchDog.cancel(): canceling Tue Mar 05 15:00:01 UTC 2019
------------------ testing $PTII/ptolemy/domains/de/test/auto/functionDependencyReconstruction.xml
auto.tcl: Setting watchdog for 200 seconds at Tue Mar 05 15:00:02 UTC 2019
2 ms. Memory: 337408K Free: 311417K (92%)
ptolemy.util.test.WatchDog.cancel(): canceling Tue Mar 05 15:00:02 UTC 2019
auto.tcl: Setting watchdog for 200 seconds at Tue Mar 05 15:00:02 UTC 2019
2 ms. Memory: 337408K Free: 307454K (91%)
ptolemy.util.test.WatchDog.cancel(): canceling Tue Mar 05 15:00:02 UTC 2019
------------------ testing $PTII/ptolemy/domains/de/test/auto/multirate.xml
auto.tcl: Setting watchdog for 200 seconds at Tue Mar 05 15:00:02 UTC 2019
4 ms. Memory: 338432K Free: 320227K (95%)
ptolemy.util.test.WatchDog.cancel(): canceling Tue Mar 05 15:00:02 UTC 2019
auto.tcl: Setting watchdog for 200 seconds at Tue Mar 05 15:00:02 UTC 2019
3 ms. Memory: 338432K Free: 320227K (95%)
ptolemy.util.test.WatchDog.cancel(): canceling Tue Mar 05 15:00:02 UTC 2019
------------------ testing $PTII/ptolemy/domains/de/test/auto/multirate2.xml
auto.tcl: Setting watchdog for 200 seconds at Tue Mar 05 15:00:02 UTC 2019
2 ms. Memory: 337408K Free: 319401K (95%)
ptolemy.util.test.WatchDog.cancel(): canceling Tue Mar 05 15:00:02 UTC 2019
auto.tcl: Setting watchdog for 200 seconds at Tue Mar 05 15:00:02 UTC 2019
2 ms. Memory: 337408K Free: 319401K (95%)
ptolemy.util.test.WatchDog.cancel(): canceling Tue Mar 05 15:00:02 UTC 2019
------------------ testing $PTII/ptolemy/domains/de/test/auto/realtime.xml
auto.tcl: Setting watchdog for 200 seconds at Tue Mar 05 15:00:02 UTC 2019
10001 ms. Memory: 338432K Free: 324371K (96%)
ptolemy.util.test.WatchDog.cancel(): canceling Tue Mar 05 15:00:12 UTC 2019
auto.tcl: Setting watchdog for 200 seconds at Tue Mar 05 15:00:12 UTC 2019
10002 ms. Memory: 338432K Free: 320407K (95%)
ptolemy.util.test.WatchDog.cancel(): canceling Tue Mar 05 15:00:22 UTC 2019
------------------ testing $PTII/ptolemy/domains/de/test/auto/relationGroup.xml
auto.tcl: Setting watchdog for 200 seconds at Tue Mar 05 15:00:22 UTC 2019
2 ms. Memory: 337408K Free: 325938K (97%)
ptolemy.util.test.WatchDog.cancel(): canceling Tue Mar 05 15:00:22 UTC 2019
auto.tcl: Setting watchdog for 200 seconds at Tue Mar 05 15:00:22 UTC 2019
1 ms. Memory: 337408K Free: 325938K (97%)
ptolemy.util.test.WatchDog.cancel(): canceling Tue Mar 05 15:00:22 UTC 2019
------------------ testing $PTII/ptolemy/domains/de/test/auto/relationGroup2.xml
auto.tcl: Setting watchdog for 200 seconds at Tue Mar 05 15:00:22 UTC 2019
1 ms. Memory: 338432K Free: 324428K (96%)
ptolemy.util.test.WatchDog.cancel(): canceling Tue Mar 05 15:00:22 UTC 2019
auto.tcl: Setting watchdog for 200 seconds at Tue Mar 05 15:00:22 UTC 2019
2 ms. Memory: 338432K Free: 324428K (96%)
ptolemy.util.test.WatchDog.cancel(): canceling Tue Mar 05 15:00:22 UTC 2019
------------------ testing $PTII/ptolemy/domains/de/test/auto/sortWithOpaquePorts.xml
auto.tcl: Setting watchdog for 200 seconds at Tue Mar 05 15:00:22 UTC 2019
2 ms. Memory: 337408K Free: 323405K (96%)
ptolemy.util.test.WatchDog.cancel(): canceling Tue Mar 05 15:00:22 UTC 2019
auto.tcl: Setting watchdog for 200 seconds at Tue Mar 05 15:00:22 UTC 2019
1 ms. Memory: 337408K Free: 319442K (95%)
ptolemy.util.test.WatchDog.cancel(): canceling Tue Mar 05 15:00:22 UTC 2019
------------------ testing $PTII/ptolemy/domains/de/test/auto/transferInputsandOutputs.xml
auto.tcl: Setting watchdog for 200 seconds at Tue Mar 05 15:00:22 UTC 2019
2 ms. Memory: 337920K Free: 319941K (95%)
ptolemy.util.test.WatchDog.cancel(): canceling Tue Mar 05 15:00:22 UTC 2019
auto.tcl: Setting watchdog for 200 seconds at Tue Mar 05 15:00:22 UTC 2019
2 ms. Memory: 337920K Free: 319941K (95%)
ptolemy.util.test.WatchDog.cancel(): canceling Tue Mar 05 15:00:22 UTC 2019
------------------ testing $PTII/ptolemy/domains/de/test/auto/triggerType.xml
auto.tcl: Setting watchdog for 200 seconds at Tue Mar 05 15:00:22 UTC 2019
1 ms. Memory: 337408K Free: 323342K (96%)
ptolemy.util.test.WatchDog.cancel(): canceling Tue Mar 05 15:00:22 UTC 2019
auto.tcl: Setting watchdog for 200 seconds at Tue Mar 05 15:00:22 UTC 2019
1 ms. Memory: 337408K Free: 319379K (95%)
ptolemy.util.test.WatchDog.cancel(): canceling Tue Mar 05 15:00:22 UTC 2019
03/05/19 03:00:22
Failed: 0  Total Tests: 192  ((Passed: 187, Newly Passed: 1)  Known Failed: 5) /home/travis/build/icyphy/ptII/ptolemy/domains/de/test
03/05/19 03:00:22
Failed: 0  Total Tests: 192  ((Passed: 187, Newly Passed: 1)  Known Failed: 5) /home/travis/build/icyphy/ptII/ptolemy/domains/de/test
----------------- testing (KnownFailure) /home/travis/build/icyphy/ptII/ptolemy/domains/de/test/auto/knownFailedTests/DESDFClockTest.xml
2008 ms. Memory: 337920K Free: 313645K (93%)
Known Failure: java.lang.reflect.InvocationTargetException
----------------- testing (KnownFailure) /home/travis/build/icyphy/ptII/ptolemy/domains/de/test/auto/knownFailedTests/DirectFeedback.xml
2 ms. Memory: 337920K Free: 293165K (87%)
Known Failure: java.lang.reflect.InvocationTargetException
----------------- testing (KnownFailure) /home/travis/build/icyphy/ptII/ptolemy/domains/de/test/auto/knownFailedTests/FSMSource.xml
7 ms. Memory: 337920K Free: 272685K (81%)
----------------- testing (KnownFailure) /home/travis/build/icyphy/ptII/ptolemy/domains/de/test/auto/knownFailedTests/HierarchicalModel.xml
3 ms. Memory: 337920K Free: 247068K (73%)
Known Failure: java.lang.reflect.InvocationTargetException
----------------- testing (KnownFailure) /home/travis/build/icyphy/ptII/ptolemy/domains/de/test/auto/knownFailedTests/dependencyLoop.xml
2 ms. Memory: 337920K Free: 216332K (64%)
Known Failure: java.lang.reflect.InvocationTargetException
----------------- testing (KnownFailure) /home/travis/build/icyphy/ptII/ptolemy/domains/de/test/auto/knownFailedTests/dependencyLoop2.xml
7 ms. Memory: 337920K Free: 185604K (55%)
Known Failure: java.lang.reflect.InvocationTargetException
No auto/linux-amd64/*.xml tests in /home/travis/build/icyphy/ptII/ptolemy/domains/de/test
AutoTests.java: About to close Vertx.
AutoTests.java: Vertx closed.

===========================================================================================
----------------- testing Tue Mar 05 15:00:24 UTC 2019 /home/travis/build/icyphy/ptII/ptolemy/domains/de/test/auto/ActorDepthCalculation_actorWithoutPorts.xml
----------------- Instantiating /home/travis/build/icyphy/ptII/ptolemy/domains/de/test/auto/ActorDepthCalculation_actorWithoutPorts.xml
2 ms. Memory: 337920K Free: 160003K (47%)
----------------- Invoking toplevel() on ptolemy.moml.MoMLSimpleApplication@42b81952
----------------- Done invoking toplevel() on ptolemy.moml.MoMLSimpleApplication@42b81952
reloadAllAccessors: .ActorDepthCalculation_actorWithoutPorts

===========================================================================================
----------------- testing Tue Mar 05 15:00:24 UTC 2019 /home/travis/build/icyphy/ptII/ptolemy/domains/de/test/auto/AssemblyLine.xml
----------------- Instantiating /home/travis/build/icyphy/ptII/ptolemy/domains/de/test/auto/AssemblyLine.xml
2 ms. Memory: 337920K Free: 144635K (43%)
----------------- Invoking toplevel() on ptolemy.moml.MoMLSimpleApplication@601840d8
----------------- Done invoking toplevel() on ptolemy.moml.MoMLSimpleApplication@601840d8
reloadAllAccessors: .AssemblyLine

===========================================================================================
----------------- testing Tue Mar 05 15:00:24 UTC 2019 /home/travis/build/icyphy/ptII/ptolemy/domains/de/test/auto/CQBug1.xml
----------------- Instantiating /home/travis/build/icyphy/ptII/ptolemy/domains/de/test/auto/CQBug1.xml
1 ms. Memory: 337920K Free: 134395K (40%)
----------------- Invoking toplevel() on ptolemy.moml.MoMLSimpleApplication@1ec51631
----------------- Done invoking toplevel() on ptolemy.moml.MoMLSimpleApplication@1ec51631
reloadAllAccessors: .CQBug1

===========================================================================================
----------------- testing Tue Mar 05 15:00:24 UTC 2019 /home/travis/build/icyphy/ptII/ptolemy/domains/de/test/auto/CancelFireAt.xml
----------------- Instantiating /home/travis/build/icyphy/ptII/ptolemy/domains/de/test/auto/CancelFireAt.xml
3 ms. Memory: 337920K Free: 124155K (37%)
----------------- Invoking toplevel() on ptolemy.moml.MoMLSimpleApplication@71f2587
----------------- Done invoking toplevel() on ptolemy.moml.MoMLSimpleApplication@71f2587
reloadAllAccessors: .CancelFireAt

===========================================================================================
----------------- testing Tue Mar 05 15:00:24 UTC 2019 /home/travis/build/icyphy/ptII/ptolemy/domains/de/test/auto/CausalityAndComposabilityAnalysis.xml
----------------- Instantiating /home/travis/build/icyphy/ptII/ptolemy/domains/de/test/auto/CausalityAndComposabilityAnalysis.xml
1 ms. Memory: 337920K Free: 113915K (34%)
----------------- Invoking toplevel() on ptolemy.moml.MoMLSimpleApplication@5c3c83d4
----------------- Done invoking toplevel() on ptolemy.moml.MoMLSimpleApplication@5c3c83d4
reloadAllAccessors: .CausalityAndComposabilityAnalysis

===========================================================================================
----------------- testing Tue Mar 05 15:00:24 UTC 2019 /home/travis/build/icyphy/ptII/ptolemy/domains/de/test/auto/CausalityInterface1.xml
----------------- Instantiating /home/travis/build/icyphy/ptII/ptolemy/domains/de/test/auto/CausalityInterface1.xml
6 ms. Memory: 337920K Free: 103675K (31%)
----------------- Invoking toplevel() on ptolemy.moml.MoMLSimpleApplication@2bd22ab
----------------- Done invoking toplevel() on ptolemy.moml.MoMLSimpleApplication@2bd22ab
reloadAllAccessors: .CausalityInterface1

===========================================================================================
----------------- testing Tue Mar 05 15:00:24 UTC 2019 /home/travis/build/icyphy/ptII/ptolemy/domains/de/test/auto/CausalityInterface15.xml
----------------- Instantiating /home/travis/build/icyphy/ptII/ptolemy/domains/de/test/auto/CausalityInterface15.xml
2 ms. Memory: 337920K Free: 89488K (26%)
----------------- Invoking toplevel() on ptolemy.moml.MoMLSimpleApplication@4f911c65
----------------- Done invoking toplevel() on ptolemy.moml.MoMLSimpleApplication@4f911c65
reloadAllAccessors: .CausalityInterface15

===========================================================================================
----------------- testing Tue Mar 05 15:00:24 UTC 2019 /home/travis/build/icyphy/ptII/ptolemy/domains/de/test/auto/CausalityInterface2.xml
----------------- Instantiating /home/travis/build/icyphy/ptII/ptolemy/domains/de/test/auto/CausalityInterface2.xml
1 ms. Memory: 337920K Free: 79248K (23%)
----------------- Invoking toplevel() on ptolemy.moml.MoMLSimpleApplication@3e8ea840
----------------- Done invoking toplevel() on ptolemy.moml.MoMLSimpleApplication@3e8ea840
reloadAllAccessors: .CausalityInterface2

===========================================================================================
----------------- testing Tue Mar 05 15:00:24 UTC 2019 /home/travis/build/icyphy/ptII/ptolemy/domains/de/test/auto/CausalityInterface3.xml
----------------- Instantiating /home/travis/build/icyphy/ptII/ptolemy/domains/de/test/auto/CausalityInterface3.xml
1 ms. Memory: 326144K Free: 315761K (97%)
----------------- Invoking toplevel() on ptolemy.moml.MoMLSimpleApplication@4e2c868d
----------------- Done invoking toplevel() on ptolemy.moml.MoMLSimpleApplication@4e2c868d
reloadAllAccessors: .CausalityInterface3

===========================================================================================
----------------- testing Tue Mar 05 15:00:25 UTC 2019 /home/travis/build/icyphy/ptII/ptolemy/domains/de/test/auto/ClockDrift.xml
----------------- Instantiating /home/travis/build/icyphy/ptII/ptolemy/domains/de/test/auto/ClockDrift.xml
24 ms. Memory: 326144K Free: 298566K (92%)
----------------- Invoking toplevel() on ptolemy.moml.MoMLSimpleApplication@62b18172
----------------- Done invoking toplevel() on ptolemy.moml.MoMLSimpleApplication@62b18172
reloadAllAccessors: .ClockDrift

===========================================================================================
----------------- testing Tue Mar 05 15:00:25 UTC 2019 /home/travis/build/icyphy/ptII/ptolemy/domains/de/test/auto/ClockDriftAndValueChange.xml
----------------- Instantiating /home/travis/build/icyphy/ptII/ptolemy/domains/de/test/auto/ClockDriftAndValueChange.xml
13 ms. Memory: 326144K Free: 283857K (87%)
----------------- Invoking toplevel() on ptolemy.moml.MoMLSimpleApplication@39e891b1
----------------- Done invoking toplevel() on ptolemy.moml.MoMLSimpleApplication@39e891b1
reloadAllAccessors: .ClockDriftAndValueChange

===========================================================================================
----------------- testing Tue Mar 05 15:00:25 UTC 2019 /home/travis/build/icyphy/ptII/ptolemy/domains/de/test/auto/ClockDriftChange.xml
----------------- Instantiating /home/travis/build/icyphy/ptII/ptolemy/domains/de/test/auto/ClockDriftChange.xml
16 ms. Memory: 326144K Free: 271596K (83%)
----------------- Invoking toplevel() on ptolemy.moml.MoMLSimpleApplication@1ac60c97
----------------- Done invoking toplevel() on ptolemy.moml.MoMLSimpleApplication@1ac60c97
reloadAllAccessors: .ClockDriftChange

===========================================================================================
----------------- testing Tue Mar 05 15:00:25 UTC 2019 /home/travis/build/icyphy/ptII/ptolemy/domains/de/test/auto/ComposableCausalityAnalysis.xml
----------------- Instantiating /home/travis/build/icyphy/ptII/ptolemy/domains/de/test/auto/ComposableCausalityAnalysis.xml
1 ms. Memory: 326144K Free: 264238K (81%)
----------------- Invoking toplevel() on ptolemy.moml.MoMLSimpleApplication@4435a44d
----------------- Done invoking toplevel() on ptolemy.moml.MoMLSimpleApplication@4435a44d
reloadAllAccessors: .ComposableCausalityAnalysis

===========================================================================================
----------------- testing Tue Mar 05 15:00:25 UTC 2019 /home/travis/build/icyphy/ptII/ptolemy/domains/de/test/auto/DEFixedPointLimitation.xml
----------------- Instantiating /home/travis/build/icyphy/ptII/ptolemy/domains/de/test/auto/DEFixedPointLimitation.xml
1 ms. Memory: 326144K Free: 256880K (79%)
----------------- Invoking toplevel() on ptolemy.moml.MoMLSimpleApplication@747c67a5
----------------- Done invoking toplevel() on ptolemy.moml.MoMLSimpleApplication@747c67a5
reloadAllAccessors: .DEFixedPointLimitation

===========================================================================================
----------------- testing Tue Mar 05 15:00:25 UTC 2019 /home/travis/build/icyphy/ptII/ptolemy/domains/de/test/auto/DEScheduleTest.xml
----------------- Instantiating /home/travis/build/icyphy/ptII/ptolemy/domains/de/test/auto/DEScheduleTest.xml
3 ms. Memory: 326144K Free: 247043K (76%)
----------------- Invoking toplevel() on ptolemy.moml.MoMLSimpleApplication@2210e5c1
----------------- Done invoking toplevel() on ptolemy.moml.MoMLSimpleApplication@2210e5c1
reloadAllAccessors: .DEScheduleTest

===========================================================================================
----------------- testing Tue Mar 05 15:00:25 UTC 2019 /home/travis/build/icyphy/ptII/ptolemy/domains/de/test/auto/DEinDEwithStartTimes.xml
----------------- Instantiating /home/travis/build/icyphy/ptII/ptolemy/domains/de/test/auto/DEinDEwithStartTimes.xml
2 ms. Memory: 326144K Free: 239684K (73%)
----------------- Invoking toplevel() on ptolemy.moml.MoMLSimpleApplication@33eed84a
----------------- Done invoking toplevel() on ptolemy.moml.MoMLSimpleApplication@33eed84a
reloadAllAccessors: .DEinDEwithStartTimes

===========================================================================================
----------------- testing Tue Mar 05 15:00:25 UTC 2019 /home/travis/build/icyphy/ptII/ptolemy/domains/de/test/auto/DEinDEwithStartTimes2.xml
----------------- Instantiating /home/travis/build/icyphy/ptII/ptolemy/domains/de/test/auto/DEinDEwithStartTimes2.xml
3 ms. Memory: 326144K Free: 229875K (70%)
----------------- Invoking toplevel() on ptolemy.moml.MoMLSimpleApplication@627cb772
----------------- Done invoking toplevel() on ptolemy.moml.MoMLSimpleApplication@627cb772
reloadAllAccessors: .DEinDEwithStartTimes2

===========================================================================================
----------------- testing Tue Mar 05 15:00:25 UTC 2019 /home/travis/build/icyphy/ptII/ptolemy/domains/de/test/auto/DateDemo.xml
----------------- Instantiating /home/travis/build/icyphy/ptII/ptolemy/domains/de/test/auto/DateDemo.xml
6 ms. Memory: 326144K Free: 215158K (66%)
----------------- Invoking toplevel() on ptolemy.moml.MoMLSimpleApplication@251ca3b3
----------------- Done invoking toplevel() on ptolemy.moml.MoMLSimpleApplication@251ca3b3
reloadAllAccessors: .DateDemo

===========================================================================================
----------------- testing Tue Mar 05 15:00:25 UTC 2019 /home/travis/build/icyphy/ptII/ptolemy/domains/de/test/auto/DateToEvent.xml
----------------- Instantiating /home/travis/build/icyphy/ptII/ptolemy/domains/de/test/auto/DateToEvent.xml
2004 ms. Memory: 326144K Free: 195531K (60%)
----------------- Invoking toplevel() on ptolemy.moml.MoMLSimpleApplication@6b8e1cd2
----------------- Done invoking toplevel() on ptolemy.moml.MoMLSimpleApplication@6b8e1cd2
reloadAllAccessors: .DateToEvent

===========================================================================================
----------------- testing Tue Mar 05 15:00:27 UTC 2019 /home/travis/build/icyphy/ptII/ptolemy/domains/de/test/auto/DepthTest1.xml
----------------- Instantiating /home/travis/build/icyphy/ptII/ptolemy/domains/de/test/auto/DepthTest1.xml
1 ms. Memory: 326144K Free: 188157K (58%)
----------------- Invoking toplevel() on ptolemy.moml.MoMLSimpleApplication@554ddad0
----------------- Done invoking toplevel() on ptolemy.moml.MoMLSimpleApplication@554ddad0
reloadAllAccessors: .DepthTest1

===========================================================================================
----------------- testing Tue Mar 05 15:00:27 UTC 2019 /home/travis/build/icyphy/ptII/ptolemy/domains/de/test/auto/DepthTest2.xml
----------------- Instantiating /home/travis/build/icyphy/ptII/ptolemy/domains/de/test/auto/DepthTest2.xml
2 ms. Memory: 326144K Free: 178351K (55%)
----------------- Invoking toplevel() on ptolemy.moml.MoMLSimpleApplication@396dfc93
----------------- Done invoking toplevel() on ptolemy.moml.MoMLSimpleApplication@396dfc93
reloadAllAccessors: .DepthTest2

===========================================================================================
----------------- testing Tue Mar 05 15:00:27 UTC 2019 /home/travis/build/icyphy/ptII/ptolemy/domains/de/test/auto/DepthTest3.xml
----------------- Instantiating /home/travis/build/icyphy/ptII/ptolemy/domains/de/test/auto/DepthTest3.xml
1 ms. Memory: 326144K Free: 173456K (53%)
----------------- Invoking toplevel() on ptolemy.moml.MoMLSimpleApplication@7f3c1678
----------------- Done invoking toplevel() on ptolemy.moml.MoMLSimpleApplication@7f3c1678
reloadAllAccessors: .DepthTest3

===========================================================================================
----------------- testing Tue Mar 05 15:00:27 UTC 2019 /home/travis/build/icyphy/ptII/ptolemy/domains/de/test/auto/DepthTest4.xml
----------------- Instantiating /home/travis/build/icyphy/ptII/ptolemy/domains/de/test/auto/DepthTest4.xml
1 ms. Memory: 326144K Free: 166098K (51%)
----------------- Invoking toplevel() on ptolemy.moml.MoMLSimpleApplication@3263fcdc
----------------- Done invoking toplevel() on ptolemy.moml.MoMLSimpleApplication@3263fcdc
reloadAllAccessors: .DepthTest4

===========================================================================================
----------------- testing Tue Mar 05 15:00:27 UTC 2019 /home/travis/build/icyphy/ptII/ptolemy/domains/de/test/auto/DepthTest5.xml
----------------- Instantiating /home/travis/build/icyphy/ptII/ptolemy/domains/de/test/auto/DepthTest5.xml
1 ms. Memory: 326144K Free: 158740K (49%)
----------------- Invoking toplevel() on ptolemy.moml.MoMLSimpleApplication@1c984f93
----------------- Done invoking toplevel() on ptolemy.moml.MoMLSimpleApplication@1c984f93
reloadAllAccessors: .DepthTest5

===========================================================================================
----------------- testing Tue Mar 05 15:00:27 UTC 2019 /home/travis/build/icyphy/ptII/ptolemy/domains/de/test/auto/DepthTest6.xml
----------------- Instantiating /home/travis/build/icyphy/ptII/ptolemy/domains/de/test/auto/DepthTest6.xml
2 ms. Memory: 326144K Free: 151382K (46%)
----------------- Invoking toplevel() on ptolemy.moml.MoMLSimpleApplication@e792a3
----------------- Done invoking toplevel() on ptolemy.moml.MoMLSimpleApplication@e792a3
reloadAllAccessors: .DepthTest6

===========================================================================================
----------------- testing Tue Mar 05 15:00:27 UTC 2019 /home/travis/build/icyphy/ptII/ptolemy/domains/de/test/auto/DepthTest7.xml
----------------- Instantiating /home/travis/build/icyphy/ptII/ptolemy/domains/de/test/auto/DepthTest7.xml
2 ms. Memory: 326144K Free: 141544K (43%)
----------------- Invoking toplevel() on ptolemy.moml.MoMLSimpleApplication@4555d556
----------------- Done invoking toplevel() on ptolemy.moml.MoMLSimpleApplication@4555d556
reloadAllAccessors: .DepthTest7

===========================================================================================
----------------- testing Tue Mar 05 15:00:27 UTC 2019 /home/travis/build/icyphy/ptII/ptolemy/domains/de/test/auto/EventToDate.xml
----------------- Instantiating /home/travis/build/icyphy/ptII/ptolemy/domains/de/test/auto/EventToDate.xml
3004 ms. Memory: 326144K Free: 124365K (38%)
----------------- Invoking toplevel() on ptolemy.moml.MoMLSimpleApplication@1510ae99
----------------- Done invoking toplevel() on ptolemy.moml.MoMLSimpleApplication@1510ae99
reloadAllAccessors: .EventToDate

===========================================================================================
----------------- testing Tue Mar 05 15:00:30 UTC 2019 /home/travis/build/icyphy/ptII/ptolemy/domains/de/test/auto/FSM1.xml
----------------- Instantiating /home/travis/build/icyphy/ptII/ptolemy/domains/de/test/auto/FSM1.xml
10 ms. Memory: 326144K Free: 109632K (34%)
----------------- Invoking toplevel() on ptolemy.moml.MoMLSimpleApplication@3f9ff110
----------------- Done invoking toplevel() on ptolemy.moml.MoMLSimpleApplication@3f9ff110
reloadAllAccessors: .FSM1

===========================================================================================
----------------- testing Tue Mar 05 15:00:30 UTC 2019 /home/travis/build/icyphy/ptII/ptolemy/domains/de/test/auto/FSM7.xml
----------------- Instantiating /home/travis/build/icyphy/ptII/ptolemy/domains/de/test/auto/FSM7.xml
14 ms. Memory: 326144K Free: 94916K (29%)
----------------- Invoking toplevel() on ptolemy.moml.MoMLSimpleApplication@2005cb90
----------------- Done invoking toplevel() on ptolemy.moml.MoMLSimpleApplication@2005cb90
reloadAllAccessors: .FSM7

===========================================================================================
----------------- testing Tue Mar 05 15:00:30 UTC 2019 /home/travis/build/icyphy/ptII/ptolemy/domains/de/test/auto/Inspection.xml
----------------- Instantiating /home/travis/build/icyphy/ptII/ptolemy/domains/de/test/auto/Inspection.xml
12 ms. Memory: 326144K Free: 80215K (25%)
----------------- Invoking toplevel() on ptolemy.moml.MoMLSimpleApplication@2b7df95a
----------------- Done invoking toplevel() on ptolemy.moml.MoMLSimpleApplication@2b7df95a
reloadAllAccessors: .Inspection

===========================================================================================
----------------- testing Tue Mar 05 15:00:30 UTC 2019 /home/travis/build/icyphy/ptII/ptolemy/domains/de/test/auto/Iteration.xml
----------------- Instantiating /home/travis/build/icyphy/ptII/ptolemy/domains/de/test/auto/Iteration.xml
11 ms. Memory: 315904K Free: 302859K (96%)
----------------- Invoking toplevel() on ptolemy.moml.MoMLSimpleApplication@3b6a2214
----------------- Done invoking toplevel() on ptolemy.moml.MoMLSimpleApplication@3b6a2214
reloadAllAccessors: .Iteration

===========================================================================================
----------------- testing Tue Mar 05 15:00:30 UTC 2019 /home/travis/build/icyphy/ptII/ptolemy/domains/de/test/auto/LineFault.xml
----------------- Instantiating /home/travis/build/icyphy/ptII/ptolemy/domains/de/test/auto/LineFault.xml
431 ms. Memory: 315904K Free: 186407K (59%)
----------------- Invoking toplevel() on ptolemy.moml.MoMLSimpleApplication@79a2cb94
----------------- Done invoking toplevel() on ptolemy.moml.MoMLSimpleApplication@79a2cb94
reloadAllAccessors: .LineFault

===========================================================================================
----------------- testing Tue Mar 05 15:00:31 UTC 2019 /home/travis/build/icyphy/ptII/ptolemy/domains/de/test/auto/MergeModel1Add.xml
----------------- Instantiating /home/travis/build/icyphy/ptII/ptolemy/domains/de/test/auto/MergeModel1Add.xml
6 ms. Memory: 315904K Free: 165300K (52%)
----------------- Invoking toplevel() on ptolemy.moml.MoMLSimpleApplication@326bc090
----------------- Done invoking toplevel() on ptolemy.moml.MoMLSimpleApplication@326bc090
reloadAllAccessors: .MergeModel1Add

===========================================================================================
----------------- testing Tue Mar 05 15:00:31 UTC 2019 /home/travis/build/icyphy/ptII/ptolemy/domains/de/test/auto/MergeModel2Add.xml
----------------- Instantiating /home/travis/build/icyphy/ptII/ptolemy/domains/de/test/auto/MergeModel2Add.xml
7 ms. Memory: 315904K Free: 144185K (46%)
----------------- Invoking toplevel() on ptolemy.moml.MoMLSimpleApplication@7ee9f3a1
----------------- Done invoking toplevel() on ptolemy.moml.MoMLSimpleApplication@7ee9f3a1
reloadAllAccessors: .MergeModel2Add

===========================================================================================
----------------- testing Tue Mar 05 15:00:31 UTC 2019 /home/travis/build/icyphy/ptII/ptolemy/domains/de/test/auto/MergeModel3Add.xml
----------------- Instantiating /home/travis/build/icyphy/ptII/ptolemy/domains/de/test/auto/MergeModel3Add.xml
5 ms. Memory: 315904K Free: 123796K (39%)
----------------- Invoking toplevel() on ptolemy.moml.MoMLSimpleApplication@12d569bc
----------------- Done invoking toplevel() on ptolemy.moml.MoMLSimpleApplication@12d569bc
reloadAllAccessors: .MergeModel3Add

===========================================================================================
----------------- testing Tue Mar 05 15:00:31 UTC 2019 /home/travis/build/icyphy/ptII/ptolemy/domains/de/test/auto/MergeWithoutDiscard.xml
----------------- Instantiating /home/travis/build/icyphy/ptII/ptolemy/domains/de/test/auto/MergeWithoutDiscard.xml
1 ms. Memory: 315904K Free: 116769K (37%)
----------------- Invoking toplevel() on ptolemy.moml.MoMLSimpleApplication@3cf62dc5
----------------- Done invoking toplevel() on ptolemy.moml.MoMLSimpleApplication@3cf62dc5
reloadAllAccessors: .MergeWithoutDiscard

===========================================================================================
----------------- testing Tue Mar 05 15:00:31 UTC 2019 /home/travis/build/icyphy/ptII/ptolemy/domains/de/test/auto/Modal1.xml
----------------- Instantiating /home/travis/build/icyphy/ptII/ptolemy/domains/de/test/auto/Modal1.xml
7 ms. Memory: 315904K Free: 102697K (33%)
----------------- Invoking toplevel() on ptolemy.moml.MoMLSimpleApplication@9cb8ffb
----------------- Done invoking toplevel() on ptolemy.moml.MoMLSimpleApplication@9cb8ffb
reloadAllAccessors: .Modal1

===========================================================================================
----------------- testing Tue Mar 05 15:00:31 UTC 2019 /home/travis/build/icyphy/ptII/ptolemy/domains/de/test/auto/Modal2.xml
----------------- Instantiating /home/travis/build/icyphy/ptII/ptolemy/domains/de/test/auto/Modal2.xml
13 ms. Memory: 315904K Free: 87012K (28%)
----------------- Invoking toplevel() on ptolemy.moml.MoMLSimpleApplication@4742d10f
----------------- Done invoking toplevel() on ptolemy.moml.MoMLSimpleApplication@4742d10f
reloadAllAccessors: .Modal2

===========================================================================================
----------------- testing Tue Mar 05 15:00:31 UTC 2019 /home/travis/build/icyphy/ptII/ptolemy/domains/de/test/auto/Modal3.xml
----------------- Instantiating /home/travis/build/icyphy/ptII/ptolemy/domains/de/test/auto/Modal3.xml
12 ms. Memory: 305152K Free: 294827K (97%)
----------------- Invoking toplevel() on ptolemy.moml.MoMLSimpleApplication@572d8298
----------------- Done invoking toplevel() on ptolemy.moml.MoMLSimpleApplication@572d8298
reloadAllAccessors: .Modal3

===========================================================================================
----------------- testing Tue Mar 05 15:00:31 UTC 2019 /home/travis/build/icyphy/ptII/ptolemy/domains/de/test/auto/Modal4.xml
----------------- Instantiating /home/travis/build/icyphy/ptII/ptolemy/domains/de/test/auto/Modal4.xml
8 ms. Memory: 305152K Free: 276889K (91%)
----------------- Invoking toplevel() on ptolemy.moml.MoMLSimpleApplication@4c92c6f3
----------------- Done invoking toplevel() on ptolemy.moml.MoMLSimpleApplication@4c92c6f3
reloadAllAccessors: .Modal4

===========================================================================================
----------------- testing Tue Mar 05 15:00:31 UTC 2019 /home/travis/build/icyphy/ptII/ptolemy/domains/de/test/auto/Modal5.xml
----------------- Instantiating /home/travis/build/icyphy/ptII/ptolemy/domains/de/test/auto/Modal5.xml
8 ms. Memory: 305152K Free: 261195K (86%)
----------------- Invoking toplevel() on ptolemy.moml.MoMLSimpleApplication@6ae7a4e9
----------------- Done invoking toplevel() on ptolemy.moml.MoMLSimpleApplication@6ae7a4e9
reloadAllAccessors: .Modal5

===========================================================================================
----------------- testing Tue Mar 05 15:00:31 UTC 2019 /home/travis/build/icyphy/ptII/ptolemy/domains/de/test/auto/Modal6.xml
----------------- Instantiating /home/travis/build/icyphy/ptII/ptolemy/domains/de/test/auto/Modal6.xml
9 ms. Memory: 305152K Free: 246720K (81%)
----------------- Invoking toplevel() on ptolemy.moml.MoMLSimpleApplication@73f90722
----------------- Done invoking toplevel() on ptolemy.moml.MoMLSimpleApplication@73f90722
reloadAllAccessors: .Modal6

===========================================================================================
----------------- testing Tue Mar 05 15:00:31 UTC 2019 /home/travis/build/icyphy/ptII/ptolemy/domains/de/test/auto/Modal7.xml
----------------- Instantiating /home/travis/build/icyphy/ptII/ptolemy/domains/de/test/auto/Modal7.xml
6 ms. Memory: 305152K Free: 231009K (76%)
----------------- Invoking toplevel() on ptolemy.moml.MoMLSimpleApplication@60e7492a
----------------- Done invoking toplevel() on ptolemy.moml.MoMLSimpleApplication@60e7492a
reloadAllAccessors: .Modal7

===========================================================================================
----------------- testing Tue Mar 05 15:00:31 UTC 2019 /home/travis/build/icyphy/ptII/ptolemy/domains/de/test/auto/ModalModel.xml
----------------- Instantiating /home/travis/build/icyphy/ptII/ptolemy/domains/de/test/auto/ModalModel.xml
101 ms. Memory: 305152K Free: 158054K (52%)
----------------- Invoking toplevel() on ptolemy.moml.MoMLSimpleApplication@6c1acdc4
----------------- Done invoking toplevel() on ptolemy.moml.MoMLSimpleApplication@6c1acdc4
reloadAllAccessors: .ModalModel

===========================================================================================
----------------- testing Tue Mar 05 15:00:31 UTC 2019 /home/travis/build/icyphy/ptII/ptolemy/domains/de/test/auto/ModalSource.xml
----------------- Instantiating /home/travis/build/icyphy/ptII/ptolemy/domains/de/test/auto/ModalSource.xml
4 ms. Memory: 305152K Free: 149088K (49%)
----------------- Invoking toplevel() on ptolemy.moml.MoMLSimpleApplication@128a99df
----------------- Done invoking toplevel() on ptolemy.moml.MoMLSimpleApplication@128a99df
reloadAllAccessors: .ModalSource

===========================================================================================
----------------- testing Tue Mar 05 15:00:31 UTC 2019 /home/travis/build/icyphy/ptII/ptolemy/domains/de/test/auto/NonInterruptibleTimerZeroDelay.xml
----------------- Instantiating /home/travis/build/icyphy/ptII/ptolemy/domains/de/test/auto/NonInterruptibleTimerZeroDelay.xml
1 ms. Memory: 305152K Free: 141333K (46%)
----------------- Invoking toplevel() on ptolemy.moml.MoMLSimpleApplication@40289b97
----------------- Done invoking toplevel() on ptolemy.moml.MoMLSimpleApplication@40289b97
reloadAllAccessors: .NonInterruptibleTimerZeroDelay

===========================================================================================
----------------- testing Tue Mar 05 15:00:31 UTC 2019 /home/travis/build/icyphy/ptII/ptolemy/domains/de/test/auto/OpenQueueingNetwork.xml
----------------- Instantiating /home/travis/build/icyphy/ptII/ptolemy/domains/de/test/auto/OpenQueueingNetwork.xml
2172 ms. Memory: 279040K Free: 100747K (36%)
----------------- Invoking toplevel() on ptolemy.moml.MoMLSimpleApplication@1247cf93
----------------- Done invoking toplevel() on ptolemy.moml.MoMLSimpleApplication@1247cf93
reloadAllAccessors: .OpenQueueingNetwork

===========================================================================================
----------------- testing Tue Mar 05 15:00:33 UTC 2019 /home/travis/build/icyphy/ptII/ptolemy/domains/de/test/auto/OpenQueuingNetwork.xml
----------------- Instantiating /home/travis/build/icyphy/ptII/ptolemy/domains/de/test/auto/OpenQueuingNetwork.xml
222 ms. Memory: 269824K Free: 189856K (70%)
----------------- Invoking toplevel() on ptolemy.moml.MoMLSimpleApplication@37c4604
----------------- Done invoking toplevel() on ptolemy.moml.MoMLSimpleApplication@37c4604
reloadAllAccessors: .OpenQueuingNetwork

===========================================================================================
----------------- testing Tue Mar 05 15:00:34 UTC 2019 /home/travis/build/icyphy/ptII/ptolemy/domains/de/test/auto/PeriodicSampler.xml
----------------- Instantiating /home/travis/build/icyphy/ptII/ptolemy/domains/de/test/auto/PeriodicSampler.xml
5 ms. Memory: 269824K Free: 183446K (68%)
----------------- Invoking toplevel() on ptolemy.moml.MoMLSimpleApplication@53a34aea
----------------- Done invoking toplevel() on ptolemy.moml.MoMLSimpleApplication@53a34aea
reloadAllAccessors: .PeriodicSampler

===========================================================================================
----------------- testing Tue Mar 05 15:00:34 UTC 2019 /home/travis/build/icyphy/ptII/ptolemy/domains/de/test/auto/PersistentIO.xml
----------------- Instantiating /home/travis/build/icyphy/ptII/ptolemy/domains/de/test/auto/PersistentIO.xml
8 ms. Memory: 269824K Free: 171768K (64%)
----------------- Invoking toplevel() on ptolemy.moml.MoMLSimpleApplication@49f051ea
----------------- Done invoking toplevel() on ptolemy.moml.MoMLSimpleApplication@49f051ea
reloadAllAccessors: .PersistentIO

===========================================================================================
----------------- testing Tue Mar 05 15:00:34 UTC 2019 /home/travis/build/icyphy/ptII/ptolemy/domains/de/test/auto/PortParameterResetOnInitialize.xml
----------------- Instantiating /home/travis/build/icyphy/ptII/ptolemy/domains/de/test/auto/PortParameterResetOnInitialize.xml
1 ms. Memory: 269824K Free: 165737K (61%)
----------------- Invoking toplevel() on ptolemy.moml.MoMLSimpleApplication@4dcdb32a
----------------- Done invoking toplevel() on ptolemy.moml.MoMLSimpleApplication@4dcdb32a
reloadAllAccessors: .PortParameterResetOnInitialize

===========================================================================================
----------------- testing Tue Mar 05 15:00:34 UTC 2019 /home/travis/build/icyphy/ptII/ptolemy/domains/de/test/auto/PortParameterUpdates.xml
----------------- Instantiating /home/travis/build/icyphy/ptII/ptolemy/domains/de/test/auto/PortParameterUpdates.xml
7 ms. Memory: 269824K Free: 157455K (58%)
----------------- Invoking toplevel() on ptolemy.moml.MoMLSimpleApplication@1707c300
----------------- Done invoking toplevel() on ptolemy.moml.MoMLSimpleApplication@1707c300
reloadAllAccessors: .PortParameterUpdates

===========================================================================================
----------------- testing Tue Mar 05 15:00:34 UTC 2019 /home/travis/build/icyphy/ptII/ptolemy/domains/de/test/auto/QueueAndServer.xml
----------------- Instantiating /home/travis/build/icyphy/ptII/ptolemy/domains/de/test/auto/QueueAndServer.xml
4 ms. Memory: 269824K Free: 147649K (55%)
----------------- Invoking toplevel() on ptolemy.moml.MoMLSimpleApplication@3c24cf3e
----------------- Done invoking toplevel() on ptolemy.moml.MoMLSimpleApplication@3c24cf3e
reloadAllAccessors: .QueueAndServer

===========================================================================================
----------------- testing Tue Mar 05 15:00:34 UTC 2019 /home/travis/build/icyphy/ptII/ptolemy/domains/de/test/auto/Records.xml
----------------- Instantiating /home/travis/build/icyphy/ptII/ptolemy/domains/de/test/auto/Records.xml
6 ms. Memory: 269824K Free: 139344K (52%)
----------------- Invoking toplevel() on ptolemy.moml.MoMLSimpleApplication@b909ddb
----------------- Done invoking toplevel() on ptolemy.moml.MoMLSimpleApplication@b909ddb
reloadAllAccessors: .Records

===========================================================================================
----------------- testing Tue Mar 05 15:00:34 UTC 2019 /home/travis/build/icyphy/ptII/ptolemy/domains/de/test/auto/ResetTransitionWithStartTime1.xml
----------------- Instantiating /home/travis/build/icyphy/ptII/ptolemy/domains/de/test/auto/ResetTransitionWithStartTime1.xml
4 ms. Memory: 269824K Free: 127642K (47%)
----------------- Invoking toplevel() on ptolemy.moml.MoMLSimpleApplication@256a23a2
----------------- Done invoking toplevel() on ptolemy.moml.MoMLSimpleApplication@256a23a2
reloadAllAccessors: .ResetTransitionWithStartTime1

===========================================================================================
----------------- testing Tue Mar 05 15:00:34 UTC 2019 /home/travis/build/icyphy/ptII/ptolemy/domains/de/test/auto/ResetTransitionWithStartTime2.xml
----------------- Instantiating /home/travis/build/icyphy/ptII/ptolemy/domains/de/test/auto/ResetTransitionWithStartTime2.xml
3 ms. Memory: 269824K Free: 115950K (43%)
----------------- Invoking toplevel() on ptolemy.moml.MoMLSimpleApplication@7b9d75e6
----------------- Done invoking toplevel() on ptolemy.moml.MoMLSimpleApplication@7b9d75e6
reloadAllAccessors: .ResetTransitionWithStartTime2

===========================================================================================
----------------- testing Tue Mar 05 15:00:34 UTC 2019 /home/travis/build/icyphy/ptII/ptolemy/domains/de/test/auto/ResetTransitionWithStartTime3.xml
----------------- Instantiating /home/travis/build/icyphy/ptII/ptolemy/domains/de/test/auto/ResetTransitionWithStartTime3.xml
3 ms. Memory: 269824K Free: 103894K (39%)
----------------- Invoking toplevel() on ptolemy.moml.MoMLSimpleApplication@3c078679
----------------- Done invoking toplevel() on ptolemy.moml.MoMLSimpleApplication@3c078679
reloadAllAccessors: .ResetTransitionWithStartTime3

===========================================================================================
----------------- testing Tue Mar 05 15:00:34 UTC 2019 /home/travis/build/icyphy/ptII/ptolemy/domains/de/test/auto/ResetTransitionWithStartTime4.xml
----------------- Instantiating /home/travis/build/icyphy/ptII/ptolemy/domains/de/test/auto/ResetTransitionWithStartTime4.xml
3 ms. Memory: 269824K Free: 94104K (35%)
----------------- Invoking toplevel() on ptolemy.moml.MoMLSimpleApplication@43a5e561
----------------- Done invoking toplevel() on ptolemy.moml.MoMLSimpleApplication@43a5e561
reloadAllAccessors: .ResetTransitionWithStartTime4

===========================================================================================
----------------- testing Tue Mar 05 15:00:34 UTC 2019 /home/travis/build/icyphy/ptII/ptolemy/domains/de/test/auto/ResettableTimer1.xml
----------------- Instantiating /home/travis/build/icyphy/ptII/ptolemy/domains/de/test/auto/ResettableTimer1.xml
2 ms. Memory: 269824K Free: 88072K (33%)
----------------- Invoking toplevel() on ptolemy.moml.MoMLSimpleApplication@66ab5579
----------------- Done invoking toplevel() on ptolemy.moml.MoMLSimpleApplication@66ab5579
reloadAllAccessors: .ResettableTimer1

===========================================================================================
----------------- testing Tue Mar 05 15:00:34 UTC 2019 /home/travis/build/icyphy/ptII/ptolemy/domains/de/test/auto/ResettableTimer2.xml
----------------- Instantiating /home/travis/build/icyphy/ptII/ptolemy/domains/de/test/auto/ResettableTimer2.xml
3 ms. Memory: 269824K Free: 81662K (30%)
----------------- Invoking toplevel() on ptolemy.moml.MoMLSimpleApplication@67d6a5f7
----------------- Done invoking toplevel() on ptolemy.moml.MoMLSimpleApplication@67d6a5f7
reloadAllAccessors: .ResettableTimer2

===========================================================================================
----------------- testing Tue Mar 05 15:00:34 UTC 2019 /home/travis/build/icyphy/ptII/ptolemy/domains/de/test/auto/ResettableTimer3.xml
----------------- Instantiating /home/travis/build/icyphy/ptII/ptolemy/domains/de/test/auto/ResettableTimer3.xml
1 ms. Memory: 269824K Free: 75630K (28%)
----------------- Invoking toplevel() on ptolemy.moml.MoMLSimpleApplication@3b4e09b
----------------- Done invoking toplevel() on ptolemy.moml.MoMLSimpleApplication@3b4e09b
reloadAllAccessors: .ResettableTimer3

===========================================================================================
----------------- testing Tue Mar 05 15:00:34 UTC 2019 /home/travis/build/icyphy/ptII/ptolemy/domains/de/test/auto/ResettableTimer4.xml
----------------- Instantiating /home/travis/build/icyphy/ptII/ptolemy/domains/de/test/auto/ResettableTimer4.xml
10 ms. Memory: 261632K Free: 249833K (95%)
----------------- Invoking toplevel() on ptolemy.moml.MoMLSimpleApplication@50a383e4
----------------- Done invoking toplevel() on ptolemy.moml.MoMLSimpleApplication@50a383e4
reloadAllAccessors: .ResettableTimer4

===========================================================================================
----------------- testing Tue Mar 05 15:00:34 UTC 2019 /home/travis/build/icyphy/ptII/ptolemy/domains/de/test/auto/ResettableTimer5.xml
----------------- Instantiating /home/travis/build/icyphy/ptII/ptolemy/domains/de/test/auto/ResettableTimer5.xml
1 ms. Memory: 261632K Free: 241103K (92%)
----------------- Invoking toplevel() on ptolemy.moml.MoMLSimpleApplication@305640da
----------------- Done invoking toplevel() on ptolemy.moml.MoMLSimpleApplication@305640da
reloadAllAccessors: .ResettableTimer5

===========================================================================================
----------------- testing Tue Mar 05 15:00:34 UTC 2019 /home/travis/build/icyphy/ptII/ptolemy/domains/de/test/auto/ResettableTimer6.xml
----------------- Instantiating /home/travis/build/icyphy/ptII/ptolemy/domains/de/test/auto/ResettableTimer6.xml
4 ms. Memory: 261632K Free: 233289K (89%)
----------------- Invoking toplevel() on ptolemy.moml.MoMLSimpleApplication@75bd494b
----------------- Done invoking toplevel() on ptolemy.moml.MoMLSimpleApplication@75bd494b
reloadAllAccessors: .ResettableTimer6

===========================================================================================
----------------- testing Tue Mar 05 15:00:34 UTC 2019 /home/travis/build/icyphy/ptII/ptolemy/domains/de/test/auto/ServerZeroDelay.xml
----------------- Instantiating /home/travis/build/icyphy/ptII/ptolemy/domains/de/test/auto/ServerZeroDelay.xml
2 ms. Memory: 261632K Free: 227295K (87%)
----------------- Invoking toplevel() on ptolemy.moml.MoMLSimpleApplication@303c07b2
----------------- Done invoking toplevel() on ptolemy.moml.MoMLSimpleApplication@303c07b2
reloadAllAccessors: .ServerZeroDelay

===========================================================================================
----------------- testing Tue Mar 05 15:00:34 UTC 2019 /home/travis/build/icyphy/ptII/ptolemy/domains/de/test/auto/SmartSender.xml
----------------- Instantiating /home/travis/build/icyphy/ptII/ptolemy/domains/de/test/auto/SmartSender.xml
3001 ms. Memory: 261632K Free: 221302K (85%)
----------------- Invoking toplevel() on ptolemy.moml.MoMLSimpleApplication@62ed77b5
----------------- Done invoking toplevel() on ptolemy.moml.MoMLSimpleApplication@62ed77b5
reloadAllAccessors: .SmartSender

===========================================================================================
----------------- testing Tue Mar 05 15:00:37 UTC 2019 /home/travis/build/icyphy/ptII/ptolemy/domains/de/test/auto/ThreadedComposite.xml
----------------- Instantiating /home/travis/build/icyphy/ptII/ptolemy/domains/de/test/auto/ThreadedComposite.xml
260 ms. Memory: 261632K Free: 181034K (69%)
----------------- Invoking toplevel() on ptolemy.moml.MoMLSimpleApplication@550adaf
----------------- Done invoking toplevel() on ptolemy.moml.MoMLSimpleApplication@550adaf
reloadAllAccessors: .ThreadedComposite

===========================================================================================
----------------- testing Tue Mar 05 15:00:37 UTC 2019 /home/travis/build/icyphy/ptII/ptolemy/domains/de/test/auto/Time.xml
----------------- Instantiating /home/travis/build/icyphy/ptII/ptolemy/domains/de/test/auto/Time.xml
409 ms. Memory: 261632K Free: 124569K (48%)
----------------- Invoking toplevel() on ptolemy.moml.MoMLSimpleApplication@240f55ac
----------------- Done invoking toplevel() on ptolemy.moml.MoMLSimpleApplication@240f55ac
reloadAllAccessors: .Time

===========================================================================================
----------------- testing Tue Mar 05 15:00:38 UTC 2019 /home/travis/build/icyphy/ptII/ptolemy/domains/de/test/auto/TimeDelayZeroDelay.xml
----------------- Instantiating /home/travis/build/icyphy/ptII/ptolemy/domains/de/test/auto/TimeDelayZeroDelay.xml
7 ms. Memory: 261632K Free: 118861K (45%)
----------------- Invoking toplevel() on ptolemy.moml.MoMLSimpleApplication@7cdc5dc9
----------------- Done invoking toplevel() on ptolemy.moml.MoMLSimpleApplication@7cdc5dc9
reloadAllAccessors: .TimeDelayZeroDelay

===========================================================================================
----------------- testing Tue Mar 05 15:00:38 UTC 2019 /home/travis/build/icyphy/ptII/ptolemy/domains/de/test/auto/TimerZeroDelay.xml
----------------- Instantiating /home/travis/build/icyphy/ptII/ptolemy/domains/de/test/auto/TimerZeroDelay.xml
2 ms. Memory: 261632K Free: 112876K (43%)
----------------- Invoking toplevel() on ptolemy.moml.MoMLSimpleApplication@78e896f
----------------- Done invoking toplevel() on ptolemy.moml.MoMLSimpleApplication@78e896f
reloadAllAccessors: .TimerZeroDelay

===========================================================================================
----------------- testing Tue Mar 05 15:00:38 UTC 2019 /home/travis/build/icyphy/ptII/ptolemy/domains/de/test/auto/TimingParadox.xml
----------------- Instantiating /home/travis/build/icyphy/ptII/ptolemy/domains/de/test/auto/TimingParadox.xml
287 ms. Memory: 254976K Free: 216010K (85%)
----------------- Invoking toplevel() on ptolemy.moml.MoMLSimpleApplication@67accc99
----------------- Done invoking toplevel() on ptolemy.moml.MoMLSimpleApplication@67accc99
reloadAllAccessors: .TimingParadox

===========================================================================================
----------------- testing Tue Mar 05 15:00:38 UTC 2019 /home/travis/build/icyphy/ptII/ptolemy/domains/de/test/auto/TransferInputs.xml
----------------- Instantiating /home/travis/build/icyphy/ptII/ptolemy/domains/de/test/auto/TransferInputs.xml
1 ms. Memory: 254976K Free: 209588K (82%)
----------------- Invoking toplevel() on ptolemy.moml.MoMLSimpleApplication@71ebe542
----------------- Done invoking toplevel() on ptolemy.moml.MoMLSimpleApplication@71ebe542
reloadAllAccessors: .TransferInputs

===========================================================================================
----------------- testing Tue Mar 05 15:00:38 UTC 2019 /home/travis/build/icyphy/ptII/ptolemy/domains/de/test/auto/TransferOutputs2.xml
----------------- Instantiating /home/travis/build/icyphy/ptII/ptolemy/domains/de/test/auto/TransferOutputs2.xml
4 ms. Memory: 254976K Free: 199706K (78%)
----------------- Invoking toplevel() on ptolemy.moml.MoMLSimpleApplication@2d4449e3
----------------- Done invoking toplevel() on ptolemy.moml.MoMLSimpleApplication@2d4449e3
reloadAllAccessors: .TransferOutputs2

===========================================================================================
----------------- testing Tue Mar 05 15:00:38 UTC 2019 /home/travis/build/icyphy/ptII/ptolemy/domains/de/test/auto/Trilateration.xml
----------------- Instantiating /home/travis/build/icyphy/ptII/ptolemy/domains/de/test/auto/Trilateration.xml
10789 ms. Memory: 715776K Free: 404098K (56%)
----------------- Invoking toplevel() on ptolemy.moml.MoMLSimpleApplication@65b14f71
----------------- Done invoking toplevel() on ptolemy.moml.MoMLSimpleApplication@65b14f71
reloadAllAccessors: .Trilateration

===========================================================================================
----------------- testing Tue Mar 05 15:00:50 UTC 2019 /home/travis/build/icyphy/ptII/ptolemy/domains/de/test/auto/TwoSigmaDelta.xml
----------------- Instantiating /home/travis/build/icyphy/ptII/ptolemy/domains/de/test/auto/TwoSigmaDelta.xml
1946 ms. Memory: 715776K Free: 108243K (15%)
----------------- Invoking toplevel() on ptolemy.moml.MoMLSimpleApplication@4e542071
----------------- Done invoking toplevel() on ptolemy.moml.MoMLSimpleApplication@4e542071
reloadAllAccessors: .TwoSigmaDelta

===========================================================================================
----------------- testing Tue Mar 05 15:00:52 UTC 2019 /home/travis/build/icyphy/ptII/ptolemy/domains/de/test/auto/VariableDelay.xml
----------------- Instantiating /home/travis/build/icyphy/ptII/ptolemy/domains/de/test/auto/VariableDelay.xml
2 ms. Memory: 715776K Free: 82532K (12%)
----------------- Invoking toplevel() on ptolemy.moml.MoMLSimpleApplication@3596c568
----------------- Done invoking toplevel() on ptolemy.moml.MoMLSimpleApplication@3596c568
reloadAllAccessors: .VariableDelay

===========================================================================================
----------------- testing Tue Mar 05 15:00:52 UTC 2019 /home/travis/build/icyphy/ptII/ptolemy/domains/de/test/auto/VariableDelay2.xml
----------------- Instantiating /home/travis/build/icyphy/ptII/ptolemy/domains/de/test/auto/VariableDelay2.xml
2 ms. Memory: 715776K Free: 62314K (9%)
----------------- Invoking toplevel() on ptolemy.moml.MoMLSimpleApplication@43f9d083
----------------- Done invoking toplevel() on ptolemy.moml.MoMLSimpleApplication@43f9d083
reloadAllAccessors: .VariableDelay2

===========================================================================================
----------------- testing Tue Mar 05 15:00:52 UTC 2019 /home/travis/build/icyphy/ptII/ptolemy/domains/de/test/auto/VariableDelayZeroDelay.xml
----------------- Instantiating /home/travis/build/icyphy/ptII/ptolemy/domains/de/test/auto/VariableDelayZeroDelay.xml
4 ms. Memory: 680960K Free: 631944K (93%)
----------------- Invoking toplevel() on ptolemy.moml.MoMLSimpleApplication@5a783b2c
----------------- Done invoking toplevel() on ptolemy.moml.MoMLSimpleApplication@5a783b2c
reloadAllAccessors: .VariableDelayZeroDelay

===========================================================================================
----------------- testing Tue Mar 05 15:00:52 UTC 2019 /home/travis/build/icyphy/ptII/ptolemy/domains/de/test/auto/VariableDelayZeroDelay2.xml
----------------- Instantiating /home/travis/build/icyphy/ptII/ptolemy/domains/de/test/auto/VariableDelayZeroDelay2.xml
2 ms. Memory: 680960K Free: 607270K (89%)
----------------- Invoking toplevel() on ptolemy.moml.MoMLSimpleApplication@427cdb88
----------------- Done invoking toplevel() on ptolemy.moml.MoMLSimpleApplication@427cdb88
reloadAllAccessors: .VariableDelayZeroDelay2

===========================================================================================
----------------- testing Tue Mar 05 15:00:52 UTC 2019 /home/travis/build/icyphy/ptII/ptolemy/domains/de/test/auto/deInCt.xml
----------------- Instantiating /home/travis/build/icyphy/ptII/ptolemy/domains/de/test/auto/deInCt.xml
0
1
1
1
0
0
0
1
1
1
0
0
0
1
1
1
1
1
1
1
1
0
0
0
0
1
1
0
0
0
5 ms. Memory: 680960K Free: 582942K (86%)
----------------- Invoking toplevel() on ptolemy.moml.MoMLSimpleApplication@1c104864
----------------- Done invoking toplevel() on ptolemy.moml.MoMLSimpleApplication@1c104864
reloadAllAccessors: .deInCt

===========================================================================================
----------------- testing Tue Mar 05 15:00:52 UTC 2019 /home/travis/build/icyphy/ptII/ptolemy/domains/de/test/auto/deInCt2.xml
----------------- Instantiating /home/travis/build/icyphy/ptII/ptolemy/domains/de/test/auto/deInCt2.xml
0
1
1
1
0
0
1
1
1
0
0
1
1
1
0
0
1
1
1
0
0
1
1
1
0
0
1
1
1
0
0
1
1
1
0
0
1
1
1
0
0
0
6 ms. Memory: 680960K Free: 558266K (82%)
----------------- Invoking toplevel() on ptolemy.moml.MoMLSimpleApplication@4238f109
----------------- Done invoking toplevel() on ptolemy.moml.MoMLSimpleApplication@4238f109
reloadAllAccessors: .deInCt2

===========================================================================================
----------------- testing Tue Mar 05 15:00:52 UTC 2019 /home/travis/build/icyphy/ptII/ptolemy/domains/de/test/auto/dynamicCausalityInterface1.xml
----------------- Instantiating /home/travis/build/icyphy/ptII/ptolemy/domains/de/test/auto/dynamicCausalityInterface1.xml
1 ms. Memory: 680960K Free: 533937K (78%)
----------------- Invoking toplevel() on ptolemy.moml.MoMLSimpleApplication@2d35619a
----------------- Done invoking toplevel() on ptolemy.moml.MoMLSimpleApplication@2d35619a
reloadAllAccessors: .dynamicCausalityInterface1

===========================================================================================
----------------- testing Tue Mar 05 15:00:52 UTC 2019 /home/travis/build/icyphy/ptII/ptolemy/domains/de/test/auto/fsm_de_test.xml
----------------- Instantiating /home/travis/build/icyphy/ptII/ptolemy/domains/de/test/auto/fsm_de_test.xml
4 ms. Memory: 680960K Free: 509263K (75%)
----------------- Invoking toplevel() on ptolemy.moml.MoMLSimpleApplication@2ae1b0d4
----------------- Done invoking toplevel() on ptolemy.moml.MoMLSimpleApplication@2ae1b0d4
reloadAllAccessors: .fsm_de_test

===========================================================================================
----------------- testing Tue Mar 05 15:00:52 UTC 2019 /home/travis/build/icyphy/ptII/ptolemy/domains/de/test/auto/functionDependencyReconstruction.xml
----------------- Instantiating /home/travis/build/icyphy/ptII/ptolemy/domains/de/test/auto/functionDependencyReconstruction.xml
2 ms. Memory: 680960K Free: 472583K (69%)
----------------- Invoking toplevel() on ptolemy.moml.MoMLSimpleApplication@62e00fd0
----------------- Done invoking toplevel() on ptolemy.moml.MoMLSimpleApplication@62e00fd0
reloadAllAccessors: .functionDependencyReconstruction

===========================================================================================
----------------- testing Tue Mar 05 15:00:52 UTC 2019 /home/travis/build/icyphy/ptII/ptolemy/domains/de/test/auto/multirate.xml
----------------- Instantiating /home/travis/build/icyphy/ptII/ptolemy/domains/de/test/auto/multirate.xml
2 ms. Memory: 680960K Free: 448255K (66%)
----------------- Invoking toplevel() on ptolemy.moml.MoMLSimpleApplication@33e2c90b
----------------- Done invoking toplevel() on ptolemy.moml.MoMLSimpleApplication@33e2c90b
reloadAllAccessors: .multirate

===========================================================================================
----------------- testing Tue Mar 05 15:00:52 UTC 2019 /home/travis/build/icyphy/ptII/ptolemy/domains/de/test/auto/multirate2.xml
----------------- Instantiating /home/travis/build/icyphy/ptII/ptolemy/domains/de/test/auto/multirate2.xml
2 ms. Memory: 680960K Free: 423581K (62%)
----------------- Invoking toplevel() on ptolemy.moml.MoMLSimpleApplication@2bda14ac
----------------- Done invoking toplevel() on ptolemy.moml.MoMLSimpleApplication@2bda14ac
reloadAllAccessors: .multirate2

===========================================================================================
----------------- testing Tue Mar 05 15:00:52 UTC 2019 /home/travis/build/icyphy/ptII/ptolemy/domains/de/test/auto/realtime.xml
----------------- Instantiating /home/travis/build/icyphy/ptII/ptolemy/domains/de/test/auto/realtime.xml
10001 ms. Memory: 680960K Free: 399253K (59%)
----------------- Invoking toplevel() on ptolemy.moml.MoMLSimpleApplication@364d67a3
----------------- Done invoking toplevel() on ptolemy.moml.MoMLSimpleApplication@364d67a3
reloadAllAccessors: .realtime

===========================================================================================
----------------- testing Tue Mar 05 15:01:02 UTC 2019 /home/travis/build/icyphy/ptII/ptolemy/domains/de/test/auto/relationGroup.xml
----------------- Instantiating /home/travis/build/icyphy/ptII/ptolemy/domains/de/test/auto/relationGroup.xml
4 ms. Memory: 680960K Free: 374579K (55%)
----------------- Invoking toplevel() on ptolemy.moml.MoMLSimpleApplication@7d266742
----------------- Done invoking toplevel() on ptolemy.moml.MoMLSimpleApplication@7d266742
reloadAllAccessors: .relationGroup

===========================================================================================
----------------- testing Tue Mar 05 15:01:02 UTC 2019 /home/travis/build/icyphy/ptII/ptolemy/domains/de/test/auto/relationGroup2.xml
----------------- Instantiating /home/travis/build/icyphy/ptII/ptolemy/domains/de/test/auto/relationGroup2.xml
1 ms. Memory: 680960K Free: 349905K (51%)
----------------- Invoking toplevel() on ptolemy.moml.MoMLSimpleApplication@28f70faa
----------------- Done invoking toplevel() on ptolemy.moml.MoMLSimpleApplication@28f70faa
reloadAllAccessors: .relationGroup2

===========================================================================================
----------------- testing Tue Mar 05 15:01:02 UTC 2019 /home/travis/build/icyphy/ptII/ptolemy/domains/de/test/auto/sortWithOpaquePorts.xml
----------------- Instantiating /home/travis/build/icyphy/ptII/ptolemy/domains/de/test/auto/sortWithOpaquePorts.xml
1 ms. Memory: 680960K Free: 325577K (48%)
----------------- Invoking toplevel() on ptolemy.moml.MoMLSimpleApplication@1a986de6
----------------- Done invoking toplevel() on ptolemy.moml.MoMLSimpleApplication@1a986de6
reloadAllAccessors: .sortWithOpaquePorts

===========================================================================================
----------------- testing Tue Mar 05 15:01:02 UTC 2019 /home/travis/build/icyphy/ptII/ptolemy/domains/de/test/auto/transferInputsandOutputs.xml
----------------- Instantiating /home/travis/build/icyphy/ptII/ptolemy/domains/de/test/auto/transferInputsandOutputs.xml
2 ms. Memory: 680960K Free: 300903K (44%)
----------------- Invoking toplevel() on ptolemy.moml.MoMLSimpleApplication@297c8019
----------------- Done invoking toplevel() on ptolemy.moml.MoMLSimpleApplication@297c8019
reloadAllAccessors: .transferInputsandOutputs

===========================================================================================
----------------- testing Tue Mar 05 15:01:02 UTC 2019 /home/travis/build/icyphy/ptII/ptolemy/domains/de/test/auto/triggerType.xml
----------------- Instantiating /home/travis/build/icyphy/ptII/ptolemy/domains/de/test/auto/triggerType.xml
1 ms. Memory: 680960K Free: 276575K (41%)
----------------- Invoking toplevel() on ptolemy.moml.MoMLSimpleApplication@64c890f0
----------------- Done invoking toplevel() on ptolemy.moml.MoMLSimpleApplication@64c890f0
reloadAllAccessors: .triggerType
AutoTests.java: About to close Vertx.
AutoTests.java: Vertx closed.
]]></system-out>
  <system-err><![CDATA[java.lang.RuntimeException: Execution failed
	at ptolemy.moml.MoMLSimpleApplication$UnloadThread.run(MoMLSimpleApplication.java:402)
Caused by: ptolemy.kernel.util.IllegalActionException: Found a zero delay loop containing .dependencyLoop.original
  in .dependencyLoop and .dependencyLoop.original
	at ptolemy.actor.util.CausalityInterfaceForComposites._computeOutputPortDepth(CausalityInterfaceForComposites.java:759)
	at ptolemy.actor.util.CausalityInterfaceForComposites._computeInputDepth(CausalityInterfaceForComposites.java:696)
	at ptolemy.actor.util.CausalityInterfaceForComposites._computeOutputPortDepth(CausalityInterfaceForComposites.java:765)
	at ptolemy.actor.util.CausalityInterfaceForComposites._computeInputDepth(CausalityInterfaceForComposites.java:696)
	at ptolemy.actor.util.CausalityInterfaceForComposites._computeOutputPortDepth(CausalityInterfaceForComposites.java:765)
	at ptolemy.actor.util.CausalityInterfaceForComposites._computeInputDepth(CausalityInterfaceForComposites.java:696)
	at ptolemy.actor.util.CausalityInterfaceForComposites._computeActorDepth(CausalityInterfaceForComposites.java:532)
	at ptolemy.actor.util.CausalityInterfaceForComposites.checkForCycles(CausalityInterfaceForComposites.java:96)
	at ptolemy.domains.de.kernel.DEDirector.preinitialize(DEDirector.java:1338)
	at ptolemy.actor.CompositeActor.preinitialize(CompositeActor.java:1828)
	at ptolemy.actor.Manager.preinitializeAndResolveTypes(Manager.java:1040)
	at ptolemy.actor.Manager.initialize(Manager.java:710)
	at ptolemy.actor.Manager.execute(Manager.java:356)
	at ptolemy.actor.Manager.run(Manager.java:1263)
	at ptolemy.actor.Manager$PtolemyRunThread.run(Manager.java:1915)
java.lang.RuntimeException: Execution failed
	at ptolemy.moml.MoMLSimpleApplication$UnloadThread.run(MoMLSimpleApplication.java:402)
Caused by: ptolemy.kernel.util.IllegalActionException: Found a zero delay loop containing .dependencyLoop2.original
  in .dependencyLoop2 and .dependencyLoop2.original
	at ptolemy.actor.util.CausalityInterfaceForComposites._computeOutputPortDepth(CausalityInterfaceForComposites.java:759)
	at ptolemy.actor.util.CausalityInterfaceForComposites._computeInputDepth(CausalityInterfaceForComposites.java:696)
	at ptolemy.actor.util.CausalityInterfaceForComposites._computeOutputPortDepth(CausalityInterfaceForComposites.java:765)
	at ptolemy.actor.util.CausalityInterfaceForComposites._computeInputDepth(CausalityInterfaceForComposites.java:696)
	at ptolemy.actor.util.CausalityInterfaceForComposites._computeOutputPortDepth(CausalityInterfaceForComposites.java:765)
	at ptolemy.actor.util.CausalityInterfaceForComposites._computeInputDepth(CausalityInterfaceForComposites.java:696)
	at ptolemy.actor.util.CausalityInterfaceForComposites._computeActorDepth(CausalityInterfaceForComposites.java:532)
	at ptolemy.actor.util.CausalityInterfaceForComposites.checkForCycles(CausalityInterfaceForComposites.java:96)
	at ptolemy.domains.de.kernel.DEDirector.preinitialize(DEDirector.java:1338)
	at ptolemy.actor.CompositeActor.preinitialize(CompositeActor.java:1828)
	at ptolemy.actor.Manager.preinitializeAndResolveTypes(Manager.java:1040)
	at ptolemy.actor.Manager.initialize(Manager.java:710)
	at ptolemy.actor.Manager.execute(Manager.java:356)
	at ptolemy.actor.Manager.run(Manager.java:1263)
	at ptolemy.actor.Manager$PtolemyRunThread.run(Manager.java:1915)
java.lang.RuntimeException: Execution failed
	at ptolemy.moml.MoMLSimpleApplication$UnloadThread.run(MoMLSimpleApplication.java:402)
Caused by: ptolemy.kernel.util.IllegalActionException: Found a zero delay loop containing .dependencyLoop.original
  in .dependencyLoop and .dependencyLoop.original
	at ptolemy.actor.util.CausalityInterfaceForComposites._computeOutputPortDepth(CausalityInterfaceForComposites.java:759)
	at ptolemy.actor.util.CausalityInterfaceForComposites._computeInputDepth(CausalityInterfaceForComposites.java:696)
	at ptolemy.actor.util.CausalityInterfaceForComposites._computeOutputPortDepth(CausalityInterfaceForComposites.java:765)
	at ptolemy.actor.util.CausalityInterfaceForComposites._computeInputDepth(CausalityInterfaceForComposites.java:696)
	at ptolemy.actor.util.CausalityInterfaceForComposites._computeOutputPortDepth(CausalityInterfaceForComposites.java:765)
	at ptolemy.actor.util.CausalityInterfaceForComposites._computeInputDepth(CausalityInterfaceForComposites.java:696)
	at ptolemy.actor.util.CausalityInterfaceForComposites._computeActorDepth(CausalityInterfaceForComposites.java:532)
	at ptolemy.actor.util.CausalityInterfaceForComposites.checkForCycles(CausalityInterfaceForComposites.java:96)
	at ptolemy.domains.de.kernel.DEDirector.preinitialize(DEDirector.java:1338)
	at ptolemy.actor.CompositeActor.preinitialize(CompositeActor.java:1828)
	at ptolemy.actor.Manager.preinitializeAndResolveTypes(Manager.java:1040)
	at ptolemy.actor.Manager.initialize(Manager.java:710)
	at ptolemy.actor.Manager.execute(Manager.java:356)
	at ptolemy.actor.Manager.run(Manager.java:1263)
	at ptolemy.actor.Manager$PtolemyRunThread.run(Manager.java:1915)
java.lang.RuntimeException: Execution failed
	at ptolemy.moml.MoMLSimpleApplication$UnloadThread.run(MoMLSimpleApplication.java:402)
Caused by: ptolemy.kernel.util.IllegalActionException: Actor is not ready to fire.  Perhaps UpSample.prefire() returned false? Try debugging the actor by selecting "Listen to Actor".  Also, for SDF check moml for tokenConsumptionRate on input.
  in .DESDFClockTest.Play Bell.Copy1:SDF Director and .DESDFClockTest.Play Bell.UpSample
	at ptolemy.actor.sched.StaticSchedulingDirector.fire(StaticSchedulingDirector.java:227)
	at ptolemy.domains.sdf.kernel.SDFDirector.fire(SDFDirector.java:500)
	at ptolemy.actor.CompositeActor.fire(CompositeActor.java:455)
	at ptolemy.domains.de.kernel.DEDirector._fire(DEDirector.java:1949)
	at ptolemy.domains.de.kernel.DEDirector.fire(DEDirector.java:502)
	at ptolemy.actor.CompositeActor.fire(CompositeActor.java:455)
	at ptolemy.actor.Manager.iterate(Manager.java:851)
	at ptolemy.actor.Manager.execute(Manager.java:369)
	at ptolemy.actor.Manager.run(Manager.java:1263)
	at ptolemy.actor.Manager$PtolemyRunThread.run(Manager.java:1915)
java.lang.RuntimeException: Execution failed
	at ptolemy.moml.MoMLSimpleApplication$UnloadThread.run(MoMLSimpleApplication.java:402)
Caused by: ptolemy.kernel.util.IllegalActionException: Found a zero delay loop containing .dependencyLoop2.original
  in .dependencyLoop2 and .dependencyLoop2.original
	at ptolemy.actor.util.CausalityInterfaceForComposites._computeOutputPortDepth(CausalityInterfaceForComposites.java:759)
	at ptolemy.actor.util.CausalityInterfaceForComposites._computeInputDepth(CausalityInterfaceForComposites.java:696)
	at ptolemy.actor.util.CausalityInterfaceForComposites._computeOutputPortDepth(CausalityInterfaceForComposites.java:765)
	at ptolemy.actor.util.CausalityInterfaceForComposites._computeInputDepth(CausalityInterfaceForComposites.java:696)
	at ptolemy.actor.util.CausalityInterfaceForComposites._computeOutputPortDepth(CausalityInterfaceForComposites.java:765)
	at ptolemy.actor.util.CausalityInterfaceForComposites._computeInputDepth(CausalityInterfaceForComposites.java:696)
	at ptolemy.actor.util.CausalityInterfaceForComposites._computeActorDepth(CausalityInterfaceForComposites.java:532)
	at ptolemy.actor.util.CausalityInterfaceForComposites.checkForCycles(CausalityInterfaceForComposites.java:96)
	at ptolemy.domains.de.kernel.DEDirector.preinitialize(DEDirector.java:1338)
	at ptolemy.actor.CompositeActor.preinitialize(CompositeActor.java:1828)
	at ptolemy.actor.Manager.preinitializeAndResolveTypes(Manager.java:1040)
	at ptolemy.actor.Manager.initialize(Manager.java:710)
	at ptolemy.actor.Manager.execute(Manager.java:356)
	at ptolemy.actor.Manager.run(Manager.java:1263)
	at ptolemy.actor.Manager$PtolemyRunThread.run(Manager.java:1915)
java.lang.RuntimeException: Execution failed
	at ptolemy.moml.MoMLSimpleApplication$UnloadThread.run(MoMLSimpleApplication.java:402)
Caused by: ptolemy.kernel.util.IllegalActionException: Found a zero delay loop containing .HierarchicalModel.A
  in .HierarchicalModel and .HierarchicalModel.A
	at ptolemy.actor.util.CausalityInterfaceForComposites._computeOutputPortDepth(CausalityInterfaceForComposites.java:759)
	at ptolemy.actor.util.CausalityInterfaceForComposites._computeInputDepth(CausalityInterfaceForComposites.java:696)
	at ptolemy.actor.util.CausalityInterfaceForComposites._computeOutputPortDepth(CausalityInterfaceForComposites.java:765)
	at ptolemy.actor.util.CausalityInterfaceForComposites._computeInputDepth(CausalityInterfaceForComposites.java:696)
	at ptolemy.actor.util.CausalityInterfaceForComposites._computeOutputPortDepth(CausalityInterfaceForComposites.java:765)
	at ptolemy.actor.util.CausalityInterfaceForComposites._computeInputDepth(CausalityInterfaceForComposites.java:696)
	at ptolemy.actor.util.CausalityInterfaceForComposites._computeActorDepth(CausalityInterfaceForComposites.java:532)
	at ptolemy.actor.util.CausalityInterfaceForComposites.checkForCycles(CausalityInterfaceForComposites.java:96)
	at ptolemy.domains.de.kernel.DEDirector.preinitialize(DEDirector.java:1338)
	at ptolemy.actor.CompositeActor.preinitialize(CompositeActor.java:1828)
	at ptolemy.actor.Manager.preinitializeAndResolveTypes(Manager.java:1040)
	at ptolemy.actor.Manager.initialize(Manager.java:710)
	at ptolemy.actor.Manager.execute(Manager.java:356)
	at ptolemy.actor.Manager.run(Manager.java:1263)
	at ptolemy.actor.Manager$PtolemyRunThread.run(Manager.java:1915)
java.lang.RuntimeException: Execution failed
	at ptolemy.moml.MoMLSimpleApplication$UnloadThread.run(MoMLSimpleApplication.java:402)
Caused by: ptolemy.kernel.util.IllegalActionException: Test fails in iteration 1.
Value was: 1.0. Should have been: 2.0
  in .DirectFeedback.Test
	at ptolemy.actor.lib.Test.fire(Test.java:268)
	at ptolemy.domains.de.kernel.DEDirector._fire(DEDirector.java:1949)
	at ptolemy.domains.de.kernel.DEDirector.fire(DEDirector.java:502)
	at ptolemy.actor.CompositeActor.fire(CompositeActor.java:455)
	at ptolemy.actor.Manager.iterate(Manager.java:851)
	at ptolemy.actor.Manager.execute(Manager.java:369)
	at ptolemy.actor.Manager.run(Manager.java:1263)
	at ptolemy.actor.Manager$PtolemyRunThread.run(Manager.java:1915)
java.lang.RuntimeException: Execution failed
	at ptolemy.moml.MoMLSimpleApplication$UnloadThread.run(MoMLSimpleApplication.java:402)
Caused by: ptolemy.kernel.util.IllegalActionException: Actor is not ready to fire.  Perhaps UpSample.prefire() returned false? Try debugging the actor by selecting "Listen to Actor".  Also, for SDF check moml for tokenConsumptionRate on input.
  in .DESDFClockTest.Play Bell.Copy1:SDF Director and .DESDFClockTest.Play Bell.UpSample
	at ptolemy.actor.sched.StaticSchedulingDirector.fire(StaticSchedulingDirector.java:227)
	at ptolemy.domains.sdf.kernel.SDFDirector.fire(SDFDirector.java:500)
	at ptolemy.actor.CompositeActor.fire(CompositeActor.java:455)
	at ptolemy.domains.de.kernel.DEDirector._fire(DEDirector.java:1949)
	at ptolemy.domains.de.kernel.DEDirector.fire(DEDirector.java:502)
	at ptolemy.actor.CompositeActor.fire(CompositeActor.java:455)
	at ptolemy.actor.Manager.iterate(Manager.java:851)
	at ptolemy.actor.Manager.execute(Manager.java:369)
	at ptolemy.actor.Manager.run(Manager.java:1263)
	at ptolemy.actor.Manager$PtolemyRunThread.run(Manager.java:1915)
java.lang.reflect.InvocationTargetException
	at sun.reflect.NativeConstructorAccessorImpl.newInstance0(Native Method)
	at sun.reflect.NativeConstructorAccessorImpl.newInstance(NativeConstructorAccessorImpl.java:62)
	at sun.reflect.DelegatingConstructorAccessorImpl.newInstance(DelegatingConstructorAccessorImpl.java:45)
	at java.lang.reflect.Constructor.newInstance(Constructor.java:423)
	at ptolemy.util.test.junit.AutoKnownFailedTests.RunModel(AutoKnownFailedTests.java:105)
	at sun.reflect.NativeMethodAccessorImpl.invoke0(Native Method)
	at sun.reflect.NativeMethodAccessorImpl.invoke(NativeMethodAccessorImpl.java:62)
	at sun.reflect.DelegatingMethodAccessorImpl.invoke(DelegatingMethodAccessorImpl.java:43)
	at java.lang.reflect.Method.invoke(Method.java:498)
	at org.junit.runners.model.FrameworkMethod$1.runReflectiveCall(FrameworkMethod.java:44)
	at org.junit.internal.runners.model.ReflectiveCallable.run(ReflectiveCallable.java:15)
	at org.junit.runners.model.FrameworkMethod.invokeExplosively(FrameworkMethod.java:41)
	at junitparams.internal.InvokeParameterisedMethod.evaluate(InvokeParameterisedMethod.java:102)
	at org.junit.internal.runners.statements.FailOnTimeout$1.run(FailOnTimeout.java:28)
Caused by: ptolemy.kernel.util.IllegalActionException: Actor is not ready to fire.  Perhaps UpSample.prefire() returned false? Try debugging the actor by selecting "Listen to Actor".  Also, for SDF check moml for tokenConsumptionRate on input.
  in .DESDFClockTest.Play Bell.Copy1:SDF Director and .DESDFClockTest.Play Bell.UpSample
	at ptolemy.actor.sched.StaticSchedulingDirector.fire(StaticSchedulingDirector.java:227)
	at ptolemy.domains.sdf.kernel.SDFDirector.fire(SDFDirector.java:500)
	at ptolemy.actor.CompositeActor.fire(CompositeActor.java:455)
	at ptolemy.domains.de.kernel.DEDirector._fire(DEDirector.java:1949)
	at ptolemy.domains.de.kernel.DEDirector.fire(DEDirector.java:502)
	at ptolemy.actor.CompositeActor.fire(CompositeActor.java:455)
	at ptolemy.actor.Manager.iterate(Manager.java:851)
	at ptolemy.actor.Manager.execute(Manager.java:369)
	at ptolemy.actor.Manager.run(Manager.java:1263)
	at ptolemy.actor.Manager$PtolemyRunThread.run(Manager.java:1915)
java.lang.RuntimeException: Execution failed
	at ptolemy.moml.MoMLSimpleApplication$UnloadThread.run(MoMLSimpleApplication.java:402)
Caused by: ptolemy.kernel.util.IllegalActionException: Test fails in iteration 1.
Value was: 1.0. Should have been: 2.0
  in .DirectFeedback.Test
	at ptolemy.actor.lib.Test.fire(Test.java:268)
	at ptolemy.domains.de.kernel.DEDirector._fire(DEDirector.java:1949)
	at ptolemy.domains.de.kernel.DEDirector.fire(DEDirector.java:502)
	at ptolemy.actor.CompositeActor.fire(CompositeActor.java:455)
	at ptolemy.actor.Manager.iterate(Manager.java:851)
	at ptolemy.actor.Manager.execute(Manager.java:369)
	at ptolemy.actor.Manager.run(Manager.java:1263)
	at ptolemy.actor.Manager$PtolemyRunThread.run(Manager.java:1915)
java.lang.reflect.InvocationTargetException
	at sun.reflect.NativeConstructorAccessorImpl.newInstance0(Native Method)
	at sun.reflect.NativeConstructorAccessorImpl.newInstance(NativeConstructorAccessorImpl.java:62)
	at sun.reflect.DelegatingConstructorAccessorImpl.newInstance(DelegatingConstructorAccessorImpl.java:45)
	at java.lang.reflect.Constructor.newInstance(Constructor.java:423)
	at ptolemy.util.test.junit.AutoKnownFailedTests.RunModel(AutoKnownFailedTests.java:105)
	at sun.reflect.NativeMethodAccessorImpl.invoke0(Native Method)
	at sun.reflect.NativeMethodAccessorImpl.invoke(NativeMethodAccessorImpl.java:62)
	at sun.reflect.DelegatingMethodAccessorImpl.invoke(DelegatingMethodAccessorImpl.java:43)
	at java.lang.reflect.Method.invoke(Method.java:498)
	at org.junit.runners.model.FrameworkMethod$1.runReflectiveCall(FrameworkMethod.java:44)
	at org.junit.internal.runners.model.ReflectiveCallable.run(ReflectiveCallable.java:15)
	at org.junit.runners.model.FrameworkMethod.invokeExplosively(FrameworkMethod.java:41)
	at junitparams.internal.InvokeParameterisedMethod.evaluate(InvokeParameterisedMethod.java:102)
	at org.junit.internal.runners.statements.FailOnTimeout$1.run(FailOnTimeout.java:28)
Caused by: ptolemy.kernel.util.IllegalActionException: Test fails in iteration 1.
Value was: 1.0. Should have been: 2.0
  in .DirectFeedback.Test
	at ptolemy.actor.lib.Test.fire(Test.java:268)
	at ptolemy.domains.de.kernel.DEDirector._fire(DEDirector.java:1949)
	at ptolemy.domains.de.kernel.DEDirector.fire(DEDirector.java:502)
	at ptolemy.actor.CompositeActor.fire(CompositeActor.java:455)
	at ptolemy.actor.Manager.iterate(Manager.java:851)
	at ptolemy.actor.Manager.execute(Manager.java:369)
	at ptolemy.actor.Manager.run(Manager.java:1263)
	at ptolemy.actor.Manager$PtolemyRunThread.run(Manager.java:1915)
java.lang.RuntimeException: Execution failed
	at ptolemy.moml.MoMLSimpleApplication$UnloadThread.run(MoMLSimpleApplication.java:402)
Caused by: ptolemy.kernel.util.IllegalActionException: Found a zero delay loop containing .HierarchicalModel.A
  in .HierarchicalModel and .HierarchicalModel.A
	at ptolemy.actor.util.CausalityInterfaceForComposites._computeOutputPortDepth(CausalityInterfaceForComposites.java:759)
	at ptolemy.actor.util.CausalityInterfaceForComposites._computeInputDepth(CausalityInterfaceForComposites.java:696)
	at ptolemy.actor.util.CausalityInterfaceForComposites._computeOutputPortDepth(CausalityInterfaceForComposites.java:765)
	at ptolemy.actor.util.CausalityInterfaceForComposites._computeInputDepth(CausalityInterfaceForComposites.java:696)
	at ptolemy.actor.util.CausalityInterfaceForComposites._computeOutputPortDepth(CausalityInterfaceForComposites.java:765)
	at ptolemy.actor.util.CausalityInterfaceForComposites._computeInputDepth(CausalityInterfaceForComposites.java:696)
	at ptolemy.actor.util.CausalityInterfaceForComposites._computeActorDepth(CausalityInterfaceForComposites.java:532)
	at ptolemy.actor.util.CausalityInterfaceForComposites.checkForCycles(CausalityInterfaceForComposites.java:96)
	at ptolemy.domains.de.kernel.DEDirector.preinitialize(DEDirector.java:1338)
	at ptolemy.actor.CompositeActor.preinitialize(CompositeActor.java:1828)
	at ptolemy.actor.Manager.preinitializeAndResolveTypes(Manager.java:1040)
	at ptolemy.actor.Manager.initialize(Manager.java:710)
	at ptolemy.actor.Manager.execute(Manager.java:356)
	at ptolemy.actor.Manager.run(Manager.java:1263)
	at ptolemy.actor.Manager$PtolemyRunThread.run(Manager.java:1915)
java.lang.reflect.InvocationTargetException
	at sun.reflect.NativeConstructorAccessorImpl.newInstance0(Native Method)
	at sun.reflect.NativeConstructorAccessorImpl.newInstance(NativeConstructorAccessorImpl.java:62)
	at sun.reflect.DelegatingConstructorAccessorImpl.newInstance(DelegatingConstructorAccessorImpl.java:45)
	at java.lang.reflect.Constructor.newInstance(Constructor.java:423)
	at ptolemy.util.test.junit.AutoKnownFailedTests.RunModel(AutoKnownFailedTests.java:105)
	at sun.reflect.NativeMethodAccessorImpl.invoke0(Native Method)
	at sun.reflect.NativeMethodAccessorImpl.invoke(NativeMethodAccessorImpl.java:62)
	at sun.reflect.DelegatingMethodAccessorImpl.invoke(DelegatingMethodAccessorImpl.java:43)
	at java.lang.reflect.Method.invoke(Method.java:498)
	at org.junit.runners.model.FrameworkMethod$1.runReflectiveCall(FrameworkMethod.java:44)
	at org.junit.internal.runners.model.ReflectiveCallable.run(ReflectiveCallable.java:15)
	at org.junit.runners.model.FrameworkMethod.invokeExplosively(FrameworkMethod.java:41)
	at junitparams.internal.InvokeParameterisedMethod.evaluate(InvokeParameterisedMethod.java:102)
	at org.junit.internal.runners.statements.FailOnTimeout$1.run(FailOnTimeout.java:28)
Caused by: ptolemy.kernel.util.IllegalActionException: Found a zero delay loop containing .HierarchicalModel.A
  in .HierarchicalModel and .HierarchicalModel.A
	at ptolemy.actor.util.CausalityInterfaceForComposites._computeOutputPortDepth(CausalityInterfaceForComposites.java:759)
	at ptolemy.actor.util.CausalityInterfaceForComposites._computeInputDepth(CausalityInterfaceForComposites.java:696)
	at ptolemy.actor.util.CausalityInterfaceForComposites._computeOutputPortDepth(CausalityInterfaceForComposites.java:765)
	at ptolemy.actor.util.CausalityInterfaceForComposites._computeInputDepth(CausalityInterfaceForComposites.java:696)
	at ptolemy.actor.util.CausalityInterfaceForComposites._computeOutputPortDepth(CausalityInterfaceForComposites.java:765)
	at ptolemy.actor.util.CausalityInterfaceForComposites._computeInputDepth(CausalityInterfaceForComposites.java:696)
	at ptolemy.actor.util.CausalityInterfaceForComposites._computeActorDepth(CausalityInterfaceForComposites.java:532)
	at ptolemy.actor.util.CausalityInterfaceForComposites.checkForCycles(CausalityInterfaceForComposites.java:96)
	at ptolemy.domains.de.kernel.DEDirector.preinitialize(DEDirector.java:1338)
	at ptolemy.actor.CompositeActor.preinitialize(CompositeActor.java:1828)
	at ptolemy.actor.Manager.preinitializeAndResolveTypes(Manager.java:1040)
	at ptolemy.actor.Manager.initialize(Manager.java:710)
	at ptolemy.actor.Manager.execute(Manager.java:356)
	at ptolemy.actor.Manager.run(Manager.java:1263)
	at ptolemy.actor.Manager$PtolemyRunThread.run(Manager.java:1915)
java.lang.RuntimeException: Execution failed
	at ptolemy.moml.MoMLSimpleApplication$UnloadThread.run(MoMLSimpleApplication.java:402)
Caused by: ptolemy.kernel.util.IllegalActionException: Found a zero delay loop containing .dependencyLoop.original
  in .dependencyLoop and .dependencyLoop.original
	at ptolemy.actor.util.CausalityInterfaceForComposites._computeOutputPortDepth(CausalityInterfaceForComposites.java:759)
	at ptolemy.actor.util.CausalityInterfaceForComposites._computeInputDepth(CausalityInterfaceForComposites.java:696)
	at ptolemy.actor.util.CausalityInterfaceForComposites._computeOutputPortDepth(CausalityInterfaceForComposites.java:765)
	at ptolemy.actor.util.CausalityInterfaceForComposites._computeInputDepth(CausalityInterfaceForComposites.java:696)
	at ptolemy.actor.util.CausalityInterfaceForComposites._computeOutputPortDepth(CausalityInterfaceForComposites.java:765)
	at ptolemy.actor.util.CausalityInterfaceForComposites._computeInputDepth(CausalityInterfaceForComposites.java:696)
	at ptolemy.actor.util.CausalityInterfaceForComposites._computeActorDepth(CausalityInterfaceForComposites.java:532)
	at ptolemy.actor.util.CausalityInterfaceForComposites.checkForCycles(CausalityInterfaceForComposites.java:96)
	at ptolemy.domains.de.kernel.DEDirector.preinitialize(DEDirector.java:1338)
	at ptolemy.actor.CompositeActor.preinitialize(CompositeActor.java:1828)
	at ptolemy.actor.Manager.preinitializeAndResolveTypes(Manager.java:1040)
	at ptolemy.actor.Manager.initialize(Manager.java:710)
	at ptolemy.actor.Manager.execute(Manager.java:356)
	at ptolemy.actor.Manager.run(Manager.java:1263)
	at ptolemy.actor.Manager$PtolemyRunThread.run(Manager.java:1915)
java.lang.reflect.InvocationTargetException
	at sun.reflect.NativeConstructorAccessorImpl.newInstance0(Native Method)
	at sun.reflect.NativeConstructorAccessorImpl.newInstance(NativeConstructorAccessorImpl.java:62)
	at sun.reflect.DelegatingConstructorAccessorImpl.newInstance(DelegatingConstructorAccessorImpl.java:45)
	at java.lang.reflect.Constructor.newInstance(Constructor.java:423)
	at ptolemy.util.test.junit.AutoKnownFailedTests.RunModel(AutoKnownFailedTests.java:105)
	at sun.reflect.NativeMethodAccessorImpl.invoke0(Native Method)
	at sun.reflect.NativeMethodAccessorImpl.invoke(NativeMethodAccessorImpl.java:62)
	at sun.reflect.DelegatingMethodAccessorImpl.invoke(DelegatingMethodAccessorImpl.java:43)
	at java.lang.reflect.Method.invoke(Method.java:498)
	at org.junit.runners.model.FrameworkMethod$1.runReflectiveCall(FrameworkMethod.java:44)
	at org.junit.internal.runners.model.ReflectiveCallable.run(ReflectiveCallable.java:15)
	at org.junit.runners.model.FrameworkMethod.invokeExplosively(FrameworkMethod.java:41)
	at junitparams.internal.InvokeParameterisedMethod.evaluate(InvokeParameterisedMethod.java:102)
	at org.junit.internal.runners.statements.FailOnTimeout$1.run(FailOnTimeout.java:28)
Caused by: ptolemy.kernel.util.IllegalActionException: Found a zero delay loop containing .dependencyLoop.original
  in .dependencyLoop and .dependencyLoop.original
	at ptolemy.actor.util.CausalityInterfaceForComposites._computeOutputPortDepth(CausalityInterfaceForComposites.java:759)
	at ptolemy.actor.util.CausalityInterfaceForComposites._computeInputDepth(CausalityInterfaceForComposites.java:696)
	at ptolemy.actor.util.CausalityInterfaceForComposites._computeOutputPortDepth(CausalityInterfaceForComposites.java:765)
	at ptolemy.actor.util.CausalityInterfaceForComposites._computeInputDepth(CausalityInterfaceForComposites.java:696)
	at ptolemy.actor.util.CausalityInterfaceForComposites._computeOutputPortDepth(CausalityInterfaceForComposites.java:765)
	at ptolemy.actor.util.CausalityInterfaceForComposites._computeInputDepth(CausalityInterfaceForComposites.java:696)
	at ptolemy.actor.util.CausalityInterfaceForComposites._computeActorDepth(CausalityInterfaceForComposites.java:532)
	at ptolemy.actor.util.CausalityInterfaceForComposites.checkForCycles(CausalityInterfaceForComposites.java:96)
	at ptolemy.domains.de.kernel.DEDirector.preinitialize(DEDirector.java:1338)
	at ptolemy.actor.CompositeActor.preinitialize(CompositeActor.java:1828)
	at ptolemy.actor.Manager.preinitializeAndResolveTypes(Manager.java:1040)
	at ptolemy.actor.Manager.initialize(Manager.java:710)
	at ptolemy.actor.Manager.execute(Manager.java:356)
	at ptolemy.actor.Manager.run(Manager.java:1263)
	at ptolemy.actor.Manager$PtolemyRunThread.run(Manager.java:1915)
java.lang.RuntimeException: Execution failed
	at ptolemy.moml.MoMLSimpleApplication$UnloadThread.run(MoMLSimpleApplication.java:402)
Caused by: ptolemy.kernel.util.IllegalActionException: Found a zero delay loop containing .dependencyLoop2.original
  in .dependencyLoop2 and .dependencyLoop2.original
	at ptolemy.actor.util.CausalityInterfaceForComposites._computeOutputPortDepth(CausalityInterfaceForComposites.java:759)
	at ptolemy.actor.util.CausalityInterfaceForComposites._computeInputDepth(CausalityInterfaceForComposites.java:696)
	at ptolemy.actor.util.CausalityInterfaceForComposites._computeOutputPortDepth(CausalityInterfaceForComposites.java:765)
	at ptolemy.actor.util.CausalityInterfaceForComposites._computeInputDepth(CausalityInterfaceForComposites.java:696)
	at ptolemy.actor.util.CausalityInterfaceForComposites._computeOutputPortDepth(CausalityInterfaceForComposites.java:765)
	at ptolemy.actor.util.CausalityInterfaceForComposites._computeInputDepth(CausalityInterfaceForComposites.java:696)
	at ptolemy.actor.util.CausalityInterfaceForComposites._computeActorDepth(CausalityInterfaceForComposites.java:532)
	at ptolemy.actor.util.CausalityInterfaceForComposites.checkForCycles(CausalityInterfaceForComposites.java:96)
	at ptolemy.domains.de.kernel.DEDirector.preinitialize(DEDirector.java:1338)
	at ptolemy.actor.CompositeActor.preinitialize(CompositeActor.java:1828)
	at ptolemy.actor.Manager.preinitializeAndResolveTypes(Manager.java:1040)
	at ptolemy.actor.Manager.initialize(Manager.java:710)
	at ptolemy.actor.Manager.execute(Manager.java:356)
	at ptolemy.actor.Manager.run(Manager.java:1263)
	at ptolemy.actor.Manager$PtolemyRunThread.run(Manager.java:1915)
java.lang.reflect.InvocationTargetException
	at sun.reflect.NativeConstructorAccessorImpl.newInstance0(Native Method)
	at sun.reflect.NativeConstructorAccessorImpl.newInstance(NativeConstructorAccessorImpl.java:62)
	at sun.reflect.DelegatingConstructorAccessorImpl.newInstance(DelegatingConstructorAccessorImpl.java:45)
	at java.lang.reflect.Constructor.newInstance(Constructor.java:423)
	at ptolemy.util.test.junit.AutoKnownFailedTests.RunModel(AutoKnownFailedTests.java:105)
	at sun.reflect.NativeMethodAccessorImpl.invoke0(Native Method)
	at sun.reflect.NativeMethodAccessorImpl.invoke(NativeMethodAccessorImpl.java:62)
	at sun.reflect.DelegatingMethodAccessorImpl.invoke(DelegatingMethodAccessorImpl.java:43)
	at java.lang.reflect.Method.invoke(Method.java:498)
	at org.junit.runners.model.FrameworkMethod$1.runReflectiveCall(FrameworkMethod.java:44)
	at org.junit.internal.runners.model.ReflectiveCallable.run(ReflectiveCallable.java:15)
	at org.junit.runners.model.FrameworkMethod.invokeExplosively(FrameworkMethod.java:41)
	at junitparams.internal.InvokeParameterisedMethod.evaluate(InvokeParameterisedMethod.java:102)
	at org.junit.internal.runners.statements.FailOnTimeout$1.run(FailOnTimeout.java:28)
Caused by: ptolemy.kernel.util.IllegalActionException: Found a zero delay loop containing .dependencyLoop2.original
  in .dependencyLoop2 and .dependencyLoop2.original
	at ptolemy.actor.util.CausalityInterfaceForComposites._computeOutputPortDepth(CausalityInterfaceForComposites.java:759)
	at ptolemy.actor.util.CausalityInterfaceForComposites._computeInputDepth(CausalityInterfaceForComposites.java:696)
	at ptolemy.actor.util.CausalityInterfaceForComposites._computeOutputPortDepth(CausalityInterfaceForComposites.java:765)
	at ptolemy.actor.util.CausalityInterfaceForComposites._computeInputDepth(CausalityInterfaceForComposites.java:696)
	at ptolemy.actor.util.CausalityInterfaceForComposites._computeOutputPortDepth(CausalityInterfaceForComposites.java:765)
	at ptolemy.actor.util.CausalityInterfaceForComposites._computeInputDepth(CausalityInterfaceForComposites.java:696)
	at ptolemy.actor.util.CausalityInterfaceForComposites._computeActorDepth(CausalityInterfaceForComposites.java:532)
	at ptolemy.actor.util.CausalityInterfaceForComposites.checkForCycles(CausalityInterfaceForComposites.java:96)
	at ptolemy.domains.de.kernel.DEDirector.preinitialize(DEDirector.java:1338)
	at ptolemy.actor.CompositeActor.preinitialize(CompositeActor.java:1828)
	at ptolemy.actor.Manager.preinitializeAndResolveTypes(Manager.java:1040)
	at ptolemy.actor.Manager.initialize(Manager.java:710)
	at ptolemy.actor.Manager.execute(Manager.java:356)
	at ptolemy.actor.Manager.run(Manager.java:1263)
	at ptolemy.actor.Manager$PtolemyRunThread.run(Manager.java:1915)
]]></system-err>
</testsuite>
