<?xml version="1.0" encoding="UTF-8" ?>
<testsuite errors="5" failures="0" hostname="travis-job-82c4be6d-9978-4342-a99d-7229ea0c1d96" name="org.hlacerti.test.junit.JUnitTclTest" skipped="0" tests="33" time="209.689" timestamp="2022-06-06T02:07:13">
  <properties>
    <property name="env.OLDPWD" value="/home/travis/build/icyphy/ptII" />
    <property name="npm.executable" value="npm" />
    <property name="env.TRAVIS_ROOT" value="/" />
    <property name="ptII.mk.exists" value="true" />
    <property name="env.TRAVIS_APP_HOST" value="build.travis-ci.com" />
    <property name="env.rvm_bin_path" value="/home/travis/.rvm/bin" />
    <property name="java.home" value="/usr/local/lib/jvm/openjdk11" />
    <property name="env.TRAVIS_JOB_NUMBER" value="1861.12" />
    <property name="env.TRAVIS_HOME" value="/home/travis" />
    <property name="env.DISPLAY" value=":99.0" />
    <property name="env.TRAVIS_INIT" value="systemd" />
    <property name="env.SSH_TTY" value="/dev/pts/0" />
    <property name="java.net.preferIPv4Stack" value="true" />
    <property name="env.RUN_TESTS" value="true" />
    <property name="timeout.short" value="1000000" />
    <property name="junit.formatter" value="xml" />
    <property name="env.TRAVIS_SUDO" value="true" />
    <property name="env.TRAVIS_JOB_NAME" value="" />
    <property name="env.TRAVIS_STACK_NODE_ATTRIBUTES" value="/.node-attributes.yml" />
    <property name="env.LOGNAME" value="travis" />
    <property name="jsdoc.home" value="node_modules/@terraswarm/jsdoc" />
    <property name="debuglevel" value="source,lines,vars" />
    <property name="checkstyle.formatter" value="xml" />
    <property name="bin.vergil.makeable" value="true" />
    <property name="sun.os.patch.level" value="unknown" />
    <property name="java.vendor.url" value="http://java.oracle.com/" />
    <property name="env.TRAVIS_BUILD_WEB_URL" value="https://app.travis-ci.com/icyphy/ptII/builds/251561757" />
    <property name="java.version" value="11.0.2" />
    <property name="env.TZ" value="UTC" />
    <property name="env.TRAVIS_PULL_REQUEST_SHA" value="" />
    <property name="env.PT_NO_NET" value="true" />
    <property name="env.TRAVIS_SECURE_ENV_VARS" value="true" />
    <property name="java.vendor.url.bug" value="http://bugreport.java.com/bugreport/" />
    <property name="npmjs-org-is-up" value="true" />
    <property name="env.LANGUAGE" value="en_US.UTF-8" />
    <property name="env.SSH_CLIENT" value="10.16.7.32 43012 22" />
    <property name="env.GEM_HOME" value="/home/travis/.rvm/gems/ruby-2.5.3" />
    <property name="env.HAS_ANTARES_THREE_LITTLE_FRONZIES_BADGE" value="true" />
    <property name="java.version.date" value="2019-01-15" />
    <property name="env.PS4" value="+" />
    <property name="ant.project.invoked-targets" value="build,test.core4.xml" />
    <property name="env.TRAVIS_PULL_REQUEST_BRANCH" value="" />
    <property name="env.TRAVIS_REPO_SLUG" value="icyphy/ptII" />
    <property name="env.XDG_DATA_DIRS" value="/usr/local/share:/usr/share:/var/lib/snapd/desktop" />
    <property name="jdk.debug" value="release" />
    <property name="env.TRAVIS_APT_PROXY" value="http://build-cache.travisci.net" />
    <property name="env.TRAVIS_CPU_ARCH" value="amd64" />
    <property name="node.in.path" value="true" />
    <property name="user.name" value="travis" />
    <property name="java.maxmemory" value="1400m" />
    <property name="env.RUBY_VERSION" value="ruby-2.5.3" />
    <property name="env.LANG" value="en_US.UTF-8" />
    <property name="sun.io.unicode.encoding" value="UnicodeLittle" />
    <property name="sun.jnu.encoding" value="UTF-8" />
    <property name="java.runtime.name" value="OpenJDK Runtime Environment" />
    <property name="usefile" value="false" />
    <property name="return.code" value="0" />
    <property name="junit.single.formatter" value="plain" />
    <property name="env.DYLD_LIBRARY_PATH" value="/home/travis/pthla/certi-tools/lib:" />
    <property name="env.DEBIAN_FRONTEND" value="noninteractive" />
    <property name="env.SSH_CONNECTION" value="10.16.7.32 43012 10.30.0.129 22" />
    <property name="env.MYSQL_UNIX_PORT" value="/var/run/mysqld/mysqld.sock" />
    <property name="env.LC_ALL" value="en_US.UTF-8" />
    <property name="env.TRAVIS_ALLOW_FAILURE" value="" />
    <property name="env.TRAVIS_JOB_WEB_URL" value="https://app.travis-ci.com/icyphy/ptII/jobs/572513550" />
    <property name="java.specification.name" value="Java Platform API Specification" />
    <property name="node.works" value="true" />
    <property name="user.timezone" value="" />
    <property name="env.PT_TRAVIS_TEST_CORE4_XML" value="true" />
    <property name="path.separator" value=":" />
    <property name="env.TRAVIS_ENABLE_INFRA_DETECTION" value="true" />
    <property name="env.PYTHON_CFLAGS" value="-g -fstack-protector --param=ssp-buffer-size=4 -Wformat -Werror=format-security" />
    <property name="timeout.long" value="4000000" />
    <property name="env.CERTI_HOME" value="/home/travis/pthla/certi-tools" />
    <property name="ant.file.ptII" value="/home/travis/build/icyphy/ptII/build.xml" />
    <property name="javadoc.packagenames" value="com.*,diva.*,lbnl.*,org.hlacerti.*,org.json.*,org.ptolemy.*,org.terraswarm.*,ptolemy.*,ptserver.*" />
    <property name="file.encoding" value="UTF-8" />
    <property name="env.TRAVIS_PULL_REQUEST_SLUG" value="" />
    <property name="ant.project.default-target" value="build" />
    <property name="env.GIT_ASKPASS" value="echo" />
    <property name="env.HOME" value="/home/travis" />
    <property name="sun.java.command" value="org.apache.tools.ant.taskdefs.optional.junit.JUnitTestRunner org.hlacerti.test.junit.JUnitTclTest skipNonTests=false filtertrace=true haltOnError=false haltOnFailure=false formatter=org.apache.tools.ant.taskdefs.optional.junit.OutErrSummaryJUnitResultFormatter showoutput=true outputtoformatters=true logfailedtests=true threadid=0 logtestlistenerevents=false formatter=org.apache.tools.ant.taskdefs.optional.junit.XMLJUnitResultFormatter,/home/travis/build/icyphy/ptII/reports/junit/TEST-org.hlacerti.test.junit.JUnitTclTest.xml crashfile=/home/travis/build/icyphy/ptII/junitvmwatcher18109882390074226647.properties propsfile=/home/travis/build/icyphy/ptII/junit15256463717212669602.properties" />
    <property name="env.COMPOSER_NO_INTERACTION" value="1" />
    <property name="env.MANPATH" value="/home/travis/.nvm/versions/node/v7.10.1/share/man:/home/travis/.rvm/rubies/ruby-2.5.3/share/man:/usr/local/cmake-3.12.4/man:/usr/local/clang-7.0.0/share/man:/usr/local/man:/usr/local/share/man:/usr/share/man:/home/travis/.rvm/man" />
    <property name="env.TRAVIS_TIMER_ID" value="03162073" />
    <property name="ant.file" value="/home/travis/build/icyphy/ptII/build.xml" />
    <property name="env.TRAVIS_COMMIT_RANGE" value="872d2759c11419c6c148914806a18a5fe16003e0...97c84c86e87328bd066bc560e7f5b65fa1c4b652" />
    <property name="ptII.classpath.optional.property" value="/home/travis/build/icyphy/ptII/lib/asm-all-5.2.jar:/home/travis/build/icyphy/ptII/lib/nashorn-core-15.3.jar:/home/travis/build/icyphy/ptII/lib/bsh-2.0b4.jar:/home/travis/build/icyphy/ptII/lib/ptCal.jar:/home/travis/build/icyphy/ptII/lib/java_cup.jar:/home/travis/build/icyphy/ptII/lib/saxon8.jar:/home/travis/build/icyphy/ptII/lib/saxon8-dom.jar:/home/travis/build/icyphy/ptII/lib/chic.jar:/home/travis/build/icyphy/ptII/lib/ptcolt.jar:/home/travis/build/icyphy/ptII/vendors/misc/itext/iText.jar:/home/travis/build/icyphy/ptII/lib/g4ltl.jar:/home/travis/build/icyphy/ptII/lib/StructuralCoder.jar:/home/travis/build/icyphy/ptII/lib/jcerti.jar:/home/travis/build/icyphy/ptII/lib/javax.mail.jar:/home/travis/build/icyphy/ptII/vendors/JMF-2.1.1e/lib/jmf.jar:/home/travis/build/icyphy/ptII/lib/jna-4.0.0-variadic.jar:/home/travis/build/icyphy/ptII/vendors/misc/joystick/Joystick.jar:/home/travis/build/icyphy/ptII/lib/ptjacl.jar:/home/travis/build/icyphy/ptII/lib/jsoup-1.14.2.jar:/home/travis/build/icyphy/ptII/lib/junit-4.8.2.jar:/home/travis/build/icyphy/ptII/lib/JUnitParams-0.4.0.jar:/home/travis/build/icyphy/ptII/ptolemy/actor/lib/excel/jxl.jar:/home/travis/build/icyphy/ptII/lib/jython.jar:/home/travis/build/icyphy/ptII/lib/kieler.jar:/home/travis/build/icyphy/ptII/vendors/opencv/share/OpenCV/java/opencv-341.jar:/home/travis/build/icyphy/ptII/lib/oscP5.jar:/home/travis/build/icyphy/ptII/lib/nrjavaserial-3.11.0.devel.jar:/home/travis/build/icyphy/ptII/vendors/j3d/lib/Linux/j3dcore.jar:/home/travis/build/icyphy/ptII/vendors/j3d/lib/Linux/j3dutils.jar:/home/travis/build/icyphy/ptII/vendors/j3d/lib/Linux/vecmath.jar:/home/travis/build/icyphy/ptII/vendors/jogl/lib/Linux/gluegen-rt-natives-linux-amd64.jar:/home/travis/build/icyphy/ptII/vendors/jogl/lib/Linux/gluegen-rt.jar:/home/travis/build/icyphy/ptII/vendors/jogl/lib/Linux/jogl-all-natives-linux-amd64.jar:/home/travis/build/icyphy/ptII/vendors/jogl/lib/Linux/jogl-all.jar:/home/travis/build/icyphy/ptII/ptolemy/distributed/jini/jar/jini-core.jar:/home/travis/build/icyphy/ptII/ptolemy/distributed/jini/jar/jini-ext.jar:/home/travis/build/icyphy/ptII/ptolemy/distributed/jini/jar/sun-util.jar:/home/travis/build/icyphy/ptII/lib/protobuf-java-2.4.1.jar:/home/travis/build/icyphy/ptII/lib/org.eclipse.paho.client.mqttv3.jar:/home/travis/build/icyphy/ptII/lib/mapss.jar:/home/travis/build/icyphy/ptII/ptolemy/actor/ptalon/antlr/antlr.jar:/home/travis/build/icyphy/ptII/lib/JRI.jar:/home/travis/build/icyphy/ptII/lib/commons-lang-2.6.jar:/home/travis/build/icyphy/ptII/lib/commons-logging-1.1.1.jar:/home/travis/build/icyphy/ptII/lib/sootclasses.jar:/home/travis/build/icyphy/ptII/ptolemy/actor/lib/database/mysql-connector-java-8.0.26.jar:/home/travis/build/icyphy/ptII/vendors/misc/sphinx4/sphinx4-data-5prealpha.jar:/home/travis/build/icyphy/ptII/vendors/misc/sphinx4/sphinx4-core-5prealpha.jar:/home/travis/build/icyphy/ptII/lib/PDFRenderer.jar:/home/travis/build/icyphy/ptII/lib/svgSalamander.jar:/home/travis/build/icyphy/ptII/lib/rsyntaxtextarea-2.6.0-SNAPSHOT.jar:/home/travis/build/icyphy/ptII/lib/hazelcast-3.8.2.jar:/home/travis/build/icyphy/ptII/lib/jackson-annotations-2.9.0.jar:/home/travis/build/icyphy/ptII/lib/jackson-core-2.9.3.jar:/home/travis/build/icyphy/ptII/lib/jackson-databind-2.9.3.jar:/home/travis/build/icyphy/ptII/lib/netty-buffer-4.1.19.Final.jar:/home/travis/build/icyphy/ptII/lib/netty-codec-4.1.19.Final.jar:/home/travis/build/icyphy/ptII/lib/netty-codec-dns-4.1.19.Final.jar:/home/travis/build/icyphy/ptII/lib/netty-codec-http-4.1.19.Final.jar:/home/travis/build/icyphy/ptII/lib/netty-codec-http2-4.1.19.Final.jar:/home/travis/build/icyphy/ptII/lib/netty-common-4.1.19.Final.jar:/home/travis/build/icyphy/ptII/lib/netty-handler-4.1.19.Final.jar:/home/travis/build/icyphy/ptII/lib/netty-resolver-4.1.19.Final.jar:/home/travis/build/icyphy/ptII/lib/netty-resolver-dns-4.1.19.Final.jar:/home/travis/build/icyphy/ptII/lib/netty-transport-4.1.19.Final.jar:/home/travis/build/icyphy/ptII/lib/vertx-codegen-3.5.1.jar:/home/travis/build/icyphy/ptII/lib/vertx-core-3.5.2-SNAPSHOT.jar:/home/travis/build/icyphy/ptII/lib/vertx-hazelcast-3.5.1.jar:/home/travis/build/icyphy/ptII/lib/vertx-lang-js-3.5.1.jar:/home/travis/build/icyphy/ptII/lib/vertx-service-proxy-3.5.1.jar:/home/travis/build/icyphy/ptII/lib/vertx-web-3.5.1.jar:/home/travis/build/icyphy/ptII/lib/slf4j-api-1.7.13.jar:/home/travis/build/icyphy/ptII/lib/slf4j-simple-1.7.13.jar:/home/travis/build/icyphy/ptII/lib/webcam-capture-0.3.12.jar:/home/travis/build/icyphy/ptII/lib/bridj-0.7.0.jar:/home/travis/build/icyphy/ptII/lib/xbjlib-1.1.0.nrjavaserial.jar" />
    <property name="timeout" value="2400000" />
    <property name="test.batch" value="**/junit/*.java" />
    <property name="env._" value="/usr/bin/timeout" />
    <property name="java.io.tmpdir" value="/tmp" />
    <property name="user.language" value="en" />
    <property name="env.TRAVIS_INTERNAL_RUBY_REGEX" value="^ruby-(2\.[0-4]\.[0-9]|1\.9\.3)" />
    <property name="env.HISTCONTROL" value="ignoredups:ignorespace" />
    <property name="env.GOROOT" value="/home/travis/.gimme/versions/go1.11.1.linux.amd64" />
    <property name="line.separator" value="&#xa;" />
    <property name="target" value="11" />
    <property name="env.TRAVIS_BUILD_DIR" value="/home/travis/build/icyphy/ptII" />
    <property name="env.ANT_OPTS" value="-Xmx2048m" />
    <property name="ant.file.type" value="file" />
    <property name="ptolemy.ptII.batchMode" value="true" />
    <property name="env.HISTSIZE" value="1000" />
    <property name="env.MERB_ENV" value="test" />
    <property name="java.vm.info" value="mixed mode" />
    <property name="source" value="11" />
    <property name="java.vm.specification.name" value="Java Virtual Machine Specification" />
    <property name="env.TRAVIS_TEST_RESULT" value="0" />
    <property name="jsdoc.command" value="node_modules/@terraswarm/jsdoc/jsdoc.js" />
    <property name="npm.works" value="true" />
    <property name="cobertura.dir" value="/home/travis/build/icyphy/ptII/vendors/cobertura-2.0.3" />
    <property name="jsdoc.command.exists" value="true" />
    <property name="env.rvm_path" value="/home/travis/.rvm" />
    <property name="env.GEM_PATH" value="/home/travis/.rvm/gems/ruby-2.5.3:/home/travis/.rvm/gems/ruby-2.5.3@global" />
    <property name="env.LC_CTYPE" value="en_US.UTF-8" />
    <property name="env.TRAVIS_CMD" value="$PTII/bin/ptIITravisBuild.sh $SECONDS" />
    <property name="java.awt.printerjob" value="sun.print.PSPrinterJob" />
    <property name="env.TRAVIS_STACK_NAME" value="sardonyx" />
    <property name="env.TRAVIS_TIMER_START_TIME" value="1654481151405672901" />
    <property name="ant.version" value="Apache Ant(TM) version 1.10.1 compiled on February 2 2017" />
    <property name="ptII.reports" value="/home/travis/build/icyphy/ptII/reports" />
    <property name="env.TRAVIS_STACK_TIMESTAMP" value="2022-03-21 11:29:05 UTC" />
    <property name="ant.file.type.ptII" value="file" />
    <property name="env.RBENV_SHELL" value="bash" />
    <property name="os.name" value="Linux" />
    <property name="java.specification.vendor" value="Oracle Corporation" />
    <property name="env.rvm_version" value="1.29.12 (latest)" />
    <property name="env.TRAVIS_INFRA" value="unknown" />
    <property name="env.TERM" value="xterm" />
    <property name="java.vm.name" value="OpenJDK 64-Bit Server VM" />
    <property name="env.TRAVIS_BUILD_NUMBER" value="1861" />
    <property name="env.CI" value="true" />
    <property name="java.library.path" value="/home/travis/pthla/certi-tools/lib:/usr/lib/jni:/usr/local/share/OpenCV/java/:/usr/share/OpenCV/java::/usr/java/packages/lib:/usr/lib64:/lib64:/lib:/usr/lib" />
    <property name="jdk.module.path" value="/home/travis/build/icyphy/ptII/vendors/javafx/javafx-sdk-11.0.2/lib:" />
    <property name="env.rvm_prefix" value="/home/travis" />
    <property name="env.PATH" value="/home/travis/pthla/certi-tools/share/scripts:/home/travis/.rvm/gems/ruby-2.5.3/bin:/home/travis/.rvm/gems/ruby-2.5.3@global/bin:/home/travis/.rvm/rubies/ruby-2.5.3/bin:/home/travis/.rvm/bin:./node_modules/.bin:/home/travis/build/icyphy/ptII/bin:/home/travis/pthla/certi-tools/bin:/home/travis/bin:/home/travis/.local/bin:/usr/local/lib/jvm/openjdk11/bin:/opt/pyenv/shims:/home/travis/.phpenv/shims:/home/travis/perl5/perlbrew/bin:/home/travis/.nvm/versions/node/v7.10.1/bin:/home/travis/gopath/bin:/home/travis/.gimme/versions/go1.11.1.linux.amd64/bin:/usr/local/maven-3.6.3/bin:/usr/local/cmake-3.12.4/bin:/usr/local/clang-7.0.0/bin:/usr/local/sbin:/usr/local/bin:/usr/sbin:/usr/bin:/sbin:/bin:/snap/bin:/home/travis/.phpenv/bin:/opt/pyenv/bin:/home/travis/.yarn/bin" />
    <property name="env.TRAVIS_OS_NAME" value="linux" />
    <property name="ant.java.version" value="9" />
    <property name="basedir" value="/home/travis/build/icyphy/ptII" />
    <property name="java.class.version" value="55.0" />
    <property name="env.SHLVL" value="3" />
    <property name="env.LD_LIBRARY_PATH" value="/home/travis/pthla/certi-tools/lib:/usr/lib/jni:/usr/local/share/OpenCV/java/:/usr/share/OpenCV/java:" />
    <property name="env.RACK_ENV" value="test" />
    <property name="ant.home" value="/home/travis/build/icyphy/ptII/ant" />
    <property name="env.NVM_DIR" value="/home/travis/.nvm" />
    <property name="env.CERTI_FOM_PATH" value="/home/travis/pthla/certi-tools/share/federations" />
    <property name="env.TRAVIS_BUILD_ID" value="251561757" />
    <property name="env.PYENV_ROOT" value="/opt/pyenv" />
    <property name="env.TRAVIS_UID" value="2000" />
    <property name="prism.verbose" value="true" />
    <property name="env.NVM_BIN" value="/home/travis/.nvm/versions/node/v7.10.1/bin" />
    <property name="env.TRAVIS_COMMIT" value="97c84c86e87328bd066bc560e7f5b65fa1c4b652" />
    <property name="node.executable" value="node" />
    <property name="sun.boot.library.path" value="/usr/local/lib/jvm/openjdk11/lib" />
    <property name="sun.management.compiler" value="HotSpot 64-Bit Tiered Compilers" />
    <property name="java.awt.graphicsenv" value="sun.awt.X11GraphicsEnvironment" />
    <property name="env.GOPATH" value="/home/travis/gopath" />
    <property name="ptolemy.ptII.dir" value="/home/travis/build/icyphy/ptII" />
    <property name="env.USER" value="travis" />
    <property name="env.HISTFILESIZE" value="2000" />
    <property name="env.NVM_INC" value="/home/travis/.nvm/versions/node/v7.10.1/include/node" />
    <property name="timeout.longest" value="19000000" />
    <property name="env.PERLBREW_SHELLRC_VERSION" value="0.94" />
    <property name="env.TRAVIS_STACK_FEATURES" value="basic couchdb disabled-ipv6 docker docker-compose elasticsearch firefox go-toolchain google-chrome jdk memcached mongodb mysql nodejs_interpreter perl_interpreter perlbrew phantomjs postgresql python_interpreter redis ruby_interpreter sqlite xserver" />
    <property name="env.TRAVIS_PULL_REQUEST" value="false" />
    <property name="env.PYENV_SHELL" value="bash" />
    <property name="ant.project.name" value="ptII" />
    <property name="env.ANSI_RESET" value="\033[0m" />
    <property name="java.vm.specification.version" value="11" />
    <property name="env.TRAVIS_DIST" value="xenial" />
    <property name="env.CERTI_VERSION" value="4.0.0" />
    <property name="env.CERTI_HOST" value="localhost" />
    <property name="awt.toolkit" value="sun.awt.X11.XToolkit" />
    <property name="env.MY_RUBY_HOME" value="/home/travis/.rvm/rubies/ruby-2.5.3" />
    <property name="sun.cpu.isalist" value="" />
    <property name="env.TRAVIS_TMPDIR" value="/tmp/tmp.Y2xeVdC6qp" />
    <property name="java.vm.compressedOopsMode" value="Zero based" />
    <property name="os.version" value="4.15.0-1098-gcp" />
    <property name="user.home" value="/home/travis" />
    <property name="java.vm.vendor" value="Oracle Corporation" />
    <property name="env.TRAVIS_TAG" value="nightly" />
    <property name="env.ANSI_YELLOW" value="\033[33;1m" />
    <property name="env.TRAVIS_FILTERED" value="redirect_io" />
    <property name="env.ANSI_GREEN" value="\033[32;1m" />
    <property name="env.JAVA_HOME" value="/usr/local/lib/jvm/openjdk11" />
    <property name="javadoc.excludepackagenames" value="adm.cvs2svn.*,build.*,config.*,doc.coding.templates.*,jni.test.jni.meaningOfLife.*,jni.test.jni.testDeux.*,jni.test.jni.testTrois.*,org.terraswarm.accessor.accessors.web.node_modules.*,org.terraswarm.accessor.accessors.web.hosts.cordova.demo.*,org.terraswarm.accessor.accessors.web.hosts.cordova.plugins.*,org.terraswarm.accessor.accessors-svn.*,pt-modules.*,ptolemy.apps.agilent.*,ptolemy.apps.anytimecontrol.*,ptolemy.apps.apes.*,ptolemy.apps.charon.*,ptolemy.apps.crazyboard.*,ptolemy.apps.eclipse.*,ptolemy.apps.etherealSting.*,ptolemy.apps.fullscreen.*,ptolemy.apps.giotto.*,ptolemy.apps.ia.*,ptolemy.apps.interfaces.*,ptolemy.apps.jmf.*,ptolemy.apps.kurt.*,ptolemy.apps.kvm.*,ptolemy.apps.lego.*,ptolemy.apps.lejos.*,ptolemy.apps.midp.*,ptolemy.apps.mobileCoding.*,ptolemy.apps.pendulum.*,ptolemy.apps.rijndael.*,ptolemy.apps.robot.*,ptolemy.apps.security.*,ptolemy.apps.sobel.*,ptolemy.apps.soot.*,ptolemy.apps.throttle.*,ptolemy.apps.tini.*,ptolemy.apps.transmission.*,ptolemy.apps.vergil.*,ptolemy.apps.waba.*,ptolemy.apps.websensor.*,ptolemy.apps.webstart.*,ptolemy.apps.xsl.*,ptolemy.apps.zaurus.*,ptolemy.codegen.c.actor.lib.oldJavaFiles.*,ptolemy.codegen.dsp.lib.*,ptolemy.codegen.kernel.newInterfaces.*,ptolemy.codegen.lib.*,ptolemy.copernicus.kernel.fragment.*,ptolemy.copernicus.shallow.cg.*,ptolemy.domains.giotto.demo.Hierarchy.Hierarchy.*,ptolemy.domains.giotto.demo.Multimode.Multimode.*,ptolemy.domains.giotto.demo.Simple.Simple.*,ptolemy.domains.gr.lib.experimental.*,ptolemy.domains.gro.*,ptolemy.domains.pdf.*,ptolemy.domains.ptinyos.demo.Surge.output.*,ptolemy.moml.test.NoPackageActor.java*,ptolemy.plot.adm.*,ptolemy.plot.servlet.*,reports.*,signed.*,src.*,target.*,vendors.*,ptolemy.copernicus.applet.*,ptolemy.media.viewer.*,ptolemy.actor.corba.*,doc.doclets.*,ptolemy.apps.eclipse.awt.*,ptolemy.backtrack.*,ptolemy.backtrack.ast.*,ptolemy.cg.adapter.generic.program.procedural.c.mbed*,ptolemy.homer.*,ptolemy.actor.lib.jai.*,org.ptolemy.scala.*,diva.util.java2d.svg.*,ptolemy.domains.ptinyos.*,ptolemy.actor.lib.fmi.fmipp.*,,org.terraswarm.accessor.accessors.web.node_modules.*,org.terraswarm.accessor.accessors-svn,ptolemy.apps.*,ptolemy.actor.ptalon.demo.ptinyos.SendAndReceiveCnt.output,ptolemy.actor.ptalon.demo.ptinyos.SenseToLeds.output,ptolemy.domains.ptinyos.demo.CntToLedsAndRfm.output,ptolemy.domains.ptinyos.demo.RfmToLeds.output,ptolemy.domains.ptinyos.demo.SendAndReceiveCnt.output,ptolemy.domains.ptinyos.demo.SenseToLeds.output,ptolemy.actor.lib.jjs.modules.udpSocket.*" />
    <property name="env.PTII" value="/home/travis/build/icyphy/ptII" />
    <property name="env.XDG_SESSION_ID" value="2" />
    <property name="keystore" value="ptKeystore" />
    <property name="env.TRAVIS_COMMIT_MESSAGE" value="Try running the hlacerti tests in Travis." />
    <property name="junit.output.dir" value="/home/travis/build/icyphy/ptII/reports/junit" />
    <property name="npm.return.code" value="0" />
    <property name="user.dir" value="/home/travis/build/icyphy/ptII/org/hlacerti/test" />
    <property name="env.TRAVIS_NODE_VERSION" value="7" />
    <property name="env.TRAVIS_EVENT_TYPE" value="cron" />
    <property name="env.MAIL" value="/var/mail/travis" />
    <property name="env.PERLBREW_ROOT" value="/home/travis/perl5/perlbrew" />
    <property name="env.PWD" value="/home/travis/build/icyphy/ptII" />
    <property name="timeout.npm" value="45000" />
    <property name="env.TRAVIS_ARCH" value="amd64" />
    <property name="sun.cpu.endian" value="little" />
    <property name="env.PAGER" value="cat" />
    <property name="env.TRAVIS_BUILD_STAGE_NAME" value="test" />
    <property name="env.PERLBREW_HOME" value="/home/travis/.perlbrew" />
    <property name="java.vm.version" value="11.0.2+9" />
    <property name="env.RAILS_ENV" value="test" />
    <property name="java.class.path" value="/home/travis/build/icyphy/ptII:/home/travis/build/icyphy/ptII/lib/asm-all-5.2.jar:/home/travis/build/icyphy/ptII/lib/nashorn-core-15.3.jar:/home/travis/build/icyphy/ptII/lib/bsh-2.0b4.jar:/home/travis/build/icyphy/ptII/lib/ptCal.jar:/home/travis/build/icyphy/ptII/lib/java_cup.jar:/home/travis/build/icyphy/ptII/lib/saxon8.jar:/home/travis/build/icyphy/ptII/lib/saxon8-dom.jar:/home/travis/build/icyphy/ptII/lib/chic.jar:/home/travis/build/icyphy/ptII/lib/ptcolt.jar:/home/travis/build/icyphy/ptII/vendors/misc/itext/iText.jar:/home/travis/build/icyphy/ptII/lib/g4ltl.jar:/home/travis/build/icyphy/ptII/lib/StructuralCoder.jar:/home/travis/build/icyphy/ptII/lib/jcerti.jar:/home/travis/build/icyphy/ptII/lib/javax.mail.jar:/home/travis/build/icyphy/ptII/vendors/JMF-2.1.1e/lib/jmf.jar:/home/travis/build/icyphy/ptII/lib/jna-4.0.0-variadic.jar:/home/travis/build/icyphy/ptII/vendors/misc/joystick/Joystick.jar:/home/travis/build/icyphy/ptII/lib/ptjacl.jar:/home/travis/build/icyphy/ptII/lib/jsoup-1.14.2.jar:/home/travis/build/icyphy/ptII/lib/junit-4.8.2.jar:/home/travis/build/icyphy/ptII/lib/JUnitParams-0.4.0.jar:/home/travis/build/icyphy/ptII/ptolemy/actor/lib/excel/jxl.jar:/home/travis/build/icyphy/ptII/lib/jython.jar:/home/travis/build/icyphy/ptII/lib/kieler.jar:/home/travis/build/icyphy/ptII/vendors/opencv/share/OpenCV/java/opencv-341.jar:/home/travis/build/icyphy/ptII/lib/oscP5.jar:/home/travis/build/icyphy/ptII/lib/nrjavaserial-3.11.0.devel.jar:/home/travis/build/icyphy/ptII/vendors/j3d/lib/Linux/j3dcore.jar:/home/travis/build/icyphy/ptII/vendors/j3d/lib/Linux/j3dutils.jar:/home/travis/build/icyphy/ptII/vendors/j3d/lib/Linux/vecmath.jar:/home/travis/build/icyphy/ptII/vendors/jogl/lib/Linux/gluegen-rt-natives-linux-amd64.jar:/home/travis/build/icyphy/ptII/vendors/jogl/lib/Linux/gluegen-rt.jar:/home/travis/build/icyphy/ptII/vendors/jogl/lib/Linux/jogl-all-natives-linux-amd64.jar:/home/travis/build/icyphy/ptII/vendors/jogl/lib/Linux/jogl-all.jar:/home/travis/build/icyphy/ptII/ptolemy/distributed/jini/jar/jini-core.jar:/home/travis/build/icyphy/ptII/ptolemy/distributed/jini/jar/jini-ext.jar:/home/travis/build/icyphy/ptII/ptolemy/distributed/jini/jar/sun-util.jar:/home/travis/build/icyphy/ptII/lib/protobuf-java-2.4.1.jar:/home/travis/build/icyphy/ptII/lib/org.eclipse.paho.client.mqttv3.jar:/home/travis/build/icyphy/ptII/lib/mapss.jar:/home/travis/build/icyphy/ptII/ptolemy/actor/ptalon/antlr/antlr.jar:/home/travis/build/icyphy/ptII/lib/JRI.jar:/home/travis/build/icyphy/ptII/lib/commons-lang-2.6.jar:/home/travis/build/icyphy/ptII/lib/commons-logging-1.1.1.jar:/home/travis/build/icyphy/ptII/lib/sootclasses.jar:/home/travis/build/icyphy/ptII/ptolemy/actor/lib/database/mysql-connector-java-8.0.26.jar:/home/travis/build/icyphy/ptII/vendors/misc/sphinx4/sphinx4-data-5prealpha.jar:/home/travis/build/icyphy/ptII/vendors/misc/sphinx4/sphinx4-core-5prealpha.jar:/home/travis/build/icyphy/ptII/lib/PDFRenderer.jar:/home/travis/build/icyphy/ptII/lib/svgSalamander.jar:/home/travis/build/icyphy/ptII/lib/rsyntaxtextarea-2.6.0-SNAPSHOT.jar:/home/travis/build/icyphy/ptII/lib/hazelcast-3.8.2.jar:/home/travis/build/icyphy/ptII/lib/jackson-annotations-2.9.0.jar:/home/travis/build/icyphy/ptII/lib/jackson-core-2.9.3.jar:/home/travis/build/icyphy/ptII/lib/jackson-databind-2.9.3.jar:/home/travis/build/icyphy/ptII/lib/netty-buffer-4.1.19.Final.jar:/home/travis/build/icyphy/ptII/lib/netty-codec-4.1.19.Final.jar:/home/travis/build/icyphy/ptII/lib/netty-codec-dns-4.1.19.Final.jar:/home/travis/build/icyphy/ptII/lib/netty-codec-http-4.1.19.Final.jar:/home/travis/build/icyphy/ptII/lib/netty-codec-http2-4.1.19.Final.jar:/home/travis/build/icyphy/ptII/lib/netty-common-4.1.19.Final.jar:/home/travis/build/icyphy/ptII/lib/netty-handler-4.1.19.Final.jar:/home/travis/build/icyphy/ptII/lib/netty-resolver-4.1.19.Final.jar:/home/travis/build/icyphy/ptII/lib/netty-resolver-dns-4.1.19.Final.jar:/home/travis/build/icyphy/ptII/lib/netty-transport-4.1.19.Final.jar:/home/travis/build/icyphy/ptII/lib/vertx-codegen-3.5.1.jar:/home/travis/build/icyphy/ptII/lib/vertx-core-3.5.2-SNAPSHOT.jar:/home/travis/build/icyphy/ptII/lib/vertx-hazelcast-3.5.1.jar:/home/travis/build/icyphy/ptII/lib/vertx-lang-js-3.5.1.jar:/home/travis/build/icyphy/ptII/lib/vertx-service-proxy-3.5.1.jar:/home/travis/build/icyphy/ptII/lib/vertx-web-3.5.1.jar:/home/travis/build/icyphy/ptII/lib/slf4j-api-1.7.13.jar:/home/travis/build/icyphy/ptII/lib/slf4j-simple-1.7.13.jar:/home/travis/build/icyphy/ptII/lib/webcam-capture-0.3.12.jar:/home/travis/build/icyphy/ptII/lib/bridj-0.7.0.jar:/home/travis/build/icyphy/ptII/lib/xbjlib-1.1.0.nrjavaserial.jar:/home/travis/build/icyphy/ptII/ptolemy/moml/test:/home/travis/build/icyphy/ptII/ant/lib/ant-launcher.jar:/home/travis/build/icyphy/ptII/ant/lib/ant.jar:/home/travis/build/icyphy/ptII/ant/lib/ant-junit.jar:/home/travis/build/icyphy/ptII/ant/lib/ant-junit4.jar" />
    <property name="ant.library.dir" value="/home/travis/build/icyphy/ptII/ant/lib" />
    <property name="os.arch" value="amd64" />
    <property name="env.CONTINUOUS_INTEGRATION" value="true" />
    <property name="env.TRAVIS_LANGUAGE" value="node_js" />
    <property name="env.TRAVIS_STACK_LANGUAGES" value="__sardonyx__ c c++ clojure cplusplus cpp default generic go groovy java node_js php pure_java python ruby scala" />
    <property name="test.name" value="ptolemy.actor.lib.test.junit.JUnitTclTest" />
    <property name="env.APT_KEY_DONT_WARN_ON_DANGEROUS_USAGE" value="1" />
    <property name="sun.java.launcher" value="SUN_STANDARD" />
    <property name="env.PYTHON_CONFIGURE_OPTS" value="--enable-unicode=ucs4 --with-wide-unicode --enable-shared --enable-ipv6 --enable-loadable-sqlite-extensions --with-computed-gotos" />
    <property name="ant.core.lib" value="/home/travis/build/icyphy/ptII/ant/lib/ant.jar" />
    <property name="java.vm.specification.vendor" value="Oracle Corporation" />
    <property name="env.BCVTB_HOME" value="/home/travis/build/icyphy/ptII/lbnl" />
    <property name="file.separator" value="/" />
    <property name="spotbugs.home" value="/home/travis/build/icyphy/ptII/vendors/spotbugs-3.1.1" />
    <property name="java.runtime.version" value="11.0.2+9" />
    <property name="env.ANSI_CLEAR" value="\033[0K" />
    <property name="javafx.verbose" value="true" />
    <property name="env.HAS_JOSH_K_SEAL_OF_APPROVAL" value="true" />
    <property name="env.XDG_RUNTIME_DIR" value="/run/user/2000" />
    <property name="env.TRAVIS_OSX_IMAGE" value="" />
    <property name="env.TRAVIS_JOB_ID" value="572513550" />
    <property name="env.TRAVIS_BRANCH" value="master" />
    <property name="user.country" value="US" />
    <property name="env.CERTI_HOME_TRAVIS" value="/home/travis/pthla/certi-tools" />
    <property name="env.SHELL" value="/bin/bash" />
    <property name="java.maxmemory.large" value="3200m" />
    <property name="model" value="" />
    <property name="env.CASHER_DIR" value="/home/travis/.casher" />
    <property name="env.NVM_CD_FLAGS" value="" />
    <property name="java.vendor.version" value="18.9" />
    <property name="jshint.executable" value="/home/travis/node_modules/jshint/bin/jshint" />
    <property name="env.JRUBY_OPTS" value=" --client -J-XX:+TieredCompilation -J-XX:TieredStopAtLevel=1 -J-Xss2m -Xcompile.invokedynamic=false" />
    <property name="java.vendor" value="Oracle Corporation" />
    <property name="env.TRAVIS_PRE_CHEF_BOOTSTRAP_TIME" value="2022-03-21T11:28:53" />
    <property name="env.TRAVIS_STACK_JOB_BOARD_REGISTER" value="/.job-board-register.yml" />
    <property name="env.ANSI_RED" value="\033[31;1m" />
    <property name="java.specification.version" value="11" />
    <property name="env.IRBRC" value="/home/travis/.rvm/rubies/ruby-2.5.3/.irbrc" />
    <property name="env.TRAVIS" value="true" />
    <property name="sun.arch.data.model" value="64" />
  </properties>
  <testcase classname="ptolemy.util.test.junit.TclTests" name="[0] ThereAreNoTclTests (RunTclFile)" time="0.018" />
  <testcase classname="ptolemy.util.test.junit.AutoKnownFailedTests" name="[0] ThereAreNoKnowFailedTests (RunModel)" time="0.006" />
  <testcase classname="ptolemy.util.test.junit.AutoNameArchTests" name="[0] ThereAreNoAutoArchTests (RunModel)" time="0.022" />
  <testcase classname="ptolemy.util.test.junit.AutoTests" name="[0] /home/travis/build/icyphy/ptII/org/hlacerti/test/auto/1ProdNER1ConsNER.xml (RunModel)" time="7.741" />
  <testcase classname="ptolemy.util.test.junit.AutoTests" name="[1] /home/travis/build/icyphy/ptII/org/hlacerti/test/auto/1ProdNER1ConsNER_1516.xml (RunModel)" time="7.263" />
  <testcase classname="ptolemy.util.test.junit.AutoTests" name="[2] /home/travis/build/icyphy/ptII/org/hlacerti/test/auto/1ProdNER1ConsTAR.xml (RunModel)" time="7.17" />
  <testcase classname="ptolemy.util.test.junit.AutoTests" name="[3] /home/travis/build/icyphy/ptII/org/hlacerti/test/auto/1ProdNER1ConsTAR_1516.xml (RunModel)" time="7.216" />
  <testcase classname="ptolemy.util.test.junit.AutoTests" name="[4] /home/travis/build/icyphy/ptII/org/hlacerti/test/auto/1ProdTAR1ConsNER.xml (RunModel)" time="7.14" />
  <testcase classname="ptolemy.util.test.junit.AutoTests" name="[5] /home/travis/build/icyphy/ptII/org/hlacerti/test/auto/1ProdTAR1ConsNER_1516.xml (RunModel)" time="7.141" />
  <testcase classname="ptolemy.util.test.junit.AutoTests" name="[6] /home/travis/build/icyphy/ptII/org/hlacerti/test/auto/1ProdTAR1ConsTAR.xml (RunModel)" time="7.142" />
  <testcase classname="ptolemy.util.test.junit.AutoTests" name="[7] /home/travis/build/icyphy/ptII/org/hlacerti/test/auto/1ProdTAR1ConsTAR_1516.xml (RunModel)" time="7.228" />
  <testcase classname="ptolemy.util.test.junit.AutoTests" name="[8] /home/travis/build/icyphy/ptII/org/hlacerti/test/auto/1PublisherBadAttributeN.xml (RunModel)" time="6.57" />
  <testcase classname="ptolemy.util.test.junit.AutoTests" name="[9] /home/travis/build/icyphy/ptII/org/hlacerti/test/auto/1PublisherBadAttributeN_1516.xml (RunModel)" time="6.698">
    <error type="java.lang.reflect.InvocationTargetException">java.lang.reflect.InvocationTargetException
	at java.base/jdk.internal.reflect.NativeConstructorAccessorImpl.newInstance0(Native Method)
	at java.base/jdk.internal.reflect.NativeConstructorAccessorImpl.newInstance(NativeConstructorAccessorImpl.java:62)
	at java.base/jdk.internal.reflect.DelegatingConstructorAccessorImpl.newInstance(DelegatingConstructorAccessorImpl.java:45)
	at java.base/java.lang.reflect.Constructor.newInstance(Constructor.java:490)
	at ptolemy.util.test.junit.AutoTests.RunModel(AutoTests.java:193)
	at java.base/jdk.internal.reflect.NativeMethodAccessorImpl.invoke0(Native Method)
	at java.base/jdk.internal.reflect.NativeMethodAccessorImpl.invoke(NativeMethodAccessorImpl.java:62)
	at java.base/jdk.internal.reflect.DelegatingMethodAccessorImpl.invoke(DelegatingMethodAccessorImpl.java:43)
	at junitparams.internal.InvokeParameterisedMethod.evaluate(InvokeParameterisedMethod.java:102)
Caused by: ptolemy.kernel.util.IllegalActionException: Expected:
NameNotFound: unknownValue is not a HLA attribute value from the FOM (see .fed file).
Because:
unknownValue
But got:
RTIG could not find FED file: 1PublisherBadAttributeName.xml
  in .1PublisherBadAttributeN_1516.HlaManager
Because:
Module not found
  in .1PublisherBadAttributeN_1516.TestExceptionAttribute
Because:
RTIG could not find FED file: 1PublisherBadAttributeName.xml
  in .1PublisherBadAttributeN_1516.HlaManager
Because:
Module not found
	at ptolemy.actor.lib.TestExceptionAttribute.handleException(TestExceptionAttribute.java:179)
	at ptolemy.actor.Manager.execute(Manager.java:476)
	at ptolemy.actor.Manager.run(Manager.java:1263)
	at ptolemy.actor.Manager$PtolemyRunThread.run(Manager.java:1933)
Caused by: ptolemy.kernel.util.IllegalActionException: RTIG could not find FED file: 1PublisherBadAttributeName.xml
  in .1PublisherBadAttributeN_1516.HlaManager
Because:
Module not found
	at org.hlacerti.lib.HlaManager1516e.initialize(HlaManager1516e.java:787)
	at org.hlacerti.lib.HlaManager.initialize(HlaManager.java:900)
	at ptolemy.actor.CompositeActor.initialize(CompositeActor.java:912)
	at ptolemy.actor.Manager.initialize(Manager.java:724)
	at ptolemy.actor.Manager.execute(Manager.java:356)
Caused by: hla.rti1516e.exceptions.CouldNotOpenFDD: Module not found
	at certi.rti1516e.impl.CertiRtiAmbassador.translateException(CertiRtiAmbassador.java:4042)
	at certi.rti1516e.impl.CertiRtiAmbassador.processRequest(CertiRtiAmbassador.java:3948)
	at certi.rti1516e.impl.CertiRtiAmbassador.createFederationExecution(CertiRtiAmbassador.java:424)
	at org.hlacerti.lib.HlaManager1516e.initialize(HlaManager1516e.java:751)
</error>
  </testcase>
  <testcase classname="ptolemy.util.test.junit.AutoTests" name="[10] /home/travis/build/icyphy/ptII/org/hlacerti/test/auto/1PublisherBadClassN.xml (RunModel)" time="6.545" />
  <testcase classname="ptolemy.util.test.junit.AutoTests" name="[11] /home/travis/build/icyphy/ptII/org/hlacerti/test/auto/1PublisherBadClassN_1516.xml (RunModel)" time="6.667" />
  <testcase classname="ptolemy.util.test.junit.AutoTests" name="[12] /home/travis/build/icyphy/ptII/org/hlacerti/test/auto/1SubscriberBadAttributeN.xml (RunModel)" time="6.548" />
  <testcase classname="ptolemy.util.test.junit.AutoTests" name="[13] /home/travis/build/icyphy/ptII/org/hlacerti/test/auto/1SubscriberBadAttributeN_1516.xml (RunModel)" time="6.662" />
  <testcase classname="ptolemy.util.test.junit.AutoTests" name="[14] /home/travis/build/icyphy/ptII/org/hlacerti/test/auto/1SubscriberBadClassN.xml (RunModel)" time="6.541" />
  <testcase classname="ptolemy.util.test.junit.AutoTests" name="[15] /home/travis/build/icyphy/ptII/org/hlacerti/test/auto/1SubscriberBadClassN_1516.xml (RunModel)" time="6.687" />
  <testcase classname="ptolemy.util.test.junit.AutoTests" name="[16] /home/travis/build/icyphy/ptII/org/hlacerti/test/auto/1Value2Instances.xml (RunModel)" time="7.139" />
  <testcase classname="ptolemy.util.test.junit.AutoTests" name="[17] /home/travis/build/icyphy/ptII/org/hlacerti/test/auto/1Value2Instances_1516.xml (RunModel)" time="6.651">
    <error type="java.lang.reflect.InvocationTargetException">java.lang.reflect.InvocationTargetException
	at jdk.internal.reflect.GeneratedConstructorAccessor17.newInstance(Unknown Source)
	at java.base/jdk.internal.reflect.DelegatingConstructorAccessorImpl.newInstance(DelegatingConstructorAccessorImpl.java:45)
	at java.base/java.lang.reflect.Constructor.newInstance(Constructor.java:490)
	at ptolemy.util.test.junit.AutoTests.RunModel(AutoTests.java:193)
	at jdk.internal.reflect.GeneratedMethodAccessor1.invoke(Unknown Source)
	at java.base/jdk.internal.reflect.DelegatingMethodAccessorImpl.invoke(DelegatingMethodAccessorImpl.java:43)
	at junitparams.internal.InvokeParameterisedMethod.evaluate(InvokeParameterisedMethod.java:102)
Caused by: ptolemy.kernel.util.IllegalActionException: Execution failed.
  in .1Value2Instances_1516.DistributedSender1
Because:
RTIG could not find FED file: StaticMultiInstance12.xml
  in .DistributedSender1.HlaManager
Because:
Module not found
	at ptolemy.actor.lib.hoc.ModelReference.fire(ModelReference.java:588)
	at ptolemy.vergil.actor.lib.VisualModelReference.fire(VisualModelReference.java:414)
	at ptolemy.actor.AtomicActor.iterate(AtomicActor.java:512)
	at ptolemy.actor.Director.fire(Director.java:360)
	at ptolemy.actor.CompositeActor.fire(CompositeActor.java:455)
	at ptolemy.actor.Manager.iterate(Manager.java:851)
	at ptolemy.actor.Manager.execute(Manager.java:369)
	at ptolemy.actor.Manager.run(Manager.java:1263)
	at ptolemy.actor.Manager$PtolemyRunThread.run(Manager.java:1933)
Caused by: ptolemy.kernel.util.IllegalActionException: RTIG could not find FED file: StaticMultiInstance12.xml
  in .DistributedSender1.HlaManager
Because:
Module not found
	at org.hlacerti.lib.HlaManager1516e.initialize(HlaManager1516e.java:787)
	at org.hlacerti.lib.HlaManager.initialize(HlaManager.java:900)
	at ptolemy.actor.CompositeActor.initialize(CompositeActor.java:912)
	at ptolemy.actor.Manager.initialize(Manager.java:724)
	at ptolemy.actor.Manager.execute(Manager.java:356)
	at ptolemy.actor.lib.hoc.ModelReference.fire(ModelReference.java:586)
Caused by: hla.rti1516e.exceptions.CouldNotOpenFDD: Module not found
	at certi.rti1516e.impl.CertiRtiAmbassador.translateException(CertiRtiAmbassador.java:4042)
	at certi.rti1516e.impl.CertiRtiAmbassador.processRequest(CertiRtiAmbassador.java:3948)
	at certi.rti1516e.impl.CertiRtiAmbassador.createFederationExecution(CertiRtiAmbassador.java:424)
	at org.hlacerti.lib.HlaManager1516e.initialize(HlaManager1516e.java:751)
</error>
  </testcase>
  <testcase classname="ptolemy.util.test.junit.AutoTests" name="[18] /home/travis/build/icyphy/ptII/org/hlacerti/test/auto/2Classes2Values2Instances.xml (RunModel)" time="7.16" />
  <testcase classname="ptolemy.util.test.junit.AutoTests" name="[19] /home/travis/build/icyphy/ptII/org/hlacerti/test/auto/2Classes2Values2Instances_1516.xml (RunModel)" time="6.74">
    <error type="java.lang.reflect.InvocationTargetException">java.lang.reflect.InvocationTargetException
	at jdk.internal.reflect.GeneratedConstructorAccessor17.newInstance(Unknown Source)
	at java.base/jdk.internal.reflect.DelegatingConstructorAccessorImpl.newInstance(DelegatingConstructorAccessorImpl.java:45)
	at java.base/java.lang.reflect.Constructor.newInstance(Constructor.java:490)
	at ptolemy.util.test.junit.AutoTests.RunModel(AutoTests.java:193)
	at jdk.internal.reflect.GeneratedMethodAccessor1.invoke(Unknown Source)
	at java.base/jdk.internal.reflect.DelegatingMethodAccessorImpl.invoke(DelegatingMethodAccessorImpl.java:43)
	at junitparams.internal.InvokeParameterisedMethod.evaluate(InvokeParameterisedMethod.java:102)
Caused by: ptolemy.kernel.util.IllegalActionException: Execution failed.
  in .2Classes2Values2Instances_1516.DistributedSender1
Because:
RTIG could not find FED file: StaticMultiInstance222.xml
  in .DistributedSender1.HlaManager
Because:
Module not found
	at ptolemy.actor.lib.hoc.ModelReference.fire(ModelReference.java:588)
	at ptolemy.vergil.actor.lib.VisualModelReference.fire(VisualModelReference.java:414)
	at ptolemy.actor.AtomicActor.iterate(AtomicActor.java:512)
	at ptolemy.actor.Director.fire(Director.java:360)
	at ptolemy.actor.CompositeActor.fire(CompositeActor.java:455)
	at ptolemy.actor.Manager.iterate(Manager.java:851)
	at ptolemy.actor.Manager.execute(Manager.java:369)
	at ptolemy.actor.Manager.run(Manager.java:1263)
	at ptolemy.actor.Manager$PtolemyRunThread.run(Manager.java:1933)
Caused by: ptolemy.kernel.util.IllegalActionException: RTIG could not find FED file: StaticMultiInstance222.xml
  in .DistributedSender1.HlaManager
Because:
Module not found
	at org.hlacerti.lib.HlaManager1516e.initialize(HlaManager1516e.java:787)
	at org.hlacerti.lib.HlaManager.initialize(HlaManager.java:900)
	at ptolemy.actor.CompositeActor.initialize(CompositeActor.java:912)
	at ptolemy.actor.Manager.initialize(Manager.java:724)
	at ptolemy.actor.Manager.execute(Manager.java:356)
	at ptolemy.actor.lib.hoc.ModelReference.fire(ModelReference.java:586)
Caused by: hla.rti1516e.exceptions.CouldNotOpenFDD: Module not found
	at certi.rti1516e.impl.CertiRtiAmbassador.translateException(CertiRtiAmbassador.java:4042)
	at certi.rti1516e.impl.CertiRtiAmbassador.processRequest(CertiRtiAmbassador.java:3948)
	at certi.rti1516e.impl.CertiRtiAmbassador.createFederationExecution(CertiRtiAmbassador.java:424)
	at org.hlacerti.lib.HlaManager1516e.initialize(HlaManager1516e.java:751)
</error>
  </testcase>
  <testcase classname="ptolemy.util.test.junit.AutoTests" name="[20] /home/travis/build/icyphy/ptII/org/hlacerti/test/auto/2Values1Instance.xml (RunModel)" time="7.185" />
  <testcase classname="ptolemy.util.test.junit.AutoTests" name="[21] /home/travis/build/icyphy/ptII/org/hlacerti/test/auto/2Values1Instance_1516.xml (RunModel)" time="6.708">
    <error type="java.lang.reflect.InvocationTargetException">java.lang.reflect.InvocationTargetException
	at jdk.internal.reflect.GeneratedConstructorAccessor17.newInstance(Unknown Source)
	at java.base/jdk.internal.reflect.DelegatingConstructorAccessorImpl.newInstance(DelegatingConstructorAccessorImpl.java:45)
	at java.base/java.lang.reflect.Constructor.newInstance(Constructor.java:490)
	at ptolemy.util.test.junit.AutoTests.RunModel(AutoTests.java:193)
	at jdk.internal.reflect.GeneratedMethodAccessor1.invoke(Unknown Source)
	at java.base/jdk.internal.reflect.DelegatingMethodAccessorImpl.invoke(DelegatingMethodAccessorImpl.java:43)
	at junitparams.internal.InvokeParameterisedMethod.evaluate(InvokeParameterisedMethod.java:102)
Caused by: ptolemy.kernel.util.IllegalActionException: Execution failed.
  in .2Values1Instance_1516.DistributedSender1
Because:
RTIG could not find FED file: StaticMultiInstance21.xml
  in .DistributedSender1.HlaManager
Because:
Module not found
	at ptolemy.actor.lib.hoc.ModelReference.fire(ModelReference.java:588)
	at ptolemy.vergil.actor.lib.VisualModelReference.fire(VisualModelReference.java:414)
	at ptolemy.actor.AtomicActor.iterate(AtomicActor.java:512)
	at ptolemy.actor.Director.fire(Director.java:360)
	at ptolemy.actor.CompositeActor.fire(CompositeActor.java:455)
	at ptolemy.actor.Manager.iterate(Manager.java:851)
	at ptolemy.actor.Manager.execute(Manager.java:369)
	at ptolemy.actor.Manager.run(Manager.java:1263)
	at ptolemy.actor.Manager$PtolemyRunThread.run(Manager.java:1933)
Caused by: ptolemy.kernel.util.IllegalActionException: RTIG could not find FED file: StaticMultiInstance21.xml
  in .DistributedSender1.HlaManager
Because:
Module not found
	at org.hlacerti.lib.HlaManager1516e.initialize(HlaManager1516e.java:787)
	at org.hlacerti.lib.HlaManager.initialize(HlaManager.java:900)
	at ptolemy.actor.CompositeActor.initialize(CompositeActor.java:912)
	at ptolemy.actor.Manager.initialize(Manager.java:724)
	at ptolemy.actor.Manager.execute(Manager.java:356)
	at ptolemy.actor.lib.hoc.ModelReference.fire(ModelReference.java:586)
Caused by: hla.rti1516e.exceptions.CouldNotOpenFDD: Module not found
	at certi.rti1516e.impl.CertiRtiAmbassador.translateException(CertiRtiAmbassador.java:4042)
	at certi.rti1516e.impl.CertiRtiAmbassador.processRequest(CertiRtiAmbassador.java:3948)
	at certi.rti1516e.impl.CertiRtiAmbassador.createFederationExecution(CertiRtiAmbassador.java:424)
	at org.hlacerti.lib.HlaManager1516e.initialize(HlaManager1516e.java:751)
</error>
  </testcase>
  <testcase classname="ptolemy.util.test.junit.AutoTests" name="[22] /home/travis/build/icyphy/ptII/org/hlacerti/test/auto/2Values2Instances.xml (RunModel)" time="7.114" />
  <testcase classname="ptolemy.util.test.junit.AutoTests" name="[23] /home/travis/build/icyphy/ptII/org/hlacerti/test/auto/2Values2Instances_1516.xml (RunModel)" time="6.725">
    <error type="java.lang.reflect.InvocationTargetException">java.lang.reflect.InvocationTargetException
	at jdk.internal.reflect.GeneratedConstructorAccessor17.newInstance(Unknown Source)
	at java.base/jdk.internal.reflect.DelegatingConstructorAccessorImpl.newInstance(DelegatingConstructorAccessorImpl.java:45)
	at java.base/java.lang.reflect.Constructor.newInstance(Constructor.java:490)
	at ptolemy.util.test.junit.AutoTests.RunModel(AutoTests.java:193)
	at jdk.internal.reflect.GeneratedMethodAccessor1.invoke(Unknown Source)
	at java.base/jdk.internal.reflect.DelegatingMethodAccessorImpl.invoke(DelegatingMethodAccessorImpl.java:43)
	at junitparams.internal.InvokeParameterisedMethod.evaluate(InvokeParameterisedMethod.java:102)
Caused by: ptolemy.kernel.util.IllegalActionException: Execution failed.
  in .2Values2Instances_1516.DistributedSender1
Because:
RTIG could not find FED file: StaticMultiInstance22.xml
  in .DistributedSender1.HlaManager
Because:
Module not found
	at ptolemy.actor.lib.hoc.ModelReference.fire(ModelReference.java:588)
	at ptolemy.vergil.actor.lib.VisualModelReference.fire(VisualModelReference.java:414)
	at ptolemy.actor.AtomicActor.iterate(AtomicActor.java:512)
	at ptolemy.actor.Director.fire(Director.java:360)
	at ptolemy.actor.CompositeActor.fire(CompositeActor.java:455)
	at ptolemy.actor.Manager.iterate(Manager.java:851)
	at ptolemy.actor.Manager.execute(Manager.java:369)
	at ptolemy.actor.Manager.run(Manager.java:1263)
	at ptolemy.actor.Manager$PtolemyRunThread.run(Manager.java:1933)
Caused by: ptolemy.kernel.util.IllegalActionException: RTIG could not find FED file: StaticMultiInstance22.xml
  in .DistributedSender1.HlaManager
Because:
Module not found
	at org.hlacerti.lib.HlaManager1516e.initialize(HlaManager1516e.java:787)
	at org.hlacerti.lib.HlaManager.initialize(HlaManager.java:900)
	at ptolemy.actor.CompositeActor.initialize(CompositeActor.java:912)
	at ptolemy.actor.Manager.initialize(Manager.java:724)
	at ptolemy.actor.Manager.execute(Manager.java:356)
	at ptolemy.actor.lib.hoc.ModelReference.fire(ModelReference.java:586)
Caused by: hla.rti1516e.exceptions.CouldNotOpenFDD: Module not found
	at certi.rti1516e.impl.CertiRtiAmbassador.translateException(CertiRtiAmbassador.java:4042)
	at certi.rti1516e.impl.CertiRtiAmbassador.processRequest(CertiRtiAmbassador.java:3948)
	at certi.rti1516e.impl.CertiRtiAmbassador.createFederationExecution(CertiRtiAmbassador.java:424)
	at org.hlacerti.lib.HlaManager1516e.initialize(HlaManager1516e.java:751)
</error>
  </testcase>
  <testcase classname="ptolemy.util.test.junit.AutoTests" name="[24] /home/travis/build/icyphy/ptII/org/hlacerti/test/auto/DuplicatedInstanceNameReceiver.xml (RunModel)" time="6.538" />
  <testcase classname="ptolemy.util.test.junit.AutoTests" name="[25] /home/travis/build/icyphy/ptII/org/hlacerti/test/auto/DuplicatedInstanceNameReceiver_1516.xml (RunModel)" time="6.637" />
  <testcase classname="ptolemy.util.test.junit.AutoTests" name="[26] /home/travis/build/icyphy/ptII/org/hlacerti/test/auto/DuplicatedInstanceNameSender.xml (RunModel)" time="6.553" />
  <testcase classname="ptolemy.util.test.junit.AutoTests" name="[27] /home/travis/build/icyphy/ptII/org/hlacerti/test/auto/DuplicatedInstanceNameSender_1516.xml (RunModel)" time="6.643" />
  <testcase classname="ptolemy.util.test.junit.AutoTests" name="[28] /home/travis/build/icyphy/ptII/org/hlacerti/test/auto/MultiDataTypes.xml (RunModel)" time="9.144" />
  <testcase classname="ptolemy.util.test.junit.AutoTests" name="[29] /home/travis/build/icyphy/ptII/org/hlacerti/test/auto/MultiDataTypes_1516.xml (RunModel)" time="7.104" />
  <system-out><![CDATA[No tcl tests in /home/travis/build/icyphy/ptII/org/hlacerti/test
No auto/knownFailedTests/*.xml tests in /home/travis/build/icyphy/ptII/org/hlacerti/test
No auto/linux-amd64/*.xml tests in /home/travis/build/icyphy/ptII/org/hlacerti/test
AutoTests.java: About to close Vertx.
AutoTests.java: Vertx closed.

===========================================================================================
----------------- testing Mon Jun 06 02:07:13 UTC 2022 /home/travis/build/icyphy/ptII/org/hlacerti/test/auto/1ProdNER1ConsNER.xml
----------------- Mon Jun 06 02:07:13 UTC 2022 About to sleep for 5.0 seconds before running or rerunning.  Test is: /home/travis/build/icyphy/ptII/org/hlacerti/test/auto/1ProdNER1ConsNER.xml
Done sleeping
----------------- Instantiating /home/travis/build/icyphy/ptII/org/hlacerti/test/auto/1ProdNER1ConsNER.xml
HLA version is 1.3.
HLA version is 1.3.
HLA version is 1.3.
HLA version is 1.3.
HLA version is 1.3.
Federate: cons1 - Federation: TestNERNER - preinitialize() - CERTI_FOM_PATH = /home/travis/pthla/certi-tools/share/federations
Federate: cons1 - Federation: TestNERNER - Creating RTI Ambassador
Federate: cons1 - Federation: TestNERNER - preinitialize() - **** No RTI running.
Federate: cons1 - Federation: TestNERNER - preinitialize() - Launching CERTI RTI  in directory /home/travis/build/icyphy/ptII/org/hlacerti/test
CertiRtig: the os.name property is: Linux
CertiRtig: .cons1Signal.HlaManager: About to invoke rtig: 
command: [/bin/bash, -c, /home/travis/pthla/certi-tools/bin/rtig]
environment: [LD_LIBRARY_PATH=/home/travis/pthla/certi-tools/lib:/home/travis/pthla/certi-tools/lib:/usr/lib/jni:/usr/local/share/OpenCV/java/:/usr/share/OpenCV/java:, CERTI_FOM_PATH=/home/travis/pthla/certi-tools/share/federations]
directory: /home/travis/build/icyphy/ptII/org/hlacerti/test/auto/FederatesDifferentTimeManagement/1ProdNER1ConsNER
Federate: cons1 - Federation: TestNERNER - RTI launched.
Federate: cons1 - Federation: TestNERNER - Creating RTI Ambassador
Federate: cons1 - Federation: TestNERNER - RTI Ambassador created.
Federate: cons1 - Federation: TestNERNER - Creating Federation execution.
Federate: cons1 - Federation: TestNERNER - createFederationExecution: FED file on RTIG machine = Signal.fed
Federate: cons1 - Federation: TestNERNER - Joining the federation.
Federate: cons1 - Federation: TestNERNER - initialize() - federation joined
Federate: cons1 - Federation: TestNERNER - Initializing the RTI Ambassador
Federate: cons1 - Federation: TestNERNER - RTI Ambassador initialized.
Federate: prod1 - Federation: TestNERNER - preinitialize() - CERTI_FOM_PATH = /home/travis/pthla/certi-tools/share/federations
Federate: prod1 - Federation: TestNERNER - Creating RTI Ambassador
Federate: prod1 - Federation: TestNERNER - RTI Ambassador created.
Federate: prod1 - Federation: TestNERNER - Creating Federation execution.
Federate: prod1 - Federation: TestNERNER - initialize() - Federation execution already exists. No need to create one.
Federate: prod1 - Federation: TestNERNER - Joining the federation.
Federate: prod1 - Federation: TestNERNER - initialize() - federation joined
Federate: prod1 - Federation: TestNERNER - Initializing the RTI Ambassador
Federate: prod1 - Federation: TestNERNER - RTI Ambassador initialized.
Federate: prod1 - Federation: TestNERNER - wrapup() - Unsubscribing to HLA attributes.
Federate: prod1 - Federation: TestNERNER - wrapup() - Unpublishing HLA attributes.
Federate: prod1 - Federation: TestNERNER - wrapup() - Resigning Federation execution
Federate: prod1 - Federation: TestNERNER - wrapup() - Resigned Federation execution
Federate: cons1 - Federation: TestNERNER - wrapup() - Unsubscribing to HLA attributes.
Federate: cons1 - Federation: TestNERNER - wrapup() - Unpublishing HLA attributes.
Federate: cons1 - Federation: TestNERNER - wrapup() - Resigning Federation execution
Federate: cons1 - Federation: TestNERNER - wrapup() - Resigned Federation execution
Federate: cons1 - Federation: TestNERNER - wrapup() - Destroying the federation.
Federate: cons1 - Federation: TestNERNER - wrapup() - Federation destroyed by this federate.
Federate: prod1 - Federation: TestNERNER - ----------------------- End execution.
87 ms. Memory: 129024K Free: 103316K (80%)
Federate: cons1 - Federation: TestNERNER - **** Killing the RTIG process (if authorized by the system)
CertiRtig: .cons1Signal.HlaManager: About to terminate RTIG by sending it SIGINT.
Federate: cons1 - Federation: TestNERNER - ----------------------- End execution.
2088 ms. Memory: 129024K Free: 102439K (79%)
2168 ms. Memory: 129024K Free: 102439K (79%)
----------------- Invoking toplevel() on ptolemy.moml.MoMLSimpleApplication@513d0251
----------------- Done invoking toplevel() on ptolemy.moml.MoMLSimpleApplication@513d0251
reloadAllAccessors: .1ProdNER1ConsNER

===========================================================================================
----------------- testing Mon Jun 06 02:07:21 UTC 2022 /home/travis/build/icyphy/ptII/org/hlacerti/test/auto/1ProdNER1ConsNER_1516.xml
----------------- Mon Jun 06 02:07:21 UTC 2022 About to sleep for 5.0 seconds before running or rerunning.  Test is: /home/travis/build/icyphy/ptII/org/hlacerti/test/auto/1ProdNER1ConsNER_1516.xml
Done sleeping
----------------- Instantiating /home/travis/build/icyphy/ptII/org/hlacerti/test/auto/1ProdNER1ConsNER_1516.xml
HLA version is 1516-2010.
HLA version is 1516-2010.
HLA version is 1516-2010.
HLA version is 1516-2010.
HLA version is 1516-2010.
Federate: cons1516 - Federation: TestNERNER1516 - preinitialize() - CERTI_FOM_PATH = /home/travis/pthla/certi-tools/share/federations
Value of launch rtig : true
Federate: cons1516 - Federation: TestNERNER1516 - Creating RTI Ambassador
Federate: cons1516 - Federation: TestNERNER1516 - preinitialize() - **** No RTI running.
Federate: cons1516 - Federation: TestNERNER1516 - preinitialize() - Launching CERTI RTI  in directory /home/travis/build/icyphy/ptII/org/hlacerti/test
CertiRtig: the os.name property is: Linux
CertiRtig: .cons1Signal.HlaManager: About to invoke rtig: 
command: [/bin/bash, -c, /home/travis/pthla/certi-tools/bin/rtig]
environment: [LD_LIBRARY_PATH=/home/travis/pthla/certi-tools/lib:/home/travis/pthla/certi-tools/lib:/usr/lib/jni:/usr/local/share/OpenCV/java/:/usr/share/OpenCV/java:, CERTI_FOM_PATH=/home/travis/pthla/certi-tools/share/federations]
directory: /home/travis/build/icyphy/ptII/org/hlacerti/test/auto/FederatesDifferentTimeManagement_1516/1ProdNER1ConsNER
Federate: cons1516 - Federation: TestNERNER1516 - RTI launched.
Federate: cons1516 - Federation: TestNERNER1516 - Creating RTI Ambassador
Federate: cons1516 - Federation: TestNERNER1516 - RTI Ambassador created.
Federate: cons1516 - Federation: TestNERNER1516 - Creating Federation execution.
Federate: cons1516 - Federation: TestNERNER1516 - createFederationExecution: FED file on RTIG machine = Signal.xml
Federate: cons1516 - Federation: TestNERNER1516 - Joining the federation.
Federate: cons1516 - Federation: TestNERNER1516 - initialize() - federation joined
Federate: cons1516 - Federation: TestNERNER1516 - Initializing the RTI Ambassador
Federate: cons1516 - Federation: TestNERNER1516 - RTI Ambassador initialized.
Federate: cons1516 - Federation: TestNERNER1516 - Time Aspects initialized.
Federate: cons1516 - Federation: TestNERNER1516 - isSynchronizationPointRegister : false
Federate: prod1516 - Federation: TestNERNER1516 - preinitialize() - CERTI_FOM_PATH = /home/travis/pthla/certi-tools/share/federations
Value of launch rtig : false
Federate: prod1516 - Federation: TestNERNER1516 - Creating RTI Ambassador
Federate: prod1516 - Federation: TestNERNER1516 - RTI Ambassador created.
Federate: prod1516 - Federation: TestNERNER1516 - Creating Federation execution.
Federate: prod1516 - Federation: TestNERNER1516 - initialize() - Federation execution already exists. No need to create one.
Federate: prod1516 - Federation: TestNERNER1516 - Joining the federation.
Federate: prod1516 - Federation: TestNERNER1516 - initialize() - federation joined
Federate: prod1516 - Federation: TestNERNER1516 - Initializing the RTI Ambassador
Federate: prod1516 - Federation: TestNERNER1516 - RTI Ambassador initialized.
Federate: prod1516 - Federation: TestNERNER1516 - Time Aspects initialized.
Federate: prod1516 - Federation: TestNERNER1516 - isSynchronizationPointRegister : true
Federate: prod1516 - Federation: TestNERNER1516 - isSynchronizationPointRegister = true
Federate: cons1516 - Federation: TestNERNER1516 - announce synchronisation point
Federate: prod1516 - Federation: TestNERNER1516 - announce synchronisation point
Federate: cons1516 - Federation: TestNERNER1516 - Synchronization point initialized.
Federate: prod1516 - Federation: TestNERNER1516 - Synchronization point initialized.
Federate: cons1516 - Federation: TestNERNER1516 - attributeHandleSet.size = 1
Federate: cons1516 - Federation: TestNERNER1516 - --- Attribute id match
Federate: cons1516 - Federation: TestNERNER1516 - attributeHandleSet.size = 1
Federate: cons1516 - Federation: TestNERNER1516 - --- Attribute id match
Federate: cons1516 - Federation: TestNERNER1516 - attributeHandleSet.size = 1
Federate: cons1516 - Federation: TestNERNER1516 - --- Attribute id match
Federate: cons1516 - Federation: TestNERNER1516 - attributeHandleSet.size = 1
Federate: cons1516 - Federation: TestNERNER1516 - --- Attribute id match
Federate: prod1516 - Federation: TestNERNER1516 - wrapup() - Unsubscribing to HLA attributes.
Federate: prod1516 - Federation: TestNERNER1516 - wrapup() - Unpublishing HLA attributes.
Federate: prod1516 - Federation: TestNERNER1516 - wrapup() - Resigning Federation execution
Federate: cons1516 - Federation: TestNERNER1516 - wrapup() - Unsubscribing to HLA attributes.
Federate: cons1516 - Federation: TestNERNER1516 - wrapup() - Unpublishing HLA attributes.
Federate: cons1516 - Federation: TestNERNER1516 - wrapup() - Resigning Federation execution
Federate: cons1516 - Federation: TestNERNER1516 - wrapup() - Resigned Federation execution
Federate: cons1516 - Federation: TestNERNER1516 - wrapup() - Destroying the federation.
Federate: cons1516 - Federation: TestNERNER1516 - wrapup() - Federation destroyed by this federate.
Federate: prod1516 - Federation: TestNERNER1516 - wrapup() - Resigned Federation execution
Federate: prod1516 - Federation: TestNERNER1516 - ----------------------- End execution.
214 ms. Memory: 129024K Free: 107539K (83%)
Federate: cons1516 - Federation: TestNERNER1516 - **** Killing the RTIG process (if authorized by the system)
CertiRtig: .cons1Signal.HlaManager: About to terminate RTIG by sending it SIGINT.
Federate: cons1516 - Federation: TestNERNER1516 - ----------------------- End execution.
2112 ms. Memory: 129024K Free: 107539K (83%)
2129 ms. Memory: 129024K Free: 107539K (83%)
----------------- Invoking toplevel() on ptolemy.moml.MoMLSimpleApplication@b96978c
----------------- Done invoking toplevel() on ptolemy.moml.MoMLSimpleApplication@b96978c
reloadAllAccessors: .1ProdNER1ConsNER_1516

===========================================================================================
----------------- testing Mon Jun 06 02:07:28 UTC 2022 /home/travis/build/icyphy/ptII/org/hlacerti/test/auto/1ProdNER1ConsTAR.xml
----------------- Mon Jun 06 02:07:28 UTC 2022 About to sleep for 5.0 seconds before running or rerunning.  Test is: /home/travis/build/icyphy/ptII/org/hlacerti/test/auto/1ProdNER1ConsTAR.xml
Done sleeping
----------------- Instantiating /home/travis/build/icyphy/ptII/org/hlacerti/test/auto/1ProdNER1ConsTAR.xml
HLA version is 1.3.
HLA version is 1.3.
HLA version is 1.3.
HLA version is 1.3.
Federate: cons1NT - Federation: TestNERTAR - preinitialize() - CERTI_FOM_PATH = /home/travis/pthla/certi-tools/share/federations
Federate: cons1NT - Federation: TestNERTAR - Creating RTI Ambassador
Federate: cons1NT - Federation: TestNERTAR - preinitialize() - **** No RTI running.
Federate: cons1NT - Federation: TestNERTAR - preinitialize() - Launching CERTI RTI  in directory /home/travis/build/icyphy/ptII/org/hlacerti/test
CertiRtig: the os.name property is: Linux
CertiRtig: .cons1Signal.HlaManager: About to invoke rtig: 
command: [/bin/bash, -c, /home/travis/pthla/certi-tools/bin/rtig]
environment: [LD_LIBRARY_PATH=/home/travis/pthla/certi-tools/lib:/home/travis/pthla/certi-tools/lib:/usr/lib/jni:/usr/local/share/OpenCV/java/:/usr/share/OpenCV/java:, CERTI_FOM_PATH=/home/travis/pthla/certi-tools/share/federations]
directory: /home/travis/build/icyphy/ptII/org/hlacerti/test/auto/FederatesDifferentTimeManagement/1ProdNER1ConsTAR
Federate: cons1NT - Federation: TestNERTAR - RTI launched.
Federate: cons1NT - Federation: TestNERTAR - Creating RTI Ambassador
Federate: cons1NT - Federation: TestNERTAR - RTI Ambassador created.
Federate: cons1NT - Federation: TestNERTAR - Creating Federation execution.
Federate: cons1NT - Federation: TestNERTAR - createFederationExecution: FED file on RTIG machine = Signal.fed
Federate: cons1NT - Federation: TestNERTAR - Joining the federation.
Federate: cons1NT - Federation: TestNERTAR - initialize() - federation joined
Federate: cons1NT - Federation: TestNERTAR - Initializing the RTI Ambassador
Federate: cons1NT - Federation: TestNERTAR - RTI Ambassador initialized.
Federate: prod1NT - Federation: TestNERTAR - preinitialize() - CERTI_FOM_PATH = /home/travis/pthla/certi-tools/share/federations
Federate: prod1NT - Federation: TestNERTAR - Creating RTI Ambassador
Federate: prod1NT - Federation: TestNERTAR - RTI Ambassador created.
Federate: prod1NT - Federation: TestNERTAR - Creating Federation execution.
Federate: prod1NT - Federation: TestNERTAR - initialize() - Federation execution already exists. No need to create one.
Federate: prod1NT - Federation: TestNERTAR - Joining the federation.
Federate: prod1NT - Federation: TestNERTAR - initialize() - federation joined
Federate: prod1NT - Federation: TestNERTAR - Initializing the RTI Ambassador
Federate: prod1NT - Federation: TestNERTAR - RTI Ambassador initialized.
Federate: prod1NT - Federation: TestNERTAR - wrapup() - Unsubscribing to HLA attributes.
Federate: prod1NT - Federation: TestNERTAR - wrapup() - Unpublishing HLA attributes.
Federate: prod1NT - Federation: TestNERTAR - wrapup() - Resigning Federation execution
Federate: prod1NT - Federation: TestNERTAR - wrapup() - Resigned Federation execution
Federate: cons1NT - Federation: TestNERTAR - wrapup() - Unsubscribing to HLA attributes.
Federate: prod1NT - Federation: TestNERTAR - ----------------------- End execution.
51 ms. Memory: 129024K Free: 89109K (69%)
Federate: cons1NT - Federation: TestNERTAR - wrapup() - Unpublishing HLA attributes.
Federate: cons1NT - Federation: TestNERTAR - wrapup() - Resigning Federation execution
Federate: cons1NT - Federation: TestNERTAR - wrapup() - Resigned Federation execution
Federate: cons1NT - Federation: TestNERTAR - wrapup() - Destroying the federation.
Federate: cons1NT - Federation: TestNERTAR - wrapup() - Federation destroyed by this federate.
Federate: cons1NT - Federation: TestNERTAR - **** Killing the RTIG process (if authorized by the system)
CertiRtig: .cons1Signal.HlaManager: About to terminate RTIG by sending it SIGINT.
Federate: cons1NT - Federation: TestNERTAR - ----------------------- End execution.
2058 ms. Memory: 129024K Free: 89109K (69%)
2067 ms. Memory: 129024K Free: 89109K (69%)
----------------- Invoking toplevel() on ptolemy.moml.MoMLSimpleApplication@739ec5b4
----------------- Done invoking toplevel() on ptolemy.moml.MoMLSimpleApplication@739ec5b4
reloadAllAccessors: .1ProdNER1ConsTAR

===========================================================================================
----------------- testing Mon Jun 06 02:07:35 UTC 2022 /home/travis/build/icyphy/ptII/org/hlacerti/test/auto/1ProdNER1ConsTAR_1516.xml
----------------- Mon Jun 06 02:07:35 UTC 2022 About to sleep for 5.0 seconds before running or rerunning.  Test is: /home/travis/build/icyphy/ptII/org/hlacerti/test/auto/1ProdNER1ConsTAR_1516.xml
Done sleeping
----------------- Instantiating /home/travis/build/icyphy/ptII/org/hlacerti/test/auto/1ProdNER1ConsTAR_1516.xml
HLA version is 1516-2010.
HLA version is 1516-2010.
HLA version is 1516-2010.
HLA version is 1516-2010.
HLA version is 1516-2010.
HLA version is 1516-2010.
Federate: consNT1516 - Federation: TestNERTAR1516 - preinitialize() - CERTI_FOM_PATH = /home/travis/pthla/certi-tools/share/federations
Value of launch rtig : true
Federate: consNT1516 - Federation: TestNERTAR1516 - Creating RTI Ambassador
Federate: consNT1516 - Federation: TestNERTAR1516 - preinitialize() - **** No RTI running.
Federate: consNT1516 - Federation: TestNERTAR1516 - preinitialize() - Launching CERTI RTI  in directory /home/travis/build/icyphy/ptII/org/hlacerti/test
CertiRtig: the os.name property is: Linux
CertiRtig: .cons1Signal.HlaManager: About to invoke rtig: 
command: [/bin/bash, -c, /home/travis/pthla/certi-tools/bin/rtig]
environment: [LD_LIBRARY_PATH=/home/travis/pthla/certi-tools/lib:/home/travis/pthla/certi-tools/lib:/usr/lib/jni:/usr/local/share/OpenCV/java/:/usr/share/OpenCV/java:, CERTI_FOM_PATH=/home/travis/pthla/certi-tools/share/federations]
directory: /home/travis/build/icyphy/ptII/org/hlacerti/test/auto/FederatesDifferentTimeManagement_1516/1ProdNER1ConsTAR
Federate: consNT1516 - Federation: TestNERTAR1516 - RTI launched.
Federate: consNT1516 - Federation: TestNERTAR1516 - Creating RTI Ambassador
Federate: consNT1516 - Federation: TestNERTAR1516 - RTI Ambassador created.
Federate: consNT1516 - Federation: TestNERTAR1516 - Creating Federation execution.
Federate: consNT1516 - Federation: TestNERTAR1516 - createFederationExecution: FED file on RTIG machine = Signal.xml
Federate: consNT1516 - Federation: TestNERTAR1516 - Joining the federation.
Federate: consNT1516 - Federation: TestNERTAR1516 - initialize() - federation joined
Federate: consNT1516 - Federation: TestNERTAR1516 - Initializing the RTI Ambassador
Federate: consNT1516 - Federation: TestNERTAR1516 - RTI Ambassador initialized.
Federate: consNT1516 - Federation: TestNERTAR1516 - Time Aspects initialized.
Federate: consNT1516 - Federation: TestNERTAR1516 - isSynchronizationPointRegister : false
Federate: prodNT1516 - Federation: TestNERTAR1516 - preinitialize() - CERTI_FOM_PATH = /home/travis/pthla/certi-tools/share/federations
Value of launch rtig : false
Federate: prodNT1516 - Federation: TestNERTAR1516 - Creating RTI Ambassador
Federate: prodNT1516 - Federation: TestNERTAR1516 - RTI Ambassador created.
Federate: prodNT1516 - Federation: TestNERTAR1516 - Creating Federation execution.
Federate: prodNT1516 - Federation: TestNERTAR1516 - initialize() - Federation execution already exists. No need to create one.
Federate: prodNT1516 - Federation: TestNERTAR1516 - Joining the federation.
Federate: prodNT1516 - Federation: TestNERTAR1516 - initialize() - federation joined
Federate: prodNT1516 - Federation: TestNERTAR1516 - Initializing the RTI Ambassador
Federate: prodNT1516 - Federation: TestNERTAR1516 - RTI Ambassador initialized.
Federate: prodNT1516 - Federation: TestNERTAR1516 - Time Aspects initialized.
Federate: prodNT1516 - Federation: TestNERTAR1516 - isSynchronizationPointRegister : true
Federate: prodNT1516 - Federation: TestNERTAR1516 - isSynchronizationPointRegister = true
Federate: consNT1516 - Federation: TestNERTAR1516 - announce synchronisation point
Federate: prodNT1516 - Federation: TestNERTAR1516 - announce synchronisation point
Federate: consNT1516 - Federation: TestNERTAR1516 - Synchronization point initialized.
Federate: prodNT1516 - Federation: TestNERTAR1516 - Synchronization point initialized.
Federate: consNT1516 - Federation: TestNERTAR1516 - attributeHandleSet.size = 1
Federate: consNT1516 - Federation: TestNERTAR1516 - --- Attribute id match
Federate: consNT1516 - Federation: TestNERTAR1516 - attributeHandleSet.size = 1
Federate: consNT1516 - Federation: TestNERTAR1516 - --- Attribute id match
Federate: consNT1516 - Federation: TestNERTAR1516 - attributeHandleSet.size = 1
Federate: consNT1516 - Federation: TestNERTAR1516 - --- Attribute id match
Federate: consNT1516 - Federation: TestNERTAR1516 - attributeHandleSet.size = 1
Federate: consNT1516 - Federation: TestNERTAR1516 - --- Attribute id match
Federate: prodNT1516 - Federation: TestNERTAR1516 - wrapup() - Unsubscribing to HLA attributes.
Federate: prodNT1516 - Federation: TestNERTAR1516 - wrapup() - Unpublishing HLA attributes.
Federate: prodNT1516 - Federation: TestNERTAR1516 - wrapup() - Resigning Federation execution
Federate: prodNT1516 - Federation: TestNERTAR1516 - wrapup() - Resigned Federation execution
Federate: consNT1516 - Federation: TestNERTAR1516 - wrapup() - Unsubscribing to HLA attributes.
Federate: prodNT1516 - Federation: TestNERTAR1516 - ----------------------- End execution.
Federate: consNT1516 - Federation: TestNERTAR1516 - wrapup() - Unpublishing HLA attributes.
Federate: consNT1516 - Federation: TestNERTAR1516 - wrapup() - Resigning Federation execution
Federate: consNT1516 - Federation: TestNERTAR1516 - wrapup() - Resigned Federation execution
Federate: consNT1516 - Federation: TestNERTAR1516 - wrapup() - Destroying the federation.
Federate: consNT1516 - Federation: TestNERTAR1516 - wrapup() - Federation destroyed by this federate.
72 ms. Memory: 129024K Free: 108519K (84%)
Federate: consNT1516 - Federation: TestNERTAR1516 - **** Killing the RTIG process (if authorized by the system)
CertiRtig: .cons1Signal.HlaManager: About to terminate RTIG by sending it SIGINT.
Federate: consNT1516 - Federation: TestNERTAR1516 - ----------------------- End execution.
2111 ms. Memory: 129024K Free: 108352K (84%)
2080 ms. Memory: 129024K Free: 108352K (84%)
----------------- Invoking toplevel() on ptolemy.moml.MoMLSimpleApplication@622381c3
----------------- Done invoking toplevel() on ptolemy.moml.MoMLSimpleApplication@622381c3
reloadAllAccessors: .1ProdNER1ConsTAR_1516e

===========================================================================================
----------------- testing Mon Jun 06 02:07:43 UTC 2022 /home/travis/build/icyphy/ptII/org/hlacerti/test/auto/1ProdTAR1ConsNER.xml
----------------- Mon Jun 06 02:07:43 UTC 2022 About to sleep for 5.0 seconds before running or rerunning.  Test is: /home/travis/build/icyphy/ptII/org/hlacerti/test/auto/1ProdTAR1ConsNER.xml
Done sleeping
----------------- Instantiating /home/travis/build/icyphy/ptII/org/hlacerti/test/auto/1ProdTAR1ConsNER.xml
HLA version is 1.3.
HLA version is 1.3.
HLA version is 1.3.
HLA version is 1.3.
HLA version is 1.3.
HLA version is 1.3.
Federate: consTN - Federation: TestTARNER - preinitialize() - CERTI_FOM_PATH = /home/travis/pthla/certi-tools/share/federations
Federate: consTN - Federation: TestTARNER - Creating RTI Ambassador
Federate: consTN - Federation: TestTARNER - preinitialize() - **** No RTI running.
Federate: consTN - Federation: TestTARNER - preinitialize() - Launching CERTI RTI  in directory /home/travis/build/icyphy/ptII/org/hlacerti/test
CertiRtig: the os.name property is: Linux
CertiRtig: .cons1Signal.HlaManager: About to invoke rtig: 
command: [/bin/bash, -c, /home/travis/pthla/certi-tools/bin/rtig]
environment: [LD_LIBRARY_PATH=/home/travis/pthla/certi-tools/lib:/home/travis/pthla/certi-tools/lib:/usr/lib/jni:/usr/local/share/OpenCV/java/:/usr/share/OpenCV/java:, CERTI_FOM_PATH=/home/travis/pthla/certi-tools/share/federations]
directory: /home/travis/build/icyphy/ptII/org/hlacerti/test/auto/FederatesDifferentTimeManagement/1ProdTAR1ConsNER
Federate: consTN - Federation: TestTARNER - RTI launched.
Federate: consTN - Federation: TestTARNER - Creating RTI Ambassador
Federate: consTN - Federation: TestTARNER - RTI Ambassador created.
Federate: consTN - Federation: TestTARNER - Creating Federation execution.
Federate: consTN - Federation: TestTARNER - createFederationExecution: FED file on RTIG machine = Signal.fed
Federate: consTN - Federation: TestTARNER - Joining the federation.
Federate: consTN - Federation: TestTARNER - initialize() - federation joined
Federate: consTN - Federation: TestTARNER - Initializing the RTI Ambassador
Federate: consTN - Federation: TestTARNER - RTI Ambassador initialized.
Federate: prodTN - Federation: TestTARNER - preinitialize() - CERTI_FOM_PATH = /home/travis/pthla/certi-tools/share/federations
Federate: prodTN - Federation: TestTARNER - Creating RTI Ambassador
Federate: prodTN - Federation: TestTARNER - RTI Ambassador created.
Federate: prodTN - Federation: TestTARNER - Creating Federation execution.
Federate: prodTN - Federation: TestTARNER - initialize() - Federation execution already exists. No need to create one.
Federate: prodTN - Federation: TestTARNER - Joining the federation.
Federate: prodTN - Federation: TestTARNER - initialize() - federation joined
Federate: prodTN - Federation: TestTARNER - Initializing the RTI Ambassador
Federate: prodTN - Federation: TestTARNER - RTI Ambassador initialized.
Federate: prodTN - Federation: TestTARNER - wrapup() - Unsubscribing to HLA attributes.
Federate: prodTN - Federation: TestTARNER - wrapup() - Unpublishing HLA attributes.
Federate: prodTN - Federation: TestTARNER - wrapup() - Resigning Federation execution
Federate: prodTN - Federation: TestTARNER - wrapup() - Resigned Federation execution
Federate: prodTN - Federation: TestTARNER - ----------------------- End execution.
47 ms. Memory: 129024K Free: 89214K (69%)
Federate: consTN - Federation: TestTARNER - wrapup() - Unsubscribing to HLA attributes.
Federate: consTN - Federation: TestTARNER - wrapup() - Unpublishing HLA attributes.
Federate: consTN - Federation: TestTARNER - wrapup() - Resigning Federation execution
Federate: consTN - Federation: TestTARNER - wrapup() - Resigned Federation execution
Federate: consTN - Federation: TestTARNER - wrapup() - Destroying the federation.
Federate: consTN - Federation: TestTARNER - wrapup() - Federation destroyed by this federate.
Federate: consTN - Federation: TestTARNER - **** Killing the RTIG process (if authorized by the system)
CertiRtig: .cons1Signal.HlaManager: About to terminate RTIG by sending it SIGINT.
Federate: consTN - Federation: TestTARNER - ----------------------- End execution.
2057 ms. Memory: 129024K Free: 89214K (69%)
2065 ms. Memory: 129024K Free: 89214K (69%)
----------------- Invoking toplevel() on ptolemy.moml.MoMLSimpleApplication@90a07af
----------------- Done invoking toplevel() on ptolemy.moml.MoMLSimpleApplication@90a07af
reloadAllAccessors: .1ProdTAR1ConsNER

===========================================================================================
----------------- testing Mon Jun 06 02:07:50 UTC 2022 /home/travis/build/icyphy/ptII/org/hlacerti/test/auto/1ProdTAR1ConsNER_1516.xml
----------------- Mon Jun 06 02:07:50 UTC 2022 About to sleep for 5.0 seconds before running or rerunning.  Test is: /home/travis/build/icyphy/ptII/org/hlacerti/test/auto/1ProdTAR1ConsNER_1516.xml
Done sleeping
----------------- Instantiating /home/travis/build/icyphy/ptII/org/hlacerti/test/auto/1ProdTAR1ConsNER_1516.xml
HLA version is 1516-2010.
HLA version is 1516-2010.
HLA version is 1516-2010.
HLA version is 1516-2010.
Federate: consTN1516 - Federation: TestTARNER1516 - preinitialize() - CERTI_FOM_PATH = /home/travis/pthla/certi-tools/share/federations
Value of launch rtig : true
Federate: consTN1516 - Federation: TestTARNER1516 - Creating RTI Ambassador
Federate: consTN1516 - Federation: TestTARNER1516 - preinitialize() - **** No RTI running.
Federate: consTN1516 - Federation: TestTARNER1516 - preinitialize() - Launching CERTI RTI  in directory /home/travis/build/icyphy/ptII/org/hlacerti/test
CertiRtig: the os.name property is: Linux
CertiRtig: .cons1Signal.HlaManager: About to invoke rtig: 
command: [/bin/bash, -c, /home/travis/pthla/certi-tools/bin/rtig]
environment: [LD_LIBRARY_PATH=/home/travis/pthla/certi-tools/lib:/home/travis/pthla/certi-tools/lib:/usr/lib/jni:/usr/local/share/OpenCV/java/:/usr/share/OpenCV/java:, CERTI_FOM_PATH=/home/travis/pthla/certi-tools/share/federations]
directory: /home/travis/build/icyphy/ptII/org/hlacerti/test/auto/FederatesDifferentTimeManagement_1516/1ProdTAR1ConsNER
Federate: consTN1516 - Federation: TestTARNER1516 - RTI launched.
Federate: consTN1516 - Federation: TestTARNER1516 - Creating RTI Ambassador
Federate: consTN1516 - Federation: TestTARNER1516 - RTI Ambassador created.
Federate: consTN1516 - Federation: TestTARNER1516 - Creating Federation execution.
Federate: consTN1516 - Federation: TestTARNER1516 - createFederationExecution: FED file on RTIG machine = Signal.xml
Federate: consTN1516 - Federation: TestTARNER1516 - Joining the federation.
Federate: consTN1516 - Federation: TestTARNER1516 - initialize() - federation joined
Federate: consTN1516 - Federation: TestTARNER1516 - Initializing the RTI Ambassador
Federate: consTN1516 - Federation: TestTARNER1516 - RTI Ambassador initialized.
Federate: consTN1516 - Federation: TestTARNER1516 - Time Aspects initialized.
Federate: consTN1516 - Federation: TestTARNER1516 - isSynchronizationPointRegister : false
Federate: prodTN1516 - Federation: TestTARNER1516 - preinitialize() - CERTI_FOM_PATH = /home/travis/pthla/certi-tools/share/federations
Value of launch rtig : false
Federate: prodTN1516 - Federation: TestTARNER1516 - Creating RTI Ambassador
Federate: prodTN1516 - Federation: TestTARNER1516 - RTI Ambassador created.
Federate: prodTN1516 - Federation: TestTARNER1516 - Creating Federation execution.
Federate: prodTN1516 - Federation: TestTARNER1516 - initialize() - Federation execution already exists. No need to create one.
Federate: prodTN1516 - Federation: TestTARNER1516 - Joining the federation.
Federate: prodTN1516 - Federation: TestTARNER1516 - initialize() - federation joined
Federate: prodTN1516 - Federation: TestTARNER1516 - Initializing the RTI Ambassador
Federate: prodTN1516 - Federation: TestTARNER1516 - RTI Ambassador initialized.
Federate: prodTN1516 - Federation: TestTARNER1516 - Time Aspects initialized.
Federate: prodTN1516 - Federation: TestTARNER1516 - isSynchronizationPointRegister : true
Federate: prodTN1516 - Federation: TestTARNER1516 - isSynchronizationPointRegister = true
Federate: prodTN1516 - Federation: TestTARNER1516 - announce synchronisation point
Federate: consTN1516 - Federation: TestTARNER1516 - announce synchronisation point
Federate: consTN1516 - Federation: TestTARNER1516 - Synchronization point initialized.
Federate: prodTN1516 - Federation: TestTARNER1516 - Synchronization point initialized.
Federate: consTN1516 - Federation: TestTARNER1516 - attributeHandleSet.size = 1
Federate: consTN1516 - Federation: TestTARNER1516 - --- Attribute id match
Federate: consTN1516 - Federation: TestTARNER1516 - attributeHandleSet.size = 1
Federate: consTN1516 - Federation: TestTARNER1516 - --- Attribute id match
Federate: prodTN1516 - Federation: TestTARNER1516 - wrapup() - Unsubscribing to HLA attributes.
Federate: prodTN1516 - Federation: TestTARNER1516 - wrapup() - Unpublishing HLA attributes.
Federate: prodTN1516 - Federation: TestTARNER1516 - wrapup() - Resigning Federation execution
Federate: consTN1516 - Federation: TestTARNER1516 - attributeHandleSet.size = 1
Federate: consTN1516 - Federation: TestTARNER1516 - --- Attribute id match
Federate: prodTN1516 - Federation: TestTARNER1516 - wrapup() - Resigned Federation execution
Federate: consTN1516 - Federation: TestTARNER1516 - attributeHandleSet.size = 1
Federate: consTN1516 - Federation: TestTARNER1516 - --- Attribute id match
Federate: consTN1516 - Federation: TestTARNER1516 - wrapup() - Unsubscribing to HLA attributes.
Federate: consTN1516 - Federation: TestTARNER1516 - wrapup() - Unpublishing HLA attributes.
Federate: consTN1516 - Federation: TestTARNER1516 - wrapup() - Resigning Federation execution
Federate: consTN1516 - Federation: TestTARNER1516 - wrapup() - Resigned Federation execution
Federate: consTN1516 - Federation: TestTARNER1516 - wrapup() - Destroying the federation.
Federate: consTN1516 - Federation: TestTARNER1516 - wrapup() - Federation destroyed by this federate.
Federate: prodTN1516 - Federation: TestTARNER1516 - ----------------------- End execution.
166 ms. Memory: 129024K Free: 71162K (55%)
Federate: consTN1516 - Federation: TestTARNER1516 - **** Killing the RTIG process (if authorized by the system)
CertiRtig: .cons1Signal.HlaManager: About to terminate RTIG by sending it SIGINT.
Federate: consTN1516 - Federation: TestTARNER1516 - ----------------------- End execution.
2082 ms. Memory: 129024K Free: 71162K (55%)
2090 ms. Memory: 129024K Free: 71162K (55%)
----------------- Invoking toplevel() on ptolemy.moml.MoMLSimpleApplication@69306c11
----------------- Done invoking toplevel() on ptolemy.moml.MoMLSimpleApplication@69306c11
reloadAllAccessors: .1ProdTAR1ConsNER_1516

===========================================================================================
----------------- testing Mon Jun 06 02:07:57 UTC 2022 /home/travis/build/icyphy/ptII/org/hlacerti/test/auto/1ProdTAR1ConsTAR.xml
----------------- Mon Jun 06 02:07:57 UTC 2022 About to sleep for 5.0 seconds before running or rerunning.  Test is: /home/travis/build/icyphy/ptII/org/hlacerti/test/auto/1ProdTAR1ConsTAR.xml
Done sleeping
----------------- Instantiating /home/travis/build/icyphy/ptII/org/hlacerti/test/auto/1ProdTAR1ConsTAR.xml
HLA version is 1.3.
HLA version is 1.3.
HLA version is 1.3.
HLA version is 1.3.
HLA version is 1.3.
HLA version is 1.3.
Federate: consTT - Federation: testTarTar - preinitialize() - CERTI_FOM_PATH = /home/travis/pthla/certi-tools/share/federations
Federate: consTT - Federation: testTarTar - Creating RTI Ambassador
Federate: consTT - Federation: testTarTar - preinitialize() - **** No RTI running.
Federate: consTT - Federation: testTarTar - preinitialize() - Launching CERTI RTI  in directory /home/travis/build/icyphy/ptII/org/hlacerti/test
CertiRtig: the os.name property is: Linux
CertiRtig: .cons1Signal.HlaManager: About to invoke rtig: 
command: [/bin/bash, -c, /home/travis/pthla/certi-tools/bin/rtig]
environment: [LD_LIBRARY_PATH=/home/travis/pthla/certi-tools/lib:/home/travis/pthla/certi-tools/lib:/usr/lib/jni:/usr/local/share/OpenCV/java/:/usr/share/OpenCV/java:, CERTI_FOM_PATH=/home/travis/pthla/certi-tools/share/federations]
directory: /home/travis/build/icyphy/ptII/org/hlacerti/test/auto/FederatesDifferentTimeManagement/1ProdTAR1ConsTAR
Federate: consTT - Federation: testTarTar - RTI launched.
Federate: consTT - Federation: testTarTar - Creating RTI Ambassador
Federate: consTT - Federation: testTarTar - RTI Ambassador created.
Federate: consTT - Federation: testTarTar - Creating Federation execution.
Federate: consTT - Federation: testTarTar - createFederationExecution: FED file on RTIG machine = Signal.fed
Federate: consTT - Federation: testTarTar - Joining the federation.
Federate: consTT - Federation: testTarTar - initialize() - federation joined
Federate: consTT - Federation: testTarTar - Initializing the RTI Ambassador
Federate: consTT - Federation: testTarTar - RTI Ambassador initialized.
Federate: prodTT - Federation: testTarTar - preinitialize() - CERTI_FOM_PATH = /home/travis/pthla/certi-tools/share/federations
Federate: prodTT - Federation: testTarTar - Creating RTI Ambassador
Federate: prodTT - Federation: testTarTar - RTI Ambassador created.
Federate: prodTT - Federation: testTarTar - Creating Federation execution.
Federate: prodTT - Federation: testTarTar - initialize() - Federation execution already exists. No need to create one.
Federate: prodTT - Federation: testTarTar - Joining the federation.
Federate: prodTT - Federation: testTarTar - initialize() - federation joined
Federate: prodTT - Federation: testTarTar - Initializing the RTI Ambassador
Federate: prodTT - Federation: testTarTar - RTI Ambassador initialized.
Federate: prodTT - Federation: testTarTar - wrapup() - Unsubscribing to HLA attributes.
Federate: prodTT - Federation: testTarTar - wrapup() - Unpublishing HLA attributes.
Federate: prodTT - Federation: testTarTar - wrapup() - Resigning Federation execution
Federate: prodTT - Federation: testTarTar - wrapup() - Resigned Federation execution
Federate: prodTT - Federation: testTarTar - ----------------------- End execution.
35 ms. Memory: 129024K Free: 102305K (79%)
Federate: consTT - Federation: testTarTar - wrapup() - Unsubscribing to HLA attributes.
Federate: consTT - Federation: testTarTar - wrapup() - Unpublishing HLA attributes.
Federate: consTT - Federation: testTarTar - wrapup() - Resigning Federation execution
Federate: consTT - Federation: testTarTar - wrapup() - Resigned Federation execution
Federate: consTT - Federation: testTarTar - wrapup() - Destroying the federation.
Federate: consTT - Federation: testTarTar - wrapup() - Federation destroyed by this federate.
Federate: consTT - Federation: testTarTar - **** Killing the RTIG process (if authorized by the system)
CertiRtig: .cons1Signal.HlaManager: About to terminate RTIG by sending it SIGINT.
Federate: consTT - Federation: testTarTar - ----------------------- End execution.
2057 ms. Memory: 129024K Free: 102303K (79%)
2040 ms. Memory: 129024K Free: 102303K (79%)
----------------- Invoking toplevel() on ptolemy.moml.MoMLSimpleApplication@4137dc28
----------------- Done invoking toplevel() on ptolemy.moml.MoMLSimpleApplication@4137dc28
reloadAllAccessors: .1ProdTAR1ConsTAR

===========================================================================================
----------------- testing Mon Jun 06 02:08:04 UTC 2022 /home/travis/build/icyphy/ptII/org/hlacerti/test/auto/1ProdTAR1ConsTAR_1516.xml
----------------- Mon Jun 06 02:08:04 UTC 2022 About to sleep for 5.0 seconds before running or rerunning.  Test is: /home/travis/build/icyphy/ptII/org/hlacerti/test/auto/1ProdTAR1ConsTAR_1516.xml
Done sleeping
----------------- Instantiating /home/travis/build/icyphy/ptII/org/hlacerti/test/auto/1ProdTAR1ConsTAR_1516.xml
HLA version is 1516-2010.
HLA version is 1516-2010.
HLA version is 1516-2010.
HLA version is 1516-2010.
Federate: consTT1516 - Federation: testTarTar1516 - preinitialize() - CERTI_FOM_PATH = /home/travis/pthla/certi-tools/share/federations
Value of launch rtig : true
Federate: consTT1516 - Federation: testTarTar1516 - Creating RTI Ambassador
Federate: consTT1516 - Federation: testTarTar1516 - preinitialize() - **** No RTI running.
Federate: consTT1516 - Federation: testTarTar1516 - preinitialize() - Launching CERTI RTI  in directory /home/travis/build/icyphy/ptII/org/hlacerti/test
CertiRtig: the os.name property is: Linux
CertiRtig: .cons1Signal.HlaManager: About to invoke rtig: 
command: [/bin/bash, -c, /home/travis/pthla/certi-tools/bin/rtig]
environment: [LD_LIBRARY_PATH=/home/travis/pthla/certi-tools/lib:/home/travis/pthla/certi-tools/lib:/usr/lib/jni:/usr/local/share/OpenCV/java/:/usr/share/OpenCV/java:, CERTI_FOM_PATH=/home/travis/pthla/certi-tools/share/federations]
directory: /home/travis/build/icyphy/ptII/org/hlacerti/test/auto/FederatesDifferentTimeManagement_1516/1ProdTAR1ConsTAR
Federate: consTT1516 - Federation: testTarTar1516 - RTI launched.
Federate: consTT1516 - Federation: testTarTar1516 - Creating RTI Ambassador
Federate: consTT1516 - Federation: testTarTar1516 - RTI Ambassador created.
Federate: consTT1516 - Federation: testTarTar1516 - Creating Federation execution.
Federate: consTT1516 - Federation: testTarTar1516 - createFederationExecution: FED file on RTIG machine = Signal.xml
Federate: consTT1516 - Federation: testTarTar1516 - Joining the federation.
Federate: consTT1516 - Federation: testTarTar1516 - initialize() - federation joined
Federate: consTT1516 - Federation: testTarTar1516 - Initializing the RTI Ambassador
Federate: consTT1516 - Federation: testTarTar1516 - RTI Ambassador initialized.
Federate: consTT1516 - Federation: testTarTar1516 - Time Aspects initialized.
Federate: consTT1516 - Federation: testTarTar1516 - isSynchronizationPointRegister : false
Federate: prodTT1516 - Federation: testTarTar1516 - preinitialize() - CERTI_FOM_PATH = /home/travis/pthla/certi-tools/share/federations
Value of launch rtig : false
Federate: prodTT1516 - Federation: testTarTar1516 - Creating RTI Ambassador
Federate: prodTT1516 - Federation: testTarTar1516 - RTI Ambassador created.
Federate: prodTT1516 - Federation: testTarTar1516 - Creating Federation execution.
Federate: prodTT1516 - Federation: testTarTar1516 - initialize() - Federation execution already exists. No need to create one.
Federate: prodTT1516 - Federation: testTarTar1516 - Joining the federation.
Federate: prodTT1516 - Federation: testTarTar1516 - initialize() - federation joined
Federate: prodTT1516 - Federation: testTarTar1516 - Initializing the RTI Ambassador
Federate: prodTT1516 - Federation: testTarTar1516 - RTI Ambassador initialized.
Federate: prodTT1516 - Federation: testTarTar1516 - Time Aspects initialized.
Federate: prodTT1516 - Federation: testTarTar1516 - isSynchronizationPointRegister : true
Federate: prodTT1516 - Federation: testTarTar1516 - isSynchronizationPointRegister = true
Federate: consTT1516 - Federation: testTarTar1516 - announce synchronisation point
Federate: prodTT1516 - Federation: testTarTar1516 - announce synchronisation point
Federate: consTT1516 - Federation: testTarTar1516 - Synchronization point initialized.
Federate: prodTT1516 - Federation: testTarTar1516 - Synchronization point initialized.
Federate: consTT1516 - Federation: testTarTar1516 - attributeHandleSet.size = 1
Federate: consTT1516 - Federation: testTarTar1516 - --- Attribute id match
Federate: consTT1516 - Federation: testTarTar1516 - attributeHandleSet.size = 1
Federate: consTT1516 - Federation: testTarTar1516 - --- Attribute id match
Federate: prodTT1516 - Federation: testTarTar1516 - wrapup() - Unsubscribing to HLA attributes.
Federate: prodTT1516 - Federation: testTarTar1516 - wrapup() - Unpublishing HLA attributes.
Federate: prodTT1516 - Federation: testTarTar1516 - wrapup() - Resigning Federation execution
Federate: consTT1516 - Federation: testTarTar1516 - attributeHandleSet.size = 1
Federate: consTT1516 - Federation: testTarTar1516 - --- Attribute id match
Federate: consTT1516 - Federation: testTarTar1516 - attributeHandleSet.size = 1
Federate: consTT1516 - Federation: testTarTar1516 - --- Attribute id match
Federate: consTT1516 - Federation: testTarTar1516 - wrapup() - Unsubscribing to HLA attributes.
Federate: consTT1516 - Federation: testTarTar1516 - wrapup() - Unpublishing HLA attributes.
Federate: consTT1516 - Federation: testTarTar1516 - wrapup() - Resigning Federation execution
Federate: consTT1516 - Federation: testTarTar1516 - wrapup() - Resigned Federation execution
Federate: consTT1516 - Federation: testTarTar1516 - wrapup() - Destroying the federation.
Federate: consTT1516 - Federation: testTarTar1516 - wrapup() - Federation destroyed by this federate.
Federate: prodTT1516 - Federation: testTarTar1516 - wrapup() - Resigned Federation execution
Federate: prodTT1516 - Federation: testTarTar1516 - ----------------------- End execution.
43 ms. Memory: 129024K Free: 83677K (65%)
Federate: consTT1516 - Federation: testTarTar1516 - **** Killing the RTIG process (if authorized by the system)
CertiRtig: .cons1Signal.HlaManager: About to terminate RTIG by sending it SIGINT.
Federate: consTT1516 - Federation: testTarTar1516 - ----------------------- End execution.
2142 ms. Memory: 129024K Free: 83677K (65%)
2157 ms. Memory: 129024K Free: 83677K (65%)
----------------- Invoking toplevel() on ptolemy.moml.MoMLSimpleApplication@43d61b76
----------------- Done invoking toplevel() on ptolemy.moml.MoMLSimpleApplication@43d61b76
reloadAllAccessors: .1ProdTAR1ConsTAR_1516

===========================================================================================
----------------- testing Mon Jun 06 02:08:11 UTC 2022 /home/travis/build/icyphy/ptII/org/hlacerti/test/auto/1PublisherBadAttributeN.xml
----------------- Mon Jun 06 02:08:11 UTC 2022 About to sleep for 5.0 seconds before running or rerunning.  Test is: /home/travis/build/icyphy/ptII/org/hlacerti/test/auto/1PublisherBadAttributeN.xml
Done sleeping
----------------- Instantiating /home/travis/build/icyphy/ptII/org/hlacerti/test/auto/1PublisherBadAttributeN.xml
HLA version is 1.3.
HLA version is 1.3.
Federate: BadAttributeN - Federation: PublisherBadAttributeName - preinitialize() - CERTI_FOM_PATH = /home/travis/pthla/certi-tools/share/federations
Federate: BadAttributeN - Federation: PublisherBadAttributeName - Creating RTI Ambassador
Federate: BadAttributeN - Federation: PublisherBadAttributeName - preinitialize() - **** No RTI running.
Federate: BadAttributeN - Federation: PublisherBadAttributeName - preinitialize() - Launching CERTI RTI  in directory /home/travis/build/icyphy/ptII/org/hlacerti/test
CertiRtig: the os.name property is: Linux
CertiRtig: .1PublisherBadAttributeN.HlaManager: About to invoke rtig: 
command: [/bin/bash, -c, /home/travis/pthla/certi-tools/bin/rtig]
environment: [LD_LIBRARY_PATH=/home/travis/pthla/certi-tools/lib:/home/travis/pthla/certi-tools/lib:/usr/lib/jni:/usr/local/share/OpenCV/java/:/usr/share/OpenCV/java:, CERTI_FOM_PATH=/home/travis/pthla/certi-tools/share/federations]
directory: /home/travis/build/icyphy/ptII/org/hlacerti/test/auto/FEDfiles
Federate: BadAttributeN - Federation: PublisherBadAttributeName - RTI launched.
Federate: BadAttributeN - Federation: PublisherBadAttributeName - Creating RTI Ambassador
Federate: BadAttributeN - Federation: PublisherBadAttributeName - RTI Ambassador created.
Federate: BadAttributeN - Federation: PublisherBadAttributeName - Creating Federation execution.
Federate: BadAttributeN - Federation: PublisherBadAttributeName - createFederationExecution: FED file on RTIG machine = 1PublisherBadAttributeName.fed
Federate: BadAttributeN - Federation: PublisherBadAttributeName - Joining the federation.
Federate: BadAttributeN - Federation: PublisherBadAttributeName - initialize() - federation joined
Federate: BadAttributeN - Federation: PublisherBadAttributeName - Initializing the RTI Ambassador
Federate: BadAttributeN - Federation: PublisherBadAttributeName - wrapup() - Unsubscribing to HLA attributes.
Federate: BadAttributeN - Federation: PublisherBadAttributeName - wrapup() - Unpublishing HLA attributes.
Federate: BadAttributeN - Federation: PublisherBadAttributeName - wrapup() - Resigning Federation execution
Federate: BadAttributeN - Federation: PublisherBadAttributeName - wrapup() - Resigned Federation execution
Federate: BadAttributeN - Federation: PublisherBadAttributeName - wrapup() - Destroying the federation.
Federate: BadAttributeN - Federation: PublisherBadAttributeName - wrapup() - Federation destroyed by this federate.
Federate: BadAttributeN - Federation: PublisherBadAttributeName - **** Killing the RTIG process (if authorized by the system)
CertiRtig: .1PublisherBadAttributeN.HlaManager: About to terminate RTIG by sending it SIGINT.
Federate: BadAttributeN - Federation: PublisherBadAttributeName - ----------------------- End execution.
.1PublisherBadAttributeN.TestExceptionAttribute: initialize() was not invoked, but wrapup() was.  This is unusual, but not always a problem.  For example, exporting JNLP will do this.
1549 ms. Memory: 129024K Free: 76509K (59%)
----------------- Invoking toplevel() on ptolemy.moml.MoMLSimpleApplication@7894ed93
----------------- Done invoking toplevel() on ptolemy.moml.MoMLSimpleApplication@7894ed93
reloadAllAccessors: .1PublisherBadAttributeN

===========================================================================================
----------------- testing Mon Jun 06 02:08:18 UTC 2022 /home/travis/build/icyphy/ptII/org/hlacerti/test/auto/1PublisherBadAttributeN_1516.xml
----------------- Mon Jun 06 02:08:18 UTC 2022 About to sleep for 5.0 seconds before running or rerunning.  Test is: /home/travis/build/icyphy/ptII/org/hlacerti/test/auto/1PublisherBadAttributeN_1516.xml
Done sleeping
----------------- Instantiating /home/travis/build/icyphy/ptII/org/hlacerti/test/auto/1PublisherBadAttributeN_1516.xml
HLA version is 1516-2010.
HLA version is 1516-2010.
Federate: BadAttributeN1516 - Federation: 1PublisherBadAttributeName1516 - preinitialize() - CERTI_FOM_PATH = /home/travis/pthla/certi-tools/share/federations
Value of launch rtig : true
Federate: BadAttributeN1516 - Federation: 1PublisherBadAttributeName1516 - Creating RTI Ambassador
Federate: BadAttributeN1516 - Federation: 1PublisherBadAttributeName1516 - preinitialize() - **** No RTI running.
Federate: BadAttributeN1516 - Federation: 1PublisherBadAttributeName1516 - preinitialize() - Launching CERTI RTI  in directory /home/travis/build/icyphy/ptII/org/hlacerti/test
CertiRtig: the os.name property is: Linux
CertiRtig: .1PublisherBadAttributeN_1516.HlaManager: About to invoke rtig: 
command: [/bin/bash, -c, /home/travis/pthla/certi-tools/bin/rtig]
environment: [LD_LIBRARY_PATH=/home/travis/pthla/certi-tools/lib:/home/travis/pthla/certi-tools/lib:/usr/lib/jni:/usr/local/share/OpenCV/java/:/usr/share/OpenCV/java:, CERTI_FOM_PATH=/home/travis/pthla/certi-tools/share/federations]
directory: /home/travis/build/icyphy/ptII/org/hlacerti/test/auto
Federate: BadAttributeN1516 - Federation: 1PublisherBadAttributeName1516 - RTI launched.
Federate: BadAttributeN1516 - Federation: 1PublisherBadAttributeName1516 - Creating RTI Ambassador
Federate: BadAttributeN1516 - Federation: 1PublisherBadAttributeName1516 - RTI Ambassador created.
Federate: BadAttributeN1516 - Federation: 1PublisherBadAttributeName1516 - Creating Federation execution.
Federate: BadAttributeN1516 - Federation: 1PublisherBadAttributeName1516 - createFederationExecution: RTIG failed to open FED file: 1PublisherBadAttributeName.xml
Federate: BadAttributeN1516 - Federation: 1PublisherBadAttributeName1516 - wrapup() - Unsubscribing to HLA attributes.
Federate: BadAttributeN1516 - Federation: 1PublisherBadAttributeName1516 - wrapup() - Unpublishing HLA attributes.
Federate: BadAttributeN1516 - Federation: 1PublisherBadAttributeName1516 - wrapup() - Resigning Federation execution
Federate: BadAttributeN1516 - Federation: 1PublisherBadAttributeName1516 - wrapup() - RTIexception.
Federate: BadAttributeN1516 - Federation: 1PublisherBadAttributeName1516 - **** Killing the RTIG process (if authorized by the system)
CertiRtig: .1PublisherBadAttributeN_1516.HlaManager: About to terminate RTIG by sending it SIGINT.
Federate: BadAttributeN1516 - Federation: 1PublisherBadAttributeName1516 - ----------------------- End execution.
.1PublisherBadAttributeN_1516.TestExceptionAttribute: initialize() was not invoked, but wrapup() was.  This is unusual, but not always a problem.  For example, exporting JNLP will do this.
1658 ms. Memory: 129024K Free: 69757K (54%)

===========================================================================================
----------------- testing Mon Jun 06 02:08:24 UTC 2022 /home/travis/build/icyphy/ptII/org/hlacerti/test/auto/1PublisherBadClassN.xml
----------------- Mon Jun 06 02:08:24 UTC 2022 About to sleep for 5.0 seconds before running or rerunning.  Test is: /home/travis/build/icyphy/ptII/org/hlacerti/test/auto/1PublisherBadClassN.xml
Done sleeping
----------------- Instantiating /home/travis/build/icyphy/ptII/org/hlacerti/test/auto/1PublisherBadClassN.xml
HLA version is 1.3.
HLA version is 1.3.
Federate: BadClassN - Federation: PublisherBadClassName - preinitialize() - CERTI_FOM_PATH = /home/travis/pthla/certi-tools/share/federations
Federate: BadClassN - Federation: PublisherBadClassName - Creating RTI Ambassador
Federate: BadClassN - Federation: PublisherBadClassName - preinitialize() - **** No RTI running.
Federate: BadClassN - Federation: PublisherBadClassName - preinitialize() - Launching CERTI RTI  in directory /home/travis/build/icyphy/ptII/org/hlacerti/test
CertiRtig: the os.name property is: Linux
CertiRtig: .1PublisherBadClassN.HlaManager: About to invoke rtig: 
command: [/bin/bash, -c, /home/travis/pthla/certi-tools/bin/rtig]
environment: [LD_LIBRARY_PATH=/home/travis/pthla/certi-tools/lib:/home/travis/pthla/certi-tools/lib:/usr/lib/jni:/usr/local/share/OpenCV/java/:/usr/share/OpenCV/java:, CERTI_FOM_PATH=/home/travis/pthla/certi-tools/share/federations]
directory: /home/travis/build/icyphy/ptII/org/hlacerti/test/auto/FEDfiles
Federate: BadClassN - Federation: PublisherBadClassName - RTI launched.
Federate: BadClassN - Federation: PublisherBadClassName - Creating RTI Ambassador
Federate: BadClassN - Federation: PublisherBadClassName - RTI Ambassador created.
Federate: BadClassN - Federation: PublisherBadClassName - Creating Federation execution.
Federate: BadClassN - Federation: PublisherBadClassName - createFederationExecution: FED file on RTIG machine = 1PublisherBadClassName.fed
Federate: BadClassN - Federation: PublisherBadClassName - Joining the federation.
Federate: BadClassN - Federation: PublisherBadClassName - initialize() - federation joined
Federate: BadClassN - Federation: PublisherBadClassName - Initializing the RTI Ambassador
Federate: BadClassN - Federation: PublisherBadClassName - wrapup() - Unsubscribing to HLA attributes.
Federate: BadClassN - Federation: PublisherBadClassName - wrapup() - Unpublishing HLA attributes.
Federate: BadClassN - Federation: PublisherBadClassName - wrapup() - Resigning Federation execution
Federate: BadClassN - Federation: PublisherBadClassName - wrapup() - Resigned Federation execution
Federate: BadClassN - Federation: PublisherBadClassName - wrapup() - Destroying the federation.
Federate: BadClassN - Federation: PublisherBadClassName - wrapup() - Federation destroyed by this federate.
Federate: BadClassN - Federation: PublisherBadClassName - **** Killing the RTIG process (if authorized by the system)
CertiRtig: .1PublisherBadClassN.HlaManager: About to terminate RTIG by sending it SIGINT.
Federate: BadClassN - Federation: PublisherBadClassName - ----------------------- End execution.
.1PublisherBadClassN.TestExceptionAttribute: initialize() was not invoked, but wrapup() was.  This is unusual, but not always a problem.  For example, exporting JNLP will do this.
1525 ms. Memory: 129024K Free: 62793K (49%)
----------------- Invoking toplevel() on ptolemy.moml.MoMLSimpleApplication@52703a64
----------------- Done invoking toplevel() on ptolemy.moml.MoMLSimpleApplication@52703a64
reloadAllAccessors: .1PublisherBadClassN

===========================================================================================
----------------- testing Mon Jun 06 02:08:31 UTC 2022 /home/travis/build/icyphy/ptII/org/hlacerti/test/auto/1PublisherBadClassN_1516.xml
----------------- Mon Jun 06 02:08:31 UTC 2022 About to sleep for 5.0 seconds before running or rerunning.  Test is: /home/travis/build/icyphy/ptII/org/hlacerti/test/auto/1PublisherBadClassN_1516.xml
Done sleeping
----------------- Instantiating /home/travis/build/icyphy/ptII/org/hlacerti/test/auto/1PublisherBadClassN_1516.xml
HLA version is 1516-2010.
HLA version is 1516-2010.
Federate: BadClassN1516 - Federation: 1PublisherBadClassName1516 - preinitialize() - CERTI_FOM_PATH = /home/travis/pthla/certi-tools/share/federations
Value of launch rtig : true
Federate: BadClassN1516 - Federation: 1PublisherBadClassName1516 - Creating RTI Ambassador
Federate: BadClassN1516 - Federation: 1PublisherBadClassName1516 - preinitialize() - **** No RTI running.
Federate: BadClassN1516 - Federation: 1PublisherBadClassName1516 - preinitialize() - Launching CERTI RTI  in directory /home/travis/build/icyphy/ptII/org/hlacerti/test
CertiRtig: the os.name property is: Linux
CertiRtig: .1PublisherBadClassN_1516.HlaManager: About to invoke rtig: 
command: [/bin/bash, -c, /home/travis/pthla/certi-tools/bin/rtig]
environment: [LD_LIBRARY_PATH=/home/travis/pthla/certi-tools/lib:/home/travis/pthla/certi-tools/lib:/usr/lib/jni:/usr/local/share/OpenCV/java/:/usr/share/OpenCV/java:, CERTI_FOM_PATH=/home/travis/pthla/certi-tools/share/federations]
directory: /home/travis/build/icyphy/ptII/org/hlacerti/test/auto/FEDfiles
Federate: BadClassN1516 - Federation: 1PublisherBadClassName1516 - RTI launched.
Federate: BadClassN1516 - Federation: 1PublisherBadClassName1516 - Creating RTI Ambassador
Federate: BadClassN1516 - Federation: 1PublisherBadClassName1516 - RTI Ambassador created.
Federate: BadClassN1516 - Federation: 1PublisherBadClassName1516 - Creating Federation execution.
Federate: BadClassN1516 - Federation: 1PublisherBadClassName1516 - createFederationExecution: FED file on RTIG machine = 1PublisherBadClassName.xml
Federate: BadClassN1516 - Federation: 1PublisherBadClassName1516 - Joining the federation.
Federate: BadClassN1516 - Federation: 1PublisherBadClassName1516 - initialize() - federation joined
Federate: BadClassN1516 - Federation: 1PublisherBadClassName1516 - Initializing the RTI Ambassador
Federate: BadClassN1516 - Federation: 1PublisherBadClassName1516 - wrapup() - Unsubscribing to HLA attributes.
Federate: BadClassN1516 - Federation: 1PublisherBadClassName1516 - wrapup() - Unpublishing HLA attributes.
Federate: BadClassN1516 - Federation: 1PublisherBadClassName1516 - wrapup() - Resigning Federation execution
Federate: BadClassN1516 - Federation: 1PublisherBadClassName1516 - wrapup() - Resigned Federation execution
Federate: BadClassN1516 - Federation: 1PublisherBadClassName1516 - wrapup() - Destroying the federation.
Federate: BadClassN1516 - Federation: 1PublisherBadClassName1516 - wrapup() - Federation destroyed by this federate.
Federate: BadClassN1516 - Federation: 1PublisherBadClassName1516 - **** Killing the RTIG process (if authorized by the system)
CertiRtig: .1PublisherBadClassN_1516.HlaManager: About to terminate RTIG by sending it SIGINT.
Federate: BadClassN1516 - Federation: 1PublisherBadClassName1516 - ----------------------- End execution.
.1PublisherBadClassN_1516.TestExceptionAttribute: initialize() was not invoked, but wrapup() was.  This is unusual, but not always a problem.  For example, exporting JNLP will do this.
1648 ms. Memory: 129024K Free: 56788K (44%)
----------------- Invoking toplevel() on ptolemy.moml.MoMLSimpleApplication@5a3ff6f7
----------------- Done invoking toplevel() on ptolemy.moml.MoMLSimpleApplication@5a3ff6f7
reloadAllAccessors: .1PublisherBadClassN_1516

===========================================================================================
----------------- testing Mon Jun 06 02:08:38 UTC 2022 /home/travis/build/icyphy/ptII/org/hlacerti/test/auto/1SubscriberBadAttributeN.xml
----------------- Mon Jun 06 02:08:38 UTC 2022 About to sleep for 5.0 seconds before running or rerunning.  Test is: /home/travis/build/icyphy/ptII/org/hlacerti/test/auto/1SubscriberBadAttributeN.xml
Done sleeping
----------------- Instantiating /home/travis/build/icyphy/ptII/org/hlacerti/test/auto/1SubscriberBadAttributeN.xml
HLA version is 1.3.
HLA version is 1.3.
Federate: SubsBadAttrN - Federation: SubscriberBadAttributeName - preinitialize() - CERTI_FOM_PATH = /home/travis/pthla/certi-tools/share/federations
Federate: SubsBadAttrN - Federation: SubscriberBadAttributeName - Creating RTI Ambassador
Federate: SubsBadAttrN - Federation: SubscriberBadAttributeName - preinitialize() - **** No RTI running.
Federate: SubsBadAttrN - Federation: SubscriberBadAttributeName - preinitialize() - Launching CERTI RTI  in directory /home/travis/build/icyphy/ptII/org/hlacerti/test
CertiRtig: the os.name property is: Linux
CertiRtig: .1SubscriberBadAttributeN.HlaManager: About to invoke rtig: 
command: [/bin/bash, -c, /home/travis/pthla/certi-tools/bin/rtig]
environment: [LD_LIBRARY_PATH=/home/travis/pthla/certi-tools/lib:/home/travis/pthla/certi-tools/lib:/usr/lib/jni:/usr/local/share/OpenCV/java/:/usr/share/OpenCV/java:, CERTI_FOM_PATH=/home/travis/pthla/certi-tools/share/federations]
directory: /home/travis/build/icyphy/ptII/org/hlacerti/test/auto/FEDfiles
Federate: SubsBadAttrN - Federation: SubscriberBadAttributeName - RTI launched.
Federate: SubsBadAttrN - Federation: SubscriberBadAttributeName - Creating RTI Ambassador
Federate: SubsBadAttrN - Federation: SubscriberBadAttributeName - RTI Ambassador created.
Federate: SubsBadAttrN - Federation: SubscriberBadAttributeName - Creating Federation execution.
Federate: SubsBadAttrN - Federation: SubscriberBadAttributeName - createFederationExecution: FED file on RTIG machine = 1SubscriberBadAttributeName.fed
Federate: SubsBadAttrN - Federation: SubscriberBadAttributeName - Joining the federation.
Federate: SubsBadAttrN - Federation: SubscriberBadAttributeName - initialize() - federation joined
Federate: SubsBadAttrN - Federation: SubscriberBadAttributeName - Initializing the RTI Ambassador
Federate: SubsBadAttrN - Federation: SubscriberBadAttributeName - wrapup() - Unsubscribing to HLA attributes.
Federate: SubsBadAttrN - Federation: SubscriberBadAttributeName - wrapup() - Resigning Federation execution
Federate: SubsBadAttrN - Federation: SubscriberBadAttributeName - wrapup() - Resigned Federation execution
Federate: SubsBadAttrN - Federation: SubscriberBadAttributeName - wrapup() - Destroying the federation.
Federate: SubsBadAttrN - Federation: SubscriberBadAttributeName - wrapup() - Federation destroyed by this federate.
Federate: SubsBadAttrN - Federation: SubscriberBadAttributeName - **** Killing the RTIG process (if authorized by the system)
CertiRtig: .1SubscriberBadAttributeN.HlaManager: About to terminate RTIG by sending it SIGINT.
Federate: SubsBadAttrN - Federation: SubscriberBadAttributeName - ----------------------- End execution.
.1SubscriberBadAttributeN.TestExceptionAttribute: initialize() was not invoked, but wrapup() was.  This is unusual, but not always a problem.  For example, exporting JNLP will do this.
1524 ms. Memory: 129024K Free: 108612K (84%)
----------------- Invoking toplevel() on ptolemy.moml.MoMLSimpleApplication@7e33d291
----------------- Done invoking toplevel() on ptolemy.moml.MoMLSimpleApplication@7e33d291
reloadAllAccessors: .1SubscriberBadAttributeN

===========================================================================================
----------------- testing Mon Jun 06 02:08:44 UTC 2022 /home/travis/build/icyphy/ptII/org/hlacerti/test/auto/1SubscriberBadAttributeN_1516.xml
----------------- Mon Jun 06 02:08:44 UTC 2022 About to sleep for 5.0 seconds before running or rerunning.  Test is: /home/travis/build/icyphy/ptII/org/hlacerti/test/auto/1SubscriberBadAttributeN_1516.xml
Done sleeping
----------------- Instantiating /home/travis/build/icyphy/ptII/org/hlacerti/test/auto/1SubscriberBadAttributeN_1516.xml
HLA version is 1516-2010.
HLA version is 1516-2010.
Federate: 1SubsBadAttrN1516 - Federation: 1SubscriberBadAttributeName1516 - preinitialize() - CERTI_FOM_PATH = /home/travis/pthla/certi-tools/share/federations
Value of launch rtig : true
Federate: 1SubsBadAttrN1516 - Federation: 1SubscriberBadAttributeName1516 - Creating RTI Ambassador
Federate: 1SubsBadAttrN1516 - Federation: 1SubscriberBadAttributeName1516 - preinitialize() - **** No RTI running.
Federate: 1SubsBadAttrN1516 - Federation: 1SubscriberBadAttributeName1516 - preinitialize() - Launching CERTI RTI  in directory /home/travis/build/icyphy/ptII/org/hlacerti/test
CertiRtig: the os.name property is: Linux
CertiRtig: .1SubscriberBadAttributeN_1516.HlaManager: About to invoke rtig: 
command: [/bin/bash, -c, /home/travis/pthla/certi-tools/bin/rtig]
environment: [LD_LIBRARY_PATH=/home/travis/pthla/certi-tools/lib:/home/travis/pthla/certi-tools/lib:/usr/lib/jni:/usr/local/share/OpenCV/java/:/usr/share/OpenCV/java:, CERTI_FOM_PATH=/home/travis/pthla/certi-tools/share/federations]
directory: /home/travis/build/icyphy/ptII/org/hlacerti/test/auto/FEDfiles
Federate: 1SubsBadAttrN1516 - Federation: 1SubscriberBadAttributeName1516 - RTI launched.
Federate: 1SubsBadAttrN1516 - Federation: 1SubscriberBadAttributeName1516 - Creating RTI Ambassador
Federate: 1SubsBadAttrN1516 - Federation: 1SubscriberBadAttributeName1516 - RTI Ambassador created.
Federate: 1SubsBadAttrN1516 - Federation: 1SubscriberBadAttributeName1516 - Creating Federation execution.
Federate: 1SubsBadAttrN1516 - Federation: 1SubscriberBadAttributeName1516 - createFederationExecution: FED file on RTIG machine = 1SubscriberBadAttributeName.xml
Federate: 1SubsBadAttrN1516 - Federation: 1SubscriberBadAttributeName1516 - Joining the federation.
Federate: 1SubsBadAttrN1516 - Federation: 1SubscriberBadAttributeName1516 - initialize() - federation joined
Federate: 1SubsBadAttrN1516 - Federation: 1SubscriberBadAttributeName1516 - Initializing the RTI Ambassador
Federate: 1SubsBadAttrN1516 - Federation: 1SubscriberBadAttributeName1516 - wrapup() - Unsubscribing to HLA attributes.
Federate: 1SubsBadAttrN1516 - Federation: 1SubscriberBadAttributeName1516 - wrapup() - Resigning Federation execution
Federate: 1SubsBadAttrN1516 - Federation: 1SubscriberBadAttributeName1516 - wrapup() - Resigned Federation execution
Federate: 1SubsBadAttrN1516 - Federation: 1SubscriberBadAttributeName1516 - wrapup() - Destroying the federation.
Federate: 1SubsBadAttrN1516 - Federation: 1SubscriberBadAttributeName1516 - wrapup() - Federation destroyed by this federate.
Federate: 1SubsBadAttrN1516 - Federation: 1SubscriberBadAttributeName1516 - **** Killing the RTIG process (if authorized by the system)
CertiRtig: .1SubscriberBadAttributeN_1516.HlaManager: About to terminate RTIG by sending it SIGINT.
Federate: 1SubsBadAttrN1516 - Federation: 1SubscriberBadAttributeName1516 - ----------------------- End execution.
.1SubscriberBadAttributeN_1516.TestExceptionAttribute: initialize() was not invoked, but wrapup() was.  This is unusual, but not always a problem.  For example, exporting JNLP will do this.
1646 ms. Memory: 129024K Free: 102470K (79%)
----------------- Invoking toplevel() on ptolemy.moml.MoMLSimpleApplication@f2ea91f
----------------- Done invoking toplevel() on ptolemy.moml.MoMLSimpleApplication@f2ea91f
reloadAllAccessors: .1SubscriberBadAttributeN_1516

===========================================================================================
----------------- testing Mon Jun 06 02:08:51 UTC 2022 /home/travis/build/icyphy/ptII/org/hlacerti/test/auto/1SubscriberBadClassN.xml
----------------- Mon Jun 06 02:08:51 UTC 2022 About to sleep for 5.0 seconds before running or rerunning.  Test is: /home/travis/build/icyphy/ptII/org/hlacerti/test/auto/1SubscriberBadClassN.xml
Done sleeping
----------------- Instantiating /home/travis/build/icyphy/ptII/org/hlacerti/test/auto/1SubscriberBadClassN.xml
HLA version is 1.3.
HLA version is 1.3.
Federate: SubsBadClassN - Federation: SubscriberBadClassName - preinitialize() - CERTI_FOM_PATH = /home/travis/pthla/certi-tools/share/federations
Federate: SubsBadClassN - Federation: SubscriberBadClassName - Creating RTI Ambassador
Federate: SubsBadClassN - Federation: SubscriberBadClassName - preinitialize() - **** No RTI running.
Federate: SubsBadClassN - Federation: SubscriberBadClassName - preinitialize() - Launching CERTI RTI  in directory /home/travis/build/icyphy/ptII/org/hlacerti/test
CertiRtig: the os.name property is: Linux
CertiRtig: .1SubscriberBadClassN.HlaManager: About to invoke rtig: 
command: [/bin/bash, -c, /home/travis/pthla/certi-tools/bin/rtig]
environment: [LD_LIBRARY_PATH=/home/travis/pthla/certi-tools/lib:/home/travis/pthla/certi-tools/lib:/usr/lib/jni:/usr/local/share/OpenCV/java/:/usr/share/OpenCV/java:, CERTI_FOM_PATH=/home/travis/pthla/certi-tools/share/federations]
directory: /home/travis/build/icyphy/ptII/org/hlacerti/test/auto/FEDfiles
Federate: SubsBadClassN - Federation: SubscriberBadClassName - RTI launched.
Federate: SubsBadClassN - Federation: SubscriberBadClassName - Creating RTI Ambassador
Federate: SubsBadClassN - Federation: SubscriberBadClassName - RTI Ambassador created.
Federate: SubsBadClassN - Federation: SubscriberBadClassName - Creating Federation execution.
Federate: SubsBadClassN - Federation: SubscriberBadClassName - createFederationExecution: FED file on RTIG machine = 1SubscriberBadClassName.fed
Federate: SubsBadClassN - Federation: SubscriberBadClassName - Joining the federation.
Federate: SubsBadClassN - Federation: SubscriberBadClassName - initialize() - federation joined
Federate: SubsBadClassN - Federation: SubscriberBadClassName - Initializing the RTI Ambassador
Federate: SubsBadClassN - Federation: SubscriberBadClassName - wrapup() - Unsubscribing to HLA attributes.
Federate: SubsBadClassN - Federation: SubscriberBadClassName - wrapup() - Resigning Federation execution
Federate: SubsBadClassN - Federation: SubscriberBadClassName - wrapup() - Resigned Federation execution
Federate: SubsBadClassN - Federation: SubscriberBadClassName - wrapup() - Destroying the federation.
Federate: SubsBadClassN - Federation: SubscriberBadClassName - wrapup() - Federation destroyed by this federate.
Federate: SubsBadClassN - Federation: SubscriberBadClassName - **** Killing the RTIG process (if authorized by the system)
CertiRtig: .1SubscriberBadClassN.HlaManager: About to terminate RTIG by sending it SIGINT.
Federate: SubsBadClassN - Federation: SubscriberBadClassName - ----------------------- End execution.
.1SubscriberBadClassN.TestExceptionAttribute: initialize() was not invoked, but wrapup() was.  This is unusual, but not always a problem.  For example, exporting JNLP will do this.
1523 ms. Memory: 129024K Free: 96624K (75%)
----------------- Invoking toplevel() on ptolemy.moml.MoMLSimpleApplication@7f5f2997
----------------- Done invoking toplevel() on ptolemy.moml.MoMLSimpleApplication@7f5f2997
reloadAllAccessors: .1SubscriberBadClassN

===========================================================================================
----------------- testing Mon Jun 06 02:08:57 UTC 2022 /home/travis/build/icyphy/ptII/org/hlacerti/test/auto/1SubscriberBadClassN_1516.xml
----------------- Mon Jun 06 02:08:57 UTC 2022 About to sleep for 5.0 seconds before running or rerunning.  Test is: /home/travis/build/icyphy/ptII/org/hlacerti/test/auto/1SubscriberBadClassN_1516.xml
Done sleeping
----------------- Instantiating /home/travis/build/icyphy/ptII/org/hlacerti/test/auto/1SubscriberBadClassN_1516.xml
HLA version is 1516-2010.
HLA version is 1516-2010.
Federate: 1SubsBadClassN1516 - Federation: 1SubscriberBadClassName1516 - preinitialize() - CERTI_FOM_PATH = /home/travis/pthla/certi-tools/share/federations
Value of launch rtig : true
Federate: 1SubsBadClassN1516 - Federation: 1SubscriberBadClassName1516 - Creating RTI Ambassador
Federate: 1SubsBadClassN1516 - Federation: 1SubscriberBadClassName1516 - preinitialize() - **** No RTI running.
Federate: 1SubsBadClassN1516 - Federation: 1SubscriberBadClassName1516 - preinitialize() - Launching CERTI RTI  in directory /home/travis/build/icyphy/ptII/org/hlacerti/test
CertiRtig: the os.name property is: Linux
CertiRtig: .1SubscriberBadClassN_1516.HlaManager: About to invoke rtig: 
command: [/bin/bash, -c, /home/travis/pthla/certi-tools/bin/rtig]
environment: [LD_LIBRARY_PATH=/home/travis/pthla/certi-tools/lib:/home/travis/pthla/certi-tools/lib:/usr/lib/jni:/usr/local/share/OpenCV/java/:/usr/share/OpenCV/java:, CERTI_FOM_PATH=/home/travis/pthla/certi-tools/share/federations]
directory: /home/travis/build/icyphy/ptII/org/hlacerti/test/auto/FEDfiles
Federate: 1SubsBadClassN1516 - Federation: 1SubscriberBadClassName1516 - RTI launched.
Federate: 1SubsBadClassN1516 - Federation: 1SubscriberBadClassName1516 - Creating RTI Ambassador
Federate: 1SubsBadClassN1516 - Federation: 1SubscriberBadClassName1516 - RTI Ambassador created.
Federate: 1SubsBadClassN1516 - Federation: 1SubscriberBadClassName1516 - Creating Federation execution.
Federate: 1SubsBadClassN1516 - Federation: 1SubscriberBadClassName1516 - createFederationExecution: FED file on RTIG machine = 1SubscriberBadClassName.xml
Federate: 1SubsBadClassN1516 - Federation: 1SubscriberBadClassName1516 - Joining the federation.
Federate: 1SubsBadClassN1516 - Federation: 1SubscriberBadClassName1516 - initialize() - federation joined
Federate: 1SubsBadClassN1516 - Federation: 1SubscriberBadClassName1516 - Initializing the RTI Ambassador
Federate: 1SubsBadClassN1516 - Federation: 1SubscriberBadClassName1516 - wrapup() - Unsubscribing to HLA attributes.
Federate: 1SubsBadClassN1516 - Federation: 1SubscriberBadClassName1516 - wrapup() - Resigning Federation execution
Federate: 1SubsBadClassN1516 - Federation: 1SubscriberBadClassName1516 - wrapup() - Resigned Federation execution
Federate: 1SubsBadClassN1516 - Federation: 1SubscriberBadClassName1516 - wrapup() - Destroying the federation.
Federate: 1SubsBadClassN1516 - Federation: 1SubscriberBadClassName1516 - wrapup() - Federation destroyed by this federate.
Federate: 1SubsBadClassN1516 - Federation: 1SubscriberBadClassName1516 - **** Killing the RTIG process (if authorized by the system)
CertiRtig: .1SubscriberBadClassN_1516.HlaManager: About to terminate RTIG by sending it SIGINT.
Federate: 1SubsBadClassN1516 - Federation: 1SubscriberBadClassName1516 - ----------------------- End execution.
.1SubscriberBadClassN_1516.TestExceptionAttribute: initialize() was not invoked, but wrapup() was.  This is unusual, but not always a problem.  For example, exporting JNLP will do this.
1650 ms. Memory: 129024K Free: 90247K (70%)
----------------- Invoking toplevel() on ptolemy.moml.MoMLSimpleApplication@56fca76e
----------------- Done invoking toplevel() on ptolemy.moml.MoMLSimpleApplication@56fca76e
reloadAllAccessors: .1SubscriberBadClassN_1516

===========================================================================================
----------------- testing Mon Jun 06 02:09:04 UTC 2022 /home/travis/build/icyphy/ptII/org/hlacerti/test/auto/1Value2Instances.xml
----------------- Mon Jun 06 02:09:04 UTC 2022 About to sleep for 5.0 seconds before running or rerunning.  Test is: /home/travis/build/icyphy/ptII/org/hlacerti/test/auto/1Value2Instances.xml
Done sleeping
----------------- Instantiating /home/travis/build/icyphy/ptII/org/hlacerti/test/auto/1Value2Instances.xml
HLA version is 1.3.
HLA version is 1.3.
HLA version is 1.3.
HLA version is 1.3.
Federate: Receiver12 - Federation: StaticMultiInstance12 - preinitialize() - CERTI_FOM_PATH = /home/travis/pthla/certi-tools/share/federations
Federate: Receiver12 - Federation: StaticMultiInstance12 - Creating RTI Ambassador
Federate: Receiver12 - Federation: StaticMultiInstance12 - preinitialize() - **** No RTI running.
Federate: Receiver12 - Federation: StaticMultiInstance12 - preinitialize() - Launching CERTI RTI  in directory /home/travis/build/icyphy/ptII/org/hlacerti/test
CertiRtig: the os.name property is: Linux
CertiRtig: .DistributedReceiver1.HlaManager: About to invoke rtig: 
command: [/bin/bash, -c, /home/travis/pthla/certi-tools/bin/rtig]
environment: [LD_LIBRARY_PATH=/home/travis/pthla/certi-tools/lib:/home/travis/pthla/certi-tools/lib:/usr/lib/jni:/usr/local/share/OpenCV/java/:/usr/share/OpenCV/java:, CERTI_FOM_PATH=/home/travis/pthla/certi-tools/share/federations]
directory: /home/travis/build/icyphy/ptII/org/hlacerti/test/auto/StaticMultiInstance/1Value2Instances
Federate: Receiver12 - Federation: StaticMultiInstance12 - RTI launched.
Federate: Receiver12 - Federation: StaticMultiInstance12 - Creating RTI Ambassador
Federate: Receiver12 - Federation: StaticMultiInstance12 - RTI Ambassador created.
Federate: Receiver12 - Federation: StaticMultiInstance12 - Creating Federation execution.
Federate: Receiver12 - Federation: StaticMultiInstance12 - createFederationExecution: FED file on RTIG machine = StaticMultiInstance12.fed
Federate: Receiver12 - Federation: StaticMultiInstance12 - Joining the federation.
Federate: Receiver12 - Federation: StaticMultiInstance12 - initialize() - federation joined
Federate: Receiver12 - Federation: StaticMultiInstance12 - Initializing the RTI Ambassador
Federate: Receiver12 - Federation: StaticMultiInstance12 - RTI Ambassador initialized.
Federate: Sender12 - Federation: StaticMultiInstance12 - preinitialize() - CERTI_FOM_PATH = /home/travis/pthla/certi-tools/share/federations
Federate: Sender12 - Federation: StaticMultiInstance12 - Creating RTI Ambassador
Federate: Sender12 - Federation: StaticMultiInstance12 - RTI Ambassador created.
Federate: Sender12 - Federation: StaticMultiInstance12 - Creating Federation execution.
Federate: Sender12 - Federation: StaticMultiInstance12 - initialize() - Federation execution already exists. No need to create one.
Federate: Sender12 - Federation: StaticMultiInstance12 - Joining the federation.
Federate: Sender12 - Federation: StaticMultiInstance12 - initialize() - federation joined
Federate: Sender12 - Federation: StaticMultiInstance12 - Initializing the RTI Ambassador
Federate: Sender12 - Federation: StaticMultiInstance12 - RTI Ambassador initialized.
Federate: Sender12 - Federation: StaticMultiInstance12 - wrapup() - Unsubscribing to HLA attributes.
Federate: Sender12 - Federation: StaticMultiInstance12 - wrapup() - Unpublishing HLA attributes.
Federate: Sender12 - Federation: StaticMultiInstance12 - wrapup() - Resigning Federation execution
Federate: Sender12 - Federation: StaticMultiInstance12 - wrapup() - Resigned Federation execution
Federate: Sender12 - Federation: StaticMultiInstance12 - ----------------------- End execution.
43 ms. Memory: 129024K Free: 62647K (49%)
Federate: Receiver12 - Federation: StaticMultiInstance12 - wrapup() - Unsubscribing to HLA attributes.
Federate: Receiver12 - Federation: StaticMultiInstance12 - wrapup() - Unpublishing HLA attributes.
Federate: Receiver12 - Federation: StaticMultiInstance12 - wrapup() - Resigning Federation execution
Federate: Receiver12 - Federation: StaticMultiInstance12 - wrapup() - Resigned Federation execution
Federate: Receiver12 - Federation: StaticMultiInstance12 - wrapup() - Destroying the federation.
Federate: Receiver12 - Federation: StaticMultiInstance12 - wrapup() - Federation destroyed by this federate.
Federate: Receiver12 - Federation: StaticMultiInstance12 - **** Killing the RTIG process (if authorized by the system)
CertiRtig: .DistributedReceiver1.HlaManager: About to terminate RTIG by sending it SIGINT.
Federate: Receiver12 - Federation: StaticMultiInstance12 - ----------------------- End execution.
2060 ms. Memory: 129024K Free: 62647K (49%)
2074 ms. Memory: 129024K Free: 62647K (49%)
----------------- Invoking toplevel() on ptolemy.moml.MoMLSimpleApplication@6913ee96
----------------- Done invoking toplevel() on ptolemy.moml.MoMLSimpleApplication@6913ee96
reloadAllAccessors: .1Value2Instances

===========================================================================================
----------------- testing Mon Jun 06 02:09:11 UTC 2022 /home/travis/build/icyphy/ptII/org/hlacerti/test/auto/1Value2Instances_1516.xml
----------------- Mon Jun 06 02:09:11 UTC 2022 About to sleep for 5.0 seconds before running or rerunning.  Test is: /home/travis/build/icyphy/ptII/org/hlacerti/test/auto/1Value2Instances_1516.xml
Done sleeping
----------------- Instantiating /home/travis/build/icyphy/ptII/org/hlacerti/test/auto/1Value2Instances_1516.xml
HLA version is 1516-2010.
HLA version is 1516-2010.
HLA version is 1516-2010.
HLA version is 1516-2010.
HLA version is 1516-2010.
HLA version is 1516-2010.
Federate: Receiver12e - Federation: StaticMultiInstance12e - preinitialize() - CERTI_FOM_PATH = /home/travis/pthla/certi-tools/share/federations
Value of launch rtig : true
Federate: Receiver12e - Federation: StaticMultiInstance12e - Creating RTI Ambassador
Federate: Receiver12e - Federation: StaticMultiInstance12e - preinitialize() - **** No RTI running.
Federate: Receiver12e - Federation: StaticMultiInstance12e - preinitialize() - Launching CERTI RTI  in directory /home/travis/build/icyphy/ptII/org/hlacerti/test
CertiRtig: the os.name property is: Linux
CertiRtig: .DistributedReceiver1.HlaManager: About to invoke rtig: 
command: [/bin/bash, -c, /home/travis/pthla/certi-tools/bin/rtig]
environment: [LD_LIBRARY_PATH=/home/travis/pthla/certi-tools/lib:/home/travis/pthla/certi-tools/lib:/usr/lib/jni:/usr/local/share/OpenCV/java/:/usr/share/OpenCV/java:, CERTI_FOM_PATH=/home/travis/pthla/certi-tools/share/federations]
directory: /home/travis/build/icyphy/ptII/org/hlacerti/test/auto/StaticMultiInstance_1516/1Value2Instances
Federate: Receiver12e - Federation: StaticMultiInstance12e - RTI launched.
Federate: Receiver12e - Federation: StaticMultiInstance12e - Creating RTI Ambassador
Federate: Receiver12e - Federation: StaticMultiInstance12e - RTI Ambassador created.
Federate: Receiver12e - Federation: StaticMultiInstance12e - Creating Federation execution.
Federate: Receiver12e - Federation: StaticMultiInstance12e - createFederationExecution: RTIG failed to open FED file: StaticMultiInstance12.xml
Federate: Receiver12e - Federation: StaticMultiInstance12e - wrapup() - Unsubscribing to HLA attributes.
Federate: Receiver12e - Federation: StaticMultiInstance12e - wrapup() - Resigning Federation execution
Federate: Receiver12e - Federation: StaticMultiInstance12e - wrapup() - RTIexception.
Federate: Sender12e - Federation: StaticMultiInstance12e - preinitialize() - CERTI_FOM_PATH = /home/travis/pthla/certi-tools/share/federations
Value of launch rtig : false
Federate: Sender12e - Federation: StaticMultiInstance12e - Creating RTI Ambassador
Federate: Sender12e - Federation: StaticMultiInstance12e - RTI Ambassador created.
Federate: Sender12e - Federation: StaticMultiInstance12e - Creating Federation execution.
Federate: Sender12e - Federation: StaticMultiInstance12e - createFederationExecution: RTIG failed to open FED file: StaticMultiInstance12.xml
Federate: Sender12e - Federation: StaticMultiInstance12e - wrapup() - Unsubscribing to HLA attributes.
Federate: Sender12e - Federation: StaticMultiInstance12e - wrapup() - Unpublishing HLA attributes.
Federate: Sender12e - Federation: StaticMultiInstance12e - wrapup() - Resigning Federation execution
Federate: Sender12e - Federation: StaticMultiInstance12e - wrapup() - RTIexception.
Federate: Sender12e - Federation: StaticMultiInstance12e - ----------------------- End execution.
125 ms. Memory: 129024K Free: 102143K (79%)
Federate: Receiver12e - Federation: StaticMultiInstance12e - **** Killing the RTIG process (if authorized by the system)
CertiRtig: .DistributedReceiver1.HlaManager: About to terminate RTIG by sending it SIGINT.
Federate: Receiver12e - Federation: StaticMultiInstance12e - ----------------------- End execution.
1547 ms. Memory: 129024K Free: 102143K (79%)
1559 ms. Memory: 129024K Free: 102143K (79%)

===========================================================================================
----------------- testing Mon Jun 06 02:09:18 UTC 2022 /home/travis/build/icyphy/ptII/org/hlacerti/test/auto/2Classes2Values2Instances.xml
----------------- Mon Jun 06 02:09:18 UTC 2022 About to sleep for 5.0 seconds before running or rerunning.  Test is: /home/travis/build/icyphy/ptII/org/hlacerti/test/auto/2Classes2Values2Instances.xml
Done sleeping
----------------- Instantiating /home/travis/build/icyphy/ptII/org/hlacerti/test/auto/2Classes2Values2Instances.xml
HLA version is 1.3.
HLA version is 1.3.
HLA version is 1.3.
HLA version is 1.3.
HLA version is 1.3.
HLA version is 1.3.
Federate: ReceiverTAR222 - Federation: StaticMultiInstance222 - preinitialize() - CERTI_FOM_PATH = /home/travis/pthla/certi-tools/share/federations
Federate: ReceiverTAR222 - Federation: StaticMultiInstance222 - Creating RTI Ambassador
Federate: ReceiverTAR222 - Federation: StaticMultiInstance222 - preinitialize() - **** No RTI running.
Federate: ReceiverTAR222 - Federation: StaticMultiInstance222 - preinitialize() - Launching CERTI RTI  in directory /home/travis/build/icyphy/ptII/org/hlacerti/test
CertiRtig: the os.name property is: Linux
CertiRtig: .DistributedReceiver1.HlaManager: About to invoke rtig: 
command: [/bin/bash, -c, /home/travis/pthla/certi-tools/bin/rtig]
environment: [LD_LIBRARY_PATH=/home/travis/pthla/certi-tools/lib:/home/travis/pthla/certi-tools/lib:/usr/lib/jni:/usr/local/share/OpenCV/java/:/usr/share/OpenCV/java:, CERTI_FOM_PATH=/home/travis/pthla/certi-tools/share/federations]
directory: /home/travis/build/icyphy/ptII/org/hlacerti/test/auto/StaticMultiInstance/2Classes2Values2Instances
Federate: ReceiverTAR222 - Federation: StaticMultiInstance222 - RTI launched.
Federate: ReceiverTAR222 - Federation: StaticMultiInstance222 - Creating RTI Ambassador
Federate: ReceiverTAR222 - Federation: StaticMultiInstance222 - RTI Ambassador created.
Federate: ReceiverTAR222 - Federation: StaticMultiInstance222 - Creating Federation execution.
Federate: ReceiverTAR222 - Federation: StaticMultiInstance222 - createFederationExecution: FED file on RTIG machine = StaticMultiInstance222.fed
Federate: ReceiverTAR222 - Federation: StaticMultiInstance222 - Joining the federation.
Federate: ReceiverTAR222 - Federation: StaticMultiInstance222 - initialize() - federation joined
Federate: ReceiverTAR222 - Federation: StaticMultiInstance222 - Initializing the RTI Ambassador
Federate: ReceiverTAR222 - Federation: StaticMultiInstance222 - RTI Ambassador initialized.
Federate: SenderTAR222 - Federation: StaticMultiInstance222 - preinitialize() - CERTI_FOM_PATH = /home/travis/pthla/certi-tools/share/federations
Federate: SenderTAR222 - Federation: StaticMultiInstance222 - Creating RTI Ambassador
Federate: SenderTAR222 - Federation: StaticMultiInstance222 - RTI Ambassador created.
Federate: SenderTAR222 - Federation: StaticMultiInstance222 - Creating Federation execution.
Federate: SenderTAR222 - Federation: StaticMultiInstance222 - initialize() - Federation execution already exists. No need to create one.
Federate: SenderTAR222 - Federation: StaticMultiInstance222 - Joining the federation.
Federate: SenderTAR222 - Federation: StaticMultiInstance222 - initialize() - federation joined
Federate: SenderTAR222 - Federation: StaticMultiInstance222 - Initializing the RTI Ambassador
Federate: SenderTAR222 - Federation: StaticMultiInstance222 - RTI Ambassador initialized.
Federate: SenderTAR222 - Federation: StaticMultiInstance222 - wrapup() - Unsubscribing to HLA attributes.
Federate: SenderTAR222 - Federation: StaticMultiInstance222 - wrapup() - Unpublishing HLA attributes.
Federate: SenderTAR222 - Federation: StaticMultiInstance222 - wrapup() - Resigning Federation execution
Federate: SenderTAR222 - Federation: StaticMultiInstance222 - wrapup() - Resigned Federation execution
Federate: SenderTAR222 - Federation: StaticMultiInstance222 - ----------------------- End execution.
44 ms. Memory: 129024K Free: 73479K (57%)
Federate: ReceiverTAR222 - Federation: StaticMultiInstance222 - wrapup() - Unsubscribing to HLA attributes.
Federate: ReceiverTAR222 - Federation: StaticMultiInstance222 - wrapup() - Unpublishing HLA attributes.
Federate: ReceiverTAR222 - Federation: StaticMultiInstance222 - wrapup() - Resigning Federation execution
Federate: ReceiverTAR222 - Federation: StaticMultiInstance222 - wrapup() - Resigned Federation execution
Federate: ReceiverTAR222 - Federation: StaticMultiInstance222 - wrapup() - Destroying the federation.
Federate: ReceiverTAR222 - Federation: StaticMultiInstance222 - wrapup() - Federation destroyed by this federate.
Federate: ReceiverTAR222 - Federation: StaticMultiInstance222 - **** Killing the RTIG process (if authorized by the system)
CertiRtig: .DistributedReceiver1.HlaManager: About to terminate RTIG by sending it SIGINT.
Federate: ReceiverTAR222 - Federation: StaticMultiInstance222 - ----------------------- End execution.
2070 ms. Memory: 129024K Free: 73120K (57%)
----------------- Invoking toplevel() on ptolemy.moml.MoMLSimpleApplication@245f5778
----------------- Done invoking toplevel() on ptolemy.moml.MoMLSimpleApplication@245f5778
reloadAllAccessors: .2Classes2Values2Instances
2054 ms. Memory: 129024K Free: 73120K (57%)

===========================================================================================
----------------- testing Mon Jun 06 02:09:25 UTC 2022 /home/travis/build/icyphy/ptII/org/hlacerti/test/auto/2Classes2Values2Instances_1516.xml
----------------- Mon Jun 06 02:09:25 UTC 2022 About to sleep for 5.0 seconds before running or rerunning.  Test is: /home/travis/build/icyphy/ptII/org/hlacerti/test/auto/2Classes2Values2Instances_1516.xml
Done sleeping
----------------- Instantiating /home/travis/build/icyphy/ptII/org/hlacerti/test/auto/2Classes2Values2Instances_1516.xml
HLA version is 1516-2010.
HLA version is 1516-2010.
HLA version is 1516-2010.
HLA version is 1516-2010.
HLA version is 1516-2010.
HLA version is 1516-2010.
Federate: ReceiverTAR222e - Federation: StaticMultiInstance222e - preinitialize() - CERTI_FOM_PATH = /home/travis/pthla/certi-tools/share/federations
Value of launch rtig : true
Federate: ReceiverTAR222e - Federation: StaticMultiInstance222e - Creating RTI Ambassador
Federate: ReceiverTAR222e - Federation: StaticMultiInstance222e - preinitialize() - **** No RTI running.
Federate: ReceiverTAR222e - Federation: StaticMultiInstance222e - preinitialize() - Launching CERTI RTI  in directory /home/travis/build/icyphy/ptII/org/hlacerti/test
CertiRtig: the os.name property is: Linux
CertiRtig: .DistributedReceiver1.HlaManager: About to invoke rtig: 
command: [/bin/bash, -c, /home/travis/pthla/certi-tools/bin/rtig]
environment: [LD_LIBRARY_PATH=/home/travis/pthla/certi-tools/lib:/home/travis/pthla/certi-tools/lib:/usr/lib/jni:/usr/local/share/OpenCV/java/:/usr/share/OpenCV/java:, CERTI_FOM_PATH=/home/travis/pthla/certi-tools/share/federations]
directory: /home/travis/build/icyphy/ptII/org/hlacerti/test/auto/StaticMultiInstance_1516/2Classes2Values2Instances
Federate: ReceiverTAR222e - Federation: StaticMultiInstance222e - RTI launched.
Federate: ReceiverTAR222e - Federation: StaticMultiInstance222e - Creating RTI Ambassador
Federate: ReceiverTAR222e - Federation: StaticMultiInstance222e - RTI Ambassador created.
Federate: ReceiverTAR222e - Federation: StaticMultiInstance222e - Creating Federation execution.
Federate: ReceiverTAR222e - Federation: StaticMultiInstance222e - createFederationExecution: RTIG failed to open FED file: StaticMultiInstance222.xml
Federate: ReceiverTAR222e - Federation: StaticMultiInstance222e - wrapup() - Unsubscribing to HLA attributes.
Federate: ReceiverTAR222e - Federation: StaticMultiInstance222e - wrapup() - Resigning Federation execution
Federate: ReceiverTAR222e - Federation: StaticMultiInstance222e - wrapup() - RTIexception.
Federate: SenderTAR222e - Federation: StaticMultiInstance222e - preinitialize() - CERTI_FOM_PATH = /home/travis/pthla/certi-tools/share/federations
Value of launch rtig : false
Federate: SenderTAR222e - Federation: StaticMultiInstance222e - Creating RTI Ambassador
Federate: SenderTAR222e - Federation: StaticMultiInstance222e - RTI Ambassador created.
Federate: SenderTAR222e - Federation: StaticMultiInstance222e - Creating Federation execution.
Federate: SenderTAR222e - Federation: StaticMultiInstance222e - createFederationExecution: RTIG failed to open FED file: StaticMultiInstance222.xml
Federate: SenderTAR222e - Federation: StaticMultiInstance222e - wrapup() - Unsubscribing to HLA attributes.
Federate: SenderTAR222e - Federation: StaticMultiInstance222e - wrapup() - Unpublishing HLA attributes.
Federate: SenderTAR222e - Federation: StaticMultiInstance222e - wrapup() - Resigning Federation execution
Federate: SenderTAR222e - Federation: StaticMultiInstance222e - wrapup() - RTIexception.
Federate: SenderTAR222e - Federation: StaticMultiInstance222e - ----------------------- End execution.
123 ms. Memory: 129024K Free: 46251K (36%)
Federate: ReceiverTAR222e - Federation: StaticMultiInstance222e - **** Killing the RTIG process (if authorized by the system)
CertiRtig: .DistributedReceiver1.HlaManager: About to terminate RTIG by sending it SIGINT.
Federate: ReceiverTAR222e - Federation: StaticMultiInstance222e - ----------------------- End execution.
1644 ms. Memory: 129024K Free: 46251K (36%)
1656 ms. Memory: 129024K Free: 46251K (36%)

===========================================================================================
----------------- testing Mon Jun 06 02:09:32 UTC 2022 /home/travis/build/icyphy/ptII/org/hlacerti/test/auto/2Values1Instance.xml
----------------- Mon Jun 06 02:09:32 UTC 2022 About to sleep for 5.0 seconds before running or rerunning.  Test is: /home/travis/build/icyphy/ptII/org/hlacerti/test/auto/2Values1Instance.xml
Done sleeping
----------------- Instantiating /home/travis/build/icyphy/ptII/org/hlacerti/test/auto/2Values1Instance.xml
HLA version is 1.3.
HLA version is 1.3.
HLA version is 1.3.
HLA version is 1.3.
Federate: ReceiverNER21 - Federation: StaticMultiInstance21 - preinitialize() - CERTI_FOM_PATH = /home/travis/pthla/certi-tools/share/federations
Federate: ReceiverNER21 - Federation: StaticMultiInstance21 - Creating RTI Ambassador
Federate: ReceiverNER21 - Federation: StaticMultiInstance21 - preinitialize() - **** No RTI running.
Federate: ReceiverNER21 - Federation: StaticMultiInstance21 - preinitialize() - Launching CERTI RTI  in directory /home/travis/build/icyphy/ptII/org/hlacerti/test
CertiRtig: the os.name property is: Linux
CertiRtig: .DistributedReceiver1.HlaManager: About to invoke rtig: 
command: [/bin/bash, -c, /home/travis/pthla/certi-tools/bin/rtig]
environment: [LD_LIBRARY_PATH=/home/travis/pthla/certi-tools/lib:/home/travis/pthla/certi-tools/lib:/usr/lib/jni:/usr/local/share/OpenCV/java/:/usr/share/OpenCV/java:, CERTI_FOM_PATH=/home/travis/pthla/certi-tools/share/federations]
directory: /home/travis/build/icyphy/ptII/org/hlacerti/test/auto/StaticMultiInstance/2Values1Instance
Federate: ReceiverNER21 - Federation: StaticMultiInstance21 - RTI launched.
Federate: ReceiverNER21 - Federation: StaticMultiInstance21 - Creating RTI Ambassador
Federate: ReceiverNER21 - Federation: StaticMultiInstance21 - RTI Ambassador created.
Federate: ReceiverNER21 - Federation: StaticMultiInstance21 - Creating Federation execution.
Federate: ReceiverNER21 - Federation: StaticMultiInstance21 - createFederationExecution: FED file on RTIG machine = StaticMultiInstance21.fed
Federate: ReceiverNER21 - Federation: StaticMultiInstance21 - Joining the federation.
Federate: ReceiverNER21 - Federation: StaticMultiInstance21 - initialize() - federation joined
Federate: ReceiverNER21 - Federation: StaticMultiInstance21 - Initializing the RTI Ambassador
Federate: ReceiverNER21 - Federation: StaticMultiInstance21 - RTI Ambassador initialized.
Federate: SenderNER21 - Federation: StaticMultiInstance21 - preinitialize() - CERTI_FOM_PATH = /home/travis/pthla/certi-tools/share/federations
Federate: SenderNER21 - Federation: StaticMultiInstance21 - Creating RTI Ambassador
Federate: SenderNER21 - Federation: StaticMultiInstance21 - RTI Ambassador created.
Federate: SenderNER21 - Federation: StaticMultiInstance21 - Creating Federation execution.
Federate: SenderNER21 - Federation: StaticMultiInstance21 - initialize() - Federation execution already exists. No need to create one.
Federate: SenderNER21 - Federation: StaticMultiInstance21 - Joining the federation.
Federate: SenderNER21 - Federation: StaticMultiInstance21 - initialize() - federation joined
Federate: SenderNER21 - Federation: StaticMultiInstance21 - Initializing the RTI Ambassador
Federate: SenderNER21 - Federation: StaticMultiInstance21 - RTI Ambassador initialized.
Federate: SenderNER21 - Federation: StaticMultiInstance21 - wrapup() - Unsubscribing to HLA attributes.
Federate: SenderNER21 - Federation: StaticMultiInstance21 - wrapup() - Unpublishing HLA attributes.
Federate: SenderNER21 - Federation: StaticMultiInstance21 - wrapup() - Resigning Federation execution
Federate: SenderNER21 - Federation: StaticMultiInstance21 - wrapup() - Resigned Federation execution
Federate: SenderNER21 - Federation: StaticMultiInstance21 - ----------------------- End execution.
56 ms. Memory: 129024K Free: 89088K (69%)
Federate: ReceiverNER21 - Federation: StaticMultiInstance21 - wrapup() - Unsubscribing to HLA attributes.
Federate: ReceiverNER21 - Federation: StaticMultiInstance21 - wrapup() - Unpublishing HLA attributes.
Federate: ReceiverNER21 - Federation: StaticMultiInstance21 - wrapup() - Resigning Federation execution
Federate: ReceiverNER21 - Federation: StaticMultiInstance21 - wrapup() - Resigned Federation execution
Federate: ReceiverNER21 - Federation: StaticMultiInstance21 - wrapup() - Destroying the federation.
Federate: ReceiverNER21 - Federation: StaticMultiInstance21 - wrapup() - Federation destroyed by this federate.
Federate: ReceiverNER21 - Federation: StaticMultiInstance21 - **** Killing the RTIG process (if authorized by the system)
CertiRtig: .DistributedReceiver1.HlaManager: About to terminate RTIG by sending it SIGINT.
Federate: ReceiverNER21 - Federation: StaticMultiInstance21 - ----------------------- End execution.
2074 ms. Memory: 129024K Free: 88984K (69%)
----------------- Invoking toplevel() on ptolemy.moml.MoMLSimpleApplication@29d7ce6a
----------------- Done invoking toplevel() on ptolemy.moml.MoMLSimpleApplication@29d7ce6a
2062 ms. Memory: 129024K Free: 88984K (69%)
reloadAllAccessors: .2Values1Instance

===========================================================================================
----------------- testing Mon Jun 06 02:09:39 UTC 2022 /home/travis/build/icyphy/ptII/org/hlacerti/test/auto/2Values1Instance_1516.xml
----------------- Mon Jun 06 02:09:39 UTC 2022 About to sleep for 5.0 seconds before running or rerunning.  Test is: /home/travis/build/icyphy/ptII/org/hlacerti/test/auto/2Values1Instance_1516.xml
Done sleeping
----------------- Instantiating /home/travis/build/icyphy/ptII/org/hlacerti/test/auto/2Values1Instance_1516.xml
HLA version is 1516-2010.
HLA version is 1516-2010.
HLA version is 1516-2010.
HLA version is 1516-2010.
HLA version is 1516-2010.
HLA version is 1516-2010.
Federate: ReceiverNER21e - Federation: StaticMultiInstance21e - preinitialize() - CERTI_FOM_PATH = /home/travis/pthla/certi-tools/share/federations
Value of launch rtig : true
Federate: ReceiverNER21e - Federation: StaticMultiInstance21e - Creating RTI Ambassador
Federate: ReceiverNER21e - Federation: StaticMultiInstance21e - preinitialize() - **** No RTI running.
Federate: ReceiverNER21e - Federation: StaticMultiInstance21e - preinitialize() - Launching CERTI RTI  in directory /home/travis/build/icyphy/ptII/org/hlacerti/test
CertiRtig: the os.name property is: Linux
CertiRtig: .DistributedReceiver1.HlaManager: About to invoke rtig: 
command: [/bin/bash, -c, /home/travis/pthla/certi-tools/bin/rtig]
environment: [LD_LIBRARY_PATH=/home/travis/pthla/certi-tools/lib:/home/travis/pthla/certi-tools/lib:/usr/lib/jni:/usr/local/share/OpenCV/java/:/usr/share/OpenCV/java:, CERTI_FOM_PATH=/home/travis/pthla/certi-tools/share/federations]
directory: /home/travis/build/icyphy/ptII/org/hlacerti/test/auto/StaticMultiInstance_1516/2Values1Instance
Federate: ReceiverNER21e - Federation: StaticMultiInstance21e - RTI launched.
Federate: ReceiverNER21e - Federation: StaticMultiInstance21e - Creating RTI Ambassador
Federate: ReceiverNER21e - Federation: StaticMultiInstance21e - RTI Ambassador created.
Federate: ReceiverNER21e - Federation: StaticMultiInstance21e - Creating Federation execution.
Federate: ReceiverNER21e - Federation: StaticMultiInstance21e - createFederationExecution: RTIG failed to open FED file: StaticMultiInstance21.xml
Federate: ReceiverNER21e - Federation: StaticMultiInstance21e - wrapup() - Unsubscribing to HLA attributes.
Federate: ReceiverNER21e - Federation: StaticMultiInstance21e - wrapup() - Resigning Federation execution
Federate: ReceiverNER21e - Federation: StaticMultiInstance21e - wrapup() - RTIexception.
Federate: SenderNER21e - Federation: StaticMultiInstance21e - preinitialize() - CERTI_FOM_PATH = /home/travis/pthla/certi-tools/share/federations
Value of launch rtig : false
Federate: SenderNER21e - Federation: StaticMultiInstance21e - Creating RTI Ambassador
Federate: SenderNER21e - Federation: StaticMultiInstance21e - RTI Ambassador created.
Federate: SenderNER21e - Federation: StaticMultiInstance21e - Creating Federation execution.
Federate: SenderNER21e - Federation: StaticMultiInstance21e - createFederationExecution: RTIG failed to open FED file: StaticMultiInstance21.xml
Federate: SenderNER21e - Federation: StaticMultiInstance21e - wrapup() - Unsubscribing to HLA attributes.
Federate: SenderNER21e - Federation: StaticMultiInstance21e - wrapup() - Unpublishing HLA attributes.
Federate: SenderNER21e - Federation: StaticMultiInstance21e - wrapup() - Resigning Federation execution
Federate: SenderNER21e - Federation: StaticMultiInstance21e - wrapup() - RTIexception.
Federate: SenderNER21e - Federation: StaticMultiInstance21e - ----------------------- End execution.
115 ms. Memory: 129024K Free: 62461K (48%)
Federate: ReceiverNER21e - Federation: StaticMultiInstance21e - **** Killing the RTIG process (if authorized by the system)
CertiRtig: .DistributedReceiver1.HlaManager: About to terminate RTIG by sending it SIGINT.
Federate: ReceiverNER21e - Federation: StaticMultiInstance21e - ----------------------- End execution.
1636 ms. Memory: 129024K Free: 62461K (48%)
1641 ms. Memory: 129024K Free: 62461K (48%)

===========================================================================================
----------------- testing Mon Jun 06 02:09:46 UTC 2022 /home/travis/build/icyphy/ptII/org/hlacerti/test/auto/2Values2Instances.xml
----------------- Mon Jun 06 02:09:46 UTC 2022 About to sleep for 5.0 seconds before running or rerunning.  Test is: /home/travis/build/icyphy/ptII/org/hlacerti/test/auto/2Values2Instances.xml
Done sleeping
----------------- Instantiating /home/travis/build/icyphy/ptII/org/hlacerti/test/auto/2Values2Instances.xml
HLA version is 1.3.
HLA version is 1.3.
HLA version is 1.3.
HLA version is 1.3.
HLA version is 1.3.
Federate: ReceiverTAR22 - Federation: StaticMultiInstance22 - preinitialize() - CERTI_FOM_PATH = /home/travis/pthla/certi-tools/share/federations
Federate: ReceiverTAR22 - Federation: StaticMultiInstance22 - Creating RTI Ambassador
Federate: ReceiverTAR22 - Federation: StaticMultiInstance22 - preinitialize() - **** No RTI running.
Federate: ReceiverTAR22 - Federation: StaticMultiInstance22 - preinitialize() - Launching CERTI RTI  in directory /home/travis/build/icyphy/ptII/org/hlacerti/test
CertiRtig: the os.name property is: Linux
CertiRtig: .DistributedReceiver1.HlaManager: About to invoke rtig: 
command: [/bin/bash, -c, /home/travis/pthla/certi-tools/bin/rtig]
environment: [LD_LIBRARY_PATH=/home/travis/pthla/certi-tools/lib:/home/travis/pthla/certi-tools/lib:/usr/lib/jni:/usr/local/share/OpenCV/java/:/usr/share/OpenCV/java:, CERTI_FOM_PATH=/home/travis/pthla/certi-tools/share/federations]
directory: /home/travis/build/icyphy/ptII/org/hlacerti/test/auto/StaticMultiInstance/2Values2Instances
Federate: ReceiverTAR22 - Federation: StaticMultiInstance22 - RTI launched.
Federate: ReceiverTAR22 - Federation: StaticMultiInstance22 - Creating RTI Ambassador
Federate: ReceiverTAR22 - Federation: StaticMultiInstance22 - RTI Ambassador created.
Federate: ReceiverTAR22 - Federation: StaticMultiInstance22 - Creating Federation execution.
Federate: ReceiverTAR22 - Federation: StaticMultiInstance22 - createFederationExecution: FED file on RTIG machine = StaticMultiInstance22.fed
Federate: ReceiverTAR22 - Federation: StaticMultiInstance22 - Joining the federation.
Federate: ReceiverTAR22 - Federation: StaticMultiInstance22 - initialize() - federation joined
Federate: ReceiverTAR22 - Federation: StaticMultiInstance22 - Initializing the RTI Ambassador
Federate: ReceiverTAR22 - Federation: StaticMultiInstance22 - RTI Ambassador initialized.
Federate: SenderTAR22 - Federation: StaticMultiInstance22 - preinitialize() - CERTI_FOM_PATH = /home/travis/pthla/certi-tools/share/federations
Federate: SenderTAR22 - Federation: StaticMultiInstance22 - Creating RTI Ambassador
Federate: SenderTAR22 - Federation: StaticMultiInstance22 - RTI Ambassador created.
Federate: SenderTAR22 - Federation: StaticMultiInstance22 - Creating Federation execution.
Federate: SenderTAR22 - Federation: StaticMultiInstance22 - initialize() - Federation execution already exists. No need to create one.
Federate: SenderTAR22 - Federation: StaticMultiInstance22 - Joining the federation.
Federate: SenderTAR22 - Federation: StaticMultiInstance22 - initialize() - federation joined
Federate: SenderTAR22 - Federation: StaticMultiInstance22 - Initializing the RTI Ambassador
Federate: SenderTAR22 - Federation: StaticMultiInstance22 - RTI Ambassador initialized.
Federate: SenderTAR22 - Federation: StaticMultiInstance22 - wrapup() - Unsubscribing to HLA attributes.
Federate: SenderTAR22 - Federation: StaticMultiInstance22 - wrapup() - Unpublishing HLA attributes.
Federate: SenderTAR22 - Federation: StaticMultiInstance22 - wrapup() - Resigning Federation execution
Federate: SenderTAR22 - Federation: StaticMultiInstance22 - wrapup() - Resigned Federation execution
Federate: SenderTAR22 - Federation: StaticMultiInstance22 - ----------------------- End execution.
45 ms. Memory: 129024K Free: 104604K (81%)
Federate: ReceiverTAR22 - Federation: StaticMultiInstance22 - wrapup() - Unsubscribing to HLA attributes.
Federate: ReceiverTAR22 - Federation: StaticMultiInstance22 - wrapup() - Unpublishing HLA attributes.
Federate: ReceiverTAR22 - Federation: StaticMultiInstance22 - wrapup() - Resigning Federation execution
Federate: ReceiverTAR22 - Federation: StaticMultiInstance22 - wrapup() - Resigned Federation execution
Federate: ReceiverTAR22 - Federation: StaticMultiInstance22 - wrapup() - Destroying the federation.
Federate: ReceiverTAR22 - Federation: StaticMultiInstance22 - wrapup() - Federation destroyed by this federate.
Federate: ReceiverTAR22 - Federation: StaticMultiInstance22 - **** Killing the RTIG process (if authorized by the system)
CertiRtig: .DistributedReceiver1.HlaManager: About to terminate RTIG by sending it SIGINT.
Federate: ReceiverTAR22 - Federation: StaticMultiInstance22 - ----------------------- End execution.
2062 ms. Memory: 129024K Free: 104421K (81%)
----------------- Invoking toplevel() on ptolemy.moml.MoMLSimpleApplication@25cc61cc
----------------- Done invoking toplevel() on ptolemy.moml.MoMLSimpleApplication@25cc61cc
reloadAllAccessors: .2Values2Instances
2059 ms. Memory: 129024K Free: 104158K (81%)

===========================================================================================
----------------- testing Mon Jun 06 02:09:53 UTC 2022 /home/travis/build/icyphy/ptII/org/hlacerti/test/auto/2Values2Instances_1516.xml
----------------- Mon Jun 06 02:09:53 UTC 2022 About to sleep for 5.0 seconds before running or rerunning.  Test is: /home/travis/build/icyphy/ptII/org/hlacerti/test/auto/2Values2Instances_1516.xml
Done sleeping
----------------- Instantiating /home/travis/build/icyphy/ptII/org/hlacerti/test/auto/2Values2Instances_1516.xml
HLA version is 1516-2010.
HLA version is 1516-2010.
HLA version is 1516-2010.
HLA version is 1516-2010.
Federate: ReceiverTAR22e - Federation: StaticMultiInstance22e - preinitialize() - CERTI_FOM_PATH = /home/travis/pthla/certi-tools/share/federations
Value of launch rtig : true
Federate: ReceiverTAR22e - Federation: StaticMultiInstance22e - Creating RTI Ambassador
Federate: ReceiverTAR22e - Federation: StaticMultiInstance22e - preinitialize() - **** No RTI running.
Federate: ReceiverTAR22e - Federation: StaticMultiInstance22e - preinitialize() - Launching CERTI RTI  in directory /home/travis/build/icyphy/ptII/org/hlacerti/test
CertiRtig: the os.name property is: Linux
CertiRtig: .DistributedReceiver1.HlaManager: About to invoke rtig: 
command: [/bin/bash, -c, /home/travis/pthla/certi-tools/bin/rtig]
environment: [LD_LIBRARY_PATH=/home/travis/pthla/certi-tools/lib:/home/travis/pthla/certi-tools/lib:/usr/lib/jni:/usr/local/share/OpenCV/java/:/usr/share/OpenCV/java:, CERTI_FOM_PATH=/home/travis/pthla/certi-tools/share/federations]
directory: /home/travis/build/icyphy/ptII/org/hlacerti/test/auto/StaticMultiInstance_1516/2Values2Instances
Federate: ReceiverTAR22e - Federation: StaticMultiInstance22e - RTI launched.
Federate: ReceiverTAR22e - Federation: StaticMultiInstance22e - Creating RTI Ambassador
Federate: ReceiverTAR22e - Federation: StaticMultiInstance22e - RTI Ambassador created.
Federate: ReceiverTAR22e - Federation: StaticMultiInstance22e - Creating Federation execution.
Federate: ReceiverTAR22e - Federation: StaticMultiInstance22e - createFederationExecution: RTIG failed to open FED file: StaticMultiInstance22.xml
Federate: ReceiverTAR22e - Federation: StaticMultiInstance22e - wrapup() - Unsubscribing to HLA attributes.
Federate: ReceiverTAR22e - Federation: StaticMultiInstance22e - wrapup() - Resigning Federation execution
Federate: ReceiverTAR22e - Federation: StaticMultiInstance22e - wrapup() - RTIexception.
Federate: SenderTAR22e - Federation: StaticMultiInstance22e - preinitialize() - CERTI_FOM_PATH = /home/travis/pthla/certi-tools/share/federations
Value of launch rtig : false
Federate: SenderTAR22e - Federation: StaticMultiInstance22e - Creating RTI Ambassador
Federate: SenderTAR22e - Federation: StaticMultiInstance22e - RTI Ambassador created.
Federate: SenderTAR22e - Federation: StaticMultiInstance22e - Creating Federation execution.
Federate: SenderTAR22e - Federation: StaticMultiInstance22e - createFederationExecution: RTIG failed to open FED file: StaticMultiInstance22.xml
Federate: SenderTAR22e - Federation: StaticMultiInstance22e - wrapup() - Unsubscribing to HLA attributes.
Federate: SenderTAR22e - Federation: StaticMultiInstance22e - wrapup() - Unpublishing HLA attributes.
Federate: SenderTAR22e - Federation: StaticMultiInstance22e - wrapup() - Resigning Federation execution
Federate: SenderTAR22e - Federation: StaticMultiInstance22e - wrapup() - RTIexception.
Federate: SenderTAR22e - Federation: StaticMultiInstance22e - ----------------------- End execution.
117 ms. Memory: 129024K Free: 77841K (60%)
Federate: ReceiverTAR22e - Federation: StaticMultiInstance22e - **** Killing the RTIG process (if authorized by the system)
CertiRtig: .DistributedReceiver1.HlaManager: About to terminate RTIG by sending it SIGINT.
Federate: ReceiverTAR22e - Federation: StaticMultiInstance22e - ----------------------- End execution.
1637 ms. Memory: 129024K Free: 77841K (60%)
1649 ms. Memory: 129024K Free: 77841K (60%)

===========================================================================================
----------------- testing Mon Jun 06 02:10:00 UTC 2022 /home/travis/build/icyphy/ptII/org/hlacerti/test/auto/DuplicatedInstanceNameReceiver.xml
----------------- Mon Jun 06 02:10:00 UTC 2022 About to sleep for 5.0 seconds before running or rerunning.  Test is: /home/travis/build/icyphy/ptII/org/hlacerti/test/auto/DuplicatedInstanceNameReceiver.xml
Done sleeping
----------------- Instantiating /home/travis/build/icyphy/ptII/org/hlacerti/test/auto/DuplicatedInstanceNameReceiver.xml
HLA version is 1.3.
HLA version is 1.3.
HLA version is 1.3.
Federate: ReceiverD - Federation: StaticMultiInstance - preinitialize() - CERTI_FOM_PATH = /home/travis/pthla/certi-tools/share/federations
Federate: ReceiverD - Federation: StaticMultiInstance - Creating RTI Ambassador
Federate: ReceiverD - Federation: StaticMultiInstance - preinitialize() - **** No RTI running.
Federate: ReceiverD - Federation: StaticMultiInstance - preinitialize() - Launching CERTI RTI  in directory /home/travis/build/icyphy/ptII/org/hlacerti/test
CertiRtig: the os.name property is: Linux
CertiRtig: .DuplicatedInstanceNameReceiver.HlaManager: About to invoke rtig: 
command: [/bin/bash, -c, /home/travis/pthla/certi-tools/bin/rtig]
environment: [LD_LIBRARY_PATH=/home/travis/pthla/certi-tools/lib:/home/travis/pthla/certi-tools/lib:/usr/lib/jni:/usr/local/share/OpenCV/java/:/usr/share/OpenCV/java:, CERTI_FOM_PATH=/home/travis/pthla/certi-tools/share/federations]
directory: /home/travis/build/icyphy/ptII/org/hlacerti/test/auto/FEDfiles
Federate: ReceiverD - Federation: StaticMultiInstance - RTI launched.
Federate: ReceiverD - Federation: StaticMultiInstance - Creating RTI Ambassador
Federate: ReceiverD - Federation: StaticMultiInstance - RTI Ambassador created.
Federate: ReceiverD - Federation: StaticMultiInstance - wrapup() - Unsubscribing to HLA attributes.
Federate: ReceiverD - Federation: StaticMultiInstance - wrapup() - Unpublishing HLA attributes.
Federate: ReceiverD - Federation: StaticMultiInstance - wrapup() - Resigning Federation execution
Federate: ReceiverD - Federation: StaticMultiInstance - wrapup() - RTIexception: hla.rti.FederateNotExecutionMember:  serial:0
Federate: ReceiverD - Federation: StaticMultiInstance - **** Killing the RTIG process (if authorized by the system)
CertiRtig: .DuplicatedInstanceNameReceiver.HlaManager: About to terminate RTIG by sending it SIGINT.
Federate: ReceiverD - Federation: StaticMultiInstance - ----------------------- End execution.
.DuplicatedInstanceNameReceiver.TestException - Duplicate instance name detected: initialize() was not invoked, but wrapup() was.  This is unusual, but not always a problem.  For example, exporting JNLP will do this.
1522 ms. Memory: 129024K Free: 70031K (54%)
----------------- Invoking toplevel() on ptolemy.moml.MoMLSimpleApplication@2f2a18ab
----------------- Done invoking toplevel() on ptolemy.moml.MoMLSimpleApplication@2f2a18ab
reloadAllAccessors: .DuplicatedInstanceNameReceiver

===========================================================================================
----------------- testing Mon Jun 06 02:10:06 UTC 2022 /home/travis/build/icyphy/ptII/org/hlacerti/test/auto/DuplicatedInstanceNameReceiver_1516.xml
----------------- Mon Jun 06 02:10:06 UTC 2022 About to sleep for 5.0 seconds before running or rerunning.  Test is: /home/travis/build/icyphy/ptII/org/hlacerti/test/auto/DuplicatedInstanceNameReceiver_1516.xml
Done sleeping
----------------- Instantiating /home/travis/build/icyphy/ptII/org/hlacerti/test/auto/DuplicatedInstanceNameReceiver_1516.xml
HLA version is 1516-2010.
HLA version is 1516-2010.
Federate: ReceiverD1516 - Federation: StaticMultiInstance1516 - preinitialize() - CERTI_FOM_PATH = /home/travis/pthla/certi-tools/share/federations
Value of launch rtig : true
Federate: ReceiverD1516 - Federation: StaticMultiInstance1516 - Creating RTI Ambassador
Federate: ReceiverD1516 - Federation: StaticMultiInstance1516 - preinitialize() - **** No RTI running.
Federate: ReceiverD1516 - Federation: StaticMultiInstance1516 - preinitialize() - Launching CERTI RTI  in directory /home/travis/build/icyphy/ptII/org/hlacerti/test
CertiRtig: the os.name property is: Linux
CertiRtig: .DuplicatedInstanceNameReceiver_1516.HlaManager: About to invoke rtig: 
command: [/bin/bash, -c, /home/travis/pthla/certi-tools/bin/rtig]
environment: [LD_LIBRARY_PATH=/home/travis/pthla/certi-tools/lib:/home/travis/pthla/certi-tools/lib:/usr/lib/jni:/usr/local/share/OpenCV/java/:/usr/share/OpenCV/java:, CERTI_FOM_PATH=/home/travis/pthla/certi-tools/share/federations]
directory: /home/travis/build/icyphy/ptII/org/hlacerti/test/auto/FEDfiles
Federate: ReceiverD1516 - Federation: StaticMultiInstance1516 - RTI launched.
Federate: ReceiverD1516 - Federation: StaticMultiInstance1516 - Creating RTI Ambassador
Federate: ReceiverD1516 - Federation: StaticMultiInstance1516 - RTI Ambassador created.
Federate: ReceiverD1516 - Federation: StaticMultiInstance1516 - wrapup() - Unsubscribing to HLA attributes.
Federate: ReceiverD1516 - Federation: StaticMultiInstance1516 - wrapup() - Unpublishing HLA attributes.
Federate: ReceiverD1516 - Federation: StaticMultiInstance1516 - wrapup() - Resigning Federation execution
Federate: ReceiverD1516 - Federation: StaticMultiInstance1516 - wrapup() - RTIexception.
Federate: ReceiverD1516 - Federation: StaticMultiInstance1516 - **** Killing the RTIG process (if authorized by the system)
CertiRtig: .DuplicatedInstanceNameReceiver_1516.HlaManager: About to terminate RTIG by sending it SIGINT.
Federate: ReceiverD1516 - Federation: StaticMultiInstance1516 - ----------------------- End execution.
.DuplicatedInstanceNameReceiver_1516.TestException - Duplicate instance name detected: initialize() was not invoked, but wrapup() was.  This is unusual, but not always a problem.  For example, exporting JNLP will do this.
1625 ms. Memory: 129024K Free: 63110K (49%)
----------------- Invoking toplevel() on ptolemy.moml.MoMLSimpleApplication@48a7ecb0
----------------- Done invoking toplevel() on ptolemy.moml.MoMLSimpleApplication@48a7ecb0
reloadAllAccessors: .DuplicatedInstanceNameReceiver_1516

===========================================================================================
----------------- testing Mon Jun 06 02:10:13 UTC 2022 /home/travis/build/icyphy/ptII/org/hlacerti/test/auto/DuplicatedInstanceNameSender.xml
----------------- Mon Jun 06 02:10:13 UTC 2022 About to sleep for 5.0 seconds before running or rerunning.  Test is: /home/travis/build/icyphy/ptII/org/hlacerti/test/auto/DuplicatedInstanceNameSender.xml
Done sleeping
----------------- Instantiating /home/travis/build/icyphy/ptII/org/hlacerti/test/auto/DuplicatedInstanceNameSender.xml
HLA version is 1.3.
HLA version is 1.3.
Federate: SenderD - Federation: InstanceNameDuplicated - preinitialize() - CERTI_FOM_PATH = /home/travis/pthla/certi-tools/share/federations
Federate: SenderD - Federation: InstanceNameDuplicated - Creating RTI Ambassador
Federate: SenderD - Federation: InstanceNameDuplicated - preinitialize() - **** No RTI running.
Federate: SenderD - Federation: InstanceNameDuplicated - preinitialize() - Launching CERTI RTI  in directory /home/travis/build/icyphy/ptII/org/hlacerti/test
CertiRtig: the os.name property is: Linux
CertiRtig: .DuplicatedInstanceNameSender.HlaManager: About to invoke rtig: 
command: [/bin/bash, -c, /home/travis/pthla/certi-tools/bin/rtig]
environment: [LD_LIBRARY_PATH=/home/travis/pthla/certi-tools/lib:/home/travis/pthla/certi-tools/lib:/usr/lib/jni:/usr/local/share/OpenCV/java/:/usr/share/OpenCV/java:, CERTI_FOM_PATH=/home/travis/pthla/certi-tools/share/federations]
directory: /home/travis/build/icyphy/ptII/org/hlacerti/test/auto/FEDfiles
Federate: SenderD - Federation: InstanceNameDuplicated - RTI launched.
Federate: SenderD - Federation: InstanceNameDuplicated - Creating RTI Ambassador
Federate: SenderD - Federation: InstanceNameDuplicated - RTI Ambassador created.
Federate: SenderD - Federation: InstanceNameDuplicated - wrapup() - Unsubscribing to HLA attributes.
Federate: SenderD - Federation: InstanceNameDuplicated - wrapup() - Unpublishing HLA attributes.
Federate: SenderD - Federation: InstanceNameDuplicated - wrapup() - Resigning Federation execution
Federate: SenderD - Federation: InstanceNameDuplicated - wrapup() - RTIexception: hla.rti.FederateNotExecutionMember:  serial:0
Federate: SenderD - Federation: InstanceNameDuplicated - **** Killing the RTIG process (if authorized by the system)
CertiRtig: .DuplicatedInstanceNameSender.HlaManager: About to terminate RTIG by sending it SIGINT.
Federate: SenderD - Federation: InstanceNameDuplicated - ----------------------- End execution.
.DuplicatedInstanceNameSender.TestException - Duplicate instance name detected: initialize() was not invoked, but wrapup() was.  This is unusual, but not always a problem.  For example, exporting JNLP will do this.
1532 ms. Memory: 129024K Free: 54464K (42%)
----------------- Invoking toplevel() on ptolemy.moml.MoMLSimpleApplication@5ac0fda1
----------------- Done invoking toplevel() on ptolemy.moml.MoMLSimpleApplication@5ac0fda1
reloadAllAccessors: .DuplicatedInstanceNameSender

===========================================================================================
----------------- testing Mon Jun 06 02:10:19 UTC 2022 /home/travis/build/icyphy/ptII/org/hlacerti/test/auto/DuplicatedInstanceNameSender_1516.xml
----------------- Mon Jun 06 02:10:19 UTC 2022 About to sleep for 5.0 seconds before running or rerunning.  Test is: /home/travis/build/icyphy/ptII/org/hlacerti/test/auto/DuplicatedInstanceNameSender_1516.xml
Done sleeping
----------------- Instantiating /home/travis/build/icyphy/ptII/org/hlacerti/test/auto/DuplicatedInstanceNameSender_1516.xml
HLA version is 1516-2010.
HLA version is 1516-2010.
Federate: SenderD1516 - Federation: InstanceNameDuplicated1516 - preinitialize() - CERTI_FOM_PATH = /home/travis/pthla/certi-tools/share/federations
Value of launch rtig : true
Federate: SenderD1516 - Federation: InstanceNameDuplicated1516 - Creating RTI Ambassador
Federate: SenderD1516 - Federation: InstanceNameDuplicated1516 - preinitialize() - **** No RTI running.
Federate: SenderD1516 - Federation: InstanceNameDuplicated1516 - preinitialize() - Launching CERTI RTI  in directory /home/travis/build/icyphy/ptII/org/hlacerti/test
CertiRtig: the os.name property is: Linux
CertiRtig: .DuplicatedInstanceNameSender_1516.HlaManager: About to invoke rtig: 
command: [/bin/bash, -c, /home/travis/pthla/certi-tools/bin/rtig]
environment: [LD_LIBRARY_PATH=/home/travis/pthla/certi-tools/lib:/home/travis/pthla/certi-tools/lib:/usr/lib/jni:/usr/local/share/OpenCV/java/:/usr/share/OpenCV/java:, CERTI_FOM_PATH=/home/travis/pthla/certi-tools/share/federations]
directory: /home/travis/build/icyphy/ptII/org/hlacerti/test/auto/FEDfiles
Federate: SenderD1516 - Federation: InstanceNameDuplicated1516 - RTI launched.
Federate: SenderD1516 - Federation: InstanceNameDuplicated1516 - Creating RTI Ambassador
Federate: SenderD1516 - Federation: InstanceNameDuplicated1516 - RTI Ambassador created.
Federate: SenderD1516 - Federation: InstanceNameDuplicated1516 - wrapup() - Unsubscribing to HLA attributes.
Federate: SenderD1516 - Federation: InstanceNameDuplicated1516 - wrapup() - Unpublishing HLA attributes.
Federate: SenderD1516 - Federation: InstanceNameDuplicated1516 - wrapup() - Resigning Federation execution
Federate: SenderD1516 - Federation: InstanceNameDuplicated1516 - wrapup() - RTIexception.
Federate: SenderD1516 - Federation: InstanceNameDuplicated1516 - **** Killing the RTIG process (if authorized by the system)
CertiRtig: .DuplicatedInstanceNameSender_1516.HlaManager: About to terminate RTIG by sending it SIGINT.
Federate: SenderD1516 - Federation: InstanceNameDuplicated1516 - ----------------------- End execution.
.DuplicatedInstanceNameSender_1516.TestException - Duplicate instance name detected: initialize() was not invoked, but wrapup() was.  This is unusual, but not always a problem.  For example, exporting JNLP will do this.
1620 ms. Memory: 129024K Free: 45718K (35%)
----------------- Invoking toplevel() on ptolemy.moml.MoMLSimpleApplication@3357f02a
----------------- Done invoking toplevel() on ptolemy.moml.MoMLSimpleApplication@3357f02a
reloadAllAccessors: .DuplicatedInstanceNameSender_1516

===========================================================================================
----------------- testing Mon Jun 06 02:10:26 UTC 2022 /home/travis/build/icyphy/ptII/org/hlacerti/test/auto/MultiDataTypes.xml
----------------- Mon Jun 06 02:10:26 UTC 2022 About to sleep for 5.0 seconds before running or rerunning.  Test is: /home/travis/build/icyphy/ptII/org/hlacerti/test/auto/MultiDataTypes.xml
Done sleeping
----------------- Instantiating /home/travis/build/icyphy/ptII/org/hlacerti/test/auto/MultiDataTypes.xml
HLA version is 1.3.
HLA version is 1.3.
HLA version is 1.3.
HLA version is 1.3.
Federate: Consumer - Federation: MultiDataTypes - preinitialize() - CERTI_FOM_PATH = /home/travis/pthla/certi-tools/share/federations
Federate: Consumer - Federation: MultiDataTypes - Creating RTI Ambassador
Federate: Consumer - Federation: MultiDataTypes - preinitialize() - **** No RTI running.
Federate: Consumer - Federation: MultiDataTypes - preinitialize() - Launching CERTI RTI  in directory /home/travis/build/icyphy/ptII/org/hlacerti/test
CertiRtig: the os.name property is: Linux
CertiRtig: .MultiDataTypesConsumer.HlaManager: About to invoke rtig: 
command: [/bin/bash, -c, /home/travis/pthla/certi-tools/bin/rtig]
environment: [LD_LIBRARY_PATH=/home/travis/pthla/certi-tools/lib:/home/travis/pthla/certi-tools/lib:/usr/lib/jni:/usr/local/share/OpenCV/java/:/usr/share/OpenCV/java:, CERTI_FOM_PATH=/home/travis/pthla/certi-tools/share/federations]
directory: /home/travis/build/icyphy/ptII/org/hlacerti/test/auto/StaticMultiInstance/MultiDataTypes
Federate: Consumer - Federation: MultiDataTypes - RTI launched.
Federate: Consumer - Federation: MultiDataTypes - Creating RTI Ambassador
Federate: Consumer - Federation: MultiDataTypes - RTI Ambassador created.
Federate: Consumer - Federation: MultiDataTypes - Creating Federation execution.
Federate: Consumer - Federation: MultiDataTypes - createFederationExecution: FED file on RTIG machine = MultiDataTypes.fed
Federate: Consumer - Federation: MultiDataTypes - Joining the federation.
Federate: Consumer - Federation: MultiDataTypes - initialize() - federation joined
Federate: Consumer - Federation: MultiDataTypes - Initializing the RTI Ambassador
Federate: Consumer - Federation: MultiDataTypes - RTI Ambassador initialized.
Federate: Producer - Federation: MultiDataTypes - preinitialize() - CERTI_FOM_PATH = /home/travis/pthla/certi-tools/share/federations
Federate: Producer - Federation: MultiDataTypes - Creating RTI Ambassador
Federate: Producer - Federation: MultiDataTypes - RTI Ambassador created.
Federate: Producer - Federation: MultiDataTypes - Creating Federation execution.
Federate: Producer - Federation: MultiDataTypes - initialize() - Federation execution already exists. No need to create one.
Federate: Producer - Federation: MultiDataTypes - Joining the federation.
Federate: Producer - Federation: MultiDataTypes - initialize() - federation joined
Federate: Producer - Federation: MultiDataTypes - Initializing the RTI Ambassador
Federate: Producer - Federation: MultiDataTypes - RTI Ambassador initialized.
Federate: Consumer - Federation: MultiDataTypes - wrapup() - Unsubscribing to HLA attributes.
Federate: Producer - Federation: MultiDataTypes - wrapup() - Unsubscribing to HLA attributes.
Federate: Producer - Federation: MultiDataTypes - wrapup() - Unpublishing HLA attributes.
Federate: Consumer - Federation: MultiDataTypes - wrapup() - Unpublishing HLA attributes.
Federate: Consumer - Federation: MultiDataTypes - wrapup() - Resigning Federation execution
Federate: Consumer - Federation: MultiDataTypes - wrapup() - Resigned Federation execution
Federate: Consumer - Federation: MultiDataTypes - wrapup() - Destroying the federation.
Federate: Consumer - Federation: MultiDataTypes - wrapup() - Federates are still joined to the federation. Wait some time and try again to destroy the federation.
Federate: Producer - Federation: MultiDataTypes - wrapup() - Resigning Federation execution
Federate: Producer - Federation: MultiDataTypes - wrapup() - Resigned Federation execution
Federate: Producer - Federation: MultiDataTypes - ----------------------- End execution.
46 ms. Memory: 129024K Free: 84523K (66%)
Federate: Consumer - Federation: MultiDataTypes - wrapup() - Destroying the federation.
Federate: Consumer - Federation: MultiDataTypes - wrapup() - Federation destroyed by this federate.
Federate: Consumer - Federation: MultiDataTypes - **** Killing the RTIG process (if authorized by the system)
CertiRtig: .MultiDataTypesConsumer.HlaManager: About to terminate RTIG by sending it SIGINT.
Federate: Consumer - Federation: MultiDataTypes - ----------------------- End execution.
4044 ms. Memory: 129024K Free: 84491K (65%)
4063 ms. Memory: 129024K Free: 84491K (65%)
----------------- Invoking toplevel() on ptolemy.moml.MoMLSimpleApplication@3ac2d240
----------------- Done invoking toplevel() on ptolemy.moml.MoMLSimpleApplication@3ac2d240
reloadAllAccessors: .MultiDataTypes

===========================================================================================
----------------- testing Mon Jun 06 02:10:35 UTC 2022 /home/travis/build/icyphy/ptII/org/hlacerti/test/auto/MultiDataTypes_1516.xml
----------------- Mon Jun 06 02:10:35 UTC 2022 About to sleep for 5.0 seconds before running or rerunning.  Test is: /home/travis/build/icyphy/ptII/org/hlacerti/test/auto/MultiDataTypes_1516.xml
Done sleeping
----------------- Instantiating /home/travis/build/icyphy/ptII/org/hlacerti/test/auto/MultiDataTypes_1516.xml
HLA version is 1516-2010.
HLA version is 1516-2010.
HLA version is 1516-2010.
HLA version is 1516-2010.
HLA version is 1516-2010.
Federate: Consumer1516 - Federation: MultiDataTypes1516 - preinitialize() - CERTI_FOM_PATH = /home/travis/pthla/certi-tools/share/federations
Value of launch rtig : true
Federate: Consumer1516 - Federation: MultiDataTypes1516 - Creating RTI Ambassador
Federate: Consumer1516 - Federation: MultiDataTypes1516 - preinitialize() - **** No RTI running.
Federate: Consumer1516 - Federation: MultiDataTypes1516 - preinitialize() - Launching CERTI RTI  in directory /home/travis/build/icyphy/ptII/org/hlacerti/test
CertiRtig: the os.name property is: Linux
CertiRtig: .MultiDataTypesConsumer.HlaManager: About to invoke rtig: 
command: [/bin/bash, -c, /home/travis/pthla/certi-tools/bin/rtig]
environment: [LD_LIBRARY_PATH=/home/travis/pthla/certi-tools/lib:/home/travis/pthla/certi-tools/lib:/usr/lib/jni:/usr/local/share/OpenCV/java/:/usr/share/OpenCV/java:, CERTI_FOM_PATH=/home/travis/pthla/certi-tools/share/federations]
directory: /home/travis/build/icyphy/ptII/org/hlacerti/test/auto/StaticMultiInstance_1516/MultiDataTypes
Federate: Consumer1516 - Federation: MultiDataTypes1516 - RTI launched.
Federate: Consumer1516 - Federation: MultiDataTypes1516 - Creating RTI Ambassador
Federate: Consumer1516 - Federation: MultiDataTypes1516 - RTI Ambassador created.
Federate: Consumer1516 - Federation: MultiDataTypes1516 - Creating Federation execution.
Federate: Consumer1516 - Federation: MultiDataTypes1516 - createFederationExecution: FED file on RTIG machine = MultiDataTypes.xml
Federate: Consumer1516 - Federation: MultiDataTypes1516 - Joining the federation.
Federate: Consumer1516 - Federation: MultiDataTypes1516 - initialize() - federation joined
Federate: Consumer1516 - Federation: MultiDataTypes1516 - Initializing the RTI Ambassador
Federate: Consumer1516 - Federation: MultiDataTypes1516 - RTI Ambassador initialized.
Federate: Consumer1516 - Federation: MultiDataTypes1516 - Time Aspects initialized.
Federate: Consumer1516 - Federation: MultiDataTypes1516 - isSynchronizationPointRegister : false
Federate: Producer1516 - Federation: MultiDataTypes1516 - preinitialize() - CERTI_FOM_PATH = /home/travis/pthla/certi-tools/share/federations
Value of launch rtig : false
Federate: Producer1516 - Federation: MultiDataTypes1516 - Creating RTI Ambassador
Federate: Producer1516 - Federation: MultiDataTypes1516 - RTI Ambassador created.
Federate: Producer1516 - Federation: MultiDataTypes1516 - Creating Federation execution.
Federate: Producer1516 - Federation: MultiDataTypes1516 - initialize() - Federation execution already exists. No need to create one.
Federate: Producer1516 - Federation: MultiDataTypes1516 - Joining the federation.
Federate: Producer1516 - Federation: MultiDataTypes1516 - initialize() - federation joined
Federate: Producer1516 - Federation: MultiDataTypes1516 - Initializing the RTI Ambassador
Federate: Producer1516 - Federation: MultiDataTypes1516 - RTI Ambassador initialized.
Federate: Producer1516 - Federation: MultiDataTypes1516 - Time Aspects initialized.
Federate: Producer1516 - Federation: MultiDataTypes1516 - isSynchronizationPointRegister : true
Federate: Producer1516 - Federation: MultiDataTypes1516 - isSynchronizationPointRegister = true
Federate: Producer1516 - Federation: MultiDataTypes1516 - announce synchronisation point
Federate: Consumer1516 - Federation: MultiDataTypes1516 - announce synchronisation point
Federate: Consumer1516 - Federation: MultiDataTypes1516 - Synchronization point initialized.
Federate: Producer1516 - Federation: MultiDataTypes1516 - Synchronization point initialized.
Federate: Consumer1516 - Federation: MultiDataTypes1516 - attributeHandleSet.size = 1
Federate: Consumer1516 - Federation: MultiDataTypes1516 - --- Attribute id match
Federate: Consumer1516 - Federation: MultiDataTypes1516 - attributeHandleSet.size = 1
Federate: Consumer1516 - Federation: MultiDataTypes1516 - --- Attribute id match
Federate: Consumer1516 - Federation: MultiDataTypes1516 - attributeHandleSet.size = 1
Federate: Consumer1516 - Federation: MultiDataTypes1516 - --- Attribute id match
Federate: Consumer1516 - Federation: MultiDataTypes1516 - attributeHandleSet.size = 1
Federate: Consumer1516 - Federation: MultiDataTypes1516 - --- Attribute id match
Federate: Consumer1516 - Federation: MultiDataTypes1516 - wrapup() - Unsubscribing to HLA attributes.
Federate: Producer1516 - Federation: MultiDataTypes1516 - wrapup() - Unsubscribing to HLA attributes.
Federate: Producer1516 - Federation: MultiDataTypes1516 - wrapup() - Unpublishing HLA attributes.
Federate: Consumer1516 - Federation: MultiDataTypes1516 - wrapup() - Unpublishing HLA attributes.
Federate: Consumer1516 - Federation: MultiDataTypes1516 - wrapup() - Resigning Federation execution
Federate: Producer1516 - Federation: MultiDataTypes1516 - wrapup() - Resigning Federation execution
Federate: Consumer1516 - Federation: MultiDataTypes1516 - wrapup() - Resigned Federation execution
Federate: Consumer1516 - Federation: MultiDataTypes1516 - wrapup() - Destroying the federation.
Federate: Consumer1516 - Federation: MultiDataTypes1516 - wrapup() - Federates are still joined to the federation. Wait some time and try again to destroy the federation.
Federate: Consumer1516 - Federation: MultiDataTypes1516 - wrapup() - Destroying the federation.
Federate: Producer1516 - Federation: MultiDataTypes1516 - wrapup() - Resigned Federation execution
Federate: Consumer1516 - Federation: MultiDataTypes1516 - wrapup() - Federation destroyed by this federate.
Federate: Producer1516 - Federation: MultiDataTypes1516 - ----------------------- End execution.
149 ms. Memory: 129024K Free: 58297K (45%)
Federate: Consumer1516 - Federation: MultiDataTypes1516 - **** Killing the RTIG process (if authorized by the system)
CertiRtig: .MultiDataTypesConsumer.HlaManager: About to terminate RTIG by sending it SIGINT.
Federate: Consumer1516 - Federation: MultiDataTypes1516 - ----------------------- End execution.
2051 ms. Memory: 129024K Free: 58297K (45%)
2056 ms. Memory: 129024K Free: 58297K (45%)
----------------- Invoking toplevel() on ptolemy.moml.MoMLSimpleApplication@7b1e33ec
----------------- Done invoking toplevel() on ptolemy.moml.MoMLSimpleApplication@7b1e33ec
reloadAllAccessors: .MultiDataTypes_1516
AutoTests.java: About to close Vertx.
AutoTests.java: Vertx closed.
]]></system-out>
  <system-err><![CDATA[Jun 06, 2022 2:07:26 AM hla.rti1516e.impl.CertiRtiFactory getRtiAmbassador
INFO:         getRtiAmbassador
Jun 06, 2022 2:07:27 AM hla.rti1516e.impl.CertiRtiFactory getRtiAmbassador
INFO:         getRtiAmbassador
Jun 06, 2022 2:07:27 AM hla.rti1516e.impl.CertiRtiFactory getRtiAmbassador
INFO:         getRtiAmbassador
Jun 06, 2022 2:07:40 AM hla.rti1516e.impl.CertiRtiFactory getRtiAmbassador
INFO:         getRtiAmbassador
Jun 06, 2022 2:07:41 AM hla.rti1516e.impl.CertiRtiFactory getRtiAmbassador
INFO:         getRtiAmbassador
Jun 06, 2022 2:07:41 AM hla.rti1516e.impl.CertiRtiFactory getRtiAmbassador
INFO:         getRtiAmbassador
Jun 06, 2022 2:07:55 AM hla.rti1516e.impl.CertiRtiFactory getRtiAmbassador
INFO:         getRtiAmbassador
Jun 06, 2022 2:07:55 AM hla.rti1516e.impl.CertiRtiFactory getRtiAmbassador
INFO:         getRtiAmbassador
Jun 06, 2022 2:07:56 AM hla.rti1516e.impl.CertiRtiFactory getRtiAmbassador
INFO:         getRtiAmbassador
Jun 06, 2022 2:08:09 AM hla.rti1516e.impl.CertiRtiFactory getRtiAmbassador
INFO:         getRtiAmbassador
Jun 06, 2022 2:08:10 AM hla.rti1516e.impl.CertiRtiFactory getRtiAmbassador
INFO:         getRtiAmbassador
Jun 06, 2022 2:08:10 AM hla.rti1516e.impl.CertiRtiFactory getRtiAmbassador
INFO:         getRtiAmbassador
Jun 06, 2022 2:08:23 AM hla.rti1516e.impl.CertiRtiFactory getRtiAmbassador
INFO:         getRtiAmbassador
Jun 06, 2022 2:08:23 AM hla.rti1516e.impl.CertiRtiFactory getRtiAmbassador
INFO:         getRtiAmbassador
java.lang.RuntimeException: Execution failed
	at ptolemy.moml.MoMLSimpleApplication$UnloadThread.run(MoMLSimpleApplication.java:402)
Caused by: ptolemy.kernel.util.IllegalActionException: Expected:
NameNotFound: unknownValue is not a HLA attribute value from the FOM (see .fed file).
Because:
unknownValue
But got:
RTIG could not find FED file: 1PublisherBadAttributeName.xml
  in .1PublisherBadAttributeN_1516.HlaManager
Because:
Module not found
  in .1PublisherBadAttributeN_1516.TestExceptionAttribute
Because:
RTIG could not find FED file: 1PublisherBadAttributeName.xml
  in .1PublisherBadAttributeN_1516.HlaManager
Because:
Module not found
	at ptolemy.actor.lib.TestExceptionAttribute.handleException(TestExceptionAttribute.java:179)
	at ptolemy.actor.Manager.execute(Manager.java:476)
	at ptolemy.actor.Manager.run(Manager.java:1263)
	at ptolemy.actor.Manager$PtolemyRunThread.run(Manager.java:1933)
Caused by: ptolemy.kernel.util.IllegalActionException: RTIG could not find FED file: 1PublisherBadAttributeName.xml
  in .1PublisherBadAttributeN_1516.HlaManager
Because:
Module not found
	at org.hlacerti.lib.HlaManager1516e.initialize(HlaManager1516e.java:787)
	at org.hlacerti.lib.HlaManager.initialize(HlaManager.java:900)
	at ptolemy.actor.CompositeActor.initialize(CompositeActor.java:912)
	at ptolemy.actor.Manager.initialize(Manager.java:724)
	at ptolemy.actor.Manager.execute(Manager.java:356)
	... 2 more
Caused by: hla.rti1516e.exceptions.CouldNotOpenFDD: Module not found
	at certi.rti1516e.impl.CertiRtiAmbassador.translateException(CertiRtiAmbassador.java:4042)
	at certi.rti1516e.impl.CertiRtiAmbassador.processRequest(CertiRtiAmbassador.java:3948)
	at certi.rti1516e.impl.CertiRtiAmbassador.createFederationExecution(CertiRtiAmbassador.java:424)
	at org.hlacerti.lib.HlaManager1516e.initialize(HlaManager1516e.java:751)
	... 6 more
Jun 06, 2022 2:08:36 AM hla.rti1516e.impl.CertiRtiFactory getRtiAmbassador
INFO:         getRtiAmbassador
Jun 06, 2022 2:08:37 AM hla.rti1516e.impl.CertiRtiFactory getRtiAmbassador
INFO:         getRtiAmbassador
Jun 06, 2022 2:08:49 AM hla.rti1516e.impl.CertiRtiFactory getRtiAmbassador
INFO:         getRtiAmbassador
Jun 06, 2022 2:08:50 AM hla.rti1516e.impl.CertiRtiFactory getRtiAmbassador
INFO:         getRtiAmbassador
Jun 06, 2022 2:09:02 AM hla.rti1516e.impl.CertiRtiFactory getRtiAmbassador
INFO:         getRtiAmbassador
Jun 06, 2022 2:09:03 AM hla.rti1516e.impl.CertiRtiFactory getRtiAmbassador
INFO:         getRtiAmbassador
Jun 06, 2022 2:09:16 AM hla.rti1516e.impl.CertiRtiFactory getRtiAmbassador
INFO:         getRtiAmbassador
Jun 06, 2022 2:09:17 AM hla.rti1516e.impl.CertiRtiFactory getRtiAmbassador
INFO:         getRtiAmbassador
Jun 06, 2022 2:09:17 AM hla.rti1516e.impl.CertiRtiFactory getRtiAmbassador
INFO:         getRtiAmbassador
java.lang.RuntimeException: Execution failed
	at ptolemy.moml.MoMLSimpleApplication$UnloadThread.run(MoMLSimpleApplication.java:402)
Caused by: ptolemy.kernel.util.IllegalActionException: Execution failed.
  in .1Value2Instances_1516.DistributedSender1
Because:
RTIG could not find FED file: StaticMultiInstance12.xml
  in .DistributedSender1.HlaManager
Because:
Module not found
	at ptolemy.actor.lib.hoc.ModelReference.fire(ModelReference.java:588)
	at ptolemy.vergil.actor.lib.VisualModelReference.fire(VisualModelReference.java:414)
	at ptolemy.actor.AtomicActor.iterate(AtomicActor.java:512)
	at ptolemy.actor.Director.fire(Director.java:360)
	at ptolemy.actor.CompositeActor.fire(CompositeActor.java:455)
	at ptolemy.actor.Manager.iterate(Manager.java:851)
	at ptolemy.actor.Manager.execute(Manager.java:369)
	at ptolemy.actor.Manager.run(Manager.java:1263)
	at ptolemy.actor.Manager$PtolemyRunThread.run(Manager.java:1933)
Caused by: ptolemy.kernel.util.IllegalActionException: RTIG could not find FED file: StaticMultiInstance12.xml
  in .DistributedSender1.HlaManager
Because:
Module not found
	at org.hlacerti.lib.HlaManager1516e.initialize(HlaManager1516e.java:787)
	at org.hlacerti.lib.HlaManager.initialize(HlaManager.java:900)
	at ptolemy.actor.CompositeActor.initialize(CompositeActor.java:912)
	at ptolemy.actor.Manager.initialize(Manager.java:724)
	at ptolemy.actor.Manager.execute(Manager.java:356)
	at ptolemy.actor.lib.hoc.ModelReference.fire(ModelReference.java:586)
	... 8 more
Caused by: hla.rti1516e.exceptions.CouldNotOpenFDD: Module not found
	at certi.rti1516e.impl.CertiRtiAmbassador.translateException(CertiRtiAmbassador.java:4042)
	at certi.rti1516e.impl.CertiRtiAmbassador.processRequest(CertiRtiAmbassador.java:3948)
	at certi.rti1516e.impl.CertiRtiAmbassador.createFederationExecution(CertiRtiAmbassador.java:424)
	at org.hlacerti.lib.HlaManager1516e.initialize(HlaManager1516e.java:751)
	... 13 more
ptolemy.kernel.util.IllegalActionException: RTIG could not find FED file: StaticMultiInstance12.xml
  in .DistributedReceiver1.HlaManager
Because:
Module not found
	at org.hlacerti.lib.HlaManager1516e.initialize(HlaManager1516e.java:787)
	at org.hlacerti.lib.HlaManager.initialize(HlaManager.java:900)
	at ptolemy.actor.CompositeActor.initialize(CompositeActor.java:912)
	at ptolemy.actor.Manager.initialize(Manager.java:724)
	at ptolemy.actor.Manager.execute(Manager.java:356)
	at ptolemy.actor.lib.hoc.ModelReference$1.run(ModelReference.java:626)
Caused by: hla.rti1516e.exceptions.CouldNotOpenFDD: Module not found
	at certi.rti1516e.impl.CertiRtiAmbassador.translateException(CertiRtiAmbassador.java:4042)
	at certi.rti1516e.impl.CertiRtiAmbassador.processRequest(CertiRtiAmbassador.java:3948)
	at certi.rti1516e.impl.CertiRtiAmbassador.createFederationExecution(CertiRtiAmbassador.java:424)
	at org.hlacerti.lib.HlaManager1516e.initialize(HlaManager1516e.java:751)
	... 5 more
Caused by: hla.rti1516e.exceptions.CouldNotOpenFDD: Module not found
	at certi.rti1516e.impl.CertiRtiAmbassador.translateException(CertiRtiAmbassador.java:4042)
	at certi.rti1516e.impl.CertiRtiAmbassador.processRequest(CertiRtiAmbassador.java:3948)
	at certi.rti1516e.impl.CertiRtiAmbassador.createFederationExecution(CertiRtiAmbassador.java:424)
	at org.hlacerti.lib.HlaManager1516e.initialize(HlaManager1516e.java:751)
	at org.hlacerti.lib.HlaManager.initialize(HlaManager.java:900)
	at ptolemy.actor.CompositeActor.initialize(CompositeActor.java:912)
	at ptolemy.actor.Manager.initialize(Manager.java:724)
	at ptolemy.actor.Manager.execute(Manager.java:356)
	at ptolemy.actor.lib.hoc.ModelReference$1.run(ModelReference.java:626)
java.lang.RuntimeException: ptolemy.kernel.util.IllegalActionException: RTIG could not find FED file: StaticMultiInstance12.xml
  in .DistributedReceiver1.HlaManager
Because:
Module not found
	at ptolemy.util.MessageHandler.error(MessageHandler.java:115)
	at ptolemy.actor.lib.hoc.ModelReference.executionError(ModelReference.java:450)
	at ptolemy.actor.Manager$ErrorReportingThread.run(Manager.java:1908)
Caused by: ptolemy.kernel.util.IllegalActionException: RTIG could not find FED file: StaticMultiInstance12.xml
  in .DistributedReceiver1.HlaManager
Because:
Module not found
	at org.hlacerti.lib.HlaManager1516e.initialize(HlaManager1516e.java:787)
	at org.hlacerti.lib.HlaManager.initialize(HlaManager.java:900)
	at ptolemy.actor.CompositeActor.initialize(CompositeActor.java:912)
	at ptolemy.actor.Manager.initialize(Manager.java:724)
	at ptolemy.actor.Manager.execute(Manager.java:356)
	at ptolemy.actor.lib.hoc.ModelReference$1.run(ModelReference.java:626)
Caused by: hla.rti1516e.exceptions.CouldNotOpenFDD: Module not found
	at certi.rti1516e.impl.CertiRtiAmbassador.translateException(CertiRtiAmbassador.java:4042)
	at certi.rti1516e.impl.CertiRtiAmbassador.processRequest(CertiRtiAmbassador.java:3948)
	at certi.rti1516e.impl.CertiRtiAmbassador.createFederationExecution(CertiRtiAmbassador.java:424)
	at org.hlacerti.lib.HlaManager1516e.initialize(HlaManager1516e.java:751)
	... 5 more
Jun 06, 2022 2:09:30 AM hla.rti1516e.impl.CertiRtiFactory getRtiAmbassador
INFO:         getRtiAmbassador
Jun 06, 2022 2:09:31 AM hla.rti1516e.impl.CertiRtiFactory getRtiAmbassador
INFO:         getRtiAmbassador
Jun 06, 2022 2:09:31 AM hla.rti1516e.impl.CertiRtiFactory getRtiAmbassador
INFO:         getRtiAmbassador
java.lang.RuntimeException: Execution failed
	at ptolemy.moml.MoMLSimpleApplication$UnloadThread.run(MoMLSimpleApplication.java:402)
Caused by: ptolemy.kernel.util.IllegalActionException: Execution failed.
  in .2Classes2Values2Instances_1516.DistributedSender1
Because:
RTIG could not find FED file: StaticMultiInstance222.xml
  in .DistributedSender1.HlaManager
Because:
Module not found
	at ptolemy.actor.lib.hoc.ModelReference.fire(ModelReference.java:588)
	at ptolemy.vergil.actor.lib.VisualModelReference.fire(VisualModelReference.java:414)
	at ptolemy.actor.AtomicActor.iterate(AtomicActor.java:512)
	at ptolemy.actor.Director.fire(Director.java:360)
	at ptolemy.actor.CompositeActor.fire(CompositeActor.java:455)
	at ptolemy.actor.Manager.iterate(Manager.java:851)
	at ptolemy.actor.Manager.execute(Manager.java:369)
	at ptolemy.actor.Manager.run(Manager.java:1263)
	at ptolemy.actor.Manager$PtolemyRunThread.run(Manager.java:1933)
Caused by: ptolemy.kernel.util.IllegalActionException: RTIG could not find FED file: StaticMultiInstance222.xml
  in .DistributedSender1.HlaManager
Because:
Module not found
	at org.hlacerti.lib.HlaManager1516e.initialize(HlaManager1516e.java:787)
	at org.hlacerti.lib.HlaManager.initialize(HlaManager.java:900)
	at ptolemy.actor.CompositeActor.initialize(CompositeActor.java:912)
	at ptolemy.actor.Manager.initialize(Manager.java:724)
	at ptolemy.actor.Manager.execute(Manager.java:356)
	at ptolemy.actor.lib.hoc.ModelReference.fire(ModelReference.java:586)
	... 8 more
Caused by: hla.rti1516e.exceptions.CouldNotOpenFDD: Module not found
	at certi.rti1516e.impl.CertiRtiAmbassador.translateException(CertiRtiAmbassador.java:4042)
	at certi.rti1516e.impl.CertiRtiAmbassador.processRequest(CertiRtiAmbassador.java:3948)
	at certi.rti1516e.impl.CertiRtiAmbassador.createFederationExecution(CertiRtiAmbassador.java:424)
	at org.hlacerti.lib.HlaManager1516e.initialize(HlaManager1516e.java:751)
	... 13 more
ptolemy.kernel.util.IllegalActionException: RTIG could not find FED file: StaticMultiInstance222.xml
  in .DistributedReceiver1.HlaManager
Because:
Module not found
	at org.hlacerti.lib.HlaManager1516e.initialize(HlaManager1516e.java:787)
	at org.hlacerti.lib.HlaManager.initialize(HlaManager.java:900)
	at ptolemy.actor.CompositeActor.initialize(CompositeActor.java:912)
	at ptolemy.actor.Manager.initialize(Manager.java:724)
	at ptolemy.actor.Manager.execute(Manager.java:356)
	at ptolemy.actor.lib.hoc.ModelReference$1.run(ModelReference.java:626)
Caused by: hla.rti1516e.exceptions.CouldNotOpenFDD: Module not found
	at certi.rti1516e.impl.CertiRtiAmbassador.translateException(CertiRtiAmbassador.java:4042)
	at certi.rti1516e.impl.CertiRtiAmbassador.processRequest(CertiRtiAmbassador.java:3948)
	at certi.rti1516e.impl.CertiRtiAmbassador.createFederationExecution(CertiRtiAmbassador.java:424)
	at org.hlacerti.lib.HlaManager1516e.initialize(HlaManager1516e.java:751)
	... 5 more
Caused by: hla.rti1516e.exceptions.CouldNotOpenFDD: Module not found
	at certi.rti1516e.impl.CertiRtiAmbassador.translateException(CertiRtiAmbassador.java:4042)
	at certi.rti1516e.impl.CertiRtiAmbassador.processRequest(CertiRtiAmbassador.java:3948)
	at certi.rti1516e.impl.CertiRtiAmbassador.createFederationExecution(CertiRtiAmbassador.java:424)
	at org.hlacerti.lib.HlaManager1516e.initialize(HlaManager1516e.java:751)
	at org.hlacerti.lib.HlaManager.initialize(HlaManager.java:900)
	at ptolemy.actor.CompositeActor.initialize(CompositeActor.java:912)
	at ptolemy.actor.Manager.initialize(Manager.java:724)
	at ptolemy.actor.Manager.execute(Manager.java:356)
	at ptolemy.actor.lib.hoc.ModelReference$1.run(ModelReference.java:626)
java.lang.RuntimeException: ptolemy.kernel.util.IllegalActionException: RTIG could not find FED file: StaticMultiInstance222.xml
  in .DistributedReceiver1.HlaManager
Because:
Module not found
	at ptolemy.util.MessageHandler.error(MessageHandler.java:115)
	at ptolemy.actor.lib.hoc.ModelReference.executionError(ModelReference.java:450)
	at ptolemy.actor.Manager$ErrorReportingThread.run(Manager.java:1908)
Caused by: ptolemy.kernel.util.IllegalActionException: RTIG could not find FED file: StaticMultiInstance222.xml
  in .DistributedReceiver1.HlaManager
Because:
Module not found
	at org.hlacerti.lib.HlaManager1516e.initialize(HlaManager1516e.java:787)
	at org.hlacerti.lib.HlaManager.initialize(HlaManager.java:900)
	at ptolemy.actor.CompositeActor.initialize(CompositeActor.java:912)
	at ptolemy.actor.Manager.initialize(Manager.java:724)
	at ptolemy.actor.Manager.execute(Manager.java:356)
	at ptolemy.actor.lib.hoc.ModelReference$1.run(ModelReference.java:626)
Caused by: hla.rti1516e.exceptions.CouldNotOpenFDD: Module not found
	at certi.rti1516e.impl.CertiRtiAmbassador.translateException(CertiRtiAmbassador.java:4042)
	at certi.rti1516e.impl.CertiRtiAmbassador.processRequest(CertiRtiAmbassador.java:3948)
	at certi.rti1516e.impl.CertiRtiAmbassador.createFederationExecution(CertiRtiAmbassador.java:424)
	at org.hlacerti.lib.HlaManager1516e.initialize(HlaManager1516e.java:751)
	... 5 more
Jun 06, 2022 2:09:44 AM hla.rti1516e.impl.CertiRtiFactory getRtiAmbassador
INFO:         getRtiAmbassador
Jun 06, 2022 2:09:45 AM hla.rti1516e.impl.CertiRtiFactory getRtiAmbassador
INFO:         getRtiAmbassador
Jun 06, 2022 2:09:45 AM hla.rti1516e.impl.CertiRtiFactory getRtiAmbassador
INFO:         getRtiAmbassador
java.lang.RuntimeException: Execution failed
	at ptolemy.moml.MoMLSimpleApplication$UnloadThread.run(MoMLSimpleApplication.java:402)
Caused by: ptolemy.kernel.util.IllegalActionException: Execution failed.
  in .2Values1Instance_1516.DistributedSender1
Because:
RTIG could not find FED file: StaticMultiInstance21.xml
  in .DistributedSender1.HlaManager
Because:
Module not found
	at ptolemy.actor.lib.hoc.ModelReference.fire(ModelReference.java:588)
	at ptolemy.vergil.actor.lib.VisualModelReference.fire(VisualModelReference.java:414)
	at ptolemy.actor.AtomicActor.iterate(AtomicActor.java:512)
	at ptolemy.actor.Director.fire(Director.java:360)
	at ptolemy.actor.CompositeActor.fire(CompositeActor.java:455)
	at ptolemy.actor.Manager.iterate(Manager.java:851)
	at ptolemy.actor.Manager.execute(Manager.java:369)
	at ptolemy.actor.Manager.run(Manager.java:1263)
	at ptolemy.actor.Manager$PtolemyRunThread.run(Manager.java:1933)
Caused by: ptolemy.kernel.util.IllegalActionException: RTIG could not find FED file: StaticMultiInstance21.xml
  in .DistributedSender1.HlaManager
Because:
Module not found
	at org.hlacerti.lib.HlaManager1516e.initialize(HlaManager1516e.java:787)
	at org.hlacerti.lib.HlaManager.initialize(HlaManager.java:900)
	at ptolemy.actor.CompositeActor.initialize(CompositeActor.java:912)
	at ptolemy.actor.Manager.initialize(Manager.java:724)
	at ptolemy.actor.Manager.execute(Manager.java:356)
	at ptolemy.actor.lib.hoc.ModelReference.fire(ModelReference.java:586)
	... 8 more
Caused by: hla.rti1516e.exceptions.CouldNotOpenFDD: Module not found
	at certi.rti1516e.impl.CertiRtiAmbassador.translateException(CertiRtiAmbassador.java:4042)
	at certi.rti1516e.impl.CertiRtiAmbassador.processRequest(CertiRtiAmbassador.java:3948)
	at certi.rti1516e.impl.CertiRtiAmbassador.createFederationExecution(CertiRtiAmbassador.java:424)
	at org.hlacerti.lib.HlaManager1516e.initialize(HlaManager1516e.java:751)
	... 13 more
ptolemy.kernel.util.IllegalActionException: RTIG could not find FED file: StaticMultiInstance21.xml
  in .DistributedReceiver1.HlaManager
Because:
Module not found
	at org.hlacerti.lib.HlaManager1516e.initialize(HlaManager1516e.java:787)
	at org.hlacerti.lib.HlaManager.initialize(HlaManager.java:900)
	at ptolemy.actor.CompositeActor.initialize(CompositeActor.java:912)
	at ptolemy.actor.Manager.initialize(Manager.java:724)
	at ptolemy.actor.Manager.execute(Manager.java:356)
	at ptolemy.actor.lib.hoc.ModelReference$1.run(ModelReference.java:626)
Caused by: hla.rti1516e.exceptions.CouldNotOpenFDD: Module not found
	at certi.rti1516e.impl.CertiRtiAmbassador.translateException(CertiRtiAmbassador.java:4042)
	at certi.rti1516e.impl.CertiRtiAmbassador.processRequest(CertiRtiAmbassador.java:3948)
	at certi.rti1516e.impl.CertiRtiAmbassador.createFederationExecution(CertiRtiAmbassador.java:424)
	at org.hlacerti.lib.HlaManager1516e.initialize(HlaManager1516e.java:751)
	... 5 more
Caused by: hla.rti1516e.exceptions.CouldNotOpenFDD: Module not found
	at certi.rti1516e.impl.CertiRtiAmbassador.translateException(CertiRtiAmbassador.java:4042)
	at certi.rti1516e.impl.CertiRtiAmbassador.processRequest(CertiRtiAmbassador.java:3948)
	at certi.rti1516e.impl.CertiRtiAmbassador.createFederationExecution(CertiRtiAmbassador.java:424)
	at org.hlacerti.lib.HlaManager1516e.initialize(HlaManager1516e.java:751)
	at org.hlacerti.lib.HlaManager.initialize(HlaManager.java:900)
	at ptolemy.actor.CompositeActor.initialize(CompositeActor.java:912)
	at ptolemy.actor.Manager.initialize(Manager.java:724)
	at ptolemy.actor.Manager.execute(Manager.java:356)
	at ptolemy.actor.lib.hoc.ModelReference$1.run(ModelReference.java:626)
java.lang.RuntimeException: ptolemy.kernel.util.IllegalActionException: RTIG could not find FED file: StaticMultiInstance21.xml
  in .DistributedReceiver1.HlaManager
Because:
Module not found
	at ptolemy.util.MessageHandler.error(MessageHandler.java:115)
	at ptolemy.actor.lib.hoc.ModelReference.executionError(ModelReference.java:450)
	at ptolemy.actor.Manager$ErrorReportingThread.run(Manager.java:1908)
Caused by: ptolemy.kernel.util.IllegalActionException: RTIG could not find FED file: StaticMultiInstance21.xml
  in .DistributedReceiver1.HlaManager
Because:
Module not found
	at org.hlacerti.lib.HlaManager1516e.initialize(HlaManager1516e.java:787)
	at org.hlacerti.lib.HlaManager.initialize(HlaManager.java:900)
	at ptolemy.actor.CompositeActor.initialize(CompositeActor.java:912)
	at ptolemy.actor.Manager.initialize(Manager.java:724)
	at ptolemy.actor.Manager.execute(Manager.java:356)
	at ptolemy.actor.lib.hoc.ModelReference$1.run(ModelReference.java:626)
Caused by: hla.rti1516e.exceptions.CouldNotOpenFDD: Module not found
	at certi.rti1516e.impl.CertiRtiAmbassador.translateException(CertiRtiAmbassador.java:4042)
	at certi.rti1516e.impl.CertiRtiAmbassador.processRequest(CertiRtiAmbassador.java:3948)
	at certi.rti1516e.impl.CertiRtiAmbassador.createFederationExecution(CertiRtiAmbassador.java:424)
	at org.hlacerti.lib.HlaManager1516e.initialize(HlaManager1516e.java:751)
	... 5 more
Jun 06, 2022 2:09:58 AM hla.rti1516e.impl.CertiRtiFactory getRtiAmbassador
INFO:         getRtiAmbassador
Jun 06, 2022 2:09:58 AM hla.rti1516e.impl.CertiRtiFactory getRtiAmbassador
INFO:         getRtiAmbassador
Jun 06, 2022 2:09:59 AM hla.rti1516e.impl.CertiRtiFactory getRtiAmbassador
INFO:         getRtiAmbassador
java.lang.RuntimeException: Execution failed
	at ptolemy.moml.MoMLSimpleApplication$UnloadThread.run(MoMLSimpleApplication.java:402)
Caused by: ptolemy.kernel.util.IllegalActionException: Execution failed.
  in .2Values2Instances_1516.DistributedSender1
Because:
RTIG could not find FED file: StaticMultiInstance22.xml
  in .DistributedSender1.HlaManager
Because:
Module not found
	at ptolemy.actor.lib.hoc.ModelReference.fire(ModelReference.java:588)
	at ptolemy.vergil.actor.lib.VisualModelReference.fire(VisualModelReference.java:414)
	at ptolemy.actor.AtomicActor.iterate(AtomicActor.java:512)
	at ptolemy.actor.Director.fire(Director.java:360)
	at ptolemy.actor.CompositeActor.fire(CompositeActor.java:455)
	at ptolemy.actor.Manager.iterate(Manager.java:851)
	at ptolemy.actor.Manager.execute(Manager.java:369)
	at ptolemy.actor.Manager.run(Manager.java:1263)
	at ptolemy.actor.Manager$PtolemyRunThread.run(Manager.java:1933)
Caused by: ptolemy.kernel.util.IllegalActionException: RTIG could not find FED file: StaticMultiInstance22.xml
  in .DistributedSender1.HlaManager
Because:
Module not found
	at org.hlacerti.lib.HlaManager1516e.initialize(HlaManager1516e.java:787)
	at org.hlacerti.lib.HlaManager.initialize(HlaManager.java:900)
	at ptolemy.actor.CompositeActor.initialize(CompositeActor.java:912)
	at ptolemy.actor.Manager.initialize(Manager.java:724)
	at ptolemy.actor.Manager.execute(Manager.java:356)
	at ptolemy.actor.lib.hoc.ModelReference.fire(ModelReference.java:586)
	... 8 more
Caused by: hla.rti1516e.exceptions.CouldNotOpenFDD: Module not found
	at certi.rti1516e.impl.CertiRtiAmbassador.translateException(CertiRtiAmbassador.java:4042)
	at certi.rti1516e.impl.CertiRtiAmbassador.processRequest(CertiRtiAmbassador.java:3948)
	at certi.rti1516e.impl.CertiRtiAmbassador.createFederationExecution(CertiRtiAmbassador.java:424)
	at org.hlacerti.lib.HlaManager1516e.initialize(HlaManager1516e.java:751)
	... 13 more
ptolemy.kernel.util.IllegalActionException: RTIG could not find FED file: StaticMultiInstance22.xml
  in .DistributedReceiver1.HlaManager
Because:
Module not found
	at org.hlacerti.lib.HlaManager1516e.initialize(HlaManager1516e.java:787)
	at org.hlacerti.lib.HlaManager.initialize(HlaManager.java:900)
	at ptolemy.actor.CompositeActor.initialize(CompositeActor.java:912)
	at ptolemy.actor.Manager.initialize(Manager.java:724)
	at ptolemy.actor.Manager.execute(Manager.java:356)
	at ptolemy.actor.lib.hoc.ModelReference$1.run(ModelReference.java:626)
Caused by: hla.rti1516e.exceptions.CouldNotOpenFDD: Module not found
	at certi.rti1516e.impl.CertiRtiAmbassador.translateException(CertiRtiAmbassador.java:4042)
	at certi.rti1516e.impl.CertiRtiAmbassador.processRequest(CertiRtiAmbassador.java:3948)
	at certi.rti1516e.impl.CertiRtiAmbassador.createFederationExecution(CertiRtiAmbassador.java:424)
	at org.hlacerti.lib.HlaManager1516e.initialize(HlaManager1516e.java:751)
	... 5 more
Caused by: hla.rti1516e.exceptions.CouldNotOpenFDD: Module not found
	at certi.rti1516e.impl.CertiRtiAmbassador.translateException(CertiRtiAmbassador.java:4042)
	at certi.rti1516e.impl.CertiRtiAmbassador.processRequest(CertiRtiAmbassador.java:3948)
	at certi.rti1516e.impl.CertiRtiAmbassador.createFederationExecution(CertiRtiAmbassador.java:424)
	at org.hlacerti.lib.HlaManager1516e.initialize(HlaManager1516e.java:751)
	at org.hlacerti.lib.HlaManager.initialize(HlaManager.java:900)
	at ptolemy.actor.CompositeActor.initialize(CompositeActor.java:912)
	at ptolemy.actor.Manager.initialize(Manager.java:724)
	at ptolemy.actor.Manager.execute(Manager.java:356)
	at ptolemy.actor.lib.hoc.ModelReference$1.run(ModelReference.java:626)
java.lang.RuntimeException: ptolemy.kernel.util.IllegalActionException: RTIG could not find FED file: StaticMultiInstance22.xml
  in .DistributedReceiver1.HlaManager
Because:
Module not found
	at ptolemy.util.MessageHandler.error(MessageHandler.java:115)
	at ptolemy.actor.lib.hoc.ModelReference.executionError(ModelReference.java:450)
	at ptolemy.actor.Manager$ErrorReportingThread.run(Manager.java:1908)
Caused by: ptolemy.kernel.util.IllegalActionException: RTIG could not find FED file: StaticMultiInstance22.xml
  in .DistributedReceiver1.HlaManager
Because:
Module not found
	at org.hlacerti.lib.HlaManager1516e.initialize(HlaManager1516e.java:787)
	at org.hlacerti.lib.HlaManager.initialize(HlaManager.java:900)
	at ptolemy.actor.CompositeActor.initialize(CompositeActor.java:912)
	at ptolemy.actor.Manager.initialize(Manager.java:724)
	at ptolemy.actor.Manager.execute(Manager.java:356)
	at ptolemy.actor.lib.hoc.ModelReference$1.run(ModelReference.java:626)
Caused by: hla.rti1516e.exceptions.CouldNotOpenFDD: Module not found
	at certi.rti1516e.impl.CertiRtiAmbassador.translateException(CertiRtiAmbassador.java:4042)
	at certi.rti1516e.impl.CertiRtiAmbassador.processRequest(CertiRtiAmbassador.java:3948)
	at certi.rti1516e.impl.CertiRtiAmbassador.createFederationExecution(CertiRtiAmbassador.java:424)
	at org.hlacerti.lib.HlaManager1516e.initialize(HlaManager1516e.java:751)
	... 5 more
Jun 06, 2022 2:10:11 AM hla.rti1516e.impl.CertiRtiFactory getRtiAmbassador
INFO:         getRtiAmbassador
Jun 06, 2022 2:10:12 AM hla.rti1516e.impl.CertiRtiFactory getRtiAmbassador
INFO:         getRtiAmbassador
Jun 06, 2022 2:10:24 AM hla.rti1516e.impl.CertiRtiFactory getRtiAmbassador
INFO:         getRtiAmbassador
Jun 06, 2022 2:10:25 AM hla.rti1516e.impl.CertiRtiFactory getRtiAmbassador
INFO:         getRtiAmbassador
Jun 06, 2022 2:10:40 AM hla.rti1516e.impl.CertiRtiFactory getRtiAmbassador
INFO:         getRtiAmbassador
Jun 06, 2022 2:10:41 AM hla.rti1516e.impl.CertiRtiFactory getRtiAmbassador
INFO:         getRtiAmbassador
Jun 06, 2022 2:10:41 AM hla.rti1516e.impl.CertiRtiFactory getRtiAmbassador
INFO:         getRtiAmbassador
]]></system-err>
</testsuite>
