<?xml version="1.0" encoding="UTF-8" ?>
<testsuite errors="0" failures="0" hostname="travis-job-e34a0d6c-6c61-4143-862f-0ec7bc45e674" name="ptolemy.cg.lib.test.junit.JUnitTclTest" skipped="0" tests="37" time="124.076" timestamp="2020-08-01T15:25:06">
  <properties>
    <property name="npm.executable" value="npm" />
    <property name="env.TRAVIS_ROOT" value="/" />
    <property name="ptII.mk.exists" value="true" />
    <property name="env.TRAVIS_APP_HOST" value="build.travis-ci.org" />
    <property name="env.rvm_bin_path" value="/home/travis/.rvm/bin" />
    <property name="java.home" value="/usr/local/lib/jvm/openjdk11" />
    <property name="env.TRAVIS_JOB_NUMBER" value="1719.10" />
    <property name="env.TRAVIS_HOME" value="/home/travis" />
    <property name="env.DISPLAY" value=":99.0" />
    <property name="env.TRAVIS_INIT" value="systemd" />
    <property name="env.SSH_TTY" value="/dev/pts/0" />
    <property name="java.net.preferIPv4Stack" value="true" />
    <property name="env.RUN_TESTS" value="true" />
    <property name="timeout.short" value="1000000" />
    <property name="junit.formatter" value="xml" />
    <property name="env.TRAVIS_SUDO" value="true" />
    <property name="env.TRAVIS_JOB_NAME" value="" />
    <property name="env.TRAVIS_STACK_NODE_ATTRIBUTES" value="/.node-attributes.yml" />
    <property name="env.LOGNAME" value="travis" />
    <property name="jsdoc.home" value="node_modules/@terraswarm/jsdoc" />
    <property name="debuglevel" value="source,lines,vars" />
    <property name="checkstyle.formatter" value="xml" />
    <property name="bin.vergil.makeable" value="true" />
    <property name="sun.os.patch.level" value="unknown" />
    <property name="java.vendor.url" value="http://java.oracle.com/" />
    <property name="env.TRAVIS_BUILD_WEB_URL" value="https://travis-ci.org/icyphy/ptII/builds/714011516" />
    <property name="java.version" value="11.0.2" />
    <property name="env.TZ" value="UTC" />
    <property name="env.TRAVIS_PULL_REQUEST_SHA" value="" />
    <property name="env.PT_NO_NET" value="true" />
    <property name="env.TRAVIS_SECURE_ENV_VARS" value="true" />
    <property name="java.vendor.url.bug" value="http://bugreport.java.com/bugreport/" />
    <property name="npmjs-org-is-up" value="true" />
    <property name="env.LANGUAGE" value="en_US.UTF-8" />
    <property name="env.SSH_CLIENT" value="10.16.1.115 34384 22" />
    <property name="env.GEM_HOME" value="/home/travis/.rvm/gems/ruby-2.5.3" />
    <property name="env.HAS_ANTARES_THREE_LITTLE_FRONZIES_BADGE" value="true" />
    <property name="java.version.date" value="2019-01-15" />
    <property name="env.PS4" value="+" />
    <property name="ant.project.invoked-targets" value="build,test.core3.xml" />
    <property name="env.TRAVIS_PULL_REQUEST_BRANCH" value="" />
    <property name="env.TRAVIS_REPO_SLUG" value="icyphy/ptII" />
    <property name="env.XDG_DATA_DIRS" value="/usr/local/share:/usr/share:/var/lib/snapd/desktop" />
    <property name="jdk.debug" value="release" />
    <property name="env.TRAVIS_APT_PROXY" value="http://build-cache.travisci.net" />
    <property name="env.TRAVIS_CPU_ARCH" value="amd64" />
    <property name="node.in.path" value="true" />
    <property name="user.name" value="travis" />
    <property name="java.maxmemory" value="1400m" />
    <property name="env.RUBY_VERSION" value="ruby-2.5.3" />
    <property name="env.LANG" value="en_US.UTF-8" />
    <property name="sun.io.unicode.encoding" value="UnicodeLittle" />
    <property name="sun.jnu.encoding" value="UTF-8" />
    <property name="java.runtime.name" value="OpenJDK Runtime Environment" />
    <property name="usefile" value="false" />
    <property name="return.code" value="0" />
    <property name="junit.single.formatter" value="plain" />
    <property name="env.DYLD_LIBRARY_PATH" value="/home/travis/pthla/certi-tools/lib:" />
    <property name="env.DEBIAN_FRONTEND" value="noninteractive" />
    <property name="env.SSH_CONNECTION" value="10.16.1.115 34384 10.20.0.64 22" />
    <property name="env.MYSQL_UNIX_PORT" value="/var/run/mysqld/mysqld.sock" />
    <property name="env.LC_ALL" value="en_US.UTF-8" />
    <property name="env.TRAVIS_ALLOW_FAILURE" value="" />
    <property name="env.TRAVIS_JOB_WEB_URL" value="https://travis-ci.org/icyphy/ptII/jobs/714011553" />
    <property name="java.specification.name" value="Java Platform API Specification" />
    <property name="node.works" value="true" />
    <property name="user.timezone" value="" />
    <property name="path.separator" value=":" />
    <property name="env.TRAVIS_ENABLE_INFRA_DETECTION" value="true" />
    <property name="env.PYTHON_CFLAGS" value="-g -fstack-protector --param=ssp-buffer-size=4 -Wformat -Werror=format-security" />
    <property name="timeout.long" value="4000000" />
    <property name="env.CERTI_HOME" value="/home/travis/pthla/certi-tools" />
    <property name="ant.file.ptII" value="/home/travis/build/icyphy/ptII/build.xml" />
    <property name="javadoc.packagenames" value="com.*,diva.*,lbnl.*,org.hlacerti.*,org.json.*,org.ptolemy.*,org.terraswarm.*,ptolemy.*,ptserver.*" />
    <property name="file.encoding" value="UTF-8" />
    <property name="env.TRAVIS_PULL_REQUEST_SLUG" value="" />
    <property name="ant.project.default-target" value="build" />
    <property name="env.GIT_ASKPASS" value="echo" />
    <property name="env.HOME" value="/home/travis" />
    <property name="sun.java.command" value="org.apache.tools.ant.taskdefs.optional.junit.JUnitTestRunner ptolemy.cg.lib.test.junit.JUnitTclTest skipNonTests=false filtertrace=true haltOnError=false haltOnFailure=false formatter=org.apache.tools.ant.taskdefs.optional.junit.OutErrSummaryJUnitResultFormatter showoutput=true outputtoformatters=true logfailedtests=true threadid=0 logtestlistenerevents=false formatter=org.apache.tools.ant.taskdefs.optional.junit.XMLJUnitResultFormatter,/home/travis/build/icyphy/ptII/reports/junit/TEST-ptolemy.cg.lib.test.junit.JUnitTclTest.xml crashfile=/home/travis/build/icyphy/ptII/junitvmwatcher7992076568492208326.properties propsfile=/home/travis/build/icyphy/ptII/junit17710687566397742063.properties" />
    <property name="env.COMPOSER_NO_INTERACTION" value="1" />
    <property name="env.MANPATH" value="/home/travis/.nvm/versions/node/v7.10.1/share/man:/home/travis/.rvm/rubies/ruby-2.5.3/share/man:/usr/local/cmake-3.12.4/man:/usr/local/clang-7.0.0/share/man:/usr/local/man:/usr/local/share/man:/usr/share/man:/home/travis/.rvm/man" />
    <property name="env.TRAVIS_TIMER_ID" value="01814cb8" />
    <property name="ant.file" value="/home/travis/build/icyphy/ptII/build.xml" />
    <property name="env.TRAVIS_COMMIT_RANGE" value="17979da7832bb1a899771395d4b6dec33713c3c1...3bb573e462e9b4151952318d01b7e361e9f419ad" />
    <property name="ptII.classpath.optional.property" value="/home/travis/build/icyphy/ptII/lib/bsh-2.0b4.jar:/home/travis/build/icyphy/ptII/lib/ptCal.jar:/home/travis/build/icyphy/ptII/lib/java_cup.jar:/home/travis/build/icyphy/ptII/lib/saxon8.jar:/home/travis/build/icyphy/ptII/lib/saxon8-dom.jar:/home/travis/build/icyphy/ptII/lib/chic.jar:/home/travis/build/icyphy/ptII/lib/ptcolt.jar:/home/travis/build/icyphy/ptII/vendors/misc/itext/iText.jar:/home/travis/build/icyphy/ptII/lib/g4ltl.jar:/home/travis/build/icyphy/ptII/lib/StructuralCoder.jar:/home/travis/build/icyphy/ptII/lib/jcerti.jar:/home/travis/build/icyphy/ptII/lib/javax.mail.jar:/home/travis/build/icyphy/ptII/vendors/JMF-2.1.1e/lib/jmf.jar:/home/travis/build/icyphy/ptII/lib/jna-4.0.0-variadic.jar:/home/travis/build/icyphy/ptII/vendors/misc/joystick/Joystick.jar:/home/travis/build/icyphy/ptII/lib/ptjacl.jar:/home/travis/build/icyphy/ptII/lib/jsoup-1.8.2.jar:/home/travis/build/icyphy/ptII/lib/junit-4.8.2.jar:/home/travis/build/icyphy/ptII/lib/JUnitParams-0.4.0.jar:/home/travis/build/icyphy/ptII/ptolemy/actor/lib/excel/jxl.jar:/home/travis/build/icyphy/ptII/lib/jython.jar:/home/travis/build/icyphy/ptII/lib/kieler.jar:/home/travis/build/icyphy/ptII/vendors/opencv/share/OpenCV/java/opencv-341.jar:/home/travis/build/icyphy/ptII/lib/oscP5.jar:/home/travis/build/icyphy/ptII/lib/nrjavaserial-3.11.0.devel.jar:/home/travis/build/icyphy/ptII/vendors/j3d/lib/Linux/j3dcore.jar:/home/travis/build/icyphy/ptII/vendors/j3d/lib/Linux/j3dutils.jar:/home/travis/build/icyphy/ptII/vendors/j3d/lib/Linux/vecmath.jar:/home/travis/build/icyphy/ptII/vendors/jogl/lib/Linux/gluegen-rt-natives-linux-amd64.jar:/home/travis/build/icyphy/ptII/vendors/jogl/lib/Linux/gluegen-rt.jar:/home/travis/build/icyphy/ptII/vendors/jogl/lib/Linux/jogl-all-natives-linux-amd64.jar:/home/travis/build/icyphy/ptII/vendors/jogl/lib/Linux/jogl-all.jar:/home/travis/build/icyphy/ptII/ptolemy/distributed/jini/jar/jini-core.jar:/home/travis/build/icyphy/ptII/ptolemy/distributed/jini/jar/jini-ext.jar:/home/travis/build/icyphy/ptII/ptolemy/distributed/jini/jar/sun-util.jar:/home/travis/build/icyphy/ptII/lib/protobuf-java-2.4.1.jar:/home/travis/build/icyphy/ptII/lib/org.eclipse.paho.client.mqttv3.jar:/home/travis/build/icyphy/ptII/lib/mapss.jar:/home/travis/build/icyphy/ptII/ptolemy/actor/ptalon/antlr/antlr.jar:/home/travis/build/icyphy/ptII/lib/JRI.jar:/home/travis/build/icyphy/ptII/lib/commons-lang-2.6.jar:/home/travis/build/icyphy/ptII/lib/commons-logging-1.1.1.jar:/home/travis/build/icyphy/ptII/lib/sootclasses.jar:/home/travis/build/icyphy/ptII/ptolemy/actor/lib/database/mysql-connector-java-5.1.6-bin.jar:/home/travis/build/icyphy/ptII/vendors/misc/sphinx4/sphinx4-data-5prealpha.jar:/home/travis/build/icyphy/ptII/vendors/misc/sphinx4/sphinx4-core-5prealpha.jar:/home/travis/build/icyphy/ptII/lib/PDFRenderer.jar:/home/travis/build/icyphy/ptII/lib/svgSalamander.jar:/home/travis/build/icyphy/ptII/lib/rsyntaxtextarea-2.6.0-SNAPSHOT.jar:/home/travis/build/icyphy/ptII/lib/hazelcast-3.8.2.jar:/home/travis/build/icyphy/ptII/lib/jackson-annotations-2.9.0.jar:/home/travis/build/icyphy/ptII/lib/jackson-core-2.9.3.jar:/home/travis/build/icyphy/ptII/lib/jackson-databind-2.9.3.jar:/home/travis/build/icyphy/ptII/lib/netty-buffer-4.1.19.Final.jar:/home/travis/build/icyphy/ptII/lib/netty-codec-4.1.19.Final.jar:/home/travis/build/icyphy/ptII/lib/netty-codec-dns-4.1.19.Final.jar:/home/travis/build/icyphy/ptII/lib/netty-codec-http-4.1.19.Final.jar:/home/travis/build/icyphy/ptII/lib/netty-codec-http2-4.1.19.Final.jar:/home/travis/build/icyphy/ptII/lib/netty-common-4.1.19.Final.jar:/home/travis/build/icyphy/ptII/lib/netty-handler-4.1.19.Final.jar:/home/travis/build/icyphy/ptII/lib/netty-resolver-4.1.19.Final.jar:/home/travis/build/icyphy/ptII/lib/netty-resolver-dns-4.1.19.Final.jar:/home/travis/build/icyphy/ptII/lib/netty-transport-4.1.19.Final.jar:/home/travis/build/icyphy/ptII/lib/vertx-codegen-3.5.1.jar:/home/travis/build/icyphy/ptII/lib/vertx-core-3.5.2-SNAPSHOT.jar:/home/travis/build/icyphy/ptII/lib/vertx-hazelcast-3.5.1.jar:/home/travis/build/icyphy/ptII/lib/vertx-lang-js-3.5.1.jar:/home/travis/build/icyphy/ptII/lib/vertx-service-proxy-3.5.1.jar:/home/travis/build/icyphy/ptII/lib/vertx-web-3.5.1.jar:/home/travis/build/icyphy/ptII/lib/slf4j-api-1.7.13.jar:/home/travis/build/icyphy/ptII/lib/slf4j-simple-1.7.13.jar:/home/travis/build/icyphy/ptII/lib/webcam-capture-0.3.12.jar:/home/travis/build/icyphy/ptII/lib/bridj-0.7.0.jar:/home/travis/build/icyphy/ptII/lib/xbjlib-1.1.0.nrjavaserial.jar" />
    <property name="timeout" value="2400000" />
    <property name="test.batch" value="**/junit/*.java" />
    <property name="env._" value="/usr/bin/timeout" />
    <property name="java.io.tmpdir" value="/tmp" />
    <property name="user.language" value="en" />
    <property name="env.TRAVIS_INTERNAL_RUBY_REGEX" value="^ruby-(2\.[0-4]\.[0-9]|1\.9\.3)" />
    <property name="env.HISTCONTROL" value="ignoredups:ignorespace" />
    <property name="env.GOROOT" value="/home/travis/.gimme/versions/go1.11.1.linux.amd64" />
    <property name="line.separator" value="&#xa;" />
    <property name="target" value="11" />
    <property name="env.TRAVIS_BUILD_DIR" value="/home/travis/build/icyphy/ptII" />
    <property name="env.ANT_OPTS" value="-Xmx2048m" />
    <property name="ant.file.type" value="file" />
    <property name="ptolemy.ptII.batchMode" value="true" />
    <property name="env.HISTSIZE" value="1000" />
    <property name="env.MERB_ENV" value="test" />
    <property name="java.vm.info" value="mixed mode" />
    <property name="source" value="11" />
    <property name="java.vm.specification.name" value="Java Virtual Machine Specification" />
    <property name="env.TRAVIS_TEST_RESULT" value="0" />
    <property name="jsdoc.command" value="node_modules/@terraswarm/jsdoc/jsdoc.js" />
    <property name="npm.works" value="true" />
    <property name="cobertura.dir" value="/home/travis/build/icyphy/ptII/vendors/cobertura-2.0.3" />
    <property name="jsdoc.command.exists" value="true" />
    <property name="env.rvm_path" value="/home/travis/.rvm" />
    <property name="env.GEM_PATH" value="/home/travis/.rvm/gems/ruby-2.5.3:/home/travis/.rvm/gems/ruby-2.5.3@global" />
    <property name="env.LC_CTYPE" value="en_US.UTF-8" />
    <property name="env.TRAVIS_CMD" value="$PTII/bin/ptIITravisBuild.sh $SECONDS" />
    <property name="java.awt.printerjob" value="sun.print.PSPrinterJob" />
    <property name="env.TRAVIS_STACK_NAME" value="sardonyx" />
    <property name="env.TRAVIS_TIMER_START_TIME" value="1596294791354809807" />
    <property name="ant.version" value="Apache Ant(TM) version 1.10.1 compiled on February 2 2017" />
    <property name="ptII.reports" value="/home/travis/build/icyphy/ptII/reports" />
    <property name="env.TRAVIS_STACK_TIMESTAMP" value="2020-06-24 13:13:18 UTC" />
    <property name="ant.file.type.ptII" value="file" />
    <property name="env.PT_TRAVIS_TEST_CORE3_XML" value="true" />
    <property name="env.RBENV_SHELL" value="bash" />
    <property name="os.name" value="Linux" />
    <property name="java.specification.vendor" value="Oracle Corporation" />
    <property name="env.rvm_version" value="1.29.10 (latest)" />
    <property name="env.TRAVIS_INFRA" value="unknown" />
    <property name="env.TERM" value="xterm" />
    <property name="java.vm.name" value="OpenJDK 64-Bit Server VM" />
    <property name="env.TRAVIS_BUILD_NUMBER" value="1719" />
    <property name="env.CI" value="true" />
    <property name="java.library.path" value="/home/travis/pthla/certi-tools/lib:/usr/lib/jni:/usr/local/share/OpenCV/java/:/usr/share/OpenCV/java::/usr/java/packages/lib:/usr/lib64:/lib64:/lib:/usr/lib" />
    <property name="jdk.module.path" value="/home/travis/build/icyphy/ptII/vendors/javafx/javafx-sdk-11.0.2/lib:" />
    <property name="env.rvm_prefix" value="/home/travis" />
    <property name="env.PATH" value="/home/travis/pthla/certi-tools/share/scripts:/home/travis/.rvm/gems/ruby-2.5.3/bin:/home/travis/.rvm/gems/ruby-2.5.3@global/bin:/home/travis/.rvm/rubies/ruby-2.5.3/bin:/home/travis/.rvm/bin:/home/travis/.nvm/versions/node/v7.10.1/bin:./node_modules/.bin:/home/travis/build/icyphy/ptII/bin:/home/travis/pthla/certi-tools/bin:/home/travis/bin:/home/travis/.local/bin:/usr/local/lib/jvm/openjdk11/bin:/opt/pyenv/shims:/home/travis/.phpenv/shims:/home/travis/perl5/perlbrew/bin:/home/travis/gopath/bin:/home/travis/.gimme/versions/go1.11.1.linux.amd64/bin:/usr/local/maven-3.6.3/bin:/usr/local/cmake-3.12.4/bin:/usr/local/clang-7.0.0/bin:/usr/local/sbin:/usr/local/bin:/usr/sbin:/usr/bin:/sbin:/bin:/snap/bin:/home/travis/.phpenv/bin:/opt/pyenv/bin:/home/travis/.yarn/bin" />
    <property name="env.TRAVIS_OS_NAME" value="linux" />
    <property name="ant.java.version" value="9" />
    <property name="basedir" value="/home/travis/build/icyphy/ptII" />
    <property name="java.class.version" value="55.0" />
    <property name="env.SHLVL" value="3" />
    <property name="env.LD_LIBRARY_PATH" value="/home/travis/pthla/certi-tools/lib:/usr/lib/jni:/usr/local/share/OpenCV/java/:/usr/share/OpenCV/java:" />
    <property name="env.RACK_ENV" value="test" />
    <property name="ant.home" value="/home/travis/build/icyphy/ptII/ant" />
    <property name="env.NVM_DIR" value="/home/travis/.nvm" />
    <property name="env.CERTI_FOM_PATH" value="/home/travis/pthla/certi-tools/share/federations" />
    <property name="env.TRAVIS_BUILD_ID" value="714011516" />
    <property name="env.PYENV_ROOT" value="/opt/pyenv" />
    <property name="env.TRAVIS_UID" value="2000" />
    <property name="prism.verbose" value="true" />
    <property name="env.NVM_BIN" value="/home/travis/.nvm/versions/node/v7.10.1/bin" />
    <property name="env.TRAVIS_COMMIT" value="3bb573e462e9b4151952318d01b7e361e9f419ad" />
    <property name="node.executable" value="node" />
    <property name="sun.boot.library.path" value="/usr/local/lib/jvm/openjdk11/lib" />
    <property name="sun.management.compiler" value="HotSpot 64-Bit Tiered Compilers" />
    <property name="java.awt.graphicsenv" value="sun.awt.X11GraphicsEnvironment" />
    <property name="env.GOPATH" value="/home/travis/gopath" />
    <property name="ptolemy.ptII.dir" value="/home/travis/build/icyphy/ptII" />
    <property name="env.USER" value="travis" />
    <property name="env.HISTFILESIZE" value="2000" />
    <property name="env.NVM_INC" value="/home/travis/.nvm/versions/node/v7.10.1/include/node" />
    <property name="timeout.longest" value="19000000" />
    <property name="env.PERLBREW_SHELLRC_VERSION" value="0.88" />
    <property name="env.TRAVIS_STACK_FEATURES" value="basic couchdb disabled-ipv6 docker docker-compose elasticsearch firefox go-toolchain google-chrome jdk memcached mongodb mysql nodejs_interpreter perl_interpreter perlbrew phantomjs postgresql python_interpreter redis ruby_interpreter sqlite xserver" />
    <property name="env.TRAVIS_PULL_REQUEST" value="false" />
    <property name="env.PYENV_SHELL" value="bash" />
    <property name="ant.project.name" value="ptII" />
    <property name="env.ANSI_RESET" value="\033[0m" />
    <property name="java.vm.specification.version" value="11" />
    <property name="env.TRAVIS_DIST" value="xenial" />
    <property name="env.CERTI_VERSION" value="4.0.0" />
    <property name="env.CERTI_HOST" value="localhost" />
    <property name="awt.toolkit" value="sun.awt.X11.XToolkit" />
    <property name="env.MY_RUBY_HOME" value="/home/travis/.rvm/rubies/ruby-2.5.3" />
    <property name="sun.cpu.isalist" value="" />
    <property name="env.TRAVIS_TMPDIR" value="/tmp/tmp.a6vIWQvlrW" />
    <property name="java.vm.compressedOopsMode" value="Zero based" />
    <property name="os.version" value="4.15.0-1077-gcp" />
    <property name="user.home" value="/home/travis" />
    <property name="java.vm.vendor" value="Oracle Corporation" />
    <property name="env.TRAVIS_TAG" value="nightly" />
    <property name="env.ANSI_YELLOW" value="\033[33;1m" />
    <property name="env.TRAVIS_FILTERED" value="redirect_io" />
    <property name="env.ANSI_GREEN" value="\033[32;1m" />
    <property name="env.JAVA_HOME" value="/usr/local/lib/jvm/openjdk11" />
    <property name="javadoc.excludepackagenames" value="adm.cvs2svn.*,build.*,config.*,doc.coding.templates.*,jni.test.jni.meaningOfLife.*,jni.test.jni.testDeux.*,jni.test.jni.testTrois.*,org.terraswarm.accessor.accessors.web.node_modules.*,org.terraswarm.accessor.accessors.web.hosts.cordova.demo.*,org.terraswarm.accessor.accessors.web.hosts.cordova.plugins.*,org.terraswarm.accessor.accessors-svn.*,pt-modules.*,ptolemy.apps.agilent.*,ptolemy.apps.anytimecontrol.*,ptolemy.apps.apes.*,ptolemy.apps.charon.*,ptolemy.apps.crazyboard.*,ptolemy.apps.eclipse.*,ptolemy.apps.etherealSting.*,ptolemy.apps.fullscreen.*,ptolemy.apps.giotto.*,ptolemy.apps.ia.*,ptolemy.apps.interfaces.*,ptolemy.apps.jmf.*,ptolemy.apps.kurt.*,ptolemy.apps.kvm.*,ptolemy.apps.lego.*,ptolemy.apps.lejos.*,ptolemy.apps.midp.*,ptolemy.apps.mobileCoding.*,ptolemy.apps.pendulum.*,ptolemy.apps.rijndael.*,ptolemy.apps.robot.*,ptolemy.apps.security.*,ptolemy.apps.sobel.*,ptolemy.apps.soot.*,ptolemy.apps.throttle.*,ptolemy.apps.tini.*,ptolemy.apps.transmission.*,ptolemy.apps.vergil.*,ptolemy.apps.waba.*,ptolemy.apps.websensor.*,ptolemy.apps.webstart.*,ptolemy.apps.xsl.*,ptolemy.apps.zaurus.*,ptolemy.codegen.c.actor.lib.oldJavaFiles.*,ptolemy.codegen.dsp.lib.*,ptolemy.codegen.kernel.newInterfaces.*,ptolemy.codegen.lib.*,ptolemy.copernicus.kernel.fragment.*,ptolemy.copernicus.shallow.cg.*,ptolemy.domains.giotto.demo.Hierarchy.Hierarchy.*,ptolemy.domains.giotto.demo.Multimode.Multimode.*,ptolemy.domains.giotto.demo.Simple.Simple.*,ptolemy.domains.gr.lib.experimental.*,ptolemy.domains.gro.*,ptolemy.domains.pdf.*,ptolemy.domains.ptinyos.demo.Surge.output.*,ptolemy.moml.test.NoPackageActor.java*,ptolemy.plot.adm.*,ptolemy.plot.servlet.*,reports.*,signed.*,src.*,target.*,vendors.*,ptolemy.copernicus.applet.*,ptolemy.media.viewer.*,ptolemy.actor.corba.*,doc.doclets.*,ptolemy.apps.eclipse.awt.*,ptolemy.backtrack.*,ptolemy.backtrack.ast.*,ptolemy.cg.adapter.generic.program.procedural.c.mbed*,ptolemy.homer.*,ptolemy.actor.lib.jai.*,org.ptolemy.scala.*,diva.util.java2d.svg.*,ptolemy.domains.ptinyos.*,ptolemy.actor.lib.fmi.fmipp.*,,org.terraswarm.accessor.accessors.web.node_modules.*,org.terraswarm.accessor.accessors-svn,ptolemy.apps.*,ptolemy.actor.ptalon.demo.ptinyos.SendAndReceiveCnt.output,ptolemy.actor.ptalon.demo.ptinyos.SenseToLeds.output,ptolemy.domains.ptinyos.demo.CntToLedsAndRfm.output,ptolemy.domains.ptinyos.demo.RfmToLeds.output,ptolemy.domains.ptinyos.demo.SendAndReceiveCnt.output,ptolemy.domains.ptinyos.demo.SenseToLeds.output,ptolemy.actor.lib.jjs.modules.udpSocket.*" />
    <property name="env.PTII" value="/home/travis/build/icyphy/ptII" />
    <property name="env.XDG_SESSION_ID" value="2" />
    <property name="keystore" value="ptKeystore" />
    <property name="env.TRAVIS_COMMIT_MESSAGE" value="Removed duplicate $CLASSPATH/ptolemy/domains/sdf/demo/MaximumEntropySpectrum/MaximumEntropySpectrum.xml" />
    <property name="junit.output.dir" value="/home/travis/build/icyphy/ptII/reports/junit" />
    <property name="npm.return.code" value="0" />
    <property name="user.dir" value="/home/travis/build/icyphy/ptII/ptolemy/cg/lib/test" />
    <property name="env.TRAVIS_NODE_VERSION" value="7" />
    <property name="env.TRAVIS_EVENT_TYPE" value="cron" />
    <property name="env.MAIL" value="/var/mail/travis" />
    <property name="env.PERLBREW_ROOT" value="/home/travis/perl5/perlbrew" />
    <property name="env.PWD" value="/home/travis/build/icyphy/ptII" />
    <property name="timeout.npm" value="45000" />
    <property name="env.TRAVIS_ARCH" value="amd64" />
    <property name="sun.cpu.endian" value="little" />
    <property name="env.PAGER" value="cat" />
    <property name="env.TRAVIS_BUILD_STAGE_NAME" value="test" />
    <property name="env.PERLBREW_HOME" value="/home/travis/.perlbrew" />
    <property name="java.vm.version" value="11.0.2+9" />
    <property name="env.RAILS_ENV" value="test" />
    <property name="java.class.path" value="/home/travis/build/icyphy/ptII:/home/travis/build/icyphy/ptII/lib/bsh-2.0b4.jar:/home/travis/build/icyphy/ptII/lib/ptCal.jar:/home/travis/build/icyphy/ptII/lib/java_cup.jar:/home/travis/build/icyphy/ptII/lib/saxon8.jar:/home/travis/build/icyphy/ptII/lib/saxon8-dom.jar:/home/travis/build/icyphy/ptII/lib/chic.jar:/home/travis/build/icyphy/ptII/lib/ptcolt.jar:/home/travis/build/icyphy/ptII/vendors/misc/itext/iText.jar:/home/travis/build/icyphy/ptII/lib/g4ltl.jar:/home/travis/build/icyphy/ptII/lib/StructuralCoder.jar:/home/travis/build/icyphy/ptII/lib/jcerti.jar:/home/travis/build/icyphy/ptII/lib/javax.mail.jar:/home/travis/build/icyphy/ptII/vendors/JMF-2.1.1e/lib/jmf.jar:/home/travis/build/icyphy/ptII/lib/jna-4.0.0-variadic.jar:/home/travis/build/icyphy/ptII/vendors/misc/joystick/Joystick.jar:/home/travis/build/icyphy/ptII/lib/ptjacl.jar:/home/travis/build/icyphy/ptII/lib/jsoup-1.8.2.jar:/home/travis/build/icyphy/ptII/lib/junit-4.8.2.jar:/home/travis/build/icyphy/ptII/lib/JUnitParams-0.4.0.jar:/home/travis/build/icyphy/ptII/ptolemy/actor/lib/excel/jxl.jar:/home/travis/build/icyphy/ptII/lib/jython.jar:/home/travis/build/icyphy/ptII/lib/kieler.jar:/home/travis/build/icyphy/ptII/vendors/opencv/share/OpenCV/java/opencv-341.jar:/home/travis/build/icyphy/ptII/lib/oscP5.jar:/home/travis/build/icyphy/ptII/lib/nrjavaserial-3.11.0.devel.jar:/home/travis/build/icyphy/ptII/vendors/j3d/lib/Linux/j3dcore.jar:/home/travis/build/icyphy/ptII/vendors/j3d/lib/Linux/j3dutils.jar:/home/travis/build/icyphy/ptII/vendors/j3d/lib/Linux/vecmath.jar:/home/travis/build/icyphy/ptII/vendors/jogl/lib/Linux/gluegen-rt-natives-linux-amd64.jar:/home/travis/build/icyphy/ptII/vendors/jogl/lib/Linux/gluegen-rt.jar:/home/travis/build/icyphy/ptII/vendors/jogl/lib/Linux/jogl-all-natives-linux-amd64.jar:/home/travis/build/icyphy/ptII/vendors/jogl/lib/Linux/jogl-all.jar:/home/travis/build/icyphy/ptII/ptolemy/distributed/jini/jar/jini-core.jar:/home/travis/build/icyphy/ptII/ptolemy/distributed/jini/jar/jini-ext.jar:/home/travis/build/icyphy/ptII/ptolemy/distributed/jini/jar/sun-util.jar:/home/travis/build/icyphy/ptII/lib/protobuf-java-2.4.1.jar:/home/travis/build/icyphy/ptII/lib/org.eclipse.paho.client.mqttv3.jar:/home/travis/build/icyphy/ptII/lib/mapss.jar:/home/travis/build/icyphy/ptII/ptolemy/actor/ptalon/antlr/antlr.jar:/home/travis/build/icyphy/ptII/lib/JRI.jar:/home/travis/build/icyphy/ptII/lib/commons-lang-2.6.jar:/home/travis/build/icyphy/ptII/lib/commons-logging-1.1.1.jar:/home/travis/build/icyphy/ptII/lib/sootclasses.jar:/home/travis/build/icyphy/ptII/ptolemy/actor/lib/database/mysql-connector-java-5.1.6-bin.jar:/home/travis/build/icyphy/ptII/vendors/misc/sphinx4/sphinx4-data-5prealpha.jar:/home/travis/build/icyphy/ptII/vendors/misc/sphinx4/sphinx4-core-5prealpha.jar:/home/travis/build/icyphy/ptII/lib/PDFRenderer.jar:/home/travis/build/icyphy/ptII/lib/svgSalamander.jar:/home/travis/build/icyphy/ptII/lib/rsyntaxtextarea-2.6.0-SNAPSHOT.jar:/home/travis/build/icyphy/ptII/lib/hazelcast-3.8.2.jar:/home/travis/build/icyphy/ptII/lib/jackson-annotations-2.9.0.jar:/home/travis/build/icyphy/ptII/lib/jackson-core-2.9.3.jar:/home/travis/build/icyphy/ptII/lib/jackson-databind-2.9.3.jar:/home/travis/build/icyphy/ptII/lib/netty-buffer-4.1.19.Final.jar:/home/travis/build/icyphy/ptII/lib/netty-codec-4.1.19.Final.jar:/home/travis/build/icyphy/ptII/lib/netty-codec-dns-4.1.19.Final.jar:/home/travis/build/icyphy/ptII/lib/netty-codec-http-4.1.19.Final.jar:/home/travis/build/icyphy/ptII/lib/netty-codec-http2-4.1.19.Final.jar:/home/travis/build/icyphy/ptII/lib/netty-common-4.1.19.Final.jar:/home/travis/build/icyphy/ptII/lib/netty-handler-4.1.19.Final.jar:/home/travis/build/icyphy/ptII/lib/netty-resolver-4.1.19.Final.jar:/home/travis/build/icyphy/ptII/lib/netty-resolver-dns-4.1.19.Final.jar:/home/travis/build/icyphy/ptII/lib/netty-transport-4.1.19.Final.jar:/home/travis/build/icyphy/ptII/lib/vertx-codegen-3.5.1.jar:/home/travis/build/icyphy/ptII/lib/vertx-core-3.5.2-SNAPSHOT.jar:/home/travis/build/icyphy/ptII/lib/vertx-hazelcast-3.5.1.jar:/home/travis/build/icyphy/ptII/lib/vertx-lang-js-3.5.1.jar:/home/travis/build/icyphy/ptII/lib/vertx-service-proxy-3.5.1.jar:/home/travis/build/icyphy/ptII/lib/vertx-web-3.5.1.jar:/home/travis/build/icyphy/ptII/lib/slf4j-api-1.7.13.jar:/home/travis/build/icyphy/ptII/lib/slf4j-simple-1.7.13.jar:/home/travis/build/icyphy/ptII/lib/webcam-capture-0.3.12.jar:/home/travis/build/icyphy/ptII/lib/bridj-0.7.0.jar:/home/travis/build/icyphy/ptII/lib/xbjlib-1.1.0.nrjavaserial.jar:/home/travis/build/icyphy/ptII/ptolemy/moml/test:/home/travis/build/icyphy/ptII/ant/lib/ant-launcher.jar:/home/travis/build/icyphy/ptII/ant/lib/ant.jar:/home/travis/build/icyphy/ptII/ant/lib/ant-junit.jar:/home/travis/build/icyphy/ptII/ant/lib/ant-junit4.jar" />
    <property name="ant.library.dir" value="/home/travis/build/icyphy/ptII/ant/lib" />
    <property name="os.arch" value="amd64" />
    <property name="env.CONTINUOUS_INTEGRATION" value="true" />
    <property name="env.TRAVIS_LANGUAGE" value="node_js" />
    <property name="env.TRAVIS_STACK_LANGUAGES" value="__sardonyx__ c c++ clojure cplusplus cpp default generic go groovy java node_js php pure_java python ruby scala" />
    <property name="test.name" value="ptolemy.actor.lib.test.junit.JUnitTclTest" />
    <property name="env.APT_KEY_DONT_WARN_ON_DANGEROUS_USAGE" value="1" />
    <property name="sun.java.launcher" value="SUN_STANDARD" />
    <property name="env.PYTHON_CONFIGURE_OPTS" value="--enable-unicode=ucs4 --with-wide-unicode --enable-shared --enable-ipv6 --enable-loadable-sqlite-extensions --with-computed-gotos" />
    <property name="ant.core.lib" value="/home/travis/build/icyphy/ptII/ant/lib/ant.jar" />
    <property name="java.vm.specification.vendor" value="Oracle Corporation" />
    <property name="env.BCVTB_HOME" value="/home/travis/build/icyphy/ptII/lbnl" />
    <property name="file.separator" value="/" />
    <property name="spotbugs.home" value="/home/travis/build/icyphy/ptII/vendors/spotbugs-3.1.1" />
    <property name="java.runtime.version" value="11.0.2+9" />
    <property name="javafx.verbose" value="true" />
    <property name="env.ANSI_CLEAR" value="\033[0K" />
    <property name="env.HAS_JOSH_K_SEAL_OF_APPROVAL" value="true" />
    <property name="env.XDG_RUNTIME_DIR" value="/run/user/2000" />
    <property name="env.TRAVIS_OSX_IMAGE" value="" />
    <property name="env.TRAVIS_JOB_ID" value="714011553" />
    <property name="env.TRAVIS_BRANCH" value="master" />
    <property name="user.country" value="US" />
    <property name="env.CERTI_HOME_TRAVIS" value="/home/travis/pthla/certi-tools" />
    <property name="env.SHELL" value="/bin/bash" />
    <property name="java.maxmemory.large" value="3200m" />
    <property name="model" value="" />
    <property name="env.CASHER_DIR" value="/home/travis/.casher" />
    <property name="env.NVM_CD_FLAGS" value="" />
    <property name="java.vendor.version" value="18.9" />
    <property name="jshint.executable" value="/home/travis/node_modules/jshint/bin/jshint" />
    <property name="env.JRUBY_OPTS" value=" --client -J-XX:+TieredCompilation -J-XX:TieredStopAtLevel=1 -J-Xss2m -Xcompile.invokedynamic=false" />
    <property name="java.vendor" value="Oracle Corporation" />
    <property name="env.TRAVIS_PRE_CHEF_BOOTSTRAP_TIME" value="2020-06-24T13:13:03" />
    <property name="env.TRAVIS_STACK_JOB_BOARD_REGISTER" value="/.job-board-register.yml" />
    <property name="env.ANSI_RED" value="\033[31;1m" />
    <property name="java.specification.version" value="11" />
    <property name="env.IRBRC" value="/home/travis/.rvm/rubies/ruby-2.5.3/.irbrc" />
    <property name="env.TRAVIS" value="true" />
    <property name="sun.arch.data.model" value="64" />
  </properties>
  <testcase classname="ptolemy.util.test.junit.TclTests" name="[0] /home/travis/build/icyphy/ptII/ptolemy/cg/lib/test/ModularCodeGenTypedCompositeActor.tcl (RunTclFile)" time="12.536" />
  <testcase classname="ptolemy.util.test.junit.AutoKnownFailedTests" name="[0] ThereAreNoKnowFailedTests (RunModel)" time="0.008" />
  <testcase classname="ptolemy.util.test.junit.AutoNameArchTests" name="[0] ThereAreNoAutoArchTests (RunModel)" time="0.001" />
  <testcase classname="ptolemy.util.test.junit.AutoTests" name="[0] /home/travis/build/icyphy/ptII/ptolemy/cg/lib/test/auto/CompiledCompositeActor.xml (RunModel)" time="1.41" />
  <testcase classname="ptolemy.util.test.junit.AutoTests" name="[1] /home/travis/build/icyphy/ptII/ptolemy/cg/lib/test/auto/DECGClockRamp.xml (RunModel)" time="0.086" />
  <testcase classname="ptolemy.util.test.junit.AutoTests" name="[2] /home/travis/build/icyphy/ptII/ptolemy/cg/lib/test/auto/DECGDelay.xml (RunModel)" time="0.111" />
  <testcase classname="ptolemy.util.test.junit.AutoTests" name="[3] /home/travis/build/icyphy/ptII/ptolemy/cg/lib/test/auto/DECGHelloWorld.xml (RunModel)" time="0.052" />
  <testcase classname="ptolemy.util.test.junit.AutoTests" name="[4] /home/travis/build/icyphy/ptII/ptolemy/cg/lib/test/auto/DECGHeterogeneous.xml (RunModel)" time="0.155" />
  <testcase classname="ptolemy.util.test.junit.AutoTests" name="[5] /home/travis/build/icyphy/ptII/ptolemy/cg/lib/test/auto/DECGHeterogeneousMk2.xml (RunModel)" time="0.161" />
  <testcase classname="ptolemy.util.test.junit.AutoTests" name="[6] /home/travis/build/icyphy/ptII/ptolemy/cg/lib/test/auto/DECGMath.xml (RunModel)" time="0.089" />
  <testcase classname="ptolemy.util.test.junit.AutoTests" name="[7] /home/travis/build/icyphy/ptII/ptolemy/cg/lib/test/auto/DECGPi.xml (RunModel)" time="0.135" />
  <testcase classname="ptolemy.util.test.junit.AutoTests" name="[8] /home/travis/build/icyphy/ptII/ptolemy/cg/lib/test/auto/DECGPiSquare.xml (RunModel)" time="0.171" />
  <testcase classname="ptolemy.util.test.junit.AutoTests" name="[9] /home/travis/build/icyphy/ptII/ptolemy/cg/lib/test/auto/DECGPoisson.xml (RunModel)" time="0.029" />
  <testcase classname="ptolemy.util.test.junit.AutoTests" name="[10] /home/travis/build/icyphy/ptII/ptolemy/cg/lib/test/auto/JavaCompiledCompositeActor5.xml (RunModel)" time="1.131" />
  <testcase classname="ptolemy.util.test.junit.AutoTests" name="[11] /home/travis/build/icyphy/ptII/ptolemy/cg/lib/test/auto/JavaCompiledCompositeTest1.xml (RunModel)" time="1.0" />
  <testcase classname="ptolemy.util.test.junit.AutoTests" name="[12] /home/travis/build/icyphy/ptII/ptolemy/cg/lib/test/auto/JavaCompiledCompositeTest2.xml (RunModel)" time="1.061" />
  <testcase classname="ptolemy.util.test.junit.AutoTests" name="[13] /home/travis/build/icyphy/ptII/ptolemy/cg/lib/test/auto/JavaCompiledCompositeTest3.xml (RunModel)" time="1.081" />
  <testcase classname="ptolemy.util.test.junit.AutoTests" name="[14] /home/travis/build/icyphy/ptII/ptolemy/cg/lib/test/auto/JavaCompiledCompositeTest4.xml (RunModel)" time="0.94" />
  <testcase classname="ptolemy.util.test.junit.AutoTests" name="[15] /home/travis/build/icyphy/ptII/ptolemy/cg/lib/test/auto/ModularCG.xml (RunModel)" time="16.535" />
  <testcase classname="ptolemy.util.test.junit.AutoTests" name="[16] /home/travis/build/icyphy/ptII/ptolemy/cg/lib/test/auto/ModularCGPubSub.xml (RunModel)" time="5.437" />
  <testcase classname="ptolemy.util.test.junit.AutoTests" name="[17] /home/travis/build/icyphy/ptII/ptolemy/cg/lib/test/auto/ModularCodeGen.xml (RunModel)" time="2.582" />
  <testcase classname="ptolemy.util.test.junit.AutoTests" name="[18] /home/travis/build/icyphy/ptII/ptolemy/cg/lib/test/auto/ModularCodeGen2.xml (RunModel)" time="5.09" />
  <testcase classname="ptolemy.util.test.junit.AutoTests" name="[19] /home/travis/build/icyphy/ptII/ptolemy/cg/lib/test/auto/ModularCodeGen3.xml (RunModel)" time="15.795" />
  <testcase classname="ptolemy.util.test.junit.AutoTests" name="[20] /home/travis/build/icyphy/ptII/ptolemy/cg/lib/test/auto/ModularCodeGen4.xml (RunModel)" time="15.801" />
  <testcase classname="ptolemy.util.test.junit.AutoTests" name="[21] /home/travis/build/icyphy/ptII/ptolemy/cg/lib/test/auto/ModularCodeGen5.xml (RunModel)" time="5.291" />
  <testcase classname="ptolemy.util.test.junit.AutoTests" name="[22] /home/travis/build/icyphy/ptII/ptolemy/cg/lib/test/auto/ModularCodeGen6.xml (RunModel)" time="7.896" />
  <testcase classname="ptolemy.util.test.junit.AutoTests" name="[23] /home/travis/build/icyphy/ptII/ptolemy/cg/lib/test/auto/ModularCodeGenLazyPubSub.xml (RunModel)" time="2.877" />
  <testcase classname="ptolemy.util.test.junit.AutoTests" name="[24] /home/travis/build/icyphy/ptII/ptolemy/cg/lib/test/auto/ModularCodeGenLazyPubSubGlobal.xml (RunModel)" time="2.923" />
  <testcase classname="ptolemy.util.test.junit.AutoTests" name="[25] /home/travis/build/icyphy/ptII/ptolemy/cg/lib/test/auto/ModularCodeGenPubSub1.xml (RunModel)" time="2.57" />
  <testcase classname="ptolemy.util.test.junit.AutoTests" name="[26] /home/travis/build/icyphy/ptII/ptolemy/cg/lib/test/auto/ModularCodeGenPubSub2.xml (RunModel)" time="5.547" />
  <testcase classname="ptolemy.util.test.junit.AutoTests" name="[27] /home/travis/build/icyphy/ptII/ptolemy/cg/lib/test/auto/ModularCodeGenPubSub3.xml (RunModel)" time="5.247" />
  <testcase classname="ptolemy.util.test.junit.AutoTests" name="[28] /home/travis/build/icyphy/ptII/ptolemy/cg/lib/test/auto/ModularCodeGenPubSub4.xml (RunModel)" time="5.323" />
  <testcase classname="ptolemy.util.test.junit.AutoTests" name="[29] /home/travis/build/icyphy/ptII/ptolemy/cg/lib/test/auto/PubSubAggLazy.xml (RunModel)" time="0.016" />
  <testcase classname="ptolemy.util.test.junit.AutoTests" name="[30] /home/travis/build/icyphy/ptII/ptolemy/cg/lib/test/auto/PubSubAggModularCodeGen.xml (RunModel)" time="3.557" />
  <testcase classname="ptolemy.util.test.junit.AutoTests" name="[31] /home/travis/build/icyphy/ptII/ptolemy/cg/lib/test/auto/PubSubAggTypedComposite.xml (RunModel)" time="0.027" />
  <testcase classname="ptolemy.util.test.junit.AutoTests" name="[32] /home/travis/build/icyphy/ptII/ptolemy/cg/lib/test/auto/PubSubAggTypedCompositeWidth2.xml (RunModel)" time="0.04" />
  <testcase classname="ptolemy.util.test.junit.AutoTests" name="[33] /home/travis/build/icyphy/ptII/ptolemy/cg/lib/test/auto/ScaleJava.xml (RunModel)" time="0.925" />
  <system-out><![CDATA[/home/travis/build/icyphy/ptII/ptolemy/cg/lib/test/ModularCodeGenTypedCompositeActor.tcl
testDefs.tcl: setting time out to 9000 seconds at Sat Aug 01 15:25:06 UTC 2020
Warning: failed to delete /home/travis/cg: error deleting "/home/travis/cg/node_modules/@opencensus/core/node_modules/.bin":  best guess at reason: permission denied
In "/home/travis/cg", about to execute:
    pwd
In "/home/travis/cg", about to execute:
    ls -l
/home/travis/cg
In "/home/travis/cg", about to execute:
    javac -classpath
.:/home/travis/build/icyphy/ptII:/home/travis/build/icyphy/ptII/lib/bsh-2.0b4.j
ar:/home/travis/build/icyphy/ptII/lib/ptCal.jar:/home/travis/build/icyphy/ptII/
lib/java_cup.jar:/home/travis/build/icyphy/ptII/lib/saxon8.jar:/home/travis/bui
ld/icyphy/ptII/lib/saxon8-dom.jar:/home/travis/build/icyphy/ptII/lib/chic.jar:/
home/travis/build/icyphy/ptII/lib/ptcolt.jar:/home/travis/build/icyphy/ptII/ven
dors/misc/itext/iText.jar:/home/travis/build/icyphy/ptII/lib/g4ltl.jar:/home/tr
avis/build/icyphy/ptII/lib/StructuralCoder.jar:/home/travis/build/icyphy/ptII/l
ib/jcerti.jar:/home/travis/build/icyphy/ptII/lib/javax.mail.jar:/home/travis/bu
ild/icyphy/ptII/vendors/JMF-2.1.1e/lib/jmf.jar:/home/travis/build/icyphy/ptII/l
ib/jna-4.0.0-variadic.jar:/home/travis/build/icyphy/ptII/vendors/misc/joystick/
Joystick.jar:/home/travis/build/icyphy/ptII/lib/ptjacl.jar:/home/travis/build/i
cyphy/ptII/lib/jsoup-1.8.2.jar:/home/travis/build/icyphy/ptII/lib/junit-4.8.2.j
ar:/home/travis/build/icyphy/ptII/lib/JUnitParams-0.4.0.jar:/home/travis/build/
icyphy/ptII/ptolemy/actor/lib/excel/jxl.jar:/home/travis/build/icyphy/ptII/lib/
jython.jar:/home/travis/build/icyphy/ptII/lib/kieler.jar:/home/travis/build/icy
phy/ptII/vendors/opencv/share/OpenCV/java/opencv-341.jar:/home/travis/build/icy
phy/ptII/lib/oscP5.jar:/home/travis/build/icyphy/ptII/lib/nrjavaserial-3.11.0.d
evel.jar:/home/travis/build/icyphy/ptII/vendors/j3d/lib/Linux/j3dcore.jar:/home
/travis/build/icyphy/ptII/vendors/j3d/lib/Linux/j3dutils.jar:/home/travis/build
/icyphy/ptII/vendors/j3d/lib/Linux/vecmath.jar:/home/travis/build/icyphy/ptII/v
endors/jogl/lib/Linux/gluegen-rt-natives-linux-amd64.jar:/home/travis/build/icy
phy/ptII/vendors/jogl/lib/Linux/gluegen-rt.jar:/home/travis/build/icyphy/ptII/v
endors/jogl/lib/Linux/jogl-all-natives-linux-amd64.jar:/home/travis/build/icyph
y/ptII/vendors/jogl/lib/Linux/jogl-all.jar:/home/travis/build/icyphy/ptII/ptole
my/distributed/jini/jar/jini-core.jar:/home/travis/build/icyphy/ptII/ptolemy/di
stributed/jini/jar/jini-ext.jar:/home/travis/build/icyphy/ptII/ptolemy/distribu
ted/jini/jar/sun-util.jar:/home/travis/build/icyphy/ptII/lib/protobuf-java-2.4.
1.jar:/home/travis/build/icyphy/ptII/lib/org.eclipse.paho.client.mqttv3.jar:/ho
me/travis/build/icyphy/ptII/lib/mapss.jar:/home/travis/build/icyphy/ptII/ptolem
y/actor/ptalon/antlr/antlr.jar:/home/travis/build/icyphy/ptII/lib/JRI.jar:/home
/travis/build/icyphy/ptII/lib/commons-lang-2.6.jar:/home/travis/build/icyphy/pt
II/lib/commons-logging-1.1.1.jar:/home/travis/build/icyphy/ptII/lib/sootclasses
.jar:/home/travis/build/icyphy/ptII/ptolemy/actor/lib/database/mysql-connector-
java-5.1.6-bin.jar:/home/travis/build/icyphy/ptII/vendors/misc/sphinx4/sphinx4-
data-5prealpha.jar:/home/travis/build/icyphy/ptII/vendors/misc/sphinx4/sphinx4-
core-5prealpha.jar:/home/travis/build/icyphy/ptII/lib/PDFRenderer.jar:/home/tra
vis/build/icyphy/ptII/lib/svgSalamander.jar:/home/travis/build/icyphy/ptII/lib/
rsyntaxtextarea-2.6.0-SNAPSHOT.jar:/home/travis/build/icyphy/ptII/lib/hazelcast
-3.8.2.jar:/home/travis/build/icyphy/ptII/lib/jackson-annotations-2.9.0.jar:/ho
me/travis/build/icyphy/ptII/lib/jackson-core-2.9.3.jar:/home/travis/build/icyph
y/ptII/lib/jackson-databind-2.9.3.jar:/home/travis/build/icyphy/ptII/lib/netty-
buffer-4.1.19.Final.jar:/home/travis/build/icyphy/ptII/lib/netty-codec-4.1.19.F
inal.jar:/home/travis/build/icyphy/ptII/lib/netty-codec-dns-4.1.19.Final.jar:/h
ome/travis/build/icyphy/ptII/lib/netty-codec-http-4.1.19.Final.jar:/home/travis
/build/icyphy/ptII/lib/netty-codec-http2-4.1.19.Final.jar:/home/travis/build/ic
yphy/ptII/lib/netty-common-4.1.19.Final.jar:/home/travis/build/icyphy/ptII/lib/
netty-handler-4.1.19.Final.jar:/home/travis/build/icyphy/ptII/lib/netty-resolve
r-4.1.19.Final.jar:/home/travis/build/icyphy/ptII/lib/netty-resolver-dns-4.1.19
.Final.jar:/home/travis/build/icyphy/ptII/lib/netty-transport-4.1.19.Final.jar:
/home/travis/build/icyphy/ptII/lib/vertx-codegen-3.5.1.jar:/home/travis/build/i
cyphy/ptII/lib/vertx-core-3.5.2-SNAPSHOT.jar:/home/travis/build/icyphy/ptII/lib
/vertx-hazelcast-3.5.1.jar:/home/travis/build/icyphy/ptII/lib/vertx-lang-js-3.5
.1.jar:/home/travis/build/icyphy/ptII/lib/vertx-service-proxy-3.5.1.jar:/home/t
ravis/build/icyphy/ptII/lib/vertx-web-3.5.1.jar:/home/travis/build/icyphy/ptII/
lib/slf4j-api-1.7.13.jar:/home/travis/build/icyphy/ptII/lib/slf4j-simple-1.7.13
.jar:/home/travis/build/icyphy/ptII/lib/webcam-capture-0.3.12.jar:/home/travis/
build/icyphy/ptII/lib/bridj-0.7.0.jar:/home/travis/build/icyphy/ptII/lib/xbjlib
-1.1.0.nrjavaserial.jar:/home/travis/build/icyphy/ptII/ptolemy/moml/test:/home/
travis/build/icyphy/ptII/ant/lib/ant-launcher.jar:/home/travis/build/icyphy/ptI
I/ant/lib/ant.jar:/home/travis/build/icyphy/ptII/ant/lib/ant-junit.jar:/home/tr
avis/build/icyphy/ptII/ant/lib/ant-junit4.jar:/home/travis/build/icyphy/ptII
ModularCodeGenTest_A1_A2_profile.java
total 1188
drwxrwxr-x   3 travis travis  12288 Aug  1 15:20 AbsoluteValue
drwxrwxr-x   3 travis travis 102400 Aug  1 15:19 AllColt
drwxrwxr-x   3 travis travis  12288 Aug  1 15:19 Case1
drwxrwxr-x   5 travis travis   4096 Aug  1 15:18 fmi
drwxrwxr-x   3 travis travis  16384 Aug  1 15:20 Gaussian2
drwxrwxr-x   3 travis travis  12288 Aug  1 15:20 LookupTable
drwxrwxr-x   3 travis travis  20480 Aug  1 15:20 MaxIndex
-rw-rw-r--   1 travis travis   1228 Aug  1 15:25 ModularCodeGenTest_A1_A2_profile.java
drwxrwxr-x   3 travis travis  32768 Aug  1 15:24 modulation2
drwxrwxr-x 183 travis travis  12288 Aug  1 15:25 node_modules
drwxrwxr-x   3 travis travis  20480 Aug  1 15:21 PhaseUnwrap
drwxrwxr-x   3 travis travis  12288 Aug  1 15:21 ReadFile1
-rw-rw-r--   1 travis travis     11 Aug  1 15:21 ReadFile1Output.txt
-rw-rw-r--   1 travis travis  13773 Aug  1 15:24 Repeat.class
-rw-rw-r--   1 travis travis    685 Aug  1 15:24 Repeat$_fireFunction_Repeat_Repeat$__f_sL_11.class
-rw-rw-r--   1 travis travis    541 Aug  1 15:24 Repeat$_fireFunction_Repeat_Repeat$__f_sL_12.class
-rw-rw-r--   1 travis travis    541 Aug  1 15:24 Repeat$_fireFunction_Repeat_Repeat$__f_sL_13.class
-rw-rw-r--   1 travis travis    541 Aug  1 15:24 Repeat$_fireFunction_Repeat_Repeat$__f_sL_14.class
-rw-rw-r--   1 travis travis    684 Aug  1 15:24 Repeat$_fireFunction_Repeat_Repeat$__f_sL_1.class
-rw-rw-r--   1 travis travis    683 Aug  1 15:24 Repeat$_fireFunction_Repeat_Repeat$__f_sL_4.class
-rw-rw-r--   1 travis travis    539 Aug  1 15:24 Repeat$_fireFunction_Repeat_Repeat$__f_sL_9.class
-rw-rw-r--   1 travis travis    494 Aug  1 15:24 Repeat$_initialize_Repeat$__i_sL_2.class
-rw-rw-r--   1 travis travis   1281 Aug  1 15:24 Repeat.mk
-rw-rw-r--   1 travis travis    539 Aug  1 15:24 Repeat$_preinitializeMethod_Repeat$__p_sL_0.class
-rw-rw-r--   1 travis travis   1102 Aug  1 15:24 Repeat$_Repeat$_fireFunction_Repeat_AddSubtract_Repeat.class
-rw-rw-r--   1 travis travis    810 Aug  1 15:24 Repeat$_Repeat$_fireFunction_Repeat_AddSubtract_Repeat$__f_sL_0.class
-rw-rw-r--   1 travis travis    928 Aug  1 15:24 Repeat$_Repeat$_fireFunction_Repeat_AddSubtract_Repeat$__f_sL_1.class
-rw-rw-r--   1 travis travis    934 Aug  1 15:24 Repeat$_Repeat$_fireFunction_Repeat_AddSubtract_Repeat$__f_sL_2.class
-rw-rw-r--   1 travis travis    862 Aug  1 15:24 Repeat$_Repeat$_fireFunction_Repeat_AddSubtract_Repeat$__f_sL_3.class
-rw-rw-r--   1 travis travis    757 Aug  1 15:24 Repeat$_Repeat$_fireFunction_Repeat_Ramp2_Repeat$__f_sL_0.class
-rw-rw-r--   1 travis travis    888 Aug  1 15:24 Repeat$_Repeat$_fireFunction_Repeat_Test_Repeat$__f_sL_0.class
-rw-rw-r--   1 travis travis    634 Aug  1 15:24 Repeat$_Repeat$_fireFunction_Repeat_Test_Repeat$__f_sL_1.class
-rw-rw-r--   1 travis travis    704 Aug  1 15:24 Repeat$_Repeat_SDF_Director_run_Repeat$__R_sL_0.class
-rw-rw-r--   1 travis travis    705 Aug  1 15:24 Repeat$_Repeat_SDF_Director_run_Repeat$__R_sL_11.class
-rw-rw-r--   1 travis travis    561 Aug  1 15:24 Repeat$_Repeat_SDF_Director_run_Repeat$__R_sL_13.class
-rw-rw-r--   1 travis travis    559 Aug  1 15:24 Repeat$_Repeat_SDF_Director_run_Repeat$__R_sL_2.class
-rw-rw-r--   1 travis travis    703 Aug  1 15:24 Repeat$_Repeat_SDF_Director_run_Repeat$__R_sL_3.class
-rw-rw-r--   1 travis travis    559 Aug  1 15:24 Repeat$_Repeat_SDF_Director_run_Repeat$__R_sL_5.class
-rw-rw-r--   1 travis travis    559 Aug  1 15:24 Repeat$_Repeat_SDF_Director_run_Repeat$__R_sL_8.class
drwxrwxr-x   2 travis travis   4096 Aug  1 15:24 RepeatVariables
-rw-rw-r--   1 travis travis    882 Aug  1 15:24 Repeat$_varinit_Repeat.class
-rw-rw-r--   1 travis travis    550 Aug  1 15:24 Repeat$_varinit_Repeat$__v_sL_2.class
-rw-rw-r--   1 travis travis    924 Aug  1 15:24 Repeat$_varinit_Repeat$__v_sL_4.class
-rw-rw-r--   1 travis travis    978 Aug  1 15:24 Repeat$_wrapup_Repeat$__w_sL_1.class
drwxrwxr-x   3 travis travis  20480 Aug  1 15:21 Sinewave
drwxrwxr-x   3 travis travis  32768 Aug  1 15:23 StringFunction
drwxrwxr-x   3 travis travis  12288 Aug  1 15:23 StringLength
drwxrwxr-x   3 travis travis  61440 Aug  1 15:23 StringMatches2
drwxrwxr-x   3 travis travis  61440 Aug  1 15:23 StringSimpleReplace
drwxrwxr-x   3 travis travis  65536 Aug  1 15:23 StringSubstring
drwxrwxr-x   3 travis travis  24576 Aug  1 15:24 StringSubstring2
drwxrwxr-x   3 travis travis  16384 Aug  1 15:24 time1
drwxrwxr-x   3 travis travis  12288 Aug  1 15:24 time5
-rwxrwxr-x   1 travis travis 466992 Aug  1 15:18 top
-rw-rw-r--   1 travis travis  20502 Aug  1 15:18 top.c
-rw-rw-r--   1 travis travis   3799 Aug  1 15:24 top.class
-rw-rw-r--   1 travis travis   1257 Aug  1 15:24 top.mk
All Done
Writing ModularCodeGenTest_A1_A2.java in file:/home/travis/cg/ (9163 characters)
Reading "ptolemy/cg/kernel/generic/program/procedural/java/modular/makefile.in",
    writing "/home/travis/cg/ModularCodeGenTest_A1_A2.mk"
Using ptolemy/cg/kernel/generic/program/procedural/java/modular/makefile.in
In "/home/travis/cg", about to execute:
    make -f ModularCodeGenTest_A1_A2.mk
javac -classpath ".:.."    ModularCodeGenTest_A1_A2.java
All Done
In "/home/travis/cg", about to execute:
    pwd
In "/home/travis/cg", about to execute:
    ls -l
In "/home/travis/cg", about to execute:
    javac -classpath
.:/home/travis/build/icyphy/ptII:/home/travis/build/icyphy/ptII/lib/bsh-2.0b4.j
ar:/home/travis/build/icyphy/ptII/lib/ptCal.jar:/home/travis/build/icyphy/ptII/
lib/java_cup.jar:/home/travis/build/icyphy/ptII/lib/saxon8.jar:/home/travis/bui
ld/icyphy/ptII/lib/saxon8-dom.jar:/home/travis/build/icyphy/ptII/lib/chic.jar:/
home/travis/build/icyphy/ptII/lib/ptcolt.jar:/home/travis/build/icyphy/ptII/ven
dors/misc/itext/iText.jar:/home/travis/build/icyphy/ptII/lib/g4ltl.jar:/home/tr
avis/build/icyphy/ptII/lib/StructuralCoder.jar:/home/travis/build/icyphy/ptII/l
ib/jcerti.jar:/home/travis/build/icyphy/ptII/lib/javax.mail.jar:/home/travis/bu
ild/icyphy/ptII/vendors/JMF-2.1.1e/lib/jmf.jar:/home/travis/build/icyphy/ptII/l
ib/jna-4.0.0-variadic.jar:/home/travis/build/icyphy/ptII/vendors/misc/joystick/
Joystick.jar:/home/travis/build/icyphy/ptII/lib/ptjacl.jar:/home/travis/build/i
cyphy/ptII/lib/jsoup-1.8.2.jar:/home/travis/build/icyphy/ptII/lib/junit-4.8.2.j
ar:/home/travis/build/icyphy/ptII/lib/JUnitParams-0.4.0.jar:/home/travis/build/
icyphy/ptII/ptolemy/actor/lib/excel/jxl.jar:/home/travis/build/icyphy/ptII/lib/
jython.jar:/home/travis/build/icyphy/ptII/lib/kieler.jar:/home/travis/build/icy
phy/ptII/vendors/opencv/share/OpenCV/java/opencv-341.jar:/home/travis/build/icy
phy/ptII/lib/oscP5.jar:/home/travis/build/icyphy/ptII/lib/nrjavaserial-3.11.0.d
evel.jar:/home/travis/build/icyphy/ptII/vendors/j3d/lib/Linux/j3dcore.jar:/home
/travis/build/icyphy/ptII/vendors/j3d/lib/Linux/j3dutils.jar:/home/travis/build
/icyphy/ptII/vendors/j3d/lib/Linux/vecmath.jar:/home/travis/build/icyphy/ptII/v
endors/jogl/lib/Linux/gluegen-rt-natives-linux-amd64.jar:/home/travis/build/icy
phy/ptII/vendors/jogl/lib/Linux/gluegen-rt.jar:/home/travis/build/icyphy/ptII/v
endors/jogl/lib/Linux/jogl-all-natives-linux-amd64.jar:/home/travis/build/icyph
y/ptII/vendors/jogl/lib/Linux/jogl-all.jar:/home/travis/build/icyphy/ptII/ptole
my/distributed/jini/jar/jini-core.jar:/home/travis/build/icyphy/ptII/ptolemy/di
stributed/jini/jar/jini-ext.jar:/home/travis/build/icyphy/ptII/ptolemy/distribu
ted/jini/jar/sun-util.jar:/home/travis/build/icyphy/ptII/lib/protobuf-java-2.4.
1.jar:/home/travis/build/icyphy/ptII/lib/org.eclipse.paho.client.mqttv3.jar:/ho
me/travis/build/icyphy/ptII/lib/mapss.jar:/home/travis/build/icyphy/ptII/ptolem
y/actor/ptalon/antlr/antlr.jar:/home/travis/build/icyphy/ptII/lib/JRI.jar:/home
/travis/build/icyphy/ptII/lib/commons-lang-2.6.jar:/home/travis/build/icyphy/pt
II/lib/commons-logging-1.1.1.jar:/home/travis/build/icyphy/ptII/lib/sootclasses
.jar:/home/travis/build/icyphy/ptII/ptolemy/actor/lib/database/mysql-connector-
java-5.1.6-bin.jar:/home/travis/build/icyphy/ptII/vendors/misc/sphinx4/sphinx4-
data-5prealpha.jar:/home/travis/build/icyphy/ptII/vendors/misc/sphinx4/sphinx4-
core-5prealpha.jar:/home/travis/build/icyphy/ptII/lib/PDFRenderer.jar:/home/tra
vis/build/icyphy/ptII/lib/svgSalamander.jar:/home/travis/build/icyphy/ptII/lib/
rsyntaxtextarea-2.6.0-SNAPSHOT.jar:/home/travis/build/icyphy/ptII/lib/hazelcast
-3.8.2.jar:/home/travis/build/icyphy/ptII/lib/jackson-annotations-2.9.0.jar:/ho
me/travis/build/icyphy/ptII/lib/jackson-core-2.9.3.jar:/home/travis/build/icyph
y/ptII/lib/jackson-databind-2.9.3.jar:/home/travis/build/icyphy/ptII/lib/netty-
buffer-4.1.19.Final.jar:/home/travis/build/icyphy/ptII/lib/netty-codec-4.1.19.F
inal.jar:/home/travis/build/icyphy/ptII/lib/netty-codec-dns-4.1.19.Final.jar:/h
ome/travis/build/icyphy/ptII/lib/netty-codec-http-4.1.19.Final.jar:/home/travis
/build/icyphy/ptII/lib/netty-codec-http2-4.1.19.Final.jar:/home/travis/build/ic
yphy/ptII/lib/netty-common-4.1.19.Final.jar:/home/travis/build/icyphy/ptII/lib/
netty-handler-4.1.19.Final.jar:/home/travis/build/icyphy/ptII/lib/netty-resolve
r-4.1.19.Final.jar:/home/travis/build/icyphy/ptII/lib/netty-resolver-dns-4.1.19
.Final.jar:/home/travis/build/icyphy/ptII/lib/netty-transport-4.1.19.Final.jar:
/home/travis/build/icyphy/ptII/lib/vertx-codegen-3.5.1.jar:/home/travis/build/i
cyphy/ptII/lib/vertx-core-3.5.2-SNAPSHOT.jar:/home/travis/build/icyphy/ptII/lib
/vertx-hazelcast-3.5.1.jar:/home/travis/build/icyphy/ptII/lib/vertx-lang-js-3.5
.1.jar:/home/travis/build/icyphy/ptII/lib/vertx-service-proxy-3.5.1.jar:/home/t
ravis/build/icyphy/ptII/lib/vertx-web-3.5.1.jar:/home/travis/build/icyphy/ptII/
lib/slf4j-api-1.7.13.jar:/home/travis/build/icyphy/ptII/lib/slf4j-simple-1.7.13
.jar:/home/travis/build/icyphy/ptII/lib/webcam-capture-0.3.12.jar:/home/travis/
build/icyphy/ptII/lib/bridj-0.7.0.jar:/home/travis/build/icyphy/ptII/lib/xbjlib
-1.1.0.nrjavaserial.jar:/home/travis/build/icyphy/ptII/ptolemy/moml/test:/home/
travis/build/icyphy/ptII/ant/lib/ant-launcher.jar:/home/travis/build/icyphy/ptI
I/ant/lib/ant.jar:/home/travis/build/icyphy/ptII/ant/lib/ant-junit.jar:/home/tr
avis/build/icyphy/ptII/ant/lib/ant-junit4.jar:/home/travis/build/icyphy/ptII
ModularCodeGenTest_A1_profile.java
/home/travis/cg
total 1224
drwxrwxr-x   3 travis travis  12288 Aug  1 15:20 AbsoluteValue
drwxrwxr-x   3 travis travis 102400 Aug  1 15:19 AllColt
drwxrwxr-x   3 travis travis  12288 Aug  1 15:19 Case1
drwxrwxr-x   5 travis travis   4096 Aug  1 15:18 fmi
drwxrwxr-x   3 travis travis  16384 Aug  1 15:20 Gaussian2
drwxrwxr-x   3 travis travis  12288 Aug  1 15:20 LookupTable
drwxrwxr-x   3 travis travis  20480 Aug  1 15:20 MaxIndex
-rw-rw-r--   1 travis travis   3723 Aug  1 15:25 ModularCodeGenTest_A1_A2.class
-rw-rw-r--   1 travis travis   9163 Aug  1 15:25 ModularCodeGenTest_A1_A2.java
-rw-rw-r--   1 travis travis    904 Aug  1 15:25 ModularCodeGenTest_A1_A2.mk
-rw-rw-r--   1 travis travis   1306 Aug  1 15:25 ModularCodeGenTest_A1_A2_profile.class
-rw-rw-r--   1 travis travis   1228 Aug  1 15:25 ModularCodeGenTest_A1_A2_profile.java
-rw-rw-r--   1 travis travis   1394 Aug  1 15:25 ModularCodeGenTest_A1_profile.java
drwxrwxr-x   3 travis travis  32768 Aug  1 15:24 modulation2
drwxrwxr-x 183 travis travis  12288 Aug  1 15:25 node_modules
drwxrwxr-x   3 travis travis  20480 Aug  1 15:21 PhaseUnwrap
drwxrwxr-x   3 travis travis  12288 Aug  1 15:21 ReadFile1
-rw-rw-r--   1 travis travis     11 Aug  1 15:21 ReadFile1Output.txt
-rw-rw-r--   1 travis travis  13773 Aug  1 15:24 Repeat.class
-rw-rw-r--   1 travis travis    685 Aug  1 15:24 Repeat$_fireFunction_Repeat_Repeat$__f_sL_11.class
-rw-rw-r--   1 travis travis    541 Aug  1 15:24 Repeat$_fireFunction_Repeat_Repeat$__f_sL_12.class
-rw-rw-r--   1 travis travis    541 Aug  1 15:24 Repeat$_fireFunction_Repeat_Repeat$__f_sL_13.class
-rw-rw-r--   1 travis travis    541 Aug  1 15:24 Repeat$_fireFunction_Repeat_Repeat$__f_sL_14.class
-rw-rw-r--   1 travis travis    684 Aug  1 15:24 Repeat$_fireFunction_Repeat_Repeat$__f_sL_1.class
-rw-rw-r--   1 travis travis    683 Aug  1 15:24 Repeat$_fireFunction_Repeat_Repeat$__f_sL_4.class
-rw-rw-r--   1 travis travis    539 Aug  1 15:24 Repeat$_fireFunction_Repeat_Repeat$__f_sL_9.class
-rw-rw-r--   1 travis travis    494 Aug  1 15:24 Repeat$_initialize_Repeat$__i_sL_2.class
-rw-rw-r--   1 travis travis   1281 Aug  1 15:24 Repeat.mk
-rw-rw-r--   1 travis travis    539 Aug  1 15:24 Repeat$_preinitializeMethod_Repeat$__p_sL_0.class
-rw-rw-r--   1 travis travis   1102 Aug  1 15:24 Repeat$_Repeat$_fireFunction_Repeat_AddSubtract_Repeat.class
-rw-rw-r--   1 travis travis    810 Aug  1 15:24 Repeat$_Repeat$_fireFunction_Repeat_AddSubtract_Repeat$__f_sL_0.class
-rw-rw-r--   1 travis travis    928 Aug  1 15:24 Repeat$_Repeat$_fireFunction_Repeat_AddSubtract_Repeat$__f_sL_1.class
-rw-rw-r--   1 travis travis    934 Aug  1 15:24 Repeat$_Repeat$_fireFunction_Repeat_AddSubtract_Repeat$__f_sL_2.class
-rw-rw-r--   1 travis travis    862 Aug  1 15:24 Repeat$_Repeat$_fireFunction_Repeat_AddSubtract_Repeat$__f_sL_3.class
-rw-rw-r--   1 travis travis    757 Aug  1 15:24 Repeat$_Repeat$_fireFunction_Repeat_Ramp2_Repeat$__f_sL_0.class
-rw-rw-r--   1 travis travis    888 Aug  1 15:24 Repeat$_Repeat$_fireFunction_Repeat_Test_Repeat$__f_sL_0.class
-rw-rw-r--   1 travis travis    634 Aug  1 15:24 Repeat$_Repeat$_fireFunction_Repeat_Test_Repeat$__f_sL_1.class
-rw-rw-r--   1 travis travis    704 Aug  1 15:24 Repeat$_Repeat_SDF_Director_run_Repeat$__R_sL_0.class
-rw-rw-r--   1 travis travis    705 Aug  1 15:24 Repeat$_Repeat_SDF_Director_run_Repeat$__R_sL_11.class
-rw-rw-r--   1 travis travis    561 Aug  1 15:24 Repeat$_Repeat_SDF_Director_run_Repeat$__R_sL_13.class
-rw-rw-r--   1 travis travis    559 Aug  1 15:24 Repeat$_Repeat_SDF_Director_run_Repeat$__R_sL_2.class
-rw-rw-r--   1 travis travis    703 Aug  1 15:24 Repeat$_Repeat_SDF_Director_run_Repeat$__R_sL_3.class
-rw-rw-r--   1 travis travis    559 Aug  1 15:24 Repeat$_Repeat_SDF_Director_run_Repeat$__R_sL_5.class
-rw-rw-r--   1 travis travis    559 Aug  1 15:24 Repeat$_Repeat_SDF_Director_run_Repeat$__R_sL_8.class
drwxrwxr-x   2 travis travis   4096 Aug  1 15:24 RepeatVariables
-rw-rw-r--   1 travis travis    882 Aug  1 15:24 Repeat$_varinit_Repeat.class
-rw-rw-r--   1 travis travis    550 Aug  1 15:24 Repeat$_varinit_Repeat$__v_sL_2.class
-rw-rw-r--   1 travis travis    924 Aug  1 15:24 Repeat$_varinit_Repeat$__v_sL_4.class
-rw-rw-r--   1 travis travis    978 Aug  1 15:24 Repeat$_wrapup_Repeat$__w_sL_1.class
drwxrwxr-x   3 travis travis  20480 Aug  1 15:21 Sinewave
drwxrwxr-x   3 travis travis  32768 Aug  1 15:23 StringFunction
drwxrwxr-x   3 travis travis  12288 Aug  1 15:23 StringLength
drwxrwxr-x   3 travis travis  61440 Aug  1 15:23 StringMatches2
drwxrwxr-x   3 travis travis  61440 Aug  1 15:23 StringSimpleReplace
drwxrwxr-x   3 travis travis  65536 Aug  1 15:23 StringSubstring
drwxrwxr-x   3 travis travis  24576 Aug  1 15:24 StringSubstring2
drwxrwxr-x   3 travis travis  16384 Aug  1 15:24 time1
drwxrwxr-x   3 travis travis  12288 Aug  1 15:24 time5
-rw-rw-r--   1 travis travis    432 Aug  1 15:25 Token.class
-rw-rw-r--   1 travis travis    251 Aug  1 15:25 Token.java
-rwxrwxr-x   1 travis travis 466992 Aug  1 15:18 top
-rw-rw-r--   1 travis travis  20502 Aug  1 15:18 top.c
-rw-rw-r--   1 travis travis   3799 Aug  1 15:24 top.class
-rw-rw-r--   1 travis travis   1257 Aug  1 15:24 top.mk
All Done
Writing ModularCodeGenTest_A1.java in file:/home/travis/cg/ (9968 characters)
Reading "ptolemy/cg/kernel/generic/program/procedural/java/modular/makefile.in",
    writing "/home/travis/cg/ModularCodeGenTest_A1.mk"
Using ptolemy/cg/kernel/generic/program/procedural/java/modular/makefile.in
In "/home/travis/cg", about to execute:
    make -f ModularCodeGenTest_A1.mk
javac -classpath ".:.."    ModularCodeGenTest_A1.java
All Done
6503 ms. Memory: 129024K Free: 58651K (45%)
7 ms. Memory: 129024K Free: 56089K (43%)
In "/home/travis/cg", about to execute:
    pwd
In "/home/travis/cg", about to execute:
    ls -l
total 1248
In "/home/travis/cg", about to execute:
    javac -classpath
.:/home/travis/build/icyphy/ptII:/home/travis/build/icyphy/ptII/lib/bsh-2.0b4.j
ar:/home/travis/build/icyphy/ptII/lib/ptCal.jar:/home/travis/build/icyphy/ptII/
lib/java_cup.jar:/home/travis/build/icyphy/ptII/lib/saxon8.jar:/home/travis/bui
ld/icyphy/ptII/lib/saxon8-dom.jar:/home/travis/build/icyphy/ptII/lib/chic.jar:/
home/travis/build/icyphy/ptII/lib/ptcolt.jar:/home/travis/build/icyphy/ptII/ven
dors/misc/itext/iText.jar:/home/travis/build/icyphy/ptII/lib/g4ltl.jar:/home/tr
avis/build/icyphy/ptII/lib/StructuralCoder.jar:/home/travis/build/icyphy/ptII/l
ib/jcerti.jar:/home/travis/build/icyphy/ptII/lib/javax.mail.jar:/home/travis/bu
ild/icyphy/ptII/vendors/JMF-2.1.1e/lib/jmf.jar:/home/travis/build/icyphy/ptII/l
ib/jna-4.0.0-variadic.jar:/home/travis/build/icyphy/ptII/vendors/misc/joystick/
Joystick.jar:/home/travis/build/icyphy/ptII/lib/ptjacl.jar:/home/travis/build/i
cyphy/ptII/lib/jsoup-1.8.2.jar:/home/travis/build/icyphy/ptII/lib/junit-4.8.2.j
ar:/home/travis/build/icyphy/ptII/lib/JUnitParams-0.4.0.jar:/home/travis/build/
icyphy/ptII/ptolemy/actor/lib/excel/jxl.jar:/home/travis/build/icyphy/ptII/lib/
jython.jar:/home/travis/build/icyphy/ptII/lib/kieler.jar:/home/travis/build/icy
phy/ptII/vendors/opencv/share/OpenCV/java/opencv-341.jar:/home/travis/build/icy
phy/ptII/lib/oscP5.jar:/home/travis/build/icyphy/ptII/lib/nrjavaserial-3.11.0.d
evel.jar:/home/travis/build/icyphy/ptII/vendors/j3d/lib/Linux/j3dcore.jar:/home
/travis/build/icyphy/ptII/vendors/j3d/lib/Linux/j3dutils.jar:/home/travis/build
/icyphy/ptII/vendors/j3d/lib/Linux/vecmath.jar:/home/travis/build/icyphy/ptII/v
endors/jogl/lib/Linux/gluegen-rt-natives-linux-amd64.jar:/home/travis/build/icy
phy/ptII/vendors/jogl/lib/Linux/gluegen-rt.jar:/home/travis/build/icyphy/ptII/v
endors/jogl/lib/Linux/jogl-all-natives-linux-amd64.jar:/home/travis/build/icyph
y/ptII/vendors/jogl/lib/Linux/jogl-all.jar:/home/travis/build/icyphy/ptII/ptole
my/distributed/jini/jar/jini-core.jar:/home/travis/build/icyphy/ptII/ptolemy/di
stributed/jini/jar/jini-ext.jar:/home/travis/build/icyphy/ptII/ptolemy/distribu
ted/jini/jar/sun-util.jar:/home/travis/build/icyphy/ptII/lib/protobuf-java-2.4.
1.jar:/home/travis/build/icyphy/ptII/lib/org.eclipse.paho.client.mqttv3.jar:/ho
me/travis/build/icyphy/ptII/lib/mapss.jar:/home/travis/build/icyphy/ptII/ptolem
y/actor/ptalon/antlr/antlr.jar:/home/travis/build/icyphy/ptII/lib/JRI.jar:/home
/travis/build/icyphy/ptII/lib/commons-lang-2.6.jar:/home/travis/build/icyphy/pt
II/lib/commons-logging-1.1.1.jar:/home/travis/build/icyphy/ptII/lib/sootclasses
.jar:/home/travis/build/icyphy/ptII/ptolemy/actor/lib/database/mysql-connector-
java-5.1.6-bin.jar:/home/travis/build/icyphy/ptII/vendors/misc/sphinx4/sphinx4-
data-5prealpha.jar:/home/travis/build/icyphy/ptII/vendors/misc/sphinx4/sphinx4-
core-5prealpha.jar:/home/travis/build/icyphy/ptII/lib/PDFRenderer.jar:/home/tra
vis/build/icyphy/ptII/lib/svgSalamander.jar:/home/travis/build/icyphy/ptII/lib/
rsyntaxtextarea-2.6.0-SNAPSHOT.jar:/home/travis/build/icyphy/ptII/lib/hazelcast
-3.8.2.jar:/home/travis/build/icyphy/ptII/lib/jackson-annotations-2.9.0.jar:/ho
me/travis/build/icyphy/ptII/lib/jackson-core-2.9.3.jar:/home/travis/build/icyph
y/ptII/lib/jackson-databind-2.9.3.jar:/home/travis/build/icyphy/ptII/lib/netty-
buffer-4.1.19.Final.jar:/home/travis/build/icyphy/ptII/lib/netty-codec-4.1.19.F
inal.jar:/home/travis/build/icyphy/ptII/lib/netty-codec-dns-4.1.19.Final.jar:/h
ome/travis/build/icyphy/ptII/lib/netty-codec-http-4.1.19.Final.jar:/home/travis
/build/icyphy/ptII/lib/netty-codec-http2-4.1.19.Final.jar:/home/travis/build/ic
yphy/ptII/lib/netty-common-4.1.19.Final.jar:/home/travis/build/icyphy/ptII/lib/
netty-handler-4.1.19.Final.jar:/home/travis/build/icyphy/ptII/lib/netty-resolve
r-4.1.19.Final.jar:/home/travis/build/icyphy/ptII/lib/netty-resolver-dns-4.1.19
.Final.jar:/home/travis/build/icyphy/ptII/lib/netty-transport-4.1.19.Final.jar:
/home/travis/build/icyphy/ptII/lib/vertx-codegen-3.5.1.jar:/home/travis/build/i
cyphy/ptII/lib/vertx-core-3.5.2-SNAPSHOT.jar:/home/travis/build/icyphy/ptII/lib
/vertx-hazelcast-3.5.1.jar:/home/travis/build/icyphy/ptII/lib/vertx-lang-js-3.5
.1.jar:/home/travis/build/icyphy/ptII/lib/vertx-service-proxy-3.5.1.jar:/home/t
ravis/build/icyphy/ptII/lib/vertx-web-3.5.1.jar:/home/travis/build/icyphy/ptII/
lib/slf4j-api-1.7.13.jar:/home/travis/build/icyphy/ptII/lib/slf4j-simple-1.7.13
.jar:/home/travis/build/icyphy/ptII/lib/webcam-capture-0.3.12.jar:/home/travis/
build/icyphy/ptII/lib/bridj-0.7.0.jar:/home/travis/build/icyphy/ptII/lib/xbjlib
-1.1.0.nrjavaserial.jar:/home/travis/build/icyphy/ptII/ptolemy/moml/test:/home/
travis/build/icyphy/ptII/ant/lib/ant-launcher.jar:/home/travis/build/icyphy/ptI
I/ant/lib/ant.jar:/home/travis/build/icyphy/ptII/ant/lib/ant-junit.jar:/home/tr
avis/build/icyphy/ptII/ant/lib/ant-junit4.jar:/home/travis/build/icyphy/ptII
ModularCodeGenTest_A1_A2_profile.java
/home/travis/cg
drwxrwxr-x   3 travis travis  12288 Aug  1 15:20 AbsoluteValue
drwxrwxr-x   3 travis travis 102400 Aug  1 15:19 AllColt
drwxrwxr-x   3 travis travis  12288 Aug  1 15:19 Case1
drwxrwxr-x   5 travis travis   4096 Aug  1 15:18 fmi
drwxrwxr-x   3 travis travis  16384 Aug  1 15:20 Gaussian2
drwxrwxr-x   3 travis travis  12288 Aug  1 15:20 LookupTable
drwxrwxr-x   3 travis travis  20480 Aug  1 15:20 MaxIndex
-rw-rw-r--   1 travis travis   3723 Aug  1 15:25 ModularCodeGenTest_A1_A2.class
-rw-rw-r--   1 travis travis   9163 Aug  1 15:25 ModularCodeGenTest_A1_A2.java
-rw-rw-r--   1 travis travis    904 Aug  1 15:25 ModularCodeGenTest_A1_A2.mk
-rw-rw-r--   1 travis travis   1306 Aug  1 15:25 ModularCodeGenTest_A1_A2_profile.class
-rw-rw-r--   1 travis travis   1228 Aug  1 15:25 ModularCodeGenTest_A1_A2_profile.java
-rw-rw-r--   1 travis travis   4055 Aug  1 15:25 ModularCodeGenTest_A1.class
-rw-rw-r--   1 travis travis   9968 Aug  1 15:25 ModularCodeGenTest_A1.java
-rw-rw-r--   1 travis travis    880 Aug  1 15:25 ModularCodeGenTest_A1.mk
-rw-rw-r--   1 travis travis   1352 Aug  1 15:25 ModularCodeGenTest_A1_profile.class
-rw-rw-r--   1 travis travis   1394 Aug  1 15:25 ModularCodeGenTest_A1_profile.java
drwxrwxr-x   3 travis travis  32768 Aug  1 15:24 modulation2
drwxrwxr-x 183 travis travis  12288 Aug  1 15:25 node_modules
drwxrwxr-x   3 travis travis  20480 Aug  1 15:21 PhaseUnwrap
drwxrwxr-x   3 travis travis  12288 Aug  1 15:21 ReadFile1
-rw-rw-r--   1 travis travis     11 Aug  1 15:21 ReadFile1Output.txt
-rw-rw-r--   1 travis travis  13773 Aug  1 15:24 Repeat.class
-rw-rw-r--   1 travis travis    685 Aug  1 15:24 Repeat$_fireFunction_Repeat_Repeat$__f_sL_11.class
-rw-rw-r--   1 travis travis    541 Aug  1 15:24 Repeat$_fireFunction_Repeat_Repeat$__f_sL_12.class
-rw-rw-r--   1 travis travis    541 Aug  1 15:24 Repeat$_fireFunction_Repeat_Repeat$__f_sL_13.class
-rw-rw-r--   1 travis travis    541 Aug  1 15:24 Repeat$_fireFunction_Repeat_Repeat$__f_sL_14.class
-rw-rw-r--   1 travis travis    684 Aug  1 15:24 Repeat$_fireFunction_Repeat_Repeat$__f_sL_1.class
-rw-rw-r--   1 travis travis    683 Aug  1 15:24 Repeat$_fireFunction_Repeat_Repeat$__f_sL_4.class
-rw-rw-r--   1 travis travis    539 Aug  1 15:24 Repeat$_fireFunction_Repeat_Repeat$__f_sL_9.class
-rw-rw-r--   1 travis travis    494 Aug  1 15:24 Repeat$_initialize_Repeat$__i_sL_2.class
-rw-rw-r--   1 travis travis   1281 Aug  1 15:24 Repeat.mk
-rw-rw-r--   1 travis travis    539 Aug  1 15:24 Repeat$_preinitializeMethod_Repeat$__p_sL_0.class
-rw-rw-r--   1 travis travis   1102 Aug  1 15:24 Repeat$_Repeat$_fireFunction_Repeat_AddSubtract_Repeat.class
-rw-rw-r--   1 travis travis    810 Aug  1 15:24 Repeat$_Repeat$_fireFunction_Repeat_AddSubtract_Repeat$__f_sL_0.class
-rw-rw-r--   1 travis travis    928 Aug  1 15:24 Repeat$_Repeat$_fireFunction_Repeat_AddSubtract_Repeat$__f_sL_1.class
-rw-rw-r--   1 travis travis    934 Aug  1 15:24 Repeat$_Repeat$_fireFunction_Repeat_AddSubtract_Repeat$__f_sL_2.class
-rw-rw-r--   1 travis travis    862 Aug  1 15:24 Repeat$_Repeat$_fireFunction_Repeat_AddSubtract_Repeat$__f_sL_3.class
-rw-rw-r--   1 travis travis    757 Aug  1 15:24 Repeat$_Repeat$_fireFunction_Repeat_Ramp2_Repeat$__f_sL_0.class
-rw-rw-r--   1 travis travis    888 Aug  1 15:24 Repeat$_Repeat$_fireFunction_Repeat_Test_Repeat$__f_sL_0.class
-rw-rw-r--   1 travis travis    634 Aug  1 15:24 Repeat$_Repeat$_fireFunction_Repeat_Test_Repeat$__f_sL_1.class
-rw-rw-r--   1 travis travis    704 Aug  1 15:24 Repeat$_Repeat_SDF_Director_run_Repeat$__R_sL_0.class
-rw-rw-r--   1 travis travis    705 Aug  1 15:24 Repeat$_Repeat_SDF_Director_run_Repeat$__R_sL_11.class
-rw-rw-r--   1 travis travis    561 Aug  1 15:24 Repeat$_Repeat_SDF_Director_run_Repeat$__R_sL_13.class
-rw-rw-r--   1 travis travis    559 Aug  1 15:24 Repeat$_Repeat_SDF_Director_run_Repeat$__R_sL_2.class
-rw-rw-r--   1 travis travis    703 Aug  1 15:24 Repeat$_Repeat_SDF_Director_run_Repeat$__R_sL_3.class
-rw-rw-r--   1 travis travis    559 Aug  1 15:24 Repeat$_Repeat_SDF_Director_run_Repeat$__R_sL_5.class
-rw-rw-r--   1 travis travis    559 Aug  1 15:24 Repeat$_Repeat_SDF_Director_run_Repeat$__R_sL_8.class
drwxrwxr-x   2 travis travis   4096 Aug  1 15:24 RepeatVariables
-rw-rw-r--   1 travis travis    882 Aug  1 15:24 Repeat$_varinit_Repeat.class
-rw-rw-r--   1 travis travis    550 Aug  1 15:24 Repeat$_varinit_Repeat$__v_sL_2.class
-rw-rw-r--   1 travis travis    924 Aug  1 15:24 Repeat$_varinit_Repeat$__v_sL_4.class
-rw-rw-r--   1 travis travis    978 Aug  1 15:24 Repeat$_wrapup_Repeat$__w_sL_1.class
drwxrwxr-x   3 travis travis  20480 Aug  1 15:21 Sinewave
drwxrwxr-x   3 travis travis  32768 Aug  1 15:23 StringFunction
drwxrwxr-x   3 travis travis  12288 Aug  1 15:23 StringLength
drwxrwxr-x   3 travis travis  61440 Aug  1 15:23 StringMatches2
drwxrwxr-x   3 travis travis  61440 Aug  1 15:23 StringSimpleReplace
drwxrwxr-x   3 travis travis  65536 Aug  1 15:23 StringSubstring
drwxrwxr-x   3 travis travis  24576 Aug  1 15:24 StringSubstring2
drwxrwxr-x   3 travis travis  16384 Aug  1 15:24 time1
drwxrwxr-x   3 travis travis  12288 Aug  1 15:24 time5
-rw-rw-r--   1 travis travis    432 Aug  1 15:25 Token.class
-rw-rw-r--   1 travis travis    251 Aug  1 15:25 Token.java
-rwxrwxr-x   1 travis travis 466992 Aug  1 15:18 top
-rw-rw-r--   1 travis travis  20502 Aug  1 15:18 top.c
-rw-rw-r--   1 travis travis   3799 Aug  1 15:24 top.class
-rw-rw-r--   1 travis travis   1257 Aug  1 15:24 top.mk
All Done
Writing ModularCodeGenTest_A1_A2.java in file:/home/travis/cg/ (9164 characters)
Reading "ptolemy/cg/kernel/generic/program/procedural/java/modular/makefile.in",
    writing "/home/travis/cg/ModularCodeGenTest_A1_A2.mk"
Using ptolemy/cg/kernel/generic/program/procedural/java/modular/makefile.in
In "/home/travis/cg", about to execute:
    make -f ModularCodeGenTest_A1_A2.mk
javac -classpath ".:.."    ModularCodeGenTest_A1_A2.java
All Done
2608 ms. Memory: 129024K Free: 85395K (66%)
Warning: failed to delete /home/travis/cg: error deleting "/home/travis/cg/node_modules/@opencensus/core/node_modules/.bin":  best guess at reason: permission denied
In "/home/travis/cg", about to execute:
    pwd
In "/home/travis/cg", about to execute:
    ls -l
In "/home/travis/cg", about to execute:
    javac -classpath
.:/home/travis/build/icyphy/ptII:/home/travis/build/icyphy/ptII/lib/bsh-2.0b4.j
ar:/home/travis/build/icyphy/ptII/lib/ptCal.jar:/home/travis/build/icyphy/ptII/
lib/java_cup.jar:/home/travis/build/icyphy/ptII/lib/saxon8.jar:/home/travis/bui
ld/icyphy/ptII/lib/saxon8-dom.jar:/home/travis/build/icyphy/ptII/lib/chic.jar:/
home/travis/build/icyphy/ptII/lib/ptcolt.jar:/home/travis/build/icyphy/ptII/ven
dors/misc/itext/iText.jar:/home/travis/build/icyphy/ptII/lib/g4ltl.jar:/home/tr
avis/build/icyphy/ptII/lib/StructuralCoder.jar:/home/travis/build/icyphy/ptII/l
ib/jcerti.jar:/home/travis/build/icyphy/ptII/lib/javax.mail.jar:/home/travis/bu
ild/icyphy/ptII/vendors/JMF-2.1.1e/lib/jmf.jar:/home/travis/build/icyphy/ptII/l
ib/jna-4.0.0-variadic.jar:/home/travis/build/icyphy/ptII/vendors/misc/joystick/
Joystick.jar:/home/travis/build/icyphy/ptII/lib/ptjacl.jar:/home/travis/build/i
cyphy/ptII/lib/jsoup-1.8.2.jar:/home/travis/build/icyphy/ptII/lib/junit-4.8.2.j
ar:/home/travis/build/icyphy/ptII/lib/JUnitParams-0.4.0.jar:/home/travis/build/
icyphy/ptII/ptolemy/actor/lib/excel/jxl.jar:/home/travis/build/icyphy/ptII/lib/
jython.jar:/home/travis/build/icyphy/ptII/lib/kieler.jar:/home/travis/build/icy
phy/ptII/vendors/opencv/share/OpenCV/java/opencv-341.jar:/home/travis/build/icy
phy/ptII/lib/oscP5.jar:/home/travis/build/icyphy/ptII/lib/nrjavaserial-3.11.0.d
evel.jar:/home/travis/build/icyphy/ptII/vendors/j3d/lib/Linux/j3dcore.jar:/home
/travis/build/icyphy/ptII/vendors/j3d/lib/Linux/j3dutils.jar:/home/travis/build
/icyphy/ptII/vendors/j3d/lib/Linux/vecmath.jar:/home/travis/build/icyphy/ptII/v
endors/jogl/lib/Linux/gluegen-rt-natives-linux-amd64.jar:/home/travis/build/icy
phy/ptII/vendors/jogl/lib/Linux/gluegen-rt.jar:/home/travis/build/icyphy/ptII/v
endors/jogl/lib/Linux/jogl-all-natives-linux-amd64.jar:/home/travis/build/icyph
y/ptII/vendors/jogl/lib/Linux/jogl-all.jar:/home/travis/build/icyphy/ptII/ptole
my/distributed/jini/jar/jini-core.jar:/home/travis/build/icyphy/ptII/ptolemy/di
stributed/jini/jar/jini-ext.jar:/home/travis/build/icyphy/ptII/ptolemy/distribu
ted/jini/jar/sun-util.jar:/home/travis/build/icyphy/ptII/lib/protobuf-java-2.4.
1.jar:/home/travis/build/icyphy/ptII/lib/org.eclipse.paho.client.mqttv3.jar:/ho
me/travis/build/icyphy/ptII/lib/mapss.jar:/home/travis/build/icyphy/ptII/ptolem
y/actor/ptalon/antlr/antlr.jar:/home/travis/build/icyphy/ptII/lib/JRI.jar:/home
/travis/build/icyphy/ptII/lib/commons-lang-2.6.jar:/home/travis/build/icyphy/pt
II/lib/commons-logging-1.1.1.jar:/home/travis/build/icyphy/ptII/lib/sootclasses
.jar:/home/travis/build/icyphy/ptII/ptolemy/actor/lib/database/mysql-connector-
java-5.1.6-bin.jar:/home/travis/build/icyphy/ptII/vendors/misc/sphinx4/sphinx4-
data-5prealpha.jar:/home/travis/build/icyphy/ptII/vendors/misc/sphinx4/sphinx4-
core-5prealpha.jar:/home/travis/build/icyphy/ptII/lib/PDFRenderer.jar:/home/tra
vis/build/icyphy/ptII/lib/svgSalamander.jar:/home/travis/build/icyphy/ptII/lib/
rsyntaxtextarea-2.6.0-SNAPSHOT.jar:/home/travis/build/icyphy/ptII/lib/hazelcast
-3.8.2.jar:/home/travis/build/icyphy/ptII/lib/jackson-annotations-2.9.0.jar:/ho
me/travis/build/icyphy/ptII/lib/jackson-core-2.9.3.jar:/home/travis/build/icyph
y/ptII/lib/jackson-databind-2.9.3.jar:/home/travis/build/icyphy/ptII/lib/netty-
buffer-4.1.19.Final.jar:/home/travis/build/icyphy/ptII/lib/netty-codec-4.1.19.F
inal.jar:/home/travis/build/icyphy/ptII/lib/netty-codec-dns-4.1.19.Final.jar:/h
ome/travis/build/icyphy/ptII/lib/netty-codec-http-4.1.19.Final.jar:/home/travis
/build/icyphy/ptII/lib/netty-codec-http2-4.1.19.Final.jar:/home/travis/build/ic
yphy/ptII/lib/netty-common-4.1.19.Final.jar:/home/travis/build/icyphy/ptII/lib/
netty-handler-4.1.19.Final.jar:/home/travis/build/icyphy/ptII/lib/netty-resolve
r-4.1.19.Final.jar:/home/travis/build/icyphy/ptII/lib/netty-resolver-dns-4.1.19
.Final.jar:/home/travis/build/icyphy/ptII/lib/netty-transport-4.1.19.Final.jar:
/home/travis/build/icyphy/ptII/lib/vertx-codegen-3.5.1.jar:/home/travis/build/i
cyphy/ptII/lib/vertx-core-3.5.2-SNAPSHOT.jar:/home/travis/build/icyphy/ptII/lib
/vertx-hazelcast-3.5.1.jar:/home/travis/build/icyphy/ptII/lib/vertx-lang-js-3.5
.1.jar:/home/travis/build/icyphy/ptII/lib/vertx-service-proxy-3.5.1.jar:/home/t
ravis/build/icyphy/ptII/lib/vertx-web-3.5.1.jar:/home/travis/build/icyphy/ptII/
lib/slf4j-api-1.7.13.jar:/home/travis/build/icyphy/ptII/lib/slf4j-simple-1.7.13
.jar:/home/travis/build/icyphy/ptII/lib/webcam-capture-0.3.12.jar:/home/travis/
build/icyphy/ptII/lib/bridj-0.7.0.jar:/home/travis/build/icyphy/ptII/lib/xbjlib
-1.1.0.nrjavaserial.jar:/home/travis/build/icyphy/ptII/ptolemy/moml/test:/home/
travis/build/icyphy/ptII/ant/lib/ant-launcher.jar:/home/travis/build/icyphy/ptI
I/ant/lib/ant.jar:/home/travis/build/icyphy/ptII/ant/lib/ant-junit.jar:/home/tr
avis/build/icyphy/ptII/ant/lib/ant-junit4.jar:/home/travis/build/icyphy/ptII
ModularCodeGenTest_A1_profile.java
/home/travis/cg
total 1220
drwxrwxr-x   3 travis travis  12288 Aug  1 15:20 AbsoluteValue
drwxrwxr-x   3 travis travis 102400 Aug  1 15:19 AllColt
drwxrwxr-x   3 travis travis  12288 Aug  1 15:19 Case1
drwxrwxr-x   5 travis travis   4096 Aug  1 15:18 fmi
drwxrwxr-x   3 travis travis  16384 Aug  1 15:20 Gaussian2
drwxrwxr-x   3 travis travis  12288 Aug  1 15:20 LookupTable
drwxrwxr-x   3 travis travis  20480 Aug  1 15:20 MaxIndex
-rw-rw-r--   1 travis travis   3724 Aug  1 15:25 ModularCodeGenTest_A1_A2.class
-rw-rw-r--   1 travis travis   9164 Aug  1 15:25 ModularCodeGenTest_A1_A2.java
-rw-rw-r--   1 travis travis   1306 Aug  1 15:25 ModularCodeGenTest_A1_A2_profile.class
-rw-rw-r--   1 travis travis   9968 Aug  1 15:25 ModularCodeGenTest_A1.java
-rw-rw-r--   1 travis travis   1394 Aug  1 15:25 ModularCodeGenTest_A1_profile.java
drwxrwxr-x   3 travis travis  32768 Aug  1 15:24 modulation2
drwxrwxr-x 183 travis travis  12288 Aug  1 15:25 node_modules
drwxrwxr-x   3 travis travis  20480 Aug  1 15:21 PhaseUnwrap
drwxrwxr-x   3 travis travis  12288 Aug  1 15:21 ReadFile1
-rw-rw-r--   1 travis travis     11 Aug  1 15:21 ReadFile1Output.txt
-rw-rw-r--   1 travis travis  13773 Aug  1 15:24 Repeat.class
-rw-rw-r--   1 travis travis    685 Aug  1 15:24 Repeat$_fireFunction_Repeat_Repeat$__f_sL_11.class
-rw-rw-r--   1 travis travis    541 Aug  1 15:24 Repeat$_fireFunction_Repeat_Repeat$__f_sL_12.class
-rw-rw-r--   1 travis travis    541 Aug  1 15:24 Repeat$_fireFunction_Repeat_Repeat$__f_sL_13.class
-rw-rw-r--   1 travis travis    541 Aug  1 15:24 Repeat$_fireFunction_Repeat_Repeat$__f_sL_14.class
-rw-rw-r--   1 travis travis    684 Aug  1 15:24 Repeat$_fireFunction_Repeat_Repeat$__f_sL_1.class
-rw-rw-r--   1 travis travis    683 Aug  1 15:24 Repeat$_fireFunction_Repeat_Repeat$__f_sL_4.class
-rw-rw-r--   1 travis travis    539 Aug  1 15:24 Repeat$_fireFunction_Repeat_Repeat$__f_sL_9.class
-rw-rw-r--   1 travis travis    494 Aug  1 15:24 Repeat$_initialize_Repeat$__i_sL_2.class
-rw-rw-r--   1 travis travis   1281 Aug  1 15:24 Repeat.mk
-rw-rw-r--   1 travis travis    539 Aug  1 15:24 Repeat$_preinitializeMethod_Repeat$__p_sL_0.class
-rw-rw-r--   1 travis travis   1102 Aug  1 15:24 Repeat$_Repeat$_fireFunction_Repeat_AddSubtract_Repeat.class
-rw-rw-r--   1 travis travis    810 Aug  1 15:24 Repeat$_Repeat$_fireFunction_Repeat_AddSubtract_Repeat$__f_sL_0.class
-rw-rw-r--   1 travis travis    928 Aug  1 15:24 Repeat$_Repeat$_fireFunction_Repeat_AddSubtract_Repeat$__f_sL_1.class
-rw-rw-r--   1 travis travis    934 Aug  1 15:24 Repeat$_Repeat$_fireFunction_Repeat_AddSubtract_Repeat$__f_sL_2.class
-rw-rw-r--   1 travis travis    862 Aug  1 15:24 Repeat$_Repeat$_fireFunction_Repeat_AddSubtract_Repeat$__f_sL_3.class
-rw-rw-r--   1 travis travis    757 Aug  1 15:24 Repeat$_Repeat$_fireFunction_Repeat_Ramp2_Repeat$__f_sL_0.class
-rw-rw-r--   1 travis travis    888 Aug  1 15:24 Repeat$_Repeat$_fireFunction_Repeat_Test_Repeat$__f_sL_0.class
-rw-rw-r--   1 travis travis    634 Aug  1 15:24 Repeat$_Repeat$_fireFunction_Repeat_Test_Repeat$__f_sL_1.class
-rw-rw-r--   1 travis travis    704 Aug  1 15:24 Repeat$_Repeat_SDF_Director_run_Repeat$__R_sL_0.class
-rw-rw-r--   1 travis travis    705 Aug  1 15:24 Repeat$_Repeat_SDF_Director_run_Repeat$__R_sL_11.class
-rw-rw-r--   1 travis travis    561 Aug  1 15:24 Repeat$_Repeat_SDF_Director_run_Repeat$__R_sL_13.class
-rw-rw-r--   1 travis travis    559 Aug  1 15:24 Repeat$_Repeat_SDF_Director_run_Repeat$__R_sL_2.class
-rw-rw-r--   1 travis travis    703 Aug  1 15:24 Repeat$_Repeat_SDF_Director_run_Repeat$__R_sL_3.class
-rw-rw-r--   1 travis travis    559 Aug  1 15:24 Repeat$_Repeat_SDF_Director_run_Repeat$__R_sL_5.class
-rw-rw-r--   1 travis travis    559 Aug  1 15:24 Repeat$_Repeat_SDF_Director_run_Repeat$__R_sL_8.class
drwxrwxr-x   2 travis travis   4096 Aug  1 15:24 RepeatVariables
-rw-rw-r--   1 travis travis    882 Aug  1 15:24 Repeat$_varinit_Repeat.class
-rw-rw-r--   1 travis travis    550 Aug  1 15:24 Repeat$_varinit_Repeat$__v_sL_2.class
-rw-rw-r--   1 travis travis    924 Aug  1 15:24 Repeat$_varinit_Repeat$__v_sL_4.class
-rw-rw-r--   1 travis travis    978 Aug  1 15:24 Repeat$_wrapup_Repeat$__w_sL_1.class
drwxrwxr-x   3 travis travis  20480 Aug  1 15:21 Sinewave
drwxrwxr-x   3 travis travis  32768 Aug  1 15:23 StringFunction
drwxrwxr-x   3 travis travis  12288 Aug  1 15:23 StringLength
drwxrwxr-x   3 travis travis  61440 Aug  1 15:23 StringMatches2
drwxrwxr-x   3 travis travis  61440 Aug  1 15:23 StringSimpleReplace
drwxrwxr-x   3 travis travis  65536 Aug  1 15:23 StringSubstring
drwxrwxr-x   3 travis travis  24576 Aug  1 15:24 StringSubstring2
drwxrwxr-x   3 travis travis  16384 Aug  1 15:24 time1
drwxrwxr-x   3 travis travis  12288 Aug  1 15:24 time5
-rwxrwxr-x   1 travis travis 466992 Aug  1 15:18 top
-rw-rw-r--   1 travis travis  20502 Aug  1 15:18 top.c
-rw-rw-r--   1 travis travis   3799 Aug  1 15:24 top.class
-rw-rw-r--   1 travis travis   1257 Aug  1 15:24 top.mk
All Done
Writing ModularCodeGenTest_A1.java in file:/home/travis/cg/ (9968 characters)
Reading "ptolemy/cg/kernel/generic/program/procedural/java/modular/makefile.in",
    writing "/home/travis/cg/ModularCodeGenTest_A1.mk"
Using ptolemy/cg/kernel/generic/program/procedural/java/modular/makefile.in
In "/home/travis/cg", about to execute:
    make -f ModularCodeGenTest_A1.mk
javac -classpath ".:.."    ModularCodeGenTest_A1.java
All Done
2611 ms. Memory: 129024K Free: 52113K (40%)
08/01/20 03:25:19
Failed: 0  Total Tests: 3  ((Passed: 3, Newly Passed: 0)  Known Failed: 0) /home/travis/build/icyphy/ptII/ptolemy/cg/lib/test
No auto/knownFailedTests/*.xml tests in /home/travis/build/icyphy/ptII/ptolemy/cg/lib/test
No auto/linux-amd64/*.xml tests in /home/travis/build/icyphy/ptII/ptolemy/cg/lib/test
AutoTests.java: About to close Vertx.
AutoTests.java: Vertx closed.

===========================================================================================
----------------- testing Sat Aug 01 15:25:19 UTC 2020 /home/travis/build/icyphy/ptII/ptolemy/cg/lib/test/auto/CompiledCompositeActor.xml
----------------- Instantiating /home/travis/build/icyphy/ptII/ptolemy/cg/lib/test/auto/CompiledCompositeActor.xml
CompiledCompositeActor: Building shared object: The sharedObjectFile has a modification time that is earlier than the modelFile modification time.
Writing CompiledCompositeActor_CompiledCompositeActor.java in file:/home/travis/cg/ (13466 characters)
Reading "ptolemy/cg/kernel/generic/program/procedural/java/makefile.in",
    writing "/home/travis/cg/CompiledCompositeActor_CompiledCompositeActor.mk"
Using ptolemy/cg/kernel/generic/program/procedural/java/makefile.in
In "/home/travis/cg", about to execute:
    make -f CompiledCompositeActor_CompiledCompositeActor.mk
javac -classpath ".:."    CompiledCompositeActor_CompiledCompositeActor.java
All Done
1234 ms. Memory: 129024K Free: 86085K (67%)
----------------- Invoking toplevel() on ptolemy.moml.MoMLSimpleApplication@34abb20c
----------------- Done invoking toplevel() on ptolemy.moml.MoMLSimpleApplication@34abb20c
reloadAllAccessors: .CompiledCompositeActor

===========================================================================================
----------------- testing Sat Aug 01 15:25:20 UTC 2020 /home/travis/build/icyphy/ptII/ptolemy/cg/lib/test/auto/DECGClockRamp.xml
----------------- Instantiating /home/travis/build/icyphy/ptII/ptolemy/cg/lib/test/auto/DECGClockRamp.xml
10 ms. Memory: 129024K Free: 80644K (63%)
----------------- Invoking toplevel() on ptolemy.moml.MoMLSimpleApplication@195409b7
----------------- Done invoking toplevel() on ptolemy.moml.MoMLSimpleApplication@195409b7
reloadAllAccessors: .DECGClockRamp

===========================================================================================
----------------- testing Sat Aug 01 15:25:21 UTC 2020 /home/travis/build/icyphy/ptII/ptolemy/cg/lib/test/auto/DECGDelay.xml
----------------- Instantiating /home/travis/build/icyphy/ptII/ptolemy/cg/lib/test/auto/DECGDelay.xml
25 ms. Memory: 129024K Free: 74508K (58%)
----------------- Invoking toplevel() on ptolemy.moml.MoMLSimpleApplication@18583e0
----------------- Done invoking toplevel() on ptolemy.moml.MoMLSimpleApplication@18583e0
reloadAllAccessors: .DECGDelay

===========================================================================================
----------------- testing Sat Aug 01 15:25:21 UTC 2020 /home/travis/build/icyphy/ptII/ptolemy/cg/lib/test/auto/DECGHelloWorld.xml
----------------- Instantiating /home/travis/build/icyphy/ptII/ptolemy/cg/lib/test/auto/DECGHelloWorld.xml
3 ms. Memory: 129024K Free: 70695K (55%)
----------------- Invoking toplevel() on ptolemy.moml.MoMLSimpleApplication@703db11
----------------- Done invoking toplevel() on ptolemy.moml.MoMLSimpleApplication@703db11
reloadAllAccessors: .DECGHelloWorld

===========================================================================================
----------------- testing Sat Aug 01 15:25:21 UTC 2020 /home/travis/build/icyphy/ptII/ptolemy/cg/lib/test/auto/DECGHeterogeneous.xml
----------------- Instantiating /home/travis/build/icyphy/ptII/ptolemy/cg/lib/test/auto/DECGHeterogeneous.xml
30 ms. Memory: 129024K Free: 57809K (45%)
----------------- Invoking toplevel() on ptolemy.moml.MoMLSimpleApplication@740e20d1
----------------- Done invoking toplevel() on ptolemy.moml.MoMLSimpleApplication@740e20d1
reloadAllAccessors: .DECGHeterogeneous

===========================================================================================
----------------- testing Sat Aug 01 15:25:21 UTC 2020 /home/travis/build/icyphy/ptII/ptolemy/cg/lib/test/auto/DECGHeterogeneousMk2.xml
----------------- Instantiating /home/travis/build/icyphy/ptII/ptolemy/cg/lib/test/auto/DECGHeterogeneousMk2.xml
67 ms. Memory: 129024K Free: 43519K (34%)
----------------- Invoking toplevel() on ptolemy.moml.MoMLSimpleApplication@783d39ca
----------------- Done invoking toplevel() on ptolemy.moml.MoMLSimpleApplication@783d39ca
reloadAllAccessors: .DECGHeterogeneousMk2

===========================================================================================
----------------- testing Sat Aug 01 15:25:21 UTC 2020 /home/travis/build/icyphy/ptII/ptolemy/cg/lib/test/auto/DECGMath.xml
----------------- Instantiating /home/travis/build/icyphy/ptII/ptolemy/cg/lib/test/auto/DECGMath.xml
6 ms. Memory: 129024K Free: 107693K (83%)
----------------- Invoking toplevel() on ptolemy.moml.MoMLSimpleApplication@20f7b467
----------------- Done invoking toplevel() on ptolemy.moml.MoMLSimpleApplication@20f7b467
reloadAllAccessors: .DECGMath

===========================================================================================
----------------- testing Sat Aug 01 15:25:21 UTC 2020 /home/travis/build/icyphy/ptII/ptolemy/cg/lib/test/auto/DECGPi.xml
----------------- Instantiating /home/travis/build/icyphy/ptII/ptolemy/cg/lib/test/auto/DECGPi.xml
59 ms. Memory: 129024K Free: 96437K (75%)
----------------- Invoking toplevel() on ptolemy.moml.MoMLSimpleApplication@76bbecff
----------------- Done invoking toplevel() on ptolemy.moml.MoMLSimpleApplication@76bbecff
reloadAllAccessors: .DECGPi

===========================================================================================
----------------- testing Sat Aug 01 15:25:21 UTC 2020 /home/travis/build/icyphy/ptII/ptolemy/cg/lib/test/auto/DECGPiSquare.xml
----------------- Instantiating /home/travis/build/icyphy/ptII/ptolemy/cg/lib/test/auto/DECGPiSquare.xml
114 ms. Memory: 129024K Free: 83699K (65%)
----------------- Invoking toplevel() on ptolemy.moml.MoMLSimpleApplication@906d0f1
----------------- Done invoking toplevel() on ptolemy.moml.MoMLSimpleApplication@906d0f1
reloadAllAccessors: .DECGPiSquare

===========================================================================================
----------------- testing Sat Aug 01 15:25:21 UTC 2020 /home/travis/build/icyphy/ptII/ptolemy/cg/lib/test/auto/DECGPoisson.xml
----------------- Instantiating /home/travis/build/icyphy/ptII/ptolemy/cg/lib/test/auto/DECGPoisson.xml
6 ms. Memory: 129024K Free: 79029K (61%)
----------------- Invoking toplevel() on ptolemy.moml.MoMLSimpleApplication@619981f
----------------- Done invoking toplevel() on ptolemy.moml.MoMLSimpleApplication@619981f
reloadAllAccessors: .DECGPoisson

===========================================================================================
----------------- testing Sat Aug 01 15:25:21 UTC 2020 /home/travis/build/icyphy/ptII/ptolemy/cg/lib/test/auto/JavaCompiledCompositeActor5.xml
----------------- Instantiating /home/travis/build/icyphy/ptII/ptolemy/cg/lib/test/auto/JavaCompiledCompositeActor5.xml
CompiledCompositeActor: Building shared object: No effigy.  This can happen when CodeGenerator.generateCode() is called from within the test suite.  The code will be recompiled.
Writing CompiledCompositeActor_CompiledCompositeActor.java in file:/home/travis/cg/ (13466 characters)
Reading "ptolemy/cg/kernel/generic/program/procedural/java/makefile.in",
    writing "/home/travis/cg/CompiledCompositeActor_CompiledCompositeActor.mk"
Using ptolemy/cg/kernel/generic/program/procedural/java/makefile.in
In "/home/travis/cg", about to execute:
    make -f CompiledCompositeActor_CompiledCompositeActor.mk
javac -classpath ".:."    CompiledCompositeActor_CompiledCompositeActor.java
All Done
1090 ms. Memory: 129024K Free: 57696K (45%)
----------------- Invoking toplevel() on ptolemy.moml.MoMLSimpleApplication@46234c16
----------------- Done invoking toplevel() on ptolemy.moml.MoMLSimpleApplication@46234c16
reloadAllAccessors: .CompiledCompositeActor

===========================================================================================
----------------- testing Sat Aug 01 15:25:23 UTC 2020 /home/travis/build/icyphy/ptII/ptolemy/cg/lib/test/auto/JavaCompiledCompositeTest1.xml
----------------- Instantiating /home/travis/build/icyphy/ptII/ptolemy/cg/lib/test/auto/JavaCompiledCompositeTest1.xml
CompiledCompositeActor: Building shared object: The sharedObjectFile has a modification time that is earlier than the modelFile modification time.
Writing JavaCompiledCompositeTest1_CompiledCompositeActor.java in file:/home/travis/cg/ (11637 characters)
Reading "ptolemy/cg/kernel/generic/program/procedural/java/makefile.in",
    writing "/home/travis/cg/JavaCompiledCompositeTest1_CompiledCompositeActor.mk"
Using ptolemy/cg/kernel/generic/program/procedural/java/makefile.in
In "/home/travis/cg", about to execute:
    make -f JavaCompiledCompositeTest1_CompiledCompositeActor.mk
javac -classpath ".:."    JavaCompiledCompositeTest1_CompiledCompositeActor.java
All Done
973 ms. Memory: 129024K Free: 40683K (32%)
----------------- Invoking toplevel() on ptolemy.moml.MoMLSimpleApplication@3da513db
----------------- Done invoking toplevel() on ptolemy.moml.MoMLSimpleApplication@3da513db
reloadAllAccessors: .JavaCompiledCompositeTest1

===========================================================================================
----------------- testing Sat Aug 01 15:25:24 UTC 2020 /home/travis/build/icyphy/ptII/ptolemy/cg/lib/test/auto/JavaCompiledCompositeTest2.xml
----------------- Instantiating /home/travis/build/icyphy/ptII/ptolemy/cg/lib/test/auto/JavaCompiledCompositeTest2.xml
CompiledCompositeActor: Building shared object: The sharedObjectFile has a modification time that is earlier than the modelFile modification time.
Writing JavaCompiledCompositeTest2_CompiledCompositeActor.java in file:/home/travis/cg/ (14919 characters)
Reading "ptolemy/cg/kernel/generic/program/procedural/java/makefile.in",
    writing "/home/travis/cg/JavaCompiledCompositeTest2_CompiledCompositeActor.mk"
Using ptolemy/cg/kernel/generic/program/procedural/java/makefile.in
In "/home/travis/cg", about to execute:
    make -f JavaCompiledCompositeTest2_CompiledCompositeActor.mk
javac -classpath ".:."    JavaCompiledCompositeTest2_CompiledCompositeActor.java
All Done
1018 ms. Memory: 129024K Free: 87237K (68%)
----------------- Invoking toplevel() on ptolemy.moml.MoMLSimpleApplication@4c00af2b
----------------- Done invoking toplevel() on ptolemy.moml.MoMLSimpleApplication@4c00af2b
reloadAllAccessors: .JavaCompiledCompositeTest2

===========================================================================================
----------------- testing Sat Aug 01 15:25:25 UTC 2020 /home/travis/build/icyphy/ptII/ptolemy/cg/lib/test/auto/JavaCompiledCompositeTest3.xml
----------------- Instantiating /home/travis/build/icyphy/ptII/ptolemy/cg/lib/test/auto/JavaCompiledCompositeTest3.xml
CompiledCompositeActor: Building shared object: The sharedObjectFile has a modification time that is earlier than the modelFile modification time.
Writing JavaCompiledCompositeTest3_CompiledCompositeActor.java in file:/home/travis/cg/ (13080 characters)
Reading "ptolemy/cg/kernel/generic/program/procedural/java/makefile.in",
    writing "/home/travis/cg/JavaCompiledCompositeTest3_CompiledCompositeActor.mk"
Using ptolemy/cg/kernel/generic/program/procedural/java/makefile.in
In "/home/travis/cg", about to execute:
    make -f JavaCompiledCompositeTest3_CompiledCompositeActor.mk
javac -classpath ".:."    JavaCompiledCompositeTest3_CompiledCompositeActor.java
All Done
1043 ms. Memory: 129024K Free: 67613K (52%)
----------------- Invoking toplevel() on ptolemy.moml.MoMLSimpleApplication@2f0091ab
----------------- Done invoking toplevel() on ptolemy.moml.MoMLSimpleApplication@2f0091ab
reloadAllAccessors: .JavaCompiledCompositeTest3

===========================================================================================
----------------- testing Sat Aug 01 15:25:26 UTC 2020 /home/travis/build/icyphy/ptII/ptolemy/cg/lib/test/auto/JavaCompiledCompositeTest4.xml
----------------- Instantiating /home/travis/build/icyphy/ptII/ptolemy/cg/lib/test/auto/JavaCompiledCompositeTest4.xml
CompiledCompositeActor: Building shared object: The sharedObjectFile has a modification time that is earlier than the modelFile modification time.
Writing JavaCompiledCompositeTest4_CompiledCompositeActor.java in file:/home/travis/cg/ (9687 characters)
Reading "ptolemy/cg/kernel/generic/program/procedural/java/makefile.in",
    writing "/home/travis/cg/JavaCompiledCompositeTest4_CompiledCompositeActor.mk"
Using ptolemy/cg/kernel/generic/program/procedural/java/makefile.in
In "/home/travis/cg", about to execute:
    make -f JavaCompiledCompositeTest4_CompiledCompositeActor.mk
javac -classpath ".:."    JavaCompiledCompositeTest4_CompiledCompositeActor.java
All Done
920 ms. Memory: 129024K Free: 52253K (40%)
----------------- Invoking toplevel() on ptolemy.moml.MoMLSimpleApplication@2e4310f1
----------------- Done invoking toplevel() on ptolemy.moml.MoMLSimpleApplication@2e4310f1
reloadAllAccessors: .JavaCompiledCompositeTest4

===========================================================================================
----------------- testing Sat Aug 01 15:25:27 UTC 2020 /home/travis/build/icyphy/ptII/ptolemy/cg/lib/test/auto/ModularCG.xml
----------------- Instantiating /home/travis/build/icyphy/ptII/ptolemy/cg/lib/test/auto/ModularCG.xml
In "/home/travis/cg", about to execute:
    pwd
In "/home/travis/cg", about to execute:
    ls -l
/home/travis/cg
In "/home/travis/cg", about to execute:
    javac -classpath
.:/home/travis/build/icyphy/ptII:/home/travis/build/icyphy/ptII/lib/bsh-2.0b4.j
ar:/home/travis/build/icyphy/ptII/lib/ptCal.jar:/home/travis/build/icyphy/ptII/
lib/java_cup.jar:/home/travis/build/icyphy/ptII/lib/saxon8.jar:/home/travis/bui
ld/icyphy/ptII/lib/saxon8-dom.jar:/home/travis/build/icyphy/ptII/lib/chic.jar:/
home/travis/build/icyphy/ptII/lib/ptcolt.jar:/home/travis/build/icyphy/ptII/ven
dors/misc/itext/iText.jar:/home/travis/build/icyphy/ptII/lib/g4ltl.jar:/home/tr
avis/build/icyphy/ptII/lib/StructuralCoder.jar:/home/travis/build/icyphy/ptII/l
ib/jcerti.jar:/home/travis/build/icyphy/ptII/lib/javax.mail.jar:/home/travis/bu
ild/icyphy/ptII/vendors/JMF-2.1.1e/lib/jmf.jar:/home/travis/build/icyphy/ptII/l
ib/jna-4.0.0-variadic.jar:/home/travis/build/icyphy/ptII/vendors/misc/joystick/
Joystick.jar:/home/travis/build/icyphy/ptII/lib/ptjacl.jar:/home/travis/build/i
cyphy/ptII/lib/jsoup-1.8.2.jar:/home/travis/build/icyphy/ptII/lib/junit-4.8.2.j
ar:/home/travis/build/icyphy/ptII/lib/JUnitParams-0.4.0.jar:/home/travis/build/
icyphy/ptII/ptolemy/actor/lib/excel/jxl.jar:/home/travis/build/icyphy/ptII/lib/
jython.jar:/home/travis/build/icyphy/ptII/lib/kieler.jar:/home/travis/build/icy
phy/ptII/vendors/opencv/share/OpenCV/java/opencv-341.jar:/home/travis/build/icy
phy/ptII/lib/oscP5.jar:/home/travis/build/icyphy/ptII/lib/nrjavaserial-3.11.0.d
evel.jar:/home/travis/build/icyphy/ptII/vendors/j3d/lib/Linux/j3dcore.jar:/home
/travis/build/icyphy/ptII/vendors/j3d/lib/Linux/j3dutils.jar:/home/travis/build
/icyphy/ptII/vendors/j3d/lib/Linux/vecmath.jar:/home/travis/build/icyphy/ptII/v
endors/jogl/lib/Linux/gluegen-rt-natives-linux-amd64.jar:/home/travis/build/icy
phy/ptII/vendors/jogl/lib/Linux/gluegen-rt.jar:/home/travis/build/icyphy/ptII/v
endors/jogl/lib/Linux/jogl-all-natives-linux-amd64.jar:/home/travis/build/icyph
y/ptII/vendors/jogl/lib/Linux/jogl-all.jar:/home/travis/build/icyphy/ptII/ptole
my/distributed/jini/jar/jini-core.jar:/home/travis/build/icyphy/ptII/ptolemy/di
stributed/jini/jar/jini-ext.jar:/home/travis/build/icyphy/ptII/ptolemy/distribu
ted/jini/jar/sun-util.jar:/home/travis/build/icyphy/ptII/lib/protobuf-java-2.4.
1.jar:/home/travis/build/icyphy/ptII/lib/org.eclipse.paho.client.mqttv3.jar:/ho
me/travis/build/icyphy/ptII/lib/mapss.jar:/home/travis/build/icyphy/ptII/ptolem
y/actor/ptalon/antlr/antlr.jar:/home/travis/build/icyphy/ptII/lib/JRI.jar:/home
/travis/build/icyphy/ptII/lib/commons-lang-2.6.jar:/home/travis/build/icyphy/pt
II/lib/commons-logging-1.1.1.jar:/home/travis/build/icyphy/ptII/lib/sootclasses
.jar:/home/travis/build/icyphy/ptII/ptolemy/actor/lib/database/mysql-connector-
java-5.1.6-bin.jar:/home/travis/build/icyphy/ptII/vendors/misc/sphinx4/sphinx4-
data-5prealpha.jar:/home/travis/build/icyphy/ptII/vendors/misc/sphinx4/sphinx4-
core-5prealpha.jar:/home/travis/build/icyphy/ptII/lib/PDFRenderer.jar:/home/tra
vis/build/icyphy/ptII/lib/svgSalamander.jar:/home/travis/build/icyphy/ptII/lib/
rsyntaxtextarea-2.6.0-SNAPSHOT.jar:/home/travis/build/icyphy/ptII/lib/hazelcast
-3.8.2.jar:/home/travis/build/icyphy/ptII/lib/jackson-annotations-2.9.0.jar:/ho
me/travis/build/icyphy/ptII/lib/jackson-core-2.9.3.jar:/home/travis/build/icyph
y/ptII/lib/jackson-databind-2.9.3.jar:/home/travis/build/icyphy/ptII/lib/netty-
buffer-4.1.19.Final.jar:/home/travis/build/icyphy/ptII/lib/netty-codec-4.1.19.F
inal.jar:/home/travis/build/icyphy/ptII/lib/netty-codec-dns-4.1.19.Final.jar:/h
ome/travis/build/icyphy/ptII/lib/netty-codec-http-4.1.19.Final.jar:/home/travis
/build/icyphy/ptII/lib/netty-codec-http2-4.1.19.Final.jar:/home/travis/build/ic
yphy/ptII/lib/netty-common-4.1.19.Final.jar:/home/travis/build/icyphy/ptII/lib/
netty-handler-4.1.19.Final.jar:/home/travis/build/icyphy/ptII/lib/netty-resolve
r-4.1.19.Final.jar:/home/travis/build/icyphy/ptII/lib/netty-resolver-dns-4.1.19
.Final.jar:/home/travis/build/icyphy/ptII/lib/netty-transport-4.1.19.Final.jar:
/home/travis/build/icyphy/ptII/lib/vertx-codegen-3.5.1.jar:/home/travis/build/i
cyphy/ptII/lib/vertx-core-3.5.2-SNAPSHOT.jar:/home/travis/build/icyphy/ptII/lib
/vertx-hazelcast-3.5.1.jar:/home/travis/build/icyphy/ptII/lib/vertx-lang-js-3.5
.1.jar:/home/travis/build/icyphy/ptII/lib/vertx-service-proxy-3.5.1.jar:/home/t
ravis/build/icyphy/ptII/lib/vertx-web-3.5.1.jar:/home/travis/build/icyphy/ptII/
lib/slf4j-api-1.7.13.jar:/home/travis/build/icyphy/ptII/lib/slf4j-simple-1.7.13
.jar:/home/travis/build/icyphy/ptII/lib/webcam-capture-0.3.12.jar:/home/travis/
build/icyphy/ptII/lib/bridj-0.7.0.jar:/home/travis/build/icyphy/ptII/lib/xbjlib
-1.1.0.nrjavaserial.jar:/home/travis/build/icyphy/ptII/ptolemy/moml/test:/home/
travis/build/icyphy/ptII/ant/lib/ant-launcher.jar:/home/travis/build/icyphy/ptI
I/ant/lib/ant.jar:/home/travis/build/icyphy/ptII/ant/lib/ant-junit.jar:/home/tr
avis/build/icyphy/ptII/ant/lib/ant-junit4.jar:/home/travis/build/icyphy/ptII
ModularCG_A1_B1_profile.java
total 1396
drwxrwxr-x   3 travis travis  12288 Aug  1 15:20 AbsoluteValue
drwxrwxr-x   3 travis travis 102400 Aug  1 15:19 AllColt
drwxrwxr-x   3 travis travis  12288 Aug  1 15:19 Case1
-rw-rw-r--   1 travis travis   5128 Aug  1 15:25 CompiledCompositeActor_CompiledCompositeActor.class
-rw-rw-r--   1 travis travis   1611 Aug  1 15:25 CompiledCompositeActor_CompiledCompositeActor$_CompiledCompositeActor_CompiledCompositeActor.class
-rw-rw-r--   1 travis travis  13466 Aug  1 15:25 CompiledCompositeActor_CompiledCompositeActor.java
-rw-rw-r--   1 travis travis   1593 Aug  1 15:25 CompiledCompositeActor_CompiledCompositeActor.mk
drwxrwxr-x   5 travis travis   4096 Aug  1 15:18 fmi
drwxrwxr-x   3 travis travis  16384 Aug  1 15:20 Gaussian2
-rw-rw-r--   1 travis travis   4684 Aug  1 15:25 JavaCompiledCompositeTest1_CompiledCompositeActor.class
-rw-rw-r--   1 travis travis  11637 Aug  1 15:25 JavaCompiledCompositeTest1_CompiledCompositeActor.java
-rw-rw-r--   1 travis travis   1217 Aug  1 15:25 JavaCompiledCompositeTest1_CompiledCompositeActor$_JavaCompiledCompositeTest1_CompiledCompositeActor.class
-rw-rw-r--   1 travis travis   1625 Aug  1 15:25 JavaCompiledCompositeTest1_CompiledCompositeActor.mk
-rw-rw-r--   1 travis travis   5115 Aug  1 15:25 JavaCompiledCompositeTest2_CompiledCompositeActor.class
-rw-rw-r--   1 travis travis  14919 Aug  1 15:25 JavaCompiledCompositeTest2_CompiledCompositeActor.java
-rw-rw-r--   1 travis travis   1812 Aug  1 15:25 JavaCompiledCompositeTest2_CompiledCompositeActor$_JavaCompiledCompositeTest2_CompiledCompositeActor.class
-rw-rw-r--   1 travis travis   1625 Aug  1 15:25 JavaCompiledCompositeTest2_CompiledCompositeActor.mk
-rw-rw-r--   1 travis travis   4732 Aug  1 15:25 JavaCompiledCompositeTest3_CompiledCompositeActor.class
-rw-rw-r--   1 travis travis  13080 Aug  1 15:25 JavaCompiledCompositeTest3_CompiledCompositeActor.java
-rw-rw-r--   1 travis travis   1397 Aug  1 15:25 JavaCompiledCompositeTest3_CompiledCompositeActor$_JavaCompiledCompositeTest3_CompiledCompositeActor.class
-rw-rw-r--   1 travis travis   1625 Aug  1 15:25 JavaCompiledCompositeTest3_CompiledCompositeActor.mk
-rw-rw-r--   1 travis travis   4183 Aug  1 15:25 JavaCompiledCompositeTest4_CompiledCompositeActor.class
-rw-rw-r--   1 travis travis   9687 Aug  1 15:25 JavaCompiledCompositeTest4_CompiledCompositeActor.java
-rw-rw-r--   1 travis travis    876 Aug  1 15:25 JavaCompiledCompositeTest4_CompiledCompositeActor$_JavaCompiledCompositeTest4_CompiledCompositeActor.class
-rw-rw-r--   1 travis travis   1625 Aug  1 15:25 JavaCompiledCompositeTest4_CompiledCompositeActor.mk
drwxrwxr-x   3 travis travis  12288 Aug  1 15:20 LookupTable
drwxrwxr-x   3 travis travis  20480 Aug  1 15:20 MaxIndex
-rw-rw-r--   1 travis travis   1262 Aug  1 15:25 ModularCG_A1_B1_profile.java
-rw-rw-r--   1 travis travis   3724 Aug  1 15:25 ModularCodeGenTest_A1_A2.class
-rw-rw-r--   1 travis travis   9164 Aug  1 15:25 ModularCodeGenTest_A1_A2.java
-rw-rw-r--   1 travis travis   1306 Aug  1 15:25 ModularCodeGenTest_A1_A2_profile.class
-rw-rw-r--   1 travis travis   4055 Aug  1 15:25 ModularCodeGenTest_A1.class
-rw-rw-r--   1 travis travis   9968 Aug  1 15:25 ModularCodeGenTest_A1.java
-rw-rw-r--   1 travis travis    880 Aug  1 15:25 ModularCodeGenTest_A1.mk
-rw-rw-r--   1 travis travis   1352 Aug  1 15:25 ModularCodeGenTest_A1_profile.class
-rw-rw-r--   1 travis travis   1394 Aug  1 15:25 ModularCodeGenTest_A1_profile.java
drwxrwxr-x   3 travis travis  32768 Aug  1 15:24 modulation2
drwxrwxr-x 183 travis travis  12288 Aug  1 15:25 node_modules
drwxrwxr-x   3 travis travis  20480 Aug  1 15:21 PhaseUnwrap
drwxrwxr-x   3 travis travis  12288 Aug  1 15:21 ReadFile1
-rw-rw-r--   1 travis travis     11 Aug  1 15:21 ReadFile1Output.txt
-rw-rw-r--   1 travis travis  13773 Aug  1 15:24 Repeat.class
-rw-rw-r--   1 travis travis    685 Aug  1 15:24 Repeat$_fireFunction_Repeat_Repeat$__f_sL_11.class
-rw-rw-r--   1 travis travis    541 Aug  1 15:24 Repeat$_fireFunction_Repeat_Repeat$__f_sL_12.class
-rw-rw-r--   1 travis travis    541 Aug  1 15:24 Repeat$_fireFunction_Repeat_Repeat$__f_sL_13.class
-rw-rw-r--   1 travis travis    541 Aug  1 15:24 Repeat$_fireFunction_Repeat_Repeat$__f_sL_14.class
-rw-rw-r--   1 travis travis    684 Aug  1 15:24 Repeat$_fireFunction_Repeat_Repeat$__f_sL_1.class
-rw-rw-r--   1 travis travis    683 Aug  1 15:24 Repeat$_fireFunction_Repeat_Repeat$__f_sL_4.class
-rw-rw-r--   1 travis travis    539 Aug  1 15:24 Repeat$_fireFunction_Repeat_Repeat$__f_sL_9.class
-rw-rw-r--   1 travis travis    494 Aug  1 15:24 Repeat$_initialize_Repeat$__i_sL_2.class
-rw-rw-r--   1 travis travis   1281 Aug  1 15:24 Repeat.mk
-rw-rw-r--   1 travis travis    539 Aug  1 15:24 Repeat$_preinitializeMethod_Repeat$__p_sL_0.class
-rw-rw-r--   1 travis travis   1102 Aug  1 15:24 Repeat$_Repeat$_fireFunction_Repeat_AddSubtract_Repeat.class
-rw-rw-r--   1 travis travis    810 Aug  1 15:24 Repeat$_Repeat$_fireFunction_Repeat_AddSubtract_Repeat$__f_sL_0.class
-rw-rw-r--   1 travis travis    928 Aug  1 15:24 Repeat$_Repeat$_fireFunction_Repeat_AddSubtract_Repeat$__f_sL_1.class
-rw-rw-r--   1 travis travis    934 Aug  1 15:24 Repeat$_Repeat$_fireFunction_Repeat_AddSubtract_Repeat$__f_sL_2.class
-rw-rw-r--   1 travis travis    862 Aug  1 15:24 Repeat$_Repeat$_fireFunction_Repeat_AddSubtract_Repeat$__f_sL_3.class
-rw-rw-r--   1 travis travis    757 Aug  1 15:24 Repeat$_Repeat$_fireFunction_Repeat_Ramp2_Repeat$__f_sL_0.class
-rw-rw-r--   1 travis travis    888 Aug  1 15:24 Repeat$_Repeat$_fireFunction_Repeat_Test_Repeat$__f_sL_0.class
-rw-rw-r--   1 travis travis    634 Aug  1 15:24 Repeat$_Repeat$_fireFunction_Repeat_Test_Repeat$__f_sL_1.class
-rw-rw-r--   1 travis travis    704 Aug  1 15:24 Repeat$_Repeat_SDF_Director_run_Repeat$__R_sL_0.class
-rw-rw-r--   1 travis travis    705 Aug  1 15:24 Repeat$_Repeat_SDF_Director_run_Repeat$__R_sL_11.class
-rw-rw-r--   1 travis travis    561 Aug  1 15:24 Repeat$_Repeat_SDF_Director_run_Repeat$__R_sL_13.class
-rw-rw-r--   1 travis travis    559 Aug  1 15:24 Repeat$_Repeat_SDF_Director_run_Repeat$__R_sL_2.class
-rw-rw-r--   1 travis travis    703 Aug  1 15:24 Repeat$_Repeat_SDF_Director_run_Repeat$__R_sL_3.class
-rw-rw-r--   1 travis travis    559 Aug  1 15:24 Repeat$_Repeat_SDF_Director_run_Repeat$__R_sL_5.class
-rw-rw-r--   1 travis travis    559 Aug  1 15:24 Repeat$_Repeat_SDF_Director_run_Repeat$__R_sL_8.class
drwxrwxr-x   2 travis travis   4096 Aug  1 15:24 RepeatVariables
-rw-rw-r--   1 travis travis    882 Aug  1 15:24 Repeat$_varinit_Repeat.class
-rw-rw-r--   1 travis travis    550 Aug  1 15:24 Repeat$_varinit_Repeat$__v_sL_2.class
-rw-rw-r--   1 travis travis    924 Aug  1 15:24 Repeat$_varinit_Repeat$__v_sL_4.class
-rw-rw-r--   1 travis travis    978 Aug  1 15:24 Repeat$_wrapup_Repeat$__w_sL_1.class
drwxrwxr-x   3 travis travis  20480 Aug  1 15:21 Sinewave
drwxrwxr-x   3 travis travis  32768 Aug  1 15:23 StringFunction
drwxrwxr-x   3 travis travis  12288 Aug  1 15:23 StringLength
drwxrwxr-x   3 travis travis  61440 Aug  1 15:23 StringMatches2
drwxrwxr-x   3 travis travis  61440 Aug  1 15:23 StringSimpleReplace
drwxrwxr-x   3 travis travis  65536 Aug  1 15:23 StringSubstring
drwxrwxr-x   3 travis travis  24576 Aug  1 15:24 StringSubstring2
drwxrwxr-x   3 travis travis  16384 Aug  1 15:24 time1
drwxrwxr-x   3 travis travis  12288 Aug  1 15:24 time5
-rw-rw-r--   1 travis travis    432 Aug  1 15:25 Token.class
-rw-rw-r--   1 travis travis    251 Aug  1 15:25 Token.java
-rwxrwxr-x   1 travis travis 466992 Aug  1 15:18 top
-rw-rw-r--   1 travis travis  20502 Aug  1 15:18 top.c
-rw-rw-r--   1 travis travis   3799 Aug  1 15:24 top.class
-rw-rw-r--   1 travis travis   1257 Aug  1 15:24 top.mk
All Done
Writing ModularCG_A1_B1.java in file:/home/travis/cg/ (9730 characters)
Reading "ptolemy/cg/kernel/generic/program/procedural/java/modular/makefile.in",
    writing "/home/travis/cg/ModularCG_A1_B1.mk"
Using ptolemy/cg/kernel/generic/program/procedural/java/modular/makefile.in
In "/home/travis/cg", about to execute:
    make -f ModularCG_A1_B1.mk
javac -classpath ".:.."    ModularCG_A1_B1.java
All Done
In "/home/travis/cg", about to execute:
    pwd
In "/home/travis/cg", about to execute:
    ls -l
/home/travis/cg
total 1424
drwxrwxr-x   3 travis travis  12288 Aug  1 15:20 AbsoluteValue
drwxrwxr-x   3 travis travis 102400 Aug  1 15:19 AllColt
drwxrwxr-x   3 travis travis  12288 Aug  1 15:19 Case1
-rw-rw-r--   1 travis travis   5128 Aug  1 15:25 CompiledCompositeActor_CompiledCompositeActor.class
-rw-rw-r--   1 travis travis   1611 Aug  1 15:25 CompiledCompositeActor_CompiledCompositeActor$_CompiledCompositeActor_CompiledCompositeActor.class
-rw-rw-r--   1 travis travis  13466 Aug  1 15:25 CompiledCompositeActor_CompiledCompositeActor.java
-rw-rw-r--   1 travis travis   1593 Aug  1 15:25 CompiledCompositeActor_CompiledCompositeActor.mk
drwxrwxr-x   5 travis travis   4096 Aug  1 15:18 fmi
drwxrwxr-x   3 travis travis  16384 Aug  1 15:20 Gaussian2
-rw-rw-r--   1 travis travis   4684 Aug  1 15:25 JavaCompiledCompositeTest1_CompiledCompositeActor.class
-rw-rw-r--   1 travis travis  11637 Aug  1 15:25 JavaCompiledCompositeTest1_CompiledCompositeActor.java
-rw-rw-r--   1 travis travis   1217 Aug  1 15:25 JavaCompiledCompositeTest1_CompiledCompositeActor$_JavaCompiledCompositeTest1_CompiledCompositeActor.class
-rw-rw-r--   1 travis travis   1625 Aug  1 15:25 JavaCompiledCompositeTest1_CompiledCompositeActor.mk
-rw-rw-r--   1 travis travis   5115 Aug  1 15:25 JavaCompiledCompositeTest2_CompiledCompositeActor.class
-rw-rw-r--   1 travis travis  14919 Aug  1 15:25 JavaCompiledCompositeTest2_CompiledCompositeActor.java
-rw-rw-r--   1 travis travis   1812 Aug  1 15:25 JavaCompiledCompositeTest2_CompiledCompositeActor$_JavaCompiledCompositeTest2_CompiledCompositeActor.class
-rw-rw-r--   1 travis travis   1625 Aug  1 15:25 JavaCompiledCompositeTest2_CompiledCompositeActor.mk
-rw-rw-r--   1 travis travis   4732 Aug  1 15:25 JavaCompiledCompositeTest3_CompiledCompositeActor.class
-rw-rw-r--   1 travis travis  13080 Aug  1 15:25 JavaCompiledCompositeTest3_CompiledCompositeActor.java
-rw-rw-r--   1 travis travis   1397 Aug  1 15:25 JavaCompiledCompositeTest3_CompiledCompositeActor$_JavaCompiledCompositeTest3_CompiledCompositeActor.class
-rw-rw-r--   1 travis travis   1625 Aug  1 15:25 JavaCompiledCompositeTest3_CompiledCompositeActor.mk
-rw-rw-r--   1 travis travis   4183 Aug  1 15:25 JavaCompiledCompositeTest4_CompiledCompositeActor.class
-rw-rw-r--   1 travis travis   9687 Aug  1 15:25 JavaCompiledCompositeTest4_CompiledCompositeActor.java
-rw-rw-r--   1 travis travis    876 Aug  1 15:25 JavaCompiledCompositeTest4_CompiledCompositeActor$_JavaCompiledCompositeTest4_CompiledCompositeActor.class
-rw-rw-r--   1 travis travis   1625 Aug  1 15:25 JavaCompiledCompositeTest4_CompiledCompositeActor.mk
drwxrwxr-x   3 travis travis  12288 Aug  1 15:20 LookupTable
drwxrwxr-x   3 travis travis  20480 Aug  1 15:20 MaxIndex
-rw-rw-r--   1 travis travis   3925 Aug  1 15:25 ModularCG_A1_B1.class
-rw-rw-r--   1 travis travis   9730 Aug  1 15:25 ModularCG_A1_B1.java
-rw-rw-r--   1 travis travis    832 Aug  1 15:25 ModularCG_A1_B1.mk
-rw-rw-r--   1 travis travis   1318 Aug  1 15:25 ModularCG_A1_B1_profile.class
-rw-rw-r--   1 travis travis   1262 Aug  1 15:25 ModularCG_A1_B1_profile.java
-rw-rw-r--   1 travis travis   1262 Aug  1 15:25 ModularCG_A1_B2_profile.java
-rw-rw-r--   1 travis travis   3724 Aug  1 15:25 ModularCodeGenTest_A1_A2.class
-rw-rw-r--   1 travis travis   9164 Aug  1 15:25 ModularCodeGenTest_A1_A2.java
-rw-rw-r--   1 travis travis   1306 Aug  1 15:25 ModularCodeGenTest_A1_A2_profile.class
-rw-rw-r--   1 travis travis   4055 Aug  1 15:25 ModularCodeGenTest_A1.class
-rw-rw-r--   1 travis travis   9968 Aug  1 15:25 ModularCodeGenTest_A1.java
-rw-rw-r--   1 travis travis    880 Aug  1 15:25 ModularCodeGenTest_A1.mk
-rw-rw-r--   1 travis travis   1352 Aug  1 15:25 ModularCodeGenTest_A1_profile.class
-rw-rw-r--   1 travis travis   1394 Aug  1 15:25 ModularCodeGenTest_A1_profile.java
drwxrwxr-x   3 travis travis  32768 Aug  1 15:24 modulation2
drwxrwxr-x 183 travis travis  12288 Aug  1 15:25 node_modules
drwxrwxr-x   3 travis travis  20480 Aug  1 15:21 PhaseUnwrap
drwxrwxr-x   3 travis travis  12288 Aug  1 15:21 ReadFile1
-rw-rw-r--   1 travis travis     11 Aug  1 15:21 ReadFile1Output.txt
-rw-rw-r--   1 travis travis  13773 Aug  1 15:24 Repeat.class
-rw-rw-r--   1 travis travis    685 Aug  1 15:24 Repeat$_fireFunction_Repeat_Repeat$__f_sL_11.class
-rw-rw-r--   1 travis travis    541 Aug  1 15:24 Repeat$_fireFunction_Repeat_Repeat$__f_sL_12.class
-rw-rw-r--   1 travis travis    541 Aug  1 15:24 Repeat$_fireFunction_Repeat_Repeat$__f_sL_13.class
-rw-rw-r--   1 travis travis    541 Aug  1 15:24 Repeat$_fireFunction_Repeat_Repeat$__f_sL_14.class
-rw-rw-r--   1 travis travis    684 Aug  1 15:24 Repeat$_fireFunction_Repeat_Repeat$__f_sL_1.class
-rw-rw-r--   1 travis travis    683 Aug  1 15:24 Repeat$_fireFunction_Repeat_Repeat$__f_sL_4.class
-rw-rw-r--   1 travis travis    539 Aug  1 15:24 Repeat$_fireFunction_Repeat_Repeat$__f_sL_9.class
-rw-rw-r--   1 travis travis    494 Aug  1 15:24 Repeat$_initialize_Repeat$__i_sL_2.class
-rw-rw-r--   1 travis travis   1281 Aug  1 15:24 Repeat.mk
-rw-rw-r--   1 travis travis    539 Aug  1 15:24 Repeat$_preinitializeMethod_Repeat$__p_sL_0.class
-rw-rw-r--   1 travis travis   1102 Aug  1 15:24 Repeat$_Repeat$_fireFunction_Repeat_AddSubtract_Repeat.class
-rw-rw-r--   1 travis travis    810 Aug  1 15:24 Repeat$_Repeat$_fireFunction_Repeat_AddSubtract_Repeat$__f_sL_0.class
-rw-rw-r--   1 travis travis    928 Aug  1 15:24 Repeat$_Repeat$_fireFunction_Repeat_AddSubtract_Repeat$__f_sL_1.class
-rw-rw-r--   1 travis travis    934 Aug  1 15:24 Repeat$_Repeat$_fireFunction_Repeat_AddSubtract_Repeat$__f_sL_2.class
-rw-rw-r--   1 travis travis    862 Aug  1 15:24 Repeat$_Repeat$_fireFunction_Repeat_AddSubtract_Repeat$__f_sL_3.class
-rw-rw-r--   1 travis travis    757 Aug  1 15:24 Repeat$_Repeat$_fireFunction_Repeat_Ramp2_Repeat$__f_sL_0.class
-rw-rw-r--   1 travis travis    888 Aug  1 15:24 Repeat$_Repeat$_fireFunction_Repeat_Test_Repeat$__f_sL_0.class
-rw-rw-r--   1 travis travis    634 Aug  1 15:24 Repeat$_Repeat$_fireFunction_Repeat_Test_Repeat$__f_sL_1.class
-rw-rw-r--   1 travis travis    704 Aug  1 15:24 Repeat$_Repeat_SDF_Director_run_Repeat$__R_sL_0.class
-rw-rw-r--   1 travis travis    705 Aug  1 15:24 Repeat$_Repeat_SDF_Director_run_Repeat$__R_sL_11.class
-rw-rw-r--   1 travis travis    561 Aug  1 15:24 Repeat$_Repeat_SDF_Director_run_Repeat$__R_sL_13.class
-rw-rw-r--   1 travis travis    559 Aug  1 15:24 Repeat$_Repeat_SDF_Director_run_Repeat$__R_sL_2.class
-rw-rw-r--   1 travis travis    703 Aug  1 15:24 Repeat$_Repeat_SDF_Director_run_Repeat$__R_sL_3.class
-rw-rw-r--   1 travis travis    559 Aug  1 15:24 Repeat$_Repeat_SDF_Director_run_Repeat$__R_sL_5.class
-rw-rw-r--   1 travis travis    559 Aug  1 15:24 Repeat$_Repeat_SDF_Director_run_Repeat$__R_sL_8.class
drwxrwxr-x   2 travis travis   4096 Aug  1 15:24 RepeatVariables
-rw-rw-r--   1 travis travis    882 Aug  1 15:24 Repeat$_varinit_Repeat.class
-rw-rw-r--   1 travis travis    550 Aug  1 15:24 Repeat$_varinit_Repeat$__v_sL_2.class
-rw-rw-r--   1 travis travis    924 Aug  1 15:24 Repeat$_varinit_Repeat$__v_sL_4.class
-rw-rw-r--   1 travis travis    978 Aug  1 15:24 Repeat$_wrapup_Repeat$__w_sL_1.class
drwxrwxr-x   3 travis travis  20480 Aug  1 15:21 Sinewave
drwxrwxr-x   3 travis travis  32768 Aug  1 15:23 StringFunction
drwxrwxr-x   3 travis travis  12288 Aug  1 15:23 StringLength
drwxrwxr-x   3 travis travis  61440 Aug  1 15:23 StringMatches2
drwxrwxr-x   3 travis travis  61440 Aug  1 15:23 StringSimpleReplace
drwxrwxr-x   3 travis travis  65536 Aug  1 15:23 StringSubstring
drwxrwxr-x   3 travis travis  24576 Aug  1 15:24 StringSubstring2
drwxrwxr-x   3 travis travis  16384 Aug  1 15:24 time1
drwxrwxr-x   3 travis travis  12288 Aug  1 15:24 time5
-rw-rw-r--   1 travis travis    432 Aug  1 15:25 Token.class
In "/home/travis/cg", about to execute:
    javac -classpath
.:/home/travis/build/icyphy/ptII:/home/travis/build/icyphy/ptII/lib/bsh-2.0b4.j
ar:/home/travis/build/icyphy/ptII/lib/ptCal.jar:/home/travis/build/icyphy/ptII/
lib/java_cup.jar:/home/travis/build/icyphy/ptII/lib/saxon8.jar:/home/travis/bui
ld/icyphy/ptII/lib/saxon8-dom.jar:/home/travis/build/icyphy/ptII/lib/chic.jar:/
home/travis/build/icyphy/ptII/lib/ptcolt.jar:/home/travis/build/icyphy/ptII/ven
dors/misc/itext/iText.jar:/home/travis/build/icyphy/ptII/lib/g4ltl.jar:/home/tr
avis/build/icyphy/ptII/lib/StructuralCoder.jar:/home/travis/build/icyphy/ptII/l
ib/jcerti.jar:/home/travis/build/icyphy/ptII/lib/javax.mail.jar:/home/travis/bu
ild/icyphy/ptII/vendors/JMF-2.1.1e/lib/jmf.jar:/home/travis/build/icyphy/ptII/l
ib/jna-4.0.0-variadic.jar:/home/travis/build/icyphy/ptII/vendors/misc/joystick/
Joystick.jar:/home/travis/build/icyphy/ptII/lib/ptjacl.jar:/home/travis/build/i
cyphy/ptII/lib/jsoup-1.8.2.jar:/home/travis/build/icyphy/ptII/lib/junit-4.8.2.j
ar:/home/travis/build/icyphy/ptII/lib/JUnitParams-0.4.0.jar:/home/travis/build/
icyphy/ptII/ptolemy/actor/lib/excel/jxl.jar:/home/travis/build/icyphy/ptII/lib/
jython.jar:/home/travis/build/icyphy/ptII/lib/kieler.jar:/home/travis/build/icy
phy/ptII/vendors/opencv/share/OpenCV/java/opencv-341.jar:/home/travis/build/icy
phy/ptII/lib/oscP5.jar:/home/travis/build/icyphy/ptII/lib/nrjavaserial-3.11.0.d
evel.jar:/home/travis/build/icyphy/ptII/vendors/j3d/lib/Linux/j3dcore.jar:/home
/travis/build/icyphy/ptII/vendors/j3d/lib/Linux/j3dutils.jar:/home/travis/build
/icyphy/ptII/vendors/j3d/lib/Linux/vecmath.jar:/home/travis/build/icyphy/ptII/v
endors/jogl/lib/Linux/gluegen-rt-natives-linux-amd64.jar:/home/travis/build/icy
phy/ptII/vendors/jogl/lib/Linux/gluegen-rt.jar:/home/travis/build/icyphy/ptII/v
endors/jogl/lib/Linux/jogl-all-natives-linux-amd64.jar:/home/travis/build/icyph
y/ptII/vendors/jogl/lib/Linux/jogl-all.jar:/home/travis/build/icyphy/ptII/ptole
my/distributed/jini/jar/jini-core.jar:/home/travis/build/icyphy/ptII/ptolemy/di
stributed/jini/jar/jini-ext.jar:/home/travis/build/icyphy/ptII/ptolemy/distribu
ted/jini/jar/sun-util.jar:/home/travis/build/icyphy/ptII/lib/protobuf-java-2.4.
1.jar:/home/travis/build/icyphy/ptII/lib/org.eclipse.paho.client.mqttv3.jar:/ho
me/travis/build/icyphy/ptII/lib/mapss.jar:/home/travis/build/icyphy/ptII/ptolem
y/actor/ptalon/antlr/antlr.jar:/home/travis/build/icyphy/ptII/lib/JRI.jar:/home
/travis/build/icyphy/ptII/lib/commons-lang-2.6.jar:/home/travis/build/icyphy/pt
II/lib/commons-logging-1.1.1.jar:/home/travis/build/icyphy/ptII/lib/sootclasses
.jar:/home/travis/build/icyphy/ptII/ptolemy/actor/lib/database/mysql-connector-
java-5.1.6-bin.jar:/home/travis/build/icyphy/ptII/vendors/misc/sphinx4/sphinx4-
data-5prealpha.jar:/home/travis/build/icyphy/ptII/vendors/misc/sphinx4/sphinx4-
core-5prealpha.jar:/home/travis/build/icyphy/ptII/lib/PDFRenderer.jar:/home/tra
vis/build/icyphy/ptII/lib/svgSalamander.jar:/home/travis/build/icyphy/ptII/lib/
rsyntaxtextarea-2.6.0-SNAPSHOT.jar:/home/travis/build/icyphy/ptII/lib/hazelcast
-3.8.2.jar:/home/travis/build/icyphy/ptII/lib/jackson-annotations-2.9.0.jar:/ho
me/travis/build/icyphy/ptII/lib/jackson-core-2.9.3.jar:/home/travis/build/icyph
y/ptII/lib/jackson-databind-2.9.3.jar:/home/travis/build/icyphy/ptII/lib/netty-
buffer-4.1.19.Final.jar:/home/travis/build/icyphy/ptII/lib/netty-codec-4.1.19.F
inal.jar:/home/travis/build/icyphy/ptII/lib/netty-codec-dns-4.1.19.Final.jar:/h
ome/travis/build/icyphy/ptII/lib/netty-codec-http-4.1.19.Final.jar:/home/travis
/build/icyphy/ptII/lib/netty-codec-http2-4.1.19.Final.jar:/home/travis/build/ic
yphy/ptII/lib/netty-common-4.1.19.Final.jar:/home/travis/build/icyphy/ptII/lib/
netty-handler-4.1.19.Final.jar:/home/travis/build/icyphy/ptII/lib/netty-resolve
r-4.1.19.Final.jar:/home/travis/build/icyphy/ptII/lib/netty-resolver-dns-4.1.19
.Final.jar:/home/travis/build/icyphy/ptII/lib/netty-transport-4.1.19.Final.jar:
/home/travis/build/icyphy/ptII/lib/vertx-codegen-3.5.1.jar:/home/travis/build/i
cyphy/ptII/lib/vertx-core-3.5.2-SNAPSHOT.jar:/home/travis/build/icyphy/ptII/lib
/vertx-hazelcast-3.5.1.jar:/home/travis/build/icyphy/ptII/lib/vertx-lang-js-3.5
.1.jar:/home/travis/build/icyphy/ptII/lib/vertx-service-proxy-3.5.1.jar:/home/t
ravis/build/icyphy/ptII/lib/vertx-web-3.5.1.jar:/home/travis/build/icyphy/ptII/
lib/slf4j-api-1.7.13.jar:/home/travis/build/icyphy/ptII/lib/slf4j-simple-1.7.13
.jar:/home/travis/build/icyphy/ptII/lib/webcam-capture-0.3.12.jar:/home/travis/
build/icyphy/ptII/lib/bridj-0.7.0.jar:/home/travis/build/icyphy/ptII/lib/xbjlib
-1.1.0.nrjavaserial.jar:/home/travis/build/icyphy/ptII/ptolemy/moml/test:/home/
travis/build/icyphy/ptII/ant/lib/ant-launcher.jar:/home/travis/build/icyphy/ptI
I/ant/lib/ant.jar:/home/travis/build/icyphy/ptII/ant/lib/ant-junit.jar:/home/tr
avis/build/icyphy/ptII/ant/lib/ant-junit4.jar:/home/travis/build/icyphy/ptII
ModularCG_A1_B2_profile.java
-rw-rw-r--   1 travis travis    251 Aug  1 15:25 Token.java
-rwxrwxr-x   1 travis travis 466992 Aug  1 15:18 top
-rw-rw-r--   1 travis travis  20502 Aug  1 15:18 top.c
-rw-rw-r--   1 travis travis   3799 Aug  1 15:24 top.class
-rw-rw-r--   1 travis travis   1257 Aug  1 15:24 top.mk
All Done
Writing ModularCG_A1_B2.java in file:/home/travis/cg/ (9730 characters)
Reading "ptolemy/cg/kernel/generic/program/procedural/java/modular/makefile.in",
    writing "/home/travis/cg/ModularCG_A1_B2.mk"
Using ptolemy/cg/kernel/generic/program/procedural/java/modular/makefile.in
In "/home/travis/cg", about to execute:
    make -f ModularCG_A1_B2.mk
javac -classpath ".:.."    ModularCG_A1_B2.java
All Done
In "/home/travis/cg", about to execute:
    pwd
/home/travis/cg
In "/home/travis/cg", about to execute:
    ls -l
total 1452
drwxrwxr-x   3 travis travis  12288 Aug  1 15:20 AbsoluteValue
drwxrwxr-x   3 travis travis 102400 Aug  1 15:19 AllColt
drwxrwxr-x   3 travis travis  12288 Aug  1 15:19 Case1
-rw-rw-r--   1 travis travis   5128 Aug  1 15:25 CompiledCompositeActor_CompiledCompositeActor.class
-rw-rw-r--   1 travis travis   1611 Aug  1 15:25 CompiledCompositeActor_CompiledCompositeActor$_CompiledCompositeActor_CompiledCompositeActor.class
-rw-rw-r--   1 travis travis  13466 Aug  1 15:25 CompiledCompositeActor_CompiledCompositeActor.java
-rw-rw-r--   1 travis travis   1593 Aug  1 15:25 CompiledCompositeActor_CompiledCompositeActor.mk
drwxrwxr-x   5 travis travis   4096 Aug  1 15:18 fmi
drwxrwxr-x   3 travis travis  16384 Aug  1 15:20 Gaussian2
-rw-rw-r--   1 travis travis   4684 Aug  1 15:25 JavaCompiledCompositeTest1_CompiledCompositeActor.class
-rw-rw-r--   1 travis travis  11637 Aug  1 15:25 JavaCompiledCompositeTest1_CompiledCompositeActor.java
-rw-rw-r--   1 travis travis   1217 Aug  1 15:25 JavaCompiledCompositeTest1_CompiledCompositeActor$_JavaCompiledCompositeTest1_CompiledCompositeActor.class
-rw-rw-r--   1 travis travis   1625 Aug  1 15:25 JavaCompiledCompositeTest1_CompiledCompositeActor.mk
-rw-rw-r--   1 travis travis   5115 Aug  1 15:25 JavaCompiledCompositeTest2_CompiledCompositeActor.class
-rw-rw-r--   1 travis travis  14919 Aug  1 15:25 JavaCompiledCompositeTest2_CompiledCompositeActor.java
-rw-rw-r--   1 travis travis   1812 Aug  1 15:25 JavaCompiledCompositeTest2_CompiledCompositeActor$_JavaCompiledCompositeTest2_CompiledCompositeActor.class
-rw-rw-r--   1 travis travis   1625 Aug  1 15:25 JavaCompiledCompositeTest2_CompiledCompositeActor.mk
-rw-rw-r--   1 travis travis   4732 Aug  1 15:25 JavaCompiledCompositeTest3_CompiledCompositeActor.class
-rw-rw-r--   1 travis travis  13080 Aug  1 15:25 JavaCompiledCompositeTest3_CompiledCompositeActor.java
-rw-rw-r--   1 travis travis   1397 Aug  1 15:25 JavaCompiledCompositeTest3_CompiledCompositeActor$_JavaCompiledCompositeTest3_CompiledCompositeActor.class
-rw-rw-r--   1 travis travis   1625 Aug  1 15:25 JavaCompiledCompositeTest3_CompiledCompositeActor.mk
-rw-rw-r--   1 travis travis   4183 Aug  1 15:25 JavaCompiledCompositeTest4_CompiledCompositeActor.class
-rw-rw-r--   1 travis travis   9687 Aug  1 15:25 JavaCompiledCompositeTest4_CompiledCompositeActor.java
-rw-rw-r--   1 travis travis    876 Aug  1 15:25 JavaCompiledCompositeTest4_CompiledCompositeActor$_JavaCompiledCompositeTest4_CompiledCompositeActor.class
-rw-rw-r--   1 travis travis   1625 Aug  1 15:25 JavaCompiledCompositeTest4_CompiledCompositeActor.mk
drwxrwxr-x   3 travis travis  12288 Aug  1 15:20 LookupTable
drwxrwxr-x   3 travis travis  20480 Aug  1 15:20 MaxIndex
-rw-rw-r--   1 travis travis   3925 Aug  1 15:25 ModularCG_A1_B1.class
-rw-rw-r--   1 travis travis   9730 Aug  1 15:25 ModularCG_A1_B1.java
-rw-rw-r--   1 travis travis    832 Aug  1 15:25 ModularCG_A1_B1.mk
-rw-rw-r--   1 travis travis   1318 Aug  1 15:25 ModularCG_A1_B1_profile.class
-rw-rw-r--   1 travis travis   1262 Aug  1 15:25 ModularCG_A1_B1_profile.java
-rw-rw-r--   1 travis travis   3925 Aug  1 15:25 ModularCG_A1_B2.class
-rw-rw-r--   1 travis travis   9730 Aug  1 15:25 ModularCG_A1_B2.java
-rw-rw-r--   1 travis travis    832 Aug  1 15:25 ModularCG_A1_B2.mk
-rw-rw-r--   1 travis travis   1318 Aug  1 15:25 ModularCG_A1_B2_profile.class
-rw-rw-r--   1 travis travis   1262 Aug  1 15:25 ModularCG_A1_B2_profile.java
-rw-rw-r--   1 travis travis   1704 Aug  1 15:25 ModularCG_A1_profile.java
-rw-rw-r--   1 travis travis   3724 Aug  1 15:25 ModularCodeGenTest_A1_A2.class
-rw-rw-r--   1 travis travis   9164 Aug  1 15:25 ModularCodeGenTest_A1_A2.java
-rw-rw-r--   1 travis travis   1306 Aug  1 15:25 ModularCodeGenTest_A1_A2_profile.class
-rw-rw-r--   1 travis travis   4055 Aug  1 15:25 ModularCodeGenTest_A1.class
-rw-rw-r--   1 travis travis   9968 Aug  1 15:25 ModularCodeGenTest_A1.java
-rw-rw-r--   1 travis travis    880 Aug  1 15:25 ModularCodeGenTest_A1.mk
-rw-rw-r--   1 travis travis   1352 Aug  1 15:25 ModularCodeGenTest_A1_profile.class
-rw-rw-r--   1 travis travis   1394 Aug  1 15:25 ModularCodeGenTest_A1_profile.java
drwxrwxr-x   3 travis travis  32768 Aug  1 15:24 modulation2
drwxrwxr-x 183 travis travis  12288 Aug  1 15:25 node_modules
drwxrwxr-x   3 travis travis  20480 Aug  1 15:21 PhaseUnwrap
drwxrwxr-x   3 travis travis  12288 Aug  1 15:21 ReadFile1
-rw-rw-r--   1 travis travis     11 Aug  1 15:21 ReadFile1Output.txt
-rw-rw-r--   1 travis travis  13773 Aug  1 15:24 Repeat.class
-rw-rw-r--   1 travis travis    685 Aug  1 15:24 Repeat$_fireFunction_Repeat_Repeat$__f_sL_11.class
-rw-rw-r--   1 travis travis    541 Aug  1 15:24 Repeat$_fireFunction_Repeat_Repeat$__f_sL_12.class
-rw-rw-r--   1 travis travis    541 Aug  1 15:24 Repeat$_fireFunction_Repeat_Repeat$__f_sL_13.class
-rw-rw-r--   1 travis travis    541 Aug  1 15:24 Repeat$_fireFunction_Repeat_Repeat$__f_sL_14.class
-rw-rw-r--   1 travis travis    684 Aug  1 15:24 Repeat$_fireFunction_Repeat_Repeat$__f_sL_1.class
In "/home/travis/cg", about to execute:
    javac -classpath
.:/home/travis/build/icyphy/ptII:/home/travis/build/icyphy/ptII/lib/bsh-2.0b4.j
ar:/home/travis/build/icyphy/ptII/lib/ptCal.jar:/home/travis/build/icyphy/ptII/
lib/java_cup.jar:/home/travis/build/icyphy/ptII/lib/saxon8.jar:/home/travis/bui
ld/icyphy/ptII/lib/saxon8-dom.jar:/home/travis/build/icyphy/ptII/lib/chic.jar:/
home/travis/build/icyphy/ptII/lib/ptcolt.jar:/home/travis/build/icyphy/ptII/ven
dors/misc/itext/iText.jar:/home/travis/build/icyphy/ptII/lib/g4ltl.jar:/home/tr
avis/build/icyphy/ptII/lib/StructuralCoder.jar:/home/travis/build/icyphy/ptII/l
ib/jcerti.jar:/home/travis/build/icyphy/ptII/lib/javax.mail.jar:/home/travis/bu
ild/icyphy/ptII/vendors/JMF-2.1.1e/lib/jmf.jar:/home/travis/build/icyphy/ptII/l
ib/jna-4.0.0-variadic.jar:/home/travis/build/icyphy/ptII/vendors/misc/joystick/
Joystick.jar:/home/travis/build/icyphy/ptII/lib/ptjacl.jar:/home/travis/build/i
cyphy/ptII/lib/jsoup-1.8.2.jar:/home/travis/build/icyphy/ptII/lib/junit-4.8.2.j
ar:/home/travis/build/icyphy/ptII/lib/JUnitParams-0.4.0.jar:/home/travis/build/
icyphy/ptII/ptolemy/actor/lib/excel/jxl.jar:/home/travis/build/icyphy/ptII/lib/
jython.jar:/home/travis/build/icyphy/ptII/lib/kieler.jar:/home/travis/build/icy
phy/ptII/vendors/opencv/share/OpenCV/java/opencv-341.jar:/home/travis/build/icy
phy/ptII/lib/oscP5.jar:/home/travis/build/icyphy/ptII/lib/nrjavaserial-3.11.0.d
evel.jar:/home/travis/build/icyphy/ptII/vendors/j3d/lib/Linux/j3dcore.jar:/home
/travis/build/icyphy/ptII/vendors/j3d/lib/Linux/j3dutils.jar:/home/travis/build
/icyphy/ptII/vendors/j3d/lib/Linux/vecmath.jar:/home/travis/build/icyphy/ptII/v
endors/jogl/lib/Linux/gluegen-rt-natives-linux-amd64.jar:/home/travis/build/icy
phy/ptII/vendors/jogl/lib/Linux/gluegen-rt.jar:/home/travis/build/icyphy/ptII/v
endors/jogl/lib/Linux/jogl-all-natives-linux-amd64.jar:/home/travis/build/icyph
y/ptII/vendors/jogl/lib/Linux/jogl-all.jar:/home/travis/build/icyphy/ptII/ptole
my/distributed/jini/jar/jini-core.jar:/home/travis/build/icyphy/ptII/ptolemy/di
stributed/jini/jar/jini-ext.jar:/home/travis/build/icyphy/ptII/ptolemy/distribu
ted/jini/jar/sun-util.jar:/home/travis/build/icyphy/ptII/lib/protobuf-java-2.4.
1.jar:/home/travis/build/icyphy/ptII/lib/org.eclipse.paho.client.mqttv3.jar:/ho
me/travis/build/icyphy/ptII/lib/mapss.jar:/home/travis/build/icyphy/ptII/ptolem
y/actor/ptalon/antlr/antlr.jar:/home/travis/build/icyphy/ptII/lib/JRI.jar:/home
/travis/build/icyphy/ptII/lib/commons-lang-2.6.jar:/home/travis/build/icyphy/pt
II/lib/commons-logging-1.1.1.jar:/home/travis/build/icyphy/ptII/lib/sootclasses
.jar:/home/travis/build/icyphy/ptII/ptolemy/actor/lib/database/mysql-connector-
java-5.1.6-bin.jar:/home/travis/build/icyphy/ptII/vendors/misc/sphinx4/sphinx4-
data-5prealpha.jar:/home/travis/build/icyphy/ptII/vendors/misc/sphinx4/sphinx4-
core-5prealpha.jar:/home/travis/build/icyphy/ptII/lib/PDFRenderer.jar:/home/tra
vis/build/icyphy/ptII/lib/svgSalamander.jar:/home/travis/build/icyphy/ptII/lib/
rsyntaxtextarea-2.6.0-SNAPSHOT.jar:/home/travis/build/icyphy/ptII/lib/hazelcast
-3.8.2.jar:/home/travis/build/icyphy/ptII/lib/jackson-annotations-2.9.0.jar:/ho
me/travis/build/icyphy/ptII/lib/jackson-core-2.9.3.jar:/home/travis/build/icyph
y/ptII/lib/jackson-databind-2.9.3.jar:/home/travis/build/icyphy/ptII/lib/netty-
buffer-4.1.19.Final.jar:/home/travis/build/icyphy/ptII/lib/netty-codec-4.1.19.F
inal.jar:/home/travis/build/icyphy/ptII/lib/netty-codec-dns-4.1.19.Final.jar:/h
ome/travis/build/icyphy/ptII/lib/netty-codec-http-4.1.19.Final.jar:/home/travis
/build/icyphy/ptII/lib/netty-codec-http2-4.1.19.Final.jar:/home/travis/build/ic
yphy/ptII/lib/netty-common-4.1.19.Final.jar:/home/travis/build/icyphy/ptII/lib/
netty-handler-4.1.19.Final.jar:/home/travis/build/icyphy/ptII/lib/netty-resolve
r-4.1.19.Final.jar:/home/travis/build/icyphy/ptII/lib/netty-resolver-dns-4.1.19
.Final.jar:/home/travis/build/icyphy/ptII/lib/netty-transport-4.1.19.Final.jar:
/home/travis/build/icyphy/ptII/lib/vertx-codegen-3.5.1.jar:/home/travis/build/i
cyphy/ptII/lib/vertx-core-3.5.2-SNAPSHOT.jar:/home/travis/build/icyphy/ptII/lib
/vertx-hazelcast-3.5.1.jar:/home/travis/build/icyphy/ptII/lib/vertx-lang-js-3.5
.1.jar:/home/travis/build/icyphy/ptII/lib/vertx-service-proxy-3.5.1.jar:/home/t
ravis/build/icyphy/ptII/lib/vertx-web-3.5.1.jar:/home/travis/build/icyphy/ptII/
lib/slf4j-api-1.7.13.jar:/home/travis/build/icyphy/ptII/lib/slf4j-simple-1.7.13
.jar:/home/travis/build/icyphy/ptII/lib/webcam-capture-0.3.12.jar:/home/travis/
build/icyphy/ptII/lib/bridj-0.7.0.jar:/home/travis/build/icyphy/ptII/lib/xbjlib
-1.1.0.nrjavaserial.jar:/home/travis/build/icyphy/ptII/ptolemy/moml/test:/home/
travis/build/icyphy/ptII/ant/lib/ant-launcher.jar:/home/travis/build/icyphy/ptI
I/ant/lib/ant.jar:/home/travis/build/icyphy/ptII/ant/lib/ant-junit.jar:/home/tr
avis/build/icyphy/ptII/ant/lib/ant-junit4.jar:/home/travis/build/icyphy/ptII
ModularCG_A1_profile.java
-rw-rw-r--   1 travis travis    683 Aug  1 15:24 Repeat$_fireFunction_Repeat_Repeat$__f_sL_4.class
-rw-rw-r--   1 travis travis    539 Aug  1 15:24 Repeat$_fireFunction_Repeat_Repeat$__f_sL_9.class
-rw-rw-r--   1 travis travis    494 Aug  1 15:24 Repeat$_initialize_Repeat$__i_sL_2.class
-rw-rw-r--   1 travis travis   1281 Aug  1 15:24 Repeat.mk
-rw-rw-r--   1 travis travis    539 Aug  1 15:24 Repeat$_preinitializeMethod_Repeat$__p_sL_0.class
-rw-rw-r--   1 travis travis   1102 Aug  1 15:24 Repeat$_Repeat$_fireFunction_Repeat_AddSubtract_Repeat.class
-rw-rw-r--   1 travis travis    810 Aug  1 15:24 Repeat$_Repeat$_fireFunction_Repeat_AddSubtract_Repeat$__f_sL_0.class
-rw-rw-r--   1 travis travis    928 Aug  1 15:24 Repeat$_Repeat$_fireFunction_Repeat_AddSubtract_Repeat$__f_sL_1.class
-rw-rw-r--   1 travis travis    934 Aug  1 15:24 Repeat$_Repeat$_fireFunction_Repeat_AddSubtract_Repeat$__f_sL_2.class
-rw-rw-r--   1 travis travis    862 Aug  1 15:24 Repeat$_Repeat$_fireFunction_Repeat_AddSubtract_Repeat$__f_sL_3.class
-rw-rw-r--   1 travis travis    757 Aug  1 15:24 Repeat$_Repeat$_fireFunction_Repeat_Ramp2_Repeat$__f_sL_0.class
-rw-rw-r--   1 travis travis    888 Aug  1 15:24 Repeat$_Repeat$_fireFunction_Repeat_Test_Repeat$__f_sL_0.class
-rw-rw-r--   1 travis travis    634 Aug  1 15:24 Repeat$_Repeat$_fireFunction_Repeat_Test_Repeat$__f_sL_1.class
-rw-rw-r--   1 travis travis    704 Aug  1 15:24 Repeat$_Repeat_SDF_Director_run_Repeat$__R_sL_0.class
-rw-rw-r--   1 travis travis    705 Aug  1 15:24 Repeat$_Repeat_SDF_Director_run_Repeat$__R_sL_11.class
-rw-rw-r--   1 travis travis    561 Aug  1 15:24 Repeat$_Repeat_SDF_Director_run_Repeat$__R_sL_13.class
-rw-rw-r--   1 travis travis    559 Aug  1 15:24 Repeat$_Repeat_SDF_Director_run_Repeat$__R_sL_2.class
-rw-rw-r--   1 travis travis    703 Aug  1 15:24 Repeat$_Repeat_SDF_Director_run_Repeat$__R_sL_3.class
-rw-rw-r--   1 travis travis    559 Aug  1 15:24 Repeat$_Repeat_SDF_Director_run_Repeat$__R_sL_5.class
-rw-rw-r--   1 travis travis    559 Aug  1 15:24 Repeat$_Repeat_SDF_Director_run_Repeat$__R_sL_8.class
drwxrwxr-x   2 travis travis   4096 Aug  1 15:24 RepeatVariables
-rw-rw-r--   1 travis travis    882 Aug  1 15:24 Repeat$_varinit_Repeat.class
-rw-rw-r--   1 travis travis    550 Aug  1 15:24 Repeat$_varinit_Repeat$__v_sL_2.class
-rw-rw-r--   1 travis travis    924 Aug  1 15:24 Repeat$_varinit_Repeat$__v_sL_4.class
-rw-rw-r--   1 travis travis    978 Aug  1 15:24 Repeat$_wrapup_Repeat$__w_sL_1.class
drwxrwxr-x   3 travis travis  20480 Aug  1 15:21 Sinewave
drwxrwxr-x   3 travis travis  32768 Aug  1 15:23 StringFunction
drwxrwxr-x   3 travis travis  12288 Aug  1 15:23 StringLength
drwxrwxr-x   3 travis travis  61440 Aug  1 15:23 StringMatches2
drwxrwxr-x   3 travis travis  61440 Aug  1 15:23 StringSimpleReplace
drwxrwxr-x   3 travis travis  65536 Aug  1 15:23 StringSubstring
drwxrwxr-x   3 travis travis  24576 Aug  1 15:24 StringSubstring2
drwxrwxr-x   3 travis travis  16384 Aug  1 15:24 time1
drwxrwxr-x   3 travis travis  12288 Aug  1 15:24 time5
-rw-rw-r--   1 travis travis    432 Aug  1 15:25 Token.class
-rw-rw-r--   1 travis travis    251 Aug  1 15:25 Token.java
-rwxrwxr-x   1 travis travis 466992 Aug  1 15:18 top
-rw-rw-r--   1 travis travis  20502 Aug  1 15:18 top.c
-rw-rw-r--   1 travis travis   3799 Aug  1 15:24 top.class
-rw-rw-r--   1 travis travis   1257 Aug  1 15:24 top.mk
All Done
Writing ModularCG_A1.java in file:/home/travis/cg/ (14742 characters)
Reading "ptolemy/cg/kernel/generic/program/procedural/java/modular/makefile.in",
    writing "/home/travis/cg/ModularCG_A1.mk"
Using ptolemy/cg/kernel/generic/program/procedural/java/modular/makefile.in
In "/home/travis/cg", about to execute:
    make -f ModularCG_A1.mk
javac -classpath ".:.."    ModularCG_A1.java
All Done
In "/home/travis/cg", about to execute:
    pwd
In "/home/travis/cg", about to execute:
    ls -l
/home/travis/cg
total 1488
drwxrwxr-x   3 travis travis  12288 Aug  1 15:20 AbsoluteValue
drwxrwxr-x   3 travis travis 102400 Aug  1 15:19 AllColt
drwxrwxr-x   3 travis travis  12288 Aug  1 15:19 Case1
-rw-rw-r--   1 travis travis   5128 Aug  1 15:25 CompiledCompositeActor_CompiledCompositeActor.class
-rw-rw-r--   1 travis travis   1611 Aug  1 15:25 CompiledCompositeActor_CompiledCompositeActor$_CompiledCompositeActor_CompiledCompositeActor.class
-rw-rw-r--   1 travis travis  13466 Aug  1 15:25 CompiledCompositeActor_CompiledCompositeActor.java
-rw-rw-r--   1 travis travis   1593 Aug  1 15:25 CompiledCompositeActor_CompiledCompositeActor.mk
drwxrwxr-x   5 travis travis   4096 Aug  1 15:18 fmi
drwxrwxr-x   3 travis travis  16384 Aug  1 15:20 Gaussian2
-rw-rw-r--   1 travis travis   4684 Aug  1 15:25 JavaCompiledCompositeTest1_CompiledCompositeActor.class
-rw-rw-r--   1 travis travis  11637 Aug  1 15:25 JavaCompiledCompositeTest1_CompiledCompositeActor.java
-rw-rw-r--   1 travis travis   1217 Aug  1 15:25 JavaCompiledCompositeTest1_CompiledCompositeActor$_JavaCompiledCompositeTest1_CompiledCompositeActor.class
-rw-rw-r--   1 travis travis   1625 Aug  1 15:25 JavaCompiledCompositeTest1_CompiledCompositeActor.mk
-rw-rw-r--   1 travis travis   5115 Aug  1 15:25 JavaCompiledCompositeTest2_CompiledCompositeActor.class
-rw-rw-r--   1 travis travis  14919 Aug  1 15:25 JavaCompiledCompositeTest2_CompiledCompositeActor.java
-rw-rw-r--   1 travis travis   1812 Aug  1 15:25 JavaCompiledCompositeTest2_CompiledCompositeActor$_JavaCompiledCompositeTest2_CompiledCompositeActor.class
-rw-rw-r--   1 travis travis   1625 Aug  1 15:25 JavaCompiledCompositeTest2_CompiledCompositeActor.mk
-rw-rw-r--   1 travis travis   4732 Aug  1 15:25 JavaCompiledCompositeTest3_CompiledCompositeActor.class
-rw-rw-r--   1 travis travis  13080 Aug  1 15:25 JavaCompiledCompositeTest3_CompiledCompositeActor.java
-rw-rw-r--   1 travis travis   1397 Aug  1 15:25 JavaCompiledCompositeTest3_CompiledCompositeActor$_JavaCompiledCompositeTest3_CompiledCompositeActor.class
-rw-rw-r--   1 travis travis   1625 Aug  1 15:25 JavaCompiledCompositeTest3_CompiledCompositeActor.mk
-rw-rw-r--   1 travis travis   4183 Aug  1 15:25 JavaCompiledCompositeTest4_CompiledCompositeActor.class
-rw-rw-r--   1 travis travis   9687 Aug  1 15:25 JavaCompiledCompositeTest4_CompiledCompositeActor.java
-rw-rw-r--   1 travis travis    876 Aug  1 15:25 JavaCompiledCompositeTest4_CompiledCompositeActor$_JavaCompiledCompositeTest4_CompiledCompositeActor.class
-rw-rw-r--   1 travis travis   1625 Aug  1 15:25 JavaCompiledCompositeTest4_CompiledCompositeActor.mk
drwxrwxr-x   3 travis travis  12288 Aug  1 15:20 LookupTable
drwxrwxr-x   3 travis travis  20480 Aug  1 15:20 MaxIndex
-rw-rw-r--   1 travis travis   3925 Aug  1 15:25 ModularCG_A1_B1.class
-rw-rw-r--   1 travis travis   9730 Aug  1 15:25 ModularCG_A1_B1.java
-rw-rw-r--   1 travis travis    832 Aug  1 15:25 ModularCG_A1_B1.mk
-rw-rw-r--   1 travis travis   1318 Aug  1 15:25 ModularCG_A1_B1_profile.class
-rw-rw-r--   1 travis travis   1262 Aug  1 15:25 ModularCG_A1_B1_profile.java
-rw-rw-r--   1 travis travis   3925 Aug  1 15:25 ModularCG_A1_B2.class
-rw-rw-r--   1 travis travis   9730 Aug  1 15:25 ModularCG_A1_B2.java
-rw-rw-r--   1 travis travis    832 Aug  1 15:25 ModularCG_A1_B2.mk
-rw-rw-r--   1 travis travis   1318 Aug  1 15:25 ModularCG_A1_B2_profile.class
-rw-rw-r--   1 travis travis   1262 Aug  1 15:25 ModularCG_A1_B2_profile.java
-rw-rw-r--   1 travis travis   5031 Aug  1 15:25 ModularCG_A1.class
-rw-rw-r--   1 travis travis  14742 Aug  1 15:25 ModularCG_A1.java
-rw-rw-r--   1 travis travis    808 Aug  1 15:25 ModularCG_A1.mk
-rw-rw-r--   1 travis travis   1433 Aug  1 15:25 ModularCG_A1_profile.class
-rw-rw-r--   1 travis travis   1704 Aug  1 15:25 ModularCG_A1_profile.java
-rw-rw-r--   1 travis travis   1446 Aug  1 15:25 ModularCG_A2_B1_profile.java
-rw-rw-r--   1 travis travis   3724 Aug  1 15:25 ModularCodeGenTest_A1_A2.class
-rw-rw-r--   1 travis travis   9164 Aug  1 15:25 ModularCodeGenTest_A1_A2.java
-rw-rw-r--   1 travis travis   1306 Aug  1 15:25 ModularCodeGenTest_A1_A2_profile.class
-rw-rw-r--   1 travis travis   4055 Aug  1 15:25 ModularCodeGenTest_A1.class
-rw-rw-r--   1 travis travis   9968 Aug  1 15:25 ModularCodeGenTest_A1.java
-rw-rw-r--   1 travis travis    880 Aug  1 15:25 ModularCodeGenTest_A1.mk
-rw-rw-r--   1 travis travis   1352 Aug  1 15:25 ModularCodeGenTest_A1_profile.class
-rw-rw-r--   1 travis travis   1394 Aug  1 15:25 ModularCodeGenTest_A1_profile.java
drwxrwxr-x   3 travis travis  32768 Aug  1 15:24 modulation2
drwxrwxr-x 183 travis travis  12288 Aug  1 15:25 node_modules
drwxrwxr-x   3 travis travis  20480 Aug  1 15:21 PhaseUnwrap
drwxrwxr-x   3 travis travis  12288 Aug  1 15:21 ReadFile1
-rw-rw-r--   1 travis travis     11 Aug  1 15:21 ReadFile1Output.txt
-rw-rw-r--   1 travis travis  13773 Aug  1 15:24 Repeat.class
-rw-rw-r--   1 travis travis    685 Aug  1 15:24 Repeat$_fireFunction_Repeat_Repeat$__f_sL_11.class
-rw-rw-r--   1 travis travis    541 Aug  1 15:24 Repeat$_fireFunction_Repeat_Repeat$__f_sL_12.class
-rw-rw-r--   1 travis travis    541 Aug  1 15:24 Repeat$_fireFunction_Repeat_Repeat$__f_sL_13.class
-rw-rw-r--   1 travis travis    541 Aug  1 15:24 Repeat$_fireFunction_Repeat_Repeat$__f_sL_14.class
-rw-rw-r--   1 travis travis    684 Aug  1 15:24 Repeat$_fireFunction_Repeat_Repeat$__f_sL_1.class
-rw-rw-r--   1 travis travis    683 Aug  1 15:24 Repeat$_fireFunction_Repeat_Repeat$__f_sL_4.class
-rw-rw-r--   1 travis travis    539 Aug  1 15:24 Repeat$_fireFunction_Repeat_Repeat$__f_sL_9.class
-rw-rw-r--   1 travis travis    494 Aug  1 15:24 Repeat$_initialize_Repeat$__i_sL_2.class
-rw-rw-r--   1 travis travis   1281 Aug  1 15:24 Repeat.mk
-rw-rw-r--   1 travis travis    539 Aug  1 15:24 Repeat$_preinitializeMethod_Repeat$__p_sL_0.class
-rw-rw-r--   1 travis travis   1102 Aug  1 15:24 Repeat$_Repeat$_fireFunction_Repeat_AddSubtract_Repeat.class
-rw-rw-r--   1 travis travis    810 Aug  1 15:24 Repeat$_Repeat$_fireFunction_Repeat_AddSubtract_Repeat$__f_sL_0.class
-rw-rw-r--   1 travis travis    928 Aug  1 15:24 Repeat$_Repeat$_fireFunction_Repeat_AddSubtract_Repeat$__f_sL_1.class
-rw-rw-r--   1 travis travis    934 Aug  1 15:24 Repeat$_Repeat$_fireFunction_Repeat_AddSubtract_Repeat$__f_sL_2.class
-rw-rw-r--   1 travis travis    862 Aug  1 15:24 Repeat$_Repeat$_fireFunction_Repeat_AddSubtract_Repeat$__f_sL_3.class
-rw-rw-r--   1 travis travis    757 Aug  1 15:24 Repeat$_Repeat$_fireFunction_Repeat_Ramp2_Repeat$__f_sL_0.class
-rw-rw-r--   1 travis travis    888 Aug  1 15:24 Repeat$_Repeat$_fireFunction_Repeat_Test_Repeat$__f_sL_0.class
-rw-rw-r--   1 travis travis    634 Aug  1 15:24 Repeat$_Repeat$_fireFunction_Repeat_Test_Repeat$__f_sL_1.class
-rw-rw-r--   1 travis travis    704 Aug  1 15:24 Repeat$_Repeat_SDF_Director_run_Repeat$__R_sL_0.class
-rw-rw-r--   1 travis travis    705 Aug  1 15:24 Repeat$_Repeat_SDF_Director_run_Repeat$__R_sL_11.class
-rw-rw-r--   1 travis travis    561 Aug  1 15:24 Repeat$_Repeat_SDF_Director_run_Repeat$__R_sL_13.class
-rw-rw-r--   1 travis travis    559 Aug  1 15:24 Repeat$_Repeat_SDF_Director_run_Repeat$__R_sL_2.class
-rw-rw-r--   1 travis travis    703 Aug  1 15:24 Repeat$_Repeat_SDF_Director_run_Repeat$__R_sL_3.class
-rw-rw-r--   1 travis travis    559 Aug  1 15:24 Repeat$_Repeat_SDF_Director_run_Repeat$__R_sL_5.class
-rw-rw-r--   1 travis travis    559 Aug  1 15:24 Repeat$_Repeat_SDF_Director_run_Repeat$__R_sL_8.class
drwxrwxr-x   2 travis travis   4096 Aug  1 15:24 RepeatVariables
-rw-rw-r--   1 travis travis    882 Aug  1 15:24 Repeat$_varinit_Repeat.class
-rw-rw-r--   1 travis travis    550 Aug  1 15:24 Repeat$_varinit_Repeat$__v_sL_2.class
-rw-rw-r--   1 travis travis    924 Aug  1 15:24 Repeat$_varinit_Repeat$__v_sL_4.class
-rw-rw-r--   1 travis travis    978 Aug  1 15:24 Repeat$_wrapup_Repeat$__w_sL_1.class
drwxrwxr-x   3 travis travis  20480 Aug  1 15:21 Sinewave
drwxrwxr-x   3 travis travis  32768 Aug  1 15:23 StringFunction
drwxrwxr-x   3 travis travis  12288 Aug  1 15:23 StringLength
drwxrwxr-x   3 travis travis  61440 Aug  1 15:23 StringMatches2
drwxrwxr-x   3 travis travis  61440 Aug  1 15:23 StringSimpleReplace
drwxrwxr-x   3 travis travis  65536 Aug  1 15:23 StringSubstring
drwxrwxr-x   3 travis travis  24576 Aug  1 15:24 StringSubstring2
drwxrwxr-x   3 travis travis  16384 Aug  1 15:24 time1
drwxrwxr-x   3 travis travis  12288 Aug  1 15:24 time5
-rw-rw-r--   1 travis travis    432 Aug  1 15:25 Token.class
-rw-rw-r--   1 travis travis    251 Aug  1 15:25 Token.java
-rwxrwxr-x   1 travis travis 466992 Aug  1 15:18 top
-rw-rw-r--   1 travis travis  20502 Aug  1 15:18 top.c
-rw-rw-r--   1 travis travis   3799 Aug  1 15:24 top.class
-rw-rw-r--   1 travis travis   1257 Aug  1 15:24 top.mk
In "/home/travis/cg", about to execute:
    javac -classpath
.:/home/travis/build/icyphy/ptII:/home/travis/build/icyphy/ptII/lib/bsh-2.0b4.j
ar:/home/travis/build/icyphy/ptII/lib/ptCal.jar:/home/travis/build/icyphy/ptII/
lib/java_cup.jar:/home/travis/build/icyphy/ptII/lib/saxon8.jar:/home/travis/bui
ld/icyphy/ptII/lib/saxon8-dom.jar:/home/travis/build/icyphy/ptII/lib/chic.jar:/
home/travis/build/icyphy/ptII/lib/ptcolt.jar:/home/travis/build/icyphy/ptII/ven
dors/misc/itext/iText.jar:/home/travis/build/icyphy/ptII/lib/g4ltl.jar:/home/tr
avis/build/icyphy/ptII/lib/StructuralCoder.jar:/home/travis/build/icyphy/ptII/l
ib/jcerti.jar:/home/travis/build/icyphy/ptII/lib/javax.mail.jar:/home/travis/bu
ild/icyphy/ptII/vendors/JMF-2.1.1e/lib/jmf.jar:/home/travis/build/icyphy/ptII/l
ib/jna-4.0.0-variadic.jar:/home/travis/build/icyphy/ptII/vendors/misc/joystick/
Joystick.jar:/home/travis/build/icyphy/ptII/lib/ptjacl.jar:/home/travis/build/i
cyphy/ptII/lib/jsoup-1.8.2.jar:/home/travis/build/icyphy/ptII/lib/junit-4.8.2.j
ar:/home/travis/build/icyphy/ptII/lib/JUnitParams-0.4.0.jar:/home/travis/build/
icyphy/ptII/ptolemy/actor/lib/excel/jxl.jar:/home/travis/build/icyphy/ptII/lib/
jython.jar:/home/travis/build/icyphy/ptII/lib/kieler.jar:/home/travis/build/icy
phy/ptII/vendors/opencv/share/OpenCV/java/opencv-341.jar:/home/travis/build/icy
phy/ptII/lib/oscP5.jar:/home/travis/build/icyphy/ptII/lib/nrjavaserial-3.11.0.d
evel.jar:/home/travis/build/icyphy/ptII/vendors/j3d/lib/Linux/j3dcore.jar:/home
/travis/build/icyphy/ptII/vendors/j3d/lib/Linux/j3dutils.jar:/home/travis/build
/icyphy/ptII/vendors/j3d/lib/Linux/vecmath.jar:/home/travis/build/icyphy/ptII/v
endors/jogl/lib/Linux/gluegen-rt-natives-linux-amd64.jar:/home/travis/build/icy
phy/ptII/vendors/jogl/lib/Linux/gluegen-rt.jar:/home/travis/build/icyphy/ptII/v
endors/jogl/lib/Linux/jogl-all-natives-linux-amd64.jar:/home/travis/build/icyph
y/ptII/vendors/jogl/lib/Linux/jogl-all.jar:/home/travis/build/icyphy/ptII/ptole
my/distributed/jini/jar/jini-core.jar:/home/travis/build/icyphy/ptII/ptolemy/di
stributed/jini/jar/jini-ext.jar:/home/travis/build/icyphy/ptII/ptolemy/distribu
ted/jini/jar/sun-util.jar:/home/travis/build/icyphy/ptII/lib/protobuf-java-2.4.
1.jar:/home/travis/build/icyphy/ptII/lib/org.eclipse.paho.client.mqttv3.jar:/ho
me/travis/build/icyphy/ptII/lib/mapss.jar:/home/travis/build/icyphy/ptII/ptolem
y/actor/ptalon/antlr/antlr.jar:/home/travis/build/icyphy/ptII/lib/JRI.jar:/home
/travis/build/icyphy/ptII/lib/commons-lang-2.6.jar:/home/travis/build/icyphy/pt
II/lib/commons-logging-1.1.1.jar:/home/travis/build/icyphy/ptII/lib/sootclasses
.jar:/home/travis/build/icyphy/ptII/ptolemy/actor/lib/database/mysql-connector-
java-5.1.6-bin.jar:/home/travis/build/icyphy/ptII/vendors/misc/sphinx4/sphinx4-
data-5prealpha.jar:/home/travis/build/icyphy/ptII/vendors/misc/sphinx4/sphinx4-
core-5prealpha.jar:/home/travis/build/icyphy/ptII/lib/PDFRenderer.jar:/home/tra
vis/build/icyphy/ptII/lib/svgSalamander.jar:/home/travis/build/icyphy/ptII/lib/
rsyntaxtextarea-2.6.0-SNAPSHOT.jar:/home/travis/build/icyphy/ptII/lib/hazelcast
-3.8.2.jar:/home/travis/build/icyphy/ptII/lib/jackson-annotations-2.9.0.jar:/ho
me/travis/build/icyphy/ptII/lib/jackson-core-2.9.3.jar:/home/travis/build/icyph
y/ptII/lib/jackson-databind-2.9.3.jar:/home/travis/build/icyphy/ptII/lib/netty-
buffer-4.1.19.Final.jar:/home/travis/build/icyphy/ptII/lib/netty-codec-4.1.19.F
inal.jar:/home/travis/build/icyphy/ptII/lib/netty-codec-dns-4.1.19.Final.jar:/h
ome/travis/build/icyphy/ptII/lib/netty-codec-http-4.1.19.Final.jar:/home/travis
/build/icyphy/ptII/lib/netty-codec-http2-4.1.19.Final.jar:/home/travis/build/ic
yphy/ptII/lib/netty-common-4.1.19.Final.jar:/home/travis/build/icyphy/ptII/lib/
netty-handler-4.1.19.Final.jar:/home/travis/build/icyphy/ptII/lib/netty-resolve
r-4.1.19.Final.jar:/home/travis/build/icyphy/ptII/lib/netty-resolver-dns-4.1.19
.Final.jar:/home/travis/build/icyphy/ptII/lib/netty-transport-4.1.19.Final.jar:
/home/travis/build/icyphy/ptII/lib/vertx-codegen-3.5.1.jar:/home/travis/build/i
cyphy/ptII/lib/vertx-core-3.5.2-SNAPSHOT.jar:/home/travis/build/icyphy/ptII/lib
/vertx-hazelcast-3.5.1.jar:/home/travis/build/icyphy/ptII/lib/vertx-lang-js-3.5
.1.jar:/home/travis/build/icyphy/ptII/lib/vertx-service-proxy-3.5.1.jar:/home/t
ravis/build/icyphy/ptII/lib/vertx-web-3.5.1.jar:/home/travis/build/icyphy/ptII/
lib/slf4j-api-1.7.13.jar:/home/travis/build/icyphy/ptII/lib/slf4j-simple-1.7.13
.jar:/home/travis/build/icyphy/ptII/lib/webcam-capture-0.3.12.jar:/home/travis/
build/icyphy/ptII/lib/bridj-0.7.0.jar:/home/travis/build/icyphy/ptII/lib/xbjlib
-1.1.0.nrjavaserial.jar:/home/travis/build/icyphy/ptII/ptolemy/moml/test:/home/
travis/build/icyphy/ptII/ant/lib/ant-launcher.jar:/home/travis/build/icyphy/ptI
I/ant/lib/ant.jar:/home/travis/build/icyphy/ptII/ant/lib/ant-junit.jar:/home/tr
avis/build/icyphy/ptII/ant/lib/ant-junit4.jar:/home/travis/build/icyphy/ptII
ModularCG_A2_B1_profile.java
All Done
Writing ModularCG_A2_B1.java in file:/home/travis/cg/ (10667 characters)
Reading "ptolemy/cg/kernel/generic/program/procedural/java/modular/makefile.in",
    writing "/home/travis/cg/ModularCG_A2_B1.mk"
Using ptolemy/cg/kernel/generic/program/procedural/java/modular/makefile.in
In "/home/travis/cg", about to execute:
    make -f ModularCG_A2_B1.mk
javac -classpath ".:.."    ModularCG_A2_B1.java
All Done
In "/home/travis/cg", about to execute:
    pwd
In "/home/travis/cg", about to execute:
    ls -l
/home/travis/cg
total 1516
drwxrwxr-x   3 travis travis  12288 Aug  1 15:20 AbsoluteValue
drwxrwxr-x   3 travis travis 102400 Aug  1 15:19 AllColt
drwxrwxr-x   3 travis travis  12288 Aug  1 15:19 Case1
-rw-rw-r--   1 travis travis   5128 Aug  1 15:25 CompiledCompositeActor_CompiledCompositeActor.class
-rw-rw-r--   1 travis travis   1611 Aug  1 15:25 CompiledCompositeActor_CompiledCompositeActor$_CompiledCompositeActor_CompiledCompositeActor.class
-rw-rw-r--   1 travis travis  13466 Aug  1 15:25 CompiledCompositeActor_CompiledCompositeActor.java
-rw-rw-r--   1 travis travis   1593 Aug  1 15:25 CompiledCompositeActor_CompiledCompositeActor.mk
drwxrwxr-x   5 travis travis   4096 Aug  1 15:18 fmi
drwxrwxr-x   3 travis travis  16384 Aug  1 15:20 Gaussian2
-rw-rw-r--   1 travis travis   4684 Aug  1 15:25 JavaCompiledCompositeTest1_CompiledCompositeActor.class
-rw-rw-r--   1 travis travis  11637 Aug  1 15:25 JavaCompiledCompositeTest1_CompiledCompositeActor.java
-rw-rw-r--   1 travis travis   1217 Aug  1 15:25 JavaCompiledCompositeTest1_CompiledCompositeActor$_JavaCompiledCompositeTest1_CompiledCompositeActor.class
-rw-rw-r--   1 travis travis   1625 Aug  1 15:25 JavaCompiledCompositeTest1_CompiledCompositeActor.mk
-rw-rw-r--   1 travis travis   5115 Aug  1 15:25 JavaCompiledCompositeTest2_CompiledCompositeActor.class
-rw-rw-r--   1 travis travis  14919 Aug  1 15:25 JavaCompiledCompositeTest2_CompiledCompositeActor.java
-rw-rw-r--   1 travis travis   1812 Aug  1 15:25 JavaCompiledCompositeTest2_CompiledCompositeActor$_JavaCompiledCompositeTest2_CompiledCompositeActor.class
-rw-rw-r--   1 travis travis   1625 Aug  1 15:25 JavaCompiledCompositeTest2_CompiledCompositeActor.mk
-rw-rw-r--   1 travis travis   4732 Aug  1 15:25 JavaCompiledCompositeTest3_CompiledCompositeActor.class
-rw-rw-r--   1 travis travis  13080 Aug  1 15:25 JavaCompiledCompositeTest3_CompiledCompositeActor.java
-rw-rw-r--   1 travis travis   1397 Aug  1 15:25 JavaCompiledCompositeTest3_CompiledCompositeActor$_JavaCompiledCompositeTest3_CompiledCompositeActor.class
-rw-rw-r--   1 travis travis   1625 Aug  1 15:25 JavaCompiledCompositeTest3_CompiledCompositeActor.mk
-rw-rw-r--   1 travis travis   4183 Aug  1 15:25 JavaCompiledCompositeTest4_CompiledCompositeActor.class
-rw-rw-r--   1 travis travis   9687 Aug  1 15:25 JavaCompiledCompositeTest4_CompiledCompositeActor.java
-rw-rw-r--   1 travis travis    876 Aug  1 15:25 JavaCompiledCompositeTest4_CompiledCompositeActor$_JavaCompiledCompositeTest4_CompiledCompositeActor.class
-rw-rw-r--   1 travis travis   1625 Aug  1 15:25 JavaCompiledCompositeTest4_CompiledCompositeActor.mk
drwxrwxr-x   3 travis travis  12288 Aug  1 15:20 LookupTable
drwxrwxr-x   3 travis travis  20480 Aug  1 15:20 MaxIndex
-rw-rw-r--   1 travis travis   3925 Aug  1 15:25 ModularCG_A1_B1.class
-rw-rw-r--   1 travis travis   9730 Aug  1 15:25 ModularCG_A1_B1.java
-rw-rw-r--   1 travis travis    832 Aug  1 15:25 ModularCG_A1_B1.mk
-rw-rw-r--   1 travis travis   1318 Aug  1 15:25 ModularCG_A1_B1_profile.class
-rw-rw-r--   1 travis travis   1262 Aug  1 15:25 ModularCG_A1_B1_profile.java
-rw-rw-r--   1 travis travis   3925 Aug  1 15:25 ModularCG_A1_B2.class
-rw-rw-r--   1 travis travis   9730 Aug  1 15:25 ModularCG_A1_B2.java
-rw-rw-r--   1 travis travis    832 Aug  1 15:25 ModularCG_A1_B2.mk
-rw-rw-r--   1 travis travis   1318 Aug  1 15:25 ModularCG_A1_B2_profile.class
-rw-rw-r--   1 travis travis   1262 Aug  1 15:25 ModularCG_A1_B2_profile.java
-rw-rw-r--   1 travis travis   5031 Aug  1 15:25 ModularCG_A1.class
-rw-rw-r--   1 travis travis  14742 Aug  1 15:25 ModularCG_A1.java
-rw-rw-r--   1 travis travis    808 Aug  1 15:25 ModularCG_A1.mk
-rw-rw-r--   1 travis travis   1433 Aug  1 15:25 ModularCG_A1_profile.class
-rw-rw-r--   1 travis travis   1704 Aug  1 15:25 ModularCG_A1_profile.java
-rw-rw-r--   1 travis travis   4059 Aug  1 15:25 ModularCG_A2_B1.class
-rw-rw-r--   1 travis travis  10667 Aug  1 15:25 ModularCG_A2_B1.java
-rw-rw-r--   1 travis travis    832 Aug  1 15:25 ModularCG_A2_B1.mk
-rw-rw-r--   1 travis travis   1381 Aug  1 15:25 ModularCG_A2_B1_profile.class
-rw-rw-r--   1 travis travis   1446 Aug  1 15:25 ModularCG_A2_B1_profile.java
-rw-rw-r--   1 travis travis   1262 Aug  1 15:25 ModularCG_A2_B2_profile.java
-rw-rw-r--   1 travis travis   3724 Aug  1 15:25 ModularCodeGenTest_A1_A2.class
-rw-rw-r--   1 travis travis   9164 Aug  1 15:25 ModularCodeGenTest_A1_A2.java
-rw-rw-r--   1 travis travis   1306 Aug  1 15:25 ModularCodeGenTest_A1_A2_profile.class
-rw-rw-r--   1 travis travis   4055 Aug  1 15:25 ModularCodeGenTest_A1.class
-rw-rw-r--   1 travis travis   9968 Aug  1 15:25 ModularCodeGenTest_A1.java
-rw-rw-r--   1 travis travis    880 Aug  1 15:25 ModularCodeGenTest_A1.mk
-rw-rw-r--   1 travis travis   1352 Aug  1 15:25 ModularCodeGenTest_A1_profile.class
-rw-rw-r--   1 travis travis   1394 Aug  1 15:25 ModularCodeGenTest_A1_profile.java
drwxrwxr-x   3 travis travis  32768 Aug  1 15:24 modulation2
drwxrwxr-x 183 travis travis  12288 Aug  1 15:25 node_modules
drwxrwxr-x   3 travis travis  20480 Aug  1 15:21 PhaseUnwrap
drwxrwxr-x   3 travis travis  12288 Aug  1 15:21 ReadFile1
-rw-rw-r--   1 travis travis     11 Aug  1 15:21 ReadFile1Output.txt
-rw-rw-r--   1 travis travis  13773 Aug  1 15:24 Repeat.class
-rw-rw-r--   1 travis travis    685 Aug  1 15:24 Repeat$_fireFunction_Repeat_Repeat$__f_sL_11.class
-rw-rw-r--   1 travis travis    541 Aug  1 15:24 Repeat$_fireFunction_Repeat_Repeat$__f_sL_12.class
-rw-rw-r--   1 travis travis    541 Aug  1 15:24 Repeat$_fireFunction_Repeat_Repeat$__f_sL_13.class
-rw-rw-r--   1 travis travis    541 Aug  1 15:24 Repeat$_fireFunction_Repeat_Repeat$__f_sL_14.class
-rw-rw-r--   1 travis travis    684 Aug  1 15:24 Repeat$_fireFunction_Repeat_Repeat$__f_sL_1.class
-rw-rw-r--   1 travis travis    683 Aug  1 15:24 Repeat$_fireFunction_Repeat_Repeat$__f_sL_4.class
-rw-rw-r--   1 travis travis    539 Aug  1 15:24 Repeat$_fireFunction_Repeat_Repeat$__f_sL_9.class
-rw-rw-r--   1 travis travis    494 Aug  1 15:24 Repeat$_initialize_Repeat$__i_sL_2.class
-rw-rw-r--   1 travis travis   1281 Aug  1 15:24 Repeat.mk
-rw-rw-r--   1 travis travis    539 Aug  1 15:24 Repeat$_preinitializeMethod_Repeat$__p_sL_0.class
-rw-rw-r--   1 travis travis   1102 Aug  1 15:24 Repeat$_Repeat$_fireFunction_Repeat_AddSubtract_Repeat.class
-rw-rw-r--   1 travis travis    810 Aug  1 15:24 Repeat$_Repeat$_fireFunction_Repeat_AddSubtract_Repeat$__f_sL_0.class
-rw-rw-r--   1 travis travis    928 Aug  1 15:24 Repeat$_Repeat$_fireFunction_Repeat_AddSubtract_Repeat$__f_sL_1.class
-rw-rw-r--   1 travis travis    934 Aug  1 15:24 Repeat$_Repeat$_fireFunction_Repeat_AddSubtract_Repeat$__f_sL_2.class
-rw-rw-r--   1 travis travis    862 Aug  1 15:24 Repeat$_Repeat$_fireFunction_Repeat_AddSubtract_Repeat$__f_sL_3.class
-rw-rw-r--   1 travis travis    757 Aug  1 15:24 Repeat$_Repeat$_fireFunction_Repeat_Ramp2_Repeat$__f_sL_0.class
-rw-rw-r--   1 travis travis    888 Aug  1 15:24 Repeat$_Repeat$_fireFunction_Repeat_Test_Repeat$__f_sL_0.class
-rw-rw-r--   1 travis travis    634 Aug  1 15:24 Repeat$_Repeat$_fireFunction_Repeat_Test_Repeat$__f_sL_1.class
-rw-rw-r--   1 travis travis    704 Aug  1 15:24 Repeat$_Repeat_SDF_Director_run_Repeat$__R_sL_0.class
-rw-rw-r--   1 travis travis    705 Aug  1 15:24 Repeat$_Repeat_SDF_Director_run_Repeat$__R_sL_11.class
-rw-rw-r--   1 travis travis    561 Aug  1 15:24 Repeat$_Repeat_SDF_Director_run_Repeat$__R_sL_13.class
-rw-rw-r--   1 travis travis    559 Aug  1 15:24 Repeat$_Repeat_SDF_Director_run_Repeat$__R_sL_2.class
-rw-rw-r--   1 travis travis    703 Aug  1 15:24 Repeat$_Repeat_SDF_Director_run_Repeat$__R_sL_3.class
-rw-rw-r--   1 travis travis    559 Aug  1 15:24 Repeat$_Repeat_SDF_Director_run_Repeat$__R_sL_5.class
-rw-rw-r--   1 travis travis    559 Aug  1 15:24 Repeat$_Repeat_SDF_Director_run_Repeat$__R_sL_8.class
drwxrwxr-x   2 travis travis   4096 Aug  1 15:24 RepeatVariables
-rw-rw-r--   1 travis travis    882 Aug  1 15:24 Repeat$_varinit_Repeat.class
-rw-rw-r--   1 travis travis    550 Aug  1 15:24 Repeat$_varinit_Repeat$__v_sL_2.class
-rw-rw-r--   1 travis travis    924 Aug  1 15:24 Repeat$_varinit_Repeat$__v_sL_4.class
-rw-rw-r--   1 travis travis    978 Aug  1 15:24 Repeat$_wrapup_Repeat$__w_sL_1.class
drwxrwxr-x   3 travis travis  20480 Aug  1 15:21 Sinewave
drwxrwxr-x   3 travis travis  32768 Aug  1 15:23 StringFunction
drwxrwxr-x   3 travis travis  12288 Aug  1 15:23 StringLength
drwxrwxr-x   3 travis travis  61440 Aug  1 15:23 StringMatches2
drwxrwxr-x   3 travis travis  61440 Aug  1 15:23 StringSimpleReplace
drwxrwxr-x   3 travis travis  65536 Aug  1 15:23 StringSubstring
drwxrwxr-x   3 travis travis  24576 Aug  1 15:24 StringSubstring2
drwxrwxr-x   3 travis travis  16384 Aug  1 15:24 time1
drwxrwxr-x   3 travis travis  12288 Aug  1 15:24 time5
-rw-rw-r--   1 travis travis    432 Aug  1 15:25 Token.class
-rw-rw-r--   1 travis travis    251 Aug  1 15:25 Token.java
-rwxrwxr-x   1 travis travis 466992 Aug  1 15:18 top
-rw-rw-r--   1 travis travis  20502 Aug  1 15:18 top.c
-rw-rw-r--   1 travis travis   3799 Aug  1 15:24 top.class
-rw-rw-r--   1 travis travis   1257 Aug  1 15:24 top.mk
In "/home/travis/cg", about to execute:
    javac -classpath
.:/home/travis/build/icyphy/ptII:/home/travis/build/icyphy/ptII/lib/bsh-2.0b4.j
ar:/home/travis/build/icyphy/ptII/lib/ptCal.jar:/home/travis/build/icyphy/ptII/
lib/java_cup.jar:/home/travis/build/icyphy/ptII/lib/saxon8.jar:/home/travis/bui
ld/icyphy/ptII/lib/saxon8-dom.jar:/home/travis/build/icyphy/ptII/lib/chic.jar:/
home/travis/build/icyphy/ptII/lib/ptcolt.jar:/home/travis/build/icyphy/ptII/ven
dors/misc/itext/iText.jar:/home/travis/build/icyphy/ptII/lib/g4ltl.jar:/home/tr
avis/build/icyphy/ptII/lib/StructuralCoder.jar:/home/travis/build/icyphy/ptII/l
ib/jcerti.jar:/home/travis/build/icyphy/ptII/lib/javax.mail.jar:/home/travis/bu
ild/icyphy/ptII/vendors/JMF-2.1.1e/lib/jmf.jar:/home/travis/build/icyphy/ptII/l
ib/jna-4.0.0-variadic.jar:/home/travis/build/icyphy/ptII/vendors/misc/joystick/
Joystick.jar:/home/travis/build/icyphy/ptII/lib/ptjacl.jar:/home/travis/build/i
cyphy/ptII/lib/jsoup-1.8.2.jar:/home/travis/build/icyphy/ptII/lib/junit-4.8.2.j
ar:/home/travis/build/icyphy/ptII/lib/JUnitParams-0.4.0.jar:/home/travis/build/
icyphy/ptII/ptolemy/actor/lib/excel/jxl.jar:/home/travis/build/icyphy/ptII/lib/
jython.jar:/home/travis/build/icyphy/ptII/lib/kieler.jar:/home/travis/build/icy
phy/ptII/vendors/opencv/share/OpenCV/java/opencv-341.jar:/home/travis/build/icy
phy/ptII/lib/oscP5.jar:/home/travis/build/icyphy/ptII/lib/nrjavaserial-3.11.0.d
evel.jar:/home/travis/build/icyphy/ptII/vendors/j3d/lib/Linux/j3dcore.jar:/home
/travis/build/icyphy/ptII/vendors/j3d/lib/Linux/j3dutils.jar:/home/travis/build
/icyphy/ptII/vendors/j3d/lib/Linux/vecmath.jar:/home/travis/build/icyphy/ptII/v
endors/jogl/lib/Linux/gluegen-rt-natives-linux-amd64.jar:/home/travis/build/icy
phy/ptII/vendors/jogl/lib/Linux/gluegen-rt.jar:/home/travis/build/icyphy/ptII/v
endors/jogl/lib/Linux/jogl-all-natives-linux-amd64.jar:/home/travis/build/icyph
y/ptII/vendors/jogl/lib/Linux/jogl-all.jar:/home/travis/build/icyphy/ptII/ptole
my/distributed/jini/jar/jini-core.jar:/home/travis/build/icyphy/ptII/ptolemy/di
stributed/jini/jar/jini-ext.jar:/home/travis/build/icyphy/ptII/ptolemy/distribu
ted/jini/jar/sun-util.jar:/home/travis/build/icyphy/ptII/lib/protobuf-java-2.4.
1.jar:/home/travis/build/icyphy/ptII/lib/org.eclipse.paho.client.mqttv3.jar:/ho
me/travis/build/icyphy/ptII/lib/mapss.jar:/home/travis/build/icyphy/ptII/ptolem
y/actor/ptalon/antlr/antlr.jar:/home/travis/build/icyphy/ptII/lib/JRI.jar:/home
/travis/build/icyphy/ptII/lib/commons-lang-2.6.jar:/home/travis/build/icyphy/pt
II/lib/commons-logging-1.1.1.jar:/home/travis/build/icyphy/ptII/lib/sootclasses
.jar:/home/travis/build/icyphy/ptII/ptolemy/actor/lib/database/mysql-connector-
java-5.1.6-bin.jar:/home/travis/build/icyphy/ptII/vendors/misc/sphinx4/sphinx4-
data-5prealpha.jar:/home/travis/build/icyphy/ptII/vendors/misc/sphinx4/sphinx4-
core-5prealpha.jar:/home/travis/build/icyphy/ptII/lib/PDFRenderer.jar:/home/tra
vis/build/icyphy/ptII/lib/svgSalamander.jar:/home/travis/build/icyphy/ptII/lib/
rsyntaxtextarea-2.6.0-SNAPSHOT.jar:/home/travis/build/icyphy/ptII/lib/hazelcast
-3.8.2.jar:/home/travis/build/icyphy/ptII/lib/jackson-annotations-2.9.0.jar:/ho
me/travis/build/icyphy/ptII/lib/jackson-core-2.9.3.jar:/home/travis/build/icyph
y/ptII/lib/jackson-databind-2.9.3.jar:/home/travis/build/icyphy/ptII/lib/netty-
buffer-4.1.19.Final.jar:/home/travis/build/icyphy/ptII/lib/netty-codec-4.1.19.F
inal.jar:/home/travis/build/icyphy/ptII/lib/netty-codec-dns-4.1.19.Final.jar:/h
ome/travis/build/icyphy/ptII/lib/netty-codec-http-4.1.19.Final.jar:/home/travis
/build/icyphy/ptII/lib/netty-codec-http2-4.1.19.Final.jar:/home/travis/build/ic
yphy/ptII/lib/netty-common-4.1.19.Final.jar:/home/travis/build/icyphy/ptII/lib/
netty-handler-4.1.19.Final.jar:/home/travis/build/icyphy/ptII/lib/netty-resolve
r-4.1.19.Final.jar:/home/travis/build/icyphy/ptII/lib/netty-resolver-dns-4.1.19
.Final.jar:/home/travis/build/icyphy/ptII/lib/netty-transport-4.1.19.Final.jar:
/home/travis/build/icyphy/ptII/lib/vertx-codegen-3.5.1.jar:/home/travis/build/i
cyphy/ptII/lib/vertx-core-3.5.2-SNAPSHOT.jar:/home/travis/build/icyphy/ptII/lib
/vertx-hazelcast-3.5.1.jar:/home/travis/build/icyphy/ptII/lib/vertx-lang-js-3.5
.1.jar:/home/travis/build/icyphy/ptII/lib/vertx-service-proxy-3.5.1.jar:/home/t
ravis/build/icyphy/ptII/lib/vertx-web-3.5.1.jar:/home/travis/build/icyphy/ptII/
lib/slf4j-api-1.7.13.jar:/home/travis/build/icyphy/ptII/lib/slf4j-simple-1.7.13
.jar:/home/travis/build/icyphy/ptII/lib/webcam-capture-0.3.12.jar:/home/travis/
build/icyphy/ptII/lib/bridj-0.7.0.jar:/home/travis/build/icyphy/ptII/lib/xbjlib
-1.1.0.nrjavaserial.jar:/home/travis/build/icyphy/ptII/ptolemy/moml/test:/home/
travis/build/icyphy/ptII/ant/lib/ant-launcher.jar:/home/travis/build/icyphy/ptI
I/ant/lib/ant.jar:/home/travis/build/icyphy/ptII/ant/lib/ant-junit.jar:/home/tr
avis/build/icyphy/ptII/ant/lib/ant-junit4.jar:/home/travis/build/icyphy/ptII
ModularCG_A2_B2_profile.java
All Done
Writing ModularCG_A2_B2.java in file:/home/travis/cg/ (9730 characters)
Reading "ptolemy/cg/kernel/generic/program/procedural/java/modular/makefile.in",
    writing "/home/travis/cg/ModularCG_A2_B2.mk"
Using ptolemy/cg/kernel/generic/program/procedural/java/modular/makefile.in
In "/home/travis/cg", about to execute:
    make -f ModularCG_A2_B2.mk
javac -classpath ".:.."    ModularCG_A2_B2.java
All Done
In "/home/travis/cg", about to execute:
    pwd
In "/home/travis/cg", about to execute:
    ls -l
/home/travis/cg
total 1544
drwxrwxr-x   3 travis travis  12288 Aug  1 15:20 AbsoluteValue
drwxrwxr-x   3 travis travis 102400 Aug  1 15:19 AllColt
drwxrwxr-x   3 travis travis  12288 Aug  1 15:19 Case1
-rw-rw-r--   1 travis travis   5128 Aug  1 15:25 CompiledCompositeActor_CompiledCompositeActor.class
-rw-rw-r--   1 travis travis   1611 Aug  1 15:25 CompiledCompositeActor_CompiledCompositeActor$_CompiledCompositeActor_CompiledCompositeActor.class
-rw-rw-r--   1 travis travis  13466 Aug  1 15:25 CompiledCompositeActor_CompiledCompositeActor.java
-rw-rw-r--   1 travis travis   1593 Aug  1 15:25 CompiledCompositeActor_CompiledCompositeActor.mk
drwxrwxr-x   5 travis travis   4096 Aug  1 15:18 fmi
drwxrwxr-x   3 travis travis  16384 Aug  1 15:20 Gaussian2
-rw-rw-r--   1 travis travis   4684 Aug  1 15:25 JavaCompiledCompositeTest1_CompiledCompositeActor.class
-rw-rw-r--   1 travis travis  11637 Aug  1 15:25 JavaCompiledCompositeTest1_CompiledCompositeActor.java
-rw-rw-r--   1 travis travis   1217 Aug  1 15:25 JavaCompiledCompositeTest1_CompiledCompositeActor$_JavaCompiledCompositeTest1_CompiledCompositeActor.class
-rw-rw-r--   1 travis travis   1625 Aug  1 15:25 JavaCompiledCompositeTest1_CompiledCompositeActor.mk
-rw-rw-r--   1 travis travis   5115 Aug  1 15:25 JavaCompiledCompositeTest2_CompiledCompositeActor.class
-rw-rw-r--   1 travis travis  14919 Aug  1 15:25 JavaCompiledCompositeTest2_CompiledCompositeActor.java
-rw-rw-r--   1 travis travis   1812 Aug  1 15:25 JavaCompiledCompositeTest2_CompiledCompositeActor$_JavaCompiledCompositeTest2_CompiledCompositeActor.class
-rw-rw-r--   1 travis travis   1625 Aug  1 15:25 JavaCompiledCompositeTest2_CompiledCompositeActor.mk
-rw-rw-r--   1 travis travis   4732 Aug  1 15:25 JavaCompiledCompositeTest3_CompiledCompositeActor.class
-rw-rw-r--   1 travis travis  13080 Aug  1 15:25 JavaCompiledCompositeTest3_CompiledCompositeActor.java
-rw-rw-r--   1 travis travis   1397 Aug  1 15:25 JavaCompiledCompositeTest3_CompiledCompositeActor$_JavaCompiledCompositeTest3_CompiledCompositeActor.class
-rw-rw-r--   1 travis travis   1625 Aug  1 15:25 JavaCompiledCompositeTest3_CompiledCompositeActor.mk
-rw-rw-r--   1 travis travis   4183 Aug  1 15:25 JavaCompiledCompositeTest4_CompiledCompositeActor.class
-rw-rw-r--   1 travis travis   9687 Aug  1 15:25 JavaCompiledCompositeTest4_CompiledCompositeActor.java
-rw-rw-r--   1 travis travis    876 Aug  1 15:25 JavaCompiledCompositeTest4_CompiledCompositeActor$_JavaCompiledCompositeTest4_CompiledCompositeActor.class
-rw-rw-r--   1 travis travis   1625 Aug  1 15:25 JavaCompiledCompositeTest4_CompiledCompositeActor.mk
drwxrwxr-x   3 travis travis  12288 Aug  1 15:20 LookupTable
drwxrwxr-x   3 travis travis  20480 Aug  1 15:20 MaxIndex
-rw-rw-r--   1 travis travis   3925 Aug  1 15:25 ModularCG_A1_B1.class
-rw-rw-r--   1 travis travis   9730 Aug  1 15:25 ModularCG_A1_B1.java
-rw-rw-r--   1 travis travis    832 Aug  1 15:25 ModularCG_A1_B1.mk
-rw-rw-r--   1 travis travis   1318 Aug  1 15:25 ModularCG_A1_B1_profile.class
-rw-rw-r--   1 travis travis   1262 Aug  1 15:25 ModularCG_A1_B1_profile.java
-rw-rw-r--   1 travis travis   3925 Aug  1 15:25 ModularCG_A1_B2.class
-rw-rw-r--   1 travis travis   9730 Aug  1 15:25 ModularCG_A1_B2.java
-rw-rw-r--   1 travis travis    832 Aug  1 15:25 ModularCG_A1_B2.mk
-rw-rw-r--   1 travis travis   1318 Aug  1 15:25 ModularCG_A1_B2_profile.class
-rw-rw-r--   1 travis travis   1262 Aug  1 15:25 ModularCG_A1_B2_profile.java
-rw-rw-r--   1 travis travis   5031 Aug  1 15:25 ModularCG_A1.class
-rw-rw-r--   1 travis travis  14742 Aug  1 15:25 ModularCG_A1.java
-rw-rw-r--   1 travis travis    808 Aug  1 15:25 ModularCG_A1.mk
-rw-rw-r--   1 travis travis   1433 Aug  1 15:25 ModularCG_A1_profile.class
-rw-rw-r--   1 travis travis   1704 Aug  1 15:25 ModularCG_A1_profile.java
-rw-rw-r--   1 travis travis   4059 Aug  1 15:25 ModularCG_A2_B1.class
-rw-rw-r--   1 travis travis  10667 Aug  1 15:25 ModularCG_A2_B1.java
-rw-rw-r--   1 travis travis    832 Aug  1 15:25 ModularCG_A2_B1.mk
-rw-rw-r--   1 travis travis   1381 Aug  1 15:25 ModularCG_A2_B1_profile.class
-rw-rw-r--   1 travis travis   1446 Aug  1 15:25 ModularCG_A2_B1_profile.java
-rw-rw-r--   1 travis travis   3925 Aug  1 15:25 ModularCG_A2_B2.class
-rw-rw-r--   1 travis travis   9730 Aug  1 15:25 ModularCG_A2_B2.java
-rw-rw-r--   1 travis travis    832 Aug  1 15:25 ModularCG_A2_B2.mk
-rw-rw-r--   1 travis travis   1318 Aug  1 15:25 ModularCG_A2_B2_profile.class
-rw-rw-r--   1 travis travis   1262 Aug  1 15:25 ModularCG_A2_B2_profile.java
-rw-rw-r--   1 travis travis   1704 Aug  1 15:25 ModularCG_A2_profile.java
-rw-rw-r--   1 travis travis   3724 Aug  1 15:25 ModularCodeGenTest_A1_A2.class
-rw-rw-r--   1 travis travis   9164 Aug  1 15:25 ModularCodeGenTest_A1_A2.java
-rw-rw-r--   1 travis travis   1306 Aug  1 15:25 ModularCodeGenTest_A1_A2_profile.class
-rw-rw-r--   1 travis travis   4055 Aug  1 15:25 ModularCodeGenTest_A1.class
-rw-rw-r--   1 travis travis   9968 Aug  1 15:25 ModularCodeGenTest_A1.java
-rw-rw-r--   1 travis travis    880 Aug  1 15:25 ModularCodeGenTest_A1.mk
-rw-rw-r--   1 travis travis   1352 Aug  1 15:25 ModularCodeGenTest_A1_profile.class
-rw-rw-r--   1 travis travis   1394 Aug  1 15:25 ModularCodeGenTest_A1_profile.java
drwxrwxr-x   3 travis travis  32768 Aug  1 15:24 modulation2
drwxrwxr-x 183 travis travis  12288 Aug  1 15:25 node_modules
drwxrwxr-x   3 travis travis  20480 Aug  1 15:21 PhaseUnwrap
drwxrwxr-x   3 travis travis  12288 Aug  1 15:21 ReadFile1
-rw-rw-r--   1 travis travis     11 Aug  1 15:21 ReadFile1Output.txt
-rw-rw-r--   1 travis travis  13773 Aug  1 15:24 Repeat.class
-rw-rw-r--   1 travis travis    685 Aug  1 15:24 Repeat$_fireFunction_Repeat_Repeat$__f_sL_11.class
-rw-rw-r--   1 travis travis    541 Aug  1 15:24 Repeat$_fireFunction_Repeat_Repeat$__f_sL_12.class
-rw-rw-r--   1 travis travis    541 Aug  1 15:24 Repeat$_fireFunction_Repeat_Repeat$__f_sL_13.class
-rw-rw-r--   1 travis travis    541 Aug  1 15:24 Repeat$_fireFunction_Repeat_Repeat$__f_sL_14.class
-rw-rw-r--   1 travis travis    684 Aug  1 15:24 Repeat$_fireFunction_Repeat_Repeat$__f_sL_1.class
-rw-rw-r--   1 travis travis    683 Aug  1 15:24 Repeat$_fireFunction_Repeat_Repeat$__f_sL_4.class
-rw-rw-r--   1 travis travis    539 Aug  1 15:24 Repeat$_fireFunction_Repeat_Repeat$__f_sL_9.class
-rw-rw-r--   1 travis travis    494 Aug  1 15:24 Repeat$_initialize_Repeat$__i_sL_2.class
-rw-rw-r--   1 travis travis   1281 Aug  1 15:24 Repeat.mk
-rw-rw-r--   1 travis travis    539 Aug  1 15:24 Repeat$_preinitializeMethod_Repeat$__p_sL_0.class
-rw-rw-r--   1 travis travis   1102 Aug  1 15:24 Repeat$_Repeat$_fireFunction_Repeat_AddSubtract_Repeat.class
-rw-rw-r--   1 travis travis    810 Aug  1 15:24 Repeat$_Repeat$_fireFunction_Repeat_AddSubtract_Repeat$__f_sL_0.class
-rw-rw-r--   1 travis travis    928 Aug  1 15:24 Repeat$_Repeat$_fireFunction_Repeat_AddSubtract_Repeat$__f_sL_1.class
-rw-rw-r--   1 travis travis    934 Aug  1 15:24 Repeat$_Repeat$_fireFunction_Repeat_AddSubtract_Repeat$__f_sL_2.class
-rw-rw-r--   1 travis travis    862 Aug  1 15:24 Repeat$_Repeat$_fireFunction_Repeat_AddSubtract_Repeat$__f_sL_3.class
-rw-rw-r--   1 travis travis    757 Aug  1 15:24 Repeat$_Repeat$_fireFunction_Repeat_Ramp2_Repeat$__f_sL_0.class
-rw-rw-r--   1 travis travis    888 Aug  1 15:24 Repeat$_Repeat$_fireFunction_Repeat_Test_Repeat$__f_sL_0.class
-rw-rw-r--   1 travis travis    634 Aug  1 15:24 Repeat$_Repeat$_fireFunction_Repeat_Test_Repeat$__f_sL_1.class
-rw-rw-r--   1 travis travis    704 Aug  1 15:24 Repeat$_Repeat_SDF_Director_run_Repeat$__R_sL_0.class
-rw-rw-r--   1 travis travis    705 Aug  1 15:24 Repeat$_Repeat_SDF_Director_run_Repeat$__R_sL_11.class
-rw-rw-r--   1 travis travis    561 Aug  1 15:24 Repeat$_Repeat_SDF_Director_run_Repeat$__R_sL_13.class
-rw-rw-r--   1 travis travis    559 Aug  1 15:24 Repeat$_Repeat_SDF_Director_run_Repeat$__R_sL_2.class
-rw-rw-r--   1 travis travis    703 Aug  1 15:24 Repeat$_Repeat_SDF_Director_run_Repeat$__R_sL_3.class
-rw-rw-r--   1 travis travis    559 Aug  1 15:24 Repeat$_Repeat_SDF_Director_run_Repeat$__R_sL_5.class
In "/home/travis/cg", about to execute:
-rw-rw-r--   1 travis travis    559 Aug  1 15:24 Repeat$_Repeat_SDF_Director_run_Repeat$__R_sL_8.class
drwxrwxr-x   2 travis travis   4096 Aug  1 15:24 RepeatVariables
-rw-rw-r--   1 travis travis    882 Aug  1 15:24 Repeat$_varinit_Repeat.class
-rw-rw-r--   1 travis travis    550 Aug  1 15:24 Repeat$_varinit_Repeat$__v_sL_2.class
-rw-rw-r--   1 travis travis    924 Aug  1 15:24 Repeat$_varinit_Repeat$__v_sL_4.class
-rw-rw-r--   1 travis travis    978 Aug  1 15:24 Repeat$_wrapup_Repeat$__w_sL_1.class
drwxrwxr-x   3 travis travis  20480 Aug  1 15:21 Sinewave
drwxrwxr-x   3 travis travis  32768 Aug  1 15:23 StringFunction
drwxrwxr-x   3 travis travis  12288 Aug  1 15:23 StringLength
drwxrwxr-x   3 travis travis  61440 Aug  1 15:23 StringMatches2
drwxrwxr-x   3 travis travis  61440 Aug  1 15:23 StringSimpleReplace
drwxrwxr-x   3 travis travis  65536 Aug  1 15:23 StringSubstring
drwxrwxr-x   3 travis travis  24576 Aug  1 15:24 StringSubstring2
drwxrwxr-x   3 travis travis  16384 Aug  1 15:24 time1
drwxrwxr-x   3 travis travis  12288 Aug  1 15:24 time5
-rw-rw-r--   1 travis travis    432 Aug  1 15:25 Token.class
-rw-rw-r--   1 travis travis    251 Aug  1 15:25 Token.java
    javac -classpath
.:/home/travis/build/icyphy/ptII:/home/travis/build/icyphy/ptII/lib/bsh-2.0b4.j
ar:/home/travis/build/icyphy/ptII/lib/ptCal.jar:/home/travis/build/icyphy/ptII/
lib/java_cup.jar:/home/travis/build/icyphy/ptII/lib/saxon8.jar:/home/travis/bui
ld/icyphy/ptII/lib/saxon8-dom.jar:/home/travis/build/icyphy/ptII/lib/chic.jar:/
home/travis/build/icyphy/ptII/lib/ptcolt.jar:/home/travis/build/icyphy/ptII/ven
dors/misc/itext/iText.jar:/home/travis/build/icyphy/ptII/lib/g4ltl.jar:/home/tr
avis/build/icyphy/ptII/lib/StructuralCoder.jar:/home/travis/build/icyphy/ptII/l
ib/jcerti.jar:/home/travis/build/icyphy/ptII/lib/javax.mail.jar:/home/travis/bu
ild/icyphy/ptII/vendors/JMF-2.1.1e/lib/jmf.jar:/home/travis/build/icyphy/ptII/l
ib/jna-4.0.0-variadic.jar:/home/travis/build/icyphy/ptII/vendors/misc/joystick/
Joystick.jar:/home/travis/build/icyphy/ptII/lib/ptjacl.jar:/home/travis/build/i
cyphy/ptII/lib/jsoup-1.8.2.jar:/home/travis/build/icyphy/ptII/lib/junit-4.8.2.j
ar:/home/travis/build/icyphy/ptII/lib/JUnitParams-0.4.0.jar:/home/travis/build/
icyphy/ptII/ptolemy/actor/lib/excel/jxl.jar:/home/travis/build/icyphy/ptII/lib/
jython.jar:/home/travis/build/icyphy/ptII/lib/kieler.jar:/home/travis/build/icy
phy/ptII/vendors/opencv/share/OpenCV/java/opencv-341.jar:/home/travis/build/icy
phy/ptII/lib/oscP5.jar:/home/travis/build/icyphy/ptII/lib/nrjavaserial-3.11.0.d
evel.jar:/home/travis/build/icyphy/ptII/vendors/j3d/lib/Linux/j3dcore.jar:/home
/travis/build/icyphy/ptII/vendors/j3d/lib/Linux/j3dutils.jar:/home/travis/build
/icyphy/ptII/vendors/j3d/lib/Linux/vecmath.jar:/home/travis/build/icyphy/ptII/v
endors/jogl/lib/Linux/gluegen-rt-natives-linux-amd64.jar:/home/travis/build/icy
phy/ptII/vendors/jogl/lib/Linux/gluegen-rt.jar:/home/travis/build/icyphy/ptII/v
endors/jogl/lib/Linux/jogl-all-natives-linux-amd64.jar:/home/travis/build/icyph
y/ptII/vendors/jogl/lib/Linux/jogl-all.jar:/home/travis/build/icyphy/ptII/ptole
my/distributed/jini/jar/jini-core.jar:/home/travis/build/icyphy/ptII/ptolemy/di
stributed/jini/jar/jini-ext.jar:/home/travis/build/icyphy/ptII/ptolemy/distribu
ted/jini/jar/sun-util.jar:/home/travis/build/icyphy/ptII/lib/protobuf-java-2.4.
1.jar:/home/travis/build/icyphy/ptII/lib/org.eclipse.paho.client.mqttv3.jar:/ho
me/travis/build/icyphy/ptII/lib/mapss.jar:/home/travis/build/icyphy/ptII/ptolem
y/actor/ptalon/antlr/antlr.jar:/home/travis/build/icyphy/ptII/lib/JRI.jar:/home
/travis/build/icyphy/ptII/lib/commons-lang-2.6.jar:/home/travis/build/icyphy/pt
II/lib/commons-logging-1.1.1.jar:/home/travis/build/icyphy/ptII/lib/sootclasses
.jar:/home/travis/build/icyphy/ptII/ptolemy/actor/lib/database/mysql-connector-
java-5.1.6-bin.jar:/home/travis/build/icyphy/ptII/vendors/misc/sphinx4/sphinx4-
data-5prealpha.jar:/home/travis/build/icyphy/ptII/vendors/misc/sphinx4/sphinx4-
core-5prealpha.jar:/home/travis/build/icyphy/ptII/lib/PDFRenderer.jar:/home/tra
vis/build/icyphy/ptII/lib/svgSalamander.jar:/home/travis/build/icyphy/ptII/lib/
rsyntaxtextarea-2.6.0-SNAPSHOT.jar:/home/travis/build/icyphy/ptII/lib/hazelcast
-3.8.2.jar:/home/travis/build/icyphy/ptII/lib/jackson-annotations-2.9.0.jar:/ho
me/travis/build/icyphy/ptII/lib/jackson-core-2.9.3.jar:/home/travis/build/icyph
y/ptII/lib/jackson-databind-2.9.3.jar:/home/travis/build/icyphy/ptII/lib/netty-
buffer-4.1.19.Final.jar:/home/travis/build/icyphy/ptII/lib/netty-codec-4.1.19.F
inal.jar:/home/travis/build/icyphy/ptII/lib/netty-codec-dns-4.1.19.Final.jar:/h
ome/travis/build/icyphy/ptII/lib/netty-codec-http-4.1.19.Final.jar:/home/travis
/build/icyphy/ptII/lib/netty-codec-http2-4.1.19.Final.jar:/home/travis/build/ic
yphy/ptII/lib/netty-common-4.1.19.Final.jar:/home/travis/build/icyphy/ptII/lib/
netty-handler-4.1.19.Final.jar:/home/travis/build/icyphy/ptII/lib/netty-resolve
r-4.1.19.Final.jar:/home/travis/build/icyphy/ptII/lib/netty-resolver-dns-4.1.19
.Final.jar:/home/travis/build/icyphy/ptII/lib/netty-transport-4.1.19.Final.jar:
/home/travis/build/icyphy/ptII/lib/vertx-codegen-3.5.1.jar:/home/travis/build/i
cyphy/ptII/lib/vertx-core-3.5.2-SNAPSHOT.jar:/home/travis/build/icyphy/ptII/lib
/vertx-hazelcast-3.5.1.jar:/home/travis/build/icyphy/ptII/lib/vertx-lang-js-3.5
.1.jar:/home/travis/build/icyphy/ptII/lib/vertx-service-proxy-3.5.1.jar:/home/t
ravis/build/icyphy/ptII/lib/vertx-web-3.5.1.jar:/home/travis/build/icyphy/ptII/
lib/slf4j-api-1.7.13.jar:/home/travis/build/icyphy/ptII/lib/slf4j-simple-1.7.13
.jar:/home/travis/build/icyphy/ptII/lib/webcam-capture-0.3.12.jar:/home/travis/
build/icyphy/ptII/lib/bridj-0.7.0.jar:/home/travis/build/icyphy/ptII/lib/xbjlib
-1.1.0.nrjavaserial.jar:/home/travis/build/icyphy/ptII/ptolemy/moml/test:/home/
travis/build/icyphy/ptII/ant/lib/ant-launcher.jar:/home/travis/build/icyphy/ptI
I/ant/lib/ant.jar:/home/travis/build/icyphy/ptII/ant/lib/ant-junit.jar:/home/tr
avis/build/icyphy/ptII/ant/lib/ant-junit4.jar:/home/travis/build/icyphy/ptII
ModularCG_A2_profile.java
-rwxrwxr-x   1 travis travis 466992 Aug  1 15:18 top
-rw-rw-r--   1 travis travis  20502 Aug  1 15:18 top.c
-rw-rw-r--   1 travis travis   3799 Aug  1 15:24 top.class
-rw-rw-r--   1 travis travis   1257 Aug  1 15:24 top.mk
All Done
Writing ModularCG_A2.java in file:/home/travis/cg/ (15129 characters)
Reading "ptolemy/cg/kernel/generic/program/procedural/java/modular/makefile.in",
    writing "/home/travis/cg/ModularCG_A2.mk"
Using ptolemy/cg/kernel/generic/program/procedural/java/modular/makefile.in
In "/home/travis/cg", about to execute:
    make -f ModularCG_A2.mk
javac -classpath ".:.."    ModularCG_A2.java
All Done
Manager.initialize() finished: 16493 ms. Memory: 129024K Free: 68372K (53%)
16496 ms. Memory: 129024K Free: 68372K (53%)
----------------- Invoking toplevel() on ptolemy.moml.MoMLSimpleApplication@41669271
----------------- Done invoking toplevel() on ptolemy.moml.MoMLSimpleApplication@41669271
reloadAllAccessors: .ModularCG

===========================================================================================
----------------- testing Sat Aug 01 15:25:43 UTC 2020 /home/travis/build/icyphy/ptII/ptolemy/cg/lib/test/auto/ModularCGPubSub.xml
----------------- Instantiating /home/travis/build/icyphy/ptII/ptolemy/cg/lib/test/auto/ModularCGPubSub.xml
In "/home/travis/cg", about to execute:
    pwd
In "/home/travis/cg", about to execute:
    ls -l
/home/travis/cg
In "/home/travis/cg", about to execute:
    javac -classpath
.:/home/travis/build/icyphy/ptII:/home/travis/build/icyphy/ptII/lib/bsh-2.0b4.j
ar:/home/travis/build/icyphy/ptII/lib/ptCal.jar:/home/travis/build/icyphy/ptII/
lib/java_cup.jar:/home/travis/build/icyphy/ptII/lib/saxon8.jar:/home/travis/bui
ld/icyphy/ptII/lib/saxon8-dom.jar:/home/travis/build/icyphy/ptII/lib/chic.jar:/
home/travis/build/icyphy/ptII/lib/ptcolt.jar:/home/travis/build/icyphy/ptII/ven
dors/misc/itext/iText.jar:/home/travis/build/icyphy/ptII/lib/g4ltl.jar:/home/tr
avis/build/icyphy/ptII/lib/StructuralCoder.jar:/home/travis/build/icyphy/ptII/l
ib/jcerti.jar:/home/travis/build/icyphy/ptII/lib/javax.mail.jar:/home/travis/bu
ild/icyphy/ptII/vendors/JMF-2.1.1e/lib/jmf.jar:/home/travis/build/icyphy/ptII/l
ib/jna-4.0.0-variadic.jar:/home/travis/build/icyphy/ptII/vendors/misc/joystick/
Joystick.jar:/home/travis/build/icyphy/ptII/lib/ptjacl.jar:/home/travis/build/i
cyphy/ptII/lib/jsoup-1.8.2.jar:/home/travis/build/icyphy/ptII/lib/junit-4.8.2.j
ar:/home/travis/build/icyphy/ptII/lib/JUnitParams-0.4.0.jar:/home/travis/build/
icyphy/ptII/ptolemy/actor/lib/excel/jxl.jar:/home/travis/build/icyphy/ptII/lib/
jython.jar:/home/travis/build/icyphy/ptII/lib/kieler.jar:/home/travis/build/icy
phy/ptII/vendors/opencv/share/OpenCV/java/opencv-341.jar:/home/travis/build/icy
phy/ptII/lib/oscP5.jar:/home/travis/build/icyphy/ptII/lib/nrjavaserial-3.11.0.d
evel.jar:/home/travis/build/icyphy/ptII/vendors/j3d/lib/Linux/j3dcore.jar:/home
/travis/build/icyphy/ptII/vendors/j3d/lib/Linux/j3dutils.jar:/home/travis/build
/icyphy/ptII/vendors/j3d/lib/Linux/vecmath.jar:/home/travis/build/icyphy/ptII/v
endors/jogl/lib/Linux/gluegen-rt-natives-linux-amd64.jar:/home/travis/build/icy
phy/ptII/vendors/jogl/lib/Linux/gluegen-rt.jar:/home/travis/build/icyphy/ptII/v
endors/jogl/lib/Linux/jogl-all-natives-linux-amd64.jar:/home/travis/build/icyph
y/ptII/vendors/jogl/lib/Linux/jogl-all.jar:/home/travis/build/icyphy/ptII/ptole
my/distributed/jini/jar/jini-core.jar:/home/travis/build/icyphy/ptII/ptolemy/di
stributed/jini/jar/jini-ext.jar:/home/travis/build/icyphy/ptII/ptolemy/distribu
ted/jini/jar/sun-util.jar:/home/travis/build/icyphy/ptII/lib/protobuf-java-2.4.
1.jar:/home/travis/build/icyphy/ptII/lib/org.eclipse.paho.client.mqttv3.jar:/ho
me/travis/build/icyphy/ptII/lib/mapss.jar:/home/travis/build/icyphy/ptII/ptolem
y/actor/ptalon/antlr/antlr.jar:/home/travis/build/icyphy/ptII/lib/JRI.jar:/home
/travis/build/icyphy/ptII/lib/commons-lang-2.6.jar:/home/travis/build/icyphy/pt
II/lib/commons-logging-1.1.1.jar:/home/travis/build/icyphy/ptII/lib/sootclasses
.jar:/home/travis/build/icyphy/ptII/ptolemy/actor/lib/database/mysql-connector-
java-5.1.6-bin.jar:/home/travis/build/icyphy/ptII/vendors/misc/sphinx4/sphinx4-
data-5prealpha.jar:/home/travis/build/icyphy/ptII/vendors/misc/sphinx4/sphinx4-
core-5prealpha.jar:/home/travis/build/icyphy/ptII/lib/PDFRenderer.jar:/home/tra
vis/build/icyphy/ptII/lib/svgSalamander.jar:/home/travis/build/icyphy/ptII/lib/
rsyntaxtextarea-2.6.0-SNAPSHOT.jar:/home/travis/build/icyphy/ptII/lib/hazelcast
-3.8.2.jar:/home/travis/build/icyphy/ptII/lib/jackson-annotations-2.9.0.jar:/ho
me/travis/build/icyphy/ptII/lib/jackson-core-2.9.3.jar:/home/travis/build/icyph
y/ptII/lib/jackson-databind-2.9.3.jar:/home/travis/build/icyphy/ptII/lib/netty-
buffer-4.1.19.Final.jar:/home/travis/build/icyphy/ptII/lib/netty-codec-4.1.19.F
inal.jar:/home/travis/build/icyphy/ptII/lib/netty-codec-dns-4.1.19.Final.jar:/h
ome/travis/build/icyphy/ptII/lib/netty-codec-http-4.1.19.Final.jar:/home/travis
/build/icyphy/ptII/lib/netty-codec-http2-4.1.19.Final.jar:/home/travis/build/ic
yphy/ptII/lib/netty-common-4.1.19.Final.jar:/home/travis/build/icyphy/ptII/lib/
netty-handler-4.1.19.Final.jar:/home/travis/build/icyphy/ptII/lib/netty-resolve
r-4.1.19.Final.jar:/home/travis/build/icyphy/ptII/lib/netty-resolver-dns-4.1.19
.Final.jar:/home/travis/build/icyphy/ptII/lib/netty-transport-4.1.19.Final.jar:
/home/travis/build/icyphy/ptII/lib/vertx-codegen-3.5.1.jar:/home/travis/build/i
cyphy/ptII/lib/vertx-core-3.5.2-SNAPSHOT.jar:/home/travis/build/icyphy/ptII/lib
/vertx-hazelcast-3.5.1.jar:/home/travis/build/icyphy/ptII/lib/vertx-lang-js-3.5
.1.jar:/home/travis/build/icyphy/ptII/lib/vertx-service-proxy-3.5.1.jar:/home/t
ravis/build/icyphy/ptII/lib/vertx-web-3.5.1.jar:/home/travis/build/icyphy/ptII/
lib/slf4j-api-1.7.13.jar:/home/travis/build/icyphy/ptII/lib/slf4j-simple-1.7.13
.jar:/home/travis/build/icyphy/ptII/lib/webcam-capture-0.3.12.jar:/home/travis/
build/icyphy/ptII/lib/bridj-0.7.0.jar:/home/travis/build/icyphy/ptII/lib/xbjlib
-1.1.0.nrjavaserial.jar:/home/travis/build/icyphy/ptII/ptolemy/moml/test:/home/
travis/build/icyphy/ptII/ant/lib/ant-launcher.jar:/home/travis/build/icyphy/ptI
I/ant/lib/ant.jar:/home/travis/build/icyphy/ptII/ant/lib/ant-junit.jar:/home/tr
avis/build/icyphy/ptII/ant/lib/ant-junit4.jar:/home/travis/build/icyphy/ptII
ModularCGPubSub_A1_A2_profile.java
total 1580
drwxrwxr-x   3 travis travis  12288 Aug  1 15:20 AbsoluteValue
drwxrwxr-x   3 travis travis 102400 Aug  1 15:19 AllColt
drwxrwxr-x   3 travis travis  12288 Aug  1 15:19 Case1
-rw-rw-r--   1 travis travis   5128 Aug  1 15:25 CompiledCompositeActor_CompiledCompositeActor.class
-rw-rw-r--   1 travis travis   1611 Aug  1 15:25 CompiledCompositeActor_CompiledCompositeActor$_CompiledCompositeActor_CompiledCompositeActor.class
-rw-rw-r--   1 travis travis  13466 Aug  1 15:25 CompiledCompositeActor_CompiledCompositeActor.java
-rw-rw-r--   1 travis travis   1593 Aug  1 15:25 CompiledCompositeActor_CompiledCompositeActor.mk
drwxrwxr-x   5 travis travis   4096 Aug  1 15:18 fmi
drwxrwxr-x   3 travis travis  16384 Aug  1 15:20 Gaussian2
-rw-rw-r--   1 travis travis   4684 Aug  1 15:25 JavaCompiledCompositeTest1_CompiledCompositeActor.class
-rw-rw-r--   1 travis travis  11637 Aug  1 15:25 JavaCompiledCompositeTest1_CompiledCompositeActor.java
-rw-rw-r--   1 travis travis   1217 Aug  1 15:25 JavaCompiledCompositeTest1_CompiledCompositeActor$_JavaCompiledCompositeTest1_CompiledCompositeActor.class
-rw-rw-r--   1 travis travis   1625 Aug  1 15:25 JavaCompiledCompositeTest1_CompiledCompositeActor.mk
-rw-rw-r--   1 travis travis   5115 Aug  1 15:25 JavaCompiledCompositeTest2_CompiledCompositeActor.class
-rw-rw-r--   1 travis travis  14919 Aug  1 15:25 JavaCompiledCompositeTest2_CompiledCompositeActor.java
-rw-rw-r--   1 travis travis   1812 Aug  1 15:25 JavaCompiledCompositeTest2_CompiledCompositeActor$_JavaCompiledCompositeTest2_CompiledCompositeActor.class
-rw-rw-r--   1 travis travis   1625 Aug  1 15:25 JavaCompiledCompositeTest2_CompiledCompositeActor.mk
-rw-rw-r--   1 travis travis   4732 Aug  1 15:25 JavaCompiledCompositeTest3_CompiledCompositeActor.class
-rw-rw-r--   1 travis travis  13080 Aug  1 15:25 JavaCompiledCompositeTest3_CompiledCompositeActor.java
-rw-rw-r--   1 travis travis   1397 Aug  1 15:25 JavaCompiledCompositeTest3_CompiledCompositeActor$_JavaCompiledCompositeTest3_CompiledCompositeActor.class
-rw-rw-r--   1 travis travis   1625 Aug  1 15:25 JavaCompiledCompositeTest3_CompiledCompositeActor.mk
-rw-rw-r--   1 travis travis   4183 Aug  1 15:25 JavaCompiledCompositeTest4_CompiledCompositeActor.class
-rw-rw-r--   1 travis travis   9687 Aug  1 15:25 JavaCompiledCompositeTest4_CompiledCompositeActor.java
-rw-rw-r--   1 travis travis    876 Aug  1 15:25 JavaCompiledCompositeTest4_CompiledCompositeActor$_JavaCompiledCompositeTest4_CompiledCompositeActor.class
-rw-rw-r--   1 travis travis   1625 Aug  1 15:25 JavaCompiledCompositeTest4_CompiledCompositeActor.mk
drwxrwxr-x   3 travis travis  12288 Aug  1 15:20 LookupTable
drwxrwxr-x   3 travis travis  20480 Aug  1 15:20 MaxIndex
-rw-rw-r--   1 travis travis   3925 Aug  1 15:25 ModularCG_A1_B1.class
-rw-rw-r--   1 travis travis   9730 Aug  1 15:25 ModularCG_A1_B1.java
-rw-rw-r--   1 travis travis    832 Aug  1 15:25 ModularCG_A1_B1.mk
-rw-rw-r--   1 travis travis   1318 Aug  1 15:25 ModularCG_A1_B1_profile.class
-rw-rw-r--   1 travis travis   1262 Aug  1 15:25 ModularCG_A1_B1_profile.java
-rw-rw-r--   1 travis travis   3925 Aug  1 15:25 ModularCG_A1_B2.class
-rw-rw-r--   1 travis travis   9730 Aug  1 15:25 ModularCG_A1_B2.java
-rw-rw-r--   1 travis travis    832 Aug  1 15:25 ModularCG_A1_B2.mk
-rw-rw-r--   1 travis travis   1318 Aug  1 15:25 ModularCG_A1_B2_profile.class
-rw-rw-r--   1 travis travis   1262 Aug  1 15:25 ModularCG_A1_B2_profile.java
-rw-rw-r--   1 travis travis   5031 Aug  1 15:25 ModularCG_A1.class
-rw-rw-r--   1 travis travis  14742 Aug  1 15:25 ModularCG_A1.java
-rw-rw-r--   1 travis travis    808 Aug  1 15:25 ModularCG_A1.mk
-rw-rw-r--   1 travis travis   1433 Aug  1 15:25 ModularCG_A1_profile.class
-rw-rw-r--   1 travis travis   1704 Aug  1 15:25 ModularCG_A1_profile.java
-rw-rw-r--   1 travis travis   4059 Aug  1 15:25 ModularCG_A2_B1.class
-rw-rw-r--   1 travis travis  10667 Aug  1 15:25 ModularCG_A2_B1.java
-rw-rw-r--   1 travis travis    832 Aug  1 15:25 ModularCG_A2_B1.mk
-rw-rw-r--   1 travis travis   1381 Aug  1 15:25 ModularCG_A2_B1_profile.class
-rw-rw-r--   1 travis travis   1446 Aug  1 15:25 ModularCG_A2_B1_profile.java
-rw-rw-r--   1 travis travis   3925 Aug  1 15:25 ModularCG_A2_B2.class
-rw-rw-r--   1 travis travis   9730 Aug  1 15:25 ModularCG_A2_B2.java
-rw-rw-r--   1 travis travis    832 Aug  1 15:25 ModularCG_A2_B2.mk
-rw-rw-r--   1 travis travis   1318 Aug  1 15:25 ModularCG_A2_B2_profile.class
-rw-rw-r--   1 travis travis   1262 Aug  1 15:25 ModularCG_A2_B2_profile.java
-rw-rw-r--   1 travis travis   5102 Aug  1 15:25 ModularCG_A2.class
-rw-rw-r--   1 travis travis  15129 Aug  1 15:25 ModularCG_A2.java
-rw-rw-r--   1 travis travis    808 Aug  1 15:25 ModularCG_A2.mk
-rw-rw-r--   1 travis travis   1433 Aug  1 15:25 ModularCG_A2_profile.class
-rw-rw-r--   1 travis travis   1704 Aug  1 15:25 ModularCG_A2_profile.java
-rw-rw-r--   1 travis travis   1222 Aug  1 15:25 ModularCGPubSub_A1_A2_profile.java
-rw-rw-r--   1 travis travis   3724 Aug  1 15:25 ModularCodeGenTest_A1_A2.class
-rw-rw-r--   1 travis travis   9164 Aug  1 15:25 ModularCodeGenTest_A1_A2.java
-rw-rw-r--   1 travis travis   1306 Aug  1 15:25 ModularCodeGenTest_A1_A2_profile.class
-rw-rw-r--   1 travis travis   4055 Aug  1 15:25 ModularCodeGenTest_A1.class
-rw-rw-r--   1 travis travis   9968 Aug  1 15:25 ModularCodeGenTest_A1.java
-rw-rw-r--   1 travis travis    880 Aug  1 15:25 ModularCodeGenTest_A1.mk
-rw-rw-r--   1 travis travis   1352 Aug  1 15:25 ModularCodeGenTest_A1_profile.class
-rw-rw-r--   1 travis travis   1394 Aug  1 15:25 ModularCodeGenTest_A1_profile.java
drwxrwxr-x   3 travis travis  32768 Aug  1 15:24 modulation2
drwxrwxr-x 183 travis travis  12288 Aug  1 15:25 node_modules
drwxrwxr-x   3 travis travis  20480 Aug  1 15:21 PhaseUnwrap
drwxrwxr-x   3 travis travis  12288 Aug  1 15:21 ReadFile1
-rw-rw-r--   1 travis travis     11 Aug  1 15:21 ReadFile1Output.txt
-rw-rw-r--   1 travis travis  13773 Aug  1 15:24 Repeat.class
-rw-rw-r--   1 travis travis    685 Aug  1 15:24 Repeat$_fireFunction_Repeat_Repeat$__f_sL_11.class
-rw-rw-r--   1 travis travis    541 Aug  1 15:24 Repeat$_fireFunction_Repeat_Repeat$__f_sL_12.class
-rw-rw-r--   1 travis travis    541 Aug  1 15:24 Repeat$_fireFunction_Repeat_Repeat$__f_sL_13.class
-rw-rw-r--   1 travis travis    541 Aug  1 15:24 Repeat$_fireFunction_Repeat_Repeat$__f_sL_14.class
-rw-rw-r--   1 travis travis    684 Aug  1 15:24 Repeat$_fireFunction_Repeat_Repeat$__f_sL_1.class
-rw-rw-r--   1 travis travis    683 Aug  1 15:24 Repeat$_fireFunction_Repeat_Repeat$__f_sL_4.class
-rw-rw-r--   1 travis travis    539 Aug  1 15:24 Repeat$_fireFunction_Repeat_Repeat$__f_sL_9.class
-rw-rw-r--   1 travis travis    494 Aug  1 15:24 Repeat$_initialize_Repeat$__i_sL_2.class
-rw-rw-r--   1 travis travis   1281 Aug  1 15:24 Repeat.mk
-rw-rw-r--   1 travis travis    539 Aug  1 15:24 Repeat$_preinitializeMethod_Repeat$__p_sL_0.class
-rw-rw-r--   1 travis travis   1102 Aug  1 15:24 Repeat$_Repeat$_fireFunction_Repeat_AddSubtract_Repeat.class
-rw-rw-r--   1 travis travis    810 Aug  1 15:24 Repeat$_Repeat$_fireFunction_Repeat_AddSubtract_Repeat$__f_sL_0.class
-rw-rw-r--   1 travis travis    928 Aug  1 15:24 Repeat$_Repeat$_fireFunction_Repeat_AddSubtract_Repeat$__f_sL_1.class
-rw-rw-r--   1 travis travis    934 Aug  1 15:24 Repeat$_Repeat$_fireFunction_Repeat_AddSubtract_Repeat$__f_sL_2.class
-rw-rw-r--   1 travis travis    862 Aug  1 15:24 Repeat$_Repeat$_fireFunction_Repeat_AddSubtract_Repeat$__f_sL_3.class
-rw-rw-r--   1 travis travis    757 Aug  1 15:24 Repeat$_Repeat$_fireFunction_Repeat_Ramp2_Repeat$__f_sL_0.class
-rw-rw-r--   1 travis travis    888 Aug  1 15:24 Repeat$_Repeat$_fireFunction_Repeat_Test_Repeat$__f_sL_0.class
-rw-rw-r--   1 travis travis    634 Aug  1 15:24 Repeat$_Repeat$_fireFunction_Repeat_Test_Repeat$__f_sL_1.class
-rw-rw-r--   1 travis travis    704 Aug  1 15:24 Repeat$_Repeat_SDF_Director_run_Repeat$__R_sL_0.class
-rw-rw-r--   1 travis travis    705 Aug  1 15:24 Repeat$_Repeat_SDF_Director_run_Repeat$__R_sL_11.class
-rw-rw-r--   1 travis travis    561 Aug  1 15:24 Repeat$_Repeat_SDF_Director_run_Repeat$__R_sL_13.class
-rw-rw-r--   1 travis travis    559 Aug  1 15:24 Repeat$_Repeat_SDF_Director_run_Repeat$__R_sL_2.class
-rw-rw-r--   1 travis travis    703 Aug  1 15:24 Repeat$_Repeat_SDF_Director_run_Repeat$__R_sL_3.class
-rw-rw-r--   1 travis travis    559 Aug  1 15:24 Repeat$_Repeat_SDF_Director_run_Repeat$__R_sL_5.class
-rw-rw-r--   1 travis travis    559 Aug  1 15:24 Repeat$_Repeat_SDF_Director_run_Repeat$__R_sL_8.class
drwxrwxr-x   2 travis travis   4096 Aug  1 15:24 RepeatVariables
-rw-rw-r--   1 travis travis    882 Aug  1 15:24 Repeat$_varinit_Repeat.class
-rw-rw-r--   1 travis travis    550 Aug  1 15:24 Repeat$_varinit_Repeat$__v_sL_2.class
-rw-rw-r--   1 travis travis    924 Aug  1 15:24 Repeat$_varinit_Repeat$__v_sL_4.class
-rw-rw-r--   1 travis travis    978 Aug  1 15:24 Repeat$_wrapup_Repeat$__w_sL_1.class
drwxrwxr-x   3 travis travis  20480 Aug  1 15:21 Sinewave
drwxrwxr-x   3 travis travis  32768 Aug  1 15:23 StringFunction
drwxrwxr-x   3 travis travis  12288 Aug  1 15:23 StringLength
drwxrwxr-x   3 travis travis  61440 Aug  1 15:23 StringMatches2
drwxrwxr-x   3 travis travis  61440 Aug  1 15:23 StringSimpleReplace
drwxrwxr-x   3 travis travis  65536 Aug  1 15:23 StringSubstring
drwxrwxr-x   3 travis travis  24576 Aug  1 15:24 StringSubstring2
drwxrwxr-x   3 travis travis  16384 Aug  1 15:24 time1
drwxrwxr-x   3 travis travis  12288 Aug  1 15:24 time5
-rw-rw-r--   1 travis travis    432 Aug  1 15:25 Token.class
-rw-rw-r--   1 travis travis    251 Aug  1 15:25 Token.java
-rwxrwxr-x   1 travis travis 466992 Aug  1 15:18 top
-rw-rw-r--   1 travis travis  20502 Aug  1 15:18 top.c
-rw-rw-r--   1 travis travis   3799 Aug  1 15:24 top.class
-rw-rw-r--   1 travis travis   1257 Aug  1 15:24 top.mk
All Done
Writing ModularCGPubSub_A1_A2.java in file:/home/travis/cg/ (9076 characters)
Reading "ptolemy/cg/kernel/generic/program/procedural/java/modular/makefile.in",
    writing "/home/travis/cg/ModularCGPubSub_A1_A2.mk"
Using ptolemy/cg/kernel/generic/program/procedural/java/modular/makefile.in
In "/home/travis/cg", about to execute:
    make -f ModularCGPubSub_A1_A2.mk
javac -classpath ".:.."    ModularCGPubSub_A1_A2.java
All Done
In "/home/travis/cg", about to execute:
    pwd
/home/travis/cg
In "/home/travis/cg", about to execute:
    ls -l
total 1608
drwxrwxr-x   3 travis travis  12288 Aug  1 15:20 AbsoluteValue
drwxrwxr-x   3 travis travis 102400 Aug  1 15:19 AllColt
drwxrwxr-x   3 travis travis  12288 Aug  1 15:19 Case1
-rw-rw-r--   1 travis travis   5128 Aug  1 15:25 CompiledCompositeActor_CompiledCompositeActor.class
-rw-rw-r--   1 travis travis   1611 Aug  1 15:25 CompiledCompositeActor_CompiledCompositeActor$_CompiledCompositeActor_CompiledCompositeActor.class
-rw-rw-r--   1 travis travis  13466 Aug  1 15:25 CompiledCompositeActor_CompiledCompositeActor.java
-rw-rw-r--   1 travis travis   1593 Aug  1 15:25 CompiledCompositeActor_CompiledCompositeActor.mk
drwxrwxr-x   5 travis travis   4096 Aug  1 15:18 fmi
drwxrwxr-x   3 travis travis  16384 Aug  1 15:20 Gaussian2
-rw-rw-r--   1 travis travis   4684 Aug  1 15:25 JavaCompiledCompositeTest1_CompiledCompositeActor.class
-rw-rw-r--   1 travis travis  11637 Aug  1 15:25 JavaCompiledCompositeTest1_CompiledCompositeActor.java
-rw-rw-r--   1 travis travis   1217 Aug  1 15:25 JavaCompiledCompositeTest1_CompiledCompositeActor$_JavaCompiledCompositeTest1_CompiledCompositeActor.class
-rw-rw-r--   1 travis travis   1625 Aug  1 15:25 JavaCompiledCompositeTest1_CompiledCompositeActor.mk
-rw-rw-r--   1 travis travis   5115 Aug  1 15:25 JavaCompiledCompositeTest2_CompiledCompositeActor.class
-rw-rw-r--   1 travis travis  14919 Aug  1 15:25 JavaCompiledCompositeTest2_CompiledCompositeActor.java
-rw-rw-r--   1 travis travis   1812 Aug  1 15:25 JavaCompiledCompositeTest2_CompiledCompositeActor$_JavaCompiledCompositeTest2_CompiledCompositeActor.class
-rw-rw-r--   1 travis travis   1625 Aug  1 15:25 JavaCompiledCompositeTest2_CompiledCompositeActor.mk
-rw-rw-r--   1 travis travis   4732 Aug  1 15:25 JavaCompiledCompositeTest3_CompiledCompositeActor.class
-rw-rw-r--   1 travis travis  13080 Aug  1 15:25 JavaCompiledCompositeTest3_CompiledCompositeActor.java
-rw-rw-r--   1 travis travis   1397 Aug  1 15:25 JavaCompiledCompositeTest3_CompiledCompositeActor$_JavaCompiledCompositeTest3_CompiledCompositeActor.class
-rw-rw-r--   1 travis travis   1625 Aug  1 15:25 JavaCompiledCompositeTest3_CompiledCompositeActor.mk
-rw-rw-r--   1 travis travis   4183 Aug  1 15:25 JavaCompiledCompositeTest4_CompiledCompositeActor.class
-rw-rw-r--   1 travis travis   9687 Aug  1 15:25 JavaCompiledCompositeTest4_CompiledCompositeActor.java
-rw-rw-r--   1 travis travis    876 Aug  1 15:25 JavaCompiledCompositeTest4_CompiledCompositeActor$_JavaCompiledCompositeTest4_CompiledCompositeActor.class
-rw-rw-r--   1 travis travis   1625 Aug  1 15:25 JavaCompiledCompositeTest4_CompiledCompositeActor.mk
drwxrwxr-x   3 travis travis  12288 Aug  1 15:20 LookupTable
drwxrwxr-x   3 travis travis  20480 Aug  1 15:20 MaxIndex
-rw-rw-r--   1 travis travis   3925 Aug  1 15:25 ModularCG_A1_B1.class
-rw-rw-r--   1 travis travis   9730 Aug  1 15:25 ModularCG_A1_B1.java
-rw-rw-r--   1 travis travis    832 Aug  1 15:25 ModularCG_A1_B1.mk
-rw-rw-r--   1 travis travis   1318 Aug  1 15:25 ModularCG_A1_B1_profile.class
-rw-rw-r--   1 travis travis   1262 Aug  1 15:25 ModularCG_A1_B1_profile.java
-rw-rw-r--   1 travis travis   3925 Aug  1 15:25 ModularCG_A1_B2.class
-rw-rw-r--   1 travis travis   9730 Aug  1 15:25 ModularCG_A1_B2.java
-rw-rw-r--   1 travis travis    832 Aug  1 15:25 ModularCG_A1_B2.mk
-rw-rw-r--   1 travis travis   1318 Aug  1 15:25 ModularCG_A1_B2_profile.class
-rw-rw-r--   1 travis travis   1262 Aug  1 15:25 ModularCG_A1_B2_profile.java
-rw-rw-r--   1 travis travis   5031 Aug  1 15:25 ModularCG_A1.class
-rw-rw-r--   1 travis travis  14742 Aug  1 15:25 ModularCG_A1.java
-rw-rw-r--   1 travis travis    808 Aug  1 15:25 ModularCG_A1.mk
-rw-rw-r--   1 travis travis   1433 Aug  1 15:25 ModularCG_A1_profile.class
-rw-rw-r--   1 travis travis   1704 Aug  1 15:25 ModularCG_A1_profile.java
-rw-rw-r--   1 travis travis   4059 Aug  1 15:25 ModularCG_A2_B1.class
-rw-rw-r--   1 travis travis  10667 Aug  1 15:25 ModularCG_A2_B1.java
-rw-rw-r--   1 travis travis    832 Aug  1 15:25 ModularCG_A2_B1.mk
-rw-rw-r--   1 travis travis   1381 Aug  1 15:25 ModularCG_A2_B1_profile.class
-rw-rw-r--   1 travis travis   1446 Aug  1 15:25 ModularCG_A2_B1_profile.java
-rw-rw-r--   1 travis travis   3925 Aug  1 15:25 ModularCG_A2_B2.class
-rw-rw-r--   1 travis travis   9730 Aug  1 15:25 ModularCG_A2_B2.java
-rw-rw-r--   1 travis travis    832 Aug  1 15:25 ModularCG_A2_B2.mk
-rw-rw-r--   1 travis travis   1318 Aug  1 15:25 ModularCG_A2_B2_profile.class
-rw-rw-r--   1 travis travis   1262 Aug  1 15:25 ModularCG_A2_B2_profile.java
-rw-rw-r--   1 travis travis   5102 Aug  1 15:25 ModularCG_A2.class
-rw-rw-r--   1 travis travis  15129 Aug  1 15:25 ModularCG_A2.java
-rw-rw-r--   1 travis travis    808 Aug  1 15:25 ModularCG_A2.mk
-rw-rw-r--   1 travis travis   1433 Aug  1 15:25 ModularCG_A2_profile.class
-rw-rw-r--   1 travis travis   1704 Aug  1 15:25 ModularCG_A2_profile.java
-rw-rw-r--   1 travis travis   3705 Aug  1 15:25 ModularCGPubSub_A1_A2.class
-rw-rw-r--   1 travis travis   9076 Aug  1 15:25 ModularCGPubSub_A1_A2.java
-rw-rw-r--   1 travis travis    880 Aug  1 15:25 ModularCGPubSub_A1_A2.mk
-rw-rw-r--   1 travis travis   1300 Aug  1 15:25 ModularCGPubSub_A1_A2_profile.class
-rw-rw-r--   1 travis travis   1222 Aug  1 15:25 ModularCGPubSub_A1_A2_profile.java
-rw-rw-r--   1 travis travis   1388 Aug  1 15:25 ModularCGPubSub_A1_profile.java
-rw-rw-r--   1 travis travis   3724 Aug  1 15:25 ModularCodeGenTest_A1_A2.class
-rw-rw-r--   1 travis travis   9164 Aug  1 15:25 ModularCodeGenTest_A1_A2.java
-rw-rw-r--   1 travis travis   1306 Aug  1 15:25 ModularCodeGenTest_A1_A2_profile.class
-rw-rw-r--   1 travis travis   4055 Aug  1 15:25 ModularCodeGenTest_A1.class
-rw-rw-r--   1 travis travis   9968 Aug  1 15:25 ModularCodeGenTest_A1.java
-rw-rw-r--   1 travis travis    880 Aug  1 15:25 ModularCodeGenTest_A1.mk
-rw-rw-r--   1 travis travis   1352 Aug  1 15:25 ModularCodeGenTest_A1_profile.class
-rw-rw-r--   1 travis travis   1394 Aug  1 15:25 ModularCodeGenTest_A1_profile.java
drwxrwxr-x   3 travis travis  32768 Aug  1 15:24 modulation2
drwxrwxr-x 183 travis travis  12288 Aug  1 15:25 node_modules
drwxrwxr-x   3 travis travis  20480 Aug  1 15:21 PhaseUnwrap
drwxrwxr-x   3 travis travis  12288 Aug  1 15:21 ReadFile1
-rw-rw-r--   1 travis travis     11 Aug  1 15:21 ReadFile1Output.txt
-rw-rw-r--   1 travis travis  13773 Aug  1 15:24 Repeat.class
-rw-rw-r--   1 travis travis    685 Aug  1 15:24 Repeat$_fireFunction_Repeat_Repeat$__f_sL_11.class
-rw-rw-r--   1 travis travis    541 Aug  1 15:24 Repeat$_fireFunction_Repeat_Repeat$__f_sL_12.class
-rw-rw-r--   1 travis travis    541 Aug  1 15:24 Repeat$_fireFunction_Repeat_Repeat$__f_sL_13.class
-rw-rw-r--   1 travis travis    541 Aug  1 15:24 Repeat$_fireFunction_Repeat_Repeat$__f_sL_14.class
-rw-rw-r--   1 travis travis    684 Aug  1 15:24 Repeat$_fireFunction_Repeat_Repeat$__f_sL_1.class
-rw-rw-r--   1 travis travis    683 Aug  1 15:24 Repeat$_fireFunction_Repeat_Repeat$__f_sL_4.class
-rw-rw-r--   1 travis travis    539 Aug  1 15:24 Repeat$_fireFunction_Repeat_Repeat$__f_sL_9.class
-rw-rw-r--   1 travis travis    494 Aug  1 15:24 Repeat$_initialize_Repeat$__i_sL_2.class
-rw-rw-r--   1 travis travis   1281 Aug  1 15:24 Repeat.mk
-rw-rw-r--   1 travis travis    539 Aug  1 15:24 Repeat$_preinitializeMethod_Repeat$__p_sL_0.class
-rw-rw-r--   1 travis travis   1102 Aug  1 15:24 Repeat$_Repeat$_fireFunction_Repeat_AddSubtract_Repeat.class
In "/home/travis/cg", about to execute:
-rw-rw-r--   1 travis travis    810 Aug  1 15:24 Repeat$_Repeat$_fireFunction_Repeat_AddSubtract_Repeat$__f_sL_0.class
-rw-rw-r--   1 travis travis    928 Aug  1 15:24 Repeat$_Repeat$_fireFunction_Repeat_AddSubtract_Repeat$__f_sL_1.class
-rw-rw-r--   1 travis travis    934 Aug  1 15:24 Repeat$_Repeat$_fireFunction_Repeat_AddSubtract_Repeat$__f_sL_2.class
-rw-rw-r--   1 travis travis    862 Aug  1 15:24 Repeat$_Repeat$_fireFunction_Repeat_AddSubtract_Repeat$__f_sL_3.class
-rw-rw-r--   1 travis travis    757 Aug  1 15:24 Repeat$_Repeat$_fireFunction_Repeat_Ramp2_Repeat$__f_sL_0.class
-rw-rw-r--   1 travis travis    888 Aug  1 15:24 Repeat$_Repeat$_fireFunction_Repeat_Test_Repeat$__f_sL_0.class
-rw-rw-r--   1 travis travis    634 Aug  1 15:24 Repeat$_Repeat$_fireFunction_Repeat_Test_Repeat$__f_sL_1.class
-rw-rw-r--   1 travis travis    704 Aug  1 15:24 Repeat$_Repeat_SDF_Director_run_Repeat$__R_sL_0.class
-rw-rw-r--   1 travis travis    705 Aug  1 15:24 Repeat$_Repeat_SDF_Director_run_Repeat$__R_sL_11.class
-rw-rw-r--   1 travis travis    561 Aug  1 15:24 Repeat$_Repeat_SDF_Director_run_Repeat$__R_sL_13.class
-rw-rw-r--   1 travis travis    559 Aug  1 15:24 Repeat$_Repeat_SDF_Director_run_Repeat$__R_sL_2.class
-rw-rw-r--   1 travis travis    703 Aug  1 15:24 Repeat$_Repeat_SDF_Director_run_Repeat$__R_sL_3.class
-rw-rw-r--   1 travis travis    559 Aug  1 15:24 Repeat$_Repeat_SDF_Director_run_Repeat$__R_sL_5.class
-rw-rw-r--   1 travis travis    559 Aug  1 15:24 Repeat$_Repeat_SDF_Director_run_Repeat$__R_sL_8.class
drwxrwxr-x   2 travis travis   4096 Aug  1 15:24 RepeatVariables
-rw-rw-r--   1 travis travis    882 Aug  1 15:24 Repeat$_varinit_Repeat.class
    javac -classpath
.:/home/travis/build/icyphy/ptII:/home/travis/build/icyphy/ptII/lib/bsh-2.0b4.j
ar:/home/travis/build/icyphy/ptII/lib/ptCal.jar:/home/travis/build/icyphy/ptII/
lib/java_cup.jar:/home/travis/build/icyphy/ptII/lib/saxon8.jar:/home/travis/bui
ld/icyphy/ptII/lib/saxon8-dom.jar:/home/travis/build/icyphy/ptII/lib/chic.jar:/
home/travis/build/icyphy/ptII/lib/ptcolt.jar:/home/travis/build/icyphy/ptII/ven
dors/misc/itext/iText.jar:/home/travis/build/icyphy/ptII/lib/g4ltl.jar:/home/tr
avis/build/icyphy/ptII/lib/StructuralCoder.jar:/home/travis/build/icyphy/ptII/l
ib/jcerti.jar:/home/travis/build/icyphy/ptII/lib/javax.mail.jar:/home/travis/bu
ild/icyphy/ptII/vendors/JMF-2.1.1e/lib/jmf.jar:/home/travis/build/icyphy/ptII/l
ib/jna-4.0.0-variadic.jar:/home/travis/build/icyphy/ptII/vendors/misc/joystick/
Joystick.jar:/home/travis/build/icyphy/ptII/lib/ptjacl.jar:/home/travis/build/i
cyphy/ptII/lib/jsoup-1.8.2.jar:/home/travis/build/icyphy/ptII/lib/junit-4.8.2.j
ar:/home/travis/build/icyphy/ptII/lib/JUnitParams-0.4.0.jar:/home/travis/build/
icyphy/ptII/ptolemy/actor/lib/excel/jxl.jar:/home/travis/build/icyphy/ptII/lib/
jython.jar:/home/travis/build/icyphy/ptII/lib/kieler.jar:/home/travis/build/icy
phy/ptII/vendors/opencv/share/OpenCV/java/opencv-341.jar:/home/travis/build/icy
phy/ptII/lib/oscP5.jar:/home/travis/build/icyphy/ptII/lib/nrjavaserial-3.11.0.d
evel.jar:/home/travis/build/icyphy/ptII/vendors/j3d/lib/Linux/j3dcore.jar:/home
/travis/build/icyphy/ptII/vendors/j3d/lib/Linux/j3dutils.jar:/home/travis/build
/icyphy/ptII/vendors/j3d/lib/Linux/vecmath.jar:/home/travis/build/icyphy/ptII/v
endors/jogl/lib/Linux/gluegen-rt-natives-linux-amd64.jar:/home/travis/build/icy
phy/ptII/vendors/jogl/lib/Linux/gluegen-rt.jar:/home/travis/build/icyphy/ptII/v
endors/jogl/lib/Linux/jogl-all-natives-linux-amd64.jar:/home/travis/build/icyph
y/ptII/vendors/jogl/lib/Linux/jogl-all.jar:/home/travis/build/icyphy/ptII/ptole
my/distributed/jini/jar/jini-core.jar:/home/travis/build/icyphy/ptII/ptolemy/di
stributed/jini/jar/jini-ext.jar:/home/travis/build/icyphy/ptII/ptolemy/distribu
ted/jini/jar/sun-util.jar:/home/travis/build/icyphy/ptII/lib/protobuf-java-2.4.
1.jar:/home/travis/build/icyphy/ptII/lib/org.eclipse.paho.client.mqttv3.jar:/ho
me/travis/build/icyphy/ptII/lib/mapss.jar:/home/travis/build/icyphy/ptII/ptolem
y/actor/ptalon/antlr/antlr.jar:/home/travis/build/icyphy/ptII/lib/JRI.jar:/home
/travis/build/icyphy/ptII/lib/commons-lang-2.6.jar:/home/travis/build/icyphy/pt
II/lib/commons-logging-1.1.1.jar:/home/travis/build/icyphy/ptII/lib/sootclasses
.jar:/home/travis/build/icyphy/ptII/ptolemy/actor/lib/database/mysql-connector-
java-5.1.6-bin.jar:/home/travis/build/icyphy/ptII/vendors/misc/sphinx4/sphinx4-
data-5prealpha.jar:/home/travis/build/icyphy/ptII/vendors/misc/sphinx4/sphinx4-
core-5prealpha.jar:/home/travis/build/icyphy/ptII/lib/PDFRenderer.jar:/home/tra
vis/build/icyphy/ptII/lib/svgSalamander.jar:/home/travis/build/icyphy/ptII/lib/
rsyntaxtextarea-2.6.0-SNAPSHOT.jar:/home/travis/build/icyphy/ptII/lib/hazelcast
-3.8.2.jar:/home/travis/build/icyphy/ptII/lib/jackson-annotations-2.9.0.jar:/ho
me/travis/build/icyphy/ptII/lib/jackson-core-2.9.3.jar:/home/travis/build/icyph
y/ptII/lib/jackson-databind-2.9.3.jar:/home/travis/build/icyphy/ptII/lib/netty-
buffer-4.1.19.Final.jar:/home/travis/build/icyphy/ptII/lib/netty-codec-4.1.19.F
inal.jar:/home/travis/build/icyphy/ptII/lib/netty-codec-dns-4.1.19.Final.jar:/h
ome/travis/build/icyphy/ptII/lib/netty-codec-http-4.1.19.Final.jar:/home/travis
/build/icyphy/ptII/lib/netty-codec-http2-4.1.19.Final.jar:/home/travis/build/ic
yphy/ptII/lib/netty-common-4.1.19.Final.jar:/home/travis/build/icyphy/ptII/lib/
netty-handler-4.1.19.Final.jar:/home/travis/build/icyphy/ptII/lib/netty-resolve
r-4.1.19.Final.jar:/home/travis/build/icyphy/ptII/lib/netty-resolver-dns-4.1.19
.Final.jar:/home/travis/build/icyphy/ptII/lib/netty-transport-4.1.19.Final.jar:
/home/travis/build/icyphy/ptII/lib/vertx-codegen-3.5.1.jar:/home/travis/build/i
cyphy/ptII/lib/vertx-core-3.5.2-SNAPSHOT.jar:/home/travis/build/icyphy/ptII/lib
/vertx-hazelcast-3.5.1.jar:/home/travis/build/icyphy/ptII/lib/vertx-lang-js-3.5
.1.jar:/home/travis/build/icyphy/ptII/lib/vertx-service-proxy-3.5.1.jar:/home/t
ravis/build/icyphy/ptII/lib/vertx-web-3.5.1.jar:/home/travis/build/icyphy/ptII/
lib/slf4j-api-1.7.13.jar:/home/travis/build/icyphy/ptII/lib/slf4j-simple-1.7.13
.jar:/home/travis/build/icyphy/ptII/lib/webcam-capture-0.3.12.jar:/home/travis/
build/icyphy/ptII/lib/bridj-0.7.0.jar:/home/travis/build/icyphy/ptII/lib/xbjlib
-1.1.0.nrjavaserial.jar:/home/travis/build/icyphy/ptII/ptolemy/moml/test:/home/
travis/build/icyphy/ptII/ant/lib/ant-launcher.jar:/home/travis/build/icyphy/ptI
I/ant/lib/ant.jar:/home/travis/build/icyphy/ptII/ant/lib/ant-junit.jar:/home/tr
avis/build/icyphy/ptII/ant/lib/ant-junit4.jar:/home/travis/build/icyphy/ptII
ModularCGPubSub_A1_profile.java
-rw-rw-r--   1 travis travis    550 Aug  1 15:24 Repeat$_varinit_Repeat$__v_sL_2.class
-rw-rw-r--   1 travis travis    924 Aug  1 15:24 Repeat$_varinit_Repeat$__v_sL_4.class
-rw-rw-r--   1 travis travis    978 Aug  1 15:24 Repeat$_wrapup_Repeat$__w_sL_1.class
drwxrwxr-x   3 travis travis  20480 Aug  1 15:21 Sinewave
drwxrwxr-x   3 travis travis  32768 Aug  1 15:23 StringFunction
drwxrwxr-x   3 travis travis  12288 Aug  1 15:23 StringLength
drwxrwxr-x   3 travis travis  61440 Aug  1 15:23 StringMatches2
drwxrwxr-x   3 travis travis  61440 Aug  1 15:23 StringSimpleReplace
drwxrwxr-x   3 travis travis  65536 Aug  1 15:23 StringSubstring
drwxrwxr-x   3 travis travis  24576 Aug  1 15:24 StringSubstring2
drwxrwxr-x   3 travis travis  16384 Aug  1 15:24 time1
drwxrwxr-x   3 travis travis  12288 Aug  1 15:24 time5
-rw-rw-r--   1 travis travis    432 Aug  1 15:25 Token.class
-rw-rw-r--   1 travis travis    251 Aug  1 15:25 Token.java
-rwxrwxr-x   1 travis travis 466992 Aug  1 15:18 top
-rw-rw-r--   1 travis travis  20502 Aug  1 15:18 top.c
-rw-rw-r--   1 travis travis   3799 Aug  1 15:24 top.class
-rw-rw-r--   1 travis travis   1257 Aug  1 15:24 top.mk
All Done
Writing ModularCGPubSub_A1.java in file:/home/travis/cg/ (9836 characters)
Reading "ptolemy/cg/kernel/generic/program/procedural/java/modular/makefile.in",
    writing "/home/travis/cg/ModularCGPubSub_A1.mk"
Using ptolemy/cg/kernel/generic/program/procedural/java/modular/makefile.in
In "/home/travis/cg", about to execute:
    make -f ModularCGPubSub_A1.mk
javac -classpath ".:.."    ModularCGPubSub_A1.java
All Done
5419 ms. Memory: 129024K Free: 79671K (62%)
----------------- Invoking toplevel() on ptolemy.moml.MoMLSimpleApplication@2bde1d9d
----------------- Done invoking toplevel() on ptolemy.moml.MoMLSimpleApplication@2bde1d9d
reloadAllAccessors: .ModularCGPubSub

===========================================================================================
----------------- testing Sat Aug 01 15:25:49 UTC 2020 /home/travis/build/icyphy/ptII/ptolemy/cg/lib/test/auto/ModularCodeGen.xml
----------------- Instantiating /home/travis/build/icyphy/ptII/ptolemy/cg/lib/test/auto/ModularCodeGen.xml
In "/home/travis/cg", about to execute:
    pwd
In "/home/travis/cg", about to execute:
    ls -l
/home/travis/cg
In "/home/travis/cg", about to execute:
    javac -classpath
.:/home/travis/build/icyphy/ptII:/home/travis/build/icyphy/ptII/lib/bsh-2.0b4.j
ar:/home/travis/build/icyphy/ptII/lib/ptCal.jar:/home/travis/build/icyphy/ptII/
lib/java_cup.jar:/home/travis/build/icyphy/ptII/lib/saxon8.jar:/home/travis/bui
ld/icyphy/ptII/lib/saxon8-dom.jar:/home/travis/build/icyphy/ptII/lib/chic.jar:/
home/travis/build/icyphy/ptII/lib/ptcolt.jar:/home/travis/build/icyphy/ptII/ven
dors/misc/itext/iText.jar:/home/travis/build/icyphy/ptII/lib/g4ltl.jar:/home/tr
avis/build/icyphy/ptII/lib/StructuralCoder.jar:/home/travis/build/icyphy/ptII/l
ib/jcerti.jar:/home/travis/build/icyphy/ptII/lib/javax.mail.jar:/home/travis/bu
ild/icyphy/ptII/vendors/JMF-2.1.1e/lib/jmf.jar:/home/travis/build/icyphy/ptII/l
ib/jna-4.0.0-variadic.jar:/home/travis/build/icyphy/ptII/vendors/misc/joystick/
Joystick.jar:/home/travis/build/icyphy/ptII/lib/ptjacl.jar:/home/travis/build/i
cyphy/ptII/lib/jsoup-1.8.2.jar:/home/travis/build/icyphy/ptII/lib/junit-4.8.2.j
ar:/home/travis/build/icyphy/ptII/lib/JUnitParams-0.4.0.jar:/home/travis/build/
icyphy/ptII/ptolemy/actor/lib/excel/jxl.jar:/home/travis/build/icyphy/ptII/lib/
jython.jar:/home/travis/build/icyphy/ptII/lib/kieler.jar:/home/travis/build/icy
phy/ptII/vendors/opencv/share/OpenCV/java/opencv-341.jar:/home/travis/build/icy
phy/ptII/lib/oscP5.jar:/home/travis/build/icyphy/ptII/lib/nrjavaserial-3.11.0.d
evel.jar:/home/travis/build/icyphy/ptII/vendors/j3d/lib/Linux/j3dcore.jar:/home
/travis/build/icyphy/ptII/vendors/j3d/lib/Linux/j3dutils.jar:/home/travis/build
/icyphy/ptII/vendors/j3d/lib/Linux/vecmath.jar:/home/travis/build/icyphy/ptII/v
endors/jogl/lib/Linux/gluegen-rt-natives-linux-amd64.jar:/home/travis/build/icy
phy/ptII/vendors/jogl/lib/Linux/gluegen-rt.jar:/home/travis/build/icyphy/ptII/v
endors/jogl/lib/Linux/jogl-all-natives-linux-amd64.jar:/home/travis/build/icyph
y/ptII/vendors/jogl/lib/Linux/jogl-all.jar:/home/travis/build/icyphy/ptII/ptole
my/distributed/jini/jar/jini-core.jar:/home/travis/build/icyphy/ptII/ptolemy/di
stributed/jini/jar/jini-ext.jar:/home/travis/build/icyphy/ptII/ptolemy/distribu
ted/jini/jar/sun-util.jar:/home/travis/build/icyphy/ptII/lib/protobuf-java-2.4.
1.jar:/home/travis/build/icyphy/ptII/lib/org.eclipse.paho.client.mqttv3.jar:/ho
me/travis/build/icyphy/ptII/lib/mapss.jar:/home/travis/build/icyphy/ptII/ptolem
y/actor/ptalon/antlr/antlr.jar:/home/travis/build/icyphy/ptII/lib/JRI.jar:/home
/travis/build/icyphy/ptII/lib/commons-lang-2.6.jar:/home/travis/build/icyphy/pt
II/lib/commons-logging-1.1.1.jar:/home/travis/build/icyphy/ptII/lib/sootclasses
.jar:/home/travis/build/icyphy/ptII/ptolemy/actor/lib/database/mysql-connector-
java-5.1.6-bin.jar:/home/travis/build/icyphy/ptII/vendors/misc/sphinx4/sphinx4-
data-5prealpha.jar:/home/travis/build/icyphy/ptII/vendors/misc/sphinx4/sphinx4-
core-5prealpha.jar:/home/travis/build/icyphy/ptII/lib/PDFRenderer.jar:/home/tra
vis/build/icyphy/ptII/lib/svgSalamander.jar:/home/travis/build/icyphy/ptII/lib/
rsyntaxtextarea-2.6.0-SNAPSHOT.jar:/home/travis/build/icyphy/ptII/lib/hazelcast
-3.8.2.jar:/home/travis/build/icyphy/ptII/lib/jackson-annotations-2.9.0.jar:/ho
me/travis/build/icyphy/ptII/lib/jackson-core-2.9.3.jar:/home/travis/build/icyph
y/ptII/lib/jackson-databind-2.9.3.jar:/home/travis/build/icyphy/ptII/lib/netty-
buffer-4.1.19.Final.jar:/home/travis/build/icyphy/ptII/lib/netty-codec-4.1.19.F
inal.jar:/home/travis/build/icyphy/ptII/lib/netty-codec-dns-4.1.19.Final.jar:/h
ome/travis/build/icyphy/ptII/lib/netty-codec-http-4.1.19.Final.jar:/home/travis
/build/icyphy/ptII/lib/netty-codec-http2-4.1.19.Final.jar:/home/travis/build/ic
yphy/ptII/lib/netty-common-4.1.19.Final.jar:/home/travis/build/icyphy/ptII/lib/
netty-handler-4.1.19.Final.jar:/home/travis/build/icyphy/ptII/lib/netty-resolve
r-4.1.19.Final.jar:/home/travis/build/icyphy/ptII/lib/netty-resolver-dns-4.1.19
.Final.jar:/home/travis/build/icyphy/ptII/lib/netty-transport-4.1.19.Final.jar:
/home/travis/build/icyphy/ptII/lib/vertx-codegen-3.5.1.jar:/home/travis/build/i
cyphy/ptII/lib/vertx-core-3.5.2-SNAPSHOT.jar:/home/travis/build/icyphy/ptII/lib
/vertx-hazelcast-3.5.1.jar:/home/travis/build/icyphy/ptII/lib/vertx-lang-js-3.5
.1.jar:/home/travis/build/icyphy/ptII/lib/vertx-service-proxy-3.5.1.jar:/home/t
ravis/build/icyphy/ptII/lib/vertx-web-3.5.1.jar:/home/travis/build/icyphy/ptII/
lib/slf4j-api-1.7.13.jar:/home/travis/build/icyphy/ptII/lib/slf4j-simple-1.7.13
.jar:/home/travis/build/icyphy/ptII/lib/webcam-capture-0.3.12.jar:/home/travis/
build/icyphy/ptII/lib/bridj-0.7.0.jar:/home/travis/build/icyphy/ptII/lib/xbjlib
-1.1.0.nrjavaserial.jar:/home/travis/build/icyphy/ptII/ptolemy/moml/test:/home/
travis/build/icyphy/ptII/ant/lib/ant-launcher.jar:/home/travis/build/icyphy/ptI
I/ant/lib/ant.jar:/home/travis/build/icyphy/ptII/ant/lib/ant-junit.jar:/home/tr
avis/build/icyphy/ptII/ant/lib/ant-junit4.jar:/home/travis/build/icyphy/ptII
ModularCodeGen_ModularCodeGenTypedCompositeActor_profile.java
total 1636
drwxrwxr-x   3 travis travis  12288 Aug  1 15:20 AbsoluteValue
drwxrwxr-x   3 travis travis 102400 Aug  1 15:19 AllColt
drwxrwxr-x   3 travis travis  12288 Aug  1 15:19 Case1
-rw-rw-r--   1 travis travis   5128 Aug  1 15:25 CompiledCompositeActor_CompiledCompositeActor.class
-rw-rw-r--   1 travis travis   1611 Aug  1 15:25 CompiledCompositeActor_CompiledCompositeActor$_CompiledCompositeActor_CompiledCompositeActor.class
-rw-rw-r--   1 travis travis  13466 Aug  1 15:25 CompiledCompositeActor_CompiledCompositeActor.java
-rw-rw-r--   1 travis travis   1593 Aug  1 15:25 CompiledCompositeActor_CompiledCompositeActor.mk
drwxrwxr-x   5 travis travis   4096 Aug  1 15:18 fmi
drwxrwxr-x   3 travis travis  16384 Aug  1 15:20 Gaussian2
-rw-rw-r--   1 travis travis   4684 Aug  1 15:25 JavaCompiledCompositeTest1_CompiledCompositeActor.class
-rw-rw-r--   1 travis travis  11637 Aug  1 15:25 JavaCompiledCompositeTest1_CompiledCompositeActor.java
-rw-rw-r--   1 travis travis   1217 Aug  1 15:25 JavaCompiledCompositeTest1_CompiledCompositeActor$_JavaCompiledCompositeTest1_CompiledCompositeActor.class
-rw-rw-r--   1 travis travis   1625 Aug  1 15:25 JavaCompiledCompositeTest1_CompiledCompositeActor.mk
-rw-rw-r--   1 travis travis   5115 Aug  1 15:25 JavaCompiledCompositeTest2_CompiledCompositeActor.class
-rw-rw-r--   1 travis travis  14919 Aug  1 15:25 JavaCompiledCompositeTest2_CompiledCompositeActor.java
-rw-rw-r--   1 travis travis   1812 Aug  1 15:25 JavaCompiledCompositeTest2_CompiledCompositeActor$_JavaCompiledCompositeTest2_CompiledCompositeActor.class
-rw-rw-r--   1 travis travis   1625 Aug  1 15:25 JavaCompiledCompositeTest2_CompiledCompositeActor.mk
-rw-rw-r--   1 travis travis   4732 Aug  1 15:25 JavaCompiledCompositeTest3_CompiledCompositeActor.class
-rw-rw-r--   1 travis travis  13080 Aug  1 15:25 JavaCompiledCompositeTest3_CompiledCompositeActor.java
-rw-rw-r--   1 travis travis   1397 Aug  1 15:25 JavaCompiledCompositeTest3_CompiledCompositeActor$_JavaCompiledCompositeTest3_CompiledCompositeActor.class
-rw-rw-r--   1 travis travis   1625 Aug  1 15:25 JavaCompiledCompositeTest3_CompiledCompositeActor.mk
-rw-rw-r--   1 travis travis   4183 Aug  1 15:25 JavaCompiledCompositeTest4_CompiledCompositeActor.class
-rw-rw-r--   1 travis travis   9687 Aug  1 15:25 JavaCompiledCompositeTest4_CompiledCompositeActor.java
-rw-rw-r--   1 travis travis    876 Aug  1 15:25 JavaCompiledCompositeTest4_CompiledCompositeActor$_JavaCompiledCompositeTest4_CompiledCompositeActor.class
-rw-rw-r--   1 travis travis   1625 Aug  1 15:25 JavaCompiledCompositeTest4_CompiledCompositeActor.mk
drwxrwxr-x   3 travis travis  12288 Aug  1 15:20 LookupTable
drwxrwxr-x   3 travis travis  20480 Aug  1 15:20 MaxIndex
-rw-rw-r--   1 travis travis   3925 Aug  1 15:25 ModularCG_A1_B1.class
-rw-rw-r--   1 travis travis   9730 Aug  1 15:25 ModularCG_A1_B1.java
-rw-rw-r--   1 travis travis    832 Aug  1 15:25 ModularCG_A1_B1.mk
-rw-rw-r--   1 travis travis   1318 Aug  1 15:25 ModularCG_A1_B1_profile.class
-rw-rw-r--   1 travis travis   1262 Aug  1 15:25 ModularCG_A1_B1_profile.java
-rw-rw-r--   1 travis travis   3925 Aug  1 15:25 ModularCG_A1_B2.class
-rw-rw-r--   1 travis travis   9730 Aug  1 15:25 ModularCG_A1_B2.java
-rw-rw-r--   1 travis travis    832 Aug  1 15:25 ModularCG_A1_B2.mk
-rw-rw-r--   1 travis travis   1318 Aug  1 15:25 ModularCG_A1_B2_profile.class
-rw-rw-r--   1 travis travis   1262 Aug  1 15:25 ModularCG_A1_B2_profile.java
-rw-rw-r--   1 travis travis   5031 Aug  1 15:25 ModularCG_A1.class
-rw-rw-r--   1 travis travis  14742 Aug  1 15:25 ModularCG_A1.java
-rw-rw-r--   1 travis travis    808 Aug  1 15:25 ModularCG_A1.mk
-rw-rw-r--   1 travis travis   1433 Aug  1 15:25 ModularCG_A1_profile.class
-rw-rw-r--   1 travis travis   1704 Aug  1 15:25 ModularCG_A1_profile.java
-rw-rw-r--   1 travis travis   4059 Aug  1 15:25 ModularCG_A2_B1.class
-rw-rw-r--   1 travis travis  10667 Aug  1 15:25 ModularCG_A2_B1.java
-rw-rw-r--   1 travis travis    832 Aug  1 15:25 ModularCG_A2_B1.mk
-rw-rw-r--   1 travis travis   1381 Aug  1 15:25 ModularCG_A2_B1_profile.class
-rw-rw-r--   1 travis travis   1446 Aug  1 15:25 ModularCG_A2_B1_profile.java
-rw-rw-r--   1 travis travis   3925 Aug  1 15:25 ModularCG_A2_B2.class
-rw-rw-r--   1 travis travis   9730 Aug  1 15:25 ModularCG_A2_B2.java
-rw-rw-r--   1 travis travis    832 Aug  1 15:25 ModularCG_A2_B2.mk
-rw-rw-r--   1 travis travis   1318 Aug  1 15:25 ModularCG_A2_B2_profile.class
-rw-rw-r--   1 travis travis   1262 Aug  1 15:25 ModularCG_A2_B2_profile.java
-rw-rw-r--   1 travis travis   5102 Aug  1 15:25 ModularCG_A2.class
-rw-rw-r--   1 travis travis  15129 Aug  1 15:25 ModularCG_A2.java
-rw-rw-r--   1 travis travis    808 Aug  1 15:25 ModularCG_A2.mk
-rw-rw-r--   1 travis travis   1433 Aug  1 15:25 ModularCG_A2_profile.class
-rw-rw-r--   1 travis travis   1704 Aug  1 15:25 ModularCG_A2_profile.java
-rw-rw-r--   1 travis travis   3705 Aug  1 15:25 ModularCGPubSub_A1_A2.class
-rw-rw-r--   1 travis travis   9076 Aug  1 15:25 ModularCGPubSub_A1_A2.java
-rw-rw-r--   1 travis travis    880 Aug  1 15:25 ModularCGPubSub_A1_A2.mk
-rw-rw-r--   1 travis travis   1300 Aug  1 15:25 ModularCGPubSub_A1_A2_profile.class
-rw-rw-r--   1 travis travis   1222 Aug  1 15:25 ModularCGPubSub_A1_A2_profile.java
-rw-rw-r--   1 travis travis   4022 Aug  1 15:25 ModularCGPubSub_A1.class
-rw-rw-r--   1 travis travis   9836 Aug  1 15:25 ModularCGPubSub_A1.java
-rw-rw-r--   1 travis travis    856 Aug  1 15:25 ModularCGPubSub_A1.mk
-rw-rw-r--   1 travis travis   1346 Aug  1 15:25 ModularCGPubSub_A1_profile.class
-rw-rw-r--   1 travis travis   1388 Aug  1 15:25 ModularCGPubSub_A1_profile.java
-rw-rw-r--   1 travis travis   1328 Aug  1 15:25 ModularCodeGen_ModularCodeGenTypedCompositeActor_profile.java
-rw-rw-r--   1 travis travis   3724 Aug  1 15:25 ModularCodeGenTest_A1_A2.class
-rw-rw-r--   1 travis travis   9164 Aug  1 15:25 ModularCodeGenTest_A1_A2.java
-rw-rw-r--   1 travis travis   1306 Aug  1 15:25 ModularCodeGenTest_A1_A2_profile.class
-rw-rw-r--   1 travis travis   4055 Aug  1 15:25 ModularCodeGenTest_A1.class
-rw-rw-r--   1 travis travis   9968 Aug  1 15:25 ModularCodeGenTest_A1.java
-rw-rw-r--   1 travis travis    880 Aug  1 15:25 ModularCodeGenTest_A1.mk
-rw-rw-r--   1 travis travis   1352 Aug  1 15:25 ModularCodeGenTest_A1_profile.class
-rw-rw-r--   1 travis travis   1394 Aug  1 15:25 ModularCodeGenTest_A1_profile.java
drwxrwxr-x   3 travis travis  32768 Aug  1 15:24 modulation2
drwxrwxr-x 183 travis travis  12288 Aug  1 15:25 node_modules
drwxrwxr-x   3 travis travis  20480 Aug  1 15:21 PhaseUnwrap
drwxrwxr-x   3 travis travis  12288 Aug  1 15:21 ReadFile1
-rw-rw-r--   1 travis travis     11 Aug  1 15:21 ReadFile1Output.txt
-rw-rw-r--   1 travis travis  13773 Aug  1 15:24 Repeat.class
-rw-rw-r--   1 travis travis    685 Aug  1 15:24 Repeat$_fireFunction_Repeat_Repeat$__f_sL_11.class
-rw-rw-r--   1 travis travis    541 Aug  1 15:24 Repeat$_fireFunction_Repeat_Repeat$__f_sL_12.class
-rw-rw-r--   1 travis travis    541 Aug  1 15:24 Repeat$_fireFunction_Repeat_Repeat$__f_sL_13.class
-rw-rw-r--   1 travis travis    541 Aug  1 15:24 Repeat$_fireFunction_Repeat_Repeat$__f_sL_14.class
-rw-rw-r--   1 travis travis    684 Aug  1 15:24 Repeat$_fireFunction_Repeat_Repeat$__f_sL_1.class
-rw-rw-r--   1 travis travis    683 Aug  1 15:24 Repeat$_fireFunction_Repeat_Repeat$__f_sL_4.class
-rw-rw-r--   1 travis travis    539 Aug  1 15:24 Repeat$_fireFunction_Repeat_Repeat$__f_sL_9.class
-rw-rw-r--   1 travis travis    494 Aug  1 15:24 Repeat$_initialize_Repeat$__i_sL_2.class
-rw-rw-r--   1 travis travis   1281 Aug  1 15:24 Repeat.mk
-rw-rw-r--   1 travis travis    539 Aug  1 15:24 Repeat$_preinitializeMethod_Repeat$__p_sL_0.class
-rw-rw-r--   1 travis travis   1102 Aug  1 15:24 Repeat$_Repeat$_fireFunction_Repeat_AddSubtract_Repeat.class
-rw-rw-r--   1 travis travis    810 Aug  1 15:24 Repeat$_Repeat$_fireFunction_Repeat_AddSubtract_Repeat$__f_sL_0.class
-rw-rw-r--   1 travis travis    928 Aug  1 15:24 Repeat$_Repeat$_fireFunction_Repeat_AddSubtract_Repeat$__f_sL_1.class
-rw-rw-r--   1 travis travis    934 Aug  1 15:24 Repeat$_Repeat$_fireFunction_Repeat_AddSubtract_Repeat$__f_sL_2.class
-rw-rw-r--   1 travis travis    862 Aug  1 15:24 Repeat$_Repeat$_fireFunction_Repeat_AddSubtract_Repeat$__f_sL_3.class
-rw-rw-r--   1 travis travis    757 Aug  1 15:24 Repeat$_Repeat$_fireFunction_Repeat_Ramp2_Repeat$__f_sL_0.class
-rw-rw-r--   1 travis travis    888 Aug  1 15:24 Repeat$_Repeat$_fireFunction_Repeat_Test_Repeat$__f_sL_0.class
-rw-rw-r--   1 travis travis    634 Aug  1 15:24 Repeat$_Repeat$_fireFunction_Repeat_Test_Repeat$__f_sL_1.class
-rw-rw-r--   1 travis travis    704 Aug  1 15:24 Repeat$_Repeat_SDF_Director_run_Repeat$__R_sL_0.class
-rw-rw-r--   1 travis travis    705 Aug  1 15:24 Repeat$_Repeat_SDF_Director_run_Repeat$__R_sL_11.class
-rw-rw-r--   1 travis travis    561 Aug  1 15:24 Repeat$_Repeat_SDF_Director_run_Repeat$__R_sL_13.class
-rw-rw-r--   1 travis travis    559 Aug  1 15:24 Repeat$_Repeat_SDF_Director_run_Repeat$__R_sL_2.class
-rw-rw-r--   1 travis travis    703 Aug  1 15:24 Repeat$_Repeat_SDF_Director_run_Repeat$__R_sL_3.class
-rw-rw-r--   1 travis travis    559 Aug  1 15:24 Repeat$_Repeat_SDF_Director_run_Repeat$__R_sL_5.class
-rw-rw-r--   1 travis travis    559 Aug  1 15:24 Repeat$_Repeat_SDF_Director_run_Repeat$__R_sL_8.class
drwxrwxr-x   2 travis travis   4096 Aug  1 15:24 RepeatVariables
-rw-rw-r--   1 travis travis    882 Aug  1 15:24 Repeat$_varinit_Repeat.class
-rw-rw-r--   1 travis travis    550 Aug  1 15:24 Repeat$_varinit_Repeat$__v_sL_2.class
-rw-rw-r--   1 travis travis    924 Aug  1 15:24 Repeat$_varinit_Repeat$__v_sL_4.class
-rw-rw-r--   1 travis travis    978 Aug  1 15:24 Repeat$_wrapup_Repeat$__w_sL_1.class
drwxrwxr-x   3 travis travis  20480 Aug  1 15:21 Sinewave
drwxrwxr-x   3 travis travis  32768 Aug  1 15:23 StringFunction
drwxrwxr-x   3 travis travis  12288 Aug  1 15:23 StringLength
drwxrwxr-x   3 travis travis  61440 Aug  1 15:23 StringMatches2
drwxrwxr-x   3 travis travis  61440 Aug  1 15:23 StringSimpleReplace
drwxrwxr-x   3 travis travis  65536 Aug  1 15:23 StringSubstring
drwxrwxr-x   3 travis travis  24576 Aug  1 15:24 StringSubstring2
drwxrwxr-x   3 travis travis  16384 Aug  1 15:24 time1
drwxrwxr-x   3 travis travis  12288 Aug  1 15:24 time5
-rw-rw-r--   1 travis travis    432 Aug  1 15:25 Token.class
-rw-rw-r--   1 travis travis    251 Aug  1 15:25 Token.java
-rwxrwxr-x   1 travis travis 466992 Aug  1 15:18 top
-rw-rw-r--   1 travis travis  20502 Aug  1 15:18 top.c
-rw-rw-r--   1 travis travis   3799 Aug  1 15:24 top.class
-rw-rw-r--   1 travis travis   1257 Aug  1 15:24 top.mk
All Done
Writing ModularCodeGen_ModularCodeGenTypedCompositeActor.java in file:/home/travis/cg/ (10970 characters)
Reading "ptolemy/cg/kernel/generic/program/procedural/java/modular/makefile.in",
    writing "/home/travis/cg/ModularCodeGen_ModularCodeGenTypedCompositeActor.mk"
Using ptolemy/cg/kernel/generic/program/procedural/java/modular/makefile.in
In "/home/travis/cg", about to execute:
    make -f ModularCodeGen_ModularCodeGenTypedCompositeActor.mk
javac -classpath ".:.."    ModularCodeGen_ModularCodeGenTypedCompositeActor.java
All Done
2556 ms. Memory: 129024K Free: 54742K (42%)
----------------- Invoking toplevel() on ptolemy.moml.MoMLSimpleApplication@31f25010
----------------- Done invoking toplevel() on ptolemy.moml.MoMLSimpleApplication@31f25010
reloadAllAccessors: .ModularCodeGen

===========================================================================================
----------------- testing Sat Aug 01 15:25:51 UTC 2020 /home/travis/build/icyphy/ptII/ptolemy/cg/lib/test/auto/ModularCodeGen2.xml
----------------- Instantiating /home/travis/build/icyphy/ptII/ptolemy/cg/lib/test/auto/ModularCodeGen2.xml
In "/home/travis/cg", about to execute:
    pwd
In "/home/travis/cg", about to execute:
    ls -l
/home/travis/cg
In "/home/travis/cg", about to execute:
    javac -classpath
.:/home/travis/build/icyphy/ptII:/home/travis/build/icyphy/ptII/lib/bsh-2.0b4.j
ar:/home/travis/build/icyphy/ptII/lib/ptCal.jar:/home/travis/build/icyphy/ptII/
lib/java_cup.jar:/home/travis/build/icyphy/ptII/lib/saxon8.jar:/home/travis/bui
ld/icyphy/ptII/lib/saxon8-dom.jar:/home/travis/build/icyphy/ptII/lib/chic.jar:/
home/travis/build/icyphy/ptII/lib/ptcolt.jar:/home/travis/build/icyphy/ptII/ven
dors/misc/itext/iText.jar:/home/travis/build/icyphy/ptII/lib/g4ltl.jar:/home/tr
avis/build/icyphy/ptII/lib/StructuralCoder.jar:/home/travis/build/icyphy/ptII/l
ib/jcerti.jar:/home/travis/build/icyphy/ptII/lib/javax.mail.jar:/home/travis/bu
ild/icyphy/ptII/vendors/JMF-2.1.1e/lib/jmf.jar:/home/travis/build/icyphy/ptII/l
ib/jna-4.0.0-variadic.jar:/home/travis/build/icyphy/ptII/vendors/misc/joystick/
Joystick.jar:/home/travis/build/icyphy/ptII/lib/ptjacl.jar:/home/travis/build/i
cyphy/ptII/lib/jsoup-1.8.2.jar:/home/travis/build/icyphy/ptII/lib/junit-4.8.2.j
ar:/home/travis/build/icyphy/ptII/lib/JUnitParams-0.4.0.jar:/home/travis/build/
icyphy/ptII/ptolemy/actor/lib/excel/jxl.jar:/home/travis/build/icyphy/ptII/lib/
jython.jar:/home/travis/build/icyphy/ptII/lib/kieler.jar:/home/travis/build/icy
phy/ptII/vendors/opencv/share/OpenCV/java/opencv-341.jar:/home/travis/build/icy
phy/ptII/lib/oscP5.jar:/home/travis/build/icyphy/ptII/lib/nrjavaserial-3.11.0.d
evel.jar:/home/travis/build/icyphy/ptII/vendors/j3d/lib/Linux/j3dcore.jar:/home
/travis/build/icyphy/ptII/vendors/j3d/lib/Linux/j3dutils.jar:/home/travis/build
/icyphy/ptII/vendors/j3d/lib/Linux/vecmath.jar:/home/travis/build/icyphy/ptII/v
endors/jogl/lib/Linux/gluegen-rt-natives-linux-amd64.jar:/home/travis/build/icy
phy/ptII/vendors/jogl/lib/Linux/gluegen-rt.jar:/home/travis/build/icyphy/ptII/v
endors/jogl/lib/Linux/jogl-all-natives-linux-amd64.jar:/home/travis/build/icyph
y/ptII/vendors/jogl/lib/Linux/jogl-all.jar:/home/travis/build/icyphy/ptII/ptole
my/distributed/jini/jar/jini-core.jar:/home/travis/build/icyphy/ptII/ptolemy/di
stributed/jini/jar/jini-ext.jar:/home/travis/build/icyphy/ptII/ptolemy/distribu
ted/jini/jar/sun-util.jar:/home/travis/build/icyphy/ptII/lib/protobuf-java-2.4.
1.jar:/home/travis/build/icyphy/ptII/lib/org.eclipse.paho.client.mqttv3.jar:/ho
me/travis/build/icyphy/ptII/lib/mapss.jar:/home/travis/build/icyphy/ptII/ptolem
y/actor/ptalon/antlr/antlr.jar:/home/travis/build/icyphy/ptII/lib/JRI.jar:/home
/travis/build/icyphy/ptII/lib/commons-lang-2.6.jar:/home/travis/build/icyphy/pt
II/lib/commons-logging-1.1.1.jar:/home/travis/build/icyphy/ptII/lib/sootclasses
.jar:/home/travis/build/icyphy/ptII/ptolemy/actor/lib/database/mysql-connector-
java-5.1.6-bin.jar:/home/travis/build/icyphy/ptII/vendors/misc/sphinx4/sphinx4-
data-5prealpha.jar:/home/travis/build/icyphy/ptII/vendors/misc/sphinx4/sphinx4-
core-5prealpha.jar:/home/travis/build/icyphy/ptII/lib/PDFRenderer.jar:/home/tra
vis/build/icyphy/ptII/lib/svgSalamander.jar:/home/travis/build/icyphy/ptII/lib/
rsyntaxtextarea-2.6.0-SNAPSHOT.jar:/home/travis/build/icyphy/ptII/lib/hazelcast
-3.8.2.jar:/home/travis/build/icyphy/ptII/lib/jackson-annotations-2.9.0.jar:/ho
me/travis/build/icyphy/ptII/lib/jackson-core-2.9.3.jar:/home/travis/build/icyph
y/ptII/lib/jackson-databind-2.9.3.jar:/home/travis/build/icyphy/ptII/lib/netty-
buffer-4.1.19.Final.jar:/home/travis/build/icyphy/ptII/lib/netty-codec-4.1.19.F
inal.jar:/home/travis/build/icyphy/ptII/lib/netty-codec-dns-4.1.19.Final.jar:/h
ome/travis/build/icyphy/ptII/lib/netty-codec-http-4.1.19.Final.jar:/home/travis
/build/icyphy/ptII/lib/netty-codec-http2-4.1.19.Final.jar:/home/travis/build/ic
yphy/ptII/lib/netty-common-4.1.19.Final.jar:/home/travis/build/icyphy/ptII/lib/
netty-handler-4.1.19.Final.jar:/home/travis/build/icyphy/ptII/lib/netty-resolve
r-4.1.19.Final.jar:/home/travis/build/icyphy/ptII/lib/netty-resolver-dns-4.1.19
.Final.jar:/home/travis/build/icyphy/ptII/lib/netty-transport-4.1.19.Final.jar:
/home/travis/build/icyphy/ptII/lib/vertx-codegen-3.5.1.jar:/home/travis/build/i
cyphy/ptII/lib/vertx-core-3.5.2-SNAPSHOT.jar:/home/travis/build/icyphy/ptII/lib
/vertx-hazelcast-3.5.1.jar:/home/travis/build/icyphy/ptII/lib/vertx-lang-js-3.5
.1.jar:/home/travis/build/icyphy/ptII/lib/vertx-service-proxy-3.5.1.jar:/home/t
ravis/build/icyphy/ptII/lib/vertx-web-3.5.1.jar:/home/travis/build/icyphy/ptII/
lib/slf4j-api-1.7.13.jar:/home/travis/build/icyphy/ptII/lib/slf4j-simple-1.7.13
.jar:/home/travis/build/icyphy/ptII/lib/webcam-capture-0.3.12.jar:/home/travis/
build/icyphy/ptII/lib/bridj-0.7.0.jar:/home/travis/build/icyphy/ptII/lib/xbjlib
-1.1.0.nrjavaserial.jar:/home/travis/build/icyphy/ptII/ptolemy/moml/test:/home/
travis/build/icyphy/ptII/ant/lib/ant-launcher.jar:/home/travis/build/icyphy/ptI
I/ant/lib/ant.jar:/home/travis/build/icyphy/ptII/ant/lib/ant-junit.jar:/home/tr
avis/build/icyphy/ptII/ant/lib/ant-junit4.jar:/home/travis/build/icyphy/ptII
ModularCodeGen2_ModularCodeGenTypedCompositeActor_ModularCodeGenTypedCompositeA
ctor_profile.java
total 1668
drwxrwxr-x   3 travis travis  12288 Aug  1 15:20 AbsoluteValue
drwxrwxr-x   3 travis travis 102400 Aug  1 15:19 AllColt
drwxrwxr-x   3 travis travis  12288 Aug  1 15:19 Case1
-rw-rw-r--   1 travis travis   5128 Aug  1 15:25 CompiledCompositeActor_CompiledCompositeActor.class
-rw-rw-r--   1 travis travis   1611 Aug  1 15:25 CompiledCompositeActor_CompiledCompositeActor$_CompiledCompositeActor_CompiledCompositeActor.class
-rw-rw-r--   1 travis travis  13466 Aug  1 15:25 CompiledCompositeActor_CompiledCompositeActor.java
-rw-rw-r--   1 travis travis   1593 Aug  1 15:25 CompiledCompositeActor_CompiledCompositeActor.mk
drwxrwxr-x   5 travis travis   4096 Aug  1 15:18 fmi
drwxrwxr-x   3 travis travis  16384 Aug  1 15:20 Gaussian2
-rw-rw-r--   1 travis travis   4684 Aug  1 15:25 JavaCompiledCompositeTest1_CompiledCompositeActor.class
-rw-rw-r--   1 travis travis  11637 Aug  1 15:25 JavaCompiledCompositeTest1_CompiledCompositeActor.java
-rw-rw-r--   1 travis travis   1217 Aug  1 15:25 JavaCompiledCompositeTest1_CompiledCompositeActor$_JavaCompiledCompositeTest1_CompiledCompositeActor.class
-rw-rw-r--   1 travis travis   1625 Aug  1 15:25 JavaCompiledCompositeTest1_CompiledCompositeActor.mk
-rw-rw-r--   1 travis travis   5115 Aug  1 15:25 JavaCompiledCompositeTest2_CompiledCompositeActor.class
-rw-rw-r--   1 travis travis  14919 Aug  1 15:25 JavaCompiledCompositeTest2_CompiledCompositeActor.java
-rw-rw-r--   1 travis travis   1812 Aug  1 15:25 JavaCompiledCompositeTest2_CompiledCompositeActor$_JavaCompiledCompositeTest2_CompiledCompositeActor.class
-rw-rw-r--   1 travis travis   1625 Aug  1 15:25 JavaCompiledCompositeTest2_CompiledCompositeActor.mk
-rw-rw-r--   1 travis travis   4732 Aug  1 15:25 JavaCompiledCompositeTest3_CompiledCompositeActor.class
-rw-rw-r--   1 travis travis  13080 Aug  1 15:25 JavaCompiledCompositeTest3_CompiledCompositeActor.java
-rw-rw-r--   1 travis travis   1397 Aug  1 15:25 JavaCompiledCompositeTest3_CompiledCompositeActor$_JavaCompiledCompositeTest3_CompiledCompositeActor.class
-rw-rw-r--   1 travis travis   1625 Aug  1 15:25 JavaCompiledCompositeTest3_CompiledCompositeActor.mk
-rw-rw-r--   1 travis travis   4183 Aug  1 15:25 JavaCompiledCompositeTest4_CompiledCompositeActor.class
-rw-rw-r--   1 travis travis   9687 Aug  1 15:25 JavaCompiledCompositeTest4_CompiledCompositeActor.java
-rw-rw-r--   1 travis travis    876 Aug  1 15:25 JavaCompiledCompositeTest4_CompiledCompositeActor$_JavaCompiledCompositeTest4_CompiledCompositeActor.class
-rw-rw-r--   1 travis travis   1625 Aug  1 15:25 JavaCompiledCompositeTest4_CompiledCompositeActor.mk
drwxrwxr-x   3 travis travis  12288 Aug  1 15:20 LookupTable
drwxrwxr-x   3 travis travis  20480 Aug  1 15:20 MaxIndex
-rw-rw-r--   1 travis travis   3925 Aug  1 15:25 ModularCG_A1_B1.class
-rw-rw-r--   1 travis travis   9730 Aug  1 15:25 ModularCG_A1_B1.java
-rw-rw-r--   1 travis travis    832 Aug  1 15:25 ModularCG_A1_B1.mk
-rw-rw-r--   1 travis travis   1318 Aug  1 15:25 ModularCG_A1_B1_profile.class
-rw-rw-r--   1 travis travis   1262 Aug  1 15:25 ModularCG_A1_B1_profile.java
-rw-rw-r--   1 travis travis   3925 Aug  1 15:25 ModularCG_A1_B2.class
-rw-rw-r--   1 travis travis   9730 Aug  1 15:25 ModularCG_A1_B2.java
-rw-rw-r--   1 travis travis    832 Aug  1 15:25 ModularCG_A1_B2.mk
-rw-rw-r--   1 travis travis   1318 Aug  1 15:25 ModularCG_A1_B2_profile.class
-rw-rw-r--   1 travis travis   1262 Aug  1 15:25 ModularCG_A1_B2_profile.java
-rw-rw-r--   1 travis travis   5031 Aug  1 15:25 ModularCG_A1.class
-rw-rw-r--   1 travis travis  14742 Aug  1 15:25 ModularCG_A1.java
-rw-rw-r--   1 travis travis    808 Aug  1 15:25 ModularCG_A1.mk
-rw-rw-r--   1 travis travis   1433 Aug  1 15:25 ModularCG_A1_profile.class
-rw-rw-r--   1 travis travis   1704 Aug  1 15:25 ModularCG_A1_profile.java
-rw-rw-r--   1 travis travis   4059 Aug  1 15:25 ModularCG_A2_B1.class
-rw-rw-r--   1 travis travis  10667 Aug  1 15:25 ModularCG_A2_B1.java
-rw-rw-r--   1 travis travis    832 Aug  1 15:25 ModularCG_A2_B1.mk
-rw-rw-r--   1 travis travis   1381 Aug  1 15:25 ModularCG_A2_B1_profile.class
-rw-rw-r--   1 travis travis   1446 Aug  1 15:25 ModularCG_A2_B1_profile.java
-rw-rw-r--   1 travis travis   3925 Aug  1 15:25 ModularCG_A2_B2.class
-rw-rw-r--   1 travis travis   9730 Aug  1 15:25 ModularCG_A2_B2.java
-rw-rw-r--   1 travis travis    832 Aug  1 15:25 ModularCG_A2_B2.mk
-rw-rw-r--   1 travis travis   1318 Aug  1 15:25 ModularCG_A2_B2_profile.class
-rw-rw-r--   1 travis travis   1262 Aug  1 15:25 ModularCG_A2_B2_profile.java
-rw-rw-r--   1 travis travis   5102 Aug  1 15:25 ModularCG_A2.class
-rw-rw-r--   1 travis travis  15129 Aug  1 15:25 ModularCG_A2.java
-rw-rw-r--   1 travis travis    808 Aug  1 15:25 ModularCG_A2.mk
-rw-rw-r--   1 travis travis   1433 Aug  1 15:25 ModularCG_A2_profile.class
-rw-rw-r--   1 travis travis   1704 Aug  1 15:25 ModularCG_A2_profile.java
-rw-rw-r--   1 travis travis   3705 Aug  1 15:25 ModularCGPubSub_A1_A2.class
-rw-rw-r--   1 travis travis   9076 Aug  1 15:25 ModularCGPubSub_A1_A2.java
-rw-rw-r--   1 travis travis    880 Aug  1 15:25 ModularCGPubSub_A1_A2.mk
-rw-rw-r--   1 travis travis   1300 Aug  1 15:25 ModularCGPubSub_A1_A2_profile.class
-rw-rw-r--   1 travis travis   1222 Aug  1 15:25 ModularCGPubSub_A1_A2_profile.java
-rw-rw-r--   1 travis travis   4022 Aug  1 15:25 ModularCGPubSub_A1.class
-rw-rw-r--   1 travis travis   9836 Aug  1 15:25 ModularCGPubSub_A1.java
-rw-rw-r--   1 travis travis    856 Aug  1 15:25 ModularCGPubSub_A1.mk
-rw-rw-r--   1 travis travis   1346 Aug  1 15:25 ModularCGPubSub_A1_profile.class
-rw-rw-r--   1 travis travis   1388 Aug  1 15:25 ModularCGPubSub_A1_profile.java
-rw-rw-r--   1 travis travis   1294 Aug  1 15:25 ModularCodeGen2_ModularCodeGenTypedCompositeActor_ModularCodeGenTypedCompositeActor_profile.java
-rw-rw-r--   1 travis travis   4186 Aug  1 15:25 ModularCodeGen_ModularCodeGenTypedCompositeActor.class
-rw-rw-r--   1 travis travis  10970 Aug  1 15:25 ModularCodeGen_ModularCodeGenTypedCompositeActor.java
-rw-rw-r--   1 travis travis   1096 Aug  1 15:25 ModularCodeGen_ModularCodeGenTypedCompositeActor.mk
-rw-rw-r--   1 travis travis   1384 Aug  1 15:25 ModularCodeGen_ModularCodeGenTypedCompositeActor_profile.class
-rw-rw-r--   1 travis travis   1328 Aug  1 15:25 ModularCodeGen_ModularCodeGenTypedCompositeActor_profile.java
-rw-rw-r--   1 travis travis   3724 Aug  1 15:25 ModularCodeGenTest_A1_A2.class
-rw-rw-r--   1 travis travis   9164 Aug  1 15:25 ModularCodeGenTest_A1_A2.java
-rw-rw-r--   1 travis travis   1306 Aug  1 15:25 ModularCodeGenTest_A1_A2_profile.class
-rw-rw-r--   1 travis travis   4055 Aug  1 15:25 ModularCodeGenTest_A1.class
-rw-rw-r--   1 travis travis   9968 Aug  1 15:25 ModularCodeGenTest_A1.java
-rw-rw-r--   1 travis travis    880 Aug  1 15:25 ModularCodeGenTest_A1.mk
-rw-rw-r--   1 travis travis   1352 Aug  1 15:25 ModularCodeGenTest_A1_profile.class
-rw-rw-r--   1 travis travis   1394 Aug  1 15:25 ModularCodeGenTest_A1_profile.java
drwxrwxr-x   3 travis travis  32768 Aug  1 15:24 modulation2
drwxrwxr-x 183 travis travis  12288 Aug  1 15:25 node_modules
drwxrwxr-x   3 travis travis  20480 Aug  1 15:21 PhaseUnwrap
drwxrwxr-x   3 travis travis  12288 Aug  1 15:21 ReadFile1
-rw-rw-r--   1 travis travis     11 Aug  1 15:21 ReadFile1Output.txt
-rw-rw-r--   1 travis travis  13773 Aug  1 15:24 Repeat.class
-rw-rw-r--   1 travis travis    685 Aug  1 15:24 Repeat$_fireFunction_Repeat_Repeat$__f_sL_11.class
-rw-rw-r--   1 travis travis    541 Aug  1 15:24 Repeat$_fireFunction_Repeat_Repeat$__f_sL_12.class
-rw-rw-r--   1 travis travis    541 Aug  1 15:24 Repeat$_fireFunction_Repeat_Repeat$__f_sL_13.class
-rw-rw-r--   1 travis travis    541 Aug  1 15:24 Repeat$_fireFunction_Repeat_Repeat$__f_sL_14.class
-rw-rw-r--   1 travis travis    684 Aug  1 15:24 Repeat$_fireFunction_Repeat_Repeat$__f_sL_1.class
-rw-rw-r--   1 travis travis    683 Aug  1 15:24 Repeat$_fireFunction_Repeat_Repeat$__f_sL_4.class
-rw-rw-r--   1 travis travis    539 Aug  1 15:24 Repeat$_fireFunction_Repeat_Repeat$__f_sL_9.class
-rw-rw-r--   1 travis travis    494 Aug  1 15:24 Repeat$_initialize_Repeat$__i_sL_2.class
-rw-rw-r--   1 travis travis   1281 Aug  1 15:24 Repeat.mk
-rw-rw-r--   1 travis travis    539 Aug  1 15:24 Repeat$_preinitializeMethod_Repeat$__p_sL_0.class
-rw-rw-r--   1 travis travis   1102 Aug  1 15:24 Repeat$_Repeat$_fireFunction_Repeat_AddSubtract_Repeat.class
-rw-rw-r--   1 travis travis    810 Aug  1 15:24 Repeat$_Repeat$_fireFunction_Repeat_AddSubtract_Repeat$__f_sL_0.class
-rw-rw-r--   1 travis travis    928 Aug  1 15:24 Repeat$_Repeat$_fireFunction_Repeat_AddSubtract_Repeat$__f_sL_1.class
-rw-rw-r--   1 travis travis    934 Aug  1 15:24 Repeat$_Repeat$_fireFunction_Repeat_AddSubtract_Repeat$__f_sL_2.class
-rw-rw-r--   1 travis travis    862 Aug  1 15:24 Repeat$_Repeat$_fireFunction_Repeat_AddSubtract_Repeat$__f_sL_3.class
-rw-rw-r--   1 travis travis    757 Aug  1 15:24 Repeat$_Repeat$_fireFunction_Repeat_Ramp2_Repeat$__f_sL_0.class
-rw-rw-r--   1 travis travis    888 Aug  1 15:24 Repeat$_Repeat$_fireFunction_Repeat_Test_Repeat$__f_sL_0.class
-rw-rw-r--   1 travis travis    634 Aug  1 15:24 Repeat$_Repeat$_fireFunction_Repeat_Test_Repeat$__f_sL_1.class
-rw-rw-r--   1 travis travis    704 Aug  1 15:24 Repeat$_Repeat_SDF_Director_run_Repeat$__R_sL_0.class
-rw-rw-r--   1 travis travis    705 Aug  1 15:24 Repeat$_Repeat_SDF_Director_run_Repeat$__R_sL_11.class
-rw-rw-r--   1 travis travis    561 Aug  1 15:24 Repeat$_Repeat_SDF_Director_run_Repeat$__R_sL_13.class
-rw-rw-r--   1 travis travis    559 Aug  1 15:24 Repeat$_Repeat_SDF_Director_run_Repeat$__R_sL_2.class
-rw-rw-r--   1 travis travis    703 Aug  1 15:24 Repeat$_Repeat_SDF_Director_run_Repeat$__R_sL_3.class
-rw-rw-r--   1 travis travis    559 Aug  1 15:24 Repeat$_Repeat_SDF_Director_run_Repeat$__R_sL_5.class
-rw-rw-r--   1 travis travis    559 Aug  1 15:24 Repeat$_Repeat_SDF_Director_run_Repeat$__R_sL_8.class
drwxrwxr-x   2 travis travis   4096 Aug  1 15:24 RepeatVariables
-rw-rw-r--   1 travis travis    882 Aug  1 15:24 Repeat$_varinit_Repeat.class
-rw-rw-r--   1 travis travis    550 Aug  1 15:24 Repeat$_varinit_Repeat$__v_sL_2.class
-rw-rw-r--   1 travis travis    924 Aug  1 15:24 Repeat$_varinit_Repeat$__v_sL_4.class
-rw-rw-r--   1 travis travis    978 Aug  1 15:24 Repeat$_wrapup_Repeat$__w_sL_1.class
drwxrwxr-x   3 travis travis  20480 Aug  1 15:21 Sinewave
drwxrwxr-x   3 travis travis  32768 Aug  1 15:23 StringFunction
drwxrwxr-x   3 travis travis  12288 Aug  1 15:23 StringLength
drwxrwxr-x   3 travis travis  61440 Aug  1 15:23 StringMatches2
drwxrwxr-x   3 travis travis  61440 Aug  1 15:23 StringSimpleReplace
drwxrwxr-x   3 travis travis  65536 Aug  1 15:23 StringSubstring
drwxrwxr-x   3 travis travis  24576 Aug  1 15:24 StringSubstring2
drwxrwxr-x   3 travis travis  16384 Aug  1 15:24 time1
drwxrwxr-x   3 travis travis  12288 Aug  1 15:24 time5
-rw-rw-r--   1 travis travis    432 Aug  1 15:25 Token.class
-rw-rw-r--   1 travis travis    251 Aug  1 15:25 Token.java
-rwxrwxr-x   1 travis travis 466992 Aug  1 15:18 top
-rw-rw-r--   1 travis travis  20502 Aug  1 15:18 top.c
-rw-rw-r--   1 travis travis   3799 Aug  1 15:24 top.class
-rw-rw-r--   1 travis travis   1257 Aug  1 15:24 top.mk
All Done
Writing ModularCodeGen2_ModularCodeGenTypedCompositeActor_ModularCodeGenTypedCompositeActor.java in file:/home/travis/cg/ (11790 characters)
Reading "ptolemy/cg/kernel/generic/program/procedural/java/modular/makefile.in",
    writing "/home/travis/cg/ModularCodeGen2_ModularCodeGenTypedCompositeActor_ModularCodeGenTypedCompositeActor.mk"
Using ptolemy/cg/kernel/generic/program/procedural/java/modular/makefile.in
In "/home/travis/cg", about to execute:
    make -f
ModularCodeGen2_ModularCodeGenTypedCompositeActor_ModularCodeGenTypedCompositeA
ctor.mk
javac -classpath ".:.."    ModularCodeGen2_ModularCodeGenTypedCompositeActor_ModularCodeGenTypedCompositeActor.java
All Done
In "/home/travis/cg", about to execute:
    pwd
/home/travis/cg
In "/home/travis/cg", about to execute:
    ls -l
total 1700
drwxrwxr-x   3 travis travis  12288 Aug  1 15:20 AbsoluteValue
drwxrwxr-x   3 travis travis 102400 Aug  1 15:19 AllColt
drwxrwxr-x   3 travis travis  12288 Aug  1 15:19 Case1
-rw-rw-r--   1 travis travis   5128 Aug  1 15:25 CompiledCompositeActor_CompiledCompositeActor.class
-rw-rw-r--   1 travis travis   1611 Aug  1 15:25 CompiledCompositeActor_CompiledCompositeActor$_CompiledCompositeActor_CompiledCompositeActor.class
-rw-rw-r--   1 travis travis  13466 Aug  1 15:25 CompiledCompositeActor_CompiledCompositeActor.java
-rw-rw-r--   1 travis travis   1593 Aug  1 15:25 CompiledCompositeActor_CompiledCompositeActor.mk
drwxrwxr-x   5 travis travis   4096 Aug  1 15:18 fmi
drwxrwxr-x   3 travis travis  16384 Aug  1 15:20 Gaussian2
-rw-rw-r--   1 travis travis   4684 Aug  1 15:25 JavaCompiledCompositeTest1_CompiledCompositeActor.class
-rw-rw-r--   1 travis travis  11637 Aug  1 15:25 JavaCompiledCompositeTest1_CompiledCompositeActor.java
-rw-rw-r--   1 travis travis   1217 Aug  1 15:25 JavaCompiledCompositeTest1_CompiledCompositeActor$_JavaCompiledCompositeTest1_CompiledCompositeActor.class
-rw-rw-r--   1 travis travis   1625 Aug  1 15:25 JavaCompiledCompositeTest1_CompiledCompositeActor.mk
-rw-rw-r--   1 travis travis   5115 Aug  1 15:25 JavaCompiledCompositeTest2_CompiledCompositeActor.class
-rw-rw-r--   1 travis travis  14919 Aug  1 15:25 JavaCompiledCompositeTest2_CompiledCompositeActor.java
-rw-rw-r--   1 travis travis   1812 Aug  1 15:25 JavaCompiledCompositeTest2_CompiledCompositeActor$_JavaCompiledCompositeTest2_CompiledCompositeActor.class
-rw-rw-r--   1 travis travis   1625 Aug  1 15:25 JavaCompiledCompositeTest2_CompiledCompositeActor.mk
-rw-rw-r--   1 travis travis   4732 Aug  1 15:25 JavaCompiledCompositeTest3_CompiledCompositeActor.class
-rw-rw-r--   1 travis travis  13080 Aug  1 15:25 JavaCompiledCompositeTest3_CompiledCompositeActor.java
-rw-rw-r--   1 travis travis   1397 Aug  1 15:25 JavaCompiledCompositeTest3_CompiledCompositeActor$_JavaCompiledCompositeTest3_CompiledCompositeActor.class
-rw-rw-r--   1 travis travis   1625 Aug  1 15:25 JavaCompiledCompositeTest3_CompiledCompositeActor.mk
-rw-rw-r--   1 travis travis   4183 Aug  1 15:25 JavaCompiledCompositeTest4_CompiledCompositeActor.class
-rw-rw-r--   1 travis travis   9687 Aug  1 15:25 JavaCompiledCompositeTest4_CompiledCompositeActor.java
-rw-rw-r--   1 travis travis    876 Aug  1 15:25 JavaCompiledCompositeTest4_CompiledCompositeActor$_JavaCompiledCompositeTest4_CompiledCompositeActor.class
-rw-rw-r--   1 travis travis   1625 Aug  1 15:25 JavaCompiledCompositeTest4_CompiledCompositeActor.mk
drwxrwxr-x   3 travis travis  12288 Aug  1 15:20 LookupTable
drwxrwxr-x   3 travis travis  20480 Aug  1 15:20 MaxIndex
-rw-rw-r--   1 travis travis   3925 Aug  1 15:25 ModularCG_A1_B1.class
-rw-rw-r--   1 travis travis   9730 Aug  1 15:25 ModularCG_A1_B1.java
-rw-rw-r--   1 travis travis    832 Aug  1 15:25 ModularCG_A1_B1.mk
-rw-rw-r--   1 travis travis   1318 Aug  1 15:25 ModularCG_A1_B1_profile.class
-rw-rw-r--   1 travis travis   1262 Aug  1 15:25 ModularCG_A1_B1_profile.java
-rw-rw-r--   1 travis travis   3925 Aug  1 15:25 ModularCG_A1_B2.class
-rw-rw-r--   1 travis travis   9730 Aug  1 15:25 ModularCG_A1_B2.java
-rw-rw-r--   1 travis travis    832 Aug  1 15:25 ModularCG_A1_B2.mk
-rw-rw-r--   1 travis travis   1318 Aug  1 15:25 ModularCG_A1_B2_profile.class
-rw-rw-r--   1 travis travis   1262 Aug  1 15:25 ModularCG_A1_B2_profile.java
-rw-rw-r--   1 travis travis   5031 Aug  1 15:25 ModularCG_A1.class
-rw-rw-r--   1 travis travis  14742 Aug  1 15:25 ModularCG_A1.java
-rw-rw-r--   1 travis travis    808 Aug  1 15:25 ModularCG_A1.mk
-rw-rw-r--   1 travis travis   1433 Aug  1 15:25 ModularCG_A1_profile.class
-rw-rw-r--   1 travis travis   1704 Aug  1 15:25 ModularCG_A1_profile.java
-rw-rw-r--   1 travis travis   4059 Aug  1 15:25 ModularCG_A2_B1.class
-rw-rw-r--   1 travis travis  10667 Aug  1 15:25 ModularCG_A2_B1.java
-rw-rw-r--   1 travis travis    832 Aug  1 15:25 ModularCG_A2_B1.mk
-rw-rw-r--   1 travis travis   1381 Aug  1 15:25 ModularCG_A2_B1_profile.class
-rw-rw-r--   1 travis travis   1446 Aug  1 15:25 ModularCG_A2_B1_profile.java
-rw-rw-r--   1 travis travis   3925 Aug  1 15:25 ModularCG_A2_B2.class
-rw-rw-r--   1 travis travis   9730 Aug  1 15:25 ModularCG_A2_B2.java
-rw-rw-r--   1 travis travis    832 Aug  1 15:25 ModularCG_A2_B2.mk
-rw-rw-r--   1 travis travis   1318 Aug  1 15:25 ModularCG_A2_B2_profile.class
-rw-rw-r--   1 travis travis   1262 Aug  1 15:25 ModularCG_A2_B2_profile.java
-rw-rw-r--   1 travis travis   5102 Aug  1 15:25 ModularCG_A2.class
-rw-rw-r--   1 travis travis  15129 Aug  1 15:25 ModularCG_A2.java
-rw-rw-r--   1 travis travis    808 Aug  1 15:25 ModularCG_A2.mk
-rw-rw-r--   1 travis travis   1433 Aug  1 15:25 ModularCG_A2_profile.class
-rw-rw-r--   1 travis travis   1704 Aug  1 15:25 ModularCG_A2_profile.java
-rw-rw-r--   1 travis travis   3705 Aug  1 15:25 ModularCGPubSub_A1_A2.class
-rw-rw-r--   1 travis travis   9076 Aug  1 15:25 ModularCGPubSub_A1_A2.java
-rw-rw-r--   1 travis travis    880 Aug  1 15:25 ModularCGPubSub_A1_A2.mk
-rw-rw-r--   1 travis travis   1300 Aug  1 15:25 ModularCGPubSub_A1_A2_profile.class
-rw-rw-r--   1 travis travis   1222 Aug  1 15:25 ModularCGPubSub_A1_A2_profile.java
-rw-rw-r--   1 travis travis   4022 Aug  1 15:25 ModularCGPubSub_A1.class
-rw-rw-r--   1 travis travis   9836 Aug  1 15:25 ModularCGPubSub_A1.java
-rw-rw-r--   1 travis travis    856 Aug  1 15:25 ModularCGPubSub_A1.mk
-rw-rw-r--   1 travis travis   1346 Aug  1 15:25 ModularCGPubSub_A1_profile.class
-rw-rw-r--   1 travis travis   1388 Aug  1 15:25 ModularCGPubSub_A1_profile.java
-rw-rw-r--   1 travis travis   4504 Aug  1 15:25 ModularCodeGen2_ModularCodeGenTypedCompositeActor_ModularCodeGenTypedCompositeActor.class
-rw-rw-r--   1 travis travis  11790 Aug  1 15:25 ModularCodeGen2_ModularCodeGenTypedCompositeActor_ModularCodeGenTypedCompositeActor.java
-rw-rw-r--   1 travis travis   1376 Aug  1 15:25 ModularCodeGen2_ModularCodeGenTypedCompositeActor_ModularCodeGenTypedCompositeActor.mk
-rw-rw-r--   1 travis travis   1421 Aug  1 15:25 ModularCodeGen2_ModularCodeGenTypedCompositeActor_ModularCodeGenTypedCompositeActor_profile.class
-rw-rw-r--   1 travis travis   1294 Aug  1 15:25 ModularCodeGen2_ModularCodeGenTypedCompositeActor_ModularCodeGenTypedCompositeActor_profile.java
-rw-rw-r--   1 travis travis    693 Aug  1 15:25 ModularCodeGen2_ModularCodeGenTypedCompositeActor_profile.java
-rw-rw-r--   1 travis travis   4186 Aug  1 15:25 ModularCodeGen_ModularCodeGenTypedCompositeActor.class
-rw-rw-r--   1 travis travis  10970 Aug  1 15:25 ModularCodeGen_ModularCodeGenTypedCompositeActor.java
-rw-rw-r--   1 travis travis   1096 Aug  1 15:25 ModularCodeGen_ModularCodeGenTypedCompositeActor.mk
-rw-rw-r--   1 travis travis   1384 Aug  1 15:25 ModularCodeGen_ModularCodeGenTypedCompositeActor_profile.class
-rw-rw-r--   1 travis travis   1328 Aug  1 15:25 ModularCodeGen_ModularCodeGenTypedCompositeActor_profile.java
-rw-rw-r--   1 travis travis   3724 Aug  1 15:25 ModularCodeGenTest_A1_A2.class
-rw-rw-r--   1 travis travis   9164 Aug  1 15:25 ModularCodeGenTest_A1_A2.java
-rw-rw-r--   1 travis travis   1306 Aug  1 15:25 ModularCodeGenTest_A1_A2_profile.class
-rw-rw-r--   1 travis travis   4055 Aug  1 15:25 ModularCodeGenTest_A1.class
-rw-rw-r--   1 travis travis   9968 Aug  1 15:25 ModularCodeGenTest_A1.java
-rw-rw-r--   1 travis travis    880 Aug  1 15:25 ModularCodeGenTest_A1.mk
-rw-rw-r--   1 travis travis   1352 Aug  1 15:25 ModularCodeGenTest_A1_profile.class
-rw-rw-r--   1 travis travis   1394 Aug  1 15:25 ModularCodeGenTest_A1_profile.java
drwxrwxr-x   3 travis travis  32768 Aug  1 15:24 modulation2
drwxrwxr-x 183 travis travis  12288 Aug  1 15:25 node_modules
drwxrwxr-x   3 travis travis  20480 Aug  1 15:21 PhaseUnwrap
drwxrwxr-x   3 travis travis  12288 Aug  1 15:21 ReadFile1
-rw-rw-r--   1 travis travis     11 Aug  1 15:21 ReadFile1Output.txt
-rw-rw-r--   1 travis travis  13773 Aug  1 15:24 Repeat.class
-rw-rw-r--   1 travis travis    685 Aug  1 15:24 Repeat$_fireFunction_Repeat_Repeat$__f_sL_11.class
-rw-rw-r--   1 travis travis    541 Aug  1 15:24 Repeat$_fireFunction_Repeat_Repeat$__f_sL_12.class
-rw-rw-r--   1 travis travis    541 Aug  1 15:24 Repeat$_fireFunction_Repeat_Repeat$__f_sL_13.class
-rw-rw-r--   1 travis travis    541 Aug  1 15:24 Repeat$_fireFunction_Repeat_Repeat$__f_sL_14.class
-rw-rw-r--   1 travis travis    684 Aug  1 15:24 Repeat$_fireFunction_Repeat_Repeat$__f_sL_1.class
-rw-rw-r--   1 travis travis    683 Aug  1 15:24 Repeat$_fireFunction_Repeat_Repeat$__f_sL_4.class
-rw-rw-r--   1 travis travis    539 Aug  1 15:24 Repeat$_fireFunction_Repeat_Repeat$__f_sL_9.class
-rw-rw-r--   1 travis travis    494 Aug  1 15:24 Repeat$_initialize_Repeat$__i_sL_2.class
-rw-rw-r--   1 travis travis   1281 Aug  1 15:24 Repeat.mk
-rw-rw-r--   1 travis travis    539 Aug  1 15:24 Repeat$_preinitializeMethod_Repeat$__p_sL_0.class
In "/home/travis/cg", about to execute:
-rw-rw-r--   1 travis travis   1102 Aug  1 15:24 Repeat$_Repeat$_fireFunction_Repeat_AddSubtract_Repeat.class
-rw-rw-r--   1 travis travis    810 Aug  1 15:24 Repeat$_Repeat$_fireFunction_Repeat_AddSubtract_Repeat$__f_sL_0.class
-rw-rw-r--   1 travis travis    928 Aug  1 15:24 Repeat$_Repeat$_fireFunction_Repeat_AddSubtract_Repeat$__f_sL_1.class
-rw-rw-r--   1 travis travis    934 Aug  1 15:24 Repeat$_Repeat$_fireFunction_Repeat_AddSubtract_Repeat$__f_sL_2.class
-rw-rw-r--   1 travis travis    862 Aug  1 15:24 Repeat$_Repeat$_fireFunction_Repeat_AddSubtract_Repeat$__f_sL_3.class
-rw-rw-r--   1 travis travis    757 Aug  1 15:24 Repeat$_Repeat$_fireFunction_Repeat_Ramp2_Repeat$__f_sL_0.class
-rw-rw-r--   1 travis travis    888 Aug  1 15:24 Repeat$_Repeat$_fireFunction_Repeat_Test_Repeat$__f_sL_0.class
-rw-rw-r--   1 travis travis    634 Aug  1 15:24 Repeat$_Repeat$_fireFunction_Repeat_Test_Repeat$__f_sL_1.class
-rw-rw-r--   1 travis travis    704 Aug  1 15:24 Repeat$_Repeat_SDF_Director_run_Repeat$__R_sL_0.class
-rw-rw-r--   1 travis travis    705 Aug  1 15:24 Repeat$_Repeat_SDF_Director_run_Repeat$__R_sL_11.class
-rw-rw-r--   1 travis travis    561 Aug  1 15:24 Repeat$_Repeat_SDF_Director_run_Repeat$__R_sL_13.class
-rw-rw-r--   1 travis travis    559 Aug  1 15:24 Repeat$_Repeat_SDF_Director_run_Repeat$__R_sL_2.class
    javac -classpath
.:/home/travis/build/icyphy/ptII:/home/travis/build/icyphy/ptII/lib/bsh-2.0b4.j
ar:/home/travis/build/icyphy/ptII/lib/ptCal.jar:/home/travis/build/icyphy/ptII/
lib/java_cup.jar:/home/travis/build/icyphy/ptII/lib/saxon8.jar:/home/travis/bui
ld/icyphy/ptII/lib/saxon8-dom.jar:/home/travis/build/icyphy/ptII/lib/chic.jar:/
home/travis/build/icyphy/ptII/lib/ptcolt.jar:/home/travis/build/icyphy/ptII/ven
dors/misc/itext/iText.jar:/home/travis/build/icyphy/ptII/lib/g4ltl.jar:/home/tr
avis/build/icyphy/ptII/lib/StructuralCoder.jar:/home/travis/build/icyphy/ptII/l
ib/jcerti.jar:/home/travis/build/icyphy/ptII/lib/javax.mail.jar:/home/travis/bu
ild/icyphy/ptII/vendors/JMF-2.1.1e/lib/jmf.jar:/home/travis/build/icyphy/ptII/l
ib/jna-4.0.0-variadic.jar:/home/travis/build/icyphy/ptII/vendors/misc/joystick/
Joystick.jar:/home/travis/build/icyphy/ptII/lib/ptjacl.jar:/home/travis/build/i
cyphy/ptII/lib/jsoup-1.8.2.jar:/home/travis/build/icyphy/ptII/lib/junit-4.8.2.j
ar:/home/travis/build/icyphy/ptII/lib/JUnitParams-0.4.0.jar:/home/travis/build/
icyphy/ptII/ptolemy/actor/lib/excel/jxl.jar:/home/travis/build/icyphy/ptII/lib/
jython.jar:/home/travis/build/icyphy/ptII/lib/kieler.jar:/home/travis/build/icy
phy/ptII/vendors/opencv/share/OpenCV/java/opencv-341.jar:/home/travis/build/icy
phy/ptII/lib/oscP5.jar:/home/travis/build/icyphy/ptII/lib/nrjavaserial-3.11.0.d
evel.jar:/home/travis/build/icyphy/ptII/vendors/j3d/lib/Linux/j3dcore.jar:/home
/travis/build/icyphy/ptII/vendors/j3d/lib/Linux/j3dutils.jar:/home/travis/build
/icyphy/ptII/vendors/j3d/lib/Linux/vecmath.jar:/home/travis/build/icyphy/ptII/v
endors/jogl/lib/Linux/gluegen-rt-natives-linux-amd64.jar:/home/travis/build/icy
phy/ptII/vendors/jogl/lib/Linux/gluegen-rt.jar:/home/travis/build/icyphy/ptII/v
endors/jogl/lib/Linux/jogl-all-natives-linux-amd64.jar:/home/travis/build/icyph
y/ptII/vendors/jogl/lib/Linux/jogl-all.jar:/home/travis/build/icyphy/ptII/ptole
my/distributed/jini/jar/jini-core.jar:/home/travis/build/icyphy/ptII/ptolemy/di
stributed/jini/jar/jini-ext.jar:/home/travis/build/icyphy/ptII/ptolemy/distribu
ted/jini/jar/sun-util.jar:/home/travis/build/icyphy/ptII/lib/protobuf-java-2.4.
1.jar:/home/travis/build/icyphy/ptII/lib/org.eclipse.paho.client.mqttv3.jar:/ho
me/travis/build/icyphy/ptII/lib/mapss.jar:/home/travis/build/icyphy/ptII/ptolem
y/actor/ptalon/antlr/antlr.jar:/home/travis/build/icyphy/ptII/lib/JRI.jar:/home
/travis/build/icyphy/ptII/lib/commons-lang-2.6.jar:/home/travis/build/icyphy/pt
II/lib/commons-logging-1.1.1.jar:/home/travis/build/icyphy/ptII/lib/sootclasses
.jar:/home/travis/build/icyphy/ptII/ptolemy/actor/lib/database/mysql-connector-
java-5.1.6-bin.jar:/home/travis/build/icyphy/ptII/vendors/misc/sphinx4/sphinx4-
data-5prealpha.jar:/home/travis/build/icyphy/ptII/vendors/misc/sphinx4/sphinx4-
core-5prealpha.jar:/home/travis/build/icyphy/ptII/lib/PDFRenderer.jar:/home/tra
vis/build/icyphy/ptII/lib/svgSalamander.jar:/home/travis/build/icyphy/ptII/lib/
rsyntaxtextarea-2.6.0-SNAPSHOT.jar:/home/travis/build/icyphy/ptII/lib/hazelcast
-3.8.2.jar:/home/travis/build/icyphy/ptII/lib/jackson-annotations-2.9.0.jar:/ho
me/travis/build/icyphy/ptII/lib/jackson-core-2.9.3.jar:/home/travis/build/icyph
y/ptII/lib/jackson-databind-2.9.3.jar:/home/travis/build/icyphy/ptII/lib/netty-
buffer-4.1.19.Final.jar:/home/travis/build/icyphy/ptII/lib/netty-codec-4.1.19.F
inal.jar:/home/travis/build/icyphy/ptII/lib/netty-codec-dns-4.1.19.Final.jar:/h
ome/travis/build/icyphy/ptII/lib/netty-codec-http-4.1.19.Final.jar:/home/travis
/build/icyphy/ptII/lib/netty-codec-http2-4.1.19.Final.jar:/home/travis/build/ic
yphy/ptII/lib/netty-common-4.1.19.Final.jar:/home/travis/build/icyphy/ptII/lib/
netty-handler-4.1.19.Final.jar:/home/travis/build/icyphy/ptII/lib/netty-resolve
r-4.1.19.Final.jar:/home/travis/build/icyphy/ptII/lib/netty-resolver-dns-4.1.19
.Final.jar:/home/travis/build/icyphy/ptII/lib/netty-transport-4.1.19.Final.jar:
/home/travis/build/icyphy/ptII/lib/vertx-codegen-3.5.1.jar:/home/travis/build/i
cyphy/ptII/lib/vertx-core-3.5.2-SNAPSHOT.jar:/home/travis/build/icyphy/ptII/lib
/vertx-hazelcast-3.5.1.jar:/home/travis/build/icyphy/ptII/lib/vertx-lang-js-3.5
.1.jar:/home/travis/build/icyphy/ptII/lib/vertx-service-proxy-3.5.1.jar:/home/t
ravis/build/icyphy/ptII/lib/vertx-web-3.5.1.jar:/home/travis/build/icyphy/ptII/
lib/slf4j-api-1.7.13.jar:/home/travis/build/icyphy/ptII/lib/slf4j-simple-1.7.13
.jar:/home/travis/build/icyphy/ptII/lib/webcam-capture-0.3.12.jar:/home/travis/
build/icyphy/ptII/lib/bridj-0.7.0.jar:/home/travis/build/icyphy/ptII/lib/xbjlib
-1.1.0.nrjavaserial.jar:/home/travis/build/icyphy/ptII/ptolemy/moml/test:/home/
travis/build/icyphy/ptII/ant/lib/ant-launcher.jar:/home/travis/build/icyphy/ptI
I/ant/lib/ant.jar:/home/travis/build/icyphy/ptII/ant/lib/ant-junit.jar:/home/tr
avis/build/icyphy/ptII/ant/lib/ant-junit4.jar:/home/travis/build/icyphy/ptII
ModularCodeGen2_ModularCodeGenTypedCompositeActor_profile.java
-rw-rw-r--   1 travis travis    703 Aug  1 15:24 Repeat$_Repeat_SDF_Director_run_Repeat$__R_sL_3.class
-rw-rw-r--   1 travis travis    559 Aug  1 15:24 Repeat$_Repeat_SDF_Director_run_Repeat$__R_sL_5.class
-rw-rw-r--   1 travis travis    559 Aug  1 15:24 Repeat$_Repeat_SDF_Director_run_Repeat$__R_sL_8.class
drwxrwxr-x   2 travis travis   4096 Aug  1 15:24 RepeatVariables
-rw-rw-r--   1 travis travis    882 Aug  1 15:24 Repeat$_varinit_Repeat.class
-rw-rw-r--   1 travis travis    550 Aug  1 15:24 Repeat$_varinit_Repeat$__v_sL_2.class
-rw-rw-r--   1 travis travis    924 Aug  1 15:24 Repeat$_varinit_Repeat$__v_sL_4.class
-rw-rw-r--   1 travis travis    978 Aug  1 15:24 Repeat$_wrapup_Repeat$__w_sL_1.class
drwxrwxr-x   3 travis travis  20480 Aug  1 15:21 Sinewave
drwxrwxr-x   3 travis travis  32768 Aug  1 15:23 StringFunction
drwxrwxr-x   3 travis travis  12288 Aug  1 15:23 StringLength
drwxrwxr-x   3 travis travis  61440 Aug  1 15:23 StringMatches2
drwxrwxr-x   3 travis travis  61440 Aug  1 15:23 StringSimpleReplace
drwxrwxr-x   3 travis travis  65536 Aug  1 15:23 StringSubstring
drwxrwxr-x   3 travis travis  24576 Aug  1 15:24 StringSubstring2
drwxrwxr-x   3 travis travis  16384 Aug  1 15:24 time1
drwxrwxr-x   3 travis travis  12288 Aug  1 15:24 time5
-rw-rw-r--   1 travis travis    432 Aug  1 15:25 Token.class
-rw-rw-r--   1 travis travis    251 Aug  1 15:25 Token.java
-rwxrwxr-x   1 travis travis 466992 Aug  1 15:18 top
-rw-rw-r--   1 travis travis  20502 Aug  1 15:18 top.c
-rw-rw-r--   1 travis travis   3799 Aug  1 15:24 top.class
-rw-rw-r--   1 travis travis   1257 Aug  1 15:24 top.mk
All Done
Writing ModularCodeGen2_ModularCodeGenTypedCompositeActor.java in file:/home/travis/cg/ (11690 characters)
Reading "ptolemy/cg/kernel/generic/program/procedural/java/modular/makefile.in",
    writing "/home/travis/cg/ModularCodeGen2_ModularCodeGenTypedCompositeActor.mk"
Using ptolemy/cg/kernel/generic/program/procedural/java/modular/makefile.in
In "/home/travis/cg", about to execute:
    make -f ModularCodeGen2_ModularCodeGenTypedCompositeActor.mk
javac -classpath ".:.."    ModularCodeGen2_ModularCodeGenTypedCompositeActor.java
All Done
5063 ms. Memory: 129024K Free: 80548K (62%)
----------------- Invoking toplevel() on ptolemy.moml.MoMLSimpleApplication@704b79ce
----------------- Done invoking toplevel() on ptolemy.moml.MoMLSimpleApplication@704b79ce
reloadAllAccessors: .ModularCodeGen2

===========================================================================================
----------------- testing Sat Aug 01 15:25:56 UTC 2020 /home/travis/build/icyphy/ptII/ptolemy/cg/lib/test/auto/ModularCodeGen3.xml
----------------- Instantiating /home/travis/build/icyphy/ptII/ptolemy/cg/lib/test/auto/ModularCodeGen3.xml
In "/home/travis/cg", about to execute:
    pwd
In "/home/travis/cg", about to execute:
    ls -l
/home/travis/cg
In "/home/travis/cg", about to execute:
    javac -classpath
.:/home/travis/build/icyphy/ptII:/home/travis/build/icyphy/ptII/lib/bsh-2.0b4.j
ar:/home/travis/build/icyphy/ptII/lib/ptCal.jar:/home/travis/build/icyphy/ptII/
lib/java_cup.jar:/home/travis/build/icyphy/ptII/lib/saxon8.jar:/home/travis/bui
ld/icyphy/ptII/lib/saxon8-dom.jar:/home/travis/build/icyphy/ptII/lib/chic.jar:/
home/travis/build/icyphy/ptII/lib/ptcolt.jar:/home/travis/build/icyphy/ptII/ven
dors/misc/itext/iText.jar:/home/travis/build/icyphy/ptII/lib/g4ltl.jar:/home/tr
avis/build/icyphy/ptII/lib/StructuralCoder.jar:/home/travis/build/icyphy/ptII/l
ib/jcerti.jar:/home/travis/build/icyphy/ptII/lib/javax.mail.jar:/home/travis/bu
ild/icyphy/ptII/vendors/JMF-2.1.1e/lib/jmf.jar:/home/travis/build/icyphy/ptII/l
ib/jna-4.0.0-variadic.jar:/home/travis/build/icyphy/ptII/vendors/misc/joystick/
Joystick.jar:/home/travis/build/icyphy/ptII/lib/ptjacl.jar:/home/travis/build/i
cyphy/ptII/lib/jsoup-1.8.2.jar:/home/travis/build/icyphy/ptII/lib/junit-4.8.2.j
ar:/home/travis/build/icyphy/ptII/lib/JUnitParams-0.4.0.jar:/home/travis/build/
icyphy/ptII/ptolemy/actor/lib/excel/jxl.jar:/home/travis/build/icyphy/ptII/lib/
jython.jar:/home/travis/build/icyphy/ptII/lib/kieler.jar:/home/travis/build/icy
phy/ptII/vendors/opencv/share/OpenCV/java/opencv-341.jar:/home/travis/build/icy
phy/ptII/lib/oscP5.jar:/home/travis/build/icyphy/ptII/lib/nrjavaserial-3.11.0.d
evel.jar:/home/travis/build/icyphy/ptII/vendors/j3d/lib/Linux/j3dcore.jar:/home
/travis/build/icyphy/ptII/vendors/j3d/lib/Linux/j3dutils.jar:/home/travis/build
/icyphy/ptII/vendors/j3d/lib/Linux/vecmath.jar:/home/travis/build/icyphy/ptII/v
endors/jogl/lib/Linux/gluegen-rt-natives-linux-amd64.jar:/home/travis/build/icy
phy/ptII/vendors/jogl/lib/Linux/gluegen-rt.jar:/home/travis/build/icyphy/ptII/v
endors/jogl/lib/Linux/jogl-all-natives-linux-amd64.jar:/home/travis/build/icyph
y/ptII/vendors/jogl/lib/Linux/jogl-all.jar:/home/travis/build/icyphy/ptII/ptole
my/distributed/jini/jar/jini-core.jar:/home/travis/build/icyphy/ptII/ptolemy/di
stributed/jini/jar/jini-ext.jar:/home/travis/build/icyphy/ptII/ptolemy/distribu
ted/jini/jar/sun-util.jar:/home/travis/build/icyphy/ptII/lib/protobuf-java-2.4.
1.jar:/home/travis/build/icyphy/ptII/lib/org.eclipse.paho.client.mqttv3.jar:/ho
me/travis/build/icyphy/ptII/lib/mapss.jar:/home/travis/build/icyphy/ptII/ptolem
y/actor/ptalon/antlr/antlr.jar:/home/travis/build/icyphy/ptII/lib/JRI.jar:/home
/travis/build/icyphy/ptII/lib/commons-lang-2.6.jar:/home/travis/build/icyphy/pt
II/lib/commons-logging-1.1.1.jar:/home/travis/build/icyphy/ptII/lib/sootclasses
.jar:/home/travis/build/icyphy/ptII/ptolemy/actor/lib/database/mysql-connector-
java-5.1.6-bin.jar:/home/travis/build/icyphy/ptII/vendors/misc/sphinx4/sphinx4-
data-5prealpha.jar:/home/travis/build/icyphy/ptII/vendors/misc/sphinx4/sphinx4-
core-5prealpha.jar:/home/travis/build/icyphy/ptII/lib/PDFRenderer.jar:/home/tra
vis/build/icyphy/ptII/lib/svgSalamander.jar:/home/travis/build/icyphy/ptII/lib/
rsyntaxtextarea-2.6.0-SNAPSHOT.jar:/home/travis/build/icyphy/ptII/lib/hazelcast
-3.8.2.jar:/home/travis/build/icyphy/ptII/lib/jackson-annotations-2.9.0.jar:/ho
me/travis/build/icyphy/ptII/lib/jackson-core-2.9.3.jar:/home/travis/build/icyph
y/ptII/lib/jackson-databind-2.9.3.jar:/home/travis/build/icyphy/ptII/lib/netty-
buffer-4.1.19.Final.jar:/home/travis/build/icyphy/ptII/lib/netty-codec-4.1.19.F
inal.jar:/home/travis/build/icyphy/ptII/lib/netty-codec-dns-4.1.19.Final.jar:/h
ome/travis/build/icyphy/ptII/lib/netty-codec-http-4.1.19.Final.jar:/home/travis
/build/icyphy/ptII/lib/netty-codec-http2-4.1.19.Final.jar:/home/travis/build/ic
yphy/ptII/lib/netty-common-4.1.19.Final.jar:/home/travis/build/icyphy/ptII/lib/
netty-handler-4.1.19.Final.jar:/home/travis/build/icyphy/ptII/lib/netty-resolve
r-4.1.19.Final.jar:/home/travis/build/icyphy/ptII/lib/netty-resolver-dns-4.1.19
.Final.jar:/home/travis/build/icyphy/ptII/lib/netty-transport-4.1.19.Final.jar:
/home/travis/build/icyphy/ptII/lib/vertx-codegen-3.5.1.jar:/home/travis/build/i
cyphy/ptII/lib/vertx-core-3.5.2-SNAPSHOT.jar:/home/travis/build/icyphy/ptII/lib
/vertx-hazelcast-3.5.1.jar:/home/travis/build/icyphy/ptII/lib/vertx-lang-js-3.5
.1.jar:/home/travis/build/icyphy/ptII/lib/vertx-service-proxy-3.5.1.jar:/home/t
ravis/build/icyphy/ptII/lib/vertx-web-3.5.1.jar:/home/travis/build/icyphy/ptII/
lib/slf4j-api-1.7.13.jar:/home/travis/build/icyphy/ptII/lib/slf4j-simple-1.7.13
.jar:/home/travis/build/icyphy/ptII/lib/webcam-capture-0.3.12.jar:/home/travis/
build/icyphy/ptII/lib/bridj-0.7.0.jar:/home/travis/build/icyphy/ptII/lib/xbjlib
-1.1.0.nrjavaserial.jar:/home/travis/build/icyphy/ptII/ptolemy/moml/test:/home/
travis/build/icyphy/ptII/ant/lib/ant-launcher.jar:/home/travis/build/icyphy/ptI
I/ant/lib/ant.jar:/home/travis/build/icyphy/ptII/ant/lib/ant-junit.jar:/home/tr
avis/build/icyphy/ptII/ant/lib/ant-junit4.jar:/home/travis/build/icyphy/ptII
ModularCodeGen3_A1_B1_profile.java
total 1732
drwxrwxr-x   3 travis travis  12288 Aug  1 15:20 AbsoluteValue
drwxrwxr-x   3 travis travis 102400 Aug  1 15:19 AllColt
drwxrwxr-x   3 travis travis  12288 Aug  1 15:19 Case1
-rw-rw-r--   1 travis travis   5128 Aug  1 15:25 CompiledCompositeActor_CompiledCompositeActor.class
-rw-rw-r--   1 travis travis   1611 Aug  1 15:25 CompiledCompositeActor_CompiledCompositeActor$_CompiledCompositeActor_CompiledCompositeActor.class
-rw-rw-r--   1 travis travis  13466 Aug  1 15:25 CompiledCompositeActor_CompiledCompositeActor.java
-rw-rw-r--   1 travis travis   1593 Aug  1 15:25 CompiledCompositeActor_CompiledCompositeActor.mk
drwxrwxr-x   5 travis travis   4096 Aug  1 15:18 fmi
drwxrwxr-x   3 travis travis  16384 Aug  1 15:20 Gaussian2
-rw-rw-r--   1 travis travis   4684 Aug  1 15:25 JavaCompiledCompositeTest1_CompiledCompositeActor.class
-rw-rw-r--   1 travis travis  11637 Aug  1 15:25 JavaCompiledCompositeTest1_CompiledCompositeActor.java
-rw-rw-r--   1 travis travis   1217 Aug  1 15:25 JavaCompiledCompositeTest1_CompiledCompositeActor$_JavaCompiledCompositeTest1_CompiledCompositeActor.class
-rw-rw-r--   1 travis travis   1625 Aug  1 15:25 JavaCompiledCompositeTest1_CompiledCompositeActor.mk
-rw-rw-r--   1 travis travis   5115 Aug  1 15:25 JavaCompiledCompositeTest2_CompiledCompositeActor.class
-rw-rw-r--   1 travis travis  14919 Aug  1 15:25 JavaCompiledCompositeTest2_CompiledCompositeActor.java
-rw-rw-r--   1 travis travis   1812 Aug  1 15:25 JavaCompiledCompositeTest2_CompiledCompositeActor$_JavaCompiledCompositeTest2_CompiledCompositeActor.class
-rw-rw-r--   1 travis travis   1625 Aug  1 15:25 JavaCompiledCompositeTest2_CompiledCompositeActor.mk
-rw-rw-r--   1 travis travis   4732 Aug  1 15:25 JavaCompiledCompositeTest3_CompiledCompositeActor.class
-rw-rw-r--   1 travis travis  13080 Aug  1 15:25 JavaCompiledCompositeTest3_CompiledCompositeActor.java
-rw-rw-r--   1 travis travis   1397 Aug  1 15:25 JavaCompiledCompositeTest3_CompiledCompositeActor$_JavaCompiledCompositeTest3_CompiledCompositeActor.class
-rw-rw-r--   1 travis travis   1625 Aug  1 15:25 JavaCompiledCompositeTest3_CompiledCompositeActor.mk
-rw-rw-r--   1 travis travis   4183 Aug  1 15:25 JavaCompiledCompositeTest4_CompiledCompositeActor.class
-rw-rw-r--   1 travis travis   9687 Aug  1 15:25 JavaCompiledCompositeTest4_CompiledCompositeActor.java
-rw-rw-r--   1 travis travis    876 Aug  1 15:25 JavaCompiledCompositeTest4_CompiledCompositeActor$_JavaCompiledCompositeTest4_CompiledCompositeActor.class
-rw-rw-r--   1 travis travis   1625 Aug  1 15:25 JavaCompiledCompositeTest4_CompiledCompositeActor.mk
drwxrwxr-x   3 travis travis  12288 Aug  1 15:20 LookupTable
drwxrwxr-x   3 travis travis  20480 Aug  1 15:20 MaxIndex
-rw-rw-r--   1 travis travis   3925 Aug  1 15:25 ModularCG_A1_B1.class
-rw-rw-r--   1 travis travis   9730 Aug  1 15:25 ModularCG_A1_B1.java
-rw-rw-r--   1 travis travis    832 Aug  1 15:25 ModularCG_A1_B1.mk
-rw-rw-r--   1 travis travis   1318 Aug  1 15:25 ModularCG_A1_B1_profile.class
-rw-rw-r--   1 travis travis   1262 Aug  1 15:25 ModularCG_A1_B1_profile.java
-rw-rw-r--   1 travis travis   3925 Aug  1 15:25 ModularCG_A1_B2.class
-rw-rw-r--   1 travis travis   9730 Aug  1 15:25 ModularCG_A1_B2.java
-rw-rw-r--   1 travis travis    832 Aug  1 15:25 ModularCG_A1_B2.mk
-rw-rw-r--   1 travis travis   1318 Aug  1 15:25 ModularCG_A1_B2_profile.class
-rw-rw-r--   1 travis travis   1262 Aug  1 15:25 ModularCG_A1_B2_profile.java
-rw-rw-r--   1 travis travis   5031 Aug  1 15:25 ModularCG_A1.class
-rw-rw-r--   1 travis travis  14742 Aug  1 15:25 ModularCG_A1.java
-rw-rw-r--   1 travis travis    808 Aug  1 15:25 ModularCG_A1.mk
-rw-rw-r--   1 travis travis   1433 Aug  1 15:25 ModularCG_A1_profile.class
-rw-rw-r--   1 travis travis   1704 Aug  1 15:25 ModularCG_A1_profile.java
-rw-rw-r--   1 travis travis   4059 Aug  1 15:25 ModularCG_A2_B1.class
-rw-rw-r--   1 travis travis  10667 Aug  1 15:25 ModularCG_A2_B1.java
-rw-rw-r--   1 travis travis    832 Aug  1 15:25 ModularCG_A2_B1.mk
-rw-rw-r--   1 travis travis   1381 Aug  1 15:25 ModularCG_A2_B1_profile.class
-rw-rw-r--   1 travis travis   1446 Aug  1 15:25 ModularCG_A2_B1_profile.java
-rw-rw-r--   1 travis travis   3925 Aug  1 15:25 ModularCG_A2_B2.class
-rw-rw-r--   1 travis travis   9730 Aug  1 15:25 ModularCG_A2_B2.java
-rw-rw-r--   1 travis travis    832 Aug  1 15:25 ModularCG_A2_B2.mk
-rw-rw-r--   1 travis travis   1318 Aug  1 15:25 ModularCG_A2_B2_profile.class
-rw-rw-r--   1 travis travis   1262 Aug  1 15:25 ModularCG_A2_B2_profile.java
-rw-rw-r--   1 travis travis   5102 Aug  1 15:25 ModularCG_A2.class
-rw-rw-r--   1 travis travis  15129 Aug  1 15:25 ModularCG_A2.java
-rw-rw-r--   1 travis travis    808 Aug  1 15:25 ModularCG_A2.mk
-rw-rw-r--   1 travis travis   1433 Aug  1 15:25 ModularCG_A2_profile.class
-rw-rw-r--   1 travis travis   1704 Aug  1 15:25 ModularCG_A2_profile.java
-rw-rw-r--   1 travis travis   3705 Aug  1 15:25 ModularCGPubSub_A1_A2.class
-rw-rw-r--   1 travis travis   9076 Aug  1 15:25 ModularCGPubSub_A1_A2.java
-rw-rw-r--   1 travis travis    880 Aug  1 15:25 ModularCGPubSub_A1_A2.mk
-rw-rw-r--   1 travis travis   1300 Aug  1 15:25 ModularCGPubSub_A1_A2_profile.class
-rw-rw-r--   1 travis travis   1222 Aug  1 15:25 ModularCGPubSub_A1_A2_profile.java
-rw-rw-r--   1 travis travis   4022 Aug  1 15:25 ModularCGPubSub_A1.class
-rw-rw-r--   1 travis travis   9836 Aug  1 15:25 ModularCGPubSub_A1.java
-rw-rw-r--   1 travis travis    856 Aug  1 15:25 ModularCGPubSub_A1.mk
-rw-rw-r--   1 travis travis   1346 Aug  1 15:25 ModularCGPubSub_A1_profile.class
-rw-rw-r--   1 travis travis   1388 Aug  1 15:25 ModularCGPubSub_A1_profile.java
-rw-rw-r--   1 travis travis   4220 Aug  1 15:25 ModularCodeGen2_ModularCodeGenTypedCompositeActor.class
-rw-rw-r--   1 travis travis  11690 Aug  1 15:25 ModularCodeGen2_ModularCodeGenTypedCompositeActor.java
-rw-rw-r--   1 travis travis   1104 Aug  1 15:25 ModularCodeGen2_ModularCodeGenTypedCompositeActor.mk
-rw-rw-r--   1 travis travis   4504 Aug  1 15:25 ModularCodeGen2_ModularCodeGenTypedCompositeActor_ModularCodeGenTypedCompositeActor.class
-rw-rw-r--   1 travis travis  11790 Aug  1 15:25 ModularCodeGen2_ModularCodeGenTypedCompositeActor_ModularCodeGenTypedCompositeActor.java
-rw-rw-r--   1 travis travis   1376 Aug  1 15:25 ModularCodeGen2_ModularCodeGenTypedCompositeActor_ModularCodeGenTypedCompositeActor.mk
-rw-rw-r--   1 travis travis   1421 Aug  1 15:25 ModularCodeGen2_ModularCodeGenTypedCompositeActor_ModularCodeGenTypedCompositeActor_profile.class
-rw-rw-r--   1 travis travis   1294 Aug  1 15:25 ModularCodeGen2_ModularCodeGenTypedCompositeActor_ModularCodeGenTypedCompositeActor_profile.java
-rw-rw-r--   1 travis travis    820 Aug  1 15:25 ModularCodeGen2_ModularCodeGenTypedCompositeActor_profile.class
-rw-rw-r--   1 travis travis    693 Aug  1 15:25 ModularCodeGen2_ModularCodeGenTypedCompositeActor_profile.java
-rw-rw-r--   1 travis travis   1274 Aug  1 15:25 ModularCodeGen3_A1_B1_profile.java
-rw-rw-r--   1 travis travis   4186 Aug  1 15:25 ModularCodeGen_ModularCodeGenTypedCompositeActor.class
-rw-rw-r--   1 travis travis  10970 Aug  1 15:25 ModularCodeGen_ModularCodeGenTypedCompositeActor.java
-rw-rw-r--   1 travis travis   1096 Aug  1 15:25 ModularCodeGen_ModularCodeGenTypedCompositeActor.mk
-rw-rw-r--   1 travis travis   1384 Aug  1 15:25 ModularCodeGen_ModularCodeGenTypedCompositeActor_profile.class
-rw-rw-r--   1 travis travis   1328 Aug  1 15:25 ModularCodeGen_ModularCodeGenTypedCompositeActor_profile.java
-rw-rw-r--   1 travis travis   3724 Aug  1 15:25 ModularCodeGenTest_A1_A2.class
-rw-rw-r--   1 travis travis   9164 Aug  1 15:25 ModularCodeGenTest_A1_A2.java
-rw-rw-r--   1 travis travis   1306 Aug  1 15:25 ModularCodeGenTest_A1_A2_profile.class
-rw-rw-r--   1 travis travis   4055 Aug  1 15:25 ModularCodeGenTest_A1.class
-rw-rw-r--   1 travis travis   9968 Aug  1 15:25 ModularCodeGenTest_A1.java
-rw-rw-r--   1 travis travis    880 Aug  1 15:25 ModularCodeGenTest_A1.mk
-rw-rw-r--   1 travis travis   1352 Aug  1 15:25 ModularCodeGenTest_A1_profile.class
-rw-rw-r--   1 travis travis   1394 Aug  1 15:25 ModularCodeGenTest_A1_profile.java
drwxrwxr-x   3 travis travis  32768 Aug  1 15:24 modulation2
drwxrwxr-x 183 travis travis  12288 Aug  1 15:25 node_modules
drwxrwxr-x   3 travis travis  20480 Aug  1 15:21 PhaseUnwrap
drwxrwxr-x   3 travis travis  12288 Aug  1 15:21 ReadFile1
-rw-rw-r--   1 travis travis     11 Aug  1 15:21 ReadFile1Output.txt
-rw-rw-r--   1 travis travis  13773 Aug  1 15:24 Repeat.class
-rw-rw-r--   1 travis travis    685 Aug  1 15:24 Repeat$_fireFunction_Repeat_Repeat$__f_sL_11.class
-rw-rw-r--   1 travis travis    541 Aug  1 15:24 Repeat$_fireFunction_Repeat_Repeat$__f_sL_12.class
-rw-rw-r--   1 travis travis    541 Aug  1 15:24 Repeat$_fireFunction_Repeat_Repeat$__f_sL_13.class
-rw-rw-r--   1 travis travis    541 Aug  1 15:24 Repeat$_fireFunction_Repeat_Repeat$__f_sL_14.class
-rw-rw-r--   1 travis travis    684 Aug  1 15:24 Repeat$_fireFunction_Repeat_Repeat$__f_sL_1.class
-rw-rw-r--   1 travis travis    683 Aug  1 15:24 Repeat$_fireFunction_Repeat_Repeat$__f_sL_4.class
-rw-rw-r--   1 travis travis    539 Aug  1 15:24 Repeat$_fireFunction_Repeat_Repeat$__f_sL_9.class
-rw-rw-r--   1 travis travis    494 Aug  1 15:24 Repeat$_initialize_Repeat$__i_sL_2.class
-rw-rw-r--   1 travis travis   1281 Aug  1 15:24 Repeat.mk
-rw-rw-r--   1 travis travis    539 Aug  1 15:24 Repeat$_preinitializeMethod_Repeat$__p_sL_0.class
-rw-rw-r--   1 travis travis   1102 Aug  1 15:24 Repeat$_Repeat$_fireFunction_Repeat_AddSubtract_Repeat.class
-rw-rw-r--   1 travis travis    810 Aug  1 15:24 Repeat$_Repeat$_fireFunction_Repeat_AddSubtract_Repeat$__f_sL_0.class
-rw-rw-r--   1 travis travis    928 Aug  1 15:24 Repeat$_Repeat$_fireFunction_Repeat_AddSubtract_Repeat$__f_sL_1.class
-rw-rw-r--   1 travis travis    934 Aug  1 15:24 Repeat$_Repeat$_fireFunction_Repeat_AddSubtract_Repeat$__f_sL_2.class
-rw-rw-r--   1 travis travis    862 Aug  1 15:24 Repeat$_Repeat$_fireFunction_Repeat_AddSubtract_Repeat$__f_sL_3.class
-rw-rw-r--   1 travis travis    757 Aug  1 15:24 Repeat$_Repeat$_fireFunction_Repeat_Ramp2_Repeat$__f_sL_0.class
-rw-rw-r--   1 travis travis    888 Aug  1 15:24 Repeat$_Repeat$_fireFunction_Repeat_Test_Repeat$__f_sL_0.class
-rw-rw-r--   1 travis travis    634 Aug  1 15:24 Repeat$_Repeat$_fireFunction_Repeat_Test_Repeat$__f_sL_1.class
-rw-rw-r--   1 travis travis    704 Aug  1 15:24 Repeat$_Repeat_SDF_Director_run_Repeat$__R_sL_0.class
-rw-rw-r--   1 travis travis    705 Aug  1 15:24 Repeat$_Repeat_SDF_Director_run_Repeat$__R_sL_11.class
-rw-rw-r--   1 travis travis    561 Aug  1 15:24 Repeat$_Repeat_SDF_Director_run_Repeat$__R_sL_13.class
-rw-rw-r--   1 travis travis    559 Aug  1 15:24 Repeat$_Repeat_SDF_Director_run_Repeat$__R_sL_2.class
-rw-rw-r--   1 travis travis    703 Aug  1 15:24 Repeat$_Repeat_SDF_Director_run_Repeat$__R_sL_3.class
-rw-rw-r--   1 travis travis    559 Aug  1 15:24 Repeat$_Repeat_SDF_Director_run_Repeat$__R_sL_5.class
-rw-rw-r--   1 travis travis    559 Aug  1 15:24 Repeat$_Repeat_SDF_Director_run_Repeat$__R_sL_8.class
drwxrwxr-x   2 travis travis   4096 Aug  1 15:24 RepeatVariables
-rw-rw-r--   1 travis travis    882 Aug  1 15:24 Repeat$_varinit_Repeat.class
-rw-rw-r--   1 travis travis    550 Aug  1 15:24 Repeat$_varinit_Repeat$__v_sL_2.class
-rw-rw-r--   1 travis travis    924 Aug  1 15:24 Repeat$_varinit_Repeat$__v_sL_4.class
-rw-rw-r--   1 travis travis    978 Aug  1 15:24 Repeat$_wrapup_Repeat$__w_sL_1.class
drwxrwxr-x   3 travis travis  20480 Aug  1 15:21 Sinewave
drwxrwxr-x   3 travis travis  32768 Aug  1 15:23 StringFunction
drwxrwxr-x   3 travis travis  12288 Aug  1 15:23 StringLength
drwxrwxr-x   3 travis travis  61440 Aug  1 15:23 StringMatches2
drwxrwxr-x   3 travis travis  61440 Aug  1 15:23 StringSimpleReplace
drwxrwxr-x   3 travis travis  65536 Aug  1 15:23 StringSubstring
drwxrwxr-x   3 travis travis  24576 Aug  1 15:24 StringSubstring2
drwxrwxr-x   3 travis travis  16384 Aug  1 15:24 time1
drwxrwxr-x   3 travis travis  12288 Aug  1 15:24 time5
-rw-rw-r--   1 travis travis    432 Aug  1 15:25 Token.class
-rw-rw-r--   1 travis travis    251 Aug  1 15:25 Token.java
-rwxrwxr-x   1 travis travis 466992 Aug  1 15:18 top
-rw-rw-r--   1 travis travis  20502 Aug  1 15:18 top.c
-rw-rw-r--   1 travis travis   3799 Aug  1 15:24 top.class
-rw-rw-r--   1 travis travis   1257 Aug  1 15:24 top.mk
All Done
Writing ModularCodeGen3_A1_B1.java in file:/home/travis/cg/ (9958 characters)
Reading "ptolemy/cg/kernel/generic/program/procedural/java/modular/makefile.in",
    writing "/home/travis/cg/ModularCodeGen3_A1_B1.mk"
Using ptolemy/cg/kernel/generic/program/procedural/java/modular/makefile.in
In "/home/travis/cg", about to execute:
    make -f ModularCodeGen3_A1_B1.mk
javac -classpath ".:.."    ModularCodeGen3_A1_B1.java
All Done
In "/home/travis/cg", about to execute:
    pwd
In "/home/travis/cg", about to execute:
    ls -l
/home/travis/cg
total 1760
drwxrwxr-x   3 travis travis  12288 Aug  1 15:20 AbsoluteValue
drwxrwxr-x   3 travis travis 102400 Aug  1 15:19 AllColt
drwxrwxr-x   3 travis travis  12288 Aug  1 15:19 Case1
-rw-rw-r--   1 travis travis   5128 Aug  1 15:25 CompiledCompositeActor_CompiledCompositeActor.class
-rw-rw-r--   1 travis travis   1611 Aug  1 15:25 CompiledCompositeActor_CompiledCompositeActor$_CompiledCompositeActor_CompiledCompositeActor.class
-rw-rw-r--   1 travis travis  13466 Aug  1 15:25 CompiledCompositeActor_CompiledCompositeActor.java
-rw-rw-r--   1 travis travis   1593 Aug  1 15:25 CompiledCompositeActor_CompiledCompositeActor.mk
drwxrwxr-x   5 travis travis   4096 Aug  1 15:18 fmi
drwxrwxr-x   3 travis travis  16384 Aug  1 15:20 Gaussian2
-rw-rw-r--   1 travis travis   4684 Aug  1 15:25 JavaCompiledCompositeTest1_CompiledCompositeActor.class
-rw-rw-r--   1 travis travis  11637 Aug  1 15:25 JavaCompiledCompositeTest1_CompiledCompositeActor.java
-rw-rw-r--   1 travis travis   1217 Aug  1 15:25 JavaCompiledCompositeTest1_CompiledCompositeActor$_JavaCompiledCompositeTest1_CompiledCompositeActor.class
-rw-rw-r--   1 travis travis   1625 Aug  1 15:25 JavaCompiledCompositeTest1_CompiledCompositeActor.mk
-rw-rw-r--   1 travis travis   5115 Aug  1 15:25 JavaCompiledCompositeTest2_CompiledCompositeActor.class
-rw-rw-r--   1 travis travis  14919 Aug  1 15:25 JavaCompiledCompositeTest2_CompiledCompositeActor.java
-rw-rw-r--   1 travis travis   1812 Aug  1 15:25 JavaCompiledCompositeTest2_CompiledCompositeActor$_JavaCompiledCompositeTest2_CompiledCompositeActor.class
-rw-rw-r--   1 travis travis   1625 Aug  1 15:25 JavaCompiledCompositeTest2_CompiledCompositeActor.mk
-rw-rw-r--   1 travis travis   4732 Aug  1 15:25 JavaCompiledCompositeTest3_CompiledCompositeActor.class
-rw-rw-r--   1 travis travis  13080 Aug  1 15:25 JavaCompiledCompositeTest3_CompiledCompositeActor.java
-rw-rw-r--   1 travis travis   1397 Aug  1 15:25 JavaCompiledCompositeTest3_CompiledCompositeActor$_JavaCompiledCompositeTest3_CompiledCompositeActor.class
-rw-rw-r--   1 travis travis   1625 Aug  1 15:25 JavaCompiledCompositeTest3_CompiledCompositeActor.mk
-rw-rw-r--   1 travis travis   4183 Aug  1 15:25 JavaCompiledCompositeTest4_CompiledCompositeActor.class
-rw-rw-r--   1 travis travis   9687 Aug  1 15:25 JavaCompiledCompositeTest4_CompiledCompositeActor.java
-rw-rw-r--   1 travis travis    876 Aug  1 15:25 JavaCompiledCompositeTest4_CompiledCompositeActor$_JavaCompiledCompositeTest4_CompiledCompositeActor.class
-rw-rw-r--   1 travis travis   1625 Aug  1 15:25 JavaCompiledCompositeTest4_CompiledCompositeActor.mk
drwxrwxr-x   3 travis travis  12288 Aug  1 15:20 LookupTable
drwxrwxr-x   3 travis travis  20480 Aug  1 15:20 MaxIndex
-rw-rw-r--   1 travis travis   3925 Aug  1 15:25 ModularCG_A1_B1.class
-rw-rw-r--   1 travis travis   9730 Aug  1 15:25 ModularCG_A1_B1.java
-rw-rw-r--   1 travis travis    832 Aug  1 15:25 ModularCG_A1_B1.mk
-rw-rw-r--   1 travis travis   1318 Aug  1 15:25 ModularCG_A1_B1_profile.class
-rw-rw-r--   1 travis travis   1262 Aug  1 15:25 ModularCG_A1_B1_profile.java
-rw-rw-r--   1 travis travis   3925 Aug  1 15:25 ModularCG_A1_B2.class
-rw-rw-r--   1 travis travis   9730 Aug  1 15:25 ModularCG_A1_B2.java
-rw-rw-r--   1 travis travis    832 Aug  1 15:25 ModularCG_A1_B2.mk
-rw-rw-r--   1 travis travis   1318 Aug  1 15:25 ModularCG_A1_B2_profile.class
-rw-rw-r--   1 travis travis   1262 Aug  1 15:25 ModularCG_A1_B2_profile.java
-rw-rw-r--   1 travis travis   5031 Aug  1 15:25 ModularCG_A1.class
-rw-rw-r--   1 travis travis  14742 Aug  1 15:25 ModularCG_A1.java
-rw-rw-r--   1 travis travis    808 Aug  1 15:25 ModularCG_A1.mk
-rw-rw-r--   1 travis travis   1433 Aug  1 15:25 ModularCG_A1_profile.class
-rw-rw-r--   1 travis travis   1704 Aug  1 15:25 ModularCG_A1_profile.java
-rw-rw-r--   1 travis travis   4059 Aug  1 15:25 ModularCG_A2_B1.class
-rw-rw-r--   1 travis travis  10667 Aug  1 15:25 ModularCG_A2_B1.java
-rw-rw-r--   1 travis travis    832 Aug  1 15:25 ModularCG_A2_B1.mk
-rw-rw-r--   1 travis travis   1381 Aug  1 15:25 ModularCG_A2_B1_profile.class
-rw-rw-r--   1 travis travis   1446 Aug  1 15:25 ModularCG_A2_B1_profile.java
-rw-rw-r--   1 travis travis   3925 Aug  1 15:25 ModularCG_A2_B2.class
-rw-rw-r--   1 travis travis   9730 Aug  1 15:25 ModularCG_A2_B2.java
-rw-rw-r--   1 travis travis    832 Aug  1 15:25 ModularCG_A2_B2.mk
-rw-rw-r--   1 travis travis   1318 Aug  1 15:25 ModularCG_A2_B2_profile.class
-rw-rw-r--   1 travis travis   1262 Aug  1 15:25 ModularCG_A2_B2_profile.java
-rw-rw-r--   1 travis travis   5102 Aug  1 15:25 ModularCG_A2.class
-rw-rw-r--   1 travis travis  15129 Aug  1 15:25 ModularCG_A2.java
-rw-rw-r--   1 travis travis    808 Aug  1 15:25 ModularCG_A2.mk
-rw-rw-r--   1 travis travis   1433 Aug  1 15:25 ModularCG_A2_profile.class
-rw-rw-r--   1 travis travis   1704 Aug  1 15:25 ModularCG_A2_profile.java
-rw-rw-r--   1 travis travis   3705 Aug  1 15:25 ModularCGPubSub_A1_A2.class
-rw-rw-r--   1 travis travis   9076 Aug  1 15:25 ModularCGPubSub_A1_A2.java
-rw-rw-r--   1 travis travis    880 Aug  1 15:25 ModularCGPubSub_A1_A2.mk
-rw-rw-r--   1 travis travis   1300 Aug  1 15:25 ModularCGPubSub_A1_A2_profile.class
-rw-rw-r--   1 travis travis   1222 Aug  1 15:25 ModularCGPubSub_A1_A2_profile.java
-rw-rw-r--   1 travis travis   4022 Aug  1 15:25 ModularCGPubSub_A1.class
-rw-rw-r--   1 travis travis   9836 Aug  1 15:25 ModularCGPubSub_A1.java
-rw-rw-r--   1 travis travis    856 Aug  1 15:25 ModularCGPubSub_A1.mk
-rw-rw-r--   1 travis travis   1346 Aug  1 15:25 ModularCGPubSub_A1_profile.class
-rw-rw-r--   1 travis travis   1388 Aug  1 15:25 ModularCGPubSub_A1_profile.java
-rw-rw-r--   1 travis travis   4220 Aug  1 15:25 ModularCodeGen2_ModularCodeGenTypedCompositeActor.class
-rw-rw-r--   1 travis travis  11690 Aug  1 15:25 ModularCodeGen2_ModularCodeGenTypedCompositeActor.java
-rw-rw-r--   1 travis travis   1104 Aug  1 15:25 ModularCodeGen2_ModularCodeGenTypedCompositeActor.mk
-rw-rw-r--   1 travis travis   4504 Aug  1 15:25 ModularCodeGen2_ModularCodeGenTypedCompositeActor_ModularCodeGenTypedCompositeActor.class
-rw-rw-r--   1 travis travis  11790 Aug  1 15:25 ModularCodeGen2_ModularCodeGenTypedCompositeActor_ModularCodeGenTypedCompositeActor.java
-rw-rw-r--   1 travis travis   1376 Aug  1 15:25 ModularCodeGen2_ModularCodeGenTypedCompositeActor_ModularCodeGenTypedCompositeActor.mk
-rw-rw-r--   1 travis travis   1421 Aug  1 15:25 ModularCodeGen2_ModularCodeGenTypedCompositeActor_ModularCodeGenTypedCompositeActor_profile.class
-rw-rw-r--   1 travis travis   1294 Aug  1 15:25 ModularCodeGen2_ModularCodeGenTypedCompositeActor_ModularCodeGenTypedCompositeActor_profile.java
-rw-rw-r--   1 travis travis    820 Aug  1 15:25 ModularCodeGen2_ModularCodeGenTypedCompositeActor_profile.class
-rw-rw-r--   1 travis travis    693 Aug  1 15:25 ModularCodeGen2_ModularCodeGenTypedCompositeActor_profile.java
-rw-rw-r--   1 travis travis   3973 Aug  1 15:25 ModularCodeGen3_A1_B1.class
-rw-rw-r--   1 travis travis   9958 Aug  1 15:25 ModularCodeGen3_A1_B1.java
-rw-rw-r--   1 travis travis    880 Aug  1 15:25 ModularCodeGen3_A1_B1.mk
-rw-rw-r--   1 travis travis   1330 Aug  1 15:25 ModularCodeGen3_A1_B1_profile.class
-rw-rw-r--   1 travis travis   1274 Aug  1 15:25 ModularCodeGen3_A1_B1_profile.java
-rw-rw-r--   1 travis travis   1274 Aug  1 15:25 ModularCodeGen3_A1_B2_profile.java
-rw-rw-r--   1 travis travis   4186 Aug  1 15:25 ModularCodeGen_ModularCodeGenTypedCompositeActor.class
-rw-rw-r--   1 travis travis  10970 Aug  1 15:25 ModularCodeGen_ModularCodeGenTypedCompositeActor.java
-rw-rw-r--   1 travis travis   1096 Aug  1 15:25 ModularCodeGen_ModularCodeGenTypedCompositeActor.mk
-rw-rw-r--   1 travis travis   1384 Aug  1 15:25 ModularCodeGen_ModularCodeGenTypedCompositeActor_profile.class
-rw-rw-r--   1 travis travis   1328 Aug  1 15:25 ModularCodeGen_ModularCodeGenTypedCompositeActor_profile.java
-rw-rw-r--   1 travis travis   3724 Aug  1 15:25 ModularCodeGenTest_A1_A2.class
-rw-rw-r--   1 travis travis   9164 Aug  1 15:25 ModularCodeGenTest_A1_A2.java
-rw-rw-r--   1 travis travis   1306 Aug  1 15:25 ModularCodeGenTest_A1_A2_profile.class
-rw-rw-r--   1 travis travis   4055 Aug  1 15:25 ModularCodeGenTest_A1.class
-rw-rw-r--   1 travis travis   9968 Aug  1 15:25 ModularCodeGenTest_A1.java
-rw-rw-r--   1 travis travis    880 Aug  1 15:25 ModularCodeGenTest_A1.mk
-rw-rw-r--   1 travis travis   1352 Aug  1 15:25 ModularCodeGenTest_A1_profile.class
-rw-rw-r--   1 travis travis   1394 Aug  1 15:25 ModularCodeGenTest_A1_profile.java
drwxrwxr-x   3 travis travis  32768 Aug  1 15:24 modulation2
drwxrwxr-x 183 travis travis  12288 Aug  1 15:25 node_modules
drwxrwxr-x   3 travis travis  20480 Aug  1 15:21 PhaseUnwrap
drwxrwxr-x   3 travis travis  12288 Aug  1 15:21 ReadFile1
-rw-rw-r--   1 travis travis     11 Aug  1 15:21 ReadFile1Output.txt
-rw-rw-r--   1 travis travis  13773 Aug  1 15:24 Repeat.class
-rw-rw-r--   1 travis travis    685 Aug  1 15:24 Repeat$_fireFunction_Repeat_Repeat$__f_sL_11.class
-rw-rw-r--   1 travis travis    541 Aug  1 15:24 Repeat$_fireFunction_Repeat_Repeat$__f_sL_12.class
-rw-rw-r--   1 travis travis    541 Aug  1 15:24 Repeat$_fireFunction_Repeat_Repeat$__f_sL_13.class
-rw-rw-r--   1 travis travis    541 Aug  1 15:24 Repeat$_fireFunction_Repeat_Repeat$__f_sL_14.class
-rw-rw-r--   1 travis travis    684 Aug  1 15:24 Repeat$_fireFunction_Repeat_Repeat$__f_sL_1.class
-rw-rw-r--   1 travis travis    683 Aug  1 15:24 Repeat$_fireFunction_Repeat_Repeat$__f_sL_4.class
-rw-rw-r--   1 travis travis    539 Aug  1 15:24 Repeat$_fireFunction_Repeat_Repeat$__f_sL_9.class
-rw-rw-r--   1 travis travis    494 Aug  1 15:24 Repeat$_initialize_Repeat$__i_sL_2.class
-rw-rw-r--   1 travis travis   1281 Aug  1 15:24 Repeat.mk
-rw-rw-r--   1 travis travis    539 Aug  1 15:24 Repeat$_preinitializeMethod_Repeat$__p_sL_0.class
-rw-rw-r--   1 travis travis   1102 Aug  1 15:24 Repeat$_Repeat$_fireFunction_Repeat_AddSubtract_Repeat.class
-rw-rw-r--   1 travis travis    810 Aug  1 15:24 Repeat$_Repeat$_fireFunction_Repeat_AddSubtract_Repeat$__f_sL_0.class
-rw-rw-r--   1 travis travis    928 Aug  1 15:24 Repeat$_Repeat$_fireFunction_Repeat_AddSubtract_Repeat$__f_sL_1.class
-rw-rw-r--   1 travis travis    934 Aug  1 15:24 Repeat$_Repeat$_fireFunction_Repeat_AddSubtract_Repeat$__f_sL_2.class
-rw-rw-r--   1 travis travis    862 Aug  1 15:24 Repeat$_Repeat$_fireFunction_Repeat_AddSubtract_Repeat$__f_sL_3.class
-rw-rw-r--   1 travis travis    757 Aug  1 15:24 Repeat$_Repeat$_fireFunction_Repeat_Ramp2_Repeat$__f_sL_0.class
-rw-rw-r--   1 travis travis    888 Aug  1 15:24 Repeat$_Repeat$_fireFunction_Repeat_Test_Repeat$__f_sL_0.class
In "/home/travis/cg", about to execute:
    javac -classpath
.:/home/travis/build/icyphy/ptII:/home/travis/build/icyphy/ptII/lib/bsh-2.0b4.j
ar:/home/travis/build/icyphy/ptII/lib/ptCal.jar:/home/travis/build/icyphy/ptII/
lib/java_cup.jar:/home/travis/build/icyphy/ptII/lib/saxon8.jar:/home/travis/bui
ld/icyphy/ptII/lib/saxon8-dom.jar:/home/travis/build/icyphy/ptII/lib/chic.jar:/
home/travis/build/icyphy/ptII/lib/ptcolt.jar:/home/travis/build/icyphy/ptII/ven
dors/misc/itext/iText.jar:/home/travis/build/icyphy/ptII/lib/g4ltl.jar:/home/tr
avis/build/icyphy/ptII/lib/StructuralCoder.jar:/home/travis/build/icyphy/ptII/l
ib/jcerti.jar:/home/travis/build/icyphy/ptII/lib/javax.mail.jar:/home/travis/bu
ild/icyphy/ptII/vendors/JMF-2.1.1e/lib/jmf.jar:/home/travis/build/icyphy/ptII/l
ib/jna-4.0.0-variadic.jar:/home/travis/build/icyphy/ptII/vendors/misc/joystick/
Joystick.jar:/home/travis/build/icyphy/ptII/lib/ptjacl.jar:/home/travis/build/i
cyphy/ptII/lib/jsoup-1.8.2.jar:/home/travis/build/icyphy/ptII/lib/junit-4.8.2.j
ar:/home/travis/build/icyphy/ptII/lib/JUnitParams-0.4.0.jar:/home/travis/build/
icyphy/ptII/ptolemy/actor/lib/excel/jxl.jar:/home/travis/build/icyphy/ptII/lib/
jython.jar:/home/travis/build/icyphy/ptII/lib/kieler.jar:/home/travis/build/icy
phy/ptII/vendors/opencv/share/OpenCV/java/opencv-341.jar:/home/travis/build/icy
phy/ptII/lib/oscP5.jar:/home/travis/build/icyphy/ptII/lib/nrjavaserial-3.11.0.d
evel.jar:/home/travis/build/icyphy/ptII/vendors/j3d/lib/Linux/j3dcore.jar:/home
/travis/build/icyphy/ptII/vendors/j3d/lib/Linux/j3dutils.jar:/home/travis/build
/icyphy/ptII/vendors/j3d/lib/Linux/vecmath.jar:/home/travis/build/icyphy/ptII/v
endors/jogl/lib/Linux/gluegen-rt-natives-linux-amd64.jar:/home/travis/build/icy
phy/ptII/vendors/jogl/lib/Linux/gluegen-rt.jar:/home/travis/build/icyphy/ptII/v
endors/jogl/lib/Linux/jogl-all-natives-linux-amd64.jar:/home/travis/build/icyph
y/ptII/vendors/jogl/lib/Linux/jogl-all.jar:/home/travis/build/icyphy/ptII/ptole
my/distributed/jini/jar/jini-core.jar:/home/travis/build/icyphy/ptII/ptolemy/di
stributed/jini/jar/jini-ext.jar:/home/travis/build/icyphy/ptII/ptolemy/distribu
ted/jini/jar/sun-util.jar:/home/travis/build/icyphy/ptII/lib/protobuf-java-2.4.
1.jar:/home/travis/build/icyphy/ptII/lib/org.eclipse.paho.client.mqttv3.jar:/ho
me/travis/build/icyphy/ptII/lib/mapss.jar:/home/travis/build/icyphy/ptII/ptolem
y/actor/ptalon/antlr/antlr.jar:/home/travis/build/icyphy/ptII/lib/JRI.jar:/home
/travis/build/icyphy/ptII/lib/commons-lang-2.6.jar:/home/travis/build/icyphy/pt
II/lib/commons-logging-1.1.1.jar:/home/travis/build/icyphy/ptII/lib/sootclasses
.jar:/home/travis/build/icyphy/ptII/ptolemy/actor/lib/database/mysql-connector-
java-5.1.6-bin.jar:/home/travis/build/icyphy/ptII/vendors/misc/sphinx4/sphinx4-
data-5prealpha.jar:/home/travis/build/icyphy/ptII/vendors/misc/sphinx4/sphinx4-
core-5prealpha.jar:/home/travis/build/icyphy/ptII/lib/PDFRenderer.jar:/home/tra
vis/build/icyphy/ptII/lib/svgSalamander.jar:/home/travis/build/icyphy/ptII/lib/
rsyntaxtextarea-2.6.0-SNAPSHOT.jar:/home/travis/build/icyphy/ptII/lib/hazelcast
-3.8.2.jar:/home/travis/build/icyphy/ptII/lib/jackson-annotations-2.9.0.jar:/ho
me/travis/build/icyphy/ptII/lib/jackson-core-2.9.3.jar:/home/travis/build/icyph
y/ptII/lib/jackson-databind-2.9.3.jar:/home/travis/build/icyphy/ptII/lib/netty-
buffer-4.1.19.Final.jar:/home/travis/build/icyphy/ptII/lib/netty-codec-4.1.19.F
inal.jar:/home/travis/build/icyphy/ptII/lib/netty-codec-dns-4.1.19.Final.jar:/h
ome/travis/build/icyphy/ptII/lib/netty-codec-http-4.1.19.Final.jar:/home/travis
/build/icyphy/ptII/lib/netty-codec-http2-4.1.19.Final.jar:/home/travis/build/ic
yphy/ptII/lib/netty-common-4.1.19.Final.jar:/home/travis/build/icyphy/ptII/lib/
netty-handler-4.1.19.Final.jar:/home/travis/build/icyphy/ptII/lib/netty-resolve
r-4.1.19.Final.jar:/home/travis/build/icyphy/ptII/lib/netty-resolver-dns-4.1.19
.Final.jar:/home/travis/build/icyphy/ptII/lib/netty-transport-4.1.19.Final.jar:
/home/travis/build/icyphy/ptII/lib/vertx-codegen-3.5.1.jar:/home/travis/build/i
cyphy/ptII/lib/vertx-core-3.5.2-SNAPSHOT.jar:/home/travis/build/icyphy/ptII/lib
/vertx-hazelcast-3.5.1.jar:/home/travis/build/icyphy/ptII/lib/vertx-lang-js-3.5
.1.jar:/home/travis/build/icyphy/ptII/lib/vertx-service-proxy-3.5.1.jar:/home/t
ravis/build/icyphy/ptII/lib/vertx-web-3.5.1.jar:/home/travis/build/icyphy/ptII/
lib/slf4j-api-1.7.13.jar:/home/travis/build/icyphy/ptII/lib/slf4j-simple-1.7.13
.jar:/home/travis/build/icyphy/ptII/lib/webcam-capture-0.3.12.jar:/home/travis/
build/icyphy/ptII/lib/bridj-0.7.0.jar:/home/travis/build/icyphy/ptII/lib/xbjlib
-1.1.0.nrjavaserial.jar:/home/travis/build/icyphy/ptII/ptolemy/moml/test:/home/
travis/build/icyphy/ptII/ant/lib/ant-launcher.jar:/home/travis/build/icyphy/ptI
I/ant/lib/ant.jar:/home/travis/build/icyphy/ptII/ant/lib/ant-junit.jar:/home/tr
avis/build/icyphy/ptII/ant/lib/ant-junit4.jar:/home/travis/build/icyphy/ptII
ModularCodeGen3_A1_B2_profile.java
-rw-rw-r--   1 travis travis    634 Aug  1 15:24 Repeat$_Repeat$_fireFunction_Repeat_Test_Repeat$__f_sL_1.class
-rw-rw-r--   1 travis travis    704 Aug  1 15:24 Repeat$_Repeat_SDF_Director_run_Repeat$__R_sL_0.class
-rw-rw-r--   1 travis travis    705 Aug  1 15:24 Repeat$_Repeat_SDF_Director_run_Repeat$__R_sL_11.class
-rw-rw-r--   1 travis travis    561 Aug  1 15:24 Repeat$_Repeat_SDF_Director_run_Repeat$__R_sL_13.class
-rw-rw-r--   1 travis travis    559 Aug  1 15:24 Repeat$_Repeat_SDF_Director_run_Repeat$__R_sL_2.class
-rw-rw-r--   1 travis travis    703 Aug  1 15:24 Repeat$_Repeat_SDF_Director_run_Repeat$__R_sL_3.class
-rw-rw-r--   1 travis travis    559 Aug  1 15:24 Repeat$_Repeat_SDF_Director_run_Repeat$__R_sL_5.class
-rw-rw-r--   1 travis travis    559 Aug  1 15:24 Repeat$_Repeat_SDF_Director_run_Repeat$__R_sL_8.class
drwxrwxr-x   2 travis travis   4096 Aug  1 15:24 RepeatVariables
-rw-rw-r--   1 travis travis    882 Aug  1 15:24 Repeat$_varinit_Repeat.class
-rw-rw-r--   1 travis travis    550 Aug  1 15:24 Repeat$_varinit_Repeat$__v_sL_2.class
-rw-rw-r--   1 travis travis    924 Aug  1 15:24 Repeat$_varinit_Repeat$__v_sL_4.class
-rw-rw-r--   1 travis travis    978 Aug  1 15:24 Repeat$_wrapup_Repeat$__w_sL_1.class
drwxrwxr-x   3 travis travis  20480 Aug  1 15:21 Sinewave
drwxrwxr-x   3 travis travis  32768 Aug  1 15:23 StringFunction
drwxrwxr-x   3 travis travis  12288 Aug  1 15:23 StringLength
drwxrwxr-x   3 travis travis  61440 Aug  1 15:23 StringMatches2
drwxrwxr-x   3 travis travis  61440 Aug  1 15:23 StringSimpleReplace
drwxrwxr-x   3 travis travis  65536 Aug  1 15:23 StringSubstring
drwxrwxr-x   3 travis travis  24576 Aug  1 15:24 StringSubstring2
drwxrwxr-x   3 travis travis  16384 Aug  1 15:24 time1
drwxrwxr-x   3 travis travis  12288 Aug  1 15:24 time5
-rw-rw-r--   1 travis travis    432 Aug  1 15:25 Token.class
-rw-rw-r--   1 travis travis    251 Aug  1 15:25 Token.java
-rwxrwxr-x   1 travis travis 466992 Aug  1 15:18 top
-rw-rw-r--   1 travis travis  20502 Aug  1 15:18 top.c
-rw-rw-r--   1 travis travis   3799 Aug  1 15:24 top.class
-rw-rw-r--   1 travis travis   1257 Aug  1 15:24 top.mk
All Done
Writing ModularCodeGen3_A1_B2.java in file:/home/travis/cg/ (9958 characters)
Reading "ptolemy/cg/kernel/generic/program/procedural/java/modular/makefile.in",
    writing "/home/travis/cg/ModularCodeGen3_A1_B2.mk"
Using ptolemy/cg/kernel/generic/program/procedural/java/modular/makefile.in
In "/home/travis/cg", about to execute:
    make -f ModularCodeGen3_A1_B2.mk
javac -classpath ".:.."    ModularCodeGen3_A1_B2.java
All Done
In "/home/travis/cg", about to execute:
    pwd
/home/travis/cg
In "/home/travis/cg", about to execute:
    ls -l
total 1788
drwxrwxr-x   3 travis travis  12288 Aug  1 15:20 AbsoluteValue
drwxrwxr-x   3 travis travis 102400 Aug  1 15:19 AllColt
drwxrwxr-x   3 travis travis  12288 Aug  1 15:19 Case1
-rw-rw-r--   1 travis travis   5128 Aug  1 15:25 CompiledCompositeActor_CompiledCompositeActor.class
-rw-rw-r--   1 travis travis   1611 Aug  1 15:25 CompiledCompositeActor_CompiledCompositeActor$_CompiledCompositeActor_CompiledCompositeActor.class
-rw-rw-r--   1 travis travis  13466 Aug  1 15:25 CompiledCompositeActor_CompiledCompositeActor.java
-rw-rw-r--   1 travis travis   1593 Aug  1 15:25 CompiledCompositeActor_CompiledCompositeActor.mk
drwxrwxr-x   5 travis travis   4096 Aug  1 15:18 fmi
drwxrwxr-x   3 travis travis  16384 Aug  1 15:20 Gaussian2
-rw-rw-r--   1 travis travis   4684 Aug  1 15:25 JavaCompiledCompositeTest1_CompiledCompositeActor.class
-rw-rw-r--   1 travis travis  11637 Aug  1 15:25 JavaCompiledCompositeTest1_CompiledCompositeActor.java
-rw-rw-r--   1 travis travis   1217 Aug  1 15:25 JavaCompiledCompositeTest1_CompiledCompositeActor$_JavaCompiledCompositeTest1_CompiledCompositeActor.class
-rw-rw-r--   1 travis travis   1625 Aug  1 15:25 JavaCompiledCompositeTest1_CompiledCompositeActor.mk
-rw-rw-r--   1 travis travis   5115 Aug  1 15:25 JavaCompiledCompositeTest2_CompiledCompositeActor.class
-rw-rw-r--   1 travis travis  14919 Aug  1 15:25 JavaCompiledCompositeTest2_CompiledCompositeActor.java
-rw-rw-r--   1 travis travis   1812 Aug  1 15:25 JavaCompiledCompositeTest2_CompiledCompositeActor$_JavaCompiledCompositeTest2_CompiledCompositeActor.class
-rw-rw-r--   1 travis travis   1625 Aug  1 15:25 JavaCompiledCompositeTest2_CompiledCompositeActor.mk
-rw-rw-r--   1 travis travis   4732 Aug  1 15:25 JavaCompiledCompositeTest3_CompiledCompositeActor.class
-rw-rw-r--   1 travis travis  13080 Aug  1 15:25 JavaCompiledCompositeTest3_CompiledCompositeActor.java
-rw-rw-r--   1 travis travis   1397 Aug  1 15:25 JavaCompiledCompositeTest3_CompiledCompositeActor$_JavaCompiledCompositeTest3_CompiledCompositeActor.class
-rw-rw-r--   1 travis travis   1625 Aug  1 15:25 JavaCompiledCompositeTest3_CompiledCompositeActor.mk
-rw-rw-r--   1 travis travis   4183 Aug  1 15:25 JavaCompiledCompositeTest4_CompiledCompositeActor.class
-rw-rw-r--   1 travis travis   9687 Aug  1 15:25 JavaCompiledCompositeTest4_CompiledCompositeActor.java
-rw-rw-r--   1 travis travis    876 Aug  1 15:25 JavaCompiledCompositeTest4_CompiledCompositeActor$_JavaCompiledCompositeTest4_CompiledCompositeActor.class
-rw-rw-r--   1 travis travis   1625 Aug  1 15:25 JavaCompiledCompositeTest4_CompiledCompositeActor.mk
drwxrwxr-x   3 travis travis  12288 Aug  1 15:20 LookupTable
drwxrwxr-x   3 travis travis  20480 Aug  1 15:20 MaxIndex
-rw-rw-r--   1 travis travis   3925 Aug  1 15:25 ModularCG_A1_B1.class
-rw-rw-r--   1 travis travis   9730 Aug  1 15:25 ModularCG_A1_B1.java
-rw-rw-r--   1 travis travis    832 Aug  1 15:25 ModularCG_A1_B1.mk
-rw-rw-r--   1 travis travis   1318 Aug  1 15:25 ModularCG_A1_B1_profile.class
-rw-rw-r--   1 travis travis   1262 Aug  1 15:25 ModularCG_A1_B1_profile.java
-rw-rw-r--   1 travis travis   3925 Aug  1 15:25 ModularCG_A1_B2.class
-rw-rw-r--   1 travis travis   9730 Aug  1 15:25 ModularCG_A1_B2.java
-rw-rw-r--   1 travis travis    832 Aug  1 15:25 ModularCG_A1_B2.mk
-rw-rw-r--   1 travis travis   1318 Aug  1 15:25 ModularCG_A1_B2_profile.class
-rw-rw-r--   1 travis travis   1262 Aug  1 15:25 ModularCG_A1_B2_profile.java
-rw-rw-r--   1 travis travis   5031 Aug  1 15:25 ModularCG_A1.class
-rw-rw-r--   1 travis travis  14742 Aug  1 15:25 ModularCG_A1.java
-rw-rw-r--   1 travis travis    808 Aug  1 15:25 ModularCG_A1.mk
-rw-rw-r--   1 travis travis   1433 Aug  1 15:25 ModularCG_A1_profile.class
-rw-rw-r--   1 travis travis   1704 Aug  1 15:25 ModularCG_A1_profile.java
-rw-rw-r--   1 travis travis   4059 Aug  1 15:25 ModularCG_A2_B1.class
-rw-rw-r--   1 travis travis  10667 Aug  1 15:25 ModularCG_A2_B1.java
-rw-rw-r--   1 travis travis    832 Aug  1 15:25 ModularCG_A2_B1.mk
-rw-rw-r--   1 travis travis   1381 Aug  1 15:25 ModularCG_A2_B1_profile.class
-rw-rw-r--   1 travis travis   1446 Aug  1 15:25 ModularCG_A2_B1_profile.java
-rw-rw-r--   1 travis travis   3925 Aug  1 15:25 ModularCG_A2_B2.class
-rw-rw-r--   1 travis travis   9730 Aug  1 15:25 ModularCG_A2_B2.java
-rw-rw-r--   1 travis travis    832 Aug  1 15:25 ModularCG_A2_B2.mk
-rw-rw-r--   1 travis travis   1318 Aug  1 15:25 ModularCG_A2_B2_profile.class
-rw-rw-r--   1 travis travis   1262 Aug  1 15:25 ModularCG_A2_B2_profile.java
-rw-rw-r--   1 travis travis   5102 Aug  1 15:25 ModularCG_A2.class
-rw-rw-r--   1 travis travis  15129 Aug  1 15:25 ModularCG_A2.java
-rw-rw-r--   1 travis travis    808 Aug  1 15:25 ModularCG_A2.mk
-rw-rw-r--   1 travis travis   1433 Aug  1 15:25 ModularCG_A2_profile.class
-rw-rw-r--   1 travis travis   1704 Aug  1 15:25 ModularCG_A2_profile.java
-rw-rw-r--   1 travis travis   3705 Aug  1 15:25 ModularCGPubSub_A1_A2.class
-rw-rw-r--   1 travis travis   9076 Aug  1 15:25 ModularCGPubSub_A1_A2.java
-rw-rw-r--   1 travis travis    880 Aug  1 15:25 ModularCGPubSub_A1_A2.mk
-rw-rw-r--   1 travis travis   1300 Aug  1 15:25 ModularCGPubSub_A1_A2_profile.class
-rw-rw-r--   1 travis travis   1222 Aug  1 15:25 ModularCGPubSub_A1_A2_profile.java
-rw-rw-r--   1 travis travis   4022 Aug  1 15:25 ModularCGPubSub_A1.class
-rw-rw-r--   1 travis travis   9836 Aug  1 15:25 ModularCGPubSub_A1.java
-rw-rw-r--   1 travis travis    856 Aug  1 15:25 ModularCGPubSub_A1.mk
-rw-rw-r--   1 travis travis   1346 Aug  1 15:25 ModularCGPubSub_A1_profile.class
-rw-rw-r--   1 travis travis   1388 Aug  1 15:25 ModularCGPubSub_A1_profile.java
-rw-rw-r--   1 travis travis   4220 Aug  1 15:25 ModularCodeGen2_ModularCodeGenTypedCompositeActor.class
-rw-rw-r--   1 travis travis  11690 Aug  1 15:25 ModularCodeGen2_ModularCodeGenTypedCompositeActor.java
-rw-rw-r--   1 travis travis   1104 Aug  1 15:25 ModularCodeGen2_ModularCodeGenTypedCompositeActor.mk
-rw-rw-r--   1 travis travis   4504 Aug  1 15:25 ModularCodeGen2_ModularCodeGenTypedCompositeActor_ModularCodeGenTypedCompositeActor.class
-rw-rw-r--   1 travis travis  11790 Aug  1 15:25 ModularCodeGen2_ModularCodeGenTypedCompositeActor_ModularCodeGenTypedCompositeActor.java
-rw-rw-r--   1 travis travis   1376 Aug  1 15:25 ModularCodeGen2_ModularCodeGenTypedCompositeActor_ModularCodeGenTypedCompositeActor.mk
-rw-rw-r--   1 travis travis   1421 Aug  1 15:25 ModularCodeGen2_ModularCodeGenTypedCompositeActor_ModularCodeGenTypedCompositeActor_profile.class
-rw-rw-r--   1 travis travis   1294 Aug  1 15:25 ModularCodeGen2_ModularCodeGenTypedCompositeActor_ModularCodeGenTypedCompositeActor_profile.java
-rw-rw-r--   1 travis travis    820 Aug  1 15:25 ModularCodeGen2_ModularCodeGenTypedCompositeActor_profile.class
-rw-rw-r--   1 travis travis    693 Aug  1 15:25 ModularCodeGen2_ModularCodeGenTypedCompositeActor_profile.java
-rw-rw-r--   1 travis travis   3973 Aug  1 15:25 ModularCodeGen3_A1_B1.class
-rw-rw-r--   1 travis travis   9958 Aug  1 15:25 ModularCodeGen3_A1_B1.java
-rw-rw-r--   1 travis travis    880 Aug  1 15:25 ModularCodeGen3_A1_B1.mk
-rw-rw-r--   1 travis travis   1330 Aug  1 15:25 ModularCodeGen3_A1_B1_profile.class
In "/home/travis/cg", about to execute:
    javac -classpath
.:/home/travis/build/icyphy/ptII:/home/travis/build/icyphy/ptII/lib/bsh-2.0b4.j
ar:/home/travis/build/icyphy/ptII/lib/ptCal.jar:/home/travis/build/icyphy/ptII/
lib/java_cup.jar:/home/travis/build/icyphy/ptII/lib/saxon8.jar:/home/travis/bui
ld/icyphy/ptII/lib/saxon8-dom.jar:/home/travis/build/icyphy/ptII/lib/chic.jar:/
home/travis/build/icyphy/ptII/lib/ptcolt.jar:/home/travis/build/icyphy/ptII/ven
dors/misc/itext/iText.jar:/home/travis/build/icyphy/ptII/lib/g4ltl.jar:/home/tr
avis/build/icyphy/ptII/lib/StructuralCoder.jar:/home/travis/build/icyphy/ptII/l
ib/jcerti.jar:/home/travis/build/icyphy/ptII/lib/javax.mail.jar:/home/travis/bu
ild/icyphy/ptII/vendors/JMF-2.1.1e/lib/jmf.jar:/home/travis/build/icyphy/ptII/l
ib/jna-4.0.0-variadic.jar:/home/travis/build/icyphy/ptII/vendors/misc/joystick/
Joystick.jar:/home/travis/build/icyphy/ptII/lib/ptjacl.jar:/home/travis/build/i
cyphy/ptII/lib/jsoup-1.8.2.jar:/home/travis/build/icyphy/ptII/lib/junit-4.8.2.j
ar:/home/travis/build/icyphy/ptII/lib/JUnitParams-0.4.0.jar:/home/travis/build/
icyphy/ptII/ptolemy/actor/lib/excel/jxl.jar:/home/travis/build/icyphy/ptII/lib/
jython.jar:/home/travis/build/icyphy/ptII/lib/kieler.jar:/home/travis/build/icy
phy/ptII/vendors/opencv/share/OpenCV/java/opencv-341.jar:/home/travis/build/icy
phy/ptII/lib/oscP5.jar:/home/travis/build/icyphy/ptII/lib/nrjavaserial-3.11.0.d
evel.jar:/home/travis/build/icyphy/ptII/vendors/j3d/lib/Linux/j3dcore.jar:/home
/travis/build/icyphy/ptII/vendors/j3d/lib/Linux/j3dutils.jar:/home/travis/build
/icyphy/ptII/vendors/j3d/lib/Linux/vecmath.jar:/home/travis/build/icyphy/ptII/v
endors/jogl/lib/Linux/gluegen-rt-natives-linux-amd64.jar:/home/travis/build/icy
phy/ptII/vendors/jogl/lib/Linux/gluegen-rt.jar:/home/travis/build/icyphy/ptII/v
endors/jogl/lib/Linux/jogl-all-natives-linux-amd64.jar:/home/travis/build/icyph
y/ptII/vendors/jogl/lib/Linux/jogl-all.jar:/home/travis/build/icyphy/ptII/ptole
my/distributed/jini/jar/jini-core.jar:/home/travis/build/icyphy/ptII/ptolemy/di
stributed/jini/jar/jini-ext.jar:/home/travis/build/icyphy/ptII/ptolemy/distribu
ted/jini/jar/sun-util.jar:/home/travis/build/icyphy/ptII/lib/protobuf-java-2.4.
1.jar:/home/travis/build/icyphy/ptII/lib/org.eclipse.paho.client.mqttv3.jar:/ho
me/travis/build/icyphy/ptII/lib/mapss.jar:/home/travis/build/icyphy/ptII/ptolem
y/actor/ptalon/antlr/antlr.jar:/home/travis/build/icyphy/ptII/lib/JRI.jar:/home
/travis/build/icyphy/ptII/lib/commons-lang-2.6.jar:/home/travis/build/icyphy/pt
II/lib/commons-logging-1.1.1.jar:/home/travis/build/icyphy/ptII/lib/sootclasses
.jar:/home/travis/build/icyphy/ptII/ptolemy/actor/lib/database/mysql-connector-
java-5.1.6-bin.jar:/home/travis/build/icyphy/ptII/vendors/misc/sphinx4/sphinx4-
data-5prealpha.jar:/home/travis/build/icyphy/ptII/vendors/misc/sphinx4/sphinx4-
core-5prealpha.jar:/home/travis/build/icyphy/ptII/lib/PDFRenderer.jar:/home/tra
vis/build/icyphy/ptII/lib/svgSalamander.jar:/home/travis/build/icyphy/ptII/lib/
rsyntaxtextarea-2.6.0-SNAPSHOT.jar:/home/travis/build/icyphy/ptII/lib/hazelcast
-3.8.2.jar:/home/travis/build/icyphy/ptII/lib/jackson-annotations-2.9.0.jar:/ho
me/travis/build/icyphy/ptII/lib/jackson-core-2.9.3.jar:/home/travis/build/icyph
y/ptII/lib/jackson-databind-2.9.3.jar:/home/travis/build/icyphy/ptII/lib/netty-
buffer-4.1.19.Final.jar:/home/travis/build/icyphy/ptII/lib/netty-codec-4.1.19.F
inal.jar:/home/travis/build/icyphy/ptII/lib/netty-codec-dns-4.1.19.Final.jar:/h
ome/travis/build/icyphy/ptII/lib/netty-codec-http-4.1.19.Final.jar:/home/travis
/build/icyphy/ptII/lib/netty-codec-http2-4.1.19.Final.jar:/home/travis/build/ic
yphy/ptII/lib/netty-common-4.1.19.Final.jar:/home/travis/build/icyphy/ptII/lib/
netty-handler-4.1.19.Final.jar:/home/travis/build/icyphy/ptII/lib/netty-resolve
r-4.1.19.Final.jar:/home/travis/build/icyphy/ptII/lib/netty-resolver-dns-4.1.19
.Final.jar:/home/travis/build/icyphy/ptII/lib/netty-transport-4.1.19.Final.jar:
/home/travis/build/icyphy/ptII/lib/vertx-codegen-3.5.1.jar:/home/travis/build/i
cyphy/ptII/lib/vertx-core-3.5.2-SNAPSHOT.jar:/home/travis/build/icyphy/ptII/lib
/vertx-hazelcast-3.5.1.jar:/home/travis/build/icyphy/ptII/lib/vertx-lang-js-3.5
.1.jar:/home/travis/build/icyphy/ptII/lib/vertx-service-proxy-3.5.1.jar:/home/t
ravis/build/icyphy/ptII/lib/vertx-web-3.5.1.jar:/home/travis/build/icyphy/ptII/
lib/slf4j-api-1.7.13.jar:/home/travis/build/icyphy/ptII/lib/slf4j-simple-1.7.13
.jar:/home/travis/build/icyphy/ptII/lib/webcam-capture-0.3.12.jar:/home/travis/
build/icyphy/ptII/lib/bridj-0.7.0.jar:/home/travis/build/icyphy/ptII/lib/xbjlib
-1.1.0.nrjavaserial.jar:/home/travis/build/icyphy/ptII/ptolemy/moml/test:/home/
travis/build/icyphy/ptII/ant/lib/ant-launcher.jar:/home/travis/build/icyphy/ptI
I/ant/lib/ant.jar:/home/travis/build/icyphy/ptII/ant/lib/ant-junit.jar:/home/tr
avis/build/icyphy/ptII/ant/lib/ant-junit4.jar:/home/travis/build/icyphy/ptII
ModularCodeGen3_A1_profile.java
-rw-rw-r--   1 travis travis   1274 Aug  1 15:25 ModularCodeGen3_A1_B1_profile.java
-rw-rw-r--   1 travis travis   3973 Aug  1 15:26 ModularCodeGen3_A1_B2.class
-rw-rw-r--   1 travis travis   9958 Aug  1 15:26 ModularCodeGen3_A1_B2.java
-rw-rw-r--   1 travis travis    880 Aug  1 15:26 ModularCodeGen3_A1_B2.mk
-rw-rw-r--   1 travis travis   1330 Aug  1 15:26 ModularCodeGen3_A1_B2_profile.class
-rw-rw-r--   1 travis travis   1274 Aug  1 15:25 ModularCodeGen3_A1_B2_profile.java
-rw-rw-r--   1 travis travis   1716 Aug  1 15:26 ModularCodeGen3_A1_profile.java
-rw-rw-r--   1 travis travis   4186 Aug  1 15:25 ModularCodeGen_ModularCodeGenTypedCompositeActor.class
-rw-rw-r--   1 travis travis  10970 Aug  1 15:25 ModularCodeGen_ModularCodeGenTypedCompositeActor.java
-rw-rw-r--   1 travis travis   1096 Aug  1 15:25 ModularCodeGen_ModularCodeGenTypedCompositeActor.mk
-rw-rw-r--   1 travis travis   1384 Aug  1 15:25 ModularCodeGen_ModularCodeGenTypedCompositeActor_profile.class
-rw-rw-r--   1 travis travis   1328 Aug  1 15:25 ModularCodeGen_ModularCodeGenTypedCompositeActor_profile.java
-rw-rw-r--   1 travis travis   3724 Aug  1 15:25 ModularCodeGenTest_A1_A2.class
-rw-rw-r--   1 travis travis   9164 Aug  1 15:25 ModularCodeGenTest_A1_A2.java
-rw-rw-r--   1 travis travis   1306 Aug  1 15:25 ModularCodeGenTest_A1_A2_profile.class
-rw-rw-r--   1 travis travis   4055 Aug  1 15:25 ModularCodeGenTest_A1.class
-rw-rw-r--   1 travis travis   9968 Aug  1 15:25 ModularCodeGenTest_A1.java
-rw-rw-r--   1 travis travis    880 Aug  1 15:25 ModularCodeGenTest_A1.mk
-rw-rw-r--   1 travis travis   1352 Aug  1 15:25 ModularCodeGenTest_A1_profile.class
-rw-rw-r--   1 travis travis   1394 Aug  1 15:25 ModularCodeGenTest_A1_profile.java
drwxrwxr-x   3 travis travis  32768 Aug  1 15:24 modulation2
drwxrwxr-x 183 travis travis  12288 Aug  1 15:25 node_modules
drwxrwxr-x   3 travis travis  20480 Aug  1 15:21 PhaseUnwrap
drwxrwxr-x   3 travis travis  12288 Aug  1 15:21 ReadFile1
-rw-rw-r--   1 travis travis     11 Aug  1 15:21 ReadFile1Output.txt
-rw-rw-r--   1 travis travis  13773 Aug  1 15:24 Repeat.class
-rw-rw-r--   1 travis travis    685 Aug  1 15:24 Repeat$_fireFunction_Repeat_Repeat$__f_sL_11.class
-rw-rw-r--   1 travis travis    541 Aug  1 15:24 Repeat$_fireFunction_Repeat_Repeat$__f_sL_12.class
-rw-rw-r--   1 travis travis    541 Aug  1 15:24 Repeat$_fireFunction_Repeat_Repeat$__f_sL_13.class
-rw-rw-r--   1 travis travis    541 Aug  1 15:24 Repeat$_fireFunction_Repeat_Repeat$__f_sL_14.class
-rw-rw-r--   1 travis travis    684 Aug  1 15:24 Repeat$_fireFunction_Repeat_Repeat$__f_sL_1.class
-rw-rw-r--   1 travis travis    683 Aug  1 15:24 Repeat$_fireFunction_Repeat_Repeat$__f_sL_4.class
-rw-rw-r--   1 travis travis    539 Aug  1 15:24 Repeat$_fireFunction_Repeat_Repeat$__f_sL_9.class
-rw-rw-r--   1 travis travis    494 Aug  1 15:24 Repeat$_initialize_Repeat$__i_sL_2.class
-rw-rw-r--   1 travis travis   1281 Aug  1 15:24 Repeat.mk
-rw-rw-r--   1 travis travis    539 Aug  1 15:24 Repeat$_preinitializeMethod_Repeat$__p_sL_0.class
-rw-rw-r--   1 travis travis   1102 Aug  1 15:24 Repeat$_Repeat$_fireFunction_Repeat_AddSubtract_Repeat.class
-rw-rw-r--   1 travis travis    810 Aug  1 15:24 Repeat$_Repeat$_fireFunction_Repeat_AddSubtract_Repeat$__f_sL_0.class
-rw-rw-r--   1 travis travis    928 Aug  1 15:24 Repeat$_Repeat$_fireFunction_Repeat_AddSubtract_Repeat$__f_sL_1.class
-rw-rw-r--   1 travis travis    934 Aug  1 15:24 Repeat$_Repeat$_fireFunction_Repeat_AddSubtract_Repeat$__f_sL_2.class
-rw-rw-r--   1 travis travis    862 Aug  1 15:24 Repeat$_Repeat$_fireFunction_Repeat_AddSubtract_Repeat$__f_sL_3.class
-rw-rw-r--   1 travis travis    757 Aug  1 15:24 Repeat$_Repeat$_fireFunction_Repeat_Ramp2_Repeat$__f_sL_0.class
-rw-rw-r--   1 travis travis    888 Aug  1 15:24 Repeat$_Repeat$_fireFunction_Repeat_Test_Repeat$__f_sL_0.class
-rw-rw-r--   1 travis travis    634 Aug  1 15:24 Repeat$_Repeat$_fireFunction_Repeat_Test_Repeat$__f_sL_1.class
-rw-rw-r--   1 travis travis    704 Aug  1 15:24 Repeat$_Repeat_SDF_Director_run_Repeat$__R_sL_0.class
-rw-rw-r--   1 travis travis    705 Aug  1 15:24 Repeat$_Repeat_SDF_Director_run_Repeat$__R_sL_11.class
-rw-rw-r--   1 travis travis    561 Aug  1 15:24 Repeat$_Repeat_SDF_Director_run_Repeat$__R_sL_13.class
-rw-rw-r--   1 travis travis    559 Aug  1 15:24 Repeat$_Repeat_SDF_Director_run_Repeat$__R_sL_2.class
-rw-rw-r--   1 travis travis    703 Aug  1 15:24 Repeat$_Repeat_SDF_Director_run_Repeat$__R_sL_3.class
-rw-rw-r--   1 travis travis    559 Aug  1 15:24 Repeat$_Repeat_SDF_Director_run_Repeat$__R_sL_5.class
-rw-rw-r--   1 travis travis    559 Aug  1 15:24 Repeat$_Repeat_SDF_Director_run_Repeat$__R_sL_8.class
drwxrwxr-x   2 travis travis   4096 Aug  1 15:24 RepeatVariables
-rw-rw-r--   1 travis travis    882 Aug  1 15:24 Repeat$_varinit_Repeat.class
-rw-rw-r--   1 travis travis    550 Aug  1 15:24 Repeat$_varinit_Repeat$__v_sL_2.class
-rw-rw-r--   1 travis travis    924 Aug  1 15:24 Repeat$_varinit_Repeat$__v_sL_4.class
-rw-rw-r--   1 travis travis    978 Aug  1 15:24 Repeat$_wrapup_Repeat$__w_sL_1.class
drwxrwxr-x   3 travis travis  20480 Aug  1 15:21 Sinewave
drwxrwxr-x   3 travis travis  32768 Aug  1 15:23 StringFunction
drwxrwxr-x   3 travis travis  12288 Aug  1 15:23 StringLength
drwxrwxr-x   3 travis travis  61440 Aug  1 15:23 StringMatches2
drwxrwxr-x   3 travis travis  61440 Aug  1 15:23 StringSimpleReplace
drwxrwxr-x   3 travis travis  65536 Aug  1 15:23 StringSubstring
drwxrwxr-x   3 travis travis  24576 Aug  1 15:24 StringSubstring2
drwxrwxr-x   3 travis travis  16384 Aug  1 15:24 time1
drwxrwxr-x   3 travis travis  12288 Aug  1 15:24 time5
-rw-rw-r--   1 travis travis    432 Aug  1 15:26 Token.class
-rw-rw-r--   1 travis travis    251 Aug  1 15:26 Token.java
-rwxrwxr-x   1 travis travis 466992 Aug  1 15:18 top
-rw-rw-r--   1 travis travis  20502 Aug  1 15:18 top.c
-rw-rw-r--   1 travis travis   3799 Aug  1 15:24 top.class
-rw-rw-r--   1 travis travis   1257 Aug  1 15:24 top.mk
All Done
Writing ModularCodeGen3_A1.java in file:/home/travis/cg/ (15564 characters)
Reading "ptolemy/cg/kernel/generic/program/procedural/java/modular/makefile.in",
    writing "/home/travis/cg/ModularCodeGen3_A1.mk"
Using ptolemy/cg/kernel/generic/program/procedural/java/modular/makefile.in
In "/home/travis/cg", about to execute:
    make -f ModularCodeGen3_A1.mk
javac -classpath ".:.."    ModularCodeGen3_A1.java
All Done
In "/home/travis/cg", about to execute:
    pwd
/home/travis/cg
In "/home/travis/cg", about to execute:
    ls -l
total 1824
drwxrwxr-x   3 travis travis  12288 Aug  1 15:20 AbsoluteValue
drwxrwxr-x   3 travis travis 102400 Aug  1 15:19 AllColt
drwxrwxr-x   3 travis travis  12288 Aug  1 15:19 Case1
-rw-rw-r--   1 travis travis   5128 Aug  1 15:25 CompiledCompositeActor_CompiledCompositeActor.class
-rw-rw-r--   1 travis travis   1611 Aug  1 15:25 CompiledCompositeActor_CompiledCompositeActor$_CompiledCompositeActor_CompiledCompositeActor.class
-rw-rw-r--   1 travis travis  13466 Aug  1 15:25 CompiledCompositeActor_CompiledCompositeActor.java
-rw-rw-r--   1 travis travis   1593 Aug  1 15:25 CompiledCompositeActor_CompiledCompositeActor.mk
drwxrwxr-x   5 travis travis   4096 Aug  1 15:18 fmi
drwxrwxr-x   3 travis travis  16384 Aug  1 15:20 Gaussian2
-rw-rw-r--   1 travis travis   4684 Aug  1 15:25 JavaCompiledCompositeTest1_CompiledCompositeActor.class
-rw-rw-r--   1 travis travis  11637 Aug  1 15:25 JavaCompiledCompositeTest1_CompiledCompositeActor.java
-rw-rw-r--   1 travis travis   1217 Aug  1 15:25 JavaCompiledCompositeTest1_CompiledCompositeActor$_JavaCompiledCompositeTest1_CompiledCompositeActor.class
-rw-rw-r--   1 travis travis   1625 Aug  1 15:25 JavaCompiledCompositeTest1_CompiledCompositeActor.mk
-rw-rw-r--   1 travis travis   5115 Aug  1 15:25 JavaCompiledCompositeTest2_CompiledCompositeActor.class
-rw-rw-r--   1 travis travis  14919 Aug  1 15:25 JavaCompiledCompositeTest2_CompiledCompositeActor.java
-rw-rw-r--   1 travis travis   1812 Aug  1 15:25 JavaCompiledCompositeTest2_CompiledCompositeActor$_JavaCompiledCompositeTest2_CompiledCompositeActor.class
-rw-rw-r--   1 travis travis   1625 Aug  1 15:25 JavaCompiledCompositeTest2_CompiledCompositeActor.mk
-rw-rw-r--   1 travis travis   4732 Aug  1 15:25 JavaCompiledCompositeTest3_CompiledCompositeActor.class
-rw-rw-r--   1 travis travis  13080 Aug  1 15:25 JavaCompiledCompositeTest3_CompiledCompositeActor.java
-rw-rw-r--   1 travis travis   1397 Aug  1 15:25 JavaCompiledCompositeTest3_CompiledCompositeActor$_JavaCompiledCompositeTest3_CompiledCompositeActor.class
-rw-rw-r--   1 travis travis   1625 Aug  1 15:25 JavaCompiledCompositeTest3_CompiledCompositeActor.mk
-rw-rw-r--   1 travis travis   4183 Aug  1 15:25 JavaCompiledCompositeTest4_CompiledCompositeActor.class
-rw-rw-r--   1 travis travis   9687 Aug  1 15:25 JavaCompiledCompositeTest4_CompiledCompositeActor.java
-rw-rw-r--   1 travis travis    876 Aug  1 15:25 JavaCompiledCompositeTest4_CompiledCompositeActor$_JavaCompiledCompositeTest4_CompiledCompositeActor.class
-rw-rw-r--   1 travis travis   1625 Aug  1 15:25 JavaCompiledCompositeTest4_CompiledCompositeActor.mk
drwxrwxr-x   3 travis travis  12288 Aug  1 15:20 LookupTable
drwxrwxr-x   3 travis travis  20480 Aug  1 15:20 MaxIndex
-rw-rw-r--   1 travis travis   3925 Aug  1 15:25 ModularCG_A1_B1.class
-rw-rw-r--   1 travis travis   9730 Aug  1 15:25 ModularCG_A1_B1.java
-rw-rw-r--   1 travis travis    832 Aug  1 15:25 ModularCG_A1_B1.mk
-rw-rw-r--   1 travis travis   1318 Aug  1 15:25 ModularCG_A1_B1_profile.class
-rw-rw-r--   1 travis travis   1262 Aug  1 15:25 ModularCG_A1_B1_profile.java
-rw-rw-r--   1 travis travis   3925 Aug  1 15:25 ModularCG_A1_B2.class
-rw-rw-r--   1 travis travis   9730 Aug  1 15:25 ModularCG_A1_B2.java
-rw-rw-r--   1 travis travis    832 Aug  1 15:25 ModularCG_A1_B2.mk
-rw-rw-r--   1 travis travis   1318 Aug  1 15:25 ModularCG_A1_B2_profile.class
-rw-rw-r--   1 travis travis   1262 Aug  1 15:25 ModularCG_A1_B2_profile.java
-rw-rw-r--   1 travis travis   5031 Aug  1 15:25 ModularCG_A1.class
-rw-rw-r--   1 travis travis  14742 Aug  1 15:25 ModularCG_A1.java
-rw-rw-r--   1 travis travis    808 Aug  1 15:25 ModularCG_A1.mk
-rw-rw-r--   1 travis travis   1433 Aug  1 15:25 ModularCG_A1_profile.class
-rw-rw-r--   1 travis travis   1704 Aug  1 15:25 ModularCG_A1_profile.java
-rw-rw-r--   1 travis travis   4059 Aug  1 15:25 ModularCG_A2_B1.class
-rw-rw-r--   1 travis travis  10667 Aug  1 15:25 ModularCG_A2_B1.java
-rw-rw-r--   1 travis travis    832 Aug  1 15:25 ModularCG_A2_B1.mk
-rw-rw-r--   1 travis travis   1381 Aug  1 15:25 ModularCG_A2_B1_profile.class
-rw-rw-r--   1 travis travis   1446 Aug  1 15:25 ModularCG_A2_B1_profile.java
-rw-rw-r--   1 travis travis   3925 Aug  1 15:25 ModularCG_A2_B2.class
-rw-rw-r--   1 travis travis   9730 Aug  1 15:25 ModularCG_A2_B2.java
-rw-rw-r--   1 travis travis    832 Aug  1 15:25 ModularCG_A2_B2.mk
-rw-rw-r--   1 travis travis   1318 Aug  1 15:25 ModularCG_A2_B2_profile.class
-rw-rw-r--   1 travis travis   1262 Aug  1 15:25 ModularCG_A2_B2_profile.java
-rw-rw-r--   1 travis travis   5102 Aug  1 15:25 ModularCG_A2.class
-rw-rw-r--   1 travis travis  15129 Aug  1 15:25 ModularCG_A2.java
-rw-rw-r--   1 travis travis    808 Aug  1 15:25 ModularCG_A2.mk
-rw-rw-r--   1 travis travis   1433 Aug  1 15:25 ModularCG_A2_profile.class
-rw-rw-r--   1 travis travis   1704 Aug  1 15:25 ModularCG_A2_profile.java
-rw-rw-r--   1 travis travis   3705 Aug  1 15:25 ModularCGPubSub_A1_A2.class
-rw-rw-r--   1 travis travis   9076 Aug  1 15:25 ModularCGPubSub_A1_A2.java
-rw-rw-r--   1 travis travis    880 Aug  1 15:25 ModularCGPubSub_A1_A2.mk
-rw-rw-r--   1 travis travis   1300 Aug  1 15:25 ModularCGPubSub_A1_A2_profile.class
-rw-rw-r--   1 travis travis   1222 Aug  1 15:25 ModularCGPubSub_A1_A2_profile.java
-rw-rw-r--   1 travis travis   4022 Aug  1 15:25 ModularCGPubSub_A1.class
-rw-rw-r--   1 travis travis   9836 Aug  1 15:25 ModularCGPubSub_A1.java
-rw-rw-r--   1 travis travis    856 Aug  1 15:25 ModularCGPubSub_A1.mk
-rw-rw-r--   1 travis travis   1346 Aug  1 15:25 ModularCGPubSub_A1_profile.class
-rw-rw-r--   1 travis travis   1388 Aug  1 15:25 ModularCGPubSub_A1_profile.java
-rw-rw-r--   1 travis travis   4220 Aug  1 15:25 ModularCodeGen2_ModularCodeGenTypedCompositeActor.class
-rw-rw-r--   1 travis travis  11690 Aug  1 15:25 ModularCodeGen2_ModularCodeGenTypedCompositeActor.java
-rw-rw-r--   1 travis travis   1104 Aug  1 15:25 ModularCodeGen2_ModularCodeGenTypedCompositeActor.mk
-rw-rw-r--   1 travis travis   4504 Aug  1 15:25 ModularCodeGen2_ModularCodeGenTypedCompositeActor_ModularCodeGenTypedCompositeActor.class
-rw-rw-r--   1 travis travis  11790 Aug  1 15:25 ModularCodeGen2_ModularCodeGenTypedCompositeActor_ModularCodeGenTypedCompositeActor.java
-rw-rw-r--   1 travis travis   1376 Aug  1 15:25 ModularCodeGen2_ModularCodeGenTypedCompositeActor_ModularCodeGenTypedCompositeActor.mk
-rw-rw-r--   1 travis travis   1421 Aug  1 15:25 ModularCodeGen2_ModularCodeGenTypedCompositeActor_ModularCodeGenTypedCompositeActor_profile.class
-rw-rw-r--   1 travis travis   1294 Aug  1 15:25 ModularCodeGen2_ModularCodeGenTypedCompositeActor_ModularCodeGenTypedCompositeActor_profile.java
-rw-rw-r--   1 travis travis    820 Aug  1 15:25 ModularCodeGen2_ModularCodeGenTypedCompositeActor_profile.class
-rw-rw-r--   1 travis travis    693 Aug  1 15:25 ModularCodeGen2_ModularCodeGenTypedCompositeActor_profile.java
-rw-rw-r--   1 travis travis   3973 Aug  1 15:25 ModularCodeGen3_A1_B1.class
-rw-rw-r--   1 travis travis   9958 Aug  1 15:25 ModularCodeGen3_A1_B1.java
-rw-rw-r--   1 travis travis    880 Aug  1 15:25 ModularCodeGen3_A1_B1.mk
-rw-rw-r--   1 travis travis   1330 Aug  1 15:25 ModularCodeGen3_A1_B1_profile.class
-rw-rw-r--   1 travis travis   1274 Aug  1 15:25 ModularCodeGen3_A1_B1_profile.java
-rw-rw-r--   1 travis travis   3973 Aug  1 15:26 ModularCodeGen3_A1_B2.class
-rw-rw-r--   1 travis travis   9958 Aug  1 15:26 ModularCodeGen3_A1_B2.java
-rw-rw-r--   1 travis travis    880 Aug  1 15:26 ModularCodeGen3_A1_B2.mk
-rw-rw-r--   1 travis travis   1330 Aug  1 15:26 ModularCodeGen3_A1_B2_profile.class
-rw-rw-r--   1 travis travis   1274 Aug  1 15:25 ModularCodeGen3_A1_B2_profile.java
-rw-rw-r--   1 travis travis   5193 Aug  1 15:26 ModularCodeGen3_A1.class
-rw-rw-r--   1 travis travis  15564 Aug  1 15:26 ModularCodeGen3_A1.java
-rw-rw-r--   1 travis travis    856 Aug  1 15:26 ModularCodeGen3_A1.mk
-rw-rw-r--   1 travis travis   1445 Aug  1 15:26 ModularCodeGen3_A1_profile.class
-rw-rw-r--   1 travis travis   1716 Aug  1 15:26 ModularCodeGen3_A1_profile.java
-rw-rw-r--   1 travis travis   1458 Aug  1 15:26 ModularCodeGen3_A2_B1_profile.java
-rw-rw-r--   1 travis travis   4186 Aug  1 15:25 ModularCodeGen_ModularCodeGenTypedCompositeActor.class
-rw-rw-r--   1 travis travis  10970 Aug  1 15:25 ModularCodeGen_ModularCodeGenTypedCompositeActor.java
-rw-rw-r--   1 travis travis   1096 Aug  1 15:25 ModularCodeGen_ModularCodeGenTypedCompositeActor.mk
-rw-rw-r--   1 travis travis   1384 Aug  1 15:25 ModularCodeGen_ModularCodeGenTypedCompositeActor_profile.class
-rw-rw-r--   1 travis travis   1328 Aug  1 15:25 ModularCodeGen_ModularCodeGenTypedCompositeActor_profile.java
-rw-rw-r--   1 travis travis   3724 Aug  1 15:25 ModularCodeGenTest_A1_A2.class
-rw-rw-r--   1 travis travis   9164 Aug  1 15:25 ModularCodeGenTest_A1_A2.java
-rw-rw-r--   1 travis travis   1306 Aug  1 15:25 ModularCodeGenTest_A1_A2_profile.class
-rw-rw-r--   1 travis travis   4055 Aug  1 15:25 ModularCodeGenTest_A1.class
-rw-rw-r--   1 travis travis   9968 Aug  1 15:25 ModularCodeGenTest_A1.java
-rw-rw-r--   1 travis travis    880 Aug  1 15:25 ModularCodeGenTest_A1.mk
-rw-rw-r--   1 travis travis   1352 Aug  1 15:25 ModularCodeGenTest_A1_profile.class
-rw-rw-r--   1 travis travis   1394 Aug  1 15:25 ModularCodeGenTest_A1_profile.java
drwxrwxr-x   3 travis travis  32768 Aug  1 15:24 modulation2
drwxrwxr-x 183 travis travis  12288 Aug  1 15:25 node_modules
drwxrwxr-x   3 travis travis  20480 Aug  1 15:21 PhaseUnwrap
drwxrwxr-x   3 travis travis  12288 Aug  1 15:21 ReadFile1
-rw-rw-r--   1 travis travis     11 Aug  1 15:21 ReadFile1Output.txt
-rw-rw-r--   1 travis travis  13773 Aug  1 15:24 Repeat.class
-rw-rw-r--   1 travis travis    685 Aug  1 15:24 Repeat$_fireFunction_Repeat_Repeat$__f_sL_11.class
-rw-rw-r--   1 travis travis    541 Aug  1 15:24 Repeat$_fireFunction_Repeat_Repeat$__f_sL_12.class
-rw-rw-r--   1 travis travis    541 Aug  1 15:24 Repeat$_fireFunction_Repeat_Repeat$__f_sL_13.class
-rw-rw-r--   1 travis travis    541 Aug  1 15:24 Repeat$_fireFunction_Repeat_Repeat$__f_sL_14.class
-rw-rw-r--   1 travis travis    684 Aug  1 15:24 Repeat$_fireFunction_Repeat_Repeat$__f_sL_1.class
-rw-rw-r--   1 travis travis    683 Aug  1 15:24 Repeat$_fireFunction_Repeat_Repeat$__f_sL_4.class
-rw-rw-r--   1 travis travis    539 Aug  1 15:24 Repeat$_fireFunction_Repeat_Repeat$__f_sL_9.class
-rw-rw-r--   1 travis travis    494 Aug  1 15:24 Repeat$_initialize_Repeat$__i_sL_2.class
-rw-rw-r--   1 travis travis   1281 Aug  1 15:24 Repeat.mk
-rw-rw-r--   1 travis travis    539 Aug  1 15:24 Repeat$_preinitializeMethod_Repeat$__p_sL_0.class
-rw-rw-r--   1 travis travis   1102 Aug  1 15:24 Repeat$_Repeat$_fireFunction_Repeat_AddSubtract_Repeat.class
-rw-rw-r--   1 travis travis    810 Aug  1 15:24 Repeat$_Repeat$_fireFunction_Repeat_AddSubtract_Repeat$__f_sL_0.class
-rw-rw-r--   1 travis travis    928 Aug  1 15:24 Repeat$_Repeat$_fireFunction_Repeat_AddSubtract_Repeat$__f_sL_1.class
-rw-rw-r--   1 travis travis    934 Aug  1 15:24 Repeat$_Repeat$_fireFunction_Repeat_AddSubtract_Repeat$__f_sL_2.class
-rw-rw-r--   1 travis travis    862 Aug  1 15:24 Repeat$_Repeat$_fireFunction_Repeat_AddSubtract_Repeat$__f_sL_3.class
-rw-rw-r--   1 travis travis    757 Aug  1 15:24 Repeat$_Repeat$_fireFunction_Repeat_Ramp2_Repeat$__f_sL_0.class
-rw-rw-r--   1 travis travis    888 Aug  1 15:24 Repeat$_Repeat$_fireFunction_Repeat_Test_Repeat$__f_sL_0.class
-rw-rw-r--   1 travis travis    634 Aug  1 15:24 Repeat$_Repeat$_fireFunction_Repeat_Test_Repeat$__f_sL_1.class
-rw-rw-r--   1 travis travis    704 Aug  1 15:24 Repeat$_Repeat_SDF_Director_run_Repeat$__R_sL_0.class
-rw-rw-r--   1 travis travis    705 Aug  1 15:24 Repeat$_Repeat_SDF_Director_run_Repeat$__R_sL_11.class
-rw-rw-r--   1 travis travis    561 Aug  1 15:24 Repeat$_Repeat_SDF_Director_run_Repeat$__R_sL_13.class
-rw-rw-r--   1 travis travis    559 Aug  1 15:24 Repeat$_Repeat_SDF_Director_run_Repeat$__R_sL_2.class
-rw-rw-r--   1 travis travis    703 Aug  1 15:24 Repeat$_Repeat_SDF_Director_run_Repeat$__R_sL_3.class
-rw-rw-r--   1 travis travis    559 Aug  1 15:24 Repeat$_Repeat_SDF_Director_run_Repeat$__R_sL_5.class
-rw-rw-r--   1 travis travis    559 Aug  1 15:24 Repeat$_Repeat_SDF_Director_run_Repeat$__R_sL_8.class
drwxrwxr-x   2 travis travis   4096 Aug  1 15:24 RepeatVariables
-rw-rw-r--   1 travis travis    882 Aug  1 15:24 Repeat$_varinit_Repeat.class
-rw-rw-r--   1 travis travis    550 Aug  1 15:24 Repeat$_varinit_Repeat$__v_sL_2.class
-rw-rw-r--   1 travis travis    924 Aug  1 15:24 Repeat$_varinit_Repeat$__v_sL_4.class
-rw-rw-r--   1 travis travis    978 Aug  1 15:24 Repeat$_wrapup_Repeat$__w_sL_1.class
drwxrwxr-x   3 travis travis  20480 Aug  1 15:21 Sinewave
drwxrwxr-x   3 travis travis  32768 Aug  1 15:23 StringFunction
drwxrwxr-x   3 travis travis  12288 Aug  1 15:23 StringLength
drwxrwxr-x   3 travis travis  61440 Aug  1 15:23 StringMatches2
drwxrwxr-x   3 travis travis  61440 Aug  1 15:23 StringSimpleReplace
drwxrwxr-x   3 travis travis  65536 Aug  1 15:23 StringSubstring
In "/home/travis/cg", about to execute:
    javac -classpath
.:/home/travis/build/icyphy/ptII:/home/travis/build/icyphy/ptII/lib/bsh-2.0b4.j
ar:/home/travis/build/icyphy/ptII/lib/ptCal.jar:/home/travis/build/icyphy/ptII/
lib/java_cup.jar:/home/travis/build/icyphy/ptII/lib/saxon8.jar:/home/travis/bui
ld/icyphy/ptII/lib/saxon8-dom.jar:/home/travis/build/icyphy/ptII/lib/chic.jar:/
home/travis/build/icyphy/ptII/lib/ptcolt.jar:/home/travis/build/icyphy/ptII/ven
dors/misc/itext/iText.jar:/home/travis/build/icyphy/ptII/lib/g4ltl.jar:/home/tr
avis/build/icyphy/ptII/lib/StructuralCoder.jar:/home/travis/build/icyphy/ptII/l
ib/jcerti.jar:/home/travis/build/icyphy/ptII/lib/javax.mail.jar:/home/travis/bu
ild/icyphy/ptII/vendors/JMF-2.1.1e/lib/jmf.jar:/home/travis/build/icyphy/ptII/l
ib/jna-4.0.0-variadic.jar:/home/travis/build/icyphy/ptII/vendors/misc/joystick/
Joystick.jar:/home/travis/build/icyphy/ptII/lib/ptjacl.jar:/home/travis/build/i
cyphy/ptII/lib/jsoup-1.8.2.jar:/home/travis/build/icyphy/ptII/lib/junit-4.8.2.j
ar:/home/travis/build/icyphy/ptII/lib/JUnitParams-0.4.0.jar:/home/travis/build/
icyphy/ptII/ptolemy/actor/lib/excel/jxl.jar:/home/travis/build/icyphy/ptII/lib/
jython.jar:/home/travis/build/icyphy/ptII/lib/kieler.jar:/home/travis/build/icy
phy/ptII/vendors/opencv/share/OpenCV/java/opencv-341.jar:/home/travis/build/icy
phy/ptII/lib/oscP5.jar:/home/travis/build/icyphy/ptII/lib/nrjavaserial-3.11.0.d
evel.jar:/home/travis/build/icyphy/ptII/vendors/j3d/lib/Linux/j3dcore.jar:/home
/travis/build/icyphy/ptII/vendors/j3d/lib/Linux/j3dutils.jar:/home/travis/build
/icyphy/ptII/vendors/j3d/lib/Linux/vecmath.jar:/home/travis/build/icyphy/ptII/v
endors/jogl/lib/Linux/gluegen-rt-natives-linux-amd64.jar:/home/travis/build/icy
phy/ptII/vendors/jogl/lib/Linux/gluegen-rt.jar:/home/travis/build/icyphy/ptII/v
endors/jogl/lib/Linux/jogl-all-natives-linux-amd64.jar:/home/travis/build/icyph
y/ptII/vendors/jogl/lib/Linux/jogl-all.jar:/home/travis/build/icyphy/ptII/ptole
my/distributed/jini/jar/jini-core.jar:/home/travis/build/icyphy/ptII/ptolemy/di
stributed/jini/jar/jini-ext.jar:/home/travis/build/icyphy/ptII/ptolemy/distribu
ted/jini/jar/sun-util.jar:/home/travis/build/icyphy/ptII/lib/protobuf-java-2.4.
1.jar:/home/travis/build/icyphy/ptII/lib/org.eclipse.paho.client.mqttv3.jar:/ho
me/travis/build/icyphy/ptII/lib/mapss.jar:/home/travis/build/icyphy/ptII/ptolem
y/actor/ptalon/antlr/antlr.jar:/home/travis/build/icyphy/ptII/lib/JRI.jar:/home
/travis/build/icyphy/ptII/lib/commons-lang-2.6.jar:/home/travis/build/icyphy/pt
II/lib/commons-logging-1.1.1.jar:/home/travis/build/icyphy/ptII/lib/sootclasses
.jar:/home/travis/build/icyphy/ptII/ptolemy/actor/lib/database/mysql-connector-
java-5.1.6-bin.jar:/home/travis/build/icyphy/ptII/vendors/misc/sphinx4/sphinx4-
data-5prealpha.jar:/home/travis/build/icyphy/ptII/vendors/misc/sphinx4/sphinx4-
core-5prealpha.jar:/home/travis/build/icyphy/ptII/lib/PDFRenderer.jar:/home/tra
vis/build/icyphy/ptII/lib/svgSalamander.jar:/home/travis/build/icyphy/ptII/lib/
rsyntaxtextarea-2.6.0-SNAPSHOT.jar:/home/travis/build/icyphy/ptII/lib/hazelcast
-3.8.2.jar:/home/travis/build/icyphy/ptII/lib/jackson-annotations-2.9.0.jar:/ho
me/travis/build/icyphy/ptII/lib/jackson-core-2.9.3.jar:/home/travis/build/icyph
y/ptII/lib/jackson-databind-2.9.3.jar:/home/travis/build/icyphy/ptII/lib/netty-
buffer-4.1.19.Final.jar:/home/travis/build/icyphy/ptII/lib/netty-codec-4.1.19.F
inal.jar:/home/travis/build/icyphy/ptII/lib/netty-codec-dns-4.1.19.Final.jar:/h
ome/travis/build/icyphy/ptII/lib/netty-codec-http-4.1.19.Final.jar:/home/travis
/build/icyphy/ptII/lib/netty-codec-http2-4.1.19.Final.jar:/home/travis/build/ic
yphy/ptII/lib/netty-common-4.1.19.Final.jar:/home/travis/build/icyphy/ptII/lib/
netty-handler-4.1.19.Final.jar:/home/travis/build/icyphy/ptII/lib/netty-resolve
r-4.1.19.Final.jar:/home/travis/build/icyphy/ptII/lib/netty-resolver-dns-4.1.19
.Final.jar:/home/travis/build/icyphy/ptII/lib/netty-transport-4.1.19.Final.jar:
/home/travis/build/icyphy/ptII/lib/vertx-codegen-3.5.1.jar:/home/travis/build/i
cyphy/ptII/lib/vertx-core-3.5.2-SNAPSHOT.jar:/home/travis/build/icyphy/ptII/lib
/vertx-hazelcast-3.5.1.jar:/home/travis/build/icyphy/ptII/lib/vertx-lang-js-3.5
.1.jar:/home/travis/build/icyphy/ptII/lib/vertx-service-proxy-3.5.1.jar:/home/t
ravis/build/icyphy/ptII/lib/vertx-web-3.5.1.jar:/home/travis/build/icyphy/ptII/
lib/slf4j-api-1.7.13.jar:/home/travis/build/icyphy/ptII/lib/slf4j-simple-1.7.13
.jar:/home/travis/build/icyphy/ptII/lib/webcam-capture-0.3.12.jar:/home/travis/
build/icyphy/ptII/lib/bridj-0.7.0.jar:/home/travis/build/icyphy/ptII/lib/xbjlib
-1.1.0.nrjavaserial.jar:/home/travis/build/icyphy/ptII/ptolemy/moml/test:/home/
travis/build/icyphy/ptII/ant/lib/ant-launcher.jar:/home/travis/build/icyphy/ptI
I/ant/lib/ant.jar:/home/travis/build/icyphy/ptII/ant/lib/ant-junit.jar:/home/tr
avis/build/icyphy/ptII/ant/lib/ant-junit4.jar:/home/travis/build/icyphy/ptII
ModularCodeGen3_A2_B1_profile.java
drwxrwxr-x   3 travis travis  24576 Aug  1 15:24 StringSubstring2
drwxrwxr-x   3 travis travis  16384 Aug  1 15:24 time1
drwxrwxr-x   3 travis travis  12288 Aug  1 15:24 time5
-rw-rw-r--   1 travis travis    432 Aug  1 15:26 Token.class
-rw-rw-r--   1 travis travis    251 Aug  1 15:26 Token.java
-rwxrwxr-x   1 travis travis 466992 Aug  1 15:18 top
-rw-rw-r--   1 travis travis  20502 Aug  1 15:18 top.c
-rw-rw-r--   1 travis travis   3799 Aug  1 15:24 top.class
-rw-rw-r--   1 travis travis   1257 Aug  1 15:24 top.mk
All Done
Writing ModularCodeGen3_A2_B1.java in file:/home/travis/cg/ (10955 characters)
Reading "ptolemy/cg/kernel/generic/program/procedural/java/modular/makefile.in",
    writing "/home/travis/cg/ModularCodeGen3_A2_B1.mk"
Using ptolemy/cg/kernel/generic/program/procedural/java/modular/makefile.in
In "/home/travis/cg", about to execute:
    make -f ModularCodeGen3_A2_B1.mk
javac -classpath ".:.."    ModularCodeGen3_A2_B1.java
All Done
In "/home/travis/cg", about to execute:
    pwd
In "/home/travis/cg", about to execute:
    ls -l
/home/travis/cg
In "/home/travis/cg", about to execute:
    javac -classpath
.:/home/travis/build/icyphy/ptII:/home/travis/build/icyphy/ptII/lib/bsh-2.0b4.j
ar:/home/travis/build/icyphy/ptII/lib/ptCal.jar:/home/travis/build/icyphy/ptII/
lib/java_cup.jar:/home/travis/build/icyphy/ptII/lib/saxon8.jar:/home/travis/bui
ld/icyphy/ptII/lib/saxon8-dom.jar:/home/travis/build/icyphy/ptII/lib/chic.jar:/
home/travis/build/icyphy/ptII/lib/ptcolt.jar:/home/travis/build/icyphy/ptII/ven
dors/misc/itext/iText.jar:/home/travis/build/icyphy/ptII/lib/g4ltl.jar:/home/tr
avis/build/icyphy/ptII/lib/StructuralCoder.jar:/home/travis/build/icyphy/ptII/l
ib/jcerti.jar:/home/travis/build/icyphy/ptII/lib/javax.mail.jar:/home/travis/bu
ild/icyphy/ptII/vendors/JMF-2.1.1e/lib/jmf.jar:/home/travis/build/icyphy/ptII/l
ib/jna-4.0.0-variadic.jar:/home/travis/build/icyphy/ptII/vendors/misc/joystick/
Joystick.jar:/home/travis/build/icyphy/ptII/lib/ptjacl.jar:/home/travis/build/i
cyphy/ptII/lib/jsoup-1.8.2.jar:/home/travis/build/icyphy/ptII/lib/junit-4.8.2.j
ar:/home/travis/build/icyphy/ptII/lib/JUnitParams-0.4.0.jar:/home/travis/build/
icyphy/ptII/ptolemy/actor/lib/excel/jxl.jar:/home/travis/build/icyphy/ptII/lib/
jython.jar:/home/travis/build/icyphy/ptII/lib/kieler.jar:/home/travis/build/icy
phy/ptII/vendors/opencv/share/OpenCV/java/opencv-341.jar:/home/travis/build/icy
phy/ptII/lib/oscP5.jar:/home/travis/build/icyphy/ptII/lib/nrjavaserial-3.11.0.d
evel.jar:/home/travis/build/icyphy/ptII/vendors/j3d/lib/Linux/j3dcore.jar:/home
/travis/build/icyphy/ptII/vendors/j3d/lib/Linux/j3dutils.jar:/home/travis/build
/icyphy/ptII/vendors/j3d/lib/Linux/vecmath.jar:/home/travis/build/icyphy/ptII/v
endors/jogl/lib/Linux/gluegen-rt-natives-linux-amd64.jar:/home/travis/build/icy
phy/ptII/vendors/jogl/lib/Linux/gluegen-rt.jar:/home/travis/build/icyphy/ptII/v
endors/jogl/lib/Linux/jogl-all-natives-linux-amd64.jar:/home/travis/build/icyph
y/ptII/vendors/jogl/lib/Linux/jogl-all.jar:/home/travis/build/icyphy/ptII/ptole
my/distributed/jini/jar/jini-core.jar:/home/travis/build/icyphy/ptII/ptolemy/di
stributed/jini/jar/jini-ext.jar:/home/travis/build/icyphy/ptII/ptolemy/distribu
ted/jini/jar/sun-util.jar:/home/travis/build/icyphy/ptII/lib/protobuf-java-2.4.
1.jar:/home/travis/build/icyphy/ptII/lib/org.eclipse.paho.client.mqttv3.jar:/ho
me/travis/build/icyphy/ptII/lib/mapss.jar:/home/travis/build/icyphy/ptII/ptolem
y/actor/ptalon/antlr/antlr.jar:/home/travis/build/icyphy/ptII/lib/JRI.jar:/home
/travis/build/icyphy/ptII/lib/commons-lang-2.6.jar:/home/travis/build/icyphy/pt
II/lib/commons-logging-1.1.1.jar:/home/travis/build/icyphy/ptII/lib/sootclasses
.jar:/home/travis/build/icyphy/ptII/ptolemy/actor/lib/database/mysql-connector-
java-5.1.6-bin.jar:/home/travis/build/icyphy/ptII/vendors/misc/sphinx4/sphinx4-
data-5prealpha.jar:/home/travis/build/icyphy/ptII/vendors/misc/sphinx4/sphinx4-
core-5prealpha.jar:/home/travis/build/icyphy/ptII/lib/PDFRenderer.jar:/home/tra
vis/build/icyphy/ptII/lib/svgSalamander.jar:/home/travis/build/icyphy/ptII/lib/
rsyntaxtextarea-2.6.0-SNAPSHOT.jar:/home/travis/build/icyphy/ptII/lib/hazelcast
-3.8.2.jar:/home/travis/build/icyphy/ptII/lib/jackson-annotations-2.9.0.jar:/ho
me/travis/build/icyphy/ptII/lib/jackson-core-2.9.3.jar:/home/travis/build/icyph
y/ptII/lib/jackson-databind-2.9.3.jar:/home/travis/build/icyphy/ptII/lib/netty-
buffer-4.1.19.Final.jar:/home/travis/build/icyphy/ptII/lib/netty-codec-4.1.19.F
inal.jar:/home/travis/build/icyphy/ptII/lib/netty-codec-dns-4.1.19.Final.jar:/h
ome/travis/build/icyphy/ptII/lib/netty-codec-http-4.1.19.Final.jar:/home/travis
/build/icyphy/ptII/lib/netty-codec-http2-4.1.19.Final.jar:/home/travis/build/ic
yphy/ptII/lib/netty-common-4.1.19.Final.jar:/home/travis/build/icyphy/ptII/lib/
netty-handler-4.1.19.Final.jar:/home/travis/build/icyphy/ptII/lib/netty-resolve
r-4.1.19.Final.jar:/home/travis/build/icyphy/ptII/lib/netty-resolver-dns-4.1.19
.Final.jar:/home/travis/build/icyphy/ptII/lib/netty-transport-4.1.19.Final.jar:
/home/travis/build/icyphy/ptII/lib/vertx-codegen-3.5.1.jar:/home/travis/build/i
cyphy/ptII/lib/vertx-core-3.5.2-SNAPSHOT.jar:/home/travis/build/icyphy/ptII/lib
/vertx-hazelcast-3.5.1.jar:/home/travis/build/icyphy/ptII/lib/vertx-lang-js-3.5
.1.jar:/home/travis/build/icyphy/ptII/lib/vertx-service-proxy-3.5.1.jar:/home/t
ravis/build/icyphy/ptII/lib/vertx-web-3.5.1.jar:/home/travis/build/icyphy/ptII/
lib/slf4j-api-1.7.13.jar:/home/travis/build/icyphy/ptII/lib/slf4j-simple-1.7.13
.jar:/home/travis/build/icyphy/ptII/lib/webcam-capture-0.3.12.jar:/home/travis/
build/icyphy/ptII/lib/bridj-0.7.0.jar:/home/travis/build/icyphy/ptII/lib/xbjlib
-1.1.0.nrjavaserial.jar:/home/travis/build/icyphy/ptII/ptolemy/moml/test:/home/
travis/build/icyphy/ptII/ant/lib/ant-launcher.jar:/home/travis/build/icyphy/ptI
I/ant/lib/ant.jar:/home/travis/build/icyphy/ptII/ant/lib/ant-junit.jar:/home/tr
avis/build/icyphy/ptII/ant/lib/ant-junit4.jar:/home/travis/build/icyphy/ptII
ModularCodeGen3_A2_B2_profile.java
total 1856
drwxrwxr-x   3 travis travis  12288 Aug  1 15:20 AbsoluteValue
drwxrwxr-x   3 travis travis 102400 Aug  1 15:19 AllColt
drwxrwxr-x   3 travis travis  12288 Aug  1 15:19 Case1
-rw-rw-r--   1 travis travis   5128 Aug  1 15:25 CompiledCompositeActor_CompiledCompositeActor.class
-rw-rw-r--   1 travis travis   1611 Aug  1 15:25 CompiledCompositeActor_CompiledCompositeActor$_CompiledCompositeActor_CompiledCompositeActor.class
-rw-rw-r--   1 travis travis  13466 Aug  1 15:25 CompiledCompositeActor_CompiledCompositeActor.java
-rw-rw-r--   1 travis travis   1593 Aug  1 15:25 CompiledCompositeActor_CompiledCompositeActor.mk
drwxrwxr-x   5 travis travis   4096 Aug  1 15:18 fmi
drwxrwxr-x   3 travis travis  16384 Aug  1 15:20 Gaussian2
-rw-rw-r--   1 travis travis   4684 Aug  1 15:25 JavaCompiledCompositeTest1_CompiledCompositeActor.class
-rw-rw-r--   1 travis travis  11637 Aug  1 15:25 JavaCompiledCompositeTest1_CompiledCompositeActor.java
-rw-rw-r--   1 travis travis   1217 Aug  1 15:25 JavaCompiledCompositeTest1_CompiledCompositeActor$_JavaCompiledCompositeTest1_CompiledCompositeActor.class
-rw-rw-r--   1 travis travis   1625 Aug  1 15:25 JavaCompiledCompositeTest1_CompiledCompositeActor.mk
-rw-rw-r--   1 travis travis   5115 Aug  1 15:25 JavaCompiledCompositeTest2_CompiledCompositeActor.class
-rw-rw-r--   1 travis travis  14919 Aug  1 15:25 JavaCompiledCompositeTest2_CompiledCompositeActor.java
-rw-rw-r--   1 travis travis   1812 Aug  1 15:25 JavaCompiledCompositeTest2_CompiledCompositeActor$_JavaCompiledCompositeTest2_CompiledCompositeActor.class
-rw-rw-r--   1 travis travis   1625 Aug  1 15:25 JavaCompiledCompositeTest2_CompiledCompositeActor.mk
-rw-rw-r--   1 travis travis   4732 Aug  1 15:25 JavaCompiledCompositeTest3_CompiledCompositeActor.class
-rw-rw-r--   1 travis travis  13080 Aug  1 15:25 JavaCompiledCompositeTest3_CompiledCompositeActor.java
-rw-rw-r--   1 travis travis   1397 Aug  1 15:25 JavaCompiledCompositeTest3_CompiledCompositeActor$_JavaCompiledCompositeTest3_CompiledCompositeActor.class
-rw-rw-r--   1 travis travis   1625 Aug  1 15:25 JavaCompiledCompositeTest3_CompiledCompositeActor.mk
-rw-rw-r--   1 travis travis   4183 Aug  1 15:25 JavaCompiledCompositeTest4_CompiledCompositeActor.class
-rw-rw-r--   1 travis travis   9687 Aug  1 15:25 JavaCompiledCompositeTest4_CompiledCompositeActor.java
-rw-rw-r--   1 travis travis    876 Aug  1 15:25 JavaCompiledCompositeTest4_CompiledCompositeActor$_JavaCompiledCompositeTest4_CompiledCompositeActor.class
-rw-rw-r--   1 travis travis   1625 Aug  1 15:25 JavaCompiledCompositeTest4_CompiledCompositeActor.mk
drwxrwxr-x   3 travis travis  12288 Aug  1 15:20 LookupTable
drwxrwxr-x   3 travis travis  20480 Aug  1 15:20 MaxIndex
-rw-rw-r--   1 travis travis   3925 Aug  1 15:25 ModularCG_A1_B1.class
-rw-rw-r--   1 travis travis   9730 Aug  1 15:25 ModularCG_A1_B1.java
-rw-rw-r--   1 travis travis    832 Aug  1 15:25 ModularCG_A1_B1.mk
-rw-rw-r--   1 travis travis   1318 Aug  1 15:25 ModularCG_A1_B1_profile.class
-rw-rw-r--   1 travis travis   1262 Aug  1 15:25 ModularCG_A1_B1_profile.java
-rw-rw-r--   1 travis travis   3925 Aug  1 15:25 ModularCG_A1_B2.class
-rw-rw-r--   1 travis travis   9730 Aug  1 15:25 ModularCG_A1_B2.java
-rw-rw-r--   1 travis travis    832 Aug  1 15:25 ModularCG_A1_B2.mk
-rw-rw-r--   1 travis travis   1318 Aug  1 15:25 ModularCG_A1_B2_profile.class
-rw-rw-r--   1 travis travis   1262 Aug  1 15:25 ModularCG_A1_B2_profile.java
-rw-rw-r--   1 travis travis   5031 Aug  1 15:25 ModularCG_A1.class
-rw-rw-r--   1 travis travis  14742 Aug  1 15:25 ModularCG_A1.java
-rw-rw-r--   1 travis travis    808 Aug  1 15:25 ModularCG_A1.mk
-rw-rw-r--   1 travis travis   1433 Aug  1 15:25 ModularCG_A1_profile.class
-rw-rw-r--   1 travis travis   1704 Aug  1 15:25 ModularCG_A1_profile.java
-rw-rw-r--   1 travis travis   4059 Aug  1 15:25 ModularCG_A2_B1.class
-rw-rw-r--   1 travis travis  10667 Aug  1 15:25 ModularCG_A2_B1.java
-rw-rw-r--   1 travis travis    832 Aug  1 15:25 ModularCG_A2_B1.mk
-rw-rw-r--   1 travis travis   1381 Aug  1 15:25 ModularCG_A2_B1_profile.class
-rw-rw-r--   1 travis travis   1446 Aug  1 15:25 ModularCG_A2_B1_profile.java
-rw-rw-r--   1 travis travis   3925 Aug  1 15:25 ModularCG_A2_B2.class
-rw-rw-r--   1 travis travis   9730 Aug  1 15:25 ModularCG_A2_B2.java
-rw-rw-r--   1 travis travis    832 Aug  1 15:25 ModularCG_A2_B2.mk
-rw-rw-r--   1 travis travis   1318 Aug  1 15:25 ModularCG_A2_B2_profile.class
-rw-rw-r--   1 travis travis   1262 Aug  1 15:25 ModularCG_A2_B2_profile.java
-rw-rw-r--   1 travis travis   5102 Aug  1 15:25 ModularCG_A2.class
-rw-rw-r--   1 travis travis  15129 Aug  1 15:25 ModularCG_A2.java
-rw-rw-r--   1 travis travis    808 Aug  1 15:25 ModularCG_A2.mk
-rw-rw-r--   1 travis travis   1433 Aug  1 15:25 ModularCG_A2_profile.class
-rw-rw-r--   1 travis travis   1704 Aug  1 15:25 ModularCG_A2_profile.java
-rw-rw-r--   1 travis travis   3705 Aug  1 15:25 ModularCGPubSub_A1_A2.class
-rw-rw-r--   1 travis travis   9076 Aug  1 15:25 ModularCGPubSub_A1_A2.java
-rw-rw-r--   1 travis travis    880 Aug  1 15:25 ModularCGPubSub_A1_A2.mk
-rw-rw-r--   1 travis travis   1300 Aug  1 15:25 ModularCGPubSub_A1_A2_profile.class
-rw-rw-r--   1 travis travis   1222 Aug  1 15:25 ModularCGPubSub_A1_A2_profile.java
-rw-rw-r--   1 travis travis   4022 Aug  1 15:25 ModularCGPubSub_A1.class
-rw-rw-r--   1 travis travis   9836 Aug  1 15:25 ModularCGPubSub_A1.java
-rw-rw-r--   1 travis travis    856 Aug  1 15:25 ModularCGPubSub_A1.mk
-rw-rw-r--   1 travis travis   1346 Aug  1 15:25 ModularCGPubSub_A1_profile.class
-rw-rw-r--   1 travis travis   1388 Aug  1 15:25 ModularCGPubSub_A1_profile.java
-rw-rw-r--   1 travis travis   4220 Aug  1 15:25 ModularCodeGen2_ModularCodeGenTypedCompositeActor.class
-rw-rw-r--   1 travis travis  11690 Aug  1 15:25 ModularCodeGen2_ModularCodeGenTypedCompositeActor.java
-rw-rw-r--   1 travis travis   1104 Aug  1 15:25 ModularCodeGen2_ModularCodeGenTypedCompositeActor.mk
-rw-rw-r--   1 travis travis   4504 Aug  1 15:25 ModularCodeGen2_ModularCodeGenTypedCompositeActor_ModularCodeGenTypedCompositeActor.class
-rw-rw-r--   1 travis travis  11790 Aug  1 15:25 ModularCodeGen2_ModularCodeGenTypedCompositeActor_ModularCodeGenTypedCompositeActor.java
-rw-rw-r--   1 travis travis   1376 Aug  1 15:25 ModularCodeGen2_ModularCodeGenTypedCompositeActor_ModularCodeGenTypedCompositeActor.mk
-rw-rw-r--   1 travis travis   1421 Aug  1 15:25 ModularCodeGen2_ModularCodeGenTypedCompositeActor_ModularCodeGenTypedCompositeActor_profile.class
-rw-rw-r--   1 travis travis   1294 Aug  1 15:25 ModularCodeGen2_ModularCodeGenTypedCompositeActor_ModularCodeGenTypedCompositeActor_profile.java
-rw-rw-r--   1 travis travis    820 Aug  1 15:25 ModularCodeGen2_ModularCodeGenTypedCompositeActor_profile.class
-rw-rw-r--   1 travis travis    693 Aug  1 15:25 ModularCodeGen2_ModularCodeGenTypedCompositeActor_profile.java
-rw-rw-r--   1 travis travis   3973 Aug  1 15:25 ModularCodeGen3_A1_B1.class
-rw-rw-r--   1 travis travis   9958 Aug  1 15:25 ModularCodeGen3_A1_B1.java
-rw-rw-r--   1 travis travis    880 Aug  1 15:25 ModularCodeGen3_A1_B1.mk
-rw-rw-r--   1 travis travis   1330 Aug  1 15:25 ModularCodeGen3_A1_B1_profile.class
-rw-rw-r--   1 travis travis   1274 Aug  1 15:25 ModularCodeGen3_A1_B1_profile.java
-rw-rw-r--   1 travis travis   3973 Aug  1 15:26 ModularCodeGen3_A1_B2.class
-rw-rw-r--   1 travis travis   9958 Aug  1 15:26 ModularCodeGen3_A1_B2.java
-rw-rw-r--   1 travis travis    880 Aug  1 15:26 ModularCodeGen3_A1_B2.mk
-rw-rw-r--   1 travis travis   1330 Aug  1 15:26 ModularCodeGen3_A1_B2_profile.class
-rw-rw-r--   1 travis travis   1274 Aug  1 15:25 ModularCodeGen3_A1_B2_profile.java
-rw-rw-r--   1 travis travis   5193 Aug  1 15:26 ModularCodeGen3_A1.class
-rw-rw-r--   1 travis travis  15564 Aug  1 15:26 ModularCodeGen3_A1.java
-rw-rw-r--   1 travis travis    856 Aug  1 15:26 ModularCodeGen3_A1.mk
-rw-rw-r--   1 travis travis   1445 Aug  1 15:26 ModularCodeGen3_A1_profile.class
-rw-rw-r--   1 travis travis   1716 Aug  1 15:26 ModularCodeGen3_A1_profile.java
-rw-rw-r--   1 travis travis   4119 Aug  1 15:26 ModularCodeGen3_A2_B1.class
-rw-rw-r--   1 travis travis  10955 Aug  1 15:26 ModularCodeGen3_A2_B1.java
-rw-rw-r--   1 travis travis    880 Aug  1 15:26 ModularCodeGen3_A2_B1.mk
-rw-rw-r--   1 travis travis   1393 Aug  1 15:26 ModularCodeGen3_A2_B1_profile.class
-rw-rw-r--   1 travis travis   1458 Aug  1 15:26 ModularCodeGen3_A2_B1_profile.java
-rw-rw-r--   1 travis travis   1274 Aug  1 15:26 ModularCodeGen3_A2_B2_profile.java
-rw-rw-r--   1 travis travis   4186 Aug  1 15:25 ModularCodeGen_ModularCodeGenTypedCompositeActor.class
-rw-rw-r--   1 travis travis  10970 Aug  1 15:25 ModularCodeGen_ModularCodeGenTypedCompositeActor.java
-rw-rw-r--   1 travis travis   1096 Aug  1 15:25 ModularCodeGen_ModularCodeGenTypedCompositeActor.mk
-rw-rw-r--   1 travis travis   1384 Aug  1 15:25 ModularCodeGen_ModularCodeGenTypedCompositeActor_profile.class
-rw-rw-r--   1 travis travis   1328 Aug  1 15:25 ModularCodeGen_ModularCodeGenTypedCompositeActor_profile.java
-rw-rw-r--   1 travis travis   3724 Aug  1 15:25 ModularCodeGenTest_A1_A2.class
-rw-rw-r--   1 travis travis   9164 Aug  1 15:25 ModularCodeGenTest_A1_A2.java
-rw-rw-r--   1 travis travis   1306 Aug  1 15:25 ModularCodeGenTest_A1_A2_profile.class
-rw-rw-r--   1 travis travis   4055 Aug  1 15:25 ModularCodeGenTest_A1.class
-rw-rw-r--   1 travis travis   9968 Aug  1 15:25 ModularCodeGenTest_A1.java
-rw-rw-r--   1 travis travis    880 Aug  1 15:25 ModularCodeGenTest_A1.mk
-rw-rw-r--   1 travis travis   1352 Aug  1 15:25 ModularCodeGenTest_A1_profile.class
-rw-rw-r--   1 travis travis   1394 Aug  1 15:25 ModularCodeGenTest_A1_profile.java
drwxrwxr-x   3 travis travis  32768 Aug  1 15:24 modulation2
drwxrwxr-x 183 travis travis  12288 Aug  1 15:25 node_modules
drwxrwxr-x   3 travis travis  20480 Aug  1 15:21 PhaseUnwrap
drwxrwxr-x   3 travis travis  12288 Aug  1 15:21 ReadFile1
-rw-rw-r--   1 travis travis     11 Aug  1 15:21 ReadFile1Output.txt
-rw-rw-r--   1 travis travis  13773 Aug  1 15:24 Repeat.class
-rw-rw-r--   1 travis travis    685 Aug  1 15:24 Repeat$_fireFunction_Repeat_Repeat$__f_sL_11.class
-rw-rw-r--   1 travis travis    541 Aug  1 15:24 Repeat$_fireFunction_Repeat_Repeat$__f_sL_12.class
-rw-rw-r--   1 travis travis    541 Aug  1 15:24 Repeat$_fireFunction_Repeat_Repeat$__f_sL_13.class
-rw-rw-r--   1 travis travis    541 Aug  1 15:24 Repeat$_fireFunction_Repeat_Repeat$__f_sL_14.class
-rw-rw-r--   1 travis travis    684 Aug  1 15:24 Repeat$_fireFunction_Repeat_Repeat$__f_sL_1.class
-rw-rw-r--   1 travis travis    683 Aug  1 15:24 Repeat$_fireFunction_Repeat_Repeat$__f_sL_4.class
-rw-rw-r--   1 travis travis    539 Aug  1 15:24 Repeat$_fireFunction_Repeat_Repeat$__f_sL_9.class
-rw-rw-r--   1 travis travis    494 Aug  1 15:24 Repeat$_initialize_Repeat$__i_sL_2.class
-rw-rw-r--   1 travis travis   1281 Aug  1 15:24 Repeat.mk
-rw-rw-r--   1 travis travis    539 Aug  1 15:24 Repeat$_preinitializeMethod_Repeat$__p_sL_0.class
-rw-rw-r--   1 travis travis   1102 Aug  1 15:24 Repeat$_Repeat$_fireFunction_Repeat_AddSubtract_Repeat.class
-rw-rw-r--   1 travis travis    810 Aug  1 15:24 Repeat$_Repeat$_fireFunction_Repeat_AddSubtract_Repeat$__f_sL_0.class
-rw-rw-r--   1 travis travis    928 Aug  1 15:24 Repeat$_Repeat$_fireFunction_Repeat_AddSubtract_Repeat$__f_sL_1.class
-rw-rw-r--   1 travis travis    934 Aug  1 15:24 Repeat$_Repeat$_fireFunction_Repeat_AddSubtract_Repeat$__f_sL_2.class
-rw-rw-r--   1 travis travis    862 Aug  1 15:24 Repeat$_Repeat$_fireFunction_Repeat_AddSubtract_Repeat$__f_sL_3.class
-rw-rw-r--   1 travis travis    757 Aug  1 15:24 Repeat$_Repeat$_fireFunction_Repeat_Ramp2_Repeat$__f_sL_0.class
-rw-rw-r--   1 travis travis    888 Aug  1 15:24 Repeat$_Repeat$_fireFunction_Repeat_Test_Repeat$__f_sL_0.class
-rw-rw-r--   1 travis travis    634 Aug  1 15:24 Repeat$_Repeat$_fireFunction_Repeat_Test_Repeat$__f_sL_1.class
-rw-rw-r--   1 travis travis    704 Aug  1 15:24 Repeat$_Repeat_SDF_Director_run_Repeat$__R_sL_0.class
-rw-rw-r--   1 travis travis    705 Aug  1 15:24 Repeat$_Repeat_SDF_Director_run_Repeat$__R_sL_11.class
-rw-rw-r--   1 travis travis    561 Aug  1 15:24 Repeat$_Repeat_SDF_Director_run_Repeat$__R_sL_13.class
-rw-rw-r--   1 travis travis    559 Aug  1 15:24 Repeat$_Repeat_SDF_Director_run_Repeat$__R_sL_2.class
-rw-rw-r--   1 travis travis    703 Aug  1 15:24 Repeat$_Repeat_SDF_Director_run_Repeat$__R_sL_3.class
-rw-rw-r--   1 travis travis    559 Aug  1 15:24 Repeat$_Repeat_SDF_Director_run_Repeat$__R_sL_5.class
-rw-rw-r--   1 travis travis    559 Aug  1 15:24 Repeat$_Repeat_SDF_Director_run_Repeat$__R_sL_8.class
drwxrwxr-x   2 travis travis   4096 Aug  1 15:24 RepeatVariables
-rw-rw-r--   1 travis travis    882 Aug  1 15:24 Repeat$_varinit_Repeat.class
-rw-rw-r--   1 travis travis    550 Aug  1 15:24 Repeat$_varinit_Repeat$__v_sL_2.class
-rw-rw-r--   1 travis travis    924 Aug  1 15:24 Repeat$_varinit_Repeat$__v_sL_4.class
-rw-rw-r--   1 travis travis    978 Aug  1 15:24 Repeat$_wrapup_Repeat$__w_sL_1.class
drwxrwxr-x   3 travis travis  20480 Aug  1 15:21 Sinewave
drwxrwxr-x   3 travis travis  32768 Aug  1 15:23 StringFunction
drwxrwxr-x   3 travis travis  12288 Aug  1 15:23 StringLength
drwxrwxr-x   3 travis travis  61440 Aug  1 15:23 StringMatches2
drwxrwxr-x   3 travis travis  61440 Aug  1 15:23 StringSimpleReplace
drwxrwxr-x   3 travis travis  65536 Aug  1 15:23 StringSubstring
drwxrwxr-x   3 travis travis  24576 Aug  1 15:24 StringSubstring2
drwxrwxr-x   3 travis travis  16384 Aug  1 15:24 time1
drwxrwxr-x   3 travis travis  12288 Aug  1 15:24 time5
-rw-rw-r--   1 travis travis    432 Aug  1 15:26 Token.class
-rw-rw-r--   1 travis travis    251 Aug  1 15:26 Token.java
-rwxrwxr-x   1 travis travis 466992 Aug  1 15:18 top
-rw-rw-r--   1 travis travis  20502 Aug  1 15:18 top.c
-rw-rw-r--   1 travis travis   3799 Aug  1 15:24 top.class
-rw-rw-r--   1 travis travis   1257 Aug  1 15:24 top.mk
All Done
Writing ModularCodeGen3_A2_B2.java in file:/home/travis/cg/ (9958 characters)
Reading "ptolemy/cg/kernel/generic/program/procedural/java/modular/makefile.in",
    writing "/home/travis/cg/ModularCodeGen3_A2_B2.mk"
Using ptolemy/cg/kernel/generic/program/procedural/java/modular/makefile.in
In "/home/travis/cg", about to execute:
    make -f ModularCodeGen3_A2_B2.mk
javac -classpath ".:.."    ModularCodeGen3_A2_B2.java
All Done
In "/home/travis/cg", about to execute:
    pwd
In "/home/travis/cg", about to execute:
    ls -l
/home/travis/cg
total 1884
drwxrwxr-x   3 travis travis  12288 Aug  1 15:20 AbsoluteValue
drwxrwxr-x   3 travis travis 102400 Aug  1 15:19 AllColt
drwxrwxr-x   3 travis travis  12288 Aug  1 15:19 Case1
-rw-rw-r--   1 travis travis   5128 Aug  1 15:25 CompiledCompositeActor_CompiledCompositeActor.class
-rw-rw-r--   1 travis travis   1611 Aug  1 15:25 CompiledCompositeActor_CompiledCompositeActor$_CompiledCompositeActor_CompiledCompositeActor.class
-rw-rw-r--   1 travis travis  13466 Aug  1 15:25 CompiledCompositeActor_CompiledCompositeActor.java
-rw-rw-r--   1 travis travis   1593 Aug  1 15:25 CompiledCompositeActor_CompiledCompositeActor.mk
drwxrwxr-x   5 travis travis   4096 Aug  1 15:18 fmi
drwxrwxr-x   3 travis travis  16384 Aug  1 15:20 Gaussian2
-rw-rw-r--   1 travis travis   4684 Aug  1 15:25 JavaCompiledCompositeTest1_CompiledCompositeActor.class
-rw-rw-r--   1 travis travis  11637 Aug  1 15:25 JavaCompiledCompositeTest1_CompiledCompositeActor.java
-rw-rw-r--   1 travis travis   1217 Aug  1 15:25 JavaCompiledCompositeTest1_CompiledCompositeActor$_JavaCompiledCompositeTest1_CompiledCompositeActor.class
-rw-rw-r--   1 travis travis   1625 Aug  1 15:25 JavaCompiledCompositeTest1_CompiledCompositeActor.mk
-rw-rw-r--   1 travis travis   5115 Aug  1 15:25 JavaCompiledCompositeTest2_CompiledCompositeActor.class
-rw-rw-r--   1 travis travis  14919 Aug  1 15:25 JavaCompiledCompositeTest2_CompiledCompositeActor.java
-rw-rw-r--   1 travis travis   1812 Aug  1 15:25 JavaCompiledCompositeTest2_CompiledCompositeActor$_JavaCompiledCompositeTest2_CompiledCompositeActor.class
-rw-rw-r--   1 travis travis   1625 Aug  1 15:25 JavaCompiledCompositeTest2_CompiledCompositeActor.mk
-rw-rw-r--   1 travis travis   4732 Aug  1 15:25 JavaCompiledCompositeTest3_CompiledCompositeActor.class
-rw-rw-r--   1 travis travis  13080 Aug  1 15:25 JavaCompiledCompositeTest3_CompiledCompositeActor.java
-rw-rw-r--   1 travis travis   1397 Aug  1 15:25 JavaCompiledCompositeTest3_CompiledCompositeActor$_JavaCompiledCompositeTest3_CompiledCompositeActor.class
-rw-rw-r--   1 travis travis   1625 Aug  1 15:25 JavaCompiledCompositeTest3_CompiledCompositeActor.mk
-rw-rw-r--   1 travis travis   4183 Aug  1 15:25 JavaCompiledCompositeTest4_CompiledCompositeActor.class
-rw-rw-r--   1 travis travis   9687 Aug  1 15:25 JavaCompiledCompositeTest4_CompiledCompositeActor.java
-rw-rw-r--   1 travis travis    876 Aug  1 15:25 JavaCompiledCompositeTest4_CompiledCompositeActor$_JavaCompiledCompositeTest4_CompiledCompositeActor.class
-rw-rw-r--   1 travis travis   1625 Aug  1 15:25 JavaCompiledCompositeTest4_CompiledCompositeActor.mk
drwxrwxr-x   3 travis travis  12288 Aug  1 15:20 LookupTable
drwxrwxr-x   3 travis travis  20480 Aug  1 15:20 MaxIndex
-rw-rw-r--   1 travis travis   3925 Aug  1 15:25 ModularCG_A1_B1.class
-rw-rw-r--   1 travis travis   9730 Aug  1 15:25 ModularCG_A1_B1.java
-rw-rw-r--   1 travis travis    832 Aug  1 15:25 ModularCG_A1_B1.mk
-rw-rw-r--   1 travis travis   1318 Aug  1 15:25 ModularCG_A1_B1_profile.class
-rw-rw-r--   1 travis travis   1262 Aug  1 15:25 ModularCG_A1_B1_profile.java
-rw-rw-r--   1 travis travis   3925 Aug  1 15:25 ModularCG_A1_B2.class
-rw-rw-r--   1 travis travis   9730 Aug  1 15:25 ModularCG_A1_B2.java
-rw-rw-r--   1 travis travis    832 Aug  1 15:25 ModularCG_A1_B2.mk
-rw-rw-r--   1 travis travis   1318 Aug  1 15:25 ModularCG_A1_B2_profile.class
-rw-rw-r--   1 travis travis   1262 Aug  1 15:25 ModularCG_A1_B2_profile.java
-rw-rw-r--   1 travis travis   5031 Aug  1 15:25 ModularCG_A1.class
-rw-rw-r--   1 travis travis  14742 Aug  1 15:25 ModularCG_A1.java
-rw-rw-r--   1 travis travis    808 Aug  1 15:25 ModularCG_A1.mk
-rw-rw-r--   1 travis travis   1433 Aug  1 15:25 ModularCG_A1_profile.class
-rw-rw-r--   1 travis travis   1704 Aug  1 15:25 ModularCG_A1_profile.java
-rw-rw-r--   1 travis travis   4059 Aug  1 15:25 ModularCG_A2_B1.class
-rw-rw-r--   1 travis travis  10667 Aug  1 15:25 ModularCG_A2_B1.java
-rw-rw-r--   1 travis travis    832 Aug  1 15:25 ModularCG_A2_B1.mk
-rw-rw-r--   1 travis travis   1381 Aug  1 15:25 ModularCG_A2_B1_profile.class
-rw-rw-r--   1 travis travis   1446 Aug  1 15:25 ModularCG_A2_B1_profile.java
-rw-rw-r--   1 travis travis   3925 Aug  1 15:25 ModularCG_A2_B2.class
-rw-rw-r--   1 travis travis   9730 Aug  1 15:25 ModularCG_A2_B2.java
-rw-rw-r--   1 travis travis    832 Aug  1 15:25 ModularCG_A2_B2.mk
-rw-rw-r--   1 travis travis   1318 Aug  1 15:25 ModularCG_A2_B2_profile.class
-rw-rw-r--   1 travis travis   1262 Aug  1 15:25 ModularCG_A2_B2_profile.java
-rw-rw-r--   1 travis travis   5102 Aug  1 15:25 ModularCG_A2.class
-rw-rw-r--   1 travis travis  15129 Aug  1 15:25 ModularCG_A2.java
-rw-rw-r--   1 travis travis    808 Aug  1 15:25 ModularCG_A2.mk
-rw-rw-r--   1 travis travis   1433 Aug  1 15:25 ModularCG_A2_profile.class
-rw-rw-r--   1 travis travis   1704 Aug  1 15:25 ModularCG_A2_profile.java
-rw-rw-r--   1 travis travis   3705 Aug  1 15:25 ModularCGPubSub_A1_A2.class
-rw-rw-r--   1 travis travis   9076 Aug  1 15:25 ModularCGPubSub_A1_A2.java
-rw-rw-r--   1 travis travis    880 Aug  1 15:25 ModularCGPubSub_A1_A2.mk
-rw-rw-r--   1 travis travis   1300 Aug  1 15:25 ModularCGPubSub_A1_A2_profile.class
-rw-rw-r--   1 travis travis   1222 Aug  1 15:25 ModularCGPubSub_A1_A2_profile.java
-rw-rw-r--   1 travis travis   4022 Aug  1 15:25 ModularCGPubSub_A1.class
-rw-rw-r--   1 travis travis   9836 Aug  1 15:25 ModularCGPubSub_A1.java
-rw-rw-r--   1 travis travis    856 Aug  1 15:25 ModularCGPubSub_A1.mk
-rw-rw-r--   1 travis travis   1346 Aug  1 15:25 ModularCGPubSub_A1_profile.class
-rw-rw-r--   1 travis travis   1388 Aug  1 15:25 ModularCGPubSub_A1_profile.java
-rw-rw-r--   1 travis travis   4220 Aug  1 15:25 ModularCodeGen2_ModularCodeGenTypedCompositeActor.class
-rw-rw-r--   1 travis travis  11690 Aug  1 15:25 ModularCodeGen2_ModularCodeGenTypedCompositeActor.java
-rw-rw-r--   1 travis travis   1104 Aug  1 15:25 ModularCodeGen2_ModularCodeGenTypedCompositeActor.mk
-rw-rw-r--   1 travis travis   4504 Aug  1 15:25 ModularCodeGen2_ModularCodeGenTypedCompositeActor_ModularCodeGenTypedCompositeActor.class
-rw-rw-r--   1 travis travis  11790 Aug  1 15:25 ModularCodeGen2_ModularCodeGenTypedCompositeActor_ModularCodeGenTypedCompositeActor.java
-rw-rw-r--   1 travis travis   1376 Aug  1 15:25 ModularCodeGen2_ModularCodeGenTypedCompositeActor_ModularCodeGenTypedCompositeActor.mk
-rw-rw-r--   1 travis travis   1421 Aug  1 15:25 ModularCodeGen2_ModularCodeGenTypedCompositeActor_ModularCodeGenTypedCompositeActor_profile.class
-rw-rw-r--   1 travis travis   1294 Aug  1 15:25 ModularCodeGen2_ModularCodeGenTypedCompositeActor_ModularCodeGenTypedCompositeActor_profile.java
-rw-rw-r--   1 travis travis    820 Aug  1 15:25 ModularCodeGen2_ModularCodeGenTypedCompositeActor_profile.class
-rw-rw-r--   1 travis travis    693 Aug  1 15:25 ModularCodeGen2_ModularCodeGenTypedCompositeActor_profile.java
-rw-rw-r--   1 travis travis   3973 Aug  1 15:25 ModularCodeGen3_A1_B1.class
-rw-rw-r--   1 travis travis   9958 Aug  1 15:25 ModularCodeGen3_A1_B1.java
-rw-rw-r--   1 travis travis    880 Aug  1 15:25 ModularCodeGen3_A1_B1.mk
-rw-rw-r--   1 travis travis   1330 Aug  1 15:25 ModularCodeGen3_A1_B1_profile.class
-rw-rw-r--   1 travis travis   1274 Aug  1 15:25 ModularCodeGen3_A1_B1_profile.java
-rw-rw-r--   1 travis travis   3973 Aug  1 15:26 ModularCodeGen3_A1_B2.class
-rw-rw-r--   1 travis travis   9958 Aug  1 15:26 ModularCodeGen3_A1_B2.java
-rw-rw-r--   1 travis travis    880 Aug  1 15:26 ModularCodeGen3_A1_B2.mk
-rw-rw-r--   1 travis travis   1330 Aug  1 15:26 ModularCodeGen3_A1_B2_profile.class
-rw-rw-r--   1 travis travis   1274 Aug  1 15:25 ModularCodeGen3_A1_B2_profile.java
-rw-rw-r--   1 travis travis   5193 Aug  1 15:26 ModularCodeGen3_A1.class
-rw-rw-r--   1 travis travis  15564 Aug  1 15:26 ModularCodeGen3_A1.java
-rw-rw-r--   1 travis travis    856 Aug  1 15:26 ModularCodeGen3_A1.mk
-rw-rw-r--   1 travis travis   1445 Aug  1 15:26 ModularCodeGen3_A1_profile.class
-rw-rw-r--   1 travis travis   1716 Aug  1 15:26 ModularCodeGen3_A1_profile.java
-rw-rw-r--   1 travis travis   4119 Aug  1 15:26 ModularCodeGen3_A2_B1.class
-rw-rw-r--   1 travis travis  10955 Aug  1 15:26 ModularCodeGen3_A2_B1.java
-rw-rw-r--   1 travis travis    880 Aug  1 15:26 ModularCodeGen3_A2_B1.mk
-rw-rw-r--   1 travis travis   1393 Aug  1 15:26 ModularCodeGen3_A2_B1_profile.class
-rw-rw-r--   1 travis travis   1458 Aug  1 15:26 ModularCodeGen3_A2_B1_profile.java
-rw-rw-r--   1 travis travis   3973 Aug  1 15:26 ModularCodeGen3_A2_B2.class
-rw-rw-r--   1 travis travis   9958 Aug  1 15:26 ModularCodeGen3_A2_B2.java
-rw-rw-r--   1 travis travis    880 Aug  1 15:26 ModularCodeGen3_A2_B2.mk
-rw-rw-r--   1 travis travis   1330 Aug  1 15:26 ModularCodeGen3_A2_B2_profile.class
-rw-rw-r--   1 travis travis   1274 Aug  1 15:26 ModularCodeGen3_A2_B2_profile.java
-rw-rw-r--   1 travis travis   1716 Aug  1 15:26 ModularCodeGen3_A2_profile.java
-rw-rw-r--   1 travis travis   4186 Aug  1 15:25 ModularCodeGen_ModularCodeGenTypedCompositeActor.class
-rw-rw-r--   1 travis travis  10970 Aug  1 15:25 ModularCodeGen_ModularCodeGenTypedCompositeActor.java
-rw-rw-r--   1 travis travis   1096 Aug  1 15:25 ModularCodeGen_ModularCodeGenTypedCompositeActor.mk
-rw-rw-r--   1 travis travis   1384 Aug  1 15:25 ModularCodeGen_ModularCodeGenTypedCompositeActor_profile.class
-rw-rw-r--   1 travis travis   1328 Aug  1 15:25 ModularCodeGen_ModularCodeGenTypedCompositeActor_profile.java
-rw-rw-r--   1 travis travis   3724 Aug  1 15:25 ModularCodeGenTest_A1_A2.class
-rw-rw-r--   1 travis travis   9164 Aug  1 15:25 ModularCodeGenTest_A1_A2.java
-rw-rw-r--   1 travis travis   1306 Aug  1 15:25 ModularCodeGenTest_A1_A2_profile.class
-rw-rw-r--   1 travis travis   4055 Aug  1 15:25 ModularCodeGenTest_A1.class
-rw-rw-r--   1 travis travis   9968 Aug  1 15:25 ModularCodeGenTest_A1.java
-rw-rw-r--   1 travis travis    880 Aug  1 15:25 ModularCodeGenTest_A1.mk
-rw-rw-r--   1 travis travis   1352 Aug  1 15:25 ModularCodeGenTest_A1_profile.class
-rw-rw-r--   1 travis travis   1394 Aug  1 15:25 ModularCodeGenTest_A1_profile.java
drwxrwxr-x   3 travis travis  32768 Aug  1 15:24 modulation2
drwxrwxr-x 183 travis travis  12288 Aug  1 15:25 node_modules
drwxrwxr-x   3 travis travis  20480 Aug  1 15:21 PhaseUnwrap
drwxrwxr-x   3 travis travis  12288 Aug  1 15:21 ReadFile1
-rw-rw-r--   1 travis travis     11 Aug  1 15:21 ReadFile1Output.txt
-rw-rw-r--   1 travis travis  13773 Aug  1 15:24 Repeat.class
-rw-rw-r--   1 travis travis    685 Aug  1 15:24 Repeat$_fireFunction_Repeat_Repeat$__f_sL_11.class
-rw-rw-r--   1 travis travis    541 Aug  1 15:24 Repeat$_fireFunction_Repeat_Repeat$__f_sL_12.class
-rw-rw-r--   1 travis travis    541 Aug  1 15:24 Repeat$_fireFunction_Repeat_Repeat$__f_sL_13.class
-rw-rw-r--   1 travis travis    541 Aug  1 15:24 Repeat$_fireFunction_Repeat_Repeat$__f_sL_14.class
-rw-rw-r--   1 travis travis    684 Aug  1 15:24 Repeat$_fireFunction_Repeat_Repeat$__f_sL_1.class
-rw-rw-r--   1 travis travis    683 Aug  1 15:24 Repeat$_fireFunction_Repeat_Repeat$__f_sL_4.class
-rw-rw-r--   1 travis travis    539 Aug  1 15:24 Repeat$_fireFunction_Repeat_Repeat$__f_sL_9.class
-rw-rw-r--   1 travis travis    494 Aug  1 15:24 Repeat$_initialize_Repeat$__i_sL_2.class
-rw-rw-r--   1 travis travis   1281 Aug  1 15:24 Repeat.mk
-rw-rw-r--   1 travis travis    539 Aug  1 15:24 Repeat$_preinitializeMethod_Repeat$__p_sL_0.class
-rw-rw-r--   1 travis travis   1102 Aug  1 15:24 Repeat$_Repeat$_fireFunction_Repeat_AddSubtract_Repeat.class
-rw-rw-r--   1 travis travis    810 Aug  1 15:24 Repeat$_Repeat$_fireFunction_Repeat_AddSubtract_Repeat$__f_sL_0.class
-rw-rw-r--   1 travis travis    928 Aug  1 15:24 Repeat$_Repeat$_fireFunction_Repeat_AddSubtract_Repeat$__f_sL_1.class
-rw-rw-r--   1 travis travis    934 Aug  1 15:24 Repeat$_Repeat$_fireFunction_Repeat_AddSubtract_Repeat$__f_sL_2.class
-rw-rw-r--   1 travis travis    862 Aug  1 15:24 Repeat$_Repeat$_fireFunction_Repeat_AddSubtract_Repeat$__f_sL_3.class
-rw-rw-r--   1 travis travis    757 Aug  1 15:24 Repeat$_Repeat$_fireFunction_Repeat_Ramp2_Repeat$__f_sL_0.class
-rw-rw-r--   1 travis travis    888 Aug  1 15:24 Repeat$_Repeat$_fireFunction_Repeat_Test_Repeat$__f_sL_0.class
-rw-rw-r--   1 travis travis    634 Aug  1 15:24 Repeat$_Repeat$_fireFunction_Repeat_Test_Repeat$__f_sL_1.class
-rw-rw-r--   1 travis travis    704 Aug  1 15:24 Repeat$_Repeat_SDF_Director_run_Repeat$__R_sL_0.class
-rw-rw-r--   1 travis travis    705 Aug  1 15:24 Repeat$_Repeat_SDF_Director_run_Repeat$__R_sL_11.class
-rw-rw-r--   1 travis travis    561 Aug  1 15:24 Repeat$_Repeat_SDF_Director_run_Repeat$__R_sL_13.class
-rw-rw-r--   1 travis travis    559 Aug  1 15:24 Repeat$_Repeat_SDF_Director_run_Repeat$__R_sL_2.class
-rw-rw-r--   1 travis travis    703 Aug  1 15:24 Repeat$_Repeat_SDF_Director_run_Repeat$__R_sL_3.class
-rw-rw-r--   1 travis travis    559 Aug  1 15:24 Repeat$_Repeat_SDF_Director_run_Repeat$__R_sL_5.class
-rw-rw-r--   1 travis travis    559 Aug  1 15:24 Repeat$_Repeat_SDF_Director_run_Repeat$__R_sL_8.class
drwxrwxr-x   2 travis travis   4096 Aug  1 15:24 RepeatVariables
-rw-rw-r--   1 travis travis    882 Aug  1 15:24 Repeat$_varinit_Repeat.class
-rw-rw-r--   1 travis travis    550 Aug  1 15:24 Repeat$_varinit_Repeat$__v_sL_2.class
-rw-rw-r--   1 travis travis    924 Aug  1 15:24 Repeat$_varinit_Repeat$__v_sL_4.class
-rw-rw-r--   1 travis travis    978 Aug  1 15:24 Repeat$_wrapup_Repeat$__w_sL_1.class
drwxrwxr-x   3 travis travis  20480 Aug  1 15:21 Sinewave
drwxrwxr-x   3 travis travis  32768 Aug  1 15:23 StringFunction
drwxrwxr-x   3 travis travis  12288 Aug  1 15:23 StringLength
drwxrwxr-x   3 travis travis  61440 Aug  1 15:23 StringMatches2
drwxrwxr-x   3 travis travis  61440 Aug  1 15:23 StringSimpleReplace
drwxrwxr-x   3 travis travis  65536 Aug  1 15:23 StringSubstring
drwxrwxr-x   3 travis travis  24576 Aug  1 15:24 StringSubstring2
drwxrwxr-x   3 travis travis  16384 Aug  1 15:24 time1
drwxrwxr-x   3 travis travis  12288 Aug  1 15:24 time5
-rw-rw-r--   1 travis travis    432 Aug  1 15:26 Token.class
-rw-rw-r--   1 travis travis    251 Aug  1 15:26 Token.java
-rwxrwxr-x   1 travis travis 466992 Aug  1 15:18 top
-rw-rw-r--   1 travis travis  20502 Aug  1 15:18 top.c
-rw-rw-r--   1 travis travis   3799 Aug  1 15:24 top.class
-rw-rw-r--   1 travis travis   1257 Aug  1 15:24 top.mk
In "/home/travis/cg", about to execute:
    javac -classpath
.:/home/travis/build/icyphy/ptII:/home/travis/build/icyphy/ptII/lib/bsh-2.0b4.j
ar:/home/travis/build/icyphy/ptII/lib/ptCal.jar:/home/travis/build/icyphy/ptII/
lib/java_cup.jar:/home/travis/build/icyphy/ptII/lib/saxon8.jar:/home/travis/bui
ld/icyphy/ptII/lib/saxon8-dom.jar:/home/travis/build/icyphy/ptII/lib/chic.jar:/
home/travis/build/icyphy/ptII/lib/ptcolt.jar:/home/travis/build/icyphy/ptII/ven
dors/misc/itext/iText.jar:/home/travis/build/icyphy/ptII/lib/g4ltl.jar:/home/tr
avis/build/icyphy/ptII/lib/StructuralCoder.jar:/home/travis/build/icyphy/ptII/l
ib/jcerti.jar:/home/travis/build/icyphy/ptII/lib/javax.mail.jar:/home/travis/bu
ild/icyphy/ptII/vendors/JMF-2.1.1e/lib/jmf.jar:/home/travis/build/icyphy/ptII/l
ib/jna-4.0.0-variadic.jar:/home/travis/build/icyphy/ptII/vendors/misc/joystick/
Joystick.jar:/home/travis/build/icyphy/ptII/lib/ptjacl.jar:/home/travis/build/i
cyphy/ptII/lib/jsoup-1.8.2.jar:/home/travis/build/icyphy/ptII/lib/junit-4.8.2.j
ar:/home/travis/build/icyphy/ptII/lib/JUnitParams-0.4.0.jar:/home/travis/build/
icyphy/ptII/ptolemy/actor/lib/excel/jxl.jar:/home/travis/build/icyphy/ptII/lib/
jython.jar:/home/travis/build/icyphy/ptII/lib/kieler.jar:/home/travis/build/icy
phy/ptII/vendors/opencv/share/OpenCV/java/opencv-341.jar:/home/travis/build/icy
phy/ptII/lib/oscP5.jar:/home/travis/build/icyphy/ptII/lib/nrjavaserial-3.11.0.d
evel.jar:/home/travis/build/icyphy/ptII/vendors/j3d/lib/Linux/j3dcore.jar:/home
/travis/build/icyphy/ptII/vendors/j3d/lib/Linux/j3dutils.jar:/home/travis/build
/icyphy/ptII/vendors/j3d/lib/Linux/vecmath.jar:/home/travis/build/icyphy/ptII/v
endors/jogl/lib/Linux/gluegen-rt-natives-linux-amd64.jar:/home/travis/build/icy
phy/ptII/vendors/jogl/lib/Linux/gluegen-rt.jar:/home/travis/build/icyphy/ptII/v
endors/jogl/lib/Linux/jogl-all-natives-linux-amd64.jar:/home/travis/build/icyph
y/ptII/vendors/jogl/lib/Linux/jogl-all.jar:/home/travis/build/icyphy/ptII/ptole
my/distributed/jini/jar/jini-core.jar:/home/travis/build/icyphy/ptII/ptolemy/di
stributed/jini/jar/jini-ext.jar:/home/travis/build/icyphy/ptII/ptolemy/distribu
ted/jini/jar/sun-util.jar:/home/travis/build/icyphy/ptII/lib/protobuf-java-2.4.
1.jar:/home/travis/build/icyphy/ptII/lib/org.eclipse.paho.client.mqttv3.jar:/ho
me/travis/build/icyphy/ptII/lib/mapss.jar:/home/travis/build/icyphy/ptII/ptolem
y/actor/ptalon/antlr/antlr.jar:/home/travis/build/icyphy/ptII/lib/JRI.jar:/home
/travis/build/icyphy/ptII/lib/commons-lang-2.6.jar:/home/travis/build/icyphy/pt
II/lib/commons-logging-1.1.1.jar:/home/travis/build/icyphy/ptII/lib/sootclasses
.jar:/home/travis/build/icyphy/ptII/ptolemy/actor/lib/database/mysql-connector-
java-5.1.6-bin.jar:/home/travis/build/icyphy/ptII/vendors/misc/sphinx4/sphinx4-
data-5prealpha.jar:/home/travis/build/icyphy/ptII/vendors/misc/sphinx4/sphinx4-
core-5prealpha.jar:/home/travis/build/icyphy/ptII/lib/PDFRenderer.jar:/home/tra
vis/build/icyphy/ptII/lib/svgSalamander.jar:/home/travis/build/icyphy/ptII/lib/
rsyntaxtextarea-2.6.0-SNAPSHOT.jar:/home/travis/build/icyphy/ptII/lib/hazelcast
-3.8.2.jar:/home/travis/build/icyphy/ptII/lib/jackson-annotations-2.9.0.jar:/ho
me/travis/build/icyphy/ptII/lib/jackson-core-2.9.3.jar:/home/travis/build/icyph
y/ptII/lib/jackson-databind-2.9.3.jar:/home/travis/build/icyphy/ptII/lib/netty-
buffer-4.1.19.Final.jar:/home/travis/build/icyphy/ptII/lib/netty-codec-4.1.19.F
inal.jar:/home/travis/build/icyphy/ptII/lib/netty-codec-dns-4.1.19.Final.jar:/h
ome/travis/build/icyphy/ptII/lib/netty-codec-http-4.1.19.Final.jar:/home/travis
/build/icyphy/ptII/lib/netty-codec-http2-4.1.19.Final.jar:/home/travis/build/ic
yphy/ptII/lib/netty-common-4.1.19.Final.jar:/home/travis/build/icyphy/ptII/lib/
netty-handler-4.1.19.Final.jar:/home/travis/build/icyphy/ptII/lib/netty-resolve
r-4.1.19.Final.jar:/home/travis/build/icyphy/ptII/lib/netty-resolver-dns-4.1.19
.Final.jar:/home/travis/build/icyphy/ptII/lib/netty-transport-4.1.19.Final.jar:
/home/travis/build/icyphy/ptII/lib/vertx-codegen-3.5.1.jar:/home/travis/build/i
cyphy/ptII/lib/vertx-core-3.5.2-SNAPSHOT.jar:/home/travis/build/icyphy/ptII/lib
/vertx-hazelcast-3.5.1.jar:/home/travis/build/icyphy/ptII/lib/vertx-lang-js-3.5
.1.jar:/home/travis/build/icyphy/ptII/lib/vertx-service-proxy-3.5.1.jar:/home/t
ravis/build/icyphy/ptII/lib/vertx-web-3.5.1.jar:/home/travis/build/icyphy/ptII/
lib/slf4j-api-1.7.13.jar:/home/travis/build/icyphy/ptII/lib/slf4j-simple-1.7.13
.jar:/home/travis/build/icyphy/ptII/lib/webcam-capture-0.3.12.jar:/home/travis/
build/icyphy/ptII/lib/bridj-0.7.0.jar:/home/travis/build/icyphy/ptII/lib/xbjlib
-1.1.0.nrjavaserial.jar:/home/travis/build/icyphy/ptII/ptolemy/moml/test:/home/
travis/build/icyphy/ptII/ant/lib/ant-launcher.jar:/home/travis/build/icyphy/ptI
I/ant/lib/ant.jar:/home/travis/build/icyphy/ptII/ant/lib/ant-junit.jar:/home/tr
avis/build/icyphy/ptII/ant/lib/ant-junit4.jar:/home/travis/build/icyphy/ptII
ModularCodeGen3_A2_profile.java
All Done
Writing ModularCodeGen3_A2.java in file:/home/travis/cg/ (15957 characters)
Reading "ptolemy/cg/kernel/generic/program/procedural/java/modular/makefile.in",
    writing "/home/travis/cg/ModularCodeGen3_A2.mk"
Using ptolemy/cg/kernel/generic/program/procedural/java/modular/makefile.in
In "/home/travis/cg", about to execute:
    make -f ModularCodeGen3_A2.mk
javac -classpath ".:.."    ModularCodeGen3_A2.java
All Done
Manager.initialize() finished: 15768 ms. Memory: 129024K Free: 98443K (76%)
15770 ms. Memory: 129024K Free: 98443K (76%)
----------------- Invoking toplevel() on ptolemy.moml.MoMLSimpleApplication@337d07fb
----------------- Done invoking toplevel() on ptolemy.moml.MoMLSimpleApplication@337d07fb
reloadAllAccessors: .ModularCodeGen3

===========================================================================================
----------------- testing Sat Aug 01 15:26:12 UTC 2020 /home/travis/build/icyphy/ptII/ptolemy/cg/lib/test/auto/ModularCodeGen4.xml
----------------- Instantiating /home/travis/build/icyphy/ptII/ptolemy/cg/lib/test/auto/ModularCodeGen4.xml
In "/home/travis/cg", about to execute:
    pwd
In "/home/travis/cg", about to execute:
    ls -l
/home/travis/cg
In "/home/travis/cg", about to execute:
    javac -classpath
.:/home/travis/build/icyphy/ptII:/home/travis/build/icyphy/ptII/lib/bsh-2.0b4.j
ar:/home/travis/build/icyphy/ptII/lib/ptCal.jar:/home/travis/build/icyphy/ptII/
lib/java_cup.jar:/home/travis/build/icyphy/ptII/lib/saxon8.jar:/home/travis/bui
ld/icyphy/ptII/lib/saxon8-dom.jar:/home/travis/build/icyphy/ptII/lib/chic.jar:/
home/travis/build/icyphy/ptII/lib/ptcolt.jar:/home/travis/build/icyphy/ptII/ven
dors/misc/itext/iText.jar:/home/travis/build/icyphy/ptII/lib/g4ltl.jar:/home/tr
avis/build/icyphy/ptII/lib/StructuralCoder.jar:/home/travis/build/icyphy/ptII/l
ib/jcerti.jar:/home/travis/build/icyphy/ptII/lib/javax.mail.jar:/home/travis/bu
ild/icyphy/ptII/vendors/JMF-2.1.1e/lib/jmf.jar:/home/travis/build/icyphy/ptII/l
ib/jna-4.0.0-variadic.jar:/home/travis/build/icyphy/ptII/vendors/misc/joystick/
Joystick.jar:/home/travis/build/icyphy/ptII/lib/ptjacl.jar:/home/travis/build/i
cyphy/ptII/lib/jsoup-1.8.2.jar:/home/travis/build/icyphy/ptII/lib/junit-4.8.2.j
ar:/home/travis/build/icyphy/ptII/lib/JUnitParams-0.4.0.jar:/home/travis/build/
icyphy/ptII/ptolemy/actor/lib/excel/jxl.jar:/home/travis/build/icyphy/ptII/lib/
jython.jar:/home/travis/build/icyphy/ptII/lib/kieler.jar:/home/travis/build/icy
phy/ptII/vendors/opencv/share/OpenCV/java/opencv-341.jar:/home/travis/build/icy
phy/ptII/lib/oscP5.jar:/home/travis/build/icyphy/ptII/lib/nrjavaserial-3.11.0.d
evel.jar:/home/travis/build/icyphy/ptII/vendors/j3d/lib/Linux/j3dcore.jar:/home
/travis/build/icyphy/ptII/vendors/j3d/lib/Linux/j3dutils.jar:/home/travis/build
/icyphy/ptII/vendors/j3d/lib/Linux/vecmath.jar:/home/travis/build/icyphy/ptII/v
endors/jogl/lib/Linux/gluegen-rt-natives-linux-amd64.jar:/home/travis/build/icy
phy/ptII/vendors/jogl/lib/Linux/gluegen-rt.jar:/home/travis/build/icyphy/ptII/v
endors/jogl/lib/Linux/jogl-all-natives-linux-amd64.jar:/home/travis/build/icyph
y/ptII/vendors/jogl/lib/Linux/jogl-all.jar:/home/travis/build/icyphy/ptII/ptole
my/distributed/jini/jar/jini-core.jar:/home/travis/build/icyphy/ptII/ptolemy/di
stributed/jini/jar/jini-ext.jar:/home/travis/build/icyphy/ptII/ptolemy/distribu
ted/jini/jar/sun-util.jar:/home/travis/build/icyphy/ptII/lib/protobuf-java-2.4.
1.jar:/home/travis/build/icyphy/ptII/lib/org.eclipse.paho.client.mqttv3.jar:/ho
me/travis/build/icyphy/ptII/lib/mapss.jar:/home/travis/build/icyphy/ptII/ptolem
y/actor/ptalon/antlr/antlr.jar:/home/travis/build/icyphy/ptII/lib/JRI.jar:/home
/travis/build/icyphy/ptII/lib/commons-lang-2.6.jar:/home/travis/build/icyphy/pt
II/lib/commons-logging-1.1.1.jar:/home/travis/build/icyphy/ptII/lib/sootclasses
.jar:/home/travis/build/icyphy/ptII/ptolemy/actor/lib/database/mysql-connector-
java-5.1.6-bin.jar:/home/travis/build/icyphy/ptII/vendors/misc/sphinx4/sphinx4-
data-5prealpha.jar:/home/travis/build/icyphy/ptII/vendors/misc/sphinx4/sphinx4-
core-5prealpha.jar:/home/travis/build/icyphy/ptII/lib/PDFRenderer.jar:/home/tra
vis/build/icyphy/ptII/lib/svgSalamander.jar:/home/travis/build/icyphy/ptII/lib/
rsyntaxtextarea-2.6.0-SNAPSHOT.jar:/home/travis/build/icyphy/ptII/lib/hazelcast
-3.8.2.jar:/home/travis/build/icyphy/ptII/lib/jackson-annotations-2.9.0.jar:/ho
me/travis/build/icyphy/ptII/lib/jackson-core-2.9.3.jar:/home/travis/build/icyph
y/ptII/lib/jackson-databind-2.9.3.jar:/home/travis/build/icyphy/ptII/lib/netty-
buffer-4.1.19.Final.jar:/home/travis/build/icyphy/ptII/lib/netty-codec-4.1.19.F
inal.jar:/home/travis/build/icyphy/ptII/lib/netty-codec-dns-4.1.19.Final.jar:/h
ome/travis/build/icyphy/ptII/lib/netty-codec-http-4.1.19.Final.jar:/home/travis
/build/icyphy/ptII/lib/netty-codec-http2-4.1.19.Final.jar:/home/travis/build/ic
yphy/ptII/lib/netty-common-4.1.19.Final.jar:/home/travis/build/icyphy/ptII/lib/
netty-handler-4.1.19.Final.jar:/home/travis/build/icyphy/ptII/lib/netty-resolve
r-4.1.19.Final.jar:/home/travis/build/icyphy/ptII/lib/netty-resolver-dns-4.1.19
.Final.jar:/home/travis/build/icyphy/ptII/lib/netty-transport-4.1.19.Final.jar:
/home/travis/build/icyphy/ptII/lib/vertx-codegen-3.5.1.jar:/home/travis/build/i
cyphy/ptII/lib/vertx-core-3.5.2-SNAPSHOT.jar:/home/travis/build/icyphy/ptII/lib
/vertx-hazelcast-3.5.1.jar:/home/travis/build/icyphy/ptII/lib/vertx-lang-js-3.5
.1.jar:/home/travis/build/icyphy/ptII/lib/vertx-service-proxy-3.5.1.jar:/home/t
ravis/build/icyphy/ptII/lib/vertx-web-3.5.1.jar:/home/travis/build/icyphy/ptII/
lib/slf4j-api-1.7.13.jar:/home/travis/build/icyphy/ptII/lib/slf4j-simple-1.7.13
.jar:/home/travis/build/icyphy/ptII/lib/webcam-capture-0.3.12.jar:/home/travis/
build/icyphy/ptII/lib/bridj-0.7.0.jar:/home/travis/build/icyphy/ptII/lib/xbjlib
-1.1.0.nrjavaserial.jar:/home/travis/build/icyphy/ptII/ptolemy/moml/test:/home/
travis/build/icyphy/ptII/ant/lib/ant-launcher.jar:/home/travis/build/icyphy/ptI
I/ant/lib/ant.jar:/home/travis/build/icyphy/ptII/ant/lib/ant-junit.jar:/home/tr
avis/build/icyphy/ptII/ant/lib/ant-junit4.jar:/home/travis/build/icyphy/ptII
ModularCodeGen4_A1_B1_profile.java
total 1920
drwxrwxr-x   3 travis travis  12288 Aug  1 15:20 AbsoluteValue
drwxrwxr-x   3 travis travis 102400 Aug  1 15:19 AllColt
drwxrwxr-x   3 travis travis  12288 Aug  1 15:19 Case1
-rw-rw-r--   1 travis travis   5128 Aug  1 15:25 CompiledCompositeActor_CompiledCompositeActor.class
-rw-rw-r--   1 travis travis   1611 Aug  1 15:25 CompiledCompositeActor_CompiledCompositeActor$_CompiledCompositeActor_CompiledCompositeActor.class
-rw-rw-r--   1 travis travis  13466 Aug  1 15:25 CompiledCompositeActor_CompiledCompositeActor.java
-rw-rw-r--   1 travis travis   1593 Aug  1 15:25 CompiledCompositeActor_CompiledCompositeActor.mk
drwxrwxr-x   5 travis travis   4096 Aug  1 15:18 fmi
drwxrwxr-x   3 travis travis  16384 Aug  1 15:20 Gaussian2
-rw-rw-r--   1 travis travis   4684 Aug  1 15:25 JavaCompiledCompositeTest1_CompiledCompositeActor.class
-rw-rw-r--   1 travis travis  11637 Aug  1 15:25 JavaCompiledCompositeTest1_CompiledCompositeActor.java
-rw-rw-r--   1 travis travis   1217 Aug  1 15:25 JavaCompiledCompositeTest1_CompiledCompositeActor$_JavaCompiledCompositeTest1_CompiledCompositeActor.class
-rw-rw-r--   1 travis travis   1625 Aug  1 15:25 JavaCompiledCompositeTest1_CompiledCompositeActor.mk
-rw-rw-r--   1 travis travis   5115 Aug  1 15:25 JavaCompiledCompositeTest2_CompiledCompositeActor.class
-rw-rw-r--   1 travis travis  14919 Aug  1 15:25 JavaCompiledCompositeTest2_CompiledCompositeActor.java
-rw-rw-r--   1 travis travis   1812 Aug  1 15:25 JavaCompiledCompositeTest2_CompiledCompositeActor$_JavaCompiledCompositeTest2_CompiledCompositeActor.class
-rw-rw-r--   1 travis travis   1625 Aug  1 15:25 JavaCompiledCompositeTest2_CompiledCompositeActor.mk
-rw-rw-r--   1 travis travis   4732 Aug  1 15:25 JavaCompiledCompositeTest3_CompiledCompositeActor.class
-rw-rw-r--   1 travis travis  13080 Aug  1 15:25 JavaCompiledCompositeTest3_CompiledCompositeActor.java
-rw-rw-r--   1 travis travis   1397 Aug  1 15:25 JavaCompiledCompositeTest3_CompiledCompositeActor$_JavaCompiledCompositeTest3_CompiledCompositeActor.class
-rw-rw-r--   1 travis travis   1625 Aug  1 15:25 JavaCompiledCompositeTest3_CompiledCompositeActor.mk
-rw-rw-r--   1 travis travis   4183 Aug  1 15:25 JavaCompiledCompositeTest4_CompiledCompositeActor.class
-rw-rw-r--   1 travis travis   9687 Aug  1 15:25 JavaCompiledCompositeTest4_CompiledCompositeActor.java
-rw-rw-r--   1 travis travis    876 Aug  1 15:25 JavaCompiledCompositeTest4_CompiledCompositeActor$_JavaCompiledCompositeTest4_CompiledCompositeActor.class
-rw-rw-r--   1 travis travis   1625 Aug  1 15:25 JavaCompiledCompositeTest4_CompiledCompositeActor.mk
drwxrwxr-x   3 travis travis  12288 Aug  1 15:20 LookupTable
drwxrwxr-x   3 travis travis  20480 Aug  1 15:20 MaxIndex
-rw-rw-r--   1 travis travis   3925 Aug  1 15:25 ModularCG_A1_B1.class
-rw-rw-r--   1 travis travis   9730 Aug  1 15:25 ModularCG_A1_B1.java
-rw-rw-r--   1 travis travis    832 Aug  1 15:25 ModularCG_A1_B1.mk
-rw-rw-r--   1 travis travis   1318 Aug  1 15:25 ModularCG_A1_B1_profile.class
-rw-rw-r--   1 travis travis   1262 Aug  1 15:25 ModularCG_A1_B1_profile.java
-rw-rw-r--   1 travis travis   3925 Aug  1 15:25 ModularCG_A1_B2.class
-rw-rw-r--   1 travis travis   9730 Aug  1 15:25 ModularCG_A1_B2.java
-rw-rw-r--   1 travis travis    832 Aug  1 15:25 ModularCG_A1_B2.mk
-rw-rw-r--   1 travis travis   1318 Aug  1 15:25 ModularCG_A1_B2_profile.class
-rw-rw-r--   1 travis travis   1262 Aug  1 15:25 ModularCG_A1_B2_profile.java
-rw-rw-r--   1 travis travis   5031 Aug  1 15:25 ModularCG_A1.class
-rw-rw-r--   1 travis travis  14742 Aug  1 15:25 ModularCG_A1.java
-rw-rw-r--   1 travis travis    808 Aug  1 15:25 ModularCG_A1.mk
-rw-rw-r--   1 travis travis   1433 Aug  1 15:25 ModularCG_A1_profile.class
-rw-rw-r--   1 travis travis   1704 Aug  1 15:25 ModularCG_A1_profile.java
-rw-rw-r--   1 travis travis   4059 Aug  1 15:25 ModularCG_A2_B1.class
-rw-rw-r--   1 travis travis  10667 Aug  1 15:25 ModularCG_A2_B1.java
-rw-rw-r--   1 travis travis    832 Aug  1 15:25 ModularCG_A2_B1.mk
-rw-rw-r--   1 travis travis   1381 Aug  1 15:25 ModularCG_A2_B1_profile.class
-rw-rw-r--   1 travis travis   1446 Aug  1 15:25 ModularCG_A2_B1_profile.java
-rw-rw-r--   1 travis travis   3925 Aug  1 15:25 ModularCG_A2_B2.class
-rw-rw-r--   1 travis travis   9730 Aug  1 15:25 ModularCG_A2_B2.java
-rw-rw-r--   1 travis travis    832 Aug  1 15:25 ModularCG_A2_B2.mk
-rw-rw-r--   1 travis travis   1318 Aug  1 15:25 ModularCG_A2_B2_profile.class
-rw-rw-r--   1 travis travis   1262 Aug  1 15:25 ModularCG_A2_B2_profile.java
-rw-rw-r--   1 travis travis   5102 Aug  1 15:25 ModularCG_A2.class
-rw-rw-r--   1 travis travis  15129 Aug  1 15:25 ModularCG_A2.java
-rw-rw-r--   1 travis travis    808 Aug  1 15:25 ModularCG_A2.mk
-rw-rw-r--   1 travis travis   1433 Aug  1 15:25 ModularCG_A2_profile.class
-rw-rw-r--   1 travis travis   1704 Aug  1 15:25 ModularCG_A2_profile.java
-rw-rw-r--   1 travis travis   3705 Aug  1 15:25 ModularCGPubSub_A1_A2.class
-rw-rw-r--   1 travis travis   9076 Aug  1 15:25 ModularCGPubSub_A1_A2.java
-rw-rw-r--   1 travis travis    880 Aug  1 15:25 ModularCGPubSub_A1_A2.mk
-rw-rw-r--   1 travis travis   1300 Aug  1 15:25 ModularCGPubSub_A1_A2_profile.class
-rw-rw-r--   1 travis travis   1222 Aug  1 15:25 ModularCGPubSub_A1_A2_profile.java
-rw-rw-r--   1 travis travis   4022 Aug  1 15:25 ModularCGPubSub_A1.class
-rw-rw-r--   1 travis travis   9836 Aug  1 15:25 ModularCGPubSub_A1.java
-rw-rw-r--   1 travis travis    856 Aug  1 15:25 ModularCGPubSub_A1.mk
-rw-rw-r--   1 travis travis   1346 Aug  1 15:25 ModularCGPubSub_A1_profile.class
-rw-rw-r--   1 travis travis   1388 Aug  1 15:25 ModularCGPubSub_A1_profile.java
-rw-rw-r--   1 travis travis   4220 Aug  1 15:25 ModularCodeGen2_ModularCodeGenTypedCompositeActor.class
-rw-rw-r--   1 travis travis  11690 Aug  1 15:25 ModularCodeGen2_ModularCodeGenTypedCompositeActor.java
-rw-rw-r--   1 travis travis   1104 Aug  1 15:25 ModularCodeGen2_ModularCodeGenTypedCompositeActor.mk
-rw-rw-r--   1 travis travis   4504 Aug  1 15:25 ModularCodeGen2_ModularCodeGenTypedCompositeActor_ModularCodeGenTypedCompositeActor.class
-rw-rw-r--   1 travis travis  11790 Aug  1 15:25 ModularCodeGen2_ModularCodeGenTypedCompositeActor_ModularCodeGenTypedCompositeActor.java
-rw-rw-r--   1 travis travis   1376 Aug  1 15:25 ModularCodeGen2_ModularCodeGenTypedCompositeActor_ModularCodeGenTypedCompositeActor.mk
-rw-rw-r--   1 travis travis   1421 Aug  1 15:25 ModularCodeGen2_ModularCodeGenTypedCompositeActor_ModularCodeGenTypedCompositeActor_profile.class
-rw-rw-r--   1 travis travis   1294 Aug  1 15:25 ModularCodeGen2_ModularCodeGenTypedCompositeActor_ModularCodeGenTypedCompositeActor_profile.java
-rw-rw-r--   1 travis travis    820 Aug  1 15:25 ModularCodeGen2_ModularCodeGenTypedCompositeActor_profile.class
-rw-rw-r--   1 travis travis    693 Aug  1 15:25 ModularCodeGen2_ModularCodeGenTypedCompositeActor_profile.java
-rw-rw-r--   1 travis travis   3973 Aug  1 15:25 ModularCodeGen3_A1_B1.class
-rw-rw-r--   1 travis travis   9958 Aug  1 15:25 ModularCodeGen3_A1_B1.java
-rw-rw-r--   1 travis travis    880 Aug  1 15:25 ModularCodeGen3_A1_B1.mk
-rw-rw-r--   1 travis travis   1330 Aug  1 15:25 ModularCodeGen3_A1_B1_profile.class
-rw-rw-r--   1 travis travis   1274 Aug  1 15:25 ModularCodeGen3_A1_B1_profile.java
-rw-rw-r--   1 travis travis   3973 Aug  1 15:26 ModularCodeGen3_A1_B2.class
-rw-rw-r--   1 travis travis   9958 Aug  1 15:26 ModularCodeGen3_A1_B2.java
-rw-rw-r--   1 travis travis    880 Aug  1 15:26 ModularCodeGen3_A1_B2.mk
-rw-rw-r--   1 travis travis   1330 Aug  1 15:26 ModularCodeGen3_A1_B2_profile.class
-rw-rw-r--   1 travis travis   1274 Aug  1 15:25 ModularCodeGen3_A1_B2_profile.java
-rw-rw-r--   1 travis travis   5193 Aug  1 15:26 ModularCodeGen3_A1.class
-rw-rw-r--   1 travis travis  15564 Aug  1 15:26 ModularCodeGen3_A1.java
-rw-rw-r--   1 travis travis    856 Aug  1 15:26 ModularCodeGen3_A1.mk
-rw-rw-r--   1 travis travis   1445 Aug  1 15:26 ModularCodeGen3_A1_profile.class
-rw-rw-r--   1 travis travis   1716 Aug  1 15:26 ModularCodeGen3_A1_profile.java
-rw-rw-r--   1 travis travis   4119 Aug  1 15:26 ModularCodeGen3_A2_B1.class
-rw-rw-r--   1 travis travis  10955 Aug  1 15:26 ModularCodeGen3_A2_B1.java
-rw-rw-r--   1 travis travis    880 Aug  1 15:26 ModularCodeGen3_A2_B1.mk
-rw-rw-r--   1 travis travis   1393 Aug  1 15:26 ModularCodeGen3_A2_B1_profile.class
-rw-rw-r--   1 travis travis   1458 Aug  1 15:26 ModularCodeGen3_A2_B1_profile.java
-rw-rw-r--   1 travis travis   3973 Aug  1 15:26 ModularCodeGen3_A2_B2.class
-rw-rw-r--   1 travis travis   9958 Aug  1 15:26 ModularCodeGen3_A2_B2.java
-rw-rw-r--   1 travis travis    880 Aug  1 15:26 ModularCodeGen3_A2_B2.mk
-rw-rw-r--   1 travis travis   1330 Aug  1 15:26 ModularCodeGen3_A2_B2_profile.class
-rw-rw-r--   1 travis travis   1274 Aug  1 15:26 ModularCodeGen3_A2_B2_profile.java
-rw-rw-r--   1 travis travis   5270 Aug  1 15:26 ModularCodeGen3_A2.class
-rw-rw-r--   1 travis travis  15957 Aug  1 15:26 ModularCodeGen3_A2.java
-rw-rw-r--   1 travis travis    856 Aug  1 15:26 ModularCodeGen3_A2.mk
-rw-rw-r--   1 travis travis   1445 Aug  1 15:26 ModularCodeGen3_A2_profile.class
-rw-rw-r--   1 travis travis   1716 Aug  1 15:26 ModularCodeGen3_A2_profile.java
-rw-rw-r--   1 travis travis   1273 Aug  1 15:26 ModularCodeGen4_A1_B1_profile.java
-rw-rw-r--   1 travis travis   4186 Aug  1 15:25 ModularCodeGen_ModularCodeGenTypedCompositeActor.class
-rw-rw-r--   1 travis travis  10970 Aug  1 15:25 ModularCodeGen_ModularCodeGenTypedCompositeActor.java
-rw-rw-r--   1 travis travis   1096 Aug  1 15:25 ModularCodeGen_ModularCodeGenTypedCompositeActor.mk
-rw-rw-r--   1 travis travis   1384 Aug  1 15:25 ModularCodeGen_ModularCodeGenTypedCompositeActor_profile.class
-rw-rw-r--   1 travis travis   1328 Aug  1 15:25 ModularCodeGen_ModularCodeGenTypedCompositeActor_profile.java
-rw-rw-r--   1 travis travis   3724 Aug  1 15:25 ModularCodeGenTest_A1_A2.class
-rw-rw-r--   1 travis travis   9164 Aug  1 15:25 ModularCodeGenTest_A1_A2.java
-rw-rw-r--   1 travis travis   1306 Aug  1 15:25 ModularCodeGenTest_A1_A2_profile.class
-rw-rw-r--   1 travis travis   4055 Aug  1 15:25 ModularCodeGenTest_A1.class
-rw-rw-r--   1 travis travis   9968 Aug  1 15:25 ModularCodeGenTest_A1.java
-rw-rw-r--   1 travis travis    880 Aug  1 15:25 ModularCodeGenTest_A1.mk
-rw-rw-r--   1 travis travis   1352 Aug  1 15:25 ModularCodeGenTest_A1_profile.class
-rw-rw-r--   1 travis travis   1394 Aug  1 15:25 ModularCodeGenTest_A1_profile.java
drwxrwxr-x   3 travis travis  32768 Aug  1 15:24 modulation2
drwxrwxr-x 183 travis travis  12288 Aug  1 15:25 node_modules
drwxrwxr-x   3 travis travis  20480 Aug  1 15:21 PhaseUnwrap
drwxrwxr-x   3 travis travis  12288 Aug  1 15:21 ReadFile1
-rw-rw-r--   1 travis travis     11 Aug  1 15:21 ReadFile1Output.txt
-rw-rw-r--   1 travis travis  13773 Aug  1 15:24 Repeat.class
-rw-rw-r--   1 travis travis    685 Aug  1 15:24 Repeat$_fireFunction_Repeat_Repeat$__f_sL_11.class
-rw-rw-r--   1 travis travis    541 Aug  1 15:24 Repeat$_fireFunction_Repeat_Repeat$__f_sL_12.class
-rw-rw-r--   1 travis travis    541 Aug  1 15:24 Repeat$_fireFunction_Repeat_Repeat$__f_sL_13.class
-rw-rw-r--   1 travis travis    541 Aug  1 15:24 Repeat$_fireFunction_Repeat_Repeat$__f_sL_14.class
-rw-rw-r--   1 travis travis    684 Aug  1 15:24 Repeat$_fireFunction_Repeat_Repeat$__f_sL_1.class
-rw-rw-r--   1 travis travis    683 Aug  1 15:24 Repeat$_fireFunction_Repeat_Repeat$__f_sL_4.class
-rw-rw-r--   1 travis travis    539 Aug  1 15:24 Repeat$_fireFunction_Repeat_Repeat$__f_sL_9.class
-rw-rw-r--   1 travis travis    494 Aug  1 15:24 Repeat$_initialize_Repeat$__i_sL_2.class
-rw-rw-r--   1 travis travis   1281 Aug  1 15:24 Repeat.mk
-rw-rw-r--   1 travis travis    539 Aug  1 15:24 Repeat$_preinitializeMethod_Repeat$__p_sL_0.class
-rw-rw-r--   1 travis travis   1102 Aug  1 15:24 Repeat$_Repeat$_fireFunction_Repeat_AddSubtract_Repeat.class
-rw-rw-r--   1 travis travis    810 Aug  1 15:24 Repeat$_Repeat$_fireFunction_Repeat_AddSubtract_Repeat$__f_sL_0.class
-rw-rw-r--   1 travis travis    928 Aug  1 15:24 Repeat$_Repeat$_fireFunction_Repeat_AddSubtract_Repeat$__f_sL_1.class
-rw-rw-r--   1 travis travis    934 Aug  1 15:24 Repeat$_Repeat$_fireFunction_Repeat_AddSubtract_Repeat$__f_sL_2.class
-rw-rw-r--   1 travis travis    862 Aug  1 15:24 Repeat$_Repeat$_fireFunction_Repeat_AddSubtract_Repeat$__f_sL_3.class
-rw-rw-r--   1 travis travis    757 Aug  1 15:24 Repeat$_Repeat$_fireFunction_Repeat_Ramp2_Repeat$__f_sL_0.class
-rw-rw-r--   1 travis travis    888 Aug  1 15:24 Repeat$_Repeat$_fireFunction_Repeat_Test_Repeat$__f_sL_0.class
-rw-rw-r--   1 travis travis    634 Aug  1 15:24 Repeat$_Repeat$_fireFunction_Repeat_Test_Repeat$__f_sL_1.class
-rw-rw-r--   1 travis travis    704 Aug  1 15:24 Repeat$_Repeat_SDF_Director_run_Repeat$__R_sL_0.class
-rw-rw-r--   1 travis travis    705 Aug  1 15:24 Repeat$_Repeat_SDF_Director_run_Repeat$__R_sL_11.class
-rw-rw-r--   1 travis travis    561 Aug  1 15:24 Repeat$_Repeat_SDF_Director_run_Repeat$__R_sL_13.class
-rw-rw-r--   1 travis travis    559 Aug  1 15:24 Repeat$_Repeat_SDF_Director_run_Repeat$__R_sL_2.class
-rw-rw-r--   1 travis travis    703 Aug  1 15:24 Repeat$_Repeat_SDF_Director_run_Repeat$__R_sL_3.class
-rw-rw-r--   1 travis travis    559 Aug  1 15:24 Repeat$_Repeat_SDF_Director_run_Repeat$__R_sL_5.class
-rw-rw-r--   1 travis travis    559 Aug  1 15:24 Repeat$_Repeat_SDF_Director_run_Repeat$__R_sL_8.class
drwxrwxr-x   2 travis travis   4096 Aug  1 15:24 RepeatVariables
-rw-rw-r--   1 travis travis    882 Aug  1 15:24 Repeat$_varinit_Repeat.class
-rw-rw-r--   1 travis travis    550 Aug  1 15:24 Repeat$_varinit_Repeat$__v_sL_2.class
-rw-rw-r--   1 travis travis    924 Aug  1 15:24 Repeat$_varinit_Repeat$__v_sL_4.class
-rw-rw-r--   1 travis travis    978 Aug  1 15:24 Repeat$_wrapup_Repeat$__w_sL_1.class
drwxrwxr-x   3 travis travis  20480 Aug  1 15:21 Sinewave
drwxrwxr-x   3 travis travis  32768 Aug  1 15:23 StringFunction
drwxrwxr-x   3 travis travis  12288 Aug  1 15:23 StringLength
drwxrwxr-x   3 travis travis  61440 Aug  1 15:23 StringMatches2
drwxrwxr-x   3 travis travis  61440 Aug  1 15:23 StringSimpleReplace
drwxrwxr-x   3 travis travis  65536 Aug  1 15:23 StringSubstring
drwxrwxr-x   3 travis travis  24576 Aug  1 15:24 StringSubstring2
drwxrwxr-x   3 travis travis  16384 Aug  1 15:24 time1
drwxrwxr-x   3 travis travis  12288 Aug  1 15:24 time5
-rw-rw-r--   1 travis travis    432 Aug  1 15:26 Token.class
-rw-rw-r--   1 travis travis    251 Aug  1 15:26 Token.java
-rwxrwxr-x   1 travis travis 466992 Aug  1 15:18 top
-rw-rw-r--   1 travis travis  20502 Aug  1 15:18 top.c
-rw-rw-r--   1 travis travis   3799 Aug  1 15:24 top.class
-rw-rw-r--   1 travis travis   1257 Aug  1 15:24 top.mk
All Done
Writing ModularCodeGen4_A1_B1.java in file:/home/travis/cg/ (10312 characters)
Reading "ptolemy/cg/kernel/generic/program/procedural/java/modular/makefile.in",
    writing "/home/travis/cg/ModularCodeGen4_A1_B1.mk"
Using ptolemy/cg/kernel/generic/program/procedural/java/modular/makefile.in
In "/home/travis/cg", about to execute:
    make -f ModularCodeGen4_A1_B1.mk
javac -classpath ".:.."    ModularCodeGen4_A1_B1.java
All Done
In "/home/travis/cg", about to execute:
    pwd
/home/travis/cg
In "/home/travis/cg", about to execute:
    ls -l
total 1948
drwxrwxr-x   3 travis travis  12288 Aug  1 15:20 AbsoluteValue
drwxrwxr-x   3 travis travis 102400 Aug  1 15:19 AllColt
drwxrwxr-x   3 travis travis  12288 Aug  1 15:19 Case1
-rw-rw-r--   1 travis travis   5128 Aug  1 15:25 CompiledCompositeActor_CompiledCompositeActor.class
-rw-rw-r--   1 travis travis   1611 Aug  1 15:25 CompiledCompositeActor_CompiledCompositeActor$_CompiledCompositeActor_CompiledCompositeActor.class
-rw-rw-r--   1 travis travis  13466 Aug  1 15:25 CompiledCompositeActor_CompiledCompositeActor.java
-rw-rw-r--   1 travis travis   1593 Aug  1 15:25 CompiledCompositeActor_CompiledCompositeActor.mk
drwxrwxr-x   5 travis travis   4096 Aug  1 15:18 fmi
drwxrwxr-x   3 travis travis  16384 Aug  1 15:20 Gaussian2
-rw-rw-r--   1 travis travis   4684 Aug  1 15:25 JavaCompiledCompositeTest1_CompiledCompositeActor.class
-rw-rw-r--   1 travis travis  11637 Aug  1 15:25 JavaCompiledCompositeTest1_CompiledCompositeActor.java
-rw-rw-r--   1 travis travis   1217 Aug  1 15:25 JavaCompiledCompositeTest1_CompiledCompositeActor$_JavaCompiledCompositeTest1_CompiledCompositeActor.class
-rw-rw-r--   1 travis travis   1625 Aug  1 15:25 JavaCompiledCompositeTest1_CompiledCompositeActor.mk
-rw-rw-r--   1 travis travis   5115 Aug  1 15:25 JavaCompiledCompositeTest2_CompiledCompositeActor.class
-rw-rw-r--   1 travis travis  14919 Aug  1 15:25 JavaCompiledCompositeTest2_CompiledCompositeActor.java
-rw-rw-r--   1 travis travis   1812 Aug  1 15:25 JavaCompiledCompositeTest2_CompiledCompositeActor$_JavaCompiledCompositeTest2_CompiledCompositeActor.class
-rw-rw-r--   1 travis travis   1625 Aug  1 15:25 JavaCompiledCompositeTest2_CompiledCompositeActor.mk
-rw-rw-r--   1 travis travis   4732 Aug  1 15:25 JavaCompiledCompositeTest3_CompiledCompositeActor.class
-rw-rw-r--   1 travis travis  13080 Aug  1 15:25 JavaCompiledCompositeTest3_CompiledCompositeActor.java
-rw-rw-r--   1 travis travis   1397 Aug  1 15:25 JavaCompiledCompositeTest3_CompiledCompositeActor$_JavaCompiledCompositeTest3_CompiledCompositeActor.class
-rw-rw-r--   1 travis travis   1625 Aug  1 15:25 JavaCompiledCompositeTest3_CompiledCompositeActor.mk
-rw-rw-r--   1 travis travis   4183 Aug  1 15:25 JavaCompiledCompositeTest4_CompiledCompositeActor.class
-rw-rw-r--   1 travis travis   9687 Aug  1 15:25 JavaCompiledCompositeTest4_CompiledCompositeActor.java
-rw-rw-r--   1 travis travis    876 Aug  1 15:25 JavaCompiledCompositeTest4_CompiledCompositeActor$_JavaCompiledCompositeTest4_CompiledCompositeActor.class
-rw-rw-r--   1 travis travis   1625 Aug  1 15:25 JavaCompiledCompositeTest4_CompiledCompositeActor.mk
drwxrwxr-x   3 travis travis  12288 Aug  1 15:20 LookupTable
drwxrwxr-x   3 travis travis  20480 Aug  1 15:20 MaxIndex
-rw-rw-r--   1 travis travis   3925 Aug  1 15:25 ModularCG_A1_B1.class
-rw-rw-r--   1 travis travis   9730 Aug  1 15:25 ModularCG_A1_B1.java
-rw-rw-r--   1 travis travis    832 Aug  1 15:25 ModularCG_A1_B1.mk
-rw-rw-r--   1 travis travis   1318 Aug  1 15:25 ModularCG_A1_B1_profile.class
-rw-rw-r--   1 travis travis   1262 Aug  1 15:25 ModularCG_A1_B1_profile.java
-rw-rw-r--   1 travis travis   3925 Aug  1 15:25 ModularCG_A1_B2.class
-rw-rw-r--   1 travis travis   9730 Aug  1 15:25 ModularCG_A1_B2.java
-rw-rw-r--   1 travis travis    832 Aug  1 15:25 ModularCG_A1_B2.mk
-rw-rw-r--   1 travis travis   1318 Aug  1 15:25 ModularCG_A1_B2_profile.class
-rw-rw-r--   1 travis travis   1262 Aug  1 15:25 ModularCG_A1_B2_profile.java
-rw-rw-r--   1 travis travis   5031 Aug  1 15:25 ModularCG_A1.class
-rw-rw-r--   1 travis travis  14742 Aug  1 15:25 ModularCG_A1.java
-rw-rw-r--   1 travis travis    808 Aug  1 15:25 ModularCG_A1.mk
-rw-rw-r--   1 travis travis   1433 Aug  1 15:25 ModularCG_A1_profile.class
-rw-rw-r--   1 travis travis   1704 Aug  1 15:25 ModularCG_A1_profile.java
-rw-rw-r--   1 travis travis   4059 Aug  1 15:25 ModularCG_A2_B1.class
-rw-rw-r--   1 travis travis  10667 Aug  1 15:25 ModularCG_A2_B1.java
-rw-rw-r--   1 travis travis    832 Aug  1 15:25 ModularCG_A2_B1.mk
-rw-rw-r--   1 travis travis   1381 Aug  1 15:25 ModularCG_A2_B1_profile.class
-rw-rw-r--   1 travis travis   1446 Aug  1 15:25 ModularCG_A2_B1_profile.java
-rw-rw-r--   1 travis travis   3925 Aug  1 15:25 ModularCG_A2_B2.class
-rw-rw-r--   1 travis travis   9730 Aug  1 15:25 ModularCG_A2_B2.java
-rw-rw-r--   1 travis travis    832 Aug  1 15:25 ModularCG_A2_B2.mk
-rw-rw-r--   1 travis travis   1318 Aug  1 15:25 ModularCG_A2_B2_profile.class
-rw-rw-r--   1 travis travis   1262 Aug  1 15:25 ModularCG_A2_B2_profile.java
-rw-rw-r--   1 travis travis   5102 Aug  1 15:25 ModularCG_A2.class
-rw-rw-r--   1 travis travis  15129 Aug  1 15:25 ModularCG_A2.java
-rw-rw-r--   1 travis travis    808 Aug  1 15:25 ModularCG_A2.mk
-rw-rw-r--   1 travis travis   1433 Aug  1 15:25 ModularCG_A2_profile.class
-rw-rw-r--   1 travis travis   1704 Aug  1 15:25 ModularCG_A2_profile.java
-rw-rw-r--   1 travis travis   3705 Aug  1 15:25 ModularCGPubSub_A1_A2.class
-rw-rw-r--   1 travis travis   9076 Aug  1 15:25 ModularCGPubSub_A1_A2.java
-rw-rw-r--   1 travis travis    880 Aug  1 15:25 ModularCGPubSub_A1_A2.mk
-rw-rw-r--   1 travis travis   1300 Aug  1 15:25 ModularCGPubSub_A1_A2_profile.class
-rw-rw-r--   1 travis travis   1222 Aug  1 15:25 ModularCGPubSub_A1_A2_profile.java
-rw-rw-r--   1 travis travis   4022 Aug  1 15:25 ModularCGPubSub_A1.class
-rw-rw-r--   1 travis travis   9836 Aug  1 15:25 ModularCGPubSub_A1.java
-rw-rw-r--   1 travis travis    856 Aug  1 15:25 ModularCGPubSub_A1.mk
-rw-rw-r--   1 travis travis   1346 Aug  1 15:25 ModularCGPubSub_A1_profile.class
-rw-rw-r--   1 travis travis   1388 Aug  1 15:25 ModularCGPubSub_A1_profile.java
-rw-rw-r--   1 travis travis   4220 Aug  1 15:25 ModularCodeGen2_ModularCodeGenTypedCompositeActor.class
-rw-rw-r--   1 travis travis  11690 Aug  1 15:25 ModularCodeGen2_ModularCodeGenTypedCompositeActor.java
-rw-rw-r--   1 travis travis   1104 Aug  1 15:25 ModularCodeGen2_ModularCodeGenTypedCompositeActor.mk
-rw-rw-r--   1 travis travis   4504 Aug  1 15:25 ModularCodeGen2_ModularCodeGenTypedCompositeActor_ModularCodeGenTypedCompositeActor.class
-rw-rw-r--   1 travis travis  11790 Aug  1 15:25 ModularCodeGen2_ModularCodeGenTypedCompositeActor_ModularCodeGenTypedCompositeActor.java
-rw-rw-r--   1 travis travis   1376 Aug  1 15:25 ModularCodeGen2_ModularCodeGenTypedCompositeActor_ModularCodeGenTypedCompositeActor.mk
-rw-rw-r--   1 travis travis   1421 Aug  1 15:25 ModularCodeGen2_ModularCodeGenTypedCompositeActor_ModularCodeGenTypedCompositeActor_profile.class
-rw-rw-r--   1 travis travis   1294 Aug  1 15:25 ModularCodeGen2_ModularCodeGenTypedCompositeActor_ModularCodeGenTypedCompositeActor_profile.java
-rw-rw-r--   1 travis travis    820 Aug  1 15:25 ModularCodeGen2_ModularCodeGenTypedCompositeActor_profile.class
-rw-rw-r--   1 travis travis    693 Aug  1 15:25 ModularCodeGen2_ModularCodeGenTypedCompositeActor_profile.java
-rw-rw-r--   1 travis travis   3973 Aug  1 15:25 ModularCodeGen3_A1_B1.class
-rw-rw-r--   1 travis travis   9958 Aug  1 15:25 ModularCodeGen3_A1_B1.java
-rw-rw-r--   1 travis travis    880 Aug  1 15:25 ModularCodeGen3_A1_B1.mk
-rw-rw-r--   1 travis travis   1330 Aug  1 15:25 ModularCodeGen3_A1_B1_profile.class
-rw-rw-r--   1 travis travis   1274 Aug  1 15:25 ModularCodeGen3_A1_B1_profile.java
-rw-rw-r--   1 travis travis   3973 Aug  1 15:26 ModularCodeGen3_A1_B2.class
-rw-rw-r--   1 travis travis   9958 Aug  1 15:26 ModularCodeGen3_A1_B2.java
-rw-rw-r--   1 travis travis    880 Aug  1 15:26 ModularCodeGen3_A1_B2.mk
-rw-rw-r--   1 travis travis   1330 Aug  1 15:26 ModularCodeGen3_A1_B2_profile.class
-rw-rw-r--   1 travis travis   1274 Aug  1 15:25 ModularCodeGen3_A1_B2_profile.java
-rw-rw-r--   1 travis travis   5193 Aug  1 15:26 ModularCodeGen3_A1.class
-rw-rw-r--   1 travis travis  15564 Aug  1 15:26 ModularCodeGen3_A1.java
-rw-rw-r--   1 travis travis    856 Aug  1 15:26 ModularCodeGen3_A1.mk
-rw-rw-r--   1 travis travis   1445 Aug  1 15:26 ModularCodeGen3_A1_profile.class
-rw-rw-r--   1 travis travis   1716 Aug  1 15:26 ModularCodeGen3_A1_profile.java
-rw-rw-r--   1 travis travis   4119 Aug  1 15:26 ModularCodeGen3_A2_B1.class
-rw-rw-r--   1 travis travis  10955 Aug  1 15:26 ModularCodeGen3_A2_B1.java
-rw-rw-r--   1 travis travis    880 Aug  1 15:26 ModularCodeGen3_A2_B1.mk
-rw-rw-r--   1 travis travis   1393 Aug  1 15:26 ModularCodeGen3_A2_B1_profile.class
-rw-rw-r--   1 travis travis   1458 Aug  1 15:26 ModularCodeGen3_A2_B1_profile.java
-rw-rw-r--   1 travis travis   3973 Aug  1 15:26 ModularCodeGen3_A2_B2.class
-rw-rw-r--   1 travis travis   9958 Aug  1 15:26 ModularCodeGen3_A2_B2.java
-rw-rw-r--   1 travis travis    880 Aug  1 15:26 ModularCodeGen3_A2_B2.mk
-rw-rw-r--   1 travis travis   1330 Aug  1 15:26 ModularCodeGen3_A2_B2_profile.class
-rw-rw-r--   1 travis travis   1274 Aug  1 15:26 ModularCodeGen3_A2_B2_profile.java
-rw-rw-r--   1 travis travis   5270 Aug  1 15:26 ModularCodeGen3_A2.class
-rw-rw-r--   1 travis travis  15957 Aug  1 15:26 ModularCodeGen3_A2.java
-rw-rw-r--   1 travis travis    856 Aug  1 15:26 ModularCodeGen3_A2.mk
-rw-rw-r--   1 travis travis   1445 Aug  1 15:26 ModularCodeGen3_A2_profile.class
-rw-rw-r--   1 travis travis   1716 Aug  1 15:26 ModularCodeGen3_A2_profile.java
-rw-rw-r--   1 travis travis   4026 Aug  1 15:26 ModularCodeGen4_A1_B1.class
-rw-rw-r--   1 travis travis  10312 Aug  1 15:26 ModularCodeGen4_A1_B1.java
-rw-rw-r--   1 travis travis    880 Aug  1 15:26 ModularCodeGen4_A1_B1.mk
-rw-rw-r--   1 travis travis   1330 Aug  1 15:26 ModularCodeGen4_A1_B1_profile.class
-rw-rw-r--   1 travis travis   1273 Aug  1 15:26 ModularCodeGen4_A1_B1_profile.java
-rw-rw-r--   1 travis travis   1273 Aug  1 15:26 ModularCodeGen4_A1_B2_profile.java
-rw-rw-r--   1 travis travis   4186 Aug  1 15:25 ModularCodeGen_ModularCodeGenTypedCompositeActor.class
-rw-rw-r--   1 travis travis  10970 Aug  1 15:25 ModularCodeGen_ModularCodeGenTypedCompositeActor.java
-rw-rw-r--   1 travis travis   1096 Aug  1 15:25 ModularCodeGen_ModularCodeGenTypedCompositeActor.mk
-rw-rw-r--   1 travis travis   1384 Aug  1 15:25 ModularCodeGen_ModularCodeGenTypedCompositeActor_profile.class
-rw-rw-r--   1 travis travis   1328 Aug  1 15:25 ModularCodeGen_ModularCodeGenTypedCompositeActor_profile.java
-rw-rw-r--   1 travis travis   3724 Aug  1 15:25 ModularCodeGenTest_A1_A2.class
-rw-rw-r--   1 travis travis   9164 Aug  1 15:25 ModularCodeGenTest_A1_A2.java
-rw-rw-r--   1 travis travis   1306 Aug  1 15:25 ModularCodeGenTest_A1_A2_profile.class
-rw-rw-r--   1 travis travis   4055 Aug  1 15:25 ModularCodeGenTest_A1.class
-rw-rw-r--   1 travis travis   9968 Aug  1 15:25 ModularCodeGenTest_A1.java
-rw-rw-r--   1 travis travis    880 Aug  1 15:25 ModularCodeGenTest_A1.mk
-rw-rw-r--   1 travis travis   1352 Aug  1 15:25 ModularCodeGenTest_A1_profile.class
-rw-rw-r--   1 travis travis   1394 Aug  1 15:25 ModularCodeGenTest_A1_profile.java
drwxrwxr-x   3 travis travis  32768 Aug  1 15:24 modulation2
drwxrwxr-x 183 travis travis  12288 Aug  1 15:25 node_modules
drwxrwxr-x   3 travis travis  20480 Aug  1 15:21 PhaseUnwrap
drwxrwxr-x   3 travis travis  12288 Aug  1 15:21 ReadFile1
-rw-rw-r--   1 travis travis     11 Aug  1 15:21 ReadFile1Output.txt
-rw-rw-r--   1 travis travis  13773 Aug  1 15:24 Repeat.class
-rw-rw-r--   1 travis travis    685 Aug  1 15:24 Repeat$_fireFunction_Repeat_Repeat$__f_sL_11.class
-rw-rw-r--   1 travis travis    541 Aug  1 15:24 Repeat$_fireFunction_Repeat_Repeat$__f_sL_12.class
-rw-rw-r--   1 travis travis    541 Aug  1 15:24 Repeat$_fireFunction_Repeat_Repeat$__f_sL_13.class
-rw-rw-r--   1 travis travis    541 Aug  1 15:24 Repeat$_fireFunction_Repeat_Repeat$__f_sL_14.class
-rw-rw-r--   1 travis travis    684 Aug  1 15:24 Repeat$_fireFunction_Repeat_Repeat$__f_sL_1.class
-rw-rw-r--   1 travis travis    683 Aug  1 15:24 Repeat$_fireFunction_Repeat_Repeat$__f_sL_4.class
-rw-rw-r--   1 travis travis    539 Aug  1 15:24 Repeat$_fireFunction_Repeat_Repeat$__f_sL_9.class
-rw-rw-r--   1 travis travis    494 Aug  1 15:24 Repeat$_initialize_Repeat$__i_sL_2.class
-rw-rw-r--   1 travis travis   1281 Aug  1 15:24 Repeat.mk
-rw-rw-r--   1 travis travis    539 Aug  1 15:24 Repeat$_preinitializeMethod_Repeat$__p_sL_0.class
-rw-rw-r--   1 travis travis   1102 Aug  1 15:24 Repeat$_Repeat$_fireFunction_Repeat_AddSubtract_Repeat.class
-rw-rw-r--   1 travis travis    810 Aug  1 15:24 Repeat$_Repeat$_fireFunction_Repeat_AddSubtract_Repeat$__f_sL_0.class
-rw-rw-r--   1 travis travis    928 Aug  1 15:24 Repeat$_Repeat$_fireFunction_Repeat_AddSubtract_Repeat$__f_sL_1.class
-rw-rw-r--   1 travis travis    934 Aug  1 15:24 Repeat$_Repeat$_fireFunction_Repeat_AddSubtract_Repeat$__f_sL_2.class
-rw-rw-r--   1 travis travis    862 Aug  1 15:24 Repeat$_Repeat$_fireFunction_Repeat_AddSubtract_Repeat$__f_sL_3.class
-rw-rw-r--   1 travis travis    757 Aug  1 15:24 Repeat$_Repeat$_fireFunction_Repeat_Ramp2_Repeat$__f_sL_0.class
-rw-rw-r--   1 travis travis    888 Aug  1 15:24 Repeat$_Repeat$_fireFunction_Repeat_Test_Repeat$__f_sL_0.class
-rw-rw-r--   1 travis travis    634 Aug  1 15:24 Repeat$_Repeat$_fireFunction_Repeat_Test_Repeat$__f_sL_1.class
-rw-rw-r--   1 travis travis    704 Aug  1 15:24 Repeat$_Repeat_SDF_Director_run_Repeat$__R_sL_0.class
-rw-rw-r--   1 travis travis    705 Aug  1 15:24 Repeat$_Repeat_SDF_Director_run_Repeat$__R_sL_11.class
-rw-rw-r--   1 travis travis    561 Aug  1 15:24 Repeat$_Repeat_SDF_Director_run_Repeat$__R_sL_13.class
-rw-rw-r--   1 travis travis    559 Aug  1 15:24 Repeat$_Repeat_SDF_Director_run_Repeat$__R_sL_2.class
-rw-rw-r--   1 travis travis    703 Aug  1 15:24 Repeat$_Repeat_SDF_Director_run_Repeat$__R_sL_3.class
-rw-rw-r--   1 travis travis    559 Aug  1 15:24 Repeat$_Repeat_SDF_Director_run_Repeat$__R_sL_5.class
-rw-rw-r--   1 travis travis    559 Aug  1 15:24 Repeat$_Repeat_SDF_Director_run_Repeat$__R_sL_8.class
drwxrwxr-x   2 travis travis   4096 Aug  1 15:24 RepeatVariables
-rw-rw-r--   1 travis travis    882 Aug  1 15:24 Repeat$_varinit_Repeat.class
-rw-rw-r--   1 travis travis    550 Aug  1 15:24 Repeat$_varinit_Repeat$__v_sL_2.class
-rw-rw-r--   1 travis travis    924 Aug  1 15:24 Repeat$_varinit_Repeat$__v_sL_4.class
-rw-rw-r--   1 travis travis    978 Aug  1 15:24 Repeat$_wrapup_Repeat$__w_sL_1.class
drwxrwxr-x   3 travis travis  20480 Aug  1 15:21 Sinewave
drwxrwxr-x   3 travis travis  32768 Aug  1 15:23 StringFunction
drwxrwxr-x   3 travis travis  12288 Aug  1 15:23 StringLength
drwxrwxr-x   3 travis travis  61440 Aug  1 15:23 StringMatches2
drwxrwxr-x   3 travis travis  61440 Aug  1 15:23 StringSimpleReplace
drwxrwxr-x   3 travis travis  65536 Aug  1 15:23 StringSubstring
drwxrwxr-x   3 travis travis  24576 Aug  1 15:24 StringSubstring2
drwxrwxr-x   3 travis travis  16384 Aug  1 15:24 time1
drwxrwxr-x   3 travis travis  12288 Aug  1 15:24 time5
-rw-rw-r--   1 travis travis    432 Aug  1 15:26 Token.class
-rw-rw-r--   1 travis travis    251 Aug  1 15:26 Token.java
-rwxrwxr-x   1 travis travis 466992 Aug  1 15:18 top
-rw-rw-r--   1 travis travis  20502 Aug  1 15:18 top.c
-rw-rw-r--   1 travis travis   3799 Aug  1 15:24 top.class
-rw-rw-r--   1 travis travis   1257 Aug  1 15:24 top.mk
In "/home/travis/cg", about to execute:
    javac -classpath
.:/home/travis/build/icyphy/ptII:/home/travis/build/icyphy/ptII/lib/bsh-2.0b4.j
ar:/home/travis/build/icyphy/ptII/lib/ptCal.jar:/home/travis/build/icyphy/ptII/
lib/java_cup.jar:/home/travis/build/icyphy/ptII/lib/saxon8.jar:/home/travis/bui
ld/icyphy/ptII/lib/saxon8-dom.jar:/home/travis/build/icyphy/ptII/lib/chic.jar:/
home/travis/build/icyphy/ptII/lib/ptcolt.jar:/home/travis/build/icyphy/ptII/ven
dors/misc/itext/iText.jar:/home/travis/build/icyphy/ptII/lib/g4ltl.jar:/home/tr
avis/build/icyphy/ptII/lib/StructuralCoder.jar:/home/travis/build/icyphy/ptII/l
ib/jcerti.jar:/home/travis/build/icyphy/ptII/lib/javax.mail.jar:/home/travis/bu
ild/icyphy/ptII/vendors/JMF-2.1.1e/lib/jmf.jar:/home/travis/build/icyphy/ptII/l
ib/jna-4.0.0-variadic.jar:/home/travis/build/icyphy/ptII/vendors/misc/joystick/
Joystick.jar:/home/travis/build/icyphy/ptII/lib/ptjacl.jar:/home/travis/build/i
cyphy/ptII/lib/jsoup-1.8.2.jar:/home/travis/build/icyphy/ptII/lib/junit-4.8.2.j
ar:/home/travis/build/icyphy/ptII/lib/JUnitParams-0.4.0.jar:/home/travis/build/
icyphy/ptII/ptolemy/actor/lib/excel/jxl.jar:/home/travis/build/icyphy/ptII/lib/
jython.jar:/home/travis/build/icyphy/ptII/lib/kieler.jar:/home/travis/build/icy
phy/ptII/vendors/opencv/share/OpenCV/java/opencv-341.jar:/home/travis/build/icy
phy/ptII/lib/oscP5.jar:/home/travis/build/icyphy/ptII/lib/nrjavaserial-3.11.0.d
evel.jar:/home/travis/build/icyphy/ptII/vendors/j3d/lib/Linux/j3dcore.jar:/home
/travis/build/icyphy/ptII/vendors/j3d/lib/Linux/j3dutils.jar:/home/travis/build
/icyphy/ptII/vendors/j3d/lib/Linux/vecmath.jar:/home/travis/build/icyphy/ptII/v
endors/jogl/lib/Linux/gluegen-rt-natives-linux-amd64.jar:/home/travis/build/icy
phy/ptII/vendors/jogl/lib/Linux/gluegen-rt.jar:/home/travis/build/icyphy/ptII/v
endors/jogl/lib/Linux/jogl-all-natives-linux-amd64.jar:/home/travis/build/icyph
y/ptII/vendors/jogl/lib/Linux/jogl-all.jar:/home/travis/build/icyphy/ptII/ptole
my/distributed/jini/jar/jini-core.jar:/home/travis/build/icyphy/ptII/ptolemy/di
stributed/jini/jar/jini-ext.jar:/home/travis/build/icyphy/ptII/ptolemy/distribu
ted/jini/jar/sun-util.jar:/home/travis/build/icyphy/ptII/lib/protobuf-java-2.4.
1.jar:/home/travis/build/icyphy/ptII/lib/org.eclipse.paho.client.mqttv3.jar:/ho
me/travis/build/icyphy/ptII/lib/mapss.jar:/home/travis/build/icyphy/ptII/ptolem
y/actor/ptalon/antlr/antlr.jar:/home/travis/build/icyphy/ptII/lib/JRI.jar:/home
/travis/build/icyphy/ptII/lib/commons-lang-2.6.jar:/home/travis/build/icyphy/pt
II/lib/commons-logging-1.1.1.jar:/home/travis/build/icyphy/ptII/lib/sootclasses
.jar:/home/travis/build/icyphy/ptII/ptolemy/actor/lib/database/mysql-connector-
java-5.1.6-bin.jar:/home/travis/build/icyphy/ptII/vendors/misc/sphinx4/sphinx4-
data-5prealpha.jar:/home/travis/build/icyphy/ptII/vendors/misc/sphinx4/sphinx4-
core-5prealpha.jar:/home/travis/build/icyphy/ptII/lib/PDFRenderer.jar:/home/tra
vis/build/icyphy/ptII/lib/svgSalamander.jar:/home/travis/build/icyphy/ptII/lib/
rsyntaxtextarea-2.6.0-SNAPSHOT.jar:/home/travis/build/icyphy/ptII/lib/hazelcast
-3.8.2.jar:/home/travis/build/icyphy/ptII/lib/jackson-annotations-2.9.0.jar:/ho
me/travis/build/icyphy/ptII/lib/jackson-core-2.9.3.jar:/home/travis/build/icyph
y/ptII/lib/jackson-databind-2.9.3.jar:/home/travis/build/icyphy/ptII/lib/netty-
buffer-4.1.19.Final.jar:/home/travis/build/icyphy/ptII/lib/netty-codec-4.1.19.F
inal.jar:/home/travis/build/icyphy/ptII/lib/netty-codec-dns-4.1.19.Final.jar:/h
ome/travis/build/icyphy/ptII/lib/netty-codec-http-4.1.19.Final.jar:/home/travis
/build/icyphy/ptII/lib/netty-codec-http2-4.1.19.Final.jar:/home/travis/build/ic
yphy/ptII/lib/netty-common-4.1.19.Final.jar:/home/travis/build/icyphy/ptII/lib/
netty-handler-4.1.19.Final.jar:/home/travis/build/icyphy/ptII/lib/netty-resolve
r-4.1.19.Final.jar:/home/travis/build/icyphy/ptII/lib/netty-resolver-dns-4.1.19
.Final.jar:/home/travis/build/icyphy/ptII/lib/netty-transport-4.1.19.Final.jar:
/home/travis/build/icyphy/ptII/lib/vertx-codegen-3.5.1.jar:/home/travis/build/i
cyphy/ptII/lib/vertx-core-3.5.2-SNAPSHOT.jar:/home/travis/build/icyphy/ptII/lib
/vertx-hazelcast-3.5.1.jar:/home/travis/build/icyphy/ptII/lib/vertx-lang-js-3.5
.1.jar:/home/travis/build/icyphy/ptII/lib/vertx-service-proxy-3.5.1.jar:/home/t
ravis/build/icyphy/ptII/lib/vertx-web-3.5.1.jar:/home/travis/build/icyphy/ptII/
lib/slf4j-api-1.7.13.jar:/home/travis/build/icyphy/ptII/lib/slf4j-simple-1.7.13
.jar:/home/travis/build/icyphy/ptII/lib/webcam-capture-0.3.12.jar:/home/travis/
build/icyphy/ptII/lib/bridj-0.7.0.jar:/home/travis/build/icyphy/ptII/lib/xbjlib
-1.1.0.nrjavaserial.jar:/home/travis/build/icyphy/ptII/ptolemy/moml/test:/home/
travis/build/icyphy/ptII/ant/lib/ant-launcher.jar:/home/travis/build/icyphy/ptI
I/ant/lib/ant.jar:/home/travis/build/icyphy/ptII/ant/lib/ant-junit.jar:/home/tr
avis/build/icyphy/ptII/ant/lib/ant-junit4.jar:/home/travis/build/icyphy/ptII
ModularCodeGen4_A1_B2_profile.java
All Done
Writing ModularCodeGen4_A1_B2.java in file:/home/travis/cg/ (10312 characters)
Reading "ptolemy/cg/kernel/generic/program/procedural/java/modular/makefile.in",
    writing "/home/travis/cg/ModularCodeGen4_A1_B2.mk"
Using ptolemy/cg/kernel/generic/program/procedural/java/modular/makefile.in
In "/home/travis/cg", about to execute:
    make -f ModularCodeGen4_A1_B2.mk
javac -classpath ".:.."    ModularCodeGen4_A1_B2.java
All Done
In "/home/travis/cg", about to execute:
    pwd
In "/home/travis/cg", about to execute:
    ls -l
/home/travis/cg
In "/home/travis/cg", about to execute:
    javac -classpath
.:/home/travis/build/icyphy/ptII:/home/travis/build/icyphy/ptII/lib/bsh-2.0b4.j
ar:/home/travis/build/icyphy/ptII/lib/ptCal.jar:/home/travis/build/icyphy/ptII/
lib/java_cup.jar:/home/travis/build/icyphy/ptII/lib/saxon8.jar:/home/travis/bui
ld/icyphy/ptII/lib/saxon8-dom.jar:/home/travis/build/icyphy/ptII/lib/chic.jar:/
home/travis/build/icyphy/ptII/lib/ptcolt.jar:/home/travis/build/icyphy/ptII/ven
dors/misc/itext/iText.jar:/home/travis/build/icyphy/ptII/lib/g4ltl.jar:/home/tr
avis/build/icyphy/ptII/lib/StructuralCoder.jar:/home/travis/build/icyphy/ptII/l
ib/jcerti.jar:/home/travis/build/icyphy/ptII/lib/javax.mail.jar:/home/travis/bu
ild/icyphy/ptII/vendors/JMF-2.1.1e/lib/jmf.jar:/home/travis/build/icyphy/ptII/l
ib/jna-4.0.0-variadic.jar:/home/travis/build/icyphy/ptII/vendors/misc/joystick/
Joystick.jar:/home/travis/build/icyphy/ptII/lib/ptjacl.jar:/home/travis/build/i
cyphy/ptII/lib/jsoup-1.8.2.jar:/home/travis/build/icyphy/ptII/lib/junit-4.8.2.j
ar:/home/travis/build/icyphy/ptII/lib/JUnitParams-0.4.0.jar:/home/travis/build/
icyphy/ptII/ptolemy/actor/lib/excel/jxl.jar:/home/travis/build/icyphy/ptII/lib/
jython.jar:/home/travis/build/icyphy/ptII/lib/kieler.jar:/home/travis/build/icy
phy/ptII/vendors/opencv/share/OpenCV/java/opencv-341.jar:/home/travis/build/icy
phy/ptII/lib/oscP5.jar:/home/travis/build/icyphy/ptII/lib/nrjavaserial-3.11.0.d
evel.jar:/home/travis/build/icyphy/ptII/vendors/j3d/lib/Linux/j3dcore.jar:/home
/travis/build/icyphy/ptII/vendors/j3d/lib/Linux/j3dutils.jar:/home/travis/build
/icyphy/ptII/vendors/j3d/lib/Linux/vecmath.jar:/home/travis/build/icyphy/ptII/v
endors/jogl/lib/Linux/gluegen-rt-natives-linux-amd64.jar:/home/travis/build/icy
phy/ptII/vendors/jogl/lib/Linux/gluegen-rt.jar:/home/travis/build/icyphy/ptII/v
endors/jogl/lib/Linux/jogl-all-natives-linux-amd64.jar:/home/travis/build/icyph
y/ptII/vendors/jogl/lib/Linux/jogl-all.jar:/home/travis/build/icyphy/ptII/ptole
my/distributed/jini/jar/jini-core.jar:/home/travis/build/icyphy/ptII/ptolemy/di
stributed/jini/jar/jini-ext.jar:/home/travis/build/icyphy/ptII/ptolemy/distribu
ted/jini/jar/sun-util.jar:/home/travis/build/icyphy/ptII/lib/protobuf-java-2.4.
1.jar:/home/travis/build/icyphy/ptII/lib/org.eclipse.paho.client.mqttv3.jar:/ho
me/travis/build/icyphy/ptII/lib/mapss.jar:/home/travis/build/icyphy/ptII/ptolem
y/actor/ptalon/antlr/antlr.jar:/home/travis/build/icyphy/ptII/lib/JRI.jar:/home
/travis/build/icyphy/ptII/lib/commons-lang-2.6.jar:/home/travis/build/icyphy/pt
II/lib/commons-logging-1.1.1.jar:/home/travis/build/icyphy/ptII/lib/sootclasses
.jar:/home/travis/build/icyphy/ptII/ptolemy/actor/lib/database/mysql-connector-
java-5.1.6-bin.jar:/home/travis/build/icyphy/ptII/vendors/misc/sphinx4/sphinx4-
data-5prealpha.jar:/home/travis/build/icyphy/ptII/vendors/misc/sphinx4/sphinx4-
core-5prealpha.jar:/home/travis/build/icyphy/ptII/lib/PDFRenderer.jar:/home/tra
vis/build/icyphy/ptII/lib/svgSalamander.jar:/home/travis/build/icyphy/ptII/lib/
rsyntaxtextarea-2.6.0-SNAPSHOT.jar:/home/travis/build/icyphy/ptII/lib/hazelcast
-3.8.2.jar:/home/travis/build/icyphy/ptII/lib/jackson-annotations-2.9.0.jar:/ho
me/travis/build/icyphy/ptII/lib/jackson-core-2.9.3.jar:/home/travis/build/icyph
y/ptII/lib/jackson-databind-2.9.3.jar:/home/travis/build/icyphy/ptII/lib/netty-
buffer-4.1.19.Final.jar:/home/travis/build/icyphy/ptII/lib/netty-codec-4.1.19.F
inal.jar:/home/travis/build/icyphy/ptII/lib/netty-codec-dns-4.1.19.Final.jar:/h
ome/travis/build/icyphy/ptII/lib/netty-codec-http-4.1.19.Final.jar:/home/travis
/build/icyphy/ptII/lib/netty-codec-http2-4.1.19.Final.jar:/home/travis/build/ic
yphy/ptII/lib/netty-common-4.1.19.Final.jar:/home/travis/build/icyphy/ptII/lib/
netty-handler-4.1.19.Final.jar:/home/travis/build/icyphy/ptII/lib/netty-resolve
r-4.1.19.Final.jar:/home/travis/build/icyphy/ptII/lib/netty-resolver-dns-4.1.19
.Final.jar:/home/travis/build/icyphy/ptII/lib/netty-transport-4.1.19.Final.jar:
/home/travis/build/icyphy/ptII/lib/vertx-codegen-3.5.1.jar:/home/travis/build/i
cyphy/ptII/lib/vertx-core-3.5.2-SNAPSHOT.jar:/home/travis/build/icyphy/ptII/lib
/vertx-hazelcast-3.5.1.jar:/home/travis/build/icyphy/ptII/lib/vertx-lang-js-3.5
.1.jar:/home/travis/build/icyphy/ptII/lib/vertx-service-proxy-3.5.1.jar:/home/t
ravis/build/icyphy/ptII/lib/vertx-web-3.5.1.jar:/home/travis/build/icyphy/ptII/
lib/slf4j-api-1.7.13.jar:/home/travis/build/icyphy/ptII/lib/slf4j-simple-1.7.13
.jar:/home/travis/build/icyphy/ptII/lib/webcam-capture-0.3.12.jar:/home/travis/
build/icyphy/ptII/lib/bridj-0.7.0.jar:/home/travis/build/icyphy/ptII/lib/xbjlib
-1.1.0.nrjavaserial.jar:/home/travis/build/icyphy/ptII/ptolemy/moml/test:/home/
travis/build/icyphy/ptII/ant/lib/ant-launcher.jar:/home/travis/build/icyphy/ptI
I/ant/lib/ant.jar:/home/travis/build/icyphy/ptII/ant/lib/ant-junit.jar:/home/tr
avis/build/icyphy/ptII/ant/lib/ant-junit4.jar:/home/travis/build/icyphy/ptII
ModularCodeGen4_A1_profile.java
total 1976
drwxrwxr-x   3 travis travis  12288 Aug  1 15:20 AbsoluteValue
drwxrwxr-x   3 travis travis 102400 Aug  1 15:19 AllColt
drwxrwxr-x   3 travis travis  12288 Aug  1 15:19 Case1
-rw-rw-r--   1 travis travis   5128 Aug  1 15:25 CompiledCompositeActor_CompiledCompositeActor.class
-rw-rw-r--   1 travis travis   1611 Aug  1 15:25 CompiledCompositeActor_CompiledCompositeActor$_CompiledCompositeActor_CompiledCompositeActor.class
-rw-rw-r--   1 travis travis  13466 Aug  1 15:25 CompiledCompositeActor_CompiledCompositeActor.java
-rw-rw-r--   1 travis travis   1593 Aug  1 15:25 CompiledCompositeActor_CompiledCompositeActor.mk
drwxrwxr-x   5 travis travis   4096 Aug  1 15:18 fmi
drwxrwxr-x   3 travis travis  16384 Aug  1 15:20 Gaussian2
-rw-rw-r--   1 travis travis   4684 Aug  1 15:25 JavaCompiledCompositeTest1_CompiledCompositeActor.class
-rw-rw-r--   1 travis travis  11637 Aug  1 15:25 JavaCompiledCompositeTest1_CompiledCompositeActor.java
-rw-rw-r--   1 travis travis   1217 Aug  1 15:25 JavaCompiledCompositeTest1_CompiledCompositeActor$_JavaCompiledCompositeTest1_CompiledCompositeActor.class
-rw-rw-r--   1 travis travis   1625 Aug  1 15:25 JavaCompiledCompositeTest1_CompiledCompositeActor.mk
-rw-rw-r--   1 travis travis   5115 Aug  1 15:25 JavaCompiledCompositeTest2_CompiledCompositeActor.class
-rw-rw-r--   1 travis travis  14919 Aug  1 15:25 JavaCompiledCompositeTest2_CompiledCompositeActor.java
-rw-rw-r--   1 travis travis   1812 Aug  1 15:25 JavaCompiledCompositeTest2_CompiledCompositeActor$_JavaCompiledCompositeTest2_CompiledCompositeActor.class
-rw-rw-r--   1 travis travis   1625 Aug  1 15:25 JavaCompiledCompositeTest2_CompiledCompositeActor.mk
-rw-rw-r--   1 travis travis   4732 Aug  1 15:25 JavaCompiledCompositeTest3_CompiledCompositeActor.class
-rw-rw-r--   1 travis travis  13080 Aug  1 15:25 JavaCompiledCompositeTest3_CompiledCompositeActor.java
-rw-rw-r--   1 travis travis   1397 Aug  1 15:25 JavaCompiledCompositeTest3_CompiledCompositeActor$_JavaCompiledCompositeTest3_CompiledCompositeActor.class
-rw-rw-r--   1 travis travis   1625 Aug  1 15:25 JavaCompiledCompositeTest3_CompiledCompositeActor.mk
-rw-rw-r--   1 travis travis   4183 Aug  1 15:25 JavaCompiledCompositeTest4_CompiledCompositeActor.class
-rw-rw-r--   1 travis travis   9687 Aug  1 15:25 JavaCompiledCompositeTest4_CompiledCompositeActor.java
-rw-rw-r--   1 travis travis    876 Aug  1 15:25 JavaCompiledCompositeTest4_CompiledCompositeActor$_JavaCompiledCompositeTest4_CompiledCompositeActor.class
-rw-rw-r--   1 travis travis   1625 Aug  1 15:25 JavaCompiledCompositeTest4_CompiledCompositeActor.mk
drwxrwxr-x   3 travis travis  12288 Aug  1 15:20 LookupTable
drwxrwxr-x   3 travis travis  20480 Aug  1 15:20 MaxIndex
-rw-rw-r--   1 travis travis   3925 Aug  1 15:25 ModularCG_A1_B1.class
-rw-rw-r--   1 travis travis   9730 Aug  1 15:25 ModularCG_A1_B1.java
-rw-rw-r--   1 travis travis    832 Aug  1 15:25 ModularCG_A1_B1.mk
-rw-rw-r--   1 travis travis   1318 Aug  1 15:25 ModularCG_A1_B1_profile.class
-rw-rw-r--   1 travis travis   1262 Aug  1 15:25 ModularCG_A1_B1_profile.java
-rw-rw-r--   1 travis travis   3925 Aug  1 15:25 ModularCG_A1_B2.class
-rw-rw-r--   1 travis travis   9730 Aug  1 15:25 ModularCG_A1_B2.java
-rw-rw-r--   1 travis travis    832 Aug  1 15:25 ModularCG_A1_B2.mk
-rw-rw-r--   1 travis travis   1318 Aug  1 15:25 ModularCG_A1_B2_profile.class
-rw-rw-r--   1 travis travis   1262 Aug  1 15:25 ModularCG_A1_B2_profile.java
-rw-rw-r--   1 travis travis   5031 Aug  1 15:25 ModularCG_A1.class
-rw-rw-r--   1 travis travis  14742 Aug  1 15:25 ModularCG_A1.java
-rw-rw-r--   1 travis travis    808 Aug  1 15:25 ModularCG_A1.mk
-rw-rw-r--   1 travis travis   1433 Aug  1 15:25 ModularCG_A1_profile.class
-rw-rw-r--   1 travis travis   1704 Aug  1 15:25 ModularCG_A1_profile.java
-rw-rw-r--   1 travis travis   4059 Aug  1 15:25 ModularCG_A2_B1.class
-rw-rw-r--   1 travis travis  10667 Aug  1 15:25 ModularCG_A2_B1.java
-rw-rw-r--   1 travis travis    832 Aug  1 15:25 ModularCG_A2_B1.mk
-rw-rw-r--   1 travis travis   1381 Aug  1 15:25 ModularCG_A2_B1_profile.class
-rw-rw-r--   1 travis travis   1446 Aug  1 15:25 ModularCG_A2_B1_profile.java
-rw-rw-r--   1 travis travis   3925 Aug  1 15:25 ModularCG_A2_B2.class
-rw-rw-r--   1 travis travis   9730 Aug  1 15:25 ModularCG_A2_B2.java
-rw-rw-r--   1 travis travis    832 Aug  1 15:25 ModularCG_A2_B2.mk
-rw-rw-r--   1 travis travis   1318 Aug  1 15:25 ModularCG_A2_B2_profile.class
-rw-rw-r--   1 travis travis   1262 Aug  1 15:25 ModularCG_A2_B2_profile.java
-rw-rw-r--   1 travis travis   5102 Aug  1 15:25 ModularCG_A2.class
-rw-rw-r--   1 travis travis  15129 Aug  1 15:25 ModularCG_A2.java
-rw-rw-r--   1 travis travis    808 Aug  1 15:25 ModularCG_A2.mk
-rw-rw-r--   1 travis travis   1433 Aug  1 15:25 ModularCG_A2_profile.class
-rw-rw-r--   1 travis travis   1704 Aug  1 15:25 ModularCG_A2_profile.java
-rw-rw-r--   1 travis travis   3705 Aug  1 15:25 ModularCGPubSub_A1_A2.class
-rw-rw-r--   1 travis travis   9076 Aug  1 15:25 ModularCGPubSub_A1_A2.java
-rw-rw-r--   1 travis travis    880 Aug  1 15:25 ModularCGPubSub_A1_A2.mk
-rw-rw-r--   1 travis travis   1300 Aug  1 15:25 ModularCGPubSub_A1_A2_profile.class
-rw-rw-r--   1 travis travis   1222 Aug  1 15:25 ModularCGPubSub_A1_A2_profile.java
-rw-rw-r--   1 travis travis   4022 Aug  1 15:25 ModularCGPubSub_A1.class
-rw-rw-r--   1 travis travis   9836 Aug  1 15:25 ModularCGPubSub_A1.java
-rw-rw-r--   1 travis travis    856 Aug  1 15:25 ModularCGPubSub_A1.mk
-rw-rw-r--   1 travis travis   1346 Aug  1 15:25 ModularCGPubSub_A1_profile.class
-rw-rw-r--   1 travis travis   1388 Aug  1 15:25 ModularCGPubSub_A1_profile.java
-rw-rw-r--   1 travis travis   4220 Aug  1 15:25 ModularCodeGen2_ModularCodeGenTypedCompositeActor.class
-rw-rw-r--   1 travis travis  11690 Aug  1 15:25 ModularCodeGen2_ModularCodeGenTypedCompositeActor.java
-rw-rw-r--   1 travis travis   1104 Aug  1 15:25 ModularCodeGen2_ModularCodeGenTypedCompositeActor.mk
-rw-rw-r--   1 travis travis   4504 Aug  1 15:25 ModularCodeGen2_ModularCodeGenTypedCompositeActor_ModularCodeGenTypedCompositeActor.class
-rw-rw-r--   1 travis travis  11790 Aug  1 15:25 ModularCodeGen2_ModularCodeGenTypedCompositeActor_ModularCodeGenTypedCompositeActor.java
-rw-rw-r--   1 travis travis   1376 Aug  1 15:25 ModularCodeGen2_ModularCodeGenTypedCompositeActor_ModularCodeGenTypedCompositeActor.mk
-rw-rw-r--   1 travis travis   1421 Aug  1 15:25 ModularCodeGen2_ModularCodeGenTypedCompositeActor_ModularCodeGenTypedCompositeActor_profile.class
-rw-rw-r--   1 travis travis   1294 Aug  1 15:25 ModularCodeGen2_ModularCodeGenTypedCompositeActor_ModularCodeGenTypedCompositeActor_profile.java
-rw-rw-r--   1 travis travis    820 Aug  1 15:25 ModularCodeGen2_ModularCodeGenTypedCompositeActor_profile.class
-rw-rw-r--   1 travis travis    693 Aug  1 15:25 ModularCodeGen2_ModularCodeGenTypedCompositeActor_profile.java
-rw-rw-r--   1 travis travis   3973 Aug  1 15:25 ModularCodeGen3_A1_B1.class
-rw-rw-r--   1 travis travis   9958 Aug  1 15:25 ModularCodeGen3_A1_B1.java
-rw-rw-r--   1 travis travis    880 Aug  1 15:25 ModularCodeGen3_A1_B1.mk
-rw-rw-r--   1 travis travis   1330 Aug  1 15:25 ModularCodeGen3_A1_B1_profile.class
-rw-rw-r--   1 travis travis   1274 Aug  1 15:25 ModularCodeGen3_A1_B1_profile.java
-rw-rw-r--   1 travis travis   3973 Aug  1 15:26 ModularCodeGen3_A1_B2.class
-rw-rw-r--   1 travis travis   9958 Aug  1 15:26 ModularCodeGen3_A1_B2.java
-rw-rw-r--   1 travis travis    880 Aug  1 15:26 ModularCodeGen3_A1_B2.mk
-rw-rw-r--   1 travis travis   1330 Aug  1 15:26 ModularCodeGen3_A1_B2_profile.class
-rw-rw-r--   1 travis travis   1274 Aug  1 15:25 ModularCodeGen3_A1_B2_profile.java
-rw-rw-r--   1 travis travis   5193 Aug  1 15:26 ModularCodeGen3_A1.class
-rw-rw-r--   1 travis travis  15564 Aug  1 15:26 ModularCodeGen3_A1.java
-rw-rw-r--   1 travis travis    856 Aug  1 15:26 ModularCodeGen3_A1.mk
-rw-rw-r--   1 travis travis   1445 Aug  1 15:26 ModularCodeGen3_A1_profile.class
-rw-rw-r--   1 travis travis   1716 Aug  1 15:26 ModularCodeGen3_A1_profile.java
-rw-rw-r--   1 travis travis   4119 Aug  1 15:26 ModularCodeGen3_A2_B1.class
-rw-rw-r--   1 travis travis  10955 Aug  1 15:26 ModularCodeGen3_A2_B1.java
-rw-rw-r--   1 travis travis    880 Aug  1 15:26 ModularCodeGen3_A2_B1.mk
-rw-rw-r--   1 travis travis   1393 Aug  1 15:26 ModularCodeGen3_A2_B1_profile.class
-rw-rw-r--   1 travis travis   1458 Aug  1 15:26 ModularCodeGen3_A2_B1_profile.java
-rw-rw-r--   1 travis travis   3973 Aug  1 15:26 ModularCodeGen3_A2_B2.class
-rw-rw-r--   1 travis travis   9958 Aug  1 15:26 ModularCodeGen3_A2_B2.java
-rw-rw-r--   1 travis travis    880 Aug  1 15:26 ModularCodeGen3_A2_B2.mk
-rw-rw-r--   1 travis travis   1330 Aug  1 15:26 ModularCodeGen3_A2_B2_profile.class
-rw-rw-r--   1 travis travis   1274 Aug  1 15:26 ModularCodeGen3_A2_B2_profile.java
-rw-rw-r--   1 travis travis   5270 Aug  1 15:26 ModularCodeGen3_A2.class
-rw-rw-r--   1 travis travis  15957 Aug  1 15:26 ModularCodeGen3_A2.java
-rw-rw-r--   1 travis travis    856 Aug  1 15:26 ModularCodeGen3_A2.mk
-rw-rw-r--   1 travis travis   1445 Aug  1 15:26 ModularCodeGen3_A2_profile.class
-rw-rw-r--   1 travis travis   1716 Aug  1 15:26 ModularCodeGen3_A2_profile.java
-rw-rw-r--   1 travis travis   4026 Aug  1 15:26 ModularCodeGen4_A1_B1.class
-rw-rw-r--   1 travis travis  10312 Aug  1 15:26 ModularCodeGen4_A1_B1.java
-rw-rw-r--   1 travis travis    880 Aug  1 15:26 ModularCodeGen4_A1_B1.mk
-rw-rw-r--   1 travis travis   1330 Aug  1 15:26 ModularCodeGen4_A1_B1_profile.class
-rw-rw-r--   1 travis travis   1273 Aug  1 15:26 ModularCodeGen4_A1_B1_profile.java
-rw-rw-r--   1 travis travis   4026 Aug  1 15:26 ModularCodeGen4_A1_B2.class
-rw-rw-r--   1 travis travis  10312 Aug  1 15:26 ModularCodeGen4_A1_B2.java
-rw-rw-r--   1 travis travis    880 Aug  1 15:26 ModularCodeGen4_A1_B2.mk
-rw-rw-r--   1 travis travis   1330 Aug  1 15:26 ModularCodeGen4_A1_B2_profile.class
-rw-rw-r--   1 travis travis   1273 Aug  1 15:26 ModularCodeGen4_A1_B2_profile.java
-rw-rw-r--   1 travis travis   1712 Aug  1 15:26 ModularCodeGen4_A1_profile.java
-rw-rw-r--   1 travis travis   4186 Aug  1 15:25 ModularCodeGen_ModularCodeGenTypedCompositeActor.class
-rw-rw-r--   1 travis travis  10970 Aug  1 15:25 ModularCodeGen_ModularCodeGenTypedCompositeActor.java
-rw-rw-r--   1 travis travis   1096 Aug  1 15:25 ModularCodeGen_ModularCodeGenTypedCompositeActor.mk
-rw-rw-r--   1 travis travis   1384 Aug  1 15:25 ModularCodeGen_ModularCodeGenTypedCompositeActor_profile.class
-rw-rw-r--   1 travis travis   1328 Aug  1 15:25 ModularCodeGen_ModularCodeGenTypedCompositeActor_profile.java
-rw-rw-r--   1 travis travis   3724 Aug  1 15:25 ModularCodeGenTest_A1_A2.class
-rw-rw-r--   1 travis travis   9164 Aug  1 15:25 ModularCodeGenTest_A1_A2.java
-rw-rw-r--   1 travis travis   1306 Aug  1 15:25 ModularCodeGenTest_A1_A2_profile.class
-rw-rw-r--   1 travis travis   4055 Aug  1 15:25 ModularCodeGenTest_A1.class
-rw-rw-r--   1 travis travis   9968 Aug  1 15:25 ModularCodeGenTest_A1.java
-rw-rw-r--   1 travis travis    880 Aug  1 15:25 ModularCodeGenTest_A1.mk
-rw-rw-r--   1 travis travis   1352 Aug  1 15:25 ModularCodeGenTest_A1_profile.class
-rw-rw-r--   1 travis travis   1394 Aug  1 15:25 ModularCodeGenTest_A1_profile.java
drwxrwxr-x   3 travis travis  32768 Aug  1 15:24 modulation2
drwxrwxr-x 183 travis travis  12288 Aug  1 15:25 node_modules
drwxrwxr-x   3 travis travis  20480 Aug  1 15:21 PhaseUnwrap
drwxrwxr-x   3 travis travis  12288 Aug  1 15:21 ReadFile1
-rw-rw-r--   1 travis travis     11 Aug  1 15:21 ReadFile1Output.txt
-rw-rw-r--   1 travis travis  13773 Aug  1 15:24 Repeat.class
-rw-rw-r--   1 travis travis    685 Aug  1 15:24 Repeat$_fireFunction_Repeat_Repeat$__f_sL_11.class
-rw-rw-r--   1 travis travis    541 Aug  1 15:24 Repeat$_fireFunction_Repeat_Repeat$__f_sL_12.class
-rw-rw-r--   1 travis travis    541 Aug  1 15:24 Repeat$_fireFunction_Repeat_Repeat$__f_sL_13.class
-rw-rw-r--   1 travis travis    541 Aug  1 15:24 Repeat$_fireFunction_Repeat_Repeat$__f_sL_14.class
-rw-rw-r--   1 travis travis    684 Aug  1 15:24 Repeat$_fireFunction_Repeat_Repeat$__f_sL_1.class
-rw-rw-r--   1 travis travis    683 Aug  1 15:24 Repeat$_fireFunction_Repeat_Repeat$__f_sL_4.class
-rw-rw-r--   1 travis travis    539 Aug  1 15:24 Repeat$_fireFunction_Repeat_Repeat$__f_sL_9.class
-rw-rw-r--   1 travis travis    494 Aug  1 15:24 Repeat$_initialize_Repeat$__i_sL_2.class
-rw-rw-r--   1 travis travis   1281 Aug  1 15:24 Repeat.mk
-rw-rw-r--   1 travis travis    539 Aug  1 15:24 Repeat$_preinitializeMethod_Repeat$__p_sL_0.class
-rw-rw-r--   1 travis travis   1102 Aug  1 15:24 Repeat$_Repeat$_fireFunction_Repeat_AddSubtract_Repeat.class
-rw-rw-r--   1 travis travis    810 Aug  1 15:24 Repeat$_Repeat$_fireFunction_Repeat_AddSubtract_Repeat$__f_sL_0.class
-rw-rw-r--   1 travis travis    928 Aug  1 15:24 Repeat$_Repeat$_fireFunction_Repeat_AddSubtract_Repeat$__f_sL_1.class
-rw-rw-r--   1 travis travis    934 Aug  1 15:24 Repeat$_Repeat$_fireFunction_Repeat_AddSubtract_Repeat$__f_sL_2.class
-rw-rw-r--   1 travis travis    862 Aug  1 15:24 Repeat$_Repeat$_fireFunction_Repeat_AddSubtract_Repeat$__f_sL_3.class
-rw-rw-r--   1 travis travis    757 Aug  1 15:24 Repeat$_Repeat$_fireFunction_Repeat_Ramp2_Repeat$__f_sL_0.class
-rw-rw-r--   1 travis travis    888 Aug  1 15:24 Repeat$_Repeat$_fireFunction_Repeat_Test_Repeat$__f_sL_0.class
-rw-rw-r--   1 travis travis    634 Aug  1 15:24 Repeat$_Repeat$_fireFunction_Repeat_Test_Repeat$__f_sL_1.class
-rw-rw-r--   1 travis travis    704 Aug  1 15:24 Repeat$_Repeat_SDF_Director_run_Repeat$__R_sL_0.class
-rw-rw-r--   1 travis travis    705 Aug  1 15:24 Repeat$_Repeat_SDF_Director_run_Repeat$__R_sL_11.class
-rw-rw-r--   1 travis travis    561 Aug  1 15:24 Repeat$_Repeat_SDF_Director_run_Repeat$__R_sL_13.class
-rw-rw-r--   1 travis travis    559 Aug  1 15:24 Repeat$_Repeat_SDF_Director_run_Repeat$__R_sL_2.class
-rw-rw-r--   1 travis travis    703 Aug  1 15:24 Repeat$_Repeat_SDF_Director_run_Repeat$__R_sL_3.class
-rw-rw-r--   1 travis travis    559 Aug  1 15:24 Repeat$_Repeat_SDF_Director_run_Repeat$__R_sL_5.class
-rw-rw-r--   1 travis travis    559 Aug  1 15:24 Repeat$_Repeat_SDF_Director_run_Repeat$__R_sL_8.class
drwxrwxr-x   2 travis travis   4096 Aug  1 15:24 RepeatVariables
-rw-rw-r--   1 travis travis    882 Aug  1 15:24 Repeat$_varinit_Repeat.class
-rw-rw-r--   1 travis travis    550 Aug  1 15:24 Repeat$_varinit_Repeat$__v_sL_2.class
-rw-rw-r--   1 travis travis    924 Aug  1 15:24 Repeat$_varinit_Repeat$__v_sL_4.class
-rw-rw-r--   1 travis travis    978 Aug  1 15:24 Repeat$_wrapup_Repeat$__w_sL_1.class
drwxrwxr-x   3 travis travis  20480 Aug  1 15:21 Sinewave
drwxrwxr-x   3 travis travis  32768 Aug  1 15:23 StringFunction
drwxrwxr-x   3 travis travis  12288 Aug  1 15:23 StringLength
drwxrwxr-x   3 travis travis  61440 Aug  1 15:23 StringMatches2
drwxrwxr-x   3 travis travis  61440 Aug  1 15:23 StringSimpleReplace
drwxrwxr-x   3 travis travis  65536 Aug  1 15:23 StringSubstring
drwxrwxr-x   3 travis travis  24576 Aug  1 15:24 StringSubstring2
drwxrwxr-x   3 travis travis  16384 Aug  1 15:24 time1
drwxrwxr-x   3 travis travis  12288 Aug  1 15:24 time5
-rw-rw-r--   1 travis travis    432 Aug  1 15:26 Token.class
-rw-rw-r--   1 travis travis    251 Aug  1 15:26 Token.java
-rwxrwxr-x   1 travis travis 466992 Aug  1 15:18 top
-rw-rw-r--   1 travis travis  20502 Aug  1 15:18 top.c
-rw-rw-r--   1 travis travis   3799 Aug  1 15:24 top.class
-rw-rw-r--   1 travis travis   1257 Aug  1 15:24 top.mk
All Done
Writing ModularCodeGen4_A1.java in file:/home/travis/cg/ (16245 characters)
Reading "ptolemy/cg/kernel/generic/program/procedural/java/modular/makefile.in",
    writing "/home/travis/cg/ModularCodeGen4_A1.mk"
Using ptolemy/cg/kernel/generic/program/procedural/java/modular/makefile.in
In "/home/travis/cg", about to execute:
    make -f ModularCodeGen4_A1.mk
javac -classpath ".:.."    ModularCodeGen4_A1.java
All Done
In "/home/travis/cg", about to execute:
    pwd
/home/travis/cg
In "/home/travis/cg", about to execute:
    ls -l
total 2012
drwxrwxr-x   3 travis travis  12288 Aug  1 15:20 AbsoluteValue
drwxrwxr-x   3 travis travis 102400 Aug  1 15:19 AllColt
drwxrwxr-x   3 travis travis  12288 Aug  1 15:19 Case1
-rw-rw-r--   1 travis travis   5128 Aug  1 15:25 CompiledCompositeActor_CompiledCompositeActor.class
-rw-rw-r--   1 travis travis   1611 Aug  1 15:25 CompiledCompositeActor_CompiledCompositeActor$_CompiledCompositeActor_CompiledCompositeActor.class
-rw-rw-r--   1 travis travis  13466 Aug  1 15:25 CompiledCompositeActor_CompiledCompositeActor.java
-rw-rw-r--   1 travis travis   1593 Aug  1 15:25 CompiledCompositeActor_CompiledCompositeActor.mk
drwxrwxr-x   5 travis travis   4096 Aug  1 15:18 fmi
drwxrwxr-x   3 travis travis  16384 Aug  1 15:20 Gaussian2
-rw-rw-r--   1 travis travis   4684 Aug  1 15:25 JavaCompiledCompositeTest1_CompiledCompositeActor.class
-rw-rw-r--   1 travis travis  11637 Aug  1 15:25 JavaCompiledCompositeTest1_CompiledCompositeActor.java
-rw-rw-r--   1 travis travis   1217 Aug  1 15:25 JavaCompiledCompositeTest1_CompiledCompositeActor$_JavaCompiledCompositeTest1_CompiledCompositeActor.class
-rw-rw-r--   1 travis travis   1625 Aug  1 15:25 JavaCompiledCompositeTest1_CompiledCompositeActor.mk
-rw-rw-r--   1 travis travis   5115 Aug  1 15:25 JavaCompiledCompositeTest2_CompiledCompositeActor.class
-rw-rw-r--   1 travis travis  14919 Aug  1 15:25 JavaCompiledCompositeTest2_CompiledCompositeActor.java
In "/home/travis/cg", about to execute:
-rw-rw-r--   1 travis travis   1812 Aug  1 15:25 JavaCompiledCompositeTest2_CompiledCompositeActor$_JavaCompiledCompositeTest2_CompiledCompositeActor.class
-rw-rw-r--   1 travis travis   1625 Aug  1 15:25 JavaCompiledCompositeTest2_CompiledCompositeActor.mk
-rw-rw-r--   1 travis travis   4732 Aug  1 15:25 JavaCompiledCompositeTest3_CompiledCompositeActor.class
-rw-rw-r--   1 travis travis  13080 Aug  1 15:25 JavaCompiledCompositeTest3_CompiledCompositeActor.java
-rw-rw-r--   1 travis travis   1397 Aug  1 15:25 JavaCompiledCompositeTest3_CompiledCompositeActor$_JavaCompiledCompositeTest3_CompiledCompositeActor.class
-rw-rw-r--   1 travis travis   1625 Aug  1 15:25 JavaCompiledCompositeTest3_CompiledCompositeActor.mk
-rw-rw-r--   1 travis travis   4183 Aug  1 15:25 JavaCompiledCompositeTest4_CompiledCompositeActor.class
-rw-rw-r--   1 travis travis   9687 Aug  1 15:25 JavaCompiledCompositeTest4_CompiledCompositeActor.java
-rw-rw-r--   1 travis travis    876 Aug  1 15:25 JavaCompiledCompositeTest4_CompiledCompositeActor$_JavaCompiledCompositeTest4_CompiledCompositeActor.class
-rw-rw-r--   1 travis travis   1625 Aug  1 15:25 JavaCompiledCompositeTest4_CompiledCompositeActor.mk
drwxrwxr-x   3 travis travis  12288 Aug  1 15:20 LookupTable
drwxrwxr-x   3 travis travis  20480 Aug  1 15:20 MaxIndex
-rw-rw-r--   1 travis travis   3925 Aug  1 15:25 ModularCG_A1_B1.class
-rw-rw-r--   1 travis travis   9730 Aug  1 15:25 ModularCG_A1_B1.java
-rw-rw-r--   1 travis travis    832 Aug  1 15:25 ModularCG_A1_B1.mk
-rw-rw-r--   1 travis travis   1318 Aug  1 15:25 ModularCG_A1_B1_profile.class
-rw-rw-r--   1 travis travis   1262 Aug  1 15:25 ModularCG_A1_B1_profile.java
-rw-rw-r--   1 travis travis   3925 Aug  1 15:25 ModularCG_A1_B2.class
-rw-rw-r--   1 travis travis   9730 Aug  1 15:25 ModularCG_A1_B2.java
-rw-rw-r--   1 travis travis    832 Aug  1 15:25 ModularCG_A1_B2.mk
-rw-rw-r--   1 travis travis   1318 Aug  1 15:25 ModularCG_A1_B2_profile.class
-rw-rw-r--   1 travis travis   1262 Aug  1 15:25 ModularCG_A1_B2_profile.java
-rw-rw-r--   1 travis travis   5031 Aug  1 15:25 ModularCG_A1.class
    javac -classpath
.:/home/travis/build/icyphy/ptII:/home/travis/build/icyphy/ptII/lib/bsh-2.0b4.j
ar:/home/travis/build/icyphy/ptII/lib/ptCal.jar:/home/travis/build/icyphy/ptII/
lib/java_cup.jar:/home/travis/build/icyphy/ptII/lib/saxon8.jar:/home/travis/bui
ld/icyphy/ptII/lib/saxon8-dom.jar:/home/travis/build/icyphy/ptII/lib/chic.jar:/
home/travis/build/icyphy/ptII/lib/ptcolt.jar:/home/travis/build/icyphy/ptII/ven
dors/misc/itext/iText.jar:/home/travis/build/icyphy/ptII/lib/g4ltl.jar:/home/tr
avis/build/icyphy/ptII/lib/StructuralCoder.jar:/home/travis/build/icyphy/ptII/l
ib/jcerti.jar:/home/travis/build/icyphy/ptII/lib/javax.mail.jar:/home/travis/bu
ild/icyphy/ptII/vendors/JMF-2.1.1e/lib/jmf.jar:/home/travis/build/icyphy/ptII/l
ib/jna-4.0.0-variadic.jar:/home/travis/build/icyphy/ptII/vendors/misc/joystick/
Joystick.jar:/home/travis/build/icyphy/ptII/lib/ptjacl.jar:/home/travis/build/i
cyphy/ptII/lib/jsoup-1.8.2.jar:/home/travis/build/icyphy/ptII/lib/junit-4.8.2.j
ar:/home/travis/build/icyphy/ptII/lib/JUnitParams-0.4.0.jar:/home/travis/build/
icyphy/ptII/ptolemy/actor/lib/excel/jxl.jar:/home/travis/build/icyphy/ptII/lib/
jython.jar:/home/travis/build/icyphy/ptII/lib/kieler.jar:/home/travis/build/icy
phy/ptII/vendors/opencv/share/OpenCV/java/opencv-341.jar:/home/travis/build/icy
phy/ptII/lib/oscP5.jar:/home/travis/build/icyphy/ptII/lib/nrjavaserial-3.11.0.d
evel.jar:/home/travis/build/icyphy/ptII/vendors/j3d/lib/Linux/j3dcore.jar:/home
/travis/build/icyphy/ptII/vendors/j3d/lib/Linux/j3dutils.jar:/home/travis/build
/icyphy/ptII/vendors/j3d/lib/Linux/vecmath.jar:/home/travis/build/icyphy/ptII/v
endors/jogl/lib/Linux/gluegen-rt-natives-linux-amd64.jar:/home/travis/build/icy
phy/ptII/vendors/jogl/lib/Linux/gluegen-rt.jar:/home/travis/build/icyphy/ptII/v
endors/jogl/lib/Linux/jogl-all-natives-linux-amd64.jar:/home/travis/build/icyph
y/ptII/vendors/jogl/lib/Linux/jogl-all.jar:/home/travis/build/icyphy/ptII/ptole
my/distributed/jini/jar/jini-core.jar:/home/travis/build/icyphy/ptII/ptolemy/di
stributed/jini/jar/jini-ext.jar:/home/travis/build/icyphy/ptII/ptolemy/distribu
ted/jini/jar/sun-util.jar:/home/travis/build/icyphy/ptII/lib/protobuf-java-2.4.
1.jar:/home/travis/build/icyphy/ptII/lib/org.eclipse.paho.client.mqttv3.jar:/ho
me/travis/build/icyphy/ptII/lib/mapss.jar:/home/travis/build/icyphy/ptII/ptolem
y/actor/ptalon/antlr/antlr.jar:/home/travis/build/icyphy/ptII/lib/JRI.jar:/home
/travis/build/icyphy/ptII/lib/commons-lang-2.6.jar:/home/travis/build/icyphy/pt
II/lib/commons-logging-1.1.1.jar:/home/travis/build/icyphy/ptII/lib/sootclasses
.jar:/home/travis/build/icyphy/ptII/ptolemy/actor/lib/database/mysql-connector-
java-5.1.6-bin.jar:/home/travis/build/icyphy/ptII/vendors/misc/sphinx4/sphinx4-
data-5prealpha.jar:/home/travis/build/icyphy/ptII/vendors/misc/sphinx4/sphinx4-
core-5prealpha.jar:/home/travis/build/icyphy/ptII/lib/PDFRenderer.jar:/home/tra
vis/build/icyphy/ptII/lib/svgSalamander.jar:/home/travis/build/icyphy/ptII/lib/
rsyntaxtextarea-2.6.0-SNAPSHOT.jar:/home/travis/build/icyphy/ptII/lib/hazelcast
-3.8.2.jar:/home/travis/build/icyphy/ptII/lib/jackson-annotations-2.9.0.jar:/ho
me/travis/build/icyphy/ptII/lib/jackson-core-2.9.3.jar:/home/travis/build/icyph
y/ptII/lib/jackson-databind-2.9.3.jar:/home/travis/build/icyphy/ptII/lib/netty-
buffer-4.1.19.Final.jar:/home/travis/build/icyphy/ptII/lib/netty-codec-4.1.19.F
inal.jar:/home/travis/build/icyphy/ptII/lib/netty-codec-dns-4.1.19.Final.jar:/h
ome/travis/build/icyphy/ptII/lib/netty-codec-http-4.1.19.Final.jar:/home/travis
/build/icyphy/ptII/lib/netty-codec-http2-4.1.19.Final.jar:/home/travis/build/ic
yphy/ptII/lib/netty-common-4.1.19.Final.jar:/home/travis/build/icyphy/ptII/lib/
netty-handler-4.1.19.Final.jar:/home/travis/build/icyphy/ptII/lib/netty-resolve
r-4.1.19.Final.jar:/home/travis/build/icyphy/ptII/lib/netty-resolver-dns-4.1.19
.Final.jar:/home/travis/build/icyphy/ptII/lib/netty-transport-4.1.19.Final.jar:
/home/travis/build/icyphy/ptII/lib/vertx-codegen-3.5.1.jar:/home/travis/build/i
cyphy/ptII/lib/vertx-core-3.5.2-SNAPSHOT.jar:/home/travis/build/icyphy/ptII/lib
/vertx-hazelcast-3.5.1.jar:/home/travis/build/icyphy/ptII/lib/vertx-lang-js-3.5
.1.jar:/home/travis/build/icyphy/ptII/lib/vertx-service-proxy-3.5.1.jar:/home/t
ravis/build/icyphy/ptII/lib/vertx-web-3.5.1.jar:/home/travis/build/icyphy/ptII/
lib/slf4j-api-1.7.13.jar:/home/travis/build/icyphy/ptII/lib/slf4j-simple-1.7.13
.jar:/home/travis/build/icyphy/ptII/lib/webcam-capture-0.3.12.jar:/home/travis/
build/icyphy/ptII/lib/bridj-0.7.0.jar:/home/travis/build/icyphy/ptII/lib/xbjlib
-1.1.0.nrjavaserial.jar:/home/travis/build/icyphy/ptII/ptolemy/moml/test:/home/
travis/build/icyphy/ptII/ant/lib/ant-launcher.jar:/home/travis/build/icyphy/ptI
I/ant/lib/ant.jar:/home/travis/build/icyphy/ptII/ant/lib/ant-junit.jar:/home/tr
avis/build/icyphy/ptII/ant/lib/ant-junit4.jar:/home/travis/build/icyphy/ptII
ModularCodeGen4_A2_B1_profile.java
-rw-rw-r--   1 travis travis  14742 Aug  1 15:25 ModularCG_A1.java
-rw-rw-r--   1 travis travis    808 Aug  1 15:25 ModularCG_A1.mk
-rw-rw-r--   1 travis travis   1433 Aug  1 15:25 ModularCG_A1_profile.class
-rw-rw-r--   1 travis travis   1704 Aug  1 15:25 ModularCG_A1_profile.java
-rw-rw-r--   1 travis travis   4059 Aug  1 15:25 ModularCG_A2_B1.class
-rw-rw-r--   1 travis travis  10667 Aug  1 15:25 ModularCG_A2_B1.java
-rw-rw-r--   1 travis travis    832 Aug  1 15:25 ModularCG_A2_B1.mk
-rw-rw-r--   1 travis travis   1381 Aug  1 15:25 ModularCG_A2_B1_profile.class
-rw-rw-r--   1 travis travis   1446 Aug  1 15:25 ModularCG_A2_B1_profile.java
-rw-rw-r--   1 travis travis   3925 Aug  1 15:25 ModularCG_A2_B2.class
-rw-rw-r--   1 travis travis   9730 Aug  1 15:25 ModularCG_A2_B2.java
-rw-rw-r--   1 travis travis    832 Aug  1 15:25 ModularCG_A2_B2.mk
-rw-rw-r--   1 travis travis   1318 Aug  1 15:25 ModularCG_A2_B2_profile.class
-rw-rw-r--   1 travis travis   1262 Aug  1 15:25 ModularCG_A2_B2_profile.java
-rw-rw-r--   1 travis travis   5102 Aug  1 15:25 ModularCG_A2.class
-rw-rw-r--   1 travis travis  15129 Aug  1 15:25 ModularCG_A2.java
-rw-rw-r--   1 travis travis    808 Aug  1 15:25 ModularCG_A2.mk
-rw-rw-r--   1 travis travis   1433 Aug  1 15:25 ModularCG_A2_profile.class
-rw-rw-r--   1 travis travis   1704 Aug  1 15:25 ModularCG_A2_profile.java
-rw-rw-r--   1 travis travis   3705 Aug  1 15:25 ModularCGPubSub_A1_A2.class
-rw-rw-r--   1 travis travis   9076 Aug  1 15:25 ModularCGPubSub_A1_A2.java
-rw-rw-r--   1 travis travis    880 Aug  1 15:25 ModularCGPubSub_A1_A2.mk
-rw-rw-r--   1 travis travis   1300 Aug  1 15:25 ModularCGPubSub_A1_A2_profile.class
-rw-rw-r--   1 travis travis   1222 Aug  1 15:25 ModularCGPubSub_A1_A2_profile.java
-rw-rw-r--   1 travis travis   4022 Aug  1 15:25 ModularCGPubSub_A1.class
-rw-rw-r--   1 travis travis   9836 Aug  1 15:25 ModularCGPubSub_A1.java
-rw-rw-r--   1 travis travis    856 Aug  1 15:25 ModularCGPubSub_A1.mk
-rw-rw-r--   1 travis travis   1346 Aug  1 15:25 ModularCGPubSub_A1_profile.class
-rw-rw-r--   1 travis travis   1388 Aug  1 15:25 ModularCGPubSub_A1_profile.java
-rw-rw-r--   1 travis travis   4220 Aug  1 15:25 ModularCodeGen2_ModularCodeGenTypedCompositeActor.class
-rw-rw-r--   1 travis travis  11690 Aug  1 15:25 ModularCodeGen2_ModularCodeGenTypedCompositeActor.java
-rw-rw-r--   1 travis travis   1104 Aug  1 15:25 ModularCodeGen2_ModularCodeGenTypedCompositeActor.mk
-rw-rw-r--   1 travis travis   4504 Aug  1 15:25 ModularCodeGen2_ModularCodeGenTypedCompositeActor_ModularCodeGenTypedCompositeActor.class
-rw-rw-r--   1 travis travis  11790 Aug  1 15:25 ModularCodeGen2_ModularCodeGenTypedCompositeActor_ModularCodeGenTypedCompositeActor.java
-rw-rw-r--   1 travis travis   1376 Aug  1 15:25 ModularCodeGen2_ModularCodeGenTypedCompositeActor_ModularCodeGenTypedCompositeActor.mk
-rw-rw-r--   1 travis travis   1421 Aug  1 15:25 ModularCodeGen2_ModularCodeGenTypedCompositeActor_ModularCodeGenTypedCompositeActor_profile.class
-rw-rw-r--   1 travis travis   1294 Aug  1 15:25 ModularCodeGen2_ModularCodeGenTypedCompositeActor_ModularCodeGenTypedCompositeActor_profile.java
-rw-rw-r--   1 travis travis    820 Aug  1 15:25 ModularCodeGen2_ModularCodeGenTypedCompositeActor_profile.class
-rw-rw-r--   1 travis travis    693 Aug  1 15:25 ModularCodeGen2_ModularCodeGenTypedCompositeActor_profile.java
-rw-rw-r--   1 travis travis   3973 Aug  1 15:25 ModularCodeGen3_A1_B1.class
-rw-rw-r--   1 travis travis   9958 Aug  1 15:25 ModularCodeGen3_A1_B1.java
-rw-rw-r--   1 travis travis    880 Aug  1 15:25 ModularCodeGen3_A1_B1.mk
-rw-rw-r--   1 travis travis   1330 Aug  1 15:25 ModularCodeGen3_A1_B1_profile.class
-rw-rw-r--   1 travis travis   1274 Aug  1 15:25 ModularCodeGen3_A1_B1_profile.java
-rw-rw-r--   1 travis travis   3973 Aug  1 15:26 ModularCodeGen3_A1_B2.class
-rw-rw-r--   1 travis travis   9958 Aug  1 15:26 ModularCodeGen3_A1_B2.java
-rw-rw-r--   1 travis travis    880 Aug  1 15:26 ModularCodeGen3_A1_B2.mk
-rw-rw-r--   1 travis travis   1330 Aug  1 15:26 ModularCodeGen3_A1_B2_profile.class
-rw-rw-r--   1 travis travis   1274 Aug  1 15:25 ModularCodeGen3_A1_B2_profile.java
-rw-rw-r--   1 travis travis   5193 Aug  1 15:26 ModularCodeGen3_A1.class
-rw-rw-r--   1 travis travis  15564 Aug  1 15:26 ModularCodeGen3_A1.java
-rw-rw-r--   1 travis travis    856 Aug  1 15:26 ModularCodeGen3_A1.mk
-rw-rw-r--   1 travis travis   1445 Aug  1 15:26 ModularCodeGen3_A1_profile.class
-rw-rw-r--   1 travis travis   1716 Aug  1 15:26 ModularCodeGen3_A1_profile.java
-rw-rw-r--   1 travis travis   4119 Aug  1 15:26 ModularCodeGen3_A2_B1.class
-rw-rw-r--   1 travis travis  10955 Aug  1 15:26 ModularCodeGen3_A2_B1.java
-rw-rw-r--   1 travis travis    880 Aug  1 15:26 ModularCodeGen3_A2_B1.mk
-rw-rw-r--   1 travis travis   1393 Aug  1 15:26 ModularCodeGen3_A2_B1_profile.class
-rw-rw-r--   1 travis travis   1458 Aug  1 15:26 ModularCodeGen3_A2_B1_profile.java
-rw-rw-r--   1 travis travis   3973 Aug  1 15:26 ModularCodeGen3_A2_B2.class
-rw-rw-r--   1 travis travis   9958 Aug  1 15:26 ModularCodeGen3_A2_B2.java
-rw-rw-r--   1 travis travis    880 Aug  1 15:26 ModularCodeGen3_A2_B2.mk
-rw-rw-r--   1 travis travis   1330 Aug  1 15:26 ModularCodeGen3_A2_B2_profile.class
-rw-rw-r--   1 travis travis   1274 Aug  1 15:26 ModularCodeGen3_A2_B2_profile.java
-rw-rw-r--   1 travis travis   5270 Aug  1 15:26 ModularCodeGen3_A2.class
-rw-rw-r--   1 travis travis  15957 Aug  1 15:26 ModularCodeGen3_A2.java
-rw-rw-r--   1 travis travis    856 Aug  1 15:26 ModularCodeGen3_A2.mk
-rw-rw-r--   1 travis travis   1445 Aug  1 15:26 ModularCodeGen3_A2_profile.class
-rw-rw-r--   1 travis travis   1716 Aug  1 15:26 ModularCodeGen3_A2_profile.java
-rw-rw-r--   1 travis travis   4026 Aug  1 15:26 ModularCodeGen4_A1_B1.class
-rw-rw-r--   1 travis travis  10312 Aug  1 15:26 ModularCodeGen4_A1_B1.java
-rw-rw-r--   1 travis travis    880 Aug  1 15:26 ModularCodeGen4_A1_B1.mk
-rw-rw-r--   1 travis travis   1330 Aug  1 15:26 ModularCodeGen4_A1_B1_profile.class
-rw-rw-r--   1 travis travis   1273 Aug  1 15:26 ModularCodeGen4_A1_B1_profile.java
-rw-rw-r--   1 travis travis   4026 Aug  1 15:26 ModularCodeGen4_A1_B2.class
-rw-rw-r--   1 travis travis  10312 Aug  1 15:26 ModularCodeGen4_A1_B2.java
-rw-rw-r--   1 travis travis    880 Aug  1 15:26 ModularCodeGen4_A1_B2.mk
-rw-rw-r--   1 travis travis   1330 Aug  1 15:26 ModularCodeGen4_A1_B2_profile.class
-rw-rw-r--   1 travis travis   1273 Aug  1 15:26 ModularCodeGen4_A1_B2_profile.java
-rw-rw-r--   1 travis travis   5333 Aug  1 15:26 ModularCodeGen4_A1.class
-rw-rw-r--   1 travis travis  16245 Aug  1 15:26 ModularCodeGen4_A1.java
-rw-rw-r--   1 travis travis    856 Aug  1 15:26 ModularCodeGen4_A1.mk
-rw-rw-r--   1 travis travis   1445 Aug  1 15:26 ModularCodeGen4_A1_profile.class
-rw-rw-r--   1 travis travis   1712 Aug  1 15:26 ModularCodeGen4_A1_profile.java
-rw-rw-r--   1 travis travis   1454 Aug  1 15:26 ModularCodeGen4_A2_B1_profile.java
-rw-rw-r--   1 travis travis   4186 Aug  1 15:25 ModularCodeGen_ModularCodeGenTypedCompositeActor.class
-rw-rw-r--   1 travis travis  10970 Aug  1 15:25 ModularCodeGen_ModularCodeGenTypedCompositeActor.java
-rw-rw-r--   1 travis travis   1096 Aug  1 15:25 ModularCodeGen_ModularCodeGenTypedCompositeActor.mk
-rw-rw-r--   1 travis travis   1384 Aug  1 15:25 ModularCodeGen_ModularCodeGenTypedCompositeActor_profile.class
-rw-rw-r--   1 travis travis   1328 Aug  1 15:25 ModularCodeGen_ModularCodeGenTypedCompositeActor_profile.java
-rw-rw-r--   1 travis travis   3724 Aug  1 15:25 ModularCodeGenTest_A1_A2.class
-rw-rw-r--   1 travis travis   9164 Aug  1 15:25 ModularCodeGenTest_A1_A2.java
-rw-rw-r--   1 travis travis   1306 Aug  1 15:25 ModularCodeGenTest_A1_A2_profile.class
-rw-rw-r--   1 travis travis   4055 Aug  1 15:25 ModularCodeGenTest_A1.class
-rw-rw-r--   1 travis travis   9968 Aug  1 15:25 ModularCodeGenTest_A1.java
-rw-rw-r--   1 travis travis    880 Aug  1 15:25 ModularCodeGenTest_A1.mk
-rw-rw-r--   1 travis travis   1352 Aug  1 15:25 ModularCodeGenTest_A1_profile.class
-rw-rw-r--   1 travis travis   1394 Aug  1 15:25 ModularCodeGenTest_A1_profile.java
drwxrwxr-x   3 travis travis  32768 Aug  1 15:24 modulation2
drwxrwxr-x 183 travis travis  12288 Aug  1 15:25 node_modules
drwxrwxr-x   3 travis travis  20480 Aug  1 15:21 PhaseUnwrap
drwxrwxr-x   3 travis travis  12288 Aug  1 15:21 ReadFile1
-rw-rw-r--   1 travis travis     11 Aug  1 15:21 ReadFile1Output.txt
-rw-rw-r--   1 travis travis  13773 Aug  1 15:24 Repeat.class
-rw-rw-r--   1 travis travis    685 Aug  1 15:24 Repeat$_fireFunction_Repeat_Repeat$__f_sL_11.class
-rw-rw-r--   1 travis travis    541 Aug  1 15:24 Repeat$_fireFunction_Repeat_Repeat$__f_sL_12.class
-rw-rw-r--   1 travis travis    541 Aug  1 15:24 Repeat$_fireFunction_Repeat_Repeat$__f_sL_13.class
-rw-rw-r--   1 travis travis    541 Aug  1 15:24 Repeat$_fireFunction_Repeat_Repeat$__f_sL_14.class
-rw-rw-r--   1 travis travis    684 Aug  1 15:24 Repeat$_fireFunction_Repeat_Repeat$__f_sL_1.class
-rw-rw-r--   1 travis travis    683 Aug  1 15:24 Repeat$_fireFunction_Repeat_Repeat$__f_sL_4.class
-rw-rw-r--   1 travis travis    539 Aug  1 15:24 Repeat$_fireFunction_Repeat_Repeat$__f_sL_9.class
-rw-rw-r--   1 travis travis    494 Aug  1 15:24 Repeat$_initialize_Repeat$__i_sL_2.class
-rw-rw-r--   1 travis travis   1281 Aug  1 15:24 Repeat.mk
-rw-rw-r--   1 travis travis    539 Aug  1 15:24 Repeat$_preinitializeMethod_Repeat$__p_sL_0.class
-rw-rw-r--   1 travis travis   1102 Aug  1 15:24 Repeat$_Repeat$_fireFunction_Repeat_AddSubtract_Repeat.class
-rw-rw-r--   1 travis travis    810 Aug  1 15:24 Repeat$_Repeat$_fireFunction_Repeat_AddSubtract_Repeat$__f_sL_0.class
-rw-rw-r--   1 travis travis    928 Aug  1 15:24 Repeat$_Repeat$_fireFunction_Repeat_AddSubtract_Repeat$__f_sL_1.class
-rw-rw-r--   1 travis travis    934 Aug  1 15:24 Repeat$_Repeat$_fireFunction_Repeat_AddSubtract_Repeat$__f_sL_2.class
-rw-rw-r--   1 travis travis    862 Aug  1 15:24 Repeat$_Repeat$_fireFunction_Repeat_AddSubtract_Repeat$__f_sL_3.class
-rw-rw-r--   1 travis travis    757 Aug  1 15:24 Repeat$_Repeat$_fireFunction_Repeat_Ramp2_Repeat$__f_sL_0.class
-rw-rw-r--   1 travis travis    888 Aug  1 15:24 Repeat$_Repeat$_fireFunction_Repeat_Test_Repeat$__f_sL_0.class
-rw-rw-r--   1 travis travis    634 Aug  1 15:24 Repeat$_Repeat$_fireFunction_Repeat_Test_Repeat$__f_sL_1.class
-rw-rw-r--   1 travis travis    704 Aug  1 15:24 Repeat$_Repeat_SDF_Director_run_Repeat$__R_sL_0.class
-rw-rw-r--   1 travis travis    705 Aug  1 15:24 Repeat$_Repeat_SDF_Director_run_Repeat$__R_sL_11.class
-rw-rw-r--   1 travis travis    561 Aug  1 15:24 Repeat$_Repeat_SDF_Director_run_Repeat$__R_sL_13.class
-rw-rw-r--   1 travis travis    559 Aug  1 15:24 Repeat$_Repeat_SDF_Director_run_Repeat$__R_sL_2.class
-rw-rw-r--   1 travis travis    703 Aug  1 15:24 Repeat$_Repeat_SDF_Director_run_Repeat$__R_sL_3.class
-rw-rw-r--   1 travis travis    559 Aug  1 15:24 Repeat$_Repeat_SDF_Director_run_Repeat$__R_sL_5.class
-rw-rw-r--   1 travis travis    559 Aug  1 15:24 Repeat$_Repeat_SDF_Director_run_Repeat$__R_sL_8.class
drwxrwxr-x   2 travis travis   4096 Aug  1 15:24 RepeatVariables
-rw-rw-r--   1 travis travis    882 Aug  1 15:24 Repeat$_varinit_Repeat.class
-rw-rw-r--   1 travis travis    550 Aug  1 15:24 Repeat$_varinit_Repeat$__v_sL_2.class
-rw-rw-r--   1 travis travis    924 Aug  1 15:24 Repeat$_varinit_Repeat$__v_sL_4.class
-rw-rw-r--   1 travis travis    978 Aug  1 15:24 Repeat$_wrapup_Repeat$__w_sL_1.class
drwxrwxr-x   3 travis travis  20480 Aug  1 15:21 Sinewave
drwxrwxr-x   3 travis travis  32768 Aug  1 15:23 StringFunction
drwxrwxr-x   3 travis travis  12288 Aug  1 15:23 StringLength
drwxrwxr-x   3 travis travis  61440 Aug  1 15:23 StringMatches2
drwxrwxr-x   3 travis travis  61440 Aug  1 15:23 StringSimpleReplace
drwxrwxr-x   3 travis travis  65536 Aug  1 15:23 StringSubstring
drwxrwxr-x   3 travis travis  24576 Aug  1 15:24 StringSubstring2
drwxrwxr-x   3 travis travis  16384 Aug  1 15:24 time1
drwxrwxr-x   3 travis travis  12288 Aug  1 15:24 time5
-rw-rw-r--   1 travis travis    432 Aug  1 15:26 Token.class
-rw-rw-r--   1 travis travis    251 Aug  1 15:26 Token.java
-rwxrwxr-x   1 travis travis 466992 Aug  1 15:18 top
-rw-rw-r--   1 travis travis  20502 Aug  1 15:18 top.c
-rw-rw-r--   1 travis travis   3799 Aug  1 15:24 top.class
-rw-rw-r--   1 travis travis   1257 Aug  1 15:24 top.mk
All Done
Writing ModularCodeGen4_A2_B1.java in file:/home/travis/cg/ (11375 characters)
Reading "ptolemy/cg/kernel/generic/program/procedural/java/modular/makefile.in",
    writing "/home/travis/cg/ModularCodeGen4_A2_B1.mk"
Using ptolemy/cg/kernel/generic/program/procedural/java/modular/makefile.in
In "/home/travis/cg", about to execute:
    make -f ModularCodeGen4_A2_B1.mk
javac -classpath ".:.."    ModularCodeGen4_A2_B1.java
All Done
In "/home/travis/cg", about to execute:
    pwd
/home/travis/cg
In "/home/travis/cg", about to execute:
    ls -l
total 2044
drwxrwxr-x   3 travis travis  12288 Aug  1 15:20 AbsoluteValue
drwxrwxr-x   3 travis travis 102400 Aug  1 15:19 AllColt
drwxrwxr-x   3 travis travis  12288 Aug  1 15:19 Case1
-rw-rw-r--   1 travis travis   5128 Aug  1 15:25 CompiledCompositeActor_CompiledCompositeActor.class
-rw-rw-r--   1 travis travis   1611 Aug  1 15:25 CompiledCompositeActor_CompiledCompositeActor$_CompiledCompositeActor_CompiledCompositeActor.class
-rw-rw-r--   1 travis travis  13466 Aug  1 15:25 CompiledCompositeActor_CompiledCompositeActor.java
-rw-rw-r--   1 travis travis   1593 Aug  1 15:25 CompiledCompositeActor_CompiledCompositeActor.mk
drwxrwxr-x   5 travis travis   4096 Aug  1 15:18 fmi
drwxrwxr-x   3 travis travis  16384 Aug  1 15:20 Gaussian2
-rw-rw-r--   1 travis travis   4684 Aug  1 15:25 JavaCompiledCompositeTest1_CompiledCompositeActor.class
-rw-rw-r--   1 travis travis  11637 Aug  1 15:25 JavaCompiledCompositeTest1_CompiledCompositeActor.java
-rw-rw-r--   1 travis travis   1217 Aug  1 15:25 JavaCompiledCompositeTest1_CompiledCompositeActor$_JavaCompiledCompositeTest1_CompiledCompositeActor.class
-rw-rw-r--   1 travis travis   1625 Aug  1 15:25 JavaCompiledCompositeTest1_CompiledCompositeActor.mk
-rw-rw-r--   1 travis travis   5115 Aug  1 15:25 JavaCompiledCompositeTest2_CompiledCompositeActor.class
-rw-rw-r--   1 travis travis  14919 Aug  1 15:25 JavaCompiledCompositeTest2_CompiledCompositeActor.java
-rw-rw-r--   1 travis travis   1812 Aug  1 15:25 JavaCompiledCompositeTest2_CompiledCompositeActor$_JavaCompiledCompositeTest2_CompiledCompositeActor.class
-rw-rw-r--   1 travis travis   1625 Aug  1 15:25 JavaCompiledCompositeTest2_CompiledCompositeActor.mk
-rw-rw-r--   1 travis travis   4732 Aug  1 15:25 JavaCompiledCompositeTest3_CompiledCompositeActor.class
-rw-rw-r--   1 travis travis  13080 Aug  1 15:25 JavaCompiledCompositeTest3_CompiledCompositeActor.java
-rw-rw-r--   1 travis travis   1397 Aug  1 15:25 JavaCompiledCompositeTest3_CompiledCompositeActor$_JavaCompiledCompositeTest3_CompiledCompositeActor.class
-rw-rw-r--   1 travis travis   1625 Aug  1 15:25 JavaCompiledCompositeTest3_CompiledCompositeActor.mk
-rw-rw-r--   1 travis travis   4183 Aug  1 15:25 JavaCompiledCompositeTest4_CompiledCompositeActor.class
-rw-rw-r--   1 travis travis   9687 Aug  1 15:25 JavaCompiledCompositeTest4_CompiledCompositeActor.java
-rw-rw-r--   1 travis travis    876 Aug  1 15:25 JavaCompiledCompositeTest4_CompiledCompositeActor$_JavaCompiledCompositeTest4_CompiledCompositeActor.class
-rw-rw-r--   1 travis travis   1625 Aug  1 15:25 JavaCompiledCompositeTest4_CompiledCompositeActor.mk
drwxrwxr-x   3 travis travis  12288 Aug  1 15:20 LookupTable
drwxrwxr-x   3 travis travis  20480 Aug  1 15:20 MaxIndex
-rw-rw-r--   1 travis travis   3925 Aug  1 15:25 ModularCG_A1_B1.class
-rw-rw-r--   1 travis travis   9730 Aug  1 15:25 ModularCG_A1_B1.java
-rw-rw-r--   1 travis travis    832 Aug  1 15:25 ModularCG_A1_B1.mk
-rw-rw-r--   1 travis travis   1318 Aug  1 15:25 ModularCG_A1_B1_profile.class
-rw-rw-r--   1 travis travis   1262 Aug  1 15:25 ModularCG_A1_B1_profile.java
-rw-rw-r--   1 travis travis   3925 Aug  1 15:25 ModularCG_A1_B2.class
-rw-rw-r--   1 travis travis   9730 Aug  1 15:25 ModularCG_A1_B2.java
In "/home/travis/cg", about to execute:
    javac -classpath
.:/home/travis/build/icyphy/ptII:/home/travis/build/icyphy/ptII/lib/bsh-2.0b4.j
ar:/home/travis/build/icyphy/ptII/lib/ptCal.jar:/home/travis/build/icyphy/ptII/
lib/java_cup.jar:/home/travis/build/icyphy/ptII/lib/saxon8.jar:/home/travis/bui
ld/icyphy/ptII/lib/saxon8-dom.jar:/home/travis/build/icyphy/ptII/lib/chic.jar:/
home/travis/build/icyphy/ptII/lib/ptcolt.jar:/home/travis/build/icyphy/ptII/ven
dors/misc/itext/iText.jar:/home/travis/build/icyphy/ptII/lib/g4ltl.jar:/home/tr
avis/build/icyphy/ptII/lib/StructuralCoder.jar:/home/travis/build/icyphy/ptII/l
ib/jcerti.jar:/home/travis/build/icyphy/ptII/lib/javax.mail.jar:/home/travis/bu
ild/icyphy/ptII/vendors/JMF-2.1.1e/lib/jmf.jar:/home/travis/build/icyphy/ptII/l
ib/jna-4.0.0-variadic.jar:/home/travis/build/icyphy/ptII/vendors/misc/joystick/
Joystick.jar:/home/travis/build/icyphy/ptII/lib/ptjacl.jar:/home/travis/build/i
cyphy/ptII/lib/jsoup-1.8.2.jar:/home/travis/build/icyphy/ptII/lib/junit-4.8.2.j
ar:/home/travis/build/icyphy/ptII/lib/JUnitParams-0.4.0.jar:/home/travis/build/
icyphy/ptII/ptolemy/actor/lib/excel/jxl.jar:/home/travis/build/icyphy/ptII/lib/
jython.jar:/home/travis/build/icyphy/ptII/lib/kieler.jar:/home/travis/build/icy
phy/ptII/vendors/opencv/share/OpenCV/java/opencv-341.jar:/home/travis/build/icy
phy/ptII/lib/oscP5.jar:/home/travis/build/icyphy/ptII/lib/nrjavaserial-3.11.0.d
evel.jar:/home/travis/build/icyphy/ptII/vendors/j3d/lib/Linux/j3dcore.jar:/home
/travis/build/icyphy/ptII/vendors/j3d/lib/Linux/j3dutils.jar:/home/travis/build
/icyphy/ptII/vendors/j3d/lib/Linux/vecmath.jar:/home/travis/build/icyphy/ptII/v
endors/jogl/lib/Linux/gluegen-rt-natives-linux-amd64.jar:/home/travis/build/icy
phy/ptII/vendors/jogl/lib/Linux/gluegen-rt.jar:/home/travis/build/icyphy/ptII/v
endors/jogl/lib/Linux/jogl-all-natives-linux-amd64.jar:/home/travis/build/icyph
y/ptII/vendors/jogl/lib/Linux/jogl-all.jar:/home/travis/build/icyphy/ptII/ptole
my/distributed/jini/jar/jini-core.jar:/home/travis/build/icyphy/ptII/ptolemy/di
stributed/jini/jar/jini-ext.jar:/home/travis/build/icyphy/ptII/ptolemy/distribu
ted/jini/jar/sun-util.jar:/home/travis/build/icyphy/ptII/lib/protobuf-java-2.4.
1.jar:/home/travis/build/icyphy/ptII/lib/org.eclipse.paho.client.mqttv3.jar:/ho
me/travis/build/icyphy/ptII/lib/mapss.jar:/home/travis/build/icyphy/ptII/ptolem
y/actor/ptalon/antlr/antlr.jar:/home/travis/build/icyphy/ptII/lib/JRI.jar:/home
/travis/build/icyphy/ptII/lib/commons-lang-2.6.jar:/home/travis/build/icyphy/pt
II/lib/commons-logging-1.1.1.jar:/home/travis/build/icyphy/ptII/lib/sootclasses
.jar:/home/travis/build/icyphy/ptII/ptolemy/actor/lib/database/mysql-connector-
java-5.1.6-bin.jar:/home/travis/build/icyphy/ptII/vendors/misc/sphinx4/sphinx4-
data-5prealpha.jar:/home/travis/build/icyphy/ptII/vendors/misc/sphinx4/sphinx4-
core-5prealpha.jar:/home/travis/build/icyphy/ptII/lib/PDFRenderer.jar:/home/tra
vis/build/icyphy/ptII/lib/svgSalamander.jar:/home/travis/build/icyphy/ptII/lib/
rsyntaxtextarea-2.6.0-SNAPSHOT.jar:/home/travis/build/icyphy/ptII/lib/hazelcast
-3.8.2.jar:/home/travis/build/icyphy/ptII/lib/jackson-annotations-2.9.0.jar:/ho
me/travis/build/icyphy/ptII/lib/jackson-core-2.9.3.jar:/home/travis/build/icyph
y/ptII/lib/jackson-databind-2.9.3.jar:/home/travis/build/icyphy/ptII/lib/netty-
buffer-4.1.19.Final.jar:/home/travis/build/icyphy/ptII/lib/netty-codec-4.1.19.F
inal.jar:/home/travis/build/icyphy/ptII/lib/netty-codec-dns-4.1.19.Final.jar:/h
ome/travis/build/icyphy/ptII/lib/netty-codec-http-4.1.19.Final.jar:/home/travis
/build/icyphy/ptII/lib/netty-codec-http2-4.1.19.Final.jar:/home/travis/build/ic
yphy/ptII/lib/netty-common-4.1.19.Final.jar:/home/travis/build/icyphy/ptII/lib/
netty-handler-4.1.19.Final.jar:/home/travis/build/icyphy/ptII/lib/netty-resolve
r-4.1.19.Final.jar:/home/travis/build/icyphy/ptII/lib/netty-resolver-dns-4.1.19
.Final.jar:/home/travis/build/icyphy/ptII/lib/netty-transport-4.1.19.Final.jar:
/home/travis/build/icyphy/ptII/lib/vertx-codegen-3.5.1.jar:/home/travis/build/i
cyphy/ptII/lib/vertx-core-3.5.2-SNAPSHOT.jar:/home/travis/build/icyphy/ptII/lib
/vertx-hazelcast-3.5.1.jar:/home/travis/build/icyphy/ptII/lib/vertx-lang-js-3.5
.1.jar:/home/travis/build/icyphy/ptII/lib/vertx-service-proxy-3.5.1.jar:/home/t
ravis/build/icyphy/ptII/lib/vertx-web-3.5.1.jar:/home/travis/build/icyphy/ptII/
lib/slf4j-api-1.7.13.jar:/home/travis/build/icyphy/ptII/lib/slf4j-simple-1.7.13
.jar:/home/travis/build/icyphy/ptII/lib/webcam-capture-0.3.12.jar:/home/travis/
build/icyphy/ptII/lib/bridj-0.7.0.jar:/home/travis/build/icyphy/ptII/lib/xbjlib
-1.1.0.nrjavaserial.jar:/home/travis/build/icyphy/ptII/ptolemy/moml/test:/home/
travis/build/icyphy/ptII/ant/lib/ant-launcher.jar:/home/travis/build/icyphy/ptI
I/ant/lib/ant.jar:/home/travis/build/icyphy/ptII/ant/lib/ant-junit.jar:/home/tr
avis/build/icyphy/ptII/ant/lib/ant-junit4.jar:/home/travis/build/icyphy/ptII
ModularCodeGen4_A2_B2_profile.java
-rw-rw-r--   1 travis travis    832 Aug  1 15:25 ModularCG_A1_B2.mk
-rw-rw-r--   1 travis travis   1318 Aug  1 15:25 ModularCG_A1_B2_profile.class
-rw-rw-r--   1 travis travis   1262 Aug  1 15:25 ModularCG_A1_B2_profile.java
-rw-rw-r--   1 travis travis   5031 Aug  1 15:25 ModularCG_A1.class
-rw-rw-r--   1 travis travis  14742 Aug  1 15:25 ModularCG_A1.java
-rw-rw-r--   1 travis travis    808 Aug  1 15:25 ModularCG_A1.mk
-rw-rw-r--   1 travis travis   1433 Aug  1 15:25 ModularCG_A1_profile.class
-rw-rw-r--   1 travis travis   1704 Aug  1 15:25 ModularCG_A1_profile.java
-rw-rw-r--   1 travis travis   4059 Aug  1 15:25 ModularCG_A2_B1.class
-rw-rw-r--   1 travis travis  10667 Aug  1 15:25 ModularCG_A2_B1.java
-rw-rw-r--   1 travis travis    832 Aug  1 15:25 ModularCG_A2_B1.mk
-rw-rw-r--   1 travis travis   1381 Aug  1 15:25 ModularCG_A2_B1_profile.class
-rw-rw-r--   1 travis travis   1446 Aug  1 15:25 ModularCG_A2_B1_profile.java
-rw-rw-r--   1 travis travis   3925 Aug  1 15:25 ModularCG_A2_B2.class
-rw-rw-r--   1 travis travis   9730 Aug  1 15:25 ModularCG_A2_B2.java
-rw-rw-r--   1 travis travis    832 Aug  1 15:25 ModularCG_A2_B2.mk
-rw-rw-r--   1 travis travis   1318 Aug  1 15:25 ModularCG_A2_B2_profile.class
-rw-rw-r--   1 travis travis   1262 Aug  1 15:25 ModularCG_A2_B2_profile.java
-rw-rw-r--   1 travis travis   5102 Aug  1 15:25 ModularCG_A2.class
-rw-rw-r--   1 travis travis  15129 Aug  1 15:25 ModularCG_A2.java
-rw-rw-r--   1 travis travis    808 Aug  1 15:25 ModularCG_A2.mk
-rw-rw-r--   1 travis travis   1433 Aug  1 15:25 ModularCG_A2_profile.class
-rw-rw-r--   1 travis travis   1704 Aug  1 15:25 ModularCG_A2_profile.java
-rw-rw-r--   1 travis travis   3705 Aug  1 15:25 ModularCGPubSub_A1_A2.class
-rw-rw-r--   1 travis travis   9076 Aug  1 15:25 ModularCGPubSub_A1_A2.java
-rw-rw-r--   1 travis travis    880 Aug  1 15:25 ModularCGPubSub_A1_A2.mk
-rw-rw-r--   1 travis travis   1300 Aug  1 15:25 ModularCGPubSub_A1_A2_profile.class
-rw-rw-r--   1 travis travis   1222 Aug  1 15:25 ModularCGPubSub_A1_A2_profile.java
-rw-rw-r--   1 travis travis   4022 Aug  1 15:25 ModularCGPubSub_A1.class
-rw-rw-r--   1 travis travis   9836 Aug  1 15:25 ModularCGPubSub_A1.java
-rw-rw-r--   1 travis travis    856 Aug  1 15:25 ModularCGPubSub_A1.mk
-rw-rw-r--   1 travis travis   1346 Aug  1 15:25 ModularCGPubSub_A1_profile.class
-rw-rw-r--   1 travis travis   1388 Aug  1 15:25 ModularCGPubSub_A1_profile.java
-rw-rw-r--   1 travis travis   4220 Aug  1 15:25 ModularCodeGen2_ModularCodeGenTypedCompositeActor.class
-rw-rw-r--   1 travis travis  11690 Aug  1 15:25 ModularCodeGen2_ModularCodeGenTypedCompositeActor.java
-rw-rw-r--   1 travis travis   1104 Aug  1 15:25 ModularCodeGen2_ModularCodeGenTypedCompositeActor.mk
-rw-rw-r--   1 travis travis   4504 Aug  1 15:25 ModularCodeGen2_ModularCodeGenTypedCompositeActor_ModularCodeGenTypedCompositeActor.class
-rw-rw-r--   1 travis travis  11790 Aug  1 15:25 ModularCodeGen2_ModularCodeGenTypedCompositeActor_ModularCodeGenTypedCompositeActor.java
-rw-rw-r--   1 travis travis   1376 Aug  1 15:25 ModularCodeGen2_ModularCodeGenTypedCompositeActor_ModularCodeGenTypedCompositeActor.mk
-rw-rw-r--   1 travis travis   1421 Aug  1 15:25 ModularCodeGen2_ModularCodeGenTypedCompositeActor_ModularCodeGenTypedCompositeActor_profile.class
-rw-rw-r--   1 travis travis   1294 Aug  1 15:25 ModularCodeGen2_ModularCodeGenTypedCompositeActor_ModularCodeGenTypedCompositeActor_profile.java
-rw-rw-r--   1 travis travis    820 Aug  1 15:25 ModularCodeGen2_ModularCodeGenTypedCompositeActor_profile.class
-rw-rw-r--   1 travis travis    693 Aug  1 15:25 ModularCodeGen2_ModularCodeGenTypedCompositeActor_profile.java
-rw-rw-r--   1 travis travis   3973 Aug  1 15:25 ModularCodeGen3_A1_B1.class
-rw-rw-r--   1 travis travis   9958 Aug  1 15:25 ModularCodeGen3_A1_B1.java
-rw-rw-r--   1 travis travis    880 Aug  1 15:25 ModularCodeGen3_A1_B1.mk
-rw-rw-r--   1 travis travis   1330 Aug  1 15:25 ModularCodeGen3_A1_B1_profile.class
-rw-rw-r--   1 travis travis   1274 Aug  1 15:25 ModularCodeGen3_A1_B1_profile.java
-rw-rw-r--   1 travis travis   3973 Aug  1 15:26 ModularCodeGen3_A1_B2.class
-rw-rw-r--   1 travis travis   9958 Aug  1 15:26 ModularCodeGen3_A1_B2.java
-rw-rw-r--   1 travis travis    880 Aug  1 15:26 ModularCodeGen3_A1_B2.mk
-rw-rw-r--   1 travis travis   1330 Aug  1 15:26 ModularCodeGen3_A1_B2_profile.class
-rw-rw-r--   1 travis travis   1274 Aug  1 15:25 ModularCodeGen3_A1_B2_profile.java
-rw-rw-r--   1 travis travis   5193 Aug  1 15:26 ModularCodeGen3_A1.class
-rw-rw-r--   1 travis travis  15564 Aug  1 15:26 ModularCodeGen3_A1.java
-rw-rw-r--   1 travis travis    856 Aug  1 15:26 ModularCodeGen3_A1.mk
-rw-rw-r--   1 travis travis   1445 Aug  1 15:26 ModularCodeGen3_A1_profile.class
-rw-rw-r--   1 travis travis   1716 Aug  1 15:26 ModularCodeGen3_A1_profile.java
-rw-rw-r--   1 travis travis   4119 Aug  1 15:26 ModularCodeGen3_A2_B1.class
-rw-rw-r--   1 travis travis  10955 Aug  1 15:26 ModularCodeGen3_A2_B1.java
-rw-rw-r--   1 travis travis    880 Aug  1 15:26 ModularCodeGen3_A2_B1.mk
-rw-rw-r--   1 travis travis   1393 Aug  1 15:26 ModularCodeGen3_A2_B1_profile.class
-rw-rw-r--   1 travis travis   1458 Aug  1 15:26 ModularCodeGen3_A2_B1_profile.java
-rw-rw-r--   1 travis travis   3973 Aug  1 15:26 ModularCodeGen3_A2_B2.class
-rw-rw-r--   1 travis travis   9958 Aug  1 15:26 ModularCodeGen3_A2_B2.java
-rw-rw-r--   1 travis travis    880 Aug  1 15:26 ModularCodeGen3_A2_B2.mk
-rw-rw-r--   1 travis travis   1330 Aug  1 15:26 ModularCodeGen3_A2_B2_profile.class
-rw-rw-r--   1 travis travis   1274 Aug  1 15:26 ModularCodeGen3_A2_B2_profile.java
-rw-rw-r--   1 travis travis   5270 Aug  1 15:26 ModularCodeGen3_A2.class
-rw-rw-r--   1 travis travis  15957 Aug  1 15:26 ModularCodeGen3_A2.java
-rw-rw-r--   1 travis travis    856 Aug  1 15:26 ModularCodeGen3_A2.mk
-rw-rw-r--   1 travis travis   1445 Aug  1 15:26 ModularCodeGen3_A2_profile.class
-rw-rw-r--   1 travis travis   1716 Aug  1 15:26 ModularCodeGen3_A2_profile.java
-rw-rw-r--   1 travis travis   4026 Aug  1 15:26 ModularCodeGen4_A1_B1.class
-rw-rw-r--   1 travis travis  10312 Aug  1 15:26 ModularCodeGen4_A1_B1.java
-rw-rw-r--   1 travis travis    880 Aug  1 15:26 ModularCodeGen4_A1_B1.mk
-rw-rw-r--   1 travis travis   1330 Aug  1 15:26 ModularCodeGen4_A1_B1_profile.class
-rw-rw-r--   1 travis travis   1273 Aug  1 15:26 ModularCodeGen4_A1_B1_profile.java
-rw-rw-r--   1 travis travis   4026 Aug  1 15:26 ModularCodeGen4_A1_B2.class
-rw-rw-r--   1 travis travis  10312 Aug  1 15:26 ModularCodeGen4_A1_B2.java
-rw-rw-r--   1 travis travis    880 Aug  1 15:26 ModularCodeGen4_A1_B2.mk
-rw-rw-r--   1 travis travis   1330 Aug  1 15:26 ModularCodeGen4_A1_B2_profile.class
-rw-rw-r--   1 travis travis   1273 Aug  1 15:26 ModularCodeGen4_A1_B2_profile.java
-rw-rw-r--   1 travis travis   5333 Aug  1 15:26 ModularCodeGen4_A1.class
-rw-rw-r--   1 travis travis  16245 Aug  1 15:26 ModularCodeGen4_A1.java
-rw-rw-r--   1 travis travis    856 Aug  1 15:26 ModularCodeGen4_A1.mk
-rw-rw-r--   1 travis travis   1445 Aug  1 15:26 ModularCodeGen4_A1_profile.class
-rw-rw-r--   1 travis travis   1712 Aug  1 15:26 ModularCodeGen4_A1_profile.java
-rw-rw-r--   1 travis travis   4220 Aug  1 15:26 ModularCodeGen4_A2_B1.class
-rw-rw-r--   1 travis travis  11375 Aug  1 15:26 ModularCodeGen4_A2_B1.java
-rw-rw-r--   1 travis travis    880 Aug  1 15:26 ModularCodeGen4_A2_B1.mk
-rw-rw-r--   1 travis travis   1393 Aug  1 15:26 ModularCodeGen4_A2_B1_profile.class
-rw-rw-r--   1 travis travis   1454 Aug  1 15:26 ModularCodeGen4_A2_B1_profile.java
-rw-rw-r--   1 travis travis   1270 Aug  1 15:26 ModularCodeGen4_A2_B2_profile.java
-rw-rw-r--   1 travis travis   4186 Aug  1 15:25 ModularCodeGen_ModularCodeGenTypedCompositeActor.class
-rw-rw-r--   1 travis travis  10970 Aug  1 15:25 ModularCodeGen_ModularCodeGenTypedCompositeActor.java
-rw-rw-r--   1 travis travis   1096 Aug  1 15:25 ModularCodeGen_ModularCodeGenTypedCompositeActor.mk
-rw-rw-r--   1 travis travis   1384 Aug  1 15:25 ModularCodeGen_ModularCodeGenTypedCompositeActor_profile.class
-rw-rw-r--   1 travis travis   1328 Aug  1 15:25 ModularCodeGen_ModularCodeGenTypedCompositeActor_profile.java
-rw-rw-r--   1 travis travis   3724 Aug  1 15:25 ModularCodeGenTest_A1_A2.class
-rw-rw-r--   1 travis travis   9164 Aug  1 15:25 ModularCodeGenTest_A1_A2.java
-rw-rw-r--   1 travis travis   1306 Aug  1 15:25 ModularCodeGenTest_A1_A2_profile.class
-rw-rw-r--   1 travis travis   4055 Aug  1 15:25 ModularCodeGenTest_A1.class
-rw-rw-r--   1 travis travis   9968 Aug  1 15:25 ModularCodeGenTest_A1.java
-rw-rw-r--   1 travis travis    880 Aug  1 15:25 ModularCodeGenTest_A1.mk
-rw-rw-r--   1 travis travis   1352 Aug  1 15:25 ModularCodeGenTest_A1_profile.class
-rw-rw-r--   1 travis travis   1394 Aug  1 15:25 ModularCodeGenTest_A1_profile.java
drwxrwxr-x   3 travis travis  32768 Aug  1 15:24 modulation2
drwxrwxr-x 183 travis travis  12288 Aug  1 15:25 node_modules
drwxrwxr-x   3 travis travis  20480 Aug  1 15:21 PhaseUnwrap
drwxrwxr-x   3 travis travis  12288 Aug  1 15:21 ReadFile1
-rw-rw-r--   1 travis travis     11 Aug  1 15:21 ReadFile1Output.txt
-rw-rw-r--   1 travis travis  13773 Aug  1 15:24 Repeat.class
-rw-rw-r--   1 travis travis    685 Aug  1 15:24 Repeat$_fireFunction_Repeat_Repeat$__f_sL_11.class
-rw-rw-r--   1 travis travis    541 Aug  1 15:24 Repeat$_fireFunction_Repeat_Repeat$__f_sL_12.class
-rw-rw-r--   1 travis travis    541 Aug  1 15:24 Repeat$_fireFunction_Repeat_Repeat$__f_sL_13.class
-rw-rw-r--   1 travis travis    541 Aug  1 15:24 Repeat$_fireFunction_Repeat_Repeat$__f_sL_14.class
-rw-rw-r--   1 travis travis    684 Aug  1 15:24 Repeat$_fireFunction_Repeat_Repeat$__f_sL_1.class
-rw-rw-r--   1 travis travis    683 Aug  1 15:24 Repeat$_fireFunction_Repeat_Repeat$__f_sL_4.class
-rw-rw-r--   1 travis travis    539 Aug  1 15:24 Repeat$_fireFunction_Repeat_Repeat$__f_sL_9.class
-rw-rw-r--   1 travis travis    494 Aug  1 15:24 Repeat$_initialize_Repeat$__i_sL_2.class
-rw-rw-r--   1 travis travis   1281 Aug  1 15:24 Repeat.mk
-rw-rw-r--   1 travis travis    539 Aug  1 15:24 Repeat$_preinitializeMethod_Repeat$__p_sL_0.class
-rw-rw-r--   1 travis travis   1102 Aug  1 15:24 Repeat$_Repeat$_fireFunction_Repeat_AddSubtract_Repeat.class
-rw-rw-r--   1 travis travis    810 Aug  1 15:24 Repeat$_Repeat$_fireFunction_Repeat_AddSubtract_Repeat$__f_sL_0.class
-rw-rw-r--   1 travis travis    928 Aug  1 15:24 Repeat$_Repeat$_fireFunction_Repeat_AddSubtract_Repeat$__f_sL_1.class
-rw-rw-r--   1 travis travis    934 Aug  1 15:24 Repeat$_Repeat$_fireFunction_Repeat_AddSubtract_Repeat$__f_sL_2.class
-rw-rw-r--   1 travis travis    862 Aug  1 15:24 Repeat$_Repeat$_fireFunction_Repeat_AddSubtract_Repeat$__f_sL_3.class
-rw-rw-r--   1 travis travis    757 Aug  1 15:24 Repeat$_Repeat$_fireFunction_Repeat_Ramp2_Repeat$__f_sL_0.class
-rw-rw-r--   1 travis travis    888 Aug  1 15:24 Repeat$_Repeat$_fireFunction_Repeat_Test_Repeat$__f_sL_0.class
-rw-rw-r--   1 travis travis    634 Aug  1 15:24 Repeat$_Repeat$_fireFunction_Repeat_Test_Repeat$__f_sL_1.class
-rw-rw-r--   1 travis travis    704 Aug  1 15:24 Repeat$_Repeat_SDF_Director_run_Repeat$__R_sL_0.class
-rw-rw-r--   1 travis travis    705 Aug  1 15:24 Repeat$_Repeat_SDF_Director_run_Repeat$__R_sL_11.class
-rw-rw-r--   1 travis travis    561 Aug  1 15:24 Repeat$_Repeat_SDF_Director_run_Repeat$__R_sL_13.class
-rw-rw-r--   1 travis travis    559 Aug  1 15:24 Repeat$_Repeat_SDF_Director_run_Repeat$__R_sL_2.class
-rw-rw-r--   1 travis travis    703 Aug  1 15:24 Repeat$_Repeat_SDF_Director_run_Repeat$__R_sL_3.class
-rw-rw-r--   1 travis travis    559 Aug  1 15:24 Repeat$_Repeat_SDF_Director_run_Repeat$__R_sL_5.class
-rw-rw-r--   1 travis travis    559 Aug  1 15:24 Repeat$_Repeat_SDF_Director_run_Repeat$__R_sL_8.class
drwxrwxr-x   2 travis travis   4096 Aug  1 15:24 RepeatVariables
-rw-rw-r--   1 travis travis    882 Aug  1 15:24 Repeat$_varinit_Repeat.class
-rw-rw-r--   1 travis travis    550 Aug  1 15:24 Repeat$_varinit_Repeat$__v_sL_2.class
-rw-rw-r--   1 travis travis    924 Aug  1 15:24 Repeat$_varinit_Repeat$__v_sL_4.class
-rw-rw-r--   1 travis travis    978 Aug  1 15:24 Repeat$_wrapup_Repeat$__w_sL_1.class
drwxrwxr-x   3 travis travis  20480 Aug  1 15:21 Sinewave
drwxrwxr-x   3 travis travis  32768 Aug  1 15:23 StringFunction
drwxrwxr-x   3 travis travis  12288 Aug  1 15:23 StringLength
drwxrwxr-x   3 travis travis  61440 Aug  1 15:23 StringMatches2
drwxrwxr-x   3 travis travis  61440 Aug  1 15:23 StringSimpleReplace
drwxrwxr-x   3 travis travis  65536 Aug  1 15:23 StringSubstring
drwxrwxr-x   3 travis travis  24576 Aug  1 15:24 StringSubstring2
drwxrwxr-x   3 travis travis  16384 Aug  1 15:24 time1
drwxrwxr-x   3 travis travis  12288 Aug  1 15:24 time5
-rw-rw-r--   1 travis travis    432 Aug  1 15:26 Token.class
-rw-rw-r--   1 travis travis    251 Aug  1 15:26 Token.java
-rwxrwxr-x   1 travis travis 466992 Aug  1 15:18 top
-rw-rw-r--   1 travis travis  20502 Aug  1 15:18 top.c
-rw-rw-r--   1 travis travis   3799 Aug  1 15:24 top.class
-rw-rw-r--   1 travis travis   1257 Aug  1 15:24 top.mk
All Done
Writing ModularCodeGen4_A2_B2.java in file:/home/travis/cg/ (10378 characters)
Reading "ptolemy/cg/kernel/generic/program/procedural/java/modular/makefile.in",
    writing "/home/travis/cg/ModularCodeGen4_A2_B2.mk"
Using ptolemy/cg/kernel/generic/program/procedural/java/modular/makefile.in
In "/home/travis/cg", about to execute:
    make -f ModularCodeGen4_A2_B2.mk
javac -classpath ".:.."    ModularCodeGen4_A2_B2.java
All Done
In "/home/travis/cg", about to execute:
    pwd
In "/home/travis/cg", about to execute:
    ls -l
/home/travis/cg
In "/home/travis/cg", about to execute:
    javac -classpath
.:/home/travis/build/icyphy/ptII:/home/travis/build/icyphy/ptII/lib/bsh-2.0b4.j
ar:/home/travis/build/icyphy/ptII/lib/ptCal.jar:/home/travis/build/icyphy/ptII/
lib/java_cup.jar:/home/travis/build/icyphy/ptII/lib/saxon8.jar:/home/travis/bui
ld/icyphy/ptII/lib/saxon8-dom.jar:/home/travis/build/icyphy/ptII/lib/chic.jar:/
home/travis/build/icyphy/ptII/lib/ptcolt.jar:/home/travis/build/icyphy/ptII/ven
dors/misc/itext/iText.jar:/home/travis/build/icyphy/ptII/lib/g4ltl.jar:/home/tr
avis/build/icyphy/ptII/lib/StructuralCoder.jar:/home/travis/build/icyphy/ptII/l
ib/jcerti.jar:/home/travis/build/icyphy/ptII/lib/javax.mail.jar:/home/travis/bu
ild/icyphy/ptII/vendors/JMF-2.1.1e/lib/jmf.jar:/home/travis/build/icyphy/ptII/l
ib/jna-4.0.0-variadic.jar:/home/travis/build/icyphy/ptII/vendors/misc/joystick/
Joystick.jar:/home/travis/build/icyphy/ptII/lib/ptjacl.jar:/home/travis/build/i
cyphy/ptII/lib/jsoup-1.8.2.jar:/home/travis/build/icyphy/ptII/lib/junit-4.8.2.j
ar:/home/travis/build/icyphy/ptII/lib/JUnitParams-0.4.0.jar:/home/travis/build/
icyphy/ptII/ptolemy/actor/lib/excel/jxl.jar:/home/travis/build/icyphy/ptII/lib/
jython.jar:/home/travis/build/icyphy/ptII/lib/kieler.jar:/home/travis/build/icy
phy/ptII/vendors/opencv/share/OpenCV/java/opencv-341.jar:/home/travis/build/icy
phy/ptII/lib/oscP5.jar:/home/travis/build/icyphy/ptII/lib/nrjavaserial-3.11.0.d
evel.jar:/home/travis/build/icyphy/ptII/vendors/j3d/lib/Linux/j3dcore.jar:/home
/travis/build/icyphy/ptII/vendors/j3d/lib/Linux/j3dutils.jar:/home/travis/build
/icyphy/ptII/vendors/j3d/lib/Linux/vecmath.jar:/home/travis/build/icyphy/ptII/v
endors/jogl/lib/Linux/gluegen-rt-natives-linux-amd64.jar:/home/travis/build/icy
phy/ptII/vendors/jogl/lib/Linux/gluegen-rt.jar:/home/travis/build/icyphy/ptII/v
endors/jogl/lib/Linux/jogl-all-natives-linux-amd64.jar:/home/travis/build/icyph
y/ptII/vendors/jogl/lib/Linux/jogl-all.jar:/home/travis/build/icyphy/ptII/ptole
my/distributed/jini/jar/jini-core.jar:/home/travis/build/icyphy/ptII/ptolemy/di
stributed/jini/jar/jini-ext.jar:/home/travis/build/icyphy/ptII/ptolemy/distribu
ted/jini/jar/sun-util.jar:/home/travis/build/icyphy/ptII/lib/protobuf-java-2.4.
1.jar:/home/travis/build/icyphy/ptII/lib/org.eclipse.paho.client.mqttv3.jar:/ho
me/travis/build/icyphy/ptII/lib/mapss.jar:/home/travis/build/icyphy/ptII/ptolem
y/actor/ptalon/antlr/antlr.jar:/home/travis/build/icyphy/ptII/lib/JRI.jar:/home
/travis/build/icyphy/ptII/lib/commons-lang-2.6.jar:/home/travis/build/icyphy/pt
II/lib/commons-logging-1.1.1.jar:/home/travis/build/icyphy/ptII/lib/sootclasses
.jar:/home/travis/build/icyphy/ptII/ptolemy/actor/lib/database/mysql-connector-
java-5.1.6-bin.jar:/home/travis/build/icyphy/ptII/vendors/misc/sphinx4/sphinx4-
data-5prealpha.jar:/home/travis/build/icyphy/ptII/vendors/misc/sphinx4/sphinx4-
core-5prealpha.jar:/home/travis/build/icyphy/ptII/lib/PDFRenderer.jar:/home/tra
vis/build/icyphy/ptII/lib/svgSalamander.jar:/home/travis/build/icyphy/ptII/lib/
rsyntaxtextarea-2.6.0-SNAPSHOT.jar:/home/travis/build/icyphy/ptII/lib/hazelcast
-3.8.2.jar:/home/travis/build/icyphy/ptII/lib/jackson-annotations-2.9.0.jar:/ho
me/travis/build/icyphy/ptII/lib/jackson-core-2.9.3.jar:/home/travis/build/icyph
y/ptII/lib/jackson-databind-2.9.3.jar:/home/travis/build/icyphy/ptII/lib/netty-
buffer-4.1.19.Final.jar:/home/travis/build/icyphy/ptII/lib/netty-codec-4.1.19.F
inal.jar:/home/travis/build/icyphy/ptII/lib/netty-codec-dns-4.1.19.Final.jar:/h
ome/travis/build/icyphy/ptII/lib/netty-codec-http-4.1.19.Final.jar:/home/travis
/build/icyphy/ptII/lib/netty-codec-http2-4.1.19.Final.jar:/home/travis/build/ic
yphy/ptII/lib/netty-common-4.1.19.Final.jar:/home/travis/build/icyphy/ptII/lib/
netty-handler-4.1.19.Final.jar:/home/travis/build/icyphy/ptII/lib/netty-resolve
r-4.1.19.Final.jar:/home/travis/build/icyphy/ptII/lib/netty-resolver-dns-4.1.19
.Final.jar:/home/travis/build/icyphy/ptII/lib/netty-transport-4.1.19.Final.jar:
/home/travis/build/icyphy/ptII/lib/vertx-codegen-3.5.1.jar:/home/travis/build/i
cyphy/ptII/lib/vertx-core-3.5.2-SNAPSHOT.jar:/home/travis/build/icyphy/ptII/lib
/vertx-hazelcast-3.5.1.jar:/home/travis/build/icyphy/ptII/lib/vertx-lang-js-3.5
.1.jar:/home/travis/build/icyphy/ptII/lib/vertx-service-proxy-3.5.1.jar:/home/t
ravis/build/icyphy/ptII/lib/vertx-web-3.5.1.jar:/home/travis/build/icyphy/ptII/
lib/slf4j-api-1.7.13.jar:/home/travis/build/icyphy/ptII/lib/slf4j-simple-1.7.13
.jar:/home/travis/build/icyphy/ptII/lib/webcam-capture-0.3.12.jar:/home/travis/
build/icyphy/ptII/lib/bridj-0.7.0.jar:/home/travis/build/icyphy/ptII/lib/xbjlib
-1.1.0.nrjavaserial.jar:/home/travis/build/icyphy/ptII/ptolemy/moml/test:/home/
travis/build/icyphy/ptII/ant/lib/ant-launcher.jar:/home/travis/build/icyphy/ptI
I/ant/lib/ant.jar:/home/travis/build/icyphy/ptII/ant/lib/ant-junit.jar:/home/tr
avis/build/icyphy/ptII/ant/lib/ant-junit4.jar:/home/travis/build/icyphy/ptII
ModularCodeGen4_A2_profile.java
total 2072
drwxrwxr-x   3 travis travis  12288 Aug  1 15:20 AbsoluteValue
drwxrwxr-x   3 travis travis 102400 Aug  1 15:19 AllColt
drwxrwxr-x   3 travis travis  12288 Aug  1 15:19 Case1
-rw-rw-r--   1 travis travis   5128 Aug  1 15:25 CompiledCompositeActor_CompiledCompositeActor.class
-rw-rw-r--   1 travis travis   1611 Aug  1 15:25 CompiledCompositeActor_CompiledCompositeActor$_CompiledCompositeActor_CompiledCompositeActor.class
-rw-rw-r--   1 travis travis  13466 Aug  1 15:25 CompiledCompositeActor_CompiledCompositeActor.java
-rw-rw-r--   1 travis travis   1593 Aug  1 15:25 CompiledCompositeActor_CompiledCompositeActor.mk
drwxrwxr-x   5 travis travis   4096 Aug  1 15:18 fmi
drwxrwxr-x   3 travis travis  16384 Aug  1 15:20 Gaussian2
-rw-rw-r--   1 travis travis   4684 Aug  1 15:25 JavaCompiledCompositeTest1_CompiledCompositeActor.class
-rw-rw-r--   1 travis travis  11637 Aug  1 15:25 JavaCompiledCompositeTest1_CompiledCompositeActor.java
-rw-rw-r--   1 travis travis   1217 Aug  1 15:25 JavaCompiledCompositeTest1_CompiledCompositeActor$_JavaCompiledCompositeTest1_CompiledCompositeActor.class
-rw-rw-r--   1 travis travis   1625 Aug  1 15:25 JavaCompiledCompositeTest1_CompiledCompositeActor.mk
-rw-rw-r--   1 travis travis   5115 Aug  1 15:25 JavaCompiledCompositeTest2_CompiledCompositeActor.class
-rw-rw-r--   1 travis travis  14919 Aug  1 15:25 JavaCompiledCompositeTest2_CompiledCompositeActor.java
-rw-rw-r--   1 travis travis   1812 Aug  1 15:25 JavaCompiledCompositeTest2_CompiledCompositeActor$_JavaCompiledCompositeTest2_CompiledCompositeActor.class
-rw-rw-r--   1 travis travis   1625 Aug  1 15:25 JavaCompiledCompositeTest2_CompiledCompositeActor.mk
-rw-rw-r--   1 travis travis   4732 Aug  1 15:25 JavaCompiledCompositeTest3_CompiledCompositeActor.class
-rw-rw-r--   1 travis travis  13080 Aug  1 15:25 JavaCompiledCompositeTest3_CompiledCompositeActor.java
-rw-rw-r--   1 travis travis   1397 Aug  1 15:25 JavaCompiledCompositeTest3_CompiledCompositeActor$_JavaCompiledCompositeTest3_CompiledCompositeActor.class
-rw-rw-r--   1 travis travis   1625 Aug  1 15:25 JavaCompiledCompositeTest3_CompiledCompositeActor.mk
-rw-rw-r--   1 travis travis   4183 Aug  1 15:25 JavaCompiledCompositeTest4_CompiledCompositeActor.class
-rw-rw-r--   1 travis travis   9687 Aug  1 15:25 JavaCompiledCompositeTest4_CompiledCompositeActor.java
-rw-rw-r--   1 travis travis    876 Aug  1 15:25 JavaCompiledCompositeTest4_CompiledCompositeActor$_JavaCompiledCompositeTest4_CompiledCompositeActor.class
-rw-rw-r--   1 travis travis   1625 Aug  1 15:25 JavaCompiledCompositeTest4_CompiledCompositeActor.mk
drwxrwxr-x   3 travis travis  12288 Aug  1 15:20 LookupTable
drwxrwxr-x   3 travis travis  20480 Aug  1 15:20 MaxIndex
-rw-rw-r--   1 travis travis   3925 Aug  1 15:25 ModularCG_A1_B1.class
-rw-rw-r--   1 travis travis   9730 Aug  1 15:25 ModularCG_A1_B1.java
-rw-rw-r--   1 travis travis    832 Aug  1 15:25 ModularCG_A1_B1.mk
-rw-rw-r--   1 travis travis   1318 Aug  1 15:25 ModularCG_A1_B1_profile.class
-rw-rw-r--   1 travis travis   1262 Aug  1 15:25 ModularCG_A1_B1_profile.java
-rw-rw-r--   1 travis travis   3925 Aug  1 15:25 ModularCG_A1_B2.class
-rw-rw-r--   1 travis travis   9730 Aug  1 15:25 ModularCG_A1_B2.java
-rw-rw-r--   1 travis travis    832 Aug  1 15:25 ModularCG_A1_B2.mk
-rw-rw-r--   1 travis travis   1318 Aug  1 15:25 ModularCG_A1_B2_profile.class
-rw-rw-r--   1 travis travis   1262 Aug  1 15:25 ModularCG_A1_B2_profile.java
-rw-rw-r--   1 travis travis   5031 Aug  1 15:25 ModularCG_A1.class
-rw-rw-r--   1 travis travis  14742 Aug  1 15:25 ModularCG_A1.java
-rw-rw-r--   1 travis travis    808 Aug  1 15:25 ModularCG_A1.mk
-rw-rw-r--   1 travis travis   1433 Aug  1 15:25 ModularCG_A1_profile.class
-rw-rw-r--   1 travis travis   1704 Aug  1 15:25 ModularCG_A1_profile.java
-rw-rw-r--   1 travis travis   4059 Aug  1 15:25 ModularCG_A2_B1.class
-rw-rw-r--   1 travis travis  10667 Aug  1 15:25 ModularCG_A2_B1.java
-rw-rw-r--   1 travis travis    832 Aug  1 15:25 ModularCG_A2_B1.mk
-rw-rw-r--   1 travis travis   1381 Aug  1 15:25 ModularCG_A2_B1_profile.class
-rw-rw-r--   1 travis travis   1446 Aug  1 15:25 ModularCG_A2_B1_profile.java
-rw-rw-r--   1 travis travis   3925 Aug  1 15:25 ModularCG_A2_B2.class
-rw-rw-r--   1 travis travis   9730 Aug  1 15:25 ModularCG_A2_B2.java
-rw-rw-r--   1 travis travis    832 Aug  1 15:25 ModularCG_A2_B2.mk
-rw-rw-r--   1 travis travis   1318 Aug  1 15:25 ModularCG_A2_B2_profile.class
-rw-rw-r--   1 travis travis   1262 Aug  1 15:25 ModularCG_A2_B2_profile.java
-rw-rw-r--   1 travis travis   5102 Aug  1 15:25 ModularCG_A2.class
-rw-rw-r--   1 travis travis  15129 Aug  1 15:25 ModularCG_A2.java
-rw-rw-r--   1 travis travis    808 Aug  1 15:25 ModularCG_A2.mk
-rw-rw-r--   1 travis travis   1433 Aug  1 15:25 ModularCG_A2_profile.class
-rw-rw-r--   1 travis travis   1704 Aug  1 15:25 ModularCG_A2_profile.java
-rw-rw-r--   1 travis travis   3705 Aug  1 15:25 ModularCGPubSub_A1_A2.class
-rw-rw-r--   1 travis travis   9076 Aug  1 15:25 ModularCGPubSub_A1_A2.java
-rw-rw-r--   1 travis travis    880 Aug  1 15:25 ModularCGPubSub_A1_A2.mk
-rw-rw-r--   1 travis travis   1300 Aug  1 15:25 ModularCGPubSub_A1_A2_profile.class
-rw-rw-r--   1 travis travis   1222 Aug  1 15:25 ModularCGPubSub_A1_A2_profile.java
-rw-rw-r--   1 travis travis   4022 Aug  1 15:25 ModularCGPubSub_A1.class
-rw-rw-r--   1 travis travis   9836 Aug  1 15:25 ModularCGPubSub_A1.java
-rw-rw-r--   1 travis travis    856 Aug  1 15:25 ModularCGPubSub_A1.mk
-rw-rw-r--   1 travis travis   1346 Aug  1 15:25 ModularCGPubSub_A1_profile.class
-rw-rw-r--   1 travis travis   1388 Aug  1 15:25 ModularCGPubSub_A1_profile.java
-rw-rw-r--   1 travis travis   4220 Aug  1 15:25 ModularCodeGen2_ModularCodeGenTypedCompositeActor.class
-rw-rw-r--   1 travis travis  11690 Aug  1 15:25 ModularCodeGen2_ModularCodeGenTypedCompositeActor.java
-rw-rw-r--   1 travis travis   1104 Aug  1 15:25 ModularCodeGen2_ModularCodeGenTypedCompositeActor.mk
-rw-rw-r--   1 travis travis   4504 Aug  1 15:25 ModularCodeGen2_ModularCodeGenTypedCompositeActor_ModularCodeGenTypedCompositeActor.class
-rw-rw-r--   1 travis travis  11790 Aug  1 15:25 ModularCodeGen2_ModularCodeGenTypedCompositeActor_ModularCodeGenTypedCompositeActor.java
-rw-rw-r--   1 travis travis   1376 Aug  1 15:25 ModularCodeGen2_ModularCodeGenTypedCompositeActor_ModularCodeGenTypedCompositeActor.mk
-rw-rw-r--   1 travis travis   1421 Aug  1 15:25 ModularCodeGen2_ModularCodeGenTypedCompositeActor_ModularCodeGenTypedCompositeActor_profile.class
-rw-rw-r--   1 travis travis   1294 Aug  1 15:25 ModularCodeGen2_ModularCodeGenTypedCompositeActor_ModularCodeGenTypedCompositeActor_profile.java
-rw-rw-r--   1 travis travis    820 Aug  1 15:25 ModularCodeGen2_ModularCodeGenTypedCompositeActor_profile.class
-rw-rw-r--   1 travis travis    693 Aug  1 15:25 ModularCodeGen2_ModularCodeGenTypedCompositeActor_profile.java
-rw-rw-r--   1 travis travis   3973 Aug  1 15:25 ModularCodeGen3_A1_B1.class
-rw-rw-r--   1 travis travis   9958 Aug  1 15:25 ModularCodeGen3_A1_B1.java
-rw-rw-r--   1 travis travis    880 Aug  1 15:25 ModularCodeGen3_A1_B1.mk
-rw-rw-r--   1 travis travis   1330 Aug  1 15:25 ModularCodeGen3_A1_B1_profile.class
-rw-rw-r--   1 travis travis   1274 Aug  1 15:25 ModularCodeGen3_A1_B1_profile.java
-rw-rw-r--   1 travis travis   3973 Aug  1 15:26 ModularCodeGen3_A1_B2.class
-rw-rw-r--   1 travis travis   9958 Aug  1 15:26 ModularCodeGen3_A1_B2.java
-rw-rw-r--   1 travis travis    880 Aug  1 15:26 ModularCodeGen3_A1_B2.mk
-rw-rw-r--   1 travis travis   1330 Aug  1 15:26 ModularCodeGen3_A1_B2_profile.class
-rw-rw-r--   1 travis travis   1274 Aug  1 15:25 ModularCodeGen3_A1_B2_profile.java
-rw-rw-r--   1 travis travis   5193 Aug  1 15:26 ModularCodeGen3_A1.class
-rw-rw-r--   1 travis travis  15564 Aug  1 15:26 ModularCodeGen3_A1.java
-rw-rw-r--   1 travis travis    856 Aug  1 15:26 ModularCodeGen3_A1.mk
-rw-rw-r--   1 travis travis   1445 Aug  1 15:26 ModularCodeGen3_A1_profile.class
-rw-rw-r--   1 travis travis   1716 Aug  1 15:26 ModularCodeGen3_A1_profile.java
-rw-rw-r--   1 travis travis   4119 Aug  1 15:26 ModularCodeGen3_A2_B1.class
-rw-rw-r--   1 travis travis  10955 Aug  1 15:26 ModularCodeGen3_A2_B1.java
-rw-rw-r--   1 travis travis    880 Aug  1 15:26 ModularCodeGen3_A2_B1.mk
-rw-rw-r--   1 travis travis   1393 Aug  1 15:26 ModularCodeGen3_A2_B1_profile.class
-rw-rw-r--   1 travis travis   1458 Aug  1 15:26 ModularCodeGen3_A2_B1_profile.java
-rw-rw-r--   1 travis travis   3973 Aug  1 15:26 ModularCodeGen3_A2_B2.class
-rw-rw-r--   1 travis travis   9958 Aug  1 15:26 ModularCodeGen3_A2_B2.java
-rw-rw-r--   1 travis travis    880 Aug  1 15:26 ModularCodeGen3_A2_B2.mk
-rw-rw-r--   1 travis travis   1330 Aug  1 15:26 ModularCodeGen3_A2_B2_profile.class
-rw-rw-r--   1 travis travis   1274 Aug  1 15:26 ModularCodeGen3_A2_B2_profile.java
-rw-rw-r--   1 travis travis   5270 Aug  1 15:26 ModularCodeGen3_A2.class
-rw-rw-r--   1 travis travis  15957 Aug  1 15:26 ModularCodeGen3_A2.java
-rw-rw-r--   1 travis travis    856 Aug  1 15:26 ModularCodeGen3_A2.mk
-rw-rw-r--   1 travis travis   1445 Aug  1 15:26 ModularCodeGen3_A2_profile.class
-rw-rw-r--   1 travis travis   1716 Aug  1 15:26 ModularCodeGen3_A2_profile.java
-rw-rw-r--   1 travis travis   4026 Aug  1 15:26 ModularCodeGen4_A1_B1.class
-rw-rw-r--   1 travis travis  10312 Aug  1 15:26 ModularCodeGen4_A1_B1.java
-rw-rw-r--   1 travis travis    880 Aug  1 15:26 ModularCodeGen4_A1_B1.mk
-rw-rw-r--   1 travis travis   1330 Aug  1 15:26 ModularCodeGen4_A1_B1_profile.class
-rw-rw-r--   1 travis travis   1273 Aug  1 15:26 ModularCodeGen4_A1_B1_profile.java
-rw-rw-r--   1 travis travis   4026 Aug  1 15:26 ModularCodeGen4_A1_B2.class
-rw-rw-r--   1 travis travis  10312 Aug  1 15:26 ModularCodeGen4_A1_B2.java
-rw-rw-r--   1 travis travis    880 Aug  1 15:26 ModularCodeGen4_A1_B2.mk
-rw-rw-r--   1 travis travis   1330 Aug  1 15:26 ModularCodeGen4_A1_B2_profile.class
-rw-rw-r--   1 travis travis   1273 Aug  1 15:26 ModularCodeGen4_A1_B2_profile.java
-rw-rw-r--   1 travis travis   5333 Aug  1 15:26 ModularCodeGen4_A1.class
-rw-rw-r--   1 travis travis  16245 Aug  1 15:26 ModularCodeGen4_A1.java
-rw-rw-r--   1 travis travis    856 Aug  1 15:26 ModularCodeGen4_A1.mk
-rw-rw-r--   1 travis travis   1445 Aug  1 15:26 ModularCodeGen4_A1_profile.class
-rw-rw-r--   1 travis travis   1712 Aug  1 15:26 ModularCodeGen4_A1_profile.java
-rw-rw-r--   1 travis travis   4220 Aug  1 15:26 ModularCodeGen4_A2_B1.class
-rw-rw-r--   1 travis travis  11375 Aug  1 15:26 ModularCodeGen4_A2_B1.java
-rw-rw-r--   1 travis travis    880 Aug  1 15:26 ModularCodeGen4_A2_B1.mk
-rw-rw-r--   1 travis travis   1393 Aug  1 15:26 ModularCodeGen4_A2_B1_profile.class
-rw-rw-r--   1 travis travis   1454 Aug  1 15:26 ModularCodeGen4_A2_B1_profile.java
-rw-rw-r--   1 travis travis   4074 Aug  1 15:26 ModularCodeGen4_A2_B2.class
-rw-rw-r--   1 travis travis  10378 Aug  1 15:26 ModularCodeGen4_A2_B2.java
-rw-rw-r--   1 travis travis    880 Aug  1 15:26 ModularCodeGen4_A2_B2.mk
-rw-rw-r--   1 travis travis   1330 Aug  1 15:26 ModularCodeGen4_A2_B2_profile.class
-rw-rw-r--   1 travis travis   1270 Aug  1 15:26 ModularCodeGen4_A2_B2_profile.java
-rw-rw-r--   1 travis travis   1712 Aug  1 15:26 ModularCodeGen4_A2_profile.java
-rw-rw-r--   1 travis travis   4186 Aug  1 15:25 ModularCodeGen_ModularCodeGenTypedCompositeActor.class
-rw-rw-r--   1 travis travis  10970 Aug  1 15:25 ModularCodeGen_ModularCodeGenTypedCompositeActor.java
-rw-rw-r--   1 travis travis   1096 Aug  1 15:25 ModularCodeGen_ModularCodeGenTypedCompositeActor.mk
-rw-rw-r--   1 travis travis   1384 Aug  1 15:25 ModularCodeGen_ModularCodeGenTypedCompositeActor_profile.class
-rw-rw-r--   1 travis travis   1328 Aug  1 15:25 ModularCodeGen_ModularCodeGenTypedCompositeActor_profile.java
-rw-rw-r--   1 travis travis   3724 Aug  1 15:25 ModularCodeGenTest_A1_A2.class
-rw-rw-r--   1 travis travis   9164 Aug  1 15:25 ModularCodeGenTest_A1_A2.java
-rw-rw-r--   1 travis travis   1306 Aug  1 15:25 ModularCodeGenTest_A1_A2_profile.class
-rw-rw-r--   1 travis travis   4055 Aug  1 15:25 ModularCodeGenTest_A1.class
-rw-rw-r--   1 travis travis   9968 Aug  1 15:25 ModularCodeGenTest_A1.java
-rw-rw-r--   1 travis travis    880 Aug  1 15:25 ModularCodeGenTest_A1.mk
-rw-rw-r--   1 travis travis   1352 Aug  1 15:25 ModularCodeGenTest_A1_profile.class
-rw-rw-r--   1 travis travis   1394 Aug  1 15:25 ModularCodeGenTest_A1_profile.java
drwxrwxr-x   3 travis travis  32768 Aug  1 15:24 modulation2
drwxrwxr-x 183 travis travis  12288 Aug  1 15:25 node_modules
drwxrwxr-x   3 travis travis  20480 Aug  1 15:21 PhaseUnwrap
drwxrwxr-x   3 travis travis  12288 Aug  1 15:21 ReadFile1
-rw-rw-r--   1 travis travis     11 Aug  1 15:21 ReadFile1Output.txt
-rw-rw-r--   1 travis travis  13773 Aug  1 15:24 Repeat.class
-rw-rw-r--   1 travis travis    685 Aug  1 15:24 Repeat$_fireFunction_Repeat_Repeat$__f_sL_11.class
-rw-rw-r--   1 travis travis    541 Aug  1 15:24 Repeat$_fireFunction_Repeat_Repeat$__f_sL_12.class
-rw-rw-r--   1 travis travis    541 Aug  1 15:24 Repeat$_fireFunction_Repeat_Repeat$__f_sL_13.class
-rw-rw-r--   1 travis travis    541 Aug  1 15:24 Repeat$_fireFunction_Repeat_Repeat$__f_sL_14.class
-rw-rw-r--   1 travis travis    684 Aug  1 15:24 Repeat$_fireFunction_Repeat_Repeat$__f_sL_1.class
-rw-rw-r--   1 travis travis    683 Aug  1 15:24 Repeat$_fireFunction_Repeat_Repeat$__f_sL_4.class
-rw-rw-r--   1 travis travis    539 Aug  1 15:24 Repeat$_fireFunction_Repeat_Repeat$__f_sL_9.class
-rw-rw-r--   1 travis travis    494 Aug  1 15:24 Repeat$_initialize_Repeat$__i_sL_2.class
-rw-rw-r--   1 travis travis   1281 Aug  1 15:24 Repeat.mk
-rw-rw-r--   1 travis travis    539 Aug  1 15:24 Repeat$_preinitializeMethod_Repeat$__p_sL_0.class
-rw-rw-r--   1 travis travis   1102 Aug  1 15:24 Repeat$_Repeat$_fireFunction_Repeat_AddSubtract_Repeat.class
-rw-rw-r--   1 travis travis    810 Aug  1 15:24 Repeat$_Repeat$_fireFunction_Repeat_AddSubtract_Repeat$__f_sL_0.class
-rw-rw-r--   1 travis travis    928 Aug  1 15:24 Repeat$_Repeat$_fireFunction_Repeat_AddSubtract_Repeat$__f_sL_1.class
-rw-rw-r--   1 travis travis    934 Aug  1 15:24 Repeat$_Repeat$_fireFunction_Repeat_AddSubtract_Repeat$__f_sL_2.class
-rw-rw-r--   1 travis travis    862 Aug  1 15:24 Repeat$_Repeat$_fireFunction_Repeat_AddSubtract_Repeat$__f_sL_3.class
-rw-rw-r--   1 travis travis    757 Aug  1 15:24 Repeat$_Repeat$_fireFunction_Repeat_Ramp2_Repeat$__f_sL_0.class
-rw-rw-r--   1 travis travis    888 Aug  1 15:24 Repeat$_Repeat$_fireFunction_Repeat_Test_Repeat$__f_sL_0.class
-rw-rw-r--   1 travis travis    634 Aug  1 15:24 Repeat$_Repeat$_fireFunction_Repeat_Test_Repeat$__f_sL_1.class
-rw-rw-r--   1 travis travis    704 Aug  1 15:24 Repeat$_Repeat_SDF_Director_run_Repeat$__R_sL_0.class
-rw-rw-r--   1 travis travis    705 Aug  1 15:24 Repeat$_Repeat_SDF_Director_run_Repeat$__R_sL_11.class
-rw-rw-r--   1 travis travis    561 Aug  1 15:24 Repeat$_Repeat_SDF_Director_run_Repeat$__R_sL_13.class
-rw-rw-r--   1 travis travis    559 Aug  1 15:24 Repeat$_Repeat_SDF_Director_run_Repeat$__R_sL_2.class
-rw-rw-r--   1 travis travis    703 Aug  1 15:24 Repeat$_Repeat_SDF_Director_run_Repeat$__R_sL_3.class
-rw-rw-r--   1 travis travis    559 Aug  1 15:24 Repeat$_Repeat_SDF_Director_run_Repeat$__R_sL_5.class
-rw-rw-r--   1 travis travis    559 Aug  1 15:24 Repeat$_Repeat_SDF_Director_run_Repeat$__R_sL_8.class
drwxrwxr-x   2 travis travis   4096 Aug  1 15:24 RepeatVariables
-rw-rw-r--   1 travis travis    882 Aug  1 15:24 Repeat$_varinit_Repeat.class
-rw-rw-r--   1 travis travis    550 Aug  1 15:24 Repeat$_varinit_Repeat$__v_sL_2.class
-rw-rw-r--   1 travis travis    924 Aug  1 15:24 Repeat$_varinit_Repeat$__v_sL_4.class
-rw-rw-r--   1 travis travis    978 Aug  1 15:24 Repeat$_wrapup_Repeat$__w_sL_1.class
drwxrwxr-x   3 travis travis  20480 Aug  1 15:21 Sinewave
drwxrwxr-x   3 travis travis  32768 Aug  1 15:23 StringFunction
drwxrwxr-x   3 travis travis  12288 Aug  1 15:23 StringLength
drwxrwxr-x   3 travis travis  61440 Aug  1 15:23 StringMatches2
drwxrwxr-x   3 travis travis  61440 Aug  1 15:23 StringSimpleReplace
drwxrwxr-x   3 travis travis  65536 Aug  1 15:23 StringSubstring
drwxrwxr-x   3 travis travis  24576 Aug  1 15:24 StringSubstring2
drwxrwxr-x   3 travis travis  16384 Aug  1 15:24 time1
drwxrwxr-x   3 travis travis  12288 Aug  1 15:24 time5
-rw-rw-r--   1 travis travis    432 Aug  1 15:26 Token.class
-rw-rw-r--   1 travis travis    251 Aug  1 15:26 Token.java
-rwxrwxr-x   1 travis travis 466992 Aug  1 15:18 top
-rw-rw-r--   1 travis travis  20502 Aug  1 15:18 top.c
-rw-rw-r--   1 travis travis   3799 Aug  1 15:24 top.class
-rw-rw-r--   1 travis travis   1257 Aug  1 15:24 top.mk
All Done
Writing ModularCodeGen4_A2.java in file:/home/travis/cg/ (16770 characters)
Reading "ptolemy/cg/kernel/generic/program/procedural/java/modular/makefile.in",
    writing "/home/travis/cg/ModularCodeGen4_A2.mk"
Using ptolemy/cg/kernel/generic/program/procedural/java/modular/makefile.in
In "/home/travis/cg", about to execute:
    make -f ModularCodeGen4_A2.mk
javac -classpath ".:.."    ModularCodeGen4_A2.java
All Done
Manager.initialize() finished: 15767 ms. Memory: 129024K Free: 40381K (31%)
15770 ms. Memory: 129024K Free: 39867K (31%)
----------------- Invoking toplevel() on ptolemy.moml.MoMLSimpleApplication@54afce50
----------------- Done invoking toplevel() on ptolemy.moml.MoMLSimpleApplication@54afce50
reloadAllAccessors: .ModularCodeGen4

===========================================================================================
----------------- testing Sat Aug 01 15:26:28 UTC 2020 /home/travis/build/icyphy/ptII/ptolemy/cg/lib/test/auto/ModularCodeGen5.xml
----------------- Instantiating /home/travis/build/icyphy/ptII/ptolemy/cg/lib/test/auto/ModularCodeGen5.xml
In "/home/travis/cg", about to execute:
    pwd
In "/home/travis/cg", about to execute:
    ls -l
/home/travis/cg
In "/home/travis/cg", about to execute:
    javac -classpath
.:/home/travis/build/icyphy/ptII:/home/travis/build/icyphy/ptII/lib/bsh-2.0b4.j
ar:/home/travis/build/icyphy/ptII/lib/ptCal.jar:/home/travis/build/icyphy/ptII/
lib/java_cup.jar:/home/travis/build/icyphy/ptII/lib/saxon8.jar:/home/travis/bui
ld/icyphy/ptII/lib/saxon8-dom.jar:/home/travis/build/icyphy/ptII/lib/chic.jar:/
home/travis/build/icyphy/ptII/lib/ptcolt.jar:/home/travis/build/icyphy/ptII/ven
dors/misc/itext/iText.jar:/home/travis/build/icyphy/ptII/lib/g4ltl.jar:/home/tr
avis/build/icyphy/ptII/lib/StructuralCoder.jar:/home/travis/build/icyphy/ptII/l
ib/jcerti.jar:/home/travis/build/icyphy/ptII/lib/javax.mail.jar:/home/travis/bu
ild/icyphy/ptII/vendors/JMF-2.1.1e/lib/jmf.jar:/home/travis/build/icyphy/ptII/l
ib/jna-4.0.0-variadic.jar:/home/travis/build/icyphy/ptII/vendors/misc/joystick/
Joystick.jar:/home/travis/build/icyphy/ptII/lib/ptjacl.jar:/home/travis/build/i
cyphy/ptII/lib/jsoup-1.8.2.jar:/home/travis/build/icyphy/ptII/lib/junit-4.8.2.j
ar:/home/travis/build/icyphy/ptII/lib/JUnitParams-0.4.0.jar:/home/travis/build/
icyphy/ptII/ptolemy/actor/lib/excel/jxl.jar:/home/travis/build/icyphy/ptII/lib/
jython.jar:/home/travis/build/icyphy/ptII/lib/kieler.jar:/home/travis/build/icy
phy/ptII/vendors/opencv/share/OpenCV/java/opencv-341.jar:/home/travis/build/icy
phy/ptII/lib/oscP5.jar:/home/travis/build/icyphy/ptII/lib/nrjavaserial-3.11.0.d
evel.jar:/home/travis/build/icyphy/ptII/vendors/j3d/lib/Linux/j3dcore.jar:/home
/travis/build/icyphy/ptII/vendors/j3d/lib/Linux/j3dutils.jar:/home/travis/build
/icyphy/ptII/vendors/j3d/lib/Linux/vecmath.jar:/home/travis/build/icyphy/ptII/v
endors/jogl/lib/Linux/gluegen-rt-natives-linux-amd64.jar:/home/travis/build/icy
phy/ptII/vendors/jogl/lib/Linux/gluegen-rt.jar:/home/travis/build/icyphy/ptII/v
endors/jogl/lib/Linux/jogl-all-natives-linux-amd64.jar:/home/travis/build/icyph
y/ptII/vendors/jogl/lib/Linux/jogl-all.jar:/home/travis/build/icyphy/ptII/ptole
my/distributed/jini/jar/jini-core.jar:/home/travis/build/icyphy/ptII/ptolemy/di
stributed/jini/jar/jini-ext.jar:/home/travis/build/icyphy/ptII/ptolemy/distribu
ted/jini/jar/sun-util.jar:/home/travis/build/icyphy/ptII/lib/protobuf-java-2.4.
1.jar:/home/travis/build/icyphy/ptII/lib/org.eclipse.paho.client.mqttv3.jar:/ho
me/travis/build/icyphy/ptII/lib/mapss.jar:/home/travis/build/icyphy/ptII/ptolem
y/actor/ptalon/antlr/antlr.jar:/home/travis/build/icyphy/ptII/lib/JRI.jar:/home
/travis/build/icyphy/ptII/lib/commons-lang-2.6.jar:/home/travis/build/icyphy/pt
II/lib/commons-logging-1.1.1.jar:/home/travis/build/icyphy/ptII/lib/sootclasses
.jar:/home/travis/build/icyphy/ptII/ptolemy/actor/lib/database/mysql-connector-
java-5.1.6-bin.jar:/home/travis/build/icyphy/ptII/vendors/misc/sphinx4/sphinx4-
data-5prealpha.jar:/home/travis/build/icyphy/ptII/vendors/misc/sphinx4/sphinx4-
core-5prealpha.jar:/home/travis/build/icyphy/ptII/lib/PDFRenderer.jar:/home/tra
vis/build/icyphy/ptII/lib/svgSalamander.jar:/home/travis/build/icyphy/ptII/lib/
rsyntaxtextarea-2.6.0-SNAPSHOT.jar:/home/travis/build/icyphy/ptII/lib/hazelcast
-3.8.2.jar:/home/travis/build/icyphy/ptII/lib/jackson-annotations-2.9.0.jar:/ho
me/travis/build/icyphy/ptII/lib/jackson-core-2.9.3.jar:/home/travis/build/icyph
y/ptII/lib/jackson-databind-2.9.3.jar:/home/travis/build/icyphy/ptII/lib/netty-
buffer-4.1.19.Final.jar:/home/travis/build/icyphy/ptII/lib/netty-codec-4.1.19.F
inal.jar:/home/travis/build/icyphy/ptII/lib/netty-codec-dns-4.1.19.Final.jar:/h
ome/travis/build/icyphy/ptII/lib/netty-codec-http-4.1.19.Final.jar:/home/travis
/build/icyphy/ptII/lib/netty-codec-http2-4.1.19.Final.jar:/home/travis/build/ic
yphy/ptII/lib/netty-common-4.1.19.Final.jar:/home/travis/build/icyphy/ptII/lib/
netty-handler-4.1.19.Final.jar:/home/travis/build/icyphy/ptII/lib/netty-resolve
r-4.1.19.Final.jar:/home/travis/build/icyphy/ptII/lib/netty-resolver-dns-4.1.19
.Final.jar:/home/travis/build/icyphy/ptII/lib/netty-transport-4.1.19.Final.jar:
/home/travis/build/icyphy/ptII/lib/vertx-codegen-3.5.1.jar:/home/travis/build/i
cyphy/ptII/lib/vertx-core-3.5.2-SNAPSHOT.jar:/home/travis/build/icyphy/ptII/lib
/vertx-hazelcast-3.5.1.jar:/home/travis/build/icyphy/ptII/lib/vertx-lang-js-3.5
.1.jar:/home/travis/build/icyphy/ptII/lib/vertx-service-proxy-3.5.1.jar:/home/t
ravis/build/icyphy/ptII/lib/vertx-web-3.5.1.jar:/home/travis/build/icyphy/ptII/
lib/slf4j-api-1.7.13.jar:/home/travis/build/icyphy/ptII/lib/slf4j-simple-1.7.13
.jar:/home/travis/build/icyphy/ptII/lib/webcam-capture-0.3.12.jar:/home/travis/
build/icyphy/ptII/lib/bridj-0.7.0.jar:/home/travis/build/icyphy/ptII/lib/xbjlib
-1.1.0.nrjavaserial.jar:/home/travis/build/icyphy/ptII/ptolemy/moml/test:/home/
travis/build/icyphy/ptII/ant/lib/ant-launcher.jar:/home/travis/build/icyphy/ptI
I/ant/lib/ant.jar:/home/travis/build/icyphy/ptII/ant/lib/ant-junit.jar:/home/tr
avis/build/icyphy/ptII/ant/lib/ant-junit4.jar:/home/travis/build/icyphy/ptII
ModularCodeGen5_A_A_profile.java
total 2112
drwxrwxr-x   3 travis travis  12288 Aug  1 15:20 AbsoluteValue
drwxrwxr-x   3 travis travis 102400 Aug  1 15:19 AllColt
drwxrwxr-x   3 travis travis  12288 Aug  1 15:19 Case1
-rw-rw-r--   1 travis travis   5128 Aug  1 15:25 CompiledCompositeActor_CompiledCompositeActor.class
-rw-rw-r--   1 travis travis   1611 Aug  1 15:25 CompiledCompositeActor_CompiledCompositeActor$_CompiledCompositeActor_CompiledCompositeActor.class
-rw-rw-r--   1 travis travis  13466 Aug  1 15:25 CompiledCompositeActor_CompiledCompositeActor.java
-rw-rw-r--   1 travis travis   1593 Aug  1 15:25 CompiledCompositeActor_CompiledCompositeActor.mk
drwxrwxr-x   5 travis travis   4096 Aug  1 15:18 fmi
drwxrwxr-x   3 travis travis  16384 Aug  1 15:20 Gaussian2
-rw-rw-r--   1 travis travis   4684 Aug  1 15:25 JavaCompiledCompositeTest1_CompiledCompositeActor.class
-rw-rw-r--   1 travis travis  11637 Aug  1 15:25 JavaCompiledCompositeTest1_CompiledCompositeActor.java
-rw-rw-r--   1 travis travis   1217 Aug  1 15:25 JavaCompiledCompositeTest1_CompiledCompositeActor$_JavaCompiledCompositeTest1_CompiledCompositeActor.class
-rw-rw-r--   1 travis travis   1625 Aug  1 15:25 JavaCompiledCompositeTest1_CompiledCompositeActor.mk
-rw-rw-r--   1 travis travis   5115 Aug  1 15:25 JavaCompiledCompositeTest2_CompiledCompositeActor.class
-rw-rw-r--   1 travis travis  14919 Aug  1 15:25 JavaCompiledCompositeTest2_CompiledCompositeActor.java
-rw-rw-r--   1 travis travis   1812 Aug  1 15:25 JavaCompiledCompositeTest2_CompiledCompositeActor$_JavaCompiledCompositeTest2_CompiledCompositeActor.class
-rw-rw-r--   1 travis travis   1625 Aug  1 15:25 JavaCompiledCompositeTest2_CompiledCompositeActor.mk
-rw-rw-r--   1 travis travis   4732 Aug  1 15:25 JavaCompiledCompositeTest3_CompiledCompositeActor.class
-rw-rw-r--   1 travis travis  13080 Aug  1 15:25 JavaCompiledCompositeTest3_CompiledCompositeActor.java
-rw-rw-r--   1 travis travis   1397 Aug  1 15:25 JavaCompiledCompositeTest3_CompiledCompositeActor$_JavaCompiledCompositeTest3_CompiledCompositeActor.class
-rw-rw-r--   1 travis travis   1625 Aug  1 15:25 JavaCompiledCompositeTest3_CompiledCompositeActor.mk
-rw-rw-r--   1 travis travis   4183 Aug  1 15:25 JavaCompiledCompositeTest4_CompiledCompositeActor.class
-rw-rw-r--   1 travis travis   9687 Aug  1 15:25 JavaCompiledCompositeTest4_CompiledCompositeActor.java
-rw-rw-r--   1 travis travis    876 Aug  1 15:25 JavaCompiledCompositeTest4_CompiledCompositeActor$_JavaCompiledCompositeTest4_CompiledCompositeActor.class
-rw-rw-r--   1 travis travis   1625 Aug  1 15:25 JavaCompiledCompositeTest4_CompiledCompositeActor.mk
drwxrwxr-x   3 travis travis  12288 Aug  1 15:20 LookupTable
drwxrwxr-x   3 travis travis  20480 Aug  1 15:20 MaxIndex
-rw-rw-r--   1 travis travis   3925 Aug  1 15:25 ModularCG_A1_B1.class
-rw-rw-r--   1 travis travis   9730 Aug  1 15:25 ModularCG_A1_B1.java
-rw-rw-r--   1 travis travis    832 Aug  1 15:25 ModularCG_A1_B1.mk
-rw-rw-r--   1 travis travis   1318 Aug  1 15:25 ModularCG_A1_B1_profile.class
-rw-rw-r--   1 travis travis   1262 Aug  1 15:25 ModularCG_A1_B1_profile.java
-rw-rw-r--   1 travis travis   3925 Aug  1 15:25 ModularCG_A1_B2.class
-rw-rw-r--   1 travis travis   9730 Aug  1 15:25 ModularCG_A1_B2.java
-rw-rw-r--   1 travis travis    832 Aug  1 15:25 ModularCG_A1_B2.mk
-rw-rw-r--   1 travis travis   1318 Aug  1 15:25 ModularCG_A1_B2_profile.class
-rw-rw-r--   1 travis travis   1262 Aug  1 15:25 ModularCG_A1_B2_profile.java
-rw-rw-r--   1 travis travis   5031 Aug  1 15:25 ModularCG_A1.class
-rw-rw-r--   1 travis travis  14742 Aug  1 15:25 ModularCG_A1.java
-rw-rw-r--   1 travis travis    808 Aug  1 15:25 ModularCG_A1.mk
-rw-rw-r--   1 travis travis   1433 Aug  1 15:25 ModularCG_A1_profile.class
-rw-rw-r--   1 travis travis   1704 Aug  1 15:25 ModularCG_A1_profile.java
-rw-rw-r--   1 travis travis   4059 Aug  1 15:25 ModularCG_A2_B1.class
-rw-rw-r--   1 travis travis  10667 Aug  1 15:25 ModularCG_A2_B1.java
-rw-rw-r--   1 travis travis    832 Aug  1 15:25 ModularCG_A2_B1.mk
-rw-rw-r--   1 travis travis   1381 Aug  1 15:25 ModularCG_A2_B1_profile.class
-rw-rw-r--   1 travis travis   1446 Aug  1 15:25 ModularCG_A2_B1_profile.java
-rw-rw-r--   1 travis travis   3925 Aug  1 15:25 ModularCG_A2_B2.class
-rw-rw-r--   1 travis travis   9730 Aug  1 15:25 ModularCG_A2_B2.java
-rw-rw-r--   1 travis travis    832 Aug  1 15:25 ModularCG_A2_B2.mk
-rw-rw-r--   1 travis travis   1318 Aug  1 15:25 ModularCG_A2_B2_profile.class
-rw-rw-r--   1 travis travis   1262 Aug  1 15:25 ModularCG_A2_B2_profile.java
-rw-rw-r--   1 travis travis   5102 Aug  1 15:25 ModularCG_A2.class
-rw-rw-r--   1 travis travis  15129 Aug  1 15:25 ModularCG_A2.java
-rw-rw-r--   1 travis travis    808 Aug  1 15:25 ModularCG_A2.mk
-rw-rw-r--   1 travis travis   1433 Aug  1 15:25 ModularCG_A2_profile.class
-rw-rw-r--   1 travis travis   1704 Aug  1 15:25 ModularCG_A2_profile.java
-rw-rw-r--   1 travis travis   3705 Aug  1 15:25 ModularCGPubSub_A1_A2.class
-rw-rw-r--   1 travis travis   9076 Aug  1 15:25 ModularCGPubSub_A1_A2.java
-rw-rw-r--   1 travis travis    880 Aug  1 15:25 ModularCGPubSub_A1_A2.mk
-rw-rw-r--   1 travis travis   1300 Aug  1 15:25 ModularCGPubSub_A1_A2_profile.class
-rw-rw-r--   1 travis travis   1222 Aug  1 15:25 ModularCGPubSub_A1_A2_profile.java
-rw-rw-r--   1 travis travis   4022 Aug  1 15:25 ModularCGPubSub_A1.class
-rw-rw-r--   1 travis travis   9836 Aug  1 15:25 ModularCGPubSub_A1.java
-rw-rw-r--   1 travis travis    856 Aug  1 15:25 ModularCGPubSub_A1.mk
-rw-rw-r--   1 travis travis   1346 Aug  1 15:25 ModularCGPubSub_A1_profile.class
-rw-rw-r--   1 travis travis   1388 Aug  1 15:25 ModularCGPubSub_A1_profile.java
-rw-rw-r--   1 travis travis   4220 Aug  1 15:25 ModularCodeGen2_ModularCodeGenTypedCompositeActor.class
-rw-rw-r--   1 travis travis  11690 Aug  1 15:25 ModularCodeGen2_ModularCodeGenTypedCompositeActor.java
-rw-rw-r--   1 travis travis   1104 Aug  1 15:25 ModularCodeGen2_ModularCodeGenTypedCompositeActor.mk
-rw-rw-r--   1 travis travis   4504 Aug  1 15:25 ModularCodeGen2_ModularCodeGenTypedCompositeActor_ModularCodeGenTypedCompositeActor.class
-rw-rw-r--   1 travis travis  11790 Aug  1 15:25 ModularCodeGen2_ModularCodeGenTypedCompositeActor_ModularCodeGenTypedCompositeActor.java
-rw-rw-r--   1 travis travis   1376 Aug  1 15:25 ModularCodeGen2_ModularCodeGenTypedCompositeActor_ModularCodeGenTypedCompositeActor.mk
-rw-rw-r--   1 travis travis   1421 Aug  1 15:25 ModularCodeGen2_ModularCodeGenTypedCompositeActor_ModularCodeGenTypedCompositeActor_profile.class
-rw-rw-r--   1 travis travis   1294 Aug  1 15:25 ModularCodeGen2_ModularCodeGenTypedCompositeActor_ModularCodeGenTypedCompositeActor_profile.java
-rw-rw-r--   1 travis travis    820 Aug  1 15:25 ModularCodeGen2_ModularCodeGenTypedCompositeActor_profile.class
-rw-rw-r--   1 travis travis    693 Aug  1 15:25 ModularCodeGen2_ModularCodeGenTypedCompositeActor_profile.java
-rw-rw-r--   1 travis travis   3973 Aug  1 15:25 ModularCodeGen3_A1_B1.class
-rw-rw-r--   1 travis travis   9958 Aug  1 15:25 ModularCodeGen3_A1_B1.java
-rw-rw-r--   1 travis travis    880 Aug  1 15:25 ModularCodeGen3_A1_B1.mk
-rw-rw-r--   1 travis travis   1330 Aug  1 15:25 ModularCodeGen3_A1_B1_profile.class
-rw-rw-r--   1 travis travis   1274 Aug  1 15:25 ModularCodeGen3_A1_B1_profile.java
-rw-rw-r--   1 travis travis   3973 Aug  1 15:26 ModularCodeGen3_A1_B2.class
-rw-rw-r--   1 travis travis   9958 Aug  1 15:26 ModularCodeGen3_A1_B2.java
-rw-rw-r--   1 travis travis    880 Aug  1 15:26 ModularCodeGen3_A1_B2.mk
-rw-rw-r--   1 travis travis   1330 Aug  1 15:26 ModularCodeGen3_A1_B2_profile.class
-rw-rw-r--   1 travis travis   1274 Aug  1 15:25 ModularCodeGen3_A1_B2_profile.java
-rw-rw-r--   1 travis travis   5193 Aug  1 15:26 ModularCodeGen3_A1.class
-rw-rw-r--   1 travis travis  15564 Aug  1 15:26 ModularCodeGen3_A1.java
-rw-rw-r--   1 travis travis    856 Aug  1 15:26 ModularCodeGen3_A1.mk
-rw-rw-r--   1 travis travis   1445 Aug  1 15:26 ModularCodeGen3_A1_profile.class
-rw-rw-r--   1 travis travis   1716 Aug  1 15:26 ModularCodeGen3_A1_profile.java
-rw-rw-r--   1 travis travis   4119 Aug  1 15:26 ModularCodeGen3_A2_B1.class
-rw-rw-r--   1 travis travis  10955 Aug  1 15:26 ModularCodeGen3_A2_B1.java
-rw-rw-r--   1 travis travis    880 Aug  1 15:26 ModularCodeGen3_A2_B1.mk
-rw-rw-r--   1 travis travis   1393 Aug  1 15:26 ModularCodeGen3_A2_B1_profile.class
-rw-rw-r--   1 travis travis   1458 Aug  1 15:26 ModularCodeGen3_A2_B1_profile.java
-rw-rw-r--   1 travis travis   3973 Aug  1 15:26 ModularCodeGen3_A2_B2.class
-rw-rw-r--   1 travis travis   9958 Aug  1 15:26 ModularCodeGen3_A2_B2.java
-rw-rw-r--   1 travis travis    880 Aug  1 15:26 ModularCodeGen3_A2_B2.mk
-rw-rw-r--   1 travis travis   1330 Aug  1 15:26 ModularCodeGen3_A2_B2_profile.class
-rw-rw-r--   1 travis travis   1274 Aug  1 15:26 ModularCodeGen3_A2_B2_profile.java
-rw-rw-r--   1 travis travis   5270 Aug  1 15:26 ModularCodeGen3_A2.class
-rw-rw-r--   1 travis travis  15957 Aug  1 15:26 ModularCodeGen3_A2.java
-rw-rw-r--   1 travis travis    856 Aug  1 15:26 ModularCodeGen3_A2.mk
-rw-rw-r--   1 travis travis   1445 Aug  1 15:26 ModularCodeGen3_A2_profile.class
-rw-rw-r--   1 travis travis   1716 Aug  1 15:26 ModularCodeGen3_A2_profile.java
-rw-rw-r--   1 travis travis   4026 Aug  1 15:26 ModularCodeGen4_A1_B1.class
-rw-rw-r--   1 travis travis  10312 Aug  1 15:26 ModularCodeGen4_A1_B1.java
-rw-rw-r--   1 travis travis    880 Aug  1 15:26 ModularCodeGen4_A1_B1.mk
-rw-rw-r--   1 travis travis   1330 Aug  1 15:26 ModularCodeGen4_A1_B1_profile.class
-rw-rw-r--   1 travis travis   1273 Aug  1 15:26 ModularCodeGen4_A1_B1_profile.java
-rw-rw-r--   1 travis travis   4026 Aug  1 15:26 ModularCodeGen4_A1_B2.class
-rw-rw-r--   1 travis travis  10312 Aug  1 15:26 ModularCodeGen4_A1_B2.java
-rw-rw-r--   1 travis travis    880 Aug  1 15:26 ModularCodeGen4_A1_B2.mk
-rw-rw-r--   1 travis travis   1330 Aug  1 15:26 ModularCodeGen4_A1_B2_profile.class
-rw-rw-r--   1 travis travis   1273 Aug  1 15:26 ModularCodeGen4_A1_B2_profile.java
-rw-rw-r--   1 travis travis   5333 Aug  1 15:26 ModularCodeGen4_A1.class
-rw-rw-r--   1 travis travis  16245 Aug  1 15:26 ModularCodeGen4_A1.java
-rw-rw-r--   1 travis travis    856 Aug  1 15:26 ModularCodeGen4_A1.mk
-rw-rw-r--   1 travis travis   1445 Aug  1 15:26 ModularCodeGen4_A1_profile.class
-rw-rw-r--   1 travis travis   1712 Aug  1 15:26 ModularCodeGen4_A1_profile.java
-rw-rw-r--   1 travis travis   4220 Aug  1 15:26 ModularCodeGen4_A2_B1.class
-rw-rw-r--   1 travis travis  11375 Aug  1 15:26 ModularCodeGen4_A2_B1.java
-rw-rw-r--   1 travis travis    880 Aug  1 15:26 ModularCodeGen4_A2_B1.mk
-rw-rw-r--   1 travis travis   1393 Aug  1 15:26 ModularCodeGen4_A2_B1_profile.class
-rw-rw-r--   1 travis travis   1454 Aug  1 15:26 ModularCodeGen4_A2_B1_profile.java
-rw-rw-r--   1 travis travis   4074 Aug  1 15:26 ModularCodeGen4_A2_B2.class
-rw-rw-r--   1 travis travis  10378 Aug  1 15:26 ModularCodeGen4_A2_B2.java
-rw-rw-r--   1 travis travis    880 Aug  1 15:26 ModularCodeGen4_A2_B2.mk
-rw-rw-r--   1 travis travis   1330 Aug  1 15:26 ModularCodeGen4_A2_B2_profile.class
-rw-rw-r--   1 travis travis   1270 Aug  1 15:26 ModularCodeGen4_A2_B2_profile.java
-rw-rw-r--   1 travis travis   5506 Aug  1 15:26 ModularCodeGen4_A2.class
-rw-rw-r--   1 travis travis  16770 Aug  1 15:26 ModularCodeGen4_A2.java
-rw-rw-r--   1 travis travis    856 Aug  1 15:26 ModularCodeGen4_A2.mk
-rw-rw-r--   1 travis travis   1445 Aug  1 15:26 ModularCodeGen4_A2_profile.class
-rw-rw-r--   1 travis travis   1712 Aug  1 15:26 ModularCodeGen4_A2_profile.java
-rw-rw-r--   1 travis travis   1815 Aug  1 15:26 ModularCodeGen5_A_A_profile.java
-rw-rw-r--   1 travis travis   4186 Aug  1 15:25 ModularCodeGen_ModularCodeGenTypedCompositeActor.class
-rw-rw-r--   1 travis travis  10970 Aug  1 15:25 ModularCodeGen_ModularCodeGenTypedCompositeActor.java
-rw-rw-r--   1 travis travis   1096 Aug  1 15:25 ModularCodeGen_ModularCodeGenTypedCompositeActor.mk
-rw-rw-r--   1 travis travis   1384 Aug  1 15:25 ModularCodeGen_ModularCodeGenTypedCompositeActor_profile.class
-rw-rw-r--   1 travis travis   1328 Aug  1 15:25 ModularCodeGen_ModularCodeGenTypedCompositeActor_profile.java
-rw-rw-r--   1 travis travis   3724 Aug  1 15:25 ModularCodeGenTest_A1_A2.class
-rw-rw-r--   1 travis travis   9164 Aug  1 15:25 ModularCodeGenTest_A1_A2.java
-rw-rw-r--   1 travis travis   1306 Aug  1 15:25 ModularCodeGenTest_A1_A2_profile.class
-rw-rw-r--   1 travis travis   4055 Aug  1 15:25 ModularCodeGenTest_A1.class
-rw-rw-r--   1 travis travis   9968 Aug  1 15:25 ModularCodeGenTest_A1.java
-rw-rw-r--   1 travis travis    880 Aug  1 15:25 ModularCodeGenTest_A1.mk
-rw-rw-r--   1 travis travis   1352 Aug  1 15:25 ModularCodeGenTest_A1_profile.class
-rw-rw-r--   1 travis travis   1394 Aug  1 15:25 ModularCodeGenTest_A1_profile.java
drwxrwxr-x   3 travis travis  32768 Aug  1 15:24 modulation2
drwxrwxr-x 183 travis travis  12288 Aug  1 15:25 node_modules
drwxrwxr-x   3 travis travis  20480 Aug  1 15:21 PhaseUnwrap
drwxrwxr-x   3 travis travis  12288 Aug  1 15:21 ReadFile1
-rw-rw-r--   1 travis travis     11 Aug  1 15:21 ReadFile1Output.txt
-rw-rw-r--   1 travis travis  13773 Aug  1 15:24 Repeat.class
-rw-rw-r--   1 travis travis    685 Aug  1 15:24 Repeat$_fireFunction_Repeat_Repeat$__f_sL_11.class
-rw-rw-r--   1 travis travis    541 Aug  1 15:24 Repeat$_fireFunction_Repeat_Repeat$__f_sL_12.class
-rw-rw-r--   1 travis travis    541 Aug  1 15:24 Repeat$_fireFunction_Repeat_Repeat$__f_sL_13.class
-rw-rw-r--   1 travis travis    541 Aug  1 15:24 Repeat$_fireFunction_Repeat_Repeat$__f_sL_14.class
-rw-rw-r--   1 travis travis    684 Aug  1 15:24 Repeat$_fireFunction_Repeat_Repeat$__f_sL_1.class
-rw-rw-r--   1 travis travis    683 Aug  1 15:24 Repeat$_fireFunction_Repeat_Repeat$__f_sL_4.class
-rw-rw-r--   1 travis travis    539 Aug  1 15:24 Repeat$_fireFunction_Repeat_Repeat$__f_sL_9.class
-rw-rw-r--   1 travis travis    494 Aug  1 15:24 Repeat$_initialize_Repeat$__i_sL_2.class
-rw-rw-r--   1 travis travis   1281 Aug  1 15:24 Repeat.mk
-rw-rw-r--   1 travis travis    539 Aug  1 15:24 Repeat$_preinitializeMethod_Repeat$__p_sL_0.class
-rw-rw-r--   1 travis travis   1102 Aug  1 15:24 Repeat$_Repeat$_fireFunction_Repeat_AddSubtract_Repeat.class
-rw-rw-r--   1 travis travis    810 Aug  1 15:24 Repeat$_Repeat$_fireFunction_Repeat_AddSubtract_Repeat$__f_sL_0.class
-rw-rw-r--   1 travis travis    928 Aug  1 15:24 Repeat$_Repeat$_fireFunction_Repeat_AddSubtract_Repeat$__f_sL_1.class
-rw-rw-r--   1 travis travis    934 Aug  1 15:24 Repeat$_Repeat$_fireFunction_Repeat_AddSubtract_Repeat$__f_sL_2.class
-rw-rw-r--   1 travis travis    862 Aug  1 15:24 Repeat$_Repeat$_fireFunction_Repeat_AddSubtract_Repeat$__f_sL_3.class
-rw-rw-r--   1 travis travis    757 Aug  1 15:24 Repeat$_Repeat$_fireFunction_Repeat_Ramp2_Repeat$__f_sL_0.class
-rw-rw-r--   1 travis travis    888 Aug  1 15:24 Repeat$_Repeat$_fireFunction_Repeat_Test_Repeat$__f_sL_0.class
-rw-rw-r--   1 travis travis    634 Aug  1 15:24 Repeat$_Repeat$_fireFunction_Repeat_Test_Repeat$__f_sL_1.class
-rw-rw-r--   1 travis travis    704 Aug  1 15:24 Repeat$_Repeat_SDF_Director_run_Repeat$__R_sL_0.class
-rw-rw-r--   1 travis travis    705 Aug  1 15:24 Repeat$_Repeat_SDF_Director_run_Repeat$__R_sL_11.class
-rw-rw-r--   1 travis travis    561 Aug  1 15:24 Repeat$_Repeat_SDF_Director_run_Repeat$__R_sL_13.class
-rw-rw-r--   1 travis travis    559 Aug  1 15:24 Repeat$_Repeat_SDF_Director_run_Repeat$__R_sL_2.class
-rw-rw-r--   1 travis travis    703 Aug  1 15:24 Repeat$_Repeat_SDF_Director_run_Repeat$__R_sL_3.class
-rw-rw-r--   1 travis travis    559 Aug  1 15:24 Repeat$_Repeat_SDF_Director_run_Repeat$__R_sL_5.class
-rw-rw-r--   1 travis travis    559 Aug  1 15:24 Repeat$_Repeat_SDF_Director_run_Repeat$__R_sL_8.class
drwxrwxr-x   2 travis travis   4096 Aug  1 15:24 RepeatVariables
-rw-rw-r--   1 travis travis    882 Aug  1 15:24 Repeat$_varinit_Repeat.class
-rw-rw-r--   1 travis travis    550 Aug  1 15:24 Repeat$_varinit_Repeat$__v_sL_2.class
-rw-rw-r--   1 travis travis    924 Aug  1 15:24 Repeat$_varinit_Repeat$__v_sL_4.class
-rw-rw-r--   1 travis travis    978 Aug  1 15:24 Repeat$_wrapup_Repeat$__w_sL_1.class
drwxrwxr-x   3 travis travis  20480 Aug  1 15:21 Sinewave
drwxrwxr-x   3 travis travis  32768 Aug  1 15:23 StringFunction
drwxrwxr-x   3 travis travis  12288 Aug  1 15:23 StringLength
drwxrwxr-x   3 travis travis  61440 Aug  1 15:23 StringMatches2
drwxrwxr-x   3 travis travis  61440 Aug  1 15:23 StringSimpleReplace
drwxrwxr-x   3 travis travis  65536 Aug  1 15:23 StringSubstring
drwxrwxr-x   3 travis travis  24576 Aug  1 15:24 StringSubstring2
drwxrwxr-x   3 travis travis  16384 Aug  1 15:24 time1
drwxrwxr-x   3 travis travis  12288 Aug  1 15:24 time5
-rw-rw-r--   1 travis travis    432 Aug  1 15:26 Token.class
-rw-rw-r--   1 travis travis    251 Aug  1 15:26 Token.java
-rwxrwxr-x   1 travis travis 466992 Aug  1 15:18 top
-rw-rw-r--   1 travis travis  20502 Aug  1 15:18 top.c
-rw-rw-r--   1 travis travis   3799 Aug  1 15:24 top.class
-rw-rw-r--   1 travis travis   1257 Aug  1 15:24 top.mk
All Done
Writing ModularCodeGen5_A_A.java in file:/home/travis/cg/ (28721 characters)
Reading "ptolemy/cg/kernel/generic/program/procedural/java/modular/makefile.in",
    writing "/home/travis/cg/ModularCodeGen5_A_A.mk"
Using ptolemy/cg/kernel/generic/program/procedural/java/modular/makefile.in
In "/home/travis/cg", about to execute:
    make -f ModularCodeGen5_A_A.mk
javac -classpath ".:.."    ModularCodeGen5_A_A.java
All Done
In "/home/travis/cg", about to execute:
    pwd
/home/travis/cg
In "/home/travis/cg", about to execute:
    ls -l
total 2164
drwxrwxr-x   3 travis travis  12288 Aug  1 15:20 AbsoluteValue
drwxrwxr-x   3 travis travis 102400 Aug  1 15:19 AllColt
drwxrwxr-x   3 travis travis  12288 Aug  1 15:19 Case1
-rw-rw-r--   1 travis travis   5128 Aug  1 15:25 CompiledCompositeActor_CompiledCompositeActor.class
-rw-rw-r--   1 travis travis   1611 Aug  1 15:25 CompiledCompositeActor_CompiledCompositeActor$_CompiledCompositeActor_CompiledCompositeActor.class
-rw-rw-r--   1 travis travis  13466 Aug  1 15:25 CompiledCompositeActor_CompiledCompositeActor.java
-rw-rw-r--   1 travis travis   1593 Aug  1 15:25 CompiledCompositeActor_CompiledCompositeActor.mk
drwxrwxr-x   5 travis travis   4096 Aug  1 15:18 fmi
drwxrwxr-x   3 travis travis  16384 Aug  1 15:20 Gaussian2
-rw-rw-r--   1 travis travis   4684 Aug  1 15:25 JavaCompiledCompositeTest1_CompiledCompositeActor.class
-rw-rw-r--   1 travis travis  11637 Aug  1 15:25 JavaCompiledCompositeTest1_CompiledCompositeActor.java
-rw-rw-r--   1 travis travis   1217 Aug  1 15:25 JavaCompiledCompositeTest1_CompiledCompositeActor$_JavaCompiledCompositeTest1_CompiledCompositeActor.class
-rw-rw-r--   1 travis travis   1625 Aug  1 15:25 JavaCompiledCompositeTest1_CompiledCompositeActor.mk
-rw-rw-r--   1 travis travis   5115 Aug  1 15:25 JavaCompiledCompositeTest2_CompiledCompositeActor.class
-rw-rw-r--   1 travis travis  14919 Aug  1 15:25 JavaCompiledCompositeTest2_CompiledCompositeActor.java
-rw-rw-r--   1 travis travis   1812 Aug  1 15:25 JavaCompiledCompositeTest2_CompiledCompositeActor$_JavaCompiledCompositeTest2_CompiledCompositeActor.class
-rw-rw-r--   1 travis travis   1625 Aug  1 15:25 JavaCompiledCompositeTest2_CompiledCompositeActor.mk
-rw-rw-r--   1 travis travis   4732 Aug  1 15:25 JavaCompiledCompositeTest3_CompiledCompositeActor.class
-rw-rw-r--   1 travis travis  13080 Aug  1 15:25 JavaCompiledCompositeTest3_CompiledCompositeActor.java
-rw-rw-r--   1 travis travis   1397 Aug  1 15:25 JavaCompiledCompositeTest3_CompiledCompositeActor$_JavaCompiledCompositeTest3_CompiledCompositeActor.class
-rw-rw-r--   1 travis travis   1625 Aug  1 15:25 JavaCompiledCompositeTest3_CompiledCompositeActor.mk
-rw-rw-r--   1 travis travis   4183 Aug  1 15:25 JavaCompiledCompositeTest4_CompiledCompositeActor.class
-rw-rw-r--   1 travis travis   9687 Aug  1 15:25 JavaCompiledCompositeTest4_CompiledCompositeActor.java
-rw-rw-r--   1 travis travis    876 Aug  1 15:25 JavaCompiledCompositeTest4_CompiledCompositeActor$_JavaCompiledCompositeTest4_CompiledCompositeActor.class
-rw-rw-r--   1 travis travis   1625 Aug  1 15:25 JavaCompiledCompositeTest4_CompiledCompositeActor.mk
drwxrwxr-x   3 travis travis  12288 Aug  1 15:20 LookupTable
drwxrwxr-x   3 travis travis  20480 Aug  1 15:20 MaxIndex
-rw-rw-r--   1 travis travis   3925 Aug  1 15:25 ModularCG_A1_B1.class
-rw-rw-r--   1 travis travis   9730 Aug  1 15:25 ModularCG_A1_B1.java
-rw-rw-r--   1 travis travis    832 Aug  1 15:25 ModularCG_A1_B1.mk
-rw-rw-r--   1 travis travis   1318 Aug  1 15:25 ModularCG_A1_B1_profile.class
-rw-rw-r--   1 travis travis   1262 Aug  1 15:25 ModularCG_A1_B1_profile.java
-rw-rw-r--   1 travis travis   3925 Aug  1 15:25 ModularCG_A1_B2.class
-rw-rw-r--   1 travis travis   9730 Aug  1 15:25 ModularCG_A1_B2.java
-rw-rw-r--   1 travis travis    832 Aug  1 15:25 ModularCG_A1_B2.mk
-rw-rw-r--   1 travis travis   1318 Aug  1 15:25 ModularCG_A1_B2_profile.class
-rw-rw-r--   1 travis travis   1262 Aug  1 15:25 ModularCG_A1_B2_profile.java
-rw-rw-r--   1 travis travis   5031 Aug  1 15:25 ModularCG_A1.class
-rw-rw-r--   1 travis travis  14742 Aug  1 15:25 ModularCG_A1.java
-rw-rw-r--   1 travis travis    808 Aug  1 15:25 ModularCG_A1.mk
-rw-rw-r--   1 travis travis   1433 Aug  1 15:25 ModularCG_A1_profile.class
-rw-rw-r--   1 travis travis   1704 Aug  1 15:25 ModularCG_A1_profile.java
-rw-rw-r--   1 travis travis   4059 Aug  1 15:25 ModularCG_A2_B1.class
-rw-rw-r--   1 travis travis  10667 Aug  1 15:25 ModularCG_A2_B1.java
-rw-rw-r--   1 travis travis    832 Aug  1 15:25 ModularCG_A2_B1.mk
-rw-rw-r--   1 travis travis   1381 Aug  1 15:25 ModularCG_A2_B1_profile.class
-rw-rw-r--   1 travis travis   1446 Aug  1 15:25 ModularCG_A2_B1_profile.java
-rw-rw-r--   1 travis travis   3925 Aug  1 15:25 ModularCG_A2_B2.class
-rw-rw-r--   1 travis travis   9730 Aug  1 15:25 ModularCG_A2_B2.java
-rw-rw-r--   1 travis travis    832 Aug  1 15:25 ModularCG_A2_B2.mk
-rw-rw-r--   1 travis travis   1318 Aug  1 15:25 ModularCG_A2_B2_profile.class
-rw-rw-r--   1 travis travis   1262 Aug  1 15:25 ModularCG_A2_B2_profile.java
-rw-rw-r--   1 travis travis   5102 Aug  1 15:25 ModularCG_A2.class
-rw-rw-r--   1 travis travis  15129 Aug  1 15:25 ModularCG_A2.java
-rw-rw-r--   1 travis travis    808 Aug  1 15:25 ModularCG_A2.mk
-rw-rw-r--   1 travis travis   1433 Aug  1 15:25 ModularCG_A2_profile.class
-rw-rw-r--   1 travis travis   1704 Aug  1 15:25 ModularCG_A2_profile.java
-rw-rw-r--   1 travis travis   3705 Aug  1 15:25 ModularCGPubSub_A1_A2.class
-rw-rw-r--   1 travis travis   9076 Aug  1 15:25 ModularCGPubSub_A1_A2.java
-rw-rw-r--   1 travis travis    880 Aug  1 15:25 ModularCGPubSub_A1_A2.mk
-rw-rw-r--   1 travis travis   1300 Aug  1 15:25 ModularCGPubSub_A1_A2_profile.class
-rw-rw-r--   1 travis travis   1222 Aug  1 15:25 ModularCGPubSub_A1_A2_profile.java
-rw-rw-r--   1 travis travis   4022 Aug  1 15:25 ModularCGPubSub_A1.class
-rw-rw-r--   1 travis travis   9836 Aug  1 15:25 ModularCGPubSub_A1.java
-rw-rw-r--   1 travis travis    856 Aug  1 15:25 ModularCGPubSub_A1.mk
-rw-rw-r--   1 travis travis   1346 Aug  1 15:25 ModularCGPubSub_A1_profile.class
-rw-rw-r--   1 travis travis   1388 Aug  1 15:25 ModularCGPubSub_A1_profile.java
-rw-rw-r--   1 travis travis   4220 Aug  1 15:25 ModularCodeGen2_ModularCodeGenTypedCompositeActor.class
-rw-rw-r--   1 travis travis  11690 Aug  1 15:25 ModularCodeGen2_ModularCodeGenTypedCompositeActor.java
-rw-rw-r--   1 travis travis   1104 Aug  1 15:25 ModularCodeGen2_ModularCodeGenTypedCompositeActor.mk
-rw-rw-r--   1 travis travis   4504 Aug  1 15:25 ModularCodeGen2_ModularCodeGenTypedCompositeActor_ModularCodeGenTypedCompositeActor.class
-rw-rw-r--   1 travis travis  11790 Aug  1 15:25 ModularCodeGen2_ModularCodeGenTypedCompositeActor_ModularCodeGenTypedCompositeActor.java
-rw-rw-r--   1 travis travis   1376 Aug  1 15:25 ModularCodeGen2_ModularCodeGenTypedCompositeActor_ModularCodeGenTypedCompositeActor.mk
-rw-rw-r--   1 travis travis   1421 Aug  1 15:25 ModularCodeGen2_ModularCodeGenTypedCompositeActor_ModularCodeGenTypedCompositeActor_profile.class
-rw-rw-r--   1 travis travis   1294 Aug  1 15:25 ModularCodeGen2_ModularCodeGenTypedCompositeActor_ModularCodeGenTypedCompositeActor_profile.java
-rw-rw-r--   1 travis travis    820 Aug  1 15:25 ModularCodeGen2_ModularCodeGenTypedCompositeActor_profile.class
-rw-rw-r--   1 travis travis    693 Aug  1 15:25 ModularCodeGen2_ModularCodeGenTypedCompositeActor_profile.java
-rw-rw-r--   1 travis travis   3973 Aug  1 15:25 ModularCodeGen3_A1_B1.class
-rw-rw-r--   1 travis travis   9958 Aug  1 15:25 ModularCodeGen3_A1_B1.java
-rw-rw-r--   1 travis travis    880 Aug  1 15:25 ModularCodeGen3_A1_B1.mk
-rw-rw-r--   1 travis travis   1330 Aug  1 15:25 ModularCodeGen3_A1_B1_profile.class
-rw-rw-r--   1 travis travis   1274 Aug  1 15:25 ModularCodeGen3_A1_B1_profile.java
-rw-rw-r--   1 travis travis   3973 Aug  1 15:26 ModularCodeGen3_A1_B2.class
-rw-rw-r--   1 travis travis   9958 Aug  1 15:26 ModularCodeGen3_A1_B2.java
-rw-rw-r--   1 travis travis    880 Aug  1 15:26 ModularCodeGen3_A1_B2.mk
-rw-rw-r--   1 travis travis   1330 Aug  1 15:26 ModularCodeGen3_A1_B2_profile.class
-rw-rw-r--   1 travis travis   1274 Aug  1 15:25 ModularCodeGen3_A1_B2_profile.java
-rw-rw-r--   1 travis travis   5193 Aug  1 15:26 ModularCodeGen3_A1.class
-rw-rw-r--   1 travis travis  15564 Aug  1 15:26 ModularCodeGen3_A1.java
-rw-rw-r--   1 travis travis    856 Aug  1 15:26 ModularCodeGen3_A1.mk
-rw-rw-r--   1 travis travis   1445 Aug  1 15:26 ModularCodeGen3_A1_profile.class
-rw-rw-r--   1 travis travis   1716 Aug  1 15:26 ModularCodeGen3_A1_profile.java
-rw-rw-r--   1 travis travis   4119 Aug  1 15:26 ModularCodeGen3_A2_B1.class
-rw-rw-r--   1 travis travis  10955 Aug  1 15:26 ModularCodeGen3_A2_B1.java
-rw-rw-r--   1 travis travis    880 Aug  1 15:26 ModularCodeGen3_A2_B1.mk
-rw-rw-r--   1 travis travis   1393 Aug  1 15:26 ModularCodeGen3_A2_B1_profile.class
-rw-rw-r--   1 travis travis   1458 Aug  1 15:26 ModularCodeGen3_A2_B1_profile.java
-rw-rw-r--   1 travis travis   3973 Aug  1 15:26 ModularCodeGen3_A2_B2.class
-rw-rw-r--   1 travis travis   9958 Aug  1 15:26 ModularCodeGen3_A2_B2.java
-rw-rw-r--   1 travis travis    880 Aug  1 15:26 ModularCodeGen3_A2_B2.mk
-rw-rw-r--   1 travis travis   1330 Aug  1 15:26 ModularCodeGen3_A2_B2_profile.class
-rw-rw-r--   1 travis travis   1274 Aug  1 15:26 ModularCodeGen3_A2_B2_profile.java
-rw-rw-r--   1 travis travis   5270 Aug  1 15:26 ModularCodeGen3_A2.class
-rw-rw-r--   1 travis travis  15957 Aug  1 15:26 ModularCodeGen3_A2.java
-rw-rw-r--   1 travis travis    856 Aug  1 15:26 ModularCodeGen3_A2.mk
-rw-rw-r--   1 travis travis   1445 Aug  1 15:26 ModularCodeGen3_A2_profile.class
-rw-rw-r--   1 travis travis   1716 Aug  1 15:26 ModularCodeGen3_A2_profile.java
-rw-rw-r--   1 travis travis   4026 Aug  1 15:26 ModularCodeGen4_A1_B1.class
-rw-rw-r--   1 travis travis  10312 Aug  1 15:26 ModularCodeGen4_A1_B1.java
-rw-rw-r--   1 travis travis    880 Aug  1 15:26 ModularCodeGen4_A1_B1.mk
-rw-rw-r--   1 travis travis   1330 Aug  1 15:26 ModularCodeGen4_A1_B1_profile.class
-rw-rw-r--   1 travis travis   1273 Aug  1 15:26 ModularCodeGen4_A1_B1_profile.java
-rw-rw-r--   1 travis travis   4026 Aug  1 15:26 ModularCodeGen4_A1_B2.class
-rw-rw-r--   1 travis travis  10312 Aug  1 15:26 ModularCodeGen4_A1_B2.java
-rw-rw-r--   1 travis travis    880 Aug  1 15:26 ModularCodeGen4_A1_B2.mk
-rw-rw-r--   1 travis travis   1330 Aug  1 15:26 ModularCodeGen4_A1_B2_profile.class
-rw-rw-r--   1 travis travis   1273 Aug  1 15:26 ModularCodeGen4_A1_B2_profile.java
-rw-rw-r--   1 travis travis   5333 Aug  1 15:26 ModularCodeGen4_A1.class
-rw-rw-r--   1 travis travis  16245 Aug  1 15:26 ModularCodeGen4_A1.java
-rw-rw-r--   1 travis travis    856 Aug  1 15:26 ModularCodeGen4_A1.mk
-rw-rw-r--   1 travis travis   1445 Aug  1 15:26 ModularCodeGen4_A1_profile.class
-rw-rw-r--   1 travis travis   1712 Aug  1 15:26 ModularCodeGen4_A1_profile.java
-rw-rw-r--   1 travis travis   4220 Aug  1 15:26 ModularCodeGen4_A2_B1.class
-rw-rw-r--   1 travis travis  11375 Aug  1 15:26 ModularCodeGen4_A2_B1.java
-rw-rw-r--   1 travis travis    880 Aug  1 15:26 ModularCodeGen4_A2_B1.mk
-rw-rw-r--   1 travis travis   1393 Aug  1 15:26 ModularCodeGen4_A2_B1_profile.class
-rw-rw-r--   1 travis travis   1454 Aug  1 15:26 ModularCodeGen4_A2_B1_profile.java
-rw-rw-r--   1 travis travis   4074 Aug  1 15:26 ModularCodeGen4_A2_B2.class
-rw-rw-r--   1 travis travis  10378 Aug  1 15:26 ModularCodeGen4_A2_B2.java
-rw-rw-r--   1 travis travis    880 Aug  1 15:26 ModularCodeGen4_A2_B2.mk
-rw-rw-r--   1 travis travis   1330 Aug  1 15:26 ModularCodeGen4_A2_B2_profile.class
-rw-rw-r--   1 travis travis   1270 Aug  1 15:26 ModularCodeGen4_A2_B2_profile.java
-rw-rw-r--   1 travis travis   5506 Aug  1 15:26 ModularCodeGen4_A2.class
-rw-rw-r--   1 travis travis  16770 Aug  1 15:26 ModularCodeGen4_A2.java
-rw-rw-r--   1 travis travis    856 Aug  1 15:26 ModularCodeGen4_A2.mk
-rw-rw-r--   1 travis travis   1445 Aug  1 15:26 ModularCodeGen4_A2_profile.class
-rw-rw-r--   1 travis travis   1712 Aug  1 15:26 ModularCodeGen4_A2_profile.java
-rw-rw-r--   1 travis travis   7070 Aug  1 15:26 ModularCodeGen5_A_A.class
-rw-rw-r--   1 travis travis  28721 Aug  1 15:26 ModularCodeGen5_A_A.java
-rw-rw-r--   1 travis travis    864 Aug  1 15:26 ModularCodeGen5_A_A.mk
-rw-rw-r--   1 travis travis   1520 Aug  1 15:26 ModularCodeGen5_A_A_profile.class
-rw-rw-r--   1 travis travis   1815 Aug  1 15:26 ModularCodeGen5_A_A_profile.java
-rw-rw-r--   1 travis travis   1605 Aug  1 15:26 ModularCodeGen5_A_profile.java
-rw-rw-r--   1 travis travis   4186 Aug  1 15:25 ModularCodeGen_ModularCodeGenTypedCompositeActor.class
-rw-rw-r--   1 travis travis  10970 Aug  1 15:25 ModularCodeGen_ModularCodeGenTypedCompositeActor.java
-rw-rw-r--   1 travis travis   1096 Aug  1 15:25 ModularCodeGen_ModularCodeGenTypedCompositeActor.mk
-rw-rw-r--   1 travis travis   1384 Aug  1 15:25 ModularCodeGen_ModularCodeGenTypedCompositeActor_profile.class
-rw-rw-r--   1 travis travis   1328 Aug  1 15:25 ModularCodeGen_ModularCodeGenTypedCompositeActor_profile.java
-rw-rw-r--   1 travis travis   3724 Aug  1 15:25 ModularCodeGenTest_A1_A2.class
-rw-rw-r--   1 travis travis   9164 Aug  1 15:25 ModularCodeGenTest_A1_A2.java
-rw-rw-r--   1 travis travis   1306 Aug  1 15:25 ModularCodeGenTest_A1_A2_profile.class
-rw-rw-r--   1 travis travis   4055 Aug  1 15:25 ModularCodeGenTest_A1.class
-rw-rw-r--   1 travis travis   9968 Aug  1 15:25 ModularCodeGenTest_A1.java
-rw-rw-r--   1 travis travis    880 Aug  1 15:25 ModularCodeGenTest_A1.mk
-rw-rw-r--   1 travis travis   1352 Aug  1 15:25 ModularCodeGenTest_A1_profile.class
-rw-rw-r--   1 travis travis   1394 Aug  1 15:25 ModularCodeGenTest_A1_profile.java
drwxrwxr-x   3 travis travis  32768 Aug  1 15:24 modulation2
drwxrwxr-x 183 travis travis  12288 Aug  1 15:25 node_modules
drwxrwxr-x   3 travis travis  20480 Aug  1 15:21 PhaseUnwrap
drwxrwxr-x   3 travis travis  12288 Aug  1 15:21 ReadFile1
-rw-rw-r--   1 travis travis     11 Aug  1 15:21 ReadFile1Output.txt
-rw-rw-r--   1 travis travis  13773 Aug  1 15:24 Repeat.class
-rw-rw-r--   1 travis travis    685 Aug  1 15:24 Repeat$_fireFunction_Repeat_Repeat$__f_sL_11.class
-rw-rw-r--   1 travis travis    541 Aug  1 15:24 Repeat$_fireFunction_Repeat_Repeat$__f_sL_12.class
-rw-rw-r--   1 travis travis    541 Aug  1 15:24 Repeat$_fireFunction_Repeat_Repeat$__f_sL_13.class
-rw-rw-r--   1 travis travis    541 Aug  1 15:24 Repeat$_fireFunction_Repeat_Repeat$__f_sL_14.class
-rw-rw-r--   1 travis travis    684 Aug  1 15:24 Repeat$_fireFunction_Repeat_Repeat$__f_sL_1.class
-rw-rw-r--   1 travis travis    683 Aug  1 15:24 Repeat$_fireFunction_Repeat_Repeat$__f_sL_4.class
-rw-rw-r--   1 travis travis    539 Aug  1 15:24 Repeat$_fireFunction_Repeat_Repeat$__f_sL_9.class
-rw-rw-r--   1 travis travis    494 Aug  1 15:24 Repeat$_initialize_Repeat$__i_sL_2.class
-rw-rw-r--   1 travis travis   1281 Aug  1 15:24 Repeat.mk
-rw-rw-r--   1 travis travis    539 Aug  1 15:24 Repeat$_preinitializeMethod_Repeat$__p_sL_0.class
-rw-rw-r--   1 travis travis   1102 Aug  1 15:24 Repeat$_Repeat$_fireFunction_Repeat_AddSubtract_Repeat.class
-rw-rw-r--   1 travis travis    810 Aug  1 15:24 Repeat$_Repeat$_fireFunction_Repeat_AddSubtract_Repeat$__f_sL_0.class
-rw-rw-r--   1 travis travis    928 Aug  1 15:24 Repeat$_Repeat$_fireFunction_Repeat_AddSubtract_Repeat$__f_sL_1.class
-rw-rw-r--   1 travis travis    934 Aug  1 15:24 Repeat$_Repeat$_fireFunction_Repeat_AddSubtract_Repeat$__f_sL_2.class
-rw-rw-r--   1 travis travis    862 Aug  1 15:24 Repeat$_Repeat$_fireFunction_Repeat_AddSubtract_Repeat$__f_sL_3.class
-rw-rw-r--   1 travis travis    757 Aug  1 15:24 Repeat$_Repeat$_fireFunction_Repeat_Ramp2_Repeat$__f_sL_0.class
-rw-rw-r--   1 travis travis    888 Aug  1 15:24 Repeat$_Repeat$_fireFunction_Repeat_Test_Repeat$__f_sL_0.class
-rw-rw-r--   1 travis travis    634 Aug  1 15:24 Repeat$_Repeat$_fireFunction_Repeat_Test_Repeat$__f_sL_1.class
-rw-rw-r--   1 travis travis    704 Aug  1 15:24 Repeat$_Repeat_SDF_Director_run_Repeat$__R_sL_0.class
-rw-rw-r--   1 travis travis    705 Aug  1 15:24 Repeat$_Repeat_SDF_Director_run_Repeat$__R_sL_11.class
-rw-rw-r--   1 travis travis    561 Aug  1 15:24 Repeat$_Repeat_SDF_Director_run_Repeat$__R_sL_13.class
-rw-rw-r--   1 travis travis    559 Aug  1 15:24 Repeat$_Repeat_SDF_Director_run_Repeat$__R_sL_2.class
-rw-rw-r--   1 travis travis    703 Aug  1 15:24 Repeat$_Repeat_SDF_Director_run_Repeat$__R_sL_3.class
-rw-rw-r--   1 travis travis    559 Aug  1 15:24 Repeat$_Repeat_SDF_Director_run_Repeat$__R_sL_5.class
-rw-rw-r--   1 travis travis    559 Aug  1 15:24 Repeat$_Repeat_SDF_Director_run_Repeat$__R_sL_8.class
drwxrwxr-x   2 travis travis   4096 Aug  1 15:24 RepeatVariables
-rw-rw-r--   1 travis travis    882 Aug  1 15:24 Repeat$_varinit_Repeat.class
-rw-rw-r--   1 travis travis    550 Aug  1 15:24 Repeat$_varinit_Repeat$__v_sL_2.class
-rw-rw-r--   1 travis travis    924 Aug  1 15:24 Repeat$_varinit_Repeat$__v_sL_4.class
-rw-rw-r--   1 travis travis    978 Aug  1 15:24 Repeat$_wrapup_Repeat$__w_sL_1.class
drwxrwxr-x   3 travis travis  20480 Aug  1 15:21 Sinewave
drwxrwxr-x   3 travis travis  32768 Aug  1 15:23 StringFunction
drwxrwxr-x   3 travis travis  12288 Aug  1 15:23 StringLength
drwxrwxr-x   3 travis travis  61440 Aug  1 15:23 StringMatches2
drwxrwxr-x   3 travis travis  61440 Aug  1 15:23 StringSimpleReplace
drwxrwxr-x   3 travis travis  65536 Aug  1 15:23 StringSubstring
drwxrwxr-x   3 travis travis  24576 Aug  1 15:24 StringSubstring2
drwxrwxr-x   3 travis travis  16384 Aug  1 15:24 time1
drwxrwxr-x   3 travis travis  12288 Aug  1 15:24 time5
-rw-rw-r--   1 travis travis    432 Aug  1 15:26 Token.class
-rw-rw-r--   1 travis travis    251 Aug  1 15:26 Token.java
-rwxrwxr-x   1 travis travis 466992 Aug  1 15:18 top
-rw-rw-r--   1 travis travis  20502 Aug  1 15:18 top.c
-rw-rw-r--   1 travis travis   3799 Aug  1 15:24 top.class
-rw-rw-r--   1 travis travis   1257 Aug  1 15:24 top.mk
In "/home/travis/cg", about to execute:
    javac -classpath
.:/home/travis/build/icyphy/ptII:/home/travis/build/icyphy/ptII/lib/bsh-2.0b4.j
ar:/home/travis/build/icyphy/ptII/lib/ptCal.jar:/home/travis/build/icyphy/ptII/
lib/java_cup.jar:/home/travis/build/icyphy/ptII/lib/saxon8.jar:/home/travis/bui
ld/icyphy/ptII/lib/saxon8-dom.jar:/home/travis/build/icyphy/ptII/lib/chic.jar:/
home/travis/build/icyphy/ptII/lib/ptcolt.jar:/home/travis/build/icyphy/ptII/ven
dors/misc/itext/iText.jar:/home/travis/build/icyphy/ptII/lib/g4ltl.jar:/home/tr
avis/build/icyphy/ptII/lib/StructuralCoder.jar:/home/travis/build/icyphy/ptII/l
ib/jcerti.jar:/home/travis/build/icyphy/ptII/lib/javax.mail.jar:/home/travis/bu
ild/icyphy/ptII/vendors/JMF-2.1.1e/lib/jmf.jar:/home/travis/build/icyphy/ptII/l
ib/jna-4.0.0-variadic.jar:/home/travis/build/icyphy/ptII/vendors/misc/joystick/
Joystick.jar:/home/travis/build/icyphy/ptII/lib/ptjacl.jar:/home/travis/build/i
cyphy/ptII/lib/jsoup-1.8.2.jar:/home/travis/build/icyphy/ptII/lib/junit-4.8.2.j
ar:/home/travis/build/icyphy/ptII/lib/JUnitParams-0.4.0.jar:/home/travis/build/
icyphy/ptII/ptolemy/actor/lib/excel/jxl.jar:/home/travis/build/icyphy/ptII/lib/
jython.jar:/home/travis/build/icyphy/ptII/lib/kieler.jar:/home/travis/build/icy
phy/ptII/vendors/opencv/share/OpenCV/java/opencv-341.jar:/home/travis/build/icy
phy/ptII/lib/oscP5.jar:/home/travis/build/icyphy/ptII/lib/nrjavaserial-3.11.0.d
evel.jar:/home/travis/build/icyphy/ptII/vendors/j3d/lib/Linux/j3dcore.jar:/home
/travis/build/icyphy/ptII/vendors/j3d/lib/Linux/j3dutils.jar:/home/travis/build
/icyphy/ptII/vendors/j3d/lib/Linux/vecmath.jar:/home/travis/build/icyphy/ptII/v
endors/jogl/lib/Linux/gluegen-rt-natives-linux-amd64.jar:/home/travis/build/icy
phy/ptII/vendors/jogl/lib/Linux/gluegen-rt.jar:/home/travis/build/icyphy/ptII/v
endors/jogl/lib/Linux/jogl-all-natives-linux-amd64.jar:/home/travis/build/icyph
y/ptII/vendors/jogl/lib/Linux/jogl-all.jar:/home/travis/build/icyphy/ptII/ptole
my/distributed/jini/jar/jini-core.jar:/home/travis/build/icyphy/ptII/ptolemy/di
stributed/jini/jar/jini-ext.jar:/home/travis/build/icyphy/ptII/ptolemy/distribu
ted/jini/jar/sun-util.jar:/home/travis/build/icyphy/ptII/lib/protobuf-java-2.4.
1.jar:/home/travis/build/icyphy/ptII/lib/org.eclipse.paho.client.mqttv3.jar:/ho
me/travis/build/icyphy/ptII/lib/mapss.jar:/home/travis/build/icyphy/ptII/ptolem
y/actor/ptalon/antlr/antlr.jar:/home/travis/build/icyphy/ptII/lib/JRI.jar:/home
/travis/build/icyphy/ptII/lib/commons-lang-2.6.jar:/home/travis/build/icyphy/pt
II/lib/commons-logging-1.1.1.jar:/home/travis/build/icyphy/ptII/lib/sootclasses
.jar:/home/travis/build/icyphy/ptII/ptolemy/actor/lib/database/mysql-connector-
java-5.1.6-bin.jar:/home/travis/build/icyphy/ptII/vendors/misc/sphinx4/sphinx4-
data-5prealpha.jar:/home/travis/build/icyphy/ptII/vendors/misc/sphinx4/sphinx4-
core-5prealpha.jar:/home/travis/build/icyphy/ptII/lib/PDFRenderer.jar:/home/tra
vis/build/icyphy/ptII/lib/svgSalamander.jar:/home/travis/build/icyphy/ptII/lib/
rsyntaxtextarea-2.6.0-SNAPSHOT.jar:/home/travis/build/icyphy/ptII/lib/hazelcast
-3.8.2.jar:/home/travis/build/icyphy/ptII/lib/jackson-annotations-2.9.0.jar:/ho
me/travis/build/icyphy/ptII/lib/jackson-core-2.9.3.jar:/home/travis/build/icyph
y/ptII/lib/jackson-databind-2.9.3.jar:/home/travis/build/icyphy/ptII/lib/netty-
buffer-4.1.19.Final.jar:/home/travis/build/icyphy/ptII/lib/netty-codec-4.1.19.F
inal.jar:/home/travis/build/icyphy/ptII/lib/netty-codec-dns-4.1.19.Final.jar:/h
ome/travis/build/icyphy/ptII/lib/netty-codec-http-4.1.19.Final.jar:/home/travis
/build/icyphy/ptII/lib/netty-codec-http2-4.1.19.Final.jar:/home/travis/build/ic
yphy/ptII/lib/netty-common-4.1.19.Final.jar:/home/travis/build/icyphy/ptII/lib/
netty-handler-4.1.19.Final.jar:/home/travis/build/icyphy/ptII/lib/netty-resolve
r-4.1.19.Final.jar:/home/travis/build/icyphy/ptII/lib/netty-resolver-dns-4.1.19
.Final.jar:/home/travis/build/icyphy/ptII/lib/netty-transport-4.1.19.Final.jar:
/home/travis/build/icyphy/ptII/lib/vertx-codegen-3.5.1.jar:/home/travis/build/i
cyphy/ptII/lib/vertx-core-3.5.2-SNAPSHOT.jar:/home/travis/build/icyphy/ptII/lib
/vertx-hazelcast-3.5.1.jar:/home/travis/build/icyphy/ptII/lib/vertx-lang-js-3.5
.1.jar:/home/travis/build/icyphy/ptII/lib/vertx-service-proxy-3.5.1.jar:/home/t
ravis/build/icyphy/ptII/lib/vertx-web-3.5.1.jar:/home/travis/build/icyphy/ptII/
lib/slf4j-api-1.7.13.jar:/home/travis/build/icyphy/ptII/lib/slf4j-simple-1.7.13
.jar:/home/travis/build/icyphy/ptII/lib/webcam-capture-0.3.12.jar:/home/travis/
build/icyphy/ptII/lib/bridj-0.7.0.jar:/home/travis/build/icyphy/ptII/lib/xbjlib
-1.1.0.nrjavaserial.jar:/home/travis/build/icyphy/ptII/ptolemy/moml/test:/home/
travis/build/icyphy/ptII/ant/lib/ant-launcher.jar:/home/travis/build/icyphy/ptI
I/ant/lib/ant.jar:/home/travis/build/icyphy/ptII/ant/lib/ant-junit.jar:/home/tr
avis/build/icyphy/ptII/ant/lib/ant-junit4.jar:/home/travis/build/icyphy/ptII
ModularCodeGen5_A_profile.java
All Done
Writing ModularCodeGen5_A.java in file:/home/travis/cg/ (13769 characters)
Reading "ptolemy/cg/kernel/generic/program/procedural/java/modular/makefile.in",
    writing "/home/travis/cg/ModularCodeGen5_A.mk"
Using ptolemy/cg/kernel/generic/program/procedural/java/modular/makefile.in
In "/home/travis/cg", about to execute:
    make -f ModularCodeGen5_A.mk
javac -classpath ".:.."    ModularCodeGen5_A.java
All Done
5268 ms. Memory: 129024K Free: 84709K (66%)
----------------- Invoking toplevel() on ptolemy.moml.MoMLSimpleApplication@577fe5ed
----------------- Done invoking toplevel() on ptolemy.moml.MoMLSimpleApplication@577fe5ed
reloadAllAccessors: .ModularCodeGen5

===========================================================================================
----------------- testing Sat Aug 01 15:26:33 UTC 2020 /home/travis/build/icyphy/ptII/ptolemy/cg/lib/test/auto/ModularCodeGen6.xml
----------------- Instantiating /home/travis/build/icyphy/ptII/ptolemy/cg/lib/test/auto/ModularCodeGen6.xml
In "/home/travis/cg", about to execute:
    pwd
In "/home/travis/cg", about to execute:
    ls -l
/home/travis/cg
In "/home/travis/cg", about to execute:
    javac -classpath
.:/home/travis/build/icyphy/ptII:/home/travis/build/icyphy/ptII/lib/bsh-2.0b4.j
ar:/home/travis/build/icyphy/ptII/lib/ptCal.jar:/home/travis/build/icyphy/ptII/
lib/java_cup.jar:/home/travis/build/icyphy/ptII/lib/saxon8.jar:/home/travis/bui
ld/icyphy/ptII/lib/saxon8-dom.jar:/home/travis/build/icyphy/ptII/lib/chic.jar:/
home/travis/build/icyphy/ptII/lib/ptcolt.jar:/home/travis/build/icyphy/ptII/ven
dors/misc/itext/iText.jar:/home/travis/build/icyphy/ptII/lib/g4ltl.jar:/home/tr
avis/build/icyphy/ptII/lib/StructuralCoder.jar:/home/travis/build/icyphy/ptII/l
ib/jcerti.jar:/home/travis/build/icyphy/ptII/lib/javax.mail.jar:/home/travis/bu
ild/icyphy/ptII/vendors/JMF-2.1.1e/lib/jmf.jar:/home/travis/build/icyphy/ptII/l
ib/jna-4.0.0-variadic.jar:/home/travis/build/icyphy/ptII/vendors/misc/joystick/
Joystick.jar:/home/travis/build/icyphy/ptII/lib/ptjacl.jar:/home/travis/build/i
cyphy/ptII/lib/jsoup-1.8.2.jar:/home/travis/build/icyphy/ptII/lib/junit-4.8.2.j
ar:/home/travis/build/icyphy/ptII/lib/JUnitParams-0.4.0.jar:/home/travis/build/
icyphy/ptII/ptolemy/actor/lib/excel/jxl.jar:/home/travis/build/icyphy/ptII/lib/
jython.jar:/home/travis/build/icyphy/ptII/lib/kieler.jar:/home/travis/build/icy
phy/ptII/vendors/opencv/share/OpenCV/java/opencv-341.jar:/home/travis/build/icy
phy/ptII/lib/oscP5.jar:/home/travis/build/icyphy/ptII/lib/nrjavaserial-3.11.0.d
evel.jar:/home/travis/build/icyphy/ptII/vendors/j3d/lib/Linux/j3dcore.jar:/home
/travis/build/icyphy/ptII/vendors/j3d/lib/Linux/j3dutils.jar:/home/travis/build
/icyphy/ptII/vendors/j3d/lib/Linux/vecmath.jar:/home/travis/build/icyphy/ptII/v
endors/jogl/lib/Linux/gluegen-rt-natives-linux-amd64.jar:/home/travis/build/icy
phy/ptII/vendors/jogl/lib/Linux/gluegen-rt.jar:/home/travis/build/icyphy/ptII/v
endors/jogl/lib/Linux/jogl-all-natives-linux-amd64.jar:/home/travis/build/icyph
y/ptII/vendors/jogl/lib/Linux/jogl-all.jar:/home/travis/build/icyphy/ptII/ptole
my/distributed/jini/jar/jini-core.jar:/home/travis/build/icyphy/ptII/ptolemy/di
stributed/jini/jar/jini-ext.jar:/home/travis/build/icyphy/ptII/ptolemy/distribu
ted/jini/jar/sun-util.jar:/home/travis/build/icyphy/ptII/lib/protobuf-java-2.4.
1.jar:/home/travis/build/icyphy/ptII/lib/org.eclipse.paho.client.mqttv3.jar:/ho
me/travis/build/icyphy/ptII/lib/mapss.jar:/home/travis/build/icyphy/ptII/ptolem
y/actor/ptalon/antlr/antlr.jar:/home/travis/build/icyphy/ptII/lib/JRI.jar:/home
/travis/build/icyphy/ptII/lib/commons-lang-2.6.jar:/home/travis/build/icyphy/pt
II/lib/commons-logging-1.1.1.jar:/home/travis/build/icyphy/ptII/lib/sootclasses
.jar:/home/travis/build/icyphy/ptII/ptolemy/actor/lib/database/mysql-connector-
java-5.1.6-bin.jar:/home/travis/build/icyphy/ptII/vendors/misc/sphinx4/sphinx4-
data-5prealpha.jar:/home/travis/build/icyphy/ptII/vendors/misc/sphinx4/sphinx4-
core-5prealpha.jar:/home/travis/build/icyphy/ptII/lib/PDFRenderer.jar:/home/tra
vis/build/icyphy/ptII/lib/svgSalamander.jar:/home/travis/build/icyphy/ptII/lib/
rsyntaxtextarea-2.6.0-SNAPSHOT.jar:/home/travis/build/icyphy/ptII/lib/hazelcast
-3.8.2.jar:/home/travis/build/icyphy/ptII/lib/jackson-annotations-2.9.0.jar:/ho
me/travis/build/icyphy/ptII/lib/jackson-core-2.9.3.jar:/home/travis/build/icyph
y/ptII/lib/jackson-databind-2.9.3.jar:/home/travis/build/icyphy/ptII/lib/netty-
buffer-4.1.19.Final.jar:/home/travis/build/icyphy/ptII/lib/netty-codec-4.1.19.F
inal.jar:/home/travis/build/icyphy/ptII/lib/netty-codec-dns-4.1.19.Final.jar:/h
ome/travis/build/icyphy/ptII/lib/netty-codec-http-4.1.19.Final.jar:/home/travis
/build/icyphy/ptII/lib/netty-codec-http2-4.1.19.Final.jar:/home/travis/build/ic
yphy/ptII/lib/netty-common-4.1.19.Final.jar:/home/travis/build/icyphy/ptII/lib/
netty-handler-4.1.19.Final.jar:/home/travis/build/icyphy/ptII/lib/netty-resolve
r-4.1.19.Final.jar:/home/travis/build/icyphy/ptII/lib/netty-resolver-dns-4.1.19
.Final.jar:/home/travis/build/icyphy/ptII/lib/netty-transport-4.1.19.Final.jar:
/home/travis/build/icyphy/ptII/lib/vertx-codegen-3.5.1.jar:/home/travis/build/i
cyphy/ptII/lib/vertx-core-3.5.2-SNAPSHOT.jar:/home/travis/build/icyphy/ptII/lib
/vertx-hazelcast-3.5.1.jar:/home/travis/build/icyphy/ptII/lib/vertx-lang-js-3.5
.1.jar:/home/travis/build/icyphy/ptII/lib/vertx-service-proxy-3.5.1.jar:/home/t
ravis/build/icyphy/ptII/lib/vertx-web-3.5.1.jar:/home/travis/build/icyphy/ptII/
lib/slf4j-api-1.7.13.jar:/home/travis/build/icyphy/ptII/lib/slf4j-simple-1.7.13
.jar:/home/travis/build/icyphy/ptII/lib/webcam-capture-0.3.12.jar:/home/travis/
build/icyphy/ptII/lib/bridj-0.7.0.jar:/home/travis/build/icyphy/ptII/lib/xbjlib
-1.1.0.nrjavaserial.jar:/home/travis/build/icyphy/ptII/ptolemy/moml/test:/home/
travis/build/icyphy/ptII/ant/lib/ant-launcher.jar:/home/travis/build/icyphy/ptI
I/ant/lib/ant.jar:/home/travis/build/icyphy/ptII/ant/lib/ant-junit.jar:/home/tr
avis/build/icyphy/ptII/ant/lib/ant-junit4.jar:/home/travis/build/icyphy/ptII
ModularCodeGen6_A_A_profile.java
total 2200
drwxrwxr-x   3 travis travis  12288 Aug  1 15:20 AbsoluteValue
drwxrwxr-x   3 travis travis 102400 Aug  1 15:19 AllColt
drwxrwxr-x   3 travis travis  12288 Aug  1 15:19 Case1
-rw-rw-r--   1 travis travis   5128 Aug  1 15:25 CompiledCompositeActor_CompiledCompositeActor.class
-rw-rw-r--   1 travis travis   1611 Aug  1 15:25 CompiledCompositeActor_CompiledCompositeActor$_CompiledCompositeActor_CompiledCompositeActor.class
-rw-rw-r--   1 travis travis  13466 Aug  1 15:25 CompiledCompositeActor_CompiledCompositeActor.java
-rw-rw-r--   1 travis travis   1593 Aug  1 15:25 CompiledCompositeActor_CompiledCompositeActor.mk
drwxrwxr-x   5 travis travis   4096 Aug  1 15:18 fmi
drwxrwxr-x   3 travis travis  16384 Aug  1 15:20 Gaussian2
-rw-rw-r--   1 travis travis   4684 Aug  1 15:25 JavaCompiledCompositeTest1_CompiledCompositeActor.class
-rw-rw-r--   1 travis travis  11637 Aug  1 15:25 JavaCompiledCompositeTest1_CompiledCompositeActor.java
-rw-rw-r--   1 travis travis   1217 Aug  1 15:25 JavaCompiledCompositeTest1_CompiledCompositeActor$_JavaCompiledCompositeTest1_CompiledCompositeActor.class
-rw-rw-r--   1 travis travis   1625 Aug  1 15:25 JavaCompiledCompositeTest1_CompiledCompositeActor.mk
-rw-rw-r--   1 travis travis   5115 Aug  1 15:25 JavaCompiledCompositeTest2_CompiledCompositeActor.class
-rw-rw-r--   1 travis travis  14919 Aug  1 15:25 JavaCompiledCompositeTest2_CompiledCompositeActor.java
-rw-rw-r--   1 travis travis   1812 Aug  1 15:25 JavaCompiledCompositeTest2_CompiledCompositeActor$_JavaCompiledCompositeTest2_CompiledCompositeActor.class
-rw-rw-r--   1 travis travis   1625 Aug  1 15:25 JavaCompiledCompositeTest2_CompiledCompositeActor.mk
-rw-rw-r--   1 travis travis   4732 Aug  1 15:25 JavaCompiledCompositeTest3_CompiledCompositeActor.class
-rw-rw-r--   1 travis travis  13080 Aug  1 15:25 JavaCompiledCompositeTest3_CompiledCompositeActor.java
-rw-rw-r--   1 travis travis   1397 Aug  1 15:25 JavaCompiledCompositeTest3_CompiledCompositeActor$_JavaCompiledCompositeTest3_CompiledCompositeActor.class
-rw-rw-r--   1 travis travis   1625 Aug  1 15:25 JavaCompiledCompositeTest3_CompiledCompositeActor.mk
-rw-rw-r--   1 travis travis   4183 Aug  1 15:25 JavaCompiledCompositeTest4_CompiledCompositeActor.class
-rw-rw-r--   1 travis travis   9687 Aug  1 15:25 JavaCompiledCompositeTest4_CompiledCompositeActor.java
-rw-rw-r--   1 travis travis    876 Aug  1 15:25 JavaCompiledCompositeTest4_CompiledCompositeActor$_JavaCompiledCompositeTest4_CompiledCompositeActor.class
-rw-rw-r--   1 travis travis   1625 Aug  1 15:25 JavaCompiledCompositeTest4_CompiledCompositeActor.mk
drwxrwxr-x   3 travis travis  12288 Aug  1 15:20 LookupTable
drwxrwxr-x   3 travis travis  20480 Aug  1 15:20 MaxIndex
-rw-rw-r--   1 travis travis   3925 Aug  1 15:25 ModularCG_A1_B1.class
-rw-rw-r--   1 travis travis   9730 Aug  1 15:25 ModularCG_A1_B1.java
-rw-rw-r--   1 travis travis    832 Aug  1 15:25 ModularCG_A1_B1.mk
-rw-rw-r--   1 travis travis   1318 Aug  1 15:25 ModularCG_A1_B1_profile.class
-rw-rw-r--   1 travis travis   1262 Aug  1 15:25 ModularCG_A1_B1_profile.java
-rw-rw-r--   1 travis travis   3925 Aug  1 15:25 ModularCG_A1_B2.class
-rw-rw-r--   1 travis travis   9730 Aug  1 15:25 ModularCG_A1_B2.java
-rw-rw-r--   1 travis travis    832 Aug  1 15:25 ModularCG_A1_B2.mk
-rw-rw-r--   1 travis travis   1318 Aug  1 15:25 ModularCG_A1_B2_profile.class
-rw-rw-r--   1 travis travis   1262 Aug  1 15:25 ModularCG_A1_B2_profile.java
-rw-rw-r--   1 travis travis   5031 Aug  1 15:25 ModularCG_A1.class
-rw-rw-r--   1 travis travis  14742 Aug  1 15:25 ModularCG_A1.java
-rw-rw-r--   1 travis travis    808 Aug  1 15:25 ModularCG_A1.mk
-rw-rw-r--   1 travis travis   1433 Aug  1 15:25 ModularCG_A1_profile.class
-rw-rw-r--   1 travis travis   1704 Aug  1 15:25 ModularCG_A1_profile.java
-rw-rw-r--   1 travis travis   4059 Aug  1 15:25 ModularCG_A2_B1.class
-rw-rw-r--   1 travis travis  10667 Aug  1 15:25 ModularCG_A2_B1.java
-rw-rw-r--   1 travis travis    832 Aug  1 15:25 ModularCG_A2_B1.mk
-rw-rw-r--   1 travis travis   1381 Aug  1 15:25 ModularCG_A2_B1_profile.class
-rw-rw-r--   1 travis travis   1446 Aug  1 15:25 ModularCG_A2_B1_profile.java
-rw-rw-r--   1 travis travis   3925 Aug  1 15:25 ModularCG_A2_B2.class
-rw-rw-r--   1 travis travis   9730 Aug  1 15:25 ModularCG_A2_B2.java
-rw-rw-r--   1 travis travis    832 Aug  1 15:25 ModularCG_A2_B2.mk
-rw-rw-r--   1 travis travis   1318 Aug  1 15:25 ModularCG_A2_B2_profile.class
-rw-rw-r--   1 travis travis   1262 Aug  1 15:25 ModularCG_A2_B2_profile.java
-rw-rw-r--   1 travis travis   5102 Aug  1 15:25 ModularCG_A2.class
-rw-rw-r--   1 travis travis  15129 Aug  1 15:25 ModularCG_A2.java
-rw-rw-r--   1 travis travis    808 Aug  1 15:25 ModularCG_A2.mk
-rw-rw-r--   1 travis travis   1433 Aug  1 15:25 ModularCG_A2_profile.class
-rw-rw-r--   1 travis travis   1704 Aug  1 15:25 ModularCG_A2_profile.java
-rw-rw-r--   1 travis travis   3705 Aug  1 15:25 ModularCGPubSub_A1_A2.class
-rw-rw-r--   1 travis travis   9076 Aug  1 15:25 ModularCGPubSub_A1_A2.java
-rw-rw-r--   1 travis travis    880 Aug  1 15:25 ModularCGPubSub_A1_A2.mk
-rw-rw-r--   1 travis travis   1300 Aug  1 15:25 ModularCGPubSub_A1_A2_profile.class
-rw-rw-r--   1 travis travis   1222 Aug  1 15:25 ModularCGPubSub_A1_A2_profile.java
-rw-rw-r--   1 travis travis   4022 Aug  1 15:25 ModularCGPubSub_A1.class
-rw-rw-r--   1 travis travis   9836 Aug  1 15:25 ModularCGPubSub_A1.java
-rw-rw-r--   1 travis travis    856 Aug  1 15:25 ModularCGPubSub_A1.mk
-rw-rw-r--   1 travis travis   1346 Aug  1 15:25 ModularCGPubSub_A1_profile.class
-rw-rw-r--   1 travis travis   1388 Aug  1 15:25 ModularCGPubSub_A1_profile.java
-rw-rw-r--   1 travis travis   4220 Aug  1 15:25 ModularCodeGen2_ModularCodeGenTypedCompositeActor.class
-rw-rw-r--   1 travis travis  11690 Aug  1 15:25 ModularCodeGen2_ModularCodeGenTypedCompositeActor.java
-rw-rw-r--   1 travis travis   1104 Aug  1 15:25 ModularCodeGen2_ModularCodeGenTypedCompositeActor.mk
-rw-rw-r--   1 travis travis   4504 Aug  1 15:25 ModularCodeGen2_ModularCodeGenTypedCompositeActor_ModularCodeGenTypedCompositeActor.class
-rw-rw-r--   1 travis travis  11790 Aug  1 15:25 ModularCodeGen2_ModularCodeGenTypedCompositeActor_ModularCodeGenTypedCompositeActor.java
-rw-rw-r--   1 travis travis   1376 Aug  1 15:25 ModularCodeGen2_ModularCodeGenTypedCompositeActor_ModularCodeGenTypedCompositeActor.mk
-rw-rw-r--   1 travis travis   1421 Aug  1 15:25 ModularCodeGen2_ModularCodeGenTypedCompositeActor_ModularCodeGenTypedCompositeActor_profile.class
-rw-rw-r--   1 travis travis   1294 Aug  1 15:25 ModularCodeGen2_ModularCodeGenTypedCompositeActor_ModularCodeGenTypedCompositeActor_profile.java
-rw-rw-r--   1 travis travis    820 Aug  1 15:25 ModularCodeGen2_ModularCodeGenTypedCompositeActor_profile.class
-rw-rw-r--   1 travis travis    693 Aug  1 15:25 ModularCodeGen2_ModularCodeGenTypedCompositeActor_profile.java
-rw-rw-r--   1 travis travis   3973 Aug  1 15:25 ModularCodeGen3_A1_B1.class
-rw-rw-r--   1 travis travis   9958 Aug  1 15:25 ModularCodeGen3_A1_B1.java
-rw-rw-r--   1 travis travis    880 Aug  1 15:25 ModularCodeGen3_A1_B1.mk
-rw-rw-r--   1 travis travis   1330 Aug  1 15:25 ModularCodeGen3_A1_B1_profile.class
-rw-rw-r--   1 travis travis   1274 Aug  1 15:25 ModularCodeGen3_A1_B1_profile.java
-rw-rw-r--   1 travis travis   3973 Aug  1 15:26 ModularCodeGen3_A1_B2.class
-rw-rw-r--   1 travis travis   9958 Aug  1 15:26 ModularCodeGen3_A1_B2.java
-rw-rw-r--   1 travis travis    880 Aug  1 15:26 ModularCodeGen3_A1_B2.mk
-rw-rw-r--   1 travis travis   1330 Aug  1 15:26 ModularCodeGen3_A1_B2_profile.class
-rw-rw-r--   1 travis travis   1274 Aug  1 15:25 ModularCodeGen3_A1_B2_profile.java
-rw-rw-r--   1 travis travis   5193 Aug  1 15:26 ModularCodeGen3_A1.class
-rw-rw-r--   1 travis travis  15564 Aug  1 15:26 ModularCodeGen3_A1.java
-rw-rw-r--   1 travis travis    856 Aug  1 15:26 ModularCodeGen3_A1.mk
-rw-rw-r--   1 travis travis   1445 Aug  1 15:26 ModularCodeGen3_A1_profile.class
-rw-rw-r--   1 travis travis   1716 Aug  1 15:26 ModularCodeGen3_A1_profile.java
-rw-rw-r--   1 travis travis   4119 Aug  1 15:26 ModularCodeGen3_A2_B1.class
-rw-rw-r--   1 travis travis  10955 Aug  1 15:26 ModularCodeGen3_A2_B1.java
-rw-rw-r--   1 travis travis    880 Aug  1 15:26 ModularCodeGen3_A2_B1.mk
-rw-rw-r--   1 travis travis   1393 Aug  1 15:26 ModularCodeGen3_A2_B1_profile.class
-rw-rw-r--   1 travis travis   1458 Aug  1 15:26 ModularCodeGen3_A2_B1_profile.java
-rw-rw-r--   1 travis travis   3973 Aug  1 15:26 ModularCodeGen3_A2_B2.class
-rw-rw-r--   1 travis travis   9958 Aug  1 15:26 ModularCodeGen3_A2_B2.java
-rw-rw-r--   1 travis travis    880 Aug  1 15:26 ModularCodeGen3_A2_B2.mk
-rw-rw-r--   1 travis travis   1330 Aug  1 15:26 ModularCodeGen3_A2_B2_profile.class
-rw-rw-r--   1 travis travis   1274 Aug  1 15:26 ModularCodeGen3_A2_B2_profile.java
-rw-rw-r--   1 travis travis   5270 Aug  1 15:26 ModularCodeGen3_A2.class
-rw-rw-r--   1 travis travis  15957 Aug  1 15:26 ModularCodeGen3_A2.java
-rw-rw-r--   1 travis travis    856 Aug  1 15:26 ModularCodeGen3_A2.mk
-rw-rw-r--   1 travis travis   1445 Aug  1 15:26 ModularCodeGen3_A2_profile.class
-rw-rw-r--   1 travis travis   1716 Aug  1 15:26 ModularCodeGen3_A2_profile.java
-rw-rw-r--   1 travis travis   4026 Aug  1 15:26 ModularCodeGen4_A1_B1.class
-rw-rw-r--   1 travis travis  10312 Aug  1 15:26 ModularCodeGen4_A1_B1.java
-rw-rw-r--   1 travis travis    880 Aug  1 15:26 ModularCodeGen4_A1_B1.mk
-rw-rw-r--   1 travis travis   1330 Aug  1 15:26 ModularCodeGen4_A1_B1_profile.class
-rw-rw-r--   1 travis travis   1273 Aug  1 15:26 ModularCodeGen4_A1_B1_profile.java
-rw-rw-r--   1 travis travis   4026 Aug  1 15:26 ModularCodeGen4_A1_B2.class
-rw-rw-r--   1 travis travis  10312 Aug  1 15:26 ModularCodeGen4_A1_B2.java
-rw-rw-r--   1 travis travis    880 Aug  1 15:26 ModularCodeGen4_A1_B2.mk
-rw-rw-r--   1 travis travis   1330 Aug  1 15:26 ModularCodeGen4_A1_B2_profile.class
-rw-rw-r--   1 travis travis   1273 Aug  1 15:26 ModularCodeGen4_A1_B2_profile.java
-rw-rw-r--   1 travis travis   5333 Aug  1 15:26 ModularCodeGen4_A1.class
-rw-rw-r--   1 travis travis  16245 Aug  1 15:26 ModularCodeGen4_A1.java
-rw-rw-r--   1 travis travis    856 Aug  1 15:26 ModularCodeGen4_A1.mk
-rw-rw-r--   1 travis travis   1445 Aug  1 15:26 ModularCodeGen4_A1_profile.class
-rw-rw-r--   1 travis travis   1712 Aug  1 15:26 ModularCodeGen4_A1_profile.java
-rw-rw-r--   1 travis travis   4220 Aug  1 15:26 ModularCodeGen4_A2_B1.class
-rw-rw-r--   1 travis travis  11375 Aug  1 15:26 ModularCodeGen4_A2_B1.java
-rw-rw-r--   1 travis travis    880 Aug  1 15:26 ModularCodeGen4_A2_B1.mk
-rw-rw-r--   1 travis travis   1393 Aug  1 15:26 ModularCodeGen4_A2_B1_profile.class
-rw-rw-r--   1 travis travis   1454 Aug  1 15:26 ModularCodeGen4_A2_B1_profile.java
-rw-rw-r--   1 travis travis   4074 Aug  1 15:26 ModularCodeGen4_A2_B2.class
-rw-rw-r--   1 travis travis  10378 Aug  1 15:26 ModularCodeGen4_A2_B2.java
-rw-rw-r--   1 travis travis    880 Aug  1 15:26 ModularCodeGen4_A2_B2.mk
-rw-rw-r--   1 travis travis   1330 Aug  1 15:26 ModularCodeGen4_A2_B2_profile.class
-rw-rw-r--   1 travis travis   1270 Aug  1 15:26 ModularCodeGen4_A2_B2_profile.java
-rw-rw-r--   1 travis travis   5506 Aug  1 15:26 ModularCodeGen4_A2.class
-rw-rw-r--   1 travis travis  16770 Aug  1 15:26 ModularCodeGen4_A2.java
-rw-rw-r--   1 travis travis    856 Aug  1 15:26 ModularCodeGen4_A2.mk
-rw-rw-r--   1 travis travis   1445 Aug  1 15:26 ModularCodeGen4_A2_profile.class
-rw-rw-r--   1 travis travis   1712 Aug  1 15:26 ModularCodeGen4_A2_profile.java
-rw-rw-r--   1 travis travis   7070 Aug  1 15:26 ModularCodeGen5_A_A.class
-rw-rw-r--   1 travis travis  28721 Aug  1 15:26 ModularCodeGen5_A_A.java
-rw-rw-r--   1 travis travis    864 Aug  1 15:26 ModularCodeGen5_A_A.mk
-rw-rw-r--   1 travis travis   1520 Aug  1 15:26 ModularCodeGen5_A_A_profile.class
-rw-rw-r--   1 travis travis   1815 Aug  1 15:26 ModularCodeGen5_A_A_profile.java
-rw-rw-r--   1 travis travis   5347 Aug  1 15:26 ModularCodeGen5_A.class
-rw-rw-r--   1 travis travis  13769 Aug  1 15:26 ModularCodeGen5_A.java
-rw-rw-r--   1 travis travis    848 Aug  1 15:26 ModularCodeGen5_A.mk
-rw-rw-r--   1 travis travis   1422 Aug  1 15:26 ModularCodeGen5_A_profile.class
-rw-rw-r--   1 travis travis   1605 Aug  1 15:26 ModularCodeGen5_A_profile.java
-rw-rw-r--   1 travis travis   1361 Aug  1 15:26 ModularCodeGen6_A_A_profile.java
-rw-rw-r--   1 travis travis   4186 Aug  1 15:25 ModularCodeGen_ModularCodeGenTypedCompositeActor.class
-rw-rw-r--   1 travis travis  10970 Aug  1 15:25 ModularCodeGen_ModularCodeGenTypedCompositeActor.java
-rw-rw-r--   1 travis travis   1096 Aug  1 15:25 ModularCodeGen_ModularCodeGenTypedCompositeActor.mk
-rw-rw-r--   1 travis travis   1384 Aug  1 15:25 ModularCodeGen_ModularCodeGenTypedCompositeActor_profile.class
-rw-rw-r--   1 travis travis   1328 Aug  1 15:25 ModularCodeGen_ModularCodeGenTypedCompositeActor_profile.java
-rw-rw-r--   1 travis travis   3724 Aug  1 15:25 ModularCodeGenTest_A1_A2.class
-rw-rw-r--   1 travis travis   9164 Aug  1 15:25 ModularCodeGenTest_A1_A2.java
-rw-rw-r--   1 travis travis   1306 Aug  1 15:25 ModularCodeGenTest_A1_A2_profile.class
-rw-rw-r--   1 travis travis   4055 Aug  1 15:25 ModularCodeGenTest_A1.class
-rw-rw-r--   1 travis travis   9968 Aug  1 15:25 ModularCodeGenTest_A1.java
-rw-rw-r--   1 travis travis    880 Aug  1 15:25 ModularCodeGenTest_A1.mk
-rw-rw-r--   1 travis travis   1352 Aug  1 15:25 ModularCodeGenTest_A1_profile.class
-rw-rw-r--   1 travis travis   1394 Aug  1 15:25 ModularCodeGenTest_A1_profile.java
drwxrwxr-x   3 travis travis  32768 Aug  1 15:24 modulation2
drwxrwxr-x 183 travis travis  12288 Aug  1 15:25 node_modules
drwxrwxr-x   3 travis travis  20480 Aug  1 15:21 PhaseUnwrap
drwxrwxr-x   3 travis travis  12288 Aug  1 15:21 ReadFile1
-rw-rw-r--   1 travis travis     11 Aug  1 15:21 ReadFile1Output.txt
-rw-rw-r--   1 travis travis  13773 Aug  1 15:24 Repeat.class
-rw-rw-r--   1 travis travis    685 Aug  1 15:24 Repeat$_fireFunction_Repeat_Repeat$__f_sL_11.class
-rw-rw-r--   1 travis travis    541 Aug  1 15:24 Repeat$_fireFunction_Repeat_Repeat$__f_sL_12.class
-rw-rw-r--   1 travis travis    541 Aug  1 15:24 Repeat$_fireFunction_Repeat_Repeat$__f_sL_13.class
-rw-rw-r--   1 travis travis    541 Aug  1 15:24 Repeat$_fireFunction_Repeat_Repeat$__f_sL_14.class
-rw-rw-r--   1 travis travis    684 Aug  1 15:24 Repeat$_fireFunction_Repeat_Repeat$__f_sL_1.class
-rw-rw-r--   1 travis travis    683 Aug  1 15:24 Repeat$_fireFunction_Repeat_Repeat$__f_sL_4.class
-rw-rw-r--   1 travis travis    539 Aug  1 15:24 Repeat$_fireFunction_Repeat_Repeat$__f_sL_9.class
-rw-rw-r--   1 travis travis    494 Aug  1 15:24 Repeat$_initialize_Repeat$__i_sL_2.class
-rw-rw-r--   1 travis travis   1281 Aug  1 15:24 Repeat.mk
-rw-rw-r--   1 travis travis    539 Aug  1 15:24 Repeat$_preinitializeMethod_Repeat$__p_sL_0.class
-rw-rw-r--   1 travis travis   1102 Aug  1 15:24 Repeat$_Repeat$_fireFunction_Repeat_AddSubtract_Repeat.class
-rw-rw-r--   1 travis travis    810 Aug  1 15:24 Repeat$_Repeat$_fireFunction_Repeat_AddSubtract_Repeat$__f_sL_0.class
-rw-rw-r--   1 travis travis    928 Aug  1 15:24 Repeat$_Repeat$_fireFunction_Repeat_AddSubtract_Repeat$__f_sL_1.class
-rw-rw-r--   1 travis travis    934 Aug  1 15:24 Repeat$_Repeat$_fireFunction_Repeat_AddSubtract_Repeat$__f_sL_2.class
-rw-rw-r--   1 travis travis    862 Aug  1 15:24 Repeat$_Repeat$_fireFunction_Repeat_AddSubtract_Repeat$__f_sL_3.class
-rw-rw-r--   1 travis travis    757 Aug  1 15:24 Repeat$_Repeat$_fireFunction_Repeat_Ramp2_Repeat$__f_sL_0.class
-rw-rw-r--   1 travis travis    888 Aug  1 15:24 Repeat$_Repeat$_fireFunction_Repeat_Test_Repeat$__f_sL_0.class
-rw-rw-r--   1 travis travis    634 Aug  1 15:24 Repeat$_Repeat$_fireFunction_Repeat_Test_Repeat$__f_sL_1.class
-rw-rw-r--   1 travis travis    704 Aug  1 15:24 Repeat$_Repeat_SDF_Director_run_Repeat$__R_sL_0.class
-rw-rw-r--   1 travis travis    705 Aug  1 15:24 Repeat$_Repeat_SDF_Director_run_Repeat$__R_sL_11.class
-rw-rw-r--   1 travis travis    561 Aug  1 15:24 Repeat$_Repeat_SDF_Director_run_Repeat$__R_sL_13.class
-rw-rw-r--   1 travis travis    559 Aug  1 15:24 Repeat$_Repeat_SDF_Director_run_Repeat$__R_sL_2.class
-rw-rw-r--   1 travis travis    703 Aug  1 15:24 Repeat$_Repeat_SDF_Director_run_Repeat$__R_sL_3.class
-rw-rw-r--   1 travis travis    559 Aug  1 15:24 Repeat$_Repeat_SDF_Director_run_Repeat$__R_sL_5.class
-rw-rw-r--   1 travis travis    559 Aug  1 15:24 Repeat$_Repeat_SDF_Director_run_Repeat$__R_sL_8.class
drwxrwxr-x   2 travis travis   4096 Aug  1 15:24 RepeatVariables
-rw-rw-r--   1 travis travis    882 Aug  1 15:24 Repeat$_varinit_Repeat.class
-rw-rw-r--   1 travis travis    550 Aug  1 15:24 Repeat$_varinit_Repeat$__v_sL_2.class
-rw-rw-r--   1 travis travis    924 Aug  1 15:24 Repeat$_varinit_Repeat$__v_sL_4.class
-rw-rw-r--   1 travis travis    978 Aug  1 15:24 Repeat$_wrapup_Repeat$__w_sL_1.class
drwxrwxr-x   3 travis travis  20480 Aug  1 15:21 Sinewave
drwxrwxr-x   3 travis travis  32768 Aug  1 15:23 StringFunction
drwxrwxr-x   3 travis travis  12288 Aug  1 15:23 StringLength
drwxrwxr-x   3 travis travis  61440 Aug  1 15:23 StringMatches2
drwxrwxr-x   3 travis travis  61440 Aug  1 15:23 StringSimpleReplace
drwxrwxr-x   3 travis travis  65536 Aug  1 15:23 StringSubstring
drwxrwxr-x   3 travis travis  24576 Aug  1 15:24 StringSubstring2
drwxrwxr-x   3 travis travis  16384 Aug  1 15:24 time1
drwxrwxr-x   3 travis travis  12288 Aug  1 15:24 time5
-rw-rw-r--   1 travis travis    432 Aug  1 15:26 Token.class
-rw-rw-r--   1 travis travis    251 Aug  1 15:26 Token.java
-rwxrwxr-x   1 travis travis 466992 Aug  1 15:18 top
-rw-rw-r--   1 travis travis  20502 Aug  1 15:18 top.c
-rw-rw-r--   1 travis travis   3799 Aug  1 15:24 top.class
-rw-rw-r--   1 travis travis   1257 Aug  1 15:24 top.mk
All Done
Writing ModularCodeGen6_A_A.java in file:/home/travis/cg/ (11221 characters)
Reading "ptolemy/cg/kernel/generic/program/procedural/java/modular/makefile.in",
    writing "/home/travis/cg/ModularCodeGen6_A_A.mk"
Using ptolemy/cg/kernel/generic/program/procedural/java/modular/makefile.in
In "/home/travis/cg", about to execute:
    make -f ModularCodeGen6_A_A.mk
javac -classpath ".:.."    ModularCodeGen6_A_A.java
All Done
In "/home/travis/cg", about to execute:
    pwd
In "/home/travis/cg", about to execute:
    ls -l
/home/travis/cg
total 2232
drwxrwxr-x   3 travis travis  12288 Aug  1 15:20 AbsoluteValue
drwxrwxr-x   3 travis travis 102400 Aug  1 15:19 AllColt
drwxrwxr-x   3 travis travis  12288 Aug  1 15:19 Case1
-rw-rw-r--   1 travis travis   5128 Aug  1 15:25 CompiledCompositeActor_CompiledCompositeActor.class
-rw-rw-r--   1 travis travis   1611 Aug  1 15:25 CompiledCompositeActor_CompiledCompositeActor$_CompiledCompositeActor_CompiledCompositeActor.class
-rw-rw-r--   1 travis travis  13466 Aug  1 15:25 CompiledCompositeActor_CompiledCompositeActor.java
-rw-rw-r--   1 travis travis   1593 Aug  1 15:25 CompiledCompositeActor_CompiledCompositeActor.mk
drwxrwxr-x   5 travis travis   4096 Aug  1 15:18 fmi
drwxrwxr-x   3 travis travis  16384 Aug  1 15:20 Gaussian2
-rw-rw-r--   1 travis travis   4684 Aug  1 15:25 JavaCompiledCompositeTest1_CompiledCompositeActor.class
-rw-rw-r--   1 travis travis  11637 Aug  1 15:25 JavaCompiledCompositeTest1_CompiledCompositeActor.java
-rw-rw-r--   1 travis travis   1217 Aug  1 15:25 JavaCompiledCompositeTest1_CompiledCompositeActor$_JavaCompiledCompositeTest1_CompiledCompositeActor.class
-rw-rw-r--   1 travis travis   1625 Aug  1 15:25 JavaCompiledCompositeTest1_CompiledCompositeActor.mk
-rw-rw-r--   1 travis travis   5115 Aug  1 15:25 JavaCompiledCompositeTest2_CompiledCompositeActor.class
-rw-rw-r--   1 travis travis  14919 Aug  1 15:25 JavaCompiledCompositeTest2_CompiledCompositeActor.java
-rw-rw-r--   1 travis travis   1812 Aug  1 15:25 JavaCompiledCompositeTest2_CompiledCompositeActor$_JavaCompiledCompositeTest2_CompiledCompositeActor.class
-rw-rw-r--   1 travis travis   1625 Aug  1 15:25 JavaCompiledCompositeTest2_CompiledCompositeActor.mk
-rw-rw-r--   1 travis travis   4732 Aug  1 15:25 JavaCompiledCompositeTest3_CompiledCompositeActor.class
-rw-rw-r--   1 travis travis  13080 Aug  1 15:25 JavaCompiledCompositeTest3_CompiledCompositeActor.java
-rw-rw-r--   1 travis travis   1397 Aug  1 15:25 JavaCompiledCompositeTest3_CompiledCompositeActor$_JavaCompiledCompositeTest3_CompiledCompositeActor.class
-rw-rw-r--   1 travis travis   1625 Aug  1 15:25 JavaCompiledCompositeTest3_CompiledCompositeActor.mk
-rw-rw-r--   1 travis travis   4183 Aug  1 15:25 JavaCompiledCompositeTest4_CompiledCompositeActor.class
-rw-rw-r--   1 travis travis   9687 Aug  1 15:25 JavaCompiledCompositeTest4_CompiledCompositeActor.java
-rw-rw-r--   1 travis travis    876 Aug  1 15:25 JavaCompiledCompositeTest4_CompiledCompositeActor$_JavaCompiledCompositeTest4_CompiledCompositeActor.class
-rw-rw-r--   1 travis travis   1625 Aug  1 15:25 JavaCompiledCompositeTest4_CompiledCompositeActor.mk
drwxrwxr-x   3 travis travis  12288 Aug  1 15:20 LookupTable
drwxrwxr-x   3 travis travis  20480 Aug  1 15:20 MaxIndex
-rw-rw-r--   1 travis travis   3925 Aug  1 15:25 ModularCG_A1_B1.class
-rw-rw-r--   1 travis travis   9730 Aug  1 15:25 ModularCG_A1_B1.java
-rw-rw-r--   1 travis travis    832 Aug  1 15:25 ModularCG_A1_B1.mk
-rw-rw-r--   1 travis travis   1318 Aug  1 15:25 ModularCG_A1_B1_profile.class
-rw-rw-r--   1 travis travis   1262 Aug  1 15:25 ModularCG_A1_B1_profile.java
-rw-rw-r--   1 travis travis   3925 Aug  1 15:25 ModularCG_A1_B2.class
-rw-rw-r--   1 travis travis   9730 Aug  1 15:25 ModularCG_A1_B2.java
-rw-rw-r--   1 travis travis    832 Aug  1 15:25 ModularCG_A1_B2.mk
-rw-rw-r--   1 travis travis   1318 Aug  1 15:25 ModularCG_A1_B2_profile.class
-rw-rw-r--   1 travis travis   1262 Aug  1 15:25 ModularCG_A1_B2_profile.java
-rw-rw-r--   1 travis travis   5031 Aug  1 15:25 ModularCG_A1.class
-rw-rw-r--   1 travis travis  14742 Aug  1 15:25 ModularCG_A1.java
-rw-rw-r--   1 travis travis    808 Aug  1 15:25 ModularCG_A1.mk
-rw-rw-r--   1 travis travis   1433 Aug  1 15:25 ModularCG_A1_profile.class
-rw-rw-r--   1 travis travis   1704 Aug  1 15:25 ModularCG_A1_profile.java
-rw-rw-r--   1 travis travis   4059 Aug  1 15:25 ModularCG_A2_B1.class
-rw-rw-r--   1 travis travis  10667 Aug  1 15:25 ModularCG_A2_B1.java
-rw-rw-r--   1 travis travis    832 Aug  1 15:25 ModularCG_A2_B1.mk
-rw-rw-r--   1 travis travis   1381 Aug  1 15:25 ModularCG_A2_B1_profile.class
-rw-rw-r--   1 travis travis   1446 Aug  1 15:25 ModularCG_A2_B1_profile.java
-rw-rw-r--   1 travis travis   3925 Aug  1 15:25 ModularCG_A2_B2.class
-rw-rw-r--   1 travis travis   9730 Aug  1 15:25 ModularCG_A2_B2.java
-rw-rw-r--   1 travis travis    832 Aug  1 15:25 ModularCG_A2_B2.mk
-rw-rw-r--   1 travis travis   1318 Aug  1 15:25 ModularCG_A2_B2_profile.class
-rw-rw-r--   1 travis travis   1262 Aug  1 15:25 ModularCG_A2_B2_profile.java
-rw-rw-r--   1 travis travis   5102 Aug  1 15:25 ModularCG_A2.class
-rw-rw-r--   1 travis travis  15129 Aug  1 15:25 ModularCG_A2.java
-rw-rw-r--   1 travis travis    808 Aug  1 15:25 ModularCG_A2.mk
-rw-rw-r--   1 travis travis   1433 Aug  1 15:25 ModularCG_A2_profile.class
-rw-rw-r--   1 travis travis   1704 Aug  1 15:25 ModularCG_A2_profile.java
-rw-rw-r--   1 travis travis   3705 Aug  1 15:25 ModularCGPubSub_A1_A2.class
-rw-rw-r--   1 travis travis   9076 Aug  1 15:25 ModularCGPubSub_A1_A2.java
-rw-rw-r--   1 travis travis    880 Aug  1 15:25 ModularCGPubSub_A1_A2.mk
-rw-rw-r--   1 travis travis   1300 Aug  1 15:25 ModularCGPubSub_A1_A2_profile.class
-rw-rw-r--   1 travis travis   1222 Aug  1 15:25 ModularCGPubSub_A1_A2_profile.java
-rw-rw-r--   1 travis travis   4022 Aug  1 15:25 ModularCGPubSub_A1.class
-rw-rw-r--   1 travis travis   9836 Aug  1 15:25 ModularCGPubSub_A1.java
-rw-rw-r--   1 travis travis    856 Aug  1 15:25 ModularCGPubSub_A1.mk
-rw-rw-r--   1 travis travis   1346 Aug  1 15:25 ModularCGPubSub_A1_profile.class
-rw-rw-r--   1 travis travis   1388 Aug  1 15:25 ModularCGPubSub_A1_profile.java
-rw-rw-r--   1 travis travis   4220 Aug  1 15:25 ModularCodeGen2_ModularCodeGenTypedCompositeActor.class
-rw-rw-r--   1 travis travis  11690 Aug  1 15:25 ModularCodeGen2_ModularCodeGenTypedCompositeActor.java
-rw-rw-r--   1 travis travis   1104 Aug  1 15:25 ModularCodeGen2_ModularCodeGenTypedCompositeActor.mk
-rw-rw-r--   1 travis travis   4504 Aug  1 15:25 ModularCodeGen2_ModularCodeGenTypedCompositeActor_ModularCodeGenTypedCompositeActor.class
-rw-rw-r--   1 travis travis  11790 Aug  1 15:25 ModularCodeGen2_ModularCodeGenTypedCompositeActor_ModularCodeGenTypedCompositeActor.java
-rw-rw-r--   1 travis travis   1376 Aug  1 15:25 ModularCodeGen2_ModularCodeGenTypedCompositeActor_ModularCodeGenTypedCompositeActor.mk
-rw-rw-r--   1 travis travis   1421 Aug  1 15:25 ModularCodeGen2_ModularCodeGenTypedCompositeActor_ModularCodeGenTypedCompositeActor_profile.class
-rw-rw-r--   1 travis travis   1294 Aug  1 15:25 ModularCodeGen2_ModularCodeGenTypedCompositeActor_ModularCodeGenTypedCompositeActor_profile.java
-rw-rw-r--   1 travis travis    820 Aug  1 15:25 ModularCodeGen2_ModularCodeGenTypedCompositeActor_profile.class
-rw-rw-r--   1 travis travis    693 Aug  1 15:25 ModularCodeGen2_ModularCodeGenTypedCompositeActor_profile.java
-rw-rw-r--   1 travis travis   3973 Aug  1 15:25 ModularCodeGen3_A1_B1.class
-rw-rw-r--   1 travis travis   9958 Aug  1 15:25 ModularCodeGen3_A1_B1.java
-rw-rw-r--   1 travis travis    880 Aug  1 15:25 ModularCodeGen3_A1_B1.mk
-rw-rw-r--   1 travis travis   1330 Aug  1 15:25 ModularCodeGen3_A1_B1_profile.class
-rw-rw-r--   1 travis travis   1274 Aug  1 15:25 ModularCodeGen3_A1_B1_profile.java
-rw-rw-r--   1 travis travis   3973 Aug  1 15:26 ModularCodeGen3_A1_B2.class
-rw-rw-r--   1 travis travis   9958 Aug  1 15:26 ModularCodeGen3_A1_B2.java
-rw-rw-r--   1 travis travis    880 Aug  1 15:26 ModularCodeGen3_A1_B2.mk
-rw-rw-r--   1 travis travis   1330 Aug  1 15:26 ModularCodeGen3_A1_B2_profile.class
-rw-rw-r--   1 travis travis   1274 Aug  1 15:25 ModularCodeGen3_A1_B2_profile.java
-rw-rw-r--   1 travis travis   5193 Aug  1 15:26 ModularCodeGen3_A1.class
-rw-rw-r--   1 travis travis  15564 Aug  1 15:26 ModularCodeGen3_A1.java
-rw-rw-r--   1 travis travis    856 Aug  1 15:26 ModularCodeGen3_A1.mk
-rw-rw-r--   1 travis travis   1445 Aug  1 15:26 ModularCodeGen3_A1_profile.class
-rw-rw-r--   1 travis travis   1716 Aug  1 15:26 ModularCodeGen3_A1_profile.java
-rw-rw-r--   1 travis travis   4119 Aug  1 15:26 ModularCodeGen3_A2_B1.class
-rw-rw-r--   1 travis travis  10955 Aug  1 15:26 ModularCodeGen3_A2_B1.java
-rw-rw-r--   1 travis travis    880 Aug  1 15:26 ModularCodeGen3_A2_B1.mk
-rw-rw-r--   1 travis travis   1393 Aug  1 15:26 ModularCodeGen3_A2_B1_profile.class
-rw-rw-r--   1 travis travis   1458 Aug  1 15:26 ModularCodeGen3_A2_B1_profile.java
-rw-rw-r--   1 travis travis   3973 Aug  1 15:26 ModularCodeGen3_A2_B2.class
-rw-rw-r--   1 travis travis   9958 Aug  1 15:26 ModularCodeGen3_A2_B2.java
-rw-rw-r--   1 travis travis    880 Aug  1 15:26 ModularCodeGen3_A2_B2.mk
-rw-rw-r--   1 travis travis   1330 Aug  1 15:26 ModularCodeGen3_A2_B2_profile.class
-rw-rw-r--   1 travis travis   1274 Aug  1 15:26 ModularCodeGen3_A2_B2_profile.java
-rw-rw-r--   1 travis travis   5270 Aug  1 15:26 ModularCodeGen3_A2.class
-rw-rw-r--   1 travis travis  15957 Aug  1 15:26 ModularCodeGen3_A2.java
-rw-rw-r--   1 travis travis    856 Aug  1 15:26 ModularCodeGen3_A2.mk
-rw-rw-r--   1 travis travis   1445 Aug  1 15:26 ModularCodeGen3_A2_profile.class
-rw-rw-r--   1 travis travis   1716 Aug  1 15:26 ModularCodeGen3_A2_profile.java
-rw-rw-r--   1 travis travis   4026 Aug  1 15:26 ModularCodeGen4_A1_B1.class
-rw-rw-r--   1 travis travis  10312 Aug  1 15:26 ModularCodeGen4_A1_B1.java
-rw-rw-r--   1 travis travis    880 Aug  1 15:26 ModularCodeGen4_A1_B1.mk
-rw-rw-r--   1 travis travis   1330 Aug  1 15:26 ModularCodeGen4_A1_B1_profile.class
-rw-rw-r--   1 travis travis   1273 Aug  1 15:26 ModularCodeGen4_A1_B1_profile.java
-rw-rw-r--   1 travis travis   4026 Aug  1 15:26 ModularCodeGen4_A1_B2.class
-rw-rw-r--   1 travis travis  10312 Aug  1 15:26 ModularCodeGen4_A1_B2.java
-rw-rw-r--   1 travis travis    880 Aug  1 15:26 ModularCodeGen4_A1_B2.mk
-rw-rw-r--   1 travis travis   1330 Aug  1 15:26 ModularCodeGen4_A1_B2_profile.class
-rw-rw-r--   1 travis travis   1273 Aug  1 15:26 ModularCodeGen4_A1_B2_profile.java
-rw-rw-r--   1 travis travis   5333 Aug  1 15:26 ModularCodeGen4_A1.class
-rw-rw-r--   1 travis travis  16245 Aug  1 15:26 ModularCodeGen4_A1.java
-rw-rw-r--   1 travis travis    856 Aug  1 15:26 ModularCodeGen4_A1.mk
-rw-rw-r--   1 travis travis   1445 Aug  1 15:26 ModularCodeGen4_A1_profile.class
-rw-rw-r--   1 travis travis   1712 Aug  1 15:26 ModularCodeGen4_A1_profile.java
-rw-rw-r--   1 travis travis   4220 Aug  1 15:26 ModularCodeGen4_A2_B1.class
-rw-rw-r--   1 travis travis  11375 Aug  1 15:26 ModularCodeGen4_A2_B1.java
-rw-rw-r--   1 travis travis    880 Aug  1 15:26 ModularCodeGen4_A2_B1.mk
-rw-rw-r--   1 travis travis   1393 Aug  1 15:26 ModularCodeGen4_A2_B1_profile.class
-rw-rw-r--   1 travis travis   1454 Aug  1 15:26 ModularCodeGen4_A2_B1_profile.java
-rw-rw-r--   1 travis travis   4074 Aug  1 15:26 ModularCodeGen4_A2_B2.class
-rw-rw-r--   1 travis travis  10378 Aug  1 15:26 ModularCodeGen4_A2_B2.java
-rw-rw-r--   1 travis travis    880 Aug  1 15:26 ModularCodeGen4_A2_B2.mk
-rw-rw-r--   1 travis travis   1330 Aug  1 15:26 ModularCodeGen4_A2_B2_profile.class
-rw-rw-r--   1 travis travis   1270 Aug  1 15:26 ModularCodeGen4_A2_B2_profile.java
-rw-rw-r--   1 travis travis   5506 Aug  1 15:26 ModularCodeGen4_A2.class
-rw-rw-r--   1 travis travis  16770 Aug  1 15:26 ModularCodeGen4_A2.java
-rw-rw-r--   1 travis travis    856 Aug  1 15:26 ModularCodeGen4_A2.mk
-rw-rw-r--   1 travis travis   1445 Aug  1 15:26 ModularCodeGen4_A2_profile.class
-rw-rw-r--   1 travis travis   1712 Aug  1 15:26 ModularCodeGen4_A2_profile.java
-rw-rw-r--   1 travis travis   7070 Aug  1 15:26 ModularCodeGen5_A_A.class
-rw-rw-r--   1 travis travis  28721 Aug  1 15:26 ModularCodeGen5_A_A.java
-rw-rw-r--   1 travis travis    864 Aug  1 15:26 ModularCodeGen5_A_A.mk
-rw-rw-r--   1 travis travis   1520 Aug  1 15:26 ModularCodeGen5_A_A_profile.class
-rw-rw-r--   1 travis travis   1815 Aug  1 15:26 ModularCodeGen5_A_A_profile.java
-rw-rw-r--   1 travis travis   5347 Aug  1 15:26 ModularCodeGen5_A.class
-rw-rw-r--   1 travis travis  13769 Aug  1 15:26 ModularCodeGen5_A.java
-rw-rw-r--   1 travis travis    848 Aug  1 15:26 ModularCodeGen5_A.mk
-rw-rw-r--   1 travis travis   1422 Aug  1 15:26 ModularCodeGen5_A_profile.class
-rw-rw-r--   1 travis travis   1605 Aug  1 15:26 ModularCodeGen5_A_profile.java
-rw-rw-r--   1 travis travis   1364 Aug  1 15:26 ModularCodeGen6_A_A2_profile.java
-rw-rw-r--   1 travis travis   4340 Aug  1 15:26 ModularCodeGen6_A_A.class
-rw-rw-r--   1 travis travis  11221 Aug  1 15:26 ModularCodeGen6_A_A.java
-rw-rw-r--   1 travis travis    864 Aug  1 15:26 ModularCodeGen6_A_A.mk
-rw-rw-r--   1 travis travis   1348 Aug  1 15:26 ModularCodeGen6_A_A_profile.class
-rw-rw-r--   1 travis travis   1361 Aug  1 15:26 ModularCodeGen6_A_A_profile.java
-rw-rw-r--   1 travis travis   4186 Aug  1 15:25 ModularCodeGen_ModularCodeGenTypedCompositeActor.class
-rw-rw-r--   1 travis travis  10970 Aug  1 15:25 ModularCodeGen_ModularCodeGenTypedCompositeActor.java
-rw-rw-r--   1 travis travis   1096 Aug  1 15:25 ModularCodeGen_ModularCodeGenTypedCompositeActor.mk
-rw-rw-r--   1 travis travis   1384 Aug  1 15:25 ModularCodeGen_ModularCodeGenTypedCompositeActor_profile.class
-rw-rw-r--   1 travis travis   1328 Aug  1 15:25 ModularCodeGen_ModularCodeGenTypedCompositeActor_profile.java
-rw-rw-r--   1 travis travis   3724 Aug  1 15:25 ModularCodeGenTest_A1_A2.class
-rw-rw-r--   1 travis travis   9164 Aug  1 15:25 ModularCodeGenTest_A1_A2.java
-rw-rw-r--   1 travis travis   1306 Aug  1 15:25 ModularCodeGenTest_A1_A2_profile.class
-rw-rw-r--   1 travis travis   4055 Aug  1 15:25 ModularCodeGenTest_A1.class
-rw-rw-r--   1 travis travis   9968 Aug  1 15:25 ModularCodeGenTest_A1.java
-rw-rw-r--   1 travis travis    880 Aug  1 15:25 ModularCodeGenTest_A1.mk
-rw-rw-r--   1 travis travis   1352 Aug  1 15:25 ModularCodeGenTest_A1_profile.class
-rw-rw-r--   1 travis travis   1394 Aug  1 15:25 ModularCodeGenTest_A1_profile.java
drwxrwxr-x   3 travis travis  32768 Aug  1 15:24 modulation2
drwxrwxr-x 183 travis travis  12288 Aug  1 15:25 node_modules
drwxrwxr-x   3 travis travis  20480 Aug  1 15:21 PhaseUnwrap
drwxrwxr-x   3 travis travis  12288 Aug  1 15:21 ReadFile1
-rw-rw-r--   1 travis travis     11 Aug  1 15:21 ReadFile1Output.txt
-rw-rw-r--   1 travis travis  13773 Aug  1 15:24 Repeat.class
-rw-rw-r--   1 travis travis    685 Aug  1 15:24 Repeat$_fireFunction_Repeat_Repeat$__f_sL_11.class
-rw-rw-r--   1 travis travis    541 Aug  1 15:24 Repeat$_fireFunction_Repeat_Repeat$__f_sL_12.class
-rw-rw-r--   1 travis travis    541 Aug  1 15:24 Repeat$_fireFunction_Repeat_Repeat$__f_sL_13.class
-rw-rw-r--   1 travis travis    541 Aug  1 15:24 Repeat$_fireFunction_Repeat_Repeat$__f_sL_14.class
-rw-rw-r--   1 travis travis    684 Aug  1 15:24 Repeat$_fireFunction_Repeat_Repeat$__f_sL_1.class
-rw-rw-r--   1 travis travis    683 Aug  1 15:24 Repeat$_fireFunction_Repeat_Repeat$__f_sL_4.class
-rw-rw-r--   1 travis travis    539 Aug  1 15:24 Repeat$_fireFunction_Repeat_Repeat$__f_sL_9.class
-rw-rw-r--   1 travis travis    494 Aug  1 15:24 Repeat$_initialize_Repeat$__i_sL_2.class
-rw-rw-r--   1 travis travis   1281 Aug  1 15:24 Repeat.mk
-rw-rw-r--   1 travis travis    539 Aug  1 15:24 Repeat$_preinitializeMethod_Repeat$__p_sL_0.class
-rw-rw-r--   1 travis travis   1102 Aug  1 15:24 Repeat$_Repeat$_fireFunction_Repeat_AddSubtract_Repeat.class
-rw-rw-r--   1 travis travis    810 Aug  1 15:24 Repeat$_Repeat$_fireFunction_Repeat_AddSubtract_Repeat$__f_sL_0.class
-rw-rw-r--   1 travis travis    928 Aug  1 15:24 Repeat$_Repeat$_fireFunction_Repeat_AddSubtract_Repeat$__f_sL_1.class
-rw-rw-r--   1 travis travis    934 Aug  1 15:24 Repeat$_Repeat$_fireFunction_Repeat_AddSubtract_Repeat$__f_sL_2.class
-rw-rw-r--   1 travis travis    862 Aug  1 15:24 Repeat$_Repeat$_fireFunction_Repeat_AddSubtract_Repeat$__f_sL_3.class
-rw-rw-r--   1 travis travis    757 Aug  1 15:24 Repeat$_Repeat$_fireFunction_Repeat_Ramp2_Repeat$__f_sL_0.class
-rw-rw-r--   1 travis travis    888 Aug  1 15:24 Repeat$_Repeat$_fireFunction_Repeat_Test_Repeat$__f_sL_0.class
-rw-rw-r--   1 travis travis    634 Aug  1 15:24 Repeat$_Repeat$_fireFunction_Repeat_Test_Repeat$__f_sL_1.class
-rw-rw-r--   1 travis travis    704 Aug  1 15:24 Repeat$_Repeat_SDF_Director_run_Repeat$__R_sL_0.class
-rw-rw-r--   1 travis travis    705 Aug  1 15:24 Repeat$_Repeat_SDF_Director_run_Repeat$__R_sL_11.class
-rw-rw-r--   1 travis travis    561 Aug  1 15:24 Repeat$_Repeat_SDF_Director_run_Repeat$__R_sL_13.class
-rw-rw-r--   1 travis travis    559 Aug  1 15:24 Repeat$_Repeat_SDF_Director_run_Repeat$__R_sL_2.class
-rw-rw-r--   1 travis travis    703 Aug  1 15:24 Repeat$_Repeat_SDF_Director_run_Repeat$__R_sL_3.class
-rw-rw-r--   1 travis travis    559 Aug  1 15:24 Repeat$_Repeat_SDF_Director_run_Repeat$__R_sL_5.class
-rw-rw-r--   1 travis travis    559 Aug  1 15:24 Repeat$_Repeat_SDF_Director_run_Repeat$__R_sL_8.class
drwxrwxr-x   2 travis travis   4096 Aug  1 15:24 RepeatVariables
-rw-rw-r--   1 travis travis    882 Aug  1 15:24 Repeat$_varinit_Repeat.class
-rw-rw-r--   1 travis travis    550 Aug  1 15:24 Repeat$_varinit_Repeat$__v_sL_2.class
-rw-rw-r--   1 travis travis    924 Aug  1 15:24 Repeat$_varinit_Repeat$__v_sL_4.class
-rw-rw-r--   1 travis travis    978 Aug  1 15:24 Repeat$_wrapup_Repeat$__w_sL_1.class
drwxrwxr-x   3 travis travis  20480 Aug  1 15:21 Sinewave
drwxrwxr-x   3 travis travis  32768 Aug  1 15:23 StringFunction
drwxrwxr-x   3 travis travis  12288 Aug  1 15:23 StringLength
drwxrwxr-x   3 travis travis  61440 Aug  1 15:23 StringMatches2
drwxrwxr-x   3 travis travis  61440 Aug  1 15:23 StringSimpleReplace
drwxrwxr-x   3 travis travis  65536 Aug  1 15:23 StringSubstring
drwxrwxr-x   3 travis travis  24576 Aug  1 15:24 StringSubstring2
drwxrwxr-x   3 travis travis  16384 Aug  1 15:24 time1
drwxrwxr-x   3 travis travis  12288 Aug  1 15:24 time5
-rw-rw-r--   1 travis travis    432 Aug  1 15:26 Token.class
-rw-rw-r--   1 travis travis    251 Aug  1 15:26 Token.java
-rwxrwxr-x   1 travis travis 466992 Aug  1 15:18 top
-rw-rw-r--   1 travis travis  20502 Aug  1 15:18 top.c
-rw-rw-r--   1 travis travis   3799 Aug  1 15:24 top.class
-rw-rw-r--   1 travis travis   1257 Aug  1 15:24 top.mk
In "/home/travis/cg", about to execute:
    javac -classpath
.:/home/travis/build/icyphy/ptII:/home/travis/build/icyphy/ptII/lib/bsh-2.0b4.j
ar:/home/travis/build/icyphy/ptII/lib/ptCal.jar:/home/travis/build/icyphy/ptII/
lib/java_cup.jar:/home/travis/build/icyphy/ptII/lib/saxon8.jar:/home/travis/bui
ld/icyphy/ptII/lib/saxon8-dom.jar:/home/travis/build/icyphy/ptII/lib/chic.jar:/
home/travis/build/icyphy/ptII/lib/ptcolt.jar:/home/travis/build/icyphy/ptII/ven
dors/misc/itext/iText.jar:/home/travis/build/icyphy/ptII/lib/g4ltl.jar:/home/tr
avis/build/icyphy/ptII/lib/StructuralCoder.jar:/home/travis/build/icyphy/ptII/l
ib/jcerti.jar:/home/travis/build/icyphy/ptII/lib/javax.mail.jar:/home/travis/bu
ild/icyphy/ptII/vendors/JMF-2.1.1e/lib/jmf.jar:/home/travis/build/icyphy/ptII/l
ib/jna-4.0.0-variadic.jar:/home/travis/build/icyphy/ptII/vendors/misc/joystick/
Joystick.jar:/home/travis/build/icyphy/ptII/lib/ptjacl.jar:/home/travis/build/i
cyphy/ptII/lib/jsoup-1.8.2.jar:/home/travis/build/icyphy/ptII/lib/junit-4.8.2.j
ar:/home/travis/build/icyphy/ptII/lib/JUnitParams-0.4.0.jar:/home/travis/build/
icyphy/ptII/ptolemy/actor/lib/excel/jxl.jar:/home/travis/build/icyphy/ptII/lib/
jython.jar:/home/travis/build/icyphy/ptII/lib/kieler.jar:/home/travis/build/icy
phy/ptII/vendors/opencv/share/OpenCV/java/opencv-341.jar:/home/travis/build/icy
phy/ptII/lib/oscP5.jar:/home/travis/build/icyphy/ptII/lib/nrjavaserial-3.11.0.d
evel.jar:/home/travis/build/icyphy/ptII/vendors/j3d/lib/Linux/j3dcore.jar:/home
/travis/build/icyphy/ptII/vendors/j3d/lib/Linux/j3dutils.jar:/home/travis/build
/icyphy/ptII/vendors/j3d/lib/Linux/vecmath.jar:/home/travis/build/icyphy/ptII/v
endors/jogl/lib/Linux/gluegen-rt-natives-linux-amd64.jar:/home/travis/build/icy
phy/ptII/vendors/jogl/lib/Linux/gluegen-rt.jar:/home/travis/build/icyphy/ptII/v
endors/jogl/lib/Linux/jogl-all-natives-linux-amd64.jar:/home/travis/build/icyph
y/ptII/vendors/jogl/lib/Linux/jogl-all.jar:/home/travis/build/icyphy/ptII/ptole
my/distributed/jini/jar/jini-core.jar:/home/travis/build/icyphy/ptII/ptolemy/di
stributed/jini/jar/jini-ext.jar:/home/travis/build/icyphy/ptII/ptolemy/distribu
ted/jini/jar/sun-util.jar:/home/travis/build/icyphy/ptII/lib/protobuf-java-2.4.
1.jar:/home/travis/build/icyphy/ptII/lib/org.eclipse.paho.client.mqttv3.jar:/ho
me/travis/build/icyphy/ptII/lib/mapss.jar:/home/travis/build/icyphy/ptII/ptolem
y/actor/ptalon/antlr/antlr.jar:/home/travis/build/icyphy/ptII/lib/JRI.jar:/home
/travis/build/icyphy/ptII/lib/commons-lang-2.6.jar:/home/travis/build/icyphy/pt
II/lib/commons-logging-1.1.1.jar:/home/travis/build/icyphy/ptII/lib/sootclasses
.jar:/home/travis/build/icyphy/ptII/ptolemy/actor/lib/database/mysql-connector-
java-5.1.6-bin.jar:/home/travis/build/icyphy/ptII/vendors/misc/sphinx4/sphinx4-
data-5prealpha.jar:/home/travis/build/icyphy/ptII/vendors/misc/sphinx4/sphinx4-
core-5prealpha.jar:/home/travis/build/icyphy/ptII/lib/PDFRenderer.jar:/home/tra
vis/build/icyphy/ptII/lib/svgSalamander.jar:/home/travis/build/icyphy/ptII/lib/
rsyntaxtextarea-2.6.0-SNAPSHOT.jar:/home/travis/build/icyphy/ptII/lib/hazelcast
-3.8.2.jar:/home/travis/build/icyphy/ptII/lib/jackson-annotations-2.9.0.jar:/ho
me/travis/build/icyphy/ptII/lib/jackson-core-2.9.3.jar:/home/travis/build/icyph
y/ptII/lib/jackson-databind-2.9.3.jar:/home/travis/build/icyphy/ptII/lib/netty-
buffer-4.1.19.Final.jar:/home/travis/build/icyphy/ptII/lib/netty-codec-4.1.19.F
inal.jar:/home/travis/build/icyphy/ptII/lib/netty-codec-dns-4.1.19.Final.jar:/h
ome/travis/build/icyphy/ptII/lib/netty-codec-http-4.1.19.Final.jar:/home/travis
/build/icyphy/ptII/lib/netty-codec-http2-4.1.19.Final.jar:/home/travis/build/ic
yphy/ptII/lib/netty-common-4.1.19.Final.jar:/home/travis/build/icyphy/ptII/lib/
netty-handler-4.1.19.Final.jar:/home/travis/build/icyphy/ptII/lib/netty-resolve
r-4.1.19.Final.jar:/home/travis/build/icyphy/ptII/lib/netty-resolver-dns-4.1.19
.Final.jar:/home/travis/build/icyphy/ptII/lib/netty-transport-4.1.19.Final.jar:
/home/travis/build/icyphy/ptII/lib/vertx-codegen-3.5.1.jar:/home/travis/build/i
cyphy/ptII/lib/vertx-core-3.5.2-SNAPSHOT.jar:/home/travis/build/icyphy/ptII/lib
/vertx-hazelcast-3.5.1.jar:/home/travis/build/icyphy/ptII/lib/vertx-lang-js-3.5
.1.jar:/home/travis/build/icyphy/ptII/lib/vertx-service-proxy-3.5.1.jar:/home/t
ravis/build/icyphy/ptII/lib/vertx-web-3.5.1.jar:/home/travis/build/icyphy/ptII/
lib/slf4j-api-1.7.13.jar:/home/travis/build/icyphy/ptII/lib/slf4j-simple-1.7.13
.jar:/home/travis/build/icyphy/ptII/lib/webcam-capture-0.3.12.jar:/home/travis/
build/icyphy/ptII/lib/bridj-0.7.0.jar:/home/travis/build/icyphy/ptII/lib/xbjlib
-1.1.0.nrjavaserial.jar:/home/travis/build/icyphy/ptII/ptolemy/moml/test:/home/
travis/build/icyphy/ptII/ant/lib/ant-launcher.jar:/home/travis/build/icyphy/ptI
I/ant/lib/ant.jar:/home/travis/build/icyphy/ptII/ant/lib/ant-junit.jar:/home/tr
avis/build/icyphy/ptII/ant/lib/ant-junit4.jar:/home/travis/build/icyphy/ptII
ModularCodeGen6_A_A2_profile.java
All Done
Writing ModularCodeGen6_A_A2.java in file:/home/travis/cg/ (11329 characters)
Reading "ptolemy/cg/kernel/generic/program/procedural/java/modular/makefile.in",
    writing "/home/travis/cg/ModularCodeGen6_A_A2.mk"
Using ptolemy/cg/kernel/generic/program/procedural/java/modular/makefile.in
In "/home/travis/cg", about to execute:
    make -f ModularCodeGen6_A_A2.mk
javac -classpath ".:.."    ModularCodeGen6_A_A2.java
All Done
In "/home/travis/cg", about to execute:
    pwd
/home/travis/cg
In "/home/travis/cg", about to execute:
    ls -l
total 2264
drwxrwxr-x   3 travis travis  12288 Aug  1 15:20 AbsoluteValue
drwxrwxr-x   3 travis travis 102400 Aug  1 15:19 AllColt
drwxrwxr-x   3 travis travis  12288 Aug  1 15:19 Case1
-rw-rw-r--   1 travis travis   5128 Aug  1 15:25 CompiledCompositeActor_CompiledCompositeActor.class
-rw-rw-r--   1 travis travis   1611 Aug  1 15:25 CompiledCompositeActor_CompiledCompositeActor$_CompiledCompositeActor_CompiledCompositeActor.class
-rw-rw-r--   1 travis travis  13466 Aug  1 15:25 CompiledCompositeActor_CompiledCompositeActor.java
-rw-rw-r--   1 travis travis   1593 Aug  1 15:25 CompiledCompositeActor_CompiledCompositeActor.mk
drwxrwxr-x   5 travis travis   4096 Aug  1 15:18 fmi
drwxrwxr-x   3 travis travis  16384 Aug  1 15:20 Gaussian2
-rw-rw-r--   1 travis travis   4684 Aug  1 15:25 JavaCompiledCompositeTest1_CompiledCompositeActor.class
-rw-rw-r--   1 travis travis  11637 Aug  1 15:25 JavaCompiledCompositeTest1_CompiledCompositeActor.java
-rw-rw-r--   1 travis travis   1217 Aug  1 15:25 JavaCompiledCompositeTest1_CompiledCompositeActor$_JavaCompiledCompositeTest1_CompiledCompositeActor.class
-rw-rw-r--   1 travis travis   1625 Aug  1 15:25 JavaCompiledCompositeTest1_CompiledCompositeActor.mk
-rw-rw-r--   1 travis travis   5115 Aug  1 15:25 JavaCompiledCompositeTest2_CompiledCompositeActor.class
-rw-rw-r--   1 travis travis  14919 Aug  1 15:25 JavaCompiledCompositeTest2_CompiledCompositeActor.java
-rw-rw-r--   1 travis travis   1812 Aug  1 15:25 JavaCompiledCompositeTest2_CompiledCompositeActor$_JavaCompiledCompositeTest2_CompiledCompositeActor.class
-rw-rw-r--   1 travis travis   1625 Aug  1 15:25 JavaCompiledCompositeTest2_CompiledCompositeActor.mk
-rw-rw-r--   1 travis travis   4732 Aug  1 15:25 JavaCompiledCompositeTest3_CompiledCompositeActor.class
-rw-rw-r--   1 travis travis  13080 Aug  1 15:25 JavaCompiledCompositeTest3_CompiledCompositeActor.java
-rw-rw-r--   1 travis travis   1397 Aug  1 15:25 JavaCompiledCompositeTest3_CompiledCompositeActor$_JavaCompiledCompositeTest3_CompiledCompositeActor.class
-rw-rw-r--   1 travis travis   1625 Aug  1 15:25 JavaCompiledCompositeTest3_CompiledCompositeActor.mk
-rw-rw-r--   1 travis travis   4183 Aug  1 15:25 JavaCompiledCompositeTest4_CompiledCompositeActor.class
-rw-rw-r--   1 travis travis   9687 Aug  1 15:25 JavaCompiledCompositeTest4_CompiledCompositeActor.java
-rw-rw-r--   1 travis travis    876 Aug  1 15:25 JavaCompiledCompositeTest4_CompiledCompositeActor$_JavaCompiledCompositeTest4_CompiledCompositeActor.class
-rw-rw-r--   1 travis travis   1625 Aug  1 15:25 JavaCompiledCompositeTest4_CompiledCompositeActor.mk
drwxrwxr-x   3 travis travis  12288 Aug  1 15:20 LookupTable
drwxrwxr-x   3 travis travis  20480 Aug  1 15:20 MaxIndex
-rw-rw-r--   1 travis travis   3925 Aug  1 15:25 ModularCG_A1_B1.class
-rw-rw-r--   1 travis travis   9730 Aug  1 15:25 ModularCG_A1_B1.java
-rw-rw-r--   1 travis travis    832 Aug  1 15:25 ModularCG_A1_B1.mk
-rw-rw-r--   1 travis travis   1318 Aug  1 15:25 ModularCG_A1_B1_profile.class
-rw-rw-r--   1 travis travis   1262 Aug  1 15:25 ModularCG_A1_B1_profile.java
-rw-rw-r--   1 travis travis   3925 Aug  1 15:25 ModularCG_A1_B2.class
-rw-rw-r--   1 travis travis   9730 Aug  1 15:25 ModularCG_A1_B2.java
-rw-rw-r--   1 travis travis    832 Aug  1 15:25 ModularCG_A1_B2.mk
-rw-rw-r--   1 travis travis   1318 Aug  1 15:25 ModularCG_A1_B2_profile.class
-rw-rw-r--   1 travis travis   1262 Aug  1 15:25 ModularCG_A1_B2_profile.java
-rw-rw-r--   1 travis travis   5031 Aug  1 15:25 ModularCG_A1.class
-rw-rw-r--   1 travis travis  14742 Aug  1 15:25 ModularCG_A1.java
-rw-rw-r--   1 travis travis    808 Aug  1 15:25 ModularCG_A1.mk
-rw-rw-r--   1 travis travis   1433 Aug  1 15:25 ModularCG_A1_profile.class
-rw-rw-r--   1 travis travis   1704 Aug  1 15:25 ModularCG_A1_profile.java
-rw-rw-r--   1 travis travis   4059 Aug  1 15:25 ModularCG_A2_B1.class
-rw-rw-r--   1 travis travis  10667 Aug  1 15:25 ModularCG_A2_B1.java
-rw-rw-r--   1 travis travis    832 Aug  1 15:25 ModularCG_A2_B1.mk
-rw-rw-r--   1 travis travis   1381 Aug  1 15:25 ModularCG_A2_B1_profile.class
-rw-rw-r--   1 travis travis   1446 Aug  1 15:25 ModularCG_A2_B1_profile.java
-rw-rw-r--   1 travis travis   3925 Aug  1 15:25 ModularCG_A2_B2.class
-rw-rw-r--   1 travis travis   9730 Aug  1 15:25 ModularCG_A2_B2.java
-rw-rw-r--   1 travis travis    832 Aug  1 15:25 ModularCG_A2_B2.mk
-rw-rw-r--   1 travis travis   1318 Aug  1 15:25 ModularCG_A2_B2_profile.class
-rw-rw-r--   1 travis travis   1262 Aug  1 15:25 ModularCG_A2_B2_profile.java
-rw-rw-r--   1 travis travis   5102 Aug  1 15:25 ModularCG_A2.class
-rw-rw-r--   1 travis travis  15129 Aug  1 15:25 ModularCG_A2.java
-rw-rw-r--   1 travis travis    808 Aug  1 15:25 ModularCG_A2.mk
-rw-rw-r--   1 travis travis   1433 Aug  1 15:25 ModularCG_A2_profile.class
-rw-rw-r--   1 travis travis   1704 Aug  1 15:25 ModularCG_A2_profile.java
-rw-rw-r--   1 travis travis   3705 Aug  1 15:25 ModularCGPubSub_A1_A2.class
-rw-rw-r--   1 travis travis   9076 Aug  1 15:25 ModularCGPubSub_A1_A2.java
-rw-rw-r--   1 travis travis    880 Aug  1 15:25 ModularCGPubSub_A1_A2.mk
-rw-rw-r--   1 travis travis   1300 Aug  1 15:25 ModularCGPubSub_A1_A2_profile.class
-rw-rw-r--   1 travis travis   1222 Aug  1 15:25 ModularCGPubSub_A1_A2_profile.java
-rw-rw-r--   1 travis travis   4022 Aug  1 15:25 ModularCGPubSub_A1.class
-rw-rw-r--   1 travis travis   9836 Aug  1 15:25 ModularCGPubSub_A1.java
-rw-rw-r--   1 travis travis    856 Aug  1 15:25 ModularCGPubSub_A1.mk
-rw-rw-r--   1 travis travis   1346 Aug  1 15:25 ModularCGPubSub_A1_profile.class
-rw-rw-r--   1 travis travis   1388 Aug  1 15:25 ModularCGPubSub_A1_profile.java
-rw-rw-r--   1 travis travis   4220 Aug  1 15:25 ModularCodeGen2_ModularCodeGenTypedCompositeActor.class
-rw-rw-r--   1 travis travis  11690 Aug  1 15:25 ModularCodeGen2_ModularCodeGenTypedCompositeActor.java
-rw-rw-r--   1 travis travis   1104 Aug  1 15:25 ModularCodeGen2_ModularCodeGenTypedCompositeActor.mk
-rw-rw-r--   1 travis travis   4504 Aug  1 15:25 ModularCodeGen2_ModularCodeGenTypedCompositeActor_ModularCodeGenTypedCompositeActor.class
-rw-rw-r--   1 travis travis  11790 Aug  1 15:25 ModularCodeGen2_ModularCodeGenTypedCompositeActor_ModularCodeGenTypedCompositeActor.java
-rw-rw-r--   1 travis travis   1376 Aug  1 15:25 ModularCodeGen2_ModularCodeGenTypedCompositeActor_ModularCodeGenTypedCompositeActor.mk
-rw-rw-r--   1 travis travis   1421 Aug  1 15:25 ModularCodeGen2_ModularCodeGenTypedCompositeActor_ModularCodeGenTypedCompositeActor_profile.class
-rw-rw-r--   1 travis travis   1294 Aug  1 15:25 ModularCodeGen2_ModularCodeGenTypedCompositeActor_ModularCodeGenTypedCompositeActor_profile.java
-rw-rw-r--   1 travis travis    820 Aug  1 15:25 ModularCodeGen2_ModularCodeGenTypedCompositeActor_profile.class
-rw-rw-r--   1 travis travis    693 Aug  1 15:25 ModularCodeGen2_ModularCodeGenTypedCompositeActor_profile.java
-rw-rw-r--   1 travis travis   3973 Aug  1 15:25 ModularCodeGen3_A1_B1.class
-rw-rw-r--   1 travis travis   9958 Aug  1 15:25 ModularCodeGen3_A1_B1.java
-rw-rw-r--   1 travis travis    880 Aug  1 15:25 ModularCodeGen3_A1_B1.mk
-rw-rw-r--   1 travis travis   1330 Aug  1 15:25 ModularCodeGen3_A1_B1_profile.class
-rw-rw-r--   1 travis travis   1274 Aug  1 15:25 ModularCodeGen3_A1_B1_profile.java
-rw-rw-r--   1 travis travis   3973 Aug  1 15:26 ModularCodeGen3_A1_B2.class
-rw-rw-r--   1 travis travis   9958 Aug  1 15:26 ModularCodeGen3_A1_B2.java
-rw-rw-r--   1 travis travis    880 Aug  1 15:26 ModularCodeGen3_A1_B2.mk
-rw-rw-r--   1 travis travis   1330 Aug  1 15:26 ModularCodeGen3_A1_B2_profile.class
-rw-rw-r--   1 travis travis   1274 Aug  1 15:25 ModularCodeGen3_A1_B2_profile.java
-rw-rw-r--   1 travis travis   5193 Aug  1 15:26 ModularCodeGen3_A1.class
-rw-rw-r--   1 travis travis  15564 Aug  1 15:26 ModularCodeGen3_A1.java
-rw-rw-r--   1 travis travis    856 Aug  1 15:26 ModularCodeGen3_A1.mk
-rw-rw-r--   1 travis travis   1445 Aug  1 15:26 ModularCodeGen3_A1_profile.class
-rw-rw-r--   1 travis travis   1716 Aug  1 15:26 ModularCodeGen3_A1_profile.java
-rw-rw-r--   1 travis travis   4119 Aug  1 15:26 ModularCodeGen3_A2_B1.class
-rw-rw-r--   1 travis travis  10955 Aug  1 15:26 ModularCodeGen3_A2_B1.java
-rw-rw-r--   1 travis travis    880 Aug  1 15:26 ModularCodeGen3_A2_B1.mk
-rw-rw-r--   1 travis travis   1393 Aug  1 15:26 ModularCodeGen3_A2_B1_profile.class
-rw-rw-r--   1 travis travis   1458 Aug  1 15:26 ModularCodeGen3_A2_B1_profile.java
-rw-rw-r--   1 travis travis   3973 Aug  1 15:26 ModularCodeGen3_A2_B2.class
-rw-rw-r--   1 travis travis   9958 Aug  1 15:26 ModularCodeGen3_A2_B2.java
-rw-rw-r--   1 travis travis    880 Aug  1 15:26 ModularCodeGen3_A2_B2.mk
-rw-rw-r--   1 travis travis   1330 Aug  1 15:26 ModularCodeGen3_A2_B2_profile.class
-rw-rw-r--   1 travis travis   1274 Aug  1 15:26 ModularCodeGen3_A2_B2_profile.java
-rw-rw-r--   1 travis travis   5270 Aug  1 15:26 ModularCodeGen3_A2.class
-rw-rw-r--   1 travis travis  15957 Aug  1 15:26 ModularCodeGen3_A2.java
-rw-rw-r--   1 travis travis    856 Aug  1 15:26 ModularCodeGen3_A2.mk
-rw-rw-r--   1 travis travis   1445 Aug  1 15:26 ModularCodeGen3_A2_profile.class
-rw-rw-r--   1 travis travis   1716 Aug  1 15:26 ModularCodeGen3_A2_profile.java
-rw-rw-r--   1 travis travis   4026 Aug  1 15:26 ModularCodeGen4_A1_B1.class
-rw-rw-r--   1 travis travis  10312 Aug  1 15:26 ModularCodeGen4_A1_B1.java
In "/home/travis/cg", about to execute:
    javac -classpath
.:/home/travis/build/icyphy/ptII:/home/travis/build/icyphy/ptII/lib/bsh-2.0b4.j
ar:/home/travis/build/icyphy/ptII/lib/ptCal.jar:/home/travis/build/icyphy/ptII/
lib/java_cup.jar:/home/travis/build/icyphy/ptII/lib/saxon8.jar:/home/travis/bui
ld/icyphy/ptII/lib/saxon8-dom.jar:/home/travis/build/icyphy/ptII/lib/chic.jar:/
home/travis/build/icyphy/ptII/lib/ptcolt.jar:/home/travis/build/icyphy/ptII/ven
dors/misc/itext/iText.jar:/home/travis/build/icyphy/ptII/lib/g4ltl.jar:/home/tr
avis/build/icyphy/ptII/lib/StructuralCoder.jar:/home/travis/build/icyphy/ptII/l
ib/jcerti.jar:/home/travis/build/icyphy/ptII/lib/javax.mail.jar:/home/travis/bu
ild/icyphy/ptII/vendors/JMF-2.1.1e/lib/jmf.jar:/home/travis/build/icyphy/ptII/l
ib/jna-4.0.0-variadic.jar:/home/travis/build/icyphy/ptII/vendors/misc/joystick/
Joystick.jar:/home/travis/build/icyphy/ptII/lib/ptjacl.jar:/home/travis/build/i
cyphy/ptII/lib/jsoup-1.8.2.jar:/home/travis/build/icyphy/ptII/lib/junit-4.8.2.j
ar:/home/travis/build/icyphy/ptII/lib/JUnitParams-0.4.0.jar:/home/travis/build/
icyphy/ptII/ptolemy/actor/lib/excel/jxl.jar:/home/travis/build/icyphy/ptII/lib/
jython.jar:/home/travis/build/icyphy/ptII/lib/kieler.jar:/home/travis/build/icy
phy/ptII/vendors/opencv/share/OpenCV/java/opencv-341.jar:/home/travis/build/icy
phy/ptII/lib/oscP5.jar:/home/travis/build/icyphy/ptII/lib/nrjavaserial-3.11.0.d
evel.jar:/home/travis/build/icyphy/ptII/vendors/j3d/lib/Linux/j3dcore.jar:/home
/travis/build/icyphy/ptII/vendors/j3d/lib/Linux/j3dutils.jar:/home/travis/build
/icyphy/ptII/vendors/j3d/lib/Linux/vecmath.jar:/home/travis/build/icyphy/ptII/v
endors/jogl/lib/Linux/gluegen-rt-natives-linux-amd64.jar:/home/travis/build/icy
phy/ptII/vendors/jogl/lib/Linux/gluegen-rt.jar:/home/travis/build/icyphy/ptII/v
endors/jogl/lib/Linux/jogl-all-natives-linux-amd64.jar:/home/travis/build/icyph
y/ptII/vendors/jogl/lib/Linux/jogl-all.jar:/home/travis/build/icyphy/ptII/ptole
my/distributed/jini/jar/jini-core.jar:/home/travis/build/icyphy/ptII/ptolemy/di
stributed/jini/jar/jini-ext.jar:/home/travis/build/icyphy/ptII/ptolemy/distribu
ted/jini/jar/sun-util.jar:/home/travis/build/icyphy/ptII/lib/protobuf-java-2.4.
1.jar:/home/travis/build/icyphy/ptII/lib/org.eclipse.paho.client.mqttv3.jar:/ho
me/travis/build/icyphy/ptII/lib/mapss.jar:/home/travis/build/icyphy/ptII/ptolem
y/actor/ptalon/antlr/antlr.jar:/home/travis/build/icyphy/ptII/lib/JRI.jar:/home
/travis/build/icyphy/ptII/lib/commons-lang-2.6.jar:/home/travis/build/icyphy/pt
II/lib/commons-logging-1.1.1.jar:/home/travis/build/icyphy/ptII/lib/sootclasses
.jar:/home/travis/build/icyphy/ptII/ptolemy/actor/lib/database/mysql-connector-
java-5.1.6-bin.jar:/home/travis/build/icyphy/ptII/vendors/misc/sphinx4/sphinx4-
data-5prealpha.jar:/home/travis/build/icyphy/ptII/vendors/misc/sphinx4/sphinx4-
core-5prealpha.jar:/home/travis/build/icyphy/ptII/lib/PDFRenderer.jar:/home/tra
vis/build/icyphy/ptII/lib/svgSalamander.jar:/home/travis/build/icyphy/ptII/lib/
rsyntaxtextarea-2.6.0-SNAPSHOT.jar:/home/travis/build/icyphy/ptII/lib/hazelcast
-3.8.2.jar:/home/travis/build/icyphy/ptII/lib/jackson-annotations-2.9.0.jar:/ho
me/travis/build/icyphy/ptII/lib/jackson-core-2.9.3.jar:/home/travis/build/icyph
y/ptII/lib/jackson-databind-2.9.3.jar:/home/travis/build/icyphy/ptII/lib/netty-
buffer-4.1.19.Final.jar:/home/travis/build/icyphy/ptII/lib/netty-codec-4.1.19.F
inal.jar:/home/travis/build/icyphy/ptII/lib/netty-codec-dns-4.1.19.Final.jar:/h
ome/travis/build/icyphy/ptII/lib/netty-codec-http-4.1.19.Final.jar:/home/travis
/build/icyphy/ptII/lib/netty-codec-http2-4.1.19.Final.jar:/home/travis/build/ic
yphy/ptII/lib/netty-common-4.1.19.Final.jar:/home/travis/build/icyphy/ptII/lib/
netty-handler-4.1.19.Final.jar:/home/travis/build/icyphy/ptII/lib/netty-resolve
r-4.1.19.Final.jar:/home/travis/build/icyphy/ptII/lib/netty-resolver-dns-4.1.19
.Final.jar:/home/travis/build/icyphy/ptII/lib/netty-transport-4.1.19.Final.jar:
/home/travis/build/icyphy/ptII/lib/vertx-codegen-3.5.1.jar:/home/travis/build/i
cyphy/ptII/lib/vertx-core-3.5.2-SNAPSHOT.jar:/home/travis/build/icyphy/ptII/lib
/vertx-hazelcast-3.5.1.jar:/home/travis/build/icyphy/ptII/lib/vertx-lang-js-3.5
.1.jar:/home/travis/build/icyphy/ptII/lib/vertx-service-proxy-3.5.1.jar:/home/t
ravis/build/icyphy/ptII/lib/vertx-web-3.5.1.jar:/home/travis/build/icyphy/ptII/
lib/slf4j-api-1.7.13.jar:/home/travis/build/icyphy/ptII/lib/slf4j-simple-1.7.13
.jar:/home/travis/build/icyphy/ptII/lib/webcam-capture-0.3.12.jar:/home/travis/
build/icyphy/ptII/lib/bridj-0.7.0.jar:/home/travis/build/icyphy/ptII/lib/xbjlib
-1.1.0.nrjavaserial.jar:/home/travis/build/icyphy/ptII/ptolemy/moml/test:/home/
travis/build/icyphy/ptII/ant/lib/ant-launcher.jar:/home/travis/build/icyphy/ptI
I/ant/lib/ant.jar:/home/travis/build/icyphy/ptII/ant/lib/ant-junit.jar:/home/tr
avis/build/icyphy/ptII/ant/lib/ant-junit4.jar:/home/travis/build/icyphy/ptII
ModularCodeGen6_A_profile.java
-rw-rw-r--   1 travis travis    880 Aug  1 15:26 ModularCodeGen4_A1_B1.mk
-rw-rw-r--   1 travis travis   1330 Aug  1 15:26 ModularCodeGen4_A1_B1_profile.class
-rw-rw-r--   1 travis travis   1273 Aug  1 15:26 ModularCodeGen4_A1_B1_profile.java
-rw-rw-r--   1 travis travis   4026 Aug  1 15:26 ModularCodeGen4_A1_B2.class
-rw-rw-r--   1 travis travis  10312 Aug  1 15:26 ModularCodeGen4_A1_B2.java
-rw-rw-r--   1 travis travis    880 Aug  1 15:26 ModularCodeGen4_A1_B2.mk
-rw-rw-r--   1 travis travis   1330 Aug  1 15:26 ModularCodeGen4_A1_B2_profile.class
-rw-rw-r--   1 travis travis   1273 Aug  1 15:26 ModularCodeGen4_A1_B2_profile.java
-rw-rw-r--   1 travis travis   5333 Aug  1 15:26 ModularCodeGen4_A1.class
-rw-rw-r--   1 travis travis  16245 Aug  1 15:26 ModularCodeGen4_A1.java
-rw-rw-r--   1 travis travis    856 Aug  1 15:26 ModularCodeGen4_A1.mk
-rw-rw-r--   1 travis travis   1445 Aug  1 15:26 ModularCodeGen4_A1_profile.class
-rw-rw-r--   1 travis travis   1712 Aug  1 15:26 ModularCodeGen4_A1_profile.java
-rw-rw-r--   1 travis travis   4220 Aug  1 15:26 ModularCodeGen4_A2_B1.class
-rw-rw-r--   1 travis travis  11375 Aug  1 15:26 ModularCodeGen4_A2_B1.java
-rw-rw-r--   1 travis travis    880 Aug  1 15:26 ModularCodeGen4_A2_B1.mk
-rw-rw-r--   1 travis travis   1393 Aug  1 15:26 ModularCodeGen4_A2_B1_profile.class
-rw-rw-r--   1 travis travis   1454 Aug  1 15:26 ModularCodeGen4_A2_B1_profile.java
-rw-rw-r--   1 travis travis   4074 Aug  1 15:26 ModularCodeGen4_A2_B2.class
-rw-rw-r--   1 travis travis  10378 Aug  1 15:26 ModularCodeGen4_A2_B2.java
-rw-rw-r--   1 travis travis    880 Aug  1 15:26 ModularCodeGen4_A2_B2.mk
-rw-rw-r--   1 travis travis   1330 Aug  1 15:26 ModularCodeGen4_A2_B2_profile.class
-rw-rw-r--   1 travis travis   1270 Aug  1 15:26 ModularCodeGen4_A2_B2_profile.java
-rw-rw-r--   1 travis travis   5506 Aug  1 15:26 ModularCodeGen4_A2.class
-rw-rw-r--   1 travis travis  16770 Aug  1 15:26 ModularCodeGen4_A2.java
-rw-rw-r--   1 travis travis    856 Aug  1 15:26 ModularCodeGen4_A2.mk
-rw-rw-r--   1 travis travis   1445 Aug  1 15:26 ModularCodeGen4_A2_profile.class
-rw-rw-r--   1 travis travis   1712 Aug  1 15:26 ModularCodeGen4_A2_profile.java
-rw-rw-r--   1 travis travis   7070 Aug  1 15:26 ModularCodeGen5_A_A.class
-rw-rw-r--   1 travis travis  28721 Aug  1 15:26 ModularCodeGen5_A_A.java
-rw-rw-r--   1 travis travis    864 Aug  1 15:26 ModularCodeGen5_A_A.mk
-rw-rw-r--   1 travis travis   1520 Aug  1 15:26 ModularCodeGen5_A_A_profile.class
-rw-rw-r--   1 travis travis   1815 Aug  1 15:26 ModularCodeGen5_A_A_profile.java
-rw-rw-r--   1 travis travis   5347 Aug  1 15:26 ModularCodeGen5_A.class
-rw-rw-r--   1 travis travis  13769 Aug  1 15:26 ModularCodeGen5_A.java
-rw-rw-r--   1 travis travis    848 Aug  1 15:26 ModularCodeGen5_A.mk
-rw-rw-r--   1 travis travis   1422 Aug  1 15:26 ModularCodeGen5_A_profile.class
-rw-rw-r--   1 travis travis   1605 Aug  1 15:26 ModularCodeGen5_A_profile.java
-rw-rw-r--   1 travis travis   4357 Aug  1 15:26 ModularCodeGen6_A_A2.class
-rw-rw-r--   1 travis travis  11329 Aug  1 15:26 ModularCodeGen6_A_A2.java
-rw-rw-r--   1 travis travis    872 Aug  1 15:26 ModularCodeGen6_A_A2.mk
-rw-rw-r--   1 travis travis   1351 Aug  1 15:26 ModularCodeGen6_A_A2_profile.class
-rw-rw-r--   1 travis travis   1364 Aug  1 15:26 ModularCodeGen6_A_A2_profile.java
-rw-rw-r--   1 travis travis   4340 Aug  1 15:26 ModularCodeGen6_A_A.class
-rw-rw-r--   1 travis travis  11221 Aug  1 15:26 ModularCodeGen6_A_A.java
-rw-rw-r--   1 travis travis    864 Aug  1 15:26 ModularCodeGen6_A_A.mk
-rw-rw-r--   1 travis travis   1348 Aug  1 15:26 ModularCodeGen6_A_A_profile.class
-rw-rw-r--   1 travis travis   1361 Aug  1 15:26 ModularCodeGen6_A_A_profile.java
-rw-rw-r--   1 travis travis   1810 Aug  1 15:26 ModularCodeGen6_A_profile.java
-rw-rw-r--   1 travis travis   4186 Aug  1 15:25 ModularCodeGen_ModularCodeGenTypedCompositeActor.class
-rw-rw-r--   1 travis travis  10970 Aug  1 15:25 ModularCodeGen_ModularCodeGenTypedCompositeActor.java
-rw-rw-r--   1 travis travis   1096 Aug  1 15:25 ModularCodeGen_ModularCodeGenTypedCompositeActor.mk
-rw-rw-r--   1 travis travis   1384 Aug  1 15:25 ModularCodeGen_ModularCodeGenTypedCompositeActor_profile.class
-rw-rw-r--   1 travis travis   1328 Aug  1 15:25 ModularCodeGen_ModularCodeGenTypedCompositeActor_profile.java
-rw-rw-r--   1 travis travis   3724 Aug  1 15:25 ModularCodeGenTest_A1_A2.class
-rw-rw-r--   1 travis travis   9164 Aug  1 15:25 ModularCodeGenTest_A1_A2.java
-rw-rw-r--   1 travis travis   1306 Aug  1 15:25 ModularCodeGenTest_A1_A2_profile.class
-rw-rw-r--   1 travis travis   4055 Aug  1 15:25 ModularCodeGenTest_A1.class
-rw-rw-r--   1 travis travis   9968 Aug  1 15:25 ModularCodeGenTest_A1.java
-rw-rw-r--   1 travis travis    880 Aug  1 15:25 ModularCodeGenTest_A1.mk
-rw-rw-r--   1 travis travis   1352 Aug  1 15:25 ModularCodeGenTest_A1_profile.class
-rw-rw-r--   1 travis travis   1394 Aug  1 15:25 ModularCodeGenTest_A1_profile.java
drwxrwxr-x   3 travis travis  32768 Aug  1 15:24 modulation2
drwxrwxr-x 183 travis travis  12288 Aug  1 15:25 node_modules
drwxrwxr-x   3 travis travis  20480 Aug  1 15:21 PhaseUnwrap
drwxrwxr-x   3 travis travis  12288 Aug  1 15:21 ReadFile1
-rw-rw-r--   1 travis travis     11 Aug  1 15:21 ReadFile1Output.txt
-rw-rw-r--   1 travis travis  13773 Aug  1 15:24 Repeat.class
-rw-rw-r--   1 travis travis    685 Aug  1 15:24 Repeat$_fireFunction_Repeat_Repeat$__f_sL_11.class
-rw-rw-r--   1 travis travis    541 Aug  1 15:24 Repeat$_fireFunction_Repeat_Repeat$__f_sL_12.class
-rw-rw-r--   1 travis travis    541 Aug  1 15:24 Repeat$_fireFunction_Repeat_Repeat$__f_sL_13.class
-rw-rw-r--   1 travis travis    541 Aug  1 15:24 Repeat$_fireFunction_Repeat_Repeat$__f_sL_14.class
-rw-rw-r--   1 travis travis    684 Aug  1 15:24 Repeat$_fireFunction_Repeat_Repeat$__f_sL_1.class
-rw-rw-r--   1 travis travis    683 Aug  1 15:24 Repeat$_fireFunction_Repeat_Repeat$__f_sL_4.class
-rw-rw-r--   1 travis travis    539 Aug  1 15:24 Repeat$_fireFunction_Repeat_Repeat$__f_sL_9.class
-rw-rw-r--   1 travis travis    494 Aug  1 15:24 Repeat$_initialize_Repeat$__i_sL_2.class
-rw-rw-r--   1 travis travis   1281 Aug  1 15:24 Repeat.mk
-rw-rw-r--   1 travis travis    539 Aug  1 15:24 Repeat$_preinitializeMethod_Repeat$__p_sL_0.class
-rw-rw-r--   1 travis travis   1102 Aug  1 15:24 Repeat$_Repeat$_fireFunction_Repeat_AddSubtract_Repeat.class
-rw-rw-r--   1 travis travis    810 Aug  1 15:24 Repeat$_Repeat$_fireFunction_Repeat_AddSubtract_Repeat$__f_sL_0.class
-rw-rw-r--   1 travis travis    928 Aug  1 15:24 Repeat$_Repeat$_fireFunction_Repeat_AddSubtract_Repeat$__f_sL_1.class
-rw-rw-r--   1 travis travis    934 Aug  1 15:24 Repeat$_Repeat$_fireFunction_Repeat_AddSubtract_Repeat$__f_sL_2.class
-rw-rw-r--   1 travis travis    862 Aug  1 15:24 Repeat$_Repeat$_fireFunction_Repeat_AddSubtract_Repeat$__f_sL_3.class
-rw-rw-r--   1 travis travis    757 Aug  1 15:24 Repeat$_Repeat$_fireFunction_Repeat_Ramp2_Repeat$__f_sL_0.class
-rw-rw-r--   1 travis travis    888 Aug  1 15:24 Repeat$_Repeat$_fireFunction_Repeat_Test_Repeat$__f_sL_0.class
-rw-rw-r--   1 travis travis    634 Aug  1 15:24 Repeat$_Repeat$_fireFunction_Repeat_Test_Repeat$__f_sL_1.class
-rw-rw-r--   1 travis travis    704 Aug  1 15:24 Repeat$_Repeat_SDF_Director_run_Repeat$__R_sL_0.class
-rw-rw-r--   1 travis travis    705 Aug  1 15:24 Repeat$_Repeat_SDF_Director_run_Repeat$__R_sL_11.class
-rw-rw-r--   1 travis travis    561 Aug  1 15:24 Repeat$_Repeat_SDF_Director_run_Repeat$__R_sL_13.class
-rw-rw-r--   1 travis travis    559 Aug  1 15:24 Repeat$_Repeat_SDF_Director_run_Repeat$__R_sL_2.class
-rw-rw-r--   1 travis travis    703 Aug  1 15:24 Repeat$_Repeat_SDF_Director_run_Repeat$__R_sL_3.class
-rw-rw-r--   1 travis travis    559 Aug  1 15:24 Repeat$_Repeat_SDF_Director_run_Repeat$__R_sL_5.class
-rw-rw-r--   1 travis travis    559 Aug  1 15:24 Repeat$_Repeat_SDF_Director_run_Repeat$__R_sL_8.class
drwxrwxr-x   2 travis travis   4096 Aug  1 15:24 RepeatVariables
-rw-rw-r--   1 travis travis    882 Aug  1 15:24 Repeat$_varinit_Repeat.class
-rw-rw-r--   1 travis travis    550 Aug  1 15:24 Repeat$_varinit_Repeat$__v_sL_2.class
-rw-rw-r--   1 travis travis    924 Aug  1 15:24 Repeat$_varinit_Repeat$__v_sL_4.class
-rw-rw-r--   1 travis travis    978 Aug  1 15:24 Repeat$_wrapup_Repeat$__w_sL_1.class
drwxrwxr-x   3 travis travis  20480 Aug  1 15:21 Sinewave
drwxrwxr-x   3 travis travis  32768 Aug  1 15:23 StringFunction
drwxrwxr-x   3 travis travis  12288 Aug  1 15:23 StringLength
drwxrwxr-x   3 travis travis  61440 Aug  1 15:23 StringMatches2
drwxrwxr-x   3 travis travis  61440 Aug  1 15:23 StringSimpleReplace
drwxrwxr-x   3 travis travis  65536 Aug  1 15:23 StringSubstring
drwxrwxr-x   3 travis travis  24576 Aug  1 15:24 StringSubstring2
drwxrwxr-x   3 travis travis  16384 Aug  1 15:24 time1
drwxrwxr-x   3 travis travis  12288 Aug  1 15:24 time5
-rw-rw-r--   1 travis travis    432 Aug  1 15:26 Token.class
-rw-rw-r--   1 travis travis    251 Aug  1 15:26 Token.java
-rwxrwxr-x   1 travis travis 466992 Aug  1 15:18 top
-rw-rw-r--   1 travis travis  20502 Aug  1 15:18 top.c
-rw-rw-r--   1 travis travis   3799 Aug  1 15:24 top.class
-rw-rw-r--   1 travis travis   1257 Aug  1 15:24 top.mk
All Done
Writing ModularCodeGen6_A.java in file:/home/travis/cg/ (26535 characters)
Reading "ptolemy/cg/kernel/generic/program/procedural/java/modular/makefile.in",
    writing "/home/travis/cg/ModularCodeGen6_A.mk"
Using ptolemy/cg/kernel/generic/program/procedural/java/modular/makefile.in
In "/home/travis/cg", about to execute:
    make -f ModularCodeGen6_A.mk
javac -classpath ".:.."    ModularCodeGen6_A.java
All Done
7871 ms. Memory: 129024K Free: 53498K (41%)
----------------- Invoking toplevel() on ptolemy.moml.MoMLSimpleApplication@2882be1b
----------------- Done invoking toplevel() on ptolemy.moml.MoMLSimpleApplication@2882be1b
reloadAllAccessors: .ModularCodeGen6

===========================================================================================
----------------- testing Sat Aug 01 15:26:41 UTC 2020 /home/travis/build/icyphy/ptII/ptolemy/cg/lib/test/auto/ModularCodeGenLazyPubSub.xml
----------------- Instantiating /home/travis/build/icyphy/ptII/ptolemy/cg/lib/test/auto/ModularCodeGenLazyPubSub.xml
In "/home/travis/cg", about to execute:
    pwd
In "/home/travis/cg", about to execute:
    ls -l
/home/travis/cg
In "/home/travis/cg", about to execute:
    javac -classpath
.:/home/travis/build/icyphy/ptII:/home/travis/build/icyphy/ptII/lib/bsh-2.0b4.j
ar:/home/travis/build/icyphy/ptII/lib/ptCal.jar:/home/travis/build/icyphy/ptII/
lib/java_cup.jar:/home/travis/build/icyphy/ptII/lib/saxon8.jar:/home/travis/bui
ld/icyphy/ptII/lib/saxon8-dom.jar:/home/travis/build/icyphy/ptII/lib/chic.jar:/
home/travis/build/icyphy/ptII/lib/ptcolt.jar:/home/travis/build/icyphy/ptII/ven
dors/misc/itext/iText.jar:/home/travis/build/icyphy/ptII/lib/g4ltl.jar:/home/tr
avis/build/icyphy/ptII/lib/StructuralCoder.jar:/home/travis/build/icyphy/ptII/l
ib/jcerti.jar:/home/travis/build/icyphy/ptII/lib/javax.mail.jar:/home/travis/bu
ild/icyphy/ptII/vendors/JMF-2.1.1e/lib/jmf.jar:/home/travis/build/icyphy/ptII/l
ib/jna-4.0.0-variadic.jar:/home/travis/build/icyphy/ptII/vendors/misc/joystick/
Joystick.jar:/home/travis/build/icyphy/ptII/lib/ptjacl.jar:/home/travis/build/i
cyphy/ptII/lib/jsoup-1.8.2.jar:/home/travis/build/icyphy/ptII/lib/junit-4.8.2.j
ar:/home/travis/build/icyphy/ptII/lib/JUnitParams-0.4.0.jar:/home/travis/build/
icyphy/ptII/ptolemy/actor/lib/excel/jxl.jar:/home/travis/build/icyphy/ptII/lib/
jython.jar:/home/travis/build/icyphy/ptII/lib/kieler.jar:/home/travis/build/icy
phy/ptII/vendors/opencv/share/OpenCV/java/opencv-341.jar:/home/travis/build/icy
phy/ptII/lib/oscP5.jar:/home/travis/build/icyphy/ptII/lib/nrjavaserial-3.11.0.d
evel.jar:/home/travis/build/icyphy/ptII/vendors/j3d/lib/Linux/j3dcore.jar:/home
/travis/build/icyphy/ptII/vendors/j3d/lib/Linux/j3dutils.jar:/home/travis/build
/icyphy/ptII/vendors/j3d/lib/Linux/vecmath.jar:/home/travis/build/icyphy/ptII/v
endors/jogl/lib/Linux/gluegen-rt-natives-linux-amd64.jar:/home/travis/build/icy
phy/ptII/vendors/jogl/lib/Linux/gluegen-rt.jar:/home/travis/build/icyphy/ptII/v
endors/jogl/lib/Linux/jogl-all-natives-linux-amd64.jar:/home/travis/build/icyph
y/ptII/vendors/jogl/lib/Linux/jogl-all.jar:/home/travis/build/icyphy/ptII/ptole
my/distributed/jini/jar/jini-core.jar:/home/travis/build/icyphy/ptII/ptolemy/di
stributed/jini/jar/jini-ext.jar:/home/travis/build/icyphy/ptII/ptolemy/distribu
ted/jini/jar/sun-util.jar:/home/travis/build/icyphy/ptII/lib/protobuf-java-2.4.
1.jar:/home/travis/build/icyphy/ptII/lib/org.eclipse.paho.client.mqttv3.jar:/ho
me/travis/build/icyphy/ptII/lib/mapss.jar:/home/travis/build/icyphy/ptII/ptolem
y/actor/ptalon/antlr/antlr.jar:/home/travis/build/icyphy/ptII/lib/JRI.jar:/home
/travis/build/icyphy/ptII/lib/commons-lang-2.6.jar:/home/travis/build/icyphy/pt
II/lib/commons-logging-1.1.1.jar:/home/travis/build/icyphy/ptII/lib/sootclasses
.jar:/home/travis/build/icyphy/ptII/ptolemy/actor/lib/database/mysql-connector-
java-5.1.6-bin.jar:/home/travis/build/icyphy/ptII/vendors/misc/sphinx4/sphinx4-
data-5prealpha.jar:/home/travis/build/icyphy/ptII/vendors/misc/sphinx4/sphinx4-
core-5prealpha.jar:/home/travis/build/icyphy/ptII/lib/PDFRenderer.jar:/home/tra
vis/build/icyphy/ptII/lib/svgSalamander.jar:/home/travis/build/icyphy/ptII/lib/
rsyntaxtextarea-2.6.0-SNAPSHOT.jar:/home/travis/build/icyphy/ptII/lib/hazelcast
-3.8.2.jar:/home/travis/build/icyphy/ptII/lib/jackson-annotations-2.9.0.jar:/ho
me/travis/build/icyphy/ptII/lib/jackson-core-2.9.3.jar:/home/travis/build/icyph
y/ptII/lib/jackson-databind-2.9.3.jar:/home/travis/build/icyphy/ptII/lib/netty-
buffer-4.1.19.Final.jar:/home/travis/build/icyphy/ptII/lib/netty-codec-4.1.19.F
inal.jar:/home/travis/build/icyphy/ptII/lib/netty-codec-dns-4.1.19.Final.jar:/h
ome/travis/build/icyphy/ptII/lib/netty-codec-http-4.1.19.Final.jar:/home/travis
/build/icyphy/ptII/lib/netty-codec-http2-4.1.19.Final.jar:/home/travis/build/ic
yphy/ptII/lib/netty-common-4.1.19.Final.jar:/home/travis/build/icyphy/ptII/lib/
netty-handler-4.1.19.Final.jar:/home/travis/build/icyphy/ptII/lib/netty-resolve
r-4.1.19.Final.jar:/home/travis/build/icyphy/ptII/lib/netty-resolver-dns-4.1.19
.Final.jar:/home/travis/build/icyphy/ptII/lib/netty-transport-4.1.19.Final.jar:
/home/travis/build/icyphy/ptII/lib/vertx-codegen-3.5.1.jar:/home/travis/build/i
cyphy/ptII/lib/vertx-core-3.5.2-SNAPSHOT.jar:/home/travis/build/icyphy/ptII/lib
/vertx-hazelcast-3.5.1.jar:/home/travis/build/icyphy/ptII/lib/vertx-lang-js-3.5
.1.jar:/home/travis/build/icyphy/ptII/lib/vertx-service-proxy-3.5.1.jar:/home/t
ravis/build/icyphy/ptII/lib/vertx-web-3.5.1.jar:/home/travis/build/icyphy/ptII/
lib/slf4j-api-1.7.13.jar:/home/travis/build/icyphy/ptII/lib/slf4j-simple-1.7.13
.jar:/home/travis/build/icyphy/ptII/lib/webcam-capture-0.3.12.jar:/home/travis/
build/icyphy/ptII/lib/bridj-0.7.0.jar:/home/travis/build/icyphy/ptII/lib/xbjlib
-1.1.0.nrjavaserial.jar:/home/travis/build/icyphy/ptII/ptolemy/moml/test:/home/
travis/build/icyphy/ptII/ant/lib/ant-launcher.jar:/home/travis/build/icyphy/ptI
I/ant/lib/ant.jar:/home/travis/build/icyphy/ptII/ant/lib/ant-junit.jar:/home/tr
avis/build/icyphy/ptII/ant/lib/ant-junit4.jar:/home/travis/build/icyphy/ptII
ModularCodeGenLazyPubSub_LazyCompositeActor_profile.java
total 2312
drwxrwxr-x   3 travis travis  12288 Aug  1 15:20 AbsoluteValue
drwxrwxr-x   3 travis travis 102400 Aug  1 15:19 AllColt
drwxrwxr-x   3 travis travis  12288 Aug  1 15:19 Case1
-rw-rw-r--   1 travis travis   5128 Aug  1 15:25 CompiledCompositeActor_CompiledCompositeActor.class
-rw-rw-r--   1 travis travis   1611 Aug  1 15:25 CompiledCompositeActor_CompiledCompositeActor$_CompiledCompositeActor_CompiledCompositeActor.class
-rw-rw-r--   1 travis travis  13466 Aug  1 15:25 CompiledCompositeActor_CompiledCompositeActor.java
-rw-rw-r--   1 travis travis   1593 Aug  1 15:25 CompiledCompositeActor_CompiledCompositeActor.mk
drwxrwxr-x   5 travis travis   4096 Aug  1 15:18 fmi
drwxrwxr-x   3 travis travis  16384 Aug  1 15:20 Gaussian2
-rw-rw-r--   1 travis travis   4684 Aug  1 15:25 JavaCompiledCompositeTest1_CompiledCompositeActor.class
-rw-rw-r--   1 travis travis  11637 Aug  1 15:25 JavaCompiledCompositeTest1_CompiledCompositeActor.java
-rw-rw-r--   1 travis travis   1217 Aug  1 15:25 JavaCompiledCompositeTest1_CompiledCompositeActor$_JavaCompiledCompositeTest1_CompiledCompositeActor.class
-rw-rw-r--   1 travis travis   1625 Aug  1 15:25 JavaCompiledCompositeTest1_CompiledCompositeActor.mk
-rw-rw-r--   1 travis travis   5115 Aug  1 15:25 JavaCompiledCompositeTest2_CompiledCompositeActor.class
-rw-rw-r--   1 travis travis  14919 Aug  1 15:25 JavaCompiledCompositeTest2_CompiledCompositeActor.java
-rw-rw-r--   1 travis travis   1812 Aug  1 15:25 JavaCompiledCompositeTest2_CompiledCompositeActor$_JavaCompiledCompositeTest2_CompiledCompositeActor.class
-rw-rw-r--   1 travis travis   1625 Aug  1 15:25 JavaCompiledCompositeTest2_CompiledCompositeActor.mk
-rw-rw-r--   1 travis travis   4732 Aug  1 15:25 JavaCompiledCompositeTest3_CompiledCompositeActor.class
-rw-rw-r--   1 travis travis  13080 Aug  1 15:25 JavaCompiledCompositeTest3_CompiledCompositeActor.java
-rw-rw-r--   1 travis travis   1397 Aug  1 15:25 JavaCompiledCompositeTest3_CompiledCompositeActor$_JavaCompiledCompositeTest3_CompiledCompositeActor.class
-rw-rw-r--   1 travis travis   1625 Aug  1 15:25 JavaCompiledCompositeTest3_CompiledCompositeActor.mk
-rw-rw-r--   1 travis travis   4183 Aug  1 15:25 JavaCompiledCompositeTest4_CompiledCompositeActor.class
-rw-rw-r--   1 travis travis   9687 Aug  1 15:25 JavaCompiledCompositeTest4_CompiledCompositeActor.java
-rw-rw-r--   1 travis travis    876 Aug  1 15:25 JavaCompiledCompositeTest4_CompiledCompositeActor$_JavaCompiledCompositeTest4_CompiledCompositeActor.class
-rw-rw-r--   1 travis travis   1625 Aug  1 15:25 JavaCompiledCompositeTest4_CompiledCompositeActor.mk
drwxrwxr-x   3 travis travis  12288 Aug  1 15:20 LookupTable
drwxrwxr-x   3 travis travis  20480 Aug  1 15:20 MaxIndex
-rw-rw-r--   1 travis travis   3925 Aug  1 15:25 ModularCG_A1_B1.class
-rw-rw-r--   1 travis travis   9730 Aug  1 15:25 ModularCG_A1_B1.java
-rw-rw-r--   1 travis travis    832 Aug  1 15:25 ModularCG_A1_B1.mk
-rw-rw-r--   1 travis travis   1318 Aug  1 15:25 ModularCG_A1_B1_profile.class
-rw-rw-r--   1 travis travis   1262 Aug  1 15:25 ModularCG_A1_B1_profile.java
-rw-rw-r--   1 travis travis   3925 Aug  1 15:25 ModularCG_A1_B2.class
-rw-rw-r--   1 travis travis   9730 Aug  1 15:25 ModularCG_A1_B2.java
-rw-rw-r--   1 travis travis    832 Aug  1 15:25 ModularCG_A1_B2.mk
-rw-rw-r--   1 travis travis   1318 Aug  1 15:25 ModularCG_A1_B2_profile.class
-rw-rw-r--   1 travis travis   1262 Aug  1 15:25 ModularCG_A1_B2_profile.java
-rw-rw-r--   1 travis travis   5031 Aug  1 15:25 ModularCG_A1.class
-rw-rw-r--   1 travis travis  14742 Aug  1 15:25 ModularCG_A1.java
-rw-rw-r--   1 travis travis    808 Aug  1 15:25 ModularCG_A1.mk
-rw-rw-r--   1 travis travis   1433 Aug  1 15:25 ModularCG_A1_profile.class
-rw-rw-r--   1 travis travis   1704 Aug  1 15:25 ModularCG_A1_profile.java
-rw-rw-r--   1 travis travis   4059 Aug  1 15:25 ModularCG_A2_B1.class
-rw-rw-r--   1 travis travis  10667 Aug  1 15:25 ModularCG_A2_B1.java
-rw-rw-r--   1 travis travis    832 Aug  1 15:25 ModularCG_A2_B1.mk
-rw-rw-r--   1 travis travis   1381 Aug  1 15:25 ModularCG_A2_B1_profile.class
-rw-rw-r--   1 travis travis   1446 Aug  1 15:25 ModularCG_A2_B1_profile.java
-rw-rw-r--   1 travis travis   3925 Aug  1 15:25 ModularCG_A2_B2.class
-rw-rw-r--   1 travis travis   9730 Aug  1 15:25 ModularCG_A2_B2.java
-rw-rw-r--   1 travis travis    832 Aug  1 15:25 ModularCG_A2_B2.mk
-rw-rw-r--   1 travis travis   1318 Aug  1 15:25 ModularCG_A2_B2_profile.class
-rw-rw-r--   1 travis travis   1262 Aug  1 15:25 ModularCG_A2_B2_profile.java
-rw-rw-r--   1 travis travis   5102 Aug  1 15:25 ModularCG_A2.class
-rw-rw-r--   1 travis travis  15129 Aug  1 15:25 ModularCG_A2.java
-rw-rw-r--   1 travis travis    808 Aug  1 15:25 ModularCG_A2.mk
-rw-rw-r--   1 travis travis   1433 Aug  1 15:25 ModularCG_A2_profile.class
-rw-rw-r--   1 travis travis   1704 Aug  1 15:25 ModularCG_A2_profile.java
-rw-rw-r--   1 travis travis   3705 Aug  1 15:25 ModularCGPubSub_A1_A2.class
-rw-rw-r--   1 travis travis   9076 Aug  1 15:25 ModularCGPubSub_A1_A2.java
-rw-rw-r--   1 travis travis    880 Aug  1 15:25 ModularCGPubSub_A1_A2.mk
-rw-rw-r--   1 travis travis   1300 Aug  1 15:25 ModularCGPubSub_A1_A2_profile.class
-rw-rw-r--   1 travis travis   1222 Aug  1 15:25 ModularCGPubSub_A1_A2_profile.java
-rw-rw-r--   1 travis travis   4022 Aug  1 15:25 ModularCGPubSub_A1.class
-rw-rw-r--   1 travis travis   9836 Aug  1 15:25 ModularCGPubSub_A1.java
-rw-rw-r--   1 travis travis    856 Aug  1 15:25 ModularCGPubSub_A1.mk
-rw-rw-r--   1 travis travis   1346 Aug  1 15:25 ModularCGPubSub_A1_profile.class
-rw-rw-r--   1 travis travis   1388 Aug  1 15:25 ModularCGPubSub_A1_profile.java
-rw-rw-r--   1 travis travis   4220 Aug  1 15:25 ModularCodeGen2_ModularCodeGenTypedCompositeActor.class
-rw-rw-r--   1 travis travis  11690 Aug  1 15:25 ModularCodeGen2_ModularCodeGenTypedCompositeActor.java
-rw-rw-r--   1 travis travis   1104 Aug  1 15:25 ModularCodeGen2_ModularCodeGenTypedCompositeActor.mk
-rw-rw-r--   1 travis travis   4504 Aug  1 15:25 ModularCodeGen2_ModularCodeGenTypedCompositeActor_ModularCodeGenTypedCompositeActor.class
-rw-rw-r--   1 travis travis  11790 Aug  1 15:25 ModularCodeGen2_ModularCodeGenTypedCompositeActor_ModularCodeGenTypedCompositeActor.java
-rw-rw-r--   1 travis travis   1376 Aug  1 15:25 ModularCodeGen2_ModularCodeGenTypedCompositeActor_ModularCodeGenTypedCompositeActor.mk
-rw-rw-r--   1 travis travis   1421 Aug  1 15:25 ModularCodeGen2_ModularCodeGenTypedCompositeActor_ModularCodeGenTypedCompositeActor_profile.class
-rw-rw-r--   1 travis travis   1294 Aug  1 15:25 ModularCodeGen2_ModularCodeGenTypedCompositeActor_ModularCodeGenTypedCompositeActor_profile.java
-rw-rw-r--   1 travis travis    820 Aug  1 15:25 ModularCodeGen2_ModularCodeGenTypedCompositeActor_profile.class
-rw-rw-r--   1 travis travis    693 Aug  1 15:25 ModularCodeGen2_ModularCodeGenTypedCompositeActor_profile.java
-rw-rw-r--   1 travis travis   3973 Aug  1 15:25 ModularCodeGen3_A1_B1.class
-rw-rw-r--   1 travis travis   9958 Aug  1 15:25 ModularCodeGen3_A1_B1.java
-rw-rw-r--   1 travis travis    880 Aug  1 15:25 ModularCodeGen3_A1_B1.mk
-rw-rw-r--   1 travis travis   1330 Aug  1 15:25 ModularCodeGen3_A1_B1_profile.class
-rw-rw-r--   1 travis travis   1274 Aug  1 15:25 ModularCodeGen3_A1_B1_profile.java
-rw-rw-r--   1 travis travis   3973 Aug  1 15:26 ModularCodeGen3_A1_B2.class
-rw-rw-r--   1 travis travis   9958 Aug  1 15:26 ModularCodeGen3_A1_B2.java
-rw-rw-r--   1 travis travis    880 Aug  1 15:26 ModularCodeGen3_A1_B2.mk
-rw-rw-r--   1 travis travis   1330 Aug  1 15:26 ModularCodeGen3_A1_B2_profile.class
-rw-rw-r--   1 travis travis   1274 Aug  1 15:25 ModularCodeGen3_A1_B2_profile.java
-rw-rw-r--   1 travis travis   5193 Aug  1 15:26 ModularCodeGen3_A1.class
-rw-rw-r--   1 travis travis  15564 Aug  1 15:26 ModularCodeGen3_A1.java
-rw-rw-r--   1 travis travis    856 Aug  1 15:26 ModularCodeGen3_A1.mk
-rw-rw-r--   1 travis travis   1445 Aug  1 15:26 ModularCodeGen3_A1_profile.class
-rw-rw-r--   1 travis travis   1716 Aug  1 15:26 ModularCodeGen3_A1_profile.java
-rw-rw-r--   1 travis travis   4119 Aug  1 15:26 ModularCodeGen3_A2_B1.class
-rw-rw-r--   1 travis travis  10955 Aug  1 15:26 ModularCodeGen3_A2_B1.java
-rw-rw-r--   1 travis travis    880 Aug  1 15:26 ModularCodeGen3_A2_B1.mk
-rw-rw-r--   1 travis travis   1393 Aug  1 15:26 ModularCodeGen3_A2_B1_profile.class
-rw-rw-r--   1 travis travis   1458 Aug  1 15:26 ModularCodeGen3_A2_B1_profile.java
-rw-rw-r--   1 travis travis   3973 Aug  1 15:26 ModularCodeGen3_A2_B2.class
-rw-rw-r--   1 travis travis   9958 Aug  1 15:26 ModularCodeGen3_A2_B2.java
-rw-rw-r--   1 travis travis    880 Aug  1 15:26 ModularCodeGen3_A2_B2.mk
-rw-rw-r--   1 travis travis   1330 Aug  1 15:26 ModularCodeGen3_A2_B2_profile.class
-rw-rw-r--   1 travis travis   1274 Aug  1 15:26 ModularCodeGen3_A2_B2_profile.java
-rw-rw-r--   1 travis travis   5270 Aug  1 15:26 ModularCodeGen3_A2.class
-rw-rw-r--   1 travis travis  15957 Aug  1 15:26 ModularCodeGen3_A2.java
-rw-rw-r--   1 travis travis    856 Aug  1 15:26 ModularCodeGen3_A2.mk
-rw-rw-r--   1 travis travis   1445 Aug  1 15:26 ModularCodeGen3_A2_profile.class
-rw-rw-r--   1 travis travis   1716 Aug  1 15:26 ModularCodeGen3_A2_profile.java
-rw-rw-r--   1 travis travis   4026 Aug  1 15:26 ModularCodeGen4_A1_B1.class
-rw-rw-r--   1 travis travis  10312 Aug  1 15:26 ModularCodeGen4_A1_B1.java
-rw-rw-r--   1 travis travis    880 Aug  1 15:26 ModularCodeGen4_A1_B1.mk
-rw-rw-r--   1 travis travis   1330 Aug  1 15:26 ModularCodeGen4_A1_B1_profile.class
-rw-rw-r--   1 travis travis   1273 Aug  1 15:26 ModularCodeGen4_A1_B1_profile.java
-rw-rw-r--   1 travis travis   4026 Aug  1 15:26 ModularCodeGen4_A1_B2.class
-rw-rw-r--   1 travis travis  10312 Aug  1 15:26 ModularCodeGen4_A1_B2.java
-rw-rw-r--   1 travis travis    880 Aug  1 15:26 ModularCodeGen4_A1_B2.mk
-rw-rw-r--   1 travis travis   1330 Aug  1 15:26 ModularCodeGen4_A1_B2_profile.class
-rw-rw-r--   1 travis travis   1273 Aug  1 15:26 ModularCodeGen4_A1_B2_profile.java
-rw-rw-r--   1 travis travis   5333 Aug  1 15:26 ModularCodeGen4_A1.class
-rw-rw-r--   1 travis travis  16245 Aug  1 15:26 ModularCodeGen4_A1.java
-rw-rw-r--   1 travis travis    856 Aug  1 15:26 ModularCodeGen4_A1.mk
-rw-rw-r--   1 travis travis   1445 Aug  1 15:26 ModularCodeGen4_A1_profile.class
-rw-rw-r--   1 travis travis   1712 Aug  1 15:26 ModularCodeGen4_A1_profile.java
-rw-rw-r--   1 travis travis   4220 Aug  1 15:26 ModularCodeGen4_A2_B1.class
-rw-rw-r--   1 travis travis  11375 Aug  1 15:26 ModularCodeGen4_A2_B1.java
-rw-rw-r--   1 travis travis    880 Aug  1 15:26 ModularCodeGen4_A2_B1.mk
-rw-rw-r--   1 travis travis   1393 Aug  1 15:26 ModularCodeGen4_A2_B1_profile.class
-rw-rw-r--   1 travis travis   1454 Aug  1 15:26 ModularCodeGen4_A2_B1_profile.java
-rw-rw-r--   1 travis travis   4074 Aug  1 15:26 ModularCodeGen4_A2_B2.class
-rw-rw-r--   1 travis travis  10378 Aug  1 15:26 ModularCodeGen4_A2_B2.java
-rw-rw-r--   1 travis travis    880 Aug  1 15:26 ModularCodeGen4_A2_B2.mk
-rw-rw-r--   1 travis travis   1330 Aug  1 15:26 ModularCodeGen4_A2_B2_profile.class
-rw-rw-r--   1 travis travis   1270 Aug  1 15:26 ModularCodeGen4_A2_B2_profile.java
-rw-rw-r--   1 travis travis   5506 Aug  1 15:26 ModularCodeGen4_A2.class
-rw-rw-r--   1 travis travis  16770 Aug  1 15:26 ModularCodeGen4_A2.java
-rw-rw-r--   1 travis travis    856 Aug  1 15:26 ModularCodeGen4_A2.mk
-rw-rw-r--   1 travis travis   1445 Aug  1 15:26 ModularCodeGen4_A2_profile.class
-rw-rw-r--   1 travis travis   1712 Aug  1 15:26 ModularCodeGen4_A2_profile.java
-rw-rw-r--   1 travis travis   7070 Aug  1 15:26 ModularCodeGen5_A_A.class
-rw-rw-r--   1 travis travis  28721 Aug  1 15:26 ModularCodeGen5_A_A.java
-rw-rw-r--   1 travis travis    864 Aug  1 15:26 ModularCodeGen5_A_A.mk
-rw-rw-r--   1 travis travis   1520 Aug  1 15:26 ModularCodeGen5_A_A_profile.class
-rw-rw-r--   1 travis travis   1815 Aug  1 15:26 ModularCodeGen5_A_A_profile.java
-rw-rw-r--   1 travis travis   5347 Aug  1 15:26 ModularCodeGen5_A.class
-rw-rw-r--   1 travis travis  13769 Aug  1 15:26 ModularCodeGen5_A.java
-rw-rw-r--   1 travis travis    848 Aug  1 15:26 ModularCodeGen5_A.mk
-rw-rw-r--   1 travis travis   1422 Aug  1 15:26 ModularCodeGen5_A_profile.class
-rw-rw-r--   1 travis travis   1605 Aug  1 15:26 ModularCodeGen5_A_profile.java
-rw-rw-r--   1 travis travis   4357 Aug  1 15:26 ModularCodeGen6_A_A2.class
-rw-rw-r--   1 travis travis  11329 Aug  1 15:26 ModularCodeGen6_A_A2.java
-rw-rw-r--   1 travis travis    872 Aug  1 15:26 ModularCodeGen6_A_A2.mk
-rw-rw-r--   1 travis travis   1351 Aug  1 15:26 ModularCodeGen6_A_A2_profile.class
-rw-rw-r--   1 travis travis   1364 Aug  1 15:26 ModularCodeGen6_A_A2_profile.java
-rw-rw-r--   1 travis travis   4340 Aug  1 15:26 ModularCodeGen6_A_A.class
-rw-rw-r--   1 travis travis  11221 Aug  1 15:26 ModularCodeGen6_A_A.java
-rw-rw-r--   1 travis travis    864 Aug  1 15:26 ModularCodeGen6_A_A.mk
-rw-rw-r--   1 travis travis   1348 Aug  1 15:26 ModularCodeGen6_A_A_profile.class
-rw-rw-r--   1 travis travis   1361 Aug  1 15:26 ModularCodeGen6_A_A_profile.java
-rw-rw-r--   1 travis travis   7469 Aug  1 15:26 ModularCodeGen6_A.class
-rw-rw-r--   1 travis travis  26535 Aug  1 15:26 ModularCodeGen6_A.java
-rw-rw-r--   1 travis travis    848 Aug  1 15:26 ModularCodeGen6_A.mk
-rw-rw-r--   1 travis travis   1483 Aug  1 15:26 ModularCodeGen6_A_profile.class
-rw-rw-r--   1 travis travis   1810 Aug  1 15:26 ModularCodeGen6_A_profile.java
-rw-rw-r--   1 travis travis   1091 Aug  1 15:26 ModularCodeGenLazyPubSub_LazyCompositeActor_profile.java
-rw-rw-r--   1 travis travis   4186 Aug  1 15:25 ModularCodeGen_ModularCodeGenTypedCompositeActor.class
-rw-rw-r--   1 travis travis  10970 Aug  1 15:25 ModularCodeGen_ModularCodeGenTypedCompositeActor.java
-rw-rw-r--   1 travis travis   1096 Aug  1 15:25 ModularCodeGen_ModularCodeGenTypedCompositeActor.mk
-rw-rw-r--   1 travis travis   1384 Aug  1 15:25 ModularCodeGen_ModularCodeGenTypedCompositeActor_profile.class
-rw-rw-r--   1 travis travis   1328 Aug  1 15:25 ModularCodeGen_ModularCodeGenTypedCompositeActor_profile.java
-rw-rw-r--   1 travis travis   3724 Aug  1 15:25 ModularCodeGenTest_A1_A2.class
-rw-rw-r--   1 travis travis   9164 Aug  1 15:25 ModularCodeGenTest_A1_A2.java
-rw-rw-r--   1 travis travis   1306 Aug  1 15:25 ModularCodeGenTest_A1_A2_profile.class
-rw-rw-r--   1 travis travis   4055 Aug  1 15:25 ModularCodeGenTest_A1.class
-rw-rw-r--   1 travis travis   9968 Aug  1 15:25 ModularCodeGenTest_A1.java
-rw-rw-r--   1 travis travis    880 Aug  1 15:25 ModularCodeGenTest_A1.mk
-rw-rw-r--   1 travis travis   1352 Aug  1 15:25 ModularCodeGenTest_A1_profile.class
-rw-rw-r--   1 travis travis   1394 Aug  1 15:25 ModularCodeGenTest_A1_profile.java
drwxrwxr-x   3 travis travis  32768 Aug  1 15:24 modulation2
drwxrwxr-x 183 travis travis  12288 Aug  1 15:25 node_modules
drwxrwxr-x   3 travis travis  20480 Aug  1 15:21 PhaseUnwrap
drwxrwxr-x   3 travis travis  12288 Aug  1 15:21 ReadFile1
-rw-rw-r--   1 travis travis     11 Aug  1 15:21 ReadFile1Output.txt
-rw-rw-r--   1 travis travis  13773 Aug  1 15:24 Repeat.class
-rw-rw-r--   1 travis travis    685 Aug  1 15:24 Repeat$_fireFunction_Repeat_Repeat$__f_sL_11.class
-rw-rw-r--   1 travis travis    541 Aug  1 15:24 Repeat$_fireFunction_Repeat_Repeat$__f_sL_12.class
-rw-rw-r--   1 travis travis    541 Aug  1 15:24 Repeat$_fireFunction_Repeat_Repeat$__f_sL_13.class
-rw-rw-r--   1 travis travis    541 Aug  1 15:24 Repeat$_fireFunction_Repeat_Repeat$__f_sL_14.class
-rw-rw-r--   1 travis travis    684 Aug  1 15:24 Repeat$_fireFunction_Repeat_Repeat$__f_sL_1.class
-rw-rw-r--   1 travis travis    683 Aug  1 15:24 Repeat$_fireFunction_Repeat_Repeat$__f_sL_4.class
-rw-rw-r--   1 travis travis    539 Aug  1 15:24 Repeat$_fireFunction_Repeat_Repeat$__f_sL_9.class
-rw-rw-r--   1 travis travis    494 Aug  1 15:24 Repeat$_initialize_Repeat$__i_sL_2.class
-rw-rw-r--   1 travis travis   1281 Aug  1 15:24 Repeat.mk
-rw-rw-r--   1 travis travis    539 Aug  1 15:24 Repeat$_preinitializeMethod_Repeat$__p_sL_0.class
-rw-rw-r--   1 travis travis   1102 Aug  1 15:24 Repeat$_Repeat$_fireFunction_Repeat_AddSubtract_Repeat.class
-rw-rw-r--   1 travis travis    810 Aug  1 15:24 Repeat$_Repeat$_fireFunction_Repeat_AddSubtract_Repeat$__f_sL_0.class
-rw-rw-r--   1 travis travis    928 Aug  1 15:24 Repeat$_Repeat$_fireFunction_Repeat_AddSubtract_Repeat$__f_sL_1.class
-rw-rw-r--   1 travis travis    934 Aug  1 15:24 Repeat$_Repeat$_fireFunction_Repeat_AddSubtract_Repeat$__f_sL_2.class
-rw-rw-r--   1 travis travis    862 Aug  1 15:24 Repeat$_Repeat$_fireFunction_Repeat_AddSubtract_Repeat$__f_sL_3.class
-rw-rw-r--   1 travis travis    757 Aug  1 15:24 Repeat$_Repeat$_fireFunction_Repeat_Ramp2_Repeat$__f_sL_0.class
-rw-rw-r--   1 travis travis    888 Aug  1 15:24 Repeat$_Repeat$_fireFunction_Repeat_Test_Repeat$__f_sL_0.class
-rw-rw-r--   1 travis travis    634 Aug  1 15:24 Repeat$_Repeat$_fireFunction_Repeat_Test_Repeat$__f_sL_1.class
-rw-rw-r--   1 travis travis    704 Aug  1 15:24 Repeat$_Repeat_SDF_Director_run_Repeat$__R_sL_0.class
-rw-rw-r--   1 travis travis    705 Aug  1 15:24 Repeat$_Repeat_SDF_Director_run_Repeat$__R_sL_11.class
-rw-rw-r--   1 travis travis    561 Aug  1 15:24 Repeat$_Repeat_SDF_Director_run_Repeat$__R_sL_13.class
-rw-rw-r--   1 travis travis    559 Aug  1 15:24 Repeat$_Repeat_SDF_Director_run_Repeat$__R_sL_2.class
-rw-rw-r--   1 travis travis    703 Aug  1 15:24 Repeat$_Repeat_SDF_Director_run_Repeat$__R_sL_3.class
-rw-rw-r--   1 travis travis    559 Aug  1 15:24 Repeat$_Repeat_SDF_Director_run_Repeat$__R_sL_5.class
-rw-rw-r--   1 travis travis    559 Aug  1 15:24 Repeat$_Repeat_SDF_Director_run_Repeat$__R_sL_8.class
drwxrwxr-x   2 travis travis   4096 Aug  1 15:24 RepeatVariables
-rw-rw-r--   1 travis travis    882 Aug  1 15:24 Repeat$_varinit_Repeat.class
-rw-rw-r--   1 travis travis    550 Aug  1 15:24 Repeat$_varinit_Repeat$__v_sL_2.class
-rw-rw-r--   1 travis travis    924 Aug  1 15:24 Repeat$_varinit_Repeat$__v_sL_4.class
-rw-rw-r--   1 travis travis    978 Aug  1 15:24 Repeat$_wrapup_Repeat$__w_sL_1.class
drwxrwxr-x   3 travis travis  20480 Aug  1 15:21 Sinewave
drwxrwxr-x   3 travis travis  32768 Aug  1 15:23 StringFunction
drwxrwxr-x   3 travis travis  12288 Aug  1 15:23 StringLength
drwxrwxr-x   3 travis travis  61440 Aug  1 15:23 StringMatches2
drwxrwxr-x   3 travis travis  61440 Aug  1 15:23 StringSimpleReplace
drwxrwxr-x   3 travis travis  65536 Aug  1 15:23 StringSubstring
drwxrwxr-x   3 travis travis  24576 Aug  1 15:24 StringSubstring2
drwxrwxr-x   3 travis travis  16384 Aug  1 15:24 time1
drwxrwxr-x   3 travis travis  12288 Aug  1 15:24 time5
-rw-rw-r--   1 travis travis    432 Aug  1 15:26 Token.class
-rw-rw-r--   1 travis travis    251 Aug  1 15:26 Token.java
-rwxrwxr-x   1 travis travis 466992 Aug  1 15:18 top
-rw-rw-r--   1 travis travis  20502 Aug  1 15:18 top.c
-rw-rw-r--   1 travis travis   3799 Aug  1 15:24 top.class
-rw-rw-r--   1 travis travis   1257 Aug  1 15:24 top.mk
All Done
Writing ModularCodeGenLazyPubSub_LazyCompositeActor.java in file:/home/travis/cg/ (11122 characters)
Reading "ptolemy/cg/kernel/generic/program/procedural/java/modular/makefile.in",
    writing "/home/travis/cg/ModularCodeGenLazyPubSub_LazyCompositeActor.mk"
Using ptolemy/cg/kernel/generic/program/procedural/java/modular/makefile.in
In "/home/travis/cg", about to execute:
    make -f ModularCodeGenLazyPubSub_LazyCompositeActor.mk
javac -classpath ".:.."    ModularCodeGenLazyPubSub_LazyCompositeActor.java
All Done
2844 ms. Memory: 129024K Free: 88818K (69%)
----------------- Invoking toplevel() on ptolemy.moml.MoMLSimpleApplication@2f885357
----------------- Done invoking toplevel() on ptolemy.moml.MoMLSimpleApplication@2f885357
reloadAllAccessors: .ModularCodeGenLazyPubSub

===========================================================================================
----------------- testing Sat Aug 01 15:26:44 UTC 2020 /home/travis/build/icyphy/ptII/ptolemy/cg/lib/test/auto/ModularCodeGenLazyPubSubGlobal.xml
----------------- Instantiating /home/travis/build/icyphy/ptII/ptolemy/cg/lib/test/auto/ModularCodeGenLazyPubSubGlobal.xml
In "/home/travis/cg", about to execute:
    pwd
/home/travis/cg
In "/home/travis/cg", about to execute:
    ls -l
In "/home/travis/cg", about to execute:
total 2344
drwxrwxr-x   3 travis travis  12288 Aug  1 15:20 AbsoluteValue
drwxrwxr-x   3 travis travis 102400 Aug  1 15:19 AllColt
drwxrwxr-x   3 travis travis  12288 Aug  1 15:19 Case1
-rw-rw-r--   1 travis travis   5128 Aug  1 15:25 CompiledCompositeActor_CompiledCompositeActor.class
-rw-rw-r--   1 travis travis   1611 Aug  1 15:25 CompiledCompositeActor_CompiledCompositeActor$_CompiledCompositeActor_CompiledCompositeActor.class
-rw-rw-r--   1 travis travis  13466 Aug  1 15:25 CompiledCompositeActor_CompiledCompositeActor.java
-rw-rw-r--   1 travis travis   1593 Aug  1 15:25 CompiledCompositeActor_CompiledCompositeActor.mk
drwxrwxr-x   5 travis travis   4096 Aug  1 15:18 fmi
drwxrwxr-x   3 travis travis  16384 Aug  1 15:20 Gaussian2
-rw-rw-r--   1 travis travis   4684 Aug  1 15:25 JavaCompiledCompositeTest1_CompiledCompositeActor.class
-rw-rw-r--   1 travis travis  11637 Aug  1 15:25 JavaCompiledCompositeTest1_CompiledCompositeActor.java
-rw-rw-r--   1 travis travis   1217 Aug  1 15:25 JavaCompiledCompositeTest1_CompiledCompositeActor$_JavaCompiledCompositeTest1_CompiledCompositeActor.class
-rw-rw-r--   1 travis travis   1625 Aug  1 15:25 JavaCompiledCompositeTest1_CompiledCompositeActor.mk
-rw-rw-r--   1 travis travis   5115 Aug  1 15:25 JavaCompiledCompositeTest2_CompiledCompositeActor.class
-rw-rw-r--   1 travis travis  14919 Aug  1 15:25 JavaCompiledCompositeTest2_CompiledCompositeActor.java
-rw-rw-r--   1 travis travis   1812 Aug  1 15:25 JavaCompiledCompositeTest2_CompiledCompositeActor$_JavaCompiledCompositeTest2_CompiledCompositeActor.class
-rw-rw-r--   1 travis travis   1625 Aug  1 15:25 JavaCompiledCompositeTest2_CompiledCompositeActor.mk
-rw-rw-r--   1 travis travis   4732 Aug  1 15:25 JavaCompiledCompositeTest3_CompiledCompositeActor.class
-rw-rw-r--   1 travis travis  13080 Aug  1 15:25 JavaCompiledCompositeTest3_CompiledCompositeActor.java
-rw-rw-r--   1 travis travis   1397 Aug  1 15:25 JavaCompiledCompositeTest3_CompiledCompositeActor$_JavaCompiledCompositeTest3_CompiledCompositeActor.class
-rw-rw-r--   1 travis travis   1625 Aug  1 15:25 JavaCompiledCompositeTest3_CompiledCompositeActor.mk
-rw-rw-r--   1 travis travis   4183 Aug  1 15:25 JavaCompiledCompositeTest4_CompiledCompositeActor.class
-rw-rw-r--   1 travis travis   9687 Aug  1 15:25 JavaCompiledCompositeTest4_CompiledCompositeActor.java
-rw-rw-r--   1 travis travis    876 Aug  1 15:25 JavaCompiledCompositeTest4_CompiledCompositeActor$_JavaCompiledCompositeTest4_CompiledCompositeActor.class
-rw-rw-r--   1 travis travis   1625 Aug  1 15:25 JavaCompiledCompositeTest4_CompiledCompositeActor.mk
drwxrwxr-x   3 travis travis  12288 Aug  1 15:20 LookupTable
drwxrwxr-x   3 travis travis  20480 Aug  1 15:20 MaxIndex
-rw-rw-r--   1 travis travis   3925 Aug  1 15:25 ModularCG_A1_B1.class
-rw-rw-r--   1 travis travis   9730 Aug  1 15:25 ModularCG_A1_B1.java
-rw-rw-r--   1 travis travis    832 Aug  1 15:25 ModularCG_A1_B1.mk
-rw-rw-r--   1 travis travis   1318 Aug  1 15:25 ModularCG_A1_B1_profile.class
-rw-rw-r--   1 travis travis   1262 Aug  1 15:25 ModularCG_A1_B1_profile.java
-rw-rw-r--   1 travis travis   3925 Aug  1 15:25 ModularCG_A1_B2.class
-rw-rw-r--   1 travis travis   9730 Aug  1 15:25 ModularCG_A1_B2.java
-rw-rw-r--   1 travis travis    832 Aug  1 15:25 ModularCG_A1_B2.mk
-rw-rw-r--   1 travis travis   1318 Aug  1 15:25 ModularCG_A1_B2_profile.class
-rw-rw-r--   1 travis travis   1262 Aug  1 15:25 ModularCG_A1_B2_profile.java
-rw-rw-r--   1 travis travis   5031 Aug  1 15:25 ModularCG_A1.class
-rw-rw-r--   1 travis travis  14742 Aug  1 15:25 ModularCG_A1.java
-rw-rw-r--   1 travis travis    808 Aug  1 15:25 ModularCG_A1.mk
-rw-rw-r--   1 travis travis   1433 Aug  1 15:25 ModularCG_A1_profile.class
-rw-rw-r--   1 travis travis   1704 Aug  1 15:25 ModularCG_A1_profile.java
-rw-rw-r--   1 travis travis   4059 Aug  1 15:25 ModularCG_A2_B1.class
-rw-rw-r--   1 travis travis  10667 Aug  1 15:25 ModularCG_A2_B1.java
-rw-rw-r--   1 travis travis    832 Aug  1 15:25 ModularCG_A2_B1.mk
-rw-rw-r--   1 travis travis   1381 Aug  1 15:25 ModularCG_A2_B1_profile.class
-rw-rw-r--   1 travis travis   1446 Aug  1 15:25 ModularCG_A2_B1_profile.java
-rw-rw-r--   1 travis travis   3925 Aug  1 15:25 ModularCG_A2_B2.class
-rw-rw-r--   1 travis travis   9730 Aug  1 15:25 ModularCG_A2_B2.java
-rw-rw-r--   1 travis travis    832 Aug  1 15:25 ModularCG_A2_B2.mk
-rw-rw-r--   1 travis travis   1318 Aug  1 15:25 ModularCG_A2_B2_profile.class
-rw-rw-r--   1 travis travis   1262 Aug  1 15:25 ModularCG_A2_B2_profile.java
-rw-rw-r--   1 travis travis   5102 Aug  1 15:25 ModularCG_A2.class
-rw-rw-r--   1 travis travis  15129 Aug  1 15:25 ModularCG_A2.java
-rw-rw-r--   1 travis travis    808 Aug  1 15:25 ModularCG_A2.mk
-rw-rw-r--   1 travis travis   1433 Aug  1 15:25 ModularCG_A2_profile.class
-rw-rw-r--   1 travis travis   1704 Aug  1 15:25 ModularCG_A2_profile.java
-rw-rw-r--   1 travis travis   3705 Aug  1 15:25 ModularCGPubSub_A1_A2.class
-rw-rw-r--   1 travis travis   9076 Aug  1 15:25 ModularCGPubSub_A1_A2.java
-rw-rw-r--   1 travis travis    880 Aug  1 15:25 ModularCGPubSub_A1_A2.mk
-rw-rw-r--   1 travis travis   1300 Aug  1 15:25 ModularCGPubSub_A1_A2_profile.class
-rw-rw-r--   1 travis travis   1222 Aug  1 15:25 ModularCGPubSub_A1_A2_profile.java
-rw-rw-r--   1 travis travis   4022 Aug  1 15:25 ModularCGPubSub_A1.class
-rw-rw-r--   1 travis travis   9836 Aug  1 15:25 ModularCGPubSub_A1.java
-rw-rw-r--   1 travis travis    856 Aug  1 15:25 ModularCGPubSub_A1.mk
-rw-rw-r--   1 travis travis   1346 Aug  1 15:25 ModularCGPubSub_A1_profile.class
-rw-rw-r--   1 travis travis   1388 Aug  1 15:25 ModularCGPubSub_A1_profile.java
-rw-rw-r--   1 travis travis   4220 Aug  1 15:25 ModularCodeGen2_ModularCodeGenTypedCompositeActor.class
-rw-rw-r--   1 travis travis  11690 Aug  1 15:25 ModularCodeGen2_ModularCodeGenTypedCompositeActor.java
-rw-rw-r--   1 travis travis   1104 Aug  1 15:25 ModularCodeGen2_ModularCodeGenTypedCompositeActor.mk
-rw-rw-r--   1 travis travis   4504 Aug  1 15:25 ModularCodeGen2_ModularCodeGenTypedCompositeActor_ModularCodeGenTypedCompositeActor.class
-rw-rw-r--   1 travis travis  11790 Aug  1 15:25 ModularCodeGen2_ModularCodeGenTypedCompositeActor_ModularCodeGenTypedCompositeActor.java
-rw-rw-r--   1 travis travis   1376 Aug  1 15:25 ModularCodeGen2_ModularCodeGenTypedCompositeActor_ModularCodeGenTypedCompositeActor.mk
    javac -classpath
.:/home/travis/build/icyphy/ptII:/home/travis/build/icyphy/ptII/lib/bsh-2.0b4.j
ar:/home/travis/build/icyphy/ptII/lib/ptCal.jar:/home/travis/build/icyphy/ptII/
lib/java_cup.jar:/home/travis/build/icyphy/ptII/lib/saxon8.jar:/home/travis/bui
ld/icyphy/ptII/lib/saxon8-dom.jar:/home/travis/build/icyphy/ptII/lib/chic.jar:/
home/travis/build/icyphy/ptII/lib/ptcolt.jar:/home/travis/build/icyphy/ptII/ven
dors/misc/itext/iText.jar:/home/travis/build/icyphy/ptII/lib/g4ltl.jar:/home/tr
avis/build/icyphy/ptII/lib/StructuralCoder.jar:/home/travis/build/icyphy/ptII/l
ib/jcerti.jar:/home/travis/build/icyphy/ptII/lib/javax.mail.jar:/home/travis/bu
ild/icyphy/ptII/vendors/JMF-2.1.1e/lib/jmf.jar:/home/travis/build/icyphy/ptII/l
ib/jna-4.0.0-variadic.jar:/home/travis/build/icyphy/ptII/vendors/misc/joystick/
Joystick.jar:/home/travis/build/icyphy/ptII/lib/ptjacl.jar:/home/travis/build/i
cyphy/ptII/lib/jsoup-1.8.2.jar:/home/travis/build/icyphy/ptII/lib/junit-4.8.2.j
ar:/home/travis/build/icyphy/ptII/lib/JUnitParams-0.4.0.jar:/home/travis/build/
icyphy/ptII/ptolemy/actor/lib/excel/jxl.jar:/home/travis/build/icyphy/ptII/lib/
jython.jar:/home/travis/build/icyphy/ptII/lib/kieler.jar:/home/travis/build/icy
phy/ptII/vendors/opencv/share/OpenCV/java/opencv-341.jar:/home/travis/build/icy
phy/ptII/lib/oscP5.jar:/home/travis/build/icyphy/ptII/lib/nrjavaserial-3.11.0.d
evel.jar:/home/travis/build/icyphy/ptII/vendors/j3d/lib/Linux/j3dcore.jar:/home
/travis/build/icyphy/ptII/vendors/j3d/lib/Linux/j3dutils.jar:/home/travis/build
/icyphy/ptII/vendors/j3d/lib/Linux/vecmath.jar:/home/travis/build/icyphy/ptII/v
endors/jogl/lib/Linux/gluegen-rt-natives-linux-amd64.jar:/home/travis/build/icy
phy/ptII/vendors/jogl/lib/Linux/gluegen-rt.jar:/home/travis/build/icyphy/ptII/v
endors/jogl/lib/Linux/jogl-all-natives-linux-amd64.jar:/home/travis/build/icyph
y/ptII/vendors/jogl/lib/Linux/jogl-all.jar:/home/travis/build/icyphy/ptII/ptole
my/distributed/jini/jar/jini-core.jar:/home/travis/build/icyphy/ptII/ptolemy/di
stributed/jini/jar/jini-ext.jar:/home/travis/build/icyphy/ptII/ptolemy/distribu
ted/jini/jar/sun-util.jar:/home/travis/build/icyphy/ptII/lib/protobuf-java-2.4.
1.jar:/home/travis/build/icyphy/ptII/lib/org.eclipse.paho.client.mqttv3.jar:/ho
me/travis/build/icyphy/ptII/lib/mapss.jar:/home/travis/build/icyphy/ptII/ptolem
y/actor/ptalon/antlr/antlr.jar:/home/travis/build/icyphy/ptII/lib/JRI.jar:/home
/travis/build/icyphy/ptII/lib/commons-lang-2.6.jar:/home/travis/build/icyphy/pt
II/lib/commons-logging-1.1.1.jar:/home/travis/build/icyphy/ptII/lib/sootclasses
.jar:/home/travis/build/icyphy/ptII/ptolemy/actor/lib/database/mysql-connector-
java-5.1.6-bin.jar:/home/travis/build/icyphy/ptII/vendors/misc/sphinx4/sphinx4-
data-5prealpha.jar:/home/travis/build/icyphy/ptII/vendors/misc/sphinx4/sphinx4-
core-5prealpha.jar:/home/travis/build/icyphy/ptII/lib/PDFRenderer.jar:/home/tra
vis/build/icyphy/ptII/lib/svgSalamander.jar:/home/travis/build/icyphy/ptII/lib/
rsyntaxtextarea-2.6.0-SNAPSHOT.jar:/home/travis/build/icyphy/ptII/lib/hazelcast
-3.8.2.jar:/home/travis/build/icyphy/ptII/lib/jackson-annotations-2.9.0.jar:/ho
me/travis/build/icyphy/ptII/lib/jackson-core-2.9.3.jar:/home/travis/build/icyph
y/ptII/lib/jackson-databind-2.9.3.jar:/home/travis/build/icyphy/ptII/lib/netty-
buffer-4.1.19.Final.jar:/home/travis/build/icyphy/ptII/lib/netty-codec-4.1.19.F
inal.jar:/home/travis/build/icyphy/ptII/lib/netty-codec-dns-4.1.19.Final.jar:/h
ome/travis/build/icyphy/ptII/lib/netty-codec-http-4.1.19.Final.jar:/home/travis
/build/icyphy/ptII/lib/netty-codec-http2-4.1.19.Final.jar:/home/travis/build/ic
yphy/ptII/lib/netty-common-4.1.19.Final.jar:/home/travis/build/icyphy/ptII/lib/
netty-handler-4.1.19.Final.jar:/home/travis/build/icyphy/ptII/lib/netty-resolve
r-4.1.19.Final.jar:/home/travis/build/icyphy/ptII/lib/netty-resolver-dns-4.1.19
.Final.jar:/home/travis/build/icyphy/ptII/lib/netty-transport-4.1.19.Final.jar:
/home/travis/build/icyphy/ptII/lib/vertx-codegen-3.5.1.jar:/home/travis/build/i
cyphy/ptII/lib/vertx-core-3.5.2-SNAPSHOT.jar:/home/travis/build/icyphy/ptII/lib
/vertx-hazelcast-3.5.1.jar:/home/travis/build/icyphy/ptII/lib/vertx-lang-js-3.5
.1.jar:/home/travis/build/icyphy/ptII/lib/vertx-service-proxy-3.5.1.jar:/home/t
ravis/build/icyphy/ptII/lib/vertx-web-3.5.1.jar:/home/travis/build/icyphy/ptII/
lib/slf4j-api-1.7.13.jar:/home/travis/build/icyphy/ptII/lib/slf4j-simple-1.7.13
.jar:/home/travis/build/icyphy/ptII/lib/webcam-capture-0.3.12.jar:/home/travis/
build/icyphy/ptII/lib/bridj-0.7.0.jar:/home/travis/build/icyphy/ptII/lib/xbjlib
-1.1.0.nrjavaserial.jar:/home/travis/build/icyphy/ptII/ptolemy/moml/test:/home/
travis/build/icyphy/ptII/ant/lib/ant-launcher.jar:/home/travis/build/icyphy/ptI
I/ant/lib/ant.jar:/home/travis/build/icyphy/ptII/ant/lib/ant-junit.jar:/home/tr
avis/build/icyphy/ptII/ant/lib/ant-junit4.jar:/home/travis/build/icyphy/ptII
ModularCodeGenLazyPubSubGlobal_CompositeActor_ModularCodeGenTypedComposite_prof
ile.java
-rw-rw-r--   1 travis travis   1421 Aug  1 15:25 ModularCodeGen2_ModularCodeGenTypedCompositeActor_ModularCodeGenTypedCompositeActor_profile.class
-rw-rw-r--   1 travis travis   1294 Aug  1 15:25 ModularCodeGen2_ModularCodeGenTypedCompositeActor_ModularCodeGenTypedCompositeActor_profile.java
-rw-rw-r--   1 travis travis    820 Aug  1 15:25 ModularCodeGen2_ModularCodeGenTypedCompositeActor_profile.class
-rw-rw-r--   1 travis travis    693 Aug  1 15:25 ModularCodeGen2_ModularCodeGenTypedCompositeActor_profile.java
-rw-rw-r--   1 travis travis   3973 Aug  1 15:25 ModularCodeGen3_A1_B1.class
-rw-rw-r--   1 travis travis   9958 Aug  1 15:25 ModularCodeGen3_A1_B1.java
-rw-rw-r--   1 travis travis    880 Aug  1 15:25 ModularCodeGen3_A1_B1.mk
-rw-rw-r--   1 travis travis   1330 Aug  1 15:25 ModularCodeGen3_A1_B1_profile.class
-rw-rw-r--   1 travis travis   1274 Aug  1 15:25 ModularCodeGen3_A1_B1_profile.java
-rw-rw-r--   1 travis travis   3973 Aug  1 15:26 ModularCodeGen3_A1_B2.class
-rw-rw-r--   1 travis travis   9958 Aug  1 15:26 ModularCodeGen3_A1_B2.java
-rw-rw-r--   1 travis travis    880 Aug  1 15:26 ModularCodeGen3_A1_B2.mk
-rw-rw-r--   1 travis travis   1330 Aug  1 15:26 ModularCodeGen3_A1_B2_profile.class
-rw-rw-r--   1 travis travis   1274 Aug  1 15:25 ModularCodeGen3_A1_B2_profile.java
-rw-rw-r--   1 travis travis   5193 Aug  1 15:26 ModularCodeGen3_A1.class
-rw-rw-r--   1 travis travis  15564 Aug  1 15:26 ModularCodeGen3_A1.java
-rw-rw-r--   1 travis travis    856 Aug  1 15:26 ModularCodeGen3_A1.mk
-rw-rw-r--   1 travis travis   1445 Aug  1 15:26 ModularCodeGen3_A1_profile.class
-rw-rw-r--   1 travis travis   1716 Aug  1 15:26 ModularCodeGen3_A1_profile.java
-rw-rw-r--   1 travis travis   4119 Aug  1 15:26 ModularCodeGen3_A2_B1.class
-rw-rw-r--   1 travis travis  10955 Aug  1 15:26 ModularCodeGen3_A2_B1.java
-rw-rw-r--   1 travis travis    880 Aug  1 15:26 ModularCodeGen3_A2_B1.mk
-rw-rw-r--   1 travis travis   1393 Aug  1 15:26 ModularCodeGen3_A2_B1_profile.class
-rw-rw-r--   1 travis travis   1458 Aug  1 15:26 ModularCodeGen3_A2_B1_profile.java
-rw-rw-r--   1 travis travis   3973 Aug  1 15:26 ModularCodeGen3_A2_B2.class
-rw-rw-r--   1 travis travis   9958 Aug  1 15:26 ModularCodeGen3_A2_B2.java
-rw-rw-r--   1 travis travis    880 Aug  1 15:26 ModularCodeGen3_A2_B2.mk
-rw-rw-r--   1 travis travis   1330 Aug  1 15:26 ModularCodeGen3_A2_B2_profile.class
-rw-rw-r--   1 travis travis   1274 Aug  1 15:26 ModularCodeGen3_A2_B2_profile.java
-rw-rw-r--   1 travis travis   5270 Aug  1 15:26 ModularCodeGen3_A2.class
-rw-rw-r--   1 travis travis  15957 Aug  1 15:26 ModularCodeGen3_A2.java
-rw-rw-r--   1 travis travis    856 Aug  1 15:26 ModularCodeGen3_A2.mk
-rw-rw-r--   1 travis travis   1445 Aug  1 15:26 ModularCodeGen3_A2_profile.class
-rw-rw-r--   1 travis travis   1716 Aug  1 15:26 ModularCodeGen3_A2_profile.java
-rw-rw-r--   1 travis travis   4026 Aug  1 15:26 ModularCodeGen4_A1_B1.class
-rw-rw-r--   1 travis travis  10312 Aug  1 15:26 ModularCodeGen4_A1_B1.java
-rw-rw-r--   1 travis travis    880 Aug  1 15:26 ModularCodeGen4_A1_B1.mk
-rw-rw-r--   1 travis travis   1330 Aug  1 15:26 ModularCodeGen4_A1_B1_profile.class
-rw-rw-r--   1 travis travis   1273 Aug  1 15:26 ModularCodeGen4_A1_B1_profile.java
-rw-rw-r--   1 travis travis   4026 Aug  1 15:26 ModularCodeGen4_A1_B2.class
-rw-rw-r--   1 travis travis  10312 Aug  1 15:26 ModularCodeGen4_A1_B2.java
-rw-rw-r--   1 travis travis    880 Aug  1 15:26 ModularCodeGen4_A1_B2.mk
-rw-rw-r--   1 travis travis   1330 Aug  1 15:26 ModularCodeGen4_A1_B2_profile.class
-rw-rw-r--   1 travis travis   1273 Aug  1 15:26 ModularCodeGen4_A1_B2_profile.java
-rw-rw-r--   1 travis travis   5333 Aug  1 15:26 ModularCodeGen4_A1.class
-rw-rw-r--   1 travis travis  16245 Aug  1 15:26 ModularCodeGen4_A1.java
-rw-rw-r--   1 travis travis    856 Aug  1 15:26 ModularCodeGen4_A1.mk
-rw-rw-r--   1 travis travis   1445 Aug  1 15:26 ModularCodeGen4_A1_profile.class
-rw-rw-r--   1 travis travis   1712 Aug  1 15:26 ModularCodeGen4_A1_profile.java
-rw-rw-r--   1 travis travis   4220 Aug  1 15:26 ModularCodeGen4_A2_B1.class
-rw-rw-r--   1 travis travis  11375 Aug  1 15:26 ModularCodeGen4_A2_B1.java
-rw-rw-r--   1 travis travis    880 Aug  1 15:26 ModularCodeGen4_A2_B1.mk
-rw-rw-r--   1 travis travis   1393 Aug  1 15:26 ModularCodeGen4_A2_B1_profile.class
-rw-rw-r--   1 travis travis   1454 Aug  1 15:26 ModularCodeGen4_A2_B1_profile.java
-rw-rw-r--   1 travis travis   4074 Aug  1 15:26 ModularCodeGen4_A2_B2.class
-rw-rw-r--   1 travis travis  10378 Aug  1 15:26 ModularCodeGen4_A2_B2.java
-rw-rw-r--   1 travis travis    880 Aug  1 15:26 ModularCodeGen4_A2_B2.mk
-rw-rw-r--   1 travis travis   1330 Aug  1 15:26 ModularCodeGen4_A2_B2_profile.class
-rw-rw-r--   1 travis travis   1270 Aug  1 15:26 ModularCodeGen4_A2_B2_profile.java
-rw-rw-r--   1 travis travis   5506 Aug  1 15:26 ModularCodeGen4_A2.class
-rw-rw-r--   1 travis travis  16770 Aug  1 15:26 ModularCodeGen4_A2.java
-rw-rw-r--   1 travis travis    856 Aug  1 15:26 ModularCodeGen4_A2.mk
-rw-rw-r--   1 travis travis   1445 Aug  1 15:26 ModularCodeGen4_A2_profile.class
-rw-rw-r--   1 travis travis   1712 Aug  1 15:26 ModularCodeGen4_A2_profile.java
-rw-rw-r--   1 travis travis   7070 Aug  1 15:26 ModularCodeGen5_A_A.class
-rw-rw-r--   1 travis travis  28721 Aug  1 15:26 ModularCodeGen5_A_A.java
-rw-rw-r--   1 travis travis    864 Aug  1 15:26 ModularCodeGen5_A_A.mk
-rw-rw-r--   1 travis travis   1520 Aug  1 15:26 ModularCodeGen5_A_A_profile.class
-rw-rw-r--   1 travis travis   1815 Aug  1 15:26 ModularCodeGen5_A_A_profile.java
-rw-rw-r--   1 travis travis   5347 Aug  1 15:26 ModularCodeGen5_A.class
-rw-rw-r--   1 travis travis  13769 Aug  1 15:26 ModularCodeGen5_A.java
-rw-rw-r--   1 travis travis    848 Aug  1 15:26 ModularCodeGen5_A.mk
-rw-rw-r--   1 travis travis   1422 Aug  1 15:26 ModularCodeGen5_A_profile.class
-rw-rw-r--   1 travis travis   1605 Aug  1 15:26 ModularCodeGen5_A_profile.java
-rw-rw-r--   1 travis travis   4357 Aug  1 15:26 ModularCodeGen6_A_A2.class
-rw-rw-r--   1 travis travis  11329 Aug  1 15:26 ModularCodeGen6_A_A2.java
-rw-rw-r--   1 travis travis    872 Aug  1 15:26 ModularCodeGen6_A_A2.mk
-rw-rw-r--   1 travis travis   1351 Aug  1 15:26 ModularCodeGen6_A_A2_profile.class
-rw-rw-r--   1 travis travis   1364 Aug  1 15:26 ModularCodeGen6_A_A2_profile.java
-rw-rw-r--   1 travis travis   4340 Aug  1 15:26 ModularCodeGen6_A_A.class
-rw-rw-r--   1 travis travis  11221 Aug  1 15:26 ModularCodeGen6_A_A.java
-rw-rw-r--   1 travis travis    864 Aug  1 15:26 ModularCodeGen6_A_A.mk
-rw-rw-r--   1 travis travis   1348 Aug  1 15:26 ModularCodeGen6_A_A_profile.class
-rw-rw-r--   1 travis travis   1361 Aug  1 15:26 ModularCodeGen6_A_A_profile.java
-rw-rw-r--   1 travis travis   7469 Aug  1 15:26 ModularCodeGen6_A.class
-rw-rw-r--   1 travis travis  26535 Aug  1 15:26 ModularCodeGen6_A.java
-rw-rw-r--   1 travis travis    848 Aug  1 15:26 ModularCodeGen6_A.mk
-rw-rw-r--   1 travis travis   1483 Aug  1 15:26 ModularCodeGen6_A_profile.class
-rw-rw-r--   1 travis travis   1810 Aug  1 15:26 ModularCodeGen6_A_profile.java
-rw-rw-r--   1 travis travis   1384 Aug  1 15:26 ModularCodeGenLazyPubSubGlobal_CompositeActor_ModularCodeGenTypedComposite_profile.java
-rw-rw-r--   1 travis travis   4184 Aug  1 15:26 ModularCodeGenLazyPubSub_LazyCompositeActor.class
-rw-rw-r--   1 travis travis  11122 Aug  1 15:26 ModularCodeGenLazyPubSub_LazyCompositeActor.java
-rw-rw-r--   1 travis travis   1056 Aug  1 15:26 ModularCodeGenLazyPubSub_LazyCompositeActor.mk
-rw-rw-r--   1 travis travis   1286 Aug  1 15:26 ModularCodeGenLazyPubSub_LazyCompositeActor_profile.class
-rw-rw-r--   1 travis travis   1091 Aug  1 15:26 ModularCodeGenLazyPubSub_LazyCompositeActor_profile.java
-rw-rw-r--   1 travis travis   4186 Aug  1 15:25 ModularCodeGen_ModularCodeGenTypedCompositeActor.class
-rw-rw-r--   1 travis travis  10970 Aug  1 15:25 ModularCodeGen_ModularCodeGenTypedCompositeActor.java
-rw-rw-r--   1 travis travis   1096 Aug  1 15:25 ModularCodeGen_ModularCodeGenTypedCompositeActor.mk
-rw-rw-r--   1 travis travis   1384 Aug  1 15:25 ModularCodeGen_ModularCodeGenTypedCompositeActor_profile.class
-rw-rw-r--   1 travis travis   1328 Aug  1 15:25 ModularCodeGen_ModularCodeGenTypedCompositeActor_profile.java
-rw-rw-r--   1 travis travis   3724 Aug  1 15:25 ModularCodeGenTest_A1_A2.class
-rw-rw-r--   1 travis travis   9164 Aug  1 15:25 ModularCodeGenTest_A1_A2.java
-rw-rw-r--   1 travis travis   1306 Aug  1 15:25 ModularCodeGenTest_A1_A2_profile.class
-rw-rw-r--   1 travis travis   4055 Aug  1 15:25 ModularCodeGenTest_A1.class
-rw-rw-r--   1 travis travis   9968 Aug  1 15:25 ModularCodeGenTest_A1.java
-rw-rw-r--   1 travis travis    880 Aug  1 15:25 ModularCodeGenTest_A1.mk
-rw-rw-r--   1 travis travis   1352 Aug  1 15:25 ModularCodeGenTest_A1_profile.class
-rw-rw-r--   1 travis travis   1394 Aug  1 15:25 ModularCodeGenTest_A1_profile.java
drwxrwxr-x   3 travis travis  32768 Aug  1 15:24 modulation2
drwxrwxr-x 183 travis travis  12288 Aug  1 15:25 node_modules
drwxrwxr-x   3 travis travis  20480 Aug  1 15:21 PhaseUnwrap
drwxrwxr-x   3 travis travis  12288 Aug  1 15:21 ReadFile1
-rw-rw-r--   1 travis travis     11 Aug  1 15:21 ReadFile1Output.txt
-rw-rw-r--   1 travis travis  13773 Aug  1 15:24 Repeat.class
-rw-rw-r--   1 travis travis    685 Aug  1 15:24 Repeat$_fireFunction_Repeat_Repeat$__f_sL_11.class
-rw-rw-r--   1 travis travis    541 Aug  1 15:24 Repeat$_fireFunction_Repeat_Repeat$__f_sL_12.class
-rw-rw-r--   1 travis travis    541 Aug  1 15:24 Repeat$_fireFunction_Repeat_Repeat$__f_sL_13.class
-rw-rw-r--   1 travis travis    541 Aug  1 15:24 Repeat$_fireFunction_Repeat_Repeat$__f_sL_14.class
-rw-rw-r--   1 travis travis    684 Aug  1 15:24 Repeat$_fireFunction_Repeat_Repeat$__f_sL_1.class
-rw-rw-r--   1 travis travis    683 Aug  1 15:24 Repeat$_fireFunction_Repeat_Repeat$__f_sL_4.class
-rw-rw-r--   1 travis travis    539 Aug  1 15:24 Repeat$_fireFunction_Repeat_Repeat$__f_sL_9.class
-rw-rw-r--   1 travis travis    494 Aug  1 15:24 Repeat$_initialize_Repeat$__i_sL_2.class
-rw-rw-r--   1 travis travis   1281 Aug  1 15:24 Repeat.mk
-rw-rw-r--   1 travis travis    539 Aug  1 15:24 Repeat$_preinitializeMethod_Repeat$__p_sL_0.class
-rw-rw-r--   1 travis travis   1102 Aug  1 15:24 Repeat$_Repeat$_fireFunction_Repeat_AddSubtract_Repeat.class
-rw-rw-r--   1 travis travis    810 Aug  1 15:24 Repeat$_Repeat$_fireFunction_Repeat_AddSubtract_Repeat$__f_sL_0.class
-rw-rw-r--   1 travis travis    928 Aug  1 15:24 Repeat$_Repeat$_fireFunction_Repeat_AddSubtract_Repeat$__f_sL_1.class
-rw-rw-r--   1 travis travis    934 Aug  1 15:24 Repeat$_Repeat$_fireFunction_Repeat_AddSubtract_Repeat$__f_sL_2.class
-rw-rw-r--   1 travis travis    862 Aug  1 15:24 Repeat$_Repeat$_fireFunction_Repeat_AddSubtract_Repeat$__f_sL_3.class
-rw-rw-r--   1 travis travis    757 Aug  1 15:24 Repeat$_Repeat$_fireFunction_Repeat_Ramp2_Repeat$__f_sL_0.class
-rw-rw-r--   1 travis travis    888 Aug  1 15:24 Repeat$_Repeat$_fireFunction_Repeat_Test_Repeat$__f_sL_0.class
-rw-rw-r--   1 travis travis    634 Aug  1 15:24 Repeat$_Repeat$_fireFunction_Repeat_Test_Repeat$__f_sL_1.class
-rw-rw-r--   1 travis travis    704 Aug  1 15:24 Repeat$_Repeat_SDF_Director_run_Repeat$__R_sL_0.class
-rw-rw-r--   1 travis travis    705 Aug  1 15:24 Repeat$_Repeat_SDF_Director_run_Repeat$__R_sL_11.class
-rw-rw-r--   1 travis travis    561 Aug  1 15:24 Repeat$_Repeat_SDF_Director_run_Repeat$__R_sL_13.class
-rw-rw-r--   1 travis travis    559 Aug  1 15:24 Repeat$_Repeat_SDF_Director_run_Repeat$__R_sL_2.class
-rw-rw-r--   1 travis travis    703 Aug  1 15:24 Repeat$_Repeat_SDF_Director_run_Repeat$__R_sL_3.class
-rw-rw-r--   1 travis travis    559 Aug  1 15:24 Repeat$_Repeat_SDF_Director_run_Repeat$__R_sL_5.class
-rw-rw-r--   1 travis travis    559 Aug  1 15:24 Repeat$_Repeat_SDF_Director_run_Repeat$__R_sL_8.class
drwxrwxr-x   2 travis travis   4096 Aug  1 15:24 RepeatVariables
-rw-rw-r--   1 travis travis    882 Aug  1 15:24 Repeat$_varinit_Repeat.class
-rw-rw-r--   1 travis travis    550 Aug  1 15:24 Repeat$_varinit_Repeat$__v_sL_2.class
-rw-rw-r--   1 travis travis    924 Aug  1 15:24 Repeat$_varinit_Repeat$__v_sL_4.class
-rw-rw-r--   1 travis travis    978 Aug  1 15:24 Repeat$_wrapup_Repeat$__w_sL_1.class
drwxrwxr-x   3 travis travis  20480 Aug  1 15:21 Sinewave
drwxrwxr-x   3 travis travis  32768 Aug  1 15:23 StringFunction
drwxrwxr-x   3 travis travis  12288 Aug  1 15:23 StringLength
drwxrwxr-x   3 travis travis  61440 Aug  1 15:23 StringMatches2
drwxrwxr-x   3 travis travis  61440 Aug  1 15:23 StringSimpleReplace
drwxrwxr-x   3 travis travis  65536 Aug  1 15:23 StringSubstring
drwxrwxr-x   3 travis travis  24576 Aug  1 15:24 StringSubstring2
drwxrwxr-x   3 travis travis  16384 Aug  1 15:24 time1
drwxrwxr-x   3 travis travis  12288 Aug  1 15:24 time5
-rw-rw-r--   1 travis travis    432 Aug  1 15:26 Token.class
-rw-rw-r--   1 travis travis    251 Aug  1 15:26 Token.java
-rwxrwxr-x   1 travis travis 466992 Aug  1 15:18 top
-rw-rw-r--   1 travis travis  20502 Aug  1 15:18 top.c
-rw-rw-r--   1 travis travis   3799 Aug  1 15:24 top.class
-rw-rw-r--   1 travis travis   1257 Aug  1 15:24 top.mk
All Done
Writing ModularCodeGenLazyPubSubGlobal_CompositeActor_ModularCodeGenTypedComposite.java in file:/home/travis/cg/ (30161 characters)
Reading "ptolemy/cg/kernel/generic/program/procedural/java/modular/makefile.in",
    writing "/home/travis/cg/ModularCodeGenLazyPubSubGlobal_CompositeActor_ModularCodeGenTypedComposite.mk"
Using ptolemy/cg/kernel/generic/program/procedural/java/modular/makefile.in
In "/home/travis/cg", about to execute:
    make -f
ModularCodeGenLazyPubSubGlobal_CompositeActor_ModularCodeGenTypedComposite.mk
javac -classpath ".:.."    ModularCodeGenLazyPubSubGlobal_CompositeActor_ModularCodeGenTypedComposite.java
All Done
2899 ms. Memory: 129024K Free: 37263K (29%)
----------------- Invoking toplevel() on ptolemy.moml.MoMLSimpleApplication@301b3681
----------------- Done invoking toplevel() on ptolemy.moml.MoMLSimpleApplication@301b3681
reloadAllAccessors: .ModularCodeGenLazyPubSubGlobal

===========================================================================================
----------------- testing Sat Aug 01 15:26:47 UTC 2020 /home/travis/build/icyphy/ptII/ptolemy/cg/lib/test/auto/ModularCodeGenPubSub1.xml
----------------- Instantiating /home/travis/build/icyphy/ptII/ptolemy/cg/lib/test/auto/ModularCodeGenPubSub1.xml
In "/home/travis/cg", about to execute:
    pwd
In "/home/travis/cg", about to execute:
    ls -l
/home/travis/cg
In "/home/travis/cg", about to execute:
    javac -classpath
.:/home/travis/build/icyphy/ptII:/home/travis/build/icyphy/ptII/lib/bsh-2.0b4.j
ar:/home/travis/build/icyphy/ptII/lib/ptCal.jar:/home/travis/build/icyphy/ptII/
lib/java_cup.jar:/home/travis/build/icyphy/ptII/lib/saxon8.jar:/home/travis/bui
ld/icyphy/ptII/lib/saxon8-dom.jar:/home/travis/build/icyphy/ptII/lib/chic.jar:/
home/travis/build/icyphy/ptII/lib/ptcolt.jar:/home/travis/build/icyphy/ptII/ven
dors/misc/itext/iText.jar:/home/travis/build/icyphy/ptII/lib/g4ltl.jar:/home/tr
avis/build/icyphy/ptII/lib/StructuralCoder.jar:/home/travis/build/icyphy/ptII/l
ib/jcerti.jar:/home/travis/build/icyphy/ptII/lib/javax.mail.jar:/home/travis/bu
ild/icyphy/ptII/vendors/JMF-2.1.1e/lib/jmf.jar:/home/travis/build/icyphy/ptII/l
ib/jna-4.0.0-variadic.jar:/home/travis/build/icyphy/ptII/vendors/misc/joystick/
Joystick.jar:/home/travis/build/icyphy/ptII/lib/ptjacl.jar:/home/travis/build/i
cyphy/ptII/lib/jsoup-1.8.2.jar:/home/travis/build/icyphy/ptII/lib/junit-4.8.2.j
ar:/home/travis/build/icyphy/ptII/lib/JUnitParams-0.4.0.jar:/home/travis/build/
icyphy/ptII/ptolemy/actor/lib/excel/jxl.jar:/home/travis/build/icyphy/ptII/lib/
jython.jar:/home/travis/build/icyphy/ptII/lib/kieler.jar:/home/travis/build/icy
phy/ptII/vendors/opencv/share/OpenCV/java/opencv-341.jar:/home/travis/build/icy
phy/ptII/lib/oscP5.jar:/home/travis/build/icyphy/ptII/lib/nrjavaserial-3.11.0.d
evel.jar:/home/travis/build/icyphy/ptII/vendors/j3d/lib/Linux/j3dcore.jar:/home
/travis/build/icyphy/ptII/vendors/j3d/lib/Linux/j3dutils.jar:/home/travis/build
/icyphy/ptII/vendors/j3d/lib/Linux/vecmath.jar:/home/travis/build/icyphy/ptII/v
endors/jogl/lib/Linux/gluegen-rt-natives-linux-amd64.jar:/home/travis/build/icy
phy/ptII/vendors/jogl/lib/Linux/gluegen-rt.jar:/home/travis/build/icyphy/ptII/v
endors/jogl/lib/Linux/jogl-all-natives-linux-amd64.jar:/home/travis/build/icyph
y/ptII/vendors/jogl/lib/Linux/jogl-all.jar:/home/travis/build/icyphy/ptII/ptole
my/distributed/jini/jar/jini-core.jar:/home/travis/build/icyphy/ptII/ptolemy/di
stributed/jini/jar/jini-ext.jar:/home/travis/build/icyphy/ptII/ptolemy/distribu
ted/jini/jar/sun-util.jar:/home/travis/build/icyphy/ptII/lib/protobuf-java-2.4.
1.jar:/home/travis/build/icyphy/ptII/lib/org.eclipse.paho.client.mqttv3.jar:/ho
me/travis/build/icyphy/ptII/lib/mapss.jar:/home/travis/build/icyphy/ptII/ptolem
y/actor/ptalon/antlr/antlr.jar:/home/travis/build/icyphy/ptII/lib/JRI.jar:/home
/travis/build/icyphy/ptII/lib/commons-lang-2.6.jar:/home/travis/build/icyphy/pt
II/lib/commons-logging-1.1.1.jar:/home/travis/build/icyphy/ptII/lib/sootclasses
.jar:/home/travis/build/icyphy/ptII/ptolemy/actor/lib/database/mysql-connector-
java-5.1.6-bin.jar:/home/travis/build/icyphy/ptII/vendors/misc/sphinx4/sphinx4-
data-5prealpha.jar:/home/travis/build/icyphy/ptII/vendors/misc/sphinx4/sphinx4-
core-5prealpha.jar:/home/travis/build/icyphy/ptII/lib/PDFRenderer.jar:/home/tra
vis/build/icyphy/ptII/lib/svgSalamander.jar:/home/travis/build/icyphy/ptII/lib/
rsyntaxtextarea-2.6.0-SNAPSHOT.jar:/home/travis/build/icyphy/ptII/lib/hazelcast
-3.8.2.jar:/home/travis/build/icyphy/ptII/lib/jackson-annotations-2.9.0.jar:/ho
me/travis/build/icyphy/ptII/lib/jackson-core-2.9.3.jar:/home/travis/build/icyph
y/ptII/lib/jackson-databind-2.9.3.jar:/home/travis/build/icyphy/ptII/lib/netty-
buffer-4.1.19.Final.jar:/home/travis/build/icyphy/ptII/lib/netty-codec-4.1.19.F
inal.jar:/home/travis/build/icyphy/ptII/lib/netty-codec-dns-4.1.19.Final.jar:/h
ome/travis/build/icyphy/ptII/lib/netty-codec-http-4.1.19.Final.jar:/home/travis
/build/icyphy/ptII/lib/netty-codec-http2-4.1.19.Final.jar:/home/travis/build/ic
yphy/ptII/lib/netty-common-4.1.19.Final.jar:/home/travis/build/icyphy/ptII/lib/
netty-handler-4.1.19.Final.jar:/home/travis/build/icyphy/ptII/lib/netty-resolve
r-4.1.19.Final.jar:/home/travis/build/icyphy/ptII/lib/netty-resolver-dns-4.1.19
.Final.jar:/home/travis/build/icyphy/ptII/lib/netty-transport-4.1.19.Final.jar:
/home/travis/build/icyphy/ptII/lib/vertx-codegen-3.5.1.jar:/home/travis/build/i
cyphy/ptII/lib/vertx-core-3.5.2-SNAPSHOT.jar:/home/travis/build/icyphy/ptII/lib
/vertx-hazelcast-3.5.1.jar:/home/travis/build/icyphy/ptII/lib/vertx-lang-js-3.5
.1.jar:/home/travis/build/icyphy/ptII/lib/vertx-service-proxy-3.5.1.jar:/home/t
ravis/build/icyphy/ptII/lib/vertx-web-3.5.1.jar:/home/travis/build/icyphy/ptII/
lib/slf4j-api-1.7.13.jar:/home/travis/build/icyphy/ptII/lib/slf4j-simple-1.7.13
.jar:/home/travis/build/icyphy/ptII/lib/webcam-capture-0.3.12.jar:/home/travis/
build/icyphy/ptII/lib/bridj-0.7.0.jar:/home/travis/build/icyphy/ptII/lib/xbjlib
-1.1.0.nrjavaserial.jar:/home/travis/build/icyphy/ptII/ptolemy/moml/test:/home/
travis/build/icyphy/ptII/ant/lib/ant-launcher.jar:/home/travis/build/icyphy/ptI
I/ant/lib/ant.jar:/home/travis/build/icyphy/ptII/ant/lib/ant-junit.jar:/home/tr
avis/build/icyphy/ptII/ant/lib/ant-junit4.jar:/home/travis/build/icyphy/ptII
ModularCodeGenPubSub_A1_profile.java
total 2408
drwxrwxr-x   3 travis travis  12288 Aug  1 15:20 AbsoluteValue
drwxrwxr-x   3 travis travis 102400 Aug  1 15:19 AllColt
-rw-rw-r--   1 travis travis    233 Aug  1 15:26 Array.class
-rw-rw-r--   1 travis travis    459 Aug  1 15:26 Array.java
drwxrwxr-x   3 travis travis  12288 Aug  1 15:19 Case1
-rw-rw-r--   1 travis travis   5128 Aug  1 15:25 CompiledCompositeActor_CompiledCompositeActor.class
-rw-rw-r--   1 travis travis   1611 Aug  1 15:25 CompiledCompositeActor_CompiledCompositeActor$_CompiledCompositeActor_CompiledCompositeActor.class
-rw-rw-r--   1 travis travis  13466 Aug  1 15:25 CompiledCompositeActor_CompiledCompositeActor.java
-rw-rw-r--   1 travis travis   1593 Aug  1 15:25 CompiledCompositeActor_CompiledCompositeActor.mk
drwxrwxr-x   5 travis travis   4096 Aug  1 15:18 fmi
drwxrwxr-x   3 travis travis  16384 Aug  1 15:20 Gaussian2
-rw-rw-r--   1 travis travis   4684 Aug  1 15:25 JavaCompiledCompositeTest1_CompiledCompositeActor.class
-rw-rw-r--   1 travis travis  11637 Aug  1 15:25 JavaCompiledCompositeTest1_CompiledCompositeActor.java
-rw-rw-r--   1 travis travis   1217 Aug  1 15:25 JavaCompiledCompositeTest1_CompiledCompositeActor$_JavaCompiledCompositeTest1_CompiledCompositeActor.class
-rw-rw-r--   1 travis travis   1625 Aug  1 15:25 JavaCompiledCompositeTest1_CompiledCompositeActor.mk
-rw-rw-r--   1 travis travis   5115 Aug  1 15:25 JavaCompiledCompositeTest2_CompiledCompositeActor.class
-rw-rw-r--   1 travis travis  14919 Aug  1 15:25 JavaCompiledCompositeTest2_CompiledCompositeActor.java
-rw-rw-r--   1 travis travis   1812 Aug  1 15:25 JavaCompiledCompositeTest2_CompiledCompositeActor$_JavaCompiledCompositeTest2_CompiledCompositeActor.class
-rw-rw-r--   1 travis travis   1625 Aug  1 15:25 JavaCompiledCompositeTest2_CompiledCompositeActor.mk
-rw-rw-r--   1 travis travis   4732 Aug  1 15:25 JavaCompiledCompositeTest3_CompiledCompositeActor.class
-rw-rw-r--   1 travis travis  13080 Aug  1 15:25 JavaCompiledCompositeTest3_CompiledCompositeActor.java
-rw-rw-r--   1 travis travis   1397 Aug  1 15:25 JavaCompiledCompositeTest3_CompiledCompositeActor$_JavaCompiledCompositeTest3_CompiledCompositeActor.class
-rw-rw-r--   1 travis travis   1625 Aug  1 15:25 JavaCompiledCompositeTest3_CompiledCompositeActor.mk
-rw-rw-r--   1 travis travis   4183 Aug  1 15:25 JavaCompiledCompositeTest4_CompiledCompositeActor.class
-rw-rw-r--   1 travis travis   9687 Aug  1 15:25 JavaCompiledCompositeTest4_CompiledCompositeActor.java
-rw-rw-r--   1 travis travis    876 Aug  1 15:25 JavaCompiledCompositeTest4_CompiledCompositeActor$_JavaCompiledCompositeTest4_CompiledCompositeActor.class
-rw-rw-r--   1 travis travis   1625 Aug  1 15:25 JavaCompiledCompositeTest4_CompiledCompositeActor.mk
drwxrwxr-x   3 travis travis  12288 Aug  1 15:20 LookupTable
drwxrwxr-x   3 travis travis  20480 Aug  1 15:20 MaxIndex
-rw-rw-r--   1 travis travis   3925 Aug  1 15:25 ModularCG_A1_B1.class
-rw-rw-r--   1 travis travis   9730 Aug  1 15:25 ModularCG_A1_B1.java
-rw-rw-r--   1 travis travis    832 Aug  1 15:25 ModularCG_A1_B1.mk
-rw-rw-r--   1 travis travis   1318 Aug  1 15:25 ModularCG_A1_B1_profile.class
-rw-rw-r--   1 travis travis   1262 Aug  1 15:25 ModularCG_A1_B1_profile.java
-rw-rw-r--   1 travis travis   3925 Aug  1 15:25 ModularCG_A1_B2.class
-rw-rw-r--   1 travis travis   9730 Aug  1 15:25 ModularCG_A1_B2.java
-rw-rw-r--   1 travis travis    832 Aug  1 15:25 ModularCG_A1_B2.mk
-rw-rw-r--   1 travis travis   1318 Aug  1 15:25 ModularCG_A1_B2_profile.class
-rw-rw-r--   1 travis travis   1262 Aug  1 15:25 ModularCG_A1_B2_profile.java
-rw-rw-r--   1 travis travis   5031 Aug  1 15:25 ModularCG_A1.class
-rw-rw-r--   1 travis travis  14742 Aug  1 15:25 ModularCG_A1.java
-rw-rw-r--   1 travis travis    808 Aug  1 15:25 ModularCG_A1.mk
-rw-rw-r--   1 travis travis   1433 Aug  1 15:25 ModularCG_A1_profile.class
-rw-rw-r--   1 travis travis   1704 Aug  1 15:25 ModularCG_A1_profile.java
-rw-rw-r--   1 travis travis   4059 Aug  1 15:25 ModularCG_A2_B1.class
-rw-rw-r--   1 travis travis  10667 Aug  1 15:25 ModularCG_A2_B1.java
-rw-rw-r--   1 travis travis    832 Aug  1 15:25 ModularCG_A2_B1.mk
-rw-rw-r--   1 travis travis   1381 Aug  1 15:25 ModularCG_A2_B1_profile.class
-rw-rw-r--   1 travis travis   1446 Aug  1 15:25 ModularCG_A2_B1_profile.java
-rw-rw-r--   1 travis travis   3925 Aug  1 15:25 ModularCG_A2_B2.class
-rw-rw-r--   1 travis travis   9730 Aug  1 15:25 ModularCG_A2_B2.java
-rw-rw-r--   1 travis travis    832 Aug  1 15:25 ModularCG_A2_B2.mk
-rw-rw-r--   1 travis travis   1318 Aug  1 15:25 ModularCG_A2_B2_profile.class
-rw-rw-r--   1 travis travis   1262 Aug  1 15:25 ModularCG_A2_B2_profile.java
-rw-rw-r--   1 travis travis   5102 Aug  1 15:25 ModularCG_A2.class
-rw-rw-r--   1 travis travis  15129 Aug  1 15:25 ModularCG_A2.java
-rw-rw-r--   1 travis travis    808 Aug  1 15:25 ModularCG_A2.mk
-rw-rw-r--   1 travis travis   1433 Aug  1 15:25 ModularCG_A2_profile.class
-rw-rw-r--   1 travis travis   1704 Aug  1 15:25 ModularCG_A2_profile.java
-rw-rw-r--   1 travis travis   3705 Aug  1 15:25 ModularCGPubSub_A1_A2.class
-rw-rw-r--   1 travis travis   9076 Aug  1 15:25 ModularCGPubSub_A1_A2.java
-rw-rw-r--   1 travis travis    880 Aug  1 15:25 ModularCGPubSub_A1_A2.mk
-rw-rw-r--   1 travis travis   1300 Aug  1 15:25 ModularCGPubSub_A1_A2_profile.class
-rw-rw-r--   1 travis travis   1222 Aug  1 15:25 ModularCGPubSub_A1_A2_profile.java
-rw-rw-r--   1 travis travis   4022 Aug  1 15:25 ModularCGPubSub_A1.class
-rw-rw-r--   1 travis travis   9836 Aug  1 15:25 ModularCGPubSub_A1.java
-rw-rw-r--   1 travis travis    856 Aug  1 15:25 ModularCGPubSub_A1.mk
-rw-rw-r--   1 travis travis   1346 Aug  1 15:25 ModularCGPubSub_A1_profile.class
-rw-rw-r--   1 travis travis   1388 Aug  1 15:25 ModularCGPubSub_A1_profile.java
-rw-rw-r--   1 travis travis   4220 Aug  1 15:25 ModularCodeGen2_ModularCodeGenTypedCompositeActor.class
-rw-rw-r--   1 travis travis  11690 Aug  1 15:25 ModularCodeGen2_ModularCodeGenTypedCompositeActor.java
-rw-rw-r--   1 travis travis   1104 Aug  1 15:25 ModularCodeGen2_ModularCodeGenTypedCompositeActor.mk
-rw-rw-r--   1 travis travis   4504 Aug  1 15:25 ModularCodeGen2_ModularCodeGenTypedCompositeActor_ModularCodeGenTypedCompositeActor.class
-rw-rw-r--   1 travis travis  11790 Aug  1 15:25 ModularCodeGen2_ModularCodeGenTypedCompositeActor_ModularCodeGenTypedCompositeActor.java
-rw-rw-r--   1 travis travis   1376 Aug  1 15:25 ModularCodeGen2_ModularCodeGenTypedCompositeActor_ModularCodeGenTypedCompositeActor.mk
-rw-rw-r--   1 travis travis   1421 Aug  1 15:25 ModularCodeGen2_ModularCodeGenTypedCompositeActor_ModularCodeGenTypedCompositeActor_profile.class
-rw-rw-r--   1 travis travis   1294 Aug  1 15:25 ModularCodeGen2_ModularCodeGenTypedCompositeActor_ModularCodeGenTypedCompositeActor_profile.java
-rw-rw-r--   1 travis travis    820 Aug  1 15:25 ModularCodeGen2_ModularCodeGenTypedCompositeActor_profile.class
-rw-rw-r--   1 travis travis    693 Aug  1 15:25 ModularCodeGen2_ModularCodeGenTypedCompositeActor_profile.java
-rw-rw-r--   1 travis travis   3973 Aug  1 15:25 ModularCodeGen3_A1_B1.class
-rw-rw-r--   1 travis travis   9958 Aug  1 15:25 ModularCodeGen3_A1_B1.java
-rw-rw-r--   1 travis travis    880 Aug  1 15:25 ModularCodeGen3_A1_B1.mk
-rw-rw-r--   1 travis travis   1330 Aug  1 15:25 ModularCodeGen3_A1_B1_profile.class
-rw-rw-r--   1 travis travis   1274 Aug  1 15:25 ModularCodeGen3_A1_B1_profile.java
-rw-rw-r--   1 travis travis   3973 Aug  1 15:26 ModularCodeGen3_A1_B2.class
-rw-rw-r--   1 travis travis   9958 Aug  1 15:26 ModularCodeGen3_A1_B2.java
-rw-rw-r--   1 travis travis    880 Aug  1 15:26 ModularCodeGen3_A1_B2.mk
-rw-rw-r--   1 travis travis   1330 Aug  1 15:26 ModularCodeGen3_A1_B2_profile.class
-rw-rw-r--   1 travis travis   1274 Aug  1 15:25 ModularCodeGen3_A1_B2_profile.java
-rw-rw-r--   1 travis travis   5193 Aug  1 15:26 ModularCodeGen3_A1.class
-rw-rw-r--   1 travis travis  15564 Aug  1 15:26 ModularCodeGen3_A1.java
-rw-rw-r--   1 travis travis    856 Aug  1 15:26 ModularCodeGen3_A1.mk
-rw-rw-r--   1 travis travis   1445 Aug  1 15:26 ModularCodeGen3_A1_profile.class
-rw-rw-r--   1 travis travis   1716 Aug  1 15:26 ModularCodeGen3_A1_profile.java
-rw-rw-r--   1 travis travis   4119 Aug  1 15:26 ModularCodeGen3_A2_B1.class
-rw-rw-r--   1 travis travis  10955 Aug  1 15:26 ModularCodeGen3_A2_B1.java
-rw-rw-r--   1 travis travis    880 Aug  1 15:26 ModularCodeGen3_A2_B1.mk
-rw-rw-r--   1 travis travis   1393 Aug  1 15:26 ModularCodeGen3_A2_B1_profile.class
-rw-rw-r--   1 travis travis   1458 Aug  1 15:26 ModularCodeGen3_A2_B1_profile.java
-rw-rw-r--   1 travis travis   3973 Aug  1 15:26 ModularCodeGen3_A2_B2.class
-rw-rw-r--   1 travis travis   9958 Aug  1 15:26 ModularCodeGen3_A2_B2.java
-rw-rw-r--   1 travis travis    880 Aug  1 15:26 ModularCodeGen3_A2_B2.mk
-rw-rw-r--   1 travis travis   1330 Aug  1 15:26 ModularCodeGen3_A2_B2_profile.class
-rw-rw-r--   1 travis travis   1274 Aug  1 15:26 ModularCodeGen3_A2_B2_profile.java
-rw-rw-r--   1 travis travis   5270 Aug  1 15:26 ModularCodeGen3_A2.class
-rw-rw-r--   1 travis travis  15957 Aug  1 15:26 ModularCodeGen3_A2.java
-rw-rw-r--   1 travis travis    856 Aug  1 15:26 ModularCodeGen3_A2.mk
-rw-rw-r--   1 travis travis   1445 Aug  1 15:26 ModularCodeGen3_A2_profile.class
-rw-rw-r--   1 travis travis   1716 Aug  1 15:26 ModularCodeGen3_A2_profile.java
-rw-rw-r--   1 travis travis   4026 Aug  1 15:26 ModularCodeGen4_A1_B1.class
-rw-rw-r--   1 travis travis  10312 Aug  1 15:26 ModularCodeGen4_A1_B1.java
-rw-rw-r--   1 travis travis    880 Aug  1 15:26 ModularCodeGen4_A1_B1.mk
-rw-rw-r--   1 travis travis   1330 Aug  1 15:26 ModularCodeGen4_A1_B1_profile.class
-rw-rw-r--   1 travis travis   1273 Aug  1 15:26 ModularCodeGen4_A1_B1_profile.java
-rw-rw-r--   1 travis travis   4026 Aug  1 15:26 ModularCodeGen4_A1_B2.class
-rw-rw-r--   1 travis travis  10312 Aug  1 15:26 ModularCodeGen4_A1_B2.java
-rw-rw-r--   1 travis travis    880 Aug  1 15:26 ModularCodeGen4_A1_B2.mk
-rw-rw-r--   1 travis travis   1330 Aug  1 15:26 ModularCodeGen4_A1_B2_profile.class
-rw-rw-r--   1 travis travis   1273 Aug  1 15:26 ModularCodeGen4_A1_B2_profile.java
-rw-rw-r--   1 travis travis   5333 Aug  1 15:26 ModularCodeGen4_A1.class
-rw-rw-r--   1 travis travis  16245 Aug  1 15:26 ModularCodeGen4_A1.java
-rw-rw-r--   1 travis travis    856 Aug  1 15:26 ModularCodeGen4_A1.mk
-rw-rw-r--   1 travis travis   1445 Aug  1 15:26 ModularCodeGen4_A1_profile.class
-rw-rw-r--   1 travis travis   1712 Aug  1 15:26 ModularCodeGen4_A1_profile.java
-rw-rw-r--   1 travis travis   4220 Aug  1 15:26 ModularCodeGen4_A2_B1.class
-rw-rw-r--   1 travis travis  11375 Aug  1 15:26 ModularCodeGen4_A2_B1.java
-rw-rw-r--   1 travis travis    880 Aug  1 15:26 ModularCodeGen4_A2_B1.mk
-rw-rw-r--   1 travis travis   1393 Aug  1 15:26 ModularCodeGen4_A2_B1_profile.class
-rw-rw-r--   1 travis travis   1454 Aug  1 15:26 ModularCodeGen4_A2_B1_profile.java
-rw-rw-r--   1 travis travis   4074 Aug  1 15:26 ModularCodeGen4_A2_B2.class
-rw-rw-r--   1 travis travis  10378 Aug  1 15:26 ModularCodeGen4_A2_B2.java
-rw-rw-r--   1 travis travis    880 Aug  1 15:26 ModularCodeGen4_A2_B2.mk
-rw-rw-r--   1 travis travis   1330 Aug  1 15:26 ModularCodeGen4_A2_B2_profile.class
-rw-rw-r--   1 travis travis   1270 Aug  1 15:26 ModularCodeGen4_A2_B2_profile.java
-rw-rw-r--   1 travis travis   5506 Aug  1 15:26 ModularCodeGen4_A2.class
-rw-rw-r--   1 travis travis  16770 Aug  1 15:26 ModularCodeGen4_A2.java
-rw-rw-r--   1 travis travis    856 Aug  1 15:26 ModularCodeGen4_A2.mk
-rw-rw-r--   1 travis travis   1445 Aug  1 15:26 ModularCodeGen4_A2_profile.class
-rw-rw-r--   1 travis travis   1712 Aug  1 15:26 ModularCodeGen4_A2_profile.java
-rw-rw-r--   1 travis travis   7070 Aug  1 15:26 ModularCodeGen5_A_A.class
-rw-rw-r--   1 travis travis  28721 Aug  1 15:26 ModularCodeGen5_A_A.java
-rw-rw-r--   1 travis travis    864 Aug  1 15:26 ModularCodeGen5_A_A.mk
-rw-rw-r--   1 travis travis   1520 Aug  1 15:26 ModularCodeGen5_A_A_profile.class
-rw-rw-r--   1 travis travis   1815 Aug  1 15:26 ModularCodeGen5_A_A_profile.java
-rw-rw-r--   1 travis travis   5347 Aug  1 15:26 ModularCodeGen5_A.class
-rw-rw-r--   1 travis travis  13769 Aug  1 15:26 ModularCodeGen5_A.java
-rw-rw-r--   1 travis travis    848 Aug  1 15:26 ModularCodeGen5_A.mk
-rw-rw-r--   1 travis travis   1422 Aug  1 15:26 ModularCodeGen5_A_profile.class
-rw-rw-r--   1 travis travis   1605 Aug  1 15:26 ModularCodeGen5_A_profile.java
-rw-rw-r--   1 travis travis   4357 Aug  1 15:26 ModularCodeGen6_A_A2.class
-rw-rw-r--   1 travis travis  11329 Aug  1 15:26 ModularCodeGen6_A_A2.java
-rw-rw-r--   1 travis travis    872 Aug  1 15:26 ModularCodeGen6_A_A2.mk
-rw-rw-r--   1 travis travis   1351 Aug  1 15:26 ModularCodeGen6_A_A2_profile.class
-rw-rw-r--   1 travis travis   1364 Aug  1 15:26 ModularCodeGen6_A_A2_profile.java
-rw-rw-r--   1 travis travis   4340 Aug  1 15:26 ModularCodeGen6_A_A.class
-rw-rw-r--   1 travis travis  11221 Aug  1 15:26 ModularCodeGen6_A_A.java
-rw-rw-r--   1 travis travis    864 Aug  1 15:26 ModularCodeGen6_A_A.mk
-rw-rw-r--   1 travis travis   1348 Aug  1 15:26 ModularCodeGen6_A_A_profile.class
-rw-rw-r--   1 travis travis   1361 Aug  1 15:26 ModularCodeGen6_A_A_profile.java
-rw-rw-r--   1 travis travis   7469 Aug  1 15:26 ModularCodeGen6_A.class
-rw-rw-r--   1 travis travis  26535 Aug  1 15:26 ModularCodeGen6_A.java
-rw-rw-r--   1 travis travis    848 Aug  1 15:26 ModularCodeGen6_A.mk
-rw-rw-r--   1 travis travis   1483 Aug  1 15:26 ModularCodeGen6_A_profile.class
-rw-rw-r--   1 travis travis   1810 Aug  1 15:26 ModularCodeGen6_A_profile.java
-rw-rw-r--   1 travis travis   9633 Aug  1 15:26 ModularCodeGenLazyPubSubGlobal_CompositeActor_ModularCodeGenTypedComposite.class
-rw-rw-r--   1 travis travis  30161 Aug  1 15:26 ModularCodeGenLazyPubSubGlobal_CompositeActor_ModularCodeGenTypedComposite.java
-rw-rw-r--   1 travis travis   1304 Aug  1 15:26 ModularCodeGenLazyPubSubGlobal_CompositeActor_ModularCodeGenTypedComposite.mk
-rw-rw-r--   1 travis travis   1438 Aug  1 15:26 ModularCodeGenLazyPubSubGlobal_CompositeActor_ModularCodeGenTypedComposite_profile.class
-rw-rw-r--   1 travis travis   1384 Aug  1 15:26 ModularCodeGenLazyPubSubGlobal_CompositeActor_ModularCodeGenTypedComposite_profile.java
-rw-rw-r--   1 travis travis   4184 Aug  1 15:26 ModularCodeGenLazyPubSub_LazyCompositeActor.class
-rw-rw-r--   1 travis travis  11122 Aug  1 15:26 ModularCodeGenLazyPubSub_LazyCompositeActor.java
-rw-rw-r--   1 travis travis   1056 Aug  1 15:26 ModularCodeGenLazyPubSub_LazyCompositeActor.mk
-rw-rw-r--   1 travis travis   1286 Aug  1 15:26 ModularCodeGenLazyPubSub_LazyCompositeActor_profile.class
-rw-rw-r--   1 travis travis   1091 Aug  1 15:26 ModularCodeGenLazyPubSub_LazyCompositeActor_profile.java
-rw-rw-r--   1 travis travis   4186 Aug  1 15:25 ModularCodeGen_ModularCodeGenTypedCompositeActor.class
-rw-rw-r--   1 travis travis  10970 Aug  1 15:25 ModularCodeGen_ModularCodeGenTypedCompositeActor.java
-rw-rw-r--   1 travis travis   1096 Aug  1 15:25 ModularCodeGen_ModularCodeGenTypedCompositeActor.mk
-rw-rw-r--   1 travis travis   1384 Aug  1 15:25 ModularCodeGen_ModularCodeGenTypedCompositeActor_profile.class
-rw-rw-r--   1 travis travis   1328 Aug  1 15:25 ModularCodeGen_ModularCodeGenTypedCompositeActor_profile.java
-rw-rw-r--   1 travis travis   1195 Aug  1 15:26 ModularCodeGenPubSub_A1_profile.java
-rw-rw-r--   1 travis travis   3724 Aug  1 15:25 ModularCodeGenTest_A1_A2.class
-rw-rw-r--   1 travis travis   9164 Aug  1 15:25 ModularCodeGenTest_A1_A2.java
-rw-rw-r--   1 travis travis   1306 Aug  1 15:25 ModularCodeGenTest_A1_A2_profile.class
-rw-rw-r--   1 travis travis   4055 Aug  1 15:25 ModularCodeGenTest_A1.class
-rw-rw-r--   1 travis travis   9968 Aug  1 15:25 ModularCodeGenTest_A1.java
-rw-rw-r--   1 travis travis    880 Aug  1 15:25 ModularCodeGenTest_A1.mk
-rw-rw-r--   1 travis travis   1352 Aug  1 15:25 ModularCodeGenTest_A1_profile.class
-rw-rw-r--   1 travis travis   1394 Aug  1 15:25 ModularCodeGenTest_A1_profile.java
drwxrwxr-x   3 travis travis  32768 Aug  1 15:24 modulation2
drwxrwxr-x 183 travis travis  12288 Aug  1 15:25 node_modules
drwxrwxr-x   3 travis travis  20480 Aug  1 15:21 PhaseUnwrap
drwxrwxr-x   3 travis travis  12288 Aug  1 15:21 ReadFile1
-rw-rw-r--   1 travis travis     11 Aug  1 15:21 ReadFile1Output.txt
-rw-rw-r--   1 travis travis  13773 Aug  1 15:24 Repeat.class
-rw-rw-r--   1 travis travis    685 Aug  1 15:24 Repeat$_fireFunction_Repeat_Repeat$__f_sL_11.class
-rw-rw-r--   1 travis travis    541 Aug  1 15:24 Repeat$_fireFunction_Repeat_Repeat$__f_sL_12.class
-rw-rw-r--   1 travis travis    541 Aug  1 15:24 Repeat$_fireFunction_Repeat_Repeat$__f_sL_13.class
-rw-rw-r--   1 travis travis    541 Aug  1 15:24 Repeat$_fireFunction_Repeat_Repeat$__f_sL_14.class
-rw-rw-r--   1 travis travis    684 Aug  1 15:24 Repeat$_fireFunction_Repeat_Repeat$__f_sL_1.class
-rw-rw-r--   1 travis travis    683 Aug  1 15:24 Repeat$_fireFunction_Repeat_Repeat$__f_sL_4.class
-rw-rw-r--   1 travis travis    539 Aug  1 15:24 Repeat$_fireFunction_Repeat_Repeat$__f_sL_9.class
-rw-rw-r--   1 travis travis    494 Aug  1 15:24 Repeat$_initialize_Repeat$__i_sL_2.class
-rw-rw-r--   1 travis travis   1281 Aug  1 15:24 Repeat.mk
-rw-rw-r--   1 travis travis    539 Aug  1 15:24 Repeat$_preinitializeMethod_Repeat$__p_sL_0.class
-rw-rw-r--   1 travis travis   1102 Aug  1 15:24 Repeat$_Repeat$_fireFunction_Repeat_AddSubtract_Repeat.class
-rw-rw-r--   1 travis travis    810 Aug  1 15:24 Repeat$_Repeat$_fireFunction_Repeat_AddSubtract_Repeat$__f_sL_0.class
-rw-rw-r--   1 travis travis    928 Aug  1 15:24 Repeat$_Repeat$_fireFunction_Repeat_AddSubtract_Repeat$__f_sL_1.class
-rw-rw-r--   1 travis travis    934 Aug  1 15:24 Repeat$_Repeat$_fireFunction_Repeat_AddSubtract_Repeat$__f_sL_2.class
-rw-rw-r--   1 travis travis    862 Aug  1 15:24 Repeat$_Repeat$_fireFunction_Repeat_AddSubtract_Repeat$__f_sL_3.class
-rw-rw-r--   1 travis travis    757 Aug  1 15:24 Repeat$_Repeat$_fireFunction_Repeat_Ramp2_Repeat$__f_sL_0.class
-rw-rw-r--   1 travis travis    888 Aug  1 15:24 Repeat$_Repeat$_fireFunction_Repeat_Test_Repeat$__f_sL_0.class
-rw-rw-r--   1 travis travis    634 Aug  1 15:24 Repeat$_Repeat$_fireFunction_Repeat_Test_Repeat$__f_sL_1.class
-rw-rw-r--   1 travis travis    704 Aug  1 15:24 Repeat$_Repeat_SDF_Director_run_Repeat$__R_sL_0.class
-rw-rw-r--   1 travis travis    705 Aug  1 15:24 Repeat$_Repeat_SDF_Director_run_Repeat$__R_sL_11.class
-rw-rw-r--   1 travis travis    561 Aug  1 15:24 Repeat$_Repeat_SDF_Director_run_Repeat$__R_sL_13.class
-rw-rw-r--   1 travis travis    559 Aug  1 15:24 Repeat$_Repeat_SDF_Director_run_Repeat$__R_sL_2.class
-rw-rw-r--   1 travis travis    703 Aug  1 15:24 Repeat$_Repeat_SDF_Director_run_Repeat$__R_sL_3.class
-rw-rw-r--   1 travis travis    559 Aug  1 15:24 Repeat$_Repeat_SDF_Director_run_Repeat$__R_sL_5.class
-rw-rw-r--   1 travis travis    559 Aug  1 15:24 Repeat$_Repeat_SDF_Director_run_Repeat$__R_sL_8.class
drwxrwxr-x   2 travis travis   4096 Aug  1 15:24 RepeatVariables
-rw-rw-r--   1 travis travis    882 Aug  1 15:24 Repeat$_varinit_Repeat.class
-rw-rw-r--   1 travis travis    550 Aug  1 15:24 Repeat$_varinit_Repeat$__v_sL_2.class
-rw-rw-r--   1 travis travis    924 Aug  1 15:24 Repeat$_varinit_Repeat$__v_sL_4.class
-rw-rw-r--   1 travis travis    978 Aug  1 15:24 Repeat$_wrapup_Repeat$__w_sL_1.class
drwxrwxr-x   3 travis travis  20480 Aug  1 15:21 Sinewave
drwxrwxr-x   3 travis travis  32768 Aug  1 15:23 StringFunction
drwxrwxr-x   3 travis travis  12288 Aug  1 15:23 StringLength
drwxrwxr-x   3 travis travis  61440 Aug  1 15:23 StringMatches2
drwxrwxr-x   3 travis travis  61440 Aug  1 15:23 StringSimpleReplace
drwxrwxr-x   3 travis travis  65536 Aug  1 15:23 StringSubstring
drwxrwxr-x   3 travis travis  24576 Aug  1 15:24 StringSubstring2
drwxrwxr-x   3 travis travis  16384 Aug  1 15:24 time1
drwxrwxr-x   3 travis travis  12288 Aug  1 15:24 time5
-rw-rw-r--   1 travis travis    432 Aug  1 15:26 Token.class
-rw-rw-r--   1 travis travis    251 Aug  1 15:26 Token.java
-rwxrwxr-x   1 travis travis 466992 Aug  1 15:18 top
-rw-rw-r--   1 travis travis  20502 Aug  1 15:18 top.c
-rw-rw-r--   1 travis travis   3799 Aug  1 15:24 top.class
-rw-rw-r--   1 travis travis   1257 Aug  1 15:24 top.mk
All Done
Writing ModularCodeGenPubSub_A1.java in file:/home/travis/cg/ (9060 characters)
Reading "ptolemy/cg/kernel/generic/program/procedural/java/modular/makefile.in",
    writing "/home/travis/cg/ModularCodeGenPubSub_A1.mk"
Using ptolemy/cg/kernel/generic/program/procedural/java/modular/makefile.in
In "/home/travis/cg", about to execute:
    make -f ModularCodeGenPubSub_A1.mk
javac -classpath ".:.."    ModularCodeGenPubSub_A1.java
All Done
2550 ms. Memory: 129024K Free: 74677K (58%)
----------------- Invoking toplevel() on ptolemy.moml.MoMLSimpleApplication@217b3ac6
----------------- Done invoking toplevel() on ptolemy.moml.MoMLSimpleApplication@217b3ac6
reloadAllAccessors: .ModularCodeGenPubSub

===========================================================================================
----------------- testing Sat Aug 01 15:26:49 UTC 2020 /home/travis/build/icyphy/ptII/ptolemy/cg/lib/test/auto/ModularCodeGenPubSub2.xml
----------------- Instantiating /home/travis/build/icyphy/ptII/ptolemy/cg/lib/test/auto/ModularCodeGenPubSub2.xml
In "/home/travis/cg", about to execute:
    pwd
In "/home/travis/cg", about to execute:
    ls -l
/home/travis/cg
In "/home/travis/cg", about to execute:
    javac -classpath
.:/home/travis/build/icyphy/ptII:/home/travis/build/icyphy/ptII/lib/bsh-2.0b4.j
ar:/home/travis/build/icyphy/ptII/lib/ptCal.jar:/home/travis/build/icyphy/ptII/
lib/java_cup.jar:/home/travis/build/icyphy/ptII/lib/saxon8.jar:/home/travis/bui
ld/icyphy/ptII/lib/saxon8-dom.jar:/home/travis/build/icyphy/ptII/lib/chic.jar:/
home/travis/build/icyphy/ptII/lib/ptcolt.jar:/home/travis/build/icyphy/ptII/ven
dors/misc/itext/iText.jar:/home/travis/build/icyphy/ptII/lib/g4ltl.jar:/home/tr
avis/build/icyphy/ptII/lib/StructuralCoder.jar:/home/travis/build/icyphy/ptII/l
ib/jcerti.jar:/home/travis/build/icyphy/ptII/lib/javax.mail.jar:/home/travis/bu
ild/icyphy/ptII/vendors/JMF-2.1.1e/lib/jmf.jar:/home/travis/build/icyphy/ptII/l
ib/jna-4.0.0-variadic.jar:/home/travis/build/icyphy/ptII/vendors/misc/joystick/
Joystick.jar:/home/travis/build/icyphy/ptII/lib/ptjacl.jar:/home/travis/build/i
cyphy/ptII/lib/jsoup-1.8.2.jar:/home/travis/build/icyphy/ptII/lib/junit-4.8.2.j
ar:/home/travis/build/icyphy/ptII/lib/JUnitParams-0.4.0.jar:/home/travis/build/
icyphy/ptII/ptolemy/actor/lib/excel/jxl.jar:/home/travis/build/icyphy/ptII/lib/
jython.jar:/home/travis/build/icyphy/ptII/lib/kieler.jar:/home/travis/build/icy
phy/ptII/vendors/opencv/share/OpenCV/java/opencv-341.jar:/home/travis/build/icy
phy/ptII/lib/oscP5.jar:/home/travis/build/icyphy/ptII/lib/nrjavaserial-3.11.0.d
evel.jar:/home/travis/build/icyphy/ptII/vendors/j3d/lib/Linux/j3dcore.jar:/home
/travis/build/icyphy/ptII/vendors/j3d/lib/Linux/j3dutils.jar:/home/travis/build
/icyphy/ptII/vendors/j3d/lib/Linux/vecmath.jar:/home/travis/build/icyphy/ptII/v
endors/jogl/lib/Linux/gluegen-rt-natives-linux-amd64.jar:/home/travis/build/icy
phy/ptII/vendors/jogl/lib/Linux/gluegen-rt.jar:/home/travis/build/icyphy/ptII/v
endors/jogl/lib/Linux/jogl-all-natives-linux-amd64.jar:/home/travis/build/icyph
y/ptII/vendors/jogl/lib/Linux/jogl-all.jar:/home/travis/build/icyphy/ptII/ptole
my/distributed/jini/jar/jini-core.jar:/home/travis/build/icyphy/ptII/ptolemy/di
stributed/jini/jar/jini-ext.jar:/home/travis/build/icyphy/ptII/ptolemy/distribu
ted/jini/jar/sun-util.jar:/home/travis/build/icyphy/ptII/lib/protobuf-java-2.4.
1.jar:/home/travis/build/icyphy/ptII/lib/org.eclipse.paho.client.mqttv3.jar:/ho
me/travis/build/icyphy/ptII/lib/mapss.jar:/home/travis/build/icyphy/ptII/ptolem
y/actor/ptalon/antlr/antlr.jar:/home/travis/build/icyphy/ptII/lib/JRI.jar:/home
/travis/build/icyphy/ptII/lib/commons-lang-2.6.jar:/home/travis/build/icyphy/pt
II/lib/commons-logging-1.1.1.jar:/home/travis/build/icyphy/ptII/lib/sootclasses
.jar:/home/travis/build/icyphy/ptII/ptolemy/actor/lib/database/mysql-connector-
java-5.1.6-bin.jar:/home/travis/build/icyphy/ptII/vendors/misc/sphinx4/sphinx4-
data-5prealpha.jar:/home/travis/build/icyphy/ptII/vendors/misc/sphinx4/sphinx4-
core-5prealpha.jar:/home/travis/build/icyphy/ptII/lib/PDFRenderer.jar:/home/tra
vis/build/icyphy/ptII/lib/svgSalamander.jar:/home/travis/build/icyphy/ptII/lib/
rsyntaxtextarea-2.6.0-SNAPSHOT.jar:/home/travis/build/icyphy/ptII/lib/hazelcast
-3.8.2.jar:/home/travis/build/icyphy/ptII/lib/jackson-annotations-2.9.0.jar:/ho
me/travis/build/icyphy/ptII/lib/jackson-core-2.9.3.jar:/home/travis/build/icyph
y/ptII/lib/jackson-databind-2.9.3.jar:/home/travis/build/icyphy/ptII/lib/netty-
buffer-4.1.19.Final.jar:/home/travis/build/icyphy/ptII/lib/netty-codec-4.1.19.F
inal.jar:/home/travis/build/icyphy/ptII/lib/netty-codec-dns-4.1.19.Final.jar:/h
ome/travis/build/icyphy/ptII/lib/netty-codec-http-4.1.19.Final.jar:/home/travis
/build/icyphy/ptII/lib/netty-codec-http2-4.1.19.Final.jar:/home/travis/build/ic
yphy/ptII/lib/netty-common-4.1.19.Final.jar:/home/travis/build/icyphy/ptII/lib/
netty-handler-4.1.19.Final.jar:/home/travis/build/icyphy/ptII/lib/netty-resolve
r-4.1.19.Final.jar:/home/travis/build/icyphy/ptII/lib/netty-resolver-dns-4.1.19
.Final.jar:/home/travis/build/icyphy/ptII/lib/netty-transport-4.1.19.Final.jar:
/home/travis/build/icyphy/ptII/lib/vertx-codegen-3.5.1.jar:/home/travis/build/i
cyphy/ptII/lib/vertx-core-3.5.2-SNAPSHOT.jar:/home/travis/build/icyphy/ptII/lib
/vertx-hazelcast-3.5.1.jar:/home/travis/build/icyphy/ptII/lib/vertx-lang-js-3.5
.1.jar:/home/travis/build/icyphy/ptII/lib/vertx-service-proxy-3.5.1.jar:/home/t
ravis/build/icyphy/ptII/lib/vertx-web-3.5.1.jar:/home/travis/build/icyphy/ptII/
lib/slf4j-api-1.7.13.jar:/home/travis/build/icyphy/ptII/lib/slf4j-simple-1.7.13
.jar:/home/travis/build/icyphy/ptII/lib/webcam-capture-0.3.12.jar:/home/travis/
build/icyphy/ptII/lib/bridj-0.7.0.jar:/home/travis/build/icyphy/ptII/lib/xbjlib
-1.1.0.nrjavaserial.jar:/home/travis/build/icyphy/ptII/ptolemy/moml/test:/home/
travis/build/icyphy/ptII/ant/lib/ant-launcher.jar:/home/travis/build/icyphy/ptI
I/ant/lib/ant.jar:/home/travis/build/icyphy/ptII/ant/lib/ant-junit.jar:/home/tr
avis/build/icyphy/ptII/ant/lib/ant-junit4.jar:/home/travis/build/icyphy/ptII
ModularCodeGenPubSub2_A1_A_profile.java
total 2436
drwxrwxr-x   3 travis travis  12288 Aug  1 15:20 AbsoluteValue
drwxrwxr-x   3 travis travis 102400 Aug  1 15:19 AllColt
-rw-rw-r--   1 travis travis    233 Aug  1 15:26 Array.class
-rw-rw-r--   1 travis travis    459 Aug  1 15:26 Array.java
drwxrwxr-x   3 travis travis  12288 Aug  1 15:19 Case1
-rw-rw-r--   1 travis travis   5128 Aug  1 15:25 CompiledCompositeActor_CompiledCompositeActor.class
-rw-rw-r--   1 travis travis   1611 Aug  1 15:25 CompiledCompositeActor_CompiledCompositeActor$_CompiledCompositeActor_CompiledCompositeActor.class
-rw-rw-r--   1 travis travis  13466 Aug  1 15:25 CompiledCompositeActor_CompiledCompositeActor.java
-rw-rw-r--   1 travis travis   1593 Aug  1 15:25 CompiledCompositeActor_CompiledCompositeActor.mk
drwxrwxr-x   5 travis travis   4096 Aug  1 15:18 fmi
drwxrwxr-x   3 travis travis  16384 Aug  1 15:20 Gaussian2
-rw-rw-r--   1 travis travis   4684 Aug  1 15:25 JavaCompiledCompositeTest1_CompiledCompositeActor.class
-rw-rw-r--   1 travis travis  11637 Aug  1 15:25 JavaCompiledCompositeTest1_CompiledCompositeActor.java
-rw-rw-r--   1 travis travis   1217 Aug  1 15:25 JavaCompiledCompositeTest1_CompiledCompositeActor$_JavaCompiledCompositeTest1_CompiledCompositeActor.class
-rw-rw-r--   1 travis travis   1625 Aug  1 15:25 JavaCompiledCompositeTest1_CompiledCompositeActor.mk
-rw-rw-r--   1 travis travis   5115 Aug  1 15:25 JavaCompiledCompositeTest2_CompiledCompositeActor.class
-rw-rw-r--   1 travis travis  14919 Aug  1 15:25 JavaCompiledCompositeTest2_CompiledCompositeActor.java
-rw-rw-r--   1 travis travis   1812 Aug  1 15:25 JavaCompiledCompositeTest2_CompiledCompositeActor$_JavaCompiledCompositeTest2_CompiledCompositeActor.class
-rw-rw-r--   1 travis travis   1625 Aug  1 15:25 JavaCompiledCompositeTest2_CompiledCompositeActor.mk
-rw-rw-r--   1 travis travis   4732 Aug  1 15:25 JavaCompiledCompositeTest3_CompiledCompositeActor.class
-rw-rw-r--   1 travis travis  13080 Aug  1 15:25 JavaCompiledCompositeTest3_CompiledCompositeActor.java
-rw-rw-r--   1 travis travis   1397 Aug  1 15:25 JavaCompiledCompositeTest3_CompiledCompositeActor$_JavaCompiledCompositeTest3_CompiledCompositeActor.class
-rw-rw-r--   1 travis travis   1625 Aug  1 15:25 JavaCompiledCompositeTest3_CompiledCompositeActor.mk
-rw-rw-r--   1 travis travis   4183 Aug  1 15:25 JavaCompiledCompositeTest4_CompiledCompositeActor.class
-rw-rw-r--   1 travis travis   9687 Aug  1 15:25 JavaCompiledCompositeTest4_CompiledCompositeActor.java
-rw-rw-r--   1 travis travis    876 Aug  1 15:25 JavaCompiledCompositeTest4_CompiledCompositeActor$_JavaCompiledCompositeTest4_CompiledCompositeActor.class
-rw-rw-r--   1 travis travis   1625 Aug  1 15:25 JavaCompiledCompositeTest4_CompiledCompositeActor.mk
drwxrwxr-x   3 travis travis  12288 Aug  1 15:20 LookupTable
drwxrwxr-x   3 travis travis  20480 Aug  1 15:20 MaxIndex
-rw-rw-r--   1 travis travis   3925 Aug  1 15:25 ModularCG_A1_B1.class
-rw-rw-r--   1 travis travis   9730 Aug  1 15:25 ModularCG_A1_B1.java
-rw-rw-r--   1 travis travis    832 Aug  1 15:25 ModularCG_A1_B1.mk
-rw-rw-r--   1 travis travis   1318 Aug  1 15:25 ModularCG_A1_B1_profile.class
-rw-rw-r--   1 travis travis   1262 Aug  1 15:25 ModularCG_A1_B1_profile.java
-rw-rw-r--   1 travis travis   3925 Aug  1 15:25 ModularCG_A1_B2.class
-rw-rw-r--   1 travis travis   9730 Aug  1 15:25 ModularCG_A1_B2.java
-rw-rw-r--   1 travis travis    832 Aug  1 15:25 ModularCG_A1_B2.mk
-rw-rw-r--   1 travis travis   1318 Aug  1 15:25 ModularCG_A1_B2_profile.class
-rw-rw-r--   1 travis travis   1262 Aug  1 15:25 ModularCG_A1_B2_profile.java
-rw-rw-r--   1 travis travis   5031 Aug  1 15:25 ModularCG_A1.class
-rw-rw-r--   1 travis travis  14742 Aug  1 15:25 ModularCG_A1.java
-rw-rw-r--   1 travis travis    808 Aug  1 15:25 ModularCG_A1.mk
-rw-rw-r--   1 travis travis   1433 Aug  1 15:25 ModularCG_A1_profile.class
-rw-rw-r--   1 travis travis   1704 Aug  1 15:25 ModularCG_A1_profile.java
-rw-rw-r--   1 travis travis   4059 Aug  1 15:25 ModularCG_A2_B1.class
-rw-rw-r--   1 travis travis  10667 Aug  1 15:25 ModularCG_A2_B1.java
-rw-rw-r--   1 travis travis    832 Aug  1 15:25 ModularCG_A2_B1.mk
-rw-rw-r--   1 travis travis   1381 Aug  1 15:25 ModularCG_A2_B1_profile.class
-rw-rw-r--   1 travis travis   1446 Aug  1 15:25 ModularCG_A2_B1_profile.java
-rw-rw-r--   1 travis travis   3925 Aug  1 15:25 ModularCG_A2_B2.class
-rw-rw-r--   1 travis travis   9730 Aug  1 15:25 ModularCG_A2_B2.java
-rw-rw-r--   1 travis travis    832 Aug  1 15:25 ModularCG_A2_B2.mk
-rw-rw-r--   1 travis travis   1318 Aug  1 15:25 ModularCG_A2_B2_profile.class
-rw-rw-r--   1 travis travis   1262 Aug  1 15:25 ModularCG_A2_B2_profile.java
-rw-rw-r--   1 travis travis   5102 Aug  1 15:25 ModularCG_A2.class
-rw-rw-r--   1 travis travis  15129 Aug  1 15:25 ModularCG_A2.java
-rw-rw-r--   1 travis travis    808 Aug  1 15:25 ModularCG_A2.mk
-rw-rw-r--   1 travis travis   1433 Aug  1 15:25 ModularCG_A2_profile.class
-rw-rw-r--   1 travis travis   1704 Aug  1 15:25 ModularCG_A2_profile.java
-rw-rw-r--   1 travis travis   3705 Aug  1 15:25 ModularCGPubSub_A1_A2.class
-rw-rw-r--   1 travis travis   9076 Aug  1 15:25 ModularCGPubSub_A1_A2.java
-rw-rw-r--   1 travis travis    880 Aug  1 15:25 ModularCGPubSub_A1_A2.mk
-rw-rw-r--   1 travis travis   1300 Aug  1 15:25 ModularCGPubSub_A1_A2_profile.class
-rw-rw-r--   1 travis travis   1222 Aug  1 15:25 ModularCGPubSub_A1_A2_profile.java
-rw-rw-r--   1 travis travis   4022 Aug  1 15:25 ModularCGPubSub_A1.class
-rw-rw-r--   1 travis travis   9836 Aug  1 15:25 ModularCGPubSub_A1.java
-rw-rw-r--   1 travis travis    856 Aug  1 15:25 ModularCGPubSub_A1.mk
-rw-rw-r--   1 travis travis   1346 Aug  1 15:25 ModularCGPubSub_A1_profile.class
-rw-rw-r--   1 travis travis   1388 Aug  1 15:25 ModularCGPubSub_A1_profile.java
-rw-rw-r--   1 travis travis   4220 Aug  1 15:25 ModularCodeGen2_ModularCodeGenTypedCompositeActor.class
-rw-rw-r--   1 travis travis  11690 Aug  1 15:25 ModularCodeGen2_ModularCodeGenTypedCompositeActor.java
-rw-rw-r--   1 travis travis   1104 Aug  1 15:25 ModularCodeGen2_ModularCodeGenTypedCompositeActor.mk
-rw-rw-r--   1 travis travis   4504 Aug  1 15:25 ModularCodeGen2_ModularCodeGenTypedCompositeActor_ModularCodeGenTypedCompositeActor.class
-rw-rw-r--   1 travis travis  11790 Aug  1 15:25 ModularCodeGen2_ModularCodeGenTypedCompositeActor_ModularCodeGenTypedCompositeActor.java
-rw-rw-r--   1 travis travis   1376 Aug  1 15:25 ModularCodeGen2_ModularCodeGenTypedCompositeActor_ModularCodeGenTypedCompositeActor.mk
-rw-rw-r--   1 travis travis   1421 Aug  1 15:25 ModularCodeGen2_ModularCodeGenTypedCompositeActor_ModularCodeGenTypedCompositeActor_profile.class
-rw-rw-r--   1 travis travis   1294 Aug  1 15:25 ModularCodeGen2_ModularCodeGenTypedCompositeActor_ModularCodeGenTypedCompositeActor_profile.java
-rw-rw-r--   1 travis travis    820 Aug  1 15:25 ModularCodeGen2_ModularCodeGenTypedCompositeActor_profile.class
-rw-rw-r--   1 travis travis    693 Aug  1 15:25 ModularCodeGen2_ModularCodeGenTypedCompositeActor_profile.java
-rw-rw-r--   1 travis travis   3973 Aug  1 15:25 ModularCodeGen3_A1_B1.class
-rw-rw-r--   1 travis travis   9958 Aug  1 15:25 ModularCodeGen3_A1_B1.java
-rw-rw-r--   1 travis travis    880 Aug  1 15:25 ModularCodeGen3_A1_B1.mk
-rw-rw-r--   1 travis travis   1330 Aug  1 15:25 ModularCodeGen3_A1_B1_profile.class
-rw-rw-r--   1 travis travis   1274 Aug  1 15:25 ModularCodeGen3_A1_B1_profile.java
-rw-rw-r--   1 travis travis   3973 Aug  1 15:26 ModularCodeGen3_A1_B2.class
-rw-rw-r--   1 travis travis   9958 Aug  1 15:26 ModularCodeGen3_A1_B2.java
-rw-rw-r--   1 travis travis    880 Aug  1 15:26 ModularCodeGen3_A1_B2.mk
-rw-rw-r--   1 travis travis   1330 Aug  1 15:26 ModularCodeGen3_A1_B2_profile.class
-rw-rw-r--   1 travis travis   1274 Aug  1 15:25 ModularCodeGen3_A1_B2_profile.java
-rw-rw-r--   1 travis travis   5193 Aug  1 15:26 ModularCodeGen3_A1.class
-rw-rw-r--   1 travis travis  15564 Aug  1 15:26 ModularCodeGen3_A1.java
-rw-rw-r--   1 travis travis    856 Aug  1 15:26 ModularCodeGen3_A1.mk
-rw-rw-r--   1 travis travis   1445 Aug  1 15:26 ModularCodeGen3_A1_profile.class
-rw-rw-r--   1 travis travis   1716 Aug  1 15:26 ModularCodeGen3_A1_profile.java
-rw-rw-r--   1 travis travis   4119 Aug  1 15:26 ModularCodeGen3_A2_B1.class
-rw-rw-r--   1 travis travis  10955 Aug  1 15:26 ModularCodeGen3_A2_B1.java
-rw-rw-r--   1 travis travis    880 Aug  1 15:26 ModularCodeGen3_A2_B1.mk
-rw-rw-r--   1 travis travis   1393 Aug  1 15:26 ModularCodeGen3_A2_B1_profile.class
-rw-rw-r--   1 travis travis   1458 Aug  1 15:26 ModularCodeGen3_A2_B1_profile.java
-rw-rw-r--   1 travis travis   3973 Aug  1 15:26 ModularCodeGen3_A2_B2.class
-rw-rw-r--   1 travis travis   9958 Aug  1 15:26 ModularCodeGen3_A2_B2.java
-rw-rw-r--   1 travis travis    880 Aug  1 15:26 ModularCodeGen3_A2_B2.mk
-rw-rw-r--   1 travis travis   1330 Aug  1 15:26 ModularCodeGen3_A2_B2_profile.class
-rw-rw-r--   1 travis travis   1274 Aug  1 15:26 ModularCodeGen3_A2_B2_profile.java
-rw-rw-r--   1 travis travis   5270 Aug  1 15:26 ModularCodeGen3_A2.class
-rw-rw-r--   1 travis travis  15957 Aug  1 15:26 ModularCodeGen3_A2.java
-rw-rw-r--   1 travis travis    856 Aug  1 15:26 ModularCodeGen3_A2.mk
-rw-rw-r--   1 travis travis   1445 Aug  1 15:26 ModularCodeGen3_A2_profile.class
-rw-rw-r--   1 travis travis   1716 Aug  1 15:26 ModularCodeGen3_A2_profile.java
-rw-rw-r--   1 travis travis   4026 Aug  1 15:26 ModularCodeGen4_A1_B1.class
-rw-rw-r--   1 travis travis  10312 Aug  1 15:26 ModularCodeGen4_A1_B1.java
-rw-rw-r--   1 travis travis    880 Aug  1 15:26 ModularCodeGen4_A1_B1.mk
-rw-rw-r--   1 travis travis   1330 Aug  1 15:26 ModularCodeGen4_A1_B1_profile.class
-rw-rw-r--   1 travis travis   1273 Aug  1 15:26 ModularCodeGen4_A1_B1_profile.java
-rw-rw-r--   1 travis travis   4026 Aug  1 15:26 ModularCodeGen4_A1_B2.class
-rw-rw-r--   1 travis travis  10312 Aug  1 15:26 ModularCodeGen4_A1_B2.java
-rw-rw-r--   1 travis travis    880 Aug  1 15:26 ModularCodeGen4_A1_B2.mk
-rw-rw-r--   1 travis travis   1330 Aug  1 15:26 ModularCodeGen4_A1_B2_profile.class
-rw-rw-r--   1 travis travis   1273 Aug  1 15:26 ModularCodeGen4_A1_B2_profile.java
-rw-rw-r--   1 travis travis   5333 Aug  1 15:26 ModularCodeGen4_A1.class
-rw-rw-r--   1 travis travis  16245 Aug  1 15:26 ModularCodeGen4_A1.java
-rw-rw-r--   1 travis travis    856 Aug  1 15:26 ModularCodeGen4_A1.mk
-rw-rw-r--   1 travis travis   1445 Aug  1 15:26 ModularCodeGen4_A1_profile.class
-rw-rw-r--   1 travis travis   1712 Aug  1 15:26 ModularCodeGen4_A1_profile.java
-rw-rw-r--   1 travis travis   4220 Aug  1 15:26 ModularCodeGen4_A2_B1.class
-rw-rw-r--   1 travis travis  11375 Aug  1 15:26 ModularCodeGen4_A2_B1.java
-rw-rw-r--   1 travis travis    880 Aug  1 15:26 ModularCodeGen4_A2_B1.mk
-rw-rw-r--   1 travis travis   1393 Aug  1 15:26 ModularCodeGen4_A2_B1_profile.class
-rw-rw-r--   1 travis travis   1454 Aug  1 15:26 ModularCodeGen4_A2_B1_profile.java
-rw-rw-r--   1 travis travis   4074 Aug  1 15:26 ModularCodeGen4_A2_B2.class
-rw-rw-r--   1 travis travis  10378 Aug  1 15:26 ModularCodeGen4_A2_B2.java
-rw-rw-r--   1 travis travis    880 Aug  1 15:26 ModularCodeGen4_A2_B2.mk
-rw-rw-r--   1 travis travis   1330 Aug  1 15:26 ModularCodeGen4_A2_B2_profile.class
-rw-rw-r--   1 travis travis   1270 Aug  1 15:26 ModularCodeGen4_A2_B2_profile.java
-rw-rw-r--   1 travis travis   5506 Aug  1 15:26 ModularCodeGen4_A2.class
-rw-rw-r--   1 travis travis  16770 Aug  1 15:26 ModularCodeGen4_A2.java
-rw-rw-r--   1 travis travis    856 Aug  1 15:26 ModularCodeGen4_A2.mk
-rw-rw-r--   1 travis travis   1445 Aug  1 15:26 ModularCodeGen4_A2_profile.class
-rw-rw-r--   1 travis travis   1712 Aug  1 15:26 ModularCodeGen4_A2_profile.java
-rw-rw-r--   1 travis travis   7070 Aug  1 15:26 ModularCodeGen5_A_A.class
-rw-rw-r--   1 travis travis  28721 Aug  1 15:26 ModularCodeGen5_A_A.java
-rw-rw-r--   1 travis travis    864 Aug  1 15:26 ModularCodeGen5_A_A.mk
-rw-rw-r--   1 travis travis   1520 Aug  1 15:26 ModularCodeGen5_A_A_profile.class
-rw-rw-r--   1 travis travis   1815 Aug  1 15:26 ModularCodeGen5_A_A_profile.java
-rw-rw-r--   1 travis travis   5347 Aug  1 15:26 ModularCodeGen5_A.class
-rw-rw-r--   1 travis travis  13769 Aug  1 15:26 ModularCodeGen5_A.java
-rw-rw-r--   1 travis travis    848 Aug  1 15:26 ModularCodeGen5_A.mk
-rw-rw-r--   1 travis travis   1422 Aug  1 15:26 ModularCodeGen5_A_profile.class
-rw-rw-r--   1 travis travis   1605 Aug  1 15:26 ModularCodeGen5_A_profile.java
-rw-rw-r--   1 travis travis   4357 Aug  1 15:26 ModularCodeGen6_A_A2.class
-rw-rw-r--   1 travis travis  11329 Aug  1 15:26 ModularCodeGen6_A_A2.java
-rw-rw-r--   1 travis travis    872 Aug  1 15:26 ModularCodeGen6_A_A2.mk
-rw-rw-r--   1 travis travis   1351 Aug  1 15:26 ModularCodeGen6_A_A2_profile.class
-rw-rw-r--   1 travis travis   1364 Aug  1 15:26 ModularCodeGen6_A_A2_profile.java
-rw-rw-r--   1 travis travis   4340 Aug  1 15:26 ModularCodeGen6_A_A.class
-rw-rw-r--   1 travis travis  11221 Aug  1 15:26 ModularCodeGen6_A_A.java
-rw-rw-r--   1 travis travis    864 Aug  1 15:26 ModularCodeGen6_A_A.mk
-rw-rw-r--   1 travis travis   1348 Aug  1 15:26 ModularCodeGen6_A_A_profile.class
-rw-rw-r--   1 travis travis   1361 Aug  1 15:26 ModularCodeGen6_A_A_profile.java
-rw-rw-r--   1 travis travis   7469 Aug  1 15:26 ModularCodeGen6_A.class
-rw-rw-r--   1 travis travis  26535 Aug  1 15:26 ModularCodeGen6_A.java
-rw-rw-r--   1 travis travis    848 Aug  1 15:26 ModularCodeGen6_A.mk
-rw-rw-r--   1 travis travis   1483 Aug  1 15:26 ModularCodeGen6_A_profile.class
-rw-rw-r--   1 travis travis   1810 Aug  1 15:26 ModularCodeGen6_A_profile.java
-rw-rw-r--   1 travis travis   9633 Aug  1 15:26 ModularCodeGenLazyPubSubGlobal_CompositeActor_ModularCodeGenTypedComposite.class
-rw-rw-r--   1 travis travis  30161 Aug  1 15:26 ModularCodeGenLazyPubSubGlobal_CompositeActor_ModularCodeGenTypedComposite.java
-rw-rw-r--   1 travis travis   1304 Aug  1 15:26 ModularCodeGenLazyPubSubGlobal_CompositeActor_ModularCodeGenTypedComposite.mk
-rw-rw-r--   1 travis travis   1438 Aug  1 15:26 ModularCodeGenLazyPubSubGlobal_CompositeActor_ModularCodeGenTypedComposite_profile.class
-rw-rw-r--   1 travis travis   1384 Aug  1 15:26 ModularCodeGenLazyPubSubGlobal_CompositeActor_ModularCodeGenTypedComposite_profile.java
-rw-rw-r--   1 travis travis   4184 Aug  1 15:26 ModularCodeGenLazyPubSub_LazyCompositeActor.class
-rw-rw-r--   1 travis travis  11122 Aug  1 15:26 ModularCodeGenLazyPubSub_LazyCompositeActor.java
-rw-rw-r--   1 travis travis   1056 Aug  1 15:26 ModularCodeGenLazyPubSub_LazyCompositeActor.mk
-rw-rw-r--   1 travis travis   1286 Aug  1 15:26 ModularCodeGenLazyPubSub_LazyCompositeActor_profile.class
-rw-rw-r--   1 travis travis   1091 Aug  1 15:26 ModularCodeGenLazyPubSub_LazyCompositeActor_profile.java
-rw-rw-r--   1 travis travis   4186 Aug  1 15:25 ModularCodeGen_ModularCodeGenTypedCompositeActor.class
-rw-rw-r--   1 travis travis  10970 Aug  1 15:25 ModularCodeGen_ModularCodeGenTypedCompositeActor.java
-rw-rw-r--   1 travis travis   1096 Aug  1 15:25 ModularCodeGen_ModularCodeGenTypedCompositeActor.mk
-rw-rw-r--   1 travis travis   1384 Aug  1 15:25 ModularCodeGen_ModularCodeGenTypedCompositeActor_profile.class
-rw-rw-r--   1 travis travis   1328 Aug  1 15:25 ModularCodeGen_ModularCodeGenTypedCompositeActor_profile.java
-rw-rw-r--   1 travis travis   1128 Aug  1 15:26 ModularCodeGenPubSub2_A1_A_profile.java
-rw-rw-r--   1 travis travis   3707 Aug  1 15:26 ModularCodeGenPubSub_A1.class
-rw-rw-r--   1 travis travis   9060 Aug  1 15:26 ModularCodeGenPubSub_A1.java
-rw-rw-r--   1 travis travis    896 Aug  1 15:26 ModularCodeGenPubSub_A1.mk
-rw-rw-r--   1 travis travis   1278 Aug  1 15:26 ModularCodeGenPubSub_A1_profile.class
-rw-rw-r--   1 travis travis   1195 Aug  1 15:26 ModularCodeGenPubSub_A1_profile.java
-rw-rw-r--   1 travis travis   3724 Aug  1 15:25 ModularCodeGenTest_A1_A2.class
-rw-rw-r--   1 travis travis   9164 Aug  1 15:25 ModularCodeGenTest_A1_A2.java
-rw-rw-r--   1 travis travis   1306 Aug  1 15:25 ModularCodeGenTest_A1_A2_profile.class
-rw-rw-r--   1 travis travis   4055 Aug  1 15:25 ModularCodeGenTest_A1.class
-rw-rw-r--   1 travis travis   9968 Aug  1 15:25 ModularCodeGenTest_A1.java
-rw-rw-r--   1 travis travis    880 Aug  1 15:25 ModularCodeGenTest_A1.mk
-rw-rw-r--   1 travis travis   1352 Aug  1 15:25 ModularCodeGenTest_A1_profile.class
-rw-rw-r--   1 travis travis   1394 Aug  1 15:25 ModularCodeGenTest_A1_profile.java
drwxrwxr-x   3 travis travis  32768 Aug  1 15:24 modulation2
drwxrwxr-x 183 travis travis  12288 Aug  1 15:25 node_modules
drwxrwxr-x   3 travis travis  20480 Aug  1 15:21 PhaseUnwrap
drwxrwxr-x   3 travis travis  12288 Aug  1 15:21 ReadFile1
-rw-rw-r--   1 travis travis     11 Aug  1 15:21 ReadFile1Output.txt
-rw-rw-r--   1 travis travis  13773 Aug  1 15:24 Repeat.class
-rw-rw-r--   1 travis travis    685 Aug  1 15:24 Repeat$_fireFunction_Repeat_Repeat$__f_sL_11.class
-rw-rw-r--   1 travis travis    541 Aug  1 15:24 Repeat$_fireFunction_Repeat_Repeat$__f_sL_12.class
-rw-rw-r--   1 travis travis    541 Aug  1 15:24 Repeat$_fireFunction_Repeat_Repeat$__f_sL_13.class
-rw-rw-r--   1 travis travis    541 Aug  1 15:24 Repeat$_fireFunction_Repeat_Repeat$__f_sL_14.class
-rw-rw-r--   1 travis travis    684 Aug  1 15:24 Repeat$_fireFunction_Repeat_Repeat$__f_sL_1.class
-rw-rw-r--   1 travis travis    683 Aug  1 15:24 Repeat$_fireFunction_Repeat_Repeat$__f_sL_4.class
-rw-rw-r--   1 travis travis    539 Aug  1 15:24 Repeat$_fireFunction_Repeat_Repeat$__f_sL_9.class
-rw-rw-r--   1 travis travis    494 Aug  1 15:24 Repeat$_initialize_Repeat$__i_sL_2.class
-rw-rw-r--   1 travis travis   1281 Aug  1 15:24 Repeat.mk
-rw-rw-r--   1 travis travis    539 Aug  1 15:24 Repeat$_preinitializeMethod_Repeat$__p_sL_0.class
-rw-rw-r--   1 travis travis   1102 Aug  1 15:24 Repeat$_Repeat$_fireFunction_Repeat_AddSubtract_Repeat.class
-rw-rw-r--   1 travis travis    810 Aug  1 15:24 Repeat$_Repeat$_fireFunction_Repeat_AddSubtract_Repeat$__f_sL_0.class
-rw-rw-r--   1 travis travis    928 Aug  1 15:24 Repeat$_Repeat$_fireFunction_Repeat_AddSubtract_Repeat$__f_sL_1.class
-rw-rw-r--   1 travis travis    934 Aug  1 15:24 Repeat$_Repeat$_fireFunction_Repeat_AddSubtract_Repeat$__f_sL_2.class
-rw-rw-r--   1 travis travis    862 Aug  1 15:24 Repeat$_Repeat$_fireFunction_Repeat_AddSubtract_Repeat$__f_sL_3.class
-rw-rw-r--   1 travis travis    757 Aug  1 15:24 Repeat$_Repeat$_fireFunction_Repeat_Ramp2_Repeat$__f_sL_0.class
-rw-rw-r--   1 travis travis    888 Aug  1 15:24 Repeat$_Repeat$_fireFunction_Repeat_Test_Repeat$__f_sL_0.class
-rw-rw-r--   1 travis travis    634 Aug  1 15:24 Repeat$_Repeat$_fireFunction_Repeat_Test_Repeat$__f_sL_1.class
-rw-rw-r--   1 travis travis    704 Aug  1 15:24 Repeat$_Repeat_SDF_Director_run_Repeat$__R_sL_0.class
-rw-rw-r--   1 travis travis    705 Aug  1 15:24 Repeat$_Repeat_SDF_Director_run_Repeat$__R_sL_11.class
-rw-rw-r--   1 travis travis    561 Aug  1 15:24 Repeat$_Repeat_SDF_Director_run_Repeat$__R_sL_13.class
-rw-rw-r--   1 travis travis    559 Aug  1 15:24 Repeat$_Repeat_SDF_Director_run_Repeat$__R_sL_2.class
-rw-rw-r--   1 travis travis    703 Aug  1 15:24 Repeat$_Repeat_SDF_Director_run_Repeat$__R_sL_3.class
-rw-rw-r--   1 travis travis    559 Aug  1 15:24 Repeat$_Repeat_SDF_Director_run_Repeat$__R_sL_5.class
-rw-rw-r--   1 travis travis    559 Aug  1 15:24 Repeat$_Repeat_SDF_Director_run_Repeat$__R_sL_8.class
drwxrwxr-x   2 travis travis   4096 Aug  1 15:24 RepeatVariables
-rw-rw-r--   1 travis travis    882 Aug  1 15:24 Repeat$_varinit_Repeat.class
-rw-rw-r--   1 travis travis    550 Aug  1 15:24 Repeat$_varinit_Repeat$__v_sL_2.class
-rw-rw-r--   1 travis travis    924 Aug  1 15:24 Repeat$_varinit_Repeat$__v_sL_4.class
-rw-rw-r--   1 travis travis    978 Aug  1 15:24 Repeat$_wrapup_Repeat$__w_sL_1.class
drwxrwxr-x   3 travis travis  20480 Aug  1 15:21 Sinewave
drwxrwxr-x   3 travis travis  32768 Aug  1 15:23 StringFunction
drwxrwxr-x   3 travis travis  12288 Aug  1 15:23 StringLength
drwxrwxr-x   3 travis travis  61440 Aug  1 15:23 StringMatches2
drwxrwxr-x   3 travis travis  61440 Aug  1 15:23 StringSimpleReplace
drwxrwxr-x   3 travis travis  65536 Aug  1 15:23 StringSubstring
drwxrwxr-x   3 travis travis  24576 Aug  1 15:24 StringSubstring2
drwxrwxr-x   3 travis travis  16384 Aug  1 15:24 time1
drwxrwxr-x   3 travis travis  12288 Aug  1 15:24 time5
-rw-rw-r--   1 travis travis    432 Aug  1 15:26 Token.class
-rw-rw-r--   1 travis travis    251 Aug  1 15:26 Token.java
-rwxrwxr-x   1 travis travis 466992 Aug  1 15:18 top
-rw-rw-r--   1 travis travis  20502 Aug  1 15:18 top.c
-rw-rw-r--   1 travis travis   3799 Aug  1 15:24 top.class
-rw-rw-r--   1 travis travis   1257 Aug  1 15:24 top.mk
All Done
Writing ModularCodeGenPubSub2_A1_A.java in file:/home/travis/cg/ (8578 characters)
Reading "ptolemy/cg/kernel/generic/program/procedural/java/modular/makefile.in",
    writing "/home/travis/cg/ModularCodeGenPubSub2_A1_A.mk"
Using ptolemy/cg/kernel/generic/program/procedural/java/modular/makefile.in
In "/home/travis/cg", about to execute:
    make -f ModularCodeGenPubSub2_A1_A.mk
javac -classpath ".:.."    ModularCodeGenPubSub2_A1_A.java
All Done
In "/home/travis/cg", about to execute:
    pwd
/home/travis/cg
In "/home/travis/cg", about to execute:
    ls -l
total 2464
drwxrwxr-x   3 travis travis  12288 Aug  1 15:20 AbsoluteValue
drwxrwxr-x   3 travis travis 102400 Aug  1 15:19 AllColt
-rw-rw-r--   1 travis travis    233 Aug  1 15:26 Array.class
-rw-rw-r--   1 travis travis    459 Aug  1 15:26 Array.java
drwxrwxr-x   3 travis travis  12288 Aug  1 15:19 Case1
-rw-rw-r--   1 travis travis   5128 Aug  1 15:25 CompiledCompositeActor_CompiledCompositeActor.class
-rw-rw-r--   1 travis travis   1611 Aug  1 15:25 CompiledCompositeActor_CompiledCompositeActor$_CompiledCompositeActor_CompiledCompositeActor.class
-rw-rw-r--   1 travis travis  13466 Aug  1 15:25 CompiledCompositeActor_CompiledCompositeActor.java
-rw-rw-r--   1 travis travis   1593 Aug  1 15:25 CompiledCompositeActor_CompiledCompositeActor.mk
drwxrwxr-x   5 travis travis   4096 Aug  1 15:18 fmi
drwxrwxr-x   3 travis travis  16384 Aug  1 15:20 Gaussian2
-rw-rw-r--   1 travis travis   4684 Aug  1 15:25 JavaCompiledCompositeTest1_CompiledCompositeActor.class
-rw-rw-r--   1 travis travis  11637 Aug  1 15:25 JavaCompiledCompositeTest1_CompiledCompositeActor.java
-rw-rw-r--   1 travis travis   1217 Aug  1 15:25 JavaCompiledCompositeTest1_CompiledCompositeActor$_JavaCompiledCompositeTest1_CompiledCompositeActor.class
-rw-rw-r--   1 travis travis   1625 Aug  1 15:25 JavaCompiledCompositeTest1_CompiledCompositeActor.mk
-rw-rw-r--   1 travis travis   5115 Aug  1 15:25 JavaCompiledCompositeTest2_CompiledCompositeActor.class
-rw-rw-r--   1 travis travis  14919 Aug  1 15:25 JavaCompiledCompositeTest2_CompiledCompositeActor.java
-rw-rw-r--   1 travis travis   1812 Aug  1 15:25 JavaCompiledCompositeTest2_CompiledCompositeActor$_JavaCompiledCompositeTest2_CompiledCompositeActor.class
-rw-rw-r--   1 travis travis   1625 Aug  1 15:25 JavaCompiledCompositeTest2_CompiledCompositeActor.mk
-rw-rw-r--   1 travis travis   4732 Aug  1 15:25 JavaCompiledCompositeTest3_CompiledCompositeActor.class
-rw-rw-r--   1 travis travis  13080 Aug  1 15:25 JavaCompiledCompositeTest3_CompiledCompositeActor.java
-rw-rw-r--   1 travis travis   1397 Aug  1 15:25 JavaCompiledCompositeTest3_CompiledCompositeActor$_JavaCompiledCompositeTest3_CompiledCompositeActor.class
-rw-rw-r--   1 travis travis   1625 Aug  1 15:25 JavaCompiledCompositeTest3_CompiledCompositeActor.mk
-rw-rw-r--   1 travis travis   4183 Aug  1 15:25 JavaCompiledCompositeTest4_CompiledCompositeActor.class
-rw-rw-r--   1 travis travis   9687 Aug  1 15:25 JavaCompiledCompositeTest4_CompiledCompositeActor.java
-rw-rw-r--   1 travis travis    876 Aug  1 15:25 JavaCompiledCompositeTest4_CompiledCompositeActor$_JavaCompiledCompositeTest4_CompiledCompositeActor.class
-rw-rw-r--   1 travis travis   1625 Aug  1 15:25 JavaCompiledCompositeTest4_CompiledCompositeActor.mk
drwxrwxr-x   3 travis travis  12288 Aug  1 15:20 LookupTable
drwxrwxr-x   3 travis travis  20480 Aug  1 15:20 MaxIndex
-rw-rw-r--   1 travis travis   3925 Aug  1 15:25 ModularCG_A1_B1.class
-rw-rw-r--   1 travis travis   9730 Aug  1 15:25 ModularCG_A1_B1.java
In "/home/travis/cg", about to execute:
-rw-rw-r--   1 travis travis    832 Aug  1 15:25 ModularCG_A1_B1.mk
-rw-rw-r--   1 travis travis   1318 Aug  1 15:25 ModularCG_A1_B1_profile.class
-rw-rw-r--   1 travis travis   1262 Aug  1 15:25 ModularCG_A1_B1_profile.java
-rw-rw-r--   1 travis travis   3925 Aug  1 15:25 ModularCG_A1_B2.class
-rw-rw-r--   1 travis travis   9730 Aug  1 15:25 ModularCG_A1_B2.java
-rw-rw-r--   1 travis travis    832 Aug  1 15:25 ModularCG_A1_B2.mk
-rw-rw-r--   1 travis travis   1318 Aug  1 15:25 ModularCG_A1_B2_profile.class
-rw-rw-r--   1 travis travis   1262 Aug  1 15:25 ModularCG_A1_B2_profile.java
-rw-rw-r--   1 travis travis   5031 Aug  1 15:25 ModularCG_A1.class
-rw-rw-r--   1 travis travis  14742 Aug  1 15:25 ModularCG_A1.java
-rw-rw-r--   1 travis travis    808 Aug  1 15:25 ModularCG_A1.mk
-rw-rw-r--   1 travis travis   1433 Aug  1 15:25 ModularCG_A1_profile.class
-rw-rw-r--   1 travis travis   1704 Aug  1 15:25 ModularCG_A1_profile.java
-rw-rw-r--   1 travis travis   4059 Aug  1 15:25 ModularCG_A2_B1.class
-rw-rw-r--   1 travis travis  10667 Aug  1 15:25 ModularCG_A2_B1.java
-rw-rw-r--   1 travis travis    832 Aug  1 15:25 ModularCG_A2_B1.mk
    javac -classpath
.:/home/travis/build/icyphy/ptII:/home/travis/build/icyphy/ptII/lib/bsh-2.0b4.j
ar:/home/travis/build/icyphy/ptII/lib/ptCal.jar:/home/travis/build/icyphy/ptII/
lib/java_cup.jar:/home/travis/build/icyphy/ptII/lib/saxon8.jar:/home/travis/bui
ld/icyphy/ptII/lib/saxon8-dom.jar:/home/travis/build/icyphy/ptII/lib/chic.jar:/
home/travis/build/icyphy/ptII/lib/ptcolt.jar:/home/travis/build/icyphy/ptII/ven
dors/misc/itext/iText.jar:/home/travis/build/icyphy/ptII/lib/g4ltl.jar:/home/tr
avis/build/icyphy/ptII/lib/StructuralCoder.jar:/home/travis/build/icyphy/ptII/l
ib/jcerti.jar:/home/travis/build/icyphy/ptII/lib/javax.mail.jar:/home/travis/bu
ild/icyphy/ptII/vendors/JMF-2.1.1e/lib/jmf.jar:/home/travis/build/icyphy/ptII/l
ib/jna-4.0.0-variadic.jar:/home/travis/build/icyphy/ptII/vendors/misc/joystick/
Joystick.jar:/home/travis/build/icyphy/ptII/lib/ptjacl.jar:/home/travis/build/i
cyphy/ptII/lib/jsoup-1.8.2.jar:/home/travis/build/icyphy/ptII/lib/junit-4.8.2.j
ar:/home/travis/build/icyphy/ptII/lib/JUnitParams-0.4.0.jar:/home/travis/build/
icyphy/ptII/ptolemy/actor/lib/excel/jxl.jar:/home/travis/build/icyphy/ptII/lib/
jython.jar:/home/travis/build/icyphy/ptII/lib/kieler.jar:/home/travis/build/icy
phy/ptII/vendors/opencv/share/OpenCV/java/opencv-341.jar:/home/travis/build/icy
phy/ptII/lib/oscP5.jar:/home/travis/build/icyphy/ptII/lib/nrjavaserial-3.11.0.d
evel.jar:/home/travis/build/icyphy/ptII/vendors/j3d/lib/Linux/j3dcore.jar:/home
/travis/build/icyphy/ptII/vendors/j3d/lib/Linux/j3dutils.jar:/home/travis/build
/icyphy/ptII/vendors/j3d/lib/Linux/vecmath.jar:/home/travis/build/icyphy/ptII/v
endors/jogl/lib/Linux/gluegen-rt-natives-linux-amd64.jar:/home/travis/build/icy
phy/ptII/vendors/jogl/lib/Linux/gluegen-rt.jar:/home/travis/build/icyphy/ptII/v
endors/jogl/lib/Linux/jogl-all-natives-linux-amd64.jar:/home/travis/build/icyph
y/ptII/vendors/jogl/lib/Linux/jogl-all.jar:/home/travis/build/icyphy/ptII/ptole
my/distributed/jini/jar/jini-core.jar:/home/travis/build/icyphy/ptII/ptolemy/di
stributed/jini/jar/jini-ext.jar:/home/travis/build/icyphy/ptII/ptolemy/distribu
ted/jini/jar/sun-util.jar:/home/travis/build/icyphy/ptII/lib/protobuf-java-2.4.
1.jar:/home/travis/build/icyphy/ptII/lib/org.eclipse.paho.client.mqttv3.jar:/ho
me/travis/build/icyphy/ptII/lib/mapss.jar:/home/travis/build/icyphy/ptII/ptolem
y/actor/ptalon/antlr/antlr.jar:/home/travis/build/icyphy/ptII/lib/JRI.jar:/home
/travis/build/icyphy/ptII/lib/commons-lang-2.6.jar:/home/travis/build/icyphy/pt
II/lib/commons-logging-1.1.1.jar:/home/travis/build/icyphy/ptII/lib/sootclasses
.jar:/home/travis/build/icyphy/ptII/ptolemy/actor/lib/database/mysql-connector-
java-5.1.6-bin.jar:/home/travis/build/icyphy/ptII/vendors/misc/sphinx4/sphinx4-
data-5prealpha.jar:/home/travis/build/icyphy/ptII/vendors/misc/sphinx4/sphinx4-
core-5prealpha.jar:/home/travis/build/icyphy/ptII/lib/PDFRenderer.jar:/home/tra
vis/build/icyphy/ptII/lib/svgSalamander.jar:/home/travis/build/icyphy/ptII/lib/
rsyntaxtextarea-2.6.0-SNAPSHOT.jar:/home/travis/build/icyphy/ptII/lib/hazelcast
-3.8.2.jar:/home/travis/build/icyphy/ptII/lib/jackson-annotations-2.9.0.jar:/ho
me/travis/build/icyphy/ptII/lib/jackson-core-2.9.3.jar:/home/travis/build/icyph
y/ptII/lib/jackson-databind-2.9.3.jar:/home/travis/build/icyphy/ptII/lib/netty-
buffer-4.1.19.Final.jar:/home/travis/build/icyphy/ptII/lib/netty-codec-4.1.19.F
inal.jar:/home/travis/build/icyphy/ptII/lib/netty-codec-dns-4.1.19.Final.jar:/h
ome/travis/build/icyphy/ptII/lib/netty-codec-http-4.1.19.Final.jar:/home/travis
/build/icyphy/ptII/lib/netty-codec-http2-4.1.19.Final.jar:/home/travis/build/ic
yphy/ptII/lib/netty-common-4.1.19.Final.jar:/home/travis/build/icyphy/ptII/lib/
netty-handler-4.1.19.Final.jar:/home/travis/build/icyphy/ptII/lib/netty-resolve
r-4.1.19.Final.jar:/home/travis/build/icyphy/ptII/lib/netty-resolver-dns-4.1.19
.Final.jar:/home/travis/build/icyphy/ptII/lib/netty-transport-4.1.19.Final.jar:
/home/travis/build/icyphy/ptII/lib/vertx-codegen-3.5.1.jar:/home/travis/build/i
cyphy/ptII/lib/vertx-core-3.5.2-SNAPSHOT.jar:/home/travis/build/icyphy/ptII/lib
/vertx-hazelcast-3.5.1.jar:/home/travis/build/icyphy/ptII/lib/vertx-lang-js-3.5
.1.jar:/home/travis/build/icyphy/ptII/lib/vertx-service-proxy-3.5.1.jar:/home/t
ravis/build/icyphy/ptII/lib/vertx-web-3.5.1.jar:/home/travis/build/icyphy/ptII/
lib/slf4j-api-1.7.13.jar:/home/travis/build/icyphy/ptII/lib/slf4j-simple-1.7.13
.jar:/home/travis/build/icyphy/ptII/lib/webcam-capture-0.3.12.jar:/home/travis/
build/icyphy/ptII/lib/bridj-0.7.0.jar:/home/travis/build/icyphy/ptII/lib/xbjlib
-1.1.0.nrjavaserial.jar:/home/travis/build/icyphy/ptII/ptolemy/moml/test:/home/
travis/build/icyphy/ptII/ant/lib/ant-launcher.jar:/home/travis/build/icyphy/ptI
I/ant/lib/ant.jar:/home/travis/build/icyphy/ptII/ant/lib/ant-junit.jar:/home/tr
avis/build/icyphy/ptII/ant/lib/ant-junit4.jar:/home/travis/build/icyphy/ptII
ModularCodeGenPubSub2_A1_profile.java
-rw-rw-r--   1 travis travis   1381 Aug  1 15:25 ModularCG_A2_B1_profile.class
-rw-rw-r--   1 travis travis   1446 Aug  1 15:25 ModularCG_A2_B1_profile.java
-rw-rw-r--   1 travis travis   3925 Aug  1 15:25 ModularCG_A2_B2.class
-rw-rw-r--   1 travis travis   9730 Aug  1 15:25 ModularCG_A2_B2.java
-rw-rw-r--   1 travis travis    832 Aug  1 15:25 ModularCG_A2_B2.mk
-rw-rw-r--   1 travis travis   1318 Aug  1 15:25 ModularCG_A2_B2_profile.class
-rw-rw-r--   1 travis travis   1262 Aug  1 15:25 ModularCG_A2_B2_profile.java
-rw-rw-r--   1 travis travis   5102 Aug  1 15:25 ModularCG_A2.class
-rw-rw-r--   1 travis travis  15129 Aug  1 15:25 ModularCG_A2.java
-rw-rw-r--   1 travis travis    808 Aug  1 15:25 ModularCG_A2.mk
-rw-rw-r--   1 travis travis   1433 Aug  1 15:25 ModularCG_A2_profile.class
-rw-rw-r--   1 travis travis   1704 Aug  1 15:25 ModularCG_A2_profile.java
-rw-rw-r--   1 travis travis   3705 Aug  1 15:25 ModularCGPubSub_A1_A2.class
-rw-rw-r--   1 travis travis   9076 Aug  1 15:25 ModularCGPubSub_A1_A2.java
-rw-rw-r--   1 travis travis    880 Aug  1 15:25 ModularCGPubSub_A1_A2.mk
-rw-rw-r--   1 travis travis   1300 Aug  1 15:25 ModularCGPubSub_A1_A2_profile.class
-rw-rw-r--   1 travis travis   1222 Aug  1 15:25 ModularCGPubSub_A1_A2_profile.java
-rw-rw-r--   1 travis travis   4022 Aug  1 15:25 ModularCGPubSub_A1.class
-rw-rw-r--   1 travis travis   9836 Aug  1 15:25 ModularCGPubSub_A1.java
-rw-rw-r--   1 travis travis    856 Aug  1 15:25 ModularCGPubSub_A1.mk
-rw-rw-r--   1 travis travis   1346 Aug  1 15:25 ModularCGPubSub_A1_profile.class
-rw-rw-r--   1 travis travis   1388 Aug  1 15:25 ModularCGPubSub_A1_profile.java
-rw-rw-r--   1 travis travis   4220 Aug  1 15:25 ModularCodeGen2_ModularCodeGenTypedCompositeActor.class
-rw-rw-r--   1 travis travis  11690 Aug  1 15:25 ModularCodeGen2_ModularCodeGenTypedCompositeActor.java
-rw-rw-r--   1 travis travis   1104 Aug  1 15:25 ModularCodeGen2_ModularCodeGenTypedCompositeActor.mk
-rw-rw-r--   1 travis travis   4504 Aug  1 15:25 ModularCodeGen2_ModularCodeGenTypedCompositeActor_ModularCodeGenTypedCompositeActor.class
-rw-rw-r--   1 travis travis  11790 Aug  1 15:25 ModularCodeGen2_ModularCodeGenTypedCompositeActor_ModularCodeGenTypedCompositeActor.java
-rw-rw-r--   1 travis travis   1376 Aug  1 15:25 ModularCodeGen2_ModularCodeGenTypedCompositeActor_ModularCodeGenTypedCompositeActor.mk
-rw-rw-r--   1 travis travis   1421 Aug  1 15:25 ModularCodeGen2_ModularCodeGenTypedCompositeActor_ModularCodeGenTypedCompositeActor_profile.class
-rw-rw-r--   1 travis travis   1294 Aug  1 15:25 ModularCodeGen2_ModularCodeGenTypedCompositeActor_ModularCodeGenTypedCompositeActor_profile.java
-rw-rw-r--   1 travis travis    820 Aug  1 15:25 ModularCodeGen2_ModularCodeGenTypedCompositeActor_profile.class
-rw-rw-r--   1 travis travis    693 Aug  1 15:25 ModularCodeGen2_ModularCodeGenTypedCompositeActor_profile.java
-rw-rw-r--   1 travis travis   3973 Aug  1 15:25 ModularCodeGen3_A1_B1.class
-rw-rw-r--   1 travis travis   9958 Aug  1 15:25 ModularCodeGen3_A1_B1.java
-rw-rw-r--   1 travis travis    880 Aug  1 15:25 ModularCodeGen3_A1_B1.mk
-rw-rw-r--   1 travis travis   1330 Aug  1 15:25 ModularCodeGen3_A1_B1_profile.class
-rw-rw-r--   1 travis travis   1274 Aug  1 15:25 ModularCodeGen3_A1_B1_profile.java
-rw-rw-r--   1 travis travis   3973 Aug  1 15:26 ModularCodeGen3_A1_B2.class
-rw-rw-r--   1 travis travis   9958 Aug  1 15:26 ModularCodeGen3_A1_B2.java
-rw-rw-r--   1 travis travis    880 Aug  1 15:26 ModularCodeGen3_A1_B2.mk
-rw-rw-r--   1 travis travis   1330 Aug  1 15:26 ModularCodeGen3_A1_B2_profile.class
-rw-rw-r--   1 travis travis   1274 Aug  1 15:25 ModularCodeGen3_A1_B2_profile.java
-rw-rw-r--   1 travis travis   5193 Aug  1 15:26 ModularCodeGen3_A1.class
-rw-rw-r--   1 travis travis  15564 Aug  1 15:26 ModularCodeGen3_A1.java
-rw-rw-r--   1 travis travis    856 Aug  1 15:26 ModularCodeGen3_A1.mk
-rw-rw-r--   1 travis travis   1445 Aug  1 15:26 ModularCodeGen3_A1_profile.class
-rw-rw-r--   1 travis travis   1716 Aug  1 15:26 ModularCodeGen3_A1_profile.java
-rw-rw-r--   1 travis travis   4119 Aug  1 15:26 ModularCodeGen3_A2_B1.class
-rw-rw-r--   1 travis travis  10955 Aug  1 15:26 ModularCodeGen3_A2_B1.java
-rw-rw-r--   1 travis travis    880 Aug  1 15:26 ModularCodeGen3_A2_B1.mk
-rw-rw-r--   1 travis travis   1393 Aug  1 15:26 ModularCodeGen3_A2_B1_profile.class
-rw-rw-r--   1 travis travis   1458 Aug  1 15:26 ModularCodeGen3_A2_B1_profile.java
-rw-rw-r--   1 travis travis   3973 Aug  1 15:26 ModularCodeGen3_A2_B2.class
-rw-rw-r--   1 travis travis   9958 Aug  1 15:26 ModularCodeGen3_A2_B2.java
-rw-rw-r--   1 travis travis    880 Aug  1 15:26 ModularCodeGen3_A2_B2.mk
-rw-rw-r--   1 travis travis   1330 Aug  1 15:26 ModularCodeGen3_A2_B2_profile.class
-rw-rw-r--   1 travis travis   1274 Aug  1 15:26 ModularCodeGen3_A2_B2_profile.java
-rw-rw-r--   1 travis travis   5270 Aug  1 15:26 ModularCodeGen3_A2.class
-rw-rw-r--   1 travis travis  15957 Aug  1 15:26 ModularCodeGen3_A2.java
-rw-rw-r--   1 travis travis    856 Aug  1 15:26 ModularCodeGen3_A2.mk
-rw-rw-r--   1 travis travis   1445 Aug  1 15:26 ModularCodeGen3_A2_profile.class
-rw-rw-r--   1 travis travis   1716 Aug  1 15:26 ModularCodeGen3_A2_profile.java
-rw-rw-r--   1 travis travis   4026 Aug  1 15:26 ModularCodeGen4_A1_B1.class
-rw-rw-r--   1 travis travis  10312 Aug  1 15:26 ModularCodeGen4_A1_B1.java
-rw-rw-r--   1 travis travis    880 Aug  1 15:26 ModularCodeGen4_A1_B1.mk
-rw-rw-r--   1 travis travis   1330 Aug  1 15:26 ModularCodeGen4_A1_B1_profile.class
-rw-rw-r--   1 travis travis   1273 Aug  1 15:26 ModularCodeGen4_A1_B1_profile.java
-rw-rw-r--   1 travis travis   4026 Aug  1 15:26 ModularCodeGen4_A1_B2.class
-rw-rw-r--   1 travis travis  10312 Aug  1 15:26 ModularCodeGen4_A1_B2.java
-rw-rw-r--   1 travis travis    880 Aug  1 15:26 ModularCodeGen4_A1_B2.mk
-rw-rw-r--   1 travis travis   1330 Aug  1 15:26 ModularCodeGen4_A1_B2_profile.class
-rw-rw-r--   1 travis travis   1273 Aug  1 15:26 ModularCodeGen4_A1_B2_profile.java
-rw-rw-r--   1 travis travis   5333 Aug  1 15:26 ModularCodeGen4_A1.class
-rw-rw-r--   1 travis travis  16245 Aug  1 15:26 ModularCodeGen4_A1.java
-rw-rw-r--   1 travis travis    856 Aug  1 15:26 ModularCodeGen4_A1.mk
-rw-rw-r--   1 travis travis   1445 Aug  1 15:26 ModularCodeGen4_A1_profile.class
-rw-rw-r--   1 travis travis   1712 Aug  1 15:26 ModularCodeGen4_A1_profile.java
-rw-rw-r--   1 travis travis   4220 Aug  1 15:26 ModularCodeGen4_A2_B1.class
-rw-rw-r--   1 travis travis  11375 Aug  1 15:26 ModularCodeGen4_A2_B1.java
-rw-rw-r--   1 travis travis    880 Aug  1 15:26 ModularCodeGen4_A2_B1.mk
-rw-rw-r--   1 travis travis   1393 Aug  1 15:26 ModularCodeGen4_A2_B1_profile.class
-rw-rw-r--   1 travis travis   1454 Aug  1 15:26 ModularCodeGen4_A2_B1_profile.java
-rw-rw-r--   1 travis travis   4074 Aug  1 15:26 ModularCodeGen4_A2_B2.class
-rw-rw-r--   1 travis travis  10378 Aug  1 15:26 ModularCodeGen4_A2_B2.java
-rw-rw-r--   1 travis travis    880 Aug  1 15:26 ModularCodeGen4_A2_B2.mk
-rw-rw-r--   1 travis travis   1330 Aug  1 15:26 ModularCodeGen4_A2_B2_profile.class
-rw-rw-r--   1 travis travis   1270 Aug  1 15:26 ModularCodeGen4_A2_B2_profile.java
-rw-rw-r--   1 travis travis   5506 Aug  1 15:26 ModularCodeGen4_A2.class
-rw-rw-r--   1 travis travis  16770 Aug  1 15:26 ModularCodeGen4_A2.java
-rw-rw-r--   1 travis travis    856 Aug  1 15:26 ModularCodeGen4_A2.mk
-rw-rw-r--   1 travis travis   1445 Aug  1 15:26 ModularCodeGen4_A2_profile.class
-rw-rw-r--   1 travis travis   1712 Aug  1 15:26 ModularCodeGen4_A2_profile.java
-rw-rw-r--   1 travis travis   7070 Aug  1 15:26 ModularCodeGen5_A_A.class
-rw-rw-r--   1 travis travis  28721 Aug  1 15:26 ModularCodeGen5_A_A.java
-rw-rw-r--   1 travis travis    864 Aug  1 15:26 ModularCodeGen5_A_A.mk
-rw-rw-r--   1 travis travis   1520 Aug  1 15:26 ModularCodeGen5_A_A_profile.class
-rw-rw-r--   1 travis travis   1815 Aug  1 15:26 ModularCodeGen5_A_A_profile.java
-rw-rw-r--   1 travis travis   5347 Aug  1 15:26 ModularCodeGen5_A.class
-rw-rw-r--   1 travis travis  13769 Aug  1 15:26 ModularCodeGen5_A.java
-rw-rw-r--   1 travis travis    848 Aug  1 15:26 ModularCodeGen5_A.mk
-rw-rw-r--   1 travis travis   1422 Aug  1 15:26 ModularCodeGen5_A_profile.class
-rw-rw-r--   1 travis travis   1605 Aug  1 15:26 ModularCodeGen5_A_profile.java
-rw-rw-r--   1 travis travis   4357 Aug  1 15:26 ModularCodeGen6_A_A2.class
-rw-rw-r--   1 travis travis  11329 Aug  1 15:26 ModularCodeGen6_A_A2.java
-rw-rw-r--   1 travis travis    872 Aug  1 15:26 ModularCodeGen6_A_A2.mk
-rw-rw-r--   1 travis travis   1351 Aug  1 15:26 ModularCodeGen6_A_A2_profile.class
-rw-rw-r--   1 travis travis   1364 Aug  1 15:26 ModularCodeGen6_A_A2_profile.java
-rw-rw-r--   1 travis travis   4340 Aug  1 15:26 ModularCodeGen6_A_A.class
-rw-rw-r--   1 travis travis  11221 Aug  1 15:26 ModularCodeGen6_A_A.java
-rw-rw-r--   1 travis travis    864 Aug  1 15:26 ModularCodeGen6_A_A.mk
-rw-rw-r--   1 travis travis   1348 Aug  1 15:26 ModularCodeGen6_A_A_profile.class
-rw-rw-r--   1 travis travis   1361 Aug  1 15:26 ModularCodeGen6_A_A_profile.java
-rw-rw-r--   1 travis travis   7469 Aug  1 15:26 ModularCodeGen6_A.class
-rw-rw-r--   1 travis travis  26535 Aug  1 15:26 ModularCodeGen6_A.java
-rw-rw-r--   1 travis travis    848 Aug  1 15:26 ModularCodeGen6_A.mk
-rw-rw-r--   1 travis travis   1483 Aug  1 15:26 ModularCodeGen6_A_profile.class
-rw-rw-r--   1 travis travis   1810 Aug  1 15:26 ModularCodeGen6_A_profile.java
-rw-rw-r--   1 travis travis   9633 Aug  1 15:26 ModularCodeGenLazyPubSubGlobal_CompositeActor_ModularCodeGenTypedComposite.class
-rw-rw-r--   1 travis travis  30161 Aug  1 15:26 ModularCodeGenLazyPubSubGlobal_CompositeActor_ModularCodeGenTypedComposite.java
-rw-rw-r--   1 travis travis   1304 Aug  1 15:26 ModularCodeGenLazyPubSubGlobal_CompositeActor_ModularCodeGenTypedComposite.mk
-rw-rw-r--   1 travis travis   1438 Aug  1 15:26 ModularCodeGenLazyPubSubGlobal_CompositeActor_ModularCodeGenTypedComposite_profile.class
-rw-rw-r--   1 travis travis   1384 Aug  1 15:26 ModularCodeGenLazyPubSubGlobal_CompositeActor_ModularCodeGenTypedComposite_profile.java
-rw-rw-r--   1 travis travis   4184 Aug  1 15:26 ModularCodeGenLazyPubSub_LazyCompositeActor.class
-rw-rw-r--   1 travis travis  11122 Aug  1 15:26 ModularCodeGenLazyPubSub_LazyCompositeActor.java
-rw-rw-r--   1 travis travis   1056 Aug  1 15:26 ModularCodeGenLazyPubSub_LazyCompositeActor.mk
-rw-rw-r--   1 travis travis   1286 Aug  1 15:26 ModularCodeGenLazyPubSub_LazyCompositeActor_profile.class
-rw-rw-r--   1 travis travis   1091 Aug  1 15:26 ModularCodeGenLazyPubSub_LazyCompositeActor_profile.java
-rw-rw-r--   1 travis travis   4186 Aug  1 15:25 ModularCodeGen_ModularCodeGenTypedCompositeActor.class
-rw-rw-r--   1 travis travis  10970 Aug  1 15:25 ModularCodeGen_ModularCodeGenTypedCompositeActor.java
-rw-rw-r--   1 travis travis   1096 Aug  1 15:25 ModularCodeGen_ModularCodeGenTypedCompositeActor.mk
-rw-rw-r--   1 travis travis   1384 Aug  1 15:25 ModularCodeGen_ModularCodeGenTypedCompositeActor_profile.class
-rw-rw-r--   1 travis travis   1328 Aug  1 15:25 ModularCodeGen_ModularCodeGenTypedCompositeActor_profile.java
-rw-rw-r--   1 travis travis   3673 Aug  1 15:26 ModularCodeGenPubSub2_A1_A.class
-rw-rw-r--   1 travis travis   8578 Aug  1 15:26 ModularCodeGenPubSub2_A1_A.java
-rw-rw-r--   1 travis travis    920 Aug  1 15:26 ModularCodeGenPubSub2_A1_A.mk
-rw-rw-r--   1 travis travis   1274 Aug  1 15:26 ModularCodeGenPubSub2_A1_A_profile.class
-rw-rw-r--   1 travis travis   1128 Aug  1 15:26 ModularCodeGenPubSub2_A1_A_profile.java
-rw-rw-r--   1 travis travis   1196 Aug  1 15:26 ModularCodeGenPubSub2_A1_profile.java
-rw-rw-r--   1 travis travis   3707 Aug  1 15:26 ModularCodeGenPubSub_A1.class
-rw-rw-r--   1 travis travis   9060 Aug  1 15:26 ModularCodeGenPubSub_A1.java
-rw-rw-r--   1 travis travis    896 Aug  1 15:26 ModularCodeGenPubSub_A1.mk
-rw-rw-r--   1 travis travis   1278 Aug  1 15:26 ModularCodeGenPubSub_A1_profile.class
-rw-rw-r--   1 travis travis   1195 Aug  1 15:26 ModularCodeGenPubSub_A1_profile.java
-rw-rw-r--   1 travis travis   3724 Aug  1 15:25 ModularCodeGenTest_A1_A2.class
-rw-rw-r--   1 travis travis   9164 Aug  1 15:25 ModularCodeGenTest_A1_A2.java
-rw-rw-r--   1 travis travis   1306 Aug  1 15:25 ModularCodeGenTest_A1_A2_profile.class
-rw-rw-r--   1 travis travis   4055 Aug  1 15:25 ModularCodeGenTest_A1.class
-rw-rw-r--   1 travis travis   9968 Aug  1 15:25 ModularCodeGenTest_A1.java
-rw-rw-r--   1 travis travis    880 Aug  1 15:25 ModularCodeGenTest_A1.mk
-rw-rw-r--   1 travis travis   1352 Aug  1 15:25 ModularCodeGenTest_A1_profile.class
-rw-rw-r--   1 travis travis   1394 Aug  1 15:25 ModularCodeGenTest_A1_profile.java
drwxrwxr-x   3 travis travis  32768 Aug  1 15:24 modulation2
drwxrwxr-x 183 travis travis  12288 Aug  1 15:25 node_modules
drwxrwxr-x   3 travis travis  20480 Aug  1 15:21 PhaseUnwrap
drwxrwxr-x   3 travis travis  12288 Aug  1 15:21 ReadFile1
-rw-rw-r--   1 travis travis     11 Aug  1 15:21 ReadFile1Output.txt
-rw-rw-r--   1 travis travis  13773 Aug  1 15:24 Repeat.class
-rw-rw-r--   1 travis travis    685 Aug  1 15:24 Repeat$_fireFunction_Repeat_Repeat$__f_sL_11.class
-rw-rw-r--   1 travis travis    541 Aug  1 15:24 Repeat$_fireFunction_Repeat_Repeat$__f_sL_12.class
-rw-rw-r--   1 travis travis    541 Aug  1 15:24 Repeat$_fireFunction_Repeat_Repeat$__f_sL_13.class
-rw-rw-r--   1 travis travis    541 Aug  1 15:24 Repeat$_fireFunction_Repeat_Repeat$__f_sL_14.class
-rw-rw-r--   1 travis travis    684 Aug  1 15:24 Repeat$_fireFunction_Repeat_Repeat$__f_sL_1.class
-rw-rw-r--   1 travis travis    683 Aug  1 15:24 Repeat$_fireFunction_Repeat_Repeat$__f_sL_4.class
-rw-rw-r--   1 travis travis    539 Aug  1 15:24 Repeat$_fireFunction_Repeat_Repeat$__f_sL_9.class
-rw-rw-r--   1 travis travis    494 Aug  1 15:24 Repeat$_initialize_Repeat$__i_sL_2.class
-rw-rw-r--   1 travis travis   1281 Aug  1 15:24 Repeat.mk
-rw-rw-r--   1 travis travis    539 Aug  1 15:24 Repeat$_preinitializeMethod_Repeat$__p_sL_0.class
-rw-rw-r--   1 travis travis   1102 Aug  1 15:24 Repeat$_Repeat$_fireFunction_Repeat_AddSubtract_Repeat.class
-rw-rw-r--   1 travis travis    810 Aug  1 15:24 Repeat$_Repeat$_fireFunction_Repeat_AddSubtract_Repeat$__f_sL_0.class
-rw-rw-r--   1 travis travis    928 Aug  1 15:24 Repeat$_Repeat$_fireFunction_Repeat_AddSubtract_Repeat$__f_sL_1.class
-rw-rw-r--   1 travis travis    934 Aug  1 15:24 Repeat$_Repeat$_fireFunction_Repeat_AddSubtract_Repeat$__f_sL_2.class
-rw-rw-r--   1 travis travis    862 Aug  1 15:24 Repeat$_Repeat$_fireFunction_Repeat_AddSubtract_Repeat$__f_sL_3.class
-rw-rw-r--   1 travis travis    757 Aug  1 15:24 Repeat$_Repeat$_fireFunction_Repeat_Ramp2_Repeat$__f_sL_0.class
-rw-rw-r--   1 travis travis    888 Aug  1 15:24 Repeat$_Repeat$_fireFunction_Repeat_Test_Repeat$__f_sL_0.class
-rw-rw-r--   1 travis travis    634 Aug  1 15:24 Repeat$_Repeat$_fireFunction_Repeat_Test_Repeat$__f_sL_1.class
-rw-rw-r--   1 travis travis    704 Aug  1 15:24 Repeat$_Repeat_SDF_Director_run_Repeat$__R_sL_0.class
-rw-rw-r--   1 travis travis    705 Aug  1 15:24 Repeat$_Repeat_SDF_Director_run_Repeat$__R_sL_11.class
-rw-rw-r--   1 travis travis    561 Aug  1 15:24 Repeat$_Repeat_SDF_Director_run_Repeat$__R_sL_13.class
-rw-rw-r--   1 travis travis    559 Aug  1 15:24 Repeat$_Repeat_SDF_Director_run_Repeat$__R_sL_2.class
-rw-rw-r--   1 travis travis    703 Aug  1 15:24 Repeat$_Repeat_SDF_Director_run_Repeat$__R_sL_3.class
-rw-rw-r--   1 travis travis    559 Aug  1 15:24 Repeat$_Repeat_SDF_Director_run_Repeat$__R_sL_5.class
-rw-rw-r--   1 travis travis    559 Aug  1 15:24 Repeat$_Repeat_SDF_Director_run_Repeat$__R_sL_8.class
drwxrwxr-x   2 travis travis   4096 Aug  1 15:24 RepeatVariables
-rw-rw-r--   1 travis travis    882 Aug  1 15:24 Repeat$_varinit_Repeat.class
-rw-rw-r--   1 travis travis    550 Aug  1 15:24 Repeat$_varinit_Repeat$__v_sL_2.class
-rw-rw-r--   1 travis travis    924 Aug  1 15:24 Repeat$_varinit_Repeat$__v_sL_4.class
-rw-rw-r--   1 travis travis    978 Aug  1 15:24 Repeat$_wrapup_Repeat$__w_sL_1.class
drwxrwxr-x   3 travis travis  20480 Aug  1 15:21 Sinewave
drwxrwxr-x   3 travis travis  32768 Aug  1 15:23 StringFunction
drwxrwxr-x   3 travis travis  12288 Aug  1 15:23 StringLength
drwxrwxr-x   3 travis travis  61440 Aug  1 15:23 StringMatches2
drwxrwxr-x   3 travis travis  61440 Aug  1 15:23 StringSimpleReplace
drwxrwxr-x   3 travis travis  65536 Aug  1 15:23 StringSubstring
drwxrwxr-x   3 travis travis  24576 Aug  1 15:24 StringSubstring2
drwxrwxr-x   3 travis travis  16384 Aug  1 15:24 time1
drwxrwxr-x   3 travis travis  12288 Aug  1 15:24 time5
-rw-rw-r--   1 travis travis    432 Aug  1 15:26 Token.class
-rw-rw-r--   1 travis travis    251 Aug  1 15:26 Token.java
-rwxrwxr-x   1 travis travis 466992 Aug  1 15:18 top
-rw-rw-r--   1 travis travis  20502 Aug  1 15:18 top.c
-rw-rw-r--   1 travis travis   3799 Aug  1 15:24 top.class
-rw-rw-r--   1 travis travis   1257 Aug  1 15:24 top.mk
All Done
Writing ModularCodeGenPubSub2_A1.java in file:/home/travis/cg/ (9781 characters)
Reading "ptolemy/cg/kernel/generic/program/procedural/java/modular/makefile.in",
    writing "/home/travis/cg/ModularCodeGenPubSub2_A1.mk"
Using ptolemy/cg/kernel/generic/program/procedural/java/modular/makefile.in
In "/home/travis/cg", about to execute:
    make -f ModularCodeGenPubSub2_A1.mk
javac -classpath ".:.."    ModularCodeGenPubSub2_A1.java
All Done
5530 ms. Memory: 129024K Free: 25171K (20%)
----------------- Invoking toplevel() on ptolemy.moml.MoMLSimpleApplication@646df503
----------------- Done invoking toplevel() on ptolemy.moml.MoMLSimpleApplication@646df503
reloadAllAccessors: .ModularCodeGenPubSub2

===========================================================================================
----------------- testing Sat Aug 01 15:26:55 UTC 2020 /home/travis/build/icyphy/ptII/ptolemy/cg/lib/test/auto/ModularCodeGenPubSub3.xml
----------------- Instantiating /home/travis/build/icyphy/ptII/ptolemy/cg/lib/test/auto/ModularCodeGenPubSub3.xml
In "/home/travis/cg", about to execute:
    pwd
In "/home/travis/cg", about to execute:
    ls -l
/home/travis/cg
In "/home/travis/cg", about to execute:
    javac -classpath
.:/home/travis/build/icyphy/ptII:/home/travis/build/icyphy/ptII/lib/bsh-2.0b4.j
ar:/home/travis/build/icyphy/ptII/lib/ptCal.jar:/home/travis/build/icyphy/ptII/
lib/java_cup.jar:/home/travis/build/icyphy/ptII/lib/saxon8.jar:/home/travis/bui
ld/icyphy/ptII/lib/saxon8-dom.jar:/home/travis/build/icyphy/ptII/lib/chic.jar:/
home/travis/build/icyphy/ptII/lib/ptcolt.jar:/home/travis/build/icyphy/ptII/ven
dors/misc/itext/iText.jar:/home/travis/build/icyphy/ptII/lib/g4ltl.jar:/home/tr
avis/build/icyphy/ptII/lib/StructuralCoder.jar:/home/travis/build/icyphy/ptII/l
ib/jcerti.jar:/home/travis/build/icyphy/ptII/lib/javax.mail.jar:/home/travis/bu
ild/icyphy/ptII/vendors/JMF-2.1.1e/lib/jmf.jar:/home/travis/build/icyphy/ptII/l
ib/jna-4.0.0-variadic.jar:/home/travis/build/icyphy/ptII/vendors/misc/joystick/
Joystick.jar:/home/travis/build/icyphy/ptII/lib/ptjacl.jar:/home/travis/build/i
cyphy/ptII/lib/jsoup-1.8.2.jar:/home/travis/build/icyphy/ptII/lib/junit-4.8.2.j
ar:/home/travis/build/icyphy/ptII/lib/JUnitParams-0.4.0.jar:/home/travis/build/
icyphy/ptII/ptolemy/actor/lib/excel/jxl.jar:/home/travis/build/icyphy/ptII/lib/
jython.jar:/home/travis/build/icyphy/ptII/lib/kieler.jar:/home/travis/build/icy
phy/ptII/vendors/opencv/share/OpenCV/java/opencv-341.jar:/home/travis/build/icy
phy/ptII/lib/oscP5.jar:/home/travis/build/icyphy/ptII/lib/nrjavaserial-3.11.0.d
evel.jar:/home/travis/build/icyphy/ptII/vendors/j3d/lib/Linux/j3dcore.jar:/home
/travis/build/icyphy/ptII/vendors/j3d/lib/Linux/j3dutils.jar:/home/travis/build
/icyphy/ptII/vendors/j3d/lib/Linux/vecmath.jar:/home/travis/build/icyphy/ptII/v
endors/jogl/lib/Linux/gluegen-rt-natives-linux-amd64.jar:/home/travis/build/icy
phy/ptII/vendors/jogl/lib/Linux/gluegen-rt.jar:/home/travis/build/icyphy/ptII/v
endors/jogl/lib/Linux/jogl-all-natives-linux-amd64.jar:/home/travis/build/icyph
y/ptII/vendors/jogl/lib/Linux/jogl-all.jar:/home/travis/build/icyphy/ptII/ptole
my/distributed/jini/jar/jini-core.jar:/home/travis/build/icyphy/ptII/ptolemy/di
stributed/jini/jar/jini-ext.jar:/home/travis/build/icyphy/ptII/ptolemy/distribu
ted/jini/jar/sun-util.jar:/home/travis/build/icyphy/ptII/lib/protobuf-java-2.4.
1.jar:/home/travis/build/icyphy/ptII/lib/org.eclipse.paho.client.mqttv3.jar:/ho
me/travis/build/icyphy/ptII/lib/mapss.jar:/home/travis/build/icyphy/ptII/ptolem
y/actor/ptalon/antlr/antlr.jar:/home/travis/build/icyphy/ptII/lib/JRI.jar:/home
/travis/build/icyphy/ptII/lib/commons-lang-2.6.jar:/home/travis/build/icyphy/pt
II/lib/commons-logging-1.1.1.jar:/home/travis/build/icyphy/ptII/lib/sootclasses
.jar:/home/travis/build/icyphy/ptII/ptolemy/actor/lib/database/mysql-connector-
java-5.1.6-bin.jar:/home/travis/build/icyphy/ptII/vendors/misc/sphinx4/sphinx4-
data-5prealpha.jar:/home/travis/build/icyphy/ptII/vendors/misc/sphinx4/sphinx4-
core-5prealpha.jar:/home/travis/build/icyphy/ptII/lib/PDFRenderer.jar:/home/tra
vis/build/icyphy/ptII/lib/svgSalamander.jar:/home/travis/build/icyphy/ptII/lib/
rsyntaxtextarea-2.6.0-SNAPSHOT.jar:/home/travis/build/icyphy/ptII/lib/hazelcast
-3.8.2.jar:/home/travis/build/icyphy/ptII/lib/jackson-annotations-2.9.0.jar:/ho
me/travis/build/icyphy/ptII/lib/jackson-core-2.9.3.jar:/home/travis/build/icyph
y/ptII/lib/jackson-databind-2.9.3.jar:/home/travis/build/icyphy/ptII/lib/netty-
buffer-4.1.19.Final.jar:/home/travis/build/icyphy/ptII/lib/netty-codec-4.1.19.F
inal.jar:/home/travis/build/icyphy/ptII/lib/netty-codec-dns-4.1.19.Final.jar:/h
ome/travis/build/icyphy/ptII/lib/netty-codec-http-4.1.19.Final.jar:/home/travis
/build/icyphy/ptII/lib/netty-codec-http2-4.1.19.Final.jar:/home/travis/build/ic
yphy/ptII/lib/netty-common-4.1.19.Final.jar:/home/travis/build/icyphy/ptII/lib/
netty-handler-4.1.19.Final.jar:/home/travis/build/icyphy/ptII/lib/netty-resolve
r-4.1.19.Final.jar:/home/travis/build/icyphy/ptII/lib/netty-resolver-dns-4.1.19
.Final.jar:/home/travis/build/icyphy/ptII/lib/netty-transport-4.1.19.Final.jar:
/home/travis/build/icyphy/ptII/lib/vertx-codegen-3.5.1.jar:/home/travis/build/i
cyphy/ptII/lib/vertx-core-3.5.2-SNAPSHOT.jar:/home/travis/build/icyphy/ptII/lib
/vertx-hazelcast-3.5.1.jar:/home/travis/build/icyphy/ptII/lib/vertx-lang-js-3.5
.1.jar:/home/travis/build/icyphy/ptII/lib/vertx-service-proxy-3.5.1.jar:/home/t
ravis/build/icyphy/ptII/lib/vertx-web-3.5.1.jar:/home/travis/build/icyphy/ptII/
lib/slf4j-api-1.7.13.jar:/home/travis/build/icyphy/ptII/lib/slf4j-simple-1.7.13
.jar:/home/travis/build/icyphy/ptII/lib/webcam-capture-0.3.12.jar:/home/travis/
build/icyphy/ptII/lib/bridj-0.7.0.jar:/home/travis/build/icyphy/ptII/lib/xbjlib
-1.1.0.nrjavaserial.jar:/home/travis/build/icyphy/ptII/ptolemy/moml/test:/home/
travis/build/icyphy/ptII/ant/lib/ant-launcher.jar:/home/travis/build/icyphy/ptI
I/ant/lib/ant.jar:/home/travis/build/icyphy/ptII/ant/lib/ant-junit.jar:/home/tr
avis/build/icyphy/ptII/ant/lib/ant-junit4.jar:/home/travis/build/icyphy/ptII
ModularCodeGenPubSub3_A1_A2_profile.java
total 2492
drwxrwxr-x   3 travis travis  12288 Aug  1 15:20 AbsoluteValue
drwxrwxr-x   3 travis travis 102400 Aug  1 15:19 AllColt
-rw-rw-r--   1 travis travis    233 Aug  1 15:26 Array.class
-rw-rw-r--   1 travis travis    459 Aug  1 15:26 Array.java
drwxrwxr-x   3 travis travis  12288 Aug  1 15:19 Case1
-rw-rw-r--   1 travis travis   5128 Aug  1 15:25 CompiledCompositeActor_CompiledCompositeActor.class
-rw-rw-r--   1 travis travis   1611 Aug  1 15:25 CompiledCompositeActor_CompiledCompositeActor$_CompiledCompositeActor_CompiledCompositeActor.class
-rw-rw-r--   1 travis travis  13466 Aug  1 15:25 CompiledCompositeActor_CompiledCompositeActor.java
-rw-rw-r--   1 travis travis   1593 Aug  1 15:25 CompiledCompositeActor_CompiledCompositeActor.mk
drwxrwxr-x   5 travis travis   4096 Aug  1 15:18 fmi
drwxrwxr-x   3 travis travis  16384 Aug  1 15:20 Gaussian2
-rw-rw-r--   1 travis travis   4684 Aug  1 15:25 JavaCompiledCompositeTest1_CompiledCompositeActor.class
-rw-rw-r--   1 travis travis  11637 Aug  1 15:25 JavaCompiledCompositeTest1_CompiledCompositeActor.java
-rw-rw-r--   1 travis travis   1217 Aug  1 15:25 JavaCompiledCompositeTest1_CompiledCompositeActor$_JavaCompiledCompositeTest1_CompiledCompositeActor.class
-rw-rw-r--   1 travis travis   1625 Aug  1 15:25 JavaCompiledCompositeTest1_CompiledCompositeActor.mk
-rw-rw-r--   1 travis travis   5115 Aug  1 15:25 JavaCompiledCompositeTest2_CompiledCompositeActor.class
-rw-rw-r--   1 travis travis  14919 Aug  1 15:25 JavaCompiledCompositeTest2_CompiledCompositeActor.java
-rw-rw-r--   1 travis travis   1812 Aug  1 15:25 JavaCompiledCompositeTest2_CompiledCompositeActor$_JavaCompiledCompositeTest2_CompiledCompositeActor.class
-rw-rw-r--   1 travis travis   1625 Aug  1 15:25 JavaCompiledCompositeTest2_CompiledCompositeActor.mk
-rw-rw-r--   1 travis travis   4732 Aug  1 15:25 JavaCompiledCompositeTest3_CompiledCompositeActor.class
-rw-rw-r--   1 travis travis  13080 Aug  1 15:25 JavaCompiledCompositeTest3_CompiledCompositeActor.java
-rw-rw-r--   1 travis travis   1397 Aug  1 15:25 JavaCompiledCompositeTest3_CompiledCompositeActor$_JavaCompiledCompositeTest3_CompiledCompositeActor.class
-rw-rw-r--   1 travis travis   1625 Aug  1 15:25 JavaCompiledCompositeTest3_CompiledCompositeActor.mk
-rw-rw-r--   1 travis travis   4183 Aug  1 15:25 JavaCompiledCompositeTest4_CompiledCompositeActor.class
-rw-rw-r--   1 travis travis   9687 Aug  1 15:25 JavaCompiledCompositeTest4_CompiledCompositeActor.java
-rw-rw-r--   1 travis travis    876 Aug  1 15:25 JavaCompiledCompositeTest4_CompiledCompositeActor$_JavaCompiledCompositeTest4_CompiledCompositeActor.class
-rw-rw-r--   1 travis travis   1625 Aug  1 15:25 JavaCompiledCompositeTest4_CompiledCompositeActor.mk
drwxrwxr-x   3 travis travis  12288 Aug  1 15:20 LookupTable
drwxrwxr-x   3 travis travis  20480 Aug  1 15:20 MaxIndex
-rw-rw-r--   1 travis travis   3925 Aug  1 15:25 ModularCG_A1_B1.class
-rw-rw-r--   1 travis travis   9730 Aug  1 15:25 ModularCG_A1_B1.java
-rw-rw-r--   1 travis travis    832 Aug  1 15:25 ModularCG_A1_B1.mk
-rw-rw-r--   1 travis travis   1318 Aug  1 15:25 ModularCG_A1_B1_profile.class
-rw-rw-r--   1 travis travis   1262 Aug  1 15:25 ModularCG_A1_B1_profile.java
-rw-rw-r--   1 travis travis   3925 Aug  1 15:25 ModularCG_A1_B2.class
-rw-rw-r--   1 travis travis   9730 Aug  1 15:25 ModularCG_A1_B2.java
-rw-rw-r--   1 travis travis    832 Aug  1 15:25 ModularCG_A1_B2.mk
-rw-rw-r--   1 travis travis   1318 Aug  1 15:25 ModularCG_A1_B2_profile.class
-rw-rw-r--   1 travis travis   1262 Aug  1 15:25 ModularCG_A1_B2_profile.java
-rw-rw-r--   1 travis travis   5031 Aug  1 15:25 ModularCG_A1.class
-rw-rw-r--   1 travis travis  14742 Aug  1 15:25 ModularCG_A1.java
-rw-rw-r--   1 travis travis    808 Aug  1 15:25 ModularCG_A1.mk
-rw-rw-r--   1 travis travis   1433 Aug  1 15:25 ModularCG_A1_profile.class
-rw-rw-r--   1 travis travis   1704 Aug  1 15:25 ModularCG_A1_profile.java
-rw-rw-r--   1 travis travis   4059 Aug  1 15:25 ModularCG_A2_B1.class
-rw-rw-r--   1 travis travis  10667 Aug  1 15:25 ModularCG_A2_B1.java
-rw-rw-r--   1 travis travis    832 Aug  1 15:25 ModularCG_A2_B1.mk
-rw-rw-r--   1 travis travis   1381 Aug  1 15:25 ModularCG_A2_B1_profile.class
-rw-rw-r--   1 travis travis   1446 Aug  1 15:25 ModularCG_A2_B1_profile.java
-rw-rw-r--   1 travis travis   3925 Aug  1 15:25 ModularCG_A2_B2.class
-rw-rw-r--   1 travis travis   9730 Aug  1 15:25 ModularCG_A2_B2.java
-rw-rw-r--   1 travis travis    832 Aug  1 15:25 ModularCG_A2_B2.mk
-rw-rw-r--   1 travis travis   1318 Aug  1 15:25 ModularCG_A2_B2_profile.class
-rw-rw-r--   1 travis travis   1262 Aug  1 15:25 ModularCG_A2_B2_profile.java
-rw-rw-r--   1 travis travis   5102 Aug  1 15:25 ModularCG_A2.class
-rw-rw-r--   1 travis travis  15129 Aug  1 15:25 ModularCG_A2.java
-rw-rw-r--   1 travis travis    808 Aug  1 15:25 ModularCG_A2.mk
-rw-rw-r--   1 travis travis   1433 Aug  1 15:25 ModularCG_A2_profile.class
-rw-rw-r--   1 travis travis   1704 Aug  1 15:25 ModularCG_A2_profile.java
-rw-rw-r--   1 travis travis   3705 Aug  1 15:25 ModularCGPubSub_A1_A2.class
-rw-rw-r--   1 travis travis   9076 Aug  1 15:25 ModularCGPubSub_A1_A2.java
-rw-rw-r--   1 travis travis    880 Aug  1 15:25 ModularCGPubSub_A1_A2.mk
-rw-rw-r--   1 travis travis   1300 Aug  1 15:25 ModularCGPubSub_A1_A2_profile.class
-rw-rw-r--   1 travis travis   1222 Aug  1 15:25 ModularCGPubSub_A1_A2_profile.java
-rw-rw-r--   1 travis travis   4022 Aug  1 15:25 ModularCGPubSub_A1.class
-rw-rw-r--   1 travis travis   9836 Aug  1 15:25 ModularCGPubSub_A1.java
-rw-rw-r--   1 travis travis    856 Aug  1 15:25 ModularCGPubSub_A1.mk
-rw-rw-r--   1 travis travis   1346 Aug  1 15:25 ModularCGPubSub_A1_profile.class
-rw-rw-r--   1 travis travis   1388 Aug  1 15:25 ModularCGPubSub_A1_profile.java
-rw-rw-r--   1 travis travis   4220 Aug  1 15:25 ModularCodeGen2_ModularCodeGenTypedCompositeActor.class
-rw-rw-r--   1 travis travis  11690 Aug  1 15:25 ModularCodeGen2_ModularCodeGenTypedCompositeActor.java
-rw-rw-r--   1 travis travis   1104 Aug  1 15:25 ModularCodeGen2_ModularCodeGenTypedCompositeActor.mk
-rw-rw-r--   1 travis travis   4504 Aug  1 15:25 ModularCodeGen2_ModularCodeGenTypedCompositeActor_ModularCodeGenTypedCompositeActor.class
-rw-rw-r--   1 travis travis  11790 Aug  1 15:25 ModularCodeGen2_ModularCodeGenTypedCompositeActor_ModularCodeGenTypedCompositeActor.java
-rw-rw-r--   1 travis travis   1376 Aug  1 15:25 ModularCodeGen2_ModularCodeGenTypedCompositeActor_ModularCodeGenTypedCompositeActor.mk
-rw-rw-r--   1 travis travis   1421 Aug  1 15:25 ModularCodeGen2_ModularCodeGenTypedCompositeActor_ModularCodeGenTypedCompositeActor_profile.class
-rw-rw-r--   1 travis travis   1294 Aug  1 15:25 ModularCodeGen2_ModularCodeGenTypedCompositeActor_ModularCodeGenTypedCompositeActor_profile.java
-rw-rw-r--   1 travis travis    820 Aug  1 15:25 ModularCodeGen2_ModularCodeGenTypedCompositeActor_profile.class
-rw-rw-r--   1 travis travis    693 Aug  1 15:25 ModularCodeGen2_ModularCodeGenTypedCompositeActor_profile.java
-rw-rw-r--   1 travis travis   3973 Aug  1 15:25 ModularCodeGen3_A1_B1.class
-rw-rw-r--   1 travis travis   9958 Aug  1 15:25 ModularCodeGen3_A1_B1.java
-rw-rw-r--   1 travis travis    880 Aug  1 15:25 ModularCodeGen3_A1_B1.mk
-rw-rw-r--   1 travis travis   1330 Aug  1 15:25 ModularCodeGen3_A1_B1_profile.class
-rw-rw-r--   1 travis travis   1274 Aug  1 15:25 ModularCodeGen3_A1_B1_profile.java
-rw-rw-r--   1 travis travis   3973 Aug  1 15:26 ModularCodeGen3_A1_B2.class
-rw-rw-r--   1 travis travis   9958 Aug  1 15:26 ModularCodeGen3_A1_B2.java
-rw-rw-r--   1 travis travis    880 Aug  1 15:26 ModularCodeGen3_A1_B2.mk
-rw-rw-r--   1 travis travis   1330 Aug  1 15:26 ModularCodeGen3_A1_B2_profile.class
-rw-rw-r--   1 travis travis   1274 Aug  1 15:25 ModularCodeGen3_A1_B2_profile.java
-rw-rw-r--   1 travis travis   5193 Aug  1 15:26 ModularCodeGen3_A1.class
-rw-rw-r--   1 travis travis  15564 Aug  1 15:26 ModularCodeGen3_A1.java
-rw-rw-r--   1 travis travis    856 Aug  1 15:26 ModularCodeGen3_A1.mk
-rw-rw-r--   1 travis travis   1445 Aug  1 15:26 ModularCodeGen3_A1_profile.class
-rw-rw-r--   1 travis travis   1716 Aug  1 15:26 ModularCodeGen3_A1_profile.java
-rw-rw-r--   1 travis travis   4119 Aug  1 15:26 ModularCodeGen3_A2_B1.class
-rw-rw-r--   1 travis travis  10955 Aug  1 15:26 ModularCodeGen3_A2_B1.java
-rw-rw-r--   1 travis travis    880 Aug  1 15:26 ModularCodeGen3_A2_B1.mk
-rw-rw-r--   1 travis travis   1393 Aug  1 15:26 ModularCodeGen3_A2_B1_profile.class
-rw-rw-r--   1 travis travis   1458 Aug  1 15:26 ModularCodeGen3_A2_B1_profile.java
-rw-rw-r--   1 travis travis   3973 Aug  1 15:26 ModularCodeGen3_A2_B2.class
-rw-rw-r--   1 travis travis   9958 Aug  1 15:26 ModularCodeGen3_A2_B2.java
-rw-rw-r--   1 travis travis    880 Aug  1 15:26 ModularCodeGen3_A2_B2.mk
-rw-rw-r--   1 travis travis   1330 Aug  1 15:26 ModularCodeGen3_A2_B2_profile.class
-rw-rw-r--   1 travis travis   1274 Aug  1 15:26 ModularCodeGen3_A2_B2_profile.java
-rw-rw-r--   1 travis travis   5270 Aug  1 15:26 ModularCodeGen3_A2.class
-rw-rw-r--   1 travis travis  15957 Aug  1 15:26 ModularCodeGen3_A2.java
-rw-rw-r--   1 travis travis    856 Aug  1 15:26 ModularCodeGen3_A2.mk
-rw-rw-r--   1 travis travis   1445 Aug  1 15:26 ModularCodeGen3_A2_profile.class
-rw-rw-r--   1 travis travis   1716 Aug  1 15:26 ModularCodeGen3_A2_profile.java
-rw-rw-r--   1 travis travis   4026 Aug  1 15:26 ModularCodeGen4_A1_B1.class
-rw-rw-r--   1 travis travis  10312 Aug  1 15:26 ModularCodeGen4_A1_B1.java
-rw-rw-r--   1 travis travis    880 Aug  1 15:26 ModularCodeGen4_A1_B1.mk
-rw-rw-r--   1 travis travis   1330 Aug  1 15:26 ModularCodeGen4_A1_B1_profile.class
-rw-rw-r--   1 travis travis   1273 Aug  1 15:26 ModularCodeGen4_A1_B1_profile.java
-rw-rw-r--   1 travis travis   4026 Aug  1 15:26 ModularCodeGen4_A1_B2.class
-rw-rw-r--   1 travis travis  10312 Aug  1 15:26 ModularCodeGen4_A1_B2.java
-rw-rw-r--   1 travis travis    880 Aug  1 15:26 ModularCodeGen4_A1_B2.mk
-rw-rw-r--   1 travis travis   1330 Aug  1 15:26 ModularCodeGen4_A1_B2_profile.class
-rw-rw-r--   1 travis travis   1273 Aug  1 15:26 ModularCodeGen4_A1_B2_profile.java
-rw-rw-r--   1 travis travis   5333 Aug  1 15:26 ModularCodeGen4_A1.class
-rw-rw-r--   1 travis travis  16245 Aug  1 15:26 ModularCodeGen4_A1.java
-rw-rw-r--   1 travis travis    856 Aug  1 15:26 ModularCodeGen4_A1.mk
-rw-rw-r--   1 travis travis   1445 Aug  1 15:26 ModularCodeGen4_A1_profile.class
-rw-rw-r--   1 travis travis   1712 Aug  1 15:26 ModularCodeGen4_A1_profile.java
-rw-rw-r--   1 travis travis   4220 Aug  1 15:26 ModularCodeGen4_A2_B1.class
-rw-rw-r--   1 travis travis  11375 Aug  1 15:26 ModularCodeGen4_A2_B1.java
-rw-rw-r--   1 travis travis    880 Aug  1 15:26 ModularCodeGen4_A2_B1.mk
-rw-rw-r--   1 travis travis   1393 Aug  1 15:26 ModularCodeGen4_A2_B1_profile.class
-rw-rw-r--   1 travis travis   1454 Aug  1 15:26 ModularCodeGen4_A2_B1_profile.java
-rw-rw-r--   1 travis travis   4074 Aug  1 15:26 ModularCodeGen4_A2_B2.class
-rw-rw-r--   1 travis travis  10378 Aug  1 15:26 ModularCodeGen4_A2_B2.java
-rw-rw-r--   1 travis travis    880 Aug  1 15:26 ModularCodeGen4_A2_B2.mk
-rw-rw-r--   1 travis travis   1330 Aug  1 15:26 ModularCodeGen4_A2_B2_profile.class
-rw-rw-r--   1 travis travis   1270 Aug  1 15:26 ModularCodeGen4_A2_B2_profile.java
-rw-rw-r--   1 travis travis   5506 Aug  1 15:26 ModularCodeGen4_A2.class
-rw-rw-r--   1 travis travis  16770 Aug  1 15:26 ModularCodeGen4_A2.java
-rw-rw-r--   1 travis travis    856 Aug  1 15:26 ModularCodeGen4_A2.mk
-rw-rw-r--   1 travis travis   1445 Aug  1 15:26 ModularCodeGen4_A2_profile.class
-rw-rw-r--   1 travis travis   1712 Aug  1 15:26 ModularCodeGen4_A2_profile.java
-rw-rw-r--   1 travis travis   7070 Aug  1 15:26 ModularCodeGen5_A_A.class
-rw-rw-r--   1 travis travis  28721 Aug  1 15:26 ModularCodeGen5_A_A.java
-rw-rw-r--   1 travis travis    864 Aug  1 15:26 ModularCodeGen5_A_A.mk
-rw-rw-r--   1 travis travis   1520 Aug  1 15:26 ModularCodeGen5_A_A_profile.class
-rw-rw-r--   1 travis travis   1815 Aug  1 15:26 ModularCodeGen5_A_A_profile.java
-rw-rw-r--   1 travis travis   5347 Aug  1 15:26 ModularCodeGen5_A.class
-rw-rw-r--   1 travis travis  13769 Aug  1 15:26 ModularCodeGen5_A.java
-rw-rw-r--   1 travis travis    848 Aug  1 15:26 ModularCodeGen5_A.mk
-rw-rw-r--   1 travis travis   1422 Aug  1 15:26 ModularCodeGen5_A_profile.class
-rw-rw-r--   1 travis travis   1605 Aug  1 15:26 ModularCodeGen5_A_profile.java
-rw-rw-r--   1 travis travis   4357 Aug  1 15:26 ModularCodeGen6_A_A2.class
-rw-rw-r--   1 travis travis  11329 Aug  1 15:26 ModularCodeGen6_A_A2.java
-rw-rw-r--   1 travis travis    872 Aug  1 15:26 ModularCodeGen6_A_A2.mk
-rw-rw-r--   1 travis travis   1351 Aug  1 15:26 ModularCodeGen6_A_A2_profile.class
-rw-rw-r--   1 travis travis   1364 Aug  1 15:26 ModularCodeGen6_A_A2_profile.java
-rw-rw-r--   1 travis travis   4340 Aug  1 15:26 ModularCodeGen6_A_A.class
-rw-rw-r--   1 travis travis  11221 Aug  1 15:26 ModularCodeGen6_A_A.java
-rw-rw-r--   1 travis travis    864 Aug  1 15:26 ModularCodeGen6_A_A.mk
-rw-rw-r--   1 travis travis   1348 Aug  1 15:26 ModularCodeGen6_A_A_profile.class
-rw-rw-r--   1 travis travis   1361 Aug  1 15:26 ModularCodeGen6_A_A_profile.java
-rw-rw-r--   1 travis travis   7469 Aug  1 15:26 ModularCodeGen6_A.class
-rw-rw-r--   1 travis travis  26535 Aug  1 15:26 ModularCodeGen6_A.java
-rw-rw-r--   1 travis travis    848 Aug  1 15:26 ModularCodeGen6_A.mk
-rw-rw-r--   1 travis travis   1483 Aug  1 15:26 ModularCodeGen6_A_profile.class
-rw-rw-r--   1 travis travis   1810 Aug  1 15:26 ModularCodeGen6_A_profile.java
-rw-rw-r--   1 travis travis   9633 Aug  1 15:26 ModularCodeGenLazyPubSubGlobal_CompositeActor_ModularCodeGenTypedComposite.class
-rw-rw-r--   1 travis travis  30161 Aug  1 15:26 ModularCodeGenLazyPubSubGlobal_CompositeActor_ModularCodeGenTypedComposite.java
-rw-rw-r--   1 travis travis   1304 Aug  1 15:26 ModularCodeGenLazyPubSubGlobal_CompositeActor_ModularCodeGenTypedComposite.mk
-rw-rw-r--   1 travis travis   1438 Aug  1 15:26 ModularCodeGenLazyPubSubGlobal_CompositeActor_ModularCodeGenTypedComposite_profile.class
-rw-rw-r--   1 travis travis   1384 Aug  1 15:26 ModularCodeGenLazyPubSubGlobal_CompositeActor_ModularCodeGenTypedComposite_profile.java
-rw-rw-r--   1 travis travis   4184 Aug  1 15:26 ModularCodeGenLazyPubSub_LazyCompositeActor.class
-rw-rw-r--   1 travis travis  11122 Aug  1 15:26 ModularCodeGenLazyPubSub_LazyCompositeActor.java
-rw-rw-r--   1 travis travis   1056 Aug  1 15:26 ModularCodeGenLazyPubSub_LazyCompositeActor.mk
-rw-rw-r--   1 travis travis   1286 Aug  1 15:26 ModularCodeGenLazyPubSub_LazyCompositeActor_profile.class
-rw-rw-r--   1 travis travis   1091 Aug  1 15:26 ModularCodeGenLazyPubSub_LazyCompositeActor_profile.java
-rw-rw-r--   1 travis travis   4186 Aug  1 15:25 ModularCodeGen_ModularCodeGenTypedCompositeActor.class
-rw-rw-r--   1 travis travis  10970 Aug  1 15:25 ModularCodeGen_ModularCodeGenTypedCompositeActor.java
-rw-rw-r--   1 travis travis   1096 Aug  1 15:25 ModularCodeGen_ModularCodeGenTypedCompositeActor.mk
-rw-rw-r--   1 travis travis   1384 Aug  1 15:25 ModularCodeGen_ModularCodeGenTypedCompositeActor_profile.class
-rw-rw-r--   1 travis travis   1328 Aug  1 15:25 ModularCodeGen_ModularCodeGenTypedCompositeActor_profile.java
-rw-rw-r--   1 travis travis   3673 Aug  1 15:26 ModularCodeGenPubSub2_A1_A.class
-rw-rw-r--   1 travis travis   8578 Aug  1 15:26 ModularCodeGenPubSub2_A1_A.java
-rw-rw-r--   1 travis travis    920 Aug  1 15:26 ModularCodeGenPubSub2_A1_A.mk
-rw-rw-r--   1 travis travis   1274 Aug  1 15:26 ModularCodeGenPubSub2_A1_A_profile.class
-rw-rw-r--   1 travis travis   1128 Aug  1 15:26 ModularCodeGenPubSub2_A1_A_profile.java
-rw-rw-r--   1 travis travis   3965 Aug  1 15:26 ModularCodeGenPubSub2_A1.class
-rw-rw-r--   1 travis travis   9781 Aug  1 15:26 ModularCodeGenPubSub2_A1.java
-rw-rw-r--   1 travis travis    904 Aug  1 15:26 ModularCodeGenPubSub2_A1.mk
-rw-rw-r--   1 travis travis   1268 Aug  1 15:26 ModularCodeGenPubSub2_A1_profile.class
-rw-rw-r--   1 travis travis   1196 Aug  1 15:26 ModularCodeGenPubSub2_A1_profile.java
-rw-rw-r--   1 travis travis   1132 Aug  1 15:26 ModularCodeGenPubSub3_A1_A2_profile.java
-rw-rw-r--   1 travis travis   3707 Aug  1 15:26 ModularCodeGenPubSub_A1.class
-rw-rw-r--   1 travis travis   9060 Aug  1 15:26 ModularCodeGenPubSub_A1.java
-rw-rw-r--   1 travis travis    896 Aug  1 15:26 ModularCodeGenPubSub_A1.mk
-rw-rw-r--   1 travis travis   1278 Aug  1 15:26 ModularCodeGenPubSub_A1_profile.class
-rw-rw-r--   1 travis travis   1195 Aug  1 15:26 ModularCodeGenPubSub_A1_profile.java
-rw-rw-r--   1 travis travis   3724 Aug  1 15:25 ModularCodeGenTest_A1_A2.class
-rw-rw-r--   1 travis travis   9164 Aug  1 15:25 ModularCodeGenTest_A1_A2.java
-rw-rw-r--   1 travis travis   1306 Aug  1 15:25 ModularCodeGenTest_A1_A2_profile.class
-rw-rw-r--   1 travis travis   4055 Aug  1 15:25 ModularCodeGenTest_A1.class
-rw-rw-r--   1 travis travis   9968 Aug  1 15:25 ModularCodeGenTest_A1.java
-rw-rw-r--   1 travis travis    880 Aug  1 15:25 ModularCodeGenTest_A1.mk
-rw-rw-r--   1 travis travis   1352 Aug  1 15:25 ModularCodeGenTest_A1_profile.class
-rw-rw-r--   1 travis travis   1394 Aug  1 15:25 ModularCodeGenTest_A1_profile.java
drwxrwxr-x   3 travis travis  32768 Aug  1 15:24 modulation2
drwxrwxr-x 183 travis travis  12288 Aug  1 15:25 node_modules
drwxrwxr-x   3 travis travis  20480 Aug  1 15:21 PhaseUnwrap
drwxrwxr-x   3 travis travis  12288 Aug  1 15:21 ReadFile1
-rw-rw-r--   1 travis travis     11 Aug  1 15:21 ReadFile1Output.txt
-rw-rw-r--   1 travis travis  13773 Aug  1 15:24 Repeat.class
-rw-rw-r--   1 travis travis    685 Aug  1 15:24 Repeat$_fireFunction_Repeat_Repeat$__f_sL_11.class
-rw-rw-r--   1 travis travis    541 Aug  1 15:24 Repeat$_fireFunction_Repeat_Repeat$__f_sL_12.class
-rw-rw-r--   1 travis travis    541 Aug  1 15:24 Repeat$_fireFunction_Repeat_Repeat$__f_sL_13.class
-rw-rw-r--   1 travis travis    541 Aug  1 15:24 Repeat$_fireFunction_Repeat_Repeat$__f_sL_14.class
-rw-rw-r--   1 travis travis    684 Aug  1 15:24 Repeat$_fireFunction_Repeat_Repeat$__f_sL_1.class
-rw-rw-r--   1 travis travis    683 Aug  1 15:24 Repeat$_fireFunction_Repeat_Repeat$__f_sL_4.class
-rw-rw-r--   1 travis travis    539 Aug  1 15:24 Repeat$_fireFunction_Repeat_Repeat$__f_sL_9.class
-rw-rw-r--   1 travis travis    494 Aug  1 15:24 Repeat$_initialize_Repeat$__i_sL_2.class
-rw-rw-r--   1 travis travis   1281 Aug  1 15:24 Repeat.mk
-rw-rw-r--   1 travis travis    539 Aug  1 15:24 Repeat$_preinitializeMethod_Repeat$__p_sL_0.class
-rw-rw-r--   1 travis travis   1102 Aug  1 15:24 Repeat$_Repeat$_fireFunction_Repeat_AddSubtract_Repeat.class
-rw-rw-r--   1 travis travis    810 Aug  1 15:24 Repeat$_Repeat$_fireFunction_Repeat_AddSubtract_Repeat$__f_sL_0.class
-rw-rw-r--   1 travis travis    928 Aug  1 15:24 Repeat$_Repeat$_fireFunction_Repeat_AddSubtract_Repeat$__f_sL_1.class
-rw-rw-r--   1 travis travis    934 Aug  1 15:24 Repeat$_Repeat$_fireFunction_Repeat_AddSubtract_Repeat$__f_sL_2.class
-rw-rw-r--   1 travis travis    862 Aug  1 15:24 Repeat$_Repeat$_fireFunction_Repeat_AddSubtract_Repeat$__f_sL_3.class
-rw-rw-r--   1 travis travis    757 Aug  1 15:24 Repeat$_Repeat$_fireFunction_Repeat_Ramp2_Repeat$__f_sL_0.class
-rw-rw-r--   1 travis travis    888 Aug  1 15:24 Repeat$_Repeat$_fireFunction_Repeat_Test_Repeat$__f_sL_0.class
-rw-rw-r--   1 travis travis    634 Aug  1 15:24 Repeat$_Repeat$_fireFunction_Repeat_Test_Repeat$__f_sL_1.class
-rw-rw-r--   1 travis travis    704 Aug  1 15:24 Repeat$_Repeat_SDF_Director_run_Repeat$__R_sL_0.class
-rw-rw-r--   1 travis travis    705 Aug  1 15:24 Repeat$_Repeat_SDF_Director_run_Repeat$__R_sL_11.class
-rw-rw-r--   1 travis travis    561 Aug  1 15:24 Repeat$_Repeat_SDF_Director_run_Repeat$__R_sL_13.class
-rw-rw-r--   1 travis travis    559 Aug  1 15:24 Repeat$_Repeat_SDF_Director_run_Repeat$__R_sL_2.class
-rw-rw-r--   1 travis travis    703 Aug  1 15:24 Repeat$_Repeat_SDF_Director_run_Repeat$__R_sL_3.class
-rw-rw-r--   1 travis travis    559 Aug  1 15:24 Repeat$_Repeat_SDF_Director_run_Repeat$__R_sL_5.class
-rw-rw-r--   1 travis travis    559 Aug  1 15:24 Repeat$_Repeat_SDF_Director_run_Repeat$__R_sL_8.class
drwxrwxr-x   2 travis travis   4096 Aug  1 15:24 RepeatVariables
-rw-rw-r--   1 travis travis    882 Aug  1 15:24 Repeat$_varinit_Repeat.class
-rw-rw-r--   1 travis travis    550 Aug  1 15:24 Repeat$_varinit_Repeat$__v_sL_2.class
-rw-rw-r--   1 travis travis    924 Aug  1 15:24 Repeat$_varinit_Repeat$__v_sL_4.class
-rw-rw-r--   1 travis travis    978 Aug  1 15:24 Repeat$_wrapup_Repeat$__w_sL_1.class
drwxrwxr-x   3 travis travis  20480 Aug  1 15:21 Sinewave
drwxrwxr-x   3 travis travis  32768 Aug  1 15:23 StringFunction
drwxrwxr-x   3 travis travis  12288 Aug  1 15:23 StringLength
drwxrwxr-x   3 travis travis  61440 Aug  1 15:23 StringMatches2
drwxrwxr-x   3 travis travis  61440 Aug  1 15:23 StringSimpleReplace
drwxrwxr-x   3 travis travis  65536 Aug  1 15:23 StringSubstring
drwxrwxr-x   3 travis travis  24576 Aug  1 15:24 StringSubstring2
drwxrwxr-x   3 travis travis  16384 Aug  1 15:24 time1
drwxrwxr-x   3 travis travis  12288 Aug  1 15:24 time5
-rw-rw-r--   1 travis travis    432 Aug  1 15:26 Token.class
-rw-rw-r--   1 travis travis    251 Aug  1 15:26 Token.java
-rwxrwxr-x   1 travis travis 466992 Aug  1 15:18 top
-rw-rw-r--   1 travis travis  20502 Aug  1 15:18 top.c
-rw-rw-r--   1 travis travis   3799 Aug  1 15:24 top.class
-rw-rw-r--   1 travis travis   1257 Aug  1 15:24 top.mk
All Done
Writing ModularCodeGenPubSub3_A1_A2.java in file:/home/travis/cg/ (8599 characters)
Reading "ptolemy/cg/kernel/generic/program/procedural/java/modular/makefile.in",
    writing "/home/travis/cg/ModularCodeGenPubSub3_A1_A2.mk"
Using ptolemy/cg/kernel/generic/program/procedural/java/modular/makefile.in
In "/home/travis/cg", about to execute:
    make -f ModularCodeGenPubSub3_A1_A2.mk
javac -classpath ".:.."    ModularCodeGenPubSub3_A1_A2.java
All Done
In "/home/travis/cg", about to execute:
    pwd
In "/home/travis/cg", about to execute:
    ls -l
/home/travis/cg
total 2520
drwxrwxr-x   3 travis travis  12288 Aug  1 15:20 AbsoluteValue
drwxrwxr-x   3 travis travis 102400 Aug  1 15:19 AllColt
-rw-rw-r--   1 travis travis    233 Aug  1 15:26 Array.class
-rw-rw-r--   1 travis travis    459 Aug  1 15:26 Array.java
drwxrwxr-x   3 travis travis  12288 Aug  1 15:19 Case1
-rw-rw-r--   1 travis travis   5128 Aug  1 15:25 CompiledCompositeActor_CompiledCompositeActor.class
-rw-rw-r--   1 travis travis   1611 Aug  1 15:25 CompiledCompositeActor_CompiledCompositeActor$_CompiledCompositeActor_CompiledCompositeActor.class
-rw-rw-r--   1 travis travis  13466 Aug  1 15:25 CompiledCompositeActor_CompiledCompositeActor.java
-rw-rw-r--   1 travis travis   1593 Aug  1 15:25 CompiledCompositeActor_CompiledCompositeActor.mk
drwxrwxr-x   5 travis travis   4096 Aug  1 15:18 fmi
drwxrwxr-x   3 travis travis  16384 Aug  1 15:20 Gaussian2
-rw-rw-r--   1 travis travis   4684 Aug  1 15:25 JavaCompiledCompositeTest1_CompiledCompositeActor.class
-rw-rw-r--   1 travis travis  11637 Aug  1 15:25 JavaCompiledCompositeTest1_CompiledCompositeActor.java
-rw-rw-r--   1 travis travis   1217 Aug  1 15:25 JavaCompiledCompositeTest1_CompiledCompositeActor$_JavaCompiledCompositeTest1_CompiledCompositeActor.class
-rw-rw-r--   1 travis travis   1625 Aug  1 15:25 JavaCompiledCompositeTest1_CompiledCompositeActor.mk
-rw-rw-r--   1 travis travis   5115 Aug  1 15:25 JavaCompiledCompositeTest2_CompiledCompositeActor.class
-rw-rw-r--   1 travis travis  14919 Aug  1 15:25 JavaCompiledCompositeTest2_CompiledCompositeActor.java
-rw-rw-r--   1 travis travis   1812 Aug  1 15:25 JavaCompiledCompositeTest2_CompiledCompositeActor$_JavaCompiledCompositeTest2_CompiledCompositeActor.class
-rw-rw-r--   1 travis travis   1625 Aug  1 15:25 JavaCompiledCompositeTest2_CompiledCompositeActor.mk
-rw-rw-r--   1 travis travis   4732 Aug  1 15:25 JavaCompiledCompositeTest3_CompiledCompositeActor.class
-rw-rw-r--   1 travis travis  13080 Aug  1 15:25 JavaCompiledCompositeTest3_CompiledCompositeActor.java
-rw-rw-r--   1 travis travis   1397 Aug  1 15:25 JavaCompiledCompositeTest3_CompiledCompositeActor$_JavaCompiledCompositeTest3_CompiledCompositeActor.class
-rw-rw-r--   1 travis travis   1625 Aug  1 15:25 JavaCompiledCompositeTest3_CompiledCompositeActor.mk
-rw-rw-r--   1 travis travis   4183 Aug  1 15:25 JavaCompiledCompositeTest4_CompiledCompositeActor.class
-rw-rw-r--   1 travis travis   9687 Aug  1 15:25 JavaCompiledCompositeTest4_CompiledCompositeActor.java
-rw-rw-r--   1 travis travis    876 Aug  1 15:25 JavaCompiledCompositeTest4_CompiledCompositeActor$_JavaCompiledCompositeTest4_CompiledCompositeActor.class
-rw-rw-r--   1 travis travis   1625 Aug  1 15:25 JavaCompiledCompositeTest4_CompiledCompositeActor.mk
drwxrwxr-x   3 travis travis  12288 Aug  1 15:20 LookupTable
drwxrwxr-x   3 travis travis  20480 Aug  1 15:20 MaxIndex
-rw-rw-r--   1 travis travis   3925 Aug  1 15:25 ModularCG_A1_B1.class
-rw-rw-r--   1 travis travis   9730 Aug  1 15:25 ModularCG_A1_B1.java
-rw-rw-r--   1 travis travis    832 Aug  1 15:25 ModularCG_A1_B1.mk
-rw-rw-r--   1 travis travis   1318 Aug  1 15:25 ModularCG_A1_B1_profile.class
-rw-rw-r--   1 travis travis   1262 Aug  1 15:25 ModularCG_A1_B1_profile.java
-rw-rw-r--   1 travis travis   3925 Aug  1 15:25 ModularCG_A1_B2.class
-rw-rw-r--   1 travis travis   9730 Aug  1 15:25 ModularCG_A1_B2.java
-rw-rw-r--   1 travis travis    832 Aug  1 15:25 ModularCG_A1_B2.mk
-rw-rw-r--   1 travis travis   1318 Aug  1 15:25 ModularCG_A1_B2_profile.class
-rw-rw-r--   1 travis travis   1262 Aug  1 15:25 ModularCG_A1_B2_profile.java
-rw-rw-r--   1 travis travis   5031 Aug  1 15:25 ModularCG_A1.class
-rw-rw-r--   1 travis travis  14742 Aug  1 15:25 ModularCG_A1.java
-rw-rw-r--   1 travis travis    808 Aug  1 15:25 ModularCG_A1.mk
-rw-rw-r--   1 travis travis   1433 Aug  1 15:25 ModularCG_A1_profile.class
-rw-rw-r--   1 travis travis   1704 Aug  1 15:25 ModularCG_A1_profile.java
-rw-rw-r--   1 travis travis   4059 Aug  1 15:25 ModularCG_A2_B1.class
-rw-rw-r--   1 travis travis  10667 Aug  1 15:25 ModularCG_A2_B1.java
-rw-rw-r--   1 travis travis    832 Aug  1 15:25 ModularCG_A2_B1.mk
-rw-rw-r--   1 travis travis   1381 Aug  1 15:25 ModularCG_A2_B1_profile.class
-rw-rw-r--   1 travis travis   1446 Aug  1 15:25 ModularCG_A2_B1_profile.java
-rw-rw-r--   1 travis travis   3925 Aug  1 15:25 ModularCG_A2_B2.class
-rw-rw-r--   1 travis travis   9730 Aug  1 15:25 ModularCG_A2_B2.java
-rw-rw-r--   1 travis travis    832 Aug  1 15:25 ModularCG_A2_B2.mk
-rw-rw-r--   1 travis travis   1318 Aug  1 15:25 ModularCG_A2_B2_profile.class
-rw-rw-r--   1 travis travis   1262 Aug  1 15:25 ModularCG_A2_B2_profile.java
-rw-rw-r--   1 travis travis   5102 Aug  1 15:25 ModularCG_A2.class
-rw-rw-r--   1 travis travis  15129 Aug  1 15:25 ModularCG_A2.java
-rw-rw-r--   1 travis travis    808 Aug  1 15:25 ModularCG_A2.mk
-rw-rw-r--   1 travis travis   1433 Aug  1 15:25 ModularCG_A2_profile.class
-rw-rw-r--   1 travis travis   1704 Aug  1 15:25 ModularCG_A2_profile.java
-rw-rw-r--   1 travis travis   3705 Aug  1 15:25 ModularCGPubSub_A1_A2.class
-rw-rw-r--   1 travis travis   9076 Aug  1 15:25 ModularCGPubSub_A1_A2.java
-rw-rw-r--   1 travis travis    880 Aug  1 15:25 ModularCGPubSub_A1_A2.mk
-rw-rw-r--   1 travis travis   1300 Aug  1 15:25 ModularCGPubSub_A1_A2_profile.class
-rw-rw-r--   1 travis travis   1222 Aug  1 15:25 ModularCGPubSub_A1_A2_profile.java
-rw-rw-r--   1 travis travis   4022 Aug  1 15:25 ModularCGPubSub_A1.class
-rw-rw-r--   1 travis travis   9836 Aug  1 15:25 ModularCGPubSub_A1.java
-rw-rw-r--   1 travis travis    856 Aug  1 15:25 ModularCGPubSub_A1.mk
-rw-rw-r--   1 travis travis   1346 Aug  1 15:25 ModularCGPubSub_A1_profile.class
-rw-rw-r--   1 travis travis   1388 Aug  1 15:25 ModularCGPubSub_A1_profile.java
-rw-rw-r--   1 travis travis   4220 Aug  1 15:25 ModularCodeGen2_ModularCodeGenTypedCompositeActor.class
-rw-rw-r--   1 travis travis  11690 Aug  1 15:25 ModularCodeGen2_ModularCodeGenTypedCompositeActor.java
-rw-rw-r--   1 travis travis   1104 Aug  1 15:25 ModularCodeGen2_ModularCodeGenTypedCompositeActor.mk
-rw-rw-r--   1 travis travis   4504 Aug  1 15:25 ModularCodeGen2_ModularCodeGenTypedCompositeActor_ModularCodeGenTypedCompositeActor.class
-rw-rw-r--   1 travis travis  11790 Aug  1 15:25 ModularCodeGen2_ModularCodeGenTypedCompositeActor_ModularCodeGenTypedCompositeActor.java
-rw-rw-r--   1 travis travis   1376 Aug  1 15:25 ModularCodeGen2_ModularCodeGenTypedCompositeActor_ModularCodeGenTypedCompositeActor.mk
-rw-rw-r--   1 travis travis   1421 Aug  1 15:25 ModularCodeGen2_ModularCodeGenTypedCompositeActor_ModularCodeGenTypedCompositeActor_profile.class
-rw-rw-r--   1 travis travis   1294 Aug  1 15:25 ModularCodeGen2_ModularCodeGenTypedCompositeActor_ModularCodeGenTypedCompositeActor_profile.java
-rw-rw-r--   1 travis travis    820 Aug  1 15:25 ModularCodeGen2_ModularCodeGenTypedCompositeActor_profile.class
-rw-rw-r--   1 travis travis    693 Aug  1 15:25 ModularCodeGen2_ModularCodeGenTypedCompositeActor_profile.java
-rw-rw-r--   1 travis travis   3973 Aug  1 15:25 ModularCodeGen3_A1_B1.class
-rw-rw-r--   1 travis travis   9958 Aug  1 15:25 ModularCodeGen3_A1_B1.java
-rw-rw-r--   1 travis travis    880 Aug  1 15:25 ModularCodeGen3_A1_B1.mk
-rw-rw-r--   1 travis travis   1330 Aug  1 15:25 ModularCodeGen3_A1_B1_profile.class
-rw-rw-r--   1 travis travis   1274 Aug  1 15:25 ModularCodeGen3_A1_B1_profile.java
-rw-rw-r--   1 travis travis   3973 Aug  1 15:26 ModularCodeGen3_A1_B2.class
-rw-rw-r--   1 travis travis   9958 Aug  1 15:26 ModularCodeGen3_A1_B2.java
-rw-rw-r--   1 travis travis    880 Aug  1 15:26 ModularCodeGen3_A1_B2.mk
-rw-rw-r--   1 travis travis   1330 Aug  1 15:26 ModularCodeGen3_A1_B2_profile.class
-rw-rw-r--   1 travis travis   1274 Aug  1 15:25 ModularCodeGen3_A1_B2_profile.java
-rw-rw-r--   1 travis travis   5193 Aug  1 15:26 ModularCodeGen3_A1.class
-rw-rw-r--   1 travis travis  15564 Aug  1 15:26 ModularCodeGen3_A1.java
-rw-rw-r--   1 travis travis    856 Aug  1 15:26 ModularCodeGen3_A1.mk
-rw-rw-r--   1 travis travis   1445 Aug  1 15:26 ModularCodeGen3_A1_profile.class
-rw-rw-r--   1 travis travis   1716 Aug  1 15:26 ModularCodeGen3_A1_profile.java
-rw-rw-r--   1 travis travis   4119 Aug  1 15:26 ModularCodeGen3_A2_B1.class
-rw-rw-r--   1 travis travis  10955 Aug  1 15:26 ModularCodeGen3_A2_B1.java
-rw-rw-r--   1 travis travis    880 Aug  1 15:26 ModularCodeGen3_A2_B1.mk
-rw-rw-r--   1 travis travis   1393 Aug  1 15:26 ModularCodeGen3_A2_B1_profile.class
-rw-rw-r--   1 travis travis   1458 Aug  1 15:26 ModularCodeGen3_A2_B1_profile.java
-rw-rw-r--   1 travis travis   3973 Aug  1 15:26 ModularCodeGen3_A2_B2.class
-rw-rw-r--   1 travis travis   9958 Aug  1 15:26 ModularCodeGen3_A2_B2.java
-rw-rw-r--   1 travis travis    880 Aug  1 15:26 ModularCodeGen3_A2_B2.mk
-rw-rw-r--   1 travis travis   1330 Aug  1 15:26 ModularCodeGen3_A2_B2_profile.class
-rw-rw-r--   1 travis travis   1274 Aug  1 15:26 ModularCodeGen3_A2_B2_profile.java
-rw-rw-r--   1 travis travis   5270 Aug  1 15:26 ModularCodeGen3_A2.class
-rw-rw-r--   1 travis travis  15957 Aug  1 15:26 ModularCodeGen3_A2.java
-rw-rw-r--   1 travis travis    856 Aug  1 15:26 ModularCodeGen3_A2.mk
-rw-rw-r--   1 travis travis   1445 Aug  1 15:26 ModularCodeGen3_A2_profile.class
-rw-rw-r--   1 travis travis   1716 Aug  1 15:26 ModularCodeGen3_A2_profile.java
-rw-rw-r--   1 travis travis   4026 Aug  1 15:26 ModularCodeGen4_A1_B1.class
-rw-rw-r--   1 travis travis  10312 Aug  1 15:26 ModularCodeGen4_A1_B1.java
-rw-rw-r--   1 travis travis    880 Aug  1 15:26 ModularCodeGen4_A1_B1.mk
-rw-rw-r--   1 travis travis   1330 Aug  1 15:26 ModularCodeGen4_A1_B1_profile.class
-rw-rw-r--   1 travis travis   1273 Aug  1 15:26 ModularCodeGen4_A1_B1_profile.java
-rw-rw-r--   1 travis travis   4026 Aug  1 15:26 ModularCodeGen4_A1_B2.class
-rw-rw-r--   1 travis travis  10312 Aug  1 15:26 ModularCodeGen4_A1_B2.java
-rw-rw-r--   1 travis travis    880 Aug  1 15:26 ModularCodeGen4_A1_B2.mk
-rw-rw-r--   1 travis travis   1330 Aug  1 15:26 ModularCodeGen4_A1_B2_profile.class
-rw-rw-r--   1 travis travis   1273 Aug  1 15:26 ModularCodeGen4_A1_B2_profile.java
-rw-rw-r--   1 travis travis   5333 Aug  1 15:26 ModularCodeGen4_A1.class
-rw-rw-r--   1 travis travis  16245 Aug  1 15:26 ModularCodeGen4_A1.java
-rw-rw-r--   1 travis travis    856 Aug  1 15:26 ModularCodeGen4_A1.mk
-rw-rw-r--   1 travis travis   1445 Aug  1 15:26 ModularCodeGen4_A1_profile.class
-rw-rw-r--   1 travis travis   1712 Aug  1 15:26 ModularCodeGen4_A1_profile.java
-rw-rw-r--   1 travis travis   4220 Aug  1 15:26 ModularCodeGen4_A2_B1.class
-rw-rw-r--   1 travis travis  11375 Aug  1 15:26 ModularCodeGen4_A2_B1.java
-rw-rw-r--   1 travis travis    880 Aug  1 15:26 ModularCodeGen4_A2_B1.mk
-rw-rw-r--   1 travis travis   1393 Aug  1 15:26 ModularCodeGen4_A2_B1_profile.class
-rw-rw-r--   1 travis travis   1454 Aug  1 15:26 ModularCodeGen4_A2_B1_profile.java
-rw-rw-r--   1 travis travis   4074 Aug  1 15:26 ModularCodeGen4_A2_B2.class
-rw-rw-r--   1 travis travis  10378 Aug  1 15:26 ModularCodeGen4_A2_B2.java
-rw-rw-r--   1 travis travis    880 Aug  1 15:26 ModularCodeGen4_A2_B2.mk
-rw-rw-r--   1 travis travis   1330 Aug  1 15:26 ModularCodeGen4_A2_B2_profile.class
-rw-rw-r--   1 travis travis   1270 Aug  1 15:26 ModularCodeGen4_A2_B2_profile.java
-rw-rw-r--   1 travis travis   5506 Aug  1 15:26 ModularCodeGen4_A2.class
-rw-rw-r--   1 travis travis  16770 Aug  1 15:26 ModularCodeGen4_A2.java
-rw-rw-r--   1 travis travis    856 Aug  1 15:26 ModularCodeGen4_A2.mk
-rw-rw-r--   1 travis travis   1445 Aug  1 15:26 ModularCodeGen4_A2_profile.class
-rw-rw-r--   1 travis travis   1712 Aug  1 15:26 ModularCodeGen4_A2_profile.java
-rw-rw-r--   1 travis travis   7070 Aug  1 15:26 ModularCodeGen5_A_A.class
-rw-rw-r--   1 travis travis  28721 Aug  1 15:26 ModularCodeGen5_A_A.java
-rw-rw-r--   1 travis travis    864 Aug  1 15:26 ModularCodeGen5_A_A.mk
-rw-rw-r--   1 travis travis   1520 Aug  1 15:26 ModularCodeGen5_A_A_profile.class
-rw-rw-r--   1 travis travis   1815 Aug  1 15:26 ModularCodeGen5_A_A_profile.java
-rw-rw-r--   1 travis travis   5347 Aug  1 15:26 ModularCodeGen5_A.class
-rw-rw-r--   1 travis travis  13769 Aug  1 15:26 ModularCodeGen5_A.java
-rw-rw-r--   1 travis travis    848 Aug  1 15:26 ModularCodeGen5_A.mk
-rw-rw-r--   1 travis travis   1422 Aug  1 15:26 ModularCodeGen5_A_profile.class
-rw-rw-r--   1 travis travis   1605 Aug  1 15:26 ModularCodeGen5_A_profile.java
-rw-rw-r--   1 travis travis   4357 Aug  1 15:26 ModularCodeGen6_A_A2.class
-rw-rw-r--   1 travis travis  11329 Aug  1 15:26 ModularCodeGen6_A_A2.java
-rw-rw-r--   1 travis travis    872 Aug  1 15:26 ModularCodeGen6_A_A2.mk
-rw-rw-r--   1 travis travis   1351 Aug  1 15:26 ModularCodeGen6_A_A2_profile.class
-rw-rw-r--   1 travis travis   1364 Aug  1 15:26 ModularCodeGen6_A_A2_profile.java
-rw-rw-r--   1 travis travis   4340 Aug  1 15:26 ModularCodeGen6_A_A.class
-rw-rw-r--   1 travis travis  11221 Aug  1 15:26 ModularCodeGen6_A_A.java
-rw-rw-r--   1 travis travis    864 Aug  1 15:26 ModularCodeGen6_A_A.mk
-rw-rw-r--   1 travis travis   1348 Aug  1 15:26 ModularCodeGen6_A_A_profile.class
-rw-rw-r--   1 travis travis   1361 Aug  1 15:26 ModularCodeGen6_A_A_profile.java
-rw-rw-r--   1 travis travis   7469 Aug  1 15:26 ModularCodeGen6_A.class
-rw-rw-r--   1 travis travis  26535 Aug  1 15:26 ModularCodeGen6_A.java
-rw-rw-r--   1 travis travis    848 Aug  1 15:26 ModularCodeGen6_A.mk
-rw-rw-r--   1 travis travis   1483 Aug  1 15:26 ModularCodeGen6_A_profile.class
-rw-rw-r--   1 travis travis   1810 Aug  1 15:26 ModularCodeGen6_A_profile.java
-rw-rw-r--   1 travis travis   9633 Aug  1 15:26 ModularCodeGenLazyPubSubGlobal_CompositeActor_ModularCodeGenTypedComposite.class
-rw-rw-r--   1 travis travis  30161 Aug  1 15:26 ModularCodeGenLazyPubSubGlobal_CompositeActor_ModularCodeGenTypedComposite.java
-rw-rw-r--   1 travis travis   1304 Aug  1 15:26 ModularCodeGenLazyPubSubGlobal_CompositeActor_ModularCodeGenTypedComposite.mk
-rw-rw-r--   1 travis travis   1438 Aug  1 15:26 ModularCodeGenLazyPubSubGlobal_CompositeActor_ModularCodeGenTypedComposite_profile.class
-rw-rw-r--   1 travis travis   1384 Aug  1 15:26 ModularCodeGenLazyPubSubGlobal_CompositeActor_ModularCodeGenTypedComposite_profile.java
-rw-rw-r--   1 travis travis   4184 Aug  1 15:26 ModularCodeGenLazyPubSub_LazyCompositeActor.class
-rw-rw-r--   1 travis travis  11122 Aug  1 15:26 ModularCodeGenLazyPubSub_LazyCompositeActor.java
-rw-rw-r--   1 travis travis   1056 Aug  1 15:26 ModularCodeGenLazyPubSub_LazyCompositeActor.mk
-rw-rw-r--   1 travis travis   1286 Aug  1 15:26 ModularCodeGenLazyPubSub_LazyCompositeActor_profile.class
-rw-rw-r--   1 travis travis   1091 Aug  1 15:26 ModularCodeGenLazyPubSub_LazyCompositeActor_profile.java
-rw-rw-r--   1 travis travis   4186 Aug  1 15:25 ModularCodeGen_ModularCodeGenTypedCompositeActor.class
-rw-rw-r--   1 travis travis  10970 Aug  1 15:25 ModularCodeGen_ModularCodeGenTypedCompositeActor.java
-rw-rw-r--   1 travis travis   1096 Aug  1 15:25 ModularCodeGen_ModularCodeGenTypedCompositeActor.mk
-rw-rw-r--   1 travis travis   1384 Aug  1 15:25 ModularCodeGen_ModularCodeGenTypedCompositeActor_profile.class
-rw-rw-r--   1 travis travis   1328 Aug  1 15:25 ModularCodeGen_ModularCodeGenTypedCompositeActor_profile.java
-rw-rw-r--   1 travis travis   3673 Aug  1 15:26 ModularCodeGenPubSub2_A1_A.class
-rw-rw-r--   1 travis travis   8578 Aug  1 15:26 ModularCodeGenPubSub2_A1_A.java
-rw-rw-r--   1 travis travis    920 Aug  1 15:26 ModularCodeGenPubSub2_A1_A.mk
-rw-rw-r--   1 travis travis   1274 Aug  1 15:26 ModularCodeGenPubSub2_A1_A_profile.class
-rw-rw-r--   1 travis travis   1128 Aug  1 15:26 ModularCodeGenPubSub2_A1_A_profile.java
-rw-rw-r--   1 travis travis   3965 Aug  1 15:26 ModularCodeGenPubSub2_A1.class
-rw-rw-r--   1 travis travis   9781 Aug  1 15:26 ModularCodeGenPubSub2_A1.java
-rw-rw-r--   1 travis travis    904 Aug  1 15:26 ModularCodeGenPubSub2_A1.mk
-rw-rw-r--   1 travis travis   1268 Aug  1 15:26 ModularCodeGenPubSub2_A1_profile.class
-rw-rw-r--   1 travis travis   1196 Aug  1 15:26 ModularCodeGenPubSub2_A1_profile.java
-rw-rw-r--   1 travis travis   3669 Aug  1 15:26 ModularCodeGenPubSub3_A1_A2.class
-rw-rw-r--   1 travis travis   8599 Aug  1 15:26 ModularCodeGenPubSub3_A1_A2.java
-rw-rw-r--   1 travis travis    928 Aug  1 15:26 ModularCodeGenPubSub3_A1_A2.mk
-rw-rw-r--   1 travis travis   1287 Aug  1 15:26 ModularCodeGenPubSub3_A1_A2_profile.class
-rw-rw-r--   1 travis travis   1132 Aug  1 15:26 ModularCodeGenPubSub3_A1_A2_profile.java
-rw-rw-r--   1 travis travis   1400 Aug  1 15:26 ModularCodeGenPubSub3_A1_profile.java
-rw-rw-r--   1 travis travis   3707 Aug  1 15:26 ModularCodeGenPubSub_A1.class
-rw-rw-r--   1 travis travis   9060 Aug  1 15:26 ModularCodeGenPubSub_A1.java
-rw-rw-r--   1 travis travis    896 Aug  1 15:26 ModularCodeGenPubSub_A1.mk
-rw-rw-r--   1 travis travis   1278 Aug  1 15:26 ModularCodeGenPubSub_A1_profile.class
-rw-rw-r--   1 travis travis   1195 Aug  1 15:26 ModularCodeGenPubSub_A1_profile.java
-rw-rw-r--   1 travis travis   3724 Aug  1 15:25 ModularCodeGenTest_A1_A2.class
-rw-rw-r--   1 travis travis   9164 Aug  1 15:25 ModularCodeGenTest_A1_A2.java
-rw-rw-r--   1 travis travis   1306 Aug  1 15:25 ModularCodeGenTest_A1_A2_profile.class
-rw-rw-r--   1 travis travis   4055 Aug  1 15:25 ModularCodeGenTest_A1.class
-rw-rw-r--   1 travis travis   9968 Aug  1 15:25 ModularCodeGenTest_A1.java
-rw-rw-r--   1 travis travis    880 Aug  1 15:25 ModularCodeGenTest_A1.mk
-rw-rw-r--   1 travis travis   1352 Aug  1 15:25 ModularCodeGenTest_A1_profile.class
-rw-rw-r--   1 travis travis   1394 Aug  1 15:25 ModularCodeGenTest_A1_profile.java
drwxrwxr-x   3 travis travis  32768 Aug  1 15:24 modulation2
drwxrwxr-x 183 travis travis  12288 Aug  1 15:25 node_modules
drwxrwxr-x   3 travis travis  20480 Aug  1 15:21 PhaseUnwrap
drwxrwxr-x   3 travis travis  12288 Aug  1 15:21 ReadFile1
-rw-rw-r--   1 travis travis     11 Aug  1 15:21 ReadFile1Output.txt
-rw-rw-r--   1 travis travis  13773 Aug  1 15:24 Repeat.class
-rw-rw-r--   1 travis travis    685 Aug  1 15:24 Repeat$_fireFunction_Repeat_Repeat$__f_sL_11.class
-rw-rw-r--   1 travis travis    541 Aug  1 15:24 Repeat$_fireFunction_Repeat_Repeat$__f_sL_12.class
-rw-rw-r--   1 travis travis    541 Aug  1 15:24 Repeat$_fireFunction_Repeat_Repeat$__f_sL_13.class
-rw-rw-r--   1 travis travis    541 Aug  1 15:24 Repeat$_fireFunction_Repeat_Repeat$__f_sL_14.class
-rw-rw-r--   1 travis travis    684 Aug  1 15:24 Repeat$_fireFunction_Repeat_Repeat$__f_sL_1.class
-rw-rw-r--   1 travis travis    683 Aug  1 15:24 Repeat$_fireFunction_Repeat_Repeat$__f_sL_4.class
-rw-rw-r--   1 travis travis    539 Aug  1 15:24 Repeat$_fireFunction_Repeat_Repeat$__f_sL_9.class
-rw-rw-r--   1 travis travis    494 Aug  1 15:24 Repeat$_initialize_Repeat$__i_sL_2.class
-rw-rw-r--   1 travis travis   1281 Aug  1 15:24 Repeat.mk
-rw-rw-r--   1 travis travis    539 Aug  1 15:24 Repeat$_preinitializeMethod_Repeat$__p_sL_0.class
-rw-rw-r--   1 travis travis   1102 Aug  1 15:24 Repeat$_Repeat$_fireFunction_Repeat_AddSubtract_Repeat.class
-rw-rw-r--   1 travis travis    810 Aug  1 15:24 Repeat$_Repeat$_fireFunction_Repeat_AddSubtract_Repeat$__f_sL_0.class
-rw-rw-r--   1 travis travis    928 Aug  1 15:24 Repeat$_Repeat$_fireFunction_Repeat_AddSubtract_Repeat$__f_sL_1.class
-rw-rw-r--   1 travis travis    934 Aug  1 15:24 Repeat$_Repeat$_fireFunction_Repeat_AddSubtract_Repeat$__f_sL_2.class
-rw-rw-r--   1 travis travis    862 Aug  1 15:24 Repeat$_Repeat$_fireFunction_Repeat_AddSubtract_Repeat$__f_sL_3.class
-rw-rw-r--   1 travis travis    757 Aug  1 15:24 Repeat$_Repeat$_fireFunction_Repeat_Ramp2_Repeat$__f_sL_0.class
-rw-rw-r--   1 travis travis    888 Aug  1 15:24 Repeat$_Repeat$_fireFunction_Repeat_Test_Repeat$__f_sL_0.class
-rw-rw-r--   1 travis travis    634 Aug  1 15:24 Repeat$_Repeat$_fireFunction_Repeat_Test_Repeat$__f_sL_1.class
-rw-rw-r--   1 travis travis    704 Aug  1 15:24 Repeat$_Repeat_SDF_Director_run_Repeat$__R_sL_0.class
-rw-rw-r--   1 travis travis    705 Aug  1 15:24 Repeat$_Repeat_SDF_Director_run_Repeat$__R_sL_11.class
-rw-rw-r--   1 travis travis    561 Aug  1 15:24 Repeat$_Repeat_SDF_Director_run_Repeat$__R_sL_13.class
-rw-rw-r--   1 travis travis    559 Aug  1 15:24 Repeat$_Repeat_SDF_Director_run_Repeat$__R_sL_2.class
-rw-rw-r--   1 travis travis    703 Aug  1 15:24 Repeat$_Repeat_SDF_Director_run_Repeat$__R_sL_3.class
-rw-rw-r--   1 travis travis    559 Aug  1 15:24 Repeat$_Repeat_SDF_Director_run_Repeat$__R_sL_5.class
-rw-rw-r--   1 travis travis    559 Aug  1 15:24 Repeat$_Repeat_SDF_Director_run_Repeat$__R_sL_8.class
drwxrwxr-x   2 travis travis   4096 Aug  1 15:24 RepeatVariables
-rw-rw-r--   1 travis travis    882 Aug  1 15:24 Repeat$_varinit_Repeat.class
-rw-rw-r--   1 travis travis    550 Aug  1 15:24 Repeat$_varinit_Repeat$__v_sL_2.class
-rw-rw-r--   1 travis travis    924 Aug  1 15:24 Repeat$_varinit_Repeat$__v_sL_4.class
-rw-rw-r--   1 travis travis    978 Aug  1 15:24 Repeat$_wrapup_Repeat$__w_sL_1.class
drwxrwxr-x   3 travis travis  20480 Aug  1 15:21 Sinewave
drwxrwxr-x   3 travis travis  32768 Aug  1 15:23 StringFunction
drwxrwxr-x   3 travis travis  12288 Aug  1 15:23 StringLength
drwxrwxr-x   3 travis travis  61440 Aug  1 15:23 StringMatches2
drwxrwxr-x   3 travis travis  61440 Aug  1 15:23 StringSimpleReplace
drwxrwxr-x   3 travis travis  65536 Aug  1 15:23 StringSubstring
drwxrwxr-x   3 travis travis  24576 Aug  1 15:24 StringSubstring2
drwxrwxr-x   3 travis travis  16384 Aug  1 15:24 time1
drwxrwxr-x   3 travis travis  12288 Aug  1 15:24 time5
-rw-rw-r--   1 travis travis    432 Aug  1 15:26 Token.class
-rw-rw-r--   1 travis travis    251 Aug  1 15:26 Token.java
-rwxrwxr-x   1 travis travis 466992 Aug  1 15:18 top
-rw-rw-r--   1 travis travis  20502 Aug  1 15:18 top.c
-rw-rw-r--   1 travis travis   3799 Aug  1 15:24 top.class
-rw-rw-r--   1 travis travis   1257 Aug  1 15:24 top.mk
In "/home/travis/cg", about to execute:
    javac -classpath
.:/home/travis/build/icyphy/ptII:/home/travis/build/icyphy/ptII/lib/bsh-2.0b4.j
ar:/home/travis/build/icyphy/ptII/lib/ptCal.jar:/home/travis/build/icyphy/ptII/
lib/java_cup.jar:/home/travis/build/icyphy/ptII/lib/saxon8.jar:/home/travis/bui
ld/icyphy/ptII/lib/saxon8-dom.jar:/home/travis/build/icyphy/ptII/lib/chic.jar:/
home/travis/build/icyphy/ptII/lib/ptcolt.jar:/home/travis/build/icyphy/ptII/ven
dors/misc/itext/iText.jar:/home/travis/build/icyphy/ptII/lib/g4ltl.jar:/home/tr
avis/build/icyphy/ptII/lib/StructuralCoder.jar:/home/travis/build/icyphy/ptII/l
ib/jcerti.jar:/home/travis/build/icyphy/ptII/lib/javax.mail.jar:/home/travis/bu
ild/icyphy/ptII/vendors/JMF-2.1.1e/lib/jmf.jar:/home/travis/build/icyphy/ptII/l
ib/jna-4.0.0-variadic.jar:/home/travis/build/icyphy/ptII/vendors/misc/joystick/
Joystick.jar:/home/travis/build/icyphy/ptII/lib/ptjacl.jar:/home/travis/build/i
cyphy/ptII/lib/jsoup-1.8.2.jar:/home/travis/build/icyphy/ptII/lib/junit-4.8.2.j
ar:/home/travis/build/icyphy/ptII/lib/JUnitParams-0.4.0.jar:/home/travis/build/
icyphy/ptII/ptolemy/actor/lib/excel/jxl.jar:/home/travis/build/icyphy/ptII/lib/
jython.jar:/home/travis/build/icyphy/ptII/lib/kieler.jar:/home/travis/build/icy
phy/ptII/vendors/opencv/share/OpenCV/java/opencv-341.jar:/home/travis/build/icy
phy/ptII/lib/oscP5.jar:/home/travis/build/icyphy/ptII/lib/nrjavaserial-3.11.0.d
evel.jar:/home/travis/build/icyphy/ptII/vendors/j3d/lib/Linux/j3dcore.jar:/home
/travis/build/icyphy/ptII/vendors/j3d/lib/Linux/j3dutils.jar:/home/travis/build
/icyphy/ptII/vendors/j3d/lib/Linux/vecmath.jar:/home/travis/build/icyphy/ptII/v
endors/jogl/lib/Linux/gluegen-rt-natives-linux-amd64.jar:/home/travis/build/icy
phy/ptII/vendors/jogl/lib/Linux/gluegen-rt.jar:/home/travis/build/icyphy/ptII/v
endors/jogl/lib/Linux/jogl-all-natives-linux-amd64.jar:/home/travis/build/icyph
y/ptII/vendors/jogl/lib/Linux/jogl-all.jar:/home/travis/build/icyphy/ptII/ptole
my/distributed/jini/jar/jini-core.jar:/home/travis/build/icyphy/ptII/ptolemy/di
stributed/jini/jar/jini-ext.jar:/home/travis/build/icyphy/ptII/ptolemy/distribu
ted/jini/jar/sun-util.jar:/home/travis/build/icyphy/ptII/lib/protobuf-java-2.4.
1.jar:/home/travis/build/icyphy/ptII/lib/org.eclipse.paho.client.mqttv3.jar:/ho
me/travis/build/icyphy/ptII/lib/mapss.jar:/home/travis/build/icyphy/ptII/ptolem
y/actor/ptalon/antlr/antlr.jar:/home/travis/build/icyphy/ptII/lib/JRI.jar:/home
/travis/build/icyphy/ptII/lib/commons-lang-2.6.jar:/home/travis/build/icyphy/pt
II/lib/commons-logging-1.1.1.jar:/home/travis/build/icyphy/ptII/lib/sootclasses
.jar:/home/travis/build/icyphy/ptII/ptolemy/actor/lib/database/mysql-connector-
java-5.1.6-bin.jar:/home/travis/build/icyphy/ptII/vendors/misc/sphinx4/sphinx4-
data-5prealpha.jar:/home/travis/build/icyphy/ptII/vendors/misc/sphinx4/sphinx4-
core-5prealpha.jar:/home/travis/build/icyphy/ptII/lib/PDFRenderer.jar:/home/tra
vis/build/icyphy/ptII/lib/svgSalamander.jar:/home/travis/build/icyphy/ptII/lib/
rsyntaxtextarea-2.6.0-SNAPSHOT.jar:/home/travis/build/icyphy/ptII/lib/hazelcast
-3.8.2.jar:/home/travis/build/icyphy/ptII/lib/jackson-annotations-2.9.0.jar:/ho
me/travis/build/icyphy/ptII/lib/jackson-core-2.9.3.jar:/home/travis/build/icyph
y/ptII/lib/jackson-databind-2.9.3.jar:/home/travis/build/icyphy/ptII/lib/netty-
buffer-4.1.19.Final.jar:/home/travis/build/icyphy/ptII/lib/netty-codec-4.1.19.F
inal.jar:/home/travis/build/icyphy/ptII/lib/netty-codec-dns-4.1.19.Final.jar:/h
ome/travis/build/icyphy/ptII/lib/netty-codec-http-4.1.19.Final.jar:/home/travis
/build/icyphy/ptII/lib/netty-codec-http2-4.1.19.Final.jar:/home/travis/build/ic
yphy/ptII/lib/netty-common-4.1.19.Final.jar:/home/travis/build/icyphy/ptII/lib/
netty-handler-4.1.19.Final.jar:/home/travis/build/icyphy/ptII/lib/netty-resolve
r-4.1.19.Final.jar:/home/travis/build/icyphy/ptII/lib/netty-resolver-dns-4.1.19
.Final.jar:/home/travis/build/icyphy/ptII/lib/netty-transport-4.1.19.Final.jar:
/home/travis/build/icyphy/ptII/lib/vertx-codegen-3.5.1.jar:/home/travis/build/i
cyphy/ptII/lib/vertx-core-3.5.2-SNAPSHOT.jar:/home/travis/build/icyphy/ptII/lib
/vertx-hazelcast-3.5.1.jar:/home/travis/build/icyphy/ptII/lib/vertx-lang-js-3.5
.1.jar:/home/travis/build/icyphy/ptII/lib/vertx-service-proxy-3.5.1.jar:/home/t
ravis/build/icyphy/ptII/lib/vertx-web-3.5.1.jar:/home/travis/build/icyphy/ptII/
lib/slf4j-api-1.7.13.jar:/home/travis/build/icyphy/ptII/lib/slf4j-simple-1.7.13
.jar:/home/travis/build/icyphy/ptII/lib/webcam-capture-0.3.12.jar:/home/travis/
build/icyphy/ptII/lib/bridj-0.7.0.jar:/home/travis/build/icyphy/ptII/lib/xbjlib
-1.1.0.nrjavaserial.jar:/home/travis/build/icyphy/ptII/ptolemy/moml/test:/home/
travis/build/icyphy/ptII/ant/lib/ant-launcher.jar:/home/travis/build/icyphy/ptI
I/ant/lib/ant.jar:/home/travis/build/icyphy/ptII/ant/lib/ant-junit.jar:/home/tr
avis/build/icyphy/ptII/ant/lib/ant-junit4.jar:/home/travis/build/icyphy/ptII
ModularCodeGenPubSub3_A1_profile.java
All Done
Writing ModularCodeGenPubSub3_A1.java in file:/home/travis/cg/ (10100 characters)
Reading "ptolemy/cg/kernel/generic/program/procedural/java/modular/makefile.in",
    writing "/home/travis/cg/ModularCodeGenPubSub3_A1.mk"
Using ptolemy/cg/kernel/generic/program/procedural/java/modular/makefile.in
In "/home/travis/cg", about to execute:
    make -f ModularCodeGenPubSub3_A1.mk
javac -classpath ".:.."    ModularCodeGenPubSub3_A1.java
All Done
5227 ms. Memory: 129024K Free: 48874K (38%)
----------------- Invoking toplevel() on ptolemy.moml.MoMLSimpleApplication@342d1c04
----------------- Done invoking toplevel() on ptolemy.moml.MoMLSimpleApplication@342d1c04
reloadAllAccessors: .ModularCodeGenPubSub3

===========================================================================================
----------------- testing Sat Aug 01 15:27:00 UTC 2020 /home/travis/build/icyphy/ptII/ptolemy/cg/lib/test/auto/ModularCodeGenPubSub4.xml
----------------- Instantiating /home/travis/build/icyphy/ptII/ptolemy/cg/lib/test/auto/ModularCodeGenPubSub4.xml
In "/home/travis/cg", about to execute:
    pwd
In "/home/travis/cg", about to execute:
    ls -l
/home/travis/cg
In "/home/travis/cg", about to execute:
    javac -classpath
.:/home/travis/build/icyphy/ptII:/home/travis/build/icyphy/ptII/lib/bsh-2.0b4.j
ar:/home/travis/build/icyphy/ptII/lib/ptCal.jar:/home/travis/build/icyphy/ptII/
lib/java_cup.jar:/home/travis/build/icyphy/ptII/lib/saxon8.jar:/home/travis/bui
ld/icyphy/ptII/lib/saxon8-dom.jar:/home/travis/build/icyphy/ptII/lib/chic.jar:/
home/travis/build/icyphy/ptII/lib/ptcolt.jar:/home/travis/build/icyphy/ptII/ven
dors/misc/itext/iText.jar:/home/travis/build/icyphy/ptII/lib/g4ltl.jar:/home/tr
avis/build/icyphy/ptII/lib/StructuralCoder.jar:/home/travis/build/icyphy/ptII/l
ib/jcerti.jar:/home/travis/build/icyphy/ptII/lib/javax.mail.jar:/home/travis/bu
ild/icyphy/ptII/vendors/JMF-2.1.1e/lib/jmf.jar:/home/travis/build/icyphy/ptII/l
ib/jna-4.0.0-variadic.jar:/home/travis/build/icyphy/ptII/vendors/misc/joystick/
Joystick.jar:/home/travis/build/icyphy/ptII/lib/ptjacl.jar:/home/travis/build/i
cyphy/ptII/lib/jsoup-1.8.2.jar:/home/travis/build/icyphy/ptII/lib/junit-4.8.2.j
ar:/home/travis/build/icyphy/ptII/lib/JUnitParams-0.4.0.jar:/home/travis/build/
icyphy/ptII/ptolemy/actor/lib/excel/jxl.jar:/home/travis/build/icyphy/ptII/lib/
jython.jar:/home/travis/build/icyphy/ptII/lib/kieler.jar:/home/travis/build/icy
phy/ptII/vendors/opencv/share/OpenCV/java/opencv-341.jar:/home/travis/build/icy
phy/ptII/lib/oscP5.jar:/home/travis/build/icyphy/ptII/lib/nrjavaserial-3.11.0.d
evel.jar:/home/travis/build/icyphy/ptII/vendors/j3d/lib/Linux/j3dcore.jar:/home
/travis/build/icyphy/ptII/vendors/j3d/lib/Linux/j3dutils.jar:/home/travis/build
/icyphy/ptII/vendors/j3d/lib/Linux/vecmath.jar:/home/travis/build/icyphy/ptII/v
endors/jogl/lib/Linux/gluegen-rt-natives-linux-amd64.jar:/home/travis/build/icy
phy/ptII/vendors/jogl/lib/Linux/gluegen-rt.jar:/home/travis/build/icyphy/ptII/v
endors/jogl/lib/Linux/jogl-all-natives-linux-amd64.jar:/home/travis/build/icyph
y/ptII/vendors/jogl/lib/Linux/jogl-all.jar:/home/travis/build/icyphy/ptII/ptole
my/distributed/jini/jar/jini-core.jar:/home/travis/build/icyphy/ptII/ptolemy/di
stributed/jini/jar/jini-ext.jar:/home/travis/build/icyphy/ptII/ptolemy/distribu
ted/jini/jar/sun-util.jar:/home/travis/build/icyphy/ptII/lib/protobuf-java-2.4.
1.jar:/home/travis/build/icyphy/ptII/lib/org.eclipse.paho.client.mqttv3.jar:/ho
me/travis/build/icyphy/ptII/lib/mapss.jar:/home/travis/build/icyphy/ptII/ptolem
y/actor/ptalon/antlr/antlr.jar:/home/travis/build/icyphy/ptII/lib/JRI.jar:/home
/travis/build/icyphy/ptII/lib/commons-lang-2.6.jar:/home/travis/build/icyphy/pt
II/lib/commons-logging-1.1.1.jar:/home/travis/build/icyphy/ptII/lib/sootclasses
.jar:/home/travis/build/icyphy/ptII/ptolemy/actor/lib/database/mysql-connector-
java-5.1.6-bin.jar:/home/travis/build/icyphy/ptII/vendors/misc/sphinx4/sphinx4-
data-5prealpha.jar:/home/travis/build/icyphy/ptII/vendors/misc/sphinx4/sphinx4-
core-5prealpha.jar:/home/travis/build/icyphy/ptII/lib/PDFRenderer.jar:/home/tra
vis/build/icyphy/ptII/lib/svgSalamander.jar:/home/travis/build/icyphy/ptII/lib/
rsyntaxtextarea-2.6.0-SNAPSHOT.jar:/home/travis/build/icyphy/ptII/lib/hazelcast
-3.8.2.jar:/home/travis/build/icyphy/ptII/lib/jackson-annotations-2.9.0.jar:/ho
me/travis/build/icyphy/ptII/lib/jackson-core-2.9.3.jar:/home/travis/build/icyph
y/ptII/lib/jackson-databind-2.9.3.jar:/home/travis/build/icyphy/ptII/lib/netty-
buffer-4.1.19.Final.jar:/home/travis/build/icyphy/ptII/lib/netty-codec-4.1.19.F
inal.jar:/home/travis/build/icyphy/ptII/lib/netty-codec-dns-4.1.19.Final.jar:/h
ome/travis/build/icyphy/ptII/lib/netty-codec-http-4.1.19.Final.jar:/home/travis
/build/icyphy/ptII/lib/netty-codec-http2-4.1.19.Final.jar:/home/travis/build/ic
yphy/ptII/lib/netty-common-4.1.19.Final.jar:/home/travis/build/icyphy/ptII/lib/
netty-handler-4.1.19.Final.jar:/home/travis/build/icyphy/ptII/lib/netty-resolve
r-4.1.19.Final.jar:/home/travis/build/icyphy/ptII/lib/netty-resolver-dns-4.1.19
.Final.jar:/home/travis/build/icyphy/ptII/lib/netty-transport-4.1.19.Final.jar:
/home/travis/build/icyphy/ptII/lib/vertx-codegen-3.5.1.jar:/home/travis/build/i
cyphy/ptII/lib/vertx-core-3.5.2-SNAPSHOT.jar:/home/travis/build/icyphy/ptII/lib
/vertx-hazelcast-3.5.1.jar:/home/travis/build/icyphy/ptII/lib/vertx-lang-js-3.5
.1.jar:/home/travis/build/icyphy/ptII/lib/vertx-service-proxy-3.5.1.jar:/home/t
ravis/build/icyphy/ptII/lib/vertx-web-3.5.1.jar:/home/travis/build/icyphy/ptII/
lib/slf4j-api-1.7.13.jar:/home/travis/build/icyphy/ptII/lib/slf4j-simple-1.7.13
.jar:/home/travis/build/icyphy/ptII/lib/webcam-capture-0.3.12.jar:/home/travis/
build/icyphy/ptII/lib/bridj-0.7.0.jar:/home/travis/build/icyphy/ptII/lib/xbjlib
-1.1.0.nrjavaserial.jar:/home/travis/build/icyphy/ptII/ptolemy/moml/test:/home/
travis/build/icyphy/ptII/ant/lib/ant-launcher.jar:/home/travis/build/icyphy/ptI
I/ant/lib/ant.jar:/home/travis/build/icyphy/ptII/ant/lib/ant-junit.jar:/home/tr
avis/build/icyphy/ptII/ant/lib/ant-junit4.jar:/home/travis/build/icyphy/ptII
ModularCodeGenPubSub4_A1_A_profile.java
total 2548
drwxrwxr-x   3 travis travis  12288 Aug  1 15:20 AbsoluteValue
drwxrwxr-x   3 travis travis 102400 Aug  1 15:19 AllColt
-rw-rw-r--   1 travis travis    233 Aug  1 15:26 Array.class
-rw-rw-r--   1 travis travis    459 Aug  1 15:26 Array.java
drwxrwxr-x   3 travis travis  12288 Aug  1 15:19 Case1
-rw-rw-r--   1 travis travis   5128 Aug  1 15:25 CompiledCompositeActor_CompiledCompositeActor.class
-rw-rw-r--   1 travis travis   1611 Aug  1 15:25 CompiledCompositeActor_CompiledCompositeActor$_CompiledCompositeActor_CompiledCompositeActor.class
-rw-rw-r--   1 travis travis  13466 Aug  1 15:25 CompiledCompositeActor_CompiledCompositeActor.java
-rw-rw-r--   1 travis travis   1593 Aug  1 15:25 CompiledCompositeActor_CompiledCompositeActor.mk
drwxrwxr-x   5 travis travis   4096 Aug  1 15:18 fmi
drwxrwxr-x   3 travis travis  16384 Aug  1 15:20 Gaussian2
-rw-rw-r--   1 travis travis   4684 Aug  1 15:25 JavaCompiledCompositeTest1_CompiledCompositeActor.class
-rw-rw-r--   1 travis travis  11637 Aug  1 15:25 JavaCompiledCompositeTest1_CompiledCompositeActor.java
-rw-rw-r--   1 travis travis   1217 Aug  1 15:25 JavaCompiledCompositeTest1_CompiledCompositeActor$_JavaCompiledCompositeTest1_CompiledCompositeActor.class
-rw-rw-r--   1 travis travis   1625 Aug  1 15:25 JavaCompiledCompositeTest1_CompiledCompositeActor.mk
-rw-rw-r--   1 travis travis   5115 Aug  1 15:25 JavaCompiledCompositeTest2_CompiledCompositeActor.class
-rw-rw-r--   1 travis travis  14919 Aug  1 15:25 JavaCompiledCompositeTest2_CompiledCompositeActor.java
-rw-rw-r--   1 travis travis   1812 Aug  1 15:25 JavaCompiledCompositeTest2_CompiledCompositeActor$_JavaCompiledCompositeTest2_CompiledCompositeActor.class
-rw-rw-r--   1 travis travis   1625 Aug  1 15:25 JavaCompiledCompositeTest2_CompiledCompositeActor.mk
-rw-rw-r--   1 travis travis   4732 Aug  1 15:25 JavaCompiledCompositeTest3_CompiledCompositeActor.class
-rw-rw-r--   1 travis travis  13080 Aug  1 15:25 JavaCompiledCompositeTest3_CompiledCompositeActor.java
-rw-rw-r--   1 travis travis   1397 Aug  1 15:25 JavaCompiledCompositeTest3_CompiledCompositeActor$_JavaCompiledCompositeTest3_CompiledCompositeActor.class
-rw-rw-r--   1 travis travis   1625 Aug  1 15:25 JavaCompiledCompositeTest3_CompiledCompositeActor.mk
-rw-rw-r--   1 travis travis   4183 Aug  1 15:25 JavaCompiledCompositeTest4_CompiledCompositeActor.class
-rw-rw-r--   1 travis travis   9687 Aug  1 15:25 JavaCompiledCompositeTest4_CompiledCompositeActor.java
-rw-rw-r--   1 travis travis    876 Aug  1 15:25 JavaCompiledCompositeTest4_CompiledCompositeActor$_JavaCompiledCompositeTest4_CompiledCompositeActor.class
-rw-rw-r--   1 travis travis   1625 Aug  1 15:25 JavaCompiledCompositeTest4_CompiledCompositeActor.mk
drwxrwxr-x   3 travis travis  12288 Aug  1 15:20 LookupTable
drwxrwxr-x   3 travis travis  20480 Aug  1 15:20 MaxIndex
-rw-rw-r--   1 travis travis   3925 Aug  1 15:25 ModularCG_A1_B1.class
-rw-rw-r--   1 travis travis   9730 Aug  1 15:25 ModularCG_A1_B1.java
-rw-rw-r--   1 travis travis    832 Aug  1 15:25 ModularCG_A1_B1.mk
-rw-rw-r--   1 travis travis   1318 Aug  1 15:25 ModularCG_A1_B1_profile.class
-rw-rw-r--   1 travis travis   1262 Aug  1 15:25 ModularCG_A1_B1_profile.java
-rw-rw-r--   1 travis travis   3925 Aug  1 15:25 ModularCG_A1_B2.class
-rw-rw-r--   1 travis travis   9730 Aug  1 15:25 ModularCG_A1_B2.java
-rw-rw-r--   1 travis travis    832 Aug  1 15:25 ModularCG_A1_B2.mk
-rw-rw-r--   1 travis travis   1318 Aug  1 15:25 ModularCG_A1_B2_profile.class
-rw-rw-r--   1 travis travis   1262 Aug  1 15:25 ModularCG_A1_B2_profile.java
-rw-rw-r--   1 travis travis   5031 Aug  1 15:25 ModularCG_A1.class
-rw-rw-r--   1 travis travis  14742 Aug  1 15:25 ModularCG_A1.java
-rw-rw-r--   1 travis travis    808 Aug  1 15:25 ModularCG_A1.mk
-rw-rw-r--   1 travis travis   1433 Aug  1 15:25 ModularCG_A1_profile.class
-rw-rw-r--   1 travis travis   1704 Aug  1 15:25 ModularCG_A1_profile.java
-rw-rw-r--   1 travis travis   4059 Aug  1 15:25 ModularCG_A2_B1.class
-rw-rw-r--   1 travis travis  10667 Aug  1 15:25 ModularCG_A2_B1.java
-rw-rw-r--   1 travis travis    832 Aug  1 15:25 ModularCG_A2_B1.mk
-rw-rw-r--   1 travis travis   1381 Aug  1 15:25 ModularCG_A2_B1_profile.class
-rw-rw-r--   1 travis travis   1446 Aug  1 15:25 ModularCG_A2_B1_profile.java
-rw-rw-r--   1 travis travis   3925 Aug  1 15:25 ModularCG_A2_B2.class
-rw-rw-r--   1 travis travis   9730 Aug  1 15:25 ModularCG_A2_B2.java
-rw-rw-r--   1 travis travis    832 Aug  1 15:25 ModularCG_A2_B2.mk
-rw-rw-r--   1 travis travis   1318 Aug  1 15:25 ModularCG_A2_B2_profile.class
-rw-rw-r--   1 travis travis   1262 Aug  1 15:25 ModularCG_A2_B2_profile.java
-rw-rw-r--   1 travis travis   5102 Aug  1 15:25 ModularCG_A2.class
-rw-rw-r--   1 travis travis  15129 Aug  1 15:25 ModularCG_A2.java
-rw-rw-r--   1 travis travis    808 Aug  1 15:25 ModularCG_A2.mk
-rw-rw-r--   1 travis travis   1433 Aug  1 15:25 ModularCG_A2_profile.class
-rw-rw-r--   1 travis travis   1704 Aug  1 15:25 ModularCG_A2_profile.java
-rw-rw-r--   1 travis travis   3705 Aug  1 15:25 ModularCGPubSub_A1_A2.class
-rw-rw-r--   1 travis travis   9076 Aug  1 15:25 ModularCGPubSub_A1_A2.java
-rw-rw-r--   1 travis travis    880 Aug  1 15:25 ModularCGPubSub_A1_A2.mk
-rw-rw-r--   1 travis travis   1300 Aug  1 15:25 ModularCGPubSub_A1_A2_profile.class
-rw-rw-r--   1 travis travis   1222 Aug  1 15:25 ModularCGPubSub_A1_A2_profile.java
-rw-rw-r--   1 travis travis   4022 Aug  1 15:25 ModularCGPubSub_A1.class
-rw-rw-r--   1 travis travis   9836 Aug  1 15:25 ModularCGPubSub_A1.java
-rw-rw-r--   1 travis travis    856 Aug  1 15:25 ModularCGPubSub_A1.mk
-rw-rw-r--   1 travis travis   1346 Aug  1 15:25 ModularCGPubSub_A1_profile.class
-rw-rw-r--   1 travis travis   1388 Aug  1 15:25 ModularCGPubSub_A1_profile.java
-rw-rw-r--   1 travis travis   4220 Aug  1 15:25 ModularCodeGen2_ModularCodeGenTypedCompositeActor.class
-rw-rw-r--   1 travis travis  11690 Aug  1 15:25 ModularCodeGen2_ModularCodeGenTypedCompositeActor.java
-rw-rw-r--   1 travis travis   1104 Aug  1 15:25 ModularCodeGen2_ModularCodeGenTypedCompositeActor.mk
-rw-rw-r--   1 travis travis   4504 Aug  1 15:25 ModularCodeGen2_ModularCodeGenTypedCompositeActor_ModularCodeGenTypedCompositeActor.class
-rw-rw-r--   1 travis travis  11790 Aug  1 15:25 ModularCodeGen2_ModularCodeGenTypedCompositeActor_ModularCodeGenTypedCompositeActor.java
-rw-rw-r--   1 travis travis   1376 Aug  1 15:25 ModularCodeGen2_ModularCodeGenTypedCompositeActor_ModularCodeGenTypedCompositeActor.mk
-rw-rw-r--   1 travis travis   1421 Aug  1 15:25 ModularCodeGen2_ModularCodeGenTypedCompositeActor_ModularCodeGenTypedCompositeActor_profile.class
-rw-rw-r--   1 travis travis   1294 Aug  1 15:25 ModularCodeGen2_ModularCodeGenTypedCompositeActor_ModularCodeGenTypedCompositeActor_profile.java
-rw-rw-r--   1 travis travis    820 Aug  1 15:25 ModularCodeGen2_ModularCodeGenTypedCompositeActor_profile.class
-rw-rw-r--   1 travis travis    693 Aug  1 15:25 ModularCodeGen2_ModularCodeGenTypedCompositeActor_profile.java
-rw-rw-r--   1 travis travis   3973 Aug  1 15:25 ModularCodeGen3_A1_B1.class
-rw-rw-r--   1 travis travis   9958 Aug  1 15:25 ModularCodeGen3_A1_B1.java
-rw-rw-r--   1 travis travis    880 Aug  1 15:25 ModularCodeGen3_A1_B1.mk
-rw-rw-r--   1 travis travis   1330 Aug  1 15:25 ModularCodeGen3_A1_B1_profile.class
-rw-rw-r--   1 travis travis   1274 Aug  1 15:25 ModularCodeGen3_A1_B1_profile.java
-rw-rw-r--   1 travis travis   3973 Aug  1 15:26 ModularCodeGen3_A1_B2.class
-rw-rw-r--   1 travis travis   9958 Aug  1 15:26 ModularCodeGen3_A1_B2.java
-rw-rw-r--   1 travis travis    880 Aug  1 15:26 ModularCodeGen3_A1_B2.mk
-rw-rw-r--   1 travis travis   1330 Aug  1 15:26 ModularCodeGen3_A1_B2_profile.class
-rw-rw-r--   1 travis travis   1274 Aug  1 15:25 ModularCodeGen3_A1_B2_profile.java
-rw-rw-r--   1 travis travis   5193 Aug  1 15:26 ModularCodeGen3_A1.class
-rw-rw-r--   1 travis travis  15564 Aug  1 15:26 ModularCodeGen3_A1.java
-rw-rw-r--   1 travis travis    856 Aug  1 15:26 ModularCodeGen3_A1.mk
-rw-rw-r--   1 travis travis   1445 Aug  1 15:26 ModularCodeGen3_A1_profile.class
-rw-rw-r--   1 travis travis   1716 Aug  1 15:26 ModularCodeGen3_A1_profile.java
-rw-rw-r--   1 travis travis   4119 Aug  1 15:26 ModularCodeGen3_A2_B1.class
-rw-rw-r--   1 travis travis  10955 Aug  1 15:26 ModularCodeGen3_A2_B1.java
-rw-rw-r--   1 travis travis    880 Aug  1 15:26 ModularCodeGen3_A2_B1.mk
-rw-rw-r--   1 travis travis   1393 Aug  1 15:26 ModularCodeGen3_A2_B1_profile.class
-rw-rw-r--   1 travis travis   1458 Aug  1 15:26 ModularCodeGen3_A2_B1_profile.java
-rw-rw-r--   1 travis travis   3973 Aug  1 15:26 ModularCodeGen3_A2_B2.class
-rw-rw-r--   1 travis travis   9958 Aug  1 15:26 ModularCodeGen3_A2_B2.java
-rw-rw-r--   1 travis travis    880 Aug  1 15:26 ModularCodeGen3_A2_B2.mk
-rw-rw-r--   1 travis travis   1330 Aug  1 15:26 ModularCodeGen3_A2_B2_profile.class
-rw-rw-r--   1 travis travis   1274 Aug  1 15:26 ModularCodeGen3_A2_B2_profile.java
-rw-rw-r--   1 travis travis   5270 Aug  1 15:26 ModularCodeGen3_A2.class
-rw-rw-r--   1 travis travis  15957 Aug  1 15:26 ModularCodeGen3_A2.java
-rw-rw-r--   1 travis travis    856 Aug  1 15:26 ModularCodeGen3_A2.mk
-rw-rw-r--   1 travis travis   1445 Aug  1 15:26 ModularCodeGen3_A2_profile.class
-rw-rw-r--   1 travis travis   1716 Aug  1 15:26 ModularCodeGen3_A2_profile.java
-rw-rw-r--   1 travis travis   4026 Aug  1 15:26 ModularCodeGen4_A1_B1.class
-rw-rw-r--   1 travis travis  10312 Aug  1 15:26 ModularCodeGen4_A1_B1.java
-rw-rw-r--   1 travis travis    880 Aug  1 15:26 ModularCodeGen4_A1_B1.mk
-rw-rw-r--   1 travis travis   1330 Aug  1 15:26 ModularCodeGen4_A1_B1_profile.class
-rw-rw-r--   1 travis travis   1273 Aug  1 15:26 ModularCodeGen4_A1_B1_profile.java
-rw-rw-r--   1 travis travis   4026 Aug  1 15:26 ModularCodeGen4_A1_B2.class
-rw-rw-r--   1 travis travis  10312 Aug  1 15:26 ModularCodeGen4_A1_B2.java
-rw-rw-r--   1 travis travis    880 Aug  1 15:26 ModularCodeGen4_A1_B2.mk
-rw-rw-r--   1 travis travis   1330 Aug  1 15:26 ModularCodeGen4_A1_B2_profile.class
-rw-rw-r--   1 travis travis   1273 Aug  1 15:26 ModularCodeGen4_A1_B2_profile.java
-rw-rw-r--   1 travis travis   5333 Aug  1 15:26 ModularCodeGen4_A1.class
-rw-rw-r--   1 travis travis  16245 Aug  1 15:26 ModularCodeGen4_A1.java
-rw-rw-r--   1 travis travis    856 Aug  1 15:26 ModularCodeGen4_A1.mk
-rw-rw-r--   1 travis travis   1445 Aug  1 15:26 ModularCodeGen4_A1_profile.class
-rw-rw-r--   1 travis travis   1712 Aug  1 15:26 ModularCodeGen4_A1_profile.java
-rw-rw-r--   1 travis travis   4220 Aug  1 15:26 ModularCodeGen4_A2_B1.class
-rw-rw-r--   1 travis travis  11375 Aug  1 15:26 ModularCodeGen4_A2_B1.java
-rw-rw-r--   1 travis travis    880 Aug  1 15:26 ModularCodeGen4_A2_B1.mk
-rw-rw-r--   1 travis travis   1393 Aug  1 15:26 ModularCodeGen4_A2_B1_profile.class
-rw-rw-r--   1 travis travis   1454 Aug  1 15:26 ModularCodeGen4_A2_B1_profile.java
-rw-rw-r--   1 travis travis   4074 Aug  1 15:26 ModularCodeGen4_A2_B2.class
-rw-rw-r--   1 travis travis  10378 Aug  1 15:26 ModularCodeGen4_A2_B2.java
-rw-rw-r--   1 travis travis    880 Aug  1 15:26 ModularCodeGen4_A2_B2.mk
-rw-rw-r--   1 travis travis   1330 Aug  1 15:26 ModularCodeGen4_A2_B2_profile.class
-rw-rw-r--   1 travis travis   1270 Aug  1 15:26 ModularCodeGen4_A2_B2_profile.java
-rw-rw-r--   1 travis travis   5506 Aug  1 15:26 ModularCodeGen4_A2.class
-rw-rw-r--   1 travis travis  16770 Aug  1 15:26 ModularCodeGen4_A2.java
-rw-rw-r--   1 travis travis    856 Aug  1 15:26 ModularCodeGen4_A2.mk
-rw-rw-r--   1 travis travis   1445 Aug  1 15:26 ModularCodeGen4_A2_profile.class
-rw-rw-r--   1 travis travis   1712 Aug  1 15:26 ModularCodeGen4_A2_profile.java
-rw-rw-r--   1 travis travis   7070 Aug  1 15:26 ModularCodeGen5_A_A.class
-rw-rw-r--   1 travis travis  28721 Aug  1 15:26 ModularCodeGen5_A_A.java
-rw-rw-r--   1 travis travis    864 Aug  1 15:26 ModularCodeGen5_A_A.mk
-rw-rw-r--   1 travis travis   1520 Aug  1 15:26 ModularCodeGen5_A_A_profile.class
-rw-rw-r--   1 travis travis   1815 Aug  1 15:26 ModularCodeGen5_A_A_profile.java
-rw-rw-r--   1 travis travis   5347 Aug  1 15:26 ModularCodeGen5_A.class
-rw-rw-r--   1 travis travis  13769 Aug  1 15:26 ModularCodeGen5_A.java
-rw-rw-r--   1 travis travis    848 Aug  1 15:26 ModularCodeGen5_A.mk
-rw-rw-r--   1 travis travis   1422 Aug  1 15:26 ModularCodeGen5_A_profile.class
-rw-rw-r--   1 travis travis   1605 Aug  1 15:26 ModularCodeGen5_A_profile.java
-rw-rw-r--   1 travis travis   4357 Aug  1 15:26 ModularCodeGen6_A_A2.class
-rw-rw-r--   1 travis travis  11329 Aug  1 15:26 ModularCodeGen6_A_A2.java
-rw-rw-r--   1 travis travis    872 Aug  1 15:26 ModularCodeGen6_A_A2.mk
-rw-rw-r--   1 travis travis   1351 Aug  1 15:26 ModularCodeGen6_A_A2_profile.class
-rw-rw-r--   1 travis travis   1364 Aug  1 15:26 ModularCodeGen6_A_A2_profile.java
-rw-rw-r--   1 travis travis   4340 Aug  1 15:26 ModularCodeGen6_A_A.class
-rw-rw-r--   1 travis travis  11221 Aug  1 15:26 ModularCodeGen6_A_A.java
-rw-rw-r--   1 travis travis    864 Aug  1 15:26 ModularCodeGen6_A_A.mk
-rw-rw-r--   1 travis travis   1348 Aug  1 15:26 ModularCodeGen6_A_A_profile.class
-rw-rw-r--   1 travis travis   1361 Aug  1 15:26 ModularCodeGen6_A_A_profile.java
-rw-rw-r--   1 travis travis   7469 Aug  1 15:26 ModularCodeGen6_A.class
-rw-rw-r--   1 travis travis  26535 Aug  1 15:26 ModularCodeGen6_A.java
-rw-rw-r--   1 travis travis    848 Aug  1 15:26 ModularCodeGen6_A.mk
-rw-rw-r--   1 travis travis   1483 Aug  1 15:26 ModularCodeGen6_A_profile.class
-rw-rw-r--   1 travis travis   1810 Aug  1 15:26 ModularCodeGen6_A_profile.java
-rw-rw-r--   1 travis travis   9633 Aug  1 15:26 ModularCodeGenLazyPubSubGlobal_CompositeActor_ModularCodeGenTypedComposite.class
-rw-rw-r--   1 travis travis  30161 Aug  1 15:26 ModularCodeGenLazyPubSubGlobal_CompositeActor_ModularCodeGenTypedComposite.java
-rw-rw-r--   1 travis travis   1304 Aug  1 15:26 ModularCodeGenLazyPubSubGlobal_CompositeActor_ModularCodeGenTypedComposite.mk
-rw-rw-r--   1 travis travis   1438 Aug  1 15:26 ModularCodeGenLazyPubSubGlobal_CompositeActor_ModularCodeGenTypedComposite_profile.class
-rw-rw-r--   1 travis travis   1384 Aug  1 15:26 ModularCodeGenLazyPubSubGlobal_CompositeActor_ModularCodeGenTypedComposite_profile.java
-rw-rw-r--   1 travis travis   4184 Aug  1 15:26 ModularCodeGenLazyPubSub_LazyCompositeActor.class
-rw-rw-r--   1 travis travis  11122 Aug  1 15:26 ModularCodeGenLazyPubSub_LazyCompositeActor.java
-rw-rw-r--   1 travis travis   1056 Aug  1 15:26 ModularCodeGenLazyPubSub_LazyCompositeActor.mk
-rw-rw-r--   1 travis travis   1286 Aug  1 15:26 ModularCodeGenLazyPubSub_LazyCompositeActor_profile.class
-rw-rw-r--   1 travis travis   1091 Aug  1 15:26 ModularCodeGenLazyPubSub_LazyCompositeActor_profile.java
-rw-rw-r--   1 travis travis   4186 Aug  1 15:25 ModularCodeGen_ModularCodeGenTypedCompositeActor.class
-rw-rw-r--   1 travis travis  10970 Aug  1 15:25 ModularCodeGen_ModularCodeGenTypedCompositeActor.java
-rw-rw-r--   1 travis travis   1096 Aug  1 15:25 ModularCodeGen_ModularCodeGenTypedCompositeActor.mk
-rw-rw-r--   1 travis travis   1384 Aug  1 15:25 ModularCodeGen_ModularCodeGenTypedCompositeActor_profile.class
-rw-rw-r--   1 travis travis   1328 Aug  1 15:25 ModularCodeGen_ModularCodeGenTypedCompositeActor_profile.java
-rw-rw-r--   1 travis travis   3673 Aug  1 15:26 ModularCodeGenPubSub2_A1_A.class
-rw-rw-r--   1 travis travis   8578 Aug  1 15:26 ModularCodeGenPubSub2_A1_A.java
-rw-rw-r--   1 travis travis    920 Aug  1 15:26 ModularCodeGenPubSub2_A1_A.mk
-rw-rw-r--   1 travis travis   1274 Aug  1 15:26 ModularCodeGenPubSub2_A1_A_profile.class
-rw-rw-r--   1 travis travis   1128 Aug  1 15:26 ModularCodeGenPubSub2_A1_A_profile.java
-rw-rw-r--   1 travis travis   3965 Aug  1 15:26 ModularCodeGenPubSub2_A1.class
-rw-rw-r--   1 travis travis   9781 Aug  1 15:26 ModularCodeGenPubSub2_A1.java
-rw-rw-r--   1 travis travis    904 Aug  1 15:26 ModularCodeGenPubSub2_A1.mk
-rw-rw-r--   1 travis travis   1268 Aug  1 15:26 ModularCodeGenPubSub2_A1_profile.class
-rw-rw-r--   1 travis travis   1196 Aug  1 15:26 ModularCodeGenPubSub2_A1_profile.java
-rw-rw-r--   1 travis travis   3669 Aug  1 15:26 ModularCodeGenPubSub3_A1_A2.class
-rw-rw-r--   1 travis travis   8599 Aug  1 15:26 ModularCodeGenPubSub3_A1_A2.java
-rw-rw-r--   1 travis travis    928 Aug  1 15:26 ModularCodeGenPubSub3_A1_A2.mk
-rw-rw-r--   1 travis travis   1287 Aug  1 15:26 ModularCodeGenPubSub3_A1_A2_profile.class
-rw-rw-r--   1 travis travis   1132 Aug  1 15:26 ModularCodeGenPubSub3_A1_A2_profile.java
-rw-rw-r--   1 travis travis   4088 Aug  1 15:27 ModularCodeGenPubSub3_A1.class
-rw-rw-r--   1 travis travis  10100 Aug  1 15:26 ModularCodeGenPubSub3_A1.java
-rw-rw-r--   1 travis travis    904 Aug  1 15:26 ModularCodeGenPubSub3_A1.mk
-rw-rw-r--   1 travis travis   1358 Aug  1 15:26 ModularCodeGenPubSub3_A1_profile.class
-rw-rw-r--   1 travis travis   1400 Aug  1 15:26 ModularCodeGenPubSub3_A1_profile.java
-rw-rw-r--   1 travis travis   1128 Aug  1 15:27 ModularCodeGenPubSub4_A1_A_profile.java
-rw-rw-r--   1 travis travis   3707 Aug  1 15:26 ModularCodeGenPubSub_A1.class
-rw-rw-r--   1 travis travis   9060 Aug  1 15:26 ModularCodeGenPubSub_A1.java
-rw-rw-r--   1 travis travis    896 Aug  1 15:26 ModularCodeGenPubSub_A1.mk
-rw-rw-r--   1 travis travis   1278 Aug  1 15:26 ModularCodeGenPubSub_A1_profile.class
-rw-rw-r--   1 travis travis   1195 Aug  1 15:26 ModularCodeGenPubSub_A1_profile.java
-rw-rw-r--   1 travis travis   3724 Aug  1 15:25 ModularCodeGenTest_A1_A2.class
-rw-rw-r--   1 travis travis   9164 Aug  1 15:25 ModularCodeGenTest_A1_A2.java
-rw-rw-r--   1 travis travis   1306 Aug  1 15:25 ModularCodeGenTest_A1_A2_profile.class
-rw-rw-r--   1 travis travis   4055 Aug  1 15:25 ModularCodeGenTest_A1.class
-rw-rw-r--   1 travis travis   9968 Aug  1 15:25 ModularCodeGenTest_A1.java
-rw-rw-r--   1 travis travis    880 Aug  1 15:25 ModularCodeGenTest_A1.mk
-rw-rw-r--   1 travis travis   1352 Aug  1 15:25 ModularCodeGenTest_A1_profile.class
-rw-rw-r--   1 travis travis   1394 Aug  1 15:25 ModularCodeGenTest_A1_profile.java
drwxrwxr-x   3 travis travis  32768 Aug  1 15:24 modulation2
drwxrwxr-x 183 travis travis  12288 Aug  1 15:25 node_modules
drwxrwxr-x   3 travis travis  20480 Aug  1 15:21 PhaseUnwrap
drwxrwxr-x   3 travis travis  12288 Aug  1 15:21 ReadFile1
-rw-rw-r--   1 travis travis     11 Aug  1 15:21 ReadFile1Output.txt
-rw-rw-r--   1 travis travis  13773 Aug  1 15:24 Repeat.class
-rw-rw-r--   1 travis travis    685 Aug  1 15:24 Repeat$_fireFunction_Repeat_Repeat$__f_sL_11.class
-rw-rw-r--   1 travis travis    541 Aug  1 15:24 Repeat$_fireFunction_Repeat_Repeat$__f_sL_12.class
-rw-rw-r--   1 travis travis    541 Aug  1 15:24 Repeat$_fireFunction_Repeat_Repeat$__f_sL_13.class
-rw-rw-r--   1 travis travis    541 Aug  1 15:24 Repeat$_fireFunction_Repeat_Repeat$__f_sL_14.class
-rw-rw-r--   1 travis travis    684 Aug  1 15:24 Repeat$_fireFunction_Repeat_Repeat$__f_sL_1.class
-rw-rw-r--   1 travis travis    683 Aug  1 15:24 Repeat$_fireFunction_Repeat_Repeat$__f_sL_4.class
-rw-rw-r--   1 travis travis    539 Aug  1 15:24 Repeat$_fireFunction_Repeat_Repeat$__f_sL_9.class
-rw-rw-r--   1 travis travis    494 Aug  1 15:24 Repeat$_initialize_Repeat$__i_sL_2.class
-rw-rw-r--   1 travis travis   1281 Aug  1 15:24 Repeat.mk
-rw-rw-r--   1 travis travis    539 Aug  1 15:24 Repeat$_preinitializeMethod_Repeat$__p_sL_0.class
-rw-rw-r--   1 travis travis   1102 Aug  1 15:24 Repeat$_Repeat$_fireFunction_Repeat_AddSubtract_Repeat.class
-rw-rw-r--   1 travis travis    810 Aug  1 15:24 Repeat$_Repeat$_fireFunction_Repeat_AddSubtract_Repeat$__f_sL_0.class
-rw-rw-r--   1 travis travis    928 Aug  1 15:24 Repeat$_Repeat$_fireFunction_Repeat_AddSubtract_Repeat$__f_sL_1.class
-rw-rw-r--   1 travis travis    934 Aug  1 15:24 Repeat$_Repeat$_fireFunction_Repeat_AddSubtract_Repeat$__f_sL_2.class
-rw-rw-r--   1 travis travis    862 Aug  1 15:24 Repeat$_Repeat$_fireFunction_Repeat_AddSubtract_Repeat$__f_sL_3.class
-rw-rw-r--   1 travis travis    757 Aug  1 15:24 Repeat$_Repeat$_fireFunction_Repeat_Ramp2_Repeat$__f_sL_0.class
-rw-rw-r--   1 travis travis    888 Aug  1 15:24 Repeat$_Repeat$_fireFunction_Repeat_Test_Repeat$__f_sL_0.class
-rw-rw-r--   1 travis travis    634 Aug  1 15:24 Repeat$_Repeat$_fireFunction_Repeat_Test_Repeat$__f_sL_1.class
-rw-rw-r--   1 travis travis    704 Aug  1 15:24 Repeat$_Repeat_SDF_Director_run_Repeat$__R_sL_0.class
-rw-rw-r--   1 travis travis    705 Aug  1 15:24 Repeat$_Repeat_SDF_Director_run_Repeat$__R_sL_11.class
-rw-rw-r--   1 travis travis    561 Aug  1 15:24 Repeat$_Repeat_SDF_Director_run_Repeat$__R_sL_13.class
-rw-rw-r--   1 travis travis    559 Aug  1 15:24 Repeat$_Repeat_SDF_Director_run_Repeat$__R_sL_2.class
-rw-rw-r--   1 travis travis    703 Aug  1 15:24 Repeat$_Repeat_SDF_Director_run_Repeat$__R_sL_3.class
-rw-rw-r--   1 travis travis    559 Aug  1 15:24 Repeat$_Repeat_SDF_Director_run_Repeat$__R_sL_5.class
-rw-rw-r--   1 travis travis    559 Aug  1 15:24 Repeat$_Repeat_SDF_Director_run_Repeat$__R_sL_8.class
drwxrwxr-x   2 travis travis   4096 Aug  1 15:24 RepeatVariables
-rw-rw-r--   1 travis travis    882 Aug  1 15:24 Repeat$_varinit_Repeat.class
-rw-rw-r--   1 travis travis    550 Aug  1 15:24 Repeat$_varinit_Repeat$__v_sL_2.class
-rw-rw-r--   1 travis travis    924 Aug  1 15:24 Repeat$_varinit_Repeat$__v_sL_4.class
-rw-rw-r--   1 travis travis    978 Aug  1 15:24 Repeat$_wrapup_Repeat$__w_sL_1.class
drwxrwxr-x   3 travis travis  20480 Aug  1 15:21 Sinewave
drwxrwxr-x   3 travis travis  32768 Aug  1 15:23 StringFunction
drwxrwxr-x   3 travis travis  12288 Aug  1 15:23 StringLength
drwxrwxr-x   3 travis travis  61440 Aug  1 15:23 StringMatches2
drwxrwxr-x   3 travis travis  61440 Aug  1 15:23 StringSimpleReplace
drwxrwxr-x   3 travis travis  65536 Aug  1 15:23 StringSubstring
drwxrwxr-x   3 travis travis  24576 Aug  1 15:24 StringSubstring2
drwxrwxr-x   3 travis travis  16384 Aug  1 15:24 time1
drwxrwxr-x   3 travis travis  12288 Aug  1 15:24 time5
-rw-rw-r--   1 travis travis    432 Aug  1 15:27 Token.class
-rw-rw-r--   1 travis travis    251 Aug  1 15:26 Token.java
-rwxrwxr-x   1 travis travis 466992 Aug  1 15:18 top
-rw-rw-r--   1 travis travis  20502 Aug  1 15:18 top.c
-rw-rw-r--   1 travis travis   3799 Aug  1 15:24 top.class
-rw-rw-r--   1 travis travis   1257 Aug  1 15:24 top.mk
All Done
Writing ModularCodeGenPubSub4_A1_A.java in file:/home/travis/cg/ (8578 characters)
Reading "ptolemy/cg/kernel/generic/program/procedural/java/modular/makefile.in",
    writing "/home/travis/cg/ModularCodeGenPubSub4_A1_A.mk"
Using ptolemy/cg/kernel/generic/program/procedural/java/modular/makefile.in
In "/home/travis/cg", about to execute:
    make -f ModularCodeGenPubSub4_A1_A.mk
javac -classpath ".:.."    ModularCodeGenPubSub4_A1_A.java
All Done
In "/home/travis/cg", about to execute:
    pwd
/home/travis/cg
In "/home/travis/cg", about to execute:
    ls -l
total 2576
drwxrwxr-x   3 travis travis  12288 Aug  1 15:20 AbsoluteValue
drwxrwxr-x   3 travis travis 102400 Aug  1 15:19 AllColt
-rw-rw-r--   1 travis travis    233 Aug  1 15:26 Array.class
-rw-rw-r--   1 travis travis    459 Aug  1 15:26 Array.java
drwxrwxr-x   3 travis travis  12288 Aug  1 15:19 Case1
-rw-rw-r--   1 travis travis   5128 Aug  1 15:25 CompiledCompositeActor_CompiledCompositeActor.class
-rw-rw-r--   1 travis travis   1611 Aug  1 15:25 CompiledCompositeActor_CompiledCompositeActor$_CompiledCompositeActor_CompiledCompositeActor.class
-rw-rw-r--   1 travis travis  13466 Aug  1 15:25 CompiledCompositeActor_CompiledCompositeActor.java
-rw-rw-r--   1 travis travis   1593 Aug  1 15:25 CompiledCompositeActor_CompiledCompositeActor.mk
drwxrwxr-x   5 travis travis   4096 Aug  1 15:18 fmi
drwxrwxr-x   3 travis travis  16384 Aug  1 15:20 Gaussian2
-rw-rw-r--   1 travis travis   4684 Aug  1 15:25 JavaCompiledCompositeTest1_CompiledCompositeActor.class
-rw-rw-r--   1 travis travis  11637 Aug  1 15:25 JavaCompiledCompositeTest1_CompiledCompositeActor.java
-rw-rw-r--   1 travis travis   1217 Aug  1 15:25 JavaCompiledCompositeTest1_CompiledCompositeActor$_JavaCompiledCompositeTest1_CompiledCompositeActor.class
-rw-rw-r--   1 travis travis   1625 Aug  1 15:25 JavaCompiledCompositeTest1_CompiledCompositeActor.mk
-rw-rw-r--   1 travis travis   5115 Aug  1 15:25 JavaCompiledCompositeTest2_CompiledCompositeActor.class
-rw-rw-r--   1 travis travis  14919 Aug  1 15:25 JavaCompiledCompositeTest2_CompiledCompositeActor.java
-rw-rw-r--   1 travis travis   1812 Aug  1 15:25 JavaCompiledCompositeTest2_CompiledCompositeActor$_JavaCompiledCompositeTest2_CompiledCompositeActor.class
-rw-rw-r--   1 travis travis   1625 Aug  1 15:25 JavaCompiledCompositeTest2_CompiledCompositeActor.mk
-rw-rw-r--   1 travis travis   4732 Aug  1 15:25 JavaCompiledCompositeTest3_CompiledCompositeActor.class
-rw-rw-r--   1 travis travis  13080 Aug  1 15:25 JavaCompiledCompositeTest3_CompiledCompositeActor.java
-rw-rw-r--   1 travis travis   1397 Aug  1 15:25 JavaCompiledCompositeTest3_CompiledCompositeActor$_JavaCompiledCompositeTest3_CompiledCompositeActor.class
-rw-rw-r--   1 travis travis   1625 Aug  1 15:25 JavaCompiledCompositeTest3_CompiledCompositeActor.mk
-rw-rw-r--   1 travis travis   4183 Aug  1 15:25 JavaCompiledCompositeTest4_CompiledCompositeActor.class
-rw-rw-r--   1 travis travis   9687 Aug  1 15:25 JavaCompiledCompositeTest4_CompiledCompositeActor.java
-rw-rw-r--   1 travis travis    876 Aug  1 15:25 JavaCompiledCompositeTest4_CompiledCompositeActor$_JavaCompiledCompositeTest4_CompiledCompositeActor.class
-rw-rw-r--   1 travis travis   1625 Aug  1 15:25 JavaCompiledCompositeTest4_CompiledCompositeActor.mk
drwxrwxr-x   3 travis travis  12288 Aug  1 15:20 LookupTable
drwxrwxr-x   3 travis travis  20480 Aug  1 15:20 MaxIndex
-rw-rw-r--   1 travis travis   3925 Aug  1 15:25 ModularCG_A1_B1.class
-rw-rw-r--   1 travis travis   9730 Aug  1 15:25 ModularCG_A1_B1.java
-rw-rw-r--   1 travis travis    832 Aug  1 15:25 ModularCG_A1_B1.mk
-rw-rw-r--   1 travis travis   1318 Aug  1 15:25 ModularCG_A1_B1_profile.class
-rw-rw-r--   1 travis travis   1262 Aug  1 15:25 ModularCG_A1_B1_profile.java
-rw-rw-r--   1 travis travis   3925 Aug  1 15:25 ModularCG_A1_B2.class
-rw-rw-r--   1 travis travis   9730 Aug  1 15:25 ModularCG_A1_B2.java
-rw-rw-r--   1 travis travis    832 Aug  1 15:25 ModularCG_A1_B2.mk
-rw-rw-r--   1 travis travis   1318 Aug  1 15:25 ModularCG_A1_B2_profile.class
-rw-rw-r--   1 travis travis   1262 Aug  1 15:25 ModularCG_A1_B2_profile.java
-rw-rw-r--   1 travis travis   5031 Aug  1 15:25 ModularCG_A1.class
-rw-rw-r--   1 travis travis  14742 Aug  1 15:25 ModularCG_A1.java
-rw-rw-r--   1 travis travis    808 Aug  1 15:25 ModularCG_A1.mk
-rw-rw-r--   1 travis travis   1433 Aug  1 15:25 ModularCG_A1_profile.class
-rw-rw-r--   1 travis travis   1704 Aug  1 15:25 ModularCG_A1_profile.java
-rw-rw-r--   1 travis travis   4059 Aug  1 15:25 ModularCG_A2_B1.class
-rw-rw-r--   1 travis travis  10667 Aug  1 15:25 ModularCG_A2_B1.java
-rw-rw-r--   1 travis travis    832 Aug  1 15:25 ModularCG_A2_B1.mk
-rw-rw-r--   1 travis travis   1381 Aug  1 15:25 ModularCG_A2_B1_profile.class
-rw-rw-r--   1 travis travis   1446 Aug  1 15:25 ModularCG_A2_B1_profile.java
-rw-rw-r--   1 travis travis   3925 Aug  1 15:25 ModularCG_A2_B2.class
-rw-rw-r--   1 travis travis   9730 Aug  1 15:25 ModularCG_A2_B2.java
-rw-rw-r--   1 travis travis    832 Aug  1 15:25 ModularCG_A2_B2.mk
-rw-rw-r--   1 travis travis   1318 Aug  1 15:25 ModularCG_A2_B2_profile.class
-rw-rw-r--   1 travis travis   1262 Aug  1 15:25 ModularCG_A2_B2_profile.java
-rw-rw-r--   1 travis travis   5102 Aug  1 15:25 ModularCG_A2.class
-rw-rw-r--   1 travis travis  15129 Aug  1 15:25 ModularCG_A2.java
-rw-rw-r--   1 travis travis    808 Aug  1 15:25 ModularCG_A2.mk
-rw-rw-r--   1 travis travis   1433 Aug  1 15:25 ModularCG_A2_profile.class
-rw-rw-r--   1 travis travis   1704 Aug  1 15:25 ModularCG_A2_profile.java
-rw-rw-r--   1 travis travis   3705 Aug  1 15:25 ModularCGPubSub_A1_A2.class
-rw-rw-r--   1 travis travis   9076 Aug  1 15:25 ModularCGPubSub_A1_A2.java
-rw-rw-r--   1 travis travis    880 Aug  1 15:25 ModularCGPubSub_A1_A2.mk
-rw-rw-r--   1 travis travis   1300 Aug  1 15:25 ModularCGPubSub_A1_A2_profile.class
-rw-rw-r--   1 travis travis   1222 Aug  1 15:25 ModularCGPubSub_A1_A2_profile.java
-rw-rw-r--   1 travis travis   4022 Aug  1 15:25 ModularCGPubSub_A1.class
-rw-rw-r--   1 travis travis   9836 Aug  1 15:25 ModularCGPubSub_A1.java
-rw-rw-r--   1 travis travis    856 Aug  1 15:25 ModularCGPubSub_A1.mk
-rw-rw-r--   1 travis travis   1346 Aug  1 15:25 ModularCGPubSub_A1_profile.class
-rw-rw-r--   1 travis travis   1388 Aug  1 15:25 ModularCGPubSub_A1_profile.java
-rw-rw-r--   1 travis travis   4220 Aug  1 15:25 ModularCodeGen2_ModularCodeGenTypedCompositeActor.class
-rw-rw-r--   1 travis travis  11690 Aug  1 15:25 ModularCodeGen2_ModularCodeGenTypedCompositeActor.java
-rw-rw-r--   1 travis travis   1104 Aug  1 15:25 ModularCodeGen2_ModularCodeGenTypedCompositeActor.mk
-rw-rw-r--   1 travis travis   4504 Aug  1 15:25 ModularCodeGen2_ModularCodeGenTypedCompositeActor_ModularCodeGenTypedCompositeActor.class
-rw-rw-r--   1 travis travis  11790 Aug  1 15:25 ModularCodeGen2_ModularCodeGenTypedCompositeActor_ModularCodeGenTypedCompositeActor.java
-rw-rw-r--   1 travis travis   1376 Aug  1 15:25 ModularCodeGen2_ModularCodeGenTypedCompositeActor_ModularCodeGenTypedCompositeActor.mk
-rw-rw-r--   1 travis travis   1421 Aug  1 15:25 ModularCodeGen2_ModularCodeGenTypedCompositeActor_ModularCodeGenTypedCompositeActor_profile.class
-rw-rw-r--   1 travis travis   1294 Aug  1 15:25 ModularCodeGen2_ModularCodeGenTypedCompositeActor_ModularCodeGenTypedCompositeActor_profile.java
-rw-rw-r--   1 travis travis    820 Aug  1 15:25 ModularCodeGen2_ModularCodeGenTypedCompositeActor_profile.class
-rw-rw-r--   1 travis travis    693 Aug  1 15:25 ModularCodeGen2_ModularCodeGenTypedCompositeActor_profile.java
-rw-rw-r--   1 travis travis   3973 Aug  1 15:25 ModularCodeGen3_A1_B1.class
-rw-rw-r--   1 travis travis   9958 Aug  1 15:25 ModularCodeGen3_A1_B1.java
-rw-rw-r--   1 travis travis    880 Aug  1 15:25 ModularCodeGen3_A1_B1.mk
-rw-rw-r--   1 travis travis   1330 Aug  1 15:25 ModularCodeGen3_A1_B1_profile.class
-rw-rw-r--   1 travis travis   1274 Aug  1 15:25 ModularCodeGen3_A1_B1_profile.java
-rw-rw-r--   1 travis travis   3973 Aug  1 15:26 ModularCodeGen3_A1_B2.class
-rw-rw-r--   1 travis travis   9958 Aug  1 15:26 ModularCodeGen3_A1_B2.java
-rw-rw-r--   1 travis travis    880 Aug  1 15:26 ModularCodeGen3_A1_B2.mk
-rw-rw-r--   1 travis travis   1330 Aug  1 15:26 ModularCodeGen3_A1_B2_profile.class
-rw-rw-r--   1 travis travis   1274 Aug  1 15:25 ModularCodeGen3_A1_B2_profile.java
-rw-rw-r--   1 travis travis   5193 Aug  1 15:26 ModularCodeGen3_A1.class
-rw-rw-r--   1 travis travis  15564 Aug  1 15:26 ModularCodeGen3_A1.java
-rw-rw-r--   1 travis travis    856 Aug  1 15:26 ModularCodeGen3_A1.mk
-rw-rw-r--   1 travis travis   1445 Aug  1 15:26 ModularCodeGen3_A1_profile.class
-rw-rw-r--   1 travis travis   1716 Aug  1 15:26 ModularCodeGen3_A1_profile.java
-rw-rw-r--   1 travis travis   4119 Aug  1 15:26 ModularCodeGen3_A2_B1.class
-rw-rw-r--   1 travis travis  10955 Aug  1 15:26 ModularCodeGen3_A2_B1.java
-rw-rw-r--   1 travis travis    880 Aug  1 15:26 ModularCodeGen3_A2_B1.mk
-rw-rw-r--   1 travis travis   1393 Aug  1 15:26 ModularCodeGen3_A2_B1_profile.class
-rw-rw-r--   1 travis travis   1458 Aug  1 15:26 ModularCodeGen3_A2_B1_profile.java
-rw-rw-r--   1 travis travis   3973 Aug  1 15:26 ModularCodeGen3_A2_B2.class
-rw-rw-r--   1 travis travis   9958 Aug  1 15:26 ModularCodeGen3_A2_B2.java
-rw-rw-r--   1 travis travis    880 Aug  1 15:26 ModularCodeGen3_A2_B2.mk
-rw-rw-r--   1 travis travis   1330 Aug  1 15:26 ModularCodeGen3_A2_B2_profile.class
-rw-rw-r--   1 travis travis   1274 Aug  1 15:26 ModularCodeGen3_A2_B2_profile.java
-rw-rw-r--   1 travis travis   5270 Aug  1 15:26 ModularCodeGen3_A2.class
-rw-rw-r--   1 travis travis  15957 Aug  1 15:26 ModularCodeGen3_A2.java
-rw-rw-r--   1 travis travis    856 Aug  1 15:26 ModularCodeGen3_A2.mk
-rw-rw-r--   1 travis travis   1445 Aug  1 15:26 ModularCodeGen3_A2_profile.class
-rw-rw-r--   1 travis travis   1716 Aug  1 15:26 ModularCodeGen3_A2_profile.java
-rw-rw-r--   1 travis travis   4026 Aug  1 15:26 ModularCodeGen4_A1_B1.class
-rw-rw-r--   1 travis travis  10312 Aug  1 15:26 ModularCodeGen4_A1_B1.java
-rw-rw-r--   1 travis travis    880 Aug  1 15:26 ModularCodeGen4_A1_B1.mk
-rw-rw-r--   1 travis travis   1330 Aug  1 15:26 ModularCodeGen4_A1_B1_profile.class
-rw-rw-r--   1 travis travis   1273 Aug  1 15:26 ModularCodeGen4_A1_B1_profile.java
-rw-rw-r--   1 travis travis   4026 Aug  1 15:26 ModularCodeGen4_A1_B2.class
-rw-rw-r--   1 travis travis  10312 Aug  1 15:26 ModularCodeGen4_A1_B2.java
-rw-rw-r--   1 travis travis    880 Aug  1 15:26 ModularCodeGen4_A1_B2.mk
-rw-rw-r--   1 travis travis   1330 Aug  1 15:26 ModularCodeGen4_A1_B2_profile.class
-rw-rw-r--   1 travis travis   1273 Aug  1 15:26 ModularCodeGen4_A1_B2_profile.java
-rw-rw-r--   1 travis travis   5333 Aug  1 15:26 ModularCodeGen4_A1.class
-rw-rw-r--   1 travis travis  16245 Aug  1 15:26 ModularCodeGen4_A1.java
-rw-rw-r--   1 travis travis    856 Aug  1 15:26 ModularCodeGen4_A1.mk
-rw-rw-r--   1 travis travis   1445 Aug  1 15:26 ModularCodeGen4_A1_profile.class
-rw-rw-r--   1 travis travis   1712 Aug  1 15:26 ModularCodeGen4_A1_profile.java
-rw-rw-r--   1 travis travis   4220 Aug  1 15:26 ModularCodeGen4_A2_B1.class
-rw-rw-r--   1 travis travis  11375 Aug  1 15:26 ModularCodeGen4_A2_B1.java
-rw-rw-r--   1 travis travis    880 Aug  1 15:26 ModularCodeGen4_A2_B1.mk
-rw-rw-r--   1 travis travis   1393 Aug  1 15:26 ModularCodeGen4_A2_B1_profile.class
-rw-rw-r--   1 travis travis   1454 Aug  1 15:26 ModularCodeGen4_A2_B1_profile.java
-rw-rw-r--   1 travis travis   4074 Aug  1 15:26 ModularCodeGen4_A2_B2.class
-rw-rw-r--   1 travis travis  10378 Aug  1 15:26 ModularCodeGen4_A2_B2.java
-rw-rw-r--   1 travis travis    880 Aug  1 15:26 ModularCodeGen4_A2_B2.mk
-rw-rw-r--   1 travis travis   1330 Aug  1 15:26 ModularCodeGen4_A2_B2_profile.class
-rw-rw-r--   1 travis travis   1270 Aug  1 15:26 ModularCodeGen4_A2_B2_profile.java
-rw-rw-r--   1 travis travis   5506 Aug  1 15:26 ModularCodeGen4_A2.class
-rw-rw-r--   1 travis travis  16770 Aug  1 15:26 ModularCodeGen4_A2.java
-rw-rw-r--   1 travis travis    856 Aug  1 15:26 ModularCodeGen4_A2.mk
-rw-rw-r--   1 travis travis   1445 Aug  1 15:26 ModularCodeGen4_A2_profile.class
-rw-rw-r--   1 travis travis   1712 Aug  1 15:26 ModularCodeGen4_A2_profile.java
-rw-rw-r--   1 travis travis   7070 Aug  1 15:26 ModularCodeGen5_A_A.class
-rw-rw-r--   1 travis travis  28721 Aug  1 15:26 ModularCodeGen5_A_A.java
-rw-rw-r--   1 travis travis    864 Aug  1 15:26 ModularCodeGen5_A_A.mk
-rw-rw-r--   1 travis travis   1520 Aug  1 15:26 ModularCodeGen5_A_A_profile.class
-rw-rw-r--   1 travis travis   1815 Aug  1 15:26 ModularCodeGen5_A_A_profile.java
-rw-rw-r--   1 travis travis   5347 Aug  1 15:26 ModularCodeGen5_A.class
-rw-rw-r--   1 travis travis  13769 Aug  1 15:26 ModularCodeGen5_A.java
-rw-rw-r--   1 travis travis    848 Aug  1 15:26 ModularCodeGen5_A.mk
-rw-rw-r--   1 travis travis   1422 Aug  1 15:26 ModularCodeGen5_A_profile.class
-rw-rw-r--   1 travis travis   1605 Aug  1 15:26 ModularCodeGen5_A_profile.java
-rw-rw-r--   1 travis travis   4357 Aug  1 15:26 ModularCodeGen6_A_A2.class
-rw-rw-r--   1 travis travis  11329 Aug  1 15:26 ModularCodeGen6_A_A2.java
-rw-rw-r--   1 travis travis    872 Aug  1 15:26 ModularCodeGen6_A_A2.mk
-rw-rw-r--   1 travis travis   1351 Aug  1 15:26 ModularCodeGen6_A_A2_profile.class
-rw-rw-r--   1 travis travis   1364 Aug  1 15:26 ModularCodeGen6_A_A2_profile.java
-rw-rw-r--   1 travis travis   4340 Aug  1 15:26 ModularCodeGen6_A_A.class
-rw-rw-r--   1 travis travis  11221 Aug  1 15:26 ModularCodeGen6_A_A.java
-rw-rw-r--   1 travis travis    864 Aug  1 15:26 ModularCodeGen6_A_A.mk
-rw-rw-r--   1 travis travis   1348 Aug  1 15:26 ModularCodeGen6_A_A_profile.class
-rw-rw-r--   1 travis travis   1361 Aug  1 15:26 ModularCodeGen6_A_A_profile.java
-rw-rw-r--   1 travis travis   7469 Aug  1 15:26 ModularCodeGen6_A.class
-rw-rw-r--   1 travis travis  26535 Aug  1 15:26 ModularCodeGen6_A.java
-rw-rw-r--   1 travis travis    848 Aug  1 15:26 ModularCodeGen6_A.mk
-rw-rw-r--   1 travis travis   1483 Aug  1 15:26 ModularCodeGen6_A_profile.class
-rw-rw-r--   1 travis travis   1810 Aug  1 15:26 ModularCodeGen6_A_profile.java
-rw-rw-r--   1 travis travis   9633 Aug  1 15:26 ModularCodeGenLazyPubSubGlobal_CompositeActor_ModularCodeGenTypedComposite.class
-rw-rw-r--   1 travis travis  30161 Aug  1 15:26 ModularCodeGenLazyPubSubGlobal_CompositeActor_ModularCodeGenTypedComposite.java
-rw-rw-r--   1 travis travis   1304 Aug  1 15:26 ModularCodeGenLazyPubSubGlobal_CompositeActor_ModularCodeGenTypedComposite.mk
-rw-rw-r--   1 travis travis   1438 Aug  1 15:26 ModularCodeGenLazyPubSubGlobal_CompositeActor_ModularCodeGenTypedComposite_profile.class
-rw-rw-r--   1 travis travis   1384 Aug  1 15:26 ModularCodeGenLazyPubSubGlobal_CompositeActor_ModularCodeGenTypedComposite_profile.java
-rw-rw-r--   1 travis travis   4184 Aug  1 15:26 ModularCodeGenLazyPubSub_LazyCompositeActor.class
-rw-rw-r--   1 travis travis  11122 Aug  1 15:26 ModularCodeGenLazyPubSub_LazyCompositeActor.java
-rw-rw-r--   1 travis travis   1056 Aug  1 15:26 ModularCodeGenLazyPubSub_LazyCompositeActor.mk
-rw-rw-r--   1 travis travis   1286 Aug  1 15:26 ModularCodeGenLazyPubSub_LazyCompositeActor_profile.class
-rw-rw-r--   1 travis travis   1091 Aug  1 15:26 ModularCodeGenLazyPubSub_LazyCompositeActor_profile.java
-rw-rw-r--   1 travis travis   4186 Aug  1 15:25 ModularCodeGen_ModularCodeGenTypedCompositeActor.class
-rw-rw-r--   1 travis travis  10970 Aug  1 15:25 ModularCodeGen_ModularCodeGenTypedCompositeActor.java
-rw-rw-r--   1 travis travis   1096 Aug  1 15:25 ModularCodeGen_ModularCodeGenTypedCompositeActor.mk
-rw-rw-r--   1 travis travis   1384 Aug  1 15:25 ModularCodeGen_ModularCodeGenTypedCompositeActor_profile.class
-rw-rw-r--   1 travis travis   1328 Aug  1 15:25 ModularCodeGen_ModularCodeGenTypedCompositeActor_profile.java
-rw-rw-r--   1 travis travis   3673 Aug  1 15:26 ModularCodeGenPubSub2_A1_A.class
-rw-rw-r--   1 travis travis   8578 Aug  1 15:26 ModularCodeGenPubSub2_A1_A.java
-rw-rw-r--   1 travis travis    920 Aug  1 15:26 ModularCodeGenPubSub2_A1_A.mk
-rw-rw-r--   1 travis travis   1274 Aug  1 15:26 ModularCodeGenPubSub2_A1_A_profile.class
-rw-rw-r--   1 travis travis   1128 Aug  1 15:26 ModularCodeGenPubSub2_A1_A_profile.java
-rw-rw-r--   1 travis travis   3965 Aug  1 15:26 ModularCodeGenPubSub2_A1.class
-rw-rw-r--   1 travis travis   9781 Aug  1 15:26 ModularCodeGenPubSub2_A1.java
-rw-rw-r--   1 travis travis    904 Aug  1 15:26 ModularCodeGenPubSub2_A1.mk
-rw-rw-r--   1 travis travis   1268 Aug  1 15:26 ModularCodeGenPubSub2_A1_profile.class
-rw-rw-r--   1 travis travis   1196 Aug  1 15:26 ModularCodeGenPubSub2_A1_profile.java
-rw-rw-r--   1 travis travis   3669 Aug  1 15:26 ModularCodeGenPubSub3_A1_A2.class
-rw-rw-r--   1 travis travis   8599 Aug  1 15:26 ModularCodeGenPubSub3_A1_A2.java
-rw-rw-r--   1 travis travis    928 Aug  1 15:26 ModularCodeGenPubSub3_A1_A2.mk
-rw-rw-r--   1 travis travis   1287 Aug  1 15:26 ModularCodeGenPubSub3_A1_A2_profile.class
-rw-rw-r--   1 travis travis   1132 Aug  1 15:26 ModularCodeGenPubSub3_A1_A2_profile.java
-rw-rw-r--   1 travis travis   4088 Aug  1 15:27 ModularCodeGenPubSub3_A1.class
-rw-rw-r--   1 travis travis  10100 Aug  1 15:26 ModularCodeGenPubSub3_A1.java
-rw-rw-r--   1 travis travis    904 Aug  1 15:26 ModularCodeGenPubSub3_A1.mk
-rw-rw-r--   1 travis travis   1358 Aug  1 15:26 ModularCodeGenPubSub3_A1_profile.class
-rw-rw-r--   1 travis travis   1400 Aug  1 15:26 ModularCodeGenPubSub3_A1_profile.java
-rw-rw-r--   1 travis travis   3673 Aug  1 15:27 ModularCodeGenPubSub4_A1_A.class
-rw-rw-r--   1 travis travis   8578 Aug  1 15:27 ModularCodeGenPubSub4_A1_A.java
-rw-rw-r--   1 travis travis    920 Aug  1 15:27 ModularCodeGenPubSub4_A1_A.mk
-rw-rw-r--   1 travis travis   1274 Aug  1 15:27 ModularCodeGenPubSub4_A1_A_profile.class
-rw-rw-r--   1 travis travis   1128 Aug  1 15:27 ModularCodeGenPubSub4_A1_A_profile.java
-rw-rw-r--   1 travis travis   1137 Aug  1 15:27 ModularCodeGenPubSub4_A1_profile.java
-rw-rw-r--   1 travis travis   3707 Aug  1 15:26 ModularCodeGenPubSub_A1.class
-rw-rw-r--   1 travis travis   9060 Aug  1 15:26 ModularCodeGenPubSub_A1.java
-rw-rw-r--   1 travis travis    896 Aug  1 15:26 ModularCodeGenPubSub_A1.mk
-rw-rw-r--   1 travis travis   1278 Aug  1 15:26 ModularCodeGenPubSub_A1_profile.class
-rw-rw-r--   1 travis travis   1195 Aug  1 15:26 ModularCodeGenPubSub_A1_profile.java
-rw-rw-r--   1 travis travis   3724 Aug  1 15:25 ModularCodeGenTest_A1_A2.class
-rw-rw-r--   1 travis travis   9164 Aug  1 15:25 ModularCodeGenTest_A1_A2.java
-rw-rw-r--   1 travis travis   1306 Aug  1 15:25 ModularCodeGenTest_A1_A2_profile.class
-rw-rw-r--   1 travis travis   4055 Aug  1 15:25 ModularCodeGenTest_A1.class
-rw-rw-r--   1 travis travis   9968 Aug  1 15:25 ModularCodeGenTest_A1.java
-rw-rw-r--   1 travis travis    880 Aug  1 15:25 ModularCodeGenTest_A1.mk
-rw-rw-r--   1 travis travis   1352 Aug  1 15:25 ModularCodeGenTest_A1_profile.class
-rw-rw-r--   1 travis travis   1394 Aug  1 15:25 ModularCodeGenTest_A1_profile.java
drwxrwxr-x   3 travis travis  32768 Aug  1 15:24 modulation2
drwxrwxr-x 183 travis travis  12288 Aug  1 15:25 node_modules
drwxrwxr-x   3 travis travis  20480 Aug  1 15:21 PhaseUnwrap
drwxrwxr-x   3 travis travis  12288 Aug  1 15:21 ReadFile1
-rw-rw-r--   1 travis travis     11 Aug  1 15:21 ReadFile1Output.txt
-rw-rw-r--   1 travis travis  13773 Aug  1 15:24 Repeat.class
-rw-rw-r--   1 travis travis    685 Aug  1 15:24 Repeat$_fireFunction_Repeat_Repeat$__f_sL_11.class
-rw-rw-r--   1 travis travis    541 Aug  1 15:24 Repeat$_fireFunction_Repeat_Repeat$__f_sL_12.class
-rw-rw-r--   1 travis travis    541 Aug  1 15:24 Repeat$_fireFunction_Repeat_Repeat$__f_sL_13.class
-rw-rw-r--   1 travis travis    541 Aug  1 15:24 Repeat$_fireFunction_Repeat_Repeat$__f_sL_14.class
-rw-rw-r--   1 travis travis    684 Aug  1 15:24 Repeat$_fireFunction_Repeat_Repeat$__f_sL_1.class
-rw-rw-r--   1 travis travis    683 Aug  1 15:24 Repeat$_fireFunction_Repeat_Repeat$__f_sL_4.class
-rw-rw-r--   1 travis travis    539 Aug  1 15:24 Repeat$_fireFunction_Repeat_Repeat$__f_sL_9.class
-rw-rw-r--   1 travis travis    494 Aug  1 15:24 Repeat$_initialize_Repeat$__i_sL_2.class
-rw-rw-r--   1 travis travis   1281 Aug  1 15:24 Repeat.mk
-rw-rw-r--   1 travis travis    539 Aug  1 15:24 Repeat$_preinitializeMethod_Repeat$__p_sL_0.class
-rw-rw-r--   1 travis travis   1102 Aug  1 15:24 Repeat$_Repeat$_fireFunction_Repeat_AddSubtract_Repeat.class
-rw-rw-r--   1 travis travis    810 Aug  1 15:24 Repeat$_Repeat$_fireFunction_Repeat_AddSubtract_Repeat$__f_sL_0.class
-rw-rw-r--   1 travis travis    928 Aug  1 15:24 Repeat$_Repeat$_fireFunction_Repeat_AddSubtract_Repeat$__f_sL_1.class
-rw-rw-r--   1 travis travis    934 Aug  1 15:24 Repeat$_Repeat$_fireFunction_Repeat_AddSubtract_Repeat$__f_sL_2.class
-rw-rw-r--   1 travis travis    862 Aug  1 15:24 Repeat$_Repeat$_fireFunction_Repeat_AddSubtract_Repeat$__f_sL_3.class
-rw-rw-r--   1 travis travis    757 Aug  1 15:24 Repeat$_Repeat$_fireFunction_Repeat_Ramp2_Repeat$__f_sL_0.class
-rw-rw-r--   1 travis travis    888 Aug  1 15:24 Repeat$_Repeat$_fireFunction_Repeat_Test_Repeat$__f_sL_0.class
-rw-rw-r--   1 travis travis    634 Aug  1 15:24 Repeat$_Repeat$_fireFunction_Repeat_Test_Repeat$__f_sL_1.class
-rw-rw-r--   1 travis travis    704 Aug  1 15:24 Repeat$_Repeat_SDF_Director_run_Repeat$__R_sL_0.class
-rw-rw-r--   1 travis travis    705 Aug  1 15:24 Repeat$_Repeat_SDF_Director_run_Repeat$__R_sL_11.class
-rw-rw-r--   1 travis travis    561 Aug  1 15:24 Repeat$_Repeat_SDF_Director_run_Repeat$__R_sL_13.class
-rw-rw-r--   1 travis travis    559 Aug  1 15:24 Repeat$_Repeat_SDF_Director_run_Repeat$__R_sL_2.class
-rw-rw-r--   1 travis travis    703 Aug  1 15:24 Repeat$_Repeat_SDF_Director_run_Repeat$__R_sL_3.class
-rw-rw-r--   1 travis travis    559 Aug  1 15:24 Repeat$_Repeat_SDF_Director_run_Repeat$__R_sL_5.class
-rw-rw-r--   1 travis travis    559 Aug  1 15:24 Repeat$_Repeat_SDF_Director_run_Repeat$__R_sL_8.class
drwxrwxr-x   2 travis travis   4096 Aug  1 15:24 RepeatVariables
-rw-rw-r--   1 travis travis    882 Aug  1 15:24 Repeat$_varinit_Repeat.class
-rw-rw-r--   1 travis travis    550 Aug  1 15:24 Repeat$_varinit_Repeat$__v_sL_2.class
-rw-rw-r--   1 travis travis    924 Aug  1 15:24 Repeat$_varinit_Repeat$__v_sL_4.class
-rw-rw-r--   1 travis travis    978 Aug  1 15:24 Repeat$_wrapup_Repeat$__w_sL_1.class
drwxrwxr-x   3 travis travis  20480 Aug  1 15:21 Sinewave
drwxrwxr-x   3 travis travis  32768 Aug  1 15:23 StringFunction
drwxrwxr-x   3 travis travis  12288 Aug  1 15:23 StringLength
drwxrwxr-x   3 travis travis  61440 Aug  1 15:23 StringMatches2
drwxrwxr-x   3 travis travis  61440 Aug  1 15:23 StringSimpleReplace
drwxrwxr-x   3 travis travis  65536 Aug  1 15:23 StringSubstring
drwxrwxr-x   3 travis travis  24576 Aug  1 15:24 StringSubstring2
drwxrwxr-x   3 travis travis  16384 Aug  1 15:24 time1
drwxrwxr-x   3 travis travis  12288 Aug  1 15:24 time5
-rw-rw-r--   1 travis travis    432 Aug  1 15:27 Token.class
-rw-rw-r--   1 travis travis    251 Aug  1 15:27 Token.java
-rwxrwxr-x   1 travis travis 466992 Aug  1 15:18 top
-rw-rw-r--   1 travis travis  20502 Aug  1 15:18 top.c
-rw-rw-r--   1 travis travis   3799 Aug  1 15:24 top.class
-rw-rw-r--   1 travis travis   1257 Aug  1 15:24 top.mk
In "/home/travis/cg", about to execute:
    javac -classpath
.:/home/travis/build/icyphy/ptII:/home/travis/build/icyphy/ptII/lib/bsh-2.0b4.j
ar:/home/travis/build/icyphy/ptII/lib/ptCal.jar:/home/travis/build/icyphy/ptII/
lib/java_cup.jar:/home/travis/build/icyphy/ptII/lib/saxon8.jar:/home/travis/bui
ld/icyphy/ptII/lib/saxon8-dom.jar:/home/travis/build/icyphy/ptII/lib/chic.jar:/
home/travis/build/icyphy/ptII/lib/ptcolt.jar:/home/travis/build/icyphy/ptII/ven
dors/misc/itext/iText.jar:/home/travis/build/icyphy/ptII/lib/g4ltl.jar:/home/tr
avis/build/icyphy/ptII/lib/StructuralCoder.jar:/home/travis/build/icyphy/ptII/l
ib/jcerti.jar:/home/travis/build/icyphy/ptII/lib/javax.mail.jar:/home/travis/bu
ild/icyphy/ptII/vendors/JMF-2.1.1e/lib/jmf.jar:/home/travis/build/icyphy/ptII/l
ib/jna-4.0.0-variadic.jar:/home/travis/build/icyphy/ptII/vendors/misc/joystick/
Joystick.jar:/home/travis/build/icyphy/ptII/lib/ptjacl.jar:/home/travis/build/i
cyphy/ptII/lib/jsoup-1.8.2.jar:/home/travis/build/icyphy/ptII/lib/junit-4.8.2.j
ar:/home/travis/build/icyphy/ptII/lib/JUnitParams-0.4.0.jar:/home/travis/build/
icyphy/ptII/ptolemy/actor/lib/excel/jxl.jar:/home/travis/build/icyphy/ptII/lib/
jython.jar:/home/travis/build/icyphy/ptII/lib/kieler.jar:/home/travis/build/icy
phy/ptII/vendors/opencv/share/OpenCV/java/opencv-341.jar:/home/travis/build/icy
phy/ptII/lib/oscP5.jar:/home/travis/build/icyphy/ptII/lib/nrjavaserial-3.11.0.d
evel.jar:/home/travis/build/icyphy/ptII/vendors/j3d/lib/Linux/j3dcore.jar:/home
/travis/build/icyphy/ptII/vendors/j3d/lib/Linux/j3dutils.jar:/home/travis/build
/icyphy/ptII/vendors/j3d/lib/Linux/vecmath.jar:/home/travis/build/icyphy/ptII/v
endors/jogl/lib/Linux/gluegen-rt-natives-linux-amd64.jar:/home/travis/build/icy
phy/ptII/vendors/jogl/lib/Linux/gluegen-rt.jar:/home/travis/build/icyphy/ptII/v
endors/jogl/lib/Linux/jogl-all-natives-linux-amd64.jar:/home/travis/build/icyph
y/ptII/vendors/jogl/lib/Linux/jogl-all.jar:/home/travis/build/icyphy/ptII/ptole
my/distributed/jini/jar/jini-core.jar:/home/travis/build/icyphy/ptII/ptolemy/di
stributed/jini/jar/jini-ext.jar:/home/travis/build/icyphy/ptII/ptolemy/distribu
ted/jini/jar/sun-util.jar:/home/travis/build/icyphy/ptII/lib/protobuf-java-2.4.
1.jar:/home/travis/build/icyphy/ptII/lib/org.eclipse.paho.client.mqttv3.jar:/ho
me/travis/build/icyphy/ptII/lib/mapss.jar:/home/travis/build/icyphy/ptII/ptolem
y/actor/ptalon/antlr/antlr.jar:/home/travis/build/icyphy/ptII/lib/JRI.jar:/home
/travis/build/icyphy/ptII/lib/commons-lang-2.6.jar:/home/travis/build/icyphy/pt
II/lib/commons-logging-1.1.1.jar:/home/travis/build/icyphy/ptII/lib/sootclasses
.jar:/home/travis/build/icyphy/ptII/ptolemy/actor/lib/database/mysql-connector-
java-5.1.6-bin.jar:/home/travis/build/icyphy/ptII/vendors/misc/sphinx4/sphinx4-
data-5prealpha.jar:/home/travis/build/icyphy/ptII/vendors/misc/sphinx4/sphinx4-
core-5prealpha.jar:/home/travis/build/icyphy/ptII/lib/PDFRenderer.jar:/home/tra
vis/build/icyphy/ptII/lib/svgSalamander.jar:/home/travis/build/icyphy/ptII/lib/
rsyntaxtextarea-2.6.0-SNAPSHOT.jar:/home/travis/build/icyphy/ptII/lib/hazelcast
-3.8.2.jar:/home/travis/build/icyphy/ptII/lib/jackson-annotations-2.9.0.jar:/ho
me/travis/build/icyphy/ptII/lib/jackson-core-2.9.3.jar:/home/travis/build/icyph
y/ptII/lib/jackson-databind-2.9.3.jar:/home/travis/build/icyphy/ptII/lib/netty-
buffer-4.1.19.Final.jar:/home/travis/build/icyphy/ptII/lib/netty-codec-4.1.19.F
inal.jar:/home/travis/build/icyphy/ptII/lib/netty-codec-dns-4.1.19.Final.jar:/h
ome/travis/build/icyphy/ptII/lib/netty-codec-http-4.1.19.Final.jar:/home/travis
/build/icyphy/ptII/lib/netty-codec-http2-4.1.19.Final.jar:/home/travis/build/ic
yphy/ptII/lib/netty-common-4.1.19.Final.jar:/home/travis/build/icyphy/ptII/lib/
netty-handler-4.1.19.Final.jar:/home/travis/build/icyphy/ptII/lib/netty-resolve
r-4.1.19.Final.jar:/home/travis/build/icyphy/ptII/lib/netty-resolver-dns-4.1.19
.Final.jar:/home/travis/build/icyphy/ptII/lib/netty-transport-4.1.19.Final.jar:
/home/travis/build/icyphy/ptII/lib/vertx-codegen-3.5.1.jar:/home/travis/build/i
cyphy/ptII/lib/vertx-core-3.5.2-SNAPSHOT.jar:/home/travis/build/icyphy/ptII/lib
/vertx-hazelcast-3.5.1.jar:/home/travis/build/icyphy/ptII/lib/vertx-lang-js-3.5
.1.jar:/home/travis/build/icyphy/ptII/lib/vertx-service-proxy-3.5.1.jar:/home/t
ravis/build/icyphy/ptII/lib/vertx-web-3.5.1.jar:/home/travis/build/icyphy/ptII/
lib/slf4j-api-1.7.13.jar:/home/travis/build/icyphy/ptII/lib/slf4j-simple-1.7.13
.jar:/home/travis/build/icyphy/ptII/lib/webcam-capture-0.3.12.jar:/home/travis/
build/icyphy/ptII/lib/bridj-0.7.0.jar:/home/travis/build/icyphy/ptII/lib/xbjlib
-1.1.0.nrjavaserial.jar:/home/travis/build/icyphy/ptII/ptolemy/moml/test:/home/
travis/build/icyphy/ptII/ant/lib/ant-launcher.jar:/home/travis/build/icyphy/ptI
I/ant/lib/ant.jar:/home/travis/build/icyphy/ptII/ant/lib/ant-junit.jar:/home/tr
avis/build/icyphy/ptII/ant/lib/ant-junit4.jar:/home/travis/build/icyphy/ptII
ModularCodeGenPubSub4_A1_profile.java
All Done
Writing ModularCodeGenPubSub4_A1.java in file:/home/travis/cg/ (9231 characters)
Reading "ptolemy/cg/kernel/generic/program/procedural/java/modular/makefile.in",
    writing "/home/travis/cg/ModularCodeGenPubSub4_A1.mk"
Using ptolemy/cg/kernel/generic/program/procedural/java/modular/makefile.in
In "/home/travis/cg", about to execute:
    make -f ModularCodeGenPubSub4_A1.mk
javac -classpath ".:.."    ModularCodeGenPubSub4_A1.java
All Done
5309 ms. Memory: 129024K Free: 80554K (62%)
----------------- Invoking toplevel() on ptolemy.moml.MoMLSimpleApplication@48d9bf35
----------------- Done invoking toplevel() on ptolemy.moml.MoMLSimpleApplication@48d9bf35
reloadAllAccessors: .ModularCodeGenPubSub4

===========================================================================================
----------------- testing Sat Aug 01 15:27:06 UTC 2020 /home/travis/build/icyphy/ptII/ptolemy/cg/lib/test/auto/PubSubAggLazy.xml
----------------- Instantiating /home/travis/build/icyphy/ptII/ptolemy/cg/lib/test/auto/PubSubAggLazy.xml
8 ms. Memory: 129024K Free: 74804K (58%)
----------------- Invoking toplevel() on ptolemy.moml.MoMLSimpleApplication@6814346f
----------------- Done invoking toplevel() on ptolemy.moml.MoMLSimpleApplication@6814346f
reloadAllAccessors: .PubSubAggLazy

===========================================================================================
----------------- testing Sat Aug 01 15:27:06 UTC 2020 /home/travis/build/icyphy/ptII/ptolemy/cg/lib/test/auto/PubSubAggModularCodeGen.xml
----------------- Instantiating /home/travis/build/icyphy/ptII/ptolemy/cg/lib/test/auto/PubSubAggModularCodeGen.xml
In "/home/travis/cg", about to execute:
    pwd
In "/home/travis/cg", about to execute:
    ls -l
/home/travis/cg
In "/home/travis/cg", about to execute:
    javac -classpath
.:/home/travis/build/icyphy/ptII:/home/travis/build/icyphy/ptII/lib/bsh-2.0b4.j
ar:/home/travis/build/icyphy/ptII/lib/ptCal.jar:/home/travis/build/icyphy/ptII/
lib/java_cup.jar:/home/travis/build/icyphy/ptII/lib/saxon8.jar:/home/travis/bui
ld/icyphy/ptII/lib/saxon8-dom.jar:/home/travis/build/icyphy/ptII/lib/chic.jar:/
home/travis/build/icyphy/ptII/lib/ptcolt.jar:/home/travis/build/icyphy/ptII/ven
dors/misc/itext/iText.jar:/home/travis/build/icyphy/ptII/lib/g4ltl.jar:/home/tr
avis/build/icyphy/ptII/lib/StructuralCoder.jar:/home/travis/build/icyphy/ptII/l
ib/jcerti.jar:/home/travis/build/icyphy/ptII/lib/javax.mail.jar:/home/travis/bu
ild/icyphy/ptII/vendors/JMF-2.1.1e/lib/jmf.jar:/home/travis/build/icyphy/ptII/l
ib/jna-4.0.0-variadic.jar:/home/travis/build/icyphy/ptII/vendors/misc/joystick/
Joystick.jar:/home/travis/build/icyphy/ptII/lib/ptjacl.jar:/home/travis/build/i
cyphy/ptII/lib/jsoup-1.8.2.jar:/home/travis/build/icyphy/ptII/lib/junit-4.8.2.j
ar:/home/travis/build/icyphy/ptII/lib/JUnitParams-0.4.0.jar:/home/travis/build/
icyphy/ptII/ptolemy/actor/lib/excel/jxl.jar:/home/travis/build/icyphy/ptII/lib/
jython.jar:/home/travis/build/icyphy/ptII/lib/kieler.jar:/home/travis/build/icy
phy/ptII/vendors/opencv/share/OpenCV/java/opencv-341.jar:/home/travis/build/icy
phy/ptII/lib/oscP5.jar:/home/travis/build/icyphy/ptII/lib/nrjavaserial-3.11.0.d
evel.jar:/home/travis/build/icyphy/ptII/vendors/j3d/lib/Linux/j3dcore.jar:/home
/travis/build/icyphy/ptII/vendors/j3d/lib/Linux/j3dutils.jar:/home/travis/build
/icyphy/ptII/vendors/j3d/lib/Linux/vecmath.jar:/home/travis/build/icyphy/ptII/v
endors/jogl/lib/Linux/gluegen-rt-natives-linux-amd64.jar:/home/travis/build/icy
phy/ptII/vendors/jogl/lib/Linux/gluegen-rt.jar:/home/travis/build/icyphy/ptII/v
endors/jogl/lib/Linux/jogl-all-natives-linux-amd64.jar:/home/travis/build/icyph
y/ptII/vendors/jogl/lib/Linux/jogl-all.jar:/home/travis/build/icyphy/ptII/ptole
my/distributed/jini/jar/jini-core.jar:/home/travis/build/icyphy/ptII/ptolemy/di
stributed/jini/jar/jini-ext.jar:/home/travis/build/icyphy/ptII/ptolemy/distribu
ted/jini/jar/sun-util.jar:/home/travis/build/icyphy/ptII/lib/protobuf-java-2.4.
1.jar:/home/travis/build/icyphy/ptII/lib/org.eclipse.paho.client.mqttv3.jar:/ho
me/travis/build/icyphy/ptII/lib/mapss.jar:/home/travis/build/icyphy/ptII/ptolem
y/actor/ptalon/antlr/antlr.jar:/home/travis/build/icyphy/ptII/lib/JRI.jar:/home
/travis/build/icyphy/ptII/lib/commons-lang-2.6.jar:/home/travis/build/icyphy/pt
II/lib/commons-logging-1.1.1.jar:/home/travis/build/icyphy/ptII/lib/sootclasses
.jar:/home/travis/build/icyphy/ptII/ptolemy/actor/lib/database/mysql-connector-
java-5.1.6-bin.jar:/home/travis/build/icyphy/ptII/vendors/misc/sphinx4/sphinx4-
data-5prealpha.jar:/home/travis/build/icyphy/ptII/vendors/misc/sphinx4/sphinx4-
core-5prealpha.jar:/home/travis/build/icyphy/ptII/lib/PDFRenderer.jar:/home/tra
vis/build/icyphy/ptII/lib/svgSalamander.jar:/home/travis/build/icyphy/ptII/lib/
rsyntaxtextarea-2.6.0-SNAPSHOT.jar:/home/travis/build/icyphy/ptII/lib/hazelcast
-3.8.2.jar:/home/travis/build/icyphy/ptII/lib/jackson-annotations-2.9.0.jar:/ho
me/travis/build/icyphy/ptII/lib/jackson-core-2.9.3.jar:/home/travis/build/icyph
y/ptII/lib/jackson-databind-2.9.3.jar:/home/travis/build/icyphy/ptII/lib/netty-
buffer-4.1.19.Final.jar:/home/travis/build/icyphy/ptII/lib/netty-codec-4.1.19.F
inal.jar:/home/travis/build/icyphy/ptII/lib/netty-codec-dns-4.1.19.Final.jar:/h
ome/travis/build/icyphy/ptII/lib/netty-codec-http-4.1.19.Final.jar:/home/travis
/build/icyphy/ptII/lib/netty-codec-http2-4.1.19.Final.jar:/home/travis/build/ic
yphy/ptII/lib/netty-common-4.1.19.Final.jar:/home/travis/build/icyphy/ptII/lib/
netty-handler-4.1.19.Final.jar:/home/travis/build/icyphy/ptII/lib/netty-resolve
r-4.1.19.Final.jar:/home/travis/build/icyphy/ptII/lib/netty-resolver-dns-4.1.19
.Final.jar:/home/travis/build/icyphy/ptII/lib/netty-transport-4.1.19.Final.jar:
/home/travis/build/icyphy/ptII/lib/vertx-codegen-3.5.1.jar:/home/travis/build/i
cyphy/ptII/lib/vertx-core-3.5.2-SNAPSHOT.jar:/home/travis/build/icyphy/ptII/lib
/vertx-hazelcast-3.5.1.jar:/home/travis/build/icyphy/ptII/lib/vertx-lang-js-3.5
.1.jar:/home/travis/build/icyphy/ptII/lib/vertx-service-proxy-3.5.1.jar:/home/t
ravis/build/icyphy/ptII/lib/vertx-web-3.5.1.jar:/home/travis/build/icyphy/ptII/
lib/slf4j-api-1.7.13.jar:/home/travis/build/icyphy/ptII/lib/slf4j-simple-1.7.13
.jar:/home/travis/build/icyphy/ptII/lib/webcam-capture-0.3.12.jar:/home/travis/
build/icyphy/ptII/lib/bridj-0.7.0.jar:/home/travis/build/icyphy/ptII/lib/xbjlib
-1.1.0.nrjavaserial.jar:/home/travis/build/icyphy/ptII/ptolemy/moml/test:/home/
travis/build/icyphy/ptII/ant/lib/ant-launcher.jar:/home/travis/build/icyphy/ptI
I/ant/lib/ant.jar:/home/travis/build/icyphy/ptII/ant/lib/ant-junit.jar:/home/tr
avis/build/icyphy/ptII/ant/lib/ant-junit4.jar:/home/travis/build/icyphy/ptII
PubSubAggModularCodeGen_ModularCodeGenTypedComposite_profile.java
total 2604
drwxrwxr-x   3 travis travis  12288 Aug  1 15:20 AbsoluteValue
drwxrwxr-x   3 travis travis 102400 Aug  1 15:19 AllColt
-rw-rw-r--   1 travis travis    233 Aug  1 15:26 Array.class
-rw-rw-r--   1 travis travis    459 Aug  1 15:26 Array.java
drwxrwxr-x   3 travis travis  12288 Aug  1 15:19 Case1
-rw-rw-r--   1 travis travis   5128 Aug  1 15:25 CompiledCompositeActor_CompiledCompositeActor.class
-rw-rw-r--   1 travis travis   1611 Aug  1 15:25 CompiledCompositeActor_CompiledCompositeActor$_CompiledCompositeActor_CompiledCompositeActor.class
-rw-rw-r--   1 travis travis  13466 Aug  1 15:25 CompiledCompositeActor_CompiledCompositeActor.java
-rw-rw-r--   1 travis travis   1593 Aug  1 15:25 CompiledCompositeActor_CompiledCompositeActor.mk
drwxrwxr-x   5 travis travis   4096 Aug  1 15:18 fmi
drwxrwxr-x   3 travis travis  16384 Aug  1 15:20 Gaussian2
-rw-rw-r--   1 travis travis   4684 Aug  1 15:25 JavaCompiledCompositeTest1_CompiledCompositeActor.class
-rw-rw-r--   1 travis travis  11637 Aug  1 15:25 JavaCompiledCompositeTest1_CompiledCompositeActor.java
-rw-rw-r--   1 travis travis   1217 Aug  1 15:25 JavaCompiledCompositeTest1_CompiledCompositeActor$_JavaCompiledCompositeTest1_CompiledCompositeActor.class
-rw-rw-r--   1 travis travis   1625 Aug  1 15:25 JavaCompiledCompositeTest1_CompiledCompositeActor.mk
-rw-rw-r--   1 travis travis   5115 Aug  1 15:25 JavaCompiledCompositeTest2_CompiledCompositeActor.class
-rw-rw-r--   1 travis travis  14919 Aug  1 15:25 JavaCompiledCompositeTest2_CompiledCompositeActor.java
-rw-rw-r--   1 travis travis   1812 Aug  1 15:25 JavaCompiledCompositeTest2_CompiledCompositeActor$_JavaCompiledCompositeTest2_CompiledCompositeActor.class
-rw-rw-r--   1 travis travis   1625 Aug  1 15:25 JavaCompiledCompositeTest2_CompiledCompositeActor.mk
-rw-rw-r--   1 travis travis   4732 Aug  1 15:25 JavaCompiledCompositeTest3_CompiledCompositeActor.class
-rw-rw-r--   1 travis travis  13080 Aug  1 15:25 JavaCompiledCompositeTest3_CompiledCompositeActor.java
-rw-rw-r--   1 travis travis   1397 Aug  1 15:25 JavaCompiledCompositeTest3_CompiledCompositeActor$_JavaCompiledCompositeTest3_CompiledCompositeActor.class
-rw-rw-r--   1 travis travis   1625 Aug  1 15:25 JavaCompiledCompositeTest3_CompiledCompositeActor.mk
-rw-rw-r--   1 travis travis   4183 Aug  1 15:25 JavaCompiledCompositeTest4_CompiledCompositeActor.class
-rw-rw-r--   1 travis travis   9687 Aug  1 15:25 JavaCompiledCompositeTest4_CompiledCompositeActor.java
-rw-rw-r--   1 travis travis    876 Aug  1 15:25 JavaCompiledCompositeTest4_CompiledCompositeActor$_JavaCompiledCompositeTest4_CompiledCompositeActor.class
-rw-rw-r--   1 travis travis   1625 Aug  1 15:25 JavaCompiledCompositeTest4_CompiledCompositeActor.mk
drwxrwxr-x   3 travis travis  12288 Aug  1 15:20 LookupTable
drwxrwxr-x   3 travis travis  20480 Aug  1 15:20 MaxIndex
-rw-rw-r--   1 travis travis   3925 Aug  1 15:25 ModularCG_A1_B1.class
-rw-rw-r--   1 travis travis   9730 Aug  1 15:25 ModularCG_A1_B1.java
-rw-rw-r--   1 travis travis    832 Aug  1 15:25 ModularCG_A1_B1.mk
-rw-rw-r--   1 travis travis   1318 Aug  1 15:25 ModularCG_A1_B1_profile.class
-rw-rw-r--   1 travis travis   1262 Aug  1 15:25 ModularCG_A1_B1_profile.java
-rw-rw-r--   1 travis travis   3925 Aug  1 15:25 ModularCG_A1_B2.class
-rw-rw-r--   1 travis travis   9730 Aug  1 15:25 ModularCG_A1_B2.java
-rw-rw-r--   1 travis travis    832 Aug  1 15:25 ModularCG_A1_B2.mk
-rw-rw-r--   1 travis travis   1318 Aug  1 15:25 ModularCG_A1_B2_profile.class
-rw-rw-r--   1 travis travis   1262 Aug  1 15:25 ModularCG_A1_B2_profile.java
-rw-rw-r--   1 travis travis   5031 Aug  1 15:25 ModularCG_A1.class
-rw-rw-r--   1 travis travis  14742 Aug  1 15:25 ModularCG_A1.java
-rw-rw-r--   1 travis travis    808 Aug  1 15:25 ModularCG_A1.mk
-rw-rw-r--   1 travis travis   1433 Aug  1 15:25 ModularCG_A1_profile.class
-rw-rw-r--   1 travis travis   1704 Aug  1 15:25 ModularCG_A1_profile.java
-rw-rw-r--   1 travis travis   4059 Aug  1 15:25 ModularCG_A2_B1.class
-rw-rw-r--   1 travis travis  10667 Aug  1 15:25 ModularCG_A2_B1.java
-rw-rw-r--   1 travis travis    832 Aug  1 15:25 ModularCG_A2_B1.mk
-rw-rw-r--   1 travis travis   1381 Aug  1 15:25 ModularCG_A2_B1_profile.class
-rw-rw-r--   1 travis travis   1446 Aug  1 15:25 ModularCG_A2_B1_profile.java
-rw-rw-r--   1 travis travis   3925 Aug  1 15:25 ModularCG_A2_B2.class
-rw-rw-r--   1 travis travis   9730 Aug  1 15:25 ModularCG_A2_B2.java
-rw-rw-r--   1 travis travis    832 Aug  1 15:25 ModularCG_A2_B2.mk
-rw-rw-r--   1 travis travis   1318 Aug  1 15:25 ModularCG_A2_B2_profile.class
-rw-rw-r--   1 travis travis   1262 Aug  1 15:25 ModularCG_A2_B2_profile.java
-rw-rw-r--   1 travis travis   5102 Aug  1 15:25 ModularCG_A2.class
-rw-rw-r--   1 travis travis  15129 Aug  1 15:25 ModularCG_A2.java
-rw-rw-r--   1 travis travis    808 Aug  1 15:25 ModularCG_A2.mk
-rw-rw-r--   1 travis travis   1433 Aug  1 15:25 ModularCG_A2_profile.class
-rw-rw-r--   1 travis travis   1704 Aug  1 15:25 ModularCG_A2_profile.java
-rw-rw-r--   1 travis travis   3705 Aug  1 15:25 ModularCGPubSub_A1_A2.class
-rw-rw-r--   1 travis travis   9076 Aug  1 15:25 ModularCGPubSub_A1_A2.java
-rw-rw-r--   1 travis travis    880 Aug  1 15:25 ModularCGPubSub_A1_A2.mk
-rw-rw-r--   1 travis travis   1300 Aug  1 15:25 ModularCGPubSub_A1_A2_profile.class
-rw-rw-r--   1 travis travis   1222 Aug  1 15:25 ModularCGPubSub_A1_A2_profile.java
-rw-rw-r--   1 travis travis   4022 Aug  1 15:25 ModularCGPubSub_A1.class
-rw-rw-r--   1 travis travis   9836 Aug  1 15:25 ModularCGPubSub_A1.java
-rw-rw-r--   1 travis travis    856 Aug  1 15:25 ModularCGPubSub_A1.mk
-rw-rw-r--   1 travis travis   1346 Aug  1 15:25 ModularCGPubSub_A1_profile.class
-rw-rw-r--   1 travis travis   1388 Aug  1 15:25 ModularCGPubSub_A1_profile.java
-rw-rw-r--   1 travis travis   4220 Aug  1 15:25 ModularCodeGen2_ModularCodeGenTypedCompositeActor.class
-rw-rw-r--   1 travis travis  11690 Aug  1 15:25 ModularCodeGen2_ModularCodeGenTypedCompositeActor.java
-rw-rw-r--   1 travis travis   1104 Aug  1 15:25 ModularCodeGen2_ModularCodeGenTypedCompositeActor.mk
-rw-rw-r--   1 travis travis   4504 Aug  1 15:25 ModularCodeGen2_ModularCodeGenTypedCompositeActor_ModularCodeGenTypedCompositeActor.class
-rw-rw-r--   1 travis travis  11790 Aug  1 15:25 ModularCodeGen2_ModularCodeGenTypedCompositeActor_ModularCodeGenTypedCompositeActor.java
-rw-rw-r--   1 travis travis   1376 Aug  1 15:25 ModularCodeGen2_ModularCodeGenTypedCompositeActor_ModularCodeGenTypedCompositeActor.mk
-rw-rw-r--   1 travis travis   1421 Aug  1 15:25 ModularCodeGen2_ModularCodeGenTypedCompositeActor_ModularCodeGenTypedCompositeActor_profile.class
-rw-rw-r--   1 travis travis   1294 Aug  1 15:25 ModularCodeGen2_ModularCodeGenTypedCompositeActor_ModularCodeGenTypedCompositeActor_profile.java
-rw-rw-r--   1 travis travis    820 Aug  1 15:25 ModularCodeGen2_ModularCodeGenTypedCompositeActor_profile.class
-rw-rw-r--   1 travis travis    693 Aug  1 15:25 ModularCodeGen2_ModularCodeGenTypedCompositeActor_profile.java
-rw-rw-r--   1 travis travis   3973 Aug  1 15:25 ModularCodeGen3_A1_B1.class
-rw-rw-r--   1 travis travis   9958 Aug  1 15:25 ModularCodeGen3_A1_B1.java
-rw-rw-r--   1 travis travis    880 Aug  1 15:25 ModularCodeGen3_A1_B1.mk
-rw-rw-r--   1 travis travis   1330 Aug  1 15:25 ModularCodeGen3_A1_B1_profile.class
-rw-rw-r--   1 travis travis   1274 Aug  1 15:25 ModularCodeGen3_A1_B1_profile.java
-rw-rw-r--   1 travis travis   3973 Aug  1 15:26 ModularCodeGen3_A1_B2.class
-rw-rw-r--   1 travis travis   9958 Aug  1 15:26 ModularCodeGen3_A1_B2.java
-rw-rw-r--   1 travis travis    880 Aug  1 15:26 ModularCodeGen3_A1_B2.mk
-rw-rw-r--   1 travis travis   1330 Aug  1 15:26 ModularCodeGen3_A1_B2_profile.class
-rw-rw-r--   1 travis travis   1274 Aug  1 15:25 ModularCodeGen3_A1_B2_profile.java
-rw-rw-r--   1 travis travis   5193 Aug  1 15:26 ModularCodeGen3_A1.class
-rw-rw-r--   1 travis travis  15564 Aug  1 15:26 ModularCodeGen3_A1.java
-rw-rw-r--   1 travis travis    856 Aug  1 15:26 ModularCodeGen3_A1.mk
-rw-rw-r--   1 travis travis   1445 Aug  1 15:26 ModularCodeGen3_A1_profile.class
-rw-rw-r--   1 travis travis   1716 Aug  1 15:26 ModularCodeGen3_A1_profile.java
-rw-rw-r--   1 travis travis   4119 Aug  1 15:26 ModularCodeGen3_A2_B1.class
-rw-rw-r--   1 travis travis  10955 Aug  1 15:26 ModularCodeGen3_A2_B1.java
-rw-rw-r--   1 travis travis    880 Aug  1 15:26 ModularCodeGen3_A2_B1.mk
-rw-rw-r--   1 travis travis   1393 Aug  1 15:26 ModularCodeGen3_A2_B1_profile.class
-rw-rw-r--   1 travis travis   1458 Aug  1 15:26 ModularCodeGen3_A2_B1_profile.java
-rw-rw-r--   1 travis travis   3973 Aug  1 15:26 ModularCodeGen3_A2_B2.class
-rw-rw-r--   1 travis travis   9958 Aug  1 15:26 ModularCodeGen3_A2_B2.java
-rw-rw-r--   1 travis travis    880 Aug  1 15:26 ModularCodeGen3_A2_B2.mk
-rw-rw-r--   1 travis travis   1330 Aug  1 15:26 ModularCodeGen3_A2_B2_profile.class
-rw-rw-r--   1 travis travis   1274 Aug  1 15:26 ModularCodeGen3_A2_B2_profile.java
-rw-rw-r--   1 travis travis   5270 Aug  1 15:26 ModularCodeGen3_A2.class
-rw-rw-r--   1 travis travis  15957 Aug  1 15:26 ModularCodeGen3_A2.java
-rw-rw-r--   1 travis travis    856 Aug  1 15:26 ModularCodeGen3_A2.mk
-rw-rw-r--   1 travis travis   1445 Aug  1 15:26 ModularCodeGen3_A2_profile.class
-rw-rw-r--   1 travis travis   1716 Aug  1 15:26 ModularCodeGen3_A2_profile.java
-rw-rw-r--   1 travis travis   4026 Aug  1 15:26 ModularCodeGen4_A1_B1.class
-rw-rw-r--   1 travis travis  10312 Aug  1 15:26 ModularCodeGen4_A1_B1.java
-rw-rw-r--   1 travis travis    880 Aug  1 15:26 ModularCodeGen4_A1_B1.mk
-rw-rw-r--   1 travis travis   1330 Aug  1 15:26 ModularCodeGen4_A1_B1_profile.class
-rw-rw-r--   1 travis travis   1273 Aug  1 15:26 ModularCodeGen4_A1_B1_profile.java
-rw-rw-r--   1 travis travis   4026 Aug  1 15:26 ModularCodeGen4_A1_B2.class
-rw-rw-r--   1 travis travis  10312 Aug  1 15:26 ModularCodeGen4_A1_B2.java
-rw-rw-r--   1 travis travis    880 Aug  1 15:26 ModularCodeGen4_A1_B2.mk
-rw-rw-r--   1 travis travis   1330 Aug  1 15:26 ModularCodeGen4_A1_B2_profile.class
-rw-rw-r--   1 travis travis   1273 Aug  1 15:26 ModularCodeGen4_A1_B2_profile.java
-rw-rw-r--   1 travis travis   5333 Aug  1 15:26 ModularCodeGen4_A1.class
-rw-rw-r--   1 travis travis  16245 Aug  1 15:26 ModularCodeGen4_A1.java
-rw-rw-r--   1 travis travis    856 Aug  1 15:26 ModularCodeGen4_A1.mk
-rw-rw-r--   1 travis travis   1445 Aug  1 15:26 ModularCodeGen4_A1_profile.class
-rw-rw-r--   1 travis travis   1712 Aug  1 15:26 ModularCodeGen4_A1_profile.java
-rw-rw-r--   1 travis travis   4220 Aug  1 15:26 ModularCodeGen4_A2_B1.class
-rw-rw-r--   1 travis travis  11375 Aug  1 15:26 ModularCodeGen4_A2_B1.java
-rw-rw-r--   1 travis travis    880 Aug  1 15:26 ModularCodeGen4_A2_B1.mk
-rw-rw-r--   1 travis travis   1393 Aug  1 15:26 ModularCodeGen4_A2_B1_profile.class
-rw-rw-r--   1 travis travis   1454 Aug  1 15:26 ModularCodeGen4_A2_B1_profile.java
-rw-rw-r--   1 travis travis   4074 Aug  1 15:26 ModularCodeGen4_A2_B2.class
-rw-rw-r--   1 travis travis  10378 Aug  1 15:26 ModularCodeGen4_A2_B2.java
-rw-rw-r--   1 travis travis    880 Aug  1 15:26 ModularCodeGen4_A2_B2.mk
-rw-rw-r--   1 travis travis   1330 Aug  1 15:26 ModularCodeGen4_A2_B2_profile.class
-rw-rw-r--   1 travis travis   1270 Aug  1 15:26 ModularCodeGen4_A2_B2_profile.java
-rw-rw-r--   1 travis travis   5506 Aug  1 15:26 ModularCodeGen4_A2.class
-rw-rw-r--   1 travis travis  16770 Aug  1 15:26 ModularCodeGen4_A2.java
-rw-rw-r--   1 travis travis    856 Aug  1 15:26 ModularCodeGen4_A2.mk
-rw-rw-r--   1 travis travis   1445 Aug  1 15:26 ModularCodeGen4_A2_profile.class
-rw-rw-r--   1 travis travis   1712 Aug  1 15:26 ModularCodeGen4_A2_profile.java
-rw-rw-r--   1 travis travis   7070 Aug  1 15:26 ModularCodeGen5_A_A.class
-rw-rw-r--   1 travis travis  28721 Aug  1 15:26 ModularCodeGen5_A_A.java
-rw-rw-r--   1 travis travis    864 Aug  1 15:26 ModularCodeGen5_A_A.mk
-rw-rw-r--   1 travis travis   1520 Aug  1 15:26 ModularCodeGen5_A_A_profile.class
-rw-rw-r--   1 travis travis   1815 Aug  1 15:26 ModularCodeGen5_A_A_profile.java
-rw-rw-r--   1 travis travis   5347 Aug  1 15:26 ModularCodeGen5_A.class
-rw-rw-r--   1 travis travis  13769 Aug  1 15:26 ModularCodeGen5_A.java
-rw-rw-r--   1 travis travis    848 Aug  1 15:26 ModularCodeGen5_A.mk
-rw-rw-r--   1 travis travis   1422 Aug  1 15:26 ModularCodeGen5_A_profile.class
-rw-rw-r--   1 travis travis   1605 Aug  1 15:26 ModularCodeGen5_A_profile.java
-rw-rw-r--   1 travis travis   4357 Aug  1 15:26 ModularCodeGen6_A_A2.class
-rw-rw-r--   1 travis travis  11329 Aug  1 15:26 ModularCodeGen6_A_A2.java
-rw-rw-r--   1 travis travis    872 Aug  1 15:26 ModularCodeGen6_A_A2.mk
-rw-rw-r--   1 travis travis   1351 Aug  1 15:26 ModularCodeGen6_A_A2_profile.class
-rw-rw-r--   1 travis travis   1364 Aug  1 15:26 ModularCodeGen6_A_A2_profile.java
-rw-rw-r--   1 travis travis   4340 Aug  1 15:26 ModularCodeGen6_A_A.class
-rw-rw-r--   1 travis travis  11221 Aug  1 15:26 ModularCodeGen6_A_A.java
-rw-rw-r--   1 travis travis    864 Aug  1 15:26 ModularCodeGen6_A_A.mk
-rw-rw-r--   1 travis travis   1348 Aug  1 15:26 ModularCodeGen6_A_A_profile.class
-rw-rw-r--   1 travis travis   1361 Aug  1 15:26 ModularCodeGen6_A_A_profile.java
-rw-rw-r--   1 travis travis   7469 Aug  1 15:26 ModularCodeGen6_A.class
-rw-rw-r--   1 travis travis  26535 Aug  1 15:26 ModularCodeGen6_A.java
-rw-rw-r--   1 travis travis    848 Aug  1 15:26 ModularCodeGen6_A.mk
-rw-rw-r--   1 travis travis   1483 Aug  1 15:26 ModularCodeGen6_A_profile.class
-rw-rw-r--   1 travis travis   1810 Aug  1 15:26 ModularCodeGen6_A_profile.java
-rw-rw-r--   1 travis travis   9633 Aug  1 15:26 ModularCodeGenLazyPubSubGlobal_CompositeActor_ModularCodeGenTypedComposite.class
-rw-rw-r--   1 travis travis  30161 Aug  1 15:26 ModularCodeGenLazyPubSubGlobal_CompositeActor_ModularCodeGenTypedComposite.java
-rw-rw-r--   1 travis travis   1304 Aug  1 15:26 ModularCodeGenLazyPubSubGlobal_CompositeActor_ModularCodeGenTypedComposite.mk
-rw-rw-r--   1 travis travis   1438 Aug  1 15:26 ModularCodeGenLazyPubSubGlobal_CompositeActor_ModularCodeGenTypedComposite_profile.class
-rw-rw-r--   1 travis travis   1384 Aug  1 15:26 ModularCodeGenLazyPubSubGlobal_CompositeActor_ModularCodeGenTypedComposite_profile.java
-rw-rw-r--   1 travis travis   4184 Aug  1 15:26 ModularCodeGenLazyPubSub_LazyCompositeActor.class
-rw-rw-r--   1 travis travis  11122 Aug  1 15:26 ModularCodeGenLazyPubSub_LazyCompositeActor.java
-rw-rw-r--   1 travis travis   1056 Aug  1 15:26 ModularCodeGenLazyPubSub_LazyCompositeActor.mk
-rw-rw-r--   1 travis travis   1286 Aug  1 15:26 ModularCodeGenLazyPubSub_LazyCompositeActor_profile.class
-rw-rw-r--   1 travis travis   1091 Aug  1 15:26 ModularCodeGenLazyPubSub_LazyCompositeActor_profile.java
-rw-rw-r--   1 travis travis   4186 Aug  1 15:25 ModularCodeGen_ModularCodeGenTypedCompositeActor.class
-rw-rw-r--   1 travis travis  10970 Aug  1 15:25 ModularCodeGen_ModularCodeGenTypedCompositeActor.java
-rw-rw-r--   1 travis travis   1096 Aug  1 15:25 ModularCodeGen_ModularCodeGenTypedCompositeActor.mk
-rw-rw-r--   1 travis travis   1384 Aug  1 15:25 ModularCodeGen_ModularCodeGenTypedCompositeActor_profile.class
-rw-rw-r--   1 travis travis   1328 Aug  1 15:25 ModularCodeGen_ModularCodeGenTypedCompositeActor_profile.java
-rw-rw-r--   1 travis travis   3673 Aug  1 15:26 ModularCodeGenPubSub2_A1_A.class
-rw-rw-r--   1 travis travis   8578 Aug  1 15:26 ModularCodeGenPubSub2_A1_A.java
-rw-rw-r--   1 travis travis    920 Aug  1 15:26 ModularCodeGenPubSub2_A1_A.mk
-rw-rw-r--   1 travis travis   1274 Aug  1 15:26 ModularCodeGenPubSub2_A1_A_profile.class
-rw-rw-r--   1 travis travis   1128 Aug  1 15:26 ModularCodeGenPubSub2_A1_A_profile.java
-rw-rw-r--   1 travis travis   3965 Aug  1 15:26 ModularCodeGenPubSub2_A1.class
-rw-rw-r--   1 travis travis   9781 Aug  1 15:26 ModularCodeGenPubSub2_A1.java
-rw-rw-r--   1 travis travis    904 Aug  1 15:26 ModularCodeGenPubSub2_A1.mk
-rw-rw-r--   1 travis travis   1268 Aug  1 15:26 ModularCodeGenPubSub2_A1_profile.class
-rw-rw-r--   1 travis travis   1196 Aug  1 15:26 ModularCodeGenPubSub2_A1_profile.java
-rw-rw-r--   1 travis travis   3669 Aug  1 15:26 ModularCodeGenPubSub3_A1_A2.class
-rw-rw-r--   1 travis travis   8599 Aug  1 15:26 ModularCodeGenPubSub3_A1_A2.java
-rw-rw-r--   1 travis travis    928 Aug  1 15:26 ModularCodeGenPubSub3_A1_A2.mk
-rw-rw-r--   1 travis travis   1287 Aug  1 15:26 ModularCodeGenPubSub3_A1_A2_profile.class
-rw-rw-r--   1 travis travis   1132 Aug  1 15:26 ModularCodeGenPubSub3_A1_A2_profile.java
-rw-rw-r--   1 travis travis   4088 Aug  1 15:27 ModularCodeGenPubSub3_A1.class
-rw-rw-r--   1 travis travis  10100 Aug  1 15:26 ModularCodeGenPubSub3_A1.java
-rw-rw-r--   1 travis travis    904 Aug  1 15:26 ModularCodeGenPubSub3_A1.mk
-rw-rw-r--   1 travis travis   1358 Aug  1 15:26 ModularCodeGenPubSub3_A1_profile.class
-rw-rw-r--   1 travis travis   1400 Aug  1 15:26 ModularCodeGenPubSub3_A1_profile.java
-rw-rw-r--   1 travis travis   3673 Aug  1 15:27 ModularCodeGenPubSub4_A1_A.class
-rw-rw-r--   1 travis travis   8578 Aug  1 15:27 ModularCodeGenPubSub4_A1_A.java
-rw-rw-r--   1 travis travis    920 Aug  1 15:27 ModularCodeGenPubSub4_A1_A.mk
-rw-rw-r--   1 travis travis   1274 Aug  1 15:27 ModularCodeGenPubSub4_A1_A_profile.class
-rw-rw-r--   1 travis travis   1128 Aug  1 15:27 ModularCodeGenPubSub4_A1_A_profile.java
-rw-rw-r--   1 travis travis   3915 Aug  1 15:27 ModularCodeGenPubSub4_A1.class
-rw-rw-r--   1 travis travis   9231 Aug  1 15:27 ModularCodeGenPubSub4_A1.java
-rw-rw-r--   1 travis travis    904 Aug  1 15:27 ModularCodeGenPubSub4_A1.mk
-rw-rw-r--   1 travis travis   1247 Aug  1 15:27 ModularCodeGenPubSub4_A1_profile.class
-rw-rw-r--   1 travis travis   1137 Aug  1 15:27 ModularCodeGenPubSub4_A1_profile.java
-rw-rw-r--   1 travis travis   3707 Aug  1 15:26 ModularCodeGenPubSub_A1.class
-rw-rw-r--   1 travis travis   9060 Aug  1 15:26 ModularCodeGenPubSub_A1.java
-rw-rw-r--   1 travis travis    896 Aug  1 15:26 ModularCodeGenPubSub_A1.mk
-rw-rw-r--   1 travis travis   1278 Aug  1 15:26 ModularCodeGenPubSub_A1_profile.class
-rw-rw-r--   1 travis travis   1195 Aug  1 15:26 ModularCodeGenPubSub_A1_profile.java
-rw-rw-r--   1 travis travis   3724 Aug  1 15:25 ModularCodeGenTest_A1_A2.class
-rw-rw-r--   1 travis travis   9164 Aug  1 15:25 ModularCodeGenTest_A1_A2.java
-rw-rw-r--   1 travis travis   1306 Aug  1 15:25 ModularCodeGenTest_A1_A2_profile.class
-rw-rw-r--   1 travis travis   4055 Aug  1 15:25 ModularCodeGenTest_A1.class
-rw-rw-r--   1 travis travis   9968 Aug  1 15:25 ModularCodeGenTest_A1.java
-rw-rw-r--   1 travis travis    880 Aug  1 15:25 ModularCodeGenTest_A1.mk
-rw-rw-r--   1 travis travis   1352 Aug  1 15:25 ModularCodeGenTest_A1_profile.class
-rw-rw-r--   1 travis travis   1394 Aug  1 15:25 ModularCodeGenTest_A1_profile.java
drwxrwxr-x   3 travis travis  32768 Aug  1 15:24 modulation2
drwxrwxr-x 183 travis travis  12288 Aug  1 15:25 node_modules
drwxrwxr-x   3 travis travis  20480 Aug  1 15:21 PhaseUnwrap
-rw-rw-r--   1 travis travis   1007 Aug  1 15:27 PubSubAggModularCodeGen_ModularCodeGenTypedComposite_profile.java
drwxrwxr-x   3 travis travis  12288 Aug  1 15:21 ReadFile1
-rw-rw-r--   1 travis travis     11 Aug  1 15:21 ReadFile1Output.txt
-rw-rw-r--   1 travis travis  13773 Aug  1 15:24 Repeat.class
-rw-rw-r--   1 travis travis    685 Aug  1 15:24 Repeat$_fireFunction_Repeat_Repeat$__f_sL_11.class
-rw-rw-r--   1 travis travis    541 Aug  1 15:24 Repeat$_fireFunction_Repeat_Repeat$__f_sL_12.class
-rw-rw-r--   1 travis travis    541 Aug  1 15:24 Repeat$_fireFunction_Repeat_Repeat$__f_sL_13.class
-rw-rw-r--   1 travis travis    541 Aug  1 15:24 Repeat$_fireFunction_Repeat_Repeat$__f_sL_14.class
-rw-rw-r--   1 travis travis    684 Aug  1 15:24 Repeat$_fireFunction_Repeat_Repeat$__f_sL_1.class
-rw-rw-r--   1 travis travis    683 Aug  1 15:24 Repeat$_fireFunction_Repeat_Repeat$__f_sL_4.class
-rw-rw-r--   1 travis travis    539 Aug  1 15:24 Repeat$_fireFunction_Repeat_Repeat$__f_sL_9.class
-rw-rw-r--   1 travis travis    494 Aug  1 15:24 Repeat$_initialize_Repeat$__i_sL_2.class
-rw-rw-r--   1 travis travis   1281 Aug  1 15:24 Repeat.mk
-rw-rw-r--   1 travis travis    539 Aug  1 15:24 Repeat$_preinitializeMethod_Repeat$__p_sL_0.class
-rw-rw-r--   1 travis travis   1102 Aug  1 15:24 Repeat$_Repeat$_fireFunction_Repeat_AddSubtract_Repeat.class
-rw-rw-r--   1 travis travis    810 Aug  1 15:24 Repeat$_Repeat$_fireFunction_Repeat_AddSubtract_Repeat$__f_sL_0.class
-rw-rw-r--   1 travis travis    928 Aug  1 15:24 Repeat$_Repeat$_fireFunction_Repeat_AddSubtract_Repeat$__f_sL_1.class
-rw-rw-r--   1 travis travis    934 Aug  1 15:24 Repeat$_Repeat$_fireFunction_Repeat_AddSubtract_Repeat$__f_sL_2.class
-rw-rw-r--   1 travis travis    862 Aug  1 15:24 Repeat$_Repeat$_fireFunction_Repeat_AddSubtract_Repeat$__f_sL_3.class
-rw-rw-r--   1 travis travis    757 Aug  1 15:24 Repeat$_Repeat$_fireFunction_Repeat_Ramp2_Repeat$__f_sL_0.class
-rw-rw-r--   1 travis travis    888 Aug  1 15:24 Repeat$_Repeat$_fireFunction_Repeat_Test_Repeat$__f_sL_0.class
-rw-rw-r--   1 travis travis    634 Aug  1 15:24 Repeat$_Repeat$_fireFunction_Repeat_Test_Repeat$__f_sL_1.class
-rw-rw-r--   1 travis travis    704 Aug  1 15:24 Repeat$_Repeat_SDF_Director_run_Repeat$__R_sL_0.class
-rw-rw-r--   1 travis travis    705 Aug  1 15:24 Repeat$_Repeat_SDF_Director_run_Repeat$__R_sL_11.class
-rw-rw-r--   1 travis travis    561 Aug  1 15:24 Repeat$_Repeat_SDF_Director_run_Repeat$__R_sL_13.class
-rw-rw-r--   1 travis travis    559 Aug  1 15:24 Repeat$_Repeat_SDF_Director_run_Repeat$__R_sL_2.class
-rw-rw-r--   1 travis travis    703 Aug  1 15:24 Repeat$_Repeat_SDF_Director_run_Repeat$__R_sL_3.class
-rw-rw-r--   1 travis travis    559 Aug  1 15:24 Repeat$_Repeat_SDF_Director_run_Repeat$__R_sL_5.class
-rw-rw-r--   1 travis travis    559 Aug  1 15:24 Repeat$_Repeat_SDF_Director_run_Repeat$__R_sL_8.class
drwxrwxr-x   2 travis travis   4096 Aug  1 15:24 RepeatVariables
-rw-rw-r--   1 travis travis    882 Aug  1 15:24 Repeat$_varinit_Repeat.class
-rw-rw-r--   1 travis travis    550 Aug  1 15:24 Repeat$_varinit_Repeat$__v_sL_2.class
-rw-rw-r--   1 travis travis    924 Aug  1 15:24 Repeat$_varinit_Repeat$__v_sL_4.class
-rw-rw-r--   1 travis travis    978 Aug  1 15:24 Repeat$_wrapup_Repeat$__w_sL_1.class
drwxrwxr-x   3 travis travis  20480 Aug  1 15:21 Sinewave
drwxrwxr-x   3 travis travis  32768 Aug  1 15:23 StringFunction
drwxrwxr-x   3 travis travis  12288 Aug  1 15:23 StringLength
drwxrwxr-x   3 travis travis  61440 Aug  1 15:23 StringMatches2
drwxrwxr-x   3 travis travis  61440 Aug  1 15:23 StringSimpleReplace
drwxrwxr-x   3 travis travis  65536 Aug  1 15:23 StringSubstring
drwxrwxr-x   3 travis travis  24576 Aug  1 15:24 StringSubstring2
drwxrwxr-x   3 travis travis  16384 Aug  1 15:24 time1
drwxrwxr-x   3 travis travis  12288 Aug  1 15:24 time5
-rw-rw-r--   1 travis travis    432 Aug  1 15:27 Token.class
-rw-rw-r--   1 travis travis    251 Aug  1 15:27 Token.java
-rwxrwxr-x   1 travis travis 466992 Aug  1 15:18 top
-rw-rw-r--   1 travis travis  20502 Aug  1 15:18 top.c
-rw-rw-r--   1 travis travis   3799 Aug  1 15:24 top.class
-rw-rw-r--   1 travis travis   1257 Aug  1 15:24 top.mk
All Done
Writing PubSubAggModularCodeGen_ModularCodeGenTypedComposite.java in file:/home/travis/cg/ (27850 characters)
Reading "ptolemy/cg/kernel/generic/program/procedural/java/modular/makefile.in",
    writing "/home/travis/cg/PubSubAggModularCodeGen_ModularCodeGenTypedComposite.mk"
Using ptolemy/cg/kernel/generic/program/procedural/java/modular/makefile.in
In "/home/travis/cg", about to execute:
    make -f PubSubAggModularCodeGen_ModularCodeGenTypedComposite.mk
javac -classpath ".:.."    PubSubAggModularCodeGen_ModularCodeGenTypedComposite.java
All Done
3539 ms. Memory: 129024K Free: 33844K (26%)
----------------- Invoking toplevel() on ptolemy.moml.MoMLSimpleApplication@45e459b4
----------------- Done invoking toplevel() on ptolemy.moml.MoMLSimpleApplication@45e459b4
reloadAllAccessors: .PubSubAggModularCodeGen

===========================================================================================
----------------- testing Sat Aug 01 15:27:09 UTC 2020 /home/travis/build/icyphy/ptII/ptolemy/cg/lib/test/auto/PubSubAggTypedComposite.xml
----------------- Instantiating /home/travis/build/icyphy/ptII/ptolemy/cg/lib/test/auto/PubSubAggTypedComposite.xml
7 ms. Memory: 129024K Free: 27119K (21%)
----------------- Invoking toplevel() on ptolemy.moml.MoMLSimpleApplication@231704f0
----------------- Done invoking toplevel() on ptolemy.moml.MoMLSimpleApplication@231704f0
reloadAllAccessors: .PubSubAggTypedComposite

===========================================================================================
----------------- testing Sat Aug 01 15:27:09 UTC 2020 /home/travis/build/icyphy/ptII/ptolemy/cg/lib/test/auto/PubSubAggTypedCompositeWidth2.xml
----------------- Instantiating /home/travis/build/icyphy/ptII/ptolemy/cg/lib/test/auto/PubSubAggTypedCompositeWidth2.xml
17 ms. Memory: 129024K Free: 88520K (69%)
----------------- Invoking toplevel() on ptolemy.moml.MoMLSimpleApplication@7a09733f
----------------- Done invoking toplevel() on ptolemy.moml.MoMLSimpleApplication@7a09733f
reloadAllAccessors: .PubSubAggTypedCompositeWidth2

===========================================================================================
----------------- testing Sat Aug 01 15:27:09 UTC 2020 /home/travis/build/icyphy/ptII/ptolemy/cg/lib/test/auto/ScaleJava.xml
----------------- Instantiating /home/travis/build/icyphy/ptII/ptolemy/cg/lib/test/auto/ScaleJava.xml
CompiledCompositeActor: Building shared object: The sharedObjectFile has a modification time that is earlier than the modelFile modification time.
Writing ScaleJava_EmbeddedActor.java in file:/home/travis/cg/ (9202 characters)
Reading "ptolemy/cg/kernel/generic/program/procedural/java/makefile.in",
    writing "/home/travis/cg/ScaleJava_EmbeddedActor.mk"
Using ptolemy/cg/kernel/generic/program/procedural/java/makefile.in
In "/home/travis/cg", about to execute:
    make -f ScaleJava_EmbeddedActor.mk
javac -classpath ".:."    ScaleJava_EmbeddedActor.java
All Done
900 ms. Memory: 129024K Free: 73728K (57%)
----------------- Invoking toplevel() on ptolemy.moml.MoMLSimpleApplication@54de62a2
----------------- Done invoking toplevel() on ptolemy.moml.MoMLSimpleApplication@54de62a2
reloadAllAccessors: .ScaleJava
AutoTests.java: About to close Vertx.
AutoTests.java: Vertx closed.
]]></system-out>
  <system-err><![CDATA[]]></system-err>
</testsuite>
