<?xml version="1.0" encoding="UTF-8" ?>
<testsuite errors="0" failures="1" hostname="travis-job-6a788c24-a2bf-49e4-9eab-cba29ee9d4df" name="ptolemy.actor.lib.test.junit.JUnitTclTest" skipped="0" tests="517" time="62.69" timestamp="2019-09-03T05:38:02">
  <properties>
    <property name="npm.executable" value="npm" />
    <property name="env.TRAVIS_ROOT" value="/" />
    <property name="ptII.mk.exists" value="true" />
    <property name="env.TRAVIS_APP_HOST" value="build.travis-ci.org" />
    <property name="env.rvm_bin_path" value="/home/travis/.rvm/bin" />
    <property name="java.home" value="/usr/local/lib/jvm/openjdk11" />
    <property name="env.TRAVIS_JOB_NUMBER" value="1316.8" />
    <property name="env.TRAVIS_HOME" value="/home/travis" />
    <property name="env.DISPLAY" value=":99.0" />
    <property name="env.TRAVIS_INIT" value="systemd" />
    <property name="env.SSH_TTY" value="/dev/pts/0" />
    <property name="java.net.preferIPv4Stack" value="true" />
    <property name="env.RUN_TESTS" value="true" />
    <property name="timeout.short" value="1000000" />
    <property name="junit.formatter" value="xml" />
    <property name="env.TRAVIS_SUDO" value="true" />
    <property name="env.TRAVIS_JOB_NAME" value="" />
    <property name="env.TRAVIS_STACK_NODE_ATTRIBUTES" value="/.node-attributes.yml" />
    <property name="env.LOGNAME" value="travis" />
    <property name="env.PT_TRAVIS_TEST_CORE1_XML" value="true" />
    <property name="jsdoc.home" value="node_modules/@terraswarm/jsdoc" />
    <property name="debuglevel" value="source,lines,vars" />
    <property name="checkstyle.formatter" value="xml" />
    <property name="env._system_version" value="16.04" />
    <property name="bin.vergil.makeable" value="true" />
    <property name="sun.os.patch.level" value="unknown" />
    <property name="java.vendor.url" value="http://java.oracle.com/" />
    <property name="env.TRAVIS_BUILD_WEB_URL" value="https://travis-ci.org/icyphy/ptII/builds/580069967" />
    <property name="java.version" value="11.0.2" />
    <property name="env.TZ" value="UTC" />
    <property name="env.TRAVIS_PULL_REQUEST_SHA" value="" />
    <property name="env.PT_NO_NET" value="true" />
    <property name="env.TRAVIS_SECURE_ENV_VARS" value="true" />
    <property name="env._system_type" value="Linux" />
    <property name="java.vendor.url.bug" value="http://bugreport.java.com/bugreport/" />
    <property name="npmjs-org-is-up" value="true" />
    <property name="env.LANGUAGE" value="en_US.UTF-8" />
    <property name="env.SSH_CLIENT" value="10.16.1.17 51392 22" />
    <property name="env.GEM_HOME" value="/home/travis/.rvm/gems/ruby-2.5.3" />
    <property name="env.HAS_ANTARES_THREE_LITTLE_FRONZIES_BADGE" value="true" />
    <property name="java.version.date" value="2019-01-15" />
    <property name="env.PS4" value="+" />
    <property name="ant.project.invoked-targets" value="build,test.core1.xml" />
    <property name="env.TRAVIS_PULL_REQUEST_BRANCH" value="" />
    <property name="env.TRAVIS_REPO_SLUG" value="icyphy/ptII" />
    <property name="env.XDG_DATA_DIRS" value="/usr/local/share:/usr/share:/var/lib/snapd/desktop" />
    <property name="jdk.debug" value="release" />
    <property name="env.TRAVIS_APT_PROXY" value="http://apt.cache.travis-ci.com" />
    <property name="node.in.path" value="true" />
    <property name="user.name" value="travis" />
    <property name="java.maxmemory" value="1400m" />
    <property name="env.RUBY_VERSION" value="ruby-2.5.3" />
    <property name="env.LANG" value="en_US.UTF-8" />
    <property name="sun.io.unicode.encoding" value="UnicodeLittle" />
    <property name="sun.jnu.encoding" value="UTF-8" />
    <property name="java.runtime.name" value="OpenJDK Runtime Environment" />
    <property name="usefile" value="false" />
    <property name="return.code" value="0" />
    <property name="junit.single.formatter" value="plain" />
    <property name="env.DYLD_LIBRARY_PATH" value="/home/travis/pthla/certi-tools/lib:" />
    <property name="env.DEBIAN_FRONTEND" value="noninteractive" />
    <property name="env.SSH_CONNECTION" value="10.16.1.17 51392 10.20.1.191 22" />
    <property name="env.MYSQL_UNIX_PORT" value="/var/run/mysqld/mysqld.sock" />
    <property name="env.LC_ALL" value="en_US.UTF-8" />
    <property name="env.TRAVIS_ALLOW_FAILURE" value="false" />
    <property name="env.TRAVIS_JOB_WEB_URL" value="https://travis-ci.org/icyphy/ptII/jobs/580069975" />
    <property name="java.specification.name" value="Java Platform API Specification" />
    <property name="node.works" value="true" />
    <property name="user.timezone" value="" />
    <property name="path.separator" value=":" />
    <property name="env.TRAVIS_ENABLE_INFRA_DETECTION" value="true" />
    <property name="env.PYTHON_CFLAGS" value="-g -fstack-protector --param=ssp-buffer-size=4 -Wformat -Werror=format-security" />
    <property name="timeout.long" value="4000000" />
    <property name="env.CERTI_HOME" value="/home/travis/pthla/certi-tools" />
    <property name="ant.file.ptII" value="/home/travis/build/icyphy/ptII/build.xml" />
    <property name="javadoc.packagenames" value="com.*,diva.*,lbnl.*,org.hlacerti.*,org.json.*,org.ptolemy.*,org.terraswarm.*,ptolemy.*,ptserver.*" />
    <property name="file.encoding" value="UTF-8" />
    <property name="env.TRAVIS_PULL_REQUEST_SLUG" value="" />
    <property name="ant.project.default-target" value="build" />
    <property name="env.GIT_ASKPASS" value="echo" />
    <property name="env.HOME" value="/home/travis" />
    <property name="sun.java.command" value="org.apache.tools.ant.taskdefs.optional.junit.JUnitTestRunner ptolemy.actor.lib.test.junit.JUnitTclTest skipNonTests=false filtertrace=true haltOnError=false haltOnFailure=false formatter=org.apache.tools.ant.taskdefs.optional.junit.OutErrSummaryJUnitResultFormatter showoutput=true outputtoformatters=true logfailedtests=true threadid=0 logtestlistenerevents=false formatter=org.apache.tools.ant.taskdefs.optional.junit.XMLJUnitResultFormatter,/home/travis/build/icyphy/ptII/reports/junit/TEST-ptolemy.actor.lib.test.junit.JUnitTclTest.xml crashfile=/home/travis/build/icyphy/ptII/junitvmwatcher15679937464088961116.properties propsfile=/home/travis/build/icyphy/ptII/junit11295164879037336152.properties" />
    <property name="env.COMPOSER_NO_INTERACTION" value="1" />
    <property name="env.MANPATH" value="/home/travis/.nvm/versions/node/v7.10.1/share/man:/home/travis/.rvm/rubies/ruby-2.5.3/share/man:/usr/local/cmake-3.12.4/man:/usr/local/clang-7.0.0/share/man:/usr/local/man:/usr/local/share/man:/usr/share/man:/home/travis/.rvm/man" />
    <property name="env.TRAVIS_TIMER_ID" value="015a2ea0" />
    <property name="ant.file" value="/home/travis/build/icyphy/ptII/build.xml" />
    <property name="env.TRAVIS_COMMIT_RANGE" value="42e172ae347fdc5d0e580488fa33ff6bc00cac99...f9c12c6b2ccbd758ceec4e9ffc44e2f31da246f0" />
    <property name="env._system_name" value="Ubuntu" />
    <property name="ptII.classpath.optional.property" value="/home/travis/build/icyphy/ptII/lib/bsh-2.0b4.jar:/home/travis/build/icyphy/ptII/lib/ptCal.jar:/home/travis/build/icyphy/ptII/lib/java_cup.jar:/home/travis/build/icyphy/ptII/lib/saxon8.jar:/home/travis/build/icyphy/ptII/lib/saxon8-dom.jar:/home/travis/build/icyphy/ptII/lib/chic.jar:/home/travis/build/icyphy/ptII/lib/ptcolt.jar:/home/travis/build/icyphy/ptII/vendors/misc/itext/iText.jar:/home/travis/build/icyphy/ptII/lib/g4ltl.jar:/home/travis/build/icyphy/ptII/lib/StructuralCoder.jar:/home/travis/build/icyphy/ptII/lib/jcerti.jar:/home/travis/build/icyphy/ptII/lib/javax.mail.jar:/home/travis/build/icyphy/ptII/vendors/JMF-2.1.1e/lib/jmf.jar:/home/travis/build/icyphy/ptII/lib/jna-4.0.0-variadic.jar:/home/travis/build/icyphy/ptII/vendors/misc/joystick/Joystick.jar:/home/travis/build/icyphy/ptII/lib/ptjacl.jar:/home/travis/build/icyphy/ptII/lib/jsoup-1.8.2.jar:/home/travis/build/icyphy/ptII/lib/junit-4.8.2.jar:/home/travis/build/icyphy/ptII/lib/JUnitParams-0.4.0.jar:/home/travis/build/icyphy/ptII/ptolemy/actor/lib/excel/jxl.jar:/home/travis/build/icyphy/ptII/lib/jython.jar:/home/travis/build/icyphy/ptII/lib/kieler.jar:/home/travis/build/icyphy/ptII/vendors/opencv/share/OpenCV/java/opencv-341.jar:/home/travis/build/icyphy/ptII/lib/oscP5.jar:/home/travis/build/icyphy/ptII/lib/nrjavaserial-3.11.0.devel.jar:/home/travis/build/icyphy/ptII/vendors/j3d/lib/Linux/j3dcore.jar:/home/travis/build/icyphy/ptII/vendors/j3d/lib/Linux/j3dutils.jar:/home/travis/build/icyphy/ptII/vendors/j3d/lib/Linux/vecmath.jar:/home/travis/build/icyphy/ptII/vendors/jogl/lib/Linux/gluegen-rt-natives-linux-amd64.jar:/home/travis/build/icyphy/ptII/vendors/jogl/lib/Linux/gluegen-rt.jar:/home/travis/build/icyphy/ptII/vendors/jogl/lib/Linux/jogl-all-natives-linux-amd64.jar:/home/travis/build/icyphy/ptII/vendors/jogl/lib/Linux/jogl-all.jar:/home/travis/build/icyphy/ptII/ptolemy/distributed/jini/jar/jini-core.jar:/home/travis/build/icyphy/ptII/ptolemy/distributed/jini/jar/jini-ext.jar:/home/travis/build/icyphy/ptII/ptolemy/distributed/jini/jar/sun-util.jar:/home/travis/build/icyphy/ptII/lib/protobuf-java-2.4.1.jar:/home/travis/build/icyphy/ptII/lib/org.eclipse.paho.client.mqttv3.jar:/home/travis/build/icyphy/ptII/lib/mapss.jar:/home/travis/build/icyphy/ptII/ptolemy/actor/ptalon/antlr/antlr.jar:/home/travis/build/icyphy/ptII/lib/JRI.jar:/home/travis/build/icyphy/ptII/lib/commons-lang-2.6.jar:/home/travis/build/icyphy/ptII/lib/commons-logging-1.1.1.jar:/home/travis/build/icyphy/ptII/lib/sootclasses.jar:/home/travis/build/icyphy/ptII/ptolemy/actor/lib/database/mysql-connector-java-5.1.6-bin.jar:/home/travis/build/icyphy/ptII/vendors/misc/sphinx4/sphinx4-data-5prealpha.jar:/home/travis/build/icyphy/ptII/vendors/misc/sphinx4/sphinx4-core-5prealpha.jar:/home/travis/build/icyphy/ptII/lib/PDFRenderer.jar:/home/travis/build/icyphy/ptII/lib/svgSalamander.jar:/home/travis/build/icyphy/ptII/lib/rsyntaxtextarea-2.6.0-SNAPSHOT.jar:/home/travis/build/icyphy/ptII/lib/hazelcast-3.8.2.jar:/home/travis/build/icyphy/ptII/lib/jackson-annotations-2.9.0.jar:/home/travis/build/icyphy/ptII/lib/jackson-core-2.9.3.jar:/home/travis/build/icyphy/ptII/lib/jackson-databind-2.9.3.jar:/home/travis/build/icyphy/ptII/lib/netty-buffer-4.1.19.Final.jar:/home/travis/build/icyphy/ptII/lib/netty-codec-4.1.19.Final.jar:/home/travis/build/icyphy/ptII/lib/netty-codec-dns-4.1.19.Final.jar:/home/travis/build/icyphy/ptII/lib/netty-codec-http-4.1.19.Final.jar:/home/travis/build/icyphy/ptII/lib/netty-codec-http2-4.1.19.Final.jar:/home/travis/build/icyphy/ptII/lib/netty-common-4.1.19.Final.jar:/home/travis/build/icyphy/ptII/lib/netty-handler-4.1.19.Final.jar:/home/travis/build/icyphy/ptII/lib/netty-resolver-4.1.19.Final.jar:/home/travis/build/icyphy/ptII/lib/netty-resolver-dns-4.1.19.Final.jar:/home/travis/build/icyphy/ptII/lib/netty-transport-4.1.19.Final.jar:/home/travis/build/icyphy/ptII/lib/vertx-codegen-3.5.1.jar:/home/travis/build/icyphy/ptII/lib/vertx-core-3.5.2-SNAPSHOT.jar:/home/travis/build/icyphy/ptII/lib/vertx-hazelcast-3.5.1.jar:/home/travis/build/icyphy/ptII/lib/vertx-lang-js-3.5.1.jar:/home/travis/build/icyphy/ptII/lib/vertx-service-proxy-3.5.1.jar:/home/travis/build/icyphy/ptII/lib/vertx-web-3.5.1.jar:/home/travis/build/icyphy/ptII/lib/slf4j-api-1.7.13.jar:/home/travis/build/icyphy/ptII/lib/slf4j-simple-1.7.13.jar:/home/travis/build/icyphy/ptII/lib/webcam-capture-0.3.12.jar:/home/travis/build/icyphy/ptII/lib/bridj-0.7.0.jar:/home/travis/build/icyphy/ptII/lib/xbjlib-1.1.0.nrjavaserial.jar" />
    <property name="timeout" value="2400000" />
    <property name="test.batch" value="**/junit/*.java" />
    <property name="env._" value="/usr/bin/timeout" />
    <property name="java.io.tmpdir" value="/tmp" />
    <property name="user.language" value="en" />
    <property name="env.TRAVIS_INTERNAL_RUBY_REGEX" value="^ruby-(2\.[0-4]\.[0-9]|1\.9\.3)" />
    <property name="env.HISTCONTROL" value="ignoredups:ignorespace" />
    <property name="env.GOROOT" value="/home/travis/.gimme/versions/go1.11.1.linux.amd64" />
    <property name="line.separator" value="&#xa;" />
    <property name="target" value="11" />
    <property name="env.TRAVIS_BUILD_DIR" value="/home/travis/build/icyphy/ptII" />
    <property name="env.ANT_OPTS" value="-Xmx2048m" />
    <property name="ant.file.type" value="file" />
    <property name="ptolemy.ptII.batchMode" value="true" />
    <property name="env.HISTSIZE" value="1000" />
    <property name="env.MERB_ENV" value="test" />
    <property name="java.vm.info" value="mixed mode" />
    <property name="source" value="11" />
    <property name="java.vm.specification.name" value="Java Virtual Machine Specification" />
    <property name="env.TRAVIS_TEST_RESULT" value="0" />
    <property name="jsdoc.command" value="node_modules/@terraswarm/jsdoc/jsdoc.js" />
    <property name="npm.works" value="true" />
    <property name="cobertura.dir" value="/home/travis/build/icyphy/ptII/vendors/cobertura-2.0.3" />
    <property name="jsdoc.command.exists" value="true" />
    <property name="env.rvm_path" value="/home/travis/.rvm" />
    <property name="env.GEM_PATH" value="/home/travis/.rvm/gems/ruby-2.5.3:/home/travis/.rvm/gems/ruby-2.5.3@global" />
    <property name="env.LC_CTYPE" value="en_US.UTF-8" />
    <property name="env.TRAVIS_CMD" value="$PTII/bin/ptIITravisBuild.sh $SECONDS" />
    <property name="java.awt.printerjob" value="sun.print.PSPrinterJob" />
    <property name="env.TRAVIS_STACK_NAME" value="sardonyx" />
    <property name="env.TRAVIS_TIMER_START_TIME" value="1567488441852677866" />
    <property name="ant.version" value="Apache Ant(TM) version 1.10.1 compiled on February 2 2017" />
    <property name="ptII.reports" value="/home/travis/build/icyphy/ptII/reports" />
    <property name="env.TRAVIS_STACK_TIMESTAMP" value="2019-03-25 16:16:56 UTC" />
    <property name="ant.file.type.ptII" value="file" />
    <property name="env.RBENV_SHELL" value="bash" />
    <property name="os.name" value="Linux" />
    <property name="java.specification.vendor" value="Oracle Corporation" />
    <property name="env.rvm_version" value="1.29.7 (latest)" />
    <property name="env.TRAVIS_INFRA" value="gce" />
    <property name="env.TERM" value="xterm" />
    <property name="java.vm.name" value="OpenJDK 64-Bit Server VM" />
    <property name="env.TRAVIS_BUILD_NUMBER" value="1316" />
    <property name="env.CI" value="true" />
    <property name="java.library.path" value="/home/travis/pthla/certi-tools/lib:/usr/lib/jni:/usr/local/share/OpenCV/java/:/usr/share/OpenCV/java::/usr/java/packages/lib:/usr/lib64:/lib64:/lib:/usr/lib" />
    <property name="jdk.module.path" value="/home/travis/build/icyphy/ptII/vendors/javafx/javafx-sdk-11.0.2/lib:" />
    <property name="env.rvm_prefix" value="/home/travis" />
    <property name="env.PATH" value="/home/travis/pthla/certi-tools/share/scripts:/home/travis/.rvm/gems/ruby-2.5.3/bin:/home/travis/.rvm/gems/ruby-2.5.3@global/bin:/home/travis/.rvm/rubies/ruby-2.5.3/bin:/home/travis/.rvm/bin:/home/travis/.nvm/versions/node/v7.10.1/bin:./node_modules/.bin:/home/travis/build/icyphy/ptII/bin:/home/travis/pthla/certi-tools/bin:/home/travis/bin:/home/travis/.local/bin:/usr/local/lib/jvm/openjdk11/bin:/opt/pyenv/shims:/home/travis/.phpenv/shims:/home/travis/perl5/perlbrew/bin:/home/travis/gopath/bin:/home/travis/.gimme/versions/go1.11.1.linux.amd64/bin:/usr/local/maven-3.6.0/bin:/usr/local/cmake-3.12.4/bin:/usr/local/clang-7.0.0/bin:/usr/local/sbin:/usr/local/bin:/usr/sbin:/usr/bin:/sbin:/bin:/snap/bin:/home/travis/.phpenv/bin:/opt/pyenv/bin:/home/travis/.yarn/bin" />
    <property name="env.TRAVIS_OS_NAME" value="linux" />
    <property name="ant.java.version" value="9" />
    <property name="basedir" value="/home/travis/build/icyphy/ptII" />
    <property name="java.class.version" value="55.0" />
    <property name="env.SHLVL" value="3" />
    <property name="env.LD_LIBRARY_PATH" value="/home/travis/pthla/certi-tools/lib:/usr/lib/jni:/usr/local/share/OpenCV/java/:/usr/share/OpenCV/java:" />
    <property name="env.RACK_ENV" value="test" />
    <property name="ant.home" value="/home/travis/build/icyphy/ptII/ant" />
    <property name="env.NVM_DIR" value="/home/travis/.nvm" />
    <property name="env.CERTI_FOM_PATH" value="/home/travis/pthla/certi-tools/share/federations" />
    <property name="env.TRAVIS_BUILD_ID" value="580069967" />
    <property name="env.PYENV_ROOT" value="/opt/pyenv" />
    <property name="env.TRAVIS_UID" value="2000" />
    <property name="prism.verbose" value="true" />
    <property name="env.NVM_BIN" value="/home/travis/.nvm/versions/node/v7.10.1/bin" />
    <property name="env.TRAVIS_COMMIT" value="f9c12c6b2ccbd758ceec4e9ffc44e2f31da246f0" />
    <property name="env._system_arch" value="x86_64" />
    <property name="node.executable" value="node" />
    <property name="sun.boot.library.path" value="/usr/local/lib/jvm/openjdk11/lib" />
    <property name="sun.management.compiler" value="HotSpot 64-Bit Tiered Compilers" />
    <property name="java.awt.graphicsenv" value="sun.awt.X11GraphicsEnvironment" />
    <property name="env.GOPATH" value="/home/travis/gopath" />
    <property name="ptolemy.ptII.dir" value="/home/travis/build/icyphy/ptII" />
    <property name="env.USER" value="travis" />
    <property name="env.HISTFILESIZE" value="2000" />
    <property name="timeout.longest" value="19000000" />
    <property name="env.PERLBREW_SHELLRC_VERSION" value="0.86" />
    <property name="env.TRAVIS_STACK_FEATURES" value="basic couchdb disabled-ipv6 docker docker-compose elasticsearch firefox go-toolchain google-chrome jdk memcached mongodb mysql nodejs_interpreter perl_interpreter perlbrew phantomjs postgresql python_interpreter redis ruby_interpreter sqlite xserver" />
    <property name="env.TRAVIS_PULL_REQUEST" value="false" />
    <property name="env.PYENV_SHELL" value="bash" />
    <property name="ant.project.name" value="ptII" />
    <property name="env.ANSI_RESET" value="\033[0m" />
    <property name="java.vm.specification.version" value="11" />
    <property name="env.TRAVIS_DIST" value="xenial" />
    <property name="env.CERTI_VERSION" value="4.0.0" />
    <property name="env.CERTI_HOST" value="localhost" />
    <property name="awt.toolkit" value="sun.awt.X11.XToolkit" />
    <property name="env.MY_RUBY_HOME" value="/home/travis/.rvm/rubies/ruby-2.5.3" />
    <property name="sun.cpu.isalist" value="" />
    <property name="env.TRAVIS_TMPDIR" value="/tmp/tmp.WVwtBUlX5E" />
    <property name="java.vm.compressedOopsMode" value="Zero based" />
    <property name="os.version" value="4.15.0-1028-gcp" />
    <property name="user.home" value="/home/travis" />
    <property name="java.vm.vendor" value="Oracle Corporation" />
    <property name="env.TRAVIS_TAG" value="nightly" />
    <property name="env.ANSI_YELLOW" value="\033[33;1m" />
    <property name="env.TRAVIS_FILTERED" value="redirect_io" />
    <property name="env.ANSI_GREEN" value="\033[32;1m" />
    <property name="env.JAVA_HOME" value="/usr/local/lib/jvm/openjdk11" />
    <property name="javadoc.excludepackagenames" value="adm.cvs2svn.*,build.*,config.*,doc.coding.templates.*,jni.test.jni.meaningOfLife.*,jni.test.jni.testDeux.*,jni.test.jni.testTrois.*,org.terraswarm.accessor.accessors.web.node_modules.*,org.terraswarm.accessor.accessors.web.hosts.cordova.demo.*,org.terraswarm.accessor.accessors.web.hosts.cordova.plugins.*,org.terraswarm.accessor.accessors-svn.*,pt-modules.*,ptolemy.apps.agilent.*,ptolemy.apps.anytimecontrol.*,ptolemy.apps.apes.*,ptolemy.apps.charon.*,ptolemy.apps.crazyboard.*,ptolemy.apps.eclipse.*,ptolemy.apps.etherealSting.*,ptolemy.apps.fullscreen.*,ptolemy.apps.giotto.*,ptolemy.apps.ia.*,ptolemy.apps.interfaces.*,ptolemy.apps.jmf.*,ptolemy.apps.kurt.*,ptolemy.apps.kvm.*,ptolemy.apps.lego.*,ptolemy.apps.lejos.*,ptolemy.apps.midp.*,ptolemy.apps.mobileCoding.*,ptolemy.apps.pendulum.*,ptolemy.apps.rijndael.*,ptolemy.apps.robot.*,ptolemy.apps.security.*,ptolemy.apps.sobel.*,ptolemy.apps.soot.*,ptolemy.apps.throttle.*,ptolemy.apps.tini.*,ptolemy.apps.transmission.*,ptolemy.apps.vergil.*,ptolemy.apps.waba.*,ptolemy.apps.websensor.*,ptolemy.apps.webstart.*,ptolemy.apps.xsl.*,ptolemy.apps.zaurus.*,ptolemy.codegen.c.actor.lib.oldJavaFiles.*,ptolemy.codegen.dsp.lib.*,ptolemy.codegen.kernel.newInterfaces.*,ptolemy.codegen.lib.*,ptolemy.copernicus.kernel.fragment.*,ptolemy.copernicus.shallow.cg.*,ptolemy.domains.giotto.demo.Hierarchy.Hierarchy.*,ptolemy.domains.giotto.demo.Multimode.Multimode.*,ptolemy.domains.giotto.demo.Simple.Simple.*,ptolemy.domains.gr.lib.experimental.*,ptolemy.domains.gro.*,ptolemy.domains.pdf.*,ptolemy.domains.ptinyos.demo.Surge.output.*,ptolemy.moml.test.NoPackageActor.java*,ptolemy.plot.adm.*,ptolemy.plot.servlet.*,reports.*,signed.*,src.*,target.*,vendors.*,ptolemy.copernicus.applet.*,ptolemy.media.viewer.*,ptolemy.actor.corba.*,doc.doclets.*,ptolemy.apps.eclipse.awt.*,ptolemy.backtrack.*,ptolemy.backtrack.ast.*,ptolemy.cg.adapter.generic.program.procedural.c.mbed*,ptolemy.homer.*,ptolemy.actor.lib.jai.*,org.ptolemy.scala.*,diva.util.java2d.svg.*,ptolemy.domains.ptinyos.*,ptolemy.actor.lib.fmi.fmipp.*,,org.terraswarm.accessor.accessors.web.node_modules.*,org.terraswarm.accessor.accessors-svn,ptolemy.apps.*,ptolemy.actor.ptalon.demo.ptinyos.SendAndReceiveCnt.output,ptolemy.actor.ptalon.demo.ptinyos.SenseToLeds.output,ptolemy.domains.ptinyos.demo.CntToLedsAndRfm.output,ptolemy.domains.ptinyos.demo.RfmToLeds.output,ptolemy.domains.ptinyos.demo.SendAndReceiveCnt.output,ptolemy.domains.ptinyos.demo.SenseToLeds.output,ptolemy.actor.lib.jjs.modules.udpSocket.*" />
    <property name="env.PTII" value="/home/travis/build/icyphy/ptII" />
    <property name="env.XDG_SESSION_ID" value="2" />
    <property name="keystore" value="ptKeystore" />
    <property name="env.TRAVIS_COMMIT_MESSAGE" value="Removed mention of svn." />
    <property name="junit.output.dir" value="/home/travis/build/icyphy/ptII/reports/junit" />
    <property name="npm.return.code" value="0" />
    <property name="user.dir" value="/home/travis/build/icyphy/ptII/ptolemy/actor/lib/test" />
    <property name="env.TRAVIS_NODE_VERSION" value="7" />
    <property name="env.TRAVIS_EVENT_TYPE" value="cron" />
    <property name="env.MAIL" value="/var/mail/travis" />
    <property name="env.PERLBREW_ROOT" value="/home/travis/perl5/perlbrew" />
    <property name="env.PWD" value="/home/travis/build/icyphy/ptII" />
    <property name="timeout.npm" value="45000" />
    <property name="env.TRAVIS_ARCH" value="amd64" />
    <property name="sun.cpu.endian" value="little" />
    <property name="env.PAGER" value="cat" />
    <property name="env.TRAVIS_BUILD_STAGE_NAME" value="Test" />
    <property name="env.PERLBREW_HOME" value="/home/travis/.perlbrew" />
    <property name="java.vm.version" value="11.0.2+9" />
    <property name="env.RAILS_ENV" value="test" />
    <property name="java.class.path" value="/home/travis/.ptolemyII:/home/travis/.ptolemyII/*:/home/travis/build/icyphy/ptII:/home/travis/build/icyphy/ptII/lib/bsh-2.0b4.jar:/home/travis/build/icyphy/ptII/lib/ptCal.jar:/home/travis/build/icyphy/ptII/lib/java_cup.jar:/home/travis/build/icyphy/ptII/lib/saxon8.jar:/home/travis/build/icyphy/ptII/lib/saxon8-dom.jar:/home/travis/build/icyphy/ptII/lib/chic.jar:/home/travis/build/icyphy/ptII/lib/ptcolt.jar:/home/travis/build/icyphy/ptII/vendors/misc/itext/iText.jar:/home/travis/build/icyphy/ptII/lib/g4ltl.jar:/home/travis/build/icyphy/ptII/lib/StructuralCoder.jar:/home/travis/build/icyphy/ptII/lib/jcerti.jar:/home/travis/build/icyphy/ptII/lib/javax.mail.jar:/home/travis/build/icyphy/ptII/vendors/JMF-2.1.1e/lib/jmf.jar:/home/travis/build/icyphy/ptII/lib/jna-4.0.0-variadic.jar:/home/travis/build/icyphy/ptII/vendors/misc/joystick/Joystick.jar:/home/travis/build/icyphy/ptII/lib/ptjacl.jar:/home/travis/build/icyphy/ptII/lib/jsoup-1.8.2.jar:/home/travis/build/icyphy/ptII/lib/junit-4.8.2.jar:/home/travis/build/icyphy/ptII/lib/JUnitParams-0.4.0.jar:/home/travis/build/icyphy/ptII/ptolemy/actor/lib/excel/jxl.jar:/home/travis/build/icyphy/ptII/lib/jython.jar:/home/travis/build/icyphy/ptII/lib/kieler.jar:/home/travis/build/icyphy/ptII/vendors/opencv/share/OpenCV/java/opencv-341.jar:/home/travis/build/icyphy/ptII/lib/oscP5.jar:/home/travis/build/icyphy/ptII/lib/nrjavaserial-3.11.0.devel.jar:/home/travis/build/icyphy/ptII/vendors/j3d/lib/Linux/j3dcore.jar:/home/travis/build/icyphy/ptII/vendors/j3d/lib/Linux/j3dutils.jar:/home/travis/build/icyphy/ptII/vendors/j3d/lib/Linux/vecmath.jar:/home/travis/build/icyphy/ptII/vendors/jogl/lib/Linux/gluegen-rt-natives-linux-amd64.jar:/home/travis/build/icyphy/ptII/vendors/jogl/lib/Linux/gluegen-rt.jar:/home/travis/build/icyphy/ptII/vendors/jogl/lib/Linux/jogl-all-natives-linux-amd64.jar:/home/travis/build/icyphy/ptII/vendors/jogl/lib/Linux/jogl-all.jar:/home/travis/build/icyphy/ptII/ptolemy/distributed/jini/jar/jini-core.jar:/home/travis/build/icyphy/ptII/ptolemy/distributed/jini/jar/jini-ext.jar:/home/travis/build/icyphy/ptII/ptolemy/distributed/jini/jar/sun-util.jar:/home/travis/build/icyphy/ptII/lib/protobuf-java-2.4.1.jar:/home/travis/build/icyphy/ptII/lib/org.eclipse.paho.client.mqttv3.jar:/home/travis/build/icyphy/ptII/lib/mapss.jar:/home/travis/build/icyphy/ptII/ptolemy/actor/ptalon/antlr/antlr.jar:/home/travis/build/icyphy/ptII/lib/JRI.jar:/home/travis/build/icyphy/ptII/lib/commons-lang-2.6.jar:/home/travis/build/icyphy/ptII/lib/commons-logging-1.1.1.jar:/home/travis/build/icyphy/ptII/lib/sootclasses.jar:/home/travis/build/icyphy/ptII/ptolemy/actor/lib/database/mysql-connector-java-5.1.6-bin.jar:/home/travis/build/icyphy/ptII/vendors/misc/sphinx4/sphinx4-data-5prealpha.jar:/home/travis/build/icyphy/ptII/vendors/misc/sphinx4/sphinx4-core-5prealpha.jar:/home/travis/build/icyphy/ptII/lib/PDFRenderer.jar:/home/travis/build/icyphy/ptII/lib/svgSalamander.jar:/home/travis/build/icyphy/ptII/lib/rsyntaxtextarea-2.6.0-SNAPSHOT.jar:/home/travis/build/icyphy/ptII/lib/hazelcast-3.8.2.jar:/home/travis/build/icyphy/ptII/lib/jackson-annotations-2.9.0.jar:/home/travis/build/icyphy/ptII/lib/jackson-core-2.9.3.jar:/home/travis/build/icyphy/ptII/lib/jackson-databind-2.9.3.jar:/home/travis/build/icyphy/ptII/lib/netty-buffer-4.1.19.Final.jar:/home/travis/build/icyphy/ptII/lib/netty-codec-4.1.19.Final.jar:/home/travis/build/icyphy/ptII/lib/netty-codec-dns-4.1.19.Final.jar:/home/travis/build/icyphy/ptII/lib/netty-codec-http-4.1.19.Final.jar:/home/travis/build/icyphy/ptII/lib/netty-codec-http2-4.1.19.Final.jar:/home/travis/build/icyphy/ptII/lib/netty-common-4.1.19.Final.jar:/home/travis/build/icyphy/ptII/lib/netty-handler-4.1.19.Final.jar:/home/travis/build/icyphy/ptII/lib/netty-resolver-4.1.19.Final.jar:/home/travis/build/icyphy/ptII/lib/netty-resolver-dns-4.1.19.Final.jar:/home/travis/build/icyphy/ptII/lib/netty-transport-4.1.19.Final.jar:/home/travis/build/icyphy/ptII/lib/vertx-codegen-3.5.1.jar:/home/travis/build/icyphy/ptII/lib/vertx-core-3.5.2-SNAPSHOT.jar:/home/travis/build/icyphy/ptII/lib/vertx-hazelcast-3.5.1.jar:/home/travis/build/icyphy/ptII/lib/vertx-lang-js-3.5.1.jar:/home/travis/build/icyphy/ptII/lib/vertx-service-proxy-3.5.1.jar:/home/travis/build/icyphy/ptII/lib/vertx-web-3.5.1.jar:/home/travis/build/icyphy/ptII/lib/slf4j-api-1.7.13.jar:/home/travis/build/icyphy/ptII/lib/slf4j-simple-1.7.13.jar:/home/travis/build/icyphy/ptII/lib/webcam-capture-0.3.12.jar:/home/travis/build/icyphy/ptII/lib/bridj-0.7.0.jar:/home/travis/build/icyphy/ptII/lib/xbjlib-1.1.0.nrjavaserial.jar:/home/travis/build/icyphy/ptII/ptolemy/moml/test:/home/travis/build/icyphy/ptII/ant/lib/ant-launcher.jar:/home/travis/build/icyphy/ptII/ant/lib/ant.jar:/home/travis/build/icyphy/ptII/ant/lib/ant-junit.jar:/home/travis/build/icyphy/ptII/ant/lib/ant-junit4.jar" />
    <property name="ant.library.dir" value="/home/travis/build/icyphy/ptII/ant/lib" />
    <property name="os.arch" value="amd64" />
    <property name="env.CONTINUOUS_INTEGRATION" value="true" />
    <property name="env.TRAVIS_LANGUAGE" value="node_js" />
    <property name="env.TRAVIS_STACK_LANGUAGES" value="__sardonyx__ c c++ clojure cplusplus cpp default generic go groovy java node_js php pure_java python ruby scala" />
    <property name="test.name" value="ptolemy.actor.lib.test.junit.JUnitTclTest" />
    <property name="env.APT_KEY_DONT_WARN_ON_DANGEROUS_USAGE" value="1" />
    <property name="sun.java.launcher" value="SUN_STANDARD" />
    <property name="env.PYTHON_CONFIGURE_OPTS" value="--enable-unicode=ucs4 --with-wide-unicode --enable-shared --enable-ipv6 --enable-loadable-sqlite-extensions --with-computed-gotos" />
    <property name="ant.core.lib" value="/home/travis/build/icyphy/ptII/ant/lib/ant.jar" />
    <property name="java.vm.specification.vendor" value="Oracle Corporation" />
    <property name="env.BCVTB_HOME" value="/home/travis/build/icyphy/ptII/lbnl" />
    <property name="file.separator" value="/" />
    <property name="spotbugs.home" value="/home/travis/build/icyphy/ptII/vendors/spotbugs-3.1.1" />
    <property name="java.runtime.version" value="11.0.2+9" />
    <property name="env.ANSI_CLEAR" value="\033[0K" />
    <property name="javafx.verbose" value="true" />
    <property name="env.HAS_JOSH_K_SEAL_OF_APPROVAL" value="true" />
    <property name="env.XDG_RUNTIME_DIR" value="/run/user/2000" />
    <property name="env.TRAVIS_OSX_IMAGE" value="" />
    <property name="env.TRAVIS_JOB_ID" value="580069975" />
    <property name="env.TRAVIS_BRANCH" value="master" />
    <property name="user.country" value="US" />
    <property name="env.CERTI_HOME_TRAVIS" value="/home/travis/pthla/certi-tools" />
    <property name="env.SHELL" value="/bin/bash" />
    <property name="java.maxmemory.large" value="3200m" />
    <property name="model" value="" />
    <property name="env.CASHER_DIR" value="/home/travis/.casher" />
    <property name="env.NVM_CD_FLAGS" value="" />
    <property name="java.vendor.version" value="18.9" />
    <property name="jshint.executable" value="/home/travis/node_modules/jshint/bin/jshint" />
    <property name="env.JRUBY_OPTS" value=" --client -J-XX:+TieredCompilation -J-XX:TieredStopAtLevel=1 -J-Xss2m -Xcompile.invokedynamic=false" />
    <property name="java.vendor" value="Oracle Corporation" />
    <property name="env.TRAVIS_PRE_CHEF_BOOTSTRAP_TIME" value="2019-03-25T16:16:42" />
    <property name="env.TRAVIS_STACK_JOB_BOARD_REGISTER" value="/.job-board-register.yml" />
    <property name="env.ANSI_RED" value="\033[31;1m" />
    <property name="java.specification.version" value="11" />
    <property name="env.IRBRC" value="/home/travis/.rvm/rubies/ruby-2.5.3/.irbrc" />
    <property name="env.TRAVIS" value="true" />
    <property name="sun.arch.data.model" value="64" />
  </properties>
  <testcase classname="ptolemy.util.test.junit.TclTests" name="[0] /home/travis/build/icyphy/ptII/ptolemy/actor/lib/test/AbsoluteValue.tcl (RunTclFile)" time="0.545" />
  <testcase classname="ptolemy.util.test.junit.TclTests" name="[1] /home/travis/build/icyphy/ptII/ptolemy/actor/lib/test/AddSubtract.tcl (RunTclFile)" time="0.178" />
  <testcase classname="ptolemy.util.test.junit.TclTests" name="[2] /home/travis/build/icyphy/ptII/ptolemy/actor/lib/test/Average.tcl (RunTclFile)" time="0.072" />
  <testcase classname="ptolemy.util.test.junit.TclTests" name="[3] /home/travis/build/icyphy/ptII/ptolemy/actor/lib/test/Bernoulli.tcl (RunTclFile)" time="0.019" />
  <testcase classname="ptolemy.util.test.junit.TclTests" name="[4] /home/travis/build/icyphy/ptII/ptolemy/actor/lib/test/Clock.tcl (RunTclFile)" time="0.07" />
  <testcase classname="ptolemy.util.test.junit.TclTests" name="[5] /home/travis/build/icyphy/ptII/ptolemy/actor/lib/test/Commutator.tcl (RunTclFile)" time="0.116" />
  <testcase classname="ptolemy.util.test.junit.TclTests" name="[6] /home/travis/build/icyphy/ptII/ptolemy/actor/lib/test/Const.tcl (RunTclFile)" time="0.158" />
  <testcase classname="ptolemy.util.test.junit.TclTests" name="[7] /home/travis/build/icyphy/ptII/ptolemy/actor/lib/test/CurrentTime.tcl (RunTclFile)" time="0.043" />
  <testcase classname="ptolemy.util.test.junit.TclTests" name="[8] /home/travis/build/icyphy/ptII/ptolemy/actor/lib/test/DB.tcl (RunTclFile)" time="0.082" />
  <testcase classname="ptolemy.util.test.junit.TclTests" name="[9] /home/travis/build/icyphy/ptII/ptolemy/actor/lib/test/DiscreteRandomSource.tcl (RunTclFile)" time="0.032" />
  <testcase classname="ptolemy.util.test.junit.TclTests" name="[10] /home/travis/build/icyphy/ptII/ptolemy/actor/lib/test/Distributor.tcl (RunTclFile)" time="0.034" />
  <testcase classname="ptolemy.util.test.junit.TclTests" name="[11] /home/travis/build/icyphy/ptII/ptolemy/actor/lib/test/Exit.tcl (RunTclFile)" time="0.109" />
  <testcase classname="ptolemy.util.test.junit.TclTests" name="[12] /home/travis/build/icyphy/ptII/ptolemy/actor/lib/test/Expression.tcl (RunTclFile)" time="0.17" />
  <testcase classname="ptolemy.util.test.junit.TclTests" name="[13] /home/travis/build/icyphy/ptII/ptolemy/actor/lib/test/Gaussian.tcl (RunTclFile)" time="0.276" />
  <testcase classname="ptolemy.util.test.junit.TclTests" name="[14] /home/travis/build/icyphy/ptII/ptolemy/actor/lib/test/IIR.tcl (RunTclFile)" time="0.041" />
  <testcase classname="ptolemy.util.test.junit.TclTests" name="[15] /home/travis/build/icyphy/ptII/ptolemy/actor/lib/test/Interpolator.tcl (RunTclFile)" time="0.107" />
  <testcase classname="ptolemy.util.test.junit.TclTests" name="[16] /home/travis/build/icyphy/ptII/ptolemy/actor/lib/test/MathFunction.tcl (RunTclFile)" time="0.081" />
  <testcase classname="ptolemy.util.test.junit.TclTests" name="[17] /home/travis/build/icyphy/ptII/ptolemy/actor/lib/test/Maximum.tcl (RunTclFile)" time="0.046" />
  <testcase classname="ptolemy.util.test.junit.TclTests" name="[18] /home/travis/build/icyphy/ptII/ptolemy/actor/lib/test/Minimum.tcl (RunTclFile)" time="0.031" />
  <testcase classname="ptolemy.util.test.junit.TclTests" name="[19] /home/travis/build/icyphy/ptII/ptolemy/actor/lib/test/MultiplyDivide.tcl (RunTclFile)" time="0.033" />
  <testcase classname="ptolemy.util.test.junit.TclTests" name="[20] /home/travis/build/icyphy/ptII/ptolemy/actor/lib/test/OrderedMerge.tcl (RunTclFile)" time="0.123" />
  <testcase classname="ptolemy.util.test.junit.TclTests" name="[21] /home/travis/build/icyphy/ptII/ptolemy/actor/lib/test/Publisher.tcl (RunTclFile)" time="0.889" />
  <testcase classname="ptolemy.util.test.junit.TclTests" name="[22] /home/travis/build/icyphy/ptII/ptolemy/actor/lib/test/Pulse.tcl (RunTclFile)" time="0.045" />
  <testcase classname="ptolemy.util.test.junit.TclTests" name="[23] /home/travis/build/icyphy/ptII/ptolemy/actor/lib/test/Ramp.tcl (RunTclFile)" time="2.273" />
  <testcase classname="ptolemy.util.test.junit.TclTests" name="[24] /home/travis/build/icyphy/ptII/ptolemy/actor/lib/test/RampContinuous.tcl (RunTclFile)" time="0.021" />
  <testcase classname="ptolemy.util.test.junit.TclTests" name="[25] /home/travis/build/icyphy/ptII/ptolemy/actor/lib/test/RecordAssembler.tcl (RunTclFile)" time="0.019" />
  <testcase classname="ptolemy.util.test.junit.TclTests" name="[26] /home/travis/build/icyphy/ptII/ptolemy/actor/lib/test/RecordDisassembler.tcl (RunTclFile)" time="0.037" />
  <testcase classname="ptolemy.util.test.junit.TclTests" name="[27] /home/travis/build/icyphy/ptII/ptolemy/actor/lib/test/Scale.tcl (RunTclFile)" time="0.031" />
  <testcase classname="ptolemy.util.test.junit.TclTests" name="[28] /home/travis/build/icyphy/ptII/ptolemy/actor/lib/test/SequentialClock.tcl (RunTclFile)" time="0.015" />
  <testcase classname="ptolemy.util.test.junit.TclTests" name="[29] /home/travis/build/icyphy/ptII/ptolemy/actor/lib/test/SetVariable.tcl (RunTclFile)" time="0.028">
    <failure message="Number of failed tests is has increased. expected:&lt;0&gt; but was:&lt;1&gt;" type="junit.framework.AssertionFailedError">junit.framework.AssertionFailedError: Number of failed tests is has increased. expected:&lt;0&gt; but was:&lt;1&gt;
	at ptolemy.util.test.junit.TclTests.RunTclFile(TclTests.java:286)
	at jdk.internal.reflect.GeneratedMethodAccessor19.invoke(Unknown Source)
	at java.base/jdk.internal.reflect.DelegatingMethodAccessorImpl.invoke(DelegatingMethodAccessorImpl.java:43)
	at junitparams.internal.InvokeParameterisedMethod.evaluate(InvokeParameterisedMethod.java:102)
	at junitparams.internal.ParameterisedTestMethodRunner.runMethodInvoker(ParameterisedTestMethodRunner.java:47)
	at junitparams.internal.ParameterisedTestMethodRunner.runTestMethod(ParameterisedTestMethodRunner.java:41)
	at junitparams.internal.ParameterisedTestClassRunner.runParameterisedTest(ParameterisedTestClassRunner.java:143)
	at junitparams.JUnitParamsRunner.runChild(JUnitParamsRunner.java:237)
	at junitparams.JUnitParamsRunner.runChild(JUnitParamsRunner.java:215)
</failure>
  </testcase>
  <testcase classname="ptolemy.util.test.junit.TclTests" name="[30] /home/travis/build/icyphy/ptII/ptolemy/actor/lib/test/Sinewave.tcl (RunTclFile)" time="0.055" />
  <testcase classname="ptolemy.util.test.junit.TclTests" name="[31] /home/travis/build/icyphy/ptII/ptolemy/actor/lib/test/SubscriptionAggregator.tcl (RunTclFile)" time="2.354" />
  <testcase classname="ptolemy.util.test.junit.TclTests" name="[32] /home/travis/build/icyphy/ptII/ptolemy/actor/lib/test/Test.tcl (RunTclFile)" time="0.075" />
  <testcase classname="ptolemy.util.test.junit.TclTests" name="[33] /home/travis/build/icyphy/ptII/ptolemy/actor/lib/test/TestExceptionHandler.tcl (RunTclFile)" time="0.01" />
  <testcase classname="ptolemy.util.test.junit.TclTests" name="[34] /home/travis/build/icyphy/ptII/ptolemy/actor/lib/test/UnionDisassembler.tcl (RunTclFile)" time="0.045" />
  <testcase classname="ptolemy.util.test.junit.TclTests" name="[35] /home/travis/build/icyphy/ptII/ptolemy/actor/lib/test/VariableClock.tcl (RunTclFile)" time="0.083" />
  <testcase classname="ptolemy.util.test.junit.AutoKnownFailedTests" name="[0] /home/travis/build/icyphy/ptII/ptolemy/actor/lib/test/auto/knownFailedTests/PublisherPortToplevelSubscriber.xml (RunModel)" time="0.034" />
  <testcase classname="ptolemy.util.test.junit.AutoKnownFailedTests" name="[1] /home/travis/build/icyphy/ptII/ptolemy/actor/lib/test/auto/knownFailedTests/PublisherSubscriberPortToplevel.xml (RunModel)" time="0.021" />
  <testcase classname="ptolemy.util.test.junit.AutoKnownFailedTests" name="[2] /home/travis/build/icyphy/ptII/ptolemy/actor/lib/test/auto/knownFailedTests/PublisherSubscriptionAggregatorPort.xml (RunModel)" time="0.017" />
  <testcase classname="ptolemy.util.test.junit.AutoKnownFailedTests" name="[3] /home/travis/build/icyphy/ptII/ptolemy/actor/lib/test/auto/knownFailedTests/sizedarray3.xml (RunModel)" time="0.031" />
  <testcase classname="ptolemy.util.test.junit.AutoNameArchTests" name="[0] ThereAreNoAutoArchTests (RunModel)" time="0.002" />
  <testcase classname="ptolemy.util.test.junit.AutoTests" name="[0] /home/travis/build/icyphy/ptII/ptolemy/actor/lib/test/auto/AbsoluteValue.xml (RunModel)" time="0.101" />
  <testcase classname="ptolemy.util.test.junit.AutoTests" name="[1] /home/travis/build/icyphy/ptII/ptolemy/actor/lib/test/auto/AbsoluteValue2.xml (RunModel)" time="0.027" />
  <testcase classname="ptolemy.util.test.junit.AutoTests" name="[2] /home/travis/build/icyphy/ptII/ptolemy/actor/lib/test/auto/Accumulator.xml (RunModel)" time="0.039" />
  <testcase classname="ptolemy.util.test.junit.AutoTests" name="[3] /home/travis/build/icyphy/ptII/ptolemy/actor/lib/test/auto/Accumulator2.xml (RunModel)" time="0.018" />
  <testcase classname="ptolemy.util.test.junit.AutoTests" name="[4] /home/travis/build/icyphy/ptII/ptolemy/actor/lib/test/auto/Accumulator3.xml (RunModel)" time="0.038" />
  <testcase classname="ptolemy.util.test.junit.AutoTests" name="[5] /home/travis/build/icyphy/ptII/ptolemy/actor/lib/test/auto/ArrayAppend.xml (RunModel)" time="0.061" />
  <testcase classname="ptolemy.util.test.junit.AutoTests" name="[6] /home/travis/build/icyphy/ptII/ptolemy/actor/lib/test/auto/ArrayAppend2.xml (RunModel)" time="0.484" />
  <testcase classname="ptolemy.util.test.junit.AutoTests" name="[7] /home/travis/build/icyphy/ptII/ptolemy/actor/lib/test/auto/ArrayAppend3.xml (RunModel)" time="0.019" />
  <testcase classname="ptolemy.util.test.junit.AutoTests" name="[8] /home/travis/build/icyphy/ptII/ptolemy/actor/lib/test/auto/ArrayAppend4.xml (RunModel)" time="0.082" />
  <testcase classname="ptolemy.util.test.junit.AutoTests" name="[9] /home/travis/build/icyphy/ptII/ptolemy/actor/lib/test/auto/ArrayAppend5.xml (RunModel)" time="0.017" />
  <testcase classname="ptolemy.util.test.junit.AutoTests" name="[10] /home/travis/build/icyphy/ptII/ptolemy/actor/lib/test/auto/ArrayAppend6.xml (RunModel)" time="0.018" />
  <testcase classname="ptolemy.util.test.junit.AutoTests" name="[11] /home/travis/build/icyphy/ptII/ptolemy/actor/lib/test/auto/ArrayAppendPerformanceTest.xml (RunModel)" time="0.05" />
  <testcase classname="ptolemy.util.test.junit.AutoTests" name="[12] /home/travis/build/icyphy/ptII/ptolemy/actor/lib/test/auto/ArrayAppendWithEmptyInput.xml (RunModel)" time="0.032" />
  <testcase classname="ptolemy.util.test.junit.AutoTests" name="[13] /home/travis/build/icyphy/ptII/ptolemy/actor/lib/test/auto/ArrayAverage.xml (RunModel)" time="0.061" />
  <testcase classname="ptolemy.util.test.junit.AutoTests" name="[14] /home/travis/build/icyphy/ptII/ptolemy/actor/lib/test/auto/ArrayContains.xml (RunModel)" time="0.027" />
  <testcase classname="ptolemy.util.test.junit.AutoTests" name="[15] /home/travis/build/icyphy/ptII/ptolemy/actor/lib/test/auto/ArrayElement.xml (RunModel)" time="0.028" />
  <testcase classname="ptolemy.util.test.junit.AutoTests" name="[16] /home/travis/build/icyphy/ptII/ptolemy/actor/lib/test/auto/ArrayElementAsMatrix.xml (RunModel)" time="0.054" />
  <testcase classname="ptolemy.util.test.junit.AutoTests" name="[17] /home/travis/build/icyphy/ptII/ptolemy/actor/lib/test/auto/ArrayElementI.xml (RunModel)" time="0.038" />
  <testcase classname="ptolemy.util.test.junit.AutoTests" name="[18] /home/travis/build/icyphy/ptII/ptolemy/actor/lib/test/auto/ArrayExtract.xml (RunModel)" time="0.036" />
  <testcase classname="ptolemy.util.test.junit.AutoTests" name="[19] /home/travis/build/icyphy/ptII/ptolemy/actor/lib/test/auto/ArrayExtract2.xml (RunModel)" time="0.025" />
  <testcase classname="ptolemy.util.test.junit.AutoTests" name="[20] /home/travis/build/icyphy/ptII/ptolemy/actor/lib/test/auto/ArrayLength.xml (RunModel)" time="0.022" />
  <testcase classname="ptolemy.util.test.junit.AutoTests" name="[21] /home/travis/build/icyphy/ptII/ptolemy/actor/lib/test/auto/ArrayLevelCrossing.xml (RunModel)" time="0.028" />
  <testcase classname="ptolemy.util.test.junit.AutoTests" name="[22] /home/travis/build/icyphy/ptII/ptolemy/actor/lib/test/auto/ArrayLevelCrossing2.xml (RunModel)" time="0.029" />
  <testcase classname="ptolemy.util.test.junit.AutoTests" name="[23] /home/travis/build/icyphy/ptII/ptolemy/actor/lib/test/auto/ArrayPeakSearch.xml (RunModel)" time="0.04" />
  <testcase classname="ptolemy.util.test.junit.AutoTests" name="[24] /home/travis/build/icyphy/ptII/ptolemy/actor/lib/test/auto/ArrayPeakSearch2.xml (RunModel)" time="0.044" />
  <testcase classname="ptolemy.util.test.junit.AutoTests" name="[25] /home/travis/build/icyphy/ptII/ptolemy/actor/lib/test/auto/ArrayPeakSearch3.xml (RunModel)" time="0.042" />
  <testcase classname="ptolemy.util.test.junit.AutoTests" name="[26] /home/travis/build/icyphy/ptII/ptolemy/actor/lib/test/auto/ArrayRemoveElement.xml (RunModel)" time="0.029" />
  <testcase classname="ptolemy.util.test.junit.AutoTests" name="[27] /home/travis/build/icyphy/ptII/ptolemy/actor/lib/test/auto/ArraySort.xml (RunModel)" time="0.043" />
  <testcase classname="ptolemy.util.test.junit.AutoTests" name="[28] /home/travis/build/icyphy/ptII/ptolemy/actor/lib/test/auto/ArraySum.xml (RunModel)" time="0.021" />
  <testcase classname="ptolemy.util.test.junit.AutoTests" name="[29] /home/travis/build/icyphy/ptII/ptolemy/actor/lib/test/auto/ArrayToElements.xml (RunModel)" time="0.021" />
  <testcase classname="ptolemy.util.test.junit.AutoTests" name="[30] /home/travis/build/icyphy/ptII/ptolemy/actor/lib/test/auto/ArrayToMatrix.xml (RunModel)" time="0.066" />
  <testcase classname="ptolemy.util.test.junit.AutoTests" name="[31] /home/travis/build/icyphy/ptII/ptolemy/actor/lib/test/auto/ArrayUpdate1.xml (RunModel)" time="0.02" />
  <testcase classname="ptolemy.util.test.junit.AutoTests" name="[32] /home/travis/build/icyphy/ptII/ptolemy/actor/lib/test/auto/ArrayUpdate2.xml (RunModel)" time="0.021" />
  <testcase classname="ptolemy.util.test.junit.AutoTests" name="[33] /home/travis/build/icyphy/ptII/ptolemy/actor/lib/test/auto/ArrayUpdate3.xml (RunModel)" time="0.016" />
  <testcase classname="ptolemy.util.test.junit.AutoTests" name="[34] /home/travis/build/icyphy/ptII/ptolemy/actor/lib/test/auto/Assert1.xml (RunModel)" time="0.022" />
  <testcase classname="ptolemy.util.test.junit.AutoTests" name="[35] /home/travis/build/icyphy/ptII/ptolemy/actor/lib/test/auto/Assert2.xml (RunModel)" time="0.014" />
  <testcase classname="ptolemy.util.test.junit.AutoTests" name="[36] /home/travis/build/icyphy/ptII/ptolemy/actor/lib/test/auto/BooleanMultiplexor.xml (RunModel)" time="0.015" />
  <testcase classname="ptolemy.util.test.junit.AutoTests" name="[37] /home/travis/build/icyphy/ptII/ptolemy/actor/lib/test/auto/BooleanMultiplexor2.xml (RunModel)" time="0.027" />
  <testcase classname="ptolemy.util.test.junit.AutoTests" name="[38] /home/travis/build/icyphy/ptII/ptolemy/actor/lib/test/auto/BooleanMultiplexor3.xml (RunModel)" time="0.018" />
  <testcase classname="ptolemy.util.test.junit.AutoTests" name="[39] /home/travis/build/icyphy/ptII/ptolemy/actor/lib/test/auto/BooleanSelect.xml (RunModel)" time="0.022" />
  <testcase classname="ptolemy.util.test.junit.AutoTests" name="[40] /home/travis/build/icyphy/ptII/ptolemy/actor/lib/test/auto/BooleanSelect2.xml (RunModel)" time="0.023" />
  <testcase classname="ptolemy.util.test.junit.AutoTests" name="[41] /home/travis/build/icyphy/ptII/ptolemy/actor/lib/test/auto/BooleanSwitch.xml (RunModel)" time="0.031" />
  <testcase classname="ptolemy.util.test.junit.AutoTests" name="[42] /home/travis/build/icyphy/ptII/ptolemy/actor/lib/test/auto/BooleanSwitch2.xml (RunModel)" time="0.017" />
  <testcase classname="ptolemy.util.test.junit.AutoTests" name="[43] /home/travis/build/icyphy/ptII/ptolemy/actor/lib/test/auto/BooleanSwitchCloningBugWithClassRelationGroup.xml (RunModel)" time="0.042" />
  <testcase classname="ptolemy.util.test.junit.AutoTests" name="[44] /home/travis/build/icyphy/ptII/ptolemy/actor/lib/test/auto/BusActors.xml (RunModel)" time="0.033" />
  <testcase classname="ptolemy.util.test.junit.AutoTests" name="[45] /home/travis/build/icyphy/ptII/ptolemy/actor/lib/test/auto/ClassWrapper.xml (RunModel)" time="0.024" />
  <testcase classname="ptolemy.util.test.junit.AutoTests" name="[46] /home/travis/build/icyphy/ptII/ptolemy/actor/lib/test/auto/Clock.xml (RunModel)" time="0.009" />
  <testcase classname="ptolemy.util.test.junit.AutoTests" name="[47] /home/travis/build/icyphy/ptII/ptolemy/actor/lib/test/auto/Clock10.xml (RunModel)" time="0.016" />
  <testcase classname="ptolemy.util.test.junit.AutoTests" name="[48] /home/travis/build/icyphy/ptII/ptolemy/actor/lib/test/auto/Clock11.xml (RunModel)" time="0.019" />
  <testcase classname="ptolemy.util.test.junit.AutoTests" name="[49] /home/travis/build/icyphy/ptII/ptolemy/actor/lib/test/auto/Clock12.xml (RunModel)" time="0.017" />
  <testcase classname="ptolemy.util.test.junit.AutoTests" name="[50] /home/travis/build/icyphy/ptII/ptolemy/actor/lib/test/auto/Clock13.xml (RunModel)" time="0.021" />
  <testcase classname="ptolemy.util.test.junit.AutoTests" name="[51] /home/travis/build/icyphy/ptII/ptolemy/actor/lib/test/auto/Clock14.xml (RunModel)" time="0.017" />
  <testcase classname="ptolemy.util.test.junit.AutoTests" name="[52] /home/travis/build/icyphy/ptII/ptolemy/actor/lib/test/auto/Clock15.xml (RunModel)" time="0.012" />
  <testcase classname="ptolemy.util.test.junit.AutoTests" name="[53] /home/travis/build/icyphy/ptII/ptolemy/actor/lib/test/auto/Clock16.xml (RunModel)" time="0.11" />
  <testcase classname="ptolemy.util.test.junit.AutoTests" name="[54] /home/travis/build/icyphy/ptII/ptolemy/actor/lib/test/auto/Clock17.xml (RunModel)" time="0.071" />
  <testcase classname="ptolemy.util.test.junit.AutoTests" name="[55] /home/travis/build/icyphy/ptII/ptolemy/actor/lib/test/auto/Clock18.xml (RunModel)" time="0.045" />
  <testcase classname="ptolemy.util.test.junit.AutoTests" name="[56] /home/travis/build/icyphy/ptII/ptolemy/actor/lib/test/auto/Clock19.xml (RunModel)" time="0.053" />
  <testcase classname="ptolemy.util.test.junit.AutoTests" name="[57] /home/travis/build/icyphy/ptII/ptolemy/actor/lib/test/auto/Clock2.xml (RunModel)" time="0.015" />
  <testcase classname="ptolemy.util.test.junit.AutoTests" name="[58] /home/travis/build/icyphy/ptII/ptolemy/actor/lib/test/auto/Clock20.xml (RunModel)" time="0.022" />
  <testcase classname="ptolemy.util.test.junit.AutoTests" name="[59] /home/travis/build/icyphy/ptII/ptolemy/actor/lib/test/auto/Clock21.xml (RunModel)" time="0.017" />
  <testcase classname="ptolemy.util.test.junit.AutoTests" name="[60] /home/travis/build/icyphy/ptII/ptolemy/actor/lib/test/auto/Clock22.xml (RunModel)" time="0.016" />
  <testcase classname="ptolemy.util.test.junit.AutoTests" name="[61] /home/travis/build/icyphy/ptII/ptolemy/actor/lib/test/auto/Clock23.xml (RunModel)" time="0.019" />
  <testcase classname="ptolemy.util.test.junit.AutoTests" name="[62] /home/travis/build/icyphy/ptII/ptolemy/actor/lib/test/auto/Clock24.xml (RunModel)" time="0.014" />
  <testcase classname="ptolemy.util.test.junit.AutoTests" name="[63] /home/travis/build/icyphy/ptII/ptolemy/actor/lib/test/auto/Clock4.xml (RunModel)" time="0.011" />
  <testcase classname="ptolemy.util.test.junit.AutoTests" name="[64] /home/travis/build/icyphy/ptII/ptolemy/actor/lib/test/auto/Clock5.xml (RunModel)" time="0.009" />
  <testcase classname="ptolemy.util.test.junit.AutoTests" name="[65] /home/travis/build/icyphy/ptII/ptolemy/actor/lib/test/auto/Clock6.xml (RunModel)" time="0.008" />
  <testcase classname="ptolemy.util.test.junit.AutoTests" name="[66] /home/travis/build/icyphy/ptII/ptolemy/actor/lib/test/auto/Clock7.xml (RunModel)" time="0.009" />
  <testcase classname="ptolemy.util.test.junit.AutoTests" name="[67] /home/travis/build/icyphy/ptII/ptolemy/actor/lib/test/auto/Clock8.xml (RunModel)" time="0.015" />
  <testcase classname="ptolemy.util.test.junit.AutoTests" name="[68] /home/travis/build/icyphy/ptII/ptolemy/actor/lib/test/auto/Clock9.xml (RunModel)" time="0.016" />
  <testcase classname="ptolemy.util.test.junit.AutoTests" name="[69] /home/travis/build/icyphy/ptII/ptolemy/actor/lib/test/auto/CommDistDiscard.xml (RunModel)" time="0.022" />
  <testcase classname="ptolemy.util.test.junit.AutoTests" name="[70] /home/travis/build/icyphy/ptII/ptolemy/actor/lib/test/auto/Commutator.xml (RunModel)" time="0.015" />
  <testcase classname="ptolemy.util.test.junit.AutoTests" name="[71] /home/travis/build/icyphy/ptII/ptolemy/actor/lib/test/auto/Commutator2.xml (RunModel)" time="0.009" />
  <testcase classname="ptolemy.util.test.junit.AutoTests" name="[72] /home/travis/build/icyphy/ptII/ptolemy/actor/lib/test/auto/Commutator3.xml (RunModel)" time="0.011" />
  <testcase classname="ptolemy.util.test.junit.AutoTests" name="[73] /home/travis/build/icyphy/ptII/ptolemy/actor/lib/test/auto/Compare.xml (RunModel)" time="0.019" />
  <testcase classname="ptolemy.util.test.junit.AutoTests" name="[74] /home/travis/build/icyphy/ptII/ptolemy/actor/lib/test/auto/CompareDE.xml (RunModel)" time="0.017" />
  <testcase classname="ptolemy.util.test.junit.AutoTests" name="[75] /home/travis/build/icyphy/ptII/ptolemy/actor/lib/test/auto/ComplexDivide.xml (RunModel)" time="0.009" />
  <testcase classname="ptolemy.util.test.junit.AutoTests" name="[76] /home/travis/build/icyphy/ptII/ptolemy/actor/lib/test/auto/ComputeHistogram.xml (RunModel)" time="0.069" />
  <testcase classname="ptolemy.util.test.junit.AutoTests" name="[77] /home/travis/build/icyphy/ptII/ptolemy/actor/lib/test/auto/ConfigurationSelect.xml (RunModel)" time="0.022" />
  <testcase classname="ptolemy.util.test.junit.AutoTests" name="[78] /home/travis/build/icyphy/ptII/ptolemy/actor/lib/test/auto/ConfigurationSelect2.xml (RunModel)" time="0.017" />
  <testcase classname="ptolemy.util.test.junit.AutoTests" name="[79] /home/travis/build/icyphy/ptII/ptolemy/actor/lib/test/auto/ConfigurationSwitch.xml (RunModel)" time="0.023" />
  <testcase classname="ptolemy.util.test.junit.AutoTests" name="[80] /home/travis/build/icyphy/ptII/ptolemy/actor/lib/test/auto/ConfigurationSwitch2.xml (RunModel)" time="0.021" />
  <testcase classname="ptolemy.util.test.junit.AutoTests" name="[81] /home/travis/build/icyphy/ptII/ptolemy/actor/lib/test/auto/ConfigurationSwitchCloningBugWithClassRelationGroup.xml (RunModel)" time="0.022" />
  <testcase classname="ptolemy.util.test.junit.AutoTests" name="[82] /home/travis/build/icyphy/ptII/ptolemy/actor/lib/test/auto/ConfigurationSwitchSelectSDF.xml (RunModel)" time="0.015" />
  <testcase classname="ptolemy.util.test.junit.AutoTests" name="[83] /home/travis/build/icyphy/ptII/ptolemy/actor/lib/test/auto/ConfigurationSwitchSelectSDF2.xml (RunModel)" time="0.015" />
  <testcase classname="ptolemy.util.test.junit.AutoTests" name="[84] /home/travis/build/icyphy/ptII/ptolemy/actor/lib/test/auto/Const.xml (RunModel)" time="0.007" />
  <testcase classname="ptolemy.util.test.junit.AutoTests" name="[85] /home/travis/build/icyphy/ptII/ptolemy/actor/lib/test/auto/Const2.xml (RunModel)" time="0.01" />
  <testcase classname="ptolemy.util.test.junit.AutoTests" name="[86] /home/travis/build/icyphy/ptII/ptolemy/actor/lib/test/auto/Const3.xml (RunModel)" time="0.006" />
  <testcase classname="ptolemy.util.test.junit.AutoTests" name="[87] /home/travis/build/icyphy/ptII/ptolemy/actor/lib/test/auto/ConstantPublisherPort1.xml (RunModel)" time="0.028" />
  <testcase classname="ptolemy.util.test.junit.AutoTests" name="[88] /home/travis/build/icyphy/ptII/ptolemy/actor/lib/test/auto/ConstantPublisherPort2.xml (RunModel)" time="0.016" />
  <testcase classname="ptolemy.util.test.junit.AutoTests" name="[89] /home/travis/build/icyphy/ptII/ptolemy/actor/lib/test/auto/ConstantPublisherPort3.xml (RunModel)" time="0.016" />
  <testcase classname="ptolemy.util.test.junit.AutoTests" name="[90] /home/travis/build/icyphy/ptII/ptolemy/actor/lib/test/auto/ConstantPublisherPort4.xml (RunModel)" time="0.014" />
  <testcase classname="ptolemy.util.test.junit.AutoTests" name="[91] /home/travis/build/icyphy/ptII/ptolemy/actor/lib/test/auto/ConstantPublisherPort5.xml (RunModel)" time="0.047" />
  <testcase classname="ptolemy.util.test.junit.AutoTests" name="[92] /home/travis/build/icyphy/ptII/ptolemy/actor/lib/test/auto/ConstantPublisherPort6.xml (RunModel)" time="0.023" />
  <testcase classname="ptolemy.util.test.junit.AutoTests" name="[93] /home/travis/build/icyphy/ptII/ptolemy/actor/lib/test/auto/ConstantPublisherPort7.xml (RunModel)" time="0.03" />
  <testcase classname="ptolemy.util.test.junit.AutoTests" name="[94] /home/travis/build/icyphy/ptII/ptolemy/actor/lib/test/auto/ConstraintMonitor1.xml (RunModel)" time="0.041" />
  <testcase classname="ptolemy.util.test.junit.AutoTests" name="[95] /home/travis/build/icyphy/ptII/ptolemy/actor/lib/test/auto/ConstraintMonitor2.xml (RunModel)" time="0.022" />
  <testcase classname="ptolemy.util.test.junit.AutoTests" name="[96] /home/travis/build/icyphy/ptII/ptolemy/actor/lib/test/auto/ConstraintMonitor3.xml (RunModel)" time="0.02" />
  <testcase classname="ptolemy.util.test.junit.AutoTests" name="[97] /home/travis/build/icyphy/ptII/ptolemy/actor/lib/test/auto/ConstraintMonitor4.xml (RunModel)" time="0.011" />
  <testcase classname="ptolemy.util.test.junit.AutoTests" name="[98] /home/travis/build/icyphy/ptII/ptolemy/actor/lib/test/auto/ConstraintMonitor5.xml (RunModel)" time="0.009" />
  <testcase classname="ptolemy.util.test.junit.AutoTests" name="[99] /home/travis/build/icyphy/ptII/ptolemy/actor/lib/test/auto/ConstraintMonitor6.xml (RunModel)" time="0.016" />
  <testcase classname="ptolemy.util.test.junit.AutoTests" name="[100] /home/travis/build/icyphy/ptII/ptolemy/actor/lib/test/auto/ConstraintMonitor7.xml (RunModel)" time="0.016" />
  <testcase classname="ptolemy.util.test.junit.AutoTests" name="[101] /home/travis/build/icyphy/ptII/ptolemy/actor/lib/test/auto/ConstraintMonitor8.xml (RunModel)" time="0.018" />
  <testcase classname="ptolemy.util.test.junit.AutoTests" name="[102] /home/travis/build/icyphy/ptII/ptolemy/actor/lib/test/auto/Counter.xml (RunModel)" time="0.018" />
  <testcase classname="ptolemy.util.test.junit.AutoTests" name="[103] /home/travis/build/icyphy/ptII/ptolemy/actor/lib/test/auto/CurrentTimeSDF.xml (RunModel)" time="0.008" />
  <testcase classname="ptolemy.util.test.junit.AutoTests" name="[104] /home/travis/build/icyphy/ptII/ptolemy/actor/lib/test/auto/DB.xml (RunModel)" time="0.013" />
  <testcase classname="ptolemy.util.test.junit.AutoTests" name="[105] /home/travis/build/icyphy/ptII/ptolemy/actor/lib/test/auto/DBDE.xml (RunModel)" time="0.014" />
  <testcase classname="ptolemy.util.test.junit.AutoTests" name="[106] /home/travis/build/icyphy/ptII/ptolemy/actor/lib/test/auto/DateConstructor.xml (RunModel)" time="0.072" />
  <testcase classname="ptolemy.util.test.junit.AutoTests" name="[107] /home/travis/build/icyphy/ptII/ptolemy/actor/lib/test/auto/DelayTime.xml (RunModel)" time="0.017" />
  <testcase classname="ptolemy.util.test.junit.AutoTests" name="[108] /home/travis/build/icyphy/ptII/ptolemy/actor/lib/test/auto/Dictionary1.xml (RunModel)" time="0.018" />
  <testcase classname="ptolemy.util.test.junit.AutoTests" name="[109] /home/travis/build/icyphy/ptII/ptolemy/actor/lib/test/auto/Dictionary2.xml (RunModel)" time="0.018" />
  <testcase classname="ptolemy.util.test.junit.AutoTests" name="[110] /home/travis/build/icyphy/ptII/ptolemy/actor/lib/test/auto/Dictionary3.xml (RunModel)" time="0.015" />
  <testcase classname="ptolemy.util.test.junit.AutoTests" name="[111] /home/travis/build/icyphy/ptII/ptolemy/actor/lib/test/auto/Dictionary4.xml (RunModel)" time="0.017" />
  <testcase classname="ptolemy.util.test.junit.AutoTests" name="[112] /home/travis/build/icyphy/ptII/ptolemy/actor/lib/test/auto/Differential.xml (RunModel)" time="0.012" />
  <testcase classname="ptolemy.util.test.junit.AutoTests" name="[113] /home/travis/build/icyphy/ptII/ptolemy/actor/lib/test/auto/Director.xml (RunModel)" time="0.011" />
  <testcase classname="ptolemy.util.test.junit.AutoTests" name="[114] /home/travis/build/icyphy/ptII/ptolemy/actor/lib/test/auto/DiscreteClock.xml (RunModel)" time="0.014" />
  <testcase classname="ptolemy.util.test.junit.AutoTests" name="[115] /home/travis/build/icyphy/ptII/ptolemy/actor/lib/test/auto/DiscreteClock10.xml (RunModel)" time="0.013" />
  <testcase classname="ptolemy.util.test.junit.AutoTests" name="[116] /home/travis/build/icyphy/ptII/ptolemy/actor/lib/test/auto/DiscreteClock11.xml (RunModel)" time="0.01" />
  <testcase classname="ptolemy.util.test.junit.AutoTests" name="[117] /home/travis/build/icyphy/ptII/ptolemy/actor/lib/test/auto/DiscreteClock12.xml (RunModel)" time="0.014" />
  <testcase classname="ptolemy.util.test.junit.AutoTests" name="[118] /home/travis/build/icyphy/ptII/ptolemy/actor/lib/test/auto/DiscreteClock13.xml (RunModel)" time="0.015" />
  <testcase classname="ptolemy.util.test.junit.AutoTests" name="[119] /home/travis/build/icyphy/ptII/ptolemy/actor/lib/test/auto/DiscreteClock14.xml (RunModel)" time="0.014" />
  <testcase classname="ptolemy.util.test.junit.AutoTests" name="[120] /home/travis/build/icyphy/ptII/ptolemy/actor/lib/test/auto/DiscreteClock15.xml (RunModel)" time="0.017" />
  <testcase classname="ptolemy.util.test.junit.AutoTests" name="[121] /home/travis/build/icyphy/ptII/ptolemy/actor/lib/test/auto/DiscreteClock16.xml (RunModel)" time="0.042" />
  <testcase classname="ptolemy.util.test.junit.AutoTests" name="[122] /home/travis/build/icyphy/ptII/ptolemy/actor/lib/test/auto/DiscreteClock17.xml (RunModel)" time="0.039" />
  <testcase classname="ptolemy.util.test.junit.AutoTests" name="[123] /home/travis/build/icyphy/ptII/ptolemy/actor/lib/test/auto/DiscreteClock18.xml (RunModel)" time="0.048" />
  <testcase classname="ptolemy.util.test.junit.AutoTests" name="[124] /home/travis/build/icyphy/ptII/ptolemy/actor/lib/test/auto/DiscreteClock19.xml (RunModel)" time="0.051" />
  <testcase classname="ptolemy.util.test.junit.AutoTests" name="[125] /home/travis/build/icyphy/ptII/ptolemy/actor/lib/test/auto/DiscreteClock2.xml (RunModel)" time="0.01" />
  <testcase classname="ptolemy.util.test.junit.AutoTests" name="[126] /home/travis/build/icyphy/ptII/ptolemy/actor/lib/test/auto/DiscreteClock20.xml (RunModel)" time="0.018" />
  <testcase classname="ptolemy.util.test.junit.AutoTests" name="[127] /home/travis/build/icyphy/ptII/ptolemy/actor/lib/test/auto/DiscreteClock21.xml (RunModel)" time="0.019" />
  <testcase classname="ptolemy.util.test.junit.AutoTests" name="[128] /home/travis/build/icyphy/ptII/ptolemy/actor/lib/test/auto/DiscreteClock22.xml (RunModel)" time="0.016" />
  <testcase classname="ptolemy.util.test.junit.AutoTests" name="[129] /home/travis/build/icyphy/ptII/ptolemy/actor/lib/test/auto/DiscreteClock23.xml (RunModel)" time="0.021" />
  <testcase classname="ptolemy.util.test.junit.AutoTests" name="[130] /home/travis/build/icyphy/ptII/ptolemy/actor/lib/test/auto/DiscreteClock24.xml (RunModel)" time="0.013" />
  <testcase classname="ptolemy.util.test.junit.AutoTests" name="[131] /home/travis/build/icyphy/ptII/ptolemy/actor/lib/test/auto/DiscreteClock4.xml (RunModel)" time="0.014" />
  <testcase classname="ptolemy.util.test.junit.AutoTests" name="[132] /home/travis/build/icyphy/ptII/ptolemy/actor/lib/test/auto/DiscreteClock5.xml (RunModel)" time="0.009" />
  <testcase classname="ptolemy.util.test.junit.AutoTests" name="[133] /home/travis/build/icyphy/ptII/ptolemy/actor/lib/test/auto/DiscreteClock6.xml (RunModel)" time="0.013" />
  <testcase classname="ptolemy.util.test.junit.AutoTests" name="[134] /home/travis/build/icyphy/ptII/ptolemy/actor/lib/test/auto/DiscreteClock7.xml (RunModel)" time="0.011" />
  <testcase classname="ptolemy.util.test.junit.AutoTests" name="[135] /home/travis/build/icyphy/ptII/ptolemy/actor/lib/test/auto/DiscreteClock8.xml (RunModel)" time="0.029" />
  <testcase classname="ptolemy.util.test.junit.AutoTests" name="[136] /home/travis/build/icyphy/ptII/ptolemy/actor/lib/test/auto/DiscreteClock9.xml (RunModel)" time="0.018" />
  <testcase classname="ptolemy.util.test.junit.AutoTests" name="[137] /home/travis/build/icyphy/ptII/ptolemy/actor/lib/test/auto/DisplayArray.xml (RunModel)" time="0.009" />
  <testcase classname="ptolemy.util.test.junit.AutoTests" name="[138] /home/travis/build/icyphy/ptII/ptolemy/actor/lib/test/auto/Distributor.xml (RunModel)" time="0.008" />
  <testcase classname="ptolemy.util.test.junit.AutoTests" name="[139] /home/travis/build/icyphy/ptII/ptolemy/actor/lib/test/auto/Distributor2.xml (RunModel)" time="0.009" />
  <testcase classname="ptolemy.util.test.junit.AutoTests" name="[140] /home/travis/build/icyphy/ptII/ptolemy/actor/lib/test/auto/DownSample.xml (RunModel)" time="0.018" />
  <testcase classname="ptolemy.util.test.junit.AutoTests" name="[141] /home/travis/build/icyphy/ptII/ptolemy/actor/lib/test/auto/ElectronicUnitBase1.xml (RunModel)" time="0.065" />
  <testcase classname="ptolemy.util.test.junit.AutoTests" name="[142] /home/travis/build/icyphy/ptII/ptolemy/actor/lib/test/auto/ElementsToArray.xml (RunModel)" time="0.01" />
  <testcase classname="ptolemy.util.test.junit.AutoTests" name="[143] /home/travis/build/icyphy/ptII/ptolemy/actor/lib/test/auto/Equals.xml (RunModel)" time="0.012" />
  <testcase classname="ptolemy.util.test.junit.AutoTests" name="[144] /home/travis/build/icyphy/ptII/ptolemy/actor/lib/test/auto/Exec.xml (RunModel)" time="0.03" />
  <testcase classname="ptolemy.util.test.junit.AutoTests" name="[145] /home/travis/build/icyphy/ptII/ptolemy/actor/lib/test/auto/ExecEnvironment.xml (RunModel)" time="0.041" />
  <testcase classname="ptolemy.util.test.junit.AutoTests" name="[146] /home/travis/build/icyphy/ptII/ptolemy/actor/lib/test/auto/ExecNonZeroReturnOutput.xml (RunModel)" time="0.213" />
  <testcase classname="ptolemy.util.test.junit.AutoTests" name="[147] /home/travis/build/icyphy/ptII/ptolemy/actor/lib/test/auto/ExecRunDemos.xml (RunModel)" time="10.82" />
  <testcase classname="ptolemy.util.test.junit.AutoTests" name="[148] /home/travis/build/icyphy/ptII/ptolemy/actor/lib/test/auto/ExecStop.xml (RunModel)" time="5.036" />
  <testcase classname="ptolemy.util.test.junit.AutoTests" name="[149] /home/travis/build/icyphy/ptII/ptolemy/actor/lib/test/auto/ExecutionTimeSDF.xml (RunModel)" time="6.034" />
  <testcase classname="ptolemy.util.test.junit.AutoTests" name="[150] /home/travis/build/icyphy/ptII/ptolemy/actor/lib/test/auto/Expression1.xml (RunModel)" time="0.007" />
  <testcase classname="ptolemy.util.test.junit.AutoTests" name="[151] /home/travis/build/icyphy/ptII/ptolemy/actor/lib/test/auto/Expression10.xml (RunModel)" time="0.031" />
  <testcase classname="ptolemy.util.test.junit.AutoTests" name="[152] /home/travis/build/icyphy/ptII/ptolemy/actor/lib/test/auto/Expression11.xml (RunModel)" time="0.011" />
  <testcase classname="ptolemy.util.test.junit.AutoTests" name="[153] /home/travis/build/icyphy/ptII/ptolemy/actor/lib/test/auto/Expression12.xml (RunModel)" time="0.037" />
  <testcase classname="ptolemy.util.test.junit.AutoTests" name="[154] /home/travis/build/icyphy/ptII/ptolemy/actor/lib/test/auto/Expression13.xml (RunModel)" time="0.032" />
  <testcase classname="ptolemy.util.test.junit.AutoTests" name="[155] /home/travis/build/icyphy/ptII/ptolemy/actor/lib/test/auto/Expression14.xml (RunModel)" time="0.016" />
  <testcase classname="ptolemy.util.test.junit.AutoTests" name="[156] /home/travis/build/icyphy/ptII/ptolemy/actor/lib/test/auto/Expression15.xml (RunModel)" time="0.007" />
  <testcase classname="ptolemy.util.test.junit.AutoTests" name="[157] /home/travis/build/icyphy/ptII/ptolemy/actor/lib/test/auto/Expression16.xml (RunModel)" time="0.013" />
  <testcase classname="ptolemy.util.test.junit.AutoTests" name="[158] /home/travis/build/icyphy/ptII/ptolemy/actor/lib/test/auto/Expression17.xml (RunModel)" time="0.011" />
  <testcase classname="ptolemy.util.test.junit.AutoTests" name="[159] /home/travis/build/icyphy/ptII/ptolemy/actor/lib/test/auto/Expression18.xml (RunModel)" time="0.015" />
  <testcase classname="ptolemy.util.test.junit.AutoTests" name="[160] /home/travis/build/icyphy/ptII/ptolemy/actor/lib/test/auto/Expression2.xml (RunModel)" time="0.014" />
  <testcase classname="ptolemy.util.test.junit.AutoTests" name="[161] /home/travis/build/icyphy/ptII/ptolemy/actor/lib/test/auto/Expression3.xml (RunModel)" time="0.014" />
  <testcase classname="ptolemy.util.test.junit.AutoTests" name="[162] /home/travis/build/icyphy/ptII/ptolemy/actor/lib/test/auto/Expression4.xml (RunModel)" time="0.019" />
  <testcase classname="ptolemy.util.test.junit.AutoTests" name="[163] /home/travis/build/icyphy/ptII/ptolemy/actor/lib/test/auto/Expression5.xml (RunModel)" time="0.015" />
  <testcase classname="ptolemy.util.test.junit.AutoTests" name="[164] /home/travis/build/icyphy/ptII/ptolemy/actor/lib/test/auto/Expression6.xml (RunModel)" time="0.01" />
  <testcase classname="ptolemy.util.test.junit.AutoTests" name="[165] /home/travis/build/icyphy/ptII/ptolemy/actor/lib/test/auto/Expression7.xml (RunModel)" time="0.012" />
  <testcase classname="ptolemy.util.test.junit.AutoTests" name="[166] /home/travis/build/icyphy/ptII/ptolemy/actor/lib/test/auto/Expression8.xml (RunModel)" time="0.024" />
  <testcase classname="ptolemy.util.test.junit.AutoTests" name="[167] /home/travis/build/icyphy/ptII/ptolemy/actor/lib/test/auto/Expression9.xml (RunModel)" time="0.007" />
  <testcase classname="ptolemy.util.test.junit.AutoTests" name="[168] /home/travis/build/icyphy/ptII/ptolemy/actor/lib/test/auto/ExpressionConcatenateArrayType.xml (RunModel)" time="0.043" />
  <testcase classname="ptolemy.util.test.junit.AutoTests" name="[169] /home/travis/build/icyphy/ptII/ptolemy/actor/lib/test/auto/ExpressionConcatenateArrayType2.xml (RunModel)" time="0.023" />
  <testcase classname="ptolemy.util.test.junit.AutoTests" name="[170] /home/travis/build/icyphy/ptII/ptolemy/actor/lib/test/auto/ExpressionFix.xml (RunModel)" time="0.041" />
  <testcase classname="ptolemy.util.test.junit.AutoTests" name="[171] /home/travis/build/icyphy/ptII/ptolemy/actor/lib/test/auto/ExpressionFix2.xml (RunModel)" time="0.015" />
  <testcase classname="ptolemy.util.test.junit.AutoTests" name="[172] /home/travis/build/icyphy/ptII/ptolemy/actor/lib/test/auto/ExpressionFix3.xml (RunModel)" time="0.014" />
  <testcase classname="ptolemy.util.test.junit.AutoTests" name="[173] /home/travis/build/icyphy/ptII/ptolemy/actor/lib/test/auto/FileWriter1.xml (RunModel)" time="0.009" />
  <testcase classname="ptolemy.util.test.junit.AutoTests" name="[174] /home/travis/build/icyphy/ptII/ptolemy/actor/lib/test/auto/FileWriter2.xml (RunModel)" time="0.012" />
  <testcase classname="ptolemy.util.test.junit.AutoTests" name="[175] /home/travis/build/icyphy/ptII/ptolemy/actor/lib/test/auto/FileWriter3.xml (RunModel)" time="0.018" />
  <testcase classname="ptolemy.util.test.junit.AutoTests" name="[176] /home/travis/build/icyphy/ptII/ptolemy/actor/lib/test/auto/Gaussian.xml (RunModel)" time="0.017" />
  <testcase classname="ptolemy.util.test.junit.AutoTests" name="[177] /home/travis/build/icyphy/ptII/ptolemy/actor/lib/test/auto/Gaussian1.xml (RunModel)" time="0.016" />
  <testcase classname="ptolemy.util.test.junit.AutoTests" name="[178] /home/travis/build/icyphy/ptII/ptolemy/actor/lib/test/auto/Gaussian2.xml (RunModel)" time="0.024" />
  <testcase classname="ptolemy.util.test.junit.AutoTests" name="[179] /home/travis/build/icyphy/ptII/ptolemy/actor/lib/test/auto/GradientAdaptiveLattice.xml (RunModel)" time="0.025" />
  <testcase classname="ptolemy.util.test.junit.AutoTests" name="[180] /home/travis/build/icyphy/ptII/ptolemy/actor/lib/test/auto/IIR.xml (RunModel)" time="0.011" />
  <testcase classname="ptolemy.util.test.junit.AutoTests" name="[181] /home/travis/build/icyphy/ptII/ptolemy/actor/lib/test/auto/InputOutputTransparentPorts.xml (RunModel)" time="0.017" />
  <testcase classname="ptolemy.util.test.junit.AutoTests" name="[182] /home/travis/build/icyphy/ptII/ptolemy/actor/lib/test/auto/Interpolator.xml (RunModel)" time="0.012" />
  <testcase classname="ptolemy.util.test.junit.AutoTests" name="[183] /home/travis/build/icyphy/ptII/ptolemy/actor/lib/test/auto/InterpolatorFiringLimitDE.xml (RunModel)" time="0.013" />
  <testcase classname="ptolemy.util.test.junit.AutoTests" name="[184] /home/travis/build/icyphy/ptII/ptolemy/actor/lib/test/auto/Lattice.xml (RunModel)" time="0.009" />
  <testcase classname="ptolemy.util.test.junit.AutoTests" name="[185] /home/travis/build/icyphy/ptII/ptolemy/actor/lib/test/auto/LazyAOCTestLazy.xml (RunModel)" time="0.046" />
  <testcase classname="ptolemy.util.test.junit.AutoTests" name="[186] /home/travis/build/icyphy/ptII/ptolemy/actor/lib/test/auto/LazyAOCTestNonLazy.xml (RunModel)" time="0.051" />
  <testcase classname="ptolemy.util.test.junit.AutoTests" name="[187] /home/travis/build/icyphy/ptII/ptolemy/actor/lib/test/auto/LazyInnerClass.xml (RunModel)" time="0.042" />
  <testcase classname="ptolemy.util.test.junit.AutoTests" name="[188] /home/travis/build/icyphy/ptII/ptolemy/actor/lib/test/auto/LazyPubSub.xml (RunModel)" time="0.035" />
  <testcase classname="ptolemy.util.test.junit.AutoTests" name="[189] /home/travis/build/icyphy/ptII/ptolemy/actor/lib/test/auto/LazyPubSub2.xml (RunModel)" time="0.033" />
  <testcase classname="ptolemy.util.test.junit.AutoTests" name="[190] /home/travis/build/icyphy/ptII/ptolemy/actor/lib/test/auto/LazyPubSub3.xml (RunModel)" time="0.042" />
  <testcase classname="ptolemy.util.test.junit.AutoTests" name="[191] /home/travis/build/icyphy/ptII/ptolemy/actor/lib/test/auto/LazySubClassModel.xml (RunModel)" time="0.029" />
  <testcase classname="ptolemy.util.test.junit.AutoTests" name="[192] /home/travis/build/icyphy/ptII/ptolemy/actor/lib/test/auto/LevelCrossTest1.xml (RunModel)" time="0.01" />
  <testcase classname="ptolemy.util.test.junit.AutoTests" name="[193] /home/travis/build/icyphy/ptII/ptolemy/actor/lib/test/auto/LevelCrossTest10.xml (RunModel)" time="0.015" />
  <testcase classname="ptolemy.util.test.junit.AutoTests" name="[194] /home/travis/build/icyphy/ptII/ptolemy/actor/lib/test/auto/LevelCrossTest11.xml (RunModel)" time="0.017" />
  <testcase classname="ptolemy.util.test.junit.AutoTests" name="[195] /home/travis/build/icyphy/ptII/ptolemy/actor/lib/test/auto/LevelCrossTest12.xml (RunModel)" time="0.019" />
  <testcase classname="ptolemy.util.test.junit.AutoTests" name="[196] /home/travis/build/icyphy/ptII/ptolemy/actor/lib/test/auto/LevelCrossTest13.xml (RunModel)" time="0.013" />
  <testcase classname="ptolemy.util.test.junit.AutoTests" name="[197] /home/travis/build/icyphy/ptII/ptolemy/actor/lib/test/auto/LevelCrossTest2.xml (RunModel)" time="0.01" />
  <testcase classname="ptolemy.util.test.junit.AutoTests" name="[198] /home/travis/build/icyphy/ptII/ptolemy/actor/lib/test/auto/LevelCrossTest3.xml (RunModel)" time="0.012" />
  <testcase classname="ptolemy.util.test.junit.AutoTests" name="[199] /home/travis/build/icyphy/ptII/ptolemy/actor/lib/test/auto/LevelCrossTest4.xml (RunModel)" time="0.011" />
  <testcase classname="ptolemy.util.test.junit.AutoTests" name="[200] /home/travis/build/icyphy/ptII/ptolemy/actor/lib/test/auto/LevelCrossTest5.xml (RunModel)" time="0.014" />
  <testcase classname="ptolemy.util.test.junit.AutoTests" name="[201] /home/travis/build/icyphy/ptII/ptolemy/actor/lib/test/auto/LevelCrossTest6.xml (RunModel)" time="0.024" />
  <testcase classname="ptolemy.util.test.junit.AutoTests" name="[202] /home/travis/build/icyphy/ptII/ptolemy/actor/lib/test/auto/LevelCrossTest7.xml (RunModel)" time="0.025" />
  <testcase classname="ptolemy.util.test.junit.AutoTests" name="[203] /home/travis/build/icyphy/ptII/ptolemy/actor/lib/test/auto/LevelCrossTest8.xml (RunModel)" time="0.014" />
  <testcase classname="ptolemy.util.test.junit.AutoTests" name="[204] /home/travis/build/icyphy/ptII/ptolemy/actor/lib/test/auto/LevelCrossTest9.xml (RunModel)" time="0.027" />
  <testcase classname="ptolemy.util.test.junit.AutoTests" name="[205] /home/travis/build/icyphy/ptII/ptolemy/actor/lib/test/auto/LevinsonDurbin.xml (RunModel)" time="0.018" />
  <testcase classname="ptolemy.util.test.junit.AutoTests" name="[206] /home/travis/build/icyphy/ptII/ptolemy/actor/lib/test/auto/LevinsonDurbin2.xml (RunModel)" time="0.01" />
  <testcase classname="ptolemy.util.test.junit.AutoTests" name="[207] /home/travis/build/icyphy/ptII/ptolemy/actor/lib/test/auto/LevinsonDurbin3.xml (RunModel)" time="0.008" />
  <testcase classname="ptolemy.util.test.junit.AutoTests" name="[208] /home/travis/build/icyphy/ptII/ptolemy/actor/lib/test/auto/Limiter.xml (RunModel)" time="0.03" />
  <testcase classname="ptolemy.util.test.junit.AutoTests" name="[209] /home/travis/build/icyphy/ptII/ptolemy/actor/lib/test/auto/LinearDifferenceEquationSystem.xml (RunModel)" time="0.026" />
  <testcase classname="ptolemy.util.test.junit.AutoTests" name="[210] /home/travis/build/icyphy/ptII/ptolemy/actor/lib/test/auto/LookupTable.xml (RunModel)" time="0.01" />
  <testcase classname="ptolemy.util.test.junit.AutoTests" name="[211] /home/travis/build/icyphy/ptII/ptolemy/actor/lib/test/auto/MathFunction.xml (RunModel)" time="0.018" />
  <testcase classname="ptolemy.util.test.junit.AutoTests" name="[212] /home/travis/build/icyphy/ptII/ptolemy/actor/lib/test/auto/MathFunction2.xml (RunModel)" time="0.01" />
  <testcase classname="ptolemy.util.test.junit.AutoTests" name="[213] /home/travis/build/icyphy/ptII/ptolemy/actor/lib/test/auto/MathFunction3.xml (RunModel)" time="0.018" />
  <testcase classname="ptolemy.util.test.junit.AutoTests" name="[214] /home/travis/build/icyphy/ptII/ptolemy/actor/lib/test/auto/MatrixCropBoolean.xml (RunModel)" time="0.013" />
  <testcase classname="ptolemy.util.test.junit.AutoTests" name="[215] /home/travis/build/icyphy/ptII/ptolemy/actor/lib/test/auto/MatrixCropComplex.xml (RunModel)" time="0.013" />
  <testcase classname="ptolemy.util.test.junit.AutoTests" name="[216] /home/travis/build/icyphy/ptII/ptolemy/actor/lib/test/auto/MatrixCropDouble.xml (RunModel)" time="0.01" />
  <testcase classname="ptolemy.util.test.junit.AutoTests" name="[217] /home/travis/build/icyphy/ptII/ptolemy/actor/lib/test/auto/MatrixCropFix.xml (RunModel)" time="0.013" />
  <testcase classname="ptolemy.util.test.junit.AutoTests" name="[218] /home/travis/build/icyphy/ptII/ptolemy/actor/lib/test/auto/MatrixCropInt.xml (RunModel)" time="0.021" />
  <testcase classname="ptolemy.util.test.junit.AutoTests" name="[219] /home/travis/build/icyphy/ptII/ptolemy/actor/lib/test/auto/MatrixCropLong.xml (RunModel)" time="0.011" />
  <testcase classname="ptolemy.util.test.junit.AutoTests" name="[220] /home/travis/build/icyphy/ptII/ptolemy/actor/lib/test/auto/MatrixToArray.xml (RunModel)" time="0.059" />
  <testcase classname="ptolemy.util.test.junit.AutoTests" name="[221] /home/travis/build/icyphy/ptII/ptolemy/actor/lib/test/auto/MaxIndex.xml (RunModel)" time="0.013" />
  <testcase classname="ptolemy.util.test.junit.AutoTests" name="[222] /home/travis/build/icyphy/ptII/ptolemy/actor/lib/test/auto/Maximum.xml (RunModel)" time="0.02" />
  <testcase classname="ptolemy.util.test.junit.AutoTests" name="[223] /home/travis/build/icyphy/ptII/ptolemy/actor/lib/test/auto/MaximumComplex.xml (RunModel)" time="0.019" />
  <testcase classname="ptolemy.util.test.junit.AutoTests" name="[224] /home/travis/build/icyphy/ptII/ptolemy/actor/lib/test/auto/MethodCallTest.xml (RunModel)" time="0.022" />
  <testcase classname="ptolemy.util.test.junit.AutoTests" name="[225] /home/travis/build/icyphy/ptII/ptolemy/actor/lib/test/auto/Minimum.xml (RunModel)" time="0.013" />
  <testcase classname="ptolemy.util.test.junit.AutoTests" name="[226] /home/travis/build/icyphy/ptII/ptolemy/actor/lib/test/auto/MinimumComplex.xml (RunModel)" time="0.025" />
  <testcase classname="ptolemy.util.test.junit.AutoTests" name="[227] /home/travis/build/icyphy/ptII/ptolemy/actor/lib/test/auto/MinimumMultiports.xml (RunModel)" time="0.018" />
  <testcase classname="ptolemy.util.test.junit.AutoTests" name="[228] /home/travis/build/icyphy/ptII/ptolemy/actor/lib/test/auto/ModifyDate.xml (RunModel)" time="0.04" />
  <testcase classname="ptolemy.util.test.junit.AutoTests" name="[229] /home/travis/build/icyphy/ptII/ptolemy/actor/lib/test/auto/ModifyDate2.xml (RunModel)" time="0.023" />
  <testcase classname="ptolemy.util.test.junit.AutoTests" name="[230] /home/travis/build/icyphy/ptII/ptolemy/actor/lib/test/auto/MovingAverage.xml (RunModel)" time="0.012" />
  <testcase classname="ptolemy.util.test.junit.AutoTests" name="[231] /home/travis/build/icyphy/ptII/ptolemy/actor/lib/test/auto/MovingMaximum.xml (RunModel)" time="0.031" />
  <testcase classname="ptolemy.util.test.junit.AutoTests" name="[232] /home/travis/build/icyphy/ptII/ptolemy/actor/lib/test/auto/MultipleLinksToSameRelation.xml (RunModel)" time="0.007" />
  <testcase classname="ptolemy.util.test.junit.AutoTests" name="[233] /home/travis/build/icyphy/ptII/ptolemy/actor/lib/test/auto/MultipleLinksToSameRelationDE.xml (RunModel)" time="0.008" />
  <testcase classname="ptolemy.util.test.junit.AutoTests" name="[234] /home/travis/build/icyphy/ptII/ptolemy/actor/lib/test/auto/Multiplexor.xml (RunModel)" time="0.019" />
  <testcase classname="ptolemy.util.test.junit.AutoTests" name="[235] /home/travis/build/icyphy/ptII/ptolemy/actor/lib/test/auto/Multiplexor1.xml (RunModel)" time="0.012" />
  <testcase classname="ptolemy.util.test.junit.AutoTests" name="[236] /home/travis/build/icyphy/ptII/ptolemy/actor/lib/test/auto/Multiplexor2.xml (RunModel)" time="0.025" />
  <testcase classname="ptolemy.util.test.junit.AutoTests" name="[237] /home/travis/build/icyphy/ptII/ptolemy/actor/lib/test/auto/Multiplexor3.xml (RunModel)" time="0.008" />
  <testcase classname="ptolemy.util.test.junit.AutoTests" name="[238] /home/travis/build/icyphy/ptII/ptolemy/actor/lib/test/auto/MultiplexorDE.xml (RunModel)" time="0.016" />
  <testcase classname="ptolemy.util.test.junit.AutoTests" name="[239] /home/travis/build/icyphy/ptII/ptolemy/actor/lib/test/auto/MultiportBroadcastTest.xml (RunModel)" time="0.068" />
  <testcase classname="ptolemy.util.test.junit.AutoTests" name="[240] /home/travis/build/icyphy/ptII/ptolemy/actor/lib/test/auto/MultiportOutHangDuringGetWidth.xml (RunModel)" time="0.041" />
  <testcase classname="ptolemy.util.test.junit.AutoTests" name="[241] /home/travis/build/icyphy/ptII/ptolemy/actor/lib/test/auto/NilToken.xml (RunModel)" time="0.016" />
  <testcase classname="ptolemy.util.test.junit.AutoTests" name="[242] /home/travis/build/icyphy/ptII/ptolemy/actor/lib/test/auto/NilTokenNonStrictTest.xml (RunModel)" time="0.011" />
  <testcase classname="ptolemy.util.test.junit.AutoTests" name="[243] /home/travis/build/icyphy/ptII/ptolemy/actor/lib/test/auto/NilTokenRecord.xml (RunModel)" time="0.025" />
  <testcase classname="ptolemy.util.test.junit.AutoTests" name="[244] /home/travis/build/icyphy/ptII/ptolemy/actor/lib/test/auto/NilTokenTypeTest.xml (RunModel)" time="0.03" />
  <testcase classname="ptolemy.util.test.junit.AutoTests" name="[245] /home/travis/build/icyphy/ptII/ptolemy/actor/lib/test/auto/ObjectToken1.xml (RunModel)" time="0.008" />
  <testcase classname="ptolemy.util.test.junit.AutoTests" name="[246] /home/travis/build/icyphy/ptII/ptolemy/actor/lib/test/auto/OrderedMerge.xml (RunModel)" time="0.018" />
  <testcase classname="ptolemy.util.test.junit.AutoTests" name="[247] /home/travis/build/icyphy/ptII/ptolemy/actor/lib/test/auto/OrderedRecordDisassembler.xml (RunModel)" time="0.017" />
  <testcase classname="ptolemy.util.test.junit.AutoTests" name="[248] /home/travis/build/icyphy/ptII/ptolemy/actor/lib/test/auto/OrderedRecordDisassembler2.xml (RunModel)" time="0.017" />
  <testcase classname="ptolemy.util.test.junit.AutoTests" name="[249] /home/travis/build/icyphy/ptII/ptolemy/actor/lib/test/auto/OrderedRecordUpdater.xml (RunModel)" time="0.01" />
  <testcase classname="ptolemy.util.test.junit.AutoTests" name="[250] /home/travis/build/icyphy/ptII/ptolemy/actor/lib/test/auto/OrderedRecordUpdater2.xml (RunModel)" time="0.017" />
  <testcase classname="ptolemy.util.test.junit.AutoTests" name="[251] /home/travis/build/icyphy/ptII/ptolemy/actor/lib/test/auto/PhaseUnwrap.xml (RunModel)" time="0.013" />
  <testcase classname="ptolemy.util.test.junit.AutoTests" name="[252] /home/travis/build/icyphy/ptII/ptolemy/actor/lib/test/auto/PoissonClock.xml (RunModel)" time="0.01" />
  <testcase classname="ptolemy.util.test.junit.AutoTests" name="[253] /home/travis/build/icyphy/ptII/ptolemy/actor/lib/test/auto/PoissonClock2.xml (RunModel)" time="0.007" />
  <testcase classname="ptolemy.util.test.junit.AutoTests" name="[254] /home/travis/build/icyphy/ptII/ptolemy/actor/lib/test/auto/PoissonClock3.xml (RunModel)" time="0.03" />
  <testcase classname="ptolemy.util.test.junit.AutoTests" name="[255] /home/travis/build/icyphy/ptII/ptolemy/actor/lib/test/auto/PubSubWithInitialTokens.xml (RunModel)" time="0.015" />
  <testcase classname="ptolemy.util.test.junit.AutoTests" name="[256] /home/travis/build/icyphy/ptII/ptolemy/actor/lib/test/auto/PubSubWithInitialTokens2.xml (RunModel)" time="0.016" />
  <testcase classname="ptolemy.util.test.junit.AutoTests" name="[257] /home/travis/build/icyphy/ptII/ptolemy/actor/lib/test/auto/PublisherClassNoParameter.xml (RunModel)" time="0.025" />
  <testcase classname="ptolemy.util.test.junit.AutoTests" name="[258] /home/travis/build/icyphy/ptII/ptolemy/actor/lib/test/auto/PublisherClassParameter.xml (RunModel)" time="0.022" />
  <testcase classname="ptolemy.util.test.junit.AutoTests" name="[259] /home/travis/build/icyphy/ptII/ptolemy/actor/lib/test/auto/PublisherNonStrictTest.xml (RunModel)" time="0.025" />
  <testcase classname="ptolemy.util.test.junit.AutoTests" name="[260] /home/travis/build/icyphy/ptII/ptolemy/actor/lib/test/auto/PublisherPort1.xml (RunModel)" time="0.022" />
  <testcase classname="ptolemy.util.test.junit.AutoTests" name="[261] /home/travis/build/icyphy/ptII/ptolemy/actor/lib/test/auto/PublisherPort2.xml (RunModel)" time="0.01" />
  <testcase classname="ptolemy.util.test.junit.AutoTests" name="[262] /home/travis/build/icyphy/ptII/ptolemy/actor/lib/test/auto/PublisherPort3.xml (RunModel)" time="0.011" />
  <testcase classname="ptolemy.util.test.junit.AutoTests" name="[263] /home/travis/build/icyphy/ptII/ptolemy/actor/lib/test/auto/PublisherPort4.xml (RunModel)" time="0.014" />
  <testcase classname="ptolemy.util.test.junit.AutoTests" name="[264] /home/travis/build/icyphy/ptII/ptolemy/actor/lib/test/auto/PublisherPort5.xml (RunModel)" time="0.014" />
  <testcase classname="ptolemy.util.test.junit.AutoTests" name="[265] /home/travis/build/icyphy/ptII/ptolemy/actor/lib/test/auto/PublisherPort5LookAlike.xml (RunModel)" time="0.019" />
  <testcase classname="ptolemy.util.test.junit.AutoTests" name="[266] /home/travis/build/icyphy/ptII/ptolemy/actor/lib/test/auto/PublisherPort6.xml (RunModel)" time="0.012" />
  <testcase classname="ptolemy.util.test.junit.AutoTests" name="[267] /home/travis/build/icyphy/ptII/ptolemy/actor/lib/test/auto/PublisherPort7.xml (RunModel)" time="0.014" />
  <testcase classname="ptolemy.util.test.junit.AutoTests" name="[268] /home/travis/build/icyphy/ptII/ptolemy/actor/lib/test/auto/PublisherPort8.xml (RunModel)" time="0.026" />
  <testcase classname="ptolemy.util.test.junit.AutoTests" name="[269] /home/travis/build/icyphy/ptII/ptolemy/actor/lib/test/auto/PublisherPortSubscriberChannelVariablesAOC2.xml (RunModel)" time="0.032" />
  <testcase classname="ptolemy.util.test.junit.AutoTests" name="[270] /home/travis/build/icyphy/ptII/ptolemy/actor/lib/test/auto/PublisherPortSubscriberOpaqueWidthInference.xml (RunModel)" time="0.014" />
  <testcase classname="ptolemy.util.test.junit.AutoTests" name="[271] /home/travis/build/icyphy/ptII/ptolemy/actor/lib/test/auto/PublisherPortSubscriberPortAdjacent.xml (RunModel)" time="0.018" />
  <testcase classname="ptolemy.util.test.junit.AutoTests" name="[272] /home/travis/build/icyphy/ptII/ptolemy/actor/lib/test/auto/PublisherPortSubscriberPortExpression.xml (RunModel)" time="0.019" />
  <testcase classname="ptolemy.util.test.junit.AutoTests" name="[273] /home/travis/build/icyphy/ptII/ptolemy/actor/lib/test/auto/PublisherPortSubscriberPortOpaqueD3Reverse.xml (RunModel)" time="0.035" />
  <testcase classname="ptolemy.util.test.junit.AutoTests" name="[274] /home/travis/build/icyphy/ptII/ptolemy/actor/lib/test/auto/PublisherPortSubscriberPortOpaqueWidthInference.xml (RunModel)" time="0.016" />
  <testcase classname="ptolemy.util.test.junit.AutoTests" name="[275] /home/travis/build/icyphy/ptII/ptolemy/actor/lib/test/auto/PublisherPortToplevelSubscriberPortAOC.xml (RunModel)" time="0.009" />
  <testcase classname="ptolemy.util.test.junit.AutoTests" name="[276] /home/travis/build/icyphy/ptII/ptolemy/actor/lib/test/auto/PublisherSubscriber.xml (RunModel)" time="0.011" />
  <testcase classname="ptolemy.util.test.junit.AutoTests" name="[277] /home/travis/build/icyphy/ptII/ptolemy/actor/lib/test/auto/PublisherSubscriber10.xml (RunModel)" time="0.021" />
  <testcase classname="ptolemy.util.test.junit.AutoTests" name="[278] /home/travis/build/icyphy/ptII/ptolemy/actor/lib/test/auto/PublisherSubscriber10InitialOutputs.xml (RunModel)" time="0.039" />
  <testcase classname="ptolemy.util.test.junit.AutoTests" name="[279] /home/travis/build/icyphy/ptII/ptolemy/actor/lib/test/auto/PublisherSubscriber11.xml (RunModel)" time="0.019" />
  <testcase classname="ptolemy.util.test.junit.AutoTests" name="[280] /home/travis/build/icyphy/ptII/ptolemy/actor/lib/test/auto/PublisherSubscriber12.xml (RunModel)" time="0.023" />
  <testcase classname="ptolemy.util.test.junit.AutoTests" name="[281] /home/travis/build/icyphy/ptII/ptolemy/actor/lib/test/auto/PublisherSubscriber13.xml (RunModel)" time="0.011" />
  <testcase classname="ptolemy.util.test.junit.AutoTests" name="[282] /home/travis/build/icyphy/ptII/ptolemy/actor/lib/test/auto/PublisherSubscriber14.xml (RunModel)" time="0.018" />
  <testcase classname="ptolemy.util.test.junit.AutoTests" name="[283] /home/travis/build/icyphy/ptII/ptolemy/actor/lib/test/auto/PublisherSubscriber2.xml (RunModel)" time="0.009" />
  <testcase classname="ptolemy.util.test.junit.AutoTests" name="[284] /home/travis/build/icyphy/ptII/ptolemy/actor/lib/test/auto/PublisherSubscriber3.xml (RunModel)" time="0.008" />
  <testcase classname="ptolemy.util.test.junit.AutoTests" name="[285] /home/travis/build/icyphy/ptII/ptolemy/actor/lib/test/auto/PublisherSubscriber4.xml (RunModel)" time="0.008" />
  <testcase classname="ptolemy.util.test.junit.AutoTests" name="[286] /home/travis/build/icyphy/ptII/ptolemy/actor/lib/test/auto/PublisherSubscriber5.xml (RunModel)" time="0.011" />
  <testcase classname="ptolemy.util.test.junit.AutoTests" name="[287] /home/travis/build/icyphy/ptII/ptolemy/actor/lib/test/auto/PublisherSubscriber6.xml (RunModel)" time="0.015" />
  <testcase classname="ptolemy.util.test.junit.AutoTests" name="[288] /home/travis/build/icyphy/ptII/ptolemy/actor/lib/test/auto/PublisherSubscriber7.xml (RunModel)" time="0.018" />
  <testcase classname="ptolemy.util.test.junit.AutoTests" name="[289] /home/travis/build/icyphy/ptII/ptolemy/actor/lib/test/auto/PublisherSubscriber8.xml (RunModel)" time="0.035" />
  <testcase classname="ptolemy.util.test.junit.AutoTests" name="[290] /home/travis/build/icyphy/ptII/ptolemy/actor/lib/test/auto/PublisherSubscriber9.xml (RunModel)" time="0.019" />
  <testcase classname="ptolemy.util.test.junit.AutoTests" name="[291] /home/travis/build/icyphy/ptII/ptolemy/actor/lib/test/auto/PublisherSubscriberAdjacent.xml (RunModel)" time="0.016" />
  <testcase classname="ptolemy.util.test.junit.AutoTests" name="[292] /home/travis/build/icyphy/ptII/ptolemy/actor/lib/test/auto/PublisherSubscriberChannelVariablesAOC2.xml (RunModel)" time="0.031" />
  <testcase classname="ptolemy.util.test.junit.AutoTests" name="[293] /home/travis/build/icyphy/ptII/ptolemy/actor/lib/test/auto/PublisherSubscriberD3.xml (RunModel)" time="0.013" />
  <testcase classname="ptolemy.util.test.junit.AutoTests" name="[294] /home/travis/build/icyphy/ptII/ptolemy/actor/lib/test/auto/PublisherSubscriberD3Reverse.xml (RunModel)" time="0.01" />
  <testcase classname="ptolemy.util.test.junit.AutoTests" name="[295] /home/travis/build/icyphy/ptII/ptolemy/actor/lib/test/auto/PublisherSubscriberExpression.xml (RunModel)" time="0.016" />
  <testcase classname="ptolemy.util.test.junit.AutoTests" name="[296] /home/travis/build/icyphy/ptII/ptolemy/actor/lib/test/auto/PublisherSubscriberOpaque.xml (RunModel)" time="0.014" />
  <testcase classname="ptolemy.util.test.junit.AutoTests" name="[297] /home/travis/build/icyphy/ptII/ptolemy/actor/lib/test/auto/PublisherSubscriberOpaqueD3.xml (RunModel)" time="0.025" />
  <testcase classname="ptolemy.util.test.junit.AutoTests" name="[298] /home/travis/build/icyphy/ptII/ptolemy/actor/lib/test/auto/PublisherSubscriberOpaqueD3Reverse.xml (RunModel)" time="0.022" />
  <testcase classname="ptolemy.util.test.junit.AutoTests" name="[299] /home/travis/build/icyphy/ptII/ptolemy/actor/lib/test/auto/PublisherSubscriberOpaqueWidthInference.xml (RunModel)" time="0.016" />
  <testcase classname="ptolemy.util.test.junit.AutoTests" name="[300] /home/travis/build/icyphy/ptII/ptolemy/actor/lib/test/auto/PublisherTestSubscriber.xml (RunModel)" time="0.014" />
  <testcase classname="ptolemy.util.test.junit.AutoTests" name="[301] /home/travis/build/icyphy/ptII/ptolemy/actor/lib/test/auto/PublisherToplevelSubscriberPortAOC.xml (RunModel)" time="0.011" />
  <testcase classname="ptolemy.util.test.junit.AutoTests" name="[302] /home/travis/build/icyphy/ptII/ptolemy/actor/lib/test/auto/PulseFiringLimitDE.xml (RunModel)" time="0.014" />
  <testcase classname="ptolemy.util.test.junit.AutoTests" name="[303] /home/travis/build/icyphy/ptII/ptolemy/actor/lib/test/auto/Ramp1.xml (RunModel)" time="0.007" />
  <testcase classname="ptolemy.util.test.junit.AutoTests" name="[304] /home/travis/build/icyphy/ptII/ptolemy/actor/lib/test/auto/RampFiringLimitDE.xml (RunModel)" time="0.019" />
  <testcase classname="ptolemy.util.test.junit.AutoTests" name="[305] /home/travis/build/icyphy/ptII/ptolemy/actor/lib/test/auto/RampFiringLimitSDF.xml (RunModel)" time="0.014" />
  <testcase classname="ptolemy.util.test.junit.AutoTests" name="[306] /home/travis/build/icyphy/ptII/ptolemy/actor/lib/test/auto/RandomInteger.xml (RunModel)" time="0.008" />
  <testcase classname="ptolemy.util.test.junit.AutoTests" name="[307] /home/travis/build/icyphy/ptII/ptolemy/actor/lib/test/auto/ReadFile1.xml (RunModel)" time="0.008" />
  <testcase classname="ptolemy.util.test.junit.AutoTests" name="[308] /home/travis/build/icyphy/ptII/ptolemy/actor/lib/test/auto/ReadFile2.xml (RunModel)" time="0.006" />
  <testcase classname="ptolemy.util.test.junit.AutoTests" name="[309] /home/travis/build/icyphy/ptII/ptolemy/actor/lib/test/auto/Reader.xml (RunModel)" time="0.015" />
  <testcase classname="ptolemy.util.test.junit.AutoTests" name="[310] /home/travis/build/icyphy/ptII/ptolemy/actor/lib/test/auto/RecordAssemblerDisplayNameTest.xml (RunModel)" time="3.621" />
  <testcase classname="ptolemy.util.test.junit.AutoTests" name="[311] /home/travis/build/icyphy/ptII/ptolemy/actor/lib/test/auto/RecordAssemblerTypeError.xml (RunModel)" time="0.036" />
  <testcase classname="ptolemy.util.test.junit.AutoTests" name="[312] /home/travis/build/icyphy/ptII/ptolemy/actor/lib/test/auto/RecordDisassember.xml (RunModel)" time="0.012" />
  <testcase classname="ptolemy.util.test.junit.AutoTests" name="[313] /home/travis/build/icyphy/ptII/ptolemy/actor/lib/test/auto/RecordDisassemberDisplayNameTest.xml (RunModel)" time="0.024" />
  <testcase classname="ptolemy.util.test.junit.AutoTests" name="[314] /home/travis/build/icyphy/ptII/ptolemy/actor/lib/test/auto/RecordDisassembler.xml (RunModel)" time="0.011" />
  <testcase classname="ptolemy.util.test.junit.AutoTests" name="[315] /home/travis/build/icyphy/ptII/ptolemy/actor/lib/test/auto/RecordDisassembler2.xml (RunModel)" time="0.01" />
  <testcase classname="ptolemy.util.test.junit.AutoTests" name="[316] /home/travis/build/icyphy/ptII/ptolemy/actor/lib/test/auto/RecordUpdater.xml (RunModel)" time="0.013" />
  <testcase classname="ptolemy.util.test.junit.AutoTests" name="[317] /home/travis/build/icyphy/ptII/ptolemy/actor/lib/test/auto/RecordUpdater2.xml (RunModel)" time="0.009" />
  <testcase classname="ptolemy.util.test.junit.AutoTests" name="[318] /home/travis/build/icyphy/ptII/ptolemy/actor/lib/test/auto/RecursiveLattice.xml (RunModel)" time="0.008" />
  <testcase classname="ptolemy.util.test.junit.AutoTests" name="[319] /home/travis/build/icyphy/ptII/ptolemy/actor/lib/test/auto/Router.xml (RunModel)" time="3.023" />
  <testcase classname="ptolemy.util.test.junit.AutoTests" name="[320] /home/travis/build/icyphy/ptII/ptolemy/actor/lib/test/auto/Router2.xml (RunModel)" time="3.027" />
  <testcase classname="ptolemy.util.test.junit.AutoTests" name="[321] /home/travis/build/icyphy/ptII/ptolemy/actor/lib/test/auto/RunningMaximum.xml (RunModel)" time="0.019" />
  <testcase classname="ptolemy.util.test.junit.AutoTests" name="[322] /home/travis/build/icyphy/ptII/ptolemy/actor/lib/test/auto/RunningMinimum.xml (RunModel)" time="0.025" />
  <testcase classname="ptolemy.util.test.junit.AutoTests" name="[323] /home/travis/build/icyphy/ptII/ptolemy/actor/lib/test/auto/Scale.xml (RunModel)" time="0.015" />
  <testcase classname="ptolemy.util.test.junit.AutoTests" name="[324] /home/travis/build/icyphy/ptII/ptolemy/actor/lib/test/auto/Scale2.xml (RunModel)" time="0.009" />
  <testcase classname="ptolemy.util.test.junit.AutoTests" name="[325] /home/travis/build/icyphy/ptII/ptolemy/actor/lib/test/auto/Scale3.xml (RunModel)" time="0.013" />
  <testcase classname="ptolemy.util.test.junit.AutoTests" name="[326] /home/travis/build/icyphy/ptII/ptolemy/actor/lib/test/auto/ScaleArray.xml (RunModel)" time="0.007" />
  <testcase classname="ptolemy.util.test.junit.AutoTests" name="[327] /home/travis/build/icyphy/ptII/ptolemy/actor/lib/test/auto/ScaleArray2.xml (RunModel)" time="0.008" />
  <testcase classname="ptolemy.util.test.junit.AutoTests" name="[328] /home/travis/build/icyphy/ptII/ptolemy/actor/lib/test/auto/ScaleMatrix.xml (RunModel)" time="0.178" />
  <testcase classname="ptolemy.util.test.junit.AutoTests" name="[329] /home/travis/build/icyphy/ptII/ptolemy/actor/lib/test/auto/Select.xml (RunModel)" time="0.015" />
  <testcase classname="ptolemy.util.test.junit.AutoTests" name="[330] /home/travis/build/icyphy/ptII/ptolemy/actor/lib/test/auto/Select2.xml (RunModel)" time="0.008" />
  <testcase classname="ptolemy.util.test.junit.AutoTests" name="[331] /home/travis/build/icyphy/ptII/ptolemy/actor/lib/test/auto/SequenceToArray2.xml (RunModel)" time="0.148" />
  <testcase classname="ptolemy.util.test.junit.AutoTests" name="[332] /home/travis/build/icyphy/ptII/ptolemy/actor/lib/test/auto/SequentialClock.xml (RunModel)" time="0.016" />
  <testcase classname="ptolemy.util.test.junit.AutoTests" name="[333] /home/travis/build/icyphy/ptII/ptolemy/actor/lib/test/auto/SetVariable.xml (RunModel)" time="0.01" />
  <testcase classname="ptolemy.util.test.junit.AutoTests" name="[334] /home/travis/build/icyphy/ptII/ptolemy/actor/lib/test/auto/SetVariable2.xml (RunModel)" time="0.008" />
  <testcase classname="ptolemy.util.test.junit.AutoTests" name="[335] /home/travis/build/icyphy/ptII/ptolemy/actor/lib/test/auto/SetVariable3.xml (RunModel)" time="0.015" />
  <testcase classname="ptolemy.util.test.junit.AutoTests" name="[336] /home/travis/build/icyphy/ptII/ptolemy/actor/lib/test/auto/SetVariable4.xml (RunModel)" time="0.022" />
  <testcase classname="ptolemy.util.test.junit.AutoTests" name="[337] /home/travis/build/icyphy/ptII/ptolemy/actor/lib/test/auto/SetVariable5.xml (RunModel)" time="0.039" />
  <testcase classname="ptolemy.util.test.junit.AutoTests" name="[338] /home/travis/build/icyphy/ptII/ptolemy/actor/lib/test/auto/Sinewave.xml (RunModel)" time="0.041" />
  <testcase classname="ptolemy.util.test.junit.AutoTests" name="[339] /home/travis/build/icyphy/ptII/ptolemy/actor/lib/test/auto/Sinewave2.xml (RunModel)" time="0.025" />
  <testcase classname="ptolemy.util.test.junit.AutoTests" name="[340] /home/travis/build/icyphy/ptII/ptolemy/actor/lib/test/auto/Sinewave3.xml (RunModel)" time="0.023" />
  <testcase classname="ptolemy.util.test.junit.AutoTests" name="[341] /home/travis/build/icyphy/ptII/ptolemy/actor/lib/test/auto/SingleEvent.xml (RunModel)" time="0.007" />
  <testcase classname="ptolemy.util.test.junit.AutoTests" name="[342] /home/travis/build/icyphy/ptII/ptolemy/actor/lib/test/auto/Sleep.xml (RunModel)" time="6.018" />
  <testcase classname="ptolemy.util.test.junit.AutoTests" name="[343] /home/travis/build/icyphy/ptII/ptolemy/actor/lib/test/auto/SleepMultipleFire.xml (RunModel)" time="1.023" />
  <testcase classname="ptolemy.util.test.junit.AutoTests" name="[344] /home/travis/build/icyphy/ptII/ptolemy/actor/lib/test/auto/StopDE.xml (RunModel)" time="0.015" />
  <testcase classname="ptolemy.util.test.junit.AutoTests" name="[345] /home/travis/build/icyphy/ptII/ptolemy/actor/lib/test/auto/StopSDF.xml (RunModel)" time="0.012" />
  <testcase classname="ptolemy.util.test.junit.AutoTests" name="[346] /home/travis/build/icyphy/ptII/ptolemy/actor/lib/test/auto/StringConstant.xml (RunModel)" time="0.019" />
  <testcase classname="ptolemy.util.test.junit.AutoTests" name="[347] /home/travis/build/icyphy/ptII/ptolemy/actor/lib/test/auto/SubscriberPortInitialValues1.xml (RunModel)" time="0.02" />
  <testcase classname="ptolemy.util.test.junit.AutoTests" name="[348] /home/travis/build/icyphy/ptII/ptolemy/actor/lib/test/auto/SubscriberPortInitialValues13.xml (RunModel)" time="0.028" />
  <testcase classname="ptolemy.util.test.junit.AutoTests" name="[349] /home/travis/build/icyphy/ptII/ptolemy/actor/lib/test/auto/SubscriberPortInitialValues14.xml (RunModel)" time="0.015" />
  <testcase classname="ptolemy.util.test.junit.AutoTests" name="[350] /home/travis/build/icyphy/ptII/ptolemy/actor/lib/test/auto/SubscriberPortInitialValues2.xml (RunModel)" time="0.016" />
  <testcase classname="ptolemy.util.test.junit.AutoTests" name="[351] /home/travis/build/icyphy/ptII/ptolemy/actor/lib/test/auto/SubscriberPortInitialValues3.xml (RunModel)" time="0.02" />
  <testcase classname="ptolemy.util.test.junit.AutoTests" name="[352] /home/travis/build/icyphy/ptII/ptolemy/actor/lib/test/auto/SubscriptionAggregator.xml (RunModel)" time="0.016" />
  <testcase classname="ptolemy.util.test.junit.AutoTests" name="[353] /home/travis/build/icyphy/ptII/ptolemy/actor/lib/test/auto/SubscriptionAggregator2.xml (RunModel)" time="0.015" />
  <testcase classname="ptolemy.util.test.junit.AutoTests" name="[354] /home/travis/build/icyphy/ptII/ptolemy/actor/lib/test/auto/SubscriptionAggregator3.xml (RunModel)" time="0.021" />
  <testcase classname="ptolemy.util.test.junit.AutoTests" name="[355] /home/travis/build/icyphy/ptII/ptolemy/actor/lib/test/auto/SubscriptionAggregatorMultiply.xml (RunModel)" time="0.013" />
  <testcase classname="ptolemy.util.test.junit.AutoTests" name="[356] /home/travis/build/icyphy/ptII/ptolemy/actor/lib/test/auto/SubscriptionAggregatorPortMultiply1.xml (RunModel)" time="0.012" />
  <testcase classname="ptolemy.util.test.junit.AutoTests" name="[357] /home/travis/build/icyphy/ptII/ptolemy/actor/lib/test/auto/Switch.xml (RunModel)" time="0.017" />
  <testcase classname="ptolemy.util.test.junit.AutoTests" name="[358] /home/travis/build/icyphy/ptII/ptolemy/actor/lib/test/auto/Switch2.xml (RunModel)" time="0.012" />
  <testcase classname="ptolemy.util.test.junit.AutoTests" name="[359] /home/travis/build/icyphy/ptII/ptolemy/actor/lib/test/auto/SwitchDE.xml (RunModel)" time="0.014" />
  <testcase classname="ptolemy.util.test.junit.AutoTests" name="[360] /home/travis/build/icyphy/ptII/ptolemy/actor/lib/test/auto/SynchronizerDE.xml (RunModel)" time="0.02" />
  <testcase classname="ptolemy.util.test.junit.AutoTests" name="[361] /home/travis/build/icyphy/ptII/ptolemy/actor/lib/test/auto/Test.xml (RunModel)" time="0.008" />
  <testcase classname="ptolemy.util.test.junit.AutoTests" name="[362] /home/travis/build/icyphy/ptII/ptolemy/actor/lib/test/auto/TestExceptionAttribute1.xml (RunModel)" time="0.007" />
  <testcase classname="ptolemy.util.test.junit.AutoTests" name="[363] /home/travis/build/icyphy/ptII/ptolemy/actor/lib/test/auto/TestExceptionAttribute2.xml (RunModel)" time="0.01" />
  <testcase classname="ptolemy.util.test.junit.AutoTests" name="[364] /home/travis/build/icyphy/ptII/ptolemy/actor/lib/test/auto/TestExceptionAttribute3.xml (RunModel)" time="0.011" />
  <testcase classname="ptolemy.util.test.junit.AutoTests" name="[365] /home/travis/build/icyphy/ptII/ptolemy/actor/lib/test/auto/TestExceptionAttribute4.xml (RunModel)" time="0.007" />
  <testcase classname="ptolemy.util.test.junit.AutoTests" name="[366] /home/travis/build/icyphy/ptII/ptolemy/actor/lib/test/auto/TestExceptionHandler1.xml (RunModel)" time="0.006" />
  <testcase classname="ptolemy.util.test.junit.AutoTests" name="[367] /home/travis/build/icyphy/ptII/ptolemy/actor/lib/test/auto/TestExceptionHandler2.xml (RunModel)" time="0.011" />
  <testcase classname="ptolemy.util.test.junit.AutoTests" name="[368] /home/travis/build/icyphy/ptII/ptolemy/actor/lib/test/auto/TestExceptionHandler3.xml (RunModel)" time="0.005" />
  <testcase classname="ptolemy.util.test.junit.AutoTests" name="[369] /home/travis/build/icyphy/ptII/ptolemy/actor/lib/test/auto/TestExceptionHandler4.xml (RunModel)" time="0.005" />
  <testcase classname="ptolemy.util.test.junit.AutoTests" name="[370] /home/travis/build/icyphy/ptII/ptolemy/actor/lib/test/auto/TestRequireCorrectOrder.xml (RunModel)" time="0.011" />
  <testcase classname="ptolemy.util.test.junit.AutoTests" name="[371] /home/travis/build/icyphy/ptII/ptolemy/actor/lib/test/auto/TestSimple.xml (RunModel)" time="0.005" />
  <testcase classname="ptolemy.util.test.junit.AutoTests" name="[372] /home/travis/build/icyphy/ptII/ptolemy/actor/lib/test/auto/ThrowModelError.xml (RunModel)" time="0.009" />
  <testcase classname="ptolemy.util.test.junit.AutoTests" name="[373] /home/travis/build/icyphy/ptII/ptolemy/actor/lib/test/auto/TimeDelayMicrosteps.xml (RunModel)" time="0.012" />
  <testcase classname="ptolemy.util.test.junit.AutoTests" name="[374] /home/travis/build/icyphy/ptII/ptolemy/actor/lib/test/auto/TimeDelayMicrosteps2.xml (RunModel)" time="0.014" />
  <testcase classname="ptolemy.util.test.junit.AutoTests" name="[375] /home/travis/build/icyphy/ptII/ptolemy/actor/lib/test/auto/TimeDelayMicrosteps3.xml (RunModel)" time="0.01" />
  <testcase classname="ptolemy.util.test.junit.AutoTests" name="[376] /home/travis/build/icyphy/ptII/ptolemy/actor/lib/test/auto/TimeDelayVariableMicrosteps.xml (RunModel)" time="0.011" />
  <testcase classname="ptolemy.util.test.junit.AutoTests" name="[377] /home/travis/build/icyphy/ptII/ptolemy/actor/lib/test/auto/TimeGap.xml (RunModel)" time="0.013" />
  <testcase classname="ptolemy.util.test.junit.AutoTests" name="[378] /home/travis/build/icyphy/ptII/ptolemy/actor/lib/test/auto/TimeGap2.xml (RunModel)" time="0.01" />
  <testcase classname="ptolemy.util.test.junit.AutoTests" name="[379] /home/travis/build/icyphy/ptII/ptolemy/actor/lib/test/auto/TimedSinewave.xml (RunModel)" time="0.046" />
  <testcase classname="ptolemy.util.test.junit.AutoTests" name="[380] /home/travis/build/icyphy/ptII/ptolemy/actor/lib/test/auto/TimedSinewavePhase.xml (RunModel)" time="0.04" />
  <testcase classname="ptolemy.util.test.junit.AutoTests" name="[381] /home/travis/build/icyphy/ptII/ptolemy/actor/lib/test/auto/Timer.xml (RunModel)" time="0.018" />
  <testcase classname="ptolemy.util.test.junit.AutoTests" name="[382] /home/travis/build/icyphy/ptII/ptolemy/actor/lib/test/auto/TriangularDistTestModel.xml (RunModel)" time="0.016" />
  <testcase classname="ptolemy.util.test.junit.AutoTests" name="[383] /home/travis/build/icyphy/ptII/ptolemy/actor/lib/test/auto/TrigFunction.xml (RunModel)" time="0.008" />
  <testcase classname="ptolemy.util.test.junit.AutoTests" name="[384] /home/travis/build/icyphy/ptII/ptolemy/actor/lib/test/auto/TrigFunctionDE.xml (RunModel)" time="0.014" />
  <testcase classname="ptolemy.util.test.junit.AutoTests" name="[385] /home/travis/build/icyphy/ptII/ptolemy/actor/lib/test/auto/TrigFunctionInverse.xml (RunModel)" time="0.01" />
  <testcase classname="ptolemy.util.test.junit.AutoTests" name="[386] /home/travis/build/icyphy/ptII/ptolemy/actor/lib/test/auto/TrigFunctionTan.xml (RunModel)" time="0.014" />
  <testcase classname="ptolemy.util.test.junit.AutoTests" name="[387] /home/travis/build/icyphy/ptII/ptolemy/actor/lib/test/auto/TriggeredClock.xml (RunModel)" time="0.008" />
  <testcase classname="ptolemy.util.test.junit.AutoTests" name="[388] /home/travis/build/icyphy/ptII/ptolemy/actor/lib/test/auto/URLDirectoryReader.xml (RunModel)" time="0.112" />
  <testcase classname="ptolemy.util.test.junit.AutoTests" name="[389] /home/travis/build/icyphy/ptII/ptolemy/actor/lib/test/auto/URLDirectoryReader3.xml (RunModel)" time="1.277" />
  <testcase classname="ptolemy.util.test.junit.AutoTests" name="[390] /home/travis/build/icyphy/ptII/ptolemy/actor/lib/test/auto/UnaryMathFunction.xml (RunModel)" time="0.043" />
  <testcase classname="ptolemy.util.test.junit.AutoTests" name="[391] /home/travis/build/icyphy/ptII/ptolemy/actor/lib/test/auto/Uniform.xml (RunModel)" time="0.038" />
  <testcase classname="ptolemy.util.test.junit.AutoTests" name="[392] /home/travis/build/icyphy/ptII/ptolemy/actor/lib/test/auto/UnionDisassemblerTest.xml (RunModel)" time="0.014" />
  <testcase classname="ptolemy.util.test.junit.AutoTests" name="[393] /home/travis/build/icyphy/ptII/ptolemy/actor/lib/test/auto/UtilityFunctions.xml (RunModel)" time="0.031" />
  <testcase classname="ptolemy.util.test.junit.AutoTests" name="[394] /home/travis/build/icyphy/ptII/ptolemy/actor/lib/test/auto/VariableSleep.xml (RunModel)" time="0.527" />
  <testcase classname="ptolemy.util.test.junit.AutoTests" name="[395] /home/travis/build/icyphy/ptII/ptolemy/actor/lib/test/auto/VectorAssemblerDisassemblerCT.xml (RunModel)" time="0.119" />
  <testcase classname="ptolemy.util.test.junit.AutoTests" name="[396] /home/travis/build/icyphy/ptII/ptolemy/actor/lib/test/auto/VectorAssemblerDisassemblerDE.xml (RunModel)" time="0.013" />
  <testcase classname="ptolemy.util.test.junit.AutoTests" name="[397] /home/travis/build/icyphy/ptII/ptolemy/actor/lib/test/auto/VectorAssemblerDisassemblerSDF.xml (RunModel)" time="0.012" />
  <testcase classname="ptolemy.util.test.junit.AutoTests" name="[398] /home/travis/build/icyphy/ptII/ptolemy/actor/lib/test/auto/WallClockTime.xml (RunModel)" time="1.013" />
  <testcase classname="ptolemy.util.test.junit.AutoTests" name="[399] /home/travis/build/icyphy/ptII/ptolemy/actor/lib/test/auto/WidthTestWithSubscriberPublisher.xml (RunModel)" time="0.044" />
  <testcase classname="ptolemy.util.test.junit.AutoTests" name="[400] /home/travis/build/icyphy/ptII/ptolemy/actor/lib/test/auto/WidthTestWithSubscriberPublisher2.xml (RunModel)" time="0.019" />
  <testcase classname="ptolemy.util.test.junit.AutoTests" name="[401] /home/travis/build/icyphy/ptII/ptolemy/actor/lib/test/auto/WidthTestWithSubscriberPublisher3.xml (RunModel)" time="0.01" />
  <testcase classname="ptolemy.util.test.junit.AutoTests" name="[402] /home/travis/build/icyphy/ptII/ptolemy/actor/lib/test/auto/Writer.xml (RunModel)" time="0.007" />
  <testcase classname="ptolemy.util.test.junit.AutoTests" name="[403] /home/travis/build/icyphy/ptII/ptolemy/actor/lib/test/auto/array.xml (RunModel)" time="0.008" />
  <testcase classname="ptolemy.util.test.junit.AutoTests" name="[404] /home/travis/build/icyphy/ptII/ptolemy/actor/lib/test/auto/array2.xml (RunModel)" time="0.017" />
  <testcase classname="ptolemy.util.test.junit.AutoTests" name="[405] /home/travis/build/icyphy/ptII/ptolemy/actor/lib/test/auto/arrayType.xml (RunModel)" time="0.01" />
  <testcase classname="ptolemy.util.test.junit.AutoTests" name="[406] /home/travis/build/icyphy/ptII/ptolemy/actor/lib/test/auto/arrayType10.xml (RunModel)" time="0.011" />
  <testcase classname="ptolemy.util.test.junit.AutoTests" name="[407] /home/travis/build/icyphy/ptII/ptolemy/actor/lib/test/auto/arrayType11.xml (RunModel)" time="0.008" />
  <testcase classname="ptolemy.util.test.junit.AutoTests" name="[408] /home/travis/build/icyphy/ptII/ptolemy/actor/lib/test/auto/arrayType12.xml (RunModel)" time="0.008" />
  <testcase classname="ptolemy.util.test.junit.AutoTests" name="[409] /home/travis/build/icyphy/ptII/ptolemy/actor/lib/test/auto/arrayType13.xml (RunModel)" time="0.008" />
  <testcase classname="ptolemy.util.test.junit.AutoTests" name="[410] /home/travis/build/icyphy/ptII/ptolemy/actor/lib/test/auto/arrayType14.xml (RunModel)" time="0.008" />
  <testcase classname="ptolemy.util.test.junit.AutoTests" name="[411] /home/travis/build/icyphy/ptII/ptolemy/actor/lib/test/auto/arrayType15.xml (RunModel)" time="0.009" />
  <testcase classname="ptolemy.util.test.junit.AutoTests" name="[412] /home/travis/build/icyphy/ptII/ptolemy/actor/lib/test/auto/arrayType16.xml (RunModel)" time="0.008" />
  <testcase classname="ptolemy.util.test.junit.AutoTests" name="[413] /home/travis/build/icyphy/ptII/ptolemy/actor/lib/test/auto/arrayType17.xml (RunModel)" time="0.008" />
  <testcase classname="ptolemy.util.test.junit.AutoTests" name="[414] /home/travis/build/icyphy/ptII/ptolemy/actor/lib/test/auto/arrayType18.xml (RunModel)" time="0.008" />
  <testcase classname="ptolemy.util.test.junit.AutoTests" name="[415] /home/travis/build/icyphy/ptII/ptolemy/actor/lib/test/auto/arrayType19.xml (RunModel)" time="0.024" />
  <testcase classname="ptolemy.util.test.junit.AutoTests" name="[416] /home/travis/build/icyphy/ptII/ptolemy/actor/lib/test/auto/arrayType2.xml (RunModel)" time="0.034" />
  <testcase classname="ptolemy.util.test.junit.AutoTests" name="[417] /home/travis/build/icyphy/ptII/ptolemy/actor/lib/test/auto/arrayType20.xml (RunModel)" time="0.036" />
  <testcase classname="ptolemy.util.test.junit.AutoTests" name="[418] /home/travis/build/icyphy/ptII/ptolemy/actor/lib/test/auto/arrayType21.xml (RunModel)" time="0.022" />
  <testcase classname="ptolemy.util.test.junit.AutoTests" name="[419] /home/travis/build/icyphy/ptII/ptolemy/actor/lib/test/auto/arrayType22.xml (RunModel)" time="0.008" />
  <testcase classname="ptolemy.util.test.junit.AutoTests" name="[420] /home/travis/build/icyphy/ptII/ptolemy/actor/lib/test/auto/arrayType23.xml (RunModel)" time="0.008" />
  <testcase classname="ptolemy.util.test.junit.AutoTests" name="[421] /home/travis/build/icyphy/ptII/ptolemy/actor/lib/test/auto/arrayType24.xml (RunModel)" time="0.008" />
  <testcase classname="ptolemy.util.test.junit.AutoTests" name="[422] /home/travis/build/icyphy/ptII/ptolemy/actor/lib/test/auto/arrayType25.xml (RunModel)" time="0.009" />
  <testcase classname="ptolemy.util.test.junit.AutoTests" name="[423] /home/travis/build/icyphy/ptII/ptolemy/actor/lib/test/auto/arrayType26.xml (RunModel)" time="0.008" />
  <testcase classname="ptolemy.util.test.junit.AutoTests" name="[424] /home/travis/build/icyphy/ptII/ptolemy/actor/lib/test/auto/arrayType27.xml (RunModel)" time="0.008" />
  <testcase classname="ptolemy.util.test.junit.AutoTests" name="[425] /home/travis/build/icyphy/ptII/ptolemy/actor/lib/test/auto/arrayType28.xml (RunModel)" time="0.009" />
  <testcase classname="ptolemy.util.test.junit.AutoTests" name="[426] /home/travis/build/icyphy/ptII/ptolemy/actor/lib/test/auto/arrayType3.xml (RunModel)" time="0.035" />
  <testcase classname="ptolemy.util.test.junit.AutoTests" name="[427] /home/travis/build/icyphy/ptII/ptolemy/actor/lib/test/auto/arrayType4.xml (RunModel)" time="0.008" />
  <testcase classname="ptolemy.util.test.junit.AutoTests" name="[428] /home/travis/build/icyphy/ptII/ptolemy/actor/lib/test/auto/arrayType5.xml (RunModel)" time="0.008" />
  <testcase classname="ptolemy.util.test.junit.AutoTests" name="[429] /home/travis/build/icyphy/ptII/ptolemy/actor/lib/test/auto/arrayType6.xml (RunModel)" time="0.033" />
  <testcase classname="ptolemy.util.test.junit.AutoTests" name="[430] /home/travis/build/icyphy/ptII/ptolemy/actor/lib/test/auto/arrayType7.xml (RunModel)" time="0.033" />
  <testcase classname="ptolemy.util.test.junit.AutoTests" name="[431] /home/travis/build/icyphy/ptII/ptolemy/actor/lib/test/auto/arrayType8.xml (RunModel)" time="0.014" />
  <testcase classname="ptolemy.util.test.junit.AutoTests" name="[432] /home/travis/build/icyphy/ptII/ptolemy/actor/lib/test/auto/arrayType9.xml (RunModel)" time="0.015" />
  <testcase classname="ptolemy.util.test.junit.AutoTests" name="[433] /home/travis/build/icyphy/ptII/ptolemy/actor/lib/test/auto/cast.xml (RunModel)" time="0.008" />
  <testcase classname="ptolemy.util.test.junit.AutoTests" name="[434] /home/travis/build/icyphy/ptII/ptolemy/actor/lib/test/auto/compositeMultiPort.xml (RunModel)" time="0.015" />
  <testcase classname="ptolemy.util.test.junit.AutoTests" name="[435] /home/travis/build/icyphy/ptII/ptolemy/actor/lib/test/auto/expressionCastInference.xml (RunModel)" time="0.008" />
  <testcase classname="ptolemy.util.test.junit.AutoTests" name="[436] /home/travis/build/icyphy/ptII/ptolemy/actor/lib/test/auto/expressionCastInference2.xml (RunModel)" time="0.007" />
  <testcase classname="ptolemy.util.test.junit.AutoTests" name="[437] /home/travis/build/icyphy/ptII/ptolemy/actor/lib/test/auto/expressionInference.xml (RunModel)" time="0.007" />
  <testcase classname="ptolemy.util.test.junit.AutoTests" name="[438] /home/travis/build/icyphy/ptII/ptolemy/actor/lib/test/auto/expression_bug.xml (RunModel)" time="0.007" />
  <testcase classname="ptolemy.util.test.junit.AutoTests" name="[439] /home/travis/build/icyphy/ptII/ptolemy/actor/lib/test/auto/factorial.xml (RunModel)" time="0.053" />
  <testcase classname="ptolemy.util.test.junit.AutoTests" name="[440] /home/travis/build/icyphy/ptII/ptolemy/actor/lib/test/auto/filterTest1.xml (RunModel)" time="0.012" />
  <testcase classname="ptolemy.util.test.junit.AutoTests" name="[441] /home/travis/build/icyphy/ptII/ptolemy/actor/lib/test/auto/funcApplyInConst.xml (RunModel)" time="0.006" />
  <testcase classname="ptolemy.util.test.junit.AutoTests" name="[442] /home/travis/build/icyphy/ptII/ptolemy/actor/lib/test/auto/funcApplyInExpr.xml (RunModel)" time="0.005" />
  <testcase classname="ptolemy.util.test.junit.AutoTests" name="[443] /home/travis/build/icyphy/ptII/ptolemy/actor/lib/test/auto/function.xml (RunModel)" time="0.011" />
  <testcase classname="ptolemy.util.test.junit.AutoTests" name="[444] /home/travis/build/icyphy/ptII/ptolemy/actor/lib/test/auto/function2.xml (RunModel)" time="0.009" />
  <testcase classname="ptolemy.util.test.junit.AutoTests" name="[445] /home/travis/build/icyphy/ptII/ptolemy/actor/lib/test/auto/function3.xml (RunModel)" time="0.007" />
  <testcase classname="ptolemy.util.test.junit.AutoTests" name="[446] /home/travis/build/icyphy/ptII/ptolemy/actor/lib/test/auto/functionClosureTest1.xml (RunModel)" time="0.011" />
  <testcase classname="ptolemy.util.test.junit.AutoTests" name="[447] /home/travis/build/icyphy/ptII/ptolemy/actor/lib/test/auto/functionClosureTest2.xml (RunModel)" time="0.007" />
  <testcase classname="ptolemy.util.test.junit.AutoTests" name="[448] /home/travis/build/icyphy/ptII/ptolemy/actor/lib/test/auto/functionClosureTest3.xml (RunModel)" time="0.011" />
  <testcase classname="ptolemy.util.test.junit.AutoTests" name="[449] /home/travis/build/icyphy/ptII/ptolemy/actor/lib/test/auto/functionClosureTest4.xml (RunModel)" time="0.027" />
  <testcase classname="ptolemy.util.test.junit.AutoTests" name="[450] /home/travis/build/icyphy/ptII/ptolemy/actor/lib/test/auto/functionClosureTest5.xml (RunModel)" time="0.013" />
  <testcase classname="ptolemy.util.test.junit.AutoTests" name="[451] /home/travis/build/icyphy/ptII/ptolemy/actor/lib/test/auto/functionClosureTest6.xml (RunModel)" time="0.008" />
  <testcase classname="ptolemy.util.test.junit.AutoTests" name="[452] /home/travis/build/icyphy/ptII/ptolemy/actor/lib/test/auto/functionsOnArcs.xml (RunModel)" time="0.01" />
  <testcase classname="ptolemy.util.test.junit.AutoTests" name="[453] /home/travis/build/icyphy/ptII/ptolemy/actor/lib/test/auto/functionsOnArcsHOF.xml (RunModel)" time="0.014" />
  <testcase classname="ptolemy.util.test.junit.AutoTests" name="[454] /home/travis/build/icyphy/ptII/ptolemy/actor/lib/test/auto/logic.xml (RunModel)" time="0.017" />
  <testcase classname="ptolemy.util.test.junit.AutoTests" name="[455] /home/travis/build/icyphy/ptII/ptolemy/actor/lib/test/auto/matrixType.xml (RunModel)" time="0.008" />
  <testcase classname="ptolemy.util.test.junit.AutoTests" name="[456] /home/travis/build/icyphy/ptII/ptolemy/actor/lib/test/auto/matrixType10.xml (RunModel)" time="0.008" />
  <testcase classname="ptolemy.util.test.junit.AutoTests" name="[457] /home/travis/build/icyphy/ptII/ptolemy/actor/lib/test/auto/matrixType11.xml (RunModel)" time="0.009" />
  <testcase classname="ptolemy.util.test.junit.AutoTests" name="[458] /home/travis/build/icyphy/ptII/ptolemy/actor/lib/test/auto/matrixType12.xml (RunModel)" time="0.01" />
  <testcase classname="ptolemy.util.test.junit.AutoTests" name="[459] /home/travis/build/icyphy/ptII/ptolemy/actor/lib/test/auto/matrixType13.xml (RunModel)" time="0.007" />
  <testcase classname="ptolemy.util.test.junit.AutoTests" name="[460] /home/travis/build/icyphy/ptII/ptolemy/actor/lib/test/auto/matrixType14.xml (RunModel)" time="0.009" />
  <testcase classname="ptolemy.util.test.junit.AutoTests" name="[461] /home/travis/build/icyphy/ptII/ptolemy/actor/lib/test/auto/matrixType2.xml (RunModel)" time="0.008" />
  <testcase classname="ptolemy.util.test.junit.AutoTests" name="[462] /home/travis/build/icyphy/ptII/ptolemy/actor/lib/test/auto/matrixType3.xml (RunModel)" time="0.01" />
  <testcase classname="ptolemy.util.test.junit.AutoTests" name="[463] /home/travis/build/icyphy/ptII/ptolemy/actor/lib/test/auto/matrixType4.xml (RunModel)" time="0.008" />
  <testcase classname="ptolemy.util.test.junit.AutoTests" name="[464] /home/travis/build/icyphy/ptII/ptolemy/actor/lib/test/auto/matrixType5.xml (RunModel)" time="0.007" />
  <testcase classname="ptolemy.util.test.junit.AutoTests" name="[465] /home/travis/build/icyphy/ptII/ptolemy/actor/lib/test/auto/matrixType6.xml (RunModel)" time="0.009" />
  <testcase classname="ptolemy.util.test.junit.AutoTests" name="[466] /home/travis/build/icyphy/ptII/ptolemy/actor/lib/test/auto/matrixType7.xml (RunModel)" time="0.008" />
  <testcase classname="ptolemy.util.test.junit.AutoTests" name="[467] /home/travis/build/icyphy/ptII/ptolemy/actor/lib/test/auto/matrixType8.xml (RunModel)" time="0.008" />
  <testcase classname="ptolemy.util.test.junit.AutoTests" name="[468] /home/travis/build/icyphy/ptII/ptolemy/actor/lib/test/auto/matrixType9.xml (RunModel)" time="0.007" />
  <testcase classname="ptolemy.util.test.junit.AutoTests" name="[469] /home/travis/build/icyphy/ptII/ptolemy/actor/lib/test/auto/paraFunctest.xml (RunModel)" time="0.006" />
  <testcase classname="ptolemy.util.test.junit.AutoTests" name="[470] /home/travis/build/icyphy/ptII/ptolemy/actor/lib/test/auto/paraFunctest2.xml (RunModel)" time="0.01" />
  <testcase classname="ptolemy.util.test.junit.AutoTests" name="[471] /home/travis/build/icyphy/ptII/ptolemy/actor/lib/test/auto/parameterPassing.xml (RunModel)" time="0.008" />
  <testcase classname="ptolemy.util.test.junit.AutoTests" name="[472] /home/travis/build/icyphy/ptII/ptolemy/actor/lib/test/auto/record.xml (RunModel)" time="0.008" />
  <testcase classname="ptolemy.util.test.junit.AutoTests" name="[473] /home/travis/build/icyphy/ptII/ptolemy/actor/lib/test/auto/sizedarray1.xml (RunModel)" time="0.009" />
  <testcase classname="ptolemy.util.test.junit.AutoTests" name="[474] /home/travis/build/icyphy/ptII/ptolemy/actor/lib/test/auto/sizedarray2.xml (RunModel)" time="0.009" />
  <testcase classname="ptolemy.util.test.junit.AutoTests" name="[475] /home/travis/build/icyphy/ptII/ptolemy/actor/lib/test/auto/twoPublishers.xml (RunModel)" time="0.029" />
  <system-out><![CDATA[/home/travis/build/icyphy/ptII/ptolemy/actor/lib/test/AbsoluteValue.tcl
testDefs.tcl: setting time out to 9000 seconds at Tue Sep 03 05:38:03 UTC 2019
112 ms. Memory: 120832K Free: 85959K (71%)
5 ms. Memory: 120832K Free: 84390K (70%)
5 ms. Memory: 120832K Free: 83390K (69%)
5 ms. Memory: 120832K Free: 82887K (69%)
/home/travis/build/icyphy/ptII/ptolemy/actor/lib/test/AddSubtract.tcl
9 ms. Memory: 120832K Free: 80839K (67%)
6 ms. Memory: 120832K Free: 80294K (66%)
8 ms. Memory: 120832K Free: 79301K (66%)
16 ms. Memory: 120832K Free: 78277K (65%)
83 ms. Memory: 120832K Free: 75719K (63%)
13 ms. Memory: 120832K Free: 74695K (62%)
/home/travis/build/icyphy/ptII/ptolemy/actor/lib/test/Average.tcl
22 ms. Memory: 120832K Free: 73157K (61%)
18 ms. Memory: 120832K Free: 72133K (60%)
/home/travis/build/icyphy/ptII/ptolemy/actor/lib/test/Bernoulli.tcl
5 ms. Memory: 120832K Free: 70599K (58%)
2 ms. Memory: 120832K Free: 70085K (58%)
/home/travis/build/icyphy/ptII/ptolemy/actor/lib/test/Clock.tcl
preinitializing
resolving types
initializing
executing number 1
wrapping up
idle
27 ms. Memory: 120832K Free: 67527K (56%)
Completed execution with 5 iterations
preinitializing
resolving types
initializing
executing number 1
wrapping up
idle
4 ms. Memory: 120832K Free: 66503K (55%)
Completed execution with 5 iterations
preinitializing
resolving types
initializing
executing number 1
wrapping up
idle
4 ms. Memory: 120832K Free: 65974K (55%)
Completed execution with 5 iterations
/home/travis/build/icyphy/ptII/ptolemy/actor/lib/test/Commutator.tcl
6 ms. Memory: 120832K Free: 63941K (53%)
8 ms. Memory: 120832K Free: 62917K (52%)
10 ms. Memory: 120832K Free: 57287K (47%)
/home/travis/build/icyphy/ptII/ptolemy/actor/lib/test/Const.tcl
12 ms. Memory: 120832K Free: 55718K (46%)
2 ms. Memory: 120832K Free: 55239K (46%)
8 ms. Memory: 120832K Free: 54725K (45%)
12 ms. Memory: 120832K Free: 54215K (45%)
2 ms. Memory: 120832K Free: 53191K (44%)
29 ms. Memory: 120832K Free: 51653K (43%)
5 ms. Memory: 120832K Free: 50629K (42%)
4 ms. Memory: 120832K Free: 50119K (41%)
/home/travis/build/icyphy/ptII/ptolemy/actor/lib/test/CurrentTime.tcl
preinitializing
resolving types
initializing
executing number 1
wrapping up
idle
16 ms. Memory: 120832K Free: 48071K (40%)
Completed execution with 11 iterations
/home/travis/build/icyphy/ptII/ptolemy/actor/lib/test/DB.tcl
9 ms. Memory: 120832K Free: 46023K (38%)
27 ms. Memory: 120832K Free: 107059K (89%)
12 ms. Memory: 120832K Free: 107059K (89%)
/home/travis/build/icyphy/ptII/ptolemy/actor/lib/test/DiscreteRandomSource.tcl
preinitializing
resolving types
initializing
executing number 1
wrapping up
idle
13 ms. Memory: 120832K Free: 105011K (87%)
Completed execution with 4 iterations
preinitializing
resolving types
initializing
executing number 1
wrapping up
idle
3 ms. Memory: 120832K Free: 104515K (86%)
Completed execution with 4 iterations
preinitializing
resolving types
initializing
executing number 1
wrapping up
idle
2 ms. Memory: 120832K Free: 104515K (86%)
Completed execution with 4 iterations
preinitializing
resolving types
initializing
executing number 1
wrapping up
idle
3 ms. Memory: 120832K Free: 104001K (86%)
Completed execution with 4 iterations
preinitializing
resolving types
initializing
executing number 1
wrapping up
idle
4 ms. Memory: 120832K Free: 103491K (86%)
Completed execution with 4 iterations
/home/travis/build/icyphy/ptII/ptolemy/actor/lib/test/Distributor.tcl
4 ms. Memory: 120832K Free: 101939K (84%)
3 ms. Memory: 120832K Free: 100929K (84%)
StreamChangeRequest.changeExecuted(): <deleteEntity name="rec2"/> succeeded
StreamChangeRequest.changeExecuted(): <deleteRelation name="r2"/> succeeded
StreamChangeRequest.changeExecuted(): Record firings per iteration succeeded
5 ms. Memory: 120832K Free: 98371K (81%)
/home/travis/build/icyphy/ptII/ptolemy/actor/lib/test/Exit.tcl
Exit.tcl: this will print a message about Manager.exitAfterWrapup, which can be ignored.
7 ms. Memory: 120832K Free: 95299K (79%)
/home/travis/build/icyphy/ptII/ptolemy/actor/lib/test/Expression.tcl
18 ms. Memory: 120832K Free: 104873K (87%)
10 ms. Memory: 120832K Free: 104309K (86%)
3 ms. Memory: 120832K Free: 103285K (85%)
preinitializing
resolving types
initializing
executing number 1
wrapping up
idle
14 ms. Memory: 120832K Free: 101757K (84%)
Completed execution with 6 iterations
13 ms. Memory: 120832K Free: 101267K (84%)
2 ms. Memory: 120832K Free: 100213K (83%)
8 ms. Memory: 120832K Free: 99205K (82%)
8 ms. Memory: 120832K Free: 97663K (81%)
8 ms. Memory: 120832K Free: 96651K (80%)
/home/travis/build/icyphy/ptII/ptolemy/actor/lib/test/Gaussian.tcl
6 ms. Memory: 120832K Free: 95123K (79%)
sleeping 1 seconds: ...............................................................................................................................................................................................................................................................................................................................................................................................................................................................................................................................................................................................................................................................................................................................................................................................................................................................................................................................................................................................................................................................................................................................................................................................................................................................................................................................................................................................................................................................................................................................................................................................................................................................................................................................................................................................................................................................................................................................................................................................................................................................................................................................................................................................................................................................................................................................................................................................................................................................................................................................................................................................................................................................................................................................................................................................................................................................................................................................................................................................................................................................................................................................................................................................................................................................................................................................................................................................................................................................................................................................................................................................................................................................................................................................................................................................................................................................................................................................................................................................................................................................................................................................................................................................................................................................................................................................................................................................................................................................................................................................................................................................................................................................................................................................................................................................................................................................................................................................................................................................................................................................................................................................................................................................................................................................................................................................................................................................................................................................................................................................................................................................................................................................................................................................................................................................................................................................................................................................................................................................................................................................................................................................................................................................................................................................................................................................................................................................................................................................................................................................................................................................................................................................................................................................................................................................................................................................................................................................................................................................................................................................................................................................................................................................................................................................................................................................................................................................................................................................................................................................................................................................................................................................................................................................................................................................................................................................................................................................................................................................................................................................................................................................................................................................................................................................................................................................................................................................................................................................................................................................................................................................................5 ms. Memory: 120832K Free: 84852K (70%)
2 ms. Memory: 120832K Free: 84348K (70%)
4 ms. Memory: 120832K Free: 83820K (69%)
6 ms. Memory: 120832K Free: 82711K (68%)
4 ms. Memory: 120832K Free: 82300K (68%)
/home/travis/build/icyphy/ptII/ptolemy/actor/lib/test/IIR.tcl
/home/travis/build/icyphy/ptII/ptolemy/actor/lib/test/Interpolator.tcl
5 ms. Memory: 120832K Free: 78708K (65%)
3 ms. Memory: 120832K Free: 78204K (65%)
3 ms. Memory: 120832K Free: 77690K (64%)
2 ms. Memory: 120832K Free: 76652K (63%)
7 ms. Memory: 120832K Free: 76156K (63%)
2 ms. Memory: 120832K Free: 75132K (62%)
2 ms. Memory: 120832K Free: 74108K (61%)
2 ms. Memory: 120832K Free: 73580K (61%)
2 ms. Memory: 120832K Free: 72556K (60%)
3 ms. Memory: 120832K Free: 71516K (59%)
/home/travis/build/icyphy/ptII/ptolemy/actor/lib/test/MathFunction.tcl
5 ms. Memory: 120832K Free: 105106K (87%)
2 ms. Memory: 120832K Free: 104082K (86%)
2 ms. Memory: 120832K Free: 103044K (85%)
7 ms. Memory: 120832K Free: 102034K (84%)
4 ms. Memory: 120832K Free: 100996K (84%)
10 ms. Memory: 120832K Free: 98962K (82%)
/home/travis/build/icyphy/ptII/ptolemy/actor/lib/test/Maximum.tcl
5 ms. Memory: 120832K Free: 96900K (80%)
6 ms. Memory: 120832K Free: 96404K (80%)
7 ms. Memory: 120832K Free: 95884K (79%)
2 ms. Memory: 120832K Free: 94866K (79%)
/home/travis/build/icyphy/ptII/ptolemy/actor/lib/test/Minimum.tcl
8 ms. Memory: 120832K Free: 93332K (77%)
4 ms. Memory: 120832K Free: 92818K (77%)
2 ms. Memory: 120832K Free: 91794K (76%)
2 ms. Memory: 120832K Free: 91284K (76%)
/home/travis/build/icyphy/ptII/ptolemy/actor/lib/test/MultiplyDivide.tcl
5 ms. Memory: 120832K Free: 89236K (74%)
2 ms. Memory: 120832K Free: 88722K (73%)
6 ms. Memory: 120832K Free: 88212K (73%)
5 ms. Memory: 120832K Free: 87188K (72%)
3 ms. Memory: 120832K Free: 86660K (72%)
/home/travis/build/icyphy/ptII/ptolemy/actor/lib/test/OrderedMerge.tcl
Connections changed on port: inputA
Connections changed on port: inputB
Connections changed on port: output
Connections changed on port: output
Connections changed on port: output
Connections changed on port: input
.top. Preinitializing ...
Invoking preinitialize():  .top.OrderedMerge
Called preinitialize()
Invoking preinitialize():  .top.Ramp
Called preinitialize()
Invoking preinitialize():  .top.Ramp2
Called preinitialize()
Invoking preinitialize():  .top.Test
Called preinitialize()
Connections changed on port: inputA
Connections changed on port: output
Connections changed on port: output
Connections changed on port: input
Connections changed on port: inputB
Connections changed on port: output
.top. Finished preinitialize().
Called initialize().
Invoking initialize():  .top.OrderedMerge
Initializing actor: .top.OrderedMerge
Adding a thread: .top.OrderedMerge
Invoking initialize():  .top.Ramp
Initializing actor: .top.Ramp
Adding a thread: .top.Ramp
Invoking initialize():  .top.Ramp2
Initializing actor: .top.Ramp2
Adding a thread: .top.Ramp2
Invoking initialize():  .top.Test
Initializing actor: .top.Test
Adding a thread: .top.Test
Called fire().
Checking for deadlock:
-- Starting thread.
Called initialize()
Called prefire()
Called fire()
-- Starting thread.
Called initialize()
Called prefire()
Called fire()
There are 0 Blocked actors, 0 Stopped actors, and 4 active threads.
Waiting for actors to stop.
Called postfire()
Called prefire()
Called fire()
-- Starting thread.
Called initialize()
Called prefire()
Checking for deadlock:
There are 2 Blocked actors, 0 Stopped actors, and 4 active threads.
Waiting for actors to stop.
Called fire()
-- Starting thread.
Called postfire()
Called prefire()
Called fire()
Called initialize()
Called prefire()
Called fire()
Read input token from inputA with value 0.0
Next port to read input from is inputB
Called postfire()
Called prefire()
Called fire()
Checking for deadlock:
There are 2 Blocked actors, 0 Stopped actors, and 4 active threads.
Waiting for actors to stop.
Called postfire()
Called prefire()
Called fire()
Called postfire()
Called prefire()
Called fire()
Checking for deadlock:
There are 3 Blocked actors, 0 Stopped actors, and 4 active threads.
Waiting for actors to stop.
Read input token from inputB with value 0.0
-- Read input: 0.0, which is expected to match: 0.0
Called prefire()
Called fire()
Checking for deadlock:
There are 3 Blocked actors, 0 Stopped actors, and 4 active threads.
Waiting for actors to stop.
Sent output token with value 0.0
Next port to read input from is inputA
Called postfire()
Called prefire()
Called fire()
Checking for deadlock:
There are 2 Blocked actors, 0 Stopped actors, and 4 active threads.
Waiting for actors to stop.
Called postfire()
Called prefire()
Called fire()
Checking for deadlock:
There are 3 Blocked actors, 0 Stopped actors, and 4 active threads.
Waiting for actors to stop.
Read input token from inputA with value 1.0
Checking for deadlock:
There are 2 Blocked actors, 0 Stopped actors, and 4 active threads.
Waiting for actors to stop.
-- Read input: 0.0, which is expected to match: 0.0
Called prefire()
Called fire()
Checking for deadlock:
There are 3 Blocked actors, 0 Stopped actors, and 4 active threads.
Waiting for actors to stop.
Sent output token with value 0.0
Next port to read input from is inputB
Called postfire()
Called prefire()
Called fire()
Called postfire()
Called prefire()
Called fire()
Checking for deadlock:
There are 3 Blocked actors, 0 Stopped actors, and 4 active threads.
Waiting for actors to stop.
Read input token from inputB with value 1.5
-- Read input: 1.0, which is expected to match: 1.0
Called prefire()
Called fire()
Checking for deadlock:
There are 3 Blocked actors, 0 Stopped actors, and 4 active threads.
Waiting for actors to stop.
Sent output token with value 1.0
Next port to read input from is inputA
Called postfire()
Called prefire()
Called fire()
Checking for deadlock:
There are 2 Blocked actors, 0 Stopped actors, and 4 active threads.
Waiting for actors to stop.
Called postfire()
Called prefire()
Called fire()
Checking for deadlock:
There are 3 Blocked actors, 0 Stopped actors, and 4 active threads.
Waiting for actors to stop.
Read input token from inputA with value 2.0
Checking for deadlock:
There are 2 Blocked actors, 0 Stopped actors, and 4 active threads.
Waiting for actors to stop.
-- Read input: 1.5, which is expected to match: 1.5
Called prefire()
Called fire()
Checking for deadlock:
There are 3 Blocked actors, 0 Stopped actors, and 4 active threads.
Waiting for actors to stop.
Sent output token with value 1.5
Next port to read input from is inputB
Called postfire()
Called prefire()
Called fire()
Called postfire()
Called prefire()
Called fire()
Checking for deadlock:
There are 3 Blocked actors, 0 Stopped actors, and 4 active threads.
Waiting for actors to stop.
Read input token from inputB with value 3.0
-- Read input: 2.0, which is expected to match: 2.0
Called prefire()
Called fire()
Checking for deadlock:
There are 3 Blocked actors, 0 Stopped actors, and 4 active threads.
Waiting for actors to stop.
Sent output token with value 2.0
Next port to read input from is inputA
Called postfire()
Called prefire()
Called fire()
Checking for deadlock:
There are 2 Blocked actors, 0 Stopped actors, and 4 active threads.
Waiting for actors to stop.
Called postfire()
Called prefire()
Called fire()
Checking for deadlock:
There are 3 Blocked actors, 0 Stopped actors, and 4 active threads.
Waiting for actors to stop.
Read input token from inputA with value 3.0
Checking for deadlock:
There are 2 Blocked actors, 0 Stopped actors, and 4 active threads.
Waiting for actors to stop.
-- Read input: 3.0, which is expected to match: 3.0
Called prefire()
Called fire()
Checking for deadlock:
There are 3 Blocked actors, 0 Stopped actors, and 4 active threads.
Waiting for actors to stop.
Sent output token with value 3.0
Next port to read input from is inputB
Called postfire()
Called prefire()
Called fire()
Called postfire()
Called prefire()
Called fire()
Checking for deadlock:
There are 3 Blocked actors, 0 Stopped actors, and 4 active threads.
Waiting for actors to stop.
Read input token from inputB with value 4.5
-- Read input: 3.0, which is expected to match: 3.0
Called prefire()
Called fire()
Checking for deadlock:
There are 3 Blocked actors, 0 Stopped actors, and 4 active threads.
Waiting for actors to stop.
Sent output token with value 3.0
Next port to read input from is inputA
Called postfire()
Called prefire()
Called fire()
Checking for deadlock:
There are 2 Blocked actors, 0 Stopped actors, and 4 active threads.
Waiting for actors to stop.
Called postfire()
Called prefire()
Called fire()
Checking for deadlock:
There are 3 Blocked actors, 0 Stopped actors, and 4 active threads.
Waiting for actors to stop.
Read input token from inputA with value 4.0
Checking for deadlock:
There are 2 Blocked actors, 0 Stopped actors, and 4 active threads.
Waiting for actors to stop.
-- Read input: 4.0, which is expected to match: 4.0
Called prefire()
Called fire()
Past the end of training data. Read and discard all inputs.
Checking for deadlock:
There are 3 Blocked actors, 0 Stopped actors, and 4 active threads.
Waiting for actors to stop.
Sent output token with value 4.0
Next port to read input from is inputA
Called postfire()
Called prefire()
Called fire()
Checking for deadlock:
There are 2 Blocked actors, 0 Stopped actors, and 4 active threads.
Waiting for actors to stop.
Called postfire()
Called prefire()
Called fire()
Checking for deadlock:
There are 3 Blocked actors, 0 Stopped actors, and 4 active threads.
Waiting for actors to stop.
Read input token from inputA with value 5.0
Checking for deadlock:
There are 2 Blocked actors, 0 Stopped actors, and 4 active threads.
Waiting for actors to stop.
Called prefire()
Called fire()
Past the end of training data. Read and discard all inputs.
Checking for deadlock:
There are 3 Blocked actors, 0 Stopped actors, and 4 active threads.
Waiting for actors to stop.
Sent output token with value 4.5
Next port to read input from is inputB
Called postfire()
Called prefire()
Called fire()
Called postfire()
Called prefire()
Called fire()
Checking for deadlock:
There are 3 Blocked actors, 0 Stopped actors, and 4 active threads.
Waiting for actors to stop.
Read input token from inputB with value 6.0
Called prefire()
Called fire()
Past the end of training data. Read and discard all inputs.
Checking for deadlock:
There are 3 Blocked actors, 0 Stopped actors, and 4 active threads.
Waiting for actors to stop.
Sent output token with value 5.0
Next port to read input from is inputA
Called postfire()
Called prefire()
Called fire()
Checking for deadlock:
There are 2 Blocked actors, 0 Stopped actors, and 4 active threads.
Waiting for actors to stop.
Called postfire()
Called prefire()
Called fire()
Checking for deadlock:
There are 3 Blocked actors, 0 Stopped actors, and 4 active threads.
Waiting for actors to stop.
Read input token from inputA with value 6.0
Checking for deadlock:
There are 2 Blocked actors, 0 Stopped actors, and 4 active threads.
Waiting for actors to stop.
Called prefire()
Called fire()
Past the end of training data. Read and discard all inputs.
Checking for deadlock:
There are 3 Blocked actors, 0 Stopped actors, and 4 active threads.
Waiting for actors to stop.
Sent output token with value 6.0
Next port to read input from is inputB
Called postfire()
Called prefire()
Called fire()
Called postfire()
Called prefire()
Called fire()
Checking for deadlock:
There are 3 Blocked actors, 0 Stopped actors, and 4 active threads.
Waiting for actors to stop.
Read input token from inputB with value 7.5
Called prefire()
Called fire()
Past the end of training data. Read and discard all inputs.
Checking for deadlock:
There are 3 Blocked actors, 0 Stopped actors, and 4 active threads.
Waiting for actors to stop.
Sent output token with value 6.0
Next port to read input from is inputA
Called postfire()
Called prefire()
Called fire()
Checking for deadlock:
There are 2 Blocked actors, 0 Stopped actors, and 4 active threads.
Waiting for actors to stop.
Called postfire()
Called prefire()
Called fire()
Checking for deadlock:
There are 3 Blocked actors, 0 Stopped actors, and 4 active threads.
Waiting for actors to stop.
Read input token from inputA with value 7.0
Checking for deadlock:
There are 2 Blocked actors, 0 Stopped actors, and 4 active threads.
Waiting for actors to stop.
Called prefire()
Called fire()
Past the end of training data. Read and discard all inputs.
Checking for deadlock:
There are 3 Blocked actors, 0 Stopped actors, and 4 active threads.
Waiting for actors to stop.
Sent output token with value 7.0
Next port to read input from is inputA
Called postfire()
Called prefire()
Called fire()
Checking for deadlock:
There are 2 Blocked actors, 0 Stopped actors, and 4 active threads.
Waiting for actors to stop.
-- Thread wrapup() called.
Called wrapup()
Thread .top.Ramp is exiting.
-- Thread stopped.
Checking for deadlock:
There are 2 Blocked actors, 0 Stopped actors, and 3 active threads.
Waiting for actors to stop.
Read input token from inputA with value 8.0
Called prefire()
Called fire()
Past the end of training data. Read and discard all inputs.
Checking for deadlock:
There are 2 Blocked actors, 0 Stopped actors, and 3 active threads.
Waiting for actors to stop.
Sent output token with value 7.5
Next port to read input from is inputB
Called postfire()
Called prefire()
Called fire()
Checking for deadlock:
There are 1 Blocked actors, 0 Stopped actors, and 3 active threads.
Waiting for actors to stop.
Called postfire()
Called prefire()
Called fire()
Checking for deadlock:
There are 2 Blocked actors, 0 Stopped actors, and 3 active threads.
Waiting for actors to stop.
Read input token from inputB with value 9.0
Checking for deadlock:
There are 1 Blocked actors, 0 Stopped actors, and 3 active threads.
Waiting for actors to stop.
Called prefire()
Called fire()
Past the end of training data. Read and discard all inputs.
Checking for deadlock:
There are 2 Blocked actors, 0 Stopped actors, and 3 active threads.
Waiting for actors to stop.
Sent output token with value 8.0
Next port to read input from is inputA
Called postfire()
Called prefire()
Called fire()
Read input token from inputA with value 9.0
Called prefire()
Called fire()
Past the end of training data. Read and discard all inputs.
Checking for deadlock:
There are 2 Blocked actors, 0 Stopped actors, and 3 active threads.
Waiting for actors to stop.
Sent output token with value 9.0
Next port to read input from is inputB
Called postfire()
Called prefire()
Called fire()
Called postfire()
Called prefire()
Called fire()
Checking for deadlock:
There are 2 Blocked actors, 0 Stopped actors, and 3 active threads.
Waiting for actors to stop.
Read input token from inputB with value 10.5
Called prefire()
Called fire()
Past the end of training data. Read and discard all inputs.
Checking for deadlock:
There are 2 Blocked actors, 0 Stopped actors, and 3 active threads.
Waiting for actors to stop.
Sent output token with value 9.0
Next port to read input from is inputA
Called postfire()
Called prefire()
Called fire()
Checking for deadlock:
There are 3 Blocked actors, 0 Stopped actors, and 3 active threads.
Actors have stopped.
Checking for deadlock:
There are 3 Blocked actors, 0 Stopped actors, and 3 active threads.
Deadlock detected.
Resolving Deadlock
Checking for deadlock:
There are 3 Blocked actors, 0 Stopped actors, and 3 active threads.
Artificial Deadlock - increasing queue capacity.
increasing the capacity of receiver ptolemy.actor.TypedIOPort {.top.OrderedMerge.inputB} to 2
Director: Called postfire().
Called postfire().
_stopRequested = false
_stopFireRequested = false
Returning from postfire(): true
-- Thread wrapup() called.
Called wrapup()
Thread .top.Ramp2 is exiting.
-- Thread stopped.
Called fire().
Checking for deadlock:
There are 2 Blocked actors, 0 Stopped actors, and 2 active threads.
Actors have stopped.
Checking for deadlock:
There are 2 Blocked actors, 0 Stopped actors, and 2 active threads.
Deadlock detected.
Resolving Deadlock
Checking for deadlock:
There are 2 Blocked actors, 0 Stopped actors, and 2 active threads.
Deadlock detected: no processes blocked on write, but some are blocked on read.
Called postfire().
_stopRequested = false
_stopFireRequested = false
Returning from postfire(): false
Finished deactivating branches.
Called wrapup().
-- Thread wrapup() called.
Called wrapup()
Thread .top.Test is exiting.
-- Thread stopped.
-- Blocked Receiver call threw TerminateProcessException.
-- Thread wrapup() called.
Called wrapup()
Thread .top.OrderedMerge is exiting.
-- Thread stopped.
-- Blocked Receiver call threw TerminateProcessException.
69 ms. Memory: 120832K Free: 81554K (67%)
.top. Preinitializing ...
Invoking preinitialize():  .top.OrderedMerge
Called preinitialize()
Invoking preinitialize():  .top.Ramp
Called preinitialize()
Invoking preinitialize():  .top.Ramp2
Called preinitialize()
Invoking preinitialize():  .top.Test
Called preinitialize()
.top. Finished preinitialize().
Called initialize().
Invoking initialize():  .top.OrderedMerge
Initializing actor: .top.OrderedMerge
Adding a thread: .top.OrderedMerge
Invoking initialize():  .top.Ramp
Initializing actor: .top.Ramp
Adding a thread: .top.Ramp
Invoking initialize():  .top.Ramp2
Initializing actor: .top.Ramp2
Adding a thread: .top.Ramp2
Invoking initialize():  .top.Test
Initializing actor: .top.Test
Adding a thread: .top.Test
-- Starting thread.
Called initialize()
Called prefire()
Called fire()
-- Starting thread.
Called initialize()
Called prefire()
Called fire()
Called postfire()
Called prefire()
Called fire()
-- Starting thread.
Called fire().
Checking for deadlock:
There are 2 Blocked actors, 0 Stopped actors, and 4 active threads.
Waiting for actors to stop.
Called initialize()
Called prefire()
Called fire()
Called postfire()
Called prefire()
Called fire()
Checking for deadlock:
There are 3 Blocked actors, 0 Stopped actors, and 4 active threads.
Waiting for actors to stop.
-- Starting thread.
Called initialize()
Called prefire()
Called fire()
Read input token from inputA with value 0.0
Next port to read input from is inputB
Called postfire()
Called prefire()
Called fire()
Read input token from inputB with value 0.0
Sent output token with value 0.0
Next port to read input from is inputA
Called postfire()
Called prefire()
Called fire()
-- Read input: 0.0, which is expected to match: 0.0
Called prefire()
Called fire()
Checking for deadlock:
There are 2 Blocked actors, 0 Stopped actors, and 4 active threads.
Waiting for actors to stop.
Called postfire()
Called prefire()
Called fire()
Called postfire()
Called prefire()
Called fire()
Checking for deadlock:
There are 3 Blocked actors, 0 Stopped actors, and 4 active threads.
Waiting for actors to stop.
Read input token from inputA with value 1.0
Sent output token with value 0.0
Next port to read input from is inputB
Called postfire()
Called prefire()
Called fire()
Read input token from inputB with value 1.5
-- Read input: 0.0, which is expected to match: 0.0
Called prefire()
Called fire()
Checking for deadlock:
There are 1 Blocked actors, 0 Stopped actors, and 4 active threads.
Waiting for actors to stop.
Called postfire()
Called prefire()
Called fire()
Called postfire()
Called prefire()
Called fire()
Checking for deadlock:
There are 3 Blocked actors, 0 Stopped actors, and 4 active threads.
Waiting for actors to stop.
Sent output token with value 1.0
Next port to read input from is inputA
Called postfire()
Called prefire()
Called fire()
Read input token from inputA with value 2.0
-- Read input: 1.0, which is expected to match: 1.0
Called prefire()
Called fire()
Checking for deadlock:
There are 2 Blocked actors, 0 Stopped actors, and 4 active threads.
Waiting for actors to stop.
Called postfire()
Called prefire()
Called fire()
Checking for deadlock:
There are 3 Blocked actors, 0 Stopped actors, and 4 active threads.
Waiting for actors to stop.
Sent output token with value 1.5
-- Read input: 1.5, which is expected to match: 1.5
Called prefire()
Called fire()
Checking for deadlock:
There are 3 Blocked actors, 0 Stopped actors, and 4 active threads.
Waiting for actors to stop.
Next port to read input from is inputB
Called postfire()
Called prefire()
Called fire()
Checking for deadlock:
There are 2 Blocked actors, 0 Stopped actors, and 4 active threads.
Waiting for actors to stop.
Called postfire()
Called prefire()
Called fire()
Checking for deadlock:
There are 3 Blocked actors, 0 Stopped actors, and 4 active threads.
Waiting for actors to stop.
Read input token from inputB with value 3.0
Checking for deadlock:
There are 2 Blocked actors, 0 Stopped actors, and 4 active threads.
Waiting for actors to stop.
-- Read input: 2.0, which is expected to match: 2.0
Called prefire()
Called fire()
Checking for deadlock:
There are 3 Blocked actors, 0 Stopped actors, and 4 active threads.
Waiting for actors to stop.
Sent output token with value 2.0
Next port to read input from is inputA
Called postfire()
Called prefire()
Called fire()
Checking for deadlock:
There are 2 Blocked actors, 0 Stopped actors, and 4 active threads.
Waiting for actors to stop.
Called postfire()
Called prefire()
Called fire()
Checking for deadlock:
There are 3 Blocked actors, 0 Stopped actors, and 4 active threads.
Waiting for actors to stop.
Read input token from inputA with value 3.0
Sent output token with value 3.0
Next port to read input from is inputB
Called postfire()
Called prefire()
Called fire()
Read input token from inputB with value 4.5
Checking for deadlock:
There are 2 Blocked actors, 0 Stopped actors, and 4 active threads.
Waiting for actors to stop.
-- Read input: 3.0, which is expected to match: 3.0
Called prefire()
Called fire()
Called postfire()
Called prefire()
Called fire()
Checking for deadlock:
There are 3 Blocked actors, 0 Stopped actors, and 4 active threads.
Waiting for actors to stop.
Checking for deadlock:
There are 2 Blocked actors, 0 Stopped actors, and 4 active threads.
Waiting for actors to stop.
-- Read input: 3.0, which is expected to match: 3.0
Called prefire()
Called fire()
Checking for deadlock:
There are 3 Blocked actors, 0 Stopped actors, and 4 active threads.
Waiting for actors to stop.
Sent output token with value 3.0
Next port to read input from is inputA
Called postfire()
Called prefire()
Called fire()
Checking for deadlock:
There are 2 Blocked actors, 0 Stopped actors, and 4 active threads.
Waiting for actors to stop.
Called postfire()
Called prefire()
Called fire()
Checking for deadlock:
There are 3 Blocked actors, 0 Stopped actors, and 4 active threads.
Waiting for actors to stop.
Read input token from inputA with value 4.0
Sent output token with value 4.0
Next port to read input from is inputA
Called postfire()
Called prefire()
Called fire()
Read input token from inputA with value 5.0
Checking for deadlock:
There are 2 Blocked actors, 0 Stopped actors, and 4 active threads.
Waiting for actors to stop.
-- Read input: 4.0, which is expected to match: 4.0
Called prefire()
Called fire()
Past the end of training data. Read and discard all inputs.
Called postfire()
Called prefire()
Called fire()
Checking for deadlock:
There are 3 Blocked actors, 0 Stopped actors, and 4 active threads.
Waiting for actors to stop.
Sent output token with value 4.5
Next port to read input from is inputB
Called postfire()
Called prefire()
Called fire()
Read input token from inputB with value 6.0
Called postfire()
Called prefire()
Called fire()
Checking for deadlock:
There are 3 Blocked actors, 0 Stopped actors, and 4 active threads.
Waiting for actors to stop.
Called prefire()
Called fire()
Past the end of training data. Read and discard all inputs.
Checking for deadlock:
There are 3 Blocked actors, 0 Stopped actors, and 4 active threads.
Waiting for actors to stop.
Called prefire()
Called fire()
Past the end of training data. Read and discard all inputs.
Checking for deadlock:
There are 3 Blocked actors, 0 Stopped actors, and 4 active threads.
Waiting for actors to stop.
Sent output token with value 5.0
Next port to read input from is inputA
Called postfire()
Called prefire()
Called fire()
Checking for deadlock:
There are 2 Blocked actors, 0 Stopped actors, and 4 active threads.
Waiting for actors to stop.
Called postfire()
Called prefire()
Called fire()
Checking for deadlock:
There are 3 Blocked actors, 0 Stopped actors, and 4 active threads.
Waiting for actors to stop.
Read input token from inputA with value 6.0
Sent output token with value 6.0
Next port to read input from is inputB
Called postfire()
Called prefire()
Called fire()
Read input token from inputB with value 7.5
Checking for deadlock:
There are 2 Blocked actors, 0 Stopped actors, and 4 active threads.
Waiting for actors to stop.
Called postfire()
Called prefire()
Called fire()
Called prefire()
Called fire()
Past the end of training data. Read and discard all inputs.
Checking for deadlock:
There are 3 Blocked actors, 0 Stopped actors, and 4 active threads.
Waiting for actors to stop.
Called prefire()
Called fire()
Past the end of training data. Read and discard all inputs.
Checking for deadlock:
There are 3 Blocked actors, 0 Stopped actors, and 4 active threads.
Waiting for actors to stop.
Sent output token with value 6.0
Next port to read input from is inputA
Called postfire()
Called prefire()
Called fire()
Checking for deadlock:
There are 2 Blocked actors, 0 Stopped actors, and 4 active threads.
Waiting for actors to stop.
Called postfire()
Called prefire()
Called fire()
Checking for deadlock:
There are 3 Blocked actors, 0 Stopped actors, and 4 active threads.
Waiting for actors to stop.
Read input token from inputA with value 7.0
Checking for deadlock:
There are 2 Blocked actors, 0 Stopped actors, and 4 active threads.
Waiting for actors to stop.
Called prefire()
Called fire()
Past the end of training data. Read and discard all inputs.
Checking for deadlock:
There are 3 Blocked actors, 0 Stopped actors, and 4 active threads.
Waiting for actors to stop.
Sent output token with value 7.0
Next port to read input from is inputA
Called postfire()
Called prefire()
Called fire()
Checking for deadlock:
There are 2 Blocked actors, 0 Stopped actors, and 4 active threads.
Waiting for actors to stop.
-- Thread wrapup() called.
Called wrapup()
Thread .top.Ramp is exiting.
Checking for deadlock:
There are 2 Blocked actors, 0 Stopped actors, and 3 active threads.
Waiting for actors to stop.
-- Thread stopped.
Read input token from inputA with value 8.0
Called prefire()
Called fire()
Past the end of training data. Read and discard all inputs.
Checking for deadlock:
There are 2 Blocked actors, 0 Stopped actors, and 3 active threads.
Waiting for actors to stop.
Sent output token with value 7.5
Next port to read input from is inputB
Called postfire()
Called prefire()
Called fire()
Checking for deadlock:
There are 1 Blocked actors, 0 Stopped actors, and 3 active threads.
Waiting for actors to stop.
Called postfire()
Called prefire()
Called fire()
Checking for deadlock:
There are 2 Blocked actors, 0 Stopped actors, and 3 active threads.
Waiting for actors to stop.
Read input token from inputB with value 9.0
Checking for deadlock:
There are 1 Blocked actors, 0 Stopped actors, and 3 active threads.
Waiting for actors to stop.
Called prefire()
Called fire()
Past the end of training data. Read and discard all inputs.
Checking for deadlock:
There are 2 Blocked actors, 0 Stopped actors, and 3 active threads.
Waiting for actors to stop.
Sent output token with value 8.0
Next port to read input from is inputA
Called postfire()
Called prefire()
Called fire()
Read input token from inputA with value 9.0
Called prefire()
Called fire()
Past the end of training data. Read and discard all inputs.
Checking for deadlock:
There are 2 Blocked actors, 0 Stopped actors, and 3 active threads.
Waiting for actors to stop.
Sent output token with value 9.0
Next port to read input from is inputB
Called postfire()
Called prefire()
Called fire()
Called postfire()
Called prefire()
Called fire()
Checking for deadlock:
There are 2 Blocked actors, 0 Stopped actors, and 3 active threads.
Waiting for actors to stop.
Read input token from inputB with value 10.5
Called prefire()
Called fire()
Past the end of training data. Read and discard all inputs.
Checking for deadlock:
There are 2 Blocked actors, 0 Stopped actors, and 3 active threads.
Waiting for actors to stop.
Sent output token with value 9.0
Next port to read input from is inputA
Called postfire()
Called prefire()
Called fire()
Checking for deadlock:
There are 3 Blocked actors, 0 Stopped actors, and 3 active threads.
Actors have stopped.
Checking for deadlock:
There are 3 Blocked actors, 0 Stopped actors, and 3 active threads.
Deadlock detected.
Resolving Deadlock
Checking for deadlock:
There are 3 Blocked actors, 0 Stopped actors, and 3 active threads.
Artificial Deadlock - increasing queue capacity.
increasing the capacity of receiver ptolemy.actor.TypedIOPort {.top.OrderedMerge.inputB} to 2
Director: Called postfire().
Called postfire().
_stopRequested = false
_stopFireRequested = false
Returning from postfire(): true
Called fire().
Checking for deadlock:
There are 2 Blocked actors, 0 Stopped actors, and 3 active threads.
Waiting for actors to stop.
-- Thread wrapup() called.
Called wrapup()
Thread .top.Ramp2 is exiting.
-- Thread stopped.
Checking for deadlock:
There are 2 Blocked actors, 0 Stopped actors, and 2 active threads.
Actors have stopped.
Checking for deadlock:
There are 2 Blocked actors, 0 Stopped actors, and 2 active threads.
Deadlock detected.
Resolving Deadlock
Checking for deadlock:
There are 2 Blocked actors, 0 Stopped actors, and 2 active threads.
Deadlock detected: no processes blocked on write, but some are blocked on read.
Called postfire().
_stopRequested = false
_stopFireRequested = false
Returning from postfire(): false
Finished deactivating branches.
Called wrapup().
-- Thread wrapup() called.
Called wrapup()
-- Thread wrapup() called.
Called wrapup()
Thread .top.Test is exiting.
-- Thread stopped.
-- Blocked Receiver call threw TerminateProcessException.
Thread .top.OrderedMerge is exiting.
-- Thread stopped.
-- Blocked Receiver call threw TerminateProcessException.
31 ms. Memory: 120832K Free: 79949K (66%)
/home/travis/build/icyphy/ptII/ptolemy/actor/lib/test/Publisher.tcl
22 ms. Memory: 120832K Free: 73348K (61%)
31 ms. Memory: 120832K Free: 100492K (83%)
3 ms. Memory: 120832K Free: 96906K (80%)
7 ms. Memory: 120832K Free: 95882K (79%)
2 ms. Memory: 120832K Free: 95372K (79%)
3 ms. Memory: 120832K Free: 94348K (78%)
3 ms. Memory: 120832K Free: 93820K (78%)
3 ms. Memory: 120832K Free: 92796K (77%)
15 ms. Memory: 120832K Free: 82570K (68%)
4 ms. Memory: 120832K Free: 78988K (65%)
2 ms. Memory: 120832K Free: 78460K (65%)
4 ms. Memory: 120832K Free: 75916K (63%)
6 ms. Memory: 120832K Free: 68220K (56%)
5 ms. Memory: 120832K Free: 59018K (49%)
16 ms. Memory: 145408K Free: 125976K (87%)
/home/travis/build/icyphy/ptII/ptolemy/actor/lib/test/Pulse.tcl
3 ms. Memory: 145408K Free: 88602K (61%)
2 ms. Memory: 145408K Free: 88088K (61%)
1 ms. Memory: 145408K Free: 87578K (60%)
1 ms. Memory: 145408K Free: 87064K (60%)
2 ms. Memory: 145408K Free: 86554K (60%)
6 ms. Memory: 145408K Free: 85016K (58%)
2 ms. Memory: 145408K Free: 83992K (58%)
2 ms. Memory: 145408K Free: 83482K (57%)
2 ms. Memory: 145408K Free: 82968K (57%)
/home/travis/build/icyphy/ptII/ptolemy/actor/lib/test/Ramp.tcl
5 ms. Memory: 145408K Free: 80906K (56%)
4 ms. Memory: 145408K Free: 79843K (55%)
6 ms. Memory: 145408K Free: 79386K (55%)
2 ms. Memory: 145408K Free: 78362K (54%)
6 ms. Memory: 145408K Free: 77834K (54%)
8 ms. Memory: 145408K Free: 76824K (53%)
6 ms. Memory: 145408K Free: 75786K (52%)
5 actors
4000 microseconds per iteration to create
4 ms. Memory: 145408K Free: 73242K (50%)
2 ms. Memory: 145408K Free: 72728K (50%)
2 ms. Memory: 145408K Free: 72218K (50%)
1 ms. Memory: 145408K Free: 71194K (49%)
50 actors
27000 microseconds per iteration to create
44 ms. Memory: 145408K Free: 124448K (86%)
15 ms. Memory: 145408K Free: 123424K (85%)
12 ms. Memory: 145408K Free: 122400K (84%)
4 ms. Memory: 145408K Free: 121376K (83%)
500 actors
1666000 microseconds per iteration to create
300 ms. Memory: 145408K Free: 108064K (74%)
46 ms. Memory: 145408K Free: 102937K (71%)
42 ms. Memory: 145408K Free: 97824K (67%)
39 ms. Memory: 145408K Free: 92704K (64%)
/home/travis/build/icyphy/ptII/ptolemy/actor/lib/test/RampContinuous.tcl
9 ms. Memory: 145408K Free: 91170K (63%)
/home/travis/build/icyphy/ptII/ptolemy/actor/lib/test/RecordAssembler.tcl
6 ms. Memory: 145408K Free: 89617K (62%)
4 ms. Memory: 145408K Free: 88593K (61%)
/home/travis/build/icyphy/ptII/ptolemy/actor/lib/test/RecordDisassembler.tcl
12 ms. Memory: 145408K Free: 87074K (60%)
3 ms. Memory: 145408K Free: 86050K (59%)
4 ms. Memory: 145408K Free: 85026K (58%)
/home/travis/build/icyphy/ptII/ptolemy/actor/lib/test/Scale.tcl
3 ms. Memory: 145408K Free: 82978K (57%)
2 ms. Memory: 145408K Free: 82449K (57%)
1 ms. Memory: 145408K Free: 81425K (56%)
2 ms. Memory: 145408K Free: 80930K (56%)
7 ms. Memory: 145408K Free: 79906K (55%)
/home/travis/build/icyphy/ptII/ptolemy/actor/lib/test/SequentialClock.tcl
preinitializing
resolving types
initializing
executing number 1
wrapping up
idle
3 ms. Memory: 145408K Free: 78882K (54%)
Completed execution with 5 iterations
preinitializing
resolving types
initializing
executing number 1
wrapping up
idle
1 ms. Memory: 145408K Free: 78368K (54%)
Completed execution with 5 iterations
preinitializing
resolving types
initializing
executing number 1
wrapping up
idle
1 ms. Memory: 145408K Free: 77858K (54%)
Completed execution with 5 iterations
/home/travis/build/icyphy/ptII/ptolemy/actor/lib/test/SetVariable.tcl
6 ms. Memory: 145408K Free: 75810K (52%)


==== $PTII/ptolemy/actor/lib/test/SetVariable.tcl: SetVariable-3.1 changeFailed
==== Contents of test case:

    #Uses 2.1 above
    jdkCaptureErr {
        # This test was failing if we ran Exit.tcl and then this test.
        # MessageHandler.error() now actually throws the Exception.
	catch {$setVariable changeFailed [java::null]  [java::new Exception {Test exception for SetVariable.changeFailed()}]} errMsg
    } results
    list [string range $results 0 89] "\n" $errMsg

==== Result was:
{java.lang.Exception: Test exception for SetVariable.changeFailed()
	at java.base/jdk.inter} {
} {java.lang.RuntimeException: java.lang.Exception: Test exception for SetVariable.changeFailed()}
---- Result should have been:
{Failed to set variable.
java.lang.Exception: Test exception for SetVariable.changeFailed()} {
} {java.lang.RuntimeException: java.lang.Exception: Test exception for SetVariable.changeFailed()}
---- SetVariable-3.1 FAILED
/home/travis/build/icyphy/ptII/ptolemy/actor/lib/test/Sinewave.tcl
/home/travis/build/icyphy/ptII/ptolemy/actor/lib/test/SubscriptionAggregator.tcl
4 ms. Memory: 145408K Free: 63522K (44%)
2 ms. Memory: 145408K Free: 63008K (43%)
1 ms. Memory: 145408K Free: 62498K (43%)
0 ms. Memory: 145408K Free: 61953K (43%)
8 ms. Memory: 145408K Free: 58897K (41%)
9 ms. Memory: 145408K Free: 56354K (39%)
...............................................................1169 ms. Memory: 291840K Free: 157694K (54%)
/home/travis/build/icyphy/ptII/ptolemy/actor/lib/test/Test.tcl
 The next command will produce a warning about training mode,
   which may be ignored.
5 ms. Memory: 291840K Free: 155631K (53%)
3 ms. Memory: 291840K Free: 155136K (53%)
1 ms. Memory: 291840K Free: 154607K (53%)
1 ms. Memory: 291840K Free: 153583K (53%)
1 ms. Memory: 291840K Free: 153088K (52%)
3 ms. Memory: 291840K Free: 152064K (52%)
3 ms. Memory: 291840K Free: 150519K (52%)
 The next command will produce a warning about training mode,
   which may be ignored.
3 ms. Memory: 291840K Free: 148478K (51%)
 The next command will produce a warning about training mode,
   which may be ignored.
2 ms. Memory: 291840K Free: 146944K (50%)
1 ms. Memory: 291840K Free: 146944K (50%)
0 ms. Memory: 291840K Free: 146430K (50%)
1 ms. Memory: 291840K Free: 145918K (50%)
6 ms. Memory: 291840K Free: 144896K (50%)
3 ms. Memory: 291840K Free: 140800K (48%)
/home/travis/build/icyphy/ptII/ptolemy/actor/lib/test/TestExceptionHandler.tcl
 The next command will produce a warning about training mode,
   which may be ignored.
2 ms. Memory: 291840K Free: 139776K (48%)
1 ms. Memory: 291840K Free: 139262K (48%)
1 ms. Memory: 291840K Free: 138752K (48%)
/home/travis/build/icyphy/ptII/ptolemy/actor/lib/test/UnionDisassembler.tcl
14 ms. Memory: 291840K Free: 131070K (45%)
/home/travis/build/icyphy/ptII/ptolemy/actor/lib/test/VariableClock.tcl
preinitializing
resolving types
initializing
executing number 1
wrapping up
idle
9 ms. Memory: 291840K Free: 129536K (44%)
Completed execution with 11 iterations
preinitializing
resolving types
55 ms. Memory: 291840K Free: 245846K (84%)
09/03/19 05:38:11
Failed: 1  Total Tests: 234  ((Passed: 233, Newly Passed: 0)  Known Failed: 0) /home/travis/build/icyphy/ptII/ptolemy/actor/lib/test
----------------- testing (KnownFailure) /home/travis/build/icyphy/ptII/ptolemy/actor/lib/test/auto/knownFailedTests/PublisherPortToplevelSubscriber.xml
0 ms. Memory: 291840K Free: 242284K (83%)
Known Failure: java.lang.reflect.InvocationTargetException
----------------- testing (KnownFailure) /home/travis/build/icyphy/ptII/ptolemy/actor/lib/test/auto/knownFailedTests/PublisherSubscriberPortToplevel.xml
0 ms. Memory: 291840K Free: 238698K (82%)
Known Failure: java.lang.reflect.InvocationTargetException
----------------- testing (KnownFailure) /home/travis/build/icyphy/ptII/ptolemy/actor/lib/test/auto/knownFailedTests/PublisherSubscriptionAggregatorPort.xml
0 ms. Memory: 291840K Free: 234602K (80%)
Known Failure: java.lang.reflect.InvocationTargetException
----------------- testing (KnownFailure) /home/travis/build/icyphy/ptII/ptolemy/actor/lib/test/auto/knownFailedTests/sizedarray3.xml
7 ms. Memory: 291840K Free: 230506K (79%)
Known Failure: java.lang.reflect.InvocationTargetException
No auto/linux-amd64/*.xml tests in /home/travis/build/icyphy/ptII/ptolemy/actor/lib/test
AutoTests.java: About to close Vertx.
AutoTests.java: Vertx closed.

===========================================================================================
----------------- testing Tue Sep 03 05:38:11 UTC 2019 /home/travis/build/icyphy/ptII/ptolemy/actor/lib/test/auto/AbsoluteValue.xml
----------------- Instantiating /home/travis/build/icyphy/ptII/ptolemy/actor/lib/test/auto/AbsoluteValue.xml
19 ms. Memory: 291840K Free: 207468K (71%)
----------------- Invoking toplevel() on ptolemy.moml.MoMLSimpleApplication@2fd04337
----------------- Done invoking toplevel() on ptolemy.moml.MoMLSimpleApplication@2fd04337
reloadAllAccessors: .AbsoluteValue

===========================================================================================
----------------- testing Tue Sep 03 05:38:12 UTC 2019 /home/travis/build/icyphy/ptII/ptolemy/actor/lib/test/auto/AbsoluteValue2.xml
----------------- Instantiating /home/travis/build/icyphy/ptII/ptolemy/actor/lib/test/auto/AbsoluteValue2.xml
5 ms. Memory: 291840K Free: 200300K (69%)
----------------- Invoking toplevel() on ptolemy.moml.MoMLSimpleApplication@1640285d
----------------- Done invoking toplevel() on ptolemy.moml.MoMLSimpleApplication@1640285d
reloadAllAccessors: .AbsoluteValue2

===========================================================================================
----------------- testing Tue Sep 03 05:38:12 UTC 2019 /home/travis/build/icyphy/ptII/ptolemy/actor/lib/test/auto/Accumulator.xml
----------------- Instantiating /home/travis/build/icyphy/ptII/ptolemy/actor/lib/test/auto/Accumulator.xml
8 ms. Memory: 291840K Free: 194156K (67%)
----------------- Invoking toplevel() on ptolemy.moml.MoMLSimpleApplication@32feb24e
----------------- Done invoking toplevel() on ptolemy.moml.MoMLSimpleApplication@32feb24e
reloadAllAccessors: .Accumulator

===========================================================================================
----------------- testing Tue Sep 03 05:38:12 UTC 2019 /home/travis/build/icyphy/ptII/ptolemy/actor/lib/test/auto/Accumulator2.xml
----------------- Instantiating /home/travis/build/icyphy/ptII/ptolemy/actor/lib/test/auto/Accumulator2.xml
3 ms. Memory: 291840K Free: 188522K (65%)
----------------- Invoking toplevel() on ptolemy.moml.MoMLSimpleApplication@63121ebc
----------------- Done invoking toplevel() on ptolemy.moml.MoMLSimpleApplication@63121ebc
reloadAllAccessors: .Accumulator2

===========================================================================================
----------------- testing Tue Sep 03 05:38:12 UTC 2019 /home/travis/build/icyphy/ptII/ptolemy/actor/lib/test/auto/Accumulator3.xml
----------------- Instantiating /home/travis/build/icyphy/ptII/ptolemy/actor/lib/test/auto/Accumulator3.xml
3 ms. Memory: 291840K Free: 184426K (63%)
----------------- Invoking toplevel() on ptolemy.moml.MoMLSimpleApplication@26094e93
----------------- Done invoking toplevel() on ptolemy.moml.MoMLSimpleApplication@26094e93
reloadAllAccessors: .Accumulator3

===========================================================================================
----------------- testing Tue Sep 03 05:38:12 UTC 2019 /home/travis/build/icyphy/ptII/ptolemy/actor/lib/test/auto/ArrayAppend.xml
----------------- Instantiating /home/travis/build/icyphy/ptII/ptolemy/actor/lib/test/auto/ArrayAppend.xml
5 ms. Memory: 291840K Free: 178796K (61%)
----------------- Invoking toplevel() on ptolemy.moml.MoMLSimpleApplication@667c8ab5
----------------- Done invoking toplevel() on ptolemy.moml.MoMLSimpleApplication@667c8ab5
reloadAllAccessors: .ArrayAppend

===========================================================================================
----------------- testing Tue Sep 03 05:38:12 UTC 2019 /home/travis/build/icyphy/ptII/ptolemy/actor/lib/test/auto/ArrayAppend2.xml
----------------- Instantiating /home/travis/build/icyphy/ptII/ptolemy/actor/lib/test/auto/ArrayAppend2.xml
424 ms. Memory: 291840K Free: 95852K (33%)
----------------- Invoking toplevel() on ptolemy.moml.MoMLSimpleApplication@ddd5d8a
----------------- Done invoking toplevel() on ptolemy.moml.MoMLSimpleApplication@ddd5d8a
reloadAllAccessors: .ArrayAppend2

===========================================================================================
----------------- testing Tue Sep 03 05:38:12 UTC 2019 /home/travis/build/icyphy/ptII/ptolemy/actor/lib/test/auto/ArrayAppend3.xml
----------------- Instantiating /home/travis/build/icyphy/ptII/ptolemy/actor/lib/test/auto/ArrayAppend3.xml
3 ms. Memory: 291840K Free: 90732K (31%)
----------------- Invoking toplevel() on ptolemy.moml.MoMLSimpleApplication@7410eafc
----------------- Done invoking toplevel() on ptolemy.moml.MoMLSimpleApplication@7410eafc
reloadAllAccessors: .ArrayAppend3

===========================================================================================
----------------- testing Tue Sep 03 05:38:12 UTC 2019 /home/travis/build/icyphy/ptII/ptolemy/actor/lib/test/auto/ArrayAppend4.xml
----------------- Instantiating /home/travis/build/icyphy/ptII/ptolemy/actor/lib/test/auto/ArrayAppend4.xml
5 ms. Memory: 291840K Free: 240282K (82%)
----------------- Invoking toplevel() on ptolemy.moml.MoMLSimpleApplication@4c4fb670
----------------- Done invoking toplevel() on ptolemy.moml.MoMLSimpleApplication@4c4fb670
reloadAllAccessors: .ArrayAppend4

===========================================================================================
----------------- testing Tue Sep 03 05:38:12 UTC 2019 /home/travis/build/icyphy/ptII/ptolemy/actor/lib/test/auto/ArrayAppend5.xml
----------------- Instantiating /home/travis/build/icyphy/ptII/ptolemy/actor/lib/test/auto/ArrayAppend5.xml
2 ms. Memory: 291840K Free: 234648K (80%)
----------------- Invoking toplevel() on ptolemy.moml.MoMLSimpleApplication@7bbe1491
----------------- Done invoking toplevel() on ptolemy.moml.MoMLSimpleApplication@7bbe1491
reloadAllAccessors: .ArrayAppend5

===========================================================================================
----------------- testing Tue Sep 03 05:38:12 UTC 2019 /home/travis/build/icyphy/ptII/ptolemy/actor/lib/test/auto/ArrayAppend6.xml
----------------- Instantiating /home/travis/build/icyphy/ptII/ptolemy/actor/lib/test/auto/ArrayAppend6.xml
2 ms. Memory: 291840K Free: 229528K (79%)
----------------- Invoking toplevel() on ptolemy.moml.MoMLSimpleApplication@5128d9a1
----------------- Done invoking toplevel() on ptolemy.moml.MoMLSimpleApplication@5128d9a1
reloadAllAccessors: .ArrayAppend6

===========================================================================================
----------------- testing Tue Sep 03 05:38:12 UTC 2019 /home/travis/build/icyphy/ptII/ptolemy/actor/lib/test/auto/ArrayAppendPerformanceTest.xml
----------------- Instantiating /home/travis/build/icyphy/ptII/ptolemy/actor/lib/test/auto/ArrayAppendPerformanceTest.xml
25 ms. Memory: 291840K Free: 218264K (75%)
----------------- Invoking toplevel() on ptolemy.moml.MoMLSimpleApplication@c20cef0
----------------- Done invoking toplevel() on ptolemy.moml.MoMLSimpleApplication@c20cef0
reloadAllAccessors: .ArrayAppendPerformanceTest

===========================================================================================
----------------- testing Tue Sep 03 05:38:12 UTC 2019 /home/travis/build/icyphy/ptII/ptolemy/actor/lib/test/auto/ArrayAppendWithEmptyInput.xml
----------------- Instantiating /home/travis/build/icyphy/ptII/ptolemy/actor/lib/test/auto/ArrayAppendWithEmptyInput.xml
8 ms. Memory: 291840K Free: 210586K (72%)
----------------- Invoking toplevel() on ptolemy.moml.MoMLSimpleApplication@6756f0b8
----------------- Done invoking toplevel() on ptolemy.moml.MoMLSimpleApplication@6756f0b8
reloadAllAccessors: .ArrayAppendWithEmptyInput

===========================================================================================
----------------- testing Tue Sep 03 05:38:12 UTC 2019 /home/travis/build/icyphy/ptII/ptolemy/actor/lib/test/auto/ArrayAverage.xml
----------------- Instantiating /home/travis/build/icyphy/ptII/ptolemy/actor/lib/test/auto/ArrayAverage.xml
23 ms. Memory: 291840K Free: 202394K (69%)
----------------- Invoking toplevel() on ptolemy.moml.MoMLSimpleApplication@49438bd1
----------------- Done invoking toplevel() on ptolemy.moml.MoMLSimpleApplication@49438bd1
reloadAllAccessors: .ArrayAverage

===========================================================================================
----------------- testing Tue Sep 03 05:38:13 UTC 2019 /home/travis/build/icyphy/ptII/ptolemy/actor/lib/test/auto/ArrayContains.xml
----------------- Instantiating /home/travis/build/icyphy/ptII/ptolemy/actor/lib/test/auto/ArrayContains.xml
3 ms. Memory: 291840K Free: 196760K (67%)
----------------- Invoking toplevel() on ptolemy.moml.MoMLSimpleApplication@4f64239d
----------------- Done invoking toplevel() on ptolemy.moml.MoMLSimpleApplication@4f64239d
reloadAllAccessors: .ArrayContains

===========================================================================================
----------------- testing Tue Sep 03 05:38:13 UTC 2019 /home/travis/build/icyphy/ptII/ptolemy/actor/lib/test/auto/ArrayElement.xml
----------------- Instantiating /home/travis/build/icyphy/ptII/ptolemy/actor/lib/test/auto/ArrayElement.xml
9 ms. Memory: 291840K Free: 190616K (65%)
----------------- Invoking toplevel() on ptolemy.moml.MoMLSimpleApplication@1f5d7a7f
----------------- Done invoking toplevel() on ptolemy.moml.MoMLSimpleApplication@1f5d7a7f
reloadAllAccessors: .ArrayElement

===========================================================================================
----------------- testing Tue Sep 03 05:38:13 UTC 2019 /home/travis/build/icyphy/ptII/ptolemy/actor/lib/test/auto/ArrayElementAsMatrix.xml
----------------- Instantiating /home/travis/build/icyphy/ptII/ptolemy/actor/lib/test/auto/ArrayElementAsMatrix.xml
15 ms. Memory: 291840K Free: 180890K (62%)
----------------- Invoking toplevel() on ptolemy.moml.MoMLSimpleApplication@5d1811b7
----------------- Done invoking toplevel() on ptolemy.moml.MoMLSimpleApplication@5d1811b7
reloadAllAccessors: .ArrayElementAsMatrix

===========================================================================================
----------------- testing Tue Sep 03 05:38:13 UTC 2019 /home/travis/build/icyphy/ptII/ptolemy/actor/lib/test/auto/ArrayElementI.xml
----------------- Instantiating /home/travis/build/icyphy/ptII/ptolemy/actor/lib/test/auto/ArrayElementI.xml
2 ms. Memory: 291840K Free: 176280K (60%)
----------------- Invoking toplevel() on ptolemy.moml.MoMLSimpleApplication@5a68dfec
----------------- Done invoking toplevel() on ptolemy.moml.MoMLSimpleApplication@5a68dfec
reloadAllAccessors: .ArrayElementI

===========================================================================================
----------------- testing Tue Sep 03 05:38:13 UTC 2019 /home/travis/build/icyphy/ptII/ptolemy/actor/lib/test/auto/ArrayExtract.xml
----------------- Instantiating /home/travis/build/icyphy/ptII/ptolemy/actor/lib/test/auto/ArrayExtract.xml
9 ms. Memory: 291840K Free: 167578K (57%)
----------------- Invoking toplevel() on ptolemy.moml.MoMLSimpleApplication@30aab857
----------------- Done invoking toplevel() on ptolemy.moml.MoMLSimpleApplication@30aab857
reloadAllAccessors: .ArrayExtract

===========================================================================================
----------------- testing Tue Sep 03 05:38:13 UTC 2019 /home/travis/build/icyphy/ptII/ptolemy/actor/lib/test/auto/ArrayExtract2.xml
----------------- Instantiating /home/travis/build/icyphy/ptII/ptolemy/actor/lib/test/auto/ArrayExtract2.xml
4 ms. Memory: 291840K Free: 162968K (56%)
----------------- Invoking toplevel() on ptolemy.moml.MoMLSimpleApplication@17137029
----------------- Done invoking toplevel() on ptolemy.moml.MoMLSimpleApplication@17137029
reloadAllAccessors: .ArrayExtract2

===========================================================================================
----------------- testing Tue Sep 03 05:38:13 UTC 2019 /home/travis/build/icyphy/ptII/ptolemy/actor/lib/test/auto/ArrayLength.xml
----------------- Instantiating /home/travis/build/icyphy/ptII/ptolemy/actor/lib/test/auto/ArrayLength.xml
3 ms. Memory: 291840K Free: 158872K (54%)
----------------- Invoking toplevel() on ptolemy.moml.MoMLSimpleApplication@7f2ef586
----------------- Done invoking toplevel() on ptolemy.moml.MoMLSimpleApplication@7f2ef586
reloadAllAccessors: .ArrayLength

===========================================================================================
----------------- testing Tue Sep 03 05:38:13 UTC 2019 /home/travis/build/icyphy/ptII/ptolemy/actor/lib/test/auto/ArrayLevelCrossing.xml
----------------- Instantiating /home/travis/build/icyphy/ptII/ptolemy/actor/lib/test/auto/ArrayLevelCrossing.xml
4 ms. Memory: 291840K Free: 151194K (52%)
----------------- Invoking toplevel() on ptolemy.moml.MoMLSimpleApplication@20b6c61f
----------------- Done invoking toplevel() on ptolemy.moml.MoMLSimpleApplication@20b6c61f
reloadAllAccessors: .ArrayLevelCrossing

===========================================================================================
----------------- testing Tue Sep 03 05:38:13 UTC 2019 /home/travis/build/icyphy/ptII/ptolemy/actor/lib/test/auto/ArrayLevelCrossing2.xml
----------------- Instantiating /home/travis/build/icyphy/ptII/ptolemy/actor/lib/test/auto/ArrayLevelCrossing2.xml
11 ms. Memory: 291840K Free: 143498K (49%)
----------------- Invoking toplevel() on ptolemy.moml.MoMLSimpleApplication@599640a4
----------------- Done invoking toplevel() on ptolemy.moml.MoMLSimpleApplication@599640a4
reloadAllAccessors: .ArrayLevelCrossing2

===========================================================================================
----------------- testing Tue Sep 03 05:38:13 UTC 2019 /home/travis/build/icyphy/ptII/ptolemy/actor/lib/test/auto/ArrayPeakSearch.xml
----------------- Instantiating /home/travis/build/icyphy/ptII/ptolemy/actor/lib/test/auto/ArrayPeakSearch.xml
4 ms. Memory: 291840K Free: 134810K (46%)
----------------- Invoking toplevel() on ptolemy.moml.MoMLSimpleApplication@18d6a192
----------------- Done invoking toplevel() on ptolemy.moml.MoMLSimpleApplication@18d6a192
reloadAllAccessors: .ArrayPeakSearch

===========================================================================================
----------------- testing Tue Sep 03 05:38:13 UTC 2019 /home/travis/build/icyphy/ptII/ptolemy/actor/lib/test/auto/ArrayPeakSearch2.xml
----------------- Instantiating /home/travis/build/icyphy/ptII/ptolemy/actor/lib/test/auto/ArrayPeakSearch2.xml
8 ms. Memory: 291840K Free: 124042K (43%)
----------------- Invoking toplevel() on ptolemy.moml.MoMLSimpleApplication@58c0c97c
----------------- Done invoking toplevel() on ptolemy.moml.MoMLSimpleApplication@58c0c97c
reloadAllAccessors: .ArrayPeakSearch2

===========================================================================================
----------------- testing Tue Sep 03 05:38:13 UTC 2019 /home/travis/build/icyphy/ptII/ptolemy/actor/lib/test/auto/ArrayPeakSearch3.xml
----------------- Instantiating /home/travis/build/icyphy/ptII/ptolemy/actor/lib/test/auto/ArrayPeakSearch3.xml
7 ms. Memory: 291840K Free: 115354K (40%)
----------------- Invoking toplevel() on ptolemy.moml.MoMLSimpleApplication@36576231
----------------- Done invoking toplevel() on ptolemy.moml.MoMLSimpleApplication@36576231
reloadAllAccessors: .ArrayPeakSearch3

===========================================================================================
----------------- testing Tue Sep 03 05:38:13 UTC 2019 /home/travis/build/icyphy/ptII/ptolemy/actor/lib/test/auto/ArrayRemoveElement.xml
----------------- Instantiating /home/travis/build/icyphy/ptII/ptolemy/actor/lib/test/auto/ArrayRemoveElement.xml
3 ms. Memory: 291840K Free: 107162K (37%)
----------------- Invoking toplevel() on ptolemy.moml.MoMLSimpleApplication@4d3db083
----------------- Done invoking toplevel() on ptolemy.moml.MoMLSimpleApplication@4d3db083
reloadAllAccessors: .ArrayRemoveElement

===========================================================================================
----------------- testing Tue Sep 03 05:38:13 UTC 2019 /home/travis/build/icyphy/ptII/ptolemy/actor/lib/test/auto/ArraySort.xml
----------------- Instantiating /home/travis/build/icyphy/ptII/ptolemy/actor/lib/test/auto/ArraySort.xml
15 ms. Memory: 291840K Free: 98456K (34%)
----------------- Invoking toplevel() on ptolemy.moml.MoMLSimpleApplication@22d7c3d4
----------------- Done invoking toplevel() on ptolemy.moml.MoMLSimpleApplication@22d7c3d4
reloadAllAccessors: .ArraySort

===========================================================================================
----------------- testing Tue Sep 03 05:38:13 UTC 2019 /home/travis/build/icyphy/ptII/ptolemy/actor/lib/test/auto/ArraySum.xml
----------------- Instantiating /home/travis/build/icyphy/ptII/ptolemy/actor/lib/test/auto/ArraySum.xml
2 ms. Memory: 291840K Free: 92826K (32%)
----------------- Invoking toplevel() on ptolemy.moml.MoMLSimpleApplication@68cbed62
----------------- Done invoking toplevel() on ptolemy.moml.MoMLSimpleApplication@68cbed62
reloadAllAccessors: .ArraySum

===========================================================================================
----------------- testing Tue Sep 03 05:38:13 UTC 2019 /home/travis/build/icyphy/ptII/ptolemy/actor/lib/test/auto/ArrayToElements.xml
----------------- Instantiating /home/travis/build/icyphy/ptII/ptolemy/actor/lib/test/auto/ArrayToElements.xml
9 ms. Memory: 291840K Free: 87706K (30%)
----------------- Invoking toplevel() on ptolemy.moml.MoMLSimpleApplication@57533c7
----------------- Done invoking toplevel() on ptolemy.moml.MoMLSimpleApplication@57533c7
reloadAllAccessors: .ArrayToElements

===========================================================================================
----------------- testing Tue Sep 03 05:38:13 UTC 2019 /home/travis/build/icyphy/ptII/ptolemy/actor/lib/test/auto/ArrayToMatrix.xml
----------------- Instantiating /home/travis/build/icyphy/ptII/ptolemy/actor/lib/test/auto/ArrayToMatrix.xml
21 ms. Memory: 291840K Free: 239367K (82%)
----------------- Invoking toplevel() on ptolemy.moml.MoMLSimpleApplication@34ee1077
----------------- Done invoking toplevel() on ptolemy.moml.MoMLSimpleApplication@34ee1077
reloadAllAccessors: .ArrayToMatrix

===========================================================================================
----------------- testing Tue Sep 03 05:38:13 UTC 2019 /home/travis/build/icyphy/ptII/ptolemy/actor/lib/test/auto/ArrayUpdate1.xml
----------------- Instantiating /home/travis/build/icyphy/ptII/ptolemy/actor/lib/test/auto/ArrayUpdate1.xml
2 ms. Memory: 291840K Free: 233733K (80%)
----------------- Invoking toplevel() on ptolemy.moml.MoMLSimpleApplication@ac81fdf
----------------- Done invoking toplevel() on ptolemy.moml.MoMLSimpleApplication@ac81fdf
reloadAllAccessors: .ArrayUpdate1

===========================================================================================
----------------- testing Tue Sep 03 05:38:13 UTC 2019 /home/travis/build/icyphy/ptII/ptolemy/actor/lib/test/auto/ArrayUpdate2.xml
----------------- Instantiating /home/travis/build/icyphy/ptII/ptolemy/actor/lib/test/auto/ArrayUpdate2.xml
4 ms. Memory: 291840K Free: 227589K (78%)
----------------- Invoking toplevel() on ptolemy.moml.MoMLSimpleApplication@70dfd131
----------------- Done invoking toplevel() on ptolemy.moml.MoMLSimpleApplication@70dfd131
reloadAllAccessors: .ArrayUpdate2

===========================================================================================
----------------- testing Tue Sep 03 05:38:13 UTC 2019 /home/travis/build/icyphy/ptII/ptolemy/actor/lib/test/auto/ArrayUpdate3.xml
----------------- Instantiating /home/travis/build/icyphy/ptII/ptolemy/actor/lib/test/auto/ArrayUpdate3.xml
2 ms. Memory: 291840K Free: 222469K (76%)
----------------- Invoking toplevel() on ptolemy.moml.MoMLSimpleApplication@61246a2a
----------------- Done invoking toplevel() on ptolemy.moml.MoMLSimpleApplication@61246a2a
reloadAllAccessors: .ArrayUpdate3

===========================================================================================
----------------- testing Tue Sep 03 05:38:13 UTC 2019 /home/travis/build/icyphy/ptII/ptolemy/actor/lib/test/auto/Assert1.xml
----------------- Instantiating /home/travis/build/icyphy/ptII/ptolemy/actor/lib/test/auto/Assert1.xml
5 ms. Memory: 291840K Free: 218373K (75%)
----------------- Invoking toplevel() on ptolemy.moml.MoMLSimpleApplication@34ac0c64
----------------- Done invoking toplevel() on ptolemy.moml.MoMLSimpleApplication@34ac0c64
reloadAllAccessors: .Assert1

===========================================================================================
----------------- testing Tue Sep 03 05:38:13 UTC 2019 /home/travis/build/icyphy/ptII/ptolemy/actor/lib/test/auto/Assert2.xml
----------------- Instantiating /home/travis/build/icyphy/ptII/ptolemy/actor/lib/test/auto/Assert2.xml
2 ms. Memory: 291840K Free: 213253K (73%)
----------------- Invoking toplevel() on ptolemy.moml.MoMLSimpleApplication@1e69c25f
----------------- Done invoking toplevel() on ptolemy.moml.MoMLSimpleApplication@1e69c25f
reloadAllAccessors: .Assert2

===========================================================================================
----------------- testing Tue Sep 03 05:38:13 UTC 2019 /home/travis/build/icyphy/ptII/ptolemy/actor/lib/test/auto/BooleanMultiplexor.xml
----------------- Instantiating /home/travis/build/icyphy/ptII/ptolemy/actor/lib/test/auto/BooleanMultiplexor.xml
2 ms. Memory: 291840K Free: 208119K (71%)
----------------- Invoking toplevel() on ptolemy.moml.MoMLSimpleApplication@1c5292d2
----------------- Done invoking toplevel() on ptolemy.moml.MoMLSimpleApplication@1c5292d2
reloadAllAccessors: .BooleanMultiplexor

===========================================================================================
----------------- testing Tue Sep 03 05:38:13 UTC 2019 /home/travis/build/icyphy/ptII/ptolemy/actor/lib/test/auto/BooleanMultiplexor2.xml
----------------- Instantiating /home/travis/build/icyphy/ptII/ptolemy/actor/lib/test/auto/BooleanMultiplexor2.xml
12 ms. Memory: 291840K Free: 201479K (69%)
----------------- Invoking toplevel() on ptolemy.moml.MoMLSimpleApplication@470844e3
----------------- Done invoking toplevel() on ptolemy.moml.MoMLSimpleApplication@470844e3
reloadAllAccessors: .BooleanMultiplexor2

===========================================================================================
----------------- testing Tue Sep 03 05:38:13 UTC 2019 /home/travis/build/icyphy/ptII/ptolemy/actor/lib/test/auto/BooleanMultiplexor3.xml
----------------- Instantiating /home/travis/build/icyphy/ptII/ptolemy/actor/lib/test/auto/BooleanMultiplexor3.xml
2 ms. Memory: 291840K Free: 197893K (68%)
----------------- Invoking toplevel() on ptolemy.moml.MoMLSimpleApplication@5b6370c5
----------------- Done invoking toplevel() on ptolemy.moml.MoMLSimpleApplication@5b6370c5
reloadAllAccessors: .BooleanMultiplexor3

===========================================================================================
----------------- testing Tue Sep 03 05:38:13 UTC 2019 /home/travis/build/icyphy/ptII/ptolemy/actor/lib/test/auto/BooleanSelect.xml
----------------- Instantiating /home/travis/build/icyphy/ptII/ptolemy/actor/lib/test/auto/BooleanSelect.xml
8 ms. Memory: 291840K Free: 191735K (66%)
----------------- Invoking toplevel() on ptolemy.moml.MoMLSimpleApplication@58ede9ea
----------------- Done invoking toplevel() on ptolemy.moml.MoMLSimpleApplication@58ede9ea
reloadAllAccessors: .BooleanSelect

===========================================================================================
----------------- testing Tue Sep 03 05:38:13 UTC 2019 /home/travis/build/icyphy/ptII/ptolemy/actor/lib/test/auto/BooleanSelect2.xml
----------------- Instantiating /home/travis/build/icyphy/ptII/ptolemy/actor/lib/test/auto/BooleanSelect2.xml
1 ms. Memory: 291840K Free: 187653K (64%)
----------------- Invoking toplevel() on ptolemy.moml.MoMLSimpleApplication@5b530207
----------------- Done invoking toplevel() on ptolemy.moml.MoMLSimpleApplication@5b530207
reloadAllAccessors: .BooleanSelect2

===========================================================================================
----------------- testing Tue Sep 03 05:38:14 UTC 2019 /home/travis/build/icyphy/ptII/ptolemy/actor/lib/test/auto/BooleanSwitch.xml
----------------- Instantiating /home/travis/build/icyphy/ptII/ptolemy/actor/lib/test/auto/BooleanSwitch.xml
12 ms. Memory: 291840K Free: 181509K (62%)
----------------- Invoking toplevel() on ptolemy.moml.MoMLSimpleApplication@74d81559
----------------- Done invoking toplevel() on ptolemy.moml.MoMLSimpleApplication@74d81559
reloadAllAccessors: .BooleanSwitch

===========================================================================================
----------------- testing Tue Sep 03 05:38:14 UTC 2019 /home/travis/build/icyphy/ptII/ptolemy/actor/lib/test/auto/BooleanSwitch2.xml
----------------- Instantiating /home/travis/build/icyphy/ptII/ptolemy/actor/lib/test/auto/BooleanSwitch2.xml
3 ms. Memory: 291840K Free: 176903K (61%)
----------------- Invoking toplevel() on ptolemy.moml.MoMLSimpleApplication@5cbc16f4
----------------- Done invoking toplevel() on ptolemy.moml.MoMLSimpleApplication@5cbc16f4
reloadAllAccessors: .BooleanSwitch2

===========================================================================================
----------------- testing Tue Sep 03 05:38:14 UTC 2019 /home/travis/build/icyphy/ptII/ptolemy/actor/lib/test/auto/BooleanSwitchCloningBugWithClassRelationGroup.xml
----------------- Instantiating /home/travis/build/icyphy/ptII/ptolemy/actor/lib/test/auto/BooleanSwitchCloningBugWithClassRelationGroup.xml
3 ms. Memory: 291840K Free: 170245K (58%)
----------------- Invoking toplevel() on ptolemy.moml.MoMLSimpleApplication@717cc2e9
----------------- Done invoking toplevel() on ptolemy.moml.MoMLSimpleApplication@717cc2e9
reloadAllAccessors: .BooleanSwitchCloningBugWithClassRelationGroup

===========================================================================================
----------------- testing Tue Sep 03 05:38:14 UTC 2019 /home/travis/build/icyphy/ptII/ptolemy/actor/lib/test/auto/BusActors.xml
----------------- Instantiating /home/travis/build/icyphy/ptII/ptolemy/actor/lib/test/auto/BusActors.xml
5 ms. Memory: 291840K Free: 163077K (56%)
----------------- Invoking toplevel() on ptolemy.moml.MoMLSimpleApplication@49e80dfb
----------------- Done invoking toplevel() on ptolemy.moml.MoMLSimpleApplication@49e80dfb
reloadAllAccessors: .BusActors

===========================================================================================
----------------- testing Tue Sep 03 05:38:14 UTC 2019 /home/travis/build/icyphy/ptII/ptolemy/actor/lib/test/auto/ClassWrapper.xml
----------------- Instantiating /home/travis/build/icyphy/ptII/ptolemy/actor/lib/test/auto/ClassWrapper.xml
3 ms. Memory: 291840K Free: 157957K (54%)
----------------- Invoking toplevel() on ptolemy.moml.MoMLSimpleApplication@4fc8f0df
----------------- Done invoking toplevel() on ptolemy.moml.MoMLSimpleApplication@4fc8f0df
reloadAllAccessors: .ClassWrapper

===========================================================================================
----------------- testing Tue Sep 03 05:38:14 UTC 2019 /home/travis/build/icyphy/ptII/ptolemy/actor/lib/test/auto/Clock.xml
----------------- Instantiating /home/travis/build/icyphy/ptII/ptolemy/actor/lib/test/auto/Clock.xml
1 ms. Memory: 291840K Free: 154375K (53%)
----------------- Invoking toplevel() on ptolemy.moml.MoMLSimpleApplication@2b772dd
----------------- Done invoking toplevel() on ptolemy.moml.MoMLSimpleApplication@2b772dd
reloadAllAccessors: .Clock

===========================================================================================
----------------- testing Tue Sep 03 05:38:14 UTC 2019 /home/travis/build/icyphy/ptII/ptolemy/actor/lib/test/auto/Clock10.xml
----------------- Instantiating /home/travis/build/icyphy/ptII/ptolemy/actor/lib/test/auto/Clock10.xml
2 ms. Memory: 291840K Free: 148231K (51%)
----------------- Invoking toplevel() on ptolemy.moml.MoMLSimpleApplication@2ccab326
----------------- Done invoking toplevel() on ptolemy.moml.MoMLSimpleApplication@2ccab326
reloadAllAccessors: .Clock10

===========================================================================================
----------------- testing Tue Sep 03 05:38:14 UTC 2019 /home/travis/build/icyphy/ptII/ptolemy/actor/lib/test/auto/Clock11.xml
----------------- Instantiating /home/travis/build/icyphy/ptII/ptolemy/actor/lib/test/auto/Clock11.xml
5 ms. Memory: 291840K Free: 142597K (49%)
----------------- Invoking toplevel() on ptolemy.moml.MoMLSimpleApplication@7d0b55d4
----------------- Done invoking toplevel() on ptolemy.moml.MoMLSimpleApplication@7d0b55d4
reloadAllAccessors: .Clock11

===========================================================================================
----------------- testing Tue Sep 03 05:38:14 UTC 2019 /home/travis/build/icyphy/ptII/ptolemy/actor/lib/test/auto/Clock12.xml
----------------- Instantiating /home/travis/build/icyphy/ptII/ptolemy/actor/lib/test/auto/Clock12.xml
4 ms. Memory: 291840K Free: 136453K (47%)
----------------- Invoking toplevel() on ptolemy.moml.MoMLSimpleApplication@33abb180
----------------- Done invoking toplevel() on ptolemy.moml.MoMLSimpleApplication@33abb180
reloadAllAccessors: .Clock12

===========================================================================================
----------------- testing Tue Sep 03 05:38:14 UTC 2019 /home/travis/build/icyphy/ptII/ptolemy/actor/lib/test/auto/Clock13.xml
----------------- Instantiating /home/travis/build/icyphy/ptII/ptolemy/actor/lib/test/auto/Clock13.xml
6 ms. Memory: 291840K Free: 130279K (45%)
----------------- Invoking toplevel() on ptolemy.moml.MoMLSimpleApplication@7b2e3850
----------------- Done invoking toplevel() on ptolemy.moml.MoMLSimpleApplication@7b2e3850
reloadAllAccessors: .Clock13

===========================================================================================
----------------- testing Tue Sep 03 05:38:14 UTC 2019 /home/travis/build/icyphy/ptII/ptolemy/actor/lib/test/auto/Clock14.xml
----------------- Instantiating /home/travis/build/icyphy/ptII/ptolemy/actor/lib/test/auto/Clock14.xml
3 ms. Memory: 291840K Free: 124679K (43%)
----------------- Invoking toplevel() on ptolemy.moml.MoMLSimpleApplication@6c2cd4cb
----------------- Done invoking toplevel() on ptolemy.moml.MoMLSimpleApplication@6c2cd4cb
reloadAllAccessors: .Clock14

===========================================================================================
----------------- testing Tue Sep 03 05:38:14 UTC 2019 /home/travis/build/icyphy/ptII/ptolemy/actor/lib/test/auto/Clock15.xml
----------------- Instantiating /home/travis/build/icyphy/ptII/ptolemy/actor/lib/test/auto/Clock15.xml
2 ms. Memory: 291840K Free: 118535K (41%)
----------------- Invoking toplevel() on ptolemy.moml.MoMLSimpleApplication@4bbdde01
----------------- Done invoking toplevel() on ptolemy.moml.MoMLSimpleApplication@4bbdde01
reloadAllAccessors: .Clock15

===========================================================================================
----------------- testing Tue Sep 03 05:38:14 UTC 2019 /home/travis/build/icyphy/ptII/ptolemy/actor/lib/test/auto/Clock16.xml
----------------- Instantiating /home/travis/build/icyphy/ptII/ptolemy/actor/lib/test/auto/Clock16.xml
35 ms. Memory: 291840K Free: 104183K (36%)
----------------- Invoking toplevel() on ptolemy.moml.MoMLSimpleApplication@589588cc
----------------- Done invoking toplevel() on ptolemy.moml.MoMLSimpleApplication@589588cc
reloadAllAccessors: .Clock16

===========================================================================================
----------------- testing Tue Sep 03 05:38:14 UTC 2019 /home/travis/build/icyphy/ptII/ptolemy/actor/lib/test/auto/Clock17.xml
----------------- Instantiating /home/travis/build/icyphy/ptII/ptolemy/actor/lib/test/auto/Clock17.xml
22 ms. Memory: 291840K Free: 89863K (31%)
----------------- Invoking toplevel() on ptolemy.moml.MoMLSimpleApplication@78504003
----------------- Done invoking toplevel() on ptolemy.moml.MoMLSimpleApplication@78504003
reloadAllAccessors: .Clock17

===========================================================================================
----------------- testing Tue Sep 03 05:38:14 UTC 2019 /home/travis/build/icyphy/ptII/ptolemy/actor/lib/test/auto/Clock18.xml
----------------- Instantiating /home/travis/build/icyphy/ptII/ptolemy/actor/lib/test/auto/Clock18.xml
13 ms. Memory: 291840K Free: 76551K (26%)
----------------- Invoking toplevel() on ptolemy.moml.MoMLSimpleApplication@40e3d8f2
----------------- Done invoking toplevel() on ptolemy.moml.MoMLSimpleApplication@40e3d8f2
reloadAllAccessors: .Clock18

===========================================================================================
----------------- testing Tue Sep 03 05:38:14 UTC 2019 /home/travis/build/icyphy/ptII/ptolemy/actor/lib/test/auto/Clock19.xml
----------------- Instantiating /home/travis/build/icyphy/ptII/ptolemy/actor/lib/test/auto/Clock19.xml
18 ms. Memory: 291840K Free: 235672K (81%)
----------------- Invoking toplevel() on ptolemy.moml.MoMLSimpleApplication@7c5ff58f
----------------- Done invoking toplevel() on ptolemy.moml.MoMLSimpleApplication@7c5ff58f
reloadAllAccessors: .Clock19

===========================================================================================
----------------- testing Tue Sep 03 05:38:14 UTC 2019 /home/travis/build/icyphy/ptII/ptolemy/actor/lib/test/auto/Clock2.xml
----------------- Instantiating /home/travis/build/icyphy/ptII/ptolemy/actor/lib/test/auto/Clock2.xml
6 ms. Memory: 291840K Free: 231066K (79%)
----------------- Invoking toplevel() on ptolemy.moml.MoMLSimpleApplication@5e1a829f
----------------- Done invoking toplevel() on ptolemy.moml.MoMLSimpleApplication@5e1a829f
reloadAllAccessors: .Clock2

===========================================================================================
----------------- testing Tue Sep 03 05:38:14 UTC 2019 /home/travis/build/icyphy/ptII/ptolemy/actor/lib/test/auto/Clock20.xml
----------------- Instantiating /home/travis/build/icyphy/ptII/ptolemy/actor/lib/test/auto/Clock20.xml
10 ms. Memory: 291840K Free: 225432K (77%)
----------------- Invoking toplevel() on ptolemy.moml.MoMLSimpleApplication@4f0dd691
----------------- Done invoking toplevel() on ptolemy.moml.MoMLSimpleApplication@4f0dd691
reloadAllAccessors: .Clock20

===========================================================================================
----------------- testing Tue Sep 03 05:38:14 UTC 2019 /home/travis/build/icyphy/ptII/ptolemy/actor/lib/test/auto/Clock21.xml
----------------- Instantiating /home/travis/build/icyphy/ptII/ptolemy/actor/lib/test/auto/Clock21.xml
7 ms. Memory: 291840K Free: 220312K (75%)
----------------- Invoking toplevel() on ptolemy.moml.MoMLSimpleApplication@6cc6fdf8
----------------- Done invoking toplevel() on ptolemy.moml.MoMLSimpleApplication@6cc6fdf8
reloadAllAccessors: .Clock21

===========================================================================================
----------------- testing Tue Sep 03 05:38:14 UTC 2019 /home/travis/build/icyphy/ptII/ptolemy/actor/lib/test/auto/Clock22.xml
----------------- Instantiating /home/travis/build/icyphy/ptII/ptolemy/actor/lib/test/auto/Clock22.xml
5 ms. Memory: 291840K Free: 214682K (74%)
----------------- Invoking toplevel() on ptolemy.moml.MoMLSimpleApplication@3b775372
----------------- Done invoking toplevel() on ptolemy.moml.MoMLSimpleApplication@3b775372
reloadAllAccessors: .Clock22

===========================================================================================
----------------- testing Tue Sep 03 05:38:14 UTC 2019 /home/travis/build/icyphy/ptII/ptolemy/actor/lib/test/auto/Clock23.xml
----------------- Instantiating /home/travis/build/icyphy/ptII/ptolemy/actor/lib/test/auto/Clock23.xml
6 ms. Memory: 291840K Free: 209562K (72%)
----------------- Invoking toplevel() on ptolemy.moml.MoMLSimpleApplication@37280999
----------------- Done invoking toplevel() on ptolemy.moml.MoMLSimpleApplication@37280999
reloadAllAccessors: .Clock23

===========================================================================================
----------------- testing Tue Sep 03 05:38:14 UTC 2019 /home/travis/build/icyphy/ptII/ptolemy/actor/lib/test/auto/Clock24.xml
----------------- Instantiating /home/travis/build/icyphy/ptII/ptolemy/actor/lib/test/auto/Clock24.xml
4 ms. Memory: 291840K Free: 203928K (70%)
----------------- Invoking toplevel() on ptolemy.moml.MoMLSimpleApplication@a97ff26
----------------- Done invoking toplevel() on ptolemy.moml.MoMLSimpleApplication@a97ff26
reloadAllAccessors: .Clock24

===========================================================================================
----------------- testing Tue Sep 03 05:38:14 UTC 2019 /home/travis/build/icyphy/ptII/ptolemy/actor/lib/test/auto/Clock4.xml
----------------- Instantiating /home/travis/build/icyphy/ptII/ptolemy/actor/lib/test/auto/Clock4.xml
1 ms. Memory: 291840K Free: 199322K (68%)
----------------- Invoking toplevel() on ptolemy.moml.MoMLSimpleApplication@234f6e7f
----------------- Done invoking toplevel() on ptolemy.moml.MoMLSimpleApplication@234f6e7f
reloadAllAccessors: .Clock4

===========================================================================================
----------------- testing Tue Sep 03 05:38:14 UTC 2019 /home/travis/build/icyphy/ptII/ptolemy/actor/lib/test/auto/Clock5.xml
----------------- Instantiating /home/travis/build/icyphy/ptII/ptolemy/actor/lib/test/auto/Clock5.xml
2 ms. Memory: 291840K Free: 193682K (66%)
----------------- Invoking toplevel() on ptolemy.moml.MoMLSimpleApplication@60e578d9
----------------- Done invoking toplevel() on ptolemy.moml.MoMLSimpleApplication@60e578d9
reloadAllAccessors: .Clock5

===========================================================================================
----------------- testing Tue Sep 03 05:38:14 UTC 2019 /home/travis/build/icyphy/ptII/ptolemy/actor/lib/test/auto/Clock6.xml
----------------- Instantiating /home/travis/build/icyphy/ptII/ptolemy/actor/lib/test/auto/Clock6.xml
1 ms. Memory: 291840K Free: 189578K (65%)
----------------- Invoking toplevel() on ptolemy.moml.MoMLSimpleApplication@22add64e
----------------- Done invoking toplevel() on ptolemy.moml.MoMLSimpleApplication@22add64e
reloadAllAccessors: .Clock6

===========================================================================================
----------------- testing Tue Sep 03 05:38:14 UTC 2019 /home/travis/build/icyphy/ptII/ptolemy/actor/lib/test/auto/Clock7.xml
----------------- Instantiating /home/travis/build/icyphy/ptII/ptolemy/actor/lib/test/auto/Clock7.xml
3 ms. Memory: 291840K Free: 185496K (64%)
----------------- Invoking toplevel() on ptolemy.moml.MoMLSimpleApplication@51c1a0ef
----------------- Done invoking toplevel() on ptolemy.moml.MoMLSimpleApplication@51c1a0ef
reloadAllAccessors: .Clock7

===========================================================================================
----------------- testing Tue Sep 03 05:38:14 UTC 2019 /home/travis/build/icyphy/ptII/ptolemy/actor/lib/test/auto/Clock8.xml
----------------- Instantiating /home/travis/build/icyphy/ptII/ptolemy/actor/lib/test/auto/Clock8.xml
6 ms. Memory: 291840K Free: 179866K (62%)
----------------- Invoking toplevel() on ptolemy.moml.MoMLSimpleApplication@384dede8
----------------- Done invoking toplevel() on ptolemy.moml.MoMLSimpleApplication@384dede8
reloadAllAccessors: .Clock8

===========================================================================================
----------------- testing Tue Sep 03 05:38:14 UTC 2019 /home/travis/build/icyphy/ptII/ptolemy/actor/lib/test/auto/Clock9.xml
----------------- Instantiating /home/travis/build/icyphy/ptII/ptolemy/actor/lib/test/auto/Clock9.xml
5 ms. Memory: 291840K Free: 174746K (60%)
----------------- Invoking toplevel() on ptolemy.moml.MoMLSimpleApplication@7d46ce82
----------------- Done invoking toplevel() on ptolemy.moml.MoMLSimpleApplication@7d46ce82
reloadAllAccessors: .Clock9

===========================================================================================
----------------- testing Tue Sep 03 05:38:14 UTC 2019 /home/travis/build/icyphy/ptII/ptolemy/actor/lib/test/auto/CommDistDiscard.xml
----------------- Instantiating /home/travis/build/icyphy/ptII/ptolemy/actor/lib/test/auto/CommDistDiscard.xml
4 ms. Memory: 291840K Free: 169112K (58%)
----------------- Invoking toplevel() on ptolemy.moml.MoMLSimpleApplication@296c1c5e
----------------- Done invoking toplevel() on ptolemy.moml.MoMLSimpleApplication@296c1c5e
reloadAllAccessors: .CommDistDiscard

===========================================================================================
----------------- testing Tue Sep 03 05:38:14 UTC 2019 /home/travis/build/icyphy/ptII/ptolemy/actor/lib/test/auto/Commutator.xml
----------------- Instantiating /home/travis/build/icyphy/ptII/ptolemy/actor/lib/test/auto/Commutator.xml
1 ms. Memory: 291840K Free: 164506K (56%)
----------------- Invoking toplevel() on ptolemy.moml.MoMLSimpleApplication@5e55f0a2
----------------- Done invoking toplevel() on ptolemy.moml.MoMLSimpleApplication@5e55f0a2
reloadAllAccessors: .Commutator

===========================================================================================
----------------- testing Tue Sep 03 05:38:14 UTC 2019 /home/travis/build/icyphy/ptII/ptolemy/actor/lib/test/auto/Commutator2.xml
----------------- Instantiating /home/travis/build/icyphy/ptII/ptolemy/actor/lib/test/auto/Commutator2.xml
2 ms. Memory: 291840K Free: 160410K (55%)
----------------- Invoking toplevel() on ptolemy.moml.MoMLSimpleApplication@5a47a61e
----------------- Done invoking toplevel() on ptolemy.moml.MoMLSimpleApplication@5a47a61e
reloadAllAccessors: .Commutator2

===========================================================================================
----------------- testing Tue Sep 03 05:38:14 UTC 2019 /home/travis/build/icyphy/ptII/ptolemy/actor/lib/test/auto/Commutator3.xml
----------------- Instantiating /home/travis/build/icyphy/ptII/ptolemy/actor/lib/test/auto/Commutator3.xml
2 ms. Memory: 291840K Free: 155800K (53%)
----------------- Invoking toplevel() on ptolemy.moml.MoMLSimpleApplication@34a69eef
----------------- Done invoking toplevel() on ptolemy.moml.MoMLSimpleApplication@34a69eef
reloadAllAccessors: .Commutator3

===========================================================================================
----------------- testing Tue Sep 03 05:38:14 UTC 2019 /home/travis/build/icyphy/ptII/ptolemy/actor/lib/test/auto/Compare.xml
----------------- Instantiating /home/travis/build/icyphy/ptII/ptolemy/actor/lib/test/auto/Compare.xml
2 ms. Memory: 291840K Free: 149656K (51%)
----------------- Invoking toplevel() on ptolemy.moml.MoMLSimpleApplication@6e0acedd
----------------- Done invoking toplevel() on ptolemy.moml.MoMLSimpleApplication@6e0acedd
reloadAllAccessors: .Compare

===========================================================================================
----------------- testing Tue Sep 03 05:38:14 UTC 2019 /home/travis/build/icyphy/ptII/ptolemy/actor/lib/test/auto/CompareDE.xml
----------------- Instantiating /home/travis/build/icyphy/ptII/ptolemy/actor/lib/test/auto/CompareDE.xml
3 ms. Memory: 291840K Free: 142474K (49%)
----------------- Invoking toplevel() on ptolemy.moml.MoMLSimpleApplication@5fca4119
----------------- Done invoking toplevel() on ptolemy.moml.MoMLSimpleApplication@5fca4119
reloadAllAccessors: .CompareDE

===========================================================================================
----------------- testing Tue Sep 03 05:38:15 UTC 2019 /home/travis/build/icyphy/ptII/ptolemy/actor/lib/test/auto/ComplexDivide.xml
----------------- Instantiating /home/travis/build/icyphy/ptII/ptolemy/actor/lib/test/auto/ComplexDivide.xml
1 ms. Memory: 291840K Free: 138392K (47%)
----------------- Invoking toplevel() on ptolemy.moml.MoMLSimpleApplication@a4eaa1c
----------------- Done invoking toplevel() on ptolemy.moml.MoMLSimpleApplication@a4eaa1c
reloadAllAccessors: .ComplexDivide

===========================================================================================
----------------- testing Tue Sep 03 05:38:15 UTC 2019 /home/travis/build/icyphy/ptII/ptolemy/actor/lib/test/auto/ComputeHistogram.xml
----------------- Instantiating /home/travis/build/icyphy/ptII/ptolemy/actor/lib/test/auto/ComputeHistogram.xml
38 ms. Memory: 291840K Free: 126104K (43%)
----------------- Invoking toplevel() on ptolemy.moml.MoMLSimpleApplication@51c05a29
----------------- Done invoking toplevel() on ptolemy.moml.MoMLSimpleApplication@51c05a29
reloadAllAccessors: .ComputeHistogram

===========================================================================================
----------------- testing Tue Sep 03 05:38:15 UTC 2019 /home/travis/build/icyphy/ptII/ptolemy/actor/lib/test/auto/ConfigurationSelect.xml
----------------- Instantiating /home/travis/build/icyphy/ptII/ptolemy/actor/lib/test/auto/ConfigurationSelect.xml
9 ms. Memory: 291840K Free: 120474K (41%)
----------------- Invoking toplevel() on ptolemy.moml.MoMLSimpleApplication@37620e03
----------------- Done invoking toplevel() on ptolemy.moml.MoMLSimpleApplication@37620e03
reloadAllAccessors: .ConfigurationSelect

===========================================================================================
----------------- testing Tue Sep 03 05:38:15 UTC 2019 /home/travis/build/icyphy/ptII/ptolemy/actor/lib/test/auto/ConfigurationSelect2.xml
----------------- Instantiating /home/travis/build/icyphy/ptII/ptolemy/actor/lib/test/auto/ConfigurationSelect2.xml
1 ms. Memory: 291840K Free: 115864K (40%)
----------------- Invoking toplevel() on ptolemy.moml.MoMLSimpleApplication@276a1dcc
----------------- Done invoking toplevel() on ptolemy.moml.MoMLSimpleApplication@276a1dcc
reloadAllAccessors: .ConfigurationSelect2

===========================================================================================
----------------- testing Tue Sep 03 05:38:15 UTC 2019 /home/travis/build/icyphy/ptII/ptolemy/actor/lib/test/auto/ConfigurationSwitch.xml
----------------- Instantiating /home/travis/build/icyphy/ptII/ptolemy/actor/lib/test/auto/ConfigurationSwitch.xml
6 ms. Memory: 291840K Free: 110744K (38%)
----------------- Invoking toplevel() on ptolemy.moml.MoMLSimpleApplication@414b3485
----------------- Done invoking toplevel() on ptolemy.moml.MoMLSimpleApplication@414b3485
reloadAllAccessors: .ConfigurationSwitch

===========================================================================================
----------------- testing Tue Sep 03 05:38:15 UTC 2019 /home/travis/build/icyphy/ptII/ptolemy/actor/lib/test/auto/ConfigurationSwitch2.xml
----------------- Instantiating /home/travis/build/icyphy/ptII/ptolemy/actor/lib/test/auto/ConfigurationSwitch2.xml
2 ms. Memory: 291840K Free: 105114K (36%)
----------------- Invoking toplevel() on ptolemy.moml.MoMLSimpleApplication@4d3c5084
----------------- Done invoking toplevel() on ptolemy.moml.MoMLSimpleApplication@4d3c5084
reloadAllAccessors: .ConfigurationSwitch2

===========================================================================================
----------------- testing Tue Sep 03 05:38:15 UTC 2019 /home/travis/build/icyphy/ptII/ptolemy/actor/lib/test/auto/ConfigurationSwitchCloningBugWithClassRelationGroup.xml
----------------- Instantiating /home/travis/build/icyphy/ptII/ptolemy/actor/lib/test/auto/ConfigurationSwitchCloningBugWithClassRelationGroup.xml
1 ms. Memory: 291840K Free: 98456K (34%)
----------------- Invoking toplevel() on ptolemy.moml.MoMLSimpleApplication@2b4d9c8b
----------------- Done invoking toplevel() on ptolemy.moml.MoMLSimpleApplication@2b4d9c8b
reloadAllAccessors: .ConfigurationSwitchCloningBugWithClassRelationGroup

===========================================================================================
----------------- testing Tue Sep 03 05:38:15 UTC 2019 /home/travis/build/icyphy/ptII/ptolemy/actor/lib/test/auto/ConfigurationSwitchSelectSDF.xml
----------------- Instantiating /home/travis/build/icyphy/ptII/ptolemy/actor/lib/test/auto/ConfigurationSwitchSelectSDF.xml
2 ms. Memory: 291840K Free: 92826K (32%)
----------------- Invoking toplevel() on ptolemy.moml.MoMLSimpleApplication@88b50fd
----------------- Done invoking toplevel() on ptolemy.moml.MoMLSimpleApplication@88b50fd
reloadAllAccessors: .ConfigurationSwitchSelectSDF

===========================================================================================
----------------- testing Tue Sep 03 05:38:15 UTC 2019 /home/travis/build/icyphy/ptII/ptolemy/actor/lib/test/auto/ConfigurationSwitchSelectSDF2.xml
----------------- Instantiating /home/travis/build/icyphy/ptII/ptolemy/actor/lib/test/auto/ConfigurationSwitchSelectSDF2.xml
3 ms. Memory: 291840K Free: 86682K (30%)
----------------- Invoking toplevel() on ptolemy.moml.MoMLSimpleApplication@1c1f2207
----------------- Done invoking toplevel() on ptolemy.moml.MoMLSimpleApplication@1c1f2207
reloadAllAccessors: .ConfigurationSwitchSelectSDF2

===========================================================================================
----------------- testing Tue Sep 03 05:38:15 UTC 2019 /home/travis/build/icyphy/ptII/ptolemy/actor/lib/test/auto/Const.xml
----------------- Instantiating /home/travis/build/icyphy/ptII/ptolemy/actor/lib/test/auto/Const.xml
1 ms. Memory: 291840K Free: 83610K (29%)
----------------- Invoking toplevel() on ptolemy.moml.MoMLSimpleApplication@3cc6bf83
----------------- Done invoking toplevel() on ptolemy.moml.MoMLSimpleApplication@3cc6bf83
reloadAllAccessors: .Const

===========================================================================================
----------------- testing Tue Sep 03 05:38:15 UTC 2019 /home/travis/build/icyphy/ptII/ptolemy/actor/lib/test/auto/Const2.xml
----------------- Instantiating /home/travis/build/icyphy/ptII/ptolemy/actor/lib/test/auto/Const2.xml
2 ms. Memory: 291840K Free: 79514K (27%)
----------------- Invoking toplevel() on ptolemy.moml.MoMLSimpleApplication@b7be533
----------------- Done invoking toplevel() on ptolemy.moml.MoMLSimpleApplication@b7be533
reloadAllAccessors: .Const2

===========================================================================================
----------------- testing Tue Sep 03 05:38:15 UTC 2019 /home/travis/build/icyphy/ptII/ptolemy/actor/lib/test/auto/Const3.xml
----------------- Instantiating /home/travis/build/icyphy/ptII/ptolemy/actor/lib/test/auto/Const3.xml
1 ms. Memory: 291840K Free: 76442K (26%)
----------------- Invoking toplevel() on ptolemy.moml.MoMLSimpleApplication@6370670f
----------------- Done invoking toplevel() on ptolemy.moml.MoMLSimpleApplication@6370670f
reloadAllAccessors: .Const3

===========================================================================================
----------------- testing Tue Sep 03 05:38:15 UTC 2019 /home/travis/build/icyphy/ptII/ptolemy/actor/lib/test/auto/ConstantPublisherPort1.xml
----------------- Instantiating /home/travis/build/icyphy/ptII/ptolemy/actor/lib/test/auto/ConstantPublisherPort1.xml
5 ms. Memory: 291840K Free: 241306K (83%)
----------------- Invoking toplevel() on ptolemy.moml.MoMLSimpleApplication@3ca87f12
----------------- Done invoking toplevel() on ptolemy.moml.MoMLSimpleApplication@3ca87f12
reloadAllAccessors: .ConstantPublisherPort1

===========================================================================================
----------------- testing Tue Sep 03 05:38:15 UTC 2019 /home/travis/build/icyphy/ptII/ptolemy/actor/lib/test/auto/ConstantPublisherPort2.xml
----------------- Instantiating /home/travis/build/icyphy/ptII/ptolemy/actor/lib/test/auto/ConstantPublisherPort2.xml
3 ms. Memory: 291840K Free: 233624K (80%)
----------------- Invoking toplevel() on ptolemy.moml.MoMLSimpleApplication@6d814ddb
----------------- Done invoking toplevel() on ptolemy.moml.MoMLSimpleApplication@6d814ddb
reloadAllAccessors: .ConstantPublisherPort2

===========================================================================================
----------------- testing Tue Sep 03 05:38:15 UTC 2019 /home/travis/build/icyphy/ptII/ptolemy/actor/lib/test/auto/ConstantPublisherPort3.xml
----------------- Instantiating /home/travis/build/icyphy/ptII/ptolemy/actor/lib/test/auto/ConstantPublisherPort3.xml
4 ms. Memory: 291840K Free: 225946K (77%)
----------------- Invoking toplevel() on ptolemy.moml.MoMLSimpleApplication@11e3f987
----------------- Done invoking toplevel() on ptolemy.moml.MoMLSimpleApplication@11e3f987
reloadAllAccessors: .ConstantPublisherPort3

===========================================================================================
----------------- testing Tue Sep 03 05:38:15 UTC 2019 /home/travis/build/icyphy/ptII/ptolemy/actor/lib/test/auto/ConstantPublisherPort4.xml
----------------- Instantiating /home/travis/build/icyphy/ptII/ptolemy/actor/lib/test/auto/ConstantPublisherPort4.xml
2 ms. Memory: 291840K Free: 219288K (75%)
----------------- Invoking toplevel() on ptolemy.moml.MoMLSimpleApplication@2379c39b
----------------- Done invoking toplevel() on ptolemy.moml.MoMLSimpleApplication@2379c39b
reloadAllAccessors: .ConstantPublisherPort4

===========================================================================================
----------------- testing Tue Sep 03 05:38:15 UTC 2019 /home/travis/build/icyphy/ptII/ptolemy/actor/lib/test/auto/ConstantPublisherPort5.xml
----------------- Instantiating /home/travis/build/icyphy/ptII/ptolemy/actor/lib/test/auto/ConstantPublisherPort5.xml
33 ms. Memory: 291840K Free: 209562K (72%)
----------------- Invoking toplevel() on ptolemy.moml.MoMLSimpleApplication@1153900d
----------------- Done invoking toplevel() on ptolemy.moml.MoMLSimpleApplication@1153900d
reloadAllAccessors: .ConstantPublisherPort5

===========================================================================================
----------------- testing Tue Sep 03 05:38:15 UTC 2019 /home/travis/build/icyphy/ptII/ptolemy/actor/lib/test/auto/ConstantPublisherPort6.xml
----------------- Instantiating /home/travis/build/icyphy/ptII/ptolemy/actor/lib/test/auto/ConstantPublisherPort6.xml
12 ms. Memory: 291840K Free: 200346K (69%)
----------------- Invoking toplevel() on ptolemy.moml.MoMLSimpleApplication@418dbfa7
----------------- Done invoking toplevel() on ptolemy.moml.MoMLSimpleApplication@418dbfa7
reloadAllAccessors: .ConstantPublisherPort6

===========================================================================================
----------------- testing Tue Sep 03 05:38:15 UTC 2019 /home/travis/build/icyphy/ptII/ptolemy/actor/lib/test/auto/ConstantPublisherPort7.xml
----------------- Instantiating /home/travis/build/icyphy/ptII/ptolemy/actor/lib/test/auto/ConstantPublisherPort7.xml
13 ms. Memory: 291840K Free: 191640K (66%)
----------------- Invoking toplevel() on ptolemy.moml.MoMLSimpleApplication@347d586f
----------------- Done invoking toplevel() on ptolemy.moml.MoMLSimpleApplication@347d586f
reloadAllAccessors: .ConstantPublisherPort7

===========================================================================================
----------------- testing Tue Sep 03 05:38:15 UTC 2019 /home/travis/build/icyphy/ptII/ptolemy/actor/lib/test/auto/ConstraintMonitor1.xml
----------------- Instantiating /home/travis/build/icyphy/ptII/ptolemy/actor/lib/test/auto/ConstraintMonitor1.xml
5 ms. Memory: 291840K Free: 186010K (64%)
----------------- Invoking toplevel() on ptolemy.moml.MoMLSimpleApplication@702fdb8a
----------------- Done invoking toplevel() on ptolemy.moml.MoMLSimpleApplication@702fdb8a
reloadAllAccessors: .ConstraintMonitor1

===========================================================================================
----------------- testing Tue Sep 03 05:38:15 UTC 2019 /home/travis/build/icyphy/ptII/ptolemy/actor/lib/test/auto/ConstraintMonitor2.xml
----------------- Instantiating /home/travis/build/icyphy/ptII/ptolemy/actor/lib/test/auto/ConstraintMonitor2.xml
8 ms. Memory: 291840K Free: 181400K (62%)
----------------- Invoking toplevel() on ptolemy.moml.MoMLSimpleApplication@33e2dd3e
----------------- Done invoking toplevel() on ptolemy.moml.MoMLSimpleApplication@33e2dd3e
reloadAllAccessors: .ConstraintMonitor2

===========================================================================================
----------------- testing Tue Sep 03 05:38:15 UTC 2019 /home/travis/build/icyphy/ptII/ptolemy/actor/lib/test/auto/ConstraintMonitor3.xml
----------------- Instantiating /home/travis/build/icyphy/ptII/ptolemy/actor/lib/test/auto/ConstraintMonitor3.xml
5 ms. Memory: 291840K Free: 177304K (61%)
----------------- Invoking toplevel() on ptolemy.moml.MoMLSimpleApplication@439ce63d
----------------- Done invoking toplevel() on ptolemy.moml.MoMLSimpleApplication@439ce63d
reloadAllAccessors: .ConstraintMonitor3

===========================================================================================
----------------- testing Tue Sep 03 05:38:15 UTC 2019 /home/travis/build/icyphy/ptII/ptolemy/actor/lib/test/auto/ConstraintMonitor4.xml
----------------- Instantiating /home/travis/build/icyphy/ptII/ptolemy/actor/lib/test/auto/ConstraintMonitor4.xml
1 ms. Memory: 291840K Free: 172184K (59%)
----------------- Invoking toplevel() on ptolemy.moml.MoMLSimpleApplication@7ebcb2b1
----------------- Done invoking toplevel() on ptolemy.moml.MoMLSimpleApplication@7ebcb2b1
reloadAllAccessors: .ConstraintMonitor4

===========================================================================================
----------------- testing Tue Sep 03 05:38:15 UTC 2019 /home/travis/build/icyphy/ptII/ptolemy/actor/lib/test/auto/ConstraintMonitor5.xml
----------------- Instantiating /home/travis/build/icyphy/ptII/ptolemy/actor/lib/test/auto/ConstraintMonitor5.xml
2 ms. Memory: 291840K Free: 167064K (57%)
----------------- Invoking toplevel() on ptolemy.moml.MoMLSimpleApplication@3fedfbf2
----------------- Done invoking toplevel() on ptolemy.moml.MoMLSimpleApplication@3fedfbf2
reloadAllAccessors: .ConstraintMonitor5

===========================================================================================
----------------- testing Tue Sep 03 05:38:15 UTC 2019 /home/travis/build/icyphy/ptII/ptolemy/actor/lib/test/auto/ConstraintMonitor6.xml
----------------- Instantiating /home/travis/build/icyphy/ptII/ptolemy/actor/lib/test/auto/ConstraintMonitor6.xml
5 ms. Memory: 291840K Free: 161434K (55%)
----------------- Invoking toplevel() on ptolemy.moml.MoMLSimpleApplication@235f8263
----------------- Done invoking toplevel() on ptolemy.moml.MoMLSimpleApplication@235f8263
reloadAllAccessors: .ConstraintMonitor6

===========================================================================================
----------------- testing Tue Sep 03 05:38:15 UTC 2019 /home/travis/build/icyphy/ptII/ptolemy/actor/lib/test/auto/ConstraintMonitor7.xml
----------------- Instantiating /home/travis/build/icyphy/ptII/ptolemy/actor/lib/test/auto/ConstraintMonitor7.xml
3 ms. Memory: 291840K Free: 155290K (53%)
----------------- Invoking toplevel() on ptolemy.moml.MoMLSimpleApplication@7e22729d
----------------- Done invoking toplevel() on ptolemy.moml.MoMLSimpleApplication@7e22729d
reloadAllAccessors: .ConstraintMonitor7

===========================================================================================
----------------- testing Tue Sep 03 05:38:15 UTC 2019 /home/travis/build/icyphy/ptII/ptolemy/actor/lib/test/auto/ConstraintMonitor8.xml
----------------- Instantiating /home/travis/build/icyphy/ptII/ptolemy/actor/lib/test/auto/ConstraintMonitor8.xml
6 ms. Memory: 291840K Free: 147608K (51%)
----------------- Invoking toplevel() on ptolemy.moml.MoMLSimpleApplication@283ae3a8
----------------- Done invoking toplevel() on ptolemy.moml.MoMLSimpleApplication@283ae3a8
reloadAllAccessors: .ConstraintMonitor8

===========================================================================================
----------------- testing Tue Sep 03 05:38:15 UTC 2019 /home/travis/build/icyphy/ptII/ptolemy/actor/lib/test/auto/Counter.xml
----------------- Instantiating /home/travis/build/icyphy/ptII/ptolemy/actor/lib/test/auto/Counter.xml
3 ms. Memory: 291840K Free: 142488K (49%)
----------------- Invoking toplevel() on ptolemy.moml.MoMLSimpleApplication@74f75c5f
----------------- Done invoking toplevel() on ptolemy.moml.MoMLSimpleApplication@74f75c5f
reloadAllAccessors: .Counter

===========================================================================================
----------------- testing Tue Sep 03 05:38:15 UTC 2019 /home/travis/build/icyphy/ptII/ptolemy/actor/lib/test/auto/CurrentTimeSDF.xml
----------------- Instantiating /home/travis/build/icyphy/ptII/ptolemy/actor/lib/test/auto/CurrentTimeSDF.xml
1 ms. Memory: 291840K Free: 138906K (48%)
----------------- Invoking toplevel() on ptolemy.moml.MoMLSimpleApplication@3097e990
----------------- Done invoking toplevel() on ptolemy.moml.MoMLSimpleApplication@3097e990
reloadAllAccessors: .CurrentTimeSDF

===========================================================================================
----------------- testing Tue Sep 03 05:38:15 UTC 2019 /home/travis/build/icyphy/ptII/ptolemy/actor/lib/test/auto/DB.xml
----------------- Instantiating /home/travis/build/icyphy/ptII/ptolemy/actor/lib/test/auto/DB.xml
2 ms. Memory: 291840K Free: 133786K (46%)
----------------- Invoking toplevel() on ptolemy.moml.MoMLSimpleApplication@4aab270a
----------------- Done invoking toplevel() on ptolemy.moml.MoMLSimpleApplication@4aab270a
reloadAllAccessors: .DB

===========================================================================================
----------------- testing Tue Sep 03 05:38:15 UTC 2019 /home/travis/build/icyphy/ptII/ptolemy/actor/lib/test/auto/DBDE.xml
----------------- Instantiating /home/travis/build/icyphy/ptII/ptolemy/actor/lib/test/auto/DBDE.xml
2 ms. Memory: 291840K Free: 127642K (44%)
----------------- Invoking toplevel() on ptolemy.moml.MoMLSimpleApplication@275495f4
----------------- Done invoking toplevel() on ptolemy.moml.MoMLSimpleApplication@275495f4
reloadAllAccessors: .DBDE

===========================================================================================
----------------- testing Tue Sep 03 05:38:15 UTC 2019 /home/travis/build/icyphy/ptII/ptolemy/actor/lib/test/auto/DateConstructor.xml
----------------- Instantiating /home/travis/build/icyphy/ptII/ptolemy/actor/lib/test/auto/DateConstructor.xml
28 ms. Memory: 291840K Free: 110744K (38%)
----------------- Invoking toplevel() on ptolemy.moml.MoMLSimpleApplication@6bca88f8
----------------- Done invoking toplevel() on ptolemy.moml.MoMLSimpleApplication@6bca88f8
reloadAllAccessors: .DateConstructor

===========================================================================================
----------------- testing Tue Sep 03 05:38:15 UTC 2019 /home/travis/build/icyphy/ptII/ptolemy/actor/lib/test/auto/DelayTime.xml
----------------- Instantiating /home/travis/build/icyphy/ptII/ptolemy/actor/lib/test/auto/DelayTime.xml
6 ms. Memory: 291840K Free: 105624K (36%)
----------------- Invoking toplevel() on ptolemy.moml.MoMLSimpleApplication@77df4a57
----------------- Done invoking toplevel() on ptolemy.moml.MoMLSimpleApplication@77df4a57
reloadAllAccessors: .DelayTime

===========================================================================================
----------------- testing Tue Sep 03 05:38:15 UTC 2019 /home/travis/build/icyphy/ptII/ptolemy/actor/lib/test/auto/Dictionary1.xml
----------------- Instantiating /home/travis/build/icyphy/ptII/ptolemy/actor/lib/test/auto/Dictionary1.xml
2 ms. Memory: 291840K Free: 99994K (34%)
----------------- Invoking toplevel() on ptolemy.moml.MoMLSimpleApplication@c1c1a23
----------------- Done invoking toplevel() on ptolemy.moml.MoMLSimpleApplication@c1c1a23
reloadAllAccessors: .Dictionary1

===========================================================================================
----------------- testing Tue Sep 03 05:38:15 UTC 2019 /home/travis/build/icyphy/ptII/ptolemy/actor/lib/test/auto/Dictionary2.xml
----------------- Instantiating /home/travis/build/icyphy/ptII/ptolemy/actor/lib/test/auto/Dictionary2.xml
5 ms. Memory: 291840K Free: 94874K (33%)
----------------- Invoking toplevel() on ptolemy.moml.MoMLSimpleApplication@fd309d6
----------------- Done invoking toplevel() on ptolemy.moml.MoMLSimpleApplication@fd309d6
reloadAllAccessors: .Dictionary2

===========================================================================================
----------------- testing Tue Sep 03 05:38:15 UTC 2019 /home/travis/build/icyphy/ptII/ptolemy/actor/lib/test/auto/Dictionary3.xml
----------------- Instantiating /home/travis/build/icyphy/ptII/ptolemy/actor/lib/test/auto/Dictionary3.xml
1 ms. Memory: 291840K Free: 89240K (31%)
----------------- Invoking toplevel() on ptolemy.moml.MoMLSimpleApplication@50dc3215
----------------- Done invoking toplevel() on ptolemy.moml.MoMLSimpleApplication@50dc3215
reloadAllAccessors: .Dictionary3

===========================================================================================
----------------- testing Tue Sep 03 05:38:15 UTC 2019 /home/travis/build/icyphy/ptII/ptolemy/actor/lib/test/auto/Dictionary4.xml
----------------- Instantiating /home/travis/build/icyphy/ptII/ptolemy/actor/lib/test/auto/Dictionary4.xml
3 ms. Memory: 291840K Free: 82072K (28%)
----------------- Invoking toplevel() on ptolemy.moml.MoMLSimpleApplication@79f7d38a
----------------- Done invoking toplevel() on ptolemy.moml.MoMLSimpleApplication@79f7d38a
reloadAllAccessors: .Dictionary4

===========================================================================================
----------------- testing Tue Sep 03 05:38:16 UTC 2019 /home/travis/build/icyphy/ptII/ptolemy/actor/lib/test/auto/Differential.xml
----------------- Instantiating /home/travis/build/icyphy/ptII/ptolemy/actor/lib/test/auto/Differential.xml
3 ms. Memory: 291840K Free: 77466K (27%)
----------------- Invoking toplevel() on ptolemy.moml.MoMLSimpleApplication@23e8df0b
----------------- Done invoking toplevel() on ptolemy.moml.MoMLSimpleApplication@23e8df0b
reloadAllAccessors: .Differential

===========================================================================================
----------------- testing Tue Sep 03 05:38:16 UTC 2019 /home/travis/build/icyphy/ptII/ptolemy/actor/lib/test/auto/Director.xml
----------------- Instantiating /home/travis/build/icyphy/ptII/ptolemy/actor/lib/test/auto/Director.xml
4 ms. Memory: 291840K Free: 74394K (25%)
----------------- Invoking toplevel() on ptolemy.moml.MoMLSimpleApplication@1ec63c9
----------------- Done invoking toplevel() on ptolemy.moml.MoMLSimpleApplication@1ec63c9
reloadAllAccessors: .Director

===========================================================================================
----------------- testing Tue Sep 03 05:38:16 UTC 2019 /home/travis/build/icyphy/ptII/ptolemy/actor/lib/test/auto/DiscreteClock.xml
----------------- Instantiating /home/travis/build/icyphy/ptII/ptolemy/actor/lib/test/auto/DiscreteClock.xml
1 ms. Memory: 291840K Free: 242468K (83%)
----------------- Invoking toplevel() on ptolemy.moml.MoMLSimpleApplication@287c4216
----------------- Done invoking toplevel() on ptolemy.moml.MoMLSimpleApplication@287c4216
reloadAllAccessors: .DiscreteClock

===========================================================================================
----------------- testing Tue Sep 03 05:38:16 UTC 2019 /home/travis/build/icyphy/ptII/ptolemy/actor/lib/test/auto/DiscreteClock10.xml
----------------- Instantiating /home/travis/build/icyphy/ptII/ptolemy/actor/lib/test/auto/DiscreteClock10.xml
3 ms. Memory: 291840K Free: 236330K (81%)
----------------- Invoking toplevel() on ptolemy.moml.MoMLSimpleApplication@de03a9
----------------- Done invoking toplevel() on ptolemy.moml.MoMLSimpleApplication@de03a9
reloadAllAccessors: .DiscreteClock10

===========================================================================================
----------------- testing Tue Sep 03 05:38:16 UTC 2019 /home/travis/build/icyphy/ptII/ptolemy/actor/lib/test/auto/DiscreteClock11.xml
----------------- Instantiating /home/travis/build/icyphy/ptII/ptolemy/actor/lib/test/auto/DiscreteClock11.xml
2 ms. Memory: 291840K Free: 230186K (79%)
----------------- Invoking toplevel() on ptolemy.moml.MoMLSimpleApplication@dc8226e
----------------- Done invoking toplevel() on ptolemy.moml.MoMLSimpleApplication@dc8226e
reloadAllAccessors: .DiscreteClock11

===========================================================================================
----------------- testing Tue Sep 03 05:38:16 UTC 2019 /home/travis/build/icyphy/ptII/ptolemy/actor/lib/test/auto/DiscreteClock12.xml
----------------- Instantiating /home/travis/build/icyphy/ptII/ptolemy/actor/lib/test/auto/DiscreteClock12.xml
2 ms. Memory: 291840K Free: 224042K (77%)
----------------- Invoking toplevel() on ptolemy.moml.MoMLSimpleApplication@69efe061
----------------- Done invoking toplevel() on ptolemy.moml.MoMLSimpleApplication@69efe061
reloadAllAccessors: .DiscreteClock12

===========================================================================================
----------------- testing Tue Sep 03 05:38:16 UTC 2019 /home/travis/build/icyphy/ptII/ptolemy/actor/lib/test/auto/DiscreteClock13.xml
----------------- Instantiating /home/travis/build/icyphy/ptII/ptolemy/actor/lib/test/auto/DiscreteClock13.xml
5 ms. Memory: 291840K Free: 218412K (75%)
----------------- Invoking toplevel() on ptolemy.moml.MoMLSimpleApplication@26297f5e
----------------- Done invoking toplevel() on ptolemy.moml.MoMLSimpleApplication@26297f5e
reloadAllAccessors: .DiscreteClock13

===========================================================================================
----------------- testing Tue Sep 03 05:38:16 UTC 2019 /home/travis/build/icyphy/ptII/ptolemy/actor/lib/test/auto/DiscreteClock14.xml
----------------- Instantiating /home/travis/build/icyphy/ptII/ptolemy/actor/lib/test/auto/DiscreteClock14.xml
6 ms. Memory: 291840K Free: 212268K (73%)
----------------- Invoking toplevel() on ptolemy.moml.MoMLSimpleApplication@4694ade7
----------------- Done invoking toplevel() on ptolemy.moml.MoMLSimpleApplication@4694ade7
reloadAllAccessors: .DiscreteClock14

===========================================================================================
----------------- testing Tue Sep 03 05:38:16 UTC 2019 /home/travis/build/icyphy/ptII/ptolemy/actor/lib/test/auto/DiscreteClock15.xml
----------------- Instantiating /home/travis/build/icyphy/ptII/ptolemy/actor/lib/test/auto/DiscreteClock15.xml
5 ms. Memory: 291840K Free: 206124K (71%)
----------------- Invoking toplevel() on ptolemy.moml.MoMLSimpleApplication@6f99c66
----------------- Done invoking toplevel() on ptolemy.moml.MoMLSimpleApplication@6f99c66
reloadAllAccessors: .DiscreteClock15

===========================================================================================
----------------- testing Tue Sep 03 05:38:16 UTC 2019 /home/travis/build/icyphy/ptII/ptolemy/actor/lib/test/auto/DiscreteClock16.xml
----------------- Instantiating /home/travis/build/icyphy/ptII/ptolemy/actor/lib/test/auto/DiscreteClock16.xml
18 ms. Memory: 291840K Free: 192298K (66%)
----------------- Invoking toplevel() on ptolemy.moml.MoMLSimpleApplication@32c0cc1c
----------------- Done invoking toplevel() on ptolemy.moml.MoMLSimpleApplication@32c0cc1c
reloadAllAccessors: .DiscreteClock16

===========================================================================================
----------------- testing Tue Sep 03 05:38:16 UTC 2019 /home/travis/build/icyphy/ptII/ptolemy/actor/lib/test/auto/DiscreteClock17.xml
----------------- Instantiating /home/travis/build/icyphy/ptII/ptolemy/actor/lib/test/auto/DiscreteClock17.xml
16 ms. Memory: 291840K Free: 177932K (61%)
----------------- Invoking toplevel() on ptolemy.moml.MoMLSimpleApplication@66b179e3
----------------- Done invoking toplevel() on ptolemy.moml.MoMLSimpleApplication@66b179e3
reloadAllAccessors: .DiscreteClock17

===========================================================================================
----------------- testing Tue Sep 03 05:38:16 UTC 2019 /home/travis/build/icyphy/ptII/ptolemy/actor/lib/test/auto/DiscreteClock18.xml
----------------- Instantiating /home/travis/build/icyphy/ptII/ptolemy/actor/lib/test/auto/DiscreteClock18.xml
22 ms. Memory: 291840K Free: 164140K (56%)
----------------- Invoking toplevel() on ptolemy.moml.MoMLSimpleApplication@53cd05c0
----------------- Done invoking toplevel() on ptolemy.moml.MoMLSimpleApplication@53cd05c0
reloadAllAccessors: .DiscreteClock18

===========================================================================================
----------------- testing Tue Sep 03 05:38:16 UTC 2019 /home/travis/build/icyphy/ptII/ptolemy/actor/lib/test/auto/DiscreteClock19.xml
----------------- Instantiating /home/travis/build/icyphy/ptII/ptolemy/actor/lib/test/auto/DiscreteClock19.xml
20 ms. Memory: 291840K Free: 150308K (52%)
----------------- Invoking toplevel() on ptolemy.moml.MoMLSimpleApplication@5a5f998
----------------- Done invoking toplevel() on ptolemy.moml.MoMLSimpleApplication@5a5f998
reloadAllAccessors: .DiscreteClock19

===========================================================================================
----------------- testing Tue Sep 03 05:38:16 UTC 2019 /home/travis/build/icyphy/ptII/ptolemy/actor/lib/test/auto/DiscreteClock2.xml
----------------- Instantiating /home/travis/build/icyphy/ptII/ptolemy/actor/lib/test/auto/DiscreteClock2.xml
4 ms. Memory: 291840K Free: 145708K (50%)
----------------- Invoking toplevel() on ptolemy.moml.MoMLSimpleApplication@23c69664
----------------- Done invoking toplevel() on ptolemy.moml.MoMLSimpleApplication@23c69664
reloadAllAccessors: .DiscreteClock2

===========================================================================================
----------------- testing Tue Sep 03 05:38:16 UTC 2019 /home/travis/build/icyphy/ptII/ptolemy/actor/lib/test/auto/DiscreteClock20.xml
----------------- Instantiating /home/travis/build/icyphy/ptII/ptolemy/actor/lib/test/auto/DiscreteClock20.xml
9 ms. Memory: 291840K Free: 140074K (48%)
----------------- Invoking toplevel() on ptolemy.moml.MoMLSimpleApplication@7a5cb890
----------------- Done invoking toplevel() on ptolemy.moml.MoMLSimpleApplication@7a5cb890
reloadAllAccessors: .DiscreteClock20

===========================================================================================
----------------- testing Tue Sep 03 05:38:16 UTC 2019 /home/travis/build/icyphy/ptII/ptolemy/actor/lib/test/auto/DiscreteClock21.xml
----------------- Instantiating /home/travis/build/icyphy/ptII/ptolemy/actor/lib/test/auto/DiscreteClock21.xml
6 ms. Memory: 291840K Free: 134444K (46%)
----------------- Invoking toplevel() on ptolemy.moml.MoMLSimpleApplication@6fc94efd
----------------- Done invoking toplevel() on ptolemy.moml.MoMLSimpleApplication@6fc94efd
reloadAllAccessors: .DiscreteClock21

===========================================================================================
----------------- testing Tue Sep 03 05:38:16 UTC 2019 /home/travis/build/icyphy/ptII/ptolemy/actor/lib/test/auto/DiscreteClock22.xml
----------------- Instantiating /home/travis/build/icyphy/ptII/ptolemy/actor/lib/test/auto/DiscreteClock22.xml
5 ms. Memory: 291840K Free: 128810K (44%)
----------------- Invoking toplevel() on ptolemy.moml.MoMLSimpleApplication@10745542
----------------- Done invoking toplevel() on ptolemy.moml.MoMLSimpleApplication@10745542
reloadAllAccessors: .DiscreteClock22

===========================================================================================
----------------- testing Tue Sep 03 05:38:16 UTC 2019 /home/travis/build/icyphy/ptII/ptolemy/actor/lib/test/auto/DiscreteClock23.xml
----------------- Instantiating /home/travis/build/icyphy/ptII/ptolemy/actor/lib/test/auto/DiscreteClock23.xml
9 ms. Memory: 291840K Free: 123690K (42%)
----------------- Invoking toplevel() on ptolemy.moml.MoMLSimpleApplication@7710478d
----------------- Done invoking toplevel() on ptolemy.moml.MoMLSimpleApplication@7710478d
reloadAllAccessors: .DiscreteClock23

===========================================================================================
----------------- testing Tue Sep 03 05:38:16 UTC 2019 /home/travis/build/icyphy/ptII/ptolemy/actor/lib/test/auto/DiscreteClock24.xml
----------------- Instantiating /home/travis/build/icyphy/ptII/ptolemy/actor/lib/test/auto/DiscreteClock24.xml
5 ms. Memory: 291840K Free: 118060K (40%)
----------------- Invoking toplevel() on ptolemy.moml.MoMLSimpleApplication@6a3d913f
----------------- Done invoking toplevel() on ptolemy.moml.MoMLSimpleApplication@6a3d913f
reloadAllAccessors: .DiscreteClock24

===========================================================================================
----------------- testing Tue Sep 03 05:38:16 UTC 2019 /home/travis/build/icyphy/ptII/ptolemy/actor/lib/test/auto/DiscreteClock4.xml
----------------- Instantiating /home/travis/build/icyphy/ptII/ptolemy/actor/lib/test/auto/DiscreteClock4.xml
4 ms. Memory: 291840K Free: 112426K (39%)
----------------- Invoking toplevel() on ptolemy.moml.MoMLSimpleApplication@3408f7d4
----------------- Done invoking toplevel() on ptolemy.moml.MoMLSimpleApplication@3408f7d4
reloadAllAccessors: .DiscreteClock4

===========================================================================================
----------------- testing Tue Sep 03 05:38:16 UTC 2019 /home/travis/build/icyphy/ptII/ptolemy/actor/lib/test/auto/DiscreteClock5.xml
----------------- Instantiating /home/travis/build/icyphy/ptII/ptolemy/actor/lib/test/auto/DiscreteClock5.xml
1 ms. Memory: 291840K Free: 107306K (37%)
----------------- Invoking toplevel() on ptolemy.moml.MoMLSimpleApplication@4d4580a8
----------------- Done invoking toplevel() on ptolemy.moml.MoMLSimpleApplication@4d4580a8
reloadAllAccessors: .DiscreteClock5

===========================================================================================
----------------- testing Tue Sep 03 05:38:16 UTC 2019 /home/travis/build/icyphy/ptII/ptolemy/actor/lib/test/auto/DiscreteClock6.xml
----------------- Instantiating /home/travis/build/icyphy/ptII/ptolemy/actor/lib/test/auto/DiscreteClock6.xml
1 ms. Memory: 291840K Free: 102700K (35%)
----------------- Invoking toplevel() on ptolemy.moml.MoMLSimpleApplication@356e4f76
----------------- Done invoking toplevel() on ptolemy.moml.MoMLSimpleApplication@356e4f76
reloadAllAccessors: .DiscreteClock6

===========================================================================================
----------------- testing Tue Sep 03 05:38:16 UTC 2019 /home/travis/build/icyphy/ptII/ptolemy/actor/lib/test/auto/DiscreteClock7.xml
----------------- Instantiating /home/travis/build/icyphy/ptII/ptolemy/actor/lib/test/auto/DiscreteClock7.xml
1 ms. Memory: 291840K Free: 98090K (34%)
----------------- Invoking toplevel() on ptolemy.moml.MoMLSimpleApplication@38240835
----------------- Done invoking toplevel() on ptolemy.moml.MoMLSimpleApplication@38240835
reloadAllAccessors: .DiscreteClock7

===========================================================================================
----------------- testing Tue Sep 03 05:38:16 UTC 2019 /home/travis/build/icyphy/ptII/ptolemy/actor/lib/test/auto/DiscreteClock8.xml
----------------- Instantiating /home/travis/build/icyphy/ptII/ptolemy/actor/lib/test/auto/DiscreteClock8.xml
6 ms. Memory: 291840K Free: 92460K (32%)
----------------- Invoking toplevel() on ptolemy.moml.MoMLSimpleApplication@30167448
----------------- Done invoking toplevel() on ptolemy.moml.MoMLSimpleApplication@30167448
reloadAllAccessors: .DiscreteClock8

===========================================================================================
----------------- testing Tue Sep 03 05:38:16 UTC 2019 /home/travis/build/icyphy/ptII/ptolemy/actor/lib/test/auto/DiscreteClock9.xml
----------------- Instantiating /home/travis/build/icyphy/ptII/ptolemy/actor/lib/test/auto/DiscreteClock9.xml
10 ms. Memory: 291840K Free: 86820K (30%)
----------------- Invoking toplevel() on ptolemy.moml.MoMLSimpleApplication@520b12f
----------------- Done invoking toplevel() on ptolemy.moml.MoMLSimpleApplication@520b12f
reloadAllAccessors: .DiscreteClock9

===========================================================================================
----------------- testing Tue Sep 03 05:38:16 UTC 2019 /home/travis/build/icyphy/ptII/ptolemy/actor/lib/test/auto/DisplayArray.xml
----------------- Instantiating /home/travis/build/icyphy/ptII/ptolemy/actor/lib/test/auto/DisplayArray.xml
1 ms. Memory: 291840K Free: 83244K (29%)
----------------- Invoking toplevel() on ptolemy.moml.MoMLSimpleApplication@73644c36
----------------- Done invoking toplevel() on ptolemy.moml.MoMLSimpleApplication@73644c36
reloadAllAccessors: .DisplayArray

===========================================================================================
----------------- testing Tue Sep 03 05:38:16 UTC 2019 /home/travis/build/icyphy/ptII/ptolemy/actor/lib/test/auto/Distributor.xml
----------------- Instantiating /home/travis/build/icyphy/ptII/ptolemy/actor/lib/test/auto/Distributor.xml
2 ms. Memory: 291840K Free: 78124K (27%)
----------------- Invoking toplevel() on ptolemy.moml.MoMLSimpleApplication@6a58d46e
----------------- Done invoking toplevel() on ptolemy.moml.MoMLSimpleApplication@6a58d46e
reloadAllAccessors: .Distributor

===========================================================================================
----------------- testing Tue Sep 03 05:38:16 UTC 2019 /home/travis/build/icyphy/ptII/ptolemy/actor/lib/test/auto/Distributor2.xml
----------------- Instantiating /home/travis/build/icyphy/ptII/ptolemy/actor/lib/test/auto/Distributor2.xml
1 ms. Memory: 291840K Free: 73004K (25%)
----------------- Invoking toplevel() on ptolemy.moml.MoMLSimpleApplication@70a6b9b5
----------------- Done invoking toplevel() on ptolemy.moml.MoMLSimpleApplication@70a6b9b5
reloadAllAccessors: .Distributor2

===========================================================================================
----------------- testing Tue Sep 03 05:38:16 UTC 2019 /home/travis/build/icyphy/ptII/ptolemy/actor/lib/test/auto/DownSample.xml
----------------- Instantiating /home/travis/build/icyphy/ptII/ptolemy/actor/lib/test/auto/DownSample.xml
1 ms. Memory: 291840K Free: 241102K (83%)
----------------- Invoking toplevel() on ptolemy.moml.MoMLSimpleApplication@7e9e6e23
----------------- Done invoking toplevel() on ptolemy.moml.MoMLSimpleApplication@7e9e6e23
reloadAllAccessors: .DownSample

===========================================================================================
----------------- testing Tue Sep 03 05:38:16 UTC 2019 /home/travis/build/icyphy/ptII/ptolemy/actor/lib/test/auto/ElectronicUnitBase1.xml
----------------- Instantiating /home/travis/build/icyphy/ptII/ptolemy/actor/lib/test/auto/ElectronicUnitBase1.xml
19 ms. Memory: 291840K Free: 225228K (77%)
----------------- Invoking toplevel() on ptolemy.moml.MoMLSimpleApplication@1eda12c7
----------------- Done invoking toplevel() on ptolemy.moml.MoMLSimpleApplication@1eda12c7
reloadAllAccessors: .ElectronicUnitBase1

===========================================================================================
----------------- testing Tue Sep 03 05:38:16 UTC 2019 /home/travis/build/icyphy/ptII/ptolemy/actor/lib/test/auto/ElementsToArray.xml
----------------- Instantiating /home/travis/build/icyphy/ptII/ptolemy/actor/lib/test/auto/ElementsToArray.xml
2 ms. Memory: 291840K Free: 220108K (75%)
----------------- Invoking toplevel() on ptolemy.moml.MoMLSimpleApplication@5dacd746
----------------- Done invoking toplevel() on ptolemy.moml.MoMLSimpleApplication@5dacd746
reloadAllAccessors: .ElementsToArray

===========================================================================================
----------------- testing Tue Sep 03 05:38:16 UTC 2019 /home/travis/build/icyphy/ptII/ptolemy/actor/lib/test/auto/Equals.xml
----------------- Instantiating /home/travis/build/icyphy/ptII/ptolemy/actor/lib/test/auto/Equals.xml
1 ms. Memory: 291840K Free: 215502K (74%)
----------------- Invoking toplevel() on ptolemy.moml.MoMLSimpleApplication@7263623
----------------- Done invoking toplevel() on ptolemy.moml.MoMLSimpleApplication@7263623
reloadAllAccessors: .Equals

===========================================================================================
----------------- testing Tue Sep 03 05:38:16 UTC 2019 /home/travis/build/icyphy/ptII/ptolemy/actor/lib/test/auto/Exec.xml
----------------- Instantiating /home/travis/build/icyphy/ptII/ptolemy/actor/lib/test/auto/Exec.xml
21 ms. Memory: 291840K Free: 209868K (72%)
----------------- Invoking toplevel() on ptolemy.moml.MoMLSimpleApplication@42b457c9
----------------- Done invoking toplevel() on ptolemy.moml.MoMLSimpleApplication@42b457c9
reloadAllAccessors: .Exec

===========================================================================================
----------------- testing Tue Sep 03 05:38:16 UTC 2019 /home/travis/build/icyphy/ptII/ptolemy/actor/lib/test/auto/ExecEnvironment.xml
----------------- Instantiating /home/travis/build/icyphy/ptII/ptolemy/actor/lib/test/auto/ExecEnvironment.xml
23 ms. Memory: 291840K Free: 204732K (70%)
----------------- Invoking toplevel() on ptolemy.moml.MoMLSimpleApplication@428918ac
----------------- Done invoking toplevel() on ptolemy.moml.MoMLSimpleApplication@428918ac
reloadAllAccessors: .ExecEnvironment

===========================================================================================
----------------- testing Tue Sep 03 05:38:16 UTC 2019 /home/travis/build/icyphy/ptII/ptolemy/actor/lib/test/auto/ExecNonZeroReturnOutput.xml
----------------- Instantiating /home/travis/build/icyphy/ptII/ptolemy/actor/lib/test/auto/ExecNonZeroReturnOutput.xml
191 ms. Memory: 291840K Free: 192974K (66%)
----------------- Invoking toplevel() on ptolemy.moml.MoMLSimpleApplication@7358060a
----------------- Done invoking toplevel() on ptolemy.moml.MoMLSimpleApplication@7358060a
reloadAllAccessors: .ExecNonZeroReturnOutput

===========================================================================================
----------------- testing Tue Sep 03 05:38:17 UTC 2019 /home/travis/build/icyphy/ptII/ptolemy/actor/lib/test/auto/ExecRunDemos.xml
----------------- Instantiating /home/travis/build/icyphy/ptII/ptolemy/actor/lib/test/auto/ExecRunDemos.xml
Finished: 92 ms. Memory: 120832K Free: 111560K (92%)

Finished: 55 ms. Memory: 120832K Free: 111006K (92%)

Finished: 103 ms. Memory: 120832K Free: 110713K (92%)

Finished: 94 ms. Memory: 120832K Free: 103181K (85%)

Finished: 83 ms. Memory: 120832K Free: 103999K (86%)

10779 ms. Memory: 291840K Free: 171468K (59%)
----------------- Invoking toplevel() on ptolemy.moml.MoMLSimpleApplication@2484ced7
----------------- Done invoking toplevel() on ptolemy.moml.MoMLSimpleApplication@2484ced7
reloadAllAccessors: .ExecRunDemos

===========================================================================================
----------------- testing Tue Sep 03 05:38:27 UTC 2019 /home/travis/build/icyphy/ptII/ptolemy/actor/lib/test/auto/ExecStop.xml
----------------- Instantiating /home/travis/build/icyphy/ptII/ptolemy/actor/lib/test/auto/ExecStop.xml
5019 ms. Memory: 291840K Free: 227147K (78%)
----------------- Invoking toplevel() on ptolemy.moml.MoMLSimpleApplication@3c83c064
----------------- Done invoking toplevel() on ptolemy.moml.MoMLSimpleApplication@3c83c064
reloadAllAccessors: .ExecStop

===========================================================================================
----------------- testing Tue Sep 03 05:38:32 UTC 2019 /home/travis/build/icyphy/ptII/ptolemy/actor/lib/test/auto/ExecutionTimeSDF.xml
----------------- Instantiating /home/travis/build/icyphy/ptII/ptolemy/actor/lib/test/auto/ExecutionTimeSDF.xml
Fired ExecutionTime: -1741767296
Fired ExecutionTime: 1070000000
Fired ExecutionTime: 1078000000
6006 ms. Memory: 291840K Free: 214473K (73%)
----------------- Invoking toplevel() on ptolemy.moml.MoMLSimpleApplication@e50636e
----------------- Done invoking toplevel() on ptolemy.moml.MoMLSimpleApplication@e50636e
reloadAllAccessors: .ExecutionTimeSDF

===========================================================================================
----------------- testing Tue Sep 03 05:38:38 UTC 2019 /home/travis/build/icyphy/ptII/ptolemy/actor/lib/test/auto/Expression1.xml
----------------- Instantiating /home/travis/build/icyphy/ptII/ptolemy/actor/lib/test/auto/Expression1.xml
1 ms. Memory: 291840K Free: 211277K (72%)
----------------- Invoking toplevel() on ptolemy.moml.MoMLSimpleApplication@672149f8
----------------- Done invoking toplevel() on ptolemy.moml.MoMLSimpleApplication@672149f8
reloadAllAccessors: .Expression1

===========================================================================================
----------------- testing Tue Sep 03 05:38:39 UTC 2019 /home/travis/build/icyphy/ptII/ptolemy/actor/lib/test/auto/Expression10.xml
----------------- Instantiating /home/travis/build/icyphy/ptII/ptolemy/actor/lib/test/auto/Expression10.xml
6 ms. Memory: 291840K Free: 205725K (70%)
----------------- Invoking toplevel() on ptolemy.moml.MoMLSimpleApplication@169797f5
----------------- Done invoking toplevel() on ptolemy.moml.MoMLSimpleApplication@169797f5
reloadAllAccessors: .Expression10

===========================================================================================
----------------- testing Tue Sep 03 05:38:39 UTC 2019 /home/travis/build/icyphy/ptII/ptolemy/actor/lib/test/auto/Expression11.xml
----------------- Instantiating /home/travis/build/icyphy/ptII/ptolemy/actor/lib/test/auto/Expression11.xml
2 ms. Memory: 291840K Free: 201599K (69%)
----------------- Invoking toplevel() on ptolemy.moml.MoMLSimpleApplication@3287af00
----------------- Done invoking toplevel() on ptolemy.moml.MoMLSimpleApplication@3287af00
reloadAllAccessors: .Expression11

===========================================================================================
----------------- testing Tue Sep 03 05:38:39 UTC 2019 /home/travis/build/icyphy/ptII/ptolemy/actor/lib/test/auto/Expression12.xml
----------------- Instantiating /home/travis/build/icyphy/ptII/ptolemy/actor/lib/test/auto/Expression12.xml
3 ms. Memory: 291840K Free: 196025K (67%)
----------------- Invoking toplevel() on ptolemy.moml.MoMLSimpleApplication@38eca3ef
----------------- Done invoking toplevel() on ptolemy.moml.MoMLSimpleApplication@38eca3ef
reloadAllAccessors: .Expression12

===========================================================================================
----------------- testing Tue Sep 03 05:38:39 UTC 2019 /home/travis/build/icyphy/ptII/ptolemy/actor/lib/test/auto/Expression13.xml
----------------- Instantiating /home/travis/build/icyphy/ptII/ptolemy/actor/lib/test/auto/Expression13.xml
4 ms. Memory: 291840K Free: 191359K (66%)
----------------- Invoking toplevel() on ptolemy.moml.MoMLSimpleApplication@1f081f
----------------- Done invoking toplevel() on ptolemy.moml.MoMLSimpleApplication@1f081f
reloadAllAccessors: .Expression13

===========================================================================================
----------------- testing Tue Sep 03 05:38:39 UTC 2019 /home/travis/build/icyphy/ptII/ptolemy/actor/lib/test/auto/Expression14.xml
----------------- Instantiating /home/travis/build/icyphy/ptII/ptolemy/actor/lib/test/auto/Expression14.xml
4 ms. Memory: 291840K Free: 185817K (64%)
----------------- Invoking toplevel() on ptolemy.moml.MoMLSimpleApplication@49e0fac3
----------------- Done invoking toplevel() on ptolemy.moml.MoMLSimpleApplication@49e0fac3
reloadAllAccessors: .Expression14

===========================================================================================
----------------- testing Tue Sep 03 05:38:39 UTC 2019 /home/travis/build/icyphy/ptII/ptolemy/actor/lib/test/auto/Expression15.xml
----------------- Instantiating /home/travis/build/icyphy/ptII/ptolemy/actor/lib/test/auto/Expression15.xml
2 ms. Memory: 291840K Free: 181581K (62%)
----------------- Invoking toplevel() on ptolemy.moml.MoMLSimpleApplication@50868872
----------------- Done invoking toplevel() on ptolemy.moml.MoMLSimpleApplication@50868872
reloadAllAccessors: .Expression15

===========================================================================================
----------------- testing Tue Sep 03 05:38:39 UTC 2019 /home/travis/build/icyphy/ptII/ptolemy/actor/lib/test/auto/Expression16.xml
----------------- Instantiating /home/travis/build/icyphy/ptII/ptolemy/actor/lib/test/auto/Expression16.xml
3 ms. Memory: 291840K Free: 177023K (61%)
----------------- Invoking toplevel() on ptolemy.moml.MoMLSimpleApplication@241d67a5
----------------- Done invoking toplevel() on ptolemy.moml.MoMLSimpleApplication@241d67a5
reloadAllAccessors: .Expression16

===========================================================================================
----------------- testing Tue Sep 03 05:38:39 UTC 2019 /home/travis/build/icyphy/ptII/ptolemy/actor/lib/test/auto/Expression17.xml
----------------- Instantiating /home/travis/build/icyphy/ptII/ptolemy/actor/lib/test/auto/Expression17.xml
4 ms. Memory: 291840K Free: 171919K (59%)
----------------- Invoking toplevel() on ptolemy.moml.MoMLSimpleApplication@4cb0c787
----------------- Done invoking toplevel() on ptolemy.moml.MoMLSimpleApplication@4cb0c787
reloadAllAccessors: .Expression17

===========================================================================================
----------------- testing Tue Sep 03 05:38:39 UTC 2019 /home/travis/build/icyphy/ptII/ptolemy/actor/lib/test/auto/Expression18.xml
----------------- Instantiating /home/travis/build/icyphy/ptII/ptolemy/actor/lib/test/auto/Expression18.xml
3 ms. Memory: 291840K Free: 167245K (57%)
----------------- Invoking toplevel() on ptolemy.moml.MoMLSimpleApplication@5bca4829
----------------- Done invoking toplevel() on ptolemy.moml.MoMLSimpleApplication@5bca4829
reloadAllAccessors: .Expression18

===========================================================================================
----------------- testing Tue Sep 03 05:38:39 UTC 2019 /home/travis/build/icyphy/ptII/ptolemy/actor/lib/test/auto/Expression2.xml
----------------- Instantiating /home/travis/build/icyphy/ptII/ptolemy/actor/lib/test/auto/Expression2.xml
2 ms. Memory: 291840K Free: 162249K (56%)
----------------- Invoking toplevel() on ptolemy.moml.MoMLSimpleApplication@5d34954b
----------------- Done invoking toplevel() on ptolemy.moml.MoMLSimpleApplication@5d34954b
reloadAllAccessors: .Expression2

===========================================================================================
----------------- testing Tue Sep 03 05:38:39 UTC 2019 /home/travis/build/icyphy/ptII/ptolemy/actor/lib/test/auto/Expression3.xml
----------------- Instantiating /home/travis/build/icyphy/ptII/ptolemy/actor/lib/test/auto/Expression3.xml
6 ms. Memory: 291840K Free: 157597K (54%)
----------------- Invoking toplevel() on ptolemy.moml.MoMLSimpleApplication@2eef1d78
----------------- Done invoking toplevel() on ptolemy.moml.MoMLSimpleApplication@2eef1d78
reloadAllAccessors: .Expression3

===========================================================================================
----------------- testing Tue Sep 03 05:38:39 UTC 2019 /home/travis/build/icyphy/ptII/ptolemy/actor/lib/test/auto/Expression4.xml
----------------- Instantiating /home/travis/build/icyphy/ptII/ptolemy/actor/lib/test/auto/Expression4.xml
5 ms. Memory: 291840K Free: 150407K (52%)
----------------- Invoking toplevel() on ptolemy.moml.MoMLSimpleApplication@440b78f0
----------------- Done invoking toplevel() on ptolemy.moml.MoMLSimpleApplication@440b78f0
reloadAllAccessors: .Expression4

===========================================================================================
----------------- testing Tue Sep 03 05:38:39 UTC 2019 /home/travis/build/icyphy/ptII/ptolemy/actor/lib/test/auto/Expression5.xml
----------------- Instantiating /home/travis/build/icyphy/ptII/ptolemy/actor/lib/test/auto/Expression5.xml
5 ms. Memory: 291840K Free: 145287K (50%)
----------------- Invoking toplevel() on ptolemy.moml.MoMLSimpleApplication@302f6b4d
----------------- Done invoking toplevel() on ptolemy.moml.MoMLSimpleApplication@302f6b4d
reloadAllAccessors: .Expression5

===========================================================================================
----------------- testing Tue Sep 03 05:38:39 UTC 2019 /home/travis/build/icyphy/ptII/ptolemy/actor/lib/test/auto/Expression6.xml
----------------- Instantiating /home/travis/build/icyphy/ptII/ptolemy/actor/lib/test/auto/Expression6.xml
2 ms. Memory: 291840K Free: 141213K (48%)
----------------- Invoking toplevel() on ptolemy.moml.MoMLSimpleApplication@6a46a85c
----------------- Done invoking toplevel() on ptolemy.moml.MoMLSimpleApplication@6a46a85c
reloadAllAccessors: .Expression6

===========================================================================================
----------------- testing Tue Sep 03 05:38:39 UTC 2019 /home/travis/build/icyphy/ptII/ptolemy/actor/lib/test/auto/Expression7.xml
----------------- Instantiating /home/travis/build/icyphy/ptII/ptolemy/actor/lib/test/auto/Expression7.xml
2 ms. Memory: 291840K Free: 136093K (47%)
----------------- Invoking toplevel() on ptolemy.moml.MoMLSimpleApplication@5dcf1fa8
----------------- Done invoking toplevel() on ptolemy.moml.MoMLSimpleApplication@5dcf1fa8
reloadAllAccessors: .Expression7

===========================================================================================
----------------- testing Tue Sep 03 05:38:39 UTC 2019 /home/travis/build/icyphy/ptII/ptolemy/actor/lib/test/auto/Expression8.xml
----------------- Instantiating /home/travis/build/icyphy/ptII/ptolemy/actor/lib/test/auto/Expression8.xml
16 ms. Memory: 291840K Free: 131537K (45%)
----------------- Invoking toplevel() on ptolemy.moml.MoMLSimpleApplication@66e0d2f3
----------------- Done invoking toplevel() on ptolemy.moml.MoMLSimpleApplication@66e0d2f3
reloadAllAccessors: .Expression8

===========================================================================================
----------------- testing Tue Sep 03 05:38:39 UTC 2019 /home/travis/build/icyphy/ptII/ptolemy/actor/lib/test/auto/Expression9.xml
----------------- Instantiating /home/travis/build/icyphy/ptII/ptolemy/actor/lib/test/auto/Expression9.xml
1 ms. Memory: 291840K Free: 127457K (44%)
----------------- Invoking toplevel() on ptolemy.moml.MoMLSimpleApplication@27a4effa
----------------- Done invoking toplevel() on ptolemy.moml.MoMLSimpleApplication@27a4effa
reloadAllAccessors: .Expression9

===========================================================================================
----------------- testing Tue Sep 03 05:38:39 UTC 2019 /home/travis/build/icyphy/ptII/ptolemy/actor/lib/test/auto/ExpressionConcatenateArrayType.xml
----------------- Instantiating /home/travis/build/icyphy/ptII/ptolemy/actor/lib/test/auto/ExpressionConcatenateArrayType.xml
3 ms. Memory: 291840K Free: 121735K (42%)
----------------- Invoking toplevel() on ptolemy.moml.MoMLSimpleApplication@5ff32bdb
----------------- Done invoking toplevel() on ptolemy.moml.MoMLSimpleApplication@5ff32bdb
reloadAllAccessors: .ExpressionConcatenateArrayType

===========================================================================================
----------------- testing Tue Sep 03 05:38:39 UTC 2019 /home/travis/build/icyphy/ptII/ptolemy/actor/lib/test/auto/ExpressionConcatenateArrayType2.xml
----------------- Instantiating /home/travis/build/icyphy/ptII/ptolemy/actor/lib/test/auto/ExpressionConcatenateArrayType2.xml
2 ms. Memory: 291840K Free: 116623K (40%)
----------------- Invoking toplevel() on ptolemy.moml.MoMLSimpleApplication@f139699
----------------- Done invoking toplevel() on ptolemy.moml.MoMLSimpleApplication@f139699
reloadAllAccessors: .ExpressionConcatenateArrayType2

===========================================================================================
----------------- testing Tue Sep 03 05:38:39 UTC 2019 /home/travis/build/icyphy/ptII/ptolemy/actor/lib/test/auto/ExpressionFix.xml
----------------- Instantiating /home/travis/build/icyphy/ptII/ptolemy/actor/lib/test/auto/ExpressionFix.xml
20 ms. Memory: 291840K Free: 110047K (38%)
----------------- Invoking toplevel() on ptolemy.moml.MoMLSimpleApplication@247027d4
----------------- Done invoking toplevel() on ptolemy.moml.MoMLSimpleApplication@247027d4
reloadAllAccessors: .ExpressionFix

===========================================================================================
----------------- testing Tue Sep 03 05:38:39 UTC 2019 /home/travis/build/icyphy/ptII/ptolemy/actor/lib/test/auto/ExpressionFix2.xml
----------------- Instantiating /home/travis/build/icyphy/ptII/ptolemy/actor/lib/test/auto/ExpressionFix2.xml
7 ms. Memory: 291840K Free: 106359K (36%)
----------------- Invoking toplevel() on ptolemy.moml.MoMLSimpleApplication@2de7acb6
----------------- Done invoking toplevel() on ptolemy.moml.MoMLSimpleApplication@2de7acb6
reloadAllAccessors: .ExpressionFix2

===========================================================================================
----------------- testing Tue Sep 03 05:38:39 UTC 2019 /home/travis/build/icyphy/ptII/ptolemy/actor/lib/test/auto/ExpressionFix3.xml
----------------- Instantiating /home/travis/build/icyphy/ptII/ptolemy/actor/lib/test/auto/ExpressionFix3.xml
4 ms. Memory: 291840K Free: 102271K (35%)
----------------- Invoking toplevel() on ptolemy.moml.MoMLSimpleApplication@4fde7ad
----------------- Done invoking toplevel() on ptolemy.moml.MoMLSimpleApplication@4fde7ad
reloadAllAccessors: .ExpressionFix3

===========================================================================================
----------------- testing Tue Sep 03 05:38:39 UTC 2019 /home/travis/build/icyphy/ptII/ptolemy/actor/lib/test/auto/FileWriter1.xml
----------------- Instantiating /home/travis/build/icyphy/ptII/ptolemy/actor/lib/test/auto/FileWriter1.xml
2 ms. Memory: 291840K Free: 98791K (34%)
----------------- Invoking toplevel() on ptolemy.moml.MoMLSimpleApplication@190c43dd
----------------- Done invoking toplevel() on ptolemy.moml.MoMLSimpleApplication@190c43dd
reloadAllAccessors: .FileWriter1

===========================================================================================
----------------- testing Tue Sep 03 05:38:39 UTC 2019 /home/travis/build/icyphy/ptII/ptolemy/actor/lib/test/auto/FileWriter2.xml
----------------- Instantiating /home/travis/build/icyphy/ptII/ptolemy/actor/lib/test/auto/FileWriter2.xml
3 ms. Memory: 291840K Free: 94109K (32%)
----------------- Invoking toplevel() on ptolemy.moml.MoMLSimpleApplication@aef3277
----------------- Done invoking toplevel() on ptolemy.moml.MoMLSimpleApplication@aef3277
reloadAllAccessors: .FileWriter2

===========================================================================================
----------------- testing Tue Sep 03 05:38:39 UTC 2019 /home/travis/build/icyphy/ptII/ptolemy/actor/lib/test/auto/FileWriter3.xml
----------------- Instantiating /home/travis/build/icyphy/ptII/ptolemy/actor/lib/test/auto/FileWriter3.xml
3 ms. Memory: 291840K Free: 89991K (31%)
----------------- Invoking toplevel() on ptolemy.moml.MoMLSimpleApplication@979131b
----------------- Done invoking toplevel() on ptolemy.moml.MoMLSimpleApplication@979131b
reloadAllAccessors: .FileWriter3

===========================================================================================
----------------- testing Tue Sep 03 05:38:39 UTC 2019 /home/travis/build/icyphy/ptII/ptolemy/actor/lib/test/auto/Gaussian.xml
----------------- Instantiating /home/travis/build/icyphy/ptII/ptolemy/actor/lib/test/auto/Gaussian.xml
4 ms. Memory: 291840K Free: 85487K (29%)
----------------- Invoking toplevel() on ptolemy.moml.MoMLSimpleApplication@28c5e017
----------------- Done invoking toplevel() on ptolemy.moml.MoMLSimpleApplication@28c5e017
reloadAllAccessors: .Gaussian

===========================================================================================
----------------- testing Tue Sep 03 05:38:39 UTC 2019 /home/travis/build/icyphy/ptII/ptolemy/actor/lib/test/auto/Gaussian1.xml
----------------- Instantiating /home/travis/build/icyphy/ptII/ptolemy/actor/lib/test/auto/Gaussian1.xml
4 ms. Memory: 291840K Free: 80359K (28%)
----------------- Invoking toplevel() on ptolemy.moml.MoMLSimpleApplication@28364653
----------------- Done invoking toplevel() on ptolemy.moml.MoMLSimpleApplication@28364653
reloadAllAccessors: .Gaussian1

===========================================================================================
----------------- testing Tue Sep 03 05:38:39 UTC 2019 /home/travis/build/icyphy/ptII/ptolemy/actor/lib/test/auto/Gaussian2.xml
----------------- Instantiating /home/travis/build/icyphy/ptII/ptolemy/actor/lib/test/auto/Gaussian2.xml
10 ms. Memory: 291840K Free: 75217K (26%)
----------------- Invoking toplevel() on ptolemy.moml.MoMLSimpleApplication@4125da68
----------------- Done invoking toplevel() on ptolemy.moml.MoMLSimpleApplication@4125da68
reloadAllAccessors: .Gaussian2

===========================================================================================
----------------- testing Tue Sep 03 05:38:39 UTC 2019 /home/travis/build/icyphy/ptII/ptolemy/actor/lib/test/auto/GradientAdaptiveLattice.xml
----------------- Instantiating /home/travis/build/icyphy/ptII/ptolemy/actor/lib/test/auto/GradientAdaptiveLattice.xml
3 ms. Memory: 291840K Free: 241419K (83%)
----------------- Invoking toplevel() on ptolemy.moml.MoMLSimpleApplication@73cf3ae4
----------------- Done invoking toplevel() on ptolemy.moml.MoMLSimpleApplication@73cf3ae4
reloadAllAccessors: .GradientAdaptiveLattice

===========================================================================================
----------------- testing Tue Sep 03 05:38:39 UTC 2019 /home/travis/build/icyphy/ptII/ptolemy/actor/lib/test/auto/IIR.xml
----------------- Instantiating /home/travis/build/icyphy/ptII/ptolemy/actor/lib/test/auto/IIR.xml
1 ms. Memory: 291840K Free: 236809K (81%)
----------------- Invoking toplevel() on ptolemy.moml.MoMLSimpleApplication@19b19e31
----------------- Done invoking toplevel() on ptolemy.moml.MoMLSimpleApplication@19b19e31
reloadAllAccessors: .IIR

===========================================================================================
----------------- testing Tue Sep 03 05:38:39 UTC 2019 /home/travis/build/icyphy/ptII/ptolemy/actor/lib/test/auto/InputOutputTransparentPorts.xml
----------------- Instantiating /home/travis/build/icyphy/ptII/ptolemy/actor/lib/test/auto/InputOutputTransparentPorts.xml
1 ms. Memory: 291840K Free: 229641K (79%)
----------------- Invoking toplevel() on ptolemy.moml.MoMLSimpleApplication@6dc073bc
----------------- Done invoking toplevel() on ptolemy.moml.MoMLSimpleApplication@6dc073bc
reloadAllAccessors: .InputOutputTransparentPorts

===========================================================================================
----------------- testing Tue Sep 03 05:38:39 UTC 2019 /home/travis/build/icyphy/ptII/ptolemy/actor/lib/test/auto/Interpolator.xml
----------------- Instantiating /home/travis/build/icyphy/ptII/ptolemy/actor/lib/test/auto/Interpolator.xml
3 ms. Memory: 291840K Free: 225545K (77%)
----------------- Invoking toplevel() on ptolemy.moml.MoMLSimpleApplication@c44db5b
----------------- Done invoking toplevel() on ptolemy.moml.MoMLSimpleApplication@c44db5b
reloadAllAccessors: .Interpolator

===========================================================================================
----------------- testing Tue Sep 03 05:38:39 UTC 2019 /home/travis/build/icyphy/ptII/ptolemy/actor/lib/test/auto/InterpolatorFiringLimitDE.xml
----------------- Instantiating /home/travis/build/icyphy/ptII/ptolemy/actor/lib/test/auto/InterpolatorFiringLimitDE.xml
2 ms. Memory: 291840K Free: 219401K (75%)
----------------- Invoking toplevel() on ptolemy.moml.MoMLSimpleApplication@2844355f
----------------- Done invoking toplevel() on ptolemy.moml.MoMLSimpleApplication@2844355f
reloadAllAccessors: .InterpolatorFiringLimitDE

===========================================================================================
----------------- testing Tue Sep 03 05:38:39 UTC 2019 /home/travis/build/icyphy/ptII/ptolemy/actor/lib/test/auto/Lattice.xml
----------------- Instantiating /home/travis/build/icyphy/ptII/ptolemy/actor/lib/test/auto/Lattice.xml
2 ms. Memory: 291840K Free: 215305K (74%)
----------------- Invoking toplevel() on ptolemy.moml.MoMLSimpleApplication@202dbe6c
----------------- Done invoking toplevel() on ptolemy.moml.MoMLSimpleApplication@202dbe6c
reloadAllAccessors: .Lattice

===========================================================================================
----------------- testing Tue Sep 03 05:38:39 UTC 2019 /home/travis/build/icyphy/ptII/ptolemy/actor/lib/test/auto/LazyAOCTestLazy.xml
----------------- Instantiating /home/travis/build/icyphy/ptII/ptolemy/actor/lib/test/auto/LazyAOCTestLazy.xml
9 ms. Memory: 291840K Free: 209675K (72%)
----------------- Invoking toplevel() on ptolemy.moml.MoMLSimpleApplication@563f6810
----------------- Done invoking toplevel() on ptolemy.moml.MoMLSimpleApplication@563f6810
reloadAllAccessors: .LazyAOCTestLazy

===========================================================================================
----------------- testing Tue Sep 03 05:38:39 UTC 2019 /home/travis/build/icyphy/ptII/ptolemy/actor/lib/test/auto/LazyAOCTestNonLazy.xml
----------------- Instantiating /home/travis/build/icyphy/ptII/ptolemy/actor/lib/test/auto/LazyAOCTestNonLazy.xml
2 ms. Memory: 291840K Free: 203017K (70%)
----------------- Invoking toplevel() on ptolemy.moml.MoMLSimpleApplication@64c80c4f
----------------- Done invoking toplevel() on ptolemy.moml.MoMLSimpleApplication@64c80c4f
reloadAllAccessors: .LazyAOCTestNonLazy

===========================================================================================
----------------- testing Tue Sep 03 05:38:39 UTC 2019 /home/travis/build/icyphy/ptII/ptolemy/actor/lib/test/auto/LazyInnerClass.xml
----------------- Instantiating /home/travis/build/icyphy/ptII/ptolemy/actor/lib/test/auto/LazyInnerClass.xml
18 ms. Memory: 291840K Free: 194315K (67%)
----------------- Invoking toplevel() on ptolemy.moml.MoMLSimpleApplication@b8e7c25
----------------- Done invoking toplevel() on ptolemy.moml.MoMLSimpleApplication@b8e7c25
reloadAllAccessors: .LazyInnerClass

===========================================================================================
----------------- testing Tue Sep 03 05:38:39 UTC 2019 /home/travis/build/icyphy/ptII/ptolemy/actor/lib/test/auto/LazyPubSub.xml
----------------- Instantiating /home/travis/build/icyphy/ptII/ptolemy/actor/lib/test/auto/LazyPubSub.xml
11 ms. Memory: 291840K Free: 184585K (63%)
----------------- Invoking toplevel() on ptolemy.moml.MoMLSimpleApplication@3adc9347
----------------- Done invoking toplevel() on ptolemy.moml.MoMLSimpleApplication@3adc9347
reloadAllAccessors: .LazyPubSub

===========================================================================================
----------------- testing Tue Sep 03 05:38:39 UTC 2019 /home/travis/build/icyphy/ptII/ptolemy/actor/lib/test/auto/LazyPubSub2.xml
----------------- Instantiating /home/travis/build/icyphy/ptII/ptolemy/actor/lib/test/auto/LazyPubSub2.xml
21 ms. Memory: 291840K Free: 174345K (60%)
----------------- Invoking toplevel() on ptolemy.moml.MoMLSimpleApplication@4be468e3
----------------- Done invoking toplevel() on ptolemy.moml.MoMLSimpleApplication@4be468e3
reloadAllAccessors: .LazyPubSub2

===========================================================================================
----------------- testing Tue Sep 03 05:38:39 UTC 2019 /home/travis/build/icyphy/ptII/ptolemy/actor/lib/test/auto/LazyPubSub3.xml
----------------- Instantiating /home/travis/build/icyphy/ptII/ptolemy/actor/lib/test/auto/LazyPubSub3.xml
13 ms. Memory: 291840K Free: 164105K (56%)
----------------- Invoking toplevel() on ptolemy.moml.MoMLSimpleApplication@19c0bc46
----------------- Done invoking toplevel() on ptolemy.moml.MoMLSimpleApplication@19c0bc46
reloadAllAccessors: .LazyPubSub3

===========================================================================================
----------------- testing Tue Sep 03 05:38:40 UTC 2019 /home/travis/build/icyphy/ptII/ptolemy/actor/lib/test/auto/LazySubClassModel.xml
----------------- Instantiating /home/travis/build/icyphy/ptII/ptolemy/actor/lib/test/auto/LazySubClassModel.xml
4 ms. Memory: 291840K Free: 155403K (53%)
----------------- Invoking toplevel() on ptolemy.moml.MoMLSimpleApplication@63fbdb07
----------------- Done invoking toplevel() on ptolemy.moml.MoMLSimpleApplication@63fbdb07
reloadAllAccessors: .LazySubClassModel

===========================================================================================
----------------- testing Tue Sep 03 05:38:40 UTC 2019 /home/travis/build/icyphy/ptII/ptolemy/actor/lib/test/auto/LevelCrossTest1.xml
----------------- Instantiating /home/travis/build/icyphy/ptII/ptolemy/actor/lib/test/auto/LevelCrossTest1.xml
1 ms. Memory: 291840K Free: 149769K (51%)
----------------- Invoking toplevel() on ptolemy.moml.MoMLSimpleApplication@6be810bc
----------------- Done invoking toplevel() on ptolemy.moml.MoMLSimpleApplication@6be810bc
reloadAllAccessors: .broken

===========================================================================================
----------------- testing Tue Sep 03 05:38:40 UTC 2019 /home/travis/build/icyphy/ptII/ptolemy/actor/lib/test/auto/LevelCrossTest10.xml
----------------- Instantiating /home/travis/build/icyphy/ptII/ptolemy/actor/lib/test/auto/LevelCrossTest10.xml
1 ms. Memory: 291840K Free: 142091K (49%)
----------------- Invoking toplevel() on ptolemy.moml.MoMLSimpleApplication@627b4d75
----------------- Done invoking toplevel() on ptolemy.moml.MoMLSimpleApplication@627b4d75
reloadAllAccessors: .LevelCrossTest10

===========================================================================================
----------------- testing Tue Sep 03 05:38:40 UTC 2019 /home/travis/build/icyphy/ptII/ptolemy/actor/lib/test/auto/LevelCrossTest11.xml
----------------- Instantiating /home/travis/build/icyphy/ptII/ptolemy/actor/lib/test/auto/LevelCrossTest11.xml
1 ms. Memory: 291840K Free: 134923K (46%)
----------------- Invoking toplevel() on ptolemy.moml.MoMLSimpleApplication@55ff9d1b
----------------- Done invoking toplevel() on ptolemy.moml.MoMLSimpleApplication@55ff9d1b
reloadAllAccessors: .LevelCrossTest11

===========================================================================================
----------------- testing Tue Sep 03 05:38:40 UTC 2019 /home/travis/build/icyphy/ptII/ptolemy/actor/lib/test/auto/LevelCrossTest12.xml
----------------- Instantiating /home/travis/build/icyphy/ptII/ptolemy/actor/lib/test/auto/LevelCrossTest12.xml
1 ms. Memory: 291840K Free: 127241K (44%)
----------------- Invoking toplevel() on ptolemy.moml.MoMLSimpleApplication@4e0c0d54
----------------- Done invoking toplevel() on ptolemy.moml.MoMLSimpleApplication@4e0c0d54
reloadAllAccessors: .LevelCrossTest12

===========================================================================================
----------------- testing Tue Sep 03 05:38:40 UTC 2019 /home/travis/build/icyphy/ptII/ptolemy/actor/lib/test/auto/LevelCrossTest13.xml
----------------- Instantiating /home/travis/build/icyphy/ptII/ptolemy/actor/lib/test/auto/LevelCrossTest13.xml
1 ms. Memory: 291840K Free: 119563K (41%)
----------------- Invoking toplevel() on ptolemy.moml.MoMLSimpleApplication@5e0be333
----------------- Done invoking toplevel() on ptolemy.moml.MoMLSimpleApplication@5e0be333
reloadAllAccessors: .LevelCrossTest13

===========================================================================================
----------------- testing Tue Sep 03 05:38:40 UTC 2019 /home/travis/build/icyphy/ptII/ptolemy/actor/lib/test/auto/LevelCrossTest2.xml
----------------- Instantiating /home/travis/build/icyphy/ptII/ptolemy/actor/lib/test/auto/LevelCrossTest2.xml
1 ms. Memory: 291840K Free: 114443K (39%)
----------------- Invoking toplevel() on ptolemy.moml.MoMLSimpleApplication@3d9a886a
----------------- Done invoking toplevel() on ptolemy.moml.MoMLSimpleApplication@3d9a886a
reloadAllAccessors: .broken

===========================================================================================
----------------- testing Tue Sep 03 05:38:40 UTC 2019 /home/travis/build/icyphy/ptII/ptolemy/actor/lib/test/auto/LevelCrossTest3.xml
----------------- Instantiating /home/travis/build/icyphy/ptII/ptolemy/actor/lib/test/auto/LevelCrossTest3.xml
1 ms. Memory: 291840K Free: 107785K (37%)
----------------- Invoking toplevel() on ptolemy.moml.MoMLSimpleApplication@727ae02e
----------------- Done invoking toplevel() on ptolemy.moml.MoMLSimpleApplication@727ae02e
reloadAllAccessors: .LevelCrossTest3

===========================================================================================
----------------- testing Tue Sep 03 05:38:40 UTC 2019 /home/travis/build/icyphy/ptII/ptolemy/actor/lib/test/auto/LevelCrossTest4.xml
----------------- Instantiating /home/travis/build/icyphy/ptII/ptolemy/actor/lib/test/auto/LevelCrossTest4.xml
1 ms. Memory: 291840K Free: 102665K (35%)
----------------- Invoking toplevel() on ptolemy.moml.MoMLSimpleApplication@1a98e3ff
----------------- Done invoking toplevel() on ptolemy.moml.MoMLSimpleApplication@1a98e3ff
reloadAllAccessors: .broken

===========================================================================================
----------------- testing Tue Sep 03 05:38:40 UTC 2019 /home/travis/build/icyphy/ptII/ptolemy/actor/lib/test/auto/LevelCrossTest5.xml
----------------- Instantiating /home/travis/build/icyphy/ptII/ptolemy/actor/lib/test/auto/LevelCrossTest5.xml
4 ms. Memory: 291840K Free: 96521K (33%)
----------------- Invoking toplevel() on ptolemy.moml.MoMLSimpleApplication@45538b5b
----------------- Done invoking toplevel() on ptolemy.moml.MoMLSimpleApplication@45538b5b
reloadAllAccessors: .LevelCrossTest5

===========================================================================================
----------------- testing Tue Sep 03 05:38:40 UTC 2019 /home/travis/build/icyphy/ptII/ptolemy/actor/lib/test/auto/LevelCrossTest6.xml
----------------- Instantiating /home/travis/build/icyphy/ptII/ptolemy/actor/lib/test/auto/LevelCrossTest6.xml
13 ms. Memory: 291840K Free: 89353K (31%)
----------------- Invoking toplevel() on ptolemy.moml.MoMLSimpleApplication@7052c821
----------------- Done invoking toplevel() on ptolemy.moml.MoMLSimpleApplication@7052c821
reloadAllAccessors: .LevelCrossTest6

===========================================================================================
----------------- testing Tue Sep 03 05:38:40 UTC 2019 /home/travis/build/icyphy/ptII/ptolemy/actor/lib/test/auto/LevelCrossTest7.xml
----------------- Instantiating /home/travis/build/icyphy/ptII/ptolemy/actor/lib/test/auto/LevelCrossTest7.xml
2 ms. Memory: 291840K Free: 81675K (28%)
----------------- Invoking toplevel() on ptolemy.moml.MoMLSimpleApplication@6bf7bceb
----------------- Done invoking toplevel() on ptolemy.moml.MoMLSimpleApplication@6bf7bceb
reloadAllAccessors: .LevelCrossTest7

===========================================================================================
----------------- testing Tue Sep 03 05:38:40 UTC 2019 /home/travis/build/icyphy/ptII/ptolemy/actor/lib/test/auto/LevelCrossTest8.xml
----------------- Instantiating /home/travis/build/icyphy/ptII/ptolemy/actor/lib/test/auto/LevelCrossTest8.xml
1 ms. Memory: 291840K Free: 74507K (26%)
----------------- Invoking toplevel() on ptolemy.moml.MoMLSimpleApplication@624c4048
----------------- Done invoking toplevel() on ptolemy.moml.MoMLSimpleApplication@624c4048
reloadAllAccessors: .LevelCrossTest8

===========================================================================================
----------------- testing Tue Sep 03 05:38:40 UTC 2019 /home/travis/build/icyphy/ptII/ptolemy/actor/lib/test/auto/LevelCrossTest9.xml
----------------- Instantiating /home/travis/build/icyphy/ptII/ptolemy/actor/lib/test/auto/LevelCrossTest9.xml
2 ms. Memory: 291840K Free: 239819K (82%)
----------------- Invoking toplevel() on ptolemy.moml.MoMLSimpleApplication@71bcafb7
----------------- Done invoking toplevel() on ptolemy.moml.MoMLSimpleApplication@71bcafb7
reloadAllAccessors: .LevelCrossTest9

===========================================================================================
----------------- testing Tue Sep 03 05:38:40 UTC 2019 /home/travis/build/icyphy/ptII/ptolemy/actor/lib/test/auto/LevinsonDurbin.xml
----------------- Instantiating /home/travis/build/icyphy/ptII/ptolemy/actor/lib/test/auto/LevinsonDurbin.xml
9 ms. Memory: 291840K Free: 235725K (81%)
----------------- Invoking toplevel() on ptolemy.moml.MoMLSimpleApplication@6290bbf4
----------------- Done invoking toplevel() on ptolemy.moml.MoMLSimpleApplication@6290bbf4
reloadAllAccessors: .LevinsonDurbin

===========================================================================================
----------------- testing Tue Sep 03 05:38:40 UTC 2019 /home/travis/build/icyphy/ptII/ptolemy/actor/lib/test/auto/LevinsonDurbin2.xml
----------------- Instantiating /home/travis/build/icyphy/ptII/ptolemy/actor/lib/test/auto/LevinsonDurbin2.xml
1 ms. Memory: 291840K Free: 231629K (79%)
----------------- Invoking toplevel() on ptolemy.moml.MoMLSimpleApplication@76982da6
----------------- Done invoking toplevel() on ptolemy.moml.MoMLSimpleApplication@76982da6
reloadAllAccessors: .LevinsonDurbin2

===========================================================================================
----------------- testing Tue Sep 03 05:38:40 UTC 2019 /home/travis/build/icyphy/ptII/ptolemy/actor/lib/test/auto/LevinsonDurbin3.xml
----------------- Instantiating /home/travis/build/icyphy/ptII/ptolemy/actor/lib/test/auto/LevinsonDurbin3.xml
2 ms. Memory: 291840K Free: 227533K (78%)
----------------- Invoking toplevel() on ptolemy.moml.MoMLSimpleApplication@2fd1d151
----------------- Done invoking toplevel() on ptolemy.moml.MoMLSimpleApplication@2fd1d151
reloadAllAccessors: .LevinsonDurbin3

===========================================================================================
----------------- testing Tue Sep 03 05:38:40 UTC 2019 /home/travis/build/icyphy/ptII/ptolemy/actor/lib/test/auto/Limiter.xml
----------------- Instantiating /home/travis/build/icyphy/ptII/ptolemy/actor/lib/test/auto/Limiter.xml
4 ms. Memory: 291840K Free: 218831K (75%)
----------------- Invoking toplevel() on ptolemy.moml.MoMLSimpleApplication@5c66f228
----------------- Done invoking toplevel() on ptolemy.moml.MoMLSimpleApplication@5c66f228
reloadAllAccessors: .Limiter

===========================================================================================
----------------- testing Tue Sep 03 05:38:40 UTC 2019 /home/travis/build/icyphy/ptII/ptolemy/actor/lib/test/auto/LinearDifferenceEquationSystem.xml
----------------- Instantiating /home/travis/build/icyphy/ptII/ptolemy/actor/lib/test/auto/LinearDifferenceEquationSystem.xml
9 ms. Memory: 291840K Free: 211663K (73%)
----------------- Invoking toplevel() on ptolemy.moml.MoMLSimpleApplication@3f4b3e0b
----------------- Done invoking toplevel() on ptolemy.moml.MoMLSimpleApplication@3f4b3e0b
reloadAllAccessors: .LinearDifferenceEquationSystem

===========================================================================================
----------------- testing Tue Sep 03 05:38:40 UTC 2019 /home/travis/build/icyphy/ptII/ptolemy/actor/lib/test/auto/LookupTable.xml
----------------- Instantiating /home/travis/build/icyphy/ptII/ptolemy/actor/lib/test/auto/LookupTable.xml
2 ms. Memory: 291840K Free: 207053K (71%)
----------------- Invoking toplevel() on ptolemy.moml.MoMLSimpleApplication@2146a834
----------------- Done invoking toplevel() on ptolemy.moml.MoMLSimpleApplication@2146a834
reloadAllAccessors: .LookupTable

===========================================================================================
----------------- testing Tue Sep 03 05:38:40 UTC 2019 /home/travis/build/icyphy/ptII/ptolemy/actor/lib/test/auto/MathFunction.xml
----------------- Instantiating /home/travis/build/icyphy/ptII/ptolemy/actor/lib/test/auto/MathFunction.xml
2 ms. Memory: 291840K Free: 199375K (68%)
----------------- Invoking toplevel() on ptolemy.moml.MoMLSimpleApplication@17f13077
----------------- Done invoking toplevel() on ptolemy.moml.MoMLSimpleApplication@17f13077
reloadAllAccessors: .MathFunction

===========================================================================================
----------------- testing Tue Sep 03 05:38:40 UTC 2019 /home/travis/build/icyphy/ptII/ptolemy/actor/lib/test/auto/MathFunction2.xml
----------------- Instantiating /home/travis/build/icyphy/ptII/ptolemy/actor/lib/test/auto/MathFunction2.xml
1 ms. Memory: 291840K Free: 195279K (67%)
----------------- Invoking toplevel() on ptolemy.moml.MoMLSimpleApplication@6bf2bde1
----------------- Done invoking toplevel() on ptolemy.moml.MoMLSimpleApplication@6bf2bde1
reloadAllAccessors: .MathFunction2

===========================================================================================
----------------- testing Tue Sep 03 05:38:40 UTC 2019 /home/travis/build/icyphy/ptII/ptolemy/actor/lib/test/auto/MathFunction3.xml
----------------- Instantiating /home/travis/build/icyphy/ptII/ptolemy/actor/lib/test/auto/MathFunction3.xml
2 ms. Memory: 291840K Free: 188111K (64%)
----------------- Invoking toplevel() on ptolemy.moml.MoMLSimpleApplication@579ecef4
----------------- Done invoking toplevel() on ptolemy.moml.MoMLSimpleApplication@579ecef4
reloadAllAccessors: .MathFunction3

===========================================================================================
----------------- testing Tue Sep 03 05:38:40 UTC 2019 /home/travis/build/icyphy/ptII/ptolemy/actor/lib/test/auto/MatrixCropBoolean.xml
----------------- Instantiating /home/travis/build/icyphy/ptII/ptolemy/actor/lib/test/auto/MatrixCropBoolean.xml
2 ms. Memory: 291840K Free: 183495K (63%)
----------------- Invoking toplevel() on ptolemy.moml.MoMLSimpleApplication@75fc7a6d
----------------- Done invoking toplevel() on ptolemy.moml.MoMLSimpleApplication@75fc7a6d
reloadAllAccessors: .MatrixCropBoolean

===========================================================================================
----------------- testing Tue Sep 03 05:38:40 UTC 2019 /home/travis/build/icyphy/ptII/ptolemy/actor/lib/test/auto/MatrixCropComplex.xml
----------------- Instantiating /home/travis/build/icyphy/ptII/ptolemy/actor/lib/test/auto/MatrixCropComplex.xml
2 ms. Memory: 291840K Free: 178895K (61%)
----------------- Invoking toplevel() on ptolemy.moml.MoMLSimpleApplication@19284900
----------------- Done invoking toplevel() on ptolemy.moml.MoMLSimpleApplication@19284900
reloadAllAccessors: .MatrixCropComplex

===========================================================================================
----------------- testing Tue Sep 03 05:38:40 UTC 2019 /home/travis/build/icyphy/ptII/ptolemy/actor/lib/test/auto/MatrixCropDouble.xml
----------------- Instantiating /home/travis/build/icyphy/ptII/ptolemy/actor/lib/test/auto/MatrixCropDouble.xml
2 ms. Memory: 291840K Free: 174279K (60%)
----------------- Invoking toplevel() on ptolemy.moml.MoMLSimpleApplication@399c1abe
----------------- Done invoking toplevel() on ptolemy.moml.MoMLSimpleApplication@399c1abe
reloadAllAccessors: .MatrixCropDouble

===========================================================================================
----------------- testing Tue Sep 03 05:38:40 UTC 2019 /home/travis/build/icyphy/ptII/ptolemy/actor/lib/test/auto/MatrixCropFix.xml
----------------- Instantiating /home/travis/build/icyphy/ptII/ptolemy/actor/lib/test/auto/MatrixCropFix.xml
2 ms. Memory: 291840K Free: 169135K (58%)
----------------- Invoking toplevel() on ptolemy.moml.MoMLSimpleApplication@209f7355
----------------- Done invoking toplevel() on ptolemy.moml.MoMLSimpleApplication@209f7355
reloadAllAccessors: .MatrixCropFix

===========================================================================================
----------------- testing Tue Sep 03 05:38:40 UTC 2019 /home/travis/build/icyphy/ptII/ptolemy/actor/lib/test/auto/MatrixCropInt.xml
----------------- Instantiating /home/travis/build/icyphy/ptII/ptolemy/actor/lib/test/auto/MatrixCropInt.xml
2 ms. Memory: 291840K Free: 164015K (56%)
----------------- Invoking toplevel() on ptolemy.moml.MoMLSimpleApplication@214eca5b
----------------- Done invoking toplevel() on ptolemy.moml.MoMLSimpleApplication@214eca5b
reloadAllAccessors: .MatrixCropInt

===========================================================================================
----------------- testing Tue Sep 03 05:38:40 UTC 2019 /home/travis/build/icyphy/ptII/ptolemy/actor/lib/test/auto/MatrixCropLong.xml
----------------- Instantiating /home/travis/build/icyphy/ptII/ptolemy/actor/lib/test/auto/MatrixCropLong.xml
3 ms. Memory: 291840K Free: 159439K (55%)
----------------- Invoking toplevel() on ptolemy.moml.MoMLSimpleApplication@69708b14
----------------- Done invoking toplevel() on ptolemy.moml.MoMLSimpleApplication@69708b14
reloadAllAccessors: .MatrixCropLong

===========================================================================================
----------------- testing Tue Sep 03 05:38:40 UTC 2019 /home/travis/build/icyphy/ptII/ptolemy/actor/lib/test/auto/MatrixToArray.xml
----------------- Instantiating /home/travis/build/icyphy/ptII/ptolemy/actor/lib/test/auto/MatrixToArray.xml
13 ms. Memory: 291840K Free: 144589K (50%)
----------------- Invoking toplevel() on ptolemy.moml.MoMLSimpleApplication@2b0e81b0
----------------- Done invoking toplevel() on ptolemy.moml.MoMLSimpleApplication@2b0e81b0
reloadAllAccessors: .MatrixToArray

===========================================================================================
----------------- testing Tue Sep 03 05:38:40 UTC 2019 /home/travis/build/icyphy/ptII/ptolemy/actor/lib/test/auto/MaxIndex.xml
----------------- Instantiating /home/travis/build/icyphy/ptII/ptolemy/actor/lib/test/auto/MaxIndex.xml
2 ms. Memory: 291840K Free: 139469K (48%)
----------------- Invoking toplevel() on ptolemy.moml.MoMLSimpleApplication@22c1e38c
----------------- Done invoking toplevel() on ptolemy.moml.MoMLSimpleApplication@22c1e38c
reloadAllAccessors: .MaxIndex

===========================================================================================
----------------- testing Tue Sep 03 05:38:40 UTC 2019 /home/travis/build/icyphy/ptII/ptolemy/actor/lib/test/auto/Maximum.xml
----------------- Instantiating /home/travis/build/icyphy/ptII/ptolemy/actor/lib/test/auto/Maximum.xml
6 ms. Memory: 291840K Free: 132815K (46%)
----------------- Invoking toplevel() on ptolemy.moml.MoMLSimpleApplication@779d0ddf
----------------- Done invoking toplevel() on ptolemy.moml.MoMLSimpleApplication@779d0ddf
reloadAllAccessors: .Maximum

===========================================================================================
----------------- testing Tue Sep 03 05:38:40 UTC 2019 /home/travis/build/icyphy/ptII/ptolemy/actor/lib/test/auto/MaximumComplex.xml
----------------- Instantiating /home/travis/build/icyphy/ptII/ptolemy/actor/lib/test/auto/MaximumComplex.xml
5 ms. Memory: 291840K Free: 127167K (44%)
----------------- Invoking toplevel() on ptolemy.moml.MoMLSimpleApplication@4ccf0b17
----------------- Done invoking toplevel() on ptolemy.moml.MoMLSimpleApplication@4ccf0b17
reloadAllAccessors: .MaximumComplex

===========================================================================================
----------------- testing Tue Sep 03 05:38:40 UTC 2019 /home/travis/build/icyphy/ptII/ptolemy/actor/lib/test/auto/MethodCallTest.xml
----------------- Instantiating /home/travis/build/icyphy/ptII/ptolemy/actor/lib/test/auto/MethodCallTest.xml
3 ms. Memory: 291840K Free: 120527K (41%)
----------------- Invoking toplevel() on ptolemy.moml.MoMLSimpleApplication@1b964aaa
----------------- Done invoking toplevel() on ptolemy.moml.MoMLSimpleApplication@1b964aaa
reloadAllAccessors: .MethodCallTest

===========================================================================================
----------------- testing Tue Sep 03 05:38:40 UTC 2019 /home/travis/build/icyphy/ptII/ptolemy/actor/lib/test/auto/Minimum.xml
----------------- Instantiating /home/travis/build/icyphy/ptII/ptolemy/actor/lib/test/auto/Minimum.xml
3 ms. Memory: 291840K Free: 113869K (39%)
----------------- Invoking toplevel() on ptolemy.moml.MoMLSimpleApplication@7e373fec
----------------- Done invoking toplevel() on ptolemy.moml.MoMLSimpleApplication@7e373fec
reloadAllAccessors: .Minimum

===========================================================================================
----------------- testing Tue Sep 03 05:38:40 UTC 2019 /home/travis/build/icyphy/ptII/ptolemy/actor/lib/test/auto/MinimumComplex.xml
----------------- Instantiating /home/travis/build/icyphy/ptII/ptolemy/actor/lib/test/auto/MinimumComplex.xml
3 ms. Memory: 291840K Free: 107711K (37%)
----------------- Invoking toplevel() on ptolemy.moml.MoMLSimpleApplication@53c93a21
----------------- Done invoking toplevel() on ptolemy.moml.MoMLSimpleApplication@53c93a21
reloadAllAccessors: .MinimumComplex

===========================================================================================
----------------- testing Tue Sep 03 05:38:40 UTC 2019 /home/travis/build/icyphy/ptII/ptolemy/actor/lib/test/auto/MinimumMultiports.xml
----------------- Instantiating /home/travis/build/icyphy/ptII/ptolemy/actor/lib/test/auto/MinimumMultiports.xml
3 ms. Memory: 291840K Free: 99023K (34%)
----------------- Invoking toplevel() on ptolemy.moml.MoMLSimpleApplication@7cd47de3
----------------- Done invoking toplevel() on ptolemy.moml.MoMLSimpleApplication@7cd47de3
reloadAllAccessors: .MinimumMultiports

===========================================================================================
----------------- testing Tue Sep 03 05:38:40 UTC 2019 /home/travis/build/icyphy/ptII/ptolemy/actor/lib/test/auto/ModifyDate.xml
----------------- Instantiating /home/travis/build/icyphy/ptII/ptolemy/actor/lib/test/auto/ModifyDate.xml
10 ms. Memory: 291840K Free: 86735K (30%)
----------------- Invoking toplevel() on ptolemy.moml.MoMLSimpleApplication@7decce2e
----------------- Done invoking toplevel() on ptolemy.moml.MoMLSimpleApplication@7decce2e
reloadAllAccessors: .ModifyDate

===========================================================================================
----------------- testing Tue Sep 03 05:38:40 UTC 2019 /home/travis/build/icyphy/ptII/ptolemy/actor/lib/test/auto/ModifyDate2.xml
----------------- Instantiating /home/travis/build/icyphy/ptII/ptolemy/actor/lib/test/auto/ModifyDate2.xml
4 ms. Memory: 291840K Free: 78029K (27%)
----------------- Invoking toplevel() on ptolemy.moml.MoMLSimpleApplication@10465a52
----------------- Done invoking toplevel() on ptolemy.moml.MoMLSimpleApplication@10465a52
reloadAllAccessors: .ModifyDate2

===========================================================================================
----------------- testing Tue Sep 03 05:38:40 UTC 2019 /home/travis/build/icyphy/ptII/ptolemy/actor/lib/test/auto/MovingAverage.xml
----------------- Instantiating /home/travis/build/icyphy/ptII/ptolemy/actor/lib/test/auto/MovingAverage.xml
2 ms. Memory: 291840K Free: 72909K (25%)
----------------- Invoking toplevel() on ptolemy.moml.MoMLSimpleApplication@519a990c
----------------- Done invoking toplevel() on ptolemy.moml.MoMLSimpleApplication@519a990c
reloadAllAccessors: .MovingAverage

===========================================================================================
----------------- testing Tue Sep 03 05:38:40 UTC 2019 /home/travis/build/icyphy/ptII/ptolemy/actor/lib/test/auto/MovingMaximum.xml
----------------- Instantiating /home/travis/build/icyphy/ptII/ptolemy/actor/lib/test/auto/MovingMaximum.xml
2 ms. Memory: 291840K Free: 240031K (82%)
----------------- Invoking toplevel() on ptolemy.moml.MoMLSimpleApplication@70fd45da
----------------- Done invoking toplevel() on ptolemy.moml.MoMLSimpleApplication@70fd45da
reloadAllAccessors: .MovingMaximum

===========================================================================================
----------------- testing Tue Sep 03 05:38:40 UTC 2019 /home/travis/build/icyphy/ptII/ptolemy/actor/lib/test/auto/MultipleLinksToSameRelation.xml
----------------- Instantiating /home/travis/build/icyphy/ptII/ptolemy/actor/lib/test/auto/MultipleLinksToSameRelation.xml
2 ms. Memory: 291840K Free: 235934K (81%)
----------------- Invoking toplevel() on ptolemy.moml.MoMLSimpleApplication@257bc43f
----------------- Done invoking toplevel() on ptolemy.moml.MoMLSimpleApplication@257bc43f
reloadAllAccessors: .MultipleLinksToSameRelation

===========================================================================================
----------------- testing Tue Sep 03 05:38:40 UTC 2019 /home/travis/build/icyphy/ptII/ptolemy/actor/lib/test/auto/MultipleLinksToSameRelationDE.xml
----------------- Instantiating /home/travis/build/icyphy/ptII/ptolemy/actor/lib/test/auto/MultipleLinksToSameRelationDE.xml
2 ms. Memory: 291840K Free: 231310K (79%)
----------------- Invoking toplevel() on ptolemy.moml.MoMLSimpleApplication@383c6e63
----------------- Done invoking toplevel() on ptolemy.moml.MoMLSimpleApplication@383c6e63
reloadAllAccessors: .MultipleLinksToSameRelationDE

===========================================================================================
----------------- testing Tue Sep 03 05:38:40 UTC 2019 /home/travis/build/icyphy/ptII/ptolemy/actor/lib/test/auto/Multiplexor.xml
----------------- Instantiating /home/travis/build/icyphy/ptII/ptolemy/actor/lib/test/auto/Multiplexor.xml
2 ms. Memory: 291840K Free: 225694K (77%)
----------------- Invoking toplevel() on ptolemy.moml.MoMLSimpleApplication@308af42c
----------------- Done invoking toplevel() on ptolemy.moml.MoMLSimpleApplication@308af42c
reloadAllAccessors: .Multiplexor

===========================================================================================
----------------- testing Tue Sep 03 05:38:40 UTC 2019 /home/travis/build/icyphy/ptII/ptolemy/actor/lib/test/auto/Multiplexor1.xml
----------------- Instantiating /home/travis/build/icyphy/ptII/ptolemy/actor/lib/test/auto/Multiplexor1.xml
2 ms. Memory: 291840K Free: 220030K (75%)
----------------- Invoking toplevel() on ptolemy.moml.MoMLSimpleApplication@34cfede6
----------------- Done invoking toplevel() on ptolemy.moml.MoMLSimpleApplication@34cfede6
reloadAllAccessors: .Multiplexor1

===========================================================================================
----------------- testing Tue Sep 03 05:38:41 UTC 2019 /home/travis/build/icyphy/ptII/ptolemy/actor/lib/test/auto/Multiplexor2.xml
----------------- Instantiating /home/travis/build/icyphy/ptII/ptolemy/actor/lib/test/auto/Multiplexor2.xml
2 ms. Memory: 291840K Free: 213916K (73%)
----------------- Invoking toplevel() on ptolemy.moml.MoMLSimpleApplication@5777325f
----------------- Done invoking toplevel() on ptolemy.moml.MoMLSimpleApplication@5777325f
reloadAllAccessors: .Multiplexor2

===========================================================================================
----------------- testing Tue Sep 03 05:38:41 UTC 2019 /home/travis/build/icyphy/ptII/ptolemy/actor/lib/test/auto/Multiplexor3.xml
----------------- Instantiating /home/travis/build/icyphy/ptII/ptolemy/actor/lib/test/auto/Multiplexor3.xml
1 ms. Memory: 291840K Free: 209820K (72%)
----------------- Invoking toplevel() on ptolemy.moml.MoMLSimpleApplication@16580fa1
----------------- Done invoking toplevel() on ptolemy.moml.MoMLSimpleApplication@16580fa1
reloadAllAccessors: .Multiplexor3

===========================================================================================
----------------- testing Tue Sep 03 05:38:41 UTC 2019 /home/travis/build/icyphy/ptII/ptolemy/actor/lib/test/auto/MultiplexorDE.xml
----------------- Instantiating /home/travis/build/icyphy/ptII/ptolemy/actor/lib/test/auto/MultiplexorDE.xml
3 ms. Memory: 291840K Free: 202142K (69%)
----------------- Invoking toplevel() on ptolemy.moml.MoMLSimpleApplication@5bf06eca
----------------- Done invoking toplevel() on ptolemy.moml.MoMLSimpleApplication@5bf06eca
reloadAllAccessors: .MultiplexorDE

===========================================================================================
----------------- testing Tue Sep 03 05:38:41 UTC 2019 /home/travis/build/icyphy/ptII/ptolemy/actor/lib/test/auto/MultiportBroadcastTest.xml
----------------- Instantiating /home/travis/build/icyphy/ptII/ptolemy/actor/lib/test/auto/MultiportBroadcastTest.xml
60 ms. Memory: 291840K Free: 195998K (67%)
----------------- Invoking toplevel() on ptolemy.moml.MoMLSimpleApplication@7d69e1e8
----------------- Done invoking toplevel() on ptolemy.moml.MoMLSimpleApplication@7d69e1e8
reloadAllAccessors: .MultiportBroadcastTest

===========================================================================================
----------------- testing Tue Sep 03 05:38:41 UTC 2019 /home/travis/build/icyphy/ptII/ptolemy/actor/lib/test/auto/MultiportOutHangDuringGetWidth.xml
----------------- Instantiating /home/travis/build/icyphy/ptII/ptolemy/actor/lib/test/auto/MultiportOutHangDuringGetWidth.xml
12 ms. Memory: 291840K Free: 183710K (63%)
----------------- Invoking toplevel() on ptolemy.moml.MoMLSimpleApplication@1f952da5
----------------- Done invoking toplevel() on ptolemy.moml.MoMLSimpleApplication@1f952da5
reloadAllAccessors: .MultiportOutHangDuringGetWidth

===========================================================================================
----------------- testing Tue Sep 03 05:38:41 UTC 2019 /home/travis/build/icyphy/ptII/ptolemy/actor/lib/test/auto/NilToken.xml
----------------- Instantiating /home/travis/build/icyphy/ptII/ptolemy/actor/lib/test/auto/NilToken.xml
2 ms. Memory: 291840K Free: 180124K (62%)
----------------- Invoking toplevel() on ptolemy.moml.MoMLSimpleApplication@62cf2ceb
----------------- Done invoking toplevel() on ptolemy.moml.MoMLSimpleApplication@62cf2ceb
reloadAllAccessors: .NilToken

===========================================================================================
----------------- testing Tue Sep 03 05:38:41 UTC 2019 /home/travis/build/icyphy/ptII/ptolemy/actor/lib/test/auto/NilTokenNonStrictTest.xml
----------------- Instantiating /home/travis/build/icyphy/ptII/ptolemy/actor/lib/test/auto/NilTokenNonStrictTest.xml
1 ms. Memory: 291840K Free: 175518K (60%)
----------------- Invoking toplevel() on ptolemy.moml.MoMLSimpleApplication@4fa2f650
----------------- Done invoking toplevel() on ptolemy.moml.MoMLSimpleApplication@4fa2f650
reloadAllAccessors: .NilTokenNonStrictTest

===========================================================================================
----------------- testing Tue Sep 03 05:38:41 UTC 2019 /home/travis/build/icyphy/ptII/ptolemy/actor/lib/test/auto/NilTokenRecord.xml
----------------- Instantiating /home/travis/build/icyphy/ptII/ptolemy/actor/lib/test/auto/NilTokenRecord.xml
6 ms. Memory: 291840K Free: 168859K (58%)
----------------- Invoking toplevel() on ptolemy.moml.MoMLSimpleApplication@68b26830
----------------- Done invoking toplevel() on ptolemy.moml.MoMLSimpleApplication@68b26830
reloadAllAccessors: .NilTokenRecord

===========================================================================================
----------------- testing Tue Sep 03 05:38:41 UTC 2019 /home/travis/build/icyphy/ptII/ptolemy/actor/lib/test/auto/NilTokenTypeTest.xml
----------------- Instantiating /home/travis/build/icyphy/ptII/ptolemy/actor/lib/test/auto/NilTokenTypeTest.xml
7 ms. Memory: 291840K Free: 159134K (55%)
----------------- Invoking toplevel() on ptolemy.moml.MoMLSimpleApplication@361afe7e
----------------- Done invoking toplevel() on ptolemy.moml.MoMLSimpleApplication@361afe7e
reloadAllAccessors: .NilTokenTypeTest

===========================================================================================
----------------- testing Tue Sep 03 05:38:41 UTC 2019 /home/travis/build/icyphy/ptII/ptolemy/actor/lib/test/auto/ObjectToken1.xml
----------------- Instantiating /home/travis/build/icyphy/ptII/ptolemy/actor/lib/test/auto/ObjectToken1.xml
2 ms. Memory: 291840K Free: 155038K (53%)
----------------- Invoking toplevel() on ptolemy.moml.MoMLSimpleApplication@78f1cdf6
----------------- Done invoking toplevel() on ptolemy.moml.MoMLSimpleApplication@78f1cdf6
reloadAllAccessors: .ObjectToken1

===========================================================================================
----------------- testing Tue Sep 03 05:38:41 UTC 2019 /home/travis/build/icyphy/ptII/ptolemy/actor/lib/test/auto/OrderedMerge.xml
----------------- Instantiating /home/travis/build/icyphy/ptII/ptolemy/actor/lib/test/auto/OrderedMerge.xml
8 ms. Memory: 291840K Free: 149404K (51%)
----------------- Invoking toplevel() on ptolemy.moml.MoMLSimpleApplication@7a316572
----------------- Done invoking toplevel() on ptolemy.moml.MoMLSimpleApplication@7a316572
reloadAllAccessors: .OrderedMerge

===========================================================================================
----------------- testing Tue Sep 03 05:38:41 UTC 2019 /home/travis/build/icyphy/ptII/ptolemy/actor/lib/test/auto/OrderedRecordDisassembler.xml
----------------- Instantiating /home/travis/build/icyphy/ptII/ptolemy/actor/lib/test/auto/OrderedRecordDisassembler.xml
3 ms. Memory: 291840K Free: 144798K (50%)
----------------- Invoking toplevel() on ptolemy.moml.MoMLSimpleApplication@26ee7d2
----------------- Done invoking toplevel() on ptolemy.moml.MoMLSimpleApplication@26ee7d2
reloadAllAccessors: .OrderedRecordDisassembler

===========================================================================================
----------------- testing Tue Sep 03 05:38:41 UTC 2019 /home/travis/build/icyphy/ptII/ptolemy/actor/lib/test/auto/OrderedRecordDisassembler2.xml
----------------- Instantiating /home/travis/build/icyphy/ptII/ptolemy/actor/lib/test/auto/OrderedRecordDisassembler2.xml
5 ms. Memory: 291840K Free: 137102K (47%)
----------------- Invoking toplevel() on ptolemy.moml.MoMLSimpleApplication@337fefe
----------------- Done invoking toplevel() on ptolemy.moml.MoMLSimpleApplication@337fefe
reloadAllAccessors: .OrderedRecordDisassembler2

===========================================================================================
----------------- testing Tue Sep 03 05:38:41 UTC 2019 /home/travis/build/icyphy/ptII/ptolemy/actor/lib/test/auto/OrderedRecordUpdater.xml
----------------- Instantiating /home/travis/build/icyphy/ptII/ptolemy/actor/lib/test/auto/OrderedRecordUpdater.xml
1 ms. Memory: 291840K Free: 132510K (45%)
----------------- Invoking toplevel() on ptolemy.moml.MoMLSimpleApplication@27085908
----------------- Done invoking toplevel() on ptolemy.moml.MoMLSimpleApplication@27085908
reloadAllAccessors: .RecordUpdater

===========================================================================================
----------------- testing Tue Sep 03 05:38:41 UTC 2019 /home/travis/build/icyphy/ptII/ptolemy/actor/lib/test/auto/OrderedRecordUpdater2.xml
----------------- Instantiating /home/travis/build/icyphy/ptII/ptolemy/actor/lib/test/auto/OrderedRecordUpdater2.xml
3 ms. Memory: 291840K Free: 127900K (44%)
----------------- Invoking toplevel() on ptolemy.moml.MoMLSimpleApplication@182e12b2
----------------- Done invoking toplevel() on ptolemy.moml.MoMLSimpleApplication@182e12b2
reloadAllAccessors: .RecordUpdater2

===========================================================================================
----------------- testing Tue Sep 03 05:38:41 UTC 2019 /home/travis/build/icyphy/ptII/ptolemy/actor/lib/test/auto/PhaseUnwrap.xml
----------------- Instantiating /home/travis/build/icyphy/ptII/ptolemy/actor/lib/test/auto/PhaseUnwrap.xml
2 ms. Memory: 291840K Free: 123294K (42%)
----------------- Invoking toplevel() on ptolemy.moml.MoMLSimpleApplication@113f3479
----------------- Done invoking toplevel() on ptolemy.moml.MoMLSimpleApplication@113f3479
reloadAllAccessors: .PhaseUnwrap

===========================================================================================
----------------- testing Tue Sep 03 05:38:41 UTC 2019 /home/travis/build/icyphy/ptII/ptolemy/actor/lib/test/auto/PoissonClock.xml
----------------- Instantiating /home/travis/build/icyphy/ptII/ptolemy/actor/lib/test/auto/PoissonClock.xml
1 ms. Memory: 291840K Free: 119198K (41%)
----------------- Invoking toplevel() on ptolemy.moml.MoMLSimpleApplication@7dc6f955
----------------- Done invoking toplevel() on ptolemy.moml.MoMLSimpleApplication@7dc6f955
reloadAllAccessors: .PoissonClock

===========================================================================================
----------------- testing Tue Sep 03 05:38:41 UTC 2019 /home/travis/build/icyphy/ptII/ptolemy/actor/lib/test/auto/PoissonClock2.xml
----------------- Instantiating /home/travis/build/icyphy/ptII/ptolemy/actor/lib/test/auto/PoissonClock2.xml
1 ms. Memory: 291840K Free: 115102K (39%)
----------------- Invoking toplevel() on ptolemy.moml.MoMLSimpleApplication@47000343
----------------- Done invoking toplevel() on ptolemy.moml.MoMLSimpleApplication@47000343
reloadAllAccessors: .PoissonClock2

===========================================================================================
----------------- testing Tue Sep 03 05:38:41 UTC 2019 /home/travis/build/icyphy/ptII/ptolemy/actor/lib/test/auto/PoissonClock3.xml
----------------- Instantiating /home/travis/build/icyphy/ptII/ptolemy/actor/lib/test/auto/PoissonClock3.xml
1 ms. Memory: 291840K Free: 110492K (38%)
----------------- Invoking toplevel() on ptolemy.moml.MoMLSimpleApplication@752f4ab1
----------------- Done invoking toplevel() on ptolemy.moml.MoMLSimpleApplication@752f4ab1
reloadAllAccessors: .PoissonClock3

===========================================================================================
----------------- testing Tue Sep 03 05:38:41 UTC 2019 /home/travis/build/icyphy/ptII/ptolemy/actor/lib/test/auto/PubSubWithInitialTokens.xml
----------------- Instantiating /home/travis/build/icyphy/ptII/ptolemy/actor/lib/test/auto/PubSubWithInitialTokens.xml
3 ms. Memory: 291840K Free: 104862K (36%)
----------------- Invoking toplevel() on ptolemy.moml.MoMLSimpleApplication@73e35f0c
----------------- Done invoking toplevel() on ptolemy.moml.MoMLSimpleApplication@73e35f0c
reloadAllAccessors: .PubSubWithInitialTokens

===========================================================================================
----------------- testing Tue Sep 03 05:38:41 UTC 2019 /home/travis/build/icyphy/ptII/ptolemy/actor/lib/test/auto/PubSubWithInitialTokens2.xml
----------------- Instantiating /home/travis/build/icyphy/ptII/ptolemy/actor/lib/test/auto/PubSubWithInitialTokens2.xml
4 ms. Memory: 291840K Free: 98718K (34%)
----------------- Invoking toplevel() on ptolemy.moml.MoMLSimpleApplication@6afba995
----------------- Done invoking toplevel() on ptolemy.moml.MoMLSimpleApplication@6afba995
reloadAllAccessors: .PubSubWithInitialTokens2

===========================================================================================
----------------- testing Tue Sep 03 05:38:41 UTC 2019 /home/travis/build/icyphy/ptII/ptolemy/actor/lib/test/auto/PublisherClassNoParameter.xml
----------------- Instantiating /home/travis/build/icyphy/ptII/ptolemy/actor/lib/test/auto/PublisherClassNoParameter.xml
2 ms. Memory: 291840K Free: 88478K (30%)
----------------- Invoking toplevel() on ptolemy.moml.MoMLSimpleApplication@2459b6d3
----------------- Done invoking toplevel() on ptolemy.moml.MoMLSimpleApplication@2459b6d3
reloadAllAccessors: .PublisherClassNoParameter

===========================================================================================
----------------- testing Tue Sep 03 05:38:41 UTC 2019 /home/travis/build/icyphy/ptII/ptolemy/actor/lib/test/auto/PublisherClassParameter.xml
----------------- Instantiating /home/travis/build/icyphy/ptII/ptolemy/actor/lib/test/auto/PublisherClassParameter.xml
2 ms. Memory: 291840K Free: 78238K (27%)
----------------- Invoking toplevel() on ptolemy.moml.MoMLSimpleApplication@5c59f974
----------------- Done invoking toplevel() on ptolemy.moml.MoMLSimpleApplication@5c59f974
reloadAllAccessors: .PublisherClassParameter

===========================================================================================
----------------- testing Tue Sep 03 05:38:41 UTC 2019 /home/travis/build/icyphy/ptII/ptolemy/actor/lib/test/auto/PublisherNonStrictTest.xml
----------------- Instantiating /home/travis/build/icyphy/ptII/ptolemy/actor/lib/test/auto/PublisherNonStrictTest.xml
12 ms. Memory: 291840K Free: 242627K (83%)
----------------- Invoking toplevel() on ptolemy.moml.MoMLSimpleApplication@5f5a61d4
----------------- Done invoking toplevel() on ptolemy.moml.MoMLSimpleApplication@5f5a61d4
reloadAllAccessors: .PublisherNonStrictTest

===========================================================================================
----------------- testing Tue Sep 03 05:38:41 UTC 2019 /home/travis/build/icyphy/ptII/ptolemy/actor/lib/test/auto/PublisherPort1.xml
----------------- Instantiating /home/travis/build/icyphy/ptII/ptolemy/actor/lib/test/auto/PublisherPort1.xml
14 ms. Memory: 291840K Free: 236759K (81%)
----------------- Invoking toplevel() on ptolemy.moml.MoMLSimpleApplication@7b2d13d0
----------------- Done invoking toplevel() on ptolemy.moml.MoMLSimpleApplication@7b2d13d0
reloadAllAccessors: .PublisherPort1

===========================================================================================
----------------- testing Tue Sep 03 05:38:41 UTC 2019 /home/travis/build/icyphy/ptII/ptolemy/actor/lib/test/auto/PublisherPort2.xml
----------------- Instantiating /home/travis/build/icyphy/ptII/ptolemy/actor/lib/test/auto/PublisherPort2.xml
2 ms. Memory: 291840K Free: 231669K (79%)
----------------- Invoking toplevel() on ptolemy.moml.MoMLSimpleApplication@1b5544db
----------------- Done invoking toplevel() on ptolemy.moml.MoMLSimpleApplication@1b5544db
reloadAllAccessors: .PublisherPort2

===========================================================================================
----------------- testing Tue Sep 03 05:38:41 UTC 2019 /home/travis/build/icyphy/ptII/ptolemy/actor/lib/test/auto/PublisherPort3.xml
----------------- Instantiating /home/travis/build/icyphy/ptII/ptolemy/actor/lib/test/auto/PublisherPort3.xml
3 ms. Memory: 291840K Free: 225015K (77%)
----------------- Invoking toplevel() on ptolemy.moml.MoMLSimpleApplication@3e93db44
----------------- Done invoking toplevel() on ptolemy.moml.MoMLSimpleApplication@3e93db44
reloadAllAccessors: .PublisherPort3

===========================================================================================
----------------- testing Tue Sep 03 05:38:41 UTC 2019 /home/travis/build/icyphy/ptII/ptolemy/actor/lib/test/auto/PublisherPort4.xml
----------------- Instantiating /home/travis/build/icyphy/ptII/ptolemy/actor/lib/test/auto/PublisherPort4.xml
2 ms. Memory: 291840K Free: 219375K (75%)
----------------- Invoking toplevel() on ptolemy.moml.MoMLSimpleApplication@417c7edf
----------------- Done invoking toplevel() on ptolemy.moml.MoMLSimpleApplication@417c7edf
reloadAllAccessors: .PublisherPort4

===========================================================================================
----------------- testing Tue Sep 03 05:38:41 UTC 2019 /home/travis/build/icyphy/ptII/ptolemy/actor/lib/test/auto/PublisherPort5.xml
----------------- Instantiating /home/travis/build/icyphy/ptII/ptolemy/actor/lib/test/auto/PublisherPort5.xml
3 ms. Memory: 291840K Free: 211703K (73%)
----------------- Invoking toplevel() on ptolemy.moml.MoMLSimpleApplication@4b73de13
----------------- Done invoking toplevel() on ptolemy.moml.MoMLSimpleApplication@4b73de13
reloadAllAccessors: .PublisherPort5

===========================================================================================
----------------- testing Tue Sep 03 05:38:41 UTC 2019 /home/travis/build/icyphy/ptII/ptolemy/actor/lib/test/auto/PublisherPort5LookAlike.xml
----------------- Instantiating /home/travis/build/icyphy/ptII/ptolemy/actor/lib/test/auto/PublisherPort5LookAlike.xml
8 ms. Memory: 291840K Free: 204021K (70%)
----------------- Invoking toplevel() on ptolemy.moml.MoMLSimpleApplication@258186c
----------------- Done invoking toplevel() on ptolemy.moml.MoMLSimpleApplication@258186c
reloadAllAccessors: .PublisherPort5LookAlike

===========================================================================================
----------------- testing Tue Sep 03 05:38:41 UTC 2019 /home/travis/build/icyphy/ptII/ptolemy/actor/lib/test/auto/PublisherPort6.xml
----------------- Instantiating /home/travis/build/icyphy/ptII/ptolemy/actor/lib/test/auto/PublisherPort6.xml
2 ms. Memory: 291840K Free: 197877K (68%)
----------------- Invoking toplevel() on ptolemy.moml.MoMLSimpleApplication@165a35bf
----------------- Done invoking toplevel() on ptolemy.moml.MoMLSimpleApplication@165a35bf
reloadAllAccessors: .PublisherPort6

===========================================================================================
----------------- testing Tue Sep 03 05:38:41 UTC 2019 /home/travis/build/icyphy/ptII/ptolemy/actor/lib/test/auto/PublisherPort7.xml
----------------- Instantiating /home/travis/build/icyphy/ptII/ptolemy/actor/lib/test/auto/PublisherPort7.xml
3 ms. Memory: 291840K Free: 190199K (65%)
----------------- Invoking toplevel() on ptolemy.moml.MoMLSimpleApplication@5d96bb3e
----------------- Done invoking toplevel() on ptolemy.moml.MoMLSimpleApplication@5d96bb3e
reloadAllAccessors: .PublisherPort7

===========================================================================================
----------------- testing Tue Sep 03 05:38:41 UTC 2019 /home/travis/build/icyphy/ptII/ptolemy/actor/lib/test/auto/PublisherPort8.xml
----------------- Instantiating /home/travis/build/icyphy/ptII/ptolemy/actor/lib/test/auto/PublisherPort8.xml
4 ms. Memory: 291840K Free: 181493K (62%)
----------------- Invoking toplevel() on ptolemy.moml.MoMLSimpleApplication@68a5151a
----------------- Done invoking toplevel() on ptolemy.moml.MoMLSimpleApplication@68a5151a
reloadAllAccessors: .PublisherPort8

===========================================================================================
----------------- testing Tue Sep 03 05:38:41 UTC 2019 /home/travis/build/icyphy/ptII/ptolemy/actor/lib/test/auto/PublisherPortSubscriberChannelVariablesAOC2.xml
----------------- Instantiating /home/travis/build/icyphy/ptII/ptolemy/actor/lib/test/auto/PublisherPortSubscriberChannelVariablesAOC2.xml
3 ms. Memory: 291840K Free: 163575K (56%)
----------------- Invoking toplevel() on ptolemy.moml.MoMLSimpleApplication@520fe1b6
----------------- Done invoking toplevel() on ptolemy.moml.MoMLSimpleApplication@520fe1b6
reloadAllAccessors: .PublisherPortSubscriberChannelVariablesAOC2

===========================================================================================
----------------- testing Tue Sep 03 05:38:41 UTC 2019 /home/travis/build/icyphy/ptII/ptolemy/actor/lib/test/auto/PublisherPortSubscriberOpaqueWidthInference.xml
----------------- Instantiating /home/travis/build/icyphy/ptII/ptolemy/actor/lib/test/auto/PublisherPortSubscriberOpaqueWidthInference.xml
4 ms. Memory: 291840K Free: 155879K (53%)
----------------- Invoking toplevel() on ptolemy.moml.MoMLSimpleApplication@5e1253b0
----------------- Done invoking toplevel() on ptolemy.moml.MoMLSimpleApplication@5e1253b0
reloadAllAccessors: .PublisherPortSubscriberOpaqueWidthInference

===========================================================================================
----------------- testing Tue Sep 03 05:38:41 UTC 2019 /home/travis/build/icyphy/ptII/ptolemy/actor/lib/test/auto/PublisherPortSubscriberPortAdjacent.xml
----------------- Instantiating /home/travis/build/icyphy/ptII/ptolemy/actor/lib/test/auto/PublisherPortSubscriberPortAdjacent.xml
2 ms. Memory: 291840K Free: 147701K (51%)
----------------- Invoking toplevel() on ptolemy.moml.MoMLSimpleApplication@3393f058
----------------- Done invoking toplevel() on ptolemy.moml.MoMLSimpleApplication@3393f058
reloadAllAccessors: .PublisherPortSubscriberPortAdjacent

===========================================================================================
----------------- testing Tue Sep 03 05:38:41 UTC 2019 /home/travis/build/icyphy/ptII/ptolemy/actor/lib/test/auto/PublisherPortSubscriberPortExpression.xml
----------------- Instantiating /home/travis/build/icyphy/ptII/ptolemy/actor/lib/test/auto/PublisherPortSubscriberPortExpression.xml
7 ms. Memory: 291840K Free: 140023K (48%)
----------------- Invoking toplevel() on ptolemy.moml.MoMLSimpleApplication@7345d330
----------------- Done invoking toplevel() on ptolemy.moml.MoMLSimpleApplication@7345d330
reloadAllAccessors: .PublisherPortSubscriberPortExpression

===========================================================================================
----------------- testing Tue Sep 03 05:38:41 UTC 2019 /home/travis/build/icyphy/ptII/ptolemy/actor/lib/test/auto/PublisherPortSubscriberPortOpaqueD3Reverse.xml
----------------- Instantiating /home/travis/build/icyphy/ptII/ptolemy/actor/lib/test/auto/PublisherPortSubscriberPortOpaqueD3Reverse.xml
5 ms. Memory: 291840K Free: 129783K (44%)
----------------- Invoking toplevel() on ptolemy.moml.MoMLSimpleApplication@72832e2
----------------- Done invoking toplevel() on ptolemy.moml.MoMLSimpleApplication@72832e2
reloadAllAccessors: .PublisherPortSubscriberPortOpaqueD3Reverse

===========================================================================================
----------------- testing Tue Sep 03 05:38:41 UTC 2019 /home/travis/build/icyphy/ptII/ptolemy/actor/lib/test/auto/PublisherPortSubscriberPortOpaqueWidthInference.xml
----------------- Instantiating /home/travis/build/icyphy/ptII/ptolemy/actor/lib/test/auto/PublisherPortSubscriberPortOpaqueWidthInference.xml
4 ms. Memory: 291840K Free: 122087K (42%)
----------------- Invoking toplevel() on ptolemy.moml.MoMLSimpleApplication@2230265c
----------------- Done invoking toplevel() on ptolemy.moml.MoMLSimpleApplication@2230265c
reloadAllAccessors: .PublisherPortSubscriberPortOpaqueWidthInference

===========================================================================================
----------------- testing Tue Sep 03 05:38:41 UTC 2019 /home/travis/build/icyphy/ptII/ptolemy/actor/lib/test/auto/PublisherPortToplevelSubscriberPortAOC.xml
----------------- Instantiating /home/travis/build/icyphy/ptII/ptolemy/actor/lib/test/auto/PublisherPortToplevelSubscriberPortAOC.xml
.PublisherPortToplevelSubscriberPortAOC.TestExceptionAttribute: initialize() was not invoked, but wrapup() was.  This is unusual, but not always a problem.  For example, exporting JNLP will do this.
1 ms. Memory: 291840K Free: 116471K (40%)
----------------- Invoking toplevel() on ptolemy.moml.MoMLSimpleApplication@8613f8a
----------------- Done invoking toplevel() on ptolemy.moml.MoMLSimpleApplication@8613f8a
reloadAllAccessors: .PublisherPortToplevelSubscriberPortAOC

===========================================================================================
----------------- testing Tue Sep 03 05:38:41 UTC 2019 /home/travis/build/icyphy/ptII/ptolemy/actor/lib/test/auto/PublisherSubscriber.xml
----------------- Instantiating /home/travis/build/icyphy/ptII/ptolemy/actor/lib/test/auto/PublisherSubscriber.xml
3 ms. Memory: 291840K Free: 109783K (38%)
----------------- Invoking toplevel() on ptolemy.moml.MoMLSimpleApplication@2db8bcea
----------------- Done invoking toplevel() on ptolemy.moml.MoMLSimpleApplication@2db8bcea
reloadAllAccessors: .PublisherSubscriber

===========================================================================================
----------------- testing Tue Sep 03 05:38:41 UTC 2019 /home/travis/build/icyphy/ptII/ptolemy/actor/lib/test/auto/PublisherSubscriber10.xml
----------------- Instantiating /home/travis/build/icyphy/ptII/ptolemy/actor/lib/test/auto/PublisherSubscriber10.xml
6 ms. Memory: 291840K Free: 100087K (34%)
----------------- Invoking toplevel() on ptolemy.moml.MoMLSimpleApplication@6a3fc0e2
----------------- Done invoking toplevel() on ptolemy.moml.MoMLSimpleApplication@6a3fc0e2
reloadAllAccessors: .PublisherSubscriber10

===========================================================================================
----------------- testing Tue Sep 03 05:38:41 UTC 2019 /home/travis/build/icyphy/ptII/ptolemy/actor/lib/test/auto/PublisherSubscriber10InitialOutputs.xml
----------------- Instantiating /home/travis/build/icyphy/ptII/ptolemy/actor/lib/test/auto/PublisherSubscriber10InitialOutputs.xml
25 ms. Memory: 291840K Free: 90871K (31%)
----------------- Invoking toplevel() on ptolemy.moml.MoMLSimpleApplication@31c5da21
----------------- Done invoking toplevel() on ptolemy.moml.MoMLSimpleApplication@31c5da21
reloadAllAccessors: .PublisherSubscriber10InitialOutputs

===========================================================================================
----------------- testing Tue Sep 03 05:38:42 UTC 2019 /home/travis/build/icyphy/ptII/ptolemy/actor/lib/test/auto/PublisherSubscriber11.xml
----------------- Instantiating /home/travis/build/icyphy/ptII/ptolemy/actor/lib/test/auto/PublisherSubscriber11.xml
3 ms. Memory: 291840K Free: 84727K (29%)
----------------- Invoking toplevel() on ptolemy.moml.MoMLSimpleApplication@3b1d8d97
----------------- Done invoking toplevel() on ptolemy.moml.MoMLSimpleApplication@3b1d8d97
reloadAllAccessors: .PublisherSubscriber11

===========================================================================================
----------------- testing Tue Sep 03 05:38:42 UTC 2019 /home/travis/build/icyphy/ptII/ptolemy/actor/lib/test/auto/PublisherSubscriber12.xml
----------------- Instantiating /home/travis/build/icyphy/ptII/ptolemy/actor/lib/test/auto/PublisherSubscriber12.xml
6 ms. Memory: 291840K Free: 78069K (27%)
----------------- Invoking toplevel() on ptolemy.moml.MoMLSimpleApplication@4629fa3f
----------------- Done invoking toplevel() on ptolemy.moml.MoMLSimpleApplication@4629fa3f
reloadAllAccessors: .PublisherSubscriber12

===========================================================================================
----------------- testing Tue Sep 03 05:38:42 UTC 2019 /home/travis/build/icyphy/ptII/ptolemy/actor/lib/test/auto/PublisherSubscriber13.xml
----------------- Instantiating /home/travis/build/icyphy/ptII/ptolemy/actor/lib/test/auto/PublisherSubscriber13.xml
1 ms. Memory: 291840K Free: 72439K (25%)
----------------- Invoking toplevel() on ptolemy.moml.MoMLSimpleApplication@6d9f6e7d
----------------- Done invoking toplevel() on ptolemy.moml.MoMLSimpleApplication@6d9f6e7d
reloadAllAccessors: .PublisherSubscriber13

===========================================================================================
----------------- testing Tue Sep 03 05:38:42 UTC 2019 /home/travis/build/icyphy/ptII/ptolemy/actor/lib/test/auto/PublisherSubscriber14.xml
----------------- Instantiating /home/travis/build/icyphy/ptII/ptolemy/actor/lib/test/auto/PublisherSubscriber14.xml
2 ms. Memory: 291840K Free: 235409K (81%)
----------------- Invoking toplevel() on ptolemy.moml.MoMLSimpleApplication@2f6a1dcb
----------------- Done invoking toplevel() on ptolemy.moml.MoMLSimpleApplication@2f6a1dcb
reloadAllAccessors: .PublisherSubscriber14

===========================================================================================
----------------- testing Tue Sep 03 05:38:42 UTC 2019 /home/travis/build/icyphy/ptII/ptolemy/actor/lib/test/auto/PublisherSubscriber2.xml
----------------- Instantiating /home/travis/build/icyphy/ptII/ptolemy/actor/lib/test/auto/PublisherSubscriber2.xml
3 ms. Memory: 291840K Free: 229793K (79%)
----------------- Invoking toplevel() on ptolemy.moml.MoMLSimpleApplication@67ab642c
----------------- Done invoking toplevel() on ptolemy.moml.MoMLSimpleApplication@67ab642c
reloadAllAccessors: .PublisherSubscriber2

===========================================================================================
----------------- testing Tue Sep 03 05:38:42 UTC 2019 /home/travis/build/icyphy/ptII/ptolemy/actor/lib/test/auto/PublisherSubscriber3.xml
----------------- Instantiating /home/travis/build/icyphy/ptII/ptolemy/actor/lib/test/auto/PublisherSubscriber3.xml
2 ms. Memory: 291840K Free: 224145K (77%)
----------------- Invoking toplevel() on ptolemy.moml.MoMLSimpleApplication@4a78b8d8
----------------- Done invoking toplevel() on ptolemy.moml.MoMLSimpleApplication@4a78b8d8
reloadAllAccessors: .PublisherSubscriber3

===========================================================================================
----------------- testing Tue Sep 03 05:38:42 UTC 2019 /home/travis/build/icyphy/ptII/ptolemy/actor/lib/test/auto/PublisherSubscriber4.xml
----------------- Instantiating /home/travis/build/icyphy/ptII/ptolemy/actor/lib/test/auto/PublisherSubscriber4.xml
2 ms. Memory: 291840K Free: 219009K (75%)
----------------- Invoking toplevel() on ptolemy.moml.MoMLSimpleApplication@45109ba
----------------- Done invoking toplevel() on ptolemy.moml.MoMLSimpleApplication@45109ba
reloadAllAccessors: .PublisherSubscriber4

===========================================================================================
----------------- testing Tue Sep 03 05:38:42 UTC 2019 /home/travis/build/icyphy/ptII/ptolemy/actor/lib/test/auto/PublisherSubscriber5.xml
----------------- Instantiating /home/travis/build/icyphy/ptII/ptolemy/actor/lib/test/auto/PublisherSubscriber5.xml
2 ms. Memory: 291840K Free: 212385K (73%)
----------------- Invoking toplevel() on ptolemy.moml.MoMLSimpleApplication@51863259
----------------- Done invoking toplevel() on ptolemy.moml.MoMLSimpleApplication@51863259
reloadAllAccessors: .PublisherSubscriber5

===========================================================================================
----------------- testing Tue Sep 03 05:38:42 UTC 2019 /home/travis/build/icyphy/ptII/ptolemy/actor/lib/test/auto/PublisherSubscriber6.xml
----------------- Instantiating /home/travis/build/icyphy/ptII/ptolemy/actor/lib/test/auto/PublisherSubscriber6.xml
4 ms. Memory: 291840K Free: 205721K (70%)
----------------- Invoking toplevel() on ptolemy.moml.MoMLSimpleApplication@59cf6b3c
----------------- Done invoking toplevel() on ptolemy.moml.MoMLSimpleApplication@59cf6b3c
reloadAllAccessors: .PublisherSubscriber6

===========================================================================================
----------------- testing Tue Sep 03 05:38:42 UTC 2019 /home/travis/build/icyphy/ptII/ptolemy/actor/lib/test/auto/PublisherSubscriber7.xml
----------------- Instantiating /home/travis/build/icyphy/ptII/ptolemy/actor/lib/test/auto/PublisherSubscriber7.xml
8 ms. Memory: 291840K Free: 199583K (68%)
----------------- Invoking toplevel() on ptolemy.moml.MoMLSimpleApplication@6109d4c6
----------------- Done invoking toplevel() on ptolemy.moml.MoMLSimpleApplication@6109d4c6
reloadAllAccessors: .PublisherSubscriber7

===========================================================================================
----------------- testing Tue Sep 03 05:38:42 UTC 2019 /home/travis/build/icyphy/ptII/ptolemy/actor/lib/test/auto/PublisherSubscriber8.xml
----------------- Instantiating /home/travis/build/icyphy/ptII/ptolemy/actor/lib/test/auto/PublisherSubscriber8.xml
21 ms. Memory: 291840K Free: 187809K (64%)
----------------- Invoking toplevel() on ptolemy.moml.MoMLSimpleApplication@5f0e50fa
----------------- Done invoking toplevel() on ptolemy.moml.MoMLSimpleApplication@5f0e50fa
reloadAllAccessors: .PublisherSubscriber8

===========================================================================================
----------------- testing Tue Sep 03 05:38:42 UTC 2019 /home/travis/build/icyphy/ptII/ptolemy/actor/lib/test/auto/PublisherSubscriber9.xml
----------------- Instantiating /home/travis/build/icyphy/ptII/ptolemy/actor/lib/test/auto/PublisherSubscriber9.xml
4 ms. Memory: 291840K Free: 180641K (62%)
----------------- Invoking toplevel() on ptolemy.moml.MoMLSimpleApplication@1cb2d0a4
----------------- Done invoking toplevel() on ptolemy.moml.MoMLSimpleApplication@1cb2d0a4
reloadAllAccessors: .PublisherSubscriber9

===========================================================================================
----------------- testing Tue Sep 03 05:38:42 UTC 2019 /home/travis/build/icyphy/ptII/ptolemy/actor/lib/test/auto/PublisherSubscriberAdjacent.xml
----------------- Instantiating /home/travis/build/icyphy/ptII/ptolemy/actor/lib/test/auto/PublisherSubscriberAdjacent.xml
2 ms. Memory: 291840K Free: 172449K (59%)
----------------- Invoking toplevel() on ptolemy.moml.MoMLSimpleApplication@39bb67d7
----------------- Done invoking toplevel() on ptolemy.moml.MoMLSimpleApplication@39bb67d7
reloadAllAccessors: .PublisherSubscriberAdjacent

===========================================================================================
----------------- testing Tue Sep 03 05:38:42 UTC 2019 /home/travis/build/icyphy/ptII/ptolemy/actor/lib/test/auto/PublisherSubscriberChannelVariablesAOC2.xml
----------------- Instantiating /home/travis/build/icyphy/ptII/ptolemy/actor/lib/test/auto/PublisherSubscriberChannelVariablesAOC2.xml
6 ms. Memory: 291840K Free: 157599K (54%)
----------------- Invoking toplevel() on ptolemy.moml.MoMLSimpleApplication@216a3948
----------------- Done invoking toplevel() on ptolemy.moml.MoMLSimpleApplication@216a3948
reloadAllAccessors: .PublisherSubscriberChannelVariablesAOC2

===========================================================================================
----------------- testing Tue Sep 03 05:38:42 UTC 2019 /home/travis/build/icyphy/ptII/ptolemy/actor/lib/test/auto/PublisherSubscriberD3.xml
----------------- Instantiating /home/travis/build/icyphy/ptII/ptolemy/actor/lib/test/auto/PublisherSubscriberD3.xml
1 ms. Memory: 291840K Free: 150431K (52%)
----------------- Invoking toplevel() on ptolemy.moml.MoMLSimpleApplication@582d269a
----------------- Done invoking toplevel() on ptolemy.moml.MoMLSimpleApplication@582d269a
reloadAllAccessors: .PublisherSubscriberD3

===========================================================================================
----------------- testing Tue Sep 03 05:38:42 UTC 2019 /home/travis/build/icyphy/ptII/ptolemy/actor/lib/test/auto/PublisherSubscriberD3Reverse.xml
----------------- Instantiating /home/travis/build/icyphy/ptII/ptolemy/actor/lib/test/auto/PublisherSubscriberD3Reverse.xml
1 ms. Memory: 291840K Free: 144801K (50%)
----------------- Invoking toplevel() on ptolemy.moml.MoMLSimpleApplication@2793d850
----------------- Done invoking toplevel() on ptolemy.moml.MoMLSimpleApplication@2793d850
reloadAllAccessors: .PublisherSubscriberD3Reverse

===========================================================================================
----------------- testing Tue Sep 03 05:38:42 UTC 2019 /home/travis/build/icyphy/ptII/ptolemy/actor/lib/test/auto/PublisherSubscriberExpression.xml
----------------- Instantiating /home/travis/build/icyphy/ptII/ptolemy/actor/lib/test/auto/PublisherSubscriberExpression.xml
4 ms. Memory: 291840K Free: 136081K (47%)
----------------- Invoking toplevel() on ptolemy.moml.MoMLSimpleApplication@42d03f06
----------------- Done invoking toplevel() on ptolemy.moml.MoMLSimpleApplication@42d03f06
reloadAllAccessors: .PublisherSubscriberExpression

===========================================================================================
----------------- testing Tue Sep 03 05:38:42 UTC 2019 /home/travis/build/icyphy/ptII/ptolemy/actor/lib/test/auto/PublisherSubscriberOpaque.xml
----------------- Instantiating /home/travis/build/icyphy/ptII/ptolemy/actor/lib/test/auto/PublisherSubscriberOpaque.xml
4 ms. Memory: 291840K Free: 127903K (44%)
----------------- Invoking toplevel() on ptolemy.moml.MoMLSimpleApplication@457306ef
----------------- Done invoking toplevel() on ptolemy.moml.MoMLSimpleApplication@457306ef
reloadAllAccessors: .PublisherSubscriberOpaque

===========================================================================================
----------------- testing Tue Sep 03 05:38:42 UTC 2019 /home/travis/build/icyphy/ptII/ptolemy/actor/lib/test/auto/PublisherSubscriberOpaqueD3.xml
----------------- Instantiating /home/travis/build/icyphy/ptII/ptolemy/actor/lib/test/auto/PublisherSubscriberOpaqueD3.xml
7 ms. Memory: 291840K Free: 116639K (40%)
----------------- Invoking toplevel() on ptolemy.moml.MoMLSimpleApplication@2ae24863
----------------- Done invoking toplevel() on ptolemy.moml.MoMLSimpleApplication@2ae24863
reloadAllAccessors: .PublisherSubscriberOpaqueD3

===========================================================================================
----------------- testing Tue Sep 03 05:38:42 UTC 2019 /home/travis/build/icyphy/ptII/ptolemy/actor/lib/test/auto/PublisherSubscriberOpaqueD3Reverse.xml
----------------- Instantiating /home/travis/build/icyphy/ptII/ptolemy/actor/lib/test/auto/PublisherSubscriberOpaqueD3Reverse.xml
8 ms. Memory: 291840K Free: 105889K (36%)
----------------- Invoking toplevel() on ptolemy.moml.MoMLSimpleApplication@4335d853
----------------- Done invoking toplevel() on ptolemy.moml.MoMLSimpleApplication@4335d853
reloadAllAccessors: .PublisherSubscriberOpaqueD3Reverse

===========================================================================================
----------------- testing Tue Sep 03 05:38:42 UTC 2019 /home/travis/build/icyphy/ptII/ptolemy/actor/lib/test/auto/PublisherSubscriberOpaqueWidthInference.xml
----------------- Instantiating /home/travis/build/icyphy/ptII/ptolemy/actor/lib/test/auto/PublisherSubscriberOpaqueWidthInference.xml
4 ms. Memory: 291840K Free: 97697K (33%)
----------------- Invoking toplevel() on ptolemy.moml.MoMLSimpleApplication@5e970984
----------------- Done invoking toplevel() on ptolemy.moml.MoMLSimpleApplication@5e970984
reloadAllAccessors: .PublisherSubscriberOpaqueWidthInference

===========================================================================================
----------------- testing Tue Sep 03 05:38:42 UTC 2019 /home/travis/build/icyphy/ptII/ptolemy/actor/lib/test/auto/PublisherTestSubscriber.xml
----------------- Instantiating /home/travis/build/icyphy/ptII/ptolemy/actor/lib/test/auto/PublisherTestSubscriber.xml
3 ms. Memory: 291840K Free: 90009K (31%)
----------------- Invoking toplevel() on ptolemy.moml.MoMLSimpleApplication@130c7b7f
----------------- Done invoking toplevel() on ptolemy.moml.MoMLSimpleApplication@130c7b7f
reloadAllAccessors: .PublisherTestSubscriber

===========================================================================================
----------------- testing Tue Sep 03 05:38:42 UTC 2019 /home/travis/build/icyphy/ptII/ptolemy/actor/lib/test/auto/PublisherToplevelSubscriberPortAOC.xml
----------------- Instantiating /home/travis/build/icyphy/ptII/ptolemy/actor/lib/test/auto/PublisherToplevelSubscriberPortAOC.xml
2 ms. Memory: 291840K Free: 83361K (29%)
----------------- Invoking toplevel() on ptolemy.moml.MoMLSimpleApplication@563b574
----------------- Done invoking toplevel() on ptolemy.moml.MoMLSimpleApplication@563b574
reloadAllAccessors: .PublisherToplevelSubscriberPortAOC

===========================================================================================
----------------- testing Tue Sep 03 05:38:42 UTC 2019 /home/travis/build/icyphy/ptII/ptolemy/actor/lib/test/auto/PulseFiringLimitDE.xml
----------------- Instantiating /home/travis/build/icyphy/ptII/ptolemy/actor/lib/test/auto/PulseFiringLimitDE.xml
2 ms. Memory: 291840K Free: 77727K (27%)
----------------- Invoking toplevel() on ptolemy.moml.MoMLSimpleApplication@7f409366
----------------- Done invoking toplevel() on ptolemy.moml.MoMLSimpleApplication@7f409366
reloadAllAccessors: .PulseFiringLimitDE

===========================================================================================
----------------- testing Tue Sep 03 05:38:42 UTC 2019 /home/travis/build/icyphy/ptII/ptolemy/actor/lib/test/auto/Ramp1.xml
----------------- Instantiating /home/travis/build/icyphy/ptII/ptolemy/actor/lib/test/auto/Ramp1.xml
2 ms. Memory: 291840K Free: 73625K (25%)
----------------- Invoking toplevel() on ptolemy.moml.MoMLSimpleApplication@5665f01
----------------- Done invoking toplevel() on ptolemy.moml.MoMLSimpleApplication@5665f01
reloadAllAccessors: .Ramp1

===========================================================================================
----------------- testing Tue Sep 03 05:38:42 UTC 2019 /home/travis/build/icyphy/ptII/ptolemy/actor/lib/test/auto/RampFiringLimitDE.xml
----------------- Instantiating /home/travis/build/icyphy/ptII/ptolemy/actor/lib/test/auto/RampFiringLimitDE.xml
2 ms. Memory: 291840K Free: 238730K (82%)
----------------- Invoking toplevel() on ptolemy.moml.MoMLSimpleApplication@6fe001a9
----------------- Done invoking toplevel() on ptolemy.moml.MoMLSimpleApplication@6fe001a9
reloadAllAccessors: .RampFiringLimitDE

===========================================================================================
----------------- testing Tue Sep 03 05:38:42 UTC 2019 /home/travis/build/icyphy/ptII/ptolemy/actor/lib/test/auto/RampFiringLimitSDF.xml
----------------- Instantiating /home/travis/build/icyphy/ptII/ptolemy/actor/lib/test/auto/RampFiringLimitSDF.xml
2 ms. Memory: 291840K Free: 233610K (80%)
----------------- Invoking toplevel() on ptolemy.moml.MoMLSimpleApplication@5c6b8446
----------------- Done invoking toplevel() on ptolemy.moml.MoMLSimpleApplication@5c6b8446
reloadAllAccessors: .RampFiringLimitSDF

===========================================================================================
----------------- testing Tue Sep 03 05:38:42 UTC 2019 /home/travis/build/icyphy/ptII/ptolemy/actor/lib/test/auto/RandomInteger.xml
----------------- Instantiating /home/travis/build/icyphy/ptII/ptolemy/actor/lib/test/auto/RandomInteger.xml
1 ms. Memory: 291840K Free: 229528K (79%)
----------------- Invoking toplevel() on ptolemy.moml.MoMLSimpleApplication@3f3d6b43
----------------- Done invoking toplevel() on ptolemy.moml.MoMLSimpleApplication@3f3d6b43
reloadAllAccessors: .RandomInteger

===========================================================================================
----------------- testing Tue Sep 03 05:38:42 UTC 2019 /home/travis/build/icyphy/ptII/ptolemy/actor/lib/test/auto/ReadFile1.xml
----------------- Instantiating /home/travis/build/icyphy/ptII/ptolemy/actor/lib/test/auto/ReadFile1.xml
1 ms. Memory: 291840K Free: 224922K (77%)
----------------- Invoking toplevel() on ptolemy.moml.MoMLSimpleApplication@12238b56
----------------- Done invoking toplevel() on ptolemy.moml.MoMLSimpleApplication@12238b56
reloadAllAccessors: .ReadFile1

===========================================================================================
----------------- testing Tue Sep 03 05:38:42 UTC 2019 /home/travis/build/icyphy/ptII/ptolemy/actor/lib/test/auto/ReadFile2.xml
----------------- Instantiating /home/travis/build/icyphy/ptII/ptolemy/actor/lib/test/auto/ReadFile2.xml
1 ms. Memory: 291840K Free: 220826K (76%)
----------------- Invoking toplevel() on ptolemy.moml.MoMLSimpleApplication@7972221e
----------------- Done invoking toplevel() on ptolemy.moml.MoMLSimpleApplication@7972221e
reloadAllAccessors: .ReadFile2

===========================================================================================
----------------- testing Tue Sep 03 05:38:42 UTC 2019 /home/travis/build/icyphy/ptII/ptolemy/actor/lib/test/auto/Reader.xml
----------------- Instantiating /home/travis/build/icyphy/ptII/ptolemy/actor/lib/test/auto/Reader.xml
actor.lib.Reader is obsolete, use actor.lib.io.ExpressionReader instead
4 ms. Memory: 291840K Free: 216730K (74%)
----------------- Invoking toplevel() on ptolemy.moml.MoMLSimpleApplication@68c56508
----------------- Done invoking toplevel() on ptolemy.moml.MoMLSimpleApplication@68c56508
reloadAllAccessors: .Reader

===========================================================================================
----------------- testing Tue Sep 03 05:38:42 UTC 2019 /home/travis/build/icyphy/ptII/ptolemy/actor/lib/test/auto/RecordAssemblerDisplayNameTest.xml
----------------- Instantiating /home/travis/build/icyphy/ptII/ptolemy/actor/lib/test/auto/RecordAssemblerDisplayNameTest.xml
3612 ms. Memory: 291840K Free: 209160K (72%)
----------------- Invoking toplevel() on ptolemy.moml.MoMLSimpleApplication@6e567153
----------------- Done invoking toplevel() on ptolemy.moml.MoMLSimpleApplication@6e567153
reloadAllAccessors: .RecordAssemblerDisplayNameTest

===========================================================================================
----------------- testing Tue Sep 03 05:38:46 UTC 2019 /home/travis/build/icyphy/ptII/ptolemy/actor/lib/test/auto/RecordAssemblerTypeError.xml
----------------- Instantiating /home/travis/build/icyphy/ptII/ptolemy/actor/lib/test/auto/RecordAssemblerTypeError.xml
16 ms. Memory: 291840K Free: 199430K (68%)
----------------- Invoking toplevel() on ptolemy.moml.MoMLSimpleApplication@2613352d
----------------- Done invoking toplevel() on ptolemy.moml.MoMLSimpleApplication@2613352d
reloadAllAccessors: .RecordAssemblerTypeError

===========================================================================================
----------------- testing Tue Sep 03 05:38:46 UTC 2019 /home/travis/build/icyphy/ptII/ptolemy/actor/lib/test/auto/RecordDisassember.xml
----------------- Instantiating /home/travis/build/icyphy/ptII/ptolemy/actor/lib/test/auto/RecordDisassember.xml
3 ms. Memory: 291840K Free: 194824K (67%)
----------------- Invoking toplevel() on ptolemy.moml.MoMLSimpleApplication@72ccaba4
----------------- Done invoking toplevel() on ptolemy.moml.MoMLSimpleApplication@72ccaba4
reloadAllAccessors: .RecordDisassember

===========================================================================================
----------------- testing Tue Sep 03 05:38:46 UTC 2019 /home/travis/build/icyphy/ptII/ptolemy/actor/lib/test/auto/RecordDisassemberDisplayNameTest.xml
----------------- Instantiating /home/travis/build/icyphy/ptII/ptolemy/actor/lib/test/auto/RecordDisassemberDisplayNameTest.xml
6 ms. Memory: 291840K Free: 187142K (64%)
----------------- Invoking toplevel() on ptolemy.moml.MoMLSimpleApplication@6ebbf317
----------------- Done invoking toplevel() on ptolemy.moml.MoMLSimpleApplication@6ebbf317
reloadAllAccessors: .RecordDisassemberDisplayNameTest

===========================================================================================
----------------- testing Tue Sep 03 05:38:46 UTC 2019 /home/travis/build/icyphy/ptII/ptolemy/actor/lib/test/auto/RecordDisassembler.xml
----------------- Instantiating /home/travis/build/icyphy/ptII/ptolemy/actor/lib/test/auto/RecordDisassembler.xml
3 ms. Memory: 291840K Free: 181992K (62%)
----------------- Invoking toplevel() on ptolemy.moml.MoMLSimpleApplication@28daf634
----------------- Done invoking toplevel() on ptolemy.moml.MoMLSimpleApplication@28daf634
reloadAllAccessors: .RecordDisassembler

===========================================================================================
----------------- testing Tue Sep 03 05:38:46 UTC 2019 /home/travis/build/icyphy/ptII/ptolemy/actor/lib/test/auto/RecordDisassembler2.xml
----------------- Instantiating /home/travis/build/icyphy/ptII/ptolemy/actor/lib/test/auto/RecordDisassembler2.xml
2 ms. Memory: 291840K Free: 176872K (61%)
----------------- Invoking toplevel() on ptolemy.moml.MoMLSimpleApplication@4e87c28b
----------------- Done invoking toplevel() on ptolemy.moml.MoMLSimpleApplication@4e87c28b
reloadAllAccessors: .RecordDisassembler2

===========================================================================================
----------------- testing Tue Sep 03 05:38:46 UTC 2019 /home/travis/build/icyphy/ptII/ptolemy/actor/lib/test/auto/RecordUpdater.xml
----------------- Instantiating /home/travis/build/icyphy/ptII/ptolemy/actor/lib/test/auto/RecordUpdater.xml
2 ms. Memory: 291840K Free: 171782K (59%)
----------------- Invoking toplevel() on ptolemy.moml.MoMLSimpleApplication@51a6e252
----------------- Done invoking toplevel() on ptolemy.moml.MoMLSimpleApplication@51a6e252
reloadAllAccessors: .RecordUpdater

===========================================================================================
----------------- testing Tue Sep 03 05:38:46 UTC 2019 /home/travis/build/icyphy/ptII/ptolemy/actor/lib/test/auto/RecordUpdater2.xml
----------------- Instantiating /home/travis/build/icyphy/ptII/ptolemy/actor/lib/test/auto/RecordUpdater2.xml
2 ms. Memory: 291840K Free: 166662K (57%)
----------------- Invoking toplevel() on ptolemy.moml.MoMLSimpleApplication@7313d3e7
----------------- Done invoking toplevel() on ptolemy.moml.MoMLSimpleApplication@7313d3e7
reloadAllAccessors: .RecordUpdater2

===========================================================================================
----------------- testing Tue Sep 03 05:38:46 UTC 2019 /home/travis/build/icyphy/ptII/ptolemy/actor/lib/test/auto/RecursiveLattice.xml
----------------- Instantiating /home/travis/build/icyphy/ptII/ptolemy/actor/lib/test/auto/RecursiveLattice.xml
1 ms. Memory: 291840K Free: 163080K (56%)
----------------- Invoking toplevel() on ptolemy.moml.MoMLSimpleApplication@8d50652
----------------- Done invoking toplevel() on ptolemy.moml.MoMLSimpleApplication@8d50652
reloadAllAccessors: .RecursiveLattice

===========================================================================================
----------------- testing Tue Sep 03 05:38:46 UTC 2019 /home/travis/build/icyphy/ptII/ptolemy/actor/lib/test/auto/Router.xml
----------------- Instantiating /home/travis/build/icyphy/ptII/ptolemy/actor/lib/test/auto/Router.xml
3004 ms. Memory: 291840K Free: 152840K (52%)
----------------- Invoking toplevel() on ptolemy.moml.MoMLSimpleApplication@68c97e88
----------------- Done invoking toplevel() on ptolemy.moml.MoMLSimpleApplication@68c97e88
reloadAllAccessors: .Router

===========================================================================================
----------------- testing Tue Sep 03 05:38:49 UTC 2019 /home/travis/build/icyphy/ptII/ptolemy/actor/lib/test/auto/Router2.xml
----------------- Instantiating /home/travis/build/icyphy/ptII/ptolemy/actor/lib/test/auto/Router2.xml
3004 ms. Memory: 291840K Free: 143110K (49%)
----------------- Invoking toplevel() on ptolemy.moml.MoMLSimpleApplication@79a1f655
----------------- Done invoking toplevel() on ptolemy.moml.MoMLSimpleApplication@79a1f655
reloadAllAccessors: .Router2

===========================================================================================
----------------- testing Tue Sep 03 05:38:52 UTC 2019 /home/travis/build/icyphy/ptII/ptolemy/actor/lib/test/auto/RunningMaximum.xml
----------------- Instantiating /home/travis/build/icyphy/ptII/ptolemy/actor/lib/test/auto/RunningMaximum.xml
8 ms. Memory: 291840K Free: 138504K (47%)
----------------- Invoking toplevel() on ptolemy.moml.MoMLSimpleApplication@126921d1
----------------- Done invoking toplevel() on ptolemy.moml.MoMLSimpleApplication@126921d1
reloadAllAccessors: .RunningMaximum

===========================================================================================
----------------- testing Tue Sep 03 05:38:52 UTC 2019 /home/travis/build/icyphy/ptII/ptolemy/actor/lib/test/auto/RunningMinimum.xml
----------------- Instantiating /home/travis/build/icyphy/ptII/ptolemy/actor/lib/test/auto/RunningMinimum.xml
9 ms. Memory: 291840K Free: 133894K (46%)
----------------- Invoking toplevel() on ptolemy.moml.MoMLSimpleApplication@347b8ae3
----------------- Done invoking toplevel() on ptolemy.moml.MoMLSimpleApplication@347b8ae3
reloadAllAccessors: .RunningMinimum

===========================================================================================
----------------- testing Tue Sep 03 05:38:52 UTC 2019 /home/travis/build/icyphy/ptII/ptolemy/actor/lib/test/auto/Scale.xml
----------------- Instantiating /home/travis/build/icyphy/ptII/ptolemy/actor/lib/test/auto/Scale.xml
2 ms. Memory: 291840K Free: 129288K (44%)
----------------- Invoking toplevel() on ptolemy.moml.MoMLSimpleApplication@1226c9b8
----------------- Done invoking toplevel() on ptolemy.moml.MoMLSimpleApplication@1226c9b8
reloadAllAccessors: .Scale

===========================================================================================
----------------- testing Tue Sep 03 05:38:52 UTC 2019 /home/travis/build/icyphy/ptII/ptolemy/actor/lib/test/auto/Scale2.xml
----------------- Instantiating /home/travis/build/icyphy/ptII/ptolemy/actor/lib/test/auto/Scale2.xml
2 ms. Memory: 291840K Free: 124678K (43%)
----------------- Invoking toplevel() on ptolemy.moml.MoMLSimpleApplication@35937e0e
----------------- Done invoking toplevel() on ptolemy.moml.MoMLSimpleApplication@35937e0e
reloadAllAccessors: .Scale2

===========================================================================================
----------------- testing Tue Sep 03 05:38:52 UTC 2019 /home/travis/build/icyphy/ptII/ptolemy/actor/lib/test/auto/Scale3.xml
----------------- Instantiating /home/travis/build/icyphy/ptII/ptolemy/actor/lib/test/auto/Scale3.xml
4 ms. Memory: 291840K Free: 118534K (41%)
----------------- Invoking toplevel() on ptolemy.moml.MoMLSimpleApplication@77194490
----------------- Done invoking toplevel() on ptolemy.moml.MoMLSimpleApplication@77194490
reloadAllAccessors: .Scale3

===========================================================================================
----------------- testing Tue Sep 03 05:38:52 UTC 2019 /home/travis/build/icyphy/ptII/ptolemy/actor/lib/test/auto/ScaleArray.xml
----------------- Instantiating /home/travis/build/icyphy/ptII/ptolemy/actor/lib/test/auto/ScaleArray.xml
2 ms. Memory: 291840K Free: 113928K (39%)
----------------- Invoking toplevel() on ptolemy.moml.MoMLSimpleApplication@2ea3414
----------------- Done invoking toplevel() on ptolemy.moml.MoMLSimpleApplication@2ea3414
reloadAllAccessors: .ScaleArray

===========================================================================================
----------------- testing Tue Sep 03 05:38:52 UTC 2019 /home/travis/build/icyphy/ptII/ptolemy/actor/lib/test/auto/ScaleArray2.xml
----------------- Instantiating /home/travis/build/icyphy/ptII/ptolemy/actor/lib/test/auto/ScaleArray2.xml
1 ms. Memory: 291840K Free: 109318K (37%)
----------------- Invoking toplevel() on ptolemy.moml.MoMLSimpleApplication@366160aa
----------------- Done invoking toplevel() on ptolemy.moml.MoMLSimpleApplication@366160aa
reloadAllAccessors: .ScaleArray2

===========================================================================================
----------------- testing Tue Sep 03 05:38:52 UTC 2019 /home/travis/build/icyphy/ptII/ptolemy/actor/lib/test/auto/ScaleMatrix.xml
----------------- Instantiating /home/travis/build/icyphy/ptII/ptolemy/actor/lib/test/auto/ScaleMatrix.xml
171 ms. Memory: 291840K Free: 95496K (33%)
----------------- Invoking toplevel() on ptolemy.moml.MoMLSimpleApplication@5b73eee1
----------------- Done invoking toplevel() on ptolemy.moml.MoMLSimpleApplication@5b73eee1
reloadAllAccessors: .ScaleMatrix

===========================================================================================
----------------- testing Tue Sep 03 05:38:52 UTC 2019 /home/travis/build/icyphy/ptII/ptolemy/actor/lib/test/auto/Select.xml
----------------- Instantiating /home/travis/build/icyphy/ptII/ptolemy/actor/lib/test/auto/Select.xml
2 ms. Memory: 291840K Free: 89352K (31%)
----------------- Invoking toplevel() on ptolemy.moml.MoMLSimpleApplication@24ae738a
----------------- Done invoking toplevel() on ptolemy.moml.MoMLSimpleApplication@24ae738a
reloadAllAccessors: .Select

===========================================================================================
----------------- testing Tue Sep 03 05:38:52 UTC 2019 /home/travis/build/icyphy/ptII/ptolemy/actor/lib/test/auto/Select2.xml
----------------- Instantiating /home/travis/build/icyphy/ptII/ptolemy/actor/lib/test/auto/Select2.xml
1 ms. Memory: 291840K Free: 84742K (29%)
----------------- Invoking toplevel() on ptolemy.moml.MoMLSimpleApplication@7120d34c
----------------- Done invoking toplevel() on ptolemy.moml.MoMLSimpleApplication@7120d34c
reloadAllAccessors: .Select2

===========================================================================================
----------------- testing Tue Sep 03 05:38:52 UTC 2019 /home/travis/build/icyphy/ptII/ptolemy/actor/lib/test/auto/SequenceToArray2.xml
----------------- Instantiating /home/travis/build/icyphy/ptII/ptolemy/actor/lib/test/auto/SequenceToArray2.xml
116 ms. Memory: 291840K Free: 233504K (80%)
----------------- Invoking toplevel() on ptolemy.moml.MoMLSimpleApplication@7000ab3f
----------------- Done invoking toplevel() on ptolemy.moml.MoMLSimpleApplication@7000ab3f
reloadAllAccessors: .SequenceToArray2

===========================================================================================
----------------- testing Tue Sep 03 05:38:52 UTC 2019 /home/travis/build/icyphy/ptII/ptolemy/actor/lib/test/auto/SequentialClock.xml
----------------- Instantiating /home/travis/build/icyphy/ptII/ptolemy/actor/lib/test/auto/SequentialClock.xml
1 ms. Memory: 291840K Free: 228894K (78%)
----------------- Invoking toplevel() on ptolemy.moml.MoMLSimpleApplication@76541f19
----------------- Done invoking toplevel() on ptolemy.moml.MoMLSimpleApplication@76541f19
reloadAllAccessors: .SequentialClock

===========================================================================================
----------------- testing Tue Sep 03 05:38:52 UTC 2019 /home/travis/build/icyphy/ptII/ptolemy/actor/lib/test/auto/SetVariable.xml
----------------- Instantiating /home/travis/build/icyphy/ptII/ptolemy/actor/lib/test/auto/SetVariable.xml
3 ms. Memory: 291840K Free: 224288K (77%)
----------------- Invoking toplevel() on ptolemy.moml.MoMLSimpleApplication@2507c5c2
----------------- Done invoking toplevel() on ptolemy.moml.MoMLSimpleApplication@2507c5c2
reloadAllAccessors: .SetVariable

===========================================================================================
----------------- testing Tue Sep 03 05:38:52 UTC 2019 /home/travis/build/icyphy/ptII/ptolemy/actor/lib/test/auto/SetVariable2.xml
----------------- Instantiating /home/travis/build/icyphy/ptII/ptolemy/actor/lib/test/auto/SetVariable2.xml
2 ms. Memory: 291840K Free: 219168K (75%)
----------------- Invoking toplevel() on ptolemy.moml.MoMLSimpleApplication@658a9c5c
----------------- Done invoking toplevel() on ptolemy.moml.MoMLSimpleApplication@658a9c5c
reloadAllAccessors: .SetVariable2

===========================================================================================
----------------- testing Tue Sep 03 05:38:52 UTC 2019 /home/travis/build/icyphy/ptII/ptolemy/actor/lib/test/auto/SetVariable3.xml
----------------- Instantiating /home/travis/build/icyphy/ptII/ptolemy/actor/lib/test/auto/SetVariable3.xml
7 ms. Memory: 291840K Free: 214048K (73%)
----------------- Invoking toplevel() on ptolemy.moml.MoMLSimpleApplication@70563ad6
----------------- Done invoking toplevel() on ptolemy.moml.MoMLSimpleApplication@70563ad6
reloadAllAccessors: .SetVariable3

===========================================================================================
----------------- testing Tue Sep 03 05:38:52 UTC 2019 /home/travis/build/icyphy/ptII/ptolemy/actor/lib/test/auto/SetVariable4.xml
----------------- Instantiating /home/travis/build/icyphy/ptII/ptolemy/actor/lib/test/auto/SetVariable4.xml
12 ms. Memory: 291840K Free: 204830K (70%)
----------------- Invoking toplevel() on ptolemy.moml.MoMLSimpleApplication@17a2d9ea
----------------- Done invoking toplevel() on ptolemy.moml.MoMLSimpleApplication@17a2d9ea
reloadAllAccessors: .SetVariable4

===========================================================================================
----------------- testing Tue Sep 03 05:38:53 UTC 2019 /home/travis/build/icyphy/ptII/ptolemy/actor/lib/test/auto/SetVariable5.xml
----------------- Instantiating /home/travis/build/icyphy/ptII/ptolemy/actor/lib/test/auto/SetVariable5.xml
16 ms. Memory: 291840K Free: 195616K (67%)
----------------- Invoking toplevel() on ptolemy.moml.MoMLSimpleApplication@22dd728d
----------------- Done invoking toplevel() on ptolemy.moml.MoMLSimpleApplication@22dd728d
reloadAllAccessors: .SetVariable5

===========================================================================================
----------------- testing Tue Sep 03 05:38:53 UTC 2019 /home/travis/build/icyphy/ptII/ptolemy/actor/lib/test/auto/Sinewave.xml
----------------- Instantiating /home/travis/build/icyphy/ptII/ptolemy/actor/lib/test/auto/Sinewave.xml
4 ms. Memory: 291840K Free: 185376K (64%)
----------------- Invoking toplevel() on ptolemy.moml.MoMLSimpleApplication@15cc7c59
----------------- Done invoking toplevel() on ptolemy.moml.MoMLSimpleApplication@15cc7c59
reloadAllAccessors: .Sinewave

===========================================================================================
----------------- testing Tue Sep 03 05:38:53 UTC 2019 /home/travis/build/icyphy/ptII/ptolemy/actor/lib/test/auto/Sinewave2.xml
----------------- Instantiating /home/travis/build/icyphy/ptII/ptolemy/actor/lib/test/auto/Sinewave2.xml
9 ms. Memory: 291840K Free: 177184K (61%)
----------------- Invoking toplevel() on ptolemy.moml.MoMLSimpleApplication@7322400e
----------------- Done invoking toplevel() on ptolemy.moml.MoMLSimpleApplication@7322400e
reloadAllAccessors: .Sinewave2

===========================================================================================
----------------- testing Tue Sep 03 05:38:53 UTC 2019 /home/travis/build/icyphy/ptII/ptolemy/actor/lib/test/auto/Sinewave3.xml
----------------- Instantiating /home/travis/build/icyphy/ptII/ptolemy/actor/lib/test/auto/Sinewave3.xml
12 ms. Memory: 291840K Free: 168992K (58%)
----------------- Invoking toplevel() on ptolemy.moml.MoMLSimpleApplication@41d6195f
----------------- Done invoking toplevel() on ptolemy.moml.MoMLSimpleApplication@41d6195f
reloadAllAccessors: .Sinewave3

===========================================================================================
----------------- testing Tue Sep 03 05:38:53 UTC 2019 /home/travis/build/icyphy/ptII/ptolemy/actor/lib/test/auto/SingleEvent.xml
----------------- Instantiating /home/travis/build/icyphy/ptII/ptolemy/actor/lib/test/auto/SingleEvent.xml
1 ms. Memory: 291840K Free: 164896K (57%)
----------------- Invoking toplevel() on ptolemy.moml.MoMLSimpleApplication@2ee61fee
----------------- Done invoking toplevel() on ptolemy.moml.MoMLSimpleApplication@2ee61fee
reloadAllAccessors: .SingleEvent

===========================================================================================
----------------- testing Tue Sep 03 05:38:53 UTC 2019 /home/travis/build/icyphy/ptII/ptolemy/actor/lib/test/auto/Sleep.xml
----------------- Instantiating /home/travis/build/icyphy/ptII/ptolemy/actor/lib/test/auto/Sleep.xml
6003 ms. Memory: 291840K Free: 159262K (55%)
----------------- Invoking toplevel() on ptolemy.moml.MoMLSimpleApplication@318fe68d
----------------- Done invoking toplevel() on ptolemy.moml.MoMLSimpleApplication@318fe68d
reloadAllAccessors: .Sleep

===========================================================================================
----------------- testing Tue Sep 03 05:38:59 UTC 2019 /home/travis/build/icyphy/ptII/ptolemy/actor/lib/test/auto/SleepMultipleFire.xml
----------------- Instantiating /home/travis/build/icyphy/ptII/ptolemy/actor/lib/test/auto/SleepMultipleFire.xml
1011 ms. Memory: 291840K Free: 153632K (53%)
----------------- Invoking toplevel() on ptolemy.moml.MoMLSimpleApplication@394d5354
----------------- Done invoking toplevel() on ptolemy.moml.MoMLSimpleApplication@394d5354
reloadAllAccessors: .SleepMultipleFire

===========================================================================================
----------------- testing Tue Sep 03 05:39:00 UTC 2019 /home/travis/build/icyphy/ptII/ptolemy/actor/lib/test/auto/StopDE.xml
----------------- Instantiating /home/travis/build/icyphy/ptII/ptolemy/actor/lib/test/auto/StopDE.xml
5 ms. Memory: 291840K Free: 147998K (51%)
----------------- Invoking toplevel() on ptolemy.moml.MoMLSimpleApplication@1fa84a27
----------------- Done invoking toplevel() on ptolemy.moml.MoMLSimpleApplication@1fa84a27
reloadAllAccessors: .StopDE

===========================================================================================
----------------- testing Tue Sep 03 05:39:00 UTC 2019 /home/travis/build/icyphy/ptII/ptolemy/actor/lib/test/auto/StopSDF.xml
----------------- Instantiating /home/travis/build/icyphy/ptII/ptolemy/actor/lib/test/auto/StopSDF.xml
2 ms. Memory: 291840K Free: 142878K (49%)
----------------- Invoking toplevel() on ptolemy.moml.MoMLSimpleApplication@7e460e0c
----------------- Done invoking toplevel() on ptolemy.moml.MoMLSimpleApplication@7e460e0c
reloadAllAccessors: .StopSDF

===========================================================================================
----------------- testing Tue Sep 03 05:39:00 UTC 2019 /home/travis/build/icyphy/ptII/ptolemy/actor/lib/test/auto/StringConstant.xml
----------------- Instantiating /home/travis/build/icyphy/ptII/ptolemy/actor/lib/test/auto/StringConstant.xml
8 ms. Memory: 291840K Free: 138782K (48%)
----------------- Invoking toplevel() on ptolemy.moml.MoMLSimpleApplication@430a79df
----------------- Done invoking toplevel() on ptolemy.moml.MoMLSimpleApplication@430a79df
reloadAllAccessors: .StringConstant

===========================================================================================
----------------- testing Tue Sep 03 05:39:00 UTC 2019 /home/travis/build/icyphy/ptII/ptolemy/actor/lib/test/auto/SubscriberPortInitialValues1.xml
----------------- Instantiating /home/travis/build/icyphy/ptII/ptolemy/actor/lib/test/auto/SubscriberPortInitialValues1.xml
7 ms. Memory: 291840K Free: 130080K (45%)
----------------- Invoking toplevel() on ptolemy.moml.MoMLSimpleApplication@3c29cef4
----------------- Done invoking toplevel() on ptolemy.moml.MoMLSimpleApplication@3c29cef4
reloadAllAccessors: .SubscriberPortInitialValues1

===========================================================================================
----------------- testing Tue Sep 03 05:39:00 UTC 2019 /home/travis/build/icyphy/ptII/ptolemy/actor/lib/test/auto/SubscriberPortInitialValues13.xml
----------------- Instantiating /home/travis/build/icyphy/ptII/ptolemy/actor/lib/test/auto/SubscriberPortInitialValues13.xml
6 ms. Memory: 291840K Free: 116768K (40%)
----------------- Invoking toplevel() on ptolemy.moml.MoMLSimpleApplication@294ba341
----------------- Done invoking toplevel() on ptolemy.moml.MoMLSimpleApplication@294ba341
reloadAllAccessors: .SubscriberPortInitialValues13

===========================================================================================
----------------- testing Tue Sep 03 05:39:00 UTC 2019 /home/travis/build/icyphy/ptII/ptolemy/actor/lib/test/auto/SubscriberPortInitialValues14.xml
----------------- Instantiating /home/travis/build/icyphy/ptII/ptolemy/actor/lib/test/auto/SubscriberPortInitialValues14.xml
4 ms. Memory: 291840K Free: 109086K (37%)
----------------- Invoking toplevel() on ptolemy.moml.MoMLSimpleApplication@42713d6e
----------------- Done invoking toplevel() on ptolemy.moml.MoMLSimpleApplication@42713d6e
reloadAllAccessors: .SubscriberPortInitialValues14

===========================================================================================
----------------- testing Tue Sep 03 05:39:00 UTC 2019 /home/travis/build/icyphy/ptII/ptolemy/actor/lib/test/auto/SubscriberPortInitialValues2.xml
----------------- Instantiating /home/travis/build/icyphy/ptII/ptolemy/actor/lib/test/auto/SubscriberPortInitialValues2.xml
5 ms. Memory: 291840K Free: 101408K (35%)
----------------- Invoking toplevel() on ptolemy.moml.MoMLSimpleApplication@36c836be
----------------- Done invoking toplevel() on ptolemy.moml.MoMLSimpleApplication@36c836be
reloadAllAccessors: .SubscriberPortInitialValues2

===========================================================================================
----------------- testing Tue Sep 03 05:39:00 UTC 2019 /home/travis/build/icyphy/ptII/ptolemy/actor/lib/test/auto/SubscriberPortInitialValues3.xml
----------------- Instantiating /home/travis/build/icyphy/ptII/ptolemy/actor/lib/test/auto/SubscriberPortInitialValues3.xml
4 ms. Memory: 291840K Free: 90144K (31%)
----------------- Invoking toplevel() on ptolemy.moml.MoMLSimpleApplication@65afc2a7
----------------- Done invoking toplevel() on ptolemy.moml.MoMLSimpleApplication@65afc2a7
reloadAllAccessors: .SubscriberPortInitialValues3

===========================================================================================
----------------- testing Tue Sep 03 05:39:00 UTC 2019 /home/travis/build/icyphy/ptII/ptolemy/actor/lib/test/auto/SubscriptionAggregator.xml
----------------- Instantiating /home/travis/build/icyphy/ptII/ptolemy/actor/lib/test/auto/SubscriptionAggregator.xml
3 ms. Memory: 291840K Free: 83471K (29%)
----------------- Invoking toplevel() on ptolemy.moml.MoMLSimpleApplication@1680d513
----------------- Done invoking toplevel() on ptolemy.moml.MoMLSimpleApplication@1680d513
reloadAllAccessors: .SubscriptionAggregator

===========================================================================================
----------------- testing Tue Sep 03 05:39:00 UTC 2019 /home/travis/build/icyphy/ptII/ptolemy/actor/lib/test/auto/SubscriptionAggregator2.xml
----------------- Instantiating /home/travis/build/icyphy/ptII/ptolemy/actor/lib/test/auto/SubscriptionAggregator2.xml
6 ms. Memory: 291840K Free: 76832K (26%)
----------------- Invoking toplevel() on ptolemy.moml.MoMLSimpleApplication@7b36bd7d
----------------- Done invoking toplevel() on ptolemy.moml.MoMLSimpleApplication@7b36bd7d
reloadAllAccessors: .SubscriptionAggregator2

===========================================================================================
----------------- testing Tue Sep 03 05:39:00 UTC 2019 /home/travis/build/icyphy/ptII/ptolemy/actor/lib/test/auto/SubscriptionAggregator3.xml
----------------- Instantiating /home/travis/build/icyphy/ptII/ptolemy/actor/lib/test/auto/SubscriptionAggregator3.xml
4 ms. Memory: 291840K Free: 241007K (83%)
----------------- Invoking toplevel() on ptolemy.moml.MoMLSimpleApplication@387c2c02
----------------- Done invoking toplevel() on ptolemy.moml.MoMLSimpleApplication@387c2c02
reloadAllAccessors: .SubscriptionAggregator3

===========================================================================================
----------------- testing Tue Sep 03 05:39:00 UTC 2019 /home/travis/build/icyphy/ptII/ptolemy/actor/lib/test/auto/SubscriptionAggregatorMultiply.xml
----------------- Instantiating /home/travis/build/icyphy/ptII/ptolemy/actor/lib/test/auto/SubscriptionAggregatorMultiply.xml
3 ms. Memory: 291840K Free: 232305K (80%)
----------------- Invoking toplevel() on ptolemy.moml.MoMLSimpleApplication@5c8068ca
----------------- Done invoking toplevel() on ptolemy.moml.MoMLSimpleApplication@5c8068ca
reloadAllAccessors: .SubscriptionAggregatorMultiply

===========================================================================================
----------------- testing Tue Sep 03 05:39:00 UTC 2019 /home/travis/build/icyphy/ptII/ptolemy/actor/lib/test/auto/SubscriptionAggregatorPortMultiply1.xml
----------------- Instantiating /home/travis/build/icyphy/ptII/ptolemy/actor/lib/test/auto/SubscriptionAggregatorPortMultiply1.xml
4 ms. Memory: 291840K Free: 224113K (77%)
----------------- Invoking toplevel() on ptolemy.moml.MoMLSimpleApplication@673fe3fe
----------------- Done invoking toplevel() on ptolemy.moml.MoMLSimpleApplication@673fe3fe
reloadAllAccessors: .SubscriptionAggregatorPortMultiply1

===========================================================================================
----------------- testing Tue Sep 03 05:39:00 UTC 2019 /home/travis/build/icyphy/ptII/ptolemy/actor/lib/test/auto/Switch.xml
----------------- Instantiating /home/travis/build/icyphy/ptII/ptolemy/actor/lib/test/auto/Switch.xml
7 ms. Memory: 291840K Free: 215921K (74%)
----------------- Invoking toplevel() on ptolemy.moml.MoMLSimpleApplication@5e15acc1
----------------- Done invoking toplevel() on ptolemy.moml.MoMLSimpleApplication@5e15acc1
reloadAllAccessors: .Switch

===========================================================================================
----------------- testing Tue Sep 03 05:39:00 UTC 2019 /home/travis/build/icyphy/ptII/ptolemy/actor/lib/test/auto/Switch2.xml
----------------- Instantiating /home/travis/build/icyphy/ptII/ptolemy/actor/lib/test/auto/Switch2.xml
1 ms. Memory: 291840K Free: 211311K (72%)
----------------- Invoking toplevel() on ptolemy.moml.MoMLSimpleApplication@1985bc27
----------------- Done invoking toplevel() on ptolemy.moml.MoMLSimpleApplication@1985bc27
reloadAllAccessors: .Switch2

===========================================================================================
----------------- testing Tue Sep 03 05:39:00 UTC 2019 /home/travis/build/icyphy/ptII/ptolemy/actor/lib/test/auto/SwitchDE.xml
----------------- Instantiating /home/travis/build/icyphy/ptII/ptolemy/actor/lib/test/auto/SwitchDE.xml
3 ms. Memory: 291840K Free: 205153K (70%)
----------------- Invoking toplevel() on ptolemy.moml.MoMLSimpleApplication@51d39dd6
----------------- Done invoking toplevel() on ptolemy.moml.MoMLSimpleApplication@51d39dd6
reloadAllAccessors: .SwitchDE

===========================================================================================
----------------- testing Tue Sep 03 05:39:00 UTC 2019 /home/travis/build/icyphy/ptII/ptolemy/actor/lib/test/auto/SynchronizerDE.xml
----------------- Instantiating /home/travis/build/icyphy/ptII/ptolemy/actor/lib/test/auto/SynchronizerDE.xml
7 ms. Memory: 291840K Free: 196961K (67%)
----------------- Invoking toplevel() on ptolemy.moml.MoMLSimpleApplication@3ecfadfe
----------------- Done invoking toplevel() on ptolemy.moml.MoMLSimpleApplication@3ecfadfe
reloadAllAccessors: .SynchronizerDE

===========================================================================================
----------------- testing Tue Sep 03 05:39:00 UTC 2019 /home/travis/build/icyphy/ptII/ptolemy/actor/lib/test/auto/Test.xml
----------------- Instantiating /home/travis/build/icyphy/ptII/ptolemy/actor/lib/test/auto/Test.xml
3 ms. Memory: 291840K Free: 191841K (66%)
----------------- Invoking toplevel() on ptolemy.moml.MoMLSimpleApplication@2751316e
----------------- Done invoking toplevel() on ptolemy.moml.MoMLSimpleApplication@2751316e
reloadAllAccessors: .Test

===========================================================================================
----------------- testing Tue Sep 03 05:39:00 UTC 2019 /home/travis/build/icyphy/ptII/ptolemy/actor/lib/test/auto/TestExceptionAttribute1.xml
----------------- Instantiating /home/travis/build/icyphy/ptII/ptolemy/actor/lib/test/auto/TestExceptionAttribute1.xml
2 ms. Memory: 291840K Free: 188273K (65%)
----------------- Invoking toplevel() on ptolemy.moml.MoMLSimpleApplication@629ab035
----------------- Done invoking toplevel() on ptolemy.moml.MoMLSimpleApplication@629ab035
reloadAllAccessors: .TestExceptionAttribute1

===========================================================================================
----------------- testing Tue Sep 03 05:39:00 UTC 2019 /home/travis/build/icyphy/ptII/ptolemy/actor/lib/test/auto/TestExceptionAttribute2.xml
----------------- Instantiating /home/travis/build/icyphy/ptII/ptolemy/actor/lib/test/auto/TestExceptionAttribute2.xml
1 ms. Memory: 291840K Free: 184687K (63%)
----------------- Invoking toplevel() on ptolemy.moml.MoMLSimpleApplication@6a58c1e2
----------------- Done invoking toplevel() on ptolemy.moml.MoMLSimpleApplication@6a58c1e2
reloadAllAccessors: .TestExceptionAttribute2

===========================================================================================
----------------- testing Tue Sep 03 05:39:00 UTC 2019 /home/travis/build/icyphy/ptII/ptolemy/actor/lib/test/auto/TestExceptionAttribute3.xml
----------------- Instantiating /home/travis/build/icyphy/ptII/ptolemy/actor/lib/test/auto/TestExceptionAttribute3.xml
.TestExceptionAttribute3.TestExceptionAttribute: initialize() was not invoked, but wrapup() was.  This is unusual, but not always a problem.  For example, exporting JNLP will do this.
1 ms. Memory: 291840K Free: 181105K (62%)
----------------- Invoking toplevel() on ptolemy.moml.MoMLSimpleApplication@732d681a
----------------- Done invoking toplevel() on ptolemy.moml.MoMLSimpleApplication@732d681a
reloadAllAccessors: .TestExceptionAttribute3

===========================================================================================
----------------- testing Tue Sep 03 05:39:00 UTC 2019 /home/travis/build/icyphy/ptII/ptolemy/actor/lib/test/auto/TestExceptionAttribute4.xml
----------------- Instantiating /home/travis/build/icyphy/ptII/ptolemy/actor/lib/test/auto/TestExceptionAttribute4.xml
.TestExceptionAttribute4.TestExceptionAttribute: initialize() was not invoked, but wrapup() was.  This is unusual, but not always a problem.  For example, exporting JNLP will do this.
.TestExceptionAttribute4.TestExceptionAttribute2: initialize() was not invoked, but wrapup() was.  This is unusual, but not always a problem.  For example, exporting JNLP will do this.
0 ms. Memory: 291840K Free: 177009K (61%)
----------------- Invoking toplevel() on ptolemy.moml.MoMLSimpleApplication@3ade5582
----------------- Done invoking toplevel() on ptolemy.moml.MoMLSimpleApplication@3ade5582
reloadAllAccessors: .TestExceptionAttribute4

===========================================================================================
----------------- testing Tue Sep 03 05:39:00 UTC 2019 /home/travis/build/icyphy/ptII/ptolemy/actor/lib/test/auto/TestExceptionHandler1.xml
----------------- Instantiating /home/travis/build/icyphy/ptII/ptolemy/actor/lib/test/auto/TestExceptionHandler1.xml
1 ms. Memory: 291840K Free: 173423K (59%)
----------------- Invoking toplevel() on ptolemy.moml.MoMLSimpleApplication@52ec8378
----------------- Done invoking toplevel() on ptolemy.moml.MoMLSimpleApplication@52ec8378
reloadAllAccessors: .TestExceptionHandler1

===========================================================================================
----------------- testing Tue Sep 03 05:39:00 UTC 2019 /home/travis/build/icyphy/ptII/ptolemy/actor/lib/test/auto/TestExceptionHandler2.xml
----------------- Instantiating /home/travis/build/icyphy/ptII/ptolemy/actor/lib/test/auto/TestExceptionHandler2.xml
2 ms. Memory: 291840K Free: 169841K (58%)
----------------- Invoking toplevel() on ptolemy.moml.MoMLSimpleApplication@22405aba
----------------- Done invoking toplevel() on ptolemy.moml.MoMLSimpleApplication@22405aba
reloadAllAccessors: .TestExceptionHandler2

===========================================================================================
----------------- testing Tue Sep 03 05:39:00 UTC 2019 /home/travis/build/icyphy/ptII/ptolemy/actor/lib/test/auto/TestExceptionHandler3.xml
----------------- Instantiating /home/travis/build/icyphy/ptII/ptolemy/actor/lib/test/auto/TestExceptionHandler3.xml
0 ms. Memory: 291840K Free: 166255K (57%)
----------------- Invoking toplevel() on ptolemy.moml.MoMLSimpleApplication@e2f69a9
----------------- Done invoking toplevel() on ptolemy.moml.MoMLSimpleApplication@e2f69a9
reloadAllAccessors: .TestExceptionHandler3

===========================================================================================
----------------- testing Tue Sep 03 05:39:00 UTC 2019 /home/travis/build/icyphy/ptII/ptolemy/actor/lib/test/auto/TestExceptionHandler4.xml
----------------- Instantiating /home/travis/build/icyphy/ptII/ptolemy/actor/lib/test/auto/TestExceptionHandler4.xml
1 ms. Memory: 291840K Free: 162159K (56%)
----------------- Invoking toplevel() on ptolemy.moml.MoMLSimpleApplication@a9ce4fe
----------------- Done invoking toplevel() on ptolemy.moml.MoMLSimpleApplication@a9ce4fe
reloadAllAccessors: .TestExceptionHandler4

===========================================================================================
----------------- testing Tue Sep 03 05:39:00 UTC 2019 /home/travis/build/icyphy/ptII/ptolemy/actor/lib/test/auto/TestRequireCorrectOrder.xml
----------------- Instantiating /home/travis/build/icyphy/ptII/ptolemy/actor/lib/test/auto/TestRequireCorrectOrder.xml
5 ms. Memory: 291840K Free: 157025K (54%)
----------------- Invoking toplevel() on ptolemy.moml.MoMLSimpleApplication@3f4b4400
----------------- Done invoking toplevel() on ptolemy.moml.MoMLSimpleApplication@3f4b4400
reloadAllAccessors: .TestRequireCorrectOrder

===========================================================================================
----------------- testing Tue Sep 03 05:39:00 UTC 2019 /home/travis/build/icyphy/ptII/ptolemy/actor/lib/test/auto/TestSimple.xml
----------------- Instantiating /home/travis/build/icyphy/ptII/ptolemy/actor/lib/test/auto/TestSimple.xml
2 ms. Memory: 291840K Free: 152943K (52%)
----------------- Invoking toplevel() on ptolemy.moml.MoMLSimpleApplication@29c97dea
----------------- Done invoking toplevel() on ptolemy.moml.MoMLSimpleApplication@29c97dea
reloadAllAccessors: .TestSimple

===========================================================================================
----------------- testing Tue Sep 03 05:39:00 UTC 2019 /home/travis/build/icyphy/ptII/ptolemy/actor/lib/test/auto/ThrowModelError.xml
----------------- Instantiating /home/travis/build/icyphy/ptII/ptolemy/actor/lib/test/auto/ThrowModelError.xml
1 ms. Memory: 291840K Free: 147823K (51%)
----------------- Invoking toplevel() on ptolemy.moml.MoMLSimpleApplication@41800588
----------------- Done invoking toplevel() on ptolemy.moml.MoMLSimpleApplication@41800588
reloadAllAccessors: .ThrowModelError

===========================================================================================
----------------- testing Tue Sep 03 05:39:00 UTC 2019 /home/travis/build/icyphy/ptII/ptolemy/actor/lib/test/auto/TimeDelayMicrosteps.xml
----------------- Instantiating /home/travis/build/icyphy/ptII/ptolemy/actor/lib/test/auto/TimeDelayMicrosteps.xml
2 ms. Memory: 291840K Free: 141169K (48%)
----------------- Invoking toplevel() on ptolemy.moml.MoMLSimpleApplication@5b3dea7f
----------------- Done invoking toplevel() on ptolemy.moml.MoMLSimpleApplication@5b3dea7f
reloadAllAccessors: .TimeDelayMicrosteps

===========================================================================================
----------------- testing Tue Sep 03 05:39:00 UTC 2019 /home/travis/build/icyphy/ptII/ptolemy/actor/lib/test/auto/TimeDelayMicrosteps2.xml
----------------- Instantiating /home/travis/build/icyphy/ptII/ptolemy/actor/lib/test/auto/TimeDelayMicrosteps2.xml
3 ms. Memory: 291840K Free: 134001K (46%)
----------------- Invoking toplevel() on ptolemy.moml.MoMLSimpleApplication@43f1e0ae
----------------- Done invoking toplevel() on ptolemy.moml.MoMLSimpleApplication@43f1e0ae
reloadAllAccessors: .TimeDelayMicrosteps2

===========================================================================================
----------------- testing Tue Sep 03 05:39:00 UTC 2019 /home/travis/build/icyphy/ptII/ptolemy/actor/lib/test/auto/TimeDelayMicrosteps3.xml
----------------- Instantiating /home/travis/build/icyphy/ptII/ptolemy/actor/lib/test/auto/TimeDelayMicrosteps3.xml
3 ms. Memory: 291840K Free: 127313K (44%)
----------------- Invoking toplevel() on ptolemy.moml.MoMLSimpleApplication@a4d00eb
----------------- Done invoking toplevel() on ptolemy.moml.MoMLSimpleApplication@a4d00eb
reloadAllAccessors: .TimeDelayMicrosteps3

===========================================================================================
----------------- testing Tue Sep 03 05:39:00 UTC 2019 /home/travis/build/icyphy/ptII/ptolemy/actor/lib/test/auto/TimeDelayVariableMicrosteps.xml
----------------- Instantiating /home/travis/build/icyphy/ptII/ptolemy/actor/lib/test/auto/TimeDelayVariableMicrosteps.xml
4 ms. Memory: 291840K Free: 120687K (41%)
----------------- Invoking toplevel() on ptolemy.moml.MoMLSimpleApplication@221a0863
----------------- Done invoking toplevel() on ptolemy.moml.MoMLSimpleApplication@221a0863
reloadAllAccessors: .TimeDelayVariableMicrosteps

===========================================================================================
----------------- testing Tue Sep 03 05:39:00 UTC 2019 /home/travis/build/icyphy/ptII/ptolemy/actor/lib/test/auto/TimeGap.xml
----------------- Instantiating /home/travis/build/icyphy/ptII/ptolemy/actor/lib/test/auto/TimeGap.xml
3 ms. Memory: 291840K Free: 115569K (40%)
----------------- Invoking toplevel() on ptolemy.moml.MoMLSimpleApplication@6f5a9024
----------------- Done invoking toplevel() on ptolemy.moml.MoMLSimpleApplication@6f5a9024
reloadAllAccessors: .TimeGap

===========================================================================================
----------------- testing Tue Sep 03 05:39:00 UTC 2019 /home/travis/build/icyphy/ptII/ptolemy/actor/lib/test/auto/TimeGap2.xml
----------------- Instantiating /home/travis/build/icyphy/ptII/ptolemy/actor/lib/test/auto/TimeGap2.xml
3 ms. Memory: 291840K Free: 109929K (38%)
----------------- Invoking toplevel() on ptolemy.moml.MoMLSimpleApplication@2fffdcc2
----------------- Done invoking toplevel() on ptolemy.moml.MoMLSimpleApplication@2fffdcc2
reloadAllAccessors: .TimeGap2

===========================================================================================
----------------- testing Tue Sep 03 05:39:00 UTC 2019 /home/travis/build/icyphy/ptII/ptolemy/actor/lib/test/auto/TimedSinewave.xml
----------------- Instantiating /home/travis/build/icyphy/ptII/ptolemy/actor/lib/test/auto/TimedSinewave.xml
23 ms. Memory: 291840K Free: 95599K (33%)
----------------- Invoking toplevel() on ptolemy.moml.MoMLSimpleApplication@135820a4
----------------- Done invoking toplevel() on ptolemy.moml.MoMLSimpleApplication@135820a4
reloadAllAccessors: .TimedSinewave

===========================================================================================
----------------- testing Tue Sep 03 05:39:00 UTC 2019 /home/travis/build/icyphy/ptII/ptolemy/actor/lib/test/auto/TimedSinewavePhase.xml
----------------- Instantiating /home/travis/build/icyphy/ptII/ptolemy/actor/lib/test/auto/TimedSinewavePhase.xml
9 ms. Memory: 291840K Free: 85873K (29%)
----------------- Invoking toplevel() on ptolemy.moml.MoMLSimpleApplication@4cfb3813
----------------- Done invoking toplevel() on ptolemy.moml.MoMLSimpleApplication@4cfb3813
reloadAllAccessors: .TimedSinewavePhase

===========================================================================================
----------------- testing Tue Sep 03 05:39:00 UTC 2019 /home/travis/build/icyphy/ptII/ptolemy/actor/lib/test/auto/Timer.xml
----------------- Instantiating /home/travis/build/icyphy/ptII/ptolemy/actor/lib/test/auto/Timer.xml
3 ms. Memory: 291840K Free: 80233K (27%)
----------------- Invoking toplevel() on ptolemy.moml.MoMLSimpleApplication@789a7701
----------------- Done invoking toplevel() on ptolemy.moml.MoMLSimpleApplication@789a7701
reloadAllAccessors: .Timer

===========================================================================================
----------------- testing Tue Sep 03 05:39:00 UTC 2019 /home/travis/build/icyphy/ptII/ptolemy/actor/lib/test/auto/TriangularDistTestModel.xml
----------------- Instantiating /home/travis/build/icyphy/ptII/ptolemy/actor/lib/test/auto/TriangularDistTestModel.xml
2 ms. Memory: 291840K Free: 74609K (26%)
----------------- Invoking toplevel() on ptolemy.moml.MoMLSimpleApplication@4b8f1dec
----------------- Done invoking toplevel() on ptolemy.moml.MoMLSimpleApplication@4b8f1dec
reloadAllAccessors: .TriangularDistTestModel

===========================================================================================
----------------- testing Tue Sep 03 05:39:00 UTC 2019 /home/travis/build/icyphy/ptII/ptolemy/actor/lib/test/auto/TrigFunction.xml
----------------- Instantiating /home/travis/build/icyphy/ptII/ptolemy/actor/lib/test/auto/TrigFunction.xml
1 ms. Memory: 291840K Free: 69489K (24%)
----------------- Invoking toplevel() on ptolemy.moml.MoMLSimpleApplication@7a08dc06
----------------- Done invoking toplevel() on ptolemy.moml.MoMLSimpleApplication@7a08dc06
reloadAllAccessors: .TrigFunction

===========================================================================================
----------------- testing Tue Sep 03 05:39:00 UTC 2019 /home/travis/build/icyphy/ptII/ptolemy/actor/lib/test/auto/TrigFunctionDE.xml
----------------- Instantiating /home/travis/build/icyphy/ptII/ptolemy/actor/lib/test/auto/TrigFunctionDE.xml
2 ms. Memory: 291840K Free: 237078K (81%)
----------------- Invoking toplevel() on ptolemy.moml.MoMLSimpleApplication@5641f7b4
----------------- Done invoking toplevel() on ptolemy.moml.MoMLSimpleApplication@5641f7b4
reloadAllAccessors: .TrigFunctionDE

===========================================================================================
----------------- testing Tue Sep 03 05:39:00 UTC 2019 /home/travis/build/icyphy/ptII/ptolemy/actor/lib/test/auto/TrigFunctionInverse.xml
----------------- Instantiating /home/travis/build/icyphy/ptII/ptolemy/actor/lib/test/auto/TrigFunctionInverse.xml
2 ms. Memory: 291840K Free: 231958K (79%)
----------------- Invoking toplevel() on ptolemy.moml.MoMLSimpleApplication@2eff7ee3
----------------- Done invoking toplevel() on ptolemy.moml.MoMLSimpleApplication@2eff7ee3
reloadAllAccessors: .TrigFunctionInverse

===========================================================================================
----------------- testing Tue Sep 03 05:39:00 UTC 2019 /home/travis/build/icyphy/ptII/ptolemy/actor/lib/test/auto/TrigFunctionTan.xml
----------------- Instantiating /home/travis/build/icyphy/ptII/ptolemy/actor/lib/test/auto/TrigFunctionTan.xml
1 ms. Memory: 291840K Free: 227862K (78%)
----------------- Invoking toplevel() on ptolemy.moml.MoMLSimpleApplication@5cbb1d4
----------------- Done invoking toplevel() on ptolemy.moml.MoMLSimpleApplication@5cbb1d4
reloadAllAccessors: .TrigFunctionTan

===========================================================================================
----------------- testing Tue Sep 03 05:39:00 UTC 2019 /home/travis/build/icyphy/ptII/ptolemy/actor/lib/test/auto/TriggeredClock.xml
----------------- Instantiating /home/travis/build/icyphy/ptII/ptolemy/actor/lib/test/auto/TriggeredClock.xml
2 ms. Memory: 291840K Free: 223223K (76%)
----------------- Invoking toplevel() on ptolemy.moml.MoMLSimpleApplication@370862cd
----------------- Done invoking toplevel() on ptolemy.moml.MoMLSimpleApplication@370862cd
reloadAllAccessors: .TriggeredClock

===========================================================================================
----------------- testing Tue Sep 03 05:39:01 UTC 2019 /home/travis/build/icyphy/ptII/ptolemy/actor/lib/test/auto/URLDirectoryReader.xml
----------------- Instantiating /home/travis/build/icyphy/ptII/ptolemy/actor/lib/test/auto/URLDirectoryReader.xml
29 ms. Memory: 291840K Free: 214040K (73%)
----------------- Invoking toplevel() on ptolemy.moml.MoMLSimpleApplication@7011fb04
----------------- Done invoking toplevel() on ptolemy.moml.MoMLSimpleApplication@7011fb04
reloadAllAccessors: .URLDirectoryReader

===========================================================================================
----------------- testing Tue Sep 03 05:39:01 UTC 2019 /home/travis/build/icyphy/ptII/ptolemy/actor/lib/test/auto/URLDirectoryReader3.xml
----------------- Instantiating /home/travis/build/icyphy/ptII/ptolemy/actor/lib/test/auto/URLDirectoryReader3.xml
1050 ms. Memory: 291840K Free: 233227K (80%)
----------------- Invoking toplevel() on ptolemy.moml.MoMLSimpleApplication@10daf107
----------------- Done invoking toplevel() on ptolemy.moml.MoMLSimpleApplication@10daf107
reloadAllAccessors: .URLDirectoryReader3

===========================================================================================
----------------- testing Tue Sep 03 05:39:02 UTC 2019 /home/travis/build/icyphy/ptII/ptolemy/actor/lib/test/auto/UnaryMathFunction.xml
----------------- Instantiating /home/travis/build/icyphy/ptII/ptolemy/actor/lib/test/auto/UnaryMathFunction.xml
5 ms. Memory: 291840K Free: 225035K (77%)
----------------- Invoking toplevel() on ptolemy.moml.MoMLSimpleApplication@62917d7e
----------------- Done invoking toplevel() on ptolemy.moml.MoMLSimpleApplication@62917d7e
reloadAllAccessors: .UnaryMathFunction

===========================================================================================
----------------- testing Tue Sep 03 05:39:02 UTC 2019 /home/travis/build/icyphy/ptII/ptolemy/actor/lib/test/auto/Uniform.xml
----------------- Instantiating /home/travis/build/icyphy/ptII/ptolemy/actor/lib/test/auto/Uniform.xml
1 ms. Memory: 291840K Free: 220425K (76%)
----------------- Invoking toplevel() on ptolemy.moml.MoMLSimpleApplication@55b77518
----------------- Done invoking toplevel() on ptolemy.moml.MoMLSimpleApplication@55b77518
reloadAllAccessors: .Uniform

===========================================================================================
----------------- testing Tue Sep 03 05:39:02 UTC 2019 /home/travis/build/icyphy/ptII/ptolemy/actor/lib/test/auto/UnionDisassemblerTest.xml
----------------- Instantiating /home/travis/build/icyphy/ptII/ptolemy/actor/lib/test/auto/UnionDisassemblerTest.xml
13 ms. Memory: 291840K Free: 216843K (74%)
----------------- Invoking toplevel() on ptolemy.moml.MoMLSimpleApplication@34f7bef7
----------------- Done invoking toplevel() on ptolemy.moml.MoMLSimpleApplication@34f7bef7
reloadAllAccessors: .UnionDisassemblerTest

===========================================================================================
----------------- testing Tue Sep 03 05:39:02 UTC 2019 /home/travis/build/icyphy/ptII/ptolemy/actor/lib/test/auto/UtilityFunctions.xml
----------------- Instantiating /home/travis/build/icyphy/ptII/ptolemy/actor/lib/test/auto/UtilityFunctions.xml
1 ms. Memory: 291840K Free: 212747K (73%)
----------------- Invoking toplevel() on ptolemy.moml.MoMLSimpleApplication@51de5dae
----------------- Done invoking toplevel() on ptolemy.moml.MoMLSimpleApplication@51de5dae
reloadAllAccessors: .UtilityFunctions

===========================================================================================
----------------- testing Tue Sep 03 05:39:02 UTC 2019 /home/travis/build/icyphy/ptII/ptolemy/actor/lib/test/auto/VariableSleep.xml
----------------- Instantiating /home/travis/build/icyphy/ptII/ptolemy/actor/lib/test/auto/VariableSleep.xml
503 ms. Memory: 291840K Free: 207627K (71%)
----------------- Invoking toplevel() on ptolemy.moml.MoMLSimpleApplication@3dbe47e9
----------------- Done invoking toplevel() on ptolemy.moml.MoMLSimpleApplication@3dbe47e9
reloadAllAccessors: .VariableSleep

===========================================================================================
----------------- testing Tue Sep 03 05:39:03 UTC 2019 /home/travis/build/icyphy/ptII/ptolemy/actor/lib/test/auto/VectorAssemblerDisassemblerCT.xml
----------------- Instantiating /home/travis/build/icyphy/ptII/ptolemy/actor/lib/test/auto/VectorAssemblerDisassemblerCT.xml
69 ms. Memory: 291840K Free: 187657K (64%)
----------------- Invoking toplevel() on ptolemy.moml.MoMLSimpleApplication@1016ffdc
----------------- Done invoking toplevel() on ptolemy.moml.MoMLSimpleApplication@1016ffdc
reloadAllAccessors: .VectorAssemblerDisassemblerCT

===========================================================================================
----------------- testing Tue Sep 03 05:39:03 UTC 2019 /home/travis/build/icyphy/ptII/ptolemy/actor/lib/test/auto/VectorAssemblerDisassemblerDE.xml
----------------- Instantiating /home/travis/build/icyphy/ptII/ptolemy/actor/lib/test/auto/VectorAssemblerDisassemblerDE.xml
2 ms. Memory: 291840K Free: 180489K (62%)
----------------- Invoking toplevel() on ptolemy.moml.MoMLSimpleApplication@403cde59
----------------- Done invoking toplevel() on ptolemy.moml.MoMLSimpleApplication@403cde59
reloadAllAccessors: .VectorAssemblerDisassemblerDE

===========================================================================================
----------------- testing Tue Sep 03 05:39:03 UTC 2019 /home/travis/build/icyphy/ptII/ptolemy/actor/lib/test/auto/VectorAssemblerDisassemblerSDF.xml
----------------- Instantiating /home/travis/build/icyphy/ptII/ptolemy/actor/lib/test/auto/VectorAssemblerDisassemblerSDF.xml
2 ms. Memory: 291840K Free: 173321K (59%)
----------------- Invoking toplevel() on ptolemy.moml.MoMLSimpleApplication@2fe5d8f7
----------------- Done invoking toplevel() on ptolemy.moml.MoMLSimpleApplication@2fe5d8f7
reloadAllAccessors: .VectorAssemblerDisassemblerSDF

===========================================================================================
----------------- testing Tue Sep 03 05:39:03 UTC 2019 /home/travis/build/icyphy/ptII/ptolemy/actor/lib/test/auto/WallClockTime.xml
----------------- Instantiating /home/travis/build/icyphy/ptII/ptolemy/actor/lib/test/auto/WallClockTime.xml
1005 ms. Memory: 291840K Free: 168201K (58%)
----------------- Invoking toplevel() on ptolemy.moml.MoMLSimpleApplication@79bcc1e9
----------------- Done invoking toplevel() on ptolemy.moml.MoMLSimpleApplication@79bcc1e9
reloadAllAccessors: .WallClockTime

===========================================================================================
----------------- testing Tue Sep 03 05:39:04 UTC 2019 /home/travis/build/icyphy/ptII/ptolemy/actor/lib/test/auto/WidthTestWithSubscriberPublisher.xml
----------------- Instantiating /home/travis/build/icyphy/ptII/ptolemy/actor/lib/test/auto/WidthTestWithSubscriberPublisher.xml
9 ms. Memory: 291840K Free: 150283K (51%)
----------------- Invoking toplevel() on ptolemy.moml.MoMLSimpleApplication@63713472
----------------- Done invoking toplevel() on ptolemy.moml.MoMLSimpleApplication@63713472
reloadAllAccessors: .WidthTestWithSubscriberPublisher

===========================================================================================
----------------- testing Tue Sep 03 05:39:04 UTC 2019 /home/travis/build/icyphy/ptII/ptolemy/actor/lib/test/auto/WidthTestWithSubscriberPublisher2.xml
----------------- Instantiating /home/travis/build/icyphy/ptII/ptolemy/actor/lib/test/auto/WidthTestWithSubscriberPublisher2.xml
2 ms. Memory: 291840K Free: 143625K (49%)
----------------- Invoking toplevel() on ptolemy.moml.MoMLSimpleApplication@1522ead2
----------------- Done invoking toplevel() on ptolemy.moml.MoMLSimpleApplication@1522ead2
reloadAllAccessors: .WidthTestWithSubscriberPublisher2

===========================================================================================
----------------- testing Tue Sep 03 05:39:04 UTC 2019 /home/travis/build/icyphy/ptII/ptolemy/actor/lib/test/auto/WidthTestWithSubscriberPublisher3.xml
----------------- Instantiating /home/travis/build/icyphy/ptII/ptolemy/actor/lib/test/auto/WidthTestWithSubscriberPublisher3.xml
1 ms. Memory: 291840K Free: 136457K (47%)
----------------- Invoking toplevel() on ptolemy.moml.MoMLSimpleApplication@2dc3ed3d
----------------- Done invoking toplevel() on ptolemy.moml.MoMLSimpleApplication@2dc3ed3d
reloadAllAccessors: .WidthTestWithSubscriberPublisher3

===========================================================================================
----------------- testing Tue Sep 03 05:39:04 UTC 2019 /home/travis/build/icyphy/ptII/ptolemy/actor/lib/test/auto/Writer.xml
----------------- Instantiating /home/travis/build/icyphy/ptII/ptolemy/actor/lib/test/auto/Writer.xml
0
1
2
3
4
1 ms. Memory: 291840K Free: 132331K (45%)
----------------- Invoking toplevel() on ptolemy.moml.MoMLSimpleApplication@12391444
----------------- Done invoking toplevel() on ptolemy.moml.MoMLSimpleApplication@12391444
reloadAllAccessors: .Writer

===========================================================================================
----------------- testing Tue Sep 03 05:39:04 UTC 2019 /home/travis/build/icyphy/ptII/ptolemy/actor/lib/test/auto/array.xml
----------------- Instantiating /home/travis/build/icyphy/ptII/ptolemy/actor/lib/test/auto/array.xml
2 ms. Memory: 291840K Free: 127241K (44%)
----------------- Invoking toplevel() on ptolemy.moml.MoMLSimpleApplication@7ecbb54b
----------------- Done invoking toplevel() on ptolemy.moml.MoMLSimpleApplication@7ecbb54b
reloadAllAccessors: .array

===========================================================================================
----------------- testing Tue Sep 03 05:39:04 UTC 2019 /home/travis/build/icyphy/ptII/ptolemy/actor/lib/test/auto/array2.xml
----------------- Instantiating /home/travis/build/icyphy/ptII/ptolemy/actor/lib/test/auto/array2.xml
9 ms. Memory: 291840K Free: 122635K (42%)
----------------- Invoking toplevel() on ptolemy.moml.MoMLSimpleApplication@7ea90f3f
----------------- Done invoking toplevel() on ptolemy.moml.MoMLSimpleApplication@7ea90f3f
reloadAllAccessors: .array2

===========================================================================================
----------------- testing Tue Sep 03 05:39:04 UTC 2019 /home/travis/build/icyphy/ptII/ptolemy/actor/lib/test/auto/arrayType.xml
----------------- Instantiating /home/travis/build/icyphy/ptII/ptolemy/actor/lib/test/auto/arrayType.xml
2 ms. Memory: 291840K Free: 117515K (40%)
----------------- Invoking toplevel() on ptolemy.moml.MoMLSimpleApplication@6e05ad31
----------------- Done invoking toplevel() on ptolemy.moml.MoMLSimpleApplication@6e05ad31
reloadAllAccessors: .arrayType

===========================================================================================
----------------- testing Tue Sep 03 05:39:04 UTC 2019 /home/travis/build/icyphy/ptII/ptolemy/actor/lib/test/auto/arrayType10.xml
----------------- Instantiating /home/travis/build/icyphy/ptII/ptolemy/actor/lib/test/auto/arrayType10.xml
1 ms. Memory: 291840K Free: 112905K (39%)
----------------- Invoking toplevel() on ptolemy.moml.MoMLSimpleApplication@15d23b2c
----------------- Done invoking toplevel() on ptolemy.moml.MoMLSimpleApplication@15d23b2c
reloadAllAccessors: .arrayType10

===========================================================================================
----------------- testing Tue Sep 03 05:39:04 UTC 2019 /home/travis/build/icyphy/ptII/ptolemy/actor/lib/test/auto/arrayType11.xml
----------------- Instantiating /home/travis/build/icyphy/ptII/ptolemy/actor/lib/test/auto/arrayType11.xml
1 ms. Memory: 291840K Free: 108299K (37%)
----------------- Invoking toplevel() on ptolemy.moml.MoMLSimpleApplication@c6e152b
----------------- Done invoking toplevel() on ptolemy.moml.MoMLSimpleApplication@c6e152b
reloadAllAccessors: .arrayType11

===========================================================================================
----------------- testing Tue Sep 03 05:39:04 UTC 2019 /home/travis/build/icyphy/ptII/ptolemy/actor/lib/test/auto/arrayType12.xml
----------------- Instantiating /home/travis/build/icyphy/ptII/ptolemy/actor/lib/test/auto/arrayType12.xml
2 ms. Memory: 291840K Free: 103689K (36%)
----------------- Invoking toplevel() on ptolemy.moml.MoMLSimpleApplication@85e7310
----------------- Done invoking toplevel() on ptolemy.moml.MoMLSimpleApplication@85e7310
reloadAllAccessors: .arrayType12

===========================================================================================
----------------- testing Tue Sep 03 05:39:04 UTC 2019 /home/travis/build/icyphy/ptII/ptolemy/actor/lib/test/auto/arrayType13.xml
----------------- Instantiating /home/travis/build/icyphy/ptII/ptolemy/actor/lib/test/auto/arrayType13.xml
2 ms. Memory: 291840K Free: 98059K (34%)
----------------- Invoking toplevel() on ptolemy.moml.MoMLSimpleApplication@5851408e
----------------- Done invoking toplevel() on ptolemy.moml.MoMLSimpleApplication@5851408e
reloadAllAccessors: .arrayType13

===========================================================================================
----------------- testing Tue Sep 03 05:39:04 UTC 2019 /home/travis/build/icyphy/ptII/ptolemy/actor/lib/test/auto/arrayType14.xml
----------------- Instantiating /home/travis/build/icyphy/ptII/ptolemy/actor/lib/test/auto/arrayType14.xml
1 ms. Memory: 291840K Free: 92939K (32%)
----------------- Invoking toplevel() on ptolemy.moml.MoMLSimpleApplication@3a8da35b
----------------- Done invoking toplevel() on ptolemy.moml.MoMLSimpleApplication@3a8da35b
reloadAllAccessors: .arrayType14

===========================================================================================
----------------- testing Tue Sep 03 05:39:04 UTC 2019 /home/travis/build/icyphy/ptII/ptolemy/actor/lib/test/auto/arrayType15.xml
----------------- Instantiating /home/travis/build/icyphy/ptII/ptolemy/actor/lib/test/auto/arrayType15.xml
2 ms. Memory: 291840K Free: 87819K (30%)
----------------- Invoking toplevel() on ptolemy.moml.MoMLSimpleApplication@7b0de886
----------------- Done invoking toplevel() on ptolemy.moml.MoMLSimpleApplication@7b0de886
reloadAllAccessors: .arrayType15

===========================================================================================
----------------- testing Tue Sep 03 05:39:04 UTC 2019 /home/travis/build/icyphy/ptII/ptolemy/actor/lib/test/auto/arrayType16.xml
----------------- Instantiating /home/travis/build/icyphy/ptII/ptolemy/actor/lib/test/auto/arrayType16.xml
1 ms. Memory: 291840K Free: 82699K (28%)
----------------- Invoking toplevel() on ptolemy.moml.MoMLSimpleApplication@5a291996
----------------- Done invoking toplevel() on ptolemy.moml.MoMLSimpleApplication@5a291996
reloadAllAccessors: .arrayType16

===========================================================================================
----------------- testing Tue Sep 03 05:39:04 UTC 2019 /home/travis/build/icyphy/ptII/ptolemy/actor/lib/test/auto/arrayType17.xml
----------------- Instantiating /home/travis/build/icyphy/ptII/ptolemy/actor/lib/test/auto/arrayType17.xml
2 ms. Memory: 291840K Free: 77579K (27%)
----------------- Invoking toplevel() on ptolemy.moml.MoMLSimpleApplication@21a82fce
----------------- Done invoking toplevel() on ptolemy.moml.MoMLSimpleApplication@21a82fce
reloadAllAccessors: .arrayType17

===========================================================================================
----------------- testing Tue Sep 03 05:39:04 UTC 2019 /home/travis/build/icyphy/ptII/ptolemy/actor/lib/test/auto/arrayType18.xml
----------------- Instantiating /home/travis/build/icyphy/ptII/ptolemy/actor/lib/test/auto/arrayType18.xml
1 ms. Memory: 291840K Free: 72969K (25%)
----------------- Invoking toplevel() on ptolemy.moml.MoMLSimpleApplication@2d130ced
----------------- Done invoking toplevel() on ptolemy.moml.MoMLSimpleApplication@2d130ced
reloadAllAccessors: .arrayType18

===========================================================================================
----------------- testing Tue Sep 03 05:39:04 UTC 2019 /home/travis/build/icyphy/ptII/ptolemy/actor/lib/test/auto/arrayType19.xml
----------------- Instantiating /home/travis/build/icyphy/ptII/ptolemy/actor/lib/test/auto/arrayType19.xml
17 ms. Memory: 291840K Free: 237944K (82%)
----------------- Invoking toplevel() on ptolemy.moml.MoMLSimpleApplication@2009d22e
----------------- Done invoking toplevel() on ptolemy.moml.MoMLSimpleApplication@2009d22e
reloadAllAccessors: .arrayType19

===========================================================================================
----------------- testing Tue Sep 03 05:39:04 UTC 2019 /home/travis/build/icyphy/ptII/ptolemy/actor/lib/test/auto/arrayType2.xml
----------------- Instantiating /home/travis/build/icyphy/ptII/ptolemy/actor/lib/test/auto/arrayType2.xml
1 ms. Memory: 291840K Free: 232310K (80%)
----------------- Invoking toplevel() on ptolemy.moml.MoMLSimpleApplication@55cfae3e
----------------- Done invoking toplevel() on ptolemy.moml.MoMLSimpleApplication@55cfae3e
reloadAllAccessors: .arrayType2

===========================================================================================
----------------- testing Tue Sep 03 05:39:04 UTC 2019 /home/travis/build/icyphy/ptII/ptolemy/actor/lib/test/auto/arrayType20.xml
----------------- Instantiating /home/travis/build/icyphy/ptII/ptolemy/actor/lib/test/auto/arrayType20.xml
1 ms. Memory: 291840K Free: 227704K (78%)
----------------- Invoking toplevel() on ptolemy.moml.MoMLSimpleApplication@d2baa0f
----------------- Done invoking toplevel() on ptolemy.moml.MoMLSimpleApplication@d2baa0f
reloadAllAccessors: .arrayType20

===========================================================================================
----------------- testing Tue Sep 03 05:39:04 UTC 2019 /home/travis/build/icyphy/ptII/ptolemy/actor/lib/test/auto/arrayType21.xml
----------------- Instantiating /home/travis/build/icyphy/ptII/ptolemy/actor/lib/test/auto/arrayType21.xml
1 ms. Memory: 291840K Free: 222584K (76%)
----------------- Invoking toplevel() on ptolemy.moml.MoMLSimpleApplication@516b83e3
----------------- Done invoking toplevel() on ptolemy.moml.MoMLSimpleApplication@516b83e3
reloadAllAccessors: .arrayType21

===========================================================================================
----------------- testing Tue Sep 03 05:39:04 UTC 2019 /home/travis/build/icyphy/ptII/ptolemy/actor/lib/test/auto/arrayType22.xml
----------------- Instantiating /home/travis/build/icyphy/ptII/ptolemy/actor/lib/test/auto/arrayType22.xml
2 ms. Memory: 291840K Free: 217974K (75%)
----------------- Invoking toplevel() on ptolemy.moml.MoMLSimpleApplication@6b7f7ba1
----------------- Done invoking toplevel() on ptolemy.moml.MoMLSimpleApplication@6b7f7ba1
reloadAllAccessors: .arrayType22

===========================================================================================
----------------- testing Tue Sep 03 05:39:04 UTC 2019 /home/travis/build/icyphy/ptII/ptolemy/actor/lib/test/auto/arrayType23.xml
----------------- Instantiating /home/travis/build/icyphy/ptII/ptolemy/actor/lib/test/auto/arrayType23.xml
2 ms. Memory: 291840K Free: 213368K (73%)
----------------- Invoking toplevel() on ptolemy.moml.MoMLSimpleApplication@61294f50
----------------- Done invoking toplevel() on ptolemy.moml.MoMLSimpleApplication@61294f50
reloadAllAccessors: .arrayType23

===========================================================================================
----------------- testing Tue Sep 03 05:39:04 UTC 2019 /home/travis/build/icyphy/ptII/ptolemy/actor/lib/test/auto/arrayType24.xml
----------------- Instantiating /home/travis/build/icyphy/ptII/ptolemy/actor/lib/test/auto/arrayType24.xml
1 ms. Memory: 291840K Free: 208758K (72%)
----------------- Invoking toplevel() on ptolemy.moml.MoMLSimpleApplication@4d0f1a92
----------------- Done invoking toplevel() on ptolemy.moml.MoMLSimpleApplication@4d0f1a92
reloadAllAccessors: .arrayType24

===========================================================================================
----------------- testing Tue Sep 03 05:39:04 UTC 2019 /home/travis/build/icyphy/ptII/ptolemy/actor/lib/test/auto/arrayType25.xml
----------------- Instantiating /home/travis/build/icyphy/ptII/ptolemy/actor/lib/test/auto/arrayType25.xml
2 ms. Memory: 291840K Free: 203638K (70%)
----------------- Invoking toplevel() on ptolemy.moml.MoMLSimpleApplication@1c79fc2
----------------- Done invoking toplevel() on ptolemy.moml.MoMLSimpleApplication@1c79fc2
reloadAllAccessors: .arrayType25

===========================================================================================
----------------- testing Tue Sep 03 05:39:04 UTC 2019 /home/travis/build/icyphy/ptII/ptolemy/actor/lib/test/auto/arrayType26.xml
----------------- Instantiating /home/travis/build/icyphy/ptII/ptolemy/actor/lib/test/auto/arrayType26.xml
2 ms. Memory: 291840K Free: 198008K (68%)
----------------- Invoking toplevel() on ptolemy.moml.MoMLSimpleApplication@15d12abd
----------------- Done invoking toplevel() on ptolemy.moml.MoMLSimpleApplication@15d12abd
reloadAllAccessors: .arrayType26

===========================================================================================
----------------- testing Tue Sep 03 05:39:04 UTC 2019 /home/travis/build/icyphy/ptII/ptolemy/actor/lib/test/auto/arrayType27.xml
----------------- Instantiating /home/travis/build/icyphy/ptII/ptolemy/actor/lib/test/auto/arrayType27.xml
1 ms. Memory: 291840K Free: 192888K (66%)
----------------- Invoking toplevel() on ptolemy.moml.MoMLSimpleApplication@1ecfe01b
----------------- Done invoking toplevel() on ptolemy.moml.MoMLSimpleApplication@1ecfe01b
reloadAllAccessors: .arrayType27

===========================================================================================
----------------- testing Tue Sep 03 05:39:04 UTC 2019 /home/travis/build/icyphy/ptII/ptolemy/actor/lib/test/auto/arrayType28.xml
----------------- Instantiating /home/travis/build/icyphy/ptII/ptolemy/actor/lib/test/auto/arrayType28.xml
2 ms. Memory: 291840K Free: 187768K (64%)
----------------- Invoking toplevel() on ptolemy.moml.MoMLSimpleApplication@59e364e5
----------------- Done invoking toplevel() on ptolemy.moml.MoMLSimpleApplication@59e364e5
reloadAllAccessors: .arrayType28

===========================================================================================
----------------- testing Tue Sep 03 05:39:04 UTC 2019 /home/travis/build/icyphy/ptII/ptolemy/actor/lib/test/auto/arrayType3.xml
----------------- Instantiating /home/travis/build/icyphy/ptII/ptolemy/actor/lib/test/auto/arrayType3.xml
5 ms. Memory: 291840K Free: 182648K (63%)
----------------- Invoking toplevel() on ptolemy.moml.MoMLSimpleApplication@da0ad8b
----------------- Done invoking toplevel() on ptolemy.moml.MoMLSimpleApplication@da0ad8b
reloadAllAccessors: .arrayType3

===========================================================================================
----------------- testing Tue Sep 03 05:39:04 UTC 2019 /home/travis/build/icyphy/ptII/ptolemy/actor/lib/test/auto/arrayType4.xml
----------------- Instantiating /home/travis/build/icyphy/ptII/ptolemy/actor/lib/test/auto/arrayType4.xml
2 ms. Memory: 291840K Free: 177014K (61%)
----------------- Invoking toplevel() on ptolemy.moml.MoMLSimpleApplication@55b2381a
----------------- Done invoking toplevel() on ptolemy.moml.MoMLSimpleApplication@55b2381a
reloadAllAccessors: .arrayType4

===========================================================================================
----------------- testing Tue Sep 03 05:39:04 UTC 2019 /home/travis/build/icyphy/ptII/ptolemy/actor/lib/test/auto/arrayType5.xml
----------------- Instantiating /home/travis/build/icyphy/ptII/ptolemy/actor/lib/test/auto/arrayType5.xml
2 ms. Memory: 291840K Free: 171894K (59%)
----------------- Invoking toplevel() on ptolemy.moml.MoMLSimpleApplication@42fe3009
----------------- Done invoking toplevel() on ptolemy.moml.MoMLSimpleApplication@42fe3009
reloadAllAccessors: .arrayType5

===========================================================================================
----------------- testing Tue Sep 03 05:39:04 UTC 2019 /home/travis/build/icyphy/ptII/ptolemy/actor/lib/test/auto/arrayType6.xml
----------------- Instantiating /home/travis/build/icyphy/ptII/ptolemy/actor/lib/test/auto/arrayType6.xml
1 ms. Memory: 291840K Free: 167288K (57%)
----------------- Invoking toplevel() on ptolemy.moml.MoMLSimpleApplication@53e5514
----------------- Done invoking toplevel() on ptolemy.moml.MoMLSimpleApplication@53e5514
reloadAllAccessors: .arrayType6

===========================================================================================
----------------- testing Tue Sep 03 05:39:04 UTC 2019 /home/travis/build/icyphy/ptII/ptolemy/actor/lib/test/auto/arrayType7.xml
----------------- Instantiating /home/travis/build/icyphy/ptII/ptolemy/actor/lib/test/auto/arrayType7.xml
1 ms. Memory: 291840K Free: 162678K (56%)
----------------- Invoking toplevel() on ptolemy.moml.MoMLSimpleApplication@91f278a
----------------- Done invoking toplevel() on ptolemy.moml.MoMLSimpleApplication@91f278a
reloadAllAccessors: .arrayType7

===========================================================================================
----------------- testing Tue Sep 03 05:39:04 UTC 2019 /home/travis/build/icyphy/ptII/ptolemy/actor/lib/test/auto/arrayType8.xml
----------------- Instantiating /home/travis/build/icyphy/ptII/ptolemy/actor/lib/test/auto/arrayType8.xml
1 ms. Memory: 291840K Free: 157558K (54%)
----------------- Invoking toplevel() on ptolemy.moml.MoMLSimpleApplication@23e8cd36
----------------- Done invoking toplevel() on ptolemy.moml.MoMLSimpleApplication@23e8cd36
reloadAllAccessors: .arrayType8

===========================================================================================
----------------- testing Tue Sep 03 05:39:04 UTC 2019 /home/travis/build/icyphy/ptII/ptolemy/actor/lib/test/auto/arrayType9.xml
----------------- Instantiating /home/travis/build/icyphy/ptII/ptolemy/actor/lib/test/auto/arrayType9.xml
3 ms. Memory: 291840K Free: 152952K (52%)
----------------- Invoking toplevel() on ptolemy.moml.MoMLSimpleApplication@6cbbfd1
----------------- Done invoking toplevel() on ptolemy.moml.MoMLSimpleApplication@6cbbfd1
reloadAllAccessors: .arrayType9

===========================================================================================
----------------- testing Tue Sep 03 05:39:04 UTC 2019 /home/travis/build/icyphy/ptII/ptolemy/actor/lib/test/auto/cast.xml
----------------- Instantiating /home/travis/build/icyphy/ptII/ptolemy/actor/lib/test/auto/cast.xml
2 ms. Memory: 291840K Free: 148342K (51%)
----------------- Invoking toplevel() on ptolemy.moml.MoMLSimpleApplication@74ba5f1b
----------------- Done invoking toplevel() on ptolemy.moml.MoMLSimpleApplication@74ba5f1b
reloadAllAccessors: .cast

===========================================================================================
----------------- testing Tue Sep 03 05:39:04 UTC 2019 /home/travis/build/icyphy/ptII/ptolemy/actor/lib/test/auto/compositeMultiPort.xml
----------------- Instantiating /home/travis/build/icyphy/ptII/ptolemy/actor/lib/test/auto/compositeMultiPort.xml
3 ms. Memory: 291840K Free: 139640K (48%)
----------------- Invoking toplevel() on ptolemy.moml.MoMLSimpleApplication@272fca46
----------------- Done invoking toplevel() on ptolemy.moml.MoMLSimpleApplication@272fca46
reloadAllAccessors: .compositeMultiPort

===========================================================================================
----------------- testing Tue Sep 03 05:39:04 UTC 2019 /home/travis/build/icyphy/ptII/ptolemy/actor/lib/test/auto/expressionCastInference.xml
----------------- Instantiating /home/travis/build/icyphy/ptII/ptolemy/actor/lib/test/auto/expressionCastInference.xml
2 ms. Memory: 291840K Free: 135030K (46%)
----------------- Invoking toplevel() on ptolemy.moml.MoMLSimpleApplication@6922720c
----------------- Done invoking toplevel() on ptolemy.moml.MoMLSimpleApplication@6922720c
reloadAllAccessors: .expressionCastInference

===========================================================================================
----------------- testing Tue Sep 03 05:39:04 UTC 2019 /home/travis/build/icyphy/ptII/ptolemy/actor/lib/test/auto/expressionCastInference2.xml
----------------- Instantiating /home/travis/build/icyphy/ptII/ptolemy/actor/lib/test/auto/expressionCastInference2.xml
2 ms. Memory: 291840K Free: 129910K (45%)
----------------- Invoking toplevel() on ptolemy.moml.MoMLSimpleApplication@38ab8c00
----------------- Done invoking toplevel() on ptolemy.moml.MoMLSimpleApplication@38ab8c00
reloadAllAccessors: .expressionCastInference2

===========================================================================================
----------------- testing Tue Sep 03 05:39:04 UTC 2019 /home/travis/build/icyphy/ptII/ptolemy/actor/lib/test/auto/expressionInference.xml
----------------- Instantiating /home/travis/build/icyphy/ptII/ptolemy/actor/lib/test/auto/expressionInference.xml
1 ms. Memory: 291840K Free: 125814K (43%)
----------------- Invoking toplevel() on ptolemy.moml.MoMLSimpleApplication@39bad949
----------------- Done invoking toplevel() on ptolemy.moml.MoMLSimpleApplication@39bad949
reloadAllAccessors: .expressionInference

===========================================================================================
----------------- testing Tue Sep 03 05:39:04 UTC 2019 /home/travis/build/icyphy/ptII/ptolemy/actor/lib/test/auto/expression_bug.xml
----------------- Instantiating /home/travis/build/icyphy/ptII/ptolemy/actor/lib/test/auto/expression_bug.xml
2 ms. Memory: 291840K Free: 121718K (42%)
----------------- Invoking toplevel() on ptolemy.moml.MoMLSimpleApplication@7b60806d
----------------- Done invoking toplevel() on ptolemy.moml.MoMLSimpleApplication@7b60806d
reloadAllAccessors: .expression_bug

===========================================================================================
----------------- testing Tue Sep 03 05:39:04 UTC 2019 /home/travis/build/icyphy/ptII/ptolemy/actor/lib/test/auto/factorial.xml
----------------- Instantiating /home/travis/build/icyphy/ptII/ptolemy/actor/lib/test/auto/factorial.xml
37 ms. Memory: 291840K Free: 113016K (39%)
----------------- Invoking toplevel() on ptolemy.moml.MoMLSimpleApplication@2f19fd4
----------------- Done invoking toplevel() on ptolemy.moml.MoMLSimpleApplication@2f19fd4
reloadAllAccessors: .factorial

===========================================================================================
----------------- testing Tue Sep 03 05:39:05 UTC 2019 /home/travis/build/icyphy/ptII/ptolemy/actor/lib/test/auto/filterTest1.xml
----------------- Instantiating /home/travis/build/icyphy/ptII/ptolemy/actor/lib/test/auto/filterTest1.xml
3 ms. Memory: 291840K Free: 107368K (37%)
----------------- Invoking toplevel() on ptolemy.moml.MoMLSimpleApplication@7f2cb21e
----------------- Done invoking toplevel() on ptolemy.moml.MoMLSimpleApplication@7f2cb21e
reloadAllAccessors: .filterTest1

===========================================================================================
----------------- testing Tue Sep 03 05:39:05 UTC 2019 /home/travis/build/icyphy/ptII/ptolemy/actor/lib/test/auto/funcApplyInConst.xml
----------------- Instantiating /home/travis/build/icyphy/ptII/ptolemy/actor/lib/test/auto/funcApplyInConst.xml
1 ms. Memory: 291840K Free: 103800K (36%)
----------------- Invoking toplevel() on ptolemy.moml.MoMLSimpleApplication@78187bf8
----------------- Done invoking toplevel() on ptolemy.moml.MoMLSimpleApplication@78187bf8
reloadAllAccessors: .funcApplyInConst

===========================================================================================
----------------- testing Tue Sep 03 05:39:05 UTC 2019 /home/travis/build/icyphy/ptII/ptolemy/actor/lib/test/auto/funcApplyInExpr.xml
----------------- Instantiating /home/travis/build/icyphy/ptII/ptolemy/actor/lib/test/auto/funcApplyInExpr.xml
1 ms. Memory: 291840K Free: 100214K (34%)
----------------- Invoking toplevel() on ptolemy.moml.MoMLSimpleApplication@7f0ea1e8
----------------- Done invoking toplevel() on ptolemy.moml.MoMLSimpleApplication@7f0ea1e8
reloadAllAccessors: .funcApplyInExpr

===========================================================================================
----------------- testing Tue Sep 03 05:39:05 UTC 2019 /home/travis/build/icyphy/ptII/ptolemy/actor/lib/test/auto/function.xml
----------------- Instantiating /home/travis/build/icyphy/ptII/ptolemy/actor/lib/test/auto/function.xml
2 ms. Memory: 291840K Free: 95094K (33%)
----------------- Invoking toplevel() on ptolemy.moml.MoMLSimpleApplication@87ab074
----------------- Done invoking toplevel() on ptolemy.moml.MoMLSimpleApplication@87ab074
reloadAllAccessors: .function

===========================================================================================
----------------- testing Tue Sep 03 05:39:05 UTC 2019 /home/travis/build/icyphy/ptII/ptolemy/actor/lib/test/auto/function2.xml
----------------- Instantiating /home/travis/build/icyphy/ptII/ptolemy/actor/lib/test/auto/function2.xml
3 ms. Memory: 291840K Free: 90488K (31%)
----------------- Invoking toplevel() on ptolemy.moml.MoMLSimpleApplication@61ce1dcc
----------------- Done invoking toplevel() on ptolemy.moml.MoMLSimpleApplication@61ce1dcc
reloadAllAccessors: .function2

===========================================================================================
----------------- testing Tue Sep 03 05:39:05 UTC 2019 /home/travis/build/icyphy/ptII/ptolemy/actor/lib/test/auto/function3.xml
----------------- Instantiating /home/travis/build/icyphy/ptII/ptolemy/actor/lib/test/auto/function3.xml
1 ms. Memory: 291840K Free: 86902K (30%)
----------------- Invoking toplevel() on ptolemy.moml.MoMLSimpleApplication@6fd1b82d
----------------- Done invoking toplevel() on ptolemy.moml.MoMLSimpleApplication@6fd1b82d
reloadAllAccessors: .function3

===========================================================================================
----------------- testing Tue Sep 03 05:39:05 UTC 2019 /home/travis/build/icyphy/ptII/ptolemy/actor/lib/test/auto/functionClosureTest1.xml
----------------- Instantiating /home/travis/build/icyphy/ptII/ptolemy/actor/lib/test/auto/functionClosureTest1.xml
2 ms. Memory: 291840K Free: 81272K (28%)
----------------- Invoking toplevel() on ptolemy.moml.MoMLSimpleApplication@34d18834
----------------- Done invoking toplevel() on ptolemy.moml.MoMLSimpleApplication@34d18834
reloadAllAccessors: .functionClosureTest1

===========================================================================================
----------------- testing Tue Sep 03 05:39:05 UTC 2019 /home/travis/build/icyphy/ptII/ptolemy/actor/lib/test/auto/functionClosureTest2.xml
----------------- Instantiating /home/travis/build/icyphy/ptII/ptolemy/actor/lib/test/auto/functionClosureTest2.xml
2 ms. Memory: 291840K Free: 77176K (26%)
----------------- Invoking toplevel() on ptolemy.moml.MoMLSimpleApplication@3b526f59
----------------- Done invoking toplevel() on ptolemy.moml.MoMLSimpleApplication@3b526f59
reloadAllAccessors: .functionClosureTest2

===========================================================================================
----------------- testing Tue Sep 03 05:39:05 UTC 2019 /home/travis/build/icyphy/ptII/ptolemy/actor/lib/test/auto/functionClosureTest3.xml
----------------- Instantiating /home/travis/build/icyphy/ptII/ptolemy/actor/lib/test/auto/functionClosureTest3.xml
2 ms. Memory: 291840K Free: 72056K (25%)
----------------- Invoking toplevel() on ptolemy.moml.MoMLSimpleApplication@456482ab
----------------- Done invoking toplevel() on ptolemy.moml.MoMLSimpleApplication@456482ab
reloadAllAccessors: .functionClosureTest3

===========================================================================================
----------------- testing Tue Sep 03 05:39:05 UTC 2019 /home/travis/build/icyphy/ptII/ptolemy/actor/lib/test/auto/functionClosureTest4.xml
----------------- Instantiating /home/travis/build/icyphy/ptII/ptolemy/actor/lib/test/auto/functionClosureTest4.xml
4 ms. Memory: 291840K Free: 236530K (81%)
----------------- Invoking toplevel() on ptolemy.moml.MoMLSimpleApplication@847b15d
----------------- Done invoking toplevel() on ptolemy.moml.MoMLSimpleApplication@847b15d
reloadAllAccessors: .functionClosureTest4

===========================================================================================
----------------- testing Tue Sep 03 05:39:05 UTC 2019 /home/travis/build/icyphy/ptII/ptolemy/actor/lib/test/auto/functionClosureTest5.xml
----------------- Instantiating /home/travis/build/icyphy/ptII/ptolemy/actor/lib/test/auto/functionClosureTest5.xml
5 ms. Memory: 291840K Free: 230882K (79%)
----------------- Invoking toplevel() on ptolemy.moml.MoMLSimpleApplication@6496e21c
----------------- Done invoking toplevel() on ptolemy.moml.MoMLSimpleApplication@6496e21c
reloadAllAccessors: .functionClosureTest5

===========================================================================================
----------------- testing Tue Sep 03 05:39:05 UTC 2019 /home/travis/build/icyphy/ptII/ptolemy/actor/lib/test/auto/functionClosureTest6.xml
----------------- Instantiating /home/travis/build/icyphy/ptII/ptolemy/actor/lib/test/auto/functionClosureTest6.xml
2 ms. Memory: 291840K Free: 226290K (78%)
----------------- Invoking toplevel() on ptolemy.moml.MoMLSimpleApplication@7a36cdfa
----------------- Done invoking toplevel() on ptolemy.moml.MoMLSimpleApplication@7a36cdfa
reloadAllAccessors: .functionClosureTest6

===========================================================================================
----------------- testing Tue Sep 03 05:39:05 UTC 2019 /home/travis/build/icyphy/ptII/ptolemy/actor/lib/test/auto/functionsOnArcs.xml
----------------- Instantiating /home/travis/build/icyphy/ptII/ptolemy/actor/lib/test/auto/functionsOnArcs.xml
2 ms. Memory: 291840K Free: 221170K (76%)
----------------- Invoking toplevel() on ptolemy.moml.MoMLSimpleApplication@7b21b39
----------------- Done invoking toplevel() on ptolemy.moml.MoMLSimpleApplication@7b21b39
reloadAllAccessors: .functionsOnArcs

===========================================================================================
----------------- testing Tue Sep 03 05:39:05 UTC 2019 /home/travis/build/icyphy/ptII/ptolemy/actor/lib/test/auto/functionsOnArcsHOF.xml
----------------- Instantiating /home/travis/build/icyphy/ptII/ptolemy/actor/lib/test/auto/functionsOnArcsHOF.xml
6 ms. Memory: 291840K Free: 215026K (74%)
----------------- Invoking toplevel() on ptolemy.moml.MoMLSimpleApplication@65b763e5
----------------- Done invoking toplevel() on ptolemy.moml.MoMLSimpleApplication@65b763e5
reloadAllAccessors: .functionsOnArcsHOF

===========================================================================================
----------------- testing Tue Sep 03 05:39:05 UTC 2019 /home/travis/build/icyphy/ptII/ptolemy/actor/lib/test/auto/logic.xml
----------------- Instantiating /home/travis/build/icyphy/ptII/ptolemy/actor/lib/test/auto/logic.xml
1 ms. Memory: 291840K Free: 207858K (71%)
----------------- Invoking toplevel() on ptolemy.moml.MoMLSimpleApplication@77fa8a4a
----------------- Done invoking toplevel() on ptolemy.moml.MoMLSimpleApplication@77fa8a4a
reloadAllAccessors: .logic

===========================================================================================
----------------- testing Tue Sep 03 05:39:05 UTC 2019 /home/travis/build/icyphy/ptII/ptolemy/actor/lib/test/auto/matrixType.xml
----------------- Instantiating /home/travis/build/icyphy/ptII/ptolemy/actor/lib/test/auto/matrixType.xml
2 ms. Memory: 291840K Free: 203248K (70%)
----------------- Invoking toplevel() on ptolemy.moml.MoMLSimpleApplication@5bd41a5f
----------------- Done invoking toplevel() on ptolemy.moml.MoMLSimpleApplication@5bd41a5f
reloadAllAccessors: .matrixType

===========================================================================================
----------------- testing Tue Sep 03 05:39:05 UTC 2019 /home/travis/build/icyphy/ptII/ptolemy/actor/lib/test/auto/matrixType10.xml
----------------- Instantiating /home/travis/build/icyphy/ptII/ptolemy/actor/lib/test/auto/matrixType10.xml
2 ms. Memory: 291840K Free: 198128K (68%)
----------------- Invoking toplevel() on ptolemy.moml.MoMLSimpleApplication@3449d81a
----------------- Done invoking toplevel() on ptolemy.moml.MoMLSimpleApplication@3449d81a
reloadAllAccessors: .matrixType10

===========================================================================================
----------------- testing Tue Sep 03 05:39:05 UTC 2019 /home/travis/build/icyphy/ptII/ptolemy/actor/lib/test/auto/matrixType11.xml
----------------- Instantiating /home/travis/build/icyphy/ptII/ptolemy/actor/lib/test/auto/matrixType11.xml
1 ms. Memory: 291840K Free: 193522K (66%)
----------------- Invoking toplevel() on ptolemy.moml.MoMLSimpleApplication@1a44f8a0
----------------- Done invoking toplevel() on ptolemy.moml.MoMLSimpleApplication@1a44f8a0
reloadAllAccessors: .matrixType11

===========================================================================================
----------------- testing Tue Sep 03 05:39:05 UTC 2019 /home/travis/build/icyphy/ptII/ptolemy/actor/lib/test/auto/matrixType12.xml
----------------- Instantiating /home/travis/build/icyphy/ptII/ptolemy/actor/lib/test/auto/matrixType12.xml
1 ms. Memory: 291840K Free: 188912K (65%)
----------------- Invoking toplevel() on ptolemy.moml.MoMLSimpleApplication@1828e247
----------------- Done invoking toplevel() on ptolemy.moml.MoMLSimpleApplication@1828e247
reloadAllAccessors: .matrixType12

===========================================================================================
----------------- testing Tue Sep 03 05:39:05 UTC 2019 /home/travis/build/icyphy/ptII/ptolemy/actor/lib/test/auto/matrixType13.xml
----------------- Instantiating /home/travis/build/icyphy/ptII/ptolemy/actor/lib/test/auto/matrixType13.xml
1 ms. Memory: 291840K Free: 183792K (63%)
----------------- Invoking toplevel() on ptolemy.moml.MoMLSimpleApplication@6256c091
----------------- Done invoking toplevel() on ptolemy.moml.MoMLSimpleApplication@6256c091
reloadAllAccessors: .matrixType13

===========================================================================================
----------------- testing Tue Sep 03 05:39:05 UTC 2019 /home/travis/build/icyphy/ptII/ptolemy/actor/lib/test/auto/matrixType14.xml
----------------- Instantiating /home/travis/build/icyphy/ptII/ptolemy/actor/lib/test/auto/matrixType14.xml
1 ms. Memory: 291840K Free: 178672K (61%)
----------------- Invoking toplevel() on ptolemy.moml.MoMLSimpleApplication@563ad410
----------------- Done invoking toplevel() on ptolemy.moml.MoMLSimpleApplication@563ad410
reloadAllAccessors: .matrixType14

===========================================================================================
----------------- testing Tue Sep 03 05:39:05 UTC 2019 /home/travis/build/icyphy/ptII/ptolemy/actor/lib/test/auto/matrixType2.xml
----------------- Instantiating /home/travis/build/icyphy/ptII/ptolemy/actor/lib/test/auto/matrixType2.xml
1 ms. Memory: 291840K Free: 173552K (59%)
----------------- Invoking toplevel() on ptolemy.moml.MoMLSimpleApplication@6cf8fe1
----------------- Done invoking toplevel() on ptolemy.moml.MoMLSimpleApplication@6cf8fe1
reloadAllAccessors: .matrixType2

===========================================================================================
----------------- testing Tue Sep 03 05:39:05 UTC 2019 /home/travis/build/icyphy/ptII/ptolemy/actor/lib/test/auto/matrixType3.xml
----------------- Instantiating /home/travis/build/icyphy/ptII/ptolemy/actor/lib/test/auto/matrixType3.xml
3 ms. Memory: 291840K Free: 168432K (58%)
----------------- Invoking toplevel() on ptolemy.moml.MoMLSimpleApplication@4485c385
----------------- Done invoking toplevel() on ptolemy.moml.MoMLSimpleApplication@4485c385
reloadAllAccessors: .matrixType3

===========================================================================================
----------------- testing Tue Sep 03 05:39:05 UTC 2019 /home/travis/build/icyphy/ptII/ptolemy/actor/lib/test/auto/matrixType4.xml
----------------- Instantiating /home/travis/build/icyphy/ptII/ptolemy/actor/lib/test/auto/matrixType4.xml
1 ms. Memory: 291840K Free: 163826K (56%)
----------------- Invoking toplevel() on ptolemy.moml.MoMLSimpleApplication@71f25298
----------------- Done invoking toplevel() on ptolemy.moml.MoMLSimpleApplication@71f25298
reloadAllAccessors: .matrixType4

===========================================================================================
----------------- testing Tue Sep 03 05:39:05 UTC 2019 /home/travis/build/icyphy/ptII/ptolemy/actor/lib/test/auto/matrixType5.xml
----------------- Instantiating /home/travis/build/icyphy/ptII/ptolemy/actor/lib/test/auto/matrixType5.xml
1 ms. Memory: 291840K Free: 159216K (55%)
----------------- Invoking toplevel() on ptolemy.moml.MoMLSimpleApplication@739b13c5
----------------- Done invoking toplevel() on ptolemy.moml.MoMLSimpleApplication@739b13c5
reloadAllAccessors: .matrixType5

===========================================================================================
----------------- testing Tue Sep 03 05:39:05 UTC 2019 /home/travis/build/icyphy/ptII/ptolemy/actor/lib/test/auto/matrixType6.xml
----------------- Instantiating /home/travis/build/icyphy/ptII/ptolemy/actor/lib/test/auto/matrixType6.xml
1 ms. Memory: 291840K Free: 154096K (53%)
----------------- Invoking toplevel() on ptolemy.moml.MoMLSimpleApplication@65281f11
----------------- Done invoking toplevel() on ptolemy.moml.MoMLSimpleApplication@65281f11
reloadAllAccessors: .matrixType6

===========================================================================================
----------------- testing Tue Sep 03 05:39:05 UTC 2019 /home/travis/build/icyphy/ptII/ptolemy/actor/lib/test/auto/matrixType7.xml
----------------- Instantiating /home/travis/build/icyphy/ptII/ptolemy/actor/lib/test/auto/matrixType7.xml
2 ms. Memory: 291840K Free: 149490K (51%)
----------------- Invoking toplevel() on ptolemy.moml.MoMLSimpleApplication@1e807b84
----------------- Done invoking toplevel() on ptolemy.moml.MoMLSimpleApplication@1e807b84
reloadAllAccessors: .matrixType7

===========================================================================================
----------------- testing Tue Sep 03 05:39:05 UTC 2019 /home/travis/build/icyphy/ptII/ptolemy/actor/lib/test/auto/matrixType8.xml
----------------- Instantiating /home/travis/build/icyphy/ptII/ptolemy/actor/lib/test/auto/matrixType8.xml
1 ms. Memory: 291840K Free: 144880K (50%)
----------------- Invoking toplevel() on ptolemy.moml.MoMLSimpleApplication@58a1ed5
----------------- Done invoking toplevel() on ptolemy.moml.MoMLSimpleApplication@58a1ed5
reloadAllAccessors: .matrixType8

===========================================================================================
----------------- testing Tue Sep 03 05:39:05 UTC 2019 /home/travis/build/icyphy/ptII/ptolemy/actor/lib/test/auto/matrixType9.xml
----------------- Instantiating /home/travis/build/icyphy/ptII/ptolemy/actor/lib/test/auto/matrixType9.xml
1 ms. Memory: 291840K Free: 139760K (48%)
----------------- Invoking toplevel() on ptolemy.moml.MoMLSimpleApplication@1ed9adba
----------------- Done invoking toplevel() on ptolemy.moml.MoMLSimpleApplication@1ed9adba
reloadAllAccessors: .matrixType9

===========================================================================================
----------------- testing Tue Sep 03 05:39:05 UTC 2019 /home/travis/build/icyphy/ptII/ptolemy/actor/lib/test/auto/paraFunctest.xml
----------------- Instantiating /home/travis/build/icyphy/ptII/ptolemy/actor/lib/test/auto/paraFunctest.xml
2 ms. Memory: 291840K Free: 135664K (46%)
----------------- Invoking toplevel() on ptolemy.moml.MoMLSimpleApplication@218ddb38
----------------- Done invoking toplevel() on ptolemy.moml.MoMLSimpleApplication@218ddb38
reloadAllAccessors: .paraFunctest

===========================================================================================
----------------- testing Tue Sep 03 05:39:05 UTC 2019 /home/travis/build/icyphy/ptII/ptolemy/actor/lib/test/auto/paraFunctest2.xml
----------------- Instantiating /home/travis/build/icyphy/ptII/ptolemy/actor/lib/test/auto/paraFunctest2.xml
1 ms. Memory: 291840K Free: 131568K (45%)
----------------- Invoking toplevel() on ptolemy.moml.MoMLSimpleApplication@152bb575
----------------- Done invoking toplevel() on ptolemy.moml.MoMLSimpleApplication@152bb575
reloadAllAccessors: .paraFunctest2

===========================================================================================
----------------- testing Tue Sep 03 05:39:05 UTC 2019 /home/travis/build/icyphy/ptII/ptolemy/actor/lib/test/auto/parameterPassing.xml
----------------- Instantiating /home/travis/build/icyphy/ptII/ptolemy/actor/lib/test/auto/parameterPassing.xml
0 ms. Memory: 291840K Free: 126962K (44%)
----------------- Invoking toplevel() on ptolemy.moml.MoMLSimpleApplication@66491951
----------------- Done invoking toplevel() on ptolemy.moml.MoMLSimpleApplication@66491951
reloadAllAccessors: .parameterPassing

===========================================================================================
----------------- testing Tue Sep 03 05:39:05 UTC 2019 /home/travis/build/icyphy/ptII/ptolemy/actor/lib/test/auto/record.xml
----------------- Instantiating /home/travis/build/icyphy/ptII/ptolemy/actor/lib/test/auto/record.xml
2 ms. Memory: 291840K Free: 122352K (42%)
----------------- Invoking toplevel() on ptolemy.moml.MoMLSimpleApplication@bf955d5
----------------- Done invoking toplevel() on ptolemy.moml.MoMLSimpleApplication@bf955d5
reloadAllAccessors: .record

===========================================================================================
----------------- testing Tue Sep 03 05:39:05 UTC 2019 /home/travis/build/icyphy/ptII/ptolemy/actor/lib/test/auto/sizedarray1.xml
----------------- Instantiating /home/travis/build/icyphy/ptII/ptolemy/actor/lib/test/auto/sizedarray1.xml
2 ms. Memory: 291840K Free: 117232K (40%)
----------------- Invoking toplevel() on ptolemy.moml.MoMLSimpleApplication@53e07719
----------------- Done invoking toplevel() on ptolemy.moml.MoMLSimpleApplication@53e07719
reloadAllAccessors: .sizedarray1

===========================================================================================
----------------- testing Tue Sep 03 05:39:05 UTC 2019 /home/travis/build/icyphy/ptII/ptolemy/actor/lib/test/auto/sizedarray2.xml
----------------- Instantiating /home/travis/build/icyphy/ptII/ptolemy/actor/lib/test/auto/sizedarray2.xml
3 ms. Memory: 291840K Free: 111602K (38%)
----------------- Invoking toplevel() on ptolemy.moml.MoMLSimpleApplication@35697665
----------------- Done invoking toplevel() on ptolemy.moml.MoMLSimpleApplication@35697665
reloadAllAccessors: .sizedarray2

===========================================================================================
----------------- testing Tue Sep 03 05:39:05 UTC 2019 /home/travis/build/icyphy/ptII/ptolemy/actor/lib/test/auto/twoPublishers.xml
----------------- Instantiating /home/travis/build/icyphy/ptII/ptolemy/actor/lib/test/auto/twoPublishers.xml
6 ms. Memory: 291840K Free: 101362K (35%)
----------------- Invoking toplevel() on ptolemy.moml.MoMLSimpleApplication@6c7e8376
----------------- Done invoking toplevel() on ptolemy.moml.MoMLSimpleApplication@6c7e8376
reloadAllAccessors: .twoPublishers
AutoTests.java: About to close Vertx.
AutoTests.java: Vertx closed.
]]></system-out>
  <system-err><![CDATA[java.lang.RuntimeException: Execution failed
	at ptolemy.moml.MoMLSimpleApplication$UnloadThread.run(MoMLSimpleApplication.java:402)
Caused by: java.lang.RuntimeException: StringUtilities.exit() was called. Normally, we would exit here because Manager.exitAfterWrapup() was called.  However, because the ptolemy.ptII.exitAfterWrapup property is set, we throw this exception instead.
	at ptolemy.util.StringUtilities.exit(StringUtilities.java:365)
	at ptolemy.actor.Manager.wrapup(Manager.java:1549)
	at ptolemy.actor.Manager.execute(Manager.java:407)
	at ptolemy.actor.Manager.run(Manager.java:1263)
	at ptolemy.actor.Manager$PtolemyRunThread.run(Manager.java:1933)
Warning: '.top.test' is in training mode, set the trainingMode parameter to false before checking in
Warning: '.top.test' is in training mode, set the trainingMode parameter to false before checking in
Warning: '.top.test' is in training mode, set the trainingMode parameter to false before checking in
Warning: '.BooleanSwitch_RegressionTest_WrongTrainingValues.Test' is in training mode, set the trainingMode parameter to false before checking in
Warning: '.BooleanSwitch_RegressionTest_WrongTrainingValues.Test2' is in training mode, set the trainingMode parameter to false before checking in
Warning: '.BooleanSwitch_RegressionTest_WrongTrainingValues.Test2' The test produced 0 tokens.
Warning: '.top.testExceptionHandler' is in training mode, set the trainingMode parameter to false before checking in
java.lang.RuntimeException: Execution failed
	at ptolemy.moml.MoMLSimpleApplication$UnloadThread.run(MoMLSimpleApplication.java:402)
Caused by: ptolemy.kernel.util.IllegalActionException: PublisherPorts cannot be used at the top level, use a Publisher actor instead.
  in .PublisherPortToplevelSubscriber.PublisherPort
	at ptolemy.actor.PublisherPort.preinitialize(PublisherPort.java:403)
	at ptolemy.actor.CompositeActor.preinitialize(CompositeActor.java:1769)
	at ptolemy.actor.Manager.preinitializeAndResolveTypes(Manager.java:1040)
	at ptolemy.actor.Manager.initialize(Manager.java:710)
	at ptolemy.actor.Manager.execute(Manager.java:356)
	at ptolemy.actor.Manager.run(Manager.java:1263)
	at ptolemy.actor.Manager$PtolemyRunThread.run(Manager.java:1933)
java.lang.reflect.InvocationTargetException
	at java.base/jdk.internal.reflect.NativeConstructorAccessorImpl.newInstance0(Native Method)
	at java.base/jdk.internal.reflect.NativeConstructorAccessorImpl.newInstance(NativeConstructorAccessorImpl.java:62)
	at java.base/jdk.internal.reflect.DelegatingConstructorAccessorImpl.newInstance(DelegatingConstructorAccessorImpl.java:45)
	at java.base/java.lang.reflect.Constructor.newInstance(Constructor.java:490)
	at ptolemy.util.test.junit.AutoKnownFailedTests.RunModel(AutoKnownFailedTests.java:105)
	at java.base/jdk.internal.reflect.NativeMethodAccessorImpl.invoke0(Native Method)
	at java.base/jdk.internal.reflect.NativeMethodAccessorImpl.invoke(NativeMethodAccessorImpl.java:62)
	at java.base/jdk.internal.reflect.DelegatingMethodAccessorImpl.invoke(DelegatingMethodAccessorImpl.java:43)
	at java.base/java.lang.reflect.Method.invoke(Method.java:566)
	at org.junit.runners.model.FrameworkMethod$1.runReflectiveCall(FrameworkMethod.java:44)
	at org.junit.internal.runners.model.ReflectiveCallable.run(ReflectiveCallable.java:15)
	at org.junit.runners.model.FrameworkMethod.invokeExplosively(FrameworkMethod.java:41)
	at junitparams.internal.InvokeParameterisedMethod.evaluate(InvokeParameterisedMethod.java:102)
	at org.junit.internal.runners.statements.FailOnTimeout$1.run(FailOnTimeout.java:28)
Caused by: ptolemy.kernel.util.IllegalActionException: PublisherPorts cannot be used at the top level, use a Publisher actor instead.
  in .PublisherPortToplevelSubscriber.PublisherPort
	at ptolemy.actor.PublisherPort.preinitialize(PublisherPort.java:403)
	at ptolemy.actor.CompositeActor.preinitialize(CompositeActor.java:1769)
	at ptolemy.actor.Manager.preinitializeAndResolveTypes(Manager.java:1040)
	at ptolemy.actor.Manager.initialize(Manager.java:710)
	at ptolemy.actor.Manager.execute(Manager.java:356)
	at ptolemy.actor.Manager.run(Manager.java:1263)
	at ptolemy.actor.Manager$PtolemyRunThread.run(Manager.java:1933)
java.lang.RuntimeException: Execution failed
	at ptolemy.moml.MoMLSimpleApplication$UnloadThread.run(MoMLSimpleApplication.java:402)
Caused by: ptolemy.kernel.util.IllegalActionException: SubscriberPorts cannot be used at the top level, use a Subscriber actor instead.
  in .PublisherSubscriberPortToplevel.SubscriberPort
	at ptolemy.actor.SubscriberPort.preinitialize(SubscriberPort.java:328)
	at ptolemy.actor.CompositeActor.preinitialize(CompositeActor.java:1769)
	at ptolemy.actor.Manager.preinitializeAndResolveTypes(Manager.java:1040)
	at ptolemy.actor.Manager.initialize(Manager.java:710)
	at ptolemy.actor.Manager.execute(Manager.java:356)
	at ptolemy.actor.Manager.run(Manager.java:1263)
	at ptolemy.actor.Manager$PtolemyRunThread.run(Manager.java:1933)
java.lang.reflect.InvocationTargetException
	at java.base/jdk.internal.reflect.NativeConstructorAccessorImpl.newInstance0(Native Method)
	at java.base/jdk.internal.reflect.NativeConstructorAccessorImpl.newInstance(NativeConstructorAccessorImpl.java:62)
	at java.base/jdk.internal.reflect.DelegatingConstructorAccessorImpl.newInstance(DelegatingConstructorAccessorImpl.java:45)
	at java.base/java.lang.reflect.Constructor.newInstance(Constructor.java:490)
	at ptolemy.util.test.junit.AutoKnownFailedTests.RunModel(AutoKnownFailedTests.java:105)
	at java.base/jdk.internal.reflect.NativeMethodAccessorImpl.invoke0(Native Method)
	at java.base/jdk.internal.reflect.NativeMethodAccessorImpl.invoke(NativeMethodAccessorImpl.java:62)
	at java.base/jdk.internal.reflect.DelegatingMethodAccessorImpl.invoke(DelegatingMethodAccessorImpl.java:43)
	at java.base/java.lang.reflect.Method.invoke(Method.java:566)
	at org.junit.runners.model.FrameworkMethod$1.runReflectiveCall(FrameworkMethod.java:44)
	at org.junit.internal.runners.model.ReflectiveCallable.run(ReflectiveCallable.java:15)
	at org.junit.runners.model.FrameworkMethod.invokeExplosively(FrameworkMethod.java:41)
	at junitparams.internal.InvokeParameterisedMethod.evaluate(InvokeParameterisedMethod.java:102)
	at org.junit.internal.runners.statements.FailOnTimeout$1.run(FailOnTimeout.java:28)
Caused by: ptolemy.kernel.util.IllegalActionException: SubscriberPorts cannot be used at the top level, use a Subscriber actor instead.
  in .PublisherSubscriberPortToplevel.SubscriberPort
	at ptolemy.actor.SubscriberPort.preinitialize(SubscriberPort.java:328)
	at ptolemy.actor.CompositeActor.preinitialize(CompositeActor.java:1769)
	at ptolemy.actor.Manager.preinitializeAndResolveTypes(Manager.java:1040)
	at ptolemy.actor.Manager.initialize(Manager.java:710)
	at ptolemy.actor.Manager.execute(Manager.java:356)
	at ptolemy.actor.Manager.run(Manager.java:1263)
	at ptolemy.actor.Manager$PtolemyRunThread.run(Manager.java:1933)
java.lang.RuntimeException: Execution failed
	at ptolemy.moml.MoMLSimpleApplication$UnloadThread.run(MoMLSimpleApplication.java:402)
Caused by: ptolemy.kernel.util.IllegalActionException: SubscriptionAggregatorPorts cannot be used at the top level, use a SubscriptionAggregator actor instead.
  in .PublisherSubscriptionAggregatorPort.SubscriptionAggregatorPort
	at ptolemy.actor.SubscriptionAggregatorPort.preinitialize(SubscriptionAggregatorPort.java:353)
	at ptolemy.actor.CompositeActor.preinitialize(CompositeActor.java:1769)
	at ptolemy.actor.Manager.preinitializeAndResolveTypes(Manager.java:1040)
	at ptolemy.actor.Manager.initialize(Manager.java:710)
	at ptolemy.actor.Manager.execute(Manager.java:356)
	at ptolemy.actor.Manager.run(Manager.java:1263)
	at ptolemy.actor.Manager$PtolemyRunThread.run(Manager.java:1933)
java.lang.reflect.InvocationTargetException
	at java.base/jdk.internal.reflect.NativeConstructorAccessorImpl.newInstance0(Native Method)
	at java.base/jdk.internal.reflect.NativeConstructorAccessorImpl.newInstance(NativeConstructorAccessorImpl.java:62)
	at java.base/jdk.internal.reflect.DelegatingConstructorAccessorImpl.newInstance(DelegatingConstructorAccessorImpl.java:45)
	at java.base/java.lang.reflect.Constructor.newInstance(Constructor.java:490)
	at ptolemy.util.test.junit.AutoKnownFailedTests.RunModel(AutoKnownFailedTests.java:105)
	at java.base/jdk.internal.reflect.NativeMethodAccessorImpl.invoke0(Native Method)
	at java.base/jdk.internal.reflect.NativeMethodAccessorImpl.invoke(NativeMethodAccessorImpl.java:62)
	at java.base/jdk.internal.reflect.DelegatingMethodAccessorImpl.invoke(DelegatingMethodAccessorImpl.java:43)
	at java.base/java.lang.reflect.Method.invoke(Method.java:566)
	at org.junit.runners.model.FrameworkMethod$1.runReflectiveCall(FrameworkMethod.java:44)
	at org.junit.internal.runners.model.ReflectiveCallable.run(ReflectiveCallable.java:15)
	at org.junit.runners.model.FrameworkMethod.invokeExplosively(FrameworkMethod.java:41)
	at junitparams.internal.InvokeParameterisedMethod.evaluate(InvokeParameterisedMethod.java:102)
	at org.junit.internal.runners.statements.FailOnTimeout$1.run(FailOnTimeout.java:28)
Caused by: ptolemy.kernel.util.IllegalActionException: SubscriptionAggregatorPorts cannot be used at the top level, use a SubscriptionAggregator actor instead.
  in .PublisherSubscriptionAggregatorPort.SubscriptionAggregatorPort
	at ptolemy.actor.SubscriptionAggregatorPort.preinitialize(SubscriptionAggregatorPort.java:353)
	at ptolemy.actor.CompositeActor.preinitialize(CompositeActor.java:1769)
	at ptolemy.actor.Manager.preinitializeAndResolveTypes(Manager.java:1040)
	at ptolemy.actor.Manager.initialize(Manager.java:710)
	at ptolemy.actor.Manager.execute(Manager.java:356)
	at ptolemy.actor.Manager.run(Manager.java:1263)
	at ptolemy.actor.Manager$PtolemyRunThread.run(Manager.java:1933)
java.lang.RuntimeException: Execution failed
	at ptolemy.moml.MoMLSimpleApplication$UnloadThread.run(MoMLSimpleApplication.java:402)
Caused by: ptolemy.kernel.util.IllegalActionException: TypeTest actor has no training data.
  in .sizedarray3.TypeTest
	at ptolemy.actor.lib.TypeTest.initialize(TypeTest.java:250)
	at ptolemy.actor.Director.initialize(Director.java:938)
	at ptolemy.actor.Director.initialize(Director.java:907)
	at ptolemy.actor.sched.StaticSchedulingDirector.initialize(StaticSchedulingDirector.java:159)
	at ptolemy.domains.sdf.kernel.SDFDirector.initialize(SDFDirector.java:544)
	at ptolemy.actor.CompositeActor.initialize(CompositeActor.java:935)
	at ptolemy.actor.Manager.initialize(Manager.java:724)
	at ptolemy.actor.Manager.execute(Manager.java:356)
	at ptolemy.actor.Manager.run(Manager.java:1263)
	at ptolemy.actor.Manager$PtolemyRunThread.run(Manager.java:1933)
java.lang.reflect.InvocationTargetException
	at java.base/jdk.internal.reflect.NativeConstructorAccessorImpl.newInstance0(Native Method)
	at java.base/jdk.internal.reflect.NativeConstructorAccessorImpl.newInstance(NativeConstructorAccessorImpl.java:62)
	at java.base/jdk.internal.reflect.DelegatingConstructorAccessorImpl.newInstance(DelegatingConstructorAccessorImpl.java:45)
	at java.base/java.lang.reflect.Constructor.newInstance(Constructor.java:490)
	at ptolemy.util.test.junit.AutoKnownFailedTests.RunModel(AutoKnownFailedTests.java:105)
	at java.base/jdk.internal.reflect.NativeMethodAccessorImpl.invoke0(Native Method)
	at java.base/jdk.internal.reflect.NativeMethodAccessorImpl.invoke(NativeMethodAccessorImpl.java:62)
	at java.base/jdk.internal.reflect.DelegatingMethodAccessorImpl.invoke(DelegatingMethodAccessorImpl.java:43)
	at java.base/java.lang.reflect.Method.invoke(Method.java:566)
	at org.junit.runners.model.FrameworkMethod$1.runReflectiveCall(FrameworkMethod.java:44)
	at org.junit.internal.runners.model.ReflectiveCallable.run(ReflectiveCallable.java:15)
	at org.junit.runners.model.FrameworkMethod.invokeExplosively(FrameworkMethod.java:41)
	at junitparams.internal.InvokeParameterisedMethod.evaluate(InvokeParameterisedMethod.java:102)
	at org.junit.internal.runners.statements.FailOnTimeout$1.run(FailOnTimeout.java:28)
Caused by: ptolemy.kernel.util.IllegalActionException: TypeTest actor has no training data.
  in .sizedarray3.TypeTest
	at ptolemy.actor.lib.TypeTest.initialize(TypeTest.java:250)
	at ptolemy.actor.Director.initialize(Director.java:938)
	at ptolemy.actor.Director.initialize(Director.java:907)
	at ptolemy.actor.sched.StaticSchedulingDirector.initialize(StaticSchedulingDirector.java:159)
	at ptolemy.domains.sdf.kernel.SDFDirector.initialize(SDFDirector.java:544)
	at ptolemy.actor.CompositeActor.initialize(CompositeActor.java:935)
	at ptolemy.actor.Manager.initialize(Manager.java:724)
	at ptolemy.actor.Manager.execute(Manager.java:356)
	at ptolemy.actor.Manager.run(Manager.java:1263)
	at ptolemy.actor.Manager$PtolemyRunThread.run(Manager.java:1933)
]]></system-err>
</testsuite>
