<?xml version="1.0" encoding="UTF-8" ?>
<testsuite errors="0" failures="1" hostname="travis-job-d2019d7e-8049-4147-931c-af5f432ec087" name="ptolemy.actor.lib.test.junit.JUnitTclTest" skipped="0" tests="517" time="71.333" timestamp="2019-09-06T05:41:57">
  <properties>
    <property name="npm.executable" value="npm" />
    <property name="env.TRAVIS_ROOT" value="/" />
    <property name="ptII.mk.exists" value="true" />
    <property name="env.TRAVIS_APP_HOST" value="build.travis-ci.org" />
    <property name="env.rvm_bin_path" value="/home/travis/.rvm/bin" />
    <property name="java.home" value="/usr/local/lib/jvm/openjdk11" />
    <property name="env.TRAVIS_JOB_NUMBER" value="1321.8" />
    <property name="env.TRAVIS_HOME" value="/home/travis" />
    <property name="env.DISPLAY" value=":99.0" />
    <property name="env.TRAVIS_INIT" value="systemd" />
    <property name="env.SSH_TTY" value="/dev/pts/0" />
    <property name="java.net.preferIPv4Stack" value="true" />
    <property name="env.RUN_TESTS" value="true" />
    <property name="timeout.short" value="1000000" />
    <property name="junit.formatter" value="xml" />
    <property name="env.TRAVIS_SUDO" value="true" />
    <property name="env.TRAVIS_JOB_NAME" value="" />
    <property name="env.TRAVIS_STACK_NODE_ATTRIBUTES" value="/.node-attributes.yml" />
    <property name="env.LOGNAME" value="travis" />
    <property name="env.PT_TRAVIS_TEST_CORE1_XML" value="true" />
    <property name="jsdoc.home" value="node_modules/@terraswarm/jsdoc" />
    <property name="debuglevel" value="source,lines,vars" />
    <property name="checkstyle.formatter" value="xml" />
    <property name="env._system_version" value="16.04" />
    <property name="bin.vergil.makeable" value="true" />
    <property name="sun.os.patch.level" value="unknown" />
    <property name="java.vendor.url" value="http://java.oracle.com/" />
    <property name="env.TRAVIS_BUILD_WEB_URL" value="https://travis-ci.org/icyphy/ptII/builds/581512441" />
    <property name="java.version" value="11.0.2" />
    <property name="env.TZ" value="UTC" />
    <property name="env.TRAVIS_PULL_REQUEST_SHA" value="" />
    <property name="env.PT_NO_NET" value="true" />
    <property name="env.TRAVIS_SECURE_ENV_VARS" value="true" />
    <property name="env._system_type" value="Linux" />
    <property name="java.vendor.url.bug" value="http://bugreport.java.com/bugreport/" />
    <property name="npmjs-org-is-up" value="true" />
    <property name="env.LANGUAGE" value="en_US.UTF-8" />
    <property name="env.SSH_CLIENT" value="10.16.9.23 35816 22" />
    <property name="env.GEM_HOME" value="/home/travis/.rvm/gems/ruby-2.5.3" />
    <property name="env.HAS_ANTARES_THREE_LITTLE_FRONZIES_BADGE" value="true" />
    <property name="java.version.date" value="2019-01-15" />
    <property name="env.PS4" value="+" />
    <property name="ant.project.invoked-targets" value="build,test.core1.xml" />
    <property name="env.TRAVIS_PULL_REQUEST_BRANCH" value="" />
    <property name="env.TRAVIS_REPO_SLUG" value="icyphy/ptII" />
    <property name="env.XDG_DATA_DIRS" value="/usr/local/share:/usr/share:/var/lib/snapd/desktop" />
    <property name="jdk.debug" value="release" />
    <property name="env.TRAVIS_APT_PROXY" value="http://apt.cache.travis-ci.com" />
    <property name="node.in.path" value="true" />
    <property name="user.name" value="travis" />
    <property name="java.maxmemory" value="1400m" />
    <property name="env.RUBY_VERSION" value="ruby-2.5.3" />
    <property name="env.LANG" value="en_US.UTF-8" />
    <property name="sun.io.unicode.encoding" value="UnicodeLittle" />
    <property name="sun.jnu.encoding" value="UTF-8" />
    <property name="java.runtime.name" value="OpenJDK Runtime Environment" />
    <property name="usefile" value="false" />
    <property name="return.code" value="0" />
    <property name="junit.single.formatter" value="plain" />
    <property name="env.DYLD_LIBRARY_PATH" value="/home/travis/pthla/certi-tools/lib:" />
    <property name="env.DEBIAN_FRONTEND" value="noninteractive" />
    <property name="env.SSH_CONNECTION" value="10.16.9.23 35816 10.20.0.14 22" />
    <property name="env.MYSQL_UNIX_PORT" value="/var/run/mysqld/mysqld.sock" />
    <property name="env.LC_ALL" value="en_US.UTF-8" />
    <property name="env.TRAVIS_ALLOW_FAILURE" value="false" />
    <property name="env.TRAVIS_JOB_WEB_URL" value="https://travis-ci.org/icyphy/ptII/jobs/581512449" />
    <property name="java.specification.name" value="Java Platform API Specification" />
    <property name="node.works" value="true" />
    <property name="user.timezone" value="" />
    <property name="path.separator" value=":" />
    <property name="env.TRAVIS_ENABLE_INFRA_DETECTION" value="true" />
    <property name="env.PYTHON_CFLAGS" value="-g -fstack-protector --param=ssp-buffer-size=4 -Wformat -Werror=format-security" />
    <property name="timeout.long" value="4000000" />
    <property name="env.CERTI_HOME" value="/home/travis/pthla/certi-tools" />
    <property name="ant.file.ptII" value="/home/travis/build/icyphy/ptII/build.xml" />
    <property name="javadoc.packagenames" value="com.*,diva.*,lbnl.*,org.hlacerti.*,org.json.*,org.ptolemy.*,org.terraswarm.*,ptolemy.*,ptserver.*" />
    <property name="file.encoding" value="UTF-8" />
    <property name="env.TRAVIS_PULL_REQUEST_SLUG" value="" />
    <property name="ant.project.default-target" value="build" />
    <property name="env.GIT_ASKPASS" value="echo" />
    <property name="env.HOME" value="/home/travis" />
    <property name="sun.java.command" value="org.apache.tools.ant.taskdefs.optional.junit.JUnitTestRunner ptolemy.actor.lib.test.junit.JUnitTclTest skipNonTests=false filtertrace=true haltOnError=false haltOnFailure=false formatter=org.apache.tools.ant.taskdefs.optional.junit.OutErrSummaryJUnitResultFormatter showoutput=true outputtoformatters=true logfailedtests=true threadid=0 logtestlistenerevents=false formatter=org.apache.tools.ant.taskdefs.optional.junit.XMLJUnitResultFormatter,/home/travis/build/icyphy/ptII/reports/junit/TEST-ptolemy.actor.lib.test.junit.JUnitTclTest.xml crashfile=/home/travis/build/icyphy/ptII/junitvmwatcher11246260973785758849.properties propsfile=/home/travis/build/icyphy/ptII/junit16214597766305812690.properties" />
    <property name="env.COMPOSER_NO_INTERACTION" value="1" />
    <property name="env.MANPATH" value="/home/travis/.nvm/versions/node/v7.10.1/share/man:/home/travis/.rvm/rubies/ruby-2.5.3/share/man:/usr/local/cmake-3.12.4/man:/usr/local/clang-7.0.0/share/man:/usr/local/man:/usr/local/share/man:/usr/share/man:/home/travis/.rvm/man" />
    <property name="env.TRAVIS_TIMER_ID" value="068693d0" />
    <property name="ant.file" value="/home/travis/build/icyphy/ptII/build.xml" />
    <property name="env.TRAVIS_COMMIT_RANGE" value="bc7bfed3151ace78f6177b95f8054c233d74f1bf...1691c4a63a7f6e8f7441362a7c71a7ee30ba8bb1" />
    <property name="env._system_name" value="Ubuntu" />
    <property name="ptII.classpath.optional.property" value="/home/travis/build/icyphy/ptII/lib/bsh-2.0b4.jar:/home/travis/build/icyphy/ptII/lib/ptCal.jar:/home/travis/build/icyphy/ptII/lib/java_cup.jar:/home/travis/build/icyphy/ptII/lib/saxon8.jar:/home/travis/build/icyphy/ptII/lib/saxon8-dom.jar:/home/travis/build/icyphy/ptII/lib/chic.jar:/home/travis/build/icyphy/ptII/lib/ptcolt.jar:/home/travis/build/icyphy/ptII/vendors/misc/itext/iText.jar:/home/travis/build/icyphy/ptII/lib/g4ltl.jar:/home/travis/build/icyphy/ptII/lib/StructuralCoder.jar:/home/travis/build/icyphy/ptII/lib/jcerti.jar:/home/travis/build/icyphy/ptII/lib/javax.mail.jar:/home/travis/build/icyphy/ptII/vendors/JMF-2.1.1e/lib/jmf.jar:/home/travis/build/icyphy/ptII/lib/jna-4.0.0-variadic.jar:/home/travis/build/icyphy/ptII/vendors/misc/joystick/Joystick.jar:/home/travis/build/icyphy/ptII/lib/ptjacl.jar:/home/travis/build/icyphy/ptII/lib/jsoup-1.8.2.jar:/home/travis/build/icyphy/ptII/lib/junit-4.8.2.jar:/home/travis/build/icyphy/ptII/lib/JUnitParams-0.4.0.jar:/home/travis/build/icyphy/ptII/ptolemy/actor/lib/excel/jxl.jar:/home/travis/build/icyphy/ptII/lib/jython.jar:/home/travis/build/icyphy/ptII/lib/kieler.jar:/home/travis/build/icyphy/ptII/vendors/opencv/share/OpenCV/java/opencv-341.jar:/home/travis/build/icyphy/ptII/lib/oscP5.jar:/home/travis/build/icyphy/ptII/lib/nrjavaserial-3.11.0.devel.jar:/home/travis/build/icyphy/ptII/vendors/j3d/lib/Linux/j3dcore.jar:/home/travis/build/icyphy/ptII/vendors/j3d/lib/Linux/j3dutils.jar:/home/travis/build/icyphy/ptII/vendors/j3d/lib/Linux/vecmath.jar:/home/travis/build/icyphy/ptII/vendors/jogl/lib/Linux/gluegen-rt-natives-linux-amd64.jar:/home/travis/build/icyphy/ptII/vendors/jogl/lib/Linux/gluegen-rt.jar:/home/travis/build/icyphy/ptII/vendors/jogl/lib/Linux/jogl-all-natives-linux-amd64.jar:/home/travis/build/icyphy/ptII/vendors/jogl/lib/Linux/jogl-all.jar:/home/travis/build/icyphy/ptII/ptolemy/distributed/jini/jar/jini-core.jar:/home/travis/build/icyphy/ptII/ptolemy/distributed/jini/jar/jini-ext.jar:/home/travis/build/icyphy/ptII/ptolemy/distributed/jini/jar/sun-util.jar:/home/travis/build/icyphy/ptII/lib/protobuf-java-2.4.1.jar:/home/travis/build/icyphy/ptII/lib/org.eclipse.paho.client.mqttv3.jar:/home/travis/build/icyphy/ptII/lib/mapss.jar:/home/travis/build/icyphy/ptII/ptolemy/actor/ptalon/antlr/antlr.jar:/home/travis/build/icyphy/ptII/lib/JRI.jar:/home/travis/build/icyphy/ptII/lib/commons-lang-2.6.jar:/home/travis/build/icyphy/ptII/lib/commons-logging-1.1.1.jar:/home/travis/build/icyphy/ptII/lib/sootclasses.jar:/home/travis/build/icyphy/ptII/ptolemy/actor/lib/database/mysql-connector-java-5.1.6-bin.jar:/home/travis/build/icyphy/ptII/vendors/misc/sphinx4/sphinx4-data-5prealpha.jar:/home/travis/build/icyphy/ptII/vendors/misc/sphinx4/sphinx4-core-5prealpha.jar:/home/travis/build/icyphy/ptII/lib/PDFRenderer.jar:/home/travis/build/icyphy/ptII/lib/svgSalamander.jar:/home/travis/build/icyphy/ptII/lib/rsyntaxtextarea-2.6.0-SNAPSHOT.jar:/home/travis/build/icyphy/ptII/lib/hazelcast-3.8.2.jar:/home/travis/build/icyphy/ptII/lib/jackson-annotations-2.9.0.jar:/home/travis/build/icyphy/ptII/lib/jackson-core-2.9.3.jar:/home/travis/build/icyphy/ptII/lib/jackson-databind-2.9.3.jar:/home/travis/build/icyphy/ptII/lib/netty-buffer-4.1.19.Final.jar:/home/travis/build/icyphy/ptII/lib/netty-codec-4.1.19.Final.jar:/home/travis/build/icyphy/ptII/lib/netty-codec-dns-4.1.19.Final.jar:/home/travis/build/icyphy/ptII/lib/netty-codec-http-4.1.19.Final.jar:/home/travis/build/icyphy/ptII/lib/netty-codec-http2-4.1.19.Final.jar:/home/travis/build/icyphy/ptII/lib/netty-common-4.1.19.Final.jar:/home/travis/build/icyphy/ptII/lib/netty-handler-4.1.19.Final.jar:/home/travis/build/icyphy/ptII/lib/netty-resolver-4.1.19.Final.jar:/home/travis/build/icyphy/ptII/lib/netty-resolver-dns-4.1.19.Final.jar:/home/travis/build/icyphy/ptII/lib/netty-transport-4.1.19.Final.jar:/home/travis/build/icyphy/ptII/lib/vertx-codegen-3.5.1.jar:/home/travis/build/icyphy/ptII/lib/vertx-core-3.5.2-SNAPSHOT.jar:/home/travis/build/icyphy/ptII/lib/vertx-hazelcast-3.5.1.jar:/home/travis/build/icyphy/ptII/lib/vertx-lang-js-3.5.1.jar:/home/travis/build/icyphy/ptII/lib/vertx-service-proxy-3.5.1.jar:/home/travis/build/icyphy/ptII/lib/vertx-web-3.5.1.jar:/home/travis/build/icyphy/ptII/lib/slf4j-api-1.7.13.jar:/home/travis/build/icyphy/ptII/lib/slf4j-simple-1.7.13.jar:/home/travis/build/icyphy/ptII/lib/webcam-capture-0.3.12.jar:/home/travis/build/icyphy/ptII/lib/bridj-0.7.0.jar:/home/travis/build/icyphy/ptII/lib/xbjlib-1.1.0.nrjavaserial.jar" />
    <property name="timeout" value="2400000" />
    <property name="test.batch" value="**/junit/*.java" />
    <property name="env._" value="/usr/bin/timeout" />
    <property name="java.io.tmpdir" value="/tmp" />
    <property name="user.language" value="en" />
    <property name="env.TRAVIS_INTERNAL_RUBY_REGEX" value="^ruby-(2\.[0-4]\.[0-9]|1\.9\.3)" />
    <property name="env.HISTCONTROL" value="ignoredups:ignorespace" />
    <property name="env.GOROOT" value="/home/travis/.gimme/versions/go1.11.1.linux.amd64" />
    <property name="line.separator" value="&#xa;" />
    <property name="target" value="11" />
    <property name="env.TRAVIS_BUILD_DIR" value="/home/travis/build/icyphy/ptII" />
    <property name="env.ANT_OPTS" value="-Xmx2048m" />
    <property name="ant.file.type" value="file" />
    <property name="ptolemy.ptII.batchMode" value="true" />
    <property name="env.HISTSIZE" value="1000" />
    <property name="env.MERB_ENV" value="test" />
    <property name="java.vm.info" value="mixed mode" />
    <property name="source" value="11" />
    <property name="java.vm.specification.name" value="Java Virtual Machine Specification" />
    <property name="env.TRAVIS_TEST_RESULT" value="0" />
    <property name="jsdoc.command" value="node_modules/@terraswarm/jsdoc/jsdoc.js" />
    <property name="npm.works" value="true" />
    <property name="cobertura.dir" value="/home/travis/build/icyphy/ptII/vendors/cobertura-2.0.3" />
    <property name="jsdoc.command.exists" value="true" />
    <property name="env.rvm_path" value="/home/travis/.rvm" />
    <property name="env.GEM_PATH" value="/home/travis/.rvm/gems/ruby-2.5.3:/home/travis/.rvm/gems/ruby-2.5.3@global" />
    <property name="env.LC_CTYPE" value="en_US.UTF-8" />
    <property name="env.TRAVIS_CMD" value="$PTII/bin/ptIITravisBuild.sh $SECONDS" />
    <property name="java.awt.printerjob" value="sun.print.PSPrinterJob" />
    <property name="env.TRAVIS_STACK_NAME" value="sardonyx" />
    <property name="env.TRAVIS_TIMER_START_TIME" value="1567747708624157576" />
    <property name="ant.version" value="Apache Ant(TM) version 1.10.1 compiled on February 2 2017" />
    <property name="ptII.reports" value="/home/travis/build/icyphy/ptII/reports" />
    <property name="env.TRAVIS_STACK_TIMESTAMP" value="2019-03-25 16:16:56 UTC" />
    <property name="ant.file.type.ptII" value="file" />
    <property name="env.RBENV_SHELL" value="bash" />
    <property name="os.name" value="Linux" />
    <property name="java.specification.vendor" value="Oracle Corporation" />
    <property name="env.rvm_version" value="1.29.7 (latest)" />
    <property name="env.TRAVIS_INFRA" value="gce" />
    <property name="env.TERM" value="xterm" />
    <property name="java.vm.name" value="OpenJDK 64-Bit Server VM" />
    <property name="env.TRAVIS_BUILD_NUMBER" value="1321" />
    <property name="env.CI" value="true" />
    <property name="java.library.path" value="/home/travis/pthla/certi-tools/lib:/usr/lib/jni:/usr/local/share/OpenCV/java/:/usr/share/OpenCV/java::/usr/java/packages/lib:/usr/lib64:/lib64:/lib:/usr/lib" />
    <property name="jdk.module.path" value="/home/travis/build/icyphy/ptII/vendors/javafx/javafx-sdk-11.0.2/lib:" />
    <property name="env.rvm_prefix" value="/home/travis" />
    <property name="env.PATH" value="/home/travis/pthla/certi-tools/share/scripts:/home/travis/.rvm/gems/ruby-2.5.3/bin:/home/travis/.rvm/gems/ruby-2.5.3@global/bin:/home/travis/.rvm/rubies/ruby-2.5.3/bin:/home/travis/.rvm/bin:/home/travis/.nvm/versions/node/v7.10.1/bin:./node_modules/.bin:/home/travis/build/icyphy/ptII/bin:/home/travis/pthla/certi-tools/bin:/home/travis/bin:/home/travis/.local/bin:/usr/local/lib/jvm/openjdk11/bin:/opt/pyenv/shims:/home/travis/.phpenv/shims:/home/travis/perl5/perlbrew/bin:/home/travis/gopath/bin:/home/travis/.gimme/versions/go1.11.1.linux.amd64/bin:/usr/local/maven-3.6.0/bin:/usr/local/cmake-3.12.4/bin:/usr/local/clang-7.0.0/bin:/usr/local/sbin:/usr/local/bin:/usr/sbin:/usr/bin:/sbin:/bin:/snap/bin:/home/travis/.phpenv/bin:/opt/pyenv/bin:/home/travis/.yarn/bin" />
    <property name="env.TRAVIS_OS_NAME" value="linux" />
    <property name="ant.java.version" value="9" />
    <property name="basedir" value="/home/travis/build/icyphy/ptII" />
    <property name="java.class.version" value="55.0" />
    <property name="env.SHLVL" value="3" />
    <property name="env.LD_LIBRARY_PATH" value="/home/travis/pthla/certi-tools/lib:/usr/lib/jni:/usr/local/share/OpenCV/java/:/usr/share/OpenCV/java:" />
    <property name="env.RACK_ENV" value="test" />
    <property name="ant.home" value="/home/travis/build/icyphy/ptII/ant" />
    <property name="env.NVM_DIR" value="/home/travis/.nvm" />
    <property name="env.CERTI_FOM_PATH" value="/home/travis/pthla/certi-tools/share/federations" />
    <property name="env.TRAVIS_BUILD_ID" value="581512441" />
    <property name="env.PYENV_ROOT" value="/opt/pyenv" />
    <property name="env.TRAVIS_UID" value="2000" />
    <property name="prism.verbose" value="true" />
    <property name="env.NVM_BIN" value="/home/travis/.nvm/versions/node/v7.10.1/bin" />
    <property name="env.TRAVIS_COMMIT" value="1691c4a63a7f6e8f7441362a7c71a7ee30ba8bb1" />
    <property name="env._system_arch" value="x86_64" />
    <property name="node.executable" value="node" />
    <property name="sun.boot.library.path" value="/usr/local/lib/jvm/openjdk11/lib" />
    <property name="sun.management.compiler" value="HotSpot 64-Bit Tiered Compilers" />
    <property name="java.awt.graphicsenv" value="sun.awt.X11GraphicsEnvironment" />
    <property name="env.GOPATH" value="/home/travis/gopath" />
    <property name="ptolemy.ptII.dir" value="/home/travis/build/icyphy/ptII" />
    <property name="env.USER" value="travis" />
    <property name="env.HISTFILESIZE" value="2000" />
    <property name="timeout.longest" value="19000000" />
    <property name="env.PERLBREW_SHELLRC_VERSION" value="0.86" />
    <property name="env.TRAVIS_STACK_FEATURES" value="basic couchdb disabled-ipv6 docker docker-compose elasticsearch firefox go-toolchain google-chrome jdk memcached mongodb mysql nodejs_interpreter perl_interpreter perlbrew phantomjs postgresql python_interpreter redis ruby_interpreter sqlite xserver" />
    <property name="env.TRAVIS_PULL_REQUEST" value="false" />
    <property name="env.PYENV_SHELL" value="bash" />
    <property name="ant.project.name" value="ptII" />
    <property name="env.ANSI_RESET" value="\033[0m" />
    <property name="java.vm.specification.version" value="11" />
    <property name="env.TRAVIS_DIST" value="xenial" />
    <property name="env.CERTI_VERSION" value="4.0.0" />
    <property name="env.CERTI_HOST" value="localhost" />
    <property name="awt.toolkit" value="sun.awt.X11.XToolkit" />
    <property name="env.MY_RUBY_HOME" value="/home/travis/.rvm/rubies/ruby-2.5.3" />
    <property name="sun.cpu.isalist" value="" />
    <property name="env.TRAVIS_TMPDIR" value="/tmp/tmp.vobkouSsnP" />
    <property name="java.vm.compressedOopsMode" value="Zero based" />
    <property name="os.version" value="4.15.0-1028-gcp" />
    <property name="user.home" value="/home/travis" />
    <property name="java.vm.vendor" value="Oracle Corporation" />
    <property name="env.TRAVIS_TAG" value="nightly" />
    <property name="env.ANSI_YELLOW" value="\033[33;1m" />
    <property name="env.TRAVIS_FILTERED" value="redirect_io" />
    <property name="env.ANSI_GREEN" value="\033[32;1m" />
    <property name="env.JAVA_HOME" value="/usr/local/lib/jvm/openjdk11" />
    <property name="javadoc.excludepackagenames" value="adm.cvs2svn.*,build.*,config.*,doc.coding.templates.*,jni.test.jni.meaningOfLife.*,jni.test.jni.testDeux.*,jni.test.jni.testTrois.*,org.terraswarm.accessor.accessors.web.node_modules.*,org.terraswarm.accessor.accessors.web.hosts.cordova.demo.*,org.terraswarm.accessor.accessors.web.hosts.cordova.plugins.*,org.terraswarm.accessor.accessors-svn.*,pt-modules.*,ptolemy.apps.agilent.*,ptolemy.apps.anytimecontrol.*,ptolemy.apps.apes.*,ptolemy.apps.charon.*,ptolemy.apps.crazyboard.*,ptolemy.apps.eclipse.*,ptolemy.apps.etherealSting.*,ptolemy.apps.fullscreen.*,ptolemy.apps.giotto.*,ptolemy.apps.ia.*,ptolemy.apps.interfaces.*,ptolemy.apps.jmf.*,ptolemy.apps.kurt.*,ptolemy.apps.kvm.*,ptolemy.apps.lego.*,ptolemy.apps.lejos.*,ptolemy.apps.midp.*,ptolemy.apps.mobileCoding.*,ptolemy.apps.pendulum.*,ptolemy.apps.rijndael.*,ptolemy.apps.robot.*,ptolemy.apps.security.*,ptolemy.apps.sobel.*,ptolemy.apps.soot.*,ptolemy.apps.throttle.*,ptolemy.apps.tini.*,ptolemy.apps.transmission.*,ptolemy.apps.vergil.*,ptolemy.apps.waba.*,ptolemy.apps.websensor.*,ptolemy.apps.webstart.*,ptolemy.apps.xsl.*,ptolemy.apps.zaurus.*,ptolemy.codegen.c.actor.lib.oldJavaFiles.*,ptolemy.codegen.dsp.lib.*,ptolemy.codegen.kernel.newInterfaces.*,ptolemy.codegen.lib.*,ptolemy.copernicus.kernel.fragment.*,ptolemy.copernicus.shallow.cg.*,ptolemy.domains.giotto.demo.Hierarchy.Hierarchy.*,ptolemy.domains.giotto.demo.Multimode.Multimode.*,ptolemy.domains.giotto.demo.Simple.Simple.*,ptolemy.domains.gr.lib.experimental.*,ptolemy.domains.gro.*,ptolemy.domains.pdf.*,ptolemy.domains.ptinyos.demo.Surge.output.*,ptolemy.moml.test.NoPackageActor.java*,ptolemy.plot.adm.*,ptolemy.plot.servlet.*,reports.*,signed.*,src.*,target.*,vendors.*,ptolemy.copernicus.applet.*,ptolemy.media.viewer.*,ptolemy.actor.corba.*,doc.doclets.*,ptolemy.apps.eclipse.awt.*,ptolemy.backtrack.*,ptolemy.backtrack.ast.*,ptolemy.cg.adapter.generic.program.procedural.c.mbed*,ptolemy.homer.*,ptolemy.actor.lib.jai.*,org.ptolemy.scala.*,diva.util.java2d.svg.*,ptolemy.domains.ptinyos.*,ptolemy.actor.lib.fmi.fmipp.*,,org.terraswarm.accessor.accessors.web.node_modules.*,org.terraswarm.accessor.accessors-svn,ptolemy.apps.*,ptolemy.actor.ptalon.demo.ptinyos.SendAndReceiveCnt.output,ptolemy.actor.ptalon.demo.ptinyos.SenseToLeds.output,ptolemy.domains.ptinyos.demo.CntToLedsAndRfm.output,ptolemy.domains.ptinyos.demo.RfmToLeds.output,ptolemy.domains.ptinyos.demo.SendAndReceiveCnt.output,ptolemy.domains.ptinyos.demo.SenseToLeds.output,ptolemy.actor.lib.jjs.modules.udpSocket.*" />
    <property name="env.PTII" value="/home/travis/build/icyphy/ptII" />
    <property name="env.XDG_SESSION_ID" value="2" />
    <property name="keystore" value="ptKeystore" />
    <property name="env.TRAVIS_COMMIT_MESSAGE" value="Use --release 8 instead of -target 8 -release 8 because --release 8 includes -target 8." />
    <property name="junit.output.dir" value="/home/travis/build/icyphy/ptII/reports/junit" />
    <property name="npm.return.code" value="0" />
    <property name="user.dir" value="/home/travis/build/icyphy/ptII/ptolemy/actor/lib/test" />
    <property name="env.TRAVIS_NODE_VERSION" value="7" />
    <property name="env.TRAVIS_EVENT_TYPE" value="cron" />
    <property name="env.MAIL" value="/var/mail/travis" />
    <property name="env.PERLBREW_ROOT" value="/home/travis/perl5/perlbrew" />
    <property name="env.PWD" value="/home/travis/build/icyphy/ptII" />
    <property name="timeout.npm" value="45000" />
    <property name="env.TRAVIS_ARCH" value="amd64" />
    <property name="sun.cpu.endian" value="little" />
    <property name="env.PAGER" value="cat" />
    <property name="env.TRAVIS_BUILD_STAGE_NAME" value="Test" />
    <property name="env.PERLBREW_HOME" value="/home/travis/.perlbrew" />
    <property name="java.vm.version" value="11.0.2+9" />
    <property name="env.RAILS_ENV" value="test" />
    <property name="java.class.path" value="/home/travis/.ptolemyII:/home/travis/.ptolemyII/*:/home/travis/build/icyphy/ptII:/home/travis/build/icyphy/ptII/lib/bsh-2.0b4.jar:/home/travis/build/icyphy/ptII/lib/ptCal.jar:/home/travis/build/icyphy/ptII/lib/java_cup.jar:/home/travis/build/icyphy/ptII/lib/saxon8.jar:/home/travis/build/icyphy/ptII/lib/saxon8-dom.jar:/home/travis/build/icyphy/ptII/lib/chic.jar:/home/travis/build/icyphy/ptII/lib/ptcolt.jar:/home/travis/build/icyphy/ptII/vendors/misc/itext/iText.jar:/home/travis/build/icyphy/ptII/lib/g4ltl.jar:/home/travis/build/icyphy/ptII/lib/StructuralCoder.jar:/home/travis/build/icyphy/ptII/lib/jcerti.jar:/home/travis/build/icyphy/ptII/lib/javax.mail.jar:/home/travis/build/icyphy/ptII/vendors/JMF-2.1.1e/lib/jmf.jar:/home/travis/build/icyphy/ptII/lib/jna-4.0.0-variadic.jar:/home/travis/build/icyphy/ptII/vendors/misc/joystick/Joystick.jar:/home/travis/build/icyphy/ptII/lib/ptjacl.jar:/home/travis/build/icyphy/ptII/lib/jsoup-1.8.2.jar:/home/travis/build/icyphy/ptII/lib/junit-4.8.2.jar:/home/travis/build/icyphy/ptII/lib/JUnitParams-0.4.0.jar:/home/travis/build/icyphy/ptII/ptolemy/actor/lib/excel/jxl.jar:/home/travis/build/icyphy/ptII/lib/jython.jar:/home/travis/build/icyphy/ptII/lib/kieler.jar:/home/travis/build/icyphy/ptII/vendors/opencv/share/OpenCV/java/opencv-341.jar:/home/travis/build/icyphy/ptII/lib/oscP5.jar:/home/travis/build/icyphy/ptII/lib/nrjavaserial-3.11.0.devel.jar:/home/travis/build/icyphy/ptII/vendors/j3d/lib/Linux/j3dcore.jar:/home/travis/build/icyphy/ptII/vendors/j3d/lib/Linux/j3dutils.jar:/home/travis/build/icyphy/ptII/vendors/j3d/lib/Linux/vecmath.jar:/home/travis/build/icyphy/ptII/vendors/jogl/lib/Linux/gluegen-rt-natives-linux-amd64.jar:/home/travis/build/icyphy/ptII/vendors/jogl/lib/Linux/gluegen-rt.jar:/home/travis/build/icyphy/ptII/vendors/jogl/lib/Linux/jogl-all-natives-linux-amd64.jar:/home/travis/build/icyphy/ptII/vendors/jogl/lib/Linux/jogl-all.jar:/home/travis/build/icyphy/ptII/ptolemy/distributed/jini/jar/jini-core.jar:/home/travis/build/icyphy/ptII/ptolemy/distributed/jini/jar/jini-ext.jar:/home/travis/build/icyphy/ptII/ptolemy/distributed/jini/jar/sun-util.jar:/home/travis/build/icyphy/ptII/lib/protobuf-java-2.4.1.jar:/home/travis/build/icyphy/ptII/lib/org.eclipse.paho.client.mqttv3.jar:/home/travis/build/icyphy/ptII/lib/mapss.jar:/home/travis/build/icyphy/ptII/ptolemy/actor/ptalon/antlr/antlr.jar:/home/travis/build/icyphy/ptII/lib/JRI.jar:/home/travis/build/icyphy/ptII/lib/commons-lang-2.6.jar:/home/travis/build/icyphy/ptII/lib/commons-logging-1.1.1.jar:/home/travis/build/icyphy/ptII/lib/sootclasses.jar:/home/travis/build/icyphy/ptII/ptolemy/actor/lib/database/mysql-connector-java-5.1.6-bin.jar:/home/travis/build/icyphy/ptII/vendors/misc/sphinx4/sphinx4-data-5prealpha.jar:/home/travis/build/icyphy/ptII/vendors/misc/sphinx4/sphinx4-core-5prealpha.jar:/home/travis/build/icyphy/ptII/lib/PDFRenderer.jar:/home/travis/build/icyphy/ptII/lib/svgSalamander.jar:/home/travis/build/icyphy/ptII/lib/rsyntaxtextarea-2.6.0-SNAPSHOT.jar:/home/travis/build/icyphy/ptII/lib/hazelcast-3.8.2.jar:/home/travis/build/icyphy/ptII/lib/jackson-annotations-2.9.0.jar:/home/travis/build/icyphy/ptII/lib/jackson-core-2.9.3.jar:/home/travis/build/icyphy/ptII/lib/jackson-databind-2.9.3.jar:/home/travis/build/icyphy/ptII/lib/netty-buffer-4.1.19.Final.jar:/home/travis/build/icyphy/ptII/lib/netty-codec-4.1.19.Final.jar:/home/travis/build/icyphy/ptII/lib/netty-codec-dns-4.1.19.Final.jar:/home/travis/build/icyphy/ptII/lib/netty-codec-http-4.1.19.Final.jar:/home/travis/build/icyphy/ptII/lib/netty-codec-http2-4.1.19.Final.jar:/home/travis/build/icyphy/ptII/lib/netty-common-4.1.19.Final.jar:/home/travis/build/icyphy/ptII/lib/netty-handler-4.1.19.Final.jar:/home/travis/build/icyphy/ptII/lib/netty-resolver-4.1.19.Final.jar:/home/travis/build/icyphy/ptII/lib/netty-resolver-dns-4.1.19.Final.jar:/home/travis/build/icyphy/ptII/lib/netty-transport-4.1.19.Final.jar:/home/travis/build/icyphy/ptII/lib/vertx-codegen-3.5.1.jar:/home/travis/build/icyphy/ptII/lib/vertx-core-3.5.2-SNAPSHOT.jar:/home/travis/build/icyphy/ptII/lib/vertx-hazelcast-3.5.1.jar:/home/travis/build/icyphy/ptII/lib/vertx-lang-js-3.5.1.jar:/home/travis/build/icyphy/ptII/lib/vertx-service-proxy-3.5.1.jar:/home/travis/build/icyphy/ptII/lib/vertx-web-3.5.1.jar:/home/travis/build/icyphy/ptII/lib/slf4j-api-1.7.13.jar:/home/travis/build/icyphy/ptII/lib/slf4j-simple-1.7.13.jar:/home/travis/build/icyphy/ptII/lib/webcam-capture-0.3.12.jar:/home/travis/build/icyphy/ptII/lib/bridj-0.7.0.jar:/home/travis/build/icyphy/ptII/lib/xbjlib-1.1.0.nrjavaserial.jar:/home/travis/build/icyphy/ptII/ptolemy/moml/test:/home/travis/build/icyphy/ptII/ant/lib/ant-launcher.jar:/home/travis/build/icyphy/ptII/ant/lib/ant.jar:/home/travis/build/icyphy/ptII/ant/lib/ant-junit.jar:/home/travis/build/icyphy/ptII/ant/lib/ant-junit4.jar" />
    <property name="ant.library.dir" value="/home/travis/build/icyphy/ptII/ant/lib" />
    <property name="os.arch" value="amd64" />
    <property name="env.CONTINUOUS_INTEGRATION" value="true" />
    <property name="env.TRAVIS_LANGUAGE" value="node_js" />
    <property name="env.TRAVIS_STACK_LANGUAGES" value="__sardonyx__ c c++ clojure cplusplus cpp default generic go groovy java node_js php pure_java python ruby scala" />
    <property name="test.name" value="ptolemy.actor.lib.test.junit.JUnitTclTest" />
    <property name="env.APT_KEY_DONT_WARN_ON_DANGEROUS_USAGE" value="1" />
    <property name="sun.java.launcher" value="SUN_STANDARD" />
    <property name="env.PYTHON_CONFIGURE_OPTS" value="--enable-unicode=ucs4 --with-wide-unicode --enable-shared --enable-ipv6 --enable-loadable-sqlite-extensions --with-computed-gotos" />
    <property name="ant.core.lib" value="/home/travis/build/icyphy/ptII/ant/lib/ant.jar" />
    <property name="java.vm.specification.vendor" value="Oracle Corporation" />
    <property name="env.BCVTB_HOME" value="/home/travis/build/icyphy/ptII/lbnl" />
    <property name="file.separator" value="/" />
    <property name="spotbugs.home" value="/home/travis/build/icyphy/ptII/vendors/spotbugs-3.1.1" />
    <property name="java.runtime.version" value="11.0.2+9" />
    <property name="env.ANSI_CLEAR" value="\033[0K" />
    <property name="javafx.verbose" value="true" />
    <property name="env.HAS_JOSH_K_SEAL_OF_APPROVAL" value="true" />
    <property name="env.XDG_RUNTIME_DIR" value="/run/user/2000" />
    <property name="env.TRAVIS_OSX_IMAGE" value="" />
    <property name="env.TRAVIS_JOB_ID" value="581512449" />
    <property name="env.TRAVIS_BRANCH" value="master" />
    <property name="user.country" value="US" />
    <property name="env.CERTI_HOME_TRAVIS" value="/home/travis/pthla/certi-tools" />
    <property name="env.SHELL" value="/bin/bash" />
    <property name="java.maxmemory.large" value="3200m" />
    <property name="model" value="" />
    <property name="env.CASHER_DIR" value="/home/travis/.casher" />
    <property name="env.NVM_CD_FLAGS" value="" />
    <property name="java.vendor.version" value="18.9" />
    <property name="jshint.executable" value="/home/travis/node_modules/jshint/bin/jshint" />
    <property name="env.JRUBY_OPTS" value=" --client -J-XX:+TieredCompilation -J-XX:TieredStopAtLevel=1 -J-Xss2m -Xcompile.invokedynamic=false" />
    <property name="java.vendor" value="Oracle Corporation" />
    <property name="env.TRAVIS_PRE_CHEF_BOOTSTRAP_TIME" value="2019-03-25T16:16:42" />
    <property name="env.TRAVIS_STACK_JOB_BOARD_REGISTER" value="/.job-board-register.yml" />
    <property name="env.ANSI_RED" value="\033[31;1m" />
    <property name="java.specification.version" value="11" />
    <property name="env.IRBRC" value="/home/travis/.rvm/rubies/ruby-2.5.3/.irbrc" />
    <property name="env.TRAVIS" value="true" />
    <property name="sun.arch.data.model" value="64" />
  </properties>
  <testcase classname="ptolemy.util.test.junit.TclTests" name="[0] /home/travis/build/icyphy/ptII/ptolemy/actor/lib/test/AbsoluteValue.tcl (RunTclFile)" time="0.637" />
  <testcase classname="ptolemy.util.test.junit.TclTests" name="[1] /home/travis/build/icyphy/ptII/ptolemy/actor/lib/test/AddSubtract.tcl (RunTclFile)" time="0.221" />
  <testcase classname="ptolemy.util.test.junit.TclTests" name="[2] /home/travis/build/icyphy/ptII/ptolemy/actor/lib/test/Average.tcl (RunTclFile)" time="0.051" />
  <testcase classname="ptolemy.util.test.junit.TclTests" name="[3] /home/travis/build/icyphy/ptII/ptolemy/actor/lib/test/Bernoulli.tcl (RunTclFile)" time="0.059" />
  <testcase classname="ptolemy.util.test.junit.TclTests" name="[4] /home/travis/build/icyphy/ptII/ptolemy/actor/lib/test/Clock.tcl (RunTclFile)" time="0.182" />
  <testcase classname="ptolemy.util.test.junit.TclTests" name="[5] /home/travis/build/icyphy/ptII/ptolemy/actor/lib/test/Commutator.tcl (RunTclFile)" time="0.235" />
  <testcase classname="ptolemy.util.test.junit.TclTests" name="[6] /home/travis/build/icyphy/ptII/ptolemy/actor/lib/test/Const.tcl (RunTclFile)" time="0.126" />
  <testcase classname="ptolemy.util.test.junit.TclTests" name="[7] /home/travis/build/icyphy/ptII/ptolemy/actor/lib/test/CurrentTime.tcl (RunTclFile)" time="0.036" />
  <testcase classname="ptolemy.util.test.junit.TclTests" name="[8] /home/travis/build/icyphy/ptII/ptolemy/actor/lib/test/DB.tcl (RunTclFile)" time="0.089" />
  <testcase classname="ptolemy.util.test.junit.TclTests" name="[9] /home/travis/build/icyphy/ptII/ptolemy/actor/lib/test/DiscreteRandomSource.tcl (RunTclFile)" time="0.073" />
  <testcase classname="ptolemy.util.test.junit.TclTests" name="[10] /home/travis/build/icyphy/ptII/ptolemy/actor/lib/test/Distributor.tcl (RunTclFile)" time="0.041" />
  <testcase classname="ptolemy.util.test.junit.TclTests" name="[11] /home/travis/build/icyphy/ptII/ptolemy/actor/lib/test/Exit.tcl (RunTclFile)" time="0.109" />
  <testcase classname="ptolemy.util.test.junit.TclTests" name="[12] /home/travis/build/icyphy/ptII/ptolemy/actor/lib/test/Expression.tcl (RunTclFile)" time="0.119" />
  <testcase classname="ptolemy.util.test.junit.TclTests" name="[13] /home/travis/build/icyphy/ptII/ptolemy/actor/lib/test/Gaussian.tcl (RunTclFile)" time="1.001" />
  <testcase classname="ptolemy.util.test.junit.TclTests" name="[14] /home/travis/build/icyphy/ptII/ptolemy/actor/lib/test/IIR.tcl (RunTclFile)" time="0.038" />
  <testcase classname="ptolemy.util.test.junit.TclTests" name="[15] /home/travis/build/icyphy/ptII/ptolemy/actor/lib/test/Interpolator.tcl (RunTclFile)" time="0.105" />
  <testcase classname="ptolemy.util.test.junit.TclTests" name="[16] /home/travis/build/icyphy/ptII/ptolemy/actor/lib/test/MathFunction.tcl (RunTclFile)" time="0.091" />
  <testcase classname="ptolemy.util.test.junit.TclTests" name="[17] /home/travis/build/icyphy/ptII/ptolemy/actor/lib/test/Maximum.tcl (RunTclFile)" time="0.029" />
  <testcase classname="ptolemy.util.test.junit.TclTests" name="[18] /home/travis/build/icyphy/ptII/ptolemy/actor/lib/test/Minimum.tcl (RunTclFile)" time="0.027" />
  <testcase classname="ptolemy.util.test.junit.TclTests" name="[19] /home/travis/build/icyphy/ptII/ptolemy/actor/lib/test/MultiplyDivide.tcl (RunTclFile)" time="0.036" />
  <testcase classname="ptolemy.util.test.junit.TclTests" name="[20] /home/travis/build/icyphy/ptII/ptolemy/actor/lib/test/OrderedMerge.tcl (RunTclFile)" time="0.193" />
  <testcase classname="ptolemy.util.test.junit.TclTests" name="[21] /home/travis/build/icyphy/ptII/ptolemy/actor/lib/test/Publisher.tcl (RunTclFile)" time="0.981" />
  <testcase classname="ptolemy.util.test.junit.TclTests" name="[22] /home/travis/build/icyphy/ptII/ptolemy/actor/lib/test/Pulse.tcl (RunTclFile)" time="0.047" />
  <testcase classname="ptolemy.util.test.junit.TclTests" name="[23] /home/travis/build/icyphy/ptII/ptolemy/actor/lib/test/Ramp.tcl (RunTclFile)" time="2.814" />
  <testcase classname="ptolemy.util.test.junit.TclTests" name="[24] /home/travis/build/icyphy/ptII/ptolemy/actor/lib/test/RampContinuous.tcl (RunTclFile)" time="0.019" />
  <testcase classname="ptolemy.util.test.junit.TclTests" name="[25] /home/travis/build/icyphy/ptII/ptolemy/actor/lib/test/RecordAssembler.tcl (RunTclFile)" time="0.018" />
  <testcase classname="ptolemy.util.test.junit.TclTests" name="[26] /home/travis/build/icyphy/ptII/ptolemy/actor/lib/test/RecordDisassembler.tcl (RunTclFile)" time="0.025" />
  <testcase classname="ptolemy.util.test.junit.TclTests" name="[27] /home/travis/build/icyphy/ptII/ptolemy/actor/lib/test/Scale.tcl (RunTclFile)" time="0.023" />
  <testcase classname="ptolemy.util.test.junit.TclTests" name="[28] /home/travis/build/icyphy/ptII/ptolemy/actor/lib/test/SequentialClock.tcl (RunTclFile)" time="0.022" />
  <testcase classname="ptolemy.util.test.junit.TclTests" name="[29] /home/travis/build/icyphy/ptII/ptolemy/actor/lib/test/SetVariable.tcl (RunTclFile)" time="0.041">
    <failure message="Number of failed tests is has increased. expected:&lt;0&gt; but was:&lt;1&gt;" type="junit.framework.AssertionFailedError">junit.framework.AssertionFailedError: Number of failed tests is has increased. expected:&lt;0&gt; but was:&lt;1&gt;
	at ptolemy.util.test.junit.TclTests.RunTclFile(TclTests.java:286)
	at jdk.internal.reflect.GeneratedMethodAccessor19.invoke(Unknown Source)
	at java.base/jdk.internal.reflect.DelegatingMethodAccessorImpl.invoke(DelegatingMethodAccessorImpl.java:43)
	at junitparams.internal.InvokeParameterisedMethod.evaluate(InvokeParameterisedMethod.java:102)
	at junitparams.internal.ParameterisedTestMethodRunner.runMethodInvoker(ParameterisedTestMethodRunner.java:47)
	at junitparams.internal.ParameterisedTestMethodRunner.runTestMethod(ParameterisedTestMethodRunner.java:41)
	at junitparams.internal.ParameterisedTestClassRunner.runParameterisedTest(ParameterisedTestClassRunner.java:143)
	at junitparams.JUnitParamsRunner.runChild(JUnitParamsRunner.java:237)
	at junitparams.JUnitParamsRunner.runChild(JUnitParamsRunner.java:215)
</failure>
  </testcase>
  <testcase classname="ptolemy.util.test.junit.TclTests" name="[30] /home/travis/build/icyphy/ptII/ptolemy/actor/lib/test/Sinewave.tcl (RunTclFile)" time="0.089" />
  <testcase classname="ptolemy.util.test.junit.TclTests" name="[31] /home/travis/build/icyphy/ptII/ptolemy/actor/lib/test/SubscriptionAggregator.tcl (RunTclFile)" time="2.938" />
  <testcase classname="ptolemy.util.test.junit.TclTests" name="[32] /home/travis/build/icyphy/ptII/ptolemy/actor/lib/test/Test.tcl (RunTclFile)" time="0.145" />
  <testcase classname="ptolemy.util.test.junit.TclTests" name="[33] /home/travis/build/icyphy/ptII/ptolemy/actor/lib/test/TestExceptionHandler.tcl (RunTclFile)" time="0.02" />
  <testcase classname="ptolemy.util.test.junit.TclTests" name="[34] /home/travis/build/icyphy/ptII/ptolemy/actor/lib/test/UnionDisassembler.tcl (RunTclFile)" time="0.094" />
  <testcase classname="ptolemy.util.test.junit.TclTests" name="[35] /home/travis/build/icyphy/ptII/ptolemy/actor/lib/test/VariableClock.tcl (RunTclFile)" time="0.03" />
  <testcase classname="ptolemy.util.test.junit.AutoKnownFailedTests" name="[0] /home/travis/build/icyphy/ptII/ptolemy/actor/lib/test/auto/knownFailedTests/PublisherPortToplevelSubscriber.xml (RunModel)" time="0.136" />
  <testcase classname="ptolemy.util.test.junit.AutoKnownFailedTests" name="[1] /home/travis/build/icyphy/ptII/ptolemy/actor/lib/test/auto/knownFailedTests/PublisherSubscriberPortToplevel.xml (RunModel)" time="0.025" />
  <testcase classname="ptolemy.util.test.junit.AutoKnownFailedTests" name="[2] /home/travis/build/icyphy/ptII/ptolemy/actor/lib/test/auto/knownFailedTests/PublisherSubscriptionAggregatorPort.xml (RunModel)" time="0.02" />
  <testcase classname="ptolemy.util.test.junit.AutoKnownFailedTests" name="[3] /home/travis/build/icyphy/ptII/ptolemy/actor/lib/test/auto/knownFailedTests/sizedarray3.xml (RunModel)" time="0.046" />
  <testcase classname="ptolemy.util.test.junit.AutoNameArchTests" name="[0] ThereAreNoAutoArchTests (RunModel)" time="0.002" />
  <testcase classname="ptolemy.util.test.junit.AutoTests" name="[0] /home/travis/build/icyphy/ptII/ptolemy/actor/lib/test/auto/AbsoluteValue.xml (RunModel)" time="0.104" />
  <testcase classname="ptolemy.util.test.junit.AutoTests" name="[1] /home/travis/build/icyphy/ptII/ptolemy/actor/lib/test/auto/AbsoluteValue2.xml (RunModel)" time="0.081" />
  <testcase classname="ptolemy.util.test.junit.AutoTests" name="[2] /home/travis/build/icyphy/ptII/ptolemy/actor/lib/test/auto/Accumulator.xml (RunModel)" time="0.062" />
  <testcase classname="ptolemy.util.test.junit.AutoTests" name="[3] /home/travis/build/icyphy/ptII/ptolemy/actor/lib/test/auto/Accumulator2.xml (RunModel)" time="0.065" />
  <testcase classname="ptolemy.util.test.junit.AutoTests" name="[4] /home/travis/build/icyphy/ptII/ptolemy/actor/lib/test/auto/Accumulator3.xml (RunModel)" time="0.045" />
  <testcase classname="ptolemy.util.test.junit.AutoTests" name="[5] /home/travis/build/icyphy/ptII/ptolemy/actor/lib/test/auto/ArrayAppend.xml (RunModel)" time="0.057" />
  <testcase classname="ptolemy.util.test.junit.AutoTests" name="[6] /home/travis/build/icyphy/ptII/ptolemy/actor/lib/test/auto/ArrayAppend2.xml (RunModel)" time="0.351" />
  <testcase classname="ptolemy.util.test.junit.AutoTests" name="[7] /home/travis/build/icyphy/ptII/ptolemy/actor/lib/test/auto/ArrayAppend3.xml (RunModel)" time="0.116" />
  <testcase classname="ptolemy.util.test.junit.AutoTests" name="[8] /home/travis/build/icyphy/ptII/ptolemy/actor/lib/test/auto/ArrayAppend4.xml (RunModel)" time="0.029" />
  <testcase classname="ptolemy.util.test.junit.AutoTests" name="[9] /home/travis/build/icyphy/ptII/ptolemy/actor/lib/test/auto/ArrayAppend5.xml (RunModel)" time="0.025" />
  <testcase classname="ptolemy.util.test.junit.AutoTests" name="[10] /home/travis/build/icyphy/ptII/ptolemy/actor/lib/test/auto/ArrayAppend6.xml (RunModel)" time="0.028" />
  <testcase classname="ptolemy.util.test.junit.AutoTests" name="[11] /home/travis/build/icyphy/ptII/ptolemy/actor/lib/test/auto/ArrayAppendPerformanceTest.xml (RunModel)" time="0.075" />
  <testcase classname="ptolemy.util.test.junit.AutoTests" name="[12] /home/travis/build/icyphy/ptII/ptolemy/actor/lib/test/auto/ArrayAppendWithEmptyInput.xml (RunModel)" time="0.071" />
  <testcase classname="ptolemy.util.test.junit.AutoTests" name="[13] /home/travis/build/icyphy/ptII/ptolemy/actor/lib/test/auto/ArrayAverage.xml (RunModel)" time="0.055" />
  <testcase classname="ptolemy.util.test.junit.AutoTests" name="[14] /home/travis/build/icyphy/ptII/ptolemy/actor/lib/test/auto/ArrayContains.xml (RunModel)" time="0.052" />
  <testcase classname="ptolemy.util.test.junit.AutoTests" name="[15] /home/travis/build/icyphy/ptII/ptolemy/actor/lib/test/auto/ArrayElement.xml (RunModel)" time="0.033" />
  <testcase classname="ptolemy.util.test.junit.AutoTests" name="[16] /home/travis/build/icyphy/ptII/ptolemy/actor/lib/test/auto/ArrayElementAsMatrix.xml (RunModel)" time="0.067" />
  <testcase classname="ptolemy.util.test.junit.AutoTests" name="[17] /home/travis/build/icyphy/ptII/ptolemy/actor/lib/test/auto/ArrayElementI.xml (RunModel)" time="0.031" />
  <testcase classname="ptolemy.util.test.junit.AutoTests" name="[18] /home/travis/build/icyphy/ptII/ptolemy/actor/lib/test/auto/ArrayExtract.xml (RunModel)" time="0.045" />
  <testcase classname="ptolemy.util.test.junit.AutoTests" name="[19] /home/travis/build/icyphy/ptII/ptolemy/actor/lib/test/auto/ArrayExtract2.xml (RunModel)" time="0.022" />
  <testcase classname="ptolemy.util.test.junit.AutoTests" name="[20] /home/travis/build/icyphy/ptII/ptolemy/actor/lib/test/auto/ArrayLength.xml (RunModel)" time="0.025" />
  <testcase classname="ptolemy.util.test.junit.AutoTests" name="[21] /home/travis/build/icyphy/ptII/ptolemy/actor/lib/test/auto/ArrayLevelCrossing.xml (RunModel)" time="0.034" />
  <testcase classname="ptolemy.util.test.junit.AutoTests" name="[22] /home/travis/build/icyphy/ptII/ptolemy/actor/lib/test/auto/ArrayLevelCrossing2.xml (RunModel)" time="0.03" />
  <testcase classname="ptolemy.util.test.junit.AutoTests" name="[23] /home/travis/build/icyphy/ptII/ptolemy/actor/lib/test/auto/ArrayPeakSearch.xml (RunModel)" time="0.053" />
  <testcase classname="ptolemy.util.test.junit.AutoTests" name="[24] /home/travis/build/icyphy/ptII/ptolemy/actor/lib/test/auto/ArrayPeakSearch2.xml (RunModel)" time="0.052" />
  <testcase classname="ptolemy.util.test.junit.AutoTests" name="[25] /home/travis/build/icyphy/ptII/ptolemy/actor/lib/test/auto/ArrayPeakSearch3.xml (RunModel)" time="0.047" />
  <testcase classname="ptolemy.util.test.junit.AutoTests" name="[26] /home/travis/build/icyphy/ptII/ptolemy/actor/lib/test/auto/ArrayRemoveElement.xml (RunModel)" time="0.032" />
  <testcase classname="ptolemy.util.test.junit.AutoTests" name="[27] /home/travis/build/icyphy/ptII/ptolemy/actor/lib/test/auto/ArraySort.xml (RunModel)" time="0.057" />
  <testcase classname="ptolemy.util.test.junit.AutoTests" name="[28] /home/travis/build/icyphy/ptII/ptolemy/actor/lib/test/auto/ArraySum.xml (RunModel)" time="0.028" />
  <testcase classname="ptolemy.util.test.junit.AutoTests" name="[29] /home/travis/build/icyphy/ptII/ptolemy/actor/lib/test/auto/ArrayToElements.xml (RunModel)" time="0.032" />
  <testcase classname="ptolemy.util.test.junit.AutoTests" name="[30] /home/travis/build/icyphy/ptII/ptolemy/actor/lib/test/auto/ArrayToMatrix.xml (RunModel)" time="0.078" />
  <testcase classname="ptolemy.util.test.junit.AutoTests" name="[31] /home/travis/build/icyphy/ptII/ptolemy/actor/lib/test/auto/ArrayUpdate1.xml (RunModel)" time="0.019" />
  <testcase classname="ptolemy.util.test.junit.AutoTests" name="[32] /home/travis/build/icyphy/ptII/ptolemy/actor/lib/test/auto/ArrayUpdate2.xml (RunModel)" time="0.041" />
  <testcase classname="ptolemy.util.test.junit.AutoTests" name="[33] /home/travis/build/icyphy/ptII/ptolemy/actor/lib/test/auto/ArrayUpdate3.xml (RunModel)" time="0.026" />
  <testcase classname="ptolemy.util.test.junit.AutoTests" name="[34] /home/travis/build/icyphy/ptII/ptolemy/actor/lib/test/auto/Assert1.xml (RunModel)" time="0.029" />
  <testcase classname="ptolemy.util.test.junit.AutoTests" name="[35] /home/travis/build/icyphy/ptII/ptolemy/actor/lib/test/auto/Assert2.xml (RunModel)" time="0.025" />
  <testcase classname="ptolemy.util.test.junit.AutoTests" name="[36] /home/travis/build/icyphy/ptII/ptolemy/actor/lib/test/auto/BooleanMultiplexor.xml (RunModel)" time="0.03" />
  <testcase classname="ptolemy.util.test.junit.AutoTests" name="[37] /home/travis/build/icyphy/ptII/ptolemy/actor/lib/test/auto/BooleanMultiplexor2.xml (RunModel)" time="0.022" />
  <testcase classname="ptolemy.util.test.junit.AutoTests" name="[38] /home/travis/build/icyphy/ptII/ptolemy/actor/lib/test/auto/BooleanMultiplexor3.xml (RunModel)" time="0.033" />
  <testcase classname="ptolemy.util.test.junit.AutoTests" name="[39] /home/travis/build/icyphy/ptII/ptolemy/actor/lib/test/auto/BooleanSelect.xml (RunModel)" time="0.03" />
  <testcase classname="ptolemy.util.test.junit.AutoTests" name="[40] /home/travis/build/icyphy/ptII/ptolemy/actor/lib/test/auto/BooleanSelect2.xml (RunModel)" time="0.02" />
  <testcase classname="ptolemy.util.test.junit.AutoTests" name="[41] /home/travis/build/icyphy/ptII/ptolemy/actor/lib/test/auto/BooleanSwitch.xml (RunModel)" time="0.032" />
  <testcase classname="ptolemy.util.test.junit.AutoTests" name="[42] /home/travis/build/icyphy/ptII/ptolemy/actor/lib/test/auto/BooleanSwitch2.xml (RunModel)" time="0.022" />
  <testcase classname="ptolemy.util.test.junit.AutoTests" name="[43] /home/travis/build/icyphy/ptII/ptolemy/actor/lib/test/auto/BooleanSwitchCloningBugWithClassRelationGroup.xml (RunModel)" time="0.05" />
  <testcase classname="ptolemy.util.test.junit.AutoTests" name="[44] /home/travis/build/icyphy/ptII/ptolemy/actor/lib/test/auto/BusActors.xml (RunModel)" time="0.044" />
  <testcase classname="ptolemy.util.test.junit.AutoTests" name="[45] /home/travis/build/icyphy/ptII/ptolemy/actor/lib/test/auto/ClassWrapper.xml (RunModel)" time="0.028" />
  <testcase classname="ptolemy.util.test.junit.AutoTests" name="[46] /home/travis/build/icyphy/ptII/ptolemy/actor/lib/test/auto/Clock.xml (RunModel)" time="0.024" />
  <testcase classname="ptolemy.util.test.junit.AutoTests" name="[47] /home/travis/build/icyphy/ptII/ptolemy/actor/lib/test/auto/Clock10.xml (RunModel)" time="0.043" />
  <testcase classname="ptolemy.util.test.junit.AutoTests" name="[48] /home/travis/build/icyphy/ptII/ptolemy/actor/lib/test/auto/Clock11.xml (RunModel)" time="0.025" />
  <testcase classname="ptolemy.util.test.junit.AutoTests" name="[49] /home/travis/build/icyphy/ptII/ptolemy/actor/lib/test/auto/Clock12.xml (RunModel)" time="0.025" />
  <testcase classname="ptolemy.util.test.junit.AutoTests" name="[50] /home/travis/build/icyphy/ptII/ptolemy/actor/lib/test/auto/Clock13.xml (RunModel)" time="0.024" />
  <testcase classname="ptolemy.util.test.junit.AutoTests" name="[51] /home/travis/build/icyphy/ptII/ptolemy/actor/lib/test/auto/Clock14.xml (RunModel)" time="0.027" />
  <testcase classname="ptolemy.util.test.junit.AutoTests" name="[52] /home/travis/build/icyphy/ptII/ptolemy/actor/lib/test/auto/Clock15.xml (RunModel)" time="0.019" />
  <testcase classname="ptolemy.util.test.junit.AutoTests" name="[53] /home/travis/build/icyphy/ptII/ptolemy/actor/lib/test/auto/Clock16.xml (RunModel)" time="0.111" />
  <testcase classname="ptolemy.util.test.junit.AutoTests" name="[54] /home/travis/build/icyphy/ptII/ptolemy/actor/lib/test/auto/Clock17.xml (RunModel)" time="0.087" />
  <testcase classname="ptolemy.util.test.junit.AutoTests" name="[55] /home/travis/build/icyphy/ptII/ptolemy/actor/lib/test/auto/Clock18.xml (RunModel)" time="0.051" />
  <testcase classname="ptolemy.util.test.junit.AutoTests" name="[56] /home/travis/build/icyphy/ptII/ptolemy/actor/lib/test/auto/Clock19.xml (RunModel)" time="0.046" />
  <testcase classname="ptolemy.util.test.junit.AutoTests" name="[57] /home/travis/build/icyphy/ptII/ptolemy/actor/lib/test/auto/Clock2.xml (RunModel)" time="0.017" />
  <testcase classname="ptolemy.util.test.junit.AutoTests" name="[58] /home/travis/build/icyphy/ptII/ptolemy/actor/lib/test/auto/Clock20.xml (RunModel)" time="0.021" />
  <testcase classname="ptolemy.util.test.junit.AutoTests" name="[59] /home/travis/build/icyphy/ptII/ptolemy/actor/lib/test/auto/Clock21.xml (RunModel)" time="0.018" />
  <testcase classname="ptolemy.util.test.junit.AutoTests" name="[60] /home/travis/build/icyphy/ptII/ptolemy/actor/lib/test/auto/Clock22.xml (RunModel)" time="0.019" />
  <testcase classname="ptolemy.util.test.junit.AutoTests" name="[61] /home/travis/build/icyphy/ptII/ptolemy/actor/lib/test/auto/Clock23.xml (RunModel)" time="0.026" />
  <testcase classname="ptolemy.util.test.junit.AutoTests" name="[62] /home/travis/build/icyphy/ptII/ptolemy/actor/lib/test/auto/Clock24.xml (RunModel)" time="0.017" />
  <testcase classname="ptolemy.util.test.junit.AutoTests" name="[63] /home/travis/build/icyphy/ptII/ptolemy/actor/lib/test/auto/Clock4.xml (RunModel)" time="0.019" />
  <testcase classname="ptolemy.util.test.junit.AutoTests" name="[64] /home/travis/build/icyphy/ptII/ptolemy/actor/lib/test/auto/Clock5.xml (RunModel)" time="0.02" />
  <testcase classname="ptolemy.util.test.junit.AutoTests" name="[65] /home/travis/build/icyphy/ptII/ptolemy/actor/lib/test/auto/Clock6.xml (RunModel)" time="0.011" />
  <testcase classname="ptolemy.util.test.junit.AutoTests" name="[66] /home/travis/build/icyphy/ptII/ptolemy/actor/lib/test/auto/Clock7.xml (RunModel)" time="0.013" />
  <testcase classname="ptolemy.util.test.junit.AutoTests" name="[67] /home/travis/build/icyphy/ptII/ptolemy/actor/lib/test/auto/Clock8.xml (RunModel)" time="0.031" />
  <testcase classname="ptolemy.util.test.junit.AutoTests" name="[68] /home/travis/build/icyphy/ptII/ptolemy/actor/lib/test/auto/Clock9.xml (RunModel)" time="0.025" />
  <testcase classname="ptolemy.util.test.junit.AutoTests" name="[69] /home/travis/build/icyphy/ptII/ptolemy/actor/lib/test/auto/CommDistDiscard.xml (RunModel)" time="0.033" />
  <testcase classname="ptolemy.util.test.junit.AutoTests" name="[70] /home/travis/build/icyphy/ptII/ptolemy/actor/lib/test/auto/Commutator.xml (RunModel)" time="0.021" />
  <testcase classname="ptolemy.util.test.junit.AutoTests" name="[71] /home/travis/build/icyphy/ptII/ptolemy/actor/lib/test/auto/Commutator2.xml (RunModel)" time="0.013" />
  <testcase classname="ptolemy.util.test.junit.AutoTests" name="[72] /home/travis/build/icyphy/ptII/ptolemy/actor/lib/test/auto/Commutator3.xml (RunModel)" time="0.015" />
  <testcase classname="ptolemy.util.test.junit.AutoTests" name="[73] /home/travis/build/icyphy/ptII/ptolemy/actor/lib/test/auto/Compare.xml (RunModel)" time="0.028" />
  <testcase classname="ptolemy.util.test.junit.AutoTests" name="[74] /home/travis/build/icyphy/ptII/ptolemy/actor/lib/test/auto/CompareDE.xml (RunModel)" time="0.026" />
  <testcase classname="ptolemy.util.test.junit.AutoTests" name="[75] /home/travis/build/icyphy/ptII/ptolemy/actor/lib/test/auto/ComplexDivide.xml (RunModel)" time="0.011" />
  <testcase classname="ptolemy.util.test.junit.AutoTests" name="[76] /home/travis/build/icyphy/ptII/ptolemy/actor/lib/test/auto/ComputeHistogram.xml (RunModel)" time="0.099" />
  <testcase classname="ptolemy.util.test.junit.AutoTests" name="[77] /home/travis/build/icyphy/ptII/ptolemy/actor/lib/test/auto/ConfigurationSelect.xml (RunModel)" time="0.029" />
  <testcase classname="ptolemy.util.test.junit.AutoTests" name="[78] /home/travis/build/icyphy/ptII/ptolemy/actor/lib/test/auto/ConfigurationSelect2.xml (RunModel)" time="0.02" />
  <testcase classname="ptolemy.util.test.junit.AutoTests" name="[79] /home/travis/build/icyphy/ptII/ptolemy/actor/lib/test/auto/ConfigurationSwitch.xml (RunModel)" time="0.025" />
  <testcase classname="ptolemy.util.test.junit.AutoTests" name="[80] /home/travis/build/icyphy/ptII/ptolemy/actor/lib/test/auto/ConfigurationSwitch2.xml (RunModel)" time="0.032" />
  <testcase classname="ptolemy.util.test.junit.AutoTests" name="[81] /home/travis/build/icyphy/ptII/ptolemy/actor/lib/test/auto/ConfigurationSwitchCloningBugWithClassRelationGroup.xml (RunModel)" time="0.028" />
  <testcase classname="ptolemy.util.test.junit.AutoTests" name="[82] /home/travis/build/icyphy/ptII/ptolemy/actor/lib/test/auto/ConfigurationSwitchSelectSDF.xml (RunModel)" time="0.022" />
  <testcase classname="ptolemy.util.test.junit.AutoTests" name="[83] /home/travis/build/icyphy/ptII/ptolemy/actor/lib/test/auto/ConfigurationSwitchSelectSDF2.xml (RunModel)" time="0.023" />
  <testcase classname="ptolemy.util.test.junit.AutoTests" name="[84] /home/travis/build/icyphy/ptII/ptolemy/actor/lib/test/auto/Const.xml (RunModel)" time="0.009" />
  <testcase classname="ptolemy.util.test.junit.AutoTests" name="[85] /home/travis/build/icyphy/ptII/ptolemy/actor/lib/test/auto/Const2.xml (RunModel)" time="0.014" />
  <testcase classname="ptolemy.util.test.junit.AutoTests" name="[86] /home/travis/build/icyphy/ptII/ptolemy/actor/lib/test/auto/Const3.xml (RunModel)" time="0.007" />
  <testcase classname="ptolemy.util.test.junit.AutoTests" name="[87] /home/travis/build/icyphy/ptII/ptolemy/actor/lib/test/auto/ConstantPublisherPort1.xml (RunModel)" time="0.039" />
  <testcase classname="ptolemy.util.test.junit.AutoTests" name="[88] /home/travis/build/icyphy/ptII/ptolemy/actor/lib/test/auto/ConstantPublisherPort2.xml (RunModel)" time="0.031" />
  <testcase classname="ptolemy.util.test.junit.AutoTests" name="[89] /home/travis/build/icyphy/ptII/ptolemy/actor/lib/test/auto/ConstantPublisherPort3.xml (RunModel)" time="0.027" />
  <testcase classname="ptolemy.util.test.junit.AutoTests" name="[90] /home/travis/build/icyphy/ptII/ptolemy/actor/lib/test/auto/ConstantPublisherPort4.xml (RunModel)" time="0.022" />
  <testcase classname="ptolemy.util.test.junit.AutoTests" name="[91] /home/travis/build/icyphy/ptII/ptolemy/actor/lib/test/auto/ConstantPublisherPort5.xml (RunModel)" time="0.052" />
  <testcase classname="ptolemy.util.test.junit.AutoTests" name="[92] /home/travis/build/icyphy/ptII/ptolemy/actor/lib/test/auto/ConstantPublisherPort6.xml (RunModel)" time="0.033" />
  <testcase classname="ptolemy.util.test.junit.AutoTests" name="[93] /home/travis/build/icyphy/ptII/ptolemy/actor/lib/test/auto/ConstantPublisherPort7.xml (RunModel)" time="0.045" />
  <testcase classname="ptolemy.util.test.junit.AutoTests" name="[94] /home/travis/build/icyphy/ptII/ptolemy/actor/lib/test/auto/ConstraintMonitor1.xml (RunModel)" time="0.041" />
  <testcase classname="ptolemy.util.test.junit.AutoTests" name="[95] /home/travis/build/icyphy/ptII/ptolemy/actor/lib/test/auto/ConstraintMonitor2.xml (RunModel)" time="0.02" />
  <testcase classname="ptolemy.util.test.junit.AutoTests" name="[96] /home/travis/build/icyphy/ptII/ptolemy/actor/lib/test/auto/ConstraintMonitor3.xml (RunModel)" time="0.019" />
  <testcase classname="ptolemy.util.test.junit.AutoTests" name="[97] /home/travis/build/icyphy/ptII/ptolemy/actor/lib/test/auto/ConstraintMonitor4.xml (RunModel)" time="0.016" />
  <testcase classname="ptolemy.util.test.junit.AutoTests" name="[98] /home/travis/build/icyphy/ptII/ptolemy/actor/lib/test/auto/ConstraintMonitor5.xml (RunModel)" time="0.019" />
  <testcase classname="ptolemy.util.test.junit.AutoTests" name="[99] /home/travis/build/icyphy/ptII/ptolemy/actor/lib/test/auto/ConstraintMonitor6.xml (RunModel)" time="0.017" />
  <testcase classname="ptolemy.util.test.junit.AutoTests" name="[100] /home/travis/build/icyphy/ptII/ptolemy/actor/lib/test/auto/ConstraintMonitor7.xml (RunModel)" time="0.026" />
  <testcase classname="ptolemy.util.test.junit.AutoTests" name="[101] /home/travis/build/icyphy/ptII/ptolemy/actor/lib/test/auto/ConstraintMonitor8.xml (RunModel)" time="0.024" />
  <testcase classname="ptolemy.util.test.junit.AutoTests" name="[102] /home/travis/build/icyphy/ptII/ptolemy/actor/lib/test/auto/Counter.xml (RunModel)" time="0.02" />
  <testcase classname="ptolemy.util.test.junit.AutoTests" name="[103] /home/travis/build/icyphy/ptII/ptolemy/actor/lib/test/auto/CurrentTimeSDF.xml (RunModel)" time="0.012" />
  <testcase classname="ptolemy.util.test.junit.AutoTests" name="[104] /home/travis/build/icyphy/ptII/ptolemy/actor/lib/test/auto/DB.xml (RunModel)" time="0.016" />
  <testcase classname="ptolemy.util.test.junit.AutoTests" name="[105] /home/travis/build/icyphy/ptII/ptolemy/actor/lib/test/auto/DBDE.xml (RunModel)" time="0.022" />
  <testcase classname="ptolemy.util.test.junit.AutoTests" name="[106] /home/travis/build/icyphy/ptII/ptolemy/actor/lib/test/auto/DateConstructor.xml (RunModel)" time="0.095" />
  <testcase classname="ptolemy.util.test.junit.AutoTests" name="[107] /home/travis/build/icyphy/ptII/ptolemy/actor/lib/test/auto/DelayTime.xml (RunModel)" time="0.021" />
  <testcase classname="ptolemy.util.test.junit.AutoTests" name="[108] /home/travis/build/icyphy/ptII/ptolemy/actor/lib/test/auto/Dictionary1.xml (RunModel)" time="0.022" />
  <testcase classname="ptolemy.util.test.junit.AutoTests" name="[109] /home/travis/build/icyphy/ptII/ptolemy/actor/lib/test/auto/Dictionary2.xml (RunModel)" time="0.042" />
  <testcase classname="ptolemy.util.test.junit.AutoTests" name="[110] /home/travis/build/icyphy/ptII/ptolemy/actor/lib/test/auto/Dictionary3.xml (RunModel)" time="0.015" />
  <testcase classname="ptolemy.util.test.junit.AutoTests" name="[111] /home/travis/build/icyphy/ptII/ptolemy/actor/lib/test/auto/Dictionary4.xml (RunModel)" time="0.023" />
  <testcase classname="ptolemy.util.test.junit.AutoTests" name="[112] /home/travis/build/icyphy/ptII/ptolemy/actor/lib/test/auto/Differential.xml (RunModel)" time="0.013" />
  <testcase classname="ptolemy.util.test.junit.AutoTests" name="[113] /home/travis/build/icyphy/ptII/ptolemy/actor/lib/test/auto/Director.xml (RunModel)" time="0.019" />
  <testcase classname="ptolemy.util.test.junit.AutoTests" name="[114] /home/travis/build/icyphy/ptII/ptolemy/actor/lib/test/auto/DiscreteClock.xml (RunModel)" time="0.014" />
  <testcase classname="ptolemy.util.test.junit.AutoTests" name="[115] /home/travis/build/icyphy/ptII/ptolemy/actor/lib/test/auto/DiscreteClock10.xml (RunModel)" time="0.019" />
  <testcase classname="ptolemy.util.test.junit.AutoTests" name="[116] /home/travis/build/icyphy/ptII/ptolemy/actor/lib/test/auto/DiscreteClock11.xml (RunModel)" time="0.014" />
  <testcase classname="ptolemy.util.test.junit.AutoTests" name="[117] /home/travis/build/icyphy/ptII/ptolemy/actor/lib/test/auto/DiscreteClock12.xml (RunModel)" time="0.018" />
  <testcase classname="ptolemy.util.test.junit.AutoTests" name="[118] /home/travis/build/icyphy/ptII/ptolemy/actor/lib/test/auto/DiscreteClock13.xml (RunModel)" time="0.017" />
  <testcase classname="ptolemy.util.test.junit.AutoTests" name="[119] /home/travis/build/icyphy/ptII/ptolemy/actor/lib/test/auto/DiscreteClock14.xml (RunModel)" time="0.017" />
  <testcase classname="ptolemy.util.test.junit.AutoTests" name="[120] /home/travis/build/icyphy/ptII/ptolemy/actor/lib/test/auto/DiscreteClock15.xml (RunModel)" time="0.019" />
  <testcase classname="ptolemy.util.test.junit.AutoTests" name="[121] /home/travis/build/icyphy/ptII/ptolemy/actor/lib/test/auto/DiscreteClock16.xml (RunModel)" time="0.056" />
  <testcase classname="ptolemy.util.test.junit.AutoTests" name="[122] /home/travis/build/icyphy/ptII/ptolemy/actor/lib/test/auto/DiscreteClock17.xml (RunModel)" time="0.054" />
  <testcase classname="ptolemy.util.test.junit.AutoTests" name="[123] /home/travis/build/icyphy/ptII/ptolemy/actor/lib/test/auto/DiscreteClock18.xml (RunModel)" time="0.054" />
  <testcase classname="ptolemy.util.test.junit.AutoTests" name="[124] /home/travis/build/icyphy/ptII/ptolemy/actor/lib/test/auto/DiscreteClock19.xml (RunModel)" time="0.062" />
  <testcase classname="ptolemy.util.test.junit.AutoTests" name="[125] /home/travis/build/icyphy/ptII/ptolemy/actor/lib/test/auto/DiscreteClock2.xml (RunModel)" time="0.014" />
  <testcase classname="ptolemy.util.test.junit.AutoTests" name="[126] /home/travis/build/icyphy/ptII/ptolemy/actor/lib/test/auto/DiscreteClock20.xml (RunModel)" time="0.026" />
  <testcase classname="ptolemy.util.test.junit.AutoTests" name="[127] /home/travis/build/icyphy/ptII/ptolemy/actor/lib/test/auto/DiscreteClock21.xml (RunModel)" time="0.022" />
  <testcase classname="ptolemy.util.test.junit.AutoTests" name="[128] /home/travis/build/icyphy/ptII/ptolemy/actor/lib/test/auto/DiscreteClock22.xml (RunModel)" time="0.014" />
  <testcase classname="ptolemy.util.test.junit.AutoTests" name="[129] /home/travis/build/icyphy/ptII/ptolemy/actor/lib/test/auto/DiscreteClock23.xml (RunModel)" time="0.03" />
  <testcase classname="ptolemy.util.test.junit.AutoTests" name="[130] /home/travis/build/icyphy/ptII/ptolemy/actor/lib/test/auto/DiscreteClock24.xml (RunModel)" time="0.014" />
  <testcase classname="ptolemy.util.test.junit.AutoTests" name="[131] /home/travis/build/icyphy/ptII/ptolemy/actor/lib/test/auto/DiscreteClock4.xml (RunModel)" time="0.023" />
  <testcase classname="ptolemy.util.test.junit.AutoTests" name="[132] /home/travis/build/icyphy/ptII/ptolemy/actor/lib/test/auto/DiscreteClock5.xml (RunModel)" time="0.014" />
  <testcase classname="ptolemy.util.test.junit.AutoTests" name="[133] /home/travis/build/icyphy/ptII/ptolemy/actor/lib/test/auto/DiscreteClock6.xml (RunModel)" time="0.017" />
  <testcase classname="ptolemy.util.test.junit.AutoTests" name="[134] /home/travis/build/icyphy/ptII/ptolemy/actor/lib/test/auto/DiscreteClock7.xml (RunModel)" time="0.011" />
  <testcase classname="ptolemy.util.test.junit.AutoTests" name="[135] /home/travis/build/icyphy/ptII/ptolemy/actor/lib/test/auto/DiscreteClock8.xml (RunModel)" time="0.018" />
  <testcase classname="ptolemy.util.test.junit.AutoTests" name="[136] /home/travis/build/icyphy/ptII/ptolemy/actor/lib/test/auto/DiscreteClock9.xml (RunModel)" time="0.015" />
  <testcase classname="ptolemy.util.test.junit.AutoTests" name="[137] /home/travis/build/icyphy/ptII/ptolemy/actor/lib/test/auto/DisplayArray.xml (RunModel)" time="0.017" />
  <testcase classname="ptolemy.util.test.junit.AutoTests" name="[138] /home/travis/build/icyphy/ptII/ptolemy/actor/lib/test/auto/Distributor.xml (RunModel)" time="0.012" />
  <testcase classname="ptolemy.util.test.junit.AutoTests" name="[139] /home/travis/build/icyphy/ptII/ptolemy/actor/lib/test/auto/Distributor2.xml (RunModel)" time="0.013" />
  <testcase classname="ptolemy.util.test.junit.AutoTests" name="[140] /home/travis/build/icyphy/ptII/ptolemy/actor/lib/test/auto/DownSample.xml (RunModel)" time="0.018" />
  <testcase classname="ptolemy.util.test.junit.AutoTests" name="[141] /home/travis/build/icyphy/ptII/ptolemy/actor/lib/test/auto/ElectronicUnitBase1.xml (RunModel)" time="0.081" />
  <testcase classname="ptolemy.util.test.junit.AutoTests" name="[142] /home/travis/build/icyphy/ptII/ptolemy/actor/lib/test/auto/ElementsToArray.xml (RunModel)" time="0.013" />
  <testcase classname="ptolemy.util.test.junit.AutoTests" name="[143] /home/travis/build/icyphy/ptII/ptolemy/actor/lib/test/auto/Equals.xml (RunModel)" time="0.018" />
  <testcase classname="ptolemy.util.test.junit.AutoTests" name="[144] /home/travis/build/icyphy/ptII/ptolemy/actor/lib/test/auto/Exec.xml (RunModel)" time="0.033" />
  <testcase classname="ptolemy.util.test.junit.AutoTests" name="[145] /home/travis/build/icyphy/ptII/ptolemy/actor/lib/test/auto/ExecEnvironment.xml (RunModel)" time="0.048" />
  <testcase classname="ptolemy.util.test.junit.AutoTests" name="[146] /home/travis/build/icyphy/ptII/ptolemy/actor/lib/test/auto/ExecNonZeroReturnOutput.xml (RunModel)" time="0.285" />
  <testcase classname="ptolemy.util.test.junit.AutoTests" name="[147] /home/travis/build/icyphy/ptII/ptolemy/actor/lib/test/auto/ExecRunDemos.xml (RunModel)" time="12.38" />
  <testcase classname="ptolemy.util.test.junit.AutoTests" name="[148] /home/travis/build/icyphy/ptII/ptolemy/actor/lib/test/auto/ExecStop.xml (RunModel)" time="5.062" />
  <testcase classname="ptolemy.util.test.junit.AutoTests" name="[149] /home/travis/build/icyphy/ptII/ptolemy/actor/lib/test/auto/ExecutionTimeSDF.xml (RunModel)" time="6.043" />
  <testcase classname="ptolemy.util.test.junit.AutoTests" name="[150] /home/travis/build/icyphy/ptII/ptolemy/actor/lib/test/auto/Expression1.xml (RunModel)" time="0.011" />
  <testcase classname="ptolemy.util.test.junit.AutoTests" name="[151] /home/travis/build/icyphy/ptII/ptolemy/actor/lib/test/auto/Expression10.xml (RunModel)" time="0.021" />
  <testcase classname="ptolemy.util.test.junit.AutoTests" name="[152] /home/travis/build/icyphy/ptII/ptolemy/actor/lib/test/auto/Expression11.xml (RunModel)" time="0.014" />
  <testcase classname="ptolemy.util.test.junit.AutoTests" name="[153] /home/travis/build/icyphy/ptII/ptolemy/actor/lib/test/auto/Expression12.xml (RunModel)" time="0.018" />
  <testcase classname="ptolemy.util.test.junit.AutoTests" name="[154] /home/travis/build/icyphy/ptII/ptolemy/actor/lib/test/auto/Expression13.xml (RunModel)" time="0.017" />
  <testcase classname="ptolemy.util.test.junit.AutoTests" name="[155] /home/travis/build/icyphy/ptII/ptolemy/actor/lib/test/auto/Expression14.xml (RunModel)" time="0.029" />
  <testcase classname="ptolemy.util.test.junit.AutoTests" name="[156] /home/travis/build/icyphy/ptII/ptolemy/actor/lib/test/auto/Expression15.xml (RunModel)" time="0.009" />
  <testcase classname="ptolemy.util.test.junit.AutoTests" name="[157] /home/travis/build/icyphy/ptII/ptolemy/actor/lib/test/auto/Expression16.xml (RunModel)" time="0.015" />
  <testcase classname="ptolemy.util.test.junit.AutoTests" name="[158] /home/travis/build/icyphy/ptII/ptolemy/actor/lib/test/auto/Expression17.xml (RunModel)" time="0.013" />
  <testcase classname="ptolemy.util.test.junit.AutoTests" name="[159] /home/travis/build/icyphy/ptII/ptolemy/actor/lib/test/auto/Expression18.xml (RunModel)" time="0.02" />
  <testcase classname="ptolemy.util.test.junit.AutoTests" name="[160] /home/travis/build/icyphy/ptII/ptolemy/actor/lib/test/auto/Expression2.xml (RunModel)" time="0.018" />
  <testcase classname="ptolemy.util.test.junit.AutoTests" name="[161] /home/travis/build/icyphy/ptII/ptolemy/actor/lib/test/auto/Expression3.xml (RunModel)" time="0.018" />
  <testcase classname="ptolemy.util.test.junit.AutoTests" name="[162] /home/travis/build/icyphy/ptII/ptolemy/actor/lib/test/auto/Expression4.xml (RunModel)" time="0.023" />
  <testcase classname="ptolemy.util.test.junit.AutoTests" name="[163] /home/travis/build/icyphy/ptII/ptolemy/actor/lib/test/auto/Expression5.xml (RunModel)" time="0.018" />
  <testcase classname="ptolemy.util.test.junit.AutoTests" name="[164] /home/travis/build/icyphy/ptII/ptolemy/actor/lib/test/auto/Expression6.xml (RunModel)" time="0.014" />
  <testcase classname="ptolemy.util.test.junit.AutoTests" name="[165] /home/travis/build/icyphy/ptII/ptolemy/actor/lib/test/auto/Expression7.xml (RunModel)" time="0.015" />
  <testcase classname="ptolemy.util.test.junit.AutoTests" name="[166] /home/travis/build/icyphy/ptII/ptolemy/actor/lib/test/auto/Expression8.xml (RunModel)" time="0.018" />
  <testcase classname="ptolemy.util.test.junit.AutoTests" name="[167] /home/travis/build/icyphy/ptII/ptolemy/actor/lib/test/auto/Expression9.xml (RunModel)" time="0.012" />
  <testcase classname="ptolemy.util.test.junit.AutoTests" name="[168] /home/travis/build/icyphy/ptII/ptolemy/actor/lib/test/auto/ExpressionConcatenateArrayType.xml (RunModel)" time="0.038" />
  <testcase classname="ptolemy.util.test.junit.AutoTests" name="[169] /home/travis/build/icyphy/ptII/ptolemy/actor/lib/test/auto/ExpressionConcatenateArrayType2.xml (RunModel)" time="0.029" />
  <testcase classname="ptolemy.util.test.junit.AutoTests" name="[170] /home/travis/build/icyphy/ptII/ptolemy/actor/lib/test/auto/ExpressionFix.xml (RunModel)" time="0.05" />
  <testcase classname="ptolemy.util.test.junit.AutoTests" name="[171] /home/travis/build/icyphy/ptII/ptolemy/actor/lib/test/auto/ExpressionFix2.xml (RunModel)" time="0.02" />
  <testcase classname="ptolemy.util.test.junit.AutoTests" name="[172] /home/travis/build/icyphy/ptII/ptolemy/actor/lib/test/auto/ExpressionFix3.xml (RunModel)" time="0.021" />
  <testcase classname="ptolemy.util.test.junit.AutoTests" name="[173] /home/travis/build/icyphy/ptII/ptolemy/actor/lib/test/auto/FileWriter1.xml (RunModel)" time="0.012" />
  <testcase classname="ptolemy.util.test.junit.AutoTests" name="[174] /home/travis/build/icyphy/ptII/ptolemy/actor/lib/test/auto/FileWriter2.xml (RunModel)" time="0.013" />
  <testcase classname="ptolemy.util.test.junit.AutoTests" name="[175] /home/travis/build/icyphy/ptII/ptolemy/actor/lib/test/auto/FileWriter3.xml (RunModel)" time="0.021" />
  <testcase classname="ptolemy.util.test.junit.AutoTests" name="[176] /home/travis/build/icyphy/ptII/ptolemy/actor/lib/test/auto/Gaussian.xml (RunModel)" time="0.015" />
  <testcase classname="ptolemy.util.test.junit.AutoTests" name="[177] /home/travis/build/icyphy/ptII/ptolemy/actor/lib/test/auto/Gaussian1.xml (RunModel)" time="0.026" />
  <testcase classname="ptolemy.util.test.junit.AutoTests" name="[178] /home/travis/build/icyphy/ptII/ptolemy/actor/lib/test/auto/Gaussian2.xml (RunModel)" time="0.04" />
  <testcase classname="ptolemy.util.test.junit.AutoTests" name="[179] /home/travis/build/icyphy/ptII/ptolemy/actor/lib/test/auto/GradientAdaptiveLattice.xml (RunModel)" time="0.02" />
  <testcase classname="ptolemy.util.test.junit.AutoTests" name="[180] /home/travis/build/icyphy/ptII/ptolemy/actor/lib/test/auto/IIR.xml (RunModel)" time="0.019" />
  <testcase classname="ptolemy.util.test.junit.AutoTests" name="[181] /home/travis/build/icyphy/ptII/ptolemy/actor/lib/test/auto/InputOutputTransparentPorts.xml (RunModel)" time="0.024" />
  <testcase classname="ptolemy.util.test.junit.AutoTests" name="[182] /home/travis/build/icyphy/ptII/ptolemy/actor/lib/test/auto/Interpolator.xml (RunModel)" time="0.022" />
  <testcase classname="ptolemy.util.test.junit.AutoTests" name="[183] /home/travis/build/icyphy/ptII/ptolemy/actor/lib/test/auto/InterpolatorFiringLimitDE.xml (RunModel)" time="0.018" />
  <testcase classname="ptolemy.util.test.junit.AutoTests" name="[184] /home/travis/build/icyphy/ptII/ptolemy/actor/lib/test/auto/Lattice.xml (RunModel)" time="0.012" />
  <testcase classname="ptolemy.util.test.junit.AutoTests" name="[185] /home/travis/build/icyphy/ptII/ptolemy/actor/lib/test/auto/LazyAOCTestLazy.xml (RunModel)" time="0.028" />
  <testcase classname="ptolemy.util.test.junit.AutoTests" name="[186] /home/travis/build/icyphy/ptII/ptolemy/actor/lib/test/auto/LazyAOCTestNonLazy.xml (RunModel)" time="0.061" />
  <testcase classname="ptolemy.util.test.junit.AutoTests" name="[187] /home/travis/build/icyphy/ptII/ptolemy/actor/lib/test/auto/LazyInnerClass.xml (RunModel)" time="0.035" />
  <testcase classname="ptolemy.util.test.junit.AutoTests" name="[188] /home/travis/build/icyphy/ptII/ptolemy/actor/lib/test/auto/LazyPubSub.xml (RunModel)" time="0.033" />
  <testcase classname="ptolemy.util.test.junit.AutoTests" name="[189] /home/travis/build/icyphy/ptII/ptolemy/actor/lib/test/auto/LazyPubSub2.xml (RunModel)" time="0.04" />
  <testcase classname="ptolemy.util.test.junit.AutoTests" name="[190] /home/travis/build/icyphy/ptII/ptolemy/actor/lib/test/auto/LazyPubSub3.xml (RunModel)" time="0.069" />
  <testcase classname="ptolemy.util.test.junit.AutoTests" name="[191] /home/travis/build/icyphy/ptII/ptolemy/actor/lib/test/auto/LazySubClassModel.xml (RunModel)" time="0.051" />
  <testcase classname="ptolemy.util.test.junit.AutoTests" name="[192] /home/travis/build/icyphy/ptII/ptolemy/actor/lib/test/auto/LevelCrossTest1.xml (RunModel)" time="0.015" />
  <testcase classname="ptolemy.util.test.junit.AutoTests" name="[193] /home/travis/build/icyphy/ptII/ptolemy/actor/lib/test/auto/LevelCrossTest10.xml (RunModel)" time="0.02" />
  <testcase classname="ptolemy.util.test.junit.AutoTests" name="[194] /home/travis/build/icyphy/ptII/ptolemy/actor/lib/test/auto/LevelCrossTest11.xml (RunModel)" time="0.022" />
  <testcase classname="ptolemy.util.test.junit.AutoTests" name="[195] /home/travis/build/icyphy/ptII/ptolemy/actor/lib/test/auto/LevelCrossTest12.xml (RunModel)" time="0.025" />
  <testcase classname="ptolemy.util.test.junit.AutoTests" name="[196] /home/travis/build/icyphy/ptII/ptolemy/actor/lib/test/auto/LevelCrossTest13.xml (RunModel)" time="0.019" />
  <testcase classname="ptolemy.util.test.junit.AutoTests" name="[197] /home/travis/build/icyphy/ptII/ptolemy/actor/lib/test/auto/LevelCrossTest2.xml (RunModel)" time="0.015" />
  <testcase classname="ptolemy.util.test.junit.AutoTests" name="[198] /home/travis/build/icyphy/ptII/ptolemy/actor/lib/test/auto/LevelCrossTest3.xml (RunModel)" time="0.016" />
  <testcase classname="ptolemy.util.test.junit.AutoTests" name="[199] /home/travis/build/icyphy/ptII/ptolemy/actor/lib/test/auto/LevelCrossTest4.xml (RunModel)" time="0.013" />
  <testcase classname="ptolemy.util.test.junit.AutoTests" name="[200] /home/travis/build/icyphy/ptII/ptolemy/actor/lib/test/auto/LevelCrossTest5.xml (RunModel)" time="0.021" />
  <testcase classname="ptolemy.util.test.junit.AutoTests" name="[201] /home/travis/build/icyphy/ptII/ptolemy/actor/lib/test/auto/LevelCrossTest6.xml (RunModel)" time="0.019" />
  <testcase classname="ptolemy.util.test.junit.AutoTests" name="[202] /home/travis/build/icyphy/ptII/ptolemy/actor/lib/test/auto/LevelCrossTest7.xml (RunModel)" time="0.026" />
  <testcase classname="ptolemy.util.test.junit.AutoTests" name="[203] /home/travis/build/icyphy/ptII/ptolemy/actor/lib/test/auto/LevelCrossTest8.xml (RunModel)" time="0.019" />
  <testcase classname="ptolemy.util.test.junit.AutoTests" name="[204] /home/travis/build/icyphy/ptII/ptolemy/actor/lib/test/auto/LevelCrossTest9.xml (RunModel)" time="0.019" />
  <testcase classname="ptolemy.util.test.junit.AutoTests" name="[205] /home/travis/build/icyphy/ptII/ptolemy/actor/lib/test/auto/LevinsonDurbin.xml (RunModel)" time="0.012" />
  <testcase classname="ptolemy.util.test.junit.AutoTests" name="[206] /home/travis/build/icyphy/ptII/ptolemy/actor/lib/test/auto/LevinsonDurbin2.xml (RunModel)" time="0.011" />
  <testcase classname="ptolemy.util.test.junit.AutoTests" name="[207] /home/travis/build/icyphy/ptII/ptolemy/actor/lib/test/auto/LevinsonDurbin3.xml (RunModel)" time="0.015" />
  <testcase classname="ptolemy.util.test.junit.AutoTests" name="[208] /home/travis/build/icyphy/ptII/ptolemy/actor/lib/test/auto/Limiter.xml (RunModel)" time="0.057" />
  <testcase classname="ptolemy.util.test.junit.AutoTests" name="[209] /home/travis/build/icyphy/ptII/ptolemy/actor/lib/test/auto/LinearDifferenceEquationSystem.xml (RunModel)" time="0.026" />
  <testcase classname="ptolemy.util.test.junit.AutoTests" name="[210] /home/travis/build/icyphy/ptII/ptolemy/actor/lib/test/auto/LookupTable.xml (RunModel)" time="0.011" />
  <testcase classname="ptolemy.util.test.junit.AutoTests" name="[211] /home/travis/build/icyphy/ptII/ptolemy/actor/lib/test/auto/MathFunction.xml (RunModel)" time="0.033" />
  <testcase classname="ptolemy.util.test.junit.AutoTests" name="[212] /home/travis/build/icyphy/ptII/ptolemy/actor/lib/test/auto/MathFunction2.xml (RunModel)" time="0.03" />
  <testcase classname="ptolemy.util.test.junit.AutoTests" name="[213] /home/travis/build/icyphy/ptII/ptolemy/actor/lib/test/auto/MathFunction3.xml (RunModel)" time="0.026" />
  <testcase classname="ptolemy.util.test.junit.AutoTests" name="[214] /home/travis/build/icyphy/ptII/ptolemy/actor/lib/test/auto/MatrixCropBoolean.xml (RunModel)" time="0.018" />
  <testcase classname="ptolemy.util.test.junit.AutoTests" name="[215] /home/travis/build/icyphy/ptII/ptolemy/actor/lib/test/auto/MatrixCropComplex.xml (RunModel)" time="0.016" />
  <testcase classname="ptolemy.util.test.junit.AutoTests" name="[216] /home/travis/build/icyphy/ptII/ptolemy/actor/lib/test/auto/MatrixCropDouble.xml (RunModel)" time="0.013" />
  <testcase classname="ptolemy.util.test.junit.AutoTests" name="[217] /home/travis/build/icyphy/ptII/ptolemy/actor/lib/test/auto/MatrixCropFix.xml (RunModel)" time="0.018" />
  <testcase classname="ptolemy.util.test.junit.AutoTests" name="[218] /home/travis/build/icyphy/ptII/ptolemy/actor/lib/test/auto/MatrixCropInt.xml (RunModel)" time="0.024" />
  <testcase classname="ptolemy.util.test.junit.AutoTests" name="[219] /home/travis/build/icyphy/ptII/ptolemy/actor/lib/test/auto/MatrixCropLong.xml (RunModel)" time="0.011" />
  <testcase classname="ptolemy.util.test.junit.AutoTests" name="[220] /home/travis/build/icyphy/ptII/ptolemy/actor/lib/test/auto/MatrixToArray.xml (RunModel)" time="0.071" />
  <testcase classname="ptolemy.util.test.junit.AutoTests" name="[221] /home/travis/build/icyphy/ptII/ptolemy/actor/lib/test/auto/MaxIndex.xml (RunModel)" time="0.019" />
  <testcase classname="ptolemy.util.test.junit.AutoTests" name="[222] /home/travis/build/icyphy/ptII/ptolemy/actor/lib/test/auto/Maximum.xml (RunModel)" time="0.017" />
  <testcase classname="ptolemy.util.test.junit.AutoTests" name="[223] /home/travis/build/icyphy/ptII/ptolemy/actor/lib/test/auto/MaximumComplex.xml (RunModel)" time="0.02" />
  <testcase classname="ptolemy.util.test.junit.AutoTests" name="[224] /home/travis/build/icyphy/ptII/ptolemy/actor/lib/test/auto/MethodCallTest.xml (RunModel)" time="0.029" />
  <testcase classname="ptolemy.util.test.junit.AutoTests" name="[225] /home/travis/build/icyphy/ptII/ptolemy/actor/lib/test/auto/Minimum.xml (RunModel)" time="0.019" />
  <testcase classname="ptolemy.util.test.junit.AutoTests" name="[226] /home/travis/build/icyphy/ptII/ptolemy/actor/lib/test/auto/MinimumComplex.xml (RunModel)" time="0.035" />
  <testcase classname="ptolemy.util.test.junit.AutoTests" name="[227] /home/travis/build/icyphy/ptII/ptolemy/actor/lib/test/auto/MinimumMultiports.xml (RunModel)" time="0.019" />
  <testcase classname="ptolemy.util.test.junit.AutoTests" name="[228] /home/travis/build/icyphy/ptII/ptolemy/actor/lib/test/auto/ModifyDate.xml (RunModel)" time="0.061" />
  <testcase classname="ptolemy.util.test.junit.AutoTests" name="[229] /home/travis/build/icyphy/ptII/ptolemy/actor/lib/test/auto/ModifyDate2.xml (RunModel)" time="0.035" />
  <testcase classname="ptolemy.util.test.junit.AutoTests" name="[230] /home/travis/build/icyphy/ptII/ptolemy/actor/lib/test/auto/MovingAverage.xml (RunModel)" time="0.016" />
  <testcase classname="ptolemy.util.test.junit.AutoTests" name="[231] /home/travis/build/icyphy/ptII/ptolemy/actor/lib/test/auto/MovingMaximum.xml (RunModel)" time="0.024" />
  <testcase classname="ptolemy.util.test.junit.AutoTests" name="[232] /home/travis/build/icyphy/ptII/ptolemy/actor/lib/test/auto/MultipleLinksToSameRelation.xml (RunModel)" time="0.012" />
  <testcase classname="ptolemy.util.test.junit.AutoTests" name="[233] /home/travis/build/icyphy/ptII/ptolemy/actor/lib/test/auto/MultipleLinksToSameRelationDE.xml (RunModel)" time="0.014" />
  <testcase classname="ptolemy.util.test.junit.AutoTests" name="[234] /home/travis/build/icyphy/ptII/ptolemy/actor/lib/test/auto/Multiplexor.xml (RunModel)" time="0.016" />
  <testcase classname="ptolemy.util.test.junit.AutoTests" name="[235] /home/travis/build/icyphy/ptII/ptolemy/actor/lib/test/auto/Multiplexor1.xml (RunModel)" time="0.014" />
  <testcase classname="ptolemy.util.test.junit.AutoTests" name="[236] /home/travis/build/icyphy/ptII/ptolemy/actor/lib/test/auto/Multiplexor2.xml (RunModel)" time="0.015" />
  <testcase classname="ptolemy.util.test.junit.AutoTests" name="[237] /home/travis/build/icyphy/ptII/ptolemy/actor/lib/test/auto/Multiplexor3.xml (RunModel)" time="0.012" />
  <testcase classname="ptolemy.util.test.junit.AutoTests" name="[238] /home/travis/build/icyphy/ptII/ptolemy/actor/lib/test/auto/MultiplexorDE.xml (RunModel)" time="0.024" />
  <testcase classname="ptolemy.util.test.junit.AutoTests" name="[239] /home/travis/build/icyphy/ptII/ptolemy/actor/lib/test/auto/MultiportBroadcastTest.xml (RunModel)" time="0.136" />
  <testcase classname="ptolemy.util.test.junit.AutoTests" name="[240] /home/travis/build/icyphy/ptII/ptolemy/actor/lib/test/auto/MultiportOutHangDuringGetWidth.xml (RunModel)" time="0.062" />
  <testcase classname="ptolemy.util.test.junit.AutoTests" name="[241] /home/travis/build/icyphy/ptII/ptolemy/actor/lib/test/auto/NilToken.xml (RunModel)" time="0.015" />
  <testcase classname="ptolemy.util.test.junit.AutoTests" name="[242] /home/travis/build/icyphy/ptII/ptolemy/actor/lib/test/auto/NilTokenNonStrictTest.xml (RunModel)" time="0.013" />
  <testcase classname="ptolemy.util.test.junit.AutoTests" name="[243] /home/travis/build/icyphy/ptII/ptolemy/actor/lib/test/auto/NilTokenRecord.xml (RunModel)" time="0.032" />
  <testcase classname="ptolemy.util.test.junit.AutoTests" name="[244] /home/travis/build/icyphy/ptII/ptolemy/actor/lib/test/auto/NilTokenTypeTest.xml (RunModel)" time="0.036" />
  <testcase classname="ptolemy.util.test.junit.AutoTests" name="[245] /home/travis/build/icyphy/ptII/ptolemy/actor/lib/test/auto/ObjectToken1.xml (RunModel)" time="0.01" />
  <testcase classname="ptolemy.util.test.junit.AutoTests" name="[246] /home/travis/build/icyphy/ptII/ptolemy/actor/lib/test/auto/OrderedMerge.xml (RunModel)" time="0.017" />
  <testcase classname="ptolemy.util.test.junit.AutoTests" name="[247] /home/travis/build/icyphy/ptII/ptolemy/actor/lib/test/auto/OrderedRecordDisassembler.xml (RunModel)" time="0.025" />
  <testcase classname="ptolemy.util.test.junit.AutoTests" name="[248] /home/travis/build/icyphy/ptII/ptolemy/actor/lib/test/auto/OrderedRecordDisassembler2.xml (RunModel)" time="0.023" />
  <testcase classname="ptolemy.util.test.junit.AutoTests" name="[249] /home/travis/build/icyphy/ptII/ptolemy/actor/lib/test/auto/OrderedRecordUpdater.xml (RunModel)" time="0.013" />
  <testcase classname="ptolemy.util.test.junit.AutoTests" name="[250] /home/travis/build/icyphy/ptII/ptolemy/actor/lib/test/auto/OrderedRecordUpdater2.xml (RunModel)" time="0.022" />
  <testcase classname="ptolemy.util.test.junit.AutoTests" name="[251] /home/travis/build/icyphy/ptII/ptolemy/actor/lib/test/auto/PhaseUnwrap.xml (RunModel)" time="0.016" />
  <testcase classname="ptolemy.util.test.junit.AutoTests" name="[252] /home/travis/build/icyphy/ptII/ptolemy/actor/lib/test/auto/PoissonClock.xml (RunModel)" time="0.012" />
  <testcase classname="ptolemy.util.test.junit.AutoTests" name="[253] /home/travis/build/icyphy/ptII/ptolemy/actor/lib/test/auto/PoissonClock2.xml (RunModel)" time="0.01" />
  <testcase classname="ptolemy.util.test.junit.AutoTests" name="[254] /home/travis/build/icyphy/ptII/ptolemy/actor/lib/test/auto/PoissonClock3.xml (RunModel)" time="0.031" />
  <testcase classname="ptolemy.util.test.junit.AutoTests" name="[255] /home/travis/build/icyphy/ptII/ptolemy/actor/lib/test/auto/PubSubWithInitialTokens.xml (RunModel)" time="0.02" />
  <testcase classname="ptolemy.util.test.junit.AutoTests" name="[256] /home/travis/build/icyphy/ptII/ptolemy/actor/lib/test/auto/PubSubWithInitialTokens2.xml (RunModel)" time="0.014" />
  <testcase classname="ptolemy.util.test.junit.AutoTests" name="[257] /home/travis/build/icyphy/ptII/ptolemy/actor/lib/test/auto/PublisherClassNoParameter.xml (RunModel)" time="0.036" />
  <testcase classname="ptolemy.util.test.junit.AutoTests" name="[258] /home/travis/build/icyphy/ptII/ptolemy/actor/lib/test/auto/PublisherClassParameter.xml (RunModel)" time="0.036" />
  <testcase classname="ptolemy.util.test.junit.AutoTests" name="[259] /home/travis/build/icyphy/ptII/ptolemy/actor/lib/test/auto/PublisherNonStrictTest.xml (RunModel)" time="0.019" />
  <testcase classname="ptolemy.util.test.junit.AutoTests" name="[260] /home/travis/build/icyphy/ptII/ptolemy/actor/lib/test/auto/PublisherPort1.xml (RunModel)" time="0.013" />
  <testcase classname="ptolemy.util.test.junit.AutoTests" name="[261] /home/travis/build/icyphy/ptII/ptolemy/actor/lib/test/auto/PublisherPort2.xml (RunModel)" time="0.012" />
  <testcase classname="ptolemy.util.test.junit.AutoTests" name="[262] /home/travis/build/icyphy/ptII/ptolemy/actor/lib/test/auto/PublisherPort3.xml (RunModel)" time="0.023" />
  <testcase classname="ptolemy.util.test.junit.AutoTests" name="[263] /home/travis/build/icyphy/ptII/ptolemy/actor/lib/test/auto/PublisherPort4.xml (RunModel)" time="0.023" />
  <testcase classname="ptolemy.util.test.junit.AutoTests" name="[264] /home/travis/build/icyphy/ptII/ptolemy/actor/lib/test/auto/PublisherPort5.xml (RunModel)" time="0.017" />
  <testcase classname="ptolemy.util.test.junit.AutoTests" name="[265] /home/travis/build/icyphy/ptII/ptolemy/actor/lib/test/auto/PublisherPort5LookAlike.xml (RunModel)" time="0.022" />
  <testcase classname="ptolemy.util.test.junit.AutoTests" name="[266] /home/travis/build/icyphy/ptII/ptolemy/actor/lib/test/auto/PublisherPort6.xml (RunModel)" time="0.014" />
  <testcase classname="ptolemy.util.test.junit.AutoTests" name="[267] /home/travis/build/icyphy/ptII/ptolemy/actor/lib/test/auto/PublisherPort7.xml (RunModel)" time="0.019" />
  <testcase classname="ptolemy.util.test.junit.AutoTests" name="[268] /home/travis/build/icyphy/ptII/ptolemy/actor/lib/test/auto/PublisherPort8.xml (RunModel)" time="0.02" />
  <testcase classname="ptolemy.util.test.junit.AutoTests" name="[269] /home/travis/build/icyphy/ptII/ptolemy/actor/lib/test/auto/PublisherPortSubscriberChannelVariablesAOC2.xml (RunModel)" time="0.046" />
  <testcase classname="ptolemy.util.test.junit.AutoTests" name="[270] /home/travis/build/icyphy/ptII/ptolemy/actor/lib/test/auto/PublisherPortSubscriberOpaqueWidthInference.xml (RunModel)" time="0.029" />
  <testcase classname="ptolemy.util.test.junit.AutoTests" name="[271] /home/travis/build/icyphy/ptII/ptolemy/actor/lib/test/auto/PublisherPortSubscriberPortAdjacent.xml (RunModel)" time="0.024" />
  <testcase classname="ptolemy.util.test.junit.AutoTests" name="[272] /home/travis/build/icyphy/ptII/ptolemy/actor/lib/test/auto/PublisherPortSubscriberPortExpression.xml (RunModel)" time="0.025" />
  <testcase classname="ptolemy.util.test.junit.AutoTests" name="[273] /home/travis/build/icyphy/ptII/ptolemy/actor/lib/test/auto/PublisherPortSubscriberPortOpaqueD3Reverse.xml (RunModel)" time="0.042" />
  <testcase classname="ptolemy.util.test.junit.AutoTests" name="[274] /home/travis/build/icyphy/ptII/ptolemy/actor/lib/test/auto/PublisherPortSubscriberPortOpaqueWidthInference.xml (RunModel)" time="0.019" />
  <testcase classname="ptolemy.util.test.junit.AutoTests" name="[275] /home/travis/build/icyphy/ptII/ptolemy/actor/lib/test/auto/PublisherPortToplevelSubscriberPortAOC.xml (RunModel)" time="0.014" />
  <testcase classname="ptolemy.util.test.junit.AutoTests" name="[276] /home/travis/build/icyphy/ptII/ptolemy/actor/lib/test/auto/PublisherSubscriber.xml (RunModel)" time="0.017" />
  <testcase classname="ptolemy.util.test.junit.AutoTests" name="[277] /home/travis/build/icyphy/ptII/ptolemy/actor/lib/test/auto/PublisherSubscriber10.xml (RunModel)" time="0.025" />
  <testcase classname="ptolemy.util.test.junit.AutoTests" name="[278] /home/travis/build/icyphy/ptII/ptolemy/actor/lib/test/auto/PublisherSubscriber10InitialOutputs.xml (RunModel)" time="0.033" />
  <testcase classname="ptolemy.util.test.junit.AutoTests" name="[279] /home/travis/build/icyphy/ptII/ptolemy/actor/lib/test/auto/PublisherSubscriber11.xml (RunModel)" time="0.032" />
  <testcase classname="ptolemy.util.test.junit.AutoTests" name="[280] /home/travis/build/icyphy/ptII/ptolemy/actor/lib/test/auto/PublisherSubscriber12.xml (RunModel)" time="0.021" />
  <testcase classname="ptolemy.util.test.junit.AutoTests" name="[281] /home/travis/build/icyphy/ptII/ptolemy/actor/lib/test/auto/PublisherSubscriber13.xml (RunModel)" time="0.016" />
  <testcase classname="ptolemy.util.test.junit.AutoTests" name="[282] /home/travis/build/icyphy/ptII/ptolemy/actor/lib/test/auto/PublisherSubscriber14.xml (RunModel)" time="0.024" />
  <testcase classname="ptolemy.util.test.junit.AutoTests" name="[283] /home/travis/build/icyphy/ptII/ptolemy/actor/lib/test/auto/PublisherSubscriber2.xml (RunModel)" time="0.013" />
  <testcase classname="ptolemy.util.test.junit.AutoTests" name="[284] /home/travis/build/icyphy/ptII/ptolemy/actor/lib/test/auto/PublisherSubscriber3.xml (RunModel)" time="0.013" />
  <testcase classname="ptolemy.util.test.junit.AutoTests" name="[285] /home/travis/build/icyphy/ptII/ptolemy/actor/lib/test/auto/PublisherSubscriber4.xml (RunModel)" time="0.011" />
  <testcase classname="ptolemy.util.test.junit.AutoTests" name="[286] /home/travis/build/icyphy/ptII/ptolemy/actor/lib/test/auto/PublisherSubscriber5.xml (RunModel)" time="0.015" />
  <testcase classname="ptolemy.util.test.junit.AutoTests" name="[287] /home/travis/build/icyphy/ptII/ptolemy/actor/lib/test/auto/PublisherSubscriber6.xml (RunModel)" time="0.019" />
  <testcase classname="ptolemy.util.test.junit.AutoTests" name="[288] /home/travis/build/icyphy/ptII/ptolemy/actor/lib/test/auto/PublisherSubscriber7.xml (RunModel)" time="0.027" />
  <testcase classname="ptolemy.util.test.junit.AutoTests" name="[289] /home/travis/build/icyphy/ptII/ptolemy/actor/lib/test/auto/PublisherSubscriber8.xml (RunModel)" time="0.035" />
  <testcase classname="ptolemy.util.test.junit.AutoTests" name="[290] /home/travis/build/icyphy/ptII/ptolemy/actor/lib/test/auto/PublisherSubscriber9.xml (RunModel)" time="0.021" />
  <testcase classname="ptolemy.util.test.junit.AutoTests" name="[291] /home/travis/build/icyphy/ptII/ptolemy/actor/lib/test/auto/PublisherSubscriberAdjacent.xml (RunModel)" time="0.022" />
  <testcase classname="ptolemy.util.test.junit.AutoTests" name="[292] /home/travis/build/icyphy/ptII/ptolemy/actor/lib/test/auto/PublisherSubscriberChannelVariablesAOC2.xml (RunModel)" time="0.037" />
  <testcase classname="ptolemy.util.test.junit.AutoTests" name="[293] /home/travis/build/icyphy/ptII/ptolemy/actor/lib/test/auto/PublisherSubscriberD3.xml (RunModel)" time="0.018" />
  <testcase classname="ptolemy.util.test.junit.AutoTests" name="[294] /home/travis/build/icyphy/ptII/ptolemy/actor/lib/test/auto/PublisherSubscriberD3Reverse.xml (RunModel)" time="0.014" />
  <testcase classname="ptolemy.util.test.junit.AutoTests" name="[295] /home/travis/build/icyphy/ptII/ptolemy/actor/lib/test/auto/PublisherSubscriberExpression.xml (RunModel)" time="0.022" />
  <testcase classname="ptolemy.util.test.junit.AutoTests" name="[296] /home/travis/build/icyphy/ptII/ptolemy/actor/lib/test/auto/PublisherSubscriberOpaque.xml (RunModel)" time="0.019" />
  <testcase classname="ptolemy.util.test.junit.AutoTests" name="[297] /home/travis/build/icyphy/ptII/ptolemy/actor/lib/test/auto/PublisherSubscriberOpaqueD3.xml (RunModel)" time="0.028" />
  <testcase classname="ptolemy.util.test.junit.AutoTests" name="[298] /home/travis/build/icyphy/ptII/ptolemy/actor/lib/test/auto/PublisherSubscriberOpaqueD3Reverse.xml (RunModel)" time="0.027" />
  <testcase classname="ptolemy.util.test.junit.AutoTests" name="[299] /home/travis/build/icyphy/ptII/ptolemy/actor/lib/test/auto/PublisherSubscriberOpaqueWidthInference.xml (RunModel)" time="0.023" />
  <testcase classname="ptolemy.util.test.junit.AutoTests" name="[300] /home/travis/build/icyphy/ptII/ptolemy/actor/lib/test/auto/PublisherTestSubscriber.xml (RunModel)" time="0.018" />
  <testcase classname="ptolemy.util.test.junit.AutoTests" name="[301] /home/travis/build/icyphy/ptII/ptolemy/actor/lib/test/auto/PublisherToplevelSubscriberPortAOC.xml (RunModel)" time="0.016" />
  <testcase classname="ptolemy.util.test.junit.AutoTests" name="[302] /home/travis/build/icyphy/ptII/ptolemy/actor/lib/test/auto/PulseFiringLimitDE.xml (RunModel)" time="0.018" />
  <testcase classname="ptolemy.util.test.junit.AutoTests" name="[303] /home/travis/build/icyphy/ptII/ptolemy/actor/lib/test/auto/Ramp1.xml (RunModel)" time="0.011" />
  <testcase classname="ptolemy.util.test.junit.AutoTests" name="[304] /home/travis/build/icyphy/ptII/ptolemy/actor/lib/test/auto/RampFiringLimitDE.xml (RunModel)" time="0.014" />
  <testcase classname="ptolemy.util.test.junit.AutoTests" name="[305] /home/travis/build/icyphy/ptII/ptolemy/actor/lib/test/auto/RampFiringLimitSDF.xml (RunModel)" time="0.013" />
  <testcase classname="ptolemy.util.test.junit.AutoTests" name="[306] /home/travis/build/icyphy/ptII/ptolemy/actor/lib/test/auto/RandomInteger.xml (RunModel)" time="0.009" />
  <testcase classname="ptolemy.util.test.junit.AutoTests" name="[307] /home/travis/build/icyphy/ptII/ptolemy/actor/lib/test/auto/ReadFile1.xml (RunModel)" time="0.009" />
  <testcase classname="ptolemy.util.test.junit.AutoTests" name="[308] /home/travis/build/icyphy/ptII/ptolemy/actor/lib/test/auto/ReadFile2.xml (RunModel)" time="0.009" />
  <testcase classname="ptolemy.util.test.junit.AutoTests" name="[309] /home/travis/build/icyphy/ptII/ptolemy/actor/lib/test/auto/Reader.xml (RunModel)" time="0.015" />
  <testcase classname="ptolemy.util.test.junit.AutoTests" name="[310] /home/travis/build/icyphy/ptII/ptolemy/actor/lib/test/auto/RecordAssemblerDisplayNameTest.xml (RunModel)" time="4.791" />
  <testcase classname="ptolemy.util.test.junit.AutoTests" name="[311] /home/travis/build/icyphy/ptII/ptolemy/actor/lib/test/auto/RecordAssemblerTypeError.xml (RunModel)" time="0.06" />
  <testcase classname="ptolemy.util.test.junit.AutoTests" name="[312] /home/travis/build/icyphy/ptII/ptolemy/actor/lib/test/auto/RecordDisassember.xml (RunModel)" time="0.013" />
  <testcase classname="ptolemy.util.test.junit.AutoTests" name="[313] /home/travis/build/icyphy/ptII/ptolemy/actor/lib/test/auto/RecordDisassemberDisplayNameTest.xml (RunModel)" time="0.026" />
  <testcase classname="ptolemy.util.test.junit.AutoTests" name="[314] /home/travis/build/icyphy/ptII/ptolemy/actor/lib/test/auto/RecordDisassembler.xml (RunModel)" time="0.014" />
  <testcase classname="ptolemy.util.test.junit.AutoTests" name="[315] /home/travis/build/icyphy/ptII/ptolemy/actor/lib/test/auto/RecordDisassembler2.xml (RunModel)" time="0.016" />
  <testcase classname="ptolemy.util.test.junit.AutoTests" name="[316] /home/travis/build/icyphy/ptII/ptolemy/actor/lib/test/auto/RecordUpdater.xml (RunModel)" time="0.015" />
  <testcase classname="ptolemy.util.test.junit.AutoTests" name="[317] /home/travis/build/icyphy/ptII/ptolemy/actor/lib/test/auto/RecordUpdater2.xml (RunModel)" time="0.013" />
  <testcase classname="ptolemy.util.test.junit.AutoTests" name="[318] /home/travis/build/icyphy/ptII/ptolemy/actor/lib/test/auto/RecursiveLattice.xml (RunModel)" time="0.01" />
  <testcase classname="ptolemy.util.test.junit.AutoTests" name="[319] /home/travis/build/icyphy/ptII/ptolemy/actor/lib/test/auto/Router.xml (RunModel)" time="3.03" />
  <testcase classname="ptolemy.util.test.junit.AutoTests" name="[320] /home/travis/build/icyphy/ptII/ptolemy/actor/lib/test/auto/Router2.xml (RunModel)" time="3.041" />
  <testcase classname="ptolemy.util.test.junit.AutoTests" name="[321] /home/travis/build/icyphy/ptII/ptolemy/actor/lib/test/auto/RunningMaximum.xml (RunModel)" time="0.016" />
  <testcase classname="ptolemy.util.test.junit.AutoTests" name="[322] /home/travis/build/icyphy/ptII/ptolemy/actor/lib/test/auto/RunningMinimum.xml (RunModel)" time="0.023" />
  <testcase classname="ptolemy.util.test.junit.AutoTests" name="[323] /home/travis/build/icyphy/ptII/ptolemy/actor/lib/test/auto/Scale.xml (RunModel)" time="0.011" />
  <testcase classname="ptolemy.util.test.junit.AutoTests" name="[324] /home/travis/build/icyphy/ptII/ptolemy/actor/lib/test/auto/Scale2.xml (RunModel)" time="0.013" />
  <testcase classname="ptolemy.util.test.junit.AutoTests" name="[325] /home/travis/build/icyphy/ptII/ptolemy/actor/lib/test/auto/Scale3.xml (RunModel)" time="0.023" />
  <testcase classname="ptolemy.util.test.junit.AutoTests" name="[326] /home/travis/build/icyphy/ptII/ptolemy/actor/lib/test/auto/ScaleArray.xml (RunModel)" time="0.017" />
  <testcase classname="ptolemy.util.test.junit.AutoTests" name="[327] /home/travis/build/icyphy/ptII/ptolemy/actor/lib/test/auto/ScaleArray2.xml (RunModel)" time="0.012" />
  <testcase classname="ptolemy.util.test.junit.AutoTests" name="[328] /home/travis/build/icyphy/ptII/ptolemy/actor/lib/test/auto/ScaleMatrix.xml (RunModel)" time="0.191" />
  <testcase classname="ptolemy.util.test.junit.AutoTests" name="[329] /home/travis/build/icyphy/ptII/ptolemy/actor/lib/test/auto/Select.xml (RunModel)" time="0.03" />
  <testcase classname="ptolemy.util.test.junit.AutoTests" name="[330] /home/travis/build/icyphy/ptII/ptolemy/actor/lib/test/auto/Select2.xml (RunModel)" time="0.011" />
  <testcase classname="ptolemy.util.test.junit.AutoTests" name="[331] /home/travis/build/icyphy/ptII/ptolemy/actor/lib/test/auto/SequenceToArray2.xml (RunModel)" time="0.153" />
  <testcase classname="ptolemy.util.test.junit.AutoTests" name="[332] /home/travis/build/icyphy/ptII/ptolemy/actor/lib/test/auto/SequentialClock.xml (RunModel)" time="0.013" />
  <testcase classname="ptolemy.util.test.junit.AutoTests" name="[333] /home/travis/build/icyphy/ptII/ptolemy/actor/lib/test/auto/SetVariable.xml (RunModel)" time="0.013" />
  <testcase classname="ptolemy.util.test.junit.AutoTests" name="[334] /home/travis/build/icyphy/ptII/ptolemy/actor/lib/test/auto/SetVariable2.xml (RunModel)" time="0.013" />
  <testcase classname="ptolemy.util.test.junit.AutoTests" name="[335] /home/travis/build/icyphy/ptII/ptolemy/actor/lib/test/auto/SetVariable3.xml (RunModel)" time="0.02" />
  <testcase classname="ptolemy.util.test.junit.AutoTests" name="[336] /home/travis/build/icyphy/ptII/ptolemy/actor/lib/test/auto/SetVariable4.xml (RunModel)" time="0.042" />
  <testcase classname="ptolemy.util.test.junit.AutoTests" name="[337] /home/travis/build/icyphy/ptII/ptolemy/actor/lib/test/auto/SetVariable5.xml (RunModel)" time="0.044" />
  <testcase classname="ptolemy.util.test.junit.AutoTests" name="[338] /home/travis/build/icyphy/ptII/ptolemy/actor/lib/test/auto/Sinewave.xml (RunModel)" time="0.039" />
  <testcase classname="ptolemy.util.test.junit.AutoTests" name="[339] /home/travis/build/icyphy/ptII/ptolemy/actor/lib/test/auto/Sinewave2.xml (RunModel)" time="0.019" />
  <testcase classname="ptolemy.util.test.junit.AutoTests" name="[340] /home/travis/build/icyphy/ptII/ptolemy/actor/lib/test/auto/Sinewave3.xml (RunModel)" time="0.05" />
  <testcase classname="ptolemy.util.test.junit.AutoTests" name="[341] /home/travis/build/icyphy/ptII/ptolemy/actor/lib/test/auto/SingleEvent.xml (RunModel)" time="0.011" />
  <testcase classname="ptolemy.util.test.junit.AutoTests" name="[342] /home/travis/build/icyphy/ptII/ptolemy/actor/lib/test/auto/Sleep.xml (RunModel)" time="6.023" />
  <testcase classname="ptolemy.util.test.junit.AutoTests" name="[343] /home/travis/build/icyphy/ptII/ptolemy/actor/lib/test/auto/SleepMultipleFire.xml (RunModel)" time="1.024" />
  <testcase classname="ptolemy.util.test.junit.AutoTests" name="[344] /home/travis/build/icyphy/ptII/ptolemy/actor/lib/test/auto/StopDE.xml (RunModel)" time="0.017" />
  <testcase classname="ptolemy.util.test.junit.AutoTests" name="[345] /home/travis/build/icyphy/ptII/ptolemy/actor/lib/test/auto/StopSDF.xml (RunModel)" time="0.015" />
  <testcase classname="ptolemy.util.test.junit.AutoTests" name="[346] /home/travis/build/icyphy/ptII/ptolemy/actor/lib/test/auto/StringConstant.xml (RunModel)" time="0.021" />
  <testcase classname="ptolemy.util.test.junit.AutoTests" name="[347] /home/travis/build/icyphy/ptII/ptolemy/actor/lib/test/auto/SubscriberPortInitialValues1.xml (RunModel)" time="0.023" />
  <testcase classname="ptolemy.util.test.junit.AutoTests" name="[348] /home/travis/build/icyphy/ptII/ptolemy/actor/lib/test/auto/SubscriberPortInitialValues13.xml (RunModel)" time="0.045" />
  <testcase classname="ptolemy.util.test.junit.AutoTests" name="[349] /home/travis/build/icyphy/ptII/ptolemy/actor/lib/test/auto/SubscriberPortInitialValues14.xml (RunModel)" time="0.018" />
  <testcase classname="ptolemy.util.test.junit.AutoTests" name="[350] /home/travis/build/icyphy/ptII/ptolemy/actor/lib/test/auto/SubscriberPortInitialValues2.xml (RunModel)" time="0.023" />
  <testcase classname="ptolemy.util.test.junit.AutoTests" name="[351] /home/travis/build/icyphy/ptII/ptolemy/actor/lib/test/auto/SubscriberPortInitialValues3.xml (RunModel)" time="0.024" />
  <testcase classname="ptolemy.util.test.junit.AutoTests" name="[352] /home/travis/build/icyphy/ptII/ptolemy/actor/lib/test/auto/SubscriptionAggregator.xml (RunModel)" time="0.014" />
  <testcase classname="ptolemy.util.test.junit.AutoTests" name="[353] /home/travis/build/icyphy/ptII/ptolemy/actor/lib/test/auto/SubscriptionAggregator2.xml (RunModel)" time="0.014" />
  <testcase classname="ptolemy.util.test.junit.AutoTests" name="[354] /home/travis/build/icyphy/ptII/ptolemy/actor/lib/test/auto/SubscriptionAggregator3.xml (RunModel)" time="0.024" />
  <testcase classname="ptolemy.util.test.junit.AutoTests" name="[355] /home/travis/build/icyphy/ptII/ptolemy/actor/lib/test/auto/SubscriptionAggregatorMultiply.xml (RunModel)" time="0.031" />
  <testcase classname="ptolemy.util.test.junit.AutoTests" name="[356] /home/travis/build/icyphy/ptII/ptolemy/actor/lib/test/auto/SubscriptionAggregatorPortMultiply1.xml (RunModel)" time="0.019" />
  <testcase classname="ptolemy.util.test.junit.AutoTests" name="[357] /home/travis/build/icyphy/ptII/ptolemy/actor/lib/test/auto/Switch.xml (RunModel)" time="0.02" />
  <testcase classname="ptolemy.util.test.junit.AutoTests" name="[358] /home/travis/build/icyphy/ptII/ptolemy/actor/lib/test/auto/Switch2.xml (RunModel)" time="0.016" />
  <testcase classname="ptolemy.util.test.junit.AutoTests" name="[359] /home/travis/build/icyphy/ptII/ptolemy/actor/lib/test/auto/SwitchDE.xml (RunModel)" time="0.018" />
  <testcase classname="ptolemy.util.test.junit.AutoTests" name="[360] /home/travis/build/icyphy/ptII/ptolemy/actor/lib/test/auto/SynchronizerDE.xml (RunModel)" time="0.03" />
  <testcase classname="ptolemy.util.test.junit.AutoTests" name="[361] /home/travis/build/icyphy/ptII/ptolemy/actor/lib/test/auto/Test.xml (RunModel)" time="0.022" />
  <testcase classname="ptolemy.util.test.junit.AutoTests" name="[362] /home/travis/build/icyphy/ptII/ptolemy/actor/lib/test/auto/TestExceptionAttribute1.xml (RunModel)" time="0.011" />
  <testcase classname="ptolemy.util.test.junit.AutoTests" name="[363] /home/travis/build/icyphy/ptII/ptolemy/actor/lib/test/auto/TestExceptionAttribute2.xml (RunModel)" time="0.011" />
  <testcase classname="ptolemy.util.test.junit.AutoTests" name="[364] /home/travis/build/icyphy/ptII/ptolemy/actor/lib/test/auto/TestExceptionAttribute3.xml (RunModel)" time="0.017" />
  <testcase classname="ptolemy.util.test.junit.AutoTests" name="[365] /home/travis/build/icyphy/ptII/ptolemy/actor/lib/test/auto/TestExceptionAttribute4.xml (RunModel)" time="0.01" />
  <testcase classname="ptolemy.util.test.junit.AutoTests" name="[366] /home/travis/build/icyphy/ptII/ptolemy/actor/lib/test/auto/TestExceptionHandler1.xml (RunModel)" time="0.009" />
  <testcase classname="ptolemy.util.test.junit.AutoTests" name="[367] /home/travis/build/icyphy/ptII/ptolemy/actor/lib/test/auto/TestExceptionHandler2.xml (RunModel)" time="0.011" />
  <testcase classname="ptolemy.util.test.junit.AutoTests" name="[368] /home/travis/build/icyphy/ptII/ptolemy/actor/lib/test/auto/TestExceptionHandler3.xml (RunModel)" time="0.007" />
  <testcase classname="ptolemy.util.test.junit.AutoTests" name="[369] /home/travis/build/icyphy/ptII/ptolemy/actor/lib/test/auto/TestExceptionHandler4.xml (RunModel)" time="0.007" />
  <testcase classname="ptolemy.util.test.junit.AutoTests" name="[370] /home/travis/build/icyphy/ptII/ptolemy/actor/lib/test/auto/TestRequireCorrectOrder.xml (RunModel)" time="0.016" />
  <testcase classname="ptolemy.util.test.junit.AutoTests" name="[371] /home/travis/build/icyphy/ptII/ptolemy/actor/lib/test/auto/TestSimple.xml (RunModel)" time="0.009" />
  <testcase classname="ptolemy.util.test.junit.AutoTests" name="[372] /home/travis/build/icyphy/ptII/ptolemy/actor/lib/test/auto/ThrowModelError.xml (RunModel)" time="0.012" />
  <testcase classname="ptolemy.util.test.junit.AutoTests" name="[373] /home/travis/build/icyphy/ptII/ptolemy/actor/lib/test/auto/TimeDelayMicrosteps.xml (RunModel)" time="0.016" />
  <testcase classname="ptolemy.util.test.junit.AutoTests" name="[374] /home/travis/build/icyphy/ptII/ptolemy/actor/lib/test/auto/TimeDelayMicrosteps2.xml (RunModel)" time="0.019" />
  <testcase classname="ptolemy.util.test.junit.AutoTests" name="[375] /home/travis/build/icyphy/ptII/ptolemy/actor/lib/test/auto/TimeDelayMicrosteps3.xml (RunModel)" time="0.014" />
  <testcase classname="ptolemy.util.test.junit.AutoTests" name="[376] /home/travis/build/icyphy/ptII/ptolemy/actor/lib/test/auto/TimeDelayVariableMicrosteps.xml (RunModel)" time="0.021" />
  <testcase classname="ptolemy.util.test.junit.AutoTests" name="[377] /home/travis/build/icyphy/ptII/ptolemy/actor/lib/test/auto/TimeGap.xml (RunModel)" time="0.021" />
  <testcase classname="ptolemy.util.test.junit.AutoTests" name="[378] /home/travis/build/icyphy/ptII/ptolemy/actor/lib/test/auto/TimeGap2.xml (RunModel)" time="0.013" />
  <testcase classname="ptolemy.util.test.junit.AutoTests" name="[379] /home/travis/build/icyphy/ptII/ptolemy/actor/lib/test/auto/TimedSinewave.xml (RunModel)" time="0.075" />
  <testcase classname="ptolemy.util.test.junit.AutoTests" name="[380] /home/travis/build/icyphy/ptII/ptolemy/actor/lib/test/auto/TimedSinewavePhase.xml (RunModel)" time="0.056" />
  <testcase classname="ptolemy.util.test.junit.AutoTests" name="[381] /home/travis/build/icyphy/ptII/ptolemy/actor/lib/test/auto/Timer.xml (RunModel)" time="0.019" />
  <testcase classname="ptolemy.util.test.junit.AutoTests" name="[382] /home/travis/build/icyphy/ptII/ptolemy/actor/lib/test/auto/TriangularDistTestModel.xml (RunModel)" time="0.024" />
  <testcase classname="ptolemy.util.test.junit.AutoTests" name="[383] /home/travis/build/icyphy/ptII/ptolemy/actor/lib/test/auto/TrigFunction.xml (RunModel)" time="0.012" />
  <testcase classname="ptolemy.util.test.junit.AutoTests" name="[384] /home/travis/build/icyphy/ptII/ptolemy/actor/lib/test/auto/TrigFunctionDE.xml (RunModel)" time="0.016" />
  <testcase classname="ptolemy.util.test.junit.AutoTests" name="[385] /home/travis/build/icyphy/ptII/ptolemy/actor/lib/test/auto/TrigFunctionInverse.xml (RunModel)" time="0.012" />
  <testcase classname="ptolemy.util.test.junit.AutoTests" name="[386] /home/travis/build/icyphy/ptII/ptolemy/actor/lib/test/auto/TrigFunctionTan.xml (RunModel)" time="0.008" />
  <testcase classname="ptolemy.util.test.junit.AutoTests" name="[387] /home/travis/build/icyphy/ptII/ptolemy/actor/lib/test/auto/TriggeredClock.xml (RunModel)" time="0.011" />
  <testcase classname="ptolemy.util.test.junit.AutoTests" name="[388] /home/travis/build/icyphy/ptII/ptolemy/actor/lib/test/auto/URLDirectoryReader.xml (RunModel)" time="0.154" />
  <testcase classname="ptolemy.util.test.junit.AutoTests" name="[389] /home/travis/build/icyphy/ptII/ptolemy/actor/lib/test/auto/URLDirectoryReader3.xml (RunModel)" time="1.463" />
  <testcase classname="ptolemy.util.test.junit.AutoTests" name="[390] /home/travis/build/icyphy/ptII/ptolemy/actor/lib/test/auto/UnaryMathFunction.xml (RunModel)" time="0.038" />
  <testcase classname="ptolemy.util.test.junit.AutoTests" name="[391] /home/travis/build/icyphy/ptII/ptolemy/actor/lib/test/auto/Uniform.xml (RunModel)" time="0.034" />
  <testcase classname="ptolemy.util.test.junit.AutoTests" name="[392] /home/travis/build/icyphy/ptII/ptolemy/actor/lib/test/auto/UnionDisassemblerTest.xml (RunModel)" time="0.021" />
  <testcase classname="ptolemy.util.test.junit.AutoTests" name="[393] /home/travis/build/icyphy/ptII/ptolemy/actor/lib/test/auto/UtilityFunctions.xml (RunModel)" time="0.009" />
  <testcase classname="ptolemy.util.test.junit.AutoTests" name="[394] /home/travis/build/icyphy/ptII/ptolemy/actor/lib/test/auto/VariableSleep.xml (RunModel)" time="0.515" />
  <testcase classname="ptolemy.util.test.junit.AutoTests" name="[395] /home/travis/build/icyphy/ptII/ptolemy/actor/lib/test/auto/VectorAssemblerDisassemblerCT.xml (RunModel)" time="0.163" />
  <testcase classname="ptolemy.util.test.junit.AutoTests" name="[396] /home/travis/build/icyphy/ptII/ptolemy/actor/lib/test/auto/VectorAssemblerDisassemblerDE.xml (RunModel)" time="0.015" />
  <testcase classname="ptolemy.util.test.junit.AutoTests" name="[397] /home/travis/build/icyphy/ptII/ptolemy/actor/lib/test/auto/VectorAssemblerDisassemblerSDF.xml (RunModel)" time="0.025" />
  <testcase classname="ptolemy.util.test.junit.AutoTests" name="[398] /home/travis/build/icyphy/ptII/ptolemy/actor/lib/test/auto/WallClockTime.xml (RunModel)" time="1.016" />
  <testcase classname="ptolemy.util.test.junit.AutoTests" name="[399] /home/travis/build/icyphy/ptII/ptolemy/actor/lib/test/auto/WidthTestWithSubscriberPublisher.xml (RunModel)" time="0.055" />
  <testcase classname="ptolemy.util.test.junit.AutoTests" name="[400] /home/travis/build/icyphy/ptII/ptolemy/actor/lib/test/auto/WidthTestWithSubscriberPublisher2.xml (RunModel)" time="0.022" />
  <testcase classname="ptolemy.util.test.junit.AutoTests" name="[401] /home/travis/build/icyphy/ptII/ptolemy/actor/lib/test/auto/WidthTestWithSubscriberPublisher3.xml (RunModel)" time="0.016" />
  <testcase classname="ptolemy.util.test.junit.AutoTests" name="[402] /home/travis/build/icyphy/ptII/ptolemy/actor/lib/test/auto/Writer.xml (RunModel)" time="0.011" />
  <testcase classname="ptolemy.util.test.junit.AutoTests" name="[403] /home/travis/build/icyphy/ptII/ptolemy/actor/lib/test/auto/array.xml (RunModel)" time="0.027" />
  <testcase classname="ptolemy.util.test.junit.AutoTests" name="[404] /home/travis/build/icyphy/ptII/ptolemy/actor/lib/test/auto/array2.xml (RunModel)" time="0.014" />
  <testcase classname="ptolemy.util.test.junit.AutoTests" name="[405] /home/travis/build/icyphy/ptII/ptolemy/actor/lib/test/auto/arrayType.xml (RunModel)" time="0.026" />
  <testcase classname="ptolemy.util.test.junit.AutoTests" name="[406] /home/travis/build/icyphy/ptII/ptolemy/actor/lib/test/auto/arrayType10.xml (RunModel)" time="0.012" />
  <testcase classname="ptolemy.util.test.junit.AutoTests" name="[407] /home/travis/build/icyphy/ptII/ptolemy/actor/lib/test/auto/arrayType11.xml (RunModel)" time="0.011" />
  <testcase classname="ptolemy.util.test.junit.AutoTests" name="[408] /home/travis/build/icyphy/ptII/ptolemy/actor/lib/test/auto/arrayType12.xml (RunModel)" time="0.016" />
  <testcase classname="ptolemy.util.test.junit.AutoTests" name="[409] /home/travis/build/icyphy/ptII/ptolemy/actor/lib/test/auto/arrayType13.xml (RunModel)" time="0.012" />
  <testcase classname="ptolemy.util.test.junit.AutoTests" name="[410] /home/travis/build/icyphy/ptII/ptolemy/actor/lib/test/auto/arrayType14.xml (RunModel)" time="0.012" />
  <testcase classname="ptolemy.util.test.junit.AutoTests" name="[411] /home/travis/build/icyphy/ptII/ptolemy/actor/lib/test/auto/arrayType15.xml (RunModel)" time="0.012" />
  <testcase classname="ptolemy.util.test.junit.AutoTests" name="[412] /home/travis/build/icyphy/ptII/ptolemy/actor/lib/test/auto/arrayType16.xml (RunModel)" time="0.015" />
  <testcase classname="ptolemy.util.test.junit.AutoTests" name="[413] /home/travis/build/icyphy/ptII/ptolemy/actor/lib/test/auto/arrayType17.xml (RunModel)" time="0.015" />
  <testcase classname="ptolemy.util.test.junit.AutoTests" name="[414] /home/travis/build/icyphy/ptII/ptolemy/actor/lib/test/auto/arrayType18.xml (RunModel)" time="0.013" />
  <testcase classname="ptolemy.util.test.junit.AutoTests" name="[415] /home/travis/build/icyphy/ptII/ptolemy/actor/lib/test/auto/arrayType19.xml (RunModel)" time="0.012" />
  <testcase classname="ptolemy.util.test.junit.AutoTests" name="[416] /home/travis/build/icyphy/ptII/ptolemy/actor/lib/test/auto/arrayType2.xml (RunModel)" time="0.013" />
  <testcase classname="ptolemy.util.test.junit.AutoTests" name="[417] /home/travis/build/icyphy/ptII/ptolemy/actor/lib/test/auto/arrayType20.xml (RunModel)" time="0.011" />
  <testcase classname="ptolemy.util.test.junit.AutoTests" name="[418] /home/travis/build/icyphy/ptII/ptolemy/actor/lib/test/auto/arrayType21.xml (RunModel)" time="0.011" />
  <testcase classname="ptolemy.util.test.junit.AutoTests" name="[419] /home/travis/build/icyphy/ptII/ptolemy/actor/lib/test/auto/arrayType22.xml (RunModel)" time="0.011" />
  <testcase classname="ptolemy.util.test.junit.AutoTests" name="[420] /home/travis/build/icyphy/ptII/ptolemy/actor/lib/test/auto/arrayType23.xml (RunModel)" time="0.011" />
  <testcase classname="ptolemy.util.test.junit.AutoTests" name="[421] /home/travis/build/icyphy/ptII/ptolemy/actor/lib/test/auto/arrayType24.xml (RunModel)" time="0.013" />
  <testcase classname="ptolemy.util.test.junit.AutoTests" name="[422] /home/travis/build/icyphy/ptII/ptolemy/actor/lib/test/auto/arrayType25.xml (RunModel)" time="0.013" />
  <testcase classname="ptolemy.util.test.junit.AutoTests" name="[423] /home/travis/build/icyphy/ptII/ptolemy/actor/lib/test/auto/arrayType26.xml (RunModel)" time="0.014" />
  <testcase classname="ptolemy.util.test.junit.AutoTests" name="[424] /home/travis/build/icyphy/ptII/ptolemy/actor/lib/test/auto/arrayType27.xml (RunModel)" time="0.011" />
  <testcase classname="ptolemy.util.test.junit.AutoTests" name="[425] /home/travis/build/icyphy/ptII/ptolemy/actor/lib/test/auto/arrayType28.xml (RunModel)" time="0.015" />
  <testcase classname="ptolemy.util.test.junit.AutoTests" name="[426] /home/travis/build/icyphy/ptII/ptolemy/actor/lib/test/auto/arrayType3.xml (RunModel)" time="0.013" />
  <testcase classname="ptolemy.util.test.junit.AutoTests" name="[427] /home/travis/build/icyphy/ptII/ptolemy/actor/lib/test/auto/arrayType4.xml (RunModel)" time="0.013" />
  <testcase classname="ptolemy.util.test.junit.AutoTests" name="[428] /home/travis/build/icyphy/ptII/ptolemy/actor/lib/test/auto/arrayType5.xml (RunModel)" time="0.018" />
  <testcase classname="ptolemy.util.test.junit.AutoTests" name="[429] /home/travis/build/icyphy/ptII/ptolemy/actor/lib/test/auto/arrayType6.xml (RunModel)" time="0.011" />
  <testcase classname="ptolemy.util.test.junit.AutoTests" name="[430] /home/travis/build/icyphy/ptII/ptolemy/actor/lib/test/auto/arrayType7.xml (RunModel)" time="0.011" />
  <testcase classname="ptolemy.util.test.junit.AutoTests" name="[431] /home/travis/build/icyphy/ptII/ptolemy/actor/lib/test/auto/arrayType8.xml (RunModel)" time="0.02" />
  <testcase classname="ptolemy.util.test.junit.AutoTests" name="[432] /home/travis/build/icyphy/ptII/ptolemy/actor/lib/test/auto/arrayType9.xml (RunModel)" time="0.011" />
  <testcase classname="ptolemy.util.test.junit.AutoTests" name="[433] /home/travis/build/icyphy/ptII/ptolemy/actor/lib/test/auto/cast.xml (RunModel)" time="0.04" />
  <testcase classname="ptolemy.util.test.junit.AutoTests" name="[434] /home/travis/build/icyphy/ptII/ptolemy/actor/lib/test/auto/compositeMultiPort.xml (RunModel)" time="0.059" />
  <testcase classname="ptolemy.util.test.junit.AutoTests" name="[435] /home/travis/build/icyphy/ptII/ptolemy/actor/lib/test/auto/expressionCastInference.xml (RunModel)" time="0.032" />
  <testcase classname="ptolemy.util.test.junit.AutoTests" name="[436] /home/travis/build/icyphy/ptII/ptolemy/actor/lib/test/auto/expressionCastInference2.xml (RunModel)" time="0.031" />
  <testcase classname="ptolemy.util.test.junit.AutoTests" name="[437] /home/travis/build/icyphy/ptII/ptolemy/actor/lib/test/auto/expressionInference.xml (RunModel)" time="0.035" />
  <testcase classname="ptolemy.util.test.junit.AutoTests" name="[438] /home/travis/build/icyphy/ptII/ptolemy/actor/lib/test/auto/expression_bug.xml (RunModel)" time="0.056" />
  <testcase classname="ptolemy.util.test.junit.AutoTests" name="[439] /home/travis/build/icyphy/ptII/ptolemy/actor/lib/test/auto/factorial.xml (RunModel)" time="0.105" />
  <testcase classname="ptolemy.util.test.junit.AutoTests" name="[440] /home/travis/build/icyphy/ptII/ptolemy/actor/lib/test/auto/filterTest1.xml (RunModel)" time="0.025" />
  <testcase classname="ptolemy.util.test.junit.AutoTests" name="[441] /home/travis/build/icyphy/ptII/ptolemy/actor/lib/test/auto/funcApplyInConst.xml (RunModel)" time="0.014" />
  <testcase classname="ptolemy.util.test.junit.AutoTests" name="[442] /home/travis/build/icyphy/ptII/ptolemy/actor/lib/test/auto/funcApplyInExpr.xml (RunModel)" time="0.008" />
  <testcase classname="ptolemy.util.test.junit.AutoTests" name="[443] /home/travis/build/icyphy/ptII/ptolemy/actor/lib/test/auto/function.xml (RunModel)" time="0.013" />
  <testcase classname="ptolemy.util.test.junit.AutoTests" name="[444] /home/travis/build/icyphy/ptII/ptolemy/actor/lib/test/auto/function2.xml (RunModel)" time="0.011" />
  <testcase classname="ptolemy.util.test.junit.AutoTests" name="[445] /home/travis/build/icyphy/ptII/ptolemy/actor/lib/test/auto/function3.xml (RunModel)" time="0.009" />
  <testcase classname="ptolemy.util.test.junit.AutoTests" name="[446] /home/travis/build/icyphy/ptII/ptolemy/actor/lib/test/auto/functionClosureTest1.xml (RunModel)" time="0.014" />
  <testcase classname="ptolemy.util.test.junit.AutoTests" name="[447] /home/travis/build/icyphy/ptII/ptolemy/actor/lib/test/auto/functionClosureTest2.xml (RunModel)" time="0.01" />
  <testcase classname="ptolemy.util.test.junit.AutoTests" name="[448] /home/travis/build/icyphy/ptII/ptolemy/actor/lib/test/auto/functionClosureTest3.xml (RunModel)" time="0.012" />
  <testcase classname="ptolemy.util.test.junit.AutoTests" name="[449] /home/travis/build/icyphy/ptII/ptolemy/actor/lib/test/auto/functionClosureTest4.xml (RunModel)" time="0.021" />
  <testcase classname="ptolemy.util.test.junit.AutoTests" name="[450] /home/travis/build/icyphy/ptII/ptolemy/actor/lib/test/auto/functionClosureTest5.xml (RunModel)" time="0.019" />
  <testcase classname="ptolemy.util.test.junit.AutoTests" name="[451] /home/travis/build/icyphy/ptII/ptolemy/actor/lib/test/auto/functionClosureTest6.xml (RunModel)" time="0.012" />
  <testcase classname="ptolemy.util.test.junit.AutoTests" name="[452] /home/travis/build/icyphy/ptII/ptolemy/actor/lib/test/auto/functionsOnArcs.xml (RunModel)" time="0.014" />
  <testcase classname="ptolemy.util.test.junit.AutoTests" name="[453] /home/travis/build/icyphy/ptII/ptolemy/actor/lib/test/auto/functionsOnArcsHOF.xml (RunModel)" time="0.02" />
  <testcase classname="ptolemy.util.test.junit.AutoTests" name="[454] /home/travis/build/icyphy/ptII/ptolemy/actor/lib/test/auto/logic.xml (RunModel)" time="0.023" />
  <testcase classname="ptolemy.util.test.junit.AutoTests" name="[455] /home/travis/build/icyphy/ptII/ptolemy/actor/lib/test/auto/matrixType.xml (RunModel)" time="0.013" />
  <testcase classname="ptolemy.util.test.junit.AutoTests" name="[456] /home/travis/build/icyphy/ptII/ptolemy/actor/lib/test/auto/matrixType10.xml (RunModel)" time="0.012" />
  <testcase classname="ptolemy.util.test.junit.AutoTests" name="[457] /home/travis/build/icyphy/ptII/ptolemy/actor/lib/test/auto/matrixType11.xml (RunModel)" time="0.012" />
  <testcase classname="ptolemy.util.test.junit.AutoTests" name="[458] /home/travis/build/icyphy/ptII/ptolemy/actor/lib/test/auto/matrixType12.xml (RunModel)" time="0.016" />
  <testcase classname="ptolemy.util.test.junit.AutoTests" name="[459] /home/travis/build/icyphy/ptII/ptolemy/actor/lib/test/auto/matrixType13.xml (RunModel)" time="0.012" />
  <testcase classname="ptolemy.util.test.junit.AutoTests" name="[460] /home/travis/build/icyphy/ptII/ptolemy/actor/lib/test/auto/matrixType14.xml (RunModel)" time="0.013" />
  <testcase classname="ptolemy.util.test.junit.AutoTests" name="[461] /home/travis/build/icyphy/ptII/ptolemy/actor/lib/test/auto/matrixType2.xml (RunModel)" time="0.012" />
  <testcase classname="ptolemy.util.test.junit.AutoTests" name="[462] /home/travis/build/icyphy/ptII/ptolemy/actor/lib/test/auto/matrixType3.xml (RunModel)" time="0.014" />
  <testcase classname="ptolemy.util.test.junit.AutoTests" name="[463] /home/travis/build/icyphy/ptII/ptolemy/actor/lib/test/auto/matrixType4.xml (RunModel)" time="0.011" />
  <testcase classname="ptolemy.util.test.junit.AutoTests" name="[464] /home/travis/build/icyphy/ptII/ptolemy/actor/lib/test/auto/matrixType5.xml (RunModel)" time="0.011" />
  <testcase classname="ptolemy.util.test.junit.AutoTests" name="[465] /home/travis/build/icyphy/ptII/ptolemy/actor/lib/test/auto/matrixType6.xml (RunModel)" time="0.011" />
  <testcase classname="ptolemy.util.test.junit.AutoTests" name="[466] /home/travis/build/icyphy/ptII/ptolemy/actor/lib/test/auto/matrixType7.xml (RunModel)" time="0.013" />
  <testcase classname="ptolemy.util.test.junit.AutoTests" name="[467] /home/travis/build/icyphy/ptII/ptolemy/actor/lib/test/auto/matrixType8.xml (RunModel)" time="0.014" />
  <testcase classname="ptolemy.util.test.junit.AutoTests" name="[468] /home/travis/build/icyphy/ptII/ptolemy/actor/lib/test/auto/matrixType9.xml (RunModel)" time="0.011" />
  <testcase classname="ptolemy.util.test.junit.AutoTests" name="[469] /home/travis/build/icyphy/ptII/ptolemy/actor/lib/test/auto/paraFunctest.xml (RunModel)" time="0.01" />
  <testcase classname="ptolemy.util.test.junit.AutoTests" name="[470] /home/travis/build/icyphy/ptII/ptolemy/actor/lib/test/auto/paraFunctest2.xml (RunModel)" time="0.017" />
  <testcase classname="ptolemy.util.test.junit.AutoTests" name="[471] /home/travis/build/icyphy/ptII/ptolemy/actor/lib/test/auto/parameterPassing.xml (RunModel)" time="0.013" />
  <testcase classname="ptolemy.util.test.junit.AutoTests" name="[472] /home/travis/build/icyphy/ptII/ptolemy/actor/lib/test/auto/record.xml (RunModel)" time="0.012" />
  <testcase classname="ptolemy.util.test.junit.AutoTests" name="[473] /home/travis/build/icyphy/ptII/ptolemy/actor/lib/test/auto/sizedarray1.xml (RunModel)" time="0.014" />
  <testcase classname="ptolemy.util.test.junit.AutoTests" name="[474] /home/travis/build/icyphy/ptII/ptolemy/actor/lib/test/auto/sizedarray2.xml (RunModel)" time="0.013" />
  <testcase classname="ptolemy.util.test.junit.AutoTests" name="[475] /home/travis/build/icyphy/ptII/ptolemy/actor/lib/test/auto/twoPublishers.xml (RunModel)" time="0.033" />
  <system-out><![CDATA[/home/travis/build/icyphy/ptII/ptolemy/actor/lib/test/AbsoluteValue.tcl
testDefs.tcl: setting time out to 9000 seconds at Fri Sep 06 05:41:58 UTC 2019
134 ms. Memory: 120832K Free: 85442K (71%)
6 ms. Memory: 120832K Free: 83908K (69%)
7 ms. Memory: 120832K Free: 82884K (69%)
6 ms. Memory: 120832K Free: 82363K (68%)
/home/travis/build/icyphy/ptII/ptolemy/actor/lib/test/AddSubtract.tcl
27 ms. Memory: 120832K Free: 80322K (66%)
9 ms. Memory: 120832K Free: 79810K (66%)
13 ms. Memory: 120832K Free: 78788K (65%)
21 ms. Memory: 120832K Free: 77764K (64%)
74 ms. Memory: 120832K Free: 75202K (62%)
8 ms. Memory: 120832K Free: 74163K (61%)
/home/travis/build/icyphy/ptII/ptolemy/actor/lib/test/Average.tcl
10 ms. Memory: 120832K Free: 72644K (60%)
8 ms. Memory: 120832K Free: 71620K (59%)
/home/travis/build/icyphy/ptII/ptolemy/actor/lib/test/Bernoulli.tcl
13 ms. Memory: 120832K Free: 70067K (58%)
7 ms. Memory: 120832K Free: 69572K (58%)
/home/travis/build/icyphy/ptII/ptolemy/actor/lib/test/Clock.tcl
preinitializing
resolving types
initializing
executing number 1
wrapping up
idle
58 ms. Memory: 120832K Free: 67010K (55%)
Completed execution with 5 iterations
preinitializing
resolving types
initializing
executing number 1
wrapping up
idle
13 ms. Memory: 120832K Free: 65986K (55%)
Completed execution with 5 iterations
preinitializing
resolving types
initializing
executing number 1
wrapping up
idle
14 ms. Memory: 120832K Free: 65476K (54%)
Completed execution with 5 iterations
/home/travis/build/icyphy/ptII/ptolemy/actor/lib/test/Commutator.tcl
15 ms. Memory: 120832K Free: 63428K (52%)
22 ms. Memory: 120832K Free: 62404K (52%)
27 ms. Memory: 120832K Free: 56763K (47%)
/home/travis/build/icyphy/ptII/ptolemy/actor/lib/test/Const.tcl
6 ms. Memory: 120832K Free: 55236K (46%)
2 ms. Memory: 120832K Free: 54691K (45%)
3 ms. Memory: 120832K Free: 54212K (45%)
3 ms. Memory: 120832K Free: 53698K (44%)
3 ms. Memory: 120832K Free: 52674K (44%)
20 ms. Memory: 120832K Free: 51140K (42%)
11 ms. Memory: 120832K Free: 50116K (41%)
16 ms. Memory: 120832K Free: 49571K (41%)
/home/travis/build/icyphy/ptII/ptolemy/actor/lib/test/CurrentTime.tcl
preinitializing
resolving types
initializing
executing number 1
wrapping up
idle
20 ms. Memory: 120832K Free: 47554K (39%)
Completed execution with 11 iterations
/home/travis/build/icyphy/ptII/ptolemy/actor/lib/test/DB.tcl
37 ms. Memory: 120832K Free: 106934K (88%)
2 ms. Memory: 120832K Free: 106424K (88%)
4 ms. Memory: 120832K Free: 106422K (88%)
/home/travis/build/icyphy/ptII/ptolemy/actor/lib/test/DiscreteRandomSource.tcl
preinitializing
resolving types
initializing
executing number 1
wrapping up
idle
12 ms. Memory: 120832K Free: 104871K (87%)
Completed execution with 4 iterations
preinitializing
resolving types
initializing
executing number 1
wrapping up
idle
5 ms. Memory: 120832K Free: 104376K (86%)
Completed execution with 4 iterations
preinitializing
resolving types
initializing
executing number 1
wrapping up
idle
11 ms. Memory: 120832K Free: 103862K (86%)
Completed execution with 4 iterations
preinitializing
resolving types
initializing
executing number 1
wrapping up
idle
3 ms. Memory: 120832K Free: 103352K (86%)
Completed execution with 4 iterations
preinitializing
21 ms. Memory: 120832K Free: 106227K (88%)
/home/travis/build/icyphy/ptII/ptolemy/actor/lib/test/Distributor.tcl
5 ms. Memory: 120832K Free: 104744K (87%)
4 ms. Memory: 120832K Free: 103839K (86%)
StreamChangeRequest.changeExecuted(): <deleteEntity name="rec2"/> succeeded
StreamChangeRequest.changeExecuted(): <deleteRelation name="r2"/> succeeded
StreamChangeRequest.changeExecuted(): Record firings per iteration succeeded
6 ms. Memory: 120832K Free: 101488K (84%)
/home/travis/build/icyphy/ptII/ptolemy/actor/lib/test/Exit.tcl
Exit.tcl: this will print a message about Manager.exitAfterWrapup, which can be ignored.
9 ms. Memory: 120832K Free: 98229K (81%)
/home/travis/build/icyphy/ptII/ptolemy/actor/lib/test/Expression.tcl
23 ms. Memory: 120832K Free: 94955K (79%)
4 ms. Memory: 120832K Free: 94320K (78%)
3 ms. Memory: 120832K Free: 93591K (77%)
preinitializing
resolving types
initializing
executing number 1
wrapping up
idle
7 ms. Memory: 120832K Free: 92272K (76%)
Completed execution with 6 iterations
5 ms. Memory: 120832K Free: 91248K (76%)
4 ms. Memory: 120832K Free: 90519K (75%)
11 ms. Memory: 120832K Free: 89503K (74%)
8 ms. Memory: 120832K Free: 88176K (73%)
5 ms. Memory: 120832K Free: 105114K (87%)
/home/travis/build/icyphy/ptII/ptolemy/actor/lib/test/Gaussian.tcl
5 ms. Memory: 120832K Free: 103580K (86%)
sleeping 1 seconds: ...........................................................................................................................................................................................................................................................................................................................................................................................................................................................................................................................................................................................................................................................................................................................................................................................................................................................................................................................................................................................................................................................................................................................................................................................................................................................................................................................................................................................................................................................................................................................................................................................................................................................................................................................................................................................................................................................................................................................................................................................................................................................................................................................................................................................................................................................................................................................................................................................................................................................................................................................................................................................................................................................................................................................................................................................................................................................................................................................................................................................................................................................................................................................................................................................................................................................................................................................................................................................................................................................................................................................................................................................................................................................................................................................................................................................................................................................................................................................................................................................................................................................................................................................................................................................................................................................................................................................................................................................................................................................................................................................................................................................................................................................................................................................................................................................................................................................................................................................................................................................................................................................................................................................................................................................................................................................................................................................................................................................................................................................................................................................................................................................................................................................................................................................................................................................................................................................................................................................................................................................................................................................................................................................................................................................................................................................................................................................................................................................................................................................................................................................................................................................................................................................................................................................................................................................................................................................................................................................................................................................................................................................................................................................................................................................................................................................................................................................................................................................................................................................................................................................................................................................................................................................................................................................................................................................................................................................................................................................................................................................................................................................................................................................................................................................................................................................................................................................................................................................................................................................................................................................................................................................................................................................................................................................................................................................................................................................................................................................................................................................................................................................................................................................................................................................................................................................................................................................................................................................................................................................................................................................................................................................................................................................................................................................................................................................................................................................................................................................................................................................................................................................................................................................................................................................................................................................................................................................................................................................................................................................................................................................................................................................................................................................................................................................................................................................................................................................................................................................................................................................................................................................................................................................................................................................................................................................................................................................................................................................................................................................................................................................................................................................................................................................................................................................................................................................................................................................................................................................................................................................................................................................................................................................................................................................................................................................................................................................................................................................................................................................................................................................................................................................................................................................................................................................................................................................................................................................................................................................................................................................................................................................................................................................................................................................................................................................................................................................................................................................................................................................................................................................................................................................................................................................................................................................................................................................................................................................................................................................................................................................................................................................................................................................................................................................................................................................................................................................................................................................................................................................................................................................................................................................................................................................................................................................................................................................................................................................................................................................................................................................................................................................................................................................................................................................................................................................................................................................................................................................................................................................................................................................................................................................................................................................................................................................................................................................................................................................................................................................................................................................................................................................................................................................................................................................................................................................................................................................................................................................................................................................................................................................................................................................................................................................................................................................................................................................................................................................................................................................................................................................................................................................................................................................................................................................................................................................................................................................................................................................................................................................................................................................................................................................................................................................................................................................................................................................................................................................................................................................................................................................................................................................................................................................................................................................................................................................................................................................................................................................................................................................................................................................................................................................................................................................................................................................................................................................................................................................................................................................................................................................................................................................................................................................................................................................................................................................................................................................................................................................................................................................................................................................................................................................................................................................................................................................................................................................................................................................................................................................................................................................................................................................................................................................................................................................................................................................................................................................................................................................................................................................................................................................................................................................................................................................................................................................................................................................................................................................................................................................................................................................................................................................................................................................................................................................................................................................................................................................................................................................................................................................................................................................................................................................................................................................................................................................................................................................................................................................................................................................................................................................................................................................................................................................................................................................................................................................................................................................................................................................................................................................................................................................................................................................................................................................................................................................................................................................................................................................................................................................................................................................................................................................................................................................................................................................................................................................................................................................................................................................................................................................................................................................................................................................................................................................................................................................................................................................................................................................................................................................................................................................................................................................................................................................................................................................................................................................................................................................................................................................................................................................................................................................................................................................................................................................................................................................................................................................................................................................................................................................................................................................................................................................................................................................................................................................................................................................................................................................................................................................................................................................................................................................................................................................................................................................................................................................................................................................................................................................................................................................................................................................................................................................................................................................................................................................................................................................................................................................................................................................................................................................................................................................................................................................................................................................................................................................................................................................................................................................................................................................................................................................................................................................................................................................................................................................................................................................................................................................................................................................................................................................................................................................................................................................................................................................................................................................................................................................................................................................................................................................................................................................................................................................................................................................................................................................................................................................................................................................................................................................................................................................................................................................................................................................................................................................................................................................................................................................................................................................................................................................................................................................................................................................................................................................................................................................................................................................................................................................................................................................................................................................................................................................................................................................................................................................................................................................................................................................................................................................................................................................................................................................................................................................................................................................................................................................................................................................................................................................................................................................................................................................................................................................................................................................................................................................................................................................................................................................................................................................................................................................................................................................................................................................................................................................................................................................................................................................................................................................................................................................................................................................................................................................................................................................................................................................................................................................................................................................................................................................................................................................................................................................................................................................................................................................................................................................................................................................................................................................................................................................................................................................................................................................................................................................................................................................................................................................................................................................................................................................................................................................................................................................................................................................................................................................................................................................................................................................................................................................................................................................................................................................................................................................................................................................................................................................................................................................................................................................................................................................................................................................................................................................................................................................................................................................................................................................................................................................................................................................................................................................................................................................................................................................................................................................................................................................................................................................................................................................................................................................................................................................................................................................................................................................................................................................................................................................................................................................................................................................................................................................................................................................................................................................................................................................................................................................................................................................................................................................................................................................................................................................................................................................................................................................................................................................................................................................................................................................................................................................................................................................................................................................................................................................................................................................................................................................................................................................................................................................................................................................................................................................................................................................................................................................................................................................................................................................................................................................................................................................................................................................................................................................................................................................................................................................................................................................................................................................................................................................................................................................................................................................................................................................................................................................................................................................................................................................................................................................................................................................................................................................................................................................................................................................................................................................................................................................................................................................................................................................................................................................................................................................................................................................................................................................................................................................................................................................................................................................................................................................................................................................................................................................................................................................................................................................................................................................................................................................................................................................................................................................................................................................................................................................................................................................................................................................................................................................................................................................................................................................................................................................................................................................................................................................................................................................................................................................................................................................................................................................................................................................................................................................................................................................................................................................................................................................................................................................................................................................................................................................................................................................................................................................................................................................................................................................................................................................................................................................................................................................................................................................................................................................................................................................................................................................................................................................................................................................................................................................................................................................................................................................................................................................................................................................................................................................................................................................................................................................................................................................................................................................................................................................................................................................................................................................................................................................................................................................................................................................................................................................................................................................................................................................................................................................................................................................................................................................................................................................................................................................................................................................................................................................................................................................................................................................................................................................................................................................................................................................................................................................................................................................................................................................................................................................................................................................................................................................................................................................................................4 ms. Memory: 120832K Free: 52765K (44%)
3 ms. Memory: 120832K Free: 52269K (43%)
4 ms. Memory: 120832K Free: 51717K (43%)
10 ms. Memory: 120832K Free: 105893K (88%)
7 ms. Memory: 120832K Free: 105502K (87%)
/home/travis/build/icyphy/ptII/ptolemy/actor/lib/test/IIR.tcl
/home/travis/build/icyphy/ptII/ptolemy/actor/lib/test/Interpolator.tcl
4 ms. Memory: 120832K Free: 101916K (84%)
2 ms. Memory: 120832K Free: 100878K (83%)
2 ms. Memory: 120832K Free: 100382K (83%)
2 ms. Memory: 120832K Free: 99854K (83%)
4 ms. Memory: 120832K Free: 99358K (82%)
3 ms. Memory: 120832K Free: 98334K (81%)
3 ms. Memory: 120832K Free: 97310K (81%)
3 ms. Memory: 120832K Free: 96286K (80%)
3 ms. Memory: 120832K Free: 95758K (79%)
3 ms. Memory: 120832K Free: 94734K (78%)
/home/travis/build/icyphy/ptII/ptolemy/actor/lib/test/MathFunction.tcl
6 ms. Memory: 120832K Free: 92670K (77%)
10 ms. Memory: 120832K Free: 91662K (76%)
3 ms. Memory: 120832K Free: 90646K (75%)
16 ms. Memory: 120832K Free: 89614K (74%)
8 ms. Memory: 120832K Free: 88604K (73%)
8 ms. Memory: 120832K Free: 86526K (72%)
/home/travis/build/icyphy/ptII/ptolemy/actor/lib/test/Maximum.tcl
5 ms. Memory: 120832K Free: 84494K (70%)
2 ms. Memory: 120832K Free: 83998K (70%)
2 ms. Memory: 120832K Free: 83484K (69%)
3 ms. Memory: 120832K Free: 82446K (68%)
/home/travis/build/icyphy/ptII/ptolemy/actor/lib/test/Minimum.tcl
4 ms. Memory: 120832K Free: 80926K (67%)
3 ms. Memory: 120832K Free: 80382K (67%)
3 ms. Memory: 120832K Free: 79358K (66%)
3 ms. Memory: 120832K Free: 78878K (65%)
/home/travis/build/icyphy/ptII/ptolemy/actor/lib/test/MultiplyDivide.tcl
6 ms. Memory: 120832K Free: 76830K (64%)
4 ms. Memory: 120832K Free: 76302K (63%)
3 ms. Memory: 120832K Free: 75292K (62%)
8 ms. Memory: 120832K Free: 74782K (62%)
3 ms. Memory: 120832K Free: 74254K (61%)
/home/travis/build/icyphy/ptII/ptolemy/actor/lib/test/OrderedMerge.tcl
Connections changed on port: inputA
Connections changed on port: inputB
Connections changed on port: output
Connections changed on port: output
Connections changed on port: output
Connections changed on port: input
.top. Preinitializing ...
Invoking preinitialize():  .top.OrderedMerge
Called preinitialize()
Invoking preinitialize():  .top.Ramp
Called preinitialize()
Invoking preinitialize():  .top.Ramp2
Called preinitialize()
Invoking preinitialize():  .top.Test
Called preinitialize()
Connections changed on port: inputA
Connections changed on port: output
Connections changed on port: output
Connections changed on port: input
Connections changed on port: inputB
Connections changed on port: output
.top. Finished preinitialize().
Called initialize().
Invoking initialize():  .top.OrderedMerge
Initializing actor: .top.OrderedMerge
Adding a thread: .top.OrderedMerge
Invoking initialize():  .top.Ramp
Initializing actor: .top.Ramp
Adding a thread: .top.Ramp
Invoking initialize():  .top.Ramp2
Initializing actor: .top.Ramp2
Adding a thread: .top.Ramp2
Invoking initialize():  .top.Test
Initializing actor: .top.Test
Adding a thread: .top.Test
Called fire().
Checking for deadlock:
-- Starting thread.
Called initialize()
Called prefire()
Called fire()
-- Starting thread.
Called initialize()
-- Starting thread.
Called initialize()
-- Starting thread.
Called initialize()
Called prefire()
Called fire()
Called prefire()
Called fire()
Called prefire()
Called fire()
There are 0 Blocked actors, 0 Stopped actors, and 4 active threads.
Waiting for actors to stop.
Called postfire()
Called prefire()
Called fire()
Called postfire()
Called prefire()
Called fire()
Called postfire()
Called prefire()
Called fire()
Read input token from inputA with value 0.0
Next port to read input from is inputB
Called postfire()
Called prefire()
Called fire()
Read input token from inputB with value 0.0
Sent output token with value 0.0
Next port to read input from is inputA
Called postfire()
Called prefire()
Called fire()
Read input token from inputA with value 1.0
Checking for deadlock:
There are 1 Blocked actors, 0 Stopped actors, and 4 active threads.
Waiting for actors to stop.
Called postfire()
Called prefire()
Called fire()
Called postfire()
Called prefire()
Called fire()
-- Read input: 0.0, which is expected to match: 0.0
Called prefire()
Called fire()
Checking for deadlock:
There are 3 Blocked actors, 0 Stopped actors, and 4 active threads.
Waiting for actors to stop.
-- Read input: 0.0, which is expected to match: 0.0
Called prefire()
Called fire()
Sent output token with value 0.0
Next port to read input from is inputB
Called postfire()
Called prefire()
Called fire()
Read input token from inputB with value 1.5
Sent output token with value 1.0
Next port to read input from is inputA
Called postfire()
Called prefire()
Called fire()
Read input token from inputA with value 2.0
Checking for deadlock:
There are 1 Blocked actors, 0 Stopped actors, and 4 active threads.
Waiting for actors to stop.
Called postfire()
Called prefire()
Called fire()
Called postfire()
Called prefire()
Called fire()
-- Read input: 1.0, which is expected to match: 1.0
Called prefire()
Called fire()
Checking for deadlock:
There are 3 Blocked actors, 0 Stopped actors, and 4 active threads.
Waiting for actors to stop.
-- Read input: 1.5, which is expected to match: 1.5
Called prefire()
Called fire()
Checking for deadlock:
There are 3 Blocked actors, 0 Stopped actors, and 4 active threads.
Waiting for actors to stop.
Sent output token with value 1.5
Next port to read input from is inputB
Called postfire()
Called prefire()
Called fire()
Checking for deadlock:
There are 2 Blocked actors, 0 Stopped actors, and 4 active threads.
Waiting for actors to stop.
Called postfire()
Called prefire()
Called fire()
Checking for deadlock:
There are 3 Blocked actors, 0 Stopped actors, and 4 active threads.
Waiting for actors to stop.
Read input token from inputB with value 3.0
Checking for deadlock:
There are 2 Blocked actors, 0 Stopped actors, and 4 active threads.
Waiting for actors to stop.
-- Read input: 2.0, which is expected to match: 2.0
Called prefire()
Called fire()
Checking for deadlock:
There are 3 Blocked actors, 0 Stopped actors, and 4 active threads.
Waiting for actors to stop.
Sent output token with value 2.0
Next port to read input from is inputA
Called postfire()
Called prefire()
Called fire()
Called postfire()
Called prefire()
Called fire()
Checking for deadlock:
There are 3 Blocked actors, 0 Stopped actors, and 4 active threads.
Waiting for actors to stop.
Read input token from inputA with value 3.0
-- Read input: 3.0, which is expected to match: 3.0
Called prefire()
Called fire()
Checking for deadlock:
There are 3 Blocked actors, 0 Stopped actors, and 4 active threads.
Waiting for actors to stop.
Sent output token with value 3.0
Next port to read input from is inputB
Called postfire()
Called prefire()
Called fire()
Checking for deadlock:
There are 2 Blocked actors, 0 Stopped actors, and 4 active threads.
Waiting for actors to stop.
Called postfire()
Called prefire()
Called fire()
Checking for deadlock:
There are 3 Blocked actors, 0 Stopped actors, and 4 active threads.
Waiting for actors to stop.
Read input token from inputB with value 4.5
Checking for deadlock:
There are 2 Blocked actors, 0 Stopped actors, and 4 active threads.
Waiting for actors to stop.
-- Read input: 3.0, which is expected to match: 3.0
Called prefire()
Called fire()
Checking for deadlock:
There are 3 Blocked actors, 0 Stopped actors, and 4 active threads.
Waiting for actors to stop.
Sent output token with value 3.0
Next port to read input from is inputA
Called postfire()
Called prefire()
Called fire()
Called postfire()
Called prefire()
Called fire()
Checking for deadlock:
There are 3 Blocked actors, 0 Stopped actors, and 4 active threads.
Waiting for actors to stop.
Read input token from inputA with value 4.0
-- Read input: 4.0, which is expected to match: 4.0
Called prefire()
Called fire()
Past the end of training data. Read and discard all inputs.
Checking for deadlock:
There are 3 Blocked actors, 0 Stopped actors, and 4 active threads.
Waiting for actors to stop.
Sent output token with value 4.0
Next port to read input from is inputA
Called postfire()
Called prefire()
Called fire()
Called postfire()
Called prefire()
Called fire()
Checking for deadlock:
There are 3 Blocked actors, 0 Stopped actors, and 4 active threads.
Waiting for actors to stop.
Read input token from inputA with value 5.0
Called prefire()
Called fire()
Past the end of training data. Read and discard all inputs.
Checking for deadlock:
There are 3 Blocked actors, 0 Stopped actors, and 4 active threads.
Waiting for actors to stop.
Sent output token with value 4.5
Next port to read input from is inputB
Called postfire()
Called prefire()
Called fire()
Checking for deadlock:
There are 2 Blocked actors, 0 Stopped actors, and 4 active threads.
Waiting for actors to stop.
Called postfire()
Called prefire()
Called fire()
Checking for deadlock:
There are 3 Blocked actors, 0 Stopped actors, and 4 active threads.
Waiting for actors to stop.
Read input token from inputB with value 6.0
Checking for deadlock:
There are 2 Blocked actors, 0 Stopped actors, and 4 active threads.
Waiting for actors to stop.
Called prefire()
Called fire()
Past the end of training data. Read and discard all inputs.
Checking for deadlock:
There are 3 Blocked actors, 0 Stopped actors, and 4 active threads.
Waiting for actors to stop.
Sent output token with value 5.0
Next port to read input from is inputA
Called postfire()
Called prefire()
Called fire()
Called postfire()
Called prefire()
Called fire()
Checking for deadlock:
There are 3 Blocked actors, 0 Stopped actors, and 4 active threads.
Waiting for actors to stop.
Read input token from inputA with value 6.0
Called prefire()
Called fire()
Past the end of training data. Read and discard all inputs.
Checking for deadlock:
There are 3 Blocked actors, 0 Stopped actors, and 4 active threads.
Waiting for actors to stop.
Sent output token with value 6.0
Next port to read input from is inputB
Called postfire()
Called prefire()
Called fire()
Checking for deadlock:
There are 2 Blocked actors, 0 Stopped actors, and 4 active threads.
Waiting for actors to stop.
Called postfire()
Called prefire()
Called fire()
Checking for deadlock:
There are 3 Blocked actors, 0 Stopped actors, and 4 active threads.
Waiting for actors to stop.
Read input token from inputB with value 7.5
Checking for deadlock:
There are 2 Blocked actors, 0 Stopped actors, and 4 active threads.
Waiting for actors to stop.
Called prefire()
Called fire()
Past the end of training data. Read and discard all inputs.
Checking for deadlock:
There are 3 Blocked actors, 0 Stopped actors, and 4 active threads.
Waiting for actors to stop.
Sent output token with value 6.0
Next port to read input from is inputA
Called postfire()
Called prefire()
Called fire()
Called postfire()
Called prefire()
Called fire()
Checking for deadlock:
There are 3 Blocked actors, 0 Stopped actors, and 4 active threads.
Waiting for actors to stop.
Read input token from inputA with value 7.0
Called prefire()
Called fire()
Past the end of training data. Read and discard all inputs.
Checking for deadlock:
There are 3 Blocked actors, 0 Stopped actors, and 4 active threads.
Waiting for actors to stop.
Sent output token with value 7.0
Next port to read input from is inputA
Called postfire()
Called prefire()
Called fire()
-- Thread wrapup() called.
Called wrapup()
Thread .top.Ramp is exiting.
-- Thread stopped.
Checking for deadlock:
There are 2 Blocked actors, 0 Stopped actors, and 3 active threads.
Waiting for actors to stop.
Read input token from inputA with value 8.0
Checking for deadlock:
There are 1 Blocked actors, 0 Stopped actors, and 3 active threads.
Waiting for actors to stop.
Called prefire()
Called fire()
Past the end of training data. Read and discard all inputs.
Checking for deadlock:
There are 2 Blocked actors, 0 Stopped actors, and 3 active threads.
Waiting for actors to stop.
Sent output token with value 7.5
Next port to read input from is inputB
Called postfire()
Called prefire()
Called fire()
Checking for deadlock:
There are 1 Blocked actors, 0 Stopped actors, and 3 active threads.
Waiting for actors to stop.
Called postfire()
Called prefire()
Called fire()
Checking for deadlock:
There are 2 Blocked actors, 0 Stopped actors, and 3 active threads.
Waiting for actors to stop.
Read input token from inputB with value 9.0
Checking for deadlock:
There are 1 Blocked actors, 0 Stopped actors, and 3 active threads.
Waiting for actors to stop.
Called prefire()
Called fire()
Past the end of training data. Read and discard all inputs.
Checking for deadlock:
There are 2 Blocked actors, 0 Stopped actors, and 3 active threads.
Waiting for actors to stop.
Sent output token with value 8.0
Next port to read input from is inputA
Called postfire()
Called prefire()
Called fire()
Read input token from inputA with value 9.0
Called prefire()
Called fire()
Past the end of training data. Read and discard all inputs.
Checking for deadlock:
There are 2 Blocked actors, 0 Stopped actors, and 3 active threads.
Waiting for actors to stop.
Sent output token with value 9.0
Next port to read input from is inputB
Called postfire()
Called prefire()
Called fire()
Called postfire()
Called prefire()
Called fire()
Checking for deadlock:
There are 2 Blocked actors, 0 Stopped actors, and 3 active threads.
Waiting for actors to stop.
Read input token from inputB with value 10.5
Called prefire()
Called fire()
Past the end of training data. Read and discard all inputs.
Checking for deadlock:
There are 2 Blocked actors, 0 Stopped actors, and 3 active threads.
Waiting for actors to stop.
Sent output token with value 9.0
Next port to read input from is inputA
Called postfire()
Called prefire()
Called fire()
Checking for deadlock:
There are 3 Blocked actors, 0 Stopped actors, and 3 active threads.
Actors have stopped.
Checking for deadlock:
There are 3 Blocked actors, 0 Stopped actors, and 3 active threads.
Deadlock detected.
Resolving Deadlock
Checking for deadlock:
There are 3 Blocked actors, 0 Stopped actors, and 3 active threads.
Artificial Deadlock - increasing queue capacity.
increasing the capacity of receiver ptolemy.actor.TypedIOPort {.top.OrderedMerge.inputB} to 2
Director: Called postfire().
Called postfire().
_stopRequested = false
_stopFireRequested = false
Returning from postfire(): true
-- Thread wrapup() called.
Called wrapup()
Thread .top.Ramp2 is exiting.
-- Thread stopped.
Called fire().
Checking for deadlock:
There are 2 Blocked actors, 0 Stopped actors, and 2 active threads.
Actors have stopped.
Checking for deadlock:
There are 2 Blocked actors, 0 Stopped actors, and 2 active threads.
Deadlock detected.
Resolving Deadlock
Checking for deadlock:
There are 2 Blocked actors, 0 Stopped actors, and 2 active threads.
Deadlock detected: no processes blocked on write, but some are blocked on read.
Called postfire().
_stopRequested = false
_stopFireRequested = false
Returning from postfire(): false
Finished deactivating branches.
Called wrapup().
-- Thread wrapup() called.
Called wrapup()
Thread .top.Test is exiting.
-- Thread stopped.
-- Blocked Receiver call threw TerminateProcessException.
-- Thread wrapup() called.
Called wrapup()
Thread .top.OrderedMerge is exiting.
-- Thread stopped.
-- Blocked Receiver call threw TerminateProcessException.
108 ms. Memory: 120832K Free: 69148K (57%)
.top. Preinitializing ...
Invoking preinitialize():  .top.OrderedMerge
Called preinitialize()
Invoking preinitialize():  .top.Ramp
Called preinitialize()
Invoking preinitialize():  .top.Ramp2
Called preinitialize()
Invoking preinitialize():  .top.Test
Called preinitialize()
.top. Finished preinitialize().
Called initialize().
Invoking initialize():  .top.OrderedMerge
Initializing actor: .top.OrderedMerge
Adding a thread: .top.OrderedMerge
Invoking initialize():  .top.Ramp
Initializing actor: .top.Ramp
Adding a thread: .top.Ramp
Invoking initialize():  .top.Ramp2
Initializing actor: .top.Ramp2
Adding a thread: .top.Ramp2
Invoking initialize():  .top.Test
Initializing actor: .top.Test
Adding a thread: .top.Test
-- Starting thread.
Called initialize()
Called prefire()
Called fire()
-- Starting thread.
Called initialize()
Called prefire()
Called fire()
Called postfire()
Called prefire()
Called fire()
-- Starting thread.
Called initialize()
Called prefire()
Called fire()
Called postfire()
Called prefire()
Called fire()
Called fire().
Checking for deadlock:
-- Starting thread.
There are 3 Blocked actors, 0 Stopped actors, and 4 active threads.
Waiting for actors to stop.
Called initialize()
Called prefire()
Called fire()
Called postfire()
Called prefire()
Checking for deadlock:
Called fire()
There are 2 Blocked actors, 0 Stopped actors, and 4 active threads.
Waiting for actors to stop.
Checking for deadlock:
There are 3 Blocked actors, 0 Stopped actors, and 4 active threads.
Waiting for actors to stop.
Read input token from inputA with value 0.0
Next port to read input from is inputB
Called postfire()
Called prefire()
Called fire()
Called postfire()
Called prefire()
Called fire()
Read input token from inputB with value 0.0
Sent output token with value 0.0
Next port to read input from is inputA
Called postfire()
Called prefire()
Called fire()
Read input token from inputA with value 1.0
Checking for deadlock:
There are 2 Blocked actors, 0 Stopped actors, and 4 active threads.
Waiting for actors to stop.
-- Read input: 0.0, which is expected to match: 0.0
Called prefire()
Called fire()
Checking for deadlock:
There are 2 Blocked actors, 0 Stopped actors, and 4 active threads.
Waiting for actors to stop.
Sent output token with value 0.0
Next port to read input from is inputB
Called postfire()
Called prefire()
Called fire()
Read input token from inputB with value 1.5
Checking for deadlock:
Called postfire()
There are 1 Blocked actors, 0 Stopped actors, and 4 active threads.
Waiting for actors to stop.
Called prefire()
Called fire()
Called postfire()
Called prefire()
Called fire()
-- Read input: 0.0, which is expected to match: 0.0
Called prefire()
Called fire()
Checking for deadlock:
There are 3 Blocked actors, 0 Stopped actors, and 4 active threads.
Waiting for actors to stop.
Sent output token with value 1.0
Next port to read input from is inputA
Called postfire()
Called prefire()
Called fire()
Read input token from inputA with value 2.0
Called postfire()
Called prefire()
Called fire()
Checking for deadlock:
There are 3 Blocked actors, 0 Stopped actors, and 4 active threads.
Waiting for actors to stop.
-- Read input: 1.0, which is expected to match: 1.0
Called prefire()
Called fire()
Checking for deadlock:
There are 3 Blocked actors, 0 Stopped actors, and 4 active threads.
Waiting for actors to stop.
Sent output token with value 1.5
Next port to read input from is inputB
Called postfire()
Called prefire()
Called fire()
Read input token from inputB with value 3.0
Called postfire()
Called prefire()
Called fire()
Checking for deadlock:
There are 3 Blocked actors, 0 Stopped actors, and 4 active threads.
Waiting for actors to stop.
-- Read input: 1.5, which is expected to match: 1.5
Called prefire()
Called fire()
Checking for deadlock:
There are 3 Blocked actors, 0 Stopped actors, and 4 active threads.
Waiting for actors to stop.
Sent output token with value 2.0
Next port to read input from is inputA
Called postfire()
Called prefire()
Called fire()
Read input token from inputA with value 3.0
-- Read input: 2.0, which is expected to match: 2.0
Called prefire()
Called fire()
Checking for deadlock:
There are 2 Blocked actors, 0 Stopped actors, and 4 active threads.
Waiting for actors to stop.
Called postfire()
Called prefire()
Called fire()
Checking for deadlock:
There are 3 Blocked actors, 0 Stopped actors, and 4 active threads.
Waiting for actors to stop.
Sent output token with value 3.0
Next port to read input from is inputB
Called postfire()
Called prefire()
Called fire()
Read input token from inputB with value 4.5
Checking for deadlock:
There are 1 Blocked actors, 0 Stopped actors, and 4 active threads.
Waiting for actors to stop.
-- Read input: 3.0, which is expected to match: 3.0
Called prefire()
Called fire()
Checking for deadlock:
There are 2 Blocked actors, 0 Stopped actors, and 4 active threads.
Waiting for actors to stop.
Sent output token with value 3.0
Next port to read input from is inputA
Called postfire()
Called prefire()
Called fire()
Read input token from inputA with value 4.0
Called postfire()
Called prefire()
Called fire()
Checking for deadlock:
There are 2 Blocked actors, 0 Stopped actors, and 4 active threads.
Waiting for actors to stop.
-- Read input: 3.0, which is expected to match: 3.0
Called prefire()
Called fire()
Called postfire()
Called prefire()
Called fire()
Sent output token with value 4.0
Next port to read input from is inputA
Called postfire()
Called prefire()
Called fire()
Read input token from inputA with value 5.0
Checking for deadlock:
There are 1 Blocked actors, 0 Stopped actors, and 4 active threads.
Waiting for actors to stop.
-- Read input: 4.0, which is expected to match: 4.0
Called prefire()
Called fire()
Past the end of training data. Read and discard all inputs.
Checking for deadlock:
There are 2 Blocked actors, 0 Stopped actors, and 4 active threads.
Waiting for actors to stop.
Sent output token with value 4.5
Next port to read input from is inputB
Called postfire()
Called prefire()
Called fire()
Read input token from inputB with value 6.0
Checking for deadlock:
There are 1 Blocked actors, 0 Stopped actors, and 4 active threads.
Waiting for actors to stop.
Called prefire()
Called fire()
Past the end of training data. Read and discard all inputs.
Checking for deadlock:
Called postfire()
There are 1 Blocked actors, 0 Stopped actors, and 4 active threads.
Waiting for actors to stop.
Called prefire()
Called fire()
Sent output token with value 5.0
Next port to read input from is inputA
Called postfire()
Called prefire()
Called fire()
Called postfire()
Called prefire()
Called fire()
Read input token from inputA with value 6.0
Checking for deadlock:
There are 2 Blocked actors, 0 Stopped actors, and 4 active threads.
Waiting for actors to stop.
Called prefire()
Called fire()
Past the end of training data. Read and discard all inputs.
Checking for deadlock:
There are 2 Blocked actors, 0 Stopped actors, and 4 active threads.
Waiting for actors to stop.
Sent output token with value 6.0
Next port to read input from is inputB
Called postfire()
Called prefire()
Called fire()
Read input token from inputB with value 7.5
Checking for deadlock:
Called postfire()
Called prefire()
There are 1 Blocked actors, 0 Stopped actors, and 4 active threads.
Called fire()
Waiting for actors to stop.
Called postfire()
Called prefire()
Called fire()
Called prefire()
Called fire()
Past the end of training data. Read and discard all inputs.
Checking for deadlock:
There are 3 Blocked actors, 0 Stopped actors, and 4 active threads.
Waiting for actors to stop.
Sent output token with value 6.0
Next port to read input from is inputA
Called postfire()
Called prefire()
Called fire()
Read input token from inputA with value 7.0
Called postfire()
Called prefire()
Called fire()
Checking for deadlock:
There are 3 Blocked actors, 0 Stopped actors, and 4 active threads.
Waiting for actors to stop.
Called prefire()
Called fire()
Past the end of training data. Read and discard all inputs.
Sent output token with value 7.0
Next port to read input from is inputA
Called postfire()
Called prefire()
Called fire()
Read input token from inputA with value 8.0
Checking for deadlock:
Called prefire()
There are 1 Blocked actors, 0 Stopped actors, and 4 active threads.
Called fire()
Waiting for actors to stop.
Past the end of training data. Read and discard all inputs.
Checking for deadlock:
There are 2 Blocked actors, 0 Stopped actors, and 4 active threads.
Waiting for actors to stop.
Sent output token with value 7.5
Next port to read input from is inputB
Called postfire()
Called prefire()
Called fire()
Read input token from inputB with value 9.0
Checking for deadlock:
-- Thread wrapup() called.
Called wrapup()
There are 1 Blocked actors, 0 Stopped actors, and 4 active threads.
Waiting for actors to stop.
Called postfire()
Called prefire()
Called fire()
Checking for deadlock:
Called prefire()
Called fire()
There are 1 Blocked actors, 0 Stopped actors, and 4 active threads.
Waiting for actors to stop.
Past the end of training data. Read and discard all inputs.
Sent output token with value 8.0
Next port to read input from is inputA
Called postfire()
Called prefire()
Called fire()
Read input token from inputA with value 9.0
Thread .top.Ramp is exiting.
-- Thread stopped.
Called prefire()
Called fire()
Checking for deadlock:
Past the end of training data. Read and discard all inputs.
There are 1 Blocked actors, 0 Stopped actors, and 3 active threads.
Waiting for actors to stop.
Sent output token with value 9.0
Next port to read input from is inputB
Called postfire()
Called prefire()
Called fire()
Read input token from inputB with value 10.5
Checking for deadlock:
There are 1 Blocked actors, 0 Stopped actors, and 3 active threads.
Waiting for actors to stop.
Called postfire()
Called prefire()
Called fire()
Checking for deadlock:
Called prefire()
Called fire()
Past the end of training data. Read and discard all inputs.
There are 1 Blocked actors, 0 Stopped actors, and 3 active threads.
Waiting for actors to stop.
Sent output token with value 9.0
Next port to read input from is inputA
Called postfire()
Called prefire()
Called fire()
Called prefire()
Called fire()
Past the end of training data. Read and discard all inputs.
Checking for deadlock:
There are 3 Blocked actors, 0 Stopped actors, and 3 active threads.
Actors have stopped.
Checking for deadlock:
There are 3 Blocked actors, 0 Stopped actors, and 3 active threads.
Deadlock detected.
Resolving Deadlock
Checking for deadlock:
There are 3 Blocked actors, 0 Stopped actors, and 3 active threads.
Artificial Deadlock - increasing queue capacity.
increasing the capacity of receiver ptolemy.actor.TypedIOPort {.top.OrderedMerge.inputB} to 2
Director: Called postfire().
Called postfire().
_stopRequested = false
_stopFireRequested = false
Returning from postfire(): true
-- Thread wrapup() called.
Called fire().
Called wrapup()
Checking for deadlock:
There are 2 Blocked actors, 0 Stopped actors, and 3 active threads.
Waiting for actors to stop.
Thread .top.Ramp2 is exiting.
Checking for deadlock:
-- Thread stopped.
There are 2 Blocked actors, 0 Stopped actors, and 2 active threads.
Actors have stopped.
Checking for deadlock:
There are 2 Blocked actors, 0 Stopped actors, and 2 active threads.
Deadlock detected.
Resolving Deadlock
Checking for deadlock:
There are 2 Blocked actors, 0 Stopped actors, and 2 active threads.
Deadlock detected: no processes blocked on write, but some are blocked on read.
Called postfire().
_stopRequested = false
_stopFireRequested = false
Returning from postfire(): false
Finished deactivating branches.
Called wrapup().
-- Thread wrapup() called.
Called wrapup()
Thread .top.OrderedMerge is exiting.
-- Thread stopped.
-- Blocked Receiver call threw TerminateProcessException.
-- Thread wrapup() called.
Called wrapup()
Thread .top.Test is exiting.
-- Thread stopped.
-- Blocked Receiver call threw TerminateProcessException.
54 ms. Memory: 120832K Free: 66590K (55%)
/home/travis/build/icyphy/ptII/ptolemy/actor/lib/test/Publisher.tcl
14 ms. Memory: 120832K Free: 60446K (50%)
5 ms. Memory: 120832K Free: 55326K (46%)
3 ms. Memory: 120832K Free: 51230K (42%)
4 ms. Memory: 120832K Free: 50702K (42%)
3 ms. Memory: 120832K Free: 49662K (41%)
4 ms. Memory: 120832K Free: 48654K (40%)
3 ms. Memory: 120832K Free: 48158K (40%)
18 ms. Memory: 145408K Free: 128870K (89%)
45 ms. Memory: 145408K Free: 128651K (88%)
12 ms. Memory: 145408K Free: 125035K (86%)
3 ms. Memory: 145408K Free: 124041K (85%)
4 ms. Memory: 145408K Free: 121987K (84%)
9 ms. Memory: 145408K Free: 114315K (79%)
20 ms. Memory: 145408K Free: 104585K (72%)
20 ms. Memory: 145408K Free: 93835K (65%)
/home/travis/build/icyphy/ptII/ptolemy/actor/lib/test/Pulse.tcl
2 ms. Memory: 145408K Free: 125550K (86%)
2 ms. Memory: 145408K Free: 125006K (86%)
2 ms. Memory: 145408K Free: 124526K (86%)
2 ms. Memory: 145408K Free: 123998K (85%)
2 ms. Memory: 145408K Free: 123502K (85%)
7 ms. Memory: 145408K Free: 122478K (84%)
3 ms. Memory: 145408K Free: 121454K (84%)
3 ms. Memory: 145408K Free: 120430K (83%)
2 ms. Memory: 145408K Free: 119902K (82%)
/home/travis/build/icyphy/ptII/ptolemy/actor/lib/test/Ramp.tcl
4 ms. Memory: 145408K Free: 117862K (81%)
2 ms. Memory: 145408K Free: 117358K (81%)
2 ms. Memory: 145408K Free: 116334K (80%)
2 ms. Memory: 145408K Free: 115814K (80%)
5 ms. Memory: 145408K Free: 114790K (79%)
6 ms. Memory: 145408K Free: 113772K (78%)
6 ms. Memory: 145408K Free: 113262K (78%)
5 actors
5000 microseconds per iteration to create
7 ms. Memory: 145408K Free: 110190K (76%)
2 ms. Memory: 145408K Free: 109676K (75%)
3 ms. Memory: 145408K Free: 109166K (75%)
2 ms. Memory: 145408K Free: 108646K (75%)
50 actors
59000 microseconds per iteration to create
61 ms. Memory: 145408K Free: 92268K (63%)
15 ms. Memory: 145408K Free: 91230K (63%)
13 ms. Memory: 145408K Free: 90206K (62%)
18 ms. Memory: 145408K Free: 89182K (61%)
500 actors
2091000 microseconds per iteration to create
330 ms. Memory: 175104K Free: 103733K (59%)
39 ms. Memory: 175104K Free: 98613K (56%)
64 ms. Memory: 175104K Free: 93493K (53%)
50 ms. Memory: 175104K Free: 87859K (50%)
/home/travis/build/icyphy/ptII/ptolemy/actor/lib/test/RampContinuous.tcl
8 ms. Memory: 175104K Free: 86829K (50%)
/home/travis/build/icyphy/ptII/ptolemy/actor/lib/test/RecordAssembler.tcl
5 ms. Memory: 175104K Free: 85301K (49%)
4 ms. Memory: 175104K Free: 84277K (48%)
/home/travis/build/icyphy/ptII/ptolemy/actor/lib/test/RecordDisassembler.tcl
7 ms. Memory: 175104K Free: 82229K (47%)
3 ms. Memory: 175104K Free: 81701K (47%)
4 ms. Memory: 175104K Free: 80181K (46%)
/home/travis/build/icyphy/ptII/ptolemy/actor/lib/test/Scale.tcl
4 ms. Memory: 175104K Free: 78629K (45%)
1 ms. Memory: 175104K Free: 77605K (44%)
2 ms. Memory: 175104K Free: 77109K (44%)
3 ms. Memory: 175104K Free: 76085K (43%)
3 ms. Memory: 175104K Free: 75571K (43%)
/home/travis/build/icyphy/ptII/ptolemy/actor/lib/test/SequentialClock.tcl
preinitializing
resolving types
initializing
executing number 1
wrapping up
idle
5 ms. Memory: 175104K Free: 74037K (42%)
Completed execution with 5 iterations
preinitializing
resolving types
initializing
executing number 1
wrapping up
idle
3 ms. Memory: 175104K Free: 73493K (42%)
Completed execution with 5 iterations
preinitializing
resolving types
initializing
executing number 1
wrapping up
idle
1 ms. Memory: 175104K Free: 73013K (42%)
Completed execution with 5 iterations
/home/travis/build/icyphy/ptII/ptolemy/actor/lib/test/SetVariable.tcl
6 ms. Memory: 175104K Free: 70965K (41%)


==== $PTII/ptolemy/actor/lib/test/SetVariable.tcl: SetVariable-3.1 changeFailed
==== Contents of test case:

    #Uses 2.1 above
    jdkCaptureErr {
        # This test was failing if we ran Exit.tcl and then this test.
        # MessageHandler.error() now actually throws the Exception.
	catch {$setVariable changeFailed [java::null]  [java::new Exception {Test exception for SetVariable.changeFailed()}]} errMsg
    } results
    list [string range $results 0 89] "\n" $errMsg

==== Result was:
{java.lang.Exception: Test exception for SetVariable.changeFailed()
	at java.base/jdk.inter} {
} {java.lang.RuntimeException: java.lang.Exception: Test exception for SetVariable.changeFailed()}
---- Result should have been:
{Failed to set variable.
java.lang.Exception: Test exception for SetVariable.changeFailed()} {
} {java.lang.RuntimeException: java.lang.Exception: Test exception for SetVariable.changeFailed()}
---- SetVariable-3.1 FAILED
/home/travis/build/icyphy/ptII/ptolemy/actor/lib/test/Sinewave.tcl
/home/travis/build/icyphy/ptII/ptolemy/actor/lib/test/SubscriptionAggregator.tcl
5 ms. Memory: 175104K Free: 145045K (83%)
3 ms. Memory: 175104K Free: 144535K (83%)
0 ms. Memory: 175104K Free: 144021K (82%)
0 ms. Memory: 175104K Free: 143511K (82%)
2 ms. Memory: 175104K Free: 139918K (80%)
9 ms. Memory: 175104K Free: 137877K (79%)
...............................................................1303 ms. Memory: 253952K Free: 107248K (42%)
/home/travis/build/icyphy/ptII/ptolemy/actor/lib/test/Test.tcl
 The next command will produce a warning about training mode,
   which may be ignored.
6 ms. Memory: 253952K Free: 105169K (41%)
3 ms. Memory: 253952K Free: 104176K (41%)
7 ms. Memory: 253952K Free: 103666K (41%)
1 ms. Memory: 253952K Free: 103145K (41%)
3 ms. Memory: 253952K Free: 102642K (40%)
3 ms. Memory: 253952K Free: 101104K (40%)
7 ms. Memory: 253952K Free: 100080K (39%)
 The next command will produce a warning about training mode,
   which may be ignored.
5 ms. Memory: 253952K Free: 97522K (38%)
 The next command will produce a warning about training mode,
   which may be ignored.
3 ms. Memory: 253952K Free: 96498K (38%)
2 ms. Memory: 253952K Free: 95977K (38%)
1 ms. Memory: 253952K Free: 95474K (38%)
4 ms. Memory: 253952K Free: 94953K (37%)
10 ms. Memory: 253952K Free: 93936K (37%)
6 ms. Memory: 253952K Free: 90354K (36%)
/home/travis/build/icyphy/ptII/ptolemy/actor/lib/test/TestExceptionHandler.tcl
 The next command will produce a warning about training mode,
   which may be ignored.
3 ms. Memory: 253952K Free: 88801K (35%)
1 ms. Memory: 253952K Free: 88306K (35%)
2 ms. Memory: 253952K Free: 87792K (35%)
/home/travis/build/icyphy/ptII/ptolemy/actor/lib/test/UnionDisassembler.tcl
29 ms. Memory: 253952K Free: 80624K (32%)
/home/travis/build/icyphy/ptII/ptolemy/actor/lib/test/VariableClock.tcl
preinitializing
resolving types
initializing
executing number 1
wrapping up
idle
12 ms. Memory: 253952K Free: 78576K (31%)
Completed execution with 11 iterations
preinitializing
resolving types
initializing
executing number 1
wrapping up
idle
6 ms. Memory: 253952K Free: 77042K (30%)
Completed execution with 10 iterations
09/06/19 05:42:08
Failed: 1  Total Tests: 234  ((Passed: 233, Newly Passed: 0)  Known Failed: 0) /home/travis/build/icyphy/ptII/ptolemy/actor/lib/test
----------------- testing (KnownFailure) /home/travis/build/icyphy/ptII/ptolemy/actor/lib/test/auto/knownFailedTests/PublisherPortToplevelSubscriber.xml
0 ms. Memory: 253952K Free: 206315K (81%)
Known Failure: java.lang.reflect.InvocationTargetException
----------------- testing (KnownFailure) /home/travis/build/icyphy/ptII/ptolemy/actor/lib/test/auto/knownFailedTests/PublisherSubscriberPortToplevel.xml
0 ms. Memory: 253952K Free: 201970K (80%)
Known Failure: java.lang.reflect.InvocationTargetException
----------------- testing (KnownFailure) /home/travis/build/icyphy/ptII/ptolemy/actor/lib/test/auto/knownFailedTests/PublisherSubscriptionAggregatorPort.xml
1 ms. Memory: 253952K Free: 198384K (78%)
Known Failure: java.lang.reflect.InvocationTargetException
----------------- testing (KnownFailure) /home/travis/build/icyphy/ptII/ptolemy/actor/lib/test/auto/knownFailedTests/sizedarray3.xml
18 ms. Memory: 253952K Free: 194288K (77%)
Known Failure: java.lang.reflect.InvocationTargetException
No auto/linux-amd64/*.xml tests in /home/travis/build/icyphy/ptII/ptolemy/actor/lib/test
AutoTests.java: About to close Vertx.
AutoTests.java: Vertx closed.

===========================================================================================
----------------- testing Fri Sep 06 05:42:09 UTC 2019 /home/travis/build/icyphy/ptII/ptolemy/actor/lib/test/auto/AbsoluteValue.xml
----------------- Instantiating /home/travis/build/icyphy/ptII/ptolemy/actor/lib/test/auto/AbsoluteValue.xml
11 ms. Memory: 253952K Free: 171250K (67%)
----------------- Invoking toplevel() on ptolemy.moml.MoMLSimpleApplication@56aa2a76
----------------- Done invoking toplevel() on ptolemy.moml.MoMLSimpleApplication@56aa2a76
reloadAllAccessors: .AbsoluteValue

===========================================================================================
----------------- testing Fri Sep 06 05:42:09 UTC 2019 /home/travis/build/icyphy/ptII/ptolemy/actor/lib/test/auto/AbsoluteValue2.xml
----------------- Instantiating /home/travis/build/icyphy/ptII/ptolemy/actor/lib/test/auto/AbsoluteValue2.xml
6 ms. Memory: 253952K Free: 164592K (65%)
----------------- Invoking toplevel() on ptolemy.moml.MoMLSimpleApplication@5cae11a0
----------------- Done invoking toplevel() on ptolemy.moml.MoMLSimpleApplication@5cae11a0
reloadAllAccessors: .AbsoluteValue2

===========================================================================================
----------------- testing Fri Sep 06 05:42:09 UTC 2019 /home/travis/build/icyphy/ptII/ptolemy/actor/lib/test/auto/Accumulator.xml
----------------- Instantiating /home/travis/build/icyphy/ptII/ptolemy/actor/lib/test/auto/Accumulator.xml
19 ms. Memory: 253952K Free: 157938K (62%)
----------------- Invoking toplevel() on ptolemy.moml.MoMLSimpleApplication@22581d5e
----------------- Done invoking toplevel() on ptolemy.moml.MoMLSimpleApplication@22581d5e
reloadAllAccessors: .Accumulator

===========================================================================================
----------------- testing Fri Sep 06 05:42:09 UTC 2019 /home/travis/build/icyphy/ptII/ptolemy/actor/lib/test/auto/Accumulator2.xml
----------------- Instantiating /home/travis/build/icyphy/ptII/ptolemy/actor/lib/test/auto/Accumulator2.xml
7 ms. Memory: 253952K Free: 152818K (60%)
----------------- Invoking toplevel() on ptolemy.moml.MoMLSimpleApplication@61c54366
----------------- Done invoking toplevel() on ptolemy.moml.MoMLSimpleApplication@61c54366
reloadAllAccessors: .Accumulator2

===========================================================================================
----------------- testing Fri Sep 06 05:42:09 UTC 2019 /home/travis/build/icyphy/ptII/ptolemy/actor/lib/test/auto/Accumulator3.xml
----------------- Instantiating /home/travis/build/icyphy/ptII/ptolemy/actor/lib/test/auto/Accumulator3.xml
11 ms. Memory: 253952K Free: 148208K (58%)
----------------- Invoking toplevel() on ptolemy.moml.MoMLSimpleApplication@4c489c01
----------------- Done invoking toplevel() on ptolemy.moml.MoMLSimpleApplication@4c489c01
reloadAllAccessors: .Accumulator3

===========================================================================================
----------------- testing Fri Sep 06 05:42:09 UTC 2019 /home/travis/build/icyphy/ptII/ptolemy/actor/lib/test/auto/ArrayAppend.xml
----------------- Instantiating /home/travis/build/icyphy/ptII/ptolemy/actor/lib/test/auto/ArrayAppend.xml
11 ms. Memory: 253952K Free: 142578K (56%)
----------------- Invoking toplevel() on ptolemy.moml.MoMLSimpleApplication@2df14a2a
----------------- Done invoking toplevel() on ptolemy.moml.MoMLSimpleApplication@2df14a2a
reloadAllAccessors: .ArrayAppend

===========================================================================================
----------------- testing Fri Sep 06 05:42:10 UTC 2019 /home/travis/build/icyphy/ptII/ptolemy/actor/lib/test/auto/ArrayAppend2.xml
----------------- Instantiating /home/travis/build/icyphy/ptII/ptolemy/actor/lib/test/auto/ArrayAppend2.xml
329 ms. Memory: 253952K Free: 77042K (30%)
----------------- Invoking toplevel() on ptolemy.moml.MoMLSimpleApplication@16ec939
----------------- Done invoking toplevel() on ptolemy.moml.MoMLSimpleApplication@16ec939
reloadAllAccessors: .ArrayAppend2

===========================================================================================
----------------- testing Fri Sep 06 05:42:10 UTC 2019 /home/travis/build/icyphy/ptII/ptolemy/actor/lib/test/auto/ArrayAppend3.xml
----------------- Instantiating /home/travis/build/icyphy/ptII/ptolemy/actor/lib/test/auto/ArrayAppend3.xml
7 ms. Memory: 253952K Free: 203068K (80%)
----------------- Invoking toplevel() on ptolemy.moml.MoMLSimpleApplication@323bdd41
----------------- Done invoking toplevel() on ptolemy.moml.MoMLSimpleApplication@323bdd41
reloadAllAccessors: .ArrayAppend3

===========================================================================================
----------------- testing Fri Sep 06 05:42:10 UTC 2019 /home/travis/build/icyphy/ptII/ptolemy/actor/lib/test/auto/ArrayAppend4.xml
----------------- Instantiating /home/travis/build/icyphy/ptII/ptolemy/actor/lib/test/auto/ArrayAppend4.xml
3 ms. Memory: 253952K Free: 197948K (78%)
----------------- Invoking toplevel() on ptolemy.moml.MoMLSimpleApplication@59640231
----------------- Done invoking toplevel() on ptolemy.moml.MoMLSimpleApplication@59640231
reloadAllAccessors: .ArrayAppend4

===========================================================================================
----------------- testing Fri Sep 06 05:42:10 UTC 2019 /home/travis/build/icyphy/ptII/ptolemy/actor/lib/test/auto/ArrayAppend5.xml
----------------- Instantiating /home/travis/build/icyphy/ptII/ptolemy/actor/lib/test/auto/ArrayAppend5.xml
3 ms. Memory: 253952K Free: 193340K (76%)
----------------- Invoking toplevel() on ptolemy.moml.MoMLSimpleApplication@1c72c626
----------------- Done invoking toplevel() on ptolemy.moml.MoMLSimpleApplication@1c72c626
reloadAllAccessors: .ArrayAppend5

===========================================================================================
----------------- testing Fri Sep 06 05:42:10 UTC 2019 /home/travis/build/icyphy/ptII/ptolemy/actor/lib/test/auto/ArrayAppend6.xml
----------------- Instantiating /home/travis/build/icyphy/ptII/ptolemy/actor/lib/test/auto/ArrayAppend6.xml
6 ms. Memory: 253952K Free: 187708K (74%)
----------------- Invoking toplevel() on ptolemy.moml.MoMLSimpleApplication@1b39427f
----------------- Done invoking toplevel() on ptolemy.moml.MoMLSimpleApplication@1b39427f
reloadAllAccessors: .ArrayAppend6

===========================================================================================
----------------- testing Fri Sep 06 05:42:10 UTC 2019 /home/travis/build/icyphy/ptII/ptolemy/actor/lib/test/auto/ArrayAppendPerformanceTest.xml
----------------- Instantiating /home/travis/build/icyphy/ptII/ptolemy/actor/lib/test/auto/ArrayAppendPerformanceTest.xml
40 ms. Memory: 253952K Free: 177468K (70%)
----------------- Invoking toplevel() on ptolemy.moml.MoMLSimpleApplication@59b74349
----------------- Done invoking toplevel() on ptolemy.moml.MoMLSimpleApplication@59b74349
reloadAllAccessors: .ArrayAppendPerformanceTest

===========================================================================================
----------------- testing Fri Sep 06 05:42:10 UTC 2019 /home/travis/build/icyphy/ptII/ptolemy/actor/lib/test/auto/ArrayAppendWithEmptyInput.xml
----------------- Instantiating /home/travis/build/icyphy/ptII/ptolemy/actor/lib/test/auto/ArrayAppendWithEmptyInput.xml
19 ms. Memory: 253952K Free: 169276K (67%)
----------------- Invoking toplevel() on ptolemy.moml.MoMLSimpleApplication@26fdeb58
----------------- Done invoking toplevel() on ptolemy.moml.MoMLSimpleApplication@26fdeb58
reloadAllAccessors: .ArrayAppendWithEmptyInput

===========================================================================================
----------------- testing Fri Sep 06 05:42:10 UTC 2019 /home/travis/build/icyphy/ptII/ptolemy/actor/lib/test/auto/ArrayAverage.xml
----------------- Instantiating /home/travis/build/icyphy/ptII/ptolemy/actor/lib/test/auto/ArrayAverage.xml
5 ms. Memory: 253952K Free: 161598K (64%)
----------------- Invoking toplevel() on ptolemy.moml.MoMLSimpleApplication@2afe8b9a
----------------- Done invoking toplevel() on ptolemy.moml.MoMLSimpleApplication@2afe8b9a
reloadAllAccessors: .ArrayAverage

===========================================================================================
----------------- testing Fri Sep 06 05:42:10 UTC 2019 /home/travis/build/icyphy/ptII/ptolemy/actor/lib/test/auto/ArrayContains.xml
----------------- Instantiating /home/travis/build/icyphy/ptII/ptolemy/actor/lib/test/auto/ArrayContains.xml
12 ms. Memory: 253952K Free: 155454K (61%)
----------------- Invoking toplevel() on ptolemy.moml.MoMLSimpleApplication@25193ac0
----------------- Done invoking toplevel() on ptolemy.moml.MoMLSimpleApplication@25193ac0
reloadAllAccessors: .ArrayContains

===========================================================================================
----------------- testing Fri Sep 06 05:42:10 UTC 2019 /home/travis/build/icyphy/ptII/ptolemy/actor/lib/test/auto/ArrayElement.xml
----------------- Instantiating /home/travis/build/icyphy/ptII/ptolemy/actor/lib/test/auto/ArrayElement.xml
6 ms. Memory: 253952K Free: 149820K (59%)
----------------- Invoking toplevel() on ptolemy.moml.MoMLSimpleApplication@1ab3b666
----------------- Done invoking toplevel() on ptolemy.moml.MoMLSimpleApplication@1ab3b666
reloadAllAccessors: .ArrayElement

===========================================================================================
----------------- testing Fri Sep 06 05:42:10 UTC 2019 /home/travis/build/icyphy/ptII/ptolemy/actor/lib/test/auto/ArrayElementAsMatrix.xml
----------------- Instantiating /home/travis/build/icyphy/ptII/ptolemy/actor/lib/test/auto/ArrayElementAsMatrix.xml
27 ms. Memory: 253952K Free: 140094K (55%)
----------------- Invoking toplevel() on ptolemy.moml.MoMLSimpleApplication@ecef1aa
----------------- Done invoking toplevel() on ptolemy.moml.MoMLSimpleApplication@ecef1aa
reloadAllAccessors: .ArrayElementAsMatrix

===========================================================================================
----------------- testing Fri Sep 06 05:42:11 UTC 2019 /home/travis/build/icyphy/ptII/ptolemy/actor/lib/test/auto/ArrayElementI.xml
----------------- Instantiating /home/travis/build/icyphy/ptII/ptolemy/actor/lib/test/auto/ArrayElementI.xml
3 ms. Memory: 253952K Free: 134460K (53%)
----------------- Invoking toplevel() on ptolemy.moml.MoMLSimpleApplication@338c3194
----------------- Done invoking toplevel() on ptolemy.moml.MoMLSimpleApplication@338c3194
reloadAllAccessors: .ArrayElementI

===========================================================================================
----------------- testing Fri Sep 06 05:42:11 UTC 2019 /home/travis/build/icyphy/ptII/ptolemy/actor/lib/test/auto/ArrayExtract.xml
----------------- Instantiating /home/travis/build/icyphy/ptII/ptolemy/actor/lib/test/auto/ArrayExtract.xml
7 ms. Memory: 253952K Free: 126782K (50%)
----------------- Invoking toplevel() on ptolemy.moml.MoMLSimpleApplication@516bd89d
----------------- Done invoking toplevel() on ptolemy.moml.MoMLSimpleApplication@516bd89d
reloadAllAccessors: .ArrayExtract

===========================================================================================
----------------- testing Fri Sep 06 05:42:11 UTC 2019 /home/travis/build/icyphy/ptII/ptolemy/actor/lib/test/auto/ArrayExtract2.xml
----------------- Instantiating /home/travis/build/icyphy/ptII/ptolemy/actor/lib/test/auto/ArrayExtract2.xml
3 ms. Memory: 253952K Free: 121133K (48%)
----------------- Invoking toplevel() on ptolemy.moml.MoMLSimpleApplication@42cb325d
----------------- Done invoking toplevel() on ptolemy.moml.MoMLSimpleApplication@42cb325d
reloadAllAccessors: .ArrayExtract2

===========================================================================================
----------------- testing Fri Sep 06 05:42:11 UTC 2019 /home/travis/build/icyphy/ptII/ptolemy/actor/lib/test/auto/ArrayLength.xml
----------------- Instantiating /home/travis/build/icyphy/ptII/ptolemy/actor/lib/test/auto/ArrayLength.xml
3 ms. Memory: 253952K Free: 117566K (46%)
----------------- Invoking toplevel() on ptolemy.moml.MoMLSimpleApplication@5783c81c
----------------- Done invoking toplevel() on ptolemy.moml.MoMLSimpleApplication@5783c81c
reloadAllAccessors: .ArrayLength

===========================================================================================
----------------- testing Fri Sep 06 05:42:11 UTC 2019 /home/travis/build/icyphy/ptII/ptolemy/actor/lib/test/auto/ArrayLevelCrossing.xml
----------------- Instantiating /home/travis/build/icyphy/ptII/ptolemy/actor/lib/test/auto/ArrayLevelCrossing.xml
3 ms. Memory: 253952K Free: 109374K (43%)
----------------- Invoking toplevel() on ptolemy.moml.MoMLSimpleApplication@71589b37
----------------- Done invoking toplevel() on ptolemy.moml.MoMLSimpleApplication@71589b37
reloadAllAccessors: .ArrayLevelCrossing

===========================================================================================
----------------- testing Fri Sep 06 05:42:11 UTC 2019 /home/travis/build/icyphy/ptII/ptolemy/actor/lib/test/auto/ArrayLevelCrossing2.xml
----------------- Instantiating /home/travis/build/icyphy/ptII/ptolemy/actor/lib/test/auto/ArrayLevelCrossing2.xml
3 ms. Memory: 253952K Free: 102206K (40%)
----------------- Invoking toplevel() on ptolemy.moml.MoMLSimpleApplication@5b9d3946
----------------- Done invoking toplevel() on ptolemy.moml.MoMLSimpleApplication@5b9d3946
reloadAllAccessors: .ArrayLevelCrossing2

===========================================================================================
----------------- testing Fri Sep 06 05:42:11 UTC 2019 /home/travis/build/icyphy/ptII/ptolemy/actor/lib/test/auto/ArrayPeakSearch.xml
----------------- Instantiating /home/travis/build/icyphy/ptII/ptolemy/actor/lib/test/auto/ArrayPeakSearch.xml
9 ms. Memory: 253952K Free: 92990K (37%)
----------------- Invoking toplevel() on ptolemy.moml.MoMLSimpleApplication@76cc6825
----------------- Done invoking toplevel() on ptolemy.moml.MoMLSimpleApplication@76cc6825
reloadAllAccessors: .ArrayPeakSearch

===========================================================================================
----------------- testing Fri Sep 06 05:42:11 UTC 2019 /home/travis/build/icyphy/ptII/ptolemy/actor/lib/test/auto/ArrayPeakSearch2.xml
----------------- Instantiating /home/travis/build/icyphy/ptII/ptolemy/actor/lib/test/auto/ArrayPeakSearch2.xml
8 ms. Memory: 253952K Free: 82750K (33%)
----------------- Invoking toplevel() on ptolemy.moml.MoMLSimpleApplication@ddea603
----------------- Done invoking toplevel() on ptolemy.moml.MoMLSimpleApplication@ddea603
reloadAllAccessors: .ArrayPeakSearch2

===========================================================================================
----------------- testing Fri Sep 06 05:42:11 UTC 2019 /home/travis/build/icyphy/ptII/ptolemy/actor/lib/test/auto/ArrayPeakSearch3.xml
----------------- Instantiating /home/travis/build/icyphy/ptII/ptolemy/actor/lib/test/auto/ArrayPeakSearch3.xml
11 ms. Memory: 253952K Free: 73534K (29%)
----------------- Invoking toplevel() on ptolemy.moml.MoMLSimpleApplication@56c39aea
----------------- Done invoking toplevel() on ptolemy.moml.MoMLSimpleApplication@56c39aea
reloadAllAccessors: .ArrayPeakSearch3

===========================================================================================
----------------- testing Fri Sep 06 05:42:11 UTC 2019 /home/travis/build/icyphy/ptII/ptolemy/actor/lib/test/auto/ArrayRemoveElement.xml
----------------- Instantiating /home/travis/build/icyphy/ptII/ptolemy/actor/lib/test/auto/ArrayRemoveElement.xml
3 ms. Memory: 253952K Free: 65852K (26%)
----------------- Invoking toplevel() on ptolemy.moml.MoMLSimpleApplication@73ccf743
----------------- Done invoking toplevel() on ptolemy.moml.MoMLSimpleApplication@73ccf743
reloadAllAccessors: .ArrayRemoveElement

===========================================================================================
----------------- testing Fri Sep 06 05:42:11 UTC 2019 /home/travis/build/icyphy/ptII/ptolemy/actor/lib/test/auto/ArraySort.xml
----------------- Instantiating /home/travis/build/icyphy/ptII/ptolemy/actor/lib/test/auto/ArraySort.xml
10 ms. Memory: 433152K Free: 384386K (89%)
----------------- Invoking toplevel() on ptolemy.moml.MoMLSimpleApplication@5f4b33b6
----------------- Done invoking toplevel() on ptolemy.moml.MoMLSimpleApplication@5f4b33b6
reloadAllAccessors: .ArraySort

===========================================================================================
----------------- testing Fri Sep 06 05:42:11 UTC 2019 /home/travis/build/icyphy/ptII/ptolemy/actor/lib/test/auto/ArraySum.xml
----------------- Instantiating /home/travis/build/icyphy/ptII/ptolemy/actor/lib/test/auto/ArraySum.xml
11 ms. Memory: 433152K Free: 378756K (87%)
----------------- Invoking toplevel() on ptolemy.moml.MoMLSimpleApplication@2c541d0d
----------------- Done invoking toplevel() on ptolemy.moml.MoMLSimpleApplication@2c541d0d
reloadAllAccessors: .ArraySum

===========================================================================================
----------------- testing Fri Sep 06 05:42:11 UTC 2019 /home/travis/build/icyphy/ptII/ptolemy/actor/lib/test/auto/ArrayToElements.xml
----------------- Instantiating /home/travis/build/icyphy/ptII/ptolemy/actor/lib/test/auto/ArrayToElements.xml
11 ms. Memory: 433152K Free: 373636K (86%)
----------------- Invoking toplevel() on ptolemy.moml.MoMLSimpleApplication@1ba174e2
----------------- Done invoking toplevel() on ptolemy.moml.MoMLSimpleApplication@1ba174e2
reloadAllAccessors: .ArrayToElements

===========================================================================================
----------------- testing Fri Sep 06 05:42:11 UTC 2019 /home/travis/build/icyphy/ptII/ptolemy/actor/lib/test/auto/ArrayToMatrix.xml
----------------- Instantiating /home/travis/build/icyphy/ptII/ptolemy/actor/lib/test/auto/ArrayToMatrix.xml
13 ms. Memory: 433152K Free: 359300K (83%)
----------------- Invoking toplevel() on ptolemy.moml.MoMLSimpleApplication@2c04f968
----------------- Done invoking toplevel() on ptolemy.moml.MoMLSimpleApplication@2c04f968
reloadAllAccessors: .ArrayToMatrix

===========================================================================================
----------------- testing Fri Sep 06 05:42:11 UTC 2019 /home/travis/build/icyphy/ptII/ptolemy/actor/lib/test/auto/ArrayUpdate1.xml
----------------- Instantiating /home/travis/build/icyphy/ptII/ptolemy/actor/lib/test/auto/ArrayUpdate1.xml
5 ms. Memory: 433152K Free: 354690K (82%)
----------------- Invoking toplevel() on ptolemy.moml.MoMLSimpleApplication@2eec31ef
----------------- Done invoking toplevel() on ptolemy.moml.MoMLSimpleApplication@2eec31ef
reloadAllAccessors: .ArrayUpdate1

===========================================================================================
----------------- testing Fri Sep 06 05:42:11 UTC 2019 /home/travis/build/icyphy/ptII/ptolemy/actor/lib/test/auto/ArrayUpdate2.xml
----------------- Instantiating /home/travis/build/icyphy/ptII/ptolemy/actor/lib/test/auto/ArrayUpdate2.xml
12 ms. Memory: 433152K Free: 348036K (80%)
----------------- Invoking toplevel() on ptolemy.moml.MoMLSimpleApplication@66498699
----------------- Done invoking toplevel() on ptolemy.moml.MoMLSimpleApplication@66498699
reloadAllAccessors: .ArrayUpdate2

===========================================================================================
----------------- testing Fri Sep 06 05:42:11 UTC 2019 /home/travis/build/icyphy/ptII/ptolemy/actor/lib/test/auto/ArrayUpdate3.xml
----------------- Instantiating /home/travis/build/icyphy/ptII/ptolemy/actor/lib/test/auto/ArrayUpdate3.xml
9 ms. Memory: 433152K Free: 343426K (79%)
----------------- Invoking toplevel() on ptolemy.moml.MoMLSimpleApplication@431aa2f3
----------------- Done invoking toplevel() on ptolemy.moml.MoMLSimpleApplication@431aa2f3
reloadAllAccessors: .ArrayUpdate3

===========================================================================================
----------------- testing Fri Sep 06 05:42:11 UTC 2019 /home/travis/build/icyphy/ptII/ptolemy/actor/lib/test/auto/Assert1.xml
----------------- Instantiating /home/travis/build/icyphy/ptII/ptolemy/actor/lib/test/auto/Assert1.xml
7 ms. Memory: 433152K Free: 338820K (78%)
----------------- Invoking toplevel() on ptolemy.moml.MoMLSimpleApplication@d17ce20
----------------- Done invoking toplevel() on ptolemy.moml.MoMLSimpleApplication@d17ce20
reloadAllAccessors: .Assert1

===========================================================================================
----------------- testing Fri Sep 06 05:42:11 UTC 2019 /home/travis/build/icyphy/ptII/ptolemy/actor/lib/test/auto/Assert2.xml
----------------- Instantiating /home/travis/build/icyphy/ptII/ptolemy/actor/lib/test/auto/Assert2.xml
13 ms. Memory: 433152K Free: 334210K (77%)
----------------- Invoking toplevel() on ptolemy.moml.MoMLSimpleApplication@4f3e9172
----------------- Done invoking toplevel() on ptolemy.moml.MoMLSimpleApplication@4f3e9172
reloadAllAccessors: .Assert2

===========================================================================================
----------------- testing Fri Sep 06 05:42:11 UTC 2019 /home/travis/build/icyphy/ptII/ptolemy/actor/lib/test/auto/BooleanMultiplexor.xml
----------------- Instantiating /home/travis/build/icyphy/ptII/ptolemy/actor/lib/test/auto/BooleanMultiplexor.xml
3 ms. Memory: 433152K Free: 328580K (76%)
----------------- Invoking toplevel() on ptolemy.moml.MoMLSimpleApplication@73d9ea74
----------------- Done invoking toplevel() on ptolemy.moml.MoMLSimpleApplication@73d9ea74
reloadAllAccessors: .BooleanMultiplexor

===========================================================================================
----------------- testing Fri Sep 06 05:42:11 UTC 2019 /home/travis/build/icyphy/ptII/ptolemy/actor/lib/test/auto/BooleanMultiplexor2.xml
----------------- Instantiating /home/travis/build/icyphy/ptII/ptolemy/actor/lib/test/auto/BooleanMultiplexor2.xml
5 ms. Memory: 433152K Free: 322436K (74%)
----------------- Invoking toplevel() on ptolemy.moml.MoMLSimpleApplication@775fd873
----------------- Done invoking toplevel() on ptolemy.moml.MoMLSimpleApplication@775fd873
reloadAllAccessors: .BooleanMultiplexor2

===========================================================================================
----------------- testing Fri Sep 06 05:42:11 UTC 2019 /home/travis/build/icyphy/ptII/ptolemy/actor/lib/test/auto/BooleanMultiplexor3.xml
----------------- Instantiating /home/travis/build/icyphy/ptII/ptolemy/actor/lib/test/auto/BooleanMultiplexor3.xml
5 ms. Memory: 433152K Free: 318340K (73%)
----------------- Invoking toplevel() on ptolemy.moml.MoMLSimpleApplication@7865d845
----------------- Done invoking toplevel() on ptolemy.moml.MoMLSimpleApplication@7865d845
reloadAllAccessors: .BooleanMultiplexor3

===========================================================================================
----------------- testing Fri Sep 06 05:42:11 UTC 2019 /home/travis/build/icyphy/ptII/ptolemy/actor/lib/test/auto/BooleanSelect.xml
----------------- Instantiating /home/travis/build/icyphy/ptII/ptolemy/actor/lib/test/auto/BooleanSelect.xml
9 ms. Memory: 433152K Free: 312676K (72%)
----------------- Invoking toplevel() on ptolemy.moml.MoMLSimpleApplication@127af57c
----------------- Done invoking toplevel() on ptolemy.moml.MoMLSimpleApplication@127af57c
reloadAllAccessors: .BooleanSelect

===========================================================================================
----------------- testing Fri Sep 06 05:42:11 UTC 2019 /home/travis/build/icyphy/ptII/ptolemy/actor/lib/test/auto/BooleanSelect2.xml
----------------- Instantiating /home/travis/build/icyphy/ptII/ptolemy/actor/lib/test/auto/BooleanSelect2.xml
2 ms. Memory: 433152K Free: 308100K (71%)
----------------- Invoking toplevel() on ptolemy.moml.MoMLSimpleApplication@609cb7c8
----------------- Done invoking toplevel() on ptolemy.moml.MoMLSimpleApplication@609cb7c8
reloadAllAccessors: .BooleanSelect2

===========================================================================================
----------------- testing Fri Sep 06 05:42:12 UTC 2019 /home/travis/build/icyphy/ptII/ptolemy/actor/lib/test/auto/BooleanSwitch.xml
----------------- Instantiating /home/travis/build/icyphy/ptII/ptolemy/actor/lib/test/auto/BooleanSwitch.xml
12 ms. Memory: 433152K Free: 301956K (70%)
----------------- Invoking toplevel() on ptolemy.moml.MoMLSimpleApplication@701e7fc2
----------------- Done invoking toplevel() on ptolemy.moml.MoMLSimpleApplication@701e7fc2
reloadAllAccessors: .BooleanSwitch

===========================================================================================
----------------- testing Fri Sep 06 05:42:12 UTC 2019 /home/travis/build/icyphy/ptII/ptolemy/actor/lib/test/auto/BooleanSwitch2.xml
----------------- Instantiating /home/travis/build/icyphy/ptII/ptolemy/actor/lib/test/auto/BooleanSwitch2.xml
3 ms. Memory: 433152K Free: 297860K (69%)
----------------- Invoking toplevel() on ptolemy.moml.MoMLSimpleApplication@41414197
----------------- Done invoking toplevel() on ptolemy.moml.MoMLSimpleApplication@41414197
reloadAllAccessors: .BooleanSwitch2

===========================================================================================
----------------- testing Fri Sep 06 05:42:12 UTC 2019 /home/travis/build/icyphy/ptII/ptolemy/actor/lib/test/auto/BooleanSwitchCloningBugWithClassRelationGroup.xml
----------------- Instantiating /home/travis/build/icyphy/ptII/ptolemy/actor/lib/test/auto/BooleanSwitchCloningBugWithClassRelationGroup.xml
3 ms. Memory: 433152K Free: 291202K (67%)
----------------- Invoking toplevel() on ptolemy.moml.MoMLSimpleApplication@7bd122a0
----------------- Done invoking toplevel() on ptolemy.moml.MoMLSimpleApplication@7bd122a0
reloadAllAccessors: .BooleanSwitchCloningBugWithClassRelationGroup

===========================================================================================
----------------- testing Fri Sep 06 05:42:12 UTC 2019 /home/travis/build/icyphy/ptII/ptolemy/actor/lib/test/auto/BusActors.xml
----------------- Instantiating /home/travis/build/icyphy/ptII/ptolemy/actor/lib/test/auto/BusActors.xml
8 ms. Memory: 433152K Free: 283524K (65%)
----------------- Invoking toplevel() on ptolemy.moml.MoMLSimpleApplication@a8f2dfe
----------------- Done invoking toplevel() on ptolemy.moml.MoMLSimpleApplication@a8f2dfe
reloadAllAccessors: .BusActors

===========================================================================================
----------------- testing Fri Sep 06 05:42:12 UTC 2019 /home/travis/build/icyphy/ptII/ptolemy/actor/lib/test/auto/ClassWrapper.xml
----------------- Instantiating /home/travis/build/icyphy/ptII/ptolemy/actor/lib/test/auto/ClassWrapper.xml
4 ms. Memory: 433152K Free: 278914K (64%)
----------------- Invoking toplevel() on ptolemy.moml.MoMLSimpleApplication@475737b9
----------------- Done invoking toplevel() on ptolemy.moml.MoMLSimpleApplication@475737b9
reloadAllAccessors: .ClassWrapper

===========================================================================================
----------------- testing Fri Sep 06 05:42:12 UTC 2019 /home/travis/build/icyphy/ptII/ptolemy/actor/lib/test/auto/Clock.xml
----------------- Instantiating /home/travis/build/icyphy/ptII/ptolemy/actor/lib/test/auto/Clock.xml
3 ms. Memory: 433152K Free: 275332K (64%)
----------------- Invoking toplevel() on ptolemy.moml.MoMLSimpleApplication@42dc36b2
----------------- Done invoking toplevel() on ptolemy.moml.MoMLSimpleApplication@42dc36b2
reloadAllAccessors: .Clock

===========================================================================================
----------------- testing Fri Sep 06 05:42:12 UTC 2019 /home/travis/build/icyphy/ptII/ptolemy/actor/lib/test/auto/Clock10.xml
----------------- Instantiating /home/travis/build/icyphy/ptII/ptolemy/actor/lib/test/auto/Clock10.xml
7 ms. Memory: 433152K Free: 269188K (62%)
----------------- Invoking toplevel() on ptolemy.moml.MoMLSimpleApplication@34966deb
----------------- Done invoking toplevel() on ptolemy.moml.MoMLSimpleApplication@34966deb
reloadAllAccessors: .Clock10

===========================================================================================
----------------- testing Fri Sep 06 05:42:12 UTC 2019 /home/travis/build/icyphy/ptII/ptolemy/actor/lib/test/auto/Clock11.xml
----------------- Instantiating /home/travis/build/icyphy/ptII/ptolemy/actor/lib/test/auto/Clock11.xml
6 ms. Memory: 433152K Free: 263554K (61%)
----------------- Invoking toplevel() on ptolemy.moml.MoMLSimpleApplication@3dfdf633
----------------- Done invoking toplevel() on ptolemy.moml.MoMLSimpleApplication@3dfdf633
reloadAllAccessors: .Clock11

===========================================================================================
----------------- testing Fri Sep 06 05:42:12 UTC 2019 /home/travis/build/icyphy/ptII/ptolemy/actor/lib/test/auto/Clock12.xml
----------------- Instantiating /home/travis/build/icyphy/ptII/ptolemy/actor/lib/test/auto/Clock12.xml
6 ms. Memory: 433152K Free: 257410K (59%)
----------------- Invoking toplevel() on ptolemy.moml.MoMLSimpleApplication@14b8815e
----------------- Done invoking toplevel() on ptolemy.moml.MoMLSimpleApplication@14b8815e
reloadAllAccessors: .Clock12

===========================================================================================
----------------- testing Fri Sep 06 05:42:12 UTC 2019 /home/travis/build/icyphy/ptII/ptolemy/actor/lib/test/auto/Clock13.xml
----------------- Instantiating /home/travis/build/icyphy/ptII/ptolemy/actor/lib/test/auto/Clock13.xml
8 ms. Memory: 433152K Free: 251780K (58%)
----------------- Invoking toplevel() on ptolemy.moml.MoMLSimpleApplication@187777bb
----------------- Done invoking toplevel() on ptolemy.moml.MoMLSimpleApplication@187777bb
reloadAllAccessors: .Clock13

===========================================================================================
----------------- testing Fri Sep 06 05:42:12 UTC 2019 /home/travis/build/icyphy/ptII/ptolemy/actor/lib/test/auto/Clock14.xml
----------------- Instantiating /home/travis/build/icyphy/ptII/ptolemy/actor/lib/test/auto/Clock14.xml
7 ms. Memory: 433152K Free: 245636K (57%)
----------------- Invoking toplevel() on ptolemy.moml.MoMLSimpleApplication@6267b5d5
----------------- Done invoking toplevel() on ptolemy.moml.MoMLSimpleApplication@6267b5d5
reloadAllAccessors: .Clock14

===========================================================================================
----------------- testing Fri Sep 06 05:42:12 UTC 2019 /home/travis/build/icyphy/ptII/ptolemy/actor/lib/test/auto/Clock15.xml
----------------- Instantiating /home/travis/build/icyphy/ptII/ptolemy/actor/lib/test/auto/Clock15.xml
6 ms. Memory: 433152K Free: 239996K (55%)
----------------- Invoking toplevel() on ptolemy.moml.MoMLSimpleApplication@17f2426c
----------------- Done invoking toplevel() on ptolemy.moml.MoMLSimpleApplication@17f2426c
reloadAllAccessors: .Clock15

===========================================================================================
----------------- testing Fri Sep 06 05:42:12 UTC 2019 /home/travis/build/icyphy/ptII/ptolemy/actor/lib/test/auto/Clock16.xml
----------------- Instantiating /home/travis/build/icyphy/ptII/ptolemy/actor/lib/test/auto/Clock16.xml
39 ms. Memory: 433152K Free: 224642K (52%)
----------------- Invoking toplevel() on ptolemy.moml.MoMLSimpleApplication@6e784ab6
----------------- Done invoking toplevel() on ptolemy.moml.MoMLSimpleApplication@6e784ab6
reloadAllAccessors: .Clock16

===========================================================================================
----------------- testing Fri Sep 06 05:42:12 UTC 2019 /home/travis/build/icyphy/ptII/ptolemy/actor/lib/test/auto/Clock17.xml
----------------- Instantiating /home/travis/build/icyphy/ptII/ptolemy/actor/lib/test/auto/Clock17.xml
21 ms. Memory: 433152K Free: 210820K (49%)
----------------- Invoking toplevel() on ptolemy.moml.MoMLSimpleApplication@7334b649
----------------- Done invoking toplevel() on ptolemy.moml.MoMLSimpleApplication@7334b649
reloadAllAccessors: .Clock17

===========================================================================================
----------------- testing Fri Sep 06 05:42:12 UTC 2019 /home/travis/build/icyphy/ptII/ptolemy/actor/lib/test/auto/Clock18.xml
----------------- Instantiating /home/travis/build/icyphy/ptII/ptolemy/actor/lib/test/auto/Clock18.xml
16 ms. Memory: 433152K Free: 197508K (46%)
----------------- Invoking toplevel() on ptolemy.moml.MoMLSimpleApplication@2779a502
----------------- Done invoking toplevel() on ptolemy.moml.MoMLSimpleApplication@2779a502
reloadAllAccessors: .Clock18

===========================================================================================
----------------- testing Fri Sep 06 05:42:12 UTC 2019 /home/travis/build/icyphy/ptII/ptolemy/actor/lib/test/auto/Clock19.xml
----------------- Instantiating /home/travis/build/icyphy/ptII/ptolemy/actor/lib/test/auto/Clock19.xml
12 ms. Memory: 433152K Free: 184196K (43%)
----------------- Invoking toplevel() on ptolemy.moml.MoMLSimpleApplication@7d96f323
----------------- Done invoking toplevel() on ptolemy.moml.MoMLSimpleApplication@7d96f323
reloadAllAccessors: .Clock19

===========================================================================================
----------------- testing Fri Sep 06 05:42:12 UTC 2019 /home/travis/build/icyphy/ptII/ptolemy/actor/lib/test/auto/Clock2.xml
----------------- Instantiating /home/travis/build/icyphy/ptII/ptolemy/actor/lib/test/auto/Clock2.xml
8 ms. Memory: 433152K Free: 179556K (41%)
----------------- Invoking toplevel() on ptolemy.moml.MoMLSimpleApplication@11c8f8ac
----------------- Done invoking toplevel() on ptolemy.moml.MoMLSimpleApplication@11c8f8ac
reloadAllAccessors: .Clock2

===========================================================================================
----------------- testing Fri Sep 06 05:42:12 UTC 2019 /home/travis/build/icyphy/ptII/ptolemy/actor/lib/test/auto/Clock20.xml
----------------- Instantiating /home/travis/build/icyphy/ptII/ptolemy/actor/lib/test/auto/Clock20.xml
8 ms. Memory: 433152K Free: 173956K (40%)
----------------- Invoking toplevel() on ptolemy.moml.MoMLSimpleApplication@602474d0
----------------- Done invoking toplevel() on ptolemy.moml.MoMLSimpleApplication@602474d0
reloadAllAccessors: .Clock20

===========================================================================================
----------------- testing Fri Sep 06 05:42:12 UTC 2019 /home/travis/build/icyphy/ptII/ptolemy/actor/lib/test/auto/Clock21.xml
----------------- Instantiating /home/travis/build/icyphy/ptII/ptolemy/actor/lib/test/auto/Clock21.xml
6 ms. Memory: 433152K Free: 168836K (39%)
----------------- Invoking toplevel() on ptolemy.moml.MoMLSimpleApplication@55ec30f2
----------------- Done invoking toplevel() on ptolemy.moml.MoMLSimpleApplication@55ec30f2
reloadAllAccessors: .Clock21

===========================================================================================
----------------- testing Fri Sep 06 05:42:12 UTC 2019 /home/travis/build/icyphy/ptII/ptolemy/actor/lib/test/auto/Clock22.xml
----------------- Instantiating /home/travis/build/icyphy/ptII/ptolemy/actor/lib/test/auto/Clock22.xml
7 ms. Memory: 433152K Free: 163202K (38%)
----------------- Invoking toplevel() on ptolemy.moml.MoMLSimpleApplication@16c4c59f
----------------- Done invoking toplevel() on ptolemy.moml.MoMLSimpleApplication@16c4c59f
reloadAllAccessors: .Clock22

===========================================================================================
----------------- testing Fri Sep 06 05:42:12 UTC 2019 /home/travis/build/icyphy/ptII/ptolemy/actor/lib/test/auto/Clock23.xml
----------------- Instantiating /home/travis/build/icyphy/ptII/ptolemy/actor/lib/test/auto/Clock23.xml
5 ms. Memory: 433152K Free: 158082K (36%)
----------------- Invoking toplevel() on ptolemy.moml.MoMLSimpleApplication@44de42e6
----------------- Done invoking toplevel() on ptolemy.moml.MoMLSimpleApplication@44de42e6
reloadAllAccessors: .Clock23

===========================================================================================
----------------- testing Fri Sep 06 05:42:12 UTC 2019 /home/travis/build/icyphy/ptII/ptolemy/actor/lib/test/auto/Clock24.xml
----------------- Instantiating /home/travis/build/icyphy/ptII/ptolemy/actor/lib/test/auto/Clock24.xml
4 ms. Memory: 433152K Free: 152452K (35%)
----------------- Invoking toplevel() on ptolemy.moml.MoMLSimpleApplication@27c12e2c
----------------- Done invoking toplevel() on ptolemy.moml.MoMLSimpleApplication@27c12e2c
reloadAllAccessors: .Clock24

===========================================================================================
----------------- testing Fri Sep 06 05:42:12 UTC 2019 /home/travis/build/icyphy/ptII/ptolemy/actor/lib/test/auto/Clock4.xml
----------------- Instantiating /home/travis/build/icyphy/ptII/ptolemy/actor/lib/test/auto/Clock4.xml
2 ms. Memory: 433152K Free: 147332K (34%)
----------------- Invoking toplevel() on ptolemy.moml.MoMLSimpleApplication@551031a6
----------------- Done invoking toplevel() on ptolemy.moml.MoMLSimpleApplication@551031a6
reloadAllAccessors: .Clock4

===========================================================================================
----------------- testing Fri Sep 06 05:42:12 UTC 2019 /home/travis/build/icyphy/ptII/ptolemy/actor/lib/test/auto/Clock5.xml
----------------- Instantiating /home/travis/build/icyphy/ptII/ptolemy/actor/lib/test/auto/Clock5.xml
5 ms. Memory: 433152K Free: 142212K (33%)
----------------- Invoking toplevel() on ptolemy.moml.MoMLSimpleApplication@3fdf6b2b
----------------- Done invoking toplevel() on ptolemy.moml.MoMLSimpleApplication@3fdf6b2b
reloadAllAccessors: .Clock5

===========================================================================================
----------------- testing Fri Sep 06 05:42:13 UTC 2019 /home/travis/build/icyphy/ptII/ptolemy/actor/lib/test/auto/Clock6.xml
----------------- Instantiating /home/travis/build/icyphy/ptII/ptolemy/actor/lib/test/auto/Clock6.xml
2 ms. Memory: 433152K Free: 137602K (32%)
----------------- Invoking toplevel() on ptolemy.moml.MoMLSimpleApplication@3639f478
----------------- Done invoking toplevel() on ptolemy.moml.MoMLSimpleApplication@3639f478
reloadAllAccessors: .Clock6

===========================================================================================
----------------- testing Fri Sep 06 05:42:13 UTC 2019 /home/travis/build/icyphy/ptII/ptolemy/actor/lib/test/auto/Clock7.xml
----------------- Instantiating /home/travis/build/icyphy/ptII/ptolemy/actor/lib/test/auto/Clock7.xml
3 ms. Memory: 433152K Free: 133506K (31%)
----------------- Invoking toplevel() on ptolemy.moml.MoMLSimpleApplication@d209d93
----------------- Done invoking toplevel() on ptolemy.moml.MoMLSimpleApplication@d209d93
reloadAllAccessors: .Clock7

===========================================================================================
----------------- testing Fri Sep 06 05:42:13 UTC 2019 /home/travis/build/icyphy/ptII/ptolemy/actor/lib/test/auto/Clock8.xml
----------------- Instantiating /home/travis/build/icyphy/ptII/ptolemy/actor/lib/test/auto/Clock8.xml
18 ms. Memory: 433152K Free: 384894K (89%)
----------------- Invoking toplevel() on ptolemy.moml.MoMLSimpleApplication@2c88965b
----------------- Done invoking toplevel() on ptolemy.moml.MoMLSimpleApplication@2c88965b
reloadAllAccessors: .Clock8

===========================================================================================
----------------- testing Fri Sep 06 05:42:13 UTC 2019 /home/travis/build/icyphy/ptII/ptolemy/actor/lib/test/auto/Clock9.xml
----------------- Instantiating /home/travis/build/icyphy/ptII/ptolemy/actor/lib/test/auto/Clock9.xml
7 ms. Memory: 433152K Free: 378750K (87%)
----------------- Invoking toplevel() on ptolemy.moml.MoMLSimpleApplication@462bc61d
----------------- Done invoking toplevel() on ptolemy.moml.MoMLSimpleApplication@462bc61d
reloadAllAccessors: .Clock9

===========================================================================================
----------------- testing Fri Sep 06 05:42:13 UTC 2019 /home/travis/build/icyphy/ptII/ptolemy/actor/lib/test/auto/CommDistDiscard.xml
----------------- Instantiating /home/travis/build/icyphy/ptII/ptolemy/actor/lib/test/auto/CommDistDiscard.xml
4 ms. Memory: 433152K Free: 373630K (86%)
----------------- Invoking toplevel() on ptolemy.moml.MoMLSimpleApplication@63fc9e3d
----------------- Done invoking toplevel() on ptolemy.moml.MoMLSimpleApplication@63fc9e3d
reloadAllAccessors: .CommDistDiscard

===========================================================================================
----------------- testing Fri Sep 06 05:42:13 UTC 2019 /home/travis/build/icyphy/ptII/ptolemy/actor/lib/test/auto/Commutator.xml
----------------- Instantiating /home/travis/build/icyphy/ptII/ptolemy/actor/lib/test/auto/Commutator.xml
2 ms. Memory: 433152K Free: 369020K (85%)
----------------- Invoking toplevel() on ptolemy.moml.MoMLSimpleApplication@30e6666d
----------------- Done invoking toplevel() on ptolemy.moml.MoMLSimpleApplication@30e6666d
reloadAllAccessors: .Commutator

===========================================================================================
----------------- testing Fri Sep 06 05:42:13 UTC 2019 /home/travis/build/icyphy/ptII/ptolemy/actor/lib/test/auto/Commutator2.xml
----------------- Instantiating /home/travis/build/icyphy/ptII/ptolemy/actor/lib/test/auto/Commutator2.xml
2 ms. Memory: 433152K Free: 364924K (84%)
----------------- Invoking toplevel() on ptolemy.moml.MoMLSimpleApplication@3cd37f57
----------------- Done invoking toplevel() on ptolemy.moml.MoMLSimpleApplication@3cd37f57
reloadAllAccessors: .Commutator2

===========================================================================================
----------------- testing Fri Sep 06 05:42:13 UTC 2019 /home/travis/build/icyphy/ptII/ptolemy/actor/lib/test/auto/Commutator3.xml
----------------- Instantiating /home/travis/build/icyphy/ptII/ptolemy/actor/lib/test/auto/Commutator3.xml
2 ms. Memory: 433152K Free: 360318K (83%)
----------------- Invoking toplevel() on ptolemy.moml.MoMLSimpleApplication@3b304cfc
----------------- Done invoking toplevel() on ptolemy.moml.MoMLSimpleApplication@3b304cfc
reloadAllAccessors: .Commutator3

===========================================================================================
----------------- testing Fri Sep 06 05:42:13 UTC 2019 /home/travis/build/icyphy/ptII/ptolemy/actor/lib/test/auto/Compare.xml
----------------- Instantiating /home/travis/build/icyphy/ptII/ptolemy/actor/lib/test/auto/Compare.xml
4 ms. Memory: 433152K Free: 353660K (82%)
----------------- Invoking toplevel() on ptolemy.moml.MoMLSimpleApplication@54e24f85
----------------- Done invoking toplevel() on ptolemy.moml.MoMLSimpleApplication@54e24f85
reloadAllAccessors: .Compare

===========================================================================================
----------------- testing Fri Sep 06 05:42:13 UTC 2019 /home/travis/build/icyphy/ptII/ptolemy/actor/lib/test/auto/CompareDE.xml
----------------- Instantiating /home/travis/build/icyphy/ptII/ptolemy/actor/lib/test/auto/CompareDE.xml
5 ms. Memory: 433152K Free: 347006K (80%)
----------------- Invoking toplevel() on ptolemy.moml.MoMLSimpleApplication@482af0d4
----------------- Done invoking toplevel() on ptolemy.moml.MoMLSimpleApplication@482af0d4
reloadAllAccessors: .CompareDE

===========================================================================================
----------------- testing Fri Sep 06 05:42:13 UTC 2019 /home/travis/build/icyphy/ptII/ptolemy/actor/lib/test/auto/ComplexDivide.xml
----------------- Instantiating /home/travis/build/icyphy/ptII/ptolemy/actor/lib/test/auto/ComplexDivide.xml
1 ms. Memory: 433152K Free: 342910K (79%)
----------------- Invoking toplevel() on ptolemy.moml.MoMLSimpleApplication@76f7630c
----------------- Done invoking toplevel() on ptolemy.moml.MoMLSimpleApplication@76f7630c
reloadAllAccessors: .ComplexDivide

===========================================================================================
----------------- testing Fri Sep 06 05:42:13 UTC 2019 /home/travis/build/icyphy/ptII/ptolemy/actor/lib/test/auto/ComputeHistogram.xml
----------------- Instantiating /home/travis/build/icyphy/ptII/ptolemy/actor/lib/test/auto/ComputeHistogram.xml
50 ms. Memory: 433152K Free: 330622K (76%)
----------------- Invoking toplevel() on ptolemy.moml.MoMLSimpleApplication@8a2bd3b
----------------- Done invoking toplevel() on ptolemy.moml.MoMLSimpleApplication@8a2bd3b
reloadAllAccessors: .ComputeHistogram

===========================================================================================
----------------- testing Fri Sep 06 05:42:13 UTC 2019 /home/travis/build/icyphy/ptII/ptolemy/actor/lib/test/auto/ConfigurationSelect.xml
----------------- Instantiating /home/travis/build/icyphy/ptII/ptolemy/actor/lib/test/auto/ConfigurationSelect.xml
13 ms. Memory: 433152K Free: 324974K (75%)
----------------- Invoking toplevel() on ptolemy.moml.MoMLSimpleApplication@6318a3bc
----------------- Done invoking toplevel() on ptolemy.moml.MoMLSimpleApplication@6318a3bc
reloadAllAccessors: .ConfigurationSelect

===========================================================================================
----------------- testing Fri Sep 06 05:42:13 UTC 2019 /home/travis/build/icyphy/ptII/ptolemy/actor/lib/test/auto/ConfigurationSelect2.xml
----------------- Instantiating /home/travis/build/icyphy/ptII/ptolemy/actor/lib/test/auto/ConfigurationSelect2.xml
2 ms. Memory: 433152K Free: 320382K (74%)
----------------- Invoking toplevel() on ptolemy.moml.MoMLSimpleApplication@5e9bed2c
----------------- Done invoking toplevel() on ptolemy.moml.MoMLSimpleApplication@5e9bed2c
reloadAllAccessors: .ConfigurationSelect2

===========================================================================================
----------------- testing Fri Sep 06 05:42:13 UTC 2019 /home/travis/build/icyphy/ptII/ptolemy/actor/lib/test/auto/ConfigurationSwitch.xml
----------------- Instantiating /home/travis/build/icyphy/ptII/ptolemy/actor/lib/test/auto/ConfigurationSwitch.xml
2 ms. Memory: 433152K Free: 315262K (73%)
----------------- Invoking toplevel() on ptolemy.moml.MoMLSimpleApplication@4ec58de
----------------- Done invoking toplevel() on ptolemy.moml.MoMLSimpleApplication@4ec58de
reloadAllAccessors: .ConfigurationSwitch

===========================================================================================
----------------- testing Fri Sep 06 05:42:13 UTC 2019 /home/travis/build/icyphy/ptII/ptolemy/actor/lib/test/auto/ConfigurationSwitch2.xml
----------------- Instantiating /home/travis/build/icyphy/ptII/ptolemy/actor/lib/test/auto/ConfigurationSwitch2.xml
4 ms. Memory: 433152K Free: 309628K (71%)
----------------- Invoking toplevel() on ptolemy.moml.MoMLSimpleApplication@78f1c438
----------------- Done invoking toplevel() on ptolemy.moml.MoMLSimpleApplication@78f1c438
reloadAllAccessors: .ConfigurationSwitch2

===========================================================================================
----------------- testing Fri Sep 06 05:42:13 UTC 2019 /home/travis/build/icyphy/ptII/ptolemy/actor/lib/test/auto/ConfigurationSwitchCloningBugWithClassRelationGroup.xml
----------------- Instantiating /home/travis/build/icyphy/ptII/ptolemy/actor/lib/test/auto/ConfigurationSwitchCloningBugWithClassRelationGroup.xml
2 ms. Memory: 433152K Free: 302974K (70%)
----------------- Invoking toplevel() on ptolemy.moml.MoMLSimpleApplication@445d7bd9
----------------- Done invoking toplevel() on ptolemy.moml.MoMLSimpleApplication@445d7bd9
reloadAllAccessors: .ConfigurationSwitchCloningBugWithClassRelationGroup

===========================================================================================
----------------- testing Fri Sep 06 05:42:13 UTC 2019 /home/travis/build/icyphy/ptII/ptolemy/actor/lib/test/auto/ConfigurationSwitchSelectSDF.xml
----------------- Instantiating /home/travis/build/icyphy/ptII/ptolemy/actor/lib/test/auto/ConfigurationSwitchSelectSDF.xml
6 ms. Memory: 433152K Free: 297340K (69%)
----------------- Invoking toplevel() on ptolemy.moml.MoMLSimpleApplication@300a5aee
----------------- Done invoking toplevel() on ptolemy.moml.MoMLSimpleApplication@300a5aee
reloadAllAccessors: .ConfigurationSwitchSelectSDF

===========================================================================================
----------------- testing Fri Sep 06 05:42:13 UTC 2019 /home/travis/build/icyphy/ptII/ptolemy/actor/lib/test/auto/ConfigurationSwitchSelectSDF2.xml
----------------- Instantiating /home/travis/build/icyphy/ptII/ptolemy/actor/lib/test/auto/ConfigurationSwitchSelectSDF2.xml
3 ms. Memory: 433152K Free: 291196K (67%)
----------------- Invoking toplevel() on ptolemy.moml.MoMLSimpleApplication@1b90468c
----------------- Done invoking toplevel() on ptolemy.moml.MoMLSimpleApplication@1b90468c
reloadAllAccessors: .ConfigurationSwitchSelectSDF2

===========================================================================================
----------------- testing Fri Sep 06 05:42:13 UTC 2019 /home/travis/build/icyphy/ptII/ptolemy/actor/lib/test/auto/Const.xml
----------------- Instantiating /home/travis/build/icyphy/ptII/ptolemy/actor/lib/test/auto/Const.xml
1 ms. Memory: 433152K Free: 288124K (67%)
----------------- Invoking toplevel() on ptolemy.moml.MoMLSimpleApplication@1fd91741
----------------- Done invoking toplevel() on ptolemy.moml.MoMLSimpleApplication@1fd91741
reloadAllAccessors: .Const

===========================================================================================
----------------- testing Fri Sep 06 05:42:13 UTC 2019 /home/travis/build/icyphy/ptII/ptolemy/actor/lib/test/auto/Const2.xml
----------------- Instantiating /home/travis/build/icyphy/ptII/ptolemy/actor/lib/test/auto/Const2.xml
2 ms. Memory: 433152K Free: 284028K (66%)
----------------- Invoking toplevel() on ptolemy.moml.MoMLSimpleApplication@78b272de
----------------- Done invoking toplevel() on ptolemy.moml.MoMLSimpleApplication@78b272de
reloadAllAccessors: .Const2

===========================================================================================
----------------- testing Fri Sep 06 05:42:13 UTC 2019 /home/travis/build/icyphy/ptII/ptolemy/actor/lib/test/auto/Const3.xml
----------------- Instantiating /home/travis/build/icyphy/ptII/ptolemy/actor/lib/test/auto/Const3.xml
1 ms. Memory: 433152K Free: 280956K (65%)
----------------- Invoking toplevel() on ptolemy.moml.MoMLSimpleApplication@7be06ae4
----------------- Done invoking toplevel() on ptolemy.moml.MoMLSimpleApplication@7be06ae4
reloadAllAccessors: .Const3

===========================================================================================
----------------- testing Fri Sep 06 05:42:13 UTC 2019 /home/travis/build/icyphy/ptII/ptolemy/actor/lib/test/auto/ConstantPublisherPort1.xml
----------------- Instantiating /home/travis/build/icyphy/ptII/ptolemy/actor/lib/test/auto/ConstantPublisherPort1.xml
10 ms. Memory: 433152K Free: 272764K (63%)
----------------- Invoking toplevel() on ptolemy.moml.MoMLSimpleApplication@43c60721
----------------- Done invoking toplevel() on ptolemy.moml.MoMLSimpleApplication@43c60721
reloadAllAccessors: .ConstantPublisherPort1

===========================================================================================
----------------- testing Fri Sep 06 05:42:13 UTC 2019 /home/travis/build/icyphy/ptII/ptolemy/actor/lib/test/auto/ConstantPublisherPort2.xml
----------------- Instantiating /home/travis/build/icyphy/ptII/ptolemy/actor/lib/test/auto/ConstantPublisherPort2.xml
14 ms. Memory: 433152K Free: 265086K (61%)
----------------- Invoking toplevel() on ptolemy.moml.MoMLSimpleApplication@4b3a377d
----------------- Done invoking toplevel() on ptolemy.moml.MoMLSimpleApplication@4b3a377d
reloadAllAccessors: .ConstantPublisherPort2

===========================================================================================
----------------- testing Fri Sep 06 05:42:13 UTC 2019 /home/travis/build/icyphy/ptII/ptolemy/actor/lib/test/auto/ConstantPublisherPort3.xml
----------------- Instantiating /home/travis/build/icyphy/ptII/ptolemy/actor/lib/test/auto/ConstantPublisherPort3.xml
7 ms. Memory: 433152K Free: 257404K (59%)
----------------- Invoking toplevel() on ptolemy.moml.MoMLSimpleApplication@ff0d100
----------------- Done invoking toplevel() on ptolemy.moml.MoMLSimpleApplication@ff0d100
reloadAllAccessors: .ConstantPublisherPort3

===========================================================================================
----------------- testing Fri Sep 06 05:42:13 UTC 2019 /home/travis/build/icyphy/ptII/ptolemy/actor/lib/test/auto/ConstantPublisherPort4.xml
----------------- Instantiating /home/travis/build/icyphy/ptII/ptolemy/actor/lib/test/auto/ConstantPublisherPort4.xml
5 ms. Memory: 433152K Free: 250750K (58%)
----------------- Invoking toplevel() on ptolemy.moml.MoMLSimpleApplication@666ed229
----------------- Done invoking toplevel() on ptolemy.moml.MoMLSimpleApplication@666ed229
reloadAllAccessors: .ConstantPublisherPort4

===========================================================================================
----------------- testing Fri Sep 06 05:42:13 UTC 2019 /home/travis/build/icyphy/ptII/ptolemy/actor/lib/test/auto/ConstantPublisherPort5.xml
----------------- Instantiating /home/travis/build/icyphy/ptII/ptolemy/actor/lib/test/auto/ConstantPublisherPort5.xml
33 ms. Memory: 433152K Free: 241020K (56%)
----------------- Invoking toplevel() on ptolemy.moml.MoMLSimpleApplication@5eaa2c50
----------------- Done invoking toplevel() on ptolemy.moml.MoMLSimpleApplication@5eaa2c50
reloadAllAccessors: .ConstantPublisherPort5

===========================================================================================
----------------- testing Fri Sep 06 05:42:13 UTC 2019 /home/travis/build/icyphy/ptII/ptolemy/actor/lib/test/auto/ConstantPublisherPort6.xml
----------------- Instantiating /home/travis/build/icyphy/ptII/ptolemy/actor/lib/test/auto/ConstantPublisherPort6.xml
16 ms. Memory: 433152K Free: 231804K (54%)
----------------- Invoking toplevel() on ptolemy.moml.MoMLSimpleApplication@79689f3a
----------------- Done invoking toplevel() on ptolemy.moml.MoMLSimpleApplication@79689f3a
reloadAllAccessors: .ConstantPublisherPort6

===========================================================================================
----------------- testing Fri Sep 06 05:42:13 UTC 2019 /home/travis/build/icyphy/ptII/ptolemy/actor/lib/test/auto/ConstantPublisherPort7.xml
----------------- Instantiating /home/travis/build/icyphy/ptII/ptolemy/actor/lib/test/auto/ConstantPublisherPort7.xml
22 ms. Memory: 433152K Free: 223102K (52%)
----------------- Invoking toplevel() on ptolemy.moml.MoMLSimpleApplication@25665a1b
----------------- Done invoking toplevel() on ptolemy.moml.MoMLSimpleApplication@25665a1b
reloadAllAccessors: .ConstantPublisherPort7

===========================================================================================
----------------- testing Fri Sep 06 05:42:13 UTC 2019 /home/travis/build/icyphy/ptII/ptolemy/actor/lib/test/auto/ConstraintMonitor1.xml
----------------- Instantiating /home/travis/build/icyphy/ptII/ptolemy/actor/lib/test/auto/ConstraintMonitor1.xml
6 ms. Memory: 433152K Free: 217982K (50%)
----------------- Invoking toplevel() on ptolemy.moml.MoMLSimpleApplication@295a85ab
----------------- Done invoking toplevel() on ptolemy.moml.MoMLSimpleApplication@295a85ab
reloadAllAccessors: .ConstraintMonitor1

===========================================================================================
----------------- testing Fri Sep 06 05:42:14 UTC 2019 /home/travis/build/icyphy/ptII/ptolemy/actor/lib/test/auto/ConstraintMonitor2.xml
----------------- Instantiating /home/travis/build/icyphy/ptII/ptolemy/actor/lib/test/auto/ConstraintMonitor2.xml
2 ms. Memory: 433152K Free: 213372K (49%)
----------------- Invoking toplevel() on ptolemy.moml.MoMLSimpleApplication@5c73c084
----------------- Done invoking toplevel() on ptolemy.moml.MoMLSimpleApplication@5c73c084
reloadAllAccessors: .ConstraintMonitor2

===========================================================================================
----------------- testing Fri Sep 06 05:42:14 UTC 2019 /home/travis/build/icyphy/ptII/ptolemy/actor/lib/test/auto/ConstraintMonitor3.xml
----------------- Instantiating /home/travis/build/icyphy/ptII/ptolemy/actor/lib/test/auto/ConstraintMonitor3.xml
8 ms. Memory: 433152K Free: 209276K (48%)
----------------- Invoking toplevel() on ptolemy.moml.MoMLSimpleApplication@65ca064
----------------- Done invoking toplevel() on ptolemy.moml.MoMLSimpleApplication@65ca064
reloadAllAccessors: .ConstraintMonitor3

===========================================================================================
----------------- testing Fri Sep 06 05:42:14 UTC 2019 /home/travis/build/icyphy/ptII/ptolemy/actor/lib/test/auto/ConstraintMonitor4.xml
----------------- Instantiating /home/travis/build/icyphy/ptII/ptolemy/actor/lib/test/auto/ConstraintMonitor4.xml
4 ms. Memory: 433152K Free: 204156K (47%)
----------------- Invoking toplevel() on ptolemy.moml.MoMLSimpleApplication@20524885
----------------- Done invoking toplevel() on ptolemy.moml.MoMLSimpleApplication@20524885
reloadAllAccessors: .ConstraintMonitor4

===========================================================================================
----------------- testing Fri Sep 06 05:42:14 UTC 2019 /home/travis/build/icyphy/ptII/ptolemy/actor/lib/test/auto/ConstraintMonitor5.xml
----------------- Instantiating /home/travis/build/icyphy/ptII/ptolemy/actor/lib/test/auto/ConstraintMonitor5.xml
2 ms. Memory: 433152K Free: 198526K (46%)
----------------- Invoking toplevel() on ptolemy.moml.MoMLSimpleApplication@28b013f2
----------------- Done invoking toplevel() on ptolemy.moml.MoMLSimpleApplication@28b013f2
reloadAllAccessors: .ConstraintMonitor5

===========================================================================================
----------------- testing Fri Sep 06 05:42:14 UTC 2019 /home/travis/build/icyphy/ptII/ptolemy/actor/lib/test/auto/ConstraintMonitor6.xml
----------------- Instantiating /home/travis/build/icyphy/ptII/ptolemy/actor/lib/test/auto/ConstraintMonitor6.xml
2 ms. Memory: 433152K Free: 192862K (45%)
----------------- Invoking toplevel() on ptolemy.moml.MoMLSimpleApplication@56029b44
----------------- Done invoking toplevel() on ptolemy.moml.MoMLSimpleApplication@56029b44
reloadAllAccessors: .ConstraintMonitor6

===========================================================================================
----------------- testing Fri Sep 06 05:42:14 UTC 2019 /home/travis/build/icyphy/ptII/ptolemy/actor/lib/test/auto/ConstraintMonitor7.xml
----------------- Instantiating /home/travis/build/icyphy/ptII/ptolemy/actor/lib/test/auto/ConstraintMonitor7.xml
2 ms. Memory: 433152K Free: 186742K (43%)
----------------- Invoking toplevel() on ptolemy.moml.MoMLSimpleApplication@6fac48a2
----------------- Done invoking toplevel() on ptolemy.moml.MoMLSimpleApplication@6fac48a2
reloadAllAccessors: .ConstraintMonitor7

===========================================================================================
----------------- testing Fri Sep 06 05:42:14 UTC 2019 /home/travis/build/icyphy/ptII/ptolemy/actor/lib/test/auto/ConstraintMonitor8.xml
----------------- Instantiating /home/travis/build/icyphy/ptII/ptolemy/actor/lib/test/auto/ConstraintMonitor8.xml
8 ms. Memory: 433152K Free: 179070K (41%)
----------------- Invoking toplevel() on ptolemy.moml.MoMLSimpleApplication@79be59e1
----------------- Done invoking toplevel() on ptolemy.moml.MoMLSimpleApplication@79be59e1
reloadAllAccessors: .ConstraintMonitor8

===========================================================================================
----------------- testing Fri Sep 06 05:42:14 UTC 2019 /home/travis/build/icyphy/ptII/ptolemy/actor/lib/test/auto/Counter.xml
----------------- Instantiating /home/travis/build/icyphy/ptII/ptolemy/actor/lib/test/auto/Counter.xml
4 ms. Memory: 433152K Free: 174460K (40%)
----------------- Invoking toplevel() on ptolemy.moml.MoMLSimpleApplication@43b04a7b
----------------- Done invoking toplevel() on ptolemy.moml.MoMLSimpleApplication@43b04a7b
reloadAllAccessors: .Counter

===========================================================================================
----------------- testing Fri Sep 06 05:42:14 UTC 2019 /home/travis/build/icyphy/ptII/ptolemy/actor/lib/test/auto/CurrentTimeSDF.xml
----------------- Instantiating /home/travis/build/icyphy/ptII/ptolemy/actor/lib/test/auto/CurrentTimeSDF.xml
2 ms. Memory: 433152K Free: 170364K (39%)
----------------- Invoking toplevel() on ptolemy.moml.MoMLSimpleApplication@4af95a4d
----------------- Done invoking toplevel() on ptolemy.moml.MoMLSimpleApplication@4af95a4d
reloadAllAccessors: .CurrentTimeSDF

===========================================================================================
----------------- testing Fri Sep 06 05:42:14 UTC 2019 /home/travis/build/icyphy/ptII/ptolemy/actor/lib/test/auto/DB.xml
----------------- Instantiating /home/travis/build/icyphy/ptII/ptolemy/actor/lib/test/auto/DB.xml
2 ms. Memory: 433152K Free: 165244K (38%)
----------------- Invoking toplevel() on ptolemy.moml.MoMLSimpleApplication@27d6cfff
----------------- Done invoking toplevel() on ptolemy.moml.MoMLSimpleApplication@27d6cfff
reloadAllAccessors: .DB

===========================================================================================
----------------- testing Fri Sep 06 05:42:14 UTC 2019 /home/travis/build/icyphy/ptII/ptolemy/actor/lib/test/auto/DBDE.xml
----------------- Instantiating /home/travis/build/icyphy/ptII/ptolemy/actor/lib/test/auto/DBDE.xml
5 ms. Memory: 433152K Free: 159614K (37%)
----------------- Invoking toplevel() on ptolemy.moml.MoMLSimpleApplication@6553b9ef
----------------- Done invoking toplevel() on ptolemy.moml.MoMLSimpleApplication@6553b9ef
reloadAllAccessors: .DBDE

===========================================================================================
----------------- testing Fri Sep 06 05:42:14 UTC 2019 /home/travis/build/icyphy/ptII/ptolemy/actor/lib/test/auto/DateConstructor.xml
----------------- Instantiating /home/travis/build/icyphy/ptII/ptolemy/actor/lib/test/auto/DateConstructor.xml
34 ms. Memory: 433152K Free: 141692K (33%)
----------------- Invoking toplevel() on ptolemy.moml.MoMLSimpleApplication@27faec85
----------------- Done invoking toplevel() on ptolemy.moml.MoMLSimpleApplication@27faec85
reloadAllAccessors: .DateConstructor

===========================================================================================
----------------- testing Fri Sep 06 05:42:14 UTC 2019 /home/travis/build/icyphy/ptII/ptolemy/actor/lib/test/auto/DelayTime.xml
----------------- Instantiating /home/travis/build/icyphy/ptII/ptolemy/actor/lib/test/auto/DelayTime.xml
4 ms. Memory: 433152K Free: 136062K (31%)
----------------- Invoking toplevel() on ptolemy.moml.MoMLSimpleApplication@5a1d2e3
----------------- Done invoking toplevel() on ptolemy.moml.MoMLSimpleApplication@5a1d2e3
reloadAllAccessors: .DelayTime

===========================================================================================
----------------- testing Fri Sep 06 05:42:14 UTC 2019 /home/travis/build/icyphy/ptII/ptolemy/actor/lib/test/auto/Dictionary1.xml
----------------- Instantiating /home/travis/build/icyphy/ptII/ptolemy/actor/lib/test/auto/Dictionary1.xml
2 ms. Memory: 433152K Free: 130428K (30%)
----------------- Invoking toplevel() on ptolemy.moml.MoMLSimpleApplication@55b2e361
----------------- Done invoking toplevel() on ptolemy.moml.MoMLSimpleApplication@55b2e361
reloadAllAccessors: .Dictionary1

===========================================================================================
----------------- testing Fri Sep 06 05:42:14 UTC 2019 /home/travis/build/icyphy/ptII/ptolemy/actor/lib/test/auto/Dictionary2.xml
----------------- Instantiating /home/travis/build/icyphy/ptII/ptolemy/actor/lib/test/auto/Dictionary2.xml
5 ms. Memory: 433152K Free: 381906K (88%)
----------------- Invoking toplevel() on ptolemy.moml.MoMLSimpleApplication@55cb062d
----------------- Done invoking toplevel() on ptolemy.moml.MoMLSimpleApplication@55cb062d
reloadAllAccessors: .Dictionary2

===========================================================================================
----------------- testing Fri Sep 06 05:42:14 UTC 2019 /home/travis/build/icyphy/ptII/ptolemy/actor/lib/test/auto/Dictionary3.xml
----------------- Instantiating /home/travis/build/icyphy/ptII/ptolemy/actor/lib/test/auto/Dictionary3.xml
2 ms. Memory: 433152K Free: 376276K (87%)
----------------- Invoking toplevel() on ptolemy.moml.MoMLSimpleApplication@4897a96
----------------- Done invoking toplevel() on ptolemy.moml.MoMLSimpleApplication@4897a96
reloadAllAccessors: .Dictionary3

===========================================================================================
----------------- testing Fri Sep 06 05:42:14 UTC 2019 /home/travis/build/icyphy/ptII/ptolemy/actor/lib/test/auto/Dictionary4.xml
----------------- Instantiating /home/travis/build/icyphy/ptII/ptolemy/actor/lib/test/auto/Dictionary4.xml
6 ms. Memory: 433152K Free: 369108K (85%)
----------------- Invoking toplevel() on ptolemy.moml.MoMLSimpleApplication@1966d3d5
----------------- Done invoking toplevel() on ptolemy.moml.MoMLSimpleApplication@1966d3d5
reloadAllAccessors: .Dictionary4

===========================================================================================
----------------- testing Fri Sep 06 05:42:14 UTC 2019 /home/travis/build/icyphy/ptII/ptolemy/actor/lib/test/auto/Differential.xml
----------------- Instantiating /home/travis/build/icyphy/ptII/ptolemy/actor/lib/test/auto/Differential.xml
3 ms. Memory: 433152K Free: 364498K (84%)
----------------- Invoking toplevel() on ptolemy.moml.MoMLSimpleApplication@18728fbc
----------------- Done invoking toplevel() on ptolemy.moml.MoMLSimpleApplication@18728fbc
reloadAllAccessors: .Differential

===========================================================================================
----------------- testing Fri Sep 06 05:42:14 UTC 2019 /home/travis/build/icyphy/ptII/ptolemy/actor/lib/test/auto/Director.xml
----------------- Instantiating /home/travis/build/icyphy/ptII/ptolemy/actor/lib/test/auto/Director.xml
4 ms. Memory: 433152K Free: 361426K (83%)
----------------- Invoking toplevel() on ptolemy.moml.MoMLSimpleApplication@34e2043b
----------------- Done invoking toplevel() on ptolemy.moml.MoMLSimpleApplication@34e2043b
reloadAllAccessors: .Director

===========================================================================================
----------------- testing Fri Sep 06 05:42:14 UTC 2019 /home/travis/build/icyphy/ptII/ptolemy/actor/lib/test/auto/DiscreteClock.xml
----------------- Instantiating /home/travis/build/icyphy/ptII/ptolemy/actor/lib/test/auto/DiscreteClock.xml
3 ms. Memory: 433152K Free: 357330K (82%)
----------------- Invoking toplevel() on ptolemy.moml.MoMLSimpleApplication@54e30fef
----------------- Done invoking toplevel() on ptolemy.moml.MoMLSimpleApplication@54e30fef
reloadAllAccessors: .DiscreteClock

===========================================================================================
----------------- testing Fri Sep 06 05:42:14 UTC 2019 /home/travis/build/icyphy/ptII/ptolemy/actor/lib/test/auto/DiscreteClock10.xml
----------------- Instantiating /home/travis/build/icyphy/ptII/ptolemy/actor/lib/test/auto/DiscreteClock10.xml
2 ms. Memory: 433152K Free: 351186K (81%)
----------------- Invoking toplevel() on ptolemy.moml.MoMLSimpleApplication@5a3ae13e
----------------- Done invoking toplevel() on ptolemy.moml.MoMLSimpleApplication@5a3ae13e
reloadAllAccessors: .DiscreteClock10

===========================================================================================
----------------- testing Fri Sep 06 05:42:14 UTC 2019 /home/travis/build/icyphy/ptII/ptolemy/actor/lib/test/auto/DiscreteClock11.xml
----------------- Instantiating /home/travis/build/icyphy/ptII/ptolemy/actor/lib/test/auto/DiscreteClock11.xml
2 ms. Memory: 433152K Free: 345556K (80%)
----------------- Invoking toplevel() on ptolemy.moml.MoMLSimpleApplication@5bb8d100
----------------- Done invoking toplevel() on ptolemy.moml.MoMLSimpleApplication@5bb8d100
reloadAllAccessors: .DiscreteClock11

===========================================================================================
----------------- testing Fri Sep 06 05:42:14 UTC 2019 /home/travis/build/icyphy/ptII/ptolemy/actor/lib/test/auto/DiscreteClock12.xml
----------------- Instantiating /home/travis/build/icyphy/ptII/ptolemy/actor/lib/test/auto/DiscreteClock12.xml
3 ms. Memory: 433152K Free: 339412K (78%)
----------------- Invoking toplevel() on ptolemy.moml.MoMLSimpleApplication@26690b97
----------------- Done invoking toplevel() on ptolemy.moml.MoMLSimpleApplication@26690b97
reloadAllAccessors: .DiscreteClock12

===========================================================================================
----------------- testing Fri Sep 06 05:42:14 UTC 2019 /home/travis/build/icyphy/ptII/ptolemy/actor/lib/test/auto/DiscreteClock13.xml
----------------- Instantiating /home/travis/build/icyphy/ptII/ptolemy/actor/lib/test/auto/DiscreteClock13.xml
4 ms. Memory: 433152K Free: 333268K (77%)
----------------- Invoking toplevel() on ptolemy.moml.MoMLSimpleApplication@5a49bd7
----------------- Done invoking toplevel() on ptolemy.moml.MoMLSimpleApplication@5a49bd7
reloadAllAccessors: .DiscreteClock13

===========================================================================================
----------------- testing Fri Sep 06 05:42:14 UTC 2019 /home/travis/build/icyphy/ptII/ptolemy/actor/lib/test/auto/DiscreteClock14.xml
----------------- Instantiating /home/travis/build/icyphy/ptII/ptolemy/actor/lib/test/auto/DiscreteClock14.xml
6 ms. Memory: 433152K Free: 327124K (76%)
----------------- Invoking toplevel() on ptolemy.moml.MoMLSimpleApplication@6d90f4bf
----------------- Done invoking toplevel() on ptolemy.moml.MoMLSimpleApplication@6d90f4bf
reloadAllAccessors: .DiscreteClock14

===========================================================================================
----------------- testing Fri Sep 06 05:42:14 UTC 2019 /home/travis/build/icyphy/ptII/ptolemy/actor/lib/test/auto/DiscreteClock15.xml
----------------- Instantiating /home/travis/build/icyphy/ptII/ptolemy/actor/lib/test/auto/DiscreteClock15.xml
7 ms. Memory: 433152K Free: 321484K (74%)
----------------- Invoking toplevel() on ptolemy.moml.MoMLSimpleApplication@60d636c7
----------------- Done invoking toplevel() on ptolemy.moml.MoMLSimpleApplication@60d636c7
reloadAllAccessors: .DiscreteClock15

===========================================================================================
----------------- testing Fri Sep 06 05:42:14 UTC 2019 /home/travis/build/icyphy/ptII/ptolemy/actor/lib/test/auto/DiscreteClock16.xml
----------------- Instantiating /home/travis/build/icyphy/ptII/ptolemy/actor/lib/test/auto/DiscreteClock16.xml
20 ms. Memory: 433152K Free: 307668K (71%)
----------------- Invoking toplevel() on ptolemy.moml.MoMLSimpleApplication@fc84b89
----------------- Done invoking toplevel() on ptolemy.moml.MoMLSimpleApplication@fc84b89
reloadAllAccessors: .DiscreteClock16

===========================================================================================
----------------- testing Fri Sep 06 05:42:14 UTC 2019 /home/travis/build/icyphy/ptII/ptolemy/actor/lib/test/auto/DiscreteClock17.xml
----------------- Instantiating /home/travis/build/icyphy/ptII/ptolemy/actor/lib/test/auto/DiscreteClock17.xml
18 ms. Memory: 433152K Free: 292788K (68%)
----------------- Invoking toplevel() on ptolemy.moml.MoMLSimpleApplication@1cd2dff
----------------- Done invoking toplevel() on ptolemy.moml.MoMLSimpleApplication@1cd2dff
reloadAllAccessors: .DiscreteClock17

===========================================================================================
----------------- testing Fri Sep 06 05:42:14 UTC 2019 /home/travis/build/icyphy/ptII/ptolemy/actor/lib/test/auto/DiscreteClock18.xml
----------------- Instantiating /home/travis/build/icyphy/ptII/ptolemy/actor/lib/test/auto/DiscreteClock18.xml
25 ms. Memory: 433152K Free: 279506K (65%)
----------------- Invoking toplevel() on ptolemy.moml.MoMLSimpleApplication@42a9d96b
----------------- Done invoking toplevel() on ptolemy.moml.MoMLSimpleApplication@42a9d96b
reloadAllAccessors: .DiscreteClock18

===========================================================================================
----------------- testing Fri Sep 06 05:42:14 UTC 2019 /home/travis/build/icyphy/ptII/ptolemy/actor/lib/test/auto/DiscreteClock19.xml
----------------- Instantiating /home/travis/build/icyphy/ptII/ptolemy/actor/lib/test/auto/DiscreteClock19.xml
23 ms. Memory: 433152K Free: 266180K (61%)
----------------- Invoking toplevel() on ptolemy.moml.MoMLSimpleApplication@662ee37d
----------------- Done invoking toplevel() on ptolemy.moml.MoMLSimpleApplication@662ee37d
reloadAllAccessors: .DiscreteClock19

===========================================================================================
----------------- testing Fri Sep 06 05:42:15 UTC 2019 /home/travis/build/icyphy/ptII/ptolemy/actor/lib/test/auto/DiscreteClock2.xml
----------------- Instantiating /home/travis/build/icyphy/ptII/ptolemy/actor/lib/test/auto/DiscreteClock2.xml
3 ms. Memory: 433152K Free: 261044K (60%)
----------------- Invoking toplevel() on ptolemy.moml.MoMLSimpleApplication@22f2fbd2
----------------- Done invoking toplevel() on ptolemy.moml.MoMLSimpleApplication@22f2fbd2
reloadAllAccessors: .DiscreteClock2

===========================================================================================
----------------- testing Fri Sep 06 05:42:15 UTC 2019 /home/travis/build/icyphy/ptII/ptolemy/actor/lib/test/auto/DiscreteClock20.xml
----------------- Instantiating /home/travis/build/icyphy/ptII/ptolemy/actor/lib/test/auto/DiscreteClock20.xml
8 ms. Memory: 433152K Free: 255444K (59%)
----------------- Invoking toplevel() on ptolemy.moml.MoMLSimpleApplication@c6b4f47
----------------- Done invoking toplevel() on ptolemy.moml.MoMLSimpleApplication@c6b4f47
reloadAllAccessors: .DiscreteClock20

===========================================================================================
----------------- testing Fri Sep 06 05:42:15 UTC 2019 /home/travis/build/icyphy/ptII/ptolemy/actor/lib/test/auto/DiscreteClock21.xml
----------------- Instantiating /home/travis/build/icyphy/ptII/ptolemy/actor/lib/test/auto/DiscreteClock21.xml
8 ms. Memory: 433152K Free: 249810K (58%)
----------------- Invoking toplevel() on ptolemy.moml.MoMLSimpleApplication@6f477a21
----------------- Done invoking toplevel() on ptolemy.moml.MoMLSimpleApplication@6f477a21
reloadAllAccessors: .DiscreteClock21

===========================================================================================
----------------- testing Fri Sep 06 05:42:15 UTC 2019 /home/travis/build/icyphy/ptII/ptolemy/actor/lib/test/auto/DiscreteClock22.xml
----------------- Instantiating /home/travis/build/icyphy/ptII/ptolemy/actor/lib/test/auto/DiscreteClock22.xml
2 ms. Memory: 433152K Free: 244690K (56%)
----------------- Invoking toplevel() on ptolemy.moml.MoMLSimpleApplication@2161c110
----------------- Done invoking toplevel() on ptolemy.moml.MoMLSimpleApplication@2161c110
reloadAllAccessors: .DiscreteClock22

===========================================================================================
----------------- testing Fri Sep 06 05:42:15 UTC 2019 /home/travis/build/icyphy/ptII/ptolemy/actor/lib/test/auto/DiscreteClock23.xml
----------------- Instantiating /home/travis/build/icyphy/ptII/ptolemy/actor/lib/test/auto/DiscreteClock23.xml
9 ms. Memory: 433152K Free: 239060K (55%)
----------------- Invoking toplevel() on ptolemy.moml.MoMLSimpleApplication@3656c3a3
----------------- Done invoking toplevel() on ptolemy.moml.MoMLSimpleApplication@3656c3a3
reloadAllAccessors: .DiscreteClock23

===========================================================================================
----------------- testing Fri Sep 06 05:42:15 UTC 2019 /home/travis/build/icyphy/ptII/ptolemy/actor/lib/test/auto/DiscreteClock24.xml
----------------- Instantiating /home/travis/build/icyphy/ptII/ptolemy/actor/lib/test/auto/DiscreteClock24.xml
3 ms. Memory: 433152K Free: 233426K (54%)
----------------- Invoking toplevel() on ptolemy.moml.MoMLSimpleApplication@1c2a8e00
----------------- Done invoking toplevel() on ptolemy.moml.MoMLSimpleApplication@1c2a8e00
reloadAllAccessors: .DiscreteClock24

===========================================================================================
----------------- testing Fri Sep 06 05:42:15 UTC 2019 /home/travis/build/icyphy/ptII/ptolemy/actor/lib/test/auto/DiscreteClock4.xml
----------------- Instantiating /home/travis/build/icyphy/ptII/ptolemy/actor/lib/test/auto/DiscreteClock4.xml
8 ms. Memory: 433152K Free: 227796K (53%)
----------------- Invoking toplevel() on ptolemy.moml.MoMLSimpleApplication@14443d53
----------------- Done invoking toplevel() on ptolemy.moml.MoMLSimpleApplication@14443d53
reloadAllAccessors: .DiscreteClock4

===========================================================================================
----------------- testing Fri Sep 06 05:42:15 UTC 2019 /home/travis/build/icyphy/ptII/ptolemy/actor/lib/test/auto/DiscreteClock5.xml
----------------- Instantiating /home/travis/build/icyphy/ptII/ptolemy/actor/lib/test/auto/DiscreteClock5.xml
2 ms. Memory: 433152K Free: 222676K (51%)
----------------- Invoking toplevel() on ptolemy.moml.MoMLSimpleApplication@4d2cfc8
----------------- Done invoking toplevel() on ptolemy.moml.MoMLSimpleApplication@4d2cfc8
reloadAllAccessors: .DiscreteClock5

===========================================================================================
----------------- testing Fri Sep 06 05:42:15 UTC 2019 /home/travis/build/icyphy/ptII/ptolemy/actor/lib/test/auto/DiscreteClock6.xml
----------------- Instantiating /home/travis/build/icyphy/ptII/ptolemy/actor/lib/test/auto/DiscreteClock6.xml
2 ms. Memory: 433152K Free: 218066K (50%)
----------------- Invoking toplevel() on ptolemy.moml.MoMLSimpleApplication@63b9ce84
----------------- Done invoking toplevel() on ptolemy.moml.MoMLSimpleApplication@63b9ce84
reloadAllAccessors: .DiscreteClock6

===========================================================================================
----------------- testing Fri Sep 06 05:42:15 UTC 2019 /home/travis/build/icyphy/ptII/ptolemy/actor/lib/test/auto/DiscreteClock7.xml
----------------- Instantiating /home/travis/build/icyphy/ptII/ptolemy/actor/lib/test/auto/DiscreteClock7.xml
2 ms. Memory: 433152K Free: 212946K (49%)
----------------- Invoking toplevel() on ptolemy.moml.MoMLSimpleApplication@27926895
----------------- Done invoking toplevel() on ptolemy.moml.MoMLSimpleApplication@27926895
reloadAllAccessors: .DiscreteClock7

===========================================================================================
----------------- testing Fri Sep 06 05:42:15 UTC 2019 /home/travis/build/icyphy/ptII/ptolemy/actor/lib/test/auto/DiscreteClock8.xml
----------------- Instantiating /home/travis/build/icyphy/ptII/ptolemy/actor/lib/test/auto/DiscreteClock8.xml
5 ms. Memory: 433152K Free: 207316K (48%)
----------------- Invoking toplevel() on ptolemy.moml.MoMLSimpleApplication@76b66aea
----------------- Done invoking toplevel() on ptolemy.moml.MoMLSimpleApplication@76b66aea
reloadAllAccessors: .DiscreteClock8

===========================================================================================
----------------- testing Fri Sep 06 05:42:15 UTC 2019 /home/travis/build/icyphy/ptII/ptolemy/actor/lib/test/auto/DiscreteClock9.xml
----------------- Instantiating /home/travis/build/icyphy/ptII/ptolemy/actor/lib/test/auto/DiscreteClock9.xml
3 ms. Memory: 433152K Free: 201172K (46%)
----------------- Invoking toplevel() on ptolemy.moml.MoMLSimpleApplication@32e79089
----------------- Done invoking toplevel() on ptolemy.moml.MoMLSimpleApplication@32e79089
reloadAllAccessors: .DiscreteClock9

===========================================================================================
----------------- testing Fri Sep 06 05:42:15 UTC 2019 /home/travis/build/icyphy/ptII/ptolemy/actor/lib/test/auto/DisplayArray.xml
----------------- Instantiating /home/travis/build/icyphy/ptII/ptolemy/actor/lib/test/auto/DisplayArray.xml
3 ms. Memory: 433152K Free: 198100K (46%)
----------------- Invoking toplevel() on ptolemy.moml.MoMLSimpleApplication@71c10b42
----------------- Done invoking toplevel() on ptolemy.moml.MoMLSimpleApplication@71c10b42
reloadAllAccessors: .DisplayArray

===========================================================================================
----------------- testing Fri Sep 06 05:42:15 UTC 2019 /home/travis/build/icyphy/ptII/ptolemy/actor/lib/test/auto/Distributor.xml
----------------- Instantiating /home/travis/build/icyphy/ptII/ptolemy/actor/lib/test/auto/Distributor.xml
1 ms. Memory: 433152K Free: 192980K (45%)
----------------- Invoking toplevel() on ptolemy.moml.MoMLSimpleApplication@22a995b
----------------- Done invoking toplevel() on ptolemy.moml.MoMLSimpleApplication@22a995b
reloadAllAccessors: .Distributor

===========================================================================================
----------------- testing Fri Sep 06 05:42:15 UTC 2019 /home/travis/build/icyphy/ptII/ptolemy/actor/lib/test/auto/Distributor2.xml
----------------- Instantiating /home/travis/build/icyphy/ptII/ptolemy/actor/lib/test/auto/Distributor2.xml
1 ms. Memory: 433152K Free: 188370K (43%)
----------------- Invoking toplevel() on ptolemy.moml.MoMLSimpleApplication@d898436
----------------- Done invoking toplevel() on ptolemy.moml.MoMLSimpleApplication@d898436
reloadAllAccessors: .Distributor2

===========================================================================================
----------------- testing Fri Sep 06 05:42:15 UTC 2019 /home/travis/build/icyphy/ptII/ptolemy/actor/lib/test/auto/DownSample.xml
----------------- Instantiating /home/travis/build/icyphy/ptII/ptolemy/actor/lib/test/auto/DownSample.xml
9 ms. Memory: 433152K Free: 183250K (42%)
----------------- Invoking toplevel() on ptolemy.moml.MoMLSimpleApplication@4267f93a
----------------- Done invoking toplevel() on ptolemy.moml.MoMLSimpleApplication@4267f93a
reloadAllAccessors: .DownSample

===========================================================================================
----------------- testing Fri Sep 06 05:42:15 UTC 2019 /home/travis/build/icyphy/ptII/ptolemy/actor/lib/test/auto/ElectronicUnitBase1.xml
----------------- Instantiating /home/travis/build/icyphy/ptII/ptolemy/actor/lib/test/auto/ElectronicUnitBase1.xml
24 ms. Memory: 433152K Free: 167380K (39%)
----------------- Invoking toplevel() on ptolemy.moml.MoMLSimpleApplication@7dfdac19
----------------- Done invoking toplevel() on ptolemy.moml.MoMLSimpleApplication@7dfdac19
reloadAllAccessors: .ElectronicUnitBase1

===========================================================================================
----------------- testing Fri Sep 06 05:42:15 UTC 2019 /home/travis/build/icyphy/ptII/ptolemy/actor/lib/test/auto/ElementsToArray.xml
----------------- Instantiating /home/travis/build/icyphy/ptII/ptolemy/actor/lib/test/auto/ElementsToArray.xml
3 ms. Memory: 433152K Free: 162260K (37%)
----------------- Invoking toplevel() on ptolemy.moml.MoMLSimpleApplication@76fb7d2a
----------------- Done invoking toplevel() on ptolemy.moml.MoMLSimpleApplication@76fb7d2a
reloadAllAccessors: .ElementsToArray

===========================================================================================
----------------- testing Fri Sep 06 05:42:15 UTC 2019 /home/travis/build/icyphy/ptII/ptolemy/actor/lib/test/auto/Equals.xml
----------------- Instantiating /home/travis/build/icyphy/ptII/ptolemy/actor/lib/test/auto/Equals.xml
4 ms. Memory: 433152K Free: 157650K (36%)
----------------- Invoking toplevel() on ptolemy.moml.MoMLSimpleApplication@72950f54
----------------- Done invoking toplevel() on ptolemy.moml.MoMLSimpleApplication@72950f54
reloadAllAccessors: .Equals

===========================================================================================
----------------- testing Fri Sep 06 05:42:15 UTC 2019 /home/travis/build/icyphy/ptII/ptolemy/actor/lib/test/auto/Exec.xml
----------------- Instantiating /home/travis/build/icyphy/ptII/ptolemy/actor/lib/test/auto/Exec.xml
21 ms. Memory: 433152K Free: 151506K (35%)
----------------- Invoking toplevel() on ptolemy.moml.MoMLSimpleApplication@248109a9
----------------- Done invoking toplevel() on ptolemy.moml.MoMLSimpleApplication@248109a9
reloadAllAccessors: .Exec

===========================================================================================
----------------- testing Fri Sep 06 05:42:15 UTC 2019 /home/travis/build/icyphy/ptII/ptolemy/actor/lib/test/auto/ExecEnvironment.xml
----------------- Instantiating /home/travis/build/icyphy/ptII/ptolemy/actor/lib/test/auto/ExecEnvironment.xml
35 ms. Memory: 433152K Free: 146372K (34%)
----------------- Invoking toplevel() on ptolemy.moml.MoMLSimpleApplication@733d9994
----------------- Done invoking toplevel() on ptolemy.moml.MoMLSimpleApplication@733d9994
reloadAllAccessors: .ExecEnvironment

===========================================================================================
----------------- testing Fri Sep 06 05:42:15 UTC 2019 /home/travis/build/icyphy/ptII/ptolemy/actor/lib/test/auto/ExecNonZeroReturnOutput.xml
----------------- Instantiating /home/travis/build/icyphy/ptII/ptolemy/actor/lib/test/auto/ExecNonZeroReturnOutput.xml
239 ms. Memory: 433152K Free: 135636K (31%)
----------------- Invoking toplevel() on ptolemy.moml.MoMLSimpleApplication@23d91f4c
----------------- Done invoking toplevel() on ptolemy.moml.MoMLSimpleApplication@23d91f4c
reloadAllAccessors: .ExecNonZeroReturnOutput

===========================================================================================
----------------- testing Fri Sep 06 05:42:15 UTC 2019 /home/travis/build/icyphy/ptII/ptolemy/actor/lib/test/auto/ExecRunDemos.xml
----------------- Instantiating /home/travis/build/icyphy/ptII/ptolemy/actor/lib/test/auto/ExecRunDemos.xml
Finished: 131 ms. Memory: 120832K Free: 104321K (86%)

Finished: 107 ms. Memory: 120832K Free: 110733K (92%)

Finished: 109 ms. Memory: 120832K Free: 110818K (92%)

Finished: 115 ms. Memory: 120832K Free: 103216K (85%)

Finished: 90 ms. Memory: 120832K Free: 104123K (86%)

12298 ms. Memory: 433152K Free: 369706K (85%)
----------------- Invoking toplevel() on ptolemy.moml.MoMLSimpleApplication@31392f4b
----------------- Done invoking toplevel() on ptolemy.moml.MoMLSimpleApplication@31392f4b
reloadAllAccessors: .ExecRunDemos

===========================================================================================
----------------- testing Fri Sep 06 05:42:28 UTC 2019 /home/travis/build/icyphy/ptII/ptolemy/actor/lib/test/auto/ExecStop.xml
----------------- Instantiating /home/travis/build/icyphy/ptII/ptolemy/actor/lib/test/auto/ExecStop.xml
5036 ms. Memory: 433152K Free: 282154K (65%)
----------------- Invoking toplevel() on ptolemy.moml.MoMLSimpleApplication@12f8932a
----------------- Done invoking toplevel() on ptolemy.moml.MoMLSimpleApplication@12f8932a
reloadAllAccessors: .ExecStop

===========================================================================================
----------------- testing Fri Sep 06 05:42:33 UTC 2019 /home/travis/build/icyphy/ptII/ptolemy/actor/lib/test/auto/ExecutionTimeSDF.xml
----------------- Instantiating /home/travis/build/icyphy/ptII/ptolemy/actor/lib/test/auto/ExecutionTimeSDF.xml
Fired ExecutionTime: -1009767296
Fired ExecutionTime: 841200000
Fired ExecutionTime: -1019767296
6006 ms. Memory: 433152K Free: 269852K (62%)
----------------- Invoking toplevel() on ptolemy.moml.MoMLSimpleApplication@6916ac93
----------------- Done invoking toplevel() on ptolemy.moml.MoMLSimpleApplication@6916ac93
reloadAllAccessors: .ExecutionTimeSDF

===========================================================================================
----------------- testing Fri Sep 06 05:42:39 UTC 2019 /home/travis/build/icyphy/ptII/ptolemy/actor/lib/test/auto/Expression1.xml
----------------- Instantiating /home/travis/build/icyphy/ptII/ptolemy/actor/lib/test/auto/Expression1.xml
2 ms. Memory: 433152K Free: 266284K (61%)
----------------- Invoking toplevel() on ptolemy.moml.MoMLSimpleApplication@3444f65
----------------- Done invoking toplevel() on ptolemy.moml.MoMLSimpleApplication@3444f65
reloadAllAccessors: .Expression1

===========================================================================================
----------------- testing Fri Sep 06 05:42:39 UTC 2019 /home/travis/build/icyphy/ptII/ptolemy/actor/lib/test/auto/Expression10.xml
----------------- Instantiating /home/travis/build/icyphy/ptII/ptolemy/actor/lib/test/auto/Expression10.xml
9 ms. Memory: 433152K Free: 261164K (60%)
----------------- Invoking toplevel() on ptolemy.moml.MoMLSimpleApplication@59bd283
----------------- Done invoking toplevel() on ptolemy.moml.MoMLSimpleApplication@59bd283
reloadAllAccessors: .Expression10

===========================================================================================
----------------- testing Fri Sep 06 05:42:39 UTC 2019 /home/travis/build/icyphy/ptII/ptolemy/actor/lib/test/auto/Expression11.xml
----------------- Instantiating /home/travis/build/icyphy/ptII/ptolemy/actor/lib/test/auto/Expression11.xml
3 ms. Memory: 433152K Free: 256554K (59%)
----------------- Invoking toplevel() on ptolemy.moml.MoMLSimpleApplication@2369e815
----------------- Done invoking toplevel() on ptolemy.moml.MoMLSimpleApplication@2369e815
reloadAllAccessors: .Expression11

===========================================================================================
----------------- testing Fri Sep 06 05:42:39 UTC 2019 /home/travis/build/icyphy/ptII/ptolemy/actor/lib/test/auto/Expression12.xml
----------------- Instantiating /home/travis/build/icyphy/ptII/ptolemy/actor/lib/test/auto/Expression12.xml
4 ms. Memory: 433152K Free: 251434K (58%)
----------------- Invoking toplevel() on ptolemy.moml.MoMLSimpleApplication@22c19013
----------------- Done invoking toplevel() on ptolemy.moml.MoMLSimpleApplication@22c19013
reloadAllAccessors: .Expression12

===========================================================================================
----------------- testing Fri Sep 06 05:42:39 UTC 2019 /home/travis/build/icyphy/ptII/ptolemy/actor/lib/test/auto/Expression13.xml
----------------- Instantiating /home/travis/build/icyphy/ptII/ptolemy/actor/lib/test/auto/Expression13.xml
5 ms. Memory: 433152K Free: 246314K (57%)
----------------- Invoking toplevel() on ptolemy.moml.MoMLSimpleApplication@e994567
----------------- Done invoking toplevel() on ptolemy.moml.MoMLSimpleApplication@e994567
reloadAllAccessors: .Expression13

===========================================================================================
----------------- testing Fri Sep 06 05:42:39 UTC 2019 /home/travis/build/icyphy/ptII/ptolemy/actor/lib/test/auto/Expression14.xml
----------------- Instantiating /home/travis/build/icyphy/ptII/ptolemy/actor/lib/test/auto/Expression14.xml
10 ms. Memory: 433152K Free: 240684K (56%)
----------------- Invoking toplevel() on ptolemy.moml.MoMLSimpleApplication@23f0d8cf
----------------- Done invoking toplevel() on ptolemy.moml.MoMLSimpleApplication@23f0d8cf
reloadAllAccessors: .Expression14

===========================================================================================
----------------- testing Fri Sep 06 05:42:39 UTC 2019 /home/travis/build/icyphy/ptII/ptolemy/actor/lib/test/auto/Expression15.xml
----------------- Instantiating /home/travis/build/icyphy/ptII/ptolemy/actor/lib/test/auto/Expression15.xml
1 ms. Memory: 433152K Free: 236588K (55%)
----------------- Invoking toplevel() on ptolemy.moml.MoMLSimpleApplication@529cd4ec
----------------- Done invoking toplevel() on ptolemy.moml.MoMLSimpleApplication@529cd4ec
reloadAllAccessors: .Expression15

===========================================================================================
----------------- testing Fri Sep 06 05:42:39 UTC 2019 /home/travis/build/icyphy/ptII/ptolemy/actor/lib/test/auto/Expression16.xml
----------------- Instantiating /home/travis/build/icyphy/ptII/ptolemy/actor/lib/test/auto/Expression16.xml
4 ms. Memory: 433152K Free: 231468K (53%)
----------------- Invoking toplevel() on ptolemy.moml.MoMLSimpleApplication@7596ccb1
----------------- Done invoking toplevel() on ptolemy.moml.MoMLSimpleApplication@7596ccb1
reloadAllAccessors: .Expression16

===========================================================================================
----------------- testing Fri Sep 06 05:42:39 UTC 2019 /home/travis/build/icyphy/ptII/ptolemy/actor/lib/test/auto/Expression17.xml
----------------- Instantiating /home/travis/build/icyphy/ptII/ptolemy/actor/lib/test/auto/Expression17.xml
2 ms. Memory: 433152K Free: 226858K (52%)
----------------- Invoking toplevel() on ptolemy.moml.MoMLSimpleApplication@258ca9e7
----------------- Done invoking toplevel() on ptolemy.moml.MoMLSimpleApplication@258ca9e7
reloadAllAccessors: .Expression17

===========================================================================================
----------------- testing Fri Sep 06 05:42:39 UTC 2019 /home/travis/build/icyphy/ptII/ptolemy/actor/lib/test/auto/Expression18.xml
----------------- Instantiating /home/travis/build/icyphy/ptII/ptolemy/actor/lib/test/auto/Expression18.xml
6 ms. Memory: 433152K Free: 221738K (51%)
----------------- Invoking toplevel() on ptolemy.moml.MoMLSimpleApplication@256ef75d
----------------- Done invoking toplevel() on ptolemy.moml.MoMLSimpleApplication@256ef75d
reloadAllAccessors: .Expression18

===========================================================================================
----------------- testing Fri Sep 06 05:42:39 UTC 2019 /home/travis/build/icyphy/ptII/ptolemy/actor/lib/test/auto/Expression2.xml
----------------- Instantiating /home/travis/build/icyphy/ptII/ptolemy/actor/lib/test/auto/Expression2.xml
3 ms. Memory: 433152K Free: 217132K (50%)
----------------- Invoking toplevel() on ptolemy.moml.MoMLSimpleApplication@418db8fb
----------------- Done invoking toplevel() on ptolemy.moml.MoMLSimpleApplication@418db8fb
reloadAllAccessors: .Expression2

===========================================================================================
----------------- testing Fri Sep 06 05:42:39 UTC 2019 /home/travis/build/icyphy/ptII/ptolemy/actor/lib/test/auto/Expression3.xml
----------------- Instantiating /home/travis/build/icyphy/ptII/ptolemy/actor/lib/test/auto/Expression3.xml
8 ms. Memory: 433152K Free: 212012K (49%)
----------------- Invoking toplevel() on ptolemy.moml.MoMLSimpleApplication@168e9ab
----------------- Done invoking toplevel() on ptolemy.moml.MoMLSimpleApplication@168e9ab
reloadAllAccessors: .Expression3

===========================================================================================
----------------- testing Fri Sep 06 05:42:39 UTC 2019 /home/travis/build/icyphy/ptII/ptolemy/actor/lib/test/auto/Expression4.xml
----------------- Instantiating /home/travis/build/icyphy/ptII/ptolemy/actor/lib/test/auto/Expression4.xml
4 ms. Memory: 433152K Free: 204844K (47%)
----------------- Invoking toplevel() on ptolemy.moml.MoMLSimpleApplication@3fb740b
----------------- Done invoking toplevel() on ptolemy.moml.MoMLSimpleApplication@3fb740b
reloadAllAccessors: .Expression4

===========================================================================================
----------------- testing Fri Sep 06 05:42:39 UTC 2019 /home/travis/build/icyphy/ptII/ptolemy/actor/lib/test/auto/Expression5.xml
----------------- Instantiating /home/travis/build/icyphy/ptII/ptolemy/actor/lib/test/auto/Expression5.xml
8 ms. Memory: 433152K Free: 199724K (46%)
----------------- Invoking toplevel() on ptolemy.moml.MoMLSimpleApplication@55ef47af
----------------- Done invoking toplevel() on ptolemy.moml.MoMLSimpleApplication@55ef47af
reloadAllAccessors: .Expression5

===========================================================================================
----------------- testing Fri Sep 06 05:42:39 UTC 2019 /home/travis/build/icyphy/ptII/ptolemy/actor/lib/test/auto/Expression6.xml
----------------- Instantiating /home/travis/build/icyphy/ptII/ptolemy/actor/lib/test/auto/Expression6.xml
3 ms. Memory: 433152K Free: 195114K (45%)
----------------- Invoking toplevel() on ptolemy.moml.MoMLSimpleApplication@3acd5e81
----------------- Done invoking toplevel() on ptolemy.moml.MoMLSimpleApplication@3acd5e81
reloadAllAccessors: .Expression6

===========================================================================================
----------------- testing Fri Sep 06 05:42:39 UTC 2019 /home/travis/build/icyphy/ptII/ptolemy/actor/lib/test/auto/Expression7.xml
----------------- Instantiating /home/travis/build/icyphy/ptII/ptolemy/actor/lib/test/auto/Expression7.xml
2 ms. Memory: 433152K Free: 190508K (44%)
----------------- Invoking toplevel() on ptolemy.moml.MoMLSimpleApplication@1d3a475a
----------------- Done invoking toplevel() on ptolemy.moml.MoMLSimpleApplication@1d3a475a
reloadAllAccessors: .Expression7

===========================================================================================
----------------- testing Fri Sep 06 05:42:39 UTC 2019 /home/travis/build/icyphy/ptII/ptolemy/actor/lib/test/auto/Expression8.xml
----------------- Instantiating /home/travis/build/icyphy/ptII/ptolemy/actor/lib/test/auto/Expression8.xml
9 ms. Memory: 433152K Free: 185388K (43%)
----------------- Invoking toplevel() on ptolemy.moml.MoMLSimpleApplication@304cfcb6
----------------- Done invoking toplevel() on ptolemy.moml.MoMLSimpleApplication@304cfcb6
reloadAllAccessors: .Expression8

===========================================================================================
----------------- testing Fri Sep 06 05:42:39 UTC 2019 /home/travis/build/icyphy/ptII/ptolemy/actor/lib/test/auto/Expression9.xml
----------------- Instantiating /home/travis/build/icyphy/ptII/ptolemy/actor/lib/test/auto/Expression9.xml
2 ms. Memory: 433152K Free: 181802K (42%)
----------------- Invoking toplevel() on ptolemy.moml.MoMLSimpleApplication@6739360a
----------------- Done invoking toplevel() on ptolemy.moml.MoMLSimpleApplication@6739360a
reloadAllAccessors: .Expression9

===========================================================================================
----------------- testing Fri Sep 06 05:42:39 UTC 2019 /home/travis/build/icyphy/ptII/ptolemy/actor/lib/test/auto/ExpressionConcatenateArrayType.xml
----------------- Instantiating /home/travis/build/icyphy/ptII/ptolemy/actor/lib/test/auto/ExpressionConcatenateArrayType.xml
4 ms. Memory: 433152K Free: 175148K (40%)
----------------- Invoking toplevel() on ptolemy.moml.MoMLSimpleApplication@669c0850
----------------- Done invoking toplevel() on ptolemy.moml.MoMLSimpleApplication@669c0850
reloadAllAccessors: .ExpressionConcatenateArrayType

===========================================================================================
----------------- testing Fri Sep 06 05:42:39 UTC 2019 /home/travis/build/icyphy/ptII/ptolemy/actor/lib/test/auto/ExpressionConcatenateArrayType2.xml
----------------- Instantiating /home/travis/build/icyphy/ptII/ptolemy/actor/lib/test/auto/ExpressionConcatenateArrayType2.xml
2 ms. Memory: 433152K Free: 169514K (39%)
----------------- Invoking toplevel() on ptolemy.moml.MoMLSimpleApplication@555d98ae
----------------- Done invoking toplevel() on ptolemy.moml.MoMLSimpleApplication@555d98ae
reloadAllAccessors: .ExpressionConcatenateArrayType2

===========================================================================================
----------------- testing Fri Sep 06 05:42:39 UTC 2019 /home/travis/build/icyphy/ptII/ptolemy/actor/lib/test/auto/ExpressionFix.xml
----------------- Instantiating /home/travis/build/icyphy/ptII/ptolemy/actor/lib/test/auto/ExpressionFix.xml
20 ms. Memory: 433152K Free: 163370K (38%)
----------------- Invoking toplevel() on ptolemy.moml.MoMLSimpleApplication@602dd701
----------------- Done invoking toplevel() on ptolemy.moml.MoMLSimpleApplication@602dd701
reloadAllAccessors: .ExpressionFix

===========================================================================================
----------------- testing Fri Sep 06 05:42:39 UTC 2019 /home/travis/build/icyphy/ptII/ptolemy/actor/lib/test/auto/ExpressionFix2.xml
----------------- Instantiating /home/travis/build/icyphy/ptII/ptolemy/actor/lib/test/auto/ExpressionFix2.xml
5 ms. Memory: 433152K Free: 159274K (37%)
----------------- Invoking toplevel() on ptolemy.moml.MoMLSimpleApplication@319d2233
----------------- Done invoking toplevel() on ptolemy.moml.MoMLSimpleApplication@319d2233
reloadAllAccessors: .ExpressionFix2

===========================================================================================
----------------- testing Fri Sep 06 05:42:39 UTC 2019 /home/travis/build/icyphy/ptII/ptolemy/actor/lib/test/auto/ExpressionFix3.xml
----------------- Instantiating /home/travis/build/icyphy/ptII/ptolemy/actor/lib/test/auto/ExpressionFix3.xml
7 ms. Memory: 433152K Free: 155178K (36%)
----------------- Invoking toplevel() on ptolemy.moml.MoMLSimpleApplication@10925986
----------------- Done invoking toplevel() on ptolemy.moml.MoMLSimpleApplication@10925986
reloadAllAccessors: .ExpressionFix3

===========================================================================================
----------------- testing Fri Sep 06 05:42:40 UTC 2019 /home/travis/build/icyphy/ptII/ptolemy/actor/lib/test/auto/FileWriter1.xml
----------------- Instantiating /home/travis/build/icyphy/ptII/ptolemy/actor/lib/test/auto/FileWriter1.xml
3 ms. Memory: 433152K Free: 151082K (35%)
----------------- Invoking toplevel() on ptolemy.moml.MoMLSimpleApplication@57e9bb
----------------- Done invoking toplevel() on ptolemy.moml.MoMLSimpleApplication@57e9bb
reloadAllAccessors: .FileWriter1

===========================================================================================
----------------- testing Fri Sep 06 05:42:40 UTC 2019 /home/travis/build/icyphy/ptII/ptolemy/actor/lib/test/auto/FileWriter2.xml
----------------- Instantiating /home/travis/build/icyphy/ptII/ptolemy/actor/lib/test/auto/FileWriter2.xml
3 ms. Memory: 433152K Free: 146476K (34%)
----------------- Invoking toplevel() on ptolemy.moml.MoMLSimpleApplication@7824b201
----------------- Done invoking toplevel() on ptolemy.moml.MoMLSimpleApplication@7824b201
reloadAllAccessors: .FileWriter2

===========================================================================================
----------------- testing Fri Sep 06 05:42:40 UTC 2019 /home/travis/build/icyphy/ptII/ptolemy/actor/lib/test/auto/FileWriter3.xml
----------------- Instantiating /home/travis/build/icyphy/ptII/ptolemy/actor/lib/test/auto/FileWriter3.xml
5 ms. Memory: 433152K Free: 142890K (33%)
----------------- Invoking toplevel() on ptolemy.moml.MoMLSimpleApplication@684a3970
----------------- Done invoking toplevel() on ptolemy.moml.MoMLSimpleApplication@684a3970
reloadAllAccessors: .FileWriter3

===========================================================================================
----------------- testing Fri Sep 06 05:42:40 UTC 2019 /home/travis/build/icyphy/ptII/ptolemy/actor/lib/test/auto/Gaussian.xml
----------------- Instantiating /home/travis/build/icyphy/ptII/ptolemy/actor/lib/test/auto/Gaussian.xml
2 ms. Memory: 433152K Free: 138284K (32%)
----------------- Invoking toplevel() on ptolemy.moml.MoMLSimpleApplication@31963a78
----------------- Done invoking toplevel() on ptolemy.moml.MoMLSimpleApplication@31963a78
reloadAllAccessors: .Gaussian

===========================================================================================
----------------- testing Fri Sep 06 05:42:40 UTC 2019 /home/travis/build/icyphy/ptII/ptolemy/actor/lib/test/auto/Gaussian1.xml
----------------- Instantiating /home/travis/build/icyphy/ptII/ptolemy/actor/lib/test/auto/Gaussian1.xml
11 ms. Memory: 433152K Free: 133164K (31%)
----------------- Invoking toplevel() on ptolemy.moml.MoMLSimpleApplication@7fdf0a02
----------------- Done invoking toplevel() on ptolemy.moml.MoMLSimpleApplication@7fdf0a02
reloadAllAccessors: .Gaussian1

===========================================================================================
----------------- testing Fri Sep 06 05:42:40 UTC 2019 /home/travis/build/icyphy/ptII/ptolemy/actor/lib/test/auto/Gaussian2.xml
----------------- Instantiating /home/travis/build/icyphy/ptII/ptolemy/actor/lib/test/auto/Gaussian2.xml
2 ms. Memory: 433152K Free: 383534K (89%)
----------------- Invoking toplevel() on ptolemy.moml.MoMLSimpleApplication@14fe1e5a
----------------- Done invoking toplevel() on ptolemy.moml.MoMLSimpleApplication@14fe1e5a
reloadAllAccessors: .Gaussian2

===========================================================================================
----------------- testing Fri Sep 06 05:42:40 UTC 2019 /home/travis/build/icyphy/ptII/ptolemy/actor/lib/test/auto/GradientAdaptiveLattice.xml
----------------- Instantiating /home/travis/build/icyphy/ptII/ptolemy/actor/lib/test/auto/GradientAdaptiveLattice.xml
3 ms. Memory: 433152K Free: 378428K (87%)
----------------- Invoking toplevel() on ptolemy.moml.MoMLSimpleApplication@4a4e7c7a
----------------- Done invoking toplevel() on ptolemy.moml.MoMLSimpleApplication@4a4e7c7a
reloadAllAccessors: .GradientAdaptiveLattice

===========================================================================================
----------------- testing Fri Sep 06 05:42:40 UTC 2019 /home/travis/build/icyphy/ptII/ptolemy/actor/lib/test/auto/IIR.xml
----------------- Instantiating /home/travis/build/icyphy/ptII/ptolemy/actor/lib/test/auto/IIR.xml
4 ms. Memory: 433152K Free: 373822K (86%)
----------------- Invoking toplevel() on ptolemy.moml.MoMLSimpleApplication@1996ddef
----------------- Done invoking toplevel() on ptolemy.moml.MoMLSimpleApplication@1996ddef
reloadAllAccessors: .IIR

===========================================================================================
----------------- testing Fri Sep 06 05:42:40 UTC 2019 /home/travis/build/icyphy/ptII/ptolemy/actor/lib/test/auto/InputOutputTransparentPorts.xml
----------------- Instantiating /home/travis/build/icyphy/ptII/ptolemy/actor/lib/test/auto/InputOutputTransparentPorts.xml
3 ms. Memory: 433152K Free: 367164K (85%)
----------------- Invoking toplevel() on ptolemy.moml.MoMLSimpleApplication@23aff34e
----------------- Done invoking toplevel() on ptolemy.moml.MoMLSimpleApplication@23aff34e
reloadAllAccessors: .InputOutputTransparentPorts

===========================================================================================
----------------- testing Fri Sep 06 05:42:40 UTC 2019 /home/travis/build/icyphy/ptII/ptolemy/actor/lib/test/auto/Interpolator.xml
----------------- Instantiating /home/travis/build/icyphy/ptII/ptolemy/actor/lib/test/auto/Interpolator.xml
6 ms. Memory: 433152K Free: 363068K (84%)
----------------- Invoking toplevel() on ptolemy.moml.MoMLSimpleApplication@6bcb4b9b
----------------- Done invoking toplevel() on ptolemy.moml.MoMLSimpleApplication@6bcb4b9b
reloadAllAccessors: .Interpolator

===========================================================================================
----------------- testing Fri Sep 06 05:42:40 UTC 2019 /home/travis/build/icyphy/ptII/ptolemy/actor/lib/test/auto/InterpolatorFiringLimitDE.xml
----------------- Instantiating /home/travis/build/icyphy/ptII/ptolemy/actor/lib/test/auto/InterpolatorFiringLimitDE.xml
2 ms. Memory: 433152K Free: 356924K (82%)
----------------- Invoking toplevel() on ptolemy.moml.MoMLSimpleApplication@7ce276f5
----------------- Done invoking toplevel() on ptolemy.moml.MoMLSimpleApplication@7ce276f5
reloadAllAccessors: .InterpolatorFiringLimitDE

===========================================================================================
----------------- testing Fri Sep 06 05:42:40 UTC 2019 /home/travis/build/icyphy/ptII/ptolemy/actor/lib/test/auto/Lattice.xml
----------------- Instantiating /home/travis/build/icyphy/ptII/ptolemy/actor/lib/test/auto/Lattice.xml
1 ms. Memory: 433152K Free: 353342K (82%)
----------------- Invoking toplevel() on ptolemy.moml.MoMLSimpleApplication@47961d9a
----------------- Done invoking toplevel() on ptolemy.moml.MoMLSimpleApplication@47961d9a
reloadAllAccessors: .Lattice

===========================================================================================
----------------- testing Fri Sep 06 05:42:40 UTC 2019 /home/travis/build/icyphy/ptII/ptolemy/actor/lib/test/auto/LazyAOCTestLazy.xml
----------------- Instantiating /home/travis/build/icyphy/ptII/ptolemy/actor/lib/test/auto/LazyAOCTestLazy.xml
11 ms. Memory: 433152K Free: 347198K (80%)
----------------- Invoking toplevel() on ptolemy.moml.MoMLSimpleApplication@33edd693
----------------- Done invoking toplevel() on ptolemy.moml.MoMLSimpleApplication@33edd693
reloadAllAccessors: .LazyAOCTestLazy

===========================================================================================
----------------- testing Fri Sep 06 05:42:40 UTC 2019 /home/travis/build/icyphy/ptII/ptolemy/actor/lib/test/auto/LazyAOCTestNonLazy.xml
----------------- Instantiating /home/travis/build/icyphy/ptII/ptolemy/actor/lib/test/auto/LazyAOCTestNonLazy.xml
2 ms. Memory: 433152K Free: 340540K (79%)
----------------- Invoking toplevel() on ptolemy.moml.MoMLSimpleApplication@3a4bf3f1
----------------- Done invoking toplevel() on ptolemy.moml.MoMLSimpleApplication@3a4bf3f1
reloadAllAccessors: .LazyAOCTestNonLazy

===========================================================================================
----------------- testing Fri Sep 06 05:42:40 UTC 2019 /home/travis/build/icyphy/ptII/ptolemy/actor/lib/test/auto/LazyInnerClass.xml
----------------- Instantiating /home/travis/build/icyphy/ptII/ptolemy/actor/lib/test/auto/LazyInnerClass.xml
13 ms. Memory: 433152K Free: 332334K (77%)
----------------- Invoking toplevel() on ptolemy.moml.MoMLSimpleApplication@261a9858
----------------- Done invoking toplevel() on ptolemy.moml.MoMLSimpleApplication@261a9858
reloadAllAccessors: .LazyInnerClass

===========================================================================================
----------------- testing Fri Sep 06 05:42:40 UTC 2019 /home/travis/build/icyphy/ptII/ptolemy/actor/lib/test/auto/LazyPubSub.xml
----------------- Instantiating /home/travis/build/icyphy/ptII/ptolemy/actor/lib/test/auto/LazyPubSub.xml
17 ms. Memory: 433152K Free: 322108K (74%)
----------------- Invoking toplevel() on ptolemy.moml.MoMLSimpleApplication@debbee3
----------------- Done invoking toplevel() on ptolemy.moml.MoMLSimpleApplication@debbee3
reloadAllAccessors: .LazyPubSub

===========================================================================================
----------------- testing Fri Sep 06 05:42:40 UTC 2019 /home/travis/build/icyphy/ptII/ptolemy/actor/lib/test/auto/LazyPubSub2.xml
----------------- Instantiating /home/travis/build/icyphy/ptII/ptolemy/actor/lib/test/auto/LazyPubSub2.xml
21 ms. Memory: 433152K Free: 311358K (72%)
----------------- Invoking toplevel() on ptolemy.moml.MoMLSimpleApplication@713a2bdd
----------------- Done invoking toplevel() on ptolemy.moml.MoMLSimpleApplication@713a2bdd
reloadAllAccessors: .LazyPubSub2

===========================================================================================
----------------- testing Fri Sep 06 05:42:40 UTC 2019 /home/travis/build/icyphy/ptII/ptolemy/actor/lib/test/auto/LazyPubSub3.xml
----------------- Instantiating /home/travis/build/icyphy/ptII/ptolemy/actor/lib/test/auto/LazyPubSub3.xml
19 ms. Memory: 433152K Free: 301628K (70%)
----------------- Invoking toplevel() on ptolemy.moml.MoMLSimpleApplication@60711f29
----------------- Done invoking toplevel() on ptolemy.moml.MoMLSimpleApplication@60711f29
reloadAllAccessors: .LazyPubSub3

===========================================================================================
----------------- testing Fri Sep 06 05:42:40 UTC 2019 /home/travis/build/icyphy/ptII/ptolemy/actor/lib/test/auto/LazySubClassModel.xml
----------------- Instantiating /home/travis/build/icyphy/ptII/ptolemy/actor/lib/test/auto/LazySubClassModel.xml
2 ms. Memory: 433152K Free: 292412K (68%)
----------------- Invoking toplevel() on ptolemy.moml.MoMLSimpleApplication@3cb109c7
----------------- Done invoking toplevel() on ptolemy.moml.MoMLSimpleApplication@3cb109c7
reloadAllAccessors: .LazySubClassModel

===========================================================================================
----------------- testing Fri Sep 06 05:42:40 UTC 2019 /home/travis/build/icyphy/ptII/ptolemy/actor/lib/test/auto/LevelCrossTest1.xml
----------------- Instantiating /home/travis/build/icyphy/ptII/ptolemy/actor/lib/test/auto/LevelCrossTest1.xml
1 ms. Memory: 433152K Free: 286782K (66%)
----------------- Invoking toplevel() on ptolemy.moml.MoMLSimpleApplication@292ce2eb
----------------- Done invoking toplevel() on ptolemy.moml.MoMLSimpleApplication@292ce2eb
reloadAllAccessors: .broken

===========================================================================================
----------------- testing Fri Sep 06 05:42:40 UTC 2019 /home/travis/build/icyphy/ptII/ptolemy/actor/lib/test/auto/LevelCrossTest10.xml
----------------- Instantiating /home/travis/build/icyphy/ptII/ptolemy/actor/lib/test/auto/LevelCrossTest10.xml
2 ms. Memory: 433152K Free: 280124K (65%)
----------------- Invoking toplevel() on ptolemy.moml.MoMLSimpleApplication@631c65c3
----------------- Done invoking toplevel() on ptolemy.moml.MoMLSimpleApplication@631c65c3
reloadAllAccessors: .LevelCrossTest10

===========================================================================================
----------------- testing Fri Sep 06 05:42:40 UTC 2019 /home/travis/build/icyphy/ptII/ptolemy/actor/lib/test/auto/LevelCrossTest11.xml
----------------- Instantiating /home/travis/build/icyphy/ptII/ptolemy/actor/lib/test/auto/LevelCrossTest11.xml
1 ms. Memory: 433152K Free: 272956K (63%)
----------------- Invoking toplevel() on ptolemy.moml.MoMLSimpleApplication@556ac48b
----------------- Done invoking toplevel() on ptolemy.moml.MoMLSimpleApplication@556ac48b
reloadAllAccessors: .LevelCrossTest11

===========================================================================================
----------------- testing Fri Sep 06 05:42:40 UTC 2019 /home/travis/build/icyphy/ptII/ptolemy/actor/lib/test/auto/LevelCrossTest12.xml
----------------- Instantiating /home/travis/build/icyphy/ptII/ptolemy/actor/lib/test/auto/LevelCrossTest12.xml
1 ms. Memory: 433152K Free: 265788K (61%)
----------------- Invoking toplevel() on ptolemy.moml.MoMLSimpleApplication@31499da8
----------------- Done invoking toplevel() on ptolemy.moml.MoMLSimpleApplication@31499da8
reloadAllAccessors: .LevelCrossTest12

===========================================================================================
----------------- testing Fri Sep 06 05:42:40 UTC 2019 /home/travis/build/icyphy/ptII/ptolemy/actor/lib/test/auto/LevelCrossTest13.xml
----------------- Instantiating /home/travis/build/icyphy/ptII/ptolemy/actor/lib/test/auto/LevelCrossTest13.xml
2 ms. Memory: 433152K Free: 258110K (60%)
----------------- Invoking toplevel() on ptolemy.moml.MoMLSimpleApplication@3252c5f2
----------------- Done invoking toplevel() on ptolemy.moml.MoMLSimpleApplication@3252c5f2
reloadAllAccessors: .LevelCrossTest13

===========================================================================================
----------------- testing Fri Sep 06 05:42:40 UTC 2019 /home/travis/build/icyphy/ptII/ptolemy/actor/lib/test/auto/LevelCrossTest2.xml
----------------- Instantiating /home/travis/build/icyphy/ptII/ptolemy/actor/lib/test/auto/LevelCrossTest2.xml
1 ms. Memory: 433152K Free: 252476K (58%)
----------------- Invoking toplevel() on ptolemy.moml.MoMLSimpleApplication@4bab4b42
----------------- Done invoking toplevel() on ptolemy.moml.MoMLSimpleApplication@4bab4b42
reloadAllAccessors: .broken

===========================================================================================
----------------- testing Fri Sep 06 05:42:40 UTC 2019 /home/travis/build/icyphy/ptII/ptolemy/actor/lib/test/auto/LevelCrossTest3.xml
----------------- Instantiating /home/travis/build/icyphy/ptII/ptolemy/actor/lib/test/auto/LevelCrossTest3.xml
2 ms. Memory: 433152K Free: 245822K (57%)
----------------- Invoking toplevel() on ptolemy.moml.MoMLSimpleApplication@27731b8c
----------------- Done invoking toplevel() on ptolemy.moml.MoMLSimpleApplication@27731b8c
reloadAllAccessors: .LevelCrossTest3

===========================================================================================
----------------- testing Fri Sep 06 05:42:40 UTC 2019 /home/travis/build/icyphy/ptII/ptolemy/actor/lib/test/auto/LevelCrossTest4.xml
----------------- Instantiating /home/travis/build/icyphy/ptII/ptolemy/actor/lib/test/auto/LevelCrossTest4.xml
1 ms. Memory: 433152K Free: 241198K (56%)
----------------- Invoking toplevel() on ptolemy.moml.MoMLSimpleApplication@5f8e3718
----------------- Done invoking toplevel() on ptolemy.moml.MoMLSimpleApplication@5f8e3718
reloadAllAccessors: .broken

===========================================================================================
----------------- testing Fri Sep 06 05:42:40 UTC 2019 /home/travis/build/icyphy/ptII/ptolemy/actor/lib/test/auto/LevelCrossTest5.xml
----------------- Instantiating /home/travis/build/icyphy/ptII/ptolemy/actor/lib/test/auto/LevelCrossTest5.xml
4 ms. Memory: 433152K Free: 234044K (54%)
----------------- Invoking toplevel() on ptolemy.moml.MoMLSimpleApplication@1b005249
----------------- Done invoking toplevel() on ptolemy.moml.MoMLSimpleApplication@1b005249
reloadAllAccessors: .LevelCrossTest5

===========================================================================================
----------------- testing Fri Sep 06 05:42:40 UTC 2019 /home/travis/build/icyphy/ptII/ptolemy/actor/lib/test/auto/LevelCrossTest6.xml
----------------- Instantiating /home/travis/build/icyphy/ptII/ptolemy/actor/lib/test/auto/LevelCrossTest6.xml
2 ms. Memory: 433152K Free: 226366K (52%)
----------------- Invoking toplevel() on ptolemy.moml.MoMLSimpleApplication@3e58c3a0
----------------- Done invoking toplevel() on ptolemy.moml.MoMLSimpleApplication@3e58c3a0
reloadAllAccessors: .LevelCrossTest6

===========================================================================================
----------------- testing Fri Sep 06 05:42:40 UTC 2019 /home/travis/build/icyphy/ptII/ptolemy/actor/lib/test/auto/LevelCrossTest7.xml
----------------- Instantiating /home/travis/build/icyphy/ptII/ptolemy/actor/lib/test/auto/LevelCrossTest7.xml
2 ms. Memory: 433152K Free: 219198K (51%)
----------------- Invoking toplevel() on ptolemy.moml.MoMLSimpleApplication@5b25ff6d
----------------- Done invoking toplevel() on ptolemy.moml.MoMLSimpleApplication@5b25ff6d
reloadAllAccessors: .LevelCrossTest7

===========================================================================================
----------------- testing Fri Sep 06 05:42:40 UTC 2019 /home/travis/build/icyphy/ptII/ptolemy/actor/lib/test/auto/LevelCrossTest8.xml
----------------- Instantiating /home/travis/build/icyphy/ptII/ptolemy/actor/lib/test/auto/LevelCrossTest8.xml
1 ms. Memory: 433152K Free: 212030K (49%)
----------------- Invoking toplevel() on ptolemy.moml.MoMLSimpleApplication@e026d52
----------------- Done invoking toplevel() on ptolemy.moml.MoMLSimpleApplication@e026d52
reloadAllAccessors: .LevelCrossTest8

===========================================================================================
----------------- testing Fri Sep 06 05:42:40 UTC 2019 /home/travis/build/icyphy/ptII/ptolemy/actor/lib/test/auto/LevelCrossTest9.xml
----------------- Instantiating /home/travis/build/icyphy/ptII/ptolemy/actor/lib/test/auto/LevelCrossTest9.xml
2 ms. Memory: 433152K Free: 204862K (47%)
----------------- Invoking toplevel() on ptolemy.moml.MoMLSimpleApplication@1bdfbe0d
----------------- Done invoking toplevel() on ptolemy.moml.MoMLSimpleApplication@1bdfbe0d
reloadAllAccessors: .LevelCrossTest9

===========================================================================================
----------------- testing Fri Sep 06 05:42:40 UTC 2019 /home/travis/build/icyphy/ptII/ptolemy/actor/lib/test/auto/LevinsonDurbin.xml
----------------- Instantiating /home/travis/build/icyphy/ptII/ptolemy/actor/lib/test/auto/LevinsonDurbin.xml
2 ms. Memory: 433152K Free: 200766K (46%)
----------------- Invoking toplevel() on ptolemy.moml.MoMLSimpleApplication@1db69096
----------------- Done invoking toplevel() on ptolemy.moml.MoMLSimpleApplication@1db69096
reloadAllAccessors: .LevinsonDurbin

===========================================================================================
----------------- testing Fri Sep 06 05:42:40 UTC 2019 /home/travis/build/icyphy/ptII/ptolemy/actor/lib/test/auto/LevinsonDurbin2.xml
----------------- Instantiating /home/travis/build/icyphy/ptII/ptolemy/actor/lib/test/auto/LevinsonDurbin2.xml
2 ms. Memory: 433152K Free: 197180K (46%)
----------------- Invoking toplevel() on ptolemy.moml.MoMLSimpleApplication@69604ec9
----------------- Done invoking toplevel() on ptolemy.moml.MoMLSimpleApplication@69604ec9
reloadAllAccessors: .LevinsonDurbin2

===========================================================================================
----------------- testing Fri Sep 06 05:42:40 UTC 2019 /home/travis/build/icyphy/ptII/ptolemy/actor/lib/test/auto/LevinsonDurbin3.xml
----------------- Instantiating /home/travis/build/icyphy/ptII/ptolemy/actor/lib/test/auto/LevinsonDurbin3.xml
2 ms. Memory: 433152K Free: 193084K (45%)
----------------- Invoking toplevel() on ptolemy.moml.MoMLSimpleApplication@f172251
----------------- Done invoking toplevel() on ptolemy.moml.MoMLSimpleApplication@f172251
reloadAllAccessors: .LevinsonDurbin3

===========================================================================================
----------------- testing Fri Sep 06 05:42:40 UTC 2019 /home/travis/build/icyphy/ptII/ptolemy/actor/lib/test/auto/Limiter.xml
----------------- Instantiating /home/travis/build/icyphy/ptII/ptolemy/actor/lib/test/auto/Limiter.xml
14 ms. Memory: 433152K Free: 183868K (42%)
----------------- Invoking toplevel() on ptolemy.moml.MoMLSimpleApplication@4c77500f
----------------- Done invoking toplevel() on ptolemy.moml.MoMLSimpleApplication@4c77500f
reloadAllAccessors: .Limiter

===========================================================================================
----------------- testing Fri Sep 06 05:42:41 UTC 2019 /home/travis/build/icyphy/ptII/ptolemy/actor/lib/test/auto/LinearDifferenceEquationSystem.xml
----------------- Instantiating /home/travis/build/icyphy/ptII/ptolemy/actor/lib/test/auto/LinearDifferenceEquationSystem.xml
4 ms. Memory: 433152K Free: 177214K (41%)
----------------- Invoking toplevel() on ptolemy.moml.MoMLSimpleApplication@1117e25c
----------------- Done invoking toplevel() on ptolemy.moml.MoMLSimpleApplication@1117e25c
reloadAllAccessors: .LinearDifferenceEquationSystem

===========================================================================================
----------------- testing Fri Sep 06 05:42:41 UTC 2019 /home/travis/build/icyphy/ptII/ptolemy/actor/lib/test/auto/LookupTable.xml
----------------- Instantiating /home/travis/build/icyphy/ptII/ptolemy/actor/lib/test/auto/LookupTable.xml
2 ms. Memory: 433152K Free: 172604K (40%)
----------------- Invoking toplevel() on ptolemy.moml.MoMLSimpleApplication@35fdc72d
----------------- Done invoking toplevel() on ptolemy.moml.MoMLSimpleApplication@35fdc72d
reloadAllAccessors: .LookupTable

===========================================================================================
----------------- testing Fri Sep 06 05:42:41 UTC 2019 /home/travis/build/icyphy/ptII/ptolemy/actor/lib/test/auto/MathFunction.xml
----------------- Instantiating /home/travis/build/icyphy/ptII/ptolemy/actor/lib/test/auto/MathFunction.xml
11 ms. Memory: 433152K Free: 164412K (38%)
----------------- Invoking toplevel() on ptolemy.moml.MoMLSimpleApplication@1aa92937
----------------- Done invoking toplevel() on ptolemy.moml.MoMLSimpleApplication@1aa92937
reloadAllAccessors: .MathFunction

===========================================================================================
----------------- testing Fri Sep 06 05:42:41 UTC 2019 /home/travis/build/icyphy/ptII/ptolemy/actor/lib/test/auto/MathFunction2.xml
----------------- Instantiating /home/travis/build/icyphy/ptII/ptolemy/actor/lib/test/auto/MathFunction2.xml
6 ms. Memory: 433152K Free: 160316K (37%)
----------------- Invoking toplevel() on ptolemy.moml.MoMLSimpleApplication@7501487d
----------------- Done invoking toplevel() on ptolemy.moml.MoMLSimpleApplication@7501487d
reloadAllAccessors: .MathFunction2

===========================================================================================
----------------- testing Fri Sep 06 05:42:41 UTC 2019 /home/travis/build/icyphy/ptII/ptolemy/actor/lib/test/auto/MathFunction3.xml
----------------- Instantiating /home/travis/build/icyphy/ptII/ptolemy/actor/lib/test/auto/MathFunction3.xml
3 ms. Memory: 433152K Free: 153662K (35%)
----------------- Invoking toplevel() on ptolemy.moml.MoMLSimpleApplication@6afd1fd1
----------------- Done invoking toplevel() on ptolemy.moml.MoMLSimpleApplication@6afd1fd1
reloadAllAccessors: .MathFunction3

===========================================================================================
----------------- testing Fri Sep 06 05:42:41 UTC 2019 /home/travis/build/icyphy/ptII/ptolemy/actor/lib/test/auto/MatrixCropBoolean.xml
----------------- Instantiating /home/travis/build/icyphy/ptII/ptolemy/actor/lib/test/auto/MatrixCropBoolean.xml
2 ms. Memory: 433152K Free: 148542K (34%)
----------------- Invoking toplevel() on ptolemy.moml.MoMLSimpleApplication@3d100bd7
----------------- Done invoking toplevel() on ptolemy.moml.MoMLSimpleApplication@3d100bd7
reloadAllAccessors: .MatrixCropBoolean

===========================================================================================
----------------- testing Fri Sep 06 05:42:41 UTC 2019 /home/travis/build/icyphy/ptII/ptolemy/actor/lib/test/auto/MatrixCropComplex.xml
----------------- Instantiating /home/travis/build/icyphy/ptII/ptolemy/actor/lib/test/auto/MatrixCropComplex.xml
3 ms. Memory: 433152K Free: 143422K (33%)
----------------- Invoking toplevel() on ptolemy.moml.MoMLSimpleApplication@6d5e7849
----------------- Done invoking toplevel() on ptolemy.moml.MoMLSimpleApplication@6d5e7849
reloadAllAccessors: .MatrixCropComplex

===========================================================================================
----------------- testing Fri Sep 06 05:42:41 UTC 2019 /home/travis/build/icyphy/ptII/ptolemy/actor/lib/test/auto/MatrixCropDouble.xml
----------------- Instantiating /home/travis/build/icyphy/ptII/ptolemy/actor/lib/test/auto/MatrixCropDouble.xml
3 ms. Memory: 433152K Free: 138782K (32%)
----------------- Invoking toplevel() on ptolemy.moml.MoMLSimpleApplication@5f5e073d
----------------- Done invoking toplevel() on ptolemy.moml.MoMLSimpleApplication@5f5e073d
reloadAllAccessors: .MatrixCropDouble

===========================================================================================
----------------- testing Fri Sep 06 05:42:41 UTC 2019 /home/travis/build/icyphy/ptII/ptolemy/actor/lib/test/auto/MatrixCropFix.xml
----------------- Instantiating /home/travis/build/icyphy/ptII/ptolemy/actor/lib/test/auto/MatrixCropFix.xml
2 ms. Memory: 433152K Free: 133662K (31%)
----------------- Invoking toplevel() on ptolemy.moml.MoMLSimpleApplication@5464fa72
----------------- Done invoking toplevel() on ptolemy.moml.MoMLSimpleApplication@5464fa72
reloadAllAccessors: .MatrixCropFix

===========================================================================================
----------------- testing Fri Sep 06 05:42:41 UTC 2019 /home/travis/build/icyphy/ptII/ptolemy/actor/lib/test/auto/MatrixCropInt.xml
----------------- Instantiating /home/travis/build/icyphy/ptII/ptolemy/actor/lib/test/auto/MatrixCropInt.xml
12 ms. Memory: 433152K Free: 384597K (89%)
----------------- Invoking toplevel() on ptolemy.moml.MoMLSimpleApplication@64ff6108
----------------- Done invoking toplevel() on ptolemy.moml.MoMLSimpleApplication@64ff6108
reloadAllAccessors: .MatrixCropInt

===========================================================================================
----------------- testing Fri Sep 06 05:42:41 UTC 2019 /home/travis/build/icyphy/ptII/ptolemy/actor/lib/test/auto/MatrixCropLong.xml
----------------- Instantiating /home/travis/build/icyphy/ptII/ptolemy/actor/lib/test/auto/MatrixCropLong.xml
3 ms. Memory: 433152K Free: 379013K (88%)
----------------- Invoking toplevel() on ptolemy.moml.MoMLSimpleApplication@7527371e
----------------- Done invoking toplevel() on ptolemy.moml.MoMLSimpleApplication@7527371e
reloadAllAccessors: .MatrixCropLong

===========================================================================================
----------------- testing Fri Sep 06 05:42:41 UTC 2019 /home/travis/build/icyphy/ptII/ptolemy/actor/lib/test/auto/MatrixToArray.xml
----------------- Instantiating /home/travis/build/icyphy/ptII/ptolemy/actor/lib/test/auto/MatrixToArray.xml
7 ms. Memory: 433152K Free: 363653K (84%)
----------------- Invoking toplevel() on ptolemy.moml.MoMLSimpleApplication@25740e39
----------------- Done invoking toplevel() on ptolemy.moml.MoMLSimpleApplication@25740e39
reloadAllAccessors: .MatrixToArray

===========================================================================================
----------------- testing Fri Sep 06 05:42:41 UTC 2019 /home/travis/build/icyphy/ptII/ptolemy/actor/lib/test/auto/MaxIndex.xml
----------------- Instantiating /home/travis/build/icyphy/ptII/ptolemy/actor/lib/test/auto/MaxIndex.xml
3 ms. Memory: 433152K Free: 359043K (83%)
----------------- Invoking toplevel() on ptolemy.moml.MoMLSimpleApplication@1eaad2ae
----------------- Done invoking toplevel() on ptolemy.moml.MoMLSimpleApplication@1eaad2ae
reloadAllAccessors: .MaxIndex

===========================================================================================
----------------- testing Fri Sep 06 05:42:41 UTC 2019 /home/travis/build/icyphy/ptII/ptolemy/actor/lib/test/auto/Maximum.xml
----------------- Instantiating /home/travis/build/icyphy/ptII/ptolemy/actor/lib/test/auto/Maximum.xml
3 ms. Memory: 433152K Free: 352389K (81%)
----------------- Invoking toplevel() on ptolemy.moml.MoMLSimpleApplication@6fc6a07d
----------------- Done invoking toplevel() on ptolemy.moml.MoMLSimpleApplication@6fc6a07d
reloadAllAccessors: .Maximum

===========================================================================================
----------------- testing Fri Sep 06 05:42:41 UTC 2019 /home/travis/build/icyphy/ptII/ptolemy/actor/lib/test/auto/MaximumComplex.xml
----------------- Instantiating /home/travis/build/icyphy/ptII/ptolemy/actor/lib/test/auto/MaximumComplex.xml
5 ms. Memory: 433152K Free: 346245K (80%)
----------------- Invoking toplevel() on ptolemy.moml.MoMLSimpleApplication@1caec244
----------------- Done invoking toplevel() on ptolemy.moml.MoMLSimpleApplication@1caec244
reloadAllAccessors: .MaximumComplex

===========================================================================================
----------------- testing Fri Sep 06 05:42:41 UTC 2019 /home/travis/build/icyphy/ptII/ptolemy/actor/lib/test/auto/MethodCallTest.xml
----------------- Instantiating /home/travis/build/icyphy/ptII/ptolemy/actor/lib/test/auto/MethodCallTest.xml
3 ms. Memory: 433152K Free: 339587K (78%)
----------------- Invoking toplevel() on ptolemy.moml.MoMLSimpleApplication@212007a3
----------------- Done invoking toplevel() on ptolemy.moml.MoMLSimpleApplication@212007a3
reloadAllAccessors: .MethodCallTest

===========================================================================================
----------------- testing Fri Sep 06 05:42:41 UTC 2019 /home/travis/build/icyphy/ptII/ptolemy/actor/lib/test/auto/Minimum.xml
----------------- Instantiating /home/travis/build/icyphy/ptII/ptolemy/actor/lib/test/auto/Minimum.xml
3 ms. Memory: 433152K Free: 333443K (77%)
----------------- Invoking toplevel() on ptolemy.moml.MoMLSimpleApplication@38e570e8
----------------- Done invoking toplevel() on ptolemy.moml.MoMLSimpleApplication@38e570e8
reloadAllAccessors: .Minimum

===========================================================================================
----------------- testing Fri Sep 06 05:42:41 UTC 2019 /home/travis/build/icyphy/ptII/ptolemy/actor/lib/test/auto/MinimumComplex.xml
----------------- Instantiating /home/travis/build/icyphy/ptII/ptolemy/actor/lib/test/auto/MinimumComplex.xml
4 ms. Memory: 433152K Free: 327285K (76%)
----------------- Invoking toplevel() on ptolemy.moml.MoMLSimpleApplication@318de68
----------------- Done invoking toplevel() on ptolemy.moml.MoMLSimpleApplication@318de68
reloadAllAccessors: .MinimumComplex

===========================================================================================
----------------- testing Fri Sep 06 05:42:41 UTC 2019 /home/travis/build/icyphy/ptII/ptolemy/actor/lib/test/auto/MinimumMultiports.xml
----------------- Instantiating /home/travis/build/icyphy/ptII/ptolemy/actor/lib/test/auto/MinimumMultiports.xml
4 ms. Memory: 433152K Free: 318597K (74%)
----------------- Invoking toplevel() on ptolemy.moml.MoMLSimpleApplication@fd2d2d4
----------------- Done invoking toplevel() on ptolemy.moml.MoMLSimpleApplication@fd2d2d4
reloadAllAccessors: .MinimumMultiports

===========================================================================================
----------------- testing Fri Sep 06 05:42:41 UTC 2019 /home/travis/build/icyphy/ptII/ptolemy/actor/lib/test/auto/ModifyDate.xml
----------------- Instantiating /home/travis/build/icyphy/ptII/ptolemy/actor/lib/test/auto/ModifyDate.xml
13 ms. Memory: 433152K Free: 305795K (71%)
----------------- Invoking toplevel() on ptolemy.moml.MoMLSimpleApplication@2096d622
----------------- Done invoking toplevel() on ptolemy.moml.MoMLSimpleApplication@2096d622
reloadAllAccessors: .ModifyDate

===========================================================================================
----------------- testing Fri Sep 06 05:42:41 UTC 2019 /home/travis/build/icyphy/ptII/ptolemy/actor/lib/test/auto/ModifyDate2.xml
----------------- Instantiating /home/travis/build/icyphy/ptII/ptolemy/actor/lib/test/auto/ModifyDate2.xml
6 ms. Memory: 433152K Free: 297603K (69%)
----------------- Invoking toplevel() on ptolemy.moml.MoMLSimpleApplication@170657f0
----------------- Done invoking toplevel() on ptolemy.moml.MoMLSimpleApplication@170657f0
reloadAllAccessors: .ModifyDate2

===========================================================================================
----------------- testing Fri Sep 06 05:42:41 UTC 2019 /home/travis/build/icyphy/ptII/ptolemy/actor/lib/test/auto/MovingAverage.xml
----------------- Instantiating /home/travis/build/icyphy/ptII/ptolemy/actor/lib/test/auto/MovingAverage.xml
3 ms. Memory: 433152K Free: 292483K (68%)
----------------- Invoking toplevel() on ptolemy.moml.MoMLSimpleApplication@1427c96f
----------------- Done invoking toplevel() on ptolemy.moml.MoMLSimpleApplication@1427c96f
reloadAllAccessors: .MovingAverage

===========================================================================================
----------------- testing Fri Sep 06 05:42:41 UTC 2019 /home/travis/build/icyphy/ptII/ptolemy/actor/lib/test/auto/MovingMaximum.xml
----------------- Instantiating /home/travis/build/icyphy/ptII/ptolemy/actor/lib/test/auto/MovingMaximum.xml
10 ms. Memory: 433152K Free: 287877K (66%)
----------------- Invoking toplevel() on ptolemy.moml.MoMLSimpleApplication@22861cfd
----------------- Done invoking toplevel() on ptolemy.moml.MoMLSimpleApplication@22861cfd
reloadAllAccessors: .MovingMaximum

===========================================================================================
----------------- testing Fri Sep 06 05:42:41 UTC 2019 /home/travis/build/icyphy/ptII/ptolemy/actor/lib/test/auto/MultipleLinksToSameRelation.xml
----------------- Instantiating /home/travis/build/icyphy/ptII/ptolemy/actor/lib/test/auto/MultipleLinksToSameRelation.xml
3 ms. Memory: 433152K Free: 283781K (66%)
----------------- Invoking toplevel() on ptolemy.moml.MoMLSimpleApplication@5030ec0
----------------- Done invoking toplevel() on ptolemy.moml.MoMLSimpleApplication@5030ec0
reloadAllAccessors: .MultipleLinksToSameRelation

===========================================================================================
----------------- testing Fri Sep 06 05:42:41 UTC 2019 /home/travis/build/icyphy/ptII/ptolemy/actor/lib/test/auto/MultipleLinksToSameRelationDE.xml
----------------- Instantiating /home/travis/build/icyphy/ptII/ptolemy/actor/lib/test/auto/MultipleLinksToSameRelationDE.xml
5 ms. Memory: 433152K Free: 279157K (64%)
----------------- Invoking toplevel() on ptolemy.moml.MoMLSimpleApplication@3d71c14e
----------------- Done invoking toplevel() on ptolemy.moml.MoMLSimpleApplication@3d71c14e
reloadAllAccessors: .MultipleLinksToSameRelationDE

===========================================================================================
----------------- testing Fri Sep 06 05:42:41 UTC 2019 /home/travis/build/icyphy/ptII/ptolemy/actor/lib/test/auto/Multiplexor.xml
----------------- Instantiating /home/travis/build/icyphy/ptII/ptolemy/actor/lib/test/auto/Multiplexor.xml
3 ms. Memory: 433152K Free: 274051K (63%)
----------------- Invoking toplevel() on ptolemy.moml.MoMLSimpleApplication@65e92627
----------------- Done invoking toplevel() on ptolemy.moml.MoMLSimpleApplication@65e92627
reloadAllAccessors: .Multiplexor

===========================================================================================
----------------- testing Fri Sep 06 05:42:41 UTC 2019 /home/travis/build/icyphy/ptII/ptolemy/actor/lib/test/auto/Multiplexor1.xml
----------------- Instantiating /home/travis/build/icyphy/ptII/ptolemy/actor/lib/test/auto/Multiplexor1.xml
2 ms. Memory: 433152K Free: 268421K (62%)
----------------- Invoking toplevel() on ptolemy.moml.MoMLSimpleApplication@2db5726a
----------------- Done invoking toplevel() on ptolemy.moml.MoMLSimpleApplication@2db5726a
reloadAllAccessors: .Multiplexor1

===========================================================================================
----------------- testing Fri Sep 06 05:42:41 UTC 2019 /home/travis/build/icyphy/ptII/ptolemy/actor/lib/test/auto/Multiplexor2.xml
----------------- Instantiating /home/travis/build/icyphy/ptII/ptolemy/actor/lib/test/auto/Multiplexor2.xml
3 ms. Memory: 433152K Free: 261763K (60%)
----------------- Invoking toplevel() on ptolemy.moml.MoMLSimpleApplication@14129a57
----------------- Done invoking toplevel() on ptolemy.moml.MoMLSimpleApplication@14129a57
reloadAllAccessors: .Multiplexor2

===========================================================================================
----------------- testing Fri Sep 06 05:42:41 UTC 2019 /home/travis/build/icyphy/ptII/ptolemy/actor/lib/test/auto/Multiplexor3.xml
----------------- Instantiating /home/travis/build/icyphy/ptII/ptolemy/actor/lib/test/auto/Multiplexor3.xml
2 ms. Memory: 433152K Free: 257667K (59%)
----------------- Invoking toplevel() on ptolemy.moml.MoMLSimpleApplication@6e277732
----------------- Done invoking toplevel() on ptolemy.moml.MoMLSimpleApplication@6e277732
reloadAllAccessors: .Multiplexor3

===========================================================================================
----------------- testing Fri Sep 06 05:42:41 UTC 2019 /home/travis/build/icyphy/ptII/ptolemy/actor/lib/test/auto/MultiplexorDE.xml
----------------- Instantiating /home/travis/build/icyphy/ptII/ptolemy/actor/lib/test/auto/MultiplexorDE.xml
4 ms. Memory: 433152K Free: 249989K (58%)
----------------- Invoking toplevel() on ptolemy.moml.MoMLSimpleApplication@3c2f296e
----------------- Done invoking toplevel() on ptolemy.moml.MoMLSimpleApplication@3c2f296e
reloadAllAccessors: .MultiplexorDE

===========================================================================================
----------------- testing Fri Sep 06 05:42:41 UTC 2019 /home/travis/build/icyphy/ptII/ptolemy/actor/lib/test/auto/MultiportBroadcastTest.xml
----------------- Instantiating /home/travis/build/icyphy/ptII/ptolemy/actor/lib/test/auto/MultiportBroadcastTest.xml
118 ms. Memory: 433152K Free: 244355K (56%)
----------------- Invoking toplevel() on ptolemy.moml.MoMLSimpleApplication@161092c0
----------------- Done invoking toplevel() on ptolemy.moml.MoMLSimpleApplication@161092c0
reloadAllAccessors: .MultiportBroadcastTest

===========================================================================================
----------------- testing Fri Sep 06 05:42:42 UTC 2019 /home/travis/build/icyphy/ptII/ptolemy/actor/lib/test/auto/MultiportOutHangDuringGetWidth.xml
----------------- Instantiating /home/travis/build/icyphy/ptII/ptolemy/actor/lib/test/auto/MultiportOutHangDuringGetWidth.xml
7 ms. Memory: 433152K Free: 232067K (54%)
----------------- Invoking toplevel() on ptolemy.moml.MoMLSimpleApplication@d749dc9
----------------- Done invoking toplevel() on ptolemy.moml.MoMLSimpleApplication@d749dc9
reloadAllAccessors: .MultiportOutHangDuringGetWidth

===========================================================================================
----------------- testing Fri Sep 06 05:42:42 UTC 2019 /home/travis/build/icyphy/ptII/ptolemy/actor/lib/test/auto/NilToken.xml
----------------- Instantiating /home/travis/build/icyphy/ptII/ptolemy/actor/lib/test/auto/NilToken.xml
2 ms. Memory: 433152K Free: 227971K (53%)
----------------- Invoking toplevel() on ptolemy.moml.MoMLSimpleApplication@6aff5305
----------------- Done invoking toplevel() on ptolemy.moml.MoMLSimpleApplication@6aff5305
reloadAllAccessors: .NilToken

===========================================================================================
----------------- testing Fri Sep 06 05:42:42 UTC 2019 /home/travis/build/icyphy/ptII/ptolemy/actor/lib/test/auto/NilTokenNonStrictTest.xml
----------------- Instantiating /home/travis/build/icyphy/ptII/ptolemy/actor/lib/test/auto/NilTokenNonStrictTest.xml
2 ms. Memory: 433152K Free: 222851K (51%)
----------------- Invoking toplevel() on ptolemy.moml.MoMLSimpleApplication@78e49b1e
----------------- Done invoking toplevel() on ptolemy.moml.MoMLSimpleApplication@78e49b1e
reloadAllAccessors: .NilTokenNonStrictTest

===========================================================================================
----------------- testing Fri Sep 06 05:42:42 UTC 2019 /home/travis/build/icyphy/ptII/ptolemy/actor/lib/test/auto/NilTokenRecord.xml
----------------- Instantiating /home/travis/build/icyphy/ptII/ptolemy/actor/lib/test/auto/NilTokenRecord.xml
8 ms. Memory: 433152K Free: 216197K (50%)
----------------- Invoking toplevel() on ptolemy.moml.MoMLSimpleApplication@4b81016e
----------------- Done invoking toplevel() on ptolemy.moml.MoMLSimpleApplication@4b81016e
reloadAllAccessors: .NilTokenRecord

===========================================================================================
----------------- testing Fri Sep 06 05:42:42 UTC 2019 /home/travis/build/icyphy/ptII/ptolemy/actor/lib/test/auto/NilTokenTypeTest.xml
----------------- Instantiating /home/travis/build/icyphy/ptII/ptolemy/actor/lib/test/auto/NilTokenTypeTest.xml
7 ms. Memory: 433152K Free: 206981K (48%)
----------------- Invoking toplevel() on ptolemy.moml.MoMLSimpleApplication@498c5630
----------------- Done invoking toplevel() on ptolemy.moml.MoMLSimpleApplication@498c5630
reloadAllAccessors: .NilTokenTypeTest

===========================================================================================
----------------- testing Fri Sep 06 05:42:42 UTC 2019 /home/travis/build/icyphy/ptII/ptolemy/actor/lib/test/auto/ObjectToken1.xml
----------------- Instantiating /home/travis/build/icyphy/ptII/ptolemy/actor/lib/test/auto/ObjectToken1.xml
3 ms. Memory: 433152K Free: 202885K (47%)
----------------- Invoking toplevel() on ptolemy.moml.MoMLSimpleApplication@11f74d47
----------------- Done invoking toplevel() on ptolemy.moml.MoMLSimpleApplication@11f74d47
reloadAllAccessors: .ObjectToken1

===========================================================================================
----------------- testing Fri Sep 06 05:42:42 UTC 2019 /home/travis/build/icyphy/ptII/ptolemy/actor/lib/test/auto/OrderedMerge.xml
----------------- Instantiating /home/travis/build/icyphy/ptII/ptolemy/actor/lib/test/auto/OrderedMerge.xml
9 ms. Memory: 433152K Free: 197251K (46%)
----------------- Invoking toplevel() on ptolemy.moml.MoMLSimpleApplication@2fa93aa6
----------------- Done invoking toplevel() on ptolemy.moml.MoMLSimpleApplication@2fa93aa6
reloadAllAccessors: .OrderedMerge

===========================================================================================
----------------- testing Fri Sep 06 05:42:42 UTC 2019 /home/travis/build/icyphy/ptII/ptolemy/actor/lib/test/auto/OrderedRecordDisassembler.xml
----------------- Instantiating /home/travis/build/icyphy/ptII/ptolemy/actor/lib/test/auto/OrderedRecordDisassembler.xml
5 ms. Memory: 433152K Free: 192125K (44%)
----------------- Invoking toplevel() on ptolemy.moml.MoMLSimpleApplication@68b26830
----------------- Done invoking toplevel() on ptolemy.moml.MoMLSimpleApplication@68b26830
reloadAllAccessors: .OrderedRecordDisassembler

===========================================================================================
----------------- testing Fri Sep 06 05:42:42 UTC 2019 /home/travis/build/icyphy/ptII/ptolemy/actor/lib/test/auto/OrderedRecordDisassembler2.xml
----------------- Instantiating /home/travis/build/icyphy/ptII/ptolemy/actor/lib/test/auto/OrderedRecordDisassembler2.xml
5 ms. Memory: 433152K Free: 184453K (43%)
----------------- Invoking toplevel() on ptolemy.moml.MoMLSimpleApplication@22844754
----------------- Done invoking toplevel() on ptolemy.moml.MoMLSimpleApplication@22844754
reloadAllAccessors: .OrderedRecordDisassembler2

===========================================================================================
----------------- testing Fri Sep 06 05:42:42 UTC 2019 /home/travis/build/icyphy/ptII/ptolemy/actor/lib/test/auto/OrderedRecordUpdater.xml
----------------- Instantiating /home/travis/build/icyphy/ptII/ptolemy/actor/lib/test/auto/OrderedRecordUpdater.xml
1 ms. Memory: 433152K Free: 180357K (42%)
----------------- Invoking toplevel() on ptolemy.moml.MoMLSimpleApplication@43d33198
----------------- Done invoking toplevel() on ptolemy.moml.MoMLSimpleApplication@43d33198
reloadAllAccessors: .RecordUpdater

===========================================================================================
----------------- testing Fri Sep 06 05:42:42 UTC 2019 /home/travis/build/icyphy/ptII/ptolemy/actor/lib/test/auto/OrderedRecordUpdater2.xml
----------------- Instantiating /home/travis/build/icyphy/ptII/ptolemy/actor/lib/test/auto/OrderedRecordUpdater2.xml
3 ms. Memory: 433152K Free: 175237K (40%)
----------------- Invoking toplevel() on ptolemy.moml.MoMLSimpleApplication@3fecdb69
----------------- Done invoking toplevel() on ptolemy.moml.MoMLSimpleApplication@3fecdb69
reloadAllAccessors: .RecordUpdater2

===========================================================================================
----------------- testing Fri Sep 06 05:42:42 UTC 2019 /home/travis/build/icyphy/ptII/ptolemy/actor/lib/test/auto/PhaseUnwrap.xml
----------------- Instantiating /home/travis/build/icyphy/ptII/ptolemy/actor/lib/test/auto/PhaseUnwrap.xml
2 ms. Memory: 433152K Free: 170627K (39%)
----------------- Invoking toplevel() on ptolemy.moml.MoMLSimpleApplication@64f6dd4
----------------- Done invoking toplevel() on ptolemy.moml.MoMLSimpleApplication@64f6dd4
reloadAllAccessors: .PhaseUnwrap

===========================================================================================
----------------- testing Fri Sep 06 05:42:42 UTC 2019 /home/travis/build/icyphy/ptII/ptolemy/actor/lib/test/auto/PoissonClock.xml
----------------- Instantiating /home/travis/build/icyphy/ptII/ptolemy/actor/lib/test/auto/PoissonClock.xml
2 ms. Memory: 433152K Free: 166531K (38%)
----------------- Invoking toplevel() on ptolemy.moml.MoMLSimpleApplication@2dcb833b
----------------- Done invoking toplevel() on ptolemy.moml.MoMLSimpleApplication@2dcb833b
reloadAllAccessors: .PoissonClock

===========================================================================================
----------------- testing Fri Sep 06 05:42:42 UTC 2019 /home/travis/build/icyphy/ptII/ptolemy/actor/lib/test/auto/PoissonClock2.xml
----------------- Instantiating /home/travis/build/icyphy/ptII/ptolemy/actor/lib/test/auto/PoissonClock2.xml
2 ms. Memory: 433152K Free: 161925K (37%)
----------------- Invoking toplevel() on ptolemy.moml.MoMLSimpleApplication@2e2c0cd7
----------------- Done invoking toplevel() on ptolemy.moml.MoMLSimpleApplication@2e2c0cd7
reloadAllAccessors: .PoissonClock2

===========================================================================================
----------------- testing Fri Sep 06 05:42:42 UTC 2019 /home/travis/build/icyphy/ptII/ptolemy/actor/lib/test/auto/PoissonClock3.xml
----------------- Instantiating /home/travis/build/icyphy/ptII/ptolemy/actor/lib/test/auto/PoissonClock3.xml
2 ms. Memory: 433152K Free: 157315K (36%)
----------------- Invoking toplevel() on ptolemy.moml.MoMLSimpleApplication@52d849b3
----------------- Done invoking toplevel() on ptolemy.moml.MoMLSimpleApplication@52d849b3
reloadAllAccessors: .PoissonClock3

===========================================================================================
----------------- testing Fri Sep 06 05:42:42 UTC 2019 /home/travis/build/icyphy/ptII/ptolemy/actor/lib/test/auto/PubSubWithInitialTokens.xml
----------------- Instantiating /home/travis/build/icyphy/ptII/ptolemy/actor/lib/test/auto/PubSubWithInitialTokens.xml
3 ms. Memory: 433152K Free: 152165K (35%)
----------------- Invoking toplevel() on ptolemy.moml.MoMLSimpleApplication@2efe3ca4
----------------- Done invoking toplevel() on ptolemy.moml.MoMLSimpleApplication@2efe3ca4
reloadAllAccessors: .PubSubWithInitialTokens

===========================================================================================
----------------- testing Fri Sep 06 05:42:42 UTC 2019 /home/travis/build/icyphy/ptII/ptolemy/actor/lib/test/auto/PubSubWithInitialTokens2.xml
----------------- Instantiating /home/travis/build/icyphy/ptII/ptolemy/actor/lib/test/auto/PubSubWithInitialTokens2.xml
3 ms. Memory: 433152K Free: 146045K (34%)
----------------- Invoking toplevel() on ptolemy.moml.MoMLSimpleApplication@12473633
----------------- Done invoking toplevel() on ptolemy.moml.MoMLSimpleApplication@12473633
reloadAllAccessors: .PubSubWithInitialTokens2

===========================================================================================
----------------- testing Fri Sep 06 05:42:42 UTC 2019 /home/travis/build/icyphy/ptII/ptolemy/actor/lib/test/auto/PublisherClassNoParameter.xml
----------------- Instantiating /home/travis/build/icyphy/ptII/ptolemy/actor/lib/test/auto/PublisherClassNoParameter.xml
3 ms. Memory: 433152K Free: 136325K (31%)
----------------- Invoking toplevel() on ptolemy.moml.MoMLSimpleApplication@1d01ee7c
----------------- Done invoking toplevel() on ptolemy.moml.MoMLSimpleApplication@1d01ee7c
reloadAllAccessors: .PublisherClassNoParameter

===========================================================================================
----------------- testing Fri Sep 06 05:42:42 UTC 2019 /home/travis/build/icyphy/ptII/ptolemy/actor/lib/test/auto/PublisherClassParameter.xml
----------------- Instantiating /home/travis/build/icyphy/ptII/ptolemy/actor/lib/test/auto/PublisherClassParameter.xml
2 ms. Memory: 433152K Free: 380975K (88%)
----------------- Invoking toplevel() on ptolemy.moml.MoMLSimpleApplication@64a81b32
----------------- Done invoking toplevel() on ptolemy.moml.MoMLSimpleApplication@64a81b32
reloadAllAccessors: .PublisherClassParameter

===========================================================================================
----------------- testing Fri Sep 06 05:42:42 UTC 2019 /home/travis/build/icyphy/ptII/ptolemy/actor/lib/test/auto/PublisherNonStrictTest.xml
----------------- Instantiating /home/travis/build/icyphy/ptII/ptolemy/actor/lib/test/auto/PublisherNonStrictTest.xml
3 ms. Memory: 433152K Free: 373297K (86%)
----------------- Invoking toplevel() on ptolemy.moml.MoMLSimpleApplication@20697a2
----------------- Done invoking toplevel() on ptolemy.moml.MoMLSimpleApplication@20697a2
reloadAllAccessors: .PublisherNonStrictTest

===========================================================================================
----------------- testing Fri Sep 06 05:42:42 UTC 2019 /home/travis/build/icyphy/ptII/ptolemy/actor/lib/test/auto/PublisherPort1.xml
----------------- Instantiating /home/travis/build/icyphy/ptII/ptolemy/actor/lib/test/auto/PublisherPort1.xml
3 ms. Memory: 433152K Free: 367649K (85%)
----------------- Invoking toplevel() on ptolemy.moml.MoMLSimpleApplication@19d05c45
----------------- Done invoking toplevel() on ptolemy.moml.MoMLSimpleApplication@19d05c45
reloadAllAccessors: .PublisherPort1

===========================================================================================
----------------- testing Fri Sep 06 05:42:42 UTC 2019 /home/travis/build/icyphy/ptII/ptolemy/actor/lib/test/auto/PublisherPort2.xml
----------------- Instantiating /home/travis/build/icyphy/ptII/ptolemy/actor/lib/test/auto/PublisherPort2.xml
2 ms. Memory: 433152K Free: 362543K (84%)
----------------- Invoking toplevel() on ptolemy.moml.MoMLSimpleApplication@27b22c1e
----------------- Done invoking toplevel() on ptolemy.moml.MoMLSimpleApplication@27b22c1e
reloadAllAccessors: .PublisherPort2

===========================================================================================
----------------- testing Fri Sep 06 05:42:42 UTC 2019 /home/travis/build/icyphy/ptII/ptolemy/actor/lib/test/auto/PublisherPort3.xml
----------------- Instantiating /home/travis/build/icyphy/ptII/ptolemy/actor/lib/test/auto/PublisherPort3.xml
10 ms. Memory: 433152K Free: 355889K (82%)
----------------- Invoking toplevel() on ptolemy.moml.MoMLSimpleApplication@43c598ea
----------------- Done invoking toplevel() on ptolemy.moml.MoMLSimpleApplication@43c598ea
reloadAllAccessors: .PublisherPort3

===========================================================================================
----------------- testing Fri Sep 06 05:42:42 UTC 2019 /home/travis/build/icyphy/ptII/ptolemy/actor/lib/test/auto/PublisherPort4.xml
----------------- Instantiating /home/travis/build/icyphy/ptII/ptolemy/actor/lib/test/auto/PublisherPort4.xml
3 ms. Memory: 433152K Free: 350241K (81%)
----------------- Invoking toplevel() on ptolemy.moml.MoMLSimpleApplication@27863421
----------------- Done invoking toplevel() on ptolemy.moml.MoMLSimpleApplication@27863421
reloadAllAccessors: .PublisherPort4

===========================================================================================
----------------- testing Fri Sep 06 05:42:42 UTC 2019 /home/travis/build/icyphy/ptII/ptolemy/actor/lib/test/auto/PublisherPort5.xml
----------------- Instantiating /home/travis/build/icyphy/ptII/ptolemy/actor/lib/test/auto/PublisherPort5.xml
4 ms. Memory: 433152K Free: 342577K (79%)
----------------- Invoking toplevel() on ptolemy.moml.MoMLSimpleApplication@57decdb9
----------------- Done invoking toplevel() on ptolemy.moml.MoMLSimpleApplication@57decdb9
reloadAllAccessors: .PublisherPort5

===========================================================================================
----------------- testing Fri Sep 06 05:42:42 UTC 2019 /home/travis/build/icyphy/ptII/ptolemy/actor/lib/test/auto/PublisherPort5LookAlike.xml
----------------- Instantiating /home/travis/build/icyphy/ptII/ptolemy/actor/lib/test/auto/PublisherPort5LookAlike.xml
9 ms. Memory: 433152K Free: 334895K (77%)
----------------- Invoking toplevel() on ptolemy.moml.MoMLSimpleApplication@28dee633
----------------- Done invoking toplevel() on ptolemy.moml.MoMLSimpleApplication@28dee633
reloadAllAccessors: .PublisherPort5LookAlike

===========================================================================================
----------------- testing Fri Sep 06 05:42:42 UTC 2019 /home/travis/build/icyphy/ptII/ptolemy/actor/lib/test/auto/PublisherPort6.xml
----------------- Instantiating /home/travis/build/icyphy/ptII/ptolemy/actor/lib/test/auto/PublisherPort6.xml
2 ms. Memory: 433152K Free: 328751K (76%)
----------------- Invoking toplevel() on ptolemy.moml.MoMLSimpleApplication@5dd34c5e
----------------- Done invoking toplevel() on ptolemy.moml.MoMLSimpleApplication@5dd34c5e
reloadAllAccessors: .PublisherPort6

===========================================================================================
----------------- testing Fri Sep 06 05:42:42 UTC 2019 /home/travis/build/icyphy/ptII/ptolemy/actor/lib/test/auto/PublisherPort7.xml
----------------- Instantiating /home/travis/build/icyphy/ptII/ptolemy/actor/lib/test/auto/PublisherPort7.xml
4 ms. Memory: 433152K Free: 321073K (74%)
----------------- Invoking toplevel() on ptolemy.moml.MoMLSimpleApplication@4fab5178
----------------- Done invoking toplevel() on ptolemy.moml.MoMLSimpleApplication@4fab5178
reloadAllAccessors: .PublisherPort7

===========================================================================================
----------------- testing Fri Sep 06 05:42:42 UTC 2019 /home/travis/build/icyphy/ptII/ptolemy/actor/lib/test/auto/PublisherPort8.xml
----------------- Instantiating /home/travis/build/icyphy/ptII/ptolemy/actor/lib/test/auto/PublisherPort8.xml
5 ms. Memory: 433152K Free: 312367K (72%)
----------------- Invoking toplevel() on ptolemy.moml.MoMLSimpleApplication@34ae0e9a
----------------- Done invoking toplevel() on ptolemy.moml.MoMLSimpleApplication@34ae0e9a
reloadAllAccessors: .PublisherPort8

===========================================================================================
----------------- testing Fri Sep 06 05:42:42 UTC 2019 /home/travis/build/icyphy/ptII/ptolemy/actor/lib/test/auto/PublisherPortSubscriberChannelVariablesAOC2.xml
----------------- Instantiating /home/travis/build/icyphy/ptII/ptolemy/actor/lib/test/auto/PublisherPortSubscriberChannelVariablesAOC2.xml
3 ms. Memory: 433152K Free: 294959K (68%)
----------------- Invoking toplevel() on ptolemy.moml.MoMLSimpleApplication@608638c0
----------------- Done invoking toplevel() on ptolemy.moml.MoMLSimpleApplication@608638c0
reloadAllAccessors: .PublisherPortSubscriberChannelVariablesAOC2

===========================================================================================
----------------- testing Fri Sep 06 05:42:42 UTC 2019 /home/travis/build/icyphy/ptII/ptolemy/actor/lib/test/auto/PublisherPortSubscriberOpaqueWidthInference.xml
----------------- Instantiating /home/travis/build/icyphy/ptII/ptolemy/actor/lib/test/auto/PublisherPortSubscriberOpaqueWidthInference.xml
14 ms. Memory: 433152K Free: 286753K (66%)
----------------- Invoking toplevel() on ptolemy.moml.MoMLSimpleApplication@6111df7a
----------------- Done invoking toplevel() on ptolemy.moml.MoMLSimpleApplication@6111df7a
reloadAllAccessors: .PublisherPortSubscriberOpaqueWidthInference

===========================================================================================
----------------- testing Fri Sep 06 05:42:42 UTC 2019 /home/travis/build/icyphy/ptII/ptolemy/actor/lib/test/auto/PublisherPortSubscriberPortAdjacent.xml
----------------- Instantiating /home/travis/build/icyphy/ptII/ptolemy/actor/lib/test/auto/PublisherPortSubscriberPortAdjacent.xml
2 ms. Memory: 433152K Free: 278575K (64%)
----------------- Invoking toplevel() on ptolemy.moml.MoMLSimpleApplication@79defafa
----------------- Done invoking toplevel() on ptolemy.moml.MoMLSimpleApplication@79defafa
reloadAllAccessors: .PublisherPortSubscriberPortAdjacent

===========================================================================================
----------------- testing Fri Sep 06 05:42:42 UTC 2019 /home/travis/build/icyphy/ptII/ptolemy/actor/lib/test/auto/PublisherPortSubscriberPortExpression.xml
----------------- Instantiating /home/travis/build/icyphy/ptII/ptolemy/actor/lib/test/auto/PublisherPortSubscriberPortExpression.xml
9 ms. Memory: 433152K Free: 270897K (63%)
----------------- Invoking toplevel() on ptolemy.moml.MoMLSimpleApplication@571ad83f
----------------- Done invoking toplevel() on ptolemy.moml.MoMLSimpleApplication@571ad83f
reloadAllAccessors: .PublisherPortSubscriberPortExpression

===========================================================================================
----------------- testing Fri Sep 06 05:42:42 UTC 2019 /home/travis/build/icyphy/ptII/ptolemy/actor/lib/test/auto/PublisherPortSubscriberPortOpaqueD3Reverse.xml
----------------- Instantiating /home/travis/build/icyphy/ptII/ptolemy/actor/lib/test/auto/PublisherPortSubscriberPortOpaqueD3Reverse.xml
8 ms. Memory: 433152K Free: 260657K (60%)
----------------- Invoking toplevel() on ptolemy.moml.MoMLSimpleApplication@68645bd5
----------------- Done invoking toplevel() on ptolemy.moml.MoMLSimpleApplication@68645bd5
reloadAllAccessors: .PublisherPortSubscriberPortOpaqueD3Reverse

===========================================================================================
----------------- testing Fri Sep 06 05:42:42 UTC 2019 /home/travis/build/icyphy/ptII/ptolemy/actor/lib/test/auto/PublisherPortSubscriberPortOpaqueWidthInference.xml
----------------- Instantiating /home/travis/build/icyphy/ptII/ptolemy/actor/lib/test/auto/PublisherPortSubscriberPortOpaqueWidthInference.xml
4 ms. Memory: 433152K Free: 252961K (58%)
----------------- Invoking toplevel() on ptolemy.moml.MoMLSimpleApplication@346e52f2
----------------- Done invoking toplevel() on ptolemy.moml.MoMLSimpleApplication@346e52f2
reloadAllAccessors: .PublisherPortSubscriberPortOpaqueWidthInference

===========================================================================================
----------------- testing Fri Sep 06 05:42:42 UTC 2019 /home/travis/build/icyphy/ptII/ptolemy/actor/lib/test/auto/PublisherPortToplevelSubscriberPortAOC.xml
----------------- Instantiating /home/travis/build/icyphy/ptII/ptolemy/actor/lib/test/auto/PublisherPortToplevelSubscriberPortAOC.xml
.PublisherPortToplevelSubscriberPortAOC.TestExceptionAttribute: initialize() was not invoked, but wrapup() was.  This is unusual, but not always a problem.  For example, exporting JNLP will do this.
1 ms. Memory: 433152K Free: 246831K (57%)
----------------- Invoking toplevel() on ptolemy.moml.MoMLSimpleApplication@319b39bd
----------------- Done invoking toplevel() on ptolemy.moml.MoMLSimpleApplication@319b39bd
reloadAllAccessors: .PublisherPortToplevelSubscriberPortAOC

===========================================================================================
----------------- testing Fri Sep 06 05:42:42 UTC 2019 /home/travis/build/icyphy/ptII/ptolemy/actor/lib/test/auto/PublisherSubscriber.xml
----------------- Instantiating /home/travis/build/icyphy/ptII/ptolemy/actor/lib/test/auto/PublisherSubscriber.xml
3 ms. Memory: 433152K Free: 239633K (55%)
----------------- Invoking toplevel() on ptolemy.moml.MoMLSimpleApplication@7010d57a
----------------- Done invoking toplevel() on ptolemy.moml.MoMLSimpleApplication@7010d57a
reloadAllAccessors: .PublisherSubscriber

===========================================================================================
----------------- testing Fri Sep 06 05:42:42 UTC 2019 /home/travis/build/icyphy/ptII/ptolemy/actor/lib/test/auto/PublisherSubscriber10.xml
----------------- Instantiating /home/travis/build/icyphy/ptII/ptolemy/actor/lib/test/auto/PublisherSubscriber10.xml
8 ms. Memory: 433152K Free: 229937K (53%)
----------------- Invoking toplevel() on ptolemy.moml.MoMLSimpleApplication@4451c719
----------------- Done invoking toplevel() on ptolemy.moml.MoMLSimpleApplication@4451c719
reloadAllAccessors: .PublisherSubscriber10

===========================================================================================
----------------- testing Fri Sep 06 05:42:43 UTC 2019 /home/travis/build/icyphy/ptII/ptolemy/actor/lib/test/auto/PublisherSubscriber10InitialOutputs.xml
----------------- Instantiating /home/travis/build/icyphy/ptII/ptolemy/actor/lib/test/auto/PublisherSubscriber10InitialOutputs.xml
14 ms. Memory: 433152K Free: 220721K (51%)
----------------- Invoking toplevel() on ptolemy.moml.MoMLSimpleApplication@4c24828c
----------------- Done invoking toplevel() on ptolemy.moml.MoMLSimpleApplication@4c24828c
reloadAllAccessors: .PublisherSubscriber10InitialOutputs

===========================================================================================
----------------- testing Fri Sep 06 05:42:43 UTC 2019 /home/travis/build/icyphy/ptII/ptolemy/actor/lib/test/auto/PublisherSubscriber11.xml
----------------- Instantiating /home/travis/build/icyphy/ptII/ptolemy/actor/lib/test/auto/PublisherSubscriber11.xml
3 ms. Memory: 433152K Free: 214577K (50%)
----------------- Invoking toplevel() on ptolemy.moml.MoMLSimpleApplication@39da9989
----------------- Done invoking toplevel() on ptolemy.moml.MoMLSimpleApplication@39da9989
reloadAllAccessors: .PublisherSubscriber11

===========================================================================================
----------------- testing Fri Sep 06 05:42:43 UTC 2019 /home/travis/build/icyphy/ptII/ptolemy/actor/lib/test/auto/PublisherSubscriber12.xml
----------------- Instantiating /home/travis/build/icyphy/ptII/ptolemy/actor/lib/test/auto/PublisherSubscriber12.xml
4 ms. Memory: 433152K Free: 207409K (48%)
----------------- Invoking toplevel() on ptolemy.moml.MoMLSimpleApplication@13f8a3ef
----------------- Done invoking toplevel() on ptolemy.moml.MoMLSimpleApplication@13f8a3ef
reloadAllAccessors: .PublisherSubscriber12

===========================================================================================
----------------- testing Fri Sep 06 05:42:43 UTC 2019 /home/travis/build/icyphy/ptII/ptolemy/actor/lib/test/auto/PublisherSubscriber13.xml
----------------- Instantiating /home/travis/build/icyphy/ptII/ptolemy/actor/lib/test/auto/PublisherSubscriber13.xml
3 ms. Memory: 433152K Free: 201761K (47%)
----------------- Invoking toplevel() on ptolemy.moml.MoMLSimpleApplication@74d11dd5
----------------- Done invoking toplevel() on ptolemy.moml.MoMLSimpleApplication@74d11dd5
reloadAllAccessors: .PublisherSubscriber13

===========================================================================================
----------------- testing Fri Sep 06 05:42:43 UTC 2019 /home/travis/build/icyphy/ptII/ptolemy/actor/lib/test/auto/PublisherSubscriber14.xml
----------------- Instantiating /home/travis/build/icyphy/ptII/ptolemy/actor/lib/test/auto/PublisherSubscriber14.xml
2 ms. Memory: 433152K Free: 193073K (45%)
----------------- Invoking toplevel() on ptolemy.moml.MoMLSimpleApplication@efacc5f
----------------- Done invoking toplevel() on ptolemy.moml.MoMLSimpleApplication@efacc5f
reloadAllAccessors: .PublisherSubscriber14

===========================================================================================
----------------- testing Fri Sep 06 05:42:43 UTC 2019 /home/travis/build/icyphy/ptII/ptolemy/actor/lib/test/auto/PublisherSubscriber2.xml
----------------- Instantiating /home/travis/build/icyphy/ptII/ptolemy/actor/lib/test/auto/PublisherSubscriber2.xml
4 ms. Memory: 433152K Free: 187409K (43%)
----------------- Invoking toplevel() on ptolemy.moml.MoMLSimpleApplication@1a39ed83
----------------- Done invoking toplevel() on ptolemy.moml.MoMLSimpleApplication@1a39ed83
reloadAllAccessors: .PublisherSubscriber2

===========================================================================================
----------------- testing Fri Sep 06 05:42:43 UTC 2019 /home/travis/build/icyphy/ptII/ptolemy/actor/lib/test/auto/PublisherSubscriber3.xml
----------------- Instantiating /home/travis/build/icyphy/ptII/ptolemy/actor/lib/test/auto/PublisherSubscriber3.xml
2 ms. Memory: 433152K Free: 181809K (42%)
----------------- Invoking toplevel() on ptolemy.moml.MoMLSimpleApplication@285ce882
----------------- Done invoking toplevel() on ptolemy.moml.MoMLSimpleApplication@285ce882
reloadAllAccessors: .PublisherSubscriber3

===========================================================================================
----------------- testing Fri Sep 06 05:42:43 UTC 2019 /home/travis/build/icyphy/ptII/ptolemy/actor/lib/test/auto/PublisherSubscriber4.xml
----------------- Instantiating /home/travis/build/icyphy/ptII/ptolemy/actor/lib/test/auto/PublisherSubscriber4.xml
2 ms. Memory: 433152K Free: 176689K (41%)
----------------- Invoking toplevel() on ptolemy.moml.MoMLSimpleApplication@7e4c5af
----------------- Done invoking toplevel() on ptolemy.moml.MoMLSimpleApplication@7e4c5af
reloadAllAccessors: .PublisherSubscriber4

===========================================================================================
----------------- testing Fri Sep 06 05:42:43 UTC 2019 /home/travis/build/icyphy/ptII/ptolemy/actor/lib/test/auto/PublisherSubscriber5.xml
----------------- Instantiating /home/travis/build/icyphy/ptII/ptolemy/actor/lib/test/auto/PublisherSubscriber5.xml
2 ms. Memory: 433152K Free: 170017K (39%)
----------------- Invoking toplevel() on ptolemy.moml.MoMLSimpleApplication@193dc59e
----------------- Done invoking toplevel() on ptolemy.moml.MoMLSimpleApplication@193dc59e
reloadAllAccessors: .PublisherSubscriber5

===========================================================================================
----------------- testing Fri Sep 06 05:42:43 UTC 2019 /home/travis/build/icyphy/ptII/ptolemy/actor/lib/test/auto/PublisherSubscriber6.xml
----------------- Instantiating /home/travis/build/icyphy/ptII/ptolemy/actor/lib/test/auto/PublisherSubscriber6.xml
5 ms. Memory: 433152K Free: 163377K (38%)
----------------- Invoking toplevel() on ptolemy.moml.MoMLSimpleApplication@52f55bb1
----------------- Done invoking toplevel() on ptolemy.moml.MoMLSimpleApplication@52f55bb1
reloadAllAccessors: .PublisherSubscriber6

===========================================================================================
----------------- testing Fri Sep 06 05:42:43 UTC 2019 /home/travis/build/icyphy/ptII/ptolemy/actor/lib/test/auto/PublisherSubscriber7.xml
----------------- Instantiating /home/travis/build/icyphy/ptII/ptolemy/actor/lib/test/auto/PublisherSubscriber7.xml
14 ms. Memory: 433152K Free: 156719K (36%)
----------------- Invoking toplevel() on ptolemy.moml.MoMLSimpleApplication@3bae064a
----------------- Done invoking toplevel() on ptolemy.moml.MoMLSimpleApplication@3bae064a
reloadAllAccessors: .PublisherSubscriber7

===========================================================================================
----------------- testing Fri Sep 06 05:42:43 UTC 2019 /home/travis/build/icyphy/ptII/ptolemy/actor/lib/test/auto/PublisherSubscriber8.xml
----------------- Instantiating /home/travis/build/icyphy/ptII/ptolemy/actor/lib/test/auto/PublisherSubscriber8.xml
15 ms. Memory: 433152K Free: 144945K (33%)
----------------- Invoking toplevel() on ptolemy.moml.MoMLSimpleApplication@24932433
----------------- Done invoking toplevel() on ptolemy.moml.MoMLSimpleApplication@24932433
reloadAllAccessors: .PublisherSubscriber8

===========================================================================================
----------------- testing Fri Sep 06 05:42:43 UTC 2019 /home/travis/build/icyphy/ptII/ptolemy/actor/lib/test/auto/PublisherSubscriber9.xml
----------------- Instantiating /home/travis/build/icyphy/ptII/ptolemy/actor/lib/test/auto/PublisherSubscriber9.xml
4 ms. Memory: 433152K Free: 138281K (32%)
----------------- Invoking toplevel() on ptolemy.moml.MoMLSimpleApplication@2380b72
----------------- Done invoking toplevel() on ptolemy.moml.MoMLSimpleApplication@2380b72
reloadAllAccessors: .PublisherSubscriber9

===========================================================================================
----------------- testing Fri Sep 06 05:42:43 UTC 2019 /home/travis/build/icyphy/ptII/ptolemy/actor/lib/test/auto/PublisherSubscriberAdjacent.xml
----------------- Instantiating /home/travis/build/icyphy/ptII/ptolemy/actor/lib/test/auto/PublisherSubscriberAdjacent.xml
2 ms. Memory: 433152K Free: 129585K (30%)
----------------- Invoking toplevel() on ptolemy.moml.MoMLSimpleApplication@67b12c8e
----------------- Done invoking toplevel() on ptolemy.moml.MoMLSimpleApplication@67b12c8e
reloadAllAccessors: .PublisherSubscriberAdjacent

===========================================================================================
----------------- testing Fri Sep 06 05:42:43 UTC 2019 /home/travis/build/icyphy/ptII/ptolemy/actor/lib/test/auto/PublisherSubscriberChannelVariablesAOC2.xml
----------------- Instantiating /home/travis/build/icyphy/ptII/ptolemy/actor/lib/test/auto/PublisherSubscriberChannelVariablesAOC2.xml
4 ms. Memory: 433152K Free: 369980K (85%)
----------------- Invoking toplevel() on ptolemy.moml.MoMLSimpleApplication@474e0010
----------------- Done invoking toplevel() on ptolemy.moml.MoMLSimpleApplication@474e0010
reloadAllAccessors: .PublisherSubscriberChannelVariablesAOC2

===========================================================================================
----------------- testing Fri Sep 06 05:42:43 UTC 2019 /home/travis/build/icyphy/ptII/ptolemy/actor/lib/test/auto/PublisherSubscriberD3.xml
----------------- Instantiating /home/travis/build/icyphy/ptII/ptolemy/actor/lib/test/auto/PublisherSubscriberD3.xml
2 ms. Memory: 433152K Free: 362812K (84%)
----------------- Invoking toplevel() on ptolemy.moml.MoMLSimpleApplication@270bace8
----------------- Done invoking toplevel() on ptolemy.moml.MoMLSimpleApplication@270bace8
reloadAllAccessors: .PublisherSubscriberD3

===========================================================================================
----------------- testing Fri Sep 06 05:42:43 UTC 2019 /home/travis/build/icyphy/ptII/ptolemy/actor/lib/test/auto/PublisherSubscriberD3Reverse.xml
----------------- Instantiating /home/travis/build/icyphy/ptII/ptolemy/actor/lib/test/auto/PublisherSubscriberD3Reverse.xml
2 ms. Memory: 433152K Free: 356668K (82%)
----------------- Invoking toplevel() on ptolemy.moml.MoMLSimpleApplication@8ae047c
----------------- Done invoking toplevel() on ptolemy.moml.MoMLSimpleApplication@8ae047c
reloadAllAccessors: .PublisherSubscriberD3Reverse

===========================================================================================
----------------- testing Fri Sep 06 05:42:43 UTC 2019 /home/travis/build/icyphy/ptII/ptolemy/actor/lib/test/auto/PublisherSubscriberExpression.xml
----------------- Instantiating /home/travis/build/icyphy/ptII/ptolemy/actor/lib/test/auto/PublisherSubscriberExpression.xml
4 ms. Memory: 433152K Free: 347966K (80%)
----------------- Invoking toplevel() on ptolemy.moml.MoMLSimpleApplication@3e8b5ab2
----------------- Done invoking toplevel() on ptolemy.moml.MoMLSimpleApplication@3e8b5ab2
reloadAllAccessors: .PublisherSubscriberExpression

===========================================================================================
----------------- testing Fri Sep 06 05:42:43 UTC 2019 /home/travis/build/icyphy/ptII/ptolemy/actor/lib/test/auto/PublisherSubscriberOpaque.xml
----------------- Instantiating /home/travis/build/icyphy/ptII/ptolemy/actor/lib/test/auto/PublisherSubscriberOpaque.xml
4 ms. Memory: 433152K Free: 339774K (78%)
----------------- Invoking toplevel() on ptolemy.moml.MoMLSimpleApplication@f9e2cad
----------------- Done invoking toplevel() on ptolemy.moml.MoMLSimpleApplication@f9e2cad
reloadAllAccessors: .PublisherSubscriberOpaque

===========================================================================================
----------------- testing Fri Sep 06 05:42:43 UTC 2019 /home/travis/build/icyphy/ptII/ptolemy/actor/lib/test/auto/PublisherSubscriberOpaqueD3.xml
----------------- Instantiating /home/travis/build/icyphy/ptII/ptolemy/actor/lib/test/auto/PublisherSubscriberOpaqueD3.xml
7 ms. Memory: 433152K Free: 328510K (76%)
----------------- Invoking toplevel() on ptolemy.moml.MoMLSimpleApplication@69cb3786
----------------- Done invoking toplevel() on ptolemy.moml.MoMLSimpleApplication@69cb3786
reloadAllAccessors: .PublisherSubscriberOpaqueD3

===========================================================================================
----------------- testing Fri Sep 06 05:42:43 UTC 2019 /home/travis/build/icyphy/ptII/ptolemy/actor/lib/test/auto/PublisherSubscriberOpaqueD3Reverse.xml
----------------- Instantiating /home/travis/build/icyphy/ptII/ptolemy/actor/lib/test/auto/PublisherSubscriberOpaqueD3Reverse.xml
10 ms. Memory: 433152K Free: 317756K (73%)
----------------- Invoking toplevel() on ptolemy.moml.MoMLSimpleApplication@2099b05b
----------------- Done invoking toplevel() on ptolemy.moml.MoMLSimpleApplication@2099b05b
reloadAllAccessors: .PublisherSubscriberOpaqueD3Reverse

===========================================================================================
----------------- testing Fri Sep 06 05:42:43 UTC 2019 /home/travis/build/icyphy/ptII/ptolemy/actor/lib/test/auto/PublisherSubscriberOpaqueWidthInference.xml
----------------- Instantiating /home/travis/build/icyphy/ptII/ptolemy/actor/lib/test/auto/PublisherSubscriberOpaqueWidthInference.xml
5 ms. Memory: 433152K Free: 309549K (71%)
----------------- Invoking toplevel() on ptolemy.moml.MoMLSimpleApplication@6c394a6d
----------------- Done invoking toplevel() on ptolemy.moml.MoMLSimpleApplication@6c394a6d
reloadAllAccessors: .PublisherSubscriberOpaqueWidthInference

===========================================================================================
----------------- testing Fri Sep 06 05:42:43 UTC 2019 /home/travis/build/icyphy/ptII/ptolemy/actor/lib/test/auto/PublisherTestSubscriber.xml
----------------- Instantiating /home/travis/build/icyphy/ptII/ptolemy/actor/lib/test/auto/PublisherTestSubscriber.xml
4 ms. Memory: 433152K Free: 301886K (70%)
----------------- Invoking toplevel() on ptolemy.moml.MoMLSimpleApplication@7108b9c1
----------------- Done invoking toplevel() on ptolemy.moml.MoMLSimpleApplication@7108b9c1
reloadAllAccessors: .PublisherTestSubscriber

===========================================================================================
----------------- testing Fri Sep 06 05:42:43 UTC 2019 /home/travis/build/icyphy/ptII/ptolemy/actor/lib/test/auto/PublisherToplevelSubscriberPortAOC.xml
----------------- Instantiating /home/travis/build/icyphy/ptII/ptolemy/actor/lib/test/auto/PublisherToplevelSubscriberPortAOC.xml
2 ms. Memory: 433152K Free: 295742K (68%)
----------------- Invoking toplevel() on ptolemy.moml.MoMLSimpleApplication@603b26b5
----------------- Done invoking toplevel() on ptolemy.moml.MoMLSimpleApplication@603b26b5
reloadAllAccessors: .PublisherToplevelSubscriberPortAOC

===========================================================================================
----------------- testing Fri Sep 06 05:42:43 UTC 2019 /home/travis/build/icyphy/ptII/ptolemy/actor/lib/test/auto/PulseFiringLimitDE.xml
----------------- Instantiating /home/travis/build/icyphy/ptII/ptolemy/actor/lib/test/auto/PulseFiringLimitDE.xml
2 ms. Memory: 433152K Free: 289084K (67%)
----------------- Invoking toplevel() on ptolemy.moml.MoMLSimpleApplication@7fa2b0d6
----------------- Done invoking toplevel() on ptolemy.moml.MoMLSimpleApplication@7fa2b0d6
reloadAllAccessors: .PulseFiringLimitDE

===========================================================================================
----------------- testing Fri Sep 06 05:42:43 UTC 2019 /home/travis/build/icyphy/ptII/ptolemy/actor/lib/test/auto/Ramp1.xml
----------------- Instantiating /home/travis/build/icyphy/ptII/ptolemy/actor/lib/test/auto/Ramp1.xml
1 ms. Memory: 433152K Free: 284973K (66%)
----------------- Invoking toplevel() on ptolemy.moml.MoMLSimpleApplication@53ac5fdc
----------------- Done invoking toplevel() on ptolemy.moml.MoMLSimpleApplication@53ac5fdc
reloadAllAccessors: .Ramp1

===========================================================================================
----------------- testing Fri Sep 06 05:42:43 UTC 2019 /home/travis/build/icyphy/ptII/ptolemy/actor/lib/test/auto/RampFiringLimitDE.xml
----------------- Instantiating /home/travis/build/icyphy/ptII/ptolemy/actor/lib/test/auto/RampFiringLimitDE.xml
4 ms. Memory: 433152K Free: 278829K (64%)
----------------- Invoking toplevel() on ptolemy.moml.MoMLSimpleApplication@4cbcbc8f
----------------- Done invoking toplevel() on ptolemy.moml.MoMLSimpleApplication@4cbcbc8f
reloadAllAccessors: .RampFiringLimitDE

===========================================================================================
----------------- testing Fri Sep 06 05:42:43 UTC 2019 /home/travis/build/icyphy/ptII/ptolemy/actor/lib/test/auto/RampFiringLimitSDF.xml
----------------- Instantiating /home/travis/build/icyphy/ptII/ptolemy/actor/lib/test/auto/RampFiringLimitSDF.xml
3 ms. Memory: 433152K Free: 273709K (63%)
----------------- Invoking toplevel() on ptolemy.moml.MoMLSimpleApplication@e4ee163
----------------- Done invoking toplevel() on ptolemy.moml.MoMLSimpleApplication@e4ee163
reloadAllAccessors: .RampFiringLimitSDF

===========================================================================================
----------------- testing Fri Sep 06 05:42:43 UTC 2019 /home/travis/build/icyphy/ptII/ptolemy/actor/lib/test/auto/RandomInteger.xml
----------------- Instantiating /home/travis/build/icyphy/ptII/ptolemy/actor/lib/test/auto/RandomInteger.xml
2 ms. Memory: 433152K Free: 269628K (62%)
----------------- Invoking toplevel() on ptolemy.moml.MoMLSimpleApplication@4bb464bf
----------------- Done invoking toplevel() on ptolemy.moml.MoMLSimpleApplication@4bb464bf
reloadAllAccessors: .RandomInteger

===========================================================================================
----------------- testing Fri Sep 06 05:42:43 UTC 2019 /home/travis/build/icyphy/ptII/ptolemy/actor/lib/test/auto/ReadFile1.xml
----------------- Instantiating /home/travis/build/icyphy/ptII/ptolemy/actor/lib/test/auto/ReadFile1.xml
2 ms. Memory: 433152K Free: 265022K (61%)
----------------- Invoking toplevel() on ptolemy.moml.MoMLSimpleApplication@12ed5185
----------------- Done invoking toplevel() on ptolemy.moml.MoMLSimpleApplication@12ed5185
reloadAllAccessors: .ReadFile1

===========================================================================================
----------------- testing Fri Sep 06 05:42:43 UTC 2019 /home/travis/build/icyphy/ptII/ptolemy/actor/lib/test/auto/ReadFile2.xml
----------------- Instantiating /home/travis/build/icyphy/ptII/ptolemy/actor/lib/test/auto/ReadFile2.xml
1 ms. Memory: 433152K Free: 260926K (60%)
----------------- Invoking toplevel() on ptolemy.moml.MoMLSimpleApplication@15118f81
----------------- Done invoking toplevel() on ptolemy.moml.MoMLSimpleApplication@15118f81
reloadAllAccessors: .ReadFile2

===========================================================================================
----------------- testing Fri Sep 06 05:42:43 UTC 2019 /home/travis/build/icyphy/ptII/ptolemy/actor/lib/test/auto/Reader.xml
----------------- Instantiating /home/travis/build/icyphy/ptII/ptolemy/actor/lib/test/auto/Reader.xml
actor.lib.Reader is obsolete, use actor.lib.io.ExpressionReader instead
2 ms. Memory: 433152K Free: 256830K (59%)
----------------- Invoking toplevel() on ptolemy.moml.MoMLSimpleApplication@752eb3ad
----------------- Done invoking toplevel() on ptolemy.moml.MoMLSimpleApplication@752eb3ad
reloadAllAccessors: .Reader

===========================================================================================
----------------- testing Fri Sep 06 05:42:43 UTC 2019 /home/travis/build/icyphy/ptII/ptolemy/actor/lib/test/auto/RecordAssemblerDisplayNameTest.xml
----------------- Instantiating /home/travis/build/icyphy/ptII/ptolemy/actor/lib/test/auto/RecordAssemblerDisplayNameTest.xml
4776 ms. Memory: 433152K Free: 338988K (78%)
----------------- Invoking toplevel() on ptolemy.moml.MoMLSimpleApplication@182f461
----------------- Done invoking toplevel() on ptolemy.moml.MoMLSimpleApplication@182f461
reloadAllAccessors: .RecordAssemblerDisplayNameTest

===========================================================================================
----------------- testing Fri Sep 06 05:42:48 UTC 2019 /home/travis/build/icyphy/ptII/ptolemy/actor/lib/test/auto/RecordAssemblerTypeError.xml
----------------- Instantiating /home/travis/build/icyphy/ptII/ptolemy/actor/lib/test/auto/RecordAssemblerTypeError.xml
26 ms. Memory: 433152K Free: 329262K (76%)
----------------- Invoking toplevel() on ptolemy.moml.MoMLSimpleApplication@6198c416
----------------- Done invoking toplevel() on ptolemy.moml.MoMLSimpleApplication@6198c416
reloadAllAccessors: .RecordAssemblerTypeError

===========================================================================================
----------------- testing Fri Sep 06 05:42:48 UTC 2019 /home/travis/build/icyphy/ptII/ptolemy/actor/lib/test/auto/RecordDisassember.xml
----------------- Instantiating /home/travis/build/icyphy/ptII/ptolemy/actor/lib/test/auto/RecordDisassember.xml
5 ms. Memory: 433152K Free: 324622K (75%)
----------------- Invoking toplevel() on ptolemy.moml.MoMLSimpleApplication@543c56f2
----------------- Done invoking toplevel() on ptolemy.moml.MoMLSimpleApplication@543c56f2
reloadAllAccessors: .RecordDisassember

===========================================================================================
----------------- testing Fri Sep 06 05:42:48 UTC 2019 /home/travis/build/icyphy/ptII/ptolemy/actor/lib/test/auto/RecordDisassemberDisplayNameTest.xml
----------------- Instantiating /home/travis/build/icyphy/ptII/ptolemy/actor/lib/test/auto/RecordDisassemberDisplayNameTest.xml
9 ms. Memory: 433152K Free: 316460K (73%)
----------------- Invoking toplevel() on ptolemy.moml.MoMLSimpleApplication@2ae50a04
----------------- Done invoking toplevel() on ptolemy.moml.MoMLSimpleApplication@2ae50a04
reloadAllAccessors: .RecordDisassemberDisplayNameTest

===========================================================================================
----------------- testing Fri Sep 06 05:42:48 UTC 2019 /home/travis/build/icyphy/ptII/ptolemy/actor/lib/test/auto/RecordDisassembler.xml
----------------- Instantiating /home/travis/build/icyphy/ptII/ptolemy/actor/lib/test/auto/RecordDisassembler.xml
5 ms. Memory: 433152K Free: 311334K (72%)
----------------- Invoking toplevel() on ptolemy.moml.MoMLSimpleApplication@7d8ce3f6
----------------- Done invoking toplevel() on ptolemy.moml.MoMLSimpleApplication@7d8ce3f6
reloadAllAccessors: .RecordDisassembler

===========================================================================================
----------------- testing Fri Sep 06 05:42:48 UTC 2019 /home/travis/build/icyphy/ptII/ptolemy/actor/lib/test/auto/RecordDisassembler2.xml
----------------- Instantiating /home/travis/build/icyphy/ptII/ptolemy/actor/lib/test/auto/RecordDisassembler2.xml
5 ms. Memory: 433152K Free: 306206K (71%)
----------------- Invoking toplevel() on ptolemy.moml.MoMLSimpleApplication@5f465493
----------------- Done invoking toplevel() on ptolemy.moml.MoMLSimpleApplication@5f465493
reloadAllAccessors: .RecordDisassembler2

===========================================================================================
----------------- testing Fri Sep 06 05:42:48 UTC 2019 /home/travis/build/icyphy/ptII/ptolemy/actor/lib/test/auto/RecordUpdater.xml
----------------- Instantiating /home/travis/build/icyphy/ptII/ptolemy/actor/lib/test/auto/RecordUpdater.xml
3 ms. Memory: 433152K Free: 301100K (70%)
----------------- Invoking toplevel() on ptolemy.moml.MoMLSimpleApplication@518b02f4
----------------- Done invoking toplevel() on ptolemy.moml.MoMLSimpleApplication@518b02f4
reloadAllAccessors: .RecordUpdater

===========================================================================================
----------------- testing Fri Sep 06 05:42:48 UTC 2019 /home/travis/build/icyphy/ptII/ptolemy/actor/lib/test/auto/RecordUpdater2.xml
----------------- Instantiating /home/travis/build/icyphy/ptII/ptolemy/actor/lib/test/auto/RecordUpdater2.xml
2 ms. Memory: 433152K Free: 296494K (68%)
----------------- Invoking toplevel() on ptolemy.moml.MoMLSimpleApplication@3bc85faa
----------------- Done invoking toplevel() on ptolemy.moml.MoMLSimpleApplication@3bc85faa
reloadAllAccessors: .RecordUpdater2

===========================================================================================
----------------- testing Fri Sep 06 05:42:48 UTC 2019 /home/travis/build/icyphy/ptII/ptolemy/actor/lib/test/auto/RecursiveLattice.xml
----------------- Instantiating /home/travis/build/icyphy/ptII/ptolemy/actor/lib/test/auto/RecursiveLattice.xml
2 ms. Memory: 433152K Free: 292398K (68%)
----------------- Invoking toplevel() on ptolemy.moml.MoMLSimpleApplication@e270650
----------------- Done invoking toplevel() on ptolemy.moml.MoMLSimpleApplication@e270650
reloadAllAccessors: .RecursiveLattice

===========================================================================================
----------------- testing Fri Sep 06 05:42:48 UTC 2019 /home/travis/build/icyphy/ptII/ptolemy/actor/lib/test/auto/Router.xml
----------------- Instantiating /home/travis/build/icyphy/ptII/ptolemy/actor/lib/test/auto/Router.xml
3004 ms. Memory: 433152K Free: 280620K (65%)
----------------- Invoking toplevel() on ptolemy.moml.MoMLSimpleApplication@7156e36c
----------------- Done invoking toplevel() on ptolemy.moml.MoMLSimpleApplication@7156e36c
reloadAllAccessors: .Router

===========================================================================================
----------------- testing Fri Sep 06 05:42:51 UTC 2019 /home/travis/build/icyphy/ptII/ptolemy/actor/lib/test/auto/Router2.xml
----------------- Instantiating /home/travis/build/icyphy/ptII/ptolemy/actor/lib/test/auto/Router2.xml
3010 ms. Memory: 433152K Free: 270894K (63%)
----------------- Invoking toplevel() on ptolemy.moml.MoMLSimpleApplication@7ff74ade
----------------- Done invoking toplevel() on ptolemy.moml.MoMLSimpleApplication@7ff74ade
reloadAllAccessors: .Router2

===========================================================================================
----------------- testing Fri Sep 06 05:42:54 UTC 2019 /home/travis/build/icyphy/ptII/ptolemy/actor/lib/test/auto/RunningMaximum.xml
----------------- Instantiating /home/travis/build/icyphy/ptII/ptolemy/actor/lib/test/auto/RunningMaximum.xml
2 ms. Memory: 433152K Free: 266284K (61%)
----------------- Invoking toplevel() on ptolemy.moml.MoMLSimpleApplication@7537122c
----------------- Done invoking toplevel() on ptolemy.moml.MoMLSimpleApplication@7537122c
reloadAllAccessors: .RunningMaximum

===========================================================================================
----------------- testing Fri Sep 06 05:42:54 UTC 2019 /home/travis/build/icyphy/ptII/ptolemy/actor/lib/test/auto/RunningMinimum.xml
----------------- Instantiating /home/travis/build/icyphy/ptII/ptolemy/actor/lib/test/auto/RunningMinimum.xml
12 ms. Memory: 433152K Free: 261678K (60%)
----------------- Invoking toplevel() on ptolemy.moml.MoMLSimpleApplication@20a2d07a
----------------- Done invoking toplevel() on ptolemy.moml.MoMLSimpleApplication@20a2d07a
reloadAllAccessors: .RunningMinimum

===========================================================================================
----------------- testing Fri Sep 06 05:42:54 UTC 2019 /home/travis/build/icyphy/ptII/ptolemy/actor/lib/test/auto/Scale.xml
----------------- Instantiating /home/travis/build/icyphy/ptII/ptolemy/actor/lib/test/auto/Scale.xml
2 ms. Memory: 433152K Free: 257068K (59%)
----------------- Invoking toplevel() on ptolemy.moml.MoMLSimpleApplication@4282e5f3
----------------- Done invoking toplevel() on ptolemy.moml.MoMLSimpleApplication@4282e5f3
reloadAllAccessors: .Scale

===========================================================================================
----------------- testing Fri Sep 06 05:42:54 UTC 2019 /home/travis/build/icyphy/ptII/ptolemy/actor/lib/test/auto/Scale2.xml
----------------- Instantiating /home/travis/build/icyphy/ptII/ptolemy/actor/lib/test/auto/Scale2.xml
2 ms. Memory: 433152K Free: 252462K (58%)
----------------- Invoking toplevel() on ptolemy.moml.MoMLSimpleApplication@6287ac93
----------------- Done invoking toplevel() on ptolemy.moml.MoMLSimpleApplication@6287ac93
reloadAllAccessors: .Scale2

===========================================================================================
----------------- testing Fri Sep 06 05:42:54 UTC 2019 /home/travis/build/icyphy/ptII/ptolemy/actor/lib/test/auto/Scale3.xml
----------------- Instantiating /home/travis/build/icyphy/ptII/ptolemy/actor/lib/test/auto/Scale3.xml
10 ms. Memory: 433152K Free: 246318K (57%)
----------------- Invoking toplevel() on ptolemy.moml.MoMLSimpleApplication@37cf7fef
----------------- Done invoking toplevel() on ptolemy.moml.MoMLSimpleApplication@37cf7fef
reloadAllAccessors: .Scale3

===========================================================================================
----------------- testing Fri Sep 06 05:42:54 UTC 2019 /home/travis/build/icyphy/ptII/ptolemy/actor/lib/test/auto/ScaleArray.xml
----------------- Instantiating /home/travis/build/icyphy/ptII/ptolemy/actor/lib/test/auto/ScaleArray.xml
2 ms. Memory: 433152K Free: 241708K (56%)
----------------- Invoking toplevel() on ptolemy.moml.MoMLSimpleApplication@7f865920
----------------- Done invoking toplevel() on ptolemy.moml.MoMLSimpleApplication@7f865920
reloadAllAccessors: .ScaleArray

===========================================================================================
----------------- testing Fri Sep 06 05:42:54 UTC 2019 /home/travis/build/icyphy/ptII/ptolemy/actor/lib/test/auto/ScaleArray2.xml
----------------- Instantiating /home/travis/build/icyphy/ptII/ptolemy/actor/lib/test/auto/ScaleArray2.xml
3 ms. Memory: 433152K Free: 236588K (55%)
----------------- Invoking toplevel() on ptolemy.moml.MoMLSimpleApplication@8168ef5
----------------- Done invoking toplevel() on ptolemy.moml.MoMLSimpleApplication@8168ef5
reloadAllAccessors: .ScaleArray2

===========================================================================================
----------------- testing Fri Sep 06 05:42:55 UTC 2019 /home/travis/build/icyphy/ptII/ptolemy/actor/lib/test/auto/ScaleMatrix.xml
----------------- Instantiating /home/travis/build/icyphy/ptII/ptolemy/actor/lib/test/auto/ScaleMatrix.xml
181 ms. Memory: 433152K Free: 222766K (51%)
----------------- Invoking toplevel() on ptolemy.moml.MoMLSimpleApplication@3c67a427
----------------- Done invoking toplevel() on ptolemy.moml.MoMLSimpleApplication@3c67a427
reloadAllAccessors: .ScaleMatrix

===========================================================================================
----------------- testing Fri Sep 06 05:42:55 UTC 2019 /home/travis/build/icyphy/ptII/ptolemy/actor/lib/test/auto/Select.xml
----------------- Instantiating /home/travis/build/icyphy/ptII/ptolemy/actor/lib/test/auto/Select.xml
2 ms. Memory: 433152K Free: 216622K (50%)
----------------- Invoking toplevel() on ptolemy.moml.MoMLSimpleApplication@6811717e
----------------- Done invoking toplevel() on ptolemy.moml.MoMLSimpleApplication@6811717e
reloadAllAccessors: .Select

===========================================================================================
----------------- testing Fri Sep 06 05:42:55 UTC 2019 /home/travis/build/icyphy/ptII/ptolemy/actor/lib/test/auto/Select2.xml
----------------- Instantiating /home/travis/build/icyphy/ptII/ptolemy/actor/lib/test/auto/Select2.xml
2 ms. Memory: 433152K Free: 212012K (49%)
----------------- Invoking toplevel() on ptolemy.moml.MoMLSimpleApplication@6e7fbf6
----------------- Done invoking toplevel() on ptolemy.moml.MoMLSimpleApplication@6e7fbf6
reloadAllAccessors: .Select2

===========================================================================================
----------------- testing Fri Sep 06 05:42:55 UTC 2019 /home/travis/build/icyphy/ptII/ptolemy/actor/lib/test/auto/SequenceToArray2.xml
----------------- Instantiating /home/travis/build/icyphy/ptII/ptolemy/actor/lib/test/auto/SequenceToArray2.xml
106 ms. Memory: 433152K Free: 187950K (43%)
----------------- Invoking toplevel() on ptolemy.moml.MoMLSimpleApplication@1f29c139
----------------- Done invoking toplevel() on ptolemy.moml.MoMLSimpleApplication@1f29c139
reloadAllAccessors: .SequenceToArray2

===========================================================================================
----------------- testing Fri Sep 06 05:42:55 UTC 2019 /home/travis/build/icyphy/ptII/ptolemy/actor/lib/test/auto/SequentialClock.xml
----------------- Instantiating /home/travis/build/icyphy/ptII/ptolemy/actor/lib/test/auto/SequentialClock.xml
2 ms. Memory: 433152K Free: 183854K (42%)
----------------- Invoking toplevel() on ptolemy.moml.MoMLSimpleApplication@131fc5de
----------------- Done invoking toplevel() on ptolemy.moml.MoMLSimpleApplication@131fc5de
reloadAllAccessors: .SequentialClock

===========================================================================================
----------------- testing Fri Sep 06 05:42:55 UTC 2019 /home/travis/build/icyphy/ptII/ptolemy/actor/lib/test/auto/SetVariable.xml
----------------- Instantiating /home/travis/build/icyphy/ptII/ptolemy/actor/lib/test/auto/SetVariable.xml
3 ms. Memory: 433152K Free: 179244K (41%)
----------------- Invoking toplevel() on ptolemy.moml.MoMLSimpleApplication@3131d2b5
----------------- Done invoking toplevel() on ptolemy.moml.MoMLSimpleApplication@3131d2b5
reloadAllAccessors: .SetVariable

===========================================================================================
----------------- testing Fri Sep 06 05:42:55 UTC 2019 /home/travis/build/icyphy/ptII/ptolemy/actor/lib/test/auto/SetVariable2.xml
----------------- Instantiating /home/travis/build/icyphy/ptII/ptolemy/actor/lib/test/auto/SetVariable2.xml
4 ms. Memory: 433152K Free: 174124K (40%)
----------------- Invoking toplevel() on ptolemy.moml.MoMLSimpleApplication@d86470e
----------------- Done invoking toplevel() on ptolemy.moml.MoMLSimpleApplication@d86470e
reloadAllAccessors: .SetVariable2

===========================================================================================
----------------- testing Fri Sep 06 05:42:55 UTC 2019 /home/travis/build/icyphy/ptII/ptolemy/actor/lib/test/auto/SetVariable3.xml
----------------- Instantiating /home/travis/build/icyphy/ptII/ptolemy/actor/lib/test/auto/SetVariable3.xml
9 ms. Memory: 433152K Free: 169004K (39%)
----------------- Invoking toplevel() on ptolemy.moml.MoMLSimpleApplication@3d57c48d
----------------- Done invoking toplevel() on ptolemy.moml.MoMLSimpleApplication@3d57c48d
reloadAllAccessors: .SetVariable3

===========================================================================================
----------------- testing Fri Sep 06 05:42:55 UTC 2019 /home/travis/build/icyphy/ptII/ptolemy/actor/lib/test/auto/SetVariable4.xml
----------------- Instantiating /home/travis/build/icyphy/ptII/ptolemy/actor/lib/test/auto/SetVariable4.xml
24 ms. Memory: 433152K Free: 159276K (37%)
----------------- Invoking toplevel() on ptolemy.moml.MoMLSimpleApplication@594d7d59
----------------- Done invoking toplevel() on ptolemy.moml.MoMLSimpleApplication@594d7d59
reloadAllAccessors: .SetVariable4

===========================================================================================
----------------- testing Fri Sep 06 05:42:55 UTC 2019 /home/travis/build/icyphy/ptII/ptolemy/actor/lib/test/auto/SetVariable5.xml
----------------- Instantiating /home/travis/build/icyphy/ptII/ptolemy/actor/lib/test/auto/SetVariable5.xml
18 ms. Memory: 433152K Free: 150062K (35%)
----------------- Invoking toplevel() on ptolemy.moml.MoMLSimpleApplication@525532ee
----------------- Done invoking toplevel() on ptolemy.moml.MoMLSimpleApplication@525532ee
reloadAllAccessors: .SetVariable5

===========================================================================================
----------------- testing Fri Sep 06 05:42:55 UTC 2019 /home/travis/build/icyphy/ptII/ptolemy/actor/lib/test/auto/Sinewave.xml
----------------- Instantiating /home/travis/build/icyphy/ptII/ptolemy/actor/lib/test/auto/Sinewave.xml
7 ms. Memory: 433152K Free: 139822K (32%)
----------------- Invoking toplevel() on ptolemy.moml.MoMLSimpleApplication@647ec5de
----------------- Done invoking toplevel() on ptolemy.moml.MoMLSimpleApplication@647ec5de
reloadAllAccessors: .Sinewave

===========================================================================================
----------------- testing Fri Sep 06 05:42:55 UTC 2019 /home/travis/build/icyphy/ptII/ptolemy/actor/lib/test/auto/Sinewave2.xml
----------------- Instantiating /home/travis/build/icyphy/ptII/ptolemy/actor/lib/test/auto/Sinewave2.xml
6 ms. Memory: 433152K Free: 131630K (30%)
----------------- Invoking toplevel() on ptolemy.moml.MoMLSimpleApplication@1182a96e
----------------- Done invoking toplevel() on ptolemy.moml.MoMLSimpleApplication@1182a96e
reloadAllAccessors: .Sinewave2

===========================================================================================
----------------- testing Fri Sep 06 05:42:55 UTC 2019 /home/travis/build/icyphy/ptII/ptolemy/actor/lib/test/auto/Sinewave3.xml
----------------- Instantiating /home/travis/build/icyphy/ptII/ptolemy/actor/lib/test/auto/Sinewave3.xml
14 ms. Memory: 433152K Free: 378127K (87%)
----------------- Invoking toplevel() on ptolemy.moml.MoMLSimpleApplication@5b6167ef
----------------- Done invoking toplevel() on ptolemy.moml.MoMLSimpleApplication@5b6167ef
reloadAllAccessors: .Sinewave3

===========================================================================================
----------------- testing Fri Sep 06 05:42:55 UTC 2019 /home/travis/build/icyphy/ptII/ptolemy/actor/lib/test/auto/SingleEvent.xml
----------------- Instantiating /home/travis/build/icyphy/ptII/ptolemy/actor/lib/test/auto/SingleEvent.xml
1 ms. Memory: 433152K Free: 373517K (86%)
----------------- Invoking toplevel() on ptolemy.moml.MoMLSimpleApplication@2879794d
----------------- Done invoking toplevel() on ptolemy.moml.MoMLSimpleApplication@2879794d
reloadAllAccessors: .SingleEvent

===========================================================================================
----------------- testing Fri Sep 06 05:42:55 UTC 2019 /home/travis/build/icyphy/ptII/ptolemy/actor/lib/test/auto/Sleep.xml
----------------- Instantiating /home/travis/build/icyphy/ptII/ptolemy/actor/lib/test/auto/Sleep.xml
6005 ms. Memory: 433152K Free: 367887K (85%)
----------------- Invoking toplevel() on ptolemy.moml.MoMLSimpleApplication@2dd672b4
----------------- Done invoking toplevel() on ptolemy.moml.MoMLSimpleApplication@2dd672b4
reloadAllAccessors: .Sleep

===========================================================================================
----------------- testing Fri Sep 06 05:43:01 UTC 2019 /home/travis/build/icyphy/ptII/ptolemy/actor/lib/test/auto/SleepMultipleFire.xml
----------------- Instantiating /home/travis/build/icyphy/ptII/ptolemy/actor/lib/test/auto/SleepMultipleFire.xml
1006 ms. Memory: 433152K Free: 362253K (84%)
----------------- Invoking toplevel() on ptolemy.moml.MoMLSimpleApplication@7a92912d
----------------- Done invoking toplevel() on ptolemy.moml.MoMLSimpleApplication@7a92912d
reloadAllAccessors: .SleepMultipleFire

===========================================================================================
----------------- testing Fri Sep 06 05:43:02 UTC 2019 /home/travis/build/icyphy/ptII/ptolemy/actor/lib/test/auto/StopDE.xml
----------------- Instantiating /home/travis/build/icyphy/ptII/ptolemy/actor/lib/test/auto/StopDE.xml
3 ms. Memory: 433152K Free: 356623K (82%)
----------------- Invoking toplevel() on ptolemy.moml.MoMLSimpleApplication@7a407197
----------------- Done invoking toplevel() on ptolemy.moml.MoMLSimpleApplication@7a407197
reloadAllAccessors: .StopDE

===========================================================================================
----------------- testing Fri Sep 06 05:43:02 UTC 2019 /home/travis/build/icyphy/ptII/ptolemy/actor/lib/test/auto/StopSDF.xml
----------------- Instantiating /home/travis/build/icyphy/ptII/ptolemy/actor/lib/test/auto/StopSDF.xml
3 ms. Memory: 433152K Free: 351503K (81%)
----------------- Invoking toplevel() on ptolemy.moml.MoMLSimpleApplication@16bf2e89
----------------- Done invoking toplevel() on ptolemy.moml.MoMLSimpleApplication@16bf2e89
reloadAllAccessors: .StopSDF

===========================================================================================
----------------- testing Fri Sep 06 05:43:02 UTC 2019 /home/travis/build/icyphy/ptII/ptolemy/actor/lib/test/auto/StringConstant.xml
----------------- Instantiating /home/travis/build/icyphy/ptII/ptolemy/actor/lib/test/auto/StringConstant.xml
13 ms. Memory: 433152K Free: 346890K (80%)
----------------- Invoking toplevel() on ptolemy.moml.MoMLSimpleApplication@411cfc19
----------------- Done invoking toplevel() on ptolemy.moml.MoMLSimpleApplication@411cfc19
reloadAllAccessors: .StringConstant

===========================================================================================
----------------- testing Fri Sep 06 05:43:02 UTC 2019 /home/travis/build/icyphy/ptII/ptolemy/actor/lib/test/auto/SubscriberPortInitialValues1.xml
----------------- Instantiating /home/travis/build/icyphy/ptII/ptolemy/actor/lib/test/auto/SubscriberPortInitialValues1.xml
9 ms. Memory: 433152K Free: 338191K (78%)
----------------- Invoking toplevel() on ptolemy.moml.MoMLSimpleApplication@6ccb21f5
----------------- Done invoking toplevel() on ptolemy.moml.MoMLSimpleApplication@6ccb21f5
reloadAllAccessors: .SubscriberPortInitialValues1

===========================================================================================
----------------- testing Fri Sep 06 05:43:02 UTC 2019 /home/travis/build/icyphy/ptII/ptolemy/actor/lib/test/auto/SubscriberPortInitialValues13.xml
----------------- Instantiating /home/travis/build/icyphy/ptII/ptolemy/actor/lib/test/auto/SubscriberPortInitialValues13.xml
7 ms. Memory: 433152K Free: 324879K (75%)
----------------- Invoking toplevel() on ptolemy.moml.MoMLSimpleApplication@71b0502d
----------------- Done invoking toplevel() on ptolemy.moml.MoMLSimpleApplication@71b0502d
reloadAllAccessors: .SubscriberPortInitialValues13

===========================================================================================
----------------- testing Fri Sep 06 05:43:02 UTC 2019 /home/travis/build/icyphy/ptII/ptolemy/actor/lib/test/auto/SubscriberPortInitialValues14.xml
----------------- Instantiating /home/travis/build/icyphy/ptII/ptolemy/actor/lib/test/auto/SubscriberPortInitialValues14.xml
4 ms. Memory: 433152K Free: 316173K (73%)
----------------- Invoking toplevel() on ptolemy.moml.MoMLSimpleApplication@42713d6e
----------------- Done invoking toplevel() on ptolemy.moml.MoMLSimpleApplication@42713d6e
reloadAllAccessors: .SubscriberPortInitialValues14

===========================================================================================
----------------- testing Fri Sep 06 05:43:02 UTC 2019 /home/travis/build/icyphy/ptII/ptolemy/actor/lib/test/auto/SubscriberPortInitialValues2.xml
----------------- Instantiating /home/travis/build/icyphy/ptII/ptolemy/actor/lib/test/auto/SubscriberPortInitialValues2.xml
7 ms. Memory: 433152K Free: 308495K (71%)
----------------- Invoking toplevel() on ptolemy.moml.MoMLSimpleApplication@7afeb027
----------------- Done invoking toplevel() on ptolemy.moml.MoMLSimpleApplication@7afeb027
reloadAllAccessors: .SubscriberPortInitialValues2

===========================================================================================
----------------- testing Fri Sep 06 05:43:02 UTC 2019 /home/travis/build/icyphy/ptII/ptolemy/actor/lib/test/auto/SubscriberPortInitialValues3.xml
----------------- Instantiating /home/travis/build/icyphy/ptII/ptolemy/actor/lib/test/auto/SubscriberPortInitialValues3.xml
5 ms. Memory: 433152K Free: 297231K (69%)
----------------- Invoking toplevel() on ptolemy.moml.MoMLSimpleApplication@65afc2a7
----------------- Done invoking toplevel() on ptolemy.moml.MoMLSimpleApplication@65afc2a7
reloadAllAccessors: .SubscriberPortInitialValues3

===========================================================================================
----------------- testing Fri Sep 06 05:43:02 UTC 2019 /home/travis/build/icyphy/ptII/ptolemy/actor/lib/test/auto/SubscriptionAggregator.xml
----------------- Instantiating /home/travis/build/icyphy/ptII/ptolemy/actor/lib/test/auto/SubscriptionAggregator.xml
3 ms. Memory: 433152K Free: 290559K (67%)
----------------- Invoking toplevel() on ptolemy.moml.MoMLSimpleApplication@1680d513
----------------- Done invoking toplevel() on ptolemy.moml.MoMLSimpleApplication@1680d513
reloadAllAccessors: .SubscriptionAggregator

===========================================================================================
----------------- testing Fri Sep 06 05:43:03 UTC 2019 /home/travis/build/icyphy/ptII/ptolemy/actor/lib/test/auto/SubscriptionAggregator2.xml
----------------- Instantiating /home/travis/build/icyphy/ptII/ptolemy/actor/lib/test/auto/SubscriptionAggregator2.xml
3 ms. Memory: 433152K Free: 283391K (65%)
----------------- Invoking toplevel() on ptolemy.moml.MoMLSimpleApplication@1cc458e6
----------------- Done invoking toplevel() on ptolemy.moml.MoMLSimpleApplication@1cc458e6
reloadAllAccessors: .SubscriptionAggregator2

===========================================================================================
----------------- testing Fri Sep 06 05:43:03 UTC 2019 /home/travis/build/icyphy/ptII/ptolemy/actor/lib/test/auto/SubscriptionAggregator3.xml
----------------- Instantiating /home/travis/build/icyphy/ptII/ptolemy/actor/lib/test/auto/SubscriptionAggregator3.xml
4 ms. Memory: 433152K Free: 274183K (63%)
----------------- Invoking toplevel() on ptolemy.moml.MoMLSimpleApplication@15fd9370
----------------- Done invoking toplevel() on ptolemy.moml.MoMLSimpleApplication@15fd9370
reloadAllAccessors: .SubscriptionAggregator3

===========================================================================================
----------------- testing Fri Sep 06 05:43:03 UTC 2019 /home/travis/build/icyphy/ptII/ptolemy/actor/lib/test/auto/SubscriptionAggregatorMultiply.xml
----------------- Instantiating /home/travis/build/icyphy/ptII/ptolemy/actor/lib/test/auto/SubscriptionAggregatorMultiply.xml
16 ms. Memory: 433152K Free: 265487K (61%)
----------------- Invoking toplevel() on ptolemy.moml.MoMLSimpleApplication@786ae72b
----------------- Done invoking toplevel() on ptolemy.moml.MoMLSimpleApplication@786ae72b
reloadAllAccessors: .SubscriptionAggregatorMultiply

===========================================================================================
----------------- testing Fri Sep 06 05:43:03 UTC 2019 /home/travis/build/icyphy/ptII/ptolemy/actor/lib/test/auto/SubscriptionAggregatorPortMultiply1.xml
----------------- Instantiating /home/travis/build/icyphy/ptII/ptolemy/actor/lib/test/auto/SubscriptionAggregatorPortMultiply1.xml
6 ms. Memory: 433152K Free: 257805K (60%)
----------------- Invoking toplevel() on ptolemy.moml.MoMLSimpleApplication@673fe3fe
----------------- Done invoking toplevel() on ptolemy.moml.MoMLSimpleApplication@673fe3fe
reloadAllAccessors: .SubscriptionAggregatorPortMultiply1

===========================================================================================
----------------- testing Fri Sep 06 05:43:03 UTC 2019 /home/travis/build/icyphy/ptII/ptolemy/actor/lib/test/auto/Switch.xml
----------------- Instantiating /home/travis/build/icyphy/ptII/ptolemy/actor/lib/test/auto/Switch.xml
9 ms. Memory: 433152K Free: 250127K (58%)
----------------- Invoking toplevel() on ptolemy.moml.MoMLSimpleApplication@24cfd600
----------------- Done invoking toplevel() on ptolemy.moml.MoMLSimpleApplication@24cfd600
reloadAllAccessors: .Switch

===========================================================================================
----------------- testing Fri Sep 06 05:43:03 UTC 2019 /home/travis/build/icyphy/ptII/ptolemy/actor/lib/test/auto/Switch2.xml
----------------- Instantiating /home/travis/build/icyphy/ptII/ptolemy/actor/lib/test/auto/Switch2.xml
2 ms. Memory: 433152K Free: 245517K (57%)
----------------- Invoking toplevel() on ptolemy.moml.MoMLSimpleApplication@627cf781
----------------- Done invoking toplevel() on ptolemy.moml.MoMLSimpleApplication@627cf781
reloadAllAccessors: .Switch2

===========================================================================================
----------------- testing Fri Sep 06 05:43:03 UTC 2019 /home/travis/build/icyphy/ptII/ptolemy/actor/lib/test/auto/SwitchDE.xml
----------------- Instantiating /home/travis/build/icyphy/ptII/ptolemy/actor/lib/test/auto/SwitchDE.xml
3 ms. Memory: 433152K Free: 239343K (55%)
----------------- Invoking toplevel() on ptolemy.moml.MoMLSimpleApplication@5e45b539
----------------- Done invoking toplevel() on ptolemy.moml.MoMLSimpleApplication@5e45b539
reloadAllAccessors: .SwitchDE

===========================================================================================
----------------- testing Fri Sep 06 05:43:03 UTC 2019 /home/travis/build/icyphy/ptII/ptolemy/actor/lib/test/auto/SynchronizerDE.xml
----------------- Instantiating /home/travis/build/icyphy/ptII/ptolemy/actor/lib/test/auto/SynchronizerDE.xml
10 ms. Memory: 433152K Free: 231151K (53%)
----------------- Invoking toplevel() on ptolemy.moml.MoMLSimpleApplication@609334f8
----------------- Done invoking toplevel() on ptolemy.moml.MoMLSimpleApplication@609334f8
reloadAllAccessors: .SynchronizerDE

===========================================================================================
----------------- testing Fri Sep 06 05:43:03 UTC 2019 /home/travis/build/icyphy/ptII/ptolemy/actor/lib/test/auto/Test.xml
----------------- Instantiating /home/travis/build/icyphy/ptII/ptolemy/actor/lib/test/auto/Test.xml
10 ms. Memory: 433152K Free: 226031K (52%)
----------------- Invoking toplevel() on ptolemy.moml.MoMLSimpleApplication@1d1edba3
----------------- Done invoking toplevel() on ptolemy.moml.MoMLSimpleApplication@1d1edba3
reloadAllAccessors: .Test

===========================================================================================
----------------- testing Fri Sep 06 05:43:03 UTC 2019 /home/travis/build/icyphy/ptII/ptolemy/actor/lib/test/auto/TestExceptionAttribute1.xml
----------------- Instantiating /home/travis/build/icyphy/ptII/ptolemy/actor/lib/test/auto/TestExceptionAttribute1.xml
1 ms. Memory: 433152K Free: 222479K (51%)
----------------- Invoking toplevel() on ptolemy.moml.MoMLSimpleApplication@33d6ddfd
----------------- Done invoking toplevel() on ptolemy.moml.MoMLSimpleApplication@33d6ddfd
reloadAllAccessors: .TestExceptionAttribute1

===========================================================================================
----------------- testing Fri Sep 06 05:43:03 UTC 2019 /home/travis/build/icyphy/ptII/ptolemy/actor/lib/test/auto/TestExceptionAttribute2.xml
----------------- Instantiating /home/travis/build/icyphy/ptII/ptolemy/actor/lib/test/auto/TestExceptionAttribute2.xml
2 ms. Memory: 433152K Free: 218893K (51%)
----------------- Invoking toplevel() on ptolemy.moml.MoMLSimpleApplication@736dcd6b
----------------- Done invoking toplevel() on ptolemy.moml.MoMLSimpleApplication@736dcd6b
reloadAllAccessors: .TestExceptionAttribute2

===========================================================================================
----------------- testing Fri Sep 06 05:43:03 UTC 2019 /home/travis/build/icyphy/ptII/ptolemy/actor/lib/test/auto/TestExceptionAttribute3.xml
----------------- Instantiating /home/travis/build/icyphy/ptII/ptolemy/actor/lib/test/auto/TestExceptionAttribute3.xml
.TestExceptionAttribute3.TestExceptionAttribute: initialize() was not invoked, but wrapup() was.  This is unusual, but not always a problem.  For example, exporting JNLP will do this.
1 ms. Memory: 433152K Free: 215311K (50%)
----------------- Invoking toplevel() on ptolemy.moml.MoMLSimpleApplication@21b07f91
----------------- Done invoking toplevel() on ptolemy.moml.MoMLSimpleApplication@21b07f91
reloadAllAccessors: .TestExceptionAttribute3

===========================================================================================
----------------- testing Fri Sep 06 05:43:03 UTC 2019 /home/travis/build/icyphy/ptII/ptolemy/actor/lib/test/auto/TestExceptionAttribute4.xml
----------------- Instantiating /home/travis/build/icyphy/ptII/ptolemy/actor/lib/test/auto/TestExceptionAttribute4.xml
.TestExceptionAttribute4.TestExceptionAttribute: initialize() was not invoked, but wrapup() was.  This is unusual, but not always a problem.  For example, exporting JNLP will do this.
.TestExceptionAttribute4.TestExceptionAttribute2: initialize() was not invoked, but wrapup() was.  This is unusual, but not always a problem.  For example, exporting JNLP will do this.
0 ms. Memory: 433152K Free: 211215K (49%)
----------------- Invoking toplevel() on ptolemy.moml.MoMLSimpleApplication@3ade5582
----------------- Done invoking toplevel() on ptolemy.moml.MoMLSimpleApplication@3ade5582
reloadAllAccessors: .TestExceptionAttribute4

===========================================================================================
----------------- testing Fri Sep 06 05:43:03 UTC 2019 /home/travis/build/icyphy/ptII/ptolemy/actor/lib/test/auto/TestExceptionHandler1.xml
----------------- Instantiating /home/travis/build/icyphy/ptII/ptolemy/actor/lib/test/auto/TestExceptionHandler1.xml
2 ms. Memory: 433152K Free: 207629K (48%)
----------------- Invoking toplevel() on ptolemy.moml.MoMLSimpleApplication@52ec8378
----------------- Done invoking toplevel() on ptolemy.moml.MoMLSimpleApplication@52ec8378
reloadAllAccessors: .TestExceptionHandler1

===========================================================================================
----------------- testing Fri Sep 06 05:43:03 UTC 2019 /home/travis/build/icyphy/ptII/ptolemy/actor/lib/test/auto/TestExceptionHandler2.xml
----------------- Instantiating /home/travis/build/icyphy/ptII/ptolemy/actor/lib/test/auto/TestExceptionHandler2.xml
2 ms. Memory: 433152K Free: 203533K (47%)
----------------- Invoking toplevel() on ptolemy.moml.MoMLSimpleApplication@3c83a2a
----------------- Done invoking toplevel() on ptolemy.moml.MoMLSimpleApplication@3c83a2a
reloadAllAccessors: .TestExceptionHandler2

===========================================================================================
----------------- testing Fri Sep 06 05:43:03 UTC 2019 /home/travis/build/icyphy/ptII/ptolemy/actor/lib/test/auto/TestExceptionHandler3.xml
----------------- Instantiating /home/travis/build/icyphy/ptII/ptolemy/actor/lib/test/auto/TestExceptionHandler3.xml
0 ms. Memory: 433152K Free: 199951K (46%)
----------------- Invoking toplevel() on ptolemy.moml.MoMLSimpleApplication@791cf96b
----------------- Done invoking toplevel() on ptolemy.moml.MoMLSimpleApplication@791cf96b
reloadAllAccessors: .TestExceptionHandler3

===========================================================================================
----------------- testing Fri Sep 06 05:43:03 UTC 2019 /home/travis/build/icyphy/ptII/ptolemy/actor/lib/test/auto/TestExceptionHandler4.xml
----------------- Instantiating /home/travis/build/icyphy/ptII/ptolemy/actor/lib/test/auto/TestExceptionHandler4.xml
1 ms. Memory: 433152K Free: 195855K (45%)
----------------- Invoking toplevel() on ptolemy.moml.MoMLSimpleApplication@1e40a267
----------------- Done invoking toplevel() on ptolemy.moml.MoMLSimpleApplication@1e40a267
reloadAllAccessors: .TestExceptionHandler4

===========================================================================================
----------------- testing Fri Sep 06 05:43:03 UTC 2019 /home/travis/build/icyphy/ptII/ptolemy/actor/lib/test/auto/TestRequireCorrectOrder.xml
----------------- Instantiating /home/travis/build/icyphy/ptII/ptolemy/actor/lib/test/auto/TestRequireCorrectOrder.xml
8 ms. Memory: 433152K Free: 190735K (44%)
----------------- Invoking toplevel() on ptolemy.moml.MoMLSimpleApplication@fadf90f
----------------- Done invoking toplevel() on ptolemy.moml.MoMLSimpleApplication@fadf90f
reloadAllAccessors: .TestRequireCorrectOrder

===========================================================================================
----------------- testing Fri Sep 06 05:43:03 UTC 2019 /home/travis/build/icyphy/ptII/ptolemy/actor/lib/test/auto/TestSimple.xml
----------------- Instantiating /home/travis/build/icyphy/ptII/ptolemy/actor/lib/test/auto/TestSimple.xml
2 ms. Memory: 433152K Free: 186119K (43%)
----------------- Invoking toplevel() on ptolemy.moml.MoMLSimpleApplication@29c97dea
----------------- Done invoking toplevel() on ptolemy.moml.MoMLSimpleApplication@29c97dea
reloadAllAccessors: .TestSimple

===========================================================================================
----------------- testing Fri Sep 06 05:43:03 UTC 2019 /home/travis/build/icyphy/ptII/ptolemy/actor/lib/test/auto/ThrowModelError.xml
----------------- Instantiating /home/travis/build/icyphy/ptII/ptolemy/actor/lib/test/auto/ThrowModelError.xml
2 ms. Memory: 433152K Free: 181519K (42%)
----------------- Invoking toplevel() on ptolemy.moml.MoMLSimpleApplication@647de81e
----------------- Done invoking toplevel() on ptolemy.moml.MoMLSimpleApplication@647de81e
reloadAllAccessors: .ThrowModelError

===========================================================================================
----------------- testing Fri Sep 06 05:43:03 UTC 2019 /home/travis/build/icyphy/ptII/ptolemy/actor/lib/test/auto/TimeDelayMicrosteps.xml
----------------- Instantiating /home/travis/build/icyphy/ptII/ptolemy/actor/lib/test/auto/TimeDelayMicrosteps.xml
3 ms. Memory: 433152K Free: 174855K (40%)
----------------- Invoking toplevel() on ptolemy.moml.MoMLSimpleApplication@5188e445
----------------- Done invoking toplevel() on ptolemy.moml.MoMLSimpleApplication@5188e445
reloadAllAccessors: .TimeDelayMicrosteps

===========================================================================================
----------------- testing Fri Sep 06 05:43:03 UTC 2019 /home/travis/build/icyphy/ptII/ptolemy/actor/lib/test/auto/TimeDelayMicrosteps2.xml
----------------- Instantiating /home/travis/build/icyphy/ptII/ptolemy/actor/lib/test/auto/TimeDelayMicrosteps2.xml
5 ms. Memory: 433152K Free: 167663K (39%)
----------------- Invoking toplevel() on ptolemy.moml.MoMLSimpleApplication@52878e8e
----------------- Done invoking toplevel() on ptolemy.moml.MoMLSimpleApplication@52878e8e
reloadAllAccessors: .TimeDelayMicrosteps2

===========================================================================================
----------------- testing Fri Sep 06 05:43:03 UTC 2019 /home/travis/build/icyphy/ptII/ptolemy/actor/lib/test/auto/TimeDelayMicrosteps3.xml
----------------- Instantiating /home/travis/build/icyphy/ptII/ptolemy/actor/lib/test/auto/TimeDelayMicrosteps3.xml
3 ms. Memory: 433152K Free: 161039K (37%)
----------------- Invoking toplevel() on ptolemy.moml.MoMLSimpleApplication@75d81a9c
----------------- Done invoking toplevel() on ptolemy.moml.MoMLSimpleApplication@75d81a9c
reloadAllAccessors: .TimeDelayMicrosteps3

===========================================================================================
----------------- testing Fri Sep 06 05:43:03 UTC 2019 /home/travis/build/icyphy/ptII/ptolemy/actor/lib/test/auto/TimeDelayVariableMicrosteps.xml
----------------- Instantiating /home/travis/build/icyphy/ptII/ptolemy/actor/lib/test/auto/TimeDelayVariableMicrosteps.xml
9 ms. Memory: 433152K Free: 153871K (36%)
----------------- Invoking toplevel() on ptolemy.moml.MoMLSimpleApplication@54ed6960
----------------- Done invoking toplevel() on ptolemy.moml.MoMLSimpleApplication@54ed6960
reloadAllAccessors: .TimeDelayVariableMicrosteps

===========================================================================================
----------------- testing Fri Sep 06 05:43:03 UTC 2019 /home/travis/build/icyphy/ptII/ptolemy/actor/lib/test/auto/TimeGap.xml
----------------- Instantiating /home/travis/build/icyphy/ptII/ptolemy/actor/lib/test/auto/TimeGap.xml
4 ms. Memory: 433152K Free: 148751K (34%)
----------------- Invoking toplevel() on ptolemy.moml.MoMLSimpleApplication@3959ed17
----------------- Done invoking toplevel() on ptolemy.moml.MoMLSimpleApplication@3959ed17
reloadAllAccessors: .TimeGap

===========================================================================================
----------------- testing Fri Sep 06 05:43:03 UTC 2019 /home/travis/build/icyphy/ptII/ptolemy/actor/lib/test/auto/TimeGap2.xml
----------------- Instantiating /home/travis/build/icyphy/ptII/ptolemy/actor/lib/test/auto/TimeGap2.xml
3 ms. Memory: 433152K Free: 143111K (33%)
----------------- Invoking toplevel() on ptolemy.moml.MoMLSimpleApplication@331e0d76
----------------- Done invoking toplevel() on ptolemy.moml.MoMLSimpleApplication@331e0d76
reloadAllAccessors: .TimeGap2

===========================================================================================
----------------- testing Fri Sep 06 05:43:03 UTC 2019 /home/travis/build/icyphy/ptII/ptolemy/actor/lib/test/auto/TimedSinewave.xml
----------------- Instantiating /home/travis/build/icyphy/ptII/ptolemy/actor/lib/test/auto/TimedSinewave.xml
35 ms. Memory: 433152K Free: 129295K (30%)
----------------- Invoking toplevel() on ptolemy.moml.MoMLSimpleApplication@135820a4
----------------- Done invoking toplevel() on ptolemy.moml.MoMLSimpleApplication@135820a4
reloadAllAccessors: .TimedSinewave

===========================================================================================
----------------- testing Fri Sep 06 05:43:03 UTC 2019 /home/travis/build/icyphy/ptII/ptolemy/actor/lib/test/auto/TimedSinewavePhase.xml
----------------- Instantiating /home/travis/build/icyphy/ptII/ptolemy/actor/lib/test/auto/TimedSinewavePhase.xml
13 ms. Memory: 433152K Free: 374468K (86%)
----------------- Invoking toplevel() on ptolemy.moml.MoMLSimpleApplication@3b35fa53
----------------- Done invoking toplevel() on ptolemy.moml.MoMLSimpleApplication@3b35fa53
reloadAllAccessors: .TimedSinewavePhase

===========================================================================================
----------------- testing Fri Sep 06 05:43:03 UTC 2019 /home/travis/build/icyphy/ptII/ptolemy/actor/lib/test/auto/Timer.xml
----------------- Instantiating /home/travis/build/icyphy/ptII/ptolemy/actor/lib/test/auto/Timer.xml
6 ms. Memory: 433152K Free: 368838K (85%)
----------------- Invoking toplevel() on ptolemy.moml.MoMLSimpleApplication@53a8a1fc
----------------- Done invoking toplevel() on ptolemy.moml.MoMLSimpleApplication@53a8a1fc
reloadAllAccessors: .Timer

===========================================================================================
----------------- testing Fri Sep 06 05:43:03 UTC 2019 /home/travis/build/icyphy/ptII/ptolemy/actor/lib/test/auto/TriangularDistTestModel.xml
----------------- Instantiating /home/travis/build/icyphy/ptII/ptolemy/actor/lib/test/auto/TriangularDistTestModel.xml
3 ms. Memory: 433152K Free: 363173K (84%)
----------------- Invoking toplevel() on ptolemy.moml.MoMLSimpleApplication@498017f9
----------------- Done invoking toplevel() on ptolemy.moml.MoMLSimpleApplication@498017f9
reloadAllAccessors: .TriangularDistTestModel

===========================================================================================
----------------- testing Fri Sep 06 05:43:03 UTC 2019 /home/travis/build/icyphy/ptII/ptolemy/actor/lib/test/auto/TrigFunction.xml
----------------- Instantiating /home/travis/build/icyphy/ptII/ptolemy/actor/lib/test/auto/TrigFunction.xml
2 ms. Memory: 433152K Free: 358598K (83%)
----------------- Invoking toplevel() on ptolemy.moml.MoMLSimpleApplication@289ed020
----------------- Done invoking toplevel() on ptolemy.moml.MoMLSimpleApplication@289ed020
reloadAllAccessors: .TrigFunction

===========================================================================================
----------------- testing Fri Sep 06 05:43:03 UTC 2019 /home/travis/build/icyphy/ptII/ptolemy/actor/lib/test/auto/TrigFunctionDE.xml
----------------- Instantiating /home/travis/build/icyphy/ptII/ptolemy/actor/lib/test/auto/TrigFunctionDE.xml
2 ms. Memory: 433152K Free: 352454K (81%)
----------------- Invoking toplevel() on ptolemy.moml.MoMLSimpleApplication@3cc5f03f
----------------- Done invoking toplevel() on ptolemy.moml.MoMLSimpleApplication@3cc5f03f
reloadAllAccessors: .TrigFunctionDE

===========================================================================================
----------------- testing Fri Sep 06 05:43:03 UTC 2019 /home/travis/build/icyphy/ptII/ptolemy/actor/lib/test/auto/TrigFunctionInverse.xml
----------------- Instantiating /home/travis/build/icyphy/ptII/ptolemy/actor/lib/test/auto/TrigFunctionInverse.xml
2 ms. Memory: 433152K Free: 347334K (80%)
----------------- Invoking toplevel() on ptolemy.moml.MoMLSimpleApplication@2eff7ee3
----------------- Done invoking toplevel() on ptolemy.moml.MoMLSimpleApplication@2eff7ee3
reloadAllAccessors: .TrigFunctionInverse

===========================================================================================
----------------- testing Fri Sep 06 05:43:03 UTC 2019 /home/travis/build/icyphy/ptII/ptolemy/actor/lib/test/auto/TrigFunctionTan.xml
----------------- Instantiating /home/travis/build/icyphy/ptII/ptolemy/actor/lib/test/auto/TrigFunctionTan.xml
2 ms. Memory: 433152K Free: 343238K (79%)
----------------- Invoking toplevel() on ptolemy.moml.MoMLSimpleApplication@5cbb1d4
----------------- Done invoking toplevel() on ptolemy.moml.MoMLSimpleApplication@5cbb1d4
reloadAllAccessors: .TrigFunctionTan

===========================================================================================
----------------- testing Fri Sep 06 05:43:03 UTC 2019 /home/travis/build/icyphy/ptII/ptolemy/actor/lib/test/auto/TriggeredClock.xml
----------------- Instantiating /home/travis/build/icyphy/ptII/ptolemy/actor/lib/test/auto/TriggeredClock.xml
2 ms. Memory: 433152K Free: 338118K (78%)
----------------- Invoking toplevel() on ptolemy.moml.MoMLSimpleApplication@2d09e059
----------------- Done invoking toplevel() on ptolemy.moml.MoMLSimpleApplication@2d09e059
reloadAllAccessors: .TriggeredClock

===========================================================================================
----------------- testing Fri Sep 06 05:43:03 UTC 2019 /home/travis/build/icyphy/ptII/ptolemy/actor/lib/test/auto/URLDirectoryReader.xml
----------------- Instantiating /home/travis/build/icyphy/ptII/ptolemy/actor/lib/test/auto/URLDirectoryReader.xml
48 ms. Memory: 433152K Free: 328902K (76%)
----------------- Invoking toplevel() on ptolemy.moml.MoMLSimpleApplication@742db7fd
----------------- Done invoking toplevel() on ptolemy.moml.MoMLSimpleApplication@742db7fd
reloadAllAccessors: .URLDirectoryReader

===========================================================================================
----------------- testing Fri Sep 06 05:43:03 UTC 2019 /home/travis/build/icyphy/ptII/ptolemy/actor/lib/test/auto/URLDirectoryReader3.xml
----------------- Instantiating /home/travis/build/icyphy/ptII/ptolemy/actor/lib/test/auto/URLDirectoryReader3.xml
1238 ms. Memory: 433152K Free: 374320K (86%)
----------------- Invoking toplevel() on ptolemy.moml.MoMLSimpleApplication@1cdfefc2
----------------- Done invoking toplevel() on ptolemy.moml.MoMLSimpleApplication@1cdfefc2
reloadAllAccessors: .URLDirectoryReader3

===========================================================================================
----------------- testing Fri Sep 06 05:43:05 UTC 2019 /home/travis/build/icyphy/ptII/ptolemy/actor/lib/test/auto/UnaryMathFunction.xml
----------------- Instantiating /home/travis/build/icyphy/ptII/ptolemy/actor/lib/test/auto/UnaryMathFunction.xml
3 ms. Memory: 433152K Free: 366128K (85%)
----------------- Invoking toplevel() on ptolemy.moml.MoMLSimpleApplication@7860a0a9
----------------- Done invoking toplevel() on ptolemy.moml.MoMLSimpleApplication@7860a0a9
reloadAllAccessors: .UnaryMathFunction

===========================================================================================
----------------- testing Fri Sep 06 05:43:05 UTC 2019 /home/travis/build/icyphy/ptII/ptolemy/actor/lib/test/auto/Uniform.xml
----------------- Instantiating /home/travis/build/icyphy/ptII/ptolemy/actor/lib/test/auto/Uniform.xml
2 ms. Memory: 433152K Free: 361518K (83%)
----------------- Invoking toplevel() on ptolemy.moml.MoMLSimpleApplication@70fb10fc
----------------- Done invoking toplevel() on ptolemy.moml.MoMLSimpleApplication@70fb10fc
reloadAllAccessors: .Uniform

===========================================================================================
----------------- testing Fri Sep 06 05:43:05 UTC 2019 /home/travis/build/icyphy/ptII/ptolemy/actor/lib/test/auto/UnionDisassemblerTest.xml
----------------- Instantiating /home/travis/build/icyphy/ptII/ptolemy/actor/lib/test/auto/UnionDisassemblerTest.xml
19 ms. Memory: 433152K Free: 357936K (83%)
----------------- Invoking toplevel() on ptolemy.moml.MoMLSimpleApplication@41ee2838
----------------- Done invoking toplevel() on ptolemy.moml.MoMLSimpleApplication@41ee2838
reloadAllAccessors: .UnionDisassemblerTest

===========================================================================================
----------------- testing Fri Sep 06 05:43:05 UTC 2019 /home/travis/build/icyphy/ptII/ptolemy/actor/lib/test/auto/UtilityFunctions.xml
----------------- Instantiating /home/travis/build/icyphy/ptII/ptolemy/actor/lib/test/auto/UtilityFunctions.xml
1 ms. Memory: 433152K Free: 353840K (82%)
----------------- Invoking toplevel() on ptolemy.moml.MoMLSimpleApplication@7f3aa7d1
----------------- Done invoking toplevel() on ptolemy.moml.MoMLSimpleApplication@7f3aa7d1
reloadAllAccessors: .UtilityFunctions

===========================================================================================
----------------- testing Fri Sep 06 05:43:05 UTC 2019 /home/travis/build/icyphy/ptII/ptolemy/actor/lib/test/auto/VariableSleep.xml
----------------- Instantiating /home/travis/build/icyphy/ptII/ptolemy/actor/lib/test/auto/VariableSleep.xml
504 ms. Memory: 433152K Free: 348720K (81%)
----------------- Invoking toplevel() on ptolemy.moml.MoMLSimpleApplication@bb94fc0
----------------- Done invoking toplevel() on ptolemy.moml.MoMLSimpleApplication@bb94fc0
reloadAllAccessors: .VariableSleep

===========================================================================================
----------------- testing Fri Sep 06 05:43:06 UTC 2019 /home/travis/build/icyphy/ptII/ptolemy/actor/lib/test/auto/VectorAssemblerDisassemblerCT.xml
----------------- Instantiating /home/travis/build/icyphy/ptII/ptolemy/actor/lib/test/auto/VectorAssemblerDisassemblerCT.xml
111 ms. Memory: 433152K Free: 328750K (76%)
----------------- Invoking toplevel() on ptolemy.moml.MoMLSimpleApplication@44705b5c
----------------- Done invoking toplevel() on ptolemy.moml.MoMLSimpleApplication@44705b5c
reloadAllAccessors: .VectorAssemblerDisassemblerCT

===========================================================================================
----------------- testing Fri Sep 06 05:43:06 UTC 2019 /home/travis/build/icyphy/ptII/ptolemy/actor/lib/test/auto/VectorAssemblerDisassemblerDE.xml
----------------- Instantiating /home/travis/build/icyphy/ptII/ptolemy/actor/lib/test/auto/VectorAssemblerDisassemblerDE.xml
3 ms. Memory: 433152K Free: 321072K (74%)
----------------- Invoking toplevel() on ptolemy.moml.MoMLSimpleApplication@3772bae1
----------------- Done invoking toplevel() on ptolemy.moml.MoMLSimpleApplication@3772bae1
reloadAllAccessors: .VectorAssemblerDisassemblerDE

===========================================================================================
----------------- testing Fri Sep 06 05:43:06 UTC 2019 /home/travis/build/icyphy/ptII/ptolemy/actor/lib/test/auto/VectorAssemblerDisassemblerSDF.xml
----------------- Instantiating /home/travis/build/icyphy/ptII/ptolemy/actor/lib/test/auto/VectorAssemblerDisassemblerSDF.xml
12 ms. Memory: 433152K Free: 314928K (73%)
----------------- Invoking toplevel() on ptolemy.moml.MoMLSimpleApplication@1e13883c
----------------- Done invoking toplevel() on ptolemy.moml.MoMLSimpleApplication@1e13883c
reloadAllAccessors: .VectorAssemblerDisassemblerSDF

===========================================================================================
----------------- testing Fri Sep 06 05:43:06 UTC 2019 /home/travis/build/icyphy/ptII/ptolemy/actor/lib/test/auto/WallClockTime.xml
----------------- Instantiating /home/travis/build/icyphy/ptII/ptolemy/actor/lib/test/auto/WallClockTime.xml
1005 ms. Memory: 433152K Free: 309808K (72%)
----------------- Invoking toplevel() on ptolemy.moml.MoMLSimpleApplication@7ecea8a2
----------------- Done invoking toplevel() on ptolemy.moml.MoMLSimpleApplication@7ecea8a2
reloadAllAccessors: .WallClockTime

===========================================================================================
----------------- testing Fri Sep 06 05:43:07 UTC 2019 /home/travis/build/icyphy/ptII/ptolemy/actor/lib/test/auto/WidthTestWithSubscriberPublisher.xml
----------------- Instantiating /home/travis/build/icyphy/ptII/ptolemy/actor/lib/test/auto/WidthTestWithSubscriberPublisher.xml
15 ms. Memory: 433152K Free: 292400K (68%)
----------------- Invoking toplevel() on ptolemy.moml.MoMLSimpleApplication@54efcd54
----------------- Done invoking toplevel() on ptolemy.moml.MoMLSimpleApplication@54efcd54
reloadAllAccessors: .WidthTestWithSubscriberPublisher

===========================================================================================
----------------- testing Fri Sep 06 05:43:07 UTC 2019 /home/travis/build/icyphy/ptII/ptolemy/actor/lib/test/auto/WidthTestWithSubscriberPublisher2.xml
----------------- Instantiating /home/travis/build/icyphy/ptII/ptolemy/actor/lib/test/auto/WidthTestWithSubscriberPublisher2.xml
2 ms. Memory: 433152K Free: 286256K (66%)
----------------- Invoking toplevel() on ptolemy.moml.MoMLSimpleApplication@48f831c3
----------------- Done invoking toplevel() on ptolemy.moml.MoMLSimpleApplication@48f831c3
reloadAllAccessors: .WidthTestWithSubscriberPublisher2

===========================================================================================
----------------- testing Fri Sep 06 05:43:07 UTC 2019 /home/travis/build/icyphy/ptII/ptolemy/actor/lib/test/auto/WidthTestWithSubscriberPublisher3.xml
----------------- Instantiating /home/travis/build/icyphy/ptII/ptolemy/actor/lib/test/auto/WidthTestWithSubscriberPublisher3.xml
3 ms. Memory: 433152K Free: 280622K (65%)
----------------- Invoking toplevel() on ptolemy.moml.MoMLSimpleApplication@4dd179ae
----------------- Done invoking toplevel() on ptolemy.moml.MoMLSimpleApplication@4dd179ae
reloadAllAccessors: .WidthTestWithSubscriberPublisher3

===========================================================================================
----------------- testing Fri Sep 06 05:43:07 UTC 2019 /home/travis/build/icyphy/ptII/ptolemy/actor/lib/test/auto/Writer.xml
----------------- Instantiating /home/travis/build/icyphy/ptII/ptolemy/actor/lib/test/auto/Writer.xml
0
1
2
3
4
2 ms. Memory: 433152K Free: 276016K (64%)
----------------- Invoking toplevel() on ptolemy.moml.MoMLSimpleApplication@37a3da84
----------------- Done invoking toplevel() on ptolemy.moml.MoMLSimpleApplication@37a3da84
reloadAllAccessors: .Writer

===========================================================================================
----------------- testing Fri Sep 06 05:43:07 UTC 2019 /home/travis/build/icyphy/ptII/ptolemy/actor/lib/test/auto/array.xml
----------------- Instantiating /home/travis/build/icyphy/ptII/ptolemy/actor/lib/test/auto/array.xml
2 ms. Memory: 433152K Free: 271406K (63%)
----------------- Invoking toplevel() on ptolemy.moml.MoMLSimpleApplication@49735db8
----------------- Done invoking toplevel() on ptolemy.moml.MoMLSimpleApplication@49735db8
reloadAllAccessors: .array

===========================================================================================
----------------- testing Fri Sep 06 05:43:07 UTC 2019 /home/travis/build/icyphy/ptII/ptolemy/actor/lib/test/auto/array2.xml
----------------- Instantiating /home/travis/build/icyphy/ptII/ptolemy/actor/lib/test/auto/array2.xml
6 ms. Memory: 433152K Free: 266272K (61%)
----------------- Invoking toplevel() on ptolemy.moml.MoMLSimpleApplication@75459047
----------------- Done invoking toplevel() on ptolemy.moml.MoMLSimpleApplication@75459047
reloadAllAccessors: .array2

===========================================================================================
----------------- testing Fri Sep 06 05:43:07 UTC 2019 /home/travis/build/icyphy/ptII/ptolemy/actor/lib/test/auto/arrayType.xml
----------------- Instantiating /home/travis/build/icyphy/ptII/ptolemy/actor/lib/test/auto/arrayType.xml
11 ms. Memory: 433152K Free: 261166K (60%)
----------------- Invoking toplevel() on ptolemy.moml.MoMLSimpleApplication@699d91b5
----------------- Done invoking toplevel() on ptolemy.moml.MoMLSimpleApplication@699d91b5
reloadAllAccessors: .arrayType

===========================================================================================
----------------- testing Fri Sep 06 05:43:07 UTC 2019 /home/travis/build/icyphy/ptII/ptolemy/actor/lib/test/auto/arrayType10.xml
----------------- Instantiating /home/travis/build/icyphy/ptII/ptolemy/actor/lib/test/auto/arrayType10.xml
2 ms. Memory: 433152K Free: 256560K (59%)
----------------- Invoking toplevel() on ptolemy.moml.MoMLSimpleApplication@4c6a7f6
----------------- Done invoking toplevel() on ptolemy.moml.MoMLSimpleApplication@4c6a7f6
reloadAllAccessors: .arrayType10

===========================================================================================
----------------- testing Fri Sep 06 05:43:07 UTC 2019 /home/travis/build/icyphy/ptII/ptolemy/actor/lib/test/auto/arrayType11.xml
----------------- Instantiating /home/travis/build/icyphy/ptII/ptolemy/actor/lib/test/auto/arrayType11.xml
1 ms. Memory: 433152K Free: 251440K (58%)
----------------- Invoking toplevel() on ptolemy.moml.MoMLSimpleApplication@2d528aa5
----------------- Done invoking toplevel() on ptolemy.moml.MoMLSimpleApplication@2d528aa5
reloadAllAccessors: .arrayType11

===========================================================================================
----------------- testing Fri Sep 06 05:43:07 UTC 2019 /home/travis/build/icyphy/ptII/ptolemy/actor/lib/test/auto/arrayType12.xml
----------------- Instantiating /home/travis/build/icyphy/ptII/ptolemy/actor/lib/test/auto/arrayType12.xml
2 ms. Memory: 433152K Free: 246320K (57%)
----------------- Invoking toplevel() on ptolemy.moml.MoMLSimpleApplication@6b674832
----------------- Done invoking toplevel() on ptolemy.moml.MoMLSimpleApplication@6b674832
reloadAllAccessors: .arrayType12

===========================================================================================
----------------- testing Fri Sep 06 05:43:07 UTC 2019 /home/travis/build/icyphy/ptII/ptolemy/actor/lib/test/auto/arrayType13.xml
----------------- Instantiating /home/travis/build/icyphy/ptII/ptolemy/actor/lib/test/auto/arrayType13.xml
2 ms. Memory: 433152K Free: 241200K (56%)
----------------- Invoking toplevel() on ptolemy.moml.MoMLSimpleApplication@e6aeeea
----------------- Done invoking toplevel() on ptolemy.moml.MoMLSimpleApplication@e6aeeea
reloadAllAccessors: .arrayType13

===========================================================================================
----------------- testing Fri Sep 06 05:43:07 UTC 2019 /home/travis/build/icyphy/ptII/ptolemy/actor/lib/test/auto/arrayType14.xml
----------------- Instantiating /home/travis/build/icyphy/ptII/ptolemy/actor/lib/test/auto/arrayType14.xml
2 ms. Memory: 433152K Free: 236080K (55%)
----------------- Invoking toplevel() on ptolemy.moml.MoMLSimpleApplication@5a291996
----------------- Done invoking toplevel() on ptolemy.moml.MoMLSimpleApplication@5a291996
reloadAllAccessors: .arrayType14

===========================================================================================
----------------- testing Fri Sep 06 05:43:07 UTC 2019 /home/travis/build/icyphy/ptII/ptolemy/actor/lib/test/auto/arrayType15.xml
----------------- Instantiating /home/travis/build/icyphy/ptII/ptolemy/actor/lib/test/auto/arrayType15.xml
4 ms. Memory: 433152K Free: 230960K (53%)
----------------- Invoking toplevel() on ptolemy.moml.MoMLSimpleApplication@21a82fce
----------------- Done invoking toplevel() on ptolemy.moml.MoMLSimpleApplication@21a82fce
reloadAllAccessors: .arrayType15

===========================================================================================
----------------- testing Fri Sep 06 05:43:07 UTC 2019 /home/travis/build/icyphy/ptII/ptolemy/actor/lib/test/auto/arrayType16.xml
----------------- Instantiating /home/travis/build/icyphy/ptII/ptolemy/actor/lib/test/auto/arrayType16.xml
3 ms. Memory: 433152K Free: 225326K (52%)
----------------- Invoking toplevel() on ptolemy.moml.MoMLSimpleApplication@12082da0
----------------- Done invoking toplevel() on ptolemy.moml.MoMLSimpleApplication@12082da0
reloadAllAccessors: .arrayType16

===========================================================================================
----------------- testing Fri Sep 06 05:43:07 UTC 2019 /home/travis/build/icyphy/ptII/ptolemy/actor/lib/test/auto/arrayType17.xml
----------------- Instantiating /home/travis/build/icyphy/ptII/ptolemy/actor/lib/test/auto/arrayType17.xml
3 ms. Memory: 433152K Free: 220206K (51%)
----------------- Invoking toplevel() on ptolemy.moml.MoMLSimpleApplication@793c74e7
----------------- Done invoking toplevel() on ptolemy.moml.MoMLSimpleApplication@793c74e7
reloadAllAccessors: .arrayType17

===========================================================================================
----------------- testing Fri Sep 06 05:43:07 UTC 2019 /home/travis/build/icyphy/ptII/ptolemy/actor/lib/test/auto/arrayType18.xml
----------------- Instantiating /home/travis/build/icyphy/ptII/ptolemy/actor/lib/test/auto/arrayType18.xml
2 ms. Memory: 433152K Free: 215600K (50%)
----------------- Invoking toplevel() on ptolemy.moml.MoMLSimpleApplication@3805a59d
----------------- Done invoking toplevel() on ptolemy.moml.MoMLSimpleApplication@3805a59d
reloadAllAccessors: .arrayType18

===========================================================================================
----------------- testing Fri Sep 06 05:43:07 UTC 2019 /home/travis/build/icyphy/ptII/ptolemy/actor/lib/test/auto/arrayType19.xml
----------------- Instantiating /home/travis/build/icyphy/ptII/ptolemy/actor/lib/test/auto/arrayType19.xml
1 ms. Memory: 433152K Free: 210990K (49%)
----------------- Invoking toplevel() on ptolemy.moml.MoMLSimpleApplication@641bbfe7
----------------- Done invoking toplevel() on ptolemy.moml.MoMLSimpleApplication@641bbfe7
reloadAllAccessors: .arrayType19

===========================================================================================
----------------- testing Fri Sep 06 05:43:07 UTC 2019 /home/travis/build/icyphy/ptII/ptolemy/actor/lib/test/auto/arrayType2.xml
----------------- Instantiating /home/travis/build/icyphy/ptII/ptolemy/actor/lib/test/auto/arrayType2.xml
2 ms. Memory: 433152K Free: 205856K (48%)
----------------- Invoking toplevel() on ptolemy.moml.MoMLSimpleApplication@66acf424
----------------- Done invoking toplevel() on ptolemy.moml.MoMLSimpleApplication@66acf424
reloadAllAccessors: .arrayType2

===========================================================================================
----------------- testing Fri Sep 06 05:43:07 UTC 2019 /home/travis/build/icyphy/ptII/ptolemy/actor/lib/test/auto/arrayType20.xml
----------------- Instantiating /home/travis/build/icyphy/ptII/ptolemy/actor/lib/test/auto/arrayType20.xml
2 ms. Memory: 433152K Free: 200750K (46%)
----------------- Invoking toplevel() on ptolemy.moml.MoMLSimpleApplication@3ee70c2b
----------------- Done invoking toplevel() on ptolemy.moml.MoMLSimpleApplication@3ee70c2b
reloadAllAccessors: .arrayType20

===========================================================================================
----------------- testing Fri Sep 06 05:43:07 UTC 2019 /home/travis/build/icyphy/ptII/ptolemy/actor/lib/test/auto/arrayType21.xml
----------------- Instantiating /home/travis/build/icyphy/ptII/ptolemy/actor/lib/test/auto/arrayType21.xml
2 ms. Memory: 433152K Free: 196144K (45%)
----------------- Invoking toplevel() on ptolemy.moml.MoMLSimpleApplication@71b6cc39
----------------- Done invoking toplevel() on ptolemy.moml.MoMLSimpleApplication@71b6cc39
reloadAllAccessors: .arrayType21

===========================================================================================
----------------- testing Fri Sep 06 05:43:07 UTC 2019 /home/travis/build/icyphy/ptII/ptolemy/actor/lib/test/auto/arrayType22.xml
----------------- Instantiating /home/travis/build/icyphy/ptII/ptolemy/actor/lib/test/auto/arrayType22.xml
2 ms. Memory: 433152K Free: 191534K (44%)
----------------- Invoking toplevel() on ptolemy.moml.MoMLSimpleApplication@40ec7dba
----------------- Done invoking toplevel() on ptolemy.moml.MoMLSimpleApplication@40ec7dba
reloadAllAccessors: .arrayType22

===========================================================================================
----------------- testing Fri Sep 06 05:43:07 UTC 2019 /home/travis/build/icyphy/ptII/ptolemy/actor/lib/test/auto/arrayType23.xml
----------------- Instantiating /home/travis/build/icyphy/ptII/ptolemy/actor/lib/test/auto/arrayType23.xml
2 ms. Memory: 433152K Free: 186928K (43%)
----------------- Invoking toplevel() on ptolemy.moml.MoMLSimpleApplication@5987098e
----------------- Done invoking toplevel() on ptolemy.moml.MoMLSimpleApplication@5987098e
reloadAllAccessors: .arrayType23

===========================================================================================
----------------- testing Fri Sep 06 05:43:07 UTC 2019 /home/travis/build/icyphy/ptII/ptolemy/actor/lib/test/auto/arrayType24.xml
----------------- Instantiating /home/travis/build/icyphy/ptII/ptolemy/actor/lib/test/auto/arrayType24.xml
2 ms. Memory: 433152K Free: 181808K (42%)
----------------- Invoking toplevel() on ptolemy.moml.MoMLSimpleApplication@3637b3b6
----------------- Done invoking toplevel() on ptolemy.moml.MoMLSimpleApplication@3637b3b6
reloadAllAccessors: .arrayType24

===========================================================================================
----------------- testing Fri Sep 06 05:43:07 UTC 2019 /home/travis/build/icyphy/ptII/ptolemy/actor/lib/test/auto/arrayType25.xml
----------------- Instantiating /home/travis/build/icyphy/ptII/ptolemy/actor/lib/test/auto/arrayType25.xml
3 ms. Memory: 433152K Free: 176688K (41%)
----------------- Invoking toplevel() on ptolemy.moml.MoMLSimpleApplication@13ba64b4
----------------- Done invoking toplevel() on ptolemy.moml.MoMLSimpleApplication@13ba64b4
reloadAllAccessors: .arrayType25

===========================================================================================
----------------- testing Fri Sep 06 05:43:07 UTC 2019 /home/travis/build/icyphy/ptII/ptolemy/actor/lib/test/auto/arrayType26.xml
----------------- Instantiating /home/travis/build/icyphy/ptII/ptolemy/actor/lib/test/auto/arrayType26.xml
2 ms. Memory: 433152K Free: 171568K (40%)
----------------- Invoking toplevel() on ptolemy.moml.MoMLSimpleApplication@777620ad
----------------- Done invoking toplevel() on ptolemy.moml.MoMLSimpleApplication@777620ad
reloadAllAccessors: .arrayType26

===========================================================================================
----------------- testing Fri Sep 06 05:43:07 UTC 2019 /home/travis/build/icyphy/ptII/ptolemy/actor/lib/test/auto/arrayType27.xml
----------------- Instantiating /home/travis/build/icyphy/ptII/ptolemy/actor/lib/test/auto/arrayType27.xml
2 ms. Memory: 433152K Free: 166448K (38%)
----------------- Invoking toplevel() on ptolemy.moml.MoMLSimpleApplication@59990c8e
----------------- Done invoking toplevel() on ptolemy.moml.MoMLSimpleApplication@59990c8e
reloadAllAccessors: .arrayType27

===========================================================================================
----------------- testing Fri Sep 06 05:43:07 UTC 2019 /home/travis/build/icyphy/ptII/ptolemy/actor/lib/test/auto/arrayType28.xml
----------------- Instantiating /home/travis/build/icyphy/ptII/ptolemy/actor/lib/test/auto/arrayType28.xml
4 ms. Memory: 433152K Free: 160800K (37%)
----------------- Invoking toplevel() on ptolemy.moml.MoMLSimpleApplication@720bc16c
----------------- Done invoking toplevel() on ptolemy.moml.MoMLSimpleApplication@720bc16c
reloadAllAccessors: .arrayType28

===========================================================================================
----------------- testing Fri Sep 06 05:43:07 UTC 2019 /home/travis/build/icyphy/ptII/ptolemy/actor/lib/test/auto/arrayType3.xml
----------------- Instantiating /home/travis/build/icyphy/ptII/ptolemy/actor/lib/test/auto/arrayType3.xml
2 ms. Memory: 433152K Free: 155680K (36%)
----------------- Invoking toplevel() on ptolemy.moml.MoMLSimpleApplication@6f264dc4
----------------- Done invoking toplevel() on ptolemy.moml.MoMLSimpleApplication@6f264dc4
reloadAllAccessors: .arrayType3

===========================================================================================
----------------- testing Fri Sep 06 05:43:07 UTC 2019 /home/travis/build/icyphy/ptII/ptolemy/actor/lib/test/auto/arrayType4.xml
----------------- Instantiating /home/travis/build/icyphy/ptII/ptolemy/actor/lib/test/auto/arrayType4.xml
2 ms. Memory: 433152K Free: 150574K (35%)
----------------- Invoking toplevel() on ptolemy.moml.MoMLSimpleApplication@173322a1
----------------- Done invoking toplevel() on ptolemy.moml.MoMLSimpleApplication@173322a1
reloadAllAccessors: .arrayType4

===========================================================================================
----------------- testing Fri Sep 06 05:43:07 UTC 2019 /home/travis/build/icyphy/ptII/ptolemy/actor/lib/test/auto/arrayType5.xml
----------------- Instantiating /home/travis/build/icyphy/ptII/ptolemy/actor/lib/test/auto/arrayType5.xml
2 ms. Memory: 433152K Free: 145454K (34%)
----------------- Invoking toplevel() on ptolemy.moml.MoMLSimpleApplication@2a0d48d0
----------------- Done invoking toplevel() on ptolemy.moml.MoMLSimpleApplication@2a0d48d0
reloadAllAccessors: .arrayType5

===========================================================================================
----------------- testing Fri Sep 06 05:43:07 UTC 2019 /home/travis/build/icyphy/ptII/ptolemy/actor/lib/test/auto/arrayType6.xml
----------------- Instantiating /home/travis/build/icyphy/ptII/ptolemy/actor/lib/test/auto/arrayType6.xml
2 ms. Memory: 433152K Free: 140334K (32%)
----------------- Invoking toplevel() on ptolemy.moml.MoMLSimpleApplication@19e9538e
----------------- Done invoking toplevel() on ptolemy.moml.MoMLSimpleApplication@19e9538e
reloadAllAccessors: .arrayType6

===========================================================================================
----------------- testing Fri Sep 06 05:43:07 UTC 2019 /home/travis/build/icyphy/ptII/ptolemy/actor/lib/test/auto/arrayType7.xml
----------------- Instantiating /home/travis/build/icyphy/ptII/ptolemy/actor/lib/test/auto/arrayType7.xml
1 ms. Memory: 433152K Free: 135728K (31%)
----------------- Invoking toplevel() on ptolemy.moml.MoMLSimpleApplication@6cbbfd1
----------------- Done invoking toplevel() on ptolemy.moml.MoMLSimpleApplication@6cbbfd1
reloadAllAccessors: .arrayType7

===========================================================================================
----------------- testing Fri Sep 06 05:43:07 UTC 2019 /home/travis/build/icyphy/ptII/ptolemy/actor/lib/test/auto/arrayType8.xml
----------------- Instantiating /home/travis/build/icyphy/ptII/ptolemy/actor/lib/test/auto/arrayType8.xml
9 ms. Memory: 433152K Free: 131118K (30%)
----------------- Invoking toplevel() on ptolemy.moml.MoMLSimpleApplication@464c1bfc
----------------- Done invoking toplevel() on ptolemy.moml.MoMLSimpleApplication@464c1bfc
reloadAllAccessors: .arrayType8

===========================================================================================
----------------- testing Fri Sep 06 05:43:07 UTC 2019 /home/travis/build/icyphy/ptII/ptolemy/actor/lib/test/auto/arrayType9.xml
----------------- Instantiating /home/travis/build/icyphy/ptII/ptolemy/actor/lib/test/auto/arrayType9.xml
2 ms. Memory: 433152K Free: 126512K (29%)
----------------- Invoking toplevel() on ptolemy.moml.MoMLSimpleApplication@64fe6ede
----------------- Done invoking toplevel() on ptolemy.moml.MoMLSimpleApplication@64fe6ede
reloadAllAccessors: .arrayType9

===========================================================================================
----------------- testing Fri Sep 06 05:43:08 UTC 2019 /home/travis/build/icyphy/ptII/ptolemy/actor/lib/test/auto/cast.xml
----------------- Instantiating /home/travis/build/icyphy/ptII/ptolemy/actor/lib/test/auto/cast.xml
2 ms. Memory: 433152K Free: 375775K (87%)
----------------- Invoking toplevel() on ptolemy.moml.MoMLSimpleApplication@6b9e6a84
----------------- Done invoking toplevel() on ptolemy.moml.MoMLSimpleApplication@6b9e6a84
reloadAllAccessors: .cast

===========================================================================================
----------------- testing Fri Sep 06 05:43:08 UTC 2019 /home/travis/build/icyphy/ptII/ptolemy/actor/lib/test/auto/compositeMultiPort.xml
----------------- Instantiating /home/travis/build/icyphy/ptII/ptolemy/actor/lib/test/auto/compositeMultiPort.xml
5 ms. Memory: 433152K Free: 367063K (85%)
----------------- Invoking toplevel() on ptolemy.moml.MoMLSimpleApplication@1db302eb
----------------- Done invoking toplevel() on ptolemy.moml.MoMLSimpleApplication@1db302eb
reloadAllAccessors: .compositeMultiPort

===========================================================================================
----------------- testing Fri Sep 06 05:43:08 UTC 2019 /home/travis/build/icyphy/ptII/ptolemy/actor/lib/test/auto/expressionCastInference.xml
----------------- Instantiating /home/travis/build/icyphy/ptII/ptolemy/actor/lib/test/auto/expressionCastInference.xml
8 ms. Memory: 433152K Free: 362463K (84%)
----------------- Invoking toplevel() on ptolemy.moml.MoMLSimpleApplication@3555994f
----------------- Done invoking toplevel() on ptolemy.moml.MoMLSimpleApplication@3555994f
reloadAllAccessors: .expressionCastInference

===========================================================================================
----------------- testing Fri Sep 06 05:43:08 UTC 2019 /home/travis/build/icyphy/ptII/ptolemy/actor/lib/test/auto/expressionCastInference2.xml
----------------- Instantiating /home/travis/build/icyphy/ptII/ptolemy/actor/lib/test/auto/expressionCastInference2.xml
3 ms. Memory: 433152K Free: 357853K (83%)
----------------- Invoking toplevel() on ptolemy.moml.MoMLSimpleApplication@67fe8a6e
----------------- Done invoking toplevel() on ptolemy.moml.MoMLSimpleApplication@67fe8a6e
reloadAllAccessors: .expressionCastInference2

===========================================================================================
----------------- testing Fri Sep 06 05:43:08 UTC 2019 /home/travis/build/icyphy/ptII/ptolemy/actor/lib/test/auto/expressionInference.xml
----------------- Instantiating /home/travis/build/icyphy/ptII/ptolemy/actor/lib/test/auto/expressionInference.xml
1 ms. Memory: 433152K Free: 353247K (82%)
----------------- Invoking toplevel() on ptolemy.moml.MoMLSimpleApplication@64de0bb4
----------------- Done invoking toplevel() on ptolemy.moml.MoMLSimpleApplication@64de0bb4
reloadAllAccessors: .expressionInference

===========================================================================================
----------------- testing Fri Sep 06 05:43:08 UTC 2019 /home/travis/build/icyphy/ptII/ptolemy/actor/lib/test/auto/expression_bug.xml
----------------- Instantiating /home/travis/build/icyphy/ptII/ptolemy/actor/lib/test/auto/expression_bug.xml
2 ms. Memory: 433152K Free: 349151K (81%)
----------------- Invoking toplevel() on ptolemy.moml.MoMLSimpleApplication@6168438b
----------------- Done invoking toplevel() on ptolemy.moml.MoMLSimpleApplication@6168438b
reloadAllAccessors: .expression_bug

===========================================================================================
----------------- testing Fri Sep 06 05:43:08 UTC 2019 /home/travis/build/icyphy/ptII/ptolemy/actor/lib/test/auto/factorial.xml
----------------- Instantiating /home/travis/build/icyphy/ptII/ptolemy/actor/lib/test/auto/factorial.xml
60 ms. Memory: 433152K Free: 340959K (79%)
----------------- Invoking toplevel() on ptolemy.moml.MoMLSimpleApplication@64c1762a
----------------- Done invoking toplevel() on ptolemy.moml.MoMLSimpleApplication@64c1762a
reloadAllAccessors: .factorial

===========================================================================================
----------------- testing Fri Sep 06 05:43:08 UTC 2019 /home/travis/build/icyphy/ptII/ptolemy/actor/lib/test/auto/filterTest1.xml
----------------- Instantiating /home/travis/build/icyphy/ptII/ptolemy/actor/lib/test/auto/filterTest1.xml
3 ms. Memory: 433152K Free: 334815K (77%)
----------------- Invoking toplevel() on ptolemy.moml.MoMLSimpleApplication@5b29f5b1
----------------- Done invoking toplevel() on ptolemy.moml.MoMLSimpleApplication@5b29f5b1
reloadAllAccessors: .filterTest1

===========================================================================================
----------------- testing Fri Sep 06 05:43:08 UTC 2019 /home/travis/build/icyphy/ptII/ptolemy/actor/lib/test/auto/funcApplyInConst.xml
----------------- Instantiating /home/travis/build/icyphy/ptII/ptolemy/actor/lib/test/auto/funcApplyInConst.xml
5 ms. Memory: 433152K Free: 331229K (76%)
----------------- Invoking toplevel() on ptolemy.moml.MoMLSimpleApplication@35699b10
----------------- Done invoking toplevel() on ptolemy.moml.MoMLSimpleApplication@35699b10
reloadAllAccessors: .funcApplyInConst

===========================================================================================
----------------- testing Fri Sep 06 05:43:08 UTC 2019 /home/travis/build/icyphy/ptII/ptolemy/actor/lib/test/auto/funcApplyInExpr.xml
----------------- Instantiating /home/travis/build/icyphy/ptII/ptolemy/actor/lib/test/auto/funcApplyInExpr.xml
1 ms. Memory: 433152K Free: 327647K (76%)
----------------- Invoking toplevel() on ptolemy.moml.MoMLSimpleApplication@60ce2344
----------------- Done invoking toplevel() on ptolemy.moml.MoMLSimpleApplication@60ce2344
reloadAllAccessors: .funcApplyInExpr

===========================================================================================
----------------- testing Fri Sep 06 05:43:08 UTC 2019 /home/travis/build/icyphy/ptII/ptolemy/actor/lib/test/auto/function.xml
----------------- Instantiating /home/travis/build/icyphy/ptII/ptolemy/actor/lib/test/auto/function.xml
3 ms. Memory: 433152K Free: 323037K (75%)
----------------- Invoking toplevel() on ptolemy.moml.MoMLSimpleApplication@f86ab70
----------------- Done invoking toplevel() on ptolemy.moml.MoMLSimpleApplication@f86ab70
reloadAllAccessors: .function

===========================================================================================
----------------- testing Fri Sep 06 05:43:08 UTC 2019 /home/travis/build/icyphy/ptII/ptolemy/actor/lib/test/auto/function2.xml
----------------- Instantiating /home/travis/build/icyphy/ptII/ptolemy/actor/lib/test/auto/function2.xml
2 ms. Memory: 433152K Free: 317917K (73%)
----------------- Invoking toplevel() on ptolemy.moml.MoMLSimpleApplication@688f158d
----------------- Done invoking toplevel() on ptolemy.moml.MoMLSimpleApplication@688f158d
reloadAllAccessors: .function2

===========================================================================================
----------------- testing Fri Sep 06 05:43:08 UTC 2019 /home/travis/build/icyphy/ptII/ptolemy/actor/lib/test/auto/function3.xml
----------------- Instantiating /home/travis/build/icyphy/ptII/ptolemy/actor/lib/test/auto/function3.xml
2 ms. Memory: 433152K Free: 314335K (73%)
----------------- Invoking toplevel() on ptolemy.moml.MoMLSimpleApplication@116f61ac
----------------- Done invoking toplevel() on ptolemy.moml.MoMLSimpleApplication@116f61ac
reloadAllAccessors: .function3

===========================================================================================
----------------- testing Fri Sep 06 05:43:08 UTC 2019 /home/travis/build/icyphy/ptII/ptolemy/actor/lib/test/auto/functionClosureTest1.xml
----------------- Instantiating /home/travis/build/icyphy/ptII/ptolemy/actor/lib/test/auto/functionClosureTest1.xml
2 ms. Memory: 433152K Free: 308695K (71%)
----------------- Invoking toplevel() on ptolemy.moml.MoMLSimpleApplication@464c245d
----------------- Done invoking toplevel() on ptolemy.moml.MoMLSimpleApplication@464c245d
reloadAllAccessors: .functionClosureTest1

===========================================================================================
----------------- testing Fri Sep 06 05:43:08 UTC 2019 /home/travis/build/icyphy/ptII/ptolemy/actor/lib/test/auto/functionClosureTest2.xml
----------------- Instantiating /home/travis/build/icyphy/ptII/ptolemy/actor/lib/test/auto/functionClosureTest2.xml
2 ms. Memory: 433152K Free: 304605K (70%)
----------------- Invoking toplevel() on ptolemy.moml.MoMLSimpleApplication@77c64584
----------------- Done invoking toplevel() on ptolemy.moml.MoMLSimpleApplication@77c64584
reloadAllAccessors: .functionClosureTest2

===========================================================================================
----------------- testing Fri Sep 06 05:43:08 UTC 2019 /home/travis/build/icyphy/ptII/ptolemy/actor/lib/test/auto/functionClosureTest3.xml
----------------- Instantiating /home/travis/build/icyphy/ptII/ptolemy/actor/lib/test/auto/functionClosureTest3.xml
3 ms. Memory: 433152K Free: 299485K (69%)
----------------- Invoking toplevel() on ptolemy.moml.MoMLSimpleApplication@1f215a42
----------------- Done invoking toplevel() on ptolemy.moml.MoMLSimpleApplication@1f215a42
reloadAllAccessors: .functionClosureTest3

===========================================================================================
----------------- testing Fri Sep 06 05:43:08 UTC 2019 /home/travis/build/icyphy/ptII/ptolemy/actor/lib/test/auto/functionClosureTest4.xml
----------------- Instantiating /home/travis/build/icyphy/ptII/ptolemy/actor/lib/test/auto/functionClosureTest4.xml
5 ms. Memory: 433152K Free: 293341K (68%)
----------------- Invoking toplevel() on ptolemy.moml.MoMLSimpleApplication@1d9a7461
----------------- Done invoking toplevel() on ptolemy.moml.MoMLSimpleApplication@1d9a7461
reloadAllAccessors: .functionClosureTest4

===========================================================================================
----------------- testing Fri Sep 06 05:43:08 UTC 2019 /home/travis/build/icyphy/ptII/ptolemy/actor/lib/test/auto/functionClosureTest5.xml
----------------- Instantiating /home/travis/build/icyphy/ptII/ptolemy/actor/lib/test/auto/functionClosureTest5.xml
7 ms. Memory: 433152K Free: 287711K (66%)
----------------- Invoking toplevel() on ptolemy.moml.MoMLSimpleApplication@59f1eeeb
----------------- Done invoking toplevel() on ptolemy.moml.MoMLSimpleApplication@59f1eeeb
reloadAllAccessors: .functionClosureTest5

===========================================================================================
----------------- testing Fri Sep 06 05:43:08 UTC 2019 /home/travis/build/icyphy/ptII/ptolemy/actor/lib/test/auto/functionClosureTest6.xml
----------------- Instantiating /home/travis/build/icyphy/ptII/ptolemy/actor/lib/test/auto/functionClosureTest6.xml
3 ms. Memory: 433152K Free: 283095K (65%)
----------------- Invoking toplevel() on ptolemy.moml.MoMLSimpleApplication@74cd3bec
----------------- Done invoking toplevel() on ptolemy.moml.MoMLSimpleApplication@74cd3bec
reloadAllAccessors: .functionClosureTest6

===========================================================================================
----------------- testing Fri Sep 06 05:43:08 UTC 2019 /home/travis/build/icyphy/ptII/ptolemy/actor/lib/test/auto/functionsOnArcs.xml
----------------- Instantiating /home/travis/build/icyphy/ptII/ptolemy/actor/lib/test/auto/functionsOnArcs.xml
3 ms. Memory: 433152K Free: 277981K (64%)
----------------- Invoking toplevel() on ptolemy.moml.MoMLSimpleApplication@4acfec3a
----------------- Done invoking toplevel() on ptolemy.moml.MoMLSimpleApplication@4acfec3a
reloadAllAccessors: .functionsOnArcs

===========================================================================================
----------------- testing Fri Sep 06 05:43:08 UTC 2019 /home/travis/build/icyphy/ptII/ptolemy/actor/lib/test/auto/functionsOnArcsHOF.xml
----------------- Instantiating /home/travis/build/icyphy/ptII/ptolemy/actor/lib/test/auto/functionsOnArcsHOF.xml
8 ms. Memory: 433152K Free: 271837K (63%)
----------------- Invoking toplevel() on ptolemy.moml.MoMLSimpleApplication@67584758
----------------- Done invoking toplevel() on ptolemy.moml.MoMLSimpleApplication@67584758
reloadAllAccessors: .functionsOnArcsHOF

===========================================================================================
----------------- testing Fri Sep 06 05:43:08 UTC 2019 /home/travis/build/icyphy/ptII/ptolemy/actor/lib/test/auto/logic.xml
----------------- Instantiating /home/travis/build/icyphy/ptII/ptolemy/actor/lib/test/auto/logic.xml
3 ms. Memory: 433152K Free: 264669K (61%)
----------------- Invoking toplevel() on ptolemy.moml.MoMLSimpleApplication@5b879836
----------------- Done invoking toplevel() on ptolemy.moml.MoMLSimpleApplication@5b879836
reloadAllAccessors: .logic

===========================================================================================
----------------- testing Fri Sep 06 05:43:08 UTC 2019 /home/travis/build/icyphy/ptII/ptolemy/actor/lib/test/auto/matrixType.xml
----------------- Instantiating /home/travis/build/icyphy/ptII/ptolemy/actor/lib/test/auto/matrixType.xml
2 ms. Memory: 433152K Free: 259535K (60%)
----------------- Invoking toplevel() on ptolemy.moml.MoMLSimpleApplication@e37e806
----------------- Done invoking toplevel() on ptolemy.moml.MoMLSimpleApplication@e37e806
reloadAllAccessors: .matrixType

===========================================================================================
----------------- testing Fri Sep 06 05:43:08 UTC 2019 /home/travis/build/icyphy/ptII/ptolemy/actor/lib/test/auto/matrixType10.xml
----------------- Instantiating /home/travis/build/icyphy/ptII/ptolemy/actor/lib/test/auto/matrixType10.xml
3 ms. Memory: 433152K Free: 254429K (59%)
----------------- Invoking toplevel() on ptolemy.moml.MoMLSimpleApplication@66ba4955
----------------- Done invoking toplevel() on ptolemy.moml.MoMLSimpleApplication@66ba4955
reloadAllAccessors: .matrixType10

===========================================================================================
----------------- testing Fri Sep 06 05:43:08 UTC 2019 /home/travis/build/icyphy/ptII/ptolemy/actor/lib/test/auto/matrixType11.xml
----------------- Instantiating /home/travis/build/icyphy/ptII/ptolemy/actor/lib/test/auto/matrixType11.xml
2 ms. Memory: 433152K Free: 249823K (58%)
----------------- Invoking toplevel() on ptolemy.moml.MoMLSimpleApplication@1fbbaf1e
----------------- Done invoking toplevel() on ptolemy.moml.MoMLSimpleApplication@1fbbaf1e
reloadAllAccessors: .matrixType11

===========================================================================================
----------------- testing Fri Sep 06 05:43:08 UTC 2019 /home/travis/build/icyphy/ptII/ptolemy/actor/lib/test/auto/matrixType12.xml
----------------- Instantiating /home/travis/build/icyphy/ptII/ptolemy/actor/lib/test/auto/matrixType12.xml
2 ms. Memory: 433152K Free: 245213K (57%)
----------------- Invoking toplevel() on ptolemy.moml.MoMLSimpleApplication@548d339
----------------- Done invoking toplevel() on ptolemy.moml.MoMLSimpleApplication@548d339
reloadAllAccessors: .matrixType12

===========================================================================================
----------------- testing Fri Sep 06 05:43:08 UTC 2019 /home/travis/build/icyphy/ptII/ptolemy/actor/lib/test/auto/matrixType13.xml
----------------- Instantiating /home/travis/build/icyphy/ptII/ptolemy/actor/lib/test/auto/matrixType13.xml
2 ms. Memory: 433152K Free: 240093K (55%)
----------------- Invoking toplevel() on ptolemy.moml.MoMLSimpleApplication@65281f11
----------------- Done invoking toplevel() on ptolemy.moml.MoMLSimpleApplication@65281f11
reloadAllAccessors: .matrixType13

===========================================================================================
----------------- testing Fri Sep 06 05:43:08 UTC 2019 /home/travis/build/icyphy/ptII/ptolemy/actor/lib/test/auto/matrixType14.xml
----------------- Instantiating /home/travis/build/icyphy/ptII/ptolemy/actor/lib/test/auto/matrixType14.xml
3 ms. Memory: 433152K Free: 234959K (54%)
----------------- Invoking toplevel() on ptolemy.moml.MoMLSimpleApplication@4bbbba2b
----------------- Done invoking toplevel() on ptolemy.moml.MoMLSimpleApplication@4bbbba2b
reloadAllAccessors: .matrixType14

===========================================================================================
----------------- testing Fri Sep 06 05:43:08 UTC 2019 /home/travis/build/icyphy/ptII/ptolemy/actor/lib/test/auto/matrixType2.xml
----------------- Instantiating /home/travis/build/icyphy/ptII/ptolemy/actor/lib/test/auto/matrixType2.xml
2 ms. Memory: 433152K Free: 229839K (53%)
----------------- Invoking toplevel() on ptolemy.moml.MoMLSimpleApplication@2c4fde30
----------------- Done invoking toplevel() on ptolemy.moml.MoMLSimpleApplication@2c4fde30
reloadAllAccessors: .matrixType2

===========================================================================================
----------------- testing Fri Sep 06 05:43:08 UTC 2019 /home/travis/build/icyphy/ptII/ptolemy/actor/lib/test/auto/matrixType3.xml
----------------- Instantiating /home/travis/build/icyphy/ptII/ptolemy/actor/lib/test/auto/matrixType3.xml
5 ms. Memory: 433152K Free: 224733K (52%)
----------------- Invoking toplevel() on ptolemy.moml.MoMLSimpleApplication@1ed9adba
----------------- Done invoking toplevel() on ptolemy.moml.MoMLSimpleApplication@1ed9adba
reloadAllAccessors: .matrixType3

===========================================================================================
----------------- testing Fri Sep 06 05:43:08 UTC 2019 /home/travis/build/icyphy/ptII/ptolemy/actor/lib/test/auto/matrixType4.xml
----------------- Instantiating /home/travis/build/icyphy/ptII/ptolemy/actor/lib/test/auto/matrixType4.xml
2 ms. Memory: 433152K Free: 220127K (51%)
----------------- Invoking toplevel() on ptolemy.moml.MoMLSimpleApplication@2580a1d7
----------------- Done invoking toplevel() on ptolemy.moml.MoMLSimpleApplication@2580a1d7
reloadAllAccessors: .matrixType4

===========================================================================================
----------------- testing Fri Sep 06 05:43:08 UTC 2019 /home/travis/build/icyphy/ptII/ptolemy/actor/lib/test/auto/matrixType5.xml
----------------- Instantiating /home/travis/build/icyphy/ptII/ptolemy/actor/lib/test/auto/matrixType5.xml
1 ms. Memory: 433152K Free: 215517K (50%)
----------------- Invoking toplevel() on ptolemy.moml.MoMLSimpleApplication@f346832
----------------- Done invoking toplevel() on ptolemy.moml.MoMLSimpleApplication@f346832
reloadAllAccessors: .matrixType5

===========================================================================================
----------------- testing Fri Sep 06 05:43:08 UTC 2019 /home/travis/build/icyphy/ptII/ptolemy/actor/lib/test/auto/matrixType6.xml
----------------- Instantiating /home/travis/build/icyphy/ptII/ptolemy/actor/lib/test/auto/matrixType6.xml
2 ms. Memory: 433152K Free: 210397K (49%)
----------------- Invoking toplevel() on ptolemy.moml.MoMLSimpleApplication@16a110d0
----------------- Done invoking toplevel() on ptolemy.moml.MoMLSimpleApplication@16a110d0
reloadAllAccessors: .matrixType6

===========================================================================================
----------------- testing Fri Sep 06 05:43:08 UTC 2019 /home/travis/build/icyphy/ptII/ptolemy/actor/lib/test/auto/matrixType7.xml
----------------- Instantiating /home/travis/build/icyphy/ptII/ptolemy/actor/lib/test/auto/matrixType7.xml
2 ms. Memory: 433152K Free: 205791K (48%)
----------------- Invoking toplevel() on ptolemy.moml.MoMLSimpleApplication@1e7cd4b2
----------------- Done invoking toplevel() on ptolemy.moml.MoMLSimpleApplication@1e7cd4b2
reloadAllAccessors: .matrixType7

===========================================================================================
----------------- testing Fri Sep 06 05:43:08 UTC 2019 /home/travis/build/icyphy/ptII/ptolemy/actor/lib/test/auto/matrixType8.xml
----------------- Instantiating /home/travis/build/icyphy/ptII/ptolemy/actor/lib/test/auto/matrixType8.xml
2 ms. Memory: 433152K Free: 201181K (46%)
----------------- Invoking toplevel() on ptolemy.moml.MoMLSimpleApplication@10d9dcf
----------------- Done invoking toplevel() on ptolemy.moml.MoMLSimpleApplication@10d9dcf
reloadAllAccessors: .matrixType8

===========================================================================================
----------------- testing Fri Sep 06 05:43:08 UTC 2019 /home/travis/build/icyphy/ptII/ptolemy/actor/lib/test/auto/matrixType9.xml
----------------- Instantiating /home/travis/build/icyphy/ptII/ptolemy/actor/lib/test/auto/matrixType9.xml
1 ms. Memory: 433152K Free: 196061K (45%)
----------------- Invoking toplevel() on ptolemy.moml.MoMLSimpleApplication@70f66bce
----------------- Done invoking toplevel() on ptolemy.moml.MoMLSimpleApplication@70f66bce
reloadAllAccessors: .matrixType9

===========================================================================================
----------------- testing Fri Sep 06 05:43:08 UTC 2019 /home/travis/build/icyphy/ptII/ptolemy/actor/lib/test/auto/paraFunctest.xml
----------------- Instantiating /home/travis/build/icyphy/ptII/ptolemy/actor/lib/test/auto/paraFunctest.xml
2 ms. Memory: 433152K Free: 191965K (44%)
----------------- Invoking toplevel() on ptolemy.moml.MoMLSimpleApplication@ca0a433
----------------- Done invoking toplevel() on ptolemy.moml.MoMLSimpleApplication@ca0a433
reloadAllAccessors: .paraFunctest

===========================================================================================
----------------- testing Fri Sep 06 05:43:08 UTC 2019 /home/travis/build/icyphy/ptII/ptolemy/actor/lib/test/auto/paraFunctest2.xml
----------------- Instantiating /home/travis/build/icyphy/ptII/ptolemy/actor/lib/test/auto/paraFunctest2.xml
2 ms. Memory: 433152K Free: 186845K (43%)
----------------- Invoking toplevel() on ptolemy.moml.MoMLSimpleApplication@748bbc87
----------------- Done invoking toplevel() on ptolemy.moml.MoMLSimpleApplication@748bbc87
reloadAllAccessors: .paraFunctest2

===========================================================================================
----------------- testing Fri Sep 06 05:43:08 UTC 2019 /home/travis/build/icyphy/ptII/ptolemy/actor/lib/test/auto/parameterPassing.xml
----------------- Instantiating /home/travis/build/icyphy/ptII/ptolemy/actor/lib/test/auto/parameterPassing.xml
2 ms. Memory: 433152K Free: 182749K (42%)
----------------- Invoking toplevel() on ptolemy.moml.MoMLSimpleApplication@3c6e1b3e
----------------- Done invoking toplevel() on ptolemy.moml.MoMLSimpleApplication@3c6e1b3e
reloadAllAccessors: .parameterPassing

===========================================================================================
----------------- testing Fri Sep 06 05:43:09 UTC 2019 /home/travis/build/icyphy/ptII/ptolemy/actor/lib/test/auto/record.xml
----------------- Instantiating /home/travis/build/icyphy/ptII/ptolemy/actor/lib/test/auto/record.xml
2 ms. Memory: 433152K Free: 178143K (41%)
----------------- Invoking toplevel() on ptolemy.moml.MoMLSimpleApplication@35b7360b
----------------- Done invoking toplevel() on ptolemy.moml.MoMLSimpleApplication@35b7360b
reloadAllAccessors: .record

===========================================================================================
----------------- testing Fri Sep 06 05:43:09 UTC 2019 /home/travis/build/icyphy/ptII/ptolemy/actor/lib/test/auto/sizedarray1.xml
----------------- Instantiating /home/travis/build/icyphy/ptII/ptolemy/actor/lib/test/auto/sizedarray1.xml
2 ms. Memory: 433152K Free: 172509K (40%)
----------------- Invoking toplevel() on ptolemy.moml.MoMLSimpleApplication@773501d2
----------------- Done invoking toplevel() on ptolemy.moml.MoMLSimpleApplication@773501d2
reloadAllAccessors: .sizedarray1

===========================================================================================
----------------- testing Fri Sep 06 05:43:09 UTC 2019 /home/travis/build/icyphy/ptII/ptolemy/actor/lib/test/auto/sizedarray2.xml
----------------- Instantiating /home/travis/build/icyphy/ptII/ptolemy/actor/lib/test/auto/sizedarray2.xml
3 ms. Memory: 433152K Free: 167389K (39%)
----------------- Invoking toplevel() on ptolemy.moml.MoMLSimpleApplication@12ca181b
----------------- Done invoking toplevel() on ptolemy.moml.MoMLSimpleApplication@12ca181b
reloadAllAccessors: .sizedarray2

===========================================================================================
----------------- testing Fri Sep 06 05:43:09 UTC 2019 /home/travis/build/icyphy/ptII/ptolemy/actor/lib/test/auto/twoPublishers.xml
----------------- Instantiating /home/travis/build/icyphy/ptII/ptolemy/actor/lib/test/auto/twoPublishers.xml
9 ms. Memory: 433152K Free: 156639K (36%)
----------------- Invoking toplevel() on ptolemy.moml.MoMLSimpleApplication@5561d3f3
----------------- Done invoking toplevel() on ptolemy.moml.MoMLSimpleApplication@5561d3f3
reloadAllAccessors: .twoPublishers
AutoTests.java: About to close Vertx.
AutoTests.java: Vertx closed.
]]></system-out>
  <system-err><![CDATA[java.lang.RuntimeException: Execution failed
	at ptolemy.moml.MoMLSimpleApplication$UnloadThread.run(MoMLSimpleApplication.java:402)
Caused by: java.lang.RuntimeException: StringUtilities.exit() was called. Normally, we would exit here because Manager.exitAfterWrapup() was called.  However, because the ptolemy.ptII.exitAfterWrapup property is set, we throw this exception instead.
	at ptolemy.util.StringUtilities.exit(StringUtilities.java:365)
	at ptolemy.actor.Manager.wrapup(Manager.java:1549)
	at ptolemy.actor.Manager.execute(Manager.java:407)
	at ptolemy.actor.Manager.run(Manager.java:1263)
	at ptolemy.actor.Manager$PtolemyRunThread.run(Manager.java:1933)
Warning: '.top.test' is in training mode, set the trainingMode parameter to false before checking in
Warning: '.top.test' is in training mode, set the trainingMode parameter to false before checking in
Warning: '.top.test' is in training mode, set the trainingMode parameter to false before checking in
Warning: '.BooleanSwitch_RegressionTest_WrongTrainingValues.Test' is in training mode, set the trainingMode parameter to false before checking in
Warning: '.BooleanSwitch_RegressionTest_WrongTrainingValues.Test2' is in training mode, set the trainingMode parameter to false before checking in
Warning: '.BooleanSwitch_RegressionTest_WrongTrainingValues.Test2' The test produced 0 tokens.
Warning: '.top.testExceptionHandler' is in training mode, set the trainingMode parameter to false before checking in
java.lang.RuntimeException: Execution failed
	at ptolemy.moml.MoMLSimpleApplication$UnloadThread.run(MoMLSimpleApplication.java:402)
Caused by: ptolemy.kernel.util.IllegalActionException: PublisherPorts cannot be used at the top level, use a Publisher actor instead.
  in .PublisherPortToplevelSubscriber.PublisherPort
	at ptolemy.actor.PublisherPort.preinitialize(PublisherPort.java:403)
	at ptolemy.actor.CompositeActor.preinitialize(CompositeActor.java:1769)
	at ptolemy.actor.Manager.preinitializeAndResolveTypes(Manager.java:1040)
	at ptolemy.actor.Manager.initialize(Manager.java:710)
	at ptolemy.actor.Manager.execute(Manager.java:356)
	at ptolemy.actor.Manager.run(Manager.java:1263)
	at ptolemy.actor.Manager$PtolemyRunThread.run(Manager.java:1933)
java.lang.reflect.InvocationTargetException
	at java.base/jdk.internal.reflect.NativeConstructorAccessorImpl.newInstance0(Native Method)
	at java.base/jdk.internal.reflect.NativeConstructorAccessorImpl.newInstance(NativeConstructorAccessorImpl.java:62)
	at java.base/jdk.internal.reflect.DelegatingConstructorAccessorImpl.newInstance(DelegatingConstructorAccessorImpl.java:45)
	at java.base/java.lang.reflect.Constructor.newInstance(Constructor.java:490)
	at ptolemy.util.test.junit.AutoKnownFailedTests.RunModel(AutoKnownFailedTests.java:105)
	at java.base/jdk.internal.reflect.NativeMethodAccessorImpl.invoke0(Native Method)
	at java.base/jdk.internal.reflect.NativeMethodAccessorImpl.invoke(NativeMethodAccessorImpl.java:62)
	at java.base/jdk.internal.reflect.DelegatingMethodAccessorImpl.invoke(DelegatingMethodAccessorImpl.java:43)
	at java.base/java.lang.reflect.Method.invoke(Method.java:566)
	at org.junit.runners.model.FrameworkMethod$1.runReflectiveCall(FrameworkMethod.java:44)
	at org.junit.internal.runners.model.ReflectiveCallable.run(ReflectiveCallable.java:15)
	at org.junit.runners.model.FrameworkMethod.invokeExplosively(FrameworkMethod.java:41)
	at junitparams.internal.InvokeParameterisedMethod.evaluate(InvokeParameterisedMethod.java:102)
	at org.junit.internal.runners.statements.FailOnTimeout$1.run(FailOnTimeout.java:28)
Caused by: ptolemy.kernel.util.IllegalActionException: PublisherPorts cannot be used at the top level, use a Publisher actor instead.
  in .PublisherPortToplevelSubscriber.PublisherPort
	at ptolemy.actor.PublisherPort.preinitialize(PublisherPort.java:403)
	at ptolemy.actor.CompositeActor.preinitialize(CompositeActor.java:1769)
	at ptolemy.actor.Manager.preinitializeAndResolveTypes(Manager.java:1040)
	at ptolemy.actor.Manager.initialize(Manager.java:710)
	at ptolemy.actor.Manager.execute(Manager.java:356)
	at ptolemy.actor.Manager.run(Manager.java:1263)
	at ptolemy.actor.Manager$PtolemyRunThread.run(Manager.java:1933)
java.lang.RuntimeException: Execution failed
	at ptolemy.moml.MoMLSimpleApplication$UnloadThread.run(MoMLSimpleApplication.java:402)
Caused by: ptolemy.kernel.util.IllegalActionException: SubscriberPorts cannot be used at the top level, use a Subscriber actor instead.
  in .PublisherSubscriberPortToplevel.SubscriberPort
	at ptolemy.actor.SubscriberPort.preinitialize(SubscriberPort.java:328)
	at ptolemy.actor.CompositeActor.preinitialize(CompositeActor.java:1769)
	at ptolemy.actor.Manager.preinitializeAndResolveTypes(Manager.java:1040)
	at ptolemy.actor.Manager.initialize(Manager.java:710)
	at ptolemy.actor.Manager.execute(Manager.java:356)
	at ptolemy.actor.Manager.run(Manager.java:1263)
	at ptolemy.actor.Manager$PtolemyRunThread.run(Manager.java:1933)
java.lang.reflect.InvocationTargetException
	at java.base/jdk.internal.reflect.NativeConstructorAccessorImpl.newInstance0(Native Method)
	at java.base/jdk.internal.reflect.NativeConstructorAccessorImpl.newInstance(NativeConstructorAccessorImpl.java:62)
	at java.base/jdk.internal.reflect.DelegatingConstructorAccessorImpl.newInstance(DelegatingConstructorAccessorImpl.java:45)
	at java.base/java.lang.reflect.Constructor.newInstance(Constructor.java:490)
	at ptolemy.util.test.junit.AutoKnownFailedTests.RunModel(AutoKnownFailedTests.java:105)
	at java.base/jdk.internal.reflect.NativeMethodAccessorImpl.invoke0(Native Method)
	at java.base/jdk.internal.reflect.NativeMethodAccessorImpl.invoke(NativeMethodAccessorImpl.java:62)
	at java.base/jdk.internal.reflect.DelegatingMethodAccessorImpl.invoke(DelegatingMethodAccessorImpl.java:43)
	at java.base/java.lang.reflect.Method.invoke(Method.java:566)
	at org.junit.runners.model.FrameworkMethod$1.runReflectiveCall(FrameworkMethod.java:44)
	at org.junit.internal.runners.model.ReflectiveCallable.run(ReflectiveCallable.java:15)
	at org.junit.runners.model.FrameworkMethod.invokeExplosively(FrameworkMethod.java:41)
	at junitparams.internal.InvokeParameterisedMethod.evaluate(InvokeParameterisedMethod.java:102)
	at org.junit.internal.runners.statements.FailOnTimeout$1.run(FailOnTimeout.java:28)
Caused by: ptolemy.kernel.util.IllegalActionException: SubscriberPorts cannot be used at the top level, use a Subscriber actor instead.
  in .PublisherSubscriberPortToplevel.SubscriberPort
	at ptolemy.actor.SubscriberPort.preinitialize(SubscriberPort.java:328)
	at ptolemy.actor.CompositeActor.preinitialize(CompositeActor.java:1769)
	at ptolemy.actor.Manager.preinitializeAndResolveTypes(Manager.java:1040)
	at ptolemy.actor.Manager.initialize(Manager.java:710)
	at ptolemy.actor.Manager.execute(Manager.java:356)
	at ptolemy.actor.Manager.run(Manager.java:1263)
	at ptolemy.actor.Manager$PtolemyRunThread.run(Manager.java:1933)
java.lang.RuntimeException: Execution failed
	at ptolemy.moml.MoMLSimpleApplication$UnloadThread.run(MoMLSimpleApplication.java:402)
Caused by: ptolemy.kernel.util.IllegalActionException: SubscriptionAggregatorPorts cannot be used at the top level, use a SubscriptionAggregator actor instead.
  in .PublisherSubscriptionAggregatorPort.SubscriptionAggregatorPort
	at ptolemy.actor.SubscriptionAggregatorPort.preinitialize(SubscriptionAggregatorPort.java:353)
	at ptolemy.actor.CompositeActor.preinitialize(CompositeActor.java:1769)
	at ptolemy.actor.Manager.preinitializeAndResolveTypes(Manager.java:1040)
	at ptolemy.actor.Manager.initialize(Manager.java:710)
	at ptolemy.actor.Manager.execute(Manager.java:356)
	at ptolemy.actor.Manager.run(Manager.java:1263)
	at ptolemy.actor.Manager$PtolemyRunThread.run(Manager.java:1933)
java.lang.reflect.InvocationTargetException
	at java.base/jdk.internal.reflect.NativeConstructorAccessorImpl.newInstance0(Native Method)
	at java.base/jdk.internal.reflect.NativeConstructorAccessorImpl.newInstance(NativeConstructorAccessorImpl.java:62)
	at java.base/jdk.internal.reflect.DelegatingConstructorAccessorImpl.newInstance(DelegatingConstructorAccessorImpl.java:45)
	at java.base/java.lang.reflect.Constructor.newInstance(Constructor.java:490)
	at ptolemy.util.test.junit.AutoKnownFailedTests.RunModel(AutoKnownFailedTests.java:105)
	at java.base/jdk.internal.reflect.NativeMethodAccessorImpl.invoke0(Native Method)
	at java.base/jdk.internal.reflect.NativeMethodAccessorImpl.invoke(NativeMethodAccessorImpl.java:62)
	at java.base/jdk.internal.reflect.DelegatingMethodAccessorImpl.invoke(DelegatingMethodAccessorImpl.java:43)
	at java.base/java.lang.reflect.Method.invoke(Method.java:566)
	at org.junit.runners.model.FrameworkMethod$1.runReflectiveCall(FrameworkMethod.java:44)
	at org.junit.internal.runners.model.ReflectiveCallable.run(ReflectiveCallable.java:15)
	at org.junit.runners.model.FrameworkMethod.invokeExplosively(FrameworkMethod.java:41)
	at junitparams.internal.InvokeParameterisedMethod.evaluate(InvokeParameterisedMethod.java:102)
	at org.junit.internal.runners.statements.FailOnTimeout$1.run(FailOnTimeout.java:28)
Caused by: ptolemy.kernel.util.IllegalActionException: SubscriptionAggregatorPorts cannot be used at the top level, use a SubscriptionAggregator actor instead.
  in .PublisherSubscriptionAggregatorPort.SubscriptionAggregatorPort
	at ptolemy.actor.SubscriptionAggregatorPort.preinitialize(SubscriptionAggregatorPort.java:353)
	at ptolemy.actor.CompositeActor.preinitialize(CompositeActor.java:1769)
	at ptolemy.actor.Manager.preinitializeAndResolveTypes(Manager.java:1040)
	at ptolemy.actor.Manager.initialize(Manager.java:710)
	at ptolemy.actor.Manager.execute(Manager.java:356)
	at ptolemy.actor.Manager.run(Manager.java:1263)
	at ptolemy.actor.Manager$PtolemyRunThread.run(Manager.java:1933)
java.lang.RuntimeException: Execution failed
	at ptolemy.moml.MoMLSimpleApplication$UnloadThread.run(MoMLSimpleApplication.java:402)
Caused by: ptolemy.kernel.util.IllegalActionException: TypeTest actor has no training data.
  in .sizedarray3.TypeTest
	at ptolemy.actor.lib.TypeTest.initialize(TypeTest.java:250)
	at ptolemy.actor.Director.initialize(Director.java:938)
	at ptolemy.actor.Director.initialize(Director.java:907)
	at ptolemy.actor.sched.StaticSchedulingDirector.initialize(StaticSchedulingDirector.java:159)
	at ptolemy.domains.sdf.kernel.SDFDirector.initialize(SDFDirector.java:544)
	at ptolemy.actor.CompositeActor.initialize(CompositeActor.java:935)
	at ptolemy.actor.Manager.initialize(Manager.java:724)
	at ptolemy.actor.Manager.execute(Manager.java:356)
	at ptolemy.actor.Manager.run(Manager.java:1263)
	at ptolemy.actor.Manager$PtolemyRunThread.run(Manager.java:1933)
java.lang.reflect.InvocationTargetException
	at java.base/jdk.internal.reflect.NativeConstructorAccessorImpl.newInstance0(Native Method)
	at java.base/jdk.internal.reflect.NativeConstructorAccessorImpl.newInstance(NativeConstructorAccessorImpl.java:62)
	at java.base/jdk.internal.reflect.DelegatingConstructorAccessorImpl.newInstance(DelegatingConstructorAccessorImpl.java:45)
	at java.base/java.lang.reflect.Constructor.newInstance(Constructor.java:490)
	at ptolemy.util.test.junit.AutoKnownFailedTests.RunModel(AutoKnownFailedTests.java:105)
	at java.base/jdk.internal.reflect.NativeMethodAccessorImpl.invoke0(Native Method)
	at java.base/jdk.internal.reflect.NativeMethodAccessorImpl.invoke(NativeMethodAccessorImpl.java:62)
	at java.base/jdk.internal.reflect.DelegatingMethodAccessorImpl.invoke(DelegatingMethodAccessorImpl.java:43)
	at java.base/java.lang.reflect.Method.invoke(Method.java:566)
	at org.junit.runners.model.FrameworkMethod$1.runReflectiveCall(FrameworkMethod.java:44)
	at org.junit.internal.runners.model.ReflectiveCallable.run(ReflectiveCallable.java:15)
	at org.junit.runners.model.FrameworkMethod.invokeExplosively(FrameworkMethod.java:41)
	at junitparams.internal.InvokeParameterisedMethod.evaluate(InvokeParameterisedMethod.java:102)
	at org.junit.internal.runners.statements.FailOnTimeout$1.run(FailOnTimeout.java:28)
Caused by: ptolemy.kernel.util.IllegalActionException: TypeTest actor has no training data.
  in .sizedarray3.TypeTest
	at ptolemy.actor.lib.TypeTest.initialize(TypeTest.java:250)
	at ptolemy.actor.Director.initialize(Director.java:938)
	at ptolemy.actor.Director.initialize(Director.java:907)
	at ptolemy.actor.sched.StaticSchedulingDirector.initialize(StaticSchedulingDirector.java:159)
	at ptolemy.domains.sdf.kernel.SDFDirector.initialize(SDFDirector.java:544)
	at ptolemy.actor.CompositeActor.initialize(CompositeActor.java:935)
	at ptolemy.actor.Manager.initialize(Manager.java:724)
	at ptolemy.actor.Manager.execute(Manager.java:356)
	at ptolemy.actor.Manager.run(Manager.java:1263)
	at ptolemy.actor.Manager$PtolemyRunThread.run(Manager.java:1933)
]]></system-err>
</testsuite>
